<?xml version="1.0" encoding="UTF-8"?>
<testsuite xmlns:xsi="http://www.w3.org/2001/XMLSchema-instance" xsi:noNamespaceSchemaLocation="https://maven.apache.org/surefire/maven-surefire-plugin/xsd/surefire-test-report.xsd" name="org.kitodo.mediaserver.ui.users.UserControllerTest" time="13.049" tests="7" errors="7" skipped="0" failures="0">
  <properties>
    <property name="awt.toolkit" value="sun.awt.X11.XToolkit"/>
    <property name="file.encoding.pkg" value="sun.io"/>
    <property name="java.specification.version" value="1.8"/>
    <property name="sun.cpu.isalist" value=""/>
    <property name="sun.jnu.encoding" value="UTF-8"/>
    <property name="java.class.path" value="/root/workspace/tuub/kitodo-mediaserver/385755662/kitodo-mediaserver-ui/target/test-classes:/root/workspace/tuub/kitodo-mediaserver/385755662/kitodo-mediaserver-ui/target/classes:/root/workspace/tuub/kitodo-mediaserver/385755662/kitodo-mediaserver-core/target/classes:/root/./workspace/tuub/kitodo-mediaserver/385755662/.m2/org/springframework/boot/spring-boot-starter-data-jpa/2.0.0.RELEASE/spring-boot-starter-data-jpa-2.0.0.RELEASE.jar:/root/./workspace/tuub/kitodo-mediaserver/385755662/.m2/org/springframework/boot/spring-boot-starter-aop/2.0.0.RELEASE/spring-boot-starter-aop-2.0.0.RELEASE.jar:/root/./workspace/tuub/kitodo-mediaserver/385755662/.m2/org/aspectj/aspectjweaver/1.8.13/aspectjweaver-1.8.13.jar:/root/./workspace/tuub/kitodo-mediaserver/385755662/.m2/org/springframework/boot/spring-boot-starter-jdbc/2.0.0.RELEASE/spring-boot-starter-jdbc-2.0.0.RELEASE.jar:/root/./workspace/tuub/kitodo-mediaserver/385755662/.m2/com/zaxxer/HikariCP/2.7.8/HikariCP-2.7.8.jar:/root/./workspace/tuub/kitodo-mediaserver/385755662/.m2/org/springframework/spring-jdbc/5.0.4.RELEASE/spring-jdbc-5.0.4.RELEASE.jar:/root/./workspace/tuub/kitodo-mediaserver/385755662/.m2/org/hibernate/hibernate-core/5.2.14.Final/hibernate-core-5.2.14.Final.jar:/root/./workspace/tuub/kitodo-mediaserver/385755662/.m2/org/hibernate/javax/persistence/hibernate-jpa-2.1-api/1.0.0.Final/hibernate-jpa-2.1-api-1.0.0.Final.jar:/root/./workspace/tuub/kitodo-mediaserver/385755662/.m2/org/javassist/javassist/3.22.0-GA/javassist-3.22.0-GA.jar:/root/./workspace/tuub/kitodo-mediaserver/385755662/.m2/antlr/antlr/2.7.7/antlr-2.7.7.jar:/root/./workspace/tuub/kitodo-mediaserver/385755662/.m2/org/jboss/jandex/2.0.3.Final/jandex-2.0.3.Final.jar:/root/./workspace/tuub/kitodo-mediaserver/385755662/.m2/dom4j/dom4j/1.6.1/dom4j-1.6.1.jar:/root/./workspace/tuub/kitodo-mediaserver/385755662/.m2/org/hibernate/common/hibernate-commons-annotations/5.0.1.Final/hibernate-commons-annotations-5.0.1.Final.jar:/root/./workspace/tuub/kitodo-mediaserver/385755662/.m2/javax/transaction/javax.transaction-api/1.2/javax.transaction-api-1.2.jar:/root/./workspace/tuub/kitodo-mediaserver/385755662/.m2/org/springframework/data/spring-data-jpa/2.0.5.RELEASE/spring-data-jpa-2.0.5.RELEASE.jar:/root/./workspace/tuub/kitodo-mediaserver/385755662/.m2/org/springframework/data/spring-data-commons/2.0.5.RELEASE/spring-data-commons-2.0.5.RELEASE.jar:/root/./workspace/tuub/kitodo-mediaserver/385755662/.m2/org/springframework/spring-orm/5.0.4.RELEASE/spring-orm-5.0.4.RELEASE.jar:/root/./workspace/tuub/kitodo-mediaserver/385755662/.m2/org/springframework/spring-tx/5.0.4.RELEASE/spring-tx-5.0.4.RELEASE.jar:/root/./workspace/tuub/kitodo-mediaserver/385755662/.m2/org/springframework/spring-aspects/5.0.4.RELEASE/spring-aspects-5.0.4.RELEASE.jar:/root/./workspace/tuub/kitodo-mediaserver/385755662/.m2/com/h2database/h2/1.4.196/h2-1.4.196.jar:/root/./workspace/tuub/kitodo-mediaserver/385755662/.m2/mysql/mysql-connector-java/5.1.45/mysql-connector-java-5.1.45.jar:/root/./workspace/tuub/kitodo-mediaserver/385755662/.m2/org/springframework/spring-web/5.0.4.RELEASE/spring-web-5.0.4.RELEASE.jar:/root/./workspace/tuub/kitodo-mediaserver/385755662/.m2/org/springframework/spring-beans/5.0.4.RELEASE/spring-beans-5.0.4.RELEASE.jar:/root/./workspace/tuub/kitodo-mediaserver/385755662/.m2/org/hibernate/validator/hibernate-validator/6.0.7.Final/hibernate-validator-6.0.7.Final.jar:/root/./workspace/tuub/kitodo-mediaserver/385755662/.m2/javax/validation/validation-api/2.0.1.Final/validation-api-2.0.1.Final.jar:/root/./workspace/tuub/kitodo-mediaserver/385755662/.m2/org/jboss/logging/jboss-logging/3.3.2.Final/jboss-logging-3.3.2.Final.jar:/root/./workspace/tuub/kitodo-mediaserver/385755662/.m2/com/fasterxml/classmate/1.3.4/classmate-1.3.4.jar:/root/./workspace/tuub/kitodo-mediaserver/385755662/.m2/commons-lang/commons-lang/2.6/commons-lang-2.6.jar:/root/./workspace/tuub/kitodo-mediaserver/385755662/.m2/commons-io/commons-io/2.6/commons-io-2.6.jar:/root/./workspace/tuub/kitodo-mediaserver/385755662/.m2/org/im4java/im4java/1.4.0/im4java-1.4.0.jar:/root/./workspace/tuub/kitodo-mediaserver/385755662/.m2/org/springframework/boot/spring-boot-starter-web/2.0.0.RELEASE/spring-boot-starter-web-2.0.0.RELEASE.jar:/root/./workspace/tuub/kitodo-mediaserver/385755662/.m2/org/springframework/boot/spring-boot-starter/2.0.0.RELEASE/spring-boot-starter-2.0.0.RELEASE.jar:/root/./workspace/tuub/kitodo-mediaserver/385755662/.m2/org/springframework/boot/spring-boot-starter-logging/2.0.0.RELEASE/spring-boot-starter-logging-2.0.0.RELEASE.jar:/root/./workspace/tuub/kitodo-mediaserver/385755662/.m2/ch/qos/logback/logback-classic/1.2.3/logback-classic-1.2.3.jar:/root/./workspace/tuub/kitodo-mediaserver/385755662/.m2/ch/qos/logback/logback-core/1.2.3/logback-core-1.2.3.jar:/root/./workspace/tuub/kitodo-mediaserver/385755662/.m2/org/apache/logging/log4j/log4j-to-slf4j/2.10.0/log4j-to-slf4j-2.10.0.jar:/root/./workspace/tuub/kitodo-mediaserver/385755662/.m2/org/apache/logging/log4j/log4j-api/2.10.0/log4j-api-2.10.0.jar:/root/./workspace/tuub/kitodo-mediaserver/385755662/.m2/org/slf4j/jul-to-slf4j/1.7.25/jul-to-slf4j-1.7.25.jar:/root/./workspace/tuub/kitodo-mediaserver/385755662/.m2/org/yaml/snakeyaml/1.19/snakeyaml-1.19.jar:/root/./workspace/tuub/kitodo-mediaserver/385755662/.m2/org/springframework/boot/spring-boot-starter-json/2.0.0.RELEASE/spring-boot-starter-json-2.0.0.RELEASE.jar:/root/./workspace/tuub/kitodo-mediaserver/385755662/.m2/com/fasterxml/jackson/core/jackson-databind/2.9.4/jackson-databind-2.9.4.jar:/root/./workspace/tuub/kitodo-mediaserver/385755662/.m2/com/fasterxml/jackson/core/jackson-annotations/2.9.0/jackson-annotations-2.9.0.jar:/root/./workspace/tuub/kitodo-mediaserver/385755662/.m2/com/fasterxml/jackson/core/jackson-core/2.9.4/jackson-core-2.9.4.jar:/root/./workspace/tuub/kitodo-mediaserver/385755662/.m2/com/fasterxml/jackson/datatype/jackson-datatype-jdk8/2.9.4/jackson-datatype-jdk8-2.9.4.jar:/root/./workspace/tuub/kitodo-mediaserver/385755662/.m2/com/fasterxml/jackson/datatype/jackson-datatype-jsr310/2.9.4/jackson-datatype-jsr310-2.9.4.jar:/root/./workspace/tuub/kitodo-mediaserver/385755662/.m2/com/fasterxml/jackson/module/jackson-module-parameter-names/2.9.4/jackson-module-parameter-names-2.9.4.jar:/root/./workspace/tuub/kitodo-mediaserver/385755662/.m2/org/springframework/spring-webmvc/5.0.4.RELEASE/spring-webmvc-5.0.4.RELEASE.jar:/root/./workspace/tuub/kitodo-mediaserver/385755662/.m2/org/springframework/spring-context/5.0.4.RELEASE/spring-context-5.0.4.RELEASE.jar:/root/./workspace/tuub/kitodo-mediaserver/385755662/.m2/org/springframework/spring-expression/5.0.4.RELEASE/spring-expression-5.0.4.RELEASE.jar:/root/./workspace/tuub/kitodo-mediaserver/385755662/.m2/org/springframework/boot/spring-boot-starter-tomcat/2.0.0.RELEASE/spring-boot-starter-tomcat-2.0.0.RELEASE.jar:/root/./workspace/tuub/kitodo-mediaserver/385755662/.m2/javax/annotation/javax.annotation-api/1.3.2/javax.annotation-api-1.3.2.jar:/root/./workspace/tuub/kitodo-mediaserver/385755662/.m2/org/apache/tomcat/embed/tomcat-embed-core/8.5.28/tomcat-embed-core-8.5.28.jar:/root/./workspace/tuub/kitodo-mediaserver/385755662/.m2/org/apache/tomcat/embed/tomcat-embed-el/8.5.28/tomcat-embed-el-8.5.28.jar:/root/./workspace/tuub/kitodo-mediaserver/385755662/.m2/org/apache/tomcat/embed/tomcat-embed-websocket/8.5.28/tomcat-embed-websocket-8.5.28.jar:/root/./workspace/tuub/kitodo-mediaserver/385755662/.m2/org/springframework/boot/spring-boot-starter-thymeleaf/2.0.0.RELEASE/spring-boot-starter-thymeleaf-2.0.0.RELEASE.jar:/root/./workspace/tuub/kitodo-mediaserver/385755662/.m2/org/thymeleaf/thymeleaf-spring5/3.0.9.RELEASE/thymeleaf-spring5-3.0.9.RELEASE.jar:/root/./workspace/tuub/kitodo-mediaserver/385755662/.m2/org/thymeleaf/thymeleaf/3.0.9.RELEASE/thymeleaf-3.0.9.RELEASE.jar:/root/./workspace/tuub/kitodo-mediaserver/385755662/.m2/org/attoparser/attoparser/2.0.4.RELEASE/attoparser-2.0.4.RELEASE.jar:/root/./workspace/tuub/kitodo-mediaserver/385755662/.m2/org/unbescape/unbescape/1.1.5.RELEASE/unbescape-1.1.5.RELEASE.jar:/root/./workspace/tuub/kitodo-mediaserver/385755662/.m2/org/slf4j/slf4j-api/1.7.25/slf4j-api-1.7.25.jar:/root/./workspace/tuub/kitodo-mediaserver/385755662/.m2/org/thymeleaf/extras/thymeleaf-extras-java8time/3.0.1.RELEASE/thymeleaf-extras-java8time-3.0.1.RELEASE.jar:/root/./workspace/tuub/kitodo-mediaserver/385755662/.m2/org/springframework/boot/spring-boot-starter-security/2.0.0.RELEASE/spring-boot-starter-security-2.0.0.RELEASE.jar:/root/./workspace/tuub/kitodo-mediaserver/385755662/.m2/org/springframework/spring-aop/5.0.4.RELEASE/spring-aop-5.0.4.RELEASE.jar:/root/./workspace/tuub/kitodo-mediaserver/385755662/.m2/org/springframework/security/spring-security-config/5.0.3.RELEASE/spring-security-config-5.0.3.RELEASE.jar:/root/./workspace/tuub/kitodo-mediaserver/385755662/.m2/org/springframework/security/spring-security-web/5.0.3.RELEASE/spring-security-web-5.0.3.RELEASE.jar:/root/./workspace/tuub/kitodo-mediaserver/385755662/.m2/org/springframework/boot/spring-boot-devtools/2.0.0.RELEASE/spring-boot-devtools-2.0.0.RELEASE.jar:/root/./workspace/tuub/kitodo-mediaserver/385755662/.m2/org/springframework/boot/spring-boot/2.0.0.RELEASE/spring-boot-2.0.0.RELEASE.jar:/root/./workspace/tuub/kitodo-mediaserver/385755662/.m2/org/springframework/boot/spring-boot-autoconfigure/2.0.0.RELEASE/spring-boot-autoconfigure-2.0.0.RELEASE.jar:/root/./workspace/tuub/kitodo-mediaserver/385755662/.m2/org/springframework/boot/spring-boot-starter-test/2.0.0.RELEASE/spring-boot-starter-test-2.0.0.RELEASE.jar:/root/./workspace/tuub/kitodo-mediaserver/385755662/.m2/org/springframework/boot/spring-boot-test/2.0.0.RELEASE/spring-boot-test-2.0.0.RELEASE.jar:/root/./workspace/tuub/kitodo-mediaserver/385755662/.m2/org/springframework/boot/spring-boot-test-autoconfigure/2.0.0.RELEASE/spring-boot-test-autoconfigure-2.0.0.RELEASE.jar:/root/./workspace/tuub/kitodo-mediaserver/385755662/.m2/com/jayway/jsonpath/json-path/2.4.0/json-path-2.4.0.jar:/root/./workspace/tuub/kitodo-mediaserver/385755662/.m2/net/minidev/json-smart/2.3/json-smart-2.3.jar:/root/./workspace/tuub/kitodo-mediaserver/385755662/.m2/net/minidev/accessors-smart/1.2/accessors-smart-1.2.jar:/root/./workspace/tuub/kitodo-mediaserver/385755662/.m2/org/ow2/asm/asm/5.0.4/asm-5.0.4.jar:/root/./workspace/tuub/kitodo-mediaserver/385755662/.m2/junit/junit/4.12/junit-4.12.jar:/root/./workspace/tuub/kitodo-mediaserver/385755662/.m2/org/assertj/assertj-core/3.9.1/assertj-core-3.9.1.jar:/root/./workspace/tuub/kitodo-mediaserver/385755662/.m2/org/mockito/mockito-core/2.15.0/mockito-core-2.15.0.jar:/root/./workspace/tuub/kitodo-mediaserver/385755662/.m2/net/bytebuddy/byte-buddy/1.7.10/byte-buddy-1.7.10.jar:/root/./workspace/tuub/kitodo-mediaserver/385755662/.m2/net/bytebuddy/byte-buddy-agent/1.7.10/byte-buddy-agent-1.7.10.jar:/root/./workspace/tuub/kitodo-mediaserver/385755662/.m2/org/objenesis/objenesis/2.6/objenesis-2.6.jar:/root/./workspace/tuub/kitodo-mediaserver/385755662/.m2/org/hamcrest/hamcrest-core/1.3/hamcrest-core-1.3.jar:/root/./workspace/tuub/kitodo-mediaserver/385755662/.m2/org/hamcrest/hamcrest-library/1.3/hamcrest-library-1.3.jar:/root/./workspace/tuub/kitodo-mediaserver/385755662/.m2/org/skyscreamer/jsonassert/1.5.0/jsonassert-1.5.0.jar:/root/./workspace/tuub/kitodo-mediaserver/385755662/.m2/com/vaadin/external/google/android-json/0.0.20131108.vaadin1/android-json-0.0.20131108.vaadin1.jar:/root/./workspace/tuub/kitodo-mediaserver/385755662/.m2/org/springframework/spring-core/5.0.4.RELEASE/spring-core-5.0.4.RELEASE.jar:/root/./workspace/tuub/kitodo-mediaserver/385755662/.m2/org/springframework/spring-jcl/5.0.4.RELEASE/spring-jcl-5.0.4.RELEASE.jar:/root/./workspace/tuub/kitodo-mediaserver/385755662/.m2/org/springframework/spring-test/5.0.4.RELEASE/spring-test-5.0.4.RELEASE.jar:/root/./workspace/tuub/kitodo-mediaserver/385755662/.m2/org/xmlunit/xmlunit-core/2.5.1/xmlunit-core-2.5.1.jar:/root/./workspace/tuub/kitodo-mediaserver/385755662/.m2/org/springframework/security/spring-security-test/5.0.3.RELEASE/spring-security-test-5.0.3.RELEASE.jar:/root/./workspace/tuub/kitodo-mediaserver/385755662/.m2/org/springframework/security/spring-security-core/5.0.3.RELEASE/spring-security-core-5.0.3.RELEASE.jar:"/>
    <property name="java.vm.vendor" value="Oracle Corporation"/>
    <property name="skip.bower" value="true"/>
    <property name="sun.arch.data.model" value="64"/>
    <property name="java.vendor.url" value="http://java.oracle.com/"/>
    <property name="user.timezone" value=""/>
    <property name="java.vm.specification.version" value="1.8"/>
    <property name="os.name" value="Linux"/>
    <property name="rat.skip" value="true"/>
    <property name="gpg.skip" value="true"/>
    <property name="sun.java.launcher" value="SUN_STANDARD"/>
    <property name="sun.boot.library.path" value="/usr/lib/jvm/java-8-openjdk-amd64/jre/lib/amd64"/>
    <property name="skip.gulp" value="true"/>
    <property name="sun.java.command" value="/root/workspace/tuub/kitodo-mediaserver/385755662/kitodo-mediaserver-ui/target/surefire/surefirebooter6753743807671181596.jar /root/workspace/tuub/kitodo-mediaserver/385755662/kitodo-mediaserver-ui/target/surefire 2018-05-30T17-46-30_515-jvmRun1 surefire6157642441405159738tmp surefire_21774109647210273167tmp"/>
    <property name="dependency-check.skip" value="true"/>
    <property name="surefire.test.class.path" value="/root/workspace/tuub/kitodo-mediaserver/385755662/kitodo-mediaserver-ui/target/test-classes:/root/workspace/tuub/kitodo-mediaserver/385755662/kitodo-mediaserver-ui/target/classes:/root/workspace/tuub/kitodo-mediaserver/385755662/kitodo-mediaserver-core/target/classes:/root/./workspace/tuub/kitodo-mediaserver/385755662/.m2/org/springframework/boot/spring-boot-starter-data-jpa/2.0.0.RELEASE/spring-boot-starter-data-jpa-2.0.0.RELEASE.jar:/root/./workspace/tuub/kitodo-mediaserver/385755662/.m2/org/springframework/boot/spring-boot-starter-aop/2.0.0.RELEASE/spring-boot-starter-aop-2.0.0.RELEASE.jar:/root/./workspace/tuub/kitodo-mediaserver/385755662/.m2/org/aspectj/aspectjweaver/1.8.13/aspectjweaver-1.8.13.jar:/root/./workspace/tuub/kitodo-mediaserver/385755662/.m2/org/springframework/boot/spring-boot-starter-jdbc/2.0.0.RELEASE/spring-boot-starter-jdbc-2.0.0.RELEASE.jar:/root/./workspace/tuub/kitodo-mediaserver/385755662/.m2/com/zaxxer/HikariCP/2.7.8/HikariCP-2.7.8.jar:/root/./workspace/tuub/kitodo-mediaserver/385755662/.m2/org/springframework/spring-jdbc/5.0.4.RELEASE/spring-jdbc-5.0.4.RELEASE.jar:/root/./workspace/tuub/kitodo-mediaserver/385755662/.m2/org/hibernate/hibernate-core/5.2.14.Final/hibernate-core-5.2.14.Final.jar:/root/./workspace/tuub/kitodo-mediaserver/385755662/.m2/org/hibernate/javax/persistence/hibernate-jpa-2.1-api/1.0.0.Final/hibernate-jpa-2.1-api-1.0.0.Final.jar:/root/./workspace/tuub/kitodo-mediaserver/385755662/.m2/org/javassist/javassist/3.22.0-GA/javassist-3.22.0-GA.jar:/root/./workspace/tuub/kitodo-mediaserver/385755662/.m2/antlr/antlr/2.7.7/antlr-2.7.7.jar:/root/./workspace/tuub/kitodo-mediaserver/385755662/.m2/org/jboss/jandex/2.0.3.Final/jandex-2.0.3.Final.jar:/root/./workspace/tuub/kitodo-mediaserver/385755662/.m2/dom4j/dom4j/1.6.1/dom4j-1.6.1.jar:/root/./workspace/tuub/kitodo-mediaserver/385755662/.m2/org/hibernate/common/hibernate-commons-annotations/5.0.1.Final/hibernate-commons-annotations-5.0.1.Final.jar:/root/./workspace/tuub/kitodo-mediaserver/385755662/.m2/javax/transaction/javax.transaction-api/1.2/javax.transaction-api-1.2.jar:/root/./workspace/tuub/kitodo-mediaserver/385755662/.m2/org/springframework/data/spring-data-jpa/2.0.5.RELEASE/spring-data-jpa-2.0.5.RELEASE.jar:/root/./workspace/tuub/kitodo-mediaserver/385755662/.m2/org/springframework/data/spring-data-commons/2.0.5.RELEASE/spring-data-commons-2.0.5.RELEASE.jar:/root/./workspace/tuub/kitodo-mediaserver/385755662/.m2/org/springframework/spring-orm/5.0.4.RELEASE/spring-orm-5.0.4.RELEASE.jar:/root/./workspace/tuub/kitodo-mediaserver/385755662/.m2/org/springframework/spring-tx/5.0.4.RELEASE/spring-tx-5.0.4.RELEASE.jar:/root/./workspace/tuub/kitodo-mediaserver/385755662/.m2/org/springframework/spring-aspects/5.0.4.RELEASE/spring-aspects-5.0.4.RELEASE.jar:/root/./workspace/tuub/kitodo-mediaserver/385755662/.m2/com/h2database/h2/1.4.196/h2-1.4.196.jar:/root/./workspace/tuub/kitodo-mediaserver/385755662/.m2/mysql/mysql-connector-java/5.1.45/mysql-connector-java-5.1.45.jar:/root/./workspace/tuub/kitodo-mediaserver/385755662/.m2/org/springframework/spring-web/5.0.4.RELEASE/spring-web-5.0.4.RELEASE.jar:/root/./workspace/tuub/kitodo-mediaserver/385755662/.m2/org/springframework/spring-beans/5.0.4.RELEASE/spring-beans-5.0.4.RELEASE.jar:/root/./workspace/tuub/kitodo-mediaserver/385755662/.m2/org/hibernate/validator/hibernate-validator/6.0.7.Final/hibernate-validator-6.0.7.Final.jar:/root/./workspace/tuub/kitodo-mediaserver/385755662/.m2/javax/validation/validation-api/2.0.1.Final/validation-api-2.0.1.Final.jar:/root/./workspace/tuub/kitodo-mediaserver/385755662/.m2/org/jboss/logging/jboss-logging/3.3.2.Final/jboss-logging-3.3.2.Final.jar:/root/./workspace/tuub/kitodo-mediaserver/385755662/.m2/com/fasterxml/classmate/1.3.4/classmate-1.3.4.jar:/root/./workspace/tuub/kitodo-mediaserver/385755662/.m2/commons-lang/commons-lang/2.6/commons-lang-2.6.jar:/root/./workspace/tuub/kitodo-mediaserver/385755662/.m2/commons-io/commons-io/2.6/commons-io-2.6.jar:/root/./workspace/tuub/kitodo-mediaserver/385755662/.m2/org/im4java/im4java/1.4.0/im4java-1.4.0.jar:/root/./workspace/tuub/kitodo-mediaserver/385755662/.m2/org/springframework/boot/spring-boot-starter-web/2.0.0.RELEASE/spring-boot-starter-web-2.0.0.RELEASE.jar:/root/./workspace/tuub/kitodo-mediaserver/385755662/.m2/org/springframework/boot/spring-boot-starter/2.0.0.RELEASE/spring-boot-starter-2.0.0.RELEASE.jar:/root/./workspace/tuub/kitodo-mediaserver/385755662/.m2/org/springframework/boot/spring-boot-starter-logging/2.0.0.RELEASE/spring-boot-starter-logging-2.0.0.RELEASE.jar:/root/./workspace/tuub/kitodo-mediaserver/385755662/.m2/ch/qos/logback/logback-classic/1.2.3/logback-classic-1.2.3.jar:/root/./workspace/tuub/kitodo-mediaserver/385755662/.m2/ch/qos/logback/logback-core/1.2.3/logback-core-1.2.3.jar:/root/./workspace/tuub/kitodo-mediaserver/385755662/.m2/org/apache/logging/log4j/log4j-to-slf4j/2.10.0/log4j-to-slf4j-2.10.0.jar:/root/./workspace/tuub/kitodo-mediaserver/385755662/.m2/org/apache/logging/log4j/log4j-api/2.10.0/log4j-api-2.10.0.jar:/root/./workspace/tuub/kitodo-mediaserver/385755662/.m2/org/slf4j/jul-to-slf4j/1.7.25/jul-to-slf4j-1.7.25.jar:/root/./workspace/tuub/kitodo-mediaserver/385755662/.m2/org/yaml/snakeyaml/1.19/snakeyaml-1.19.jar:/root/./workspace/tuub/kitodo-mediaserver/385755662/.m2/org/springframework/boot/spring-boot-starter-json/2.0.0.RELEASE/spring-boot-starter-json-2.0.0.RELEASE.jar:/root/./workspace/tuub/kitodo-mediaserver/385755662/.m2/com/fasterxml/jackson/core/jackson-databind/2.9.4/jackson-databind-2.9.4.jar:/root/./workspace/tuub/kitodo-mediaserver/385755662/.m2/com/fasterxml/jackson/core/jackson-annotations/2.9.0/jackson-annotations-2.9.0.jar:/root/./workspace/tuub/kitodo-mediaserver/385755662/.m2/com/fasterxml/jackson/core/jackson-core/2.9.4/jackson-core-2.9.4.jar:/root/./workspace/tuub/kitodo-mediaserver/385755662/.m2/com/fasterxml/jackson/datatype/jackson-datatype-jdk8/2.9.4/jackson-datatype-jdk8-2.9.4.jar:/root/./workspace/tuub/kitodo-mediaserver/385755662/.m2/com/fasterxml/jackson/datatype/jackson-datatype-jsr310/2.9.4/jackson-datatype-jsr310-2.9.4.jar:/root/./workspace/tuub/kitodo-mediaserver/385755662/.m2/com/fasterxml/jackson/module/jackson-module-parameter-names/2.9.4/jackson-module-parameter-names-2.9.4.jar:/root/./workspace/tuub/kitodo-mediaserver/385755662/.m2/org/springframework/spring-webmvc/5.0.4.RELEASE/spring-webmvc-5.0.4.RELEASE.jar:/root/./workspace/tuub/kitodo-mediaserver/385755662/.m2/org/springframework/spring-context/5.0.4.RELEASE/spring-context-5.0.4.RELEASE.jar:/root/./workspace/tuub/kitodo-mediaserver/385755662/.m2/org/springframework/spring-expression/5.0.4.RELEASE/spring-expression-5.0.4.RELEASE.jar:/root/./workspace/tuub/kitodo-mediaserver/385755662/.m2/org/springframework/boot/spring-boot-starter-tomcat/2.0.0.RELEASE/spring-boot-starter-tomcat-2.0.0.RELEASE.jar:/root/./workspace/tuub/kitodo-mediaserver/385755662/.m2/javax/annotation/javax.annotation-api/1.3.2/javax.annotation-api-1.3.2.jar:/root/./workspace/tuub/kitodo-mediaserver/385755662/.m2/org/apache/tomcat/embed/tomcat-embed-core/8.5.28/tomcat-embed-core-8.5.28.jar:/root/./workspace/tuub/kitodo-mediaserver/385755662/.m2/org/apache/tomcat/embed/tomcat-embed-el/8.5.28/tomcat-embed-el-8.5.28.jar:/root/./workspace/tuub/kitodo-mediaserver/385755662/.m2/org/apache/tomcat/embed/tomcat-embed-websocket/8.5.28/tomcat-embed-websocket-8.5.28.jar:/root/./workspace/tuub/kitodo-mediaserver/385755662/.m2/org/springframework/boot/spring-boot-starter-thymeleaf/2.0.0.RELEASE/spring-boot-starter-thymeleaf-2.0.0.RELEASE.jar:/root/./workspace/tuub/kitodo-mediaserver/385755662/.m2/org/thymeleaf/thymeleaf-spring5/3.0.9.RELEASE/thymeleaf-spring5-3.0.9.RELEASE.jar:/root/./workspace/tuub/kitodo-mediaserver/385755662/.m2/org/thymeleaf/thymeleaf/3.0.9.RELEASE/thymeleaf-3.0.9.RELEASE.jar:/root/./workspace/tuub/kitodo-mediaserver/385755662/.m2/org/attoparser/attoparser/2.0.4.RELEASE/attoparser-2.0.4.RELEASE.jar:/root/./workspace/tuub/kitodo-mediaserver/385755662/.m2/org/unbescape/unbescape/1.1.5.RELEASE/unbescape-1.1.5.RELEASE.jar:/root/./workspace/tuub/kitodo-mediaserver/385755662/.m2/org/slf4j/slf4j-api/1.7.25/slf4j-api-1.7.25.jar:/root/./workspace/tuub/kitodo-mediaserver/385755662/.m2/org/thymeleaf/extras/thymeleaf-extras-java8time/3.0.1.RELEASE/thymeleaf-extras-java8time-3.0.1.RELEASE.jar:/root/./workspace/tuub/kitodo-mediaserver/385755662/.m2/org/springframework/boot/spring-boot-starter-security/2.0.0.RELEASE/spring-boot-starter-security-2.0.0.RELEASE.jar:/root/./workspace/tuub/kitodo-mediaserver/385755662/.m2/org/springframework/spring-aop/5.0.4.RELEASE/spring-aop-5.0.4.RELEASE.jar:/root/./workspace/tuub/kitodo-mediaserver/385755662/.m2/org/springframework/security/spring-security-config/5.0.3.RELEASE/spring-security-config-5.0.3.RELEASE.jar:/root/./workspace/tuub/kitodo-mediaserver/385755662/.m2/org/springframework/security/spring-security-web/5.0.3.RELEASE/spring-security-web-5.0.3.RELEASE.jar:/root/./workspace/tuub/kitodo-mediaserver/385755662/.m2/org/springframework/boot/spring-boot-devtools/2.0.0.RELEASE/spring-boot-devtools-2.0.0.RELEASE.jar:/root/./workspace/tuub/kitodo-mediaserver/385755662/.m2/org/springframework/boot/spring-boot/2.0.0.RELEASE/spring-boot-2.0.0.RELEASE.jar:/root/./workspace/tuub/kitodo-mediaserver/385755662/.m2/org/springframework/boot/spring-boot-autoconfigure/2.0.0.RELEASE/spring-boot-autoconfigure-2.0.0.RELEASE.jar:/root/./workspace/tuub/kitodo-mediaserver/385755662/.m2/org/springframework/boot/spring-boot-starter-test/2.0.0.RELEASE/spring-boot-starter-test-2.0.0.RELEASE.jar:/root/./workspace/tuub/kitodo-mediaserver/385755662/.m2/org/springframework/boot/spring-boot-test/2.0.0.RELEASE/spring-boot-test-2.0.0.RELEASE.jar:/root/./workspace/tuub/kitodo-mediaserver/385755662/.m2/org/springframework/boot/spring-boot-test-autoconfigure/2.0.0.RELEASE/spring-boot-test-autoconfigure-2.0.0.RELEASE.jar:/root/./workspace/tuub/kitodo-mediaserver/385755662/.m2/com/jayway/jsonpath/json-path/2.4.0/json-path-2.4.0.jar:/root/./workspace/tuub/kitodo-mediaserver/385755662/.m2/net/minidev/json-smart/2.3/json-smart-2.3.jar:/root/./workspace/tuub/kitodo-mediaserver/385755662/.m2/net/minidev/accessors-smart/1.2/accessors-smart-1.2.jar:/root/./workspace/tuub/kitodo-mediaserver/385755662/.m2/org/ow2/asm/asm/5.0.4/asm-5.0.4.jar:/root/./workspace/tuub/kitodo-mediaserver/385755662/.m2/junit/junit/4.12/junit-4.12.jar:/root/./workspace/tuub/kitodo-mediaserver/385755662/.m2/org/assertj/assertj-core/3.9.1/assertj-core-3.9.1.jar:/root/./workspace/tuub/kitodo-mediaserver/385755662/.m2/org/mockito/mockito-core/2.15.0/mockito-core-2.15.0.jar:/root/./workspace/tuub/kitodo-mediaserver/385755662/.m2/net/bytebuddy/byte-buddy/1.7.10/byte-buddy-1.7.10.jar:/root/./workspace/tuub/kitodo-mediaserver/385755662/.m2/net/bytebuddy/byte-buddy-agent/1.7.10/byte-buddy-agent-1.7.10.jar:/root/./workspace/tuub/kitodo-mediaserver/385755662/.m2/org/objenesis/objenesis/2.6/objenesis-2.6.jar:/root/./workspace/tuub/kitodo-mediaserver/385755662/.m2/org/hamcrest/hamcrest-core/1.3/hamcrest-core-1.3.jar:/root/./workspace/tuub/kitodo-mediaserver/385755662/.m2/org/hamcrest/hamcrest-library/1.3/hamcrest-library-1.3.jar:/root/./workspace/tuub/kitodo-mediaserver/385755662/.m2/org/skyscreamer/jsonassert/1.5.0/jsonassert-1.5.0.jar:/root/./workspace/tuub/kitodo-mediaserver/385755662/.m2/com/vaadin/external/google/android-json/0.0.20131108.vaadin1/android-json-0.0.20131108.vaadin1.jar:/root/./workspace/tuub/kitodo-mediaserver/385755662/.m2/org/springframework/spring-core/5.0.4.RELEASE/spring-core-5.0.4.RELEASE.jar:/root/./workspace/tuub/kitodo-mediaserver/385755662/.m2/org/springframework/spring-jcl/5.0.4.RELEASE/spring-jcl-5.0.4.RELEASE.jar:/root/./workspace/tuub/kitodo-mediaserver/385755662/.m2/org/springframework/spring-test/5.0.4.RELEASE/spring-test-5.0.4.RELEASE.jar:/root/./workspace/tuub/kitodo-mediaserver/385755662/.m2/org/xmlunit/xmlunit-core/2.5.1/xmlunit-core-2.5.1.jar:/root/./workspace/tuub/kitodo-mediaserver/385755662/.m2/org/springframework/security/spring-security-test/5.0.3.RELEASE/spring-security-test-5.0.3.RELEASE.jar:/root/./workspace/tuub/kitodo-mediaserver/385755662/.m2/org/springframework/security/spring-security-core/5.0.3.RELEASE/spring-security-core-5.0.3.RELEASE.jar:"/>
    <property name="sun.cpu.endian" value="little"/>
    <property name="user.home" value="/root"/>
    <property name="user.language" value="en"/>
    <property name="java.specification.vendor" value="Oracle Corporation"/>
    <property name="java.home" value="/usr/lib/jvm/java-8-openjdk-amd64/jre"/>
    <property name="basedir" value="/root/workspace/tuub/kitodo-mediaserver/385755662/kitodo-mediaserver-ui"/>
    <property name="file.separator" value="/"/>
    <property name="checkstyle.skip" value="true"/>
    <property name="line.separator" value="&#10;"/>
    <property name="skip.npm" value="true"/>
    <property name="java.vm.specification.vendor" value="Oracle Corporation"/>
    <property name="java.specification.name" value="Java Platform API Specification"/>
    <property name="java.awt.graphicsenv" value="sun.awt.X11GraphicsEnvironment"/>
    <property name="skipITs" value="true"/>
    <property name="surefire.real.class.path" value="/root/workspace/tuub/kitodo-mediaserver/385755662/kitodo-mediaserver-ui/target/surefire/surefirebooter6753743807671181596.jar"/>
    <property name="cobertura.skip" value="true"/>
    <property name="sun.boot.class.path" value="/usr/lib/jvm/java-8-openjdk-amd64/jre/lib/resources.jar:/usr/lib/jvm/java-8-openjdk-amd64/jre/lib/rt.jar:/usr/lib/jvm/java-8-openjdk-amd64/jre/lib/sunrsasign.jar:/usr/lib/jvm/java-8-openjdk-amd64/jre/lib/jsse.jar:/usr/lib/jvm/java-8-openjdk-amd64/jre/lib/jce.jar:/usr/lib/jvm/java-8-openjdk-amd64/jre/lib/charsets.jar:/usr/lib/jvm/java-8-openjdk-amd64/jre/lib/jfr.jar:/usr/lib/jvm/java-8-openjdk-amd64/jre/classes"/>
    <property name="sun.management.compiler" value="HotSpot 64-Bit Tiered Compilers"/>
    <property name="java.runtime.version" value="1.8.0_121-8u121-b13-1~bpo8+1-b13"/>
    <property name="user.name" value="root"/>
    <property name="findbugs.skip" value="true"/>
    <property name="path.separator" value=":"/>
    <property name="os.version" value="3.10.0-862.3.2.el7.x86_64"/>
    <property name="java.endorsed.dirs" value="/usr/lib/jvm/java-8-openjdk-amd64/jre/lib/endorsed"/>
    <property name="java.runtime.name" value="OpenJDK Runtime Environment"/>
    <property name="file.encoding" value="UTF-8"/>
    <property name="java.vm.name" value="OpenJDK 64-Bit Server VM"/>
    <property name="localRepository" value="/root/./workspace/tuub/kitodo-mediaserver/385755662/.m2"/>
    <property name="java.vendor.url.bug" value="http://bugreport.sun.com/bugreport/"/>
    <property name="java.io.tmpdir" value="/tmp"/>
    <property name="java.version" value="1.8.0_121"/>
    <property name="user.dir" value="/root/workspace/tuub/kitodo-mediaserver/385755662/kitodo-mediaserver-ui"/>
    <property name="os.arch" value="amd64"/>
    <property name="license.skip" value="true"/>
    <property name="java.vm.specification.name" value="Java Virtual Machine Specification"/>
    <property name="java.awt.printerjob" value="sun.print.PSPrinterJob"/>
    <property name="sun.os.patch.level" value="unknown"/>
    <property name="java.library.path" value="/usr/java/packages/lib/amd64:/usr/lib/x86_64-linux-gnu/jni:/lib/x86_64-linux-gnu:/usr/lib/x86_64-linux-gnu:/usr/lib/jni:/lib:/usr/lib"/>
    <property name="java.vm.info" value="mixed mode"/>
    <property name="java.vendor" value="Oracle Corporation"/>
    <property name="java.vm.version" value="25.121-b13"/>
    <property name="java.ext.dirs" value="/usr/lib/jvm/java-8-openjdk-amd64/jre/lib/ext:/usr/java/packages/lib/ext"/>
    <property name="sun.io.unicode.encoding" value="UnicodeLittle"/>
    <property name="maven.repo.local" value="/root/./workspace/tuub/kitodo-mediaserver/385755662/.m2"/>
    <property name="enforcer.skip" value="true"/>
    <property name="java.class.version" value="52.0"/>
  </properties>
  <testcase name="testEditForm" classname="org.kitodo.mediaserver.ui.users.UserControllerTest" time="0.008">
    <error message="Failed to load ApplicationContext" type="java.lang.IllegalStateException">java.lang.IllegalStateException: Failed to load ApplicationContext
Caused by: org.springframework.beans.factory.UnsatisfiedDependencyException: Error creating bean with name 'workLockAction': Unsatisfied dependency expressed through method 'setMediaServerUtils' parameter 0; nested exception is org.springframework.beans.factory.NoSuchBeanDefinitionException: No qualifying bean of type 'org.kitodo.mediaserver.core.util.MediaServerUtils' available: expected at least 1 bean which qualifies as autowire candidate. Dependency annotations: {}
Caused by: org.springframework.beans.factory.NoSuchBeanDefinitionException: No qualifying bean of type 'org.kitodo.mediaserver.core.util.MediaServerUtils' available: expected at least 1 bean which qualifies as autowire candidate. Dependency annotations: {}
</error>
    <system-out><![CDATA[17:46:48.743 [main] DEBUG org.springframework.test.context.junit4.SpringJUnit4ClassRunner - SpringJUnit4ClassRunner constructor called with [class org.kitodo.mediaserver.ui.users.UserControllerTest]
17:46:48.749 [main] DEBUG org.springframework.test.context.BootstrapUtils - Instantiating CacheAwareContextLoaderDelegate from class [org.springframework.test.context.cache.DefaultCacheAwareContextLoaderDelegate]
17:46:48.758 [main] DEBUG org.springframework.test.context.BootstrapUtils - Instantiating BootstrapContext using constructor [public org.springframework.test.context.support.DefaultBootstrapContext(java.lang.Class,org.springframework.test.context.CacheAwareContextLoaderDelegate)]
17:46:48.786 [main] DEBUG org.springframework.test.context.BootstrapUtils - Instantiating TestContextBootstrapper for test class [org.kitodo.mediaserver.ui.users.UserControllerTest] from class [org.springframework.boot.test.context.SpringBootTestContextBootstrapper]
17:46:48.812 [main] DEBUG org.springframework.test.context.support.AbstractContextLoader - Did not detect default resource location for test class [org.kitodo.mediaserver.ui.users.UserControllerTest]: class path resource [org/kitodo/mediaserver/ui/users/UserControllerTest-context.xml] does not exist
17:46:48.813 [main] DEBUG org.springframework.test.context.support.AbstractContextLoader - Did not detect default resource location for test class [org.kitodo.mediaserver.ui.users.UserControllerTest]: class path resource [org/kitodo/mediaserver/ui/users/UserControllerTestContext.groovy] does not exist
17:46:48.813 [main] INFO org.springframework.test.context.support.AbstractContextLoader - Could not detect default resource locations for test class [org.kitodo.mediaserver.ui.users.UserControllerTest]: no resource found for suffixes {-context.xml, Context.groovy}.
17:46:48.907 [main] DEBUG org.springframework.test.context.support.ActiveProfilesUtils - Could not find an 'annotation declaring class' for annotation type [org.springframework.test.context.ActiveProfiles] and class [org.kitodo.mediaserver.ui.users.UserControllerTest]
17:46:49.055 [main] DEBUG org.springframework.boot.test.context.SpringBootTestContextBootstrapper - @TestExecutionListeners is not present for class [org.kitodo.mediaserver.ui.users.UserControllerTest]: using defaults.
17:46:49.056 [main] INFO org.springframework.boot.test.context.SpringBootTestContextBootstrapper - Loaded default TestExecutionListener class names from location [META-INF/spring.factories]: [org.springframework.boot.test.mock.mockito.MockitoTestExecutionListener, org.springframework.boot.test.mock.mockito.ResetMocksTestExecutionListener, org.springframework.boot.test.autoconfigure.restdocs.RestDocsTestExecutionListener, org.springframework.boot.test.autoconfigure.web.client.MockRestServiceServerResetTestExecutionListener, org.springframework.boot.test.autoconfigure.web.servlet.MockMvcPrintOnlyOnFailureTestExecutionListener, org.springframework.boot.test.autoconfigure.web.servlet.WebDriverTestExecutionListener, org.springframework.test.context.web.ServletTestExecutionListener, org.springframework.test.context.support.DirtiesContextBeforeModesTestExecutionListener, org.springframework.test.context.support.DependencyInjectionTestExecutionListener, org.springframework.test.context.support.DirtiesContextTestExecutionListener, org.springframework.test.context.transaction.TransactionalTestExecutionListener, org.springframework.test.context.jdbc.SqlScriptsTestExecutionListener, org.springframework.security.test.context.support.WithSecurityContextTestExecutionListener, org.springframework.security.test.context.support.ReactorContextTestExecutionListener]
17:46:49.077 [main] INFO org.springframework.boot.test.context.SpringBootTestContextBootstrapper - Using TestExecutionListeners: [org.springframework.test.context.web.ServletTestExecutionListener@6b8ca3c8, org.springframework.test.context.support.DirtiesContextBeforeModesTestExecutionListener@68c72235, org.springframework.boot.test.mock.mockito.MockitoTestExecutionListener@10959ece, org.springframework.boot.test.autoconfigure.SpringBootDependencyInjectionTestExecutionListener@3a6bb9bf, org.springframework.test.context.support.DirtiesContextTestExecutionListener@34f7cfd9, org.springframework.test.context.transaction.TransactionalTestExecutionListener@65f095f8, org.springframework.test.context.jdbc.SqlScriptsTestExecutionListener@59af0466, org.springframework.security.test.context.support.WithSecurityContextTestExecutionListener@3e6ef8ad, org.springframework.security.test.context.support.ReactorContextTestExecutionListener@346d61be, org.springframework.boot.test.mock.mockito.ResetMocksTestExecutionListener@55536d9e, org.springframework.boot.test.autoconfigure.restdocs.RestDocsTestExecutionListener@747edf66, org.springframework.boot.test.autoconfigure.web.client.MockRestServiceServerResetTestExecutionListener@3d1cfad4, org.springframework.boot.test.autoconfigure.web.servlet.MockMvcPrintOnlyOnFailureTestExecutionListener@62230c58, org.springframework.boot.test.autoconfigure.web.servlet.WebDriverTestExecutionListener@2cd2a21f]
17:46:49.079 [main] DEBUG org.springframework.test.annotation.ProfileValueUtils - Retrieved @ProfileValueSourceConfiguration [null] for test class [org.kitodo.mediaserver.ui.users.UserControllerTest]
17:46:49.080 [main] DEBUG org.springframework.test.annotation.ProfileValueUtils - Retrieved ProfileValueSource type [class org.springframework.test.annotation.SystemProfileValueSource] for class [org.kitodo.mediaserver.ui.users.UserControllerTest]
17:46:49.081 [main] DEBUG org.springframework.test.annotation.ProfileValueUtils - Retrieved @ProfileValueSourceConfiguration [null] for test class [org.kitodo.mediaserver.ui.users.UserControllerTest]
17:46:49.081 [main] DEBUG org.springframework.test.annotation.ProfileValueUtils - Retrieved ProfileValueSource type [class org.springframework.test.annotation.SystemProfileValueSource] for class [org.kitodo.mediaserver.ui.users.UserControllerTest]
17:46:49.081 [main] DEBUG org.springframework.test.annotation.ProfileValueUtils - Retrieved @ProfileValueSourceConfiguration [null] for test class [org.kitodo.mediaserver.ui.users.UserControllerTest]
17:46:49.081 [main] DEBUG org.springframework.test.annotation.ProfileValueUtils - Retrieved ProfileValueSource type [class org.springframework.test.annotation.SystemProfileValueSource] for class [org.kitodo.mediaserver.ui.users.UserControllerTest]
17:46:49.085 [main] DEBUG org.springframework.test.context.support.AbstractDirtiesContextTestExecutionListener - Before test class: context [DefaultTestContext@41fecb8b testClass = UserControllerTest, testInstance = [null], testMethod = [null], testException = [null], mergedContextConfiguration = [WebMergedContextConfiguration@120f102b testClass = UserControllerTest, locations = '{}', classes = '{class org.kitodo.mediaserver.ui.config.WebMvcConfig}', contextInitializerClasses = '[]', activeProfiles = '{}', propertySourceLocations = '{}', propertySourceProperties = '{org.springframework.boot.test.context.SpringBootTestContextBootstrapper=true}', contextCustomizers = set[[ImportsContextCustomizer@625732 key = [org.springframework.boot.test.autoconfigure.web.servlet.MockMvcAutoConfiguration, org.springframework.boot.test.autoconfigure.web.servlet.MockMvcSecurityAutoConfiguration, org.springframework.boot.test.autoconfigure.web.servlet.MockMvcWebClientAutoConfiguration, org.springframework.boot.test.autoconfigure.web.servlet.MockMvcWebDriverAutoConfiguration, org.springframework.boot.autoconfigure.cache.CacheAutoConfiguration, org.springframework.boot.autoconfigure.data.jpa.JpaRepositoriesAutoConfiguration, org.springframework.boot.autoconfigure.flyway.FlywayAutoConfiguration, org.springframework.boot.autoconfigure.jdbc.DataSourceAutoConfiguration, org.springframework.boot.autoconfigure.jdbc.DataSourceTransactionManagerAutoConfiguration, org.springframework.boot.autoconfigure.jdbc.JdbcTemplateAutoConfiguration, org.springframework.boot.autoconfigure.liquibase.LiquibaseAutoConfiguration, org.springframework.boot.autoconfigure.orm.jpa.HibernateJpaAutoConfiguration, org.springframework.boot.autoconfigure.transaction.TransactionAutoConfiguration, org.springframework.boot.test.autoconfigure.jdbc.TestDatabaseAutoConfiguration, org.springframework.boot.test.autoconfigure.orm.jpa.TestEntityManagerAutoConfiguration]], org.springframework.boot.test.context.filter.ExcludeFilterContextCustomizer@7b227d8d, org.springframework.boot.test.json.DuplicateJsonObjectContextCustomizerFactory$DuplicateJsonObjectContextCustomizer@d706f19, org.springframework.boot.test.mock.mockito.MockitoContextCustomizer@0, org.springframework.boot.test.web.client.TestRestTemplateContextCustomizer@3c9d0b9d, org.springframework.boot.test.autoconfigure.OverrideAutoConfigurationContextCustomizerFactory$DisableAutoConfigurationContextCustomizer@4e91d63f, org.springframework.boot.test.autoconfigure.filter.TypeExcludeFiltersContextCustomizer@351584c0, org.springframework.boot.test.autoconfigure.properties.PropertyMappingContextCustomizer@186036e6, org.springframework.boot.test.autoconfigure.web.servlet.WebDriverContextCustomizerFactory$Customizer@5ccddd20], resourceBasePath = 'src/main/webapp', contextLoader = 'org.springframework.boot.test.context.SpringBootContextLoader', parent = [null]], attributes = map['org.springframework.test.context.web.ServletTestExecutionListener.activateListener' -> true]], class annotated with @DirtiesContext [false] with mode [null].
17:46:49.086 [main] DEBUG org.springframework.test.annotation.ProfileValueUtils - Retrieved @ProfileValueSourceConfiguration [null] for test class [org.kitodo.mediaserver.ui.users.UserControllerTest]
17:46:49.086 [main] DEBUG org.springframework.test.annotation.ProfileValueUtils - Retrieved ProfileValueSource type [class org.springframework.test.annotation.SystemProfileValueSource] for class [org.kitodo.mediaserver.ui.users.UserControllerTest]
17:46:49.111 [main] DEBUG org.springframework.core.env.StandardEnvironment - Adding PropertySource 'systemProperties' with lowest search precedence
17:46:49.111 [main] DEBUG org.springframework.core.env.StandardEnvironment - Adding PropertySource 'systemEnvironment' with lowest search precedence
17:46:49.112 [main] DEBUG org.springframework.core.env.StandardEnvironment - Initialized StandardEnvironment with PropertySources [MapPropertySource@800281454 {name='systemProperties', properties={java.runtime.name=OpenJDK Runtime Environment, sun.boot.library.path=/usr/lib/jvm/java-8-openjdk-amd64/jre/lib/amd64, java.vm.version=25.121-b13, java.vm.vendor=Oracle Corporation, java.vendor.url=http://java.oracle.com/, skip.gulp=true, path.separator=:, java.vm.name=OpenJDK 64-Bit Server VM, file.encoding.pkg=sun.io, findbugs.skip=true, sun.java.launcher=SUN_STANDARD, sun.os.patch.level=unknown, java.vm.specification.name=Java Virtual Machine Specification, user.dir=/root/workspace/tuub/kitodo-mediaserver/385755662/kitodo-mediaserver-ui, checkstyle.skip=true, java.runtime.version=1.8.0_121-8u121-b13-1~bpo8+1-b13, skip.npm=true, basedir=/root/workspace/tuub/kitodo-mediaserver/385755662/kitodo-mediaserver-ui, java.awt.graphicsenv=sun.awt.X11GraphicsEnvironment, java.endorsed.dirs=/usr/lib/jvm/java-8-openjdk-amd64/jre/lib/endorsed, os.arch=amd64, surefire.real.class.path=/root/workspace/tuub/kitodo-mediaserver/385755662/kitodo-mediaserver-ui/target/surefire/surefirebooter6753743807671181596.jar, gpg.skip=true, java.io.tmpdir=/tmp, line.separator=
, cobertura.skip=true, java.vm.specification.vendor=Oracle Corporation, os.name=Linux, sun.jnu.encoding=UTF-8, license.skip=true, java.library.path=/usr/java/packages/lib/amd64:/usr/lib/x86_64-linux-gnu/jni:/lib/x86_64-linux-gnu:/usr/lib/x86_64-linux-gnu:/usr/lib/jni:/lib:/usr/lib, surefire.test.class.path=/root/workspace/tuub/kitodo-mediaserver/385755662/kitodo-mediaserver-ui/target/test-classes:/root/workspace/tuub/kitodo-mediaserver/385755662/kitodo-mediaserver-ui/target/classes:/root/workspace/tuub/kitodo-mediaserver/385755662/kitodo-mediaserver-core/target/classes:/root/./workspace/tuub/kitodo-mediaserver/385755662/.m2/org/springframework/boot/spring-boot-starter-data-jpa/2.0.0.RELEASE/spring-boot-starter-data-jpa-2.0.0.RELEASE.jar:/root/./workspace/tuub/kitodo-mediaserver/385755662/.m2/org/springframework/boot/spring-boot-starter-aop/2.0.0.RELEASE/spring-boot-starter-aop-2.0.0.RELEASE.jar:/root/./workspace/tuub/kitodo-mediaserver/385755662/.m2/org/aspectj/aspectjweaver/1.8.13/aspectjweaver-1.8.13.jar:/root/./workspace/tuub/kitodo-mediaserver/385755662/.m2/org/springframework/boot/spring-boot-starter-jdbc/2.0.0.RELEASE/spring-boot-starter-jdbc-2.0.0.RELEASE.jar:/root/./workspace/tuub/kitodo-mediaserver/385755662/.m2/com/zaxxer/HikariCP/2.7.8/HikariCP-2.7.8.jar:/root/./workspace/tuub/kitodo-mediaserver/385755662/.m2/org/springframework/spring-jdbc/5.0.4.RELEASE/spring-jdbc-5.0.4.RELEASE.jar:/root/./workspace/tuub/kitodo-mediaserver/385755662/.m2/org/hibernate/hibernate-core/5.2.14.Final/hibernate-core-5.2.14.Final.jar:/root/./workspace/tuub/kitodo-mediaserver/385755662/.m2/org/hibernate/javax/persistence/hibernate-jpa-2.1-api/1.0.0.Final/hibernate-jpa-2.1-api-1.0.0.Final.jar:/root/./workspace/tuub/kitodo-mediaserver/385755662/.m2/org/javassist/javassist/3.22.0-GA/javassist-3.22.0-GA.jar:/root/./workspace/tuub/kitodo-mediaserver/385755662/.m2/antlr/antlr/2.7.7/antlr-2.7.7.jar:/root/./workspace/tuub/kitodo-mediaserver/385755662/.m2/org/jboss/jandex/2.0.3.Final/jandex-2.0.3.Final.jar:/root/./workspace/tuub/kitodo-mediaserver/385755662/.m2/dom4j/dom4j/1.6.1/dom4j-1.6.1.jar:/root/./workspace/tuub/kitodo-mediaserver/385755662/.m2/org/hibernate/common/hibernate-commons-annotations/5.0.1.Final/hibernate-commons-annotations-5.0.1.Final.jar:/root/./workspace/tuub/kitodo-mediaserver/385755662/.m2/javax/transaction/javax.transaction-api/1.2/javax.transaction-api-1.2.jar:/root/./workspace/tuub/kitodo-mediaserver/385755662/.m2/org/springframework/data/spring-data-jpa/2.0.5.RELEASE/spring-data-jpa-2.0.5.RELEASE.jar:/root/./workspace/tuub/kitodo-mediaserver/385755662/.m2/org/springframework/data/spring-data-commons/2.0.5.RELEASE/spring-data-commons-2.0.5.RELEASE.jar:/root/./workspace/tuub/kitodo-mediaserver/385755662/.m2/org/springframework/spring-orm/5.0.4.RELEASE/spring-orm-5.0.4.RELEASE.jar:/root/./workspace/tuub/kitodo-mediaserver/385755662/.m2/org/springframework/spring-tx/5.0.4.RELEASE/spring-tx-5.0.4.RELEASE.jar:/root/./workspace/tuub/kitodo-mediaserver/385755662/.m2/org/springframework/spring-aspects/5.0.4.RELEASE/spring-aspects-5.0.4.RELEASE.jar:/root/./workspace/tuub/kitodo-mediaserver/385755662/.m2/com/h2database/h2/1.4.196/h2-1.4.196.jar:/root/./workspace/tuub/kitodo-mediaserver/385755662/.m2/mysql/mysql-connector-java/5.1.45/mysql-connector-java-5.1.45.jar:/root/./workspace/tuub/kitodo-mediaserver/385755662/.m2/org/springframework/spring-web/5.0.4.RELEASE/spring-web-5.0.4.RELEASE.jar:/root/./workspace/tuub/kitodo-mediaserver/385755662/.m2/org/springframework/spring-beans/5.0.4.RELEASE/spring-beans-5.0.4.RELEASE.jar:/root/./workspace/tuub/kitodo-mediaserver/385755662/.m2/org/hibernate/validator/hibernate-validator/6.0.7.Final/hibernate-validator-6.0.7.Final.jar:/root/./workspace/tuub/kitodo-mediaserver/385755662/.m2/javax/validation/validation-api/2.0.1.Final/validation-api-2.0.1.Final.jar:/root/./workspace/tuub/kitodo-mediaserver/385755662/.m2/org/jboss/logging/jboss-logging/3.3.2.Final/jboss-logging-3.3.2.Final.jar:/root/./workspace/tuub/kitodo-mediaserver/385755662/.m2/com/fasterxml/classmate/1.3.4/classmate-1.3.4.jar:/root/./workspace/tuub/kitodo-mediaserver/385755662/.m2/commons-lang/commons-lang/2.6/commons-lang-2.6.jar:/root/./workspace/tuub/kitodo-mediaserver/385755662/.m2/commons-io/commons-io/2.6/commons-io-2.6.jar:/root/./workspace/tuub/kitodo-mediaserver/385755662/.m2/org/im4java/im4java/1.4.0/im4java-1.4.0.jar:/root/./workspace/tuub/kitodo-mediaserver/385755662/.m2/org/springframework/boot/spring-boot-starter-web/2.0.0.RELEASE/spring-boot-starter-web-2.0.0.RELEASE.jar:/root/./workspace/tuub/kitodo-mediaserver/385755662/.m2/org/springframework/boot/spring-boot-starter/2.0.0.RELEASE/spring-boot-starter-2.0.0.RELEASE.jar:/root/./workspace/tuub/kitodo-mediaserver/385755662/.m2/org/springframework/boot/spring-boot-starter-logging/2.0.0.RELEASE/spring-boot-starter-logging-2.0.0.RELEASE.jar:/root/./workspace/tuub/kitodo-mediaserver/385755662/.m2/ch/qos/logback/logback-classic/1.2.3/logback-classic-1.2.3.jar:/root/./workspace/tuub/kitodo-mediaserver/385755662/.m2/ch/qos/logback/logback-core/1.2.3/logback-core-1.2.3.jar:/root/./workspace/tuub/kitodo-mediaserver/385755662/.m2/org/apache/logging/log4j/log4j-to-slf4j/2.10.0/log4j-to-slf4j-2.10.0.jar:/root/./workspace/tuub/kitodo-mediaserver/385755662/.m2/org/apache/logging/log4j/log4j-api/2.10.0/log4j-api-2.10.0.jar:/root/./workspace/tuub/kitodo-mediaserver/385755662/.m2/org/slf4j/jul-to-slf4j/1.7.25/jul-to-slf4j-1.7.25.jar:/root/./workspace/tuub/kitodo-mediaserver/385755662/.m2/org/yaml/snakeyaml/1.19/snakeyaml-1.19.jar:/root/./workspace/tuub/kitodo-mediaserver/385755662/.m2/org/springframework/boot/spring-boot-starter-json/2.0.0.RELEASE/spring-boot-starter-json-2.0.0.RELEASE.jar:/root/./workspace/tuub/kitodo-mediaserver/385755662/.m2/com/fasterxml/jackson/core/jackson-databind/2.9.4/jackson-databind-2.9.4.jar:/root/./workspace/tuub/kitodo-mediaserver/385755662/.m2/com/fasterxml/jackson/core/jackson-annotations/2.9.0/jackson-annotations-2.9.0.jar:/root/./workspace/tuub/kitodo-mediaserver/385755662/.m2/com/fasterxml/jackson/core/jackson-core/2.9.4/jackson-core-2.9.4.jar:/root/./workspace/tuub/kitodo-mediaserver/385755662/.m2/com/fasterxml/jackson/datatype/jackson-datatype-jdk8/2.9.4/jackson-datatype-jdk8-2.9.4.jar:/root/./workspace/tuub/kitodo-mediaserver/385755662/.m2/com/fasterxml/jackson/datatype/jackson-datatype-jsr310/2.9.4/jackson-datatype-jsr310-2.9.4.jar:/root/./workspace/tuub/kitodo-mediaserver/385755662/.m2/com/fasterxml/jackson/module/jackson-module-parameter-names/2.9.4/jackson-module-parameter-names-2.9.4.jar:/root/./workspace/tuub/kitodo-mediaserver/385755662/.m2/org/springframework/spring-webmvc/5.0.4.RELEASE/spring-webmvc-5.0.4.RELEASE.jar:/root/./workspace/tuub/kitodo-mediaserver/385755662/.m2/org/springframework/spring-context/5.0.4.RELEASE/spring-context-5.0.4.RELEASE.jar:/root/./workspace/tuub/kitodo-mediaserver/385755662/.m2/org/springframework/spring-expression/5.0.4.RELEASE/spring-expression-5.0.4.RELEASE.jar:/root/./workspace/tuub/kitodo-mediaserver/385755662/.m2/org/springframework/boot/spring-boot-starter-tomcat/2.0.0.RELEASE/spring-boot-starter-tomcat-2.0.0.RELEASE.jar:/root/./workspace/tuub/kitodo-mediaserver/385755662/.m2/javax/annotation/javax.annotation-api/1.3.2/javax.annotation-api-1.3.2.jar:/root/./workspace/tuub/kitodo-mediaserver/385755662/.m2/org/apache/tomcat/embed/tomcat-embed-core/8.5.28/tomcat-embed-core-8.5.28.jar:/root/./workspace/tuub/kitodo-mediaserver/385755662/.m2/org/apache/tomcat/embed/tomcat-embed-el/8.5.28/tomcat-embed-el-8.5.28.jar:/root/./workspace/tuub/kitodo-mediaserver/385755662/.m2/org/apache/tomcat/embed/tomcat-embed-websocket/8.5.28/tomcat-embed-websocket-8.5.28.jar:/root/./workspace/tuub/kitodo-mediaserver/385755662/.m2/org/springframework/boot/spring-boot-starter-thymeleaf/2.0.0.RELEASE/spring-boot-starter-thymeleaf-2.0.0.RELEASE.jar:/root/./workspace/tuub/kitodo-mediaserver/385755662/.m2/org/thymeleaf/thymeleaf-spring5/3.0.9.RELEASE/thymeleaf-spring5-3.0.9.RELEASE.jar:/root/./workspace/tuub/kitodo-mediaserver/385755662/.m2/org/thymeleaf/thymeleaf/3.0.9.RELEASE/thymeleaf-3.0.9.RELEASE.jar:/root/./workspace/tuub/kitodo-mediaserver/385755662/.m2/org/attoparser/attoparser/2.0.4.RELEASE/attoparser-2.0.4.RELEASE.jar:/root/./workspace/tuub/kitodo-mediaserver/385755662/.m2/org/unbescape/unbescape/1.1.5.RELEASE/unbescape-1.1.5.RELEASE.jar:/root/./workspace/tuub/kitodo-mediaserver/385755662/.m2/org/slf4j/slf4j-api/1.7.25/slf4j-api-1.7.25.jar:/root/./workspace/tuub/kitodo-mediaserver/385755662/.m2/org/thymeleaf/extras/thymeleaf-extras-java8time/3.0.1.RELEASE/thymeleaf-extras-java8time-3.0.1.RELEASE.jar:/root/./workspace/tuub/kitodo-mediaserver/385755662/.m2/org/springframework/boot/spring-boot-starter-security/2.0.0.RELEASE/spring-boot-starter-security-2.0.0.RELEASE.jar:/root/./workspace/tuub/kitodo-mediaserver/385755662/.m2/org/springframework/spring-aop/5.0.4.RELEASE/spring-aop-5.0.4.RELEASE.jar:/root/./workspace/tuub/kitodo-mediaserver/385755662/.m2/org/springframework/security/spring-security-config/5.0.3.RELEASE/spring-security-config-5.0.3.RELEASE.jar:/root/./workspace/tuub/kitodo-mediaserver/385755662/.m2/org/springframework/security/spring-security-web/5.0.3.RELEASE/spring-security-web-5.0.3.RELEASE.jar:/root/./workspace/tuub/kitodo-mediaserver/385755662/.m2/org/springframework/boot/spring-boot-devtools/2.0.0.RELEASE/spring-boot-devtools-2.0.0.RELEASE.jar:/root/./workspace/tuub/kitodo-mediaserver/385755662/.m2/org/springframework/boot/spring-boot/2.0.0.RELEASE/spring-boot-2.0.0.RELEASE.jar:/root/./workspace/tuub/kitodo-mediaserver/385755662/.m2/org/springframework/boot/spring-boot-autoconfigure/2.0.0.RELEASE/spring-boot-autoconfigure-2.0.0.RELEASE.jar:/root/./workspace/tuub/kitodo-mediaserver/385755662/.m2/org/springframework/boot/spring-boot-starter-test/2.0.0.RELEASE/spring-boot-starter-test-2.0.0.RELEASE.jar:/root/./workspace/tuub/kitodo-mediaserver/385755662/.m2/org/springframework/boot/spring-boot-test/2.0.0.RELEASE/spring-boot-test-2.0.0.RELEASE.jar:/root/./workspace/tuub/kitodo-mediaserver/385755662/.m2/org/springframework/boot/spring-boot-test-autoconfigure/2.0.0.RELEASE/spring-boot-test-autoconfigure-2.0.0.RELEASE.jar:/root/./workspace/tuub/kitodo-mediaserver/385755662/.m2/com/jayway/jsonpath/json-path/2.4.0/json-path-2.4.0.jar:/root/./workspace/tuub/kitodo-mediaserver/385755662/.m2/net/minidev/json-smart/2.3/json-smart-2.3.jar:/root/./workspace/tuub/kitodo-mediaserver/385755662/.m2/net/minidev/accessors-smart/1.2/accessors-smart-1.2.jar:/root/./workspace/tuub/kitodo-mediaserver/385755662/.m2/org/ow2/asm/asm/5.0.4/asm-5.0.4.jar:/root/./workspace/tuub/kitodo-mediaserver/385755662/.m2/junit/junit/4.12/junit-4.12.jar:/root/./workspace/tuub/kitodo-mediaserver/385755662/.m2/org/assertj/assertj-core/3.9.1/assertj-core-3.9.1.jar:/root/./workspace/tuub/kitodo-mediaserver/385755662/.m2/org/mockito/mockito-core/2.15.0/mockito-core-2.15.0.jar:/root/./workspace/tuub/kitodo-mediaserver/385755662/.m2/net/bytebuddy/byte-buddy/1.7.10/byte-buddy-1.7.10.jar:/root/./workspace/tuub/kitodo-mediaserver/385755662/.m2/net/bytebuddy/byte-buddy-agent/1.7.10/byte-buddy-agent-1.7.10.jar:/root/./workspace/tuub/kitodo-mediaserver/385755662/.m2/org/objenesis/objenesis/2.6/objenesis-2.6.jar:/root/./workspace/tuub/kitodo-mediaserver/385755662/.m2/org/hamcrest/hamcrest-core/1.3/hamcrest-core-1.3.jar:/root/./workspace/tuub/kitodo-mediaserver/385755662/.m2/org/hamcrest/hamcrest-library/1.3/hamcrest-library-1.3.jar:/root/./workspace/tuub/kitodo-mediaserver/385755662/.m2/org/skyscreamer/jsonassert/1.5.0/jsonassert-1.5.0.jar:/root/./workspace/tuub/kitodo-mediaserver/385755662/.m2/com/vaadin/external/google/android-json/0.0.20131108.vaadin1/android-json-0.0.20131108.vaadin1.jar:/root/./workspace/tuub/kitodo-mediaserver/385755662/.m2/org/springframework/spring-core/5.0.4.RELEASE/spring-core-5.0.4.RELEASE.jar:/root/./workspace/tuub/kitodo-mediaserver/385755662/.m2/org/springframework/spring-jcl/5.0.4.RELEASE/spring-jcl-5.0.4.RELEASE.jar:/root/./workspace/tuub/kitodo-mediaserver/385755662/.m2/org/springframework/spring-test/5.0.4.RELEASE/spring-test-5.0.4.RELEASE.jar:/root/./workspace/tuub/kitodo-mediaserver/385755662/.m2/org/xmlunit/xmlunit-core/2.5.1/xmlunit-core-2.5.1.jar:/root/./workspace/tuub/kitodo-mediaserver/385755662/.m2/org/springframework/security/spring-security-test/5.0.3.RELEASE/spring-security-test-5.0.3.RELEASE.jar:/root/./workspace/tuub/kitodo-mediaserver/385755662/.m2/org/springframework/security/spring-security-core/5.0.3.RELEASE/spring-security-core-5.0.3.RELEASE.jar:, java.specification.name=Java Platform API Specification, java.class.version=52.0, skip.bower=true, sun.management.compiler=HotSpot 64-Bit Tiered Compilers, maven.repo.local=/root/./workspace/tuub/kitodo-mediaserver/385755662/.m2, os.version=3.10.0-862.3.2.el7.x86_64, user.home=/root, user.timezone=Europe/Paris, java.awt.printerjob=sun.print.PSPrinterJob, file.encoding=UTF-8, java.specification.version=1.8, java.class.path=/root/workspace/tuub/kitodo-mediaserver/385755662/kitodo-mediaserver-ui/target/test-classes:/root/workspace/tuub/kitodo-mediaserver/385755662/kitodo-mediaserver-ui/target/classes:/root/workspace/tuub/kitodo-mediaserver/385755662/kitodo-mediaserver-core/target/classes:/root/./workspace/tuub/kitodo-mediaserver/385755662/.m2/org/springframework/boot/spring-boot-starter-data-jpa/2.0.0.RELEASE/spring-boot-starter-data-jpa-2.0.0.RELEASE.jar:/root/./workspace/tuub/kitodo-mediaserver/385755662/.m2/org/springframework/boot/spring-boot-starter-aop/2.0.0.RELEASE/spring-boot-starter-aop-2.0.0.RELEASE.jar:/root/./workspace/tuub/kitodo-mediaserver/385755662/.m2/org/aspectj/aspectjweaver/1.8.13/aspectjweaver-1.8.13.jar:/root/./workspace/tuub/kitodo-mediaserver/385755662/.m2/org/springframework/boot/spring-boot-starter-jdbc/2.0.0.RELEASE/spring-boot-starter-jdbc-2.0.0.RELEASE.jar:/root/./workspace/tuub/kitodo-mediaserver/385755662/.m2/com/zaxxer/HikariCP/2.7.8/HikariCP-2.7.8.jar:/root/./workspace/tuub/kitodo-mediaserver/385755662/.m2/org/springframework/spring-jdbc/5.0.4.RELEASE/spring-jdbc-5.0.4.RELEASE.jar:/root/./workspace/tuub/kitodo-mediaserver/385755662/.m2/org/hibernate/hibernate-core/5.2.14.Final/hibernate-core-5.2.14.Final.jar:/root/./workspace/tuub/kitodo-mediaserver/385755662/.m2/org/hibernate/javax/persistence/hibernate-jpa-2.1-api/1.0.0.Final/hibernate-jpa-2.1-api-1.0.0.Final.jar:/root/./workspace/tuub/kitodo-mediaserver/385755662/.m2/org/javassist/javassist/3.22.0-GA/javassist-3.22.0-GA.jar:/root/./workspace/tuub/kitodo-mediaserver/385755662/.m2/antlr/antlr/2.7.7/antlr-2.7.7.jar:/root/./workspace/tuub/kitodo-mediaserver/385755662/.m2/org/jboss/jandex/2.0.3.Final/jandex-2.0.3.Final.jar:/root/./workspace/tuub/kitodo-mediaserver/385755662/.m2/dom4j/dom4j/1.6.1/dom4j-1.6.1.jar:/root/./workspace/tuub/kitodo-mediaserver/385755662/.m2/org/hibernate/common/hibernate-commons-annotations/5.0.1.Final/hibernate-commons-annotations-5.0.1.Final.jar:/root/./workspace/tuub/kitodo-mediaserver/385755662/.m2/javax/transaction/javax.transaction-api/1.2/javax.transaction-api-1.2.jar:/root/./workspace/tuub/kitodo-mediaserver/385755662/.m2/org/springframework/data/spring-data-jpa/2.0.5.RELEASE/spring-data-jpa-2.0.5.RELEASE.jar:/root/./workspace/tuub/kitodo-mediaserver/385755662/.m2/org/springframework/data/spring-data-commons/2.0.5.RELEASE/spring-data-commons-2.0.5.RELEASE.jar:/root/./workspace/tuub/kitodo-mediaserver/385755662/.m2/org/springframework/spring-orm/5.0.4.RELEASE/spring-orm-5.0.4.RELEASE.jar:/root/./workspace/tuub/kitodo-mediaserver/385755662/.m2/org/springframework/spring-tx/5.0.4.RELEASE/spring-tx-5.0.4.RELEASE.jar:/root/./workspace/tuub/kitodo-mediaserver/385755662/.m2/org/springframework/spring-aspects/5.0.4.RELEASE/spring-aspects-5.0.4.RELEASE.jar:/root/./workspace/tuub/kitodo-mediaserver/385755662/.m2/com/h2database/h2/1.4.196/h2-1.4.196.jar:/root/./workspace/tuub/kitodo-mediaserver/385755662/.m2/mysql/mysql-connector-java/5.1.45/mysql-connector-java-5.1.45.jar:/root/./workspace/tuub/kitodo-mediaserver/385755662/.m2/org/springframework/spring-web/5.0.4.RELEASE/spring-web-5.0.4.RELEASE.jar:/root/./workspace/tuub/kitodo-mediaserver/385755662/.m2/org/springframework/spring-beans/5.0.4.RELEASE/spring-beans-5.0.4.RELEASE.jar:/root/./workspace/tuub/kitodo-mediaserver/385755662/.m2/org/hibernate/validator/hibernate-validator/6.0.7.Final/hibernate-validator-6.0.7.Final.jar:/root/./workspace/tuub/kitodo-mediaserver/385755662/.m2/javax/validation/validation-api/2.0.1.Final/validation-api-2.0.1.Final.jar:/root/./workspace/tuub/kitodo-mediaserver/385755662/.m2/org/jboss/logging/jboss-logging/3.3.2.Final/jboss-logging-3.3.2.Final.jar:/root/./workspace/tuub/kitodo-mediaserver/385755662/.m2/com/fasterxml/classmate/1.3.4/classmate-1.3.4.jar:/root/./workspace/tuub/kitodo-mediaserver/385755662/.m2/commons-lang/commons-lang/2.6/commons-lang-2.6.jar:/root/./workspace/tuub/kitodo-mediaserver/385755662/.m2/commons-io/commons-io/2.6/commons-io-2.6.jar:/root/./workspace/tuub/kitodo-mediaserver/385755662/.m2/org/im4java/im4java/1.4.0/im4java-1.4.0.jar:/root/./workspace/tuub/kitodo-mediaserver/385755662/.m2/org/springframework/boot/spring-boot-starter-web/2.0.0.RELEASE/spring-boot-starter-web-2.0.0.RELEASE.jar:/root/./workspace/tuub/kitodo-mediaserver/385755662/.m2/org/springframework/boot/spring-boot-starter/2.0.0.RELEASE/spring-boot-starter-2.0.0.RELEASE.jar:/root/./workspace/tuub/kitodo-mediaserver/385755662/.m2/org/springframework/boot/spring-boot-starter-logging/2.0.0.RELEASE/spring-boot-starter-logging-2.0.0.RELEASE.jar:/root/./workspace/tuub/kitodo-mediaserver/385755662/.m2/ch/qos/logback/logback-classic/1.2.3/logback-classic-1.2.3.jar:/root/./workspace/tuub/kitodo-mediaserver/385755662/.m2/ch/qos/logback/logback-core/1.2.3/logback-core-1.2.3.jar:/root/./workspace/tuub/kitodo-mediaserver/385755662/.m2/org/apache/logging/log4j/log4j-to-slf4j/2.10.0/log4j-to-slf4j-2.10.0.jar:/root/./workspace/tuub/kitodo-mediaserver/385755662/.m2/org/apache/logging/log4j/log4j-api/2.10.0/log4j-api-2.10.0.jar:/root/./workspace/tuub/kitodo-mediaserver/385755662/.m2/org/slf4j/jul-to-slf4j/1.7.25/jul-to-slf4j-1.7.25.jar:/root/./workspace/tuub/kitodo-mediaserver/385755662/.m2/org/yaml/snakeyaml/1.19/snakeyaml-1.19.jar:/root/./workspace/tuub/kitodo-mediaserver/385755662/.m2/org/springframework/boot/spring-boot-starter-json/2.0.0.RELEASE/spring-boot-starter-json-2.0.0.RELEASE.jar:/root/./workspace/tuub/kitodo-mediaserver/385755662/.m2/com/fasterxml/jackson/core/jackson-databind/2.9.4/jackson-databind-2.9.4.jar:/root/./workspace/tuub/kitodo-mediaserver/385755662/.m2/com/fasterxml/jackson/core/jackson-annotations/2.9.0/jackson-annotations-2.9.0.jar:/root/./workspace/tuub/kitodo-mediaserver/385755662/.m2/com/fasterxml/jackson/core/jackson-core/2.9.4/jackson-core-2.9.4.jar:/root/./workspace/tuub/kitodo-mediaserver/385755662/.m2/com/fasterxml/jackson/datatype/jackson-datatype-jdk8/2.9.4/jackson-datatype-jdk8-2.9.4.jar:/root/./workspace/tuub/kitodo-mediaserver/385755662/.m2/com/fasterxml/jackson/datatype/jackson-datatype-jsr310/2.9.4/jackson-datatype-jsr310-2.9.4.jar:/root/./workspace/tuub/kitodo-mediaserver/385755662/.m2/com/fasterxml/jackson/module/jackson-module-parameter-names/2.9.4/jackson-module-parameter-names-2.9.4.jar:/root/./workspace/tuub/kitodo-mediaserver/385755662/.m2/org/springframework/spring-webmvc/5.0.4.RELEASE/spring-webmvc-5.0.4.RELEASE.jar:/root/./workspace/tuub/kitodo-mediaserver/385755662/.m2/org/springframework/spring-context/5.0.4.RELEASE/spring-context-5.0.4.RELEASE.jar:/root/./workspace/tuub/kitodo-mediaserver/385755662/.m2/org/springframework/spring-expression/5.0.4.RELEASE/spring-expression-5.0.4.RELEASE.jar:/root/./workspace/tuub/kitodo-mediaserver/385755662/.m2/org/springframework/boot/spring-boot-starter-tomcat/2.0.0.RELEASE/spring-boot-starter-tomcat-2.0.0.RELEASE.jar:/root/./workspace/tuub/kitodo-mediaserver/385755662/.m2/javax/annotation/javax.annotation-api/1.3.2/javax.annotation-api-1.3.2.jar:/root/./workspace/tuub/kitodo-mediaserver/385755662/.m2/org/apache/tomcat/embed/tomcat-embed-core/8.5.28/tomcat-embed-core-8.5.28.jar:/root/./workspace/tuub/kitodo-mediaserver/385755662/.m2/org/apache/tomcat/embed/tomcat-embed-el/8.5.28/tomcat-embed-el-8.5.28.jar:/root/./workspace/tuub/kitodo-mediaserver/385755662/.m2/org/apache/tomcat/embed/tomcat-embed-websocket/8.5.28/tomcat-embed-websocket-8.5.28.jar:/root/./workspace/tuub/kitodo-mediaserver/385755662/.m2/org/springframework/boot/spring-boot-starter-thymeleaf/2.0.0.RELEASE/spring-boot-starter-thymeleaf-2.0.0.RELEASE.jar:/root/./workspace/tuub/kitodo-mediaserver/385755662/.m2/org/thymeleaf/thymeleaf-spring5/3.0.9.RELEASE/thymeleaf-spring5-3.0.9.RELEASE.jar:/root/./workspace/tuub/kitodo-mediaserver/385755662/.m2/org/thymeleaf/thymeleaf/3.0.9.RELEASE/thymeleaf-3.0.9.RELEASE.jar:/root/./workspace/tuub/kitodo-mediaserver/385755662/.m2/org/attoparser/attoparser/2.0.4.RELEASE/attoparser-2.0.4.RELEASE.jar:/root/./workspace/tuub/kitodo-mediaserver/385755662/.m2/org/unbescape/unbescape/1.1.5.RELEASE/unbescape-1.1.5.RELEASE.jar:/root/./workspace/tuub/kitodo-mediaserver/385755662/.m2/org/slf4j/slf4j-api/1.7.25/slf4j-api-1.7.25.jar:/root/./workspace/tuub/kitodo-mediaserver/385755662/.m2/org/thymeleaf/extras/thymeleaf-extras-java8time/3.0.1.RELEASE/thymeleaf-extras-java8time-3.0.1.RELEASE.jar:/root/./workspace/tuub/kitodo-mediaserver/385755662/.m2/org/springframework/boot/spring-boot-starter-security/2.0.0.RELEASE/spring-boot-starter-security-2.0.0.RELEASE.jar:/root/./workspace/tuub/kitodo-mediaserver/385755662/.m2/org/springframework/spring-aop/5.0.4.RELEASE/spring-aop-5.0.4.RELEASE.jar:/root/./workspace/tuub/kitodo-mediaserver/385755662/.m2/org/springframework/security/spring-security-config/5.0.3.RELEASE/spring-security-config-5.0.3.RELEASE.jar:/root/./workspace/tuub/kitodo-mediaserver/385755662/.m2/org/springframework/security/spring-security-web/5.0.3.RELEASE/spring-security-web-5.0.3.RELEASE.jar:/root/./workspace/tuub/kitodo-mediaserver/385755662/.m2/org/springframework/boot/spring-boot-devtools/2.0.0.RELEASE/spring-boot-devtools-2.0.0.RELEASE.jar:/root/./workspace/tuub/kitodo-mediaserver/385755662/.m2/org/springframework/boot/spring-boot/2.0.0.RELEASE/spring-boot-2.0.0.RELEASE.jar:/root/./workspace/tuub/kitodo-mediaserver/385755662/.m2/org/springframework/boot/spring-boot-autoconfigure/2.0.0.RELEASE/spring-boot-autoconfigure-2.0.0.RELEASE.jar:/root/./workspace/tuub/kitodo-mediaserver/385755662/.m2/org/springframework/boot/spring-boot-starter-test/2.0.0.RELEASE/spring-boot-starter-test-2.0.0.RELEASE.jar:/root/./workspace/tuub/kitodo-mediaserver/385755662/.m2/org/springframework/boot/spring-boot-test/2.0.0.RELEASE/spring-boot-test-2.0.0.RELEASE.jar:/root/./workspace/tuub/kitodo-mediaserver/385755662/.m2/org/springframework/boot/spring-boot-test-autoconfigure/2.0.0.RELEASE/spring-boot-test-autoconfigure-2.0.0.RELEASE.jar:/root/./workspace/tuub/kitodo-mediaserver/385755662/.m2/com/jayway/jsonpath/json-path/2.4.0/json-path-2.4.0.jar:/root/./workspace/tuub/kitodo-mediaserver/385755662/.m2/net/minidev/json-smart/2.3/json-smart-2.3.jar:/root/./workspace/tuub/kitodo-mediaserver/385755662/.m2/net/minidev/accessors-smart/1.2/accessors-smart-1.2.jar:/root/./workspace/tuub/kitodo-mediaserver/385755662/.m2/org/ow2/asm/asm/5.0.4/asm-5.0.4.jar:/root/./workspace/tuub/kitodo-mediaserver/385755662/.m2/junit/junit/4.12/junit-4.12.jar:/root/./workspace/tuub/kitodo-mediaserver/385755662/.m2/org/assertj/assertj-core/3.9.1/assertj-core-3.9.1.jar:/root/./workspace/tuub/kitodo-mediaserver/385755662/.m2/org/mockito/mockito-core/2.15.0/mockito-core-2.15.0.jar:/root/./workspace/tuub/kitodo-mediaserver/385755662/.m2/net/bytebuddy/byte-buddy/1.7.10/byte-buddy-1.7.10.jar:/root/./workspace/tuub/kitodo-mediaserver/385755662/.m2/net/bytebuddy/byte-buddy-agent/1.7.10/byte-buddy-agent-1.7.10.jar:/root/./workspace/tuub/kitodo-mediaserver/385755662/.m2/org/objenesis/objenesis/2.6/objenesis-2.6.jar:/root/./workspace/tuub/kitodo-mediaserver/385755662/.m2/org/hamcrest/hamcrest-core/1.3/hamcrest-core-1.3.jar:/root/./workspace/tuub/kitodo-mediaserver/385755662/.m2/org/hamcrest/hamcrest-library/1.3/hamcrest-library-1.3.jar:/root/./workspace/tuub/kitodo-mediaserver/385755662/.m2/org/skyscreamer/jsonassert/1.5.0/jsonassert-1.5.0.jar:/root/./workspace/tuub/kitodo-mediaserver/385755662/.m2/com/vaadin/external/google/android-json/0.0.20131108.vaadin1/android-json-0.0.20131108.vaadin1.jar:/root/./workspace/tuub/kitodo-mediaserver/385755662/.m2/org/springframework/spring-core/5.0.4.RELEASE/spring-core-5.0.4.RELEASE.jar:/root/./workspace/tuub/kitodo-mediaserver/385755662/.m2/org/springframework/spring-jcl/5.0.4.RELEASE/spring-jcl-5.0.4.RELEASE.jar:/root/./workspace/tuub/kitodo-mediaserver/385755662/.m2/org/springframework/spring-test/5.0.4.RELEASE/spring-test-5.0.4.RELEASE.jar:/root/./workspace/tuub/kitodo-mediaserver/385755662/.m2/org/xmlunit/xmlunit-core/2.5.1/xmlunit-core-2.5.1.jar:/root/./workspace/tuub/kitodo-mediaserver/385755662/.m2/org/springframework/security/spring-security-test/5.0.3.RELEASE/spring-security-test-5.0.3.RELEASE.jar:/root/./workspace/tuub/kitodo-mediaserver/385755662/.m2/org/springframework/security/spring-security-core/5.0.3.RELEASE/spring-security-core-5.0.3.RELEASE.jar:, user.name=root, skipITs=true, java.vm.specification.version=1.8, sun.java.command=/root/workspace/tuub/kitodo-mediaserver/385755662/kitodo-mediaserver-ui/target/surefire/surefirebooter6753743807671181596.jar /root/workspace/tuub/kitodo-mediaserver/385755662/kitodo-mediaserver-ui/target/surefire 2018-05-30T17-46-30_515-jvmRun1 surefire6157642441405159738tmp surefire_21774109647210273167tmp, java.home=/usr/lib/jvm/java-8-openjdk-amd64/jre, sun.arch.data.model=64, user.language=en, java.specification.vendor=Oracle Corporation, dependency-check.skip=true, awt.toolkit=sun.awt.X11.XToolkit, java.vm.info=mixed mode, java.version=1.8.0_121, java.ext.dirs=/usr/lib/jvm/java-8-openjdk-amd64/jre/lib/ext:/usr/java/packages/lib/ext, sun.boot.class.path=/usr/lib/jvm/java-8-openjdk-amd64/jre/lib/resources.jar:/usr/lib/jvm/java-8-openjdk-amd64/jre/lib/rt.jar:/usr/lib/jvm/java-8-openjdk-amd64/jre/lib/sunrsasign.jar:/usr/lib/jvm/java-8-openjdk-amd64/jre/lib/jsse.jar:/usr/lib/jvm/java-8-openjdk-amd64/jre/lib/jce.jar:/usr/lib/jvm/java-8-openjdk-amd64/jre/lib/charsets.jar:/usr/lib/jvm/java-8-openjdk-amd64/jre/lib/jfr.jar:/usr/lib/jvm/java-8-openjdk-amd64/jre/classes, rat.skip=true, enforcer.skip=true, java.vendor=Oracle Corporation, localRepository=/root/./workspace/tuub/kitodo-mediaserver/385755662/.m2, file.separator=/, java.vendor.url.bug=http://bugreport.sun.com/bugreport/, sun.io.unicode.encoding=UnicodeLittle, sun.cpu.endian=little, sun.cpu.isalist=}}, SystemEnvironmentPropertySource@379478400 {name='systemEnvironment', properties={PATH=/usr/local/sbin:/usr/local/bin:/usr/sbin:/usr/bin:/sbin:/bin, JAVA_HOME=/usr/lib/jvm/java-8-openjdk-amd64, NOTIFY_TO=, CA_CERTIFICATES_JAVA_VERSION=20161107~bpo8+1, MONGODB_HOST=, BUILD_ID=, LANG=C.UTF-8, MAVEN_HOME=/usr/share/maven, SMTP_SERVER=, MONGODB_NAME=, REPAIR_MODE=repair, PWD=/root/workspace/tuub/kitodo-mediaserver/385755662/kitodo-mediaserver-ui, JAVA_VERSION=8u121, GITHUB_OAUTH=, MAVEN_CMD_LINE_ARGS=/root/.m2 -B -D enforcer.skip=true -D dependency-check.skip=true -D skipITs=true -D cobertura.skip=true -D maven.repo.local=/root/./workspace/tuub/kitodo-mediaserver/385755662/.m2 -D rat.skip=true -D findbugs.skip=true -D skip.bower=true -D gpg.skip=true -D checkstyle.skip=true -D skip.gulp=true -D license.skip=true -D skip.npm=true test, _=/usr/bin/java, OUTPUT=, MAVEN_TERMINATE_CMD=on, MAVEN_CONFIG=/root/.m2, MAVEN_PROJECTBASEDIR=/root/workspace/tuub/kitodo-mediaserver/385755662, OLDPWD=/root/workspace/tuub/kitodo-mediaserver/385755662/kitodo-mediaserver-ui, LOG_FILENAME=repairnator-pipeline_2018-05-30_1744_385755662_5a77b685-d098-401d-b168-01e076b51223, RUN_ID=, HOSTNAME=cyclone1, JAVA_DEBIAN_VERSION=8u121-b13-1~bpo8+1, M2_HOME=/usr/share/maven, REPAIR_TOOLS=AssertFixer, HOME=/root, SHLVL=1, PUSH_URL=}}]
17:46:49.116 [main] DEBUG org.springframework.test.context.support.TestPropertySourceUtils - Adding inlined properties to environment: {spring.jmx.enabled=false, org.springframework.boot.test.context.SpringBootTestContextBootstrapper=true, server.port=-1}
17:46:49.116 [main] DEBUG org.springframework.core.env.StandardEnvironment - Adding PropertySource 'Inlined Test Properties' with highest search precedence

  .   ____          _            __ _ _
 /\\ / ___'_ __ _ _(_)_ __  __ _ \ \ \ \
( ( )\___ | '_ | '_| | '_ \/ _` | \ \ \ \
 \\/  ___)| |_)| | | | | || (_| |  ) ) ) )
  '  |____| .__|_| |_|_| |_\__, | / / / /
 =========|_|==============|___/=/_/_/_/
 :: Spring Boot ::        (v2.0.0.RELEASE)

2018-05-30 17:46:49.526  INFO 394 --- [           main] o.k.m.ui.users.UserControllerTest        : Starting UserControllerTest on cyclone1 with PID 394 (started by root in /root/workspace/tuub/kitodo-mediaserver/385755662/kitodo-mediaserver-ui)
2018-05-30 17:46:49.581  INFO 394 --- [           main] o.k.m.ui.users.UserControllerTest        : No active profile set, falling back to default profiles: default
2018-05-30 17:46:49.616  INFO 394 --- [           main] o.s.w.c.s.GenericWebApplicationContext   : Refreshing org.springframework.web.context.support.GenericWebApplicationContext@5b67bb7e: startup date [Wed May 30 17:46:49 CEST 2018]; root of context hierarchy
2018-05-30 17:46:50.428  INFO 394 --- [           main] beddedDataSourceBeanFactoryPostProcessor : Replacing 'dataSource' DataSource bean with embedded version
2018-05-30 17:46:50.429  INFO 394 --- [           main] o.s.b.f.s.DefaultListableBeanFactory     : Overriding bean definition for bean 'dataSource' with a different definition: replacing [Root bean: class [null]; scope=; abstract=false; lazyInit=false; autowireMode=3; dependencyCheck=0; autowireCandidate=true; primary=false; factoryBeanName=org.springframework.boot.autoconfigure.jdbc.DataSourceConfiguration$Hikari; factoryMethodName=dataSource; initMethodName=null; destroyMethodName=(inferred); defined in class path resource [org/springframework/boot/autoconfigure/jdbc/DataSourceConfiguration$Hikari.class]] with [Root bean: class [org.springframework.boot.test.autoconfigure.jdbc.TestDatabaseAutoConfiguration$EmbeddedDataSourceFactoryBean]; scope=; abstract=false; lazyInit=false; autowireMode=0; dependencyCheck=0; autowireCandidate=true; primary=false; factoryBeanName=null; factoryMethodName=null; initMethodName=null; destroyMethodName=null]
2018-05-30 17:46:50.958  INFO 394 --- [           main] o.s.j.d.e.EmbeddedDatabaseFactory        : Starting embedded database: url='jdbc:h2:mem:7d83711e-da3e-488b-b63e-ffdd1b09124e;DB_CLOSE_DELAY=-1;DB_CLOSE_ON_EXIT=false', username='sa'
2018-05-30 17:46:51.153  INFO 394 --- [           main] o.s.jdbc.datasource.init.ScriptUtils     : Executing SQL script from URL [file:/root/workspace/tuub/kitodo-mediaserver/385755662/kitodo-mediaserver-core/target/classes/schema.sql]
2018-05-30 17:46:51.248  INFO 394 --- [           main] o.s.jdbc.datasource.init.ScriptUtils     : Executed SQL script from URL [file:/root/workspace/tuub/kitodo-mediaserver/385755662/kitodo-mediaserver-core/target/classes/schema.sql] in 95 ms.
2018-05-30 17:46:51.254  INFO 394 --- [           main] o.s.jdbc.datasource.init.ScriptUtils     : Executing SQL script from URL [file:/root/workspace/tuub/kitodo-mediaserver/385755662/kitodo-mediaserver-core/target/classes/data.sql]
2018-05-30 17:46:51.256  INFO 394 --- [           main] o.s.jdbc.datasource.init.ScriptUtils     : Executed SQL script from URL [file:/root/workspace/tuub/kitodo-mediaserver/385755662/kitodo-mediaserver-core/target/classes/data.sql] in 1 ms.
2018-05-30 17:46:51.450  INFO 394 --- [           main] j.LocalContainerEntityManagerFactoryBean : Building JPA container EntityManagerFactory for persistence unit 'default'
2018-05-30 17:46:51.469  INFO 394 --- [           main] o.hibernate.jpa.internal.util.LogHelper  : HHH000204: Processing PersistenceUnitInfo [
	name: default
	...]
2018-05-30 17:46:51.546  INFO 394 --- [           main] org.hibernate.Version                    : HHH000412: Hibernate Core {5.2.14.Final}
2018-05-30 17:46:51.548  INFO 394 --- [           main] org.hibernate.cfg.Environment            : HHH000206: hibernate.properties not found
2018-05-30 17:46:51.590  INFO 394 --- [           main] o.hibernate.annotations.common.Version   : HCANN000001: Hibernate Commons Annotations {5.0.1.Final}
2018-05-30 17:46:51.717  INFO 394 --- [           main] org.hibernate.dialect.Dialect            : HHH000400: Using dialect: org.hibernate.dialect.H2Dialect
Hibernate: drop table action_data if exists
Hibernate: drop table identifier if exists
Hibernate: drop table parameter if exists
Hibernate: drop table user if exists
Hibernate: drop table work if exists
Hibernate: create table action_data (id integer generated by default as identity, action_name varchar(255), end_time timestamp, request_time timestamp, start_time timestamp, work_id varchar(255) not null, primary key (id))
Hibernate: create table identifier (identifier varchar(255) not null, type varchar(255), work_id varchar(255) not null, primary key (identifier))
Hibernate: create table parameter (action_data_id integer not null, parameter varchar(255), parameter_key varchar(255) not null, primary key (action_data_id, parameter_key))
Hibernate: create table user (username varchar(255) not null, enabled boolean, name varchar(255), password varchar(60), primary key (username))
Hibernate: create table work (id varchar(255) not null, enabled boolean not null, path varchar(255), title varchar(255), primary key (id))
Hibernate: alter table action_data add constraint FKhauld9xvs8kr1uwnv0hy6ey0i foreign key (work_id) references work
Hibernate: alter table identifier add constraint FK1j790dbcrwm7popfo24ckd3yh foreign key (work_id) references work
Hibernate: alter table parameter add constraint FKit17rdxw4du6a0gh7tn18nq9p foreign key (action_data_id) references action_data
2018-05-30 17:46:52.390  INFO 394 --- [           main] o.h.t.schema.internal.SchemaCreatorImpl  : HHH000476: Executing import script 'org.hibernate.tool.schema.internal.exec.ScriptSourceInputNonExistentImpl@e29f4f6'
2018-05-30 17:46:52.395  INFO 394 --- [           main] j.LocalContainerEntityManagerFactoryBean : Initialized JPA EntityManagerFactory for persistence unit 'default'
2018-05-30 17:46:53.422  INFO 394 --- [           main] o.s.s.web.DefaultSecurityFilterChain     : Creating filter chain: org.springframework.security.web.util.matcher.AnyRequestMatcher@1, [org.springframework.security.web.context.request.async.WebAsyncManagerIntegrationFilter@621f23ac, org.springframework.security.web.context.SecurityContextPersistenceFilter@935493d, org.springframework.security.web.header.HeaderWriterFilter@19a5b637, org.springframework.security.web.csrf.CsrfFilter@36d582cb, org.springframework.security.web.authentication.logout.LogoutFilter@251a90ce, org.springframework.security.web.authentication.UsernamePasswordAuthenticationFilter@ef86c72, org.springframework.security.web.savedrequest.RequestCacheAwareFilter@34c62fdf, org.springframework.security.web.servletapi.SecurityContextHolderAwareRequestFilter@4863c8ac, org.springframework.security.web.authentication.AnonymousAuthenticationFilter@7761e342, org.springframework.security.web.session.SessionManagementFilter@4b4969ea, org.springframework.security.web.access.ExceptionTranslationFilter@c9b5a99, org.springframework.security.web.access.intercept.FilterSecurityInterceptor@1fe8f5e8]
2018-05-30 17:46:53.492  WARN 394 --- [           main] aWebConfiguration$JpaWebMvcConfiguration : spring.jpa.open-in-view is enabled by default. Therefore, database queries may be performed during view rendering. Explicitly configure spring.jpa.open-in-view to disable this warning
2018-05-30 17:46:53.664  INFO 394 --- [           main] s.w.s.m.m.a.RequestMappingHandlerMapping : Mapped "{[/]}" onto public java.lang.String org.kitodo.mediaserver.ui.IndexController.index()
2018-05-30 17:46:53.666  INFO 394 --- [           main] s.w.s.m.m.a.RequestMappingHandlerMapping : Mapped "{[/jobs]}" onto public java.lang.String org.kitodo.mediaserver.ui.jobs.JobsController.jobs(org.springframework.ui.Model)
2018-05-30 17:46:53.668  INFO 394 --- [           main] s.w.s.m.m.a.RequestMappingHandlerMapping : Mapped "{[/status]}" onto public java.lang.String org.kitodo.mediaserver.ui.status.StatusController.status(org.springframework.ui.Model)
2018-05-30 17:46:53.677  INFO 394 --- [           main] s.w.s.m.m.a.RequestMappingHandlerMapping : Mapped "{[/users/{username}],methods=[GET]}" onto public java.lang.String org.kitodo.mediaserver.ui.users.UserController.editForm(org.springframework.ui.Model,java.lang.String)
2018-05-30 17:46:53.678  INFO 394 --- [           main] s.w.s.m.m.a.RequestMappingHandlerMapping : Mapped "{[/users/{username}],methods=[POST]}" onto public java.lang.String org.kitodo.mediaserver.ui.users.UserController.editSubmit(org.springframework.ui.Model,java.lang.String,org.kitodo.mediaserver.ui.users.UserDto,org.springframework.validation.BindingResult,java.security.Principal)
2018-05-30 17:46:53.678  INFO 394 --- [           main] s.w.s.m.m.a.RequestMappingHandlerMapping : Mapped "{[/users/{username}/delete],methods=[POST]}" onto public java.lang.String org.kitodo.mediaserver.ui.users.UserController.deleteSubmit(java.lang.String,org.springframework.web.servlet.mvc.support.RedirectAttributes,java.security.Principal)
2018-05-30 17:46:53.679  INFO 394 --- [           main] s.w.s.m.m.a.RequestMappingHandlerMapping : Mapped "{[/users/-new],methods=[GET]}" onto public java.lang.String org.kitodo.mediaserver.ui.users.UserController.createForm(org.springframework.ui.Model)
2018-05-30 17:46:53.679  INFO 394 --- [           main] s.w.s.m.m.a.RequestMappingHandlerMapping : Mapped "{[/users/-new],methods=[POST]}" onto public java.lang.String org.kitodo.mediaserver.ui.users.UserController.createSubmit(org.springframework.ui.Model,org.kitodo.mediaserver.ui.users.UserDto,org.springframework.validation.BindingResult)
2018-05-30 17:46:53.680  INFO 394 --- [           main] s.w.s.m.m.a.RequestMappingHandlerMapping : Mapped "{[/users]}" onto public java.lang.String org.kitodo.mediaserver.ui.users.UserController.list(org.springframework.ui.Model,java.lang.String)
2018-05-30 17:46:53.685  INFO 394 --- [           main] s.w.s.m.m.a.RequestMappingHandlerMapping : Mapped "{[/works/{id}/lockcomment],methods=[GET],produces=[application/json]}" onto public java.util.Map<java.lang.String, java.lang.String> org.kitodo.mediaserver.ui.works.WorkController.getLockComment(java.lang.String) throws org.kitodo.mediaserver.core.exceptions.WorkNotFoundException
2018-05-30 17:46:53.686  INFO 394 --- [           main] s.w.s.m.m.a.RequestMappingHandlerMapping : Mapped "{[/works/{id}],methods=[POST]}" onto public java.lang.String org.kitodo.mediaserver.ui.works.WorkController.edit(java.lang.String,java.lang.String,java.lang.String,org.springframework.web.servlet.mvc.support.RedirectAttributes)
2018-05-30 17:46:53.687  INFO 394 --- [           main] s.w.s.m.m.a.RequestMappingHandlerMapping : Mapped "{[/works/{id}/cache/delete],methods=[POST]}" onto public java.lang.String org.kitodo.mediaserver.ui.works.WorkController.cacheDelete(java.lang.String,org.springframework.web.servlet.mvc.support.RedirectAttributes)
2018-05-30 17:46:53.687  INFO 394 --- [           main] s.w.s.m.m.a.RequestMappingHandlerMapping : Mapped "{[/works]}" onto public java.lang.String org.kitodo.mediaserver.ui.works.WorkController.list(org.springframework.ui.Model,org.springframework.data.domain.Pageable,java.lang.String,java.lang.String)
2018-05-30 17:46:53.717  INFO 394 --- [           main] o.s.w.s.handler.SimpleUrlHandlerMapping  : Mapped URL path [/login] onto handler of type [class org.springframework.web.servlet.mvc.ParameterizableViewController]
2018-05-30 17:46:53.751  INFO 394 --- [           main] o.s.w.s.handler.SimpleUrlHandlerMapping  : Mapped URL path [/static/**] onto handler of type [class org.springframework.web.servlet.resource.ResourceHttpRequestHandler]
2018-05-30 17:46:53.829  INFO 394 --- [           main] s.w.s.m.m.a.RequestMappingHandlerAdapter : Looking for @ControllerAdvice: org.springframework.web.context.support.GenericWebApplicationContext@5b67bb7e: startup date [Wed May 30 17:46:49 CEST 2018]; root of context hierarchy
2018-05-30 17:46:54.012  WARN 394 --- [           main] o.s.w.c.s.GenericWebApplicationContext   : Exception encountered during context initialization - cancelling refresh attempt: org.springframework.beans.factory.UnsatisfiedDependencyException: Error creating bean with name 'workLockAction': Unsatisfied dependency expressed through method 'setMediaServerUtils' parameter 0; nested exception is org.springframework.beans.factory.NoSuchBeanDefinitionException: No qualifying bean of type 'org.kitodo.mediaserver.core.util.MediaServerUtils' available: expected at least 1 bean which qualifies as autowire candidate. Dependency annotations: {}
2018-05-30 17:46:54.021  INFO 394 --- [           main] j.LocalContainerEntityManagerFactoryBean : Closing JPA EntityManagerFactory for persistence unit 'default'
2018-05-30 17:46:54.022  INFO 394 --- [           main] .SchemaDropperImpl$DelayedDropActionImpl : HHH000477: Starting delayed drop of schema as part of SessionFactory shut-down'
Hibernate: drop table action_data if exists
Hibernate: drop table identifier if exists
Hibernate: drop table parameter if exists
Hibernate: drop table user if exists
Hibernate: drop table work if exists
2018-05-30 17:46:54.057  INFO 394 --- [           main] ConditionEvaluationReportLoggingListener : 

Error starting ApplicationContext. To display the conditions report re-run your application with 'debug' enabled.
2018-05-30 17:46:54.125 ERROR 394 --- [           main] o.s.b.d.LoggingFailureAnalysisReporter   : 

***************************
APPLICATION FAILED TO START
***************************

Description:

Parameter 0 of method setMediaServerUtils in org.kitodo.mediaserver.core.actions.WorkLockAction required a bean of type 'org.kitodo.mediaserver.core.util.MediaServerUtils' that could not be found.


Action:

Consider defining a bean of type 'org.kitodo.mediaserver.core.util.MediaServerUtils' in your configuration.

2018-05-30 17:46:54.133 ERROR 394 --- [           main] o.s.test.context.TestContextManager      : Caught exception while allowing TestExecutionListener [org.springframework.test.context.web.ServletTestExecutionListener@6b8ca3c8] to prepare test instance [org.kitodo.mediaserver.ui.users.UserControllerTest@661e279d]

java.lang.IllegalStateException: Failed to load ApplicationContext
	at org.springframework.test.context.cache.DefaultCacheAwareContextLoaderDelegate.loadContext(DefaultCacheAwareContextLoaderDelegate.java:125) ~[spring-test-5.0.4.RELEASE.jar:5.0.4.RELEASE]
	at org.springframework.test.context.support.DefaultTestContext.getApplicationContext(DefaultTestContext.java:107) ~[spring-test-5.0.4.RELEASE.jar:5.0.4.RELEASE]
	at org.springframework.test.context.web.ServletTestExecutionListener.setUpRequestContextIfNecessary(ServletTestExecutionListener.java:190) ~[spring-test-5.0.4.RELEASE.jar:5.0.4.RELEASE]
	at org.springframework.test.context.web.ServletTestExecutionListener.prepareTestInstance(ServletTestExecutionListener.java:132) ~[spring-test-5.0.4.RELEASE.jar:5.0.4.RELEASE]
	at org.springframework.test.context.TestContextManager.prepareTestInstance(TestContextManager.java:242) ~[spring-test-5.0.4.RELEASE.jar:5.0.4.RELEASE]
	at org.springframework.test.context.junit4.SpringJUnit4ClassRunner.createTest(SpringJUnit4ClassRunner.java:227) [spring-test-5.0.4.RELEASE.jar:5.0.4.RELEASE]
	at org.springframework.test.context.junit4.SpringJUnit4ClassRunner$1.runReflectiveCall(SpringJUnit4ClassRunner.java:289) [spring-test-5.0.4.RELEASE.jar:5.0.4.RELEASE]
	at org.junit.internal.runners.model.ReflectiveCallable.run(ReflectiveCallable.java:12) [junit-4.12.jar:4.12]
	at org.springframework.test.context.junit4.SpringJUnit4ClassRunner.methodBlock(SpringJUnit4ClassRunner.java:291) [spring-test-5.0.4.RELEASE.jar:5.0.4.RELEASE]
	at org.springframework.test.context.junit4.SpringJUnit4ClassRunner.runChild(SpringJUnit4ClassRunner.java:246) [spring-test-5.0.4.RELEASE.jar:5.0.4.RELEASE]
	at org.springframework.test.context.junit4.SpringJUnit4ClassRunner.runChild(SpringJUnit4ClassRunner.java:97) [spring-test-5.0.4.RELEASE.jar:5.0.4.RELEASE]
	at org.junit.runners.ParentRunner$3.run(ParentRunner.java:290) [junit-4.12.jar:4.12]
	at org.junit.runners.ParentRunner$1.schedule(ParentRunner.java:71) [junit-4.12.jar:4.12]
	at org.junit.runners.ParentRunner.runChildren(ParentRunner.java:288) [junit-4.12.jar:4.12]
	at org.junit.runners.ParentRunner.access$000(ParentRunner.java:58) [junit-4.12.jar:4.12]
	at org.junit.runners.ParentRunner$2.evaluate(ParentRunner.java:268) [junit-4.12.jar:4.12]
	at org.springframework.test.context.junit4.statements.RunBeforeTestClassCallbacks.evaluate(RunBeforeTestClassCallbacks.java:61) [spring-test-5.0.4.RELEASE.jar:5.0.4.RELEASE]
	at org.springframework.test.context.junit4.statements.RunAfterTestClassCallbacks.evaluate(RunAfterTestClassCallbacks.java:70) [spring-test-5.0.4.RELEASE.jar:5.0.4.RELEASE]
	at org.junit.runners.ParentRunner.run(ParentRunner.java:363) [junit-4.12.jar:4.12]
	at org.springframework.test.context.junit4.SpringJUnit4ClassRunner.run(SpringJUnit4ClassRunner.java:190) [spring-test-5.0.4.RELEASE.jar:5.0.4.RELEASE]
	at org.apache.maven.surefire.junit4.JUnit4Provider.execute(JUnit4Provider.java:369) [surefire-junit4-2.20.1.jar:2.20.1]
	at org.apache.maven.surefire.junit4.JUnit4Provider.executeWithRerun(JUnit4Provider.java:275) [surefire-junit4-2.20.1.jar:2.20.1]
	at org.apache.maven.surefire.junit4.JUnit4Provider.executeTestSet(JUnit4Provider.java:239) [surefire-junit4-2.20.1.jar:2.20.1]
	at org.apache.maven.surefire.junit4.JUnit4Provider.invoke(JUnit4Provider.java:160) [surefire-junit4-2.20.1.jar:2.20.1]
	at org.apache.maven.surefire.booter.ForkedBooter.invokeProviderInSameClassLoader(ForkedBooter.java:373) [surefire-booter-2.20.1.jar:2.20.1]
	at org.apache.maven.surefire.booter.ForkedBooter.runSuitesInProcess(ForkedBooter.java:334) [surefire-booter-2.20.1.jar:2.20.1]
	at org.apache.maven.surefire.booter.ForkedBooter.execute(ForkedBooter.java:119) [surefire-booter-2.20.1.jar:2.20.1]
	at org.apache.maven.surefire.booter.ForkedBooter.main(ForkedBooter.java:407) [surefire-booter-2.20.1.jar:2.20.1]
Caused by: org.springframework.beans.factory.UnsatisfiedDependencyException: Error creating bean with name 'workLockAction': Unsatisfied dependency expressed through method 'setMediaServerUtils' parameter 0; nested exception is org.springframework.beans.factory.NoSuchBeanDefinitionException: No qualifying bean of type 'org.kitodo.mediaserver.core.util.MediaServerUtils' available: expected at least 1 bean which qualifies as autowire candidate. Dependency annotations: {}
	at org.springframework.beans.factory.annotation.AutowiredAnnotationBeanPostProcessor$AutowiredMethodElement.inject(AutowiredAnnotationBeanPostProcessor.java:668) ~[spring-beans-5.0.4.RELEASE.jar:5.0.4.RELEASE]
	at org.springframework.beans.factory.annotation.InjectionMetadata.inject(InjectionMetadata.java:91) ~[spring-beans-5.0.4.RELEASE.jar:5.0.4.RELEASE]
	at org.springframework.beans.factory.annotation.AutowiredAnnotationBeanPostProcessor.postProcessPropertyValues(AutowiredAnnotationBeanPostProcessor.java:373) ~[spring-beans-5.0.4.RELEASE.jar:5.0.4.RELEASE]
	at org.springframework.beans.factory.support.AbstractAutowireCapableBeanFactory.populateBean(AbstractAutowireCapableBeanFactory.java:1344) ~[spring-beans-5.0.4.RELEASE.jar:5.0.4.RELEASE]
	at org.springframework.beans.factory.support.AbstractAutowireCapableBeanFactory.doCreateBean(AbstractAutowireCapableBeanFactory.java:582) ~[spring-beans-5.0.4.RELEASE.jar:5.0.4.RELEASE]
	at org.springframework.beans.factory.support.AbstractAutowireCapableBeanFactory.createBean(AbstractAutowireCapableBeanFactory.java:502) ~[spring-beans-5.0.4.RELEASE.jar:5.0.4.RELEASE]
	at org.springframework.beans.factory.support.AbstractBeanFactory.lambda$doGetBean$0(AbstractBeanFactory.java:312) ~[spring-beans-5.0.4.RELEASE.jar:5.0.4.RELEASE]
	at org.springframework.beans.factory.support.DefaultSingletonBeanRegistry.getSingleton(DefaultSingletonBeanRegistry.java:228) ~[spring-beans-5.0.4.RELEASE.jar:5.0.4.RELEASE]
	at org.springframework.beans.factory.support.AbstractBeanFactory.doGetBean(AbstractBeanFactory.java:310) ~[spring-beans-5.0.4.RELEASE.jar:5.0.4.RELEASE]
	at org.springframework.beans.factory.support.AbstractBeanFactory.getBean(AbstractBeanFactory.java:200) ~[spring-beans-5.0.4.RELEASE.jar:5.0.4.RELEASE]
	at org.springframework.beans.factory.support.DefaultListableBeanFactory.preInstantiateSingletons(DefaultListableBeanFactory.java:760) ~[spring-beans-5.0.4.RELEASE.jar:5.0.4.RELEASE]
	at org.springframework.context.support.AbstractApplicationContext.finishBeanFactoryInitialization(AbstractApplicationContext.java:868) ~[spring-context-5.0.4.RELEASE.jar:5.0.4.RELEASE]
	at org.springframework.context.support.AbstractApplicationContext.refresh(AbstractApplicationContext.java:549) ~[spring-context-5.0.4.RELEASE.jar:5.0.4.RELEASE]
	at org.springframework.boot.SpringApplication.refresh(SpringApplication.java:752) ~[spring-boot-2.0.0.RELEASE.jar:2.0.0.RELEASE]
	at org.springframework.boot.SpringApplication.refreshContext(SpringApplication.java:388) ~[spring-boot-2.0.0.RELEASE.jar:2.0.0.RELEASE]
	at org.springframework.boot.SpringApplication.run(SpringApplication.java:327) ~[spring-boot-2.0.0.RELEASE.jar:2.0.0.RELEASE]
	at org.springframework.boot.test.context.SpringBootContextLoader.loadContext(SpringBootContextLoader.java:138) ~[spring-boot-test-2.0.0.RELEASE.jar:2.0.0.RELEASE]
	at org.springframework.test.context.cache.DefaultCacheAwareContextLoaderDelegate.loadContextInternal(DefaultCacheAwareContextLoaderDelegate.java:99) ~[spring-test-5.0.4.RELEASE.jar:5.0.4.RELEASE]
	at org.springframework.test.context.cache.DefaultCacheAwareContextLoaderDelegate.loadContext(DefaultCacheAwareContextLoaderDelegate.java:117) ~[spring-test-5.0.4.RELEASE.jar:5.0.4.RELEASE]
	... 27 common frames omitted
Caused by: org.springframework.beans.factory.NoSuchBeanDefinitionException: No qualifying bean of type 'org.kitodo.mediaserver.core.util.MediaServerUtils' available: expected at least 1 bean which qualifies as autowire candidate. Dependency annotations: {}
	at org.springframework.beans.factory.support.DefaultListableBeanFactory.raiseNoMatchingBeanFound(DefaultListableBeanFactory.java:1509) ~[spring-beans-5.0.4.RELEASE.jar:5.0.4.RELEASE]
	at org.springframework.beans.factory.support.DefaultListableBeanFactory.doResolveDependency(DefaultListableBeanFactory.java:1104) ~[spring-beans-5.0.4.RELEASE.jar:5.0.4.RELEASE]
	at org.springframework.beans.factory.support.DefaultListableBeanFactory.resolveDependency(DefaultListableBeanFactory.java:1065) ~[spring-beans-5.0.4.RELEASE.jar:5.0.4.RELEASE]
	at org.springframework.beans.factory.annotation.AutowiredAnnotationBeanPostProcessor$AutowiredMethodElement.inject(AutowiredAnnotationBeanPostProcessor.java:660) ~[spring-beans-5.0.4.RELEASE.jar:5.0.4.RELEASE]
	... 45 common frames omitted

]]></system-out>
  </testcase>
  <testcase name="testCreateSubmit" classname="org.kitodo.mediaserver.ui.users.UserControllerTest" time="0">
    <error message="Failed to load ApplicationContext" type="java.lang.IllegalStateException">java.lang.IllegalStateException: Failed to load ApplicationContext
Caused by: org.springframework.beans.factory.UnsatisfiedDependencyException: Error creating bean with name 'workLockAction': Unsatisfied dependency expressed through method 'setMediaServerUtils' parameter 0; nested exception is org.springframework.beans.factory.NoSuchBeanDefinitionException: No qualifying bean of type 'org.kitodo.mediaserver.core.util.MediaServerUtils' available: expected at least 1 bean which qualifies as autowire candidate. Dependency annotations: {}
Caused by: org.springframework.beans.factory.NoSuchBeanDefinitionException: No qualifying bean of type 'org.kitodo.mediaserver.core.util.MediaServerUtils' available: expected at least 1 bean which qualifies as autowire candidate. Dependency annotations: {}
</error>
    <system-out><![CDATA[
  .   ____          _            __ _ _
 /\\ / ___'_ __ _ _(_)_ __  __ _ \ \ \ \
( ( )\___ | '_ | '_| | '_ \/ _` | \ \ \ \
 \\/  ___)| |_)| | | | | || (_| |  ) ) ) )
  '  |____| .__|_| |_|_| |_\__, | / / / /
 =========|_|==============|___/=/_/_/_/
 :: Spring Boot ::        (v2.0.0.RELEASE)

2018-05-30 17:46:54.291  INFO 394 --- [           main] o.k.m.ui.users.UserControllerTest        : Starting UserControllerTest on cyclone1 with PID 394 (started by root in /root/workspace/tuub/kitodo-mediaserver/385755662/kitodo-mediaserver-ui)
2018-05-30 17:46:54.293  INFO 394 --- [           main] o.k.m.ui.users.UserControllerTest        : No active profile set, falling back to default profiles: default
2018-05-30 17:46:54.304  INFO 394 --- [           main] o.s.w.c.s.GenericWebApplicationContext   : Refreshing org.springframework.web.context.support.GenericWebApplicationContext@27358a19: startup date [Wed May 30 17:46:54 CEST 2018]; root of context hierarchy
2018-05-30 17:46:54.808  INFO 394 --- [           main] beddedDataSourceBeanFactoryPostProcessor : Replacing 'dataSource' DataSource bean with embedded version
2018-05-30 17:46:54.808  INFO 394 --- [           main] o.s.b.f.s.DefaultListableBeanFactory     : Overriding bean definition for bean 'dataSource' with a different definition: replacing [Root bean: class [null]; scope=; abstract=false; lazyInit=false; autowireMode=3; dependencyCheck=0; autowireCandidate=true; primary=false; factoryBeanName=org.springframework.boot.autoconfigure.jdbc.DataSourceConfiguration$Hikari; factoryMethodName=dataSource; initMethodName=null; destroyMethodName=(inferred); defined in class path resource [org/springframework/boot/autoconfigure/jdbc/DataSourceConfiguration$Hikari.class]] with [Root bean: class [org.springframework.boot.test.autoconfigure.jdbc.TestDatabaseAutoConfiguration$EmbeddedDataSourceFactoryBean]; scope=; abstract=false; lazyInit=false; autowireMode=0; dependencyCheck=0; autowireCandidate=true; primary=false; factoryBeanName=null; factoryMethodName=null; initMethodName=null; destroyMethodName=null]
2018-05-30 17:46:54.958  INFO 394 --- [           main] o.s.j.d.e.EmbeddedDatabaseFactory        : Starting embedded database: url='jdbc:h2:mem:ede4581d-aa81-49de-8a43-46c90c49ab93;DB_CLOSE_DELAY=-1;DB_CLOSE_ON_EXIT=false', username='sa'
2018-05-30 17:46:54.980  INFO 394 --- [           main] o.s.jdbc.datasource.init.ScriptUtils     : Executing SQL script from URL [file:/root/workspace/tuub/kitodo-mediaserver/385755662/kitodo-mediaserver-core/target/classes/schema.sql]
2018-05-30 17:46:54.992  INFO 394 --- [           main] o.s.jdbc.datasource.init.ScriptUtils     : Executed SQL script from URL [file:/root/workspace/tuub/kitodo-mediaserver/385755662/kitodo-mediaserver-core/target/classes/schema.sql] in 11 ms.
2018-05-30 17:46:54.998  INFO 394 --- [           main] o.s.jdbc.datasource.init.ScriptUtils     : Executing SQL script from URL [file:/root/workspace/tuub/kitodo-mediaserver/385755662/kitodo-mediaserver-core/target/classes/data.sql]
2018-05-30 17:46:54.999  INFO 394 --- [           main] o.s.jdbc.datasource.init.ScriptUtils     : Executed SQL script from URL [file:/root/workspace/tuub/kitodo-mediaserver/385755662/kitodo-mediaserver-core/target/classes/data.sql] in 1 ms.
2018-05-30 17:46:55.051  INFO 394 --- [           main] j.LocalContainerEntityManagerFactoryBean : Building JPA container EntityManagerFactory for persistence unit 'default'
2018-05-30 17:46:55.051  INFO 394 --- [           main] o.hibernate.jpa.internal.util.LogHelper  : HHH000204: Processing PersistenceUnitInfo [
	name: default
	...]
2018-05-30 17:46:55.060  INFO 394 --- [           main] org.hibernate.dialect.Dialect            : HHH000400: Using dialect: org.hibernate.dialect.H2Dialect
Hibernate: drop table action_data if exists
Hibernate: drop table identifier if exists
Hibernate: drop table parameter if exists
Hibernate: drop table user if exists
Hibernate: drop table work if exists
Hibernate: create table action_data (id integer generated by default as identity, action_name varchar(255), end_time timestamp, request_time timestamp, start_time timestamp, work_id varchar(255) not null, primary key (id))
Hibernate: create table identifier (identifier varchar(255) not null, type varchar(255), work_id varchar(255) not null, primary key (identifier))
Hibernate: create table parameter (action_data_id integer not null, parameter varchar(255), parameter_key varchar(255) not null, primary key (action_data_id, parameter_key))
Hibernate: create table user (username varchar(255) not null, enabled boolean, name varchar(255), password varchar(60), primary key (username))
Hibernate: create table work (id varchar(255) not null, enabled boolean not null, path varchar(255), title varchar(255), primary key (id))
Hibernate: alter table action_data add constraint FKhauld9xvs8kr1uwnv0hy6ey0i foreign key (work_id) references work
Hibernate: alter table identifier add constraint FK1j790dbcrwm7popfo24ckd3yh foreign key (work_id) references work
Hibernate: alter table parameter add constraint FKit17rdxw4du6a0gh7tn18nq9p foreign key (action_data_id) references action_data
2018-05-30 17:46:55.157  INFO 394 --- [           main] o.h.t.schema.internal.SchemaCreatorImpl  : HHH000476: Executing import script 'org.hibernate.tool.schema.internal.exec.ScriptSourceInputNonExistentImpl@e29f4f6'
2018-05-30 17:46:55.158  INFO 394 --- [           main] j.LocalContainerEntityManagerFactoryBean : Initialized JPA EntityManagerFactory for persistence unit 'default'
2018-05-30 17:46:55.665  INFO 394 --- [           main] o.s.s.web.DefaultSecurityFilterChain     : Creating filter chain: org.springframework.security.web.util.matcher.AnyRequestMatcher@1, [org.springframework.security.web.context.request.async.WebAsyncManagerIntegrationFilter@4e6cbdf1, org.springframework.security.web.context.SecurityContextPersistenceFilter@40fe8fd5, org.springframework.security.web.header.HeaderWriterFilter@3739f3c9, org.springframework.security.web.csrf.CsrfFilter@2a120c88, org.springframework.security.web.authentication.logout.LogoutFilter@202f054f, org.springframework.security.web.authentication.UsernamePasswordAuthenticationFilter@642c72cf, org.springframework.security.web.savedrequest.RequestCacheAwareFilter@37ffe4f3, org.springframework.security.web.servletapi.SecurityContextHolderAwareRequestFilter@4fa0ee7e, org.springframework.security.web.authentication.AnonymousAuthenticationFilter@67fac095, org.springframework.security.web.session.SessionManagementFilter@7ab2ba47, org.springframework.security.web.access.ExceptionTranslationFilter@285bf5ac, org.springframework.security.web.access.intercept.FilterSecurityInterceptor@631bc9f4]
2018-05-30 17:46:55.684  WARN 394 --- [           main] aWebConfiguration$JpaWebMvcConfiguration : spring.jpa.open-in-view is enabled by default. Therefore, database queries may be performed during view rendering. Explicitly configure spring.jpa.open-in-view to disable this warning
2018-05-30 17:46:55.722  INFO 394 --- [           main] s.w.s.m.m.a.RequestMappingHandlerMapping : Mapped "{[/]}" onto public java.lang.String org.kitodo.mediaserver.ui.IndexController.index()
2018-05-30 17:46:55.724  INFO 394 --- [           main] s.w.s.m.m.a.RequestMappingHandlerMapping : Mapped "{[/jobs]}" onto public java.lang.String org.kitodo.mediaserver.ui.jobs.JobsController.jobs(org.springframework.ui.Model)
2018-05-30 17:46:55.726  INFO 394 --- [           main] s.w.s.m.m.a.RequestMappingHandlerMapping : Mapped "{[/status]}" onto public java.lang.String org.kitodo.mediaserver.ui.status.StatusController.status(org.springframework.ui.Model)
2018-05-30 17:46:55.731  INFO 394 --- [           main] s.w.s.m.m.a.RequestMappingHandlerMapping : Mapped "{[/users/{username}],methods=[GET]}" onto public java.lang.String org.kitodo.mediaserver.ui.users.UserController.editForm(org.springframework.ui.Model,java.lang.String)
2018-05-30 17:46:55.733  INFO 394 --- [           main] s.w.s.m.m.a.RequestMappingHandlerMapping : Mapped "{[/users/{username}],methods=[POST]}" onto public java.lang.String org.kitodo.mediaserver.ui.users.UserController.editSubmit(org.springframework.ui.Model,java.lang.String,org.kitodo.mediaserver.ui.users.UserDto,org.springframework.validation.BindingResult,java.security.Principal)
2018-05-30 17:46:55.733  INFO 394 --- [           main] s.w.s.m.m.a.RequestMappingHandlerMapping : Mapped "{[/users/{username}/delete],methods=[POST]}" onto public java.lang.String org.kitodo.mediaserver.ui.users.UserController.deleteSubmit(java.lang.String,org.springframework.web.servlet.mvc.support.RedirectAttributes,java.security.Principal)
2018-05-30 17:46:55.734  INFO 394 --- [           main] s.w.s.m.m.a.RequestMappingHandlerMapping : Mapped "{[/users/-new],methods=[GET]}" onto public java.lang.String org.kitodo.mediaserver.ui.users.UserController.createForm(org.springframework.ui.Model)
2018-05-30 17:46:55.735  INFO 394 --- [           main] s.w.s.m.m.a.RequestMappingHandlerMapping : Mapped "{[/users/-new],methods=[POST]}" onto public java.lang.String org.kitodo.mediaserver.ui.users.UserController.createSubmit(org.springframework.ui.Model,org.kitodo.mediaserver.ui.users.UserDto,org.springframework.validation.BindingResult)
2018-05-30 17:46:55.736  INFO 394 --- [           main] s.w.s.m.m.a.RequestMappingHandlerMapping : Mapped "{[/users]}" onto public java.lang.String org.kitodo.mediaserver.ui.users.UserController.list(org.springframework.ui.Model,java.lang.String)
2018-05-30 17:46:55.739  INFO 394 --- [           main] s.w.s.m.m.a.RequestMappingHandlerMapping : Mapped "{[/works/{id}/lockcomment],methods=[GET],produces=[application/json]}" onto public java.util.Map<java.lang.String, java.lang.String> org.kitodo.mediaserver.ui.works.WorkController.getLockComment(java.lang.String) throws org.kitodo.mediaserver.core.exceptions.WorkNotFoundException
2018-05-30 17:46:55.740  INFO 394 --- [           main] s.w.s.m.m.a.RequestMappingHandlerMapping : Mapped "{[/works/{id}],methods=[POST]}" onto public java.lang.String org.kitodo.mediaserver.ui.works.WorkController.edit(java.lang.String,java.lang.String,java.lang.String,org.springframework.web.servlet.mvc.support.RedirectAttributes)
2018-05-30 17:46:55.740  INFO 394 --- [           main] s.w.s.m.m.a.RequestMappingHandlerMapping : Mapped "{[/works/{id}/cache/delete],methods=[POST]}" onto public java.lang.String org.kitodo.mediaserver.ui.works.WorkController.cacheDelete(java.lang.String,org.springframework.web.servlet.mvc.support.RedirectAttributes)
2018-05-30 17:46:55.741  INFO 394 --- [           main] s.w.s.m.m.a.RequestMappingHandlerMapping : Mapped "{[/works]}" onto public java.lang.String org.kitodo.mediaserver.ui.works.WorkController.list(org.springframework.ui.Model,org.springframework.data.domain.Pageable,java.lang.String,java.lang.String)
2018-05-30 17:46:55.772  INFO 394 --- [           main] o.s.w.s.handler.SimpleUrlHandlerMapping  : Mapped URL path [/login] onto handler of type [class org.springframework.web.servlet.mvc.ParameterizableViewController]
2018-05-30 17:46:55.799  INFO 394 --- [           main] o.s.w.s.handler.SimpleUrlHandlerMapping  : Mapped URL path [/static/**] onto handler of type [class org.springframework.web.servlet.resource.ResourceHttpRequestHandler]
2018-05-30 17:46:55.850  INFO 394 --- [           main] s.w.s.m.m.a.RequestMappingHandlerAdapter : Looking for @ControllerAdvice: org.springframework.web.context.support.GenericWebApplicationContext@27358a19: startup date [Wed May 30 17:46:54 CEST 2018]; root of context hierarchy
2018-05-30 17:46:55.913  WARN 394 --- [           main] o.s.w.c.s.GenericWebApplicationContext   : Exception encountered during context initialization - cancelling refresh attempt: org.springframework.beans.factory.UnsatisfiedDependencyException: Error creating bean with name 'workLockAction': Unsatisfied dependency expressed through method 'setMediaServerUtils' parameter 0; nested exception is org.springframework.beans.factory.NoSuchBeanDefinitionException: No qualifying bean of type 'org.kitodo.mediaserver.core.util.MediaServerUtils' available: expected at least 1 bean which qualifies as autowire candidate. Dependency annotations: {}
2018-05-30 17:46:55.915  INFO 394 --- [           main] j.LocalContainerEntityManagerFactoryBean : Closing JPA EntityManagerFactory for persistence unit 'default'
2018-05-30 17:46:55.915  INFO 394 --- [           main] .SchemaDropperImpl$DelayedDropActionImpl : HHH000477: Starting delayed drop of schema as part of SessionFactory shut-down'
Hibernate: drop table action_data if exists
Hibernate: drop table identifier if exists
Hibernate: drop table parameter if exists
Hibernate: drop table user if exists
Hibernate: drop table work if exists
2018-05-30 17:46:55.923  INFO 394 --- [           main] ConditionEvaluationReportLoggingListener : 

Error starting ApplicationContext. To display the conditions report re-run your application with 'debug' enabled.
2018-05-30 17:46:55.949 ERROR 394 --- [           main] o.s.b.d.LoggingFailureAnalysisReporter   : 

***************************
APPLICATION FAILED TO START
***************************

Description:

Parameter 0 of method setMediaServerUtils in org.kitodo.mediaserver.core.actions.WorkLockAction required a bean of type 'org.kitodo.mediaserver.core.util.MediaServerUtils' that could not be found.


Action:

Consider defining a bean of type 'org.kitodo.mediaserver.core.util.MediaServerUtils' in your configuration.

2018-05-30 17:46:55.951 ERROR 394 --- [           main] o.s.test.context.TestContextManager      : Caught exception while allowing TestExecutionListener [org.springframework.test.context.web.ServletTestExecutionListener@6b8ca3c8] to prepare test instance [org.kitodo.mediaserver.ui.users.UserControllerTest@3ae2702a]

java.lang.IllegalStateException: Failed to load ApplicationContext
	at org.springframework.test.context.cache.DefaultCacheAwareContextLoaderDelegate.loadContext(DefaultCacheAwareContextLoaderDelegate.java:125) ~[spring-test-5.0.4.RELEASE.jar:5.0.4.RELEASE]
	at org.springframework.test.context.support.DefaultTestContext.getApplicationContext(DefaultTestContext.java:107) ~[spring-test-5.0.4.RELEASE.jar:5.0.4.RELEASE]
	at org.springframework.test.context.web.ServletTestExecutionListener.setUpRequestContextIfNecessary(ServletTestExecutionListener.java:190) ~[spring-test-5.0.4.RELEASE.jar:5.0.4.RELEASE]
	at org.springframework.test.context.web.ServletTestExecutionListener.prepareTestInstance(ServletTestExecutionListener.java:132) ~[spring-test-5.0.4.RELEASE.jar:5.0.4.RELEASE]
	at org.springframework.test.context.TestContextManager.prepareTestInstance(TestContextManager.java:242) ~[spring-test-5.0.4.RELEASE.jar:5.0.4.RELEASE]
	at org.springframework.test.context.junit4.SpringJUnit4ClassRunner.createTest(SpringJUnit4ClassRunner.java:227) [spring-test-5.0.4.RELEASE.jar:5.0.4.RELEASE]
	at org.springframework.test.context.junit4.SpringJUnit4ClassRunner$1.runReflectiveCall(SpringJUnit4ClassRunner.java:289) [spring-test-5.0.4.RELEASE.jar:5.0.4.RELEASE]
	at org.junit.internal.runners.model.ReflectiveCallable.run(ReflectiveCallable.java:12) [junit-4.12.jar:4.12]
	at org.springframework.test.context.junit4.SpringJUnit4ClassRunner.methodBlock(SpringJUnit4ClassRunner.java:291) [spring-test-5.0.4.RELEASE.jar:5.0.4.RELEASE]
	at org.springframework.test.context.junit4.SpringJUnit4ClassRunner.runChild(SpringJUnit4ClassRunner.java:246) [spring-test-5.0.4.RELEASE.jar:5.0.4.RELEASE]
	at org.springframework.test.context.junit4.SpringJUnit4ClassRunner.runChild(SpringJUnit4ClassRunner.java:97) [spring-test-5.0.4.RELEASE.jar:5.0.4.RELEASE]
	at org.junit.runners.ParentRunner$3.run(ParentRunner.java:290) [junit-4.12.jar:4.12]
	at org.junit.runners.ParentRunner$1.schedule(ParentRunner.java:71) [junit-4.12.jar:4.12]
	at org.junit.runners.ParentRunner.runChildren(ParentRunner.java:288) [junit-4.12.jar:4.12]
	at org.junit.runners.ParentRunner.access$000(ParentRunner.java:58) [junit-4.12.jar:4.12]
	at org.junit.runners.ParentRunner$2.evaluate(ParentRunner.java:268) [junit-4.12.jar:4.12]
	at org.springframework.test.context.junit4.statements.RunBeforeTestClassCallbacks.evaluate(RunBeforeTestClassCallbacks.java:61) [spring-test-5.0.4.RELEASE.jar:5.0.4.RELEASE]
	at org.springframework.test.context.junit4.statements.RunAfterTestClassCallbacks.evaluate(RunAfterTestClassCallbacks.java:70) [spring-test-5.0.4.RELEASE.jar:5.0.4.RELEASE]
	at org.junit.runners.ParentRunner.run(ParentRunner.java:363) [junit-4.12.jar:4.12]
	at org.springframework.test.context.junit4.SpringJUnit4ClassRunner.run(SpringJUnit4ClassRunner.java:190) [spring-test-5.0.4.RELEASE.jar:5.0.4.RELEASE]
	at org.apache.maven.surefire.junit4.JUnit4Provider.execute(JUnit4Provider.java:369) [surefire-junit4-2.20.1.jar:2.20.1]
	at org.apache.maven.surefire.junit4.JUnit4Provider.executeWithRerun(JUnit4Provider.java:275) [surefire-junit4-2.20.1.jar:2.20.1]
	at org.apache.maven.surefire.junit4.JUnit4Provider.executeTestSet(JUnit4Provider.java:239) [surefire-junit4-2.20.1.jar:2.20.1]
	at org.apache.maven.surefire.junit4.JUnit4Provider.invoke(JUnit4Provider.java:160) [surefire-junit4-2.20.1.jar:2.20.1]
	at org.apache.maven.surefire.booter.ForkedBooter.invokeProviderInSameClassLoader(ForkedBooter.java:373) [surefire-booter-2.20.1.jar:2.20.1]
	at org.apache.maven.surefire.booter.ForkedBooter.runSuitesInProcess(ForkedBooter.java:334) [surefire-booter-2.20.1.jar:2.20.1]
	at org.apache.maven.surefire.booter.ForkedBooter.execute(ForkedBooter.java:119) [surefire-booter-2.20.1.jar:2.20.1]
	at org.apache.maven.surefire.booter.ForkedBooter.main(ForkedBooter.java:407) [surefire-booter-2.20.1.jar:2.20.1]
Caused by: org.springframework.beans.factory.UnsatisfiedDependencyException: Error creating bean with name 'workLockAction': Unsatisfied dependency expressed through method 'setMediaServerUtils' parameter 0; nested exception is org.springframework.beans.factory.NoSuchBeanDefinitionException: No qualifying bean of type 'org.kitodo.mediaserver.core.util.MediaServerUtils' available: expected at least 1 bean which qualifies as autowire candidate. Dependency annotations: {}
	at org.springframework.beans.factory.annotation.AutowiredAnnotationBeanPostProcessor$AutowiredMethodElement.inject(AutowiredAnnotationBeanPostProcessor.java:668) ~[spring-beans-5.0.4.RELEASE.jar:5.0.4.RELEASE]
	at org.springframework.beans.factory.annotation.InjectionMetadata.inject(InjectionMetadata.java:91) ~[spring-beans-5.0.4.RELEASE.jar:5.0.4.RELEASE]
	at org.springframework.beans.factory.annotation.AutowiredAnnotationBeanPostProcessor.postProcessPropertyValues(AutowiredAnnotationBeanPostProcessor.java:373) ~[spring-beans-5.0.4.RELEASE.jar:5.0.4.RELEASE]
	at org.springframework.beans.factory.support.AbstractAutowireCapableBeanFactory.populateBean(AbstractAutowireCapableBeanFactory.java:1344) ~[spring-beans-5.0.4.RELEASE.jar:5.0.4.RELEASE]
	at org.springframework.beans.factory.support.AbstractAutowireCapableBeanFactory.doCreateBean(AbstractAutowireCapableBeanFactory.java:582) ~[spring-beans-5.0.4.RELEASE.jar:5.0.4.RELEASE]
	at org.springframework.beans.factory.support.AbstractAutowireCapableBeanFactory.createBean(AbstractAutowireCapableBeanFactory.java:502) ~[spring-beans-5.0.4.RELEASE.jar:5.0.4.RELEASE]
	at org.springframework.beans.factory.support.AbstractBeanFactory.lambda$doGetBean$0(AbstractBeanFactory.java:312) ~[spring-beans-5.0.4.RELEASE.jar:5.0.4.RELEASE]
	at org.springframework.beans.factory.support.DefaultSingletonBeanRegistry.getSingleton(DefaultSingletonBeanRegistry.java:228) ~[spring-beans-5.0.4.RELEASE.jar:5.0.4.RELEASE]
	at org.springframework.beans.factory.support.AbstractBeanFactory.doGetBean(AbstractBeanFactory.java:310) ~[spring-beans-5.0.4.RELEASE.jar:5.0.4.RELEASE]
	at org.springframework.beans.factory.support.AbstractBeanFactory.getBean(AbstractBeanFactory.java:200) ~[spring-beans-5.0.4.RELEASE.jar:5.0.4.RELEASE]
	at org.springframework.beans.factory.support.DefaultListableBeanFactory.preInstantiateSingletons(DefaultListableBeanFactory.java:760) ~[spring-beans-5.0.4.RELEASE.jar:5.0.4.RELEASE]
	at org.springframework.context.support.AbstractApplicationContext.finishBeanFactoryInitialization(AbstractApplicationContext.java:868) ~[spring-context-5.0.4.RELEASE.jar:5.0.4.RELEASE]
	at org.springframework.context.support.AbstractApplicationContext.refresh(AbstractApplicationContext.java:549) ~[spring-context-5.0.4.RELEASE.jar:5.0.4.RELEASE]
	at org.springframework.boot.SpringApplication.refresh(SpringApplication.java:752) ~[spring-boot-2.0.0.RELEASE.jar:2.0.0.RELEASE]
	at org.springframework.boot.SpringApplication.refreshContext(SpringApplication.java:388) ~[spring-boot-2.0.0.RELEASE.jar:2.0.0.RELEASE]
	at org.springframework.boot.SpringApplication.run(SpringApplication.java:327) ~[spring-boot-2.0.0.RELEASE.jar:2.0.0.RELEASE]
	at org.springframework.boot.test.context.SpringBootContextLoader.loadContext(SpringBootContextLoader.java:138) ~[spring-boot-test-2.0.0.RELEASE.jar:2.0.0.RELEASE]
	at org.springframework.test.context.cache.DefaultCacheAwareContextLoaderDelegate.loadContextInternal(DefaultCacheAwareContextLoaderDelegate.java:99) ~[spring-test-5.0.4.RELEASE.jar:5.0.4.RELEASE]
	at org.springframework.test.context.cache.DefaultCacheAwareContextLoaderDelegate.loadContext(DefaultCacheAwareContextLoaderDelegate.java:117) ~[spring-test-5.0.4.RELEASE.jar:5.0.4.RELEASE]
	... 27 common frames omitted
Caused by: org.springframework.beans.factory.NoSuchBeanDefinitionException: No qualifying bean of type 'org.kitodo.mediaserver.core.util.MediaServerUtils' available: expected at least 1 bean which qualifies as autowire candidate. Dependency annotations: {}
	at org.springframework.beans.factory.support.DefaultListableBeanFactory.raiseNoMatchingBeanFound(DefaultListableBeanFactory.java:1509) ~[spring-beans-5.0.4.RELEASE.jar:5.0.4.RELEASE]
	at org.springframework.beans.factory.support.DefaultListableBeanFactory.doResolveDependency(DefaultListableBeanFactory.java:1104) ~[spring-beans-5.0.4.RELEASE.jar:5.0.4.RELEASE]
	at org.springframework.beans.factory.support.DefaultListableBeanFactory.resolveDependency(DefaultListableBeanFactory.java:1065) ~[spring-beans-5.0.4.RELEASE.jar:5.0.4.RELEASE]
	at org.springframework.beans.factory.annotation.AutowiredAnnotationBeanPostProcessor$AutowiredMethodElement.inject(AutowiredAnnotationBeanPostProcessor.java:660) ~[spring-beans-5.0.4.RELEASE.jar:5.0.4.RELEASE]
	... 45 common frames omitted

]]></system-out>
  </testcase>
  <testcase name="testList" classname="org.kitodo.mediaserver.ui.users.UserControllerTest" time="0">
    <error message="Failed to load ApplicationContext" type="java.lang.IllegalStateException">java.lang.IllegalStateException: Failed to load ApplicationContext
Caused by: org.springframework.beans.factory.UnsatisfiedDependencyException: Error creating bean with name 'workLockAction': Unsatisfied dependency expressed through method 'setMediaServerUtils' parameter 0; nested exception is org.springframework.beans.factory.NoSuchBeanDefinitionException: No qualifying bean of type 'org.kitodo.mediaserver.core.util.MediaServerUtils' available: expected at least 1 bean which qualifies as autowire candidate. Dependency annotations: {}
Caused by: org.springframework.beans.factory.NoSuchBeanDefinitionException: No qualifying bean of type 'org.kitodo.mediaserver.core.util.MediaServerUtils' available: expected at least 1 bean which qualifies as autowire candidate. Dependency annotations: {}
</error>
    <system-out><![CDATA[
  .   ____          _            __ _ _
 /\\ / ___'_ __ _ _(_)_ __  __ _ \ \ \ \
( ( )\___ | '_ | '_| | '_ \/ _` | \ \ \ \
 \\/  ___)| |_)| | | | | || (_| |  ) ) ) )
  '  |____| .__|_| |_|_| |_\__, | / / / /
 =========|_|==============|___/=/_/_/_/
 :: Spring Boot ::        (v2.0.0.RELEASE)

2018-05-30 17:46:56.007  INFO 394 --- [           main] o.k.m.ui.users.UserControllerTest        : Starting UserControllerTest on cyclone1 with PID 394 (started by root in /root/workspace/tuub/kitodo-mediaserver/385755662/kitodo-mediaserver-ui)
2018-05-30 17:46:56.009  INFO 394 --- [           main] o.k.m.ui.users.UserControllerTest        : No active profile set, falling back to default profiles: default
2018-05-30 17:46:56.012  INFO 394 --- [           main] o.s.w.c.s.GenericWebApplicationContext   : Refreshing org.springframework.web.context.support.GenericWebApplicationContext@37bda983: startup date [Wed May 30 17:46:56 CEST 2018]; root of context hierarchy
2018-05-30 17:46:56.244  INFO 394 --- [           main] beddedDataSourceBeanFactoryPostProcessor : Replacing 'dataSource' DataSource bean with embedded version
2018-05-30 17:46:56.244  INFO 394 --- [           main] o.s.b.f.s.DefaultListableBeanFactory     : Overriding bean definition for bean 'dataSource' with a different definition: replacing [Root bean: class [null]; scope=; abstract=false; lazyInit=false; autowireMode=3; dependencyCheck=0; autowireCandidate=true; primary=false; factoryBeanName=org.springframework.boot.autoconfigure.jdbc.DataSourceConfiguration$Hikari; factoryMethodName=dataSource; initMethodName=null; destroyMethodName=(inferred); defined in class path resource [org/springframework/boot/autoconfigure/jdbc/DataSourceConfiguration$Hikari.class]] with [Root bean: class [org.springframework.boot.test.autoconfigure.jdbc.TestDatabaseAutoConfiguration$EmbeddedDataSourceFactoryBean]; scope=; abstract=false; lazyInit=false; autowireMode=0; dependencyCheck=0; autowireCandidate=true; primary=false; factoryBeanName=null; factoryMethodName=null; initMethodName=null; destroyMethodName=null]
2018-05-30 17:46:56.370  INFO 394 --- [           main] o.s.j.d.e.EmbeddedDatabaseFactory        : Starting embedded database: url='jdbc:h2:mem:78a78458-a5bc-46d8-a1ed-36e525939f4a;DB_CLOSE_DELAY=-1;DB_CLOSE_ON_EXIT=false', username='sa'
2018-05-30 17:46:56.398  INFO 394 --- [           main] o.s.jdbc.datasource.init.ScriptUtils     : Executing SQL script from URL [file:/root/workspace/tuub/kitodo-mediaserver/385755662/kitodo-mediaserver-core/target/classes/schema.sql]
2018-05-30 17:46:56.410  INFO 394 --- [           main] o.s.jdbc.datasource.init.ScriptUtils     : Executed SQL script from URL [file:/root/workspace/tuub/kitodo-mediaserver/385755662/kitodo-mediaserver-core/target/classes/schema.sql] in 12 ms.
2018-05-30 17:46:56.416  INFO 394 --- [           main] o.s.jdbc.datasource.init.ScriptUtils     : Executing SQL script from URL [file:/root/workspace/tuub/kitodo-mediaserver/385755662/kitodo-mediaserver-core/target/classes/data.sql]
2018-05-30 17:46:56.417  INFO 394 --- [           main] o.s.jdbc.datasource.init.ScriptUtils     : Executed SQL script from URL [file:/root/workspace/tuub/kitodo-mediaserver/385755662/kitodo-mediaserver-core/target/classes/data.sql] in 0 ms.
2018-05-30 17:46:56.483  INFO 394 --- [           main] j.LocalContainerEntityManagerFactoryBean : Building JPA container EntityManagerFactory for persistence unit 'default'
2018-05-30 17:46:56.483  INFO 394 --- [           main] o.hibernate.jpa.internal.util.LogHelper  : HHH000204: Processing PersistenceUnitInfo [
	name: default
	...]
2018-05-30 17:46:56.497  INFO 394 --- [           main] org.hibernate.dialect.Dialect            : HHH000400: Using dialect: org.hibernate.dialect.H2Dialect
Hibernate: drop table action_data if exists
Hibernate: drop table identifier if exists
Hibernate: drop table parameter if exists
Hibernate: drop table user if exists
Hibernate: drop table work if exists
Hibernate: create table action_data (id integer generated by default as identity, action_name varchar(255), end_time timestamp, request_time timestamp, start_time timestamp, work_id varchar(255) not null, primary key (id))
Hibernate: create table identifier (identifier varchar(255) not null, type varchar(255), work_id varchar(255) not null, primary key (identifier))
Hibernate: create table parameter (action_data_id integer not null, parameter varchar(255), parameter_key varchar(255) not null, primary key (action_data_id, parameter_key))
Hibernate: create table user (username varchar(255) not null, enabled boolean, name varchar(255), password varchar(60), primary key (username))
Hibernate: create table work (id varchar(255) not null, enabled boolean not null, path varchar(255), title varchar(255), primary key (id))
Hibernate: alter table action_data add constraint FKhauld9xvs8kr1uwnv0hy6ey0i foreign key (work_id) references work
Hibernate: alter table identifier add constraint FK1j790dbcrwm7popfo24ckd3yh foreign key (work_id) references work
Hibernate: alter table parameter add constraint FKit17rdxw4du6a0gh7tn18nq9p foreign key (action_data_id) references action_data
2018-05-30 17:46:56.586  INFO 394 --- [           main] o.h.t.schema.internal.SchemaCreatorImpl  : HHH000476: Executing import script 'org.hibernate.tool.schema.internal.exec.ScriptSourceInputNonExistentImpl@e29f4f6'
2018-05-30 17:46:56.587  INFO 394 --- [           main] j.LocalContainerEntityManagerFactoryBean : Initialized JPA EntityManagerFactory for persistence unit 'default'
2018-05-30 17:46:57.041  INFO 394 --- [           main] o.s.s.web.DefaultSecurityFilterChain     : Creating filter chain: org.springframework.security.web.util.matcher.AnyRequestMatcher@1, [org.springframework.security.web.context.request.async.WebAsyncManagerIntegrationFilter@1827fc4e, org.springframework.security.web.context.SecurityContextPersistenceFilter@3a709cc7, org.springframework.security.web.header.HeaderWriterFilter@36665c11, org.springframework.security.web.csrf.CsrfFilter@e4b54d3, org.springframework.security.web.authentication.logout.LogoutFilter@3e4f2300, org.springframework.security.web.authentication.UsernamePasswordAuthenticationFilter@74830d73, org.springframework.security.web.savedrequest.RequestCacheAwareFilter@19a7906c, org.springframework.security.web.servletapi.SecurityContextHolderAwareRequestFilter@1da5c19d, org.springframework.security.web.authentication.AnonymousAuthenticationFilter@4c41a177, org.springframework.security.web.session.SessionManagementFilter@6e49b011, org.springframework.security.web.access.ExceptionTranslationFilter@62883f8a, org.springframework.security.web.access.intercept.FilterSecurityInterceptor@52d63b7e]
2018-05-30 17:46:57.057  WARN 394 --- [           main] aWebConfiguration$JpaWebMvcConfiguration : spring.jpa.open-in-view is enabled by default. Therefore, database queries may be performed during view rendering. Explicitly configure spring.jpa.open-in-view to disable this warning
2018-05-30 17:46:57.091  INFO 394 --- [           main] s.w.s.m.m.a.RequestMappingHandlerMapping : Mapped "{[/]}" onto public java.lang.String org.kitodo.mediaserver.ui.IndexController.index()
2018-05-30 17:46:57.091  INFO 394 --- [           main] s.w.s.m.m.a.RequestMappingHandlerMapping : Mapped "{[/jobs]}" onto public java.lang.String org.kitodo.mediaserver.ui.jobs.JobsController.jobs(org.springframework.ui.Model)
2018-05-30 17:46:57.092  INFO 394 --- [           main] s.w.s.m.m.a.RequestMappingHandlerMapping : Mapped "{[/status]}" onto public java.lang.String org.kitodo.mediaserver.ui.status.StatusController.status(org.springframework.ui.Model)
2018-05-30 17:46:57.095  INFO 394 --- [           main] s.w.s.m.m.a.RequestMappingHandlerMapping : Mapped "{[/users/{username}],methods=[GET]}" onto public java.lang.String org.kitodo.mediaserver.ui.users.UserController.editForm(org.springframework.ui.Model,java.lang.String)
2018-05-30 17:46:57.096  INFO 394 --- [           main] s.w.s.m.m.a.RequestMappingHandlerMapping : Mapped "{[/users/{username}],methods=[POST]}" onto public java.lang.String org.kitodo.mediaserver.ui.users.UserController.editSubmit(org.springframework.ui.Model,java.lang.String,org.kitodo.mediaserver.ui.users.UserDto,org.springframework.validation.BindingResult,java.security.Principal)
2018-05-30 17:46:57.096  INFO 394 --- [           main] s.w.s.m.m.a.RequestMappingHandlerMapping : Mapped "{[/users/{username}/delete],methods=[POST]}" onto public java.lang.String org.kitodo.mediaserver.ui.users.UserController.deleteSubmit(java.lang.String,org.springframework.web.servlet.mvc.support.RedirectAttributes,java.security.Principal)
2018-05-30 17:46:57.096  INFO 394 --- [           main] s.w.s.m.m.a.RequestMappingHandlerMapping : Mapped "{[/users/-new],methods=[GET]}" onto public java.lang.String org.kitodo.mediaserver.ui.users.UserController.createForm(org.springframework.ui.Model)
2018-05-30 17:46:57.097  INFO 394 --- [           main] s.w.s.m.m.a.RequestMappingHandlerMapping : Mapped "{[/users/-new],methods=[POST]}" onto public java.lang.String org.kitodo.mediaserver.ui.users.UserController.createSubmit(org.springframework.ui.Model,org.kitodo.mediaserver.ui.users.UserDto,org.springframework.validation.BindingResult)
2018-05-30 17:46:57.097  INFO 394 --- [           main] s.w.s.m.m.a.RequestMappingHandlerMapping : Mapped "{[/users]}" onto public java.lang.String org.kitodo.mediaserver.ui.users.UserController.list(org.springframework.ui.Model,java.lang.String)
2018-05-30 17:46:57.100  INFO 394 --- [           main] s.w.s.m.m.a.RequestMappingHandlerMapping : Mapped "{[/works/{id}/lockcomment],methods=[GET],produces=[application/json]}" onto public java.util.Map<java.lang.String, java.lang.String> org.kitodo.mediaserver.ui.works.WorkController.getLockComment(java.lang.String) throws org.kitodo.mediaserver.core.exceptions.WorkNotFoundException
2018-05-30 17:46:57.101  INFO 394 --- [           main] s.w.s.m.m.a.RequestMappingHandlerMapping : Mapped "{[/works/{id}],methods=[POST]}" onto public java.lang.String org.kitodo.mediaserver.ui.works.WorkController.edit(java.lang.String,java.lang.String,java.lang.String,org.springframework.web.servlet.mvc.support.RedirectAttributes)
2018-05-30 17:46:57.101  INFO 394 --- [           main] s.w.s.m.m.a.RequestMappingHandlerMapping : Mapped "{[/works/{id}/cache/delete],methods=[POST]}" onto public java.lang.String org.kitodo.mediaserver.ui.works.WorkController.cacheDelete(java.lang.String,org.springframework.web.servlet.mvc.support.RedirectAttributes)
2018-05-30 17:46:57.101  INFO 394 --- [           main] s.w.s.m.m.a.RequestMappingHandlerMapping : Mapped "{[/works]}" onto public java.lang.String org.kitodo.mediaserver.ui.works.WorkController.list(org.springframework.ui.Model,org.springframework.data.domain.Pageable,java.lang.String,java.lang.String)
2018-05-30 17:46:57.124  INFO 394 --- [           main] o.s.w.s.handler.SimpleUrlHandlerMapping  : Mapped URL path [/login] onto handler of type [class org.springframework.web.servlet.mvc.ParameterizableViewController]
2018-05-30 17:46:57.146  INFO 394 --- [           main] o.s.w.s.handler.SimpleUrlHandlerMapping  : Mapped URL path [/static/**] onto handler of type [class org.springframework.web.servlet.resource.ResourceHttpRequestHandler]
2018-05-30 17:46:57.195  INFO 394 --- [           main] s.w.s.m.m.a.RequestMappingHandlerAdapter : Looking for @ControllerAdvice: org.springframework.web.context.support.GenericWebApplicationContext@37bda983: startup date [Wed May 30 17:46:56 CEST 2018]; root of context hierarchy
2018-05-30 17:46:57.247  WARN 394 --- [           main] o.s.w.c.s.GenericWebApplicationContext   : Exception encountered during context initialization - cancelling refresh attempt: org.springframework.beans.factory.UnsatisfiedDependencyException: Error creating bean with name 'workLockAction': Unsatisfied dependency expressed through method 'setMediaServerUtils' parameter 0; nested exception is org.springframework.beans.factory.NoSuchBeanDefinitionException: No qualifying bean of type 'org.kitodo.mediaserver.core.util.MediaServerUtils' available: expected at least 1 bean which qualifies as autowire candidate. Dependency annotations: {}
2018-05-30 17:46:57.248  INFO 394 --- [           main] j.LocalContainerEntityManagerFactoryBean : Closing JPA EntityManagerFactory for persistence unit 'default'
2018-05-30 17:46:57.249  INFO 394 --- [           main] .SchemaDropperImpl$DelayedDropActionImpl : HHH000477: Starting delayed drop of schema as part of SessionFactory shut-down'
Hibernate: drop table action_data if exists
Hibernate: drop table identifier if exists
Hibernate: drop table parameter if exists
Hibernate: drop table user if exists
Hibernate: drop table work if exists
2018-05-30 17:46:57.255  INFO 394 --- [           main] ConditionEvaluationReportLoggingListener : 

Error starting ApplicationContext. To display the conditions report re-run your application with 'debug' enabled.
2018-05-30 17:46:57.281 ERROR 394 --- [           main] o.s.b.d.LoggingFailureAnalysisReporter   : 

***************************
APPLICATION FAILED TO START
***************************

Description:

Parameter 0 of method setMediaServerUtils in org.kitodo.mediaserver.core.actions.WorkLockAction required a bean of type 'org.kitodo.mediaserver.core.util.MediaServerUtils' that could not be found.


Action:

Consider defining a bean of type 'org.kitodo.mediaserver.core.util.MediaServerUtils' in your configuration.

2018-05-30 17:46:57.282 ERROR 394 --- [           main] o.s.test.context.TestContextManager      : Caught exception while allowing TestExecutionListener [org.springframework.test.context.web.ServletTestExecutionListener@6b8ca3c8] to prepare test instance [org.kitodo.mediaserver.ui.users.UserControllerTest@588d630d]

java.lang.IllegalStateException: Failed to load ApplicationContext
	at org.springframework.test.context.cache.DefaultCacheAwareContextLoaderDelegate.loadContext(DefaultCacheAwareContextLoaderDelegate.java:125) ~[spring-test-5.0.4.RELEASE.jar:5.0.4.RELEASE]
	at org.springframework.test.context.support.DefaultTestContext.getApplicationContext(DefaultTestContext.java:107) ~[spring-test-5.0.4.RELEASE.jar:5.0.4.RELEASE]
	at org.springframework.test.context.web.ServletTestExecutionListener.setUpRequestContextIfNecessary(ServletTestExecutionListener.java:190) ~[spring-test-5.0.4.RELEASE.jar:5.0.4.RELEASE]
	at org.springframework.test.context.web.ServletTestExecutionListener.prepareTestInstance(ServletTestExecutionListener.java:132) ~[spring-test-5.0.4.RELEASE.jar:5.0.4.RELEASE]
	at org.springframework.test.context.TestContextManager.prepareTestInstance(TestContextManager.java:242) ~[spring-test-5.0.4.RELEASE.jar:5.0.4.RELEASE]
	at org.springframework.test.context.junit4.SpringJUnit4ClassRunner.createTest(SpringJUnit4ClassRunner.java:227) [spring-test-5.0.4.RELEASE.jar:5.0.4.RELEASE]
	at org.springframework.test.context.junit4.SpringJUnit4ClassRunner$1.runReflectiveCall(SpringJUnit4ClassRunner.java:289) [spring-test-5.0.4.RELEASE.jar:5.0.4.RELEASE]
	at org.junit.internal.runners.model.ReflectiveCallable.run(ReflectiveCallable.java:12) [junit-4.12.jar:4.12]
	at org.springframework.test.context.junit4.SpringJUnit4ClassRunner.methodBlock(SpringJUnit4ClassRunner.java:291) [spring-test-5.0.4.RELEASE.jar:5.0.4.RELEASE]
	at org.springframework.test.context.junit4.SpringJUnit4ClassRunner.runChild(SpringJUnit4ClassRunner.java:246) [spring-test-5.0.4.RELEASE.jar:5.0.4.RELEASE]
	at org.springframework.test.context.junit4.SpringJUnit4ClassRunner.runChild(SpringJUnit4ClassRunner.java:97) [spring-test-5.0.4.RELEASE.jar:5.0.4.RELEASE]
	at org.junit.runners.ParentRunner$3.run(ParentRunner.java:290) [junit-4.12.jar:4.12]
	at org.junit.runners.ParentRunner$1.schedule(ParentRunner.java:71) [junit-4.12.jar:4.12]
	at org.junit.runners.ParentRunner.runChildren(ParentRunner.java:288) [junit-4.12.jar:4.12]
	at org.junit.runners.ParentRunner.access$000(ParentRunner.java:58) [junit-4.12.jar:4.12]
	at org.junit.runners.ParentRunner$2.evaluate(ParentRunner.java:268) [junit-4.12.jar:4.12]
	at org.springframework.test.context.junit4.statements.RunBeforeTestClassCallbacks.evaluate(RunBeforeTestClassCallbacks.java:61) [spring-test-5.0.4.RELEASE.jar:5.0.4.RELEASE]
	at org.springframework.test.context.junit4.statements.RunAfterTestClassCallbacks.evaluate(RunAfterTestClassCallbacks.java:70) [spring-test-5.0.4.RELEASE.jar:5.0.4.RELEASE]
	at org.junit.runners.ParentRunner.run(ParentRunner.java:363) [junit-4.12.jar:4.12]
	at org.springframework.test.context.junit4.SpringJUnit4ClassRunner.run(SpringJUnit4ClassRunner.java:190) [spring-test-5.0.4.RELEASE.jar:5.0.4.RELEASE]
	at org.apache.maven.surefire.junit4.JUnit4Provider.execute(JUnit4Provider.java:369) [surefire-junit4-2.20.1.jar:2.20.1]
	at org.apache.maven.surefire.junit4.JUnit4Provider.executeWithRerun(JUnit4Provider.java:275) [surefire-junit4-2.20.1.jar:2.20.1]
	at org.apache.maven.surefire.junit4.JUnit4Provider.executeTestSet(JUnit4Provider.java:239) [surefire-junit4-2.20.1.jar:2.20.1]
	at org.apache.maven.surefire.junit4.JUnit4Provider.invoke(JUnit4Provider.java:160) [surefire-junit4-2.20.1.jar:2.20.1]
	at org.apache.maven.surefire.booter.ForkedBooter.invokeProviderInSameClassLoader(ForkedBooter.java:373) [surefire-booter-2.20.1.jar:2.20.1]
	at org.apache.maven.surefire.booter.ForkedBooter.runSuitesInProcess(ForkedBooter.java:334) [surefire-booter-2.20.1.jar:2.20.1]
	at org.apache.maven.surefire.booter.ForkedBooter.execute(ForkedBooter.java:119) [surefire-booter-2.20.1.jar:2.20.1]
	at org.apache.maven.surefire.booter.ForkedBooter.main(ForkedBooter.java:407) [surefire-booter-2.20.1.jar:2.20.1]
Caused by: org.springframework.beans.factory.UnsatisfiedDependencyException: Error creating bean with name 'workLockAction': Unsatisfied dependency expressed through method 'setMediaServerUtils' parameter 0; nested exception is org.springframework.beans.factory.NoSuchBeanDefinitionException: No qualifying bean of type 'org.kitodo.mediaserver.core.util.MediaServerUtils' available: expected at least 1 bean which qualifies as autowire candidate. Dependency annotations: {}
	at org.springframework.beans.factory.annotation.AutowiredAnnotationBeanPostProcessor$AutowiredMethodElement.inject(AutowiredAnnotationBeanPostProcessor.java:668) ~[spring-beans-5.0.4.RELEASE.jar:5.0.4.RELEASE]
	at org.springframework.beans.factory.annotation.InjectionMetadata.inject(InjectionMetadata.java:91) ~[spring-beans-5.0.4.RELEASE.jar:5.0.4.RELEASE]
	at org.springframework.beans.factory.annotation.AutowiredAnnotationBeanPostProcessor.postProcessPropertyValues(AutowiredAnnotationBeanPostProcessor.java:373) ~[spring-beans-5.0.4.RELEASE.jar:5.0.4.RELEASE]
	at org.springframework.beans.factory.support.AbstractAutowireCapableBeanFactory.populateBean(AbstractAutowireCapableBeanFactory.java:1344) ~[spring-beans-5.0.4.RELEASE.jar:5.0.4.RELEASE]
	at org.springframework.beans.factory.support.AbstractAutowireCapableBeanFactory.doCreateBean(AbstractAutowireCapableBeanFactory.java:582) ~[spring-beans-5.0.4.RELEASE.jar:5.0.4.RELEASE]
	at org.springframework.beans.factory.support.AbstractAutowireCapableBeanFactory.createBean(AbstractAutowireCapableBeanFactory.java:502) ~[spring-beans-5.0.4.RELEASE.jar:5.0.4.RELEASE]
	at org.springframework.beans.factory.support.AbstractBeanFactory.lambda$doGetBean$0(AbstractBeanFactory.java:312) ~[spring-beans-5.0.4.RELEASE.jar:5.0.4.RELEASE]
	at org.springframework.beans.factory.support.DefaultSingletonBeanRegistry.getSingleton(DefaultSingletonBeanRegistry.java:228) ~[spring-beans-5.0.4.RELEASE.jar:5.0.4.RELEASE]
	at org.springframework.beans.factory.support.AbstractBeanFactory.doGetBean(AbstractBeanFactory.java:310) ~[spring-beans-5.0.4.RELEASE.jar:5.0.4.RELEASE]
	at org.springframework.beans.factory.support.AbstractBeanFactory.getBean(AbstractBeanFactory.java:200) ~[spring-beans-5.0.4.RELEASE.jar:5.0.4.RELEASE]
	at org.springframework.beans.factory.support.DefaultListableBeanFactory.preInstantiateSingletons(DefaultListableBeanFactory.java:760) ~[spring-beans-5.0.4.RELEASE.jar:5.0.4.RELEASE]
	at org.springframework.context.support.AbstractApplicationContext.finishBeanFactoryInitialization(AbstractApplicationContext.java:868) ~[spring-context-5.0.4.RELEASE.jar:5.0.4.RELEASE]
	at org.springframework.context.support.AbstractApplicationContext.refresh(AbstractApplicationContext.java:549) ~[spring-context-5.0.4.RELEASE.jar:5.0.4.RELEASE]
	at org.springframework.boot.SpringApplication.refresh(SpringApplication.java:752) ~[spring-boot-2.0.0.RELEASE.jar:2.0.0.RELEASE]
	at org.springframework.boot.SpringApplication.refreshContext(SpringApplication.java:388) ~[spring-boot-2.0.0.RELEASE.jar:2.0.0.RELEASE]
	at org.springframework.boot.SpringApplication.run(SpringApplication.java:327) ~[spring-boot-2.0.0.RELEASE.jar:2.0.0.RELEASE]
	at org.springframework.boot.test.context.SpringBootContextLoader.loadContext(SpringBootContextLoader.java:138) ~[spring-boot-test-2.0.0.RELEASE.jar:2.0.0.RELEASE]
	at org.springframework.test.context.cache.DefaultCacheAwareContextLoaderDelegate.loadContextInternal(DefaultCacheAwareContextLoaderDelegate.java:99) ~[spring-test-5.0.4.RELEASE.jar:5.0.4.RELEASE]
	at org.springframework.test.context.cache.DefaultCacheAwareContextLoaderDelegate.loadContext(DefaultCacheAwareContextLoaderDelegate.java:117) ~[spring-test-5.0.4.RELEASE.jar:5.0.4.RELEASE]
	... 27 common frames omitted
Caused by: org.springframework.beans.factory.NoSuchBeanDefinitionException: No qualifying bean of type 'org.kitodo.mediaserver.core.util.MediaServerUtils' available: expected at least 1 bean which qualifies as autowire candidate. Dependency annotations: {}
	at org.springframework.beans.factory.support.DefaultListableBeanFactory.raiseNoMatchingBeanFound(DefaultListableBeanFactory.java:1509) ~[spring-beans-5.0.4.RELEASE.jar:5.0.4.RELEASE]
	at org.springframework.beans.factory.support.DefaultListableBeanFactory.doResolveDependency(DefaultListableBeanFactory.java:1104) ~[spring-beans-5.0.4.RELEASE.jar:5.0.4.RELEASE]
	at org.springframework.beans.factory.support.DefaultListableBeanFactory.resolveDependency(DefaultListableBeanFactory.java:1065) ~[spring-beans-5.0.4.RELEASE.jar:5.0.4.RELEASE]
	at org.springframework.beans.factory.annotation.AutowiredAnnotationBeanPostProcessor$AutowiredMethodElement.inject(AutowiredAnnotationBeanPostProcessor.java:660) ~[spring-beans-5.0.4.RELEASE.jar:5.0.4.RELEASE]
	... 45 common frames omitted

]]></system-out>
  </testcase>
  <testcase name="testEditDisableYourself" classname="org.kitodo.mediaserver.ui.users.UserControllerTest" time="0.001">
    <error message="Failed to load ApplicationContext" type="java.lang.IllegalStateException">java.lang.IllegalStateException: Failed to load ApplicationContext
Caused by: org.springframework.beans.factory.UnsatisfiedDependencyException: Error creating bean with name 'workLockAction': Unsatisfied dependency expressed through method 'setMediaServerUtils' parameter 0; nested exception is org.springframework.beans.factory.NoSuchBeanDefinitionException: No qualifying bean of type 'org.kitodo.mediaserver.core.util.MediaServerUtils' available: expected at least 1 bean which qualifies as autowire candidate. Dependency annotations: {}
Caused by: org.springframework.beans.factory.NoSuchBeanDefinitionException: No qualifying bean of type 'org.kitodo.mediaserver.core.util.MediaServerUtils' available: expected at least 1 bean which qualifies as autowire candidate. Dependency annotations: {}
</error>
    <system-out><![CDATA[
  .   ____          _            __ _ _
 /\\ / ___'_ __ _ _(_)_ __  __ _ \ \ \ \
( ( )\___ | '_ | '_| | '_ \/ _` | \ \ \ \
 \\/  ___)| |_)| | | | | || (_| |  ) ) ) )
  '  |____| .__|_| |_|_| |_\__, | / / / /
 =========|_|==============|___/=/_/_/_/
 :: Spring Boot ::        (v2.0.0.RELEASE)

2018-05-30 17:46:57.337  INFO 394 --- [           main] o.k.m.ui.users.UserControllerTest        : Starting UserControllerTest on cyclone1 with PID 394 (started by root in /root/workspace/tuub/kitodo-mediaserver/385755662/kitodo-mediaserver-ui)
2018-05-30 17:46:57.338  INFO 394 --- [           main] o.k.m.ui.users.UserControllerTest        : No active profile set, falling back to default profiles: default
2018-05-30 17:46:57.342  INFO 394 --- [           main] o.s.w.c.s.GenericWebApplicationContext   : Refreshing org.springframework.web.context.support.GenericWebApplicationContext@1dd44289: startup date [Wed May 30 17:46:57 CEST 2018]; root of context hierarchy
2018-05-30 17:46:57.557  INFO 394 --- [           main] beddedDataSourceBeanFactoryPostProcessor : Replacing 'dataSource' DataSource bean with embedded version
2018-05-30 17:46:57.557  INFO 394 --- [           main] o.s.b.f.s.DefaultListableBeanFactory     : Overriding bean definition for bean 'dataSource' with a different definition: replacing [Root bean: class [null]; scope=; abstract=false; lazyInit=false; autowireMode=3; dependencyCheck=0; autowireCandidate=true; primary=false; factoryBeanName=org.springframework.boot.autoconfigure.jdbc.DataSourceConfiguration$Hikari; factoryMethodName=dataSource; initMethodName=null; destroyMethodName=(inferred); defined in class path resource [org/springframework/boot/autoconfigure/jdbc/DataSourceConfiguration$Hikari.class]] with [Root bean: class [org.springframework.boot.test.autoconfigure.jdbc.TestDatabaseAutoConfiguration$EmbeddedDataSourceFactoryBean]; scope=; abstract=false; lazyInit=false; autowireMode=0; dependencyCheck=0; autowireCandidate=true; primary=false; factoryBeanName=null; factoryMethodName=null; initMethodName=null; destroyMethodName=null]
2018-05-30 17:46:57.681  INFO 394 --- [           main] o.s.j.d.e.EmbeddedDatabaseFactory        : Starting embedded database: url='jdbc:h2:mem:d4a3d648-8cb2-4e19-87c6-772a7f3dbf63;DB_CLOSE_DELAY=-1;DB_CLOSE_ON_EXIT=false', username='sa'
2018-05-30 17:46:57.704  INFO 394 --- [           main] o.s.jdbc.datasource.init.ScriptUtils     : Executing SQL script from URL [file:/root/workspace/tuub/kitodo-mediaserver/385755662/kitodo-mediaserver-core/target/classes/schema.sql]
2018-05-30 17:46:57.714  INFO 394 --- [           main] o.s.jdbc.datasource.init.ScriptUtils     : Executed SQL script from URL [file:/root/workspace/tuub/kitodo-mediaserver/385755662/kitodo-mediaserver-core/target/classes/schema.sql] in 10 ms.
2018-05-30 17:46:57.719  INFO 394 --- [           main] o.s.jdbc.datasource.init.ScriptUtils     : Executing SQL script from URL [file:/root/workspace/tuub/kitodo-mediaserver/385755662/kitodo-mediaserver-core/target/classes/data.sql]
2018-05-30 17:46:57.720  INFO 394 --- [           main] o.s.jdbc.datasource.init.ScriptUtils     : Executed SQL script from URL [file:/root/workspace/tuub/kitodo-mediaserver/385755662/kitodo-mediaserver-core/target/classes/data.sql] in 1 ms.
2018-05-30 17:46:57.780  INFO 394 --- [           main] j.LocalContainerEntityManagerFactoryBean : Building JPA container EntityManagerFactory for persistence unit 'default'
2018-05-30 17:46:57.780  INFO 394 --- [           main] o.hibernate.jpa.internal.util.LogHelper  : HHH000204: Processing PersistenceUnitInfo [
	name: default
	...]
2018-05-30 17:46:57.791  INFO 394 --- [           main] org.hibernate.dialect.Dialect            : HHH000400: Using dialect: org.hibernate.dialect.H2Dialect
Hibernate: drop table action_data if exists
Hibernate: drop table identifier if exists
Hibernate: drop table parameter if exists
Hibernate: drop table user if exists
Hibernate: drop table work if exists
Hibernate: create table action_data (id integer generated by default as identity, action_name varchar(255), end_time timestamp, request_time timestamp, start_time timestamp, work_id varchar(255) not null, primary key (id))
Hibernate: create table identifier (identifier varchar(255) not null, type varchar(255), work_id varchar(255) not null, primary key (identifier))
Hibernate: create table parameter (action_data_id integer not null, parameter varchar(255), parameter_key varchar(255) not null, primary key (action_data_id, parameter_key))
Hibernate: create table user (username varchar(255) not null, enabled boolean, name varchar(255), password varchar(60), primary key (username))
Hibernate: create table work (id varchar(255) not null, enabled boolean not null, path varchar(255), title varchar(255), primary key (id))
Hibernate: alter table action_data add constraint FKhauld9xvs8kr1uwnv0hy6ey0i foreign key (work_id) references work
Hibernate: alter table identifier add constraint FK1j790dbcrwm7popfo24ckd3yh foreign key (work_id) references work
Hibernate: alter table parameter add constraint FKit17rdxw4du6a0gh7tn18nq9p foreign key (action_data_id) references action_data
2018-05-30 17:46:57.875  INFO 394 --- [           main] o.h.t.schema.internal.SchemaCreatorImpl  : HHH000476: Executing import script 'org.hibernate.tool.schema.internal.exec.ScriptSourceInputNonExistentImpl@e29f4f6'
2018-05-30 17:46:57.875  INFO 394 --- [           main] j.LocalContainerEntityManagerFactoryBean : Initialized JPA EntityManagerFactory for persistence unit 'default'
2018-05-30 17:46:58.310  INFO 394 --- [           main] o.s.s.web.DefaultSecurityFilterChain     : Creating filter chain: org.springframework.security.web.util.matcher.AnyRequestMatcher@1, [org.springframework.security.web.context.request.async.WebAsyncManagerIntegrationFilter@72ec16f8, org.springframework.security.web.context.SecurityContextPersistenceFilter@12e3f4ae, org.springframework.security.web.header.HeaderWriterFilter@5e9ea380, org.springframework.security.web.csrf.CsrfFilter@2fa47368, org.springframework.security.web.authentication.logout.LogoutFilter@614d7fbf, org.springframework.security.web.authentication.UsernamePasswordAuthenticationFilter@7d5a0b14, org.springframework.security.web.savedrequest.RequestCacheAwareFilter@537451d5, org.springframework.security.web.servletapi.SecurityContextHolderAwareRequestFilter@785d6a98, org.springframework.security.web.authentication.AnonymousAuthenticationFilter@279e1422, org.springframework.security.web.session.SessionManagementFilter@1e50eb3f, org.springframework.security.web.access.ExceptionTranslationFilter@35841d6, org.springframework.security.web.access.intercept.FilterSecurityInterceptor@534fc1f7]
2018-05-30 17:46:58.332  WARN 394 --- [           main] aWebConfiguration$JpaWebMvcConfiguration : spring.jpa.open-in-view is enabled by default. Therefore, database queries may be performed during view rendering. Explicitly configure spring.jpa.open-in-view to disable this warning
2018-05-30 17:46:58.389  INFO 394 --- [           main] s.w.s.m.m.a.RequestMappingHandlerMapping : Mapped "{[/]}" onto public java.lang.String org.kitodo.mediaserver.ui.IndexController.index()
2018-05-30 17:46:58.390  INFO 394 --- [           main] s.w.s.m.m.a.RequestMappingHandlerMapping : Mapped "{[/jobs]}" onto public java.lang.String org.kitodo.mediaserver.ui.jobs.JobsController.jobs(org.springframework.ui.Model)
2018-05-30 17:46:58.391  INFO 394 --- [           main] s.w.s.m.m.a.RequestMappingHandlerMapping : Mapped "{[/status]}" onto public java.lang.String org.kitodo.mediaserver.ui.status.StatusController.status(org.springframework.ui.Model)
2018-05-30 17:46:58.398  INFO 394 --- [           main] s.w.s.m.m.a.RequestMappingHandlerMapping : Mapped "{[/users/{username}],methods=[GET]}" onto public java.lang.String org.kitodo.mediaserver.ui.users.UserController.editForm(org.springframework.ui.Model,java.lang.String)
2018-05-30 17:46:58.398  INFO 394 --- [           main] s.w.s.m.m.a.RequestMappingHandlerMapping : Mapped "{[/users/{username}],methods=[POST]}" onto public java.lang.String org.kitodo.mediaserver.ui.users.UserController.editSubmit(org.springframework.ui.Model,java.lang.String,org.kitodo.mediaserver.ui.users.UserDto,org.springframework.validation.BindingResult,java.security.Principal)
2018-05-30 17:46:58.399  INFO 394 --- [           main] s.w.s.m.m.a.RequestMappingHandlerMapping : Mapped "{[/users/{username}/delete],methods=[POST]}" onto public java.lang.String org.kitodo.mediaserver.ui.users.UserController.deleteSubmit(java.lang.String,org.springframework.web.servlet.mvc.support.RedirectAttributes,java.security.Principal)
2018-05-30 17:46:58.399  INFO 394 --- [           main] s.w.s.m.m.a.RequestMappingHandlerMapping : Mapped "{[/users/-new],methods=[GET]}" onto public java.lang.String org.kitodo.mediaserver.ui.users.UserController.createForm(org.springframework.ui.Model)
2018-05-30 17:46:58.399  INFO 394 --- [           main] s.w.s.m.m.a.RequestMappingHandlerMapping : Mapped "{[/users/-new],methods=[POST]}" onto public java.lang.String org.kitodo.mediaserver.ui.users.UserController.createSubmit(org.springframework.ui.Model,org.kitodo.mediaserver.ui.users.UserDto,org.springframework.validation.BindingResult)
2018-05-30 17:46:58.399  INFO 394 --- [           main] s.w.s.m.m.a.RequestMappingHandlerMapping : Mapped "{[/users]}" onto public java.lang.String org.kitodo.mediaserver.ui.users.UserController.list(org.springframework.ui.Model,java.lang.String)
2018-05-30 17:46:58.402  INFO 394 --- [           main] s.w.s.m.m.a.RequestMappingHandlerMapping : Mapped "{[/works/{id}/lockcomment],methods=[GET],produces=[application/json]}" onto public java.util.Map<java.lang.String, java.lang.String> org.kitodo.mediaserver.ui.works.WorkController.getLockComment(java.lang.String) throws org.kitodo.mediaserver.core.exceptions.WorkNotFoundException
2018-05-30 17:46:58.402  INFO 394 --- [           main] s.w.s.m.m.a.RequestMappingHandlerMapping : Mapped "{[/works/{id}],methods=[POST]}" onto public java.lang.String org.kitodo.mediaserver.ui.works.WorkController.edit(java.lang.String,java.lang.String,java.lang.String,org.springframework.web.servlet.mvc.support.RedirectAttributes)
2018-05-30 17:46:58.403  INFO 394 --- [           main] s.w.s.m.m.a.RequestMappingHandlerMapping : Mapped "{[/works/{id}/cache/delete],methods=[POST]}" onto public java.lang.String org.kitodo.mediaserver.ui.works.WorkController.cacheDelete(java.lang.String,org.springframework.web.servlet.mvc.support.RedirectAttributes)
2018-05-30 17:46:58.403  INFO 394 --- [           main] s.w.s.m.m.a.RequestMappingHandlerMapping : Mapped "{[/works]}" onto public java.lang.String org.kitodo.mediaserver.ui.works.WorkController.list(org.springframework.ui.Model,org.springframework.data.domain.Pageable,java.lang.String,java.lang.String)
2018-05-30 17:46:58.429  INFO 394 --- [           main] o.s.w.s.handler.SimpleUrlHandlerMapping  : Mapped URL path [/login] onto handler of type [class org.springframework.web.servlet.mvc.ParameterizableViewController]
2018-05-30 17:46:58.453  INFO 394 --- [           main] o.s.w.s.handler.SimpleUrlHandlerMapping  : Mapped URL path [/static/**] onto handler of type [class org.springframework.web.servlet.resource.ResourceHttpRequestHandler]
2018-05-30 17:46:58.502  INFO 394 --- [           main] s.w.s.m.m.a.RequestMappingHandlerAdapter : Looking for @ControllerAdvice: org.springframework.web.context.support.GenericWebApplicationContext@1dd44289: startup date [Wed May 30 17:46:57 CEST 2018]; root of context hierarchy
2018-05-30 17:46:58.556  WARN 394 --- [           main] o.s.w.c.s.GenericWebApplicationContext   : Exception encountered during context initialization - cancelling refresh attempt: org.springframework.beans.factory.UnsatisfiedDependencyException: Error creating bean with name 'workLockAction': Unsatisfied dependency expressed through method 'setMediaServerUtils' parameter 0; nested exception is org.springframework.beans.factory.NoSuchBeanDefinitionException: No qualifying bean of type 'org.kitodo.mediaserver.core.util.MediaServerUtils' available: expected at least 1 bean which qualifies as autowire candidate. Dependency annotations: {}
2018-05-30 17:46:58.558  INFO 394 --- [           main] j.LocalContainerEntityManagerFactoryBean : Closing JPA EntityManagerFactory for persistence unit 'default'
2018-05-30 17:46:58.558  INFO 394 --- [           main] .SchemaDropperImpl$DelayedDropActionImpl : HHH000477: Starting delayed drop of schema as part of SessionFactory shut-down'
Hibernate: drop table action_data if exists
Hibernate: drop table identifier if exists
Hibernate: drop table parameter if exists
Hibernate: drop table user if exists
Hibernate: drop table work if exists
2018-05-30 17:46:58.564  INFO 394 --- [           main] ConditionEvaluationReportLoggingListener : 

Error starting ApplicationContext. To display the conditions report re-run your application with 'debug' enabled.
2018-05-30 17:46:58.590 ERROR 394 --- [           main] o.s.b.d.LoggingFailureAnalysisReporter   : 

***************************
APPLICATION FAILED TO START
***************************

Description:

Parameter 0 of method setMediaServerUtils in org.kitodo.mediaserver.core.actions.WorkLockAction required a bean of type 'org.kitodo.mediaserver.core.util.MediaServerUtils' that could not be found.


Action:

Consider defining a bean of type 'org.kitodo.mediaserver.core.util.MediaServerUtils' in your configuration.

2018-05-30 17:46:58.591 ERROR 394 --- [           main] o.s.test.context.TestContextManager      : Caught exception while allowing TestExecutionListener [org.springframework.test.context.web.ServletTestExecutionListener@6b8ca3c8] to prepare test instance [org.kitodo.mediaserver.ui.users.UserControllerTest@51468039]

java.lang.IllegalStateException: Failed to load ApplicationContext
	at org.springframework.test.context.cache.DefaultCacheAwareContextLoaderDelegate.loadContext(DefaultCacheAwareContextLoaderDelegate.java:125) ~[spring-test-5.0.4.RELEASE.jar:5.0.4.RELEASE]
	at org.springframework.test.context.support.DefaultTestContext.getApplicationContext(DefaultTestContext.java:107) ~[spring-test-5.0.4.RELEASE.jar:5.0.4.RELEASE]
	at org.springframework.test.context.web.ServletTestExecutionListener.setUpRequestContextIfNecessary(ServletTestExecutionListener.java:190) ~[spring-test-5.0.4.RELEASE.jar:5.0.4.RELEASE]
	at org.springframework.test.context.web.ServletTestExecutionListener.prepareTestInstance(ServletTestExecutionListener.java:132) ~[spring-test-5.0.4.RELEASE.jar:5.0.4.RELEASE]
	at org.springframework.test.context.TestContextManager.prepareTestInstance(TestContextManager.java:242) ~[spring-test-5.0.4.RELEASE.jar:5.0.4.RELEASE]
	at org.springframework.test.context.junit4.SpringJUnit4ClassRunner.createTest(SpringJUnit4ClassRunner.java:227) [spring-test-5.0.4.RELEASE.jar:5.0.4.RELEASE]
	at org.springframework.test.context.junit4.SpringJUnit4ClassRunner$1.runReflectiveCall(SpringJUnit4ClassRunner.java:289) [spring-test-5.0.4.RELEASE.jar:5.0.4.RELEASE]
	at org.junit.internal.runners.model.ReflectiveCallable.run(ReflectiveCallable.java:12) [junit-4.12.jar:4.12]
	at org.springframework.test.context.junit4.SpringJUnit4ClassRunner.methodBlock(SpringJUnit4ClassRunner.java:291) [spring-test-5.0.4.RELEASE.jar:5.0.4.RELEASE]
	at org.springframework.test.context.junit4.SpringJUnit4ClassRunner.runChild(SpringJUnit4ClassRunner.java:246) [spring-test-5.0.4.RELEASE.jar:5.0.4.RELEASE]
	at org.springframework.test.context.junit4.SpringJUnit4ClassRunner.runChild(SpringJUnit4ClassRunner.java:97) [spring-test-5.0.4.RELEASE.jar:5.0.4.RELEASE]
	at org.junit.runners.ParentRunner$3.run(ParentRunner.java:290) [junit-4.12.jar:4.12]
	at org.junit.runners.ParentRunner$1.schedule(ParentRunner.java:71) [junit-4.12.jar:4.12]
	at org.junit.runners.ParentRunner.runChildren(ParentRunner.java:288) [junit-4.12.jar:4.12]
	at org.junit.runners.ParentRunner.access$000(ParentRunner.java:58) [junit-4.12.jar:4.12]
	at org.junit.runners.ParentRunner$2.evaluate(ParentRunner.java:268) [junit-4.12.jar:4.12]
	at org.springframework.test.context.junit4.statements.RunBeforeTestClassCallbacks.evaluate(RunBeforeTestClassCallbacks.java:61) [spring-test-5.0.4.RELEASE.jar:5.0.4.RELEASE]
	at org.springframework.test.context.junit4.statements.RunAfterTestClassCallbacks.evaluate(RunAfterTestClassCallbacks.java:70) [spring-test-5.0.4.RELEASE.jar:5.0.4.RELEASE]
	at org.junit.runners.ParentRunner.run(ParentRunner.java:363) [junit-4.12.jar:4.12]
	at org.springframework.test.context.junit4.SpringJUnit4ClassRunner.run(SpringJUnit4ClassRunner.java:190) [spring-test-5.0.4.RELEASE.jar:5.0.4.RELEASE]
	at org.apache.maven.surefire.junit4.JUnit4Provider.execute(JUnit4Provider.java:369) [surefire-junit4-2.20.1.jar:2.20.1]
	at org.apache.maven.surefire.junit4.JUnit4Provider.executeWithRerun(JUnit4Provider.java:275) [surefire-junit4-2.20.1.jar:2.20.1]
	at org.apache.maven.surefire.junit4.JUnit4Provider.executeTestSet(JUnit4Provider.java:239) [surefire-junit4-2.20.1.jar:2.20.1]
	at org.apache.maven.surefire.junit4.JUnit4Provider.invoke(JUnit4Provider.java:160) [surefire-junit4-2.20.1.jar:2.20.1]
	at org.apache.maven.surefire.booter.ForkedBooter.invokeProviderInSameClassLoader(ForkedBooter.java:373) [surefire-booter-2.20.1.jar:2.20.1]
	at org.apache.maven.surefire.booter.ForkedBooter.runSuitesInProcess(ForkedBooter.java:334) [surefire-booter-2.20.1.jar:2.20.1]
	at org.apache.maven.surefire.booter.ForkedBooter.execute(ForkedBooter.java:119) [surefire-booter-2.20.1.jar:2.20.1]
	at org.apache.maven.surefire.booter.ForkedBooter.main(ForkedBooter.java:407) [surefire-booter-2.20.1.jar:2.20.1]
Caused by: org.springframework.beans.factory.UnsatisfiedDependencyException: Error creating bean with name 'workLockAction': Unsatisfied dependency expressed through method 'setMediaServerUtils' parameter 0; nested exception is org.springframework.beans.factory.NoSuchBeanDefinitionException: No qualifying bean of type 'org.kitodo.mediaserver.core.util.MediaServerUtils' available: expected at least 1 bean which qualifies as autowire candidate. Dependency annotations: {}
	at org.springframework.beans.factory.annotation.AutowiredAnnotationBeanPostProcessor$AutowiredMethodElement.inject(AutowiredAnnotationBeanPostProcessor.java:668) ~[spring-beans-5.0.4.RELEASE.jar:5.0.4.RELEASE]
	at org.springframework.beans.factory.annotation.InjectionMetadata.inject(InjectionMetadata.java:91) ~[spring-beans-5.0.4.RELEASE.jar:5.0.4.RELEASE]
	at org.springframework.beans.factory.annotation.AutowiredAnnotationBeanPostProcessor.postProcessPropertyValues(AutowiredAnnotationBeanPostProcessor.java:373) ~[spring-beans-5.0.4.RELEASE.jar:5.0.4.RELEASE]
	at org.springframework.beans.factory.support.AbstractAutowireCapableBeanFactory.populateBean(AbstractAutowireCapableBeanFactory.java:1344) ~[spring-beans-5.0.4.RELEASE.jar:5.0.4.RELEASE]
	at org.springframework.beans.factory.support.AbstractAutowireCapableBeanFactory.doCreateBean(AbstractAutowireCapableBeanFactory.java:582) ~[spring-beans-5.0.4.RELEASE.jar:5.0.4.RELEASE]
	at org.springframework.beans.factory.support.AbstractAutowireCapableBeanFactory.createBean(AbstractAutowireCapableBeanFactory.java:502) ~[spring-beans-5.0.4.RELEASE.jar:5.0.4.RELEASE]
	at org.springframework.beans.factory.support.AbstractBeanFactory.lambda$doGetBean$0(AbstractBeanFactory.java:312) ~[spring-beans-5.0.4.RELEASE.jar:5.0.4.RELEASE]
	at org.springframework.beans.factory.support.DefaultSingletonBeanRegistry.getSingleton(DefaultSingletonBeanRegistry.java:228) ~[spring-beans-5.0.4.RELEASE.jar:5.0.4.RELEASE]
	at org.springframework.beans.factory.support.AbstractBeanFactory.doGetBean(AbstractBeanFactory.java:310) ~[spring-beans-5.0.4.RELEASE.jar:5.0.4.RELEASE]
	at org.springframework.beans.factory.support.AbstractBeanFactory.getBean(AbstractBeanFactory.java:200) ~[spring-beans-5.0.4.RELEASE.jar:5.0.4.RELEASE]
	at org.springframework.beans.factory.support.DefaultListableBeanFactory.preInstantiateSingletons(DefaultListableBeanFactory.java:760) ~[spring-beans-5.0.4.RELEASE.jar:5.0.4.RELEASE]
	at org.springframework.context.support.AbstractApplicationContext.finishBeanFactoryInitialization(AbstractApplicationContext.java:868) ~[spring-context-5.0.4.RELEASE.jar:5.0.4.RELEASE]
	at org.springframework.context.support.AbstractApplicationContext.refresh(AbstractApplicationContext.java:549) ~[spring-context-5.0.4.RELEASE.jar:5.0.4.RELEASE]
	at org.springframework.boot.SpringApplication.refresh(SpringApplication.java:752) ~[spring-boot-2.0.0.RELEASE.jar:2.0.0.RELEASE]
	at org.springframework.boot.SpringApplication.refreshContext(SpringApplication.java:388) ~[spring-boot-2.0.0.RELEASE.jar:2.0.0.RELEASE]
	at org.springframework.boot.SpringApplication.run(SpringApplication.java:327) ~[spring-boot-2.0.0.RELEASE.jar:2.0.0.RELEASE]
	at org.springframework.boot.test.context.SpringBootContextLoader.loadContext(SpringBootContextLoader.java:138) ~[spring-boot-test-2.0.0.RELEASE.jar:2.0.0.RELEASE]
	at org.springframework.test.context.cache.DefaultCacheAwareContextLoaderDelegate.loadContextInternal(DefaultCacheAwareContextLoaderDelegate.java:99) ~[spring-test-5.0.4.RELEASE.jar:5.0.4.RELEASE]
	at org.springframework.test.context.cache.DefaultCacheAwareContextLoaderDelegate.loadContext(DefaultCacheAwareContextLoaderDelegate.java:117) ~[spring-test-5.0.4.RELEASE.jar:5.0.4.RELEASE]
	... 27 common frames omitted
Caused by: org.springframework.beans.factory.NoSuchBeanDefinitionException: No qualifying bean of type 'org.kitodo.mediaserver.core.util.MediaServerUtils' available: expected at least 1 bean which qualifies as autowire candidate. Dependency annotations: {}
	at org.springframework.beans.factory.support.DefaultListableBeanFactory.raiseNoMatchingBeanFound(DefaultListableBeanFactory.java:1509) ~[spring-beans-5.0.4.RELEASE.jar:5.0.4.RELEASE]
	at org.springframework.beans.factory.support.DefaultListableBeanFactory.doResolveDependency(DefaultListableBeanFactory.java:1104) ~[spring-beans-5.0.4.RELEASE.jar:5.0.4.RELEASE]
	at org.springframework.beans.factory.support.DefaultListableBeanFactory.resolveDependency(DefaultListableBeanFactory.java:1065) ~[spring-beans-5.0.4.RELEASE.jar:5.0.4.RELEASE]
	at org.springframework.beans.factory.annotation.AutowiredAnnotationBeanPostProcessor$AutowiredMethodElement.inject(AutowiredAnnotationBeanPostProcessor.java:660) ~[spring-beans-5.0.4.RELEASE.jar:5.0.4.RELEASE]
	... 45 common frames omitted

]]></system-out>
  </testcase>
  <testcase name="testEditSubmit" classname="org.kitodo.mediaserver.ui.users.UserControllerTest" time="0.001">
    <error message="Failed to load ApplicationContext" type="java.lang.IllegalStateException">java.lang.IllegalStateException: Failed to load ApplicationContext
Caused by: org.springframework.beans.factory.UnsatisfiedDependencyException: Error creating bean with name 'workLockAction': Unsatisfied dependency expressed through method 'setMediaServerUtils' parameter 0; nested exception is org.springframework.beans.factory.NoSuchBeanDefinitionException: No qualifying bean of type 'org.kitodo.mediaserver.core.util.MediaServerUtils' available: expected at least 1 bean which qualifies as autowire candidate. Dependency annotations: {}
Caused by: org.springframework.beans.factory.NoSuchBeanDefinitionException: No qualifying bean of type 'org.kitodo.mediaserver.core.util.MediaServerUtils' available: expected at least 1 bean which qualifies as autowire candidate. Dependency annotations: {}
</error>
    <system-out><![CDATA[
  .   ____          _            __ _ _
 /\\ / ___'_ __ _ _(_)_ __  __ _ \ \ \ \
( ( )\___ | '_ | '_| | '_ \/ _` | \ \ \ \
 \\/  ___)| |_)| | | | | || (_| |  ) ) ) )
  '  |____| .__|_| |_|_| |_\__, | / / / /
 =========|_|==============|___/=/_/_/_/
 :: Spring Boot ::        (v2.0.0.RELEASE)

2018-05-30 17:46:58.641  INFO 394 --- [           main] o.k.m.ui.users.UserControllerTest        : Starting UserControllerTest on cyclone1 with PID 394 (started by root in /root/workspace/tuub/kitodo-mediaserver/385755662/kitodo-mediaserver-ui)
2018-05-30 17:46:58.642  INFO 394 --- [           main] o.k.m.ui.users.UserControllerTest        : No active profile set, falling back to default profiles: default
2018-05-30 17:46:58.645  INFO 394 --- [           main] o.s.w.c.s.GenericWebApplicationContext   : Refreshing org.springframework.web.context.support.GenericWebApplicationContext@73958426: startup date [Wed May 30 17:46:58 CEST 2018]; root of context hierarchy
2018-05-30 17:46:58.795  INFO 394 --- [           main] beddedDataSourceBeanFactoryPostProcessor : Replacing 'dataSource' DataSource bean with embedded version
2018-05-30 17:46:58.795  INFO 394 --- [           main] o.s.b.f.s.DefaultListableBeanFactory     : Overriding bean definition for bean 'dataSource' with a different definition: replacing [Root bean: class [null]; scope=; abstract=false; lazyInit=false; autowireMode=3; dependencyCheck=0; autowireCandidate=true; primary=false; factoryBeanName=org.springframework.boot.autoconfigure.jdbc.DataSourceConfiguration$Hikari; factoryMethodName=dataSource; initMethodName=null; destroyMethodName=(inferred); defined in class path resource [org/springframework/boot/autoconfigure/jdbc/DataSourceConfiguration$Hikari.class]] with [Root bean: class [org.springframework.boot.test.autoconfigure.jdbc.TestDatabaseAutoConfiguration$EmbeddedDataSourceFactoryBean]; scope=; abstract=false; lazyInit=false; autowireMode=0; dependencyCheck=0; autowireCandidate=true; primary=false; factoryBeanName=null; factoryMethodName=null; initMethodName=null; destroyMethodName=null]
2018-05-30 17:46:58.868  INFO 394 --- [           main] o.s.j.d.e.EmbeddedDatabaseFactory        : Starting embedded database: url='jdbc:h2:mem:28f8f2a5-2faa-483d-9f83-2589e5a4b069;DB_CLOSE_DELAY=-1;DB_CLOSE_ON_EXIT=false', username='sa'
2018-05-30 17:46:58.881  INFO 394 --- [           main] o.s.jdbc.datasource.init.ScriptUtils     : Executing SQL script from URL [file:/root/workspace/tuub/kitodo-mediaserver/385755662/kitodo-mediaserver-core/target/classes/schema.sql]
2018-05-30 17:46:58.888  INFO 394 --- [           main] o.s.jdbc.datasource.init.ScriptUtils     : Executed SQL script from URL [file:/root/workspace/tuub/kitodo-mediaserver/385755662/kitodo-mediaserver-core/target/classes/schema.sql] in 6 ms.
2018-05-30 17:46:58.891  INFO 394 --- [           main] o.s.jdbc.datasource.init.ScriptUtils     : Executing SQL script from URL [file:/root/workspace/tuub/kitodo-mediaserver/385755662/kitodo-mediaserver-core/target/classes/data.sql]
2018-05-30 17:46:58.892  INFO 394 --- [           main] o.s.jdbc.datasource.init.ScriptUtils     : Executed SQL script from URL [file:/root/workspace/tuub/kitodo-mediaserver/385755662/kitodo-mediaserver-core/target/classes/data.sql] in 1 ms.
2018-05-30 17:46:58.930  INFO 394 --- [           main] j.LocalContainerEntityManagerFactoryBean : Building JPA container EntityManagerFactory for persistence unit 'default'
2018-05-30 17:46:58.930  INFO 394 --- [           main] o.hibernate.jpa.internal.util.LogHelper  : HHH000204: Processing PersistenceUnitInfo [
	name: default
	...]
2018-05-30 17:46:58.937  INFO 394 --- [           main] org.hibernate.dialect.Dialect            : HHH000400: Using dialect: org.hibernate.dialect.H2Dialect
Hibernate: drop table action_data if exists
Hibernate: drop table identifier if exists
Hibernate: drop table parameter if exists
Hibernate: drop table user if exists
Hibernate: drop table work if exists
Hibernate: create table action_data (id integer generated by default as identity, action_name varchar(255), end_time timestamp, request_time timestamp, start_time timestamp, work_id varchar(255) not null, primary key (id))
Hibernate: create table identifier (identifier varchar(255) not null, type varchar(255), work_id varchar(255) not null, primary key (identifier))
Hibernate: create table parameter (action_data_id integer not null, parameter varchar(255), parameter_key varchar(255) not null, primary key (action_data_id, parameter_key))
Hibernate: create table user (username varchar(255) not null, enabled boolean, name varchar(255), password varchar(60), primary key (username))
Hibernate: create table work (id varchar(255) not null, enabled boolean not null, path varchar(255), title varchar(255), primary key (id))
Hibernate: alter table action_data add constraint FKhauld9xvs8kr1uwnv0hy6ey0i foreign key (work_id) references work
Hibernate: alter table identifier add constraint FK1j790dbcrwm7popfo24ckd3yh foreign key (work_id) references work
Hibernate: alter table parameter add constraint FKit17rdxw4du6a0gh7tn18nq9p foreign key (action_data_id) references action_data
2018-05-30 17:46:58.985  INFO 394 --- [           main] o.h.t.schema.internal.SchemaCreatorImpl  : HHH000476: Executing import script 'org.hibernate.tool.schema.internal.exec.ScriptSourceInputNonExistentImpl@e29f4f6'
2018-05-30 17:46:58.986  INFO 394 --- [           main] j.LocalContainerEntityManagerFactoryBean : Initialized JPA EntityManagerFactory for persistence unit 'default'
2018-05-30 17:46:59.239  INFO 394 --- [           main] o.s.s.web.DefaultSecurityFilterChain     : Creating filter chain: org.springframework.security.web.util.matcher.AnyRequestMatcher@1, [org.springframework.security.web.context.request.async.WebAsyncManagerIntegrationFilter@342394b3, org.springframework.security.web.context.SecurityContextPersistenceFilter@3a5e4f32, org.springframework.security.web.header.HeaderWriterFilter@665b441e, org.springframework.security.web.csrf.CsrfFilter@4e9bd2c8, org.springframework.security.web.authentication.logout.LogoutFilter@239d73ff, org.springframework.security.web.authentication.UsernamePasswordAuthenticationFilter@2dcd451f, org.springframework.security.web.savedrequest.RequestCacheAwareFilter@2b0494a8, org.springframework.security.web.servletapi.SecurityContextHolderAwareRequestFilter@17c34e62, org.springframework.security.web.authentication.AnonymousAuthenticationFilter@5dd6f517, org.springframework.security.web.session.SessionManagementFilter@2ac3d530, org.springframework.security.web.access.ExceptionTranslationFilter@18f13756, org.springframework.security.web.access.intercept.FilterSecurityInterceptor@3d8fd373]
2018-05-30 17:46:59.250  WARN 394 --- [           main] aWebConfiguration$JpaWebMvcConfiguration : spring.jpa.open-in-view is enabled by default. Therefore, database queries may be performed during view rendering. Explicitly configure spring.jpa.open-in-view to disable this warning
2018-05-30 17:46:59.270  INFO 394 --- [           main] s.w.s.m.m.a.RequestMappingHandlerMapping : Mapped "{[/]}" onto public java.lang.String org.kitodo.mediaserver.ui.IndexController.index()
2018-05-30 17:46:59.270  INFO 394 --- [           main] s.w.s.m.m.a.RequestMappingHandlerMapping : Mapped "{[/jobs]}" onto public java.lang.String org.kitodo.mediaserver.ui.jobs.JobsController.jobs(org.springframework.ui.Model)
2018-05-30 17:46:59.271  INFO 394 --- [           main] s.w.s.m.m.a.RequestMappingHandlerMapping : Mapped "{[/status]}" onto public java.lang.String org.kitodo.mediaserver.ui.status.StatusController.status(org.springframework.ui.Model)
2018-05-30 17:46:59.273  INFO 394 --- [           main] s.w.s.m.m.a.RequestMappingHandlerMapping : Mapped "{[/users/{username}],methods=[GET]}" onto public java.lang.String org.kitodo.mediaserver.ui.users.UserController.editForm(org.springframework.ui.Model,java.lang.String)
2018-05-30 17:46:59.273  INFO 394 --- [           main] s.w.s.m.m.a.RequestMappingHandlerMapping : Mapped "{[/users/{username}],methods=[POST]}" onto public java.lang.String org.kitodo.mediaserver.ui.users.UserController.editSubmit(org.springframework.ui.Model,java.lang.String,org.kitodo.mediaserver.ui.users.UserDto,org.springframework.validation.BindingResult,java.security.Principal)
2018-05-30 17:46:59.273  INFO 394 --- [           main] s.w.s.m.m.a.RequestMappingHandlerMapping : Mapped "{[/users/{username}/delete],methods=[POST]}" onto public java.lang.String org.kitodo.mediaserver.ui.users.UserController.deleteSubmit(java.lang.String,org.springframework.web.servlet.mvc.support.RedirectAttributes,java.security.Principal)
2018-05-30 17:46:59.274  INFO 394 --- [           main] s.w.s.m.m.a.RequestMappingHandlerMapping : Mapped "{[/users/-new],methods=[GET]}" onto public java.lang.String org.kitodo.mediaserver.ui.users.UserController.createForm(org.springframework.ui.Model)
2018-05-30 17:46:59.274  INFO 394 --- [           main] s.w.s.m.m.a.RequestMappingHandlerMapping : Mapped "{[/users/-new],methods=[POST]}" onto public java.lang.String org.kitodo.mediaserver.ui.users.UserController.createSubmit(org.springframework.ui.Model,org.kitodo.mediaserver.ui.users.UserDto,org.springframework.validation.BindingResult)
2018-05-30 17:46:59.274  INFO 394 --- [           main] s.w.s.m.m.a.RequestMappingHandlerMapping : Mapped "{[/users]}" onto public java.lang.String org.kitodo.mediaserver.ui.users.UserController.list(org.springframework.ui.Model,java.lang.String)
2018-05-30 17:46:59.276  INFO 394 --- [           main] s.w.s.m.m.a.RequestMappingHandlerMapping : Mapped "{[/works/{id}/lockcomment],methods=[GET],produces=[application/json]}" onto public java.util.Map<java.lang.String, java.lang.String> org.kitodo.mediaserver.ui.works.WorkController.getLockComment(java.lang.String) throws org.kitodo.mediaserver.core.exceptions.WorkNotFoundException
2018-05-30 17:46:59.276  INFO 394 --- [           main] s.w.s.m.m.a.RequestMappingHandlerMapping : Mapped "{[/works/{id}],methods=[POST]}" onto public java.lang.String org.kitodo.mediaserver.ui.works.WorkController.edit(java.lang.String,java.lang.String,java.lang.String,org.springframework.web.servlet.mvc.support.RedirectAttributes)
2018-05-30 17:46:59.277  INFO 394 --- [           main] s.w.s.m.m.a.RequestMappingHandlerMapping : Mapped "{[/works/{id}/cache/delete],methods=[POST]}" onto public java.lang.String org.kitodo.mediaserver.ui.works.WorkController.cacheDelete(java.lang.String,org.springframework.web.servlet.mvc.support.RedirectAttributes)
2018-05-30 17:46:59.277  INFO 394 --- [           main] s.w.s.m.m.a.RequestMappingHandlerMapping : Mapped "{[/works]}" onto public java.lang.String org.kitodo.mediaserver.ui.works.WorkController.list(org.springframework.ui.Model,org.springframework.data.domain.Pageable,java.lang.String,java.lang.String)
2018-05-30 17:46:59.291  INFO 394 --- [           main] o.s.w.s.handler.SimpleUrlHandlerMapping  : Mapped URL path [/login] onto handler of type [class org.springframework.web.servlet.mvc.ParameterizableViewController]
2018-05-30 17:46:59.304  INFO 394 --- [           main] o.s.w.s.handler.SimpleUrlHandlerMapping  : Mapped URL path [/static/**] onto handler of type [class org.springframework.web.servlet.resource.ResourceHttpRequestHandler]
2018-05-30 17:46:59.332  INFO 394 --- [           main] s.w.s.m.m.a.RequestMappingHandlerAdapter : Looking for @ControllerAdvice: org.springframework.web.context.support.GenericWebApplicationContext@73958426: startup date [Wed May 30 17:46:58 CEST 2018]; root of context hierarchy
2018-05-30 17:46:59.363  WARN 394 --- [           main] o.s.w.c.s.GenericWebApplicationContext   : Exception encountered during context initialization - cancelling refresh attempt: org.springframework.beans.factory.UnsatisfiedDependencyException: Error creating bean with name 'workLockAction': Unsatisfied dependency expressed through method 'setMediaServerUtils' parameter 0; nested exception is org.springframework.beans.factory.NoSuchBeanDefinitionException: No qualifying bean of type 'org.kitodo.mediaserver.core.util.MediaServerUtils' available: expected at least 1 bean which qualifies as autowire candidate. Dependency annotations: {}
2018-05-30 17:46:59.363  INFO 394 --- [           main] j.LocalContainerEntityManagerFactoryBean : Closing JPA EntityManagerFactory for persistence unit 'default'
2018-05-30 17:46:59.364  INFO 394 --- [           main] .SchemaDropperImpl$DelayedDropActionImpl : HHH000477: Starting delayed drop of schema as part of SessionFactory shut-down'
Hibernate: drop table action_data if exists
Hibernate: drop table identifier if exists
Hibernate: drop table parameter if exists
Hibernate: drop table user if exists
Hibernate: drop table work if exists
2018-05-30 17:46:59.368  INFO 394 --- [           main] ConditionEvaluationReportLoggingListener : 

Error starting ApplicationContext. To display the conditions report re-run your application with 'debug' enabled.
2018-05-30 17:46:59.385 ERROR 394 --- [           main] o.s.b.d.LoggingFailureAnalysisReporter   : 

***************************
APPLICATION FAILED TO START
***************************

Description:

Parameter 0 of method setMediaServerUtils in org.kitodo.mediaserver.core.actions.WorkLockAction required a bean of type 'org.kitodo.mediaserver.core.util.MediaServerUtils' that could not be found.


Action:

Consider defining a bean of type 'org.kitodo.mediaserver.core.util.MediaServerUtils' in your configuration.

2018-05-30 17:46:59.386 ERROR 394 --- [           main] o.s.test.context.TestContextManager      : Caught exception while allowing TestExecutionListener [org.springframework.test.context.web.ServletTestExecutionListener@6b8ca3c8] to prepare test instance [org.kitodo.mediaserver.ui.users.UserControllerTest@18dafd3b]

java.lang.IllegalStateException: Failed to load ApplicationContext
	at org.springframework.test.context.cache.DefaultCacheAwareContextLoaderDelegate.loadContext(DefaultCacheAwareContextLoaderDelegate.java:125) ~[spring-test-5.0.4.RELEASE.jar:5.0.4.RELEASE]
	at org.springframework.test.context.support.DefaultTestContext.getApplicationContext(DefaultTestContext.java:107) ~[spring-test-5.0.4.RELEASE.jar:5.0.4.RELEASE]
	at org.springframework.test.context.web.ServletTestExecutionListener.setUpRequestContextIfNecessary(ServletTestExecutionListener.java:190) ~[spring-test-5.0.4.RELEASE.jar:5.0.4.RELEASE]
	at org.springframework.test.context.web.ServletTestExecutionListener.prepareTestInstance(ServletTestExecutionListener.java:132) ~[spring-test-5.0.4.RELEASE.jar:5.0.4.RELEASE]
	at org.springframework.test.context.TestContextManager.prepareTestInstance(TestContextManager.java:242) ~[spring-test-5.0.4.RELEASE.jar:5.0.4.RELEASE]
	at org.springframework.test.context.junit4.SpringJUnit4ClassRunner.createTest(SpringJUnit4ClassRunner.java:227) [spring-test-5.0.4.RELEASE.jar:5.0.4.RELEASE]
	at org.springframework.test.context.junit4.SpringJUnit4ClassRunner$1.runReflectiveCall(SpringJUnit4ClassRunner.java:289) [spring-test-5.0.4.RELEASE.jar:5.0.4.RELEASE]
	at org.junit.internal.runners.model.ReflectiveCallable.run(ReflectiveCallable.java:12) [junit-4.12.jar:4.12]
	at org.springframework.test.context.junit4.SpringJUnit4ClassRunner.methodBlock(SpringJUnit4ClassRunner.java:291) [spring-test-5.0.4.RELEASE.jar:5.0.4.RELEASE]
	at org.springframework.test.context.junit4.SpringJUnit4ClassRunner.runChild(SpringJUnit4ClassRunner.java:246) [spring-test-5.0.4.RELEASE.jar:5.0.4.RELEASE]
	at org.springframework.test.context.junit4.SpringJUnit4ClassRunner.runChild(SpringJUnit4ClassRunner.java:97) [spring-test-5.0.4.RELEASE.jar:5.0.4.RELEASE]
	at org.junit.runners.ParentRunner$3.run(ParentRunner.java:290) [junit-4.12.jar:4.12]
	at org.junit.runners.ParentRunner$1.schedule(ParentRunner.java:71) [junit-4.12.jar:4.12]
	at org.junit.runners.ParentRunner.runChildren(ParentRunner.java:288) [junit-4.12.jar:4.12]
	at org.junit.runners.ParentRunner.access$000(ParentRunner.java:58) [junit-4.12.jar:4.12]
	at org.junit.runners.ParentRunner$2.evaluate(ParentRunner.java:268) [junit-4.12.jar:4.12]
	at org.springframework.test.context.junit4.statements.RunBeforeTestClassCallbacks.evaluate(RunBeforeTestClassCallbacks.java:61) [spring-test-5.0.4.RELEASE.jar:5.0.4.RELEASE]
	at org.springframework.test.context.junit4.statements.RunAfterTestClassCallbacks.evaluate(RunAfterTestClassCallbacks.java:70) [spring-test-5.0.4.RELEASE.jar:5.0.4.RELEASE]
	at org.junit.runners.ParentRunner.run(ParentRunner.java:363) [junit-4.12.jar:4.12]
	at org.springframework.test.context.junit4.SpringJUnit4ClassRunner.run(SpringJUnit4ClassRunner.java:190) [spring-test-5.0.4.RELEASE.jar:5.0.4.RELEASE]
	at org.apache.maven.surefire.junit4.JUnit4Provider.execute(JUnit4Provider.java:369) [surefire-junit4-2.20.1.jar:2.20.1]
	at org.apache.maven.surefire.junit4.JUnit4Provider.executeWithRerun(JUnit4Provider.java:275) [surefire-junit4-2.20.1.jar:2.20.1]
	at org.apache.maven.surefire.junit4.JUnit4Provider.executeTestSet(JUnit4Provider.java:239) [surefire-junit4-2.20.1.jar:2.20.1]
	at org.apache.maven.surefire.junit4.JUnit4Provider.invoke(JUnit4Provider.java:160) [surefire-junit4-2.20.1.jar:2.20.1]
	at org.apache.maven.surefire.booter.ForkedBooter.invokeProviderInSameClassLoader(ForkedBooter.java:373) [surefire-booter-2.20.1.jar:2.20.1]
	at org.apache.maven.surefire.booter.ForkedBooter.runSuitesInProcess(ForkedBooter.java:334) [surefire-booter-2.20.1.jar:2.20.1]
	at org.apache.maven.surefire.booter.ForkedBooter.execute(ForkedBooter.java:119) [surefire-booter-2.20.1.jar:2.20.1]
	at org.apache.maven.surefire.booter.ForkedBooter.main(ForkedBooter.java:407) [surefire-booter-2.20.1.jar:2.20.1]
Caused by: org.springframework.beans.factory.UnsatisfiedDependencyException: Error creating bean with name 'workLockAction': Unsatisfied dependency expressed through method 'setMediaServerUtils' parameter 0; nested exception is org.springframework.beans.factory.NoSuchBeanDefinitionException: No qualifying bean of type 'org.kitodo.mediaserver.core.util.MediaServerUtils' available: expected at least 1 bean which qualifies as autowire candidate. Dependency annotations: {}
	at org.springframework.beans.factory.annotation.AutowiredAnnotationBeanPostProcessor$AutowiredMethodElement.inject(AutowiredAnnotationBeanPostProcessor.java:668) ~[spring-beans-5.0.4.RELEASE.jar:5.0.4.RELEASE]
	at org.springframework.beans.factory.annotation.InjectionMetadata.inject(InjectionMetadata.java:91) ~[spring-beans-5.0.4.RELEASE.jar:5.0.4.RELEASE]
	at org.springframework.beans.factory.annotation.AutowiredAnnotationBeanPostProcessor.postProcessPropertyValues(AutowiredAnnotationBeanPostProcessor.java:373) ~[spring-beans-5.0.4.RELEASE.jar:5.0.4.RELEASE]
	at org.springframework.beans.factory.support.AbstractAutowireCapableBeanFactory.populateBean(AbstractAutowireCapableBeanFactory.java:1344) ~[spring-beans-5.0.4.RELEASE.jar:5.0.4.RELEASE]
	at org.springframework.beans.factory.support.AbstractAutowireCapableBeanFactory.doCreateBean(AbstractAutowireCapableBeanFactory.java:582) ~[spring-beans-5.0.4.RELEASE.jar:5.0.4.RELEASE]
	at org.springframework.beans.factory.support.AbstractAutowireCapableBeanFactory.createBean(AbstractAutowireCapableBeanFactory.java:502) ~[spring-beans-5.0.4.RELEASE.jar:5.0.4.RELEASE]
	at org.springframework.beans.factory.support.AbstractBeanFactory.lambda$doGetBean$0(AbstractBeanFactory.java:312) ~[spring-beans-5.0.4.RELEASE.jar:5.0.4.RELEASE]
	at org.springframework.beans.factory.support.DefaultSingletonBeanRegistry.getSingleton(DefaultSingletonBeanRegistry.java:228) ~[spring-beans-5.0.4.RELEASE.jar:5.0.4.RELEASE]
	at org.springframework.beans.factory.support.AbstractBeanFactory.doGetBean(AbstractBeanFactory.java:310) ~[spring-beans-5.0.4.RELEASE.jar:5.0.4.RELEASE]
	at org.springframework.beans.factory.support.AbstractBeanFactory.getBean(AbstractBeanFactory.java:200) ~[spring-beans-5.0.4.RELEASE.jar:5.0.4.RELEASE]
	at org.springframework.beans.factory.support.DefaultListableBeanFactory.preInstantiateSingletons(DefaultListableBeanFactory.java:760) ~[spring-beans-5.0.4.RELEASE.jar:5.0.4.RELEASE]
	at org.springframework.context.support.AbstractApplicationContext.finishBeanFactoryInitialization(AbstractApplicationContext.java:868) ~[spring-context-5.0.4.RELEASE.jar:5.0.4.RELEASE]
	at org.springframework.context.support.AbstractApplicationContext.refresh(AbstractApplicationContext.java:549) ~[spring-context-5.0.4.RELEASE.jar:5.0.4.RELEASE]
	at org.springframework.boot.SpringApplication.refresh(SpringApplication.java:752) ~[spring-boot-2.0.0.RELEASE.jar:2.0.0.RELEASE]
	at org.springframework.boot.SpringApplication.refreshContext(SpringApplication.java:388) ~[spring-boot-2.0.0.RELEASE.jar:2.0.0.RELEASE]
	at org.springframework.boot.SpringApplication.run(SpringApplication.java:327) ~[spring-boot-2.0.0.RELEASE.jar:2.0.0.RELEASE]
	at org.springframework.boot.test.context.SpringBootContextLoader.loadContext(SpringBootContextLoader.java:138) ~[spring-boot-test-2.0.0.RELEASE.jar:2.0.0.RELEASE]
	at org.springframework.test.context.cache.DefaultCacheAwareContextLoaderDelegate.loadContextInternal(DefaultCacheAwareContextLoaderDelegate.java:99) ~[spring-test-5.0.4.RELEASE.jar:5.0.4.RELEASE]
	at org.springframework.test.context.cache.DefaultCacheAwareContextLoaderDelegate.loadContext(DefaultCacheAwareContextLoaderDelegate.java:117) ~[spring-test-5.0.4.RELEASE.jar:5.0.4.RELEASE]
	... 27 common frames omitted
Caused by: org.springframework.beans.factory.NoSuchBeanDefinitionException: No qualifying bean of type 'org.kitodo.mediaserver.core.util.MediaServerUtils' available: expected at least 1 bean which qualifies as autowire candidate. Dependency annotations: {}
	at org.springframework.beans.factory.support.DefaultListableBeanFactory.raiseNoMatchingBeanFound(DefaultListableBeanFactory.java:1509) ~[spring-beans-5.0.4.RELEASE.jar:5.0.4.RELEASE]
	at org.springframework.beans.factory.support.DefaultListableBeanFactory.doResolveDependency(DefaultListableBeanFactory.java:1104) ~[spring-beans-5.0.4.RELEASE.jar:5.0.4.RELEASE]
	at org.springframework.beans.factory.support.DefaultListableBeanFactory.resolveDependency(DefaultListableBeanFactory.java:1065) ~[spring-beans-5.0.4.RELEASE.jar:5.0.4.RELEASE]
	at org.springframework.beans.factory.annotation.AutowiredAnnotationBeanPostProcessor$AutowiredMethodElement.inject(AutowiredAnnotationBeanPostProcessor.java:660) ~[spring-beans-5.0.4.RELEASE.jar:5.0.4.RELEASE]
	... 45 common frames omitted

]]></system-out>
  </testcase>
  <testcase name="testDelete" classname="org.kitodo.mediaserver.ui.users.UserControllerTest" time="0.001">
    <error message="Failed to load ApplicationContext" type="java.lang.IllegalStateException">java.lang.IllegalStateException: Failed to load ApplicationContext
Caused by: org.springframework.beans.factory.UnsatisfiedDependencyException: Error creating bean with name 'workLockAction': Unsatisfied dependency expressed through method 'setMediaServerUtils' parameter 0; nested exception is org.springframework.beans.factory.NoSuchBeanDefinitionException: No qualifying bean of type 'org.kitodo.mediaserver.core.util.MediaServerUtils' available: expected at least 1 bean which qualifies as autowire candidate. Dependency annotations: {}
Caused by: org.springframework.beans.factory.NoSuchBeanDefinitionException: No qualifying bean of type 'org.kitodo.mediaserver.core.util.MediaServerUtils' available: expected at least 1 bean which qualifies as autowire candidate. Dependency annotations: {}
</error>
    <system-out><![CDATA[
  .   ____          _            __ _ _
 /\\ / ___'_ __ _ _(_)_ __  __ _ \ \ \ \
( ( )\___ | '_ | '_| | '_ \/ _` | \ \ \ \
 \\/  ___)| |_)| | | | | || (_| |  ) ) ) )
  '  |____| .__|_| |_|_| |_\__, | / / / /
 =========|_|==============|___/=/_/_/_/
 :: Spring Boot ::        (v2.0.0.RELEASE)

2018-05-30 17:46:59.433  INFO 394 --- [           main] o.k.m.ui.users.UserControllerTest        : Starting UserControllerTest on cyclone1 with PID 394 (started by root in /root/workspace/tuub/kitodo-mediaserver/385755662/kitodo-mediaserver-ui)
2018-05-30 17:46:59.434  INFO 394 --- [           main] o.k.m.ui.users.UserControllerTest        : No active profile set, falling back to default profiles: default
2018-05-30 17:46:59.440  INFO 394 --- [           main] o.s.w.c.s.GenericWebApplicationContext   : Refreshing org.springframework.web.context.support.GenericWebApplicationContext@3151277f: startup date [Wed May 30 17:46:59 CEST 2018]; root of context hierarchy
2018-05-30 17:46:59.661  INFO 394 --- [           main] beddedDataSourceBeanFactoryPostProcessor : Replacing 'dataSource' DataSource bean with embedded version
2018-05-30 17:46:59.661  INFO 394 --- [           main] o.s.b.f.s.DefaultListableBeanFactory     : Overriding bean definition for bean 'dataSource' with a different definition: replacing [Root bean: class [null]; scope=; abstract=false; lazyInit=false; autowireMode=3; dependencyCheck=0; autowireCandidate=true; primary=false; factoryBeanName=org.springframework.boot.autoconfigure.jdbc.DataSourceConfiguration$Hikari; factoryMethodName=dataSource; initMethodName=null; destroyMethodName=(inferred); defined in class path resource [org/springframework/boot/autoconfigure/jdbc/DataSourceConfiguration$Hikari.class]] with [Root bean: class [org.springframework.boot.test.autoconfigure.jdbc.TestDatabaseAutoConfiguration$EmbeddedDataSourceFactoryBean]; scope=; abstract=false; lazyInit=false; autowireMode=0; dependencyCheck=0; autowireCandidate=true; primary=false; factoryBeanName=null; factoryMethodName=null; initMethodName=null; destroyMethodName=null]
2018-05-30 17:46:59.781  INFO 394 --- [           main] o.s.j.d.e.EmbeddedDatabaseFactory        : Starting embedded database: url='jdbc:h2:mem:24a8a963-0607-4a88-9be7-539c793f4736;DB_CLOSE_DELAY=-1;DB_CLOSE_ON_EXIT=false', username='sa'
2018-05-30 17:46:59.816  INFO 394 --- [           main] o.s.jdbc.datasource.init.ScriptUtils     : Executing SQL script from URL [file:/root/workspace/tuub/kitodo-mediaserver/385755662/kitodo-mediaserver-core/target/classes/schema.sql]
2018-05-30 17:46:59.826  INFO 394 --- [           main] o.s.jdbc.datasource.init.ScriptUtils     : Executed SQL script from URL [file:/root/workspace/tuub/kitodo-mediaserver/385755662/kitodo-mediaserver-core/target/classes/schema.sql] in 10 ms.
2018-05-30 17:46:59.832  INFO 394 --- [           main] o.s.jdbc.datasource.init.ScriptUtils     : Executing SQL script from URL [file:/root/workspace/tuub/kitodo-mediaserver/385755662/kitodo-mediaserver-core/target/classes/data.sql]
2018-05-30 17:46:59.833  INFO 394 --- [           main] o.s.jdbc.datasource.init.ScriptUtils     : Executed SQL script from URL [file:/root/workspace/tuub/kitodo-mediaserver/385755662/kitodo-mediaserver-core/target/classes/data.sql] in 1 ms.
2018-05-30 17:46:59.905  INFO 394 --- [           main] j.LocalContainerEntityManagerFactoryBean : Building JPA container EntityManagerFactory for persistence unit 'default'
2018-05-30 17:46:59.906  INFO 394 --- [           main] o.hibernate.jpa.internal.util.LogHelper  : HHH000204: Processing PersistenceUnitInfo [
	name: default
	...]
2018-05-30 17:46:59.919  INFO 394 --- [           main] org.hibernate.dialect.Dialect            : HHH000400: Using dialect: org.hibernate.dialect.H2Dialect
Hibernate: drop table action_data if exists
Hibernate: drop table identifier if exists
Hibernate: drop table parameter if exists
Hibernate: drop table user if exists
Hibernate: drop table work if exists
Hibernate: create table action_data (id integer generated by default as identity, action_name varchar(255), end_time timestamp, request_time timestamp, start_time timestamp, work_id varchar(255) not null, primary key (id))
Hibernate: create table identifier (identifier varchar(255) not null, type varchar(255), work_id varchar(255) not null, primary key (identifier))
Hibernate: create table parameter (action_data_id integer not null, parameter varchar(255), parameter_key varchar(255) not null, primary key (action_data_id, parameter_key))
Hibernate: create table user (username varchar(255) not null, enabled boolean, name varchar(255), password varchar(60), primary key (username))
Hibernate: create table work (id varchar(255) not null, enabled boolean not null, path varchar(255), title varchar(255), primary key (id))
Hibernate: alter table action_data add constraint FKhauld9xvs8kr1uwnv0hy6ey0i foreign key (work_id) references work
Hibernate: alter table identifier add constraint FK1j790dbcrwm7popfo24ckd3yh foreign key (work_id) references work
Hibernate: alter table parameter add constraint FKit17rdxw4du6a0gh7tn18nq9p foreign key (action_data_id) references action_data
2018-05-30 17:47:00.070  INFO 394 --- [           main] o.h.t.schema.internal.SchemaCreatorImpl  : HHH000476: Executing import script 'org.hibernate.tool.schema.internal.exec.ScriptSourceInputNonExistentImpl@e29f4f6'
2018-05-30 17:47:00.071  INFO 394 --- [           main] j.LocalContainerEntityManagerFactoryBean : Initialized JPA EntityManagerFactory for persistence unit 'default'
2018-05-30 17:47:00.443  INFO 394 --- [           main] o.s.s.web.DefaultSecurityFilterChain     : Creating filter chain: org.springframework.security.web.util.matcher.AnyRequestMatcher@1, [org.springframework.security.web.context.request.async.WebAsyncManagerIntegrationFilter@31940d6b, org.springframework.security.web.context.SecurityContextPersistenceFilter@a6204e4, org.springframework.security.web.header.HeaderWriterFilter@6c1a6db1, org.springframework.security.web.csrf.CsrfFilter@673605ef, org.springframework.security.web.authentication.logout.LogoutFilter@75fa9254, org.springframework.security.web.authentication.UsernamePasswordAuthenticationFilter@59043741, org.springframework.security.web.savedrequest.RequestCacheAwareFilter@747e8659, org.springframework.security.web.servletapi.SecurityContextHolderAwareRequestFilter@4b360a82, org.springframework.security.web.authentication.AnonymousAuthenticationFilter@64cdc310, org.springframework.security.web.session.SessionManagementFilter@5dac6bc3, org.springframework.security.web.access.ExceptionTranslationFilter@29eaf100, org.springframework.security.web.access.intercept.FilterSecurityInterceptor@744db9fb]
2018-05-30 17:47:00.456  WARN 394 --- [           main] aWebConfiguration$JpaWebMvcConfiguration : spring.jpa.open-in-view is enabled by default. Therefore, database queries may be performed during view rendering. Explicitly configure spring.jpa.open-in-view to disable this warning
2018-05-30 17:47:00.482  INFO 394 --- [           main] s.w.s.m.m.a.RequestMappingHandlerMapping : Mapped "{[/]}" onto public java.lang.String org.kitodo.mediaserver.ui.IndexController.index()
2018-05-30 17:47:00.483  INFO 394 --- [           main] s.w.s.m.m.a.RequestMappingHandlerMapping : Mapped "{[/jobs]}" onto public java.lang.String org.kitodo.mediaserver.ui.jobs.JobsController.jobs(org.springframework.ui.Model)
2018-05-30 17:47:00.484  INFO 394 --- [           main] s.w.s.m.m.a.RequestMappingHandlerMapping : Mapped "{[/status]}" onto public java.lang.String org.kitodo.mediaserver.ui.status.StatusController.status(org.springframework.ui.Model)
2018-05-30 17:47:00.491  INFO 394 --- [           main] s.w.s.m.m.a.RequestMappingHandlerMapping : Mapped "{[/users/{username}],methods=[GET]}" onto public java.lang.String org.kitodo.mediaserver.ui.users.UserController.editForm(org.springframework.ui.Model,java.lang.String)
2018-05-30 17:47:00.491  INFO 394 --- [           main] s.w.s.m.m.a.RequestMappingHandlerMapping : Mapped "{[/users/{username}],methods=[POST]}" onto public java.lang.String org.kitodo.mediaserver.ui.users.UserController.editSubmit(org.springframework.ui.Model,java.lang.String,org.kitodo.mediaserver.ui.users.UserDto,org.springframework.validation.BindingResult,java.security.Principal)
2018-05-30 17:47:00.492  INFO 394 --- [           main] s.w.s.m.m.a.RequestMappingHandlerMapping : Mapped "{[/users/{username}/delete],methods=[POST]}" onto public java.lang.String org.kitodo.mediaserver.ui.users.UserController.deleteSubmit(java.lang.String,org.springframework.web.servlet.mvc.support.RedirectAttributes,java.security.Principal)
2018-05-30 17:47:00.492  INFO 394 --- [           main] s.w.s.m.m.a.RequestMappingHandlerMapping : Mapped "{[/users/-new],methods=[GET]}" onto public java.lang.String org.kitodo.mediaserver.ui.users.UserController.createForm(org.springframework.ui.Model)
2018-05-30 17:47:00.492  INFO 394 --- [           main] s.w.s.m.m.a.RequestMappingHandlerMapping : Mapped "{[/users/-new],methods=[POST]}" onto public java.lang.String org.kitodo.mediaserver.ui.users.UserController.createSubmit(org.springframework.ui.Model,org.kitodo.mediaserver.ui.users.UserDto,org.springframework.validation.BindingResult)
2018-05-30 17:47:00.493  INFO 394 --- [           main] s.w.s.m.m.a.RequestMappingHandlerMapping : Mapped "{[/users]}" onto public java.lang.String org.kitodo.mediaserver.ui.users.UserController.list(org.springframework.ui.Model,java.lang.String)
2018-05-30 17:47:00.495  INFO 394 --- [           main] s.w.s.m.m.a.RequestMappingHandlerMapping : Mapped "{[/works/{id}/lockcomment],methods=[GET],produces=[application/json]}" onto public java.util.Map<java.lang.String, java.lang.String> org.kitodo.mediaserver.ui.works.WorkController.getLockComment(java.lang.String) throws org.kitodo.mediaserver.core.exceptions.WorkNotFoundException
2018-05-30 17:47:00.495  INFO 394 --- [           main] s.w.s.m.m.a.RequestMappingHandlerMapping : Mapped "{[/works/{id}],methods=[POST]}" onto public java.lang.String org.kitodo.mediaserver.ui.works.WorkController.edit(java.lang.String,java.lang.String,java.lang.String,org.springframework.web.servlet.mvc.support.RedirectAttributes)
2018-05-30 17:47:00.496  INFO 394 --- [           main] s.w.s.m.m.a.RequestMappingHandlerMapping : Mapped "{[/works/{id}/cache/delete],methods=[POST]}" onto public java.lang.String org.kitodo.mediaserver.ui.works.WorkController.cacheDelete(java.lang.String,org.springframework.web.servlet.mvc.support.RedirectAttributes)
2018-05-30 17:47:00.496  INFO 394 --- [           main] s.w.s.m.m.a.RequestMappingHandlerMapping : Mapped "{[/works]}" onto public java.lang.String org.kitodo.mediaserver.ui.works.WorkController.list(org.springframework.ui.Model,org.springframework.data.domain.Pageable,java.lang.String,java.lang.String)
2018-05-30 17:47:00.519  INFO 394 --- [           main] o.s.w.s.handler.SimpleUrlHandlerMapping  : Mapped URL path [/login] onto handler of type [class org.springframework.web.servlet.mvc.ParameterizableViewController]
2018-05-30 17:47:00.541  INFO 394 --- [           main] o.s.w.s.handler.SimpleUrlHandlerMapping  : Mapped URL path [/static/**] onto handler of type [class org.springframework.web.servlet.resource.ResourceHttpRequestHandler]
2018-05-30 17:47:00.589  INFO 394 --- [           main] s.w.s.m.m.a.RequestMappingHandlerAdapter : Looking for @ControllerAdvice: org.springframework.web.context.support.GenericWebApplicationContext@3151277f: startup date [Wed May 30 17:46:59 CEST 2018]; root of context hierarchy
2018-05-30 17:47:00.643  WARN 394 --- [           main] o.s.w.c.s.GenericWebApplicationContext   : Exception encountered during context initialization - cancelling refresh attempt: org.springframework.beans.factory.UnsatisfiedDependencyException: Error creating bean with name 'workLockAction': Unsatisfied dependency expressed through method 'setMediaServerUtils' parameter 0; nested exception is org.springframework.beans.factory.NoSuchBeanDefinitionException: No qualifying bean of type 'org.kitodo.mediaserver.core.util.MediaServerUtils' available: expected at least 1 bean which qualifies as autowire candidate. Dependency annotations: {}
2018-05-30 17:47:00.644  INFO 394 --- [           main] j.LocalContainerEntityManagerFactoryBean : Closing JPA EntityManagerFactory for persistence unit 'default'
2018-05-30 17:47:00.644  INFO 394 --- [           main] .SchemaDropperImpl$DelayedDropActionImpl : HHH000477: Starting delayed drop of schema as part of SessionFactory shut-down'
Hibernate: drop table action_data if exists
Hibernate: drop table identifier if exists
Hibernate: drop table parameter if exists
Hibernate: drop table user if exists
Hibernate: drop table work if exists
2018-05-30 17:47:00.649  INFO 394 --- [           main] ConditionEvaluationReportLoggingListener : 

Error starting ApplicationContext. To display the conditions report re-run your application with 'debug' enabled.
2018-05-30 17:47:00.675 ERROR 394 --- [           main] o.s.b.d.LoggingFailureAnalysisReporter   : 

***************************
APPLICATION FAILED TO START
***************************

Description:

Parameter 0 of method setMediaServerUtils in org.kitodo.mediaserver.core.actions.WorkLockAction required a bean of type 'org.kitodo.mediaserver.core.util.MediaServerUtils' that could not be found.


Action:

Consider defining a bean of type 'org.kitodo.mediaserver.core.util.MediaServerUtils' in your configuration.

2018-05-30 17:47:00.677 ERROR 394 --- [           main] o.s.test.context.TestContextManager      : Caught exception while allowing TestExecutionListener [org.springframework.test.context.web.ServletTestExecutionListener@6b8ca3c8] to prepare test instance [org.kitodo.mediaserver.ui.users.UserControllerTest@54087bdb]

java.lang.IllegalStateException: Failed to load ApplicationContext
	at org.springframework.test.context.cache.DefaultCacheAwareContextLoaderDelegate.loadContext(DefaultCacheAwareContextLoaderDelegate.java:125) ~[spring-test-5.0.4.RELEASE.jar:5.0.4.RELEASE]
	at org.springframework.test.context.support.DefaultTestContext.getApplicationContext(DefaultTestContext.java:107) ~[spring-test-5.0.4.RELEASE.jar:5.0.4.RELEASE]
	at org.springframework.test.context.web.ServletTestExecutionListener.setUpRequestContextIfNecessary(ServletTestExecutionListener.java:190) ~[spring-test-5.0.4.RELEASE.jar:5.0.4.RELEASE]
	at org.springframework.test.context.web.ServletTestExecutionListener.prepareTestInstance(ServletTestExecutionListener.java:132) ~[spring-test-5.0.4.RELEASE.jar:5.0.4.RELEASE]
	at org.springframework.test.context.TestContextManager.prepareTestInstance(TestContextManager.java:242) ~[spring-test-5.0.4.RELEASE.jar:5.0.4.RELEASE]
	at org.springframework.test.context.junit4.SpringJUnit4ClassRunner.createTest(SpringJUnit4ClassRunner.java:227) [spring-test-5.0.4.RELEASE.jar:5.0.4.RELEASE]
	at org.springframework.test.context.junit4.SpringJUnit4ClassRunner$1.runReflectiveCall(SpringJUnit4ClassRunner.java:289) [spring-test-5.0.4.RELEASE.jar:5.0.4.RELEASE]
	at org.junit.internal.runners.model.ReflectiveCallable.run(ReflectiveCallable.java:12) [junit-4.12.jar:4.12]
	at org.springframework.test.context.junit4.SpringJUnit4ClassRunner.methodBlock(SpringJUnit4ClassRunner.java:291) [spring-test-5.0.4.RELEASE.jar:5.0.4.RELEASE]
	at org.springframework.test.context.junit4.SpringJUnit4ClassRunner.runChild(SpringJUnit4ClassRunner.java:246) [spring-test-5.0.4.RELEASE.jar:5.0.4.RELEASE]
	at org.springframework.test.context.junit4.SpringJUnit4ClassRunner.runChild(SpringJUnit4ClassRunner.java:97) [spring-test-5.0.4.RELEASE.jar:5.0.4.RELEASE]
	at org.junit.runners.ParentRunner$3.run(ParentRunner.java:290) [junit-4.12.jar:4.12]
	at org.junit.runners.ParentRunner$1.schedule(ParentRunner.java:71) [junit-4.12.jar:4.12]
	at org.junit.runners.ParentRunner.runChildren(ParentRunner.java:288) [junit-4.12.jar:4.12]
	at org.junit.runners.ParentRunner.access$000(ParentRunner.java:58) [junit-4.12.jar:4.12]
	at org.junit.runners.ParentRunner$2.evaluate(ParentRunner.java:268) [junit-4.12.jar:4.12]
	at org.springframework.test.context.junit4.statements.RunBeforeTestClassCallbacks.evaluate(RunBeforeTestClassCallbacks.java:61) [spring-test-5.0.4.RELEASE.jar:5.0.4.RELEASE]
	at org.springframework.test.context.junit4.statements.RunAfterTestClassCallbacks.evaluate(RunAfterTestClassCallbacks.java:70) [spring-test-5.0.4.RELEASE.jar:5.0.4.RELEASE]
	at org.junit.runners.ParentRunner.run(ParentRunner.java:363) [junit-4.12.jar:4.12]
	at org.springframework.test.context.junit4.SpringJUnit4ClassRunner.run(SpringJUnit4ClassRunner.java:190) [spring-test-5.0.4.RELEASE.jar:5.0.4.RELEASE]
	at org.apache.maven.surefire.junit4.JUnit4Provider.execute(JUnit4Provider.java:369) [surefire-junit4-2.20.1.jar:2.20.1]
	at org.apache.maven.surefire.junit4.JUnit4Provider.executeWithRerun(JUnit4Provider.java:275) [surefire-junit4-2.20.1.jar:2.20.1]
	at org.apache.maven.surefire.junit4.JUnit4Provider.executeTestSet(JUnit4Provider.java:239) [surefire-junit4-2.20.1.jar:2.20.1]
	at org.apache.maven.surefire.junit4.JUnit4Provider.invoke(JUnit4Provider.java:160) [surefire-junit4-2.20.1.jar:2.20.1]
	at org.apache.maven.surefire.booter.ForkedBooter.invokeProviderInSameClassLoader(ForkedBooter.java:373) [surefire-booter-2.20.1.jar:2.20.1]
	at org.apache.maven.surefire.booter.ForkedBooter.runSuitesInProcess(ForkedBooter.java:334) [surefire-booter-2.20.1.jar:2.20.1]
	at org.apache.maven.surefire.booter.ForkedBooter.execute(ForkedBooter.java:119) [surefire-booter-2.20.1.jar:2.20.1]
	at org.apache.maven.surefire.booter.ForkedBooter.main(ForkedBooter.java:407) [surefire-booter-2.20.1.jar:2.20.1]
Caused by: org.springframework.beans.factory.UnsatisfiedDependencyException: Error creating bean with name 'workLockAction': Unsatisfied dependency expressed through method 'setMediaServerUtils' parameter 0; nested exception is org.springframework.beans.factory.NoSuchBeanDefinitionException: No qualifying bean of type 'org.kitodo.mediaserver.core.util.MediaServerUtils' available: expected at least 1 bean which qualifies as autowire candidate. Dependency annotations: {}
	at org.springframework.beans.factory.annotation.AutowiredAnnotationBeanPostProcessor$AutowiredMethodElement.inject(AutowiredAnnotationBeanPostProcessor.java:668) ~[spring-beans-5.0.4.RELEASE.jar:5.0.4.RELEASE]
	at org.springframework.beans.factory.annotation.InjectionMetadata.inject(InjectionMetadata.java:91) ~[spring-beans-5.0.4.RELEASE.jar:5.0.4.RELEASE]
	at org.springframework.beans.factory.annotation.AutowiredAnnotationBeanPostProcessor.postProcessPropertyValues(AutowiredAnnotationBeanPostProcessor.java:373) ~[spring-beans-5.0.4.RELEASE.jar:5.0.4.RELEASE]
	at org.springframework.beans.factory.support.AbstractAutowireCapableBeanFactory.populateBean(AbstractAutowireCapableBeanFactory.java:1344) ~[spring-beans-5.0.4.RELEASE.jar:5.0.4.RELEASE]
	at org.springframework.beans.factory.support.AbstractAutowireCapableBeanFactory.doCreateBean(AbstractAutowireCapableBeanFactory.java:582) ~[spring-beans-5.0.4.RELEASE.jar:5.0.4.RELEASE]
	at org.springframework.beans.factory.support.AbstractAutowireCapableBeanFactory.createBean(AbstractAutowireCapableBeanFactory.java:502) ~[spring-beans-5.0.4.RELEASE.jar:5.0.4.RELEASE]
	at org.springframework.beans.factory.support.AbstractBeanFactory.lambda$doGetBean$0(AbstractBeanFactory.java:312) ~[spring-beans-5.0.4.RELEASE.jar:5.0.4.RELEASE]
	at org.springframework.beans.factory.support.DefaultSingletonBeanRegistry.getSingleton(DefaultSingletonBeanRegistry.java:228) ~[spring-beans-5.0.4.RELEASE.jar:5.0.4.RELEASE]
	at org.springframework.beans.factory.support.AbstractBeanFactory.doGetBean(AbstractBeanFactory.java:310) ~[spring-beans-5.0.4.RELEASE.jar:5.0.4.RELEASE]
	at org.springframework.beans.factory.support.AbstractBeanFactory.getBean(AbstractBeanFactory.java:200) ~[spring-beans-5.0.4.RELEASE.jar:5.0.4.RELEASE]
	at org.springframework.beans.factory.support.DefaultListableBeanFactory.preInstantiateSingletons(DefaultListableBeanFactory.java:760) ~[spring-beans-5.0.4.RELEASE.jar:5.0.4.RELEASE]
	at org.springframework.context.support.AbstractApplicationContext.finishBeanFactoryInitialization(AbstractApplicationContext.java:868) ~[spring-context-5.0.4.RELEASE.jar:5.0.4.RELEASE]
	at org.springframework.context.support.AbstractApplicationContext.refresh(AbstractApplicationContext.java:549) ~[spring-context-5.0.4.RELEASE.jar:5.0.4.RELEASE]
	at org.springframework.boot.SpringApplication.refresh(SpringApplication.java:752) ~[spring-boot-2.0.0.RELEASE.jar:2.0.0.RELEASE]
	at org.springframework.boot.SpringApplication.refreshContext(SpringApplication.java:388) ~[spring-boot-2.0.0.RELEASE.jar:2.0.0.RELEASE]
	at org.springframework.boot.SpringApplication.run(SpringApplication.java:327) ~[spring-boot-2.0.0.RELEASE.jar:2.0.0.RELEASE]
	at org.springframework.boot.test.context.SpringBootContextLoader.loadContext(SpringBootContextLoader.java:138) ~[spring-boot-test-2.0.0.RELEASE.jar:2.0.0.RELEASE]
	at org.springframework.test.context.cache.DefaultCacheAwareContextLoaderDelegate.loadContextInternal(DefaultCacheAwareContextLoaderDelegate.java:99) ~[spring-test-5.0.4.RELEASE.jar:5.0.4.RELEASE]
	at org.springframework.test.context.cache.DefaultCacheAwareContextLoaderDelegate.loadContext(DefaultCacheAwareContextLoaderDelegate.java:117) ~[spring-test-5.0.4.RELEASE.jar:5.0.4.RELEASE]
	... 27 common frames omitted
Caused by: org.springframework.beans.factory.NoSuchBeanDefinitionException: No qualifying bean of type 'org.kitodo.mediaserver.core.util.MediaServerUtils' available: expected at least 1 bean which qualifies as autowire candidate. Dependency annotations: {}
	at org.springframework.beans.factory.support.DefaultListableBeanFactory.raiseNoMatchingBeanFound(DefaultListableBeanFactory.java:1509) ~[spring-beans-5.0.4.RELEASE.jar:5.0.4.RELEASE]
	at org.springframework.beans.factory.support.DefaultListableBeanFactory.doResolveDependency(DefaultListableBeanFactory.java:1104) ~[spring-beans-5.0.4.RELEASE.jar:5.0.4.RELEASE]
	at org.springframework.beans.factory.support.DefaultListableBeanFactory.resolveDependency(DefaultListableBeanFactory.java:1065) ~[spring-beans-5.0.4.RELEASE.jar:5.0.4.RELEASE]
	at org.springframework.beans.factory.annotation.AutowiredAnnotationBeanPostProcessor$AutowiredMethodElement.inject(AutowiredAnnotationBeanPostProcessor.java:660) ~[spring-beans-5.0.4.RELEASE.jar:5.0.4.RELEASE]
	... 45 common frames omitted

]]></system-out>
  </testcase>
  <testcase name="deleteYourself" classname="org.kitodo.mediaserver.ui.users.UserControllerTest" time="0.001">
    <error message="Failed to load ApplicationContext" type="java.lang.IllegalStateException">java.lang.IllegalStateException: Failed to load ApplicationContext
Caused by: org.springframework.beans.factory.UnsatisfiedDependencyException: Error creating bean with name 'workLockAction': Unsatisfied dependency expressed through method 'setMediaServerUtils' parameter 0; nested exception is org.springframework.beans.factory.NoSuchBeanDefinitionException: No qualifying bean of type 'org.kitodo.mediaserver.core.util.MediaServerUtils' available: expected at least 1 bean which qualifies as autowire candidate. Dependency annotations: {}
Caused by: org.springframework.beans.factory.NoSuchBeanDefinitionException: No qualifying bean of type 'org.kitodo.mediaserver.core.util.MediaServerUtils' available: expected at least 1 bean which qualifies as autowire candidate. Dependency annotations: {}
</error>
    <system-out><![CDATA[
  .   ____          _            __ _ _
 /\\ / ___'_ __ _ _(_)_ __  __ _ \ \ \ \
( ( )\___ | '_ | '_| | '_ \/ _` | \ \ \ \
 \\/  ___)| |_)| | | | | || (_| |  ) ) ) )
  '  |____| .__|_| |_|_| |_\__, | / / / /
 =========|_|==============|___/=/_/_/_/
 :: Spring Boot ::        (v2.0.0.RELEASE)

2018-05-30 17:47:00.732  INFO 394 --- [           main] o.k.m.ui.users.UserControllerTest        : Starting UserControllerTest on cyclone1 with PID 394 (started by root in /root/workspace/tuub/kitodo-mediaserver/385755662/kitodo-mediaserver-ui)
2018-05-30 17:47:00.733  INFO 394 --- [           main] o.k.m.ui.users.UserControllerTest        : No active profile set, falling back to default profiles: default
2018-05-30 17:47:00.737  INFO 394 --- [           main] o.s.w.c.s.GenericWebApplicationContext   : Refreshing org.springframework.web.context.support.GenericWebApplicationContext@4cbb11e4: startup date [Wed May 30 17:47:00 CEST 2018]; root of context hierarchy
2018-05-30 17:47:00.902  INFO 394 --- [           main] beddedDataSourceBeanFactoryPostProcessor : Replacing 'dataSource' DataSource bean with embedded version
2018-05-30 17:47:00.902  INFO 394 --- [           main] o.s.b.f.s.DefaultListableBeanFactory     : Overriding bean definition for bean 'dataSource' with a different definition: replacing [Root bean: class [null]; scope=; abstract=false; lazyInit=false; autowireMode=3; dependencyCheck=0; autowireCandidate=true; primary=false; factoryBeanName=org.springframework.boot.autoconfigure.jdbc.DataSourceConfiguration$Hikari; factoryMethodName=dataSource; initMethodName=null; destroyMethodName=(inferred); defined in class path resource [org/springframework/boot/autoconfigure/jdbc/DataSourceConfiguration$Hikari.class]] with [Root bean: class [org.springframework.boot.test.autoconfigure.jdbc.TestDatabaseAutoConfiguration$EmbeddedDataSourceFactoryBean]; scope=; abstract=false; lazyInit=false; autowireMode=0; dependencyCheck=0; autowireCandidate=true; primary=false; factoryBeanName=null; factoryMethodName=null; initMethodName=null; destroyMethodName=null]
2018-05-30 17:47:01.007  INFO 394 --- [           main] o.s.j.d.e.EmbeddedDatabaseFactory        : Starting embedded database: url='jdbc:h2:mem:f4c2ba7b-2700-40e4-a426-4b83d91f9fad;DB_CLOSE_DELAY=-1;DB_CLOSE_ON_EXIT=false', username='sa'
2018-05-30 17:47:01.023  INFO 394 --- [           main] o.s.jdbc.datasource.init.ScriptUtils     : Executing SQL script from URL [file:/root/workspace/tuub/kitodo-mediaserver/385755662/kitodo-mediaserver-core/target/classes/schema.sql]
2018-05-30 17:47:01.030  INFO 394 --- [           main] o.s.jdbc.datasource.init.ScriptUtils     : Executed SQL script from URL [file:/root/workspace/tuub/kitodo-mediaserver/385755662/kitodo-mediaserver-core/target/classes/schema.sql] in 7 ms.
2018-05-30 17:47:01.033  INFO 394 --- [           main] o.s.jdbc.datasource.init.ScriptUtils     : Executing SQL script from URL [file:/root/workspace/tuub/kitodo-mediaserver/385755662/kitodo-mediaserver-core/target/classes/data.sql]
2018-05-30 17:47:01.034  INFO 394 --- [           main] o.s.jdbc.datasource.init.ScriptUtils     : Executed SQL script from URL [file:/root/workspace/tuub/kitodo-mediaserver/385755662/kitodo-mediaserver-core/target/classes/data.sql] in 1 ms.
2018-05-30 17:47:01.100  INFO 394 --- [           main] j.LocalContainerEntityManagerFactoryBean : Building JPA container EntityManagerFactory for persistence unit 'default'
2018-05-30 17:47:01.100  INFO 394 --- [           main] o.hibernate.jpa.internal.util.LogHelper  : HHH000204: Processing PersistenceUnitInfo [
	name: default
	...]
2018-05-30 17:47:01.112  INFO 394 --- [           main] org.hibernate.dialect.Dialect            : HHH000400: Using dialect: org.hibernate.dialect.H2Dialect
Hibernate: drop table action_data if exists
Hibernate: drop table identifier if exists
Hibernate: drop table parameter if exists
Hibernate: drop table user if exists
Hibernate: drop table work if exists
Hibernate: create table action_data (id integer generated by default as identity, action_name varchar(255), end_time timestamp, request_time timestamp, start_time timestamp, work_id varchar(255) not null, primary key (id))
Hibernate: create table identifier (identifier varchar(255) not null, type varchar(255), work_id varchar(255) not null, primary key (identifier))
Hibernate: create table parameter (action_data_id integer not null, parameter varchar(255), parameter_key varchar(255) not null, primary key (action_data_id, parameter_key))
Hibernate: create table user (username varchar(255) not null, enabled boolean, name varchar(255), password varchar(60), primary key (username))
Hibernate: create table work (id varchar(255) not null, enabled boolean not null, path varchar(255), title varchar(255), primary key (id))
Hibernate: alter table action_data add constraint FKhauld9xvs8kr1uwnv0hy6ey0i foreign key (work_id) references work
Hibernate: alter table identifier add constraint FK1j790dbcrwm7popfo24ckd3yh foreign key (work_id) references work
Hibernate: alter table parameter add constraint FKit17rdxw4du6a0gh7tn18nq9p foreign key (action_data_id) references action_data
2018-05-30 17:47:01.197  INFO 394 --- [           main] o.h.t.schema.internal.SchemaCreatorImpl  : HHH000476: Executing import script 'org.hibernate.tool.schema.internal.exec.ScriptSourceInputNonExistentImpl@e29f4f6'
2018-05-30 17:47:01.197  INFO 394 --- [           main] j.LocalContainerEntityManagerFactoryBean : Initialized JPA EntityManagerFactory for persistence unit 'default'
2018-05-30 17:47:01.456  INFO 394 --- [           main] o.s.s.web.DefaultSecurityFilterChain     : Creating filter chain: org.springframework.security.web.util.matcher.AnyRequestMatcher@1, [org.springframework.security.web.context.request.async.WebAsyncManagerIntegrationFilter@44580de0, org.springframework.security.web.context.SecurityContextPersistenceFilter@7298c2d9, org.springframework.security.web.header.HeaderWriterFilter@646c872a, org.springframework.security.web.csrf.CsrfFilter@7962c1d5, org.springframework.security.web.authentication.logout.LogoutFilter@74d776fb, org.springframework.security.web.authentication.UsernamePasswordAuthenticationFilter@1a45e29f, org.springframework.security.web.savedrequest.RequestCacheAwareFilter@377cbdae, org.springframework.security.web.servletapi.SecurityContextHolderAwareRequestFilter@37a939bc, org.springframework.security.web.authentication.AnonymousAuthenticationFilter@7b4c793b, org.springframework.security.web.session.SessionManagementFilter@1d9bd4d6, org.springframework.security.web.access.ExceptionTranslationFilter@56226064, org.springframework.security.web.access.intercept.FilterSecurityInterceptor@32430075]
2018-05-30 17:47:01.467  WARN 394 --- [           main] aWebConfiguration$JpaWebMvcConfiguration : spring.jpa.open-in-view is enabled by default. Therefore, database queries may be performed during view rendering. Explicitly configure spring.jpa.open-in-view to disable this warning
2018-05-30 17:47:01.486  INFO 394 --- [           main] s.w.s.m.m.a.RequestMappingHandlerMapping : Mapped "{[/]}" onto public java.lang.String org.kitodo.mediaserver.ui.IndexController.index()
2018-05-30 17:47:01.487  INFO 394 --- [           main] s.w.s.m.m.a.RequestMappingHandlerMapping : Mapped "{[/jobs]}" onto public java.lang.String org.kitodo.mediaserver.ui.jobs.JobsController.jobs(org.springframework.ui.Model)
2018-05-30 17:47:01.487  INFO 394 --- [           main] s.w.s.m.m.a.RequestMappingHandlerMapping : Mapped "{[/status]}" onto public java.lang.String org.kitodo.mediaserver.ui.status.StatusController.status(org.springframework.ui.Model)
2018-05-30 17:47:01.489  INFO 394 --- [           main] s.w.s.m.m.a.RequestMappingHandlerMapping : Mapped "{[/users/{username}],methods=[GET]}" onto public java.lang.String org.kitodo.mediaserver.ui.users.UserController.editForm(org.springframework.ui.Model,java.lang.String)
2018-05-30 17:47:01.490  INFO 394 --- [           main] s.w.s.m.m.a.RequestMappingHandlerMapping : Mapped "{[/users/{username}],methods=[POST]}" onto public java.lang.String org.kitodo.mediaserver.ui.users.UserController.editSubmit(org.springframework.ui.Model,java.lang.String,org.kitodo.mediaserver.ui.users.UserDto,org.springframework.validation.BindingResult,java.security.Principal)
2018-05-30 17:47:01.490  INFO 394 --- [           main] s.w.s.m.m.a.RequestMappingHandlerMapping : Mapped "{[/users/{username}/delete],methods=[POST]}" onto public java.lang.String org.kitodo.mediaserver.ui.users.UserController.deleteSubmit(java.lang.String,org.springframework.web.servlet.mvc.support.RedirectAttributes,java.security.Principal)
2018-05-30 17:47:01.490  INFO 394 --- [           main] s.w.s.m.m.a.RequestMappingHandlerMapping : Mapped "{[/users/-new],methods=[GET]}" onto public java.lang.String org.kitodo.mediaserver.ui.users.UserController.createForm(org.springframework.ui.Model)
2018-05-30 17:47:01.490  INFO 394 --- [           main] s.w.s.m.m.a.RequestMappingHandlerMapping : Mapped "{[/users/-new],methods=[POST]}" onto public java.lang.String org.kitodo.mediaserver.ui.users.UserController.createSubmit(org.springframework.ui.Model,org.kitodo.mediaserver.ui.users.UserDto,org.springframework.validation.BindingResult)
2018-05-30 17:47:01.490  INFO 394 --- [           main] s.w.s.m.m.a.RequestMappingHandlerMapping : Mapped "{[/users]}" onto public java.lang.String org.kitodo.mediaserver.ui.users.UserController.list(org.springframework.ui.Model,java.lang.String)
2018-05-30 17:47:01.492  INFO 394 --- [           main] s.w.s.m.m.a.RequestMappingHandlerMapping : Mapped "{[/works/{id}/lockcomment],methods=[GET],produces=[application/json]}" onto public java.util.Map<java.lang.String, java.lang.String> org.kitodo.mediaserver.ui.works.WorkController.getLockComment(java.lang.String) throws org.kitodo.mediaserver.core.exceptions.WorkNotFoundException
2018-05-30 17:47:01.492  INFO 394 --- [           main] s.w.s.m.m.a.RequestMappingHandlerMapping : Mapped "{[/works/{id}],methods=[POST]}" onto public java.lang.String org.kitodo.mediaserver.ui.works.WorkController.edit(java.lang.String,java.lang.String,java.lang.String,org.springframework.web.servlet.mvc.support.RedirectAttributes)
2018-05-30 17:47:01.492  INFO 394 --- [           main] s.w.s.m.m.a.RequestMappingHandlerMapping : Mapped "{[/works/{id}/cache/delete],methods=[POST]}" onto public java.lang.String org.kitodo.mediaserver.ui.works.WorkController.cacheDelete(java.lang.String,org.springframework.web.servlet.mvc.support.RedirectAttributes)
2018-05-30 17:47:01.492  INFO 394 --- [           main] s.w.s.m.m.a.RequestMappingHandlerMapping : Mapped "{[/works]}" onto public java.lang.String org.kitodo.mediaserver.ui.works.WorkController.list(org.springframework.ui.Model,org.springframework.data.domain.Pageable,java.lang.String,java.lang.String)
2018-05-30 17:47:01.505  INFO 394 --- [           main] o.s.w.s.handler.SimpleUrlHandlerMapping  : Mapped URL path [/login] onto handler of type [class org.springframework.web.servlet.mvc.ParameterizableViewController]
2018-05-30 17:47:01.518  INFO 394 --- [           main] o.s.w.s.handler.SimpleUrlHandlerMapping  : Mapped URL path [/static/**] onto handler of type [class org.springframework.web.servlet.resource.ResourceHttpRequestHandler]
2018-05-30 17:47:01.548  INFO 394 --- [           main] s.w.s.m.m.a.RequestMappingHandlerAdapter : Looking for @ControllerAdvice: org.springframework.web.context.support.GenericWebApplicationContext@4cbb11e4: startup date [Wed May 30 17:47:00 CEST 2018]; root of context hierarchy
2018-05-30 17:47:01.578  WARN 394 --- [           main] o.s.w.c.s.GenericWebApplicationContext   : Exception encountered during context initialization - cancelling refresh attempt: org.springframework.beans.factory.UnsatisfiedDependencyException: Error creating bean with name 'workLockAction': Unsatisfied dependency expressed through method 'setMediaServerUtils' parameter 0; nested exception is org.springframework.beans.factory.NoSuchBeanDefinitionException: No qualifying bean of type 'org.kitodo.mediaserver.core.util.MediaServerUtils' available: expected at least 1 bean which qualifies as autowire candidate. Dependency annotations: {}
2018-05-30 17:47:01.579  INFO 394 --- [           main] j.LocalContainerEntityManagerFactoryBean : Closing JPA EntityManagerFactory for persistence unit 'default'
2018-05-30 17:47:01.579  INFO 394 --- [           main] .SchemaDropperImpl$DelayedDropActionImpl : HHH000477: Starting delayed drop of schema as part of SessionFactory shut-down'
Hibernate: drop table action_data if exists
Hibernate: drop table identifier if exists
Hibernate: drop table parameter if exists
Hibernate: drop table user if exists
Hibernate: drop table work if exists
2018-05-30 17:47:01.584  INFO 394 --- [           main] ConditionEvaluationReportLoggingListener : 

Error starting ApplicationContext. To display the conditions report re-run your application with 'debug' enabled.
2018-05-30 17:47:01.608 ERROR 394 --- [           main] o.s.b.d.LoggingFailureAnalysisReporter   : 

***************************
APPLICATION FAILED TO START
***************************

Description:

Parameter 0 of method setMediaServerUtils in org.kitodo.mediaserver.core.actions.WorkLockAction required a bean of type 'org.kitodo.mediaserver.core.util.MediaServerUtils' that could not be found.


Action:

Consider defining a bean of type 'org.kitodo.mediaserver.core.util.MediaServerUtils' in your configuration.

2018-05-30 17:47:01.609 ERROR 394 --- [           main] o.s.test.context.TestContextManager      : Caught exception while allowing TestExecutionListener [org.springframework.test.context.web.ServletTestExecutionListener@6b8ca3c8] to prepare test instance [org.kitodo.mediaserver.ui.users.UserControllerTest@48cbe1c9]

java.lang.IllegalStateException: Failed to load ApplicationContext
	at org.springframework.test.context.cache.DefaultCacheAwareContextLoaderDelegate.loadContext(DefaultCacheAwareContextLoaderDelegate.java:125) ~[spring-test-5.0.4.RELEASE.jar:5.0.4.RELEASE]
	at org.springframework.test.context.support.DefaultTestContext.getApplicationContext(DefaultTestContext.java:107) ~[spring-test-5.0.4.RELEASE.jar:5.0.4.RELEASE]
	at org.springframework.test.context.web.ServletTestExecutionListener.setUpRequestContextIfNecessary(ServletTestExecutionListener.java:190) ~[spring-test-5.0.4.RELEASE.jar:5.0.4.RELEASE]
	at org.springframework.test.context.web.ServletTestExecutionListener.prepareTestInstance(ServletTestExecutionListener.java:132) ~[spring-test-5.0.4.RELEASE.jar:5.0.4.RELEASE]
	at org.springframework.test.context.TestContextManager.prepareTestInstance(TestContextManager.java:242) ~[spring-test-5.0.4.RELEASE.jar:5.0.4.RELEASE]
	at org.springframework.test.context.junit4.SpringJUnit4ClassRunner.createTest(SpringJUnit4ClassRunner.java:227) [spring-test-5.0.4.RELEASE.jar:5.0.4.RELEASE]
	at org.springframework.test.context.junit4.SpringJUnit4ClassRunner$1.runReflectiveCall(SpringJUnit4ClassRunner.java:289) [spring-test-5.0.4.RELEASE.jar:5.0.4.RELEASE]
	at org.junit.internal.runners.model.ReflectiveCallable.run(ReflectiveCallable.java:12) [junit-4.12.jar:4.12]
	at org.springframework.test.context.junit4.SpringJUnit4ClassRunner.methodBlock(SpringJUnit4ClassRunner.java:291) [spring-test-5.0.4.RELEASE.jar:5.0.4.RELEASE]
	at org.springframework.test.context.junit4.SpringJUnit4ClassRunner.runChild(SpringJUnit4ClassRunner.java:246) [spring-test-5.0.4.RELEASE.jar:5.0.4.RELEASE]
	at org.springframework.test.context.junit4.SpringJUnit4ClassRunner.runChild(SpringJUnit4ClassRunner.java:97) [spring-test-5.0.4.RELEASE.jar:5.0.4.RELEASE]
	at org.junit.runners.ParentRunner$3.run(ParentRunner.java:290) [junit-4.12.jar:4.12]
	at org.junit.runners.ParentRunner$1.schedule(ParentRunner.java:71) [junit-4.12.jar:4.12]
	at org.junit.runners.ParentRunner.runChildren(ParentRunner.java:288) [junit-4.12.jar:4.12]
	at org.junit.runners.ParentRunner.access$000(ParentRunner.java:58) [junit-4.12.jar:4.12]
	at org.junit.runners.ParentRunner$2.evaluate(ParentRunner.java:268) [junit-4.12.jar:4.12]
	at org.springframework.test.context.junit4.statements.RunBeforeTestClassCallbacks.evaluate(RunBeforeTestClassCallbacks.java:61) [spring-test-5.0.4.RELEASE.jar:5.0.4.RELEASE]
	at org.springframework.test.context.junit4.statements.RunAfterTestClassCallbacks.evaluate(RunAfterTestClassCallbacks.java:70) [spring-test-5.0.4.RELEASE.jar:5.0.4.RELEASE]
	at org.junit.runners.ParentRunner.run(ParentRunner.java:363) [junit-4.12.jar:4.12]
	at org.springframework.test.context.junit4.SpringJUnit4ClassRunner.run(SpringJUnit4ClassRunner.java:190) [spring-test-5.0.4.RELEASE.jar:5.0.4.RELEASE]
	at org.apache.maven.surefire.junit4.JUnit4Provider.execute(JUnit4Provider.java:369) [surefire-junit4-2.20.1.jar:2.20.1]
	at org.apache.maven.surefire.junit4.JUnit4Provider.executeWithRerun(JUnit4Provider.java:275) [surefire-junit4-2.20.1.jar:2.20.1]
	at org.apache.maven.surefire.junit4.JUnit4Provider.executeTestSet(JUnit4Provider.java:239) [surefire-junit4-2.20.1.jar:2.20.1]
	at org.apache.maven.surefire.junit4.JUnit4Provider.invoke(JUnit4Provider.java:160) [surefire-junit4-2.20.1.jar:2.20.1]
	at org.apache.maven.surefire.booter.ForkedBooter.invokeProviderInSameClassLoader(ForkedBooter.java:373) [surefire-booter-2.20.1.jar:2.20.1]
	at org.apache.maven.surefire.booter.ForkedBooter.runSuitesInProcess(ForkedBooter.java:334) [surefire-booter-2.20.1.jar:2.20.1]
	at org.apache.maven.surefire.booter.ForkedBooter.execute(ForkedBooter.java:119) [surefire-booter-2.20.1.jar:2.20.1]
	at org.apache.maven.surefire.booter.ForkedBooter.main(ForkedBooter.java:407) [surefire-booter-2.20.1.jar:2.20.1]
Caused by: org.springframework.beans.factory.UnsatisfiedDependencyException: Error creating bean with name 'workLockAction': Unsatisfied dependency expressed through method 'setMediaServerUtils' parameter 0; nested exception is org.springframework.beans.factory.NoSuchBeanDefinitionException: No qualifying bean of type 'org.kitodo.mediaserver.core.util.MediaServerUtils' available: expected at least 1 bean which qualifies as autowire candidate. Dependency annotations: {}
	at org.springframework.beans.factory.annotation.AutowiredAnnotationBeanPostProcessor$AutowiredMethodElement.inject(AutowiredAnnotationBeanPostProcessor.java:668) ~[spring-beans-5.0.4.RELEASE.jar:5.0.4.RELEASE]
	at org.springframework.beans.factory.annotation.InjectionMetadata.inject(InjectionMetadata.java:91) ~[spring-beans-5.0.4.RELEASE.jar:5.0.4.RELEASE]
	at org.springframework.beans.factory.annotation.AutowiredAnnotationBeanPostProcessor.postProcessPropertyValues(AutowiredAnnotationBeanPostProcessor.java:373) ~[spring-beans-5.0.4.RELEASE.jar:5.0.4.RELEASE]
	at org.springframework.beans.factory.support.AbstractAutowireCapableBeanFactory.populateBean(AbstractAutowireCapableBeanFactory.java:1344) ~[spring-beans-5.0.4.RELEASE.jar:5.0.4.RELEASE]
	at org.springframework.beans.factory.support.AbstractAutowireCapableBeanFactory.doCreateBean(AbstractAutowireCapableBeanFactory.java:582) ~[spring-beans-5.0.4.RELEASE.jar:5.0.4.RELEASE]
	at org.springframework.beans.factory.support.AbstractAutowireCapableBeanFactory.createBean(AbstractAutowireCapableBeanFactory.java:502) ~[spring-beans-5.0.4.RELEASE.jar:5.0.4.RELEASE]
	at org.springframework.beans.factory.support.AbstractBeanFactory.lambda$doGetBean$0(AbstractBeanFactory.java:312) ~[spring-beans-5.0.4.RELEASE.jar:5.0.4.RELEASE]
	at org.springframework.beans.factory.support.DefaultSingletonBeanRegistry.getSingleton(DefaultSingletonBeanRegistry.java:228) ~[spring-beans-5.0.4.RELEASE.jar:5.0.4.RELEASE]
	at org.springframework.beans.factory.support.AbstractBeanFactory.doGetBean(AbstractBeanFactory.java:310) ~[spring-beans-5.0.4.RELEASE.jar:5.0.4.RELEASE]
	at org.springframework.beans.factory.support.AbstractBeanFactory.getBean(AbstractBeanFactory.java:200) ~[spring-beans-5.0.4.RELEASE.jar:5.0.4.RELEASE]
	at org.springframework.beans.factory.support.DefaultListableBeanFactory.preInstantiateSingletons(DefaultListableBeanFactory.java:760) ~[spring-beans-5.0.4.RELEASE.jar:5.0.4.RELEASE]
	at org.springframework.context.support.AbstractApplicationContext.finishBeanFactoryInitialization(AbstractApplicationContext.java:868) ~[spring-context-5.0.4.RELEASE.jar:5.0.4.RELEASE]
	at org.springframework.context.support.AbstractApplicationContext.refresh(AbstractApplicationContext.java:549) ~[spring-context-5.0.4.RELEASE.jar:5.0.4.RELEASE]
	at org.springframework.boot.SpringApplication.refresh(SpringApplication.java:752) ~[spring-boot-2.0.0.RELEASE.jar:2.0.0.RELEASE]
	at org.springframework.boot.SpringApplication.refreshContext(SpringApplication.java:388) ~[spring-boot-2.0.0.RELEASE.jar:2.0.0.RELEASE]
	at org.springframework.boot.SpringApplication.run(SpringApplication.java:327) ~[spring-boot-2.0.0.RELEASE.jar:2.0.0.RELEASE]
	at org.springframework.boot.test.context.SpringBootContextLoader.loadContext(SpringBootContextLoader.java:138) ~[spring-boot-test-2.0.0.RELEASE.jar:2.0.0.RELEASE]
	at org.springframework.test.context.cache.DefaultCacheAwareContextLoaderDelegate.loadContextInternal(DefaultCacheAwareContextLoaderDelegate.java:99) ~[spring-test-5.0.4.RELEASE.jar:5.0.4.RELEASE]
	at org.springframework.test.context.cache.DefaultCacheAwareContextLoaderDelegate.loadContext(DefaultCacheAwareContextLoaderDelegate.java:117) ~[spring-test-5.0.4.RELEASE.jar:5.0.4.RELEASE]
	... 27 common frames omitted
Caused by: org.springframework.beans.factory.NoSuchBeanDefinitionException: No qualifying bean of type 'org.kitodo.mediaserver.core.util.MediaServerUtils' available: expected at least 1 bean which qualifies as autowire candidate. Dependency annotations: {}
	at org.springframework.beans.factory.support.DefaultListableBeanFactory.raiseNoMatchingBeanFound(DefaultListableBeanFactory.java:1509) ~[spring-beans-5.0.4.RELEASE.jar:5.0.4.RELEASE]
	at org.springframework.beans.factory.support.DefaultListableBeanFactory.doResolveDependency(DefaultListableBeanFactory.java:1104) ~[spring-beans-5.0.4.RELEASE.jar:5.0.4.RELEASE]
	at org.springframework.beans.factory.support.DefaultListableBeanFactory.resolveDependency(DefaultListableBeanFactory.java:1065) ~[spring-beans-5.0.4.RELEASE.jar:5.0.4.RELEASE]
	at org.springframework.beans.factory.annotation.AutowiredAnnotationBeanPostProcessor$AutowiredMethodElement.inject(AutowiredAnnotationBeanPostProcessor.java:660) ~[spring-beans-5.0.4.RELEASE.jar:5.0.4.RELEASE]
	... 45 common frames omitted

]]></system-out>
  </testcase>
</testsuite>