<?xml version="1.0" encoding="UTF-8"?>
<testsuite xmlns:xsi="http://www.w3.org/2001/XMLSchema-instance" xsi:noNamespaceSchemaLocation="https://maven.apache.org/surefire/maven-surefire-plugin/xsd/surefire-test-report.xsd" name="org.kitodo.mediaserver.ui.works.WorkControllerTest" time="3.004" tests="3" errors="3" skipped="0" failures="0">
  <properties>
    <property name="awt.toolkit" value="sun.awt.X11.XToolkit"/>
    <property name="file.encoding.pkg" value="sun.io"/>
    <property name="java.specification.version" value="1.8"/>
    <property name="sun.cpu.isalist" value=""/>
    <property name="sun.jnu.encoding" value="UTF-8"/>
    <property name="java.class.path" value="/root/workspace/tuub/kitodo-mediaserver/385755662/kitodo-mediaserver-ui/target/test-classes:/root/workspace/tuub/kitodo-mediaserver/385755662/kitodo-mediaserver-ui/target/classes:/root/workspace/tuub/kitodo-mediaserver/385755662/kitodo-mediaserver-core/target/classes:/root/./workspace/tuub/kitodo-mediaserver/385755662/.m2/org/springframework/boot/spring-boot-starter-data-jpa/2.0.0.RELEASE/spring-boot-starter-data-jpa-2.0.0.RELEASE.jar:/root/./workspace/tuub/kitodo-mediaserver/385755662/.m2/org/springframework/boot/spring-boot-starter-aop/2.0.0.RELEASE/spring-boot-starter-aop-2.0.0.RELEASE.jar:/root/./workspace/tuub/kitodo-mediaserver/385755662/.m2/org/aspectj/aspectjweaver/1.8.13/aspectjweaver-1.8.13.jar:/root/./workspace/tuub/kitodo-mediaserver/385755662/.m2/org/springframework/boot/spring-boot-starter-jdbc/2.0.0.RELEASE/spring-boot-starter-jdbc-2.0.0.RELEASE.jar:/root/./workspace/tuub/kitodo-mediaserver/385755662/.m2/com/zaxxer/HikariCP/2.7.8/HikariCP-2.7.8.jar:/root/./workspace/tuub/kitodo-mediaserver/385755662/.m2/org/springframework/spring-jdbc/5.0.4.RELEASE/spring-jdbc-5.0.4.RELEASE.jar:/root/./workspace/tuub/kitodo-mediaserver/385755662/.m2/org/hibernate/hibernate-core/5.2.14.Final/hibernate-core-5.2.14.Final.jar:/root/./workspace/tuub/kitodo-mediaserver/385755662/.m2/org/hibernate/javax/persistence/hibernate-jpa-2.1-api/1.0.0.Final/hibernate-jpa-2.1-api-1.0.0.Final.jar:/root/./workspace/tuub/kitodo-mediaserver/385755662/.m2/org/javassist/javassist/3.22.0-GA/javassist-3.22.0-GA.jar:/root/./workspace/tuub/kitodo-mediaserver/385755662/.m2/antlr/antlr/2.7.7/antlr-2.7.7.jar:/root/./workspace/tuub/kitodo-mediaserver/385755662/.m2/org/jboss/jandex/2.0.3.Final/jandex-2.0.3.Final.jar:/root/./workspace/tuub/kitodo-mediaserver/385755662/.m2/dom4j/dom4j/1.6.1/dom4j-1.6.1.jar:/root/./workspace/tuub/kitodo-mediaserver/385755662/.m2/org/hibernate/common/hibernate-commons-annotations/5.0.1.Final/hibernate-commons-annotations-5.0.1.Final.jar:/root/./workspace/tuub/kitodo-mediaserver/385755662/.m2/javax/transaction/javax.transaction-api/1.2/javax.transaction-api-1.2.jar:/root/./workspace/tuub/kitodo-mediaserver/385755662/.m2/org/springframework/data/spring-data-jpa/2.0.5.RELEASE/spring-data-jpa-2.0.5.RELEASE.jar:/root/./workspace/tuub/kitodo-mediaserver/385755662/.m2/org/springframework/data/spring-data-commons/2.0.5.RELEASE/spring-data-commons-2.0.5.RELEASE.jar:/root/./workspace/tuub/kitodo-mediaserver/385755662/.m2/org/springframework/spring-orm/5.0.4.RELEASE/spring-orm-5.0.4.RELEASE.jar:/root/./workspace/tuub/kitodo-mediaserver/385755662/.m2/org/springframework/spring-tx/5.0.4.RELEASE/spring-tx-5.0.4.RELEASE.jar:/root/./workspace/tuub/kitodo-mediaserver/385755662/.m2/org/springframework/spring-aspects/5.0.4.RELEASE/spring-aspects-5.0.4.RELEASE.jar:/root/./workspace/tuub/kitodo-mediaserver/385755662/.m2/com/h2database/h2/1.4.196/h2-1.4.196.jar:/root/./workspace/tuub/kitodo-mediaserver/385755662/.m2/mysql/mysql-connector-java/5.1.45/mysql-connector-java-5.1.45.jar:/root/./workspace/tuub/kitodo-mediaserver/385755662/.m2/org/springframework/spring-web/5.0.4.RELEASE/spring-web-5.0.4.RELEASE.jar:/root/./workspace/tuub/kitodo-mediaserver/385755662/.m2/org/springframework/spring-beans/5.0.4.RELEASE/spring-beans-5.0.4.RELEASE.jar:/root/./workspace/tuub/kitodo-mediaserver/385755662/.m2/org/hibernate/validator/hibernate-validator/6.0.7.Final/hibernate-validator-6.0.7.Final.jar:/root/./workspace/tuub/kitodo-mediaserver/385755662/.m2/javax/validation/validation-api/2.0.1.Final/validation-api-2.0.1.Final.jar:/root/./workspace/tuub/kitodo-mediaserver/385755662/.m2/org/jboss/logging/jboss-logging/3.3.2.Final/jboss-logging-3.3.2.Final.jar:/root/./workspace/tuub/kitodo-mediaserver/385755662/.m2/com/fasterxml/classmate/1.3.4/classmate-1.3.4.jar:/root/./workspace/tuub/kitodo-mediaserver/385755662/.m2/commons-lang/commons-lang/2.6/commons-lang-2.6.jar:/root/./workspace/tuub/kitodo-mediaserver/385755662/.m2/commons-io/commons-io/2.6/commons-io-2.6.jar:/root/./workspace/tuub/kitodo-mediaserver/385755662/.m2/org/im4java/im4java/1.4.0/im4java-1.4.0.jar:/root/./workspace/tuub/kitodo-mediaserver/385755662/.m2/org/springframework/boot/spring-boot-starter-web/2.0.0.RELEASE/spring-boot-starter-web-2.0.0.RELEASE.jar:/root/./workspace/tuub/kitodo-mediaserver/385755662/.m2/org/springframework/boot/spring-boot-starter/2.0.0.RELEASE/spring-boot-starter-2.0.0.RELEASE.jar:/root/./workspace/tuub/kitodo-mediaserver/385755662/.m2/org/springframework/boot/spring-boot-starter-logging/2.0.0.RELEASE/spring-boot-starter-logging-2.0.0.RELEASE.jar:/root/./workspace/tuub/kitodo-mediaserver/385755662/.m2/ch/qos/logback/logback-classic/1.2.3/logback-classic-1.2.3.jar:/root/./workspace/tuub/kitodo-mediaserver/385755662/.m2/ch/qos/logback/logback-core/1.2.3/logback-core-1.2.3.jar:/root/./workspace/tuub/kitodo-mediaserver/385755662/.m2/org/apache/logging/log4j/log4j-to-slf4j/2.10.0/log4j-to-slf4j-2.10.0.jar:/root/./workspace/tuub/kitodo-mediaserver/385755662/.m2/org/apache/logging/log4j/log4j-api/2.10.0/log4j-api-2.10.0.jar:/root/./workspace/tuub/kitodo-mediaserver/385755662/.m2/org/slf4j/jul-to-slf4j/1.7.25/jul-to-slf4j-1.7.25.jar:/root/./workspace/tuub/kitodo-mediaserver/385755662/.m2/org/yaml/snakeyaml/1.19/snakeyaml-1.19.jar:/root/./workspace/tuub/kitodo-mediaserver/385755662/.m2/org/springframework/boot/spring-boot-starter-json/2.0.0.RELEASE/spring-boot-starter-json-2.0.0.RELEASE.jar:/root/./workspace/tuub/kitodo-mediaserver/385755662/.m2/com/fasterxml/jackson/core/jackson-databind/2.9.4/jackson-databind-2.9.4.jar:/root/./workspace/tuub/kitodo-mediaserver/385755662/.m2/com/fasterxml/jackson/core/jackson-annotations/2.9.0/jackson-annotations-2.9.0.jar:/root/./workspace/tuub/kitodo-mediaserver/385755662/.m2/com/fasterxml/jackson/core/jackson-core/2.9.4/jackson-core-2.9.4.jar:/root/./workspace/tuub/kitodo-mediaserver/385755662/.m2/com/fasterxml/jackson/datatype/jackson-datatype-jdk8/2.9.4/jackson-datatype-jdk8-2.9.4.jar:/root/./workspace/tuub/kitodo-mediaserver/385755662/.m2/com/fasterxml/jackson/datatype/jackson-datatype-jsr310/2.9.4/jackson-datatype-jsr310-2.9.4.jar:/root/./workspace/tuub/kitodo-mediaserver/385755662/.m2/com/fasterxml/jackson/module/jackson-module-parameter-names/2.9.4/jackson-module-parameter-names-2.9.4.jar:/root/./workspace/tuub/kitodo-mediaserver/385755662/.m2/org/springframework/spring-webmvc/5.0.4.RELEASE/spring-webmvc-5.0.4.RELEASE.jar:/root/./workspace/tuub/kitodo-mediaserver/385755662/.m2/org/springframework/spring-context/5.0.4.RELEASE/spring-context-5.0.4.RELEASE.jar:/root/./workspace/tuub/kitodo-mediaserver/385755662/.m2/org/springframework/spring-expression/5.0.4.RELEASE/spring-expression-5.0.4.RELEASE.jar:/root/./workspace/tuub/kitodo-mediaserver/385755662/.m2/org/springframework/boot/spring-boot-starter-tomcat/2.0.0.RELEASE/spring-boot-starter-tomcat-2.0.0.RELEASE.jar:/root/./workspace/tuub/kitodo-mediaserver/385755662/.m2/javax/annotation/javax.annotation-api/1.3.2/javax.annotation-api-1.3.2.jar:/root/./workspace/tuub/kitodo-mediaserver/385755662/.m2/org/apache/tomcat/embed/tomcat-embed-core/8.5.28/tomcat-embed-core-8.5.28.jar:/root/./workspace/tuub/kitodo-mediaserver/385755662/.m2/org/apache/tomcat/embed/tomcat-embed-el/8.5.28/tomcat-embed-el-8.5.28.jar:/root/./workspace/tuub/kitodo-mediaserver/385755662/.m2/org/apache/tomcat/embed/tomcat-embed-websocket/8.5.28/tomcat-embed-websocket-8.5.28.jar:/root/./workspace/tuub/kitodo-mediaserver/385755662/.m2/org/springframework/boot/spring-boot-starter-thymeleaf/2.0.0.RELEASE/spring-boot-starter-thymeleaf-2.0.0.RELEASE.jar:/root/./workspace/tuub/kitodo-mediaserver/385755662/.m2/org/thymeleaf/thymeleaf-spring5/3.0.9.RELEASE/thymeleaf-spring5-3.0.9.RELEASE.jar:/root/./workspace/tuub/kitodo-mediaserver/385755662/.m2/org/thymeleaf/thymeleaf/3.0.9.RELEASE/thymeleaf-3.0.9.RELEASE.jar:/root/./workspace/tuub/kitodo-mediaserver/385755662/.m2/org/attoparser/attoparser/2.0.4.RELEASE/attoparser-2.0.4.RELEASE.jar:/root/./workspace/tuub/kitodo-mediaserver/385755662/.m2/org/unbescape/unbescape/1.1.5.RELEASE/unbescape-1.1.5.RELEASE.jar:/root/./workspace/tuub/kitodo-mediaserver/385755662/.m2/org/slf4j/slf4j-api/1.7.25/slf4j-api-1.7.25.jar:/root/./workspace/tuub/kitodo-mediaserver/385755662/.m2/org/thymeleaf/extras/thymeleaf-extras-java8time/3.0.1.RELEASE/thymeleaf-extras-java8time-3.0.1.RELEASE.jar:/root/./workspace/tuub/kitodo-mediaserver/385755662/.m2/org/springframework/boot/spring-boot-starter-security/2.0.0.RELEASE/spring-boot-starter-security-2.0.0.RELEASE.jar:/root/./workspace/tuub/kitodo-mediaserver/385755662/.m2/org/springframework/spring-aop/5.0.4.RELEASE/spring-aop-5.0.4.RELEASE.jar:/root/./workspace/tuub/kitodo-mediaserver/385755662/.m2/org/springframework/security/spring-security-config/5.0.3.RELEASE/spring-security-config-5.0.3.RELEASE.jar:/root/./workspace/tuub/kitodo-mediaserver/385755662/.m2/org/springframework/security/spring-security-web/5.0.3.RELEASE/spring-security-web-5.0.3.RELEASE.jar:/root/./workspace/tuub/kitodo-mediaserver/385755662/.m2/org/springframework/boot/spring-boot-devtools/2.0.0.RELEASE/spring-boot-devtools-2.0.0.RELEASE.jar:/root/./workspace/tuub/kitodo-mediaserver/385755662/.m2/org/springframework/boot/spring-boot/2.0.0.RELEASE/spring-boot-2.0.0.RELEASE.jar:/root/./workspace/tuub/kitodo-mediaserver/385755662/.m2/org/springframework/boot/spring-boot-autoconfigure/2.0.0.RELEASE/spring-boot-autoconfigure-2.0.0.RELEASE.jar:/root/./workspace/tuub/kitodo-mediaserver/385755662/.m2/org/springframework/boot/spring-boot-starter-test/2.0.0.RELEASE/spring-boot-starter-test-2.0.0.RELEASE.jar:/root/./workspace/tuub/kitodo-mediaserver/385755662/.m2/org/springframework/boot/spring-boot-test/2.0.0.RELEASE/spring-boot-test-2.0.0.RELEASE.jar:/root/./workspace/tuub/kitodo-mediaserver/385755662/.m2/org/springframework/boot/spring-boot-test-autoconfigure/2.0.0.RELEASE/spring-boot-test-autoconfigure-2.0.0.RELEASE.jar:/root/./workspace/tuub/kitodo-mediaserver/385755662/.m2/com/jayway/jsonpath/json-path/2.4.0/json-path-2.4.0.jar:/root/./workspace/tuub/kitodo-mediaserver/385755662/.m2/net/minidev/json-smart/2.3/json-smart-2.3.jar:/root/./workspace/tuub/kitodo-mediaserver/385755662/.m2/net/minidev/accessors-smart/1.2/accessors-smart-1.2.jar:/root/./workspace/tuub/kitodo-mediaserver/385755662/.m2/org/ow2/asm/asm/5.0.4/asm-5.0.4.jar:/root/./workspace/tuub/kitodo-mediaserver/385755662/.m2/junit/junit/4.12/junit-4.12.jar:/root/./workspace/tuub/kitodo-mediaserver/385755662/.m2/org/assertj/assertj-core/3.9.1/assertj-core-3.9.1.jar:/root/./workspace/tuub/kitodo-mediaserver/385755662/.m2/org/mockito/mockito-core/2.15.0/mockito-core-2.15.0.jar:/root/./workspace/tuub/kitodo-mediaserver/385755662/.m2/net/bytebuddy/byte-buddy/1.7.10/byte-buddy-1.7.10.jar:/root/./workspace/tuub/kitodo-mediaserver/385755662/.m2/net/bytebuddy/byte-buddy-agent/1.7.10/byte-buddy-agent-1.7.10.jar:/root/./workspace/tuub/kitodo-mediaserver/385755662/.m2/org/objenesis/objenesis/2.6/objenesis-2.6.jar:/root/./workspace/tuub/kitodo-mediaserver/385755662/.m2/org/hamcrest/hamcrest-core/1.3/hamcrest-core-1.3.jar:/root/./workspace/tuub/kitodo-mediaserver/385755662/.m2/org/hamcrest/hamcrest-library/1.3/hamcrest-library-1.3.jar:/root/./workspace/tuub/kitodo-mediaserver/385755662/.m2/org/skyscreamer/jsonassert/1.5.0/jsonassert-1.5.0.jar:/root/./workspace/tuub/kitodo-mediaserver/385755662/.m2/com/vaadin/external/google/android-json/0.0.20131108.vaadin1/android-json-0.0.20131108.vaadin1.jar:/root/./workspace/tuub/kitodo-mediaserver/385755662/.m2/org/springframework/spring-core/5.0.4.RELEASE/spring-core-5.0.4.RELEASE.jar:/root/./workspace/tuub/kitodo-mediaserver/385755662/.m2/org/springframework/spring-jcl/5.0.4.RELEASE/spring-jcl-5.0.4.RELEASE.jar:/root/./workspace/tuub/kitodo-mediaserver/385755662/.m2/org/springframework/spring-test/5.0.4.RELEASE/spring-test-5.0.4.RELEASE.jar:/root/./workspace/tuub/kitodo-mediaserver/385755662/.m2/org/xmlunit/xmlunit-core/2.5.1/xmlunit-core-2.5.1.jar:/root/./workspace/tuub/kitodo-mediaserver/385755662/.m2/org/springframework/security/spring-security-test/5.0.3.RELEASE/spring-security-test-5.0.3.RELEASE.jar:/root/./workspace/tuub/kitodo-mediaserver/385755662/.m2/org/springframework/security/spring-security-core/5.0.3.RELEASE/spring-security-core-5.0.3.RELEASE.jar:"/>
    <property name="java.vm.vendor" value="Oracle Corporation"/>
    <property name="skip.bower" value="true"/>
    <property name="sun.arch.data.model" value="64"/>
    <property name="java.vendor.url" value="http://java.oracle.com/"/>
    <property name="user.timezone" value=""/>
    <property name="java.vm.specification.version" value="1.8"/>
    <property name="os.name" value="Linux"/>
    <property name="rat.skip" value="true"/>
    <property name="gpg.skip" value="true"/>
    <property name="sun.java.launcher" value="SUN_STANDARD"/>
    <property name="sun.boot.library.path" value="/usr/lib/jvm/java-8-openjdk-amd64/jre/lib/amd64"/>
    <property name="skip.gulp" value="true"/>
    <property name="sun.java.command" value="/root/workspace/tuub/kitodo-mediaserver/385755662/kitodo-mediaserver-ui/target/surefire/surefirebooter6753743807671181596.jar /root/workspace/tuub/kitodo-mediaserver/385755662/kitodo-mediaserver-ui/target/surefire 2018-05-30T17-46-30_515-jvmRun1 surefire6157642441405159738tmp surefire_21774109647210273167tmp"/>
    <property name="dependency-check.skip" value="true"/>
    <property name="surefire.test.class.path" value="/root/workspace/tuub/kitodo-mediaserver/385755662/kitodo-mediaserver-ui/target/test-classes:/root/workspace/tuub/kitodo-mediaserver/385755662/kitodo-mediaserver-ui/target/classes:/root/workspace/tuub/kitodo-mediaserver/385755662/kitodo-mediaserver-core/target/classes:/root/./workspace/tuub/kitodo-mediaserver/385755662/.m2/org/springframework/boot/spring-boot-starter-data-jpa/2.0.0.RELEASE/spring-boot-starter-data-jpa-2.0.0.RELEASE.jar:/root/./workspace/tuub/kitodo-mediaserver/385755662/.m2/org/springframework/boot/spring-boot-starter-aop/2.0.0.RELEASE/spring-boot-starter-aop-2.0.0.RELEASE.jar:/root/./workspace/tuub/kitodo-mediaserver/385755662/.m2/org/aspectj/aspectjweaver/1.8.13/aspectjweaver-1.8.13.jar:/root/./workspace/tuub/kitodo-mediaserver/385755662/.m2/org/springframework/boot/spring-boot-starter-jdbc/2.0.0.RELEASE/spring-boot-starter-jdbc-2.0.0.RELEASE.jar:/root/./workspace/tuub/kitodo-mediaserver/385755662/.m2/com/zaxxer/HikariCP/2.7.8/HikariCP-2.7.8.jar:/root/./workspace/tuub/kitodo-mediaserver/385755662/.m2/org/springframework/spring-jdbc/5.0.4.RELEASE/spring-jdbc-5.0.4.RELEASE.jar:/root/./workspace/tuub/kitodo-mediaserver/385755662/.m2/org/hibernate/hibernate-core/5.2.14.Final/hibernate-core-5.2.14.Final.jar:/root/./workspace/tuub/kitodo-mediaserver/385755662/.m2/org/hibernate/javax/persistence/hibernate-jpa-2.1-api/1.0.0.Final/hibernate-jpa-2.1-api-1.0.0.Final.jar:/root/./workspace/tuub/kitodo-mediaserver/385755662/.m2/org/javassist/javassist/3.22.0-GA/javassist-3.22.0-GA.jar:/root/./workspace/tuub/kitodo-mediaserver/385755662/.m2/antlr/antlr/2.7.7/antlr-2.7.7.jar:/root/./workspace/tuub/kitodo-mediaserver/385755662/.m2/org/jboss/jandex/2.0.3.Final/jandex-2.0.3.Final.jar:/root/./workspace/tuub/kitodo-mediaserver/385755662/.m2/dom4j/dom4j/1.6.1/dom4j-1.6.1.jar:/root/./workspace/tuub/kitodo-mediaserver/385755662/.m2/org/hibernate/common/hibernate-commons-annotations/5.0.1.Final/hibernate-commons-annotations-5.0.1.Final.jar:/root/./workspace/tuub/kitodo-mediaserver/385755662/.m2/javax/transaction/javax.transaction-api/1.2/javax.transaction-api-1.2.jar:/root/./workspace/tuub/kitodo-mediaserver/385755662/.m2/org/springframework/data/spring-data-jpa/2.0.5.RELEASE/spring-data-jpa-2.0.5.RELEASE.jar:/root/./workspace/tuub/kitodo-mediaserver/385755662/.m2/org/springframework/data/spring-data-commons/2.0.5.RELEASE/spring-data-commons-2.0.5.RELEASE.jar:/root/./workspace/tuub/kitodo-mediaserver/385755662/.m2/org/springframework/spring-orm/5.0.4.RELEASE/spring-orm-5.0.4.RELEASE.jar:/root/./workspace/tuub/kitodo-mediaserver/385755662/.m2/org/springframework/spring-tx/5.0.4.RELEASE/spring-tx-5.0.4.RELEASE.jar:/root/./workspace/tuub/kitodo-mediaserver/385755662/.m2/org/springframework/spring-aspects/5.0.4.RELEASE/spring-aspects-5.0.4.RELEASE.jar:/root/./workspace/tuub/kitodo-mediaserver/385755662/.m2/com/h2database/h2/1.4.196/h2-1.4.196.jar:/root/./workspace/tuub/kitodo-mediaserver/385755662/.m2/mysql/mysql-connector-java/5.1.45/mysql-connector-java-5.1.45.jar:/root/./workspace/tuub/kitodo-mediaserver/385755662/.m2/org/springframework/spring-web/5.0.4.RELEASE/spring-web-5.0.4.RELEASE.jar:/root/./workspace/tuub/kitodo-mediaserver/385755662/.m2/org/springframework/spring-beans/5.0.4.RELEASE/spring-beans-5.0.4.RELEASE.jar:/root/./workspace/tuub/kitodo-mediaserver/385755662/.m2/org/hibernate/validator/hibernate-validator/6.0.7.Final/hibernate-validator-6.0.7.Final.jar:/root/./workspace/tuub/kitodo-mediaserver/385755662/.m2/javax/validation/validation-api/2.0.1.Final/validation-api-2.0.1.Final.jar:/root/./workspace/tuub/kitodo-mediaserver/385755662/.m2/org/jboss/logging/jboss-logging/3.3.2.Final/jboss-logging-3.3.2.Final.jar:/root/./workspace/tuub/kitodo-mediaserver/385755662/.m2/com/fasterxml/classmate/1.3.4/classmate-1.3.4.jar:/root/./workspace/tuub/kitodo-mediaserver/385755662/.m2/commons-lang/commons-lang/2.6/commons-lang-2.6.jar:/root/./workspace/tuub/kitodo-mediaserver/385755662/.m2/commons-io/commons-io/2.6/commons-io-2.6.jar:/root/./workspace/tuub/kitodo-mediaserver/385755662/.m2/org/im4java/im4java/1.4.0/im4java-1.4.0.jar:/root/./workspace/tuub/kitodo-mediaserver/385755662/.m2/org/springframework/boot/spring-boot-starter-web/2.0.0.RELEASE/spring-boot-starter-web-2.0.0.RELEASE.jar:/root/./workspace/tuub/kitodo-mediaserver/385755662/.m2/org/springframework/boot/spring-boot-starter/2.0.0.RELEASE/spring-boot-starter-2.0.0.RELEASE.jar:/root/./workspace/tuub/kitodo-mediaserver/385755662/.m2/org/springframework/boot/spring-boot-starter-logging/2.0.0.RELEASE/spring-boot-starter-logging-2.0.0.RELEASE.jar:/root/./workspace/tuub/kitodo-mediaserver/385755662/.m2/ch/qos/logback/logback-classic/1.2.3/logback-classic-1.2.3.jar:/root/./workspace/tuub/kitodo-mediaserver/385755662/.m2/ch/qos/logback/logback-core/1.2.3/logback-core-1.2.3.jar:/root/./workspace/tuub/kitodo-mediaserver/385755662/.m2/org/apache/logging/log4j/log4j-to-slf4j/2.10.0/log4j-to-slf4j-2.10.0.jar:/root/./workspace/tuub/kitodo-mediaserver/385755662/.m2/org/apache/logging/log4j/log4j-api/2.10.0/log4j-api-2.10.0.jar:/root/./workspace/tuub/kitodo-mediaserver/385755662/.m2/org/slf4j/jul-to-slf4j/1.7.25/jul-to-slf4j-1.7.25.jar:/root/./workspace/tuub/kitodo-mediaserver/385755662/.m2/org/yaml/snakeyaml/1.19/snakeyaml-1.19.jar:/root/./workspace/tuub/kitodo-mediaserver/385755662/.m2/org/springframework/boot/spring-boot-starter-json/2.0.0.RELEASE/spring-boot-starter-json-2.0.0.RELEASE.jar:/root/./workspace/tuub/kitodo-mediaserver/385755662/.m2/com/fasterxml/jackson/core/jackson-databind/2.9.4/jackson-databind-2.9.4.jar:/root/./workspace/tuub/kitodo-mediaserver/385755662/.m2/com/fasterxml/jackson/core/jackson-annotations/2.9.0/jackson-annotations-2.9.0.jar:/root/./workspace/tuub/kitodo-mediaserver/385755662/.m2/com/fasterxml/jackson/core/jackson-core/2.9.4/jackson-core-2.9.4.jar:/root/./workspace/tuub/kitodo-mediaserver/385755662/.m2/com/fasterxml/jackson/datatype/jackson-datatype-jdk8/2.9.4/jackson-datatype-jdk8-2.9.4.jar:/root/./workspace/tuub/kitodo-mediaserver/385755662/.m2/com/fasterxml/jackson/datatype/jackson-datatype-jsr310/2.9.4/jackson-datatype-jsr310-2.9.4.jar:/root/./workspace/tuub/kitodo-mediaserver/385755662/.m2/com/fasterxml/jackson/module/jackson-module-parameter-names/2.9.4/jackson-module-parameter-names-2.9.4.jar:/root/./workspace/tuub/kitodo-mediaserver/385755662/.m2/org/springframework/spring-webmvc/5.0.4.RELEASE/spring-webmvc-5.0.4.RELEASE.jar:/root/./workspace/tuub/kitodo-mediaserver/385755662/.m2/org/springframework/spring-context/5.0.4.RELEASE/spring-context-5.0.4.RELEASE.jar:/root/./workspace/tuub/kitodo-mediaserver/385755662/.m2/org/springframework/spring-expression/5.0.4.RELEASE/spring-expression-5.0.4.RELEASE.jar:/root/./workspace/tuub/kitodo-mediaserver/385755662/.m2/org/springframework/boot/spring-boot-starter-tomcat/2.0.0.RELEASE/spring-boot-starter-tomcat-2.0.0.RELEASE.jar:/root/./workspace/tuub/kitodo-mediaserver/385755662/.m2/javax/annotation/javax.annotation-api/1.3.2/javax.annotation-api-1.3.2.jar:/root/./workspace/tuub/kitodo-mediaserver/385755662/.m2/org/apache/tomcat/embed/tomcat-embed-core/8.5.28/tomcat-embed-core-8.5.28.jar:/root/./workspace/tuub/kitodo-mediaserver/385755662/.m2/org/apache/tomcat/embed/tomcat-embed-el/8.5.28/tomcat-embed-el-8.5.28.jar:/root/./workspace/tuub/kitodo-mediaserver/385755662/.m2/org/apache/tomcat/embed/tomcat-embed-websocket/8.5.28/tomcat-embed-websocket-8.5.28.jar:/root/./workspace/tuub/kitodo-mediaserver/385755662/.m2/org/springframework/boot/spring-boot-starter-thymeleaf/2.0.0.RELEASE/spring-boot-starter-thymeleaf-2.0.0.RELEASE.jar:/root/./workspace/tuub/kitodo-mediaserver/385755662/.m2/org/thymeleaf/thymeleaf-spring5/3.0.9.RELEASE/thymeleaf-spring5-3.0.9.RELEASE.jar:/root/./workspace/tuub/kitodo-mediaserver/385755662/.m2/org/thymeleaf/thymeleaf/3.0.9.RELEASE/thymeleaf-3.0.9.RELEASE.jar:/root/./workspace/tuub/kitodo-mediaserver/385755662/.m2/org/attoparser/attoparser/2.0.4.RELEASE/attoparser-2.0.4.RELEASE.jar:/root/./workspace/tuub/kitodo-mediaserver/385755662/.m2/org/unbescape/unbescape/1.1.5.RELEASE/unbescape-1.1.5.RELEASE.jar:/root/./workspace/tuub/kitodo-mediaserver/385755662/.m2/org/slf4j/slf4j-api/1.7.25/slf4j-api-1.7.25.jar:/root/./workspace/tuub/kitodo-mediaserver/385755662/.m2/org/thymeleaf/extras/thymeleaf-extras-java8time/3.0.1.RELEASE/thymeleaf-extras-java8time-3.0.1.RELEASE.jar:/root/./workspace/tuub/kitodo-mediaserver/385755662/.m2/org/springframework/boot/spring-boot-starter-security/2.0.0.RELEASE/spring-boot-starter-security-2.0.0.RELEASE.jar:/root/./workspace/tuub/kitodo-mediaserver/385755662/.m2/org/springframework/spring-aop/5.0.4.RELEASE/spring-aop-5.0.4.RELEASE.jar:/root/./workspace/tuub/kitodo-mediaserver/385755662/.m2/org/springframework/security/spring-security-config/5.0.3.RELEASE/spring-security-config-5.0.3.RELEASE.jar:/root/./workspace/tuub/kitodo-mediaserver/385755662/.m2/org/springframework/security/spring-security-web/5.0.3.RELEASE/spring-security-web-5.0.3.RELEASE.jar:/root/./workspace/tuub/kitodo-mediaserver/385755662/.m2/org/springframework/boot/spring-boot-devtools/2.0.0.RELEASE/spring-boot-devtools-2.0.0.RELEASE.jar:/root/./workspace/tuub/kitodo-mediaserver/385755662/.m2/org/springframework/boot/spring-boot/2.0.0.RELEASE/spring-boot-2.0.0.RELEASE.jar:/root/./workspace/tuub/kitodo-mediaserver/385755662/.m2/org/springframework/boot/spring-boot-autoconfigure/2.0.0.RELEASE/spring-boot-autoconfigure-2.0.0.RELEASE.jar:/root/./workspace/tuub/kitodo-mediaserver/385755662/.m2/org/springframework/boot/spring-boot-starter-test/2.0.0.RELEASE/spring-boot-starter-test-2.0.0.RELEASE.jar:/root/./workspace/tuub/kitodo-mediaserver/385755662/.m2/org/springframework/boot/spring-boot-test/2.0.0.RELEASE/spring-boot-test-2.0.0.RELEASE.jar:/root/./workspace/tuub/kitodo-mediaserver/385755662/.m2/org/springframework/boot/spring-boot-test-autoconfigure/2.0.0.RELEASE/spring-boot-test-autoconfigure-2.0.0.RELEASE.jar:/root/./workspace/tuub/kitodo-mediaserver/385755662/.m2/com/jayway/jsonpath/json-path/2.4.0/json-path-2.4.0.jar:/root/./workspace/tuub/kitodo-mediaserver/385755662/.m2/net/minidev/json-smart/2.3/json-smart-2.3.jar:/root/./workspace/tuub/kitodo-mediaserver/385755662/.m2/net/minidev/accessors-smart/1.2/accessors-smart-1.2.jar:/root/./workspace/tuub/kitodo-mediaserver/385755662/.m2/org/ow2/asm/asm/5.0.4/asm-5.0.4.jar:/root/./workspace/tuub/kitodo-mediaserver/385755662/.m2/junit/junit/4.12/junit-4.12.jar:/root/./workspace/tuub/kitodo-mediaserver/385755662/.m2/org/assertj/assertj-core/3.9.1/assertj-core-3.9.1.jar:/root/./workspace/tuub/kitodo-mediaserver/385755662/.m2/org/mockito/mockito-core/2.15.0/mockito-core-2.15.0.jar:/root/./workspace/tuub/kitodo-mediaserver/385755662/.m2/net/bytebuddy/byte-buddy/1.7.10/byte-buddy-1.7.10.jar:/root/./workspace/tuub/kitodo-mediaserver/385755662/.m2/net/bytebuddy/byte-buddy-agent/1.7.10/byte-buddy-agent-1.7.10.jar:/root/./workspace/tuub/kitodo-mediaserver/385755662/.m2/org/objenesis/objenesis/2.6/objenesis-2.6.jar:/root/./workspace/tuub/kitodo-mediaserver/385755662/.m2/org/hamcrest/hamcrest-core/1.3/hamcrest-core-1.3.jar:/root/./workspace/tuub/kitodo-mediaserver/385755662/.m2/org/hamcrest/hamcrest-library/1.3/hamcrest-library-1.3.jar:/root/./workspace/tuub/kitodo-mediaserver/385755662/.m2/org/skyscreamer/jsonassert/1.5.0/jsonassert-1.5.0.jar:/root/./workspace/tuub/kitodo-mediaserver/385755662/.m2/com/vaadin/external/google/android-json/0.0.20131108.vaadin1/android-json-0.0.20131108.vaadin1.jar:/root/./workspace/tuub/kitodo-mediaserver/385755662/.m2/org/springframework/spring-core/5.0.4.RELEASE/spring-core-5.0.4.RELEASE.jar:/root/./workspace/tuub/kitodo-mediaserver/385755662/.m2/org/springframework/spring-jcl/5.0.4.RELEASE/spring-jcl-5.0.4.RELEASE.jar:/root/./workspace/tuub/kitodo-mediaserver/385755662/.m2/org/springframework/spring-test/5.0.4.RELEASE/spring-test-5.0.4.RELEASE.jar:/root/./workspace/tuub/kitodo-mediaserver/385755662/.m2/org/xmlunit/xmlunit-core/2.5.1/xmlunit-core-2.5.1.jar:/root/./workspace/tuub/kitodo-mediaserver/385755662/.m2/org/springframework/security/spring-security-test/5.0.3.RELEASE/spring-security-test-5.0.3.RELEASE.jar:/root/./workspace/tuub/kitodo-mediaserver/385755662/.m2/org/springframework/security/spring-security-core/5.0.3.RELEASE/spring-security-core-5.0.3.RELEASE.jar:"/>
    <property name="sun.cpu.endian" value="little"/>
    <property name="user.home" value="/root"/>
    <property name="user.language" value="en"/>
    <property name="java.specification.vendor" value="Oracle Corporation"/>
    <property name="java.home" value="/usr/lib/jvm/java-8-openjdk-amd64/jre"/>
    <property name="basedir" value="/root/workspace/tuub/kitodo-mediaserver/385755662/kitodo-mediaserver-ui"/>
    <property name="file.separator" value="/"/>
    <property name="checkstyle.skip" value="true"/>
    <property name="line.separator" value="&#10;"/>
    <property name="skip.npm" value="true"/>
    <property name="java.vm.specification.vendor" value="Oracle Corporation"/>
    <property name="java.specification.name" value="Java Platform API Specification"/>
    <property name="java.awt.graphicsenv" value="sun.awt.X11GraphicsEnvironment"/>
    <property name="skipITs" value="true"/>
    <property name="surefire.real.class.path" value="/root/workspace/tuub/kitodo-mediaserver/385755662/kitodo-mediaserver-ui/target/surefire/surefirebooter6753743807671181596.jar"/>
    <property name="cobertura.skip" value="true"/>
    <property name="sun.boot.class.path" value="/usr/lib/jvm/java-8-openjdk-amd64/jre/lib/resources.jar:/usr/lib/jvm/java-8-openjdk-amd64/jre/lib/rt.jar:/usr/lib/jvm/java-8-openjdk-amd64/jre/lib/sunrsasign.jar:/usr/lib/jvm/java-8-openjdk-amd64/jre/lib/jsse.jar:/usr/lib/jvm/java-8-openjdk-amd64/jre/lib/jce.jar:/usr/lib/jvm/java-8-openjdk-amd64/jre/lib/charsets.jar:/usr/lib/jvm/java-8-openjdk-amd64/jre/lib/jfr.jar:/usr/lib/jvm/java-8-openjdk-amd64/jre/classes"/>
    <property name="sun.management.compiler" value="HotSpot 64-Bit Tiered Compilers"/>
    <property name="java.runtime.version" value="1.8.0_121-8u121-b13-1~bpo8+1-b13"/>
    <property name="user.name" value="root"/>
    <property name="findbugs.skip" value="true"/>
    <property name="path.separator" value=":"/>
    <property name="os.version" value="3.10.0-862.3.2.el7.x86_64"/>
    <property name="java.endorsed.dirs" value="/usr/lib/jvm/java-8-openjdk-amd64/jre/lib/endorsed"/>
    <property name="java.runtime.name" value="OpenJDK Runtime Environment"/>
    <property name="file.encoding" value="UTF-8"/>
    <property name="java.vm.name" value="OpenJDK 64-Bit Server VM"/>
    <property name="localRepository" value="/root/./workspace/tuub/kitodo-mediaserver/385755662/.m2"/>
    <property name="java.vendor.url.bug" value="http://bugreport.sun.com/bugreport/"/>
    <property name="java.io.tmpdir" value="/tmp"/>
    <property name="java.version" value="1.8.0_121"/>
    <property name="user.dir" value="/root/workspace/tuub/kitodo-mediaserver/385755662/kitodo-mediaserver-ui"/>
    <property name="os.arch" value="amd64"/>
    <property name="license.skip" value="true"/>
    <property name="java.vm.specification.name" value="Java Virtual Machine Specification"/>
    <property name="java.awt.printerjob" value="sun.print.PSPrinterJob"/>
    <property name="sun.os.patch.level" value="unknown"/>
    <property name="java.library.path" value="/usr/java/packages/lib/amd64:/usr/lib/x86_64-linux-gnu/jni:/lib/x86_64-linux-gnu:/usr/lib/x86_64-linux-gnu:/usr/lib/jni:/lib:/usr/lib"/>
    <property name="java.vm.info" value="mixed mode"/>
    <property name="java.vendor" value="Oracle Corporation"/>
    <property name="java.vm.version" value="25.121-b13"/>
    <property name="java.ext.dirs" value="/usr/lib/jvm/java-8-openjdk-amd64/jre/lib/ext:/usr/java/packages/lib/ext"/>
    <property name="sun.io.unicode.encoding" value="UnicodeLittle"/>
    <property name="maven.repo.local" value="/root/./workspace/tuub/kitodo-mediaserver/385755662/.m2"/>
    <property name="enforcer.skip" value="true"/>
    <property name="java.class.version" value="52.0"/>
  </properties>
  <testcase name="testLockWork" classname="org.kitodo.mediaserver.ui.works.WorkControllerTest" time="0.001">
    <error message="Failed to load ApplicationContext" type="java.lang.IllegalStateException">java.lang.IllegalStateException: Failed to load ApplicationContext
Caused by: org.springframework.beans.factory.UnsatisfiedDependencyException: Error creating bean with name 'workLockAction': Unsatisfied dependency expressed through method 'setMediaServerUtils' parameter 0; nested exception is org.springframework.beans.factory.NoSuchBeanDefinitionException: No qualifying bean of type 'org.kitodo.mediaserver.core.util.MediaServerUtils' available: expected at least 1 bean which qualifies as autowire candidate. Dependency annotations: {}
Caused by: org.springframework.beans.factory.NoSuchBeanDefinitionException: No qualifying bean of type 'org.kitodo.mediaserver.core.util.MediaServerUtils' available: expected at least 1 bean which qualifies as autowire candidate. Dependency annotations: {}
</error>
    <system-out><![CDATA[2018-05-30 17:47:01.614  INFO 394 --- [           main] o.s.t.c.support.AbstractContextLoader    : Could not detect default resource locations for test class [org.kitodo.mediaserver.ui.works.WorkControllerTest]: no resource found for suffixes {-context.xml, Context.groovy}.
2018-05-30 17:47:01.626  INFO 394 --- [           main] .b.t.c.SpringBootTestContextBootstrapper : Loaded default TestExecutionListener class names from location [META-INF/spring.factories]: [org.springframework.boot.test.mock.mockito.MockitoTestExecutionListener, org.springframework.boot.test.mock.mockito.ResetMocksTestExecutionListener, org.springframework.boot.test.autoconfigure.restdocs.RestDocsTestExecutionListener, org.springframework.boot.test.autoconfigure.web.client.MockRestServiceServerResetTestExecutionListener, org.springframework.boot.test.autoconfigure.web.servlet.MockMvcPrintOnlyOnFailureTestExecutionListener, org.springframework.boot.test.autoconfigure.web.servlet.WebDriverTestExecutionListener, org.springframework.test.context.web.ServletTestExecutionListener, org.springframework.test.context.support.DirtiesContextBeforeModesTestExecutionListener, org.springframework.test.context.support.DependencyInjectionTestExecutionListener, org.springframework.test.context.support.DirtiesContextTestExecutionListener, org.springframework.test.context.transaction.TransactionalTestExecutionListener, org.springframework.test.context.jdbc.SqlScriptsTestExecutionListener, org.springframework.security.test.context.support.WithSecurityContextTestExecutionListener, org.springframework.security.test.context.support.ReactorContextTestExecutionListener]
2018-05-30 17:47:01.627  INFO 394 --- [           main] .b.t.c.SpringBootTestContextBootstrapper : Using TestExecutionListeners: [org.springframework.test.context.web.ServletTestExecutionListener@39451d92, org.springframework.test.context.support.DirtiesContextBeforeModesTestExecutionListener@46610fc9, org.springframework.boot.test.mock.mockito.MockitoTestExecutionListener@1fdd5517, org.springframework.boot.test.autoconfigure.SpringBootDependencyInjectionTestExecutionListener@2cd877d3, org.springframework.test.context.support.DirtiesContextTestExecutionListener@3d605657, org.springframework.test.context.transaction.TransactionalTestExecutionListener@73b10975, org.springframework.test.context.jdbc.SqlScriptsTestExecutionListener@6318ff9, org.springframework.security.test.context.support.WithSecurityContextTestExecutionListener@69b80603, org.springframework.security.test.context.support.ReactorContextTestExecutionListener@5655278d, org.springframework.boot.test.mock.mockito.ResetMocksTestExecutionListener@2dd46693, org.springframework.boot.test.autoconfigure.restdocs.RestDocsTestExecutionListener@27107a97, org.springframework.boot.test.autoconfigure.web.client.MockRestServiceServerResetTestExecutionListener@eb1e868, org.springframework.boot.test.autoconfigure.web.servlet.MockMvcPrintOnlyOnFailureTestExecutionListener@71a7cf7c, org.springframework.boot.test.autoconfigure.web.servlet.WebDriverTestExecutionListener@7f49df25]

  .   ____          _            __ _ _
 /\\ / ___'_ __ _ _(_)_ __  __ _ \ \ \ \
( ( )\___ | '_ | '_| | '_ \/ _` | \ \ \ \
 \\/  ___)| |_)| | | | | || (_| |  ) ) ) )
  '  |____| .__|_| |_|_| |_\__, | / / / /
 =========|_|==============|___/=/_/_/_/
 :: Spring Boot ::        (v2.0.0.RELEASE)

2018-05-30 17:47:01.672  INFO 394 --- [           main] o.k.m.ui.works.WorkControllerTest        : Starting WorkControllerTest on cyclone1 with PID 394 (started by root in /root/workspace/tuub/kitodo-mediaserver/385755662/kitodo-mediaserver-ui)
2018-05-30 17:47:01.673  INFO 394 --- [           main] o.k.m.ui.works.WorkControllerTest        : No active profile set, falling back to default profiles: default
2018-05-30 17:47:01.676  INFO 394 --- [           main] o.s.w.c.s.GenericWebApplicationContext   : Refreshing org.springframework.web.context.support.GenericWebApplicationContext@2a7b5925: startup date [Wed May 30 17:47:01 CEST 2018]; root of context hierarchy
2018-05-30 17:47:01.888  INFO 394 --- [           main] beddedDataSourceBeanFactoryPostProcessor : Replacing 'dataSource' DataSource bean with embedded version
2018-05-30 17:47:01.888  INFO 394 --- [           main] o.s.b.f.s.DefaultListableBeanFactory     : Overriding bean definition for bean 'dataSource' with a different definition: replacing [Root bean: class [null]; scope=; abstract=false; lazyInit=false; autowireMode=3; dependencyCheck=0; autowireCandidate=true; primary=false; factoryBeanName=org.springframework.boot.autoconfigure.jdbc.DataSourceConfiguration$Hikari; factoryMethodName=dataSource; initMethodName=null; destroyMethodName=(inferred); defined in class path resource [org/springframework/boot/autoconfigure/jdbc/DataSourceConfiguration$Hikari.class]] with [Root bean: class [org.springframework.boot.test.autoconfigure.jdbc.TestDatabaseAutoConfiguration$EmbeddedDataSourceFactoryBean]; scope=; abstract=false; lazyInit=false; autowireMode=0; dependencyCheck=0; autowireCandidate=true; primary=false; factoryBeanName=null; factoryMethodName=null; initMethodName=null; destroyMethodName=null]
2018-05-30 17:47:01.975  INFO 394 --- [           main] trationDelegate$BeanPostProcessorChecker : Bean 'org.springframework.transaction.annotation.ProxyTransactionManagementConfiguration' of type [org.springframework.transaction.annotation.ProxyTransactionManagementConfiguration$$EnhancerBySpringCGLIB$$7f1663cb] is not eligible for getting processed by all BeanPostProcessors (for example: not eligible for auto-proxying)
2018-05-30 17:47:02.017  INFO 394 --- [           main] o.s.j.d.e.EmbeddedDatabaseFactory        : Starting embedded database: url='jdbc:h2:mem:46324aad-75f3-4acf-8ee9-26657a03587c;DB_CLOSE_DELAY=-1;DB_CLOSE_ON_EXIT=false', username='sa'
2018-05-30 17:47:02.031  INFO 394 --- [           main] o.s.jdbc.datasource.init.ScriptUtils     : Executing SQL script from URL [file:/root/workspace/tuub/kitodo-mediaserver/385755662/kitodo-mediaserver-core/target/classes/schema.sql]
2018-05-30 17:47:02.037  INFO 394 --- [           main] o.s.jdbc.datasource.init.ScriptUtils     : Executed SQL script from URL [file:/root/workspace/tuub/kitodo-mediaserver/385755662/kitodo-mediaserver-core/target/classes/schema.sql] in 6 ms.
2018-05-30 17:47:02.041  INFO 394 --- [           main] o.s.jdbc.datasource.init.ScriptUtils     : Executing SQL script from URL [file:/root/workspace/tuub/kitodo-mediaserver/385755662/kitodo-mediaserver-core/target/classes/data.sql]
2018-05-30 17:47:02.041  INFO 394 --- [           main] o.s.jdbc.datasource.init.ScriptUtils     : Executed SQL script from URL [file:/root/workspace/tuub/kitodo-mediaserver/385755662/kitodo-mediaserver-core/target/classes/data.sql] in 0 ms.
2018-05-30 17:47:02.084  INFO 394 --- [           main] j.LocalContainerEntityManagerFactoryBean : Building JPA container EntityManagerFactory for persistence unit 'default'
2018-05-30 17:47:02.084  INFO 394 --- [           main] o.hibernate.jpa.internal.util.LogHelper  : HHH000204: Processing PersistenceUnitInfo [
	name: default
	...]
2018-05-30 17:47:02.091  INFO 394 --- [           main] org.hibernate.dialect.Dialect            : HHH000400: Using dialect: org.hibernate.dialect.H2Dialect
Hibernate: drop table action_data if exists
Hibernate: drop table identifier if exists
Hibernate: drop table parameter if exists
Hibernate: drop table user if exists
Hibernate: drop table work if exists
Hibernate: create table action_data (id integer generated by default as identity, action_name varchar(255), end_time timestamp, request_time timestamp, start_time timestamp, work_id varchar(255) not null, primary key (id))
Hibernate: create table identifier (identifier varchar(255) not null, type varchar(255), work_id varchar(255) not null, primary key (identifier))
Hibernate: create table parameter (action_data_id integer not null, parameter varchar(255), parameter_key varchar(255) not null, primary key (action_data_id, parameter_key))
Hibernate: create table user (username varchar(255) not null, enabled boolean, name varchar(255), password varchar(60), primary key (username))
Hibernate: create table work (id varchar(255) not null, enabled boolean not null, path varchar(255), title varchar(255), primary key (id))
Hibernate: alter table action_data add constraint FKhauld9xvs8kr1uwnv0hy6ey0i foreign key (work_id) references work
Hibernate: alter table identifier add constraint FK1j790dbcrwm7popfo24ckd3yh foreign key (work_id) references work
Hibernate: alter table parameter add constraint FKit17rdxw4du6a0gh7tn18nq9p foreign key (action_data_id) references action_data
2018-05-30 17:47:02.137  INFO 394 --- [           main] o.h.t.schema.internal.SchemaCreatorImpl  : HHH000476: Executing import script 'org.hibernate.tool.schema.internal.exec.ScriptSourceInputNonExistentImpl@e29f4f6'
2018-05-30 17:47:02.138  INFO 394 --- [           main] j.LocalContainerEntityManagerFactoryBean : Initialized JPA EntityManagerFactory for persistence unit 'default'
2018-05-30 17:47:02.433  INFO 394 --- [           main] o.s.s.web.DefaultSecurityFilterChain     : Creating filter chain: org.springframework.security.web.util.matcher.AnyRequestMatcher@1, [org.springframework.security.web.context.request.async.WebAsyncManagerIntegrationFilter@75f446df, org.springframework.security.web.context.SecurityContextPersistenceFilter@1f7b1d6a, org.springframework.security.web.header.HeaderWriterFilter@6892d403, org.springframework.security.web.csrf.CsrfFilter@1e37cb10, org.springframework.security.web.authentication.logout.LogoutFilter@5248c05a, org.springframework.security.web.authentication.UsernamePasswordAuthenticationFilter@543c887, org.springframework.security.web.savedrequest.RequestCacheAwareFilter@32d8e58d, org.springframework.security.web.servletapi.SecurityContextHolderAwareRequestFilter@4c941d19, org.springframework.security.web.authentication.AnonymousAuthenticationFilter@3751baf6, org.springframework.security.web.session.SessionManagementFilter@3fb42ec7, org.springframework.security.web.access.ExceptionTranslationFilter@1659d7d, org.springframework.security.web.access.intercept.FilterSecurityInterceptor@438a65a7]
2018-05-30 17:47:02.468  WARN 394 --- [           main] aWebConfiguration$JpaWebMvcConfiguration : spring.jpa.open-in-view is enabled by default. Therefore, database queries may be performed during view rendering. Explicitly configure spring.jpa.open-in-view to disable this warning
2018-05-30 17:47:02.499  INFO 394 --- [           main] s.w.s.m.m.a.RequestMappingHandlerMapping : Mapped "{[/]}" onto public java.lang.String org.kitodo.mediaserver.ui.IndexController.index()
2018-05-30 17:47:02.500  INFO 394 --- [           main] s.w.s.m.m.a.RequestMappingHandlerMapping : Mapped "{[/jobs]}" onto public java.lang.String org.kitodo.mediaserver.ui.jobs.JobsController.jobs(org.springframework.ui.Model)
2018-05-30 17:47:02.500  INFO 394 --- [           main] s.w.s.m.m.a.RequestMappingHandlerMapping : Mapped "{[/status]}" onto public java.lang.String org.kitodo.mediaserver.ui.status.StatusController.status(org.springframework.ui.Model)
2018-05-30 17:47:02.502  INFO 394 --- [           main] s.w.s.m.m.a.RequestMappingHandlerMapping : Mapped "{[/users/{username}],methods=[GET]}" onto public java.lang.String org.kitodo.mediaserver.ui.users.UserController.editForm(org.springframework.ui.Model,java.lang.String)
2018-05-30 17:47:02.502  INFO 394 --- [           main] s.w.s.m.m.a.RequestMappingHandlerMapping : Mapped "{[/users/{username}],methods=[POST]}" onto public java.lang.String org.kitodo.mediaserver.ui.users.UserController.editSubmit(org.springframework.ui.Model,java.lang.String,org.kitodo.mediaserver.ui.users.UserDto,org.springframework.validation.BindingResult,java.security.Principal)
2018-05-30 17:47:02.502  INFO 394 --- [           main] s.w.s.m.m.a.RequestMappingHandlerMapping : Mapped "{[/users/{username}/delete],methods=[POST]}" onto public java.lang.String org.kitodo.mediaserver.ui.users.UserController.deleteSubmit(java.lang.String,org.springframework.web.servlet.mvc.support.RedirectAttributes,java.security.Principal)
2018-05-30 17:47:02.503  INFO 394 --- [           main] s.w.s.m.m.a.RequestMappingHandlerMapping : Mapped "{[/users/-new],methods=[GET]}" onto public java.lang.String org.kitodo.mediaserver.ui.users.UserController.createForm(org.springframework.ui.Model)
2018-05-30 17:47:02.503  INFO 394 --- [           main] s.w.s.m.m.a.RequestMappingHandlerMapping : Mapped "{[/users/-new],methods=[POST]}" onto public java.lang.String org.kitodo.mediaserver.ui.users.UserController.createSubmit(org.springframework.ui.Model,org.kitodo.mediaserver.ui.users.UserDto,org.springframework.validation.BindingResult)
2018-05-30 17:47:02.503  INFO 394 --- [           main] s.w.s.m.m.a.RequestMappingHandlerMapping : Mapped "{[/users]}" onto public java.lang.String org.kitodo.mediaserver.ui.users.UserController.list(org.springframework.ui.Model,java.lang.String)
2018-05-30 17:47:02.504  INFO 394 --- [           main] s.w.s.m.m.a.RequestMappingHandlerMapping : Mapped "{[/works/{id}/lockcomment],methods=[GET],produces=[application/json]}" onto public java.util.Map<java.lang.String, java.lang.String> org.kitodo.mediaserver.ui.works.WorkController.getLockComment(java.lang.String) throws org.kitodo.mediaserver.core.exceptions.WorkNotFoundException
2018-05-30 17:47:02.504  INFO 394 --- [           main] s.w.s.m.m.a.RequestMappingHandlerMapping : Mapped "{[/works/{id}],methods=[POST]}" onto public java.lang.String org.kitodo.mediaserver.ui.works.WorkController.edit(java.lang.String,java.lang.String,java.lang.String,org.springframework.web.servlet.mvc.support.RedirectAttributes)
2018-05-30 17:47:02.505  INFO 394 --- [           main] s.w.s.m.m.a.RequestMappingHandlerMapping : Mapped "{[/works/{id}/cache/delete],methods=[POST]}" onto public java.lang.String org.kitodo.mediaserver.ui.works.WorkController.cacheDelete(java.lang.String,org.springframework.web.servlet.mvc.support.RedirectAttributes)
2018-05-30 17:47:02.505  INFO 394 --- [           main] s.w.s.m.m.a.RequestMappingHandlerMapping : Mapped "{[/works]}" onto public java.lang.String org.kitodo.mediaserver.ui.works.WorkController.list(org.springframework.ui.Model,org.springframework.data.domain.Pageable,java.lang.String,java.lang.String)
2018-05-30 17:47:02.519  INFO 394 --- [           main] o.s.w.s.handler.SimpleUrlHandlerMapping  : Mapped URL path [/login] onto handler of type [class org.springframework.web.servlet.mvc.ParameterizableViewController]
2018-05-30 17:47:02.533  INFO 394 --- [           main] o.s.w.s.handler.SimpleUrlHandlerMapping  : Mapped URL path [/static/**] onto handler of type [class org.springframework.web.servlet.resource.ResourceHttpRequestHandler]
2018-05-30 17:47:02.602  INFO 394 --- [           main] s.w.s.m.m.a.RequestMappingHandlerAdapter : Looking for @ControllerAdvice: org.springframework.web.context.support.GenericWebApplicationContext@2a7b5925: startup date [Wed May 30 17:47:01 CEST 2018]; root of context hierarchy
2018-05-30 17:47:02.658  WARN 394 --- [           main] o.s.w.c.s.GenericWebApplicationContext   : Exception encountered during context initialization - cancelling refresh attempt: org.springframework.beans.factory.UnsatisfiedDependencyException: Error creating bean with name 'workLockAction': Unsatisfied dependency expressed through method 'setMediaServerUtils' parameter 0; nested exception is org.springframework.beans.factory.NoSuchBeanDefinitionException: No qualifying bean of type 'org.kitodo.mediaserver.core.util.MediaServerUtils' available: expected at least 1 bean which qualifies as autowire candidate. Dependency annotations: {}
2018-05-30 17:47:02.659  INFO 394 --- [           main] j.LocalContainerEntityManagerFactoryBean : Closing JPA EntityManagerFactory for persistence unit 'default'
2018-05-30 17:47:02.659  INFO 394 --- [           main] .SchemaDropperImpl$DelayedDropActionImpl : HHH000477: Starting delayed drop of schema as part of SessionFactory shut-down'
Hibernate: drop table action_data if exists
Hibernate: drop table identifier if exists
Hibernate: drop table parameter if exists
Hibernate: drop table user if exists
Hibernate: drop table work if exists
2018-05-30 17:47:02.663  INFO 394 --- [           main] ConditionEvaluationReportLoggingListener : 

Error starting ApplicationContext. To display the conditions report re-run your application with 'debug' enabled.
2018-05-30 17:47:02.687 ERROR 394 --- [           main] o.s.b.d.LoggingFailureAnalysisReporter   : 

***************************
APPLICATION FAILED TO START
***************************

Description:

Parameter 0 of method setMediaServerUtils in org.kitodo.mediaserver.core.actions.WorkLockAction required a bean of type 'org.kitodo.mediaserver.core.util.MediaServerUtils' that could not be found.


Action:

Consider defining a bean of type 'org.kitodo.mediaserver.core.util.MediaServerUtils' in your configuration.

2018-05-30 17:47:02.688 ERROR 394 --- [           main] o.s.test.context.TestContextManager      : Caught exception while allowing TestExecutionListener [org.springframework.test.context.web.ServletTestExecutionListener@39451d92] to prepare test instance [org.kitodo.mediaserver.ui.works.WorkControllerTest@68e62b3b]

java.lang.IllegalStateException: Failed to load ApplicationContext
	at org.springframework.test.context.cache.DefaultCacheAwareContextLoaderDelegate.loadContext(DefaultCacheAwareContextLoaderDelegate.java:125) ~[spring-test-5.0.4.RELEASE.jar:5.0.4.RELEASE]
	at org.springframework.test.context.support.DefaultTestContext.getApplicationContext(DefaultTestContext.java:107) ~[spring-test-5.0.4.RELEASE.jar:5.0.4.RELEASE]
	at org.springframework.test.context.web.ServletTestExecutionListener.setUpRequestContextIfNecessary(ServletTestExecutionListener.java:190) ~[spring-test-5.0.4.RELEASE.jar:5.0.4.RELEASE]
	at org.springframework.test.context.web.ServletTestExecutionListener.prepareTestInstance(ServletTestExecutionListener.java:132) ~[spring-test-5.0.4.RELEASE.jar:5.0.4.RELEASE]
	at org.springframework.test.context.TestContextManager.prepareTestInstance(TestContextManager.java:242) ~[spring-test-5.0.4.RELEASE.jar:5.0.4.RELEASE]
	at org.springframework.test.context.junit4.SpringJUnit4ClassRunner.createTest(SpringJUnit4ClassRunner.java:227) [spring-test-5.0.4.RELEASE.jar:5.0.4.RELEASE]
	at org.springframework.test.context.junit4.SpringJUnit4ClassRunner$1.runReflectiveCall(SpringJUnit4ClassRunner.java:289) [spring-test-5.0.4.RELEASE.jar:5.0.4.RELEASE]
	at org.junit.internal.runners.model.ReflectiveCallable.run(ReflectiveCallable.java:12) [junit-4.12.jar:4.12]
	at org.springframework.test.context.junit4.SpringJUnit4ClassRunner.methodBlock(SpringJUnit4ClassRunner.java:291) [spring-test-5.0.4.RELEASE.jar:5.0.4.RELEASE]
	at org.springframework.test.context.junit4.SpringJUnit4ClassRunner.runChild(SpringJUnit4ClassRunner.java:246) [spring-test-5.0.4.RELEASE.jar:5.0.4.RELEASE]
	at org.springframework.test.context.junit4.SpringJUnit4ClassRunner.runChild(SpringJUnit4ClassRunner.java:97) [spring-test-5.0.4.RELEASE.jar:5.0.4.RELEASE]
	at org.junit.runners.ParentRunner$3.run(ParentRunner.java:290) [junit-4.12.jar:4.12]
	at org.junit.runners.ParentRunner$1.schedule(ParentRunner.java:71) [junit-4.12.jar:4.12]
	at org.junit.runners.ParentRunner.runChildren(ParentRunner.java:288) [junit-4.12.jar:4.12]
	at org.junit.runners.ParentRunner.access$000(ParentRunner.java:58) [junit-4.12.jar:4.12]
	at org.junit.runners.ParentRunner$2.evaluate(ParentRunner.java:268) [junit-4.12.jar:4.12]
	at org.springframework.test.context.junit4.statements.RunBeforeTestClassCallbacks.evaluate(RunBeforeTestClassCallbacks.java:61) [spring-test-5.0.4.RELEASE.jar:5.0.4.RELEASE]
	at org.springframework.test.context.junit4.statements.RunAfterTestClassCallbacks.evaluate(RunAfterTestClassCallbacks.java:70) [spring-test-5.0.4.RELEASE.jar:5.0.4.RELEASE]
	at org.junit.runners.ParentRunner.run(ParentRunner.java:363) [junit-4.12.jar:4.12]
	at org.springframework.test.context.junit4.SpringJUnit4ClassRunner.run(SpringJUnit4ClassRunner.java:190) [spring-test-5.0.4.RELEASE.jar:5.0.4.RELEASE]
	at org.apache.maven.surefire.junit4.JUnit4Provider.execute(JUnit4Provider.java:369) [surefire-junit4-2.20.1.jar:2.20.1]
	at org.apache.maven.surefire.junit4.JUnit4Provider.executeWithRerun(JUnit4Provider.java:275) [surefire-junit4-2.20.1.jar:2.20.1]
	at org.apache.maven.surefire.junit4.JUnit4Provider.executeTestSet(JUnit4Provider.java:239) [surefire-junit4-2.20.1.jar:2.20.1]
	at org.apache.maven.surefire.junit4.JUnit4Provider.invoke(JUnit4Provider.java:160) [surefire-junit4-2.20.1.jar:2.20.1]
	at org.apache.maven.surefire.booter.ForkedBooter.invokeProviderInSameClassLoader(ForkedBooter.java:373) [surefire-booter-2.20.1.jar:2.20.1]
	at org.apache.maven.surefire.booter.ForkedBooter.runSuitesInProcess(ForkedBooter.java:334) [surefire-booter-2.20.1.jar:2.20.1]
	at org.apache.maven.surefire.booter.ForkedBooter.execute(ForkedBooter.java:119) [surefire-booter-2.20.1.jar:2.20.1]
	at org.apache.maven.surefire.booter.ForkedBooter.main(ForkedBooter.java:407) [surefire-booter-2.20.1.jar:2.20.1]
Caused by: org.springframework.beans.factory.UnsatisfiedDependencyException: Error creating bean with name 'workLockAction': Unsatisfied dependency expressed through method 'setMediaServerUtils' parameter 0; nested exception is org.springframework.beans.factory.NoSuchBeanDefinitionException: No qualifying bean of type 'org.kitodo.mediaserver.core.util.MediaServerUtils' available: expected at least 1 bean which qualifies as autowire candidate. Dependency annotations: {}
	at org.springframework.beans.factory.annotation.AutowiredAnnotationBeanPostProcessor$AutowiredMethodElement.inject(AutowiredAnnotationBeanPostProcessor.java:668) ~[spring-beans-5.0.4.RELEASE.jar:5.0.4.RELEASE]
	at org.springframework.beans.factory.annotation.InjectionMetadata.inject(InjectionMetadata.java:91) ~[spring-beans-5.0.4.RELEASE.jar:5.0.4.RELEASE]
	at org.springframework.beans.factory.annotation.AutowiredAnnotationBeanPostProcessor.postProcessPropertyValues(AutowiredAnnotationBeanPostProcessor.java:373) ~[spring-beans-5.0.4.RELEASE.jar:5.0.4.RELEASE]
	at org.springframework.beans.factory.support.AbstractAutowireCapableBeanFactory.populateBean(AbstractAutowireCapableBeanFactory.java:1344) ~[spring-beans-5.0.4.RELEASE.jar:5.0.4.RELEASE]
	at org.springframework.beans.factory.support.AbstractAutowireCapableBeanFactory.doCreateBean(AbstractAutowireCapableBeanFactory.java:582) ~[spring-beans-5.0.4.RELEASE.jar:5.0.4.RELEASE]
	at org.springframework.beans.factory.support.AbstractAutowireCapableBeanFactory.createBean(AbstractAutowireCapableBeanFactory.java:502) ~[spring-beans-5.0.4.RELEASE.jar:5.0.4.RELEASE]
	at org.springframework.beans.factory.support.AbstractBeanFactory.lambda$doGetBean$0(AbstractBeanFactory.java:312) ~[spring-beans-5.0.4.RELEASE.jar:5.0.4.RELEASE]
	at org.springframework.beans.factory.support.DefaultSingletonBeanRegistry.getSingleton(DefaultSingletonBeanRegistry.java:228) ~[spring-beans-5.0.4.RELEASE.jar:5.0.4.RELEASE]
	at org.springframework.beans.factory.support.AbstractBeanFactory.doGetBean(AbstractBeanFactory.java:310) ~[spring-beans-5.0.4.RELEASE.jar:5.0.4.RELEASE]
	at org.springframework.beans.factory.support.AbstractBeanFactory.getBean(AbstractBeanFactory.java:200) ~[spring-beans-5.0.4.RELEASE.jar:5.0.4.RELEASE]
	at org.springframework.beans.factory.support.DefaultListableBeanFactory.preInstantiateSingletons(DefaultListableBeanFactory.java:760) ~[spring-beans-5.0.4.RELEASE.jar:5.0.4.RELEASE]
	at org.springframework.context.support.AbstractApplicationContext.finishBeanFactoryInitialization(AbstractApplicationContext.java:868) ~[spring-context-5.0.4.RELEASE.jar:5.0.4.RELEASE]
	at org.springframework.context.support.AbstractApplicationContext.refresh(AbstractApplicationContext.java:549) ~[spring-context-5.0.4.RELEASE.jar:5.0.4.RELEASE]
	at org.springframework.boot.SpringApplication.refresh(SpringApplication.java:752) ~[spring-boot-2.0.0.RELEASE.jar:2.0.0.RELEASE]
	at org.springframework.boot.SpringApplication.refreshContext(SpringApplication.java:388) ~[spring-boot-2.0.0.RELEASE.jar:2.0.0.RELEASE]
	at org.springframework.boot.SpringApplication.run(SpringApplication.java:327) ~[spring-boot-2.0.0.RELEASE.jar:2.0.0.RELEASE]
	at org.springframework.boot.test.context.SpringBootContextLoader.loadContext(SpringBootContextLoader.java:138) ~[spring-boot-test-2.0.0.RELEASE.jar:2.0.0.RELEASE]
	at org.springframework.test.context.cache.DefaultCacheAwareContextLoaderDelegate.loadContextInternal(DefaultCacheAwareContextLoaderDelegate.java:99) ~[spring-test-5.0.4.RELEASE.jar:5.0.4.RELEASE]
	at org.springframework.test.context.cache.DefaultCacheAwareContextLoaderDelegate.loadContext(DefaultCacheAwareContextLoaderDelegate.java:117) ~[spring-test-5.0.4.RELEASE.jar:5.0.4.RELEASE]
	... 27 common frames omitted
Caused by: org.springframework.beans.factory.NoSuchBeanDefinitionException: No qualifying bean of type 'org.kitodo.mediaserver.core.util.MediaServerUtils' available: expected at least 1 bean which qualifies as autowire candidate. Dependency annotations: {}
	at org.springframework.beans.factory.support.DefaultListableBeanFactory.raiseNoMatchingBeanFound(DefaultListableBeanFactory.java:1509) ~[spring-beans-5.0.4.RELEASE.jar:5.0.4.RELEASE]
	at org.springframework.beans.factory.support.DefaultListableBeanFactory.doResolveDependency(DefaultListableBeanFactory.java:1104) ~[spring-beans-5.0.4.RELEASE.jar:5.0.4.RELEASE]
	at org.springframework.beans.factory.support.DefaultListableBeanFactory.resolveDependency(DefaultListableBeanFactory.java:1065) ~[spring-beans-5.0.4.RELEASE.jar:5.0.4.RELEASE]
	at org.springframework.beans.factory.annotation.AutowiredAnnotationBeanPostProcessor$AutowiredMethodElement.inject(AutowiredAnnotationBeanPostProcessor.java:660) ~[spring-beans-5.0.4.RELEASE.jar:5.0.4.RELEASE]
	... 45 common frames omitted

]]></system-out>
  </testcase>
  <testcase name="testSearchWork" classname="org.kitodo.mediaserver.ui.works.WorkControllerTest" time="0">
    <error message="Failed to load ApplicationContext" type="java.lang.IllegalStateException">java.lang.IllegalStateException: Failed to load ApplicationContext
Caused by: org.springframework.beans.factory.UnsatisfiedDependencyException: Error creating bean with name 'workLockAction': Unsatisfied dependency expressed through method 'setMediaServerUtils' parameter 0; nested exception is org.springframework.beans.factory.NoSuchBeanDefinitionException: No qualifying bean of type 'org.kitodo.mediaserver.core.util.MediaServerUtils' available: expected at least 1 bean which qualifies as autowire candidate. Dependency annotations: {}
Caused by: org.springframework.beans.factory.NoSuchBeanDefinitionException: No qualifying bean of type 'org.kitodo.mediaserver.core.util.MediaServerUtils' available: expected at least 1 bean which qualifies as autowire candidate. Dependency annotations: {}
</error>
    <system-out><![CDATA[
  .   ____          _            __ _ _
 /\\ / ___'_ __ _ _(_)_ __  __ _ \ \ \ \
( ( )\___ | '_ | '_| | '_ \/ _` | \ \ \ \
 \\/  ___)| |_)| | | | | || (_| |  ) ) ) )
  '  |____| .__|_| |_|_| |_\__, | / / / /
 =========|_|==============|___/=/_/_/_/
 :: Spring Boot ::        (v2.0.0.RELEASE)

2018-05-30 17:47:02.732  INFO 394 --- [           main] o.k.m.ui.works.WorkControllerTest        : Starting WorkControllerTest on cyclone1 with PID 394 (started by root in /root/workspace/tuub/kitodo-mediaserver/385755662/kitodo-mediaserver-ui)
2018-05-30 17:47:02.733  INFO 394 --- [           main] o.k.m.ui.works.WorkControllerTest        : No active profile set, falling back to default profiles: default
2018-05-30 17:47:02.736  INFO 394 --- [           main] o.s.w.c.s.GenericWebApplicationContext   : Refreshing org.springframework.web.context.support.GenericWebApplicationContext@6ae5e1cf: startup date [Wed May 30 17:47:02 CEST 2018]; root of context hierarchy
2018-05-30 17:47:02.923  INFO 394 --- [           main] beddedDataSourceBeanFactoryPostProcessor : Replacing 'dataSource' DataSource bean with embedded version
2018-05-30 17:47:02.923  INFO 394 --- [           main] o.s.b.f.s.DefaultListableBeanFactory     : Overriding bean definition for bean 'dataSource' with a different definition: replacing [Root bean: class [null]; scope=; abstract=false; lazyInit=false; autowireMode=3; dependencyCheck=0; autowireCandidate=true; primary=false; factoryBeanName=org.springframework.boot.autoconfigure.jdbc.DataSourceConfiguration$Hikari; factoryMethodName=dataSource; initMethodName=null; destroyMethodName=(inferred); defined in class path resource [org/springframework/boot/autoconfigure/jdbc/DataSourceConfiguration$Hikari.class]] with [Root bean: class [org.springframework.boot.test.autoconfigure.jdbc.TestDatabaseAutoConfiguration$EmbeddedDataSourceFactoryBean]; scope=; abstract=false; lazyInit=false; autowireMode=0; dependencyCheck=0; autowireCandidate=true; primary=false; factoryBeanName=null; factoryMethodName=null; initMethodName=null; destroyMethodName=null]
2018-05-30 17:47:02.998  INFO 394 --- [           main] trationDelegate$BeanPostProcessorChecker : Bean 'org.springframework.transaction.annotation.ProxyTransactionManagementConfiguration' of type [org.springframework.transaction.annotation.ProxyTransactionManagementConfiguration$$EnhancerBySpringCGLIB$$7f1663cb] is not eligible for getting processed by all BeanPostProcessors (for example: not eligible for auto-proxying)
2018-05-30 17:47:03.036  INFO 394 --- [           main] o.s.j.d.e.EmbeddedDatabaseFactory        : Starting embedded database: url='jdbc:h2:mem:e5e40775-26bb-491f-b0a3-703cfb627a82;DB_CLOSE_DELAY=-1;DB_CLOSE_ON_EXIT=false', username='sa'
2018-05-30 17:47:03.054  INFO 394 --- [           main] o.s.jdbc.datasource.init.ScriptUtils     : Executing SQL script from URL [file:/root/workspace/tuub/kitodo-mediaserver/385755662/kitodo-mediaserver-core/target/classes/schema.sql]
2018-05-30 17:47:03.062  INFO 394 --- [           main] o.s.jdbc.datasource.init.ScriptUtils     : Executed SQL script from URL [file:/root/workspace/tuub/kitodo-mediaserver/385755662/kitodo-mediaserver-core/target/classes/schema.sql] in 6 ms.
2018-05-30 17:47:03.066  INFO 394 --- [           main] o.s.jdbc.datasource.init.ScriptUtils     : Executing SQL script from URL [file:/root/workspace/tuub/kitodo-mediaserver/385755662/kitodo-mediaserver-core/target/classes/data.sql]
2018-05-30 17:47:03.066  INFO 394 --- [           main] o.s.jdbc.datasource.init.ScriptUtils     : Executed SQL script from URL [file:/root/workspace/tuub/kitodo-mediaserver/385755662/kitodo-mediaserver-core/target/classes/data.sql] in 0 ms.
2018-05-30 17:47:03.121  INFO 394 --- [           main] j.LocalContainerEntityManagerFactoryBean : Building JPA container EntityManagerFactory for persistence unit 'default'
2018-05-30 17:47:03.122  INFO 394 --- [           main] o.hibernate.jpa.internal.util.LogHelper  : HHH000204: Processing PersistenceUnitInfo [
	name: default
	...]
2018-05-30 17:47:03.131  INFO 394 --- [           main] org.hibernate.dialect.Dialect            : HHH000400: Using dialect: org.hibernate.dialect.H2Dialect
Hibernate: drop table action_data if exists
Hibernate: drop table identifier if exists
Hibernate: drop table parameter if exists
Hibernate: drop table user if exists
Hibernate: drop table work if exists
Hibernate: create table action_data (id integer generated by default as identity, action_name varchar(255), end_time timestamp, request_time timestamp, start_time timestamp, work_id varchar(255) not null, primary key (id))
Hibernate: create table identifier (identifier varchar(255) not null, type varchar(255), work_id varchar(255) not null, primary key (identifier))
Hibernate: create table parameter (action_data_id integer not null, parameter varchar(255), parameter_key varchar(255) not null, primary key (action_data_id, parameter_key))
Hibernate: create table user (username varchar(255) not null, enabled boolean, name varchar(255), password varchar(60), primary key (username))
Hibernate: create table work (id varchar(255) not null, enabled boolean not null, path varchar(255), title varchar(255), primary key (id))
Hibernate: alter table action_data add constraint FKhauld9xvs8kr1uwnv0hy6ey0i foreign key (work_id) references work
Hibernate: alter table identifier add constraint FK1j790dbcrwm7popfo24ckd3yh foreign key (work_id) references work
Hibernate: alter table parameter add constraint FKit17rdxw4du6a0gh7tn18nq9p foreign key (action_data_id) references action_data
2018-05-30 17:47:03.193  INFO 394 --- [           main] o.h.t.schema.internal.SchemaCreatorImpl  : HHH000476: Executing import script 'org.hibernate.tool.schema.internal.exec.ScriptSourceInputNonExistentImpl@e29f4f6'
2018-05-30 17:47:03.194  INFO 394 --- [           main] j.LocalContainerEntityManagerFactoryBean : Initialized JPA EntityManagerFactory for persistence unit 'default'
2018-05-30 17:47:03.598  INFO 394 --- [           main] o.s.s.web.DefaultSecurityFilterChain     : Creating filter chain: org.springframework.security.web.util.matcher.AnyRequestMatcher@1, [org.springframework.security.web.context.request.async.WebAsyncManagerIntegrationFilter@c5c2a84, org.springframework.security.web.context.SecurityContextPersistenceFilter@549be307, org.springframework.security.web.header.HeaderWriterFilter@55e02661, org.springframework.security.web.csrf.CsrfFilter@488c608a, org.springframework.security.web.authentication.logout.LogoutFilter@642334d6, org.springframework.security.web.authentication.UsernamePasswordAuthenticationFilter@2ae0eb98, org.springframework.security.web.savedrequest.RequestCacheAwareFilter@d03cdc7, org.springframework.security.web.servletapi.SecurityContextHolderAwareRequestFilter@59043128, org.springframework.security.web.authentication.AnonymousAuthenticationFilter@42a89cef, org.springframework.security.web.session.SessionManagementFilter@7f38545a, org.springframework.security.web.access.ExceptionTranslationFilter@3b6c55b6, org.springframework.security.web.access.intercept.FilterSecurityInterceptor@481eb705]
2018-05-30 17:47:03.613  WARN 394 --- [           main] aWebConfiguration$JpaWebMvcConfiguration : spring.jpa.open-in-view is enabled by default. Therefore, database queries may be performed during view rendering. Explicitly configure spring.jpa.open-in-view to disable this warning
2018-05-30 17:47:03.641  INFO 394 --- [           main] s.w.s.m.m.a.RequestMappingHandlerMapping : Mapped "{[/]}" onto public java.lang.String org.kitodo.mediaserver.ui.IndexController.index()
2018-05-30 17:47:03.642  INFO 394 --- [           main] s.w.s.m.m.a.RequestMappingHandlerMapping : Mapped "{[/jobs]}" onto public java.lang.String org.kitodo.mediaserver.ui.jobs.JobsController.jobs(org.springframework.ui.Model)
2018-05-30 17:47:03.642  INFO 394 --- [           main] s.w.s.m.m.a.RequestMappingHandlerMapping : Mapped "{[/status]}" onto public java.lang.String org.kitodo.mediaserver.ui.status.StatusController.status(org.springframework.ui.Model)
2018-05-30 17:47:03.644  INFO 394 --- [           main] s.w.s.m.m.a.RequestMappingHandlerMapping : Mapped "{[/users/{username}],methods=[GET]}" onto public java.lang.String org.kitodo.mediaserver.ui.users.UserController.editForm(org.springframework.ui.Model,java.lang.String)
2018-05-30 17:47:03.644  INFO 394 --- [           main] s.w.s.m.m.a.RequestMappingHandlerMapping : Mapped "{[/users/{username}],methods=[POST]}" onto public java.lang.String org.kitodo.mediaserver.ui.users.UserController.editSubmit(org.springframework.ui.Model,java.lang.String,org.kitodo.mediaserver.ui.users.UserDto,org.springframework.validation.BindingResult,java.security.Principal)
2018-05-30 17:47:03.645  INFO 394 --- [           main] s.w.s.m.m.a.RequestMappingHandlerMapping : Mapped "{[/users/{username}/delete],methods=[POST]}" onto public java.lang.String org.kitodo.mediaserver.ui.users.UserController.deleteSubmit(java.lang.String,org.springframework.web.servlet.mvc.support.RedirectAttributes,java.security.Principal)
2018-05-30 17:47:03.645  INFO 394 --- [           main] s.w.s.m.m.a.RequestMappingHandlerMapping : Mapped "{[/users/-new],methods=[GET]}" onto public java.lang.String org.kitodo.mediaserver.ui.users.UserController.createForm(org.springframework.ui.Model)
2018-05-30 17:47:03.645  INFO 394 --- [           main] s.w.s.m.m.a.RequestMappingHandlerMapping : Mapped "{[/users/-new],methods=[POST]}" onto public java.lang.String org.kitodo.mediaserver.ui.users.UserController.createSubmit(org.springframework.ui.Model,org.kitodo.mediaserver.ui.users.UserDto,org.springframework.validation.BindingResult)
2018-05-30 17:47:03.645  INFO 394 --- [           main] s.w.s.m.m.a.RequestMappingHandlerMapping : Mapped "{[/users]}" onto public java.lang.String org.kitodo.mediaserver.ui.users.UserController.list(org.springframework.ui.Model,java.lang.String)
2018-05-30 17:47:03.647  INFO 394 --- [           main] s.w.s.m.m.a.RequestMappingHandlerMapping : Mapped "{[/works/{id}/lockcomment],methods=[GET],produces=[application/json]}" onto public java.util.Map<java.lang.String, java.lang.String> org.kitodo.mediaserver.ui.works.WorkController.getLockComment(java.lang.String) throws org.kitodo.mediaserver.core.exceptions.WorkNotFoundException
2018-05-30 17:47:03.647  INFO 394 --- [           main] s.w.s.m.m.a.RequestMappingHandlerMapping : Mapped "{[/works/{id}],methods=[POST]}" onto public java.lang.String org.kitodo.mediaserver.ui.works.WorkController.edit(java.lang.String,java.lang.String,java.lang.String,org.springframework.web.servlet.mvc.support.RedirectAttributes)
2018-05-30 17:47:03.647  INFO 394 --- [           main] s.w.s.m.m.a.RequestMappingHandlerMapping : Mapped "{[/works/{id}/cache/delete],methods=[POST]}" onto public java.lang.String org.kitodo.mediaserver.ui.works.WorkController.cacheDelete(java.lang.String,org.springframework.web.servlet.mvc.support.RedirectAttributes)
2018-05-30 17:47:03.647  INFO 394 --- [           main] s.w.s.m.m.a.RequestMappingHandlerMapping : Mapped "{[/works]}" onto public java.lang.String org.kitodo.mediaserver.ui.works.WorkController.list(org.springframework.ui.Model,org.springframework.data.domain.Pageable,java.lang.String,java.lang.String)
2018-05-30 17:47:03.662  INFO 394 --- [           main] o.s.w.s.handler.SimpleUrlHandlerMapping  : Mapped URL path [/login] onto handler of type [class org.springframework.web.servlet.mvc.ParameterizableViewController]
2018-05-30 17:47:03.675  INFO 394 --- [           main] o.s.w.s.handler.SimpleUrlHandlerMapping  : Mapped URL path [/static/**] onto handler of type [class org.springframework.web.servlet.resource.ResourceHttpRequestHandler]
2018-05-30 17:47:03.706  INFO 394 --- [           main] s.w.s.m.m.a.RequestMappingHandlerAdapter : Looking for @ControllerAdvice: org.springframework.web.context.support.GenericWebApplicationContext@6ae5e1cf: startup date [Wed May 30 17:47:02 CEST 2018]; root of context hierarchy
2018-05-30 17:47:03.737  WARN 394 --- [           main] o.s.w.c.s.GenericWebApplicationContext   : Exception encountered during context initialization - cancelling refresh attempt: org.springframework.beans.factory.UnsatisfiedDependencyException: Error creating bean with name 'workLockAction': Unsatisfied dependency expressed through method 'setMediaServerUtils' parameter 0; nested exception is org.springframework.beans.factory.NoSuchBeanDefinitionException: No qualifying bean of type 'org.kitodo.mediaserver.core.util.MediaServerUtils' available: expected at least 1 bean which qualifies as autowire candidate. Dependency annotations: {}
2018-05-30 17:47:03.738  INFO 394 --- [           main] j.LocalContainerEntityManagerFactoryBean : Closing JPA EntityManagerFactory for persistence unit 'default'
2018-05-30 17:47:03.738  INFO 394 --- [           main] .SchemaDropperImpl$DelayedDropActionImpl : HHH000477: Starting delayed drop of schema as part of SessionFactory shut-down'
Hibernate: drop table action_data if exists
Hibernate: drop table identifier if exists
Hibernate: drop table parameter if exists
Hibernate: drop table user if exists
Hibernate: drop table work if exists
2018-05-30 17:47:03.741  INFO 394 --- [           main] ConditionEvaluationReportLoggingListener : 

Error starting ApplicationContext. To display the conditions report re-run your application with 'debug' enabled.
2018-05-30 17:47:03.759 ERROR 394 --- [           main] o.s.b.d.LoggingFailureAnalysisReporter   : 

***************************
APPLICATION FAILED TO START
***************************

Description:

Parameter 0 of method setMediaServerUtils in org.kitodo.mediaserver.core.actions.WorkLockAction required a bean of type 'org.kitodo.mediaserver.core.util.MediaServerUtils' that could not be found.


Action:

Consider defining a bean of type 'org.kitodo.mediaserver.core.util.MediaServerUtils' in your configuration.

2018-05-30 17:47:03.760 ERROR 394 --- [           main] o.s.test.context.TestContextManager      : Caught exception while allowing TestExecutionListener [org.springframework.test.context.web.ServletTestExecutionListener@39451d92] to prepare test instance [org.kitodo.mediaserver.ui.works.WorkControllerTest@3fe59f84]

java.lang.IllegalStateException: Failed to load ApplicationContext
	at org.springframework.test.context.cache.DefaultCacheAwareContextLoaderDelegate.loadContext(DefaultCacheAwareContextLoaderDelegate.java:125) ~[spring-test-5.0.4.RELEASE.jar:5.0.4.RELEASE]
	at org.springframework.test.context.support.DefaultTestContext.getApplicationContext(DefaultTestContext.java:107) ~[spring-test-5.0.4.RELEASE.jar:5.0.4.RELEASE]
	at org.springframework.test.context.web.ServletTestExecutionListener.setUpRequestContextIfNecessary(ServletTestExecutionListener.java:190) ~[spring-test-5.0.4.RELEASE.jar:5.0.4.RELEASE]
	at org.springframework.test.context.web.ServletTestExecutionListener.prepareTestInstance(ServletTestExecutionListener.java:132) ~[spring-test-5.0.4.RELEASE.jar:5.0.4.RELEASE]
	at org.springframework.test.context.TestContextManager.prepareTestInstance(TestContextManager.java:242) ~[spring-test-5.0.4.RELEASE.jar:5.0.4.RELEASE]
	at org.springframework.test.context.junit4.SpringJUnit4ClassRunner.createTest(SpringJUnit4ClassRunner.java:227) [spring-test-5.0.4.RELEASE.jar:5.0.4.RELEASE]
	at org.springframework.test.context.junit4.SpringJUnit4ClassRunner$1.runReflectiveCall(SpringJUnit4ClassRunner.java:289) [spring-test-5.0.4.RELEASE.jar:5.0.4.RELEASE]
	at org.junit.internal.runners.model.ReflectiveCallable.run(ReflectiveCallable.java:12) [junit-4.12.jar:4.12]
	at org.springframework.test.context.junit4.SpringJUnit4ClassRunner.methodBlock(SpringJUnit4ClassRunner.java:291) [spring-test-5.0.4.RELEASE.jar:5.0.4.RELEASE]
	at org.springframework.test.context.junit4.SpringJUnit4ClassRunner.runChild(SpringJUnit4ClassRunner.java:246) [spring-test-5.0.4.RELEASE.jar:5.0.4.RELEASE]
	at org.springframework.test.context.junit4.SpringJUnit4ClassRunner.runChild(SpringJUnit4ClassRunner.java:97) [spring-test-5.0.4.RELEASE.jar:5.0.4.RELEASE]
	at org.junit.runners.ParentRunner$3.run(ParentRunner.java:290) [junit-4.12.jar:4.12]
	at org.junit.runners.ParentRunner$1.schedule(ParentRunner.java:71) [junit-4.12.jar:4.12]
	at org.junit.runners.ParentRunner.runChildren(ParentRunner.java:288) [junit-4.12.jar:4.12]
	at org.junit.runners.ParentRunner.access$000(ParentRunner.java:58) [junit-4.12.jar:4.12]
	at org.junit.runners.ParentRunner$2.evaluate(ParentRunner.java:268) [junit-4.12.jar:4.12]
	at org.springframework.test.context.junit4.statements.RunBeforeTestClassCallbacks.evaluate(RunBeforeTestClassCallbacks.java:61) [spring-test-5.0.4.RELEASE.jar:5.0.4.RELEASE]
	at org.springframework.test.context.junit4.statements.RunAfterTestClassCallbacks.evaluate(RunAfterTestClassCallbacks.java:70) [spring-test-5.0.4.RELEASE.jar:5.0.4.RELEASE]
	at org.junit.runners.ParentRunner.run(ParentRunner.java:363) [junit-4.12.jar:4.12]
	at org.springframework.test.context.junit4.SpringJUnit4ClassRunner.run(SpringJUnit4ClassRunner.java:190) [spring-test-5.0.4.RELEASE.jar:5.0.4.RELEASE]
	at org.apache.maven.surefire.junit4.JUnit4Provider.execute(JUnit4Provider.java:369) [surefire-junit4-2.20.1.jar:2.20.1]
	at org.apache.maven.surefire.junit4.JUnit4Provider.executeWithRerun(JUnit4Provider.java:275) [surefire-junit4-2.20.1.jar:2.20.1]
	at org.apache.maven.surefire.junit4.JUnit4Provider.executeTestSet(JUnit4Provider.java:239) [surefire-junit4-2.20.1.jar:2.20.1]
	at org.apache.maven.surefire.junit4.JUnit4Provider.invoke(JUnit4Provider.java:160) [surefire-junit4-2.20.1.jar:2.20.1]
	at org.apache.maven.surefire.booter.ForkedBooter.invokeProviderInSameClassLoader(ForkedBooter.java:373) [surefire-booter-2.20.1.jar:2.20.1]
	at org.apache.maven.surefire.booter.ForkedBooter.runSuitesInProcess(ForkedBooter.java:334) [surefire-booter-2.20.1.jar:2.20.1]
	at org.apache.maven.surefire.booter.ForkedBooter.execute(ForkedBooter.java:119) [surefire-booter-2.20.1.jar:2.20.1]
	at org.apache.maven.surefire.booter.ForkedBooter.main(ForkedBooter.java:407) [surefire-booter-2.20.1.jar:2.20.1]
Caused by: org.springframework.beans.factory.UnsatisfiedDependencyException: Error creating bean with name 'workLockAction': Unsatisfied dependency expressed through method 'setMediaServerUtils' parameter 0; nested exception is org.springframework.beans.factory.NoSuchBeanDefinitionException: No qualifying bean of type 'org.kitodo.mediaserver.core.util.MediaServerUtils' available: expected at least 1 bean which qualifies as autowire candidate. Dependency annotations: {}
	at org.springframework.beans.factory.annotation.AutowiredAnnotationBeanPostProcessor$AutowiredMethodElement.inject(AutowiredAnnotationBeanPostProcessor.java:668) ~[spring-beans-5.0.4.RELEASE.jar:5.0.4.RELEASE]
	at org.springframework.beans.factory.annotation.InjectionMetadata.inject(InjectionMetadata.java:91) ~[spring-beans-5.0.4.RELEASE.jar:5.0.4.RELEASE]
	at org.springframework.beans.factory.annotation.AutowiredAnnotationBeanPostProcessor.postProcessPropertyValues(AutowiredAnnotationBeanPostProcessor.java:373) ~[spring-beans-5.0.4.RELEASE.jar:5.0.4.RELEASE]
	at org.springframework.beans.factory.support.AbstractAutowireCapableBeanFactory.populateBean(AbstractAutowireCapableBeanFactory.java:1344) ~[spring-beans-5.0.4.RELEASE.jar:5.0.4.RELEASE]
	at org.springframework.beans.factory.support.AbstractAutowireCapableBeanFactory.doCreateBean(AbstractAutowireCapableBeanFactory.java:582) ~[spring-beans-5.0.4.RELEASE.jar:5.0.4.RELEASE]
	at org.springframework.beans.factory.support.AbstractAutowireCapableBeanFactory.createBean(AbstractAutowireCapableBeanFactory.java:502) ~[spring-beans-5.0.4.RELEASE.jar:5.0.4.RELEASE]
	at org.springframework.beans.factory.support.AbstractBeanFactory.lambda$doGetBean$0(AbstractBeanFactory.java:312) ~[spring-beans-5.0.4.RELEASE.jar:5.0.4.RELEASE]
	at org.springframework.beans.factory.support.DefaultSingletonBeanRegistry.getSingleton(DefaultSingletonBeanRegistry.java:228) ~[spring-beans-5.0.4.RELEASE.jar:5.0.4.RELEASE]
	at org.springframework.beans.factory.support.AbstractBeanFactory.doGetBean(AbstractBeanFactory.java:310) ~[spring-beans-5.0.4.RELEASE.jar:5.0.4.RELEASE]
	at org.springframework.beans.factory.support.AbstractBeanFactory.getBean(AbstractBeanFactory.java:200) ~[spring-beans-5.0.4.RELEASE.jar:5.0.4.RELEASE]
	at org.springframework.beans.factory.support.DefaultListableBeanFactory.preInstantiateSingletons(DefaultListableBeanFactory.java:760) ~[spring-beans-5.0.4.RELEASE.jar:5.0.4.RELEASE]
	at org.springframework.context.support.AbstractApplicationContext.finishBeanFactoryInitialization(AbstractApplicationContext.java:868) ~[spring-context-5.0.4.RELEASE.jar:5.0.4.RELEASE]
	at org.springframework.context.support.AbstractApplicationContext.refresh(AbstractApplicationContext.java:549) ~[spring-context-5.0.4.RELEASE.jar:5.0.4.RELEASE]
	at org.springframework.boot.SpringApplication.refresh(SpringApplication.java:752) ~[spring-boot-2.0.0.RELEASE.jar:2.0.0.RELEASE]
	at org.springframework.boot.SpringApplication.refreshContext(SpringApplication.java:388) ~[spring-boot-2.0.0.RELEASE.jar:2.0.0.RELEASE]
	at org.springframework.boot.SpringApplication.run(SpringApplication.java:327) ~[spring-boot-2.0.0.RELEASE.jar:2.0.0.RELEASE]
	at org.springframework.boot.test.context.SpringBootContextLoader.loadContext(SpringBootContextLoader.java:138) ~[spring-boot-test-2.0.0.RELEASE.jar:2.0.0.RELEASE]
	at org.springframework.test.context.cache.DefaultCacheAwareContextLoaderDelegate.loadContextInternal(DefaultCacheAwareContextLoaderDelegate.java:99) ~[spring-test-5.0.4.RELEASE.jar:5.0.4.RELEASE]
	at org.springframework.test.context.cache.DefaultCacheAwareContextLoaderDelegate.loadContext(DefaultCacheAwareContextLoaderDelegate.java:117) ~[spring-test-5.0.4.RELEASE.jar:5.0.4.RELEASE]
	... 27 common frames omitted
Caused by: org.springframework.beans.factory.NoSuchBeanDefinitionException: No qualifying bean of type 'org.kitodo.mediaserver.core.util.MediaServerUtils' available: expected at least 1 bean which qualifies as autowire candidate. Dependency annotations: {}
	at org.springframework.beans.factory.support.DefaultListableBeanFactory.raiseNoMatchingBeanFound(DefaultListableBeanFactory.java:1509) ~[spring-beans-5.0.4.RELEASE.jar:5.0.4.RELEASE]
	at org.springframework.beans.factory.support.DefaultListableBeanFactory.doResolveDependency(DefaultListableBeanFactory.java:1104) ~[spring-beans-5.0.4.RELEASE.jar:5.0.4.RELEASE]
	at org.springframework.beans.factory.support.DefaultListableBeanFactory.resolveDependency(DefaultListableBeanFactory.java:1065) ~[spring-beans-5.0.4.RELEASE.jar:5.0.4.RELEASE]
	at org.springframework.beans.factory.annotation.AutowiredAnnotationBeanPostProcessor$AutowiredMethodElement.inject(AutowiredAnnotationBeanPostProcessor.java:660) ~[spring-beans-5.0.4.RELEASE.jar:5.0.4.RELEASE]
	... 45 common frames omitted

]]></system-out>
  </testcase>
  <testcase name="testList" classname="org.kitodo.mediaserver.ui.works.WorkControllerTest" time="0">
    <error message="Failed to load ApplicationContext" type="java.lang.IllegalStateException">java.lang.IllegalStateException: Failed to load ApplicationContext
Caused by: org.springframework.beans.factory.UnsatisfiedDependencyException: Error creating bean with name 'workLockAction': Unsatisfied dependency expressed through method 'setMediaServerUtils' parameter 0; nested exception is org.springframework.beans.factory.NoSuchBeanDefinitionException: No qualifying bean of type 'org.kitodo.mediaserver.core.util.MediaServerUtils' available: expected at least 1 bean which qualifies as autowire candidate. Dependency annotations: {}
Caused by: org.springframework.beans.factory.NoSuchBeanDefinitionException: No qualifying bean of type 'org.kitodo.mediaserver.core.util.MediaServerUtils' available: expected at least 1 bean which qualifies as autowire candidate. Dependency annotations: {}
</error>
    <system-out><![CDATA[
  .   ____          _            __ _ _
 /\\ / ___'_ __ _ _(_)_ __  __ _ \ \ \ \
( ( )\___ | '_ | '_| | '_ \/ _` | \ \ \ \
 \\/  ___)| |_)| | | | | || (_| |  ) ) ) )
  '  |____| .__|_| |_|_| |_\__, | / / / /
 =========|_|==============|___/=/_/_/_/
 :: Spring Boot ::        (v2.0.0.RELEASE)

2018-05-30 17:47:03.789  INFO 394 --- [           main] o.k.m.ui.works.WorkControllerTest        : Starting WorkControllerTest on cyclone1 with PID 394 (started by root in /root/workspace/tuub/kitodo-mediaserver/385755662/kitodo-mediaserver-ui)
2018-05-30 17:47:03.790  INFO 394 --- [           main] o.k.m.ui.works.WorkControllerTest        : No active profile set, falling back to default profiles: default
2018-05-30 17:47:03.792  INFO 394 --- [           main] o.s.w.c.s.GenericWebApplicationContext   : Refreshing org.springframework.web.context.support.GenericWebApplicationContext@423791: startup date [Wed May 30 17:47:03 CEST 2018]; root of context hierarchy
2018-05-30 17:47:03.923  INFO 394 --- [           main] beddedDataSourceBeanFactoryPostProcessor : Replacing 'dataSource' DataSource bean with embedded version
2018-05-30 17:47:03.923  INFO 394 --- [           main] o.s.b.f.s.DefaultListableBeanFactory     : Overriding bean definition for bean 'dataSource' with a different definition: replacing [Root bean: class [null]; scope=; abstract=false; lazyInit=false; autowireMode=3; dependencyCheck=0; autowireCandidate=true; primary=false; factoryBeanName=org.springframework.boot.autoconfigure.jdbc.DataSourceConfiguration$Hikari; factoryMethodName=dataSource; initMethodName=null; destroyMethodName=(inferred); defined in class path resource [org/springframework/boot/autoconfigure/jdbc/DataSourceConfiguration$Hikari.class]] with [Root bean: class [org.springframework.boot.test.autoconfigure.jdbc.TestDatabaseAutoConfiguration$EmbeddedDataSourceFactoryBean]; scope=; abstract=false; lazyInit=false; autowireMode=0; dependencyCheck=0; autowireCandidate=true; primary=false; factoryBeanName=null; factoryMethodName=null; initMethodName=null; destroyMethodName=null]
2018-05-30 17:47:03.981  INFO 394 --- [           main] trationDelegate$BeanPostProcessorChecker : Bean 'org.springframework.transaction.annotation.ProxyTransactionManagementConfiguration' of type [org.springframework.transaction.annotation.ProxyTransactionManagementConfiguration$$EnhancerBySpringCGLIB$$7f1663cb] is not eligible for getting processed by all BeanPostProcessors (for example: not eligible for auto-proxying)
2018-05-30 17:47:04.013  INFO 394 --- [           main] o.s.j.d.e.EmbeddedDatabaseFactory        : Starting embedded database: url='jdbc:h2:mem:f8285df7-2888-4765-a7bf-dad13c563b57;DB_CLOSE_DELAY=-1;DB_CLOSE_ON_EXIT=false', username='sa'
2018-05-30 17:47:04.028  INFO 394 --- [           main] o.s.jdbc.datasource.init.ScriptUtils     : Executing SQL script from URL [file:/root/workspace/tuub/kitodo-mediaserver/385755662/kitodo-mediaserver-core/target/classes/schema.sql]
2018-05-30 17:47:04.035  INFO 394 --- [           main] o.s.jdbc.datasource.init.ScriptUtils     : Executed SQL script from URL [file:/root/workspace/tuub/kitodo-mediaserver/385755662/kitodo-mediaserver-core/target/classes/schema.sql] in 6 ms.
2018-05-30 17:47:04.039  INFO 394 --- [           main] o.s.jdbc.datasource.init.ScriptUtils     : Executing SQL script from URL [file:/root/workspace/tuub/kitodo-mediaserver/385755662/kitodo-mediaserver-core/target/classes/data.sql]
2018-05-30 17:47:04.039  INFO 394 --- [           main] o.s.jdbc.datasource.init.ScriptUtils     : Executed SQL script from URL [file:/root/workspace/tuub/kitodo-mediaserver/385755662/kitodo-mediaserver-core/target/classes/data.sql] in 0 ms.
2018-05-30 17:47:04.087  INFO 394 --- [           main] j.LocalContainerEntityManagerFactoryBean : Building JPA container EntityManagerFactory for persistence unit 'default'
2018-05-30 17:47:04.087  INFO 394 --- [           main] o.hibernate.jpa.internal.util.LogHelper  : HHH000204: Processing PersistenceUnitInfo [
	name: default
	...]
2018-05-30 17:47:04.112  INFO 394 --- [           main] org.hibernate.dialect.Dialect            : HHH000400: Using dialect: org.hibernate.dialect.H2Dialect
Hibernate: drop table action_data if exists
Hibernate: drop table identifier if exists
Hibernate: drop table parameter if exists
Hibernate: drop table user if exists
Hibernate: drop table work if exists
Hibernate: create table action_data (id integer generated by default as identity, action_name varchar(255), end_time timestamp, request_time timestamp, start_time timestamp, work_id varchar(255) not null, primary key (id))
Hibernate: create table identifier (identifier varchar(255) not null, type varchar(255), work_id varchar(255) not null, primary key (identifier))
Hibernate: create table parameter (action_data_id integer not null, parameter varchar(255), parameter_key varchar(255) not null, primary key (action_data_id, parameter_key))
Hibernate: create table user (username varchar(255) not null, enabled boolean, name varchar(255), password varchar(60), primary key (username))
Hibernate: create table work (id varchar(255) not null, enabled boolean not null, path varchar(255), title varchar(255), primary key (id))
Hibernate: alter table action_data add constraint FKhauld9xvs8kr1uwnv0hy6ey0i foreign key (work_id) references work
Hibernate: alter table identifier add constraint FK1j790dbcrwm7popfo24ckd3yh foreign key (work_id) references work
Hibernate: alter table parameter add constraint FKit17rdxw4du6a0gh7tn18nq9p foreign key (action_data_id) references action_data
2018-05-30 17:47:04.177  INFO 394 --- [           main] o.h.t.schema.internal.SchemaCreatorImpl  : HHH000476: Executing import script 'org.hibernate.tool.schema.internal.exec.ScriptSourceInputNonExistentImpl@e29f4f6'
2018-05-30 17:47:04.178  INFO 394 --- [           main] j.LocalContainerEntityManagerFactoryBean : Initialized JPA EntityManagerFactory for persistence unit 'default'
2018-05-30 17:47:04.504  INFO 394 --- [           main] o.s.s.web.DefaultSecurityFilterChain     : Creating filter chain: org.springframework.security.web.util.matcher.AnyRequestMatcher@1, [org.springframework.security.web.context.request.async.WebAsyncManagerIntegrationFilter@4f93303f, org.springframework.security.web.context.SecurityContextPersistenceFilter@137a9d69, org.springframework.security.web.header.HeaderWriterFilter@7ecca48, org.springframework.security.web.csrf.CsrfFilter@2a8081f5, org.springframework.security.web.authentication.logout.LogoutFilter@17fa25f1, org.springframework.security.web.authentication.UsernamePasswordAuthenticationFilter@25f67aea, org.springframework.security.web.savedrequest.RequestCacheAwareFilter@12faeada, org.springframework.security.web.servletapi.SecurityContextHolderAwareRequestFilter@73a5cc47, org.springframework.security.web.authentication.AnonymousAuthenticationFilter@62c02089, org.springframework.security.web.session.SessionManagementFilter@3d5b2c1e, org.springframework.security.web.access.ExceptionTranslationFilter@20a434a8, org.springframework.security.web.access.intercept.FilterSecurityInterceptor@49231d79]
2018-05-30 17:47:04.515  WARN 394 --- [           main] aWebConfiguration$JpaWebMvcConfiguration : spring.jpa.open-in-view is enabled by default. Therefore, database queries may be performed during view rendering. Explicitly configure spring.jpa.open-in-view to disable this warning
2018-05-30 17:47:04.537  INFO 394 --- [           main] s.w.s.m.m.a.RequestMappingHandlerMapping : Mapped "{[/]}" onto public java.lang.String org.kitodo.mediaserver.ui.IndexController.index()
2018-05-30 17:47:04.538  INFO 394 --- [           main] s.w.s.m.m.a.RequestMappingHandlerMapping : Mapped "{[/jobs]}" onto public java.lang.String org.kitodo.mediaserver.ui.jobs.JobsController.jobs(org.springframework.ui.Model)
2018-05-30 17:47:04.538  INFO 394 --- [           main] s.w.s.m.m.a.RequestMappingHandlerMapping : Mapped "{[/status]}" onto public java.lang.String org.kitodo.mediaserver.ui.status.StatusController.status(org.springframework.ui.Model)
2018-05-30 17:47:04.540  INFO 394 --- [           main] s.w.s.m.m.a.RequestMappingHandlerMapping : Mapped "{[/users/{username}],methods=[GET]}" onto public java.lang.String org.kitodo.mediaserver.ui.users.UserController.editForm(org.springframework.ui.Model,java.lang.String)
2018-05-30 17:47:04.541  INFO 394 --- [           main] s.w.s.m.m.a.RequestMappingHandlerMapping : Mapped "{[/users/{username}],methods=[POST]}" onto public java.lang.String org.kitodo.mediaserver.ui.users.UserController.editSubmit(org.springframework.ui.Model,java.lang.String,org.kitodo.mediaserver.ui.users.UserDto,org.springframework.validation.BindingResult,java.security.Principal)
2018-05-30 17:47:04.541  INFO 394 --- [           main] s.w.s.m.m.a.RequestMappingHandlerMapping : Mapped "{[/users/{username}/delete],methods=[POST]}" onto public java.lang.String org.kitodo.mediaserver.ui.users.UserController.deleteSubmit(java.lang.String,org.springframework.web.servlet.mvc.support.RedirectAttributes,java.security.Principal)
2018-05-30 17:47:04.541  INFO 394 --- [           main] s.w.s.m.m.a.RequestMappingHandlerMapping : Mapped "{[/users/-new],methods=[GET]}" onto public java.lang.String org.kitodo.mediaserver.ui.users.UserController.createForm(org.springframework.ui.Model)
2018-05-30 17:47:04.541  INFO 394 --- [           main] s.w.s.m.m.a.RequestMappingHandlerMapping : Mapped "{[/users/-new],methods=[POST]}" onto public java.lang.String org.kitodo.mediaserver.ui.users.UserController.createSubmit(org.springframework.ui.Model,org.kitodo.mediaserver.ui.users.UserDto,org.springframework.validation.BindingResult)
2018-05-30 17:47:04.542  INFO 394 --- [           main] s.w.s.m.m.a.RequestMappingHandlerMapping : Mapped "{[/users]}" onto public java.lang.String org.kitodo.mediaserver.ui.users.UserController.list(org.springframework.ui.Model,java.lang.String)
2018-05-30 17:47:04.543  INFO 394 --- [           main] s.w.s.m.m.a.RequestMappingHandlerMapping : Mapped "{[/works/{id}/lockcomment],methods=[GET],produces=[application/json]}" onto public java.util.Map<java.lang.String, java.lang.String> org.kitodo.mediaserver.ui.works.WorkController.getLockComment(java.lang.String) throws org.kitodo.mediaserver.core.exceptions.WorkNotFoundException
2018-05-30 17:47:04.544  INFO 394 --- [           main] s.w.s.m.m.a.RequestMappingHandlerMapping : Mapped "{[/works/{id}],methods=[POST]}" onto public java.lang.String org.kitodo.mediaserver.ui.works.WorkController.edit(java.lang.String,java.lang.String,java.lang.String,org.springframework.web.servlet.mvc.support.RedirectAttributes)
2018-05-30 17:47:04.544  INFO 394 --- [           main] s.w.s.m.m.a.RequestMappingHandlerMapping : Mapped "{[/works/{id}/cache/delete],methods=[POST]}" onto public java.lang.String org.kitodo.mediaserver.ui.works.WorkController.cacheDelete(java.lang.String,org.springframework.web.servlet.mvc.support.RedirectAttributes)
2018-05-30 17:47:04.544  INFO 394 --- [           main] s.w.s.m.m.a.RequestMappingHandlerMapping : Mapped "{[/works]}" onto public java.lang.String org.kitodo.mediaserver.ui.works.WorkController.list(org.springframework.ui.Model,org.springframework.data.domain.Pageable,java.lang.String,java.lang.String)
2018-05-30 17:47:04.557  INFO 394 --- [           main] o.s.w.s.handler.SimpleUrlHandlerMapping  : Mapped URL path [/login] onto handler of type [class org.springframework.web.servlet.mvc.ParameterizableViewController]
2018-05-30 17:47:04.568  INFO 394 --- [           main] o.s.w.s.handler.SimpleUrlHandlerMapping  : Mapped URL path [/static/**] onto handler of type [class org.springframework.web.servlet.resource.ResourceHttpRequestHandler]
2018-05-30 17:47:04.597  INFO 394 --- [           main] s.w.s.m.m.a.RequestMappingHandlerAdapter : Looking for @ControllerAdvice: org.springframework.web.context.support.GenericWebApplicationContext@423791: startup date [Wed May 30 17:47:03 CEST 2018]; root of context hierarchy
2018-05-30 17:47:04.624  WARN 394 --- [           main] o.s.w.c.s.GenericWebApplicationContext   : Exception encountered during context initialization - cancelling refresh attempt: org.springframework.beans.factory.UnsatisfiedDependencyException: Error creating bean with name 'workLockAction': Unsatisfied dependency expressed through method 'setMediaServerUtils' parameter 0; nested exception is org.springframework.beans.factory.NoSuchBeanDefinitionException: No qualifying bean of type 'org.kitodo.mediaserver.core.util.MediaServerUtils' available: expected at least 1 bean which qualifies as autowire candidate. Dependency annotations: {}
2018-05-30 17:47:04.625  INFO 394 --- [           main] j.LocalContainerEntityManagerFactoryBean : Closing JPA EntityManagerFactory for persistence unit 'default'
2018-05-30 17:47:04.625  INFO 394 --- [           main] .SchemaDropperImpl$DelayedDropActionImpl : HHH000477: Starting delayed drop of schema as part of SessionFactory shut-down'
Hibernate: drop table action_data if exists
Hibernate: drop table identifier if exists
Hibernate: drop table parameter if exists
Hibernate: drop table user if exists
Hibernate: drop table work if exists
2018-05-30 17:47:04.628  INFO 394 --- [           main] ConditionEvaluationReportLoggingListener : 

Error starting ApplicationContext. To display the conditions report re-run your application with 'debug' enabled.
2018-05-30 17:47:04.645 ERROR 394 --- [           main] o.s.b.d.LoggingFailureAnalysisReporter   : 

***************************
APPLICATION FAILED TO START
***************************

Description:

Parameter 0 of method setMediaServerUtils in org.kitodo.mediaserver.core.actions.WorkLockAction required a bean of type 'org.kitodo.mediaserver.core.util.MediaServerUtils' that could not be found.


Action:

Consider defining a bean of type 'org.kitodo.mediaserver.core.util.MediaServerUtils' in your configuration.

2018-05-30 17:47:04.646 ERROR 394 --- [           main] o.s.test.context.TestContextManager      : Caught exception while allowing TestExecutionListener [org.springframework.test.context.web.ServletTestExecutionListener@39451d92] to prepare test instance [org.kitodo.mediaserver.ui.works.WorkControllerTest@49f32bcb]

java.lang.IllegalStateException: Failed to load ApplicationContext
	at org.springframework.test.context.cache.DefaultCacheAwareContextLoaderDelegate.loadContext(DefaultCacheAwareContextLoaderDelegate.java:125) ~[spring-test-5.0.4.RELEASE.jar:5.0.4.RELEASE]
	at org.springframework.test.context.support.DefaultTestContext.getApplicationContext(DefaultTestContext.java:107) ~[spring-test-5.0.4.RELEASE.jar:5.0.4.RELEASE]
	at org.springframework.test.context.web.ServletTestExecutionListener.setUpRequestContextIfNecessary(ServletTestExecutionListener.java:190) ~[spring-test-5.0.4.RELEASE.jar:5.0.4.RELEASE]
	at org.springframework.test.context.web.ServletTestExecutionListener.prepareTestInstance(ServletTestExecutionListener.java:132) ~[spring-test-5.0.4.RELEASE.jar:5.0.4.RELEASE]
	at org.springframework.test.context.TestContextManager.prepareTestInstance(TestContextManager.java:242) ~[spring-test-5.0.4.RELEASE.jar:5.0.4.RELEASE]
	at org.springframework.test.context.junit4.SpringJUnit4ClassRunner.createTest(SpringJUnit4ClassRunner.java:227) [spring-test-5.0.4.RELEASE.jar:5.0.4.RELEASE]
	at org.springframework.test.context.junit4.SpringJUnit4ClassRunner$1.runReflectiveCall(SpringJUnit4ClassRunner.java:289) [spring-test-5.0.4.RELEASE.jar:5.0.4.RELEASE]
	at org.junit.internal.runners.model.ReflectiveCallable.run(ReflectiveCallable.java:12) [junit-4.12.jar:4.12]
	at org.springframework.test.context.junit4.SpringJUnit4ClassRunner.methodBlock(SpringJUnit4ClassRunner.java:291) [spring-test-5.0.4.RELEASE.jar:5.0.4.RELEASE]
	at org.springframework.test.context.junit4.SpringJUnit4ClassRunner.runChild(SpringJUnit4ClassRunner.java:246) [spring-test-5.0.4.RELEASE.jar:5.0.4.RELEASE]
	at org.springframework.test.context.junit4.SpringJUnit4ClassRunner.runChild(SpringJUnit4ClassRunner.java:97) [spring-test-5.0.4.RELEASE.jar:5.0.4.RELEASE]
	at org.junit.runners.ParentRunner$3.run(ParentRunner.java:290) [junit-4.12.jar:4.12]
	at org.junit.runners.ParentRunner$1.schedule(ParentRunner.java:71) [junit-4.12.jar:4.12]
	at org.junit.runners.ParentRunner.runChildren(ParentRunner.java:288) [junit-4.12.jar:4.12]
	at org.junit.runners.ParentRunner.access$000(ParentRunner.java:58) [junit-4.12.jar:4.12]
	at org.junit.runners.ParentRunner$2.evaluate(ParentRunner.java:268) [junit-4.12.jar:4.12]
	at org.springframework.test.context.junit4.statements.RunBeforeTestClassCallbacks.evaluate(RunBeforeTestClassCallbacks.java:61) [spring-test-5.0.4.RELEASE.jar:5.0.4.RELEASE]
	at org.springframework.test.context.junit4.statements.RunAfterTestClassCallbacks.evaluate(RunAfterTestClassCallbacks.java:70) [spring-test-5.0.4.RELEASE.jar:5.0.4.RELEASE]
	at org.junit.runners.ParentRunner.run(ParentRunner.java:363) [junit-4.12.jar:4.12]
	at org.springframework.test.context.junit4.SpringJUnit4ClassRunner.run(SpringJUnit4ClassRunner.java:190) [spring-test-5.0.4.RELEASE.jar:5.0.4.RELEASE]
	at org.apache.maven.surefire.junit4.JUnit4Provider.execute(JUnit4Provider.java:369) [surefire-junit4-2.20.1.jar:2.20.1]
	at org.apache.maven.surefire.junit4.JUnit4Provider.executeWithRerun(JUnit4Provider.java:275) [surefire-junit4-2.20.1.jar:2.20.1]
	at org.apache.maven.surefire.junit4.JUnit4Provider.executeTestSet(JUnit4Provider.java:239) [surefire-junit4-2.20.1.jar:2.20.1]
	at org.apache.maven.surefire.junit4.JUnit4Provider.invoke(JUnit4Provider.java:160) [surefire-junit4-2.20.1.jar:2.20.1]
	at org.apache.maven.surefire.booter.ForkedBooter.invokeProviderInSameClassLoader(ForkedBooter.java:373) [surefire-booter-2.20.1.jar:2.20.1]
	at org.apache.maven.surefire.booter.ForkedBooter.runSuitesInProcess(ForkedBooter.java:334) [surefire-booter-2.20.1.jar:2.20.1]
	at org.apache.maven.surefire.booter.ForkedBooter.execute(ForkedBooter.java:119) [surefire-booter-2.20.1.jar:2.20.1]
	at org.apache.maven.surefire.booter.ForkedBooter.main(ForkedBooter.java:407) [surefire-booter-2.20.1.jar:2.20.1]
Caused by: org.springframework.beans.factory.UnsatisfiedDependencyException: Error creating bean with name 'workLockAction': Unsatisfied dependency expressed through method 'setMediaServerUtils' parameter 0; nested exception is org.springframework.beans.factory.NoSuchBeanDefinitionException: No qualifying bean of type 'org.kitodo.mediaserver.core.util.MediaServerUtils' available: expected at least 1 bean which qualifies as autowire candidate. Dependency annotations: {}
	at org.springframework.beans.factory.annotation.AutowiredAnnotationBeanPostProcessor$AutowiredMethodElement.inject(AutowiredAnnotationBeanPostProcessor.java:668) ~[spring-beans-5.0.4.RELEASE.jar:5.0.4.RELEASE]
	at org.springframework.beans.factory.annotation.InjectionMetadata.inject(InjectionMetadata.java:91) ~[spring-beans-5.0.4.RELEASE.jar:5.0.4.RELEASE]
	at org.springframework.beans.factory.annotation.AutowiredAnnotationBeanPostProcessor.postProcessPropertyValues(AutowiredAnnotationBeanPostProcessor.java:373) ~[spring-beans-5.0.4.RELEASE.jar:5.0.4.RELEASE]
	at org.springframework.beans.factory.support.AbstractAutowireCapableBeanFactory.populateBean(AbstractAutowireCapableBeanFactory.java:1344) ~[spring-beans-5.0.4.RELEASE.jar:5.0.4.RELEASE]
	at org.springframework.beans.factory.support.AbstractAutowireCapableBeanFactory.doCreateBean(AbstractAutowireCapableBeanFactory.java:582) ~[spring-beans-5.0.4.RELEASE.jar:5.0.4.RELEASE]
	at org.springframework.beans.factory.support.AbstractAutowireCapableBeanFactory.createBean(AbstractAutowireCapableBeanFactory.java:502) ~[spring-beans-5.0.4.RELEASE.jar:5.0.4.RELEASE]
	at org.springframework.beans.factory.support.AbstractBeanFactory.lambda$doGetBean$0(AbstractBeanFactory.java:312) ~[spring-beans-5.0.4.RELEASE.jar:5.0.4.RELEASE]
	at org.springframework.beans.factory.support.DefaultSingletonBeanRegistry.getSingleton(DefaultSingletonBeanRegistry.java:228) ~[spring-beans-5.0.4.RELEASE.jar:5.0.4.RELEASE]
	at org.springframework.beans.factory.support.AbstractBeanFactory.doGetBean(AbstractBeanFactory.java:310) ~[spring-beans-5.0.4.RELEASE.jar:5.0.4.RELEASE]
	at org.springframework.beans.factory.support.AbstractBeanFactory.getBean(AbstractBeanFactory.java:200) ~[spring-beans-5.0.4.RELEASE.jar:5.0.4.RELEASE]
	at org.springframework.beans.factory.support.DefaultListableBeanFactory.preInstantiateSingletons(DefaultListableBeanFactory.java:760) ~[spring-beans-5.0.4.RELEASE.jar:5.0.4.RELEASE]
	at org.springframework.context.support.AbstractApplicationContext.finishBeanFactoryInitialization(AbstractApplicationContext.java:868) ~[spring-context-5.0.4.RELEASE.jar:5.0.4.RELEASE]
	at org.springframework.context.support.AbstractApplicationContext.refresh(AbstractApplicationContext.java:549) ~[spring-context-5.0.4.RELEASE.jar:5.0.4.RELEASE]
	at org.springframework.boot.SpringApplication.refresh(SpringApplication.java:752) ~[spring-boot-2.0.0.RELEASE.jar:2.0.0.RELEASE]
	at org.springframework.boot.SpringApplication.refreshContext(SpringApplication.java:388) ~[spring-boot-2.0.0.RELEASE.jar:2.0.0.RELEASE]
	at org.springframework.boot.SpringApplication.run(SpringApplication.java:327) ~[spring-boot-2.0.0.RELEASE.jar:2.0.0.RELEASE]
	at org.springframework.boot.test.context.SpringBootContextLoader.loadContext(SpringBootContextLoader.java:138) ~[spring-boot-test-2.0.0.RELEASE.jar:2.0.0.RELEASE]
	at org.springframework.test.context.cache.DefaultCacheAwareContextLoaderDelegate.loadContextInternal(DefaultCacheAwareContextLoaderDelegate.java:99) ~[spring-test-5.0.4.RELEASE.jar:5.0.4.RELEASE]
	at org.springframework.test.context.cache.DefaultCacheAwareContextLoaderDelegate.loadContext(DefaultCacheAwareContextLoaderDelegate.java:117) ~[spring-test-5.0.4.RELEASE.jar:5.0.4.RELEASE]
	... 27 common frames omitted
Caused by: org.springframework.beans.factory.NoSuchBeanDefinitionException: No qualifying bean of type 'org.kitodo.mediaserver.core.util.MediaServerUtils' available: expected at least 1 bean which qualifies as autowire candidate. Dependency annotations: {}
	at org.springframework.beans.factory.support.DefaultListableBeanFactory.raiseNoMatchingBeanFound(DefaultListableBeanFactory.java:1509) ~[spring-beans-5.0.4.RELEASE.jar:5.0.4.RELEASE]
	at org.springframework.beans.factory.support.DefaultListableBeanFactory.doResolveDependency(DefaultListableBeanFactory.java:1104) ~[spring-beans-5.0.4.RELEASE.jar:5.0.4.RELEASE]
	at org.springframework.beans.factory.support.DefaultListableBeanFactory.resolveDependency(DefaultListableBeanFactory.java:1065) ~[spring-beans-5.0.4.RELEASE.jar:5.0.4.RELEASE]
	at org.springframework.beans.factory.annotation.AutowiredAnnotationBeanPostProcessor$AutowiredMethodElement.inject(AutowiredAnnotationBeanPostProcessor.java:660) ~[spring-beans-5.0.4.RELEASE.jar:5.0.4.RELEASE]
	... 45 common frames omitted

]]></system-out>
  </testcase>
</testsuite>