<?xml version="1.0" encoding="UTF-8"?>
<testsuite xmlns:xsi="http://www.w3.org/2001/XMLSchema-instance" xsi:noNamespaceSchemaLocation="https://maven.apache.org/surefire/maven-surefire-plugin/xsd/surefire-test-report.xsd" name="enmasse.mqtt.WillTest" time="4.854" tests="2" errors="0" skipped="0" failures="0">
  <properties>
    <property name="awt.toolkit" value="sun.awt.X11.XToolkit"/>
    <property name="file.encoding.pkg" value="sun.io"/>
    <property name="java.specification.version" value="1.8"/>
    <property name="sun.cpu.isalist" value=""/>
    <property name="sun.jnu.encoding" value="UTF-8"/>
    <property name="java.class.path" value="/root/workspace/EnMasseProject/enmasse/386630418/mqtt-lwt/target/test-classes:/root/workspace/EnMasseProject/enmasse/386630418/mqtt-lwt/target/classes:/root/./workspace/EnMasseProject/enmasse/386630418/.m2/io/vertx/vertx-proton/3.5.1/vertx-proton-3.5.1.jar:/root/./workspace/EnMasseProject/enmasse/386630418/.m2/io/vertx/vertx-core/3.5.1/vertx-core-3.5.1.jar:/root/./workspace/EnMasseProject/enmasse/386630418/.m2/io/netty/netty-common/4.1.19.Final/netty-common-4.1.19.Final.jar:/root/./workspace/EnMasseProject/enmasse/386630418/.m2/io/netty/netty-buffer/4.1.19.Final/netty-buffer-4.1.19.Final.jar:/root/./workspace/EnMasseProject/enmasse/386630418/.m2/io/netty/netty-transport/4.1.19.Final/netty-transport-4.1.19.Final.jar:/root/./workspace/EnMasseProject/enmasse/386630418/.m2/io/netty/netty-handler/4.1.19.Final/netty-handler-4.1.19.Final.jar:/root/./workspace/EnMasseProject/enmasse/386630418/.m2/io/netty/netty-handler-proxy/4.1.19.Final/netty-handler-proxy-4.1.19.Final.jar:/root/./workspace/EnMasseProject/enmasse/386630418/.m2/io/netty/netty-codec-socks/4.1.19.Final/netty-codec-socks-4.1.19.Final.jar:/root/./workspace/EnMasseProject/enmasse/386630418/.m2/io/netty/netty-codec-http/4.1.19.Final/netty-codec-http-4.1.19.Final.jar:/root/./workspace/EnMasseProject/enmasse/386630418/.m2/io/netty/netty-codec-http2/4.1.19.Final/netty-codec-http2-4.1.19.Final.jar:/root/./workspace/EnMasseProject/enmasse/386630418/.m2/io/netty/netty-resolver/4.1.19.Final/netty-resolver-4.1.19.Final.jar:/root/./workspace/EnMasseProject/enmasse/386630418/.m2/io/netty/netty-resolver-dns/4.1.19.Final/netty-resolver-dns-4.1.19.Final.jar:/root/./workspace/EnMasseProject/enmasse/386630418/.m2/io/netty/netty-codec-dns/4.1.19.Final/netty-codec-dns-4.1.19.Final.jar:/root/./workspace/EnMasseProject/enmasse/386630418/.m2/com/fasterxml/jackson/core/jackson-core/2.8.8/jackson-core-2.8.8.jar:/root/./workspace/EnMasseProject/enmasse/386630418/.m2/com/fasterxml/jackson/core/jackson-databind/2.8.8/jackson-databind-2.8.8.jar:/root/./workspace/EnMasseProject/enmasse/386630418/.m2/com/fasterxml/jackson/core/jackson-annotations/2.8.0/jackson-annotations-2.8.0.jar:/root/./workspace/EnMasseProject/enmasse/386630418/.m2/org/apache/qpid/proton-j/0.25.0/proton-j-0.25.0.jar:/root/./workspace/EnMasseProject/enmasse/386630418/.m2/io/vertx/vertx-codegen/3.5.1/vertx-codegen-3.5.1-processor.jar:/root/./workspace/EnMasseProject/enmasse/386630418/.m2/org/mvel/mvel2/2.3.1.Final/mvel2-2.3.1.Final.jar:/root/./workspace/EnMasseProject/enmasse/386630418/.m2/org/springframework/boot/spring-boot/1.5.4.RELEASE/spring-boot-1.5.4.RELEASE.jar:/root/./workspace/EnMasseProject/enmasse/386630418/.m2/org/springframework/spring-core/4.3.9.RELEASE/spring-core-4.3.9.RELEASE.jar:/root/./workspace/EnMasseProject/enmasse/386630418/.m2/org/springframework/spring-context/4.3.9.RELEASE/spring-context-4.3.9.RELEASE.jar:/root/./workspace/EnMasseProject/enmasse/386630418/.m2/org/springframework/spring-aop/4.3.9.RELEASE/spring-aop-4.3.9.RELEASE.jar:/root/./workspace/EnMasseProject/enmasse/386630418/.m2/org/springframework/spring-beans/4.3.9.RELEASE/spring-beans-4.3.9.RELEASE.jar:/root/./workspace/EnMasseProject/enmasse/386630418/.m2/org/springframework/spring-expression/4.3.9.RELEASE/spring-expression-4.3.9.RELEASE.jar:/root/./workspace/EnMasseProject/enmasse/386630418/.m2/org/springframework/boot/spring-boot-autoconfigure/1.5.4.RELEASE/spring-boot-autoconfigure-1.5.4.RELEASE.jar:/root/./workspace/EnMasseProject/enmasse/386630418/.m2/org/slf4j/slf4j-api/1.7.21/slf4j-api-1.7.21.jar:/root/./workspace/EnMasseProject/enmasse/386630418/.m2/ch/qos/logback/logback-classic/1.1.11/logback-classic-1.1.11.jar:/root/./workspace/EnMasseProject/enmasse/386630418/.m2/ch/qos/logback/logback-core/1.1.11/logback-core-1.1.11.jar:/root/./workspace/EnMasseProject/enmasse/386630418/.m2/io/netty/netty-codec-mqtt/4.1.15.Final/netty-codec-mqtt-4.1.15.Final.jar:/root/./workspace/EnMasseProject/enmasse/386630418/.m2/io/netty/netty-codec/4.1.15.Final/netty-codec-4.1.15.Final.jar:/root/./workspace/EnMasseProject/enmasse/386630418/.m2/org/springframework/boot/spring-boot-starter-logging/1.5.4.RELEASE/spring-boot-starter-logging-1.5.4.RELEASE.jar:/root/./workspace/EnMasseProject/enmasse/386630418/.m2/org/slf4j/jcl-over-slf4j/1.7.25/jcl-over-slf4j-1.7.25.jar:/root/./workspace/EnMasseProject/enmasse/386630418/.m2/org/slf4j/jul-to-slf4j/1.7.25/jul-to-slf4j-1.7.25.jar:/root/./workspace/EnMasseProject/enmasse/386630418/.m2/org/slf4j/log4j-over-slf4j/1.7.25/log4j-over-slf4j-1.7.25.jar:/root/./workspace/EnMasseProject/enmasse/386630418/.m2/org/junit/jupiter/junit-jupiter-api/5.1.0/junit-jupiter-api-5.1.0.jar:/root/./workspace/EnMasseProject/enmasse/386630418/.m2/org/apiguardian/apiguardian-api/1.0.0/apiguardian-api-1.0.0.jar:/root/./workspace/EnMasseProject/enmasse/386630418/.m2/org/opentest4j/opentest4j/1.0.0/opentest4j-1.0.0.jar:/root/./workspace/EnMasseProject/enmasse/386630418/.m2/org/junit/platform/junit-platform-commons/1.1.0/junit-platform-commons-1.1.0.jar:/root/./workspace/EnMasseProject/enmasse/386630418/.m2/junit/junit/4.12/junit-4.12.jar:/root/./workspace/EnMasseProject/enmasse/386630418/.m2/org/hamcrest/hamcrest-core/1.3/hamcrest-core-1.3.jar:/root/./workspace/EnMasseProject/enmasse/386630418/.m2/org/junit/jupiter/junit-jupiter-engine/5.1.0/junit-jupiter-engine-5.1.0.jar:/root/./workspace/EnMasseProject/enmasse/386630418/.m2/org/junit/platform/junit-platform-engine/1.1.0/junit-platform-engine-1.1.0.jar:/root/./workspace/EnMasseProject/enmasse/386630418/.m2/org/junit/vintage/junit-vintage-engine/5.1.0/junit-vintage-engine-5.1.0.jar:/root/./workspace/EnMasseProject/enmasse/386630418/.m2/org/junit/platform/junit-platform-launcher/1.1.0/junit-platform-launcher-1.1.0.jar:/root/./workspace/EnMasseProject/enmasse/386630418/.m2/io/vertx/vertx-unit/3.5.1/vertx-unit-3.5.1.jar:/root/workspace/EnMasseProject/enmasse/386630418/amqp-utils/target/classes:"/>
    <property name="java.vm.vendor" value="Oracle Corporation"/>
    <property name="skip.bower" value="true"/>
    <property name="sun.arch.data.model" value="64"/>
    <property name="java.vendor.url" value="http://java.oracle.com/"/>
    <property name="user.timezone" value=""/>
    <property name="java.vm.specification.version" value="1.8"/>
    <property name="os.name" value="Linux"/>
    <property name="rat.skip" value="true"/>
    <property name="gpg.skip" value="true"/>
    <property name="sun.java.launcher" value="SUN_STANDARD"/>
    <property name="sun.boot.library.path" value="/usr/lib/jvm/java-8-openjdk-amd64/jre/lib/amd64"/>
    <property name="skip.gulp" value="true"/>
    <property name="sun.java.command" value="/root/workspace/EnMasseProject/enmasse/386630418/mqtt-lwt/target/surefire/surefirebooter4563642980117586014.jar /root/workspace/EnMasseProject/enmasse/386630418/mqtt-lwt/target/surefire 2018-06-01T14-31-35_709-jvmRun1 surefire2981144982356344743tmp surefire_67698668412795359103tmp"/>
    <property name="dependency-check.skip" value="true"/>
    <property name="surefire.test.class.path" value="/root/workspace/EnMasseProject/enmasse/386630418/mqtt-lwt/target/test-classes:/root/workspace/EnMasseProject/enmasse/386630418/mqtt-lwt/target/classes:/root/./workspace/EnMasseProject/enmasse/386630418/.m2/io/vertx/vertx-proton/3.5.1/vertx-proton-3.5.1.jar:/root/./workspace/EnMasseProject/enmasse/386630418/.m2/io/vertx/vertx-core/3.5.1/vertx-core-3.5.1.jar:/root/./workspace/EnMasseProject/enmasse/386630418/.m2/io/netty/netty-common/4.1.19.Final/netty-common-4.1.19.Final.jar:/root/./workspace/EnMasseProject/enmasse/386630418/.m2/io/netty/netty-buffer/4.1.19.Final/netty-buffer-4.1.19.Final.jar:/root/./workspace/EnMasseProject/enmasse/386630418/.m2/io/netty/netty-transport/4.1.19.Final/netty-transport-4.1.19.Final.jar:/root/./workspace/EnMasseProject/enmasse/386630418/.m2/io/netty/netty-handler/4.1.19.Final/netty-handler-4.1.19.Final.jar:/root/./workspace/EnMasseProject/enmasse/386630418/.m2/io/netty/netty-handler-proxy/4.1.19.Final/netty-handler-proxy-4.1.19.Final.jar:/root/./workspace/EnMasseProject/enmasse/386630418/.m2/io/netty/netty-codec-socks/4.1.19.Final/netty-codec-socks-4.1.19.Final.jar:/root/./workspace/EnMasseProject/enmasse/386630418/.m2/io/netty/netty-codec-http/4.1.19.Final/netty-codec-http-4.1.19.Final.jar:/root/./workspace/EnMasseProject/enmasse/386630418/.m2/io/netty/netty-codec-http2/4.1.19.Final/netty-codec-http2-4.1.19.Final.jar:/root/./workspace/EnMasseProject/enmasse/386630418/.m2/io/netty/netty-resolver/4.1.19.Final/netty-resolver-4.1.19.Final.jar:/root/./workspace/EnMasseProject/enmasse/386630418/.m2/io/netty/netty-resolver-dns/4.1.19.Final/netty-resolver-dns-4.1.19.Final.jar:/root/./workspace/EnMasseProject/enmasse/386630418/.m2/io/netty/netty-codec-dns/4.1.19.Final/netty-codec-dns-4.1.19.Final.jar:/root/./workspace/EnMasseProject/enmasse/386630418/.m2/com/fasterxml/jackson/core/jackson-core/2.8.8/jackson-core-2.8.8.jar:/root/./workspace/EnMasseProject/enmasse/386630418/.m2/com/fasterxml/jackson/core/jackson-databind/2.8.8/jackson-databind-2.8.8.jar:/root/./workspace/EnMasseProject/enmasse/386630418/.m2/com/fasterxml/jackson/core/jackson-annotations/2.8.0/jackson-annotations-2.8.0.jar:/root/./workspace/EnMasseProject/enmasse/386630418/.m2/org/apache/qpid/proton-j/0.25.0/proton-j-0.25.0.jar:/root/./workspace/EnMasseProject/enmasse/386630418/.m2/io/vertx/vertx-codegen/3.5.1/vertx-codegen-3.5.1-processor.jar:/root/./workspace/EnMasseProject/enmasse/386630418/.m2/org/mvel/mvel2/2.3.1.Final/mvel2-2.3.1.Final.jar:/root/./workspace/EnMasseProject/enmasse/386630418/.m2/org/springframework/boot/spring-boot/1.5.4.RELEASE/spring-boot-1.5.4.RELEASE.jar:/root/./workspace/EnMasseProject/enmasse/386630418/.m2/org/springframework/spring-core/4.3.9.RELEASE/spring-core-4.3.9.RELEASE.jar:/root/./workspace/EnMasseProject/enmasse/386630418/.m2/org/springframework/spring-context/4.3.9.RELEASE/spring-context-4.3.9.RELEASE.jar:/root/./workspace/EnMasseProject/enmasse/386630418/.m2/org/springframework/spring-aop/4.3.9.RELEASE/spring-aop-4.3.9.RELEASE.jar:/root/./workspace/EnMasseProject/enmasse/386630418/.m2/org/springframework/spring-beans/4.3.9.RELEASE/spring-beans-4.3.9.RELEASE.jar:/root/./workspace/EnMasseProject/enmasse/386630418/.m2/org/springframework/spring-expression/4.3.9.RELEASE/spring-expression-4.3.9.RELEASE.jar:/root/./workspace/EnMasseProject/enmasse/386630418/.m2/org/springframework/boot/spring-boot-autoconfigure/1.5.4.RELEASE/spring-boot-autoconfigure-1.5.4.RELEASE.jar:/root/./workspace/EnMasseProject/enmasse/386630418/.m2/org/slf4j/slf4j-api/1.7.21/slf4j-api-1.7.21.jar:/root/./workspace/EnMasseProject/enmasse/386630418/.m2/ch/qos/logback/logback-classic/1.1.11/logback-classic-1.1.11.jar:/root/./workspace/EnMasseProject/enmasse/386630418/.m2/ch/qos/logback/logback-core/1.1.11/logback-core-1.1.11.jar:/root/./workspace/EnMasseProject/enmasse/386630418/.m2/io/netty/netty-codec-mqtt/4.1.15.Final/netty-codec-mqtt-4.1.15.Final.jar:/root/./workspace/EnMasseProject/enmasse/386630418/.m2/io/netty/netty-codec/4.1.15.Final/netty-codec-4.1.15.Final.jar:/root/./workspace/EnMasseProject/enmasse/386630418/.m2/org/springframework/boot/spring-boot-starter-logging/1.5.4.RELEASE/spring-boot-starter-logging-1.5.4.RELEASE.jar:/root/./workspace/EnMasseProject/enmasse/386630418/.m2/org/slf4j/jcl-over-slf4j/1.7.25/jcl-over-slf4j-1.7.25.jar:/root/./workspace/EnMasseProject/enmasse/386630418/.m2/org/slf4j/jul-to-slf4j/1.7.25/jul-to-slf4j-1.7.25.jar:/root/./workspace/EnMasseProject/enmasse/386630418/.m2/org/slf4j/log4j-over-slf4j/1.7.25/log4j-over-slf4j-1.7.25.jar:/root/./workspace/EnMasseProject/enmasse/386630418/.m2/org/junit/jupiter/junit-jupiter-api/5.1.0/junit-jupiter-api-5.1.0.jar:/root/./workspace/EnMasseProject/enmasse/386630418/.m2/org/apiguardian/apiguardian-api/1.0.0/apiguardian-api-1.0.0.jar:/root/./workspace/EnMasseProject/enmasse/386630418/.m2/org/opentest4j/opentest4j/1.0.0/opentest4j-1.0.0.jar:/root/./workspace/EnMasseProject/enmasse/386630418/.m2/org/junit/platform/junit-platform-commons/1.1.0/junit-platform-commons-1.1.0.jar:/root/./workspace/EnMasseProject/enmasse/386630418/.m2/junit/junit/4.12/junit-4.12.jar:/root/./workspace/EnMasseProject/enmasse/386630418/.m2/org/hamcrest/hamcrest-core/1.3/hamcrest-core-1.3.jar:/root/./workspace/EnMasseProject/enmasse/386630418/.m2/org/junit/jupiter/junit-jupiter-engine/5.1.0/junit-jupiter-engine-5.1.0.jar:/root/./workspace/EnMasseProject/enmasse/386630418/.m2/org/junit/platform/junit-platform-engine/1.1.0/junit-platform-engine-1.1.0.jar:/root/./workspace/EnMasseProject/enmasse/386630418/.m2/org/junit/vintage/junit-vintage-engine/5.1.0/junit-vintage-engine-5.1.0.jar:/root/./workspace/EnMasseProject/enmasse/386630418/.m2/org/junit/platform/junit-platform-launcher/1.1.0/junit-platform-launcher-1.1.0.jar:/root/./workspace/EnMasseProject/enmasse/386630418/.m2/io/vertx/vertx-unit/3.5.1/vertx-unit-3.5.1.jar:/root/workspace/EnMasseProject/enmasse/386630418/amqp-utils/target/classes:"/>
    <property name="sun.cpu.endian" value="little"/>
    <property name="user.home" value="/root"/>
    <property name="user.language" value="en"/>
    <property name="java.specification.vendor" value="Oracle Corporation"/>
    <property name="java.home" value="/usr/lib/jvm/java-8-openjdk-amd64/jre"/>
    <property name="basedir" value="/root/workspace/EnMasseProject/enmasse/386630418/mqtt-lwt"/>
    <property name="file.separator" value="/"/>
    <property name="checkstyle.skip" value="true"/>
    <property name="line.separator" value="&#10;"/>
    <property name="skip.npm" value="true"/>
    <property name="java.vm.specification.vendor" value="Oracle Corporation"/>
    <property name="java.specification.name" value="Java Platform API Specification"/>
    <property name="java.awt.graphicsenv" value="sun.awt.X11GraphicsEnvironment"/>
    <property name="skipITs" value="true"/>
    <property name="surefire.real.class.path" value="/root/workspace/EnMasseProject/enmasse/386630418/mqtt-lwt/target/surefire/surefirebooter4563642980117586014.jar"/>
    <property name="cobertura.skip" value="true"/>
    <property name="sun.boot.class.path" value="/usr/lib/jvm/java-8-openjdk-amd64/jre/lib/resources.jar:/usr/lib/jvm/java-8-openjdk-amd64/jre/lib/rt.jar:/usr/lib/jvm/java-8-openjdk-amd64/jre/lib/sunrsasign.jar:/usr/lib/jvm/java-8-openjdk-amd64/jre/lib/jsse.jar:/usr/lib/jvm/java-8-openjdk-amd64/jre/lib/jce.jar:/usr/lib/jvm/java-8-openjdk-amd64/jre/lib/charsets.jar:/usr/lib/jvm/java-8-openjdk-amd64/jre/lib/jfr.jar:/usr/lib/jvm/java-8-openjdk-amd64/jre/classes"/>
    <property name="sun.management.compiler" value="HotSpot 64-Bit Tiered Compilers"/>
    <property name="java.runtime.version" value="1.8.0_121-8u121-b13-1~bpo8+1-b13"/>
    <property name="user.name" value="root"/>
    <property name="findbugs.skip" value="true"/>
    <property name="path.separator" value=":"/>
    <property name="os.version" value="3.10.0-862.3.2.el7.x86_64"/>
    <property name="java.endorsed.dirs" value="/usr/lib/jvm/java-8-openjdk-amd64/jre/lib/endorsed"/>
    <property name="java.runtime.name" value="OpenJDK Runtime Environment"/>
    <property name="file.encoding" value="UTF-8"/>
    <property name="java.vm.name" value="OpenJDK 64-Bit Server VM"/>
    <property name="localRepository" value="/root/./workspace/EnMasseProject/enmasse/386630418/.m2"/>
    <property name="java.vendor.url.bug" value="http://bugreport.sun.com/bugreport/"/>
    <property name="java.io.tmpdir" value="/tmp"/>
    <property name="java.version" value="1.8.0_121"/>
    <property name="user.dir" value="/root/workspace/EnMasseProject/enmasse/386630418/mqtt-lwt"/>
    <property name="os.arch" value="amd64"/>
    <property name="license.skip" value="true"/>
    <property name="java.vm.specification.name" value="Java Virtual Machine Specification"/>
    <property name="java.awt.printerjob" value="sun.print.PSPrinterJob"/>
    <property name="sun.os.patch.level" value="unknown"/>
    <property name="java.library.path" value="/usr/java/packages/lib/amd64:/usr/lib/x86_64-linux-gnu/jni:/lib/x86_64-linux-gnu:/usr/lib/x86_64-linux-gnu:/usr/lib/jni:/lib:/usr/lib"/>
    <property name="java.vm.info" value="mixed mode"/>
    <property name="java.vendor" value="Oracle Corporation"/>
    <property name="java.vm.version" value="25.121-b13"/>
    <property name="java.ext.dirs" value="/usr/lib/jvm/java-8-openjdk-amd64/jre/lib/ext:/usr/java/packages/lib/ext"/>
    <property name="sun.io.unicode.encoding" value="UnicodeLittle"/>
    <property name="maven.repo.local" value="/root/./workspace/EnMasseProject/enmasse/386630418/.m2"/>
    <property name="enforcer.skip" value="true"/>
    <property name="java.class.version" value="52.0"/>
  </properties>
  <testcase name="bruteDisconnection" classname="enmasse.mqtt.WillTest" time="2.393"/>
  <testcase name="cleanDisconnection" classname="enmasse.mqtt.WillTest" time="2.457"/>
</testsuite>