<?xml version="1.0" encoding="UTF-8" ?>
<testsuite tests="12" failures="1" name="com.kakawait.spring.boot.security.cas.CasSecurityAutoConfigurationTest" time="4.971" errors="0" skipped="0">
  <properties>
    <property name="java.runtime.name" value="OpenJDK Runtime Environment"/>
    <property name="sun.boot.library.path" value="/usr/lib/jvm/java-8-openjdk-amd64/jre/lib/amd64"/>
    <property name="java.vm.version" value="25.121-b13"/>
    <property name="java.vm.vendor" value="Oracle Corporation"/>
    <property name="maven.multiModuleProjectDirectory" value="/root/workspace/kakawait/cas-security-spring-boot-starter/389359051"/>
    <property name="java.vendor.url" value="http://java.oracle.com/"/>
    <property name="path.separator" value=":"/>
    <property name="guice.disable.misplaced.annotation.check" value="true"/>
    <property name="skip.gulp" value="true"/>
    <property name="java.vm.name" value="OpenJDK 64-Bit Server VM"/>
    <property name="file.encoding.pkg" value="sun.io"/>
    <property name="sun.java.launcher" value="SUN_STANDARD"/>
    <property name="sun.os.patch.level" value="unknown"/>
    <property name="findbugs.skip" value="true"/>
    <property name="java.vm.specification.name" value="Java Virtual Machine Specification"/>
    <property name="user.dir" value="/root/workspace/kakawait/cas-security-spring-boot-starter/389359051"/>
    <property name="checkstyle.skip" value="true"/>
    <property name="java.runtime.version" value="1.8.0_121-8u121-b13-1~bpo8+1-b13"/>
    <property name="java.awt.graphicsenv" value="sun.awt.X11GraphicsEnvironment"/>
    <property name="skip.npm" value="true"/>
    <property name="java.endorsed.dirs" value="/usr/lib/jvm/java-8-openjdk-amd64/jre/lib/endorsed"/>
    <property name="os.arch" value="amd64"/>
    <property name="java.io.tmpdir" value="/tmp"/>
    <property name="gpg.skip" value="true"/>
    <property name="line.separator" value="
"/>
    <property name="java.vm.specification.vendor" value="Oracle Corporation"/>
    <property name="cobertura.skip" value="true"/>
    <property name="os.name" value="Linux"/>
    <property name="classworlds.conf" value="/usr/share/maven/bin/m2.conf"/>
    <property name="sun.jnu.encoding" value="UTF-8"/>
    <property name="java.library.path" value="/usr/java/packages/lib/amd64:/usr/lib/x86_64-linux-gnu/jni:/lib/x86_64-linux-gnu:/usr/lib/x86_64-linux-gnu:/usr/lib/jni:/lib:/usr/lib"/>
    <property name="license.skip" value="true"/>
    <property name="java.specification.name" value="Java Platform API Specification"/>
    <property name="java.class.version" value="52.0"/>
    <property name="sun.management.compiler" value="HotSpot 64-Bit Tiered Compilers"/>
    <property name="skip.bower" value="true"/>
    <property name="maven.repo.local" value="/root/./workspace/kakawait/cas-security-spring-boot-starter/389359051/.m2"/>
    <property name="os.version" value="3.10.0-862.3.2.el7.x86_64"/>
    <property name="user.home" value="/root"/>
    <property name="user.timezone" value="Europe/Paris"/>
    <property name="java.awt.printerjob" value="sun.print.PSPrinterJob"/>
    <property name="java.specification.version" value="1.8"/>
    <property name="file.encoding" value="UTF-8"/>
    <property name="user.name" value="root"/>
    <property name="java.class.path" value="/usr/share/maven/boot/plexus-classworlds-2.5.2.jar"/>
    <property name="skipITs" value="true"/>
    <property name="java.vm.specification.version" value="1.8"/>
    <property name="sun.arch.data.model" value="64"/>
    <property name="java.home" value="/usr/lib/jvm/java-8-openjdk-amd64/jre"/>
    <property name="sun.java.command" value="org.codehaus.plexus.classworlds.launcher.Launcher -B -D enforcer.skip=true -D dependency-check.skip=true -D skipITs=true -D cobertura.skip=true -D maven.repo.local=/root/./workspace/kakawait/cas-security-spring-boot-starter/389359051/.m2 -D rat.skip=true -D findbugs.skip=true -D skip.bower=true -D gpg.skip=true -D checkstyle.skip=true -D skip.gulp=true -D license.skip=true -D skip.npm=true test"/>
    <property name="java.specification.vendor" value="Oracle Corporation"/>
    <property name="user.language" value="en"/>
    <property name="awt.toolkit" value="sun.awt.X11.XToolkit"/>
    <property name="dependency-check.skip" value="true"/>
    <property name="java.vm.info" value="mixed mode"/>
    <property name="java.version" value="1.8.0_121"/>
    <property name="java.ext.dirs" value="/usr/lib/jvm/java-8-openjdk-amd64/jre/lib/ext:/usr/java/packages/lib/ext"/>
    <property name="securerandom.source" value="file:/dev/./urandom"/>
    <property name="sun.boot.class.path" value="/usr/lib/jvm/java-8-openjdk-amd64/jre/lib/resources.jar:/usr/lib/jvm/java-8-openjdk-amd64/jre/lib/rt.jar:/usr/lib/jvm/java-8-openjdk-amd64/jre/lib/sunrsasign.jar:/usr/lib/jvm/java-8-openjdk-amd64/jre/lib/jsse.jar:/usr/lib/jvm/java-8-openjdk-amd64/jre/lib/jce.jar:/usr/lib/jvm/java-8-openjdk-amd64/jre/lib/charsets.jar:/usr/lib/jvm/java-8-openjdk-amd64/jre/lib/jfr.jar:/usr/lib/jvm/java-8-openjdk-amd64/jre/classes"/>
    <property name="java.vendor" value="Oracle Corporation"/>
    <property name="enforcer.skip" value="true"/>
    <property name="rat.skip" value="true"/>
    <property name="maven.home" value="/usr/share/maven"/>
    <property name="file.separator" value="/"/>
    <property name="java.vendor.url.bug" value="http://bugreport.sun.com/bugreport/"/>
    <property name="sun.cpu.endian" value="little"/>
    <property name="sun.io.unicode.encoding" value="UnicodeLittle"/>
    <property name="sun.cpu.isalist" value=""/>
  </properties>
  <testcase classname="com.kakawait.spring.boot.security.cas.CasSecurityAutoConfigurationTest" name="autoConfigure_WithoutServiceBaseUrl_Exception" time="2.376">
    <failure message="
Expecting:
  &lt;org.springframework.beans.factory.BeanCreationException: Error creating bean with name &apos;springSecurityFilterChain&apos; defined in org.springframework.security.config.annotation.web.configuration.WebSecurityConfiguration: Bean instantiation via factory method failed; nested exception is org.springframework.beans.BeanInstantiationException: Failed to instantiate [javax.servlet.Filter]: Factory method &apos;springSecurityFilterChain&apos; threw exception; nested exception is org.springframework.beans.factory.UnsatisfiedDependencyException: Error creating bean with name &apos;com.kakawait.spring.boot.security.cas.CasHttpSecurityConfigurer$CasHttpSecurityConfigurerAdapter&apos;: Unsatisfied dependency expressed through constructor parameter 0; nested exception is org.springframework.beans.factory.UnsatisfiedDependencyException: Error creating bean with name &apos;com.kakawait.spring.boot.security.cas.CasSecurityAutoConfiguration$DefaultCasSecurityConfigurerAdapter&apos;: Unsatisfied dependency expressed through constructor parameter 2; nested exception is org.springframework.beans.factory.UnsatisfiedDependencyException: Error creating bean with name &apos;com.kakawait.spring.boot.security.cas.CasSecurityAutoConfiguration$StaticCasSecurityConfiguration&apos;: Unsatisfied dependency expressed through constructor parameter 1; nested exception is org.springframework.beans.factory.BeanCreationException: Error creating bean with name &apos;serviceProperties&apos; defined in com.kakawait.spring.boot.security.cas.CasSecurityAutoConfiguration: Bean instantiation via factory method failed; nested exception is org.springframework.beans.BeanInstantiationException: Failed to instantiate [org.springframework.security.cas.ServiceProperties]: Factory method &apos;serviceProperties&apos; threw exception; nested exception is java.lang.IllegalArgumentException: Cas service base url must not be null (ref property security.cas.service.base-url)&gt;
to be an instance of:
  &lt;org.springframework.beans.factory.UnsatisfiedDependencyException&gt;
but was:
  &lt;&quot;org.springframework.beans.factory.BeanCreationException: Error creating bean with name &apos;springSecurityFilterChain&apos; defined in org.springframework.security.config.annotation.web.configuration.WebSecurityConfiguration: Bean instantiation via factory method failed; nested exception is org.springframework.beans.BeanInstantiationException: Failed to instantiate [javax.servlet.Filter]: Factory method &apos;springSecurityFilterChain&apos; threw exception; nested exception is org.springframework.beans.factory.UnsatisfiedDependencyException: Error creating bean with name &apos;com.kakawait.spring.boot.security.cas.CasHttpSecurityConfigurer$CasHttpSecurityConfigurerAdapter&apos;: Unsatisfied dependency expressed through constructor parameter 0; nested exception is org.springframework.beans.factory.UnsatisfiedDependencyException: Error creating bean with name &apos;com.kakawait.spring.boot.security.cas.CasSecurityAutoConfiguration$DefaultCasSecurityConfigurerAdapter&apos;: Unsatisfied dependency expressed through constructor parameter 2; nested exception is org.springframework.beans.factory.UnsatisfiedDependencyException: Error creating bean with name &apos;com.kakawait.spring.boot.security.cas.CasSecurityAutoConfiguration$StaticCasSecurityConfiguration&apos;: Unsatisfied dependency expressed through constructor parameter 1; nested exception is org.springframework.beans.factory.BeanCreationException: Error creating bean with name &apos;serviceProperties&apos; defined in com.kakawait.spring.boot.security.cas.CasSecurityAutoConfiguration: Bean instantiation via factory method failed; nested exception is org.springframework.beans.BeanInstantiationException: Failed to instantiate [org.springframework.security.cas.ServiceProperties]: Factory method &apos;serviceProperties&apos; threw exception; nested exception is java.lang.IllegalArgumentException: Cas service base url must not be null (ref property security.cas.service.base-url)
	at org.springframework.beans.factory.support.ConstructorResolver.instantiateUsingFactoryMethod(ConstructorResolver.java:587)
	at org.springframework.beans.factory.support.AbstractAutowireCapableBeanFactory.instantiateUsingFactoryMethod(AbstractAutowireCapableBeanFactory.java:1254)
	at org.springframework.beans.factory.support.AbstractAutowireCapableBeanFactory.createBeanInstance(AbstractAutowireCapableBeanFactory.java:1103)
	at org.springframework.beans.factory.support.AbstractAutowireCapableBeanFactory.doCreateBean(AbstractAutowireCapableBeanFactory.java:541)
	at org.springframework.beans.factory.support.AbstractAutowireCapableBeanFactory.createBean(AbstractAutowireCapableBeanFactory.java:501)
	at org.springframework.beans.factory.support.AbstractBeanFactory.lambda$doGetBean$0(AbstractBeanFactory.java:317)
	at org.springframework.beans.factory.support.DefaultSingletonBeanRegistry.getSingleton(DefaultSingletonBeanRegistry.java:228)
	at org.springframework.beans.factory.support.AbstractBeanFactory.doGetBean(AbstractBeanFactory.java:315)
	at org.springframework.beans.factory.support.AbstractBeanFactory.getBean(AbstractBeanFactory.java:199)
	at org.springframework.beans.factory.support.AbstractBeanFactory.doGetBean(AbstractBeanFactory.java:304)
	at org.springframework.beans.factory.support.AbstractBeanFactory.getBean(AbstractBeanFactory.java:199)
	at org.springframework.beans.factory.support.DefaultListableBeanFactory.preInstantiateSingletons(DefaultListableBeanFactory.java:760)
	at org.springframework.context.support.AbstractApplicationContext.finishBeanFactoryInitialization(AbstractApplicationContext.java:869)
	at org.springframework.context.support.AbstractApplicationContext.refresh(AbstractApplicationContext.java:550)
	at com.kakawait.spring.boot.security.cas.CasSecurityAutoConfigurationTest.load(CasSecurityAutoConfigurationTest.java:215)
	at com.kakawait.spring.boot.security.cas.CasSecurityAutoConfigurationTest.lambda$autoConfigure_WithoutServiceBaseUrl_Exception$0(CasSecurityAutoConfigurationTest.java:83)
	at org.assertj.core.api.ThrowableAssert.catchThrowable(ThrowableAssert.java:62)
	at org.assertj.core.api.AssertionsForClassTypes.catchThrowable(AssertionsForClassTypes.java:763)
	at org.assertj.core.api.Assertions.catchThrowable(Assertions.java:1198)
	at org.assertj.core.api.Assertions.assertThatThrownBy(Assertions.java:1092)
	at com.kakawait.spring.boot.security.cas.CasSecurityAutoConfigurationTest.autoConfigure_WithoutServiceBaseUrl_Exception(CasSecurityAutoConfigurationTest.java:83)
	at sun.reflect.NativeMethodAccessorImpl.invoke0(Native Method)
	at sun.reflect.NativeMethodAccessorImpl.invoke(NativeMethodAccessorImpl.java:62)
	at sun.reflect.DelegatingMethodAccessorImpl.invoke(DelegatingMethodAccessorImpl.java:43)
	at java.lang.reflect.Method.invoke(Method.java:498)
	at org.junit.runners.model.FrameworkMethod$1.runReflectiveCall(FrameworkMethod.java:50)
	at org.junit.internal.runners.model.ReflectiveCallable.run(ReflectiveCallable.java:12)
	at org.junit.runners.model.FrameworkMethod.invokeExplosively(FrameworkMethod.java:47)
	at org.junit.internal.runners.statements.InvokeMethod.evaluate(InvokeMethod.java:17)
	at org.junit.internal.runners.statements.RunAfters.evaluate(RunAfters.java:27)
	at org.junit.runners.ParentRunner.runLeaf(ParentRunner.java:325)
	at org.junit.runners.BlockJUnit4ClassRunner.runChild(BlockJUnit4ClassRunner.java:78)
	at org.junit.runners.BlockJUnit4ClassRunner.runChild(BlockJUnit4ClassRunner.java:57)
	at org.junit.runners.ParentRunner$3.run(ParentRunner.java:290)
	at org.junit.runners.ParentRunner$1.schedule(ParentRunner.java:71)
	at org.junit.runners.ParentRunner.runChildren(ParentRunner.java:288)
	at org.junit.runners.ParentRunner.access$000(ParentRunner.java:58)
	at org.junit.runners.ParentRunner$2.evaluate(ParentRunner.java:268)
	at org.junit.runners.ParentRunner.run(ParentRunner.java:363)
	at org.apache.maven.surefire.junit4.JUnit4Provider.execute(JUnit4Provider.java:252)
	at org.apache.maven.surefire.junit4.JUnit4Provider.executeTestSet(JUnit4Provider.java:141)
	at org.apache.maven.surefire.junit4.JUnit4Provider.invoke(JUnit4Provider.java:112)
	at sun.reflect.NativeMethodAccessorImpl.invoke0(Native Method)
	at sun.reflect.NativeMethodAccessorImpl.invoke(NativeMethodAccessorImpl.java:62)
	at sun.reflect.DelegatingMethodAccessorImpl.invoke(DelegatingMethodAccessorImpl.java:43)
	at java.lang.reflect.Method.invoke(Method.java:498)
	at org.apache.maven.surefire.util.ReflectionUtils.invokeMethodWithArray(ReflectionUtils.java:189)
	at org.apache.maven.surefire.booter.ProviderFactory$ProviderProxy.invoke(ProviderFactory.java:165)
	at org.apache.maven.surefire.booter.ProviderFactory.invokeProvider(ProviderFactory.java:85)
	at org.apache.maven.surefire.booter.ForkedBooter.runSuitesInProcess(ForkedBooter.java:115)
	at org.apache.maven.surefire.booter.ForkedBooter.main(ForkedBooter.java:75)
Caused by: org.springframework.beans.BeanInstantiationException: Failed to instantiate [javax.servlet.Filter]: Factory method &apos;springSecurityFilterChain&apos; threw exception; nested exception is org.springframework.beans.factory.UnsatisfiedDependencyException: Error creating bean with name &apos;com.kakawait.spring.boot.security.cas.CasHttpSecurityConfigurer$CasHttpSecurityConfigurerAdapter&apos;: Unsatisfied dependency expressed through constructor parameter 0; nested exception is org.springframework.beans.factory.UnsatisfiedDependencyException: Error creating bean with name &apos;com.kakawait.spring.boot.security.cas.CasSecurityAutoConfiguration$DefaultCasSecurityConfigurerAdapter&apos;: Unsatisfied dependency expressed through constructor parameter 2; nested exception is org.springframework.beans.factory.UnsatisfiedDependencyException: Error creating bean with name &apos;com.kakawait.spring.boot.security.cas.CasSecurityAutoConfiguration$StaticCasSecurityConfiguration&apos;: Unsatisfied dependency expressed through constructor parameter 1; nested exception is org.springframework.beans.factory.BeanCreationException: Error creating bean with name &apos;serviceProperties&apos; defined in com.kakawait.spring.boot.security.cas.CasSecurityAutoConfiguration: Bean instantiation via factory method failed; nested exception is org.springframework.beans.BeanInstantiationException: Failed to instantiate [org.springframework.security.cas.ServiceProperties]: Factory method &apos;serviceProperties&apos; threw exception; nested exception is java.lang.IllegalArgumentException: Cas service base url must not be null (ref property security.cas.service.base-url)
	at org.springframework.beans.factory.support.SimpleInstantiationStrategy.instantiate(SimpleInstantiationStrategy.java:185)
	at org.springframework.beans.factory.support.ConstructorResolver.instantiateUsingFactoryMethod(ConstructorResolver.java:579)
	... 50 more
Caused by: org.springframework.beans.factory.UnsatisfiedDependencyException: Error creating bean with name &apos;com.kakawait.spring.boot.security.cas.CasHttpSecurityConfigurer$CasHttpSecurityConfigurerAdapter&apos;: Unsatisfied dependency expressed through constructor parameter 0; nested exception is org.springframework.beans.factory.UnsatisfiedDependencyException: Error creating bean with name &apos;com.kakawait.spring.boot.security.cas.CasSecurityAutoConfiguration$DefaultCasSecurityConfigurerAdapter&apos;: Unsatisfied dependency expressed through constructor parameter 2; nested exception is org.springframework.beans.factory.UnsatisfiedDependencyException: Error creating bean with name &apos;com.kakawait.spring.boot.security.cas.CasSecurityAutoConfiguration$StaticCasSecurityConfiguration&apos;: Unsatisfied dependency expressed through constructor parameter 1; nested exception is org.springframework.beans.factory.BeanCreationException: Error creating bean with name &apos;serviceProperties&apos; defined in com.kakawait.spring.boot.security.cas.CasSecurityAutoConfiguration: Bean instantiation via factory method failed; nested exception is org.springframework.beans.BeanInstantiationException: Failed to instantiate [org.springframework.security.cas.ServiceProperties]: Factory method &apos;serviceProperties&apos; threw exception; nested exception is java.lang.IllegalArgumentException: Cas service base url must not be null (ref property security.cas.service.base-url)
	at org.springframework.beans.factory.support.ConstructorResolver.createArgumentArray(ConstructorResolver.java:729)
	at org.springframework.beans.factory.support.ConstructorResolver.autowireConstructor(ConstructorResolver.java:192)
	at org.springframework.beans.factory.support.AbstractAutowireCapableBeanFactory.autowireConstructor(AbstractAutowireCapableBeanFactory.java:1274)
	at org.springframework.beans.factory.support.AbstractAutowireCapableBeanFactory.createBeanInstance(AbstractAutowireCapableBeanFactory.java:1131)
	at org.springframework.beans.factory.support.AbstractAutowireCapableBeanFactory.doCreateBean(AbstractAutowireCapableBeanFactory.java:541)
	at org.springframework.beans.factory.support.AbstractAutowireCapableBeanFactory.createBean(AbstractAutowireCapableBeanFactory.java:501)
	at org.springframework.beans.factory.support.AbstractAutowireCapableBeanFactory.createBean(AbstractAutowireCapableBeanFactory.java:303)
	at com.kakawait.spring.boot.security.cas.CasHttpSecurityConfigurer.getCasHttpSecurityConfigurerAdapter(CasHttpSecurityConfigurer.java:115)
	at com.kakawait.spring.boot.security.cas.CasHttpSecurityConfigurer.init(CasHttpSecurityConfigurer.java:79)
	at com.kakawait.spring.boot.security.cas.CasHttpSecurityConfigurer.configure(CasHttpSecurityConfigurer.java:106)
	at com.kakawait.spring.boot.security.cas.CasHttpSecurityConfigurer.configure(CasHttpSecurityConfigurer.java:31)
	at com.kakawait.spring.boot.security.cas.CasSecurityAutoConfiguration$CasLoginSecurityConfiguration.configure(CasSecurityAutoConfiguration.java:307)
	at org.springframework.security.config.annotation.web.configuration.WebSecurityConfigurerAdapter.getHttp(WebSecurityConfigurerAdapter.java:230)
	at org.springframework.security.config.annotation.web.configuration.WebSecurityConfigurerAdapter.init(WebSecurityConfigurerAdapter.java:321)
	at org.springframework.security.config.annotation.web.configuration.WebSecurityConfigurerAdapter.init(WebSecurityConfigurerAdapter.java:92)
	at org.springframework.security.config.annotation.AbstractConfiguredSecurityBuilder.init(AbstractConfiguredSecurityBuilder.java:371)
	at org.springframework.security.config.annotation.AbstractConfiguredSecurityBuilder.doBuild(AbstractConfiguredSecurityBuilder.java:325)
	at org.springframework.security.config.annotation.AbstractSecurityBuilder.build(AbstractSecurityBuilder.java:41)
	at org.springframework.security.config.annotation.web.configuration.WebSecurityConfiguration.springSecurityFilterChain(WebSecurityConfiguration.java:104)
	at org.springframework.security.config.annotation.web.configuration.WebSecurityConfiguration$$EnhancerBySpringCGLIB$$b053a334.CGLIB$springSecurityFilterChain$5(&lt;generated&gt;)
	at org.springframework.security.config.annotation.web.configuration.WebSecurityConfiguration$$EnhancerBySpringCGLIB$$b053a334$$FastClassBySpringCGLIB$$db72772a.invoke(&lt;generated&gt;)
	at org.springframework.cglib.proxy.MethodProxy.invokeSuper(MethodProxy.java:228)
	at org.springframework.context.annotation.ConfigurationClassEnhancer$BeanMethodInterceptor.intercept(ConfigurationClassEnhancer.java:361)
	at org.springframework.security.config.annotation.web.configuration.WebSecurityConfiguration$$EnhancerBySpringCGLIB$$b053a334.springSecurityFilterChain(&lt;generated&gt;)
	at sun.reflect.NativeMethodAccessorImpl.invoke0(Native Method)
	at sun.reflect.NativeMethodAccessorImpl.invoke(NativeMethodAccessorImpl.java:62)
	at sun.reflect.DelegatingMethodAccessorImpl.invoke(DelegatingMethodAccessorImpl.java:43)
	at java.lang.reflect.Method.invoke(Method.java:498)
	at org.springframework.beans.factory.support.SimpleInstantiationStrategy.instantiate(SimpleInstantiationStrategy.java:154)
	... 51 more
Caused by: org.springframework.beans.factory.UnsatisfiedDependencyException: Error creating bean with name &apos;com.kakawait.spring.boot.security.cas.CasSecurityAutoConfiguration$DefaultCasSecurityConfigurerAdapter&apos;: Unsatisfied dependency expressed through constructor parameter 2; nested exception is org.springframework.beans.factory.UnsatisfiedDependencyException: Error creating bean with name &apos;com.kakawait.spring.boot.security.cas.CasSecurityAutoConfiguration$StaticCasSecurityConfiguration&apos;: Unsatisfied dependency expressed through constructor parameter 1; nested exception is org.springframework.beans.factory.BeanCreationException: Error creating bean with name &apos;serviceProperties&apos; defined in com.kakawait.spring.boot.security.cas.CasSecurityAutoConfiguration: Bean instantiation via factory method failed; nested exception is org.springframework.beans.BeanInstantiationException: Failed to instantiate [org.springframework.security.cas.ServiceProperties]: Factory method &apos;serviceProperties&apos; threw exception; nested exception is java.lang.IllegalArgumentException: Cas service base url must not be null (ref property security.cas.service.base-url)
	at org.springframework.beans.factory.support.ConstructorResolver.createArgumentArray(ConstructorResolver.java:729)
	at org.springframework.beans.factory.support.ConstructorResolver.autowireConstructor(ConstructorResolver.java:192)
	at org.springframework.beans.factory.support.AbstractAutowireCapableBeanFactory.autowireConstructor(AbstractAutowireCapableBeanFactory.java:1274)
	at org.springframework.beans.factory.support.AbstractAutowireCapableBeanFactory.createBeanInstance(AbstractAutowireCapableBeanFactory.java:1131)
	at org.springframework.beans.factory.support.AbstractAutowireCapableBeanFactory.doCreateBean(AbstractAutowireCapableBeanFactory.java:541)
	at org.springframework.beans.factory.support.AbstractAutowireCapableBeanFactory.createBean(AbstractAutowireCapableBeanFactory.java:501)
	at org.springframework.beans.factory.support.AbstractBeanFactory.lambda$doGetBean$0(AbstractBeanFactory.java:317)
	at org.springframework.beans.factory.support.DefaultSingletonBeanRegistry.getSingleton(DefaultSingletonBeanRegistry.java:228)
	at org.springframework.beans.factory.support.AbstractBeanFactory.doGetBean(AbstractBeanFactory.java:315)
	at org.springframework.beans.factory.support.AbstractBeanFactory.getBean(AbstractBeanFactory.java:199)
	at org.springframework.beans.factory.config.DependencyDescriptor.resolveCandidate(DependencyDescriptor.java:251)
	at org.springframework.beans.factory.support.DefaultListableBeanFactory.addCandidateEntry(DefaultListableBeanFactory.java:1325)
	at org.springframework.beans.factory.support.DefaultListableBeanFactory.findAutowireCandidates(DefaultListableBeanFactory.java:1291)
	at org.springframework.beans.factory.support.DefaultListableBeanFactory.resolveMultipleBeans(DefaultListableBeanFactory.java:1193)
	at org.springframework.beans.factory.support.DefaultListableBeanFactory.doResolveDependency(DefaultListableBeanFactory.java:1096)
	at org.springframework.beans.factory.support.DefaultListableBeanFactory.resolveDependency(DefaultListableBeanFactory.java:1065)
	at org.springframework.beans.factory.support.ConstructorResolver.resolveAutowiredArgument(ConstructorResolver.java:815)
	at org.springframework.beans.factory.support.ConstructorResolver.createArgumentArray(ConstructorResolver.java:721)
	... 79 more
Caused by: org.springframework.beans.factory.UnsatisfiedDependencyException: Error creating bean with name &apos;com.kakawait.spring.boot.security.cas.CasSecurityAutoConfiguration$StaticCasSecurityConfiguration&apos;: Unsatisfied dependency expressed through constructor parameter 1; nested exception is org.springframework.beans.factory.BeanCreationException: Error creating bean with name &apos;serviceProperties&apos; defined in com.kakawait.spring.boot.security.cas.CasSecurityAutoConfiguration: Bean instantiation via factory method failed; nested exception is org.springframework.beans.BeanInstantiationException: Failed to instantiate [org.springframework.security.cas.ServiceProperties]: Factory method &apos;serviceProperties&apos; threw exception; nested exception is java.lang.IllegalArgumentException: Cas service base url must not be null (ref property security.cas.service.base-url)
	at org.springframework.beans.factory.support.ConstructorResolver.createArgumentArray(ConstructorResolver.java:729)
	at org.springframework.beans.factory.support.ConstructorResolver.autowireConstructor(ConstructorResolver.java:192)
	at org.springframework.beans.factory.support.AbstractAutowireCapableBeanFactory.autowireConstructor(AbstractAutowireCapableBeanFactory.java:1274)
	at org.springframework.beans.factory.support.AbstractAutowireCapableBeanFactory.createBeanInstance(AbstractAutowireCapableBeanFactory.java:1131)
	at org.springframework.beans.factory.support.AbstractAutowireCapableBeanFactory.doCreateBean(AbstractAutowireCapableBeanFactory.java:541)
	at org.springframework.beans.factory.support.AbstractAutowireCapableBeanFactory.createBean(AbstractAutowireCapableBeanFactory.java:501)
	at org.springframework.beans.factory.support.AbstractBeanFactory.lambda$doGetBean$0(AbstractBeanFactory.java:317)
	at org.springframework.beans.factory.support.DefaultSingletonBeanRegistry.getSingleton(DefaultSingletonBeanRegistry.java:228)
	at org.springframework.beans.factory.support.AbstractBeanFactory.doGetBean(AbstractBeanFactory.java:315)
	at org.springframework.beans.factory.support.AbstractBeanFactory.getBean(AbstractBeanFactory.java:199)
	at org.springframework.beans.factory.support.ConstructorResolver.instantiateUsingFactoryMethod(ConstructorResolver.java:368)
	at org.springframework.beans.factory.support.AbstractAutowireCapableBeanFactory.instantiateUsingFactoryMethod(AbstractAutowireCapableBeanFactory.java:1254)
	at org.springframework.beans.factory.support.AbstractAutowireCapableBeanFactory.createBeanInstance(AbstractAutowireCapableBeanFactory.java:1103)
	at org.springframework.beans.factory.support.AbstractAutowireCapableBeanFactory.doCreateBean(AbstractAutowireCapableBeanFactory.java:541)
	at org.springframework.beans.factory.support.AbstractAutowireCapableBeanFactory.createBean(AbstractAutowireCapableBeanFactory.java:501)
	at org.springframework.beans.factory.support.AbstractBeanFactory.lambda$doGetBean$0(AbstractBeanFactory.java:317)
	at org.springframework.beans.factory.support.DefaultSingletonBeanRegistry.getSingleton(DefaultSingletonBeanRegistry.java:228)
	at org.springframework.beans.factory.support.AbstractBeanFactory.doGetBean(AbstractBeanFactory.java:315)
	at org.springframework.beans.factory.support.AbstractBeanFactory.getBean(AbstractBeanFactory.java:199)
	at org.springframework.beans.factory.config.DependencyDescriptor.resolveCandidate(DependencyDescriptor.java:251)
	at org.springframework.beans.factory.support.DefaultListableBeanFactory.doResolveDependency(DefaultListableBeanFactory.java:1138)
	at org.springframework.beans.factory.support.DefaultListableBeanFactory.resolveDependency(DefaultListableBeanFactory.java:1065)
	at org.springframework.beans.factory.support.ConstructorResolver.resolveAutowiredArgument(ConstructorResolver.java:815)
	at org.springframework.beans.factory.support.ConstructorResolver.createArgumentArray(ConstructorResolver.java:721)
	... 96 more
Caused by: org.springframework.beans.factory.BeanCreationException: Error creating bean with name &apos;serviceProperties&apos; defined in com.kakawait.spring.boot.security.cas.CasSecurityAutoConfiguration: Bean instantiation via factory method failed; nested exception is org.springframework.beans.BeanInstantiationException: Failed to instantiate [org.springframework.security.cas.ServiceProperties]: Factory method &apos;serviceProperties&apos; threw exception; nested exception is java.lang.IllegalArgumentException: Cas service base url must not be null (ref property security.cas.service.base-url)
	at org.springframework.beans.factory.support.ConstructorResolver.instantiateUsingFactoryMethod(ConstructorResolver.java:587)
	at org.springframework.beans.factory.support.AbstractAutowireCapableBeanFactory.instantiateUsingFactoryMethod(AbstractAutowireCapableBeanFactory.java:1254)
	at org.springframework.beans.factory.support.AbstractAutowireCapableBeanFactory.createBeanInstance(AbstractAutowireCapableBeanFactory.java:1103)
	at org.springframework.beans.factory.support.AbstractAutowireCapableBeanFactory.doCreateBean(AbstractAutowireCapableBeanFactory.java:541)
	at org.springframework.beans.factory.support.AbstractAutowireCapableBeanFactory.createBean(AbstractAutowireCapableBeanFactory.java:501)
	at org.springframework.beans.factory.support.AbstractBeanFactory.lambda$doGetBean$0(AbstractBeanFactory.java:317)
	at org.springframework.beans.factory.support.DefaultSingletonBeanRegistry.getSingleton(DefaultSingletonBeanRegistry.java:228)
	at org.springframework.beans.factory.support.AbstractBeanFactory.doGetBean(AbstractBeanFactory.java:315)
	at org.springframework.beans.factory.support.AbstractBeanFactory.getBean(AbstractBeanFactory.java:199)
	at org.springframework.beans.factory.config.DependencyDescriptor.resolveCandidate(DependencyDescriptor.java:251)
	at org.springframework.beans.factory.support.DefaultListableBeanFactory.doResolveDependency(DefaultListableBeanFactory.java:1138)
	at org.springframework.beans.factory.support.DefaultListableBeanFactory.resolveDependency(DefaultListableBeanFactory.java:1065)
	at org.springframework.beans.factory.support.ConstructorResolver.resolveAutowiredArgument(ConstructorResolver.java:815)
	at org.springframework.beans.factory.support.ConstructorResolver.createArgumentArray(ConstructorResolver.java:721)
	... 119 more
Caused by: org.springframework.beans.BeanInstantiationException: Failed to instantiate [org.springframework.security.cas.ServiceProperties]: Factory method &apos;serviceProperties&apos; threw exception; nested exception is java.lang.IllegalArgumentException: Cas service base url must not be null (ref property security.cas.service.base-url)
	at org.springframework.beans.factory.support.SimpleInstantiationStrategy.instantiate(SimpleInstantiationStrategy.java:185)
	at org.springframework.beans.factory.support.ConstructorResolver.instantiateUsingFactoryMethod(ConstructorResolver.java:579)
	... 132 more
Caused by: java.lang.IllegalArgumentException: Cas service base url must not be null (ref property security.cas.service.base-url)
	at org.springframework.util.Assert.notNull(Assert.java:193)
	at com.kakawait.spring.boot.security.cas.CasSecurityAutoConfiguration.serviceProperties(CasSecurityAutoConfiguration.java:75)
	at com.kakawait.spring.boot.security.cas.CasSecurityAutoConfiguration$$EnhancerBySpringCGLIB$$69e85444.CGLIB$serviceProperties$1(&lt;generated&gt;)
	at com.kakawait.spring.boot.security.cas.CasSecurityAutoConfiguration$$EnhancerBySpringCGLIB$$69e85444$$FastClassBySpringCGLIB$$78e46ff0.invoke(&lt;generated&gt;)
	at org.springframework.cglib.proxy.MethodProxy.invokeSuper(MethodProxy.java:228)
	at org.springframework.context.annotation.ConfigurationClassEnhancer$BeanMethodInterceptor.intercept(ConfigurationClassEnhancer.java:361)
	at com.kakawait.spring.boot.security.cas.CasSecurityAutoConfiguration$$EnhancerBySpringCGLIB$$69e85444.serviceProperties(&lt;generated&gt;)
	at sun.reflect.NativeMethodAccessorImpl.invoke0(Native Method)
	at sun.reflect.NativeMethodAccessorImpl.invoke(NativeMethodAccessorImpl.java:62)
	at sun.reflect.DelegatingMethodAccessorImpl.invoke(DelegatingMethodAccessorImpl.java:43)
	at java.lang.reflect.Method.invoke(Method.java:498)
	at org.springframework.beans.factory.support.SimpleInstantiationStrategy.instantiate(SimpleInstantiationStrategy.java:154)
	... 133 more
&quot;&gt;" type="java.lang.AssertionError">java.lang.AssertionError: 
Expecting:
  &lt;org.springframework.beans.factory.BeanCreationException: Error creating bean with name &apos;springSecurityFilterChain&apos; defined in org.springframework.security.config.annotation.web.configuration.WebSecurityConfiguration: Bean instantiation via factory method failed; nested exception is org.springframework.beans.BeanInstantiationException: Failed to instantiate [javax.servlet.Filter]: Factory method &apos;springSecurityFilterChain&apos; threw exception; nested exception is org.springframework.beans.factory.UnsatisfiedDependencyException: Error creating bean with name &apos;com.kakawait.spring.boot.security.cas.CasHttpSecurityConfigurer$CasHttpSecurityConfigurerAdapter&apos;: Unsatisfied dependency expressed through constructor parameter 0; nested exception is org.springframework.beans.factory.UnsatisfiedDependencyException: Error creating bean with name &apos;com.kakawait.spring.boot.security.cas.CasSecurityAutoConfiguration$DefaultCasSecurityConfigurerAdapter&apos;: Unsatisfied dependency expressed through constructor parameter 2; nested exception is org.springframework.beans.factory.UnsatisfiedDependencyException: Error creating bean with name &apos;com.kakawait.spring.boot.security.cas.CasSecurityAutoConfiguration$StaticCasSecurityConfiguration&apos;: Unsatisfied dependency expressed through constructor parameter 1; nested exception is org.springframework.beans.factory.BeanCreationException: Error creating bean with name &apos;serviceProperties&apos; defined in com.kakawait.spring.boot.security.cas.CasSecurityAutoConfiguration: Bean instantiation via factory method failed; nested exception is org.springframework.beans.BeanInstantiationException: Failed to instantiate [org.springframework.security.cas.ServiceProperties]: Factory method &apos;serviceProperties&apos; threw exception; nested exception is java.lang.IllegalArgumentException: Cas service base url must not be null (ref property security.cas.service.base-url)&gt;
to be an instance of:
  &lt;org.springframework.beans.factory.UnsatisfiedDependencyException&gt;
but was:
  &lt;&quot;org.springframework.beans.factory.BeanCreationException: Error creating bean with name &apos;springSecurityFilterChain&apos; defined in org.springframework.security.config.annotation.web.configuration.WebSecurityConfiguration: Bean instantiation via factory method failed; nested exception is org.springframework.beans.BeanInstantiationException: Failed to instantiate [javax.servlet.Filter]: Factory method &apos;springSecurityFilterChain&apos; threw exception; nested exception is org.springframework.beans.factory.UnsatisfiedDependencyException: Error creating bean with name &apos;com.kakawait.spring.boot.security.cas.CasHttpSecurityConfigurer$CasHttpSecurityConfigurerAdapter&apos;: Unsatisfied dependency expressed through constructor parameter 0; nested exception is org.springframework.beans.factory.UnsatisfiedDependencyException: Error creating bean with name &apos;com.kakawait.spring.boot.security.cas.CasSecurityAutoConfiguration$DefaultCasSecurityConfigurerAdapter&apos;: Unsatisfied dependency expressed through constructor parameter 2; nested exception is org.springframework.beans.factory.UnsatisfiedDependencyException: Error creating bean with name &apos;com.kakawait.spring.boot.security.cas.CasSecurityAutoConfiguration$StaticCasSecurityConfiguration&apos;: Unsatisfied dependency expressed through constructor parameter 1; nested exception is org.springframework.beans.factory.BeanCreationException: Error creating bean with name &apos;serviceProperties&apos; defined in com.kakawait.spring.boot.security.cas.CasSecurityAutoConfiguration: Bean instantiation via factory method failed; nested exception is org.springframework.beans.BeanInstantiationException: Failed to instantiate [org.springframework.security.cas.ServiceProperties]: Factory method &apos;serviceProperties&apos; threw exception; nested exception is java.lang.IllegalArgumentException: Cas service base url must not be null (ref property security.cas.service.base-url)
	at org.springframework.beans.factory.support.ConstructorResolver.instantiateUsingFactoryMethod(ConstructorResolver.java:587)
	at org.springframework.beans.factory.support.AbstractAutowireCapableBeanFactory.instantiateUsingFactoryMethod(AbstractAutowireCapableBeanFactory.java:1254)
	at org.springframework.beans.factory.support.AbstractAutowireCapableBeanFactory.createBeanInstance(AbstractAutowireCapableBeanFactory.java:1103)
	at org.springframework.beans.factory.support.AbstractAutowireCapableBeanFactory.doCreateBean(AbstractAutowireCapableBeanFactory.java:541)
	at org.springframework.beans.factory.support.AbstractAutowireCapableBeanFactory.createBean(AbstractAutowireCapableBeanFactory.java:501)
	at org.springframework.beans.factory.support.AbstractBeanFactory.lambda$doGetBean$0(AbstractBeanFactory.java:317)
	at org.springframework.beans.factory.support.DefaultSingletonBeanRegistry.getSingleton(DefaultSingletonBeanRegistry.java:228)
	at org.springframework.beans.factory.support.AbstractBeanFactory.doGetBean(AbstractBeanFactory.java:315)
	at org.springframework.beans.factory.support.AbstractBeanFactory.getBean(AbstractBeanFactory.java:199)
	at org.springframework.beans.factory.support.AbstractBeanFactory.doGetBean(AbstractBeanFactory.java:304)
	at org.springframework.beans.factory.support.AbstractBeanFactory.getBean(AbstractBeanFactory.java:199)
	at org.springframework.beans.factory.support.DefaultListableBeanFactory.preInstantiateSingletons(DefaultListableBeanFactory.java:760)
	at org.springframework.context.support.AbstractApplicationContext.finishBeanFactoryInitialization(AbstractApplicationContext.java:869)
	at org.springframework.context.support.AbstractApplicationContext.refresh(AbstractApplicationContext.java:550)
	at com.kakawait.spring.boot.security.cas.CasSecurityAutoConfigurationTest.load(CasSecurityAutoConfigurationTest.java:215)
	at com.kakawait.spring.boot.security.cas.CasSecurityAutoConfigurationTest.lambda$autoConfigure_WithoutServiceBaseUrl_Exception$0(CasSecurityAutoConfigurationTest.java:83)
	at org.assertj.core.api.ThrowableAssert.catchThrowable(ThrowableAssert.java:62)
	at org.assertj.core.api.AssertionsForClassTypes.catchThrowable(AssertionsForClassTypes.java:763)
	at org.assertj.core.api.Assertions.catchThrowable(Assertions.java:1198)
	at org.assertj.core.api.Assertions.assertThatThrownBy(Assertions.java:1092)
	at com.kakawait.spring.boot.security.cas.CasSecurityAutoConfigurationTest.autoConfigure_WithoutServiceBaseUrl_Exception(CasSecurityAutoConfigurationTest.java:83)
	at sun.reflect.NativeMethodAccessorImpl.invoke0(Native Method)
	at sun.reflect.NativeMethodAccessorImpl.invoke(NativeMethodAccessorImpl.java:62)
	at sun.reflect.DelegatingMethodAccessorImpl.invoke(DelegatingMethodAccessorImpl.java:43)
	at java.lang.reflect.Method.invoke(Method.java:498)
	at org.junit.runners.model.FrameworkMethod$1.runReflectiveCall(FrameworkMethod.java:50)
	at org.junit.internal.runners.model.ReflectiveCallable.run(ReflectiveCallable.java:12)
	at org.junit.runners.model.FrameworkMethod.invokeExplosively(FrameworkMethod.java:47)
	at org.junit.internal.runners.statements.InvokeMethod.evaluate(InvokeMethod.java:17)
	at org.junit.internal.runners.statements.RunAfters.evaluate(RunAfters.java:27)
	at org.junit.runners.ParentRunner.runLeaf(ParentRunner.java:325)
	at org.junit.runners.BlockJUnit4ClassRunner.runChild(BlockJUnit4ClassRunner.java:78)
	at org.junit.runners.BlockJUnit4ClassRunner.runChild(BlockJUnit4ClassRunner.java:57)
	at org.junit.runners.ParentRunner$3.run(ParentRunner.java:290)
	at org.junit.runners.ParentRunner$1.schedule(ParentRunner.java:71)
	at org.junit.runners.ParentRunner.runChildren(ParentRunner.java:288)
	at org.junit.runners.ParentRunner.access$000(ParentRunner.java:58)
	at org.junit.runners.ParentRunner$2.evaluate(ParentRunner.java:268)
	at org.junit.runners.ParentRunner.run(ParentRunner.java:363)
	at org.apache.maven.surefire.junit4.JUnit4Provider.execute(JUnit4Provider.java:252)
	at org.apache.maven.surefire.junit4.JUnit4Provider.executeTestSet(JUnit4Provider.java:141)
	at org.apache.maven.surefire.junit4.JUnit4Provider.invoke(JUnit4Provider.java:112)
	at sun.reflect.NativeMethodAccessorImpl.invoke0(Native Method)
	at sun.reflect.NativeMethodAccessorImpl.invoke(NativeMethodAccessorImpl.java:62)
	at sun.reflect.DelegatingMethodAccessorImpl.invoke(DelegatingMethodAccessorImpl.java:43)
	at java.lang.reflect.Method.invoke(Method.java:498)
	at org.apache.maven.surefire.util.ReflectionUtils.invokeMethodWithArray(ReflectionUtils.java:189)
	at org.apache.maven.surefire.booter.ProviderFactory$ProviderProxy.invoke(ProviderFactory.java:165)
	at org.apache.maven.surefire.booter.ProviderFactory.invokeProvider(ProviderFactory.java:85)
	at org.apache.maven.surefire.booter.ForkedBooter.runSuitesInProcess(ForkedBooter.java:115)
	at org.apache.maven.surefire.booter.ForkedBooter.main(ForkedBooter.java:75)
Caused by: org.springframework.beans.BeanInstantiationException: Failed to instantiate [javax.servlet.Filter]: Factory method &apos;springSecurityFilterChain&apos; threw exception; nested exception is org.springframework.beans.factory.UnsatisfiedDependencyException: Error creating bean with name &apos;com.kakawait.spring.boot.security.cas.CasHttpSecurityConfigurer$CasHttpSecurityConfigurerAdapter&apos;: Unsatisfied dependency expressed through constructor parameter 0; nested exception is org.springframework.beans.factory.UnsatisfiedDependencyException: Error creating bean with name &apos;com.kakawait.spring.boot.security.cas.CasSecurityAutoConfiguration$DefaultCasSecurityConfigurerAdapter&apos;: Unsatisfied dependency expressed through constructor parameter 2; nested exception is org.springframework.beans.factory.UnsatisfiedDependencyException: Error creating bean with name &apos;com.kakawait.spring.boot.security.cas.CasSecurityAutoConfiguration$StaticCasSecurityConfiguration&apos;: Unsatisfied dependency expressed through constructor parameter 1; nested exception is org.springframework.beans.factory.BeanCreationException: Error creating bean with name &apos;serviceProperties&apos; defined in com.kakawait.spring.boot.security.cas.CasSecurityAutoConfiguration: Bean instantiation via factory method failed; nested exception is org.springframework.beans.BeanInstantiationException: Failed to instantiate [org.springframework.security.cas.ServiceProperties]: Factory method &apos;serviceProperties&apos; threw exception; nested exception is java.lang.IllegalArgumentException: Cas service base url must not be null (ref property security.cas.service.base-url)
	at org.springframework.beans.factory.support.SimpleInstantiationStrategy.instantiate(SimpleInstantiationStrategy.java:185)
	at org.springframework.beans.factory.support.ConstructorResolver.instantiateUsingFactoryMethod(ConstructorResolver.java:579)
	... 50 more
Caused by: org.springframework.beans.factory.UnsatisfiedDependencyException: Error creating bean with name &apos;com.kakawait.spring.boot.security.cas.CasHttpSecurityConfigurer$CasHttpSecurityConfigurerAdapter&apos;: Unsatisfied dependency expressed through constructor parameter 0; nested exception is org.springframework.beans.factory.UnsatisfiedDependencyException: Error creating bean with name &apos;com.kakawait.spring.boot.security.cas.CasSecurityAutoConfiguration$DefaultCasSecurityConfigurerAdapter&apos;: Unsatisfied dependency expressed through constructor parameter 2; nested exception is org.springframework.beans.factory.UnsatisfiedDependencyException: Error creating bean with name &apos;com.kakawait.spring.boot.security.cas.CasSecurityAutoConfiguration$StaticCasSecurityConfiguration&apos;: Unsatisfied dependency expressed through constructor parameter 1; nested exception is org.springframework.beans.factory.BeanCreationException: Error creating bean with name &apos;serviceProperties&apos; defined in com.kakawait.spring.boot.security.cas.CasSecurityAutoConfiguration: Bean instantiation via factory method failed; nested exception is org.springframework.beans.BeanInstantiationException: Failed to instantiate [org.springframework.security.cas.ServiceProperties]: Factory method &apos;serviceProperties&apos; threw exception; nested exception is java.lang.IllegalArgumentException: Cas service base url must not be null (ref property security.cas.service.base-url)
	at org.springframework.beans.factory.support.ConstructorResolver.createArgumentArray(ConstructorResolver.java:729)
	at org.springframework.beans.factory.support.ConstructorResolver.autowireConstructor(ConstructorResolver.java:192)
	at org.springframework.beans.factory.support.AbstractAutowireCapableBeanFactory.autowireConstructor(AbstractAutowireCapableBeanFactory.java:1274)
	at org.springframework.beans.factory.support.AbstractAutowireCapableBeanFactory.createBeanInstance(AbstractAutowireCapableBeanFactory.java:1131)
	at org.springframework.beans.factory.support.AbstractAutowireCapableBeanFactory.doCreateBean(AbstractAutowireCapableBeanFactory.java:541)
	at org.springframework.beans.factory.support.AbstractAutowireCapableBeanFactory.createBean(AbstractAutowireCapableBeanFactory.java:501)
	at org.springframework.beans.factory.support.AbstractAutowireCapableBeanFactory.createBean(AbstractAutowireCapableBeanFactory.java:303)
	at com.kakawait.spring.boot.security.cas.CasHttpSecurityConfigurer.getCasHttpSecurityConfigurerAdapter(CasHttpSecurityConfigurer.java:115)
	at com.kakawait.spring.boot.security.cas.CasHttpSecurityConfigurer.init(CasHttpSecurityConfigurer.java:79)
	at com.kakawait.spring.boot.security.cas.CasHttpSecurityConfigurer.configure(CasHttpSecurityConfigurer.java:106)
	at com.kakawait.spring.boot.security.cas.CasHttpSecurityConfigurer.configure(CasHttpSecurityConfigurer.java:31)
	at com.kakawait.spring.boot.security.cas.CasSecurityAutoConfiguration$CasLoginSecurityConfiguration.configure(CasSecurityAutoConfiguration.java:307)
	at org.springframework.security.config.annotation.web.configuration.WebSecurityConfigurerAdapter.getHttp(WebSecurityConfigurerAdapter.java:230)
	at org.springframework.security.config.annotation.web.configuration.WebSecurityConfigurerAdapter.init(WebSecurityConfigurerAdapter.java:321)
	at org.springframework.security.config.annotation.web.configuration.WebSecurityConfigurerAdapter.init(WebSecurityConfigurerAdapter.java:92)
	at org.springframework.security.config.annotation.AbstractConfiguredSecurityBuilder.init(AbstractConfiguredSecurityBuilder.java:371)
	at org.springframework.security.config.annotation.AbstractConfiguredSecurityBuilder.doBuild(AbstractConfiguredSecurityBuilder.java:325)
	at org.springframework.security.config.annotation.AbstractSecurityBuilder.build(AbstractSecurityBuilder.java:41)
	at org.springframework.security.config.annotation.web.configuration.WebSecurityConfiguration.springSecurityFilterChain(WebSecurityConfiguration.java:104)
	at org.springframework.security.config.annotation.web.configuration.WebSecurityConfiguration$$EnhancerBySpringCGLIB$$b053a334.CGLIB$springSecurityFilterChain$5(&lt;generated&gt;)
	at org.springframework.security.config.annotation.web.configuration.WebSecurityConfiguration$$EnhancerBySpringCGLIB$$b053a334$$FastClassBySpringCGLIB$$db72772a.invoke(&lt;generated&gt;)
	at org.springframework.cglib.proxy.MethodProxy.invokeSuper(MethodProxy.java:228)
	at org.springframework.context.annotation.ConfigurationClassEnhancer$BeanMethodInterceptor.intercept(ConfigurationClassEnhancer.java:361)
	at org.springframework.security.config.annotation.web.configuration.WebSecurityConfiguration$$EnhancerBySpringCGLIB$$b053a334.springSecurityFilterChain(&lt;generated&gt;)
	at sun.reflect.NativeMethodAccessorImpl.invoke0(Native Method)
	at sun.reflect.NativeMethodAccessorImpl.invoke(NativeMethodAccessorImpl.java:62)
	at sun.reflect.DelegatingMethodAccessorImpl.invoke(DelegatingMethodAccessorImpl.java:43)
	at java.lang.reflect.Method.invoke(Method.java:498)
	at org.springframework.beans.factory.support.SimpleInstantiationStrategy.instantiate(SimpleInstantiationStrategy.java:154)
	... 51 more
Caused by: org.springframework.beans.factory.UnsatisfiedDependencyException: Error creating bean with name &apos;com.kakawait.spring.boot.security.cas.CasSecurityAutoConfiguration$DefaultCasSecurityConfigurerAdapter&apos;: Unsatisfied dependency expressed through constructor parameter 2; nested exception is org.springframework.beans.factory.UnsatisfiedDependencyException: Error creating bean with name &apos;com.kakawait.spring.boot.security.cas.CasSecurityAutoConfiguration$StaticCasSecurityConfiguration&apos;: Unsatisfied dependency expressed through constructor parameter 1; nested exception is org.springframework.beans.factory.BeanCreationException: Error creating bean with name &apos;serviceProperties&apos; defined in com.kakawait.spring.boot.security.cas.CasSecurityAutoConfiguration: Bean instantiation via factory method failed; nested exception is org.springframework.beans.BeanInstantiationException: Failed to instantiate [org.springframework.security.cas.ServiceProperties]: Factory method &apos;serviceProperties&apos; threw exception; nested exception is java.lang.IllegalArgumentException: Cas service base url must not be null (ref property security.cas.service.base-url)
	at org.springframework.beans.factory.support.ConstructorResolver.createArgumentArray(ConstructorResolver.java:729)
	at org.springframework.beans.factory.support.ConstructorResolver.autowireConstructor(ConstructorResolver.java:192)
	at org.springframework.beans.factory.support.AbstractAutowireCapableBeanFactory.autowireConstructor(AbstractAutowireCapableBeanFactory.java:1274)
	at org.springframework.beans.factory.support.AbstractAutowireCapableBeanFactory.createBeanInstance(AbstractAutowireCapableBeanFactory.java:1131)
	at org.springframework.beans.factory.support.AbstractAutowireCapableBeanFactory.doCreateBean(AbstractAutowireCapableBeanFactory.java:541)
	at org.springframework.beans.factory.support.AbstractAutowireCapableBeanFactory.createBean(AbstractAutowireCapableBeanFactory.java:501)
	at org.springframework.beans.factory.support.AbstractBeanFactory.lambda$doGetBean$0(AbstractBeanFactory.java:317)
	at org.springframework.beans.factory.support.DefaultSingletonBeanRegistry.getSingleton(DefaultSingletonBeanRegistry.java:228)
	at org.springframework.beans.factory.support.AbstractBeanFactory.doGetBean(AbstractBeanFactory.java:315)
	at org.springframework.beans.factory.support.AbstractBeanFactory.getBean(AbstractBeanFactory.java:199)
	at org.springframework.beans.factory.config.DependencyDescriptor.resolveCandidate(DependencyDescriptor.java:251)
	at org.springframework.beans.factory.support.DefaultListableBeanFactory.addCandidateEntry(DefaultListableBeanFactory.java:1325)
	at org.springframework.beans.factory.support.DefaultListableBeanFactory.findAutowireCandidates(DefaultListableBeanFactory.java:1291)
	at org.springframework.beans.factory.support.DefaultListableBeanFactory.resolveMultipleBeans(DefaultListableBeanFactory.java:1193)
	at org.springframework.beans.factory.support.DefaultListableBeanFactory.doResolveDependency(DefaultListableBeanFactory.java:1096)
	at org.springframework.beans.factory.support.DefaultListableBeanFactory.resolveDependency(DefaultListableBeanFactory.java:1065)
	at org.springframework.beans.factory.support.ConstructorResolver.resolveAutowiredArgument(ConstructorResolver.java:815)
	at org.springframework.beans.factory.support.ConstructorResolver.createArgumentArray(ConstructorResolver.java:721)
	... 79 more
Caused by: org.springframework.beans.factory.UnsatisfiedDependencyException: Error creating bean with name &apos;com.kakawait.spring.boot.security.cas.CasSecurityAutoConfiguration$StaticCasSecurityConfiguration&apos;: Unsatisfied dependency expressed through constructor parameter 1; nested exception is org.springframework.beans.factory.BeanCreationException: Error creating bean with name &apos;serviceProperties&apos; defined in com.kakawait.spring.boot.security.cas.CasSecurityAutoConfiguration: Bean instantiation via factory method failed; nested exception is org.springframework.beans.BeanInstantiationException: Failed to instantiate [org.springframework.security.cas.ServiceProperties]: Factory method &apos;serviceProperties&apos; threw exception; nested exception is java.lang.IllegalArgumentException: Cas service base url must not be null (ref property security.cas.service.base-url)
	at org.springframework.beans.factory.support.ConstructorResolver.createArgumentArray(ConstructorResolver.java:729)
	at org.springframework.beans.factory.support.ConstructorResolver.autowireConstructor(ConstructorResolver.java:192)
	at org.springframework.beans.factory.support.AbstractAutowireCapableBeanFactory.autowireConstructor(AbstractAutowireCapableBeanFactory.java:1274)
	at org.springframework.beans.factory.support.AbstractAutowireCapableBeanFactory.createBeanInstance(AbstractAutowireCapableBeanFactory.java:1131)
	at org.springframework.beans.factory.support.AbstractAutowireCapableBeanFactory.doCreateBean(AbstractAutowireCapableBeanFactory.java:541)
	at org.springframework.beans.factory.support.AbstractAutowireCapableBeanFactory.createBean(AbstractAutowireCapableBeanFactory.java:501)
	at org.springframework.beans.factory.support.AbstractBeanFactory.lambda$doGetBean$0(AbstractBeanFactory.java:317)
	at org.springframework.beans.factory.support.DefaultSingletonBeanRegistry.getSingleton(DefaultSingletonBeanRegistry.java:228)
	at org.springframework.beans.factory.support.AbstractBeanFactory.doGetBean(AbstractBeanFactory.java:315)
	at org.springframework.beans.factory.support.AbstractBeanFactory.getBean(AbstractBeanFactory.java:199)
	at org.springframework.beans.factory.support.ConstructorResolver.instantiateUsingFactoryMethod(ConstructorResolver.java:368)
	at org.springframework.beans.factory.support.AbstractAutowireCapableBeanFactory.instantiateUsingFactoryMethod(AbstractAutowireCapableBeanFactory.java:1254)
	at org.springframework.beans.factory.support.AbstractAutowireCapableBeanFactory.createBeanInstance(AbstractAutowireCapableBeanFactory.java:1103)
	at org.springframework.beans.factory.support.AbstractAutowireCapableBeanFactory.doCreateBean(AbstractAutowireCapableBeanFactory.java:541)
	at org.springframework.beans.factory.support.AbstractAutowireCapableBeanFactory.createBean(AbstractAutowireCapableBeanFactory.java:501)
	at org.springframework.beans.factory.support.AbstractBeanFactory.lambda$doGetBean$0(AbstractBeanFactory.java:317)
	at org.springframework.beans.factory.support.DefaultSingletonBeanRegistry.getSingleton(DefaultSingletonBeanRegistry.java:228)
	at org.springframework.beans.factory.support.AbstractBeanFactory.doGetBean(AbstractBeanFactory.java:315)
	at org.springframework.beans.factory.support.AbstractBeanFactory.getBean(AbstractBeanFactory.java:199)
	at org.springframework.beans.factory.config.DependencyDescriptor.resolveCandidate(DependencyDescriptor.java:251)
	at org.springframework.beans.factory.support.DefaultListableBeanFactory.doResolveDependency(DefaultListableBeanFactory.java:1138)
	at org.springframework.beans.factory.support.DefaultListableBeanFactory.resolveDependency(DefaultListableBeanFactory.java:1065)
	at org.springframework.beans.factory.support.ConstructorResolver.resolveAutowiredArgument(ConstructorResolver.java:815)
	at org.springframework.beans.factory.support.ConstructorResolver.createArgumentArray(ConstructorResolver.java:721)
	... 96 more
Caused by: org.springframework.beans.factory.BeanCreationException: Error creating bean with name &apos;serviceProperties&apos; defined in com.kakawait.spring.boot.security.cas.CasSecurityAutoConfiguration: Bean instantiation via factory method failed; nested exception is org.springframework.beans.BeanInstantiationException: Failed to instantiate [org.springframework.security.cas.ServiceProperties]: Factory method &apos;serviceProperties&apos; threw exception; nested exception is java.lang.IllegalArgumentException: Cas service base url must not be null (ref property security.cas.service.base-url)
	at org.springframework.beans.factory.support.ConstructorResolver.instantiateUsingFactoryMethod(ConstructorResolver.java:587)
	at org.springframework.beans.factory.support.AbstractAutowireCapableBeanFactory.instantiateUsingFactoryMethod(AbstractAutowireCapableBeanFactory.java:1254)
	at org.springframework.beans.factory.support.AbstractAutowireCapableBeanFactory.createBeanInstance(AbstractAutowireCapableBeanFactory.java:1103)
	at org.springframework.beans.factory.support.AbstractAutowireCapableBeanFactory.doCreateBean(AbstractAutowireCapableBeanFactory.java:541)
	at org.springframework.beans.factory.support.AbstractAutowireCapableBeanFactory.createBean(AbstractAutowireCapableBeanFactory.java:501)
	at org.springframework.beans.factory.support.AbstractBeanFactory.lambda$doGetBean$0(AbstractBeanFactory.java:317)
	at org.springframework.beans.factory.support.DefaultSingletonBeanRegistry.getSingleton(DefaultSingletonBeanRegistry.java:228)
	at org.springframework.beans.factory.support.AbstractBeanFactory.doGetBean(AbstractBeanFactory.java:315)
	at org.springframework.beans.factory.support.AbstractBeanFactory.getBean(AbstractBeanFactory.java:199)
	at org.springframework.beans.factory.config.DependencyDescriptor.resolveCandidate(DependencyDescriptor.java:251)
	at org.springframework.beans.factory.support.DefaultListableBeanFactory.doResolveDependency(DefaultListableBeanFactory.java:1138)
	at org.springframework.beans.factory.support.DefaultListableBeanFactory.resolveDependency(DefaultListableBeanFactory.java:1065)
	at org.springframework.beans.factory.support.ConstructorResolver.resolveAutowiredArgument(ConstructorResolver.java:815)
	at org.springframework.beans.factory.support.ConstructorResolver.createArgumentArray(ConstructorResolver.java:721)
	... 119 more
Caused by: org.springframework.beans.BeanInstantiationException: Failed to instantiate [org.springframework.security.cas.ServiceProperties]: Factory method &apos;serviceProperties&apos; threw exception; nested exception is java.lang.IllegalArgumentException: Cas service base url must not be null (ref property security.cas.service.base-url)
	at org.springframework.beans.factory.support.SimpleInstantiationStrategy.instantiate(SimpleInstantiationStrategy.java:185)
	at org.springframework.beans.factory.support.ConstructorResolver.instantiateUsingFactoryMethod(ConstructorResolver.java:579)
	... 132 more
Caused by: java.lang.IllegalArgumentException: Cas service base url must not be null (ref property security.cas.service.base-url)
	at org.springframework.util.Assert.notNull(Assert.java:193)
	at com.kakawait.spring.boot.security.cas.CasSecurityAutoConfiguration.serviceProperties(CasSecurityAutoConfiguration.java:75)
	at com.kakawait.spring.boot.security.cas.CasSecurityAutoConfiguration$$EnhancerBySpringCGLIB$$69e85444.CGLIB$serviceProperties$1(&lt;generated&gt;)
	at com.kakawait.spring.boot.security.cas.CasSecurityAutoConfiguration$$EnhancerBySpringCGLIB$$69e85444$$FastClassBySpringCGLIB$$78e46ff0.invoke(&lt;generated&gt;)
	at org.springframework.cglib.proxy.MethodProxy.invokeSuper(MethodProxy.java:228)
	at org.springframework.context.annotation.ConfigurationClassEnhancer$BeanMethodInterceptor.intercept(ConfigurationClassEnhancer.java:361)
	at com.kakawait.spring.boot.security.cas.CasSecurityAutoConfiguration$$EnhancerBySpringCGLIB$$69e85444.serviceProperties(&lt;generated&gt;)
	at sun.reflect.NativeMethodAccessorImpl.invoke0(Native Method)
	at sun.reflect.NativeMethodAccessorImpl.invoke(NativeMethodAccessorImpl.java:62)
	at sun.reflect.DelegatingMethodAccessorImpl.invoke(DelegatingMethodAccessorImpl.java:43)
	at java.lang.reflect.Method.invoke(Method.java:498)
	at org.springframework.beans.factory.support.SimpleInstantiationStrategy.instantiate(SimpleInstantiationStrategy.java:154)
	... 133 more
&quot;&gt;
	at com.kakawait.spring.boot.security.cas.CasSecurityAutoConfigurationTest.autoConfigure_WithoutServiceBaseUrl_Exception(CasSecurityAutoConfigurationTest.java:84)
	at sun.reflect.NativeMethodAccessorImpl.invoke0(Native Method)
	at sun.reflect.NativeMethodAccessorImpl.invoke(NativeMethodAccessorImpl.java:62)
	at sun.reflect.DelegatingMethodAccessorImpl.invoke(DelegatingMethodAccessorImpl.java:43)
	at java.lang.reflect.Method.invoke(Method.java:498)
	at org.junit.runners.model.FrameworkMethod$1.runReflectiveCall(FrameworkMethod.java:50)
	at org.junit.internal.runners.model.ReflectiveCallable.run(ReflectiveCallable.java:12)
	at org.junit.runners.model.FrameworkMethod.invokeExplosively(FrameworkMethod.java:47)
	at org.junit.internal.runners.statements.InvokeMethod.evaluate(InvokeMethod.java:17)
	at org.junit.internal.runners.statements.RunAfters.evaluate(RunAfters.java:27)
	at org.junit.runners.ParentRunner.runLeaf(ParentRunner.java:325)
	at org.junit.runners.BlockJUnit4ClassRunner.runChild(BlockJUnit4ClassRunner.java:78)
	at org.junit.runners.BlockJUnit4ClassRunner.runChild(BlockJUnit4ClassRunner.java:57)
	at org.junit.runners.ParentRunner$3.run(ParentRunner.java:290)
	at org.junit.runners.ParentRunner$1.schedule(ParentRunner.java:71)
	at org.junit.runners.ParentRunner.runChildren(ParentRunner.java:288)
	at org.junit.runners.ParentRunner.access$000(ParentRunner.java:58)
	at org.junit.runners.ParentRunner$2.evaluate(ParentRunner.java:268)
	at org.junit.runners.ParentRunner.run(ParentRunner.java:363)
	at org.apache.maven.surefire.junit4.JUnit4Provider.execute(JUnit4Provider.java:252)
	at org.apache.maven.surefire.junit4.JUnit4Provider.executeTestSet(JUnit4Provider.java:141)
	at org.apache.maven.surefire.junit4.JUnit4Provider.invoke(JUnit4Provider.java:112)
	at sun.reflect.NativeMethodAccessorImpl.invoke0(Native Method)
	at sun.reflect.NativeMethodAccessorImpl.invoke(NativeMethodAccessorImpl.java:62)
	at sun.reflect.DelegatingMethodAccessorImpl.invoke(DelegatingMethodAccessorImpl.java:43)
	at java.lang.reflect.Method.invoke(Method.java:498)
	at org.apache.maven.surefire.util.ReflectionUtils.invokeMethodWithArray(ReflectionUtils.java:189)
	at org.apache.maven.surefire.booter.ProviderFactory$ProviderProxy.invoke(ProviderFactory.java:165)
	at org.apache.maven.surefire.booter.ProviderFactory.invokeProvider(ProviderFactory.java:85)
	at org.apache.maven.surefire.booter.ForkedBooter.runSuitesInProcess(ForkedBooter.java:115)
	at org.apache.maven.surefire.booter.ForkedBooter.main(ForkedBooter.java:75)
</failure>
    <system-out>19:41:52.859 [main] DEBUG org.springframework.web.context.support.StandardServletEnvironment - Adding PropertySource &apos;servletConfigInitParams&apos; with lowest search precedence
19:41:52.860 [main] DEBUG org.springframework.web.context.support.StandardServletEnvironment - Adding PropertySource &apos;servletContextInitParams&apos; with lowest search precedence
19:41:52.868 [main] DEBUG org.springframework.web.context.support.StandardServletEnvironment - Adding PropertySource &apos;systemProperties&apos; with lowest search precedence
19:41:52.869 [main] DEBUG org.springframework.web.context.support.StandardServletEnvironment - Adding PropertySource &apos;systemEnvironment&apos; with lowest search precedence
19:41:52.871 [main] DEBUG org.springframework.web.context.support.StandardServletEnvironment - Initialized StandardServletEnvironment with PropertySources [StubPropertySource@1525186016 {name=&apos;servletConfigInitParams&apos;, properties=java.lang.Object@1f85904a}, StubPropertySource@1364051444 {name=&apos;servletContextInitParams&apos;, properties=java.lang.Object@633a11eb}, MapPropertySource@2049210129 {name=&apos;systemProperties&apos;, properties={java.runtime.name=OpenJDK Runtime Environment, sun.boot.library.path=/usr/lib/jvm/java-8-openjdk-amd64/jre/lib/amd64, java.vm.version=25.121-b13, java.vm.vendor=Oracle Corporation, java.vendor.url=http://java.oracle.com/, skip.gulp=true, path.separator=:, java.vm.name=OpenJDK 64-Bit Server VM, file.encoding.pkg=sun.io, findbugs.skip=true, sun.java.launcher=SUN_STANDARD, sun.os.patch.level=unknown, java.vm.specification.name=Java Virtual Machine Specification, user.dir=/root/workspace/kakawait/cas-security-spring-boot-starter/389359051/cas-security-spring-boot-autoconfigure, checkstyle.skip=true, java.runtime.version=1.8.0_121-8u121-b13-1~bpo8+1-b13, skip.npm=true, basedir=/root/workspace/kakawait/cas-security-spring-boot-starter/389359051/cas-security-spring-boot-autoconfigure, java.awt.graphicsenv=sun.awt.X11GraphicsEnvironment, java.endorsed.dirs=/usr/lib/jvm/java-8-openjdk-amd64/jre/lib/endorsed, os.arch=amd64, surefire.real.class.path=/root/workspace/kakawait/cas-security-spring-boot-starter/389359051/cas-security-spring-boot-autoconfigure/target/surefire/surefirebooter7843338250414376201.jar:/root/./workspace/kakawait/cas-security-spring-boot-starter/389359051/.m2/org/jacoco/org.jacoco.agent/0.8.1/org.jacoco.agent-0.8.1-runtime.jar, gpg.skip=true, java.io.tmpdir=/tmp, line.separator=
, cobertura.skip=true, java.vm.specification.vendor=Oracle Corporation, os.name=Linux, sun.jnu.encoding=UTF-8, license.skip=true, java.library.path=/usr/java/packages/lib/amd64:/usr/lib/x86_64-linux-gnu/jni:/lib/x86_64-linux-gnu:/usr/lib/x86_64-linux-gnu:/usr/lib/jni:/lib:/usr/lib, surefire.test.class.path=/root/workspace/kakawait/cas-security-spring-boot-starter/389359051/cas-security-spring-boot-autoconfigure/target/test-classes:/root/workspace/kakawait/cas-security-spring-boot-starter/389359051/cas-security-spring-boot-autoconfigure/target/classes:/root/./workspace/kakawait/cas-security-spring-boot-starter/389359051/.m2/org/springframework/boot/spring-boot-autoconfigure/2.0.2.RELEASE/spring-boot-autoconfigure-2.0.2.RELEASE.jar:/root/./workspace/kakawait/cas-security-spring-boot-starter/389359051/.m2/org/springframework/boot/spring-boot/2.0.2.RELEASE/spring-boot-2.0.2.RELEASE.jar:/root/./workspace/kakawait/cas-security-spring-boot-starter/389359051/.m2/org/springframework/spring-context/5.0.6.RELEASE/spring-context-5.0.6.RELEASE.jar:/root/workspace/kakawait/cas-security-spring-boot-starter/389359051/spring-security-cas-extension/target/classes:/root/./workspace/kakawait/cas-security-spring-boot-starter/389359051/.m2/org/springframework/security/spring-security-config/5.0.5.RELEASE/spring-security-config-5.0.5.RELEASE.jar:/root/./workspace/kakawait/cas-security-spring-boot-starter/389359051/.m2/org/springframework/security/spring-security-core/5.0.5.RELEASE/spring-security-core-5.0.5.RELEASE.jar:/root/./workspace/kakawait/cas-security-spring-boot-starter/389359051/.m2/org/springframework/spring-aop/5.0.6.RELEASE/spring-aop-5.0.6.RELEASE.jar:/root/./workspace/kakawait/cas-security-spring-boot-starter/389359051/.m2/org/springframework/spring-beans/5.0.6.RELEASE/spring-beans-5.0.6.RELEASE.jar:/root/./workspace/kakawait/cas-security-spring-boot-starter/389359051/.m2/org/springframework/security/spring-security-cas/5.0.5.RELEASE/spring-security-cas-5.0.5.RELEASE.jar:/root/./workspace/kakawait/cas-security-spring-boot-starter/389359051/.m2/org/jasig/cas/client/cas-client-core/3.5.0/cas-client-core-3.5.0.jar:/root/./workspace/kakawait/cas-security-spring-boot-starter/389359051/.m2/com/fasterxml/jackson/core/jackson-databind/2.9.5/jackson-databind-2.9.5.jar:/root/./workspace/kakawait/cas-security-spring-boot-starter/389359051/.m2/com/fasterxml/jackson/core/jackson-annotations/2.9.0/jackson-annotations-2.9.0.jar:/root/./workspace/kakawait/cas-security-spring-boot-starter/389359051/.m2/com/fasterxml/jackson/core/jackson-core/2.9.5/jackson-core-2.9.5.jar:/root/./workspace/kakawait/cas-security-spring-boot-starter/389359051/.m2/org/springframework/security/spring-security-web/5.0.5.RELEASE/spring-security-web-5.0.5.RELEASE.jar:/root/./workspace/kakawait/cas-security-spring-boot-starter/389359051/.m2/org/springframework/spring-web/5.0.6.RELEASE/spring-web-5.0.6.RELEASE.jar:/root/./workspace/kakawait/cas-security-spring-boot-starter/389359051/.m2/org/springframework/spring-webmvc/5.0.6.RELEASE/spring-webmvc-5.0.6.RELEASE.jar:/root/./workspace/kakawait/cas-security-spring-boot-starter/389359051/.m2/org/springframework/spring-expression/5.0.6.RELEASE/spring-expression-5.0.6.RELEASE.jar:/root/./workspace/kakawait/cas-security-spring-boot-starter/389359051/.m2/javax/servlet/javax.servlet-api/3.1.0/javax.servlet-api-3.1.0.jar:/root/./workspace/kakawait/cas-security-spring-boot-starter/389359051/.m2/com/google/code/findbugs/jsr305/3.0.2/jsr305-3.0.2.jar:/root/./workspace/kakawait/cas-security-spring-boot-starter/389359051/.m2/org/projectlombok/lombok/1.16.18/lombok-1.16.18.jar:/root/./workspace/kakawait/cas-security-spring-boot-starter/389359051/.m2/org/springframework/boot/spring-boot-configuration-processor/2.0.2.RELEASE/spring-boot-configuration-processor-2.0.2.RELEASE.jar:/root/./workspace/kakawait/cas-security-spring-boot-starter/389359051/.m2/org/springframework/boot/spring-boot-starter-test/2.0.2.RELEASE/spring-boot-starter-test-2.0.2.RELEASE.jar:/root/./workspace/kakawait/cas-security-spring-boot-starter/389359051/.m2/org/springframework/boot/spring-boot-starter/2.0.2.RELEASE/spring-boot-starter-2.0.2.RELEASE.jar:/root/./workspace/kakawait/cas-security-spring-boot-starter/389359051/.m2/javax/annotation/javax.annotation-api/1.3.2/javax.annotation-api-1.3.2.jar:/root/./workspace/kakawait/cas-security-spring-boot-starter/389359051/.m2/org/yaml/snakeyaml/1.19/snakeyaml-1.19.jar:/root/./workspace/kakawait/cas-security-spring-boot-starter/389359051/.m2/org/springframework/boot/spring-boot-test/2.0.2.RELEASE/spring-boot-test-2.0.2.RELEASE.jar:/root/./workspace/kakawait/cas-security-spring-boot-starter/389359051/.m2/org/springframework/boot/spring-boot-test-autoconfigure/2.0.2.RELEASE/spring-boot-test-autoconfigure-2.0.2.RELEASE.jar:/root/./workspace/kakawait/cas-security-spring-boot-starter/389359051/.m2/com/jayway/jsonpath/json-path/2.4.0/json-path-2.4.0.jar:/root/./workspace/kakawait/cas-security-spring-boot-starter/389359051/.m2/net/minidev/json-smart/2.3/json-smart-2.3.jar:/root/./workspace/kakawait/cas-security-spring-boot-starter/389359051/.m2/net/minidev/accessors-smart/1.2/accessors-smart-1.2.jar:/root/./workspace/kakawait/cas-security-spring-boot-starter/389359051/.m2/org/ow2/asm/asm/5.0.4/asm-5.0.4.jar:/root/./workspace/kakawait/cas-security-spring-boot-starter/389359051/.m2/org/slf4j/slf4j-api/1.7.25/slf4j-api-1.7.25.jar:/root/./workspace/kakawait/cas-security-spring-boot-starter/389359051/.m2/junit/junit/4.12/junit-4.12.jar:/root/./workspace/kakawait/cas-security-spring-boot-starter/389359051/.m2/org/hamcrest/hamcrest-core/1.3/hamcrest-core-1.3.jar:/root/./workspace/kakawait/cas-security-spring-boot-starter/389359051/.m2/org/hamcrest/hamcrest-library/1.3/hamcrest-library-1.3.jar:/root/./workspace/kakawait/cas-security-spring-boot-starter/389359051/.m2/org/skyscreamer/jsonassert/1.5.0/jsonassert-1.5.0.jar:/root/./workspace/kakawait/cas-security-spring-boot-starter/389359051/.m2/com/vaadin/external/google/android-json/0.0.20131108.vaadin1/android-json-0.0.20131108.vaadin1.jar:/root/./workspace/kakawait/cas-security-spring-boot-starter/389359051/.m2/org/springframework/spring-core/5.0.6.RELEASE/spring-core-5.0.6.RELEASE.jar:/root/./workspace/kakawait/cas-security-spring-boot-starter/389359051/.m2/org/springframework/spring-jcl/5.0.6.RELEASE/spring-jcl-5.0.6.RELEASE.jar:/root/./workspace/kakawait/cas-security-spring-boot-starter/389359051/.m2/org/springframework/spring-test/5.0.6.RELEASE/spring-test-5.0.6.RELEASE.jar:/root/./workspace/kakawait/cas-security-spring-boot-starter/389359051/.m2/org/xmlunit/xmlunit-core/2.5.1/xmlunit-core-2.5.1.jar:/root/./workspace/kakawait/cas-security-spring-boot-starter/389359051/.m2/org/springframework/boot/spring-boot-starter-logging/2.0.2.RELEASE/spring-boot-starter-logging-2.0.2.RELEASE.jar:/root/./workspace/kakawait/cas-security-spring-boot-starter/389359051/.m2/ch/qos/logback/logback-classic/1.2.3/logback-classic-1.2.3.jar:/root/./workspace/kakawait/cas-security-spring-boot-starter/389359051/.m2/ch/qos/logback/logback-core/1.2.3/logback-core-1.2.3.jar:/root/./workspace/kakawait/cas-security-spring-boot-starter/389359051/.m2/org/apache/logging/log4j/log4j-to-slf4j/2.10.0/log4j-to-slf4j-2.10.0.jar:/root/./workspace/kakawait/cas-security-spring-boot-starter/389359051/.m2/org/apache/logging/log4j/log4j-api/2.10.0/log4j-api-2.10.0.jar:/root/./workspace/kakawait/cas-security-spring-boot-starter/389359051/.m2/org/slf4j/jul-to-slf4j/1.7.25/jul-to-slf4j-1.7.25.jar:/root/./workspace/kakawait/cas-security-spring-boot-starter/389359051/.m2/org/assertj/assertj-core/3.9.1/assertj-core-3.9.1.jar:/root/./workspace/kakawait/cas-security-spring-boot-starter/389359051/.m2/org/mockito/mockito-core/2.18.0/mockito-core-2.18.0.jar:/root/./workspace/kakawait/cas-security-spring-boot-starter/389359051/.m2/net/bytebuddy/byte-buddy/1.7.11/byte-buddy-1.7.11.jar:/root/./workspace/kakawait/cas-security-spring-boot-starter/389359051/.m2/net/bytebuddy/byte-buddy-agent/1.7.11/byte-buddy-agent-1.7.11.jar:/root/./workspace/kakawait/cas-security-spring-boot-starter/389359051/.m2/org/objenesis/objenesis/2.6/objenesis-2.6.jar:, java.specification.name=Java Platform API Specification, java.class.version=52.0, skip.bower=true, sun.management.compiler=HotSpot 64-Bit Tiered Compilers, maven.repo.local=/root/./workspace/kakawait/cas-security-spring-boot-starter/389359051/.m2, os.version=3.10.0-862.3.2.el7.x86_64, user.home=/root, user.timezone=Europe/Paris, java.awt.printerjob=sun.print.PSPrinterJob, file.encoding=UTF-8, java.specification.version=1.8, java.class.path=/root/workspace/kakawait/cas-security-spring-boot-starter/389359051/cas-security-spring-boot-autoconfigure/target/test-classes:/root/workspace/kakawait/cas-security-spring-boot-starter/389359051/cas-security-spring-boot-autoconfigure/target/classes:/root/./workspace/kakawait/cas-security-spring-boot-starter/389359051/.m2/org/springframework/boot/spring-boot-autoconfigure/2.0.2.RELEASE/spring-boot-autoconfigure-2.0.2.RELEASE.jar:/root/./workspace/kakawait/cas-security-spring-boot-starter/389359051/.m2/org/springframework/boot/spring-boot/2.0.2.RELEASE/spring-boot-2.0.2.RELEASE.jar:/root/./workspace/kakawait/cas-security-spring-boot-starter/389359051/.m2/org/springframework/spring-context/5.0.6.RELEASE/spring-context-5.0.6.RELEASE.jar:/root/workspace/kakawait/cas-security-spring-boot-starter/389359051/spring-security-cas-extension/target/classes:/root/./workspace/kakawait/cas-security-spring-boot-starter/389359051/.m2/org/springframework/security/spring-security-config/5.0.5.RELEASE/spring-security-config-5.0.5.RELEASE.jar:/root/./workspace/kakawait/cas-security-spring-boot-starter/389359051/.m2/org/springframework/security/spring-security-core/5.0.5.RELEASE/spring-security-core-5.0.5.RELEASE.jar:/root/./workspace/kakawait/cas-security-spring-boot-starter/389359051/.m2/org/springframework/spring-aop/5.0.6.RELEASE/spring-aop-5.0.6.RELEASE.jar:/root/./workspace/kakawait/cas-security-spring-boot-starter/389359051/.m2/org/springframework/spring-beans/5.0.6.RELEASE/spring-beans-5.0.6.RELEASE.jar:/root/./workspace/kakawait/cas-security-spring-boot-starter/389359051/.m2/org/springframework/security/spring-security-cas/5.0.5.RELEASE/spring-security-cas-5.0.5.RELEASE.jar:/root/./workspace/kakawait/cas-security-spring-boot-starter/389359051/.m2/org/jasig/cas/client/cas-client-core/3.5.0/cas-client-core-3.5.0.jar:/root/./workspace/kakawait/cas-security-spring-boot-starter/389359051/.m2/com/fasterxml/jackson/core/jackson-databind/2.9.5/jackson-databind-2.9.5.jar:/root/./workspace/kakawait/cas-security-spring-boot-starter/389359051/.m2/com/fasterxml/jackson/core/jackson-annotations/2.9.0/jackson-annotations-2.9.0.jar:/root/./workspace/kakawait/cas-security-spring-boot-starter/389359051/.m2/com/fasterxml/jackson/core/jackson-core/2.9.5/jackson-core-2.9.5.jar:/root/./workspace/kakawait/cas-security-spring-boot-starter/389359051/.m2/org/springframework/security/spring-security-web/5.0.5.RELEASE/spring-security-web-5.0.5.RELEASE.jar:/root/./workspace/kakawait/cas-security-spring-boot-starter/389359051/.m2/org/springframework/spring-web/5.0.6.RELEASE/spring-web-5.0.6.RELEASE.jar:/root/./workspace/kakawait/cas-security-spring-boot-starter/389359051/.m2/org/springframework/spring-webmvc/5.0.6.RELEASE/spring-webmvc-5.0.6.RELEASE.jar:/root/./workspace/kakawait/cas-security-spring-boot-starter/389359051/.m2/org/springframework/spring-expression/5.0.6.RELEASE/spring-expression-5.0.6.RELEASE.jar:/root/./workspace/kakawait/cas-security-spring-boot-starter/389359051/.m2/javax/servlet/javax.servlet-api/3.1.0/javax.servlet-api-3.1.0.jar:/root/./workspace/kakawait/cas-security-spring-boot-starter/389359051/.m2/com/google/code/findbugs/jsr305/3.0.2/jsr305-3.0.2.jar:/root/./workspace/kakawait/cas-security-spring-boot-starter/389359051/.m2/org/projectlombok/lombok/1.16.18/lombok-1.16.18.jar:/root/./workspace/kakawait/cas-security-spring-boot-starter/389359051/.m2/org/springframework/boot/spring-boot-configuration-processor/2.0.2.RELEASE/spring-boot-configuration-processor-2.0.2.RELEASE.jar:/root/./workspace/kakawait/cas-security-spring-boot-starter/389359051/.m2/org/springframework/boot/spring-boot-starter-test/2.0.2.RELEASE/spring-boot-starter-test-2.0.2.RELEASE.jar:/root/./workspace/kakawait/cas-security-spring-boot-starter/389359051/.m2/org/springframework/boot/spring-boot-starter/2.0.2.RELEASE/spring-boot-starter-2.0.2.RELEASE.jar:/root/./workspace/kakawait/cas-security-spring-boot-starter/389359051/.m2/javax/annotation/javax.annotation-api/1.3.2/javax.annotation-api-1.3.2.jar:/root/./workspace/kakawait/cas-security-spring-boot-starter/389359051/.m2/org/yaml/snakeyaml/1.19/snakeyaml-1.19.jar:/root/./workspace/kakawait/cas-security-spring-boot-starter/389359051/.m2/org/springframework/boot/spring-boot-test/2.0.2.RELEASE/spring-boot-test-2.0.2.RELEASE.jar:/root/./workspace/kakawait/cas-security-spring-boot-starter/389359051/.m2/org/springframework/boot/spring-boot-test-autoconfigure/2.0.2.RELEASE/spring-boot-test-autoconfigure-2.0.2.RELEASE.jar:/root/./workspace/kakawait/cas-security-spring-boot-starter/389359051/.m2/com/jayway/jsonpath/json-path/2.4.0/json-path-2.4.0.jar:/root/./workspace/kakawait/cas-security-spring-boot-starter/389359051/.m2/net/minidev/json-smart/2.3/json-smart-2.3.jar:/root/./workspace/kakawait/cas-security-spring-boot-starter/389359051/.m2/net/minidev/accessors-smart/1.2/accessors-smart-1.2.jar:/root/./workspace/kakawait/cas-security-spring-boot-starter/389359051/.m2/org/ow2/asm/asm/5.0.4/asm-5.0.4.jar:/root/./workspace/kakawait/cas-security-spring-boot-starter/389359051/.m2/org/slf4j/slf4j-api/1.7.25/slf4j-api-1.7.25.jar:/root/./workspace/kakawait/cas-security-spring-boot-starter/389359051/.m2/junit/junit/4.12/junit-4.12.jar:/root/./workspace/kakawait/cas-security-spring-boot-starter/389359051/.m2/org/hamcrest/hamcrest-core/1.3/hamcrest-core-1.3.jar:/root/./workspace/kakawait/cas-security-spring-boot-starter/389359051/.m2/org/hamcrest/hamcrest-library/1.3/hamcrest-library-1.3.jar:/root/./workspace/kakawait/cas-security-spring-boot-starter/389359051/.m2/org/skyscreamer/jsonassert/1.5.0/jsonassert-1.5.0.jar:/root/./workspace/kakawait/cas-security-spring-boot-starter/389359051/.m2/com/vaadin/external/google/android-json/0.0.20131108.vaadin1/android-json-0.0.20131108.vaadin1.jar:/root/./workspace/kakawait/cas-security-spring-boot-starter/389359051/.m2/org/springframework/spring-core/5.0.6.RELEASE/spring-core-5.0.6.RELEASE.jar:/root/./workspace/kakawait/cas-security-spring-boot-starter/389359051/.m2/org/springframework/spring-jcl/5.0.6.RELEASE/spring-jcl-5.0.6.RELEASE.jar:/root/./workspace/kakawait/cas-security-spring-boot-starter/389359051/.m2/org/springframework/spring-test/5.0.6.RELEASE/spring-test-5.0.6.RELEASE.jar:/root/./workspace/kakawait/cas-security-spring-boot-starter/389359051/.m2/org/xmlunit/xmlunit-core/2.5.1/xmlunit-core-2.5.1.jar:/root/./workspace/kakawait/cas-security-spring-boot-starter/389359051/.m2/org/springframework/boot/spring-boot-starter-logging/2.0.2.RELEASE/spring-boot-starter-logging-2.0.2.RELEASE.jar:/root/./workspace/kakawait/cas-security-spring-boot-starter/389359051/.m2/ch/qos/logback/logback-classic/1.2.3/logback-classic-1.2.3.jar:/root/./workspace/kakawait/cas-security-spring-boot-starter/389359051/.m2/ch/qos/logback/logback-core/1.2.3/logback-core-1.2.3.jar:/root/./workspace/kakawait/cas-security-spring-boot-starter/389359051/.m2/org/apache/logging/log4j/log4j-to-slf4j/2.10.0/log4j-to-slf4j-2.10.0.jar:/root/./workspace/kakawait/cas-security-spring-boot-starter/389359051/.m2/org/apache/logging/log4j/log4j-api/2.10.0/log4j-api-2.10.0.jar:/root/./workspace/kakawait/cas-security-spring-boot-starter/389359051/.m2/org/slf4j/jul-to-slf4j/1.7.25/jul-to-slf4j-1.7.25.jar:/root/./workspace/kakawait/cas-security-spring-boot-starter/389359051/.m2/org/assertj/assertj-core/3.9.1/assertj-core-3.9.1.jar:/root/./workspace/kakawait/cas-security-spring-boot-starter/389359051/.m2/org/mockito/mockito-core/2.18.0/mockito-core-2.18.0.jar:/root/./workspace/kakawait/cas-security-spring-boot-starter/389359051/.m2/net/bytebuddy/byte-buddy/1.7.11/byte-buddy-1.7.11.jar:/root/./workspace/kakawait/cas-security-spring-boot-starter/389359051/.m2/net/bytebuddy/byte-buddy-agent/1.7.11/byte-buddy-agent-1.7.11.jar:/root/./workspace/kakawait/cas-security-spring-boot-starter/389359051/.m2/org/objenesis/objenesis/2.6/objenesis-2.6.jar:, user.name=root, skipITs=true, java.vm.specification.version=1.8, sun.java.command=/root/workspace/kakawait/cas-security-spring-boot-starter/389359051/cas-security-spring-boot-autoconfigure/target/surefire/surefirebooter7843338250414376201.jar /root/workspace/kakawait/cas-security-spring-boot-starter/389359051/cas-security-spring-boot-autoconfigure/target/surefire/surefire7287949685952618826tmp /root/workspace/kakawait/cas-security-spring-boot-starter/389359051/cas-security-spring-boot-autoconfigure/target/surefire/surefire_16095088571497236191tmp, java.home=/usr/lib/jvm/java-8-openjdk-amd64/jre, sun.arch.data.model=64, user.language=en, java.specification.vendor=Oracle Corporation, dependency-check.skip=true, awt.toolkit=sun.awt.X11.XToolkit, java.vm.info=mixed mode, java.version=1.8.0_121, java.ext.dirs=/usr/lib/jvm/java-8-openjdk-amd64/jre/lib/ext:/usr/java/packages/lib/ext, sun.boot.class.path=/usr/lib/jvm/java-8-openjdk-amd64/jre/lib/resources.jar:/usr/lib/jvm/java-8-openjdk-amd64/jre/lib/rt.jar:/usr/lib/jvm/java-8-openjdk-amd64/jre/lib/sunrsasign.jar:/usr/lib/jvm/java-8-openjdk-amd64/jre/lib/jsse.jar:/usr/lib/jvm/java-8-openjdk-amd64/jre/lib/jce.jar:/usr/lib/jvm/java-8-openjdk-amd64/jre/lib/charsets.jar:/usr/lib/jvm/java-8-openjdk-amd64/jre/lib/jfr.jar:/usr/lib/jvm/java-8-openjdk-amd64/jre/classes, rat.skip=true, enforcer.skip=true, java.vendor=Oracle Corporation, localRepository=/root/./workspace/kakawait/cas-security-spring-boot-starter/389359051/.m2, file.separator=/, java.vendor.url.bug=http://bugreport.sun.com/bugreport/, sun.io.unicode.encoding=UnicodeLittle, sun.cpu.endian=little, sun.cpu.isalist=}}, SystemEnvironmentPropertySource@1225830367 {name=&apos;systemEnvironment&apos;, properties={PATH=/usr/local/sbin:/usr/local/bin:/usr/sbin:/usr/bin:/sbin:/bin, JAVA_HOME=/usr/lib/jvm/java-8-openjdk-amd64, NOTIFY_TO=, CA_CERTIFICATES_JAVA_VERSION=20161107~bpo8+1, MONGODB_HOST=, BUILD_ID=, LANG=C.UTF-8, MAVEN_HOME=/usr/share/maven, SMTP_SERVER=, MONGODB_NAME=, REPAIR_MODE=repair, PWD=/root/workspace/kakawait/cas-security-spring-boot-starter/389359051/cas-security-spring-boot-autoconfigure, JAVA_VERSION=8u121, GITHUB_OAUTH=, MAVEN_CMD_LINE_ARGS=/root/.m2 -B -D enforcer.skip=true -D dependency-check.skip=true -D skipITs=true -D cobertura.skip=true -D maven.repo.local=/root/./workspace/kakawait/cas-security-spring-boot-starter/389359051/.m2 -D rat.skip=true -D findbugs.skip=true -D skip.bower=true -D gpg.skip=true -D checkstyle.skip=true -D skip.gulp=true -D license.skip=true -D skip.npm=true test, _=/usr/bin/java, OUTPUT=, MAVEN_TERMINATE_CMD=on, MAVEN_CONFIG=/root/.m2, MAVEN_PROJECTBASEDIR=/root/workspace/kakawait/cas-security-spring-boot-starter/389359051, OLDPWD=/root/workspace/kakawait/cas-security-spring-boot-starter/389359051/cas-security-spring-boot-autoconfigure, LOG_FILENAME=repairnator-pipeline_2018-06-07_1940_389359051_5a77b685-d098-401d-b168-01e076b51223, RUN_ID=, HOSTNAME=cyclone1, JAVA_DEBIAN_VERSION=8u121-b13-1~bpo8+1, M2_HOME=/usr/share/maven, REPAIR_TOOLS=AssertFixer, HOME=/root, SHLVL=1, PUSH_URL=}}]
19:41:52.883 [main] DEBUG org.springframework.web.context.support.StandardServletEnvironment - Adding PropertySource &apos;test&apos; with highest search precedence
19:41:52.903 [main] INFO org.springframework.web.context.support.AnnotationConfigWebApplicationContext - Refreshing Root WebApplicationContext: startup date [Thu Jun 07 19:41:52 CEST 2018]; root of context hierarchy
19:41:52.910 [main] DEBUG org.springframework.web.context.support.StandardServletEnvironment - Replacing PropertySource &apos;servletContextInitParams&apos; with &apos;servletContextInitParams&apos;
19:41:53.125 [main] DEBUG org.springframework.context.annotation.ClassPathBeanDefinitionScanner - JSR-250 &apos;javax.annotation.ManagedBean&apos; found and supported for component scanning
19:41:53.139 [main] INFO org.springframework.web.context.support.AnnotationConfigWebApplicationContext - Registering annotated classes: [class com.kakawait.spring.boot.security.cas.CasSecurityAutoConfigurationTest$EmptyConfiguration,class com.kakawait.spring.boot.security.cas.CasSecurityAutoConfigurationTest$DummyAuthenticationManagerConfiguration,class org.springframework.boot.autoconfigure.security.servlet.SecurityFilterAutoConfiguration,class org.springframework.security.config.annotation.configuration.ObjectPostProcessorConfiguration,class org.springframework.security.config.annotation.authentication.configuration.AuthenticationConfiguration,class org.springframework.security.config.annotation.web.configuration.WebSecurityConfiguration,class com.kakawait.spring.boot.security.cas.CasSecurityAutoConfiguration]
19:41:53.286 [main] DEBUG org.springframework.beans.factory.support.DefaultListableBeanFactory - Returning cached instance of singleton bean &apos;autoConfigurationReport&apos;
19:41:53.314 [main] DEBUG org.springframework.beans.factory.support.DefaultListableBeanFactory - Returning cached instance of singleton bean &apos;autoConfigurationReport&apos;
19:41:53.315 [main] DEBUG org.springframework.beans.factory.support.DefaultListableBeanFactory - Returning cached instance of singleton bean &apos;autoConfigurationReport&apos;
19:41:53.319 [main] DEBUG org.springframework.web.context.support.AnnotationConfigWebApplicationContext - Bean factory for Root WebApplicationContext: org.springframework.beans.factory.support.DefaultListableBeanFactory@3b18009f: defining beans [org.springframework.context.annotation.internalConfigurationAnnotationProcessor,org.springframework.context.annotation.internalAutowiredAnnotationProcessor,org.springframework.context.annotation.internalRequiredAnnotationProcessor,org.springframework.context.annotation.internalCommonAnnotationProcessor,org.springframework.context.event.internalEventListenerProcessor,org.springframework.context.event.internalEventListenerFactory,casSecurityAutoConfigurationTest.EmptyConfiguration,casSecurityAutoConfigurationTest.DummyAuthenticationManagerConfiguration,securityFilterAutoConfiguration,objectPostProcessorConfiguration,authenticationConfiguration,webSecurityConfiguration,casSecurityAutoConfiguration]; root of factory hierarchy
19:41:53.336 [main] DEBUG org.springframework.beans.factory.support.DefaultListableBeanFactory - Registering scope &apos;request&apos; with implementation [org.springframework.web.context.request.RequestScope@29ce33e9]
19:41:53.337 [main] DEBUG org.springframework.beans.factory.support.DefaultListableBeanFactory - Registering scope &apos;session&apos; with implementation [org.springframework.web.context.request.SessionScope@8f8717b]
19:41:53.338 [main] DEBUG org.springframework.beans.factory.support.DefaultListableBeanFactory - Registering scope &apos;application&apos; with implementation [org.springframework.web.context.support.ServletContextScope@2e76d0d3]
19:41:53.355 [main] DEBUG org.springframework.beans.factory.support.DefaultListableBeanFactory - Creating shared instance of singleton bean &apos;org.springframework.context.annotation.internalConfigurationAnnotationProcessor&apos;
19:41:53.355 [main] DEBUG org.springframework.beans.factory.support.DefaultListableBeanFactory - Creating instance of bean &apos;org.springframework.context.annotation.internalConfigurationAnnotationProcessor&apos;
19:41:53.394 [main] DEBUG org.springframework.beans.factory.support.DefaultListableBeanFactory - Eagerly caching bean &apos;org.springframework.context.annotation.internalConfigurationAnnotationProcessor&apos; to allow for resolving potential circular references
19:41:53.400 [main] DEBUG org.springframework.beans.factory.support.DefaultListableBeanFactory - Finished creating instance of bean &apos;org.springframework.context.annotation.internalConfigurationAnnotationProcessor&apos;
19:41:53.447 [main] DEBUG org.springframework.beans.factory.support.DefaultListableBeanFactory - Returning cached instance of singleton bean &apos;autoConfigurationReport&apos;
19:41:53.448 [main] DEBUG org.springframework.beans.factory.support.DefaultListableBeanFactory - Returning cached instance of singleton bean &apos;autoConfigurationReport&apos;
19:41:53.563 [main] DEBUG org.springframework.beans.factory.support.DefaultListableBeanFactory - Returning cached instance of singleton bean &apos;autoConfigurationReport&apos;
19:41:53.564 [main] DEBUG org.springframework.beans.factory.support.DefaultListableBeanFactory - Returning cached instance of singleton bean &apos;autoConfigurationReport&apos;
19:41:53.595 [main] DEBUG org.springframework.beans.factory.support.DefaultListableBeanFactory - Returning cached instance of singleton bean &apos;autoConfigurationReport&apos;
19:41:53.597 [main] DEBUG org.springframework.beans.factory.support.DefaultListableBeanFactory - Returning cached instance of singleton bean &apos;autoConfigurationReport&apos;
19:41:53.623 [main] DEBUG org.springframework.beans.factory.support.DefaultListableBeanFactory - Returning cached instance of singleton bean &apos;autoConfigurationReport&apos;
19:41:53.624 [main] DEBUG org.springframework.beans.factory.support.DefaultListableBeanFactory - Returning cached instance of singleton bean &apos;autoConfigurationReport&apos;
19:41:53.641 [main] DEBUG org.springframework.context.annotation.ConfigurationClassBeanDefinitionReader - Registering bean definition for @Bean method com.kakawait.spring.boot.security.cas.CasSecurityAutoConfigurationTest$DummyAuthenticationManagerConfiguration.authenticationManager()
19:41:53.642 [main] DEBUG org.springframework.beans.factory.support.DefaultListableBeanFactory - Returning cached instance of singleton bean &apos;autoConfigurationReport&apos;
19:41:53.643 [main] DEBUG org.springframework.beans.factory.support.DefaultListableBeanFactory - Returning cached instance of singleton bean &apos;autoConfigurationReport&apos;
19:41:53.647 [main] DEBUG org.springframework.beans.factory.support.DefaultListableBeanFactory - Returning cached instance of singleton bean &apos;autoConfigurationReport&apos;
19:41:53.673 [main] DEBUG org.springframework.context.annotation.ConfigurationClassBeanDefinitionReader - Registering bean definition for @Bean method org.springframework.security.config.annotation.configuration.ObjectPostProcessorConfiguration.objectPostProcessor()
19:41:53.675 [main] DEBUG org.springframework.context.annotation.ConfigurationClassBeanDefinitionReader - Registering bean definition for @Bean method org.springframework.security.config.annotation.authentication.configuration.AuthenticationConfiguration.authenticationManagerBuilder()
19:41:53.676 [main] DEBUG org.springframework.context.annotation.ConfigurationClassBeanDefinitionReader - Registering bean definition for @Bean method org.springframework.security.config.annotation.authentication.configuration.AuthenticationConfiguration.enableGlobalAuthenticationAutowiredConfigurer()
19:41:53.676 [main] DEBUG org.springframework.context.annotation.ConfigurationClassBeanDefinitionReader - Registering bean definition for @Bean method org.springframework.security.config.annotation.authentication.configuration.AuthenticationConfiguration.initializeUserDetailsBeanManagerConfigurer()
19:41:53.677 [main] DEBUG org.springframework.context.annotation.ConfigurationClassBeanDefinitionReader - Registering bean definition for @Bean method org.springframework.security.config.annotation.authentication.configuration.AuthenticationConfiguration.initializeAuthenticationProviderBeanManagerConfigurer()
19:41:53.678 [main] DEBUG org.springframework.context.annotation.ConfigurationClassBeanDefinitionReader - Registering bean definition for @Bean method org.springframework.security.config.annotation.web.configuration.WebSecurityConfiguration.delegatingApplicationListener()
19:41:53.679 [main] DEBUG org.springframework.context.annotation.ConfigurationClassBeanDefinitionReader - Registering bean definition for @Bean method org.springframework.security.config.annotation.web.configuration.WebSecurityConfiguration.webSecurityExpressionHandler()
19:41:53.680 [main] DEBUG org.springframework.context.annotation.ConfigurationClassBeanDefinitionReader - Registering bean definition for @Bean method org.springframework.security.config.annotation.web.configuration.WebSecurityConfiguration.springSecurityFilterChain()
19:41:53.681 [main] DEBUG org.springframework.context.annotation.ConfigurationClassBeanDefinitionReader - Registering bean definition for @Bean method org.springframework.security.config.annotation.web.configuration.WebSecurityConfiguration.privilegeEvaluator()
19:41:53.682 [main] DEBUG org.springframework.context.annotation.ConfigurationClassBeanDefinitionReader - Registering bean definition for @Bean method org.springframework.security.config.annotation.web.configuration.WebSecurityConfiguration.autowiredWebSecurityConfigurersIgnoreParents()
19:41:53.684 [main] DEBUG org.springframework.beans.factory.support.DefaultListableBeanFactory - Returning cached instance of singleton bean &apos;autoConfigurationReport&apos;
19:41:53.684 [main] DEBUG org.springframework.beans.factory.support.DefaultListableBeanFactory - Returning cached instance of singleton bean &apos;autoConfigurationReport&apos;
19:41:53.695 [main] DEBUG org.springframework.core.env.PropertySourcesPropertyResolver - Found key &apos;security.cas.server.base-url&apos; in PropertySource &apos;test&apos; with value of type String
19:41:53.696 [main] DEBUG org.springframework.beans.factory.support.DefaultListableBeanFactory - Returning cached instance of singleton bean &apos;autoConfigurationReport&apos;
19:41:53.697 [main] DEBUG org.springframework.beans.factory.support.DefaultListableBeanFactory - Returning cached instance of singleton bean &apos;autoConfigurationReport&apos;
19:41:53.698 [main] DEBUG org.springframework.context.annotation.ConfigurationClassBeanDefinitionReader - Registered bean definition for imported class &apos;com.kakawait.spring.boot.security.cas.CasSecurityAutoConfiguration$StaticCasSecurityConfiguration&apos;
19:41:53.709 [main] DEBUG org.springframework.beans.factory.support.DefaultListableBeanFactory - Creating shared instance of singleton bean &apos;org.springframework.boot.autoconfigure.condition.BeanTypeRegistry&apos;
19:41:53.709 [main] DEBUG org.springframework.beans.factory.support.DefaultListableBeanFactory - Creating instance of bean &apos;org.springframework.boot.autoconfigure.condition.BeanTypeRegistry&apos;
19:41:53.753 [main] DEBUG org.springframework.beans.factory.support.DefaultListableBeanFactory - Eagerly caching bean &apos;org.springframework.boot.autoconfigure.condition.BeanTypeRegistry&apos; to allow for resolving potential circular references
19:41:53.754 [main] DEBUG org.springframework.beans.factory.support.DefaultListableBeanFactory - Finished creating instance of bean &apos;org.springframework.boot.autoconfigure.condition.BeanTypeRegistry&apos;
19:41:53.839 [main] DEBUG org.springframework.beans.factory.support.DefaultListableBeanFactory - Returning cached instance of singleton bean &apos;autoConfigurationReport&apos;
19:41:53.840 [main] DEBUG org.springframework.context.annotation.ConfigurationClassBeanDefinitionReader - Registering bean definition for @Bean method com.kakawait.spring.boot.security.cas.CasSecurityAutoConfiguration$StaticCasSecurityConfiguration.casAuthenticationEntryPoint()
19:41:53.841 [main] DEBUG org.springframework.beans.factory.support.DefaultListableBeanFactory - Returning cached instance of singleton bean &apos;org.springframework.boot.autoconfigure.condition.BeanTypeRegistry&apos;
19:41:53.842 [main] DEBUG org.springframework.beans.factory.support.DefaultListableBeanFactory - Returning cached instance of singleton bean &apos;autoConfigurationReport&apos;
19:41:53.843 [main] DEBUG org.springframework.context.annotation.ConfigurationClassBeanDefinitionReader - Registering bean definition for @Bean method com.kakawait.spring.boot.security.cas.CasSecurityAutoConfiguration$StaticCasSecurityConfiguration.serviceAuthenticationDetailsSource()
19:41:53.844 [main] DEBUG org.springframework.beans.factory.support.DefaultListableBeanFactory - Returning cached instance of singleton bean &apos;org.springframework.boot.autoconfigure.condition.BeanTypeRegistry&apos;
19:41:53.845 [main] DEBUG org.springframework.beans.factory.support.DefaultListableBeanFactory - Returning cached instance of singleton bean &apos;autoConfigurationReport&apos;
19:41:53.846 [main] DEBUG org.springframework.context.annotation.ConfigurationClassBeanDefinitionReader - Registering bean definition for @Bean method com.kakawait.spring.boot.security.cas.CasSecurityAutoConfiguration$StaticCasSecurityConfiguration.casLogoutSuccessHandler()
19:41:53.846 [main] DEBUG org.springframework.context.annotation.ConfigurationClassBeanDefinitionReader - Registered bean definition for imported class &apos;com.kakawait.spring.boot.security.cas.CasSecurityAutoConfiguration$CasLoginSecurityConfiguration&apos;
19:41:53.847 [main] DEBUG org.springframework.beans.factory.support.DefaultListableBeanFactory - Returning cached instance of singleton bean &apos;org.springframework.boot.autoconfigure.condition.BeanTypeRegistry&apos;
19:41:53.847 [main] DEBUG org.springframework.beans.factory.support.DefaultListableBeanFactory - Returning cached instance of singleton bean &apos;autoConfigurationReport&apos;
19:41:53.848 [main] DEBUG org.springframework.context.annotation.ConfigurationClassBeanDefinitionReader - Registered bean definition for imported class &apos;com.kakawait.spring.boot.security.cas.CasAssertionUserDetailsServiceConfiguration&apos;
19:41:53.848 [main] DEBUG org.springframework.context.annotation.ConfigurationClassBeanDefinitionReader - Registering bean definition for @Bean method com.kakawait.spring.boot.security.cas.CasAssertionUserDetailsServiceConfiguration.defaultRolesAuthenticationUserDetailsService()
19:41:53.849 [main] DEBUG org.springframework.beans.factory.support.DefaultListableBeanFactory - Returning cached instance of singleton bean &apos;org.springframework.boot.autoconfigure.condition.BeanTypeRegistry&apos;
19:41:53.849 [main] DEBUG org.springframework.beans.factory.support.DefaultListableBeanFactory - Returning cached instance of singleton bean &apos;autoConfigurationReport&apos;
19:41:53.851 [main] DEBUG org.springframework.context.annotation.ConfigurationClassBeanDefinitionReader - Registered bean definition for imported class &apos;com.kakawait.spring.boot.security.cas.CasTicketValidatorConfiguration&apos;
19:41:53.853 [main] DEBUG org.springframework.context.annotation.ConfigurationClassBeanDefinitionReader - Registering bean definition for @Bean method com.kakawait.spring.boot.security.cas.CasTicketValidatorConfiguration.ticketValidator()
19:41:53.853 [main] DEBUG org.springframework.context.annotation.ConfigurationClassBeanDefinitionReader - Registered bean definition for imported class &apos;com.kakawait.spring.boot.security.cas.CasSecurityAutoConfiguration$DefaultCasSecurityConfigurerAdapter&apos;
19:41:53.854 [main] DEBUG org.springframework.beans.factory.support.DefaultListableBeanFactory - Returning cached instance of singleton bean &apos;autoConfigurationReport&apos;
19:41:53.855 [main] DEBUG org.springframework.beans.factory.support.DefaultListableBeanFactory - Returning cached instance of singleton bean &apos;org.springframework.boot.autoconfigure.condition.BeanTypeRegistry&apos;
19:41:53.856 [main] DEBUG org.springframework.beans.factory.support.DefaultListableBeanFactory - Returning cached instance of singleton bean &apos;autoConfigurationReport&apos;
19:41:53.857 [main] DEBUG org.springframework.context.annotation.ConfigurationClassBeanDefinitionReader - Registering bean definition for @Bean method com.kakawait.spring.boot.security.cas.CasSecurityAutoConfiguration.serviceProperties()
19:41:53.857 [main] DEBUG org.springframework.beans.factory.support.DefaultListableBeanFactory - Returning cached instance of singleton bean &apos;autoConfigurationReport&apos;
19:41:53.859 [main] DEBUG org.springframework.beans.factory.support.DefaultListableBeanFactory - Returning cached instance of singleton bean &apos;org.springframework.boot.autoconfigure.condition.BeanTypeRegistry&apos;
19:41:53.860 [main] DEBUG org.springframework.beans.factory.support.DefaultListableBeanFactory - Returning cached instance of singleton bean &apos;autoConfigurationReport&apos;
19:41:53.861 [main] DEBUG org.springframework.context.annotation.ConfigurationClassBeanDefinitionReader - Registering bean definition for @Bean method com.kakawait.spring.boot.security.cas.CasSecurityAutoConfiguration.proxyGrantingTicketStorage()
19:41:53.864 [main] DEBUG org.springframework.beans.factory.support.DefaultListableBeanFactory - Returning cached instance of singleton bean &apos;org.springframework.boot.autoconfigure.condition.BeanTypeRegistry&apos;
19:41:53.865 [main] DEBUG org.springframework.beans.factory.support.DefaultListableBeanFactory - Returning cached instance of singleton bean &apos;autoConfigurationReport&apos;
19:41:53.866 [main] DEBUG org.springframework.context.annotation.ConfigurationClassBeanDefinitionReader - Registering bean definition for @Bean method com.kakawait.spring.boot.security.cas.CasSecurityAutoConfiguration.securityContextHolderAssertionProvider()
19:41:53.867 [main] DEBUG org.springframework.beans.factory.support.DefaultListableBeanFactory - Returning cached instance of singleton bean &apos;org.springframework.boot.autoconfigure.condition.BeanTypeRegistry&apos;
19:41:53.868 [main] DEBUG org.springframework.beans.factory.support.DefaultListableBeanFactory - Returning cached instance of singleton bean &apos;autoConfigurationReport&apos;
19:41:53.868 [main] DEBUG org.springframework.context.annotation.ConfigurationClassBeanDefinitionReader - Registering bean definition for @Bean method com.kakawait.spring.boot.security.cas.CasSecurityAutoConfiguration.attributePrincipalProxyTicketProvider()
19:41:53.870 [main] DEBUG org.springframework.beans.factory.support.DefaultListableBeanFactory - Returning cached instance of singleton bean &apos;autoConfigurationReport&apos;
19:41:54.002 [main] DEBUG org.springframework.context.annotation.ConfigurationClassEnhancer - Successfully enhanced com.kakawait.spring.boot.security.cas.CasSecurityAutoConfigurationTest$EmptyConfiguration; enhanced class name is: com.kakawait.spring.boot.security.cas.CasSecurityAutoConfigurationTest$EmptyConfiguration$$EnhancerBySpringCGLIB$$c2766ba3
19:41:54.002 [main] DEBUG org.springframework.context.annotation.ConfigurationClassPostProcessor - Replacing bean definition &apos;casSecurityAutoConfigurationTest.EmptyConfiguration&apos; existing class &apos;com.kakawait.spring.boot.security.cas.CasSecurityAutoConfigurationTest$EmptyConfiguration&apos; with enhanced class &apos;com.kakawait.spring.boot.security.cas.CasSecurityAutoConfigurationTest$EmptyConfiguration$$EnhancerBySpringCGLIB$$c2766ba3&apos;
19:41:54.007 [main] DEBUG org.springframework.context.annotation.ConfigurationClassEnhancer - Successfully enhanced org.springframework.boot.autoconfigure.security.servlet.SecurityFilterAutoConfiguration; enhanced class name is: org.springframework.boot.autoconfigure.security.servlet.SecurityFilterAutoConfiguration$$EnhancerBySpringCGLIB$$eee167ca
19:41:54.007 [main] DEBUG org.springframework.context.annotation.ConfigurationClassPostProcessor - Replacing bean definition &apos;securityFilterAutoConfiguration&apos; existing class &apos;org.springframework.boot.autoconfigure.security.servlet.SecurityFilterAutoConfiguration&apos; with enhanced class &apos;org.springframework.boot.autoconfigure.security.servlet.SecurityFilterAutoConfiguration$$EnhancerBySpringCGLIB$$eee167ca&apos;
19:41:54.013 [main] DEBUG org.springframework.context.annotation.ConfigurationClassEnhancer - Successfully enhanced org.springframework.security.config.annotation.configuration.ObjectPostProcessorConfiguration; enhanced class name is: org.springframework.security.config.annotation.configuration.ObjectPostProcessorConfiguration$$EnhancerBySpringCGLIB$$a1d03e7b
19:41:54.013 [main] DEBUG org.springframework.context.annotation.ConfigurationClassPostProcessor - Replacing bean definition &apos;objectPostProcessorConfiguration&apos; existing class &apos;org.springframework.security.config.annotation.configuration.ObjectPostProcessorConfiguration&apos; with enhanced class &apos;org.springframework.security.config.annotation.configuration.ObjectPostProcessorConfiguration$$EnhancerBySpringCGLIB$$a1d03e7b&apos;
19:41:54.018 [main] DEBUG org.springframework.context.annotation.ConfigurationClassEnhancer - Successfully enhanced org.springframework.security.config.annotation.authentication.configuration.AuthenticationConfiguration; enhanced class name is: org.springframework.security.config.annotation.authentication.configuration.AuthenticationConfiguration$$EnhancerBySpringCGLIB$$ed9948f0
19:41:54.018 [main] DEBUG org.springframework.context.annotation.ConfigurationClassPostProcessor - Replacing bean definition &apos;authenticationConfiguration&apos; existing class &apos;org.springframework.security.config.annotation.authentication.configuration.AuthenticationConfiguration&apos; with enhanced class &apos;org.springframework.security.config.annotation.authentication.configuration.AuthenticationConfiguration$$EnhancerBySpringCGLIB$$ed9948f0&apos;
19:41:54.025 [main] DEBUG org.springframework.context.annotation.ConfigurationClassEnhancer - Successfully enhanced org.springframework.security.config.annotation.web.configuration.WebSecurityConfiguration; enhanced class name is: org.springframework.security.config.annotation.web.configuration.WebSecurityConfiguration$$EnhancerBySpringCGLIB$$b053a334
19:41:54.025 [main] DEBUG org.springframework.context.annotation.ConfigurationClassPostProcessor - Replacing bean definition &apos;webSecurityConfiguration&apos; existing class &apos;org.springframework.security.config.annotation.web.configuration.WebSecurityConfiguration&apos; with enhanced class &apos;org.springframework.security.config.annotation.web.configuration.WebSecurityConfiguration$$EnhancerBySpringCGLIB$$b053a334&apos;
19:41:54.035 [main] DEBUG org.springframework.context.annotation.ConfigurationClassEnhancer - Successfully enhanced com.kakawait.spring.boot.security.cas.CasSecurityAutoConfiguration; enhanced class name is: com.kakawait.spring.boot.security.cas.CasSecurityAutoConfiguration$$EnhancerBySpringCGLIB$$69e85444
19:41:54.035 [main] DEBUG org.springframework.context.annotation.ConfigurationClassPostProcessor - Replacing bean definition &apos;casSecurityAutoConfiguration&apos; existing class &apos;com.kakawait.spring.boot.security.cas.CasSecurityAutoConfiguration&apos; with enhanced class &apos;com.kakawait.spring.boot.security.cas.CasSecurityAutoConfiguration$$EnhancerBySpringCGLIB$$69e85444&apos;
19:41:54.038 [main] DEBUG org.springframework.beans.factory.support.DefaultListableBeanFactory - Creating shared instance of singleton bean &apos;org.springframework.boot.context.properties.ConfigurationBeanFactoryMetadata&apos;
19:41:54.038 [main] DEBUG org.springframework.beans.factory.support.DefaultListableBeanFactory - Creating instance of bean &apos;org.springframework.boot.context.properties.ConfigurationBeanFactoryMetadata&apos;
19:41:54.039 [main] DEBUG org.springframework.beans.factory.support.DefaultListableBeanFactory - Eagerly caching bean &apos;org.springframework.boot.context.properties.ConfigurationBeanFactoryMetadata&apos; to allow for resolving potential circular references
19:41:54.092 [main] DEBUG org.springframework.beans.factory.support.DefaultListableBeanFactory - Finished creating instance of bean &apos;org.springframework.boot.context.properties.ConfigurationBeanFactoryMetadata&apos;
19:41:54.100 [main] DEBUG org.springframework.beans.factory.support.DefaultListableBeanFactory - Creating shared instance of singleton bean &apos;org.springframework.context.annotation.internalAutowiredAnnotationProcessor&apos;
19:41:54.101 [main] DEBUG org.springframework.beans.factory.support.DefaultListableBeanFactory - Creating instance of bean &apos;org.springframework.context.annotation.internalAutowiredAnnotationProcessor&apos;
19:41:54.102 [main] DEBUG org.springframework.beans.factory.support.DefaultListableBeanFactory - Eagerly caching bean &apos;org.springframework.context.annotation.internalAutowiredAnnotationProcessor&apos; to allow for resolving potential circular references
19:41:54.112 [main] DEBUG org.springframework.beans.factory.support.DefaultListableBeanFactory - Finished creating instance of bean &apos;org.springframework.context.annotation.internalAutowiredAnnotationProcessor&apos;
19:41:54.113 [main] DEBUG org.springframework.beans.factory.support.DefaultListableBeanFactory - Creating shared instance of singleton bean &apos;org.springframework.context.annotation.internalRequiredAnnotationProcessor&apos;
19:41:54.113 [main] DEBUG org.springframework.beans.factory.support.DefaultListableBeanFactory - Creating instance of bean &apos;org.springframework.context.annotation.internalRequiredAnnotationProcessor&apos;
19:41:54.114 [main] DEBUG org.springframework.beans.factory.support.DefaultListableBeanFactory - Eagerly caching bean &apos;org.springframework.context.annotation.internalRequiredAnnotationProcessor&apos; to allow for resolving potential circular references
19:41:54.117 [main] DEBUG org.springframework.beans.factory.support.DefaultListableBeanFactory - Finished creating instance of bean &apos;org.springframework.context.annotation.internalRequiredAnnotationProcessor&apos;
19:41:54.118 [main] DEBUG org.springframework.beans.factory.support.DefaultListableBeanFactory - Creating shared instance of singleton bean &apos;org.springframework.context.annotation.internalCommonAnnotationProcessor&apos;
19:41:54.119 [main] DEBUG org.springframework.beans.factory.support.DefaultListableBeanFactory - Creating instance of bean &apos;org.springframework.context.annotation.internalCommonAnnotationProcessor&apos;
19:41:54.133 [main] DEBUG org.springframework.beans.factory.support.DefaultListableBeanFactory - Eagerly caching bean &apos;org.springframework.context.annotation.internalCommonAnnotationProcessor&apos; to allow for resolving potential circular references
19:41:54.142 [main] DEBUG org.springframework.beans.factory.support.DefaultListableBeanFactory - Finished creating instance of bean &apos;org.springframework.context.annotation.internalCommonAnnotationProcessor&apos;
19:41:54.143 [main] DEBUG org.springframework.beans.factory.support.DefaultListableBeanFactory - Creating shared instance of singleton bean &apos;org.springframework.boot.context.properties.ConfigurationPropertiesBindingPostProcessor&apos;
19:41:54.143 [main] DEBUG org.springframework.beans.factory.support.DefaultListableBeanFactory - Creating instance of bean &apos;org.springframework.boot.context.properties.ConfigurationPropertiesBindingPostProcessor&apos;
19:41:54.143 [main] DEBUG org.springframework.beans.factory.support.DefaultListableBeanFactory - Eagerly caching bean &apos;org.springframework.boot.context.properties.ConfigurationPropertiesBindingPostProcessor&apos; to allow for resolving potential circular references
19:41:54.150 [main] DEBUG org.springframework.beans.factory.support.DefaultListableBeanFactory - Invoking afterPropertiesSet() on bean with name &apos;org.springframework.boot.context.properties.ConfigurationPropertiesBindingPostProcessor&apos;
19:41:54.150 [main] DEBUG org.springframework.beans.factory.support.DefaultListableBeanFactory - Returning cached instance of singleton bean &apos;org.springframework.boot.context.properties.ConfigurationBeanFactoryMetadata&apos;
19:41:54.161 [main] DEBUG org.springframework.beans.factory.support.DefaultListableBeanFactory - Finished creating instance of bean &apos;org.springframework.boot.context.properties.ConfigurationPropertiesBindingPostProcessor&apos;
19:41:54.162 [main] DEBUG org.springframework.web.context.support.AnnotationConfigWebApplicationContext - Unable to locate MessageSource with name &apos;messageSource&apos;: using default [org.springframework.context.support.DelegatingMessageSource@14404be2]
19:41:54.168 [main] DEBUG org.springframework.web.context.support.AnnotationConfigWebApplicationContext - Unable to locate ApplicationEventMulticaster with name &apos;applicationEventMulticaster&apos;: using default [org.springframework.context.event.SimpleApplicationEventMulticaster@62a07c01]
19:41:54.172 [main] DEBUG org.springframework.ui.context.support.UiApplicationContextUtils - Unable to locate ThemeSource with name &apos;themeSource&apos;: using default [org.springframework.ui.context.support.ResourceBundleThemeSource@282831ea]
19:41:54.176 [main] DEBUG org.springframework.beans.factory.support.DefaultListableBeanFactory - Pre-instantiating singletons in org.springframework.beans.factory.support.DefaultListableBeanFactory@3b18009f: defining beans [org.springframework.context.annotation.internalConfigurationAnnotationProcessor,org.springframework.context.annotation.internalAutowiredAnnotationProcessor,org.springframework.context.annotation.internalRequiredAnnotationProcessor,org.springframework.context.annotation.internalCommonAnnotationProcessor,org.springframework.context.event.internalEventListenerProcessor,org.springframework.context.event.internalEventListenerFactory,casSecurityAutoConfigurationTest.EmptyConfiguration,casSecurityAutoConfigurationTest.DummyAuthenticationManagerConfiguration,securityFilterAutoConfiguration,objectPostProcessorConfiguration,authenticationConfiguration,webSecurityConfiguration,casSecurityAutoConfiguration,authenticationManager,spring.security-org.springframework.boot.autoconfigure.security.SecurityProperties,org.springframework.boot.context.properties.ConfigurationPropertiesBindingPostProcessor,org.springframework.boot.context.properties.ConfigurationBeanFactoryMetadata,objectPostProcessor,authenticationManagerBuilder,enableGlobalAuthenticationAutowiredConfigurer,initializeUserDetailsBeanManagerConfigurer,initializeAuthenticationProviderBeanManagerConfigurer,delegatingApplicationListener,webSecurityExpressionHandler,springSecurityFilterChain,privilegeEvaluator,autowiredWebSecurityConfigurersIgnoreParents,com.kakawait.spring.boot.security.cas.CasSecurityAutoConfiguration$StaticCasSecurityConfiguration,org.springframework.boot.autoconfigure.condition.BeanTypeRegistry,casAuthenticationEntryPoint,serviceAuthenticationDetailsSource,casLogoutSuccessHandler,com.kakawait.spring.boot.security.cas.CasSecurityAutoConfiguration$CasLoginSecurityConfiguration,com.kakawait.spring.boot.security.cas.CasAssertionUserDetailsServiceConfiguration,defaultRolesAuthenticationUserDetailsService,com.kakawait.spring.boot.security.cas.CasTicketValidatorConfiguration,ticketValidator,com.kakawait.spring.boot.security.cas.CasSecurityAutoConfiguration$DefaultCasSecurityConfigurerAdapter,serviceProperties,proxyGrantingTicketStorage,securityContextHolderAssertionProvider,attributePrincipalProxyTicketProvider,security.cas-com.kakawait.spring.boot.security.cas.CasSecurityProperties]; root of factory hierarchy
19:41:54.177 [main] DEBUG org.springframework.beans.factory.support.DefaultListableBeanFactory - Returning cached instance of singleton bean &apos;org.springframework.context.annotation.internalConfigurationAnnotationProcessor&apos;
19:41:54.177 [main] DEBUG org.springframework.beans.factory.support.DefaultListableBeanFactory - Returning cached instance of singleton bean &apos;org.springframework.context.annotation.internalAutowiredAnnotationProcessor&apos;
19:41:54.177 [main] DEBUG org.springframework.beans.factory.support.DefaultListableBeanFactory - Returning cached instance of singleton bean &apos;org.springframework.context.annotation.internalRequiredAnnotationProcessor&apos;
19:41:54.177 [main] DEBUG org.springframework.beans.factory.support.DefaultListableBeanFactory - Returning cached instance of singleton bean &apos;org.springframework.context.annotation.internalCommonAnnotationProcessor&apos;
19:41:54.177 [main] DEBUG org.springframework.beans.factory.support.DefaultListableBeanFactory - Creating shared instance of singleton bean &apos;org.springframework.context.event.internalEventListenerProcessor&apos;
19:41:54.177 [main] DEBUG org.springframework.beans.factory.support.DefaultListableBeanFactory - Creating instance of bean &apos;org.springframework.context.event.internalEventListenerProcessor&apos;
19:41:54.191 [main] DEBUG org.springframework.beans.factory.support.DefaultListableBeanFactory - Eagerly caching bean &apos;org.springframework.context.event.internalEventListenerProcessor&apos; to allow for resolving potential circular references
19:41:54.195 [main] DEBUG org.springframework.beans.factory.support.DefaultListableBeanFactory - Finished creating instance of bean &apos;org.springframework.context.event.internalEventListenerProcessor&apos;
19:41:54.195 [main] DEBUG org.springframework.beans.factory.support.DefaultListableBeanFactory - Creating shared instance of singleton bean &apos;org.springframework.context.event.internalEventListenerFactory&apos;
19:41:54.195 [main] DEBUG org.springframework.beans.factory.support.DefaultListableBeanFactory - Creating instance of bean &apos;org.springframework.context.event.internalEventListenerFactory&apos;
19:41:54.196 [main] DEBUG org.springframework.beans.factory.support.DefaultListableBeanFactory - Eagerly caching bean &apos;org.springframework.context.event.internalEventListenerFactory&apos; to allow for resolving potential circular references
19:41:54.201 [main] DEBUG org.springframework.beans.factory.support.DefaultListableBeanFactory - Finished creating instance of bean &apos;org.springframework.context.event.internalEventListenerFactory&apos;
19:41:54.201 [main] DEBUG org.springframework.beans.factory.support.DefaultListableBeanFactory - Creating shared instance of singleton bean &apos;casSecurityAutoConfigurationTest.EmptyConfiguration&apos;
19:41:54.201 [main] DEBUG org.springframework.beans.factory.support.DefaultListableBeanFactory - Creating instance of bean &apos;casSecurityAutoConfigurationTest.EmptyConfiguration&apos;
19:41:54.202 [main] DEBUG org.springframework.beans.factory.support.DefaultListableBeanFactory - Eagerly caching bean &apos;casSecurityAutoConfigurationTest.EmptyConfiguration&apos; to allow for resolving potential circular references
19:41:54.208 [main] DEBUG org.springframework.beans.factory.support.DefaultListableBeanFactory - Finished creating instance of bean &apos;casSecurityAutoConfigurationTest.EmptyConfiguration&apos;
19:41:54.209 [main] DEBUG org.springframework.beans.factory.support.DefaultListableBeanFactory - Creating shared instance of singleton bean &apos;casSecurityAutoConfigurationTest.DummyAuthenticationManagerConfiguration&apos;
19:41:54.209 [main] DEBUG org.springframework.beans.factory.support.DefaultListableBeanFactory - Creating instance of bean &apos;casSecurityAutoConfigurationTest.DummyAuthenticationManagerConfiguration&apos;
19:41:54.210 [main] DEBUG org.springframework.beans.factory.support.DefaultListableBeanFactory - Eagerly caching bean &apos;casSecurityAutoConfigurationTest.DummyAuthenticationManagerConfiguration&apos; to allow for resolving potential circular references
19:41:54.212 [main] DEBUG org.springframework.beans.factory.support.DefaultListableBeanFactory - Finished creating instance of bean &apos;casSecurityAutoConfigurationTest.DummyAuthenticationManagerConfiguration&apos;
19:41:54.212 [main] DEBUG org.springframework.beans.factory.support.DefaultListableBeanFactory - Creating shared instance of singleton bean &apos;securityFilterAutoConfiguration&apos;
19:41:54.213 [main] DEBUG org.springframework.beans.factory.support.DefaultListableBeanFactory - Creating instance of bean &apos;securityFilterAutoConfiguration&apos;
19:41:54.214 [main] DEBUG org.springframework.beans.factory.support.DefaultListableBeanFactory - Eagerly caching bean &apos;securityFilterAutoConfiguration&apos; to allow for resolving potential circular references
19:41:54.218 [main] DEBUG org.springframework.beans.factory.support.DefaultListableBeanFactory - Finished creating instance of bean &apos;securityFilterAutoConfiguration&apos;
19:41:54.219 [main] DEBUG org.springframework.beans.factory.support.DefaultListableBeanFactory - Creating shared instance of singleton bean &apos;objectPostProcessorConfiguration&apos;
19:41:54.219 [main] DEBUG org.springframework.beans.factory.support.DefaultListableBeanFactory - Creating instance of bean &apos;objectPostProcessorConfiguration&apos;
19:41:54.220 [main] DEBUG org.springframework.beans.factory.support.DefaultListableBeanFactory - Eagerly caching bean &apos;objectPostProcessorConfiguration&apos; to allow for resolving potential circular references
19:41:54.225 [main] DEBUG org.springframework.beans.factory.support.DefaultListableBeanFactory - Finished creating instance of bean &apos;objectPostProcessorConfiguration&apos;
19:41:54.225 [main] DEBUG org.springframework.beans.factory.support.DefaultListableBeanFactory - Creating shared instance of singleton bean &apos;authenticationConfiguration&apos;
19:41:54.225 [main] DEBUG org.springframework.beans.factory.support.DefaultListableBeanFactory - Creating instance of bean &apos;authenticationConfiguration&apos;
19:41:54.236 [main] DEBUG org.springframework.beans.factory.annotation.InjectionMetadata - Registered injected element on class [org.springframework.security.config.annotation.authentication.configuration.AuthenticationConfiguration$$EnhancerBySpringCGLIB$$ed9948f0]: AutowiredMethodElement for public void org.springframework.security.config.annotation.authentication.configuration.AuthenticationConfiguration.setGlobalAuthenticationConfigurers(java.util.List) throws java.lang.Exception
19:41:54.236 [main] DEBUG org.springframework.beans.factory.annotation.InjectionMetadata - Registered injected element on class [org.springframework.security.config.annotation.authentication.configuration.AuthenticationConfiguration$$EnhancerBySpringCGLIB$$ed9948f0]: AutowiredMethodElement for public void org.springframework.security.config.annotation.authentication.configuration.AuthenticationConfiguration.setApplicationContext(org.springframework.context.ApplicationContext)
19:41:54.236 [main] DEBUG org.springframework.beans.factory.annotation.InjectionMetadata - Registered injected element on class [org.springframework.security.config.annotation.authentication.configuration.AuthenticationConfiguration$$EnhancerBySpringCGLIB$$ed9948f0]: AutowiredMethodElement for public void org.springframework.security.config.annotation.authentication.configuration.AuthenticationConfiguration.setObjectPostProcessor(org.springframework.security.config.annotation.ObjectPostProcessor)
19:41:54.237 [main] DEBUG org.springframework.beans.factory.support.DefaultListableBeanFactory - Eagerly caching bean &apos;authenticationConfiguration&apos; to allow for resolving potential circular references
19:41:54.237 [main] DEBUG org.springframework.beans.factory.annotation.InjectionMetadata - Processing injected element of bean &apos;authenticationConfiguration&apos;: AutowiredMethodElement for public void org.springframework.security.config.annotation.authentication.configuration.AuthenticationConfiguration.setGlobalAuthenticationConfigurers(java.util.List) throws java.lang.Exception
19:41:54.248 [main] DEBUG org.springframework.beans.factory.support.DefaultListableBeanFactory - Creating shared instance of singleton bean &apos;enableGlobalAuthenticationAutowiredConfigurer&apos;
19:41:54.248 [main] DEBUG org.springframework.beans.factory.support.DefaultListableBeanFactory - Creating instance of bean &apos;enableGlobalAuthenticationAutowiredConfigurer&apos;
19:41:54.256 [main] DEBUG org.springframework.beans.factory.support.DefaultListableBeanFactory - Autowiring by type from bean name &apos;enableGlobalAuthenticationAutowiredConfigurer&apos; via factory method to bean named &apos;org.springframework.web.context.support.AnnotationConfigWebApplicationContext@45d46254&apos;
19:41:54.259 [main] DEBUG org.springframework.beans.factory.support.DefaultListableBeanFactory - Eagerly caching bean &apos;enableGlobalAuthenticationAutowiredConfigurer&apos; to allow for resolving potential circular references
19:41:54.264 [main] DEBUG org.springframework.beans.factory.support.DefaultListableBeanFactory - Finished creating instance of bean &apos;enableGlobalAuthenticationAutowiredConfigurer&apos;
19:41:54.265 [main] DEBUG org.springframework.beans.factory.support.DefaultListableBeanFactory - Creating shared instance of singleton bean &apos;initializeUserDetailsBeanManagerConfigurer&apos;
19:41:54.265 [main] DEBUG org.springframework.beans.factory.support.DefaultListableBeanFactory - Creating instance of bean &apos;initializeUserDetailsBeanManagerConfigurer&apos;
19:41:54.266 [main] DEBUG org.springframework.beans.factory.support.DefaultListableBeanFactory - Autowiring by type from bean name &apos;initializeUserDetailsBeanManagerConfigurer&apos; via factory method to bean named &apos;org.springframework.web.context.support.AnnotationConfigWebApplicationContext@45d46254&apos;
19:41:54.267 [main] DEBUG org.springframework.beans.factory.support.DefaultListableBeanFactory - Eagerly caching bean &apos;initializeUserDetailsBeanManagerConfigurer&apos; to allow for resolving potential circular references
19:41:54.270 [main] DEBUG org.springframework.beans.factory.support.DefaultListableBeanFactory - Finished creating instance of bean &apos;initializeUserDetailsBeanManagerConfigurer&apos;
19:41:54.270 [main] DEBUG org.springframework.beans.factory.support.DefaultListableBeanFactory - Creating shared instance of singleton bean &apos;initializeAuthenticationProviderBeanManagerConfigurer&apos;
19:41:54.270 [main] DEBUG org.springframework.beans.factory.support.DefaultListableBeanFactory - Creating instance of bean &apos;initializeAuthenticationProviderBeanManagerConfigurer&apos;
19:41:54.271 [main] DEBUG org.springframework.beans.factory.support.DefaultListableBeanFactory - Autowiring by type from bean name &apos;initializeAuthenticationProviderBeanManagerConfigurer&apos; via factory method to bean named &apos;org.springframework.web.context.support.AnnotationConfigWebApplicationContext@45d46254&apos;
19:41:54.273 [main] DEBUG org.springframework.beans.factory.support.DefaultListableBeanFactory - Eagerly caching bean &apos;initializeAuthenticationProviderBeanManagerConfigurer&apos; to allow for resolving potential circular references
19:41:54.275 [main] DEBUG org.springframework.beans.factory.support.DefaultListableBeanFactory - Finished creating instance of bean &apos;initializeAuthenticationProviderBeanManagerConfigurer&apos;
19:41:54.293 [main] DEBUG org.springframework.beans.factory.annotation.AutowiredAnnotationBeanPostProcessor - Autowiring by type from bean name &apos;authenticationConfiguration&apos; to bean named &apos;enableGlobalAuthenticationAutowiredConfigurer&apos;
19:41:54.294 [main] DEBUG org.springframework.beans.factory.annotation.AutowiredAnnotationBeanPostProcessor - Autowiring by type from bean name &apos;authenticationConfiguration&apos; to bean named &apos;initializeUserDetailsBeanManagerConfigurer&apos;
19:41:54.294 [main] DEBUG org.springframework.beans.factory.annotation.AutowiredAnnotationBeanPostProcessor - Autowiring by type from bean name &apos;authenticationConfiguration&apos; to bean named &apos;initializeAuthenticationProviderBeanManagerConfigurer&apos;
19:41:54.294 [main] DEBUG org.springframework.beans.factory.annotation.InjectionMetadata - Processing injected element of bean &apos;authenticationConfiguration&apos;: AutowiredMethodElement for public void org.springframework.security.config.annotation.authentication.configuration.AuthenticationConfiguration.setApplicationContext(org.springframework.context.ApplicationContext)
19:41:54.295 [main] DEBUG org.springframework.beans.factory.annotation.AutowiredAnnotationBeanPostProcessor - Autowiring by type from bean name &apos;authenticationConfiguration&apos; to bean named &apos;org.springframework.web.context.support.AnnotationConfigWebApplicationContext@45d46254&apos;
19:41:54.295 [main] DEBUG org.springframework.beans.factory.annotation.InjectionMetadata - Processing injected element of bean &apos;authenticationConfiguration&apos;: AutowiredMethodElement for public void org.springframework.security.config.annotation.authentication.configuration.AuthenticationConfiguration.setObjectPostProcessor(org.springframework.security.config.annotation.ObjectPostProcessor)
19:41:54.298 [main] DEBUG org.springframework.beans.factory.support.DefaultListableBeanFactory - Creating shared instance of singleton bean &apos;objectPostProcessor&apos;
19:41:54.298 [main] DEBUG org.springframework.beans.factory.support.DefaultListableBeanFactory - Creating instance of bean &apos;objectPostProcessor&apos;
19:41:54.298 [main] DEBUG org.springframework.beans.factory.support.DefaultListableBeanFactory - Returning cached instance of singleton bean &apos;objectPostProcessorConfiguration&apos;
19:41:54.300 [main] DEBUG org.springframework.beans.factory.support.DefaultListableBeanFactory - Autowiring by type from bean name &apos;objectPostProcessor&apos; via factory method to bean named &apos;org.springframework.beans.factory.support.DefaultListableBeanFactory@3b18009f&apos;
19:41:54.333 [main] DEBUG org.springframework.beans.factory.support.DefaultListableBeanFactory - Eagerly caching bean &apos;objectPostProcessor&apos; to allow for resolving potential circular references
19:41:54.340 [main] DEBUG org.springframework.beans.factory.support.DefaultListableBeanFactory - Finished creating instance of bean &apos;objectPostProcessor&apos;
19:41:54.340 [main] DEBUG org.springframework.beans.factory.annotation.AutowiredAnnotationBeanPostProcessor - Autowiring by type from bean name &apos;authenticationConfiguration&apos; to bean named &apos;objectPostProcessor&apos;
19:41:54.341 [main] DEBUG org.springframework.beans.factory.support.DefaultListableBeanFactory - Finished creating instance of bean &apos;authenticationConfiguration&apos;
19:41:54.342 [main] DEBUG org.springframework.beans.factory.support.DefaultListableBeanFactory - Creating shared instance of singleton bean &apos;webSecurityConfiguration&apos;
19:41:54.342 [main] DEBUG org.springframework.beans.factory.support.DefaultListableBeanFactory - Creating instance of bean &apos;webSecurityConfiguration&apos;
19:41:54.354 [main] DEBUG org.springframework.beans.factory.annotation.InjectionMetadata - Registered injected element on class [org.springframework.security.config.annotation.web.configuration.WebSecurityConfiguration$$EnhancerBySpringCGLIB$$b053a334]: AutowiredFieldElement for private org.springframework.security.config.annotation.ObjectPostProcessor org.springframework.security.config.annotation.web.configuration.WebSecurityConfiguration.objectObjectPostProcessor
19:41:54.354 [main] DEBUG org.springframework.beans.factory.annotation.InjectionMetadata - Registered injected element on class [org.springframework.security.config.annotation.web.configuration.WebSecurityConfiguration$$EnhancerBySpringCGLIB$$b053a334]: AutowiredMethodElement for public void org.springframework.security.config.annotation.web.configuration.WebSecurityConfiguration.setFilterChainProxySecurityConfigurer(org.springframework.security.config.annotation.ObjectPostProcessor,java.util.List) throws java.lang.Exception
19:41:54.355 [main] DEBUG org.springframework.beans.factory.support.DefaultListableBeanFactory - Eagerly caching bean &apos;webSecurityConfiguration&apos; to allow for resolving potential circular references
19:41:54.355 [main] DEBUG org.springframework.beans.factory.annotation.InjectionMetadata - Processing injected element of bean &apos;webSecurityConfiguration&apos;: AutowiredFieldElement for private org.springframework.security.config.annotation.ObjectPostProcessor org.springframework.security.config.annotation.web.configuration.WebSecurityConfiguration.objectObjectPostProcessor
19:41:54.357 [main] DEBUG org.springframework.beans.factory.support.DefaultListableBeanFactory - Returning cached instance of singleton bean &apos;objectPostProcessor&apos;
19:41:54.358 [main] DEBUG org.springframework.beans.factory.annotation.AutowiredAnnotationBeanPostProcessor - Autowiring by type from bean name &apos;webSecurityConfiguration&apos; to bean named &apos;objectPostProcessor&apos;
19:41:54.358 [main] DEBUG org.springframework.beans.factory.annotation.InjectionMetadata - Processing injected element of bean &apos;webSecurityConfiguration&apos;: AutowiredMethodElement for public void org.springframework.security.config.annotation.web.configuration.WebSecurityConfiguration.setFilterChainProxySecurityConfigurer(org.springframework.security.config.annotation.ObjectPostProcessor,java.util.List) throws java.lang.Exception
19:41:54.360 [main] DEBUG org.springframework.beans.factory.support.DefaultListableBeanFactory - Returning cached instance of singleton bean &apos;objectPostProcessor&apos;
19:41:54.436 [main] DEBUG org.springframework.beans.factory.support.DefaultListableBeanFactory - Creating shared instance of singleton bean &apos;autowiredWebSecurityConfigurersIgnoreParents&apos;
19:41:54.436 [main] DEBUG org.springframework.beans.factory.support.DefaultListableBeanFactory - Creating instance of bean &apos;autowiredWebSecurityConfigurersIgnoreParents&apos;
19:41:54.439 [main] DEBUG org.springframework.beans.factory.support.DefaultListableBeanFactory - Autowiring by type from bean name &apos;autowiredWebSecurityConfigurersIgnoreParents&apos; via factory method to bean named &apos;org.springframework.beans.factory.support.DefaultListableBeanFactory@3b18009f&apos;
19:41:54.440 [main] DEBUG org.springframework.beans.factory.support.DefaultListableBeanFactory - Eagerly caching bean &apos;autowiredWebSecurityConfigurersIgnoreParents&apos; to allow for resolving potential circular references
19:41:54.443 [main] DEBUG org.springframework.beans.factory.support.DefaultListableBeanFactory - Finished creating instance of bean &apos;autowiredWebSecurityConfigurersIgnoreParents&apos;
19:41:54.515 [main] DEBUG org.springframework.beans.factory.support.DefaultListableBeanFactory - Creating shared instance of singleton bean &apos;com.kakawait.spring.boot.security.cas.CasSecurityAutoConfiguration$CasLoginSecurityConfiguration&apos;
19:41:54.515 [main] DEBUG org.springframework.beans.factory.support.DefaultListableBeanFactory - Creating instance of bean &apos;com.kakawait.spring.boot.security.cas.CasSecurityAutoConfiguration$CasLoginSecurityConfiguration&apos;
19:41:54.518 [main] DEBUG org.springframework.beans.factory.support.DefaultListableBeanFactory - Creating shared instance of singleton bean &apos;security.cas-com.kakawait.spring.boot.security.cas.CasSecurityProperties&apos;
19:41:54.518 [main] DEBUG org.springframework.beans.factory.support.DefaultListableBeanFactory - Creating instance of bean &apos;security.cas-com.kakawait.spring.boot.security.cas.CasSecurityProperties&apos;
19:41:54.537 [main] DEBUG org.springframework.beans.factory.support.DefaultListableBeanFactory - Eagerly caching bean &apos;security.cas-com.kakawait.spring.boot.security.cas.CasSecurityProperties&apos; to allow for resolving potential circular references
19:41:54.570 [main] DEBUG org.springframework.beans.factory.support.DefaultListableBeanFactory - Creating instance of bean &apos;org.springframework.boot.context.properties.ConversionServiceDeducer$Factory&apos;
19:41:54.576 [main] DEBUG org.springframework.beans.factory.annotation.InjectionMetadata - Registered injected element on class [org.springframework.boot.context.properties.ConversionServiceDeducer$Factory]: AutowiredMethodElement for public void org.springframework.boot.context.properties.ConversionServiceDeducer$Factory.setConverters(java.util.List)
19:41:54.576 [main] DEBUG org.springframework.beans.factory.annotation.InjectionMetadata - Registered injected element on class [org.springframework.boot.context.properties.ConversionServiceDeducer$Factory]: AutowiredMethodElement for public void org.springframework.boot.context.properties.ConversionServiceDeducer$Factory.setGenericConverters(java.util.List)
19:41:54.576 [main] DEBUG org.springframework.beans.factory.annotation.InjectionMetadata - Processing injected element of bean &apos;org.springframework.boot.context.properties.ConversionServiceDeducer$Factory&apos;: AutowiredMethodElement for public void org.springframework.boot.context.properties.ConversionServiceDeducer$Factory.setConverters(java.util.List)
19:41:54.580 [main] DEBUG org.springframework.beans.factory.annotation.InjectionMetadata - Processing injected element of bean &apos;org.springframework.boot.context.properties.ConversionServiceDeducer$Factory&apos;: AutowiredMethodElement for public void org.springframework.boot.context.properties.ConversionServiceDeducer$Factory.setGenericConverters(java.util.List)
19:41:54.582 [main] DEBUG org.springframework.beans.factory.support.DefaultListableBeanFactory - Finished creating instance of bean &apos;org.springframework.boot.context.properties.ConversionServiceDeducer$Factory&apos;
19:41:54.780 [main] DEBUG org.springframework.beans.factory.support.DefaultListableBeanFactory - Finished creating instance of bean &apos;security.cas-com.kakawait.spring.boot.security.cas.CasSecurityProperties&apos;
19:41:54.780 [main] DEBUG org.springframework.beans.factory.support.DefaultListableBeanFactory - Autowiring by type from bean name &apos;com.kakawait.spring.boot.security.cas.CasSecurityAutoConfiguration$CasLoginSecurityConfiguration&apos; via constructor to bean named &apos;security.cas-com.kakawait.spring.boot.security.cas.CasSecurityProperties&apos;
19:41:54.796 [main] DEBUG org.springframework.beans.factory.annotation.InjectionMetadata - Registered injected element on class [com.kakawait.spring.boot.security.cas.CasSecurityAutoConfiguration$CasLoginSecurityConfiguration]: AutowiredMethodElement for public void org.springframework.security.config.annotation.web.configuration.WebSecurityConfigurerAdapter.setApplicationContext(org.springframework.context.ApplicationContext)
19:41:54.796 [main] DEBUG org.springframework.beans.factory.annotation.InjectionMetadata - Registered injected element on class [com.kakawait.spring.boot.security.cas.CasSecurityAutoConfiguration$CasLoginSecurityConfiguration]: AutowiredMethodElement for public void org.springframework.security.config.annotation.web.configuration.WebSecurityConfigurerAdapter.setObjectPostProcessor(org.springframework.security.config.annotation.ObjectPostProcessor)
19:41:54.796 [main] DEBUG org.springframework.beans.factory.annotation.InjectionMetadata - Registered injected element on class [com.kakawait.spring.boot.security.cas.CasSecurityAutoConfiguration$CasLoginSecurityConfiguration]: AutowiredMethodElement for public void org.springframework.security.config.annotation.web.configuration.WebSecurityConfigurerAdapter.setTrustResolver(org.springframework.security.authentication.AuthenticationTrustResolver)
19:41:54.796 [main] DEBUG org.springframework.beans.factory.annotation.InjectionMetadata - Registered injected element on class [com.kakawait.spring.boot.security.cas.CasSecurityAutoConfiguration$CasLoginSecurityConfiguration]: AutowiredMethodElement for public void org.springframework.security.config.annotation.web.configuration.WebSecurityConfigurerAdapter.setContentNegotationStrategy(org.springframework.web.accept.ContentNegotiationStrategy)
19:41:54.796 [main] DEBUG org.springframework.beans.factory.annotation.InjectionMetadata - Registered injected element on class [com.kakawait.spring.boot.security.cas.CasSecurityAutoConfiguration$CasLoginSecurityConfiguration]: AutowiredMethodElement for public void org.springframework.security.config.annotation.web.configuration.WebSecurityConfigurerAdapter.setAuthenticationConfiguration(org.springframework.security.config.annotation.authentication.configuration.AuthenticationConfiguration)
19:41:54.796 [main] DEBUG org.springframework.beans.factory.support.DefaultListableBeanFactory - Eagerly caching bean &apos;com.kakawait.spring.boot.security.cas.CasSecurityAutoConfiguration$CasLoginSecurityConfiguration&apos; to allow for resolving potential circular references
19:41:54.797 [main] DEBUG org.springframework.beans.factory.annotation.InjectionMetadata - Processing injected element of bean &apos;com.kakawait.spring.boot.security.cas.CasSecurityAutoConfiguration$CasLoginSecurityConfiguration&apos;: AutowiredMethodElement for public void org.springframework.security.config.annotation.web.configuration.WebSecurityConfigurerAdapter.setApplicationContext(org.springframework.context.ApplicationContext)
19:41:54.798 [main] DEBUG org.springframework.beans.factory.annotation.AutowiredAnnotationBeanPostProcessor - Autowiring by type from bean name &apos;com.kakawait.spring.boot.security.cas.CasSecurityAutoConfiguration$CasLoginSecurityConfiguration&apos; to bean named &apos;org.springframework.web.context.support.AnnotationConfigWebApplicationContext@45d46254&apos;
19:41:54.800 [main] DEBUG org.springframework.beans.factory.support.DefaultListableBeanFactory - Returning cached instance of singleton bean &apos;objectPostProcessor&apos;
19:41:54.802 [main] DEBUG org.springframework.beans.factory.annotation.InjectionMetadata - Processing injected element of bean &apos;com.kakawait.spring.boot.security.cas.CasSecurityAutoConfiguration$CasLoginSecurityConfiguration&apos;: AutowiredMethodElement for public void org.springframework.security.config.annotation.web.configuration.WebSecurityConfigurerAdapter.setObjectPostProcessor(org.springframework.security.config.annotation.ObjectPostProcessor)
19:41:54.803 [main] DEBUG org.springframework.beans.factory.support.DefaultListableBeanFactory - Returning cached instance of singleton bean &apos;objectPostProcessor&apos;
19:41:54.804 [main] DEBUG org.springframework.beans.factory.annotation.AutowiredAnnotationBeanPostProcessor - Autowiring by type from bean name &apos;com.kakawait.spring.boot.security.cas.CasSecurityAutoConfiguration$CasLoginSecurityConfiguration&apos; to bean named &apos;objectPostProcessor&apos;
19:41:54.804 [main] DEBUG org.springframework.beans.factory.annotation.InjectionMetadata - Processing injected element of bean &apos;com.kakawait.spring.boot.security.cas.CasSecurityAutoConfiguration$CasLoginSecurityConfiguration&apos;: AutowiredMethodElement for public void org.springframework.security.config.annotation.web.configuration.WebSecurityConfigurerAdapter.setTrustResolver(org.springframework.security.authentication.AuthenticationTrustResolver)
19:41:54.805 [main] DEBUG org.springframework.beans.factory.annotation.InjectionMetadata - Processing injected element of bean &apos;com.kakawait.spring.boot.security.cas.CasSecurityAutoConfiguration$CasLoginSecurityConfiguration&apos;: AutowiredMethodElement for public void org.springframework.security.config.annotation.web.configuration.WebSecurityConfigurerAdapter.setContentNegotationStrategy(org.springframework.web.accept.ContentNegotiationStrategy)
19:41:54.806 [main] DEBUG org.springframework.beans.factory.annotation.InjectionMetadata - Processing injected element of bean &apos;com.kakawait.spring.boot.security.cas.CasSecurityAutoConfiguration$CasLoginSecurityConfiguration&apos;: AutowiredMethodElement for public void org.springframework.security.config.annotation.web.configuration.WebSecurityConfigurerAdapter.setAuthenticationConfiguration(org.springframework.security.config.annotation.authentication.configuration.AuthenticationConfiguration)
19:41:54.808 [main] DEBUG org.springframework.beans.factory.support.DefaultListableBeanFactory - Returning cached instance of singleton bean &apos;authenticationConfiguration&apos;
19:41:54.808 [main] DEBUG org.springframework.beans.factory.annotation.AutowiredAnnotationBeanPostProcessor - Autowiring by type from bean name &apos;com.kakawait.spring.boot.security.cas.CasSecurityAutoConfiguration$CasLoginSecurityConfiguration&apos; to bean named &apos;authenticationConfiguration&apos;
19:41:54.808 [main] DEBUG org.springframework.beans.factory.support.DefaultListableBeanFactory - Finished creating instance of bean &apos;com.kakawait.spring.boot.security.cas.CasSecurityAutoConfiguration$CasLoginSecurityConfiguration&apos;
19:41:54.815 [main] DEBUG org.springframework.beans.factory.annotation.AutowiredAnnotationBeanPostProcessor - Autowiring by type from bean name &apos;webSecurityConfiguration&apos; to bean named &apos;objectPostProcessor&apos;
19:41:54.839 [main] DEBUG org.springframework.beans.factory.support.DefaultListableBeanFactory - Returning cached instance of singleton bean &apos;org.springframework.context.annotation.ConfigurationClassPostProcessor.importRegistry&apos;
19:41:54.840 [main] DEBUG org.springframework.beans.factory.support.DefaultListableBeanFactory - Finished creating instance of bean &apos;webSecurityConfiguration&apos;
19:41:54.840 [main] DEBUG org.springframework.beans.factory.support.DefaultListableBeanFactory - Creating shared instance of singleton bean &apos;casSecurityAutoConfiguration&apos;
19:41:54.840 [main] DEBUG org.springframework.beans.factory.support.DefaultListableBeanFactory - Creating instance of bean &apos;casSecurityAutoConfiguration&apos;
19:41:54.842 [main] DEBUG org.springframework.beans.factory.support.DefaultListableBeanFactory - Eagerly caching bean &apos;casSecurityAutoConfiguration&apos; to allow for resolving potential circular references
19:41:54.846 [main] DEBUG org.springframework.beans.factory.support.DefaultListableBeanFactory - Finished creating instance of bean &apos;casSecurityAutoConfiguration&apos;
19:41:54.847 [main] DEBUG org.springframework.beans.factory.support.DefaultListableBeanFactory - Creating shared instance of singleton bean &apos;authenticationManager&apos;
19:41:54.847 [main] DEBUG org.springframework.beans.factory.support.DefaultListableBeanFactory - Creating instance of bean &apos;authenticationManager&apos;
19:41:54.847 [main] DEBUG org.springframework.beans.factory.support.DefaultListableBeanFactory - Returning cached instance of singleton bean &apos;casSecurityAutoConfigurationTest.DummyAuthenticationManagerConfiguration&apos;
19:41:54.850 [main] DEBUG org.springframework.beans.factory.support.DefaultListableBeanFactory - Eagerly caching bean &apos;authenticationManager&apos; to allow for resolving potential circular references
19:41:54.853 [main] DEBUG org.springframework.beans.factory.support.DefaultListableBeanFactory - Finished creating instance of bean &apos;authenticationManager&apos;
19:41:54.853 [main] DEBUG org.springframework.beans.factory.support.DefaultListableBeanFactory - Creating shared instance of singleton bean &apos;spring.security-org.springframework.boot.autoconfigure.security.SecurityProperties&apos;
19:41:54.854 [main] DEBUG org.springframework.beans.factory.support.DefaultListableBeanFactory - Creating instance of bean &apos;spring.security-org.springframework.boot.autoconfigure.security.SecurityProperties&apos;
19:41:54.855 [main] DEBUG org.springframework.beans.factory.support.DefaultListableBeanFactory - Eagerly caching bean &apos;spring.security-org.springframework.boot.autoconfigure.security.SecurityProperties&apos; to allow for resolving potential circular references
19:41:54.860 [main] DEBUG org.springframework.beans.factory.support.DefaultListableBeanFactory - Finished creating instance of bean &apos;spring.security-org.springframework.boot.autoconfigure.security.SecurityProperties&apos;
19:41:54.860 [main] DEBUG org.springframework.beans.factory.support.DefaultListableBeanFactory - Returning cached instance of singleton bean &apos;org.springframework.boot.context.properties.ConfigurationPropertiesBindingPostProcessor&apos;
19:41:54.860 [main] DEBUG org.springframework.beans.factory.support.DefaultListableBeanFactory - Returning cached instance of singleton bean &apos;org.springframework.boot.context.properties.ConfigurationBeanFactoryMetadata&apos;
19:41:54.860 [main] DEBUG org.springframework.beans.factory.support.DefaultListableBeanFactory - Returning cached instance of singleton bean &apos;objectPostProcessor&apos;
19:41:54.860 [main] DEBUG org.springframework.beans.factory.support.DefaultListableBeanFactory - Creating shared instance of singleton bean &apos;authenticationManagerBuilder&apos;
19:41:54.861 [main] DEBUG org.springframework.beans.factory.support.DefaultListableBeanFactory - Creating instance of bean &apos;authenticationManagerBuilder&apos;
19:41:54.861 [main] DEBUG org.springframework.beans.factory.support.DefaultListableBeanFactory - Returning cached instance of singleton bean &apos;authenticationConfiguration&apos;
19:41:54.862 [main] DEBUG org.springframework.beans.factory.support.DefaultListableBeanFactory - Returning cached instance of singleton bean &apos;objectPostProcessor&apos;
19:41:54.862 [main] DEBUG org.springframework.beans.factory.support.DefaultListableBeanFactory - Autowiring by type from bean name &apos;authenticationManagerBuilder&apos; via factory method to bean named &apos;objectPostProcessor&apos;
19:41:54.862 [main] DEBUG org.springframework.beans.factory.support.DefaultListableBeanFactory - Autowiring by type from bean name &apos;authenticationManagerBuilder&apos; via factory method to bean named &apos;org.springframework.web.context.support.AnnotationConfigWebApplicationContext@45d46254&apos;
19:41:54.884 [main] DEBUG org.springframework.beans.factory.support.DefaultListableBeanFactory - Eagerly caching bean &apos;authenticationManagerBuilder&apos; to allow for resolving potential circular references
19:41:54.891 [main] DEBUG org.springframework.beans.factory.support.DefaultListableBeanFactory - Finished creating instance of bean &apos;authenticationManagerBuilder&apos;
19:41:54.891 [main] DEBUG org.springframework.beans.factory.support.DefaultListableBeanFactory - Returning cached instance of singleton bean &apos;enableGlobalAuthenticationAutowiredConfigurer&apos;
19:41:54.892 [main] DEBUG org.springframework.beans.factory.support.DefaultListableBeanFactory - Returning cached instance of singleton bean &apos;initializeUserDetailsBeanManagerConfigurer&apos;
19:41:54.892 [main] DEBUG org.springframework.beans.factory.support.DefaultListableBeanFactory - Returning cached instance of singleton bean &apos;initializeAuthenticationProviderBeanManagerConfigurer&apos;
19:41:54.892 [main] DEBUG org.springframework.beans.factory.support.DefaultListableBeanFactory - Creating shared instance of singleton bean &apos;delegatingApplicationListener&apos;
19:41:54.892 [main] DEBUG org.springframework.beans.factory.support.DefaultListableBeanFactory - Creating instance of bean &apos;delegatingApplicationListener&apos;
19:41:54.894 [main] DEBUG org.springframework.beans.factory.support.DefaultListableBeanFactory - Eagerly caching bean &apos;delegatingApplicationListener&apos; to allow for resolving potential circular references
19:41:54.900 [main] DEBUG org.springframework.beans.factory.support.DefaultListableBeanFactory - Finished creating instance of bean &apos;delegatingApplicationListener&apos;
19:41:54.900 [main] DEBUG org.springframework.beans.factory.support.DefaultListableBeanFactory - Creating shared instance of singleton bean &apos;springSecurityFilterChain&apos;
19:41:54.900 [main] DEBUG org.springframework.beans.factory.support.DefaultListableBeanFactory - Creating instance of bean &apos;springSecurityFilterChain&apos;
19:41:54.901 [main] DEBUG org.springframework.beans.factory.support.DefaultListableBeanFactory - Returning cached instance of singleton bean &apos;webSecurityConfiguration&apos;
19:41:54.934 [main] DEBUG org.springframework.security.config.annotation.authentication.configuration.AuthenticationConfiguration$EnableGlobalAuthenticationAutowiredConfigurer - Eagerly initializing {}
19:41:54.937 [main] DEBUG org.springframework.security.config.annotation.authentication.configuration.AuthenticationConfiguration$DefaultPasswordEncoderAuthenticationManagerBuilder - No authenticationProviders and no parentAuthenticationManager defined. Returning null.
19:41:54.983 [main] DEBUG org.springframework.aop.framework.ProxyFactoryBean - Advice has changed; recaching singleton instance
19:41:54.987 [main] DEBUG org.springframework.aop.framework.JdkDynamicAopProxy - Creating JDK dynamic proxy: target source is LazyInitTargetSource for target bean &apos;authenticationManager&apos; of type [com.kakawait.spring.boot.security.cas.CasSecurityAutoConfigurationTest$DummyAuthenticationManagerConfiguration$$Lambda$118/854632898]
19:41:54.992 [main] DEBUG org.springframework.beans.factory.support.DefaultListableBeanFactory - Returning cached instance of singleton bean &apos;authenticationManagerBuilder&apos;
19:41:55.061 [main] DEBUG org.springframework.beans.factory.support.DefaultListableBeanFactory - Creating instance of bean &apos;com.kakawait.spring.boot.security.cas.CasHttpSecurityConfigurer$CasHttpSecurityConfigurerAdapter&apos;
19:41:55.065 [main] DEBUG org.springframework.beans.factory.support.DefaultListableBeanFactory - Creating shared instance of singleton bean &apos;com.kakawait.spring.boot.security.cas.CasSecurityAutoConfiguration$DefaultCasSecurityConfigurerAdapter&apos;
19:41:55.065 [main] DEBUG org.springframework.beans.factory.support.DefaultListableBeanFactory - Creating instance of bean &apos;com.kakawait.spring.boot.security.cas.CasSecurityAutoConfiguration$DefaultCasSecurityConfigurerAdapter&apos;
19:41:55.067 [main] DEBUG org.springframework.beans.factory.support.DefaultListableBeanFactory - Returning cached instance of singleton bean &apos;security.cas-com.kakawait.spring.boot.security.cas.CasSecurityProperties&apos;
19:41:55.068 [main] DEBUG org.springframework.beans.factory.support.DefaultListableBeanFactory - Creating shared instance of singleton bean &apos;defaultRolesAuthenticationUserDetailsService&apos;
19:41:55.068 [main] DEBUG org.springframework.beans.factory.support.DefaultListableBeanFactory - Creating instance of bean &apos;defaultRolesAuthenticationUserDetailsService&apos;
19:41:55.068 [main] DEBUG org.springframework.beans.factory.support.DefaultListableBeanFactory - Creating shared instance of singleton bean &apos;com.kakawait.spring.boot.security.cas.CasAssertionUserDetailsServiceConfiguration&apos;
19:41:55.068 [main] DEBUG org.springframework.beans.factory.support.DefaultListableBeanFactory - Creating instance of bean &apos;com.kakawait.spring.boot.security.cas.CasAssertionUserDetailsServiceConfiguration&apos;
19:41:55.069 [main] DEBUG org.springframework.beans.factory.support.DefaultListableBeanFactory - Eagerly caching bean &apos;com.kakawait.spring.boot.security.cas.CasAssertionUserDetailsServiceConfiguration&apos; to allow for resolving potential circular references
19:41:55.071 [main] DEBUG org.springframework.beans.factory.support.DefaultListableBeanFactory - Finished creating instance of bean &apos;com.kakawait.spring.boot.security.cas.CasAssertionUserDetailsServiceConfiguration&apos;
19:41:55.072 [main] DEBUG org.springframework.beans.factory.support.DefaultListableBeanFactory - Returning cached instance of singleton bean &apos;security.cas-com.kakawait.spring.boot.security.cas.CasSecurityProperties&apos;
19:41:55.073 [main] DEBUG org.springframework.beans.factory.support.DefaultListableBeanFactory - Autowiring by type from bean name &apos;defaultRolesAuthenticationUserDetailsService&apos; via factory method to bean named &apos;security.cas-com.kakawait.spring.boot.security.cas.CasSecurityProperties&apos;
19:41:55.077 [main] DEBUG org.springframework.beans.factory.support.DefaultListableBeanFactory - Eagerly caching bean &apos;defaultRolesAuthenticationUserDetailsService&apos; to allow for resolving potential circular references
19:41:55.081 [main] DEBUG org.springframework.beans.factory.support.DefaultListableBeanFactory - Finished creating instance of bean &apos;defaultRolesAuthenticationUserDetailsService&apos;
19:41:55.082 [main] DEBUG org.springframework.beans.factory.support.DefaultListableBeanFactory - Creating shared instance of singleton bean &apos;serviceAuthenticationDetailsSource&apos;
19:41:55.082 [main] DEBUG org.springframework.beans.factory.support.DefaultListableBeanFactory - Creating instance of bean &apos;serviceAuthenticationDetailsSource&apos;
19:41:55.083 [main] DEBUG org.springframework.beans.factory.support.DefaultListableBeanFactory - Creating shared instance of singleton bean &apos;com.kakawait.spring.boot.security.cas.CasSecurityAutoConfiguration$StaticCasSecurityConfiguration&apos;
19:41:55.083 [main] DEBUG org.springframework.beans.factory.support.DefaultListableBeanFactory - Creating instance of bean &apos;com.kakawait.spring.boot.security.cas.CasSecurityAutoConfiguration$StaticCasSecurityConfiguration&apos;
19:41:55.084 [main] DEBUG org.springframework.beans.factory.support.DefaultListableBeanFactory - Returning cached instance of singleton bean &apos;security.cas-com.kakawait.spring.boot.security.cas.CasSecurityProperties&apos;
19:41:55.084 [main] DEBUG org.springframework.beans.factory.support.DefaultListableBeanFactory - Creating shared instance of singleton bean &apos;serviceProperties&apos;
19:41:55.084 [main] DEBUG org.springframework.beans.factory.support.DefaultListableBeanFactory - Creating instance of bean &apos;serviceProperties&apos;
19:41:55.085 [main] DEBUG org.springframework.beans.factory.support.DefaultListableBeanFactory - Returning cached instance of singleton bean &apos;casSecurityAutoConfiguration&apos;
19:41:55.086 [main] DEBUG org.springframework.beans.factory.support.DefaultListableBeanFactory - Returning cached instance of singleton bean &apos;security.cas-com.kakawait.spring.boot.security.cas.CasSecurityProperties&apos;
19:41:55.086 [main] DEBUG org.springframework.beans.factory.support.DefaultListableBeanFactory - Autowiring by type from bean name &apos;serviceProperties&apos; via factory method to bean named &apos;security.cas-com.kakawait.spring.boot.security.cas.CasSecurityProperties&apos;
19:41:55.106 [main] DEBUG org.springframework.beans.factory.support.DefaultListableBeanFactory - Retrieved dependent beans for bean &apos;springSecurityFilterChain&apos;: [webSecurityExpressionHandler]
19:41:55.107 [main] WARN org.springframework.web.context.support.AnnotationConfigWebApplicationContext - Exception encountered during context initialization - cancelling refresh attempt: org.springframework.beans.factory.BeanCreationException: Error creating bean with name &apos;springSecurityFilterChain&apos; defined in org.springframework.security.config.annotation.web.configuration.WebSecurityConfiguration: Bean instantiation via factory method failed; nested exception is org.springframework.beans.BeanInstantiationException: Failed to instantiate [javax.servlet.Filter]: Factory method &apos;springSecurityFilterChain&apos; threw exception; nested exception is org.springframework.beans.factory.UnsatisfiedDependencyException: Error creating bean with name &apos;com.kakawait.spring.boot.security.cas.CasHttpSecurityConfigurer$CasHttpSecurityConfigurerAdapter&apos;: Unsatisfied dependency expressed through constructor parameter 0; nested exception is org.springframework.beans.factory.UnsatisfiedDependencyException: Error creating bean with name &apos;com.kakawait.spring.boot.security.cas.CasSecurityAutoConfiguration$DefaultCasSecurityConfigurerAdapter&apos;: Unsatisfied dependency expressed through constructor parameter 2; nested exception is org.springframework.beans.factory.UnsatisfiedDependencyException: Error creating bean with name &apos;com.kakawait.spring.boot.security.cas.CasSecurityAutoConfiguration$StaticCasSecurityConfiguration&apos;: Unsatisfied dependency expressed through constructor parameter 1; nested exception is org.springframework.beans.factory.BeanCreationException: Error creating bean with name &apos;serviceProperties&apos; defined in com.kakawait.spring.boot.security.cas.CasSecurityAutoConfiguration: Bean instantiation via factory method failed; nested exception is org.springframework.beans.BeanInstantiationException: Failed to instantiate [org.springframework.security.cas.ServiceProperties]: Factory method &apos;serviceProperties&apos; threw exception; nested exception is java.lang.IllegalArgumentException: Cas service base url must not be null (ref property security.cas.service.base-url)
19:41:55.107 [main] DEBUG org.springframework.beans.factory.support.DefaultListableBeanFactory - Destroying singletons in org.springframework.beans.factory.support.DefaultListableBeanFactory@3b18009f: defining beans [org.springframework.context.annotation.internalConfigurationAnnotationProcessor,org.springframework.context.annotation.internalAutowiredAnnotationProcessor,org.springframework.context.annotation.internalRequiredAnnotationProcessor,org.springframework.context.annotation.internalCommonAnnotationProcessor,org.springframework.context.event.internalEventListenerProcessor,org.springframework.context.event.internalEventListenerFactory,casSecurityAutoConfigurationTest.EmptyConfiguration,casSecurityAutoConfigurationTest.DummyAuthenticationManagerConfiguration,securityFilterAutoConfiguration,objectPostProcessorConfiguration,authenticationConfiguration,webSecurityConfiguration,casSecurityAutoConfiguration,authenticationManager,spring.security-org.springframework.boot.autoconfigure.security.SecurityProperties,org.springframework.boot.context.properties.ConfigurationPropertiesBindingPostProcessor,org.springframework.boot.context.properties.ConfigurationBeanFactoryMetadata,objectPostProcessor,authenticationManagerBuilder,enableGlobalAuthenticationAutowiredConfigurer,initializeUserDetailsBeanManagerConfigurer,initializeAuthenticationProviderBeanManagerConfigurer,delegatingApplicationListener,webSecurityExpressionHandler,springSecurityFilterChain,privilegeEvaluator,autowiredWebSecurityConfigurersIgnoreParents,com.kakawait.spring.boot.security.cas.CasSecurityAutoConfiguration$StaticCasSecurityConfiguration,org.springframework.boot.autoconfigure.condition.BeanTypeRegistry,casAuthenticationEntryPoint,serviceAuthenticationDetailsSource,casLogoutSuccessHandler,com.kakawait.spring.boot.security.cas.CasSecurityAutoConfiguration$CasLoginSecurityConfiguration,com.kakawait.spring.boot.security.cas.CasAssertionUserDetailsServiceConfiguration,defaultRolesAuthenticationUserDetailsService,com.kakawait.spring.boot.security.cas.CasTicketValidatorConfiguration,ticketValidator,com.kakawait.spring.boot.security.cas.CasSecurityAutoConfiguration$DefaultCasSecurityConfigurerAdapter,serviceProperties,proxyGrantingTicketStorage,securityContextHolderAssertionProvider,attributePrincipalProxyTicketProvider,security.cas-com.kakawait.spring.boot.security.cas.CasSecurityProperties]; root of factory hierarchy
19:41:55.107 [main] DEBUG org.springframework.beans.factory.support.DefaultListableBeanFactory - Retrieved dependent beans for bean &apos;objectPostProcessor&apos;: [authenticationConfiguration, webSecurityConfiguration, com.kakawait.spring.boot.security.cas.CasSecurityAutoConfiguration$CasLoginSecurityConfiguration, authenticationManagerBuilder]
19:41:55.107 [main] DEBUG org.springframework.beans.factory.support.DefaultListableBeanFactory - Retrieved dependent beans for bean &apos;authenticationConfiguration&apos;: [com.kakawait.spring.boot.security.cas.CasSecurityAutoConfiguration$CasLoginSecurityConfiguration]
19:41:55.108 [main] DEBUG org.springframework.beans.factory.support.DisposableBeanAdapter - Invoking destroy() on bean with name &apos;objectPostProcessor&apos;
</system-out>
  </testcase>
  <testcase classname="com.kakawait.spring.boot.security.cas.CasSecurityAutoConfigurationTest" name="autoConfigure_EmptyConfiguration_DefaultCasSecurityConfigurerAdapterBean" time="0.558"/>
  <testcase classname="com.kakawait.spring.boot.security.cas.CasSecurityAutoConfigurationTest" name="autoConfiguration_EmptyConfiguration_AttributePrincipalProxyTicketProviderBean" time="0.267"/>
  <testcase classname="com.kakawait.spring.boot.security.cas.CasSecurityAutoConfigurationTest" name="autoConfigure_DynamicMode_SpecificBeans" time="0.23"/>
  <testcase classname="com.kakawait.spring.boot.security.cas.CasSecurityAutoConfigurationTest" name="autoConfigure_DynamicModeWithoutServiceBaseUrl_NoException" time="0.234"/>
  <testcase classname="com.kakawait.spring.boot.security.cas.CasSecurityAutoConfigurationTest" name="autoConfigure_StaticMode_DefaultBeans" time="0.201"/>
  <testcase classname="com.kakawait.spring.boot.security.cas.CasSecurityAutoConfigurationTest" name="autoConfiguration_DisableProperty_SkipAutoConfiguration" time="0.182"/>
  <testcase classname="com.kakawait.spring.boot.security.cas.CasSecurityAutoConfigurationTest" name="autoConfigure_EmptyConfiguration_ProxyGrantingTicketStorageImplBean" time="0.191"/>
  <testcase classname="com.kakawait.spring.boot.security.cas.CasSecurityAutoConfigurationTest" name="autoConfigure_WithProxyCallbackPathAndCallbackUrl_AbsoluteProxyCallbackUri" time="0.181"/>
  <testcase classname="com.kakawait.spring.boot.security.cas.CasSecurityAutoConfigurationTest" name="autoConfiguration_EmptyConfiguration_SecurityContextHolderAssertionProviderBean" time="0.18"/>
  <testcase classname="com.kakawait.spring.boot.security.cas.CasSecurityAutoConfigurationTest" name="autoConfiguration_MissingCasServerBaseUrl_SkipAutoConfiguration" time="0.144"/>
  <testcase classname="com.kakawait.spring.boot.security.cas.CasSecurityAutoConfigurationTest" name="autoConfigure_WithProxyCallbackPathButWithoutCallbackUrl_RelativeProxyCallbackUri" time="0.227"/>
</testsuite>