<?xml version="1.0" encoding="UTF-8" ?>
<testsuite tests="12" failures="1" name="com.kakawait.spring.boot.security.cas.CasSecurityAutoConfigurationTest" time="7.358" errors="0" skipped="0">
  <properties>
    <property name="java.runtime.name" value="OpenJDK Runtime Environment"/>
    <property name="sun.boot.library.path" value="/usr/lib/jvm/java-8-openjdk-amd64/jre/lib/amd64"/>
    <property name="java.vm.version" value="25.121-b13"/>
    <property name="java.vm.vendor" value="Oracle Corporation"/>
    <property name="maven.multiModuleProjectDirectory" value="/root/workspace/kakawait/cas-security-spring-boot-starter/389373190"/>
    <property name="java.vendor.url" value="http://java.oracle.com/"/>
    <property name="path.separator" value=":"/>
    <property name="guice.disable.misplaced.annotation.check" value="true"/>
    <property name="skip.gulp" value="true"/>
    <property name="java.vm.name" value="OpenJDK 64-Bit Server VM"/>
    <property name="file.encoding.pkg" value="sun.io"/>
    <property name="sun.java.launcher" value="SUN_STANDARD"/>
    <property name="sun.os.patch.level" value="unknown"/>
    <property name="findbugs.skip" value="true"/>
    <property name="java.vm.specification.name" value="Java Virtual Machine Specification"/>
    <property name="user.dir" value="/root/workspace/kakawait/cas-security-spring-boot-starter/389373190"/>
    <property name="checkstyle.skip" value="true"/>
    <property name="java.runtime.version" value="1.8.0_121-8u121-b13-1~bpo8+1-b13"/>
    <property name="java.awt.graphicsenv" value="sun.awt.X11GraphicsEnvironment"/>
    <property name="skip.npm" value="true"/>
    <property name="java.endorsed.dirs" value="/usr/lib/jvm/java-8-openjdk-amd64/jre/lib/endorsed"/>
    <property name="os.arch" value="amd64"/>
    <property name="java.io.tmpdir" value="/tmp"/>
    <property name="gpg.skip" value="true"/>
    <property name="line.separator" value="
"/>
    <property name="java.vm.specification.vendor" value="Oracle Corporation"/>
    <property name="cobertura.skip" value="true"/>
    <property name="os.name" value="Linux"/>
    <property name="classworlds.conf" value="/usr/share/maven/bin/m2.conf"/>
    <property name="sun.jnu.encoding" value="UTF-8"/>
    <property name="java.library.path" value="/usr/java/packages/lib/amd64:/usr/lib/x86_64-linux-gnu/jni:/lib/x86_64-linux-gnu:/usr/lib/x86_64-linux-gnu:/usr/lib/jni:/lib:/usr/lib"/>
    <property name="license.skip" value="true"/>
    <property name="java.specification.name" value="Java Platform API Specification"/>
    <property name="java.class.version" value="52.0"/>
    <property name="sun.management.compiler" value="HotSpot 64-Bit Tiered Compilers"/>
    <property name="skip.bower" value="true"/>
    <property name="maven.repo.local" value="/root/./workspace/kakawait/cas-security-spring-boot-starter/389373190/.m2"/>
    <property name="os.version" value="3.10.0-862.3.2.el7.x86_64"/>
    <property name="user.home" value="/root"/>
    <property name="user.timezone" value="Europe/Paris"/>
    <property name="java.awt.printerjob" value="sun.print.PSPrinterJob"/>
    <property name="java.specification.version" value="1.8"/>
    <property name="file.encoding" value="UTF-8"/>
    <property name="user.name" value="root"/>
    <property name="java.class.path" value="/usr/share/maven/boot/plexus-classworlds-2.5.2.jar"/>
    <property name="skipITs" value="true"/>
    <property name="java.vm.specification.version" value="1.8"/>
    <property name="sun.arch.data.model" value="64"/>
    <property name="java.home" value="/usr/lib/jvm/java-8-openjdk-amd64/jre"/>
    <property name="sun.java.command" value="org.codehaus.plexus.classworlds.launcher.Launcher -B -D enforcer.skip=true -D dependency-check.skip=true -D skipITs=true -D cobertura.skip=true -D maven.repo.local=/root/./workspace/kakawait/cas-security-spring-boot-starter/389373190/.m2 -D rat.skip=true -D findbugs.skip=true -D skip.bower=true -D gpg.skip=true -D checkstyle.skip=true -D skip.gulp=true -D license.skip=true -D skip.npm=true test"/>
    <property name="java.specification.vendor" value="Oracle Corporation"/>
    <property name="user.language" value="en"/>
    <property name="awt.toolkit" value="sun.awt.X11.XToolkit"/>
    <property name="dependency-check.skip" value="true"/>
    <property name="java.vm.info" value="mixed mode"/>
    <property name="java.version" value="1.8.0_121"/>
    <property name="java.ext.dirs" value="/usr/lib/jvm/java-8-openjdk-amd64/jre/lib/ext:/usr/java/packages/lib/ext"/>
    <property name="securerandom.source" value="file:/dev/./urandom"/>
    <property name="sun.boot.class.path" value="/usr/lib/jvm/java-8-openjdk-amd64/jre/lib/resources.jar:/usr/lib/jvm/java-8-openjdk-amd64/jre/lib/rt.jar:/usr/lib/jvm/java-8-openjdk-amd64/jre/lib/sunrsasign.jar:/usr/lib/jvm/java-8-openjdk-amd64/jre/lib/jsse.jar:/usr/lib/jvm/java-8-openjdk-amd64/jre/lib/jce.jar:/usr/lib/jvm/java-8-openjdk-amd64/jre/lib/charsets.jar:/usr/lib/jvm/java-8-openjdk-amd64/jre/lib/jfr.jar:/usr/lib/jvm/java-8-openjdk-amd64/jre/classes"/>
    <property name="java.vendor" value="Oracle Corporation"/>
    <property name="enforcer.skip" value="true"/>
    <property name="rat.skip" value="true"/>
    <property name="maven.home" value="/usr/share/maven"/>
    <property name="file.separator" value="/"/>
    <property name="java.vendor.url.bug" value="http://bugreport.sun.com/bugreport/"/>
    <property name="sun.cpu.endian" value="little"/>
    <property name="sun.io.unicode.encoding" value="UnicodeLittle"/>
    <property name="sun.cpu.isalist" value=""/>
  </properties>
  <testcase classname="com.kakawait.spring.boot.security.cas.CasSecurityAutoConfigurationTest" name="autoConfigure_WithoutServiceBaseUrl_Exception" time="3.527">
    <failure message="
Expecting:
  &lt;org.springframework.beans.factory.BeanCreationException: Error creating bean with name &apos;springSecurityFilterChain&apos; defined in org.springframework.security.config.annotation.web.configuration.WebSecurityConfiguration: Bean instantiation via factory method failed; nested exception is org.springframework.beans.BeanInstantiationException: Failed to instantiate [javax.servlet.Filter]: Factory method &apos;springSecurityFilterChain&apos; threw exception; nested exception is org.springframework.beans.factory.UnsatisfiedDependencyException: Error creating bean with name &apos;com.kakawait.spring.boot.security.cas.CasHttpSecurityConfigurer$CasHttpSecurityConfigurerAdapter&apos;: Unsatisfied dependency expressed through constructor parameter 0; nested exception is org.springframework.beans.factory.UnsatisfiedDependencyException: Error creating bean with name &apos;com.kakawait.spring.boot.security.cas.CasSecurityAutoConfiguration$DefaultCasSecurityConfigurerAdapter&apos;: Unsatisfied dependency expressed through constructor parameter 2; nested exception is org.springframework.beans.factory.UnsatisfiedDependencyException: Error creating bean with name &apos;com.kakawait.spring.boot.security.cas.CasSecurityAutoConfiguration$StaticCasSecurityConfiguration&apos;: Unsatisfied dependency expressed through constructor parameter 1; nested exception is org.springframework.beans.factory.BeanCreationException: Error creating bean with name &apos;serviceProperties&apos; defined in com.kakawait.spring.boot.security.cas.CasSecurityAutoConfiguration: Bean instantiation via factory method failed; nested exception is org.springframework.beans.BeanInstantiationException: Failed to instantiate [org.springframework.security.cas.ServiceProperties]: Factory method &apos;serviceProperties&apos; threw exception; nested exception is java.lang.IllegalArgumentException: Cas service base url must not be null (ref property security.cas.service.base-url)&gt;
to be an instance of:
  &lt;org.springframework.beans.factory.UnsatisfiedDependencyException&gt;
but was:
  &lt;&quot;org.springframework.beans.factory.BeanCreationException: Error creating bean with name &apos;springSecurityFilterChain&apos; defined in org.springframework.security.config.annotation.web.configuration.WebSecurityConfiguration: Bean instantiation via factory method failed; nested exception is org.springframework.beans.BeanInstantiationException: Failed to instantiate [javax.servlet.Filter]: Factory method &apos;springSecurityFilterChain&apos; threw exception; nested exception is org.springframework.beans.factory.UnsatisfiedDependencyException: Error creating bean with name &apos;com.kakawait.spring.boot.security.cas.CasHttpSecurityConfigurer$CasHttpSecurityConfigurerAdapter&apos;: Unsatisfied dependency expressed through constructor parameter 0; nested exception is org.springframework.beans.factory.UnsatisfiedDependencyException: Error creating bean with name &apos;com.kakawait.spring.boot.security.cas.CasSecurityAutoConfiguration$DefaultCasSecurityConfigurerAdapter&apos;: Unsatisfied dependency expressed through constructor parameter 2; nested exception is org.springframework.beans.factory.UnsatisfiedDependencyException: Error creating bean with name &apos;com.kakawait.spring.boot.security.cas.CasSecurityAutoConfiguration$StaticCasSecurityConfiguration&apos;: Unsatisfied dependency expressed through constructor parameter 1; nested exception is org.springframework.beans.factory.BeanCreationException: Error creating bean with name &apos;serviceProperties&apos; defined in com.kakawait.spring.boot.security.cas.CasSecurityAutoConfiguration: Bean instantiation via factory method failed; nested exception is org.springframework.beans.BeanInstantiationException: Failed to instantiate [org.springframework.security.cas.ServiceProperties]: Factory method &apos;serviceProperties&apos; threw exception; nested exception is java.lang.IllegalArgumentException: Cas service base url must not be null (ref property security.cas.service.base-url)
	at org.springframework.beans.factory.support.ConstructorResolver.instantiateUsingFactoryMethod(ConstructorResolver.java:587)
	at org.springframework.beans.factory.support.AbstractAutowireCapableBeanFactory.instantiateUsingFactoryMethod(AbstractAutowireCapableBeanFactory.java:1254)
	at org.springframework.beans.factory.support.AbstractAutowireCapableBeanFactory.createBeanInstance(AbstractAutowireCapableBeanFactory.java:1103)
	at org.springframework.beans.factory.support.AbstractAutowireCapableBeanFactory.doCreateBean(AbstractAutowireCapableBeanFactory.java:541)
	at org.springframework.beans.factory.support.AbstractAutowireCapableBeanFactory.createBean(AbstractAutowireCapableBeanFactory.java:501)
	at org.springframework.beans.factory.support.AbstractBeanFactory.lambda$doGetBean$0(AbstractBeanFactory.java:317)
	at org.springframework.beans.factory.support.DefaultSingletonBeanRegistry.getSingleton(DefaultSingletonBeanRegistry.java:228)
	at org.springframework.beans.factory.support.AbstractBeanFactory.doGetBean(AbstractBeanFactory.java:315)
	at org.springframework.beans.factory.support.AbstractBeanFactory.getBean(AbstractBeanFactory.java:199)
	at org.springframework.beans.factory.support.AbstractBeanFactory.doGetBean(AbstractBeanFactory.java:304)
	at org.springframework.beans.factory.support.AbstractBeanFactory.getBean(AbstractBeanFactory.java:199)
	at org.springframework.beans.factory.support.DefaultListableBeanFactory.preInstantiateSingletons(DefaultListableBeanFactory.java:760)
	at org.springframework.context.support.AbstractApplicationContext.finishBeanFactoryInitialization(AbstractApplicationContext.java:869)
	at org.springframework.context.support.AbstractApplicationContext.refresh(AbstractApplicationContext.java:550)
	at com.kakawait.spring.boot.security.cas.CasSecurityAutoConfigurationTest.load(CasSecurityAutoConfigurationTest.java:215)
	at com.kakawait.spring.boot.security.cas.CasSecurityAutoConfigurationTest.lambda$autoConfigure_WithoutServiceBaseUrl_Exception$0(CasSecurityAutoConfigurationTest.java:83)
	at org.assertj.core.api.ThrowableAssert.catchThrowable(ThrowableAssert.java:62)
	at org.assertj.core.api.AssertionsForClassTypes.catchThrowable(AssertionsForClassTypes.java:763)
	at org.assertj.core.api.Assertions.catchThrowable(Assertions.java:1198)
	at org.assertj.core.api.Assertions.assertThatThrownBy(Assertions.java:1092)
	at com.kakawait.spring.boot.security.cas.CasSecurityAutoConfigurationTest.autoConfigure_WithoutServiceBaseUrl_Exception(CasSecurityAutoConfigurationTest.java:83)
	at sun.reflect.NativeMethodAccessorImpl.invoke0(Native Method)
	at sun.reflect.NativeMethodAccessorImpl.invoke(NativeMethodAccessorImpl.java:62)
	at sun.reflect.DelegatingMethodAccessorImpl.invoke(DelegatingMethodAccessorImpl.java:43)
	at java.lang.reflect.Method.invoke(Method.java:498)
	at org.junit.runners.model.FrameworkMethod$1.runReflectiveCall(FrameworkMethod.java:50)
	at org.junit.internal.runners.model.ReflectiveCallable.run(ReflectiveCallable.java:12)
	at org.junit.runners.model.FrameworkMethod.invokeExplosively(FrameworkMethod.java:47)
	at org.junit.internal.runners.statements.InvokeMethod.evaluate(InvokeMethod.java:17)
	at org.junit.internal.runners.statements.RunAfters.evaluate(RunAfters.java:27)
	at org.junit.runners.ParentRunner.runLeaf(ParentRunner.java:325)
	at org.junit.runners.BlockJUnit4ClassRunner.runChild(BlockJUnit4ClassRunner.java:78)
	at org.junit.runners.BlockJUnit4ClassRunner.runChild(BlockJUnit4ClassRunner.java:57)
	at org.junit.runners.ParentRunner$3.run(ParentRunner.java:290)
	at org.junit.runners.ParentRunner$1.schedule(ParentRunner.java:71)
	at org.junit.runners.ParentRunner.runChildren(ParentRunner.java:288)
	at org.junit.runners.ParentRunner.access$000(ParentRunner.java:58)
	at org.junit.runners.ParentRunner$2.evaluate(ParentRunner.java:268)
	at org.junit.runners.ParentRunner.run(ParentRunner.java:363)
	at org.apache.maven.surefire.junit4.JUnit4Provider.execute(JUnit4Provider.java:252)
	at org.apache.maven.surefire.junit4.JUnit4Provider.executeTestSet(JUnit4Provider.java:141)
	at org.apache.maven.surefire.junit4.JUnit4Provider.invoke(JUnit4Provider.java:112)
	at sun.reflect.NativeMethodAccessorImpl.invoke0(Native Method)
	at sun.reflect.NativeMethodAccessorImpl.invoke(NativeMethodAccessorImpl.java:62)
	at sun.reflect.DelegatingMethodAccessorImpl.invoke(DelegatingMethodAccessorImpl.java:43)
	at java.lang.reflect.Method.invoke(Method.java:498)
	at org.apache.maven.surefire.util.ReflectionUtils.invokeMethodWithArray(ReflectionUtils.java:189)
	at org.apache.maven.surefire.booter.ProviderFactory$ProviderProxy.invoke(ProviderFactory.java:165)
	at org.apache.maven.surefire.booter.ProviderFactory.invokeProvider(ProviderFactory.java:85)
	at org.apache.maven.surefire.booter.ForkedBooter.runSuitesInProcess(ForkedBooter.java:115)
	at org.apache.maven.surefire.booter.ForkedBooter.main(ForkedBooter.java:75)
Caused by: org.springframework.beans.BeanInstantiationException: Failed to instantiate [javax.servlet.Filter]: Factory method &apos;springSecurityFilterChain&apos; threw exception; nested exception is org.springframework.beans.factory.UnsatisfiedDependencyException: Error creating bean with name &apos;com.kakawait.spring.boot.security.cas.CasHttpSecurityConfigurer$CasHttpSecurityConfigurerAdapter&apos;: Unsatisfied dependency expressed through constructor parameter 0; nested exception is org.springframework.beans.factory.UnsatisfiedDependencyException: Error creating bean with name &apos;com.kakawait.spring.boot.security.cas.CasSecurityAutoConfiguration$DefaultCasSecurityConfigurerAdapter&apos;: Unsatisfied dependency expressed through constructor parameter 2; nested exception is org.springframework.beans.factory.UnsatisfiedDependencyException: Error creating bean with name &apos;com.kakawait.spring.boot.security.cas.CasSecurityAutoConfiguration$StaticCasSecurityConfiguration&apos;: Unsatisfied dependency expressed through constructor parameter 1; nested exception is org.springframework.beans.factory.BeanCreationException: Error creating bean with name &apos;serviceProperties&apos; defined in com.kakawait.spring.boot.security.cas.CasSecurityAutoConfiguration: Bean instantiation via factory method failed; nested exception is org.springframework.beans.BeanInstantiationException: Failed to instantiate [org.springframework.security.cas.ServiceProperties]: Factory method &apos;serviceProperties&apos; threw exception; nested exception is java.lang.IllegalArgumentException: Cas service base url must not be null (ref property security.cas.service.base-url)
	at org.springframework.beans.factory.support.SimpleInstantiationStrategy.instantiate(SimpleInstantiationStrategy.java:185)
	at org.springframework.beans.factory.support.ConstructorResolver.instantiateUsingFactoryMethod(ConstructorResolver.java:579)
	... 50 more
Caused by: org.springframework.beans.factory.UnsatisfiedDependencyException: Error creating bean with name &apos;com.kakawait.spring.boot.security.cas.CasHttpSecurityConfigurer$CasHttpSecurityConfigurerAdapter&apos;: Unsatisfied dependency expressed through constructor parameter 0; nested exception is org.springframework.beans.factory.UnsatisfiedDependencyException: Error creating bean with name &apos;com.kakawait.spring.boot.security.cas.CasSecurityAutoConfiguration$DefaultCasSecurityConfigurerAdapter&apos;: Unsatisfied dependency expressed through constructor parameter 2; nested exception is org.springframework.beans.factory.UnsatisfiedDependencyException: Error creating bean with name &apos;com.kakawait.spring.boot.security.cas.CasSecurityAutoConfiguration$StaticCasSecurityConfiguration&apos;: Unsatisfied dependency expressed through constructor parameter 1; nested exception is org.springframework.beans.factory.BeanCreationException: Error creating bean with name &apos;serviceProperties&apos; defined in com.kakawait.spring.boot.security.cas.CasSecurityAutoConfiguration: Bean instantiation via factory method failed; nested exception is org.springframework.beans.BeanInstantiationException: Failed to instantiate [org.springframework.security.cas.ServiceProperties]: Factory method &apos;serviceProperties&apos; threw exception; nested exception is java.lang.IllegalArgumentException: Cas service base url must not be null (ref property security.cas.service.base-url)
	at org.springframework.beans.factory.support.ConstructorResolver.createArgumentArray(ConstructorResolver.java:729)
	at org.springframework.beans.factory.support.ConstructorResolver.autowireConstructor(ConstructorResolver.java:192)
	at org.springframework.beans.factory.support.AbstractAutowireCapableBeanFactory.autowireConstructor(AbstractAutowireCapableBeanFactory.java:1274)
	at org.springframework.beans.factory.support.AbstractAutowireCapableBeanFactory.createBeanInstance(AbstractAutowireCapableBeanFactory.java:1131)
	at org.springframework.beans.factory.support.AbstractAutowireCapableBeanFactory.doCreateBean(AbstractAutowireCapableBeanFactory.java:541)
	at org.springframework.beans.factory.support.AbstractAutowireCapableBeanFactory.createBean(AbstractAutowireCapableBeanFactory.java:501)
	at org.springframework.beans.factory.support.AbstractAutowireCapableBeanFactory.createBean(AbstractAutowireCapableBeanFactory.java:303)
	at com.kakawait.spring.boot.security.cas.CasHttpSecurityConfigurer.getCasHttpSecurityConfigurerAdapter(CasHttpSecurityConfigurer.java:115)
	at com.kakawait.spring.boot.security.cas.CasHttpSecurityConfigurer.init(CasHttpSecurityConfigurer.java:79)
	at com.kakawait.spring.boot.security.cas.CasHttpSecurityConfigurer.configure(CasHttpSecurityConfigurer.java:106)
	at com.kakawait.spring.boot.security.cas.CasHttpSecurityConfigurer.configure(CasHttpSecurityConfigurer.java:31)
	at com.kakawait.spring.boot.security.cas.CasSecurityAutoConfiguration$CasLoginSecurityConfiguration.configure(CasSecurityAutoConfiguration.java:307)
	at org.springframework.security.config.annotation.web.configuration.WebSecurityConfigurerAdapter.getHttp(WebSecurityConfigurerAdapter.java:230)
	at org.springframework.security.config.annotation.web.configuration.WebSecurityConfigurerAdapter.init(WebSecurityConfigurerAdapter.java:321)
	at org.springframework.security.config.annotation.web.configuration.WebSecurityConfigurerAdapter.init(WebSecurityConfigurerAdapter.java:92)
	at org.springframework.security.config.annotation.AbstractConfiguredSecurityBuilder.init(AbstractConfiguredSecurityBuilder.java:371)
	at org.springframework.security.config.annotation.AbstractConfiguredSecurityBuilder.doBuild(AbstractConfiguredSecurityBuilder.java:325)
	at org.springframework.security.config.annotation.AbstractSecurityBuilder.build(AbstractSecurityBuilder.java:41)
	at org.springframework.security.config.annotation.web.configuration.WebSecurityConfiguration.springSecurityFilterChain(WebSecurityConfiguration.java:104)
	at org.springframework.security.config.annotation.web.configuration.WebSecurityConfiguration$$EnhancerBySpringCGLIB$$b088bf2e.CGLIB$springSecurityFilterChain$0(&lt;generated&gt;)
	at org.springframework.security.config.annotation.web.configuration.WebSecurityConfiguration$$EnhancerBySpringCGLIB$$b088bf2e$$FastClassBySpringCGLIB$$e0d8aa70.invoke(&lt;generated&gt;)
	at org.springframework.cglib.proxy.MethodProxy.invokeSuper(MethodProxy.java:228)
	at org.springframework.context.annotation.ConfigurationClassEnhancer$BeanMethodInterceptor.intercept(ConfigurationClassEnhancer.java:361)
	at org.springframework.security.config.annotation.web.configuration.WebSecurityConfiguration$$EnhancerBySpringCGLIB$$b088bf2e.springSecurityFilterChain(&lt;generated&gt;)
	at sun.reflect.NativeMethodAccessorImpl.invoke0(Native Method)
	at sun.reflect.NativeMethodAccessorImpl.invoke(NativeMethodAccessorImpl.java:62)
	at sun.reflect.DelegatingMethodAccessorImpl.invoke(DelegatingMethodAccessorImpl.java:43)
	at java.lang.reflect.Method.invoke(Method.java:498)
	at org.springframework.beans.factory.support.SimpleInstantiationStrategy.instantiate(SimpleInstantiationStrategy.java:154)
	... 51 more
Caused by: org.springframework.beans.factory.UnsatisfiedDependencyException: Error creating bean with name &apos;com.kakawait.spring.boot.security.cas.CasSecurityAutoConfiguration$DefaultCasSecurityConfigurerAdapter&apos;: Unsatisfied dependency expressed through constructor parameter 2; nested exception is org.springframework.beans.factory.UnsatisfiedDependencyException: Error creating bean with name &apos;com.kakawait.spring.boot.security.cas.CasSecurityAutoConfiguration$StaticCasSecurityConfiguration&apos;: Unsatisfied dependency expressed through constructor parameter 1; nested exception is org.springframework.beans.factory.BeanCreationException: Error creating bean with name &apos;serviceProperties&apos; defined in com.kakawait.spring.boot.security.cas.CasSecurityAutoConfiguration: Bean instantiation via factory method failed; nested exception is org.springframework.beans.BeanInstantiationException: Failed to instantiate [org.springframework.security.cas.ServiceProperties]: Factory method &apos;serviceProperties&apos; threw exception; nested exception is java.lang.IllegalArgumentException: Cas service base url must not be null (ref property security.cas.service.base-url)
	at org.springframework.beans.factory.support.ConstructorResolver.createArgumentArray(ConstructorResolver.java:729)
	at org.springframework.beans.factory.support.ConstructorResolver.autowireConstructor(ConstructorResolver.java:192)
	at org.springframework.beans.factory.support.AbstractAutowireCapableBeanFactory.autowireConstructor(AbstractAutowireCapableBeanFactory.java:1274)
	at org.springframework.beans.factory.support.AbstractAutowireCapableBeanFactory.createBeanInstance(AbstractAutowireCapableBeanFactory.java:1131)
	at org.springframework.beans.factory.support.AbstractAutowireCapableBeanFactory.doCreateBean(AbstractAutowireCapableBeanFactory.java:541)
	at org.springframework.beans.factory.support.AbstractAutowireCapableBeanFactory.createBean(AbstractAutowireCapableBeanFactory.java:501)
	at org.springframework.beans.factory.support.AbstractBeanFactory.lambda$doGetBean$0(AbstractBeanFactory.java:317)
	at org.springframework.beans.factory.support.DefaultSingletonBeanRegistry.getSingleton(DefaultSingletonBeanRegistry.java:228)
	at org.springframework.beans.factory.support.AbstractBeanFactory.doGetBean(AbstractBeanFactory.java:315)
	at org.springframework.beans.factory.support.AbstractBeanFactory.getBean(AbstractBeanFactory.java:199)
	at org.springframework.beans.factory.config.DependencyDescriptor.resolveCandidate(DependencyDescriptor.java:251)
	at org.springframework.beans.factory.support.DefaultListableBeanFactory.addCandidateEntry(DefaultListableBeanFactory.java:1325)
	at org.springframework.beans.factory.support.DefaultListableBeanFactory.findAutowireCandidates(DefaultListableBeanFactory.java:1291)
	at org.springframework.beans.factory.support.DefaultListableBeanFactory.resolveMultipleBeans(DefaultListableBeanFactory.java:1193)
	at org.springframework.beans.factory.support.DefaultListableBeanFactory.doResolveDependency(DefaultListableBeanFactory.java:1096)
	at org.springframework.beans.factory.support.DefaultListableBeanFactory.resolveDependency(DefaultListableBeanFactory.java:1065)
	at org.springframework.beans.factory.support.ConstructorResolver.resolveAutowiredArgument(ConstructorResolver.java:815)
	at org.springframework.beans.factory.support.ConstructorResolver.createArgumentArray(ConstructorResolver.java:721)
	... 79 more
Caused by: org.springframework.beans.factory.UnsatisfiedDependencyException: Error creating bean with name &apos;com.kakawait.spring.boot.security.cas.CasSecurityAutoConfiguration$StaticCasSecurityConfiguration&apos;: Unsatisfied dependency expressed through constructor parameter 1; nested exception is org.springframework.beans.factory.BeanCreationException: Error creating bean with name &apos;serviceProperties&apos; defined in com.kakawait.spring.boot.security.cas.CasSecurityAutoConfiguration: Bean instantiation via factory method failed; nested exception is org.springframework.beans.BeanInstantiationException: Failed to instantiate [org.springframework.security.cas.ServiceProperties]: Factory method &apos;serviceProperties&apos; threw exception; nested exception is java.lang.IllegalArgumentException: Cas service base url must not be null (ref property security.cas.service.base-url)
	at org.springframework.beans.factory.support.ConstructorResolver.createArgumentArray(ConstructorResolver.java:729)
	at org.springframework.beans.factory.support.ConstructorResolver.autowireConstructor(ConstructorResolver.java:192)
	at org.springframework.beans.factory.support.AbstractAutowireCapableBeanFactory.autowireConstructor(AbstractAutowireCapableBeanFactory.java:1274)
	at org.springframework.beans.factory.support.AbstractAutowireCapableBeanFactory.createBeanInstance(AbstractAutowireCapableBeanFactory.java:1131)
	at org.springframework.beans.factory.support.AbstractAutowireCapableBeanFactory.doCreateBean(AbstractAutowireCapableBeanFactory.java:541)
	at org.springframework.beans.factory.support.AbstractAutowireCapableBeanFactory.createBean(AbstractAutowireCapableBeanFactory.java:501)
	at org.springframework.beans.factory.support.AbstractBeanFactory.lambda$doGetBean$0(AbstractBeanFactory.java:317)
	at org.springframework.beans.factory.support.DefaultSingletonBeanRegistry.getSingleton(DefaultSingletonBeanRegistry.java:228)
	at org.springframework.beans.factory.support.AbstractBeanFactory.doGetBean(AbstractBeanFactory.java:315)
	at org.springframework.beans.factory.support.AbstractBeanFactory.getBean(AbstractBeanFactory.java:199)
	at org.springframework.beans.factory.support.ConstructorResolver.instantiateUsingFactoryMethod(ConstructorResolver.java:368)
	at org.springframework.beans.factory.support.AbstractAutowireCapableBeanFactory.instantiateUsingFactoryMethod(AbstractAutowireCapableBeanFactory.java:1254)
	at org.springframework.beans.factory.support.AbstractAutowireCapableBeanFactory.createBeanInstance(AbstractAutowireCapableBeanFactory.java:1103)
	at org.springframework.beans.factory.support.AbstractAutowireCapableBeanFactory.doCreateBean(AbstractAutowireCapableBeanFactory.java:541)
	at org.springframework.beans.factory.support.AbstractAutowireCapableBeanFactory.createBean(AbstractAutowireCapableBeanFactory.java:501)
	at org.springframework.beans.factory.support.AbstractBeanFactory.lambda$doGetBean$0(AbstractBeanFactory.java:317)
	at org.springframework.beans.factory.support.DefaultSingletonBeanRegistry.getSingleton(DefaultSingletonBeanRegistry.java:228)
	at org.springframework.beans.factory.support.AbstractBeanFactory.doGetBean(AbstractBeanFactory.java:315)
	at org.springframework.beans.factory.support.AbstractBeanFactory.getBean(AbstractBeanFactory.java:199)
	at org.springframework.beans.factory.config.DependencyDescriptor.resolveCandidate(DependencyDescriptor.java:251)
	at org.springframework.beans.factory.support.DefaultListableBeanFactory.doResolveDependency(DefaultListableBeanFactory.java:1138)
	at org.springframework.beans.factory.support.DefaultListableBeanFactory.resolveDependency(DefaultListableBeanFactory.java:1065)
	at org.springframework.beans.factory.support.ConstructorResolver.resolveAutowiredArgument(ConstructorResolver.java:815)
	at org.springframework.beans.factory.support.ConstructorResolver.createArgumentArray(ConstructorResolver.java:721)
	... 96 more
Caused by: org.springframework.beans.factory.BeanCreationException: Error creating bean with name &apos;serviceProperties&apos; defined in com.kakawait.spring.boot.security.cas.CasSecurityAutoConfiguration: Bean instantiation via factory method failed; nested exception is org.springframework.beans.BeanInstantiationException: Failed to instantiate [org.springframework.security.cas.ServiceProperties]: Factory method &apos;serviceProperties&apos; threw exception; nested exception is java.lang.IllegalArgumentException: Cas service base url must not be null (ref property security.cas.service.base-url)
	at org.springframework.beans.factory.support.ConstructorResolver.instantiateUsingFactoryMethod(ConstructorResolver.java:587)
	at org.springframework.beans.factory.support.AbstractAutowireCapableBeanFactory.instantiateUsingFactoryMethod(AbstractAutowireCapableBeanFactory.java:1254)
	at org.springframework.beans.factory.support.AbstractAutowireCapableBeanFactory.createBeanInstance(AbstractAutowireCapableBeanFactory.java:1103)
	at org.springframework.beans.factory.support.AbstractAutowireCapableBeanFactory.doCreateBean(AbstractAutowireCapableBeanFactory.java:541)
	at org.springframework.beans.factory.support.AbstractAutowireCapableBeanFactory.createBean(AbstractAutowireCapableBeanFactory.java:501)
	at org.springframework.beans.factory.support.AbstractBeanFactory.lambda$doGetBean$0(AbstractBeanFactory.java:317)
	at org.springframework.beans.factory.support.DefaultSingletonBeanRegistry.getSingleton(DefaultSingletonBeanRegistry.java:228)
	at org.springframework.beans.factory.support.AbstractBeanFactory.doGetBean(AbstractBeanFactory.java:315)
	at org.springframework.beans.factory.support.AbstractBeanFactory.getBean(AbstractBeanFactory.java:199)
	at org.springframework.beans.factory.config.DependencyDescriptor.resolveCandidate(DependencyDescriptor.java:251)
	at org.springframework.beans.factory.support.DefaultListableBeanFactory.doResolveDependency(DefaultListableBeanFactory.java:1138)
	at org.springframework.beans.factory.support.DefaultListableBeanFactory.resolveDependency(DefaultListableBeanFactory.java:1065)
	at org.springframework.beans.factory.support.ConstructorResolver.resolveAutowiredArgument(ConstructorResolver.java:815)
	at org.springframework.beans.factory.support.ConstructorResolver.createArgumentArray(ConstructorResolver.java:721)
	... 119 more
Caused by: org.springframework.beans.BeanInstantiationException: Failed to instantiate [org.springframework.security.cas.ServiceProperties]: Factory method &apos;serviceProperties&apos; threw exception; nested exception is java.lang.IllegalArgumentException: Cas service base url must not be null (ref property security.cas.service.base-url)
	at org.springframework.beans.factory.support.SimpleInstantiationStrategy.instantiate(SimpleInstantiationStrategy.java:185)
	at org.springframework.beans.factory.support.ConstructorResolver.instantiateUsingFactoryMethod(ConstructorResolver.java:579)
	... 132 more
Caused by: java.lang.IllegalArgumentException: Cas service base url must not be null (ref property security.cas.service.base-url)
	at org.springframework.util.Assert.notNull(Assert.java:193)
	at com.kakawait.spring.boot.security.cas.CasSecurityAutoConfiguration.serviceProperties(CasSecurityAutoConfiguration.java:75)
	at com.kakawait.spring.boot.security.cas.CasSecurityAutoConfiguration$$EnhancerBySpringCGLIB$$6a1d703e.CGLIB$serviceProperties$5(&lt;generated&gt;)
	at com.kakawait.spring.boot.security.cas.CasSecurityAutoConfiguration$$EnhancerBySpringCGLIB$$6a1d703e$$FastClassBySpringCGLIB$$668e95c4.invoke(&lt;generated&gt;)
	at org.springframework.cglib.proxy.MethodProxy.invokeSuper(MethodProxy.java:228)
	at org.springframework.context.annotation.ConfigurationClassEnhancer$BeanMethodInterceptor.intercept(ConfigurationClassEnhancer.java:361)
	at com.kakawait.spring.boot.security.cas.CasSecurityAutoConfiguration$$EnhancerBySpringCGLIB$$6a1d703e.serviceProperties(&lt;generated&gt;)
	at sun.reflect.NativeMethodAccessorImpl.invoke0(Native Method)
	at sun.reflect.NativeMethodAccessorImpl.invoke(NativeMethodAccessorImpl.java:62)
	at sun.reflect.DelegatingMethodAccessorImpl.invoke(DelegatingMethodAccessorImpl.java:43)
	at java.lang.reflect.Method.invoke(Method.java:498)
	at org.springframework.beans.factory.support.SimpleInstantiationStrategy.instantiate(SimpleInstantiationStrategy.java:154)
	... 133 more
&quot;&gt;" type="java.lang.AssertionError">java.lang.AssertionError: 
Expecting:
  &lt;org.springframework.beans.factory.BeanCreationException: Error creating bean with name &apos;springSecurityFilterChain&apos; defined in org.springframework.security.config.annotation.web.configuration.WebSecurityConfiguration: Bean instantiation via factory method failed; nested exception is org.springframework.beans.BeanInstantiationException: Failed to instantiate [javax.servlet.Filter]: Factory method &apos;springSecurityFilterChain&apos; threw exception; nested exception is org.springframework.beans.factory.UnsatisfiedDependencyException: Error creating bean with name &apos;com.kakawait.spring.boot.security.cas.CasHttpSecurityConfigurer$CasHttpSecurityConfigurerAdapter&apos;: Unsatisfied dependency expressed through constructor parameter 0; nested exception is org.springframework.beans.factory.UnsatisfiedDependencyException: Error creating bean with name &apos;com.kakawait.spring.boot.security.cas.CasSecurityAutoConfiguration$DefaultCasSecurityConfigurerAdapter&apos;: Unsatisfied dependency expressed through constructor parameter 2; nested exception is org.springframework.beans.factory.UnsatisfiedDependencyException: Error creating bean with name &apos;com.kakawait.spring.boot.security.cas.CasSecurityAutoConfiguration$StaticCasSecurityConfiguration&apos;: Unsatisfied dependency expressed through constructor parameter 1; nested exception is org.springframework.beans.factory.BeanCreationException: Error creating bean with name &apos;serviceProperties&apos; defined in com.kakawait.spring.boot.security.cas.CasSecurityAutoConfiguration: Bean instantiation via factory method failed; nested exception is org.springframework.beans.BeanInstantiationException: Failed to instantiate [org.springframework.security.cas.ServiceProperties]: Factory method &apos;serviceProperties&apos; threw exception; nested exception is java.lang.IllegalArgumentException: Cas service base url must not be null (ref property security.cas.service.base-url)&gt;
to be an instance of:
  &lt;org.springframework.beans.factory.UnsatisfiedDependencyException&gt;
but was:
  &lt;&quot;org.springframework.beans.factory.BeanCreationException: Error creating bean with name &apos;springSecurityFilterChain&apos; defined in org.springframework.security.config.annotation.web.configuration.WebSecurityConfiguration: Bean instantiation via factory method failed; nested exception is org.springframework.beans.BeanInstantiationException: Failed to instantiate [javax.servlet.Filter]: Factory method &apos;springSecurityFilterChain&apos; threw exception; nested exception is org.springframework.beans.factory.UnsatisfiedDependencyException: Error creating bean with name &apos;com.kakawait.spring.boot.security.cas.CasHttpSecurityConfigurer$CasHttpSecurityConfigurerAdapter&apos;: Unsatisfied dependency expressed through constructor parameter 0; nested exception is org.springframework.beans.factory.UnsatisfiedDependencyException: Error creating bean with name &apos;com.kakawait.spring.boot.security.cas.CasSecurityAutoConfiguration$DefaultCasSecurityConfigurerAdapter&apos;: Unsatisfied dependency expressed through constructor parameter 2; nested exception is org.springframework.beans.factory.UnsatisfiedDependencyException: Error creating bean with name &apos;com.kakawait.spring.boot.security.cas.CasSecurityAutoConfiguration$StaticCasSecurityConfiguration&apos;: Unsatisfied dependency expressed through constructor parameter 1; nested exception is org.springframework.beans.factory.BeanCreationException: Error creating bean with name &apos;serviceProperties&apos; defined in com.kakawait.spring.boot.security.cas.CasSecurityAutoConfiguration: Bean instantiation via factory method failed; nested exception is org.springframework.beans.BeanInstantiationException: Failed to instantiate [org.springframework.security.cas.ServiceProperties]: Factory method &apos;serviceProperties&apos; threw exception; nested exception is java.lang.IllegalArgumentException: Cas service base url must not be null (ref property security.cas.service.base-url)
	at org.springframework.beans.factory.support.ConstructorResolver.instantiateUsingFactoryMethod(ConstructorResolver.java:587)
	at org.springframework.beans.factory.support.AbstractAutowireCapableBeanFactory.instantiateUsingFactoryMethod(AbstractAutowireCapableBeanFactory.java:1254)
	at org.springframework.beans.factory.support.AbstractAutowireCapableBeanFactory.createBeanInstance(AbstractAutowireCapableBeanFactory.java:1103)
	at org.springframework.beans.factory.support.AbstractAutowireCapableBeanFactory.doCreateBean(AbstractAutowireCapableBeanFactory.java:541)
	at org.springframework.beans.factory.support.AbstractAutowireCapableBeanFactory.createBean(AbstractAutowireCapableBeanFactory.java:501)
	at org.springframework.beans.factory.support.AbstractBeanFactory.lambda$doGetBean$0(AbstractBeanFactory.java:317)
	at org.springframework.beans.factory.support.DefaultSingletonBeanRegistry.getSingleton(DefaultSingletonBeanRegistry.java:228)
	at org.springframework.beans.factory.support.AbstractBeanFactory.doGetBean(AbstractBeanFactory.java:315)
	at org.springframework.beans.factory.support.AbstractBeanFactory.getBean(AbstractBeanFactory.java:199)
	at org.springframework.beans.factory.support.AbstractBeanFactory.doGetBean(AbstractBeanFactory.java:304)
	at org.springframework.beans.factory.support.AbstractBeanFactory.getBean(AbstractBeanFactory.java:199)
	at org.springframework.beans.factory.support.DefaultListableBeanFactory.preInstantiateSingletons(DefaultListableBeanFactory.java:760)
	at org.springframework.context.support.AbstractApplicationContext.finishBeanFactoryInitialization(AbstractApplicationContext.java:869)
	at org.springframework.context.support.AbstractApplicationContext.refresh(AbstractApplicationContext.java:550)
	at com.kakawait.spring.boot.security.cas.CasSecurityAutoConfigurationTest.load(CasSecurityAutoConfigurationTest.java:215)
	at com.kakawait.spring.boot.security.cas.CasSecurityAutoConfigurationTest.lambda$autoConfigure_WithoutServiceBaseUrl_Exception$0(CasSecurityAutoConfigurationTest.java:83)
	at org.assertj.core.api.ThrowableAssert.catchThrowable(ThrowableAssert.java:62)
	at org.assertj.core.api.AssertionsForClassTypes.catchThrowable(AssertionsForClassTypes.java:763)
	at org.assertj.core.api.Assertions.catchThrowable(Assertions.java:1198)
	at org.assertj.core.api.Assertions.assertThatThrownBy(Assertions.java:1092)
	at com.kakawait.spring.boot.security.cas.CasSecurityAutoConfigurationTest.autoConfigure_WithoutServiceBaseUrl_Exception(CasSecurityAutoConfigurationTest.java:83)
	at sun.reflect.NativeMethodAccessorImpl.invoke0(Native Method)
	at sun.reflect.NativeMethodAccessorImpl.invoke(NativeMethodAccessorImpl.java:62)
	at sun.reflect.DelegatingMethodAccessorImpl.invoke(DelegatingMethodAccessorImpl.java:43)
	at java.lang.reflect.Method.invoke(Method.java:498)
	at org.junit.runners.model.FrameworkMethod$1.runReflectiveCall(FrameworkMethod.java:50)
	at org.junit.internal.runners.model.ReflectiveCallable.run(ReflectiveCallable.java:12)
	at org.junit.runners.model.FrameworkMethod.invokeExplosively(FrameworkMethod.java:47)
	at org.junit.internal.runners.statements.InvokeMethod.evaluate(InvokeMethod.java:17)
	at org.junit.internal.runners.statements.RunAfters.evaluate(RunAfters.java:27)
	at org.junit.runners.ParentRunner.runLeaf(ParentRunner.java:325)
	at org.junit.runners.BlockJUnit4ClassRunner.runChild(BlockJUnit4ClassRunner.java:78)
	at org.junit.runners.BlockJUnit4ClassRunner.runChild(BlockJUnit4ClassRunner.java:57)
	at org.junit.runners.ParentRunner$3.run(ParentRunner.java:290)
	at org.junit.runners.ParentRunner$1.schedule(ParentRunner.java:71)
	at org.junit.runners.ParentRunner.runChildren(ParentRunner.java:288)
	at org.junit.runners.ParentRunner.access$000(ParentRunner.java:58)
	at org.junit.runners.ParentRunner$2.evaluate(ParentRunner.java:268)
	at org.junit.runners.ParentRunner.run(ParentRunner.java:363)
	at org.apache.maven.surefire.junit4.JUnit4Provider.execute(JUnit4Provider.java:252)
	at org.apache.maven.surefire.junit4.JUnit4Provider.executeTestSet(JUnit4Provider.java:141)
	at org.apache.maven.surefire.junit4.JUnit4Provider.invoke(JUnit4Provider.java:112)
	at sun.reflect.NativeMethodAccessorImpl.invoke0(Native Method)
	at sun.reflect.NativeMethodAccessorImpl.invoke(NativeMethodAccessorImpl.java:62)
	at sun.reflect.DelegatingMethodAccessorImpl.invoke(DelegatingMethodAccessorImpl.java:43)
	at java.lang.reflect.Method.invoke(Method.java:498)
	at org.apache.maven.surefire.util.ReflectionUtils.invokeMethodWithArray(ReflectionUtils.java:189)
	at org.apache.maven.surefire.booter.ProviderFactory$ProviderProxy.invoke(ProviderFactory.java:165)
	at org.apache.maven.surefire.booter.ProviderFactory.invokeProvider(ProviderFactory.java:85)
	at org.apache.maven.surefire.booter.ForkedBooter.runSuitesInProcess(ForkedBooter.java:115)
	at org.apache.maven.surefire.booter.ForkedBooter.main(ForkedBooter.java:75)
Caused by: org.springframework.beans.BeanInstantiationException: Failed to instantiate [javax.servlet.Filter]: Factory method &apos;springSecurityFilterChain&apos; threw exception; nested exception is org.springframework.beans.factory.UnsatisfiedDependencyException: Error creating bean with name &apos;com.kakawait.spring.boot.security.cas.CasHttpSecurityConfigurer$CasHttpSecurityConfigurerAdapter&apos;: Unsatisfied dependency expressed through constructor parameter 0; nested exception is org.springframework.beans.factory.UnsatisfiedDependencyException: Error creating bean with name &apos;com.kakawait.spring.boot.security.cas.CasSecurityAutoConfiguration$DefaultCasSecurityConfigurerAdapter&apos;: Unsatisfied dependency expressed through constructor parameter 2; nested exception is org.springframework.beans.factory.UnsatisfiedDependencyException: Error creating bean with name &apos;com.kakawait.spring.boot.security.cas.CasSecurityAutoConfiguration$StaticCasSecurityConfiguration&apos;: Unsatisfied dependency expressed through constructor parameter 1; nested exception is org.springframework.beans.factory.BeanCreationException: Error creating bean with name &apos;serviceProperties&apos; defined in com.kakawait.spring.boot.security.cas.CasSecurityAutoConfiguration: Bean instantiation via factory method failed; nested exception is org.springframework.beans.BeanInstantiationException: Failed to instantiate [org.springframework.security.cas.ServiceProperties]: Factory method &apos;serviceProperties&apos; threw exception; nested exception is java.lang.IllegalArgumentException: Cas service base url must not be null (ref property security.cas.service.base-url)
	at org.springframework.beans.factory.support.SimpleInstantiationStrategy.instantiate(SimpleInstantiationStrategy.java:185)
	at org.springframework.beans.factory.support.ConstructorResolver.instantiateUsingFactoryMethod(ConstructorResolver.java:579)
	... 50 more
Caused by: org.springframework.beans.factory.UnsatisfiedDependencyException: Error creating bean with name &apos;com.kakawait.spring.boot.security.cas.CasHttpSecurityConfigurer$CasHttpSecurityConfigurerAdapter&apos;: Unsatisfied dependency expressed through constructor parameter 0; nested exception is org.springframework.beans.factory.UnsatisfiedDependencyException: Error creating bean with name &apos;com.kakawait.spring.boot.security.cas.CasSecurityAutoConfiguration$DefaultCasSecurityConfigurerAdapter&apos;: Unsatisfied dependency expressed through constructor parameter 2; nested exception is org.springframework.beans.factory.UnsatisfiedDependencyException: Error creating bean with name &apos;com.kakawait.spring.boot.security.cas.CasSecurityAutoConfiguration$StaticCasSecurityConfiguration&apos;: Unsatisfied dependency expressed through constructor parameter 1; nested exception is org.springframework.beans.factory.BeanCreationException: Error creating bean with name &apos;serviceProperties&apos; defined in com.kakawait.spring.boot.security.cas.CasSecurityAutoConfiguration: Bean instantiation via factory method failed; nested exception is org.springframework.beans.BeanInstantiationException: Failed to instantiate [org.springframework.security.cas.ServiceProperties]: Factory method &apos;serviceProperties&apos; threw exception; nested exception is java.lang.IllegalArgumentException: Cas service base url must not be null (ref property security.cas.service.base-url)
	at org.springframework.beans.factory.support.ConstructorResolver.createArgumentArray(ConstructorResolver.java:729)
	at org.springframework.beans.factory.support.ConstructorResolver.autowireConstructor(ConstructorResolver.java:192)
	at org.springframework.beans.factory.support.AbstractAutowireCapableBeanFactory.autowireConstructor(AbstractAutowireCapableBeanFactory.java:1274)
	at org.springframework.beans.factory.support.AbstractAutowireCapableBeanFactory.createBeanInstance(AbstractAutowireCapableBeanFactory.java:1131)
	at org.springframework.beans.factory.support.AbstractAutowireCapableBeanFactory.doCreateBean(AbstractAutowireCapableBeanFactory.java:541)
	at org.springframework.beans.factory.support.AbstractAutowireCapableBeanFactory.createBean(AbstractAutowireCapableBeanFactory.java:501)
	at org.springframework.beans.factory.support.AbstractAutowireCapableBeanFactory.createBean(AbstractAutowireCapableBeanFactory.java:303)
	at com.kakawait.spring.boot.security.cas.CasHttpSecurityConfigurer.getCasHttpSecurityConfigurerAdapter(CasHttpSecurityConfigurer.java:115)
	at com.kakawait.spring.boot.security.cas.CasHttpSecurityConfigurer.init(CasHttpSecurityConfigurer.java:79)
	at com.kakawait.spring.boot.security.cas.CasHttpSecurityConfigurer.configure(CasHttpSecurityConfigurer.java:106)
	at com.kakawait.spring.boot.security.cas.CasHttpSecurityConfigurer.configure(CasHttpSecurityConfigurer.java:31)
	at com.kakawait.spring.boot.security.cas.CasSecurityAutoConfiguration$CasLoginSecurityConfiguration.configure(CasSecurityAutoConfiguration.java:307)
	at org.springframework.security.config.annotation.web.configuration.WebSecurityConfigurerAdapter.getHttp(WebSecurityConfigurerAdapter.java:230)
	at org.springframework.security.config.annotation.web.configuration.WebSecurityConfigurerAdapter.init(WebSecurityConfigurerAdapter.java:321)
	at org.springframework.security.config.annotation.web.configuration.WebSecurityConfigurerAdapter.init(WebSecurityConfigurerAdapter.java:92)
	at org.springframework.security.config.annotation.AbstractConfiguredSecurityBuilder.init(AbstractConfiguredSecurityBuilder.java:371)
	at org.springframework.security.config.annotation.AbstractConfiguredSecurityBuilder.doBuild(AbstractConfiguredSecurityBuilder.java:325)
	at org.springframework.security.config.annotation.AbstractSecurityBuilder.build(AbstractSecurityBuilder.java:41)
	at org.springframework.security.config.annotation.web.configuration.WebSecurityConfiguration.springSecurityFilterChain(WebSecurityConfiguration.java:104)
	at org.springframework.security.config.annotation.web.configuration.WebSecurityConfiguration$$EnhancerBySpringCGLIB$$b088bf2e.CGLIB$springSecurityFilterChain$0(&lt;generated&gt;)
	at org.springframework.security.config.annotation.web.configuration.WebSecurityConfiguration$$EnhancerBySpringCGLIB$$b088bf2e$$FastClassBySpringCGLIB$$e0d8aa70.invoke(&lt;generated&gt;)
	at org.springframework.cglib.proxy.MethodProxy.invokeSuper(MethodProxy.java:228)
	at org.springframework.context.annotation.ConfigurationClassEnhancer$BeanMethodInterceptor.intercept(ConfigurationClassEnhancer.java:361)
	at org.springframework.security.config.annotation.web.configuration.WebSecurityConfiguration$$EnhancerBySpringCGLIB$$b088bf2e.springSecurityFilterChain(&lt;generated&gt;)
	at sun.reflect.NativeMethodAccessorImpl.invoke0(Native Method)
	at sun.reflect.NativeMethodAccessorImpl.invoke(NativeMethodAccessorImpl.java:62)
	at sun.reflect.DelegatingMethodAccessorImpl.invoke(DelegatingMethodAccessorImpl.java:43)
	at java.lang.reflect.Method.invoke(Method.java:498)
	at org.springframework.beans.factory.support.SimpleInstantiationStrategy.instantiate(SimpleInstantiationStrategy.java:154)
	... 51 more
Caused by: org.springframework.beans.factory.UnsatisfiedDependencyException: Error creating bean with name &apos;com.kakawait.spring.boot.security.cas.CasSecurityAutoConfiguration$DefaultCasSecurityConfigurerAdapter&apos;: Unsatisfied dependency expressed through constructor parameter 2; nested exception is org.springframework.beans.factory.UnsatisfiedDependencyException: Error creating bean with name &apos;com.kakawait.spring.boot.security.cas.CasSecurityAutoConfiguration$StaticCasSecurityConfiguration&apos;: Unsatisfied dependency expressed through constructor parameter 1; nested exception is org.springframework.beans.factory.BeanCreationException: Error creating bean with name &apos;serviceProperties&apos; defined in com.kakawait.spring.boot.security.cas.CasSecurityAutoConfiguration: Bean instantiation via factory method failed; nested exception is org.springframework.beans.BeanInstantiationException: Failed to instantiate [org.springframework.security.cas.ServiceProperties]: Factory method &apos;serviceProperties&apos; threw exception; nested exception is java.lang.IllegalArgumentException: Cas service base url must not be null (ref property security.cas.service.base-url)
	at org.springframework.beans.factory.support.ConstructorResolver.createArgumentArray(ConstructorResolver.java:729)
	at org.springframework.beans.factory.support.ConstructorResolver.autowireConstructor(ConstructorResolver.java:192)
	at org.springframework.beans.factory.support.AbstractAutowireCapableBeanFactory.autowireConstructor(AbstractAutowireCapableBeanFactory.java:1274)
	at org.springframework.beans.factory.support.AbstractAutowireCapableBeanFactory.createBeanInstance(AbstractAutowireCapableBeanFactory.java:1131)
	at org.springframework.beans.factory.support.AbstractAutowireCapableBeanFactory.doCreateBean(AbstractAutowireCapableBeanFactory.java:541)
	at org.springframework.beans.factory.support.AbstractAutowireCapableBeanFactory.createBean(AbstractAutowireCapableBeanFactory.java:501)
	at org.springframework.beans.factory.support.AbstractBeanFactory.lambda$doGetBean$0(AbstractBeanFactory.java:317)
	at org.springframework.beans.factory.support.DefaultSingletonBeanRegistry.getSingleton(DefaultSingletonBeanRegistry.java:228)
	at org.springframework.beans.factory.support.AbstractBeanFactory.doGetBean(AbstractBeanFactory.java:315)
	at org.springframework.beans.factory.support.AbstractBeanFactory.getBean(AbstractBeanFactory.java:199)
	at org.springframework.beans.factory.config.DependencyDescriptor.resolveCandidate(DependencyDescriptor.java:251)
	at org.springframework.beans.factory.support.DefaultListableBeanFactory.addCandidateEntry(DefaultListableBeanFactory.java:1325)
	at org.springframework.beans.factory.support.DefaultListableBeanFactory.findAutowireCandidates(DefaultListableBeanFactory.java:1291)
	at org.springframework.beans.factory.support.DefaultListableBeanFactory.resolveMultipleBeans(DefaultListableBeanFactory.java:1193)
	at org.springframework.beans.factory.support.DefaultListableBeanFactory.doResolveDependency(DefaultListableBeanFactory.java:1096)
	at org.springframework.beans.factory.support.DefaultListableBeanFactory.resolveDependency(DefaultListableBeanFactory.java:1065)
	at org.springframework.beans.factory.support.ConstructorResolver.resolveAutowiredArgument(ConstructorResolver.java:815)
	at org.springframework.beans.factory.support.ConstructorResolver.createArgumentArray(ConstructorResolver.java:721)
	... 79 more
Caused by: org.springframework.beans.factory.UnsatisfiedDependencyException: Error creating bean with name &apos;com.kakawait.spring.boot.security.cas.CasSecurityAutoConfiguration$StaticCasSecurityConfiguration&apos;: Unsatisfied dependency expressed through constructor parameter 1; nested exception is org.springframework.beans.factory.BeanCreationException: Error creating bean with name &apos;serviceProperties&apos; defined in com.kakawait.spring.boot.security.cas.CasSecurityAutoConfiguration: Bean instantiation via factory method failed; nested exception is org.springframework.beans.BeanInstantiationException: Failed to instantiate [org.springframework.security.cas.ServiceProperties]: Factory method &apos;serviceProperties&apos; threw exception; nested exception is java.lang.IllegalArgumentException: Cas service base url must not be null (ref property security.cas.service.base-url)
	at org.springframework.beans.factory.support.ConstructorResolver.createArgumentArray(ConstructorResolver.java:729)
	at org.springframework.beans.factory.support.ConstructorResolver.autowireConstructor(ConstructorResolver.java:192)
	at org.springframework.beans.factory.support.AbstractAutowireCapableBeanFactory.autowireConstructor(AbstractAutowireCapableBeanFactory.java:1274)
	at org.springframework.beans.factory.support.AbstractAutowireCapableBeanFactory.createBeanInstance(AbstractAutowireCapableBeanFactory.java:1131)
	at org.springframework.beans.factory.support.AbstractAutowireCapableBeanFactory.doCreateBean(AbstractAutowireCapableBeanFactory.java:541)
	at org.springframework.beans.factory.support.AbstractAutowireCapableBeanFactory.createBean(AbstractAutowireCapableBeanFactory.java:501)
	at org.springframework.beans.factory.support.AbstractBeanFactory.lambda$doGetBean$0(AbstractBeanFactory.java:317)
	at org.springframework.beans.factory.support.DefaultSingletonBeanRegistry.getSingleton(DefaultSingletonBeanRegistry.java:228)
	at org.springframework.beans.factory.support.AbstractBeanFactory.doGetBean(AbstractBeanFactory.java:315)
	at org.springframework.beans.factory.support.AbstractBeanFactory.getBean(AbstractBeanFactory.java:199)
	at org.springframework.beans.factory.support.ConstructorResolver.instantiateUsingFactoryMethod(ConstructorResolver.java:368)
	at org.springframework.beans.factory.support.AbstractAutowireCapableBeanFactory.instantiateUsingFactoryMethod(AbstractAutowireCapableBeanFactory.java:1254)
	at org.springframework.beans.factory.support.AbstractAutowireCapableBeanFactory.createBeanInstance(AbstractAutowireCapableBeanFactory.java:1103)
	at org.springframework.beans.factory.support.AbstractAutowireCapableBeanFactory.doCreateBean(AbstractAutowireCapableBeanFactory.java:541)
	at org.springframework.beans.factory.support.AbstractAutowireCapableBeanFactory.createBean(AbstractAutowireCapableBeanFactory.java:501)
	at org.springframework.beans.factory.support.AbstractBeanFactory.lambda$doGetBean$0(AbstractBeanFactory.java:317)
	at org.springframework.beans.factory.support.DefaultSingletonBeanRegistry.getSingleton(DefaultSingletonBeanRegistry.java:228)
	at org.springframework.beans.factory.support.AbstractBeanFactory.doGetBean(AbstractBeanFactory.java:315)
	at org.springframework.beans.factory.support.AbstractBeanFactory.getBean(AbstractBeanFactory.java:199)
	at org.springframework.beans.factory.config.DependencyDescriptor.resolveCandidate(DependencyDescriptor.java:251)
	at org.springframework.beans.factory.support.DefaultListableBeanFactory.doResolveDependency(DefaultListableBeanFactory.java:1138)
	at org.springframework.beans.factory.support.DefaultListableBeanFactory.resolveDependency(DefaultListableBeanFactory.java:1065)
	at org.springframework.beans.factory.support.ConstructorResolver.resolveAutowiredArgument(ConstructorResolver.java:815)
	at org.springframework.beans.factory.support.ConstructorResolver.createArgumentArray(ConstructorResolver.java:721)
	... 96 more
Caused by: org.springframework.beans.factory.BeanCreationException: Error creating bean with name &apos;serviceProperties&apos; defined in com.kakawait.spring.boot.security.cas.CasSecurityAutoConfiguration: Bean instantiation via factory method failed; nested exception is org.springframework.beans.BeanInstantiationException: Failed to instantiate [org.springframework.security.cas.ServiceProperties]: Factory method &apos;serviceProperties&apos; threw exception; nested exception is java.lang.IllegalArgumentException: Cas service base url must not be null (ref property security.cas.service.base-url)
	at org.springframework.beans.factory.support.ConstructorResolver.instantiateUsingFactoryMethod(ConstructorResolver.java:587)
	at org.springframework.beans.factory.support.AbstractAutowireCapableBeanFactory.instantiateUsingFactoryMethod(AbstractAutowireCapableBeanFactory.java:1254)
	at org.springframework.beans.factory.support.AbstractAutowireCapableBeanFactory.createBeanInstance(AbstractAutowireCapableBeanFactory.java:1103)
	at org.springframework.beans.factory.support.AbstractAutowireCapableBeanFactory.doCreateBean(AbstractAutowireCapableBeanFactory.java:541)
	at org.springframework.beans.factory.support.AbstractAutowireCapableBeanFactory.createBean(AbstractAutowireCapableBeanFactory.java:501)
	at org.springframework.beans.factory.support.AbstractBeanFactory.lambda$doGetBean$0(AbstractBeanFactory.java:317)
	at org.springframework.beans.factory.support.DefaultSingletonBeanRegistry.getSingleton(DefaultSingletonBeanRegistry.java:228)
	at org.springframework.beans.factory.support.AbstractBeanFactory.doGetBean(AbstractBeanFactory.java:315)
	at org.springframework.beans.factory.support.AbstractBeanFactory.getBean(AbstractBeanFactory.java:199)
	at org.springframework.beans.factory.config.DependencyDescriptor.resolveCandidate(DependencyDescriptor.java:251)
	at org.springframework.beans.factory.support.DefaultListableBeanFactory.doResolveDependency(DefaultListableBeanFactory.java:1138)
	at org.springframework.beans.factory.support.DefaultListableBeanFactory.resolveDependency(DefaultListableBeanFactory.java:1065)
	at org.springframework.beans.factory.support.ConstructorResolver.resolveAutowiredArgument(ConstructorResolver.java:815)
	at org.springframework.beans.factory.support.ConstructorResolver.createArgumentArray(ConstructorResolver.java:721)
	... 119 more
Caused by: org.springframework.beans.BeanInstantiationException: Failed to instantiate [org.springframework.security.cas.ServiceProperties]: Factory method &apos;serviceProperties&apos; threw exception; nested exception is java.lang.IllegalArgumentException: Cas service base url must not be null (ref property security.cas.service.base-url)
	at org.springframework.beans.factory.support.SimpleInstantiationStrategy.instantiate(SimpleInstantiationStrategy.java:185)
	at org.springframework.beans.factory.support.ConstructorResolver.instantiateUsingFactoryMethod(ConstructorResolver.java:579)
	... 132 more
Caused by: java.lang.IllegalArgumentException: Cas service base url must not be null (ref property security.cas.service.base-url)
	at org.springframework.util.Assert.notNull(Assert.java:193)
	at com.kakawait.spring.boot.security.cas.CasSecurityAutoConfiguration.serviceProperties(CasSecurityAutoConfiguration.java:75)
	at com.kakawait.spring.boot.security.cas.CasSecurityAutoConfiguration$$EnhancerBySpringCGLIB$$6a1d703e.CGLIB$serviceProperties$5(&lt;generated&gt;)
	at com.kakawait.spring.boot.security.cas.CasSecurityAutoConfiguration$$EnhancerBySpringCGLIB$$6a1d703e$$FastClassBySpringCGLIB$$668e95c4.invoke(&lt;generated&gt;)
	at org.springframework.cglib.proxy.MethodProxy.invokeSuper(MethodProxy.java:228)
	at org.springframework.context.annotation.ConfigurationClassEnhancer$BeanMethodInterceptor.intercept(ConfigurationClassEnhancer.java:361)
	at com.kakawait.spring.boot.security.cas.CasSecurityAutoConfiguration$$EnhancerBySpringCGLIB$$6a1d703e.serviceProperties(&lt;generated&gt;)
	at sun.reflect.NativeMethodAccessorImpl.invoke0(Native Method)
	at sun.reflect.NativeMethodAccessorImpl.invoke(NativeMethodAccessorImpl.java:62)
	at sun.reflect.DelegatingMethodAccessorImpl.invoke(DelegatingMethodAccessorImpl.java:43)
	at java.lang.reflect.Method.invoke(Method.java:498)
	at org.springframework.beans.factory.support.SimpleInstantiationStrategy.instantiate(SimpleInstantiationStrategy.java:154)
	... 133 more
&quot;&gt;
	at com.kakawait.spring.boot.security.cas.CasSecurityAutoConfigurationTest.autoConfigure_WithoutServiceBaseUrl_Exception(CasSecurityAutoConfigurationTest.java:84)
	at sun.reflect.NativeMethodAccessorImpl.invoke0(Native Method)
	at sun.reflect.NativeMethodAccessorImpl.invoke(NativeMethodAccessorImpl.java:62)
	at sun.reflect.DelegatingMethodAccessorImpl.invoke(DelegatingMethodAccessorImpl.java:43)
	at java.lang.reflect.Method.invoke(Method.java:498)
	at org.junit.runners.model.FrameworkMethod$1.runReflectiveCall(FrameworkMethod.java:50)
	at org.junit.internal.runners.model.ReflectiveCallable.run(ReflectiveCallable.java:12)
	at org.junit.runners.model.FrameworkMethod.invokeExplosively(FrameworkMethod.java:47)
	at org.junit.internal.runners.statements.InvokeMethod.evaluate(InvokeMethod.java:17)
	at org.junit.internal.runners.statements.RunAfters.evaluate(RunAfters.java:27)
	at org.junit.runners.ParentRunner.runLeaf(ParentRunner.java:325)
	at org.junit.runners.BlockJUnit4ClassRunner.runChild(BlockJUnit4ClassRunner.java:78)
	at org.junit.runners.BlockJUnit4ClassRunner.runChild(BlockJUnit4ClassRunner.java:57)
	at org.junit.runners.ParentRunner$3.run(ParentRunner.java:290)
	at org.junit.runners.ParentRunner$1.schedule(ParentRunner.java:71)
	at org.junit.runners.ParentRunner.runChildren(ParentRunner.java:288)
	at org.junit.runners.ParentRunner.access$000(ParentRunner.java:58)
	at org.junit.runners.ParentRunner$2.evaluate(ParentRunner.java:268)
	at org.junit.runners.ParentRunner.run(ParentRunner.java:363)
	at org.apache.maven.surefire.junit4.JUnit4Provider.execute(JUnit4Provider.java:252)
	at org.apache.maven.surefire.junit4.JUnit4Provider.executeTestSet(JUnit4Provider.java:141)
	at org.apache.maven.surefire.junit4.JUnit4Provider.invoke(JUnit4Provider.java:112)
	at sun.reflect.NativeMethodAccessorImpl.invoke0(Native Method)
	at sun.reflect.NativeMethodAccessorImpl.invoke(NativeMethodAccessorImpl.java:62)
	at sun.reflect.DelegatingMethodAccessorImpl.invoke(DelegatingMethodAccessorImpl.java:43)
	at java.lang.reflect.Method.invoke(Method.java:498)
	at org.apache.maven.surefire.util.ReflectionUtils.invokeMethodWithArray(ReflectionUtils.java:189)
	at org.apache.maven.surefire.booter.ProviderFactory$ProviderProxy.invoke(ProviderFactory.java:165)
	at org.apache.maven.surefire.booter.ProviderFactory.invokeProvider(ProviderFactory.java:85)
	at org.apache.maven.surefire.booter.ForkedBooter.runSuitesInProcess(ForkedBooter.java:115)
	at org.apache.maven.surefire.booter.ForkedBooter.main(ForkedBooter.java:75)
</failure>
    <system-out>20:17:34.380 [main] DEBUG org.springframework.web.context.support.StandardServletEnvironment - Adding PropertySource &apos;servletConfigInitParams&apos; with lowest search precedence
20:17:34.385 [main] DEBUG org.springframework.web.context.support.StandardServletEnvironment - Adding PropertySource &apos;servletContextInitParams&apos; with lowest search precedence
20:17:34.395 [main] DEBUG org.springframework.web.context.support.StandardServletEnvironment - Adding PropertySource &apos;systemProperties&apos; with lowest search precedence
20:17:34.396 [main] DEBUG org.springframework.web.context.support.StandardServletEnvironment - Adding PropertySource &apos;systemEnvironment&apos; with lowest search precedence
20:17:34.398 [main] DEBUG org.springframework.web.context.support.StandardServletEnvironment - Initialized StandardServletEnvironment with PropertySources [StubPropertySource@1298547491 {name=&apos;servletConfigInitParams&apos;, properties=java.lang.Object@27ec0d06}, StubPropertySource@645323114 {name=&apos;servletContextInitParams&apos;, properties=java.lang.Object@12266084}, MapPropertySource@1839613624 {name=&apos;systemProperties&apos;, properties={java.runtime.name=OpenJDK Runtime Environment, sun.boot.library.path=/usr/lib/jvm/java-8-openjdk-amd64/jre/lib/amd64, java.vm.version=25.121-b13, java.vm.vendor=Oracle Corporation, java.vendor.url=http://java.oracle.com/, skip.gulp=true, path.separator=:, java.vm.name=OpenJDK 64-Bit Server VM, file.encoding.pkg=sun.io, findbugs.skip=true, sun.java.launcher=SUN_STANDARD, sun.os.patch.level=unknown, java.vm.specification.name=Java Virtual Machine Specification, user.dir=/root/workspace/kakawait/cas-security-spring-boot-starter/389373190/cas-security-spring-boot-autoconfigure, checkstyle.skip=true, java.runtime.version=1.8.0_121-8u121-b13-1~bpo8+1-b13, skip.npm=true, basedir=/root/workspace/kakawait/cas-security-spring-boot-starter/389373190/cas-security-spring-boot-autoconfigure, java.awt.graphicsenv=sun.awt.X11GraphicsEnvironment, java.endorsed.dirs=/usr/lib/jvm/java-8-openjdk-amd64/jre/lib/endorsed, os.arch=amd64, surefire.real.class.path=/root/workspace/kakawait/cas-security-spring-boot-starter/389373190/cas-security-spring-boot-autoconfigure/target/surefire/surefirebooter3587080307479363952.jar:/root/./workspace/kakawait/cas-security-spring-boot-starter/389373190/.m2/org/jacoco/org.jacoco.agent/0.8.1/org.jacoco.agent-0.8.1-runtime.jar, gpg.skip=true, java.io.tmpdir=/tmp, line.separator=
, cobertura.skip=true, java.vm.specification.vendor=Oracle Corporation, os.name=Linux, sun.jnu.encoding=UTF-8, license.skip=true, java.library.path=/usr/java/packages/lib/amd64:/usr/lib/x86_64-linux-gnu/jni:/lib/x86_64-linux-gnu:/usr/lib/x86_64-linux-gnu:/usr/lib/jni:/lib:/usr/lib, surefire.test.class.path=/root/workspace/kakawait/cas-security-spring-boot-starter/389373190/cas-security-spring-boot-autoconfigure/target/test-classes:/root/workspace/kakawait/cas-security-spring-boot-starter/389373190/cas-security-spring-boot-autoconfigure/target/classes:/root/./workspace/kakawait/cas-security-spring-boot-starter/389373190/.m2/org/springframework/boot/spring-boot-autoconfigure/2.0.2.RELEASE/spring-boot-autoconfigure-2.0.2.RELEASE.jar:/root/./workspace/kakawait/cas-security-spring-boot-starter/389373190/.m2/org/springframework/boot/spring-boot/2.0.2.RELEASE/spring-boot-2.0.2.RELEASE.jar:/root/./workspace/kakawait/cas-security-spring-boot-starter/389373190/.m2/org/springframework/spring-context/5.0.6.RELEASE/spring-context-5.0.6.RELEASE.jar:/root/workspace/kakawait/cas-security-spring-boot-starter/389373190/spring-security-cas-extension/target/classes:/root/./workspace/kakawait/cas-security-spring-boot-starter/389373190/.m2/org/springframework/security/spring-security-config/5.0.5.RELEASE/spring-security-config-5.0.5.RELEASE.jar:/root/./workspace/kakawait/cas-security-spring-boot-starter/389373190/.m2/org/springframework/security/spring-security-core/5.0.5.RELEASE/spring-security-core-5.0.5.RELEASE.jar:/root/./workspace/kakawait/cas-security-spring-boot-starter/389373190/.m2/org/springframework/spring-aop/5.0.6.RELEASE/spring-aop-5.0.6.RELEASE.jar:/root/./workspace/kakawait/cas-security-spring-boot-starter/389373190/.m2/org/springframework/spring-beans/5.0.6.RELEASE/spring-beans-5.0.6.RELEASE.jar:/root/./workspace/kakawait/cas-security-spring-boot-starter/389373190/.m2/org/springframework/security/spring-security-cas/5.0.5.RELEASE/spring-security-cas-5.0.5.RELEASE.jar:/root/./workspace/kakawait/cas-security-spring-boot-starter/389373190/.m2/org/jasig/cas/client/cas-client-core/3.5.0/cas-client-core-3.5.0.jar:/root/./workspace/kakawait/cas-security-spring-boot-starter/389373190/.m2/com/fasterxml/jackson/core/jackson-databind/2.9.5/jackson-databind-2.9.5.jar:/root/./workspace/kakawait/cas-security-spring-boot-starter/389373190/.m2/com/fasterxml/jackson/core/jackson-annotations/2.9.0/jackson-annotations-2.9.0.jar:/root/./workspace/kakawait/cas-security-spring-boot-starter/389373190/.m2/com/fasterxml/jackson/core/jackson-core/2.9.5/jackson-core-2.9.5.jar:/root/./workspace/kakawait/cas-security-spring-boot-starter/389373190/.m2/org/springframework/security/spring-security-web/5.0.5.RELEASE/spring-security-web-5.0.5.RELEASE.jar:/root/./workspace/kakawait/cas-security-spring-boot-starter/389373190/.m2/org/springframework/spring-web/5.0.6.RELEASE/spring-web-5.0.6.RELEASE.jar:/root/./workspace/kakawait/cas-security-spring-boot-starter/389373190/.m2/org/springframework/spring-webmvc/5.0.6.RELEASE/spring-webmvc-5.0.6.RELEASE.jar:/root/./workspace/kakawait/cas-security-spring-boot-starter/389373190/.m2/org/springframework/spring-expression/5.0.6.RELEASE/spring-expression-5.0.6.RELEASE.jar:/root/./workspace/kakawait/cas-security-spring-boot-starter/389373190/.m2/javax/servlet/javax.servlet-api/3.1.0/javax.servlet-api-3.1.0.jar:/root/./workspace/kakawait/cas-security-spring-boot-starter/389373190/.m2/com/google/code/findbugs/jsr305/3.0.2/jsr305-3.0.2.jar:/root/./workspace/kakawait/cas-security-spring-boot-starter/389373190/.m2/org/projectlombok/lombok/1.16.18/lombok-1.16.18.jar:/root/./workspace/kakawait/cas-security-spring-boot-starter/389373190/.m2/org/springframework/boot/spring-boot-configuration-processor/2.0.2.RELEASE/spring-boot-configuration-processor-2.0.2.RELEASE.jar:/root/./workspace/kakawait/cas-security-spring-boot-starter/389373190/.m2/org/springframework/boot/spring-boot-starter-test/2.0.2.RELEASE/spring-boot-starter-test-2.0.2.RELEASE.jar:/root/./workspace/kakawait/cas-security-spring-boot-starter/389373190/.m2/org/springframework/boot/spring-boot-starter/2.0.2.RELEASE/spring-boot-starter-2.0.2.RELEASE.jar:/root/./workspace/kakawait/cas-security-spring-boot-starter/389373190/.m2/javax/annotation/javax.annotation-api/1.3.2/javax.annotation-api-1.3.2.jar:/root/./workspace/kakawait/cas-security-spring-boot-starter/389373190/.m2/org/yaml/snakeyaml/1.19/snakeyaml-1.19.jar:/root/./workspace/kakawait/cas-security-spring-boot-starter/389373190/.m2/org/springframework/boot/spring-boot-test/2.0.2.RELEASE/spring-boot-test-2.0.2.RELEASE.jar:/root/./workspace/kakawait/cas-security-spring-boot-starter/389373190/.m2/org/springframework/boot/spring-boot-test-autoconfigure/2.0.2.RELEASE/spring-boot-test-autoconfigure-2.0.2.RELEASE.jar:/root/./workspace/kakawait/cas-security-spring-boot-starter/389373190/.m2/com/jayway/jsonpath/json-path/2.4.0/json-path-2.4.0.jar:/root/./workspace/kakawait/cas-security-spring-boot-starter/389373190/.m2/net/minidev/json-smart/2.3/json-smart-2.3.jar:/root/./workspace/kakawait/cas-security-spring-boot-starter/389373190/.m2/net/minidev/accessors-smart/1.2/accessors-smart-1.2.jar:/root/./workspace/kakawait/cas-security-spring-boot-starter/389373190/.m2/org/ow2/asm/asm/5.0.4/asm-5.0.4.jar:/root/./workspace/kakawait/cas-security-spring-boot-starter/389373190/.m2/org/slf4j/slf4j-api/1.7.25/slf4j-api-1.7.25.jar:/root/./workspace/kakawait/cas-security-spring-boot-starter/389373190/.m2/junit/junit/4.12/junit-4.12.jar:/root/./workspace/kakawait/cas-security-spring-boot-starter/389373190/.m2/org/hamcrest/hamcrest-core/1.3/hamcrest-core-1.3.jar:/root/./workspace/kakawait/cas-security-spring-boot-starter/389373190/.m2/org/hamcrest/hamcrest-library/1.3/hamcrest-library-1.3.jar:/root/./workspace/kakawait/cas-security-spring-boot-starter/389373190/.m2/org/skyscreamer/jsonassert/1.5.0/jsonassert-1.5.0.jar:/root/./workspace/kakawait/cas-security-spring-boot-starter/389373190/.m2/com/vaadin/external/google/android-json/0.0.20131108.vaadin1/android-json-0.0.20131108.vaadin1.jar:/root/./workspace/kakawait/cas-security-spring-boot-starter/389373190/.m2/org/springframework/spring-core/5.0.6.RELEASE/spring-core-5.0.6.RELEASE.jar:/root/./workspace/kakawait/cas-security-spring-boot-starter/389373190/.m2/org/springframework/spring-jcl/5.0.6.RELEASE/spring-jcl-5.0.6.RELEASE.jar:/root/./workspace/kakawait/cas-security-spring-boot-starter/389373190/.m2/org/springframework/spring-test/5.0.6.RELEASE/spring-test-5.0.6.RELEASE.jar:/root/./workspace/kakawait/cas-security-spring-boot-starter/389373190/.m2/org/xmlunit/xmlunit-core/2.5.1/xmlunit-core-2.5.1.jar:/root/./workspace/kakawait/cas-security-spring-boot-starter/389373190/.m2/org/springframework/boot/spring-boot-starter-logging/2.0.2.RELEASE/spring-boot-starter-logging-2.0.2.RELEASE.jar:/root/./workspace/kakawait/cas-security-spring-boot-starter/389373190/.m2/ch/qos/logback/logback-classic/1.2.3/logback-classic-1.2.3.jar:/root/./workspace/kakawait/cas-security-spring-boot-starter/389373190/.m2/ch/qos/logback/logback-core/1.2.3/logback-core-1.2.3.jar:/root/./workspace/kakawait/cas-security-spring-boot-starter/389373190/.m2/org/apache/logging/log4j/log4j-to-slf4j/2.10.0/log4j-to-slf4j-2.10.0.jar:/root/./workspace/kakawait/cas-security-spring-boot-starter/389373190/.m2/org/apache/logging/log4j/log4j-api/2.10.0/log4j-api-2.10.0.jar:/root/./workspace/kakawait/cas-security-spring-boot-starter/389373190/.m2/org/slf4j/jul-to-slf4j/1.7.25/jul-to-slf4j-1.7.25.jar:/root/./workspace/kakawait/cas-security-spring-boot-starter/389373190/.m2/org/assertj/assertj-core/3.9.1/assertj-core-3.9.1.jar:/root/./workspace/kakawait/cas-security-spring-boot-starter/389373190/.m2/org/mockito/mockito-core/2.18.0/mockito-core-2.18.0.jar:/root/./workspace/kakawait/cas-security-spring-boot-starter/389373190/.m2/net/bytebuddy/byte-buddy/1.7.11/byte-buddy-1.7.11.jar:/root/./workspace/kakawait/cas-security-spring-boot-starter/389373190/.m2/net/bytebuddy/byte-buddy-agent/1.7.11/byte-buddy-agent-1.7.11.jar:/root/./workspace/kakawait/cas-security-spring-boot-starter/389373190/.m2/org/objenesis/objenesis/2.6/objenesis-2.6.jar:, java.specification.name=Java Platform API Specification, java.class.version=52.0, skip.bower=true, sun.management.compiler=HotSpot 64-Bit Tiered Compilers, maven.repo.local=/root/./workspace/kakawait/cas-security-spring-boot-starter/389373190/.m2, os.version=3.10.0-862.3.2.el7.x86_64, user.home=/root, user.timezone=Europe/Paris, java.awt.printerjob=sun.print.PSPrinterJob, file.encoding=UTF-8, java.specification.version=1.8, java.class.path=/root/workspace/kakawait/cas-security-spring-boot-starter/389373190/cas-security-spring-boot-autoconfigure/target/test-classes:/root/workspace/kakawait/cas-security-spring-boot-starter/389373190/cas-security-spring-boot-autoconfigure/target/classes:/root/./workspace/kakawait/cas-security-spring-boot-starter/389373190/.m2/org/springframework/boot/spring-boot-autoconfigure/2.0.2.RELEASE/spring-boot-autoconfigure-2.0.2.RELEASE.jar:/root/./workspace/kakawait/cas-security-spring-boot-starter/389373190/.m2/org/springframework/boot/spring-boot/2.0.2.RELEASE/spring-boot-2.0.2.RELEASE.jar:/root/./workspace/kakawait/cas-security-spring-boot-starter/389373190/.m2/org/springframework/spring-context/5.0.6.RELEASE/spring-context-5.0.6.RELEASE.jar:/root/workspace/kakawait/cas-security-spring-boot-starter/389373190/spring-security-cas-extension/target/classes:/root/./workspace/kakawait/cas-security-spring-boot-starter/389373190/.m2/org/springframework/security/spring-security-config/5.0.5.RELEASE/spring-security-config-5.0.5.RELEASE.jar:/root/./workspace/kakawait/cas-security-spring-boot-starter/389373190/.m2/org/springframework/security/spring-security-core/5.0.5.RELEASE/spring-security-core-5.0.5.RELEASE.jar:/root/./workspace/kakawait/cas-security-spring-boot-starter/389373190/.m2/org/springframework/spring-aop/5.0.6.RELEASE/spring-aop-5.0.6.RELEASE.jar:/root/./workspace/kakawait/cas-security-spring-boot-starter/389373190/.m2/org/springframework/spring-beans/5.0.6.RELEASE/spring-beans-5.0.6.RELEASE.jar:/root/./workspace/kakawait/cas-security-spring-boot-starter/389373190/.m2/org/springframework/security/spring-security-cas/5.0.5.RELEASE/spring-security-cas-5.0.5.RELEASE.jar:/root/./workspace/kakawait/cas-security-spring-boot-starter/389373190/.m2/org/jasig/cas/client/cas-client-core/3.5.0/cas-client-core-3.5.0.jar:/root/./workspace/kakawait/cas-security-spring-boot-starter/389373190/.m2/com/fasterxml/jackson/core/jackson-databind/2.9.5/jackson-databind-2.9.5.jar:/root/./workspace/kakawait/cas-security-spring-boot-starter/389373190/.m2/com/fasterxml/jackson/core/jackson-annotations/2.9.0/jackson-annotations-2.9.0.jar:/root/./workspace/kakawait/cas-security-spring-boot-starter/389373190/.m2/com/fasterxml/jackson/core/jackson-core/2.9.5/jackson-core-2.9.5.jar:/root/./workspace/kakawait/cas-security-spring-boot-starter/389373190/.m2/org/springframework/security/spring-security-web/5.0.5.RELEASE/spring-security-web-5.0.5.RELEASE.jar:/root/./workspace/kakawait/cas-security-spring-boot-starter/389373190/.m2/org/springframework/spring-web/5.0.6.RELEASE/spring-web-5.0.6.RELEASE.jar:/root/./workspace/kakawait/cas-security-spring-boot-starter/389373190/.m2/org/springframework/spring-webmvc/5.0.6.RELEASE/spring-webmvc-5.0.6.RELEASE.jar:/root/./workspace/kakawait/cas-security-spring-boot-starter/389373190/.m2/org/springframework/spring-expression/5.0.6.RELEASE/spring-expression-5.0.6.RELEASE.jar:/root/./workspace/kakawait/cas-security-spring-boot-starter/389373190/.m2/javax/servlet/javax.servlet-api/3.1.0/javax.servlet-api-3.1.0.jar:/root/./workspace/kakawait/cas-security-spring-boot-starter/389373190/.m2/com/google/code/findbugs/jsr305/3.0.2/jsr305-3.0.2.jar:/root/./workspace/kakawait/cas-security-spring-boot-starter/389373190/.m2/org/projectlombok/lombok/1.16.18/lombok-1.16.18.jar:/root/./workspace/kakawait/cas-security-spring-boot-starter/389373190/.m2/org/springframework/boot/spring-boot-configuration-processor/2.0.2.RELEASE/spring-boot-configuration-processor-2.0.2.RELEASE.jar:/root/./workspace/kakawait/cas-security-spring-boot-starter/389373190/.m2/org/springframework/boot/spring-boot-starter-test/2.0.2.RELEASE/spring-boot-starter-test-2.0.2.RELEASE.jar:/root/./workspace/kakawait/cas-security-spring-boot-starter/389373190/.m2/org/springframework/boot/spring-boot-starter/2.0.2.RELEASE/spring-boot-starter-2.0.2.RELEASE.jar:/root/./workspace/kakawait/cas-security-spring-boot-starter/389373190/.m2/javax/annotation/javax.annotation-api/1.3.2/javax.annotation-api-1.3.2.jar:/root/./workspace/kakawait/cas-security-spring-boot-starter/389373190/.m2/org/yaml/snakeyaml/1.19/snakeyaml-1.19.jar:/root/./workspace/kakawait/cas-security-spring-boot-starter/389373190/.m2/org/springframework/boot/spring-boot-test/2.0.2.RELEASE/spring-boot-test-2.0.2.RELEASE.jar:/root/./workspace/kakawait/cas-security-spring-boot-starter/389373190/.m2/org/springframework/boot/spring-boot-test-autoconfigure/2.0.2.RELEASE/spring-boot-test-autoconfigure-2.0.2.RELEASE.jar:/root/./workspace/kakawait/cas-security-spring-boot-starter/389373190/.m2/com/jayway/jsonpath/json-path/2.4.0/json-path-2.4.0.jar:/root/./workspace/kakawait/cas-security-spring-boot-starter/389373190/.m2/net/minidev/json-smart/2.3/json-smart-2.3.jar:/root/./workspace/kakawait/cas-security-spring-boot-starter/389373190/.m2/net/minidev/accessors-smart/1.2/accessors-smart-1.2.jar:/root/./workspace/kakawait/cas-security-spring-boot-starter/389373190/.m2/org/ow2/asm/asm/5.0.4/asm-5.0.4.jar:/root/./workspace/kakawait/cas-security-spring-boot-starter/389373190/.m2/org/slf4j/slf4j-api/1.7.25/slf4j-api-1.7.25.jar:/root/./workspace/kakawait/cas-security-spring-boot-starter/389373190/.m2/junit/junit/4.12/junit-4.12.jar:/root/./workspace/kakawait/cas-security-spring-boot-starter/389373190/.m2/org/hamcrest/hamcrest-core/1.3/hamcrest-core-1.3.jar:/root/./workspace/kakawait/cas-security-spring-boot-starter/389373190/.m2/org/hamcrest/hamcrest-library/1.3/hamcrest-library-1.3.jar:/root/./workspace/kakawait/cas-security-spring-boot-starter/389373190/.m2/org/skyscreamer/jsonassert/1.5.0/jsonassert-1.5.0.jar:/root/./workspace/kakawait/cas-security-spring-boot-starter/389373190/.m2/com/vaadin/external/google/android-json/0.0.20131108.vaadin1/android-json-0.0.20131108.vaadin1.jar:/root/./workspace/kakawait/cas-security-spring-boot-starter/389373190/.m2/org/springframework/spring-core/5.0.6.RELEASE/spring-core-5.0.6.RELEASE.jar:/root/./workspace/kakawait/cas-security-spring-boot-starter/389373190/.m2/org/springframework/spring-jcl/5.0.6.RELEASE/spring-jcl-5.0.6.RELEASE.jar:/root/./workspace/kakawait/cas-security-spring-boot-starter/389373190/.m2/org/springframework/spring-test/5.0.6.RELEASE/spring-test-5.0.6.RELEASE.jar:/root/./workspace/kakawait/cas-security-spring-boot-starter/389373190/.m2/org/xmlunit/xmlunit-core/2.5.1/xmlunit-core-2.5.1.jar:/root/./workspace/kakawait/cas-security-spring-boot-starter/389373190/.m2/org/springframework/boot/spring-boot-starter-logging/2.0.2.RELEASE/spring-boot-starter-logging-2.0.2.RELEASE.jar:/root/./workspace/kakawait/cas-security-spring-boot-starter/389373190/.m2/ch/qos/logback/logback-classic/1.2.3/logback-classic-1.2.3.jar:/root/./workspace/kakawait/cas-security-spring-boot-starter/389373190/.m2/ch/qos/logback/logback-core/1.2.3/logback-core-1.2.3.jar:/root/./workspace/kakawait/cas-security-spring-boot-starter/389373190/.m2/org/apache/logging/log4j/log4j-to-slf4j/2.10.0/log4j-to-slf4j-2.10.0.jar:/root/./workspace/kakawait/cas-security-spring-boot-starter/389373190/.m2/org/apache/logging/log4j/log4j-api/2.10.0/log4j-api-2.10.0.jar:/root/./workspace/kakawait/cas-security-spring-boot-starter/389373190/.m2/org/slf4j/jul-to-slf4j/1.7.25/jul-to-slf4j-1.7.25.jar:/root/./workspace/kakawait/cas-security-spring-boot-starter/389373190/.m2/org/assertj/assertj-core/3.9.1/assertj-core-3.9.1.jar:/root/./workspace/kakawait/cas-security-spring-boot-starter/389373190/.m2/org/mockito/mockito-core/2.18.0/mockito-core-2.18.0.jar:/root/./workspace/kakawait/cas-security-spring-boot-starter/389373190/.m2/net/bytebuddy/byte-buddy/1.7.11/byte-buddy-1.7.11.jar:/root/./workspace/kakawait/cas-security-spring-boot-starter/389373190/.m2/net/bytebuddy/byte-buddy-agent/1.7.11/byte-buddy-agent-1.7.11.jar:/root/./workspace/kakawait/cas-security-spring-boot-starter/389373190/.m2/org/objenesis/objenesis/2.6/objenesis-2.6.jar:, user.name=root, skipITs=true, java.vm.specification.version=1.8, sun.java.command=/root/workspace/kakawait/cas-security-spring-boot-starter/389373190/cas-security-spring-boot-autoconfigure/target/surefire/surefirebooter3587080307479363952.jar /root/workspace/kakawait/cas-security-spring-boot-starter/389373190/cas-security-spring-boot-autoconfigure/target/surefire/surefire5548356313602441603tmp /root/workspace/kakawait/cas-security-spring-boot-starter/389373190/cas-security-spring-boot-autoconfigure/target/surefire/surefire_175047561840475828tmp, java.home=/usr/lib/jvm/java-8-openjdk-amd64/jre, sun.arch.data.model=64, user.language=en, java.specification.vendor=Oracle Corporation, dependency-check.skip=true, awt.toolkit=sun.awt.X11.XToolkit, java.vm.info=mixed mode, java.version=1.8.0_121, java.ext.dirs=/usr/lib/jvm/java-8-openjdk-amd64/jre/lib/ext:/usr/java/packages/lib/ext, sun.boot.class.path=/usr/lib/jvm/java-8-openjdk-amd64/jre/lib/resources.jar:/usr/lib/jvm/java-8-openjdk-amd64/jre/lib/rt.jar:/usr/lib/jvm/java-8-openjdk-amd64/jre/lib/sunrsasign.jar:/usr/lib/jvm/java-8-openjdk-amd64/jre/lib/jsse.jar:/usr/lib/jvm/java-8-openjdk-amd64/jre/lib/jce.jar:/usr/lib/jvm/java-8-openjdk-amd64/jre/lib/charsets.jar:/usr/lib/jvm/java-8-openjdk-amd64/jre/lib/jfr.jar:/usr/lib/jvm/java-8-openjdk-amd64/jre/classes, rat.skip=true, enforcer.skip=true, java.vendor=Oracle Corporation, localRepository=/root/./workspace/kakawait/cas-security-spring-boot-starter/389373190/.m2, file.separator=/, java.vendor.url.bug=http://bugreport.sun.com/bugreport/, sun.io.unicode.encoding=UnicodeLittle, sun.cpu.endian=little, sun.cpu.isalist=}}, SystemEnvironmentPropertySource@711320119 {name=&apos;systemEnvironment&apos;, properties={PATH=/usr/local/sbin:/usr/local/bin:/usr/sbin:/usr/bin:/sbin:/bin, JAVA_HOME=/usr/lib/jvm/java-8-openjdk-amd64, NOTIFY_TO=, CA_CERTIFICATES_JAVA_VERSION=20161107~bpo8+1, MONGODB_HOST=, BUILD_ID=, LANG=C.UTF-8, MAVEN_HOME=/usr/share/maven, SMTP_SERVER=, MONGODB_NAME=, REPAIR_MODE=repair, PWD=/root/workspace/kakawait/cas-security-spring-boot-starter/389373190/cas-security-spring-boot-autoconfigure, JAVA_VERSION=8u121, GITHUB_OAUTH=, MAVEN_CMD_LINE_ARGS=/root/.m2 -B -D enforcer.skip=true -D dependency-check.skip=true -D skipITs=true -D cobertura.skip=true -D maven.repo.local=/root/./workspace/kakawait/cas-security-spring-boot-starter/389373190/.m2 -D rat.skip=true -D findbugs.skip=true -D skip.bower=true -D gpg.skip=true -D checkstyle.skip=true -D skip.gulp=true -D license.skip=true -D skip.npm=true test, _=/usr/bin/java, OUTPUT=, MAVEN_TERMINATE_CMD=on, MAVEN_CONFIG=/root/.m2, MAVEN_PROJECTBASEDIR=/root/workspace/kakawait/cas-security-spring-boot-starter/389373190, OLDPWD=/root/workspace/kakawait/cas-security-spring-boot-starter/389373190/cas-security-spring-boot-autoconfigure, LOG_FILENAME=repairnator-pipeline_2018-06-07_2016_389373190_5a77b685-d098-401d-b168-01e076b51223, RUN_ID=, HOSTNAME=cyclone1, JAVA_DEBIAN_VERSION=8u121-b13-1~bpo8+1, M2_HOME=/usr/share/maven, REPAIR_TOOLS=AssertFixer, HOME=/root, SHLVL=1, PUSH_URL=}}]
20:17:34.404 [main] DEBUG org.springframework.web.context.support.StandardServletEnvironment - Adding PropertySource &apos;test&apos; with highest search precedence
20:17:34.425 [main] INFO org.springframework.web.context.support.AnnotationConfigWebApplicationContext - Refreshing Root WebApplicationContext: startup date [Thu Jun 07 20:17:34 CEST 2018]; root of context hierarchy
20:17:34.436 [main] DEBUG org.springframework.web.context.support.StandardServletEnvironment - Replacing PropertySource &apos;servletContextInitParams&apos; with &apos;servletContextInitParams&apos;
20:17:34.647 [main] DEBUG org.springframework.context.annotation.ClassPathBeanDefinitionScanner - JSR-250 &apos;javax.annotation.ManagedBean&apos; found and supported for component scanning
20:17:34.676 [main] INFO org.springframework.web.context.support.AnnotationConfigWebApplicationContext - Registering annotated classes: [class com.kakawait.spring.boot.security.cas.CasSecurityAutoConfigurationTest$EmptyConfiguration,class com.kakawait.spring.boot.security.cas.CasSecurityAutoConfigurationTest$DummyAuthenticationManagerConfiguration,class org.springframework.boot.autoconfigure.security.servlet.SecurityFilterAutoConfiguration,class org.springframework.security.config.annotation.configuration.ObjectPostProcessorConfiguration,class org.springframework.security.config.annotation.authentication.configuration.AuthenticationConfiguration,class org.springframework.security.config.annotation.web.configuration.WebSecurityConfiguration,class com.kakawait.spring.boot.security.cas.CasSecurityAutoConfiguration]
20:17:34.978 [main] DEBUG org.springframework.beans.factory.support.DefaultListableBeanFactory - Returning cached instance of singleton bean &apos;autoConfigurationReport&apos;
20:17:35.045 [main] DEBUG org.springframework.beans.factory.support.DefaultListableBeanFactory - Returning cached instance of singleton bean &apos;autoConfigurationReport&apos;
20:17:35.046 [main] DEBUG org.springframework.beans.factory.support.DefaultListableBeanFactory - Returning cached instance of singleton bean &apos;autoConfigurationReport&apos;
20:17:35.054 [main] DEBUG org.springframework.web.context.support.AnnotationConfigWebApplicationContext - Bean factory for Root WebApplicationContext: org.springframework.beans.factory.support.DefaultListableBeanFactory@7fa8fff: defining beans [org.springframework.context.annotation.internalConfigurationAnnotationProcessor,org.springframework.context.annotation.internalAutowiredAnnotationProcessor,org.springframework.context.annotation.internalRequiredAnnotationProcessor,org.springframework.context.annotation.internalCommonAnnotationProcessor,org.springframework.context.event.internalEventListenerProcessor,org.springframework.context.event.internalEventListenerFactory,casSecurityAutoConfigurationTest.EmptyConfiguration,casSecurityAutoConfigurationTest.DummyAuthenticationManagerConfiguration,securityFilterAutoConfiguration,objectPostProcessorConfiguration,authenticationConfiguration,webSecurityConfiguration,casSecurityAutoConfiguration]; root of factory hierarchy
20:17:35.088 [main] DEBUG org.springframework.beans.factory.support.DefaultListableBeanFactory - Registering scope &apos;request&apos; with implementation [org.springframework.web.context.request.RequestScope@5fa9971f]
20:17:35.090 [main] DEBUG org.springframework.beans.factory.support.DefaultListableBeanFactory - Registering scope &apos;session&apos; with implementation [org.springframework.web.context.request.SessionScope@3c2f310c]
20:17:35.093 [main] DEBUG org.springframework.beans.factory.support.DefaultListableBeanFactory - Registering scope &apos;application&apos; with implementation [org.springframework.web.context.support.ServletContextScope@10280879]
20:17:35.122 [main] DEBUG org.springframework.beans.factory.support.DefaultListableBeanFactory - Creating shared instance of singleton bean &apos;org.springframework.context.annotation.internalConfigurationAnnotationProcessor&apos;
20:17:35.123 [main] DEBUG org.springframework.beans.factory.support.DefaultListableBeanFactory - Creating instance of bean &apos;org.springframework.context.annotation.internalConfigurationAnnotationProcessor&apos;
20:17:35.177 [main] DEBUG org.springframework.beans.factory.support.DefaultListableBeanFactory - Eagerly caching bean &apos;org.springframework.context.annotation.internalConfigurationAnnotationProcessor&apos; to allow for resolving potential circular references
20:17:35.182 [main] DEBUG org.springframework.beans.factory.support.DefaultListableBeanFactory - Finished creating instance of bean &apos;org.springframework.context.annotation.internalConfigurationAnnotationProcessor&apos;
20:17:35.247 [main] DEBUG org.springframework.beans.factory.support.DefaultListableBeanFactory - Returning cached instance of singleton bean &apos;autoConfigurationReport&apos;
20:17:35.248 [main] DEBUG org.springframework.beans.factory.support.DefaultListableBeanFactory - Returning cached instance of singleton bean &apos;autoConfigurationReport&apos;
20:17:35.490 [main] DEBUG org.springframework.beans.factory.support.DefaultListableBeanFactory - Returning cached instance of singleton bean &apos;autoConfigurationReport&apos;
20:17:35.491 [main] DEBUG org.springframework.beans.factory.support.DefaultListableBeanFactory - Returning cached instance of singleton bean &apos;autoConfigurationReport&apos;
20:17:35.525 [main] DEBUG org.springframework.beans.factory.support.DefaultListableBeanFactory - Returning cached instance of singleton bean &apos;autoConfigurationReport&apos;
20:17:35.527 [main] DEBUG org.springframework.beans.factory.support.DefaultListableBeanFactory - Returning cached instance of singleton bean &apos;autoConfigurationReport&apos;
20:17:35.585 [main] DEBUG org.springframework.beans.factory.support.DefaultListableBeanFactory - Returning cached instance of singleton bean &apos;autoConfigurationReport&apos;
20:17:35.586 [main] DEBUG org.springframework.beans.factory.support.DefaultListableBeanFactory - Returning cached instance of singleton bean &apos;autoConfigurationReport&apos;
20:17:35.666 [main] DEBUG org.springframework.context.annotation.ConfigurationClassBeanDefinitionReader - Registering bean definition for @Bean method com.kakawait.spring.boot.security.cas.CasSecurityAutoConfigurationTest$DummyAuthenticationManagerConfiguration.authenticationManager()
20:17:35.669 [main] DEBUG org.springframework.beans.factory.support.DefaultListableBeanFactory - Returning cached instance of singleton bean &apos;autoConfigurationReport&apos;
20:17:35.670 [main] DEBUG org.springframework.beans.factory.support.DefaultListableBeanFactory - Returning cached instance of singleton bean &apos;autoConfigurationReport&apos;
20:17:35.674 [main] DEBUG org.springframework.beans.factory.support.DefaultListableBeanFactory - Returning cached instance of singleton bean &apos;autoConfigurationReport&apos;
20:17:35.712 [main] DEBUG org.springframework.context.annotation.ConfigurationClassBeanDefinitionReader - Registering bean definition for @Bean method org.springframework.security.config.annotation.configuration.ObjectPostProcessorConfiguration.objectPostProcessor()
20:17:35.713 [main] DEBUG org.springframework.context.annotation.ConfigurationClassBeanDefinitionReader - Registering bean definition for @Bean method org.springframework.security.config.annotation.authentication.configuration.AuthenticationConfiguration.authenticationManagerBuilder()
20:17:35.714 [main] DEBUG org.springframework.context.annotation.ConfigurationClassBeanDefinitionReader - Registering bean definition for @Bean method org.springframework.security.config.annotation.authentication.configuration.AuthenticationConfiguration.enableGlobalAuthenticationAutowiredConfigurer()
20:17:35.715 [main] DEBUG org.springframework.context.annotation.ConfigurationClassBeanDefinitionReader - Registering bean definition for @Bean method org.springframework.security.config.annotation.authentication.configuration.AuthenticationConfiguration.initializeUserDetailsBeanManagerConfigurer()
20:17:35.716 [main] DEBUG org.springframework.context.annotation.ConfigurationClassBeanDefinitionReader - Registering bean definition for @Bean method org.springframework.security.config.annotation.authentication.configuration.AuthenticationConfiguration.initializeAuthenticationProviderBeanManagerConfigurer()
20:17:35.717 [main] DEBUG org.springframework.context.annotation.ConfigurationClassBeanDefinitionReader - Registering bean definition for @Bean method org.springframework.security.config.annotation.web.configuration.WebSecurityConfiguration.delegatingApplicationListener()
20:17:35.718 [main] DEBUG org.springframework.context.annotation.ConfigurationClassBeanDefinitionReader - Registering bean definition for @Bean method org.springframework.security.config.annotation.web.configuration.WebSecurityConfiguration.webSecurityExpressionHandler()
20:17:35.719 [main] DEBUG org.springframework.context.annotation.ConfigurationClassBeanDefinitionReader - Registering bean definition for @Bean method org.springframework.security.config.annotation.web.configuration.WebSecurityConfiguration.springSecurityFilterChain()
20:17:35.720 [main] DEBUG org.springframework.context.annotation.ConfigurationClassBeanDefinitionReader - Registering bean definition for @Bean method org.springframework.security.config.annotation.web.configuration.WebSecurityConfiguration.privilegeEvaluator()
20:17:35.721 [main] DEBUG org.springframework.context.annotation.ConfigurationClassBeanDefinitionReader - Registering bean definition for @Bean method org.springframework.security.config.annotation.web.configuration.WebSecurityConfiguration.autowiredWebSecurityConfigurersIgnoreParents()
20:17:35.723 [main] DEBUG org.springframework.beans.factory.support.DefaultListableBeanFactory - Returning cached instance of singleton bean &apos;autoConfigurationReport&apos;
20:17:35.730 [main] DEBUG org.springframework.beans.factory.support.DefaultListableBeanFactory - Returning cached instance of singleton bean &apos;autoConfigurationReport&apos;
20:17:35.759 [main] DEBUG org.springframework.core.env.PropertySourcesPropertyResolver - Found key &apos;security.cas.server.base-url&apos; in PropertySource &apos;test&apos; with value of type String
20:17:35.760 [main] DEBUG org.springframework.beans.factory.support.DefaultListableBeanFactory - Returning cached instance of singleton bean &apos;autoConfigurationReport&apos;
20:17:35.761 [main] DEBUG org.springframework.beans.factory.support.DefaultListableBeanFactory - Returning cached instance of singleton bean &apos;autoConfigurationReport&apos;
20:17:35.762 [main] DEBUG org.springframework.context.annotation.ConfigurationClassBeanDefinitionReader - Registered bean definition for imported class &apos;com.kakawait.spring.boot.security.cas.CasSecurityAutoConfiguration$StaticCasSecurityConfiguration&apos;
20:17:35.780 [main] DEBUG org.springframework.beans.factory.support.DefaultListableBeanFactory - Creating shared instance of singleton bean &apos;org.springframework.boot.autoconfigure.condition.BeanTypeRegistry&apos;
20:17:35.780 [main] DEBUG org.springframework.beans.factory.support.DefaultListableBeanFactory - Creating instance of bean &apos;org.springframework.boot.autoconfigure.condition.BeanTypeRegistry&apos;
20:17:35.823 [main] DEBUG org.springframework.beans.factory.support.DefaultListableBeanFactory - Eagerly caching bean &apos;org.springframework.boot.autoconfigure.condition.BeanTypeRegistry&apos; to allow for resolving potential circular references
20:17:35.823 [main] DEBUG org.springframework.beans.factory.support.DefaultListableBeanFactory - Finished creating instance of bean &apos;org.springframework.boot.autoconfigure.condition.BeanTypeRegistry&apos;
20:17:35.860 [main] DEBUG org.springframework.beans.factory.support.DefaultListableBeanFactory - Returning cached instance of singleton bean &apos;autoConfigurationReport&apos;
20:17:35.861 [main] DEBUG org.springframework.context.annotation.ConfigurationClassBeanDefinitionReader - Registering bean definition for @Bean method com.kakawait.spring.boot.security.cas.CasSecurityAutoConfiguration$StaticCasSecurityConfiguration.casAuthenticationEntryPoint()
20:17:35.862 [main] DEBUG org.springframework.beans.factory.support.DefaultListableBeanFactory - Returning cached instance of singleton bean &apos;org.springframework.boot.autoconfigure.condition.BeanTypeRegistry&apos;
20:17:35.863 [main] DEBUG org.springframework.beans.factory.support.DefaultListableBeanFactory - Returning cached instance of singleton bean &apos;autoConfigurationReport&apos;
20:17:35.864 [main] DEBUG org.springframework.context.annotation.ConfigurationClassBeanDefinitionReader - Registering bean definition for @Bean method com.kakawait.spring.boot.security.cas.CasSecurityAutoConfiguration$StaticCasSecurityConfiguration.serviceAuthenticationDetailsSource()
20:17:35.865 [main] DEBUG org.springframework.beans.factory.support.DefaultListableBeanFactory - Returning cached instance of singleton bean &apos;org.springframework.boot.autoconfigure.condition.BeanTypeRegistry&apos;
20:17:35.866 [main] DEBUG org.springframework.beans.factory.support.DefaultListableBeanFactory - Returning cached instance of singleton bean &apos;autoConfigurationReport&apos;
20:17:35.867 [main] DEBUG org.springframework.context.annotation.ConfigurationClassBeanDefinitionReader - Registering bean definition for @Bean method com.kakawait.spring.boot.security.cas.CasSecurityAutoConfiguration$StaticCasSecurityConfiguration.casLogoutSuccessHandler()
20:17:35.867 [main] DEBUG org.springframework.context.annotation.ConfigurationClassBeanDefinitionReader - Registered bean definition for imported class &apos;com.kakawait.spring.boot.security.cas.CasSecurityAutoConfiguration$CasLoginSecurityConfiguration&apos;
20:17:35.868 [main] DEBUG org.springframework.beans.factory.support.DefaultListableBeanFactory - Returning cached instance of singleton bean &apos;org.springframework.boot.autoconfigure.condition.BeanTypeRegistry&apos;
20:17:35.869 [main] DEBUG org.springframework.beans.factory.support.DefaultListableBeanFactory - Returning cached instance of singleton bean &apos;autoConfigurationReport&apos;
20:17:35.870 [main] DEBUG org.springframework.context.annotation.ConfigurationClassBeanDefinitionReader - Registered bean definition for imported class &apos;com.kakawait.spring.boot.security.cas.CasAssertionUserDetailsServiceConfiguration&apos;
20:17:35.875 [main] DEBUG org.springframework.context.annotation.ConfigurationClassBeanDefinitionReader - Registering bean definition for @Bean method com.kakawait.spring.boot.security.cas.CasAssertionUserDetailsServiceConfiguration.defaultRolesAuthenticationUserDetailsService()
20:17:35.876 [main] DEBUG org.springframework.beans.factory.support.DefaultListableBeanFactory - Returning cached instance of singleton bean &apos;org.springframework.boot.autoconfigure.condition.BeanTypeRegistry&apos;
20:17:35.877 [main] DEBUG org.springframework.beans.factory.support.DefaultListableBeanFactory - Returning cached instance of singleton bean &apos;autoConfigurationReport&apos;
20:17:35.879 [main] DEBUG org.springframework.context.annotation.ConfigurationClassBeanDefinitionReader - Registered bean definition for imported class &apos;com.kakawait.spring.boot.security.cas.CasTicketValidatorConfiguration&apos;
20:17:35.881 [main] DEBUG org.springframework.context.annotation.ConfigurationClassBeanDefinitionReader - Registering bean definition for @Bean method com.kakawait.spring.boot.security.cas.CasTicketValidatorConfiguration.ticketValidator()
20:17:35.882 [main] DEBUG org.springframework.context.annotation.ConfigurationClassBeanDefinitionReader - Registered bean definition for imported class &apos;com.kakawait.spring.boot.security.cas.CasSecurityAutoConfiguration$DefaultCasSecurityConfigurerAdapter&apos;
20:17:35.883 [main] DEBUG org.springframework.beans.factory.support.DefaultListableBeanFactory - Returning cached instance of singleton bean &apos;autoConfigurationReport&apos;
20:17:35.884 [main] DEBUG org.springframework.beans.factory.support.DefaultListableBeanFactory - Returning cached instance of singleton bean &apos;org.springframework.boot.autoconfigure.condition.BeanTypeRegistry&apos;
20:17:35.885 [main] DEBUG org.springframework.beans.factory.support.DefaultListableBeanFactory - Returning cached instance of singleton bean &apos;autoConfigurationReport&apos;
20:17:35.886 [main] DEBUG org.springframework.context.annotation.ConfigurationClassBeanDefinitionReader - Registering bean definition for @Bean method com.kakawait.spring.boot.security.cas.CasSecurityAutoConfiguration.serviceProperties()
20:17:35.887 [main] DEBUG org.springframework.beans.factory.support.DefaultListableBeanFactory - Returning cached instance of singleton bean &apos;autoConfigurationReport&apos;
20:17:35.889 [main] DEBUG org.springframework.beans.factory.support.DefaultListableBeanFactory - Returning cached instance of singleton bean &apos;org.springframework.boot.autoconfigure.condition.BeanTypeRegistry&apos;
20:17:35.890 [main] DEBUG org.springframework.beans.factory.support.DefaultListableBeanFactory - Returning cached instance of singleton bean &apos;autoConfigurationReport&apos;
20:17:35.891 [main] DEBUG org.springframework.context.annotation.ConfigurationClassBeanDefinitionReader - Registering bean definition for @Bean method com.kakawait.spring.boot.security.cas.CasSecurityAutoConfiguration.proxyGrantingTicketStorage()
20:17:35.892 [main] DEBUG org.springframework.beans.factory.support.DefaultListableBeanFactory - Returning cached instance of singleton bean &apos;org.springframework.boot.autoconfigure.condition.BeanTypeRegistry&apos;
20:17:35.892 [main] DEBUG org.springframework.beans.factory.support.DefaultListableBeanFactory - Returning cached instance of singleton bean &apos;autoConfigurationReport&apos;
20:17:35.893 [main] DEBUG org.springframework.context.annotation.ConfigurationClassBeanDefinitionReader - Registering bean definition for @Bean method com.kakawait.spring.boot.security.cas.CasSecurityAutoConfiguration.securityContextHolderAssertionProvider()
20:17:35.894 [main] DEBUG org.springframework.beans.factory.support.DefaultListableBeanFactory - Returning cached instance of singleton bean &apos;org.springframework.boot.autoconfigure.condition.BeanTypeRegistry&apos;
20:17:35.895 [main] DEBUG org.springframework.beans.factory.support.DefaultListableBeanFactory - Returning cached instance of singleton bean &apos;autoConfigurationReport&apos;
20:17:35.896 [main] DEBUG org.springframework.context.annotation.ConfigurationClassBeanDefinitionReader - Registering bean definition for @Bean method com.kakawait.spring.boot.security.cas.CasSecurityAutoConfiguration.attributePrincipalProxyTicketProvider()
20:17:35.897 [main] DEBUG org.springframework.beans.factory.support.DefaultListableBeanFactory - Returning cached instance of singleton bean &apos;autoConfigurationReport&apos;
20:17:36.174 [main] DEBUG org.springframework.context.annotation.ConfigurationClassEnhancer - Successfully enhanced com.kakawait.spring.boot.security.cas.CasSecurityAutoConfigurationTest$EmptyConfiguration; enhanced class name is: com.kakawait.spring.boot.security.cas.CasSecurityAutoConfigurationTest$EmptyConfiguration$$EnhancerBySpringCGLIB$$c2ab879d
20:17:36.175 [main] DEBUG org.springframework.context.annotation.ConfigurationClassPostProcessor - Replacing bean definition &apos;casSecurityAutoConfigurationTest.EmptyConfiguration&apos; existing class &apos;com.kakawait.spring.boot.security.cas.CasSecurityAutoConfigurationTest$EmptyConfiguration&apos; with enhanced class &apos;com.kakawait.spring.boot.security.cas.CasSecurityAutoConfigurationTest$EmptyConfiguration$$EnhancerBySpringCGLIB$$c2ab879d&apos;
20:17:36.183 [main] DEBUG org.springframework.context.annotation.ConfigurationClassEnhancer - Successfully enhanced org.springframework.boot.autoconfigure.security.servlet.SecurityFilterAutoConfiguration; enhanced class name is: org.springframework.boot.autoconfigure.security.servlet.SecurityFilterAutoConfiguration$$EnhancerBySpringCGLIB$$ef1683c4
20:17:36.184 [main] DEBUG org.springframework.context.annotation.ConfigurationClassPostProcessor - Replacing bean definition &apos;securityFilterAutoConfiguration&apos; existing class &apos;org.springframework.boot.autoconfigure.security.servlet.SecurityFilterAutoConfiguration&apos; with enhanced class &apos;org.springframework.boot.autoconfigure.security.servlet.SecurityFilterAutoConfiguration$$EnhancerBySpringCGLIB$$ef1683c4&apos;
20:17:36.193 [main] DEBUG org.springframework.context.annotation.ConfigurationClassEnhancer - Successfully enhanced org.springframework.security.config.annotation.configuration.ObjectPostProcessorConfiguration; enhanced class name is: org.springframework.security.config.annotation.configuration.ObjectPostProcessorConfiguration$$EnhancerBySpringCGLIB$$a2055a75
20:17:36.194 [main] DEBUG org.springframework.context.annotation.ConfigurationClassPostProcessor - Replacing bean definition &apos;objectPostProcessorConfiguration&apos; existing class &apos;org.springframework.security.config.annotation.configuration.ObjectPostProcessorConfiguration&apos; with enhanced class &apos;org.springframework.security.config.annotation.configuration.ObjectPostProcessorConfiguration$$EnhancerBySpringCGLIB$$a2055a75&apos;
20:17:36.206 [main] DEBUG org.springframework.context.annotation.ConfigurationClassEnhancer - Successfully enhanced org.springframework.security.config.annotation.authentication.configuration.AuthenticationConfiguration; enhanced class name is: org.springframework.security.config.annotation.authentication.configuration.AuthenticationConfiguration$$EnhancerBySpringCGLIB$$edce64ea
20:17:36.207 [main] DEBUG org.springframework.context.annotation.ConfigurationClassPostProcessor - Replacing bean definition &apos;authenticationConfiguration&apos; existing class &apos;org.springframework.security.config.annotation.authentication.configuration.AuthenticationConfiguration&apos; with enhanced class &apos;org.springframework.security.config.annotation.authentication.configuration.AuthenticationConfiguration$$EnhancerBySpringCGLIB$$edce64ea&apos;
20:17:36.218 [main] DEBUG org.springframework.context.annotation.ConfigurationClassEnhancer - Successfully enhanced org.springframework.security.config.annotation.web.configuration.WebSecurityConfiguration; enhanced class name is: org.springframework.security.config.annotation.web.configuration.WebSecurityConfiguration$$EnhancerBySpringCGLIB$$b088bf2e
20:17:36.219 [main] DEBUG org.springframework.context.annotation.ConfigurationClassPostProcessor - Replacing bean definition &apos;webSecurityConfiguration&apos; existing class &apos;org.springframework.security.config.annotation.web.configuration.WebSecurityConfiguration&apos; with enhanced class &apos;org.springframework.security.config.annotation.web.configuration.WebSecurityConfiguration$$EnhancerBySpringCGLIB$$b088bf2e&apos;
20:17:36.232 [main] DEBUG org.springframework.context.annotation.ConfigurationClassEnhancer - Successfully enhanced com.kakawait.spring.boot.security.cas.CasSecurityAutoConfiguration; enhanced class name is: com.kakawait.spring.boot.security.cas.CasSecurityAutoConfiguration$$EnhancerBySpringCGLIB$$6a1d703e
20:17:36.233 [main] DEBUG org.springframework.context.annotation.ConfigurationClassPostProcessor - Replacing bean definition &apos;casSecurityAutoConfiguration&apos; existing class &apos;com.kakawait.spring.boot.security.cas.CasSecurityAutoConfiguration&apos; with enhanced class &apos;com.kakawait.spring.boot.security.cas.CasSecurityAutoConfiguration$$EnhancerBySpringCGLIB$$6a1d703e&apos;
20:17:36.236 [main] DEBUG org.springframework.beans.factory.support.DefaultListableBeanFactory - Creating shared instance of singleton bean &apos;org.springframework.boot.context.properties.ConfigurationBeanFactoryMetadata&apos;
20:17:36.236 [main] DEBUG org.springframework.beans.factory.support.DefaultListableBeanFactory - Creating instance of bean &apos;org.springframework.boot.context.properties.ConfigurationBeanFactoryMetadata&apos;
20:17:36.236 [main] DEBUG org.springframework.beans.factory.support.DefaultListableBeanFactory - Eagerly caching bean &apos;org.springframework.boot.context.properties.ConfigurationBeanFactoryMetadata&apos; to allow for resolving potential circular references
20:17:36.306 [main] DEBUG org.springframework.beans.factory.support.DefaultListableBeanFactory - Finished creating instance of bean &apos;org.springframework.boot.context.properties.ConfigurationBeanFactoryMetadata&apos;
20:17:36.317 [main] DEBUG org.springframework.beans.factory.support.DefaultListableBeanFactory - Creating shared instance of singleton bean &apos;org.springframework.context.annotation.internalAutowiredAnnotationProcessor&apos;
20:17:36.318 [main] DEBUG org.springframework.beans.factory.support.DefaultListableBeanFactory - Creating instance of bean &apos;org.springframework.context.annotation.internalAutowiredAnnotationProcessor&apos;
20:17:36.320 [main] DEBUG org.springframework.beans.factory.support.DefaultListableBeanFactory - Eagerly caching bean &apos;org.springframework.context.annotation.internalAutowiredAnnotationProcessor&apos; to allow for resolving potential circular references
20:17:36.336 [main] DEBUG org.springframework.beans.factory.support.DefaultListableBeanFactory - Finished creating instance of bean &apos;org.springframework.context.annotation.internalAutowiredAnnotationProcessor&apos;
20:17:36.336 [main] DEBUG org.springframework.beans.factory.support.DefaultListableBeanFactory - Creating shared instance of singleton bean &apos;org.springframework.context.annotation.internalRequiredAnnotationProcessor&apos;
20:17:36.337 [main] DEBUG org.springframework.beans.factory.support.DefaultListableBeanFactory - Creating instance of bean &apos;org.springframework.context.annotation.internalRequiredAnnotationProcessor&apos;
20:17:36.338 [main] DEBUG org.springframework.beans.factory.support.DefaultListableBeanFactory - Eagerly caching bean &apos;org.springframework.context.annotation.internalRequiredAnnotationProcessor&apos; to allow for resolving potential circular references
20:17:36.346 [main] DEBUG org.springframework.beans.factory.support.DefaultListableBeanFactory - Finished creating instance of bean &apos;org.springframework.context.annotation.internalRequiredAnnotationProcessor&apos;
20:17:36.346 [main] DEBUG org.springframework.beans.factory.support.DefaultListableBeanFactory - Creating shared instance of singleton bean &apos;org.springframework.context.annotation.internalCommonAnnotationProcessor&apos;
20:17:36.346 [main] DEBUG org.springframework.beans.factory.support.DefaultListableBeanFactory - Creating instance of bean &apos;org.springframework.context.annotation.internalCommonAnnotationProcessor&apos;
20:17:36.368 [main] DEBUG org.springframework.beans.factory.support.DefaultListableBeanFactory - Eagerly caching bean &apos;org.springframework.context.annotation.internalCommonAnnotationProcessor&apos; to allow for resolving potential circular references
20:17:36.377 [main] DEBUG org.springframework.beans.factory.support.DefaultListableBeanFactory - Finished creating instance of bean &apos;org.springframework.context.annotation.internalCommonAnnotationProcessor&apos;
20:17:36.378 [main] DEBUG org.springframework.beans.factory.support.DefaultListableBeanFactory - Creating shared instance of singleton bean &apos;org.springframework.boot.context.properties.ConfigurationPropertiesBindingPostProcessor&apos;
20:17:36.378 [main] DEBUG org.springframework.beans.factory.support.DefaultListableBeanFactory - Creating instance of bean &apos;org.springframework.boot.context.properties.ConfigurationPropertiesBindingPostProcessor&apos;
20:17:36.379 [main] DEBUG org.springframework.beans.factory.support.DefaultListableBeanFactory - Eagerly caching bean &apos;org.springframework.boot.context.properties.ConfigurationPropertiesBindingPostProcessor&apos; to allow for resolving potential circular references
20:17:36.385 [main] DEBUG org.springframework.beans.factory.support.DefaultListableBeanFactory - Invoking afterPropertiesSet() on bean with name &apos;org.springframework.boot.context.properties.ConfigurationPropertiesBindingPostProcessor&apos;
20:17:36.386 [main] DEBUG org.springframework.beans.factory.support.DefaultListableBeanFactory - Returning cached instance of singleton bean &apos;org.springframework.boot.context.properties.ConfigurationBeanFactoryMetadata&apos;
20:17:36.400 [main] DEBUG org.springframework.beans.factory.support.DefaultListableBeanFactory - Finished creating instance of bean &apos;org.springframework.boot.context.properties.ConfigurationPropertiesBindingPostProcessor&apos;
20:17:36.402 [main] DEBUG org.springframework.web.context.support.AnnotationConfigWebApplicationContext - Unable to locate MessageSource with name &apos;messageSource&apos;: using default [org.springframework.context.support.DelegatingMessageSource@30130a31]
20:17:36.408 [main] DEBUG org.springframework.web.context.support.AnnotationConfigWebApplicationContext - Unable to locate ApplicationEventMulticaster with name &apos;applicationEventMulticaster&apos;: using default [org.springframework.context.event.SimpleApplicationEventMulticaster@570f96b7]
20:17:36.412 [main] DEBUG org.springframework.ui.context.support.UiApplicationContextUtils - Unable to locate ThemeSource with name &apos;themeSource&apos;: using default [org.springframework.ui.context.support.ResourceBundleThemeSource@3ebfe048]
20:17:36.417 [main] DEBUG org.springframework.beans.factory.support.DefaultListableBeanFactory - Pre-instantiating singletons in org.springframework.beans.factory.support.DefaultListableBeanFactory@7fa8fff: defining beans [org.springframework.context.annotation.internalConfigurationAnnotationProcessor,org.springframework.context.annotation.internalAutowiredAnnotationProcessor,org.springframework.context.annotation.internalRequiredAnnotationProcessor,org.springframework.context.annotation.internalCommonAnnotationProcessor,org.springframework.context.event.internalEventListenerProcessor,org.springframework.context.event.internalEventListenerFactory,casSecurityAutoConfigurationTest.EmptyConfiguration,casSecurityAutoConfigurationTest.DummyAuthenticationManagerConfiguration,securityFilterAutoConfiguration,objectPostProcessorConfiguration,authenticationConfiguration,webSecurityConfiguration,casSecurityAutoConfiguration,authenticationManager,spring.security-org.springframework.boot.autoconfigure.security.SecurityProperties,org.springframework.boot.context.properties.ConfigurationPropertiesBindingPostProcessor,org.springframework.boot.context.properties.ConfigurationBeanFactoryMetadata,objectPostProcessor,authenticationManagerBuilder,enableGlobalAuthenticationAutowiredConfigurer,initializeUserDetailsBeanManagerConfigurer,initializeAuthenticationProviderBeanManagerConfigurer,delegatingApplicationListener,webSecurityExpressionHandler,springSecurityFilterChain,privilegeEvaluator,autowiredWebSecurityConfigurersIgnoreParents,com.kakawait.spring.boot.security.cas.CasSecurityAutoConfiguration$StaticCasSecurityConfiguration,org.springframework.boot.autoconfigure.condition.BeanTypeRegistry,casAuthenticationEntryPoint,serviceAuthenticationDetailsSource,casLogoutSuccessHandler,com.kakawait.spring.boot.security.cas.CasSecurityAutoConfiguration$CasLoginSecurityConfiguration,com.kakawait.spring.boot.security.cas.CasAssertionUserDetailsServiceConfiguration,defaultRolesAuthenticationUserDetailsService,com.kakawait.spring.boot.security.cas.CasTicketValidatorConfiguration,ticketValidator,com.kakawait.spring.boot.security.cas.CasSecurityAutoConfiguration$DefaultCasSecurityConfigurerAdapter,serviceProperties,proxyGrantingTicketStorage,securityContextHolderAssertionProvider,attributePrincipalProxyTicketProvider,security.cas-com.kakawait.spring.boot.security.cas.CasSecurityProperties]; root of factory hierarchy
20:17:36.418 [main] DEBUG org.springframework.beans.factory.support.DefaultListableBeanFactory - Returning cached instance of singleton bean &apos;org.springframework.context.annotation.internalConfigurationAnnotationProcessor&apos;
20:17:36.418 [main] DEBUG org.springframework.beans.factory.support.DefaultListableBeanFactory - Returning cached instance of singleton bean &apos;org.springframework.context.annotation.internalAutowiredAnnotationProcessor&apos;
20:17:36.418 [main] DEBUG org.springframework.beans.factory.support.DefaultListableBeanFactory - Returning cached instance of singleton bean &apos;org.springframework.context.annotation.internalRequiredAnnotationProcessor&apos;
20:17:36.418 [main] DEBUG org.springframework.beans.factory.support.DefaultListableBeanFactory - Returning cached instance of singleton bean &apos;org.springframework.context.annotation.internalCommonAnnotationProcessor&apos;
20:17:36.419 [main] DEBUG org.springframework.beans.factory.support.DefaultListableBeanFactory - Creating shared instance of singleton bean &apos;org.springframework.context.event.internalEventListenerProcessor&apos;
20:17:36.419 [main] DEBUG org.springframework.beans.factory.support.DefaultListableBeanFactory - Creating instance of bean &apos;org.springframework.context.event.internalEventListenerProcessor&apos;
20:17:36.434 [main] DEBUG org.springframework.beans.factory.support.DefaultListableBeanFactory - Eagerly caching bean &apos;org.springframework.context.event.internalEventListenerProcessor&apos; to allow for resolving potential circular references
20:17:36.439 [main] DEBUG org.springframework.beans.factory.support.DefaultListableBeanFactory - Finished creating instance of bean &apos;org.springframework.context.event.internalEventListenerProcessor&apos;
20:17:36.439 [main] DEBUG org.springframework.beans.factory.support.DefaultListableBeanFactory - Creating shared instance of singleton bean &apos;org.springframework.context.event.internalEventListenerFactory&apos;
20:17:36.439 [main] DEBUG org.springframework.beans.factory.support.DefaultListableBeanFactory - Creating instance of bean &apos;org.springframework.context.event.internalEventListenerFactory&apos;
20:17:36.440 [main] DEBUG org.springframework.beans.factory.support.DefaultListableBeanFactory - Eagerly caching bean &apos;org.springframework.context.event.internalEventListenerFactory&apos; to allow for resolving potential circular references
20:17:36.446 [main] DEBUG org.springframework.beans.factory.support.DefaultListableBeanFactory - Finished creating instance of bean &apos;org.springframework.context.event.internalEventListenerFactory&apos;
20:17:36.446 [main] DEBUG org.springframework.beans.factory.support.DefaultListableBeanFactory - Creating shared instance of singleton bean &apos;casSecurityAutoConfigurationTest.EmptyConfiguration&apos;
20:17:36.446 [main] DEBUG org.springframework.beans.factory.support.DefaultListableBeanFactory - Creating instance of bean &apos;casSecurityAutoConfigurationTest.EmptyConfiguration&apos;
20:17:36.447 [main] DEBUG org.springframework.beans.factory.support.DefaultListableBeanFactory - Eagerly caching bean &apos;casSecurityAutoConfigurationTest.EmptyConfiguration&apos; to allow for resolving potential circular references
20:17:36.453 [main] DEBUG org.springframework.beans.factory.support.DefaultListableBeanFactory - Finished creating instance of bean &apos;casSecurityAutoConfigurationTest.EmptyConfiguration&apos;
20:17:36.454 [main] DEBUG org.springframework.beans.factory.support.DefaultListableBeanFactory - Creating shared instance of singleton bean &apos;casSecurityAutoConfigurationTest.DummyAuthenticationManagerConfiguration&apos;
20:17:36.454 [main] DEBUG org.springframework.beans.factory.support.DefaultListableBeanFactory - Creating instance of bean &apos;casSecurityAutoConfigurationTest.DummyAuthenticationManagerConfiguration&apos;
20:17:36.454 [main] DEBUG org.springframework.beans.factory.support.DefaultListableBeanFactory - Eagerly caching bean &apos;casSecurityAutoConfigurationTest.DummyAuthenticationManagerConfiguration&apos; to allow for resolving potential circular references
20:17:36.457 [main] DEBUG org.springframework.beans.factory.support.DefaultListableBeanFactory - Finished creating instance of bean &apos;casSecurityAutoConfigurationTest.DummyAuthenticationManagerConfiguration&apos;
20:17:36.457 [main] DEBUG org.springframework.beans.factory.support.DefaultListableBeanFactory - Creating shared instance of singleton bean &apos;securityFilterAutoConfiguration&apos;
20:17:36.457 [main] DEBUG org.springframework.beans.factory.support.DefaultListableBeanFactory - Creating instance of bean &apos;securityFilterAutoConfiguration&apos;
20:17:36.459 [main] DEBUG org.springframework.beans.factory.support.DefaultListableBeanFactory - Eagerly caching bean &apos;securityFilterAutoConfiguration&apos; to allow for resolving potential circular references
20:17:36.463 [main] DEBUG org.springframework.beans.factory.support.DefaultListableBeanFactory - Finished creating instance of bean &apos;securityFilterAutoConfiguration&apos;
20:17:36.463 [main] DEBUG org.springframework.beans.factory.support.DefaultListableBeanFactory - Creating shared instance of singleton bean &apos;objectPostProcessorConfiguration&apos;
20:17:36.463 [main] DEBUG org.springframework.beans.factory.support.DefaultListableBeanFactory - Creating instance of bean &apos;objectPostProcessorConfiguration&apos;
20:17:36.464 [main] DEBUG org.springframework.beans.factory.support.DefaultListableBeanFactory - Eagerly caching bean &apos;objectPostProcessorConfiguration&apos; to allow for resolving potential circular references
20:17:36.469 [main] DEBUG org.springframework.beans.factory.support.DefaultListableBeanFactory - Finished creating instance of bean &apos;objectPostProcessorConfiguration&apos;
20:17:36.469 [main] DEBUG org.springframework.beans.factory.support.DefaultListableBeanFactory - Creating shared instance of singleton bean &apos;authenticationConfiguration&apos;
20:17:36.469 [main] DEBUG org.springframework.beans.factory.support.DefaultListableBeanFactory - Creating instance of bean &apos;authenticationConfiguration&apos;
20:17:36.479 [main] DEBUG org.springframework.beans.factory.annotation.InjectionMetadata - Registered injected element on class [org.springframework.security.config.annotation.authentication.configuration.AuthenticationConfiguration$$EnhancerBySpringCGLIB$$edce64ea]: AutowiredMethodElement for public void org.springframework.security.config.annotation.authentication.configuration.AuthenticationConfiguration.setGlobalAuthenticationConfigurers(java.util.List) throws java.lang.Exception
20:17:36.480 [main] DEBUG org.springframework.beans.factory.annotation.InjectionMetadata - Registered injected element on class [org.springframework.security.config.annotation.authentication.configuration.AuthenticationConfiguration$$EnhancerBySpringCGLIB$$edce64ea]: AutowiredMethodElement for public void org.springframework.security.config.annotation.authentication.configuration.AuthenticationConfiguration.setApplicationContext(org.springframework.context.ApplicationContext)
20:17:36.480 [main] DEBUG org.springframework.beans.factory.annotation.InjectionMetadata - Registered injected element on class [org.springframework.security.config.annotation.authentication.configuration.AuthenticationConfiguration$$EnhancerBySpringCGLIB$$edce64ea]: AutowiredMethodElement for public void org.springframework.security.config.annotation.authentication.configuration.AuthenticationConfiguration.setObjectPostProcessor(org.springframework.security.config.annotation.ObjectPostProcessor)
20:17:36.480 [main] DEBUG org.springframework.beans.factory.support.DefaultListableBeanFactory - Eagerly caching bean &apos;authenticationConfiguration&apos; to allow for resolving potential circular references
20:17:36.480 [main] DEBUG org.springframework.beans.factory.annotation.InjectionMetadata - Processing injected element of bean &apos;authenticationConfiguration&apos;: AutowiredMethodElement for public void org.springframework.security.config.annotation.authentication.configuration.AuthenticationConfiguration.setGlobalAuthenticationConfigurers(java.util.List) throws java.lang.Exception
20:17:36.488 [main] DEBUG org.springframework.beans.factory.support.DefaultListableBeanFactory - Creating shared instance of singleton bean &apos;enableGlobalAuthenticationAutowiredConfigurer&apos;
20:17:36.489 [main] DEBUG org.springframework.beans.factory.support.DefaultListableBeanFactory - Creating instance of bean &apos;enableGlobalAuthenticationAutowiredConfigurer&apos;
20:17:36.495 [main] DEBUG org.springframework.beans.factory.support.DefaultListableBeanFactory - Autowiring by type from bean name &apos;enableGlobalAuthenticationAutowiredConfigurer&apos; via factory method to bean named &apos;org.springframework.web.context.support.AnnotationConfigWebApplicationContext@63b4b9c6&apos;
20:17:36.497 [main] DEBUG org.springframework.beans.factory.support.DefaultListableBeanFactory - Eagerly caching bean &apos;enableGlobalAuthenticationAutowiredConfigurer&apos; to allow for resolving potential circular references
20:17:36.502 [main] DEBUG org.springframework.beans.factory.support.DefaultListableBeanFactory - Finished creating instance of bean &apos;enableGlobalAuthenticationAutowiredConfigurer&apos;
20:17:36.503 [main] DEBUG org.springframework.beans.factory.support.DefaultListableBeanFactory - Creating shared instance of singleton bean &apos;initializeUserDetailsBeanManagerConfigurer&apos;
20:17:36.503 [main] DEBUG org.springframework.beans.factory.support.DefaultListableBeanFactory - Creating instance of bean &apos;initializeUserDetailsBeanManagerConfigurer&apos;
20:17:36.503 [main] DEBUG org.springframework.beans.factory.support.DefaultListableBeanFactory - Autowiring by type from bean name &apos;initializeUserDetailsBeanManagerConfigurer&apos; via factory method to bean named &apos;org.springframework.web.context.support.AnnotationConfigWebApplicationContext@63b4b9c6&apos;
20:17:36.505 [main] DEBUG org.springframework.beans.factory.support.DefaultListableBeanFactory - Eagerly caching bean &apos;initializeUserDetailsBeanManagerConfigurer&apos; to allow for resolving potential circular references
20:17:36.507 [main] DEBUG org.springframework.beans.factory.support.DefaultListableBeanFactory - Finished creating instance of bean &apos;initializeUserDetailsBeanManagerConfigurer&apos;
20:17:36.508 [main] DEBUG org.springframework.beans.factory.support.DefaultListableBeanFactory - Creating shared instance of singleton bean &apos;initializeAuthenticationProviderBeanManagerConfigurer&apos;
20:17:36.508 [main] DEBUG org.springframework.beans.factory.support.DefaultListableBeanFactory - Creating instance of bean &apos;initializeAuthenticationProviderBeanManagerConfigurer&apos;
20:17:36.508 [main] DEBUG org.springframework.beans.factory.support.DefaultListableBeanFactory - Autowiring by type from bean name &apos;initializeAuthenticationProviderBeanManagerConfigurer&apos; via factory method to bean named &apos;org.springframework.web.context.support.AnnotationConfigWebApplicationContext@63b4b9c6&apos;
20:17:36.510 [main] DEBUG org.springframework.beans.factory.support.DefaultListableBeanFactory - Eagerly caching bean &apos;initializeAuthenticationProviderBeanManagerConfigurer&apos; to allow for resolving potential circular references
20:17:36.512 [main] DEBUG org.springframework.beans.factory.support.DefaultListableBeanFactory - Finished creating instance of bean &apos;initializeAuthenticationProviderBeanManagerConfigurer&apos;
20:17:36.534 [main] DEBUG org.springframework.beans.factory.annotation.AutowiredAnnotationBeanPostProcessor - Autowiring by type from bean name &apos;authenticationConfiguration&apos; to bean named &apos;enableGlobalAuthenticationAutowiredConfigurer&apos;
20:17:36.535 [main] DEBUG org.springframework.beans.factory.annotation.AutowiredAnnotationBeanPostProcessor - Autowiring by type from bean name &apos;authenticationConfiguration&apos; to bean named &apos;initializeUserDetailsBeanManagerConfigurer&apos;
20:17:36.535 [main] DEBUG org.springframework.beans.factory.annotation.AutowiredAnnotationBeanPostProcessor - Autowiring by type from bean name &apos;authenticationConfiguration&apos; to bean named &apos;initializeAuthenticationProviderBeanManagerConfigurer&apos;
20:17:36.535 [main] DEBUG org.springframework.beans.factory.annotation.InjectionMetadata - Processing injected element of bean &apos;authenticationConfiguration&apos;: AutowiredMethodElement for public void org.springframework.security.config.annotation.authentication.configuration.AuthenticationConfiguration.setApplicationContext(org.springframework.context.ApplicationContext)
20:17:36.536 [main] DEBUG org.springframework.beans.factory.annotation.AutowiredAnnotationBeanPostProcessor - Autowiring by type from bean name &apos;authenticationConfiguration&apos; to bean named &apos;org.springframework.web.context.support.AnnotationConfigWebApplicationContext@63b4b9c6&apos;
20:17:36.536 [main] DEBUG org.springframework.beans.factory.annotation.InjectionMetadata - Processing injected element of bean &apos;authenticationConfiguration&apos;: AutowiredMethodElement for public void org.springframework.security.config.annotation.authentication.configuration.AuthenticationConfiguration.setObjectPostProcessor(org.springframework.security.config.annotation.ObjectPostProcessor)
20:17:36.540 [main] DEBUG org.springframework.beans.factory.support.DefaultListableBeanFactory - Creating shared instance of singleton bean &apos;objectPostProcessor&apos;
20:17:36.540 [main] DEBUG org.springframework.beans.factory.support.DefaultListableBeanFactory - Creating instance of bean &apos;objectPostProcessor&apos;
20:17:36.540 [main] DEBUG org.springframework.beans.factory.support.DefaultListableBeanFactory - Returning cached instance of singleton bean &apos;objectPostProcessorConfiguration&apos;
20:17:36.542 [main] DEBUG org.springframework.beans.factory.support.DefaultListableBeanFactory - Autowiring by type from bean name &apos;objectPostProcessor&apos; via factory method to bean named &apos;org.springframework.beans.factory.support.DefaultListableBeanFactory@7fa8fff&apos;
20:17:36.576 [main] DEBUG org.springframework.beans.factory.support.DefaultListableBeanFactory - Eagerly caching bean &apos;objectPostProcessor&apos; to allow for resolving potential circular references
20:17:36.581 [main] DEBUG org.springframework.beans.factory.support.DefaultListableBeanFactory - Finished creating instance of bean &apos;objectPostProcessor&apos;
20:17:36.581 [main] DEBUG org.springframework.beans.factory.annotation.AutowiredAnnotationBeanPostProcessor - Autowiring by type from bean name &apos;authenticationConfiguration&apos; to bean named &apos;objectPostProcessor&apos;
20:17:36.581 [main] DEBUG org.springframework.beans.factory.support.DefaultListableBeanFactory - Finished creating instance of bean &apos;authenticationConfiguration&apos;
20:17:36.582 [main] DEBUG org.springframework.beans.factory.support.DefaultListableBeanFactory - Creating shared instance of singleton bean &apos;webSecurityConfiguration&apos;
20:17:36.582 [main] DEBUG org.springframework.beans.factory.support.DefaultListableBeanFactory - Creating instance of bean &apos;webSecurityConfiguration&apos;
20:17:36.590 [main] DEBUG org.springframework.beans.factory.annotation.InjectionMetadata - Registered injected element on class [org.springframework.security.config.annotation.web.configuration.WebSecurityConfiguration$$EnhancerBySpringCGLIB$$b088bf2e]: AutowiredFieldElement for private org.springframework.security.config.annotation.ObjectPostProcessor org.springframework.security.config.annotation.web.configuration.WebSecurityConfiguration.objectObjectPostProcessor
20:17:36.590 [main] DEBUG org.springframework.beans.factory.annotation.InjectionMetadata - Registered injected element on class [org.springframework.security.config.annotation.web.configuration.WebSecurityConfiguration$$EnhancerBySpringCGLIB$$b088bf2e]: AutowiredMethodElement for public void org.springframework.security.config.annotation.web.configuration.WebSecurityConfiguration.setFilterChainProxySecurityConfigurer(org.springframework.security.config.annotation.ObjectPostProcessor,java.util.List) throws java.lang.Exception
20:17:36.591 [main] DEBUG org.springframework.beans.factory.support.DefaultListableBeanFactory - Eagerly caching bean &apos;webSecurityConfiguration&apos; to allow for resolving potential circular references
20:17:36.593 [main] DEBUG org.springframework.beans.factory.annotation.InjectionMetadata - Processing injected element of bean &apos;webSecurityConfiguration&apos;: AutowiredFieldElement for private org.springframework.security.config.annotation.ObjectPostProcessor org.springframework.security.config.annotation.web.configuration.WebSecurityConfiguration.objectObjectPostProcessor
20:17:36.595 [main] DEBUG org.springframework.beans.factory.support.DefaultListableBeanFactory - Returning cached instance of singleton bean &apos;objectPostProcessor&apos;
20:17:36.596 [main] DEBUG org.springframework.beans.factory.annotation.AutowiredAnnotationBeanPostProcessor - Autowiring by type from bean name &apos;webSecurityConfiguration&apos; to bean named &apos;objectPostProcessor&apos;
20:17:36.596 [main] DEBUG org.springframework.beans.factory.annotation.InjectionMetadata - Processing injected element of bean &apos;webSecurityConfiguration&apos;: AutowiredMethodElement for public void org.springframework.security.config.annotation.web.configuration.WebSecurityConfiguration.setFilterChainProxySecurityConfigurer(org.springframework.security.config.annotation.ObjectPostProcessor,java.util.List) throws java.lang.Exception
20:17:36.598 [main] DEBUG org.springframework.beans.factory.support.DefaultListableBeanFactory - Returning cached instance of singleton bean &apos;objectPostProcessor&apos;
20:17:36.673 [main] DEBUG org.springframework.beans.factory.support.DefaultListableBeanFactory - Creating shared instance of singleton bean &apos;autowiredWebSecurityConfigurersIgnoreParents&apos;
20:17:36.674 [main] DEBUG org.springframework.beans.factory.support.DefaultListableBeanFactory - Creating instance of bean &apos;autowiredWebSecurityConfigurersIgnoreParents&apos;
20:17:36.677 [main] DEBUG org.springframework.beans.factory.support.DefaultListableBeanFactory - Autowiring by type from bean name &apos;autowiredWebSecurityConfigurersIgnoreParents&apos; via factory method to bean named &apos;org.springframework.beans.factory.support.DefaultListableBeanFactory@7fa8fff&apos;
20:17:36.678 [main] DEBUG org.springframework.beans.factory.support.DefaultListableBeanFactory - Eagerly caching bean &apos;autowiredWebSecurityConfigurersIgnoreParents&apos; to allow for resolving potential circular references
20:17:36.681 [main] DEBUG org.springframework.beans.factory.support.DefaultListableBeanFactory - Finished creating instance of bean &apos;autowiredWebSecurityConfigurersIgnoreParents&apos;
20:17:36.756 [main] DEBUG org.springframework.beans.factory.support.DefaultListableBeanFactory - Creating shared instance of singleton bean &apos;com.kakawait.spring.boot.security.cas.CasSecurityAutoConfiguration$CasLoginSecurityConfiguration&apos;
20:17:36.756 [main] DEBUG org.springframework.beans.factory.support.DefaultListableBeanFactory - Creating instance of bean &apos;com.kakawait.spring.boot.security.cas.CasSecurityAutoConfiguration$CasLoginSecurityConfiguration&apos;
20:17:36.758 [main] DEBUG org.springframework.beans.factory.support.DefaultListableBeanFactory - Creating shared instance of singleton bean &apos;security.cas-com.kakawait.spring.boot.security.cas.CasSecurityProperties&apos;
20:17:36.758 [main] DEBUG org.springframework.beans.factory.support.DefaultListableBeanFactory - Creating instance of bean &apos;security.cas-com.kakawait.spring.boot.security.cas.CasSecurityProperties&apos;
20:17:36.773 [main] DEBUG org.springframework.beans.factory.support.DefaultListableBeanFactory - Eagerly caching bean &apos;security.cas-com.kakawait.spring.boot.security.cas.CasSecurityProperties&apos; to allow for resolving potential circular references
20:17:36.802 [main] DEBUG org.springframework.beans.factory.support.DefaultListableBeanFactory - Creating instance of bean &apos;org.springframework.boot.context.properties.ConversionServiceDeducer$Factory&apos;
20:17:36.808 [main] DEBUG org.springframework.beans.factory.annotation.InjectionMetadata - Registered injected element on class [org.springframework.boot.context.properties.ConversionServiceDeducer$Factory]: AutowiredMethodElement for public void org.springframework.boot.context.properties.ConversionServiceDeducer$Factory.setGenericConverters(java.util.List)
20:17:36.809 [main] DEBUG org.springframework.beans.factory.annotation.InjectionMetadata - Registered injected element on class [org.springframework.boot.context.properties.ConversionServiceDeducer$Factory]: AutowiredMethodElement for public void org.springframework.boot.context.properties.ConversionServiceDeducer$Factory.setConverters(java.util.List)
20:17:36.809 [main] DEBUG org.springframework.beans.factory.annotation.InjectionMetadata - Processing injected element of bean &apos;org.springframework.boot.context.properties.ConversionServiceDeducer$Factory&apos;: AutowiredMethodElement for public void org.springframework.boot.context.properties.ConversionServiceDeducer$Factory.setGenericConverters(java.util.List)
20:17:36.813 [main] DEBUG org.springframework.beans.factory.annotation.InjectionMetadata - Processing injected element of bean &apos;org.springframework.boot.context.properties.ConversionServiceDeducer$Factory&apos;: AutowiredMethodElement for public void org.springframework.boot.context.properties.ConversionServiceDeducer$Factory.setConverters(java.util.List)
20:17:36.814 [main] DEBUG org.springframework.beans.factory.support.DefaultListableBeanFactory - Finished creating instance of bean &apos;org.springframework.boot.context.properties.ConversionServiceDeducer$Factory&apos;
20:17:37.104 [main] DEBUG org.springframework.beans.factory.support.DefaultListableBeanFactory - Finished creating instance of bean &apos;security.cas-com.kakawait.spring.boot.security.cas.CasSecurityProperties&apos;
20:17:37.105 [main] DEBUG org.springframework.beans.factory.support.DefaultListableBeanFactory - Autowiring by type from bean name &apos;com.kakawait.spring.boot.security.cas.CasSecurityAutoConfiguration$CasLoginSecurityConfiguration&apos; via constructor to bean named &apos;security.cas-com.kakawait.spring.boot.security.cas.CasSecurityProperties&apos;
20:17:37.129 [main] DEBUG org.springframework.beans.factory.annotation.InjectionMetadata - Registered injected element on class [com.kakawait.spring.boot.security.cas.CasSecurityAutoConfiguration$CasLoginSecurityConfiguration]: AutowiredMethodElement for public void org.springframework.security.config.annotation.web.configuration.WebSecurityConfigurerAdapter.setApplicationContext(org.springframework.context.ApplicationContext)
20:17:37.130 [main] DEBUG org.springframework.beans.factory.annotation.InjectionMetadata - Registered injected element on class [com.kakawait.spring.boot.security.cas.CasSecurityAutoConfiguration$CasLoginSecurityConfiguration]: AutowiredMethodElement for public void org.springframework.security.config.annotation.web.configuration.WebSecurityConfigurerAdapter.setObjectPostProcessor(org.springframework.security.config.annotation.ObjectPostProcessor)
20:17:37.144 [main] DEBUG org.springframework.beans.factory.annotation.InjectionMetadata - Registered injected element on class [com.kakawait.spring.boot.security.cas.CasSecurityAutoConfiguration$CasLoginSecurityConfiguration]: AutowiredMethodElement for public void org.springframework.security.config.annotation.web.configuration.WebSecurityConfigurerAdapter.setTrustResolver(org.springframework.security.authentication.AuthenticationTrustResolver)
20:17:37.146 [main] DEBUG org.springframework.beans.factory.annotation.InjectionMetadata - Registered injected element on class [com.kakawait.spring.boot.security.cas.CasSecurityAutoConfiguration$CasLoginSecurityConfiguration]: AutowiredMethodElement for public void org.springframework.security.config.annotation.web.configuration.WebSecurityConfigurerAdapter.setContentNegotationStrategy(org.springframework.web.accept.ContentNegotiationStrategy)
20:17:37.146 [main] DEBUG org.springframework.beans.factory.annotation.InjectionMetadata - Registered injected element on class [com.kakawait.spring.boot.security.cas.CasSecurityAutoConfiguration$CasLoginSecurityConfiguration]: AutowiredMethodElement for public void org.springframework.security.config.annotation.web.configuration.WebSecurityConfigurerAdapter.setAuthenticationConfiguration(org.springframework.security.config.annotation.authentication.configuration.AuthenticationConfiguration)
20:17:37.147 [main] DEBUG org.springframework.beans.factory.support.DefaultListableBeanFactory - Eagerly caching bean &apos;com.kakawait.spring.boot.security.cas.CasSecurityAutoConfiguration$CasLoginSecurityConfiguration&apos; to allow for resolving potential circular references
20:17:37.156 [main] DEBUG org.springframework.beans.factory.annotation.InjectionMetadata - Processing injected element of bean &apos;com.kakawait.spring.boot.security.cas.CasSecurityAutoConfiguration$CasLoginSecurityConfiguration&apos;: AutowiredMethodElement for public void org.springframework.security.config.annotation.web.configuration.WebSecurityConfigurerAdapter.setApplicationContext(org.springframework.context.ApplicationContext)
20:17:37.158 [main] DEBUG org.springframework.beans.factory.annotation.AutowiredAnnotationBeanPostProcessor - Autowiring by type from bean name &apos;com.kakawait.spring.boot.security.cas.CasSecurityAutoConfiguration$CasLoginSecurityConfiguration&apos; to bean named &apos;org.springframework.web.context.support.AnnotationConfigWebApplicationContext@63b4b9c6&apos;
20:17:37.160 [main] DEBUG org.springframework.beans.factory.support.DefaultListableBeanFactory - Returning cached instance of singleton bean &apos;objectPostProcessor&apos;
20:17:37.163 [main] DEBUG org.springframework.beans.factory.annotation.InjectionMetadata - Processing injected element of bean &apos;com.kakawait.spring.boot.security.cas.CasSecurityAutoConfiguration$CasLoginSecurityConfiguration&apos;: AutowiredMethodElement for public void org.springframework.security.config.annotation.web.configuration.WebSecurityConfigurerAdapter.setObjectPostProcessor(org.springframework.security.config.annotation.ObjectPostProcessor)
20:17:37.164 [main] DEBUG org.springframework.beans.factory.support.DefaultListableBeanFactory - Returning cached instance of singleton bean &apos;objectPostProcessor&apos;
20:17:37.165 [main] DEBUG org.springframework.beans.factory.annotation.AutowiredAnnotationBeanPostProcessor - Autowiring by type from bean name &apos;com.kakawait.spring.boot.security.cas.CasSecurityAutoConfiguration$CasLoginSecurityConfiguration&apos; to bean named &apos;objectPostProcessor&apos;
20:17:37.165 [main] DEBUG org.springframework.beans.factory.annotation.InjectionMetadata - Processing injected element of bean &apos;com.kakawait.spring.boot.security.cas.CasSecurityAutoConfiguration$CasLoginSecurityConfiguration&apos;: AutowiredMethodElement for public void org.springframework.security.config.annotation.web.configuration.WebSecurityConfigurerAdapter.setTrustResolver(org.springframework.security.authentication.AuthenticationTrustResolver)
20:17:37.167 [main] DEBUG org.springframework.beans.factory.annotation.InjectionMetadata - Processing injected element of bean &apos;com.kakawait.spring.boot.security.cas.CasSecurityAutoConfiguration$CasLoginSecurityConfiguration&apos;: AutowiredMethodElement for public void org.springframework.security.config.annotation.web.configuration.WebSecurityConfigurerAdapter.setContentNegotationStrategy(org.springframework.web.accept.ContentNegotiationStrategy)
20:17:37.171 [main] DEBUG org.springframework.beans.factory.annotation.InjectionMetadata - Processing injected element of bean &apos;com.kakawait.spring.boot.security.cas.CasSecurityAutoConfiguration$CasLoginSecurityConfiguration&apos;: AutowiredMethodElement for public void org.springframework.security.config.annotation.web.configuration.WebSecurityConfigurerAdapter.setAuthenticationConfiguration(org.springframework.security.config.annotation.authentication.configuration.AuthenticationConfiguration)
20:17:37.173 [main] DEBUG org.springframework.beans.factory.support.DefaultListableBeanFactory - Returning cached instance of singleton bean &apos;authenticationConfiguration&apos;
20:17:37.181 [main] DEBUG org.springframework.beans.factory.annotation.AutowiredAnnotationBeanPostProcessor - Autowiring by type from bean name &apos;com.kakawait.spring.boot.security.cas.CasSecurityAutoConfiguration$CasLoginSecurityConfiguration&apos; to bean named &apos;authenticationConfiguration&apos;
20:17:37.182 [main] DEBUG org.springframework.beans.factory.support.DefaultListableBeanFactory - Finished creating instance of bean &apos;com.kakawait.spring.boot.security.cas.CasSecurityAutoConfiguration$CasLoginSecurityConfiguration&apos;
20:17:37.188 [main] DEBUG org.springframework.beans.factory.annotation.AutowiredAnnotationBeanPostProcessor - Autowiring by type from bean name &apos;webSecurityConfiguration&apos; to bean named &apos;objectPostProcessor&apos;
20:17:37.263 [main] DEBUG org.springframework.beans.factory.support.DefaultListableBeanFactory - Returning cached instance of singleton bean &apos;org.springframework.context.annotation.ConfigurationClassPostProcessor.importRegistry&apos;
20:17:37.264 [main] DEBUG org.springframework.beans.factory.support.DefaultListableBeanFactory - Finished creating instance of bean &apos;webSecurityConfiguration&apos;
20:17:37.264 [main] DEBUG org.springframework.beans.factory.support.DefaultListableBeanFactory - Creating shared instance of singleton bean &apos;casSecurityAutoConfiguration&apos;
20:17:37.264 [main] DEBUG org.springframework.beans.factory.support.DefaultListableBeanFactory - Creating instance of bean &apos;casSecurityAutoConfiguration&apos;
20:17:37.266 [main] DEBUG org.springframework.beans.factory.support.DefaultListableBeanFactory - Eagerly caching bean &apos;casSecurityAutoConfiguration&apos; to allow for resolving potential circular references
20:17:37.270 [main] DEBUG org.springframework.beans.factory.support.DefaultListableBeanFactory - Finished creating instance of bean &apos;casSecurityAutoConfiguration&apos;
20:17:37.271 [main] DEBUG org.springframework.beans.factory.support.DefaultListableBeanFactory - Creating shared instance of singleton bean &apos;authenticationManager&apos;
20:17:37.271 [main] DEBUG org.springframework.beans.factory.support.DefaultListableBeanFactory - Creating instance of bean &apos;authenticationManager&apos;
20:17:37.272 [main] DEBUG org.springframework.beans.factory.support.DefaultListableBeanFactory - Returning cached instance of singleton bean &apos;casSecurityAutoConfigurationTest.DummyAuthenticationManagerConfiguration&apos;
20:17:37.275 [main] DEBUG org.springframework.beans.factory.support.DefaultListableBeanFactory - Eagerly caching bean &apos;authenticationManager&apos; to allow for resolving potential circular references
20:17:37.279 [main] DEBUG org.springframework.beans.factory.support.DefaultListableBeanFactory - Finished creating instance of bean &apos;authenticationManager&apos;
20:17:37.279 [main] DEBUG org.springframework.beans.factory.support.DefaultListableBeanFactory - Creating shared instance of singleton bean &apos;spring.security-org.springframework.boot.autoconfigure.security.SecurityProperties&apos;
20:17:37.279 [main] DEBUG org.springframework.beans.factory.support.DefaultListableBeanFactory - Creating instance of bean &apos;spring.security-org.springframework.boot.autoconfigure.security.SecurityProperties&apos;
20:17:37.281 [main] DEBUG org.springframework.beans.factory.support.DefaultListableBeanFactory - Eagerly caching bean &apos;spring.security-org.springframework.boot.autoconfigure.security.SecurityProperties&apos; to allow for resolving potential circular references
20:17:37.284 [main] DEBUG org.springframework.beans.factory.support.DefaultListableBeanFactory - Finished creating instance of bean &apos;spring.security-org.springframework.boot.autoconfigure.security.SecurityProperties&apos;
20:17:37.284 [main] DEBUG org.springframework.beans.factory.support.DefaultListableBeanFactory - Returning cached instance of singleton bean &apos;org.springframework.boot.context.properties.ConfigurationPropertiesBindingPostProcessor&apos;
20:17:37.284 [main] DEBUG org.springframework.beans.factory.support.DefaultListableBeanFactory - Returning cached instance of singleton bean &apos;org.springframework.boot.context.properties.ConfigurationBeanFactoryMetadata&apos;
20:17:37.285 [main] DEBUG org.springframework.beans.factory.support.DefaultListableBeanFactory - Returning cached instance of singleton bean &apos;objectPostProcessor&apos;
20:17:37.285 [main] DEBUG org.springframework.beans.factory.support.DefaultListableBeanFactory - Creating shared instance of singleton bean &apos;authenticationManagerBuilder&apos;
20:17:37.285 [main] DEBUG org.springframework.beans.factory.support.DefaultListableBeanFactory - Creating instance of bean &apos;authenticationManagerBuilder&apos;
20:17:37.285 [main] DEBUG org.springframework.beans.factory.support.DefaultListableBeanFactory - Returning cached instance of singleton bean &apos;authenticationConfiguration&apos;
20:17:37.286 [main] DEBUG org.springframework.beans.factory.support.DefaultListableBeanFactory - Returning cached instance of singleton bean &apos;objectPostProcessor&apos;
20:17:37.287 [main] DEBUG org.springframework.beans.factory.support.DefaultListableBeanFactory - Autowiring by type from bean name &apos;authenticationManagerBuilder&apos; via factory method to bean named &apos;objectPostProcessor&apos;
20:17:37.287 [main] DEBUG org.springframework.beans.factory.support.DefaultListableBeanFactory - Autowiring by type from bean name &apos;authenticationManagerBuilder&apos; via factory method to bean named &apos;org.springframework.web.context.support.AnnotationConfigWebApplicationContext@63b4b9c6&apos;
20:17:37.331 [main] DEBUG org.springframework.beans.factory.support.DefaultListableBeanFactory - Eagerly caching bean &apos;authenticationManagerBuilder&apos; to allow for resolving potential circular references
20:17:37.341 [main] DEBUG org.springframework.beans.factory.support.DefaultListableBeanFactory - Finished creating instance of bean &apos;authenticationManagerBuilder&apos;
20:17:37.342 [main] DEBUG org.springframework.beans.factory.support.DefaultListableBeanFactory - Returning cached instance of singleton bean &apos;enableGlobalAuthenticationAutowiredConfigurer&apos;
20:17:37.350 [main] DEBUG org.springframework.beans.factory.support.DefaultListableBeanFactory - Returning cached instance of singleton bean &apos;initializeUserDetailsBeanManagerConfigurer&apos;
20:17:37.350 [main] DEBUG org.springframework.beans.factory.support.DefaultListableBeanFactory - Returning cached instance of singleton bean &apos;initializeAuthenticationProviderBeanManagerConfigurer&apos;
20:17:37.350 [main] DEBUG org.springframework.beans.factory.support.DefaultListableBeanFactory - Creating shared instance of singleton bean &apos;delegatingApplicationListener&apos;
20:17:37.355 [main] DEBUG org.springframework.beans.factory.support.DefaultListableBeanFactory - Creating instance of bean &apos;delegatingApplicationListener&apos;
20:17:37.358 [main] DEBUG org.springframework.beans.factory.support.DefaultListableBeanFactory - Eagerly caching bean &apos;delegatingApplicationListener&apos; to allow for resolving potential circular references
20:17:37.376 [main] DEBUG org.springframework.beans.factory.support.DefaultListableBeanFactory - Finished creating instance of bean &apos;delegatingApplicationListener&apos;
20:17:37.376 [main] DEBUG org.springframework.beans.factory.support.DefaultListableBeanFactory - Creating shared instance of singleton bean &apos;springSecurityFilterChain&apos;
20:17:37.377 [main] DEBUG org.springframework.beans.factory.support.DefaultListableBeanFactory - Creating instance of bean &apos;springSecurityFilterChain&apos;
20:17:37.377 [main] DEBUG org.springframework.beans.factory.support.DefaultListableBeanFactory - Returning cached instance of singleton bean &apos;webSecurityConfiguration&apos;
20:17:37.414 [main] DEBUG org.springframework.security.config.annotation.authentication.configuration.AuthenticationConfiguration$EnableGlobalAuthenticationAutowiredConfigurer - Eagerly initializing {}
20:17:37.418 [main] DEBUG org.springframework.security.config.annotation.authentication.configuration.AuthenticationConfiguration$DefaultPasswordEncoderAuthenticationManagerBuilder - No authenticationProviders and no parentAuthenticationManager defined. Returning null.
20:17:37.466 [main] DEBUG org.springframework.aop.framework.ProxyFactoryBean - Advice has changed; recaching singleton instance
20:17:37.471 [main] DEBUG org.springframework.aop.framework.JdkDynamicAopProxy - Creating JDK dynamic proxy: target source is LazyInitTargetSource for target bean &apos;authenticationManager&apos; of type [com.kakawait.spring.boot.security.cas.CasSecurityAutoConfigurationTest$DummyAuthenticationManagerConfiguration$$Lambda$115/1187931768]
20:17:37.483 [main] DEBUG org.springframework.beans.factory.support.DefaultListableBeanFactory - Returning cached instance of singleton bean &apos;authenticationManagerBuilder&apos;
20:17:37.629 [main] DEBUG org.springframework.beans.factory.support.DefaultListableBeanFactory - Creating instance of bean &apos;com.kakawait.spring.boot.security.cas.CasHttpSecurityConfigurer$CasHttpSecurityConfigurerAdapter&apos;
20:17:37.635 [main] DEBUG org.springframework.beans.factory.support.DefaultListableBeanFactory - Creating shared instance of singleton bean &apos;com.kakawait.spring.boot.security.cas.CasSecurityAutoConfiguration$DefaultCasSecurityConfigurerAdapter&apos;
20:17:37.635 [main] DEBUG org.springframework.beans.factory.support.DefaultListableBeanFactory - Creating instance of bean &apos;com.kakawait.spring.boot.security.cas.CasSecurityAutoConfiguration$DefaultCasSecurityConfigurerAdapter&apos;
20:17:37.638 [main] DEBUG org.springframework.beans.factory.support.DefaultListableBeanFactory - Returning cached instance of singleton bean &apos;security.cas-com.kakawait.spring.boot.security.cas.CasSecurityProperties&apos;
20:17:37.644 [main] DEBUG org.springframework.beans.factory.support.DefaultListableBeanFactory - Creating shared instance of singleton bean &apos;defaultRolesAuthenticationUserDetailsService&apos;
20:17:37.645 [main] DEBUG org.springframework.beans.factory.support.DefaultListableBeanFactory - Creating instance of bean &apos;defaultRolesAuthenticationUserDetailsService&apos;
20:17:37.646 [main] DEBUG org.springframework.beans.factory.support.DefaultListableBeanFactory - Creating shared instance of singleton bean &apos;com.kakawait.spring.boot.security.cas.CasAssertionUserDetailsServiceConfiguration&apos;
20:17:37.648 [main] DEBUG org.springframework.beans.factory.support.DefaultListableBeanFactory - Creating instance of bean &apos;com.kakawait.spring.boot.security.cas.CasAssertionUserDetailsServiceConfiguration&apos;
20:17:37.649 [main] DEBUG org.springframework.beans.factory.support.DefaultListableBeanFactory - Eagerly caching bean &apos;com.kakawait.spring.boot.security.cas.CasAssertionUserDetailsServiceConfiguration&apos; to allow for resolving potential circular references
20:17:37.653 [main] DEBUG org.springframework.beans.factory.support.DefaultListableBeanFactory - Finished creating instance of bean &apos;com.kakawait.spring.boot.security.cas.CasAssertionUserDetailsServiceConfiguration&apos;
20:17:37.658 [main] DEBUG org.springframework.beans.factory.support.DefaultListableBeanFactory - Returning cached instance of singleton bean &apos;security.cas-com.kakawait.spring.boot.security.cas.CasSecurityProperties&apos;
20:17:37.660 [main] DEBUG org.springframework.beans.factory.support.DefaultListableBeanFactory - Autowiring by type from bean name &apos;defaultRolesAuthenticationUserDetailsService&apos; via factory method to bean named &apos;security.cas-com.kakawait.spring.boot.security.cas.CasSecurityProperties&apos;
20:17:37.681 [main] DEBUG org.springframework.beans.factory.support.DefaultListableBeanFactory - Eagerly caching bean &apos;defaultRolesAuthenticationUserDetailsService&apos; to allow for resolving potential circular references
20:17:37.686 [main] DEBUG org.springframework.beans.factory.support.DefaultListableBeanFactory - Finished creating instance of bean &apos;defaultRolesAuthenticationUserDetailsService&apos;
20:17:37.687 [main] DEBUG org.springframework.beans.factory.support.DefaultListableBeanFactory - Creating shared instance of singleton bean &apos;serviceAuthenticationDetailsSource&apos;
20:17:37.687 [main] DEBUG org.springframework.beans.factory.support.DefaultListableBeanFactory - Creating instance of bean &apos;serviceAuthenticationDetailsSource&apos;
20:17:37.688 [main] DEBUG org.springframework.beans.factory.support.DefaultListableBeanFactory - Creating shared instance of singleton bean &apos;com.kakawait.spring.boot.security.cas.CasSecurityAutoConfiguration$StaticCasSecurityConfiguration&apos;
20:17:37.688 [main] DEBUG org.springframework.beans.factory.support.DefaultListableBeanFactory - Creating instance of bean &apos;com.kakawait.spring.boot.security.cas.CasSecurityAutoConfiguration$StaticCasSecurityConfiguration&apos;
20:17:37.689 [main] DEBUG org.springframework.beans.factory.support.DefaultListableBeanFactory - Returning cached instance of singleton bean &apos;security.cas-com.kakawait.spring.boot.security.cas.CasSecurityProperties&apos;
20:17:37.690 [main] DEBUG org.springframework.beans.factory.support.DefaultListableBeanFactory - Creating shared instance of singleton bean &apos;serviceProperties&apos;
20:17:37.690 [main] DEBUG org.springframework.beans.factory.support.DefaultListableBeanFactory - Creating instance of bean &apos;serviceProperties&apos;
20:17:37.690 [main] DEBUG org.springframework.beans.factory.support.DefaultListableBeanFactory - Returning cached instance of singleton bean &apos;casSecurityAutoConfiguration&apos;
20:17:37.691 [main] DEBUG org.springframework.beans.factory.support.DefaultListableBeanFactory - Returning cached instance of singleton bean &apos;security.cas-com.kakawait.spring.boot.security.cas.CasSecurityProperties&apos;
20:17:37.691 [main] DEBUG org.springframework.beans.factory.support.DefaultListableBeanFactory - Autowiring by type from bean name &apos;serviceProperties&apos; via factory method to bean named &apos;security.cas-com.kakawait.spring.boot.security.cas.CasSecurityProperties&apos;
20:17:37.722 [main] DEBUG org.springframework.beans.factory.support.DefaultListableBeanFactory - Retrieved dependent beans for bean &apos;springSecurityFilterChain&apos;: [webSecurityExpressionHandler]
20:17:37.724 [main] WARN org.springframework.web.context.support.AnnotationConfigWebApplicationContext - Exception encountered during context initialization - cancelling refresh attempt: org.springframework.beans.factory.BeanCreationException: Error creating bean with name &apos;springSecurityFilterChain&apos; defined in org.springframework.security.config.annotation.web.configuration.WebSecurityConfiguration: Bean instantiation via factory method failed; nested exception is org.springframework.beans.BeanInstantiationException: Failed to instantiate [javax.servlet.Filter]: Factory method &apos;springSecurityFilterChain&apos; threw exception; nested exception is org.springframework.beans.factory.UnsatisfiedDependencyException: Error creating bean with name &apos;com.kakawait.spring.boot.security.cas.CasHttpSecurityConfigurer$CasHttpSecurityConfigurerAdapter&apos;: Unsatisfied dependency expressed through constructor parameter 0; nested exception is org.springframework.beans.factory.UnsatisfiedDependencyException: Error creating bean with name &apos;com.kakawait.spring.boot.security.cas.CasSecurityAutoConfiguration$DefaultCasSecurityConfigurerAdapter&apos;: Unsatisfied dependency expressed through constructor parameter 2; nested exception is org.springframework.beans.factory.UnsatisfiedDependencyException: Error creating bean with name &apos;com.kakawait.spring.boot.security.cas.CasSecurityAutoConfiguration$StaticCasSecurityConfiguration&apos;: Unsatisfied dependency expressed through constructor parameter 1; nested exception is org.springframework.beans.factory.BeanCreationException: Error creating bean with name &apos;serviceProperties&apos; defined in com.kakawait.spring.boot.security.cas.CasSecurityAutoConfiguration: Bean instantiation via factory method failed; nested exception is org.springframework.beans.BeanInstantiationException: Failed to instantiate [org.springframework.security.cas.ServiceProperties]: Factory method &apos;serviceProperties&apos; threw exception; nested exception is java.lang.IllegalArgumentException: Cas service base url must not be null (ref property security.cas.service.base-url)
20:17:37.725 [main] DEBUG org.springframework.beans.factory.support.DefaultListableBeanFactory - Destroying singletons in org.springframework.beans.factory.support.DefaultListableBeanFactory@7fa8fff: defining beans [org.springframework.context.annotation.internalConfigurationAnnotationProcessor,org.springframework.context.annotation.internalAutowiredAnnotationProcessor,org.springframework.context.annotation.internalRequiredAnnotationProcessor,org.springframework.context.annotation.internalCommonAnnotationProcessor,org.springframework.context.event.internalEventListenerProcessor,org.springframework.context.event.internalEventListenerFactory,casSecurityAutoConfigurationTest.EmptyConfiguration,casSecurityAutoConfigurationTest.DummyAuthenticationManagerConfiguration,securityFilterAutoConfiguration,objectPostProcessorConfiguration,authenticationConfiguration,webSecurityConfiguration,casSecurityAutoConfiguration,authenticationManager,spring.security-org.springframework.boot.autoconfigure.security.SecurityProperties,org.springframework.boot.context.properties.ConfigurationPropertiesBindingPostProcessor,org.springframework.boot.context.properties.ConfigurationBeanFactoryMetadata,objectPostProcessor,authenticationManagerBuilder,enableGlobalAuthenticationAutowiredConfigurer,initializeUserDetailsBeanManagerConfigurer,initializeAuthenticationProviderBeanManagerConfigurer,delegatingApplicationListener,webSecurityExpressionHandler,springSecurityFilterChain,privilegeEvaluator,autowiredWebSecurityConfigurersIgnoreParents,com.kakawait.spring.boot.security.cas.CasSecurityAutoConfiguration$StaticCasSecurityConfiguration,org.springframework.boot.autoconfigure.condition.BeanTypeRegistry,casAuthenticationEntryPoint,serviceAuthenticationDetailsSource,casLogoutSuccessHandler,com.kakawait.spring.boot.security.cas.CasSecurityAutoConfiguration$CasLoginSecurityConfiguration,com.kakawait.spring.boot.security.cas.CasAssertionUserDetailsServiceConfiguration,defaultRolesAuthenticationUserDetailsService,com.kakawait.spring.boot.security.cas.CasTicketValidatorConfiguration,ticketValidator,com.kakawait.spring.boot.security.cas.CasSecurityAutoConfiguration$DefaultCasSecurityConfigurerAdapter,serviceProperties,proxyGrantingTicketStorage,securityContextHolderAssertionProvider,attributePrincipalProxyTicketProvider,security.cas-com.kakawait.spring.boot.security.cas.CasSecurityProperties]; root of factory hierarchy
20:17:37.727 [main] DEBUG org.springframework.beans.factory.support.DefaultListableBeanFactory - Retrieved dependent beans for bean &apos;objectPostProcessor&apos;: [authenticationConfiguration, webSecurityConfiguration, com.kakawait.spring.boot.security.cas.CasSecurityAutoConfiguration$CasLoginSecurityConfiguration, authenticationManagerBuilder]
20:17:37.728 [main] DEBUG org.springframework.beans.factory.support.DefaultListableBeanFactory - Retrieved dependent beans for bean &apos;authenticationConfiguration&apos;: [com.kakawait.spring.boot.security.cas.CasSecurityAutoConfiguration$CasLoginSecurityConfiguration]
20:17:37.730 [main] DEBUG org.springframework.beans.factory.support.DisposableBeanAdapter - Invoking destroy() on bean with name &apos;objectPostProcessor&apos;
</system-out>
  </testcase>
  <testcase classname="com.kakawait.spring.boot.security.cas.CasSecurityAutoConfigurationTest" name="autoConfigure_EmptyConfiguration_DefaultCasSecurityConfigurerAdapterBean" time="1.099"/>
  <testcase classname="com.kakawait.spring.boot.security.cas.CasSecurityAutoConfigurationTest" name="autoConfiguration_EmptyConfiguration_AttributePrincipalProxyTicketProviderBean" time="0.314"/>
  <testcase classname="com.kakawait.spring.boot.security.cas.CasSecurityAutoConfigurationTest" name="autoConfigure_DynamicMode_SpecificBeans" time="0.436"/>
  <testcase classname="com.kakawait.spring.boot.security.cas.CasSecurityAutoConfigurationTest" name="autoConfigure_DynamicModeWithoutServiceBaseUrl_NoException" time="0.352"/>
  <testcase classname="com.kakawait.spring.boot.security.cas.CasSecurityAutoConfigurationTest" name="autoConfigure_StaticMode_DefaultBeans" time="0.213"/>
  <testcase classname="com.kakawait.spring.boot.security.cas.CasSecurityAutoConfigurationTest" name="autoConfiguration_DisableProperty_SkipAutoConfiguration" time="0.286"/>
  <testcase classname="com.kakawait.spring.boot.security.cas.CasSecurityAutoConfigurationTest" name="autoConfigure_EmptyConfiguration_ProxyGrantingTicketStorageImplBean" time="0.293"/>
  <testcase classname="com.kakawait.spring.boot.security.cas.CasSecurityAutoConfigurationTest" name="autoConfigure_WithProxyCallbackPathAndCallbackUrl_AbsoluteProxyCallbackUri" time="0.257"/>
  <testcase classname="com.kakawait.spring.boot.security.cas.CasSecurityAutoConfigurationTest" name="autoConfiguration_EmptyConfiguration_SecurityContextHolderAssertionProviderBean" time="0.21"/>
  <testcase classname="com.kakawait.spring.boot.security.cas.CasSecurityAutoConfigurationTest" name="autoConfiguration_MissingCasServerBaseUrl_SkipAutoConfiguration" time="0.119"/>
  <testcase classname="com.kakawait.spring.boot.security.cas.CasSecurityAutoConfigurationTest" name="autoConfigure_WithProxyCallbackPathButWithoutCallbackUrl_RelativeProxyCallbackUri" time="0.252"/>
</testsuite>