<?xml version="1.0" encoding="UTF-8"?>
<!-- Generated by org.testng.reporters.JUnitReportReporter -->
<testsuite hostname="cyclone1" name="org.molgenis.questionnaires.controller.QuestionnaireControllerTest" tests="4" failures="0" timestamp="1 Jun 2018 11:51:05 GMT" time="5.586" errors="0">
  <testcase name="testGetQuestionnaireList" time="0.422" classname="org.molgenis.questionnaires.controller.QuestionnaireControllerTest"/>
  <testcase name="testInit" time="0.050" classname="org.molgenis.questionnaires.controller.QuestionnaireControllerTest"/>
  <testcase name="testStartQuestionnaire" time="0.210" classname="org.molgenis.questionnaires.controller.QuestionnaireControllerTest"/>
  <testcase name="testGetQuestionnaireSubmissionText" time="4.904" classname="org.molgenis.questionnaires.controller.QuestionnaireControllerTest"/>
</testsuite> <!-- org.molgenis.questionnaires.controller.QuestionnaireControllerTest -->
