<?xml version="1.0" encoding="UTF-8"?>
<!-- Generated by org.testng.reporters.JUnitReportReporter -->
<testsuite hostname="cyclone1" name="org.molgenis.questionnaires.service.QuestionnaireServiceTest" tests="6" failures="0" timestamp="1 Jun 2018 11:51:05 GMT" time="0.739" errors="0">
  <testcase name="testGetQuestionnaireSubmissionTextDefault" time="0.001" classname="org.molgenis.questionnaires.service.QuestionnaireServiceTest"/>
  <testcase name="testGetQuestionnairesWithNoExistingRow" time="0.002" classname="org.molgenis.questionnaires.service.QuestionnaireServiceTest"/>
  <testcase name="testGetQuestionnaires" time="0.729" classname="org.molgenis.questionnaires.service.QuestionnaireServiceTest"/>
  <testcase name="testStartQuestionnaire" time="0.004" classname="org.molgenis.questionnaires.service.QuestionnaireServiceTest"/>
  <testcase name="testGetQuestionnaireSubmissionText" time="0.001" classname="org.molgenis.questionnaires.service.QuestionnaireServiceTest"/>
  <testcase name="testStartQuestionnaireAlreadyOpen" time="0.002" classname="org.molgenis.questionnaires.service.QuestionnaireServiceTest"/>
</testsuite> <!-- org.molgenis.questionnaires.service.QuestionnaireServiceTest -->
