<?xml version="1.0" encoding="UTF-8"?>
<testsuite xmlns:xsi="http://www.w3.org/2001/XMLSchema-instance" xsi:schemaLocation="https://maven.apache.org/surefire/maven-surefire-plugin/xsd/surefire-test-report.xsd" name="com.wix.mysql.MysqlTest" time="51.006" tests="1" errors="1" skipped="0" failures="0">
  <properties>
    <property name="java.runtime.name" value="OpenJDK Runtime Environment"/>
    <property name="sun.boot.library.path" value="/usr/lib/jvm/java-8-openjdk-amd64/jre/lib/amd64"/>
    <property name="java.vm.version" value="25.121-b13"/>
    <property name="java.vm.vendor" value="Oracle Corporation"/>
    <property name="maven.multiModuleProjectDirectory" value="/root/workspace/wix/wix-embedded-mysql/383245146"/>
    <property name="java.vendor.url" value="http://java.oracle.com/"/>
    <property name="path.separator" value=":"/>
    <property name="guice.disable.misplaced.annotation.check" value="true"/>
    <property name="skip.gulp" value="true"/>
    <property name="java.vm.name" value="OpenJDK 64-Bit Server VM"/>
    <property name="file.encoding.pkg" value="sun.io"/>
    <property name="sun.java.launcher" value="SUN_STANDARD"/>
    <property name="sun.os.patch.level" value="unknown"/>
    <property name="findbugs.skip" value="true"/>
    <property name="java.vm.specification.name" value="Java Virtual Machine Specification"/>
    <property name="user.dir" value="/root/workspace/wix/wix-embedded-mysql/383245146"/>
    <property name="checkstyle.skip" value="true"/>
    <property name="java.runtime.version" value="1.8.0_121-8u121-b13-1~bpo8+1-b13"/>
    <property name="java.awt.graphicsenv" value="sun.awt.X11GraphicsEnvironment"/>
    <property name="skip.npm" value="true"/>
    <property name="java.endorsed.dirs" value="/usr/lib/jvm/java-8-openjdk-amd64/jre/lib/endorsed"/>
    <property name="os.arch" value="amd64"/>
    <property name="java.io.tmpdir" value="/tmp"/>
    <property name="gpg.skip" value="true"/>
    <property name="line.separator" value="&#10;"/>
    <property name="java.vm.specification.vendor" value="Oracle Corporation"/>
    <property name="cobertura.skip" value="true"/>
    <property name="os.name" value="Linux"/>
    <property name="classworlds.conf" value="/usr/share/maven/bin/m2.conf"/>
    <property name="sun.jnu.encoding" value="UTF-8"/>
    <property name="java.library.path" value="/usr/java/packages/lib/amd64:/usr/lib/x86_64-linux-gnu/jni:/lib/x86_64-linux-gnu:/usr/lib/x86_64-linux-gnu:/usr/lib/jni:/lib:/usr/lib"/>
    <property name="license.skip" value="true"/>
    <property name="java.specification.name" value="Java Platform API Specification"/>
    <property name="java.class.version" value="52.0"/>
    <property name="sun.management.compiler" value="HotSpot 64-Bit Tiered Compilers"/>
    <property name="skip.bower" value="true"/>
    <property name="maven.repo.local" value="/root/./workspace/wix/wix-embedded-mysql/383245146/.m2"/>
    <property name="os.version" value="4.15.0-20-generic"/>
    <property name="user.home" value="/root"/>
    <property name="user.timezone" value="Europe/Paris"/>
    <property name="java.awt.printerjob" value="sun.print.PSPrinterJob"/>
    <property name="java.specification.version" value="1.8"/>
    <property name="file.encoding" value="UTF-8"/>
    <property name="user.name" value="root"/>
    <property name="java.class.path" value="/usr/share/maven/boot/plexus-classworlds-2.5.2.jar"/>
    <property name="skipITs" value="true"/>
    <property name="java.vm.specification.version" value="1.8"/>
    <property name="sun.arch.data.model" value="64"/>
    <property name="java.home" value="/usr/lib/jvm/java-8-openjdk-amd64/jre"/>
    <property name="sun.java.command" value="org.codehaus.plexus.classworlds.launcher.Launcher -B -D enforcer.skip=true -D dependency-check.skip=true -D skipITs=true -D cobertura.skip=true -D maven.repo.local=/root/./workspace/wix/wix-embedded-mysql/383245146/.m2 -D rat.skip=true -D findbugs.skip=true -D skip.bower=true -D gpg.skip=true -D checkstyle.skip=true -D skip.gulp=true -D license.skip=true -D skip.npm=true test"/>
    <property name="java.specification.vendor" value="Oracle Corporation"/>
    <property name="user.language" value="en"/>
    <property name="awt.toolkit" value="sun.awt.X11.XToolkit"/>
    <property name="dependency-check.skip" value="true"/>
    <property name="java.vm.info" value="mixed mode"/>
    <property name="java.version" value="1.8.0_121"/>
    <property name="java.ext.dirs" value="/usr/lib/jvm/java-8-openjdk-amd64/jre/lib/ext:/usr/java/packages/lib/ext"/>
    <property name="securerandom.source" value="file:/dev/./urandom"/>
    <property name="sun.boot.class.path" value="/usr/lib/jvm/java-8-openjdk-amd64/jre/lib/resources.jar:/usr/lib/jvm/java-8-openjdk-amd64/jre/lib/rt.jar:/usr/lib/jvm/java-8-openjdk-amd64/jre/lib/sunrsasign.jar:/usr/lib/jvm/java-8-openjdk-amd64/jre/lib/jsse.jar:/usr/lib/jvm/java-8-openjdk-amd64/jre/lib/jce.jar:/usr/lib/jvm/java-8-openjdk-amd64/jre/lib/charsets.jar:/usr/lib/jvm/java-8-openjdk-amd64/jre/lib/jfr.jar:/usr/lib/jvm/java-8-openjdk-amd64/jre/classes"/>
    <property name="java.vendor" value="Oracle Corporation"/>
    <property name="enforcer.skip" value="true"/>
    <property name="rat.skip" value="true"/>
    <property name="maven.home" value="/usr/share/maven"/>
    <property name="file.separator" value="/"/>
    <property name="java.vendor.url.bug" value="http://bugreport.sun.com/bugreport/"/>
    <property name="sun.cpu.endian" value="little"/>
    <property name="sun.io.unicode.encoding" value="UnicodeLittle"/>
    <property name="sun.cpu.isalist" value=""/>
  </properties>
  <testcase name="mysql should emit exception info with message from &apos;mysql&apos; command output&apos;" classname="com.wix.mysql.MysqlTest" time="0.054">
    <error message="System library &apos;libaio.so.1&apos; missing. Please install it via system package manager, ex. &apos;sudo apt-get install libaio1&apos;.&#10;For details see: http://bugs.mysql.com/bug.php?id=60544" type="com.wix.mysql.exceptions.MissingDependencyException">com.wix.mysql.exceptions.MissingDependencyException: 
System library 'libaio.so.1' missing. Please install it via system package manager, ex. 'sudo apt-get install libaio1'.
For details see: http://bugs.mysql.com/bug.php?id=60544
	at com.wix.mysql.MysqlTest.$anonfun$new$1(MysqlTest.scala:12)
</error>
    <system-out><![CDATA[17:28:50.953 [scala-execution-context-global-16] INFO  com.wix.mysql.EmbeddedMysql - Preparing EmbeddedMysql version 'Version 5.7.19'...
Download Version 5.7.19:Linux:B64 START
Download Version 5.7.19:Linux:B64 DownloadSize: 640650826
Download Version 5.7.19:Linux:B64 0%
Download Version 5.7.19:Linux:B64 5%
Download Version 5.7.19:Linux:B64 10%
Download Version 5.7.19:Linux:B64 15%
Download Version 5.7.19:Linux:B64 20%
Download Version 5.7.19:Linux:B64 25%
Download Version 5.7.19:Linux:B64 30%
Download Version 5.7.19:Linux:B64 35%
Download Version 5.7.19:Linux:B64 40%
Download Version 5.7.19:Linux:B64 45%
Download Version 5.7.19:Linux:B64 50%
Download Version 5.7.19:Linux:B64 55%
Download Version 5.7.19:Linux:B64 60%
Download Version 5.7.19:Linux:B64 65%
Download Version 5.7.19:Linux:B64 70%
Download Version 5.7.19:Linux:B64 75%
Download Version 5.7.19:Linux:B64 80%
Download Version 5.7.19:Linux:B64 85%
Download Version 5.7.19:Linux:B64 90%
Download Version 5.7.19:Linux:B64 95%
Download Version 5.7.19:Linux:B64 100%
Download Version 5.7.19:Linux:B64 downloaded with 23171kb/s
Download Version 5.7.19:Linux:B64 DONE
Extract /root/.embedmysql/MySQL-5.7/mysql-5.7.19-linux-glibc2.12-x86_64.tar.gz START
Extract /root/.embedmysql/MySQL-5.7/mysql-5.7.19-linux-glibc2.12-x86_64.tar.gz extract mysql-5.7.19-linux-glibc2.12-x86_64/bin/mysql
Extract /root/.embedmysql/MySQL-5.7/mysql-5.7.19-linux-glibc2.12-x86_64.tar.gz extract mysql-5.7.19-linux-glibc2.12-x86_64/bin/mysqladmin
Extract /root/.embedmysql/MySQL-5.7/mysql-5.7.19-linux-glibc2.12-x86_64.tar.gz extract mysql-5.7.19-linux-glibc2.12-x86_64/bin/my_print_defaults
Extract /root/.embedmysql/MySQL-5.7/mysql-5.7.19-linux-glibc2.12-x86_64.tar.gz extract mysql-5.7.19-linux-glibc2.12-x86_64/bin/mysqld
Extract /root/.embedmysql/MySQL-5.7/mysql-5.7.19-linux-glibc2.12-x86_64.tar.gz extract mysql-5.7.19-linux-glibc2.12-x86_64/bin/resolveip
Extract /root/.embedmysql/MySQL-5.7/mysql-5.7.19-linux-glibc2.12-x86_64.tar.gz extract mysql-5.7.19-linux-glibc2.12-x86_64/share/english/errmsg.sys
Extract /root/.embedmysql/MySQL-5.7/mysql-5.7.19-linux-glibc2.12-x86_64.tar.gz extract mysql-5.7.19-linux-glibc2.12-x86_64/share/fill_help_tables.sql
Extract /root/.embedmysql/MySQL-5.7/mysql-5.7.19-linux-glibc2.12-x86_64.tar.gz extract mysql-5.7.19-linux-glibc2.12-x86_64/share/mysql_security_commands.sql
Extract /root/.embedmysql/MySQL-5.7/mysql-5.7.19-linux-glibc2.12-x86_64.tar.gz extract mysql-5.7.19-linux-glibc2.12-x86_64/share/mysql_system_tables.sql
Extract /root/.embedmysql/MySQL-5.7/mysql-5.7.19-linux-glibc2.12-x86_64.tar.gz extract mysql-5.7.19-linux-glibc2.12-x86_64/share/mysql_system_tables_data.sql
Extract /root/.embedmysql/MySQL-5.7/mysql-5.7.19-linux-glibc2.12-x86_64.tar.gz nothing left
Extract /root/.embedmysql/MySQL-5.7/mysql-5.7.19-linux-glibc2.12-x86_64.tar.gz DONE
17:29:40.269 [scala-execution-context-global-16] INFO  com.wix.mysql.MysqldExecutable - Preparing mysqld for startup
]]></system-out>
  </testcase>
</testsuite>