<?xml version="1.0" encoding="UTF-8"?>
<!-- Generated by org.testng.reporters.JUnitReportReporter -->
<testsuite hostname="cyclone1" name="org.molgenis.bootstrap.populate.PermissionPopulatorTest" tests="2" failures="0" timestamp="30 May 2018 12:55:22 GMT" time="1.910" errors="0">
  <testcase name="testPopulate" time="1.888" classname="org.molgenis.bootstrap.populate.PermissionPopulatorTest"/>
  <testcase name="testPermissionPopulator" time="0.022" classname="org.molgenis.bootstrap.populate.PermissionPopulatorTest"/>
</testsuite> <!-- org.molgenis.bootstrap.populate.PermissionPopulatorTest -->
