<?xml version="1.0" encoding="UTF-8"?>
<!-- Generated by org.testng.reporters.JUnitReportReporter -->
<testsuite hostname="cyclone1" name="org.molgenis.bootstrap.populate.PermissionRegistryImplTest" tests="1" failures="0" timestamp="6 Jun 2018 14:23:18 GMT" time="2.620" errors="0">
  <testcase name="testGetPermissions" time="2.620" classname="org.molgenis.bootstrap.populate.PermissionRegistryImplTest"/>
</testsuite> <!-- org.molgenis.bootstrap.populate.PermissionRegistryImplTest -->
