<?xml version="1.0" encoding="UTF-8"?>
<!-- Generated by org.testng.reporters.JUnitReportReporter -->
<testsuite hostname="cyclone1" name="org.molgenis.bootstrap.populate.PermissionPopulatorTest" tests="2" failures="0" timestamp="1 Jun 2018 11:42:17 GMT" time="1.982" errors="0">
  <testcase name="testPermissionPopulator" time="1.420" classname="org.molgenis.bootstrap.populate.PermissionPopulatorTest"/>
  <testcase name="testPopulate" time="0.562" classname="org.molgenis.bootstrap.populate.PermissionPopulatorTest"/>
</testsuite> <!-- org.molgenis.bootstrap.populate.PermissionPopulatorTest -->
