<?xml version="1.0" encoding="UTF-8"?>
<!-- Generated by org.testng.reporters.JUnitReportReporter -->
<testsuite hostname="cyclone1" name="org.molgenis.bootstrap.populate.PermissionRegistryImplTest" tests="1" failures="0" timestamp="30 May 2018 12:55:22 GMT" time="1.111" errors="0">
  <testcase name="testGetPermissions" time="1.111" classname="org.molgenis.bootstrap.populate.PermissionRegistryImplTest"/>
</testsuite> <!-- org.molgenis.bootstrap.populate.PermissionRegistryImplTest -->
