<?xml version="1.0" encoding="UTF-8"?>
<!-- Generated by org.testng.reporters.JUnitReportReporter -->
<testsuite hostname="cyclone1" name="org.molgenis.data.vcf.format.VcfToEntityTest" tests="4" failures="0" timestamp="6 Jun 2018 14:22:23 GMT" time="0.039" errors="0">
  <testcase name="testToEntity" time="0.007" classname="org.molgenis.data.vcf.format.VcfToEntityTest"/>
  <testcase name="testGetEntityType" time="0.018" classname="org.molgenis.data.vcf.format.VcfToEntityTest"/>
  <testcase name="testToEntityAlternativeAlleles" time="0.006" classname="org.molgenis.data.vcf.format.VcfToEntityTest"/>
  <testcase name="testToEntityMissingValues" time="0.008" classname="org.molgenis.data.vcf.format.VcfToEntityTest"/>
</testsuite> <!-- org.molgenis.data.vcf.format.VcfToEntityTest -->
