<?xml version="1.0" encoding="UTF-8"?>
<!-- Generated by org.testng.reporters.JUnitReportReporter -->
<testsuite hostname="cyclone1" name="org.molgenis.data.vcf.format.VcfToEntityTest" tests="4" failures="0" timestamp="30 May 2018 12:54:29 GMT" time="0.140" errors="0">
  <testcase name="testToEntity" time="0.010" classname="org.molgenis.data.vcf.format.VcfToEntityTest"/>
  <testcase name="testToEntityMissingValues" time="0.007" classname="org.molgenis.data.vcf.format.VcfToEntityTest"/>
  <testcase name="testGetEntityType" time="0.119" classname="org.molgenis.data.vcf.format.VcfToEntityTest"/>
  <testcase name="testToEntityAlternativeAlleles" time="0.004" classname="org.molgenis.data.vcf.format.VcfToEntityTest"/>
</testsuite> <!-- org.molgenis.data.vcf.format.VcfToEntityTest -->
