<?xml version="1.0" encoding="UTF-8"?>
<!-- Generated by org.testng.reporters.JUnitReportReporter -->
<testsuite hostname="cyclone1" name="org.molgenis.data.vcf.utils.test.VcfUtilsTest" tests="1" failures="0" timestamp="6 Jun 2018 08:49:02 GMT" time="0.007" errors="0">
  <testcase name="createId" time="0.007" classname="org.molgenis.data.vcf.utils.test.VcfUtilsTest"/>
</testsuite> <!-- org.molgenis.data.vcf.utils.test.VcfUtilsTest -->
