<?xml version="1.0" encoding="UTF-8"?>
<!-- Generated by org.testng.reporters.JUnitReportReporter -->
<testsuite hostname="cyclone1" name="org.molgenis.data.vcf.VcfRepositoryTest" tests="4" failures="0" timestamp="4 Jun 2018 11:17:05 GMT" time="0.314" errors="0">
  <testcase name="iterator" time="0.109" classname="org.molgenis.data.vcf.VcfRepositoryTest"/>
  <testcase name="metaData" time="0.017" classname="org.molgenis.data.vcf.VcfRepositoryTest"/>
  <testcase name="iterator_noValues" time="0.017" classname="org.molgenis.data.vcf.VcfRepositoryTest"/>
  <testcase name="testGetEntityType" time="0.171" classname="org.molgenis.data.vcf.VcfRepositoryTest"/>
</testsuite> <!-- org.molgenis.data.vcf.VcfRepositoryTest -->
