<?xml version="1.0" encoding="UTF-8"?>
<!-- Generated by org.testng.reporters.JUnitReportReporter -->
<testsuite hostname="cyclone1" name="org.molgenis.data.vcf.format.VcfToEntityTest" tests="4" failures="0" timestamp="1 Jun 2018 11:41:13 GMT" time="0.511" errors="0">
  <testcase name="testToEntity" time="0.114" classname="org.molgenis.data.vcf.format.VcfToEntityTest"/>
  <testcase name="testToEntityMissingValues" time="0.016" classname="org.molgenis.data.vcf.format.VcfToEntityTest"/>
  <testcase name="testGetEntityType" time="0.316" classname="org.molgenis.data.vcf.format.VcfToEntityTest"/>
  <testcase name="testToEntityAlternativeAlleles" time="0.065" classname="org.molgenis.data.vcf.format.VcfToEntityTest"/>
</testsuite> <!-- org.molgenis.data.vcf.format.VcfToEntityTest -->
