<?xml version="1.0" encoding="UTF-8"?>
<!-- Generated by org.testng.reporters.JUnitReportReporter -->
<testsuite hostname="cyclone1" name="org.molgenis.data.vcf.VcfRepositoryTest" tests="4" failures="0" timestamp="1 Jun 2018 11:41:13 GMT" time="0.214" errors="0">
  <testcase name="iterator_noValues" time="0.015" classname="org.molgenis.data.vcf.VcfRepositoryTest"/>
  <testcase name="iterator" time="0.061" classname="org.molgenis.data.vcf.VcfRepositoryTest"/>
  <testcase name="metaData" time="0.011" classname="org.molgenis.data.vcf.VcfRepositoryTest"/>
  <testcase name="testGetEntityType" time="0.127" classname="org.molgenis.data.vcf.VcfRepositoryTest"/>
</testsuite> <!-- org.molgenis.data.vcf.VcfRepositoryTest -->
