<?xml version="1.0" encoding="UTF-8"?>
<!-- Generated by org.testng.reporters.JUnitReportReporter -->
<testsuite hostname="cyclone1" name="org.molgenis.data.vcf.format.VcfToEntityTest" tests="4" failures="0" timestamp="4 Jun 2018 11:17:05 GMT" time="0.144" errors="0">
  <testcase name="testToEntityMissingValues" time="0.006" classname="org.molgenis.data.vcf.format.VcfToEntityTest"/>
  <testcase name="testToEntity" time="0.010" classname="org.molgenis.data.vcf.format.VcfToEntityTest"/>
  <testcase name="testToEntityAlternativeAlleles" time="0.005" classname="org.molgenis.data.vcf.format.VcfToEntityTest"/>
  <testcase name="testGetEntityType" time="0.123" classname="org.molgenis.data.vcf.format.VcfToEntityTest"/>
</testsuite> <!-- org.molgenis.data.vcf.format.VcfToEntityTest -->
