<?xml version="1.0" encoding="UTF-8"?>
<!-- Generated by org.testng.reporters.JUnitReportReporter -->
<testsuite hostname="cyclone1" name="org.molgenis.data.vcf.VcfRepositoryTest" tests="4" failures="0" timestamp="6 Jun 2018 08:49:02 GMT" time="0.207" errors="0">
  <testcase name="testGetEntityType" time="0.140" classname="org.molgenis.data.vcf.VcfRepositoryTest"/>
  <testcase name="iterator" time="0.040" classname="org.molgenis.data.vcf.VcfRepositoryTest"/>
  <testcase name="iterator_noValues" time="0.015" classname="org.molgenis.data.vcf.VcfRepositoryTest"/>
  <testcase name="metaData" time="0.012" classname="org.molgenis.data.vcf.VcfRepositoryTest"/>
</testsuite> <!-- org.molgenis.data.vcf.VcfRepositoryTest -->
