<?xml version="1.0" encoding="UTF-8"?>
<!-- Generated by org.testng.reporters.JUnitReportReporter -->
<testsuite hostname="cyclone1" name="org.molgenis.data.vcf.importer.VcfImporterServiceTest" tests="13" failures="0" timestamp="1 Jun 2018 11:41:13 GMT" time="1.482" errors="0">
  <testcase name="canImportXls" time="0.001" classname="org.molgenis.data.vcf.importer.VcfImporterServiceTest"/>
  <testcase name="doImportAlreadyExists" time="0.147" classname="org.molgenis.data.vcf.importer.VcfImporterServiceTest"/>
  <testcase name="validateImportWithoutSamplesAlreadyExists" time="0.383" classname="org.molgenis.data.vcf.importer.VcfImporterServiceTest"/>
  <testcase name="doImportUpdate" time="0.001" classname="org.molgenis.data.vcf.importer.VcfImporterServiceTest"/>
  <testcase name="validateImportWithSamplesAlreadyExists" time="0.005" classname="org.molgenis.data.vcf.importer.VcfImporterServiceTest"/>
  <testcase name="canImportVcfGz" time="0.002" classname="org.molgenis.data.vcf.importer.VcfImporterServiceTest"/>
  <testcase name="doImportVcfWithoutSamples" time="0.100" classname="org.molgenis.data.vcf.importer.VcfImporterServiceTest"/>
  <testcase name="doImportVcfWithSamples" time="0.726" classname="org.molgenis.data.vcf.importer.VcfImporterServiceTest"/>
  <testcase name="doImportAddUpdateExisting" time="0.001" classname="org.molgenis.data.vcf.importer.VcfImporterServiceTest"/>
  <testcase name="canImportVcf" time="0.002" classname="org.molgenis.data.vcf.importer.VcfImporterServiceTest"/>
  <testcase name="validateImportWithSamples" time="0.109" classname="org.molgenis.data.vcf.importer.VcfImporterServiceTest"/>
  <testcase name="validateImportWithoutSamples" time="0.003" classname="org.molgenis.data.vcf.importer.VcfImporterServiceTest"/>
  <testcase name="doImportAddIgnoreExisting" time="0.002" classname="org.molgenis.data.vcf.importer.VcfImporterServiceTest"/>
</testsuite> <!-- org.molgenis.data.vcf.importer.VcfImporterServiceTest -->
