<?xml version="1.0" encoding="UTF-8"?>
<!-- Generated by org.testng.reporters.JUnitReportReporter -->
<testsuite hostname="cyclone1" name="org.molgenis.data.vcf.utils.test.VcfUtilsTest" tests="1" failures="0" timestamp="30 May 2018 12:54:29 GMT" time="0.042" errors="0">
  <testcase name="createId" time="0.042" classname="org.molgenis.data.vcf.utils.test.VcfUtilsTest"/>
</testsuite> <!-- org.molgenis.data.vcf.utils.test.VcfUtilsTest -->
