<?xml version="1.0" encoding="UTF-8"?>
<!-- Generated by org.testng.reporters.JUnitReportReporter -->
<testsuite hostname="cyclone1" name="org.molgenis.data.vcf.importer.VcfImporterServiceTest" tests="13" failures="0" timestamp="6 Jun 2018 14:22:23 GMT" time="1.859" errors="0">
  <testcase name="doImportAddIgnoreExisting" time="0.003" classname="org.molgenis.data.vcf.importer.VcfImporterServiceTest"/>
  <testcase name="validateImportWithoutSamplesAlreadyExists" time="0.004" classname="org.molgenis.data.vcf.importer.VcfImporterServiceTest"/>
  <testcase name="doImportAlreadyExists" time="0.440" classname="org.molgenis.data.vcf.importer.VcfImporterServiceTest"/>
  <testcase name="canImportVcfGz" time="0.003" classname="org.molgenis.data.vcf.importer.VcfImporterServiceTest"/>
  <testcase name="doImportVcfWithoutSamples" time="0.109" classname="org.molgenis.data.vcf.importer.VcfImporterServiceTest"/>
  <testcase name="canImportVcf" time="0.012" classname="org.molgenis.data.vcf.importer.VcfImporterServiceTest"/>
  <testcase name="canImportXls" time="0.001" classname="org.molgenis.data.vcf.importer.VcfImporterServiceTest"/>
  <testcase name="doImportVcfWithSamples" time="0.852" classname="org.molgenis.data.vcf.importer.VcfImporterServiceTest"/>
  <testcase name="validateImportWithSamples" time="0.420" classname="org.molgenis.data.vcf.importer.VcfImporterServiceTest"/>
  <testcase name="validateImportWithoutSamples" time="0.003" classname="org.molgenis.data.vcf.importer.VcfImporterServiceTest"/>
  <testcase name="doImportUpdate" time="0.003" classname="org.molgenis.data.vcf.importer.VcfImporterServiceTest"/>
  <testcase name="validateImportWithSamplesAlreadyExists" time="0.005" classname="org.molgenis.data.vcf.importer.VcfImporterServiceTest"/>
  <testcase name="doImportAddUpdateExisting" time="0.004" classname="org.molgenis.data.vcf.importer.VcfImporterServiceTest"/>
</testsuite> <!-- org.molgenis.data.vcf.importer.VcfImporterServiceTest -->
