<?xml version="1.0" encoding="UTF-8"?>
<!-- Generated by org.testng.reporters.JUnitReportReporter -->
<testsuite hostname="cyclone1" name="org.molgenis.data.validation.ConstraintViolationTest" tests="2" failures="0" timestamp="30 May 2018 12:51:09 GMT" time="0.001" errors="0">
  <testcase name="renumberRowIndexRowNumber" time="0.000" classname="org.molgenis.data.validation.ConstraintViolationTest"/>
  <testcase name="renumberRowIndexNoRowNumber" time="0.001" classname="org.molgenis.data.validation.ConstraintViolationTest"/>
</testsuite> <!-- org.molgenis.data.validation.ConstraintViolationTest -->
