<?xml version="1.0" encoding="UTF-8"?>
<!-- Generated by org.testng.reporters.JUnitReportReporter -->
<testsuite hostname="cyclone1" name="org.molgenis.data.validation.ExpressionValidatorTest" tests="7" failures="0" timestamp="7 Jun 2018 14:47:17 GMT" time="0.056" errors="0">
  <testcase name="testResolveBooleanExpression" time="0.044" classname="org.molgenis.data.validation.ExpressionValidatorTest"/>
  <testcase name="testResolveBooleanExpression" time="0.002" classname="org.molgenis.data.validation.ExpressionValidatorTest"/>
  <testcase name="testResolveBooleanExpression" time="0.001" classname="org.molgenis.data.validation.ExpressionValidatorTest"/>
  <testcase name="testResolveBooleanExpression" time="0.001" classname="org.molgenis.data.validation.ExpressionValidatorTest"/>
  <testcase name="testResolveBooleanExpression" time="0.002" classname="org.molgenis.data.validation.ExpressionValidatorTest"/>
  <testcase name="testResolveBooleanExpression" time="0.004" classname="org.molgenis.data.validation.ExpressionValidatorTest"/>
  <testcase name="testResolveBooleanExpressions" time="0.002" classname="org.molgenis.data.validation.ExpressionValidatorTest"/>
</testsuite> <!-- org.molgenis.data.validation.ExpressionValidatorTest -->
