<?xml version="1.0" encoding="UTF-8"?>
<!-- Generated by org.testng.reporters.JUnitReportReporter -->
<testsuite hostname="cyclone1" name="org.molgenis.data.validation.JsonValidatorTest" tests="3" failures="0" timestamp="6 Jun 2018 08:45:44 GMT" time="0.104" errors="0">
  <testcase name="testLoadAndValidateInvalid" time="0.013" classname="org.molgenis.data.validation.JsonValidatorTest"/>
  <testcase name="testLoadSchemaInvalid" time="0.002" classname="org.molgenis.data.validation.JsonValidatorTest"/>
  <testcase name="testLoadAndValidate" time="0.089" classname="org.molgenis.data.validation.JsonValidatorTest"/>
</testsuite> <!-- org.molgenis.data.validation.JsonValidatorTest -->
