<?xml version="1.0" encoding="UTF-8"?>
<!-- Generated by org.testng.reporters.JUnitReportReporter -->
<testsuite hostname="cyclone1" name="org.molgenis.data.validation.JsonValidatorTest" tests="3" failures="0" timestamp="4 Jun 2018 11:13:45 GMT" time="0.092" errors="0">
  <testcase name="testLoadAndValidate" time="0.075" classname="org.molgenis.data.validation.JsonValidatorTest"/>
  <testcase name="testLoadAndValidateInvalid" time="0.017" classname="org.molgenis.data.validation.JsonValidatorTest"/>
  <testcase name="testLoadSchemaInvalid" time="0.000" classname="org.molgenis.data.validation.JsonValidatorTest"/>
</testsuite> <!-- org.molgenis.data.validation.JsonValidatorTest -->
