<?xml version="1.0" encoding="UTF-8"?>
<!-- Generated by org.testng.reporters.JUnitReportReporter -->
<testsuite hostname="cyclone1" name="org.molgenis.data.validation.EntityAttributesValidatorTest" tests="18" failures="0" timestamp="4 Jun 2018 11:13:45 GMT" time="0.115" errors="0">
  <testcase name="checkRangeMaxOnlyInvalid" time="0.008" classname="org.molgenis.data.validation.EntityAttributesValidatorTest"/>
  <testcase name="checkMrefValidWrongType" time="0.009" classname="org.molgenis.data.validation.EntityAttributesValidatorTest"/>
  <testcase name="checkMrefNullValue" time="0.007" classname="org.molgenis.data.validation.EntityAttributesValidatorTest"/>
  <testcase name="checkXrefEntityWrongType" time="0.006" classname="org.molgenis.data.validation.EntityAttributesValidatorTest"/>
  <testcase name="checkXrefEntityWrongType" time="0.008" classname="org.molgenis.data.validation.EntityAttributesValidatorTest"/>
  <testcase name="checkMrefValidWrongType" time="0.008" classname="org.molgenis.data.validation.EntityAttributesValidatorTest"/>
  <testcase name="checkMrefValid" time="0.006" classname="org.molgenis.data.validation.EntityAttributesValidatorTest"/>
  <testcase name="testGetDataValuesForTypeLong" time="0.002" classname="org.molgenis.data.validation.EntityAttributesValidatorTest"/>
  <testcase name="testGetDataValuesForTypeDecimal" time="0.009" classname="org.molgenis.data.validation.EntityAttributesValidatorTest"/>
  <testcase name="checkRangeMinOnlyInvalid" time="0.006" classname="org.molgenis.data.validation.EntityAttributesValidatorTest"/>
  <testcase name="checkRangeMaxOnly" time="0.007" classname="org.molgenis.data.validation.EntityAttributesValidatorTest"/>
  <testcase name="validateNullableExpression" time="0.007" classname="org.molgenis.data.validation.EntityAttributesValidatorTest"/>
  <testcase name="checkRangeMinOnly" time="0.004" classname="org.molgenis.data.validation.EntityAttributesValidatorTest"/>
  <testcase name="checkXrefValid" time="0.006" classname="org.molgenis.data.validation.EntityAttributesValidatorTest"/>
  <testcase name="checkMrefValid" time="0.004" classname="org.molgenis.data.validation.EntityAttributesValidatorTest"/>
  <testcase name="testGetDataValuesForTypeInt" time="0.004" classname="org.molgenis.data.validation.EntityAttributesValidatorTest"/>
  <testcase name="checkMrefNullValue" time="0.008" classname="org.molgenis.data.validation.EntityAttributesValidatorTest"/>
  <testcase name="checkXrefValid" time="0.006" classname="org.molgenis.data.validation.EntityAttributesValidatorTest"/>
</testsuite> <!-- org.molgenis.data.validation.EntityAttributesValidatorTest -->
