<?xml version="1.0" encoding="UTF-8"?>
<!-- Generated by org.testng.reporters.JUnitReportReporter -->
<testsuite hostname="cyclone1" name="org.molgenis.data.validation.meta.EntityTypeRepositoryValidationDecoratorTest" tests="9" failures="0" timestamp="6 Jun 2018 21:43:08 GMT" time="1.834" errors="0">
  <testcase name="addEntityStreamValid" time="0.001" classname="org.molgenis.data.validation.meta.EntityTypeRepositoryValidationDecoratorTest"/>
  <testcase name="updateEntityInvalid" time="0.001" classname="org.molgenis.data.validation.meta.EntityTypeRepositoryValidationDecoratorTest"/>
  <testcase name="addEntityValid" time="0.001" classname="org.molgenis.data.validation.meta.EntityTypeRepositoryValidationDecoratorTest"/>
  <testcase name="addEntityStreamInvalid" time="0.027" classname="org.molgenis.data.validation.meta.EntityTypeRepositoryValidationDecoratorTest"/>
  <testcase name="EntityTypeRepositoryValidationDecorator" time="0.002" classname="org.molgenis.data.validation.meta.EntityTypeRepositoryValidationDecoratorTest"/>
  <testcase name="addEntityInvalid" time="0.444" classname="org.molgenis.data.validation.meta.EntityTypeRepositoryValidationDecoratorTest"/>
  <testcase name="updateEntityStreamInvalid" time="0.002" classname="org.molgenis.data.validation.meta.EntityTypeRepositoryValidationDecoratorTest"/>
  <testcase name="updateEntityStreamValid" time="0.002" classname="org.molgenis.data.validation.meta.EntityTypeRepositoryValidationDecoratorTest"/>
  <testcase name="updateEntityValid" time="1.354" classname="org.molgenis.data.validation.meta.EntityTypeRepositoryValidationDecoratorTest"/>
</testsuite> <!-- org.molgenis.data.validation.meta.EntityTypeRepositoryValidationDecoratorTest -->
