<?xml version="1.0" encoding="UTF-8"?>
<!-- Generated by org.testng.reporters.JUnitReportReporter -->
<testsuite hostname="cyclone1" name="org.molgenis.data.validation.JsonValidatorTest" tests="3" failures="0" timestamp="1 Jun 2018 11:34:22 GMT" time="0.233" errors="0">
  <testcase name="testLoadSchemaInvalid" time="0.003" classname="org.molgenis.data.validation.JsonValidatorTest"/>
  <testcase name="testLoadAndValidate" time="0.157" classname="org.molgenis.data.validation.JsonValidatorTest"/>
  <testcase name="testLoadAndValidateInvalid" time="0.073" classname="org.molgenis.data.validation.JsonValidatorTest"/>
</testsuite> <!-- org.molgenis.data.validation.JsonValidatorTest -->
