<?xml version="1.0" encoding="UTF-8"?>
<!-- Generated by org.testng.reporters.JUnitReportReporter -->
<testsuite hostname="cyclone1" name="org.molgenis.data.validation.meta.PackageValidatorTest" tests="6" failures="0" timestamp="7 Jun 2018 14:47:17 GMT" time="0.160" errors="0">
  <testcase name="testValidatePackageInvalidName" time="0.001" classname="org.molgenis.data.validation.meta.PackageValidatorTest"/>
  <testcase name="testValidateNonSystemPackage" time="0.112" classname="org.molgenis.data.validation.meta.PackageValidatorTest"/>
  <testcase name="testValidateSystemPackageNotInRegistry" time="0.041" classname="org.molgenis.data.validation.meta.PackageValidatorTest"/>
  <testcase name="testValidatePackageValidName" time="0.003" classname="org.molgenis.data.validation.meta.PackageValidatorTest"/>
  <testcase name="testValidatePackageValidNameNoParent" time="0.001" classname="org.molgenis.data.validation.meta.PackageValidatorTest"/>
  <testcase name="testValidateSystemPackageInRegistry" time="0.002" classname="org.molgenis.data.validation.meta.PackageValidatorTest"/>
</testsuite> <!-- org.molgenis.data.validation.meta.PackageValidatorTest -->
