<?xml version="1.0" encoding="UTF-8"?>
<!-- Generated by org.testng.reporters.JUnitReportReporter -->
<testsuite hostname="cyclone1" name="org.molgenis.data.validation.EntityAttributesValidatorTest" tests="18" failures="0" timestamp="6 Jun 2018 08:45:44 GMT" time="0.167" errors="0">
  <testcase name="checkXrefEntityWrongType" time="0.010" classname="org.molgenis.data.validation.EntityAttributesValidatorTest"/>
  <testcase name="checkRangeMaxOnlyInvalid" time="0.004" classname="org.molgenis.data.validation.EntityAttributesValidatorTest"/>
  <testcase name="checkRangeMinOnlyInvalid" time="0.008" classname="org.molgenis.data.validation.EntityAttributesValidatorTest"/>
  <testcase name="checkMrefValidWrongType" time="0.009" classname="org.molgenis.data.validation.EntityAttributesValidatorTest"/>
  <testcase name="checkMrefValid" time="0.005" classname="org.molgenis.data.validation.EntityAttributesValidatorTest"/>
  <testcase name="testGetDataValuesForTypeInt" time="0.003" classname="org.molgenis.data.validation.EntityAttributesValidatorTest"/>
  <testcase name="testGetDataValuesForTypeDecimal" time="0.004" classname="org.molgenis.data.validation.EntityAttributesValidatorTest"/>
  <testcase name="checkMrefValidWrongType" time="0.037" classname="org.molgenis.data.validation.EntityAttributesValidatorTest"/>
  <testcase name="checkMrefNullValue" time="0.010" classname="org.molgenis.data.validation.EntityAttributesValidatorTest"/>
  <testcase name="checkMrefNullValue" time="0.010" classname="org.molgenis.data.validation.EntityAttributesValidatorTest"/>
  <testcase name="testGetDataValuesForTypeLong" time="0.006" classname="org.molgenis.data.validation.EntityAttributesValidatorTest"/>
  <testcase name="checkMrefValid" time="0.006" classname="org.molgenis.data.validation.EntityAttributesValidatorTest"/>
  <testcase name="validateNullableExpression" time="0.016" classname="org.molgenis.data.validation.EntityAttributesValidatorTest"/>
  <testcase name="checkXrefEntityWrongType" time="0.009" classname="org.molgenis.data.validation.EntityAttributesValidatorTest"/>
  <testcase name="checkXrefValid" time="0.012" classname="org.molgenis.data.validation.EntityAttributesValidatorTest"/>
  <testcase name="checkXrefValid" time="0.005" classname="org.molgenis.data.validation.EntityAttributesValidatorTest"/>
  <testcase name="checkRangeMinOnly" time="0.003" classname="org.molgenis.data.validation.EntityAttributesValidatorTest"/>
  <testcase name="checkRangeMaxOnly" time="0.010" classname="org.molgenis.data.validation.EntityAttributesValidatorTest"/>
</testsuite> <!-- org.molgenis.data.validation.EntityAttributesValidatorTest -->
