<?xml version="1.0" encoding="UTF-8"?>
<!-- Generated by org.testng.reporters.JUnitReportReporter -->
<testsuite hostname="cyclone1" name="org.molgenis.data.validation.JsonValidatorTest" tests="3" failures="0" timestamp="6 Jun 2018 14:18:19 GMT" time="0.078" errors="0">
  <testcase name="testLoadSchemaInvalid" time="0.001" classname="org.molgenis.data.validation.JsonValidatorTest"/>
  <testcase name="testLoadAndValidateInvalid" time="0.014" classname="org.molgenis.data.validation.JsonValidatorTest"/>
  <testcase name="testLoadAndValidate" time="0.063" classname="org.molgenis.data.validation.JsonValidatorTest"/>
</testsuite> <!-- org.molgenis.data.validation.JsonValidatorTest -->
