<?xml version="1.0" encoding="UTF-8"?>
<!-- Generated by org.testng.reporters.JUnitReportReporter -->
<testsuite hostname="cyclone1" name="org.molgenis.data.validation.DefaultValueReferenceValidatorImplTest" tests="11" failures="0" timestamp="4 Jun 2018 11:13:45 GMT" time="0.108" errors="0">
  <testcase name="testValidateEntityTypeNotReferencedValidationException" time="0.002" classname="org.molgenis.data.validation.DefaultValueReferenceValidatorImplTest"/>
  <testcase name="testValidateEntityNotReferencedValidationException" time="0.002" classname="org.molgenis.data.validation.DefaultValueReferenceValidatorImplTest"/>
  <testcase name="testValidateEntityNotReferencedByIdValidationException" time="0.002" classname="org.molgenis.data.validation.DefaultValueReferenceValidatorImplTest"/>
  <testcase name="testValidateEntitiesNotReferencedById" time="0.003" classname="org.molgenis.data.validation.DefaultValueReferenceValidatorImplTest"/>
  <testcase name="testDefaultValueReferenceValidatorImpl" time="0.000" classname="org.molgenis.data.validation.DefaultValueReferenceValidatorImplTest"/>
  <testcase name="testValidateEntityTypeNotReferenced" time="0.003" classname="org.molgenis.data.validation.DefaultValueReferenceValidatorImplTest"/>
  <testcase name="testValidateEntityNotReferenced" time="0.002" classname="org.molgenis.data.validation.DefaultValueReferenceValidatorImplTest"/>
  <testcase name="testValidateEntitiesNotReferenced" time="0.086" classname="org.molgenis.data.validation.DefaultValueReferenceValidatorImplTest"/>
  <testcase name="testValidateEntityNotReferencedById" time="0.001" classname="org.molgenis.data.validation.DefaultValueReferenceValidatorImplTest"/>
  <testcase name="testValidateEntitiesNotReferencedByIdValidationException" time="0.005" classname="org.molgenis.data.validation.DefaultValueReferenceValidatorImplTest"/>
  <testcase name="testValidateEntitiesNotReferencedValidationException" time="0.002" classname="org.molgenis.data.validation.DefaultValueReferenceValidatorImplTest"/>
</testsuite> <!-- org.molgenis.data.validation.DefaultValueReferenceValidatorImplTest -->
