<?xml version="1.0" encoding="UTF-8"?>
<!-- Generated by org.testng.reporters.JUnitReportReporter -->
<testsuite hostname="cyclone1" name="org.molgenis.data.validation.meta.TagValidatorTest" tests="2" failures="0" timestamp="6 Jun 2018 08:45:44 GMT" time="0.001" errors="0">
  <testcase name="validateValid" time="0.000" classname="org.molgenis.data.validation.meta.TagValidatorTest"/>
  <testcase name="validateInvalid" time="0.001" classname="org.molgenis.data.validation.meta.TagValidatorTest"/>
</testsuite> <!-- org.molgenis.data.validation.meta.TagValidatorTest -->
