<?xml version="1.0" encoding="UTF-8"?>
<!-- Generated by org.testng.reporters.JUnitReportReporter -->
<testsuite hostname="cyclone1" name="org.molgenis.data.validation.meta.AttributeValidatorTest" tests="28" failures="0" timestamp="30 May 2018 12:51:09 GMT" time="0.940" errors="0">
  <testcase name="testDefaultXref" time="0.396" classname="org.molgenis.data.validation.meta.AttributeValidatorTest"/>
  <testcase name="testAllowedTransition" time="0.002" classname="org.molgenis.data.validation.meta.AttributeValidatorTest"/>
  <testcase name="testDefaultValueDateValid" time="0.003" classname="org.molgenis.data.validation.meta.AttributeValidatorTest"/>
  <testcase name="testAllowedTransition" time="0.001" classname="org.molgenis.data.validation.meta.AttributeValidatorTest"/>
  <testcase name="testDefaultValueHyperlink" time="0.001" classname="org.molgenis.data.validation.meta.AttributeValidatorTest"/>
  <testcase name="testAllowedTransition" time="0.063" classname="org.molgenis.data.validation.meta.AttributeValidatorTest"/>
  <testcase name="testDefaultValueDate" time="0.062" classname="org.molgenis.data.validation.meta.AttributeValidatorTest"/>
  <testcase name="validateMappedByValidEntity" time="0.002" classname="org.molgenis.data.validation.meta.AttributeValidatorTest"/>
  <testcase name="validateMappedByInvalidEntity" time="0.003" classname="org.molgenis.data.validation.meta.AttributeValidatorTest"/>
  <testcase name="testDefaultValueIntValid" time="0.001" classname="org.molgenis.data.validation.meta.AttributeValidatorTest"/>
  <testcase name="testDisallowedTransition" time="0.030" classname="org.molgenis.data.validation.meta.AttributeValidatorTest"/>
  <testcase name="testDefaultValueEnumValid" time="0.001" classname="org.molgenis.data.validation.meta.AttributeValidatorTest"/>
  <testcase name="testDefaultValueLong" time="0.002" classname="org.molgenis.data.validation.meta.AttributeValidatorTest"/>
  <testcase name="testDefaultValueLongValid" time="0.002" classname="org.molgenis.data.validation.meta.AttributeValidatorTest"/>
  <testcase name="validateAttributeInvalidName" time="0.002" classname="org.molgenis.data.validation.meta.AttributeValidatorTest"/>
  <testcase name="testDefaultValueEnum" time="0.002" classname="org.molgenis.data.validation.meta.AttributeValidatorTest"/>
  <testcase name="testDefaultXrefInvalid" time="0.004" classname="org.molgenis.data.validation.meta.AttributeValidatorTest"/>
  <testcase name="validateMappedByInvalidDataType" time="0.002" classname="org.molgenis.data.validation.meta.AttributeValidatorTest"/>
  <testcase name="testDefaultValueHyperlinkValid" time="0.002" classname="org.molgenis.data.validation.meta.AttributeValidatorTest"/>
  <testcase name="testDisallowedTransition" time="0.002" classname="org.molgenis.data.validation.meta.AttributeValidatorTest"/>
  <testcase name="testDefaultValueDateTimeValid" time="0.008" classname="org.molgenis.data.validation.meta.AttributeValidatorTest"/>
  <testcase name="testDefaultValueDateTime" time="0.008" classname="org.molgenis.data.validation.meta.AttributeValidatorTest"/>
  <testcase name="testDefaultXrefSkipEntityReferenceValidation" time="0.002" classname="org.molgenis.data.validation.meta.AttributeValidatorTest"/>
  <testcase name="validateOrderByValid" time="0.298" classname="org.molgenis.data.validation.meta.AttributeValidatorTest"/>
  <testcase name="testDisallowedTransition" time="0.002" classname="org.molgenis.data.validation.meta.AttributeValidatorTest"/>
  <testcase name="testDefaultValueInt1" time="0.028" classname="org.molgenis.data.validation.meta.AttributeValidatorTest"/>
  <testcase name="validateOrderByInvalidRefAttribute" time="0.009" classname="org.molgenis.data.validation.meta.AttributeValidatorTest"/>
  <testcase name="testDefaultValueInt2" time="0.002" classname="org.molgenis.data.validation.meta.AttributeValidatorTest"/>
</testsuite> <!-- org.molgenis.data.validation.meta.AttributeValidatorTest -->
