<?xml version="1.0" encoding="UTF-8"?>
<!-- Generated by org.testng.reporters.JUnitReportReporter -->
<testsuite hostname="cyclone1" name="org.molgenis.data.validation.JsonValidatorTest" tests="3" failures="0" timestamp="30 May 2018 12:51:09 GMT" time="0.109" errors="0">
  <testcase name="testLoadAndValidate" time="0.094" classname="org.molgenis.data.validation.JsonValidatorTest"/>
  <testcase name="testLoadSchemaInvalid" time="0.001" classname="org.molgenis.data.validation.JsonValidatorTest"/>
  <testcase name="testLoadAndValidateInvalid" time="0.014" classname="org.molgenis.data.validation.JsonValidatorTest"/>
</testsuite> <!-- org.molgenis.data.validation.JsonValidatorTest -->
