<?xml version="1.0" encoding="UTF-8"?>
<!-- Generated by org.testng.reporters.JUnitReportReporter -->
<testsuite hostname="cyclone1" name="org.molgenis.data.validation.ConstraintViolationTest" tests="2" failures="0" timestamp="6 Jun 2018 08:45:44 GMT" time="0.000" errors="0">
  <testcase name="renumberRowIndexRowNumber" time="0.000" classname="org.molgenis.data.validation.ConstraintViolationTest"/>
  <testcase name="renumberRowIndexNoRowNumber" time="0.000" classname="org.molgenis.data.validation.ConstraintViolationTest"/>
</testsuite> <!-- org.molgenis.data.validation.ConstraintViolationTest -->
