<?xml version="1.0" encoding="UTF-8"?>
<!-- Generated by org.testng.reporters.JUnitReportReporter -->
<testsuite hostname="cyclone1" name="org.molgenis.data.validation.meta.TagRepositoryValidationDecoratorTest" tests="9" failures="0" timestamp="6 Jun 2018 14:18:19 GMT" time="0.248" errors="0">
  <testcase name="testAddInValid" time="0.158" classname="org.molgenis.data.validation.meta.TagRepositoryValidationDecoratorTest"/>
  <testcase name="tagRepositoryValidationDecorator" time="0.000" classname="org.molgenis.data.validation.meta.TagRepositoryValidationDecoratorTest"/>
  <testcase name="testUpdateInvalid" time="0.001" classname="org.molgenis.data.validation.meta.TagRepositoryValidationDecoratorTest"/>
  <testcase name="testAddValid" time="0.001" classname="org.molgenis.data.validation.meta.TagRepositoryValidationDecoratorTest"/>
  <testcase name="testUpdateValid" time="0.066" classname="org.molgenis.data.validation.meta.TagRepositoryValidationDecoratorTest"/>
  <testcase name="testUpdateStreamValid" time="0.001" classname="org.molgenis.data.validation.meta.TagRepositoryValidationDecoratorTest"/>
  <testcase name="testAddStreamInvalid" time="0.014" classname="org.molgenis.data.validation.meta.TagRepositoryValidationDecoratorTest"/>
  <testcase name="testUpdateStreamInvalid" time="0.002" classname="org.molgenis.data.validation.meta.TagRepositoryValidationDecoratorTest"/>
  <testcase name="testAddStreamValid" time="0.005" classname="org.molgenis.data.validation.meta.TagRepositoryValidationDecoratorTest"/>
</testsuite> <!-- org.molgenis.data.validation.meta.TagRepositoryValidationDecoratorTest -->
