<?xml version="1.0" encoding="UTF-8"?>
<!-- Generated by org.testng.reporters.JUnitReportReporter -->
<testsuite hostname="cyclone1" name="org.molgenis.data.validation.QueryValidatorTest" tests="219" failures="0" timestamp="7 Jun 2018 14:47:17 GMT" time="1.068" errors="0">
  <testcase name="testValidateValid" time="0.000" classname="org.molgenis.data.validation.QueryValidatorTest"/>
  <testcase name="testValidateValid" time="0.000" classname="org.molgenis.data.validation.QueryValidatorTest"/>
  <testcase name="testValidateValid" time="0.001" classname="org.molgenis.data.validation.QueryValidatorTest"/>
  <testcase name="testValidateValid" time="0.001" classname="org.molgenis.data.validation.QueryValidatorTest"/>
  <testcase name="testValidateInvalid" time="0.000" classname="org.molgenis.data.validation.QueryValidatorTest"/>
  <testcase name="testValidateValid" time="0.000" classname="org.molgenis.data.validation.QueryValidatorTest"/>
  <testcase name="testValidateInvalid" time="0.000" classname="org.molgenis.data.validation.QueryValidatorTest"/>
  <testcase name="testValidateValid" time="0.001" classname="org.molgenis.data.validation.QueryValidatorTest"/>
  <testcase name="testValidateValid" time="0.000" classname="org.molgenis.data.validation.QueryValidatorTest"/>
  <testcase name="testValidateValid" time="0.001" classname="org.molgenis.data.validation.QueryValidatorTest"/>
  <testcase name="testValidateValid" time="0.000" classname="org.molgenis.data.validation.QueryValidatorTest"/>
  <testcase name="testValidateValid" time="0.001" classname="org.molgenis.data.validation.QueryValidatorTest"/>
  <testcase name="testValidateValid" time="0.001" classname="org.molgenis.data.validation.QueryValidatorTest"/>
  <testcase name="testValidateValid" time="0.001" classname="org.molgenis.data.validation.QueryValidatorTest"/>
  <testcase name="testValidateValid" time="0.002" classname="org.molgenis.data.validation.QueryValidatorTest"/>
  <testcase name="testValidateInvalid" time="0.001" classname="org.molgenis.data.validation.QueryValidatorTest"/>
  <testcase name="testValidateValid" time="0.000" classname="org.molgenis.data.validation.QueryValidatorTest"/>
  <testcase name="testValidateValid" time="0.000" classname="org.molgenis.data.validation.QueryValidatorTest"/>
  <testcase name="testValidateValid" time="0.002" classname="org.molgenis.data.validation.QueryValidatorTest"/>
  <testcase name="testValidateValid" time="0.000" classname="org.molgenis.data.validation.QueryValidatorTest"/>
  <testcase name="testValidateValid" time="0.001" classname="org.molgenis.data.validation.QueryValidatorTest"/>
  <testcase name="testValidateValid" time="0.000" classname="org.molgenis.data.validation.QueryValidatorTest"/>
  <testcase name="testValidateValid" time="0.001" classname="org.molgenis.data.validation.QueryValidatorTest"/>
  <testcase name="testValidateValid" time="0.000" classname="org.molgenis.data.validation.QueryValidatorTest"/>
  <testcase name="testValidateValid" time="0.002" classname="org.molgenis.data.validation.QueryValidatorTest"/>
  <testcase name="testValidateValid" time="0.001" classname="org.molgenis.data.validation.QueryValidatorTest"/>
  <testcase name="testValidateValid" time="0.000" classname="org.molgenis.data.validation.QueryValidatorTest"/>
  <testcase name="testValidateValid" time="0.002" classname="org.molgenis.data.validation.QueryValidatorTest"/>
  <testcase name="testValidateValid" time="0.000" classname="org.molgenis.data.validation.QueryValidatorTest"/>
  <testcase name="testValidateValid" time="0.000" classname="org.molgenis.data.validation.QueryValidatorTest"/>
  <testcase name="testValidateValid" time="0.000" classname="org.molgenis.data.validation.QueryValidatorTest"/>
  <testcase name="testValidateValid" time="0.000" classname="org.molgenis.data.validation.QueryValidatorTest"/>
  <testcase name="testValidateValid" time="0.001" classname="org.molgenis.data.validation.QueryValidatorTest"/>
  <testcase name="testValidateValid" time="0.000" classname="org.molgenis.data.validation.QueryValidatorTest"/>
  <testcase name="testValidateValid" time="0.000" classname="org.molgenis.data.validation.QueryValidatorTest"/>
  <testcase name="testValidateValid" time="0.000" classname="org.molgenis.data.validation.QueryValidatorTest"/>
  <testcase name="testValidateValid" time="0.002" classname="org.molgenis.data.validation.QueryValidatorTest"/>
  <testcase name="testValidateInvalid" time="0.001" classname="org.molgenis.data.validation.QueryValidatorTest"/>
  <testcase name="testValidateValid" time="0.002" classname="org.molgenis.data.validation.QueryValidatorTest"/>
  <testcase name="testValidateValid" time="0.001" classname="org.molgenis.data.validation.QueryValidatorTest"/>
  <testcase name="testValidateValid" time="0.001" classname="org.molgenis.data.validation.QueryValidatorTest"/>
  <testcase name="testValidateValid" time="0.001" classname="org.molgenis.data.validation.QueryValidatorTest"/>
  <testcase name="testValidateInvalid" time="0.002" classname="org.molgenis.data.validation.QueryValidatorTest"/>
  <testcase name="testValidateValid" time="0.000" classname="org.molgenis.data.validation.QueryValidatorTest"/>
  <testcase name="testValidateValid" time="0.000" classname="org.molgenis.data.validation.QueryValidatorTest"/>
  <testcase name="testValidateValid" time="0.002" classname="org.molgenis.data.validation.QueryValidatorTest"/>
  <testcase name="testValidateValid" time="0.001" classname="org.molgenis.data.validation.QueryValidatorTest"/>
  <testcase name="testValidateValid" time="0.000" classname="org.molgenis.data.validation.QueryValidatorTest"/>
  <testcase name="testValidateInvalid" time="0.011" classname="org.molgenis.data.validation.QueryValidatorTest"/>
  <testcase name="testValidateValid" time="0.000" classname="org.molgenis.data.validation.QueryValidatorTest"/>
  <testcase name="testValidateValid" time="0.001" classname="org.molgenis.data.validation.QueryValidatorTest"/>
  <testcase name="testValidateValid" time="0.000" classname="org.molgenis.data.validation.QueryValidatorTest"/>
  <testcase name="testValidateValid" time="0.002" classname="org.molgenis.data.validation.QueryValidatorTest"/>
  <testcase name="testValidateValid" time="0.000" classname="org.molgenis.data.validation.QueryValidatorTest"/>
  <testcase name="testValidateInvalid" time="0.001" classname="org.molgenis.data.validation.QueryValidatorTest"/>
  <testcase name="testValidateValid" time="0.001" classname="org.molgenis.data.validation.QueryValidatorTest"/>
  <testcase name="testValidateInvalid" time="0.000" classname="org.molgenis.data.validation.QueryValidatorTest"/>
  <testcase name="testValidateValid" time="0.001" classname="org.molgenis.data.validation.QueryValidatorTest"/>
  <testcase name="testValidateValid" time="0.001" classname="org.molgenis.data.validation.QueryValidatorTest"/>
  <testcase name="testValidateValid" time="0.001" classname="org.molgenis.data.validation.QueryValidatorTest"/>
  <testcase name="testValidateValid" time="0.000" classname="org.molgenis.data.validation.QueryValidatorTest"/>
  <testcase name="testValidateValid" time="0.000" classname="org.molgenis.data.validation.QueryValidatorTest"/>
  <testcase name="testValidateValid" time="0.001" classname="org.molgenis.data.validation.QueryValidatorTest"/>
  <testcase name="testValidateValid" time="0.000" classname="org.molgenis.data.validation.QueryValidatorTest"/>
  <testcase name="testValidateValid" time="0.001" classname="org.molgenis.data.validation.QueryValidatorTest"/>
  <testcase name="testValidateValid" time="0.000" classname="org.molgenis.data.validation.QueryValidatorTest"/>
  <testcase name="testValidateValid" time="0.001" classname="org.molgenis.data.validation.QueryValidatorTest"/>
  <testcase name="testValidateValid" time="0.001" classname="org.molgenis.data.validation.QueryValidatorTest"/>
  <testcase name="testValidateValid" time="0.000" classname="org.molgenis.data.validation.QueryValidatorTest"/>
  <testcase name="testValidateValid" time="0.000" classname="org.molgenis.data.validation.QueryValidatorTest"/>
  <testcase name="testValidateValid" time="0.001" classname="org.molgenis.data.validation.QueryValidatorTest"/>
  <testcase name="testValidateValid" time="0.000" classname="org.molgenis.data.validation.QueryValidatorTest"/>
  <testcase name="testValidateValid" time="0.001" classname="org.molgenis.data.validation.QueryValidatorTest"/>
  <testcase name="testValidateValid" time="0.001" classname="org.molgenis.data.validation.QueryValidatorTest"/>
  <testcase name="testValidateValid" time="0.000" classname="org.molgenis.data.validation.QueryValidatorTest"/>
  <testcase name="testValidateValid" time="0.001" classname="org.molgenis.data.validation.QueryValidatorTest"/>
  <testcase name="testValidateInvalid" time="0.006" classname="org.molgenis.data.validation.QueryValidatorTest"/>
  <testcase name="testValidateValid" time="0.002" classname="org.molgenis.data.validation.QueryValidatorTest"/>
  <testcase name="testValidateValid" time="0.001" classname="org.molgenis.data.validation.QueryValidatorTest"/>
  <testcase name="testValidateValid" time="0.001" classname="org.molgenis.data.validation.QueryValidatorTest"/>
  <testcase name="testValidateValid" time="0.001" classname="org.molgenis.data.validation.QueryValidatorTest"/>
  <testcase name="testValidateValid" time="0.000" classname="org.molgenis.data.validation.QueryValidatorTest"/>
  <testcase name="testValidateValid" time="0.001" classname="org.molgenis.data.validation.QueryValidatorTest"/>
  <testcase name="testValidateValid" time="0.000" classname="org.molgenis.data.validation.QueryValidatorTest"/>
  <testcase name="testValidateValid" time="0.001" classname="org.molgenis.data.validation.QueryValidatorTest"/>
  <testcase name="testValidateValid" time="0.000" classname="org.molgenis.data.validation.QueryValidatorTest"/>
  <testcase name="testValidateValid" time="0.001" classname="org.molgenis.data.validation.QueryValidatorTest"/>
  <testcase name="testValidateValid" time="0.000" classname="org.molgenis.data.validation.QueryValidatorTest"/>
  <testcase name="testValidateValid" time="0.000" classname="org.molgenis.data.validation.QueryValidatorTest"/>
  <testcase name="testValidateValid" time="0.000" classname="org.molgenis.data.validation.QueryValidatorTest"/>
  <testcase name="testValidateValid" time="0.000" classname="org.molgenis.data.validation.QueryValidatorTest"/>
  <testcase name="testValidateValid" time="0.000" classname="org.molgenis.data.validation.QueryValidatorTest"/>
  <testcase name="testValidateValid" time="0.000" classname="org.molgenis.data.validation.QueryValidatorTest"/>
  <testcase name="testValidateValid" time="0.000" classname="org.molgenis.data.validation.QueryValidatorTest"/>
  <testcase name="testValidateValid" time="0.001" classname="org.molgenis.data.validation.QueryValidatorTest"/>
  <testcase name="testValidateValid" time="0.002" classname="org.molgenis.data.validation.QueryValidatorTest"/>
  <testcase name="testValidateValid" time="0.002" classname="org.molgenis.data.validation.QueryValidatorTest"/>
  <testcase name="testValidateValid" time="0.001" classname="org.molgenis.data.validation.QueryValidatorTest"/>
  <testcase name="testValidateValid" time="0.002" classname="org.molgenis.data.validation.QueryValidatorTest"/>
  <testcase name="testValidateValid" time="0.001" classname="org.molgenis.data.validation.QueryValidatorTest"/>
  <testcase name="testValidateValid" time="0.001" classname="org.molgenis.data.validation.QueryValidatorTest"/>
  <testcase name="testValidateValid" time="0.001" classname="org.molgenis.data.validation.QueryValidatorTest"/>
  <testcase name="testValidateValid" time="0.000" classname="org.molgenis.data.validation.QueryValidatorTest"/>
  <testcase name="testValidateInvalid" time="0.001" classname="org.molgenis.data.validation.QueryValidatorTest"/>
  <testcase name="testValidateValid" time="0.000" classname="org.molgenis.data.validation.QueryValidatorTest"/>
  <testcase name="testValidateValid" time="0.000" classname="org.molgenis.data.validation.QueryValidatorTest"/>
  <testcase name="testValidateValid" time="0.002" classname="org.molgenis.data.validation.QueryValidatorTest"/>
  <testcase name="testValidateValid" time="0.000" classname="org.molgenis.data.validation.QueryValidatorTest"/>
  <testcase name="testValidateValid" time="0.000" classname="org.molgenis.data.validation.QueryValidatorTest"/>
  <testcase name="testValidateValid" time="0.001" classname="org.molgenis.data.validation.QueryValidatorTest"/>
  <testcase name="testValidateValid" time="0.000" classname="org.molgenis.data.validation.QueryValidatorTest"/>
  <testcase name="testValidateValid" time="0.000" classname="org.molgenis.data.validation.QueryValidatorTest"/>
  <testcase name="testValidateValid" time="0.001" classname="org.molgenis.data.validation.QueryValidatorTest"/>
  <testcase name="testValidateValid" time="0.001" classname="org.molgenis.data.validation.QueryValidatorTest"/>
  <testcase name="testValidateValid" time="0.000" classname="org.molgenis.data.validation.QueryValidatorTest"/>
  <testcase name="testValidateValid" time="0.001" classname="org.molgenis.data.validation.QueryValidatorTest"/>
  <testcase name="testValidateValid" time="0.000" classname="org.molgenis.data.validation.QueryValidatorTest"/>
  <testcase name="testValidateValid" time="0.001" classname="org.molgenis.data.validation.QueryValidatorTest"/>
  <testcase name="testValidateValid" time="0.001" classname="org.molgenis.data.validation.QueryValidatorTest"/>
  <testcase name="testValidateValid" time="0.001" classname="org.molgenis.data.validation.QueryValidatorTest"/>
  <testcase name="testValidateValid" time="0.000" classname="org.molgenis.data.validation.QueryValidatorTest"/>
  <testcase name="testValidateValid" time="0.001" classname="org.molgenis.data.validation.QueryValidatorTest"/>
  <testcase name="testValidateValid" time="0.000" classname="org.molgenis.data.validation.QueryValidatorTest"/>
  <testcase name="testValidateValid" time="0.000" classname="org.molgenis.data.validation.QueryValidatorTest"/>
  <testcase name="testValidateValid" time="0.000" classname="org.molgenis.data.validation.QueryValidatorTest"/>
  <testcase name="testValidateValid" time="0.000" classname="org.molgenis.data.validation.QueryValidatorTest"/>
  <testcase name="testValidateValid" time="0.000" classname="org.molgenis.data.validation.QueryValidatorTest"/>
  <testcase name="testValidateValid" time="0.000" classname="org.molgenis.data.validation.QueryValidatorTest"/>
  <testcase name="testValidateValid" time="0.000" classname="org.molgenis.data.validation.QueryValidatorTest"/>
  <testcase name="testValidateInvalid" time="0.002" classname="org.molgenis.data.validation.QueryValidatorTest"/>
  <testcase name="testValidateValid" time="0.001" classname="org.molgenis.data.validation.QueryValidatorTest"/>
  <testcase name="testValidateValid" time="0.001" classname="org.molgenis.data.validation.QueryValidatorTest"/>
  <testcase name="testValidateValid" time="0.001" classname="org.molgenis.data.validation.QueryValidatorTest"/>
  <testcase name="testValidateValid" time="0.001" classname="org.molgenis.data.validation.QueryValidatorTest"/>
  <testcase name="testValidateValid" time="0.002" classname="org.molgenis.data.validation.QueryValidatorTest"/>
  <testcase name="testValidateValid" time="0.001" classname="org.molgenis.data.validation.QueryValidatorTest"/>
  <testcase name="testValidateValid" time="0.000" classname="org.molgenis.data.validation.QueryValidatorTest"/>
  <testcase name="testValidateValid" time="0.000" classname="org.molgenis.data.validation.QueryValidatorTest"/>
  <testcase name="testValidateValid" time="0.001" classname="org.molgenis.data.validation.QueryValidatorTest"/>
  <testcase name="testValidateValid" time="0.002" classname="org.molgenis.data.validation.QueryValidatorTest"/>
  <testcase name="testValidateValid" time="0.002" classname="org.molgenis.data.validation.QueryValidatorTest"/>
  <testcase name="testValidateValid" time="0.000" classname="org.molgenis.data.validation.QueryValidatorTest"/>
  <testcase name="testValidateValid" time="0.001" classname="org.molgenis.data.validation.QueryValidatorTest"/>
  <testcase name="testValidateValid" time="0.001" classname="org.molgenis.data.validation.QueryValidatorTest"/>
  <testcase name="testValidateValid" time="0.001" classname="org.molgenis.data.validation.QueryValidatorTest"/>
  <testcase name="testValidateValid" time="0.001" classname="org.molgenis.data.validation.QueryValidatorTest"/>
  <testcase name="testValidateValid" time="0.001" classname="org.molgenis.data.validation.QueryValidatorTest"/>
  <testcase name="testValidateInvalid" time="0.000" classname="org.molgenis.data.validation.QueryValidatorTest"/>
  <testcase name="testValidateValid" time="0.001" classname="org.molgenis.data.validation.QueryValidatorTest"/>
  <testcase name="testValidateValid" time="0.003" classname="org.molgenis.data.validation.QueryValidatorTest"/>
  <testcase name="testValidateValid" time="0.000" classname="org.molgenis.data.validation.QueryValidatorTest"/>
  <testcase name="testValidateValid" time="0.000" classname="org.molgenis.data.validation.QueryValidatorTest"/>
  <testcase name="testValidateValid" time="0.001" classname="org.molgenis.data.validation.QueryValidatorTest"/>
  <testcase name="testValidateInvalid" time="0.000" classname="org.molgenis.data.validation.QueryValidatorTest"/>
  <testcase name="testValidateValid" time="0.000" classname="org.molgenis.data.validation.QueryValidatorTest"/>
  <testcase name="testQueryValidator" time="0.001" classname="org.molgenis.data.validation.QueryValidatorTest"/>
  <testcase name="testValidateValid" time="0.000" classname="org.molgenis.data.validation.QueryValidatorTest"/>
  <testcase name="testValidateValid" time="0.000" classname="org.molgenis.data.validation.QueryValidatorTest"/>
  <testcase name="testValidateValid" time="0.000" classname="org.molgenis.data.validation.QueryValidatorTest"/>
  <testcase name="testValidateValid" time="0.001" classname="org.molgenis.data.validation.QueryValidatorTest"/>
  <testcase name="testValidateValid" time="0.000" classname="org.molgenis.data.validation.QueryValidatorTest"/>
  <testcase name="testValidateValid" time="0.001" classname="org.molgenis.data.validation.QueryValidatorTest"/>
  <testcase name="testValidateValid" time="0.001" classname="org.molgenis.data.validation.QueryValidatorTest"/>
  <testcase name="testValidateValid" time="0.002" classname="org.molgenis.data.validation.QueryValidatorTest"/>
  <testcase name="testValidateValid" time="0.002" classname="org.molgenis.data.validation.QueryValidatorTest"/>
  <testcase name="testValidateValid" time="0.002" classname="org.molgenis.data.validation.QueryValidatorTest"/>
  <testcase name="testValidateValid" time="0.001" classname="org.molgenis.data.validation.QueryValidatorTest"/>
  <testcase name="testValidateValid" time="0.000" classname="org.molgenis.data.validation.QueryValidatorTest"/>
  <testcase name="testValidateValid" time="0.000" classname="org.molgenis.data.validation.QueryValidatorTest"/>
  <testcase name="testValidateValid" time="0.000" classname="org.molgenis.data.validation.QueryValidatorTest"/>
  <testcase name="testValidateValid" time="0.000" classname="org.molgenis.data.validation.QueryValidatorTest"/>
  <testcase name="testValidateValid" time="0.001" classname="org.molgenis.data.validation.QueryValidatorTest"/>
  <testcase name="testValidateValid" time="0.000" classname="org.molgenis.data.validation.QueryValidatorTest"/>
  <testcase name="testValidateValid" time="0.001" classname="org.molgenis.data.validation.QueryValidatorTest"/>
  <testcase name="testValidateValid" time="0.000" classname="org.molgenis.data.validation.QueryValidatorTest"/>
  <testcase name="testValidateValid" time="0.001" classname="org.molgenis.data.validation.QueryValidatorTest"/>
  <testcase name="testValidateValid" time="0.000" classname="org.molgenis.data.validation.QueryValidatorTest"/>
  <testcase name="testValidateValid" time="0.000" classname="org.molgenis.data.validation.QueryValidatorTest"/>
  <testcase name="testValidateValid" time="0.001" classname="org.molgenis.data.validation.QueryValidatorTest"/>
  <testcase name="testValidateValid" time="0.002" classname="org.molgenis.data.validation.QueryValidatorTest"/>
  <testcase name="testValidateValid" time="0.000" classname="org.molgenis.data.validation.QueryValidatorTest"/>
  <testcase name="testValidateValid" time="0.001" classname="org.molgenis.data.validation.QueryValidatorTest"/>
  <testcase name="testValidateValid" time="0.000" classname="org.molgenis.data.validation.QueryValidatorTest"/>
  <testcase name="testValidateValid" time="0.001" classname="org.molgenis.data.validation.QueryValidatorTest"/>
  <testcase name="testValidateInvalid" time="0.002" classname="org.molgenis.data.validation.QueryValidatorTest"/>
  <testcase name="testValidateValid" time="0.000" classname="org.molgenis.data.validation.QueryValidatorTest"/>
  <testcase name="testValidateValid" time="0.000" classname="org.molgenis.data.validation.QueryValidatorTest"/>
  <testcase name="testValidateValid" time="0.002" classname="org.molgenis.data.validation.QueryValidatorTest"/>
  <testcase name="testValidateValid" time="0.001" classname="org.molgenis.data.validation.QueryValidatorTest"/>
  <testcase name="testValidateInvalid" time="0.001" classname="org.molgenis.data.validation.QueryValidatorTest"/>
  <testcase name="testValidateValid" time="0.001" classname="org.molgenis.data.validation.QueryValidatorTest"/>
  <testcase name="testValidateValid" time="0.002" classname="org.molgenis.data.validation.QueryValidatorTest"/>
  <testcase name="testValidateValid" time="0.002" classname="org.molgenis.data.validation.QueryValidatorTest"/>
  <testcase name="testValidateValid" time="0.000" classname="org.molgenis.data.validation.QueryValidatorTest"/>
  <testcase name="testValidateValid" time="0.000" classname="org.molgenis.data.validation.QueryValidatorTest"/>
  <testcase name="testValidateValid" time="0.000" classname="org.molgenis.data.validation.QueryValidatorTest"/>
  <testcase name="testValidateValid" time="0.001" classname="org.molgenis.data.validation.QueryValidatorTest"/>
  <testcase name="testValidateValid" time="0.000" classname="org.molgenis.data.validation.QueryValidatorTest"/>
  <testcase name="testValidateValid" time="0.000" classname="org.molgenis.data.validation.QueryValidatorTest"/>
  <testcase name="testValidateValid" time="0.000" classname="org.molgenis.data.validation.QueryValidatorTest"/>
  <testcase name="testValidateInvalid" time="0.000" classname="org.molgenis.data.validation.QueryValidatorTest"/>
  <testcase name="testValidateInvalid" time="0.002" classname="org.molgenis.data.validation.QueryValidatorTest"/>
  <testcase name="testValidateInvalid" time="0.001" classname="org.molgenis.data.validation.QueryValidatorTest"/>
  <testcase name="testValidateValid" time="0.000" classname="org.molgenis.data.validation.QueryValidatorTest"/>
  <testcase name="testValidateValid" time="0.001" classname="org.molgenis.data.validation.QueryValidatorTest"/>
  <testcase name="testValidateValid" time="0.000" classname="org.molgenis.data.validation.QueryValidatorTest"/>
  <testcase name="testValidateValid" time="0.000" classname="org.molgenis.data.validation.QueryValidatorTest"/>
  <testcase name="testValidateInvalid" time="0.039" classname="org.molgenis.data.validation.QueryValidatorTest"/>
  <testcase name="testValidateInvalid" time="0.001" classname="org.molgenis.data.validation.QueryValidatorTest"/>
  <testcase name="testValidateValid" time="0.002" classname="org.molgenis.data.validation.QueryValidatorTest"/>
  <testcase name="testValidateValid" time="0.000" classname="org.molgenis.data.validation.QueryValidatorTest"/>
  <testcase name="testValidateValid" time="0.001" classname="org.molgenis.data.validation.QueryValidatorTest"/>
  <testcase name="testValidateValid" time="0.002" classname="org.molgenis.data.validation.QueryValidatorTest"/>
  <testcase name="testValidateValid" time="0.000" classname="org.molgenis.data.validation.QueryValidatorTest"/>
  <testcase name="testValidateValid" time="0.001" classname="org.molgenis.data.validation.QueryValidatorTest"/>
  <testcase name="testValidateValid" time="0.865" classname="org.molgenis.data.validation.QueryValidatorTest"/>
  <testcase name="testValidateValid" time="0.001" classname="org.molgenis.data.validation.QueryValidatorTest"/>
  <testcase name="testValidateValid" time="0.000" classname="org.molgenis.data.validation.QueryValidatorTest"/>
  <testcase name="testValidateValid" time="0.001" classname="org.molgenis.data.validation.QueryValidatorTest"/>
</testsuite> <!-- org.molgenis.data.validation.QueryValidatorTest -->
