<?xml version="1.0" encoding="UTF-8"?>
<!-- Generated by org.testng.reporters.JUnitReportReporter -->
<testsuite hostname="cyclone1" name="org.molgenis.data.validation.meta.AttributeValidatorTest" tests="28" failures="0" timestamp="7 Jun 2018 14:47:18 GMT" time="0.273" errors="0">
  <testcase name="validateOrderByValid" time="0.002" classname="org.molgenis.data.validation.meta.AttributeValidatorTest"/>
  <testcase name="testDisallowedTransition" time="0.001" classname="org.molgenis.data.validation.meta.AttributeValidatorTest"/>
  <testcase name="testDefaultValueDateTime" time="0.003" classname="org.molgenis.data.validation.meta.AttributeValidatorTest"/>
  <testcase name="testDefaultValueHyperlink" time="0.001" classname="org.molgenis.data.validation.meta.AttributeValidatorTest"/>
  <testcase name="validateMappedByInvalidEntity" time="0.001" classname="org.molgenis.data.validation.meta.AttributeValidatorTest"/>
  <testcase name="testDefaultValueDate" time="0.006" classname="org.molgenis.data.validation.meta.AttributeValidatorTest"/>
  <testcase name="testDefaultValueDateTimeValid" time="0.006" classname="org.molgenis.data.validation.meta.AttributeValidatorTest"/>
  <testcase name="testDefaultValueLongValid" time="0.001" classname="org.molgenis.data.validation.meta.AttributeValidatorTest"/>
  <testcase name="testDisallowedTransition" time="0.002" classname="org.molgenis.data.validation.meta.AttributeValidatorTest"/>
  <testcase name="testDefaultValueDateValid" time="0.001" classname="org.molgenis.data.validation.meta.AttributeValidatorTest"/>
  <testcase name="testDefaultValueIntValid" time="0.123" classname="org.molgenis.data.validation.meta.AttributeValidatorTest"/>
  <testcase name="validateAttributeInvalidName" time="0.001" classname="org.molgenis.data.validation.meta.AttributeValidatorTest"/>
  <testcase name="testDisallowedTransition" time="0.005" classname="org.molgenis.data.validation.meta.AttributeValidatorTest"/>
  <testcase name="testDefaultValueInt1" time="0.002" classname="org.molgenis.data.validation.meta.AttributeValidatorTest"/>
  <testcase name="testAllowedTransition" time="0.001" classname="org.molgenis.data.validation.meta.AttributeValidatorTest"/>
  <testcase name="testAllowedTransition" time="0.015" classname="org.molgenis.data.validation.meta.AttributeValidatorTest"/>
  <testcase name="testDefaultXref" time="0.083" classname="org.molgenis.data.validation.meta.AttributeValidatorTest"/>
  <testcase name="testDefaultXrefSkipEntityReferenceValidation" time="0.001" classname="org.molgenis.data.validation.meta.AttributeValidatorTest"/>
  <testcase name="testDefaultValueHyperlinkValid" time="0.001" classname="org.molgenis.data.validation.meta.AttributeValidatorTest"/>
  <testcase name="validateMappedByValidEntity" time="0.001" classname="org.molgenis.data.validation.meta.AttributeValidatorTest"/>
  <testcase name="testDefaultValueLong" time="0.001" classname="org.molgenis.data.validation.meta.AttributeValidatorTest"/>
  <testcase name="testDefaultXrefInvalid" time="0.002" classname="org.molgenis.data.validation.meta.AttributeValidatorTest"/>
  <testcase name="testDefaultValueEnumValid" time="0.002" classname="org.molgenis.data.validation.meta.AttributeValidatorTest"/>
  <testcase name="validateMappedByInvalidDataType" time="0.002" classname="org.molgenis.data.validation.meta.AttributeValidatorTest"/>
  <testcase name="testDefaultValueInt2" time="0.001" classname="org.molgenis.data.validation.meta.AttributeValidatorTest"/>
  <testcase name="validateOrderByInvalidRefAttribute" time="0.006" classname="org.molgenis.data.validation.meta.AttributeValidatorTest"/>
  <testcase name="testDefaultValueEnum" time="0.001" classname="org.molgenis.data.validation.meta.AttributeValidatorTest"/>
  <testcase name="testAllowedTransition" time="0.001" classname="org.molgenis.data.validation.meta.AttributeValidatorTest"/>
</testsuite> <!-- org.molgenis.data.validation.meta.AttributeValidatorTest -->
