<?xml version="1.0" encoding="UTF-8"?>
<!-- Generated by org.testng.reporters.JUnitReportReporter -->
<testsuite hostname="cyclone1" name="org.molgenis.data.validation.meta.AttributeRepositoryValidationDecoratorTest" tests="9" failures="0" timestamp="1 Jun 2018 11:34:22 GMT" time="0.713" errors="0">
  <testcase name="addEntityStreamValid" time="0.004" classname="org.molgenis.data.validation.meta.AttributeRepositoryValidationDecoratorTest"/>
  <testcase name="attributeRepositoryValidationDecorator" time="0.200" classname="org.molgenis.data.validation.meta.AttributeRepositoryValidationDecoratorTest"/>
  <testcase name="addEntityValid" time="0.001" classname="org.molgenis.data.validation.meta.AttributeRepositoryValidationDecoratorTest"/>
  <testcase name="addEntityStreamInvalid" time="0.030" classname="org.molgenis.data.validation.meta.AttributeRepositoryValidationDecoratorTest"/>
  <testcase name="updateEntityStreamInvalid" time="0.002" classname="org.molgenis.data.validation.meta.AttributeRepositoryValidationDecoratorTest"/>
  <testcase name="updateEntityInvalid" time="0.001" classname="org.molgenis.data.validation.meta.AttributeRepositoryValidationDecoratorTest"/>
  <testcase name="updateEntityStreamValid" time="0.001" classname="org.molgenis.data.validation.meta.AttributeRepositoryValidationDecoratorTest"/>
  <testcase name="updateAttributeValid" time="0.002" classname="org.molgenis.data.validation.meta.AttributeRepositoryValidationDecoratorTest"/>
  <testcase name="addEntityInvalid" time="0.472" classname="org.molgenis.data.validation.meta.AttributeRepositoryValidationDecoratorTest"/>
</testsuite> <!-- org.molgenis.data.validation.meta.AttributeRepositoryValidationDecoratorTest -->
