<?xml version="1.0" encoding="UTF-8"?>
<!-- Generated by org.testng.reporters.JUnitReportReporter -->
<testsuite hostname="cyclone1" name="org.molgenis.data.validation.JsonValidatorTest" tests="3" failures="0" timestamp="7 Jun 2018 14:47:17 GMT" time="0.146" errors="0">
  <testcase name="testLoadAndValidateInvalid" time="0.033" classname="org.molgenis.data.validation.JsonValidatorTest"/>
  <testcase name="testLoadAndValidate" time="0.111" classname="org.molgenis.data.validation.JsonValidatorTest"/>
  <testcase name="testLoadSchemaInvalid" time="0.002" classname="org.molgenis.data.validation.JsonValidatorTest"/>
</testsuite> <!-- org.molgenis.data.validation.JsonValidatorTest -->
