<?xml version="1.0" encoding="UTF-8"?>
<!-- Generated by org.testng.reporters.JUnitReportReporter -->
<testsuite hostname="cyclone1" name="org.molgenis.data.validation.QueryValidationRepositoryDecoratorTest" tests="7" failures="0" timestamp="6 Jun 2018 08:45:44 GMT" time="0.029" errors="0">
  <testcase name="testCountQueryInvalid" time="0.002" classname="org.molgenis.data.validation.QueryValidationRepositoryDecoratorTest"/>
  <testcase name="testFindAllQueryValid" time="0.025" classname="org.molgenis.data.validation.QueryValidationRepositoryDecoratorTest"/>
  <testcase name="testFindAllQueryInvalid" time="0.000" classname="org.molgenis.data.validation.QueryValidationRepositoryDecoratorTest"/>
  <testcase name="testFindOneQueryValid" time="0.000" classname="org.molgenis.data.validation.QueryValidationRepositoryDecoratorTest"/>
  <testcase name="testCountQueryValid" time="0.001" classname="org.molgenis.data.validation.QueryValidationRepositoryDecoratorTest"/>
  <testcase name="testQueryValidationRepositoryDecorator" time="0.001" classname="org.molgenis.data.validation.QueryValidationRepositoryDecoratorTest"/>
  <testcase name="testFindOneQueryInvalid" time="0.000" classname="org.molgenis.data.validation.QueryValidationRepositoryDecoratorTest"/>
</testsuite> <!-- org.molgenis.data.validation.QueryValidationRepositoryDecoratorTest -->
