<?xml version="1.0" encoding="UTF-8"?>
<!-- Generated by org.testng.reporters.JUnitReportReporter -->
<testsuite hostname="cyclone1" name="org.molgenis.data.validation.meta.TagRepositoryValidationDecoratorTest" tests="9" failures="0" timestamp="7 Jun 2018 14:47:17 GMT" time="0.205" errors="0">
  <testcase name="testUpdateStreamInvalid" time="0.004" classname="org.molgenis.data.validation.meta.TagRepositoryValidationDecoratorTest"/>
  <testcase name="testUpdateStreamValid" time="0.003" classname="org.molgenis.data.validation.meta.TagRepositoryValidationDecoratorTest"/>
  <testcase name="testUpdateInvalid" time="0.000" classname="org.molgenis.data.validation.meta.TagRepositoryValidationDecoratorTest"/>
  <testcase name="testAddStreamInvalid" time="0.007" classname="org.molgenis.data.validation.meta.TagRepositoryValidationDecoratorTest"/>
  <testcase name="testUpdateValid" time="0.002" classname="org.molgenis.data.validation.meta.TagRepositoryValidationDecoratorTest"/>
  <testcase name="tagRepositoryValidationDecorator" time="0.001" classname="org.molgenis.data.validation.meta.TagRepositoryValidationDecoratorTest"/>
  <testcase name="testAddInValid" time="0.157" classname="org.molgenis.data.validation.meta.TagRepositoryValidationDecoratorTest"/>
  <testcase name="testAddValid" time="0.005" classname="org.molgenis.data.validation.meta.TagRepositoryValidationDecoratorTest"/>
  <testcase name="testAddStreamValid" time="0.026" classname="org.molgenis.data.validation.meta.TagRepositoryValidationDecoratorTest"/>
</testsuite> <!-- org.molgenis.data.validation.meta.TagRepositoryValidationDecoratorTest -->
