<?xml version="1.0" encoding="UTF-8"?>
<!-- Generated by org.testng.reporters.JUnitReportReporter -->
<testsuite hostname="cyclone1" name="org.molgenis.data.validation.ExpressionValidatorTest" tests="7" failures="0" timestamp="1 Jun 2018 11:34:23 GMT" time="1.100" errors="0">
  <testcase name="testResolveBooleanExpression" time="0.031" classname="org.molgenis.data.validation.ExpressionValidatorTest"/>
  <testcase name="testResolveBooleanExpression" time="0.001" classname="org.molgenis.data.validation.ExpressionValidatorTest"/>
  <testcase name="testResolveBooleanExpression" time="0.001" classname="org.molgenis.data.validation.ExpressionValidatorTest"/>
  <testcase name="testResolveBooleanExpression" time="1.057" classname="org.molgenis.data.validation.ExpressionValidatorTest"/>
  <testcase name="testResolveBooleanExpressions" time="0.002" classname="org.molgenis.data.validation.ExpressionValidatorTest"/>
  <testcase name="testResolveBooleanExpression" time="0.001" classname="org.molgenis.data.validation.ExpressionValidatorTest"/>
  <testcase name="testResolveBooleanExpression" time="0.007" classname="org.molgenis.data.validation.ExpressionValidatorTest"/>
</testsuite> <!-- org.molgenis.data.validation.ExpressionValidatorTest -->
