<?xml version="1.0" encoding="UTF-8"?>
<!-- Generated by org.testng.reporters.JUnitReportReporter -->
<testsuite hostname="cyclone1" name="org.molgenis.data.validation.ExpressionValidatorTest" tests="7" failures="0" timestamp="6 Jun 2018 21:43:08 GMT" time="0.036" errors="0">
  <testcase name="testResolveBooleanExpression" time="0.002" classname="org.molgenis.data.validation.ExpressionValidatorTest"/>
  <testcase name="testResolveBooleanExpression" time="0.001" classname="org.molgenis.data.validation.ExpressionValidatorTest"/>
  <testcase name="testResolveBooleanExpression" time="0.001" classname="org.molgenis.data.validation.ExpressionValidatorTest"/>
  <testcase name="testResolveBooleanExpression" time="0.001" classname="org.molgenis.data.validation.ExpressionValidatorTest"/>
  <testcase name="testResolveBooleanExpression" time="0.000" classname="org.molgenis.data.validation.ExpressionValidatorTest"/>
  <testcase name="testResolveBooleanExpressions" time="0.000" classname="org.molgenis.data.validation.ExpressionValidatorTest"/>
  <testcase name="testResolveBooleanExpression" time="0.031" classname="org.molgenis.data.validation.ExpressionValidatorTest"/>
</testsuite> <!-- org.molgenis.data.validation.ExpressionValidatorTest -->
