<?xml version="1.0" encoding="UTF-8"?>
<!-- Generated by org.testng.reporters.JUnitReportReporter -->
<testsuite hostname="cyclone1" name="org.molgenis.data.postgresql.identifier.EntityTypeRegistryImplTest" tests="14" failures="0" timestamp="6 Jun 2018 14:23:13 GMT" time="0.144" errors="0">
  <testcase name="testGetEntityTypeDescriptionWithinNewTransactionOverrideWithRegistered" time="0.003" classname="org.molgenis.data.postgresql.identifier.EntityTypeRegistryImplTest"/>
  <testcase name="testDeleteStringAttr" time="0.004" classname="org.molgenis.data.postgresql.identifier.EntityTypeRegistryImplTest"/>
  <testcase name="testDeleteMrefAttr" time="0.003" classname="org.molgenis.data.postgresql.identifier.EntityTypeRegistryImplTest"/>
  <testcase name="testAddMrefAttribute" time="0.031" classname="org.molgenis.data.postgresql.identifier.EntityTypeRegistryImplTest"/>
  <testcase name="testUnregisterEntityType" time="0.002" classname="org.molgenis.data.postgresql.identifier.EntityTypeRegistryImplTest"/>
  <testcase name="testAddIntAttribute" time="0.025" classname="org.molgenis.data.postgresql.identifier.EntityTypeRegistryImplTest"/>
  <testcase name="testUpdateMrefAttributeName" time="0.004" classname="org.molgenis.data.postgresql.identifier.EntityTypeRegistryImplTest"/>
  <testcase name="testRollbackTransaction" time="0.044" classname="org.molgenis.data.postgresql.identifier.EntityTypeRegistryImplTest"/>
  <testcase name="testGetEntityTypeDescription" time="0.002" classname="org.molgenis.data.postgresql.identifier.EntityTypeRegistryImplTest"/>
  <testcase name="testGetEntityTypeDescriptionWithinNewTransactionFallbackToCommitted" time="0.008" classname="org.molgenis.data.postgresql.identifier.EntityTypeRegistryImplTest"/>
  <testcase name="testDeleteMrefAttrInTransaction" time="0.005" classname="org.molgenis.data.postgresql.identifier.EntityTypeRegistryImplTest"/>
  <testcase name="testUpdateStringToMrefAttribute" time="0.004" classname="org.molgenis.data.postgresql.identifier.EntityTypeRegistryImplTest"/>
  <testcase name="testUpdateMrefToIntAttribute" time="0.003" classname="org.molgenis.data.postgresql.identifier.EntityTypeRegistryImplTest"/>
  <testcase name="testAfterCommitTransaction" time="0.006" classname="org.molgenis.data.postgresql.identifier.EntityTypeRegistryImplTest"/>
</testsuite> <!-- org.molgenis.data.postgresql.identifier.EntityTypeRegistryImplTest -->
