<?xml version="1.0" encoding="UTF-8"?>
<!-- Generated by org.testng.reporters.JUnitReportReporter -->
<testsuite hostname="cyclone1" name="org.molgenis.data.postgresql.PostgreSqlRepositoryTest" tests="11" failures="0" timestamp="30 May 2018 12:55:15 GMT" time="0.833" errors="0">
  <testcase name="findAllQueryOneToManyEquals" time="0.032" classname="org.molgenis.data.postgresql.PostgreSqlRepositoryTest"/>
  <testcase name="testMrefIdRowCallbackHandlerString" time="0.017" classname="org.molgenis.data.postgresql.PostgreSqlRepositoryTest"/>
  <testcase name="testAddEntityNull" time="0.001" classname="org.molgenis.data.postgresql.PostgreSqlRepositoryTest"/>
  <testcase name="testUpdateEntitiesExist" time="0.011" classname="org.molgenis.data.postgresql.PostgreSqlRepositoryTest"/>
  <testcase name="testMrefIdRowCallbackHandlerInvalidType" time="0.001" classname="org.molgenis.data.postgresql.PostgreSqlRepositoryTest"/>
  <testcase name="testUpdateEntityDoesNotExist" time="0.039" classname="org.molgenis.data.postgresql.PostgreSqlRepositoryTest"/>
  <testcase name="testMrefIdRowCallbackHandlerString" time="0.001" classname="org.molgenis.data.postgresql.PostgreSqlRepositoryTest"/>
  <testcase name="testMrefValueTooLong" time="0.671" classname="org.molgenis.data.postgresql.PostgreSqlRepositoryTest"/>
  <testcase name="countQueryOneToManyEquals" time="0.047" classname="org.molgenis.data.postgresql.PostgreSqlRepositoryTest"/>
  <testcase name="testMrefIdRowCallbackHandlerInvalidType" time="0.012" classname="org.molgenis.data.postgresql.PostgreSqlRepositoryTest"/>
  <testcase name="testMrefIdRowCallbackHandlerString" time="0.001" classname="org.molgenis.data.postgresql.PostgreSqlRepositoryTest"/>
</testsuite> <!-- org.molgenis.data.postgresql.PostgreSqlRepositoryTest -->
