<?xml version="1.0" encoding="UTF-8"?>
<!-- Generated by org.testng.reporters.JUnitReportReporter -->
<testsuite hostname="cyclone1" name="org.molgenis.data.postgresql.PostgreSqlEntityFactoryTest" tests="3" failures="0" timestamp="1 Jun 2018 11:42:10 GMT" time="0.099" errors="0">
  <testcase name="createRowMapperXref" time="0.016" classname="org.molgenis.data.postgresql.PostgreSqlEntityFactoryTest"/>
  <testcase name="createRowMapperOneToManyIntegerIds" time="0.001" classname="org.molgenis.data.postgresql.PostgreSqlEntityFactoryTest"/>
  <testcase name="createRowMapperOneToMany" time="0.082" classname="org.molgenis.data.postgresql.PostgreSqlEntityFactoryTest"/>
</testsuite> <!-- org.molgenis.data.postgresql.PostgreSqlEntityFactoryTest -->
