<?xml version="1.0" encoding="UTF-8"?>
<!-- Generated by org.testng.reporters.JUnitReportReporter -->
<testsuite hostname="cyclone1" name="org.molgenis.data.postgresql.PostgreSqlEntityFactoryTest" tests="3" failures="0" timestamp="30 May 2018 12:55:15 GMT" time="0.692" errors="0">
  <testcase name="createRowMapperXref" time="0.280" classname="org.molgenis.data.postgresql.PostgreSqlEntityFactoryTest"/>
  <testcase name="createRowMapperOneToMany" time="0.409" classname="org.molgenis.data.postgresql.PostgreSqlEntityFactoryTest"/>
  <testcase name="createRowMapperOneToManyIntegerIds" time="0.003" classname="org.molgenis.data.postgresql.PostgreSqlEntityFactoryTest"/>
</testsuite> <!-- org.molgenis.data.postgresql.PostgreSqlEntityFactoryTest -->
