<?xml version="1.0" encoding="UTF-8"?>
<!-- Generated by org.testng.reporters.JUnitReportReporter -->
<testsuite hostname="cyclone1" name="org.molgenis.data.postgresql.transaction.PostgreSqlTransactionManagerTest" tests="1" failures="0" timestamp="1 Jun 2018 11:42:10 GMT" time="0.161" errors="0">
  <testcase name="doGetTransaction" time="0.161" classname="org.molgenis.data.postgresql.transaction.PostgreSqlTransactionManagerTest"/>
</testsuite> <!-- org.molgenis.data.postgresql.transaction.PostgreSqlTransactionManagerTest -->
