<?xml version="1.0" encoding="UTF-8"?>
<!-- Generated by org.testng.reporters.JUnitReportReporter -->
<testsuite hostname="cyclone1" name="org.molgenis.data.postgresql.PostgreSqlQueryUtilsTest" tests="44" failures="0" timestamp="30 May 2018 12:55:15 GMT" time="0.179" errors="0">
  <testcase name="getPersistedAttributes" time="0.001" classname="org.molgenis.data.postgresql.PostgreSqlQueryUtilsTest"/>
  <testcase name="getPersistedAttributes" time="0.000" classname="org.molgenis.data.postgresql.PostgreSqlQueryUtilsTest"/>
  <testcase name="getPersistedAttributes" time="0.001" classname="org.molgenis.data.postgresql.PostgreSqlQueryUtilsTest"/>
  <testcase name="getPersistedAttributes" time="0.000" classname="org.molgenis.data.postgresql.PostgreSqlQueryUtilsTest"/>
  <testcase name="getPersistedAttributes" time="0.001" classname="org.molgenis.data.postgresql.PostgreSqlQueryUtilsTest"/>
  <testcase name="getPersistedAttributes" time="0.001" classname="org.molgenis.data.postgresql.PostgreSqlQueryUtilsTest"/>
  <testcase name="getPersistedAttributes" time="0.000" classname="org.molgenis.data.postgresql.PostgreSqlQueryUtilsTest"/>
  <testcase name="getPersistedAttributes" time="0.001" classname="org.molgenis.data.postgresql.PostgreSqlQueryUtilsTest"/>
  <testcase name="getPersistedAttributes" time="0.000" classname="org.molgenis.data.postgresql.PostgreSqlQueryUtilsTest"/>
  <testcase name="getPersistedAttributes" time="0.000" classname="org.molgenis.data.postgresql.PostgreSqlQueryUtilsTest"/>
  <testcase name="getPersistedAttributes" time="0.001" classname="org.molgenis.data.postgresql.PostgreSqlQueryUtilsTest"/>
  <testcase name="getPersistedAttributes" time="0.001" classname="org.molgenis.data.postgresql.PostgreSqlQueryUtilsTest"/>
  <testcase name="getPersistedAttributes" time="0.001" classname="org.molgenis.data.postgresql.PostgreSqlQueryUtilsTest"/>
  <testcase name="getPersistedAttributes" time="0.001" classname="org.molgenis.data.postgresql.PostgreSqlQueryUtilsTest"/>
  <testcase name="getPersistedAttributes" time="0.001" classname="org.molgenis.data.postgresql.PostgreSqlQueryUtilsTest"/>
  <testcase name="getPersistedAttributes" time="0.000" classname="org.molgenis.data.postgresql.PostgreSqlQueryUtilsTest"/>
  <testcase name="getPersistedAttributes" time="0.001" classname="org.molgenis.data.postgresql.PostgreSqlQueryUtilsTest"/>
  <testcase name="isTableAttributeStringAttr" time="0.001" classname="org.molgenis.data.postgresql.PostgreSqlQueryUtilsTest"/>
  <testcase name="getPersistedAttributes" time="0.000" classname="org.molgenis.data.postgresql.PostgreSqlQueryUtilsTest"/>
  <testcase name="getPersistedAttributes" time="0.000" classname="org.molgenis.data.postgresql.PostgreSqlQueryUtilsTest"/>
  <testcase name="getPersistedAttributes" time="0.000" classname="org.molgenis.data.postgresql.PostgreSqlQueryUtilsTest"/>
  <testcase name="getPersistedAttributes" time="0.000" classname="org.molgenis.data.postgresql.PostgreSqlQueryUtilsTest"/>
  <testcase name="getPersistedAttributes" time="0.000" classname="org.molgenis.data.postgresql.PostgreSqlQueryUtilsTest"/>
  <testcase name="isTableAttributeMrefAttr" time="0.000" classname="org.molgenis.data.postgresql.PostgreSqlQueryUtilsTest"/>
  <testcase name="getPersistedAttributes" time="0.001" classname="org.molgenis.data.postgresql.PostgreSqlQueryUtilsTest"/>
  <testcase name="getPersistedAttributes" time="0.001" classname="org.molgenis.data.postgresql.PostgreSqlQueryUtilsTest"/>
  <testcase name="getPersistedAttributes" time="0.000" classname="org.molgenis.data.postgresql.PostgreSqlQueryUtilsTest"/>
  <testcase name="getTableAttributes" time="0.003" classname="org.molgenis.data.postgresql.PostgreSqlQueryUtilsTest"/>
  <testcase name="getPersistedAttributes" time="0.000" classname="org.molgenis.data.postgresql.PostgreSqlQueryUtilsTest"/>
  <testcase name="getJunctionTableAttributes" time="0.157" classname="org.molgenis.data.postgresql.PostgreSqlQueryUtilsTest"/>
  <testcase name="getPersistedAttributes" time="0.000" classname="org.molgenis.data.postgresql.PostgreSqlQueryUtilsTest"/>
  <testcase name="getPersistedAttributes" time="0.001" classname="org.molgenis.data.postgresql.PostgreSqlQueryUtilsTest"/>
  <testcase name="getPersistedAttributes" time="0.000" classname="org.molgenis.data.postgresql.PostgreSqlQueryUtilsTest"/>
  <testcase name="getPersistedAttributes" time="0.000" classname="org.molgenis.data.postgresql.PostgreSqlQueryUtilsTest"/>
  <testcase name="getPersistedAttributes" time="0.000" classname="org.molgenis.data.postgresql.PostgreSqlQueryUtilsTest"/>
  <testcase name="getPersistedAttributes" time="0.001" classname="org.molgenis.data.postgresql.PostgreSqlQueryUtilsTest"/>
  <testcase name="getPersistedAttributes" time="0.000" classname="org.molgenis.data.postgresql.PostgreSqlQueryUtilsTest"/>
  <testcase name="getPersistedAttributes" time="0.000" classname="org.molgenis.data.postgresql.PostgreSqlQueryUtilsTest"/>
  <testcase name="getPersistedAttributes" time="0.000" classname="org.molgenis.data.postgresql.PostgreSqlQueryUtilsTest"/>
  <testcase name="getPersistedAttributes" time="0.001" classname="org.molgenis.data.postgresql.PostgreSqlQueryUtilsTest"/>
  <testcase name="getPersistedAttributes" time="0.001" classname="org.molgenis.data.postgresql.PostgreSqlQueryUtilsTest"/>
  <testcase name="getPersistedAttributes" time="0.001" classname="org.molgenis.data.postgresql.PostgreSqlQueryUtilsTest"/>
  <testcase name="getPersistedAttributes" time="0.000" classname="org.molgenis.data.postgresql.PostgreSqlQueryUtilsTest"/>
  <testcase name="getPersistedAttributes" time="0.000" classname="org.molgenis.data.postgresql.PostgreSqlQueryUtilsTest"/>
</testsuite> <!-- org.molgenis.data.postgresql.PostgreSqlQueryUtilsTest -->
