<?xml version="1.0" encoding="UTF-8"?>
<!-- Generated by org.testng.reporters.JUnitReportReporter -->
<testsuite hostname="cyclone1" name="org.molgenis.data.postgresql.PostgreSqlRepositoryTest" tests="11" failures="0" timestamp="1 Jun 2018 11:42:10 GMT" time="0.548" errors="0">
  <testcase name="testAddEntityNull" time="0.002" classname="org.molgenis.data.postgresql.PostgreSqlRepositoryTest"/>
  <testcase name="testMrefIdRowCallbackHandlerInvalidType" time="0.264" classname="org.molgenis.data.postgresql.PostgreSqlRepositoryTest"/>
  <testcase name="testMrefIdRowCallbackHandlerString" time="0.002" classname="org.molgenis.data.postgresql.PostgreSqlRepositoryTest"/>
  <testcase name="testMrefIdRowCallbackHandlerInvalidType" time="0.001" classname="org.molgenis.data.postgresql.PostgreSqlRepositoryTest"/>
  <testcase name="testUpdateEntitiesExist" time="0.117" classname="org.molgenis.data.postgresql.PostgreSqlRepositoryTest"/>
  <testcase name="testUpdateEntityDoesNotExist" time="0.022" classname="org.molgenis.data.postgresql.PostgreSqlRepositoryTest"/>
  <testcase name="testMrefIdRowCallbackHandlerString" time="0.010" classname="org.molgenis.data.postgresql.PostgreSqlRepositoryTest"/>
  <testcase name="countQueryOneToManyEquals" time="0.008" classname="org.molgenis.data.postgresql.PostgreSqlRepositoryTest"/>
  <testcase name="testMrefIdRowCallbackHandlerString" time="0.002" classname="org.molgenis.data.postgresql.PostgreSqlRepositoryTest"/>
  <testcase name="findAllQueryOneToManyEquals" time="0.078" classname="org.molgenis.data.postgresql.PostgreSqlRepositoryTest"/>
  <testcase name="testMrefValueTooLong" time="0.042" classname="org.molgenis.data.postgresql.PostgreSqlRepositoryTest"/>
</testsuite> <!-- org.molgenis.data.postgresql.PostgreSqlRepositoryTest -->
