<?xml version="1.0" encoding="UTF-8"?>
<!-- Generated by org.testng.reporters.JUnitReportReporter -->
<testsuite hostname="cyclone1" name="org.molgenis.data.postgresql.PostgreSqlRepositoryCollectionDecoratorTest" tests="5" failures="0" timestamp="30 May 2018 12:55:15 GMT" time="0.070" errors="0">
  <testcase name="testCreateRepository" time="0.007" classname="org.molgenis.data.postgresql.PostgreSqlRepositoryCollectionDecoratorTest"/>
  <testcase name="testUpdateAttribute" time="0.002" classname="org.molgenis.data.postgresql.PostgreSqlRepositoryCollectionDecoratorTest"/>
  <testcase name="testDeleteAttribute" time="0.002" classname="org.molgenis.data.postgresql.PostgreSqlRepositoryCollectionDecoratorTest"/>
  <testcase name="testDeleteRepository" time="0.053" classname="org.molgenis.data.postgresql.PostgreSqlRepositoryCollectionDecoratorTest"/>
  <testcase name="testAddAttribute" time="0.006" classname="org.molgenis.data.postgresql.PostgreSqlRepositoryCollectionDecoratorTest"/>
</testsuite> <!-- org.molgenis.data.postgresql.PostgreSqlRepositoryCollectionDecoratorTest -->
