<?xml version="1.0" encoding="UTF-8"?>
<!-- Generated by org.testng.reporters.JUnitReportReporter -->
<testsuite hostname="cyclone1" name="org.molgenis.data.postgresql.PostgreSqlRepositoryCollectionDecoratorTest" tests="5" failures="0" timestamp="6 Jun 2018 14:23:13 GMT" time="0.041" errors="0">
  <testcase name="testDeleteRepository" time="0.000" classname="org.molgenis.data.postgresql.PostgreSqlRepositoryCollectionDecoratorTest"/>
  <testcase name="testCreateRepository" time="0.002" classname="org.molgenis.data.postgresql.PostgreSqlRepositoryCollectionDecoratorTest"/>
  <testcase name="testDeleteAttribute" time="0.002" classname="org.molgenis.data.postgresql.PostgreSqlRepositoryCollectionDecoratorTest"/>
  <testcase name="testUpdateAttribute" time="0.005" classname="org.molgenis.data.postgresql.PostgreSqlRepositoryCollectionDecoratorTest"/>
  <testcase name="testAddAttribute" time="0.032" classname="org.molgenis.data.postgresql.PostgreSqlRepositoryCollectionDecoratorTest"/>
</testsuite> <!-- org.molgenis.data.postgresql.PostgreSqlRepositoryCollectionDecoratorTest -->
