<?xml version="1.0" encoding="UTF-8"?>
<!-- Generated by org.testng.reporters.JUnitReportReporter -->
<testsuite hostname="cyclone1" name="org.molgenis.data.postgresql.PostgreSqlNameGeneratorTest" tests="50" failures="0" timestamp="30 May 2018 12:55:15 GMT" time="0.018" errors="0">
  <testcase name="testGetJunctionTableName" time="0.000" classname="org.molgenis.data.postgresql.PostgreSqlNameGeneratorTest"/>
  <testcase name="testGetUniqueKeyName" time="0.000" classname="org.molgenis.data.postgresql.PostgreSqlNameGeneratorTest"/>
  <testcase name="testGetCheckConstraintName" time="0.001" classname="org.molgenis.data.postgresql.PostgreSqlNameGeneratorTest"/>
  <testcase name="testGetJunctionTableName" time="0.001" classname="org.molgenis.data.postgresql.PostgreSqlNameGeneratorTest"/>
  <testcase name="testGetColumnName" time="0.001" classname="org.molgenis.data.postgresql.PostgreSqlNameGeneratorTest"/>
  <testcase name="testGetFunctionValidateUpdateName" time="0.000" classname="org.molgenis.data.postgresql.PostgreSqlNameGeneratorTest"/>
  <testcase name="testGetPrimaryKeyName" time="0.000" classname="org.molgenis.data.postgresql.PostgreSqlNameGeneratorTest"/>
  <testcase name="testGetCheckConstraintName" time="0.000" classname="org.molgenis.data.postgresql.PostgreSqlNameGeneratorTest"/>
  <testcase name="testGetJunctionTableIndexName" time="0.001" classname="org.molgenis.data.postgresql.PostgreSqlNameGeneratorTest"/>
  <testcase name="testGetJunctionTableName" time="0.001" classname="org.molgenis.data.postgresql.PostgreSqlNameGeneratorTest"/>
  <testcase name="testGetTableNameEntityType" time="0.000" classname="org.molgenis.data.postgresql.PostgreSqlNameGeneratorTest"/>
  <testcase name="testGetFilterColumnName" time="0.000" classname="org.molgenis.data.postgresql.PostgreSqlNameGeneratorTest"/>
  <testcase name="testGetColumnName" time="0.000" classname="org.molgenis.data.postgresql.PostgreSqlNameGeneratorTest"/>
  <testcase name="testGetPrimaryKeyName" time="0.001" classname="org.molgenis.data.postgresql.PostgreSqlNameGeneratorTest"/>
  <testcase name="testGetColumnName" time="0.001" classname="org.molgenis.data.postgresql.PostgreSqlNameGeneratorTest"/>
  <testcase name="testGetUpdateTriggerName" time="0.000" classname="org.molgenis.data.postgresql.PostgreSqlNameGeneratorTest"/>
  <testcase name="testGetPrimaryKeyName" time="0.000" classname="org.molgenis.data.postgresql.PostgreSqlNameGeneratorTest"/>
  <testcase name="testGetForeignKeyName" time="0.001" classname="org.molgenis.data.postgresql.PostgreSqlNameGeneratorTest"/>
  <testcase name="testGetJunctionTableIndexName" time="0.000" classname="org.molgenis.data.postgresql.PostgreSqlNameGeneratorTest"/>
  <testcase name="testGetJunctionTableName" time="0.001" classname="org.molgenis.data.postgresql.PostgreSqlNameGeneratorTest"/>
  <testcase name="testGetFilterColumnName" time="0.001" classname="org.molgenis.data.postgresql.PostgreSqlNameGeneratorTest"/>
  <testcase name="testGetTableNameEntityTypeBoolean" time="0.000" classname="org.molgenis.data.postgresql.PostgreSqlNameGeneratorTest"/>
  <testcase name="testGetForeignKeyName" time="0.001" classname="org.molgenis.data.postgresql.PostgreSqlNameGeneratorTest"/>
  <testcase name="testGetColumnName" time="0.000" classname="org.molgenis.data.postgresql.PostgreSqlNameGeneratorTest"/>
  <testcase name="testGetTableNameEntityTypeBoolean" time="0.000" classname="org.molgenis.data.postgresql.PostgreSqlNameGeneratorTest"/>
  <testcase name="testGetColumnName" time="0.000" classname="org.molgenis.data.postgresql.PostgreSqlNameGeneratorTest"/>
  <testcase name="testGetCheckConstraintName" time="0.000" classname="org.molgenis.data.postgresql.PostgreSqlNameGeneratorTest"/>
  <testcase name="testGetPrimaryKeyName" time="0.000" classname="org.molgenis.data.postgresql.PostgreSqlNameGeneratorTest"/>
  <testcase name="testGetFilterColumnName" time="0.000" classname="org.molgenis.data.postgresql.PostgreSqlNameGeneratorTest"/>
  <testcase name="testGetForeignKeyName" time="0.000" classname="org.molgenis.data.postgresql.PostgreSqlNameGeneratorTest"/>
  <testcase name="testGetColumnName" time="0.000" classname="org.molgenis.data.postgresql.PostgreSqlNameGeneratorTest"/>
  <testcase name="testGetJunctionTableOrderColumnName" time="0.000" classname="org.molgenis.data.postgresql.PostgreSqlNameGeneratorTest"/>
  <testcase name="testGetJunctionTableName" time="0.000" classname="org.molgenis.data.postgresql.PostgreSqlNameGeneratorTest"/>
  <testcase name="testGetColumnName" time="0.001" classname="org.molgenis.data.postgresql.PostgreSqlNameGeneratorTest"/>
  <testcase name="testGetUniqueKeyName" time="0.001" classname="org.molgenis.data.postgresql.PostgreSqlNameGeneratorTest"/>
  <testcase name="testGetUpdateTriggerName" time="0.001" classname="org.molgenis.data.postgresql.PostgreSqlNameGeneratorTest"/>
  <testcase name="testGetCheckConstraintName" time="0.001" classname="org.molgenis.data.postgresql.PostgreSqlNameGeneratorTest"/>
  <testcase name="testGetColumnName" time="0.000" classname="org.molgenis.data.postgresql.PostgreSqlNameGeneratorTest"/>
  <testcase name="testGetColumnName" time="0.000" classname="org.molgenis.data.postgresql.PostgreSqlNameGeneratorTest"/>
  <testcase name="testGetFilterColumnName" time="0.000" classname="org.molgenis.data.postgresql.PostgreSqlNameGeneratorTest"/>
  <testcase name="testGetForeignKeyName" time="0.001" classname="org.molgenis.data.postgresql.PostgreSqlNameGeneratorTest"/>
  <testcase name="testGetTableNameEntityTypeBoolean" time="0.000" classname="org.molgenis.data.postgresql.PostgreSqlNameGeneratorTest"/>
  <testcase name="testGetJunctionTableIndexName" time="0.001" classname="org.molgenis.data.postgresql.PostgreSqlNameGeneratorTest"/>
  <testcase name="testGetJunctionTableIndexName" time="0.000" classname="org.molgenis.data.postgresql.PostgreSqlNameGeneratorTest"/>
  <testcase name="testGetTableNameEntityType" time="0.000" classname="org.molgenis.data.postgresql.PostgreSqlNameGeneratorTest"/>
  <testcase name="testGetJunctionTableIndexName" time="0.001" classname="org.molgenis.data.postgresql.PostgreSqlNameGeneratorTest"/>
  <testcase name="testGetUniqueKeyName" time="0.000" classname="org.molgenis.data.postgresql.PostgreSqlNameGeneratorTest"/>
  <testcase name="testGetFunctionValidateUpdateName" time="0.000" classname="org.molgenis.data.postgresql.PostgreSqlNameGeneratorTest"/>
  <testcase name="testGetTableNameEntityTypeBoolean" time="0.000" classname="org.molgenis.data.postgresql.PostgreSqlNameGeneratorTest"/>
  <testcase name="testGetUniqueKeyName" time="0.000" classname="org.molgenis.data.postgresql.PostgreSqlNameGeneratorTest"/>
</testsuite> <!-- org.molgenis.data.postgresql.PostgreSqlNameGeneratorTest -->
