<?xml version="1.0" encoding="UTF-8"?>
<!-- Generated by org.testng.reporters.JUnitReportReporter -->
<testsuite hostname="cyclone1" name="org.molgenis.data.postgresql.PostgreSqlEntityFactoryTest" tests="3" failures="0" timestamp="6 Jun 2018 14:23:13 GMT" time="0.489" errors="0">
  <testcase name="createRowMapperOneToMany" time="0.485" classname="org.molgenis.data.postgresql.PostgreSqlEntityFactoryTest"/>
  <testcase name="createRowMapperOneToManyIntegerIds" time="0.002" classname="org.molgenis.data.postgresql.PostgreSqlEntityFactoryTest"/>
  <testcase name="createRowMapperXref" time="0.002" classname="org.molgenis.data.postgresql.PostgreSqlEntityFactoryTest"/>
</testsuite> <!-- org.molgenis.data.postgresql.PostgreSqlEntityFactoryTest -->
