<?xml version="1.0" encoding="UTF-8"?>
<!-- Generated by org.testng.reporters.JUnitReportReporter -->
<testsuite hostname="cyclone1" name="org.molgenis.data.postgresql.PostgreSqlRepositoryTest" tests="11" failures="0" timestamp="6 Jun 2018 14:23:13 GMT" time="0.099" errors="0">
  <testcase name="testMrefValueTooLong" time="0.006" classname="org.molgenis.data.postgresql.PostgreSqlRepositoryTest"/>
  <testcase name="testUpdateEntityDoesNotExist" time="0.019" classname="org.molgenis.data.postgresql.PostgreSqlRepositoryTest"/>
  <testcase name="testUpdateEntitiesExist" time="0.008" classname="org.molgenis.data.postgresql.PostgreSqlRepositoryTest"/>
  <testcase name="testMrefIdRowCallbackHandlerInvalidType" time="0.002" classname="org.molgenis.data.postgresql.PostgreSqlRepositoryTest"/>
  <testcase name="testMrefIdRowCallbackHandlerString" time="0.020" classname="org.molgenis.data.postgresql.PostgreSqlRepositoryTest"/>
  <testcase name="findAllQueryOneToManyEquals" time="0.015" classname="org.molgenis.data.postgresql.PostgreSqlRepositoryTest"/>
  <testcase name="testMrefIdRowCallbackHandlerString" time="0.010" classname="org.molgenis.data.postgresql.PostgreSqlRepositoryTest"/>
  <testcase name="testMrefIdRowCallbackHandlerInvalidType" time="0.009" classname="org.molgenis.data.postgresql.PostgreSqlRepositoryTest"/>
  <testcase name="testAddEntityNull" time="0.003" classname="org.molgenis.data.postgresql.PostgreSqlRepositoryTest"/>
  <testcase name="countQueryOneToManyEquals" time="0.005" classname="org.molgenis.data.postgresql.PostgreSqlRepositoryTest"/>
  <testcase name="testMrefIdRowCallbackHandlerString" time="0.002" classname="org.molgenis.data.postgresql.PostgreSqlRepositoryTest"/>
</testsuite> <!-- org.molgenis.data.postgresql.PostgreSqlRepositoryTest -->
