<?xml version="1.0" encoding="UTF-8"?>
<!-- Generated by org.testng.reporters.JUnitReportReporter -->
<testsuite hostname="cyclone1" name="org.molgenis.data.postgresql.PostgreSqlIdGeneratorTest" tests="10" failures="0" timestamp="6 Jun 2018 14:23:13 GMT" time="0.007" errors="0">
  <testcase name="testGenerateIdAttribute" time="0.001" classname="org.molgenis.data.postgresql.PostgreSqlIdGeneratorTest"/>
  <testcase name="testGenerateIdEntityType" time="0.000" classname="org.molgenis.data.postgresql.PostgreSqlIdGeneratorTest"/>
  <testcase name="testTableIdGenerator" time="0.002" classname="org.molgenis.data.postgresql.PostgreSqlIdGeneratorTest"/>
  <testcase name="testGenerateIdEntityType" time="0.001" classname="org.molgenis.data.postgresql.PostgreSqlIdGeneratorTest"/>
  <testcase name="testGenerateIdEntityType" time="0.001" classname="org.molgenis.data.postgresql.PostgreSqlIdGeneratorTest"/>
  <testcase name="testGenerateIdAttribute" time="0.000" classname="org.molgenis.data.postgresql.PostgreSqlIdGeneratorTest"/>
  <testcase name="testGenerateIdAttribute" time="0.000" classname="org.molgenis.data.postgresql.PostgreSqlIdGeneratorTest"/>
  <testcase name="testGenerateIdEntityType" time="0.001" classname="org.molgenis.data.postgresql.PostgreSqlIdGeneratorTest"/>
  <testcase name="testGenerateIdAttribute" time="0.000" classname="org.molgenis.data.postgresql.PostgreSqlIdGeneratorTest"/>
  <testcase name="testGenerateIdAttribute" time="0.001" classname="org.molgenis.data.postgresql.PostgreSqlIdGeneratorTest"/>
</testsuite> <!-- org.molgenis.data.postgresql.PostgreSqlIdGeneratorTest -->
