<?xml version="1.0" encoding="UTF-8"?>
<testsuite xmlns:xsi="http://www.w3.org/2001/XMLSchema-instance" xsi:schemaLocation="https://maven.apache.org/surefire/maven-surefire-plugin/xsd/surefire-test-report.xsd" name="com.oneandone.ejbcdiunit.persistencefactory.MySqlTest" time="35.951" tests="2" errors="1" skipped="0" failures="0">
  <properties>
    <property name="java.runtime.name" value="OpenJDK Runtime Environment"/>
    <property name="sun.boot.library.path" value="/usr/lib/jvm/java-8-openjdk-amd64/jre/lib/amd64"/>
    <property name="java.vm.version" value="25.121-b13"/>
    <property name="java.vm.vendor" value="Oracle Corporation"/>
    <property name="maven.multiModuleProjectDirectory" value="/root/workspace/1and1/ejb-cdi-unit/389259854"/>
    <property name="java.vendor.url" value="http://java.oracle.com/"/>
    <property name="path.separator" value=":"/>
    <property name="guice.disable.misplaced.annotation.check" value="true"/>
    <property name="skip.gulp" value="true"/>
    <property name="java.vm.name" value="OpenJDK 64-Bit Server VM"/>
    <property name="file.encoding.pkg" value="sun.io"/>
    <property name="sun.java.launcher" value="SUN_STANDARD"/>
    <property name="sun.os.patch.level" value="unknown"/>
    <property name="findbugs.skip" value="true"/>
    <property name="java.vm.specification.name" value="Java Virtual Machine Specification"/>
    <property name="user.dir" value="/root/workspace/1and1/ejb-cdi-unit/389259854"/>
    <property name="checkstyle.skip" value="true"/>
    <property name="java.runtime.version" value="1.8.0_121-8u121-b13-1~bpo8+1-b13"/>
    <property name="java.awt.graphicsenv" value="sun.awt.X11GraphicsEnvironment"/>
    <property name="skip.npm" value="true"/>
    <property name="java.endorsed.dirs" value="/usr/lib/jvm/java-8-openjdk-amd64/jre/lib/endorsed"/>
    <property name="os.arch" value="amd64"/>
    <property name="java.io.tmpdir" value="/tmp"/>
    <property name="gpg.skip" value="true"/>
    <property name="line.separator" value="&#10;"/>
    <property name="java.vm.specification.vendor" value="Oracle Corporation"/>
    <property name="cobertura.skip" value="true"/>
    <property name="os.name" value="Linux"/>
    <property name="classworlds.conf" value="/usr/share/maven/bin/m2.conf"/>
    <property name="sun.jnu.encoding" value="UTF-8"/>
    <property name="java.library.path" value="/usr/java/packages/lib/amd64:/usr/lib/x86_64-linux-gnu/jni:/lib/x86_64-linux-gnu:/usr/lib/x86_64-linux-gnu:/usr/lib/jni:/lib:/usr/lib"/>
    <property name="license.skip" value="true"/>
    <property name="java.specification.name" value="Java Platform API Specification"/>
    <property name="java.class.version" value="52.0"/>
    <property name="sun.management.compiler" value="HotSpot 64-Bit Tiered Compilers"/>
    <property name="skip.bower" value="true"/>
    <property name="maven.repo.local" value="/root/./workspace/1and1/ejb-cdi-unit/389259854/.m2"/>
    <property name="os.version" value="3.10.0-862.3.2.el7.x86_64"/>
    <property name="user.home" value="/root"/>
    <property name="user.timezone" value="Europe/Paris"/>
    <property name="java.awt.printerjob" value="sun.print.PSPrinterJob"/>
    <property name="java.specification.version" value="1.8"/>
    <property name="file.encoding" value="UTF-8"/>
    <property name="user.name" value="root"/>
    <property name="java.class.path" value="/usr/share/maven/boot/plexus-classworlds-2.5.2.jar"/>
    <property name="skipITs" value="true"/>
    <property name="java.vm.specification.version" value="1.8"/>
    <property name="sun.arch.data.model" value="64"/>
    <property name="java.home" value="/usr/lib/jvm/java-8-openjdk-amd64/jre"/>
    <property name="sun.java.command" value="org.codehaus.plexus.classworlds.launcher.Launcher -B -D enforcer.skip=true -D dependency-check.skip=true -D skipITs=true -D cobertura.skip=true -D maven.repo.local=/root/./workspace/1and1/ejb-cdi-unit/389259854/.m2 -D rat.skip=true -D findbugs.skip=true -D skip.bower=true -D gpg.skip=true -D checkstyle.skip=true -D skip.gulp=true -D license.skip=true -D skip.npm=true test"/>
    <property name="java.specification.vendor" value="Oracle Corporation"/>
    <property name="user.language" value="en"/>
    <property name="awt.toolkit" value="sun.awt.X11.XToolkit"/>
    <property name="dependency-check.skip" value="true"/>
    <property name="java.vm.info" value="mixed mode"/>
    <property name="java.version" value="1.8.0_121"/>
    <property name="java.ext.dirs" value="/usr/lib/jvm/java-8-openjdk-amd64/jre/lib/ext:/usr/java/packages/lib/ext"/>
    <property name="securerandom.source" value="file:/dev/./urandom"/>
    <property name="sun.boot.class.path" value="/usr/lib/jvm/java-8-openjdk-amd64/jre/lib/resources.jar:/usr/lib/jvm/java-8-openjdk-amd64/jre/lib/rt.jar:/usr/lib/jvm/java-8-openjdk-amd64/jre/lib/sunrsasign.jar:/usr/lib/jvm/java-8-openjdk-amd64/jre/lib/jsse.jar:/usr/lib/jvm/java-8-openjdk-amd64/jre/lib/jce.jar:/usr/lib/jvm/java-8-openjdk-amd64/jre/lib/charsets.jar:/usr/lib/jvm/java-8-openjdk-amd64/jre/lib/jfr.jar:/usr/lib/jvm/java-8-openjdk-amd64/jre/classes"/>
    <property name="java.vendor" value="Oracle Corporation"/>
    <property name="enforcer.skip" value="true"/>
    <property name="rat.skip" value="true"/>
    <property name="maven.home" value="/usr/share/maven"/>
    <property name="file.separator" value="/"/>
    <property name="java.vendor.url.bug" value="http://bugreport.sun.com/bugreport/"/>
    <property name="sun.cpu.endian" value="little"/>
    <property name="sun.io.unicode.encoding" value="UnicodeLittle"/>
    <property name="sun.cpu.isalist" value=""/>
  </properties>
  <testcase name="test" classname="com.oneandone.ejbcdiunit.persistencefactory.MySqlTest" time="32.905">
    <error message="WELD-000049 Unable to invoke [method] @PostConstruct public com.oneandone.ejbcdiunit.helpers.MySqlStarter.create() on com.oneandone.ejbcdiunit.helpers.MySqlStarter@67e28be3" type="org.jboss.weld.exceptions.WeldException">org.jboss.weld.exceptions.WeldException: WELD-000049 Unable to invoke [method] @PostConstruct public com.oneandone.ejbcdiunit.helpers.MySqlStarter.create() on com.oneandone.ejbcdiunit.helpers.MySqlStarter@67e28be3
Caused by: java.lang.reflect.InvocationTargetException
Caused by: ch.vorburger.exec.ManagedProcessException: An error occurred while starting the database
Caused by: ch.vorburger.exec.ManagedProcessException: 
Asked to wait for "mysqld: ready for connections." from Program [/tmp/MariaDB4j/base/bin/mysqld, --no-defaults, --console, --skip-grant-tables, --max_allowed_packet=64M, --basedir=/tmp/MariaDB4j/base, --datadir=/tmp/MariaDB4j/data/3406, --port=3406, --socket=/tmp/MariaDB4j.3406.sock] (in working directory /tmp/MariaDB4j/base), but it already exited! (without that message in console), last 100 lines of console:
2018-06-07 14:21:04 140546038941568 [Note] /tmp/MariaDB4j/base/bin/mysqld (mysqld 10.1.13-MariaDB) starting as process 6296 ...
2018-06-07 14:21:04 140546038941568 [ERROR] Fatal error: Please consult the Knowledge Base to find out how to run mysqld as root!

2018-06-07 14:21:04 140546038941568 [ERROR] Aborting

</error>
    <system-out><![CDATA[2018-06-07 16:20:30,976 INFO   (: [  ]  ) [org.jboss.weld.Version] (main) WELD-000900 1.1.14 (Final)
2018-06-07 16:20:31,913 INFO   (: [  ]  ) [ch.vorburger.mariadb4j.Util] (main) Created directory: /tmp/MariaDB4j/base
2018-06-07 16:20:31,914 INFO   (: [  ]  ) [ch.vorburger.mariadb4j.Util] (main) Created directory: /tmp/MariaDB4j/base/libs
2018-06-07 16:20:31,914 INFO   (: [  ]  ) [ch.vorburger.mariadb4j.Util] (main) Created directory: /tmp/MariaDB4j/data/3406
2018-06-07 16:20:43,001 INFO   (: [  ]  ) [ch.vorburger.mariadb4j.Util] (main) Unpacked 69 files from classpath*:ch/vorburger/mariadb4j/mariadb-10.1.13/linux/** to /tmp/MariaDB4j/base
2018-06-07 16:20:43,002 INFO   (: [  ]  ) [ch.vorburger.mariadb4j.Util] (main) chmod +x /tmp/MariaDB4j/base/bin/my_print_defaults (using java.io.File.setExecutable)
2018-06-07 16:20:43,002 INFO   (: [  ]  ) [ch.vorburger.mariadb4j.Util] (main) chmod +x /tmp/MariaDB4j/base/bin/mysql_install_db (using java.io.File.setExecutable)
2018-06-07 16:20:43,002 INFO   (: [  ]  ) [ch.vorburger.mariadb4j.Util] (main) chmod +x /tmp/MariaDB4j/base/bin/mysqld (using java.io.File.setExecutable)
2018-06-07 16:20:43,003 INFO   (: [  ]  ) [ch.vorburger.mariadb4j.Util] (main) chmod +x /tmp/MariaDB4j/base/bin/mysql (using java.io.File.setExecutable)
2018-06-07 16:20:43,003 INFO   (: [  ]  ) [ch.vorburger.mariadb4j.DB] (main) Installing a new embedded database to: /tmp/MariaDB4j/base
2018-06-07 16:20:43,029 INFO   (: [  ]  ) [ch.vorburger.exec.ManagedProcess] (main) Starting Program [/tmp/MariaDB4j/base/bin/mysql_install_db, --datadir=/tmp/MariaDB4j/data/3406, --basedir=/tmp/MariaDB4j/base, --no-defaults, --force, --skip-name-resolve] (in working directory /tmp/MariaDB4j/base)
2018-06-07 16:20:43,136 INFO   (: [  ]  ) [ch.vorburger.exec.ManagedProcess] (main) Thread is now going to wait for this process to terminate itself: Program [/tmp/MariaDB4j/base/bin/mysql_install_db, --datadir=/tmp/MariaDB4j/data/3406, --basedir=/tmp/MariaDB4j/base, --no-defaults, --force, --skip-name-resolve] (in working directory /tmp/MariaDB4j/base)
2018-06-07 16:20:43,566 INFO   (: [  ]  ) [ch.vorburger.exec.ManagedProcess] (Exec Stream Pumper) mysql_install_db: Installing MariaDB/MySQL system tables in '/tmp/MariaDB4j/data/3406' ...
2018-06-07 16:20:43,675 INFO   (: [  ]  ) [ch.vorburger.exec.ManagedProcess] (Exec Stream Pumper) mysql_install_db: 2018-06-07 14:20:43 139759625500544 [Note] /tmp/MariaDB4j/base/bin/mysqld (mysqld 10.1.13-MariaDB) starting as process 6210 ...
2018-06-07 16:20:44,204 INFO   (: [  ]  ) [ch.vorburger.exec.ManagedProcess] (Exec Stream Pumper) mysql_install_db: 2018-06-07 14:20:44 139759625500544 [Note] InnoDB: Using mutexes to ref count buffer pool pages
2018-06-07 16:20:44,204 INFO   (: [  ]  ) [ch.vorburger.exec.ManagedProcess] (Exec Stream Pumper) mysql_install_db: 2018-06-07 14:20:44 139759625500544 [Note] InnoDB: The InnoDB memory heap is disabled
2018-06-07 16:20:44,205 INFO   (: [  ]  ) [ch.vorburger.exec.ManagedProcess] (Exec Stream Pumper) mysql_install_db: 2018-06-07 14:20:44 139759625500544 [Note] InnoDB: Mutexes and rw_locks use GCC atomic builtins
2018-06-07 16:20:44,205 INFO   (: [  ]  ) [ch.vorburger.exec.ManagedProcess] (Exec Stream Pumper) mysql_install_db: 2018-06-07 14:20:44 139759625500544 [Note] InnoDB: Memory barrier is not used
2018-06-07 16:20:44,205 INFO   (: [  ]  ) [ch.vorburger.exec.ManagedProcess] (Exec Stream Pumper) mysql_install_db: 2018-06-07 14:20:44 139759625500544 [Note] InnoDB: Compressed tables use zlib 1.2.3
2018-06-07 16:20:44,205 INFO   (: [  ]  ) [ch.vorburger.exec.ManagedProcess] (Exec Stream Pumper) mysql_install_db: 2018-06-07 14:20:44 139759625500544 [Note] InnoDB: Using Linux native AIO
2018-06-07 16:20:44,205 INFO   (: [  ]  ) [ch.vorburger.exec.ManagedProcess] (Exec Stream Pumper) mysql_install_db: 2018-06-07 14:20:44 139759625500544 [Note] InnoDB: Using SSE crc32 instructions
2018-06-07 16:20:44,206 INFO   (: [  ]  ) [ch.vorburger.exec.ManagedProcess] (Exec Stream Pumper) mysql_install_db: 2018-06-07 14:20:44 139759625500544 [Note] InnoDB: Initializing buffer pool, size = 128.0M
2018-06-07 16:20:44,216 INFO   (: [  ]  ) [ch.vorburger.exec.ManagedProcess] (Exec Stream Pumper) mysql_install_db: 2018-06-07 14:20:44 139759625500544 [Note] InnoDB: Completed initialization of buffer pool
2018-06-07 16:20:44,229 INFO   (: [  ]  ) [ch.vorburger.exec.ManagedProcess] (Exec Stream Pumper) mysql_install_db: 2018-06-07 14:20:44 139759625500544 [Note] InnoDB: The first specified data file ./ibdata1 did not exist: a new database to be created!
2018-06-07 16:20:44,229 INFO   (: [  ]  ) [ch.vorburger.exec.ManagedProcess] (Exec Stream Pumper) mysql_install_db: 2018-06-07 14:20:44 139759625500544 [Note] InnoDB: Setting file ./ibdata1 size to 12 MB
2018-06-07 16:20:44,230 INFO   (: [  ]  ) [ch.vorburger.exec.ManagedProcess] (Exec Stream Pumper) mysql_install_db: 2018-06-07 14:20:44 139759625500544 [Note] InnoDB: Database physically writes the file full: wait...
2018-06-07 16:20:44,475 INFO   (: [  ]  ) [ch.vorburger.exec.ManagedProcess] (Exec Stream Pumper) mysql_install_db: 2018-06-07 14:20:44 139759625500544 [Note] InnoDB: Setting log file ./ib_logfile101 size to 48 MB
2018-06-07 16:20:44,820 INFO   (: [  ]  ) [ch.vorburger.exec.ManagedProcess] (Exec Stream Pumper) mysql_install_db: 2018-06-07 14:20:44 139759625500544 [Note] InnoDB: Setting log file ./ib_logfile1 size to 48 MB
2018-06-07 16:20:45,744 INFO   (: [  ]  ) [ch.vorburger.exec.ManagedProcess] (Exec Stream Pumper) mysql_install_db: 2018-06-07 14:20:45 139759625500544 [Note] InnoDB: Renaming log file ./ib_logfile101 to ./ib_logfile0
2018-06-07 16:20:45,744 INFO   (: [  ]  ) [ch.vorburger.exec.ManagedProcess] (Exec Stream Pumper) mysql_install_db: 2018-06-07 14:20:45 139759625500544 [Warning] InnoDB: New log files created, LSN=45883
2018-06-07 16:20:45,744 INFO   (: [  ]  ) [ch.vorburger.exec.ManagedProcess] (Exec Stream Pumper) mysql_install_db: 2018-06-07 14:20:45 139759625500544 [Note] InnoDB: Doublewrite buffer not found: creating new
2018-06-07 16:20:46,183 INFO   (: [  ]  ) [ch.vorburger.exec.ManagedProcess] (Exec Stream Pumper) mysql_install_db: 2018-06-07 14:20:46 139759625500544 [Note] InnoDB: Doublewrite buffer created
2018-06-07 16:20:46,198 INFO   (: [  ]  ) [ch.vorburger.exec.ManagedProcess] (Exec Stream Pumper) mysql_install_db: 2018-06-07 14:20:46 139759625500544 [Note] InnoDB: 128 rollback segment(s) are active.
2018-06-07 16:20:46,198 INFO   (: [  ]  ) [ch.vorburger.exec.ManagedProcess] (Exec Stream Pumper) mysql_install_db: 2018-06-07 14:20:46 139759625500544 [Warning] InnoDB: Creating foreign key constraint system tables.
2018-06-07 16:20:46,333 INFO   (: [  ]  ) [ch.vorburger.exec.ManagedProcess] (Exec Stream Pumper) mysql_install_db: 2018-06-07 14:20:46 139759625500544 [Note] InnoDB: Foreign key constraint system tables created
2018-06-07 16:20:46,333 INFO   (: [  ]  ) [ch.vorburger.exec.ManagedProcess] (Exec Stream Pumper) mysql_install_db: 2018-06-07 14:20:46 139759625500544 [Note] InnoDB: Creating tablespace and datafile system tables.
2018-06-07 16:20:46,455 INFO   (: [  ]  ) [ch.vorburger.exec.ManagedProcess] (Exec Stream Pumper) mysql_install_db: 2018-06-07 14:20:46 139759625500544 [Note] InnoDB: Tablespace and datafile system tables created.
2018-06-07 16:20:46,455 INFO   (: [  ]  ) [ch.vorburger.exec.ManagedProcess] (Exec Stream Pumper) mysql_install_db: 2018-06-07 14:20:46 139759625500544 [Note] InnoDB: Waiting for purge to start
2018-06-07 16:20:46,506 INFO   (: [  ]  ) [ch.vorburger.exec.ManagedProcess] (Exec Stream Pumper) mysql_install_db: 2018-06-07 14:20:46 139759625500544 [Note] InnoDB:  Percona XtraDB (http://www.percona.com) 5.6.28-76.1 started; log sequence number 0
2018-06-07 16:20:47,100 INFO   (: [  ]  ) [ch.vorburger.exec.ManagedProcess] (Exec Stream Pumper) mysql_install_db: 2018-06-07 14:20:47 139758932064000 [Note] InnoDB: Dumping buffer pool(s) not yet started
2018-06-07 16:20:58,736 INFO   (: [  ]  ) [ch.vorburger.exec.ManagedProcess] (Exec Stream Pumper) mysql_install_db: OK
2018-06-07 16:20:58,736 INFO   (: [  ]  ) [ch.vorburger.exec.ManagedProcess] (Exec Stream Pumper) mysql_install_db: Filling help tables...
2018-06-07 16:20:58,845 INFO   (: [  ]  ) [ch.vorburger.exec.ManagedProcess] (Exec Stream Pumper) mysql_install_db: 2018-06-07 14:20:58 140614876215168 [Note] /tmp/MariaDB4j/base/bin/mysqld (mysqld 10.1.13-MariaDB) starting as process 6238 ...
2018-06-07 16:20:58,984 INFO   (: [  ]  ) [ch.vorburger.exec.ManagedProcess] (Exec Stream Pumper) mysql_install_db: 2018-06-07 14:20:58 140614876215168 [Note] InnoDB: Using mutexes to ref count buffer pool pages
2018-06-07 16:20:58,984 INFO   (: [  ]  ) [ch.vorburger.exec.ManagedProcess] (Exec Stream Pumper) mysql_install_db: 2018-06-07 14:20:58 140614876215168 [Note] InnoDB: The InnoDB memory heap is disabled
2018-06-07 16:20:58,984 INFO   (: [  ]  ) [ch.vorburger.exec.ManagedProcess] (Exec Stream Pumper) mysql_install_db: 2018-06-07 14:20:58 140614876215168 [Note] InnoDB: Mutexes and rw_locks use GCC atomic builtins
2018-06-07 16:20:58,984 INFO   (: [  ]  ) [ch.vorburger.exec.ManagedProcess] (Exec Stream Pumper) mysql_install_db: 2018-06-07 14:20:58 140614876215168 [Note] InnoDB: Memory barrier is not used
2018-06-07 16:20:58,985 INFO   (: [  ]  ) [ch.vorburger.exec.ManagedProcess] (Exec Stream Pumper) mysql_install_db: 2018-06-07 14:20:58 140614876215168 [Note] InnoDB: Compressed tables use zlib 1.2.3
2018-06-07 16:20:58,985 INFO   (: [  ]  ) [ch.vorburger.exec.ManagedProcess] (Exec Stream Pumper) mysql_install_db: 2018-06-07 14:20:58 140614876215168 [Note] InnoDB: Using Linux native AIO
2018-06-07 16:20:58,985 INFO   (: [  ]  ) [ch.vorburger.exec.ManagedProcess] (Exec Stream Pumper) mysql_install_db: 2018-06-07 14:20:58 140614876215168 [Note] InnoDB: Using SSE crc32 instructions
2018-06-07 16:20:58,986 INFO   (: [  ]  ) [ch.vorburger.exec.ManagedProcess] (Exec Stream Pumper) mysql_install_db: 2018-06-07 14:20:58 140614876215168 [Note] InnoDB: Initializing buffer pool, size = 128.0M
2018-06-07 16:20:58,995 INFO   (: [  ]  ) [ch.vorburger.exec.ManagedProcess] (Exec Stream Pumper) mysql_install_db: 2018-06-07 14:20:58 140614876215168 [Note] InnoDB: Completed initialization of buffer pool
2018-06-07 16:20:59,008 INFO   (: [  ]  ) [ch.vorburger.exec.ManagedProcess] (Exec Stream Pumper) mysql_install_db: 2018-06-07 14:20:59 140614876215168 [Note] InnoDB: Highest supported file format is Barracuda.
2018-06-07 16:20:59,096 INFO   (: [  ]  ) [ch.vorburger.exec.ManagedProcess] (Exec Stream Pumper) mysql_install_db: 2018-06-07 14:20:59 140614876215168 [Note] InnoDB: 128 rollback segment(s) are active.
2018-06-07 16:20:59,096 INFO   (: [  ]  ) [ch.vorburger.exec.ManagedProcess] (Exec Stream Pumper) mysql_install_db: 2018-06-07 14:20:59 140614876215168 [Note] InnoDB: Waiting for purge to start
2018-06-07 16:20:59,147 INFO   (: [  ]  ) [ch.vorburger.exec.ManagedProcess] (Exec Stream Pumper) mysql_install_db: 2018-06-07 14:20:59 140614876215168 [Note] InnoDB:  Percona XtraDB (http://www.percona.com) 5.6.28-76.1 started; log sequence number 1616799
2018-06-07 16:20:59,657 INFO   (: [  ]  ) [ch.vorburger.exec.ManagedProcess] (Exec Stream Pumper) mysql_install_db: 2018-06-07 14:20:59 140614188369664 [Note] InnoDB: Dumping buffer pool(s) not yet started
2018-06-07 16:21:01,628 INFO   (: [  ]  ) [ch.vorburger.exec.ManagedProcess] (Exec Stream Pumper) mysql_install_db: OK
2018-06-07 16:21:01,628 INFO   (: [  ]  ) [ch.vorburger.exec.ManagedProcess] (Exec Stream Pumper) mysql_install_db: Creating OpenGIS required SP-s...
2018-06-07 16:21:01,745 INFO   (: [  ]  ) [ch.vorburger.exec.ManagedProcess] (Exec Stream Pumper) mysql_install_db: 2018-06-07 14:21:01 140087957460864 [Note] /tmp/MariaDB4j/base/bin/mysqld (mysqld 10.1.13-MariaDB) starting as process 6267 ...
2018-06-07 16:21:01,874 INFO   (: [  ]  ) [ch.vorburger.exec.ManagedProcess] (Exec Stream Pumper) mysql_install_db: 2018-06-07 14:21:01 140087957460864 [Note] InnoDB: Using mutexes to ref count buffer pool pages
2018-06-07 16:21:01,874 INFO   (: [  ]  ) [ch.vorburger.exec.ManagedProcess] (Exec Stream Pumper) mysql_install_db: 2018-06-07 14:21:01 140087957460864 [Note] InnoDB: The InnoDB memory heap is disabled
2018-06-07 16:21:01,874 INFO   (: [  ]  ) [ch.vorburger.exec.ManagedProcess] (Exec Stream Pumper) mysql_install_db: 2018-06-07 14:21:01 140087957460864 [Note] InnoDB: Mutexes and rw_locks use GCC atomic builtins
2018-06-07 16:21:01,874 INFO   (: [  ]  ) [ch.vorburger.exec.ManagedProcess] (Exec Stream Pumper) mysql_install_db: 2018-06-07 14:21:01 140087957460864 [Note] InnoDB: Memory barrier is not used
2018-06-07 16:21:01,875 INFO   (: [  ]  ) [ch.vorburger.exec.ManagedProcess] (Exec Stream Pumper) mysql_install_db: 2018-06-07 14:21:01 140087957460864 [Note] InnoDB: Compressed tables use zlib 1.2.3
2018-06-07 16:21:01,875 INFO   (: [  ]  ) [ch.vorburger.exec.ManagedProcess] (Exec Stream Pumper) mysql_install_db: 2018-06-07 14:21:01 140087957460864 [Note] InnoDB: Using Linux native AIO
2018-06-07 16:21:01,875 INFO   (: [  ]  ) [ch.vorburger.exec.ManagedProcess] (Exec Stream Pumper) mysql_install_db: 2018-06-07 14:21:01 140087957460864 [Note] InnoDB: Using SSE crc32 instructions
2018-06-07 16:21:01,875 INFO   (: [  ]  ) [ch.vorburger.exec.ManagedProcess] (Exec Stream Pumper) mysql_install_db: 2018-06-07 14:21:01 140087957460864 [Note] InnoDB: Initializing buffer pool, size = 128.0M
2018-06-07 16:21:01,884 INFO   (: [  ]  ) [ch.vorburger.exec.ManagedProcess] (Exec Stream Pumper) mysql_install_db: 2018-06-07 14:21:01 140087957460864 [Note] InnoDB: Completed initialization of buffer pool
2018-06-07 16:21:01,898 INFO   (: [  ]  ) [ch.vorburger.exec.ManagedProcess] (Exec Stream Pumper) mysql_install_db: 2018-06-07 14:21:01 140087957460864 [Note] InnoDB: Highest supported file format is Barracuda.
2018-06-07 16:21:01,979 INFO   (: [  ]  ) [ch.vorburger.exec.ManagedProcess] (Exec Stream Pumper) mysql_install_db: 2018-06-07 14:21:01 140087957460864 [Note] InnoDB: 128 rollback segment(s) are active.
2018-06-07 16:21:01,980 INFO   (: [  ]  ) [ch.vorburger.exec.ManagedProcess] (Exec Stream Pumper) mysql_install_db: 2018-06-07 14:21:01 140087957460864 [Note] InnoDB: Waiting for purge to start
2018-06-07 16:21:02,030 INFO   (: [  ]  ) [ch.vorburger.exec.ManagedProcess] (Exec Stream Pumper) mysql_install_db: 2018-06-07 14:21:02 140087957460864 [Note] InnoDB:  Percona XtraDB (http://www.percona.com) 5.6.28-76.1 started; log sequence number 1616809
2018-06-07 16:21:02,515 INFO   (: [  ]  ) [ch.vorburger.exec.ManagedProcess] (Exec Stream Pumper) mysql_install_db: 2018-06-07 14:21:02 140087270541056 [Note] InnoDB: Dumping buffer pool(s) not yet started
2018-06-07 16:21:04,571 INFO   (: [  ]  ) [ch.vorburger.exec.ManagedProcess] (Exec Stream Pumper) mysql_install_db: OK
2018-06-07 16:21:04,572 INFO   (: [  ]  ) [ch.vorburger.exec.ManagedProcess] (Exec Stream Pumper) mysql_install_db: 
2018-06-07 16:21:04,572 INFO   (: [  ]  ) [ch.vorburger.exec.ManagedProcess] (Exec Stream Pumper) mysql_install_db: To start mysqld at boot time you have to copy
2018-06-07 16:21:04,572 INFO   (: [  ]  ) [ch.vorburger.exec.ManagedProcess] (Exec Stream Pumper) mysql_install_db: support-files/mysql.server to the right place for your system
2018-06-07 16:21:04,573 INFO   (: [  ]  ) [ch.vorburger.exec.ManagedProcess] (Exec Stream Pumper) mysql_install_db: 
2018-06-07 16:21:04,573 INFO   (: [  ]  ) [ch.vorburger.exec.ManagedProcess] (Exec Stream Pumper) mysql_install_db: PLEASE REMEMBER TO SET A PASSWORD FOR THE MariaDB root USER !
2018-06-07 16:21:04,573 INFO   (: [  ]  ) [ch.vorburger.exec.ManagedProcess] (Exec Stream Pumper) mysql_install_db: To do so, start the server, then issue the following commands:
2018-06-07 16:21:04,574 INFO   (: [  ]  ) [ch.vorburger.exec.ManagedProcess] (Exec Stream Pumper) mysql_install_db: 
2018-06-07 16:21:04,574 INFO   (: [  ]  ) [ch.vorburger.exec.ManagedProcess] (Exec Stream Pumper) mysql_install_db: '/tmp/MariaDB4j/base/bin/mysqladmin' -u root password 'new-password'
2018-06-07 16:21:04,574 INFO   (: [  ]  ) [ch.vorburger.exec.ManagedProcess] (Exec Stream Pumper) mysql_install_db: '/tmp/MariaDB4j/base/bin/mysqladmin' -u root -h  password 'new-password'
2018-06-07 16:21:04,574 INFO   (: [  ]  ) [ch.vorburger.exec.ManagedProcess] (Exec Stream Pumper) mysql_install_db: 
2018-06-07 16:21:04,574 INFO   (: [  ]  ) [ch.vorburger.exec.ManagedProcess] (Exec Stream Pumper) mysql_install_db: Alternatively you can run:
2018-06-07 16:21:04,575 INFO   (: [  ]  ) [ch.vorburger.exec.ManagedProcess] (Exec Stream Pumper) mysql_install_db: '/tmp/MariaDB4j/base/bin/mysql_secure_installation'
2018-06-07 16:21:04,575 INFO   (: [  ]  ) [ch.vorburger.exec.ManagedProcess] (Exec Stream Pumper) mysql_install_db: 
2018-06-07 16:21:04,575 INFO   (: [  ]  ) [ch.vorburger.exec.ManagedProcess] (Exec Stream Pumper) mysql_install_db: which will also give you the option of removing the test
2018-06-07 16:21:04,575 INFO   (: [  ]  ) [ch.vorburger.exec.ManagedProcess] (Exec Stream Pumper) mysql_install_db: databases and anonymous user created by default.  This is
2018-06-07 16:21:04,575 INFO   (: [  ]  ) [ch.vorburger.exec.ManagedProcess] (Exec Stream Pumper) mysql_install_db: strongly recommended for production servers.
2018-06-07 16:21:04,575 INFO   (: [  ]  ) [ch.vorburger.exec.ManagedProcess] (Exec Stream Pumper) mysql_install_db: 
2018-06-07 16:21:04,575 INFO   (: [  ]  ) [ch.vorburger.exec.ManagedProcess] (Exec Stream Pumper) mysql_install_db: See the MariaDB Knowledgebase at http://mariadb.com/kb or the
2018-06-07 16:21:04,576 INFO   (: [  ]  ) [ch.vorburger.exec.ManagedProcess] (Exec Stream Pumper) mysql_install_db: MySQL manual for more instructions.
2018-06-07 16:21:04,576 INFO   (: [  ]  ) [ch.vorburger.exec.ManagedProcess] (Exec Stream Pumper) mysql_install_db: 
2018-06-07 16:21:04,576 INFO   (: [  ]  ) [ch.vorburger.exec.ManagedProcess] (Exec Stream Pumper) mysql_install_db: You can start the MariaDB daemon with:
2018-06-07 16:21:04,576 INFO   (: [  ]  ) [ch.vorburger.exec.ManagedProcess] (Exec Stream Pumper) mysql_install_db: cd '/tmp/MariaDB4j/base' ; /tmp/MariaDB4j/base/bin/mysqld_safe --datadir='/tmp/MariaDB4j/data/3406'
2018-06-07 16:21:04,576 INFO   (: [  ]  ) [ch.vorburger.exec.ManagedProcess] (Exec Stream Pumper) mysql_install_db: 
2018-06-07 16:21:04,576 INFO   (: [  ]  ) [ch.vorburger.exec.ManagedProcess] (Exec Stream Pumper) mysql_install_db: You can test the MariaDB daemon with mysql-test-run.pl
2018-06-07 16:21:04,576 INFO   (: [  ]  ) [ch.vorburger.exec.ManagedProcess] (Exec Stream Pumper) mysql_install_db: cd '/tmp/MariaDB4j/base/mysql-test' ; perl mysql-test-run.pl
2018-06-07 16:21:04,576 INFO   (: [  ]  ) [ch.vorburger.exec.ManagedProcess] (Exec Stream Pumper) mysql_install_db: 
2018-06-07 16:21:04,577 INFO   (: [  ]  ) [ch.vorburger.exec.ManagedProcess] (Exec Stream Pumper) mysql_install_db: Please report any problems at http://mariadb.org/jira
2018-06-07 16:21:04,577 INFO   (: [  ]  ) [ch.vorburger.exec.ManagedProcess] (Exec Stream Pumper) mysql_install_db: 
2018-06-07 16:21:04,577 INFO   (: [  ]  ) [ch.vorburger.exec.ManagedProcess] (Exec Stream Pumper) mysql_install_db: The latest information about MariaDB is available at http://mariadb.org/.
2018-06-07 16:21:04,577 INFO   (: [  ]  ) [ch.vorburger.exec.ManagedProcess] (Exec Stream Pumper) mysql_install_db: You can find additional information about the MySQL part at:
2018-06-07 16:21:04,577 INFO   (: [  ]  ) [ch.vorburger.exec.ManagedProcess] (Exec Stream Pumper) mysql_install_db: http://dev.mysql.com
2018-06-07 16:21:04,578 INFO   (: [  ]  ) [ch.vorburger.exec.ManagedProcess] (Exec Stream Pumper) mysql_install_db: Support MariaDB development by buying support/new features from MariaDB
2018-06-07 16:21:04,578 INFO   (: [  ]  ) [ch.vorburger.exec.ManagedProcess] (Exec Stream Pumper) mysql_install_db: Corporation Ab. You can contact us about this at sales@mariadb.com.
2018-06-07 16:21:04,578 INFO   (: [  ]  ) [ch.vorburger.exec.ManagedProcess] (Exec Stream Pumper) mysql_install_db: Alternatively consider joining our community based development effort:
2018-06-07 16:21:04,578 INFO   (: [  ]  ) [ch.vorburger.exec.ManagedProcess] (Exec Stream Pumper) mysql_install_db: http://mariadb.com/kb/en/contributing-to-the-mariadb-project/
2018-06-07 16:21:04,578 INFO   (: [  ]  ) [ch.vorburger.exec.ManagedProcess] (Exec Stream Pumper) mysql_install_db: 
2018-06-07 16:21:04,579 INFO   (: [  ]  ) [ch.vorburger.exec.ManagedProcess] (Exec Default Executor) Program [/tmp/MariaDB4j/base/bin/mysql_install_db, --datadir=/tmp/MariaDB4j/data/3406, --basedir=/tmp/MariaDB4j/base, --no-defaults, --force, --skip-name-resolve] (in working directory /tmp/MariaDB4j/base) just exited, with value 0
2018-06-07 16:21:04,599 INFO   (: [  ]  ) [ch.vorburger.mariadb4j.DB] (main) Installation complete.
2018-06-07 16:21:04,599 INFO   (: [  ]  ) [ch.vorburger.mariadb4j.DB] (main) Starting up the database...
2018-06-07 16:21:04,600 INFO   (: [  ]  ) [ch.vorburger.mariadb4j.DB] (main) mysqld executable: /tmp/MariaDB4j/base/bin/mysqld
2018-06-07 16:21:04,600 INFO   (: [  ]  ) [ch.vorburger.exec.ManagedProcess] (main) Starting Program [/tmp/MariaDB4j/base/bin/mysqld, --no-defaults, --console, --skip-grant-tables, --max_allowed_packet=64M, --basedir=/tmp/MariaDB4j/base, --datadir=/tmp/MariaDB4j/data/3406, --port=3406, --socket=/tmp/MariaDB4j.3406.sock] (in working directory /tmp/MariaDB4j/base)
2018-06-07 16:21:04,601 INFO   (: [  ]  ) [ch.vorburger.exec.ManagedProcess] (main) Thread will wait for "mysqld: ready for connections." to appear in Console output of process Program [/tmp/MariaDB4j/base/bin/mysqld, --no-defaults, --console, --skip-grant-tables, --max_allowed_packet=64M, --basedir=/tmp/MariaDB4j/base, --datadir=/tmp/MariaDB4j/data/3406, --port=3406, --socket=/tmp/MariaDB4j.3406.sock] (in working directory /tmp/MariaDB4j/base) for max. 30000ms
2018-06-07 16:21:04,715 INFO   (: [  ]  ) [ch.vorburger.exec.ManagedProcess] (Exec Stream Pumper) mysqld: 2018-06-07 14:21:04 140546038941568 [Note] /tmp/MariaDB4j/base/bin/mysqld (mysqld 10.1.13-MariaDB) starting as process 6296 ...
2018-06-07 16:21:04,718 ERROR  (: [  ]  ) [ch.vorburger.exec.ManagedProcess] (Exec Stream Pumper) mysqld: 2018-06-07 14:21:04 140546038941568 [ERROR] Fatal error: Please consult the Knowledge Base to find out how to run mysqld as root!
2018-06-07 16:21:04,718 INFO   (: [  ]  ) [ch.vorburger.exec.ManagedProcess] (Exec Stream Pumper) mysqld: 
2018-06-07 16:21:04,718 ERROR  (: [  ]  ) [ch.vorburger.exec.ManagedProcess] (Exec Stream Pumper) mysqld: 2018-06-07 14:21:04 140546038941568 [ERROR] Aborting
2018-06-07 16:21:04,718 INFO   (: [  ]  ) [ch.vorburger.exec.ManagedProcess] (Exec Stream Pumper) mysqld: 
2018-06-07 16:21:04,721 ERROR  (: [  ]  ) [ch.vorburger.exec.ManagedProcess] (Exec Default Executor) Program [/tmp/MariaDB4j/base/bin/mysqld, --no-defaults, --console, --skip-grant-tables, --max_allowed_packet=64M, --basedir=/tmp/MariaDB4j/base, --datadir=/tmp/MariaDB4j/data/3406, --port=3406, --socket=/tmp/MariaDB4j.3406.sock] (in working directory /tmp/MariaDB4j/base) failed unexpectedly
org.apache.commons.exec.ExecuteException: Process exited with an error: 1 (Exit value: 1)
	at org.apache.commons.exec.DefaultExecutor.executeInternal(DefaultExecutor.java:404)
	at org.apache.commons.exec.DefaultExecutor.access$200(DefaultExecutor.java:48)
	at org.apache.commons.exec.DefaultExecutor$1.run(DefaultExecutor.java:200)
	at java.lang.Thread.run(Thread.java:745)
2018-06-07 16:21:04,754 ERROR  (: [  ]  ) [ch.vorburger.mariadb4j.DB] (main) failed to start mysqld
ch.vorburger.exec.ManagedProcessException: Asked to wait for "mysqld: ready for connections." from Program [/tmp/MariaDB4j/base/bin/mysqld, --no-defaults, --console, --skip-grant-tables, --max_allowed_packet=64M, --basedir=/tmp/MariaDB4j/base, --datadir=/tmp/MariaDB4j/data/3406, --port=3406, --socket=/tmp/MariaDB4j.3406.sock] (in working directory /tmp/MariaDB4j/base), but it already exited! (without that message in console), last 100 lines of console:
2018-06-07 14:21:04 140546038941568 [Note] /tmp/MariaDB4j/base/bin/mysqld (mysqld 10.1.13-MariaDB) starting as process 6296 ...
2018-06-07 14:21:04 140546038941568 [ERROR] Fatal error: Please consult the Knowledge Base to find out how to run mysqld as root!

2018-06-07 14:21:04 140546038941568 [ERROR] Aborting

	at ch.vorburger.exec.ManagedProcess.startAndWaitForConsoleMessageMaxMs(ManagedProcess.java:263)
	at ch.vorburger.mariadb4j.DB.start(DB.java:148)
	at com.oneandone.ejbcdiunit.helpers.MySqlStarter.create(MySqlStarter.java:24)
	at sun.reflect.NativeMethodAccessorImpl.invoke0(Native Method)
	at sun.reflect.NativeMethodAccessorImpl.invoke(NativeMethodAccessorImpl.java:62)
	at sun.reflect.DelegatingMethodAccessorImpl.invoke(DelegatingMethodAccessorImpl.java:43)
	at java.lang.reflect.Method.invoke(Method.java:498)
	at org.jboss.weld.util.reflection.SecureReflections$13.work(SecureReflections.java:267)
	at org.jboss.weld.util.reflection.SecureReflectionAccess.run(SecureReflectionAccess.java:52)
	at org.jboss.weld.util.reflection.SecureReflectionAccess.runAsInvocation(SecureReflectionAccess.java:137)
	at org.jboss.weld.util.reflection.SecureReflections.invoke(SecureReflections.java:263)
	at org.jboss.weld.introspector.jlr.WeldMethodImpl.invoke(WeldMethodImpl.java:168)
	at org.jboss.weld.bean.AbstractClassBean.defaultPostConstruct(AbstractClassBean.java:402)
	at org.jboss.weld.bean.ManagedBean$ManagedBeanInjectionTarget.postConstruct(ManagedBean.java:178)
	at org.jglue.cdiunit.internal.mockito.MockitoExtension$1.postConstruct(MockitoExtension.java:53)
	at org.jboss.weld.bean.ManagedBean.create(ManagedBean.java:298)
	at org.jboss.weld.context.unbound.DependentContextImpl.get(DependentContextImpl.java:68)
	at org.jboss.weld.manager.BeanManagerImpl.getReference(BeanManagerImpl.java:612)
	at org.jboss.weld.manager.BeanManagerImpl.getReference(BeanManagerImpl.java:678)
	at org.jboss.weld.injection.FieldInjectionPoint.inject(FieldInjectionPoint.java:136)
	at org.jboss.weld.util.Beans.injectBoundFields(Beans.java:773)
	at org.jboss.weld.util.Beans.injectFieldsAndInitializers(Beans.java:782)
	at org.jboss.weld.bean.ManagedBean$ManagedBeanInjectionTarget$1$1.proceed(ManagedBean.java:165)
	at org.jboss.weld.injection.InjectionContextImpl.run(InjectionContextImpl.java:48)
	at org.jboss.weld.bean.ManagedBean$ManagedBeanInjectionTarget$1.work(ManagedBean.java:161)
	at org.jboss.weld.bean.ManagedBean$FixInjectionPoint.run(ManagedBean.java:135)
	at org.jboss.weld.bean.ManagedBean$ManagedBeanInjectionTarget.inject(ManagedBean.java:157)
	at org.jglue.cdiunit.internal.mockito.MockitoExtension$1.inject(MockitoExtension.java:49)
	at org.jboss.weld.bean.ManagedBean.create(ManagedBean.java:297)
	at org.jboss.weld.context.AbstractContext.get(AbstractContext.java:103)
	at org.jboss.weld.bean.proxy.ContextBeanInstance.getInstance(ContextBeanInstance.java:90)
	at org.jboss.weld.bean.proxy.ProxyMethodHandler.invoke(ProxyMethodHandler.java:79)
	at com.oneandone.ejbcdiunit.persistencefactory.MySqlTest$Proxy$_$$_WeldClientProxy.test(MySqlTest$Proxy$_$$_WeldClientProxy.java)
	at sun.reflect.NativeMethodAccessorImpl.invoke0(Native Method)
	at sun.reflect.NativeMethodAccessorImpl.invoke(NativeMethodAccessorImpl.java:62)
	at sun.reflect.DelegatingMethodAccessorImpl.invoke(DelegatingMethodAccessorImpl.java:43)
	at java.lang.reflect.Method.invoke(Method.java:498)
	at org.junit.runners.model.FrameworkMethod$1.runReflectiveCall(FrameworkMethod.java:50)
	at org.junit.internal.runners.model.ReflectiveCallable.run(ReflectiveCallable.java:12)
	at org.junit.runners.model.FrameworkMethod.invokeExplosively(FrameworkMethod.java:47)
	at org.junit.internal.runners.statements.InvokeMethod.evaluate(InvokeMethod.java:17)
	at com.oneandone.ejbcdiunit.EjbUnitRunner$1.evaluate(EjbUnitRunner.java:62)
	at org.junit.runners.ParentRunner.runLeaf(ParentRunner.java:325)
	at org.junit.runners.BlockJUnit4ClassRunner.runChild(BlockJUnit4ClassRunner.java:78)
	at org.junit.runners.BlockJUnit4ClassRunner.runChild(BlockJUnit4ClassRunner.java:57)
	at org.junit.runners.ParentRunner$3.run(ParentRunner.java:290)
	at org.junit.runners.ParentRunner$1.schedule(ParentRunner.java:71)
	at org.junit.runners.ParentRunner.runChildren(ParentRunner.java:288)
	at org.junit.runners.ParentRunner.access$000(ParentRunner.java:58)
	at org.junit.runners.ParentRunner$2.evaluate(ParentRunner.java:268)
	at org.junit.runners.ParentRunner.run(ParentRunner.java:363)
	at org.apache.maven.surefire.junit4.JUnit4Provider.execute(JUnit4Provider.java:367)
	at org.apache.maven.surefire.junit4.JUnit4Provider.executeWithRerun(JUnit4Provider.java:274)
	at org.apache.maven.surefire.junit4.JUnit4Provider.executeTestSet(JUnit4Provider.java:238)
	at org.apache.maven.surefire.junit4.JUnit4Provider.invoke(JUnit4Provider.java:161)
	at org.apache.maven.surefire.booter.ForkedBooter.invokeProviderInSameClassLoader(ForkedBooter.java:290)
	at org.apache.maven.surefire.booter.ForkedBooter.runSuitesInProcess(ForkedBooter.java:242)
	at org.apache.maven.surefire.booter.ForkedBooter.main(ForkedBooter.java:121)
]]></system-out>
    <system-err><![CDATA[SLF4J: Class path contains multiple SLF4J bindings.
SLF4J: Found binding in [jar:file:/root/./workspace/1and1/ejb-cdi-unit/389259854/.m2/org/slf4j/slf4j-log4j12/1.7.21/slf4j-log4j12-1.7.21.jar!/org/slf4j/impl/StaticLoggerBinder.class]
SLF4J: Found binding in [jar:file:/root/./workspace/1and1/ejb-cdi-unit/389259854/.m2/ch/qos/logback/logback-classic/1.0.9/logback-classic-1.0.9.jar!/org/slf4j/impl/StaticLoggerBinder.class]
SLF4J: See http://www.slf4j.org/codes.html#multiple_bindings for an explanation.
SLF4J: Actual binding is of type [org.slf4j.impl.Log4jLoggerFactory]
]]></system-err>
  </testcase>
  <testcase name="test2" classname="com.oneandone.ejbcdiunit.persistencefactory.MySqlTest" time="1.377"/>
</testsuite>