<?xml version="1.0" encoding="UTF-8"?>
<testsuite name="org.comixed.library.model.ComicTest" time="0.031" tests="51" errors="51" skipped="0" failures="0">
  <properties>
    <property name="java.runtime.name" value="OpenJDK Runtime Environment"/>
    <property name="sun.boot.library.path" value="/usr/lib/jvm/java-8-openjdk-amd64/jre/lib/amd64"/>
    <property name="java.vm.version" value="25.121-b13"/>
    <property name="java.vm.vendor" value="Oracle Corporation"/>
    <property name="maven.multiModuleProjectDirectory" value="/root/workspace/mcpierce/comixed/384709737/java-backend"/>
    <property name="java.vendor.url" value="http://java.oracle.com/"/>
    <property name="path.separator" value=":"/>
    <property name="guice.disable.misplaced.annotation.check" value="true"/>
    <property name="skip.gulp" value="true"/>
    <property name="java.vm.name" value="OpenJDK 64-Bit Server VM"/>
    <property name="file.encoding.pkg" value="sun.io"/>
    <property name="sun.java.launcher" value="SUN_STANDARD"/>
    <property name="sun.os.patch.level" value="unknown"/>
    <property name="findbugs.skip" value="true"/>
    <property name="java.vm.specification.name" value="Java Virtual Machine Specification"/>
    <property name="user.dir" value="/root/workspace/mcpierce/comixed/384709737/java-backend"/>
    <property name="checkstyle.skip" value="true"/>
    <property name="java.runtime.version" value="1.8.0_121-8u121-b13-1~bpo8+1-b13"/>
    <property name="java.awt.graphicsenv" value="sun.awt.X11GraphicsEnvironment"/>
    <property name="skip.npm" value="true"/>
    <property name="java.endorsed.dirs" value="/usr/lib/jvm/java-8-openjdk-amd64/jre/lib/endorsed"/>
    <property name="os.arch" value="amd64"/>
    <property name="java.io.tmpdir" value="/tmp"/>
    <property name="gpg.skip" value="true"/>
    <property name="line.separator" value="&#10;"/>
    <property name="java.vm.specification.vendor" value="Oracle Corporation"/>
    <property name="cobertura.skip" value="true"/>
    <property name="os.name" value="Linux"/>
    <property name="classworlds.conf" value="/usr/share/maven/bin/m2.conf"/>
    <property name="sun.jnu.encoding" value="UTF-8"/>
    <property name="java.library.path" value="/usr/java/packages/lib/amd64:/usr/lib/x86_64-linux-gnu/jni:/lib/x86_64-linux-gnu:/usr/lib/x86_64-linux-gnu:/usr/lib/jni:/lib:/usr/lib"/>
    <property name="license.skip" value="true"/>
    <property name="java.specification.name" value="Java Platform API Specification"/>
    <property name="java.class.version" value="52.0"/>
    <property name="sun.management.compiler" value="HotSpot 64-Bit Tiered Compilers"/>
    <property name="skip.bower" value="true"/>
    <property name="maven.repo.local" value="/root/./workspace/mcpierce/comixed/384709737/.m2"/>
    <property name="os.version" value="3.10.0-862.3.2.el7.x86_64"/>
    <property name="user.home" value="/root"/>
    <property name="user.timezone" value="Europe/Paris"/>
    <property name="java.awt.printerjob" value="sun.print.PSPrinterJob"/>
    <property name="java.specification.version" value="1.8"/>
    <property name="file.encoding" value="UTF-8"/>
    <property name="user.name" value="root"/>
    <property name="java.class.path" value="/usr/share/maven/boot/plexus-classworlds-2.5.2.jar"/>
    <property name="skipITs" value="true"/>
    <property name="java.vm.specification.version" value="1.8"/>
    <property name="sun.arch.data.model" value="64"/>
    <property name="java.home" value="/usr/lib/jvm/java-8-openjdk-amd64/jre"/>
    <property name="sun.java.command" value="org.codehaus.plexus.classworlds.launcher.Launcher -B -D enforcer.skip=true -D dependency-check.skip=true -D skipITs=true -D cobertura.skip=true -D maven.repo.local=/root/./workspace/mcpierce/comixed/384709737/.m2 -D rat.skip=true -D findbugs.skip=true -D skip.bower=true -D gpg.skip=true -D checkstyle.skip=true -D skip.gulp=true -D license.skip=true -D skip.npm=true test"/>
    <property name="java.specification.vendor" value="Oracle Corporation"/>
    <property name="user.language" value="en"/>
    <property name="awt.toolkit" value="sun.awt.X11.XToolkit"/>
    <property name="dependency-check.skip" value="true"/>
    <property name="java.vm.info" value="mixed mode"/>
    <property name="java.version" value="1.8.0_121"/>
    <property name="java.ext.dirs" value="/usr/lib/jvm/java-8-openjdk-amd64/jre/lib/ext:/usr/java/packages/lib/ext"/>
    <property name="securerandom.source" value="file:/dev/./urandom"/>
    <property name="sun.boot.class.path" value="/usr/lib/jvm/java-8-openjdk-amd64/jre/lib/resources.jar:/usr/lib/jvm/java-8-openjdk-amd64/jre/lib/rt.jar:/usr/lib/jvm/java-8-openjdk-amd64/jre/lib/sunrsasign.jar:/usr/lib/jvm/java-8-openjdk-amd64/jre/lib/jsse.jar:/usr/lib/jvm/java-8-openjdk-amd64/jre/lib/jce.jar:/usr/lib/jvm/java-8-openjdk-amd64/jre/lib/charsets.jar:/usr/lib/jvm/java-8-openjdk-amd64/jre/lib/jfr.jar:/usr/lib/jvm/java-8-openjdk-amd64/jre/classes"/>
    <property name="java.vendor" value="Oracle Corporation"/>
    <property name="enforcer.skip" value="true"/>
    <property name="rat.skip" value="true"/>
    <property name="maven.home" value="/usr/share/maven"/>
    <property name="file.separator" value="/"/>
    <property name="java.vendor.url.bug" value="http://bugreport.sun.com/bugreport/"/>
    <property name="sun.cpu.endian" value="little"/>
    <property name="sun.io.unicode.encoding" value="UnicodeLittle"/>
    <property name="sun.cpu.isalist" value=""/>
  </properties>
  <testcase name="testNoStoryArc" classname="org.comixed.library.model.ComicTest" time="0">
    <error type="java.lang.NullPointerException:"><![CDATA[java.lang.NullPointerException: null
	at org.comixed.library.model.Page.createHash(Page.java:157)
	at org.comixed.library.model.Page.<init>(Page.java:151)
	at org.comixed.library.model.ComicTest.setUp(ComicTest.java:63)
]]></error>
    <system-out><![CDATA[2018-05-28 14:05:33.237 DEBUG 172 --- [           main] org.comixed.library.model.Page           : Creating page: filename=src/test/resources/example.jpg content.size=0
2018-05-28 14:05:33.238 DEBUG 172 --- [           main] org.comixed.library.model.Page           : Generating MD5 hash
]]></system-out>
  </testcase>
  <testcase name="testDateLastRead" classname="org.comixed.library.model.ComicTest" time="0.009">
    <error type="java.lang.NullPointerException:"><![CDATA[java.lang.NullPointerException: null
	at org.comixed.library.model.Page.createHash(Page.java:157)
	at org.comixed.library.model.Page.<init>(Page.java:151)
	at org.comixed.library.model.ComicTest.setUp(ComicTest.java:63)
]]></error>
    <system-out><![CDATA[2018-05-28 14:05:33.239 DEBUG 172 --- [           main] org.comixed.library.model.Page           : Creating page: filename=src/test/resources/example.jpg content.size=0
2018-05-28 14:05:33.239 DEBUG 172 --- [           main] org.comixed.library.model.Page           : Generating MD5 hash
]]></system-out>
  </testcase>
  <testcase name="testIgnoreDuplicateTeam" classname="org.comixed.library.model.ComicTest" time="0">
    <error type="java.lang.NullPointerException:"><![CDATA[java.lang.NullPointerException: null
	at org.comixed.library.model.Page.createHash(Page.java:157)
	at org.comixed.library.model.Page.<init>(Page.java:151)
	at org.comixed.library.model.ComicTest.setUp(ComicTest.java:63)
]]></error>
    <system-out><![CDATA[2018-05-28 14:05:33.240 DEBUG 172 --- [           main] org.comixed.library.model.Page           : Creating page: filename=src/test/resources/example.jpg content.size=0
2018-05-28 14:05:33.240 DEBUG 172 --- [           main] org.comixed.library.model.Page           : Generating MD5 hash
]]></system-out>
  </testcase>
  <testcase name="testDuplicateLocation" classname="org.comixed.library.model.ComicTest" time="0">
    <error type="java.lang.NullPointerException:"><![CDATA[java.lang.NullPointerException: null
	at org.comixed.library.model.Page.createHash(Page.java:157)
	at org.comixed.library.model.Page.<init>(Page.java:151)
	at org.comixed.library.model.ComicTest.setUp(ComicTest.java:63)
]]></error>
    <system-out><![CDATA[2018-05-28 14:05:33.241 DEBUG 172 --- [           main] org.comixed.library.model.Page           : Creating page: filename=src/test/resources/example.jpg content.size=0
2018-05-28 14:05:33.241 DEBUG 172 --- [           main] org.comixed.library.model.Page           : Generating MD5 hash
]]></system-out>
  </testcase>
  <testcase name="testGetCharactersIndexOutOfBounds" classname="org.comixed.library.model.ComicTest" time="0">
    <error type="java.lang.NullPointerException:"><![CDATA[java.lang.NullPointerException: null
	at org.comixed.library.model.Page.createHash(Page.java:157)
	at org.comixed.library.model.Page.<init>(Page.java:151)
	at org.comixed.library.model.ComicTest.setUp(ComicTest.java:63)
]]></error>
    <system-out><![CDATA[2018-05-28 14:05:33.242 DEBUG 172 --- [           main] org.comixed.library.model.Page           : Creating page: filename=src/test/resources/example.jpg content.size=0
2018-05-28 14:05:33.242 DEBUG 172 --- [           main] org.comixed.library.model.Page           : Generating MD5 hash
]]></system-out>
  </testcase>
  <testcase name="testOneTeam" classname="org.comixed.library.model.ComicTest" time="0.001">
    <error type="java.lang.NullPointerException:"><![CDATA[java.lang.NullPointerException: null
	at org.comixed.library.model.Page.createHash(Page.java:157)
	at org.comixed.library.model.Page.<init>(Page.java:151)
	at org.comixed.library.model.ComicTest.setUp(ComicTest.java:63)
]]></error>
    <system-out><![CDATA[2018-05-28 14:05:33.243 DEBUG 172 --- [           main] org.comixed.library.model.Page           : Creating page: filename=src/test/resources/example.jpg content.size=0
2018-05-28 14:05:33.243 DEBUG 172 --- [           main] org.comixed.library.model.Page           : Generating MD5 hash
]]></system-out>
  </testcase>
  <testcase name="testCoverDate" classname="org.comixed.library.model.ComicTest" time="0">
    <error type="java.lang.NullPointerException:"><![CDATA[java.lang.NullPointerException: null
	at org.comixed.library.model.Page.createHash(Page.java:157)
	at org.comixed.library.model.Page.<init>(Page.java:151)
	at org.comixed.library.model.ComicTest.setUp(ComicTest.java:63)
]]></error>
    <system-out><![CDATA[2018-05-28 14:05:33.243 DEBUG 172 --- [           main] org.comixed.library.model.Page           : Creating page: filename=src/test/resources/example.jpg content.size=0
2018-05-28 14:05:33.243 DEBUG 172 --- [           main] org.comixed.library.model.Page           : Generating MD5 hash
]]></system-out>
  </testcase>
  <testcase name="testGetCover" classname="org.comixed.library.model.ComicTest" time="0.001">
    <error type="java.lang.NullPointerException:"><![CDATA[java.lang.NullPointerException: null
	at org.comixed.library.model.Page.createHash(Page.java:157)
	at org.comixed.library.model.Page.<init>(Page.java:151)
	at org.comixed.library.model.ComicTest.setUp(ComicTest.java:63)
]]></error>
    <system-out><![CDATA[2018-05-28 14:05:33.244 DEBUG 172 --- [           main] org.comixed.library.model.Page           : Creating page: filename=src/test/resources/example.jpg content.size=0
2018-05-28 14:05:33.244 DEBUG 172 --- [           main] org.comixed.library.model.Page           : Generating MD5 hash
]]></system-out>
  </testcase>
  <testcase name="testClearTeams" classname="org.comixed.library.model.ComicTest" time="0">
    <error type="java.lang.NullPointerException:"><![CDATA[java.lang.NullPointerException: null
	at org.comixed.library.model.Page.createHash(Page.java:157)
	at org.comixed.library.model.Page.<init>(Page.java:151)
	at org.comixed.library.model.ComicTest.setUp(ComicTest.java:63)
]]></error>
    <system-out><![CDATA[2018-05-28 14:05:33.244 DEBUG 172 --- [           main] org.comixed.library.model.Page           : Creating page: filename=src/test/resources/example.jpg content.size=0
2018-05-28 14:05:33.244 DEBUG 172 --- [           main] org.comixed.library.model.Page           : Generating MD5 hash
]]></system-out>
  </testcase>
  <testcase name="testBaseFilename" classname="org.comixed.library.model.ComicTest" time="0">
    <error type="java.lang.NullPointerException:"><![CDATA[java.lang.NullPointerException: null
	at org.comixed.library.model.Page.createHash(Page.java:157)
	at org.comixed.library.model.Page.<init>(Page.java:151)
	at org.comixed.library.model.ComicTest.setUp(ComicTest.java:63)
]]></error>
    <system-out><![CDATA[2018-05-28 14:05:33.245 DEBUG 172 --- [           main] org.comixed.library.model.Page           : Creating page: filename=src/test/resources/example.jpg content.size=0
2018-05-28 14:05:33.245 DEBUG 172 --- [           main] org.comixed.library.model.Page           : Generating MD5 hash
]]></system-out>
  </testcase>
  <testcase name="testFilenameCanBeNull" classname="org.comixed.library.model.ComicTest" time="0">
    <error type="java.lang.NullPointerException:"><![CDATA[java.lang.NullPointerException: null
	at org.comixed.library.model.Page.createHash(Page.java:157)
	at org.comixed.library.model.Page.<init>(Page.java:151)
	at org.comixed.library.model.ComicTest.setUp(ComicTest.java:63)
]]></error>
    <system-out><![CDATA[2018-05-28 14:05:33.246 DEBUG 172 --- [           main] org.comixed.library.model.Page           : Creating page: filename=src/test/resources/example.jpg content.size=0
2018-05-28 14:05:33.246 DEBUG 172 --- [           main] org.comixed.library.model.Page           : Generating MD5 hash
]]></system-out>
  </testcase>
  <testcase name="testHashPageWithFilename" classname="org.comixed.library.model.ComicTest" time="0">
    <error type="java.lang.NullPointerException:"><![CDATA[java.lang.NullPointerException: null
	at org.comixed.library.model.Page.createHash(Page.java:157)
	at org.comixed.library.model.Page.<init>(Page.java:151)
	at org.comixed.library.model.ComicTest.setUp(ComicTest.java:63)
]]></error>
    <system-out><![CDATA[2018-05-28 14:05:33.246 DEBUG 172 --- [           main] org.comixed.library.model.Page           : Creating page: filename=src/test/resources/example.jpg content.size=0
2018-05-28 14:05:33.246 DEBUG 172 --- [           main] org.comixed.library.model.Page           : Generating MD5 hash
]]></system-out>
  </testcase>
  <testcase name="testNotes" classname="org.comixed.library.model.ComicTest" time="0">
    <error type="java.lang.NullPointerException:"><![CDATA[java.lang.NullPointerException: null
	at org.comixed.library.model.Page.createHash(Page.java:157)
	at org.comixed.library.model.Page.<init>(Page.java:151)
	at org.comixed.library.model.ComicTest.setUp(ComicTest.java:63)
]]></error>
    <system-out><![CDATA[2018-05-28 14:05:33.247 DEBUG 172 --- [           main] org.comixed.library.model.Page           : Creating page: filename=src/test/resources/example.jpg content.size=0
2018-05-28 14:05:33.247 DEBUG 172 --- [           main] org.comixed.library.model.Page           : Generating MD5 hash
]]></system-out>
  </testcase>
  <testcase name="testTitle" classname="org.comixed.library.model.ComicTest" time="0">
    <error type="java.lang.NullPointerException:"><![CDATA[java.lang.NullPointerException: null
	at org.comixed.library.model.Page.createHash(Page.java:157)
	at org.comixed.library.model.Page.<init>(Page.java:151)
	at org.comixed.library.model.ComicTest.setUp(ComicTest.java:63)
]]></error>
    <system-out><![CDATA[2018-05-28 14:05:33.247 DEBUG 172 --- [           main] org.comixed.library.model.Page           : Creating page: filename=src/test/resources/example.jpg content.size=0
2018-05-28 14:05:33.247 DEBUG 172 --- [           main] org.comixed.library.model.Page           : Generating MD5 hash
]]></system-out>
  </testcase>
  <testcase name="testMultipleLocations" classname="org.comixed.library.model.ComicTest" time="0">
    <error type="java.lang.NullPointerException:"><![CDATA[java.lang.NullPointerException: null
	at org.comixed.library.model.Page.createHash(Page.java:157)
	at org.comixed.library.model.Page.<init>(Page.java:151)
	at org.comixed.library.model.ComicTest.setUp(ComicTest.java:63)
]]></error>
    <system-out><![CDATA[2018-05-28 14:05:33.248 DEBUG 172 --- [           main] org.comixed.library.model.Page           : Creating page: filename=src/test/resources/example.jpg content.size=0
2018-05-28 14:05:33.248 DEBUG 172 --- [           main] org.comixed.library.model.Page           : Generating MD5 hash
]]></system-out>
  </testcase>
  <testcase name="testMultipleCharacters" classname="org.comixed.library.model.ComicTest" time="0">
    <error type="java.lang.NullPointerException:"><![CDATA[java.lang.NullPointerException: null
	at org.comixed.library.model.Page.createHash(Page.java:157)
	at org.comixed.library.model.Page.<init>(Page.java:151)
	at org.comixed.library.model.ComicTest.setUp(ComicTest.java:63)
]]></error>
    <system-out><![CDATA[2018-05-28 14:05:33.257 DEBUG 172 --- [           main] org.comixed.library.model.Page           : Creating page: filename=src/test/resources/example.jpg content.size=0
2018-05-28 14:05:33.257 DEBUG 172 --- [           main] org.comixed.library.model.Page           : Generating MD5 hash
]]></system-out>
  </testcase>
  <testcase name="testClearStoryArcs" classname="org.comixed.library.model.ComicTest" time="0">
    <error type="java.lang.NullPointerException:"><![CDATA[java.lang.NullPointerException: null
	at org.comixed.library.model.Page.createHash(Page.java:157)
	at org.comixed.library.model.Page.<init>(Page.java:151)
	at org.comixed.library.model.ComicTest.setUp(ComicTest.java:63)
]]></error>
    <system-out><![CDATA[2018-05-28 14:05:33.258 DEBUG 172 --- [           main] org.comixed.library.model.Page           : Creating page: filename=src/test/resources/example.jpg content.size=0
2018-05-28 14:05:33.258 DEBUG 172 --- [           main] org.comixed.library.model.Page           : Generating MD5 hash
]]></system-out>
  </testcase>
  <testcase name="testNoCharacters" classname="org.comixed.library.model.ComicTest" time="0">
    <error type="java.lang.NullPointerException:"><![CDATA[java.lang.NullPointerException: null
	at org.comixed.library.model.Page.createHash(Page.java:157)
	at org.comixed.library.model.Page.<init>(Page.java:151)
	at org.comixed.library.model.ComicTest.setUp(ComicTest.java:63)
]]></error>
    <system-out><![CDATA[2018-05-28 14:05:33.259 DEBUG 172 --- [           main] org.comixed.library.model.Page           : Creating page: filename=src/test/resources/example.jpg content.size=0
2018-05-28 14:05:33.259 DEBUG 172 --- [           main] org.comixed.library.model.Page           : Generating MD5 hash
]]></system-out>
  </testcase>
  <testcase name="testGetStoryArcIndexOutOfBounds" classname="org.comixed.library.model.ComicTest" time="0">
    <error type="java.lang.NullPointerException:"><![CDATA[java.lang.NullPointerException: null
	at org.comixed.library.model.Page.createHash(Page.java:157)
	at org.comixed.library.model.Page.<init>(Page.java:151)
	at org.comixed.library.model.ComicTest.setUp(ComicTest.java:63)
]]></error>
    <system-out><![CDATA[2018-05-28 14:05:33.260 DEBUG 172 --- [           main] org.comixed.library.model.Page           : Creating page: filename=src/test/resources/example.jpg content.size=0
2018-05-28 14:05:33.260 DEBUG 172 --- [           main] org.comixed.library.model.Page           : Generating MD5 hash
]]></system-out>
  </testcase>
  <testcase name="testBlockDuplicateStoryArc" classname="org.comixed.library.model.ComicTest" time="0">
    <error type="java.lang.NullPointerException:"><![CDATA[java.lang.NullPointerException: null
	at org.comixed.library.model.Page.createHash(Page.java:157)
	at org.comixed.library.model.Page.<init>(Page.java:151)
	at org.comixed.library.model.ComicTest.setUp(ComicTest.java:63)
]]></error>
    <system-out><![CDATA[2018-05-28 14:05:33.261 DEBUG 172 --- [           main] org.comixed.library.model.Page           : Creating page: filename=src/test/resources/example.jpg content.size=0
2018-05-28 14:05:33.268 DEBUG 172 --- [           main] org.comixed.library.model.Page           : Generating MD5 hash
]]></system-out>
  </testcase>
  <testcase name="testSummaryCanBeNull" classname="org.comixed.library.model.ComicTest" time="0">
    <error type="java.lang.NullPointerException:"><![CDATA[java.lang.NullPointerException: null
	at org.comixed.library.model.Page.createHash(Page.java:157)
	at org.comixed.library.model.Page.<init>(Page.java:151)
	at org.comixed.library.model.ComicTest.setUp(ComicTest.java:63)
]]></error>
    <system-out><![CDATA[2018-05-28 14:05:33.270 DEBUG 172 --- [           main] org.comixed.library.model.Page           : Creating page: filename=src/test/resources/example.jpg content.size=0
2018-05-28 14:05:33.273 DEBUG 172 --- [           main] org.comixed.library.model.Page           : Generating MD5 hash
]]></system-out>
  </testcase>
  <testcase name="testNoLocations" classname="org.comixed.library.model.ComicTest" time="0">
    <error type="java.lang.NullPointerException:"><![CDATA[java.lang.NullPointerException: null
	at org.comixed.library.model.Page.createHash(Page.java:157)
	at org.comixed.library.model.Page.<init>(Page.java:151)
	at org.comixed.library.model.ComicTest.setUp(ComicTest.java:63)
]]></error>
    <system-out><![CDATA[2018-05-28 14:05:33.274 DEBUG 172 --- [           main] org.comixed.library.model.Page           : Creating page: filename=src/test/resources/example.jpg content.size=0
2018-05-28 14:05:33.274 DEBUG 172 --- [           main] org.comixed.library.model.Page           : Generating MD5 hash
]]></system-out>
  </testcase>
  <testcase name="testGetPageWithFilenameForMissingPage" classname="org.comixed.library.model.ComicTest" time="0.001">
    <error type="java.lang.NullPointerException:"><![CDATA[java.lang.NullPointerException: null
	at org.comixed.library.model.Page.createHash(Page.java:157)
	at org.comixed.library.model.Page.<init>(Page.java:151)
	at org.comixed.library.model.ComicTest.setUp(ComicTest.java:63)
]]></error>
    <system-out><![CDATA[2018-05-28 14:05:33.275 DEBUG 172 --- [           main] org.comixed.library.model.Page           : Creating page: filename=src/test/resources/example.jpg content.size=0
2018-05-28 14:05:33.276 DEBUG 172 --- [           main] org.comixed.library.model.Page           : Generating MD5 hash
]]></system-out>
  </testcase>
  <testcase name="testMissingImage" classname="org.comixed.library.model.ComicTest" time="0">
    <error type="java.lang.NullPointerException:"><![CDATA[java.lang.NullPointerException: null
	at org.comixed.library.model.Page.createHash(Page.java:157)
	at org.comixed.library.model.Page.<init>(Page.java:151)
	at org.comixed.library.model.ComicTest.setUp(ComicTest.java:63)
]]></error>
    <system-out><![CDATA[2018-05-28 14:05:33.277 DEBUG 172 --- [           main] org.comixed.library.model.Page           : Creating page: filename=src/test/resources/example.jpg content.size=0
2018-05-28 14:05:33.277 DEBUG 172 --- [           main] org.comixed.library.model.Page           : Generating MD5 hash
]]></system-out>
  </testcase>
  <testcase name="testFilename" classname="org.comixed.library.model.ComicTest" time="0">
    <error type="java.lang.NullPointerException:"><![CDATA[java.lang.NullPointerException: null
	at org.comixed.library.model.Page.createHash(Page.java:157)
	at org.comixed.library.model.Page.<init>(Page.java:151)
	at org.comixed.library.model.ComicTest.setUp(ComicTest.java:63)
]]></error>
    <system-out><![CDATA[2018-05-28 14:05:33.278 DEBUG 172 --- [           main] org.comixed.library.model.Page           : Creating page: filename=src/test/resources/example.jpg content.size=0
2018-05-28 14:05:33.278 DEBUG 172 --- [           main] org.comixed.library.model.Page           : Generating MD5 hash
]]></system-out>
  </testcase>
  <testcase name="testComicVineIdCanBeNull" classname="org.comixed.library.model.ComicTest" time="0">
    <error type="java.lang.NullPointerException:"><![CDATA[java.lang.NullPointerException: null
	at org.comixed.library.model.Page.createHash(Page.java:157)
	at org.comixed.library.model.Page.<init>(Page.java:151)
	at org.comixed.library.model.ComicTest.setUp(ComicTest.java:63)
]]></error>
    <system-out><![CDATA[2018-05-28 14:05:33.279 DEBUG 172 --- [           main] org.comixed.library.model.Page           : Creating page: filename=src/test/resources/example.jpg content.size=0
2018-05-28 14:05:33.279 DEBUG 172 --- [           main] org.comixed.library.model.Page           : Generating MD5 hash
]]></system-out>
  </testcase>
  <testcase name="testDescriptionCanBeNull" classname="org.comixed.library.model.ComicTest" time="0.001">
    <error type="java.lang.NullPointerException:"><![CDATA[java.lang.NullPointerException: null
	at org.comixed.library.model.Page.createHash(Page.java:157)
	at org.comixed.library.model.Page.<init>(Page.java:151)
	at org.comixed.library.model.ComicTest.setUp(ComicTest.java:63)
]]></error>
    <system-out><![CDATA[2018-05-28 14:05:33.279 DEBUG 172 --- [           main] org.comixed.library.model.Page           : Creating page: filename=src/test/resources/example.jpg content.size=0
2018-05-28 14:05:33.280 DEBUG 172 --- [           main] org.comixed.library.model.Page           : Generating MD5 hash
]]></system-out>
  </testcase>
  <testcase name="testDateAddedCannotBeNull" classname="org.comixed.library.model.ComicTest" time="0.001">
    <error type="java.lang.NullPointerException:"><![CDATA[java.lang.NullPointerException: null
	at org.comixed.library.model.Page.createHash(Page.java:157)
	at org.comixed.library.model.Page.<init>(Page.java:151)
	at org.comixed.library.model.ComicTest.setUp(ComicTest.java:63)
]]></error>
    <system-out><![CDATA[2018-05-28 14:05:33.280 DEBUG 172 --- [           main] org.comixed.library.model.Page           : Creating page: filename=src/test/resources/example.jpg content.size=0
2018-05-28 14:05:33.281 DEBUG 172 --- [           main] org.comixed.library.model.Page           : Generating MD5 hash
]]></system-out>
  </testcase>
  <testcase name="testClearCharacters" classname="org.comixed.library.model.ComicTest" time="0.003">
    <error type="java.lang.NullPointerException:"><![CDATA[java.lang.NullPointerException: null
	at org.comixed.library.model.Page.createHash(Page.java:157)
	at org.comixed.library.model.Page.<init>(Page.java:151)
	at org.comixed.library.model.ComicTest.setUp(ComicTest.java:63)
]]></error>
    <system-out><![CDATA[2018-05-28 14:05:33.281 DEBUG 172 --- [           main] org.comixed.library.model.Page           : Creating page: filename=src/test/resources/example.jpg content.size=0
2018-05-28 14:05:33.282 DEBUG 172 --- [           main] org.comixed.library.model.Page           : Generating MD5 hash
]]></system-out>
  </testcase>
  <testcase name="testCoverDateCanBeNull" classname="org.comixed.library.model.ComicTest" time="0">
    <error type="java.lang.NullPointerException:"><![CDATA[java.lang.NullPointerException: null
	at org.comixed.library.model.Page.createHash(Page.java:157)
	at org.comixed.library.model.Page.<init>(Page.java:151)
	at org.comixed.library.model.ComicTest.setUp(ComicTest.java:63)
]]></error>
    <system-out><![CDATA[2018-05-28 14:05:33.282 DEBUG 172 --- [           main] org.comixed.library.model.Page           : Creating page: filename=src/test/resources/example.jpg content.size=0
2018-05-28 14:05:33.282 DEBUG 172 --- [           main] org.comixed.library.model.Page           : Generating MD5 hash
]]></system-out>
  </testcase>
  <testcase name="testDateAdded" classname="org.comixed.library.model.ComicTest" time="0">
    <error type="java.lang.NullPointerException:"><![CDATA[java.lang.NullPointerException: null
	at org.comixed.library.model.Page.createHash(Page.java:157)
	at org.comixed.library.model.Page.<init>(Page.java:151)
	at org.comixed.library.model.ComicTest.setUp(ComicTest.java:63)
]]></error>
    <system-out><![CDATA[2018-05-28 14:05:33.283 DEBUG 172 --- [           main] org.comixed.library.model.Page           : Creating page: filename=src/test/resources/example.jpg content.size=0
2018-05-28 14:05:33.283 DEBUG 172 --- [           main] org.comixed.library.model.Page           : Generating MD5 hash
]]></system-out>
  </testcase>
  <testcase name="testClearLocations" classname="org.comixed.library.model.ComicTest" time="0.001">
    <error type="java.lang.NullPointerException:"><![CDATA[java.lang.NullPointerException: null
	at org.comixed.library.model.Page.createHash(Page.java:157)
	at org.comixed.library.model.Page.<init>(Page.java:151)
	at org.comixed.library.model.ComicTest.setUp(ComicTest.java:63)
]]></error>
    <system-out><![CDATA[2018-05-28 14:05:33.284 DEBUG 172 --- [           main] org.comixed.library.model.Page           : Creating page: filename=src/test/resources/example.jpg content.size=0
2018-05-28 14:05:33.284 DEBUG 172 --- [           main] org.comixed.library.model.Page           : Generating MD5 hash
]]></system-out>
  </testcase>
  <testcase name="testComicVineId" classname="org.comixed.library.model.ComicTest" time="0">
    <error type="java.lang.NullPointerException:"><![CDATA[java.lang.NullPointerException: null
	at org.comixed.library.model.Page.createHash(Page.java:157)
	at org.comixed.library.model.Page.<init>(Page.java:151)
	at org.comixed.library.model.ComicTest.setUp(ComicTest.java:63)
]]></error>
    <system-out><![CDATA[2018-05-28 14:05:33.285 DEBUG 172 --- [           main] org.comixed.library.model.Page           : Creating page: filename=src/test/resources/example.jpg content.size=0
2018-05-28 14:05:33.285 DEBUG 172 --- [           main] org.comixed.library.model.Page           : Generating MD5 hash
]]></system-out>
  </testcase>
  <testcase name="testIssueNumber" classname="org.comixed.library.model.ComicTest" time="0.001">
    <error type="java.lang.NullPointerException:"><![CDATA[java.lang.NullPointerException: null
	at org.comixed.library.model.Page.createHash(Page.java:157)
	at org.comixed.library.model.Page.<init>(Page.java:151)
	at org.comixed.library.model.ComicTest.setUp(ComicTest.java:63)
]]></error>
    <system-out><![CDATA[2018-05-28 14:05:33.286 DEBUG 172 --- [           main] org.comixed.library.model.Page           : Creating page: filename=src/test/resources/example.jpg content.size=0
2018-05-28 14:05:33.286 DEBUG 172 --- [           main] org.comixed.library.model.Page           : Generating MD5 hash
]]></system-out>
  </testcase>
  <testcase name="testGetTeamsIndexOutOfBounds" classname="org.comixed.library.model.ComicTest" time="0">
    <error type="java.lang.NullPointerException:"><![CDATA[java.lang.NullPointerException: null
	at org.comixed.library.model.Page.createHash(Page.java:157)
	at org.comixed.library.model.Page.<init>(Page.java:151)
	at org.comixed.library.model.ComicTest.setUp(ComicTest.java:63)
]]></error>
    <system-out><![CDATA[2018-05-28 14:05:33.286 DEBUG 172 --- [           main] org.comixed.library.model.Page           : Creating page: filename=src/test/resources/example.jpg content.size=0
2018-05-28 14:05:33.286 DEBUG 172 --- [           main] org.comixed.library.model.Page           : Generating MD5 hash
]]></system-out>
  </testcase>
  <testcase name="testDateLastReadCanBeNull" classname="org.comixed.library.model.ComicTest" time="0">
    <error type="java.lang.NullPointerException:"><![CDATA[java.lang.NullPointerException: null
	at org.comixed.library.model.Page.createHash(Page.java:157)
	at org.comixed.library.model.Page.<init>(Page.java:151)
	at org.comixed.library.model.ComicTest.setUp(ComicTest.java:63)
]]></error>
    <system-out><![CDATA[2018-05-28 14:05:33.287 DEBUG 172 --- [           main] org.comixed.library.model.Page           : Creating page: filename=src/test/resources/example.jpg content.size=0
2018-05-28 14:05:33.287 DEBUG 172 --- [           main] org.comixed.library.model.Page           : Generating MD5 hash
]]></system-out>
  </testcase>
  <testcase name="testGetLocationsIndexOutOfBounds" classname="org.comixed.library.model.ComicTest" time="0.001">
    <error type="java.lang.NullPointerException:"><![CDATA[java.lang.NullPointerException: null
	at org.comixed.library.model.Page.createHash(Page.java:157)
	at org.comixed.library.model.Page.<init>(Page.java:151)
	at org.comixed.library.model.ComicTest.setUp(ComicTest.java:63)
]]></error>
    <system-out><![CDATA[2018-05-28 14:05:33.288 DEBUG 172 --- [           main] org.comixed.library.model.Page           : Creating page: filename=src/test/resources/example.jpg content.size=0
2018-05-28 14:05:33.288 DEBUG 172 --- [           main] org.comixed.library.model.Page           : Generating MD5 hash
]]></system-out>
  </testcase>
  <testcase name="testHasPageWithFilenameForMissingPage" classname="org.comixed.library.model.ComicTest" time="0.001">
    <error type="java.lang.NullPointerException:"><![CDATA[java.lang.NullPointerException: null
	at org.comixed.library.model.Page.createHash(Page.java:157)
	at org.comixed.library.model.Page.<init>(Page.java:151)
	at org.comixed.library.model.ComicTest.setUp(ComicTest.java:63)
]]></error>
    <system-out><![CDATA[2018-05-28 14:05:33.289 DEBUG 172 --- [           main] org.comixed.library.model.Page           : Creating page: filename=src/test/resources/example.jpg content.size=0
2018-05-28 14:05:33.289 DEBUG 172 --- [           main] org.comixed.library.model.Page           : Generating MD5 hash
]]></system-out>
  </testcase>
  <testcase name="testIsMissing" classname="org.comixed.library.model.ComicTest" time="0.002">
    <error type="java.lang.NullPointerException:"><![CDATA[java.lang.NullPointerException: null
	at org.comixed.library.model.Page.createHash(Page.java:157)
	at org.comixed.library.model.Page.<init>(Page.java:151)
	at org.comixed.library.model.ComicTest.setUp(ComicTest.java:63)
]]></error>
    <system-out><![CDATA[2018-05-28 14:05:33.290 DEBUG 172 --- [           main] org.comixed.library.model.Page           : Creating page: filename=src/test/resources/example.jpg content.size=0
2018-05-28 14:05:33.291 DEBUG 172 --- [           main] org.comixed.library.model.Page           : Generating MD5 hash
]]></system-out>
  </testcase>
  <testcase name="testOneStoryArc" classname="org.comixed.library.model.ComicTest" time="0">
    <error type="java.lang.NullPointerException:"><![CDATA[java.lang.NullPointerException: null
	at org.comixed.library.model.Page.createHash(Page.java:157)
	at org.comixed.library.model.Page.<init>(Page.java:151)
	at org.comixed.library.model.ComicTest.setUp(ComicTest.java:63)
]]></error>
    <system-out><![CDATA[2018-05-28 14:05:33.292 DEBUG 172 --- [           main] org.comixed.library.model.Page           : Creating page: filename=src/test/resources/example.jpg content.size=0
2018-05-28 14:05:33.292 DEBUG 172 --- [           main] org.comixed.library.model.Page           : Generating MD5 hash
]]></system-out>
  </testcase>
  <testcase name="testMultipleTeams" classname="org.comixed.library.model.ComicTest" time="0.001">
    <error type="java.lang.NullPointerException:"><![CDATA[java.lang.NullPointerException: null
	at org.comixed.library.model.Page.createHash(Page.java:157)
	at org.comixed.library.model.Page.<init>(Page.java:151)
	at org.comixed.library.model.ComicTest.setUp(ComicTest.java:63)
]]></error>
    <system-out><![CDATA[2018-05-28 14:05:33.292 DEBUG 172 --- [           main] org.comixed.library.model.Page           : Creating page: filename=src/test/resources/example.jpg content.size=0
2018-05-28 14:05:33.292 DEBUG 172 --- [           main] org.comixed.library.model.Page           : Generating MD5 hash
]]></system-out>
  </testcase>
  <testcase name="testDuplicateCharacter" classname="org.comixed.library.model.ComicTest" time="0.001">
    <error type="java.lang.NullPointerException:"><![CDATA[java.lang.NullPointerException: null
	at org.comixed.library.model.Page.createHash(Page.java:157)
	at org.comixed.library.model.Page.<init>(Page.java:151)
	at org.comixed.library.model.ComicTest.setUp(ComicTest.java:63)
]]></error>
    <system-out><![CDATA[2018-05-28 14:05:33.293 DEBUG 172 --- [           main] org.comixed.library.model.Page           : Creating page: filename=src/test/resources/example.jpg content.size=0
2018-05-28 14:05:33.293 DEBUG 172 --- [           main] org.comixed.library.model.Page           : Generating MD5 hash
]]></system-out>
  </testcase>
  <testcase name="testOneLocation" classname="org.comixed.library.model.ComicTest" time="0">
    <error type="java.lang.NullPointerException:"><![CDATA[java.lang.NullPointerException: null
	at org.comixed.library.model.Page.createHash(Page.java:157)
	at org.comixed.library.model.Page.<init>(Page.java:151)
	at org.comixed.library.model.ComicTest.setUp(ComicTest.java:63)
]]></error>
    <system-out><![CDATA[2018-05-28 14:05:33.294 DEBUG 172 --- [           main] org.comixed.library.model.Page           : Creating page: filename=src/test/resources/example.jpg content.size=0
2018-05-28 14:05:33.294 DEBUG 172 --- [           main] org.comixed.library.model.Page           : Generating MD5 hash
]]></system-out>
  </testcase>
  <testcase name="testNoTeams" classname="org.comixed.library.model.ComicTest" time="0.001">
    <error type="java.lang.NullPointerException:"><![CDATA[java.lang.NullPointerException: null
	at org.comixed.library.model.Page.createHash(Page.java:157)
	at org.comixed.library.model.Page.<init>(Page.java:151)
	at org.comixed.library.model.ComicTest.setUp(ComicTest.java:63)
]]></error>
    <system-out><![CDATA[2018-05-28 14:05:33.294 DEBUG 172 --- [           main] org.comixed.library.model.Page           : Creating page: filename=src/test/resources/example.jpg content.size=0
2018-05-28 14:05:33.295 DEBUG 172 --- [           main] org.comixed.library.model.Page           : Generating MD5 hash
]]></system-out>
  </testcase>
  <testcase name="testSeries" classname="org.comixed.library.model.ComicTest" time="0.001">
    <error type="java.lang.NullPointerException:"><![CDATA[java.lang.NullPointerException: null
	at org.comixed.library.model.Page.createHash(Page.java:157)
	at org.comixed.library.model.Page.<init>(Page.java:151)
	at org.comixed.library.model.ComicTest.setUp(ComicTest.java:63)
]]></error>
    <system-out><![CDATA[2018-05-28 14:05:33.295 DEBUG 172 --- [           main] org.comixed.library.model.Page           : Creating page: filename=src/test/resources/example.jpg content.size=0
2018-05-28 14:05:33.295 DEBUG 172 --- [           main] org.comixed.library.model.Page           : Generating MD5 hash
]]></system-out>
  </testcase>
  <testcase name="testMultipleStoryArcs" classname="org.comixed.library.model.ComicTest" time="0">
    <error type="java.lang.NullPointerException:"><![CDATA[java.lang.NullPointerException: null
	at org.comixed.library.model.Page.createHash(Page.java:157)
	at org.comixed.library.model.Page.<init>(Page.java:151)
	at org.comixed.library.model.ComicTest.setUp(ComicTest.java:63)
]]></error>
    <system-out><![CDATA[2018-05-28 14:05:33.296 DEBUG 172 --- [           main] org.comixed.library.model.Page           : Creating page: filename=src/test/resources/example.jpg content.size=0
2018-05-28 14:05:33.296 DEBUG 172 --- [           main] org.comixed.library.model.Page           : Generating MD5 hash
]]></system-out>
  </testcase>
  <testcase name="testVolume" classname="org.comixed.library.model.ComicTest" time="0.001">
    <error type="java.lang.NullPointerException:"><![CDATA[java.lang.NullPointerException: null
	at org.comixed.library.model.Page.createHash(Page.java:157)
	at org.comixed.library.model.Page.<init>(Page.java:151)
	at org.comixed.library.model.ComicTest.setUp(ComicTest.java:63)
]]></error>
    <system-out><![CDATA[2018-05-28 14:05:33.296 DEBUG 172 --- [           main] org.comixed.library.model.Page           : Creating page: filename=src/test/resources/example.jpg content.size=0
2018-05-28 14:05:33.296 DEBUG 172 --- [           main] org.comixed.library.model.Page           : Generating MD5 hash
]]></system-out>
  </testcase>
  <testcase name="testGetPageWithFilename" classname="org.comixed.library.model.ComicTest" time="0">
    <error type="java.lang.NullPointerException:"><![CDATA[java.lang.NullPointerException: null
	at org.comixed.library.model.Page.createHash(Page.java:157)
	at org.comixed.library.model.Page.<init>(Page.java:151)
	at org.comixed.library.model.ComicTest.setUp(ComicTest.java:63)
]]></error>
    <system-out><![CDATA[2018-05-28 14:05:33.297 DEBUG 172 --- [           main] org.comixed.library.model.Page           : Creating page: filename=src/test/resources/example.jpg content.size=0
2018-05-28 14:05:33.297 DEBUG 172 --- [           main] org.comixed.library.model.Page           : Generating MD5 hash
]]></system-out>
  </testcase>
  <testcase name="testDescription" classname="org.comixed.library.model.ComicTest" time="0">
    <error type="java.lang.NullPointerException:"><![CDATA[java.lang.NullPointerException: null
	at org.comixed.library.model.Page.createHash(Page.java:157)
	at org.comixed.library.model.Page.<init>(Page.java:151)
	at org.comixed.library.model.ComicTest.setUp(ComicTest.java:63)
]]></error>
    <system-out><![CDATA[2018-05-28 14:05:33.298 DEBUG 172 --- [           main] org.comixed.library.model.Page           : Creating page: filename=src/test/resources/example.jpg content.size=0
2018-05-28 14:05:33.298 DEBUG 172 --- [           main] org.comixed.library.model.Page           : Generating MD5 hash
]]></system-out>
  </testcase>
  <testcase name="testSummary" classname="org.comixed.library.model.ComicTest" time="0.001">
    <error type="java.lang.NullPointerException:"><![CDATA[java.lang.NullPointerException: null
	at org.comixed.library.model.Page.createHash(Page.java:157)
	at org.comixed.library.model.Page.<init>(Page.java:151)
	at org.comixed.library.model.ComicTest.setUp(ComicTest.java:63)
]]></error>
    <system-out><![CDATA[2018-05-28 14:05:33.298 DEBUG 172 --- [           main] org.comixed.library.model.Page           : Creating page: filename=src/test/resources/example.jpg content.size=0
2018-05-28 14:05:33.298 DEBUG 172 --- [           main] org.comixed.library.model.Page           : Generating MD5 hash
]]></system-out>
  </testcase>
  <testcase name="testPublisher" classname="org.comixed.library.model.ComicTest" time="0.002">
    <error type="java.lang.NullPointerException:"><![CDATA[java.lang.NullPointerException: null
	at org.comixed.library.model.Page.createHash(Page.java:157)
	at org.comixed.library.model.Page.<init>(Page.java:151)
	at org.comixed.library.model.ComicTest.setUp(ComicTest.java:63)
]]></error>
    <system-out><![CDATA[2018-05-28 14:05:33.299 DEBUG 172 --- [           main] org.comixed.library.model.Page           : Creating page: filename=src/test/resources/example.jpg content.size=0
2018-05-28 14:05:33.299 DEBUG 172 --- [           main] org.comixed.library.model.Page           : Generating MD5 hash
]]></system-out>
  </testcase>
</testsuite>