<?xml version="1.0" encoding="UTF-8"?>
<!-- Generated by org.testng.reporters.JUnitReportReporter -->
<testsuite hostname="cyclone1" name="org.molgenis.metadata.manager.mapper.SortMapperTest" tests="4" failures="0" timestamp="1 Jun 2018 11:56:05 GMT" time="0.029" errors="0">
  <testcase name="testToEditorSort" time="0.020" classname="org.molgenis.metadata.manager.mapper.SortMapperTest"/>
  <testcase name="testToSortNull" time="0.001" classname="org.molgenis.metadata.manager.mapper.SortMapperTest"/>
  <testcase name="testToSort" time="0.005" classname="org.molgenis.metadata.manager.mapper.SortMapperTest"/>
  <testcase name="testToEditorSortNull" time="0.003" classname="org.molgenis.metadata.manager.mapper.SortMapperTest"/>
</testsuite> <!-- org.molgenis.metadata.manager.mapper.SortMapperTest -->
