<?xml version="1.0" encoding="UTF-8"?>
<!-- Generated by org.testng.reporters.JUnitReportReporter -->
<testsuite hostname="cyclone1" name="org.molgenis.metadata.manager.mapper.AttributeMapperTest" tests="4" failures="0" timestamp="1 Jun 2018 11:56:05 GMT" time="0.730" errors="0">
  <testcase name="testToAttributes" time="0.108" classname="org.molgenis.metadata.manager.mapper.AttributeMapperTest"/>
  <testcase name="testToEditorAttributes" time="0.143" classname="org.molgenis.metadata.manager.mapper.AttributeMapperTest"/>
  <testcase name="testAttributeMapper" time="0.001" classname="org.molgenis.metadata.manager.mapper.AttributeMapperTest"/>
  <testcase name="testCreateEditorAttribute" time="0.478" classname="org.molgenis.metadata.manager.mapper.AttributeMapperTest"/>
</testsuite> <!-- org.molgenis.metadata.manager.mapper.AttributeMapperTest -->
