<?xml version="1.0" encoding="UTF-8"?>
<!-- Generated by org.testng.reporters.JUnitReportReporter -->
<testsuite hostname="cyclone1" name="org.molgenis.metadata.manager.mapper.PackageMapperTest" tests="5" failures="0" timestamp="1 Jun 2018 11:56:05 GMT" time="0.378" errors="0">
  <testcase name="testToPackageReference" time="0.001" classname="org.molgenis.metadata.manager.mapper.PackageMapperTest"/>
  <testcase name="testToPackageReferenceNull" time="0.001" classname="org.molgenis.metadata.manager.mapper.PackageMapperTest"/>
  <testcase name="testToEditorPackage" time="0.089" classname="org.molgenis.metadata.manager.mapper.PackageMapperTest"/>
  <testcase name="testPackageMapper" time="0.286" classname="org.molgenis.metadata.manager.mapper.PackageMapperTest"/>
  <testcase name="testToEditorPackageNull" time="0.001" classname="org.molgenis.metadata.manager.mapper.PackageMapperTest"/>
</testsuite> <!-- org.molgenis.metadata.manager.mapper.PackageMapperTest -->
