<?xml version="1.0" encoding="UTF-8"?>
<!-- Generated by org.testng.reporters.JUnitReportReporter -->
<testsuite hostname="cyclone1" name="org.molgenis.metadata.manager.mapper.EntityTypeReferenceMapperTest" tests="5" failures="0" timestamp="1 Jun 2018 11:56:05 GMT" time="2.566" errors="0">
  <testcase name="testToEntityTypeReference" time="0.002" classname="org.molgenis.metadata.manager.mapper.EntityTypeReferenceMapperTest"/>
  <testcase name="testToEditorEntityTypeIdentifier" time="0.353" classname="org.molgenis.metadata.manager.mapper.EntityTypeReferenceMapperTest"/>
  <testcase name="testToEntityTypeReferenceNull" time="2.181" classname="org.molgenis.metadata.manager.mapper.EntityTypeReferenceMapperTest"/>
  <testcase name="testToEditorEntityTypeIdentifierNull" time="0.001" classname="org.molgenis.metadata.manager.mapper.EntityTypeReferenceMapperTest"/>
  <testcase name="testToEditorEntityTypeIdentifiers" time="0.029" classname="org.molgenis.metadata.manager.mapper.EntityTypeReferenceMapperTest"/>
</testsuite> <!-- org.molgenis.metadata.manager.mapper.EntityTypeReferenceMapperTest -->
