<?xml version="1.0" encoding="UTF-8"?>
<!-- Generated by org.testng.reporters.JUnitReportReporter -->
<testsuite hostname="cyclone1" name="org.molgenis.metadata.manager.service.MetadataManagerServiceTest" tests="6" failures="0" timestamp="1 Jun 2018 11:56:05 GMT" time="0.015" errors="0">
  <testcase name="testGetEditorPackages" time="0.001" classname="org.molgenis.metadata.manager.service.MetadataManagerServiceTest"/>
  <testcase name="testGetNonExistingEditorEntityType" time="0.001" classname="org.molgenis.metadata.manager.service.MetadataManagerServiceTest"/>
  <testcase name="testCreateEditorAttribute" time="0.001" classname="org.molgenis.metadata.manager.service.MetadataManagerServiceTest"/>
  <testcase name="testUpsertEntityType" time="0.002" classname="org.molgenis.metadata.manager.service.MetadataManagerServiceTest"/>
  <testcase name="testGetEditorEntityType" time="0.007" classname="org.molgenis.metadata.manager.service.MetadataManagerServiceTest"/>
  <testcase name="testCreateEditorEntityType" time="0.003" classname="org.molgenis.metadata.manager.service.MetadataManagerServiceTest"/>
</testsuite> <!-- org.molgenis.metadata.manager.service.MetadataManagerServiceTest -->
