<?xml version="1.0" encoding="UTF-8"?>
<!-- Generated by org.testng.reporters.JUnitReportReporter -->
<testsuite hostname="cyclone1" name="org.molgenis.file.ingest.FileIngesterTest" tests="2" failures="0" timestamp="1 Jun 2018 11:52:27 GMT" time="0.503" errors="0">
  <testcase name="ingestError" time="0.017" classname="org.molgenis.file.ingest.FileIngesterTest"/>
  <testcase name="ingest" time="0.486" classname="org.molgenis.file.ingest.FileIngesterTest"/>
</testsuite> <!-- org.molgenis.file.ingest.FileIngesterTest -->
