<?xml version="1.0" encoding="UTF-8"?>
<testsuite xmlns:xsi="http://www.w3.org/2001/XMLSchema-instance" xsi:noNamespaceSchemaLocation="https://maven.apache.org/surefire/maven-surefire-plugin/xsd/surefire-test-report.xsd" name="ru.vorotov.library.dao.data.DataJpaGenreRepositoryTest" time="129.192" tests="4" errors="4" skipped="0" failures="0">
  <properties>
    <property name="awt.toolkit" value="sun.awt.X11.XToolkit"/>
    <property name="file.encoding.pkg" value="sun.io"/>
    <property name="java.specification.version" value="1.8"/>
    <property name="sun.cpu.isalist" value=""/>
    <property name="sun.jnu.encoding" value="UTF-8"/>
    <property name="java.class.path" value="/root/workspace/aleksvv/spring-otus/423184096/library/target/test-classes:/root/workspace/aleksvv/spring-otus/423184096/library/target/classes:/root/./workspace/aleksvv/spring-otus/423184096/.m2/org/springframework/shell/spring-shell-starter/2.0.1.RELEASE/spring-shell-starter-2.0.1.RELEASE.jar:/root/./workspace/aleksvv/spring-otus/423184096/.m2/org/springframework/shell/spring-shell-core/2.0.1.RELEASE/spring-shell-core-2.0.1.RELEASE.jar:/root/./workspace/aleksvv/spring-otus/423184096/.m2/org/springframework/boot/spring-boot-starter-validation/2.0.4.RELEASE/spring-boot-starter-validation-2.0.4.RELEASE.jar:/root/./workspace/aleksvv/spring-otus/423184096/.m2/org/apache/tomcat/embed/tomcat-embed-el/8.5.32/tomcat-embed-el-8.5.32.jar:/root/./workspace/aleksvv/spring-otus/423184096/.m2/org/hibernate/validator/hibernate-validator/6.0.11.Final/hibernate-validator-6.0.11.Final.jar:/root/./workspace/aleksvv/spring-otus/423184096/.m2/javax/validation/validation-api/2.0.1.Final/validation-api-2.0.1.Final.jar:/root/./workspace/aleksvv/spring-otus/423184096/.m2/org/jline/jline/3.4.0/jline-3.4.0.jar:/root/./workspace/aleksvv/spring-otus/423184096/.m2/org/jline/jline-terminal-jna/3.4.0/jline-terminal-jna-3.4.0.jar:/root/./workspace/aleksvv/spring-otus/423184096/.m2/net/java/dev/jna/jna/4.5.2/jna-4.5.2.jar:/root/./workspace/aleksvv/spring-otus/423184096/.m2/org/jline/jline-terminal/3.4.0/jline-terminal-3.4.0.jar:/root/./workspace/aleksvv/spring-otus/423184096/.m2/org/springframework/shell/spring-shell-standard/2.0.1.RELEASE/spring-shell-standard-2.0.1.RELEASE.jar:/root/./workspace/aleksvv/spring-otus/423184096/.m2/org/springframework/shell/spring-shell-standard-commands/2.0.1.RELEASE/spring-shell-standard-commands-2.0.1.RELEASE.jar:/root/./workspace/aleksvv/spring-otus/423184096/.m2/org/springframework/shell/spring-shell-shell1-adapter/2.0.1.RELEASE/spring-shell-shell1-adapter-2.0.1.RELEASE.jar:/root/./workspace/aleksvv/spring-otus/423184096/.m2/org/springframework/shell/spring-shell-jcommander-adapter/2.0.1.RELEASE/spring-shell-jcommander-adapter-2.0.1.RELEASE.jar:/root/./workspace/aleksvv/spring-otus/423184096/.m2/org/springframework/shell/spring-shell-table/2.0.1.RELEASE/spring-shell-table-2.0.1.RELEASE.jar:/root/./workspace/aleksvv/spring-otus/423184096/.m2/com/h2database/h2/1.4.197/h2-1.4.197.jar:/root/./workspace/aleksvv/spring-otus/423184096/.m2/org/springframework/boot/spring-boot-starter-test/2.0.4.RELEASE/spring-boot-starter-test-2.0.4.RELEASE.jar:/root/./workspace/aleksvv/spring-otus/423184096/.m2/org/springframework/boot/spring-boot-starter/2.0.4.RELEASE/spring-boot-starter-2.0.4.RELEASE.jar:/root/./workspace/aleksvv/spring-otus/423184096/.m2/org/springframework/boot/spring-boot/2.0.4.RELEASE/spring-boot-2.0.4.RELEASE.jar:/root/./workspace/aleksvv/spring-otus/423184096/.m2/org/springframework/boot/spring-boot-autoconfigure/2.0.4.RELEASE/spring-boot-autoconfigure-2.0.4.RELEASE.jar:/root/./workspace/aleksvv/spring-otus/423184096/.m2/org/springframework/boot/spring-boot-starter-logging/2.0.4.RELEASE/spring-boot-starter-logging-2.0.4.RELEASE.jar:/root/./workspace/aleksvv/spring-otus/423184096/.m2/ch/qos/logback/logback-classic/1.2.3/logback-classic-1.2.3.jar:/root/./workspace/aleksvv/spring-otus/423184096/.m2/ch/qos/logback/logback-core/1.2.3/logback-core-1.2.3.jar:/root/./workspace/aleksvv/spring-otus/423184096/.m2/org/apache/logging/log4j/log4j-to-slf4j/2.10.0/log4j-to-slf4j-2.10.0.jar:/root/./workspace/aleksvv/spring-otus/423184096/.m2/org/apache/logging/log4j/log4j-api/2.10.0/log4j-api-2.10.0.jar:/root/./workspace/aleksvv/spring-otus/423184096/.m2/org/slf4j/jul-to-slf4j/1.7.25/jul-to-slf4j-1.7.25.jar:/root/./workspace/aleksvv/spring-otus/423184096/.m2/javax/annotation/javax.annotation-api/1.3.2/javax.annotation-api-1.3.2.jar:/root/./workspace/aleksvv/spring-otus/423184096/.m2/org/yaml/snakeyaml/1.19/snakeyaml-1.19.jar:/root/./workspace/aleksvv/spring-otus/423184096/.m2/org/springframework/boot/spring-boot-test/2.0.4.RELEASE/spring-boot-test-2.0.4.RELEASE.jar:/root/./workspace/aleksvv/spring-otus/423184096/.m2/org/springframework/boot/spring-boot-test-autoconfigure/2.0.4.RELEASE/spring-boot-test-autoconfigure-2.0.4.RELEASE.jar:/root/./workspace/aleksvv/spring-otus/423184096/.m2/com/jayway/jsonpath/json-path/2.4.0/json-path-2.4.0.jar:/root/./workspace/aleksvv/spring-otus/423184096/.m2/net/minidev/json-smart/2.3/json-smart-2.3.jar:/root/./workspace/aleksvv/spring-otus/423184096/.m2/net/minidev/accessors-smart/1.2/accessors-smart-1.2.jar:/root/./workspace/aleksvv/spring-otus/423184096/.m2/org/ow2/asm/asm/5.0.4/asm-5.0.4.jar:/root/./workspace/aleksvv/spring-otus/423184096/.m2/junit/junit/4.12/junit-4.12.jar:/root/./workspace/aleksvv/spring-otus/423184096/.m2/org/assertj/assertj-core/3.9.1/assertj-core-3.9.1.jar:/root/./workspace/aleksvv/spring-otus/423184096/.m2/org/mockito/mockito-core/2.15.0/mockito-core-2.15.0.jar:/root/./workspace/aleksvv/spring-otus/423184096/.m2/net/bytebuddy/byte-buddy/1.7.11/byte-buddy-1.7.11.jar:/root/./workspace/aleksvv/spring-otus/423184096/.m2/net/bytebuddy/byte-buddy-agent/1.7.11/byte-buddy-agent-1.7.11.jar:/root/./workspace/aleksvv/spring-otus/423184096/.m2/org/objenesis/objenesis/2.6/objenesis-2.6.jar:/root/./workspace/aleksvv/spring-otus/423184096/.m2/org/hamcrest/hamcrest-core/1.3/hamcrest-core-1.3.jar:/root/./workspace/aleksvv/spring-otus/423184096/.m2/org/hamcrest/hamcrest-library/1.3/hamcrest-library-1.3.jar:/root/./workspace/aleksvv/spring-otus/423184096/.m2/org/skyscreamer/jsonassert/1.5.0/jsonassert-1.5.0.jar:/root/./workspace/aleksvv/spring-otus/423184096/.m2/com/vaadin/external/google/android-json/0.0.20131108.vaadin1/android-json-0.0.20131108.vaadin1.jar:/root/./workspace/aleksvv/spring-otus/423184096/.m2/org/springframework/spring-core/5.0.8.RELEASE/spring-core-5.0.8.RELEASE.jar:/root/./workspace/aleksvv/spring-otus/423184096/.m2/org/springframework/spring-jcl/5.0.8.RELEASE/spring-jcl-5.0.8.RELEASE.jar:/root/./workspace/aleksvv/spring-otus/423184096/.m2/org/springframework/spring-test/5.0.8.RELEASE/spring-test-5.0.8.RELEASE.jar:/root/./workspace/aleksvv/spring-otus/423184096/.m2/org/xmlunit/xmlunit-core/2.5.1/xmlunit-core-2.5.1.jar:/root/./workspace/aleksvv/spring-otus/423184096/.m2/org/springframework/boot/spring-boot-configuration-processor/2.0.4.RELEASE/spring-boot-configuration-processor-2.0.4.RELEASE.jar:/root/./workspace/aleksvv/spring-otus/423184096/.m2/org/springframework/boot/spring-boot-starter-data-jpa/2.0.4.RELEASE/spring-boot-starter-data-jpa-2.0.4.RELEASE.jar:/root/./workspace/aleksvv/spring-otus/423184096/.m2/org/springframework/boot/spring-boot-starter-aop/2.0.4.RELEASE/spring-boot-starter-aop-2.0.4.RELEASE.jar:/root/./workspace/aleksvv/spring-otus/423184096/.m2/org/aspectj/aspectjweaver/1.8.13/aspectjweaver-1.8.13.jar:/root/./workspace/aleksvv/spring-otus/423184096/.m2/javax/transaction/javax.transaction-api/1.2/javax.transaction-api-1.2.jar:/root/./workspace/aleksvv/spring-otus/423184096/.m2/org/springframework/spring-aspects/5.0.8.RELEASE/spring-aspects-5.0.8.RELEASE.jar:/root/./workspace/aleksvv/spring-otus/423184096/.m2/org/hibernate/hibernate-core/5.2.17.Final/hibernate-core-5.2.17.Final.jar:/root/./workspace/aleksvv/spring-otus/423184096/.m2/org/jboss/logging/jboss-logging/3.3.2.Final/jboss-logging-3.3.2.Final.jar:/root/./workspace/aleksvv/spring-otus/423184096/.m2/org/hibernate/javax/persistence/hibernate-jpa-2.1-api/1.0.2.Final/hibernate-jpa-2.1-api-1.0.2.Final.jar:/root/./workspace/aleksvv/spring-otus/423184096/.m2/org/javassist/javassist/3.22.0-GA/javassist-3.22.0-GA.jar:/root/./workspace/aleksvv/spring-otus/423184096/.m2/antlr/antlr/2.7.7/antlr-2.7.7.jar:/root/./workspace/aleksvv/spring-otus/423184096/.m2/org/jboss/spec/javax/transaction/jboss-transaction-api_1.2_spec/1.0.1.Final/jboss-transaction-api_1.2_spec-1.0.1.Final.jar:/root/./workspace/aleksvv/spring-otus/423184096/.m2/org/jboss/jandex/2.0.3.Final/jandex-2.0.3.Final.jar:/root/./workspace/aleksvv/spring-otus/423184096/.m2/com/fasterxml/classmate/1.3.4/classmate-1.3.4.jar:/root/./workspace/aleksvv/spring-otus/423184096/.m2/dom4j/dom4j/1.6.1/dom4j-1.6.1.jar:/root/./workspace/aleksvv/spring-otus/423184096/.m2/org/hibernate/common/hibernate-commons-annotations/5.0.1.Final/hibernate-commons-annotations-5.0.1.Final.jar:/root/./workspace/aleksvv/spring-otus/423184096/.m2/org/springframework/data/spring-data-jpa/2.0.9.RELEASE/spring-data-jpa-2.0.9.RELEASE.jar:/root/./workspace/aleksvv/spring-otus/423184096/.m2/org/springframework/data/spring-data-commons/2.0.9.RELEASE/spring-data-commons-2.0.9.RELEASE.jar:/root/./workspace/aleksvv/spring-otus/423184096/.m2/org/springframework/spring-orm/5.0.8.RELEASE/spring-orm-5.0.8.RELEASE.jar:/root/./workspace/aleksvv/spring-otus/423184096/.m2/org/springframework/spring-context/5.0.8.RELEASE/spring-context-5.0.8.RELEASE.jar:/root/./workspace/aleksvv/spring-otus/423184096/.m2/org/springframework/spring-expression/5.0.8.RELEASE/spring-expression-5.0.8.RELEASE.jar:/root/./workspace/aleksvv/spring-otus/423184096/.m2/org/springframework/spring-aop/5.0.8.RELEASE/spring-aop-5.0.8.RELEASE.jar:/root/./workspace/aleksvv/spring-otus/423184096/.m2/org/springframework/spring-tx/5.0.8.RELEASE/spring-tx-5.0.8.RELEASE.jar:/root/./workspace/aleksvv/spring-otus/423184096/.m2/org/springframework/spring-beans/5.0.8.RELEASE/spring-beans-5.0.8.RELEASE.jar:/root/./workspace/aleksvv/spring-otus/423184096/.m2/org/aspectj/aspectjrt/1.8.13/aspectjrt-1.8.13.jar:/root/./workspace/aleksvv/spring-otus/423184096/.m2/org/slf4j/slf4j-api/1.7.25/slf4j-api-1.7.25.jar:/root/./workspace/aleksvv/spring-otus/423184096/.m2/org/springframework/boot/spring-boot-starter-jdbc/2.0.4.RELEASE/spring-boot-starter-jdbc-2.0.4.RELEASE.jar:/root/./workspace/aleksvv/spring-otus/423184096/.m2/com/zaxxer/HikariCP/2.7.9/HikariCP-2.7.9.jar:/root/./workspace/aleksvv/spring-otus/423184096/.m2/org/springframework/spring-jdbc/5.0.8.RELEASE/spring-jdbc-5.0.8.RELEASE.jar:/root/./workspace/aleksvv/spring-otus/423184096/.m2/org/springframework/boot/spring-boot-starter-data-mongodb/2.0.4.RELEASE/spring-boot-starter-data-mongodb-2.0.4.RELEASE.jar:/root/./workspace/aleksvv/spring-otus/423184096/.m2/org/mongodb/mongodb-driver/3.6.4/mongodb-driver-3.6.4.jar:/root/./workspace/aleksvv/spring-otus/423184096/.m2/org/mongodb/bson/3.6.4/bson-3.6.4.jar:/root/./workspace/aleksvv/spring-otus/423184096/.m2/org/mongodb/mongodb-driver-core/3.6.4/mongodb-driver-core-3.6.4.jar:/root/./workspace/aleksvv/spring-otus/423184096/.m2/org/springframework/data/spring-data-mongodb/2.0.9.RELEASE/spring-data-mongodb-2.0.9.RELEASE.jar:"/>
    <property name="java.vm.vendor" value="Oracle Corporation"/>
    <property name="skip.bower" value="true"/>
    <property name="sun.arch.data.model" value="64"/>
    <property name="java.vendor.url" value="http://java.oracle.com/"/>
    <property name="user.timezone" value=""/>
    <property name="java.vm.specification.version" value="1.8"/>
    <property name="os.name" value="Linux"/>
    <property name="rat.skip" value="true"/>
    <property name="gpg.skip" value="true"/>
    <property name="sun.java.launcher" value="SUN_STANDARD"/>
    <property name="sun.boot.library.path" value="/usr/lib/jvm/java-8-openjdk-amd64/jre/lib/amd64"/>
    <property name="skip.gulp" value="true"/>
    <property name="sun.java.command" value="/root/workspace/aleksvv/spring-otus/423184096/library/target/surefire/surefirebooter4821496381104677520.jar /root/workspace/aleksvv/spring-otus/423184096/library/target/surefire 2018-08-31T22-35-13_703-jvmRun1 surefire8276502520017272718tmp surefire_13288847066245481413tmp"/>
    <property name="dependency-check.skip" value="true"/>
    <property name="surefire.test.class.path" value="/root/workspace/aleksvv/spring-otus/423184096/library/target/test-classes:/root/workspace/aleksvv/spring-otus/423184096/library/target/classes:/root/./workspace/aleksvv/spring-otus/423184096/.m2/org/springframework/shell/spring-shell-starter/2.0.1.RELEASE/spring-shell-starter-2.0.1.RELEASE.jar:/root/./workspace/aleksvv/spring-otus/423184096/.m2/org/springframework/shell/spring-shell-core/2.0.1.RELEASE/spring-shell-core-2.0.1.RELEASE.jar:/root/./workspace/aleksvv/spring-otus/423184096/.m2/org/springframework/boot/spring-boot-starter-validation/2.0.4.RELEASE/spring-boot-starter-validation-2.0.4.RELEASE.jar:/root/./workspace/aleksvv/spring-otus/423184096/.m2/org/apache/tomcat/embed/tomcat-embed-el/8.5.32/tomcat-embed-el-8.5.32.jar:/root/./workspace/aleksvv/spring-otus/423184096/.m2/org/hibernate/validator/hibernate-validator/6.0.11.Final/hibernate-validator-6.0.11.Final.jar:/root/./workspace/aleksvv/spring-otus/423184096/.m2/javax/validation/validation-api/2.0.1.Final/validation-api-2.0.1.Final.jar:/root/./workspace/aleksvv/spring-otus/423184096/.m2/org/jline/jline/3.4.0/jline-3.4.0.jar:/root/./workspace/aleksvv/spring-otus/423184096/.m2/org/jline/jline-terminal-jna/3.4.0/jline-terminal-jna-3.4.0.jar:/root/./workspace/aleksvv/spring-otus/423184096/.m2/net/java/dev/jna/jna/4.5.2/jna-4.5.2.jar:/root/./workspace/aleksvv/spring-otus/423184096/.m2/org/jline/jline-terminal/3.4.0/jline-terminal-3.4.0.jar:/root/./workspace/aleksvv/spring-otus/423184096/.m2/org/springframework/shell/spring-shell-standard/2.0.1.RELEASE/spring-shell-standard-2.0.1.RELEASE.jar:/root/./workspace/aleksvv/spring-otus/423184096/.m2/org/springframework/shell/spring-shell-standard-commands/2.0.1.RELEASE/spring-shell-standard-commands-2.0.1.RELEASE.jar:/root/./workspace/aleksvv/spring-otus/423184096/.m2/org/springframework/shell/spring-shell-shell1-adapter/2.0.1.RELEASE/spring-shell-shell1-adapter-2.0.1.RELEASE.jar:/root/./workspace/aleksvv/spring-otus/423184096/.m2/org/springframework/shell/spring-shell-jcommander-adapter/2.0.1.RELEASE/spring-shell-jcommander-adapter-2.0.1.RELEASE.jar:/root/./workspace/aleksvv/spring-otus/423184096/.m2/org/springframework/shell/spring-shell-table/2.0.1.RELEASE/spring-shell-table-2.0.1.RELEASE.jar:/root/./workspace/aleksvv/spring-otus/423184096/.m2/com/h2database/h2/1.4.197/h2-1.4.197.jar:/root/./workspace/aleksvv/spring-otus/423184096/.m2/org/springframework/boot/spring-boot-starter-test/2.0.4.RELEASE/spring-boot-starter-test-2.0.4.RELEASE.jar:/root/./workspace/aleksvv/spring-otus/423184096/.m2/org/springframework/boot/spring-boot-starter/2.0.4.RELEASE/spring-boot-starter-2.0.4.RELEASE.jar:/root/./workspace/aleksvv/spring-otus/423184096/.m2/org/springframework/boot/spring-boot/2.0.4.RELEASE/spring-boot-2.0.4.RELEASE.jar:/root/./workspace/aleksvv/spring-otus/423184096/.m2/org/springframework/boot/spring-boot-autoconfigure/2.0.4.RELEASE/spring-boot-autoconfigure-2.0.4.RELEASE.jar:/root/./workspace/aleksvv/spring-otus/423184096/.m2/org/springframework/boot/spring-boot-starter-logging/2.0.4.RELEASE/spring-boot-starter-logging-2.0.4.RELEASE.jar:/root/./workspace/aleksvv/spring-otus/423184096/.m2/ch/qos/logback/logback-classic/1.2.3/logback-classic-1.2.3.jar:/root/./workspace/aleksvv/spring-otus/423184096/.m2/ch/qos/logback/logback-core/1.2.3/logback-core-1.2.3.jar:/root/./workspace/aleksvv/spring-otus/423184096/.m2/org/apache/logging/log4j/log4j-to-slf4j/2.10.0/log4j-to-slf4j-2.10.0.jar:/root/./workspace/aleksvv/spring-otus/423184096/.m2/org/apache/logging/log4j/log4j-api/2.10.0/log4j-api-2.10.0.jar:/root/./workspace/aleksvv/spring-otus/423184096/.m2/org/slf4j/jul-to-slf4j/1.7.25/jul-to-slf4j-1.7.25.jar:/root/./workspace/aleksvv/spring-otus/423184096/.m2/javax/annotation/javax.annotation-api/1.3.2/javax.annotation-api-1.3.2.jar:/root/./workspace/aleksvv/spring-otus/423184096/.m2/org/yaml/snakeyaml/1.19/snakeyaml-1.19.jar:/root/./workspace/aleksvv/spring-otus/423184096/.m2/org/springframework/boot/spring-boot-test/2.0.4.RELEASE/spring-boot-test-2.0.4.RELEASE.jar:/root/./workspace/aleksvv/spring-otus/423184096/.m2/org/springframework/boot/spring-boot-test-autoconfigure/2.0.4.RELEASE/spring-boot-test-autoconfigure-2.0.4.RELEASE.jar:/root/./workspace/aleksvv/spring-otus/423184096/.m2/com/jayway/jsonpath/json-path/2.4.0/json-path-2.4.0.jar:/root/./workspace/aleksvv/spring-otus/423184096/.m2/net/minidev/json-smart/2.3/json-smart-2.3.jar:/root/./workspace/aleksvv/spring-otus/423184096/.m2/net/minidev/accessors-smart/1.2/accessors-smart-1.2.jar:/root/./workspace/aleksvv/spring-otus/423184096/.m2/org/ow2/asm/asm/5.0.4/asm-5.0.4.jar:/root/./workspace/aleksvv/spring-otus/423184096/.m2/junit/junit/4.12/junit-4.12.jar:/root/./workspace/aleksvv/spring-otus/423184096/.m2/org/assertj/assertj-core/3.9.1/assertj-core-3.9.1.jar:/root/./workspace/aleksvv/spring-otus/423184096/.m2/org/mockito/mockito-core/2.15.0/mockito-core-2.15.0.jar:/root/./workspace/aleksvv/spring-otus/423184096/.m2/net/bytebuddy/byte-buddy/1.7.11/byte-buddy-1.7.11.jar:/root/./workspace/aleksvv/spring-otus/423184096/.m2/net/bytebuddy/byte-buddy-agent/1.7.11/byte-buddy-agent-1.7.11.jar:/root/./workspace/aleksvv/spring-otus/423184096/.m2/org/objenesis/objenesis/2.6/objenesis-2.6.jar:/root/./workspace/aleksvv/spring-otus/423184096/.m2/org/hamcrest/hamcrest-core/1.3/hamcrest-core-1.3.jar:/root/./workspace/aleksvv/spring-otus/423184096/.m2/org/hamcrest/hamcrest-library/1.3/hamcrest-library-1.3.jar:/root/./workspace/aleksvv/spring-otus/423184096/.m2/org/skyscreamer/jsonassert/1.5.0/jsonassert-1.5.0.jar:/root/./workspace/aleksvv/spring-otus/423184096/.m2/com/vaadin/external/google/android-json/0.0.20131108.vaadin1/android-json-0.0.20131108.vaadin1.jar:/root/./workspace/aleksvv/spring-otus/423184096/.m2/org/springframework/spring-core/5.0.8.RELEASE/spring-core-5.0.8.RELEASE.jar:/root/./workspace/aleksvv/spring-otus/423184096/.m2/org/springframework/spring-jcl/5.0.8.RELEASE/spring-jcl-5.0.8.RELEASE.jar:/root/./workspace/aleksvv/spring-otus/423184096/.m2/org/springframework/spring-test/5.0.8.RELEASE/spring-test-5.0.8.RELEASE.jar:/root/./workspace/aleksvv/spring-otus/423184096/.m2/org/xmlunit/xmlunit-core/2.5.1/xmlunit-core-2.5.1.jar:/root/./workspace/aleksvv/spring-otus/423184096/.m2/org/springframework/boot/spring-boot-configuration-processor/2.0.4.RELEASE/spring-boot-configuration-processor-2.0.4.RELEASE.jar:/root/./workspace/aleksvv/spring-otus/423184096/.m2/org/springframework/boot/spring-boot-starter-data-jpa/2.0.4.RELEASE/spring-boot-starter-data-jpa-2.0.4.RELEASE.jar:/root/./workspace/aleksvv/spring-otus/423184096/.m2/org/springframework/boot/spring-boot-starter-aop/2.0.4.RELEASE/spring-boot-starter-aop-2.0.4.RELEASE.jar:/root/./workspace/aleksvv/spring-otus/423184096/.m2/org/aspectj/aspectjweaver/1.8.13/aspectjweaver-1.8.13.jar:/root/./workspace/aleksvv/spring-otus/423184096/.m2/javax/transaction/javax.transaction-api/1.2/javax.transaction-api-1.2.jar:/root/./workspace/aleksvv/spring-otus/423184096/.m2/org/springframework/spring-aspects/5.0.8.RELEASE/spring-aspects-5.0.8.RELEASE.jar:/root/./workspace/aleksvv/spring-otus/423184096/.m2/org/hibernate/hibernate-core/5.2.17.Final/hibernate-core-5.2.17.Final.jar:/root/./workspace/aleksvv/spring-otus/423184096/.m2/org/jboss/logging/jboss-logging/3.3.2.Final/jboss-logging-3.3.2.Final.jar:/root/./workspace/aleksvv/spring-otus/423184096/.m2/org/hibernate/javax/persistence/hibernate-jpa-2.1-api/1.0.2.Final/hibernate-jpa-2.1-api-1.0.2.Final.jar:/root/./workspace/aleksvv/spring-otus/423184096/.m2/org/javassist/javassist/3.22.0-GA/javassist-3.22.0-GA.jar:/root/./workspace/aleksvv/spring-otus/423184096/.m2/antlr/antlr/2.7.7/antlr-2.7.7.jar:/root/./workspace/aleksvv/spring-otus/423184096/.m2/org/jboss/spec/javax/transaction/jboss-transaction-api_1.2_spec/1.0.1.Final/jboss-transaction-api_1.2_spec-1.0.1.Final.jar:/root/./workspace/aleksvv/spring-otus/423184096/.m2/org/jboss/jandex/2.0.3.Final/jandex-2.0.3.Final.jar:/root/./workspace/aleksvv/spring-otus/423184096/.m2/com/fasterxml/classmate/1.3.4/classmate-1.3.4.jar:/root/./workspace/aleksvv/spring-otus/423184096/.m2/dom4j/dom4j/1.6.1/dom4j-1.6.1.jar:/root/./workspace/aleksvv/spring-otus/423184096/.m2/org/hibernate/common/hibernate-commons-annotations/5.0.1.Final/hibernate-commons-annotations-5.0.1.Final.jar:/root/./workspace/aleksvv/spring-otus/423184096/.m2/org/springframework/data/spring-data-jpa/2.0.9.RELEASE/spring-data-jpa-2.0.9.RELEASE.jar:/root/./workspace/aleksvv/spring-otus/423184096/.m2/org/springframework/data/spring-data-commons/2.0.9.RELEASE/spring-data-commons-2.0.9.RELEASE.jar:/root/./workspace/aleksvv/spring-otus/423184096/.m2/org/springframework/spring-orm/5.0.8.RELEASE/spring-orm-5.0.8.RELEASE.jar:/root/./workspace/aleksvv/spring-otus/423184096/.m2/org/springframework/spring-context/5.0.8.RELEASE/spring-context-5.0.8.RELEASE.jar:/root/./workspace/aleksvv/spring-otus/423184096/.m2/org/springframework/spring-expression/5.0.8.RELEASE/spring-expression-5.0.8.RELEASE.jar:/root/./workspace/aleksvv/spring-otus/423184096/.m2/org/springframework/spring-aop/5.0.8.RELEASE/spring-aop-5.0.8.RELEASE.jar:/root/./workspace/aleksvv/spring-otus/423184096/.m2/org/springframework/spring-tx/5.0.8.RELEASE/spring-tx-5.0.8.RELEASE.jar:/root/./workspace/aleksvv/spring-otus/423184096/.m2/org/springframework/spring-beans/5.0.8.RELEASE/spring-beans-5.0.8.RELEASE.jar:/root/./workspace/aleksvv/spring-otus/423184096/.m2/org/aspectj/aspectjrt/1.8.13/aspectjrt-1.8.13.jar:/root/./workspace/aleksvv/spring-otus/423184096/.m2/org/slf4j/slf4j-api/1.7.25/slf4j-api-1.7.25.jar:/root/./workspace/aleksvv/spring-otus/423184096/.m2/org/springframework/boot/spring-boot-starter-jdbc/2.0.4.RELEASE/spring-boot-starter-jdbc-2.0.4.RELEASE.jar:/root/./workspace/aleksvv/spring-otus/423184096/.m2/com/zaxxer/HikariCP/2.7.9/HikariCP-2.7.9.jar:/root/./workspace/aleksvv/spring-otus/423184096/.m2/org/springframework/spring-jdbc/5.0.8.RELEASE/spring-jdbc-5.0.8.RELEASE.jar:/root/./workspace/aleksvv/spring-otus/423184096/.m2/org/springframework/boot/spring-boot-starter-data-mongodb/2.0.4.RELEASE/spring-boot-starter-data-mongodb-2.0.4.RELEASE.jar:/root/./workspace/aleksvv/spring-otus/423184096/.m2/org/mongodb/mongodb-driver/3.6.4/mongodb-driver-3.6.4.jar:/root/./workspace/aleksvv/spring-otus/423184096/.m2/org/mongodb/bson/3.6.4/bson-3.6.4.jar:/root/./workspace/aleksvv/spring-otus/423184096/.m2/org/mongodb/mongodb-driver-core/3.6.4/mongodb-driver-core-3.6.4.jar:/root/./workspace/aleksvv/spring-otus/423184096/.m2/org/springframework/data/spring-data-mongodb/2.0.9.RELEASE/spring-data-mongodb-2.0.9.RELEASE.jar:"/>
    <property name="sun.cpu.endian" value="little"/>
    <property name="user.home" value="/root"/>
    <property name="user.language" value="en"/>
    <property name="java.specification.vendor" value="Oracle Corporation"/>
    <property name="java.home" value="/usr/lib/jvm/java-8-openjdk-amd64/jre"/>
    <property name="basedir" value="/root/workspace/aleksvv/spring-otus/423184096/library"/>
    <property name="file.separator" value="/"/>
    <property name="checkstyle.skip" value="true"/>
    <property name="line.separator" value="&#10;"/>
    <property name="skip.npm" value="true"/>
    <property name="java.vm.specification.vendor" value="Oracle Corporation"/>
    <property name="java.specification.name" value="Java Platform API Specification"/>
    <property name="java.awt.graphicsenv" value="sun.awt.X11GraphicsEnvironment"/>
    <property name="skipITs" value="true"/>
    <property name="surefire.real.class.path" value="/root/workspace/aleksvv/spring-otus/423184096/library/target/surefire/surefirebooter4821496381104677520.jar"/>
    <property name="cobertura.skip" value="true"/>
    <property name="sun.boot.class.path" value="/usr/lib/jvm/java-8-openjdk-amd64/jre/lib/resources.jar:/usr/lib/jvm/java-8-openjdk-amd64/jre/lib/rt.jar:/usr/lib/jvm/java-8-openjdk-amd64/jre/lib/sunrsasign.jar:/usr/lib/jvm/java-8-openjdk-amd64/jre/lib/jsse.jar:/usr/lib/jvm/java-8-openjdk-amd64/jre/lib/jce.jar:/usr/lib/jvm/java-8-openjdk-amd64/jre/lib/charsets.jar:/usr/lib/jvm/java-8-openjdk-amd64/jre/lib/jfr.jar:/usr/lib/jvm/java-8-openjdk-amd64/jre/classes"/>
    <property name="sun.management.compiler" value="HotSpot 64-Bit Tiered Compilers"/>
    <property name="java.runtime.version" value="1.8.0_121-8u121-b13-1~bpo8+1-b13"/>
    <property name="user.name" value="root"/>
    <property name="findbugs.skip" value="true"/>
    <property name="path.separator" value=":"/>
    <property name="os.version" value="3.10.0-862.3.2.el7.x86_64"/>
    <property name="java.endorsed.dirs" value="/usr/lib/jvm/java-8-openjdk-amd64/jre/lib/endorsed"/>
    <property name="java.runtime.name" value="OpenJDK Runtime Environment"/>
    <property name="file.encoding" value="UTF-8"/>
    <property name="java.vm.name" value="OpenJDK 64-Bit Server VM"/>
    <property name="localRepository" value="/root/./workspace/aleksvv/spring-otus/423184096/.m2"/>
    <property name="java.vendor.url.bug" value="http://bugreport.sun.com/bugreport/"/>
    <property name="java.io.tmpdir" value="/tmp"/>
    <property name="java.version" value="1.8.0_121"/>
    <property name="user.dir" value="/root/workspace/aleksvv/spring-otus/423184096/library"/>
    <property name="os.arch" value="amd64"/>
    <property name="license.skip" value="true"/>
    <property name="java.vm.specification.name" value="Java Virtual Machine Specification"/>
    <property name="java.awt.printerjob" value="sun.print.PSPrinterJob"/>
    <property name="sun.os.patch.level" value="unknown"/>
    <property name="java.library.path" value="/usr/java/packages/lib/amd64:/usr/lib/x86_64-linux-gnu/jni:/lib/x86_64-linux-gnu:/usr/lib/x86_64-linux-gnu:/usr/lib/jni:/lib:/usr/lib"/>
    <property name="java.vm.info" value="mixed mode"/>
    <property name="java.vendor" value="Oracle Corporation"/>
    <property name="java.vm.version" value="25.121-b13"/>
    <property name="java.ext.dirs" value="/usr/lib/jvm/java-8-openjdk-amd64/jre/lib/ext:/usr/java/packages/lib/ext"/>
    <property name="sun.io.unicode.encoding" value="UnicodeLittle"/>
    <property name="maven.repo.local" value="/root/./workspace/aleksvv/spring-otus/423184096/.m2"/>
    <property name="enforcer.skip" value="true"/>
    <property name="java.class.version" value="52.0"/>
  </properties>
  <testcase name="testGet" classname="ru.vorotov.library.dao.data.DataJpaGenreRepositoryTest" time="30.209">
    <error message="Timed out after 30000 ms while waiting to connect. Client view of cluster state is {type=UNKNOWN, servers=[{address=localhost:27017, type=UNKNOWN, state=CONNECTING, exception={com.mongodb.MongoSocketOpenException: Exception opening socket}, caused by {java.net.ConnectException: Connection refused (Connection refused)}}]; nested exception is com.mongodb.MongoTimeoutException: Timed out after 30000 ms while waiting to connect. Client view of cluster state is {type=UNKNOWN, servers=[{address=localhost:27017, type=UNKNOWN, state=CONNECTING, exception={com.mongodb.MongoSocketOpenException: Exception opening socket}, caused by {java.net.ConnectException: Connection refused (Connection refused)}}]" type="org.springframework.dao.DataAccessResourceFailureException">org.springframework.dao.DataAccessResourceFailureException: Timed out after 30000 ms while waiting to connect. Client view of cluster state is {type=UNKNOWN, servers=[{address=localhost:27017, type=UNKNOWN, state=CONNECTING, exception={com.mongodb.MongoSocketOpenException: Exception opening socket}, caused by {java.net.ConnectException: Connection refused (Connection refused)}}]; nested exception is com.mongodb.MongoTimeoutException: Timed out after 30000 ms while waiting to connect. Client view of cluster state is {type=UNKNOWN, servers=[{address=localhost:27017, type=UNKNOWN, state=CONNECTING, exception={com.mongodb.MongoSocketOpenException: Exception opening socket}, caused by {java.net.ConnectException: Connection refused (Connection refused)}}]
	at ru.vorotov.library.dao.data.DataJpaGenreRepositoryTest.testGet(DataJpaGenreRepositoryTest.java:36)
Caused by: com.mongodb.MongoTimeoutException: Timed out after 30000 ms while waiting to connect. Client view of cluster state is {type=UNKNOWN, servers=[{address=localhost:27017, type=UNKNOWN, state=CONNECTING, exception={com.mongodb.MongoSocketOpenException: Exception opening socket}, caused by {java.net.ConnectException: Connection refused (Connection refused)}}]
	at ru.vorotov.library.dao.data.DataJpaGenreRepositoryTest.testGet(DataJpaGenreRepositoryTest.java:36)
</error>
    <system-out><![CDATA[22:35:17.590 [main] DEBUG org.springframework.test.context.junit4.SpringJUnit4ClassRunner - SpringJUnit4ClassRunner constructor called with [class ru.vorotov.library.dao.data.DataJpaGenreRepositoryTest]
22:35:17.601 [main] DEBUG org.springframework.test.context.BootstrapUtils - Instantiating CacheAwareContextLoaderDelegate from class [org.springframework.test.context.cache.DefaultCacheAwareContextLoaderDelegate]
22:35:17.610 [main] DEBUG org.springframework.test.context.BootstrapUtils - Instantiating BootstrapContext using constructor [public org.springframework.test.context.support.DefaultBootstrapContext(java.lang.Class,org.springframework.test.context.CacheAwareContextLoaderDelegate)]
22:35:17.633 [main] DEBUG org.springframework.test.context.BootstrapUtils - Instantiating TestContextBootstrapper for test class [ru.vorotov.library.dao.data.DataJpaGenreRepositoryTest] from class [org.springframework.boot.test.context.SpringBootTestContextBootstrapper]
22:35:17.650 [main] INFO org.springframework.boot.test.context.SpringBootTestContextBootstrapper - Neither @ContextConfiguration nor @ContextHierarchy found for test class [ru.vorotov.library.dao.data.DataJpaGenreRepositoryTest], using SpringBootContextLoader
22:35:17.654 [main] DEBUG org.springframework.test.context.support.AbstractContextLoader - Did not detect default resource location for test class [ru.vorotov.library.dao.data.DataJpaGenreRepositoryTest]: class path resource [ru/vorotov/library/dao/data/DataJpaGenreRepositoryTest-context.xml] does not exist
22:35:17.654 [main] DEBUG org.springframework.test.context.support.AbstractContextLoader - Did not detect default resource location for test class [ru.vorotov.library.dao.data.DataJpaGenreRepositoryTest]: class path resource [ru/vorotov/library/dao/data/DataJpaGenreRepositoryTestContext.groovy] does not exist
22:35:17.655 [main] INFO org.springframework.test.context.support.AbstractContextLoader - Could not detect default resource locations for test class [ru.vorotov.library.dao.data.DataJpaGenreRepositoryTest]: no resource found for suffixes {-context.xml, Context.groovy}.
22:35:17.656 [main] INFO org.springframework.test.context.support.AnnotationConfigContextLoaderUtils - Could not detect default configuration classes for test class [ru.vorotov.library.dao.data.DataJpaGenreRepositoryTest]: DataJpaGenreRepositoryTest does not declare any static, non-private, non-final, nested classes annotated with @Configuration.
22:35:17.717 [main] DEBUG org.springframework.test.context.support.ActiveProfilesUtils - Could not find an 'annotation declaring class' for annotation type [org.springframework.test.context.ActiveProfiles] and class [ru.vorotov.library.dao.data.DataJpaGenreRepositoryTest]
22:35:17.731 [main] DEBUG org.springframework.core.env.StandardEnvironment - Adding PropertySource 'systemProperties' with lowest search precedence
22:35:17.731 [main] DEBUG org.springframework.core.env.StandardEnvironment - Adding PropertySource 'systemEnvironment' with lowest search precedence
22:35:17.733 [main] DEBUG org.springframework.core.env.StandardEnvironment - Initialized StandardEnvironment with PropertySources [MapPropertySource@1579526446 {name='systemProperties', properties={java.runtime.name=OpenJDK Runtime Environment, sun.boot.library.path=/usr/lib/jvm/java-8-openjdk-amd64/jre/lib/amd64, java.vm.version=25.121-b13, java.vm.vendor=Oracle Corporation, java.vendor.url=http://java.oracle.com/, skip.gulp=true, path.separator=:, java.vm.name=OpenJDK 64-Bit Server VM, file.encoding.pkg=sun.io, findbugs.skip=true, sun.java.launcher=SUN_STANDARD, sun.os.patch.level=unknown, java.vm.specification.name=Java Virtual Machine Specification, user.dir=/root/workspace/aleksvv/spring-otus/423184096/library, checkstyle.skip=true, java.runtime.version=1.8.0_121-8u121-b13-1~bpo8+1-b13, skip.npm=true, basedir=/root/workspace/aleksvv/spring-otus/423184096/library, java.awt.graphicsenv=sun.awt.X11GraphicsEnvironment, java.endorsed.dirs=/usr/lib/jvm/java-8-openjdk-amd64/jre/lib/endorsed, os.arch=amd64, surefire.real.class.path=/root/workspace/aleksvv/spring-otus/423184096/library/target/surefire/surefirebooter4821496381104677520.jar, gpg.skip=true, java.io.tmpdir=/tmp, line.separator=
, cobertura.skip=true, java.vm.specification.vendor=Oracle Corporation, os.name=Linux, sun.jnu.encoding=UTF-8, license.skip=true, java.library.path=/usr/java/packages/lib/amd64:/usr/lib/x86_64-linux-gnu/jni:/lib/x86_64-linux-gnu:/usr/lib/x86_64-linux-gnu:/usr/lib/jni:/lib:/usr/lib, surefire.test.class.path=/root/workspace/aleksvv/spring-otus/423184096/library/target/test-classes:/root/workspace/aleksvv/spring-otus/423184096/library/target/classes:/root/./workspace/aleksvv/spring-otus/423184096/.m2/org/springframework/shell/spring-shell-starter/2.0.1.RELEASE/spring-shell-starter-2.0.1.RELEASE.jar:/root/./workspace/aleksvv/spring-otus/423184096/.m2/org/springframework/shell/spring-shell-core/2.0.1.RELEASE/spring-shell-core-2.0.1.RELEASE.jar:/root/./workspace/aleksvv/spring-otus/423184096/.m2/org/springframework/boot/spring-boot-starter-validation/2.0.4.RELEASE/spring-boot-starter-validation-2.0.4.RELEASE.jar:/root/./workspace/aleksvv/spring-otus/423184096/.m2/org/apache/tomcat/embed/tomcat-embed-el/8.5.32/tomcat-embed-el-8.5.32.jar:/root/./workspace/aleksvv/spring-otus/423184096/.m2/org/hibernate/validator/hibernate-validator/6.0.11.Final/hibernate-validator-6.0.11.Final.jar:/root/./workspace/aleksvv/spring-otus/423184096/.m2/javax/validation/validation-api/2.0.1.Final/validation-api-2.0.1.Final.jar:/root/./workspace/aleksvv/spring-otus/423184096/.m2/org/jline/jline/3.4.0/jline-3.4.0.jar:/root/./workspace/aleksvv/spring-otus/423184096/.m2/org/jline/jline-terminal-jna/3.4.0/jline-terminal-jna-3.4.0.jar:/root/./workspace/aleksvv/spring-otus/423184096/.m2/net/java/dev/jna/jna/4.5.2/jna-4.5.2.jar:/root/./workspace/aleksvv/spring-otus/423184096/.m2/org/jline/jline-terminal/3.4.0/jline-terminal-3.4.0.jar:/root/./workspace/aleksvv/spring-otus/423184096/.m2/org/springframework/shell/spring-shell-standard/2.0.1.RELEASE/spring-shell-standard-2.0.1.RELEASE.jar:/root/./workspace/aleksvv/spring-otus/423184096/.m2/org/springframework/shell/spring-shell-standard-commands/2.0.1.RELEASE/spring-shell-standard-commands-2.0.1.RELEASE.jar:/root/./workspace/aleksvv/spring-otus/423184096/.m2/org/springframework/shell/spring-shell-shell1-adapter/2.0.1.RELEASE/spring-shell-shell1-adapter-2.0.1.RELEASE.jar:/root/./workspace/aleksvv/spring-otus/423184096/.m2/org/springframework/shell/spring-shell-jcommander-adapter/2.0.1.RELEASE/spring-shell-jcommander-adapter-2.0.1.RELEASE.jar:/root/./workspace/aleksvv/spring-otus/423184096/.m2/org/springframework/shell/spring-shell-table/2.0.1.RELEASE/spring-shell-table-2.0.1.RELEASE.jar:/root/./workspace/aleksvv/spring-otus/423184096/.m2/com/h2database/h2/1.4.197/h2-1.4.197.jar:/root/./workspace/aleksvv/spring-otus/423184096/.m2/org/springframework/boot/spring-boot-starter-test/2.0.4.RELEASE/spring-boot-starter-test-2.0.4.RELEASE.jar:/root/./workspace/aleksvv/spring-otus/423184096/.m2/org/springframework/boot/spring-boot-starter/2.0.4.RELEASE/spring-boot-starter-2.0.4.RELEASE.jar:/root/./workspace/aleksvv/spring-otus/423184096/.m2/org/springframework/boot/spring-boot/2.0.4.RELEASE/spring-boot-2.0.4.RELEASE.jar:/root/./workspace/aleksvv/spring-otus/423184096/.m2/org/springframework/boot/spring-boot-autoconfigure/2.0.4.RELEASE/spring-boot-autoconfigure-2.0.4.RELEASE.jar:/root/./workspace/aleksvv/spring-otus/423184096/.m2/org/springframework/boot/spring-boot-starter-logging/2.0.4.RELEASE/spring-boot-starter-logging-2.0.4.RELEASE.jar:/root/./workspace/aleksvv/spring-otus/423184096/.m2/ch/qos/logback/logback-classic/1.2.3/logback-classic-1.2.3.jar:/root/./workspace/aleksvv/spring-otus/423184096/.m2/ch/qos/logback/logback-core/1.2.3/logback-core-1.2.3.jar:/root/./workspace/aleksvv/spring-otus/423184096/.m2/org/apache/logging/log4j/log4j-to-slf4j/2.10.0/log4j-to-slf4j-2.10.0.jar:/root/./workspace/aleksvv/spring-otus/423184096/.m2/org/apache/logging/log4j/log4j-api/2.10.0/log4j-api-2.10.0.jar:/root/./workspace/aleksvv/spring-otus/423184096/.m2/org/slf4j/jul-to-slf4j/1.7.25/jul-to-slf4j-1.7.25.jar:/root/./workspace/aleksvv/spring-otus/423184096/.m2/javax/annotation/javax.annotation-api/1.3.2/javax.annotation-api-1.3.2.jar:/root/./workspace/aleksvv/spring-otus/423184096/.m2/org/yaml/snakeyaml/1.19/snakeyaml-1.19.jar:/root/./workspace/aleksvv/spring-otus/423184096/.m2/org/springframework/boot/spring-boot-test/2.0.4.RELEASE/spring-boot-test-2.0.4.RELEASE.jar:/root/./workspace/aleksvv/spring-otus/423184096/.m2/org/springframework/boot/spring-boot-test-autoconfigure/2.0.4.RELEASE/spring-boot-test-autoconfigure-2.0.4.RELEASE.jar:/root/./workspace/aleksvv/spring-otus/423184096/.m2/com/jayway/jsonpath/json-path/2.4.0/json-path-2.4.0.jar:/root/./workspace/aleksvv/spring-otus/423184096/.m2/net/minidev/json-smart/2.3/json-smart-2.3.jar:/root/./workspace/aleksvv/spring-otus/423184096/.m2/net/minidev/accessors-smart/1.2/accessors-smart-1.2.jar:/root/./workspace/aleksvv/spring-otus/423184096/.m2/org/ow2/asm/asm/5.0.4/asm-5.0.4.jar:/root/./workspace/aleksvv/spring-otus/423184096/.m2/junit/junit/4.12/junit-4.12.jar:/root/./workspace/aleksvv/spring-otus/423184096/.m2/org/assertj/assertj-core/3.9.1/assertj-core-3.9.1.jar:/root/./workspace/aleksvv/spring-otus/423184096/.m2/org/mockito/mockito-core/2.15.0/mockito-core-2.15.0.jar:/root/./workspace/aleksvv/spring-otus/423184096/.m2/net/bytebuddy/byte-buddy/1.7.11/byte-buddy-1.7.11.jar:/root/./workspace/aleksvv/spring-otus/423184096/.m2/net/bytebuddy/byte-buddy-agent/1.7.11/byte-buddy-agent-1.7.11.jar:/root/./workspace/aleksvv/spring-otus/423184096/.m2/org/objenesis/objenesis/2.6/objenesis-2.6.jar:/root/./workspace/aleksvv/spring-otus/423184096/.m2/org/hamcrest/hamcrest-core/1.3/hamcrest-core-1.3.jar:/root/./workspace/aleksvv/spring-otus/423184096/.m2/org/hamcrest/hamcrest-library/1.3/hamcrest-library-1.3.jar:/root/./workspace/aleksvv/spring-otus/423184096/.m2/org/skyscreamer/jsonassert/1.5.0/jsonassert-1.5.0.jar:/root/./workspace/aleksvv/spring-otus/423184096/.m2/com/vaadin/external/google/android-json/0.0.20131108.vaadin1/android-json-0.0.20131108.vaadin1.jar:/root/./workspace/aleksvv/spring-otus/423184096/.m2/org/springframework/spring-core/5.0.8.RELEASE/spring-core-5.0.8.RELEASE.jar:/root/./workspace/aleksvv/spring-otus/423184096/.m2/org/springframework/spring-jcl/5.0.8.RELEASE/spring-jcl-5.0.8.RELEASE.jar:/root/./workspace/aleksvv/spring-otus/423184096/.m2/org/springframework/spring-test/5.0.8.RELEASE/spring-test-5.0.8.RELEASE.jar:/root/./workspace/aleksvv/spring-otus/423184096/.m2/org/xmlunit/xmlunit-core/2.5.1/xmlunit-core-2.5.1.jar:/root/./workspace/aleksvv/spring-otus/423184096/.m2/org/springframework/boot/spring-boot-configuration-processor/2.0.4.RELEASE/spring-boot-configuration-processor-2.0.4.RELEASE.jar:/root/./workspace/aleksvv/spring-otus/423184096/.m2/org/springframework/boot/spring-boot-starter-data-jpa/2.0.4.RELEASE/spring-boot-starter-data-jpa-2.0.4.RELEASE.jar:/root/./workspace/aleksvv/spring-otus/423184096/.m2/org/springframework/boot/spring-boot-starter-aop/2.0.4.RELEASE/spring-boot-starter-aop-2.0.4.RELEASE.jar:/root/./workspace/aleksvv/spring-otus/423184096/.m2/org/aspectj/aspectjweaver/1.8.13/aspectjweaver-1.8.13.jar:/root/./workspace/aleksvv/spring-otus/423184096/.m2/javax/transaction/javax.transaction-api/1.2/javax.transaction-api-1.2.jar:/root/./workspace/aleksvv/spring-otus/423184096/.m2/org/springframework/spring-aspects/5.0.8.RELEASE/spring-aspects-5.0.8.RELEASE.jar:/root/./workspace/aleksvv/spring-otus/423184096/.m2/org/hibernate/hibernate-core/5.2.17.Final/hibernate-core-5.2.17.Final.jar:/root/./workspace/aleksvv/spring-otus/423184096/.m2/org/jboss/logging/jboss-logging/3.3.2.Final/jboss-logging-3.3.2.Final.jar:/root/./workspace/aleksvv/spring-otus/423184096/.m2/org/hibernate/javax/persistence/hibernate-jpa-2.1-api/1.0.2.Final/hibernate-jpa-2.1-api-1.0.2.Final.jar:/root/./workspace/aleksvv/spring-otus/423184096/.m2/org/javassist/javassist/3.22.0-GA/javassist-3.22.0-GA.jar:/root/./workspace/aleksvv/spring-otus/423184096/.m2/antlr/antlr/2.7.7/antlr-2.7.7.jar:/root/./workspace/aleksvv/spring-otus/423184096/.m2/org/jboss/spec/javax/transaction/jboss-transaction-api_1.2_spec/1.0.1.Final/jboss-transaction-api_1.2_spec-1.0.1.Final.jar:/root/./workspace/aleksvv/spring-otus/423184096/.m2/org/jboss/jandex/2.0.3.Final/jandex-2.0.3.Final.jar:/root/./workspace/aleksvv/spring-otus/423184096/.m2/com/fasterxml/classmate/1.3.4/classmate-1.3.4.jar:/root/./workspace/aleksvv/spring-otus/423184096/.m2/dom4j/dom4j/1.6.1/dom4j-1.6.1.jar:/root/./workspace/aleksvv/spring-otus/423184096/.m2/org/hibernate/common/hibernate-commons-annotations/5.0.1.Final/hibernate-commons-annotations-5.0.1.Final.jar:/root/./workspace/aleksvv/spring-otus/423184096/.m2/org/springframework/data/spring-data-jpa/2.0.9.RELEASE/spring-data-jpa-2.0.9.RELEASE.jar:/root/./workspace/aleksvv/spring-otus/423184096/.m2/org/springframework/data/spring-data-commons/2.0.9.RELEASE/spring-data-commons-2.0.9.RELEASE.jar:/root/./workspace/aleksvv/spring-otus/423184096/.m2/org/springframework/spring-orm/5.0.8.RELEASE/spring-orm-5.0.8.RELEASE.jar:/root/./workspace/aleksvv/spring-otus/423184096/.m2/org/springframework/spring-context/5.0.8.RELEASE/spring-context-5.0.8.RELEASE.jar:/root/./workspace/aleksvv/spring-otus/423184096/.m2/org/springframework/spring-expression/5.0.8.RELEASE/spring-expression-5.0.8.RELEASE.jar:/root/./workspace/aleksvv/spring-otus/423184096/.m2/org/springframework/spring-aop/5.0.8.RELEASE/spring-aop-5.0.8.RELEASE.jar:/root/./workspace/aleksvv/spring-otus/423184096/.m2/org/springframework/spring-tx/5.0.8.RELEASE/spring-tx-5.0.8.RELEASE.jar:/root/./workspace/aleksvv/spring-otus/423184096/.m2/org/springframework/spring-beans/5.0.8.RELEASE/spring-beans-5.0.8.RELEASE.jar:/root/./workspace/aleksvv/spring-otus/423184096/.m2/org/aspectj/aspectjrt/1.8.13/aspectjrt-1.8.13.jar:/root/./workspace/aleksvv/spring-otus/423184096/.m2/org/slf4j/slf4j-api/1.7.25/slf4j-api-1.7.25.jar:/root/./workspace/aleksvv/spring-otus/423184096/.m2/org/springframework/boot/spring-boot-starter-jdbc/2.0.4.RELEASE/spring-boot-starter-jdbc-2.0.4.RELEASE.jar:/root/./workspace/aleksvv/spring-otus/423184096/.m2/com/zaxxer/HikariCP/2.7.9/HikariCP-2.7.9.jar:/root/./workspace/aleksvv/spring-otus/423184096/.m2/org/springframework/spring-jdbc/5.0.8.RELEASE/spring-jdbc-5.0.8.RELEASE.jar:/root/./workspace/aleksvv/spring-otus/423184096/.m2/org/springframework/boot/spring-boot-starter-data-mongodb/2.0.4.RELEASE/spring-boot-starter-data-mongodb-2.0.4.RELEASE.jar:/root/./workspace/aleksvv/spring-otus/423184096/.m2/org/mongodb/mongodb-driver/3.6.4/mongodb-driver-3.6.4.jar:/root/./workspace/aleksvv/spring-otus/423184096/.m2/org/mongodb/bson/3.6.4/bson-3.6.4.jar:/root/./workspace/aleksvv/spring-otus/423184096/.m2/org/mongodb/mongodb-driver-core/3.6.4/mongodb-driver-core-3.6.4.jar:/root/./workspace/aleksvv/spring-otus/423184096/.m2/org/springframework/data/spring-data-mongodb/2.0.9.RELEASE/spring-data-mongodb-2.0.9.RELEASE.jar:, java.specification.name=Java Platform API Specification, java.class.version=52.0, skip.bower=true, sun.management.compiler=HotSpot 64-Bit Tiered Compilers, maven.repo.local=/root/./workspace/aleksvv/spring-otus/423184096/.m2, os.version=3.10.0-862.3.2.el7.x86_64, user.home=/root, user.timezone=Europe/Paris, java.awt.printerjob=sun.print.PSPrinterJob, file.encoding=UTF-8, java.specification.version=1.8, java.class.path=/root/workspace/aleksvv/spring-otus/423184096/library/target/test-classes:/root/workspace/aleksvv/spring-otus/423184096/library/target/classes:/root/./workspace/aleksvv/spring-otus/423184096/.m2/org/springframework/shell/spring-shell-starter/2.0.1.RELEASE/spring-shell-starter-2.0.1.RELEASE.jar:/root/./workspace/aleksvv/spring-otus/423184096/.m2/org/springframework/shell/spring-shell-core/2.0.1.RELEASE/spring-shell-core-2.0.1.RELEASE.jar:/root/./workspace/aleksvv/spring-otus/423184096/.m2/org/springframework/boot/spring-boot-starter-validation/2.0.4.RELEASE/spring-boot-starter-validation-2.0.4.RELEASE.jar:/root/./workspace/aleksvv/spring-otus/423184096/.m2/org/apache/tomcat/embed/tomcat-embed-el/8.5.32/tomcat-embed-el-8.5.32.jar:/root/./workspace/aleksvv/spring-otus/423184096/.m2/org/hibernate/validator/hibernate-validator/6.0.11.Final/hibernate-validator-6.0.11.Final.jar:/root/./workspace/aleksvv/spring-otus/423184096/.m2/javax/validation/validation-api/2.0.1.Final/validation-api-2.0.1.Final.jar:/root/./workspace/aleksvv/spring-otus/423184096/.m2/org/jline/jline/3.4.0/jline-3.4.0.jar:/root/./workspace/aleksvv/spring-otus/423184096/.m2/org/jline/jline-terminal-jna/3.4.0/jline-terminal-jna-3.4.0.jar:/root/./workspace/aleksvv/spring-otus/423184096/.m2/net/java/dev/jna/jna/4.5.2/jna-4.5.2.jar:/root/./workspace/aleksvv/spring-otus/423184096/.m2/org/jline/jline-terminal/3.4.0/jline-terminal-3.4.0.jar:/root/./workspace/aleksvv/spring-otus/423184096/.m2/org/springframework/shell/spring-shell-standard/2.0.1.RELEASE/spring-shell-standard-2.0.1.RELEASE.jar:/root/./workspace/aleksvv/spring-otus/423184096/.m2/org/springframework/shell/spring-shell-standard-commands/2.0.1.RELEASE/spring-shell-standard-commands-2.0.1.RELEASE.jar:/root/./workspace/aleksvv/spring-otus/423184096/.m2/org/springframework/shell/spring-shell-shell1-adapter/2.0.1.RELEASE/spring-shell-shell1-adapter-2.0.1.RELEASE.jar:/root/./workspace/aleksvv/spring-otus/423184096/.m2/org/springframework/shell/spring-shell-jcommander-adapter/2.0.1.RELEASE/spring-shell-jcommander-adapter-2.0.1.RELEASE.jar:/root/./workspace/aleksvv/spring-otus/423184096/.m2/org/springframework/shell/spring-shell-table/2.0.1.RELEASE/spring-shell-table-2.0.1.RELEASE.jar:/root/./workspace/aleksvv/spring-otus/423184096/.m2/com/h2database/h2/1.4.197/h2-1.4.197.jar:/root/./workspace/aleksvv/spring-otus/423184096/.m2/org/springframework/boot/spring-boot-starter-test/2.0.4.RELEASE/spring-boot-starter-test-2.0.4.RELEASE.jar:/root/./workspace/aleksvv/spring-otus/423184096/.m2/org/springframework/boot/spring-boot-starter/2.0.4.RELEASE/spring-boot-starter-2.0.4.RELEASE.jar:/root/./workspace/aleksvv/spring-otus/423184096/.m2/org/springframework/boot/spring-boot/2.0.4.RELEASE/spring-boot-2.0.4.RELEASE.jar:/root/./workspace/aleksvv/spring-otus/423184096/.m2/org/springframework/boot/spring-boot-autoconfigure/2.0.4.RELEASE/spring-boot-autoconfigure-2.0.4.RELEASE.jar:/root/./workspace/aleksvv/spring-otus/423184096/.m2/org/springframework/boot/spring-boot-starter-logging/2.0.4.RELEASE/spring-boot-starter-logging-2.0.4.RELEASE.jar:/root/./workspace/aleksvv/spring-otus/423184096/.m2/ch/qos/logback/logback-classic/1.2.3/logback-classic-1.2.3.jar:/root/./workspace/aleksvv/spring-otus/423184096/.m2/ch/qos/logback/logback-core/1.2.3/logback-core-1.2.3.jar:/root/./workspace/aleksvv/spring-otus/423184096/.m2/org/apache/logging/log4j/log4j-to-slf4j/2.10.0/log4j-to-slf4j-2.10.0.jar:/root/./workspace/aleksvv/spring-otus/423184096/.m2/org/apache/logging/log4j/log4j-api/2.10.0/log4j-api-2.10.0.jar:/root/./workspace/aleksvv/spring-otus/423184096/.m2/org/slf4j/jul-to-slf4j/1.7.25/jul-to-slf4j-1.7.25.jar:/root/./workspace/aleksvv/spring-otus/423184096/.m2/javax/annotation/javax.annotation-api/1.3.2/javax.annotation-api-1.3.2.jar:/root/./workspace/aleksvv/spring-otus/423184096/.m2/org/yaml/snakeyaml/1.19/snakeyaml-1.19.jar:/root/./workspace/aleksvv/spring-otus/423184096/.m2/org/springframework/boot/spring-boot-test/2.0.4.RELEASE/spring-boot-test-2.0.4.RELEASE.jar:/root/./workspace/aleksvv/spring-otus/423184096/.m2/org/springframework/boot/spring-boot-test-autoconfigure/2.0.4.RELEASE/spring-boot-test-autoconfigure-2.0.4.RELEASE.jar:/root/./workspace/aleksvv/spring-otus/423184096/.m2/com/jayway/jsonpath/json-path/2.4.0/json-path-2.4.0.jar:/root/./workspace/aleksvv/spring-otus/423184096/.m2/net/minidev/json-smart/2.3/json-smart-2.3.jar:/root/./workspace/aleksvv/spring-otus/423184096/.m2/net/minidev/accessors-smart/1.2/accessors-smart-1.2.jar:/root/./workspace/aleksvv/spring-otus/423184096/.m2/org/ow2/asm/asm/5.0.4/asm-5.0.4.jar:/root/./workspace/aleksvv/spring-otus/423184096/.m2/junit/junit/4.12/junit-4.12.jar:/root/./workspace/aleksvv/spring-otus/423184096/.m2/org/assertj/assertj-core/3.9.1/assertj-core-3.9.1.jar:/root/./workspace/aleksvv/spring-otus/423184096/.m2/org/mockito/mockito-core/2.15.0/mockito-core-2.15.0.jar:/root/./workspace/aleksvv/spring-otus/423184096/.m2/net/bytebuddy/byte-buddy/1.7.11/byte-buddy-1.7.11.jar:/root/./workspace/aleksvv/spring-otus/423184096/.m2/net/bytebuddy/byte-buddy-agent/1.7.11/byte-buddy-agent-1.7.11.jar:/root/./workspace/aleksvv/spring-otus/423184096/.m2/org/objenesis/objenesis/2.6/objenesis-2.6.jar:/root/./workspace/aleksvv/spring-otus/423184096/.m2/org/hamcrest/hamcrest-core/1.3/hamcrest-core-1.3.jar:/root/./workspace/aleksvv/spring-otus/423184096/.m2/org/hamcrest/hamcrest-library/1.3/hamcrest-library-1.3.jar:/root/./workspace/aleksvv/spring-otus/423184096/.m2/org/skyscreamer/jsonassert/1.5.0/jsonassert-1.5.0.jar:/root/./workspace/aleksvv/spring-otus/423184096/.m2/com/vaadin/external/google/android-json/0.0.20131108.vaadin1/android-json-0.0.20131108.vaadin1.jar:/root/./workspace/aleksvv/spring-otus/423184096/.m2/org/springframework/spring-core/5.0.8.RELEASE/spring-core-5.0.8.RELEASE.jar:/root/./workspace/aleksvv/spring-otus/423184096/.m2/org/springframework/spring-jcl/5.0.8.RELEASE/spring-jcl-5.0.8.RELEASE.jar:/root/./workspace/aleksvv/spring-otus/423184096/.m2/org/springframework/spring-test/5.0.8.RELEASE/spring-test-5.0.8.RELEASE.jar:/root/./workspace/aleksvv/spring-otus/423184096/.m2/org/xmlunit/xmlunit-core/2.5.1/xmlunit-core-2.5.1.jar:/root/./workspace/aleksvv/spring-otus/423184096/.m2/org/springframework/boot/spring-boot-configuration-processor/2.0.4.RELEASE/spring-boot-configuration-processor-2.0.4.RELEASE.jar:/root/./workspace/aleksvv/spring-otus/423184096/.m2/org/springframework/boot/spring-boot-starter-data-jpa/2.0.4.RELEASE/spring-boot-starter-data-jpa-2.0.4.RELEASE.jar:/root/./workspace/aleksvv/spring-otus/423184096/.m2/org/springframework/boot/spring-boot-starter-aop/2.0.4.RELEASE/spring-boot-starter-aop-2.0.4.RELEASE.jar:/root/./workspace/aleksvv/spring-otus/423184096/.m2/org/aspectj/aspectjweaver/1.8.13/aspectjweaver-1.8.13.jar:/root/./workspace/aleksvv/spring-otus/423184096/.m2/javax/transaction/javax.transaction-api/1.2/javax.transaction-api-1.2.jar:/root/./workspace/aleksvv/spring-otus/423184096/.m2/org/springframework/spring-aspects/5.0.8.RELEASE/spring-aspects-5.0.8.RELEASE.jar:/root/./workspace/aleksvv/spring-otus/423184096/.m2/org/hibernate/hibernate-core/5.2.17.Final/hibernate-core-5.2.17.Final.jar:/root/./workspace/aleksvv/spring-otus/423184096/.m2/org/jboss/logging/jboss-logging/3.3.2.Final/jboss-logging-3.3.2.Final.jar:/root/./workspace/aleksvv/spring-otus/423184096/.m2/org/hibernate/javax/persistence/hibernate-jpa-2.1-api/1.0.2.Final/hibernate-jpa-2.1-api-1.0.2.Final.jar:/root/./workspace/aleksvv/spring-otus/423184096/.m2/org/javassist/javassist/3.22.0-GA/javassist-3.22.0-GA.jar:/root/./workspace/aleksvv/spring-otus/423184096/.m2/antlr/antlr/2.7.7/antlr-2.7.7.jar:/root/./workspace/aleksvv/spring-otus/423184096/.m2/org/jboss/spec/javax/transaction/jboss-transaction-api_1.2_spec/1.0.1.Final/jboss-transaction-api_1.2_spec-1.0.1.Final.jar:/root/./workspace/aleksvv/spring-otus/423184096/.m2/org/jboss/jandex/2.0.3.Final/jandex-2.0.3.Final.jar:/root/./workspace/aleksvv/spring-otus/423184096/.m2/com/fasterxml/classmate/1.3.4/classmate-1.3.4.jar:/root/./workspace/aleksvv/spring-otus/423184096/.m2/dom4j/dom4j/1.6.1/dom4j-1.6.1.jar:/root/./workspace/aleksvv/spring-otus/423184096/.m2/org/hibernate/common/hibernate-commons-annotations/5.0.1.Final/hibernate-commons-annotations-5.0.1.Final.jar:/root/./workspace/aleksvv/spring-otus/423184096/.m2/org/springframework/data/spring-data-jpa/2.0.9.RELEASE/spring-data-jpa-2.0.9.RELEASE.jar:/root/./workspace/aleksvv/spring-otus/423184096/.m2/org/springframework/data/spring-data-commons/2.0.9.RELEASE/spring-data-commons-2.0.9.RELEASE.jar:/root/./workspace/aleksvv/spring-otus/423184096/.m2/org/springframework/spring-orm/5.0.8.RELEASE/spring-orm-5.0.8.RELEASE.jar:/root/./workspace/aleksvv/spring-otus/423184096/.m2/org/springframework/spring-context/5.0.8.RELEASE/spring-context-5.0.8.RELEASE.jar:/root/./workspace/aleksvv/spring-otus/423184096/.m2/org/springframework/spring-expression/5.0.8.RELEASE/spring-expression-5.0.8.RELEASE.jar:/root/./workspace/aleksvv/spring-otus/423184096/.m2/org/springframework/spring-aop/5.0.8.RELEASE/spring-aop-5.0.8.RELEASE.jar:/root/./workspace/aleksvv/spring-otus/423184096/.m2/org/springframework/spring-tx/5.0.8.RELEASE/spring-tx-5.0.8.RELEASE.jar:/root/./workspace/aleksvv/spring-otus/423184096/.m2/org/springframework/spring-beans/5.0.8.RELEASE/spring-beans-5.0.8.RELEASE.jar:/root/./workspace/aleksvv/spring-otus/423184096/.m2/org/aspectj/aspectjrt/1.8.13/aspectjrt-1.8.13.jar:/root/./workspace/aleksvv/spring-otus/423184096/.m2/org/slf4j/slf4j-api/1.7.25/slf4j-api-1.7.25.jar:/root/./workspace/aleksvv/spring-otus/423184096/.m2/org/springframework/boot/spring-boot-starter-jdbc/2.0.4.RELEASE/spring-boot-starter-jdbc-2.0.4.RELEASE.jar:/root/./workspace/aleksvv/spring-otus/423184096/.m2/com/zaxxer/HikariCP/2.7.9/HikariCP-2.7.9.jar:/root/./workspace/aleksvv/spring-otus/423184096/.m2/org/springframework/spring-jdbc/5.0.8.RELEASE/spring-jdbc-5.0.8.RELEASE.jar:/root/./workspace/aleksvv/spring-otus/423184096/.m2/org/springframework/boot/spring-boot-starter-data-mongodb/2.0.4.RELEASE/spring-boot-starter-data-mongodb-2.0.4.RELEASE.jar:/root/./workspace/aleksvv/spring-otus/423184096/.m2/org/mongodb/mongodb-driver/3.6.4/mongodb-driver-3.6.4.jar:/root/./workspace/aleksvv/spring-otus/423184096/.m2/org/mongodb/bson/3.6.4/bson-3.6.4.jar:/root/./workspace/aleksvv/spring-otus/423184096/.m2/org/mongodb/mongodb-driver-core/3.6.4/mongodb-driver-core-3.6.4.jar:/root/./workspace/aleksvv/spring-otus/423184096/.m2/org/springframework/data/spring-data-mongodb/2.0.9.RELEASE/spring-data-mongodb-2.0.9.RELEASE.jar:, user.name=root, skipITs=true, java.vm.specification.version=1.8, sun.java.command=/root/workspace/aleksvv/spring-otus/423184096/library/target/surefire/surefirebooter4821496381104677520.jar /root/workspace/aleksvv/spring-otus/423184096/library/target/surefire 2018-08-31T22-35-13_703-jvmRun1 surefire8276502520017272718tmp surefire_13288847066245481413tmp, java.home=/usr/lib/jvm/java-8-openjdk-amd64/jre, sun.arch.data.model=64, user.language=en, java.specification.vendor=Oracle Corporation, dependency-check.skip=true, awt.toolkit=sun.awt.X11.XToolkit, java.vm.info=mixed mode, java.version=1.8.0_121, java.ext.dirs=/usr/lib/jvm/java-8-openjdk-amd64/jre/lib/ext:/usr/java/packages/lib/ext, sun.boot.class.path=/usr/lib/jvm/java-8-openjdk-amd64/jre/lib/resources.jar:/usr/lib/jvm/java-8-openjdk-amd64/jre/lib/rt.jar:/usr/lib/jvm/java-8-openjdk-amd64/jre/lib/sunrsasign.jar:/usr/lib/jvm/java-8-openjdk-amd64/jre/lib/jsse.jar:/usr/lib/jvm/java-8-openjdk-amd64/jre/lib/jce.jar:/usr/lib/jvm/java-8-openjdk-amd64/jre/lib/charsets.jar:/usr/lib/jvm/java-8-openjdk-amd64/jre/lib/jfr.jar:/usr/lib/jvm/java-8-openjdk-amd64/jre/classes, rat.skip=true, enforcer.skip=true, java.vendor=Oracle Corporation, localRepository=/root/./workspace/aleksvv/spring-otus/423184096/.m2, file.separator=/, java.vendor.url.bug=http://bugreport.sun.com/bugreport/, sun.io.unicode.encoding=UnicodeLittle, sun.cpu.endian=little, sun.cpu.isalist=}}, SystemEnvironmentPropertySource@1308109015 {name='systemEnvironment', properties={PATH=/usr/local/sbin:/usr/local/bin:/usr/sbin:/usr/bin:/sbin:/bin, JAVA_HOME=/usr/lib/jvm/java-8-openjdk-amd64, NOTIFY_TO=, CA_CERTIFICATES_JAVA_VERSION=20161107~bpo8+1, MONGODB_HOST=, BUILD_ID=, LANG=C.UTF-8, MAVEN_HOME=/usr/share/maven, SMTP_SERVER=, MONGODB_NAME=, REPAIR_MODE=repair, PWD=/root/workspace/aleksvv/spring-otus/423184096/library, JAVA_VERSION=8u121, GITHUB_OAUTH=, MAVEN_CMD_LINE_ARGS=/root/.m2 -B -D enforcer.skip=true -D dependency-check.skip=true -D skipITs=true -D cobertura.skip=true -D maven.repo.local=/root/./workspace/aleksvv/spring-otus/423184096/.m2 -D rat.skip=true -D findbugs.skip=true -D skip.bower=true -D gpg.skip=true -D checkstyle.skip=true -D skip.gulp=true -D license.skip=true -D skip.npm=true test, _=/usr/bin/java, OUTPUT=, MAVEN_TERMINATE_CMD=on, MAVEN_CONFIG=/root/.m2, MAVEN_PROJECTBASEDIR=/root/workspace/aleksvv/spring-otus/423184096, OLDPWD=/root/workspace/aleksvv/spring-otus/423184096/library, LOG_FILENAME=repairnator-pipeline_2018-08-31_2234_423184096_6927fb33-1ea7-4003-9018-b027a8f8f5e3, RUN_ID=, HOSTNAME=cyclone1, JAVA_DEBIAN_VERSION=8u121-b13-1~bpo8+1, M2_HOME=/usr/share/maven, REPAIR_TOOLS=AssertFixer, HOME=/root, SHLVL=1, PUSH_URL=}}]
22:35:17.758 [main] DEBUG org.springframework.core.io.support.PathMatchingResourcePatternResolver - Resolved classpath location [ru/vorotov/library/dao/data/] to resources [URL [file:/root/workspace/aleksvv/spring-otus/423184096/library/target/test-classes/ru/vorotov/library/dao/data/], URL [file:/root/workspace/aleksvv/spring-otus/423184096/library/target/classes/ru/vorotov/library/dao/data/]]
22:35:17.759 [main] DEBUG org.springframework.core.io.support.PathMatchingResourcePatternResolver - Looking for matching resources in directory tree [/root/workspace/aleksvv/spring-otus/423184096/library/target/test-classes/ru/vorotov/library/dao/data]
22:35:17.759 [main] DEBUG org.springframework.core.io.support.PathMatchingResourcePatternResolver - Searching directory [/root/workspace/aleksvv/spring-otus/423184096/library/target/test-classes/ru/vorotov/library/dao/data] for files matching pattern [/root/workspace/aleksvv/spring-otus/423184096/library/target/test-classes/ru/vorotov/library/dao/data/*.class]
22:35:17.765 [main] DEBUG org.springframework.core.io.support.PathMatchingResourcePatternResolver - Looking for matching resources in directory tree [/root/workspace/aleksvv/spring-otus/423184096/library/target/classes/ru/vorotov/library/dao/data]
22:35:17.765 [main] DEBUG org.springframework.core.io.support.PathMatchingResourcePatternResolver - Searching directory [/root/workspace/aleksvv/spring-otus/423184096/library/target/classes/ru/vorotov/library/dao/data] for files matching pattern [/root/workspace/aleksvv/spring-otus/423184096/library/target/classes/ru/vorotov/library/dao/data/*.class]
22:35:17.767 [main] DEBUG org.springframework.core.io.support.PathMatchingResourcePatternResolver - Resolved location pattern [classpath*:ru/vorotov/library/dao/data/*.class] to resources [file [/root/workspace/aleksvv/spring-otus/423184096/library/target/test-classes/ru/vorotov/library/dao/data/DataJpaAuthorRepositoryTest.class], file [/root/workspace/aleksvv/spring-otus/423184096/library/target/test-classes/ru/vorotov/library/dao/data/DataJpaBookRepositoryTestTest.class], file [/root/workspace/aleksvv/spring-otus/423184096/library/target/test-classes/ru/vorotov/library/dao/data/DataJpaGenreRepositoryTest.class], file [/root/workspace/aleksvv/spring-otus/423184096/library/target/classes/ru/vorotov/library/dao/data/DataJpaAuthorRepository.class], file [/root/workspace/aleksvv/spring-otus/423184096/library/target/classes/ru/vorotov/library/dao/data/DataJpaBookRepository.class], file [/root/workspace/aleksvv/spring-otus/423184096/library/target/classes/ru/vorotov/library/dao/data/DataJpaCommentRepository.class], file [/root/workspace/aleksvv/spring-otus/423184096/library/target/classes/ru/vorotov/library/dao/data/DataJpaGenreRepository.class]]
22:35:17.814 [main] DEBUG org.springframework.core.io.support.PathMatchingResourcePatternResolver - Resolved classpath location [ru/vorotov/library/dao/] to resources [URL [file:/root/workspace/aleksvv/spring-otus/423184096/library/target/test-classes/ru/vorotov/library/dao/], URL [file:/root/workspace/aleksvv/spring-otus/423184096/library/target/classes/ru/vorotov/library/dao/]]
22:35:17.815 [main] DEBUG org.springframework.core.io.support.PathMatchingResourcePatternResolver - Looking for matching resources in directory tree [/root/workspace/aleksvv/spring-otus/423184096/library/target/test-classes/ru/vorotov/library/dao]
22:35:17.816 [main] DEBUG org.springframework.core.io.support.PathMatchingResourcePatternResolver - Searching directory [/root/workspace/aleksvv/spring-otus/423184096/library/target/test-classes/ru/vorotov/library/dao] for files matching pattern [/root/workspace/aleksvv/spring-otus/423184096/library/target/test-classes/ru/vorotov/library/dao/*.class]
22:35:17.818 [main] DEBUG org.springframework.core.io.support.PathMatchingResourcePatternResolver - Looking for matching resources in directory tree [/root/workspace/aleksvv/spring-otus/423184096/library/target/classes/ru/vorotov/library/dao]
22:35:17.819 [main] DEBUG org.springframework.core.io.support.PathMatchingResourcePatternResolver - Searching directory [/root/workspace/aleksvv/spring-otus/423184096/library/target/classes/ru/vorotov/library/dao] for files matching pattern [/root/workspace/aleksvv/spring-otus/423184096/library/target/classes/ru/vorotov/library/dao/*.class]
22:35:17.821 [main] DEBUG org.springframework.core.io.support.PathMatchingResourcePatternResolver - Resolved location pattern [classpath*:ru/vorotov/library/dao/*.class] to resources [file [/root/workspace/aleksvv/spring-otus/423184096/library/target/test-classes/ru/vorotov/library/dao/AuthorTestData.class], file [/root/workspace/aleksvv/spring-otus/423184096/library/target/test-classes/ru/vorotov/library/dao/BookTestData.class], file [/root/workspace/aleksvv/spring-otus/423184096/library/target/test-classes/ru/vorotov/library/dao/GenreTestData.class], file [/root/workspace/aleksvv/spring-otus/423184096/library/target/test-classes/ru/vorotov/library/dao/TestUtil.class], file [/root/workspace/aleksvv/spring-otus/423184096/library/target/classes/ru/vorotov/library/dao/AuthorDao.class], file [/root/workspace/aleksvv/spring-otus/423184096/library/target/classes/ru/vorotov/library/dao/BookDao.class], file [/root/workspace/aleksvv/spring-otus/423184096/library/target/classes/ru/vorotov/library/dao/CommentDao.class], file [/root/workspace/aleksvv/spring-otus/423184096/library/target/classes/ru/vorotov/library/dao/GenreDao.class]]
22:35:17.832 [main] DEBUG org.springframework.core.io.support.PathMatchingResourcePatternResolver - Resolved classpath location [ru/vorotov/library/] to resources [URL [file:/root/workspace/aleksvv/spring-otus/423184096/library/target/test-classes/ru/vorotov/library/], URL [file:/root/workspace/aleksvv/spring-otus/423184096/library/target/classes/ru/vorotov/library/]]
22:35:17.832 [main] DEBUG org.springframework.core.io.support.PathMatchingResourcePatternResolver - Looking for matching resources in directory tree [/root/workspace/aleksvv/spring-otus/423184096/library/target/test-classes/ru/vorotov/library]
22:35:17.833 [main] DEBUG org.springframework.core.io.support.PathMatchingResourcePatternResolver - Searching directory [/root/workspace/aleksvv/spring-otus/423184096/library/target/test-classes/ru/vorotov/library] for files matching pattern [/root/workspace/aleksvv/spring-otus/423184096/library/target/test-classes/ru/vorotov/library/*.class]
22:35:17.834 [main] DEBUG org.springframework.core.io.support.PathMatchingResourcePatternResolver - Looking for matching resources in directory tree [/root/workspace/aleksvv/spring-otus/423184096/library/target/classes/ru/vorotov/library]
22:35:17.835 [main] DEBUG org.springframework.core.io.support.PathMatchingResourcePatternResolver - Searching directory [/root/workspace/aleksvv/spring-otus/423184096/library/target/classes/ru/vorotov/library] for files matching pattern [/root/workspace/aleksvv/spring-otus/423184096/library/target/classes/ru/vorotov/library/*.class]
22:35:17.837 [main] DEBUG org.springframework.core.io.support.PathMatchingResourcePatternResolver - Resolved location pattern [classpath*:ru/vorotov/library/*.class] to resources [file [/root/workspace/aleksvv/spring-otus/423184096/library/target/test-classes/ru/vorotov/library/AbstractServiceTest.class], file [/root/workspace/aleksvv/spring-otus/423184096/library/target/classes/ru/vorotov/library/LibraryApplication.class], file [/root/workspace/aleksvv/spring-otus/423184096/library/target/classes/ru/vorotov/library/ShellService.class]]
22:35:17.904 [main] DEBUG org.springframework.context.annotation.ClassPathScanningCandidateComponentProvider - Identified candidate component class: file [/root/workspace/aleksvv/spring-otus/423184096/library/target/classes/ru/vorotov/library/LibraryApplication.class]
22:35:17.919 [main] INFO org.springframework.boot.test.context.SpringBootTestContextBootstrapper - Found @SpringBootConfiguration ru.vorotov.library.LibraryApplication for test class ru.vorotov.library.dao.data.DataJpaGenreRepositoryTest
22:35:18.168 [main] DEBUG org.springframework.boot.test.context.SpringBootTestContextBootstrapper - @TestExecutionListeners is not present for class [ru.vorotov.library.dao.data.DataJpaGenreRepositoryTest]: using defaults.
22:35:18.169 [main] INFO org.springframework.boot.test.context.SpringBootTestContextBootstrapper - Loaded default TestExecutionListener class names from location [META-INF/spring.factories]: [org.springframework.boot.test.mock.mockito.MockitoTestExecutionListener, org.springframework.boot.test.mock.mockito.ResetMocksTestExecutionListener, org.springframework.boot.test.autoconfigure.restdocs.RestDocsTestExecutionListener, org.springframework.boot.test.autoconfigure.web.client.MockRestServiceServerResetTestExecutionListener, org.springframework.boot.test.autoconfigure.web.servlet.MockMvcPrintOnlyOnFailureTestExecutionListener, org.springframework.boot.test.autoconfigure.web.servlet.WebDriverTestExecutionListener, org.springframework.test.context.web.ServletTestExecutionListener, org.springframework.test.context.support.DirtiesContextBeforeModesTestExecutionListener, org.springframework.test.context.support.DependencyInjectionTestExecutionListener, org.springframework.test.context.support.DirtiesContextTestExecutionListener, org.springframework.test.context.transaction.TransactionalTestExecutionListener, org.springframework.test.context.jdbc.SqlScriptsTestExecutionListener]
22:35:18.180 [main] DEBUG org.springframework.boot.test.context.SpringBootTestContextBootstrapper - Skipping candidate TestExecutionListener [org.springframework.test.context.web.ServletTestExecutionListener] due to a missing dependency. Specify custom listener classes or make the default listener classes and their required dependencies available. Offending class: [javax/servlet/ServletContext]
22:35:18.188 [main] INFO org.springframework.boot.test.context.SpringBootTestContextBootstrapper - Using TestExecutionListeners: [org.springframework.test.context.support.DirtiesContextBeforeModesTestExecutionListener@7a8c8dcf, org.springframework.boot.test.mock.mockito.MockitoTestExecutionListener@24269709, org.springframework.boot.test.autoconfigure.SpringBootDependencyInjectionTestExecutionListener@2aceadd4, org.springframework.test.context.support.DirtiesContextTestExecutionListener@24aed80c, org.springframework.test.context.transaction.TransactionalTestExecutionListener@3a52dba3, org.springframework.test.context.jdbc.SqlScriptsTestExecutionListener@2a5c8d3f, org.springframework.boot.test.mock.mockito.ResetMocksTestExecutionListener@752325ad, org.springframework.boot.test.autoconfigure.restdocs.RestDocsTestExecutionListener@279fedbd, org.springframework.boot.test.autoconfigure.web.client.MockRestServiceServerResetTestExecutionListener@b3ca52e, org.springframework.boot.test.autoconfigure.web.servlet.MockMvcPrintOnlyOnFailureTestExecutionListener@45c7e403, org.springframework.boot.test.autoconfigure.web.servlet.WebDriverTestExecutionListener@2925bf5b]
22:35:18.190 [main] DEBUG org.springframework.test.annotation.ProfileValueUtils - Retrieved @ProfileValueSourceConfiguration [null] for test class [ru.vorotov.library.dao.data.DataJpaGenreRepositoryTest]
22:35:18.191 [main] DEBUG org.springframework.test.annotation.ProfileValueUtils - Retrieved ProfileValueSource type [class org.springframework.test.annotation.SystemProfileValueSource] for class [ru.vorotov.library.dao.data.DataJpaGenreRepositoryTest]
22:35:18.192 [main] DEBUG org.springframework.test.annotation.ProfileValueUtils - Retrieved @ProfileValueSourceConfiguration [null] for test class [ru.vorotov.library.dao.data.DataJpaGenreRepositoryTest]
22:35:18.192 [main] DEBUG org.springframework.test.annotation.ProfileValueUtils - Retrieved ProfileValueSource type [class org.springframework.test.annotation.SystemProfileValueSource] for class [ru.vorotov.library.dao.data.DataJpaGenreRepositoryTest]
22:35:18.193 [main] DEBUG org.springframework.test.annotation.ProfileValueUtils - Retrieved @ProfileValueSourceConfiguration [null] for test class [ru.vorotov.library.dao.data.DataJpaGenreRepositoryTest]
22:35:18.193 [main] DEBUG org.springframework.test.annotation.ProfileValueUtils - Retrieved ProfileValueSource type [class org.springframework.test.annotation.SystemProfileValueSource] for class [ru.vorotov.library.dao.data.DataJpaGenreRepositoryTest]
22:35:18.197 [main] DEBUG org.springframework.test.context.support.AbstractDirtiesContextTestExecutionListener - Before test class: context [DefaultTestContext@6200f9cb testClass = DataJpaGenreRepositoryTest, testInstance = [null], testMethod = [null], testException = [null], mergedContextConfiguration = [MergedContextConfiguration@2002fc1d testClass = DataJpaGenreRepositoryTest, locations = '{}', classes = '{class ru.vorotov.library.LibraryApplication}', contextInitializerClasses = '[]', activeProfiles = '{}', propertySourceLocations = '{}', propertySourceProperties = '{org.springframework.boot.test.context.SpringBootTestContextBootstrapper=true}', contextCustomizers = set[org.springframework.boot.test.context.filter.ExcludeFilterContextCustomizer@6fb0d3ed, org.springframework.boot.test.json.DuplicateJsonObjectContextCustomizerFactory$DuplicateJsonObjectContextCustomizer@52525845, org.springframework.boot.test.mock.mockito.MockitoContextCustomizer@0, org.springframework.boot.test.web.client.TestRestTemplateContextCustomizer@382db087, org.springframework.boot.test.autoconfigure.properties.PropertyMappingContextCustomizer@0, org.springframework.boot.test.autoconfigure.web.servlet.WebDriverContextCustomizerFactory$Customizer@50de0926], contextLoader = 'org.springframework.boot.test.context.SpringBootContextLoader', parent = [null]], attributes = map[[empty]]], class annotated with @DirtiesContext [false] with mode [null].
22:35:18.198 [main] DEBUG org.springframework.test.annotation.ProfileValueUtils - Retrieved @ProfileValueSourceConfiguration [null] for test class [ru.vorotov.library.dao.data.DataJpaGenreRepositoryTest]
22:35:18.198 [main] DEBUG org.springframework.test.annotation.ProfileValueUtils - Retrieved ProfileValueSource type [class org.springframework.test.annotation.SystemProfileValueSource] for class [ru.vorotov.library.dao.data.DataJpaGenreRepositoryTest]
22:35:18.205 [main] DEBUG org.springframework.test.context.support.DependencyInjectionTestExecutionListener - Performing dependency injection for test context [[DefaultTestContext@6200f9cb testClass = DataJpaGenreRepositoryTest, testInstance = ru.vorotov.library.dao.data.DataJpaGenreRepositoryTest@394df057, testMethod = [null], testException = [null], mergedContextConfiguration = [MergedContextConfiguration@2002fc1d testClass = DataJpaGenreRepositoryTest, locations = '{}', classes = '{class ru.vorotov.library.LibraryApplication}', contextInitializerClasses = '[]', activeProfiles = '{}', propertySourceLocations = '{}', propertySourceProperties = '{org.springframework.boot.test.context.SpringBootTestContextBootstrapper=true}', contextCustomizers = set[org.springframework.boot.test.context.filter.ExcludeFilterContextCustomizer@6fb0d3ed, org.springframework.boot.test.json.DuplicateJsonObjectContextCustomizerFactory$DuplicateJsonObjectContextCustomizer@52525845, org.springframework.boot.test.mock.mockito.MockitoContextCustomizer@0, org.springframework.boot.test.web.client.TestRestTemplateContextCustomizer@382db087, org.springframework.boot.test.autoconfigure.properties.PropertyMappingContextCustomizer@0, org.springframework.boot.test.autoconfigure.web.servlet.WebDriverContextCustomizerFactory$Customizer@50de0926], contextLoader = 'org.springframework.boot.test.context.SpringBootContextLoader', parent = [null]], attributes = map[[empty]]]].
22:35:18.236 [main] DEBUG org.springframework.core.env.StandardEnvironment - Adding PropertySource 'systemProperties' with lowest search precedence
22:35:18.237 [main] DEBUG org.springframework.core.env.StandardEnvironment - Adding PropertySource 'systemEnvironment' with lowest search precedence
22:35:18.237 [main] DEBUG org.springframework.core.env.StandardEnvironment - Initialized StandardEnvironment with PropertySources [MapPropertySource@1062635358 {name='systemProperties', properties={java.runtime.name=OpenJDK Runtime Environment, sun.boot.library.path=/usr/lib/jvm/java-8-openjdk-amd64/jre/lib/amd64, java.vm.version=25.121-b13, java.vm.vendor=Oracle Corporation, java.vendor.url=http://java.oracle.com/, skip.gulp=true, path.separator=:, java.vm.name=OpenJDK 64-Bit Server VM, file.encoding.pkg=sun.io, findbugs.skip=true, sun.java.launcher=SUN_STANDARD, sun.os.patch.level=unknown, java.vm.specification.name=Java Virtual Machine Specification, user.dir=/root/workspace/aleksvv/spring-otus/423184096/library, checkstyle.skip=true, java.runtime.version=1.8.0_121-8u121-b13-1~bpo8+1-b13, skip.npm=true, basedir=/root/workspace/aleksvv/spring-otus/423184096/library, java.awt.graphicsenv=sun.awt.X11GraphicsEnvironment, java.endorsed.dirs=/usr/lib/jvm/java-8-openjdk-amd64/jre/lib/endorsed, os.arch=amd64, surefire.real.class.path=/root/workspace/aleksvv/spring-otus/423184096/library/target/surefire/surefirebooter4821496381104677520.jar, gpg.skip=true, java.io.tmpdir=/tmp, line.separator=
, cobertura.skip=true, java.vm.specification.vendor=Oracle Corporation, os.name=Linux, sun.jnu.encoding=UTF-8, license.skip=true, java.library.path=/usr/java/packages/lib/amd64:/usr/lib/x86_64-linux-gnu/jni:/lib/x86_64-linux-gnu:/usr/lib/x86_64-linux-gnu:/usr/lib/jni:/lib:/usr/lib, surefire.test.class.path=/root/workspace/aleksvv/spring-otus/423184096/library/target/test-classes:/root/workspace/aleksvv/spring-otus/423184096/library/target/classes:/root/./workspace/aleksvv/spring-otus/423184096/.m2/org/springframework/shell/spring-shell-starter/2.0.1.RELEASE/spring-shell-starter-2.0.1.RELEASE.jar:/root/./workspace/aleksvv/spring-otus/423184096/.m2/org/springframework/shell/spring-shell-core/2.0.1.RELEASE/spring-shell-core-2.0.1.RELEASE.jar:/root/./workspace/aleksvv/spring-otus/423184096/.m2/org/springframework/boot/spring-boot-starter-validation/2.0.4.RELEASE/spring-boot-starter-validation-2.0.4.RELEASE.jar:/root/./workspace/aleksvv/spring-otus/423184096/.m2/org/apache/tomcat/embed/tomcat-embed-el/8.5.32/tomcat-embed-el-8.5.32.jar:/root/./workspace/aleksvv/spring-otus/423184096/.m2/org/hibernate/validator/hibernate-validator/6.0.11.Final/hibernate-validator-6.0.11.Final.jar:/root/./workspace/aleksvv/spring-otus/423184096/.m2/javax/validation/validation-api/2.0.1.Final/validation-api-2.0.1.Final.jar:/root/./workspace/aleksvv/spring-otus/423184096/.m2/org/jline/jline/3.4.0/jline-3.4.0.jar:/root/./workspace/aleksvv/spring-otus/423184096/.m2/org/jline/jline-terminal-jna/3.4.0/jline-terminal-jna-3.4.0.jar:/root/./workspace/aleksvv/spring-otus/423184096/.m2/net/java/dev/jna/jna/4.5.2/jna-4.5.2.jar:/root/./workspace/aleksvv/spring-otus/423184096/.m2/org/jline/jline-terminal/3.4.0/jline-terminal-3.4.0.jar:/root/./workspace/aleksvv/spring-otus/423184096/.m2/org/springframework/shell/spring-shell-standard/2.0.1.RELEASE/spring-shell-standard-2.0.1.RELEASE.jar:/root/./workspace/aleksvv/spring-otus/423184096/.m2/org/springframework/shell/spring-shell-standard-commands/2.0.1.RELEASE/spring-shell-standard-commands-2.0.1.RELEASE.jar:/root/./workspace/aleksvv/spring-otus/423184096/.m2/org/springframework/shell/spring-shell-shell1-adapter/2.0.1.RELEASE/spring-shell-shell1-adapter-2.0.1.RELEASE.jar:/root/./workspace/aleksvv/spring-otus/423184096/.m2/org/springframework/shell/spring-shell-jcommander-adapter/2.0.1.RELEASE/spring-shell-jcommander-adapter-2.0.1.RELEASE.jar:/root/./workspace/aleksvv/spring-otus/423184096/.m2/org/springframework/shell/spring-shell-table/2.0.1.RELEASE/spring-shell-table-2.0.1.RELEASE.jar:/root/./workspace/aleksvv/spring-otus/423184096/.m2/com/h2database/h2/1.4.197/h2-1.4.197.jar:/root/./workspace/aleksvv/spring-otus/423184096/.m2/org/springframework/boot/spring-boot-starter-test/2.0.4.RELEASE/spring-boot-starter-test-2.0.4.RELEASE.jar:/root/./workspace/aleksvv/spring-otus/423184096/.m2/org/springframework/boot/spring-boot-starter/2.0.4.RELEASE/spring-boot-starter-2.0.4.RELEASE.jar:/root/./workspace/aleksvv/spring-otus/423184096/.m2/org/springframework/boot/spring-boot/2.0.4.RELEASE/spring-boot-2.0.4.RELEASE.jar:/root/./workspace/aleksvv/spring-otus/423184096/.m2/org/springframework/boot/spring-boot-autoconfigure/2.0.4.RELEASE/spring-boot-autoconfigure-2.0.4.RELEASE.jar:/root/./workspace/aleksvv/spring-otus/423184096/.m2/org/springframework/boot/spring-boot-starter-logging/2.0.4.RELEASE/spring-boot-starter-logging-2.0.4.RELEASE.jar:/root/./workspace/aleksvv/spring-otus/423184096/.m2/ch/qos/logback/logback-classic/1.2.3/logback-classic-1.2.3.jar:/root/./workspace/aleksvv/spring-otus/423184096/.m2/ch/qos/logback/logback-core/1.2.3/logback-core-1.2.3.jar:/root/./workspace/aleksvv/spring-otus/423184096/.m2/org/apache/logging/log4j/log4j-to-slf4j/2.10.0/log4j-to-slf4j-2.10.0.jar:/root/./workspace/aleksvv/spring-otus/423184096/.m2/org/apache/logging/log4j/log4j-api/2.10.0/log4j-api-2.10.0.jar:/root/./workspace/aleksvv/spring-otus/423184096/.m2/org/slf4j/jul-to-slf4j/1.7.25/jul-to-slf4j-1.7.25.jar:/root/./workspace/aleksvv/spring-otus/423184096/.m2/javax/annotation/javax.annotation-api/1.3.2/javax.annotation-api-1.3.2.jar:/root/./workspace/aleksvv/spring-otus/423184096/.m2/org/yaml/snakeyaml/1.19/snakeyaml-1.19.jar:/root/./workspace/aleksvv/spring-otus/423184096/.m2/org/springframework/boot/spring-boot-test/2.0.4.RELEASE/spring-boot-test-2.0.4.RELEASE.jar:/root/./workspace/aleksvv/spring-otus/423184096/.m2/org/springframework/boot/spring-boot-test-autoconfigure/2.0.4.RELEASE/spring-boot-test-autoconfigure-2.0.4.RELEASE.jar:/root/./workspace/aleksvv/spring-otus/423184096/.m2/com/jayway/jsonpath/json-path/2.4.0/json-path-2.4.0.jar:/root/./workspace/aleksvv/spring-otus/423184096/.m2/net/minidev/json-smart/2.3/json-smart-2.3.jar:/root/./workspace/aleksvv/spring-otus/423184096/.m2/net/minidev/accessors-smart/1.2/accessors-smart-1.2.jar:/root/./workspace/aleksvv/spring-otus/423184096/.m2/org/ow2/asm/asm/5.0.4/asm-5.0.4.jar:/root/./workspace/aleksvv/spring-otus/423184096/.m2/junit/junit/4.12/junit-4.12.jar:/root/./workspace/aleksvv/spring-otus/423184096/.m2/org/assertj/assertj-core/3.9.1/assertj-core-3.9.1.jar:/root/./workspace/aleksvv/spring-otus/423184096/.m2/org/mockito/mockito-core/2.15.0/mockito-core-2.15.0.jar:/root/./workspace/aleksvv/spring-otus/423184096/.m2/net/bytebuddy/byte-buddy/1.7.11/byte-buddy-1.7.11.jar:/root/./workspace/aleksvv/spring-otus/423184096/.m2/net/bytebuddy/byte-buddy-agent/1.7.11/byte-buddy-agent-1.7.11.jar:/root/./workspace/aleksvv/spring-otus/423184096/.m2/org/objenesis/objenesis/2.6/objenesis-2.6.jar:/root/./workspace/aleksvv/spring-otus/423184096/.m2/org/hamcrest/hamcrest-core/1.3/hamcrest-core-1.3.jar:/root/./workspace/aleksvv/spring-otus/423184096/.m2/org/hamcrest/hamcrest-library/1.3/hamcrest-library-1.3.jar:/root/./workspace/aleksvv/spring-otus/423184096/.m2/org/skyscreamer/jsonassert/1.5.0/jsonassert-1.5.0.jar:/root/./workspace/aleksvv/spring-otus/423184096/.m2/com/vaadin/external/google/android-json/0.0.20131108.vaadin1/android-json-0.0.20131108.vaadin1.jar:/root/./workspace/aleksvv/spring-otus/423184096/.m2/org/springframework/spring-core/5.0.8.RELEASE/spring-core-5.0.8.RELEASE.jar:/root/./workspace/aleksvv/spring-otus/423184096/.m2/org/springframework/spring-jcl/5.0.8.RELEASE/spring-jcl-5.0.8.RELEASE.jar:/root/./workspace/aleksvv/spring-otus/423184096/.m2/org/springframework/spring-test/5.0.8.RELEASE/spring-test-5.0.8.RELEASE.jar:/root/./workspace/aleksvv/spring-otus/423184096/.m2/org/xmlunit/xmlunit-core/2.5.1/xmlunit-core-2.5.1.jar:/root/./workspace/aleksvv/spring-otus/423184096/.m2/org/springframework/boot/spring-boot-configuration-processor/2.0.4.RELEASE/spring-boot-configuration-processor-2.0.4.RELEASE.jar:/root/./workspace/aleksvv/spring-otus/423184096/.m2/org/springframework/boot/spring-boot-starter-data-jpa/2.0.4.RELEASE/spring-boot-starter-data-jpa-2.0.4.RELEASE.jar:/root/./workspace/aleksvv/spring-otus/423184096/.m2/org/springframework/boot/spring-boot-starter-aop/2.0.4.RELEASE/spring-boot-starter-aop-2.0.4.RELEASE.jar:/root/./workspace/aleksvv/spring-otus/423184096/.m2/org/aspectj/aspectjweaver/1.8.13/aspectjweaver-1.8.13.jar:/root/./workspace/aleksvv/spring-otus/423184096/.m2/javax/transaction/javax.transaction-api/1.2/javax.transaction-api-1.2.jar:/root/./workspace/aleksvv/spring-otus/423184096/.m2/org/springframework/spring-aspects/5.0.8.RELEASE/spring-aspects-5.0.8.RELEASE.jar:/root/./workspace/aleksvv/spring-otus/423184096/.m2/org/hibernate/hibernate-core/5.2.17.Final/hibernate-core-5.2.17.Final.jar:/root/./workspace/aleksvv/spring-otus/423184096/.m2/org/jboss/logging/jboss-logging/3.3.2.Final/jboss-logging-3.3.2.Final.jar:/root/./workspace/aleksvv/spring-otus/423184096/.m2/org/hibernate/javax/persistence/hibernate-jpa-2.1-api/1.0.2.Final/hibernate-jpa-2.1-api-1.0.2.Final.jar:/root/./workspace/aleksvv/spring-otus/423184096/.m2/org/javassist/javassist/3.22.0-GA/javassist-3.22.0-GA.jar:/root/./workspace/aleksvv/spring-otus/423184096/.m2/antlr/antlr/2.7.7/antlr-2.7.7.jar:/root/./workspace/aleksvv/spring-otus/423184096/.m2/org/jboss/spec/javax/transaction/jboss-transaction-api_1.2_spec/1.0.1.Final/jboss-transaction-api_1.2_spec-1.0.1.Final.jar:/root/./workspace/aleksvv/spring-otus/423184096/.m2/org/jboss/jandex/2.0.3.Final/jandex-2.0.3.Final.jar:/root/./workspace/aleksvv/spring-otus/423184096/.m2/com/fasterxml/classmate/1.3.4/classmate-1.3.4.jar:/root/./workspace/aleksvv/spring-otus/423184096/.m2/dom4j/dom4j/1.6.1/dom4j-1.6.1.jar:/root/./workspace/aleksvv/spring-otus/423184096/.m2/org/hibernate/common/hibernate-commons-annotations/5.0.1.Final/hibernate-commons-annotations-5.0.1.Final.jar:/root/./workspace/aleksvv/spring-otus/423184096/.m2/org/springframework/data/spring-data-jpa/2.0.9.RELEASE/spring-data-jpa-2.0.9.RELEASE.jar:/root/./workspace/aleksvv/spring-otus/423184096/.m2/org/springframework/data/spring-data-commons/2.0.9.RELEASE/spring-data-commons-2.0.9.RELEASE.jar:/root/./workspace/aleksvv/spring-otus/423184096/.m2/org/springframework/spring-orm/5.0.8.RELEASE/spring-orm-5.0.8.RELEASE.jar:/root/./workspace/aleksvv/spring-otus/423184096/.m2/org/springframework/spring-context/5.0.8.RELEASE/spring-context-5.0.8.RELEASE.jar:/root/./workspace/aleksvv/spring-otus/423184096/.m2/org/springframework/spring-expression/5.0.8.RELEASE/spring-expression-5.0.8.RELEASE.jar:/root/./workspace/aleksvv/spring-otus/423184096/.m2/org/springframework/spring-aop/5.0.8.RELEASE/spring-aop-5.0.8.RELEASE.jar:/root/./workspace/aleksvv/spring-otus/423184096/.m2/org/springframework/spring-tx/5.0.8.RELEASE/spring-tx-5.0.8.RELEASE.jar:/root/./workspace/aleksvv/spring-otus/423184096/.m2/org/springframework/spring-beans/5.0.8.RELEASE/spring-beans-5.0.8.RELEASE.jar:/root/./workspace/aleksvv/spring-otus/423184096/.m2/org/aspectj/aspectjrt/1.8.13/aspectjrt-1.8.13.jar:/root/./workspace/aleksvv/spring-otus/423184096/.m2/org/slf4j/slf4j-api/1.7.25/slf4j-api-1.7.25.jar:/root/./workspace/aleksvv/spring-otus/423184096/.m2/org/springframework/boot/spring-boot-starter-jdbc/2.0.4.RELEASE/spring-boot-starter-jdbc-2.0.4.RELEASE.jar:/root/./workspace/aleksvv/spring-otus/423184096/.m2/com/zaxxer/HikariCP/2.7.9/HikariCP-2.7.9.jar:/root/./workspace/aleksvv/spring-otus/423184096/.m2/org/springframework/spring-jdbc/5.0.8.RELEASE/spring-jdbc-5.0.8.RELEASE.jar:/root/./workspace/aleksvv/spring-otus/423184096/.m2/org/springframework/boot/spring-boot-starter-data-mongodb/2.0.4.RELEASE/spring-boot-starter-data-mongodb-2.0.4.RELEASE.jar:/root/./workspace/aleksvv/spring-otus/423184096/.m2/org/mongodb/mongodb-driver/3.6.4/mongodb-driver-3.6.4.jar:/root/./workspace/aleksvv/spring-otus/423184096/.m2/org/mongodb/bson/3.6.4/bson-3.6.4.jar:/root/./workspace/aleksvv/spring-otus/423184096/.m2/org/mongodb/mongodb-driver-core/3.6.4/mongodb-driver-core-3.6.4.jar:/root/./workspace/aleksvv/spring-otus/423184096/.m2/org/springframework/data/spring-data-mongodb/2.0.9.RELEASE/spring-data-mongodb-2.0.9.RELEASE.jar:, java.specification.name=Java Platform API Specification, java.class.version=52.0, skip.bower=true, sun.management.compiler=HotSpot 64-Bit Tiered Compilers, maven.repo.local=/root/./workspace/aleksvv/spring-otus/423184096/.m2, os.version=3.10.0-862.3.2.el7.x86_64, user.home=/root, user.timezone=Europe/Paris, java.awt.printerjob=sun.print.PSPrinterJob, file.encoding=UTF-8, java.specification.version=1.8, java.class.path=/root/workspace/aleksvv/spring-otus/423184096/library/target/test-classes:/root/workspace/aleksvv/spring-otus/423184096/library/target/classes:/root/./workspace/aleksvv/spring-otus/423184096/.m2/org/springframework/shell/spring-shell-starter/2.0.1.RELEASE/spring-shell-starter-2.0.1.RELEASE.jar:/root/./workspace/aleksvv/spring-otus/423184096/.m2/org/springframework/shell/spring-shell-core/2.0.1.RELEASE/spring-shell-core-2.0.1.RELEASE.jar:/root/./workspace/aleksvv/spring-otus/423184096/.m2/org/springframework/boot/spring-boot-starter-validation/2.0.4.RELEASE/spring-boot-starter-validation-2.0.4.RELEASE.jar:/root/./workspace/aleksvv/spring-otus/423184096/.m2/org/apache/tomcat/embed/tomcat-embed-el/8.5.32/tomcat-embed-el-8.5.32.jar:/root/./workspace/aleksvv/spring-otus/423184096/.m2/org/hibernate/validator/hibernate-validator/6.0.11.Final/hibernate-validator-6.0.11.Final.jar:/root/./workspace/aleksvv/spring-otus/423184096/.m2/javax/validation/validation-api/2.0.1.Final/validation-api-2.0.1.Final.jar:/root/./workspace/aleksvv/spring-otus/423184096/.m2/org/jline/jline/3.4.0/jline-3.4.0.jar:/root/./workspace/aleksvv/spring-otus/423184096/.m2/org/jline/jline-terminal-jna/3.4.0/jline-terminal-jna-3.4.0.jar:/root/./workspace/aleksvv/spring-otus/423184096/.m2/net/java/dev/jna/jna/4.5.2/jna-4.5.2.jar:/root/./workspace/aleksvv/spring-otus/423184096/.m2/org/jline/jline-terminal/3.4.0/jline-terminal-3.4.0.jar:/root/./workspace/aleksvv/spring-otus/423184096/.m2/org/springframework/shell/spring-shell-standard/2.0.1.RELEASE/spring-shell-standard-2.0.1.RELEASE.jar:/root/./workspace/aleksvv/spring-otus/423184096/.m2/org/springframework/shell/spring-shell-standard-commands/2.0.1.RELEASE/spring-shell-standard-commands-2.0.1.RELEASE.jar:/root/./workspace/aleksvv/spring-otus/423184096/.m2/org/springframework/shell/spring-shell-shell1-adapter/2.0.1.RELEASE/spring-shell-shell1-adapter-2.0.1.RELEASE.jar:/root/./workspace/aleksvv/spring-otus/423184096/.m2/org/springframework/shell/spring-shell-jcommander-adapter/2.0.1.RELEASE/spring-shell-jcommander-adapter-2.0.1.RELEASE.jar:/root/./workspace/aleksvv/spring-otus/423184096/.m2/org/springframework/shell/spring-shell-table/2.0.1.RELEASE/spring-shell-table-2.0.1.RELEASE.jar:/root/./workspace/aleksvv/spring-otus/423184096/.m2/com/h2database/h2/1.4.197/h2-1.4.197.jar:/root/./workspace/aleksvv/spring-otus/423184096/.m2/org/springframework/boot/spring-boot-starter-test/2.0.4.RELEASE/spring-boot-starter-test-2.0.4.RELEASE.jar:/root/./workspace/aleksvv/spring-otus/423184096/.m2/org/springframework/boot/spring-boot-starter/2.0.4.RELEASE/spring-boot-starter-2.0.4.RELEASE.jar:/root/./workspace/aleksvv/spring-otus/423184096/.m2/org/springframework/boot/spring-boot/2.0.4.RELEASE/spring-boot-2.0.4.RELEASE.jar:/root/./workspace/aleksvv/spring-otus/423184096/.m2/org/springframework/boot/spring-boot-autoconfigure/2.0.4.RELEASE/spring-boot-autoconfigure-2.0.4.RELEASE.jar:/root/./workspace/aleksvv/spring-otus/423184096/.m2/org/springframework/boot/spring-boot-starter-logging/2.0.4.RELEASE/spring-boot-starter-logging-2.0.4.RELEASE.jar:/root/./workspace/aleksvv/spring-otus/423184096/.m2/ch/qos/logback/logback-classic/1.2.3/logback-classic-1.2.3.jar:/root/./workspace/aleksvv/spring-otus/423184096/.m2/ch/qos/logback/logback-core/1.2.3/logback-core-1.2.3.jar:/root/./workspace/aleksvv/spring-otus/423184096/.m2/org/apache/logging/log4j/log4j-to-slf4j/2.10.0/log4j-to-slf4j-2.10.0.jar:/root/./workspace/aleksvv/spring-otus/423184096/.m2/org/apache/logging/log4j/log4j-api/2.10.0/log4j-api-2.10.0.jar:/root/./workspace/aleksvv/spring-otus/423184096/.m2/org/slf4j/jul-to-slf4j/1.7.25/jul-to-slf4j-1.7.25.jar:/root/./workspace/aleksvv/spring-otus/423184096/.m2/javax/annotation/javax.annotation-api/1.3.2/javax.annotation-api-1.3.2.jar:/root/./workspace/aleksvv/spring-otus/423184096/.m2/org/yaml/snakeyaml/1.19/snakeyaml-1.19.jar:/root/./workspace/aleksvv/spring-otus/423184096/.m2/org/springframework/boot/spring-boot-test/2.0.4.RELEASE/spring-boot-test-2.0.4.RELEASE.jar:/root/./workspace/aleksvv/spring-otus/423184096/.m2/org/springframework/boot/spring-boot-test-autoconfigure/2.0.4.RELEASE/spring-boot-test-autoconfigure-2.0.4.RELEASE.jar:/root/./workspace/aleksvv/spring-otus/423184096/.m2/com/jayway/jsonpath/json-path/2.4.0/json-path-2.4.0.jar:/root/./workspace/aleksvv/spring-otus/423184096/.m2/net/minidev/json-smart/2.3/json-smart-2.3.jar:/root/./workspace/aleksvv/spring-otus/423184096/.m2/net/minidev/accessors-smart/1.2/accessors-smart-1.2.jar:/root/./workspace/aleksvv/spring-otus/423184096/.m2/org/ow2/asm/asm/5.0.4/asm-5.0.4.jar:/root/./workspace/aleksvv/spring-otus/423184096/.m2/junit/junit/4.12/junit-4.12.jar:/root/./workspace/aleksvv/spring-otus/423184096/.m2/org/assertj/assertj-core/3.9.1/assertj-core-3.9.1.jar:/root/./workspace/aleksvv/spring-otus/423184096/.m2/org/mockito/mockito-core/2.15.0/mockito-core-2.15.0.jar:/root/./workspace/aleksvv/spring-otus/423184096/.m2/net/bytebuddy/byte-buddy/1.7.11/byte-buddy-1.7.11.jar:/root/./workspace/aleksvv/spring-otus/423184096/.m2/net/bytebuddy/byte-buddy-agent/1.7.11/byte-buddy-agent-1.7.11.jar:/root/./workspace/aleksvv/spring-otus/423184096/.m2/org/objenesis/objenesis/2.6/objenesis-2.6.jar:/root/./workspace/aleksvv/spring-otus/423184096/.m2/org/hamcrest/hamcrest-core/1.3/hamcrest-core-1.3.jar:/root/./workspace/aleksvv/spring-otus/423184096/.m2/org/hamcrest/hamcrest-library/1.3/hamcrest-library-1.3.jar:/root/./workspace/aleksvv/spring-otus/423184096/.m2/org/skyscreamer/jsonassert/1.5.0/jsonassert-1.5.0.jar:/root/./workspace/aleksvv/spring-otus/423184096/.m2/com/vaadin/external/google/android-json/0.0.20131108.vaadin1/android-json-0.0.20131108.vaadin1.jar:/root/./workspace/aleksvv/spring-otus/423184096/.m2/org/springframework/spring-core/5.0.8.RELEASE/spring-core-5.0.8.RELEASE.jar:/root/./workspace/aleksvv/spring-otus/423184096/.m2/org/springframework/spring-jcl/5.0.8.RELEASE/spring-jcl-5.0.8.RELEASE.jar:/root/./workspace/aleksvv/spring-otus/423184096/.m2/org/springframework/spring-test/5.0.8.RELEASE/spring-test-5.0.8.RELEASE.jar:/root/./workspace/aleksvv/spring-otus/423184096/.m2/org/xmlunit/xmlunit-core/2.5.1/xmlunit-core-2.5.1.jar:/root/./workspace/aleksvv/spring-otus/423184096/.m2/org/springframework/boot/spring-boot-configuration-processor/2.0.4.RELEASE/spring-boot-configuration-processor-2.0.4.RELEASE.jar:/root/./workspace/aleksvv/spring-otus/423184096/.m2/org/springframework/boot/spring-boot-starter-data-jpa/2.0.4.RELEASE/spring-boot-starter-data-jpa-2.0.4.RELEASE.jar:/root/./workspace/aleksvv/spring-otus/423184096/.m2/org/springframework/boot/spring-boot-starter-aop/2.0.4.RELEASE/spring-boot-starter-aop-2.0.4.RELEASE.jar:/root/./workspace/aleksvv/spring-otus/423184096/.m2/org/aspectj/aspectjweaver/1.8.13/aspectjweaver-1.8.13.jar:/root/./workspace/aleksvv/spring-otus/423184096/.m2/javax/transaction/javax.transaction-api/1.2/javax.transaction-api-1.2.jar:/root/./workspace/aleksvv/spring-otus/423184096/.m2/org/springframework/spring-aspects/5.0.8.RELEASE/spring-aspects-5.0.8.RELEASE.jar:/root/./workspace/aleksvv/spring-otus/423184096/.m2/org/hibernate/hibernate-core/5.2.17.Final/hibernate-core-5.2.17.Final.jar:/root/./workspace/aleksvv/spring-otus/423184096/.m2/org/jboss/logging/jboss-logging/3.3.2.Final/jboss-logging-3.3.2.Final.jar:/root/./workspace/aleksvv/spring-otus/423184096/.m2/org/hibernate/javax/persistence/hibernate-jpa-2.1-api/1.0.2.Final/hibernate-jpa-2.1-api-1.0.2.Final.jar:/root/./workspace/aleksvv/spring-otus/423184096/.m2/org/javassist/javassist/3.22.0-GA/javassist-3.22.0-GA.jar:/root/./workspace/aleksvv/spring-otus/423184096/.m2/antlr/antlr/2.7.7/antlr-2.7.7.jar:/root/./workspace/aleksvv/spring-otus/423184096/.m2/org/jboss/spec/javax/transaction/jboss-transaction-api_1.2_spec/1.0.1.Final/jboss-transaction-api_1.2_spec-1.0.1.Final.jar:/root/./workspace/aleksvv/spring-otus/423184096/.m2/org/jboss/jandex/2.0.3.Final/jandex-2.0.3.Final.jar:/root/./workspace/aleksvv/spring-otus/423184096/.m2/com/fasterxml/classmate/1.3.4/classmate-1.3.4.jar:/root/./workspace/aleksvv/spring-otus/423184096/.m2/dom4j/dom4j/1.6.1/dom4j-1.6.1.jar:/root/./workspace/aleksvv/spring-otus/423184096/.m2/org/hibernate/common/hibernate-commons-annotations/5.0.1.Final/hibernate-commons-annotations-5.0.1.Final.jar:/root/./workspace/aleksvv/spring-otus/423184096/.m2/org/springframework/data/spring-data-jpa/2.0.9.RELEASE/spring-data-jpa-2.0.9.RELEASE.jar:/root/./workspace/aleksvv/spring-otus/423184096/.m2/org/springframework/data/spring-data-commons/2.0.9.RELEASE/spring-data-commons-2.0.9.RELEASE.jar:/root/./workspace/aleksvv/spring-otus/423184096/.m2/org/springframework/spring-orm/5.0.8.RELEASE/spring-orm-5.0.8.RELEASE.jar:/root/./workspace/aleksvv/spring-otus/423184096/.m2/org/springframework/spring-context/5.0.8.RELEASE/spring-context-5.0.8.RELEASE.jar:/root/./workspace/aleksvv/spring-otus/423184096/.m2/org/springframework/spring-expression/5.0.8.RELEASE/spring-expression-5.0.8.RELEASE.jar:/root/./workspace/aleksvv/spring-otus/423184096/.m2/org/springframework/spring-aop/5.0.8.RELEASE/spring-aop-5.0.8.RELEASE.jar:/root/./workspace/aleksvv/spring-otus/423184096/.m2/org/springframework/spring-tx/5.0.8.RELEASE/spring-tx-5.0.8.RELEASE.jar:/root/./workspace/aleksvv/spring-otus/423184096/.m2/org/springframework/spring-beans/5.0.8.RELEASE/spring-beans-5.0.8.RELEASE.jar:/root/./workspace/aleksvv/spring-otus/423184096/.m2/org/aspectj/aspectjrt/1.8.13/aspectjrt-1.8.13.jar:/root/./workspace/aleksvv/spring-otus/423184096/.m2/org/slf4j/slf4j-api/1.7.25/slf4j-api-1.7.25.jar:/root/./workspace/aleksvv/spring-otus/423184096/.m2/org/springframework/boot/spring-boot-starter-jdbc/2.0.4.RELEASE/spring-boot-starter-jdbc-2.0.4.RELEASE.jar:/root/./workspace/aleksvv/spring-otus/423184096/.m2/com/zaxxer/HikariCP/2.7.9/HikariCP-2.7.9.jar:/root/./workspace/aleksvv/spring-otus/423184096/.m2/org/springframework/spring-jdbc/5.0.8.RELEASE/spring-jdbc-5.0.8.RELEASE.jar:/root/./workspace/aleksvv/spring-otus/423184096/.m2/org/springframework/boot/spring-boot-starter-data-mongodb/2.0.4.RELEASE/spring-boot-starter-data-mongodb-2.0.4.RELEASE.jar:/root/./workspace/aleksvv/spring-otus/423184096/.m2/org/mongodb/mongodb-driver/3.6.4/mongodb-driver-3.6.4.jar:/root/./workspace/aleksvv/spring-otus/423184096/.m2/org/mongodb/bson/3.6.4/bson-3.6.4.jar:/root/./workspace/aleksvv/spring-otus/423184096/.m2/org/mongodb/mongodb-driver-core/3.6.4/mongodb-driver-core-3.6.4.jar:/root/./workspace/aleksvv/spring-otus/423184096/.m2/org/springframework/data/spring-data-mongodb/2.0.9.RELEASE/spring-data-mongodb-2.0.9.RELEASE.jar:, user.name=root, skipITs=true, java.vm.specification.version=1.8, sun.java.command=/root/workspace/aleksvv/spring-otus/423184096/library/target/surefire/surefirebooter4821496381104677520.jar /root/workspace/aleksvv/spring-otus/423184096/library/target/surefire 2018-08-31T22-35-13_703-jvmRun1 surefire8276502520017272718tmp surefire_13288847066245481413tmp, java.home=/usr/lib/jvm/java-8-openjdk-amd64/jre, sun.arch.data.model=64, user.language=en, java.specification.vendor=Oracle Corporation, dependency-check.skip=true, awt.toolkit=sun.awt.X11.XToolkit, java.vm.info=mixed mode, java.version=1.8.0_121, java.ext.dirs=/usr/lib/jvm/java-8-openjdk-amd64/jre/lib/ext:/usr/java/packages/lib/ext, sun.boot.class.path=/usr/lib/jvm/java-8-openjdk-amd64/jre/lib/resources.jar:/usr/lib/jvm/java-8-openjdk-amd64/jre/lib/rt.jar:/usr/lib/jvm/java-8-openjdk-amd64/jre/lib/sunrsasign.jar:/usr/lib/jvm/java-8-openjdk-amd64/jre/lib/jsse.jar:/usr/lib/jvm/java-8-openjdk-amd64/jre/lib/jce.jar:/usr/lib/jvm/java-8-openjdk-amd64/jre/lib/charsets.jar:/usr/lib/jvm/java-8-openjdk-amd64/jre/lib/jfr.jar:/usr/lib/jvm/java-8-openjdk-amd64/jre/classes, rat.skip=true, enforcer.skip=true, java.vendor=Oracle Corporation, localRepository=/root/./workspace/aleksvv/spring-otus/423184096/.m2, file.separator=/, java.vendor.url.bug=http://bugreport.sun.com/bugreport/, sun.io.unicode.encoding=UnicodeLittle, sun.cpu.endian=little, sun.cpu.isalist=}}, SystemEnvironmentPropertySource@726379593 {name='systemEnvironment', properties={PATH=/usr/local/sbin:/usr/local/bin:/usr/sbin:/usr/bin:/sbin:/bin, JAVA_HOME=/usr/lib/jvm/java-8-openjdk-amd64, NOTIFY_TO=, CA_CERTIFICATES_JAVA_VERSION=20161107~bpo8+1, MONGODB_HOST=, BUILD_ID=, LANG=C.UTF-8, MAVEN_HOME=/usr/share/maven, SMTP_SERVER=, MONGODB_NAME=, REPAIR_MODE=repair, PWD=/root/workspace/aleksvv/spring-otus/423184096/library, JAVA_VERSION=8u121, GITHUB_OAUTH=, MAVEN_CMD_LINE_ARGS=/root/.m2 -B -D enforcer.skip=true -D dependency-check.skip=true -D skipITs=true -D cobertura.skip=true -D maven.repo.local=/root/./workspace/aleksvv/spring-otus/423184096/.m2 -D rat.skip=true -D findbugs.skip=true -D skip.bower=true -D gpg.skip=true -D checkstyle.skip=true -D skip.gulp=true -D license.skip=true -D skip.npm=true test, _=/usr/bin/java, OUTPUT=, MAVEN_TERMINATE_CMD=on, MAVEN_CONFIG=/root/.m2, MAVEN_PROJECTBASEDIR=/root/workspace/aleksvv/spring-otus/423184096, OLDPWD=/root/workspace/aleksvv/spring-otus/423184096/library, LOG_FILENAME=repairnator-pipeline_2018-08-31_2234_423184096_6927fb33-1ea7-4003-9018-b027a8f8f5e3, RUN_ID=, HOSTNAME=cyclone1, JAVA_DEBIAN_VERSION=8u121-b13-1~bpo8+1, M2_HOME=/usr/share/maven, REPAIR_TOOLS=AssertFixer, HOME=/root, SHLVL=1, PUSH_URL=}}]
22:35:18.244 [main] DEBUG org.springframework.test.context.support.TestPropertySourceUtils - Adding inlined properties to environment: {spring.jmx.enabled=false, org.springframework.boot.test.context.SpringBootTestContextBootstrapper=true, server.port=-1}
22:35:18.244 [main] DEBUG org.springframework.core.env.StandardEnvironment - Adding PropertySource 'Inlined Test Properties' with highest search precedence

  _      _ _
 | |    (_) |
 | |     _| |__  _ __ __ _ _ __ _   _
 | |    | | '_ \| '__/ _` | '__| | | |
 | |____| | |_) | | | (_| | |  | |_| |
 |______|_|_.__/|_|  \__,_|_|   \__, |
                                 __/ |
                                |___/

2018-08-31 22:35:18.713  INFO 220 --- [           main] r.v.l.d.data.DataJpaGenreRepositoryTest  : Starting DataJpaGenreRepositoryTest on cyclone1 with PID 220 (started by root in /root/workspace/aleksvv/spring-otus/423184096/library)
2018-08-31 22:35:18.714  INFO 220 --- [           main] r.v.l.d.data.DataJpaGenreRepositoryTest  : No active profile set, falling back to default profiles: default
2018-08-31 22:35:18.779  INFO 220 --- [           main] s.c.a.AnnotationConfigApplicationContext : Refreshing org.springframework.context.annotation.AnnotationConfigApplicationContext@6bb4dd34: startup date [Fri Aug 31 22:35:18 CEST 2018]; root of context hierarchy
2018-08-31 22:35:19.722  INFO 220 --- [           main] .s.d.r.c.RepositoryConfigurationDelegate : Multiple Spring Data modules found, entering strict repository configuration mode!
2018-08-31 22:35:19.802  INFO 220 --- [           main] .RepositoryConfigurationExtensionSupport : Spring Data JPA - Could not safely identify store assignment for repository candidate interface ru.vorotov.library.dao.data.DataJpaAuthorRepository.
2018-08-31 22:35:19.809  INFO 220 --- [           main] .RepositoryConfigurationExtensionSupport : Spring Data JPA - Could not safely identify store assignment for repository candidate interface ru.vorotov.library.dao.data.DataJpaBookRepository.
2018-08-31 22:35:19.851  INFO 220 --- [           main] .RepositoryConfigurationExtensionSupport : Spring Data JPA - Could not safely identify store assignment for repository candidate interface ru.vorotov.library.dao.data.DataJpaCommentRepository.
2018-08-31 22:35:19.869  INFO 220 --- [           main] .RepositoryConfigurationExtensionSupport : Spring Data JPA - Could not safely identify store assignment for repository candidate interface ru.vorotov.library.dao.data.DataJpaGenreRepository.
2018-08-31 22:35:19.904  INFO 220 --- [           main] .s.d.r.c.RepositoryConfigurationDelegate : Multiple Spring Data modules found, entering strict repository configuration mode!
2018-08-31 22:35:20.946  INFO 220 --- [           main] com.zaxxer.hikari.HikariDataSource       : HikariPool-1 - Starting...
2018-08-31 22:35:21.226  INFO 220 --- [           main] com.zaxxer.hikari.HikariDataSource       : HikariPool-1 - Start completed.
2018-08-31 22:35:21.401  INFO 220 --- [           main] j.LocalContainerEntityManagerFactoryBean : Building JPA container EntityManagerFactory for persistence unit 'default'
2018-08-31 22:35:21.454  INFO 220 --- [           main] o.hibernate.jpa.internal.util.LogHelper  : HHH000204: Processing PersistenceUnitInfo [
	name: default
	...]
2018-08-31 22:35:21.578  INFO 220 --- [           main] org.hibernate.Version                    : HHH000412: Hibernate Core {5.2.17.Final}
2018-08-31 22:35:21.581  INFO 220 --- [           main] org.hibernate.cfg.Environment            : HHH000206: hibernate.properties not found
2018-08-31 22:35:21.698  INFO 220 --- [           main] o.hibernate.annotations.common.Version   : HCANN000001: Hibernate Commons Annotations {5.0.1.Final}
2018-08-31 22:35:21.858  INFO 220 --- [           main] org.hibernate.dialect.Dialect            : HHH000400: Using dialect: org.hibernate.dialect.H2Dialect
2018-08-31 22:35:22.528  INFO 220 --- [           main] o.h.t.schema.internal.SchemaCreatorImpl  : HHH000476: Executing import script 'org.hibernate.tool.schema.internal.exec.ScriptSourceInputNonExistentImpl@4b039c6d'
2018-08-31 22:35:22.535  INFO 220 --- [           main] j.LocalContainerEntityManagerFactoryBean : Initialized JPA EntityManagerFactory for persistence unit 'default'
2018-08-31 22:35:23.224  INFO 220 --- [           main] org.mongodb.driver.cluster               : Cluster created with settings {hosts=[localhost:27017], mode=SINGLE, requiredClusterType=UNKNOWN, serverSelectionTimeout='30000 ms', maxWaitQueueSize=500}
2018-08-31 22:35:23.356  INFO 220 --- [localhost:27017] org.mongodb.driver.cluster               : Exception in monitor thread while connecting to server localhost:27017

com.mongodb.MongoSocketOpenException: Exception opening socket
	at com.mongodb.connection.SocketStream.open(SocketStream.java:62) ~[mongodb-driver-core-3.6.4.jar:na]
	at com.mongodb.connection.InternalStreamConnection.open(InternalStreamConnection.java:126) ~[mongodb-driver-core-3.6.4.jar:na]
	at com.mongodb.connection.DefaultServerMonitor$ServerMonitorRunnable.run(DefaultServerMonitor.java:114) ~[mongodb-driver-core-3.6.4.jar:na]
	at java.lang.Thread.run(Thread.java:745) [na:1.8.0_121]
Caused by: java.net.ConnectException: Connection refused (Connection refused)
	at java.net.PlainSocketImpl.socketConnect(Native Method) ~[na:1.8.0_121]
	at java.net.AbstractPlainSocketImpl.doConnect(AbstractPlainSocketImpl.java:350) ~[na:1.8.0_121]
	at java.net.AbstractPlainSocketImpl.connectToAddress(AbstractPlainSocketImpl.java:206) ~[na:1.8.0_121]
	at java.net.AbstractPlainSocketImpl.connect(AbstractPlainSocketImpl.java:188) ~[na:1.8.0_121]
	at java.net.SocksSocketImpl.connect(SocksSocketImpl.java:392) ~[na:1.8.0_121]
	at java.net.Socket.connect(Socket.java:589) ~[na:1.8.0_121]
	at com.mongodb.connection.SocketStreamHelper.initialize(SocketStreamHelper.java:59) ~[mongodb-driver-core-3.6.4.jar:na]
	at com.mongodb.connection.SocketStream.open(SocketStream.java:57) ~[mongodb-driver-core-3.6.4.jar:na]
	... 3 common frames omitted

2018-08-31 22:35:25.626  WARN 220 --- [           main] org.jline                                : Unable to create a system terminal, creating a dumb terminal (enable debug logging for more information)
2018-08-31 22:35:26.097  INFO 220 --- [           main] r.v.l.d.data.DataJpaGenreRepositoryTest  : Started DataJpaGenreRepositoryTest in 7.849 seconds (JVM running for 9.111)
2018-08-31 22:35:26.330  INFO 220 --- [           main] org.mongodb.driver.cluster               : Cluster description not yet available. Waiting for 30000 ms before timing out
]]></system-out>
  </testcase>
  <testcase name="testSave" classname="ru.vorotov.library.dao.data.DataJpaGenreRepositoryTest" time="30.148">
    <error message="Timed out after 30000 ms while waiting to connect. Client view of cluster state is {type=UNKNOWN, servers=[{address=localhost:27017, type=UNKNOWN, state=CONNECTING, exception={com.mongodb.MongoSocketOpenException: Exception opening socket}, caused by {java.net.ConnectException: Connection refused (Connection refused)}}]; nested exception is com.mongodb.MongoTimeoutException: Timed out after 30000 ms while waiting to connect. Client view of cluster state is {type=UNKNOWN, servers=[{address=localhost:27017, type=UNKNOWN, state=CONNECTING, exception={com.mongodb.MongoSocketOpenException: Exception opening socket}, caused by {java.net.ConnectException: Connection refused (Connection refused)}}]" type="org.springframework.dao.DataAccessResourceFailureException">org.springframework.dao.DataAccessResourceFailureException: Timed out after 30000 ms while waiting to connect. Client view of cluster state is {type=UNKNOWN, servers=[{address=localhost:27017, type=UNKNOWN, state=CONNECTING, exception={com.mongodb.MongoSocketOpenException: Exception opening socket}, caused by {java.net.ConnectException: Connection refused (Connection refused)}}]; nested exception is com.mongodb.MongoTimeoutException: Timed out after 30000 ms while waiting to connect. Client view of cluster state is {type=UNKNOWN, servers=[{address=localhost:27017, type=UNKNOWN, state=CONNECTING, exception={com.mongodb.MongoSocketOpenException: Exception opening socket}, caused by {java.net.ConnectException: Connection refused (Connection refused)}}]
	at ru.vorotov.library.dao.data.DataJpaGenreRepositoryTest.testSave(DataJpaGenreRepositoryTest.java:45)
Caused by: com.mongodb.MongoTimeoutException: Timed out after 30000 ms while waiting to connect. Client view of cluster state is {type=UNKNOWN, servers=[{address=localhost:27017, type=UNKNOWN, state=CONNECTING, exception={com.mongodb.MongoSocketOpenException: Exception opening socket}, caused by {java.net.ConnectException: Connection refused (Connection refused)}}]
	at ru.vorotov.library.dao.data.DataJpaGenreRepositoryTest.testSave(DataJpaGenreRepositoryTest.java:45)
</error>
    <system-out><![CDATA[2018-08-31 22:35:56.475  INFO 220 --- [           main] o.s.t.c.transaction.TransactionContext   : Began transaction (1) for test context [DefaultTestContext@6200f9cb testClass = DataJpaGenreRepositoryTest, testInstance = ru.vorotov.library.dao.data.DataJpaGenreRepositoryTest@15e8f9b2, testMethod = testSave@DataJpaGenreRepositoryTest, testException = [null], mergedContextConfiguration = [MergedContextConfiguration@2002fc1d testClass = DataJpaGenreRepositoryTest, locations = '{}', classes = '{class ru.vorotov.library.LibraryApplication}', contextInitializerClasses = '[]', activeProfiles = '{}', propertySourceLocations = '{}', propertySourceProperties = '{org.springframework.boot.test.context.SpringBootTestContextBootstrapper=true}', contextCustomizers = set[org.springframework.boot.test.context.filter.ExcludeFilterContextCustomizer@6fb0d3ed, org.springframework.boot.test.json.DuplicateJsonObjectContextCustomizerFactory$DuplicateJsonObjectContextCustomizer@52525845, org.springframework.boot.test.mock.mockito.MockitoContextCustomizer@0, org.springframework.boot.test.web.client.TestRestTemplateContextCustomizer@382db087, org.springframework.boot.test.autoconfigure.properties.PropertyMappingContextCustomizer@0, org.springframework.boot.test.autoconfigure.web.servlet.WebDriverContextCustomizerFactory$Customizer@50de0926], contextLoader = 'org.springframework.boot.test.context.SpringBootContextLoader', parent = [null]], attributes = map[[empty]]]; transaction manager [org.springframework.orm.jpa.JpaTransactionManager@28e0e464]; rollback [true]
2018-08-31 22:35:56.477  INFO 220 --- [           main] org.mongodb.driver.cluster               : Cluster description not yet available. Waiting for 30000 ms before timing out
2018-08-31 22:36:26.489  INFO 220 --- [           main] o.s.t.c.transaction.TransactionContext   : Rolled back transaction for test: [DefaultTestContext@6200f9cb testClass = DataJpaGenreRepositoryTest, testInstance = ru.vorotov.library.dao.data.DataJpaGenreRepositoryTest@15e8f9b2, testMethod = testSave@DataJpaGenreRepositoryTest, testException = org.springframework.dao.DataAccessResourceFailureException: Timed out after 30000 ms while waiting to connect. Client view of cluster state is {type=UNKNOWN, servers=[{address=localhost:27017, type=UNKNOWN, state=CONNECTING, exception={com.mongodb.MongoSocketOpenException: Exception opening socket}, caused by {java.net.ConnectException: Connection refused (Connection refused)}}]; nested exception is com.mongodb.MongoTimeoutException: Timed out after 30000 ms while waiting to connect. Client view of cluster state is {type=UNKNOWN, servers=[{address=localhost:27017, type=UNKNOWN, state=CONNECTING, exception={com.mongodb.MongoSocketOpenException: Exception opening socket}, caused by {java.net.ConnectException: Connection refused (Connection refused)}}], mergedContextConfiguration = [MergedContextConfiguration@2002fc1d testClass = DataJpaGenreRepositoryTest, locations = '{}', classes = '{class ru.vorotov.library.LibraryApplication}', contextInitializerClasses = '[]', activeProfiles = '{}', propertySourceLocations = '{}', propertySourceProperties = '{org.springframework.boot.test.context.SpringBootTestContextBootstrapper=true}', contextCustomizers = set[org.springframework.boot.test.context.filter.ExcludeFilterContextCustomizer@6fb0d3ed, org.springframework.boot.test.json.DuplicateJsonObjectContextCustomizerFactory$DuplicateJsonObjectContextCustomizer@52525845, org.springframework.boot.test.mock.mockito.MockitoContextCustomizer@0, org.springframework.boot.test.web.client.TestRestTemplateContextCustomizer@382db087, org.springframework.boot.test.autoconfigure.properties.PropertyMappingContextCustomizer@0, org.springframework.boot.test.autoconfigure.web.servlet.WebDriverContextCustomizerFactory$Customizer@50de0926], contextLoader = 'org.springframework.boot.test.context.SpringBootContextLoader', parent = [null]], attributes = map[[empty]]]
]]></system-out>
  </testcase>
  <testcase name="testDelete" classname="ru.vorotov.library.dao.data.DataJpaGenreRepositoryTest" time="30.02">
    <error message="Timed out after 30000 ms while waiting to connect. Client view of cluster state is {type=UNKNOWN, servers=[{address=localhost:27017, type=UNKNOWN, state=CONNECTING, exception={com.mongodb.MongoSocketOpenException: Exception opening socket}, caused by {java.net.ConnectException: Connection refused (Connection refused)}}]; nested exception is com.mongodb.MongoTimeoutException: Timed out after 30000 ms while waiting to connect. Client view of cluster state is {type=UNKNOWN, servers=[{address=localhost:27017, type=UNKNOWN, state=CONNECTING, exception={com.mongodb.MongoSocketOpenException: Exception opening socket}, caused by {java.net.ConnectException: Connection refused (Connection refused)}}]" type="org.springframework.dao.DataAccessResourceFailureException">org.springframework.dao.DataAccessResourceFailureException: Timed out after 30000 ms while waiting to connect. Client view of cluster state is {type=UNKNOWN, servers=[{address=localhost:27017, type=UNKNOWN, state=CONNECTING, exception={com.mongodb.MongoSocketOpenException: Exception opening socket}, caused by {java.net.ConnectException: Connection refused (Connection refused)}}]; nested exception is com.mongodb.MongoTimeoutException: Timed out after 30000 ms while waiting to connect. Client view of cluster state is {type=UNKNOWN, servers=[{address=localhost:27017, type=UNKNOWN, state=CONNECTING, exception={com.mongodb.MongoSocketOpenException: Exception opening socket}, caused by {java.net.ConnectException: Connection refused (Connection refused)}}]
	at ru.vorotov.library.dao.data.DataJpaGenreRepositoryTest.testDelete(DataJpaGenreRepositoryTest.java:58)
Caused by: com.mongodb.MongoTimeoutException: Timed out after 30000 ms while waiting to connect. Client view of cluster state is {type=UNKNOWN, servers=[{address=localhost:27017, type=UNKNOWN, state=CONNECTING, exception={com.mongodb.MongoSocketOpenException: Exception opening socket}, caused by {java.net.ConnectException: Connection refused (Connection refused)}}]
	at ru.vorotov.library.dao.data.DataJpaGenreRepositoryTest.testDelete(DataJpaGenreRepositoryTest.java:58)
</error>
    <system-out><![CDATA[2018-08-31 22:36:26.497  INFO 220 --- [           main] o.s.t.c.transaction.TransactionContext   : Began transaction (1) for test context [DefaultTestContext@6200f9cb testClass = DataJpaGenreRepositoryTest, testInstance = ru.vorotov.library.dao.data.DataJpaGenreRepositoryTest@1e76afeb, testMethod = testDelete@DataJpaGenreRepositoryTest, testException = [null], mergedContextConfiguration = [MergedContextConfiguration@2002fc1d testClass = DataJpaGenreRepositoryTest, locations = '{}', classes = '{class ru.vorotov.library.LibraryApplication}', contextInitializerClasses = '[]', activeProfiles = '{}', propertySourceLocations = '{}', propertySourceProperties = '{org.springframework.boot.test.context.SpringBootTestContextBootstrapper=true}', contextCustomizers = set[org.springframework.boot.test.context.filter.ExcludeFilterContextCustomizer@6fb0d3ed, org.springframework.boot.test.json.DuplicateJsonObjectContextCustomizerFactory$DuplicateJsonObjectContextCustomizer@52525845, org.springframework.boot.test.mock.mockito.MockitoContextCustomizer@0, org.springframework.boot.test.web.client.TestRestTemplateContextCustomizer@382db087, org.springframework.boot.test.autoconfigure.properties.PropertyMappingContextCustomizer@0, org.springframework.boot.test.autoconfigure.web.servlet.WebDriverContextCustomizerFactory$Customizer@50de0926], contextLoader = 'org.springframework.boot.test.context.SpringBootContextLoader', parent = [null]], attributes = map[[empty]]]; transaction manager [org.springframework.orm.jpa.JpaTransactionManager@28e0e464]; rollback [true]
2018-08-31 22:36:26.507  INFO 220 --- [           main] org.mongodb.driver.cluster               : Cluster description not yet available. Waiting for 30000 ms before timing out
2018-08-31 22:36:56.511  INFO 220 --- [           main] o.s.t.c.transaction.TransactionContext   : Rolled back transaction for test: [DefaultTestContext@6200f9cb testClass = DataJpaGenreRepositoryTest, testInstance = ru.vorotov.library.dao.data.DataJpaGenreRepositoryTest@1e76afeb, testMethod = testDelete@DataJpaGenreRepositoryTest, testException = org.springframework.dao.DataAccessResourceFailureException: Timed out after 30000 ms while waiting to connect. Client view of cluster state is {type=UNKNOWN, servers=[{address=localhost:27017, type=UNKNOWN, state=CONNECTING, exception={com.mongodb.MongoSocketOpenException: Exception opening socket}, caused by {java.net.ConnectException: Connection refused (Connection refused)}}]; nested exception is com.mongodb.MongoTimeoutException: Timed out after 30000 ms while waiting to connect. Client view of cluster state is {type=UNKNOWN, servers=[{address=localhost:27017, type=UNKNOWN, state=CONNECTING, exception={com.mongodb.MongoSocketOpenException: Exception opening socket}, caused by {java.net.ConnectException: Connection refused (Connection refused)}}], mergedContextConfiguration = [MergedContextConfiguration@2002fc1d testClass = DataJpaGenreRepositoryTest, locations = '{}', classes = '{class ru.vorotov.library.LibraryApplication}', contextInitializerClasses = '[]', activeProfiles = '{}', propertySourceLocations = '{}', propertySourceProperties = '{org.springframework.boot.test.context.SpringBootTestContextBootstrapper=true}', contextCustomizers = set[org.springframework.boot.test.context.filter.ExcludeFilterContextCustomizer@6fb0d3ed, org.springframework.boot.test.json.DuplicateJsonObjectContextCustomizerFactory$DuplicateJsonObjectContextCustomizer@52525845, org.springframework.boot.test.mock.mockito.MockitoContextCustomizer@0, org.springframework.boot.test.web.client.TestRestTemplateContextCustomizer@382db087, org.springframework.boot.test.autoconfigure.properties.PropertyMappingContextCustomizer@0, org.springframework.boot.test.autoconfigure.web.servlet.WebDriverContextCustomizerFactory$Customizer@50de0926], contextLoader = 'org.springframework.boot.test.context.SpringBootContextLoader', parent = [null]], attributes = map[[empty]]]
]]></system-out>
  </testcase>
  <testcase name="testGetAll" classname="ru.vorotov.library.dao.data.DataJpaGenreRepositoryTest" time="30.007">
    <error message="Timed out after 30000 ms while waiting to connect. Client view of cluster state is {type=UNKNOWN, servers=[{address=localhost:27017, type=UNKNOWN, state=CONNECTING, exception={com.mongodb.MongoSocketOpenException: Exception opening socket}, caused by {java.net.ConnectException: Connection refused (Connection refused)}}]; nested exception is com.mongodb.MongoTimeoutException: Timed out after 30000 ms while waiting to connect. Client view of cluster state is {type=UNKNOWN, servers=[{address=localhost:27017, type=UNKNOWN, state=CONNECTING, exception={com.mongodb.MongoSocketOpenException: Exception opening socket}, caused by {java.net.ConnectException: Connection refused (Connection refused)}}]" type="org.springframework.dao.DataAccessResourceFailureException">org.springframework.dao.DataAccessResourceFailureException: Timed out after 30000 ms while waiting to connect. Client view of cluster state is {type=UNKNOWN, servers=[{address=localhost:27017, type=UNKNOWN, state=CONNECTING, exception={com.mongodb.MongoSocketOpenException: Exception opening socket}, caused by {java.net.ConnectException: Connection refused (Connection refused)}}]; nested exception is com.mongodb.MongoTimeoutException: Timed out after 30000 ms while waiting to connect. Client view of cluster state is {type=UNKNOWN, servers=[{address=localhost:27017, type=UNKNOWN, state=CONNECTING, exception={com.mongodb.MongoSocketOpenException: Exception opening socket}, caused by {java.net.ConnectException: Connection refused (Connection refused)}}]
	at ru.vorotov.library.dao.data.DataJpaGenreRepositoryTest.testGetAll(DataJpaGenreRepositoryTest.java:25)
Caused by: com.mongodb.MongoTimeoutException: Timed out after 30000 ms while waiting to connect. Client view of cluster state is {type=UNKNOWN, servers=[{address=localhost:27017, type=UNKNOWN, state=CONNECTING, exception={com.mongodb.MongoSocketOpenException: Exception opening socket}, caused by {java.net.ConnectException: Connection refused (Connection refused)}}]
	at ru.vorotov.library.dao.data.DataJpaGenreRepositoryTest.testGetAll(DataJpaGenreRepositoryTest.java:25)
</error>
    <system-out><![CDATA[2018-08-31 22:36:56.518  INFO 220 --- [           main] org.mongodb.driver.cluster               : Cluster description not yet available. Waiting for 30000 ms before timing out
]]></system-out>
  </testcase>
</testsuite>