<?xml version="1.0" encoding="UTF-8" ?>
<testsuite tests="7" failures="0" name="org.sakaiproject.component.app.scheduler.ContextMappingDAOTest" time="0.72" errors="0" skipped="0">
  <properties>
    <property name="java.vendor" value="Oracle Corporation"/>
    <property name="localRepository" value="/root/./workspace/steveswinsburg/sakai/389226744/.m2"/>
    <property name="sun.java.launcher" value="SUN_STANDARD"/>
    <property name="sun.management.compiler" value="HotSpot 64-Bit Tiered Compilers"/>
    <property name="os.name" value="Linux"/>
    <property name="sun.boot.class.path" value="/usr/lib/jvm/java-8-openjdk-amd64/jre/lib/resources.jar:/usr/lib/jvm/java-8-openjdk-amd64/jre/lib/rt.jar:/usr/lib/jvm/java-8-openjdk-amd64/jre/lib/sunrsasign.jar:/usr/lib/jvm/java-8-openjdk-amd64/jre/lib/jsse.jar:/usr/lib/jvm/java-8-openjdk-amd64/jre/lib/jce.jar:/usr/lib/jvm/java-8-openjdk-amd64/jre/lib/charsets.jar:/usr/lib/jvm/java-8-openjdk-amd64/jre/lib/jfr.jar:/usr/lib/jvm/java-8-openjdk-amd64/jre/classes"/>
    <property name="cobertura.skip" value="true"/>
    <property name="findbugs.skip" value="true"/>
    <property name="java.vm.specification.vendor" value="Oracle Corporation"/>
    <property name="java.runtime.version" value="1.8.0_121-8u121-b13-1~bpo8+1-b13"/>
    <property name="user.name" value="root"/>
    <property name="lombok.disable" value="true"/>
    <property name="maven.repo.local" value="/root/./workspace/steveswinsburg/sakai/389226744/.m2"/>
    <property name="user.language" value="en"/>
    <property name="sun.boot.library.path" value="/usr/lib/jvm/java-8-openjdk-amd64/jre/lib/amd64"/>
    <property name="java.version" value="1.8.0_121"/>
    <property name="user.timezone" value="Europe/Paris"/>
    <property name="rat.skip" value="true"/>
    <property name="sun.arch.data.model" value="64"/>
    <property name="java.endorsed.dirs" value="/usr/lib/jvm/java-8-openjdk-amd64/jre/lib/endorsed"/>
    <property name="sun.cpu.isalist" value=""/>
    <property name="sun.jnu.encoding" value="UTF-8"/>
    <property name="file.encoding.pkg" value="sun.io"/>
    <property name="sakai.content.upload.max" value="20"/>
    <property name="file.separator" value="/"/>
    <property name="java.specification.name" value="Java Platform API Specification"/>
    <property name="java.class.version" value="52.0"/>
    <property name="checkstyle.skip" value="true"/>
    <property name="java.home" value="/usr/lib/jvm/java-8-openjdk-amd64/jre"/>
    <property name="java.vm.info" value="mixed mode"/>
    <property name="os.version" value="3.10.0-862.3.2.el7.x86_64"/>
    <property name="surefire.real.class.path" value="/tmp/surefirebooter8082563683738031344.jar"/>
    <property name="path.separator" value=":"/>
    <property name="java.vm.version" value="25.121-b13"/>
    <property name="gpg.skip" value="true"/>
    <property name="jboss.i18n.generate-proxies" value="true"/>
    <property name="java.awt.printerjob" value="sun.print.PSPrinterJob"/>
    <property name="sun.io.unicode.encoding" value="UnicodeLittle"/>
    <property name="awt.toolkit" value="sun.awt.X11.XToolkit"/>
    <property name="java.security.egd" value="file:/dev/./urandom"/>
    <property name="user.home" value="/root"/>
    <property name="sakai.serverId" value="cyclone1"/>
    <property name="java.specification.vendor" value="Oracle Corporation"/>
    <property name="sakai.home" value="/tmp/sakai/"/>
    <property name="java.library.path" value="/usr/java/packages/lib/amd64:/usr/lib/x86_64-linux-gnu/jni:/lib/x86_64-linux-gnu:/usr/lib/x86_64-linux-gnu:/usr/lib/jni:/lib:/usr/lib"/>
    <property name="java.vendor.url" value="http://java.oracle.com/"/>
    <property name="java.vm.vendor" value="Oracle Corporation"/>
    <property name="dependency-check.skip" value="true"/>
    <property name="java.runtime.name" value="OpenJDK Runtime Environment"/>
    <property name="sun.java.command" value="/tmp/surefirebooter8082563683738031344.jar /tmp/surefire6401174504301748349tmp /tmp/surefire9051827310987368903tmp"/>
    <property name="java.class.path" value="/root/workspace/steveswinsburg/sakai/389226744/jobscheduler/scheduler-component-shared/target/test-classes:/root/workspace/steveswinsburg/sakai/389226744/jobscheduler/scheduler-component-shared/target/classes:/root/workspace/steveswinsburg/sakai/389226744/jobscheduler/scheduler-api/target/classes:/root/workspace/steveswinsburg/sakai/389226744/jobscheduler/scheduler-events-model/target/classes:/root/workspace/steveswinsburg/sakai/389226744/kernel/api/target/classes:/root/workspace/steveswinsburg/sakai/389226744/kernel/component-manager/target/classes:/root/workspace/steveswinsburg/sakai/389226744/edu-services/cm-service/cm-api/api/target/classes:/root/workspace/steveswinsburg/sakai/389226744/common/archive-api/target/classes:/root/workspace/steveswinsburg/sakai/389226744/emailtemplateservice/api/target/classes:/root/./workspace/steveswinsburg/sakai/389226744/.m2/org/quartz-scheduler/quartz/2.2.3/quartz-2.2.3.jar:/root/./workspace/steveswinsburg/sakai/389226744/.m2/c3p0/c3p0/0.9.1.1/c3p0-0.9.1.1.jar:/root/./workspace/steveswinsburg/sakai/389226744/.m2/org/springframework/spring-core/4.3.14.RELEASE/spring-core-4.3.14.RELEASE.jar:/root/./workspace/steveswinsburg/sakai/389226744/.m2/commons-logging/commons-logging/1.2/commons-logging-1.2.jar:/root/./workspace/steveswinsburg/sakai/389226744/.m2/org/springframework/spring-orm/4.3.14.RELEASE/spring-orm-4.3.14.RELEASE.jar:/root/./workspace/steveswinsburg/sakai/389226744/.m2/org/springframework/spring-beans/4.3.14.RELEASE/spring-beans-4.3.14.RELEASE.jar:/root/./workspace/steveswinsburg/sakai/389226744/.m2/org/springframework/spring-context/4.3.14.RELEASE/spring-context-4.3.14.RELEASE.jar:/root/./workspace/steveswinsburg/sakai/389226744/.m2/org/springframework/spring-aop/4.3.14.RELEASE/spring-aop-4.3.14.RELEASE.jar:/root/./workspace/steveswinsburg/sakai/389226744/.m2/org/springframework/spring-expression/4.3.14.RELEASE/spring-expression-4.3.14.RELEASE.jar:/root/./workspace/steveswinsburg/sakai/389226744/.m2/org/springframework/spring-context-support/4.3.14.RELEASE/spring-context-support-4.3.14.RELEASE.jar:/root/./workspace/steveswinsburg/sakai/389226744/.m2/org/springframework/spring-tx/4.3.14.RELEASE/spring-tx-4.3.14.RELEASE.jar:/root/./workspace/steveswinsburg/sakai/389226744/.m2/org/hibernate/hibernate-core/4.3.11.Final/hibernate-core-4.3.11.Final.jar:/root/./workspace/steveswinsburg/sakai/389226744/.m2/org/jboss/logging/jboss-logging/3.1.3.GA/jboss-logging-3.1.3.GA.jar:/root/./workspace/steveswinsburg/sakai/389226744/.m2/org/jboss/logging/jboss-logging-annotations/1.2.0.Beta1/jboss-logging-annotations-1.2.0.Beta1.jar:/root/./workspace/steveswinsburg/sakai/389226744/.m2/org/jboss/spec/javax/transaction/jboss-transaction-api_1.2_spec/1.0.0.Final/jboss-transaction-api_1.2_spec-1.0.0.Final.jar:/root/./workspace/steveswinsburg/sakai/389226744/.m2/dom4j/dom4j/1.6.1/dom4j-1.6.1.jar:/root/./workspace/steveswinsburg/sakai/389226744/.m2/xml-apis/xml-apis/1.4.01/xml-apis-1.4.01.jar:/root/./workspace/steveswinsburg/sakai/389226744/.m2/org/hibernate/common/hibernate-commons-annotations/4.0.5.Final/hibernate-commons-annotations-4.0.5.Final.jar:/root/./workspace/steveswinsburg/sakai/389226744/.m2/org/hibernate/javax/persistence/hibernate-jpa-2.1-api/1.0.0.Final/hibernate-jpa-2.1-api-1.0.0.Final.jar:/root/./workspace/steveswinsburg/sakai/389226744/.m2/antlr/antlr/2.7.7/antlr-2.7.7.jar:/root/./workspace/steveswinsburg/sakai/389226744/.m2/org/jboss/jandex/1.1.0.Final/jandex-1.1.0.Final.jar:/root/./workspace/steveswinsburg/sakai/389226744/.m2/com/opencsv/opencsv/4.1/opencsv-4.1.jar:/root/./workspace/steveswinsburg/sakai/389226744/.m2/org/apache/commons/commons-lang3/3.6/commons-lang3-3.6.jar:/root/./workspace/steveswinsburg/sakai/389226744/.m2/org/apache/commons/commons-text/1.1/commons-text-1.1.jar:/root/./workspace/steveswinsburg/sakai/389226744/.m2/commons-beanutils/commons-beanutils/1.7.0/commons-beanutils-1.7.0.jar:/root/./workspace/steveswinsburg/sakai/389226744/.m2/commons-lang/commons-lang/2.6/commons-lang-2.6.jar:/root/./workspace/steveswinsburg/sakai/389226744/.m2/commons-collections/commons-collections/3.2.2/commons-collections-3.2.2.jar:/root/./workspace/steveswinsburg/sakai/389226744/.m2/org/hibernate/hibernate-ehcache/4.3.11.Final/hibernate-ehcache-4.3.11.Final.jar:/root/./workspace/steveswinsburg/sakai/389226744/.m2/net/sf/ehcache/ehcache-core/2.6.11/ehcache-core-2.6.11.jar:/root/./workspace/steveswinsburg/sakai/389226744/.m2/org/javassist/javassist/3.18.2-GA/javassist-3.18.2-GA.jar:/root/./workspace/steveswinsburg/sakai/389226744/.m2/org/springframework/spring-jdbc/4.3.14.RELEASE/spring-jdbc-4.3.14.RELEASE.jar:/root/./workspace/steveswinsburg/sakai/389226744/.m2/org/springframework/spring-test/4.3.14.RELEASE/spring-test-4.3.14.RELEASE.jar:/root/./workspace/steveswinsburg/sakai/389226744/.m2/commons-io/commons-io/2.5/commons-io-2.5.jar:/root/./workspace/steveswinsburg/sakai/389226744/.m2/org/hsqldb/hsqldb/2.3.4/hsqldb-2.3.4.jar:/root/./workspace/steveswinsburg/sakai/389226744/.m2/mysql/mysql-connector-java/5.1.9/mysql-connector-java-5.1.9.jar:/root/./workspace/steveswinsburg/sakai/389226744/.m2/org/mockito/mockito-core/2.18.3/mockito-core-2.18.3.jar:/root/./workspace/steveswinsburg/sakai/389226744/.m2/net/bytebuddy/byte-buddy/1.8.5/byte-buddy-1.8.5.jar:/root/./workspace/steveswinsburg/sakai/389226744/.m2/net/bytebuddy/byte-buddy-agent/1.8.5/byte-buddy-agent-1.8.5.jar:/root/./workspace/steveswinsburg/sakai/389226744/.m2/org/objenesis/objenesis/2.6/objenesis-2.6.jar:/root/./workspace/steveswinsburg/sakai/389226744/.m2/javax/inject/javax.inject/1/javax.inject-1.jar:/root/./workspace/steveswinsburg/sakai/389226744/.m2/org/slf4j/slf4j-api/1.7.25/slf4j-api-1.7.25.jar:/root/./workspace/steveswinsburg/sakai/389226744/.m2/org/slf4j/slf4j-log4j12/1.7.25/slf4j-log4j12-1.7.25.jar:/root/./workspace/steveswinsburg/sakai/389226744/.m2/org/slf4j/jcl-over-slf4j/1.7.25/jcl-over-slf4j-1.7.25.jar:/root/./workspace/steveswinsburg/sakai/389226744/.m2/log4j/log4j/1.2.17/log4j-1.2.17.jar:/root/./workspace/steveswinsburg/sakai/389226744/.m2/org/projectlombok/lombok/1.16.20/lombok-1.16.20.jar:/root/./workspace/steveswinsburg/sakai/389226744/.m2/junit/junit/4.12/junit-4.12.jar:/root/./workspace/steveswinsburg/sakai/389226744/.m2/org/hamcrest/hamcrest-core/1.3/hamcrest-core-1.3.jar:"/>
    <property name="java.vm.specification.name" value="Java Virtual Machine Specification"/>
    <property name="java.vm.specification.version" value="1.8"/>
    <property name="sun.cpu.endian" value="little"/>
    <property name="sun.os.patch.level" value="unknown"/>
    <property name="java.awt.headless" value="true"/>
    <property name="surefire.test.class.path" value="/root/workspace/steveswinsburg/sakai/389226744/jobscheduler/scheduler-component-shared/target/test-classes:/root/workspace/steveswinsburg/sakai/389226744/jobscheduler/scheduler-component-shared/target/classes:/root/workspace/steveswinsburg/sakai/389226744/jobscheduler/scheduler-api/target/classes:/root/workspace/steveswinsburg/sakai/389226744/jobscheduler/scheduler-events-model/target/classes:/root/workspace/steveswinsburg/sakai/389226744/kernel/api/target/classes:/root/workspace/steveswinsburg/sakai/389226744/kernel/component-manager/target/classes:/root/workspace/steveswinsburg/sakai/389226744/edu-services/cm-service/cm-api/api/target/classes:/root/workspace/steveswinsburg/sakai/389226744/common/archive-api/target/classes:/root/workspace/steveswinsburg/sakai/389226744/emailtemplateservice/api/target/classes:/root/./workspace/steveswinsburg/sakai/389226744/.m2/org/quartz-scheduler/quartz/2.2.3/quartz-2.2.3.jar:/root/./workspace/steveswinsburg/sakai/389226744/.m2/c3p0/c3p0/0.9.1.1/c3p0-0.9.1.1.jar:/root/./workspace/steveswinsburg/sakai/389226744/.m2/org/springframework/spring-core/4.3.14.RELEASE/spring-core-4.3.14.RELEASE.jar:/root/./workspace/steveswinsburg/sakai/389226744/.m2/commons-logging/commons-logging/1.2/commons-logging-1.2.jar:/root/./workspace/steveswinsburg/sakai/389226744/.m2/org/springframework/spring-orm/4.3.14.RELEASE/spring-orm-4.3.14.RELEASE.jar:/root/./workspace/steveswinsburg/sakai/389226744/.m2/org/springframework/spring-beans/4.3.14.RELEASE/spring-beans-4.3.14.RELEASE.jar:/root/./workspace/steveswinsburg/sakai/389226744/.m2/org/springframework/spring-context/4.3.14.RELEASE/spring-context-4.3.14.RELEASE.jar:/root/./workspace/steveswinsburg/sakai/389226744/.m2/org/springframework/spring-aop/4.3.14.RELEASE/spring-aop-4.3.14.RELEASE.jar:/root/./workspace/steveswinsburg/sakai/389226744/.m2/org/springframework/spring-expression/4.3.14.RELEASE/spring-expression-4.3.14.RELEASE.jar:/root/./workspace/steveswinsburg/sakai/389226744/.m2/org/springframework/spring-context-support/4.3.14.RELEASE/spring-context-support-4.3.14.RELEASE.jar:/root/./workspace/steveswinsburg/sakai/389226744/.m2/org/springframework/spring-tx/4.3.14.RELEASE/spring-tx-4.3.14.RELEASE.jar:/root/./workspace/steveswinsburg/sakai/389226744/.m2/org/hibernate/hibernate-core/4.3.11.Final/hibernate-core-4.3.11.Final.jar:/root/./workspace/steveswinsburg/sakai/389226744/.m2/org/jboss/logging/jboss-logging/3.1.3.GA/jboss-logging-3.1.3.GA.jar:/root/./workspace/steveswinsburg/sakai/389226744/.m2/org/jboss/logging/jboss-logging-annotations/1.2.0.Beta1/jboss-logging-annotations-1.2.0.Beta1.jar:/root/./workspace/steveswinsburg/sakai/389226744/.m2/org/jboss/spec/javax/transaction/jboss-transaction-api_1.2_spec/1.0.0.Final/jboss-transaction-api_1.2_spec-1.0.0.Final.jar:/root/./workspace/steveswinsburg/sakai/389226744/.m2/dom4j/dom4j/1.6.1/dom4j-1.6.1.jar:/root/./workspace/steveswinsburg/sakai/389226744/.m2/xml-apis/xml-apis/1.4.01/xml-apis-1.4.01.jar:/root/./workspace/steveswinsburg/sakai/389226744/.m2/org/hibernate/common/hibernate-commons-annotations/4.0.5.Final/hibernate-commons-annotations-4.0.5.Final.jar:/root/./workspace/steveswinsburg/sakai/389226744/.m2/org/hibernate/javax/persistence/hibernate-jpa-2.1-api/1.0.0.Final/hibernate-jpa-2.1-api-1.0.0.Final.jar:/root/./workspace/steveswinsburg/sakai/389226744/.m2/antlr/antlr/2.7.7/antlr-2.7.7.jar:/root/./workspace/steveswinsburg/sakai/389226744/.m2/org/jboss/jandex/1.1.0.Final/jandex-1.1.0.Final.jar:/root/./workspace/steveswinsburg/sakai/389226744/.m2/com/opencsv/opencsv/4.1/opencsv-4.1.jar:/root/./workspace/steveswinsburg/sakai/389226744/.m2/org/apache/commons/commons-lang3/3.6/commons-lang3-3.6.jar:/root/./workspace/steveswinsburg/sakai/389226744/.m2/org/apache/commons/commons-text/1.1/commons-text-1.1.jar:/root/./workspace/steveswinsburg/sakai/389226744/.m2/commons-beanutils/commons-beanutils/1.7.0/commons-beanutils-1.7.0.jar:/root/./workspace/steveswinsburg/sakai/389226744/.m2/commons-lang/commons-lang/2.6/commons-lang-2.6.jar:/root/./workspace/steveswinsburg/sakai/389226744/.m2/commons-collections/commons-collections/3.2.2/commons-collections-3.2.2.jar:/root/./workspace/steveswinsburg/sakai/389226744/.m2/org/hibernate/hibernate-ehcache/4.3.11.Final/hibernate-ehcache-4.3.11.Final.jar:/root/./workspace/steveswinsburg/sakai/389226744/.m2/net/sf/ehcache/ehcache-core/2.6.11/ehcache-core-2.6.11.jar:/root/./workspace/steveswinsburg/sakai/389226744/.m2/org/javassist/javassist/3.18.2-GA/javassist-3.18.2-GA.jar:/root/./workspace/steveswinsburg/sakai/389226744/.m2/org/springframework/spring-jdbc/4.3.14.RELEASE/spring-jdbc-4.3.14.RELEASE.jar:/root/./workspace/steveswinsburg/sakai/389226744/.m2/org/springframework/spring-test/4.3.14.RELEASE/spring-test-4.3.14.RELEASE.jar:/root/./workspace/steveswinsburg/sakai/389226744/.m2/commons-io/commons-io/2.5/commons-io-2.5.jar:/root/./workspace/steveswinsburg/sakai/389226744/.m2/org/hsqldb/hsqldb/2.3.4/hsqldb-2.3.4.jar:/root/./workspace/steveswinsburg/sakai/389226744/.m2/mysql/mysql-connector-java/5.1.9/mysql-connector-java-5.1.9.jar:/root/./workspace/steveswinsburg/sakai/389226744/.m2/org/mockito/mockito-core/2.18.3/mockito-core-2.18.3.jar:/root/./workspace/steveswinsburg/sakai/389226744/.m2/net/bytebuddy/byte-buddy/1.8.5/byte-buddy-1.8.5.jar:/root/./workspace/steveswinsburg/sakai/389226744/.m2/net/bytebuddy/byte-buddy-agent/1.8.5/byte-buddy-agent-1.8.5.jar:/root/./workspace/steveswinsburg/sakai/389226744/.m2/org/objenesis/objenesis/2.6/objenesis-2.6.jar:/root/./workspace/steveswinsburg/sakai/389226744/.m2/javax/inject/javax.inject/1/javax.inject-1.jar:/root/./workspace/steveswinsburg/sakai/389226744/.m2/org/slf4j/slf4j-api/1.7.25/slf4j-api-1.7.25.jar:/root/./workspace/steveswinsburg/sakai/389226744/.m2/org/slf4j/slf4j-log4j12/1.7.25/slf4j-log4j12-1.7.25.jar:/root/./workspace/steveswinsburg/sakai/389226744/.m2/org/slf4j/jcl-over-slf4j/1.7.25/jcl-over-slf4j-1.7.25.jar:/root/./workspace/steveswinsburg/sakai/389226744/.m2/log4j/log4j/1.2.17/log4j-1.2.17.jar:/root/./workspace/steveswinsburg/sakai/389226744/.m2/org/projectlombok/lombok/1.16.20/lombok-1.16.20.jar:/root/./workspace/steveswinsburg/sakai/389226744/.m2/junit/junit/4.12/junit-4.12.jar:/root/./workspace/steveswinsburg/sakai/389226744/.m2/org/hamcrest/hamcrest-core/1.3/hamcrest-core-1.3.jar:"/>
    <property name="java.io.tmpdir" value="/tmp"/>
    <property name="java.vendor.url.bug" value="http://bugreport.sun.com/bugreport/"/>
    <property name="os.arch" value="amd64"/>
    <property name="java.awt.graphicsenv" value="sun.awt.X11GraphicsEnvironment"/>
    <property name="java.ext.dirs" value="/usr/lib/jvm/java-8-openjdk-amd64/jre/lib/ext:/usr/java/packages/lib/ext"/>
    <property name="user.dir" value="/root/workspace/steveswinsburg/sakai/389226744/jobscheduler/scheduler-component-shared"/>
    <property name="skipITs" value="true"/>
    <property name="line.separator" value="
"/>
    <property name="java.vm.name" value="OpenJDK 64-Bit Server VM"/>
    <property name="enforcer.skip" value="true"/>
    <property name="skip.gulp" value="true"/>
    <property name="basedir" value="/root/workspace/steveswinsburg/sakai/389226744/jobscheduler/scheduler-component-shared"/>
    <property name="skip.bower" value="true"/>
    <property name="skip.npm" value="true"/>
    <property name="file.encoding" value="UTF-8"/>
    <property name="license.skip" value="true"/>
    <property name="java.specification.version" value="1.8"/>
  </properties>
  <testcase classname="org.sakaiproject.component.app.scheduler.ContextMappingDAOTest" name="testNotFound" time="0.053"/>
  <testcase classname="org.sakaiproject.component.app.scheduler.ContextMappingDAOTest" name="testRemoveNotFound" time="0.01"/>
  <testcase classname="org.sakaiproject.component.app.scheduler.ContextMappingDAOTest" name="testFind" time="0.003"/>
  <testcase classname="org.sakaiproject.component.app.scheduler.ContextMappingDAOTest" name="testAddAndFind" time="0.012"/>
  <testcase classname="org.sakaiproject.component.app.scheduler.ContextMappingDAOTest" name="testAddRemoveByUuid" time="0.027"/>
  <testcase classname="org.sakaiproject.component.app.scheduler.ContextMappingDAOTest" name="testAddRemove" time="0.012"/>
  <testcase classname="org.sakaiproject.component.app.scheduler.ContextMappingDAOTest" name="testAddAdd" time="0.006"/>
</testsuite>