<?xml version="1.0" encoding="UTF-8"?>
<!-- Generated by org.testng.reporters.JUnitReportReporter -->
<testsuite hostname="cyclone1" name="org.molgenis.r.RScriptExecutorTest" tests="2" failures="0" timestamp="1 Jun 2018 11:42:42 GMT" time="2.020" errors="0">
  <testcase name="testExecuteScriptFileOutput" time="1.961" classname="org.molgenis.r.RScriptExecutorTest"/>
  <testcase name="testExecuteScriptValueOutput" time="0.059" classname="org.molgenis.r.RScriptExecutorTest"/>
</testsuite> <!-- org.molgenis.r.RScriptExecutorTest -->
