<?xml version="1.0" encoding="UTF-8"?>
<!-- Generated by org.testng.reporters.JUnitReportReporter -->
<testsuite skipped="0" hostname="cyclone1" name="io.axway.iron.spi.file.FileStoreTest" tests="2" failures="0" timestamp="11 Jun 2018 09:48:14 GMT" time="3.159" errors="0">
  <testcase name="shouldCreateCompanySequenceBeRight" time="2.127" classname="io.axway.iron.spi.file.FileStoreTest"/>
  <testcase name="should" time="1.032" classname="io.axway.iron.spi.file.FileStoreTest"/>
</testsuite> <!-- io.axway.iron.spi.file.FileStoreTest -->
