<?xml version="1.0" encoding="UTF-8"?>
<!-- Generated by org.testng.reporters.JUnitReportReporter -->
<testsuite skipped="0" hostname="cyclone1" name="io.axway.iron.spi.file.IronMigrationTest" tests="2" failures="2" timestamp="11 Jun 2018 09:48:14 GMT" time="0.189" errors="0">
  <testcase name="test" time="0.037" classname="io.axway.iron.spi.file.IronMigrationTest">
    <failure type="java.lang.AssertionError" message="[full iron] 
Expecting:
  &lt;[&quot;tmp-iron-test/iron-spi-file-inttest/a7f939a9-137f-4733-b188-65b98a0bad9d/ironFull.new/tenant/snapshot/00000000000000000000/3.snapshot&quot;,
    &quot;tmp-iron-test/iron-spi-file-inttest/a7f939a9-137f-4733-b188-65b98a0bad9d/ironFull.new/global/snapshot/00000000000000000000/global.snapshot&quot;,
    &quot;tmp-iron-test/iron-spi-file-inttest/a7f939a9-137f-4733-b188-65b98a0bad9d/ironFull.new/tenant/snapshot/00000000000000000000/0.snapshot&quot;,
    &quot;tmp-iron-test/iron-spi-file-inttest/a7f939a9-137f-4733-b188-65b98a0bad9d/ironFull.new/tenant/snapshot/00000000000000000000/1.snapshot&quot;,
    &quot;tmp-iron-test/iron-spi-file-inttest/a7f939a9-137f-4733-b188-65b98a0bad9d/ironFull.new/tenant/snapshot/00000000000000000000/7.snapshot&quot;,
    &quot;tmp-iron-test/iron-spi-file-inttest/a7f939a9-137f-4733-b188-65b98a0bad9d/ironFull.new/tenant/snapshot/00000000000000000000/9.snapshot&quot;,
    &quot;tmp-iron-test/iron-spi-file-inttest/a7f939a9-137f-4733-b188-65b98a0bad9d/ironFull.new/tenant/snapshot/00000000000000000000/2.snapshot&quot;,
    &quot;tmp-iron-test/iron-spi-file-inttest/a7f939a9-137f-4733-b188-65b98a0bad9d/ironFull.new/tenant/snapshot/00000000000000000000/5.snapshot&quot;,
    &quot;tmp-iron-test/iron-spi-file-inttest/a7f939a9-137f-4733-b188-65b98a0bad9d/ironFull.new/tenant/snapshot/00000000000000000000/4.snapshot&quot;,
    &quot;tmp-iron-test/iron-spi-file-inttest/a7f939a9-137f-4733-b188-65b98a0bad9d/ironFull.new/tenant/snapshot/00000000000000000000/6.snapshot&quot;,
    &quot;tmp-iron-test/iron-spi-file-inttest/a7f939a9-137f-4733-b188-65b98a0bad9d/ironFull.new/tenant/snapshot/00000000000000000000/8.snapshot&quot;]&gt;
to contain exactly in any order:
  &lt;[&quot;tmp-iron-test/iron-spi-file-inttest/a7f939a9-137f-4733-b188-65b98a0bad9d/ironFull.new\tenant\snapshot\00000000000000000000\0.snapshot&quot;,
    &quot;tmp-iron-test/iron-spi-file-inttest/a7f939a9-137f-4733-b188-65b98a0bad9d/ironFull.new\tenant\snapshot\00000000000000000000\1.snapshot&quot;,
    &quot;tmp-iron-test/iron-spi-file-inttest/a7f939a9-137f-4733-b188-65b98a0bad9d/ironFull.new\tenant\snapshot\00000000000000000000\2.snapshot&quot;,
    &quot;tmp-iron-test/iron-spi-file-inttest/a7f939a9-137f-4733-b188-65b98a0bad9d/ironFull.new\tenant\snapshot\00000000000000000000\3.snapshot&quot;,
    &quot;tmp-iron-test/iron-spi-file-inttest/a7f939a9-137f-4733-b188-65b98a0bad9d/ironFull.new\tenant\snapshot\00000000000000000000\4.snapshot&quot;,
    &quot;tmp-iron-test/iron-spi-file-inttest/a7f939a9-137f-4733-b188-65b98a0bad9d/ironFull.new\tenant\snapshot\00000000000000000000\5.snapshot&quot;,
    &quot;tmp-iron-test/iron-spi-file-inttest/a7f939a9-137f-4733-b188-65b98a0bad9d/ironFull.new\tenant\snapshot\00000000000000000000\6.snapshot&quot;,
    &quot;tmp-iron-test/iron-spi-file-inttest/a7f939a9-137f-4733-b188-65b98a0bad9d/ironFull.new\tenant\snapshot\00000000000000000000\7.snapshot&quot;,
    &quot;tmp-iron-test/iron-spi-file-inttest/a7f939a9-137f-4733-b188-65b98a0bad9d/ironFull.new\tenant\snapshot\00000000000000000000\8.snapshot&quot;,
    &quot;tmp-iron-test/iron-spi-file-inttest/a7f939a9-137f-4733-b188-65b98a0bad9d/ironFull.new\tenant\snapshot\00000000000000000000\9.snapshot&quot;,
    &quot;tmp-iron-test/iron-spi-file-inttest/a7f939a9-137f-4733-b188-65b98a0bad9d/ironFull.new\global\snapshot\00000000000000000000\global.snapshot&quot;]&gt;
elements not found:
  &lt;[&quot;tmp-iron-test/iron-spi-file-inttest/a7f939a9-137f-4733-b188-65b98a0bad9d/ironFull.new\tenant\snapshot\00000000000000000000\0.snapshot&quot;,
    &quot;tmp-iron-test/iron-spi-file-inttest/a7f939a9-137f-4733-b188-65b98a0bad9d/ironFull.new\tenant\snapshot\00000000000000000000\1.snapshot&quot;,
    &quot;tmp-iron-test/iron-spi-file-inttest/a7f939a9-137f-4733-b188-65b98a0bad9d/ironFull.new\tenant\snapshot\00000000000000000000\2.snapshot&quot;,
    &quot;tmp-iron-test/iron-spi-file-inttest/a7f939a9-137f-4733-b188-65b98a0bad9d/ironFull.new\tenant\snapshot\00000000000000000000\3.snapshot&quot;,
    &quot;tmp-iron-test/iron-spi-file-inttest/a7f939a9-137f-4733-b188-65b98a0bad9d/ironFull.new\tenant\snapshot\00000000000000000000\4.snapshot&quot;,
    &quot;tmp-iron-test/iron-spi-file-inttest/a7f939a9-137f-4733-b188-65b98a0bad9d/ironFull.new\tenant\snapshot\00000000000000000000\5.snapshot&quot;,
    &quot;tmp-iron-test/iron-spi-file-inttest/a7f939a9-137f-4733-b188-65b98a0bad9d/ironFull.new\tenant\snapshot\00000000000000000000\6.snapshot&quot;,
    &quot;tmp-iron-test/iron-spi-file-inttest/a7f939a9-137f-4733-b188-65b98a0bad9d/ironFull.new\tenant\snapshot\00000000000000000000\7.snapshot&quot;,
    &quot;tmp-iron-test/iron-spi-file-inttest/a7f939a9-137f-4733-b188-65b98a0bad9d/ironFull.new\tenant\snapshot\00000000000000000000\8.snapshot&quot;,
    &quot;tmp-iron-test/iron-spi-file-inttest/a7f939a9-137f-4733-b188-65b98a0bad9d/ironFull.new\tenant\snapshot\00000000000000000000\9.snapshot&quot;,
    &quot;tmp-iron-test/iron-spi-file-inttest/a7f939a9-137f-4733-b188-65b98a0bad9d/ironFull.new\global\snapshot\00000000000000000000\global.snapshot&quot;]&gt;
and elements not expected:
  &lt;[&quot;tmp-iron-test/iron-spi-file-inttest/a7f939a9-137f-4733-b188-65b98a0bad9d/ironFull.new/tenant/snapshot/00000000000000000000/3.snapshot&quot;,
    &quot;tmp-iron-test/iron-spi-file-inttest/a7f939a9-137f-4733-b188-65b98a0bad9d/ironFull.new/global/snapshot/00000000000000000000/global.snapshot&quot;,
    &quot;tmp-iron-test/iron-spi-file-inttest/a7f939a9-137f-4733-b188-65b98a0bad9d/ironFull.new/tenant/snapshot/00000000000000000000/0.snapshot&quot;,
    &quot;tmp-iron-test/iron-spi-file-inttest/a7f939a9-137f-4733-b188-65b98a0bad9d/ironFull.new/tenant/snapshot/00000000000000000000/1.snapshot&quot;,
    &quot;tmp-iron-test/iron-spi-file-inttest/a7f939a9-137f-4733-b188-65b98a0bad9d/ironFull.new/tenant/snapshot/00000000000000000000/7.snapshot&quot;,
    &quot;tmp-iron-test/iron-spi-file-inttest/a7f939a9-137f-4733-b188-65b98a0bad9d/ironFull.new/tenant/snapshot/00000000000000000000/9.snapshot&quot;,
    &quot;tmp-iron-test/iron-spi-file-inttest/a7f939a9-137f-4733-b188-65b98a0bad9d/ironFull.new/tenant/snapshot/00000000000000000000/2.snapshot&quot;,
    &quot;tmp-iron-test/iron-spi-file-inttest/a7f939a9-137f-4733-b188-65b98a0bad9d/ironFull.new/tenant/snapshot/00000000000000000000/5.snapshot&quot;,
    &quot;tmp-iron-test/iron-spi-file-inttest/a7f939a9-137f-4733-b188-65b98a0bad9d/ironFull.new/tenant/snapshot/00000000000000000000/4.snapshot&quot;,
    &quot;tmp-iron-test/iron-spi-file-inttest/a7f939a9-137f-4733-b188-65b98a0bad9d/ironFull.new/tenant/snapshot/00000000000000000000/6.snapshot&quot;,
    &quot;tmp-iron-test/iron-spi-file-inttest/a7f939a9-137f-4733-b188-65b98a0bad9d/ironFull.new/tenant/snapshot/00000000000000000000/8.snapshot&quot;]&gt;
">
      <![CDATA[java.lang.AssertionError: [full iron] 
Expecting:
  <["tmp-iron-test/iron-spi-file-inttest/a7f939a9-137f-4733-b188-65b98a0bad9d/ironFull.new/tenant/snapshot/00000000000000000000/3.snapshot",
    "tmp-iron-test/iron-spi-file-inttest/a7f939a9-137f-4733-b188-65b98a0bad9d/ironFull.new/global/snapshot/00000000000000000000/global.snapshot",
    "tmp-iron-test/iron-spi-file-inttest/a7f939a9-137f-4733-b188-65b98a0bad9d/ironFull.new/tenant/snapshot/00000000000000000000/0.snapshot",
    "tmp-iron-test/iron-spi-file-inttest/a7f939a9-137f-4733-b188-65b98a0bad9d/ironFull.new/tenant/snapshot/00000000000000000000/1.snapshot",
    "tmp-iron-test/iron-spi-file-inttest/a7f939a9-137f-4733-b188-65b98a0bad9d/ironFull.new/tenant/snapshot/00000000000000000000/7.snapshot",
    "tmp-iron-test/iron-spi-file-inttest/a7f939a9-137f-4733-b188-65b98a0bad9d/ironFull.new/tenant/snapshot/00000000000000000000/9.snapshot",
    "tmp-iron-test/iron-spi-file-inttest/a7f939a9-137f-4733-b188-65b98a0bad9d/ironFull.new/tenant/snapshot/00000000000000000000/2.snapshot",
    "tmp-iron-test/iron-spi-file-inttest/a7f939a9-137f-4733-b188-65b98a0bad9d/ironFull.new/tenant/snapshot/00000000000000000000/5.snapshot",
    "tmp-iron-test/iron-spi-file-inttest/a7f939a9-137f-4733-b188-65b98a0bad9d/ironFull.new/tenant/snapshot/00000000000000000000/4.snapshot",
    "tmp-iron-test/iron-spi-file-inttest/a7f939a9-137f-4733-b188-65b98a0bad9d/ironFull.new/tenant/snapshot/00000000000000000000/6.snapshot",
    "tmp-iron-test/iron-spi-file-inttest/a7f939a9-137f-4733-b188-65b98a0bad9d/ironFull.new/tenant/snapshot/00000000000000000000/8.snapshot"]>
to contain exactly in any order:
  <["tmp-iron-test/iron-spi-file-inttest/a7f939a9-137f-4733-b188-65b98a0bad9d/ironFull.new\tenant\snapshot\00000000000000000000\0.snapshot",
    "tmp-iron-test/iron-spi-file-inttest/a7f939a9-137f-4733-b188-65b98a0bad9d/ironFull.new\tenant\snapshot\00000000000000000000\1.snapshot",
    "tmp-iron-test/iron-spi-file-inttest/a7f939a9-137f-4733-b188-65b98a0bad9d/ironFull.new\tenant\snapshot\00000000000000000000\2.snapshot",
    "tmp-iron-test/iron-spi-file-inttest/a7f939a9-137f-4733-b188-65b98a0bad9d/ironFull.new\tenant\snapshot\00000000000000000000\3.snapshot",
    "tmp-iron-test/iron-spi-file-inttest/a7f939a9-137f-4733-b188-65b98a0bad9d/ironFull.new\tenant\snapshot\00000000000000000000\4.snapshot",
    "tmp-iron-test/iron-spi-file-inttest/a7f939a9-137f-4733-b188-65b98a0bad9d/ironFull.new\tenant\snapshot\00000000000000000000\5.snapshot",
    "tmp-iron-test/iron-spi-file-inttest/a7f939a9-137f-4733-b188-65b98a0bad9d/ironFull.new\tenant\snapshot\00000000000000000000\6.snapshot",
    "tmp-iron-test/iron-spi-file-inttest/a7f939a9-137f-4733-b188-65b98a0bad9d/ironFull.new\tenant\snapshot\00000000000000000000\7.snapshot",
    "tmp-iron-test/iron-spi-file-inttest/a7f939a9-137f-4733-b188-65b98a0bad9d/ironFull.new\tenant\snapshot\00000000000000000000\8.snapshot",
    "tmp-iron-test/iron-spi-file-inttest/a7f939a9-137f-4733-b188-65b98a0bad9d/ironFull.new\tenant\snapshot\00000000000000000000\9.snapshot",
    "tmp-iron-test/iron-spi-file-inttest/a7f939a9-137f-4733-b188-65b98a0bad9d/ironFull.new\global\snapshot\00000000000000000000\global.snapshot"]>
elements not found:
  <["tmp-iron-test/iron-spi-file-inttest/a7f939a9-137f-4733-b188-65b98a0bad9d/ironFull.new\tenant\snapshot\00000000000000000000\0.snapshot",
    "tmp-iron-test/iron-spi-file-inttest/a7f939a9-137f-4733-b188-65b98a0bad9d/ironFull.new\tenant\snapshot\00000000000000000000\1.snapshot",
    "tmp-iron-test/iron-spi-file-inttest/a7f939a9-137f-4733-b188-65b98a0bad9d/ironFull.new\tenant\snapshot\00000000000000000000\2.snapshot",
    "tmp-iron-test/iron-spi-file-inttest/a7f939a9-137f-4733-b188-65b98a0bad9d/ironFull.new\tenant\snapshot\00000000000000000000\3.snapshot",
    "tmp-iron-test/iron-spi-file-inttest/a7f939a9-137f-4733-b188-65b98a0bad9d/ironFull.new\tenant\snapshot\00000000000000000000\4.snapshot",
    "tmp-iron-test/iron-spi-file-inttest/a7f939a9-137f-4733-b188-65b98a0bad9d/ironFull.new\tenant\snapshot\00000000000000000000\5.snapshot",
    "tmp-iron-test/iron-spi-file-inttest/a7f939a9-137f-4733-b188-65b98a0bad9d/ironFull.new\tenant\snapshot\00000000000000000000\6.snapshot",
    "tmp-iron-test/iron-spi-file-inttest/a7f939a9-137f-4733-b188-65b98a0bad9d/ironFull.new\tenant\snapshot\00000000000000000000\7.snapshot",
    "tmp-iron-test/iron-spi-file-inttest/a7f939a9-137f-4733-b188-65b98a0bad9d/ironFull.new\tenant\snapshot\00000000000000000000\8.snapshot",
    "tmp-iron-test/iron-spi-file-inttest/a7f939a9-137f-4733-b188-65b98a0bad9d/ironFull.new\tenant\snapshot\00000000000000000000\9.snapshot",
    "tmp-iron-test/iron-spi-file-inttest/a7f939a9-137f-4733-b188-65b98a0bad9d/ironFull.new\global\snapshot\00000000000000000000\global.snapshot"]>
and elements not expected:
  <["tmp-iron-test/iron-spi-file-inttest/a7f939a9-137f-4733-b188-65b98a0bad9d/ironFull.new/tenant/snapshot/00000000000000000000/3.snapshot",
    "tmp-iron-test/iron-spi-file-inttest/a7f939a9-137f-4733-b188-65b98a0bad9d/ironFull.new/global/snapshot/00000000000000000000/global.snapshot",
    "tmp-iron-test/iron-spi-file-inttest/a7f939a9-137f-4733-b188-65b98a0bad9d/ironFull.new/tenant/snapshot/00000000000000000000/0.snapshot",
    "tmp-iron-test/iron-spi-file-inttest/a7f939a9-137f-4733-b188-65b98a0bad9d/ironFull.new/tenant/snapshot/00000000000000000000/1.snapshot",
    "tmp-iron-test/iron-spi-file-inttest/a7f939a9-137f-4733-b188-65b98a0bad9d/ironFull.new/tenant/snapshot/00000000000000000000/7.snapshot",
    "tmp-iron-test/iron-spi-file-inttest/a7f939a9-137f-4733-b188-65b98a0bad9d/ironFull.new/tenant/snapshot/00000000000000000000/9.snapshot",
    "tmp-iron-test/iron-spi-file-inttest/a7f939a9-137f-4733-b188-65b98a0bad9d/ironFull.new/tenant/snapshot/00000000000000000000/2.snapshot",
    "tmp-iron-test/iron-spi-file-inttest/a7f939a9-137f-4733-b188-65b98a0bad9d/ironFull.new/tenant/snapshot/00000000000000000000/5.snapshot",
    "tmp-iron-test/iron-spi-file-inttest/a7f939a9-137f-4733-b188-65b98a0bad9d/ironFull.new/tenant/snapshot/00000000000000000000/4.snapshot",
    "tmp-iron-test/iron-spi-file-inttest/a7f939a9-137f-4733-b188-65b98a0bad9d/ironFull.new/tenant/snapshot/00000000000000000000/6.snapshot",
    "tmp-iron-test/iron-spi-file-inttest/a7f939a9-137f-4733-b188-65b98a0bad9d/ironFull.new/tenant/snapshot/00000000000000000000/8.snapshot"]>

at io.axway.iron.spi.file.IronMigrationTest.test(IronMigrationTest.java:79)
at sun.reflect.NativeMethodAccessorImpl.invoke0(Native Method)
at java.lang.reflect.Method.invoke(Method.java:498)
at org.apache.maven.surefire.testng.TestNGExecutor.run(TestNGExecutor.java:135)
at org.apache.maven.surefire.testng.TestNGDirectoryTestSuite.executeMulti(TestNGDirectoryTestSuite.java:193)
at org.apache.maven.surefire.testng.TestNGDirectoryTestSuite.execute(TestNGDirectoryTestSuite.java:94)
at org.apache.maven.surefire.testng.TestNGProvider.invoke(TestNGProvider.java:146)
at org.apache.maven.surefire.booter.ForkedBooter.invokeProviderInSameClassLoader(ForkedBooter.java:379)
at org.apache.maven.surefire.booter.ForkedBooter.runSuitesInProcess(ForkedBooter.java:340)
at org.apache.maven.surefire.booter.ForkedBooter.execute(ForkedBooter.java:125)
at org.apache.maven.surefire.booter.ForkedBooter.main(ForkedBooter.java:413)
]]>
    </failure>
  </testcase> <!-- test -->
  <testcase name="test" time="0.152" classname="io.axway.iron.spi.file.IronMigrationTest">
    <failure type="java.lang.AssertionError" message="[simple iron] 
Expecting:
  &lt;[&quot;tmp-iron-test/iron-spi-file-inttest/694e9f6c-7df8-44d3-a7d1-c35b521083bc/iron.new/tenant/snapshot/00000000000000000000/1.snapshot&quot;,
    &quot;tmp-iron-test/iron-spi-file-inttest/694e9f6c-7df8-44d3-a7d1-c35b521083bc/iron.new/global/snapshot/00000000000000000000/global.snapshot&quot;,
    &quot;tmp-iron-test/iron-spi-file-inttest/694e9f6c-7df8-44d3-a7d1-c35b521083bc/iron.new/tenant/snapshot/00000000000000000000/0.snapshot&quot;,
    &quot;tmp-iron-test/iron-spi-file-inttest/694e9f6c-7df8-44d3-a7d1-c35b521083bc/iron.new/tenant/snapshot/00000000000000000000/2.snapshot&quot;]&gt;
to contain exactly in any order:
  &lt;[&quot;tmp-iron-test/iron-spi-file-inttest/694e9f6c-7df8-44d3-a7d1-c35b521083bc/iron.new\tenant\snapshot\00000000000000000000\0.snapshot&quot;,
    &quot;tmp-iron-test/iron-spi-file-inttest/694e9f6c-7df8-44d3-a7d1-c35b521083bc/iron.new\tenant\snapshot\00000000000000000000\1.snapshot&quot;,
    &quot;tmp-iron-test/iron-spi-file-inttest/694e9f6c-7df8-44d3-a7d1-c35b521083bc/iron.new\tenant\snapshot\00000000000000000000\2.snapshot&quot;,
    &quot;tmp-iron-test/iron-spi-file-inttest/694e9f6c-7df8-44d3-a7d1-c35b521083bc/iron.new\global\snapshot\00000000000000000000\global.snapshot&quot;]&gt;
elements not found:
  &lt;[&quot;tmp-iron-test/iron-spi-file-inttest/694e9f6c-7df8-44d3-a7d1-c35b521083bc/iron.new\tenant\snapshot\00000000000000000000\0.snapshot&quot;,
    &quot;tmp-iron-test/iron-spi-file-inttest/694e9f6c-7df8-44d3-a7d1-c35b521083bc/iron.new\tenant\snapshot\00000000000000000000\1.snapshot&quot;,
    &quot;tmp-iron-test/iron-spi-file-inttest/694e9f6c-7df8-44d3-a7d1-c35b521083bc/iron.new\tenant\snapshot\00000000000000000000\2.snapshot&quot;,
    &quot;tmp-iron-test/iron-spi-file-inttest/694e9f6c-7df8-44d3-a7d1-c35b521083bc/iron.new\global\snapshot\00000000000000000000\global.snapshot&quot;]&gt;
and elements not expected:
  &lt;[&quot;tmp-iron-test/iron-spi-file-inttest/694e9f6c-7df8-44d3-a7d1-c35b521083bc/iron.new/tenant/snapshot/00000000000000000000/1.snapshot&quot;,
    &quot;tmp-iron-test/iron-spi-file-inttest/694e9f6c-7df8-44d3-a7d1-c35b521083bc/iron.new/global/snapshot/00000000000000000000/global.snapshot&quot;,
    &quot;tmp-iron-test/iron-spi-file-inttest/694e9f6c-7df8-44d3-a7d1-c35b521083bc/iron.new/tenant/snapshot/00000000000000000000/0.snapshot&quot;,
    &quot;tmp-iron-test/iron-spi-file-inttest/694e9f6c-7df8-44d3-a7d1-c35b521083bc/iron.new/tenant/snapshot/00000000000000000000/2.snapshot&quot;]&gt;
">
      <![CDATA[java.lang.AssertionError: [simple iron] 
Expecting:
  <["tmp-iron-test/iron-spi-file-inttest/694e9f6c-7df8-44d3-a7d1-c35b521083bc/iron.new/tenant/snapshot/00000000000000000000/1.snapshot",
    "tmp-iron-test/iron-spi-file-inttest/694e9f6c-7df8-44d3-a7d1-c35b521083bc/iron.new/global/snapshot/00000000000000000000/global.snapshot",
    "tmp-iron-test/iron-spi-file-inttest/694e9f6c-7df8-44d3-a7d1-c35b521083bc/iron.new/tenant/snapshot/00000000000000000000/0.snapshot",
    "tmp-iron-test/iron-spi-file-inttest/694e9f6c-7df8-44d3-a7d1-c35b521083bc/iron.new/tenant/snapshot/00000000000000000000/2.snapshot"]>
to contain exactly in any order:
  <["tmp-iron-test/iron-spi-file-inttest/694e9f6c-7df8-44d3-a7d1-c35b521083bc/iron.new\tenant\snapshot\00000000000000000000\0.snapshot",
    "tmp-iron-test/iron-spi-file-inttest/694e9f6c-7df8-44d3-a7d1-c35b521083bc/iron.new\tenant\snapshot\00000000000000000000\1.snapshot",
    "tmp-iron-test/iron-spi-file-inttest/694e9f6c-7df8-44d3-a7d1-c35b521083bc/iron.new\tenant\snapshot\00000000000000000000\2.snapshot",
    "tmp-iron-test/iron-spi-file-inttest/694e9f6c-7df8-44d3-a7d1-c35b521083bc/iron.new\global\snapshot\00000000000000000000\global.snapshot"]>
elements not found:
  <["tmp-iron-test/iron-spi-file-inttest/694e9f6c-7df8-44d3-a7d1-c35b521083bc/iron.new\tenant\snapshot\00000000000000000000\0.snapshot",
    "tmp-iron-test/iron-spi-file-inttest/694e9f6c-7df8-44d3-a7d1-c35b521083bc/iron.new\tenant\snapshot\00000000000000000000\1.snapshot",
    "tmp-iron-test/iron-spi-file-inttest/694e9f6c-7df8-44d3-a7d1-c35b521083bc/iron.new\tenant\snapshot\00000000000000000000\2.snapshot",
    "tmp-iron-test/iron-spi-file-inttest/694e9f6c-7df8-44d3-a7d1-c35b521083bc/iron.new\global\snapshot\00000000000000000000\global.snapshot"]>
and elements not expected:
  <["tmp-iron-test/iron-spi-file-inttest/694e9f6c-7df8-44d3-a7d1-c35b521083bc/iron.new/tenant/snapshot/00000000000000000000/1.snapshot",
    "tmp-iron-test/iron-spi-file-inttest/694e9f6c-7df8-44d3-a7d1-c35b521083bc/iron.new/global/snapshot/00000000000000000000/global.snapshot",
    "tmp-iron-test/iron-spi-file-inttest/694e9f6c-7df8-44d3-a7d1-c35b521083bc/iron.new/tenant/snapshot/00000000000000000000/0.snapshot",
    "tmp-iron-test/iron-spi-file-inttest/694e9f6c-7df8-44d3-a7d1-c35b521083bc/iron.new/tenant/snapshot/00000000000000000000/2.snapshot"]>

at io.axway.iron.spi.file.IronMigrationTest.test(IronMigrationTest.java:79)
at sun.reflect.NativeMethodAccessorImpl.invoke0(Native Method)
at java.lang.reflect.Method.invoke(Method.java:498)
at org.apache.maven.surefire.testng.TestNGExecutor.run(TestNGExecutor.java:135)
at org.apache.maven.surefire.testng.TestNGDirectoryTestSuite.executeMulti(TestNGDirectoryTestSuite.java:193)
at org.apache.maven.surefire.testng.TestNGDirectoryTestSuite.execute(TestNGDirectoryTestSuite.java:94)
at org.apache.maven.surefire.testng.TestNGProvider.invoke(TestNGProvider.java:146)
at org.apache.maven.surefire.booter.ForkedBooter.invokeProviderInSameClassLoader(ForkedBooter.java:379)
at org.apache.maven.surefire.booter.ForkedBooter.runSuitesInProcess(ForkedBooter.java:340)
at org.apache.maven.surefire.booter.ForkedBooter.execute(ForkedBooter.java:125)
at org.apache.maven.surefire.booter.ForkedBooter.main(ForkedBooter.java:413)
]]>
    </failure>
  </testcase> <!-- test -->
</testsuite> <!-- io.axway.iron.spi.file.IronMigrationTest -->
