<?xml version="1.0" encoding="UTF-8"?>
<!-- Generated by org.testng.reporters.JUnitReportReporter -->
<testsuite skipped="0" hostname="cyclone1" name="io.axway.iron.sample.SampleTest" tests="2" failures="0" timestamp="11 Jun 2018 09:48:14 GMT" time="2.787" errors="0">
  <testcase name="testCreateCompany" time="1.741" classname="io.axway.iron.sample.SampleTest"/>
  <testcase name="testCreateCompany" time="1.046" classname="io.axway.iron.sample.SampleTest"/>
</testsuite> <!-- io.axway.iron.sample.SampleTest -->
