<?xml version="1.0" encoding="UTF-8"?>
<!-- Generated by org.testng.reporters.JUnitReportReporter -->
<testsuite skipped="1" hostname="cyclone1" name="io.axway.iron.spi.kafka.SingleKafkaSpiTest" tests="6" failures="0" timestamp="11 Jun 2018 09:48:14 GMT" time="4.447" errors="0">
  <testcase name="shouldOpenNewStore" time="0.001" classname="io.axway.iron.spi.kafka.SingleKafkaSpiTest"/>
  <testcase name="shouldUpdateCompany" time="0.037" classname="io.axway.iron.spi.kafka.SingleKafkaSpiTest"/>
  <testcase name="shouldDeleteCompany" time="0.221" classname="io.axway.iron.spi.kafka.SingleKafkaSpiTest"/>
  <testcase name="shouldResumeFromSnapshot" time="4.159" classname="io.axway.iron.spi.kafka.SingleKafkaSpiTest"/>
  <testcase name="shouldInsertCompanies" time="0.029" classname="io.axway.iron.spi.kafka.SingleKafkaSpiTest"/>
  <testcase name="bench" classname="io.axway.iron.spi.kafka.SingleKafkaSpiTest">
    <skipped/>
  </testcase> <!-- bench -->
</testsuite> <!-- io.axway.iron.spi.kafka.SingleKafkaSpiTest -->
