<?xml version="1.0" encoding="UTF-8"?>
<!-- Generated by org.testng.reporters.JUnitReportReporter -->
<testsuite hostname="cyclone1" name="org.molgenis.settings.controller.SettingsControllerTest" tests="1" failures="0" timestamp="1 Jun 2018 11:54:04 GMT" time="4.339" errors="0">
  <testcase name="testInit" time="4.339" classname="org.molgenis.settings.controller.SettingsControllerTest"/>
</testsuite> <!-- org.molgenis.settings.controller.SettingsControllerTest -->
