<?xml version="1.0" encoding="UTF-8"?>
<!-- Generated by org.testng.reporters.JUnitReportReporter -->
<testsuite hostname="TXQX-0001920" name="com.tda.test.ListTests" tests="1" failures="0" timestamp="24 Sep 2018 14:25:29 GMT" time="0.000" errors="0">
  <testcase name="Test2" time="0.000" classname="com.tda.test.ListTests"/>
</testsuite> <!-- com.tda.test.ListTests -->
