<?xml version="1.0" encoding="UTF-8"?>
<testsuite xmlns:xsi="http://www.w3.org/2001/XMLSchema-instance" xsi:noNamespaceSchemaLocation="https://maven.apache.org/surefire/maven-surefire-plugin/xsd/surefire-test-report.xsd" name="org.eclipse.ditto.services.concierge.batch.actors.BatchCoordinatorActorTest" time="16.575" tests="5" errors="0" skipped="0" failures="2">
  <properties>
    <property name="awt.toolkit" value="sun.awt.X11.XToolkit"/>
    <property name="file.encoding.pkg" value="sun.io"/>
    <property name="java.specification.version" value="1.8"/>
    <property name="sun.cpu.isalist" value=""/>
    <property name="sun.jnu.encoding" value="UTF-8"/>
    <property name="java.class.path" value="/root/workspace/eclipse/ditto/389258289/services/concierge/batch/target/test-classes:/root/workspace/eclipse/ditto/389258289/services/concierge/batch/target/classes:/root/workspace/eclipse/ditto/389258289/signals/commands/batch/target/classes:/root/workspace/eclipse/ditto/389258289/signals/commands/base/target/classes:/root/workspace/eclipse/ditto/389258289/signals/base/target/classes:/root/workspace/eclipse/ditto/389258289/json/target/classes:/root/workspace/eclipse/ditto/389258289/model/base/target/classes:/root/workspace/eclipse/ditto/389258289/signals/events/base/target/classes:/root/workspace/eclipse/ditto/389258289/signals/events/batch/target/classes:/root/workspace/eclipse/ditto/389258289/services/models/concierge/target/classes:/root/workspace/eclipse/ditto/389258289/signals/commands/messages/target/classes:/root/workspace/eclipse/ditto/389258289/model/messages/target/classes:/root/workspace/eclipse/ditto/389258289/signals/commands/things/target/classes:/root/workspace/eclipse/ditto/389258289/model/things/target/classes:/root/workspace/eclipse/ditto/389258289/signals/commands/thingsearch/target/classes:/root/workspace/eclipse/ditto/389258289/model/thingsearch/target/classes:/root/workspace/eclipse/ditto/389258289/services/models/things/target/classes:/root/workspace/eclipse/ditto/389258289/model/policies/target/classes:/root/workspace/eclipse/ditto/389258289/signals/commands/devops/target/classes:/root/workspace/eclipse/ditto/389258289/model/devops/target/classes:/root/workspace/eclipse/ditto/389258289/signals/events/things/target/classes:/root/workspace/eclipse/ditto/389258289/services/utils/cluster/target/classes:/root/workspace/eclipse/ditto/389258289/services/utils/config/target/classes:/root/./workspace/eclipse/ditto/389258289/.m2/com/typesafe/akka/akka-cluster-sharding_2.12/2.5.13/akka-cluster-sharding_2.12-2.5.13.jar:/root/./workspace/eclipse/ditto/389258289/.m2/com/typesafe/akka/akka-distributed-data_2.12/2.5.13/akka-distributed-data_2.12-2.5.13.jar:/root/./workspace/eclipse/ditto/389258289/.m2/org/lmdbjava/lmdbjava/0.6.0/lmdbjava-0.6.0.jar:/root/./workspace/eclipse/ditto/389258289/.m2/com/github/jnr/jnr-ffi/2.1.6/jnr-ffi-2.1.6.jar:/root/./workspace/eclipse/ditto/389258289/.m2/com/github/jnr/jffi/1.2.16/jffi-1.2.16.jar:/root/./workspace/eclipse/ditto/389258289/.m2/com/github/jnr/jffi/1.2.16/jffi-1.2.16-native.jar:/root/./workspace/eclipse/ditto/389258289/.m2/org/ow2/asm/asm/5.2/asm-5.2.jar:/root/./workspace/eclipse/ditto/389258289/.m2/org/ow2/asm/asm-commons/5.2/asm-commons-5.2.jar:/root/./workspace/eclipse/ditto/389258289/.m2/org/ow2/asm/asm-analysis/5.2/asm-analysis-5.2.jar:/root/./workspace/eclipse/ditto/389258289/.m2/org/ow2/asm/asm-tree/5.2/asm-tree-5.2.jar:/root/./workspace/eclipse/ditto/389258289/.m2/org/ow2/asm/asm-util/5.2/asm-util-5.2.jar:/root/./workspace/eclipse/ditto/389258289/.m2/com/github/jnr/jnr-x86asm/1.0.2/jnr-x86asm-1.0.2.jar:/root/./workspace/eclipse/ditto/389258289/.m2/com/github/jnr/jnr-constants/0.9.9/jnr-constants-0.9.9.jar:/root/./workspace/eclipse/ditto/389258289/.m2/com/typesafe/akka/akka-cluster-tools_2.12/2.5.13/akka-cluster-tools_2.12-2.5.13.jar:/root/./workspace/eclipse/ditto/389258289/.m2/com/typesafe/akka/akka-cluster_2.12/2.5.13/akka-cluster_2.12-2.5.13.jar:/root/./workspace/eclipse/ditto/389258289/.m2/com/typesafe/akka/akka-remote_2.12/2.5.13/akka-remote_2.12-2.5.13.jar:/root/./workspace/eclipse/ditto/389258289/.m2/io/netty/netty/3.10.6.Final/netty-3.10.6.Final.jar:/root/./workspace/eclipse/ditto/389258289/.m2/io/aeron/aeron-driver/1.9.1/aeron-driver-1.9.1.jar:/root/./workspace/eclipse/ditto/389258289/.m2/io/aeron/aeron-client/1.9.1/aeron-client-1.9.1.jar:/root/./workspace/eclipse/ditto/389258289/.m2/org/agrona/agrona/0.9.17/agrona-0.9.17.jar:/root/./workspace/eclipse/ditto/389258289/.m2/org/slf4j/slf4j-api/1.7.25/slf4j-api-1.7.25.jar:/root/workspace/eclipse/ditto/389258289/services/utils/akka/target/classes:/root/./workspace/eclipse/ditto/389258289/.m2/com/typesafe/akka/akka-actor_2.12/2.5.13/akka-actor_2.12-2.5.13.jar:/root/./workspace/eclipse/ditto/389258289/.m2/com/typesafe/config/1.3.1/config-1.3.1.jar:/root/./workspace/eclipse/ditto/389258289/.m2/org/scala-lang/modules/scala-java8-compat_2.12/0.8.0/scala-java8-compat_2.12-0.8.0.jar:/root/./workspace/eclipse/ditto/389258289/.m2/com/typesafe/akka/akka-stream_2.12/2.5.13/akka-stream_2.12-2.5.13.jar:/root/./workspace/eclipse/ditto/389258289/.m2/org/reactivestreams/reactive-streams/1.0.2/reactive-streams-1.0.2.jar:/root/./workspace/eclipse/ditto/389258289/.m2/com/typesafe/ssl-config-core_2.12/0.2.3/ssl-config-core_2.12-0.2.3.jar:/root/./workspace/eclipse/ditto/389258289/.m2/org/scala-lang/modules/scala-parser-combinators_2.12/1.1.0/scala-parser-combinators_2.12-1.1.0.jar:/root/workspace/eclipse/ditto/389258289/services/models/streaming/target/classes:/root/./workspace/eclipse/ditto/389258289/.m2/com/typesafe/akka/akka-persistence_2.12/2.5.13/akka-persistence_2.12-2.5.13.jar:/root/./workspace/eclipse/ditto/389258289/.m2/org/scala-lang/scala-library/2.12.6/scala-library-2.12.6.jar:/root/./workspace/eclipse/ditto/389258289/.m2/com/typesafe/akka/akka-protobuf_2.12/2.5.13/akka-protobuf_2.12-2.5.13.jar:/root/./workspace/eclipse/ditto/389258289/.m2/com/github/scullxbones/akka-persistence-mongo-casbah_2.12/2.0.9/akka-persistence-mongo-casbah_2.12-2.0.9.jar:/root/./workspace/eclipse/ditto/389258289/.m2/com/github/scullxbones/akka-persistence-mongo-common_2.12/2.0.9/akka-persistence-mongo-common_2.12-2.0.9.jar:/root/./workspace/eclipse/ditto/389258289/.m2/nl/grons/metrics-scala_2.12/3.5.5_a2.4/metrics-scala_2.12-3.5.5_a2.4.jar:/root/./workspace/eclipse/ditto/389258289/.m2/io/dropwizard/metrics/metrics-core/3.1.2/metrics-core-3.1.2.jar:/root/./workspace/eclipse/ditto/389258289/.m2/io/dropwizard/metrics/metrics-healthchecks/3.1.2/metrics-healthchecks-3.1.2.jar:/root/./workspace/eclipse/ditto/389258289/.m2/org/mongodb/casbah-commons_2.12/3.1.1/casbah-commons_2.12-3.1.1.jar:/root/./workspace/eclipse/ditto/389258289/.m2/com/github/nscala-time/nscala-time_2.12/2.14.0/nscala-time_2.12-2.14.0.jar:/root/./workspace/eclipse/ditto/389258289/.m2/joda-time/joda-time/2.9.4/joda-time-2.9.4.jar:/root/./workspace/eclipse/ditto/389258289/.m2/org/joda/joda-convert/1.2/joda-convert-1.2.jar:/root/./workspace/eclipse/ditto/389258289/.m2/org/mongodb/casbah-core_2.12/3.1.1/casbah-core_2.12-3.1.1.jar:/root/./workspace/eclipse/ditto/389258289/.m2/org/mongodb/casbah-query_2.12/3.1.1/casbah-query_2.12-3.1.1.jar:/root/./workspace/eclipse/ditto/389258289/.m2/org/mongodb/casbah-gridfs_2.12/3.1.1/casbah-gridfs_2.12-3.1.1.jar:/root/workspace/eclipse/ditto/389258289/services/utils/persistence/target/classes:/root/workspace/eclipse/ditto/389258289/services/utils/health/target/classes:/root/workspace/eclipse/ditto/389258289/services/utils/cache/target/classes:/root/./workspace/eclipse/ditto/389258289/.m2/org/mongodb/mongo-java-driver/3.6.3/mongo-java-driver-3.6.3.jar:/root/./workspace/eclipse/ditto/389258289/.m2/org/mongodb/mongodb-driver-reactivestreams/1.7.1/mongodb-driver-reactivestreams-1.7.1.jar:/root/./workspace/eclipse/ditto/389258289/.m2/org/mongodb/mongodb-driver-async/3.6.3/mongodb-driver-async-3.6.3.jar:/root/./workspace/eclipse/ditto/389258289/.m2/org/mongodb/bson/3.6.3/bson-3.6.3.jar:/root/./workspace/eclipse/ditto/389258289/.m2/org/mongodb/mongodb-driver-core/3.6.3/mongodb-driver-core-3.6.3.jar:/root/./workspace/eclipse/ditto/389258289/.m2/io/kamon/kamon-core_2.12/0.6.7/kamon-core_2.12-0.6.7.jar:/root/./workspace/eclipse/ditto/389258289/.m2/org/hdrhistogram/HdrHistogram/2.1.9/HdrHistogram-2.1.9.jar:/root/./workspace/eclipse/ditto/389258289/.m2/com/github/ben-manes/caffeine/caffeine/2.6.2/caffeine-2.6.2.jar:/root/./workspace/eclipse/ditto/389258289/.m2/ch/qos/logback/logback-classic/1.2.3/logback-classic-1.2.3.jar:/root/./workspace/eclipse/ditto/389258289/.m2/ch/qos/logback/logback-core/1.2.3/logback-core-1.2.3.jar:/root/./workspace/eclipse/ditto/389258289/.m2/com/typesafe/akka/akka-testkit_2.12/2.5.13/akka-testkit_2.12-2.5.13.jar:/root/./workspace/eclipse/ditto/389258289/.m2/com/github/dnvriend/akka-persistence-inmemory_2.12/2.5.1.1/akka-persistence-inmemory_2.12-2.5.1.1.jar:/root/./workspace/eclipse/ditto/389258289/.m2/com/typesafe/akka/akka-persistence-query_2.12/2.5.13/akka-persistence-query_2.12-2.5.13.jar:/root/./workspace/eclipse/ditto/389258289/.m2/org/scalaz/scalaz-core_2.12/7.2.12/scalaz-core_2.12-7.2.12.jar:/root/workspace/eclipse/ditto/389258289/services/utils/akka/target/test-classes:/root/workspace/eclipse/ditto/389258289/model/base/target/test-classes:/root/workspace/eclipse/ditto/389258289/signals/base/target/test-classes:/root/workspace/eclipse/ditto/389258289/signals/events/base/target/test-classes:/root/workspace/eclipse/ditto/389258289/signals/commands/base/target/test-classes:/root/./workspace/eclipse/ditto/389258289/.m2/com/google/code/findbugs/jsr305/3.0.1/jsr305-3.0.1.jar:/root/workspace/eclipse/ditto/389258289/utils/jsr305/target/classes:/root/workspace/eclipse/ditto/389258289/json/target/test-classes:/root/./workspace/eclipse/ditto/389258289/.m2/com/eclipsesource/minimal-json/minimal-json/0.9.5/minimal-json-0.9.5.jar:/root/./workspace/eclipse/ditto/389258289/.m2/junit/junit/4.12/junit-4.12.jar:/root/./workspace/eclipse/ditto/389258289/.m2/org/hamcrest/hamcrest-core/1.3/hamcrest-core-1.3.jar:/root/./workspace/eclipse/ditto/389258289/.m2/org/mockito/mockito-core/2.9.0/mockito-core-2.9.0.jar:/root/./workspace/eclipse/ditto/389258289/.m2/net/bytebuddy/byte-buddy/1.7.0/byte-buddy-1.7.0.jar:/root/./workspace/eclipse/ditto/389258289/.m2/net/bytebuddy/byte-buddy-agent/1.7.0/byte-buddy-agent-1.7.0.jar:/root/./workspace/eclipse/ditto/389258289/.m2/org/objenesis/objenesis/2.6/objenesis-2.6.jar:/root/./workspace/eclipse/ditto/389258289/.m2/org/assertj/assertj-core/3.8.0/assertj-core-3.8.0.jar:/root/./workspace/eclipse/ditto/389258289/.m2/org/mutabilitydetector/MutabilityDetector/0.9.6/MutabilityDetector-0.9.6.jar:/root/./workspace/eclipse/ditto/389258289/.m2/nl/jqno/equalsverifier/equalsverifier/2.3/equalsverifier-2.3.jar:/root/./workspace/eclipse/ditto/389258289/.m2/org/skyscreamer/jsonassert/1.2.3/jsonassert-1.2.3.jar:/root/./workspace/eclipse/ditto/389258289/.m2/org/json/json/20090211/json-20090211.jar:"/>
    <property name="java.vm.vendor" value="Oracle Corporation"/>
    <property name="skip.bower" value="true"/>
    <property name="sun.arch.data.model" value="64"/>
    <property name="java.vendor.url" value="http://java.oracle.com/"/>
    <property name="user.timezone" value=""/>
    <property name="os.name" value="Linux"/>
    <property name="java.vm.specification.version" value="1.8"/>
    <property name="rat.skip" value="true"/>
    <property name="gpg.skip" value="true"/>
    <property name="sun.java.launcher" value="SUN_STANDARD"/>
    <property name="sun.boot.library.path" value="/usr/lib/jvm/java-8-openjdk-amd64/jre/lib/amd64"/>
    <property name="skip.gulp" value="true"/>
    <property name="sun.java.command" value="/root/workspace/eclipse/ditto/389258289/services/concierge/batch/target/surefire/surefirebooter4770435595382432530.jar /root/workspace/eclipse/ditto/389258289/services/concierge/batch/target/surefire 2018-06-07T17-57-43_559-jvmRun1 surefire5965883739933762480tmp surefire_88479092556533631450tmp"/>
    <property name="dependency-check.skip" value="true"/>
    <property name="surefire.test.class.path" value="/root/workspace/eclipse/ditto/389258289/services/concierge/batch/target/test-classes:/root/workspace/eclipse/ditto/389258289/services/concierge/batch/target/classes:/root/workspace/eclipse/ditto/389258289/signals/commands/batch/target/classes:/root/workspace/eclipse/ditto/389258289/signals/commands/base/target/classes:/root/workspace/eclipse/ditto/389258289/signals/base/target/classes:/root/workspace/eclipse/ditto/389258289/json/target/classes:/root/workspace/eclipse/ditto/389258289/model/base/target/classes:/root/workspace/eclipse/ditto/389258289/signals/events/base/target/classes:/root/workspace/eclipse/ditto/389258289/signals/events/batch/target/classes:/root/workspace/eclipse/ditto/389258289/services/models/concierge/target/classes:/root/workspace/eclipse/ditto/389258289/signals/commands/messages/target/classes:/root/workspace/eclipse/ditto/389258289/model/messages/target/classes:/root/workspace/eclipse/ditto/389258289/signals/commands/things/target/classes:/root/workspace/eclipse/ditto/389258289/model/things/target/classes:/root/workspace/eclipse/ditto/389258289/signals/commands/thingsearch/target/classes:/root/workspace/eclipse/ditto/389258289/model/thingsearch/target/classes:/root/workspace/eclipse/ditto/389258289/services/models/things/target/classes:/root/workspace/eclipse/ditto/389258289/model/policies/target/classes:/root/workspace/eclipse/ditto/389258289/signals/commands/devops/target/classes:/root/workspace/eclipse/ditto/389258289/model/devops/target/classes:/root/workspace/eclipse/ditto/389258289/signals/events/things/target/classes:/root/workspace/eclipse/ditto/389258289/services/utils/cluster/target/classes:/root/workspace/eclipse/ditto/389258289/services/utils/config/target/classes:/root/./workspace/eclipse/ditto/389258289/.m2/com/typesafe/akka/akka-cluster-sharding_2.12/2.5.13/akka-cluster-sharding_2.12-2.5.13.jar:/root/./workspace/eclipse/ditto/389258289/.m2/com/typesafe/akka/akka-distributed-data_2.12/2.5.13/akka-distributed-data_2.12-2.5.13.jar:/root/./workspace/eclipse/ditto/389258289/.m2/org/lmdbjava/lmdbjava/0.6.0/lmdbjava-0.6.0.jar:/root/./workspace/eclipse/ditto/389258289/.m2/com/github/jnr/jnr-ffi/2.1.6/jnr-ffi-2.1.6.jar:/root/./workspace/eclipse/ditto/389258289/.m2/com/github/jnr/jffi/1.2.16/jffi-1.2.16.jar:/root/./workspace/eclipse/ditto/389258289/.m2/com/github/jnr/jffi/1.2.16/jffi-1.2.16-native.jar:/root/./workspace/eclipse/ditto/389258289/.m2/org/ow2/asm/asm/5.2/asm-5.2.jar:/root/./workspace/eclipse/ditto/389258289/.m2/org/ow2/asm/asm-commons/5.2/asm-commons-5.2.jar:/root/./workspace/eclipse/ditto/389258289/.m2/org/ow2/asm/asm-analysis/5.2/asm-analysis-5.2.jar:/root/./workspace/eclipse/ditto/389258289/.m2/org/ow2/asm/asm-tree/5.2/asm-tree-5.2.jar:/root/./workspace/eclipse/ditto/389258289/.m2/org/ow2/asm/asm-util/5.2/asm-util-5.2.jar:/root/./workspace/eclipse/ditto/389258289/.m2/com/github/jnr/jnr-x86asm/1.0.2/jnr-x86asm-1.0.2.jar:/root/./workspace/eclipse/ditto/389258289/.m2/com/github/jnr/jnr-constants/0.9.9/jnr-constants-0.9.9.jar:/root/./workspace/eclipse/ditto/389258289/.m2/com/typesafe/akka/akka-cluster-tools_2.12/2.5.13/akka-cluster-tools_2.12-2.5.13.jar:/root/./workspace/eclipse/ditto/389258289/.m2/com/typesafe/akka/akka-cluster_2.12/2.5.13/akka-cluster_2.12-2.5.13.jar:/root/./workspace/eclipse/ditto/389258289/.m2/com/typesafe/akka/akka-remote_2.12/2.5.13/akka-remote_2.12-2.5.13.jar:/root/./workspace/eclipse/ditto/389258289/.m2/io/netty/netty/3.10.6.Final/netty-3.10.6.Final.jar:/root/./workspace/eclipse/ditto/389258289/.m2/io/aeron/aeron-driver/1.9.1/aeron-driver-1.9.1.jar:/root/./workspace/eclipse/ditto/389258289/.m2/io/aeron/aeron-client/1.9.1/aeron-client-1.9.1.jar:/root/./workspace/eclipse/ditto/389258289/.m2/org/agrona/agrona/0.9.17/agrona-0.9.17.jar:/root/./workspace/eclipse/ditto/389258289/.m2/org/slf4j/slf4j-api/1.7.25/slf4j-api-1.7.25.jar:/root/workspace/eclipse/ditto/389258289/services/utils/akka/target/classes:/root/./workspace/eclipse/ditto/389258289/.m2/com/typesafe/akka/akka-actor_2.12/2.5.13/akka-actor_2.12-2.5.13.jar:/root/./workspace/eclipse/ditto/389258289/.m2/com/typesafe/config/1.3.1/config-1.3.1.jar:/root/./workspace/eclipse/ditto/389258289/.m2/org/scala-lang/modules/scala-java8-compat_2.12/0.8.0/scala-java8-compat_2.12-0.8.0.jar:/root/./workspace/eclipse/ditto/389258289/.m2/com/typesafe/akka/akka-stream_2.12/2.5.13/akka-stream_2.12-2.5.13.jar:/root/./workspace/eclipse/ditto/389258289/.m2/org/reactivestreams/reactive-streams/1.0.2/reactive-streams-1.0.2.jar:/root/./workspace/eclipse/ditto/389258289/.m2/com/typesafe/ssl-config-core_2.12/0.2.3/ssl-config-core_2.12-0.2.3.jar:/root/./workspace/eclipse/ditto/389258289/.m2/org/scala-lang/modules/scala-parser-combinators_2.12/1.1.0/scala-parser-combinators_2.12-1.1.0.jar:/root/workspace/eclipse/ditto/389258289/services/models/streaming/target/classes:/root/./workspace/eclipse/ditto/389258289/.m2/com/typesafe/akka/akka-persistence_2.12/2.5.13/akka-persistence_2.12-2.5.13.jar:/root/./workspace/eclipse/ditto/389258289/.m2/org/scala-lang/scala-library/2.12.6/scala-library-2.12.6.jar:/root/./workspace/eclipse/ditto/389258289/.m2/com/typesafe/akka/akka-protobuf_2.12/2.5.13/akka-protobuf_2.12-2.5.13.jar:/root/./workspace/eclipse/ditto/389258289/.m2/com/github/scullxbones/akka-persistence-mongo-casbah_2.12/2.0.9/akka-persistence-mongo-casbah_2.12-2.0.9.jar:/root/./workspace/eclipse/ditto/389258289/.m2/com/github/scullxbones/akka-persistence-mongo-common_2.12/2.0.9/akka-persistence-mongo-common_2.12-2.0.9.jar:/root/./workspace/eclipse/ditto/389258289/.m2/nl/grons/metrics-scala_2.12/3.5.5_a2.4/metrics-scala_2.12-3.5.5_a2.4.jar:/root/./workspace/eclipse/ditto/389258289/.m2/io/dropwizard/metrics/metrics-core/3.1.2/metrics-core-3.1.2.jar:/root/./workspace/eclipse/ditto/389258289/.m2/io/dropwizard/metrics/metrics-healthchecks/3.1.2/metrics-healthchecks-3.1.2.jar:/root/./workspace/eclipse/ditto/389258289/.m2/org/mongodb/casbah-commons_2.12/3.1.1/casbah-commons_2.12-3.1.1.jar:/root/./workspace/eclipse/ditto/389258289/.m2/com/github/nscala-time/nscala-time_2.12/2.14.0/nscala-time_2.12-2.14.0.jar:/root/./workspace/eclipse/ditto/389258289/.m2/joda-time/joda-time/2.9.4/joda-time-2.9.4.jar:/root/./workspace/eclipse/ditto/389258289/.m2/org/joda/joda-convert/1.2/joda-convert-1.2.jar:/root/./workspace/eclipse/ditto/389258289/.m2/org/mongodb/casbah-core_2.12/3.1.1/casbah-core_2.12-3.1.1.jar:/root/./workspace/eclipse/ditto/389258289/.m2/org/mongodb/casbah-query_2.12/3.1.1/casbah-query_2.12-3.1.1.jar:/root/./workspace/eclipse/ditto/389258289/.m2/org/mongodb/casbah-gridfs_2.12/3.1.1/casbah-gridfs_2.12-3.1.1.jar:/root/workspace/eclipse/ditto/389258289/services/utils/persistence/target/classes:/root/workspace/eclipse/ditto/389258289/services/utils/health/target/classes:/root/workspace/eclipse/ditto/389258289/services/utils/cache/target/classes:/root/./workspace/eclipse/ditto/389258289/.m2/org/mongodb/mongo-java-driver/3.6.3/mongo-java-driver-3.6.3.jar:/root/./workspace/eclipse/ditto/389258289/.m2/org/mongodb/mongodb-driver-reactivestreams/1.7.1/mongodb-driver-reactivestreams-1.7.1.jar:/root/./workspace/eclipse/ditto/389258289/.m2/org/mongodb/mongodb-driver-async/3.6.3/mongodb-driver-async-3.6.3.jar:/root/./workspace/eclipse/ditto/389258289/.m2/org/mongodb/bson/3.6.3/bson-3.6.3.jar:/root/./workspace/eclipse/ditto/389258289/.m2/org/mongodb/mongodb-driver-core/3.6.3/mongodb-driver-core-3.6.3.jar:/root/./workspace/eclipse/ditto/389258289/.m2/io/kamon/kamon-core_2.12/0.6.7/kamon-core_2.12-0.6.7.jar:/root/./workspace/eclipse/ditto/389258289/.m2/org/hdrhistogram/HdrHistogram/2.1.9/HdrHistogram-2.1.9.jar:/root/./workspace/eclipse/ditto/389258289/.m2/com/github/ben-manes/caffeine/caffeine/2.6.2/caffeine-2.6.2.jar:/root/./workspace/eclipse/ditto/389258289/.m2/ch/qos/logback/logback-classic/1.2.3/logback-classic-1.2.3.jar:/root/./workspace/eclipse/ditto/389258289/.m2/ch/qos/logback/logback-core/1.2.3/logback-core-1.2.3.jar:/root/./workspace/eclipse/ditto/389258289/.m2/com/typesafe/akka/akka-testkit_2.12/2.5.13/akka-testkit_2.12-2.5.13.jar:/root/./workspace/eclipse/ditto/389258289/.m2/com/github/dnvriend/akka-persistence-inmemory_2.12/2.5.1.1/akka-persistence-inmemory_2.12-2.5.1.1.jar:/root/./workspace/eclipse/ditto/389258289/.m2/com/typesafe/akka/akka-persistence-query_2.12/2.5.13/akka-persistence-query_2.12-2.5.13.jar:/root/./workspace/eclipse/ditto/389258289/.m2/org/scalaz/scalaz-core_2.12/7.2.12/scalaz-core_2.12-7.2.12.jar:/root/workspace/eclipse/ditto/389258289/services/utils/akka/target/test-classes:/root/workspace/eclipse/ditto/389258289/model/base/target/test-classes:/root/workspace/eclipse/ditto/389258289/signals/base/target/test-classes:/root/workspace/eclipse/ditto/389258289/signals/events/base/target/test-classes:/root/workspace/eclipse/ditto/389258289/signals/commands/base/target/test-classes:/root/./workspace/eclipse/ditto/389258289/.m2/com/google/code/findbugs/jsr305/3.0.1/jsr305-3.0.1.jar:/root/workspace/eclipse/ditto/389258289/utils/jsr305/target/classes:/root/workspace/eclipse/ditto/389258289/json/target/test-classes:/root/./workspace/eclipse/ditto/389258289/.m2/com/eclipsesource/minimal-json/minimal-json/0.9.5/minimal-json-0.9.5.jar:/root/./workspace/eclipse/ditto/389258289/.m2/junit/junit/4.12/junit-4.12.jar:/root/./workspace/eclipse/ditto/389258289/.m2/org/hamcrest/hamcrest-core/1.3/hamcrest-core-1.3.jar:/root/./workspace/eclipse/ditto/389258289/.m2/org/mockito/mockito-core/2.9.0/mockito-core-2.9.0.jar:/root/./workspace/eclipse/ditto/389258289/.m2/net/bytebuddy/byte-buddy/1.7.0/byte-buddy-1.7.0.jar:/root/./workspace/eclipse/ditto/389258289/.m2/net/bytebuddy/byte-buddy-agent/1.7.0/byte-buddy-agent-1.7.0.jar:/root/./workspace/eclipse/ditto/389258289/.m2/org/objenesis/objenesis/2.6/objenesis-2.6.jar:/root/./workspace/eclipse/ditto/389258289/.m2/org/assertj/assertj-core/3.8.0/assertj-core-3.8.0.jar:/root/./workspace/eclipse/ditto/389258289/.m2/org/mutabilitydetector/MutabilityDetector/0.9.6/MutabilityDetector-0.9.6.jar:/root/./workspace/eclipse/ditto/389258289/.m2/nl/jqno/equalsverifier/equalsverifier/2.3/equalsverifier-2.3.jar:/root/./workspace/eclipse/ditto/389258289/.m2/org/skyscreamer/jsonassert/1.2.3/jsonassert-1.2.3.jar:/root/./workspace/eclipse/ditto/389258289/.m2/org/json/json/20090211/json-20090211.jar:"/>
    <property name="sun.cpu.endian" value="little"/>
    <property name="user.home" value="/root"/>
    <property name="user.language" value="en"/>
    <property name="java.specification.vendor" value="Oracle Corporation"/>
    <property name="java.home" value="/usr/lib/jvm/java-8-openjdk-amd64/jre"/>
    <property name="kamon.auto-start" value="true"/>
    <property name="basedir" value="/root/workspace/eclipse/ditto/389258289/services/concierge/batch"/>
    <property name="file.separator" value="/"/>
    <property name="checkstyle.skip" value="true"/>
    <property name="line.separator" value="&#10;"/>
    <property name="skip.npm" value="true"/>
    <property name="java.vm.specification.vendor" value="Oracle Corporation"/>
    <property name="java.specification.name" value="Java Platform API Specification"/>
    <property name="java.awt.graphicsenv" value="sun.awt.X11GraphicsEnvironment"/>
    <property name="skipITs" value="true"/>
    <property name="surefire.real.class.path" value="/root/workspace/eclipse/ditto/389258289/services/concierge/batch/target/surefire/surefirebooter4770435595382432530.jar:/root/./workspace/eclipse/ditto/389258289/.m2/org/jacoco/org.jacoco.agent/0.8.0/org.jacoco.agent-0.8.0-runtime.jar"/>
    <property name="cobertura.skip" value="true"/>
    <property name="sun.boot.class.path" value="/usr/lib/jvm/java-8-openjdk-amd64/jre/lib/resources.jar:/usr/lib/jvm/java-8-openjdk-amd64/jre/lib/rt.jar:/usr/lib/jvm/java-8-openjdk-amd64/jre/lib/sunrsasign.jar:/usr/lib/jvm/java-8-openjdk-amd64/jre/lib/jsse.jar:/usr/lib/jvm/java-8-openjdk-amd64/jre/lib/jce.jar:/usr/lib/jvm/java-8-openjdk-amd64/jre/lib/charsets.jar:/usr/lib/jvm/java-8-openjdk-amd64/jre/lib/jfr.jar:/usr/lib/jvm/java-8-openjdk-amd64/jre/classes"/>
    <property name="sun.management.compiler" value="HotSpot 64-Bit Tiered Compilers"/>
    <property name="java.runtime.version" value="1.8.0_121-8u121-b13-1~bpo8+1-b13"/>
    <property name="user.name" value="root"/>
    <property name="findbugs.skip" value="true"/>
    <property name="path.separator" value=":"/>
    <property name="os.version" value="3.10.0-862.3.2.el7.x86_64"/>
    <property name="java.endorsed.dirs" value="/usr/lib/jvm/java-8-openjdk-amd64/jre/lib/endorsed"/>
    <property name="java.runtime.name" value="OpenJDK Runtime Environment"/>
    <property name="file.encoding" value="UTF-8"/>
    <property name="java.vm.name" value="OpenJDK 64-Bit Server VM"/>
    <property name="localRepository" value="/root/./workspace/eclipse/ditto/389258289/.m2"/>
    <property name="java.vendor.url.bug" value="http://bugreport.sun.com/bugreport/"/>
    <property name="java.io.tmpdir" value="/tmp"/>
    <property name="java.version" value="1.8.0_121"/>
    <property name="user.dir" value="/root/workspace/eclipse/ditto/389258289/services/concierge/batch"/>
    <property name="os.arch" value="amd64"/>
    <property name="license.skip" value="true"/>
    <property name="java.vm.specification.name" value="Java Virtual Machine Specification"/>
    <property name="java.awt.printerjob" value="sun.print.PSPrinterJob"/>
    <property name="sun.os.patch.level" value="unknown"/>
    <property name="java.library.path" value="/usr/java/packages/lib/amd64:/usr/lib/x86_64-linux-gnu/jni:/lib/x86_64-linux-gnu:/usr/lib/x86_64-linux-gnu:/usr/lib/jni:/lib:/usr/lib"/>
    <property name="java.vm.info" value="mixed mode"/>
    <property name="java.vendor" value="Oracle Corporation"/>
    <property name="java.vm.version" value="25.121-b13"/>
    <property name="java.ext.dirs" value="/usr/lib/jvm/java-8-openjdk-amd64/jre/lib/ext:/usr/java/packages/lib/ext"/>
    <property name="sun.io.unicode.encoding" value="UnicodeLittle"/>
    <property name="maven.repo.local" value="/root/./workspace/eclipse/ditto/389258289/.m2"/>
    <property name="enforcer.skip" value="true"/>
    <property name="java.class.version" value="52.0"/>
  </properties>
  <testcase name="batchFinishedWithCompleteSuccess" classname="org.eclipse.ditto.services.concierge.batch.actors.BatchCoordinatorActorTest" time="3.521">
    <failure message="assertion failed: timeout (3 seconds) while expecting 2 messages (got 0)" type="java.lang.AssertionError">java.lang.AssertionError: assertion failed: timeout (3 seconds) while expecting 2 messages (got 0)
	at org.eclipse.ditto.services.concierge.batch.actors.BatchCoordinatorActorTest.batchFinishedWithCompleteSuccess(BatchCoordinatorActorTest.java:96)
</failure>
    <system-out><![CDATA[[INFO] [06/07/2018 18:04:08.354] [main] [akka.remote.Remoting] Starting remoting
[INFO] [06/07/2018 18:04:09.049] [main] [akka.remote.Remoting] Remoting started; listening on addresses :[akka.tcp://AkkaTestSystem@172.17.0.2:37732]
[INFO] [06/07/2018 18:04:09.056] [main] [akka.remote.Remoting] Remoting now listens on addresses: [akka.tcp://AkkaTestSystem@172.17.0.2:37732]
[INFO] [06/07/2018 18:04:09.158] [main] [akka.cluster.Cluster(akka://AkkaTestSystem)] Cluster Node [akka.tcp://AkkaTestSystem@172.17.0.2:37732] - Starting up...
[INFO] [06/07/2018 18:04:09.869] [main] [akka.cluster.Cluster(akka://AkkaTestSystem)] Cluster Node [akka.tcp://AkkaTestSystem@172.17.0.2:37732] - Registered cluster JMX MBean [akka:type=Cluster]
[INFO] [06/07/2018 18:04:09.870] [main] [akka.cluster.Cluster(akka://AkkaTestSystem)] Cluster Node [akka.tcp://AkkaTestSystem@172.17.0.2:37732] - Started up successfully
[INFO] [06/07/2018 18:04:10.013] [AkkaTestSystem-akka.actor.default-dispatcher-4] [akka.cluster.Cluster(akka://AkkaTestSystem)] Cluster Node [akka.tcp://AkkaTestSystem@172.17.0.2:37732] - No seed-nodes configured, manual cluster join required
[WARN] [SECURITY][06/07/2018 18:04:13.201] [AkkaTestSystem-akka.actor.default-dispatcher-2] [akka.serialization.Serialization(akka://AkkaTestSystem)] Using the default Java serializer for class [com.mongodb.BasicDBObject] which is not recommended because of performance implications. Use another serializer or disable this warning using the setting 'akka.actor.warn-about-java-serializer-usage'
]]></system-out>
  </testcase>
  <testcase name="batchFinishedWithPartialSuccess" classname="org.eclipse.ditto.services.concierge.batch.actors.BatchCoordinatorActorTest" time="0.694">
    <failure message="Expected correlation ID of object to be &#10;&lt;BatchCoordinatorActorTest-5eb4152e-37b4-44c2-bd5b-2f536fb355d3&gt; but it was&#10;&lt;BatchCoordinatorActorTest-d5507cbc-352d-44d1-aa9c-0a8d2ce91272&gt;" type="java.lang.AssertionError"><![CDATA[java.lang.AssertionError: 
Expected correlation ID of object to be 
<BatchCoordinatorActorTest-5eb4152e-37b4-44c2-bd5b-2f536fb355d3> but it was
<BatchCoordinatorActorTest-d5507cbc-352d-44d1-aa9c-0a8d2ce91272>
	at org.eclipse.ditto.services.concierge.batch.actors.BatchCoordinatorActorTest.batchFinishedWithPartialSuccess(BatchCoordinatorActorTest.java:141)
]]></failure>
    <system-out><![CDATA[[INFO] [06/07/2018 18:04:14.571] [AkkaTestSystem-akka.actor.default-dispatcher-23] [akka://AkkaTestSystem/user/batch-coordinator-BatchCoordinatorActorTest-d5507cbc-352d-44d1-aa9c-0a8d2ce91272] Batch with ID 'BatchCoordinatorActorTest-d5507cbc-352d-44d1-aa9c-0a8d2ce91272' started.
[INFO] [06/07/2018 18:04:14.595] [AkkaTestSystem-akka.actor.default-dispatcher-2] [akka://AkkaTestSystem/user/batch-coordinator-BatchCoordinatorActorTest-5eb4152e-37b4-44c2-bd5b-2f536fb355d3] Batch with ID 'BatchCoordinatorActorTest-5eb4152e-37b4-44c2-bd5b-2f536fb355d3' started.
[INFO] [06/07/2018 18:04:14.624] [AkkaTestSystem-akka.actor.default-dispatcher-4] [akka://AkkaTestSystem/system/distributedPubSubMediator] Message [org.eclipse.ditto.signals.events.batch.BatchExecutionStarted] from Actor[akka://AkkaTestSystem/user/batch-coordinator-BatchCoordinatorActorTest-d5507cbc-352d-44d1-aa9c-0a8d2ce91272#604335918] to Actor[akka://AkkaTestSystem/system/distributedPubSubMediator#-774763897] was not delivered. [1] dead letters encountered. If this is not an expected behavior, then [Actor[akka://AkkaTestSystem/system/distributedPubSubMediator#-774763897]] may have terminated unexpectedly, This logging can be turned off or adjusted with configuration settings 'akka.log-dead-letters' and 'akka.log-dead-letters-during-shutdown'.
[INFO] [06/07/2018 18:04:14.625] [AkkaTestSystem-akka.actor.default-dispatcher-25] [akka://AkkaTestSystem/user/batch-coordinator-BatchCoordinatorActorTest-d5507cbc-352d-44d1-aa9c-0a8d2ce91272] Received 'modifyThing' for Batch with ID 'BatchCoordinatorActorTest-d5507cbc-352d-44d1-aa9c-0a8d2ce91272'.
[INFO] [06/07/2018 18:04:14.628] [AkkaTestSystem-akka.actor.default-dispatcher-24] [akka://AkkaTestSystem/system/distributedPubSubMediator] Message [org.eclipse.ditto.signals.events.batch.BatchExecutionStarted] from Actor[akka://AkkaTestSystem/user/batch-coordinator-BatchCoordinatorActorTest-5eb4152e-37b4-44c2-bd5b-2f536fb355d3#-1134153255] to Actor[akka://AkkaTestSystem/system/distributedPubSubMediator#-774763897] was not delivered. [2] dead letters encountered. If this is not an expected behavior, then [Actor[akka://AkkaTestSystem/system/distributedPubSubMediator#-774763897]] may have terminated unexpectedly, This logging can be turned off or adjusted with configuration settings 'akka.log-dead-letters' and 'akka.log-dead-letters-during-shutdown'.
[INFO] [06/07/2018 18:04:14.679] [AkkaTestSystem-akka.actor.default-dispatcher-2] [akka://AkkaTestSystem/user/batch-coordinator-BatchCoordinatorActorTest-d5507cbc-352d-44d1-aa9c-0a8d2ce91272] Received 'modifyThing' for Batch with ID 'BatchCoordinatorActorTest-d5507cbc-352d-44d1-aa9c-0a8d2ce91272'.
[INFO] [06/07/2018 18:04:14.699] [AkkaTestSystem-akka.actor.default-dispatcher-18] [akka://AkkaTestSystem/user/batch-coordinator-BatchCoordinatorActorTest-d5507cbc-352d-44d1-aa9c-0a8d2ce91272] Batch with ID 'BatchCoordinatorActorTest-d5507cbc-352d-44d1-aa9c-0a8d2ce91272' finished.
[INFO] [06/07/2018 18:04:14.854] [AkkaTestSystem-akka.actor.default-dispatcher-26] [akka://AkkaTestSystem/user/batch-coordinator-BatchCoordinatorActorTest-5eb4152e-37b4-44c2-bd5b-2f536fb355d3] Received 'errorResponse' for Batch with ID 'BatchCoordinatorActorTest-5eb4152e-37b4-44c2-bd5b-2f536fb355d3'.
[INFO] [06/07/2018 18:04:14.874] [AkkaTestSystem-akka.actor.default-dispatcher-26] [akka://AkkaTestSystem/user/batch-coordinator-BatchCoordinatorActorTest-5eb4152e-37b4-44c2-bd5b-2f536fb355d3] Received 'modifyFeature' for Batch with ID 'BatchCoordinatorActorTest-5eb4152e-37b4-44c2-bd5b-2f536fb355d3'.
[INFO] [06/07/2018 18:04:14.896] [AkkaTestSystem-akka.actor.default-dispatcher-19] [akka://AkkaTestSystem/user/batch-coordinator-BatchCoordinatorActorTest-5eb4152e-37b4-44c2-bd5b-2f536fb355d3] Batch with ID 'BatchCoordinatorActorTest-5eb4152e-37b4-44c2-bd5b-2f536fb355d3' finished.
]]></system-out>
  </testcase>
  <testcase name="batchExecutionResumesAfterRecovery" classname="org.eclipse.ditto.services.concierge.batch.actors.BatchCoordinatorActorTest" time="0.334"/>
  <testcase name="batchFailsDryRun" classname="org.eclipse.ditto.services.concierge.batch.actors.BatchCoordinatorActorTest" time="3.055"/>
  <testcase name="batchExecutesOnlyOnce" classname="org.eclipse.ditto.services.concierge.batch.actors.BatchCoordinatorActorTest" time="0.162"/>
</testsuite>