<?xml version="1.0" encoding="UTF-8"?>
<testsuite name="io.atomix.core.AtomixTest" time="4.09" tests="9" errors="9" skipped="0" failures="0">
  <properties>
    <property name="java.runtime.name" value="OpenJDK Runtime Environment"/>
    <property name="sun.boot.library.path" value="/usr/lib/jvm/java-8-openjdk-amd64/jre/lib/amd64"/>
    <property name="java.vm.version" value="25.121-b13"/>
    <property name="java.vm.vendor" value="Oracle Corporation"/>
    <property name="maven.multiModuleProjectDirectory" value="/root/workspace/atomix/atomix/390624982"/>
    <property name="java.vendor.url" value="http://java.oracle.com/"/>
    <property name="path.separator" value=":"/>
    <property name="guice.disable.misplaced.annotation.check" value="true"/>
    <property name="skip.gulp" value="true"/>
    <property name="java.vm.name" value="OpenJDK 64-Bit Server VM"/>
    <property name="file.encoding.pkg" value="sun.io"/>
    <property name="sun.java.launcher" value="SUN_STANDARD"/>
    <property name="sun.os.patch.level" value="unknown"/>
    <property name="findbugs.skip" value="true"/>
    <property name="java.vm.specification.name" value="Java Virtual Machine Specification"/>
    <property name="user.dir" value="/root/workspace/atomix/atomix/390624982"/>
    <property name="checkstyle.skip" value="true"/>
    <property name="java.runtime.version" value="1.8.0_121-8u121-b13-1~bpo8+1-b13"/>
    <property name="java.awt.graphicsenv" value="sun.awt.X11GraphicsEnvironment"/>
    <property name="skip.npm" value="true"/>
    <property name="java.endorsed.dirs" value="/usr/lib/jvm/java-8-openjdk-amd64/jre/lib/endorsed"/>
    <property name="os.arch" value="amd64"/>
    <property name="java.io.tmpdir" value="/tmp"/>
    <property name="gpg.skip" value="true"/>
    <property name="line.separator" value="&#10;"/>
    <property name="java.vm.specification.vendor" value="Oracle Corporation"/>
    <property name="cobertura.skip" value="true"/>
    <property name="os.name" value="Linux"/>
    <property name="classworlds.conf" value="/usr/share/maven/bin/m2.conf"/>
    <property name="sun.jnu.encoding" value="UTF-8"/>
    <property name="java.library.path" value="/usr/java/packages/lib/amd64:/usr/lib/x86_64-linux-gnu/jni:/lib/x86_64-linux-gnu:/usr/lib/x86_64-linux-gnu:/usr/lib/jni:/lib:/usr/lib"/>
    <property name="license.skip" value="true"/>
    <property name="java.specification.name" value="Java Platform API Specification"/>
    <property name="java.class.version" value="52.0"/>
    <property name="sun.management.compiler" value="HotSpot 64-Bit Tiered Compilers"/>
    <property name="skip.bower" value="true"/>
    <property name="maven.repo.local" value="/root/./workspace/atomix/atomix/390624982/.m2"/>
    <property name="os.version" value="3.10.0-862.3.2.el7.x86_64"/>
    <property name="user.home" value="/root"/>
    <property name="user.timezone" value="Europe/Paris"/>
    <property name="java.awt.printerjob" value="sun.print.PSPrinterJob"/>
    <property name="java.specification.version" value="1.8"/>
    <property name="file.encoding" value="UTF-8"/>
    <property name="user.name" value="root"/>
    <property name="java.class.path" value="/usr/share/maven/boot/plexus-classworlds-2.5.2.jar"/>
    <property name="skipITs" value="true"/>
    <property name="java.vm.specification.version" value="1.8"/>
    <property name="sun.arch.data.model" value="64"/>
    <property name="java.home" value="/usr/lib/jvm/java-8-openjdk-amd64/jre"/>
    <property name="sun.java.command" value="org.codehaus.plexus.classworlds.launcher.Launcher -B -D enforcer.skip=true -D dependency-check.skip=true -D skipITs=true -D cobertura.skip=true -D maven.repo.local=/root/./workspace/atomix/atomix/390624982/.m2 -D rat.skip=true -D findbugs.skip=true -D skip.bower=true -D gpg.skip=true -D checkstyle.skip=true -D skip.gulp=true -D license.skip=true -D skip.npm=true test"/>
    <property name="java.specification.vendor" value="Oracle Corporation"/>
    <property name="user.language" value="en"/>
    <property name="awt.toolkit" value="sun.awt.X11.XToolkit"/>
    <property name="dependency-check.skip" value="true"/>
    <property name="java.vm.info" value="mixed mode"/>
    <property name="java.version" value="1.8.0_121"/>
    <property name="java.ext.dirs" value="/usr/lib/jvm/java-8-openjdk-amd64/jre/lib/ext:/usr/java/packages/lib/ext"/>
    <property name="securerandom.source" value="file:/dev/./urandom"/>
    <property name="sun.boot.class.path" value="/usr/lib/jvm/java-8-openjdk-amd64/jre/lib/resources.jar:/usr/lib/jvm/java-8-openjdk-amd64/jre/lib/rt.jar:/usr/lib/jvm/java-8-openjdk-amd64/jre/lib/sunrsasign.jar:/usr/lib/jvm/java-8-openjdk-amd64/jre/lib/jsse.jar:/usr/lib/jvm/java-8-openjdk-amd64/jre/lib/jce.jar:/usr/lib/jvm/java-8-openjdk-amd64/jre/lib/charsets.jar:/usr/lib/jvm/java-8-openjdk-amd64/jre/lib/jfr.jar:/usr/lib/jvm/java-8-openjdk-amd64/jre/classes"/>
    <property name="java.vendor" value="Oracle Corporation"/>
    <property name="enforcer.skip" value="true"/>
    <property name="rat.skip" value="true"/>
    <property name="maven.home" value="/usr/share/maven"/>
    <property name="file.separator" value="/"/>
    <property name="java.vendor.url.bug" value="http://bugreport.sun.com/bugreport/"/>
    <property name="sun.cpu.endian" value="little"/>
    <property name="sun.io.unicode.encoding" value="UnicodeLittle"/>
    <property name="sun.cpu.isalist" value=""/>
  </properties>
  <testcase name="testDiscoverData" classname="io.atomix.core.AtomixTest" time="0.205">
    <error message="io.netty.channel.unix.Errors$NativeIoException: bind(..) failed: Address already in use" type="java.util.concurrent.ExecutionException">java.util.concurrent.ExecutionException: io.netty.channel.unix.Errors$NativeIoException: bind(..) failed: Address already in use
	at io.netty.channel.unix.Errors.newIOException(Errors.java:122)
	at io.netty.channel.unix.Socket.bind(Socket.java:287)
	at io.netty.channel.epoll.AbstractEpollChannel.doBind(AbstractEpollChannel.java:688)
	at io.netty.channel.epoll.EpollServerSocketChannel.doBind(EpollServerSocketChannel.java:70)
	at io.netty.channel.AbstractChannel$AbstractUnsafe.bind(AbstractChannel.java:558)
	at io.netty.channel.DefaultChannelPipeline$HeadContext.bind(DefaultChannelPipeline.java:1358)
	at io.netty.channel.AbstractChannelHandlerContext.invokeBind(AbstractChannelHandlerContext.java:501)
	at io.netty.channel.AbstractChannelHandlerContext.bind(AbstractChannelHandlerContext.java:486)
	at io.netty.channel.DefaultChannelPipeline.bind(DefaultChannelPipeline.java:1019)
	at io.netty.channel.AbstractChannel.bind(AbstractChannel.java:254)
	at io.netty.bootstrap.AbstractBootstrap$2.run(AbstractBootstrap.java:366)
	at io.netty.util.concurrent.AbstractEventExecutor.safeExecute(AbstractEventExecutor.java:163)
	at io.netty.util.concurrent.SingleThreadEventExecutor.runAllTasks(SingleThreadEventExecutor.java:404)
	at io.netty.channel.epoll.EpollEventLoop.run(EpollEventLoop.java:309)
	at io.netty.util.concurrent.SingleThreadEventExecutor$5.run(SingleThreadEventExecutor.java:884)
	at java.lang.Thread.run(Thread.java:745)
</error>
    <system-out>09:44:59.987 [main] WARN  i.a.c.m.impl.NettyMessagingService - Disabling TLS for intra-cluster messaging; Could not load cluster key store: ../config/atomix.jks (No such file or directory)
09:44:59.989 [netty-messaging-event-epoll-server-0] WARN  i.a.c.m.impl.NettyMessagingService - localhost/127.0.0.1 failed to bind to port 5001 due to {}
io.netty.channel.unix.Errors$NativeIoException: bind(..) failed: Address already in use
	at io.netty.channel.unix.Errors.newIOException(Errors.java:122) ~[netty-transport-native-unix-common-4.1.24.Final.jar:4.1.24.Final]
	at io.netty.channel.unix.Socket.bind(Socket.java:287) ~[netty-transport-native-unix-common-4.1.24.Final.jar:4.1.24.Final]
	at io.netty.channel.epoll.AbstractEpollChannel.doBind(AbstractEpollChannel.java:688) ~[netty-transport-native-epoll-4.1.24.Final-linux-x86_64.jar:4.1.24.Final]
	at io.netty.channel.epoll.EpollServerSocketChannel.doBind(EpollServerSocketChannel.java:70) ~[netty-transport-native-epoll-4.1.24.Final-linux-x86_64.jar:4.1.24.Final]
	at io.netty.channel.AbstractChannel$AbstractUnsafe.bind(AbstractChannel.java:558) ~[netty-transport-4.1.24.Final.jar:4.1.24.Final]
	at io.netty.channel.DefaultChannelPipeline$HeadContext.bind(DefaultChannelPipeline.java:1358) ~[netty-transport-4.1.24.Final.jar:4.1.24.Final]
	at io.netty.channel.AbstractChannelHandlerContext.invokeBind(AbstractChannelHandlerContext.java:501) ~[netty-transport-4.1.24.Final.jar:4.1.24.Final]
	at io.netty.channel.AbstractChannelHandlerContext.bind(AbstractChannelHandlerContext.java:486) ~[netty-transport-4.1.24.Final.jar:4.1.24.Final]
	at io.netty.channel.DefaultChannelPipeline.bind(DefaultChannelPipeline.java:1019) ~[netty-transport-4.1.24.Final.jar:4.1.24.Final]
	at io.netty.channel.AbstractChannel.bind(AbstractChannel.java:254) ~[netty-transport-4.1.24.Final.jar:4.1.24.Final]
	at io.netty.bootstrap.AbstractBootstrap$2.run(AbstractBootstrap.java:366) ~[netty-transport-4.1.24.Final.jar:4.1.24.Final]
	at io.netty.util.concurrent.AbstractEventExecutor.safeExecute(AbstractEventExecutor.java:163) ~[netty-common-4.1.24.Final.jar:4.1.24.Final]
	at io.netty.util.concurrent.SingleThreadEventExecutor.runAllTasks(SingleThreadEventExecutor.java:404) ~[netty-common-4.1.24.Final.jar:4.1.24.Final]
	at io.netty.channel.epoll.EpollEventLoop.run(EpollEventLoop.java:309) ~[netty-transport-native-epoll-4.1.24.Final-linux-x86_64.jar:4.1.24.Final]
	at io.netty.util.concurrent.SingleThreadEventExecutor$5.run(SingleThreadEventExecutor.java:884) ~[netty-common-4.1.24.Final.jar:4.1.24.Final]
	at java.lang.Thread.run(Thread.java:745) ~[na:1.8.0_121]
09:44:59.990 [main] INFO  i.a.core.impl.CorePrimitivesService - Stopped
09:44:59.990 [atomix-0] WARN  i.a.utils.event.ListenerRegistry - Listener io.atomix.primitive.partition.impl.DefaultPartitionService$$Lambda$30/168366@49c447ba not registered
09:44:59.990 [atomix-0] INFO  i.a.p.b.p.PrimaryBackupPartitionGroup - Stopped
09:44:59.991 [atomix-0] INFO  i.a.p.b.p.PrimaryBackupPartitionGroup - Stopped
09:44:59.991 [atomix-0] WARN  i.a.utils.event.ListenerRegistry - Listener io.atomix.primitive.partition.impl.DefaultPartitionGroupMembershipService$$Lambda$31/49752459@4703b0f2 not registered
09:44:59.991 [atomix-0] INFO  i.a.p.p.i.DefaultPartitionGroupMembershipService - Stopped
09:44:59.991 [atomix-0] INFO  i.a.p.p.impl.DefaultPartitionService - Stopped
09:44:59.991 [atomix-cluster-0] INFO  io.atomix.cluster.AtomixCluster - Stopped
</system-out>
  </testcase>
  <testcase name="testClientMetadata" classname="io.atomix.core.AtomixTest" time="0.531">
    <error message="io.netty.channel.unix.Errors$NativeIoException: bind(..) failed: Address already in use" type="java.util.concurrent.ExecutionException">java.util.concurrent.ExecutionException: io.netty.channel.unix.Errors$NativeIoException: bind(..) failed: Address already in use
	at io.netty.channel.unix.Errors.newIOException(Errors.java:122)
	at io.netty.channel.unix.Socket.bind(Socket.java:287)
	at io.netty.channel.epoll.AbstractEpollChannel.doBind(AbstractEpollChannel.java:688)
	at io.netty.channel.epoll.EpollServerSocketChannel.doBind(EpollServerSocketChannel.java:70)
	at io.netty.channel.AbstractChannel$AbstractUnsafe.bind(AbstractChannel.java:558)
	at io.netty.channel.DefaultChannelPipeline$HeadContext.bind(DefaultChannelPipeline.java:1358)
	at io.netty.channel.AbstractChannelHandlerContext.invokeBind(AbstractChannelHandlerContext.java:501)
	at io.netty.channel.AbstractChannelHandlerContext.bind(AbstractChannelHandlerContext.java:486)
	at io.netty.channel.DefaultChannelPipeline.bind(DefaultChannelPipeline.java:1019)
	at io.netty.channel.AbstractChannel.bind(AbstractChannel.java:254)
	at io.netty.bootstrap.AbstractBootstrap$2.run(AbstractBootstrap.java:366)
	at io.netty.util.concurrent.AbstractEventExecutor.safeExecute(AbstractEventExecutor.java:163)
	at io.netty.util.concurrent.SingleThreadEventExecutor.runAllTasks(SingleThreadEventExecutor.java:404)
	at io.netty.channel.epoll.EpollEventLoop.run(EpollEventLoop.java:309)
	at io.netty.util.concurrent.SingleThreadEventExecutor$5.run(SingleThreadEventExecutor.java:884)
	at java.lang.Thread.run(Thread.java:745)
</error>
    <system-out>09:45:00.173 [main] WARN  i.a.c.m.impl.NettyMessagingService - Disabling TLS for intra-cluster messaging; Could not load cluster key store: ../config/atomix.jks (No such file or directory)
09:45:00.175 [netty-messaging-event-epoll-server-0] WARN  i.a.c.m.impl.NettyMessagingService - localhost/127.0.0.1 failed to bind to port 5001 due to {}
io.netty.channel.unix.Errors$NativeIoException: bind(..) failed: Address already in use
	at io.netty.channel.unix.Errors.newIOException(Errors.java:122) ~[netty-transport-native-unix-common-4.1.24.Final.jar:4.1.24.Final]
	at io.netty.channel.unix.Socket.bind(Socket.java:287) ~[netty-transport-native-unix-common-4.1.24.Final.jar:4.1.24.Final]
	at io.netty.channel.epoll.AbstractEpollChannel.doBind(AbstractEpollChannel.java:688) ~[netty-transport-native-epoll-4.1.24.Final-linux-x86_64.jar:4.1.24.Final]
	at io.netty.channel.epoll.EpollServerSocketChannel.doBind(EpollServerSocketChannel.java:70) ~[netty-transport-native-epoll-4.1.24.Final-linux-x86_64.jar:4.1.24.Final]
	at io.netty.channel.AbstractChannel$AbstractUnsafe.bind(AbstractChannel.java:558) ~[netty-transport-4.1.24.Final.jar:4.1.24.Final]
	at io.netty.channel.DefaultChannelPipeline$HeadContext.bind(DefaultChannelPipeline.java:1358) ~[netty-transport-4.1.24.Final.jar:4.1.24.Final]
	at io.netty.channel.AbstractChannelHandlerContext.invokeBind(AbstractChannelHandlerContext.java:501) ~[netty-transport-4.1.24.Final.jar:4.1.24.Final]
	at io.netty.channel.AbstractChannelHandlerContext.bind(AbstractChannelHandlerContext.java:486) ~[netty-transport-4.1.24.Final.jar:4.1.24.Final]
	at io.netty.channel.DefaultChannelPipeline.bind(DefaultChannelPipeline.java:1019) ~[netty-transport-4.1.24.Final.jar:4.1.24.Final]
	at io.netty.channel.AbstractChannel.bind(AbstractChannel.java:254) ~[netty-transport-4.1.24.Final.jar:4.1.24.Final]
	at io.netty.bootstrap.AbstractBootstrap$2.run(AbstractBootstrap.java:366) ~[netty-transport-4.1.24.Final.jar:4.1.24.Final]
	at io.netty.util.concurrent.AbstractEventExecutor.safeExecute(AbstractEventExecutor.java:163) ~[netty-common-4.1.24.Final.jar:4.1.24.Final]
	at io.netty.util.concurrent.SingleThreadEventExecutor.runAllTasks(SingleThreadEventExecutor.java:404) ~[netty-common-4.1.24.Final.jar:4.1.24.Final]
	at io.netty.channel.epoll.EpollEventLoop.run(EpollEventLoop.java:309) ~[netty-transport-native-epoll-4.1.24.Final-linux-x86_64.jar:4.1.24.Final]
	at io.netty.util.concurrent.SingleThreadEventExecutor$5.run(SingleThreadEventExecutor.java:884) ~[netty-common-4.1.24.Final.jar:4.1.24.Final]
	at java.lang.Thread.run(Thread.java:745) ~[na:1.8.0_121]
09:45:00.342 [main] WARN  i.a.c.m.impl.NettyMessagingService - Disabling TLS for intra-cluster messaging; Could not load cluster key store: ../config/atomix.jks (No such file or directory)
09:45:00.344 [netty-messaging-event-epoll-server-0] WARN  i.a.c.m.impl.NettyMessagingService - localhost/127.0.0.1 failed to bind to port 5002 due to {}
io.netty.channel.unix.Errors$NativeIoException: bind(..) failed: Address already in use
	at io.netty.channel.unix.Errors.newIOException(Errors.java:122) ~[netty-transport-native-unix-common-4.1.24.Final.jar:4.1.24.Final]
	at io.netty.channel.unix.Socket.bind(Socket.java:287) ~[netty-transport-native-unix-common-4.1.24.Final.jar:4.1.24.Final]
	at io.netty.channel.epoll.AbstractEpollChannel.doBind(AbstractEpollChannel.java:688) ~[netty-transport-native-epoll-4.1.24.Final-linux-x86_64.jar:4.1.24.Final]
	at io.netty.channel.epoll.EpollServerSocketChannel.doBind(EpollServerSocketChannel.java:70) ~[netty-transport-native-epoll-4.1.24.Final-linux-x86_64.jar:4.1.24.Final]
	at io.netty.channel.AbstractChannel$AbstractUnsafe.bind(AbstractChannel.java:558) ~[netty-transport-4.1.24.Final.jar:4.1.24.Final]
	at io.netty.channel.DefaultChannelPipeline$HeadContext.bind(DefaultChannelPipeline.java:1358) ~[netty-transport-4.1.24.Final.jar:4.1.24.Final]
	at io.netty.channel.AbstractChannelHandlerContext.invokeBind(AbstractChannelHandlerContext.java:501) ~[netty-transport-4.1.24.Final.jar:4.1.24.Final]
	at io.netty.channel.AbstractChannelHandlerContext.bind(AbstractChannelHandlerContext.java:486) ~[netty-transport-4.1.24.Final.jar:4.1.24.Final]
	at io.netty.channel.DefaultChannelPipeline.bind(DefaultChannelPipeline.java:1019) ~[netty-transport-4.1.24.Final.jar:4.1.24.Final]
	at io.netty.channel.AbstractChannel.bind(AbstractChannel.java:254) ~[netty-transport-4.1.24.Final.jar:4.1.24.Final]
	at io.netty.bootstrap.AbstractBootstrap$2.run(AbstractBootstrap.java:366) ~[netty-transport-4.1.24.Final.jar:4.1.24.Final]
	at io.netty.util.concurrent.AbstractEventExecutor.safeExecute(AbstractEventExecutor.java:163) ~[netty-common-4.1.24.Final.jar:4.1.24.Final]
	at io.netty.util.concurrent.SingleThreadEventExecutor.runAllTasks(SingleThreadEventExecutor.java:404) ~[netty-common-4.1.24.Final.jar:4.1.24.Final]
	at io.netty.channel.epoll.EpollEventLoop.run(EpollEventLoop.java:309) ~[netty-transport-native-epoll-4.1.24.Final-linux-x86_64.jar:4.1.24.Final]
	at io.netty.util.concurrent.SingleThreadEventExecutor$5.run(SingleThreadEventExecutor.java:884) ~[netty-common-4.1.24.Final.jar:4.1.24.Final]
	at java.lang.Thread.run(Thread.java:745) ~[na:1.8.0_121]
09:45:00.516 [main] WARN  i.a.c.m.impl.NettyMessagingService - Disabling TLS for intra-cluster messaging; Could not load cluster key store: ../config/atomix.jks (No such file or directory)
09:45:00.519 [netty-messaging-event-epoll-server-0] WARN  i.a.c.m.impl.NettyMessagingService - localhost/127.0.0.1 failed to bind to port 5003 due to {}
io.netty.channel.unix.Errors$NativeIoException: bind(..) failed: Address already in use
	at io.netty.channel.unix.Errors.newIOException(Errors.java:122) ~[netty-transport-native-unix-common-4.1.24.Final.jar:4.1.24.Final]
	at io.netty.channel.unix.Socket.bind(Socket.java:287) ~[netty-transport-native-unix-common-4.1.24.Final.jar:4.1.24.Final]
	at io.netty.channel.epoll.AbstractEpollChannel.doBind(AbstractEpollChannel.java:688) ~[netty-transport-native-epoll-4.1.24.Final-linux-x86_64.jar:4.1.24.Final]
	at io.netty.channel.epoll.EpollServerSocketChannel.doBind(EpollServerSocketChannel.java:70) ~[netty-transport-native-epoll-4.1.24.Final-linux-x86_64.jar:4.1.24.Final]
	at io.netty.channel.AbstractChannel$AbstractUnsafe.bind(AbstractChannel.java:558) ~[netty-transport-4.1.24.Final.jar:4.1.24.Final]
	at io.netty.channel.DefaultChannelPipeline$HeadContext.bind(DefaultChannelPipeline.java:1358) ~[netty-transport-4.1.24.Final.jar:4.1.24.Final]
	at io.netty.channel.AbstractChannelHandlerContext.invokeBind(AbstractChannelHandlerContext.java:501) ~[netty-transport-4.1.24.Final.jar:4.1.24.Final]
	at io.netty.channel.AbstractChannelHandlerContext.bind(AbstractChannelHandlerContext.java:486) ~[netty-transport-4.1.24.Final.jar:4.1.24.Final]
	at io.netty.channel.DefaultChannelPipeline.bind(DefaultChannelPipeline.java:1019) ~[netty-transport-4.1.24.Final.jar:4.1.24.Final]
	at io.netty.channel.AbstractChannel.bind(AbstractChannel.java:254) ~[netty-transport-4.1.24.Final.jar:4.1.24.Final]
	at io.netty.bootstrap.AbstractBootstrap$2.run(AbstractBootstrap.java:366) ~[netty-transport-4.1.24.Final.jar:4.1.24.Final]
	at io.netty.util.concurrent.AbstractEventExecutor.safeExecute(AbstractEventExecutor.java:163) ~[netty-common-4.1.24.Final.jar:4.1.24.Final]
	at io.netty.util.concurrent.SingleThreadEventExecutor.runAllTasks(SingleThreadEventExecutor.java:404) ~[netty-common-4.1.24.Final.jar:4.1.24.Final]
	at io.netty.channel.epoll.EpollEventLoop.run(EpollEventLoop.java:309) ~[netty-transport-native-epoll-4.1.24.Final-linux-x86_64.jar:4.1.24.Final]
	at io.netty.util.concurrent.SingleThreadEventExecutor$5.run(SingleThreadEventExecutor.java:884) ~[netty-common-4.1.24.Final.jar:4.1.24.Final]
	at java.lang.Thread.run(Thread.java:745) ~[na:1.8.0_121]
09:45:00.520 [main] INFO  i.a.core.impl.CorePrimitivesService - Stopped
09:45:00.520 [main] INFO  i.a.core.impl.CorePrimitivesService - Stopped
09:45:00.520 [atomix-0] WARN  i.a.utils.event.ListenerRegistry - Listener io.atomix.primitive.partition.impl.DefaultPartitionService$$Lambda$30/168366@2b8129b8 not registered
09:45:00.520 [main] INFO  i.a.core.impl.CorePrimitivesService - Stopped
09:45:00.520 [atomix-0] WARN  i.a.utils.event.ListenerRegistry - Listener io.atomix.primitive.partition.impl.DefaultPartitionService$$Lambda$30/168366@3b30a79f not registered
09:45:00.520 [atomix-0] INFO  i.a.p.r.partition.RaftPartitionGroup - Stopped
09:45:00.520 [atomix-0] WARN  i.a.utils.event.ListenerRegistry - Listener io.atomix.primitive.partition.impl.DefaultPartitionService$$Lambda$30/168366@543e738b not registered
09:45:00.520 [atomix-0] INFO  i.a.p.r.partition.RaftPartitionGroup - Stopped
09:45:00.520 [atomix-0] INFO  i.a.p.r.partition.RaftPartitionGroup - Stopped
09:45:00.520 [atomix-0] INFO  i.a.p.r.partition.RaftPartitionGroup - Stopped
09:45:00.520 [atomix-0] WARN  i.a.utils.event.ListenerRegistry - Listener io.atomix.primitive.partition.impl.DefaultPartitionGroupMembershipService$$Lambda$31/49752459@2546d2b8 not registered
09:45:00.520 [atomix-0] INFO  i.a.p.r.partition.RaftPartitionGroup - Stopped
09:45:00.520 [atomix-0] INFO  i.a.p.r.partition.RaftPartitionGroup - Stopped
09:45:00.521 [atomix-0] INFO  i.a.p.p.i.DefaultPartitionGroupMembershipService - Stopped
09:45:00.521 [atomix-0] WARN  i.a.utils.event.ListenerRegistry - Listener io.atomix.primitive.partition.impl.DefaultPartitionGroupMembershipService$$Lambda$31/49752459@35f74e89 not registered
09:45:00.521 [atomix-0] WARN  i.a.utils.event.ListenerRegistry - Listener io.atomix.primitive.partition.impl.DefaultPartitionGroupMembershipService$$Lambda$31/49752459@5af9977c not registered
09:45:00.521 [atomix-0] INFO  i.a.p.p.impl.DefaultPartitionService - Stopped
09:45:00.521 [atomix-0] INFO  i.a.p.p.i.DefaultPartitionGroupMembershipService - Stopped
09:45:00.521 [atomix-0] INFO  i.a.p.p.i.DefaultPartitionGroupMembershipService - Stopped
09:45:00.521 [atomix-0] INFO  i.a.p.p.impl.DefaultPartitionService - Stopped
09:45:00.521 [atomix-0] INFO  i.a.p.p.impl.DefaultPartitionService - Stopped
09:45:00.521 [atomix-cluster-0] INFO  io.atomix.cluster.AtomixCluster - Stopped
09:45:00.522 [atomix-cluster-0] INFO  io.atomix.cluster.AtomixCluster - Stopped
09:45:00.522 [atomix-cluster-0] INFO  io.atomix.cluster.AtomixCluster - Stopped
</system-out>
  </testcase>
  <testcase name="testScaleUpPersistent" classname="io.atomix.core.AtomixTest" time="0.416">
    <error message="io.netty.channel.unix.Errors$NativeIoException: bind(..) failed: Address already in use" type="java.util.concurrent.ExecutionException">java.util.concurrent.ExecutionException: io.netty.channel.unix.Errors$NativeIoException: bind(..) failed: Address already in use
	at io.netty.channel.unix.Errors.newIOException(Errors.java:122)
	at io.netty.channel.unix.Socket.bind(Socket.java:287)
	at io.netty.channel.epoll.AbstractEpollChannel.doBind(AbstractEpollChannel.java:688)
	at io.netty.channel.epoll.EpollServerSocketChannel.doBind(EpollServerSocketChannel.java:70)
	at io.netty.channel.AbstractChannel$AbstractUnsafe.bind(AbstractChannel.java:558)
	at io.netty.channel.DefaultChannelPipeline$HeadContext.bind(DefaultChannelPipeline.java:1358)
	at io.netty.channel.AbstractChannelHandlerContext.invokeBind(AbstractChannelHandlerContext.java:501)
	at io.netty.channel.AbstractChannelHandlerContext.bind(AbstractChannelHandlerContext.java:486)
	at io.netty.channel.DefaultChannelPipeline.bind(DefaultChannelPipeline.java:1019)
	at io.netty.channel.AbstractChannel.bind(AbstractChannel.java:254)
	at io.netty.bootstrap.AbstractBootstrap$2.run(AbstractBootstrap.java:366)
	at io.netty.util.concurrent.AbstractEventExecutor.safeExecute(AbstractEventExecutor.java:163)
	at io.netty.util.concurrent.SingleThreadEventExecutor.runAllTasks(SingleThreadEventExecutor.java:404)
	at io.netty.channel.epoll.EpollEventLoop.run(EpollEventLoop.java:309)
	at io.netty.util.concurrent.SingleThreadEventExecutor$5.run(SingleThreadEventExecutor.java:884)
	at java.lang.Thread.run(Thread.java:745)
</error>
    <system-out>09:45:00.934 [main] WARN  i.a.c.m.impl.NettyMessagingService - Disabling TLS for intra-cluster messaging; Could not load cluster key store: ../config/atomix.jks (No such file or directory)
09:45:00.936 [netty-messaging-event-epoll-server-0] WARN  i.a.c.m.impl.NettyMessagingService - localhost/127.0.0.1 failed to bind to port 5001 due to {}
io.netty.channel.unix.Errors$NativeIoException: bind(..) failed: Address already in use
	at io.netty.channel.unix.Errors.newIOException(Errors.java:122) ~[netty-transport-native-unix-common-4.1.24.Final.jar:4.1.24.Final]
	at io.netty.channel.unix.Socket.bind(Socket.java:287) ~[netty-transport-native-unix-common-4.1.24.Final.jar:4.1.24.Final]
	at io.netty.channel.epoll.AbstractEpollChannel.doBind(AbstractEpollChannel.java:688) ~[netty-transport-native-epoll-4.1.24.Final-linux-x86_64.jar:4.1.24.Final]
	at io.netty.channel.epoll.EpollServerSocketChannel.doBind(EpollServerSocketChannel.java:70) ~[netty-transport-native-epoll-4.1.24.Final-linux-x86_64.jar:4.1.24.Final]
	at io.netty.channel.AbstractChannel$AbstractUnsafe.bind(AbstractChannel.java:558) ~[netty-transport-4.1.24.Final.jar:4.1.24.Final]
	at io.netty.channel.DefaultChannelPipeline$HeadContext.bind(DefaultChannelPipeline.java:1358) ~[netty-transport-4.1.24.Final.jar:4.1.24.Final]
	at io.netty.channel.AbstractChannelHandlerContext.invokeBind(AbstractChannelHandlerContext.java:501) ~[netty-transport-4.1.24.Final.jar:4.1.24.Final]
	at io.netty.channel.AbstractChannelHandlerContext.bind(AbstractChannelHandlerContext.java:486) ~[netty-transport-4.1.24.Final.jar:4.1.24.Final]
	at io.netty.channel.DefaultChannelPipeline.bind(DefaultChannelPipeline.java:1019) ~[netty-transport-4.1.24.Final.jar:4.1.24.Final]
	at io.netty.channel.AbstractChannel.bind(AbstractChannel.java:254) ~[netty-transport-4.1.24.Final.jar:4.1.24.Final]
	at io.netty.bootstrap.AbstractBootstrap$2.run(AbstractBootstrap.java:366) ~[netty-transport-4.1.24.Final.jar:4.1.24.Final]
	at io.netty.util.concurrent.AbstractEventExecutor.safeExecute(AbstractEventExecutor.java:163) ~[netty-common-4.1.24.Final.jar:4.1.24.Final]
	at io.netty.util.concurrent.SingleThreadEventExecutor.runAllTasks(SingleThreadEventExecutor.java:404) ~[netty-common-4.1.24.Final.jar:4.1.24.Final]
	at io.netty.channel.epoll.EpollEventLoop.run(EpollEventLoop.java:309) ~[netty-transport-native-epoll-4.1.24.Final-linux-x86_64.jar:4.1.24.Final]
	at io.netty.util.concurrent.SingleThreadEventExecutor$5.run(SingleThreadEventExecutor.java:884) ~[netty-common-4.1.24.Final.jar:4.1.24.Final]
	at java.lang.Thread.run(Thread.java:745) ~[na:1.8.0_121]
09:45:00.937 [main] INFO  i.a.core.impl.CorePrimitivesService - Stopped
09:45:00.937 [atomix-0] WARN  i.a.utils.event.ListenerRegistry - Listener io.atomix.primitive.partition.impl.DefaultPartitionService$$Lambda$30/168366@4000e1f not registered
09:45:00.937 [atomix-0] INFO  i.a.p.r.partition.RaftPartitionGroup - Stopped
09:45:00.937 [atomix-0] INFO  i.a.p.r.partition.RaftPartitionGroup - Stopped
09:45:00.937 [atomix-0] WARN  i.a.utils.event.ListenerRegistry - Listener io.atomix.primitive.partition.impl.DefaultPartitionGroupMembershipService$$Lambda$31/49752459@ac7f0ef not registered
09:45:00.937 [atomix-0] INFO  i.a.p.p.i.DefaultPartitionGroupMembershipService - Stopped
09:45:00.937 [atomix-0] INFO  i.a.p.p.impl.DefaultPartitionService - Stopped
09:45:00.938 [atomix-cluster-0] INFO  io.atomix.cluster.AtomixCluster - Stopped
</system-out>
  </testcase>
  <testcase name="testScaleDownPersistent" classname="io.atomix.core.AtomixTest" time="0.603">
    <error message="io.netty.channel.unix.Errors$NativeIoException: bind(..) failed: Address already in use" type="java.util.concurrent.ExecutionException">java.util.concurrent.ExecutionException: io.netty.channel.unix.Errors$NativeIoException: bind(..) failed: Address already in use
	at io.netty.channel.unix.Errors.newIOException(Errors.java:122)
	at io.netty.channel.unix.Socket.bind(Socket.java:287)
	at io.netty.channel.epoll.AbstractEpollChannel.doBind(AbstractEpollChannel.java:688)
	at io.netty.channel.epoll.EpollServerSocketChannel.doBind(EpollServerSocketChannel.java:70)
	at io.netty.channel.AbstractChannel$AbstractUnsafe.bind(AbstractChannel.java:558)
	at io.netty.channel.DefaultChannelPipeline$HeadContext.bind(DefaultChannelPipeline.java:1358)
	at io.netty.channel.AbstractChannelHandlerContext.invokeBind(AbstractChannelHandlerContext.java:501)
	at io.netty.channel.AbstractChannelHandlerContext.bind(AbstractChannelHandlerContext.java:486)
	at io.netty.channel.DefaultChannelPipeline.bind(DefaultChannelPipeline.java:1019)
	at io.netty.channel.AbstractChannel.bind(AbstractChannel.java:254)
	at io.netty.bootstrap.AbstractBootstrap$2.run(AbstractBootstrap.java:366)
	at io.netty.util.concurrent.AbstractEventExecutor.safeExecute(AbstractEventExecutor.java:163)
	at io.netty.util.concurrent.SingleThreadEventExecutor.runAllTasks(SingleThreadEventExecutor.java:404)
	at io.netty.channel.epoll.EpollEventLoop.run(EpollEventLoop.java:309)
	at io.netty.util.concurrent.SingleThreadEventExecutor$5.run(SingleThreadEventExecutor.java:884)
	at java.lang.Thread.run(Thread.java:745)
</error>
    <system-out>09:45:01.105 [main] WARN  i.a.c.m.impl.NettyMessagingService - Disabling TLS for intra-cluster messaging; Could not load cluster key store: ../config/atomix.jks (No such file or directory)
09:45:01.108 [netty-messaging-event-epoll-server-0] WARN  i.a.c.m.impl.NettyMessagingService - localhost/127.0.0.1 failed to bind to port 5001 due to {}
io.netty.channel.unix.Errors$NativeIoException: bind(..) failed: Address already in use
	at io.netty.channel.unix.Errors.newIOException(Errors.java:122) ~[netty-transport-native-unix-common-4.1.24.Final.jar:4.1.24.Final]
	at io.netty.channel.unix.Socket.bind(Socket.java:287) ~[netty-transport-native-unix-common-4.1.24.Final.jar:4.1.24.Final]
	at io.netty.channel.epoll.AbstractEpollChannel.doBind(AbstractEpollChannel.java:688) ~[netty-transport-native-epoll-4.1.24.Final-linux-x86_64.jar:4.1.24.Final]
	at io.netty.channel.epoll.EpollServerSocketChannel.doBind(EpollServerSocketChannel.java:70) ~[netty-transport-native-epoll-4.1.24.Final-linux-x86_64.jar:4.1.24.Final]
	at io.netty.channel.AbstractChannel$AbstractUnsafe.bind(AbstractChannel.java:558) ~[netty-transport-4.1.24.Final.jar:4.1.24.Final]
	at io.netty.channel.DefaultChannelPipeline$HeadContext.bind(DefaultChannelPipeline.java:1358) ~[netty-transport-4.1.24.Final.jar:4.1.24.Final]
	at io.netty.channel.AbstractChannelHandlerContext.invokeBind(AbstractChannelHandlerContext.java:501) ~[netty-transport-4.1.24.Final.jar:4.1.24.Final]
	at io.netty.channel.AbstractChannelHandlerContext.bind(AbstractChannelHandlerContext.java:486) ~[netty-transport-4.1.24.Final.jar:4.1.24.Final]
	at io.netty.channel.DefaultChannelPipeline.bind(DefaultChannelPipeline.java:1019) ~[netty-transport-4.1.24.Final.jar:4.1.24.Final]
	at io.netty.channel.AbstractChannel.bind(AbstractChannel.java:254) ~[netty-transport-4.1.24.Final.jar:4.1.24.Final]
	at io.netty.bootstrap.AbstractBootstrap$2.run(AbstractBootstrap.java:366) ~[netty-transport-4.1.24.Final.jar:4.1.24.Final]
	at io.netty.util.concurrent.AbstractEventExecutor.safeExecute(AbstractEventExecutor.java:163) ~[netty-common-4.1.24.Final.jar:4.1.24.Final]
	at io.netty.util.concurrent.SingleThreadEventExecutor.runAllTasks(SingleThreadEventExecutor.java:404) ~[netty-common-4.1.24.Final.jar:4.1.24.Final]
	at io.netty.channel.epoll.EpollEventLoop.run(EpollEventLoop.java:309) ~[netty-transport-native-epoll-4.1.24.Final-linux-x86_64.jar:4.1.24.Final]
	at io.netty.util.concurrent.SingleThreadEventExecutor$5.run(SingleThreadEventExecutor.java:884) ~[netty-common-4.1.24.Final.jar:4.1.24.Final]
	at java.lang.Thread.run(Thread.java:745) ~[na:1.8.0_121]
09:45:01.273 [main] WARN  i.a.c.m.impl.NettyMessagingService - Disabling TLS for intra-cluster messaging; Could not load cluster key store: ../config/atomix.jks (No such file or directory)
09:45:01.276 [netty-messaging-event-epoll-server-0] WARN  i.a.c.m.impl.NettyMessagingService - localhost/127.0.0.1 failed to bind to port 5002 due to {}
io.netty.channel.unix.Errors$NativeIoException: bind(..) failed: Address already in use
	at io.netty.channel.unix.Errors.newIOException(Errors.java:122) ~[netty-transport-native-unix-common-4.1.24.Final.jar:4.1.24.Final]
	at io.netty.channel.unix.Socket.bind(Socket.java:287) ~[netty-transport-native-unix-common-4.1.24.Final.jar:4.1.24.Final]
	at io.netty.channel.epoll.AbstractEpollChannel.doBind(AbstractEpollChannel.java:688) ~[netty-transport-native-epoll-4.1.24.Final-linux-x86_64.jar:4.1.24.Final]
	at io.netty.channel.epoll.EpollServerSocketChannel.doBind(EpollServerSocketChannel.java:70) ~[netty-transport-native-epoll-4.1.24.Final-linux-x86_64.jar:4.1.24.Final]
	at io.netty.channel.AbstractChannel$AbstractUnsafe.bind(AbstractChannel.java:558) ~[netty-transport-4.1.24.Final.jar:4.1.24.Final]
	at io.netty.channel.DefaultChannelPipeline$HeadContext.bind(DefaultChannelPipeline.java:1358) ~[netty-transport-4.1.24.Final.jar:4.1.24.Final]
	at io.netty.channel.AbstractChannelHandlerContext.invokeBind(AbstractChannelHandlerContext.java:501) ~[netty-transport-4.1.24.Final.jar:4.1.24.Final]
	at io.netty.channel.AbstractChannelHandlerContext.bind(AbstractChannelHandlerContext.java:486) ~[netty-transport-4.1.24.Final.jar:4.1.24.Final]
	at io.netty.channel.DefaultChannelPipeline.bind(DefaultChannelPipeline.java:1019) ~[netty-transport-4.1.24.Final.jar:4.1.24.Final]
	at io.netty.channel.AbstractChannel.bind(AbstractChannel.java:254) ~[netty-transport-4.1.24.Final.jar:4.1.24.Final]
	at io.netty.bootstrap.AbstractBootstrap$2.run(AbstractBootstrap.java:366) ~[netty-transport-4.1.24.Final.jar:4.1.24.Final]
	at io.netty.util.concurrent.AbstractEventExecutor.safeExecute(AbstractEventExecutor.java:163) ~[netty-common-4.1.24.Final.jar:4.1.24.Final]
	at io.netty.util.concurrent.SingleThreadEventExecutor.runAllTasks(SingleThreadEventExecutor.java:404) ~[netty-common-4.1.24.Final.jar:4.1.24.Final]
	at io.netty.channel.epoll.EpollEventLoop.run(EpollEventLoop.java:309) ~[netty-transport-native-epoll-4.1.24.Final-linux-x86_64.jar:4.1.24.Final]
	at io.netty.util.concurrent.SingleThreadEventExecutor$5.run(SingleThreadEventExecutor.java:884) ~[netty-common-4.1.24.Final.jar:4.1.24.Final]
	at java.lang.Thread.run(Thread.java:745) ~[na:1.8.0_121]
09:45:01.469 [main] WARN  i.a.c.m.impl.NettyMessagingService - Disabling TLS for intra-cluster messaging; Could not load cluster key store: ../config/atomix.jks (No such file or directory)
09:45:01.471 [netty-messaging-event-epoll-server-0] WARN  i.a.c.m.impl.NettyMessagingService - localhost/127.0.0.1 failed to bind to port 5003 due to {}
io.netty.channel.unix.Errors$NativeIoException: bind(..) failed: Address already in use
	at io.netty.channel.unix.Errors.newIOException(Errors.java:122) ~[netty-transport-native-unix-common-4.1.24.Final.jar:4.1.24.Final]
	at io.netty.channel.unix.Socket.bind(Socket.java:287) ~[netty-transport-native-unix-common-4.1.24.Final.jar:4.1.24.Final]
	at io.netty.channel.epoll.AbstractEpollChannel.doBind(AbstractEpollChannel.java:688) ~[netty-transport-native-epoll-4.1.24.Final-linux-x86_64.jar:4.1.24.Final]
	at io.netty.channel.epoll.EpollServerSocketChannel.doBind(EpollServerSocketChannel.java:70) ~[netty-transport-native-epoll-4.1.24.Final-linux-x86_64.jar:4.1.24.Final]
	at io.netty.channel.AbstractChannel$AbstractUnsafe.bind(AbstractChannel.java:558) ~[netty-transport-4.1.24.Final.jar:4.1.24.Final]
	at io.netty.channel.DefaultChannelPipeline$HeadContext.bind(DefaultChannelPipeline.java:1358) ~[netty-transport-4.1.24.Final.jar:4.1.24.Final]
	at io.netty.channel.AbstractChannelHandlerContext.invokeBind(AbstractChannelHandlerContext.java:501) ~[netty-transport-4.1.24.Final.jar:4.1.24.Final]
	at io.netty.channel.AbstractChannelHandlerContext.bind(AbstractChannelHandlerContext.java:486) ~[netty-transport-4.1.24.Final.jar:4.1.24.Final]
	at io.netty.channel.DefaultChannelPipeline.bind(DefaultChannelPipeline.java:1019) ~[netty-transport-4.1.24.Final.jar:4.1.24.Final]
	at io.netty.channel.AbstractChannel.bind(AbstractChannel.java:254) ~[netty-transport-4.1.24.Final.jar:4.1.24.Final]
	at io.netty.bootstrap.AbstractBootstrap$2.run(AbstractBootstrap.java:366) ~[netty-transport-4.1.24.Final.jar:4.1.24.Final]
	at io.netty.util.concurrent.AbstractEventExecutor.safeExecute(AbstractEventExecutor.java:163) ~[netty-common-4.1.24.Final.jar:4.1.24.Final]
	at io.netty.util.concurrent.SingleThreadEventExecutor.runAllTasks(SingleThreadEventExecutor.java:404) ~[netty-common-4.1.24.Final.jar:4.1.24.Final]
	at io.netty.channel.epoll.EpollEventLoop.run(EpollEventLoop.java:309) ~[netty-transport-native-epoll-4.1.24.Final-linux-x86_64.jar:4.1.24.Final]
	at io.netty.util.concurrent.SingleThreadEventExecutor$5.run(SingleThreadEventExecutor.java:884) ~[netty-common-4.1.24.Final.jar:4.1.24.Final]
	at java.lang.Thread.run(Thread.java:745) ~[na:1.8.0_121]
09:45:01.473 [main] INFO  i.a.core.impl.CorePrimitivesService - Stopped
09:45:01.473 [main] INFO  i.a.core.impl.CorePrimitivesService - Stopped
09:45:01.473 [atomix-0] WARN  i.a.utils.event.ListenerRegistry - Listener io.atomix.primitive.partition.impl.DefaultPartitionService$$Lambda$30/168366@108d0441 not registered
09:45:01.473 [main] INFO  i.a.core.impl.CorePrimitivesService - Stopped
09:45:01.473 [atomix-0] WARN  i.a.utils.event.ListenerRegistry - Listener io.atomix.primitive.partition.impl.DefaultPartitionService$$Lambda$30/168366@5f240ba3 not registered
09:45:01.473 [atomix-0] INFO  i.a.p.b.p.PrimaryBackupPartitionGroup - Stopped
09:45:01.473 [atomix-0] WARN  i.a.utils.event.ListenerRegistry - Listener io.atomix.primitive.partition.impl.DefaultPartitionService$$Lambda$30/168366@65d0b19c not registered
09:45:01.473 [atomix-0] INFO  i.a.p.b.p.PrimaryBackupPartitionGroup - Stopped
09:45:01.473 [atomix-0] INFO  i.a.p.b.p.PrimaryBackupPartitionGroup - Stopped
09:45:01.473 [atomix-0] INFO  i.a.p.b.p.PrimaryBackupPartitionGroup - Stopped
09:45:01.473 [atomix-0] INFO  i.a.p.b.p.PrimaryBackupPartitionGroup - Stopped
09:45:01.473 [atomix-0] WARN  i.a.utils.event.ListenerRegistry - Listener io.atomix.primitive.partition.impl.DefaultPartitionGroupMembershipService$$Lambda$31/49752459@1e4af820 not registered
09:45:01.473 [atomix-0] INFO  i.a.p.b.p.PrimaryBackupPartitionGroup - Stopped
09:45:01.473 [atomix-0] WARN  i.a.utils.event.ListenerRegistry - Listener io.atomix.primitive.partition.impl.DefaultPartitionGroupMembershipService$$Lambda$31/49752459@51e3fe37 not registered
09:45:01.473 [atomix-0] INFO  i.a.p.p.i.DefaultPartitionGroupMembershipService - Stopped
09:45:01.474 [atomix-0] WARN  i.a.utils.event.ListenerRegistry - Listener io.atomix.primitive.partition.impl.DefaultPartitionGroupMembershipService$$Lambda$31/49752459@6b174356 not registered
09:45:01.474 [atomix-0] INFO  i.a.p.p.i.DefaultPartitionGroupMembershipService - Stopped
09:45:01.474 [atomix-0] INFO  i.a.p.p.impl.DefaultPartitionService - Stopped
09:45:01.474 [atomix-0] INFO  i.a.p.p.i.DefaultPartitionGroupMembershipService - Stopped
09:45:01.474 [atomix-0] INFO  i.a.p.p.impl.DefaultPartitionService - Stopped
09:45:01.474 [atomix-0] INFO  i.a.p.p.impl.DefaultPartitionService - Stopped
09:45:01.474 [atomix-cluster-0] INFO  io.atomix.cluster.AtomixCluster - Stopped
09:45:01.474 [atomix-cluster-0] INFO  io.atomix.cluster.AtomixCluster - Stopped
09:45:01.474 [atomix-cluster-0] INFO  io.atomix.cluster.AtomixCluster - Stopped
</system-out>
  </testcase>
  <testcase name="testClientJoinLeaveConsensus" classname="io.atomix.core.AtomixTest" time="0.529">
    <error message="io.netty.channel.unix.Errors$NativeIoException: bind(..) failed: Address already in use" type="java.util.concurrent.ExecutionException">java.util.concurrent.ExecutionException: io.netty.channel.unix.Errors$NativeIoException: bind(..) failed: Address already in use
	at io.netty.channel.unix.Errors.newIOException(Errors.java:122)
	at io.netty.channel.unix.Socket.bind(Socket.java:287)
	at io.netty.channel.epoll.AbstractEpollChannel.doBind(AbstractEpollChannel.java:688)
	at io.netty.channel.epoll.EpollServerSocketChannel.doBind(EpollServerSocketChannel.java:70)
	at io.netty.channel.AbstractChannel$AbstractUnsafe.bind(AbstractChannel.java:558)
	at io.netty.channel.DefaultChannelPipeline$HeadContext.bind(DefaultChannelPipeline.java:1358)
	at io.netty.channel.AbstractChannelHandlerContext.invokeBind(AbstractChannelHandlerContext.java:501)
	at io.netty.channel.AbstractChannelHandlerContext.bind(AbstractChannelHandlerContext.java:486)
	at io.netty.channel.DefaultChannelPipeline.bind(DefaultChannelPipeline.java:1019)
	at io.netty.channel.AbstractChannel.bind(AbstractChannel.java:254)
	at io.netty.bootstrap.AbstractBootstrap$2.run(AbstractBootstrap.java:366)
	at io.netty.util.concurrent.AbstractEventExecutor.safeExecute(AbstractEventExecutor.java:163)
	at io.netty.util.concurrent.SingleThreadEventExecutor.runAllTasks(SingleThreadEventExecutor.java:404)
	at io.netty.channel.epoll.EpollEventLoop.run(EpollEventLoop.java:309)
	at io.netty.util.concurrent.SingleThreadEventExecutor$5.run(SingleThreadEventExecutor.java:884)
	at java.lang.Thread.run(Thread.java:745)
</error>
    <system-out>09:45:01.727 [main] WARN  i.a.c.m.impl.NettyMessagingService - Disabling TLS for intra-cluster messaging; Could not load cluster key store: ../config/atomix.jks (No such file or directory)
09:45:01.730 [netty-messaging-event-epoll-server-0] WARN  i.a.c.m.impl.NettyMessagingService - localhost/127.0.0.1 failed to bind to port 5001 due to {}
io.netty.channel.unix.Errors$NativeIoException: bind(..) failed: Address already in use
	at io.netty.channel.unix.Errors.newIOException(Errors.java:122) ~[netty-transport-native-unix-common-4.1.24.Final.jar:4.1.24.Final]
	at io.netty.channel.unix.Socket.bind(Socket.java:287) ~[netty-transport-native-unix-common-4.1.24.Final.jar:4.1.24.Final]
	at io.netty.channel.epoll.AbstractEpollChannel.doBind(AbstractEpollChannel.java:688) ~[netty-transport-native-epoll-4.1.24.Final-linux-x86_64.jar:4.1.24.Final]
	at io.netty.channel.epoll.EpollServerSocketChannel.doBind(EpollServerSocketChannel.java:70) ~[netty-transport-native-epoll-4.1.24.Final-linux-x86_64.jar:4.1.24.Final]
	at io.netty.channel.AbstractChannel$AbstractUnsafe.bind(AbstractChannel.java:558) ~[netty-transport-4.1.24.Final.jar:4.1.24.Final]
	at io.netty.channel.DefaultChannelPipeline$HeadContext.bind(DefaultChannelPipeline.java:1358) ~[netty-transport-4.1.24.Final.jar:4.1.24.Final]
	at io.netty.channel.AbstractChannelHandlerContext.invokeBind(AbstractChannelHandlerContext.java:501) ~[netty-transport-4.1.24.Final.jar:4.1.24.Final]
	at io.netty.channel.AbstractChannelHandlerContext.bind(AbstractChannelHandlerContext.java:486) ~[netty-transport-4.1.24.Final.jar:4.1.24.Final]
	at io.netty.channel.DefaultChannelPipeline.bind(DefaultChannelPipeline.java:1019) ~[netty-transport-4.1.24.Final.jar:4.1.24.Final]
	at io.netty.channel.AbstractChannel.bind(AbstractChannel.java:254) ~[netty-transport-4.1.24.Final.jar:4.1.24.Final]
	at io.netty.bootstrap.AbstractBootstrap$2.run(AbstractBootstrap.java:366) ~[netty-transport-4.1.24.Final.jar:4.1.24.Final]
	at io.netty.util.concurrent.AbstractEventExecutor.safeExecute(AbstractEventExecutor.java:163) ~[netty-common-4.1.24.Final.jar:4.1.24.Final]
	at io.netty.util.concurrent.SingleThreadEventExecutor.runAllTasks(SingleThreadEventExecutor.java:404) ~[netty-common-4.1.24.Final.jar:4.1.24.Final]
	at io.netty.channel.epoll.EpollEventLoop.run(EpollEventLoop.java:309) ~[netty-transport-native-epoll-4.1.24.Final-linux-x86_64.jar:4.1.24.Final]
	at io.netty.util.concurrent.SingleThreadEventExecutor$5.run(SingleThreadEventExecutor.java:884) ~[netty-common-4.1.24.Final.jar:4.1.24.Final]
	at java.lang.Thread.run(Thread.java:745) ~[na:1.8.0_121]
09:45:01.896 [main] WARN  i.a.c.m.impl.NettyMessagingService - Disabling TLS for intra-cluster messaging; Could not load cluster key store: ../config/atomix.jks (No such file or directory)
09:45:01.899 [netty-messaging-event-epoll-server-0] WARN  i.a.c.m.impl.NettyMessagingService - localhost/127.0.0.1 failed to bind to port 5002 due to {}
io.netty.channel.unix.Errors$NativeIoException: bind(..) failed: Address already in use
	at io.netty.channel.unix.Errors.newIOException(Errors.java:122) ~[netty-transport-native-unix-common-4.1.24.Final.jar:4.1.24.Final]
	at io.netty.channel.unix.Socket.bind(Socket.java:287) ~[netty-transport-native-unix-common-4.1.24.Final.jar:4.1.24.Final]
	at io.netty.channel.epoll.AbstractEpollChannel.doBind(AbstractEpollChannel.java:688) ~[netty-transport-native-epoll-4.1.24.Final-linux-x86_64.jar:4.1.24.Final]
	at io.netty.channel.epoll.EpollServerSocketChannel.doBind(EpollServerSocketChannel.java:70) ~[netty-transport-native-epoll-4.1.24.Final-linux-x86_64.jar:4.1.24.Final]
	at io.netty.channel.AbstractChannel$AbstractUnsafe.bind(AbstractChannel.java:558) ~[netty-transport-4.1.24.Final.jar:4.1.24.Final]
	at io.netty.channel.DefaultChannelPipeline$HeadContext.bind(DefaultChannelPipeline.java:1358) ~[netty-transport-4.1.24.Final.jar:4.1.24.Final]
	at io.netty.channel.AbstractChannelHandlerContext.invokeBind(AbstractChannelHandlerContext.java:501) ~[netty-transport-4.1.24.Final.jar:4.1.24.Final]
	at io.netty.channel.AbstractChannelHandlerContext.bind(AbstractChannelHandlerContext.java:486) ~[netty-transport-4.1.24.Final.jar:4.1.24.Final]
	at io.netty.channel.DefaultChannelPipeline.bind(DefaultChannelPipeline.java:1019) ~[netty-transport-4.1.24.Final.jar:4.1.24.Final]
	at io.netty.channel.AbstractChannel.bind(AbstractChannel.java:254) ~[netty-transport-4.1.24.Final.jar:4.1.24.Final]
	at io.netty.bootstrap.AbstractBootstrap$2.run(AbstractBootstrap.java:366) ~[netty-transport-4.1.24.Final.jar:4.1.24.Final]
	at io.netty.util.concurrent.AbstractEventExecutor.safeExecute(AbstractEventExecutor.java:163) ~[netty-common-4.1.24.Final.jar:4.1.24.Final]
	at io.netty.util.concurrent.SingleThreadEventExecutor.runAllTasks(SingleThreadEventExecutor.java:404) ~[netty-common-4.1.24.Final.jar:4.1.24.Final]
	at io.netty.channel.epoll.EpollEventLoop.run(EpollEventLoop.java:309) ~[netty-transport-native-epoll-4.1.24.Final-linux-x86_64.jar:4.1.24.Final]
	at io.netty.util.concurrent.SingleThreadEventExecutor$5.run(SingleThreadEventExecutor.java:884) ~[netty-common-4.1.24.Final.jar:4.1.24.Final]
	at java.lang.Thread.run(Thread.java:745) ~[na:1.8.0_121]
09:45:02.066 [main] WARN  i.a.c.m.impl.NettyMessagingService - Disabling TLS for intra-cluster messaging; Could not load cluster key store: ../config/atomix.jks (No such file or directory)
09:45:02.069 [netty-messaging-event-epoll-server-0] WARN  i.a.c.m.impl.NettyMessagingService - localhost/127.0.0.1 failed to bind to port 5003 due to {}
io.netty.channel.unix.Errors$NativeIoException: bind(..) failed: Address already in use
	at io.netty.channel.unix.Errors.newIOException(Errors.java:122) ~[netty-transport-native-unix-common-4.1.24.Final.jar:4.1.24.Final]
	at io.netty.channel.unix.Socket.bind(Socket.java:287) ~[netty-transport-native-unix-common-4.1.24.Final.jar:4.1.24.Final]
	at io.netty.channel.epoll.AbstractEpollChannel.doBind(AbstractEpollChannel.java:688) ~[netty-transport-native-epoll-4.1.24.Final-linux-x86_64.jar:4.1.24.Final]
	at io.netty.channel.epoll.EpollServerSocketChannel.doBind(EpollServerSocketChannel.java:70) ~[netty-transport-native-epoll-4.1.24.Final-linux-x86_64.jar:4.1.24.Final]
	at io.netty.channel.AbstractChannel$AbstractUnsafe.bind(AbstractChannel.java:558) ~[netty-transport-4.1.24.Final.jar:4.1.24.Final]
	at io.netty.channel.DefaultChannelPipeline$HeadContext.bind(DefaultChannelPipeline.java:1358) ~[netty-transport-4.1.24.Final.jar:4.1.24.Final]
	at io.netty.channel.AbstractChannelHandlerContext.invokeBind(AbstractChannelHandlerContext.java:501) ~[netty-transport-4.1.24.Final.jar:4.1.24.Final]
	at io.netty.channel.AbstractChannelHandlerContext.bind(AbstractChannelHandlerContext.java:486) ~[netty-transport-4.1.24.Final.jar:4.1.24.Final]
	at io.netty.channel.DefaultChannelPipeline.bind(DefaultChannelPipeline.java:1019) ~[netty-transport-4.1.24.Final.jar:4.1.24.Final]
	at io.netty.channel.AbstractChannel.bind(AbstractChannel.java:254) ~[netty-transport-4.1.24.Final.jar:4.1.24.Final]
	at io.netty.bootstrap.AbstractBootstrap$2.run(AbstractBootstrap.java:366) ~[netty-transport-4.1.24.Final.jar:4.1.24.Final]
	at io.netty.util.concurrent.AbstractEventExecutor.safeExecute(AbstractEventExecutor.java:163) ~[netty-common-4.1.24.Final.jar:4.1.24.Final]
	at io.netty.util.concurrent.SingleThreadEventExecutor.runAllTasks(SingleThreadEventExecutor.java:404) ~[netty-common-4.1.24.Final.jar:4.1.24.Final]
	at io.netty.channel.epoll.EpollEventLoop.run(EpollEventLoop.java:309) ~[netty-transport-native-epoll-4.1.24.Final-linux-x86_64.jar:4.1.24.Final]
	at io.netty.util.concurrent.SingleThreadEventExecutor$5.run(SingleThreadEventExecutor.java:884) ~[netty-common-4.1.24.Final.jar:4.1.24.Final]
	at java.lang.Thread.run(Thread.java:745) ~[na:1.8.0_121]
09:45:02.069 [main] INFO  i.a.core.impl.CorePrimitivesService - Stopped
09:45:02.069 [main] INFO  i.a.core.impl.CorePrimitivesService - Stopped
09:45:02.069 [atomix-0] WARN  i.a.utils.event.ListenerRegistry - Listener io.atomix.primitive.partition.impl.DefaultPartitionService$$Lambda$30/168366@168fd7a0 not registered
09:45:02.069 [main] INFO  i.a.core.impl.CorePrimitivesService - Stopped
09:45:02.069 [atomix-0] WARN  i.a.utils.event.ListenerRegistry - Listener io.atomix.primitive.partition.impl.DefaultPartitionService$$Lambda$30/168366@7fbb0b3a not registered
09:45:02.069 [atomix-0] INFO  i.a.p.r.partition.RaftPartitionGroup - Stopped
09:45:02.069 [atomix-0] WARN  i.a.utils.event.ListenerRegistry - Listener io.atomix.primitive.partition.impl.DefaultPartitionService$$Lambda$30/168366@4e3e865c not registered
09:45:02.069 [atomix-0] INFO  i.a.p.r.partition.RaftPartitionGroup - Stopped
09:45:02.069 [atomix-0] INFO  i.a.p.r.partition.RaftPartitionGroup - Stopped
09:45:02.069 [atomix-0] INFO  i.a.p.r.partition.RaftPartitionGroup - Stopped
09:45:02.070 [atomix-0] INFO  i.a.p.r.partition.RaftPartitionGroup - Stopped
09:45:02.070 [atomix-0] WARN  i.a.utils.event.ListenerRegistry - Listener io.atomix.primitive.partition.impl.DefaultPartitionGroupMembershipService$$Lambda$31/49752459@18483b01 not registered
09:45:02.070 [atomix-0] INFO  i.a.p.r.partition.RaftPartitionGroup - Stopped
09:45:02.070 [atomix-0] WARN  i.a.utils.event.ListenerRegistry - Listener io.atomix.primitive.partition.impl.DefaultPartitionGroupMembershipService$$Lambda$31/49752459@717cfabd not registered
09:45:02.070 [atomix-0] INFO  i.a.p.p.i.DefaultPartitionGroupMembershipService - Stopped
09:45:02.070 [atomix-0] WARN  i.a.utils.event.ListenerRegistry - Listener io.atomix.primitive.partition.impl.DefaultPartitionGroupMembershipService$$Lambda$31/49752459@40f961eb not registered
09:45:02.070 [atomix-0] INFO  i.a.p.p.i.DefaultPartitionGroupMembershipService - Stopped
09:45:02.070 [atomix-0] INFO  i.a.p.p.impl.DefaultPartitionService - Stopped
09:45:02.070 [atomix-0] INFO  i.a.p.p.i.DefaultPartitionGroupMembershipService - Stopped
09:45:02.070 [atomix-0] INFO  i.a.p.p.impl.DefaultPartitionService - Stopped
09:45:02.070 [atomix-0] INFO  i.a.p.p.impl.DefaultPartitionService - Stopped
09:45:02.070 [atomix-cluster-0] INFO  io.atomix.cluster.AtomixCluster - Stopped
09:45:02.070 [atomix-cluster-0] INFO  io.atomix.cluster.AtomixCluster - Stopped
09:45:02.070 [atomix-cluster-0] INFO  io.atomix.cluster.AtomixCluster - Stopped
</system-out>
  </testcase>
  <testcase name="testScaleUpEphemeral" classname="io.atomix.core.AtomixTest" time="0.405">
    <error message="io.netty.channel.unix.Errors$NativeIoException: bind(..) failed: Address already in use" type="java.util.concurrent.ExecutionException">java.util.concurrent.ExecutionException: io.netty.channel.unix.Errors$NativeIoException: bind(..) failed: Address already in use
	at io.netty.channel.unix.Errors.newIOException(Errors.java:122)
	at io.netty.channel.unix.Socket.bind(Socket.java:287)
	at io.netty.channel.epoll.AbstractEpollChannel.doBind(AbstractEpollChannel.java:688)
	at io.netty.channel.epoll.EpollServerSocketChannel.doBind(EpollServerSocketChannel.java:70)
	at io.netty.channel.AbstractChannel$AbstractUnsafe.bind(AbstractChannel.java:558)
	at io.netty.channel.DefaultChannelPipeline$HeadContext.bind(DefaultChannelPipeline.java:1358)
	at io.netty.channel.AbstractChannelHandlerContext.invokeBind(AbstractChannelHandlerContext.java:501)
	at io.netty.channel.AbstractChannelHandlerContext.bind(AbstractChannelHandlerContext.java:486)
	at io.netty.channel.DefaultChannelPipeline.bind(DefaultChannelPipeline.java:1019)
	at io.netty.channel.AbstractChannel.bind(AbstractChannel.java:254)
	at io.netty.bootstrap.AbstractBootstrap$2.run(AbstractBootstrap.java:366)
	at io.netty.util.concurrent.AbstractEventExecutor.safeExecute(AbstractEventExecutor.java:163)
	at io.netty.util.concurrent.SingleThreadEventExecutor.runAllTasks(SingleThreadEventExecutor.java:404)
	at io.netty.channel.epoll.EpollEventLoop.run(EpollEventLoop.java:309)
	at io.netty.util.concurrent.SingleThreadEventExecutor$5.run(SingleThreadEventExecutor.java:884)
	at java.lang.Thread.run(Thread.java:745)
</error>
    <system-out>09:45:02.473 [main] WARN  i.a.c.m.impl.NettyMessagingService - Disabling TLS for intra-cluster messaging; Could not load cluster key store: ../config/atomix.jks (No such file or directory)
09:45:02.475 [netty-messaging-event-epoll-server-0] WARN  i.a.c.m.impl.NettyMessagingService - localhost/127.0.0.1 failed to bind to port 5001 due to {}
io.netty.channel.unix.Errors$NativeIoException: bind(..) failed: Address already in use
	at io.netty.channel.unix.Errors.newIOException(Errors.java:122) ~[netty-transport-native-unix-common-4.1.24.Final.jar:4.1.24.Final]
	at io.netty.channel.unix.Socket.bind(Socket.java:287) ~[netty-transport-native-unix-common-4.1.24.Final.jar:4.1.24.Final]
	at io.netty.channel.epoll.AbstractEpollChannel.doBind(AbstractEpollChannel.java:688) ~[netty-transport-native-epoll-4.1.24.Final-linux-x86_64.jar:4.1.24.Final]
	at io.netty.channel.epoll.EpollServerSocketChannel.doBind(EpollServerSocketChannel.java:70) ~[netty-transport-native-epoll-4.1.24.Final-linux-x86_64.jar:4.1.24.Final]
	at io.netty.channel.AbstractChannel$AbstractUnsafe.bind(AbstractChannel.java:558) ~[netty-transport-4.1.24.Final.jar:4.1.24.Final]
	at io.netty.channel.DefaultChannelPipeline$HeadContext.bind(DefaultChannelPipeline.java:1358) ~[netty-transport-4.1.24.Final.jar:4.1.24.Final]
	at io.netty.channel.AbstractChannelHandlerContext.invokeBind(AbstractChannelHandlerContext.java:501) ~[netty-transport-4.1.24.Final.jar:4.1.24.Final]
	at io.netty.channel.AbstractChannelHandlerContext.bind(AbstractChannelHandlerContext.java:486) ~[netty-transport-4.1.24.Final.jar:4.1.24.Final]
	at io.netty.channel.DefaultChannelPipeline.bind(DefaultChannelPipeline.java:1019) ~[netty-transport-4.1.24.Final.jar:4.1.24.Final]
	at io.netty.channel.AbstractChannel.bind(AbstractChannel.java:254) ~[netty-transport-4.1.24.Final.jar:4.1.24.Final]
	at io.netty.bootstrap.AbstractBootstrap$2.run(AbstractBootstrap.java:366) ~[netty-transport-4.1.24.Final.jar:4.1.24.Final]
	at io.netty.util.concurrent.AbstractEventExecutor.safeExecute(AbstractEventExecutor.java:163) ~[netty-common-4.1.24.Final.jar:4.1.24.Final]
	at io.netty.util.concurrent.SingleThreadEventExecutor.runAllTasks(SingleThreadEventExecutor.java:404) ~[netty-common-4.1.24.Final.jar:4.1.24.Final]
	at io.netty.channel.epoll.EpollEventLoop.run(EpollEventLoop.java:309) ~[netty-transport-native-epoll-4.1.24.Final-linux-x86_64.jar:4.1.24.Final]
	at io.netty.util.concurrent.SingleThreadEventExecutor$5.run(SingleThreadEventExecutor.java:884) ~[netty-common-4.1.24.Final.jar:4.1.24.Final]
	at java.lang.Thread.run(Thread.java:745) ~[na:1.8.0_121]
09:45:02.476 [main] INFO  i.a.core.impl.CorePrimitivesService - Stopped
09:45:02.476 [atomix-0] WARN  i.a.utils.event.ListenerRegistry - Listener io.atomix.primitive.partition.impl.DefaultPartitionService$$Lambda$30/168366@2a2b73c8 not registered
09:45:02.476 [atomix-0] INFO  i.a.p.b.p.PrimaryBackupPartitionGroup - Stopped
09:45:02.476 [atomix-0] INFO  i.a.p.b.p.PrimaryBackupPartitionGroup - Stopped
09:45:02.476 [atomix-0] WARN  i.a.utils.event.ListenerRegistry - Listener io.atomix.primitive.partition.impl.DefaultPartitionGroupMembershipService$$Lambda$31/49752459@24ec88fd not registered
09:45:02.476 [atomix-0] INFO  i.a.p.p.i.DefaultPartitionGroupMembershipService - Stopped
09:45:02.476 [atomix-0] INFO  i.a.p.p.impl.DefaultPartitionService - Stopped
09:45:02.476 [atomix-cluster-0] INFO  io.atomix.cluster.AtomixCluster - Stopped
</system-out>
  </testcase>
  <testcase name="testStopStartConsensus" classname="io.atomix.core.AtomixTest" time="0.176">
    <error message="io.netty.channel.unix.Errors$NativeIoException: bind(..) failed: Address already in use" type="java.util.concurrent.ExecutionException">java.util.concurrent.ExecutionException: io.netty.channel.unix.Errors$NativeIoException: bind(..) failed: Address already in use
	at io.netty.channel.unix.Errors.newIOException(Errors.java:122)
	at io.netty.channel.unix.Socket.bind(Socket.java:287)
	at io.netty.channel.epoll.AbstractEpollChannel.doBind(AbstractEpollChannel.java:688)
	at io.netty.channel.epoll.EpollServerSocketChannel.doBind(EpollServerSocketChannel.java:70)
	at io.netty.channel.AbstractChannel$AbstractUnsafe.bind(AbstractChannel.java:558)
	at io.netty.channel.DefaultChannelPipeline$HeadContext.bind(DefaultChannelPipeline.java:1358)
	at io.netty.channel.AbstractChannelHandlerContext.invokeBind(AbstractChannelHandlerContext.java:501)
	at io.netty.channel.AbstractChannelHandlerContext.bind(AbstractChannelHandlerContext.java:486)
	at io.netty.channel.DefaultChannelPipeline.bind(DefaultChannelPipeline.java:1019)
	at io.netty.channel.AbstractChannel.bind(AbstractChannel.java:254)
	at io.netty.bootstrap.AbstractBootstrap$2.run(AbstractBootstrap.java:366)
	at io.netty.util.concurrent.AbstractEventExecutor.safeExecute(AbstractEventExecutor.java:163)
	at io.netty.util.concurrent.SingleThreadEventExecutor.runAllTasks(SingleThreadEventExecutor.java:404)
	at io.netty.channel.epoll.EpollEventLoop.run(EpollEventLoop.java:309)
	at io.netty.util.concurrent.SingleThreadEventExecutor$5.run(SingleThreadEventExecutor.java:884)
	at java.lang.Thread.run(Thread.java:745)
</error>
    <system-out>09:45:02.649 [main] WARN  i.a.c.m.impl.NettyMessagingService - Disabling TLS for intra-cluster messaging; Could not load cluster key store: ../config/atomix.jks (No such file or directory)
09:45:02.651 [netty-messaging-event-epoll-server-0] WARN  i.a.c.m.impl.NettyMessagingService - localhost/127.0.0.1 failed to bind to port 5001 due to {}
io.netty.channel.unix.Errors$NativeIoException: bind(..) failed: Address already in use
	at io.netty.channel.unix.Errors.newIOException(Errors.java:122) ~[netty-transport-native-unix-common-4.1.24.Final.jar:4.1.24.Final]
	at io.netty.channel.unix.Socket.bind(Socket.java:287) ~[netty-transport-native-unix-common-4.1.24.Final.jar:4.1.24.Final]
	at io.netty.channel.epoll.AbstractEpollChannel.doBind(AbstractEpollChannel.java:688) ~[netty-transport-native-epoll-4.1.24.Final-linux-x86_64.jar:4.1.24.Final]
	at io.netty.channel.epoll.EpollServerSocketChannel.doBind(EpollServerSocketChannel.java:70) ~[netty-transport-native-epoll-4.1.24.Final-linux-x86_64.jar:4.1.24.Final]
	at io.netty.channel.AbstractChannel$AbstractUnsafe.bind(AbstractChannel.java:558) ~[netty-transport-4.1.24.Final.jar:4.1.24.Final]
	at io.netty.channel.DefaultChannelPipeline$HeadContext.bind(DefaultChannelPipeline.java:1358) ~[netty-transport-4.1.24.Final.jar:4.1.24.Final]
	at io.netty.channel.AbstractChannelHandlerContext.invokeBind(AbstractChannelHandlerContext.java:501) ~[netty-transport-4.1.24.Final.jar:4.1.24.Final]
	at io.netty.channel.AbstractChannelHandlerContext.bind(AbstractChannelHandlerContext.java:486) ~[netty-transport-4.1.24.Final.jar:4.1.24.Final]
	at io.netty.channel.DefaultChannelPipeline.bind(DefaultChannelPipeline.java:1019) ~[netty-transport-4.1.24.Final.jar:4.1.24.Final]
	at io.netty.channel.AbstractChannel.bind(AbstractChannel.java:254) ~[netty-transport-4.1.24.Final.jar:4.1.24.Final]
	at io.netty.bootstrap.AbstractBootstrap$2.run(AbstractBootstrap.java:366) ~[netty-transport-4.1.24.Final.jar:4.1.24.Final]
	at io.netty.util.concurrent.AbstractEventExecutor.safeExecute(AbstractEventExecutor.java:163) ~[netty-common-4.1.24.Final.jar:4.1.24.Final]
	at io.netty.util.concurrent.SingleThreadEventExecutor.runAllTasks(SingleThreadEventExecutor.java:404) ~[netty-common-4.1.24.Final.jar:4.1.24.Final]
	at io.netty.channel.epoll.EpollEventLoop.run(EpollEventLoop.java:309) ~[netty-transport-native-epoll-4.1.24.Final-linux-x86_64.jar:4.1.24.Final]
	at io.netty.util.concurrent.SingleThreadEventExecutor$5.run(SingleThreadEventExecutor.java:884) ~[netty-common-4.1.24.Final.jar:4.1.24.Final]
	at java.lang.Thread.run(Thread.java:745) ~[na:1.8.0_121]
09:45:02.652 [main] INFO  i.a.core.impl.CorePrimitivesService - Stopped
09:45:02.652 [atomix-0] WARN  i.a.utils.event.ListenerRegistry - Listener io.atomix.primitive.partition.impl.DefaultPartitionService$$Lambda$30/168366@75eeb6a3 not registered
09:45:02.652 [atomix-0] INFO  i.a.p.r.partition.RaftPartitionGroup - Stopped
09:45:02.652 [atomix-0] INFO  i.a.p.r.partition.RaftPartitionGroup - Stopped
09:45:02.652 [atomix-0] WARN  i.a.utils.event.ListenerRegistry - Listener io.atomix.primitive.partition.impl.DefaultPartitionGroupMembershipService$$Lambda$31/49752459@7b29466e not registered
09:45:02.652 [atomix-0] INFO  i.a.p.p.i.DefaultPartitionGroupMembershipService - Stopped
09:45:02.652 [atomix-0] INFO  i.a.p.p.impl.DefaultPartitionService - Stopped
09:45:02.652 [atomix-cluster-0] INFO  io.atomix.cluster.AtomixCluster - Stopped
</system-out>
  </testcase>
  <testcase name="testClientJoinLeaveDataGrid" classname="io.atomix.core.AtomixTest" time="0.513">
    <error message="io.netty.channel.unix.Errors$NativeIoException: bind(..) failed: Address already in use" type="java.util.concurrent.ExecutionException">java.util.concurrent.ExecutionException: io.netty.channel.unix.Errors$NativeIoException: bind(..) failed: Address already in use
	at io.netty.channel.unix.Errors.newIOException(Errors.java:122)
	at io.netty.channel.unix.Socket.bind(Socket.java:287)
	at io.netty.channel.epoll.AbstractEpollChannel.doBind(AbstractEpollChannel.java:688)
	at io.netty.channel.epoll.EpollServerSocketChannel.doBind(EpollServerSocketChannel.java:70)
	at io.netty.channel.AbstractChannel$AbstractUnsafe.bind(AbstractChannel.java:558)
	at io.netty.channel.DefaultChannelPipeline$HeadContext.bind(DefaultChannelPipeline.java:1358)
	at io.netty.channel.AbstractChannelHandlerContext.invokeBind(AbstractChannelHandlerContext.java:501)
	at io.netty.channel.AbstractChannelHandlerContext.bind(AbstractChannelHandlerContext.java:486)
	at io.netty.channel.DefaultChannelPipeline.bind(DefaultChannelPipeline.java:1019)
	at io.netty.channel.AbstractChannel.bind(AbstractChannel.java:254)
	at io.netty.bootstrap.AbstractBootstrap$2.run(AbstractBootstrap.java:366)
	at io.netty.util.concurrent.AbstractEventExecutor.safeExecute(AbstractEventExecutor.java:163)
	at io.netty.util.concurrent.SingleThreadEventExecutor.runAllTasks(SingleThreadEventExecutor.java:404)
	at io.netty.channel.epoll.EpollEventLoop.run(EpollEventLoop.java:309)
	at io.netty.util.concurrent.SingleThreadEventExecutor$5.run(SingleThreadEventExecutor.java:884)
	at java.lang.Thread.run(Thread.java:745)
</error>
    <system-out>09:45:02.817 [main] WARN  i.a.c.m.impl.NettyMessagingService - Disabling TLS for intra-cluster messaging; Could not load cluster key store: ../config/atomix.jks (No such file or directory)
09:45:02.819 [netty-messaging-event-epoll-server-0] WARN  i.a.c.m.impl.NettyMessagingService - localhost/127.0.0.1 failed to bind to port 5001 due to {}
io.netty.channel.unix.Errors$NativeIoException: bind(..) failed: Address already in use
	at io.netty.channel.unix.Errors.newIOException(Errors.java:122) ~[netty-transport-native-unix-common-4.1.24.Final.jar:4.1.24.Final]
	at io.netty.channel.unix.Socket.bind(Socket.java:287) ~[netty-transport-native-unix-common-4.1.24.Final.jar:4.1.24.Final]
	at io.netty.channel.epoll.AbstractEpollChannel.doBind(AbstractEpollChannel.java:688) ~[netty-transport-native-epoll-4.1.24.Final-linux-x86_64.jar:4.1.24.Final]
	at io.netty.channel.epoll.EpollServerSocketChannel.doBind(EpollServerSocketChannel.java:70) ~[netty-transport-native-epoll-4.1.24.Final-linux-x86_64.jar:4.1.24.Final]
	at io.netty.channel.AbstractChannel$AbstractUnsafe.bind(AbstractChannel.java:558) ~[netty-transport-4.1.24.Final.jar:4.1.24.Final]
	at io.netty.channel.DefaultChannelPipeline$HeadContext.bind(DefaultChannelPipeline.java:1358) ~[netty-transport-4.1.24.Final.jar:4.1.24.Final]
	at io.netty.channel.AbstractChannelHandlerContext.invokeBind(AbstractChannelHandlerContext.java:501) ~[netty-transport-4.1.24.Final.jar:4.1.24.Final]
	at io.netty.channel.AbstractChannelHandlerContext.bind(AbstractChannelHandlerContext.java:486) ~[netty-transport-4.1.24.Final.jar:4.1.24.Final]
	at io.netty.channel.DefaultChannelPipeline.bind(DefaultChannelPipeline.java:1019) ~[netty-transport-4.1.24.Final.jar:4.1.24.Final]
	at io.netty.channel.AbstractChannel.bind(AbstractChannel.java:254) ~[netty-transport-4.1.24.Final.jar:4.1.24.Final]
	at io.netty.bootstrap.AbstractBootstrap$2.run(AbstractBootstrap.java:366) ~[netty-transport-4.1.24.Final.jar:4.1.24.Final]
	at io.netty.util.concurrent.AbstractEventExecutor.safeExecute(AbstractEventExecutor.java:163) ~[netty-common-4.1.24.Final.jar:4.1.24.Final]
	at io.netty.util.concurrent.SingleThreadEventExecutor.runAllTasks(SingleThreadEventExecutor.java:404) ~[netty-common-4.1.24.Final.jar:4.1.24.Final]
	at io.netty.channel.epoll.EpollEventLoop.run(EpollEventLoop.java:309) ~[netty-transport-native-epoll-4.1.24.Final-linux-x86_64.jar:4.1.24.Final]
	at io.netty.util.concurrent.SingleThreadEventExecutor$5.run(SingleThreadEventExecutor.java:884) ~[netty-common-4.1.24.Final.jar:4.1.24.Final]
	at java.lang.Thread.run(Thread.java:745) ~[na:1.8.0_121]
09:45:02.992 [main] WARN  i.a.c.m.impl.NettyMessagingService - Disabling TLS for intra-cluster messaging; Could not load cluster key store: ../config/atomix.jks (No such file or directory)
09:45:02.994 [netty-messaging-event-epoll-server-0] WARN  i.a.c.m.impl.NettyMessagingService - localhost/127.0.0.1 failed to bind to port 5002 due to {}
io.netty.channel.unix.Errors$NativeIoException: bind(..) failed: Address already in use
	at io.netty.channel.unix.Errors.newIOException(Errors.java:122) ~[netty-transport-native-unix-common-4.1.24.Final.jar:4.1.24.Final]
	at io.netty.channel.unix.Socket.bind(Socket.java:287) ~[netty-transport-native-unix-common-4.1.24.Final.jar:4.1.24.Final]
	at io.netty.channel.epoll.AbstractEpollChannel.doBind(AbstractEpollChannel.java:688) ~[netty-transport-native-epoll-4.1.24.Final-linux-x86_64.jar:4.1.24.Final]
	at io.netty.channel.epoll.EpollServerSocketChannel.doBind(EpollServerSocketChannel.java:70) ~[netty-transport-native-epoll-4.1.24.Final-linux-x86_64.jar:4.1.24.Final]
	at io.netty.channel.AbstractChannel$AbstractUnsafe.bind(AbstractChannel.java:558) ~[netty-transport-4.1.24.Final.jar:4.1.24.Final]
	at io.netty.channel.DefaultChannelPipeline$HeadContext.bind(DefaultChannelPipeline.java:1358) ~[netty-transport-4.1.24.Final.jar:4.1.24.Final]
	at io.netty.channel.AbstractChannelHandlerContext.invokeBind(AbstractChannelHandlerContext.java:501) ~[netty-transport-4.1.24.Final.jar:4.1.24.Final]
	at io.netty.channel.AbstractChannelHandlerContext.bind(AbstractChannelHandlerContext.java:486) ~[netty-transport-4.1.24.Final.jar:4.1.24.Final]
	at io.netty.channel.DefaultChannelPipeline.bind(DefaultChannelPipeline.java:1019) ~[netty-transport-4.1.24.Final.jar:4.1.24.Final]
	at io.netty.channel.AbstractChannel.bind(AbstractChannel.java:254) ~[netty-transport-4.1.24.Final.jar:4.1.24.Final]
	at io.netty.bootstrap.AbstractBootstrap$2.run(AbstractBootstrap.java:366) ~[netty-transport-4.1.24.Final.jar:4.1.24.Final]
	at io.netty.util.concurrent.AbstractEventExecutor.safeExecute(AbstractEventExecutor.java:163) ~[netty-common-4.1.24.Final.jar:4.1.24.Final]
	at io.netty.util.concurrent.SingleThreadEventExecutor.runAllTasks(SingleThreadEventExecutor.java:404) ~[netty-common-4.1.24.Final.jar:4.1.24.Final]
	at io.netty.channel.epoll.EpollEventLoop.run(EpollEventLoop.java:309) ~[netty-transport-native-epoll-4.1.24.Final-linux-x86_64.jar:4.1.24.Final]
	at io.netty.util.concurrent.SingleThreadEventExecutor$5.run(SingleThreadEventExecutor.java:884) ~[netty-common-4.1.24.Final.jar:4.1.24.Final]
	at java.lang.Thread.run(Thread.java:745) ~[na:1.8.0_121]
09:45:03.159 [main] WARN  i.a.c.m.impl.NettyMessagingService - Disabling TLS for intra-cluster messaging; Could not load cluster key store: ../config/atomix.jks (No such file or directory)
09:45:03.162 [netty-messaging-event-epoll-server-0] WARN  i.a.c.m.impl.NettyMessagingService - localhost/127.0.0.1 failed to bind to port 5003 due to {}
io.netty.channel.unix.Errors$NativeIoException: bind(..) failed: Address already in use
	at io.netty.channel.unix.Errors.newIOException(Errors.java:122) ~[netty-transport-native-unix-common-4.1.24.Final.jar:4.1.24.Final]
	at io.netty.channel.unix.Socket.bind(Socket.java:287) ~[netty-transport-native-unix-common-4.1.24.Final.jar:4.1.24.Final]
	at io.netty.channel.epoll.AbstractEpollChannel.doBind(AbstractEpollChannel.java:688) ~[netty-transport-native-epoll-4.1.24.Final-linux-x86_64.jar:4.1.24.Final]
	at io.netty.channel.epoll.EpollServerSocketChannel.doBind(EpollServerSocketChannel.java:70) ~[netty-transport-native-epoll-4.1.24.Final-linux-x86_64.jar:4.1.24.Final]
	at io.netty.channel.AbstractChannel$AbstractUnsafe.bind(AbstractChannel.java:558) ~[netty-transport-4.1.24.Final.jar:4.1.24.Final]
	at io.netty.channel.DefaultChannelPipeline$HeadContext.bind(DefaultChannelPipeline.java:1358) ~[netty-transport-4.1.24.Final.jar:4.1.24.Final]
	at io.netty.channel.AbstractChannelHandlerContext.invokeBind(AbstractChannelHandlerContext.java:501) ~[netty-transport-4.1.24.Final.jar:4.1.24.Final]
	at io.netty.channel.AbstractChannelHandlerContext.bind(AbstractChannelHandlerContext.java:486) ~[netty-transport-4.1.24.Final.jar:4.1.24.Final]
	at io.netty.channel.DefaultChannelPipeline.bind(DefaultChannelPipeline.java:1019) ~[netty-transport-4.1.24.Final.jar:4.1.24.Final]
	at io.netty.channel.AbstractChannel.bind(AbstractChannel.java:254) ~[netty-transport-4.1.24.Final.jar:4.1.24.Final]
	at io.netty.bootstrap.AbstractBootstrap$2.run(AbstractBootstrap.java:366) ~[netty-transport-4.1.24.Final.jar:4.1.24.Final]
	at io.netty.util.concurrent.AbstractEventExecutor.safeExecute(AbstractEventExecutor.java:163) ~[netty-common-4.1.24.Final.jar:4.1.24.Final]
	at io.netty.util.concurrent.SingleThreadEventExecutor.runAllTasks(SingleThreadEventExecutor.java:404) ~[netty-common-4.1.24.Final.jar:4.1.24.Final]
	at io.netty.channel.epoll.EpollEventLoop.run(EpollEventLoop.java:309) ~[netty-transport-native-epoll-4.1.24.Final-linux-x86_64.jar:4.1.24.Final]
	at io.netty.util.concurrent.SingleThreadEventExecutor$5.run(SingleThreadEventExecutor.java:884) ~[netty-common-4.1.24.Final.jar:4.1.24.Final]
	at java.lang.Thread.run(Thread.java:745) ~[na:1.8.0_121]
09:45:03.162 [main] INFO  i.a.core.impl.CorePrimitivesService - Stopped
09:45:03.162 [main] INFO  i.a.core.impl.CorePrimitivesService - Stopped
09:45:03.162 [atomix-0] WARN  i.a.utils.event.ListenerRegistry - Listener io.atomix.primitive.partition.impl.DefaultPartitionService$$Lambda$30/168366@548483fb not registered
09:45:03.162 [main] INFO  i.a.core.impl.CorePrimitivesService - Stopped
09:45:03.162 [atomix-0] WARN  i.a.utils.event.ListenerRegistry - Listener io.atomix.primitive.partition.impl.DefaultPartitionService$$Lambda$30/168366@228f8d93 not registered
09:45:03.163 [atomix-0] INFO  i.a.p.b.p.PrimaryBackupPartitionGroup - Stopped
09:45:03.163 [atomix-0] INFO  i.a.p.b.p.PrimaryBackupPartitionGroup - Stopped
09:45:03.163 [atomix-0] WARN  i.a.utils.event.ListenerRegistry - Listener io.atomix.primitive.partition.impl.DefaultPartitionService$$Lambda$30/168366@30e0213e not registered
09:45:03.163 [atomix-0] INFO  i.a.p.b.p.PrimaryBackupPartitionGroup - Stopped
09:45:03.163 [atomix-0] INFO  i.a.p.b.p.PrimaryBackupPartitionGroup - Stopped
09:45:03.163 [atomix-0] INFO  i.a.p.b.p.PrimaryBackupPartitionGroup - Stopped
09:45:03.164 [atomix-0] WARN  i.a.utils.event.ListenerRegistry - Listener io.atomix.primitive.partition.impl.DefaultPartitionGroupMembershipService$$Lambda$31/49752459@5a43671b not registered
09:45:03.164 [atomix-0] WARN  i.a.utils.event.ListenerRegistry - Listener io.atomix.primitive.partition.impl.DefaultPartitionGroupMembershipService$$Lambda$31/49752459@2c4867b2 not registered
09:45:03.164 [atomix-0] INFO  i.a.p.b.p.PrimaryBackupPartitionGroup - Stopped
09:45:03.164 [atomix-0] INFO  i.a.p.p.i.DefaultPartitionGroupMembershipService - Stopped
09:45:03.164 [atomix-0] INFO  i.a.p.p.i.DefaultPartitionGroupMembershipService - Stopped
09:45:03.164 [atomix-0] WARN  i.a.utils.event.ListenerRegistry - Listener io.atomix.primitive.partition.impl.DefaultPartitionGroupMembershipService$$Lambda$31/49752459@3e27d952 not registered
09:45:03.164 [atomix-0] INFO  i.a.p.p.impl.DefaultPartitionService - Stopped
09:45:03.164 [atomix-0] INFO  i.a.p.p.impl.DefaultPartitionService - Stopped
09:45:03.164 [atomix-0] INFO  i.a.p.p.i.DefaultPartitionGroupMembershipService - Stopped
09:45:03.164 [atomix-0] INFO  i.a.p.p.impl.DefaultPartitionService - Stopped
09:45:03.164 [atomix-cluster-0] INFO  io.atomix.cluster.AtomixCluster - Stopped
09:45:03.164 [atomix-cluster-0] INFO  io.atomix.cluster.AtomixCluster - Stopped
09:45:03.165 [atomix-cluster-0] INFO  io.atomix.cluster.AtomixCluster - Stopped
</system-out>
  </testcase>
  <testcase name="testBootstrapDataGrid" classname="io.atomix.core.AtomixTest" time="0.712">
    <error message="io.netty.channel.unix.Errors$NativeIoException: bind(..) failed: Address already in use" type="java.util.concurrent.ExecutionException">java.util.concurrent.ExecutionException: io.netty.channel.unix.Errors$NativeIoException: bind(..) failed: Address already in use
	at io.netty.channel.unix.Errors.newIOException(Errors.java:122)
	at io.netty.channel.unix.Socket.bind(Socket.java:287)
	at io.netty.channel.epoll.AbstractEpollChannel.doBind(AbstractEpollChannel.java:688)
	at io.netty.channel.epoll.EpollServerSocketChannel.doBind(EpollServerSocketChannel.java:70)
	at io.netty.channel.AbstractChannel$AbstractUnsafe.bind(AbstractChannel.java:558)
	at io.netty.channel.DefaultChannelPipeline$HeadContext.bind(DefaultChannelPipeline.java:1358)
	at io.netty.channel.AbstractChannelHandlerContext.invokeBind(AbstractChannelHandlerContext.java:501)
	at io.netty.channel.AbstractChannelHandlerContext.bind(AbstractChannelHandlerContext.java:486)
	at io.netty.channel.DefaultChannelPipeline.bind(DefaultChannelPipeline.java:1019)
	at io.netty.channel.AbstractChannel.bind(AbstractChannel.java:254)
	at io.netty.bootstrap.AbstractBootstrap$2.run(AbstractBootstrap.java:366)
	at io.netty.util.concurrent.AbstractEventExecutor.safeExecute(AbstractEventExecutor.java:163)
	at io.netty.util.concurrent.SingleThreadEventExecutor.runAllTasks(SingleThreadEventExecutor.java:404)
	at io.netty.channel.epoll.EpollEventLoop.run(EpollEventLoop.java:309)
	at io.netty.util.concurrent.SingleThreadEventExecutor$5.run(SingleThreadEventExecutor.java:884)
	at java.lang.Thread.run(Thread.java:745)
</error>
    <system-out>09:45:03.333 [main] WARN  i.a.c.m.impl.NettyMessagingService - Disabling TLS for intra-cluster messaging; Could not load cluster key store: ../config/atomix.jks (No such file or directory)
09:45:03.336 [netty-messaging-event-epoll-server-0] WARN  i.a.c.m.impl.NettyMessagingService - localhost/127.0.0.1 failed to bind to port 5001 due to {}
io.netty.channel.unix.Errors$NativeIoException: bind(..) failed: Address already in use
	at io.netty.channel.unix.Errors.newIOException(Errors.java:122) ~[netty-transport-native-unix-common-4.1.24.Final.jar:4.1.24.Final]
	at io.netty.channel.unix.Socket.bind(Socket.java:287) ~[netty-transport-native-unix-common-4.1.24.Final.jar:4.1.24.Final]
	at io.netty.channel.epoll.AbstractEpollChannel.doBind(AbstractEpollChannel.java:688) ~[netty-transport-native-epoll-4.1.24.Final-linux-x86_64.jar:4.1.24.Final]
	at io.netty.channel.epoll.EpollServerSocketChannel.doBind(EpollServerSocketChannel.java:70) ~[netty-transport-native-epoll-4.1.24.Final-linux-x86_64.jar:4.1.24.Final]
	at io.netty.channel.AbstractChannel$AbstractUnsafe.bind(AbstractChannel.java:558) ~[netty-transport-4.1.24.Final.jar:4.1.24.Final]
	at io.netty.channel.DefaultChannelPipeline$HeadContext.bind(DefaultChannelPipeline.java:1358) ~[netty-transport-4.1.24.Final.jar:4.1.24.Final]
	at io.netty.channel.AbstractChannelHandlerContext.invokeBind(AbstractChannelHandlerContext.java:501) ~[netty-transport-4.1.24.Final.jar:4.1.24.Final]
	at io.netty.channel.AbstractChannelHandlerContext.bind(AbstractChannelHandlerContext.java:486) ~[netty-transport-4.1.24.Final.jar:4.1.24.Final]
	at io.netty.channel.DefaultChannelPipeline.bind(DefaultChannelPipeline.java:1019) ~[netty-transport-4.1.24.Final.jar:4.1.24.Final]
	at io.netty.channel.AbstractChannel.bind(AbstractChannel.java:254) ~[netty-transport-4.1.24.Final.jar:4.1.24.Final]
	at io.netty.bootstrap.AbstractBootstrap$2.run(AbstractBootstrap.java:366) ~[netty-transport-4.1.24.Final.jar:4.1.24.Final]
	at io.netty.util.concurrent.AbstractEventExecutor.safeExecute(AbstractEventExecutor.java:163) ~[netty-common-4.1.24.Final.jar:4.1.24.Final]
	at io.netty.util.concurrent.SingleThreadEventExecutor.runAllTasks(SingleThreadEventExecutor.java:404) ~[netty-common-4.1.24.Final.jar:4.1.24.Final]
	at io.netty.channel.epoll.EpollEventLoop.run(EpollEventLoop.java:309) ~[netty-transport-native-epoll-4.1.24.Final-linux-x86_64.jar:4.1.24.Final]
	at io.netty.util.concurrent.SingleThreadEventExecutor$5.run(SingleThreadEventExecutor.java:884) ~[netty-common-4.1.24.Final.jar:4.1.24.Final]
	at java.lang.Thread.run(Thread.java:745) ~[na:1.8.0_121]
09:45:03.502 [main] WARN  i.a.c.m.impl.NettyMessagingService - Disabling TLS for intra-cluster messaging; Could not load cluster key store: ../config/atomix.jks (No such file or directory)
09:45:03.505 [netty-messaging-event-epoll-server-0] WARN  i.a.c.m.impl.NettyMessagingService - localhost/127.0.0.1 failed to bind to port 5002 due to {}
io.netty.channel.unix.Errors$NativeIoException: bind(..) failed: Address already in use
	at io.netty.channel.unix.Errors.newIOException(Errors.java:122) ~[netty-transport-native-unix-common-4.1.24.Final.jar:4.1.24.Final]
	at io.netty.channel.unix.Socket.bind(Socket.java:287) ~[netty-transport-native-unix-common-4.1.24.Final.jar:4.1.24.Final]
	at io.netty.channel.epoll.AbstractEpollChannel.doBind(AbstractEpollChannel.java:688) ~[netty-transport-native-epoll-4.1.24.Final-linux-x86_64.jar:4.1.24.Final]
	at io.netty.channel.epoll.EpollServerSocketChannel.doBind(EpollServerSocketChannel.java:70) ~[netty-transport-native-epoll-4.1.24.Final-linux-x86_64.jar:4.1.24.Final]
	at io.netty.channel.AbstractChannel$AbstractUnsafe.bind(AbstractChannel.java:558) ~[netty-transport-4.1.24.Final.jar:4.1.24.Final]
	at io.netty.channel.DefaultChannelPipeline$HeadContext.bind(DefaultChannelPipeline.java:1358) ~[netty-transport-4.1.24.Final.jar:4.1.24.Final]
	at io.netty.channel.AbstractChannelHandlerContext.invokeBind(AbstractChannelHandlerContext.java:501) ~[netty-transport-4.1.24.Final.jar:4.1.24.Final]
	at io.netty.channel.AbstractChannelHandlerContext.bind(AbstractChannelHandlerContext.java:486) ~[netty-transport-4.1.24.Final.jar:4.1.24.Final]
	at io.netty.channel.DefaultChannelPipeline.bind(DefaultChannelPipeline.java:1019) ~[netty-transport-4.1.24.Final.jar:4.1.24.Final]
	at io.netty.channel.AbstractChannel.bind(AbstractChannel.java:254) ~[netty-transport-4.1.24.Final.jar:4.1.24.Final]
	at io.netty.bootstrap.AbstractBootstrap$2.run(AbstractBootstrap.java:366) ~[netty-transport-4.1.24.Final.jar:4.1.24.Final]
	at io.netty.util.concurrent.AbstractEventExecutor.safeExecute(AbstractEventExecutor.java:163) ~[netty-common-4.1.24.Final.jar:4.1.24.Final]
	at io.netty.util.concurrent.SingleThreadEventExecutor.runAllTasks(SingleThreadEventExecutor.java:404) ~[netty-common-4.1.24.Final.jar:4.1.24.Final]
	at io.netty.channel.epoll.EpollEventLoop.run(EpollEventLoop.java:309) ~[netty-transport-native-epoll-4.1.24.Final-linux-x86_64.jar:4.1.24.Final]
	at io.netty.util.concurrent.SingleThreadEventExecutor$5.run(SingleThreadEventExecutor.java:884) ~[netty-common-4.1.24.Final.jar:4.1.24.Final]
	at java.lang.Thread.run(Thread.java:745) ~[na:1.8.0_121]
09:45:03.874 [main] WARN  i.a.c.m.impl.NettyMessagingService - Disabling TLS for intra-cluster messaging; Could not load cluster key store: ../config/atomix.jks (No such file or directory)
09:45:03.877 [netty-messaging-event-epoll-server-0] WARN  i.a.c.m.impl.NettyMessagingService - localhost/127.0.0.1 failed to bind to port 5003 due to {}
io.netty.channel.unix.Errors$NativeIoException: bind(..) failed: Address already in use
	at io.netty.channel.unix.Errors.newIOException(Errors.java:122) ~[netty-transport-native-unix-common-4.1.24.Final.jar:4.1.24.Final]
	at io.netty.channel.unix.Socket.bind(Socket.java:287) ~[netty-transport-native-unix-common-4.1.24.Final.jar:4.1.24.Final]
	at io.netty.channel.epoll.AbstractEpollChannel.doBind(AbstractEpollChannel.java:688) ~[netty-transport-native-epoll-4.1.24.Final-linux-x86_64.jar:4.1.24.Final]
	at io.netty.channel.epoll.EpollServerSocketChannel.doBind(EpollServerSocketChannel.java:70) ~[netty-transport-native-epoll-4.1.24.Final-linux-x86_64.jar:4.1.24.Final]
	at io.netty.channel.AbstractChannel$AbstractUnsafe.bind(AbstractChannel.java:558) ~[netty-transport-4.1.24.Final.jar:4.1.24.Final]
	at io.netty.channel.DefaultChannelPipeline$HeadContext.bind(DefaultChannelPipeline.java:1358) ~[netty-transport-4.1.24.Final.jar:4.1.24.Final]
	at io.netty.channel.AbstractChannelHandlerContext.invokeBind(AbstractChannelHandlerContext.java:501) ~[netty-transport-4.1.24.Final.jar:4.1.24.Final]
	at io.netty.channel.AbstractChannelHandlerContext.bind(AbstractChannelHandlerContext.java:486) ~[netty-transport-4.1.24.Final.jar:4.1.24.Final]
	at io.netty.channel.DefaultChannelPipeline.bind(DefaultChannelPipeline.java:1019) ~[netty-transport-4.1.24.Final.jar:4.1.24.Final]
	at io.netty.channel.AbstractChannel.bind(AbstractChannel.java:254) ~[netty-transport-4.1.24.Final.jar:4.1.24.Final]
	at io.netty.bootstrap.AbstractBootstrap$2.run(AbstractBootstrap.java:366) ~[netty-transport-4.1.24.Final.jar:4.1.24.Final]
	at io.netty.util.concurrent.AbstractEventExecutor.safeExecute(AbstractEventExecutor.java:163) ~[netty-common-4.1.24.Final.jar:4.1.24.Final]
	at io.netty.util.concurrent.SingleThreadEventExecutor.runAllTasks(SingleThreadEventExecutor.java:404) ~[netty-common-4.1.24.Final.jar:4.1.24.Final]
	at io.netty.channel.epoll.EpollEventLoop.run(EpollEventLoop.java:309) ~[netty-transport-native-epoll-4.1.24.Final-linux-x86_64.jar:4.1.24.Final]
	at io.netty.util.concurrent.SingleThreadEventExecutor$5.run(SingleThreadEventExecutor.java:884) ~[netty-common-4.1.24.Final.jar:4.1.24.Final]
	at java.lang.Thread.run(Thread.java:745) ~[na:1.8.0_121]
09:45:03.877 [main] INFO  i.a.core.impl.CorePrimitivesService - Stopped
09:45:03.877 [main] INFO  i.a.core.impl.CorePrimitivesService - Stopped
09:45:03.877 [atomix-0] WARN  i.a.utils.event.ListenerRegistry - Listener io.atomix.primitive.partition.impl.DefaultPartitionService$$Lambda$30/168366@4ae1cff2 not registered
09:45:03.877 [main] INFO  i.a.core.impl.CorePrimitivesService - Stopped
09:45:03.877 [atomix-0] INFO  i.a.p.b.p.PrimaryBackupPartitionGroup - Stopped
09:45:03.877 [atomix-0] WARN  i.a.utils.event.ListenerRegistry - Listener io.atomix.primitive.partition.impl.DefaultPartitionService$$Lambda$30/168366@1579c265 not registered
09:45:03.877 [atomix-0] WARN  i.a.utils.event.ListenerRegistry - Listener io.atomix.primitive.partition.impl.DefaultPartitionService$$Lambda$30/168366@5b73e18b not registered
09:45:03.877 [atomix-0] INFO  i.a.p.b.p.PrimaryBackupPartitionGroup - Stopped
09:45:03.877 [atomix-0] INFO  i.a.p.b.p.PrimaryBackupPartitionGroup - Stopped
09:45:03.877 [atomix-0] INFO  i.a.p.b.p.PrimaryBackupPartitionGroup - Stopped
09:45:03.877 [atomix-0] WARN  i.a.utils.event.ListenerRegistry - Listener io.atomix.primitive.partition.impl.DefaultPartitionGroupMembershipService$$Lambda$31/49752459@442628de not registered
09:45:03.877 [atomix-0] INFO  i.a.p.b.p.PrimaryBackupPartitionGroup - Stopped
09:45:03.877 [atomix-0] INFO  i.a.p.p.i.DefaultPartitionGroupMembershipService - Stopped
09:45:03.877 [atomix-0] INFO  i.a.p.b.p.PrimaryBackupPartitionGroup - Stopped
09:45:03.877 [atomix-0] WARN  i.a.utils.event.ListenerRegistry - Listener io.atomix.primitive.partition.impl.DefaultPartitionGroupMembershipService$$Lambda$31/49752459@1bbe3eba not registered
09:45:03.877 [atomix-0] INFO  i.a.p.p.impl.DefaultPartitionService - Stopped
09:45:03.877 [atomix-0] WARN  i.a.utils.event.ListenerRegistry - Listener io.atomix.primitive.partition.impl.DefaultPartitionGroupMembershipService$$Lambda$31/49752459@55b40495 not registered
09:45:03.878 [atomix-0] INFO  i.a.p.p.i.DefaultPartitionGroupMembershipService - Stopped
09:45:03.878 [atomix-0] INFO  i.a.p.p.i.DefaultPartitionGroupMembershipService - Stopped
09:45:03.878 [atomix-0] INFO  i.a.p.p.impl.DefaultPartitionService - Stopped
09:45:03.878 [atomix-cluster-0] INFO  io.atomix.cluster.AtomixCluster - Stopped
09:45:03.878 [atomix-0] INFO  i.a.p.p.impl.DefaultPartitionService - Stopped
09:45:03.878 [atomix-cluster-0] INFO  io.atomix.cluster.AtomixCluster - Stopped
09:45:03.878 [atomix-cluster-0] INFO  io.atomix.cluster.AtomixCluster - Stopped
</system-out>
  </testcase>
</testsuite>