<?xml version="1.0" encoding="UTF-8"?>
<testsuite xmlns:xsi="http://www.w3.org/2001/XMLSchema-instance" xsi:noNamespaceSchemaLocation="https://maven.apache.org/surefire/maven-surefire-plugin/xsd/surefire-test-report.xsd" name="org.apache.calcite.test.RelOptRulesTest" time="12.063" tests="299" errors="0" skipped="8" failures="0">
  <properties>
    <property name="awt.toolkit" value="sun.awt.X11.XToolkit"/>
    <property name="hsqldb.reconfig_logging" value="false"/>
    <property name="file.encoding.pkg" value="sun.io"/>
    <property name="java.specification.version" value="1.8"/>
    <property name="sun.cpu.isalist" value=""/>
    <property name="sun.jnu.encoding" value="UTF-8"/>
    <property name="java.class.path" value="/root/workspace/apache/calcite/386209091/core/target/test-classes:/root/workspace/apache/calcite/386209091/core/target/classes:/root/./workspace/apache/calcite/386209091/.m2/org/apache/calcite/avatica/avatica-core/1.11.0/avatica-core-1.11.0.jar:/root/./workspace/apache/calcite/386209091/.m2/org/apache/calcite/avatica/avatica-metrics/1.11.0/avatica-metrics-1.11.0.jar:/root/./workspace/apache/calcite/386209091/.m2/com/google/protobuf/protobuf-java/3.3.0/protobuf-java-3.3.0.jar:/root/./workspace/apache/calcite/386209091/.m2/org/apache/httpcomponents/httpclient/4.5.2/httpclient-4.5.2.jar:/root/./workspace/apache/calcite/386209091/.m2/commons-codec/commons-codec/1.9/commons-codec-1.9.jar:/root/./workspace/apache/calcite/386209091/.m2/org/apache/httpcomponents/httpcore/4.4.4/httpcore-4.4.4.jar:/root/workspace/apache/calcite/386209091/linq4j/target/classes:/root/./workspace/apache/calcite/386209091/.m2/org/apache/calcite/avatica/avatica-server/1.11.0/avatica-server-1.11.0.jar:/root/./workspace/apache/calcite/386209091/.m2/javax/servlet/javax.servlet-api/3.0.1/javax.servlet-api-3.0.1.jar:/root/./workspace/apache/calcite/386209091/.m2/org/eclipse/jetty/jetty-http/9.2.19.v20160908/jetty-http-9.2.19.v20160908.jar:/root/./workspace/apache/calcite/386209091/.m2/org/eclipse/jetty/jetty-security/9.2.19.v20160908/jetty-security-9.2.19.v20160908.jar:/root/./workspace/apache/calcite/386209091/.m2/org/eclipse/jetty/jetty-server/9.2.19.v20160908/jetty-server-9.2.19.v20160908.jar:/root/./workspace/apache/calcite/386209091/.m2/org/eclipse/jetty/jetty-io/9.2.19.v20160908/jetty-io-9.2.19.v20160908.jar:/root/./workspace/apache/calcite/386209091/.m2/org/eclipse/jetty/jetty-util/9.2.19.v20160908/jetty-util-9.2.19.v20160908.jar:/root/./workspace/apache/calcite/386209091/.m2/commons-dbcp/commons-dbcp/1.4/commons-dbcp-1.4.jar:/root/./workspace/apache/calcite/386209091/.m2/commons-pool/commons-pool/1.5.4/commons-pool-1.5.4.jar:/root/./workspace/apache/calcite/386209091/.m2/org/apache/commons/commons-lang3/3.2/commons-lang3-3.2.jar:/root/./workspace/apache/calcite/386209091/.m2/com/esri/geometry/esri-geometry-api/2.0.0/esri-geometry-api-2.0.0.jar:/root/./workspace/apache/calcite/386209091/.m2/com/fasterxml/jackson/core/jackson-core/2.9.4/jackson-core-2.9.4.jar:/root/./workspace/apache/calcite/386209091/.m2/com/fasterxml/jackson/core/jackson-annotations/2.9.4/jackson-annotations-2.9.4.jar:/root/./workspace/apache/calcite/386209091/.m2/com/fasterxml/jackson/core/jackson-databind/2.9.4/jackson-databind-2.9.4.jar:/root/./workspace/apache/calcite/386209091/.m2/com/google/code/findbugs/jsr305/3.0.1/jsr305-3.0.1.jar:/root/./workspace/apache/calcite/386209091/.m2/com/google/guava/guava/19.0/guava-19.0.jar:/root/./workspace/apache/calcite/386209091/.m2/com/h2database/h2/1.4.185/h2-1.4.185.jar:/root/./workspace/apache/calcite/386209091/.m2/com/yahoo/datasketches/sketches-core/0.9.0/sketches-core-0.9.0.jar:/root/./workspace/apache/calcite/386209091/.m2/com/yahoo/datasketches/memory/0.9.0/memory-0.9.0.jar:/root/./workspace/apache/calcite/386209091/.m2/junit/junit/4.12/junit-4.12.jar:/root/./workspace/apache/calcite/386209091/.m2/mysql/mysql-connector-java/5.1.20/mysql-connector-java-5.1.20.jar:/root/./workspace/apache/calcite/386209091/.m2/net/hydromatic/aggdesigner-algorithm/6.0/aggdesigner-algorithm-6.0.jar:/root/./workspace/apache/calcite/386209091/.m2/commons-lang/commons-lang/2.4/commons-lang-2.4.jar:/root/./workspace/apache/calcite/386209091/.m2/commons-logging/commons-logging/1.1.3/commons-logging-1.1.3.jar:/root/./workspace/apache/calcite/386209091/.m2/net/hydromatic/foodmart-data-hsqldb/0.3/foodmart-data-hsqldb-0.3.jar:/root/./workspace/apache/calcite/386209091/.m2/net/hydromatic/foodmart-queries/0.4.1/foodmart-queries-0.4.1.jar:/root/./workspace/apache/calcite/386209091/.m2/net/hydromatic/quidem/0.8/quidem-0.8.jar:/root/./workspace/apache/calcite/386209091/.m2/net/hydromatic/scott-data-hsqldb/0.1/scott-data-hsqldb-0.1.jar:/root/./workspace/apache/calcite/386209091/.m2/org/codehaus/janino/janino/2.7.6/janino-2.7.6.jar:/root/./workspace/apache/calcite/386209091/.m2/org/codehaus/janino/commons-compiler/2.7.6/commons-compiler-2.7.6.jar:/root/./workspace/apache/calcite/386209091/.m2/org/hsqldb/hsqldb/2.4.0/hsqldb-2.4.0.jar:/root/./workspace/apache/calcite/386209091/.m2/org/incava/java-diff/1.1.1/java-diff-1.1.1.jar:/root/./workspace/apache/calcite/386209091/.m2/org/hamcrest/hamcrest-core/1.3/hamcrest-core-1.3.jar:/root/./workspace/apache/calcite/386209091/.m2/org/postgresql/postgresql/9.3-1102-jdbc3/postgresql-9.3-1102-jdbc3.jar:/root/./workspace/apache/calcite/386209091/.m2/org/slf4j/slf4j-api/1.7.13/slf4j-api-1.7.13.jar:/root/./workspace/apache/calcite/386209091/.m2/org/slf4j/slf4j-log4j12/1.7.13/slf4j-log4j12-1.7.13.jar:/root/./workspace/apache/calcite/386209091/.m2/log4j/log4j/1.2.17/log4j-1.2.17.jar:/root/./workspace/apache/calcite/386209091/.m2/sqlline/sqlline/1.3.0/sqlline-1.3.0.jar:/root/./workspace/apache/calcite/386209091/.m2/jline/jline/2.14.3/jline-2.14.3.jar:"/>
    <property name="java.vm.vendor" value="Oracle Corporation"/>
    <property name="skip.bower" value="true"/>
    <property name="sun.arch.data.model" value="64"/>
    <property name="java.vendor.url" value="http://java.oracle.com/"/>
    <property name="user.timezone" value="Europe/Paris"/>
    <property name="java.vm.specification.version" value="1.8"/>
    <property name="os.name" value="Linux"/>
    <property name="rat.skip" value="true"/>
    <property name="gpg.skip" value="true"/>
    <property name="sun.java.launcher" value="SUN_STANDARD"/>
    <property name="sun.boot.library.path" value="/usr/lib/jvm/java-8-openjdk-amd64/jre/lib/amd64"/>
    <property name="skip.gulp" value="true"/>
    <property name="sun.java.command" value="/root/workspace/apache/calcite/386209091/core/target/surefire/surefirebooter8703878284915915217.jar /root/workspace/apache/calcite/386209091/core/target/surefire 2018-05-31T17-02-29_345-jvmRun1 surefire163920952465115267tmp surefire_15785086613308449748tmp"/>
    <property name="dependency-check.skip" value="true"/>
    <property name="surefire.test.class.path" value="/root/workspace/apache/calcite/386209091/core/target/test-classes:/root/workspace/apache/calcite/386209091/core/target/classes:/root/./workspace/apache/calcite/386209091/.m2/org/apache/calcite/avatica/avatica-core/1.11.0/avatica-core-1.11.0.jar:/root/./workspace/apache/calcite/386209091/.m2/org/apache/calcite/avatica/avatica-metrics/1.11.0/avatica-metrics-1.11.0.jar:/root/./workspace/apache/calcite/386209091/.m2/com/google/protobuf/protobuf-java/3.3.0/protobuf-java-3.3.0.jar:/root/./workspace/apache/calcite/386209091/.m2/org/apache/httpcomponents/httpclient/4.5.2/httpclient-4.5.2.jar:/root/./workspace/apache/calcite/386209091/.m2/commons-codec/commons-codec/1.9/commons-codec-1.9.jar:/root/./workspace/apache/calcite/386209091/.m2/org/apache/httpcomponents/httpcore/4.4.4/httpcore-4.4.4.jar:/root/workspace/apache/calcite/386209091/linq4j/target/classes:/root/./workspace/apache/calcite/386209091/.m2/org/apache/calcite/avatica/avatica-server/1.11.0/avatica-server-1.11.0.jar:/root/./workspace/apache/calcite/386209091/.m2/javax/servlet/javax.servlet-api/3.0.1/javax.servlet-api-3.0.1.jar:/root/./workspace/apache/calcite/386209091/.m2/org/eclipse/jetty/jetty-http/9.2.19.v20160908/jetty-http-9.2.19.v20160908.jar:/root/./workspace/apache/calcite/386209091/.m2/org/eclipse/jetty/jetty-security/9.2.19.v20160908/jetty-security-9.2.19.v20160908.jar:/root/./workspace/apache/calcite/386209091/.m2/org/eclipse/jetty/jetty-server/9.2.19.v20160908/jetty-server-9.2.19.v20160908.jar:/root/./workspace/apache/calcite/386209091/.m2/org/eclipse/jetty/jetty-io/9.2.19.v20160908/jetty-io-9.2.19.v20160908.jar:/root/./workspace/apache/calcite/386209091/.m2/org/eclipse/jetty/jetty-util/9.2.19.v20160908/jetty-util-9.2.19.v20160908.jar:/root/./workspace/apache/calcite/386209091/.m2/commons-dbcp/commons-dbcp/1.4/commons-dbcp-1.4.jar:/root/./workspace/apache/calcite/386209091/.m2/commons-pool/commons-pool/1.5.4/commons-pool-1.5.4.jar:/root/./workspace/apache/calcite/386209091/.m2/org/apache/commons/commons-lang3/3.2/commons-lang3-3.2.jar:/root/./workspace/apache/calcite/386209091/.m2/com/esri/geometry/esri-geometry-api/2.0.0/esri-geometry-api-2.0.0.jar:/root/./workspace/apache/calcite/386209091/.m2/com/fasterxml/jackson/core/jackson-core/2.9.4/jackson-core-2.9.4.jar:/root/./workspace/apache/calcite/386209091/.m2/com/fasterxml/jackson/core/jackson-annotations/2.9.4/jackson-annotations-2.9.4.jar:/root/./workspace/apache/calcite/386209091/.m2/com/fasterxml/jackson/core/jackson-databind/2.9.4/jackson-databind-2.9.4.jar:/root/./workspace/apache/calcite/386209091/.m2/com/google/code/findbugs/jsr305/3.0.1/jsr305-3.0.1.jar:/root/./workspace/apache/calcite/386209091/.m2/com/google/guava/guava/19.0/guava-19.0.jar:/root/./workspace/apache/calcite/386209091/.m2/com/h2database/h2/1.4.185/h2-1.4.185.jar:/root/./workspace/apache/calcite/386209091/.m2/com/yahoo/datasketches/sketches-core/0.9.0/sketches-core-0.9.0.jar:/root/./workspace/apache/calcite/386209091/.m2/com/yahoo/datasketches/memory/0.9.0/memory-0.9.0.jar:/root/./workspace/apache/calcite/386209091/.m2/junit/junit/4.12/junit-4.12.jar:/root/./workspace/apache/calcite/386209091/.m2/mysql/mysql-connector-java/5.1.20/mysql-connector-java-5.1.20.jar:/root/./workspace/apache/calcite/386209091/.m2/net/hydromatic/aggdesigner-algorithm/6.0/aggdesigner-algorithm-6.0.jar:/root/./workspace/apache/calcite/386209091/.m2/commons-lang/commons-lang/2.4/commons-lang-2.4.jar:/root/./workspace/apache/calcite/386209091/.m2/commons-logging/commons-logging/1.1.3/commons-logging-1.1.3.jar:/root/./workspace/apache/calcite/386209091/.m2/net/hydromatic/foodmart-data-hsqldb/0.3/foodmart-data-hsqldb-0.3.jar:/root/./workspace/apache/calcite/386209091/.m2/net/hydromatic/foodmart-queries/0.4.1/foodmart-queries-0.4.1.jar:/root/./workspace/apache/calcite/386209091/.m2/net/hydromatic/quidem/0.8/quidem-0.8.jar:/root/./workspace/apache/calcite/386209091/.m2/net/hydromatic/scott-data-hsqldb/0.1/scott-data-hsqldb-0.1.jar:/root/./workspace/apache/calcite/386209091/.m2/org/codehaus/janino/janino/2.7.6/janino-2.7.6.jar:/root/./workspace/apache/calcite/386209091/.m2/org/codehaus/janino/commons-compiler/2.7.6/commons-compiler-2.7.6.jar:/root/./workspace/apache/calcite/386209091/.m2/org/hsqldb/hsqldb/2.4.0/hsqldb-2.4.0.jar:/root/./workspace/apache/calcite/386209091/.m2/org/incava/java-diff/1.1.1/java-diff-1.1.1.jar:/root/./workspace/apache/calcite/386209091/.m2/org/hamcrest/hamcrest-core/1.3/hamcrest-core-1.3.jar:/root/./workspace/apache/calcite/386209091/.m2/org/postgresql/postgresql/9.3-1102-jdbc3/postgresql-9.3-1102-jdbc3.jar:/root/./workspace/apache/calcite/386209091/.m2/org/slf4j/slf4j-api/1.7.13/slf4j-api-1.7.13.jar:/root/./workspace/apache/calcite/386209091/.m2/org/slf4j/slf4j-log4j12/1.7.13/slf4j-log4j12-1.7.13.jar:/root/./workspace/apache/calcite/386209091/.m2/log4j/log4j/1.2.17/log4j-1.2.17.jar:/root/./workspace/apache/calcite/386209091/.m2/sqlline/sqlline/1.3.0/sqlline-1.3.0.jar:/root/./workspace/apache/calcite/386209091/.m2/jline/jline/2.14.3/jline-2.14.3.jar:"/>
    <property name="sun.cpu.endian" value="little"/>
    <property name="user.home" value="/root"/>
    <property name="user.language" value="en"/>
    <property name="java.specification.vendor" value="Oracle Corporation"/>
    <property name="java.home" value="/usr/lib/jvm/java-8-openjdk-amd64/jre"/>
    <property name="basedir" value="/root/workspace/apache/calcite/386209091/core"/>
    <property name="file.separator" value="/"/>
    <property name="checkstyle.skip" value="true"/>
    <property name="line.separator" value="&#10;"/>
    <property name="skip.npm" value="true"/>
    <property name="java.vm.specification.vendor" value="Oracle Corporation"/>
    <property name="java.specification.name" value="Java Platform API Specification"/>
    <property name="java.awt.graphicsenv" value="sun.awt.X11GraphicsEnvironment"/>
    <property name="skipITs" value="true"/>
    <property name="surefire.real.class.path" value="/root/workspace/apache/calcite/386209091/core/target/surefire/surefirebooter8703878284915915217.jar"/>
    <property name="cobertura.skip" value="true"/>
    <property name="sun.boot.class.path" value="/usr/lib/jvm/java-8-openjdk-amd64/jre/lib/resources.jar:/usr/lib/jvm/java-8-openjdk-amd64/jre/lib/rt.jar:/usr/lib/jvm/java-8-openjdk-amd64/jre/lib/sunrsasign.jar:/usr/lib/jvm/java-8-openjdk-amd64/jre/lib/jsse.jar:/usr/lib/jvm/java-8-openjdk-amd64/jre/lib/jce.jar:/usr/lib/jvm/java-8-openjdk-amd64/jre/lib/charsets.jar:/usr/lib/jvm/java-8-openjdk-amd64/jre/lib/jfr.jar:/usr/lib/jvm/java-8-openjdk-amd64/jre/classes"/>
    <property name="sun.management.compiler" value="HotSpot 64-Bit Tiered Compilers"/>
    <property name="java.runtime.version" value="1.8.0_121-8u121-b13-1~bpo8+1-b13"/>
    <property name="user.name" value="root"/>
    <property name="findbugs.skip" value="true"/>
    <property name="path.separator" value=":"/>
    <property name="os.version" value="3.10.0-862.3.2.el7.x86_64"/>
    <property name="java.endorsed.dirs" value="/usr/lib/jvm/java-8-openjdk-amd64/jre/lib/endorsed"/>
    <property name="java.runtime.name" value="OpenJDK Runtime Environment"/>
    <property name="file.encoding" value="UTF-8"/>
    <property name="java.vm.name" value="OpenJDK 64-Bit Server VM"/>
    <property name="localRepository" value="/root/./workspace/apache/calcite/386209091/.m2"/>
    <property name="java.vendor.url.bug" value="http://bugreport.sun.com/bugreport/"/>
    <property name="java.io.tmpdir" value="/tmp"/>
    <property name="java.version" value="1.8.0_121"/>
    <property name="user.dir" value="/root/workspace/apache/calcite/386209091/core"/>
    <property name="os.arch" value="amd64"/>
    <property name="license.skip" value="true"/>
    <property name="java.vm.specification.name" value="Java Virtual Machine Specification"/>
    <property name="java.awt.printerjob" value="sun.print.PSPrinterJob"/>
    <property name="sun.os.patch.level" value="unknown"/>
    <property name="java.library.path" value="/usr/java/packages/lib/amd64:/usr/lib/x86_64-linux-gnu/jni:/lib/x86_64-linux-gnu:/usr/lib/x86_64-linux-gnu:/usr/lib/jni:/lib:/usr/lib"/>
    <property name="java.vm.info" value="mixed mode"/>
    <property name="java.vendor" value="Oracle Corporation"/>
    <property name="java.vm.version" value="25.121-b13"/>
    <property name="java.ext.dirs" value="/usr/lib/jvm/java-8-openjdk-amd64/jre/lib/ext:/usr/java/packages/lib/ext"/>
    <property name="sun.io.unicode.encoding" value="UnicodeLittle"/>
    <property name="maven.repo.local" value="/root/./workspace/apache/calcite/386209091/.m2"/>
    <property name="enforcer.skip" value="true"/>
    <property name="java.class.version" value="52.0"/>
  </properties>
  <testcase name="testWindowInParenthesis" classname="org.apache.calcite.test.RelOptRulesTest" time="0.289"/>
  <testcase name="testReduceCastTimeUnchanged" classname="org.apache.calcite.test.RelOptRulesTest" time="0.226"/>
  <testcase name="testIntersectToDistinct" classname="org.apache.calcite.test.RelOptRulesTest" time="0.129"/>
  <testcase name="testEmptyProject2" classname="org.apache.calcite.test.RelOptRulesTest" time="0.126"/>
  <testcase name="testEmptyFilterProjectUnion" classname="org.apache.calcite.test.RelOptRulesTest" time="0.115"/>
  <testcase name="testSortProjectTranspose1" classname="org.apache.calcite.test.RelOptRulesTest" time="0.107"/>
  <testcase name="testSortProjectTranspose2" classname="org.apache.calcite.test.RelOptRulesTest" time="0.098"/>
  <testcase name="testSortProjectTranspose3" classname="org.apache.calcite.test.RelOptRulesTest" time="0.343"/>
  <testcase name="testPullNull" classname="org.apache.calcite.test.RelOptRulesTest" time="0.367"/>
  <testcase name="testReduceCastAndConsts" classname="org.apache.calcite.test.RelOptRulesTest" time="0.145"/>
  <testcase name="testPushSemiJoinPastJoinRuleRight" classname="org.apache.calcite.test.RelOptRulesTest" time="0.091"/>
  <testcase name="testPushCountNullableThroughUnion" classname="org.apache.calcite.test.RelOptRulesTest" time="0.015"/>
  <testcase name="testReduceCase" classname="org.apache.calcite.test.RelOptRulesTest" time="0.123"/>
  <testcase name="testCustomColumnResolvingInCorrelatedSubQuery" classname="org.apache.calcite.test.RelOptRulesTest" time="0.179"/>
  <testcase name="testEmptyAggregateEmptyKeyWithAggregateValuesRule" classname="org.apache.calcite.test.RelOptRulesTest" time="0.059"/>
  <testcase name="testReduceValuesNull" classname="org.apache.calcite.test.RelOptRulesTest" time="0">
    <skipped/>
  </testcase>
  <testcase name="testPullConstantThroughAggregateAllConst" classname="org.apache.calcite.test.RelOptRulesTest" time="0.044"/>
  <testcase name="testReduceValuesUnderProjectFilter" classname="org.apache.calcite.test.RelOptRulesTest" time="0.095"/>
  <testcase name="testMergeMinus" classname="org.apache.calcite.test.RelOptRulesTest" time="0.091"/>
  <testcase name="testDecorrelateTwoExists" classname="org.apache.calcite.test.RelOptRulesTest" time="0.154"/>
  <testcase name="testEmptyMinus" classname="org.apache.calcite.test.RelOptRulesTest" time="0.067"/>
  <testcase name="testReduceValuesUnderProject" classname="org.apache.calcite.test.RelOptRulesTest" time="0.102"/>
  <testcase name="testAggregateConstantKeyRule" classname="org.apache.calcite.test.RelOptRulesTest" time="0.109"/>
  <testcase name="testExpandFilterExistsSimpleAnd" classname="org.apache.calcite.test.RelOptRulesTest" time="0.107"/>
  <testcase name="testReduceValuesUnderFilter" classname="org.apache.calcite.test.RelOptRulesTest" time="0.096"/>
  <testcase name="testNestedAggregates" classname="org.apache.calcite.test.RelOptRulesTest" time="0.128"/>
  <testcase name="testReduceConstantsDup" classname="org.apache.calcite.test.RelOptRulesTest" time="0.042"/>
  <testcase name="testDistinctCountMixedJoin" classname="org.apache.calcite.test.RelOptRulesTest" time="0.122"/>
  <testcase name="testAggregateProjectMerge" classname="org.apache.calcite.test.RelOptRulesTest" time="0.042"/>
  <testcase name="testOrAlwaysTrue" classname="org.apache.calcite.test.RelOptRulesTest" time="0.088"/>
  <testcase name="testRemoveSemiJoin" classname="org.apache.calcite.test.RelOptRulesTest" time="0.099"/>
  <testcase name="testPullConstantThroughUnion" classname="org.apache.calcite.test.RelOptRulesTest" time="0.098"/>
  <testcase name="testWhereNotInCorrelated2" classname="org.apache.calcite.test.RelOptRulesTest" time="0.147"/>
  <testcase name="testReduceNot" classname="org.apache.calcite.test.RelOptRulesTest" time="0.056"/>
  <testcase name="testDistinctWithGrouping" classname="org.apache.calcite.test.RelOptRulesTest" time="0.076"/>
  <testcase name="testWhereNotInCorrelated" classname="org.apache.calcite.test.RelOptRulesTest" time="0.122"/>
  <testcase name="testSkipReduceConstantsCaseEquals" classname="org.apache.calcite.test.RelOptRulesTest" time="0.043"/>
  <testcase name="testMinusMergeRule" classname="org.apache.calcite.test.RelOptRulesTest" time="0.095"/>
  <testcase name="testWhereInCorrelated" classname="org.apache.calcite.test.RelOptRulesTest" time="0.145"/>
  <testcase name="testReduceConstantsNullEqualsOne" classname="org.apache.calcite.test.RelOptRulesTest" time="0.05"/>
  <testcase name="testDistinctCountMultiple" classname="org.apache.calcite.test.RelOptRulesTest" time="0.096"/>
  <testcase name="testSemiJoinRuleExists" classname="org.apache.calcite.test.RelOptRulesTest" time="0.11"/>
  <testcase name="testConvertMultiJoinRule" classname="org.apache.calcite.test.RelOptRulesTest" time="0.165"/>
  <testcase name="testAll" classname="org.apache.calcite.test.RelOptRulesTest" time="0.058"/>
  <testcase name="testDecorrelateTwoScalar" classname="org.apache.calcite.test.RelOptRulesTest" time="0">
    <skipped message="[CALCITE-1045]"/>
  </testcase>
  <testcase name="testWhereExpressionInCorrelated" classname="org.apache.calcite.test.RelOptRulesTest" time="0.169"/>
  <testcase name="testExpandFilterInComposite" classname="org.apache.calcite.test.RelOptRulesTest" time="0.072"/>
  <testcase name="testPullFilterThroughAggregateGroupingSets" classname="org.apache.calcite.test.RelOptRulesTest" time="0.05"/>
  <testcase name="testReduceConstantsRequiresExecutor" classname="org.apache.calcite.test.RelOptRulesTest" time="0.11"/>
  <testcase name="testExtractYearMonthToRange" classname="org.apache.calcite.test.RelOptRulesTest" time="0.101"/>
  <testcase name="testTransitiveInferenceJoin3wayAgg" classname="org.apache.calcite.test.RelOptRulesTest" time="0.061"/>
  <testcase name="testReduceConstantsProjectNullable" classname="org.apache.calcite.test.RelOptRulesTest" time="0.113"/>
  <testcase name="testWhereOrSubQuery" classname="org.apache.calcite.test.RelOptRulesTest" time="0.061"/>
  <testcase name="testTransitiveInferencePreventProjectPullUp" classname="org.apache.calcite.test.RelOptRulesTest" time="0.054"/>
  <testcase name="testDecorrelateExists" classname="org.apache.calcite.test.RelOptRulesTest" time="0.106"/>
  <testcase name="testExpressionInWindowFunction" classname="org.apache.calcite.test.RelOptRulesTest" time="0.058"/>
  <testcase name="testTransitiveInferenceJoin3way" classname="org.apache.calcite.test.RelOptRulesTest" time="0.008"/>
  <testcase name="testPushCountStarThroughUnion" classname="org.apache.calcite.test.RelOptRulesTest" time="0.055"/>
  <testcase name="testRemoveSemiJoinRight" classname="org.apache.calcite.test.RelOptRulesTest" time="0.086"/>
  <testcase name="testCustomColumnResolvingInNonCorrelatedSubQuery" classname="org.apache.calcite.test.RelOptRulesTest" time="0.078"/>
  <testcase name="testReduceExpressionsNot" classname="org.apache.calcite.test.RelOptRulesTest" time="0.042"/>
  <testcase name="testSome" classname="org.apache.calcite.test.RelOptRulesTest" time="0.108"/>
  <testcase name="testPushProjectPastInnerJoin" classname="org.apache.calcite.test.RelOptRulesTest" time="0.159"/>
  <testcase name="testPushAggregateFunctionsThroughJoin" classname="org.apache.calcite.test.RelOptRulesTest" time="0.067"/>
  <testcase name="testTransitiveInferenceProject" classname="org.apache.calcite.test.RelOptRulesTest" time="0.006"/>
  <testcase name="testPushAvgThroughUnion" classname="org.apache.calcite.test.RelOptRulesTest" time="0.064"/>
  <testcase name="testPushProjectPastFullJoinStrong" classname="org.apache.calcite.test.RelOptRulesTest" time="0.107"/>
  <testcase name="testReduceConstantsCalc" classname="org.apache.calcite.test.RelOptRulesTest" time="0.155"/>
  <testcase name="testReduceConstantsDup2" classname="org.apache.calcite.test.RelOptRulesTest" time="0.056"/>
  <testcase name="testReduceConstantsNull" classname="org.apache.calcite.test.RelOptRulesTest" time="0.057"/>
  <testcase name="testPushCountFilterThroughUnion" classname="org.apache.calcite.test.RelOptRulesTest" time="0.009"/>
  <testcase name="testReduceConstantsNegatedInverted" classname="org.apache.calcite.test.RelOptRulesTest" time="0.057"/>
  <testcase name="testPushSumCountStarGroupingSetsThroughUnion" classname="org.apache.calcite.test.RelOptRulesTest" time="0.104"/>
  <testcase name="testPushSemiJoinPastJoinRuleLeft" classname="org.apache.calcite.test.RelOptRulesTest" time="0.086"/>
  <testcase name="testExtractJoinFilterRule" classname="org.apache.calcite.test.RelOptRulesTest" time="0.082"/>
  <testcase name="testPushAggregateThroughJoinDistinct" classname="org.apache.calcite.test.RelOptRulesTest" time="0.091"/>
  <testcase name="testTransitiveInferenceFullOuterJoin" classname="org.apache.calcite.test.RelOptRulesTest" time="0.006"/>
  <testcase name="testDecorrelateTwoIn" classname="org.apache.calcite.test.RelOptRulesTest" time="0.089"/>
  <testcase name="testPushProjectPastLeftJoinSwapStrong" classname="org.apache.calcite.test.RelOptRulesTest" time="0.089"/>
  <testcase name="testExpandFilterExistsSimple" classname="org.apache.calcite.test.RelOptRulesTest" time="0.1"/>
  <testcase name="testAggregateExtractProjectRuleWithGroupingSets2" classname="org.apache.calcite.test.RelOptRulesTest" time="0.062"/>
  <testcase name="testPullConstantThroughAggregatePermutedConstGroupBy" classname="org.apache.calcite.test.RelOptRulesTest" time="0.006"/>
  <testcase name="testPushSumCountStarThroughUnion" classname="org.apache.calcite.test.RelOptRulesTest" time="0.061"/>
  <testcase name="testPushFilterWithRank" classname="org.apache.calcite.test.RelOptRulesTest" time="0.059"/>
  <testcase name="testPushSumNullableGroupingSetsThroughUnion" classname="org.apache.calcite.test.RelOptRulesTest" time="0.049"/>
  <testcase name="testMergeFilter" classname="org.apache.calcite.test.RelOptRulesTest" time="0.096"/>
  <testcase name="testDistinctCountGroupingSets1" classname="org.apache.calcite.test.RelOptRulesTest" time="0.092"/>
  <testcase name="testDistinctCountGroupingSets2" classname="org.apache.calcite.test.RelOptRulesTest" time="0.088"/>
  <testcase name="testPushProjectPastSetOp" classname="org.apache.calcite.test.RelOptRulesTest" time="0.085"/>
  <testcase name="testJoinPushTransitivePredicatesRule2" classname="org.apache.calcite.test.RelOptRulesTest" time="0.096"/>
  <testcase name="testMergeMinusRightDeep" classname="org.apache.calcite.test.RelOptRulesTest" time="0.108"/>
  <testcase name="testPushFilterPastAgg" classname="org.apache.calcite.test.RelOptRulesTest" time="0.097"/>
  <testcase name="testInferringPredicatesWithNotOperatorInJoinCondition" classname="org.apache.calcite.test.RelOptRulesTest" time="0.091"/>
  <testcase name="testPushProjectPastFullJoin" classname="org.apache.calcite.test.RelOptRulesTest" time="0.049"/>
  <testcase name="testEmptyJoin" classname="org.apache.calcite.test.RelOptRulesTest" time="0.089"/>
  <testcase name="testEmptySort" classname="org.apache.calcite.test.RelOptRulesTest" time="0.117"/>
  <testcase name="testJoinPushTransitivePredicatesRule" classname="org.apache.calcite.test.RelOptRulesTest" time="0.079"/>
  <testcase name="testCasePushIsAlwaysWorking" classname="org.apache.calcite.test.RelOptRulesTest" time="0.096"/>
  <testcase name="testMultipleDistinctWithGrouping" classname="org.apache.calcite.test.RelOptRulesTest" time="0.093"/>
  <testcase name="testMergeFilterWithJoinCondition" classname="org.apache.calcite.test.RelOptRulesTest" time="0">
    <skipped message="cycles"/>
  </testcase>
  <testcase name="testAggregateExtractProjectRuleWithGroupingSets" classname="org.apache.calcite.test.RelOptRulesTest" time="0.093"/>
  <testcase name="testReduceConstantsIsNull" classname="org.apache.calcite.test.RelOptRulesTest" time="0.054"/>
  <testcase name="testTransitiveInferenceJoin" classname="org.apache.calcite.test.RelOptRulesTest" time="0.005"/>
  <testcase name="testPushCountNullableGroupingSetsThroughUnion" classname="org.apache.calcite.test.RelOptRulesTest" time="0.098"/>
  <testcase name="testAggregateExtractProjectRule" classname="org.apache.calcite.test.RelOptRulesTest" time="0.049"/>
  <testcase name="testPushProjectPastRightJoinStrong" classname="org.apache.calcite.test.RelOptRulesTest" time="0.146"/>
  <testcase name="testPushProjectPastRightJoinSwapStrong" classname="org.apache.calcite.test.RelOptRulesTest" time="0.052"/>
  <testcase name="testSemiJoinRuleRight" classname="org.apache.calcite.test.RelOptRulesTest" time="0.095"/>
  <testcase name="testFullOuterJoinSimplificationToRightOuter" classname="org.apache.calcite.test.RelOptRulesTest" time="0.092"/>
  <testcase name="testPushFilterPastAggTwo" classname="org.apache.calcite.test.RelOptRulesTest" time="0.099"/>
  <testcase name="testPushAggregateSumNoGroup" classname="org.apache.calcite.test.RelOptRulesTest" time="0.103"/>
  <testcase name="testPushProjectPastLeftJoin" classname="org.apache.calcite.test.RelOptRulesTest" time="0.096"/>
  <testcase name="testPushFilterPastAggFour" classname="org.apache.calcite.test.RelOptRulesTest" time="0.138"/>
  <testcase name="testSortUnionTranspose" classname="org.apache.calcite.test.RelOptRulesTest" time="0.048"/>
  <testcase name="testReduceConstantsNegated" classname="org.apache.calcite.test.RelOptRulesTest" time="0.091"/>
  <testcase name="testPushSemiJoinPastProject" classname="org.apache.calcite.test.RelOptRulesTest" time="0.095"/>
  <testcase name="testPullAggregateThroughUnion2" classname="org.apache.calcite.test.RelOptRulesTest" time="0.094"/>
  <testcase name="testReduceNullableToNotNull" classname="org.apache.calcite.test.RelOptRulesTest" time="0.103"/>
  <testcase name="testPushFilterWithRankExpr" classname="org.apache.calcite.test.RelOptRulesTest" time="0.103"/>
  <testcase name="testExpandJoinIn" classname="org.apache.calcite.test.RelOptRulesTest" time="0">
    <skipped message="[CALCITE-1045]"/>
  </testcase>
  <testcase name="testReduceNullableCase" classname="org.apache.calcite.test.RelOptRulesTest" time="0.1"/>
  <testcase name="testEmptyAggregateEmptyKey" classname="org.apache.calcite.test.RelOptRulesTest" time="0.098"/>
  <testcase name="testSortJoinTranspose1" classname="org.apache.calcite.test.RelOptRulesTest" time="0.089"/>
  <testcase name="testSortJoinTranspose2" classname="org.apache.calcite.test.RelOptRulesTest" time="0.09"/>
  <testcase name="testSortJoinTranspose3" classname="org.apache.calcite.test.RelOptRulesTest" time="0.109"/>
  <testcase name="testSortJoinTranspose4" classname="org.apache.calcite.test.RelOptRulesTest" time="0.124"/>
  <testcase name="testSortJoinTranspose5" classname="org.apache.calcite.test.RelOptRulesTest" time="0.116"/>
  <testcase name="testSortJoinTranspose6" classname="org.apache.calcite.test.RelOptRulesTest" time="0.173"/>
  <testcase name="testSortJoinTranspose7" classname="org.apache.calcite.test.RelOptRulesTest" time="0.254"/>
  <testcase name="testUnionMergeRule" classname="org.apache.calcite.test.RelOptRulesTest" time="0.279"/>
  <testcase name="testSemiJoinRule" classname="org.apache.calcite.test.RelOptRulesTest" time="0.15"/>
  <testcase name="testSemiJoinTrim" classname="org.apache.calcite.test.RelOptRulesTest" time="0.012"/>
  <testcase name="testTransitiveInferenceConstantEquiPredicate" classname="org.apache.calcite.test.RelOptRulesTest" time="0.04"/>
  <testcase name="testReduceValuesToEmpty" classname="org.apache.calcite.test.RelOptRulesTest" time="0.071"/>
  <testcase name="testPushProjectPastFilter" classname="org.apache.calcite.test.RelOptRulesTest" time="0.11"/>
  <testcase name="testDistinctNonDistinctTwoAggregatesWithGrouping" classname="org.apache.calcite.test.RelOptRulesTest" time="0.112"/>
  <testcase name="testAggregateGroupingSetsProjectMerge" classname="org.apache.calcite.test.RelOptRulesTest" time="0.086"/>
  <testcase name="testWindowFunctionOnAggregations" classname="org.apache.calcite.test.RelOptRulesTest" time="0.096"/>
  <testcase name="testPushFilterThroughSemiJoin" classname="org.apache.calcite.test.RelOptRulesTest" time="0.091"/>
  <testcase name="testWhereInJoinCorrelated" classname="org.apache.calcite.test.RelOptRulesTest" time="0.09"/>
  <testcase name="testDistinctCountMultipleViaJoin" classname="org.apache.calcite.test.RelOptRulesTest" time="0.053"/>
  <testcase name="testPushMinThroughUnion" classname="org.apache.calcite.test.RelOptRulesTest" time="0.011"/>
  <testcase name="testPushSumConstantGroupingSetsThroughUnion" classname="org.apache.calcite.test.RelOptRulesTest" time="0.01"/>
  <testcase name="testPushFilterPastAggWithGroupingSets1" classname="org.apache.calcite.test.RelOptRulesTest" time="0.005"/>
  <testcase name="testPushFilterPastAggWithGroupingSets2" classname="org.apache.calcite.test.RelOptRulesTest" time="0.005"/>
  <testcase name="testTransitiveInferenceUnion3way" classname="org.apache.calcite.test.RelOptRulesTest" time="0.046"/>
  <testcase name="testReduceNullableToNotNull2" classname="org.apache.calcite.test.RelOptRulesTest" time="0.089"/>
  <testcase name="testCastInAggregateReduceFunctions" classname="org.apache.calcite.test.RelOptRulesTest" time="0.051"/>
  <testcase name="testPullConstantThroughConstLast" classname="org.apache.calcite.test.RelOptRulesTest" time="0.049"/>
  <testcase name="testIntersectToDistinctAll" classname="org.apache.calcite.test.RelOptRulesTest" time="0.075"/>
  <testcase name="testEmptyJoinRight" classname="org.apache.calcite.test.RelOptRulesTest" time="0.034"/>
  <testcase name="testTransitiveInferenceLeftOuterJoin" classname="org.apache.calcite.test.RelOptRulesTest" time="0.004"/>
  <testcase name="testPushMaxNullableGroupingSetsThroughUnion" classname="org.apache.calcite.test.RelOptRulesTest" time="0.044"/>
  <testcase name="testReduceConstants2" classname="org.apache.calcite.test.RelOptRulesTest" time="0.096"/>
  <testcase name="testPushJoinThroughUnionOnRight" classname="org.apache.calcite.test.RelOptRulesTest" time="0.084"/>
  <testcase name="testFullOuterJoinSimplificationToInner" classname="org.apache.calcite.test.RelOptRulesTest" time="0.062"/>
  <testcase name="testPushAggregateThroughJoinWithUniqueInput" classname="org.apache.calcite.test.RelOptRulesTest" time="0.08"/>
  <testcase name="testPushAvgGroupingSetsThroughUnion" classname="org.apache.calcite.test.RelOptRulesTest" time="0.007"/>
  <testcase name="testReduceOrCaseWhen" classname="org.apache.calcite.test.RelOptRulesTest" time="0.115"/>
  <testcase name="testHeterogeneousConversion" classname="org.apache.calcite.test.RelOptRulesTest" time="0">
    <skipped message="cycles"/>
  </testcase>
  <testcase name="testReduceAverage" classname="org.apache.calcite.test.RelOptRulesTest" time="0.035"/>
  <testcase name="testMergeUnionAll" classname="org.apache.calcite.test.RelOptRulesTest" time="0.074"/>
  <testcase name="testReduceCasts" classname="org.apache.calcite.test.RelOptRulesTest" time="0.104"/>
  <testcase name="testLeftOuterJoinSimplificationToInner" classname="org.apache.calcite.test.RelOptRulesTest" time="0.038"/>
  <testcase name="testCustomColumnResolvingInCorrelatedSubQuery2" classname="org.apache.calcite.test.RelOptRulesTest" time="0.035"/>
  <testcase name="testPushSumNullableNOGBYThroughUnion" classname="org.apache.calcite.test.RelOptRulesTest" time="0.048"/>
  <testcase name="testEmptyMinus2" classname="org.apache.calcite.test.RelOptRulesTest" time="0.135"/>
  <testcase name="testAggregateExtractProjectRuleWithFilter" classname="org.apache.calcite.test.RelOptRulesTest" time="0.049"/>
  <testcase name="testPushAggregateThroughJoin1" classname="org.apache.calcite.test.RelOptRulesTest" time="0.097"/>
  <testcase name="testPushAggregateThroughJoin2" classname="org.apache.calcite.test.RelOptRulesTest" time="0.102"/>
  <testcase name="testPushAggregateThroughJoin3" classname="org.apache.calcite.test.RelOptRulesTest" time="0.093"/>
  <testcase name="testPushAggregateThroughJoin4" classname="org.apache.calcite.test.RelOptRulesTest" time="0.09"/>
  <testcase name="testPushAggregateThroughJoin5" classname="org.apache.calcite.test.RelOptRulesTest" time="0.093"/>
  <testcase name="testPushAggregateThroughJoin6" classname="org.apache.calcite.test.RelOptRulesTest" time="0.092"/>
  <testcase name="testPushFilterPastProject" classname="org.apache.calcite.test.RelOptRulesTest" time="0.096"/>
  <testcase name="testReduceConstants" classname="org.apache.calcite.test.RelOptRulesTest" time="0.098"/>
  <testcase name="testPushSumNullConstantThroughUnion" classname="org.apache.calcite.test.RelOptRulesTest" time="0.008"/>
  <testcase name="testMergeJoinFilter" classname="org.apache.calcite.test.RelOptRulesTest" time="0.081"/>
  <testcase name="testMergeUnionDistinct" classname="org.apache.calcite.test.RelOptRulesTest" time="0.081"/>
  <testcase name="testStrengthenJoinType" classname="org.apache.calcite.test.RelOptRulesTest" time="0.085"/>
  <testcase name="testExpandWhereComparisonCorrelated" classname="org.apache.calcite.test.RelOptRulesTest" time="0.099"/>
  <testcase name="testPushAggregateSumThroughJoin" classname="org.apache.calcite.test.RelOptRulesTest" time="0.104"/>
  <testcase name="testExpandFilterIn" classname="org.apache.calcite.test.RelOptRulesTest" time="0.096"/>
  <testcase name="testPushAggregateSumWithoutGroupKeyThroughJoin" classname="org.apache.calcite.test.RelOptRulesTest" time="0.091"/>
  <testcase name="testReduceConstantsCaseEquals" classname="org.apache.calcite.test.RelOptRulesTest" time="0.088"/>
  <testcase name="testTransitiveInferenceNoPullUpExprs" classname="org.apache.calcite.test.RelOptRulesTest" time="0.004"/>
  <testcase name="testEmptyProject" classname="org.apache.calcite.test.RelOptRulesTest" time="0.048"/>
  <testcase name="testTransitiveInferenceConjunctInPullUp" classname="org.apache.calcite.test.RelOptRulesTest" time="0.007"/>
  <testcase name="testPullConstantThroughAggregateSimpleNonNullable" classname="org.apache.calcite.test.RelOptRulesTest" time="0.045"/>
  <testcase name="testUnionToDistinctRule" classname="org.apache.calcite.test.RelOptRulesTest" time="0.088"/>
  <testcase name="testPushSemiJoinPastFilter" classname="org.apache.calcite.test.RelOptRulesTest" time="0.043"/>
  <testcase name="testWhereExpressionInCorrelated2" classname="org.apache.calcite.test.RelOptRulesTest" time="0.092"/>
  <testcase name="testPullAggregateThroughUnion" classname="org.apache.calcite.test.RelOptRulesTest" time="0.091"/>
  <testcase name="testPullConstantIntoFilter" classname="org.apache.calcite.test.RelOptRulesTest" time="0.053"/>
  <testcase name="testSimplifyFilter" classname="org.apache.calcite.test.RelOptRulesTest" time="0.004"/>
  <testcase name="testDistinctWithMultipleInputs" classname="org.apache.calcite.test.RelOptRulesTest" time="0.047"/>
  <testcase name="testPushSumNullableThroughUnion" classname="org.apache.calcite.test.RelOptRulesTest" time="0.057"/>
  <testcase name="testEmptyAggregate" classname="org.apache.calcite.test.RelOptRulesTest" time="0.058"/>
  <testcase name="testConvertMultiJoinRuleOuterJoins2" classname="org.apache.calcite.test.RelOptRulesTest" time="0.091"/>
  <testcase name="testConvertMultiJoinRuleOuterJoins3" classname="org.apache.calcite.test.RelOptRulesTest" time="0.135"/>
  <testcase name="testConvertMultiJoinRuleOuterJoins4" classname="org.apache.calcite.test.RelOptRulesTest" time="0.086"/>
  <testcase name="testProjectToWindowRuleForMultipleWindows" classname="org.apache.calcite.test.RelOptRulesTest" time="0.09"/>
  <testcase name="testPushAggregateSumThroughJoinAfterAggregateReduce" classname="org.apache.calcite.test.RelOptRulesTest" time="0.101"/>
  <testcase name="testTransitiveInferencePullUpThruAlias" classname="org.apache.calcite.test.RelOptRulesTest" time="0.006"/>
  <testcase name="testProjectWindowTransposeRule" classname="org.apache.calcite.test.RelOptRulesTest" time="0.095"/>
  <testcase name="testTransitiveInferenceAggregate" classname="org.apache.calcite.test.RelOptRulesTest" time="0.006"/>
  <testcase name="testExtractYearToRange" classname="org.apache.calcite.test.RelOptRulesTest" time="0.084"/>
  <testcase name="testEmptySortLimitZero" classname="org.apache.calcite.test.RelOptRulesTest" time="0.085"/>
  <testcase name="testCastInAggregateExpandDistinctAggregatesRule" classname="org.apache.calcite.test.RelOptRulesTest" time="0.098"/>
  <testcase name="testDistinctCount1" classname="org.apache.calcite.test.RelOptRulesTest" time="0.141"/>
  <testcase name="testDistinctCount2" classname="org.apache.calcite.test.RelOptRulesTest" time="0.047"/>
  <testcase name="testDistinctCount3" classname="org.apache.calcite.test.RelOptRulesTest" time="0.088"/>
  <testcase name="testExpandProjectIn" classname="org.apache.calcite.test.RelOptRulesTest" time="0.101"/>
  <testcase name="testReduceNullableCase2" classname="org.apache.calcite.test.RelOptRulesTest" time="0.05"/>
  <testcase name="testPushCountStarGroupingSetsThroughUnion" classname="org.apache.calcite.test.RelOptRulesTest" time="0.056"/>
  <testcase name="testCorrelationScalarAggAndFilter" classname="org.apache.calcite.test.RelOptRulesTest" time="0.098"/>
  <testcase name="testDistinctNonDistinctAggregates" classname="org.apache.calcite.test.RelOptRulesTest" time="0.089"/>
  <testcase name="testOrAlwaysTrue2" classname="org.apache.calcite.test.RelOptRulesTest" time="0.091"/>
  <testcase name="testProjectWindowTransposeRuleWithConstants" classname="org.apache.calcite.test.RelOptRulesTest" time="0.091"/>
  <testcase name="testJoinProjectTranspose" classname="org.apache.calcite.test.RelOptRulesTest" time="0.092"/>
  <testcase name="testAggregateProjectPullUpConstants2" classname="org.apache.calcite.test.RelOptRulesTest" time="0.119"/>
  <testcase name="testMergeSetOpMixed" classname="org.apache.calcite.test.RelOptRulesTest" time="0.122"/>
  <testcase name="testDistinctNonDistinctAggregatesWithGrouping1" classname="org.apache.calcite.test.RelOptRulesTest" time="0.098"/>
  <testcase name="testDistinctNonDistinctAggregatesWithGrouping2" classname="org.apache.calcite.test.RelOptRulesTest" time="0.088"/>
  <testcase name="testReduceConstantsIsNotNull" classname="org.apache.calcite.test.RelOptRulesTest" time="0.045"/>
  <testcase name="testPushMinGroupingSetsThroughUnion" classname="org.apache.calcite.test.RelOptRulesTest" time="0.008"/>
  <testcase name="testPullConstantThroughAggregateConstGroupBy" classname="org.apache.calcite.test.RelOptRulesTest" time="0.049"/>
  <testcase name="testPushProjectPastJoin" classname="org.apache.calcite.test.RelOptRulesTest" time="0.107"/>
  <testcase name="testPullConstantThroughAggregatePermuted" classname="org.apache.calcite.test.RelOptRulesTest" time="0.008"/>
  <testcase name="testEmptyIntersect" classname="org.apache.calcite.test.RelOptRulesTest" time="0.105"/>
  <testcase name="testPushProjectPastRightJoinSwap" classname="org.apache.calcite.test.RelOptRulesTest" time="0.05"/>
  <testcase name="testExpandJoinExists" classname="org.apache.calcite.test.RelOptRulesTest" time="0.048"/>
  <testcase name="testPullConstantIntoProject" classname="org.apache.calcite.test.RelOptRulesTest" time="0.051"/>
  <testcase name="testTransitiveInferenceUnionAlwaysTrue" classname="org.apache.calcite.test.RelOptRulesTest" time="0.043"/>
  <testcase name="testReduceCompositeInSubQuery" classname="org.apache.calcite.test.RelOptRulesTest" time="0.077"/>
  <testcase name="testMergeIntersect" classname="org.apache.calcite.test.RelOptRulesTest" time="0.039"/>
  <testcase name="testPushSumConstantThroughUnion" classname="org.apache.calcite.test.RelOptRulesTest" time="0.04"/>
  <testcase name="testAddRedundantSemiJoinRule" classname="org.apache.calcite.test.RelOptRulesTest" time="0.069"/>
  <testcase name="testExpandProjectExists" classname="org.apache.calcite.test.RelOptRulesTest" time="0.083"/>
  <testcase name="testRemoveSemiJoinWithFilter" classname="org.apache.calcite.test.RelOptRulesTest" time="0.1"/>
  <testcase name="testTransitiveInferenceUnion3wayOr" classname="org.apache.calcite.test.RelOptRulesTest" time="0">
    <skipped message="not working"/>
  </testcase>
  <testcase name="testRightOuterJoinSimplificationToInner" classname="org.apache.calcite.test.RelOptRulesTest" time="0.047"/>
  <testcase name="testReduceCastsNullable" classname="org.apache.calcite.test.RelOptRulesTest" time="0">
    <skipped/>
  </testcase>
  <testcase name="testDistinctCountMixed" classname="org.apache.calcite.test.RelOptRulesTest" time="0.083"/>
  <testcase name="testPushJoinCondDownToProject" classname="org.apache.calcite.test.RelOptRulesTest" time="0.132"/>
  <testcase name="testRemoveSemiJoinRightWithFilter" classname="org.apache.calcite.test.RelOptRulesTest" time="0.048"/>
  <testcase name="testFullOuterJoinSimplificationToLeftOuter" classname="org.apache.calcite.test.RelOptRulesTest" time="0.047"/>
  <testcase name="testPullConstantThroughAggregatePermutedConstFirst" classname="org.apache.calcite.test.RelOptRulesTest" time="0.08"/>
  <testcase name="testConvertMultiJoinRuleOuterJoins" classname="org.apache.calcite.test.RelOptRulesTest" time="0.098"/>
  <testcase name="testTransitiveInferenceUnion" classname="org.apache.calcite.test.RelOptRulesTest" time="0.006"/>
  <testcase name="testPullConstantIntoJoin" classname="org.apache.calcite.test.RelOptRulesTest" time="0.01"/>
  <testcase name="testReduceConstantsCaseEquals2" classname="org.apache.calcite.test.RelOptRulesTest" time="0.093"/>
  <testcase name="testReduceConstantsCaseEquals3" classname="org.apache.calcite.test.RelOptRulesTest" time="0.083"/>
  <testcase name="testExpandJoinScalar" classname="org.apache.calcite.test.RelOptRulesTest" time="0.048"/>
  <testcase name="testPullConstantThroughAggregateAllLiterals" classname="org.apache.calcite.test.RelOptRulesTest" time="0.054"/>
  <testcase name="testSwapOuterJoin" classname="org.apache.calcite.test.RelOptRulesTest" time="0.081"/>
  <testcase name="testPushJoinThroughUnionOnLeft" classname="org.apache.calcite.test.RelOptRulesTest" time="0.082"/>
  <testcase name="testMergeUnionMixed2" classname="org.apache.calcite.test.RelOptRulesTest" time="0.096"/>
  <testcase name="testPushFilterPastAggThree" classname="org.apache.calcite.test.RelOptRulesTest" time="0.088"/>
  <testcase name="testReduceConstantsEliminatesFilter" classname="org.apache.calcite.test.RelOptRulesTest" time="0.137"/>
  <testcase name="testExpandFilterExists" classname="org.apache.calcite.test.RelOptRulesTest" time="0.048"/>
  <testcase name="testAggregateProjectPullUpConstants" classname="org.apache.calcite.test.RelOptRulesTest" time="0.096"/>
  <testcase name="testPushProjectPastFilter2" classname="org.apache.calcite.test.RelOptRulesTest" time="0.092"/>
  <testcase name="testSemiJoinReduceConstants" classname="org.apache.calcite.test.RelOptRulesTest" time="0.098"/>
  <testcase name="testExpandProjectScalar" classname="org.apache.calcite.test.RelOptRulesTest" time="0.053"/>
  <testcase name="testDistinctCountWithoutGroupBy" classname="org.apache.calcite.test.RelOptRulesTest" time="0.093"/>
  <testcase name="testDecorrelateUncorrelatedInAndCorrelatedExists" classname="org.apache.calcite.test.RelOptRulesTest" time="0.141"/>
  <testcase name="testSortRemovalAllKeysConstant" classname="org.apache.calcite.test.RelOptRulesTest" time="0.154"/>
  <testcase name="testDistinctCountMultipleNoGroup" classname="org.apache.calcite.test.RelOptRulesTest" time="0.051"/>
  <testcase name="testExpandProjectInNullable" classname="org.apache.calcite.test.RelOptRulesTest" time="0.149"/>
  <testcase name="testPullFilterThroughAggregate" classname="org.apache.calcite.test.RelOptRulesTest" time="0.049"/>
  <testcase name="testAggregateConstantKeyRule2" classname="org.apache.calcite.test.RelOptRulesTest" time="0.098"/>
  <testcase name="testAggregateConstantKeyRule3" classname="org.apache.calcite.test.RelOptRulesTest" time="0.067"/>
  <testcase name="testPullConstantIntoJoin2" classname="org.apache.calcite.test.RelOptRulesTest" time="0.059"/>
  <testcase name="testSortRemovalOneKeyConstant" classname="org.apache.calcite.test.RelOptRulesTest" time="0.088"/>
  <testcase name="testPushProjectPastInnerJoinStrong" classname="org.apache.calcite.test.RelOptRulesTest" time="0.09"/>
  <testcase name="testPushProjectPastLeftJoinSwap" classname="org.apache.calcite.test.RelOptRulesTest" time="0.091"/>
  <testcase name="testSemiJoinRuleFull" classname="org.apache.calcite.test.RelOptRulesTest" time="0.089"/>
  <testcase name="testSemiJoinRuleLeft" classname="org.apache.calcite.test.RelOptRulesTest" time="0.079"/>
  <testcase name="testExpandProjectInComposite" classname="org.apache.calcite.test.RelOptRulesTest" time="0.084"/>
  <testcase name="testEmptyJoinLeft" classname="org.apache.calcite.test.RelOptRulesTest" time="0.054"/>
  <testcase name="testExpandJoinInComposite" classname="org.apache.calcite.test.RelOptRulesTest" time="0">
    <skipped message="[CALCITE-1045]"/>
  </testcase>
  <testcase name="testFilterRemoveIsNotDistinctFromRule" classname="org.apache.calcite.test.RelOptRulesTest" time="0.066"/>
  <testcase name="testReduceNestedCaseWhen" classname="org.apache.calcite.test.RelOptRulesTest" time="0.105"/>
  <testcase name="testTransitiveInferenceRightOuterJoin" classname="org.apache.calcite.test.RelOptRulesTest" time="0.006"/>
  <testcase name="testDistinctCountMixed2" classname="org.apache.calcite.test.RelOptRulesTest" time="0.038"/>
  <testcase name="testPushSumNullConstantGroupingSetsThroughUnion" classname="org.apache.calcite.test.RelOptRulesTest" time="0.069"/>
  <testcase name="testExpandFilterIn3Value" classname="org.apache.calcite.test.RelOptRulesTest" time="0.038"/>
  <testcase name="testSortUnionTranspose2" classname="org.apache.calcite.test.RelOptRulesTest" time="0.061"/>
  <testcase name="testSortUnionTranspose3" classname="org.apache.calcite.test.RelOptRulesTest" time="0.065"/>
  <testcase name="testTransitiveInferenceComplexPredicate" classname="org.apache.calcite.test.RelOptRulesTest" time="0.005"/>
  <testcase name="testExpandFilterScalar" classname="org.apache.calcite.test.RelOptRulesTest" time="0.065"/>
  <testcase name="testAlreadyFalseEliminatesFilter" classname="org.apache.calcite.test.RelOptRulesTest" time="0.081"/>
  <testcase name="testDistinctWithMultipleInputsAndGroupby" classname="org.apache.calcite.test.RelOptRulesTest" time="0.049"/>
  <testcase name="testPushMaxNullableThroughUnion" classname="org.apache.calcite.test.RelOptRulesTest" time="0.046"/>
  <testcase name="testPullConstantThroughUnion2" classname="org.apache.calcite.test.RelOptRulesTest" time="0.082"/>
  <testcase name="testPullConstantThroughUnion3" classname="org.apache.calcite.test.RelOptRulesTest" time="0.074"/>
  <testcase name="testPushProjectPastRightJoin" classname="org.apache.calcite.test.RelOptRulesTest" time="0.076"/>
  <testcase name="testMergeUnionMixed" classname="org.apache.calcite.test.RelOptRulesTest" time="0.049"/>
</testsuite>