<?xml version="1.0" encoding="UTF-8"?>
<testsuite name="io.atomix.core.semaphore.impl.RaftSemaphoreTest" time="29.371" tests="15" errors="0" skipped="2" failures="1">
  <properties>
    <property name="java.runtime.name" value="OpenJDK Runtime Environment"/>
    <property name="sun.boot.library.path" value="/usr/lib/jvm/java-8-openjdk-amd64/jre/lib/amd64"/>
    <property name="java.vm.version" value="25.121-b13"/>
    <property name="java.vm.vendor" value="Oracle Corporation"/>
    <property name="maven.multiModuleProjectDirectory" value="/root/workspace/atomix/atomix/390270623"/>
    <property name="java.vendor.url" value="http://java.oracle.com/"/>
    <property name="path.separator" value=":"/>
    <property name="guice.disable.misplaced.annotation.check" value="true"/>
    <property name="skip.gulp" value="true"/>
    <property name="java.vm.name" value="OpenJDK 64-Bit Server VM"/>
    <property name="file.encoding.pkg" value="sun.io"/>
    <property name="sun.java.launcher" value="SUN_STANDARD"/>
    <property name="sun.os.patch.level" value="unknown"/>
    <property name="findbugs.skip" value="true"/>
    <property name="java.vm.specification.name" value="Java Virtual Machine Specification"/>
    <property name="user.dir" value="/root/workspace/atomix/atomix/390270623"/>
    <property name="checkstyle.skip" value="true"/>
    <property name="java.runtime.version" value="1.8.0_121-8u121-b13-1~bpo8+1-b13"/>
    <property name="java.awt.graphicsenv" value="sun.awt.X11GraphicsEnvironment"/>
    <property name="skip.npm" value="true"/>
    <property name="java.endorsed.dirs" value="/usr/lib/jvm/java-8-openjdk-amd64/jre/lib/endorsed"/>
    <property name="os.arch" value="amd64"/>
    <property name="java.io.tmpdir" value="/tmp"/>
    <property name="gpg.skip" value="true"/>
    <property name="line.separator" value="&#10;"/>
    <property name="java.vm.specification.vendor" value="Oracle Corporation"/>
    <property name="cobertura.skip" value="true"/>
    <property name="os.name" value="Linux"/>
    <property name="classworlds.conf" value="/usr/share/maven/bin/m2.conf"/>
    <property name="sun.jnu.encoding" value="UTF-8"/>
    <property name="java.library.path" value="/usr/java/packages/lib/amd64:/usr/lib/x86_64-linux-gnu/jni:/lib/x86_64-linux-gnu:/usr/lib/x86_64-linux-gnu:/usr/lib/jni:/lib:/usr/lib"/>
    <property name="license.skip" value="true"/>
    <property name="java.specification.name" value="Java Platform API Specification"/>
    <property name="java.class.version" value="52.0"/>
    <property name="sun.management.compiler" value="HotSpot 64-Bit Tiered Compilers"/>
    <property name="skip.bower" value="true"/>
    <property name="maven.repo.local" value="/root/./workspace/atomix/atomix/390270623/.m2"/>
    <property name="os.version" value="3.10.0-862.3.2.el7.x86_64"/>
    <property name="user.home" value="/root"/>
    <property name="user.timezone" value="Europe/Paris"/>
    <property name="java.awt.printerjob" value="sun.print.PSPrinterJob"/>
    <property name="java.specification.version" value="1.8"/>
    <property name="file.encoding" value="UTF-8"/>
    <property name="user.name" value="root"/>
    <property name="java.class.path" value="/usr/share/maven/boot/plexus-classworlds-2.5.2.jar"/>
    <property name="skipITs" value="true"/>
    <property name="java.vm.specification.version" value="1.8"/>
    <property name="sun.arch.data.model" value="64"/>
    <property name="java.home" value="/usr/lib/jvm/java-8-openjdk-amd64/jre"/>
    <property name="sun.java.command" value="org.codehaus.plexus.classworlds.launcher.Launcher -B -D enforcer.skip=true -D dependency-check.skip=true -D skipITs=true -D cobertura.skip=true -D maven.repo.local=/root/./workspace/atomix/atomix/390270623/.m2 -D rat.skip=true -D findbugs.skip=true -D skip.bower=true -D gpg.skip=true -D checkstyle.skip=true -D skip.gulp=true -D license.skip=true -D skip.npm=true test"/>
    <property name="java.specification.vendor" value="Oracle Corporation"/>
    <property name="user.language" value="en"/>
    <property name="awt.toolkit" value="sun.awt.X11.XToolkit"/>
    <property name="dependency-check.skip" value="true"/>
    <property name="java.vm.info" value="mixed mode"/>
    <property name="java.version" value="1.8.0_121"/>
    <property name="java.ext.dirs" value="/usr/lib/jvm/java-8-openjdk-amd64/jre/lib/ext:/usr/java/packages/lib/ext"/>
    <property name="securerandom.source" value="file:/dev/./urandom"/>
    <property name="sun.boot.class.path" value="/usr/lib/jvm/java-8-openjdk-amd64/jre/lib/resources.jar:/usr/lib/jvm/java-8-openjdk-amd64/jre/lib/rt.jar:/usr/lib/jvm/java-8-openjdk-amd64/jre/lib/sunrsasign.jar:/usr/lib/jvm/java-8-openjdk-amd64/jre/lib/jsse.jar:/usr/lib/jvm/java-8-openjdk-amd64/jre/lib/jce.jar:/usr/lib/jvm/java-8-openjdk-amd64/jre/lib/charsets.jar:/usr/lib/jvm/java-8-openjdk-amd64/jre/lib/jfr.jar:/usr/lib/jvm/java-8-openjdk-amd64/jre/classes"/>
    <property name="java.vendor" value="Oracle Corporation"/>
    <property name="enforcer.skip" value="true"/>
    <property name="rat.skip" value="true"/>
    <property name="maven.home" value="/usr/share/maven"/>
    <property name="file.separator" value="/"/>
    <property name="java.vendor.url.bug" value="http://bugreport.sun.com/bugreport/"/>
    <property name="sun.cpu.endian" value="little"/>
    <property name="sun.io.unicode.encoding" value="UnicodeLittle"/>
    <property name="sun.cpu.isalist" value=""/>
  </properties>
  <testcase name="testQueueStatus" classname="io.atomix.core.semaphore.impl.RaftSemaphoreTest" time="1.381"/>
  <testcase name="testTimeout" classname="io.atomix.core.semaphore.impl.RaftSemaphoreTest" time="2.029">
    <failure type="java.lang.AssertionError:">java.lang.AssertionError: null
	at org.junit.Assert.fail(Assert.java:86)
	at org.junit.Assert.assertTrue(Assert.java:41)
	at org.junit.Assert.assertTrue(Assert.java:52)
	at io.atomix.core.semaphore.impl.SemaphoreTest.testTimeout(SemaphoreTest.java:147)
	at sun.reflect.NativeMethodAccessorImpl.invoke0(Native Method)
	at sun.reflect.NativeMethodAccessorImpl.invoke(NativeMethodAccessorImpl.java:62)
	at sun.reflect.DelegatingMethodAccessorImpl.invoke(DelegatingMethodAccessorImpl.java:43)
	at java.lang.reflect.Method.invoke(Method.java:498)
	at org.junit.runners.model.FrameworkMethod$1.runReflectiveCall(FrameworkMethod.java:50)
	at org.junit.internal.runners.model.ReflectiveCallable.run(ReflectiveCallable.java:12)
	at org.junit.runners.model.FrameworkMethod.invokeExplosively(FrameworkMethod.java:47)
	at org.junit.internal.runners.statements.InvokeMethod.evaluate(InvokeMethod.java:17)
	at org.junit.internal.runners.statements.FailOnTimeout$CallableStatement.call(FailOnTimeout.java:298)
	at org.junit.internal.runners.statements.FailOnTimeout$CallableStatement.call(FailOnTimeout.java:292)
	at java.util.concurrent.FutureTask.run(FutureTask.java:266)
	at java.lang.Thread.run(Thread.java:745)
</failure>
    <system-out>03:48:39.234 [raft-server-raft-partition-1] TRACE i.a.p.raft.roles.LeaderAppender - RaftServer{raft-partition-1} - Sending AppendRequest{term=1, leader=2, prevLogIndex=1, prevLogTerm=1, entries=0, commitIndex=1} to 3
03:48:39.234 [raft-server-raft-partition-1] TRACE i.a.p.raft.roles.LeaderAppender - RaftServer{raft-partition-1} - Sending AppendRequest{term=1, leader=2, prevLogIndex=1, prevLogTerm=1, entries=0, commitIndex=1} to 1
03:48:39.234 [raft-server-raft-partition-1] TRACE i.a.p.raft.roles.FollowerRole - RaftServer{raft-partition-1}{role=FOLLOWER} - Received AppendRequest{term=1, leader=2, prevLogIndex=1, prevLogTerm=1, entries=0, commitIndex=1}
03:48:39.234 [raft-server-raft-partition-1] TRACE i.a.p.raft.roles.FollowerRole - RaftServer{raft-partition-1}{role=FOLLOWER} - Sending AppendResponse{status=OK, term=1, succeeded=true, lastLogIndex=1}
03:48:39.234 [raft-server-raft-partition-1] TRACE i.a.p.raft.roles.LeaderAppender - RaftServer{raft-partition-1} - Received AppendResponse{status=OK, term=1, succeeded=true, lastLogIndex=1} from 1
03:48:39.234 [raft-server-raft-partition-1] TRACE i.a.p.raft.roles.LeaderAppender - RaftServer{raft-partition-1} - Sending AppendRequest{term=1, leader=2, prevLogIndex=1, prevLogTerm=1, entries=0, commitIndex=1} to 1
03:48:39.234 [raft-server-raft-partition-1] TRACE i.a.p.raft.roles.FollowerRole - RaftServer{raft-partition-1}{role=FOLLOWER} - Received AppendRequest{term=1, leader=2, prevLogIndex=1, prevLogTerm=1, entries=0, commitIndex=1}
03:48:39.234 [raft-server-raft-partition-1] TRACE i.a.p.raft.roles.FollowerRole - RaftServer{raft-partition-1}{role=FOLLOWER} - Sending AppendResponse{status=OK, term=1, succeeded=true, lastLogIndex=1}
03:48:39.235 [raft-server-raft-partition-1] TRACE i.a.p.raft.roles.LeaderAppender - RaftServer{raft-partition-1} - Received AppendResponse{status=OK, term=1, succeeded=true, lastLogIndex=1} from 1
03:48:39.235 [raft-server-raft-partition-1] TRACE i.a.p.raft.roles.LeaderAppender - RaftServer{raft-partition-1} - Sending AppendRequest{term=1, leader=2, prevLogIndex=1, prevLogTerm=1, entries=0, commitIndex=1} to 1
03:48:39.235 [raft-server-raft-partition-1] TRACE i.a.p.raft.roles.FollowerRole - RaftServer{raft-partition-1}{role=FOLLOWER} - Received AppendRequest{term=1, leader=2, prevLogIndex=1, prevLogTerm=1, entries=0, commitIndex=1}
03:48:39.235 [raft-server-raft-partition-1] TRACE i.a.p.raft.roles.FollowerRole - RaftServer{raft-partition-1}{role=FOLLOWER} - Sending AppendResponse{status=OK, term=1, succeeded=true, lastLogIndex=1}
03:48:39.235 [raft-server-raft-partition-1] TRACE i.a.p.raft.roles.LeaderAppender - RaftServer{raft-partition-1} - Received AppendResponse{status=OK, term=1, succeeded=true, lastLogIndex=1} from 1
03:48:39.239 [raft-server-raft-partition-1] TRACE i.a.p.raft.roles.FollowerRole - RaftServer{raft-partition-1}{role=FOLLOWER} - Received AppendRequest{term=1, leader=2, prevLogIndex=1, prevLogTerm=1, entries=0, commitIndex=1}
03:48:39.239 [raft-server-raft-partition-1] TRACE i.a.p.raft.roles.FollowerRole - RaftServer{raft-partition-1}{role=FOLLOWER} - Sending AppendResponse{status=OK, term=1, succeeded=true, lastLogIndex=1}
03:48:39.239 [raft-server-raft-partition-1] TRACE i.a.p.raft.roles.LeaderAppender - RaftServer{raft-partition-1} - Received AppendResponse{status=OK, term=1, succeeded=true, lastLogIndex=1} from 3
03:48:39.272 [raft-server-system-partition-1] TRACE i.a.p.raft.roles.LeaderAppender - RaftServer{system-partition-1} - Sending AppendRequest{term=1, leader=3, prevLogIndex=57, prevLogTerm=1, entries=0, commitIndex=57} to 2
03:48:39.272 [raft-server-system-partition-1] TRACE i.a.p.raft.roles.LeaderAppender - RaftServer{system-partition-1} - Sending AppendRequest{term=1, leader=3, prevLogIndex=57, prevLogTerm=1, entries=0, commitIndex=57} to 1
03:48:39.272 [raft-server-system-partition-1] TRACE i.a.p.raft.roles.FollowerRole - RaftServer{system-partition-1}{role=FOLLOWER} - Received AppendRequest{term=1, leader=3, prevLogIndex=57, prevLogTerm=1, entries=0, commitIndex=57}
03:48:39.272 [raft-server-system-partition-1] TRACE i.a.p.raft.roles.FollowerRole - RaftServer{system-partition-1}{role=FOLLOWER} - Received AppendRequest{term=1, leader=3, prevLogIndex=57, prevLogTerm=1, entries=0, commitIndex=57}
03:48:39.272 [raft-server-system-partition-1] TRACE i.a.p.raft.roles.FollowerRole - RaftServer{system-partition-1}{role=FOLLOWER} - Committed entries up to index 57
03:48:39.272 [raft-server-system-partition-1] TRACE i.a.p.raft.roles.FollowerRole - RaftServer{system-partition-1}{role=FOLLOWER} - Sending AppendResponse{status=OK, term=1, succeeded=true, lastLogIndex=57}
03:48:39.272 [raft-server-system-partition-1-state] TRACE i.a.p.raft.impl.RaftServiceManager - RaftServer{system-partition-1} - Applying Indexed{index=57, entry=CloseSessionEntry{term=1, timestamp=2018-06-10 03:48:39,173, session=53, expired=false}}
03:48:39.273 [raft-server-system-partition-1-state] DEBUG i.a.p.r.service.RaftServiceContext - PrimitiveService{29}{type=ConsistentMapType{name=consistent-map}, name=primitives} - Closing session 53
03:48:39.273 [raft-server-system-partition-1] TRACE i.a.p.raft.roles.LeaderAppender - RaftServer{system-partition-1} - Received AppendResponse{status=OK, term=1, succeeded=true, lastLogIndex=57} from 1
03:48:39.273 [raft-server-system-partition-1] TRACE i.a.p.raft.roles.LeaderAppender - RaftServer{system-partition-1} - Sending AppendRequest{term=1, leader=3, prevLogIndex=57, prevLogTerm=1, entries=0, commitIndex=57} to 1
03:48:39.273 [raft-server-system-partition-1-state] DEBUG i.a.p.raft.session.RaftSession - Session{53}{type=ConsistentMapType{name=consistent-map}, name=primitives} - State changed: CLOSED
03:48:39.273 [raft-server-system-partition-1] TRACE i.a.p.raft.roles.FollowerRole - RaftServer{system-partition-1}{role=FOLLOWER} - Received AppendRequest{term=1, leader=3, prevLogIndex=57, prevLogTerm=1, entries=0, commitIndex=57}
03:48:39.273 [raft-server-system-partition-1] TRACE i.a.p.raft.roles.FollowerRole - RaftServer{system-partition-1}{role=FOLLOWER} - Sending AppendResponse{status=OK, term=1, succeeded=true, lastLogIndex=57}
03:48:39.273 [raft-server-system-partition-1] TRACE i.a.p.raft.roles.LeaderAppender - RaftServer{system-partition-1} - Received AppendResponse{status=OK, term=1, succeeded=true, lastLogIndex=57} from 1
03:48:39.291 [raft-server-system-partition-1] TRACE i.a.p.raft.roles.FollowerRole - RaftServer{system-partition-1}{role=FOLLOWER} - Committed entries up to index 57
03:48:39.291 [raft-server-system-partition-1] TRACE i.a.p.raft.roles.FollowerRole - RaftServer{system-partition-1}{role=FOLLOWER} - Sending AppendResponse{status=OK, term=1, succeeded=true, lastLogIndex=57}
03:48:39.291 [raft-server-system-partition-1-state] TRACE i.a.p.raft.impl.RaftServiceManager - RaftServer{system-partition-1} - Applying Indexed{index=57, entry=CloseSessionEntry{term=1, timestamp=2018-06-10 03:48:39,173, session=53, expired=false}}
03:48:39.291 [raft-server-system-partition-1-state] DEBUG i.a.p.r.service.RaftServiceContext - PrimitiveService{29}{type=ConsistentMapType{name=consistent-map}, name=primitives} - Closing session 53
03:48:39.291 [raft-server-system-partition-1-state] DEBUG i.a.p.raft.session.RaftSession - Session{53}{type=ConsistentMapType{name=consistent-map}, name=primitives} - State changed: CLOSED
03:48:39.291 [raft-server-system-partition-1] TRACE i.a.p.raft.roles.LeaderAppender - RaftServer{system-partition-1} - Received AppendResponse{status=OK, term=1, succeeded=true, lastLogIndex=57} from 2
03:48:39.362 [raft-server-raft-partition-2] TRACE i.a.p.raft.roles.LeaderAppender - RaftServer{raft-partition-2} - Sending AppendRequest{term=1, leader=2, prevLogIndex=9, prevLogTerm=1, entries=0, commitIndex=9} to 3
03:48:39.362 [raft-server-raft-partition-2] TRACE i.a.p.raft.roles.LeaderAppender - RaftServer{raft-partition-2} - Sending AppendRequest{term=1, leader=2, prevLogIndex=9, prevLogTerm=1, entries=0, commitIndex=9} to 1
03:48:39.362 [raft-server-raft-partition-2] TRACE i.a.p.raft.roles.FollowerRole - RaftServer{raft-partition-2}{role=FOLLOWER} - Received AppendRequest{term=1, leader=2, prevLogIndex=9, prevLogTerm=1, entries=0, commitIndex=9}
03:48:39.362 [raft-server-raft-partition-2] TRACE i.a.p.raft.roles.FollowerRole - RaftServer{raft-partition-2}{role=FOLLOWER} - Received AppendRequest{term=1, leader=2, prevLogIndex=9, prevLogTerm=1, entries=0, commitIndex=9}
03:48:39.362 [raft-server-raft-partition-2] TRACE i.a.p.raft.roles.FollowerRole - RaftServer{raft-partition-2}{role=FOLLOWER} - Sending AppendResponse{status=OK, term=1, succeeded=true, lastLogIndex=9}
03:48:39.362 [raft-server-raft-partition-2] TRACE i.a.p.raft.roles.FollowerRole - RaftServer{raft-partition-2}{role=FOLLOWER} - Sending AppendResponse{status=OK, term=1, succeeded=true, lastLogIndex=9}
03:48:39.362 [raft-server-raft-partition-2] TRACE i.a.p.raft.roles.LeaderAppender - RaftServer{raft-partition-2} - Received AppendResponse{status=OK, term=1, succeeded=true, lastLogIndex=9} from 3
03:48:39.362 [raft-server-raft-partition-2] TRACE i.a.p.raft.roles.LeaderAppender - RaftServer{raft-partition-2} - Sending AppendRequest{term=1, leader=2, prevLogIndex=9, prevLogTerm=1, entries=0, commitIndex=9} to 3
03:48:39.362 [raft-server-raft-partition-2] TRACE i.a.p.raft.roles.LeaderAppender - RaftServer{raft-partition-2} - Received AppendResponse{status=OK, term=1, succeeded=true, lastLogIndex=9} from 1
03:48:39.362 [raft-server-raft-partition-2] TRACE i.a.p.raft.roles.LeaderAppender - RaftServer{raft-partition-2} - Sending AppendRequest{term=1, leader=2, prevLogIndex=9, prevLogTerm=1, entries=0, commitIndex=9} to 1
03:48:39.362 [raft-server-raft-partition-2] TRACE i.a.p.raft.roles.FollowerRole - RaftServer{raft-partition-2}{role=FOLLOWER} - Received AppendRequest{term=1, leader=2, prevLogIndex=9, prevLogTerm=1, entries=0, commitIndex=9}
03:48:39.362 [raft-server-raft-partition-2] TRACE i.a.p.raft.roles.FollowerRole - RaftServer{raft-partition-2}{role=FOLLOWER} - Sending AppendResponse{status=OK, term=1, succeeded=true, lastLogIndex=9}
03:48:39.362 [raft-server-raft-partition-2] TRACE i.a.p.raft.roles.FollowerRole - RaftServer{raft-partition-2}{role=FOLLOWER} - Received AppendRequest{term=1, leader=2, prevLogIndex=9, prevLogTerm=1, entries=0, commitIndex=9}
03:48:39.362 [raft-server-raft-partition-2] TRACE i.a.p.raft.roles.FollowerRole - RaftServer{raft-partition-2}{role=FOLLOWER} - Sending AppendResponse{status=OK, term=1, succeeded=true, lastLogIndex=9}
03:48:39.362 [raft-server-raft-partition-2] TRACE i.a.p.raft.roles.LeaderAppender - RaftServer{raft-partition-2} - Received AppendResponse{status=OK, term=1, succeeded=true, lastLogIndex=9} from 3
03:48:39.362 [raft-server-raft-partition-2] TRACE i.a.p.raft.roles.LeaderAppender - RaftServer{raft-partition-2} - Sending AppendRequest{term=1, leader=2, prevLogIndex=9, prevLogTerm=1, entries=0, commitIndex=9} to 3
03:48:39.363 [raft-server-raft-partition-2] TRACE i.a.p.raft.roles.LeaderAppender - RaftServer{raft-partition-2} - Received AppendResponse{status=OK, term=1, succeeded=true, lastLogIndex=9} from 1
03:48:39.363 [raft-server-raft-partition-2] TRACE i.a.p.raft.roles.LeaderAppender - RaftServer{raft-partition-2} - Sending AppendRequest{term=1, leader=2, prevLogIndex=9, prevLogTerm=1, entries=0, commitIndex=9} to 1
03:48:39.363 [raft-server-raft-partition-2] TRACE i.a.p.raft.roles.FollowerRole - RaftServer{raft-partition-2}{role=FOLLOWER} - Received AppendRequest{term=1, leader=2, prevLogIndex=9, prevLogTerm=1, entries=0, commitIndex=9}
03:48:39.363 [raft-server-raft-partition-2] TRACE i.a.p.raft.roles.FollowerRole - RaftServer{raft-partition-2}{role=FOLLOWER} - Sending AppendResponse{status=OK, term=1, succeeded=true, lastLogIndex=9}
03:48:39.363 [raft-server-raft-partition-2] TRACE i.a.p.raft.roles.LeaderAppender - RaftServer{raft-partition-2} - Received AppendResponse{status=OK, term=1, succeeded=true, lastLogIndex=9} from 3
03:48:39.363 [raft-server-raft-partition-2] TRACE i.a.p.raft.roles.FollowerRole - RaftServer{raft-partition-2}{role=FOLLOWER} - Received AppendRequest{term=1, leader=2, prevLogIndex=9, prevLogTerm=1, entries=0, commitIndex=9}
03:48:39.363 [raft-server-raft-partition-2] TRACE i.a.p.raft.roles.LeaderAppender - RaftServer{raft-partition-2} - Sending AppendRequest{term=1, leader=2, prevLogIndex=9, prevLogTerm=1, entries=0, commitIndex=9} to 3
03:48:39.363 [raft-server-raft-partition-2] TRACE i.a.p.raft.roles.FollowerRole - RaftServer{raft-partition-2}{role=FOLLOWER} - Sending AppendResponse{status=OK, term=1, succeeded=true, lastLogIndex=9}
03:48:39.363 [raft-server-raft-partition-2] TRACE i.a.p.raft.roles.FollowerRole - RaftServer{raft-partition-2}{role=FOLLOWER} - Received AppendRequest{term=1, leader=2, prevLogIndex=9, prevLogTerm=1, entries=0, commitIndex=9}
03:48:39.363 [raft-server-raft-partition-2] TRACE i.a.p.raft.roles.FollowerRole - RaftServer{raft-partition-2}{role=FOLLOWER} - Sending AppendResponse{status=OK, term=1, succeeded=true, lastLogIndex=9}
03:48:39.363 [raft-server-raft-partition-2] TRACE i.a.p.raft.roles.LeaderAppender - RaftServer{raft-partition-2} - Received AppendResponse{status=OK, term=1, succeeded=true, lastLogIndex=9} from 1
03:48:39.363 [raft-server-raft-partition-2] TRACE i.a.p.raft.roles.LeaderAppender - RaftServer{raft-partition-2} - Received AppendResponse{status=OK, term=1, succeeded=true, lastLogIndex=9} from 3
03:48:39.418 [Time-limited test] WARN  i.a.c.m.impl.NettyMessagingService - Disabling TLS for intra-cluster messaging; Could not load cluster key store: ../config/atomix.jks (No such file or directory)
03:48:39.420 [netty-messaging-event-epoll-server-0] INFO  i.a.c.m.impl.NettyMessagingService - localhost/127.0.0.1 accepting incoming connections on port 5010
03:48:39.420 [netty-messaging-event-epoll-server-0] INFO  i.a.c.m.impl.NettyMessagingService - Started
03:48:39.420 [atomix-cluster-0] INFO  i.a.c.i.DefaultClusterMembershipService - 10 - Member activated: StatefulMember{id=10, address=localhost:5010, metadata={}}
03:48:39.421 [atomix-cluster-0] INFO  i.a.c.i.DefaultClusterMembershipService - 10 - Member activated: StatefulMember{id=1, address=localhost:5001, metadata={}}
03:48:39.421 [atomix-cluster-0] INFO  i.a.c.i.DefaultClusterMembershipService - 10 - Member activated: StatefulMember{id=2, address=localhost:5002, metadata={}}
03:48:39.422 [atomix-cluster-0] INFO  i.a.c.i.DefaultClusterMembershipService - 10 - Member activated: StatefulMember{id=3, address=127.0.0.1:5003, metadata={}}
03:48:39.426 [netty-messaging-event-epoll-client-0] INFO  i.a.c.i.DefaultClusterMembershipService - Started
03:48:39.426 [atomix-cluster-0] INFO  i.a.c.m.i.DefaultClusterCommunicationService - Started
03:48:39.427 [atomix-cluster-0] INFO  i.a.c.m.i.DefaultClusterEventService - Started
03:48:39.434 [atomix-partition-group-membership-service-0] INFO  i.a.p.p.i.DefaultPartitionGroupMembershipService - Started
03:48:39.434 [atomix-partition-group-membership-service-0] INFO  i.a.p.p.i.HashBasedPrimaryElectionService - Started
03:48:39.435 [raft-client-system-partition-1-0] INFO  i.a.p.r.p.impl.RaftPartitionClient - Successfully started client for partition PartitionId{id=1, group=system}
03:48:39.435 [raft-client-system-partition-1-0] INFO  i.a.p.r.partition.RaftPartitionGroup - Started
03:48:39.435 [raft-client-system-partition-1-0] DEBUG i.a.p.r.s.impl.RaftSessionManager - RaftClient{system-partition-1} - Opening session; name: atomix-primary-elector, type: PrimaryElectorType{name=PRIMARY_ELECTOR}
03:48:39.436 [raft-client-system-partition-1-0] TRACE i.a.p.r.s.impl.RaftSessionConnection - RaftClient{system-partition-1} - Sending OpenSessionRequest{node=10, serviceName=atomix-primary-elector, serviceType=PRIMARY_ELECTOR, readConsistency=SEQUENTIAL, minTimeout=250, maxTimeout=30000} to 2
03:48:39.436 [raft-server-raft-partition-3] TRACE i.a.p.raft.roles.LeaderAppender - RaftServer{raft-partition-3} - Sending AppendRequest{term=1, leader=2, prevLogIndex=1, prevLogTerm=1, entries=0, commitIndex=1} to 3
03:48:39.436 [raft-server-raft-partition-3] TRACE i.a.p.raft.roles.LeaderAppender - RaftServer{raft-partition-3} - Sending AppendRequest{term=1, leader=2, prevLogIndex=1, prevLogTerm=1, entries=0, commitIndex=1} to 1
03:48:39.436 [raft-server-system-partition-1] TRACE i.a.p.raft.roles.FollowerRole - RaftServer{system-partition-1}{role=FOLLOWER} - Received OpenSessionRequest{node=10, serviceName=atomix-primary-elector, serviceType=PRIMARY_ELECTOR, readConsistency=SEQUENTIAL, minTimeout=250, maxTimeout=30000}
03:48:39.437 [raft-server-raft-partition-3] TRACE i.a.p.raft.roles.FollowerRole - RaftServer{raft-partition-3}{role=FOLLOWER} - Received AppendRequest{term=1, leader=2, prevLogIndex=1, prevLogTerm=1, entries=0, commitIndex=1}
03:48:39.437 [raft-server-raft-partition-3] TRACE i.a.p.raft.roles.FollowerRole - RaftServer{raft-partition-3}{role=FOLLOWER} - Received AppendRequest{term=1, leader=2, prevLogIndex=1, prevLogTerm=1, entries=0, commitIndex=1}
03:48:39.437 [raft-server-raft-partition-3] TRACE i.a.p.raft.roles.FollowerRole - RaftServer{raft-partition-3}{role=FOLLOWER} - Sending AppendResponse{status=OK, term=1, succeeded=true, lastLogIndex=1}
03:48:39.437 [raft-server-raft-partition-3] TRACE i.a.p.raft.roles.FollowerRole - RaftServer{raft-partition-3}{role=FOLLOWER} - Sending AppendResponse{status=OK, term=1, succeeded=true, lastLogIndex=1}
03:48:39.437 [raft-server-system-partition-1] TRACE i.a.protocols.raft.roles.LeaderRole - RaftServer{system-partition-1}{role=LEADER} - Received OpenSessionRequest{node=10, serviceName=atomix-primary-elector, serviceType=PRIMARY_ELECTOR, readConsistency=SEQUENTIAL, minTimeout=250, maxTimeout=30000}
03:48:39.437 [raft-server-raft-partition-3] TRACE i.a.p.raft.roles.LeaderAppender - RaftServer{raft-partition-3} - Received AppendResponse{status=OK, term=1, succeeded=true, lastLogIndex=1} from 1
03:48:39.437 [raft-server-raft-partition-3] TRACE i.a.p.raft.roles.LeaderAppender - RaftServer{raft-partition-3} - Sending AppendRequest{term=1, leader=2, prevLogIndex=1, prevLogTerm=1, entries=0, commitIndex=1} to 1
03:48:39.437 [raft-server-system-partition-1] TRACE i.a.protocols.raft.roles.LeaderRole - RaftServer{system-partition-1}{role=LEADER} - Appended Indexed{index=58, entry=OpenSessionEntry{term=1, timestamp=2018-06-10 03:48:39,437, node=10, serviceName=atomix-primary-elector, serviceType=PRIMARY_ELECTOR, serviceConfig=byte[]{length=2, hash=2636}, readConsistency=SEQUENTIAL, minTimeout=250, maxTimeout=30000}}
03:48:39.437 [raft-server-raft-partition-3] TRACE i.a.p.raft.roles.LeaderAppender - RaftServer{raft-partition-3} - Received AppendResponse{status=OK, term=1, succeeded=true, lastLogIndex=1} from 3
03:48:39.437 [raft-server-system-partition-1] TRACE i.a.p.raft.roles.LeaderAppender - RaftServer{system-partition-1} - Sending AppendRequest{term=1, leader=3, prevLogIndex=57, prevLogTerm=1, entries=1, commitIndex=57} to 2
03:48:39.437 [raft-server-raft-partition-3] TRACE i.a.p.raft.roles.FollowerRole - RaftServer{raft-partition-3}{role=FOLLOWER} - Received AppendRequest{term=1, leader=2, prevLogIndex=1, prevLogTerm=1, entries=0, commitIndex=1}
03:48:39.437 [raft-server-raft-partition-3] TRACE i.a.p.raft.roles.LeaderAppender - RaftServer{raft-partition-3} - Sending AppendRequest{term=1, leader=2, prevLogIndex=1, prevLogTerm=1, entries=0, commitIndex=1} to 3
03:48:39.437 [raft-server-system-partition-1] TRACE i.a.p.raft.roles.LeaderAppender - RaftServer{system-partition-1} - Sending AppendRequest{term=1, leader=3, prevLogIndex=57, prevLogTerm=1, entries=1, commitIndex=57} to 1
03:48:39.437 [raft-server-raft-partition-3] TRACE i.a.p.raft.roles.FollowerRole - RaftServer{raft-partition-3}{role=FOLLOWER} - Sending AppendResponse{status=OK, term=1, succeeded=true, lastLogIndex=1}
03:48:39.438 [raft-server-raft-partition-3] TRACE i.a.p.raft.roles.FollowerRole - RaftServer{raft-partition-3}{role=FOLLOWER} - Received AppendRequest{term=1, leader=2, prevLogIndex=1, prevLogTerm=1, entries=0, commitIndex=1}
03:48:39.438 [raft-server-system-partition-1] TRACE i.a.p.raft.roles.FollowerRole - RaftServer{system-partition-1}{role=FOLLOWER} - Received AppendRequest{term=1, leader=3, prevLogIndex=57, prevLogTerm=1, entries=1, commitIndex=57}
03:48:39.438 [raft-server-raft-partition-3] TRACE i.a.p.raft.roles.FollowerRole - RaftServer{raft-partition-3}{role=FOLLOWER} - Sending AppendResponse{status=OK, term=1, succeeded=true, lastLogIndex=1}
03:48:39.438 [raft-server-system-partition-1] TRACE i.a.p.raft.roles.FollowerRole - RaftServer{system-partition-1}{role=FOLLOWER} - Appended Indexed{index=58, entry=OpenSessionEntry{term=1, timestamp=2018-06-10 03:48:39,437, node=10, serviceName=atomix-primary-elector, serviceType=PRIMARY_ELECTOR, serviceConfig=byte[]{length=2, hash=2636}, readConsistency=SEQUENTIAL, minTimeout=250, maxTimeout=30000}}
03:48:39.438 [raft-server-raft-partition-3] TRACE i.a.p.raft.roles.LeaderAppender - RaftServer{raft-partition-3} - Received AppendResponse{status=OK, term=1, succeeded=true, lastLogIndex=1} from 1
03:48:39.438 [raft-server-system-partition-1] TRACE i.a.p.raft.roles.FollowerRole - RaftServer{system-partition-1}{role=FOLLOWER} - Sending AppendResponse{status=OK, term=1, succeeded=true, lastLogIndex=58}
03:48:39.438 [raft-server-system-partition-1] TRACE i.a.p.raft.roles.FollowerRole - RaftServer{system-partition-1}{role=FOLLOWER} - Received AppendRequest{term=1, leader=3, prevLogIndex=57, prevLogTerm=1, entries=1, commitIndex=57}
03:48:39.438 [raft-server-raft-partition-3] TRACE i.a.p.raft.roles.LeaderAppender - RaftServer{raft-partition-3} - Received AppendResponse{status=OK, term=1, succeeded=true, lastLogIndex=1} from 3
03:48:39.438 [raft-server-system-partition-1] TRACE i.a.p.raft.roles.FollowerRole - RaftServer{system-partition-1}{role=FOLLOWER} - Appended Indexed{index=58, entry=OpenSessionEntry{term=1, timestamp=2018-06-10 03:48:39,437, node=10, serviceName=atomix-primary-elector, serviceType=PRIMARY_ELECTOR, serviceConfig=byte[]{length=2, hash=2636}, readConsistency=SEQUENTIAL, minTimeout=250, maxTimeout=30000}}
03:48:39.438 [raft-server-system-partition-1] TRACE i.a.p.raft.roles.FollowerRole - RaftServer{system-partition-1}{role=FOLLOWER} - Sending AppendResponse{status=OK, term=1, succeeded=true, lastLogIndex=58}
03:48:39.438 [raft-server-system-partition-1] TRACE i.a.p.raft.roles.LeaderAppender - RaftServer{system-partition-1} - Received AppendResponse{status=OK, term=1, succeeded=true, lastLogIndex=58} from 1
03:48:39.438 [raft-server-system-partition-1] TRACE i.a.p.raft.roles.LeaderAppender - RaftServer{system-partition-1} - Committed entries up to 58
03:48:39.469 [raft-server-system-partition-1] TRACE i.a.p.raft.roles.LeaderAppender - RaftServer{system-partition-1} - Received AppendResponse{status=OK, term=1, succeeded=true, lastLogIndex=58} from 2
03:48:39.469 [raft-server-system-partition-1-state] TRACE i.a.p.raft.impl.RaftServiceManager - RaftServer{system-partition-1} - Applying Indexed{index=58, entry=OpenSessionEntry{term=1, timestamp=2018-06-10 03:48:39,437, node=10, serviceName=atomix-primary-elector, serviceType=PRIMARY_ELECTOR, serviceConfig=byte[]{length=2, hash=2636}, readConsistency=SEQUENTIAL, minTimeout=250, maxTimeout=30000}}
03:48:39.469 [raft-server-system-partition-1-state] DEBUG i.a.p.r.service.RaftServiceContext - PrimitiveService{2}{type=PrimaryElectorType{name=PRIMARY_ELECTOR}, name=atomix-primary-elector} - Opening session 58
03:48:39.469 [raft-server-system-partition-1-state] DEBUG i.a.p.raft.session.RaftSession - Session{58}{type=PrimaryElectorType{name=PRIMARY_ELECTOR}, name=atomix-primary-elector} - State changed: OPEN
03:48:39.469 [raft-server-system-partition-1-state] TRACE i.a.protocols.raft.roles.LeaderRole - RaftServer{system-partition-1}{role=LEADER} - Sending OpenSessionResponse{status=OK, session=58, timeout=30000}
03:48:39.469 [raft-server-system-partition-1] TRACE i.a.p.raft.roles.FollowerRole - RaftServer{system-partition-1}{role=FOLLOWER} - Sending OpenSessionResponse{status=OK, session=58, timeout=30000}
03:48:39.470 [raft-client-system-partition-1-1] TRACE i.a.p.r.s.impl.RaftSessionConnection - RaftClient{system-partition-1} - Received OpenSessionResponse{status=OK, session=58, timeout=30000} from 2
03:48:39.470 [raft-client-system-partition-1-0] TRACE i.a.p.r.s.impl.RaftSessionManager - RaftClient{system-partition-1} - Keeping 1 sessions alive
03:48:39.470 [raft-client-system-partition-1-2] TRACE i.a.p.r.s.impl.RaftSessionConnection - RaftClient{system-partition-1} - Sending KeepAliveRequest{sessionIds=long[]{length=1, hash=89}, commandSequences=long[]{length=1, hash=31}, eventIndexes=long[]{length=1, hash=89}} to 2
03:48:39.471 [raft-client-system-partition-1-4] DEBUG i.a.p.r.s.impl.RaftSessionManager - RaftClient{system-partition-1} - Opening session; name: session-id, type: SessionIdGeneratorType{name=SESSION_ID_GENERATOR}
03:48:39.471 [raft-server-system-partition-1] TRACE i.a.p.raft.roles.FollowerRole - RaftServer{system-partition-1}{role=FOLLOWER} - Received KeepAliveRequest{sessionIds=long[]{length=1, hash=89}, commandSequences=long[]{length=1, hash=31}, eventIndexes=long[]{length=1, hash=89}}
03:48:39.471 [raft-server-system-partition-1] TRACE i.a.protocols.raft.roles.LeaderRole - RaftServer{system-partition-1}{role=LEADER} - Received KeepAliveRequest{sessionIds=long[]{length=1, hash=89}, commandSequences=long[]{length=1, hash=31}, eventIndexes=long[]{length=1, hash=89}}
03:48:39.471 [raft-server-system-partition-1] TRACE i.a.protocols.raft.roles.LeaderRole - RaftServer{system-partition-1}{role=LEADER} - Appended Indexed{index=59, entry=KeepAliveEntry{term=1, timestamp=2018-06-10 03:48:39,471, sessionIds=long[]{length=1, hash=89}, commandSequences=long[]{length=1, hash=31}, eventIndexes=long[]{length=1, hash=89}}}
03:48:39.471 [raft-server-system-partition-1] TRACE i.a.p.raft.roles.LeaderAppender - RaftServer{system-partition-1} - Sending AppendRequest{term=1, leader=3, prevLogIndex=58, prevLogTerm=1, entries=1, commitIndex=58} to 2
03:48:39.471 [raft-server-system-partition-1] TRACE i.a.p.raft.roles.LeaderAppender - RaftServer{system-partition-1} - Sending AppendRequest{term=1, leader=3, prevLogIndex=58, prevLogTerm=1, entries=1, commitIndex=58} to 1
03:48:39.472 [raft-server-system-partition-1] TRACE i.a.p.raft.roles.FollowerRole - RaftServer{system-partition-1}{role=FOLLOWER} - Received AppendRequest{term=1, leader=3, prevLogIndex=58, prevLogTerm=1, entries=1, commitIndex=58}
03:48:39.472 [raft-server-system-partition-1] TRACE i.a.p.raft.roles.FollowerRole - RaftServer{system-partition-1}{role=FOLLOWER} - Received AppendRequest{term=1, leader=3, prevLogIndex=58, prevLogTerm=1, entries=1, commitIndex=58}
03:48:39.472 [raft-server-system-partition-1] TRACE i.a.p.raft.roles.FollowerRole - RaftServer{system-partition-1}{role=FOLLOWER} - Appended Indexed{index=59, entry=KeepAliveEntry{term=1, timestamp=2018-06-10 03:48:39,471, sessionIds=long[]{length=1, hash=89}, commandSequences=long[]{length=1, hash=31}, eventIndexes=long[]{length=1, hash=89}}}
03:48:39.472 [raft-server-system-partition-1] TRACE i.a.p.raft.roles.FollowerRole - RaftServer{system-partition-1}{role=FOLLOWER} - Appended Indexed{index=59, entry=KeepAliveEntry{term=1, timestamp=2018-06-10 03:48:39,471, sessionIds=long[]{length=1, hash=89}, commandSequences=long[]{length=1, hash=31}, eventIndexes=long[]{length=1, hash=89}}}
03:48:39.472 [raft-client-system-partition-1-1] TRACE i.a.p.r.s.impl.RaftSessionConnection - RaftClient{system-partition-1} - Sending OpenSessionRequest{node=10, serviceName=session-id, serviceType=SESSION_ID_GENERATOR, readConsistency=SEQUENTIAL, minTimeout=250, maxTimeout=30000} to 2
03:48:39.484 [raft-server-raft-partition-1] TRACE i.a.p.raft.roles.LeaderAppender - RaftServer{raft-partition-1} - Sending AppendRequest{term=1, leader=2, prevLogIndex=1, prevLogTerm=1, entries=0, commitIndex=1} to 3
03:48:39.484 [raft-server-raft-partition-1] TRACE i.a.p.raft.roles.LeaderAppender - RaftServer{raft-partition-1} - Sending AppendRequest{term=1, leader=2, prevLogIndex=1, prevLogTerm=1, entries=0, commitIndex=1} to 1
03:48:39.484 [raft-server-raft-partition-1] TRACE i.a.p.raft.roles.FollowerRole - RaftServer{raft-partition-1}{role=FOLLOWER} - Received AppendRequest{term=1, leader=2, prevLogIndex=1, prevLogTerm=1, entries=0, commitIndex=1}
03:48:39.484 [raft-server-raft-partition-1] TRACE i.a.p.raft.roles.FollowerRole - RaftServer{raft-partition-1}{role=FOLLOWER} - Sending AppendResponse{status=OK, term=1, succeeded=true, lastLogIndex=1}
03:48:39.484 [raft-server-raft-partition-1] TRACE i.a.p.raft.roles.FollowerRole - RaftServer{raft-partition-1}{role=FOLLOWER} - Received AppendRequest{term=1, leader=2, prevLogIndex=1, prevLogTerm=1, entries=0, commitIndex=1}
03:48:39.484 [raft-server-raft-partition-1] TRACE i.a.p.raft.roles.FollowerRole - RaftServer{raft-partition-1}{role=FOLLOWER} - Sending AppendResponse{status=OK, term=1, succeeded=true, lastLogIndex=1}
03:48:39.484 [raft-server-raft-partition-1] TRACE i.a.p.raft.roles.LeaderAppender - RaftServer{raft-partition-1} - Received AppendResponse{status=OK, term=1, succeeded=true, lastLogIndex=1} from 3
03:48:39.484 [raft-server-raft-partition-1] TRACE i.a.p.raft.roles.LeaderAppender - RaftServer{raft-partition-1} - Sending AppendRequest{term=1, leader=2, prevLogIndex=1, prevLogTerm=1, entries=0, commitIndex=1} to 3
03:48:39.484 [raft-server-raft-partition-1] TRACE i.a.p.raft.roles.LeaderAppender - RaftServer{raft-partition-1} - Received AppendResponse{status=OK, term=1, succeeded=true, lastLogIndex=1} from 1
03:48:39.484 [raft-server-raft-partition-1] TRACE i.a.p.raft.roles.LeaderAppender - RaftServer{raft-partition-1} - Sending AppendRequest{term=1, leader=2, prevLogIndex=1, prevLogTerm=1, entries=0, commitIndex=1} to 1
03:48:39.484 [raft-server-raft-partition-1] TRACE i.a.p.raft.roles.FollowerRole - RaftServer{raft-partition-1}{role=FOLLOWER} - Received AppendRequest{term=1, leader=2, prevLogIndex=1, prevLogTerm=1, entries=0, commitIndex=1}
03:48:39.484 [raft-server-raft-partition-1] TRACE i.a.p.raft.roles.FollowerRole - RaftServer{raft-partition-1}{role=FOLLOWER} - Sending AppendResponse{status=OK, term=1, succeeded=true, lastLogIndex=1}
03:48:39.484 [raft-server-raft-partition-1] TRACE i.a.p.raft.roles.LeaderAppender - RaftServer{raft-partition-1} - Received AppendResponse{status=OK, term=1, succeeded=true, lastLogIndex=1} from 3
03:48:39.485 [raft-server-raft-partition-1] TRACE i.a.p.raft.roles.LeaderAppender - RaftServer{raft-partition-1} - Sending AppendRequest{term=1, leader=2, prevLogIndex=1, prevLogTerm=1, entries=0, commitIndex=1} to 3
03:48:39.485 [raft-server-raft-partition-1] TRACE i.a.p.raft.roles.FollowerRole - RaftServer{raft-partition-1}{role=FOLLOWER} - Received AppendRequest{term=1, leader=2, prevLogIndex=1, prevLogTerm=1, entries=0, commitIndex=1}
03:48:39.485 [raft-server-raft-partition-1] TRACE i.a.p.raft.roles.FollowerRole - RaftServer{raft-partition-1}{role=FOLLOWER} - Sending AppendResponse{status=OK, term=1, succeeded=true, lastLogIndex=1}
03:48:39.485 [raft-server-raft-partition-1] TRACE i.a.p.raft.roles.FollowerRole - RaftServer{raft-partition-1}{role=FOLLOWER} - Received AppendRequest{term=1, leader=2, prevLogIndex=1, prevLogTerm=1, entries=0, commitIndex=1}
03:48:39.485 [raft-server-raft-partition-1] TRACE i.a.p.raft.roles.FollowerRole - RaftServer{raft-partition-1}{role=FOLLOWER} - Sending AppendResponse{status=OK, term=1, succeeded=true, lastLogIndex=1}
03:48:39.485 [raft-server-raft-partition-1] TRACE i.a.p.raft.roles.LeaderAppender - RaftServer{raft-partition-1} - Received AppendResponse{status=OK, term=1, succeeded=true, lastLogIndex=1} from 1
03:48:39.485 [raft-server-raft-partition-1] TRACE i.a.p.raft.roles.LeaderAppender - RaftServer{raft-partition-1} - Sending AppendRequest{term=1, leader=2, prevLogIndex=1, prevLogTerm=1, entries=0, commitIndex=1} to 1
03:48:39.485 [raft-server-raft-partition-1] TRACE i.a.p.raft.roles.LeaderAppender - RaftServer{raft-partition-1} - Received AppendResponse{status=OK, term=1, succeeded=true, lastLogIndex=1} from 3
03:48:39.485 [raft-server-raft-partition-1] TRACE i.a.p.raft.roles.FollowerRole - RaftServer{raft-partition-1}{role=FOLLOWER} - Received AppendRequest{term=1, leader=2, prevLogIndex=1, prevLogTerm=1, entries=0, commitIndex=1}
03:48:39.485 [raft-server-raft-partition-1] TRACE i.a.p.raft.roles.FollowerRole - RaftServer{raft-partition-1}{role=FOLLOWER} - Sending AppendResponse{status=OK, term=1, succeeded=true, lastLogIndex=1}
03:48:39.485 [raft-server-raft-partition-1] TRACE i.a.p.raft.roles.LeaderAppender - RaftServer{raft-partition-1} - Received AppendResponse{status=OK, term=1, succeeded=true, lastLogIndex=1} from 1
03:48:39.502 [raft-server-system-partition-1] TRACE i.a.p.raft.roles.FollowerRole - RaftServer{system-partition-1}{role=FOLLOWER} - Committed entries up to index 58
03:48:39.502 [raft-server-system-partition-1] TRACE i.a.p.raft.roles.FollowerRole - RaftServer{system-partition-1}{role=FOLLOWER} - Sending AppendResponse{status=OK, term=1, succeeded=true, lastLogIndex=59}
03:48:39.502 [raft-server-system-partition-1] TRACE i.a.p.raft.roles.FollowerRole - RaftServer{system-partition-1}{role=FOLLOWER} - Received OpenSessionRequest{node=10, serviceName=session-id, serviceType=SESSION_ID_GENERATOR, readConsistency=SEQUENTIAL, minTimeout=250, maxTimeout=30000}
03:48:39.502 [raft-server-system-partition-1-state] TRACE i.a.p.raft.impl.RaftServiceManager - RaftServer{system-partition-1} - Applying Indexed{index=58, entry=OpenSessionEntry{term=1, timestamp=2018-06-10 03:48:39,437, node=10, serviceName=atomix-primary-elector, serviceType=PRIMARY_ELECTOR, serviceConfig=byte[]{length=2, hash=2636}, readConsistency=SEQUENTIAL, minTimeout=250, maxTimeout=30000}}
03:48:39.502 [raft-server-system-partition-1] TRACE i.a.p.raft.roles.LeaderAppender - RaftServer{system-partition-1} - Received AppendResponse{status=OK, term=1, succeeded=true, lastLogIndex=59} from 2
03:48:39.502 [raft-server-system-partition-1-state] DEBUG i.a.p.r.service.RaftServiceContext - PrimitiveService{2}{type=PrimaryElectorType{name=PRIMARY_ELECTOR}, name=atomix-primary-elector} - Opening session 58
03:48:39.502 [raft-server-system-partition-1] TRACE i.a.p.raft.roles.LeaderAppender - RaftServer{system-partition-1} - Committed entries up to 59
03:48:39.502 [raft-server-system-partition-1-state] DEBUG i.a.p.raft.session.RaftSession - Session{58}{type=PrimaryElectorType{name=PRIMARY_ELECTOR}, name=atomix-primary-elector} - State changed: OPEN
03:48:39.502 [raft-server-system-partition-1] TRACE i.a.protocols.raft.roles.LeaderRole - RaftServer{system-partition-1}{role=LEADER} - Received OpenSessionRequest{node=10, serviceName=session-id, serviceType=SESSION_ID_GENERATOR, readConsistency=SEQUENTIAL, minTimeout=250, maxTimeout=30000}
03:48:39.502 [raft-server-system-partition-1] TRACE i.a.protocols.raft.roles.LeaderRole - RaftServer{system-partition-1}{role=LEADER} - Appended Indexed{index=60, entry=OpenSessionEntry{term=1, timestamp=2018-06-10 03:48:39,502, node=10, serviceName=session-id, serviceType=SESSION_ID_GENERATOR, serviceConfig=byte[]{length=2, hash=2636}, readConsistency=SEQUENTIAL, minTimeout=250, maxTimeout=30000}}
03:48:39.503 [raft-server-system-partition-1] TRACE i.a.p.raft.roles.LeaderAppender - RaftServer{system-partition-1} - Sending AppendRequest{term=1, leader=3, prevLogIndex=59, prevLogTerm=1, entries=1, commitIndex=59} to 2
03:48:39.503 [raft-server-system-partition-1-state] TRACE i.a.p.raft.impl.RaftServiceManager - RaftServer{system-partition-1} - Applying Indexed{index=59, entry=KeepAliveEntry{term=1, timestamp=2018-06-10 03:48:39,471, sessionIds=long[]{length=1, hash=89}, commandSequences=long[]{length=1, hash=31}, eventIndexes=long[]{length=1, hash=89}}}
03:48:39.503 [raft-server-system-partition-1] TRACE i.a.protocols.raft.roles.LeaderRole - RaftServer{system-partition-1}{role=LEADER} - Sending KeepAliveResponse{status=OK, leader=3, members=[2, 3, 1], sessionIds=long[]{length=1, hash=89}}
03:48:39.503 [raft-server-system-partition-1] TRACE i.a.p.raft.roles.FollowerRole - RaftServer{system-partition-1}{role=FOLLOWER} - Received AppendRequest{term=1, leader=3, prevLogIndex=59, prevLogTerm=1, entries=1, commitIndex=59}
03:48:39.503 [raft-server-system-partition-1] TRACE i.a.p.raft.roles.FollowerRole - RaftServer{system-partition-1}{role=FOLLOWER} - Appended Indexed{index=60, entry=OpenSessionEntry{term=1, timestamp=2018-06-10 03:48:39,502, node=10, serviceName=session-id, serviceType=SESSION_ID_GENERATOR, serviceConfig=byte[]{length=2, hash=2636}, readConsistency=SEQUENTIAL, minTimeout=250, maxTimeout=30000}}
03:48:39.522 [raft-server-system-partition-1] TRACE i.a.p.raft.roles.LeaderAppender - RaftServer{system-partition-1} - Sending AppendRequest{term=1, leader=3, prevLogIndex=59, prevLogTerm=1, entries=1, commitIndex=59} to 1
03:48:39.525 [raft-server-system-partition-1] TRACE i.a.p.raft.roles.FollowerRole - RaftServer{system-partition-1}{role=FOLLOWER} - Committed entries up to index 58
03:48:39.525 [raft-server-system-partition-1] TRACE i.a.p.raft.roles.FollowerRole - RaftServer{system-partition-1}{role=FOLLOWER} - Sending AppendResponse{status=OK, term=1, succeeded=true, lastLogIndex=59}
03:48:39.525 [raft-server-system-partition-1] TRACE i.a.p.raft.roles.FollowerRole - RaftServer{system-partition-1}{role=FOLLOWER} - Received AppendRequest{term=1, leader=3, prevLogIndex=59, prevLogTerm=1, entries=1, commitIndex=59}
03:48:39.525 [raft-server-system-partition-1] TRACE i.a.p.raft.roles.FollowerRole - RaftServer{system-partition-1}{role=FOLLOWER} - Appended Indexed{index=60, entry=OpenSessionEntry{term=1, timestamp=2018-06-10 03:48:39,502, node=10, serviceName=session-id, serviceType=SESSION_ID_GENERATOR, serviceConfig=byte[]{length=2, hash=2636}, readConsistency=SEQUENTIAL, minTimeout=250, maxTimeout=30000}}
03:48:39.526 [raft-server-system-partition-1] TRACE i.a.p.raft.roles.LeaderAppender - RaftServer{system-partition-1} - Received AppendResponse{status=OK, term=1, succeeded=true, lastLogIndex=59} from 1
03:48:39.549 [raft-server-system-partition-1] TRACE i.a.p.raft.roles.FollowerRole - RaftServer{system-partition-1}{role=FOLLOWER} - Committed entries up to index 59
03:48:39.549 [raft-server-system-partition-1] TRACE i.a.p.raft.roles.FollowerRole - RaftServer{system-partition-1}{role=FOLLOWER} - Sending AppendResponse{status=OK, term=1, succeeded=true, lastLogIndex=60}
03:48:39.549 [raft-server-system-partition-1] TRACE i.a.p.raft.roles.FollowerRole - RaftServer{system-partition-1}{role=FOLLOWER} - Sending KeepAliveResponse{status=OK, leader=3, members=[2, 3, 1], sessionIds=long[]{length=1, hash=89}}
03:48:39.549 [raft-server-system-partition-1] TRACE i.a.p.raft.roles.LeaderAppender - RaftServer{system-partition-1} - Received AppendResponse{status=OK, term=1, succeeded=true, lastLogIndex=60} from 2
03:48:39.549 [raft-server-system-partition-1-state] TRACE i.a.p.raft.impl.RaftServiceManager - RaftServer{system-partition-1} - Applying Indexed{index=59, entry=KeepAliveEntry{term=1, timestamp=2018-06-10 03:48:39,471, sessionIds=long[]{length=1, hash=89}, commandSequences=long[]{length=1, hash=31}, eventIndexes=long[]{length=1, hash=89}}}
03:48:39.549 [raft-server-system-partition-1] TRACE i.a.p.raft.roles.LeaderAppender - RaftServer{system-partition-1} - Committed entries up to 60
03:48:39.549 [raft-client-system-partition-1-0] TRACE i.a.p.r.s.impl.RaftSessionConnection - RaftClient{system-partition-1} - Received KeepAliveResponse{status=OK, leader=3, members=[2, 3, 1], sessionIds=long[]{length=1, hash=89}} from 2
03:48:39.566 [raft-server-system-partition-1] TRACE i.a.p.raft.roles.FollowerRole - RaftServer{system-partition-1}{role=FOLLOWER} - Committed entries up to index 59
03:48:39.566 [raft-server-system-partition-1] TRACE i.a.p.raft.roles.FollowerRole - RaftServer{system-partition-1}{role=FOLLOWER} - Sending AppendResponse{status=OK, term=1, succeeded=true, lastLogIndex=60}
03:48:39.566 [raft-server-system-partition-1-state] TRACE i.a.p.raft.impl.RaftServiceManager - RaftServer{system-partition-1} - Applying Indexed{index=58, entry=OpenSessionEntry{term=1, timestamp=2018-06-10 03:48:39,437, node=10, serviceName=atomix-primary-elector, serviceType=PRIMARY_ELECTOR, serviceConfig=byte[]{length=2, hash=2636}, readConsistency=SEQUENTIAL, minTimeout=250, maxTimeout=30000}}
03:48:39.566 [raft-server-system-partition-1-state] DEBUG i.a.p.r.service.RaftServiceContext - PrimitiveService{2}{type=PrimaryElectorType{name=PRIMARY_ELECTOR}, name=atomix-primary-elector} - Opening session 58
03:48:39.566 [raft-server-system-partition-1-state] DEBUG i.a.p.raft.session.RaftSession - Session{58}{type=PrimaryElectorType{name=PRIMARY_ELECTOR}, name=atomix-primary-elector} - State changed: OPEN
03:48:39.566 [raft-server-system-partition-1-state] TRACE i.a.p.raft.impl.RaftServiceManager - RaftServer{system-partition-1} - Applying Indexed{index=59, entry=KeepAliveEntry{term=1, timestamp=2018-06-10 03:48:39,471, sessionIds=long[]{length=1, hash=89}, commandSequences=long[]{length=1, hash=31}, eventIndexes=long[]{length=1, hash=89}}}
03:48:39.582 [raft-server-system-partition-1] TRACE i.a.p.raft.roles.LeaderAppender - RaftServer{system-partition-1} - Sending AppendRequest{term=1, leader=3, prevLogIndex=60, prevLogTerm=1, entries=0, commitIndex=60} to 2
03:48:39.582 [raft-server-system-partition-1] TRACE i.a.p.raft.roles.LeaderAppender - RaftServer{system-partition-1} - Received AppendResponse{status=OK, term=1, succeeded=true, lastLogIndex=60} from 1
03:48:39.582 [raft-server-system-partition-1] TRACE i.a.p.raft.roles.LeaderAppender - RaftServer{system-partition-1} - Sending AppendRequest{term=1, leader=3, prevLogIndex=60, prevLogTerm=1, entries=0, commitIndex=60} to 1
03:48:39.582 [raft-server-system-partition-1-state] TRACE i.a.p.raft.impl.RaftServiceManager - RaftServer{system-partition-1} - Applying Indexed{index=60, entry=OpenSessionEntry{term=1, timestamp=2018-06-10 03:48:39,502, node=10, serviceName=session-id, serviceType=SESSION_ID_GENERATOR, serviceConfig=byte[]{length=2, hash=2636}, readConsistency=SEQUENTIAL, minTimeout=250, maxTimeout=30000}}
03:48:39.583 [raft-server-system-partition-1-state] DEBUG i.a.p.r.service.RaftServiceContext - PrimitiveService{4}{type=SessionIdGeneratorType{name=SESSION_ID_GENERATOR}, name=session-id} - Opening session 60
03:48:39.583 [raft-server-system-partition-1] TRACE i.a.p.raft.roles.FollowerRole - RaftServer{system-partition-1}{role=FOLLOWER} - Received AppendRequest{term=1, leader=3, prevLogIndex=60, prevLogTerm=1, entries=0, commitIndex=60}
03:48:39.583 [raft-server-system-partition-1-state] DEBUG i.a.p.raft.session.RaftSession - Session{60}{type=SessionIdGeneratorType{name=SESSION_ID_GENERATOR}, name=session-id} - State changed: OPEN
03:48:39.583 [raft-server-system-partition-1] TRACE i.a.p.raft.roles.FollowerRole - RaftServer{system-partition-1}{role=FOLLOWER} - Received AppendRequest{term=1, leader=3, prevLogIndex=60, prevLogTerm=1, entries=0, commitIndex=60}
03:48:39.583 [raft-server-system-partition-1] TRACE i.a.p.raft.roles.FollowerRole - RaftServer{system-partition-1}{role=FOLLOWER} - Committed entries up to index 60
03:48:39.583 [raft-server-system-partition-1] TRACE i.a.p.raft.roles.FollowerRole - RaftServer{system-partition-1}{role=FOLLOWER} - Committed entries up to index 60
03:48:39.583 [raft-server-system-partition-1-state] TRACE i.a.protocols.raft.roles.LeaderRole - RaftServer{system-partition-1}{role=LEADER} - Sending OpenSessionResponse{status=OK, session=60, timeout=30000}
03:48:39.583 [raft-server-system-partition-1] TRACE i.a.p.raft.roles.FollowerRole - RaftServer{system-partition-1}{role=FOLLOWER} - Sending AppendResponse{status=OK, term=1, succeeded=true, lastLogIndex=60}
03:48:39.583 [raft-server-system-partition-1] TRACE i.a.p.raft.roles.FollowerRole - RaftServer{system-partition-1}{role=FOLLOWER} - Sending AppendResponse{status=OK, term=1, succeeded=true, lastLogIndex=60}
03:48:39.583 [raft-server-system-partition-1-state] TRACE i.a.p.raft.impl.RaftServiceManager - RaftServer{system-partition-1} - Applying Indexed{index=60, entry=OpenSessionEntry{term=1, timestamp=2018-06-10 03:48:39,502, node=10, serviceName=session-id, serviceType=SESSION_ID_GENERATOR, serviceConfig=byte[]{length=2, hash=2636}, readConsistency=SEQUENTIAL, minTimeout=250, maxTimeout=30000}}
03:48:39.583 [raft-server-system-partition-1-state] DEBUG i.a.p.r.service.RaftServiceContext - PrimitiveService{4}{type=SessionIdGeneratorType{name=SESSION_ID_GENERATOR}, name=session-id} - Opening session 60
03:48:39.583 [raft-server-system-partition-1-state] DEBUG i.a.p.raft.session.RaftSession - Session{60}{type=SessionIdGeneratorType{name=SESSION_ID_GENERATOR}, name=session-id} - State changed: OPEN
03:48:39.583 [raft-server-system-partition-1] TRACE i.a.p.raft.roles.FollowerRole - RaftServer{system-partition-1}{role=FOLLOWER} - Sending OpenSessionResponse{status=OK, session=60, timeout=30000}
03:48:39.583 [raft-server-system-partition-1-state] TRACE i.a.p.raft.impl.RaftServiceManager - RaftServer{system-partition-1} - Applying Indexed{index=60, entry=OpenSessionEntry{term=1, timestamp=2018-06-10 03:48:39,502, node=10, serviceName=session-id, serviceType=SESSION_ID_GENERATOR, serviceConfig=byte[]{length=2, hash=2636}, readConsistency=SEQUENTIAL, minTimeout=250, maxTimeout=30000}}
03:48:39.583 [raft-server-system-partition-1] TRACE i.a.p.raft.roles.LeaderAppender - RaftServer{system-partition-1} - Received AppendResponse{status=OK, term=1, succeeded=true, lastLogIndex=60} from 1
03:48:39.583 [raft-server-system-partition-1-state] DEBUG i.a.p.r.service.RaftServiceContext - PrimitiveService{4}{type=SessionIdGeneratorType{name=SESSION_ID_GENERATOR}, name=session-id} - Opening session 60
03:48:39.583 [raft-server-system-partition-1] TRACE i.a.p.raft.roles.LeaderAppender - RaftServer{system-partition-1} - Received AppendResponse{status=OK, term=1, succeeded=true, lastLogIndex=60} from 2
03:48:39.583 [raft-server-system-partition-1-state] DEBUG i.a.p.raft.session.RaftSession - Session{60}{type=SessionIdGeneratorType{name=SESSION_ID_GENERATOR}, name=session-id} - State changed: OPEN
03:48:39.583 [raft-client-system-partition-1-5] TRACE i.a.p.r.s.impl.RaftSessionConnection - RaftClient{system-partition-1} - Received OpenSessionResponse{status=OK, session=60, timeout=30000} from 2
03:48:39.584 [raft-client-system-partition-1-5] TRACE i.a.p.r.s.impl.RaftSessionManager - RaftClient{system-partition-1} - Keeping 2 sessions alive
03:48:39.584 [raft-client-system-partition-1-1] TRACE i.a.p.r.s.impl.RaftSessionConnection - RaftClient{system-partition-1} - Sending KeepAliveRequest{sessionIds=long[]{length=2, hash=2819}, commandSequences=long[]{length=2, hash=961}, eventIndexes=long[]{length=2, hash=2819}} to 2
03:48:39.584 [raft-server-system-partition-1] TRACE i.a.p.raft.roles.FollowerRole - RaftServer{system-partition-1}{role=FOLLOWER} - Received KeepAliveRequest{sessionIds=long[]{length=2, hash=2819}, commandSequences=long[]{length=2, hash=961}, eventIndexes=long[]{length=2, hash=2819}}
03:48:39.584 [raft-client-system-partition-1-5] INFO  i.a.p.b.p.i.PrimaryBackupPartitionClient - Successfully started client for PartitionId{id=1, group=data}
03:48:39.584 [raft-client-system-partition-1-5] INFO  i.a.p.b.p.i.PrimaryBackupPartitionClient - Successfully started client for PartitionId{id=3, group=data}
03:48:39.584 [raft-server-system-partition-1] TRACE i.a.protocols.raft.roles.LeaderRole - RaftServer{system-partition-1}{role=LEADER} - Received KeepAliveRequest{sessionIds=long[]{length=2, hash=2819}, commandSequences=long[]{length=2, hash=961}, eventIndexes=long[]{length=2, hash=2819}}
03:48:39.584 [raft-client-system-partition-1-5] INFO  i.a.p.b.p.i.PrimaryBackupPartitionClient - Successfully started client for PartitionId{id=2, group=data}
03:48:39.584 [raft-server-system-partition-1] TRACE i.a.protocols.raft.roles.LeaderRole - RaftServer{system-partition-1}{role=LEADER} - Appended Indexed{index=61, entry=KeepAliveEntry{term=1, timestamp=2018-06-10 03:48:39,584, sessionIds=long[]{length=2, hash=2819}, commandSequences=long[]{length=2, hash=961}, eventIndexes=long[]{length=2, hash=2819}}}
03:48:39.584 [raft-client-system-partition-1-5] INFO  i.a.p.b.p.i.PrimaryBackupPartitionClient - Successfully started client for PartitionId{id=5, group=data}
03:48:39.584 [raft-server-system-partition-1] TRACE i.a.p.raft.roles.LeaderAppender - RaftServer{system-partition-1} - Sending AppendRequest{term=1, leader=3, prevLogIndex=60, prevLogTerm=1, entries=1, commitIndex=60} to 2
03:48:39.584 [raft-client-system-partition-1-5] INFO  i.a.p.b.p.i.PrimaryBackupPartitionClient - Successfully started client for PartitionId{id=4, group=data}
03:48:39.584 [raft-server-system-partition-1] TRACE i.a.p.raft.roles.LeaderAppender - RaftServer{system-partition-1} - Sending AppendRequest{term=1, leader=3, prevLogIndex=60, prevLogTerm=1, entries=1, commitIndex=60} to 1
03:48:39.584 [raft-client-system-partition-1-5] INFO  i.a.p.b.p.i.PrimaryBackupPartitionClient - Successfully started client for PartitionId{id=7, group=data}
03:48:39.584 [raft-client-system-partition-1-5] INFO  i.a.p.b.p.i.PrimaryBackupPartitionClient - Successfully started client for PartitionId{id=6, group=data}
03:48:39.585 [raft-client-system-partition-1-5] INFO  i.a.p.b.p.PrimaryBackupPartitionGroup - Started
03:48:39.585 [raft-server-system-partition-1] TRACE i.a.p.raft.roles.FollowerRole - RaftServer{system-partition-1}{role=FOLLOWER} - Received AppendRequest{term=1, leader=3, prevLogIndex=60, prevLogTerm=1, entries=1, commitIndex=60}
03:48:39.585 [raft-server-system-partition-1] TRACE i.a.p.raft.roles.FollowerRole - RaftServer{system-partition-1}{role=FOLLOWER} - Received AppendRequest{term=1, leader=3, prevLogIndex=60, prevLogTerm=1, entries=1, commitIndex=60}
03:48:39.585 [raft-server-system-partition-1] TRACE i.a.p.raft.roles.FollowerRole - RaftServer{system-partition-1}{role=FOLLOWER} - Appended Indexed{index=61, entry=KeepAliveEntry{term=1, timestamp=2018-06-10 03:48:39,584, sessionIds=long[]{length=2, hash=2819}, commandSequences=long[]{length=2, hash=961}, eventIndexes=long[]{length=2, hash=2819}}}
03:48:39.585 [raft-server-system-partition-1] TRACE i.a.p.raft.roles.FollowerRole - RaftServer{system-partition-1}{role=FOLLOWER} - Appended Indexed{index=61, entry=KeepAliveEntry{term=1, timestamp=2018-06-10 03:48:39,584, sessionIds=long[]{length=2, hash=2819}, commandSequences=long[]{length=2, hash=961}, eventIndexes=long[]{length=2, hash=2819}}}
03:48:39.585 [raft-server-system-partition-1] TRACE i.a.p.raft.roles.FollowerRole - RaftServer{system-partition-1}{role=FOLLOWER} - Sending AppendResponse{status=OK, term=1, succeeded=true, lastLogIndex=61}
03:48:39.585 [raft-server-system-partition-1] TRACE i.a.p.raft.roles.FollowerRole - RaftServer{system-partition-1}{role=FOLLOWER} - Sending AppendResponse{status=OK, term=1, succeeded=true, lastLogIndex=61}
03:48:39.585 [raft-server-system-partition-1] TRACE i.a.p.raft.roles.LeaderAppender - RaftServer{system-partition-1} - Received AppendResponse{status=OK, term=1, succeeded=true, lastLogIndex=61} from 2
03:48:39.585 [raft-server-system-partition-1] TRACE i.a.p.raft.roles.LeaderAppender - RaftServer{system-partition-1} - Committed entries up to 61
03:48:39.585 [raft-client-raft-partition-1-0] INFO  i.a.p.r.p.impl.RaftPartitionClient - Successfully started client for partition PartitionId{id=1, group=raft}
03:48:39.586 [raft-client-raft-partition-2-0] INFO  i.a.p.r.p.impl.RaftPartitionClient - Successfully started client for partition PartitionId{id=2, group=raft}
03:48:39.586 [raft-client-raft-partition-3-0] INFO  i.a.p.r.p.impl.RaftPartitionClient - Successfully started client for partition PartitionId{id=3, group=raft}
03:48:39.586 [raft-client-raft-partition-3-0] INFO  i.a.p.r.partition.RaftPartitionGroup - Started
03:48:39.586 [raft-client-raft-partition-3-0] INFO  i.a.p.p.impl.DefaultPartitionService - Started
03:48:39.588 [atomix-0] DEBUG i.a.p.r.s.impl.RaftSessionManager - RaftClient{system-partition-1} - Opening session; name: primitives, type: ConsistentMapType{name=consistent-map}
03:48:39.590 [raft-client-system-partition-1-6] TRACE i.a.p.r.s.impl.RaftSessionConnection - RaftClient{system-partition-1} - Sending OpenSessionRequest{node=10, serviceName=primitives, serviceType=consistent-map, readConsistency=SEQUENTIAL, minTimeout=250, maxTimeout=30000} to 2
03:48:39.590 [raft-server-system-partition-1] TRACE i.a.p.raft.roles.FollowerRole - RaftServer{system-partition-1}{role=FOLLOWER} - Received OpenSessionRequest{node=10, serviceName=primitives, serviceType=consistent-map, readConsistency=SEQUENTIAL, minTimeout=250, maxTimeout=30000}
03:48:39.612 [raft-server-raft-partition-2] TRACE i.a.p.raft.roles.LeaderAppender - RaftServer{raft-partition-2} - Sending AppendRequest{term=1, leader=2, prevLogIndex=9, prevLogTerm=1, entries=0, commitIndex=9} to 3
03:48:39.612 [raft-server-raft-partition-2] TRACE i.a.p.raft.roles.LeaderAppender - RaftServer{raft-partition-2} - Sending AppendRequest{term=1, leader=2, prevLogIndex=9, prevLogTerm=1, entries=0, commitIndex=9} to 1
03:48:39.612 [raft-server-raft-partition-2] TRACE i.a.p.raft.roles.FollowerRole - RaftServer{raft-partition-2}{role=FOLLOWER} - Received AppendRequest{term=1, leader=2, prevLogIndex=9, prevLogTerm=1, entries=0, commitIndex=9}
03:48:39.612 [raft-server-raft-partition-2] TRACE i.a.p.raft.roles.FollowerRole - RaftServer{raft-partition-2}{role=FOLLOWER} - Sending AppendResponse{status=OK, term=1, succeeded=true, lastLogIndex=9}
03:48:39.612 [raft-server-raft-partition-2] TRACE i.a.p.raft.roles.FollowerRole - RaftServer{raft-partition-2}{role=FOLLOWER} - Received AppendRequest{term=1, leader=2, prevLogIndex=9, prevLogTerm=1, entries=0, commitIndex=9}
03:48:39.612 [raft-server-raft-partition-2] TRACE i.a.p.raft.roles.FollowerRole - RaftServer{raft-partition-2}{role=FOLLOWER} - Sending AppendResponse{status=OK, term=1, succeeded=true, lastLogIndex=9}
03:48:39.612 [raft-server-raft-partition-2] TRACE i.a.p.raft.roles.LeaderAppender - RaftServer{raft-partition-2} - Received AppendResponse{status=OK, term=1, succeeded=true, lastLogIndex=9} from 3
03:48:39.612 [raft-server-raft-partition-2] TRACE i.a.p.raft.roles.LeaderAppender - RaftServer{raft-partition-2} - Sending AppendRequest{term=1, leader=2, prevLogIndex=9, prevLogTerm=1, entries=0, commitIndex=9} to 3
03:48:39.612 [raft-server-raft-partition-2] TRACE i.a.p.raft.roles.LeaderAppender - RaftServer{raft-partition-2} - Received AppendResponse{status=OK, term=1, succeeded=true, lastLogIndex=9} from 1
03:48:39.612 [raft-server-raft-partition-2] TRACE i.a.p.raft.roles.LeaderAppender - RaftServer{raft-partition-2} - Sending AppendRequest{term=1, leader=2, prevLogIndex=9, prevLogTerm=1, entries=0, commitIndex=9} to 1
03:48:39.612 [raft-server-raft-partition-2] TRACE i.a.p.raft.roles.FollowerRole - RaftServer{raft-partition-2}{role=FOLLOWER} - Received AppendRequest{term=1, leader=2, prevLogIndex=9, prevLogTerm=1, entries=0, commitIndex=9}
03:48:39.612 [raft-server-raft-partition-2] TRACE i.a.p.raft.roles.FollowerRole - RaftServer{raft-partition-2}{role=FOLLOWER} - Sending AppendResponse{status=OK, term=1, succeeded=true, lastLogIndex=9}
03:48:39.612 [raft-server-raft-partition-2] TRACE i.a.p.raft.roles.FollowerRole - RaftServer{raft-partition-2}{role=FOLLOWER} - Received AppendRequest{term=1, leader=2, prevLogIndex=9, prevLogTerm=1, entries=0, commitIndex=9}
03:48:39.612 [raft-server-raft-partition-2] TRACE i.a.p.raft.roles.FollowerRole - RaftServer{raft-partition-2}{role=FOLLOWER} - Sending AppendResponse{status=OK, term=1, succeeded=true, lastLogIndex=9}
03:48:39.612 [raft-server-raft-partition-2] TRACE i.a.p.raft.roles.LeaderAppender - RaftServer{raft-partition-2} - Received AppendResponse{status=OK, term=1, succeeded=true, lastLogIndex=9} from 3
03:48:39.612 [raft-server-raft-partition-2] TRACE i.a.p.raft.roles.LeaderAppender - RaftServer{raft-partition-2} - Sending AppendRequest{term=1, leader=2, prevLogIndex=9, prevLogTerm=1, entries=0, commitIndex=9} to 3
03:48:39.612 [raft-server-raft-partition-2] TRACE i.a.p.raft.roles.LeaderAppender - RaftServer{raft-partition-2} - Received AppendResponse{status=OK, term=1, succeeded=true, lastLogIndex=9} from 1
03:48:39.612 [raft-server-raft-partition-2] TRACE i.a.p.raft.roles.LeaderAppender - RaftServer{raft-partition-2} - Sending AppendRequest{term=1, leader=2, prevLogIndex=9, prevLogTerm=1, entries=0, commitIndex=9} to 1
03:48:39.613 [raft-server-raft-partition-2] TRACE i.a.p.raft.roles.FollowerRole - RaftServer{raft-partition-2}{role=FOLLOWER} - Received AppendRequest{term=1, leader=2, prevLogIndex=9, prevLogTerm=1, entries=0, commitIndex=9}
03:48:39.613 [raft-server-raft-partition-2] TRACE i.a.p.raft.roles.FollowerRole - RaftServer{raft-partition-2}{role=FOLLOWER} - Sending AppendResponse{status=OK, term=1, succeeded=true, lastLogIndex=9}
03:48:39.613 [raft-server-raft-partition-2] TRACE i.a.p.raft.roles.LeaderAppender - RaftServer{raft-partition-2} - Received AppendResponse{status=OK, term=1, succeeded=true, lastLogIndex=9} from 3
03:48:39.613 [raft-server-raft-partition-2] TRACE i.a.p.raft.roles.FollowerRole - RaftServer{raft-partition-2}{role=FOLLOWER} - Received AppendRequest{term=1, leader=2, prevLogIndex=9, prevLogTerm=1, entries=0, commitIndex=9}
03:48:39.613 [raft-server-raft-partition-2] TRACE i.a.p.raft.roles.LeaderAppender - RaftServer{raft-partition-2} - Sending AppendRequest{term=1, leader=2, prevLogIndex=9, prevLogTerm=1, entries=0, commitIndex=9} to 3
03:48:39.613 [raft-server-raft-partition-2] TRACE i.a.p.raft.roles.FollowerRole - RaftServer{raft-partition-2}{role=FOLLOWER} - Sending AppendResponse{status=OK, term=1, succeeded=true, lastLogIndex=9}
03:48:39.613 [raft-server-raft-partition-2] TRACE i.a.p.raft.roles.FollowerRole - RaftServer{raft-partition-2}{role=FOLLOWER} - Received AppendRequest{term=1, leader=2, prevLogIndex=9, prevLogTerm=1, entries=0, commitIndex=9}
03:48:39.613 [raft-server-raft-partition-2] TRACE i.a.p.raft.roles.FollowerRole - RaftServer{raft-partition-2}{role=FOLLOWER} - Sending AppendResponse{status=OK, term=1, succeeded=true, lastLogIndex=9}
03:48:39.613 [raft-server-raft-partition-2] TRACE i.a.p.raft.roles.LeaderAppender - RaftServer{raft-partition-2} - Received AppendResponse{status=OK, term=1, succeeded=true, lastLogIndex=9} from 1
03:48:39.613 [raft-server-raft-partition-2] TRACE i.a.p.raft.roles.LeaderAppender - RaftServer{raft-partition-2} - Sending AppendRequest{term=1, leader=2, prevLogIndex=9, prevLogTerm=1, entries=0, commitIndex=9} to 1
03:48:39.613 [raft-server-raft-partition-2] TRACE i.a.p.raft.roles.LeaderAppender - RaftServer{raft-partition-2} - Received AppendResponse{status=OK, term=1, succeeded=true, lastLogIndex=9} from 3
03:48:39.613 [raft-server-raft-partition-2] TRACE i.a.p.raft.roles.FollowerRole - RaftServer{raft-partition-2}{role=FOLLOWER} - Received AppendRequest{term=1, leader=2, prevLogIndex=9, prevLogTerm=1, entries=0, commitIndex=9}
03:48:39.613 [raft-server-raft-partition-2] TRACE i.a.p.raft.roles.FollowerRole - RaftServer{raft-partition-2}{role=FOLLOWER} - Sending AppendResponse{status=OK, term=1, succeeded=true, lastLogIndex=9}
03:48:39.613 [raft-server-raft-partition-2] TRACE i.a.p.raft.roles.LeaderAppender - RaftServer{raft-partition-2} - Received AppendResponse{status=OK, term=1, succeeded=true, lastLogIndex=9} from 1
03:48:39.616 [raft-server-system-partition-1] TRACE i.a.p.raft.roles.LeaderAppender - RaftServer{system-partition-1} - Received AppendResponse{status=OK, term=1, succeeded=true, lastLogIndex=61} from 1
03:48:39.616 [raft-server-system-partition-1] TRACE i.a.protocols.raft.roles.LeaderRole - RaftServer{system-partition-1}{role=LEADER} - Received OpenSessionRequest{node=10, serviceName=primitives, serviceType=consistent-map, readConsistency=SEQUENTIAL, minTimeout=250, maxTimeout=30000}
03:48:39.616 [raft-server-system-partition-1] TRACE i.a.protocols.raft.roles.LeaderRole - RaftServer{system-partition-1}{role=LEADER} - Appended Indexed{index=62, entry=OpenSessionEntry{term=1, timestamp=2018-06-10 03:48:39,616, node=10, serviceName=primitives, serviceType=consistent-map, serviceConfig=byte[]{length=2, hash=2636}, readConsistency=SEQUENTIAL, minTimeout=250, maxTimeout=30000}}
03:48:39.616 [raft-server-system-partition-1] TRACE i.a.p.raft.roles.LeaderAppender - RaftServer{system-partition-1} - Sending AppendRequest{term=1, leader=3, prevLogIndex=61, prevLogTerm=1, entries=1, commitIndex=61} to 2
03:48:39.616 [raft-server-system-partition-1-state] TRACE i.a.p.raft.impl.RaftServiceManager - RaftServer{system-partition-1} - Applying Indexed{index=61, entry=KeepAliveEntry{term=1, timestamp=2018-06-10 03:48:39,584, sessionIds=long[]{length=2, hash=2819}, commandSequences=long[]{length=2, hash=961}, eventIndexes=long[]{length=2, hash=2819}}}
03:48:39.616 [raft-server-system-partition-1] TRACE i.a.p.raft.roles.LeaderAppender - RaftServer{system-partition-1} - Sending AppendRequest{term=1, leader=3, prevLogIndex=61, prevLogTerm=1, entries=1, commitIndex=61} to 1
03:48:39.616 [raft-server-system-partition-1] TRACE i.a.protocols.raft.roles.LeaderRole - RaftServer{system-partition-1}{role=LEADER} - Sending KeepAliveResponse{status=OK, leader=3, members=[2, 3, 1], sessionIds=long[]{length=2, hash=2819}}
03:48:39.616 [raft-server-system-partition-1] TRACE i.a.p.raft.roles.FollowerRole - RaftServer{system-partition-1}{role=FOLLOWER} - Received AppendRequest{term=1, leader=3, prevLogIndex=61, prevLogTerm=1, entries=1, commitIndex=61}
03:48:39.616 [raft-server-system-partition-1] TRACE i.a.p.raft.roles.FollowerRole - RaftServer{system-partition-1}{role=FOLLOWER} - Received AppendRequest{term=1, leader=3, prevLogIndex=61, prevLogTerm=1, entries=1, commitIndex=61}
03:48:39.616 [raft-server-system-partition-1] TRACE i.a.p.raft.roles.FollowerRole - RaftServer{system-partition-1}{role=FOLLOWER} - Appended Indexed{index=62, entry=OpenSessionEntry{term=1, timestamp=2018-06-10 03:48:39,616, node=10, serviceName=primitives, serviceType=consistent-map, serviceConfig=byte[]{length=2, hash=2636}, readConsistency=SEQUENTIAL, minTimeout=250, maxTimeout=30000}}
03:48:39.616 [raft-server-system-partition-1] TRACE i.a.p.raft.roles.FollowerRole - RaftServer{system-partition-1}{role=FOLLOWER} - Appended Indexed{index=62, entry=OpenSessionEntry{term=1, timestamp=2018-06-10 03:48:39,616, node=10, serviceName=primitives, serviceType=consistent-map, serviceConfig=byte[]{length=2, hash=2636}, readConsistency=SEQUENTIAL, minTimeout=250, maxTimeout=30000}}
03:48:39.652 [raft-server-system-partition-1] TRACE i.a.p.raft.roles.FollowerRole - RaftServer{system-partition-1}{role=FOLLOWER} - Committed entries up to index 61
03:48:39.652 [raft-server-system-partition-1] TRACE i.a.p.raft.roles.FollowerRole - RaftServer{system-partition-1}{role=FOLLOWER} - Sending AppendResponse{status=OK, term=1, succeeded=true, lastLogIndex=62}
03:48:39.652 [raft-server-system-partition-1-state] TRACE i.a.p.raft.impl.RaftServiceManager - RaftServer{system-partition-1} - Applying Indexed{index=61, entry=KeepAliveEntry{term=1, timestamp=2018-06-10 03:48:39,584, sessionIds=long[]{length=2, hash=2819}, commandSequences=long[]{length=2, hash=961}, eventIndexes=long[]{length=2, hash=2819}}}
03:48:39.652 [raft-server-system-partition-1] TRACE i.a.p.raft.roles.LeaderAppender - RaftServer{system-partition-1} - Received AppendResponse{status=OK, term=1, succeeded=true, lastLogIndex=62} from 1
03:48:39.652 [raft-server-system-partition-1] TRACE i.a.p.raft.roles.LeaderAppender - RaftServer{system-partition-1} - Committed entries up to 62
03:48:39.652 [raft-server-system-partition-1-state] TRACE i.a.p.raft.impl.RaftServiceManager - RaftServer{system-partition-1} - Applying Indexed{index=62, entry=OpenSessionEntry{term=1, timestamp=2018-06-10 03:48:39,616, node=10, serviceName=primitives, serviceType=consistent-map, serviceConfig=byte[]{length=2, hash=2636}, readConsistency=SEQUENTIAL, minTimeout=250, maxTimeout=30000}}
03:48:39.653 [raft-server-system-partition-1-state] DEBUG i.a.p.r.service.RaftServiceContext - PrimitiveService{29}{type=ConsistentMapType{name=consistent-map}, name=primitives} - Opening session 62
03:48:39.653 [raft-server-system-partition-1-state] DEBUG i.a.p.raft.session.RaftSession - Session{62}{type=ConsistentMapType{name=consistent-map}, name=primitives} - State changed: OPEN
03:48:39.653 [raft-server-system-partition-1-state] TRACE i.a.protocols.raft.roles.LeaderRole - RaftServer{system-partition-1}{role=LEADER} - Sending OpenSessionResponse{status=OK, session=62, timeout=30000}
03:48:39.677 [raft-server-system-partition-1] TRACE i.a.p.raft.roles.FollowerRole - RaftServer{system-partition-1}{role=FOLLOWER} - Committed entries up to index 61
03:48:39.677 [raft-server-system-partition-1] TRACE i.a.p.raft.roles.FollowerRole - RaftServer{system-partition-1}{role=FOLLOWER} - Sending AppendResponse{status=OK, term=1, succeeded=true, lastLogIndex=62}
03:48:39.677 [raft-server-system-partition-1] TRACE i.a.p.raft.roles.FollowerRole - RaftServer{system-partition-1}{role=FOLLOWER} - Sending KeepAliveResponse{status=OK, leader=3, members=[2, 3, 1], sessionIds=long[]{length=2, hash=2819}}
03:48:39.677 [raft-server-system-partition-1] TRACE i.a.p.raft.roles.FollowerRole - RaftServer{system-partition-1}{role=FOLLOWER} - Sending OpenSessionResponse{status=OK, session=62, timeout=30000}
03:48:39.677 [raft-server-system-partition-1-state] TRACE i.a.p.raft.impl.RaftServiceManager - RaftServer{system-partition-1} - Applying Indexed{index=61, entry=KeepAliveEntry{term=1, timestamp=2018-06-10 03:48:39,584, sessionIds=long[]{length=2, hash=2819}, commandSequences=long[]{length=2, hash=961}, eventIndexes=long[]{length=2, hash=2819}}}
03:48:39.677 [raft-server-system-partition-1] TRACE i.a.p.raft.roles.LeaderAppender - RaftServer{system-partition-1} - Received AppendResponse{status=OK, term=1, succeeded=true, lastLogIndex=62} from 2
03:48:39.677 [raft-client-system-partition-1-7] TRACE i.a.p.r.s.impl.RaftSessionConnection - RaftClient{system-partition-1} - Received KeepAliveResponse{status=OK, leader=3, members=[2, 3, 1], sessionIds=long[]{length=2, hash=2819}} from 2
03:48:39.677 [raft-client-system-partition-1-7] TRACE i.a.p.r.s.impl.RaftSessionConnection - RaftClient{system-partition-1} - Received OpenSessionResponse{status=OK, session=62, timeout=30000} from 2
03:48:39.677 [raft-client-system-partition-1-7] TRACE i.a.p.r.s.impl.RaftSessionManager - RaftClient{system-partition-1} - Keeping 3 sessions alive
03:48:39.678 [raft-client-system-partition-1-2] TRACE i.a.p.r.s.impl.RaftSessionConnection - RaftClient{system-partition-1} - Sending KeepAliveRequest{sessionIds=long[]{length=3, hash=87451}, commandSequences=long[]{length=3, hash=29791}, eventIndexes=long[]{length=3, hash=87451}} to 2
03:48:39.678 [raft-server-system-partition-1] TRACE i.a.p.raft.roles.FollowerRole - RaftServer{system-partition-1}{role=FOLLOWER} - Received KeepAliveRequest{sessionIds=long[]{length=3, hash=87451}, commandSequences=long[]{length=3, hash=29791}, eventIndexes=long[]{length=3, hash=87451}}
03:48:39.678 [raft-server-system-partition-1] TRACE i.a.protocols.raft.roles.LeaderRole - RaftServer{system-partition-1}{role=LEADER} - Received KeepAliveRequest{sessionIds=long[]{length=3, hash=87451}, commandSequences=long[]{length=3, hash=29791}, eventIndexes=long[]{length=3, hash=87451}}
03:48:39.678 [raft-server-system-partition-1] TRACE i.a.protocols.raft.roles.LeaderRole - RaftServer{system-partition-1}{role=LEADER} - Appended Indexed{index=63, entry=KeepAliveEntry{term=1, timestamp=2018-06-10 03:48:39,678, sessionIds=long[]{length=3, hash=87451}, commandSequences=long[]{length=3, hash=29791}, eventIndexes=long[]{length=3, hash=87451}}}
03:48:39.678 [raft-server-system-partition-1] TRACE i.a.p.raft.roles.LeaderAppender - RaftServer{system-partition-1} - Sending AppendRequest{term=1, leader=3, prevLogIndex=62, prevLogTerm=1, entries=1, commitIndex=62} to 2
03:48:39.678 [raft-server-system-partition-1] TRACE i.a.p.raft.roles.LeaderAppender - RaftServer{system-partition-1} - Sending AppendRequest{term=1, leader=3, prevLogIndex=62, prevLogTerm=1, entries=1, commitIndex=62} to 1
03:48:39.678 [raft-server-system-partition-1] TRACE i.a.p.raft.roles.FollowerRole - RaftServer{system-partition-1}{role=FOLLOWER} - Received AppendRequest{term=1, leader=3, prevLogIndex=62, prevLogTerm=1, entries=1, commitIndex=62}
03:48:39.679 [raft-server-system-partition-1] TRACE i.a.p.raft.roles.FollowerRole - RaftServer{system-partition-1}{role=FOLLOWER} - Appended Indexed{index=63, entry=KeepAliveEntry{term=1, timestamp=2018-06-10 03:48:39,678, sessionIds=long[]{length=3, hash=87451}, commandSequences=long[]{length=3, hash=29791}, eventIndexes=long[]{length=3, hash=87451}}}
03:48:39.679 [raft-server-system-partition-1] TRACE i.a.p.raft.roles.FollowerRole - RaftServer{system-partition-1}{role=FOLLOWER} - Received AppendRequest{term=1, leader=3, prevLogIndex=62, prevLogTerm=1, entries=1, commitIndex=62}
03:48:39.679 [raft-server-system-partition-1] TRACE i.a.p.raft.roles.FollowerRole - RaftServer{system-partition-1}{role=FOLLOWER} - Appended Indexed{index=63, entry=KeepAliveEntry{term=1, timestamp=2018-06-10 03:48:39,678, sessionIds=long[]{length=3, hash=87451}, commandSequences=long[]{length=3, hash=29791}, eventIndexes=long[]{length=3, hash=87451}}}
03:48:39.680 [raft-client-system-partition-1-2] TRACE i.a.p.r.s.impl.RaftSessionConnection - SessionClient{62}{type=ConsistentMapType{name=consistent-map}, name=primitives} - Sending CommandRequest{session=62, sequence=1, operation=PrimitiveOperation{id=DefaultOperationId{id=putIfAbsentWithTtl, type=COMMAND}, value=byte[]{length=45, hash=-655357269}}} to 3
03:48:39.681 [raft-server-system-partition-1] TRACE i.a.protocols.raft.roles.LeaderRole - RaftServer{system-partition-1}{role=LEADER} - Received CommandRequest{session=62, sequence=1, operation=PrimitiveOperation{id=DefaultOperationId{id=putIfAbsentWithTtl, type=COMMAND}, value=byte[]{length=45, hash=-655357269}}}
03:48:39.682 [raft-server-system-partition-1] TRACE i.a.protocols.raft.roles.LeaderRole - RaftServer{system-partition-1}{role=LEADER} - Appended Indexed{index=64, entry=CommandEntry{term=1, timestamp=2018-06-10 03:48:39,681, session=62, sequence=1, operation=PrimitiveOperation{id=DefaultOperationId{id=putIfAbsentWithTtl, type=COMMAND}, value=byte[]{length=45, hash=-655357269}}}}
03:48:39.686 [raft-server-raft-partition-3] TRACE i.a.p.raft.roles.LeaderAppender - RaftServer{raft-partition-3} - Sending AppendRequest{term=1, leader=2, prevLogIndex=1, prevLogTerm=1, entries=0, commitIndex=1} to 3
03:48:39.687 [raft-server-raft-partition-3] TRACE i.a.p.raft.roles.LeaderAppender - RaftServer{raft-partition-3} - Sending AppendRequest{term=1, leader=2, prevLogIndex=1, prevLogTerm=1, entries=0, commitIndex=1} to 1
03:48:39.687 [raft-server-raft-partition-3] TRACE i.a.p.raft.roles.FollowerRole - RaftServer{raft-partition-3}{role=FOLLOWER} - Received AppendRequest{term=1, leader=2, prevLogIndex=1, prevLogTerm=1, entries=0, commitIndex=1}
03:48:39.687 [raft-server-raft-partition-3] TRACE i.a.p.raft.roles.FollowerRole - RaftServer{raft-partition-3}{role=FOLLOWER} - Received AppendRequest{term=1, leader=2, prevLogIndex=1, prevLogTerm=1, entries=0, commitIndex=1}
03:48:39.687 [raft-server-raft-partition-3] TRACE i.a.p.raft.roles.FollowerRole - RaftServer{raft-partition-3}{role=FOLLOWER} - Sending AppendResponse{status=OK, term=1, succeeded=true, lastLogIndex=1}
03:48:39.687 [raft-server-raft-partition-3] TRACE i.a.p.raft.roles.FollowerRole - RaftServer{raft-partition-3}{role=FOLLOWER} - Sending AppendResponse{status=OK, term=1, succeeded=true, lastLogIndex=1}
03:48:39.687 [raft-server-raft-partition-3] TRACE i.a.p.raft.roles.LeaderAppender - RaftServer{raft-partition-3} - Received AppendResponse{status=OK, term=1, succeeded=true, lastLogIndex=1} from 3
03:48:39.687 [raft-server-raft-partition-3] TRACE i.a.p.raft.roles.LeaderAppender - RaftServer{raft-partition-3} - Sending AppendRequest{term=1, leader=2, prevLogIndex=1, prevLogTerm=1, entries=0, commitIndex=1} to 3
03:48:39.687 [raft-server-raft-partition-3] TRACE i.a.p.raft.roles.LeaderAppender - RaftServer{raft-partition-3} - Received AppendResponse{status=OK, term=1, succeeded=true, lastLogIndex=1} from 1
03:48:39.687 [raft-server-raft-partition-3] TRACE i.a.p.raft.roles.FollowerRole - RaftServer{raft-partition-3}{role=FOLLOWER} - Received AppendRequest{term=1, leader=2, prevLogIndex=1, prevLogTerm=1, entries=0, commitIndex=1}
03:48:39.687 [raft-server-raft-partition-3] TRACE i.a.p.raft.roles.FollowerRole - RaftServer{raft-partition-3}{role=FOLLOWER} - Sending AppendResponse{status=OK, term=1, succeeded=true, lastLogIndex=1}
03:48:39.687 [raft-server-raft-partition-3] TRACE i.a.p.raft.roles.LeaderAppender - RaftServer{raft-partition-3} - Received AppendResponse{status=OK, term=1, succeeded=true, lastLogIndex=1} from 3
03:48:39.710 [raft-server-system-partition-1] TRACE i.a.p.raft.roles.FollowerRole - RaftServer{system-partition-1}{role=FOLLOWER} - Committed entries up to index 62
03:48:39.710 [raft-server-system-partition-1] TRACE i.a.p.raft.roles.FollowerRole - RaftServer{system-partition-1}{role=FOLLOWER} - Sending AppendResponse{status=OK, term=1, succeeded=true, lastLogIndex=63}
03:48:39.710 [raft-server-system-partition-1-state] TRACE i.a.p.raft.impl.RaftServiceManager - RaftServer{system-partition-1} - Applying Indexed{index=62, entry=OpenSessionEntry{term=1, timestamp=2018-06-10 03:48:39,616, node=10, serviceName=primitives, serviceType=consistent-map, serviceConfig=byte[]{length=2, hash=2636}, readConsistency=SEQUENTIAL, minTimeout=250, maxTimeout=30000}}
03:48:39.710 [raft-server-system-partition-1-state] DEBUG i.a.p.r.service.RaftServiceContext - PrimitiveService{29}{type=ConsistentMapType{name=consistent-map}, name=primitives} - Opening session 62
03:48:39.711 [raft-server-system-partition-1-state] DEBUG i.a.p.raft.session.RaftSession - Session{62}{type=ConsistentMapType{name=consistent-map}, name=primitives} - State changed: OPEN
03:48:39.711 [raft-server-system-partition-1] TRACE i.a.p.raft.roles.LeaderAppender - RaftServer{system-partition-1} - Received AppendResponse{status=OK, term=1, succeeded=true, lastLogIndex=63} from 1
03:48:39.711 [raft-server-system-partition-1] TRACE i.a.p.raft.roles.LeaderAppender - RaftServer{system-partition-1} - Committed entries up to 63
03:48:39.734 [raft-server-raft-partition-1] TRACE i.a.p.raft.roles.LeaderAppender - RaftServer{raft-partition-1} - Sending AppendRequest{term=1, leader=2, prevLogIndex=1, prevLogTerm=1, entries=0, commitIndex=1} to 3
03:48:39.734 [raft-server-raft-partition-1] TRACE i.a.p.raft.roles.LeaderAppender - RaftServer{raft-partition-1} - Sending AppendRequest{term=1, leader=2, prevLogIndex=1, prevLogTerm=1, entries=0, commitIndex=1} to 1
03:48:39.734 [raft-server-raft-partition-1] TRACE i.a.p.raft.roles.FollowerRole - RaftServer{raft-partition-1}{role=FOLLOWER} - Received AppendRequest{term=1, leader=2, prevLogIndex=1, prevLogTerm=1, entries=0, commitIndex=1}
03:48:39.734 [raft-server-raft-partition-1] TRACE i.a.p.raft.roles.FollowerRole - RaftServer{raft-partition-1}{role=FOLLOWER} - Received AppendRequest{term=1, leader=2, prevLogIndex=1, prevLogTerm=1, entries=0, commitIndex=1}
03:48:39.734 [raft-server-raft-partition-1] TRACE i.a.p.raft.roles.FollowerRole - RaftServer{raft-partition-1}{role=FOLLOWER} - Sending AppendResponse{status=OK, term=1, succeeded=true, lastLogIndex=1}
03:48:39.734 [raft-server-raft-partition-1] TRACE i.a.p.raft.roles.FollowerRole - RaftServer{raft-partition-1}{role=FOLLOWER} - Sending AppendResponse{status=OK, term=1, succeeded=true, lastLogIndex=1}
03:48:39.734 [raft-server-raft-partition-1] TRACE i.a.p.raft.roles.LeaderAppender - RaftServer{raft-partition-1} - Received AppendResponse{status=OK, term=1, succeeded=true, lastLogIndex=1} from 1
03:48:39.734 [raft-server-raft-partition-1] TRACE i.a.p.raft.roles.LeaderAppender - RaftServer{raft-partition-1} - Sending AppendRequest{term=1, leader=2, prevLogIndex=1, prevLogTerm=1, entries=0, commitIndex=1} to 1
03:48:39.734 [raft-server-raft-partition-1] TRACE i.a.p.raft.roles.LeaderAppender - RaftServer{raft-partition-1} - Received AppendResponse{status=OK, term=1, succeeded=true, lastLogIndex=1} from 3
03:48:39.734 [raft-server-raft-partition-1] TRACE i.a.p.raft.roles.LeaderAppender - RaftServer{raft-partition-1} - Sending AppendRequest{term=1, leader=2, prevLogIndex=1, prevLogTerm=1, entries=0, commitIndex=1} to 3
03:48:39.734 [raft-server-raft-partition-1] TRACE i.a.p.raft.roles.FollowerRole - RaftServer{raft-partition-1}{role=FOLLOWER} - Received AppendRequest{term=1, leader=2, prevLogIndex=1, prevLogTerm=1, entries=0, commitIndex=1}
03:48:39.734 [raft-server-raft-partition-1] TRACE i.a.p.raft.roles.FollowerRole - RaftServer{raft-partition-1}{role=FOLLOWER} - Sending AppendResponse{status=OK, term=1, succeeded=true, lastLogIndex=1}
03:48:39.734 [raft-server-raft-partition-1] TRACE i.a.p.raft.roles.FollowerRole - RaftServer{raft-partition-1}{role=FOLLOWER} - Received AppendRequest{term=1, leader=2, prevLogIndex=1, prevLogTerm=1, entries=0, commitIndex=1}
03:48:39.735 [raft-server-raft-partition-1] TRACE i.a.p.raft.roles.FollowerRole - RaftServer{raft-partition-1}{role=FOLLOWER} - Sending AppendResponse{status=OK, term=1, succeeded=true, lastLogIndex=1}
03:48:39.735 [raft-server-raft-partition-1] TRACE i.a.p.raft.roles.LeaderAppender - RaftServer{raft-partition-1} - Received AppendResponse{status=OK, term=1, succeeded=true, lastLogIndex=1} from 3
03:48:39.735 [raft-server-raft-partition-1] TRACE i.a.p.raft.roles.LeaderAppender - RaftServer{raft-partition-1} - Sending AppendRequest{term=1, leader=2, prevLogIndex=1, prevLogTerm=1, entries=0, commitIndex=1} to 3
03:48:39.735 [raft-server-raft-partition-1] TRACE i.a.p.raft.roles.LeaderAppender - RaftServer{raft-partition-1} - Received AppendResponse{status=OK, term=1, succeeded=true, lastLogIndex=1} from 1
03:48:39.735 [raft-server-raft-partition-1] TRACE i.a.p.raft.roles.LeaderAppender - RaftServer{raft-partition-1} - Sending AppendRequest{term=1, leader=2, prevLogIndex=1, prevLogTerm=1, entries=0, commitIndex=1} to 1
03:48:39.735 [raft-server-raft-partition-1] TRACE i.a.p.raft.roles.FollowerRole - RaftServer{raft-partition-1}{role=FOLLOWER} - Received AppendRequest{term=1, leader=2, prevLogIndex=1, prevLogTerm=1, entries=0, commitIndex=1}
03:48:39.735 [raft-server-raft-partition-1] TRACE i.a.p.raft.roles.FollowerRole - RaftServer{raft-partition-1}{role=FOLLOWER} - Sending AppendResponse{status=OK, term=1, succeeded=true, lastLogIndex=1}
03:48:39.735 [raft-server-raft-partition-1] TRACE i.a.p.raft.roles.FollowerRole - RaftServer{raft-partition-1}{role=FOLLOWER} - Received AppendRequest{term=1, leader=2, prevLogIndex=1, prevLogTerm=1, entries=0, commitIndex=1}
03:48:39.735 [raft-server-raft-partition-1] TRACE i.a.p.raft.roles.FollowerRole - RaftServer{raft-partition-1}{role=FOLLOWER} - Sending AppendResponse{status=OK, term=1, succeeded=true, lastLogIndex=1}
03:48:39.735 [raft-server-raft-partition-1] TRACE i.a.p.raft.roles.LeaderAppender - RaftServer{raft-partition-1} - Received AppendResponse{status=OK, term=1, succeeded=true, lastLogIndex=1} from 3
03:48:39.735 [raft-server-raft-partition-1] TRACE i.a.p.raft.roles.LeaderAppender - RaftServer{raft-partition-1} - Received AppendResponse{status=OK, term=1, succeeded=true, lastLogIndex=1} from 1
03:48:39.760 [raft-server-system-partition-1] TRACE i.a.p.raft.roles.FollowerRole - RaftServer{system-partition-1}{role=FOLLOWER} - Committed entries up to index 62
03:48:39.760 [raft-server-system-partition-1] TRACE i.a.p.raft.roles.FollowerRole - RaftServer{system-partition-1}{role=FOLLOWER} - Sending AppendResponse{status=OK, term=1, succeeded=true, lastLogIndex=63}
03:48:39.760 [raft-server-system-partition-1-state] TRACE i.a.p.raft.impl.RaftServiceManager - RaftServer{system-partition-1} - Applying Indexed{index=62, entry=OpenSessionEntry{term=1, timestamp=2018-06-10 03:48:39,616, node=10, serviceName=primitives, serviceType=consistent-map, serviceConfig=byte[]{length=2, hash=2636}, readConsistency=SEQUENTIAL, minTimeout=250, maxTimeout=30000}}
03:48:39.760 [raft-server-system-partition-1-state] DEBUG i.a.p.r.service.RaftServiceContext - PrimitiveService{29}{type=ConsistentMapType{name=consistent-map}, name=primitives} - Opening session 62
03:48:39.760 [raft-server-system-partition-1-state] DEBUG i.a.p.raft.session.RaftSession - Session{62}{type=ConsistentMapType{name=consistent-map}, name=primitives} - State changed: OPEN
03:48:39.785 [raft-server-system-partition-1] TRACE i.a.p.raft.roles.LeaderAppender - RaftServer{system-partition-1} - Sending AppendRequest{term=1, leader=3, prevLogIndex=63, prevLogTerm=1, entries=1, commitIndex=63} to 1
03:48:39.785 [raft-server-system-partition-1] TRACE i.a.p.raft.roles.LeaderAppender - RaftServer{system-partition-1} - Received AppendResponse{status=OK, term=1, succeeded=true, lastLogIndex=63} from 2
03:48:39.785 [raft-server-system-partition-1] TRACE i.a.p.raft.roles.LeaderAppender - RaftServer{system-partition-1} - Sending AppendRequest{term=1, leader=3, prevLogIndex=63, prevLogTerm=1, entries=1, commitIndex=63} to 2
03:48:39.785 [raft-server-system-partition-1-state] TRACE i.a.p.raft.impl.RaftServiceManager - RaftServer{system-partition-1} - Applying Indexed{index=63, entry=KeepAliveEntry{term=1, timestamp=2018-06-10 03:48:39,678, sessionIds=long[]{length=3, hash=87451}, commandSequences=long[]{length=3, hash=29791}, eventIndexes=long[]{length=3, hash=87451}}}
03:48:39.786 [raft-server-system-partition-1] TRACE i.a.p.raft.roles.FollowerRole - RaftServer{system-partition-1}{role=FOLLOWER} - Received AppendRequest{term=1, leader=3, prevLogIndex=63, prevLogTerm=1, entries=1, commitIndex=63}
03:48:39.786 [raft-server-system-partition-1] TRACE i.a.p.raft.roles.FollowerRole - RaftServer{system-partition-1}{role=FOLLOWER} - Received AppendRequest{term=1, leader=3, prevLogIndex=63, prevLogTerm=1, entries=1, commitIndex=63}
03:48:39.786 [raft-server-system-partition-1] TRACE i.a.p.raft.roles.FollowerRole - RaftServer{system-partition-1}{role=FOLLOWER} - Appended Indexed{index=64, entry=CommandEntry{term=1, timestamp=2018-06-10 03:48:39,681, session=62, sequence=1, operation=PrimitiveOperation{id=DefaultOperationId{id=putIfAbsentWithTtl, type=COMMAND}, value=byte[]{length=45, hash=-655357269}}}}
03:48:39.786 [raft-server-system-partition-1] TRACE i.a.p.raft.roles.FollowerRole - RaftServer{system-partition-1}{role=FOLLOWER} - Appended Indexed{index=64, entry=CommandEntry{term=1, timestamp=2018-06-10 03:48:39,681, session=62, sequence=1, operation=PrimitiveOperation{id=DefaultOperationId{id=putIfAbsentWithTtl, type=COMMAND}, value=byte[]{length=45, hash=-655357269}}}}
03:48:39.786 [raft-server-system-partition-1] TRACE i.a.protocols.raft.roles.LeaderRole - RaftServer{system-partition-1}{role=LEADER} - Sending KeepAliveResponse{status=OK, leader=3, members=[2, 3, 1], sessionIds=long[]{length=3, hash=87451}}
03:48:39.818 [raft-server-system-partition-1] TRACE i.a.p.raft.roles.FollowerRole - RaftServer{system-partition-1}{role=FOLLOWER} - Committed entries up to index 63
03:48:39.819 [raft-server-system-partition-1] TRACE i.a.p.raft.roles.FollowerRole - RaftServer{system-partition-1}{role=FOLLOWER} - Sending AppendResponse{status=OK, term=1, succeeded=true, lastLogIndex=64}
03:48:39.819 [raft-server-system-partition-1-state] TRACE i.a.p.raft.impl.RaftServiceManager - RaftServer{system-partition-1} - Applying Indexed{index=63, entry=KeepAliveEntry{term=1, timestamp=2018-06-10 03:48:39,678, sessionIds=long[]{length=3, hash=87451}, commandSequences=long[]{length=3, hash=29791}, eventIndexes=long[]{length=3, hash=87451}}}
03:48:39.819 [raft-server-system-partition-1] TRACE i.a.p.raft.roles.LeaderAppender - RaftServer{system-partition-1} - Received AppendResponse{status=OK, term=1, succeeded=true, lastLogIndex=64} from 1
03:48:39.819 [raft-server-system-partition-1] TRACE i.a.p.raft.roles.LeaderAppender - RaftServer{system-partition-1} - Committed entries up to 64
03:48:39.819 [raft-server-system-partition-1] TRACE i.a.p.raft.roles.LeaderAppender - RaftServer{system-partition-1} - Sending AppendRequest{term=1, leader=3, prevLogIndex=64, prevLogTerm=1, entries=0, commitIndex=64} to 1
03:48:39.819 [raft-server-system-partition-1-state] TRACE i.a.p.raft.impl.RaftServiceManager - RaftServer{system-partition-1} - Applying Indexed{index=64, entry=CommandEntry{term=1, timestamp=2018-06-10 03:48:39,681, session=62, sequence=1, operation=PrimitiveOperation{id=DefaultOperationId{id=putIfAbsentWithTtl, type=COMMAND}, value=byte[]{length=45, hash=-655357269}}}}
03:48:39.819 [raft-server-system-partition-1] TRACE i.a.p.raft.roles.FollowerRole - RaftServer{system-partition-1}{role=FOLLOWER} - Received AppendRequest{term=1, leader=3, prevLogIndex=64, prevLogTerm=1, entries=0, commitIndex=64}
03:48:39.819 [raft-server-system-partition-1-state] TRACE i.a.protocols.raft.roles.LeaderRole - RaftServer{system-partition-1}{role=LEADER} - Sending CommandResponse{status=OK, index=64, eventIndex=62, result=byte[]{length=57, hash=-1287378860}}
03:48:39.819 [raft-server-system-partition-1] TRACE i.a.p.raft.roles.FollowerRole - RaftServer{system-partition-1}{role=FOLLOWER} - Committed entries up to index 64
03:48:39.819 [raft-server-system-partition-1] TRACE i.a.p.raft.roles.FollowerRole - RaftServer{system-partition-1}{role=FOLLOWER} - Sending AppendResponse{status=OK, term=1, succeeded=true, lastLogIndex=64}
03:48:39.819 [raft-server-system-partition-1-state] TRACE i.a.p.raft.impl.RaftServiceManager - RaftServer{system-partition-1} - Applying Indexed{index=64, entry=CommandEntry{term=1, timestamp=2018-06-10 03:48:39,681, session=62, sequence=1, operation=PrimitiveOperation{id=DefaultOperationId{id=putIfAbsentWithTtl, type=COMMAND}, value=byte[]{length=45, hash=-655357269}}}}
03:48:39.820 [raft-server-system-partition-1] TRACE i.a.p.raft.roles.LeaderAppender - RaftServer{system-partition-1} - Received AppendResponse{status=OK, term=1, succeeded=true, lastLogIndex=64} from 1
03:48:39.820 [raft-client-system-partition-1-5] TRACE i.a.p.r.s.impl.RaftSessionConnection - SessionClient{62}{type=ConsistentMapType{name=consistent-map}, name=primitives} - Received CommandResponse{status=OK, index=64, eventIndex=62, result=byte[]{length=57, hash=-1287378860}} from 3
03:48:39.820 [raft-client-system-partition-1-5] TRACE i.a.p.r.s.impl.RaftSessionSequencer - SessionClient{62}{type=ConsistentMapType{name=consistent-map}, name=primitives} - Completing response CommandResponse{status=OK, index=64, eventIndex=62, result=byte[]{length=57, hash=-1287378860}}
03:48:39.822 [raft-client-system-partition-1-5] INFO  i.a.core.impl.CoreTransactionService - Started
03:48:39.822 [raft-client-system-partition-1-5] INFO  i.a.core.impl.CorePrimitivesService - Started
03:48:39.822 [atomix-cluster-0] INFO  io.atomix.cluster.AtomixCluster - Started
03:48:39.823 [raft-client-system-partition-1-0] TRACE i.a.p.r.s.impl.RaftSessionConnection - SessionClient{62}{type=ConsistentMapType{name=consistent-map}, name=primitives} - Sending CommandRequest{session=62, sequence=2, operation=PrimitiveOperation{id=DefaultOperationId{id=putIfAbsentWithTtl, type=COMMAND}, value=byte[]{length=43, hash=628892754}}} to 3
03:48:39.823 [raft-server-system-partition-1] TRACE i.a.protocols.raft.roles.LeaderRole - RaftServer{system-partition-1}{role=LEADER} - Received CommandRequest{session=62, sequence=2, operation=PrimitiveOperation{id=DefaultOperationId{id=putIfAbsentWithTtl, type=COMMAND}, value=byte[]{length=43, hash=628892754}}}
03:48:39.823 [raft-server-system-partition-1] TRACE i.a.protocols.raft.roles.LeaderRole - RaftServer{system-partition-1}{role=LEADER} - Appended Indexed{index=65, entry=CommandEntry{term=1, timestamp=2018-06-10 03:48:39,823, session=62, sequence=2, operation=PrimitiveOperation{id=DefaultOperationId{id=putIfAbsentWithTtl, type=COMMAND}, value=byte[]{length=43, hash=628892754}}}}
03:48:39.824 [raft-server-system-partition-1] TRACE i.a.p.raft.roles.LeaderAppender - RaftServer{system-partition-1} - Sending AppendRequest{term=1, leader=3, prevLogIndex=64, prevLogTerm=1, entries=1, commitIndex=64} to 2
03:48:39.824 [raft-server-system-partition-1] TRACE i.a.p.raft.roles.LeaderAppender - RaftServer{system-partition-1} - Sending AppendRequest{term=1, leader=3, prevLogIndex=64, prevLogTerm=1, entries=1, commitIndex=64} to 1
03:48:39.824 [raft-server-system-partition-1] TRACE i.a.p.raft.roles.FollowerRole - RaftServer{system-partition-1}{role=FOLLOWER} - Received AppendRequest{term=1, leader=3, prevLogIndex=64, prevLogTerm=1, entries=1, commitIndex=64}
03:48:39.824 [raft-server-system-partition-1] TRACE i.a.p.raft.roles.FollowerRole - RaftServer{system-partition-1}{role=FOLLOWER} - Appended Indexed{index=65, entry=CommandEntry{term=1, timestamp=2018-06-10 03:48:39,823, session=62, sequence=2, operation=PrimitiveOperation{id=DefaultOperationId{id=putIfAbsentWithTtl, type=COMMAND}, value=byte[]{length=43, hash=628892754}}}}
03:48:39.824 [raft-server-system-partition-1] TRACE i.a.p.raft.roles.FollowerRole - RaftServer{system-partition-1}{role=FOLLOWER} - Sending AppendResponse{status=OK, term=1, succeeded=true, lastLogIndex=65}
03:48:39.824 [raft-server-system-partition-1] TRACE i.a.p.raft.roles.LeaderAppender - RaftServer{system-partition-1} - Received AppendResponse{status=OK, term=1, succeeded=true, lastLogIndex=65} from 1
03:48:39.824 [raft-server-system-partition-1] TRACE i.a.p.raft.roles.LeaderAppender - RaftServer{system-partition-1} - Committed entries up to 65
03:48:39.844 [raft-server-system-partition-1] TRACE i.a.p.raft.roles.FollowerRole - RaftServer{system-partition-1}{role=FOLLOWER} - Committed entries up to index 63
03:48:39.844 [raft-server-system-partition-1] TRACE i.a.p.raft.roles.FollowerRole - RaftServer{system-partition-1}{role=FOLLOWER} - Sending AppendResponse{status=OK, term=1, succeeded=true, lastLogIndex=64}
03:48:39.844 [raft-server-system-partition-1] TRACE i.a.p.raft.roles.FollowerRole - RaftServer{system-partition-1}{role=FOLLOWER} - Sending KeepAliveResponse{status=OK, leader=3, members=[2, 3, 1], sessionIds=long[]{length=3, hash=87451}}
03:48:39.844 [raft-server-system-partition-1] TRACE i.a.p.raft.roles.FollowerRole - RaftServer{system-partition-1}{role=FOLLOWER} - Received AppendRequest{term=1, leader=3, prevLogIndex=64, prevLogTerm=1, entries=1, commitIndex=64}
03:48:39.845 [raft-server-system-partition-1] TRACE i.a.p.raft.roles.FollowerRole - RaftServer{system-partition-1}{role=FOLLOWER} - Appended Indexed{index=65, entry=CommandEntry{term=1, timestamp=2018-06-10 03:48:39,823, session=62, sequence=2, operation=PrimitiveOperation{id=DefaultOperationId{id=putIfAbsentWithTtl, type=COMMAND}, value=byte[]{length=43, hash=628892754}}}}
03:48:39.845 [raft-client-system-partition-1-7] TRACE i.a.p.r.s.impl.RaftSessionConnection - RaftClient{system-partition-1} - Received KeepAliveResponse{status=OK, leader=3, members=[2, 3, 1], sessionIds=long[]{length=3, hash=87451}} from 2
03:48:39.862 [raft-server-raft-partition-2] TRACE i.a.p.raft.roles.LeaderAppender - RaftServer{raft-partition-2} - Sending AppendRequest{term=1, leader=2, prevLogIndex=9, prevLogTerm=1, entries=0, commitIndex=9} to 3
03:48:39.862 [raft-server-raft-partition-2] TRACE i.a.p.raft.roles.LeaderAppender - RaftServer{raft-partition-2} - Sending AppendRequest{term=1, leader=2, prevLogIndex=9, prevLogTerm=1, entries=0, commitIndex=9} to 1
03:48:39.862 [raft-server-raft-partition-2] TRACE i.a.p.raft.roles.FollowerRole - RaftServer{raft-partition-2}{role=FOLLOWER} - Received AppendRequest{term=1, leader=2, prevLogIndex=9, prevLogTerm=1, entries=0, commitIndex=9}
03:48:39.862 [raft-server-raft-partition-2] TRACE i.a.p.raft.roles.FollowerRole - RaftServer{raft-partition-2}{role=FOLLOWER} - Received AppendRequest{term=1, leader=2, prevLogIndex=9, prevLogTerm=1, entries=0, commitIndex=9}
03:48:39.862 [raft-server-raft-partition-2] TRACE i.a.p.raft.roles.FollowerRole - RaftServer{raft-partition-2}{role=FOLLOWER} - Sending AppendResponse{status=OK, term=1, succeeded=true, lastLogIndex=9}
03:48:39.862 [raft-server-raft-partition-2] TRACE i.a.p.raft.roles.FollowerRole - RaftServer{raft-partition-2}{role=FOLLOWER} - Sending AppendResponse{status=OK, term=1, succeeded=true, lastLogIndex=9}
03:48:39.862 [raft-server-raft-partition-2] TRACE i.a.p.raft.roles.LeaderAppender - RaftServer{raft-partition-2} - Received AppendResponse{status=OK, term=1, succeeded=true, lastLogIndex=9} from 3
03:48:39.862 [raft-server-raft-partition-2] TRACE i.a.p.raft.roles.LeaderAppender - RaftServer{raft-partition-2} - Sending AppendRequest{term=1, leader=2, prevLogIndex=9, prevLogTerm=1, entries=0, commitIndex=9} to 3
03:48:39.862 [raft-server-raft-partition-2] TRACE i.a.p.raft.roles.LeaderAppender - RaftServer{raft-partition-2} - Received AppendResponse{status=OK, term=1, succeeded=true, lastLogIndex=9} from 1
03:48:39.862 [raft-server-raft-partition-2] TRACE i.a.p.raft.roles.LeaderAppender - RaftServer{raft-partition-2} - Sending AppendRequest{term=1, leader=2, prevLogIndex=9, prevLogTerm=1, entries=0, commitIndex=9} to 1
03:48:39.862 [raft-server-raft-partition-2] TRACE i.a.p.raft.roles.FollowerRole - RaftServer{raft-partition-2}{role=FOLLOWER} - Received AppendRequest{term=1, leader=2, prevLogIndex=9, prevLogTerm=1, entries=0, commitIndex=9}
03:48:39.862 [raft-server-raft-partition-2] TRACE i.a.p.raft.roles.FollowerRole - RaftServer{raft-partition-2}{role=FOLLOWER} - Sending AppendResponse{status=OK, term=1, succeeded=true, lastLogIndex=9}
03:48:39.863 [raft-server-raft-partition-2] TRACE i.a.p.raft.roles.FollowerRole - RaftServer{raft-partition-2}{role=FOLLOWER} - Received AppendRequest{term=1, leader=2, prevLogIndex=9, prevLogTerm=1, entries=0, commitIndex=9}
03:48:39.863 [raft-server-raft-partition-2] TRACE i.a.p.raft.roles.FollowerRole - RaftServer{raft-partition-2}{role=FOLLOWER} - Sending AppendResponse{status=OK, term=1, succeeded=true, lastLogIndex=9}
03:48:39.863 [raft-server-raft-partition-2] TRACE i.a.p.raft.roles.LeaderAppender - RaftServer{raft-partition-2} - Received AppendResponse{status=OK, term=1, succeeded=true, lastLogIndex=9} from 3
03:48:39.863 [raft-server-raft-partition-2] TRACE i.a.p.raft.roles.LeaderAppender - RaftServer{raft-partition-2} - Sending AppendRequest{term=1, leader=2, prevLogIndex=9, prevLogTerm=1, entries=0, commitIndex=9} to 3
03:48:39.863 [raft-server-raft-partition-2] TRACE i.a.p.raft.roles.LeaderAppender - RaftServer{raft-partition-2} - Received AppendResponse{status=OK, term=1, succeeded=true, lastLogIndex=9} from 1
03:48:39.863 [raft-server-raft-partition-2] TRACE i.a.p.raft.roles.LeaderAppender - RaftServer{raft-partition-2} - Sending AppendRequest{term=1, leader=2, prevLogIndex=9, prevLogTerm=1, entries=0, commitIndex=9} to 1
03:48:39.863 [raft-server-raft-partition-2] TRACE i.a.p.raft.roles.FollowerRole - RaftServer{raft-partition-2}{role=FOLLOWER} - Received AppendRequest{term=1, leader=2, prevLogIndex=9, prevLogTerm=1, entries=0, commitIndex=9}
03:48:39.863 [raft-server-raft-partition-2] TRACE i.a.p.raft.roles.FollowerRole - RaftServer{raft-partition-2}{role=FOLLOWER} - Sending AppendResponse{status=OK, term=1, succeeded=true, lastLogIndex=9}
03:48:39.863 [raft-server-raft-partition-2] TRACE i.a.p.raft.roles.FollowerRole - RaftServer{raft-partition-2}{role=FOLLOWER} - Received AppendRequest{term=1, leader=2, prevLogIndex=9, prevLogTerm=1, entries=0, commitIndex=9}
03:48:39.863 [raft-server-raft-partition-2] TRACE i.a.p.raft.roles.FollowerRole - RaftServer{raft-partition-2}{role=FOLLOWER} - Sending AppendResponse{status=OK, term=1, succeeded=true, lastLogIndex=9}
03:48:39.863 [raft-server-raft-partition-2] TRACE i.a.p.raft.roles.LeaderAppender - RaftServer{raft-partition-2} - Received AppendResponse{status=OK, term=1, succeeded=true, lastLogIndex=9} from 1
03:48:39.863 [raft-server-raft-partition-2] TRACE i.a.p.raft.roles.LeaderAppender - RaftServer{raft-partition-2} - Received AppendResponse{status=OK, term=1, succeeded=true, lastLogIndex=9} from 3
03:48:39.869 [raft-server-system-partition-1] TRACE i.a.p.raft.roles.FollowerRole - RaftServer{system-partition-1}{role=FOLLOWER} - Committed entries up to index 64
03:48:39.869 [raft-server-system-partition-1] TRACE i.a.p.raft.roles.LeaderAppender - RaftServer{system-partition-1} - Received AppendResponse{status=OK, term=1, succeeded=true, lastLogIndex=64} from 2
03:48:39.869 [raft-server-system-partition-1] TRACE i.a.p.raft.roles.FollowerRole - RaftServer{system-partition-1}{role=FOLLOWER} - Sending AppendResponse{status=OK, term=1, succeeded=true, lastLogIndex=65}
03:48:39.869 [raft-server-system-partition-1-state] TRACE i.a.p.raft.impl.RaftServiceManager - RaftServer{system-partition-1} - Applying Indexed{index=65, entry=CommandEntry{term=1, timestamp=2018-06-10 03:48:39,823, session=62, sequence=2, operation=PrimitiveOperation{id=DefaultOperationId{id=putIfAbsentWithTtl, type=COMMAND}, value=byte[]{length=43, hash=628892754}}}}
03:48:39.869 [raft-server-system-partition-1-state] TRACE i.a.p.raft.impl.RaftServiceManager - RaftServer{system-partition-1} - Applying Indexed{index=63, entry=KeepAliveEntry{term=1, timestamp=2018-06-10 03:48:39,678, sessionIds=long[]{length=3, hash=87451}, commandSequences=long[]{length=3, hash=29791}, eventIndexes=long[]{length=3, hash=87451}}}
03:48:39.869 [raft-server-system-partition-1-state] TRACE i.a.protocols.raft.roles.LeaderRole - RaftServer{system-partition-1}{role=LEADER} - Sending CommandResponse{status=OK, index=65, eventIndex=62, result=byte[]{length=32, hash=-1439714614}}
03:48:39.869 [raft-server-system-partition-1-state] TRACE i.a.p.raft.impl.RaftServiceManager - RaftServer{system-partition-1} - Applying Indexed{index=64, entry=CommandEntry{term=1, timestamp=2018-06-10 03:48:39,681, session=62, sequence=1, operation=PrimitiveOperation{id=DefaultOperationId{id=putIfAbsentWithTtl, type=COMMAND}, value=byte[]{length=45, hash=-655357269}}}}
03:48:39.869 [raft-server-system-partition-1] TRACE i.a.p.raft.roles.LeaderAppender - RaftServer{system-partition-1} - Received AppendResponse{status=OK, term=1, succeeded=true, lastLogIndex=65} from 2
03:48:39.869 [raft-client-system-partition-1-6] TRACE i.a.p.r.s.impl.RaftSessionConnection - SessionClient{62}{type=ConsistentMapType{name=consistent-map}, name=primitives} - Received CommandResponse{status=OK, index=65, eventIndex=62, result=byte[]{length=32, hash=-1439714614}} from 3
03:48:39.869 [raft-client-system-partition-1-6] TRACE i.a.p.r.s.impl.RaftSessionSequencer - SessionClient{62}{type=ConsistentMapType{name=consistent-map}, name=primitives} - Completing response CommandResponse{status=OK, index=65, eventIndex=62, result=byte[]{length=32, hash=-1439714614}}
03:48:39.869 [Time-limited test] DEBUG i.a.p.r.s.impl.RaftSessionManager - RaftClient{raft-partition-3} - Opening session; name: test-semaphore-timeout, type: DistributedSemaphoreType{name=semaphore}
03:48:39.870 [raft-client-raft-partition-3-0] TRACE i.a.p.r.s.impl.RaftSessionConnection - RaftClient{raft-partition-3} - Sending OpenSessionRequest{node=10, serviceName=test-semaphore-timeout, serviceType=semaphore, readConsistency=LINEARIZABLE, minTimeout=250, maxTimeout=30000} to 2
03:48:39.871 [raft-server-raft-partition-3] TRACE i.a.protocols.raft.roles.LeaderRole - RaftServer{raft-partition-3}{role=LEADER} - Received OpenSessionRequest{node=10, serviceName=test-semaphore-timeout, serviceType=semaphore, readConsistency=LINEARIZABLE, minTimeout=250, maxTimeout=30000}
03:48:39.871 [raft-server-raft-partition-3] TRACE i.a.protocols.raft.roles.LeaderRole - RaftServer{raft-partition-3}{role=LEADER} - Appended Indexed{index=2, entry=OpenSessionEntry{term=1, timestamp=2018-06-10 03:48:39,871, node=10, serviceName=test-semaphore-timeout, serviceType=semaphore, serviceConfig=byte[]{length=3, hash=81736}, readConsistency=LINEARIZABLE, minTimeout=250, maxTimeout=30000}}
03:48:39.871 [raft-server-raft-partition-3] TRACE i.a.p.raft.roles.LeaderAppender - RaftServer{raft-partition-3} - Sending AppendRequest{term=1, leader=2, prevLogIndex=1, prevLogTerm=1, entries=1, commitIndex=1} to 3
03:48:39.871 [raft-server-raft-partition-3] TRACE i.a.p.raft.roles.LeaderAppender - RaftServer{raft-partition-3} - Sending AppendRequest{term=1, leader=2, prevLogIndex=1, prevLogTerm=1, entries=1, commitIndex=1} to 1
03:48:39.871 [raft-server-raft-partition-3] TRACE i.a.p.raft.roles.FollowerRole - RaftServer{raft-partition-3}{role=FOLLOWER} - Received AppendRequest{term=1, leader=2, prevLogIndex=1, prevLogTerm=1, entries=1, commitIndex=1}
03:48:39.871 [raft-server-raft-partition-3] TRACE i.a.p.raft.roles.FollowerRole - RaftServer{raft-partition-3}{role=FOLLOWER} - Received AppendRequest{term=1, leader=2, prevLogIndex=1, prevLogTerm=1, entries=1, commitIndex=1}
03:48:39.871 [raft-server-raft-partition-3] TRACE i.a.p.raft.roles.FollowerRole - RaftServer{raft-partition-3}{role=FOLLOWER} - Appended Indexed{index=2, entry=OpenSessionEntry{term=1, timestamp=2018-06-10 03:48:39,871, node=10, serviceName=test-semaphore-timeout, serviceType=semaphore, serviceConfig=byte[]{length=3, hash=81736}, readConsistency=LINEARIZABLE, minTimeout=250, maxTimeout=30000}}
03:48:39.871 [raft-server-raft-partition-3] TRACE i.a.p.raft.roles.FollowerRole - RaftServer{raft-partition-3}{role=FOLLOWER} - Appended Indexed{index=2, entry=OpenSessionEntry{term=1, timestamp=2018-06-10 03:48:39,871, node=10, serviceName=test-semaphore-timeout, serviceType=semaphore, serviceConfig=byte[]{length=3, hash=81736}, readConsistency=LINEARIZABLE, minTimeout=250, maxTimeout=30000}}
03:48:39.871 [raft-server-raft-partition-3] TRACE i.a.p.raft.roles.FollowerRole - RaftServer{raft-partition-3}{role=FOLLOWER} - Sending AppendResponse{status=OK, term=1, succeeded=true, lastLogIndex=2}
03:48:39.871 [raft-server-raft-partition-3] TRACE i.a.p.raft.roles.FollowerRole - RaftServer{raft-partition-3}{role=FOLLOWER} - Sending AppendResponse{status=OK, term=1, succeeded=true, lastLogIndex=2}
03:48:39.871 [raft-server-raft-partition-3] TRACE i.a.p.raft.roles.LeaderAppender - RaftServer{raft-partition-3} - Received AppendResponse{status=OK, term=1, succeeded=true, lastLogIndex=2} from 3
03:48:39.871 [raft-server-raft-partition-3] TRACE i.a.p.raft.roles.LeaderAppender - RaftServer{raft-partition-3} - Committed entries up to 2
03:48:39.894 [raft-server-raft-partition-3] TRACE i.a.p.raft.roles.LeaderAppender - RaftServer{raft-partition-3} - Received AppendResponse{status=OK, term=1, succeeded=true, lastLogIndex=2} from 1
03:48:39.894 [raft-server-raft-partition-3-state] TRACE i.a.p.raft.impl.RaftServiceManager - RaftServer{raft-partition-3} - Applying Indexed{index=2, entry=OpenSessionEntry{term=1, timestamp=2018-06-10 03:48:39,871, node=10, serviceName=test-semaphore-timeout, serviceType=semaphore, serviceConfig=byte[]{length=3, hash=81736}, readConsistency=LINEARIZABLE, minTimeout=250, maxTimeout=30000}}
03:48:39.895 [raft-server-raft-partition-3-state] DEBUG i.a.p.r.service.RaftServiceContext - PrimitiveService{2}{type=DistributedSemaphoreType{name=semaphore}, name=test-semaphore-timeout} - Opening session 2
03:48:39.895 [raft-server-raft-partition-3-state] DEBUG i.a.p.raft.session.RaftSession - Session{2}{type=DistributedSemaphoreType{name=semaphore}, name=test-semaphore-timeout} - State changed: OPEN
03:48:39.895 [raft-server-raft-partition-3-state] TRACE i.a.protocols.raft.roles.LeaderRole - RaftServer{raft-partition-3}{role=LEADER} - Sending OpenSessionResponse{status=OK, session=2, timeout=30000}
03:48:39.896 [raft-client-raft-partition-3-1] TRACE i.a.p.r.s.impl.RaftSessionConnection - RaftClient{raft-partition-3} - Received OpenSessionResponse{status=OK, session=2, timeout=30000} from 2
03:48:39.897 [raft-client-raft-partition-3-0] TRACE i.a.p.r.s.impl.RaftSessionManager - RaftClient{raft-partition-3} - Keeping 1 sessions alive
03:48:39.897 [raft-client-raft-partition-3-2] TRACE i.a.p.r.s.impl.RaftSessionConnection - RaftClient{raft-partition-3} - Sending KeepAliveRequest{sessionIds=long[]{length=1, hash=33}, commandSequences=long[]{length=1, hash=31}, eventIndexes=long[]{length=1, hash=33}} to 2
03:48:39.899 [raft-client-raft-partition-3-6] TRACE i.a.p.r.s.impl.RaftSessionConnection - SessionClient{2}{type=DistributedSemaphoreType{name=semaphore}, name=test-semaphore-timeout} - Sending CommandRequest{session=2, sequence=1, operation=PrimitiveOperation{id=DefaultOperationId{id=acquire, type=COMMAND}, value=byte[]{length=9, hash=-244871365}}} to 2
03:48:39.899 [raft-server-raft-partition-3] TRACE i.a.protocols.raft.roles.LeaderRole - RaftServer{raft-partition-3}{role=LEADER} - Received KeepAliveRequest{sessionIds=long[]{length=1, hash=33}, commandSequences=long[]{length=1, hash=31}, eventIndexes=long[]{length=1, hash=33}}
03:48:39.899 [raft-server-raft-partition-3] TRACE i.a.protocols.raft.roles.LeaderRole - RaftServer{raft-partition-3}{role=LEADER} - Appended Indexed{index=3, entry=KeepAliveEntry{term=1, timestamp=2018-06-10 03:48:39,899, sessionIds=long[]{length=1, hash=33}, commandSequences=long[]{length=1, hash=31}, eventIndexes=long[]{length=1, hash=33}}}
03:48:39.899 [raft-server-raft-partition-3] TRACE i.a.protocols.raft.roles.LeaderRole - RaftServer{raft-partition-3}{role=LEADER} - Received CommandRequest{session=2, sequence=1, operation=PrimitiveOperation{id=DefaultOperationId{id=acquire, type=COMMAND}, value=byte[]{length=9, hash=-244871365}}}
03:48:39.899 [raft-server-raft-partition-3] TRACE i.a.protocols.raft.roles.LeaderRole - RaftServer{raft-partition-3}{role=LEADER} - Appended Indexed{index=4, entry=CommandEntry{term=1, timestamp=2018-06-10 03:48:39,899, session=2, sequence=1, operation=PrimitiveOperation{id=DefaultOperationId{id=acquire, type=COMMAND}, value=byte[]{length=9, hash=-244871365}}}}
03:48:39.899 [raft-server-raft-partition-3] TRACE i.a.p.raft.roles.LeaderAppender - RaftServer{raft-partition-3} - Sending AppendRequest{term=1, leader=2, prevLogIndex=2, prevLogTerm=1, entries=2, commitIndex=2} to 3
03:48:39.900 [raft-server-raft-partition-3] TRACE i.a.p.raft.roles.LeaderAppender - RaftServer{raft-partition-3} - Sending AppendRequest{term=1, leader=2, prevLogIndex=2, prevLogTerm=1, entries=2, commitIndex=2} to 1
03:48:39.901 [raft-server-raft-partition-3] TRACE i.a.p.raft.roles.FollowerRole - RaftServer{raft-partition-3}{role=FOLLOWER} - Received AppendRequest{term=1, leader=2, prevLogIndex=2, prevLogTerm=1, entries=2, commitIndex=2}
03:48:39.901 [raft-server-raft-partition-3] TRACE i.a.p.raft.roles.FollowerRole - RaftServer{raft-partition-3}{role=FOLLOWER} - Appended Indexed{index=3, entry=KeepAliveEntry{term=1, timestamp=2018-06-10 03:48:39,899, sessionIds=long[]{length=1, hash=33}, commandSequences=long[]{length=1, hash=31}, eventIndexes=long[]{length=1, hash=33}}}
03:48:39.901 [raft-server-raft-partition-3] TRACE i.a.p.raft.roles.FollowerRole - RaftServer{raft-partition-3}{role=FOLLOWER} - Appended Indexed{index=4, entry=CommandEntry{term=1, timestamp=2018-06-10 03:48:39,899, session=2, sequence=1, operation=PrimitiveOperation{id=DefaultOperationId{id=acquire, type=COMMAND}, value=byte[]{length=9, hash=-244871365}}}}
03:48:39.904 [raft-server-raft-partition-3] TRACE i.a.p.raft.roles.FollowerRole - RaftServer{raft-partition-3}{role=FOLLOWER} - Received AppendRequest{term=1, leader=2, prevLogIndex=2, prevLogTerm=1, entries=2, commitIndex=2}
03:48:39.904 [raft-server-raft-partition-3] TRACE i.a.p.raft.roles.FollowerRole - RaftServer{raft-partition-3}{role=FOLLOWER} - Appended Indexed{index=3, entry=KeepAliveEntry{term=1, timestamp=2018-06-10 03:48:39,899, sessionIds=long[]{length=1, hash=33}, commandSequences=long[]{length=1, hash=31}, eventIndexes=long[]{length=1, hash=33}}}
03:48:39.904 [raft-server-raft-partition-3] TRACE i.a.p.raft.roles.FollowerRole - RaftServer{raft-partition-3}{role=FOLLOWER} - Appended Indexed{index=4, entry=CommandEntry{term=1, timestamp=2018-06-10 03:48:39,899, session=2, sequence=1, operation=PrimitiveOperation{id=DefaultOperationId{id=acquire, type=COMMAND}, value=byte[]{length=9, hash=-244871365}}}}
03:48:39.932 [raft-server-raft-partition-3] TRACE i.a.p.raft.roles.FollowerRole - RaftServer{raft-partition-3}{role=FOLLOWER} - Committed entries up to index 2
03:48:39.932 [raft-server-raft-partition-3] TRACE i.a.p.raft.roles.FollowerRole - RaftServer{raft-partition-3}{role=FOLLOWER} - Sending AppendResponse{status=OK, term=1, succeeded=true, lastLogIndex=4}
03:48:39.932 [raft-server-raft-partition-3-state] TRACE i.a.p.raft.impl.RaftServiceManager - RaftServer{raft-partition-3} - Applying Indexed{index=2, entry=OpenSessionEntry{term=1, timestamp=2018-06-10 03:48:39,871, node=10, serviceName=test-semaphore-timeout, serviceType=semaphore, serviceConfig=byte[]{length=3, hash=81736}, readConsistency=LINEARIZABLE, minTimeout=250, maxTimeout=30000}}
03:48:39.933 [raft-server-raft-partition-3] TRACE i.a.p.raft.roles.LeaderAppender - RaftServer{raft-partition-3} - Received AppendResponse{status=OK, term=1, succeeded=true, lastLogIndex=4} from 1
03:48:39.933 [raft-server-raft-partition-3] TRACE i.a.p.raft.roles.LeaderAppender - RaftServer{raft-partition-3} - Committed entries up to 4
03:48:39.934 [raft-server-raft-partition-3-state] DEBUG i.a.p.r.service.RaftServiceContext - PrimitiveService{2}{type=DistributedSemaphoreType{name=semaphore}, name=test-semaphore-timeout} - Opening session 2
03:48:39.934 [raft-server-raft-partition-3-state] DEBUG i.a.p.raft.session.RaftSession - Session{2}{type=DistributedSemaphoreType{name=semaphore}, name=test-semaphore-timeout} - State changed: OPEN
03:48:39.952 [raft-server-raft-partition-3] TRACE i.a.p.raft.roles.FollowerRole - RaftServer{raft-partition-3}{role=FOLLOWER} - Committed entries up to index 2
03:48:39.952 [raft-server-raft-partition-3] TRACE i.a.p.raft.roles.FollowerRole - RaftServer{raft-partition-3}{role=FOLLOWER} - Sending AppendResponse{status=OK, term=1, succeeded=true, lastLogIndex=4}
03:48:39.952 [raft-server-raft-partition-3-state] TRACE i.a.p.raft.impl.RaftServiceManager - RaftServer{raft-partition-3} - Applying Indexed{index=2, entry=OpenSessionEntry{term=1, timestamp=2018-06-10 03:48:39,871, node=10, serviceName=test-semaphore-timeout, serviceType=semaphore, serviceConfig=byte[]{length=3, hash=81736}, readConsistency=LINEARIZABLE, minTimeout=250, maxTimeout=30000}}
03:48:39.954 [raft-server-raft-partition-3-state] DEBUG i.a.p.r.service.RaftServiceContext - PrimitiveService{2}{type=DistributedSemaphoreType{name=semaphore}, name=test-semaphore-timeout} - Opening session 2
03:48:39.954 [raft-server-raft-partition-3-state] DEBUG i.a.p.raft.session.RaftSession - Session{2}{type=DistributedSemaphoreType{name=semaphore}, name=test-semaphore-timeout} - State changed: OPEN
03:48:39.969 [raft-server-raft-partition-3] TRACE i.a.p.raft.roles.LeaderAppender - RaftServer{raft-partition-3} - Sending AppendRequest{term=1, leader=2, prevLogIndex=4, prevLogTerm=1, entries=0, commitIndex=4} to 1
03:48:39.969 [raft-server-raft-partition-3] TRACE i.a.p.raft.roles.LeaderAppender - RaftServer{raft-partition-3} - Received AppendResponse{status=OK, term=1, succeeded=true, lastLogIndex=4} from 3
03:48:39.969 [raft-server-raft-partition-3] TRACE i.a.p.raft.roles.LeaderAppender - RaftServer{raft-partition-3} - Sending AppendRequest{term=1, leader=2, prevLogIndex=4, prevLogTerm=1, entries=0, commitIndex=4} to 3
03:48:39.969 [raft-server-raft-partition-3-state] TRACE i.a.p.raft.impl.RaftServiceManager - RaftServer{raft-partition-3} - Applying Indexed{index=3, entry=KeepAliveEntry{term=1, timestamp=2018-06-10 03:48:39,899, sessionIds=long[]{length=1, hash=33}, commandSequences=long[]{length=1, hash=31}, eventIndexes=long[]{length=1, hash=33}}}
03:48:39.969 [raft-server-raft-partition-3] TRACE i.a.p.raft.roles.FollowerRole - RaftServer{raft-partition-3}{role=FOLLOWER} - Received AppendRequest{term=1, leader=2, prevLogIndex=4, prevLogTerm=1, entries=0, commitIndex=4}
03:48:39.969 [raft-server-raft-partition-3] TRACE i.a.p.raft.roles.FollowerRole - RaftServer{raft-partition-3}{role=FOLLOWER} - Committed entries up to index 4
03:48:39.969 [raft-server-raft-partition-3-state] TRACE i.a.p.raft.impl.RaftServiceManager - RaftServer{raft-partition-3} - Applying Indexed{index=4, entry=CommandEntry{term=1, timestamp=2018-06-10 03:48:39,899, session=2, sequence=1, operation=PrimitiveOperation{id=DefaultOperationId{id=acquire, type=COMMAND}, value=byte[]{length=9, hash=-244871365}}}}
03:48:39.969 [raft-server-raft-partition-3] TRACE i.a.p.raft.roles.FollowerRole - RaftServer{raft-partition-3}{role=FOLLOWER} - Sending AppendResponse{status=OK, term=1, succeeded=true, lastLogIndex=4}
03:48:39.969 [raft-server-raft-partition-3] TRACE i.a.protocols.raft.roles.LeaderRole - RaftServer{raft-partition-3}{role=LEADER} - Sending KeepAliveResponse{status=OK, leader=2, members=[2, 3, 1], sessionIds=long[]{length=1, hash=33}}
03:48:39.969 [raft-server-raft-partition-3-state] TRACE i.a.p.raft.impl.RaftServiceManager - RaftServer{raft-partition-3} - Applying Indexed{index=3, entry=KeepAliveEntry{term=1, timestamp=2018-06-10 03:48:39,899, sessionIds=long[]{length=1, hash=33}, commandSequences=long[]{length=1, hash=31}, eventIndexes=long[]{length=1, hash=33}}}
03:48:39.969 [raft-server-raft-partition-3] TRACE i.a.p.raft.roles.LeaderAppender - RaftServer{raft-partition-3} - Received AppendResponse{status=OK, term=1, succeeded=true, lastLogIndex=4} from 1
03:48:39.969 [raft-server-raft-partition-3-state] TRACE i.a.p.raft.impl.RaftServiceManager - RaftServer{raft-partition-3} - Applying Indexed{index=4, entry=CommandEntry{term=1, timestamp=2018-06-10 03:48:39,899, session=2, sequence=1, operation=PrimitiveOperation{id=DefaultOperationId{id=acquire, type=COMMAND}, value=byte[]{length=9, hash=-244871365}}}}
03:48:39.969 [raft-server-raft-partition-3] TRACE i.a.p.raft.roles.LeaderAppender - RaftServer{raft-partition-3} - Sending AppendRequest{term=1, leader=2, prevLogIndex=4, prevLogTerm=1, entries=0, commitIndex=4} to 1
03:48:39.969 [raft-server-raft-partition-3] TRACE i.a.p.raft.roles.FollowerRole - RaftServer{raft-partition-3}{role=FOLLOWER} - Received AppendRequest{term=1, leader=2, prevLogIndex=4, prevLogTerm=1, entries=0, commitIndex=4}
03:48:39.969 [raft-server-raft-partition-3] TRACE i.a.p.raft.roles.FollowerRole - RaftServer{raft-partition-3}{role=FOLLOWER} - Committed entries up to index 4
03:48:39.969 [raft-server-raft-partition-3] TRACE i.a.p.raft.roles.FollowerRole - RaftServer{raft-partition-3}{role=FOLLOWER} - Sending AppendResponse{status=OK, term=1, succeeded=true, lastLogIndex=4}
03:48:39.970 [raft-server-raft-partition-3] TRACE i.a.p.raft.roles.FollowerRole - RaftServer{raft-partition-3}{role=FOLLOWER} - Received AppendRequest{term=1, leader=2, prevLogIndex=4, prevLogTerm=1, entries=0, commitIndex=4}
03:48:39.970 [raft-server-raft-partition-3] TRACE i.a.p.raft.roles.FollowerRole - RaftServer{raft-partition-3}{role=FOLLOWER} - Sending AppendResponse{status=OK, term=1, succeeded=true, lastLogIndex=4}
03:48:39.970 [raft-server-raft-partition-3-state] TRACE i.a.p.raft.impl.RaftServiceManager - RaftServer{raft-partition-3} - Applying Indexed{index=3, entry=KeepAliveEntry{term=1, timestamp=2018-06-10 03:48:39,899, sessionIds=long[]{length=1, hash=33}, commandSequences=long[]{length=1, hash=31}, eventIndexes=long[]{length=1, hash=33}}}
03:48:39.970 [raft-server-raft-partition-3-state] TRACE i.a.protocols.raft.roles.LeaderRole - RaftServer{raft-partition-3}{role=LEADER} - Sending CommandResponse{status=OK, index=4, eventIndex=2, result=null}
03:48:39.970 [raft-server-raft-partition-3-state] TRACE i.a.p.raft.impl.RaftServiceManager - RaftServer{raft-partition-3} - Applying Indexed{index=4, entry=CommandEntry{term=1, timestamp=2018-06-10 03:48:39,899, session=2, sequence=1, operation=PrimitiveOperation{id=DefaultOperationId{id=acquire, type=COMMAND}, value=byte[]{length=9, hash=-244871365}}}}
03:48:39.970 [raft-server-raft-partition-3-0] TRACE i.a.p.raft.session.RaftSession - Session{2}{type=DistributedSemaphoreType{name=semaphore}, name=test-semaphore-timeout} - Sending PublishRequest{session=2, eventIndex=4, previousIndex=2, events=[PrimitiveEvent{type=failed, value=byte[]{length=5, hash=77607758}}]}
03:48:39.970 [raft-client-raft-partition-3-2] TRACE i.a.p.r.s.impl.RaftSessionConnection - RaftClient{raft-partition-3} - Received KeepAliveResponse{status=OK, leader=2, members=[2, 3, 1], sessionIds=long[]{length=1, hash=33}} from 2
03:48:39.970 [raft-server-raft-partition-3] TRACE i.a.p.raft.roles.LeaderAppender - RaftServer{raft-partition-3} - Received AppendResponse{status=OK, term=1, succeeded=true, lastLogIndex=4} from 3
03:48:39.970 [raft-server-raft-partition-3] TRACE i.a.p.raft.roles.LeaderAppender - RaftServer{raft-partition-3} - Sending AppendRequest{term=1, leader=2, prevLogIndex=4, prevLogTerm=1, entries=0, commitIndex=4} to 3
03:48:39.970 [raft-server-raft-partition-3] TRACE i.a.p.raft.roles.LeaderAppender - RaftServer{raft-partition-3} - Received AppendResponse{status=OK, term=1, succeeded=true, lastLogIndex=4} from 1
03:48:39.970 [raft-server-raft-partition-3] TRACE i.a.p.raft.roles.LeaderAppender - RaftServer{raft-partition-3} - Sending AppendRequest{term=1, leader=2, prevLogIndex=4, prevLogTerm=1, entries=0, commitIndex=4} to 1
03:48:39.970 [raft-server-raft-partition-3] TRACE i.a.p.raft.roles.FollowerRole - RaftServer{raft-partition-3}{role=FOLLOWER} - Received AppendRequest{term=1, leader=2, prevLogIndex=4, prevLogTerm=1, entries=0, commitIndex=4}
03:48:39.970 [raft-client-raft-partition-3-3] TRACE i.a.p.r.s.impl.RaftSessionConnection - SessionClient{2}{type=DistributedSemaphoreType{name=semaphore}, name=test-semaphore-timeout} - Received CommandResponse{status=OK, index=4, eventIndex=2, result=null} from 2
03:48:39.970 [raft-server-raft-partition-3] TRACE i.a.p.raft.roles.FollowerRole - RaftServer{raft-partition-3}{role=FOLLOWER} - Sending AppendResponse{status=OK, term=1, succeeded=true, lastLogIndex=4}
03:48:39.970 [raft-server-raft-partition-3] TRACE i.a.p.raft.roles.FollowerRole - RaftServer{raft-partition-3}{role=FOLLOWER} - Received AppendRequest{term=1, leader=2, prevLogIndex=4, prevLogTerm=1, entries=0, commitIndex=4}
03:48:39.971 [raft-client-raft-partition-3-3] TRACE i.a.p.r.s.impl.RaftSessionSequencer - SessionClient{2}{type=DistributedSemaphoreType{name=semaphore}, name=test-semaphore-timeout} - Completing response CommandResponse{status=OK, index=4, eventIndex=2, result=null}
03:48:39.971 [raft-server-raft-partition-3] TRACE i.a.p.raft.roles.FollowerRole - RaftServer{raft-partition-3}{role=FOLLOWER} - Sending AppendResponse{status=OK, term=1, succeeded=true, lastLogIndex=4}
03:48:39.971 [raft-server-raft-partition-3] TRACE i.a.p.raft.roles.LeaderAppender - RaftServer{raft-partition-3} - Received AppendResponse{status=OK, term=1, succeeded=true, lastLogIndex=4} from 1
03:48:39.971 [raft-server-raft-partition-3] TRACE i.a.p.raft.roles.LeaderAppender - RaftServer{raft-partition-3} - Received AppendResponse{status=OK, term=1, succeeded=true, lastLogIndex=4} from 3
03:48:39.971 [raft-client-raft-partition-3-1] TRACE i.a.p.r.s.impl.RaftSessionListener - SessionClient{2}{type=DistributedSemaphoreType{name=semaphore}, name=test-semaphore-timeout} - Received PublishRequest{session=2, eventIndex=4, previousIndex=2, events=[PrimitiveEvent{type=failed, value=byte[]{length=5, hash=77607758}}]}
03:48:39.971 [raft-client-raft-partition-3-1] TRACE i.a.p.r.s.impl.RaftSessionSequencer - SessionClient{2}{type=DistributedSemaphoreType{name=semaphore}, name=test-semaphore-timeout} - Completing PublishRequest{session=2, eventIndex=4, previousIndex=2, events=[PrimitiveEvent{type=failed, value=byte[]{length=5, hash=77607758}}]}
03:48:39.971 [raft-client-raft-partition-3-3] TRACE i.a.p.r.s.impl.RaftSessionConnection - SessionClient{2}{type=DistributedSemaphoreType{name=semaphore}, name=test-semaphore-timeout} - Sending CommandRequest{session=2, sequence=2, operation=PrimitiveOperation{id=DefaultOperationId{id=acquire, type=COMMAND}, value=byte[]{length=9, hash=-243026245}}} to 2
03:48:39.972 [raft-server-raft-partition-3] TRACE i.a.protocols.raft.roles.LeaderRole - RaftServer{raft-partition-3}{role=LEADER} - Received CommandRequest{session=2, sequence=2, operation=PrimitiveOperation{id=DefaultOperationId{id=acquire, type=COMMAND}, value=byte[]{length=9, hash=-243026245}}}
03:48:39.972 [raft-server-raft-partition-3] TRACE i.a.protocols.raft.roles.LeaderRole - RaftServer{raft-partition-3}{role=LEADER} - Appended Indexed{index=5, entry=CommandEntry{term=1, timestamp=2018-06-10 03:48:39,972, session=2, sequence=2, operation=PrimitiveOperation{id=DefaultOperationId{id=acquire, type=COMMAND}, value=byte[]{length=9, hash=-243026245}}}}
03:48:39.972 [raft-server-raft-partition-3] TRACE i.a.p.raft.roles.LeaderAppender - RaftServer{raft-partition-3} - Sending AppendRequest{term=1, leader=2, prevLogIndex=4, prevLogTerm=1, entries=1, commitIndex=4} to 3
03:48:39.972 [raft-server-raft-partition-3] TRACE i.a.p.raft.roles.LeaderAppender - RaftServer{raft-partition-3} - Sending AppendRequest{term=1, leader=2, prevLogIndex=4, prevLogTerm=1, entries=1, commitIndex=4} to 1
03:48:39.972 [raft-server-raft-partition-3] TRACE i.a.p.raft.roles.FollowerRole - RaftServer{raft-partition-3}{role=FOLLOWER} - Received AppendRequest{term=1, leader=2, prevLogIndex=4, prevLogTerm=1, entries=1, commitIndex=4}
03:48:39.972 [raft-server-raft-partition-3] TRACE i.a.p.raft.roles.FollowerRole - RaftServer{raft-partition-3}{role=FOLLOWER} - Appended Indexed{index=5, entry=CommandEntry{term=1, timestamp=2018-06-10 03:48:39,972, session=2, sequence=2, operation=PrimitiveOperation{id=DefaultOperationId{id=acquire, type=COMMAND}, value=byte[]{length=9, hash=-243026245}}}}
03:48:39.972 [raft-server-raft-partition-3] TRACE i.a.p.raft.roles.FollowerRole - RaftServer{raft-partition-3}{role=FOLLOWER} - Sending AppendResponse{status=OK, term=1, succeeded=true, lastLogIndex=5}
03:48:39.972 [raft-server-raft-partition-3] TRACE i.a.p.raft.roles.LeaderAppender - RaftServer{raft-partition-3} - Received AppendResponse{status=OK, term=1, succeeded=true, lastLogIndex=5} from 3
03:48:39.972 [raft-server-raft-partition-3] TRACE i.a.p.raft.roles.LeaderAppender - RaftServer{raft-partition-3} - Committed entries up to 5
03:48:39.974 [raft-server-raft-partition-3] TRACE i.a.p.raft.roles.FollowerRole - RaftServer{raft-partition-3}{role=FOLLOWER} - Received AppendRequest{term=1, leader=2, prevLogIndex=4, prevLogTerm=1, entries=1, commitIndex=4}
03:48:39.974 [raft-server-raft-partition-3] TRACE i.a.p.raft.roles.FollowerRole - RaftServer{raft-partition-3}{role=FOLLOWER} - Appended Indexed{index=5, entry=CommandEntry{term=1, timestamp=2018-06-10 03:48:39,972, session=2, sequence=2, operation=PrimitiveOperation{id=DefaultOperationId{id=acquire, type=COMMAND}, value=byte[]{length=9, hash=-243026245}}}}
03:48:39.974 [raft-server-raft-partition-3] TRACE i.a.p.raft.roles.FollowerRole - RaftServer{raft-partition-3}{role=FOLLOWER} - Sending AppendResponse{status=OK, term=1, succeeded=true, lastLogIndex=5}
03:48:39.984 [raft-server-raft-partition-1] TRACE i.a.p.raft.roles.LeaderAppender - RaftServer{raft-partition-1} - Sending AppendRequest{term=1, leader=2, prevLogIndex=1, prevLogTerm=1, entries=0, commitIndex=1} to 3
03:48:39.984 [raft-server-raft-partition-1] TRACE i.a.p.raft.roles.LeaderAppender - RaftServer{raft-partition-1} - Sending AppendRequest{term=1, leader=2, prevLogIndex=1, prevLogTerm=1, entries=0, commitIndex=1} to 1
03:48:39.984 [raft-server-raft-partition-1] TRACE i.a.p.raft.roles.FollowerRole - RaftServer{raft-partition-1}{role=FOLLOWER} - Received AppendRequest{term=1, leader=2, prevLogIndex=1, prevLogTerm=1, entries=0, commitIndex=1}
03:48:39.984 [raft-server-raft-partition-1] TRACE i.a.p.raft.roles.FollowerRole - RaftServer{raft-partition-1}{role=FOLLOWER} - Received AppendRequest{term=1, leader=2, prevLogIndex=1, prevLogTerm=1, entries=0, commitIndex=1}
03:48:39.984 [raft-server-raft-partition-1] TRACE i.a.p.raft.roles.FollowerRole - RaftServer{raft-partition-1}{role=FOLLOWER} - Sending AppendResponse{status=OK, term=1, succeeded=true, lastLogIndex=1}
03:48:39.985 [raft-server-raft-partition-1] TRACE i.a.p.raft.roles.FollowerRole - RaftServer{raft-partition-1}{role=FOLLOWER} - Sending AppendResponse{status=OK, term=1, succeeded=true, lastLogIndex=1}
03:48:39.985 [raft-server-raft-partition-1] TRACE i.a.p.raft.roles.LeaderAppender - RaftServer{raft-partition-1} - Received AppendResponse{status=OK, term=1, succeeded=true, lastLogIndex=1} from 3
03:48:39.985 [raft-server-raft-partition-1] TRACE i.a.p.raft.roles.LeaderAppender - RaftServer{raft-partition-1} - Sending AppendRequest{term=1, leader=2, prevLogIndex=1, prevLogTerm=1, entries=0, commitIndex=1} to 3
03:48:39.985 [raft-server-raft-partition-1] TRACE i.a.p.raft.roles.LeaderAppender - RaftServer{raft-partition-1} - Received AppendResponse{status=OK, term=1, succeeded=true, lastLogIndex=1} from 1
03:48:39.985 [raft-server-raft-partition-1] TRACE i.a.p.raft.roles.LeaderAppender - RaftServer{raft-partition-1} - Sending AppendRequest{term=1, leader=2, prevLogIndex=1, prevLogTerm=1, entries=0, commitIndex=1} to 1
03:48:39.985 [raft-server-raft-partition-1] TRACE i.a.p.raft.roles.FollowerRole - RaftServer{raft-partition-1}{role=FOLLOWER} - Received AppendRequest{term=1, leader=2, prevLogIndex=1, prevLogTerm=1, entries=0, commitIndex=1}
03:48:39.986 [raft-server-raft-partition-1] TRACE i.a.p.raft.roles.FollowerRole - RaftServer{raft-partition-1}{role=FOLLOWER} - Sending AppendResponse{status=OK, term=1, succeeded=true, lastLogIndex=1}
03:48:39.986 [raft-server-raft-partition-1] TRACE i.a.p.raft.roles.FollowerRole - RaftServer{raft-partition-1}{role=FOLLOWER} - Received AppendRequest{term=1, leader=2, prevLogIndex=1, prevLogTerm=1, entries=0, commitIndex=1}
03:48:39.986 [raft-server-raft-partition-1] TRACE i.a.p.raft.roles.FollowerRole - RaftServer{raft-partition-1}{role=FOLLOWER} - Sending AppendResponse{status=OK, term=1, succeeded=true, lastLogIndex=1}
03:48:39.986 [raft-server-raft-partition-1] TRACE i.a.p.raft.roles.LeaderAppender - RaftServer{raft-partition-1} - Received AppendResponse{status=OK, term=1, succeeded=true, lastLogIndex=1} from 3
03:48:39.986 [raft-server-raft-partition-1] TRACE i.a.p.raft.roles.LeaderAppender - RaftServer{raft-partition-1} - Received AppendResponse{status=OK, term=1, succeeded=true, lastLogIndex=1} from 1
03:48:40.007 [raft-server-raft-partition-3] TRACE i.a.p.raft.roles.LeaderAppender - RaftServer{raft-partition-3} - Received AppendResponse{status=OK, term=1, succeeded=true, lastLogIndex=5} from 1
03:48:40.007 [raft-server-raft-partition-3-state] TRACE i.a.p.raft.impl.RaftServiceManager - RaftServer{raft-partition-3} - Applying Indexed{index=5, entry=CommandEntry{term=1, timestamp=2018-06-10 03:48:39,972, session=2, sequence=2, operation=PrimitiveOperation{id=DefaultOperationId{id=acquire, type=COMMAND}, value=byte[]{length=9, hash=-243026245}}}}
03:48:40.008 [raft-server-raft-partition-3-state] TRACE i.a.protocols.raft.roles.LeaderRole - RaftServer{raft-partition-3}{role=LEADER} - Sending CommandResponse{status=OK, index=5, eventIndex=4, result=null}
03:48:40.008 [raft-server-raft-partition-3-0] TRACE i.a.p.raft.session.RaftSession - Session{2}{type=DistributedSemaphoreType{name=semaphore}, name=test-semaphore-timeout} - Sending PublishRequest{session=2, eventIndex=5, previousIndex=4, events=[PrimitiveEvent{type=succeeded, value=byte[]{length=9, hash=-242827515}}]}
03:48:40.008 [raft-client-raft-partition-3-0] TRACE i.a.p.r.s.impl.RaftSessionConnection - SessionClient{2}{type=DistributedSemaphoreType{name=semaphore}, name=test-semaphore-timeout} - Received CommandResponse{status=OK, index=5, eventIndex=4, result=null} from 2
03:48:40.008 [raft-client-raft-partition-3-0] TRACE i.a.p.r.s.impl.RaftSessionSequencer - SessionClient{2}{type=DistributedSemaphoreType{name=semaphore}, name=test-semaphore-timeout} - Completing response CommandResponse{status=OK, index=5, eventIndex=4, result=null}
03:48:40.008 [raft-client-raft-partition-3-1] TRACE i.a.p.r.s.impl.RaftSessionListener - SessionClient{2}{type=DistributedSemaphoreType{name=semaphore}, name=test-semaphore-timeout} - Received PublishRequest{session=2, eventIndex=5, previousIndex=4, events=[PrimitiveEvent{type=succeeded, value=byte[]{length=9, hash=-242827515}}]}
03:48:40.008 [raft-client-raft-partition-3-1] TRACE i.a.p.r.s.impl.RaftSessionSequencer - SessionClient{2}{type=DistributedSemaphoreType{name=semaphore}, name=test-semaphore-timeout} - Completing PublishRequest{session=2, eventIndex=5, previousIndex=4, events=[PrimitiveEvent{type=succeeded, value=byte[]{length=9, hash=-242827515}}]}
03:48:40.009 [raft-client-raft-partition-3-4] TRACE i.a.p.r.s.impl.RaftSessionConnection - SessionClient{2}{type=DistributedSemaphoreType{name=semaphore}, name=test-semaphore-timeout} - Sending CommandRequest{session=2, sequence=3, operation=PrimitiveOperation{id=DefaultOperationId{id=acquire, type=COMMAND}, value=byte[]{length=10, hash=1112841588}}} to 2
03:48:40.009 [raft-server-raft-partition-3] TRACE i.a.protocols.raft.roles.LeaderRole - RaftServer{raft-partition-3}{role=LEADER} - Received CommandRequest{session=2, sequence=3, operation=PrimitiveOperation{id=DefaultOperationId{id=acquire, type=COMMAND}, value=byte[]{length=10, hash=1112841588}}}
03:48:40.009 [raft-server-raft-partition-3] TRACE i.a.protocols.raft.roles.LeaderRole - RaftServer{raft-partition-3}{role=LEADER} - Appended Indexed{index=6, entry=CommandEntry{term=1, timestamp=2018-06-10 03:48:40,009, session=2, sequence=3, operation=PrimitiveOperation{id=DefaultOperationId{id=acquire, type=COMMAND}, value=byte[]{length=10, hash=1112841588}}}}
03:48:40.009 [raft-server-raft-partition-3] TRACE i.a.p.raft.roles.LeaderAppender - RaftServer{raft-partition-3} - Sending AppendRequest{term=1, leader=2, prevLogIndex=5, prevLogTerm=1, entries=1, commitIndex=5} to 3
03:48:40.009 [raft-server-raft-partition-3] TRACE i.a.p.raft.roles.LeaderAppender - RaftServer{raft-partition-3} - Sending AppendRequest{term=1, leader=2, prevLogIndex=5, prevLogTerm=1, entries=1, commitIndex=5} to 1
03:48:40.010 [raft-server-raft-partition-3] TRACE i.a.p.raft.roles.FollowerRole - RaftServer{raft-partition-3}{role=FOLLOWER} - Received AppendRequest{term=1, leader=2, prevLogIndex=5, prevLogTerm=1, entries=1, commitIndex=5}
03:48:40.010 [raft-server-raft-partition-3] TRACE i.a.p.raft.roles.FollowerRole - RaftServer{raft-partition-3}{role=FOLLOWER} - Appended Indexed{index=6, entry=CommandEntry{term=1, timestamp=2018-06-10 03:48:40,009, session=2, sequence=3, operation=PrimitiveOperation{id=DefaultOperationId{id=acquire, type=COMMAND}, value=byte[]{length=10, hash=1112841588}}}}
03:48:40.010 [raft-server-raft-partition-3] TRACE i.a.p.raft.roles.FollowerRole - RaftServer{raft-partition-3}{role=FOLLOWER} - Received AppendRequest{term=1, leader=2, prevLogIndex=5, prevLogTerm=1, entries=1, commitIndex=5}
03:48:40.010 [raft-server-raft-partition-3] TRACE i.a.p.raft.roles.FollowerRole - RaftServer{raft-partition-3}{role=FOLLOWER} - Appended Indexed{index=6, entry=CommandEntry{term=1, timestamp=2018-06-10 03:48:40,009, session=2, sequence=3, operation=PrimitiveOperation{id=DefaultOperationId{id=acquire, type=COMMAND}, value=byte[]{length=10, hash=1112841588}}}}
03:48:40.022 [raft-server-system-partition-1] TRACE i.a.p.raft.roles.LeaderAppender - RaftServer{system-partition-1} - Sending AppendRequest{term=1, leader=3, prevLogIndex=65, prevLogTerm=1, entries=0, commitIndex=65} to 2
03:48:40.022 [raft-server-system-partition-1] TRACE i.a.p.raft.roles.LeaderAppender - RaftServer{system-partition-1} - Sending AppendRequest{term=1, leader=3, prevLogIndex=65, prevLogTerm=1, entries=0, commitIndex=65} to 1
03:48:40.022 [raft-server-system-partition-1] TRACE i.a.p.raft.roles.FollowerRole - RaftServer{system-partition-1}{role=FOLLOWER} - Received AppendRequest{term=1, leader=3, prevLogIndex=65, prevLogTerm=1, entries=0, commitIndex=65}
03:48:40.022 [raft-server-system-partition-1] TRACE i.a.p.raft.roles.FollowerRole - RaftServer{system-partition-1}{role=FOLLOWER} - Received AppendRequest{term=1, leader=3, prevLogIndex=65, prevLogTerm=1, entries=0, commitIndex=65}
03:48:40.022 [raft-server-system-partition-1] TRACE i.a.p.raft.roles.FollowerRole - RaftServer{system-partition-1}{role=FOLLOWER} - Committed entries up to index 65
03:48:40.022 [raft-server-system-partition-1] TRACE i.a.p.raft.roles.FollowerRole - RaftServer{system-partition-1}{role=FOLLOWER} - Sending AppendResponse{status=OK, term=1, succeeded=true, lastLogIndex=65}
03:48:40.022 [raft-server-system-partition-1-state] TRACE i.a.p.raft.impl.RaftServiceManager - RaftServer{system-partition-1} - Applying Indexed{index=65, entry=CommandEntry{term=1, timestamp=2018-06-10 03:48:39,823, session=62, sequence=2, operation=PrimitiveOperation{id=DefaultOperationId{id=putIfAbsentWithTtl, type=COMMAND}, value=byte[]{length=43, hash=628892754}}}}
03:48:40.023 [raft-server-system-partition-1] TRACE i.a.p.raft.roles.LeaderAppender - RaftServer{system-partition-1} - Received AppendResponse{status=OK, term=1, succeeded=true, lastLogIndex=65} from 1
03:48:40.023 [raft-server-system-partition-1] TRACE i.a.p.raft.roles.LeaderAppender - RaftServer{system-partition-1} - Sending AppendRequest{term=1, leader=3, prevLogIndex=65, prevLogTerm=1, entries=0, commitIndex=65} to 1
03:48:40.023 [raft-server-system-partition-1] TRACE i.a.p.raft.roles.FollowerRole - RaftServer{system-partition-1}{role=FOLLOWER} - Received AppendRequest{term=1, leader=3, prevLogIndex=65, prevLogTerm=1, entries=0, commitIndex=65}
03:48:40.023 [raft-server-system-partition-1] TRACE i.a.p.raft.roles.FollowerRole - RaftServer{system-partition-1}{role=FOLLOWER} - Sending AppendResponse{status=OK, term=1, succeeded=true, lastLogIndex=65}
03:48:40.023 [raft-server-system-partition-1] TRACE i.a.p.raft.roles.LeaderAppender - RaftServer{system-partition-1} - Received AppendResponse{status=OK, term=1, succeeded=true, lastLogIndex=65} from 1
03:48:40.043 [raft-server-raft-partition-3] TRACE i.a.p.raft.roles.FollowerRole - RaftServer{raft-partition-3}{role=FOLLOWER} - Committed entries up to index 5
03:48:40.044 [raft-server-raft-partition-3] TRACE i.a.p.raft.roles.FollowerRole - RaftServer{raft-partition-3}{role=FOLLOWER} - Sending AppendResponse{status=OK, term=1, succeeded=true, lastLogIndex=6}
03:48:40.044 [raft-server-raft-partition-3-state] TRACE i.a.p.raft.impl.RaftServiceManager - RaftServer{raft-partition-3} - Applying Indexed{index=5, entry=CommandEntry{term=1, timestamp=2018-06-10 03:48:39,972, session=2, sequence=2, operation=PrimitiveOperation{id=DefaultOperationId{id=acquire, type=COMMAND}, value=byte[]{length=9, hash=-243026245}}}}
03:48:40.044 [raft-server-raft-partition-3] TRACE i.a.p.raft.roles.LeaderAppender - RaftServer{raft-partition-3} - Received AppendResponse{status=OK, term=1, succeeded=true, lastLogIndex=6} from 3
03:48:40.044 [raft-server-raft-partition-3] TRACE i.a.p.raft.roles.LeaderAppender - RaftServer{raft-partition-3} - Committed entries up to 6
03:48:40.066 [raft-server-raft-partition-3] TRACE i.a.p.raft.roles.FollowerRole - RaftServer{raft-partition-3}{role=FOLLOWER} - Committed entries up to index 5
03:48:40.066 [raft-server-raft-partition-3] TRACE i.a.p.raft.roles.FollowerRole - RaftServer{raft-partition-3}{role=FOLLOWER} - Sending AppendResponse{status=OK, term=1, succeeded=true, lastLogIndex=6}
03:48:40.066 [raft-server-raft-partition-3-state] TRACE i.a.p.raft.impl.RaftServiceManager - RaftServer{raft-partition-3} - Applying Indexed{index=6, entry=CommandEntry{term=1, timestamp=2018-06-10 03:48:40,009, session=2, sequence=3, operation=PrimitiveOperation{id=DefaultOperationId{id=acquire, type=COMMAND}, value=byte[]{length=10, hash=1112841588}}}}
03:48:40.066 [raft-server-raft-partition-3-state] TRACE i.a.p.raft.impl.RaftServiceManager - RaftServer{raft-partition-3} - Applying Indexed{index=5, entry=CommandEntry{term=1, timestamp=2018-06-10 03:48:39,972, session=2, sequence=2, operation=PrimitiveOperation{id=DefaultOperationId{id=acquire, type=COMMAND}, value=byte[]{length=9, hash=-243026245}}}}
03:48:40.066 [raft-server-raft-partition-3-state] TRACE i.a.protocols.raft.roles.LeaderRole - RaftServer{raft-partition-3}{role=LEADER} - Sending CommandResponse{status=OK, index=6, eventIndex=5, result=null}
03:48:40.066 [raft-server-system-partition-1] TRACE i.a.p.raft.roles.FollowerRole - RaftServer{system-partition-1}{role=FOLLOWER} - Committed entries up to index 65
03:48:40.066 [raft-server-system-partition-1] TRACE i.a.p.raft.roles.FollowerRole - RaftServer{system-partition-1}{role=FOLLOWER} - Sending AppendResponse{status=OK, term=1, succeeded=true, lastLogIndex=65}
03:48:40.066 [raft-client-raft-partition-3-7] TRACE i.a.p.r.s.impl.RaftSessionConnection - SessionClient{2}{type=DistributedSemaphoreType{name=semaphore}, name=test-semaphore-timeout} - Received CommandResponse{status=OK, index=6, eventIndex=5, result=null} from 2
03:48:40.066 [raft-server-system-partition-1-state] TRACE i.a.p.raft.impl.RaftServiceManager - RaftServer{system-partition-1} - Applying Indexed{index=65, entry=CommandEntry{term=1, timestamp=2018-06-10 03:48:39,823, session=62, sequence=2, operation=PrimitiveOperation{id=DefaultOperationId{id=putIfAbsentWithTtl, type=COMMAND}, value=byte[]{length=43, hash=628892754}}}}
03:48:40.066 [raft-server-raft-partition-3] TRACE i.a.p.raft.roles.LeaderAppender - RaftServer{raft-partition-3} - Received AppendResponse{status=OK, term=1, succeeded=true, lastLogIndex=6} from 1
03:48:40.066 [raft-server-system-partition-1] TRACE i.a.p.raft.roles.LeaderAppender - RaftServer{system-partition-1} - Received AppendResponse{status=OK, term=1, succeeded=true, lastLogIndex=65} from 2
03:48:40.066 [raft-client-raft-partition-3-7] TRACE i.a.p.r.s.impl.RaftSessionSequencer - SessionClient{2}{type=DistributedSemaphoreType{name=semaphore}, name=test-semaphore-timeout} - Completing response CommandResponse{status=OK, index=6, eventIndex=5, result=null}
03:48:40.112 [raft-server-raft-partition-2] TRACE i.a.p.raft.roles.LeaderAppender - RaftServer{raft-partition-2} - Sending AppendRequest{term=1, leader=2, prevLogIndex=9, prevLogTerm=1, entries=0, commitIndex=9} to 3
03:48:40.112 [raft-server-raft-partition-2] TRACE i.a.p.raft.roles.LeaderAppender - RaftServer{raft-partition-2} - Sending AppendRequest{term=1, leader=2, prevLogIndex=9, prevLogTerm=1, entries=0, commitIndex=9} to 1
03:48:40.112 [raft-server-raft-partition-2] TRACE i.a.p.raft.roles.FollowerRole - RaftServer{raft-partition-2}{role=FOLLOWER} - Received AppendRequest{term=1, leader=2, prevLogIndex=9, prevLogTerm=1, entries=0, commitIndex=9}
03:48:40.112 [raft-server-raft-partition-2] TRACE i.a.p.raft.roles.FollowerRole - RaftServer{raft-partition-2}{role=FOLLOWER} - Received AppendRequest{term=1, leader=2, prevLogIndex=9, prevLogTerm=1, entries=0, commitIndex=9}
03:48:40.112 [raft-server-raft-partition-2] TRACE i.a.p.raft.roles.FollowerRole - RaftServer{raft-partition-2}{role=FOLLOWER} - Sending AppendResponse{status=OK, term=1, succeeded=true, lastLogIndex=9}
03:48:40.112 [raft-server-raft-partition-2] TRACE i.a.p.raft.roles.FollowerRole - RaftServer{raft-partition-2}{role=FOLLOWER} - Sending AppendResponse{status=OK, term=1, succeeded=true, lastLogIndex=9}
03:48:40.112 [raft-server-raft-partition-2] TRACE i.a.p.raft.roles.LeaderAppender - RaftServer{raft-partition-2} - Received AppendResponse{status=OK, term=1, succeeded=true, lastLogIndex=9} from 1
03:48:40.112 [raft-server-raft-partition-2] TRACE i.a.p.raft.roles.LeaderAppender - RaftServer{raft-partition-2} - Sending AppendRequest{term=1, leader=2, prevLogIndex=9, prevLogTerm=1, entries=0, commitIndex=9} to 1
03:48:40.112 [raft-server-raft-partition-2] TRACE i.a.p.raft.roles.LeaderAppender - RaftServer{raft-partition-2} - Received AppendResponse{status=OK, term=1, succeeded=true, lastLogIndex=9} from 3
03:48:40.112 [raft-server-raft-partition-2] TRACE i.a.p.raft.roles.LeaderAppender - RaftServer{raft-partition-2} - Sending AppendRequest{term=1, leader=2, prevLogIndex=9, prevLogTerm=1, entries=0, commitIndex=9} to 3
03:48:40.112 [raft-server-raft-partition-2] TRACE i.a.p.raft.roles.FollowerRole - RaftServer{raft-partition-2}{role=FOLLOWER} - Received AppendRequest{term=1, leader=2, prevLogIndex=9, prevLogTerm=1, entries=0, commitIndex=9}
03:48:40.112 [raft-server-raft-partition-2] TRACE i.a.p.raft.roles.FollowerRole - RaftServer{raft-partition-2}{role=FOLLOWER} - Sending AppendResponse{status=OK, term=1, succeeded=true, lastLogIndex=9}
03:48:40.113 [raft-server-raft-partition-2] TRACE i.a.p.raft.roles.FollowerRole - RaftServer{raft-partition-2}{role=FOLLOWER} - Received AppendRequest{term=1, leader=2, prevLogIndex=9, prevLogTerm=1, entries=0, commitIndex=9}
03:48:40.113 [raft-server-raft-partition-2] TRACE i.a.p.raft.roles.FollowerRole - RaftServer{raft-partition-2}{role=FOLLOWER} - Sending AppendResponse{status=OK, term=1, succeeded=true, lastLogIndex=9}
03:48:40.113 [raft-server-raft-partition-2] TRACE i.a.p.raft.roles.LeaderAppender - RaftServer{raft-partition-2} - Received AppendResponse{status=OK, term=1, succeeded=true, lastLogIndex=9} from 1
03:48:40.113 [raft-server-raft-partition-2] TRACE i.a.p.raft.roles.LeaderAppender - RaftServer{raft-partition-2} - Sending AppendRequest{term=1, leader=2, prevLogIndex=9, prevLogTerm=1, entries=0, commitIndex=9} to 1
03:48:40.113 [raft-server-raft-partition-2] TRACE i.a.p.raft.roles.LeaderAppender - RaftServer{raft-partition-2} - Received AppendResponse{status=OK, term=1, succeeded=true, lastLogIndex=9} from 3
03:48:40.113 [raft-server-raft-partition-2] TRACE i.a.p.raft.roles.LeaderAppender - RaftServer{raft-partition-2} - Sending AppendRequest{term=1, leader=2, prevLogIndex=9, prevLogTerm=1, entries=0, commitIndex=9} to 3
03:48:40.113 [raft-server-raft-partition-2] TRACE i.a.p.raft.roles.FollowerRole - RaftServer{raft-partition-2}{role=FOLLOWER} - Received AppendRequest{term=1, leader=2, prevLogIndex=9, prevLogTerm=1, entries=0, commitIndex=9}
03:48:40.113 [raft-server-raft-partition-2] TRACE i.a.p.raft.roles.FollowerRole - RaftServer{raft-partition-2}{role=FOLLOWER} - Sending AppendResponse{status=OK, term=1, succeeded=true, lastLogIndex=9}
03:48:40.113 [raft-server-raft-partition-2] TRACE i.a.p.raft.roles.FollowerRole - RaftServer{raft-partition-2}{role=FOLLOWER} - Received AppendRequest{term=1, leader=2, prevLogIndex=9, prevLogTerm=1, entries=0, commitIndex=9}
03:48:40.113 [raft-server-raft-partition-2] TRACE i.a.p.raft.roles.FollowerRole - RaftServer{raft-partition-2}{role=FOLLOWER} - Sending AppendResponse{status=OK, term=1, succeeded=true, lastLogIndex=9}
03:48:40.113 [raft-server-raft-partition-2] TRACE i.a.p.raft.roles.LeaderAppender - RaftServer{raft-partition-2} - Received AppendResponse{status=OK, term=1, succeeded=true, lastLogIndex=9} from 3
03:48:40.113 [raft-server-raft-partition-2] TRACE i.a.p.raft.roles.LeaderAppender - RaftServer{raft-partition-2} - Received AppendResponse{status=OK, term=1, succeeded=true, lastLogIndex=9} from 1
03:48:40.186 [raft-server-raft-partition-3] TRACE i.a.p.raft.roles.LeaderAppender - RaftServer{raft-partition-3} - Sending AppendRequest{term=1, leader=2, prevLogIndex=6, prevLogTerm=1, entries=0, commitIndex=6} to 3
03:48:40.187 [raft-server-raft-partition-3] TRACE i.a.p.raft.roles.LeaderAppender - RaftServer{raft-partition-3} - Sending AppendRequest{term=1, leader=2, prevLogIndex=6, prevLogTerm=1, entries=0, commitIndex=6} to 1
03:48:40.187 [raft-server-raft-partition-3] TRACE i.a.p.raft.roles.FollowerRole - RaftServer{raft-partition-3}{role=FOLLOWER} - Received AppendRequest{term=1, leader=2, prevLogIndex=6, prevLogTerm=1, entries=0, commitIndex=6}
03:48:40.187 [raft-server-raft-partition-3] TRACE i.a.p.raft.roles.FollowerRole - RaftServer{raft-partition-3}{role=FOLLOWER} - Received AppendRequest{term=1, leader=2, prevLogIndex=6, prevLogTerm=1, entries=0, commitIndex=6}
03:48:40.187 [raft-server-raft-partition-3] TRACE i.a.p.raft.roles.FollowerRole - RaftServer{raft-partition-3}{role=FOLLOWER} - Committed entries up to index 6
03:48:40.187 [raft-server-raft-partition-3] TRACE i.a.p.raft.roles.FollowerRole - RaftServer{raft-partition-3}{role=FOLLOWER} - Committed entries up to index 6
03:48:40.187 [raft-server-raft-partition-3] TRACE i.a.p.raft.roles.FollowerRole - RaftServer{raft-partition-3}{role=FOLLOWER} - Sending AppendResponse{status=OK, term=1, succeeded=true, lastLogIndex=6}
03:48:40.187 [raft-server-raft-partition-3] TRACE i.a.p.raft.roles.FollowerRole - RaftServer{raft-partition-3}{role=FOLLOWER} - Sending AppendResponse{status=OK, term=1, succeeded=true, lastLogIndex=6}
03:48:40.187 [raft-server-raft-partition-3-state] TRACE i.a.p.raft.impl.RaftServiceManager - RaftServer{raft-partition-3} - Applying Indexed{index=6, entry=CommandEntry{term=1, timestamp=2018-06-10 03:48:40,009, session=2, sequence=3, operation=PrimitiveOperation{id=DefaultOperationId{id=acquire, type=COMMAND}, value=byte[]{length=10, hash=1112841588}}}}
03:48:40.187 [raft-server-raft-partition-3-state] TRACE i.a.p.raft.impl.RaftServiceManager - RaftServer{raft-partition-3} - Applying Indexed{index=6, entry=CommandEntry{term=1, timestamp=2018-06-10 03:48:40,009, session=2, sequence=3, operation=PrimitiveOperation{id=DefaultOperationId{id=acquire, type=COMMAND}, value=byte[]{length=10, hash=1112841588}}}}
03:48:40.187 [raft-server-raft-partition-3] TRACE i.a.p.raft.roles.LeaderAppender - RaftServer{raft-partition-3} - Received AppendResponse{status=OK, term=1, succeeded=true, lastLogIndex=6} from 1
03:48:40.187 [raft-server-raft-partition-3] TRACE i.a.p.raft.roles.LeaderAppender - RaftServer{raft-partition-3} - Received AppendResponse{status=OK, term=1, succeeded=true, lastLogIndex=6} from 3
03:48:40.234 [raft-server-raft-partition-1] TRACE i.a.p.raft.roles.LeaderAppender - RaftServer{raft-partition-1} - Sending AppendRequest{term=1, leader=2, prevLogIndex=1, prevLogTerm=1, entries=0, commitIndex=1} to 3
03:48:40.234 [raft-server-raft-partition-1] TRACE i.a.p.raft.roles.LeaderAppender - RaftServer{raft-partition-1} - Sending AppendRequest{term=1, leader=2, prevLogIndex=1, prevLogTerm=1, entries=0, commitIndex=1} to 1
03:48:40.234 [raft-server-raft-partition-1] TRACE i.a.p.raft.roles.FollowerRole - RaftServer{raft-partition-1}{role=FOLLOWER} - Received AppendRequest{term=1, leader=2, prevLogIndex=1, prevLogTerm=1, entries=0, commitIndex=1}
03:48:40.234 [raft-server-raft-partition-1] TRACE i.a.p.raft.roles.FollowerRole - RaftServer{raft-partition-1}{role=FOLLOWER} - Received AppendRequest{term=1, leader=2, prevLogIndex=1, prevLogTerm=1, entries=0, commitIndex=1}
03:48:40.234 [raft-server-raft-partition-1] TRACE i.a.p.raft.roles.FollowerRole - RaftServer{raft-partition-1}{role=FOLLOWER} - Sending AppendResponse{status=OK, term=1, succeeded=true, lastLogIndex=1}
03:48:40.234 [raft-server-raft-partition-1] TRACE i.a.p.raft.roles.FollowerRole - RaftServer{raft-partition-1}{role=FOLLOWER} - Sending AppendResponse{status=OK, term=1, succeeded=true, lastLogIndex=1}
03:48:40.234 [raft-server-raft-partition-1] TRACE i.a.p.raft.roles.LeaderAppender - RaftServer{raft-partition-1} - Received AppendResponse{status=OK, term=1, succeeded=true, lastLogIndex=1} from 1
03:48:40.234 [raft-server-raft-partition-1] TRACE i.a.p.raft.roles.LeaderAppender - RaftServer{raft-partition-1} - Sending AppendRequest{term=1, leader=2, prevLogIndex=1, prevLogTerm=1, entries=0, commitIndex=1} to 1
03:48:40.234 [raft-server-raft-partition-1] TRACE i.a.p.raft.roles.LeaderAppender - RaftServer{raft-partition-1} - Received AppendResponse{status=OK, term=1, succeeded=true, lastLogIndex=1} from 3
03:48:40.234 [raft-server-raft-partition-1] TRACE i.a.p.raft.roles.LeaderAppender - RaftServer{raft-partition-1} - Sending AppendRequest{term=1, leader=2, prevLogIndex=1, prevLogTerm=1, entries=0, commitIndex=1} to 3
03:48:40.234 [raft-server-raft-partition-1] TRACE i.a.p.raft.roles.FollowerRole - RaftServer{raft-partition-1}{role=FOLLOWER} - Received AppendRequest{term=1, leader=2, prevLogIndex=1, prevLogTerm=1, entries=0, commitIndex=1}
03:48:40.235 [raft-server-raft-partition-1] TRACE i.a.p.raft.roles.FollowerRole - RaftServer{raft-partition-1}{role=FOLLOWER} - Received AppendRequest{term=1, leader=2, prevLogIndex=1, prevLogTerm=1, entries=0, commitIndex=1}
03:48:40.235 [raft-server-raft-partition-1] TRACE i.a.p.raft.roles.FollowerRole - RaftServer{raft-partition-1}{role=FOLLOWER} - Sending AppendResponse{status=OK, term=1, succeeded=true, lastLogIndex=1}
03:48:40.235 [raft-server-raft-partition-1] TRACE i.a.p.raft.roles.FollowerRole - RaftServer{raft-partition-1}{role=FOLLOWER} - Sending AppendResponse{status=OK, term=1, succeeded=true, lastLogIndex=1}
03:48:40.235 [raft-server-raft-partition-1] TRACE i.a.p.raft.roles.LeaderAppender - RaftServer{raft-partition-1} - Received AppendResponse{status=OK, term=1, succeeded=true, lastLogIndex=1} from 1
03:48:40.235 [raft-server-raft-partition-1] TRACE i.a.p.raft.roles.LeaderAppender - RaftServer{raft-partition-1} - Sending AppendRequest{term=1, leader=2, prevLogIndex=1, prevLogTerm=1, entries=0, commitIndex=1} to 1
03:48:40.235 [raft-server-raft-partition-1] TRACE i.a.p.raft.roles.LeaderAppender - RaftServer{raft-partition-1} - Received AppendResponse{status=OK, term=1, succeeded=true, lastLogIndex=1} from 3
03:48:40.235 [raft-server-raft-partition-1] TRACE i.a.p.raft.roles.LeaderAppender - RaftServer{raft-partition-1} - Sending AppendRequest{term=1, leader=2, prevLogIndex=1, prevLogTerm=1, entries=0, commitIndex=1} to 3
03:48:40.235 [raft-server-raft-partition-1] TRACE i.a.p.raft.roles.FollowerRole - RaftServer{raft-partition-1}{role=FOLLOWER} - Received AppendRequest{term=1, leader=2, prevLogIndex=1, prevLogTerm=1, entries=0, commitIndex=1}
03:48:40.235 [raft-server-raft-partition-1] TRACE i.a.p.raft.roles.FollowerRole - RaftServer{raft-partition-1}{role=FOLLOWER} - Received AppendRequest{term=1, leader=2, prevLogIndex=1, prevLogTerm=1, entries=0, commitIndex=1}
03:48:40.235 [raft-server-raft-partition-1] TRACE i.a.p.raft.roles.FollowerRole - RaftServer{raft-partition-1}{role=FOLLOWER} - Sending AppendResponse{status=OK, term=1, succeeded=true, lastLogIndex=1}
03:48:40.235 [raft-server-raft-partition-1] TRACE i.a.p.raft.roles.FollowerRole - RaftServer{raft-partition-1}{role=FOLLOWER} - Sending AppendResponse{status=OK, term=1, succeeded=true, lastLogIndex=1}
03:48:40.236 [raft-server-raft-partition-1] TRACE i.a.p.raft.roles.LeaderAppender - RaftServer{raft-partition-1} - Received AppendResponse{status=OK, term=1, succeeded=true, lastLogIndex=1} from 1
03:48:40.236 [raft-server-raft-partition-1] TRACE i.a.p.raft.roles.LeaderAppender - RaftServer{raft-partition-1} - Received AppendResponse{status=OK, term=1, succeeded=true, lastLogIndex=1} from 3
03:48:40.272 [raft-server-system-partition-1] TRACE i.a.p.raft.roles.LeaderAppender - RaftServer{system-partition-1} - Sending AppendRequest{term=1, leader=3, prevLogIndex=65, prevLogTerm=1, entries=0, commitIndex=65} to 2
03:48:40.272 [raft-server-system-partition-1] TRACE i.a.p.raft.roles.LeaderAppender - RaftServer{system-partition-1} - Sending AppendRequest{term=1, leader=3, prevLogIndex=65, prevLogTerm=1, entries=0, commitIndex=65} to 1
03:48:40.272 [raft-server-system-partition-1] TRACE i.a.p.raft.roles.FollowerRole - RaftServer{system-partition-1}{role=FOLLOWER} - Received AppendRequest{term=1, leader=3, prevLogIndex=65, prevLogTerm=1, entries=0, commitIndex=65}
03:48:40.272 [raft-server-system-partition-1] TRACE i.a.p.raft.roles.FollowerRole - RaftServer{system-partition-1}{role=FOLLOWER} - Received AppendRequest{term=1, leader=3, prevLogIndex=65, prevLogTerm=1, entries=0, commitIndex=65}
03:48:40.272 [raft-server-system-partition-1] TRACE i.a.p.raft.roles.FollowerRole - RaftServer{system-partition-1}{role=FOLLOWER} - Sending AppendResponse{status=OK, term=1, succeeded=true, lastLogIndex=65}
03:48:40.272 [raft-server-system-partition-1] TRACE i.a.p.raft.roles.FollowerRole - RaftServer{system-partition-1}{role=FOLLOWER} - Sending AppendResponse{status=OK, term=1, succeeded=true, lastLogIndex=65}
03:48:40.272 [raft-server-system-partition-1] TRACE i.a.p.raft.roles.LeaderAppender - RaftServer{system-partition-1} - Received AppendResponse{status=OK, term=1, succeeded=true, lastLogIndex=65} from 1
03:48:40.272 [raft-server-system-partition-1] TRACE i.a.p.raft.roles.LeaderAppender - RaftServer{system-partition-1} - Sending AppendRequest{term=1, leader=3, prevLogIndex=65, prevLogTerm=1, entries=0, commitIndex=65} to 1
03:48:40.273 [raft-server-system-partition-1] TRACE i.a.p.raft.roles.LeaderAppender - RaftServer{system-partition-1} - Received AppendResponse{status=OK, term=1, succeeded=true, lastLogIndex=65} from 2
03:48:40.273 [raft-server-system-partition-1] TRACE i.a.p.raft.roles.LeaderAppender - RaftServer{system-partition-1} - Sending AppendRequest{term=1, leader=3, prevLogIndex=65, prevLogTerm=1, entries=0, commitIndex=65} to 2
03:48:40.273 [raft-server-system-partition-1] TRACE i.a.p.raft.roles.FollowerRole - RaftServer{system-partition-1}{role=FOLLOWER} - Received AppendRequest{term=1, leader=3, prevLogIndex=65, prevLogTerm=1, entries=0, commitIndex=65}
03:48:40.273 [raft-server-system-partition-1] TRACE i.a.p.raft.roles.FollowerRole - RaftServer{system-partition-1}{role=FOLLOWER} - Received AppendRequest{term=1, leader=3, prevLogIndex=65, prevLogTerm=1, entries=0, commitIndex=65}
03:48:40.273 [raft-server-system-partition-1] TRACE i.a.p.raft.roles.FollowerRole - RaftServer{system-partition-1}{role=FOLLOWER} - Sending AppendResponse{status=OK, term=1, succeeded=true, lastLogIndex=65}
03:48:40.273 [raft-server-system-partition-1] TRACE i.a.p.raft.roles.FollowerRole - RaftServer{system-partition-1}{role=FOLLOWER} - Sending AppendResponse{status=OK, term=1, succeeded=true, lastLogIndex=65}
03:48:40.273 [raft-server-system-partition-1] TRACE i.a.p.raft.roles.LeaderAppender - RaftServer{system-partition-1} - Received AppendResponse{status=OK, term=1, succeeded=true, lastLogIndex=65} from 1
03:48:40.273 [raft-server-system-partition-1] TRACE i.a.p.raft.roles.LeaderAppender - RaftServer{system-partition-1} - Sending AppendRequest{term=1, leader=3, prevLogIndex=65, prevLogTerm=1, entries=0, commitIndex=65} to 1
03:48:40.273 [raft-server-system-partition-1] TRACE i.a.p.raft.roles.LeaderAppender - RaftServer{system-partition-1} - Received AppendResponse{status=OK, term=1, succeeded=true, lastLogIndex=65} from 2
03:48:40.273 [raft-server-system-partition-1] TRACE i.a.p.raft.roles.FollowerRole - RaftServer{system-partition-1}{role=FOLLOWER} - Received AppendRequest{term=1, leader=3, prevLogIndex=65, prevLogTerm=1, entries=0, commitIndex=65}
03:48:40.273 [raft-server-system-partition-1] TRACE i.a.p.raft.roles.FollowerRole - RaftServer{system-partition-1}{role=FOLLOWER} - Sending AppendResponse{status=OK, term=1, succeeded=true, lastLogIndex=65}
03:48:40.273 [raft-server-system-partition-1] TRACE i.a.p.raft.roles.LeaderAppender - RaftServer{system-partition-1} - Received AppendResponse{status=OK, term=1, succeeded=true, lastLogIndex=65} from 1
03:48:40.362 [raft-server-raft-partition-2] TRACE i.a.p.raft.roles.LeaderAppender - RaftServer{raft-partition-2} - Sending AppendRequest{term=1, leader=2, prevLogIndex=9, prevLogTerm=1, entries=0, commitIndex=9} to 3
03:48:40.362 [raft-server-raft-partition-2] TRACE i.a.p.raft.roles.LeaderAppender - RaftServer{raft-partition-2} - Sending AppendRequest{term=1, leader=2, prevLogIndex=9, prevLogTerm=1, entries=0, commitIndex=9} to 1
03:48:40.362 [raft-server-raft-partition-2] TRACE i.a.p.raft.roles.FollowerRole - RaftServer{raft-partition-2}{role=FOLLOWER} - Received AppendRequest{term=1, leader=2, prevLogIndex=9, prevLogTerm=1, entries=0, commitIndex=9}
03:48:40.362 [raft-server-raft-partition-2] TRACE i.a.p.raft.roles.FollowerRole - RaftServer{raft-partition-2}{role=FOLLOWER} - Received AppendRequest{term=1, leader=2, prevLogIndex=9, prevLogTerm=1, entries=0, commitIndex=9}
03:48:40.362 [raft-server-raft-partition-2] TRACE i.a.p.raft.roles.FollowerRole - RaftServer{raft-partition-2}{role=FOLLOWER} - Sending AppendResponse{status=OK, term=1, succeeded=true, lastLogIndex=9}
03:48:40.362 [raft-server-raft-partition-2] TRACE i.a.p.raft.roles.FollowerRole - RaftServer{raft-partition-2}{role=FOLLOWER} - Sending AppendResponse{status=OK, term=1, succeeded=true, lastLogIndex=9}
03:48:40.362 [raft-server-raft-partition-2] TRACE i.a.p.raft.roles.LeaderAppender - RaftServer{raft-partition-2} - Received AppendResponse{status=OK, term=1, succeeded=true, lastLogIndex=9} from 3
03:48:40.362 [raft-server-raft-partition-2] TRACE i.a.p.raft.roles.LeaderAppender - RaftServer{raft-partition-2} - Sending AppendRequest{term=1, leader=2, prevLogIndex=9, prevLogTerm=1, entries=0, commitIndex=9} to 3
03:48:40.362 [raft-server-raft-partition-2] TRACE i.a.p.raft.roles.LeaderAppender - RaftServer{raft-partition-2} - Received AppendResponse{status=OK, term=1, succeeded=true, lastLogIndex=9} from 1
03:48:40.362 [raft-server-raft-partition-2] TRACE i.a.p.raft.roles.LeaderAppender - RaftServer{raft-partition-2} - Sending AppendRequest{term=1, leader=2, prevLogIndex=9, prevLogTerm=1, entries=0, commitIndex=9} to 1
03:48:40.362 [raft-server-raft-partition-2] TRACE i.a.p.raft.roles.FollowerRole - RaftServer{raft-partition-2}{role=FOLLOWER} - Received AppendRequest{term=1, leader=2, prevLogIndex=9, prevLogTerm=1, entries=0, commitIndex=9}
03:48:40.362 [raft-server-raft-partition-2] TRACE i.a.p.raft.roles.FollowerRole - RaftServer{raft-partition-2}{role=FOLLOWER} - Received AppendRequest{term=1, leader=2, prevLogIndex=9, prevLogTerm=1, entries=0, commitIndex=9}
03:48:40.362 [raft-server-raft-partition-2] TRACE i.a.p.raft.roles.FollowerRole - RaftServer{raft-partition-2}{role=FOLLOWER} - Sending AppendResponse{status=OK, term=1, succeeded=true, lastLogIndex=9}
03:48:40.362 [raft-server-raft-partition-2] TRACE i.a.p.raft.roles.FollowerRole - RaftServer{raft-partition-2}{role=FOLLOWER} - Sending AppendResponse{status=OK, term=1, succeeded=true, lastLogIndex=9}
03:48:40.363 [raft-server-raft-partition-2] TRACE i.a.p.raft.roles.LeaderAppender - RaftServer{raft-partition-2} - Received AppendResponse{status=OK, term=1, succeeded=true, lastLogIndex=9} from 3
03:48:40.363 [raft-server-raft-partition-2] TRACE i.a.p.raft.roles.LeaderAppender - RaftServer{raft-partition-2} - Sending AppendRequest{term=1, leader=2, prevLogIndex=9, prevLogTerm=1, entries=0, commitIndex=9} to 3
03:48:40.363 [raft-server-raft-partition-2] TRACE i.a.p.raft.roles.LeaderAppender - RaftServer{raft-partition-2} - Received AppendResponse{status=OK, term=1, succeeded=true, lastLogIndex=9} from 1
03:48:40.363 [raft-server-raft-partition-2] TRACE i.a.p.raft.roles.LeaderAppender - RaftServer{raft-partition-2} - Sending AppendRequest{term=1, leader=2, prevLogIndex=9, prevLogTerm=1, entries=0, commitIndex=9} to 1
03:48:40.363 [raft-server-raft-partition-2] TRACE i.a.p.raft.roles.FollowerRole - RaftServer{raft-partition-2}{role=FOLLOWER} - Received AppendRequest{term=1, leader=2, prevLogIndex=9, prevLogTerm=1, entries=0, commitIndex=9}
03:48:40.363 [raft-server-raft-partition-2] TRACE i.a.p.raft.roles.FollowerRole - RaftServer{raft-partition-2}{role=FOLLOWER} - Sending AppendResponse{status=OK, term=1, succeeded=true, lastLogIndex=9}
03:48:40.363 [raft-server-raft-partition-2] TRACE i.a.p.raft.roles.FollowerRole - RaftServer{raft-partition-2}{role=FOLLOWER} - Received AppendRequest{term=1, leader=2, prevLogIndex=9, prevLogTerm=1, entries=0, commitIndex=9}
03:48:40.363 [raft-server-raft-partition-2] TRACE i.a.p.raft.roles.LeaderAppender - RaftServer{raft-partition-2} - Received AppendResponse{status=OK, term=1, succeeded=true, lastLogIndex=9} from 3
03:48:40.363 [raft-server-raft-partition-2] TRACE i.a.p.raft.roles.FollowerRole - RaftServer{raft-partition-2}{role=FOLLOWER} - Sending AppendResponse{status=OK, term=1, succeeded=true, lastLogIndex=9}
03:48:40.363 [raft-server-raft-partition-2] TRACE i.a.p.raft.roles.LeaderAppender - RaftServer{raft-partition-2} - Received AppendResponse{status=OK, term=1, succeeded=true, lastLogIndex=9} from 1
03:48:40.436 [raft-server-raft-partition-3] TRACE i.a.p.raft.roles.LeaderAppender - RaftServer{raft-partition-3} - Sending AppendRequest{term=1, leader=2, prevLogIndex=6, prevLogTerm=1, entries=0, commitIndex=6} to 3
03:48:40.437 [raft-server-raft-partition-3] TRACE i.a.p.raft.roles.LeaderAppender - RaftServer{raft-partition-3} - Sending AppendRequest{term=1, leader=2, prevLogIndex=6, prevLogTerm=1, entries=0, commitIndex=6} to 1
03:48:40.437 [raft-server-raft-partition-3] TRACE i.a.p.raft.roles.FollowerRole - RaftServer{raft-partition-3}{role=FOLLOWER} - Received AppendRequest{term=1, leader=2, prevLogIndex=6, prevLogTerm=1, entries=0, commitIndex=6}
03:48:40.437 [raft-server-raft-partition-3] TRACE i.a.p.raft.roles.FollowerRole - RaftServer{raft-partition-3}{role=FOLLOWER} - Received AppendRequest{term=1, leader=2, prevLogIndex=6, prevLogTerm=1, entries=0, commitIndex=6}
03:48:40.437 [raft-server-raft-partition-3] TRACE i.a.p.raft.roles.FollowerRole - RaftServer{raft-partition-3}{role=FOLLOWER} - Sending AppendResponse{status=OK, term=1, succeeded=true, lastLogIndex=6}
03:48:40.437 [raft-server-raft-partition-3] TRACE i.a.p.raft.roles.FollowerRole - RaftServer{raft-partition-3}{role=FOLLOWER} - Sending AppendResponse{status=OK, term=1, succeeded=true, lastLogIndex=6}
03:48:40.437 [raft-server-raft-partition-3] TRACE i.a.p.raft.roles.LeaderAppender - RaftServer{raft-partition-3} - Received AppendResponse{status=OK, term=1, succeeded=true, lastLogIndex=6} from 1
03:48:40.437 [raft-server-raft-partition-3] TRACE i.a.p.raft.roles.LeaderAppender - RaftServer{raft-partition-3} - Received AppendResponse{status=OK, term=1, succeeded=true, lastLogIndex=6} from 3
03:48:40.484 [raft-server-raft-partition-1] TRACE i.a.p.raft.roles.LeaderAppender - RaftServer{raft-partition-1} - Sending AppendRequest{term=1, leader=2, prevLogIndex=1, prevLogTerm=1, entries=0, commitIndex=1} to 3
03:48:40.484 [raft-server-raft-partition-1] TRACE i.a.p.raft.roles.LeaderAppender - RaftServer{raft-partition-1} - Sending AppendRequest{term=1, leader=2, prevLogIndex=1, prevLogTerm=1, entries=0, commitIndex=1} to 1
03:48:40.484 [raft-server-raft-partition-1] TRACE i.a.p.raft.roles.FollowerRole - RaftServer{raft-partition-1}{role=FOLLOWER} - Received AppendRequest{term=1, leader=2, prevLogIndex=1, prevLogTerm=1, entries=0, commitIndex=1}
03:48:40.484 [raft-server-raft-partition-1] TRACE i.a.p.raft.roles.FollowerRole - RaftServer{raft-partition-1}{role=FOLLOWER} - Received AppendRequest{term=1, leader=2, prevLogIndex=1, prevLogTerm=1, entries=0, commitIndex=1}
03:48:40.484 [raft-server-raft-partition-1] TRACE i.a.p.raft.roles.FollowerRole - RaftServer{raft-partition-1}{role=FOLLOWER} - Sending AppendResponse{status=OK, term=1, succeeded=true, lastLogIndex=1}
03:48:40.484 [raft-server-raft-partition-1] TRACE i.a.p.raft.roles.FollowerRole - RaftServer{raft-partition-1}{role=FOLLOWER} - Sending AppendResponse{status=OK, term=1, succeeded=true, lastLogIndex=1}
03:48:40.484 [raft-server-raft-partition-1] TRACE i.a.p.raft.roles.LeaderAppender - RaftServer{raft-partition-1} - Received AppendResponse{status=OK, term=1, succeeded=true, lastLogIndex=1} from 1
03:48:40.484 [raft-server-raft-partition-1] TRACE i.a.p.raft.roles.LeaderAppender - RaftServer{raft-partition-1} - Sending AppendRequest{term=1, leader=2, prevLogIndex=1, prevLogTerm=1, entries=0, commitIndex=1} to 1
03:48:40.484 [raft-server-raft-partition-1] TRACE i.a.p.raft.roles.LeaderAppender - RaftServer{raft-partition-1} - Received AppendResponse{status=OK, term=1, succeeded=true, lastLogIndex=1} from 3
03:48:40.484 [raft-server-raft-partition-1] TRACE i.a.p.raft.roles.LeaderAppender - RaftServer{raft-partition-1} - Sending AppendRequest{term=1, leader=2, prevLogIndex=1, prevLogTerm=1, entries=0, commitIndex=1} to 3
03:48:40.484 [raft-server-raft-partition-1] TRACE i.a.p.raft.roles.FollowerRole - RaftServer{raft-partition-1}{role=FOLLOWER} - Received AppendRequest{term=1, leader=2, prevLogIndex=1, prevLogTerm=1, entries=0, commitIndex=1}
03:48:40.484 [raft-server-raft-partition-1] TRACE i.a.p.raft.roles.FollowerRole - RaftServer{raft-partition-1}{role=FOLLOWER} - Sending AppendResponse{status=OK, term=1, succeeded=true, lastLogIndex=1}
03:48:40.484 [raft-server-raft-partition-1] TRACE i.a.p.raft.roles.FollowerRole - RaftServer{raft-partition-1}{role=FOLLOWER} - Received AppendRequest{term=1, leader=2, prevLogIndex=1, prevLogTerm=1, entries=0, commitIndex=1}
03:48:40.485 [raft-server-raft-partition-1] TRACE i.a.p.raft.roles.FollowerRole - RaftServer{raft-partition-1}{role=FOLLOWER} - Sending AppendResponse{status=OK, term=1, succeeded=true, lastLogIndex=1}
03:48:40.485 [raft-server-raft-partition-1] TRACE i.a.p.raft.roles.LeaderAppender - RaftServer{raft-partition-1} - Received AppendResponse{status=OK, term=1, succeeded=true, lastLogIndex=1} from 1
03:48:40.485 [raft-server-raft-partition-1] TRACE i.a.p.raft.roles.LeaderAppender - RaftServer{raft-partition-1} - Sending AppendRequest{term=1, leader=2, prevLogIndex=1, prevLogTerm=1, entries=0, commitIndex=1} to 1
03:48:40.485 [raft-server-raft-partition-1] TRACE i.a.p.raft.roles.LeaderAppender - RaftServer{raft-partition-1} - Received AppendResponse{status=OK, term=1, succeeded=true, lastLogIndex=1} from 3
03:48:40.485 [raft-server-raft-partition-1] TRACE i.a.p.raft.roles.LeaderAppender - RaftServer{raft-partition-1} - Sending AppendRequest{term=1, leader=2, prevLogIndex=1, prevLogTerm=1, entries=0, commitIndex=1} to 3
03:48:40.485 [raft-server-raft-partition-1] TRACE i.a.p.raft.roles.FollowerRole - RaftServer{raft-partition-1}{role=FOLLOWER} - Received AppendRequest{term=1, leader=2, prevLogIndex=1, prevLogTerm=1, entries=0, commitIndex=1}
03:48:40.485 [raft-server-raft-partition-1] TRACE i.a.p.raft.roles.FollowerRole - RaftServer{raft-partition-1}{role=FOLLOWER} - Sending AppendResponse{status=OK, term=1, succeeded=true, lastLogIndex=1}
03:48:40.485 [raft-server-raft-partition-1] TRACE i.a.p.raft.roles.FollowerRole - RaftServer{raft-partition-1}{role=FOLLOWER} - Received AppendRequest{term=1, leader=2, prevLogIndex=1, prevLogTerm=1, entries=0, commitIndex=1}
03:48:40.485 [raft-server-raft-partition-1] TRACE i.a.p.raft.roles.FollowerRole - RaftServer{raft-partition-1}{role=FOLLOWER} - Sending AppendResponse{status=OK, term=1, succeeded=true, lastLogIndex=1}
03:48:40.485 [raft-server-raft-partition-1] TRACE i.a.p.raft.roles.LeaderAppender - RaftServer{raft-partition-1} - Received AppendResponse{status=OK, term=1, succeeded=true, lastLogIndex=1} from 1
03:48:40.485 [raft-server-raft-partition-1] TRACE i.a.p.raft.roles.LeaderAppender - RaftServer{raft-partition-1} - Received AppendResponse{status=OK, term=1, succeeded=true, lastLogIndex=1} from 3
03:48:40.522 [raft-server-system-partition-1] TRACE i.a.p.raft.roles.LeaderAppender - RaftServer{system-partition-1} - Sending AppendRequest{term=1, leader=3, prevLogIndex=65, prevLogTerm=1, entries=0, commitIndex=65} to 2
03:48:40.522 [raft-server-system-partition-1] TRACE i.a.p.raft.roles.LeaderAppender - RaftServer{system-partition-1} - Sending AppendRequest{term=1, leader=3, prevLogIndex=65, prevLogTerm=1, entries=0, commitIndex=65} to 1
03:48:40.522 [raft-server-system-partition-1] TRACE i.a.p.raft.roles.FollowerRole - RaftServer{system-partition-1}{role=FOLLOWER} - Received AppendRequest{term=1, leader=3, prevLogIndex=65, prevLogTerm=1, entries=0, commitIndex=65}
03:48:40.522 [raft-server-system-partition-1] TRACE i.a.p.raft.roles.FollowerRole - RaftServer{system-partition-1}{role=FOLLOWER} - Received AppendRequest{term=1, leader=3, prevLogIndex=65, prevLogTerm=1, entries=0, commitIndex=65}
03:48:40.522 [raft-server-system-partition-1] TRACE i.a.p.raft.roles.FollowerRole - RaftServer{system-partition-1}{role=FOLLOWER} - Sending AppendResponse{status=OK, term=1, succeeded=true, lastLogIndex=65}
03:48:40.522 [raft-server-system-partition-1] TRACE i.a.p.raft.roles.FollowerRole - RaftServer{system-partition-1}{role=FOLLOWER} - Sending AppendResponse{status=OK, term=1, succeeded=true, lastLogIndex=65}
03:48:40.522 [raft-server-system-partition-1] TRACE i.a.p.raft.roles.LeaderAppender - RaftServer{system-partition-1} - Received AppendResponse{status=OK, term=1, succeeded=true, lastLogIndex=65} from 2
03:48:40.522 [raft-server-system-partition-1] TRACE i.a.p.raft.roles.LeaderAppender - RaftServer{system-partition-1} - Sending AppendRequest{term=1, leader=3, prevLogIndex=65, prevLogTerm=1, entries=0, commitIndex=65} to 2
03:48:40.522 [raft-server-system-partition-1] TRACE i.a.p.raft.roles.LeaderAppender - RaftServer{system-partition-1} - Received AppendResponse{status=OK, term=1, succeeded=true, lastLogIndex=65} from 1
03:48:40.522 [raft-server-system-partition-1] TRACE i.a.p.raft.roles.LeaderAppender - RaftServer{system-partition-1} - Sending AppendRequest{term=1, leader=3, prevLogIndex=65, prevLogTerm=1, entries=0, commitIndex=65} to 1
03:48:40.523 [raft-server-system-partition-1] TRACE i.a.p.raft.roles.FollowerRole - RaftServer{system-partition-1}{role=FOLLOWER} - Received AppendRequest{term=1, leader=3, prevLogIndex=65, prevLogTerm=1, entries=0, commitIndex=65}
03:48:40.523 [raft-server-system-partition-1] TRACE i.a.p.raft.roles.FollowerRole - RaftServer{system-partition-1}{role=FOLLOWER} - Received AppendRequest{term=1, leader=3, prevLogIndex=65, prevLogTerm=1, entries=0, commitIndex=65}
03:48:40.523 [raft-server-system-partition-1] TRACE i.a.p.raft.roles.FollowerRole - RaftServer{system-partition-1}{role=FOLLOWER} - Sending AppendResponse{status=OK, term=1, succeeded=true, lastLogIndex=65}
03:48:40.523 [raft-server-system-partition-1] TRACE i.a.p.raft.roles.FollowerRole - RaftServer{system-partition-1}{role=FOLLOWER} - Sending AppendResponse{status=OK, term=1, succeeded=true, lastLogIndex=65}
03:48:40.523 [raft-server-system-partition-1] TRACE i.a.p.raft.roles.LeaderAppender - RaftServer{system-partition-1} - Received AppendResponse{status=OK, term=1, succeeded=true, lastLogIndex=65} from 2
03:48:40.523 [raft-server-system-partition-1] TRACE i.a.p.raft.roles.LeaderAppender - RaftServer{system-partition-1} - Sending AppendRequest{term=1, leader=3, prevLogIndex=65, prevLogTerm=1, entries=0, commitIndex=65} to 2
03:48:40.523 [raft-server-system-partition-1] TRACE i.a.p.raft.roles.LeaderAppender - RaftServer{system-partition-1} - Received AppendResponse{status=OK, term=1, succeeded=true, lastLogIndex=65} from 1
03:48:40.523 [raft-server-system-partition-1] TRACE i.a.p.raft.roles.LeaderAppender - RaftServer{system-partition-1} - Sending AppendRequest{term=1, leader=3, prevLogIndex=65, prevLogTerm=1, entries=0, commitIndex=65} to 1
03:48:40.523 [raft-server-system-partition-1] TRACE i.a.p.raft.roles.FollowerRole - RaftServer{system-partition-1}{role=FOLLOWER} - Received AppendRequest{term=1, leader=3, prevLogIndex=65, prevLogTerm=1, entries=0, commitIndex=65}
03:48:40.523 [raft-server-system-partition-1] TRACE i.a.p.raft.roles.FollowerRole - RaftServer{system-partition-1}{role=FOLLOWER} - Sending AppendResponse{status=OK, term=1, succeeded=true, lastLogIndex=65}
03:48:40.523 [raft-server-system-partition-1] TRACE i.a.p.raft.roles.FollowerRole - RaftServer{system-partition-1}{role=FOLLOWER} - Received AppendRequest{term=1, leader=3, prevLogIndex=65, prevLogTerm=1, entries=0, commitIndex=65}
03:48:40.523 [raft-server-system-partition-1] TRACE i.a.p.raft.roles.FollowerRole - RaftServer{system-partition-1}{role=FOLLOWER} - Sending AppendResponse{status=OK, term=1, succeeded=true, lastLogIndex=65}
03:48:40.523 [raft-server-system-partition-1] TRACE i.a.p.raft.roles.LeaderAppender - RaftServer{system-partition-1} - Received AppendResponse{status=OK, term=1, succeeded=true, lastLogIndex=65} from 2
03:48:40.523 [raft-server-system-partition-1] TRACE i.a.p.raft.roles.LeaderAppender - RaftServer{system-partition-1} - Received AppendResponse{status=OK, term=1, succeeded=true, lastLogIndex=65} from 1
03:48:40.612 [raft-server-raft-partition-2] TRACE i.a.p.raft.roles.LeaderAppender - RaftServer{raft-partition-2} - Sending AppendRequest{term=1, leader=2, prevLogIndex=9, prevLogTerm=1, entries=0, commitIndex=9} to 3
03:48:40.612 [raft-server-raft-partition-2] TRACE i.a.p.raft.roles.LeaderAppender - RaftServer{raft-partition-2} - Sending AppendRequest{term=1, leader=2, prevLogIndex=9, prevLogTerm=1, entries=0, commitIndex=9} to 1
03:48:40.612 [raft-server-raft-partition-2] TRACE i.a.p.raft.roles.FollowerRole - RaftServer{raft-partition-2}{role=FOLLOWER} - Received AppendRequest{term=1, leader=2, prevLogIndex=9, prevLogTerm=1, entries=0, commitIndex=9}
03:48:40.612 [raft-server-raft-partition-2] TRACE i.a.p.raft.roles.FollowerRole - RaftServer{raft-partition-2}{role=FOLLOWER} - Received AppendRequest{term=1, leader=2, prevLogIndex=9, prevLogTerm=1, entries=0, commitIndex=9}
03:48:40.612 [raft-server-raft-partition-2] TRACE i.a.p.raft.roles.FollowerRole - RaftServer{raft-partition-2}{role=FOLLOWER} - Sending AppendResponse{status=OK, term=1, succeeded=true, lastLogIndex=9}
03:48:40.612 [raft-server-raft-partition-2] TRACE i.a.p.raft.roles.FollowerRole - RaftServer{raft-partition-2}{role=FOLLOWER} - Sending AppendResponse{status=OK, term=1, succeeded=true, lastLogIndex=9}
03:48:40.612 [raft-server-raft-partition-2] TRACE i.a.p.raft.roles.LeaderAppender - RaftServer{raft-partition-2} - Received AppendResponse{status=OK, term=1, succeeded=true, lastLogIndex=9} from 3
03:48:40.612 [raft-server-raft-partition-2] TRACE i.a.p.raft.roles.LeaderAppender - RaftServer{raft-partition-2} - Sending AppendRequest{term=1, leader=2, prevLogIndex=9, prevLogTerm=1, entries=0, commitIndex=9} to 3
03:48:40.612 [raft-server-raft-partition-2] TRACE i.a.p.raft.roles.LeaderAppender - RaftServer{raft-partition-2} - Received AppendResponse{status=OK, term=1, succeeded=true, lastLogIndex=9} from 1
03:48:40.612 [raft-server-raft-partition-2] TRACE i.a.p.raft.roles.LeaderAppender - RaftServer{raft-partition-2} - Sending AppendRequest{term=1, leader=2, prevLogIndex=9, prevLogTerm=1, entries=0, commitIndex=9} to 1
03:48:40.612 [raft-server-raft-partition-2] TRACE i.a.p.raft.roles.FollowerRole - RaftServer{raft-partition-2}{role=FOLLOWER} - Received AppendRequest{term=1, leader=2, prevLogIndex=9, prevLogTerm=1, entries=0, commitIndex=9}
03:48:40.612 [raft-server-raft-partition-2] TRACE i.a.p.raft.roles.FollowerRole - RaftServer{raft-partition-2}{role=FOLLOWER} - Sending AppendResponse{status=OK, term=1, succeeded=true, lastLogIndex=9}
03:48:40.612 [raft-server-raft-partition-2] TRACE i.a.p.raft.roles.FollowerRole - RaftServer{raft-partition-2}{role=FOLLOWER} - Received AppendRequest{term=1, leader=2, prevLogIndex=9, prevLogTerm=1, entries=0, commitIndex=9}
03:48:40.612 [raft-server-raft-partition-2] TRACE i.a.p.raft.roles.LeaderAppender - RaftServer{raft-partition-2} - Received AppendResponse{status=OK, term=1, succeeded=true, lastLogIndex=9} from 3
03:48:40.613 [raft-server-raft-partition-2] TRACE i.a.p.raft.roles.FollowerRole - RaftServer{raft-partition-2}{role=FOLLOWER} - Sending AppendResponse{status=OK, term=1, succeeded=true, lastLogIndex=9}
03:48:40.613 [raft-server-raft-partition-2] TRACE i.a.p.raft.roles.LeaderAppender - RaftServer{raft-partition-2} - Sending AppendRequest{term=1, leader=2, prevLogIndex=9, prevLogTerm=1, entries=0, commitIndex=9} to 3
03:48:40.613 [raft-server-raft-partition-2] TRACE i.a.p.raft.roles.LeaderAppender - RaftServer{raft-partition-2} - Received AppendResponse{status=OK, term=1, succeeded=true, lastLogIndex=9} from 1
03:48:40.613 [raft-server-raft-partition-2] TRACE i.a.p.raft.roles.LeaderAppender - RaftServer{raft-partition-2} - Sending AppendRequest{term=1, leader=2, prevLogIndex=9, prevLogTerm=1, entries=0, commitIndex=9} to 1
03:48:40.613 [raft-server-raft-partition-2] TRACE i.a.p.raft.roles.FollowerRole - RaftServer{raft-partition-2}{role=FOLLOWER} - Received AppendRequest{term=1, leader=2, prevLogIndex=9, prevLogTerm=1, entries=0, commitIndex=9}
03:48:40.613 [raft-server-raft-partition-2] TRACE i.a.p.raft.roles.FollowerRole - RaftServer{raft-partition-2}{role=FOLLOWER} - Sending AppendResponse{status=OK, term=1, succeeded=true, lastLogIndex=9}
03:48:40.613 [raft-server-raft-partition-2] TRACE i.a.p.raft.roles.FollowerRole - RaftServer{raft-partition-2}{role=FOLLOWER} - Received AppendRequest{term=1, leader=2, prevLogIndex=9, prevLogTerm=1, entries=0, commitIndex=9}
03:48:40.613 [raft-server-raft-partition-2] TRACE i.a.p.raft.roles.FollowerRole - RaftServer{raft-partition-2}{role=FOLLOWER} - Sending AppendResponse{status=OK, term=1, succeeded=true, lastLogIndex=9}
03:48:40.613 [raft-server-raft-partition-2] TRACE i.a.p.raft.roles.LeaderAppender - RaftServer{raft-partition-2} - Received AppendResponse{status=OK, term=1, succeeded=true, lastLogIndex=9} from 3
03:48:40.613 [raft-server-raft-partition-2] TRACE i.a.p.raft.roles.LeaderAppender - RaftServer{raft-partition-2} - Received AppendResponse{status=OK, term=1, succeeded=true, lastLogIndex=9} from 1
03:48:40.686 [raft-server-raft-partition-3] TRACE i.a.p.raft.roles.LeaderAppender - RaftServer{raft-partition-3} - Sending AppendRequest{term=1, leader=2, prevLogIndex=6, prevLogTerm=1, entries=0, commitIndex=6} to 3
03:48:40.687 [raft-server-raft-partition-3] TRACE i.a.p.raft.roles.LeaderAppender - RaftServer{raft-partition-3} - Sending AppendRequest{term=1, leader=2, prevLogIndex=6, prevLogTerm=1, entries=0, commitIndex=6} to 1
03:48:40.687 [raft-server-raft-partition-3] TRACE i.a.p.raft.roles.FollowerRole - RaftServer{raft-partition-3}{role=FOLLOWER} - Received AppendRequest{term=1, leader=2, prevLogIndex=6, prevLogTerm=1, entries=0, commitIndex=6}
03:48:40.687 [raft-server-raft-partition-3] TRACE i.a.p.raft.roles.FollowerRole - RaftServer{raft-partition-3}{role=FOLLOWER} - Received AppendRequest{term=1, leader=2, prevLogIndex=6, prevLogTerm=1, entries=0, commitIndex=6}
03:48:40.687 [raft-server-raft-partition-3] TRACE i.a.p.raft.roles.FollowerRole - RaftServer{raft-partition-3}{role=FOLLOWER} - Sending AppendResponse{status=OK, term=1, succeeded=true, lastLogIndex=6}
03:48:40.687 [raft-server-raft-partition-3] TRACE i.a.p.raft.roles.FollowerRole - RaftServer{raft-partition-3}{role=FOLLOWER} - Sending AppendResponse{status=OK, term=1, succeeded=true, lastLogIndex=6}
03:48:40.687 [raft-server-raft-partition-3] TRACE i.a.p.raft.roles.LeaderAppender - RaftServer{raft-partition-3} - Received AppendResponse{status=OK, term=1, succeeded=true, lastLogIndex=6} from 1
03:48:40.687 [raft-server-raft-partition-3] TRACE i.a.p.raft.roles.LeaderAppender - RaftServer{raft-partition-3} - Received AppendResponse{status=OK, term=1, succeeded=true, lastLogIndex=6} from 3
03:48:40.734 [raft-server-raft-partition-1] TRACE i.a.p.raft.roles.LeaderAppender - RaftServer{raft-partition-1} - Sending AppendRequest{term=1, leader=2, prevLogIndex=1, prevLogTerm=1, entries=0, commitIndex=1} to 3
03:48:40.734 [raft-server-raft-partition-1] TRACE i.a.p.raft.roles.LeaderAppender - RaftServer{raft-partition-1} - Sending AppendRequest{term=1, leader=2, prevLogIndex=1, prevLogTerm=1, entries=0, commitIndex=1} to 1
03:48:40.734 [raft-server-raft-partition-1] TRACE i.a.p.raft.roles.FollowerRole - RaftServer{raft-partition-1}{role=FOLLOWER} - Received AppendRequest{term=1, leader=2, prevLogIndex=1, prevLogTerm=1, entries=0, commitIndex=1}
03:48:40.734 [raft-server-raft-partition-1] TRACE i.a.p.raft.roles.FollowerRole - RaftServer{raft-partition-1}{role=FOLLOWER} - Received AppendRequest{term=1, leader=2, prevLogIndex=1, prevLogTerm=1, entries=0, commitIndex=1}
03:48:40.734 [raft-server-raft-partition-1] TRACE i.a.p.raft.roles.FollowerRole - RaftServer{raft-partition-1}{role=FOLLOWER} - Sending AppendResponse{status=OK, term=1, succeeded=true, lastLogIndex=1}
03:48:40.734 [raft-server-raft-partition-1] TRACE i.a.p.raft.roles.FollowerRole - RaftServer{raft-partition-1}{role=FOLLOWER} - Sending AppendResponse{status=OK, term=1, succeeded=true, lastLogIndex=1}
03:48:40.734 [raft-server-raft-partition-1] TRACE i.a.p.raft.roles.LeaderAppender - RaftServer{raft-partition-1} - Received AppendResponse{status=OK, term=1, succeeded=true, lastLogIndex=1} from 1
03:48:40.734 [raft-server-raft-partition-1] TRACE i.a.p.raft.roles.LeaderAppender - RaftServer{raft-partition-1} - Sending AppendRequest{term=1, leader=2, prevLogIndex=1, prevLogTerm=1, entries=0, commitIndex=1} to 1
03:48:40.734 [raft-server-raft-partition-1] TRACE i.a.p.raft.roles.LeaderAppender - RaftServer{raft-partition-1} - Received AppendResponse{status=OK, term=1, succeeded=true, lastLogIndex=1} from 3
03:48:40.734 [raft-server-raft-partition-1] TRACE i.a.p.raft.roles.LeaderAppender - RaftServer{raft-partition-1} - Sending AppendRequest{term=1, leader=2, prevLogIndex=1, prevLogTerm=1, entries=0, commitIndex=1} to 3
03:48:40.735 [raft-server-raft-partition-1] TRACE i.a.p.raft.roles.FollowerRole - RaftServer{raft-partition-1}{role=FOLLOWER} - Received AppendRequest{term=1, leader=2, prevLogIndex=1, prevLogTerm=1, entries=0, commitIndex=1}
03:48:40.735 [raft-server-raft-partition-1] TRACE i.a.p.raft.roles.FollowerRole - RaftServer{raft-partition-1}{role=FOLLOWER} - Received AppendRequest{term=1, leader=2, prevLogIndex=1, prevLogTerm=1, entries=0, commitIndex=1}
03:48:40.735 [raft-server-raft-partition-1] TRACE i.a.p.raft.roles.FollowerRole - RaftServer{raft-partition-1}{role=FOLLOWER} - Sending AppendResponse{status=OK, term=1, succeeded=true, lastLogIndex=1}
03:48:40.735 [raft-server-raft-partition-1] TRACE i.a.p.raft.roles.FollowerRole - RaftServer{raft-partition-1}{role=FOLLOWER} - Sending AppendResponse{status=OK, term=1, succeeded=true, lastLogIndex=1}
03:48:40.735 [raft-server-raft-partition-1] TRACE i.a.p.raft.roles.LeaderAppender - RaftServer{raft-partition-1} - Received AppendResponse{status=OK, term=1, succeeded=true, lastLogIndex=1} from 1
03:48:40.735 [raft-server-raft-partition-1] TRACE i.a.p.raft.roles.LeaderAppender - RaftServer{raft-partition-1} - Sending AppendRequest{term=1, leader=2, prevLogIndex=1, prevLogTerm=1, entries=0, commitIndex=1} to 1
03:48:40.735 [raft-server-raft-partition-1] TRACE i.a.p.raft.roles.LeaderAppender - RaftServer{raft-partition-1} - Received AppendResponse{status=OK, term=1, succeeded=true, lastLogIndex=1} from 3
03:48:40.735 [raft-server-raft-partition-1] TRACE i.a.p.raft.roles.LeaderAppender - RaftServer{raft-partition-1} - Sending AppendRequest{term=1, leader=2, prevLogIndex=1, prevLogTerm=1, entries=0, commitIndex=1} to 3
03:48:40.735 [raft-server-raft-partition-1] TRACE i.a.p.raft.roles.FollowerRole - RaftServer{raft-partition-1}{role=FOLLOWER} - Received AppendRequest{term=1, leader=2, prevLogIndex=1, prevLogTerm=1, entries=0, commitIndex=1}
03:48:40.735 [raft-server-raft-partition-1] TRACE i.a.p.raft.roles.FollowerRole - RaftServer{raft-partition-1}{role=FOLLOWER} - Sending AppendResponse{status=OK, term=1, succeeded=true, lastLogIndex=1}
03:48:40.735 [raft-server-raft-partition-1] TRACE i.a.p.raft.roles.FollowerRole - RaftServer{raft-partition-1}{role=FOLLOWER} - Received AppendRequest{term=1, leader=2, prevLogIndex=1, prevLogTerm=1, entries=0, commitIndex=1}
03:48:40.735 [raft-server-raft-partition-1] TRACE i.a.p.raft.roles.FollowerRole - RaftServer{raft-partition-1}{role=FOLLOWER} - Sending AppendResponse{status=OK, term=1, succeeded=true, lastLogIndex=1}
03:48:40.735 [raft-server-raft-partition-1] TRACE i.a.p.raft.roles.LeaderAppender - RaftServer{raft-partition-1} - Received AppendResponse{status=OK, term=1, succeeded=true, lastLogIndex=1} from 1
03:48:40.735 [raft-server-raft-partition-1] TRACE i.a.p.raft.roles.LeaderAppender - RaftServer{raft-partition-1} - Received AppendResponse{status=OK, term=1, succeeded=true, lastLogIndex=1} from 3
03:48:40.772 [raft-server-system-partition-1] TRACE i.a.p.raft.roles.LeaderAppender - RaftServer{system-partition-1} - Sending AppendRequest{term=1, leader=3, prevLogIndex=65, prevLogTerm=1, entries=0, commitIndex=65} to 2
03:48:40.772 [raft-server-system-partition-1] TRACE i.a.p.raft.roles.LeaderAppender - RaftServer{system-partition-1} - Sending AppendRequest{term=1, leader=3, prevLogIndex=65, prevLogTerm=1, entries=0, commitIndex=65} to 1
03:48:40.772 [raft-server-system-partition-1] TRACE i.a.p.raft.roles.FollowerRole - RaftServer{system-partition-1}{role=FOLLOWER} - Received AppendRequest{term=1, leader=3, prevLogIndex=65, prevLogTerm=1, entries=0, commitIndex=65}
03:48:40.772 [raft-server-system-partition-1] TRACE i.a.p.raft.roles.FollowerRole - RaftServer{system-partition-1}{role=FOLLOWER} - Sending AppendResponse{status=OK, term=1, succeeded=true, lastLogIndex=65}
03:48:40.772 [raft-server-system-partition-1] TRACE i.a.p.raft.roles.FollowerRole - RaftServer{system-partition-1}{role=FOLLOWER} - Received AppendRequest{term=1, leader=3, prevLogIndex=65, prevLogTerm=1, entries=0, commitIndex=65}
03:48:40.772 [raft-server-system-partition-1] TRACE i.a.p.raft.roles.FollowerRole - RaftServer{system-partition-1}{role=FOLLOWER} - Sending AppendResponse{status=OK, term=1, succeeded=true, lastLogIndex=65}
03:48:40.772 [raft-server-system-partition-1] TRACE i.a.p.raft.roles.LeaderAppender - RaftServer{system-partition-1} - Received AppendResponse{status=OK, term=1, succeeded=true, lastLogIndex=65} from 2
03:48:40.772 [raft-server-system-partition-1] TRACE i.a.p.raft.roles.LeaderAppender - RaftServer{system-partition-1} - Sending AppendRequest{term=1, leader=3, prevLogIndex=65, prevLogTerm=1, entries=0, commitIndex=65} to 2
03:48:40.773 [raft-server-system-partition-1] TRACE i.a.p.raft.roles.LeaderAppender - RaftServer{system-partition-1} - Received AppendResponse{status=OK, term=1, succeeded=true, lastLogIndex=65} from 1
03:48:40.773 [raft-server-system-partition-1] TRACE i.a.p.raft.roles.LeaderAppender - RaftServer{system-partition-1} - Sending AppendRequest{term=1, leader=3, prevLogIndex=65, prevLogTerm=1, entries=0, commitIndex=65} to 1
03:48:40.773 [raft-server-system-partition-1] TRACE i.a.p.raft.roles.FollowerRole - RaftServer{system-partition-1}{role=FOLLOWER} - Received AppendRequest{term=1, leader=3, prevLogIndex=65, prevLogTerm=1, entries=0, commitIndex=65}
03:48:40.773 [raft-server-system-partition-1] TRACE i.a.p.raft.roles.FollowerRole - RaftServer{system-partition-1}{role=FOLLOWER} - Sending AppendResponse{status=OK, term=1, succeeded=true, lastLogIndex=65}
03:48:40.773 [raft-server-system-partition-1] TRACE i.a.p.raft.roles.FollowerRole - RaftServer{system-partition-1}{role=FOLLOWER} - Received AppendRequest{term=1, leader=3, prevLogIndex=65, prevLogTerm=1, entries=0, commitIndex=65}
03:48:40.773 [raft-server-system-partition-1] TRACE i.a.p.raft.roles.FollowerRole - RaftServer{system-partition-1}{role=FOLLOWER} - Sending AppendResponse{status=OK, term=1, succeeded=true, lastLogIndex=65}
03:48:40.773 [raft-server-system-partition-1] TRACE i.a.p.raft.roles.LeaderAppender - RaftServer{system-partition-1} - Received AppendResponse{status=OK, term=1, succeeded=true, lastLogIndex=65} from 1
03:48:40.773 [raft-server-system-partition-1] TRACE i.a.p.raft.roles.LeaderAppender - RaftServer{system-partition-1} - Received AppendResponse{status=OK, term=1, succeeded=true, lastLogIndex=65} from 2
03:48:40.862 [raft-server-raft-partition-2] TRACE i.a.p.raft.roles.LeaderAppender - RaftServer{raft-partition-2} - Sending AppendRequest{term=1, leader=2, prevLogIndex=9, prevLogTerm=1, entries=0, commitIndex=9} to 3
03:48:40.862 [raft-server-raft-partition-2] TRACE i.a.p.raft.roles.LeaderAppender - RaftServer{raft-partition-2} - Sending AppendRequest{term=1, leader=2, prevLogIndex=9, prevLogTerm=1, entries=0, commitIndex=9} to 1
03:48:40.862 [raft-server-raft-partition-2] TRACE i.a.p.raft.roles.FollowerRole - RaftServer{raft-partition-2}{role=FOLLOWER} - Received AppendRequest{term=1, leader=2, prevLogIndex=9, prevLogTerm=1, entries=0, commitIndex=9}
03:48:40.862 [raft-server-raft-partition-2] TRACE i.a.p.raft.roles.FollowerRole - RaftServer{raft-partition-2}{role=FOLLOWER} - Received AppendRequest{term=1, leader=2, prevLogIndex=9, prevLogTerm=1, entries=0, commitIndex=9}
03:48:40.862 [raft-server-raft-partition-2] TRACE i.a.p.raft.roles.FollowerRole - RaftServer{raft-partition-2}{role=FOLLOWER} - Sending AppendResponse{status=OK, term=1, succeeded=true, lastLogIndex=9}
03:48:40.862 [raft-server-raft-partition-2] TRACE i.a.p.raft.roles.FollowerRole - RaftServer{raft-partition-2}{role=FOLLOWER} - Sending AppendResponse{status=OK, term=1, succeeded=true, lastLogIndex=9}
03:48:40.862 [raft-server-raft-partition-2] TRACE i.a.p.raft.roles.LeaderAppender - RaftServer{raft-partition-2} - Received AppendResponse{status=OK, term=1, succeeded=true, lastLogIndex=9} from 3
03:48:40.862 [raft-server-raft-partition-2] TRACE i.a.p.raft.roles.LeaderAppender - RaftServer{raft-partition-2} - Sending AppendRequest{term=1, leader=2, prevLogIndex=9, prevLogTerm=1, entries=0, commitIndex=9} to 3
03:48:40.862 [raft-server-raft-partition-2] TRACE i.a.p.raft.roles.LeaderAppender - RaftServer{raft-partition-2} - Received AppendResponse{status=OK, term=1, succeeded=true, lastLogIndex=9} from 1
03:48:40.862 [raft-server-raft-partition-2] TRACE i.a.p.raft.roles.LeaderAppender - RaftServer{raft-partition-2} - Sending AppendRequest{term=1, leader=2, prevLogIndex=9, prevLogTerm=1, entries=0, commitIndex=9} to 1
03:48:40.863 [raft-server-raft-partition-2] TRACE i.a.p.raft.roles.FollowerRole - RaftServer{raft-partition-2}{role=FOLLOWER} - Received AppendRequest{term=1, leader=2, prevLogIndex=9, prevLogTerm=1, entries=0, commitIndex=9}
03:48:40.863 [raft-server-raft-partition-2] TRACE i.a.p.raft.roles.FollowerRole - RaftServer{raft-partition-2}{role=FOLLOWER} - Received AppendRequest{term=1, leader=2, prevLogIndex=9, prevLogTerm=1, entries=0, commitIndex=9}
03:48:40.863 [raft-server-raft-partition-2] TRACE i.a.p.raft.roles.FollowerRole - RaftServer{raft-partition-2}{role=FOLLOWER} - Sending AppendResponse{status=OK, term=1, succeeded=true, lastLogIndex=9}
03:48:40.863 [raft-server-raft-partition-2] TRACE i.a.p.raft.roles.FollowerRole - RaftServer{raft-partition-2}{role=FOLLOWER} - Sending AppendResponse{status=OK, term=1, succeeded=true, lastLogIndex=9}
03:48:40.863 [raft-server-raft-partition-2] TRACE i.a.p.raft.roles.LeaderAppender - RaftServer{raft-partition-2} - Received AppendResponse{status=OK, term=1, succeeded=true, lastLogIndex=9} from 3
03:48:40.863 [raft-server-raft-partition-2] TRACE i.a.p.raft.roles.LeaderAppender - RaftServer{raft-partition-2} - Sending AppendRequest{term=1, leader=2, prevLogIndex=9, prevLogTerm=1, entries=0, commitIndex=9} to 3
03:48:40.863 [raft-server-raft-partition-2] TRACE i.a.p.raft.roles.LeaderAppender - RaftServer{raft-partition-2} - Received AppendResponse{status=OK, term=1, succeeded=true, lastLogIndex=9} from 1
03:48:40.863 [raft-server-raft-partition-2] TRACE i.a.p.raft.roles.LeaderAppender - RaftServer{raft-partition-2} - Sending AppendRequest{term=1, leader=2, prevLogIndex=9, prevLogTerm=1, entries=0, commitIndex=9} to 1
03:48:40.863 [raft-server-raft-partition-2] TRACE i.a.p.raft.roles.FollowerRole - RaftServer{raft-partition-2}{role=FOLLOWER} - Received AppendRequest{term=1, leader=2, prevLogIndex=9, prevLogTerm=1, entries=0, commitIndex=9}
03:48:40.863 [raft-server-raft-partition-2] TRACE i.a.p.raft.roles.FollowerRole - RaftServer{raft-partition-2}{role=FOLLOWER} - Sending AppendResponse{status=OK, term=1, succeeded=true, lastLogIndex=9}
03:48:40.863 [raft-server-raft-partition-2] TRACE i.a.p.raft.roles.LeaderAppender - RaftServer{raft-partition-2} - Received AppendResponse{status=OK, term=1, succeeded=true, lastLogIndex=9} from 3
03:48:40.863 [raft-server-raft-partition-2] TRACE i.a.p.raft.roles.FollowerRole - RaftServer{raft-partition-2}{role=FOLLOWER} - Received AppendRequest{term=1, leader=2, prevLogIndex=9, prevLogTerm=1, entries=0, commitIndex=9}
03:48:40.863 [raft-server-raft-partition-2] TRACE i.a.p.raft.roles.FollowerRole - RaftServer{raft-partition-2}{role=FOLLOWER} - Sending AppendResponse{status=OK, term=1, succeeded=true, lastLogIndex=9}
03:48:40.863 [raft-server-raft-partition-2] TRACE i.a.p.raft.roles.LeaderAppender - RaftServer{raft-partition-2} - Received AppendResponse{status=OK, term=1, succeeded=true, lastLogIndex=9} from 1
03:48:40.936 [raft-server-raft-partition-3] TRACE i.a.p.raft.roles.LeaderAppender - RaftServer{raft-partition-3} - Sending AppendRequest{term=1, leader=2, prevLogIndex=6, prevLogTerm=1, entries=0, commitIndex=6} to 3
03:48:40.937 [raft-server-raft-partition-3] TRACE i.a.p.raft.roles.LeaderAppender - RaftServer{raft-partition-3} - Sending AppendRequest{term=1, leader=2, prevLogIndex=6, prevLogTerm=1, entries=0, commitIndex=6} to 1
03:48:40.937 [raft-server-raft-partition-3] TRACE i.a.p.raft.roles.FollowerRole - RaftServer{raft-partition-3}{role=FOLLOWER} - Received AppendRequest{term=1, leader=2, prevLogIndex=6, prevLogTerm=1, entries=0, commitIndex=6}
03:48:40.937 [raft-server-raft-partition-3] TRACE i.a.p.raft.roles.FollowerRole - RaftServer{raft-partition-3}{role=FOLLOWER} - Received AppendRequest{term=1, leader=2, prevLogIndex=6, prevLogTerm=1, entries=0, commitIndex=6}
03:48:40.937 [raft-server-raft-partition-3] TRACE i.a.p.raft.roles.FollowerRole - RaftServer{raft-partition-3}{role=FOLLOWER} - Sending AppendResponse{status=OK, term=1, succeeded=true, lastLogIndex=6}
03:48:40.937 [raft-server-raft-partition-3] TRACE i.a.p.raft.roles.FollowerRole - RaftServer{raft-partition-3}{role=FOLLOWER} - Sending AppendResponse{status=OK, term=1, succeeded=true, lastLogIndex=6}
03:48:40.937 [raft-server-raft-partition-3] TRACE i.a.p.raft.roles.LeaderAppender - RaftServer{raft-partition-3} - Received AppendResponse{status=OK, term=1, succeeded=true, lastLogIndex=6} from 3
03:48:40.937 [raft-server-raft-partition-3] TRACE i.a.p.raft.roles.LeaderAppender - RaftServer{raft-partition-3} - Sending AppendRequest{term=1, leader=2, prevLogIndex=6, prevLogTerm=1, entries=0, commitIndex=6} to 3
03:48:40.937 [raft-server-raft-partition-3] TRACE i.a.p.raft.roles.LeaderAppender - RaftServer{raft-partition-3} - Received AppendResponse{status=OK, term=1, succeeded=true, lastLogIndex=6} from 1
03:48:40.937 [raft-server-raft-partition-3] TRACE i.a.p.raft.roles.FollowerRole - RaftServer{raft-partition-3}{role=FOLLOWER} - Received AppendRequest{term=1, leader=2, prevLogIndex=6, prevLogTerm=1, entries=0, commitIndex=6}
03:48:40.937 [raft-server-raft-partition-3] TRACE i.a.p.raft.roles.FollowerRole - RaftServer{raft-partition-3}{role=FOLLOWER} - Sending AppendResponse{status=OK, term=1, succeeded=true, lastLogIndex=6}
03:48:40.938 [raft-server-raft-partition-3] TRACE i.a.p.raft.roles.LeaderAppender - RaftServer{raft-partition-3} - Received AppendResponse{status=OK, term=1, succeeded=true, lastLogIndex=6} from 3
03:48:40.984 [raft-server-raft-partition-1] TRACE i.a.p.raft.roles.LeaderAppender - RaftServer{raft-partition-1} - Sending AppendRequest{term=1, leader=2, prevLogIndex=1, prevLogTerm=1, entries=0, commitIndex=1} to 3
03:48:40.984 [raft-server-raft-partition-1] TRACE i.a.p.raft.roles.LeaderAppender - RaftServer{raft-partition-1} - Sending AppendRequest{term=1, leader=2, prevLogIndex=1, prevLogTerm=1, entries=0, commitIndex=1} to 1
03:48:40.984 [raft-server-raft-partition-1] TRACE i.a.p.raft.roles.FollowerRole - RaftServer{raft-partition-1}{role=FOLLOWER} - Received AppendRequest{term=1, leader=2, prevLogIndex=1, prevLogTerm=1, entries=0, commitIndex=1}
03:48:40.984 [raft-server-raft-partition-1] TRACE i.a.p.raft.roles.FollowerRole - RaftServer{raft-partition-1}{role=FOLLOWER} - Received AppendRequest{term=1, leader=2, prevLogIndex=1, prevLogTerm=1, entries=0, commitIndex=1}
03:48:40.984 [raft-server-raft-partition-1] TRACE i.a.p.raft.roles.FollowerRole - RaftServer{raft-partition-1}{role=FOLLOWER} - Sending AppendResponse{status=OK, term=1, succeeded=true, lastLogIndex=1}
03:48:40.984 [raft-server-raft-partition-1] TRACE i.a.p.raft.roles.FollowerRole - RaftServer{raft-partition-1}{role=FOLLOWER} - Sending AppendResponse{status=OK, term=1, succeeded=true, lastLogIndex=1}
03:48:40.984 [raft-server-raft-partition-1] TRACE i.a.p.raft.roles.LeaderAppender - RaftServer{raft-partition-1} - Received AppendResponse{status=OK, term=1, succeeded=true, lastLogIndex=1} from 3
03:48:40.984 [raft-server-raft-partition-1] TRACE i.a.p.raft.roles.LeaderAppender - RaftServer{raft-partition-1} - Sending AppendRequest{term=1, leader=2, prevLogIndex=1, prevLogTerm=1, entries=0, commitIndex=1} to 3
03:48:40.984 [raft-server-raft-partition-1] TRACE i.a.p.raft.roles.LeaderAppender - RaftServer{raft-partition-1} - Received AppendResponse{status=OK, term=1, succeeded=true, lastLogIndex=1} from 1
03:48:40.984 [raft-server-raft-partition-1] TRACE i.a.p.raft.roles.LeaderAppender - RaftServer{raft-partition-1} - Sending AppendRequest{term=1, leader=2, prevLogIndex=1, prevLogTerm=1, entries=0, commitIndex=1} to 1
03:48:40.985 [raft-server-raft-partition-1] TRACE i.a.p.raft.roles.FollowerRole - RaftServer{raft-partition-1}{role=FOLLOWER} - Received AppendRequest{term=1, leader=2, prevLogIndex=1, prevLogTerm=1, entries=0, commitIndex=1}
03:48:40.985 [raft-server-raft-partition-1] TRACE i.a.p.raft.roles.FollowerRole - RaftServer{raft-partition-1}{role=FOLLOWER} - Received AppendRequest{term=1, leader=2, prevLogIndex=1, prevLogTerm=1, entries=0, commitIndex=1}
03:48:40.985 [raft-server-raft-partition-1] TRACE i.a.p.raft.roles.FollowerRole - RaftServer{raft-partition-1}{role=FOLLOWER} - Sending AppendResponse{status=OK, term=1, succeeded=true, lastLogIndex=1}
03:48:40.985 [raft-server-raft-partition-1] TRACE i.a.p.raft.roles.FollowerRole - RaftServer{raft-partition-1}{role=FOLLOWER} - Sending AppendResponse{status=OK, term=1, succeeded=true, lastLogIndex=1}
03:48:40.985 [raft-server-raft-partition-1] TRACE i.a.p.raft.roles.LeaderAppender - RaftServer{raft-partition-1} - Received AppendResponse{status=OK, term=1, succeeded=true, lastLogIndex=1} from 3
03:48:40.985 [raft-server-raft-partition-1] TRACE i.a.p.raft.roles.LeaderAppender - RaftServer{raft-partition-1} - Sending AppendRequest{term=1, leader=2, prevLogIndex=1, prevLogTerm=1, entries=0, commitIndex=1} to 3
03:48:40.985 [raft-server-raft-partition-1] TRACE i.a.p.raft.roles.LeaderAppender - RaftServer{raft-partition-1} - Received AppendResponse{status=OK, term=1, succeeded=true, lastLogIndex=1} from 1
03:48:40.985 [raft-server-raft-partition-1] TRACE i.a.p.raft.roles.LeaderAppender - RaftServer{raft-partition-1} - Sending AppendRequest{term=1, leader=2, prevLogIndex=1, prevLogTerm=1, entries=0, commitIndex=1} to 1
03:48:40.985 [raft-server-raft-partition-1] TRACE i.a.p.raft.roles.FollowerRole - RaftServer{raft-partition-1}{role=FOLLOWER} - Received AppendRequest{term=1, leader=2, prevLogIndex=1, prevLogTerm=1, entries=0, commitIndex=1}
03:48:40.985 [raft-server-raft-partition-1] TRACE i.a.p.raft.roles.FollowerRole - RaftServer{raft-partition-1}{role=FOLLOWER} - Sending AppendResponse{status=OK, term=1, succeeded=true, lastLogIndex=1}
03:48:40.985 [raft-server-raft-partition-1] TRACE i.a.p.raft.roles.FollowerRole - RaftServer{raft-partition-1}{role=FOLLOWER} - Received AppendRequest{term=1, leader=2, prevLogIndex=1, prevLogTerm=1, entries=0, commitIndex=1}
03:48:40.985 [raft-server-raft-partition-1] TRACE i.a.p.raft.roles.FollowerRole - RaftServer{raft-partition-1}{role=FOLLOWER} - Sending AppendResponse{status=OK, term=1, succeeded=true, lastLogIndex=1}
03:48:40.985 [raft-server-raft-partition-1] TRACE i.a.p.raft.roles.LeaderAppender - RaftServer{raft-partition-1} - Received AppendResponse{status=OK, term=1, succeeded=true, lastLogIndex=1} from 3
03:48:40.985 [raft-server-raft-partition-1] TRACE i.a.p.raft.roles.LeaderAppender - RaftServer{raft-partition-1} - Received AppendResponse{status=OK, term=1, succeeded=true, lastLogIndex=1} from 1
03:48:41.009 [raft-client-raft-partition-3-1] TRACE i.a.p.r.s.impl.RaftSessionConnection - SessionClient{2}{type=DistributedSemaphoreType{name=semaphore}, name=test-semaphore-timeout} - Sending CommandRequest{session=2, sequence=4, operation=PrimitiveOperation{id=DefaultOperationId{id=release, type=COMMAND}, value=byte[]{length=5, hash=77607541}}} to 2
03:48:41.009 [raft-server-raft-partition-3] TRACE i.a.protocols.raft.roles.LeaderRole - RaftServer{raft-partition-3}{role=LEADER} - Received CommandRequest{session=2, sequence=4, operation=PrimitiveOperation{id=DefaultOperationId{id=release, type=COMMAND}, value=byte[]{length=5, hash=77607541}}}
03:48:41.009 [raft-server-raft-partition-3] TRACE i.a.protocols.raft.roles.LeaderRole - RaftServer{raft-partition-3}{role=LEADER} - Appended Indexed{index=7, entry=CommandEntry{term=1, timestamp=2018-06-10 03:48:41,009, session=2, sequence=4, operation=PrimitiveOperation{id=DefaultOperationId{id=release, type=COMMAND}, value=byte[]{length=5, hash=77607541}}}}
03:48:41.010 [raft-server-raft-partition-3] TRACE i.a.p.raft.roles.LeaderAppender - RaftServer{raft-partition-3} - Sending AppendRequest{term=1, leader=2, prevLogIndex=6, prevLogTerm=1, entries=1, commitIndex=6} to 3
03:48:41.010 [raft-server-raft-partition-3] TRACE i.a.p.raft.roles.LeaderAppender - RaftServer{raft-partition-3} - Sending AppendRequest{term=1, leader=2, prevLogIndex=6, prevLogTerm=1, entries=1, commitIndex=6} to 1
03:48:41.010 [raft-server-raft-partition-3] TRACE i.a.p.raft.roles.FollowerRole - RaftServer{raft-partition-3}{role=FOLLOWER} - Received AppendRequest{term=1, leader=2, prevLogIndex=6, prevLogTerm=1, entries=1, commitIndex=6}
03:48:41.010 [raft-server-raft-partition-3] TRACE i.a.p.raft.roles.FollowerRole - RaftServer{raft-partition-3}{role=FOLLOWER} - Received AppendRequest{term=1, leader=2, prevLogIndex=6, prevLogTerm=1, entries=1, commitIndex=6}
03:48:41.010 [raft-server-raft-partition-3] TRACE i.a.p.raft.roles.FollowerRole - RaftServer{raft-partition-3}{role=FOLLOWER} - Appended Indexed{index=7, entry=CommandEntry{term=1, timestamp=2018-06-10 03:48:41,009, session=2, sequence=4, operation=PrimitiveOperation{id=DefaultOperationId{id=release, type=COMMAND}, value=byte[]{length=5, hash=77607541}}}}
03:48:41.010 [raft-server-raft-partition-3] TRACE i.a.p.raft.roles.FollowerRole - RaftServer{raft-partition-3}{role=FOLLOWER} - Sending AppendResponse{status=OK, term=1, succeeded=true, lastLogIndex=7}
03:48:41.010 [raft-server-raft-partition-3] TRACE i.a.p.raft.roles.FollowerRole - RaftServer{raft-partition-3}{role=FOLLOWER} - Appended Indexed{index=7, entry=CommandEntry{term=1, timestamp=2018-06-10 03:48:41,009, session=2, sequence=4, operation=PrimitiveOperation{id=DefaultOperationId{id=release, type=COMMAND}, value=byte[]{length=5, hash=77607541}}}}
03:48:41.010 [raft-server-raft-partition-3] TRACE i.a.p.raft.roles.FollowerRole - RaftServer{raft-partition-3}{role=FOLLOWER} - Sending AppendResponse{status=OK, term=1, succeeded=true, lastLogIndex=7}
03:48:41.010 [raft-server-raft-partition-3] TRACE i.a.p.raft.roles.LeaderAppender - RaftServer{raft-partition-3} - Received AppendResponse{status=OK, term=1, succeeded=true, lastLogIndex=7} from 3
03:48:41.010 [raft-server-raft-partition-3] TRACE i.a.p.raft.roles.LeaderAppender - RaftServer{raft-partition-3} - Committed entries up to 7
03:48:41.022 [raft-server-system-partition-1] TRACE i.a.p.raft.roles.LeaderAppender - RaftServer{system-partition-1} - Sending AppendRequest{term=1, leader=3, prevLogIndex=65, prevLogTerm=1, entries=0, commitIndex=65} to 2
03:48:41.022 [raft-server-system-partition-1] TRACE i.a.p.raft.roles.LeaderAppender - RaftServer{system-partition-1} - Sending AppendRequest{term=1, leader=3, prevLogIndex=65, prevLogTerm=1, entries=0, commitIndex=65} to 1
03:48:41.022 [raft-server-system-partition-1] TRACE i.a.p.raft.roles.FollowerRole - RaftServer{system-partition-1}{role=FOLLOWER} - Received AppendRequest{term=1, leader=3, prevLogIndex=65, prevLogTerm=1, entries=0, commitIndex=65}
03:48:41.022 [raft-server-system-partition-1] TRACE i.a.p.raft.roles.FollowerRole - RaftServer{system-partition-1}{role=FOLLOWER} - Sending AppendResponse{status=OK, term=1, succeeded=true, lastLogIndex=65}
03:48:41.022 [raft-server-system-partition-1] TRACE i.a.p.raft.roles.FollowerRole - RaftServer{system-partition-1}{role=FOLLOWER} - Received AppendRequest{term=1, leader=3, prevLogIndex=65, prevLogTerm=1, entries=0, commitIndex=65}
03:48:41.022 [raft-server-system-partition-1] TRACE i.a.p.raft.roles.FollowerRole - RaftServer{system-partition-1}{role=FOLLOWER} - Sending AppendResponse{status=OK, term=1, succeeded=true, lastLogIndex=65}
03:48:41.023 [raft-server-system-partition-1] TRACE i.a.p.raft.roles.LeaderAppender - RaftServer{system-partition-1} - Received AppendResponse{status=OK, term=1, succeeded=true, lastLogIndex=65} from 2
03:48:41.023 [raft-server-system-partition-1] TRACE i.a.p.raft.roles.LeaderAppender - RaftServer{system-partition-1} - Sending AppendRequest{term=1, leader=3, prevLogIndex=65, prevLogTerm=1, entries=0, commitIndex=65} to 2
03:48:41.023 [raft-server-system-partition-1] TRACE i.a.p.raft.roles.LeaderAppender - RaftServer{system-partition-1} - Received AppendResponse{status=OK, term=1, succeeded=true, lastLogIndex=65} from 1
03:48:41.023 [raft-server-system-partition-1] TRACE i.a.p.raft.roles.LeaderAppender - RaftServer{system-partition-1} - Sending AppendRequest{term=1, leader=3, prevLogIndex=65, prevLogTerm=1, entries=0, commitIndex=65} to 1
03:48:41.023 [raft-server-system-partition-1] TRACE i.a.p.raft.roles.FollowerRole - RaftServer{system-partition-1}{role=FOLLOWER} - Received AppendRequest{term=1, leader=3, prevLogIndex=65, prevLogTerm=1, entries=0, commitIndex=65}
03:48:41.023 [raft-server-system-partition-1] TRACE i.a.p.raft.roles.FollowerRole - RaftServer{system-partition-1}{role=FOLLOWER} - Sending AppendResponse{status=OK, term=1, succeeded=true, lastLogIndex=65}
03:48:41.023 [raft-server-system-partition-1] TRACE i.a.p.raft.roles.FollowerRole - RaftServer{system-partition-1}{role=FOLLOWER} - Received AppendRequest{term=1, leader=3, prevLogIndex=65, prevLogTerm=1, entries=0, commitIndex=65}
03:48:41.023 [raft-server-system-partition-1] TRACE i.a.p.raft.roles.FollowerRole - RaftServer{system-partition-1}{role=FOLLOWER} - Sending AppendResponse{status=OK, term=1, succeeded=true, lastLogIndex=65}
03:48:41.023 [raft-server-system-partition-1] TRACE i.a.p.raft.roles.LeaderAppender - RaftServer{system-partition-1} - Received AppendResponse{status=OK, term=1, succeeded=true, lastLogIndex=65} from 2
03:48:41.023 [raft-server-system-partition-1] TRACE i.a.p.raft.roles.LeaderAppender - RaftServer{system-partition-1} - Received AppendResponse{status=OK, term=1, succeeded=true, lastLogIndex=65} from 1
03:48:41.035 [raft-server-raft-partition-3] TRACE i.a.p.raft.roles.LeaderAppender - RaftServer{raft-partition-3} - Received AppendResponse{status=OK, term=1, succeeded=true, lastLogIndex=7} from 1
03:48:41.035 [raft-server-raft-partition-3-state] TRACE i.a.p.raft.impl.RaftServiceManager - RaftServer{raft-partition-3} - Applying Indexed{index=7, entry=CommandEntry{term=1, timestamp=2018-06-10 03:48:41,009, session=2, sequence=4, operation=PrimitiveOperation{id=DefaultOperationId{id=release, type=COMMAND}, value=byte[]{length=5, hash=77607541}}}}
03:48:41.036 [raft-server-raft-partition-3-state] TRACE i.a.protocols.raft.roles.LeaderRole - RaftServer{raft-partition-3}{role=LEADER} - Sending CommandResponse{status=OK, index=7, eventIndex=5, result=null}
03:48:41.036 [raft-server-raft-partition-3-1] TRACE i.a.p.raft.session.RaftSession - Session{2}{type=DistributedSemaphoreType{name=semaphore}, name=test-semaphore-timeout} - Sending PublishRequest{session=2, eventIndex=7, previousIndex=5, events=[PrimitiveEvent{type=succeeded, value=byte[]{length=9, hash=-240978569}}]}
03:48:41.036 [raft-client-raft-partition-3-0] TRACE i.a.p.r.s.impl.RaftSessionConnection - SessionClient{2}{type=DistributedSemaphoreType{name=semaphore}, name=test-semaphore-timeout} - Received CommandResponse{status=OK, index=7, eventIndex=5, result=null} from 2
03:48:41.036 [raft-client-raft-partition-3-0] TRACE i.a.p.r.s.impl.RaftSessionSequencer - SessionClient{2}{type=DistributedSemaphoreType{name=semaphore}, name=test-semaphore-timeout} - Completing response CommandResponse{status=OK, index=7, eventIndex=5, result=null}
03:48:41.036 [raft-client-raft-partition-3-2] TRACE i.a.p.r.s.impl.RaftSessionListener - SessionClient{2}{type=DistributedSemaphoreType{name=semaphore}, name=test-semaphore-timeout} - Received PublishRequest{session=2, eventIndex=7, previousIndex=5, events=[PrimitiveEvent{type=succeeded, value=byte[]{length=9, hash=-240978569}}]}
03:48:41.036 [raft-client-raft-partition-3-2] TRACE i.a.p.r.s.impl.RaftSessionSequencer - SessionClient{2}{type=DistributedSemaphoreType{name=semaphore}, name=test-semaphore-timeout} - Completing PublishRequest{session=2, eventIndex=7, previousIndex=5, events=[PrimitiveEvent{type=succeeded, value=byte[]{length=9, hash=-240978569}}]}
03:48:41.037 [raft-client-raft-partition-3-3] TRACE i.a.p.r.s.impl.RaftSessionConnection - SessionClient{2}{type=DistributedSemaphoreType{name=semaphore}, name=test-semaphore-timeout} - Sending CommandRequest{session=2, sequence=5, operation=PrimitiveOperation{id=DefaultOperationId{id=release, type=COMMAND}, value=byte[]{length=5, hash=77607541}}} to 2
03:48:41.037 [raft-server-raft-partition-3] TRACE i.a.protocols.raft.roles.LeaderRole - RaftServer{raft-partition-3}{role=LEADER} - Received CommandRequest{session=2, sequence=5, operation=PrimitiveOperation{id=DefaultOperationId{id=release, type=COMMAND}, value=byte[]{length=5, hash=77607541}}}
03:48:41.037 [raft-server-raft-partition-3] TRACE i.a.protocols.raft.roles.LeaderRole - RaftServer{raft-partition-3}{role=LEADER} - Appended Indexed{index=8, entry=CommandEntry{term=1, timestamp=2018-06-10 03:48:41,037, session=2, sequence=5, operation=PrimitiveOperation{id=DefaultOperationId{id=release, type=COMMAND}, value=byte[]{length=5, hash=77607541}}}}
03:48:41.037 [raft-server-raft-partition-3] TRACE i.a.p.raft.roles.LeaderAppender - RaftServer{raft-partition-3} - Sending AppendRequest{term=1, leader=2, prevLogIndex=7, prevLogTerm=1, entries=1, commitIndex=7} to 3
03:48:41.037 [raft-server-raft-partition-3] TRACE i.a.p.raft.roles.LeaderAppender - RaftServer{raft-partition-3} - Sending AppendRequest{term=1, leader=2, prevLogIndex=7, prevLogTerm=1, entries=1, commitIndex=7} to 1
03:48:41.037 [raft-server-raft-partition-3] TRACE i.a.p.raft.roles.FollowerRole - RaftServer{raft-partition-3}{role=FOLLOWER} - Received AppendRequest{term=1, leader=2, prevLogIndex=7, prevLogTerm=1, entries=1, commitIndex=7}
03:48:41.037 [raft-server-raft-partition-3] TRACE i.a.p.raft.roles.FollowerRole - RaftServer{raft-partition-3}{role=FOLLOWER} - Received AppendRequest{term=1, leader=2, prevLogIndex=7, prevLogTerm=1, entries=1, commitIndex=7}
03:48:41.037 [raft-server-raft-partition-3] TRACE i.a.p.raft.roles.FollowerRole - RaftServer{raft-partition-3}{role=FOLLOWER} - Appended Indexed{index=8, entry=CommandEntry{term=1, timestamp=2018-06-10 03:48:41,037, session=2, sequence=5, operation=PrimitiveOperation{id=DefaultOperationId{id=release, type=COMMAND}, value=byte[]{length=5, hash=77607541}}}}
03:48:41.037 [raft-server-raft-partition-3] TRACE i.a.p.raft.roles.FollowerRole - RaftServer{raft-partition-3}{role=FOLLOWER} - Appended Indexed{index=8, entry=CommandEntry{term=1, timestamp=2018-06-10 03:48:41,037, session=2, sequence=5, operation=PrimitiveOperation{id=DefaultOperationId{id=release, type=COMMAND}, value=byte[]{length=5, hash=77607541}}}}
03:48:41.038 [raft-client-raft-partition-3-0] TRACE i.a.p.r.s.impl.RaftSessionConnection - SessionClient{2}{type=DistributedSemaphoreType{name=semaphore}, name=test-semaphore-timeout} - Sending CommandRequest{session=2, sequence=6, operation=PrimitiveOperation{id=DefaultOperationId{id=acquire, type=COMMAND}, value=byte[]{length=10, hash=1170099628}}} to 2
03:48:41.038 [raft-server-raft-partition-3] TRACE i.a.protocols.raft.roles.LeaderRole - RaftServer{raft-partition-3}{role=LEADER} - Received CommandRequest{session=2, sequence=6, operation=PrimitiveOperation{id=DefaultOperationId{id=acquire, type=COMMAND}, value=byte[]{length=10, hash=1170099628}}}
03:48:41.038 [raft-server-raft-partition-3] TRACE i.a.protocols.raft.roles.LeaderRole - RaftServer{raft-partition-3}{role=LEADER} - Appended Indexed{index=9, entry=CommandEntry{term=1, timestamp=2018-06-10 03:48:41,038, session=2, sequence=6, operation=PrimitiveOperation{id=DefaultOperationId{id=acquire, type=COMMAND}, value=byte[]{length=10, hash=1170099628}}}}
03:48:41.068 [raft-server-raft-partition-3] TRACE i.a.p.raft.roles.FollowerRole - RaftServer{raft-partition-3}{role=FOLLOWER} - Committed entries up to index 7
03:48:41.069 [raft-server-raft-partition-3] TRACE i.a.p.raft.roles.FollowerRole - RaftServer{raft-partition-3}{role=FOLLOWER} - Sending AppendResponse{status=OK, term=1, succeeded=true, lastLogIndex=8}
03:48:41.069 [raft-server-raft-partition-3-state] TRACE i.a.p.raft.impl.RaftServiceManager - RaftServer{raft-partition-3} - Applying Indexed{index=7, entry=CommandEntry{term=1, timestamp=2018-06-10 03:48:41,009, session=2, sequence=4, operation=PrimitiveOperation{id=DefaultOperationId{id=release, type=COMMAND}, value=byte[]{length=5, hash=77607541}}}}
03:48:41.069 [raft-server-raft-partition-3] TRACE i.a.p.raft.roles.LeaderAppender - RaftServer{raft-partition-3} - Received AppendResponse{status=OK, term=1, succeeded=true, lastLogIndex=8} from 3
03:48:41.069 [raft-server-raft-partition-3] TRACE i.a.p.raft.roles.LeaderAppender - RaftServer{raft-partition-3} - Committed entries up to 8
03:48:41.107 [raft-server-raft-partition-3] TRACE i.a.p.raft.roles.FollowerRole - RaftServer{raft-partition-3}{role=FOLLOWER} - Committed entries up to index 7
03:48:41.107 [raft-server-raft-partition-3] TRACE i.a.p.raft.roles.FollowerRole - RaftServer{raft-partition-3}{role=FOLLOWER} - Sending AppendResponse{status=OK, term=1, succeeded=true, lastLogIndex=8}
03:48:41.107 [raft-server-raft-partition-3-state] TRACE i.a.p.raft.impl.RaftServiceManager - RaftServer{raft-partition-3} - Applying Indexed{index=7, entry=CommandEntry{term=1, timestamp=2018-06-10 03:48:41,009, session=2, sequence=4, operation=PrimitiveOperation{id=DefaultOperationId{id=release, type=COMMAND}, value=byte[]{length=5, hash=77607541}}}}
03:48:41.112 [raft-server-raft-partition-2] TRACE i.a.p.raft.roles.LeaderAppender - RaftServer{raft-partition-2} - Sending AppendRequest{term=1, leader=2, prevLogIndex=9, prevLogTerm=1, entries=0, commitIndex=9} to 3
03:48:41.112 [raft-server-raft-partition-2] TRACE i.a.p.raft.roles.LeaderAppender - RaftServer{raft-partition-2} - Sending AppendRequest{term=1, leader=2, prevLogIndex=9, prevLogTerm=1, entries=0, commitIndex=9} to 1
03:48:41.112 [raft-server-raft-partition-2] TRACE i.a.p.raft.roles.FollowerRole - RaftServer{raft-partition-2}{role=FOLLOWER} - Received AppendRequest{term=1, leader=2, prevLogIndex=9, prevLogTerm=1, entries=0, commitIndex=9}
03:48:41.112 [raft-server-raft-partition-2] TRACE i.a.p.raft.roles.FollowerRole - RaftServer{raft-partition-2}{role=FOLLOWER} - Received AppendRequest{term=1, leader=2, prevLogIndex=9, prevLogTerm=1, entries=0, commitIndex=9}
03:48:41.112 [raft-server-raft-partition-2] TRACE i.a.p.raft.roles.FollowerRole - RaftServer{raft-partition-2}{role=FOLLOWER} - Sending AppendResponse{status=OK, term=1, succeeded=true, lastLogIndex=9}
03:48:41.112 [raft-server-raft-partition-2] TRACE i.a.p.raft.roles.FollowerRole - RaftServer{raft-partition-2}{role=FOLLOWER} - Sending AppendResponse{status=OK, term=1, succeeded=true, lastLogIndex=9}
03:48:41.112 [raft-server-raft-partition-2] TRACE i.a.p.raft.roles.LeaderAppender - RaftServer{raft-partition-2} - Received AppendResponse{status=OK, term=1, succeeded=true, lastLogIndex=9} from 3
03:48:41.112 [raft-server-raft-partition-2] TRACE i.a.p.raft.roles.LeaderAppender - RaftServer{raft-partition-2} - Sending AppendRequest{term=1, leader=2, prevLogIndex=9, prevLogTerm=1, entries=0, commitIndex=9} to 3
03:48:41.112 [raft-server-raft-partition-2] TRACE i.a.p.raft.roles.LeaderAppender - RaftServer{raft-partition-2} - Received AppendResponse{status=OK, term=1, succeeded=true, lastLogIndex=9} from 1
03:48:41.112 [raft-server-raft-partition-2] TRACE i.a.p.raft.roles.LeaderAppender - RaftServer{raft-partition-2} - Sending AppendRequest{term=1, leader=2, prevLogIndex=9, prevLogTerm=1, entries=0, commitIndex=9} to 1
03:48:41.113 [raft-server-raft-partition-2] TRACE i.a.p.raft.roles.FollowerRole - RaftServer{raft-partition-2}{role=FOLLOWER} - Received AppendRequest{term=1, leader=2, prevLogIndex=9, prevLogTerm=1, entries=0, commitIndex=9}
03:48:41.113 [raft-server-raft-partition-2] TRACE i.a.p.raft.roles.FollowerRole - RaftServer{raft-partition-2}{role=FOLLOWER} - Received AppendRequest{term=1, leader=2, prevLogIndex=9, prevLogTerm=1, entries=0, commitIndex=9}
03:48:41.113 [raft-server-raft-partition-2] TRACE i.a.p.raft.roles.FollowerRole - RaftServer{raft-partition-2}{role=FOLLOWER} - Sending AppendResponse{status=OK, term=1, succeeded=true, lastLogIndex=9}
03:48:41.113 [raft-server-raft-partition-2] TRACE i.a.p.raft.roles.FollowerRole - RaftServer{raft-partition-2}{role=FOLLOWER} - Sending AppendResponse{status=OK, term=1, succeeded=true, lastLogIndex=9}
03:48:41.113 [raft-server-raft-partition-2] TRACE i.a.p.raft.roles.LeaderAppender - RaftServer{raft-partition-2} - Received AppendResponse{status=OK, term=1, succeeded=true, lastLogIndex=9} from 3
03:48:41.113 [raft-server-raft-partition-2] TRACE i.a.p.raft.roles.LeaderAppender - RaftServer{raft-partition-2} - Sending AppendRequest{term=1, leader=2, prevLogIndex=9, prevLogTerm=1, entries=0, commitIndex=9} to 3
03:48:41.113 [raft-server-raft-partition-2] TRACE i.a.p.raft.roles.LeaderAppender - RaftServer{raft-partition-2} - Received AppendResponse{status=OK, term=1, succeeded=true, lastLogIndex=9} from 1
03:48:41.113 [raft-server-raft-partition-2] TRACE i.a.p.raft.roles.LeaderAppender - RaftServer{raft-partition-2} - Sending AppendRequest{term=1, leader=2, prevLogIndex=9, prevLogTerm=1, entries=0, commitIndex=9} to 1
03:48:41.113 [raft-server-raft-partition-2] TRACE i.a.p.raft.roles.FollowerRole - RaftServer{raft-partition-2}{role=FOLLOWER} - Received AppendRequest{term=1, leader=2, prevLogIndex=9, prevLogTerm=1, entries=0, commitIndex=9}
03:48:41.113 [raft-server-raft-partition-2] TRACE i.a.p.raft.roles.FollowerRole - RaftServer{raft-partition-2}{role=FOLLOWER} - Sending AppendResponse{status=OK, term=1, succeeded=true, lastLogIndex=9}
03:48:41.113 [raft-server-raft-partition-2] TRACE i.a.p.raft.roles.FollowerRole - RaftServer{raft-partition-2}{role=FOLLOWER} - Received AppendRequest{term=1, leader=2, prevLogIndex=9, prevLogTerm=1, entries=0, commitIndex=9}
03:48:41.113 [raft-server-raft-partition-2] TRACE i.a.p.raft.roles.FollowerRole - RaftServer{raft-partition-2}{role=FOLLOWER} - Sending AppendResponse{status=OK, term=1, succeeded=true, lastLogIndex=9}
03:48:41.113 [raft-server-raft-partition-2] TRACE i.a.p.raft.roles.LeaderAppender - RaftServer{raft-partition-2} - Received AppendResponse{status=OK, term=1, succeeded=true, lastLogIndex=9} from 3
03:48:41.113 [raft-server-raft-partition-2] TRACE i.a.p.raft.roles.LeaderAppender - RaftServer{raft-partition-2} - Received AppendResponse{status=OK, term=1, succeeded=true, lastLogIndex=9} from 1
03:48:41.135 [raft-server-raft-partition-3] TRACE i.a.p.raft.roles.LeaderAppender - RaftServer{raft-partition-3} - Sending AppendRequest{term=1, leader=2, prevLogIndex=8, prevLogTerm=1, entries=1, commitIndex=8} to 3
03:48:41.135 [raft-server-raft-partition-3] TRACE i.a.p.raft.roles.LeaderAppender - RaftServer{raft-partition-3} - Received AppendResponse{status=OK, term=1, succeeded=true, lastLogIndex=8} from 1
03:48:41.135 [raft-server-raft-partition-3] TRACE i.a.p.raft.roles.LeaderAppender - RaftServer{raft-partition-3} - Sending AppendRequest{term=1, leader=2, prevLogIndex=8, prevLogTerm=1, entries=1, commitIndex=8} to 1
03:48:41.135 [raft-server-raft-partition-3-state] TRACE i.a.p.raft.impl.RaftServiceManager - RaftServer{raft-partition-3} - Applying Indexed{index=8, entry=CommandEntry{term=1, timestamp=2018-06-10 03:48:41,037, session=2, sequence=5, operation=PrimitiveOperation{id=DefaultOperationId{id=release, type=COMMAND}, value=byte[]{length=5, hash=77607541}}}}
03:48:41.136 [raft-server-raft-partition-3] TRACE i.a.p.raft.roles.FollowerRole - RaftServer{raft-partition-3}{role=FOLLOWER} - Received AppendRequest{term=1, leader=2, prevLogIndex=8, prevLogTerm=1, entries=1, commitIndex=8}
03:48:41.136 [raft-server-raft-partition-3-state] TRACE i.a.protocols.raft.roles.LeaderRole - RaftServer{raft-partition-3}{role=LEADER} - Sending CommandResponse{status=OK, index=8, eventIndex=7, result=null}
03:48:41.136 [raft-server-raft-partition-3] TRACE i.a.p.raft.roles.FollowerRole - RaftServer{raft-partition-3}{role=FOLLOWER} - Appended Indexed{index=9, entry=CommandEntry{term=1, timestamp=2018-06-10 03:48:41,038, session=2, sequence=6, operation=PrimitiveOperation{id=DefaultOperationId{id=acquire, type=COMMAND}, value=byte[]{length=10, hash=1170099628}}}}
03:48:41.136 [raft-server-raft-partition-3] TRACE i.a.p.raft.roles.FollowerRole - RaftServer{raft-partition-3}{role=FOLLOWER} - Received AppendRequest{term=1, leader=2, prevLogIndex=8, prevLogTerm=1, entries=1, commitIndex=8}
03:48:41.136 [raft-client-raft-partition-3-5] TRACE i.a.p.r.s.impl.RaftSessionConnection - SessionClient{2}{type=DistributedSemaphoreType{name=semaphore}, name=test-semaphore-timeout} - Received CommandResponse{status=OK, index=8, eventIndex=7, result=null} from 2
03:48:41.136 [raft-client-raft-partition-3-5] TRACE i.a.p.r.s.impl.RaftSessionSequencer - SessionClient{2}{type=DistributedSemaphoreType{name=semaphore}, name=test-semaphore-timeout} - Completing response CommandResponse{status=OK, index=8, eventIndex=7, result=null}
03:48:41.136 [raft-server-raft-partition-3] TRACE i.a.p.raft.roles.FollowerRole - RaftServer{raft-partition-3}{role=FOLLOWER} - Appended Indexed{index=9, entry=CommandEntry{term=1, timestamp=2018-06-10 03:48:41,038, session=2, sequence=6, operation=PrimitiveOperation{id=DefaultOperationId{id=acquire, type=COMMAND}, value=byte[]{length=10, hash=1170099628}}}}
03:48:41.138 [raft-client-system-partition-1-3] INFO  i.a.p.r.s.impl.RaftSessionManager - RaftClient{system-partition-1} - Closing session 62
03:48:41.139 [raft-client-system-partition-1-3] TRACE i.a.p.r.s.impl.RaftSessionConnection - RaftClient{system-partition-1} - Sending CloseSessionRequest{session=62} to 2
03:48:41.139 [raft-server-system-partition-1] TRACE i.a.p.raft.roles.FollowerRole - RaftServer{system-partition-1}{role=FOLLOWER} - Received CloseSessionRequest{session=62}
03:48:41.139 [raft-server-system-partition-1] TRACE i.a.protocols.raft.roles.LeaderRole - RaftServer{system-partition-1}{role=LEADER} - Received CloseSessionRequest{session=62}
03:48:41.139 [raft-server-system-partition-1] TRACE i.a.protocols.raft.roles.LeaderRole - RaftServer{system-partition-1}{role=LEADER} - Appended Indexed{index=66, entry=CloseSessionEntry{term=1, timestamp=2018-06-10 03:48:41,139, session=62, expired=false}}
03:48:41.139 [raft-server-system-partition-1] TRACE i.a.p.raft.roles.LeaderAppender - RaftServer{system-partition-1} - Sending AppendRequest{term=1, leader=3, prevLogIndex=65, prevLogTerm=1, entries=1, commitIndex=65} to 2
03:48:41.139 [raft-server-system-partition-1] TRACE i.a.p.raft.roles.LeaderAppender - RaftServer{system-partition-1} - Sending AppendRequest{term=1, leader=3, prevLogIndex=65, prevLogTerm=1, entries=1, commitIndex=65} to 1
03:48:41.139 [raft-server-system-partition-1] TRACE i.a.p.raft.roles.FollowerRole - RaftServer{system-partition-1}{role=FOLLOWER} - Received AppendRequest{term=1, leader=3, prevLogIndex=65, prevLogTerm=1, entries=1, commitIndex=65}
03:48:41.139 [raft-server-system-partition-1] TRACE i.a.p.raft.roles.FollowerRole - RaftServer{system-partition-1}{role=FOLLOWER} - Received AppendRequest{term=1, leader=3, prevLogIndex=65, prevLogTerm=1, entries=1, commitIndex=65}
03:48:41.140 [raft-server-system-partition-1] TRACE i.a.p.raft.roles.FollowerRole - RaftServer{system-partition-1}{role=FOLLOWER} - Appended Indexed{index=66, entry=CloseSessionEntry{term=1, timestamp=2018-06-10 03:48:41,139, session=62, expired=false}}
03:48:41.140 [raft-server-system-partition-1] TRACE i.a.p.raft.roles.FollowerRole - RaftServer{system-partition-1}{role=FOLLOWER} - Appended Indexed{index=66, entry=CloseSessionEntry{term=1, timestamp=2018-06-10 03:48:41,139, session=62, expired=false}}
03:48:41.140 [raft-server-system-partition-1] TRACE i.a.p.raft.roles.FollowerRole - RaftServer{system-partition-1}{role=FOLLOWER} - Sending AppendResponse{status=OK, term=1, succeeded=true, lastLogIndex=66}
03:48:41.140 [raft-server-system-partition-1] TRACE i.a.p.raft.roles.FollowerRole - RaftServer{system-partition-1}{role=FOLLOWER} - Sending AppendResponse{status=OK, term=1, succeeded=true, lastLogIndex=66}
03:48:41.140 [raft-server-system-partition-1] TRACE i.a.p.raft.roles.LeaderAppender - RaftServer{system-partition-1} - Received AppendResponse{status=OK, term=1, succeeded=true, lastLogIndex=66} from 1
03:48:41.140 [raft-server-system-partition-1] TRACE i.a.p.raft.roles.LeaderAppender - RaftServer{system-partition-1} - Committed entries up to 66
03:48:41.185 [raft-server-raft-partition-3] TRACE i.a.p.raft.roles.FollowerRole - RaftServer{raft-partition-3}{role=FOLLOWER} - Committed entries up to index 8
03:48:41.185 [raft-server-raft-partition-3] TRACE i.a.p.raft.roles.FollowerRole - RaftServer{raft-partition-3}{role=FOLLOWER} - Sending AppendResponse{status=OK, term=1, succeeded=true, lastLogIndex=9}
03:48:41.185 [raft-server-raft-partition-3-state] TRACE i.a.p.raft.impl.RaftServiceManager - RaftServer{raft-partition-3} - Applying Indexed{index=8, entry=CommandEntry{term=1, timestamp=2018-06-10 03:48:41,037, session=2, sequence=5, operation=PrimitiveOperation{id=DefaultOperationId{id=release, type=COMMAND}, value=byte[]{length=5, hash=77607541}}}}
03:48:41.185 [raft-server-raft-partition-3] TRACE i.a.p.raft.roles.LeaderAppender - RaftServer{raft-partition-3} - Received AppendResponse{status=OK, term=1, succeeded=true, lastLogIndex=9} from 3
03:48:41.185 [raft-server-raft-partition-3] TRACE i.a.p.raft.roles.LeaderAppender - RaftServer{raft-partition-3} - Committed entries up to 9
03:48:41.234 [raft-server-raft-partition-1] TRACE i.a.p.raft.roles.LeaderAppender - RaftServer{raft-partition-1} - Sending AppendRequest{term=1, leader=2, prevLogIndex=1, prevLogTerm=1, entries=0, commitIndex=1} to 3
03:48:41.234 [raft-server-raft-partition-1] TRACE i.a.p.raft.roles.LeaderAppender - RaftServer{raft-partition-1} - Sending AppendRequest{term=1, leader=2, prevLogIndex=1, prevLogTerm=1, entries=0, commitIndex=1} to 1
03:48:41.234 [raft-server-raft-partition-1] TRACE i.a.p.raft.roles.FollowerRole - RaftServer{raft-partition-1}{role=FOLLOWER} - Received AppendRequest{term=1, leader=2, prevLogIndex=1, prevLogTerm=1, entries=0, commitIndex=1}
03:48:41.234 [raft-server-raft-partition-1] TRACE i.a.p.raft.roles.FollowerRole - RaftServer{raft-partition-1}{role=FOLLOWER} - Received AppendRequest{term=1, leader=2, prevLogIndex=1, prevLogTerm=1, entries=0, commitIndex=1}
03:48:41.234 [raft-server-raft-partition-1] TRACE i.a.p.raft.roles.FollowerRole - RaftServer{raft-partition-1}{role=FOLLOWER} - Sending AppendResponse{status=OK, term=1, succeeded=true, lastLogIndex=1}
03:48:41.234 [raft-server-raft-partition-1] TRACE i.a.p.raft.roles.FollowerRole - RaftServer{raft-partition-1}{role=FOLLOWER} - Sending AppendResponse{status=OK, term=1, succeeded=true, lastLogIndex=1}
03:48:41.234 [raft-server-raft-partition-1] TRACE i.a.p.raft.roles.LeaderAppender - RaftServer{raft-partition-1} - Received AppendResponse{status=OK, term=1, succeeded=true, lastLogIndex=1} from 1
03:48:41.234 [raft-server-raft-partition-1] TRACE i.a.p.raft.roles.LeaderAppender - RaftServer{raft-partition-1} - Sending AppendRequest{term=1, leader=2, prevLogIndex=1, prevLogTerm=1, entries=0, commitIndex=1} to 1
03:48:41.234 [raft-server-raft-partition-1] TRACE i.a.p.raft.roles.LeaderAppender - RaftServer{raft-partition-1} - Received AppendResponse{status=OK, term=1, succeeded=true, lastLogIndex=1} from 3
03:48:41.234 [raft-server-raft-partition-1] TRACE i.a.p.raft.roles.LeaderAppender - RaftServer{raft-partition-1} - Sending AppendRequest{term=1, leader=2, prevLogIndex=1, prevLogTerm=1, entries=0, commitIndex=1} to 3
03:48:41.235 [raft-server-raft-partition-1] TRACE i.a.p.raft.roles.FollowerRole - RaftServer{raft-partition-1}{role=FOLLOWER} - Received AppendRequest{term=1, leader=2, prevLogIndex=1, prevLogTerm=1, entries=0, commitIndex=1}
03:48:41.235 [raft-server-raft-partition-1] TRACE i.a.p.raft.roles.FollowerRole - RaftServer{raft-partition-1}{role=FOLLOWER} - Sending AppendResponse{status=OK, term=1, succeeded=true, lastLogIndex=1}
03:48:41.235 [raft-server-raft-partition-1] TRACE i.a.p.raft.roles.FollowerRole - RaftServer{raft-partition-1}{role=FOLLOWER} - Received AppendRequest{term=1, leader=2, prevLogIndex=1, prevLogTerm=1, entries=0, commitIndex=1}
03:48:41.235 [raft-server-raft-partition-1] TRACE i.a.p.raft.roles.FollowerRole - RaftServer{raft-partition-1}{role=FOLLOWER} - Sending AppendResponse{status=OK, term=1, succeeded=true, lastLogIndex=1}
03:48:41.235 [raft-server-raft-partition-1] TRACE i.a.p.raft.roles.LeaderAppender - RaftServer{raft-partition-1} - Received AppendResponse{status=OK, term=1, succeeded=true, lastLogIndex=1} from 3
03:48:41.235 [raft-server-raft-partition-1] TRACE i.a.p.raft.roles.LeaderAppender - RaftServer{raft-partition-1} - Sending AppendRequest{term=1, leader=2, prevLogIndex=1, prevLogTerm=1, entries=0, commitIndex=1} to 3
03:48:41.235 [raft-server-raft-partition-1] TRACE i.a.p.raft.roles.LeaderAppender - RaftServer{raft-partition-1} - Received AppendResponse{status=OK, term=1, succeeded=true, lastLogIndex=1} from 1
03:48:41.235 [raft-server-raft-partition-1] TRACE i.a.p.raft.roles.LeaderAppender - RaftServer{raft-partition-1} - Sending AppendRequest{term=1, leader=2, prevLogIndex=1, prevLogTerm=1, entries=0, commitIndex=1} to 1
03:48:41.235 [raft-server-raft-partition-1] TRACE i.a.p.raft.roles.FollowerRole - RaftServer{raft-partition-1}{role=FOLLOWER} - Received AppendRequest{term=1, leader=2, prevLogIndex=1, prevLogTerm=1, entries=0, commitIndex=1}
03:48:41.235 [raft-server-raft-partition-1] TRACE i.a.p.raft.roles.FollowerRole - RaftServer{raft-partition-1}{role=FOLLOWER} - Received AppendRequest{term=1, leader=2, prevLogIndex=1, prevLogTerm=1, entries=0, commitIndex=1}
03:48:41.235 [raft-server-raft-partition-1] TRACE i.a.p.raft.roles.FollowerRole - RaftServer{raft-partition-1}{role=FOLLOWER} - Sending AppendResponse{status=OK, term=1, succeeded=true, lastLogIndex=1}
03:48:41.235 [raft-server-raft-partition-1] TRACE i.a.p.raft.roles.FollowerRole - RaftServer{raft-partition-1}{role=FOLLOWER} - Sending AppendResponse{status=OK, term=1, succeeded=true, lastLogIndex=1}
03:48:41.235 [raft-server-raft-partition-1] TRACE i.a.p.raft.roles.LeaderAppender - RaftServer{raft-partition-1} - Received AppendResponse{status=OK, term=1, succeeded=true, lastLogIndex=1} from 3
03:48:41.236 [raft-server-raft-partition-1] TRACE i.a.p.raft.roles.LeaderAppender - RaftServer{raft-partition-1} - Received AppendResponse{status=OK, term=1, succeeded=true, lastLogIndex=1} from 1
03:48:41.241 [raft-server-raft-partition-3] TRACE i.a.p.raft.roles.FollowerRole - RaftServer{raft-partition-3}{role=FOLLOWER} - Committed entries up to index 8
03:48:41.241 [raft-server-system-partition-1] TRACE i.a.p.raft.roles.LeaderAppender - RaftServer{system-partition-1} - Received AppendResponse{status=OK, term=1, succeeded=true, lastLogIndex=66} from 2
03:48:41.241 [raft-server-raft-partition-3] TRACE i.a.p.raft.roles.LeaderAppender - RaftServer{raft-partition-3} - Sending AppendRequest{term=1, leader=2, prevLogIndex=9, prevLogTerm=1, entries=0, commitIndex=9} to 3
03:48:41.241 [raft-server-raft-partition-3] TRACE i.a.p.raft.roles.FollowerRole - RaftServer{raft-partition-3}{role=FOLLOWER} - Sending AppendResponse{status=OK, term=1, succeeded=true, lastLogIndex=9}
03:48:41.241 [raft-server-system-partition-1-state] TRACE i.a.p.raft.impl.RaftServiceManager - RaftServer{system-partition-1} - Applying Indexed{index=66, entry=CloseSessionEntry{term=1, timestamp=2018-06-10 03:48:41,139, session=62, expired=false}}
03:48:41.241 [raft-server-system-partition-1-state] DEBUG i.a.p.r.service.RaftServiceContext - PrimitiveService{29}{type=ConsistentMapType{name=consistent-map}, name=primitives} - Closing session 62
03:48:41.241 [raft-server-raft-partition-3-state] TRACE i.a.p.raft.impl.RaftServiceManager - RaftServer{raft-partition-3} - Applying Indexed{index=9, entry=CommandEntry{term=1, timestamp=2018-06-10 03:48:41,038, session=2, sequence=6, operation=PrimitiveOperation{id=DefaultOperationId{id=acquire, type=COMMAND}, value=byte[]{length=10, hash=1170099628}}}}
03:48:41.241 [raft-server-system-partition-1-state] DEBUG i.a.p.raft.session.RaftSession - Session{62}{type=ConsistentMapType{name=consistent-map}, name=primitives} - State changed: CLOSED
03:48:41.241 [raft-server-raft-partition-3-state] TRACE i.a.p.raft.impl.RaftServiceManager - RaftServer{raft-partition-3} - Applying Indexed{index=8, entry=CommandEntry{term=1, timestamp=2018-06-10 03:48:41,037, session=2, sequence=5, operation=PrimitiveOperation{id=DefaultOperationId{id=release, type=COMMAND}, value=byte[]{length=5, hash=77607541}}}}
03:48:41.242 [raft-server-raft-partition-3] TRACE i.a.p.raft.roles.LeaderAppender - RaftServer{raft-partition-3} - Received AppendResponse{status=OK, term=1, succeeded=true, lastLogIndex=9} from 1
03:48:41.242 [raft-server-raft-partition-3] TRACE i.a.p.raft.roles.FollowerRole - RaftServer{raft-partition-3}{role=FOLLOWER} - Received AppendRequest{term=1, leader=2, prevLogIndex=9, prevLogTerm=1, entries=0, commitIndex=9}
03:48:41.242 [raft-server-system-partition-1-state] TRACE i.a.protocols.raft.roles.LeaderRole - RaftServer{system-partition-1}{role=LEADER} - Sending CloseSessionResponse{status=OK}
03:48:41.242 [raft-server-raft-partition-3] TRACE i.a.p.raft.roles.LeaderAppender - RaftServer{raft-partition-3} - Sending AppendRequest{term=1, leader=2, prevLogIndex=9, prevLogTerm=1, entries=0, commitIndex=9} to 1
03:48:41.242 [raft-server-raft-partition-3] TRACE i.a.p.raft.roles.FollowerRole - RaftServer{raft-partition-3}{role=FOLLOWER} - Committed entries up to index 9
03:48:41.242 [raft-server-raft-partition-3-state] TRACE i.a.protocols.raft.roles.LeaderRole - RaftServer{raft-partition-3}{role=LEADER} - Sending CommandResponse{status=OK, index=9, eventIndex=7, result=null}
03:48:41.242 [raft-server-raft-partition-3-0] TRACE i.a.p.raft.session.RaftSession - Session{2}{type=DistributedSemaphoreType{name=semaphore}, name=test-semaphore-timeout} - Sending PublishRequest{session=2, eventIndex=9, previousIndex=7, events=[PrimitiveEvent{type=succeeded, value=byte[]{length=9, hash=-239125761}}]}
03:48:41.242 [raft-server-raft-partition-3] TRACE i.a.p.raft.roles.FollowerRole - RaftServer{raft-partition-3}{role=FOLLOWER} - Sending AppendResponse{status=OK, term=1, succeeded=true, lastLogIndex=9}
03:48:41.242 [raft-server-system-partition-1] TRACE i.a.p.raft.roles.FollowerRole - RaftServer{system-partition-1}{role=FOLLOWER} - Sending CloseSessionResponse{status=OK}
03:48:41.242 [raft-server-raft-partition-3] TRACE i.a.p.raft.roles.FollowerRole - RaftServer{raft-partition-3}{role=FOLLOWER} - Received AppendRequest{term=1, leader=2, prevLogIndex=9, prevLogTerm=1, entries=0, commitIndex=9}
03:48:41.242 [raft-client-raft-partition-3-6] TRACE i.a.p.r.s.impl.RaftSessionConnection - SessionClient{2}{type=DistributedSemaphoreType{name=semaphore}, name=test-semaphore-timeout} - Received CommandResponse{status=OK, index=9, eventIndex=7, result=null} from 2
03:48:41.242 [raft-server-raft-partition-3-state] TRACE i.a.p.raft.impl.RaftServiceManager - RaftServer{raft-partition-3} - Applying Indexed{index=9, entry=CommandEntry{term=1, timestamp=2018-06-10 03:48:41,038, session=2, sequence=6, operation=PrimitiveOperation{id=DefaultOperationId{id=acquire, type=COMMAND}, value=byte[]{length=10, hash=1170099628}}}}
03:48:41.242 [raft-server-raft-partition-3] TRACE i.a.p.raft.roles.LeaderAppender - RaftServer{raft-partition-3} - Received AppendResponse{status=OK, term=1, succeeded=true, lastLogIndex=9} from 3
03:48:41.242 [raft-server-raft-partition-3] TRACE i.a.p.raft.roles.FollowerRole - RaftServer{raft-partition-3}{role=FOLLOWER} - Committed entries up to index 9
03:48:41.242 [raft-client-raft-partition-3-6] TRACE i.a.p.r.s.impl.RaftSessionSequencer - SessionClient{2}{type=DistributedSemaphoreType{name=semaphore}, name=test-semaphore-timeout} - Completing response CommandResponse{status=OK, index=9, eventIndex=7, result=null}
03:48:41.242 [raft-client-system-partition-1-4] TRACE i.a.p.r.s.impl.RaftSessionConnection - RaftClient{system-partition-1} - Received CloseSessionResponse{status=OK} from 2
03:48:41.242 [raft-server-raft-partition-3] TRACE i.a.p.raft.roles.LeaderAppender - RaftServer{raft-partition-3} - Sending AppendRequest{term=1, leader=2, prevLogIndex=9, prevLogTerm=1, entries=0, commitIndex=9} to 3
03:48:41.242 [raft-server-raft-partition-3] TRACE i.a.p.raft.roles.FollowerRole - RaftServer{raft-partition-3}{role=FOLLOWER} - Sending AppendResponse{status=OK, term=1, succeeded=true, lastLogIndex=9}
03:48:41.243 [raft-client-raft-partition-3-6] TRACE i.a.p.r.s.impl.RaftSessionListener - SessionClient{2}{type=DistributedSemaphoreType{name=semaphore}, name=test-semaphore-timeout} - Received PublishRequest{session=2, eventIndex=9, previousIndex=7, events=[PrimitiveEvent{type=succeeded, value=byte[]{length=9, hash=-239125761}}]}
03:48:41.243 [raft-client-system-partition-1-4] INFO  i.a.core.impl.CorePrimitivesService - Stopped
03:48:41.243 [raft-server-raft-partition-3] TRACE i.a.p.raft.roles.FollowerRole - RaftServer{raft-partition-3}{role=FOLLOWER} - Received AppendRequest{term=1, leader=2, prevLogIndex=9, prevLogTerm=1, entries=0, commitIndex=9}
03:48:41.243 [raft-server-raft-partition-3-state] TRACE i.a.p.raft.impl.RaftServiceManager - RaftServer{raft-partition-3} - Applying Indexed{index=9, entry=CommandEntry{term=1, timestamp=2018-06-10 03:48:41,038, session=2, sequence=6, operation=PrimitiveOperation{id=DefaultOperationId{id=acquire, type=COMMAND}, value=byte[]{length=10, hash=1170099628}}}}
03:48:41.243 [raft-client-raft-partition-3-6] TRACE i.a.p.r.s.impl.RaftSessionSequencer - SessionClient{2}{type=DistributedSemaphoreType{name=semaphore}, name=test-semaphore-timeout} - Completing PublishRequest{session=2, eventIndex=9, previousIndex=7, events=[PrimitiveEvent{type=succeeded, value=byte[]{length=9, hash=-239125761}}]}
03:48:41.243 [raft-server-raft-partition-3] TRACE i.a.p.raft.roles.LeaderAppender - RaftServer{raft-partition-3} - Received AppendResponse{status=OK, term=1, succeeded=true, lastLogIndex=9} from 1
03:48:41.243 [raft-server-raft-partition-3] TRACE i.a.p.raft.roles.FollowerRole - RaftServer{raft-partition-3}{role=FOLLOWER} - Sending AppendResponse{status=OK, term=1, succeeded=true, lastLogIndex=9}
03:48:41.243 [atomix-0] INFO  i.a.p.b.p.PrimaryBackupPartitionGroup - Stopped
03:48:41.243 [ForkJoinPool.commonPool-worker-7] INFO  i.a.p.r.partition.RaftPartitionGroup - Stopped
03:48:41.243 [raft-client-raft-partition-3-1] TRACE i.a.p.r.s.impl.RaftSessionConnection - SessionClient{2}{type=DistributedSemaphoreType{name=semaphore}, name=test-semaphore-timeout} - Sending CommandRequest{session=2, sequence=7, operation=PrimitiveOperation{id=DefaultOperationId{id=release, type=COMMAND}, value=byte[]{length=5, hash=77607541}}} to 2
03:48:41.243 [raft-server-raft-partition-3] TRACE i.a.p.raft.roles.LeaderAppender - RaftServer{raft-partition-3} - Received AppendResponse{status=OK, term=1, succeeded=true, lastLogIndex=9} from 3
03:48:41.243 [raft-server-raft-partition-3] TRACE i.a.protocols.raft.roles.LeaderRole - RaftServer{raft-partition-3}{role=LEADER} - Received CommandRequest{session=2, sequence=7, operation=PrimitiveOperation{id=DefaultOperationId{id=release, type=COMMAND}, value=byte[]{length=5, hash=77607541}}}
03:48:41.243 [raft-server-raft-partition-3] TRACE i.a.protocols.raft.roles.LeaderRole - RaftServer{raft-partition-3}{role=LEADER} - Appended Indexed{index=10, entry=CommandEntry{term=1, timestamp=2018-06-10 03:48:41,243, session=2, sequence=7, operation=PrimitiveOperation{id=DefaultOperationId{id=release, type=COMMAND}, value=byte[]{length=5, hash=77607541}}}}
03:48:41.244 [raft-server-raft-partition-3] TRACE i.a.p.raft.roles.LeaderAppender - RaftServer{raft-partition-3} - Sending AppendRequest{term=1, leader=2, prevLogIndex=9, prevLogTerm=1, entries=1, commitIndex=9} to 3
03:48:41.244 [raft-server-raft-partition-3] TRACE i.a.p.raft.roles.LeaderAppender - RaftServer{raft-partition-3} - Sending AppendRequest{term=1, leader=2, prevLogIndex=9, prevLogTerm=1, entries=1, commitIndex=9} to 1
03:48:41.244 [raft-server-raft-partition-3] TRACE i.a.p.raft.roles.FollowerRole - RaftServer{raft-partition-3}{role=FOLLOWER} - Received AppendRequest{term=1, leader=2, prevLogIndex=9, prevLogTerm=1, entries=1, commitIndex=9}
03:48:41.244 [raft-server-raft-partition-3] TRACE i.a.p.raft.roles.FollowerRole - RaftServer{raft-partition-3}{role=FOLLOWER} - Received AppendRequest{term=1, leader=2, prevLogIndex=9, prevLogTerm=1, entries=1, commitIndex=9}
03:48:41.244 [raft-server-raft-partition-3] TRACE i.a.p.raft.roles.FollowerRole - RaftServer{raft-partition-3}{role=FOLLOWER} - Appended Indexed{index=10, entry=CommandEntry{term=1, timestamp=2018-06-10 03:48:41,243, session=2, sequence=7, operation=PrimitiveOperation{id=DefaultOperationId{id=release, type=COMMAND}, value=byte[]{length=5, hash=77607541}}}}
03:48:41.244 [raft-server-raft-partition-3] TRACE i.a.p.raft.roles.FollowerRole - RaftServer{raft-partition-3}{role=FOLLOWER} - Appended Indexed{index=10, entry=CommandEntry{term=1, timestamp=2018-06-10 03:48:41,243, session=2, sequence=7, operation=PrimitiveOperation{id=DefaultOperationId{id=release, type=COMMAND}, value=byte[]{length=5, hash=77607541}}}}
03:48:41.244 [raft-server-raft-partition-3] TRACE i.a.p.raft.roles.FollowerRole - RaftServer{raft-partition-3}{role=FOLLOWER} - Sending AppendResponse{status=OK, term=1, succeeded=true, lastLogIndex=10}
03:48:41.244 [raft-server-raft-partition-3] TRACE i.a.p.raft.roles.FollowerRole - RaftServer{raft-partition-3}{role=FOLLOWER} - Sending AppendResponse{status=OK, term=1, succeeded=true, lastLogIndex=10}
03:48:41.244 [ForkJoinPool.commonPool-worker-7] INFO  i.a.p.r.partition.RaftPartitionGroup - Stopped
03:48:41.244 [raft-server-raft-partition-3] TRACE i.a.p.raft.roles.LeaderAppender - RaftServer{raft-partition-3} - Received AppendResponse{status=OK, term=1, succeeded=true, lastLogIndex=10} from 3
03:48:41.244 [raft-server-raft-partition-3] TRACE i.a.p.raft.roles.LeaderAppender - RaftServer{raft-partition-3} - Committed entries up to 10
03:48:41.244 [ForkJoinPool.commonPool-worker-7] INFO  i.a.p.p.i.DefaultPartitionGroupMembershipService - Stopped
03:48:41.244 [ForkJoinPool.commonPool-worker-7] INFO  i.a.p.p.impl.DefaultPartitionService - Stopped
03:48:41.244 [atomix-0] INFO  i.a.c.m.i.DefaultClusterCommunicationService - Stopped
03:48:41.245 [atomix-cluster-0] INFO  i.a.c.m.i.DefaultClusterEventService - Stopped
03:48:41.245 [atomix-cluster-0] INFO  i.a.c.i.DefaultClusterMembershipService - 10 - Member deactivated: StatefulMember{id=10, address=localhost:5010, metadata={}}
03:48:41.245 [atomix-cluster-0] INFO  i.a.c.i.DefaultClusterMembershipService - Stopped
03:48:41.250 [netty-messaging-event-epoll-server-0] INFO  i.a.c.m.impl.NettyMessagingService - Stopped
03:48:41.251 [atomix-cluster-0] INFO  io.atomix.cluster.AtomixCluster - Stopped
</system-out>
  </testcase>
  <testcase name="testExpireRace" classname="io.atomix.core.semaphore.impl.RaftSemaphoreTest" time="2.031">
    <skipped message="depends on performance"/>
  </testcase>
  <testcase name="testQueue" classname="io.atomix.core.semaphore.impl.RaftSemaphoreTest" time="1.113"/>
  <testcase name="testInit" classname="io.atomix.core.semaphore.impl.RaftSemaphoreTest" time="1.656"/>
  <testcase name="testBlockTimeout" classname="io.atomix.core.semaphore.impl.RaftSemaphoreTest" time="7.065"/>
  <testcase name="testAcquireRelease" classname="io.atomix.core.semaphore.impl.RaftSemaphoreTest" time="1.18"/>
  <testcase name="testIncreaseReduceDrain" classname="io.atomix.core.semaphore.impl.RaftSemaphoreTest" time="1.247"/>
  <testcase name="testBlocking" classname="io.atomix.core.semaphore.impl.RaftSemaphoreTest" time="1.652"/>
  <testcase name="testHolderStatus" classname="io.atomix.core.semaphore.impl.RaftSemaphoreTest" time="1.69"/>
  <testcase name="testSnapshot" classname="io.atomix.core.semaphore.impl.RaftSemaphoreTest" time="1.714">
    <skipped/>
  </testcase>
  <testcase name="testInterrupt" classname="io.atomix.core.semaphore.impl.RaftSemaphoreTest" time="1.918"/>
  <testcase name="testOverflow" classname="io.atomix.core.semaphore.impl.RaftSemaphoreTest" time="1.172"/>
  <testcase name="testExpire" classname="io.atomix.core.semaphore.impl.RaftSemaphoreTest" time="1.477"/>
  <testcase name="testReleaseSession" classname="io.atomix.core.semaphore.impl.RaftSemaphoreTest" time="2.046"/>
</testsuite>