<?xml version="1.0" encoding="UTF-8"?>
<testsuite name="io.atomix.core.map.impl.RaftConsistentTreeMapTest" time="0.673" tests="1" errors="1" skipped="0" failures="0">
  <properties>
    <property name="java.runtime.name" value="OpenJDK Runtime Environment"/>
    <property name="sun.boot.library.path" value="/usr/lib/jvm/java-8-openjdk-amd64/jre/lib/amd64"/>
    <property name="java.vm.version" value="25.121-b13"/>
    <property name="java.vm.vendor" value="Oracle Corporation"/>
    <property name="maven.multiModuleProjectDirectory" value="/root/workspace/atomix/atomix/390624982"/>
    <property name="java.vendor.url" value="http://java.oracle.com/"/>
    <property name="path.separator" value=":"/>
    <property name="guice.disable.misplaced.annotation.check" value="true"/>
    <property name="skip.gulp" value="true"/>
    <property name="java.vm.name" value="OpenJDK 64-Bit Server VM"/>
    <property name="file.encoding.pkg" value="sun.io"/>
    <property name="sun.java.launcher" value="SUN_STANDARD"/>
    <property name="sun.os.patch.level" value="unknown"/>
    <property name="findbugs.skip" value="true"/>
    <property name="java.vm.specification.name" value="Java Virtual Machine Specification"/>
    <property name="user.dir" value="/root/workspace/atomix/atomix/390624982"/>
    <property name="checkstyle.skip" value="true"/>
    <property name="java.runtime.version" value="1.8.0_121-8u121-b13-1~bpo8+1-b13"/>
    <property name="java.awt.graphicsenv" value="sun.awt.X11GraphicsEnvironment"/>
    <property name="skip.npm" value="true"/>
    <property name="java.endorsed.dirs" value="/usr/lib/jvm/java-8-openjdk-amd64/jre/lib/endorsed"/>
    <property name="os.arch" value="amd64"/>
    <property name="java.io.tmpdir" value="/tmp"/>
    <property name="gpg.skip" value="true"/>
    <property name="line.separator" value="&#10;"/>
    <property name="java.vm.specification.vendor" value="Oracle Corporation"/>
    <property name="cobertura.skip" value="true"/>
    <property name="os.name" value="Linux"/>
    <property name="classworlds.conf" value="/usr/share/maven/bin/m2.conf"/>
    <property name="sun.jnu.encoding" value="UTF-8"/>
    <property name="java.library.path" value="/usr/java/packages/lib/amd64:/usr/lib/x86_64-linux-gnu/jni:/lib/x86_64-linux-gnu:/usr/lib/x86_64-linux-gnu:/usr/lib/jni:/lib:/usr/lib"/>
    <property name="license.skip" value="true"/>
    <property name="java.specification.name" value="Java Platform API Specification"/>
    <property name="java.class.version" value="52.0"/>
    <property name="sun.management.compiler" value="HotSpot 64-Bit Tiered Compilers"/>
    <property name="skip.bower" value="true"/>
    <property name="maven.repo.local" value="/root/./workspace/atomix/atomix/390624982/.m2"/>
    <property name="os.version" value="3.10.0-862.3.2.el7.x86_64"/>
    <property name="user.home" value="/root"/>
    <property name="user.timezone" value="Europe/Paris"/>
    <property name="java.awt.printerjob" value="sun.print.PSPrinterJob"/>
    <property name="java.specification.version" value="1.8"/>
    <property name="file.encoding" value="UTF-8"/>
    <property name="user.name" value="root"/>
    <property name="java.class.path" value="/usr/share/maven/boot/plexus-classworlds-2.5.2.jar"/>
    <property name="skipITs" value="true"/>
    <property name="java.vm.specification.version" value="1.8"/>
    <property name="sun.arch.data.model" value="64"/>
    <property name="java.home" value="/usr/lib/jvm/java-8-openjdk-amd64/jre"/>
    <property name="sun.java.command" value="org.codehaus.plexus.classworlds.launcher.Launcher -B -D enforcer.skip=true -D dependency-check.skip=true -D skipITs=true -D cobertura.skip=true -D maven.repo.local=/root/./workspace/atomix/atomix/390624982/.m2 -D rat.skip=true -D findbugs.skip=true -D skip.bower=true -D gpg.skip=true -D checkstyle.skip=true -D skip.gulp=true -D license.skip=true -D skip.npm=true test"/>
    <property name="java.specification.vendor" value="Oracle Corporation"/>
    <property name="user.language" value="en"/>
    <property name="awt.toolkit" value="sun.awt.X11.XToolkit"/>
    <property name="dependency-check.skip" value="true"/>
    <property name="java.vm.info" value="mixed mode"/>
    <property name="java.version" value="1.8.0_121"/>
    <property name="java.ext.dirs" value="/usr/lib/jvm/java-8-openjdk-amd64/jre/lib/ext:/usr/java/packages/lib/ext"/>
    <property name="securerandom.source" value="file:/dev/./urandom"/>
    <property name="sun.boot.class.path" value="/usr/lib/jvm/java-8-openjdk-amd64/jre/lib/resources.jar:/usr/lib/jvm/java-8-openjdk-amd64/jre/lib/rt.jar:/usr/lib/jvm/java-8-openjdk-amd64/jre/lib/sunrsasign.jar:/usr/lib/jvm/java-8-openjdk-amd64/jre/lib/jsse.jar:/usr/lib/jvm/java-8-openjdk-amd64/jre/lib/jce.jar:/usr/lib/jvm/java-8-openjdk-amd64/jre/lib/charsets.jar:/usr/lib/jvm/java-8-openjdk-amd64/jre/lib/jfr.jar:/usr/lib/jvm/java-8-openjdk-amd64/jre/classes"/>
    <property name="java.vendor" value="Oracle Corporation"/>
    <property name="enforcer.skip" value="true"/>
    <property name="rat.skip" value="true"/>
    <property name="maven.home" value="/usr/share/maven"/>
    <property name="file.separator" value="/"/>
    <property name="java.vendor.url.bug" value="http://bugreport.sun.com/bugreport/"/>
    <property name="sun.cpu.endian" value="little"/>
    <property name="sun.io.unicode.encoding" value="UnicodeLittle"/>
    <property name="sun.cpu.isalist" value=""/>
  </properties>
  <testcase name="io.atomix.core.map.impl.RaftConsistentTreeMapTest" classname="io.atomix.core.map.impl.RaftConsistentTreeMapTest" time="0.673">
    <error message="io.netty.channel.unix.Errors$NativeIoException: bind(..) failed: Address already in use" type="java.util.concurrent.ExecutionException">java.util.concurrent.ExecutionException: io.netty.channel.unix.Errors$NativeIoException: bind(..) failed: Address already in use
	at io.netty.channel.unix.Errors.newIOException(Errors.java:122)
	at io.netty.channel.unix.Socket.bind(Socket.java:287)
	at io.netty.channel.epoll.AbstractEpollChannel.doBind(AbstractEpollChannel.java:688)
	at io.netty.channel.epoll.EpollServerSocketChannel.doBind(EpollServerSocketChannel.java:70)
	at io.netty.channel.AbstractChannel$AbstractUnsafe.bind(AbstractChannel.java:558)
	at io.netty.channel.DefaultChannelPipeline$HeadContext.bind(DefaultChannelPipeline.java:1358)
	at io.netty.channel.AbstractChannelHandlerContext.invokeBind(AbstractChannelHandlerContext.java:501)
	at io.netty.channel.AbstractChannelHandlerContext.bind(AbstractChannelHandlerContext.java:486)
	at io.netty.channel.DefaultChannelPipeline.bind(DefaultChannelPipeline.java:1019)
	at io.netty.channel.AbstractChannel.bind(AbstractChannel.java:254)
	at io.netty.bootstrap.AbstractBootstrap$2.run(AbstractBootstrap.java:366)
	at io.netty.util.concurrent.AbstractEventExecutor.safeExecute(AbstractEventExecutor.java:163)
	at io.netty.util.concurrent.SingleThreadEventExecutor.runAllTasks(SingleThreadEventExecutor.java:404)
	at io.netty.channel.epoll.EpollEventLoop.run(EpollEventLoop.java:309)
	at io.netty.util.concurrent.SingleThreadEventExecutor$5.run(SingleThreadEventExecutor.java:884)
	at java.lang.Thread.run(Thread.java:745)
</error>
    <system-out>09:44:37.130 [raft-client-system-partition-1-4] INFO  i.a.p.r.s.impl.RaftSessionManager - RaftClient{system-partition-1} - Closing session 47
09:44:37.130 [raft-client-system-partition-1-2] INFO  i.a.p.r.s.impl.RaftSessionManager - RaftClient{system-partition-1} - Closing session 48
09:44:37.130 [raft-client-system-partition-1-3] INFO  i.a.p.r.s.impl.RaftSessionManager - RaftClient{system-partition-1} - Closing session 46
09:44:37.130 [raft-client-system-partition-1-7] TRACE i.a.p.r.s.impl.RaftSessionConnection - RaftClient{system-partition-1} - Sending CloseSessionRequest{session=47} to 3
09:44:37.130 [raft-client-system-partition-1-2] TRACE i.a.p.r.s.impl.RaftSessionConnection - RaftClient{system-partition-1} - Sending CloseSessionRequest{session=48} to 1
09:44:37.130 [raft-client-system-partition-1-3] TRACE i.a.p.r.s.impl.RaftSessionConnection - RaftClient{system-partition-1} - Sending CloseSessionRequest{session=46} to 1
09:44:37.131 [raft-server-system-partition-1] TRACE i.a.protocols.raft.roles.LeaderRole - RaftServer{system-partition-1}{role=LEADER} - Received CloseSessionRequest{session=47}
09:44:37.131 [raft-server-system-partition-1] TRACE i.a.protocols.raft.roles.LeaderRole - RaftServer{system-partition-1}{role=LEADER} - Appended Indexed{index=71, entry=CloseSessionEntry{term=1, timestamp=2018-06-11 09:44:37,131, session=47, expired=false}}
09:44:37.131 [raft-server-system-partition-1] TRACE i.a.p.raft.roles.LeaderAppender - RaftServer{system-partition-1} - Sending AppendRequest{term=1, leader=3, prevLogIndex=70, prevLogTerm=1, entries=1, commitIndex=70} to 2
09:44:37.131 [raft-server-system-partition-1] TRACE i.a.p.raft.roles.LeaderAppender - RaftServer{system-partition-1} - Sending AppendRequest{term=1, leader=3, prevLogIndex=70, prevLogTerm=1, entries=1, commitIndex=70} to 1
09:44:37.133 [raft-server-system-partition-1] TRACE i.a.p.raft.roles.FollowerRole - RaftServer{system-partition-1}{role=FOLLOWER} - Received CloseSessionRequest{session=46}
09:44:37.134 [raft-server-system-partition-1] TRACE i.a.p.raft.roles.FollowerRole - RaftServer{system-partition-1}{role=FOLLOWER} - Received CloseSessionRequest{session=48}
09:44:37.134 [raft-server-system-partition-1] TRACE i.a.p.raft.roles.FollowerRole - RaftServer{system-partition-1}{role=FOLLOWER} - Received AppendRequest{term=1, leader=3, prevLogIndex=70, prevLogTerm=1, entries=1, commitIndex=70}
09:44:37.134 [raft-server-system-partition-1] TRACE i.a.p.raft.roles.FollowerRole - RaftServer{system-partition-1}{role=FOLLOWER} - Appended Indexed{index=71, entry=CloseSessionEntry{term=1, timestamp=2018-06-11 09:44:37,131, session=47, expired=false}}
09:44:37.134 [raft-server-system-partition-1] TRACE i.a.p.raft.roles.FollowerRole - RaftServer{system-partition-1}{role=FOLLOWER} - Sending AppendResponse{status=OK, term=1, succeeded=true, lastLogIndex=71}
09:44:37.135 [raft-server-system-partition-1] TRACE i.a.protocols.raft.roles.LeaderRole - RaftServer{system-partition-1}{role=LEADER} - Received CloseSessionRequest{session=46}
09:44:37.135 [raft-server-system-partition-1] TRACE i.a.protocols.raft.roles.LeaderRole - RaftServer{system-partition-1}{role=LEADER} - Appended Indexed{index=72, entry=CloseSessionEntry{term=1, timestamp=2018-06-11 09:44:37,135, session=46, expired=false}}
09:44:37.135 [raft-server-system-partition-1] TRACE i.a.p.raft.roles.LeaderAppender - RaftServer{system-partition-1} - Received AppendResponse{status=OK, term=1, succeeded=true, lastLogIndex=71} from 1
09:44:37.135 [raft-server-system-partition-1] TRACE i.a.p.raft.roles.LeaderAppender - RaftServer{system-partition-1} - Committed entries up to 71
09:44:37.135 [raft-server-system-partition-1] TRACE i.a.p.raft.roles.FollowerRole - RaftServer{system-partition-1}{role=FOLLOWER} - Received AppendRequest{term=1, leader=3, prevLogIndex=70, prevLogTerm=1, entries=1, commitIndex=70}
09:44:37.135 [raft-server-system-partition-1] TRACE i.a.p.raft.roles.FollowerRole - RaftServer{system-partition-1}{role=FOLLOWER} - Appended Indexed{index=71, entry=CloseSessionEntry{term=1, timestamp=2018-06-11 09:44:37,131, session=47, expired=false}}
09:44:37.135 [raft-server-system-partition-1] TRACE i.a.p.raft.roles.FollowerRole - RaftServer{system-partition-1}{role=FOLLOWER} - Sending AppendResponse{status=OK, term=1, succeeded=true, lastLogIndex=71}
09:44:37.169 [raft-server-system-partition-1] TRACE i.a.p.raft.roles.LeaderAppender - RaftServer{system-partition-1} - Sending AppendRequest{term=1, leader=3, prevLogIndex=71, prevLogTerm=1, entries=1, commitIndex=71} to 1
09:44:37.170 [raft-server-system-partition-1] TRACE i.a.p.raft.roles.LeaderAppender - RaftServer{system-partition-1} - Sending AppendRequest{term=1, leader=3, prevLogIndex=71, prevLogTerm=1, entries=1, commitIndex=71} to 2
09:44:37.170 [raft-server-system-partition-1] TRACE i.a.p.raft.roles.FollowerRole - RaftServer{system-partition-1}{role=FOLLOWER} - Received AppendRequest{term=1, leader=3, prevLogIndex=71, prevLogTerm=1, entries=1, commitIndex=71}
09:44:37.170 [raft-server-system-partition-1] TRACE i.a.protocols.raft.roles.LeaderRole - RaftServer{system-partition-1}{role=LEADER} - Received CloseSessionRequest{session=48}
09:44:37.170 [raft-server-system-partition-1] TRACE i.a.p.raft.roles.FollowerRole - RaftServer{system-partition-1}{role=FOLLOWER} - Appended Indexed{index=72, entry=CloseSessionEntry{term=1, timestamp=2018-06-11 09:44:37,135, session=46, expired=false}}
09:44:37.170 [raft-server-system-partition-1] TRACE i.a.protocols.raft.roles.LeaderRole - RaftServer{system-partition-1}{role=LEADER} - Appended Indexed{index=73, entry=CloseSessionEntry{term=1, timestamp=2018-06-11 09:44:37,170, session=48, expired=false}}
09:44:37.170 [raft-server-system-partition-1] TRACE i.a.p.raft.roles.LeaderAppender - RaftServer{system-partition-1} - Received AppendResponse{status=OK, term=1, succeeded=true, lastLogIndex=71} from 2
09:44:37.170 [raft-server-system-partition-1-state] TRACE i.a.p.raft.impl.RaftServiceManager - RaftServer{system-partition-1} - Applying Indexed{index=71, entry=CloseSessionEntry{term=1, timestamp=2018-06-11 09:44:37,131, session=47, expired=false}}
09:44:37.170 [raft-server-system-partition-1-state] DEBUG i.a.p.r.service.RaftServiceContext - PrimitiveService{46}{type=ConsistentMapType{name=consistent-map}, name=primitives} - Closing session 47
09:44:37.170 [raft-server-system-partition-1-state] DEBUG i.a.p.raft.session.RaftSession - Session{47}{type=ConsistentMapType{name=consistent-map}, name=primitives} - State changed: CLOSED
09:44:37.170 [raft-server-system-partition-1-state] TRACE i.a.protocols.raft.roles.LeaderRole - RaftServer{system-partition-1}{role=LEADER} - Sending CloseSessionResponse{status=OK}
09:44:37.171 [raft-client-system-partition-1-6] TRACE i.a.p.r.s.impl.RaftSessionConnection - RaftClient{system-partition-1} - Received CloseSessionResponse{status=OK} from 3
09:44:37.172 [raft-client-system-partition-1-0] INFO  i.a.core.impl.CorePrimitivesService - Stopped
09:44:37.172 [raft-server-system-partition-1] TRACE i.a.p.raft.roles.FollowerRole - RaftServer{system-partition-1}{role=FOLLOWER} - Received AppendRequest{term=1, leader=3, prevLogIndex=71, prevLogTerm=1, entries=1, commitIndex=71}
09:44:37.194 [raft-server-system-partition-1] TRACE i.a.p.raft.roles.FollowerRole - RaftServer{system-partition-1}{role=FOLLOWER} - Appended Indexed{index=72, entry=CloseSessionEntry{term=1, timestamp=2018-06-11 09:44:37,135, session=46, expired=false}}
09:44:37.201 [raft-server-raft-partition-1] INFO  i.a.protocols.raft.impl.RaftContext - RaftServer{raft-partition-1} - Transitioning to INACTIVE
09:44:37.202 [raft-server-raft-partition-1] TRACE i.a.protocols.raft.roles.LeaderRole - RaftServer{raft-partition-1}{role=LEADER} - Cancelling append timer
09:44:37.203 [raft-server-raft-partition-1] TRACE i.a.p.raft.storage.system.MetaStore - Store vote null
09:44:37.204 [raft-server-raft-partition-3] INFO  i.a.protocols.raft.impl.RaftContext - RaftServer{raft-partition-3} - Transitioning to INACTIVE
09:44:37.204 [raft-server-raft-partition-3] TRACE i.a.protocols.raft.roles.LeaderRole - RaftServer{raft-partition-3}{role=LEADER} - Cancelling append timer
09:44:37.204 [raft-server-raft-partition-3] TRACE i.a.p.raft.storage.system.MetaStore - Store vote null
09:44:37.204 [raft-server-raft-partition-2] INFO  i.a.protocols.raft.impl.RaftContext - RaftServer{raft-partition-2} - Transitioning to INACTIVE
09:44:37.205 [raft-server-raft-partition-2] TRACE i.a.p.raft.roles.FollowerRole - RaftServer{raft-partition-2}{role=FOLLOWER} - Cancelling heartbeat timer
09:44:37.205 [atomix-data-3] INFO  i.a.p.b.p.PrimaryBackupPartitionGroup - Stopped
09:44:37.230 [raft-server-raft-partition-2] TRACE i.a.p.raft.roles.LeaderAppender - RaftServer{raft-partition-2} - Sending AppendRequest{term=1, leader=2, prevLogIndex=1, prevLogTerm=1, entries=0, commitIndex=1} to 3
09:44:37.230 [raft-server-raft-partition-2] TRACE i.a.p.raft.roles.LeaderAppender - RaftServer{raft-partition-2} - Sending AppendRequest{term=1, leader=2, prevLogIndex=1, prevLogTerm=1, entries=0, commitIndex=1} to 1
09:44:37.231 [raft-server-raft-partition-2] TRACE i.a.p.raft.roles.FollowerRole - RaftServer{raft-partition-2}{role=FOLLOWER} - Received AppendRequest{term=1, leader=2, prevLogIndex=1, prevLogTerm=1, entries=0, commitIndex=1}
09:44:37.231 [raft-server-raft-partition-2] TRACE i.a.p.raft.roles.FollowerRole - RaftServer{raft-partition-2}{role=FOLLOWER} - Sending AppendResponse{status=OK, term=1, succeeded=true, lastLogIndex=1}
09:44:37.231 [raft-server-raft-partition-2] DEBUG i.a.p.raft.roles.LeaderAppender - RaftServer{raft-partition-2} - AppendRequest{term=1, leader=2, prevLogIndex=1, prevLogTerm=1, entries=0, commitIndex=1} to 1 failed: io.atomix.cluster.messaging.MessagingException$NoRemoteHandler: No remote message handler registered for this message
09:44:37.231 [raft-server-raft-partition-2] TRACE i.a.p.raft.roles.LeaderAppender - RaftServer{raft-partition-2} - Received AppendResponse{status=OK, term=1, succeeded=true, lastLogIndex=1} from 3
09:44:37.231 [raft-server-raft-partition-2] TRACE i.a.p.raft.roles.LeaderAppender - RaftServer{raft-partition-2} - Sending AppendRequest{term=1, leader=2, prevLogIndex=1, prevLogTerm=1, entries=0, commitIndex=1} to 3
09:44:37.231 [raft-server-raft-partition-2] TRACE i.a.p.raft.roles.LeaderAppender - RaftServer{raft-partition-2} - Sending AppendRequest{term=1, leader=2, prevLogIndex=1, prevLogTerm=1, entries=0, commitIndex=1} to 1
09:44:37.231 [raft-server-raft-partition-2] TRACE i.a.p.raft.roles.FollowerRole - RaftServer{raft-partition-2}{role=FOLLOWER} - Received AppendRequest{term=1, leader=2, prevLogIndex=1, prevLogTerm=1, entries=0, commitIndex=1}
09:44:37.232 [raft-server-raft-partition-2] TRACE i.a.p.raft.roles.FollowerRole - RaftServer{raft-partition-2}{role=FOLLOWER} - Sending AppendResponse{status=OK, term=1, succeeded=true, lastLogIndex=1}
09:44:37.232 [raft-server-raft-partition-2] DEBUG i.a.p.raft.roles.LeaderAppender - RaftServer{raft-partition-2} - AppendRequest{term=1, leader=2, prevLogIndex=1, prevLogTerm=1, entries=0, commitIndex=1} to 1 failed: io.atomix.cluster.messaging.MessagingException$NoRemoteHandler: No remote message handler registered for this message
09:44:37.232 [raft-server-raft-partition-2] TRACE i.a.p.raft.roles.LeaderAppender - RaftServer{raft-partition-2} - Received AppendResponse{status=OK, term=1, succeeded=true, lastLogIndex=1} from 3
09:44:37.252 [raft-server-system-partition-1] TRACE i.a.p.raft.roles.FollowerRole - RaftServer{system-partition-1}{role=FOLLOWER} - Committed entries up to index 71
09:44:37.253 [raft-server-system-partition-1] TRACE i.a.p.raft.roles.FollowerRole - RaftServer{system-partition-1}{role=FOLLOWER} - Sending AppendResponse{status=OK, term=1, succeeded=true, lastLogIndex=72}
09:44:37.253 [raft-server-system-partition-1] INFO  i.a.protocols.raft.impl.RaftContext - RaftServer{system-partition-1} - Transitioning to INACTIVE
09:44:37.253 [raft-server-system-partition-1] TRACE i.a.p.raft.roles.FollowerRole - RaftServer{system-partition-1}{role=FOLLOWER} - Cancelling heartbeat timer
09:44:37.253 [raft-server-system-partition-1] TRACE i.a.p.raft.roles.LeaderAppender - RaftServer{system-partition-1} - Received AppendResponse{status=OK, term=1, succeeded=true, lastLogIndex=72} from 1
09:44:37.253 [raft-server-system-partition-1] TRACE i.a.p.raft.roles.LeaderAppender - RaftServer{system-partition-1} - Committed entries up to 72
09:44:37.253 [raft-server-system-partition-1-state] TRACE i.a.p.raft.impl.RaftServiceManager - RaftServer{system-partition-1} - Applying Indexed{index=71, entry=CloseSessionEntry{term=1, timestamp=2018-06-11 09:44:37,131, session=47, expired=false}}
09:44:37.253 [raft-server-system-partition-1-state] DEBUG i.a.p.r.service.RaftServiceContext - PrimitiveService{46}{type=ConsistentMapType{name=consistent-map}, name=primitives} - Closing session 47
09:44:37.253 [raft-server-system-partition-1-state] DEBUG i.a.p.raft.session.RaftSession - Session{47}{type=ConsistentMapType{name=consistent-map}, name=primitives} - State changed: CLOSED
09:44:37.253 [ForkJoinPool.commonPool-worker-2] INFO  i.a.p.r.partition.RaftPartitionGroup - Stopped
09:44:37.302 [raft-server-system-partition-1] TRACE i.a.p.raft.roles.FollowerRole - RaftServer{system-partition-1}{role=FOLLOWER} - Committed entries up to index 71
09:44:37.303 [raft-server-system-partition-1] TRACE i.a.p.raft.roles.FollowerRole - RaftServer{system-partition-1}{role=FOLLOWER} - Sending AppendResponse{status=OK, term=1, succeeded=true, lastLogIndex=72}
09:44:37.303 [raft-server-system-partition-1-state] TRACE i.a.p.raft.impl.RaftServiceManager - RaftServer{system-partition-1} - Applying Indexed{index=71, entry=CloseSessionEntry{term=1, timestamp=2018-06-11 09:44:37,131, session=47, expired=false}}
09:44:37.303 [raft-server-system-partition-1-state] DEBUG i.a.p.r.service.RaftServiceContext - PrimitiveService{46}{type=ConsistentMapType{name=consistent-map}, name=primitives} - Closing session 47
09:44:37.303 [raft-server-system-partition-1-state] DEBUG i.a.p.raft.session.RaftSession - Session{47}{type=ConsistentMapType{name=consistent-map}, name=primitives} - State changed: CLOSED
09:44:37.306 [ForkJoinPool.commonPool-worker-2] INFO  i.a.p.r.partition.RaftPartitionGroup - Stopped
09:44:37.306 [ForkJoinPool.commonPool-worker-2] INFO  i.a.p.p.i.DefaultPartitionGroupMembershipService - Stopped
09:44:37.306 [ForkJoinPool.commonPool-worker-2] INFO  i.a.p.p.impl.DefaultPartitionService - Stopped
09:44:37.306 [atomix-0] INFO  i.a.c.m.i.DefaultClusterCommunicationService - Stopped
09:44:37.306 [atomix-cluster-0] INFO  i.a.c.m.i.DefaultClusterEventService - Stopped
09:44:37.306 [atomix-cluster-0] INFO  i.a.c.i.DefaultClusterMembershipService - 1 - Member deactivated: StatefulMember{id=1, address=localhost:5001, metadata={}}
09:44:37.307 [atomix-cluster-0] INFO  i.a.c.i.DefaultClusterMembershipService - Stopped
09:44:37.307 [atomix-cluster-0] INFO  i.a.c.m.impl.NettyMessagingService - Stopped
09:44:37.307 [atomix-cluster-0] INFO  io.atomix.cluster.AtomixCluster - Stopped
09:44:37.327 [raft-server-system-partition-1] TRACE i.a.p.raft.roles.LeaderAppender - RaftServer{system-partition-1} - Sending AppendRequest{term=1, leader=3, prevLogIndex=72, prevLogTerm=1, entries=1, commitIndex=72} to 1
09:44:37.328 [raft-server-system-partition-1] TRACE i.a.p.raft.roles.LeaderAppender - RaftServer{system-partition-1} - Sending AppendRequest{term=1, leader=3, prevLogIndex=72, prevLogTerm=1, entries=1, commitIndex=72} to 2
09:44:37.328 [raft-server-system-partition-1] TRACE i.a.p.raft.roles.LeaderAppender - RaftServer{system-partition-1} - Received AppendResponse{status=OK, term=1, succeeded=true, lastLogIndex=72} from 2
09:44:37.328 [raft-server-system-partition-1] DEBUG i.a.p.raft.roles.LeaderAppender - RaftServer{system-partition-1} - AppendRequest{term=1, leader=3, prevLogIndex=72, prevLogTerm=1, entries=1, commitIndex=72} to 1 failed: io.atomix.cluster.messaging.MessagingException$NoRemoteHandler: No remote message handler registered for this message
09:44:37.328 [raft-server-system-partition-1-state] TRACE i.a.p.raft.impl.RaftServiceManager - RaftServer{system-partition-1} - Applying Indexed{index=72, entry=CloseSessionEntry{term=1, timestamp=2018-06-11 09:44:37,135, session=46, expired=false}}
09:44:37.328 [raft-server-system-partition-1-state] DEBUG i.a.p.r.service.RaftServiceContext - PrimitiveService{46}{type=ConsistentMapType{name=consistent-map}, name=primitives} - Closing session 46
09:44:37.328 [raft-server-system-partition-1-state] DEBUG i.a.p.raft.session.RaftSession - Session{46}{type=ConsistentMapType{name=consistent-map}, name=primitives} - State changed: CLOSED
09:44:37.329 [raft-server-system-partition-1-state] TRACE i.a.protocols.raft.roles.LeaderRole - RaftServer{system-partition-1}{role=LEADER} - Sending CloseSessionResponse{status=OK}
09:44:37.329 [raft-server-system-partition-1] TRACE i.a.p.raft.roles.FollowerRole - RaftServer{system-partition-1}{role=FOLLOWER} - Received AppendRequest{term=1, leader=3, prevLogIndex=72, prevLogTerm=1, entries=1, commitIndex=72}
09:44:37.329 [raft-server-system-partition-1] TRACE i.a.p.raft.roles.FollowerRole - RaftServer{system-partition-1}{role=FOLLOWER} - Appended Indexed{index=73, entry=CloseSessionEntry{term=1, timestamp=2018-06-11 09:44:37,170, session=48, expired=false}}
09:44:37.369 [raft-server-system-partition-1] TRACE i.a.p.raft.roles.FollowerRole - RaftServer{system-partition-1}{role=FOLLOWER} - Committed entries up to index 72
09:44:37.369 [raft-server-system-partition-1] TRACE i.a.p.raft.roles.FollowerRole - RaftServer{system-partition-1}{role=FOLLOWER} - Sending AppendResponse{status=OK, term=1, succeeded=true, lastLogIndex=73}
09:44:37.369 [raft-server-system-partition-1] TRACE i.a.p.raft.roles.LeaderAppender - RaftServer{system-partition-1} - Received AppendResponse{status=OK, term=1, succeeded=true, lastLogIndex=73} from 2
09:44:37.369 [raft-server-system-partition-1-state] TRACE i.a.p.raft.impl.RaftServiceManager - RaftServer{system-partition-1} - Applying Indexed{index=72, entry=CloseSessionEntry{term=1, timestamp=2018-06-11 09:44:37,135, session=46, expired=false}}
09:44:37.370 [raft-server-system-partition-1] TRACE i.a.p.raft.roles.LeaderAppender - RaftServer{system-partition-1} - Committed entries up to 73
09:44:37.370 [raft-server-system-partition-1-state] DEBUG i.a.p.r.service.RaftServiceContext - PrimitiveService{46}{type=ConsistentMapType{name=consistent-map}, name=primitives} - Closing session 46
09:44:37.370 [raft-server-system-partition-1-state] DEBUG i.a.p.raft.session.RaftSession - Session{46}{type=ConsistentMapType{name=consistent-map}, name=primitives} - State changed: CLOSED
09:44:37.388 [atomix-data-13] TRACE i.a.p.backup.roles.PrimaryRole - PrimaryRole{data-partition-1}{role=PRIMARY} - Sending BackupRequest{primary=2, term=2, index=2, primitive=PrimitiveDescriptor{name=testBasicCounterMapOperationMap, type=counter-map, backups=2, replication=ASYNCHRONOUS}, operations=[HeartbeatOperation{index=3, timestamp=1528703077374}]} to 3
09:44:37.390 [atomix-data-3] TRACE i.a.p.backup.roles.BackupRole - BackupRole{data-partition-1}{role=BACKUP} - Received BackupRequest{primary=2, term=2, index=2, primitive=PrimitiveDescriptor{name=testBasicCounterMapOperationMap, type=counter-map, backups=2, replication=ASYNCHRONOUS}, operations=[HeartbeatOperation{index=3, timestamp=1528703077374}]}
09:44:37.390 [atomix-data-3] TRACE i.a.p.backup.roles.BackupRole - BackupRole{data-partition-1}{role=BACKUP} - Sending BackupResponse{status=OK}
09:44:37.394 [raft-server-system-partition-1] TRACE i.a.p.raft.roles.LeaderAppender - RaftServer{system-partition-1} - Sending AppendRequest{term=1, leader=3, prevLogIndex=73, prevLogTerm=1, entries=0, commitIndex=73} to 2
09:44:37.394 [raft-server-system-partition-1] TRACE i.a.p.raft.roles.LeaderAppender - RaftServer{system-partition-1} - Sending AppendRequest{term=1, leader=3, prevLogIndex=73, prevLogTerm=1, entries=0, commitIndex=73} to 1
09:44:37.394 [raft-server-system-partition-1-state] TRACE i.a.p.raft.impl.RaftServiceManager - RaftServer{system-partition-1} - Applying Indexed{index=73, entry=CloseSessionEntry{term=1, timestamp=2018-06-11 09:44:37,170, session=48, expired=false}}
09:44:37.394 [raft-server-system-partition-1-state] DEBUG i.a.p.r.service.RaftServiceContext - PrimitiveService{46}{type=ConsistentMapType{name=consistent-map}, name=primitives} - Closing session 48
09:44:37.394 [raft-server-system-partition-1] TRACE i.a.p.raft.roles.FollowerRole - RaftServer{system-partition-1}{role=FOLLOWER} - Received AppendRequest{term=1, leader=3, prevLogIndex=73, prevLogTerm=1, entries=0, commitIndex=73}
09:44:37.395 [raft-server-system-partition-1-state] DEBUG i.a.p.raft.session.RaftSession - Session{48}{type=ConsistentMapType{name=consistent-map}, name=primitives} - State changed: CLOSED
09:44:37.395 [raft-server-system-partition-1] TRACE i.a.p.raft.roles.FollowerRole - RaftServer{system-partition-1}{role=FOLLOWER} - Committed entries up to index 73
09:44:37.395 [raft-server-system-partition-1] DEBUG i.a.p.raft.roles.LeaderAppender - RaftServer{system-partition-1} - AppendRequest{term=1, leader=3, prevLogIndex=73, prevLogTerm=1, entries=0, commitIndex=73} to 1 failed: io.atomix.cluster.messaging.MessagingException$NoRemoteHandler: No remote message handler registered for this message
09:44:37.395 [raft-server-system-partition-1] TRACE i.a.p.raft.roles.FollowerRole - RaftServer{system-partition-1}{role=FOLLOWER} - Sending AppendResponse{status=OK, term=1, succeeded=true, lastLogIndex=73}
09:44:37.395 [raft-server-system-partition-1-state] TRACE i.a.protocols.raft.roles.LeaderRole - RaftServer{system-partition-1}{role=LEADER} - Sending CloseSessionResponse{status=OK}
09:44:37.395 [raft-server-system-partition-1] TRACE i.a.p.raft.roles.LeaderAppender - RaftServer{system-partition-1} - Received AppendResponse{status=OK, term=1, succeeded=true, lastLogIndex=73} from 2
09:44:37.395 [raft-server-system-partition-1-state] TRACE i.a.p.raft.impl.RaftServiceManager - RaftServer{system-partition-1} - Applying Indexed{index=73, entry=CloseSessionEntry{term=1, timestamp=2018-06-11 09:44:37,170, session=48, expired=false}}
09:44:37.395 [raft-server-system-partition-1-state] DEBUG i.a.p.r.service.RaftServiceContext - PrimitiveService{46}{type=ConsistentMapType{name=consistent-map}, name=primitives} - Closing session 48
09:44:37.395 [raft-server-system-partition-1-state] DEBUG i.a.p.raft.session.RaftSession - Session{48}{type=ConsistentMapType{name=consistent-map}, name=primitives} - State changed: CLOSED
09:44:37.480 [raft-server-raft-partition-2] TRACE i.a.p.raft.roles.LeaderAppender - RaftServer{raft-partition-2} - Sending AppendRequest{term=1, leader=2, prevLogIndex=1, prevLogTerm=1, entries=0, commitIndex=1} to 3
09:44:37.480 [raft-server-raft-partition-2] TRACE i.a.p.raft.roles.LeaderAppender - RaftServer{raft-partition-2} - Sending AppendRequest{term=1, leader=2, prevLogIndex=1, prevLogTerm=1, entries=0, commitIndex=1} to 1
09:44:37.480 [raft-server-raft-partition-2] TRACE i.a.p.raft.roles.FollowerRole - RaftServer{raft-partition-2}{role=FOLLOWER} - Received AppendRequest{term=1, leader=2, prevLogIndex=1, prevLogTerm=1, entries=0, commitIndex=1}
09:44:37.480 [raft-server-raft-partition-2] TRACE i.a.p.raft.roles.FollowerRole - RaftServer{raft-partition-2}{role=FOLLOWER} - Sending AppendResponse{status=OK, term=1, succeeded=true, lastLogIndex=1}
09:44:37.481 [raft-server-raft-partition-2] DEBUG i.a.p.raft.roles.LeaderAppender - RaftServer{raft-partition-2} - AppendRequest{term=1, leader=2, prevLogIndex=1, prevLogTerm=1, entries=0, commitIndex=1} to 1 failed: io.atomix.cluster.messaging.MessagingException$NoRemoteHandler: No remote message handler registered for this message
09:44:37.481 [raft-server-raft-partition-2] TRACE i.a.p.raft.roles.LeaderAppender - RaftServer{raft-partition-2} - Received AppendResponse{status=OK, term=1, succeeded=true, lastLogIndex=1} from 3
09:44:37.481 [raft-server-raft-partition-2] TRACE i.a.p.raft.roles.LeaderAppender - RaftServer{raft-partition-2} - Sending AppendRequest{term=1, leader=2, prevLogIndex=1, prevLogTerm=1, entries=0, commitIndex=1} to 3
09:44:37.481 [raft-server-raft-partition-2] TRACE i.a.p.raft.roles.LeaderAppender - RaftServer{raft-partition-2} - Sending AppendRequest{term=1, leader=2, prevLogIndex=1, prevLogTerm=1, entries=0, commitIndex=1} to 1
09:44:37.481 [raft-server-raft-partition-2] TRACE i.a.p.raft.roles.FollowerRole - RaftServer{raft-partition-2}{role=FOLLOWER} - Received AppendRequest{term=1, leader=2, prevLogIndex=1, prevLogTerm=1, entries=0, commitIndex=1}
09:44:37.481 [raft-server-raft-partition-2] TRACE i.a.p.raft.roles.FollowerRole - RaftServer{raft-partition-2}{role=FOLLOWER} - Sending AppendResponse{status=OK, term=1, succeeded=true, lastLogIndex=1}
09:44:37.481 [raft-server-raft-partition-2] TRACE i.a.p.raft.roles.LeaderAppender - RaftServer{raft-partition-2} - Received AppendResponse{status=OK, term=1, succeeded=true, lastLogIndex=1} from 3
09:44:37.529 [raft-server-system-partition-1] TRACE i.a.p.raft.roles.LeaderAppender - RaftServer{system-partition-1} - Sending AppendRequest{term=1, leader=3, prevLogIndex=73, prevLogTerm=1, entries=0, commitIndex=73} to 2
09:44:37.529 [raft-server-system-partition-1] TRACE i.a.p.raft.roles.LeaderAppender - RaftServer{system-partition-1} - Sending AppendRequest{term=1, leader=3, prevLogIndex=73, prevLogTerm=1, entries=0, commitIndex=73} to 1
09:44:37.529 [raft-server-system-partition-1] TRACE i.a.p.raft.roles.FollowerRole - RaftServer{system-partition-1}{role=FOLLOWER} - Received AppendRequest{term=1, leader=3, prevLogIndex=73, prevLogTerm=1, entries=0, commitIndex=73}
09:44:37.529 [raft-server-system-partition-1] TRACE i.a.p.raft.roles.FollowerRole - RaftServer{system-partition-1}{role=FOLLOWER} - Sending AppendResponse{status=OK, term=1, succeeded=true, lastLogIndex=73}
09:44:37.529 [raft-server-system-partition-1] DEBUG i.a.p.raft.roles.LeaderAppender - RaftServer{system-partition-1} - AppendRequest{term=1, leader=3, prevLogIndex=73, prevLogTerm=1, entries=0, commitIndex=73} to 1 failed: io.atomix.cluster.messaging.MessagingException$NoRemoteHandler: No remote message handler registered for this message
09:44:37.530 [raft-server-system-partition-1] TRACE i.a.p.raft.roles.LeaderAppender - RaftServer{system-partition-1} - Received AppendResponse{status=OK, term=1, succeeded=true, lastLogIndex=73} from 2
09:44:37.530 [raft-server-system-partition-1] TRACE i.a.p.raft.roles.LeaderAppender - RaftServer{system-partition-1} - Sending AppendRequest{term=1, leader=3, prevLogIndex=73, prevLogTerm=1, entries=0, commitIndex=73} to 2
09:44:37.530 [raft-server-system-partition-1] TRACE i.a.p.raft.roles.LeaderAppender - RaftServer{system-partition-1} - Sending AppendRequest{term=1, leader=3, prevLogIndex=73, prevLogTerm=1, entries=0, commitIndex=73} to 1
09:44:37.530 [raft-server-system-partition-1] TRACE i.a.p.raft.roles.FollowerRole - RaftServer{system-partition-1}{role=FOLLOWER} - Received AppendRequest{term=1, leader=3, prevLogIndex=73, prevLogTerm=1, entries=0, commitIndex=73}
09:44:37.530 [raft-server-system-partition-1] TRACE i.a.p.raft.roles.FollowerRole - RaftServer{system-partition-1}{role=FOLLOWER} - Sending AppendResponse{status=OK, term=1, succeeded=true, lastLogIndex=73}
09:44:37.530 [raft-server-system-partition-1] TRACE i.a.p.raft.roles.LeaderAppender - RaftServer{system-partition-1} - Received AppendResponse{status=OK, term=1, succeeded=true, lastLogIndex=73} from 2
09:44:37.630 [atomix-data-0] TRACE i.a.p.backup.roles.PrimaryRole - PrimaryRole{data-partition-2}{role=PRIMARY} - Sending BackupRequest{primary=3, term=2, index=2, primitive=PrimitiveDescriptor{name=testBasicCounterMapOperationMap, type=counter-map, backups=2, replication=ASYNCHRONOUS}, operations=[HeartbeatOperation{index=3, timestamp=1528703077629}]} to 2
09:44:37.632 [atomix-data-11] TRACE i.a.p.backup.roles.BackupRole - BackupRole{data-partition-2}{role=BACKUP} - Received BackupRequest{primary=3, term=2, index=2, primitive=PrimitiveDescriptor{name=testBasicCounterMapOperationMap, type=counter-map, backups=2, replication=ASYNCHRONOUS}, operations=[HeartbeatOperation{index=3, timestamp=1528703077629}]}
09:44:37.632 [atomix-data-11] TRACE i.a.p.backup.roles.BackupRole - BackupRole{data-partition-2}{role=BACKUP} - Sending BackupResponse{status=OK}
09:44:37.645 [atomix-data-6] TRACE i.a.p.backup.roles.PrimaryRole - PrimaryRole{data-partition-5}{role=PRIMARY} - Sending BackupRequest{primary=3, term=2, index=2, primitive=PrimitiveDescriptor{name=testBasicCounterMapOperationMap, type=counter-map, backups=2, replication=ASYNCHRONOUS}, operations=[HeartbeatOperation{index=3, timestamp=1528703077640}]} to 2
09:44:37.646 [atomix-data-4] TRACE i.a.p.backup.roles.BackupRole - BackupRole{data-partition-5}{role=BACKUP} - Received BackupRequest{primary=3, term=2, index=2, primitive=PrimitiveDescriptor{name=testBasicCounterMapOperationMap, type=counter-map, backups=2, replication=ASYNCHRONOUS}, operations=[HeartbeatOperation{index=3, timestamp=1528703077640}]}
09:44:37.646 [atomix-data-4] TRACE i.a.p.backup.roles.BackupRole - BackupRole{data-partition-5}{role=BACKUP} - Sending BackupResponse{status=OK}
09:44:37.730 [raft-server-raft-partition-2] TRACE i.a.p.raft.roles.LeaderAppender - RaftServer{raft-partition-2} - Sending AppendRequest{term=1, leader=2, prevLogIndex=1, prevLogTerm=1, entries=0, commitIndex=1} to 3
09:44:37.730 [raft-server-raft-partition-2] TRACE i.a.p.raft.roles.LeaderAppender - RaftServer{raft-partition-2} - Sending AppendRequest{term=1, leader=2, prevLogIndex=1, prevLogTerm=1, entries=0, commitIndex=1} to 1
09:44:37.730 [raft-server-raft-partition-2] TRACE i.a.p.raft.roles.FollowerRole - RaftServer{raft-partition-2}{role=FOLLOWER} - Received AppendRequest{term=1, leader=2, prevLogIndex=1, prevLogTerm=1, entries=0, commitIndex=1}
09:44:37.730 [raft-server-raft-partition-2] TRACE i.a.p.raft.roles.FollowerRole - RaftServer{raft-partition-2}{role=FOLLOWER} - Sending AppendResponse{status=OK, term=1, succeeded=true, lastLogIndex=1}
09:44:37.731 [raft-server-raft-partition-2] TRACE i.a.p.raft.roles.LeaderAppender - RaftServer{raft-partition-2} - Received AppendResponse{status=OK, term=1, succeeded=true, lastLogIndex=1} from 3
09:44:37.731 [raft-server-raft-partition-2] TRACE i.a.p.raft.roles.LeaderAppender - RaftServer{raft-partition-2} - Sending AppendRequest{term=1, leader=2, prevLogIndex=1, prevLogTerm=1, entries=0, commitIndex=1} to 3
09:44:37.731 [raft-server-raft-partition-2] TRACE i.a.p.raft.roles.FollowerRole - RaftServer{raft-partition-2}{role=FOLLOWER} - Received AppendRequest{term=1, leader=2, prevLogIndex=1, prevLogTerm=1, entries=0, commitIndex=1}
09:44:37.731 [raft-server-raft-partition-2] TRACE i.a.p.raft.roles.FollowerRole - RaftServer{raft-partition-2}{role=FOLLOWER} - Sending AppendResponse{status=OK, term=1, succeeded=true, lastLogIndex=1}
09:44:37.731 [raft-server-raft-partition-2] TRACE i.a.p.raft.roles.LeaderAppender - RaftServer{raft-partition-2} - Received AppendResponse{status=OK, term=1, succeeded=true, lastLogIndex=1} from 3
09:44:37.779 [raft-server-system-partition-1] TRACE i.a.p.raft.roles.LeaderAppender - RaftServer{system-partition-1} - Sending AppendRequest{term=1, leader=3, prevLogIndex=73, prevLogTerm=1, entries=0, commitIndex=73} to 2
09:44:37.779 [raft-server-system-partition-1] TRACE i.a.p.raft.roles.LeaderAppender - RaftServer{system-partition-1} - Sending AppendRequest{term=1, leader=3, prevLogIndex=73, prevLogTerm=1, entries=0, commitIndex=73} to 1
09:44:37.779 [raft-server-system-partition-1] TRACE i.a.p.raft.roles.FollowerRole - RaftServer{system-partition-1}{role=FOLLOWER} - Received AppendRequest{term=1, leader=3, prevLogIndex=73, prevLogTerm=1, entries=0, commitIndex=73}
09:44:37.779 [raft-server-system-partition-1] TRACE i.a.p.raft.roles.FollowerRole - RaftServer{system-partition-1}{role=FOLLOWER} - Sending AppendResponse{status=OK, term=1, succeeded=true, lastLogIndex=73}
09:44:37.779 [raft-server-system-partition-1] TRACE i.a.p.raft.roles.LeaderAppender - RaftServer{system-partition-1} - Received AppendResponse{status=OK, term=1, succeeded=true, lastLogIndex=73} from 2
09:44:37.779 [raft-server-system-partition-1] TRACE i.a.p.raft.roles.LeaderAppender - RaftServer{system-partition-1} - Sending AppendRequest{term=1, leader=3, prevLogIndex=73, prevLogTerm=1, entries=0, commitIndex=73} to 2
09:44:37.780 [raft-server-system-partition-1] TRACE i.a.p.raft.roles.FollowerRole - RaftServer{system-partition-1}{role=FOLLOWER} - Received AppendRequest{term=1, leader=3, prevLogIndex=73, prevLogTerm=1, entries=0, commitIndex=73}
09:44:37.780 [raft-server-system-partition-1] TRACE i.a.p.raft.roles.FollowerRole - RaftServer{system-partition-1}{role=FOLLOWER} - Sending AppendResponse{status=OK, term=1, succeeded=true, lastLogIndex=73}
09:44:37.780 [raft-server-system-partition-1] TRACE i.a.p.raft.roles.LeaderAppender - RaftServer{system-partition-1} - Received AppendResponse{status=OK, term=1, succeeded=true, lastLogIndex=73} from 2
09:44:37.780 [raft-server-system-partition-1] TRACE i.a.p.raft.roles.LeaderAppender - RaftServer{system-partition-1} - Sending AppendRequest{term=1, leader=3, prevLogIndex=73, prevLogTerm=1, entries=0, commitIndex=73} to 2
09:44:37.780 [raft-server-system-partition-1] TRACE i.a.p.raft.roles.FollowerRole - RaftServer{system-partition-1}{role=FOLLOWER} - Received AppendRequest{term=1, leader=3, prevLogIndex=73, prevLogTerm=1, entries=0, commitIndex=73}
09:44:37.780 [raft-server-system-partition-1] TRACE i.a.p.raft.roles.FollowerRole - RaftServer{system-partition-1}{role=FOLLOWER} - Sending AppendResponse{status=OK, term=1, succeeded=true, lastLogIndex=73}
09:44:37.780 [raft-server-system-partition-1] TRACE i.a.p.raft.roles.LeaderAppender - RaftServer{system-partition-1} - Received AppendResponse{status=OK, term=1, succeeded=true, lastLogIndex=73} from 2
09:44:37.980 [raft-server-raft-partition-2] TRACE i.a.p.raft.roles.LeaderAppender - RaftServer{raft-partition-2} - Sending AppendRequest{term=1, leader=2, prevLogIndex=1, prevLogTerm=1, entries=0, commitIndex=1} to 3
09:44:37.980 [raft-server-raft-partition-2] TRACE i.a.p.raft.roles.FollowerRole - RaftServer{raft-partition-2}{role=FOLLOWER} - Received AppendRequest{term=1, leader=2, prevLogIndex=1, prevLogTerm=1, entries=0, commitIndex=1}
09:44:37.981 [raft-server-raft-partition-2] TRACE i.a.p.raft.roles.FollowerRole - RaftServer{raft-partition-2}{role=FOLLOWER} - Sending AppendResponse{status=OK, term=1, succeeded=true, lastLogIndex=1}
09:44:37.981 [raft-server-raft-partition-2] TRACE i.a.p.raft.roles.LeaderAppender - RaftServer{raft-partition-2} - Received AppendResponse{status=OK, term=1, succeeded=true, lastLogIndex=1} from 3
09:44:37.981 [raft-server-raft-partition-2] TRACE i.a.p.raft.roles.LeaderAppender - RaftServer{raft-partition-2} - Sending AppendRequest{term=1, leader=2, prevLogIndex=1, prevLogTerm=1, entries=0, commitIndex=1} to 3
09:44:37.981 [raft-server-raft-partition-2] TRACE i.a.p.raft.roles.FollowerRole - RaftServer{raft-partition-2}{role=FOLLOWER} - Received AppendRequest{term=1, leader=2, prevLogIndex=1, prevLogTerm=1, entries=0, commitIndex=1}
09:44:37.981 [raft-server-raft-partition-2] TRACE i.a.p.raft.roles.FollowerRole - RaftServer{raft-partition-2}{role=FOLLOWER} - Sending AppendResponse{status=OK, term=1, succeeded=true, lastLogIndex=1}
09:44:37.981 [raft-server-raft-partition-2] TRACE i.a.p.raft.roles.LeaderAppender - RaftServer{raft-partition-2} - Received AppendResponse{status=OK, term=1, succeeded=true, lastLogIndex=1} from 3
09:44:38.029 [raft-server-system-partition-1] TRACE i.a.p.raft.roles.LeaderAppender - RaftServer{system-partition-1} - Sending AppendRequest{term=1, leader=3, prevLogIndex=73, prevLogTerm=1, entries=0, commitIndex=73} to 2
09:44:38.029 [raft-server-system-partition-1] TRACE i.a.p.raft.roles.FollowerRole - RaftServer{system-partition-1}{role=FOLLOWER} - Received AppendRequest{term=1, leader=3, prevLogIndex=73, prevLogTerm=1, entries=0, commitIndex=73}
09:44:38.029 [raft-server-system-partition-1] TRACE i.a.p.raft.roles.FollowerRole - RaftServer{system-partition-1}{role=FOLLOWER} - Sending AppendResponse{status=OK, term=1, succeeded=true, lastLogIndex=73}
09:44:38.030 [raft-server-system-partition-1] TRACE i.a.p.raft.roles.LeaderAppender - RaftServer{system-partition-1} - Received AppendResponse{status=OK, term=1, succeeded=true, lastLogIndex=73} from 2
09:44:38.030 [raft-server-system-partition-1] TRACE i.a.p.raft.roles.LeaderAppender - RaftServer{system-partition-1} - Sending AppendRequest{term=1, leader=3, prevLogIndex=73, prevLogTerm=1, entries=0, commitIndex=73} to 2
09:44:38.030 [raft-server-system-partition-1] TRACE i.a.p.raft.roles.FollowerRole - RaftServer{system-partition-1}{role=FOLLOWER} - Received AppendRequest{term=1, leader=3, prevLogIndex=73, prevLogTerm=1, entries=0, commitIndex=73}
09:44:38.030 [raft-server-system-partition-1] TRACE i.a.p.raft.roles.FollowerRole - RaftServer{system-partition-1}{role=FOLLOWER} - Sending AppendResponse{status=OK, term=1, succeeded=true, lastLogIndex=73}
09:44:38.030 [raft-server-system-partition-1] TRACE i.a.p.raft.roles.LeaderAppender - RaftServer{system-partition-1} - Received AppendResponse{status=OK, term=1, succeeded=true, lastLogIndex=73} from 2
09:44:38.230 [raft-server-raft-partition-2] TRACE i.a.p.raft.roles.LeaderAppender - RaftServer{raft-partition-2} - Sending AppendRequest{term=1, leader=2, prevLogIndex=1, prevLogTerm=1, entries=0, commitIndex=1} to 3
09:44:38.231 [raft-server-raft-partition-2] TRACE i.a.p.raft.roles.FollowerRole - RaftServer{raft-partition-2}{role=FOLLOWER} - Received AppendRequest{term=1, leader=2, prevLogIndex=1, prevLogTerm=1, entries=0, commitIndex=1}
09:44:38.231 [raft-server-raft-partition-2] TRACE i.a.p.raft.roles.FollowerRole - RaftServer{raft-partition-2}{role=FOLLOWER} - Sending AppendResponse{status=OK, term=1, succeeded=true, lastLogIndex=1}
09:44:38.231 [raft-server-raft-partition-2] TRACE i.a.p.raft.roles.LeaderAppender - RaftServer{raft-partition-2} - Received AppendResponse{status=OK, term=1, succeeded=true, lastLogIndex=1} from 3
09:44:38.231 [raft-server-raft-partition-2] TRACE i.a.p.raft.roles.LeaderAppender - RaftServer{raft-partition-2} - Sending AppendRequest{term=1, leader=2, prevLogIndex=1, prevLogTerm=1, entries=0, commitIndex=1} to 3
09:44:38.231 [raft-server-raft-partition-2] TRACE i.a.p.raft.roles.FollowerRole - RaftServer{raft-partition-2}{role=FOLLOWER} - Received AppendRequest{term=1, leader=2, prevLogIndex=1, prevLogTerm=1, entries=0, commitIndex=1}
09:44:38.231 [raft-server-raft-partition-2] TRACE i.a.p.raft.roles.FollowerRole - RaftServer{raft-partition-2}{role=FOLLOWER} - Sending AppendResponse{status=OK, term=1, succeeded=true, lastLogIndex=1}
09:44:38.232 [raft-server-raft-partition-2] TRACE i.a.p.raft.roles.LeaderAppender - RaftServer{raft-partition-2} - Received AppendResponse{status=OK, term=1, succeeded=true, lastLogIndex=1} from 3
09:44:38.279 [raft-server-system-partition-1] TRACE i.a.p.raft.roles.LeaderAppender - RaftServer{system-partition-1} - Sending AppendRequest{term=1, leader=3, prevLogIndex=73, prevLogTerm=1, entries=0, commitIndex=73} to 2
09:44:38.279 [raft-server-system-partition-1] TRACE i.a.p.raft.roles.FollowerRole - RaftServer{system-partition-1}{role=FOLLOWER} - Received AppendRequest{term=1, leader=3, prevLogIndex=73, prevLogTerm=1, entries=0, commitIndex=73}
09:44:38.279 [raft-server-system-partition-1] TRACE i.a.p.raft.roles.FollowerRole - RaftServer{system-partition-1}{role=FOLLOWER} - Sending AppendResponse{status=OK, term=1, succeeded=true, lastLogIndex=73}
09:44:38.279 [raft-server-system-partition-1] TRACE i.a.p.raft.roles.LeaderAppender - RaftServer{system-partition-1} - Received AppendResponse{status=OK, term=1, succeeded=true, lastLogIndex=73} from 2
09:44:38.280 [raft-server-system-partition-1] TRACE i.a.p.raft.roles.LeaderAppender - RaftServer{system-partition-1} - Sending AppendRequest{term=1, leader=3, prevLogIndex=73, prevLogTerm=1, entries=0, commitIndex=73} to 2
09:44:38.280 [raft-server-system-partition-1] TRACE i.a.p.raft.roles.FollowerRole - RaftServer{system-partition-1}{role=FOLLOWER} - Received AppendRequest{term=1, leader=3, prevLogIndex=73, prevLogTerm=1, entries=0, commitIndex=73}
09:44:38.280 [raft-server-system-partition-1] TRACE i.a.p.raft.roles.FollowerRole - RaftServer{system-partition-1}{role=FOLLOWER} - Sending AppendResponse{status=OK, term=1, succeeded=true, lastLogIndex=73}
09:44:38.280 [raft-server-system-partition-1] TRACE i.a.p.raft.roles.LeaderAppender - RaftServer{system-partition-1} - Received AppendResponse{status=OK, term=1, succeeded=true, lastLogIndex=73} from 2
09:44:38.388 [atomix-data-8] TRACE i.a.p.backup.roles.PrimaryRole - PrimaryRole{data-partition-1}{role=PRIMARY} - Sending BackupRequest{primary=2, term=2, index=2, primitive=PrimitiveDescriptor{name=testBasicCounterMapOperationMap, type=counter-map, backups=2, replication=ASYNCHRONOUS}, operations=[HeartbeatOperation{index=4, timestamp=1528703078374}]} to 3
09:44:38.390 [atomix-data-1] TRACE i.a.p.backup.roles.BackupRole - BackupRole{data-partition-1}{role=BACKUP} - Received BackupRequest{primary=2, term=2, index=2, primitive=PrimitiveDescriptor{name=testBasicCounterMapOperationMap, type=counter-map, backups=2, replication=ASYNCHRONOUS}, operations=[HeartbeatOperation{index=4, timestamp=1528703078374}]}
09:44:38.390 [atomix-data-1] TRACE i.a.p.backup.roles.BackupRole - BackupRole{data-partition-1}{role=BACKUP} - Sending BackupResponse{status=OK}
09:44:38.480 [raft-server-raft-partition-2] TRACE i.a.p.raft.roles.LeaderAppender - RaftServer{raft-partition-2} - Sending AppendRequest{term=1, leader=2, prevLogIndex=1, prevLogTerm=1, entries=0, commitIndex=1} to 3
09:44:38.480 [raft-server-raft-partition-2] TRACE i.a.p.raft.roles.FollowerRole - RaftServer{raft-partition-2}{role=FOLLOWER} - Received AppendRequest{term=1, leader=2, prevLogIndex=1, prevLogTerm=1, entries=0, commitIndex=1}
09:44:38.480 [raft-server-raft-partition-2] TRACE i.a.p.raft.roles.FollowerRole - RaftServer{raft-partition-2}{role=FOLLOWER} - Sending AppendResponse{status=OK, term=1, succeeded=true, lastLogIndex=1}
09:44:38.481 [raft-server-raft-partition-2] TRACE i.a.p.raft.roles.LeaderAppender - RaftServer{raft-partition-2} - Received AppendResponse{status=OK, term=1, succeeded=true, lastLogIndex=1} from 3
09:44:38.481 [raft-server-raft-partition-2] TRACE i.a.p.raft.roles.LeaderAppender - RaftServer{raft-partition-2} - Sending AppendRequest{term=1, leader=2, prevLogIndex=1, prevLogTerm=1, entries=0, commitIndex=1} to 3
09:44:38.481 [raft-server-raft-partition-2] TRACE i.a.p.raft.roles.FollowerRole - RaftServer{raft-partition-2}{role=FOLLOWER} - Received AppendRequest{term=1, leader=2, prevLogIndex=1, prevLogTerm=1, entries=0, commitIndex=1}
09:44:38.481 [raft-server-raft-partition-2] TRACE i.a.p.raft.roles.FollowerRole - RaftServer{raft-partition-2}{role=FOLLOWER} - Sending AppendResponse{status=OK, term=1, succeeded=true, lastLogIndex=1}
09:44:38.481 [raft-server-raft-partition-2] TRACE i.a.p.raft.roles.LeaderAppender - RaftServer{raft-partition-2} - Received AppendResponse{status=OK, term=1, succeeded=true, lastLogIndex=1} from 3
09:44:38.529 [raft-server-system-partition-1] TRACE i.a.p.raft.roles.LeaderAppender - RaftServer{system-partition-1} - Sending AppendRequest{term=1, leader=3, prevLogIndex=73, prevLogTerm=1, entries=0, commitIndex=73} to 2
09:44:38.529 [raft-server-system-partition-1] TRACE i.a.p.raft.roles.FollowerRole - RaftServer{system-partition-1}{role=FOLLOWER} - Received AppendRequest{term=1, leader=3, prevLogIndex=73, prevLogTerm=1, entries=0, commitIndex=73}
09:44:38.529 [raft-server-system-partition-1] TRACE i.a.p.raft.roles.FollowerRole - RaftServer{system-partition-1}{role=FOLLOWER} - Sending AppendResponse{status=OK, term=1, succeeded=true, lastLogIndex=73}
09:44:38.529 [raft-server-system-partition-1] TRACE i.a.p.raft.roles.LeaderAppender - RaftServer{system-partition-1} - Received AppendResponse{status=OK, term=1, succeeded=true, lastLogIndex=73} from 2
09:44:38.530 [raft-server-system-partition-1] TRACE i.a.p.raft.roles.LeaderAppender - RaftServer{system-partition-1} - Sending AppendRequest{term=1, leader=3, prevLogIndex=73, prevLogTerm=1, entries=0, commitIndex=73} to 2
09:44:38.530 [raft-server-system-partition-1] TRACE i.a.p.raft.roles.FollowerRole - RaftServer{system-partition-1}{role=FOLLOWER} - Received AppendRequest{term=1, leader=3, prevLogIndex=73, prevLogTerm=1, entries=0, commitIndex=73}
09:44:38.530 [raft-server-system-partition-1] TRACE i.a.p.raft.roles.FollowerRole - RaftServer{system-partition-1}{role=FOLLOWER} - Sending AppendResponse{status=OK, term=1, succeeded=true, lastLogIndex=73}
09:44:38.530 [raft-server-system-partition-1] TRACE i.a.p.raft.roles.LeaderAppender - RaftServer{system-partition-1} - Received AppendResponse{status=OK, term=1, succeeded=true, lastLogIndex=73} from 2
09:44:38.630 [atomix-data-2] TRACE i.a.p.backup.roles.PrimaryRole - PrimaryRole{data-partition-2}{role=PRIMARY} - Sending BackupRequest{primary=3, term=2, index=2, primitive=PrimitiveDescriptor{name=testBasicCounterMapOperationMap, type=counter-map, backups=2, replication=ASYNCHRONOUS}, operations=[HeartbeatOperation{index=4, timestamp=1528703078629}]} to 2
09:44:38.631 [atomix-data-0] TRACE i.a.p.backup.roles.BackupRole - BackupRole{data-partition-2}{role=BACKUP} - Received BackupRequest{primary=3, term=2, index=2, primitive=PrimitiveDescriptor{name=testBasicCounterMapOperationMap, type=counter-map, backups=2, replication=ASYNCHRONOUS}, operations=[HeartbeatOperation{index=4, timestamp=1528703078629}]}
09:44:38.631 [atomix-data-0] TRACE i.a.p.backup.roles.BackupRole - BackupRole{data-partition-2}{role=BACKUP} - Sending BackupResponse{status=OK}
09:44:38.645 [atomix-data-10] TRACE i.a.p.backup.roles.PrimaryRole - PrimaryRole{data-partition-5}{role=PRIMARY} - Sending BackupRequest{primary=3, term=2, index=2, primitive=PrimitiveDescriptor{name=testBasicCounterMapOperationMap, type=counter-map, backups=2, replication=ASYNCHRONOUS}, operations=[HeartbeatOperation{index=4, timestamp=1528703078640}]} to 2
09:44:38.645 [atomix-data-5] TRACE i.a.p.backup.roles.BackupRole - BackupRole{data-partition-5}{role=BACKUP} - Received BackupRequest{primary=3, term=2, index=2, primitive=PrimitiveDescriptor{name=testBasicCounterMapOperationMap, type=counter-map, backups=2, replication=ASYNCHRONOUS}, operations=[HeartbeatOperation{index=4, timestamp=1528703078640}]}
09:44:38.645 [atomix-data-5] TRACE i.a.p.backup.roles.BackupRole - BackupRole{data-partition-5}{role=BACKUP} - Sending BackupResponse{status=OK}
09:44:38.730 [raft-server-raft-partition-2] TRACE i.a.p.raft.roles.LeaderAppender - RaftServer{raft-partition-2} - Sending AppendRequest{term=1, leader=2, prevLogIndex=1, prevLogTerm=1, entries=0, commitIndex=1} to 3
09:44:38.730 [raft-server-raft-partition-2] TRACE i.a.p.raft.roles.FollowerRole - RaftServer{raft-partition-2}{role=FOLLOWER} - Received AppendRequest{term=1, leader=2, prevLogIndex=1, prevLogTerm=1, entries=0, commitIndex=1}
09:44:38.731 [raft-server-raft-partition-2] TRACE i.a.p.raft.roles.FollowerRole - RaftServer{raft-partition-2}{role=FOLLOWER} - Sending AppendResponse{status=OK, term=1, succeeded=true, lastLogIndex=1}
09:44:38.731 [raft-server-raft-partition-2] TRACE i.a.p.raft.roles.LeaderAppender - RaftServer{raft-partition-2} - Received AppendResponse{status=OK, term=1, succeeded=true, lastLogIndex=1} from 3
09:44:38.731 [raft-server-raft-partition-2] TRACE i.a.p.raft.roles.LeaderAppender - RaftServer{raft-partition-2} - Sending AppendRequest{term=1, leader=2, prevLogIndex=1, prevLogTerm=1, entries=0, commitIndex=1} to 3
09:44:38.731 [raft-server-raft-partition-2] TRACE i.a.p.raft.roles.FollowerRole - RaftServer{raft-partition-2}{role=FOLLOWER} - Received AppendRequest{term=1, leader=2, prevLogIndex=1, prevLogTerm=1, entries=0, commitIndex=1}
09:44:38.732 [raft-server-raft-partition-2] TRACE i.a.p.raft.roles.FollowerRole - RaftServer{raft-partition-2}{role=FOLLOWER} - Sending AppendResponse{status=OK, term=1, succeeded=true, lastLogIndex=1}
09:44:38.732 [raft-server-raft-partition-2] TRACE i.a.p.raft.roles.LeaderAppender - RaftServer{raft-partition-2} - Received AppendResponse{status=OK, term=1, succeeded=true, lastLogIndex=1} from 3
09:44:38.757 [netty-messaging-event-epoll-client-13] WARN  i.a.c.m.impl.NettyMessagingService - Unable to dispatch message due to Task java.util.concurrent.ScheduledThreadPoolExecutor$ScheduledFutureTask@76fd43f6 rejected from java.util.concurrent.ScheduledThreadPoolExecutor@6dd7b2a3[Terminated, pool size = 0, active threads = 0, queued tasks = 0, completed tasks = 23]
09:44:38.758 [netty-messaging-event-epoll-client-4] WARN  i.a.c.m.impl.NettyMessagingService - Unable to dispatch message due to Task java.util.concurrent.ScheduledThreadPoolExecutor$ScheduledFutureTask@1bf98f47 rejected from java.util.concurrent.ScheduledThreadPoolExecutor@5c6941e[Terminated, pool size = 0, active threads = 0, queued tasks = 0, completed tasks = 4]
09:44:38.779 [raft-server-system-partition-1] TRACE i.a.p.raft.roles.LeaderAppender - RaftServer{system-partition-1} - Sending AppendRequest{term=1, leader=3, prevLogIndex=73, prevLogTerm=1, entries=0, commitIndex=73} to 2
09:44:38.779 [raft-server-system-partition-1] TRACE i.a.p.raft.roles.FollowerRole - RaftServer{system-partition-1}{role=FOLLOWER} - Received AppendRequest{term=1, leader=3, prevLogIndex=73, prevLogTerm=1, entries=0, commitIndex=73}
09:44:38.779 [raft-server-system-partition-1] TRACE i.a.p.raft.roles.FollowerRole - RaftServer{system-partition-1}{role=FOLLOWER} - Sending AppendResponse{status=OK, term=1, succeeded=true, lastLogIndex=73}
09:44:38.779 [raft-server-system-partition-1] TRACE i.a.p.raft.roles.LeaderAppender - RaftServer{system-partition-1} - Received AppendResponse{status=OK, term=1, succeeded=true, lastLogIndex=73} from 2
09:44:38.779 [raft-server-system-partition-1] TRACE i.a.p.raft.roles.LeaderAppender - RaftServer{system-partition-1} - Sending AppendRequest{term=1, leader=3, prevLogIndex=73, prevLogTerm=1, entries=0, commitIndex=73} to 2
09:44:38.780 [raft-server-system-partition-1] TRACE i.a.p.raft.roles.FollowerRole - RaftServer{system-partition-1}{role=FOLLOWER} - Received AppendRequest{term=1, leader=3, prevLogIndex=73, prevLogTerm=1, entries=0, commitIndex=73}
09:44:38.780 [raft-server-system-partition-1] TRACE i.a.p.raft.roles.FollowerRole - RaftServer{system-partition-1}{role=FOLLOWER} - Sending AppendResponse{status=OK, term=1, succeeded=true, lastLogIndex=73}
09:44:38.780 [raft-server-system-partition-1] TRACE i.a.p.raft.roles.LeaderAppender - RaftServer{system-partition-1} - Received AppendResponse{status=OK, term=1, succeeded=true, lastLogIndex=73} from 2
09:44:38.780 [raft-server-system-partition-1] TRACE i.a.p.raft.roles.LeaderAppender - RaftServer{system-partition-1} - Sending AppendRequest{term=1, leader=3, prevLogIndex=73, prevLogTerm=1, entries=0, commitIndex=73} to 2
09:44:38.780 [raft-server-system-partition-1] TRACE i.a.p.raft.roles.FollowerRole - RaftServer{system-partition-1}{role=FOLLOWER} - Received AppendRequest{term=1, leader=3, prevLogIndex=73, prevLogTerm=1, entries=0, commitIndex=73}
09:44:38.780 [raft-server-system-partition-1] TRACE i.a.p.raft.roles.FollowerRole - RaftServer{system-partition-1}{role=FOLLOWER} - Sending AppendResponse{status=OK, term=1, succeeded=true, lastLogIndex=73}
09:44:38.780 [raft-server-system-partition-1] TRACE i.a.p.raft.roles.LeaderAppender - RaftServer{system-partition-1} - Received AppendResponse{status=OK, term=1, succeeded=true, lastLogIndex=73} from 2
09:44:38.980 [raft-server-raft-partition-2] TRACE i.a.p.raft.roles.LeaderAppender - RaftServer{raft-partition-2} - Sending AppendRequest{term=1, leader=2, prevLogIndex=1, prevLogTerm=1, entries=0, commitIndex=1} to 3
09:44:38.980 [raft-server-raft-partition-2] TRACE i.a.p.raft.roles.FollowerRole - RaftServer{raft-partition-2}{role=FOLLOWER} - Received AppendRequest{term=1, leader=2, prevLogIndex=1, prevLogTerm=1, entries=0, commitIndex=1}
09:44:38.980 [raft-server-raft-partition-2] TRACE i.a.p.raft.roles.FollowerRole - RaftServer{raft-partition-2}{role=FOLLOWER} - Sending AppendResponse{status=OK, term=1, succeeded=true, lastLogIndex=1}
09:44:38.981 [raft-server-raft-partition-2] TRACE i.a.p.raft.roles.LeaderAppender - RaftServer{raft-partition-2} - Received AppendResponse{status=OK, term=1, succeeded=true, lastLogIndex=1} from 3
09:44:38.981 [raft-server-raft-partition-2] TRACE i.a.p.raft.roles.LeaderAppender - RaftServer{raft-partition-2} - Sending AppendRequest{term=1, leader=2, prevLogIndex=1, prevLogTerm=1, entries=0, commitIndex=1} to 3
09:44:38.981 [raft-server-raft-partition-2] TRACE i.a.p.raft.roles.FollowerRole - RaftServer{raft-partition-2}{role=FOLLOWER} - Received AppendRequest{term=1, leader=2, prevLogIndex=1, prevLogTerm=1, entries=0, commitIndex=1}
09:44:38.981 [raft-server-raft-partition-2] TRACE i.a.p.raft.roles.FollowerRole - RaftServer{raft-partition-2}{role=FOLLOWER} - Sending AppendResponse{status=OK, term=1, succeeded=true, lastLogIndex=1}
09:44:38.981 [raft-server-raft-partition-2] TRACE i.a.p.raft.roles.LeaderAppender - RaftServer{raft-partition-2} - Received AppendResponse{status=OK, term=1, succeeded=true, lastLogIndex=1} from 3
09:44:39.029 [raft-server-system-partition-1] TRACE i.a.p.raft.roles.LeaderAppender - RaftServer{system-partition-1} - Sending AppendRequest{term=1, leader=3, prevLogIndex=73, prevLogTerm=1, entries=0, commitIndex=73} to 2
09:44:39.029 [raft-server-system-partition-1] TRACE i.a.p.raft.roles.FollowerRole - RaftServer{system-partition-1}{role=FOLLOWER} - Received AppendRequest{term=1, leader=3, prevLogIndex=73, prevLogTerm=1, entries=0, commitIndex=73}
09:44:39.029 [raft-server-system-partition-1] TRACE i.a.p.raft.roles.FollowerRole - RaftServer{system-partition-1}{role=FOLLOWER} - Sending AppendResponse{status=OK, term=1, succeeded=true, lastLogIndex=73}
09:44:39.029 [raft-server-system-partition-1] TRACE i.a.p.raft.roles.LeaderAppender - RaftServer{system-partition-1} - Received AppendResponse{status=OK, term=1, succeeded=true, lastLogIndex=73} from 2
09:44:39.030 [raft-server-system-partition-1] TRACE i.a.p.raft.roles.LeaderAppender - RaftServer{system-partition-1} - Sending AppendRequest{term=1, leader=3, prevLogIndex=73, prevLogTerm=1, entries=0, commitIndex=73} to 2
09:44:39.030 [raft-server-system-partition-1] TRACE i.a.p.raft.roles.FollowerRole - RaftServer{system-partition-1}{role=FOLLOWER} - Received AppendRequest{term=1, leader=3, prevLogIndex=73, prevLogTerm=1, entries=0, commitIndex=73}
09:44:39.030 [raft-server-system-partition-1] TRACE i.a.p.raft.roles.FollowerRole - RaftServer{system-partition-1}{role=FOLLOWER} - Sending AppendResponse{status=OK, term=1, succeeded=true, lastLogIndex=73}
09:44:39.030 [raft-server-system-partition-1] TRACE i.a.p.raft.roles.LeaderAppender - RaftServer{system-partition-1} - Received AppendResponse{status=OK, term=1, succeeded=true, lastLogIndex=73} from 2
09:44:39.230 [raft-server-raft-partition-2] TRACE i.a.p.raft.roles.LeaderAppender - RaftServer{raft-partition-2} - Sending AppendRequest{term=1, leader=2, prevLogIndex=1, prevLogTerm=1, entries=0, commitIndex=1} to 3
09:44:39.231 [raft-server-raft-partition-2] TRACE i.a.p.raft.roles.FollowerRole - RaftServer{raft-partition-2}{role=FOLLOWER} - Received AppendRequest{term=1, leader=2, prevLogIndex=1, prevLogTerm=1, entries=0, commitIndex=1}
09:44:39.231 [raft-server-raft-partition-2] TRACE i.a.p.raft.roles.FollowerRole - RaftServer{raft-partition-2}{role=FOLLOWER} - Sending AppendResponse{status=OK, term=1, succeeded=true, lastLogIndex=1}
09:44:39.231 [raft-server-raft-partition-2] TRACE i.a.p.raft.roles.LeaderAppender - RaftServer{raft-partition-2} - Received AppendResponse{status=OK, term=1, succeeded=true, lastLogIndex=1} from 3
09:44:39.231 [raft-server-raft-partition-2] TRACE i.a.p.raft.roles.LeaderAppender - RaftServer{raft-partition-2} - Sending AppendRequest{term=1, leader=2, prevLogIndex=1, prevLogTerm=1, entries=0, commitIndex=1} to 3
09:44:39.231 [raft-server-raft-partition-2] TRACE i.a.p.raft.roles.FollowerRole - RaftServer{raft-partition-2}{role=FOLLOWER} - Received AppendRequest{term=1, leader=2, prevLogIndex=1, prevLogTerm=1, entries=0, commitIndex=1}
09:44:39.231 [raft-server-raft-partition-2] TRACE i.a.p.raft.roles.FollowerRole - RaftServer{raft-partition-2}{role=FOLLOWER} - Sending AppendResponse{status=OK, term=1, succeeded=true, lastLogIndex=1}
09:44:39.232 [raft-server-raft-partition-2] TRACE i.a.p.raft.roles.LeaderAppender - RaftServer{raft-partition-2} - Received AppendResponse{status=OK, term=1, succeeded=true, lastLogIndex=1} from 3
09:44:39.279 [raft-server-system-partition-1] TRACE i.a.p.raft.roles.LeaderAppender - RaftServer{system-partition-1} - Sending AppendRequest{term=1, leader=3, prevLogIndex=73, prevLogTerm=1, entries=0, commitIndex=73} to 2
09:44:39.279 [raft-server-system-partition-1] TRACE i.a.p.raft.roles.FollowerRole - RaftServer{system-partition-1}{role=FOLLOWER} - Received AppendRequest{term=1, leader=3, prevLogIndex=73, prevLogTerm=1, entries=0, commitIndex=73}
09:44:39.279 [raft-server-system-partition-1] TRACE i.a.p.raft.roles.FollowerRole - RaftServer{system-partition-1}{role=FOLLOWER} - Sending AppendResponse{status=OK, term=1, succeeded=true, lastLogIndex=73}
09:44:39.279 [raft-server-system-partition-1] TRACE i.a.p.raft.roles.LeaderAppender - RaftServer{system-partition-1} - Received AppendResponse{status=OK, term=1, succeeded=true, lastLogIndex=73} from 2
09:44:39.280 [raft-server-system-partition-1] TRACE i.a.p.raft.roles.LeaderAppender - RaftServer{system-partition-1} - Sending AppendRequest{term=1, leader=3, prevLogIndex=73, prevLogTerm=1, entries=0, commitIndex=73} to 2
09:44:39.280 [raft-server-system-partition-1] TRACE i.a.p.raft.roles.FollowerRole - RaftServer{system-partition-1}{role=FOLLOWER} - Received AppendRequest{term=1, leader=3, prevLogIndex=73, prevLogTerm=1, entries=0, commitIndex=73}
09:44:39.280 [raft-server-system-partition-1] TRACE i.a.p.raft.roles.FollowerRole - RaftServer{system-partition-1}{role=FOLLOWER} - Sending AppendResponse{status=OK, term=1, succeeded=true, lastLogIndex=73}
09:44:39.280 [raft-server-system-partition-1] TRACE i.a.p.raft.roles.LeaderAppender - RaftServer{system-partition-1} - Received AppendResponse{status=OK, term=1, succeeded=true, lastLogIndex=73} from 2
09:44:39.388 [atomix-data-9] TRACE i.a.p.backup.roles.PrimaryRole - PrimaryRole{data-partition-1}{role=PRIMARY} - Sending BackupRequest{primary=2, term=2, index=2, primitive=PrimitiveDescriptor{name=testBasicCounterMapOperationMap, type=counter-map, backups=2, replication=ASYNCHRONOUS}, operations=[HeartbeatOperation{index=5, timestamp=1528703079374}]} to 3
09:44:39.389 [atomix-data-3] TRACE i.a.p.backup.roles.BackupRole - BackupRole{data-partition-1}{role=BACKUP} - Received BackupRequest{primary=2, term=2, index=2, primitive=PrimitiveDescriptor{name=testBasicCounterMapOperationMap, type=counter-map, backups=2, replication=ASYNCHRONOUS}, operations=[HeartbeatOperation{index=5, timestamp=1528703079374}]}
09:44:39.389 [atomix-data-3] TRACE i.a.p.backup.roles.BackupRole - BackupRole{data-partition-1}{role=BACKUP} - Sending BackupResponse{status=OK}
09:44:39.480 [raft-server-raft-partition-2] TRACE i.a.p.raft.roles.LeaderAppender - RaftServer{raft-partition-2} - Sending AppendRequest{term=1, leader=2, prevLogIndex=1, prevLogTerm=1, entries=0, commitIndex=1} to 3
09:44:39.480 [raft-server-raft-partition-2] TRACE i.a.p.raft.roles.FollowerRole - RaftServer{raft-partition-2}{role=FOLLOWER} - Received AppendRequest{term=1, leader=2, prevLogIndex=1, prevLogTerm=1, entries=0, commitIndex=1}
09:44:39.480 [raft-server-raft-partition-2] TRACE i.a.p.raft.roles.FollowerRole - RaftServer{raft-partition-2}{role=FOLLOWER} - Sending AppendResponse{status=OK, term=1, succeeded=true, lastLogIndex=1}
09:44:39.481 [raft-server-raft-partition-2] TRACE i.a.p.raft.roles.LeaderAppender - RaftServer{raft-partition-2} - Received AppendResponse{status=OK, term=1, succeeded=true, lastLogIndex=1} from 3
09:44:39.481 [raft-server-raft-partition-2] TRACE i.a.p.raft.roles.LeaderAppender - RaftServer{raft-partition-2} - Sending AppendRequest{term=1, leader=2, prevLogIndex=1, prevLogTerm=1, entries=0, commitIndex=1} to 3
09:44:39.481 [raft-server-raft-partition-2] TRACE i.a.p.raft.roles.FollowerRole - RaftServer{raft-partition-2}{role=FOLLOWER} - Received AppendRequest{term=1, leader=2, prevLogIndex=1, prevLogTerm=1, entries=0, commitIndex=1}
09:44:39.481 [raft-server-raft-partition-2] TRACE i.a.p.raft.roles.FollowerRole - RaftServer{raft-partition-2}{role=FOLLOWER} - Sending AppendResponse{status=OK, term=1, succeeded=true, lastLogIndex=1}
09:44:39.481 [raft-server-raft-partition-2] TRACE i.a.p.raft.roles.LeaderAppender - RaftServer{raft-partition-2} - Received AppendResponse{status=OK, term=1, succeeded=true, lastLogIndex=1} from 3
09:44:39.529 [raft-server-system-partition-1] TRACE i.a.p.raft.roles.LeaderAppender - RaftServer{system-partition-1} - Sending AppendRequest{term=1, leader=3, prevLogIndex=73, prevLogTerm=1, entries=0, commitIndex=73} to 2
09:44:39.529 [raft-server-system-partition-1] TRACE i.a.p.raft.roles.FollowerRole - RaftServer{system-partition-1}{role=FOLLOWER} - Received AppendRequest{term=1, leader=3, prevLogIndex=73, prevLogTerm=1, entries=0, commitIndex=73}
09:44:39.529 [raft-server-system-partition-1] TRACE i.a.p.raft.roles.FollowerRole - RaftServer{system-partition-1}{role=FOLLOWER} - Sending AppendResponse{status=OK, term=1, succeeded=true, lastLogIndex=73}
09:44:39.529 [raft-server-system-partition-1] TRACE i.a.p.raft.roles.LeaderAppender - RaftServer{system-partition-1} - Received AppendResponse{status=OK, term=1, succeeded=true, lastLogIndex=73} from 2
09:44:39.529 [raft-server-system-partition-1] TRACE i.a.p.raft.roles.LeaderAppender - RaftServer{system-partition-1} - Sending AppendRequest{term=1, leader=3, prevLogIndex=73, prevLogTerm=1, entries=0, commitIndex=73} to 2
09:44:39.530 [raft-server-system-partition-1] TRACE i.a.p.raft.roles.FollowerRole - RaftServer{system-partition-1}{role=FOLLOWER} - Received AppendRequest{term=1, leader=3, prevLogIndex=73, prevLogTerm=1, entries=0, commitIndex=73}
09:44:39.530 [raft-server-system-partition-1] TRACE i.a.p.raft.roles.FollowerRole - RaftServer{system-partition-1}{role=FOLLOWER} - Sending AppendResponse{status=OK, term=1, succeeded=true, lastLogIndex=73}
09:44:39.530 [raft-server-system-partition-1] TRACE i.a.p.raft.roles.LeaderAppender - RaftServer{system-partition-1} - Received AppendResponse{status=OK, term=1, succeeded=true, lastLogIndex=73} from 2
09:44:39.530 [raft-server-system-partition-1] TRACE i.a.p.raft.roles.LeaderAppender - RaftServer{system-partition-1} - Sending AppendRequest{term=1, leader=3, prevLogIndex=73, prevLogTerm=1, entries=0, commitIndex=73} to 2
09:44:39.530 [raft-server-system-partition-1] TRACE i.a.p.raft.roles.FollowerRole - RaftServer{system-partition-1}{role=FOLLOWER} - Received AppendRequest{term=1, leader=3, prevLogIndex=73, prevLogTerm=1, entries=0, commitIndex=73}
09:44:39.530 [raft-server-system-partition-1] TRACE i.a.p.raft.roles.FollowerRole - RaftServer{system-partition-1}{role=FOLLOWER} - Sending AppendResponse{status=OK, term=1, succeeded=true, lastLogIndex=73}
09:44:39.530 [raft-server-system-partition-1] TRACE i.a.p.raft.roles.LeaderAppender - RaftServer{system-partition-1} - Received AppendResponse{status=OK, term=1, succeeded=true, lastLogIndex=73} from 2
09:44:39.570 [atomix-cluster-heartbeat-sender] INFO  i.a.c.i.DefaultClusterMembershipService - 2 - Member deactivated: StatefulMember{id=1, address=localhost:5001, metadata={}}
09:44:39.570 [atomix-cluster-heartbeat-sender] INFO  i.a.c.i.DefaultClusterMembershipService - 3 - Member deactivated: StatefulMember{id=1, address=localhost:5001, metadata={}}
09:44:39.571 [atomix-cluster-heartbeat-sender] DEBUG i.a.protocols.raft.roles.LeaderRole - RaftServer{system-partition-1}{role=LEADER} - Node 1 deactivated
09:44:39.571 [atomix-cluster-heartbeat-sender] DEBUG i.a.p.raft.roles.FollowerRole - RaftServer{raft-partition-1}{role=FOLLOWER} - Polling members [DefaultRaftMember{id=3, type=ACTIVE, updated=2018-06-11T07:44:29.544Z}, DefaultRaftMember{id=1, type=ACTIVE, updated=2018-06-11T07:44:29.544Z}]
09:44:39.571 [atomix-cluster-heartbeat-sender] DEBUG i.a.p.raft.roles.FollowerRole - RaftServer{raft-partition-1}{role=FOLLOWER} - Polling DefaultRaftMember{id=3, type=ACTIVE, updated=2018-06-11T07:44:29.544Z} for next term 2
09:44:39.571 [atomix-cluster-heartbeat-sender] DEBUG i.a.p.raft.roles.FollowerRole - RaftServer{raft-partition-1}{role=FOLLOWER} - Polling DefaultRaftMember{id=1, type=ACTIVE, updated=2018-06-11T07:44:29.544Z} for next term 2
09:44:39.572 [atomix-cluster-heartbeat-sender] DEBUG i.a.p.raft.roles.FollowerRole - RaftServer{raft-partition-3}{role=FOLLOWER} - Polling members [DefaultRaftMember{id=3, type=ACTIVE, updated=2018-06-11T07:44:29.748Z}, DefaultRaftMember{id=1, type=ACTIVE, updated=2018-06-11T07:44:29.748Z}]
09:44:39.572 [raft-server-raft-partition-1] WARN  i.a.p.raft.roles.FollowerRole - RaftServer{raft-partition-1}{role=FOLLOWER} - java.net.ConnectException
09:44:39.572 [atomix-cluster-heartbeat-sender] DEBUG i.a.p.raft.roles.FollowerRole - RaftServer{raft-partition-3}{role=FOLLOWER} - Polling DefaultRaftMember{id=3, type=ACTIVE, updated=2018-06-11T07:44:29.748Z} for next term 2
09:44:39.572 [atomix-cluster-heartbeat-sender] DEBUG i.a.p.raft.roles.FollowerRole - RaftServer{raft-partition-3}{role=FOLLOWER} - Polling DefaultRaftMember{id=1, type=ACTIVE, updated=2018-06-11T07:44:29.748Z} for next term 2
09:44:39.572 [atomix-cluster-heartbeat-sender] DEBUG i.a.protocols.raft.roles.LeaderRole - RaftServer{raft-partition-2}{role=LEADER} - Node 1 deactivated
09:44:39.572 [raft-server-raft-partition-3] WARN  i.a.p.raft.roles.FollowerRole - RaftServer{raft-partition-3}{role=FOLLOWER} - java.net.ConnectException
09:44:39.572 [raft-server-raft-partition-1] TRACE i.a.p.raft.roles.FollowerRole - RaftServer{raft-partition-1}{role=FOLLOWER} - Received PollRequest{term=1, candidate=2, lastLogIndex=1, lastLogTerm=1}
09:44:39.572 [raft-server-raft-partition-1] DEBUG i.a.p.raft.roles.FollowerRole - RaftServer{raft-partition-1}{role=FOLLOWER} - Accepted PollRequest{term=1, candidate=2, lastLogIndex=1, lastLogTerm=1}: candidate's log is up-to-date
09:44:39.572 [raft-server-raft-partition-1] TRACE i.a.p.raft.roles.FollowerRole - RaftServer{raft-partition-1}{role=FOLLOWER} - Sending PollResponse{status=OK, term=1, accepted=true}
09:44:39.572 [atomix-cluster-heartbeat-sender] DEBUG i.a.protocols.raft.roles.LeaderRole - RaftServer{system-partition-1}{role=LEADER} - Expiring session due to heartbeat failure: RaftSession{RaftServiceContext{server=system-partition-1, type=PrimaryElectorType{name=PRIMARY_ELECTOR}, name=atomix-primary-elector, id=2}, session=2, timestamp=2018-06-11 09:44:35,083}
09:44:39.572 [atomix-cluster-heartbeat-sender] TRACE i.a.protocols.raft.roles.LeaderRole - RaftServer{system-partition-1}{role=LEADER} - Appended Indexed{index=74, entry=CloseSessionEntry{term=1, timestamp=2018-06-11 09:44:39,572, session=2, expired=true}}
09:44:39.572 [raft-server-raft-partition-1] DEBUG i.a.p.raft.roles.FollowerRole - RaftServer{raft-partition-1}{role=FOLLOWER} - Received accepted poll from DefaultRaftMember{id=3, type=ACTIVE, updated=2018-06-11T07:44:29.544Z}
09:44:39.573 [raft-server-raft-partition-1] INFO  i.a.protocols.raft.impl.RaftContext - RaftServer{raft-partition-1} - Transitioning to CANDIDATE
09:44:39.573 [raft-server-raft-partition-1] TRACE i.a.p.raft.roles.FollowerRole - RaftServer{raft-partition-1}{role=FOLLOWER} - Cancelling heartbeat timer
09:44:39.573 [raft-server-raft-partition-3] TRACE i.a.p.raft.roles.FollowerRole - RaftServer{raft-partition-3}{role=FOLLOWER} - Received PollRequest{term=1, candidate=2, lastLogIndex=1, lastLogTerm=1}
09:44:39.573 [raft-server-raft-partition-1] INFO  i.a.p.raft.roles.CandidateRole - RaftServer{raft-partition-1}{role=CANDIDATE} - Starting election
09:44:39.573 [raft-server-raft-partition-3] DEBUG i.a.p.raft.roles.FollowerRole - RaftServer{raft-partition-3}{role=FOLLOWER} - Accepted PollRequest{term=1, candidate=2, lastLogIndex=1, lastLogTerm=1}: candidate's log is up-to-date
09:44:39.573 [raft-server-raft-partition-1] TRACE i.a.p.raft.storage.system.MetaStore - Store term 2
09:44:39.573 [raft-server-raft-partition-3] TRACE i.a.p.raft.roles.FollowerRole - RaftServer{raft-partition-3}{role=FOLLOWER} - Sending PollResponse{status=OK, term=1, accepted=true}
09:44:39.573 [atomix-cluster-heartbeat-sender] DEBUG i.a.protocols.raft.roles.LeaderRole - RaftServer{system-partition-1}{role=LEADER} - Expiring session due to heartbeat failure: RaftSession{RaftServiceContext{server=system-partition-1, type=SessionIdGeneratorType{name=SESSION_ID_GENERATOR}, name=session-id, id=6}, session=6, timestamp=2018-06-11 09:44:35,083}
09:44:39.573 [raft-server-system-partition-1] TRACE i.a.p.raft.roles.LeaderAppender - RaftServer{system-partition-1} - Sending AppendRequest{term=1, leader=3, prevLogIndex=73, prevLogTerm=1, entries=1, commitIndex=73} to 2
09:44:39.573 [atomix-cluster-heartbeat-sender] TRACE i.a.protocols.raft.roles.LeaderRole - RaftServer{system-partition-1}{role=LEADER} - Appended Indexed{index=75, entry=CloseSessionEntry{term=1, timestamp=2018-06-11 09:44:39,573, session=6, expired=true}}
09:44:39.573 [raft-server-raft-partition-3] DEBUG i.a.p.raft.roles.FollowerRole - RaftServer{raft-partition-3}{role=FOLLOWER} - Received accepted poll from DefaultRaftMember{id=3, type=ACTIVE, updated=2018-06-11T07:44:29.748Z}
09:44:39.573 [raft-server-raft-partition-3] INFO  i.a.protocols.raft.impl.RaftContext - RaftServer{raft-partition-3} - Transitioning to CANDIDATE
09:44:39.573 [raft-server-raft-partition-3] TRACE i.a.p.raft.roles.FollowerRole - RaftServer{raft-partition-3}{role=FOLLOWER} - Cancelling heartbeat timer
09:44:39.573 [raft-server-raft-partition-3] INFO  i.a.p.raft.roles.CandidateRole - RaftServer{raft-partition-3}{role=CANDIDATE} - Starting election
09:44:39.573 [raft-server-raft-partition-3] TRACE i.a.p.raft.storage.system.MetaStore - Store term 2
09:44:39.573 [atomix-cluster-heartbeat-sender] DEBUG i.a.p.raft.roles.FollowerRole - RaftServer{raft-partition-1}{role=FOLLOWER} - Polling members [DefaultRaftMember{id=2, type=ACTIVE, updated=2018-06-11T07:44:29.544Z}, DefaultRaftMember{id=1, type=ACTIVE, updated=2018-06-11T07:44:29.544Z}]
09:44:39.574 [atomix-cluster-heartbeat-sender] DEBUG i.a.p.raft.roles.FollowerRole - RaftServer{raft-partition-1}{role=FOLLOWER} - Polling DefaultRaftMember{id=2, type=ACTIVE, updated=2018-06-11T07:44:29.544Z} for next term 2
09:44:39.574 [raft-server-system-partition-1] TRACE i.a.p.raft.roles.FollowerRole - RaftServer{system-partition-1}{role=FOLLOWER} - Received AppendRequest{term=1, leader=3, prevLogIndex=73, prevLogTerm=1, entries=1, commitIndex=73}
09:44:39.574 [raft-server-system-partition-1] TRACE i.a.p.raft.roles.FollowerRole - RaftServer{system-partition-1}{role=FOLLOWER} - Appended Indexed{index=74, entry=CloseSessionEntry{term=1, timestamp=2018-06-11 09:44:39,572, session=2, expired=true}}
09:44:39.574 [raft-server-system-partition-1] TRACE i.a.p.raft.roles.FollowerRole - RaftServer{system-partition-1}{role=FOLLOWER} - Sending AppendResponse{status=OK, term=1, succeeded=true, lastLogIndex=74}
09:44:39.574 [atomix-cluster-heartbeat-sender] DEBUG i.a.p.raft.roles.FollowerRole - RaftServer{raft-partition-1}{role=FOLLOWER} - Polling DefaultRaftMember{id=1, type=ACTIVE, updated=2018-06-11T07:44:29.544Z} for next term 2
09:44:39.574 [raft-server-raft-partition-1] WARN  i.a.p.raft.roles.FollowerRole - RaftServer{raft-partition-1}{role=FOLLOWER} - java.net.ConnectException
09:44:39.574 [atomix-cluster-heartbeat-sender] DEBUG i.a.p.raft.roles.FollowerRole - RaftServer{raft-partition-3}{role=FOLLOWER} - Polling members [DefaultRaftMember{id=2, type=ACTIVE, updated=2018-06-11T07:44:29.748Z}, DefaultRaftMember{id=1, type=ACTIVE, updated=2018-06-11T07:44:29.748Z}]
09:44:39.574 [atomix-cluster-heartbeat-sender] DEBUG i.a.p.raft.roles.FollowerRole - RaftServer{raft-partition-3}{role=FOLLOWER} - Polling DefaultRaftMember{id=2, type=ACTIVE, updated=2018-06-11T07:44:29.748Z} for next term 2
09:44:39.574 [atomix-cluster-heartbeat-sender] DEBUG i.a.p.raft.roles.FollowerRole - RaftServer{raft-partition-3}{role=FOLLOWER} - Polling DefaultRaftMember{id=1, type=ACTIVE, updated=2018-06-11T07:44:29.748Z} for next term 2
09:44:39.575 [raft-server-raft-partition-3] WARN  i.a.p.raft.roles.FollowerRole - RaftServer{raft-partition-3}{role=FOLLOWER} - java.net.ConnectException
09:44:39.575 [raft-server-system-partition-1] TRACE i.a.p.raft.roles.LeaderAppender - RaftServer{system-partition-1} - Received AppendResponse{status=OK, term=1, succeeded=true, lastLogIndex=74} from 2
09:44:39.575 [raft-server-system-partition-1] TRACE i.a.p.raft.roles.LeaderAppender - RaftServer{system-partition-1} - Committed entries up to 74
09:44:39.611 [raft-server-raft-partition-1] TRACE i.a.p.raft.storage.system.MetaStore - Store vote null
09:44:39.630 [atomix-data-6] TRACE i.a.p.backup.roles.PrimaryRole - PrimaryRole{data-partition-2}{role=PRIMARY} - Sending BackupRequest{primary=3, term=2, index=2, primitive=PrimitiveDescriptor{name=testBasicCounterMapOperationMap, type=counter-map, backups=2, replication=ASYNCHRONOUS}, operations=[HeartbeatOperation{index=5, timestamp=1528703079629}]} to 2
09:44:39.630 [atomix-data-4] TRACE i.a.p.backup.roles.BackupRole - BackupRole{data-partition-2}{role=BACKUP} - Received BackupRequest{primary=3, term=2, index=2, primitive=PrimitiveDescriptor{name=testBasicCounterMapOperationMap, type=counter-map, backups=2, replication=ASYNCHRONOUS}, operations=[HeartbeatOperation{index=5, timestamp=1528703079629}]}
09:44:39.631 [atomix-data-4] TRACE i.a.p.backup.roles.BackupRole - BackupRole{data-partition-2}{role=BACKUP} - Sending BackupResponse{status=OK}
09:44:39.636 [raft-server-raft-partition-3] TRACE i.a.p.raft.storage.system.MetaStore - Store vote null
09:44:39.636 [raft-server-raft-partition-1] DEBUG i.a.protocols.raft.impl.RaftContext - RaftServer{raft-partition-1} - Set term 2
09:44:39.636 [raft-server-raft-partition-1] TRACE i.a.p.raft.storage.system.MetaStore - Store vote 2
09:44:39.636 [raft-server-system-partition-1] TRACE i.a.p.raft.roles.LeaderAppender - RaftServer{system-partition-1} - Sending AppendRequest{term=1, leader=3, prevLogIndex=74, prevLogTerm=1, entries=1, commitIndex=74} to 2
09:44:39.636 [raft-server-system-partition-1-state] TRACE i.a.p.raft.impl.RaftServiceManager - RaftServer{system-partition-1} - Applying Indexed{index=74, entry=CloseSessionEntry{term=1, timestamp=2018-06-11 09:44:39,572, session=2, expired=true}}
09:44:39.637 [raft-server-system-partition-1-state] DEBUG i.a.p.r.service.RaftServiceContext - PrimitiveService{2}{type=PrimaryElectorType{name=PRIMARY_ELECTOR}, name=atomix-primary-elector} - Closing session 2
09:44:39.637 [raft-server-system-partition-1] TRACE i.a.p.raft.roles.FollowerRole - RaftServer{system-partition-1}{role=FOLLOWER} - Received AppendRequest{term=1, leader=3, prevLogIndex=74, prevLogTerm=1, entries=1, commitIndex=74}
09:44:39.637 [raft-server-system-partition-1-state] DEBUG i.a.p.raft.session.RaftSession - Session{2}{type=PrimaryElectorType{name=PRIMARY_ELECTOR}, name=atomix-primary-elector} - State changed: EXPIRED
09:44:39.637 [raft-server-system-partition-1] TRACE i.a.p.raft.roles.FollowerRole - RaftServer{system-partition-1}{role=FOLLOWER} - Appended Indexed{index=75, entry=CloseSessionEntry{term=1, timestamp=2018-06-11 09:44:39,573, session=6, expired=true}}
09:44:39.639 [raft-server-system-partition-1-6] TRACE i.a.p.raft.session.RaftSession - Session{55}{type=PrimaryElectorType{name=PRIMARY_ELECTOR}, name=atomix-primary-elector} - Sending PublishRequest{session=55, eventIndex=74, previousIndex=55, events=[PrimitiveEvent{type=change, value=byte[]{length=62, hash=1035894630}}, PrimitiveEvent{type=change, value=byte[]{length=62, hash=-407346144}}, PrimitiveEvent{type=change, value=byte[]{length=62, hash=73734114}}]}
09:44:39.639 [raft-server-system-partition-1-5] TRACE i.a.p.raft.session.RaftSession - Session{3}{type=PrimaryElectorType{name=PRIMARY_ELECTOR}, name=atomix-primary-elector} - Sending PublishRequest{session=3, eventIndex=74, previousIndex=42, events=[PrimitiveEvent{type=change, value=byte[]{length=62, hash=1035894630}}, PrimitiveEvent{type=change, value=byte[]{length=62, hash=-407346144}}, PrimitiveEvent{type=change, value=byte[]{length=62, hash=73734114}}]}
09:44:39.639 [raft-server-system-partition-1-2] TRACE i.a.p.raft.session.RaftSession - Session{4}{type=PrimaryElectorType{name=PRIMARY_ELECTOR}, name=atomix-primary-elector} - Sending PublishRequest{session=4, eventIndex=74, previousIndex=42, events=[PrimitiveEvent{type=change, value=byte[]{length=62, hash=1035894630}}, PrimitiveEvent{type=change, value=byte[]{length=62, hash=-407346144}}, PrimitiveEvent{type=change, value=byte[]{length=62, hash=73734114}}]}
09:44:39.639 [raft-client-system-partition-1-1] TRACE i.a.p.r.s.impl.RaftSessionListener - SessionClient{4}{type=PrimaryElectorType{name=PRIMARY_ELECTOR}, name=atomix-primary-elector} - Received PublishRequest{session=4, eventIndex=74, previousIndex=42, events=[PrimitiveEvent{type=change, value=byte[]{length=62, hash=1035894630}}, PrimitiveEvent{type=change, value=byte[]{length=62, hash=-407346144}}, PrimitiveEvent{type=change, value=byte[]{length=62, hash=73734114}}]}
09:44:39.639 [raft-client-system-partition-1-4] TRACE i.a.p.r.s.impl.RaftSessionListener - SessionClient{3}{type=PrimaryElectorType{name=PRIMARY_ELECTOR}, name=atomix-primary-elector} - Received PublishRequest{session=3, eventIndex=74, previousIndex=42, events=[PrimitiveEvent{type=change, value=byte[]{length=62, hash=1035894630}}, PrimitiveEvent{type=change, value=byte[]{length=62, hash=-407346144}}, PrimitiveEvent{type=change, value=byte[]{length=62, hash=73734114}}]}
09:44:39.639 [raft-client-system-partition-1-1] TRACE i.a.p.r.s.impl.RaftSessionSequencer - SessionClient{4}{type=PrimaryElectorType{name=PRIMARY_ELECTOR}, name=atomix-primary-elector} - Completing PublishRequest{session=4, eventIndex=74, previousIndex=42, events=[PrimitiveEvent{type=change, value=byte[]{length=62, hash=1035894630}}, PrimitiveEvent{type=change, value=byte[]{length=62, hash=-407346144}}, PrimitiveEvent{type=change, value=byte[]{length=62, hash=73734114}}]}
09:44:39.639 [netty-messaging-event-epoll-client-7] WARN  i.a.c.m.impl.NettyMessagingService - Unable to dispatch message due to Task java.util.concurrent.ScheduledThreadPoolExecutor$ScheduledFutureTask@6aed2f64 rejected from java.util.concurrent.ScheduledThreadPoolExecutor@1b8a0f91[Terminated, pool size = 0, active threads = 0, queued tasks = 0, completed tasks = 75]
09:44:39.639 [raft-client-system-partition-1-4] TRACE i.a.p.r.s.impl.RaftSessionSequencer - SessionClient{3}{type=PrimaryElectorType{name=PRIMARY_ELECTOR}, name=atomix-primary-elector} - Completing PublishRequest{session=3, eventIndex=74, previousIndex=42, events=[PrimitiveEvent{type=change, value=byte[]{length=62, hash=1035894630}}, PrimitiveEvent{type=change, value=byte[]{length=62, hash=-407346144}}, PrimitiveEvent{type=change, value=byte[]{length=62, hash=73734114}}]}
09:44:39.645 [atomix-data-11] TRACE i.a.p.backup.roles.PrimaryRole - PrimaryRole{data-partition-5}{role=PRIMARY} - Sending BackupRequest{primary=3, term=2, index=2, primitive=PrimitiveDescriptor{name=testBasicCounterMapOperationMap, type=counter-map, backups=2, replication=ASYNCHRONOUS}, operations=[HeartbeatOperation{index=5, timestamp=1528703079640}]} to 2
09:44:39.645 [atomix-data-14] TRACE i.a.p.backup.roles.BackupRole - BackupRole{data-partition-5}{role=BACKUP} - Received BackupRequest{primary=3, term=2, index=2, primitive=PrimitiveDescriptor{name=testBasicCounterMapOperationMap, type=counter-map, backups=2, replication=ASYNCHRONOUS}, operations=[HeartbeatOperation{index=5, timestamp=1528703079640}]}
09:44:39.645 [atomix-data-14] TRACE i.a.p.backup.roles.BackupRole - BackupRole{data-partition-5}{role=BACKUP} - Sending BackupResponse{status=OK}
09:44:39.669 [raft-server-raft-partition-3] DEBUG i.a.protocols.raft.impl.RaftContext - RaftServer{raft-partition-3} - Set term 2
09:44:39.669 [raft-server-system-partition-1] TRACE i.a.p.raft.roles.FollowerRole - RaftServer{system-partition-1}{role=FOLLOWER} - Committed entries up to index 74
09:44:39.669 [raft-server-raft-partition-1] DEBUG i.a.protocols.raft.impl.RaftContext - RaftServer{raft-partition-1} - Voted for 2
09:44:39.669 [raft-server-raft-partition-3] TRACE i.a.p.raft.storage.system.MetaStore - Store vote 2
09:44:39.669 [raft-server-system-partition-1] TRACE i.a.p.raft.roles.FollowerRole - RaftServer{system-partition-1}{role=FOLLOWER} - Sending AppendResponse{status=OK, term=1, succeeded=true, lastLogIndex=75}
09:44:39.669 [raft-server-raft-partition-1] DEBUG i.a.p.raft.roles.CandidateRole - RaftServer{raft-partition-1}{role=CANDIDATE} - Requesting votes for term 2
09:44:39.669 [raft-server-raft-partition-1] DEBUG i.a.p.raft.roles.CandidateRole - RaftServer{raft-partition-1}{role=CANDIDATE} - Requesting vote from DefaultRaftMember{id=3, type=ACTIVE, updated=2018-06-11T07:44:29.544Z} for term 2
09:44:39.669 [raft-server-system-partition-1-state] TRACE i.a.p.raft.impl.RaftServiceManager - RaftServer{system-partition-1} - Applying Indexed{index=74, entry=CloseSessionEntry{term=1, timestamp=2018-06-11 09:44:39,572, session=2, expired=true}}
09:44:39.669 [raft-server-raft-partition-1] DEBUG i.a.p.raft.roles.CandidateRole - RaftServer{raft-partition-1}{role=CANDIDATE} - Requesting vote from DefaultRaftMember{id=1, type=ACTIVE, updated=2018-06-11T07:44:29.544Z} for term 2
09:44:39.670 [raft-server-system-partition-1-state] DEBUG i.a.p.r.service.RaftServiceContext - PrimitiveService{2}{type=PrimaryElectorType{name=PRIMARY_ELECTOR}, name=atomix-primary-elector} - Closing session 2
09:44:39.670 [raft-server-system-partition-1] TRACE i.a.p.raft.roles.LeaderAppender - RaftServer{system-partition-1} - Received AppendResponse{status=OK, term=1, succeeded=true, lastLogIndex=75} from 2
09:44:39.670 [raft-server-raft-partition-1] TRACE i.a.p.raft.roles.CandidateRole - RaftServer{raft-partition-1}{role=CANDIDATE} - Received PollRequest{term=1, candidate=3, lastLogIndex=1, lastLogTerm=1}
09:44:39.670 [raft-server-system-partition-1-state] DEBUG i.a.p.raft.session.RaftSession - Session{2}{type=PrimaryElectorType{name=PRIMARY_ELECTOR}, name=atomix-primary-elector} - State changed: EXPIRED
09:44:39.670 [raft-server-system-partition-1] TRACE i.a.p.raft.roles.LeaderAppender - RaftServer{system-partition-1} - Committed entries up to 75
09:44:39.670 [raft-server-raft-partition-1] DEBUG i.a.p.raft.roles.CandidateRole - RaftServer{raft-partition-1}{role=CANDIDATE} - Rejected PollRequest{term=1, candidate=3, lastLogIndex=1, lastLogTerm=1}: candidate's term is less than the current term
09:44:39.670 [raft-server-raft-partition-1] TRACE i.a.p.raft.roles.CandidateRole - RaftServer{raft-partition-1}{role=CANDIDATE} - Sending PollResponse{status=OK, term=2, accepted=false}
09:44:39.670 [raft-server-raft-partition-1] WARN  i.a.p.raft.roles.CandidateRole - RaftServer{raft-partition-1}{role=CANDIDATE} - java.net.ConnectException
09:44:39.670 [raft-server-raft-partition-1] TRACE i.a.p.raft.storage.system.MetaStore - Store term 2
09:44:39.694 [raft-server-raft-partition-3] DEBUG i.a.protocols.raft.impl.RaftContext - RaftServer{raft-partition-3} - Voted for 2
09:44:39.694 [raft-server-raft-partition-3] DEBUG i.a.p.raft.roles.CandidateRole - RaftServer{raft-partition-3}{role=CANDIDATE} - Requesting votes for term 2
09:44:39.694 [raft-server-raft-partition-3] DEBUG i.a.p.raft.roles.CandidateRole - RaftServer{raft-partition-3}{role=CANDIDATE} - Requesting vote from DefaultRaftMember{id=3, type=ACTIVE, updated=2018-06-11T07:44:29.748Z} for term 2
09:44:39.694 [raft-server-raft-partition-3] DEBUG i.a.p.raft.roles.CandidateRole - RaftServer{raft-partition-3}{role=CANDIDATE} - Requesting vote from DefaultRaftMember{id=1, type=ACTIVE, updated=2018-06-11T07:44:29.748Z} for term 2
09:44:39.694 [raft-server-raft-partition-3] TRACE i.a.p.raft.roles.CandidateRole - RaftServer{raft-partition-3}{role=CANDIDATE} - Received PollRequest{term=1, candidate=3, lastLogIndex=1, lastLogTerm=1}
09:44:39.694 [raft-server-raft-partition-3] DEBUG i.a.p.raft.roles.CandidateRole - RaftServer{raft-partition-3}{role=CANDIDATE} - Rejected PollRequest{term=1, candidate=3, lastLogIndex=1, lastLogTerm=1}: candidate's term is less than the current term
09:44:39.695 [raft-server-raft-partition-3] TRACE i.a.p.raft.roles.CandidateRole - RaftServer{raft-partition-3}{role=CANDIDATE} - Sending PollResponse{status=OK, term=2, accepted=false}
09:44:39.695 [raft-server-raft-partition-3] TRACE i.a.p.raft.roles.FollowerRole - RaftServer{raft-partition-3}{role=FOLLOWER} - Received VoteRequest{term=2, candidate=2, lastLogIndex=1, lastLogTerm=1}
09:44:39.695 [raft-server-raft-partition-3] WARN  i.a.p.raft.roles.CandidateRole - RaftServer{raft-partition-3}{role=CANDIDATE} - java.net.ConnectException
09:44:39.695 [raft-server-raft-partition-3] TRACE i.a.p.raft.storage.system.MetaStore - Store term 2
09:44:39.719 [raft-server-raft-partition-1] TRACE i.a.p.raft.storage.system.MetaStore - Store vote null
09:44:39.719 [raft-server-system-partition-1-state] TRACE i.a.p.raft.impl.RaftServiceManager - RaftServer{system-partition-1} - Applying Indexed{index=75, entry=CloseSessionEntry{term=1, timestamp=2018-06-11 09:44:39,573, session=6, expired=true}}
09:44:39.719 [raft-server-system-partition-1-state] DEBUG i.a.p.r.service.RaftServiceContext - PrimitiveService{6}{type=SessionIdGeneratorType{name=SESSION_ID_GENERATOR}, name=session-id} - Closing session 6
09:44:39.719 [raft-server-system-partition-1-state] DEBUG i.a.p.raft.session.RaftSession - Session{6}{type=SessionIdGeneratorType{name=SESSION_ID_GENERATOR}, name=session-id} - State changed: EXPIRED
09:44:39.730 [raft-server-raft-partition-2] TRACE i.a.p.raft.roles.LeaderAppender - RaftServer{raft-partition-2} - Sending AppendRequest{term=1, leader=2, prevLogIndex=1, prevLogTerm=1, entries=0, commitIndex=1} to 3
09:44:39.731 [raft-server-raft-partition-2] TRACE i.a.p.raft.roles.FollowerRole - RaftServer{raft-partition-2}{role=FOLLOWER} - Received AppendRequest{term=1, leader=2, prevLogIndex=1, prevLogTerm=1, entries=0, commitIndex=1}
09:44:39.731 [raft-server-raft-partition-2] TRACE i.a.p.raft.roles.FollowerRole - RaftServer{raft-partition-2}{role=FOLLOWER} - Sending AppendResponse{status=OK, term=1, succeeded=true, lastLogIndex=1}
09:44:39.731 [raft-server-raft-partition-2] TRACE i.a.p.raft.roles.LeaderAppender - RaftServer{raft-partition-2} - Received AppendResponse{status=OK, term=1, succeeded=true, lastLogIndex=1} from 3
09:44:39.731 [raft-server-raft-partition-2] TRACE i.a.p.raft.roles.LeaderAppender - RaftServer{raft-partition-2} - Sending AppendRequest{term=1, leader=2, prevLogIndex=1, prevLogTerm=1, entries=0, commitIndex=1} to 3
09:44:39.731 [raft-server-raft-partition-2] TRACE i.a.p.raft.roles.FollowerRole - RaftServer{raft-partition-2}{role=FOLLOWER} - Received AppendRequest{term=1, leader=2, prevLogIndex=1, prevLogTerm=1, entries=0, commitIndex=1}
09:44:39.731 [raft-server-raft-partition-2] TRACE i.a.p.raft.roles.FollowerRole - RaftServer{raft-partition-2}{role=FOLLOWER} - Sending AppendResponse{status=OK, term=1, succeeded=true, lastLogIndex=1}
09:44:39.731 [raft-server-raft-partition-2] TRACE i.a.p.raft.roles.LeaderAppender - RaftServer{raft-partition-2} - Received AppendResponse{status=OK, term=1, succeeded=true, lastLogIndex=1} from 3
09:44:39.744 [raft-server-raft-partition-3] TRACE i.a.p.raft.storage.system.MetaStore - Store vote null
09:44:39.757 [netty-messaging-event-epoll-client-14] WARN  i.a.c.m.impl.NettyMessagingService - Unable to dispatch message due to Task java.util.concurrent.ScheduledThreadPoolExecutor$ScheduledFutureTask@24945e7b rejected from java.util.concurrent.ScheduledThreadPoolExecutor@5c6941e[Terminated, pool size = 0, active threads = 0, queued tasks = 0, completed tasks = 4]
09:44:39.769 [raft-server-raft-partition-1] DEBUG i.a.protocols.raft.impl.RaftContext - RaftServer{raft-partition-1} - Set term 2
09:44:39.769 [raft-server-raft-partition-1] DEBUG i.a.p.raft.roles.FollowerRole - RaftServer{raft-partition-1}{role=FOLLOWER} - Received rejected poll from DefaultRaftMember{id=2, type=ACTIVE, updated=2018-06-11T07:44:29.544Z}
09:44:39.769 [raft-server-raft-partition-1] TRACE i.a.p.raft.roles.FollowerRole - RaftServer{raft-partition-1}{role=FOLLOWER} - Received VoteRequest{term=2, candidate=2, lastLogIndex=1, lastLogTerm=1}
09:44:39.769 [raft-server-raft-partition-1] DEBUG i.a.p.raft.roles.FollowerRole - RaftServer{raft-partition-1}{role=FOLLOWER} - Accepted VoteRequest{term=2, candidate=2, lastLogIndex=1, lastLogTerm=1}: candidate's log is up-to-date
09:44:39.769 [raft-server-raft-partition-1] TRACE i.a.p.raft.storage.system.MetaStore - Store vote 2
09:44:39.779 [raft-server-system-partition-1] TRACE i.a.p.raft.roles.LeaderAppender - RaftServer{system-partition-1} - Sending AppendRequest{term=1, leader=3, prevLogIndex=75, prevLogTerm=1, entries=0, commitIndex=75} to 2
09:44:39.779 [raft-server-system-partition-1] TRACE i.a.p.raft.roles.FollowerRole - RaftServer{system-partition-1}{role=FOLLOWER} - Received AppendRequest{term=1, leader=3, prevLogIndex=75, prevLogTerm=1, entries=0, commitIndex=75}
09:44:39.779 [raft-server-system-partition-1] TRACE i.a.p.raft.roles.FollowerRole - RaftServer{system-partition-1}{role=FOLLOWER} - Committed entries up to index 75
09:44:39.779 [raft-server-system-partition-1] TRACE i.a.p.raft.roles.FollowerRole - RaftServer{system-partition-1}{role=FOLLOWER} - Sending AppendResponse{status=OK, term=1, succeeded=true, lastLogIndex=75}
09:44:39.779 [raft-server-system-partition-1-state] TRACE i.a.p.raft.impl.RaftServiceManager - RaftServer{system-partition-1} - Applying Indexed{index=75, entry=CloseSessionEntry{term=1, timestamp=2018-06-11 09:44:39,573, session=6, expired=true}}
09:44:39.780 [raft-server-system-partition-1] TRACE i.a.p.raft.roles.LeaderAppender - RaftServer{system-partition-1} - Received AppendResponse{status=OK, term=1, succeeded=true, lastLogIndex=75} from 2
09:44:39.780 [raft-server-system-partition-1-state] DEBUG i.a.p.r.service.RaftServiceContext - PrimitiveService{6}{type=SessionIdGeneratorType{name=SESSION_ID_GENERATOR}, name=session-id} - Closing session 6
09:44:39.780 [raft-server-system-partition-1] TRACE i.a.p.raft.roles.LeaderAppender - RaftServer{system-partition-1} - Sending AppendRequest{term=1, leader=3, prevLogIndex=75, prevLogTerm=1, entries=0, commitIndex=75} to 2
09:44:39.780 [raft-server-system-partition-1-state] DEBUG i.a.p.raft.session.RaftSession - Session{6}{type=SessionIdGeneratorType{name=SESSION_ID_GENERATOR}, name=session-id} - State changed: EXPIRED
09:44:39.780 [raft-server-system-partition-1] TRACE i.a.p.raft.roles.FollowerRole - RaftServer{system-partition-1}{role=FOLLOWER} - Received AppendRequest{term=1, leader=3, prevLogIndex=75, prevLogTerm=1, entries=0, commitIndex=75}
09:44:39.780 [raft-server-system-partition-1] TRACE i.a.p.raft.roles.FollowerRole - RaftServer{system-partition-1}{role=FOLLOWER} - Sending AppendResponse{status=OK, term=1, succeeded=true, lastLogIndex=75}
09:44:39.780 [raft-server-system-partition-1] TRACE i.a.p.raft.roles.LeaderAppender - RaftServer{system-partition-1} - Received AppendResponse{status=OK, term=1, succeeded=true, lastLogIndex=75} from 2
09:44:39.794 [raft-server-raft-partition-3] DEBUG i.a.protocols.raft.impl.RaftContext - RaftServer{raft-partition-3} - Set term 2
09:44:39.796 [raft-server-raft-partition-3] DEBUG i.a.p.raft.roles.FollowerRole - RaftServer{raft-partition-3}{role=FOLLOWER} - Accepted VoteRequest{term=2, candidate=2, lastLogIndex=1, lastLogTerm=1}: candidate's log is up-to-date
09:44:39.796 [raft-server-raft-partition-3] TRACE i.a.p.raft.storage.system.MetaStore - Store vote 2
09:44:39.819 [raft-server-raft-partition-1] DEBUG i.a.protocols.raft.impl.RaftContext - RaftServer{raft-partition-1} - Voted for 2
09:44:39.819 [raft-server-raft-partition-1] TRACE i.a.p.raft.roles.FollowerRole - RaftServer{raft-partition-1}{role=FOLLOWER} - Sending VoteResponse{status=OK, term=2, voted=true}
09:44:39.819 [raft-server-raft-partition-1] DEBUG i.a.p.raft.roles.CandidateRole - RaftServer{raft-partition-1}{role=CANDIDATE} - Received successful vote from DefaultRaftMember{id=3, type=ACTIVE, updated=2018-06-11T07:44:29.544Z}
09:44:39.819 [raft-server-raft-partition-1] INFO  i.a.protocols.raft.impl.RaftContext - RaftServer{raft-partition-1} - Transitioning to LEADER
09:44:39.819 [raft-server-raft-partition-1] DEBUG i.a.p.raft.roles.CandidateRole - RaftServer{raft-partition-1}{role=CANDIDATE} - Cancelling election
09:44:39.819 [raft-server-raft-partition-1] INFO  i.a.protocols.raft.impl.RaftContext - RaftServer{raft-partition-1} - Found leader 2
09:44:39.819 [raft-server-raft-partition-1] TRACE i.a.p.raft.storage.system.MetaStore - Store vote null
09:44:39.844 [raft-server-raft-partition-3] DEBUG i.a.protocols.raft.impl.RaftContext - RaftServer{raft-partition-3} - Voted for 2
09:44:39.844 [raft-server-raft-partition-3] TRACE i.a.p.raft.roles.FollowerRole - RaftServer{raft-partition-3}{role=FOLLOWER} - Sending VoteResponse{status=OK, term=2, voted=true}
09:44:39.844 [raft-server-raft-partition-3] DEBUG i.a.p.raft.roles.FollowerRole - RaftServer{raft-partition-3}{role=FOLLOWER} - Received rejected poll from DefaultRaftMember{id=2, type=ACTIVE, updated=2018-06-11T07:44:29.748Z}
09:44:39.844 [raft-server-raft-partition-3] DEBUG i.a.p.raft.roles.CandidateRole - RaftServer{raft-partition-3}{role=CANDIDATE} - Received successful vote from DefaultRaftMember{id=3, type=ACTIVE, updated=2018-06-11T07:44:29.748Z}
09:44:39.844 [raft-server-raft-partition-3] INFO  i.a.protocols.raft.impl.RaftContext - RaftServer{raft-partition-3} - Transitioning to LEADER
09:44:39.844 [raft-server-raft-partition-3] DEBUG i.a.p.raft.roles.CandidateRole - RaftServer{raft-partition-3}{role=CANDIDATE} - Cancelling election
09:44:39.845 [raft-server-raft-partition-3] INFO  i.a.protocols.raft.impl.RaftContext - RaftServer{raft-partition-3} - Found leader 2
09:44:39.845 [raft-server-raft-partition-3] TRACE i.a.p.raft.storage.system.MetaStore - Store vote null
09:44:39.870 [raft-server-raft-partition-1] TRACE i.a.protocols.raft.roles.LeaderRole - RaftServer{raft-partition-1}{role=LEADER} - Appended Indexed{index=2, entry=InitializeEntry{term=2, timestamp=2018-06-11 09:44:39,819}}
09:44:39.871 [raft-server-raft-partition-1] DEBUG i.a.p.raft.roles.LeaderAppender - RaftServer{raft-partition-1} - Configuring 3
09:44:39.871 [raft-server-raft-partition-1] TRACE i.a.p.raft.roles.LeaderAppender - RaftServer{raft-partition-1} - Sending ConfigureRequest{term=2, leader=2, index=0, timestamp=1528703069544, members=[DefaultRaftMember{id=3, type=ACTIVE, updated=2018-06-11T07:44:29.544Z}, DefaultRaftMember{id=2, type=ACTIVE, updated=2018-06-11T07:44:29.544Z}, DefaultRaftMember{id=1, type=ACTIVE, updated=2018-06-11T07:44:29.544Z}]} to 3
09:44:39.871 [raft-server-raft-partition-1] DEBUG i.a.p.raft.roles.LeaderAppender - RaftServer{raft-partition-1} - Configuring 1
09:44:39.871 [raft-server-raft-partition-1] TRACE i.a.p.raft.roles.LeaderAppender - RaftServer{raft-partition-1} - Sending ConfigureRequest{term=2, leader=2, index=0, timestamp=1528703069544, members=[DefaultRaftMember{id=3, type=ACTIVE, updated=2018-06-11T07:44:29.544Z}, DefaultRaftMember{id=2, type=ACTIVE, updated=2018-06-11T07:44:29.544Z}, DefaultRaftMember{id=1, type=ACTIVE, updated=2018-06-11T07:44:29.544Z}]} to 1
09:44:39.871 [raft-server-raft-partition-1] TRACE i.a.protocols.raft.roles.LeaderRole - RaftServer{raft-partition-1}{role=LEADER} - Starting append timer
09:44:39.871 [raft-server-raft-partition-1] TRACE i.a.p.raft.roles.FollowerRole - RaftServer{raft-partition-1}{role=FOLLOWER} - Received ConfigureRequest{term=2, leader=2, index=0, timestamp=1528703069544, members=[DefaultRaftMember{id=3, type=ACTIVE, updated=2018-06-11T07:44:29.544Z}, DefaultRaftMember{id=2, type=ACTIVE, updated=2018-06-11T07:44:29.544Z}, DefaultRaftMember{id=1, type=ACTIVE, updated=2018-06-11T07:44:29.544Z}]}
09:44:39.871 [raft-server-raft-partition-1] INFO  i.a.protocols.raft.impl.RaftContext - RaftServer{raft-partition-1} - Found leader 2
09:44:39.871 [raft-server-raft-partition-1] TRACE i.a.p.raft.storage.system.MetaStore - Store vote null
09:44:39.872 [raft-server-raft-partition-1] WARN  i.a.p.raft.roles.LeaderAppender - RaftServer{raft-partition-1} - Failed to configure 1
java.util.concurrent.CompletionException: java.net.ConnectException
	at java.util.concurrent.CompletableFuture.encodeThrowable(CompletableFuture.java:292) ~[na:1.8.0_121]
	at java.util.concurrent.CompletableFuture.completeThrowable(CompletableFuture.java:308) ~[na:1.8.0_121]
	at java.util.concurrent.CompletableFuture.uniApply(CompletableFuture.java:593) ~[na:1.8.0_121]
	at java.util.concurrent.CompletableFuture.uniApplyStage(CompletableFuture.java:614) ~[na:1.8.0_121]
	at java.util.concurrent.CompletableFuture.thenApply(CompletableFuture.java:1983) ~[na:1.8.0_121]
	at io.atomix.cluster.messaging.impl.DefaultClusterCommunicationService.send(DefaultClusterCommunicationService.java:120) ~[classes/:na]
	at io.atomix.cluster.messaging.ClusterCommunicationService.send(ClusterCommunicationService.java:180) ~[classes/:na]
	at io.atomix.protocols.raft.partition.impl.RaftServerCommunicator.sendAndReceive(RaftServerCommunicator.java:83) ~[classes/:na]
	at io.atomix.protocols.raft.partition.impl.RaftServerCommunicator.configure(RaftServerCommunicator.java:128) ~[classes/:na]
	at io.atomix.protocols.raft.roles.AbstractAppender.sendConfigureRequest(AbstractAppender.java:343) ~[classes/:na]
	at io.atomix.protocols.raft.roles.LeaderAppender.appendEntries(LeaderAppender.java:187) ~[classes/:na]
	at io.atomix.protocols.raft.roles.LeaderAppender.lambda$appendEntries$0(LeaderAppender.java:157) ~[classes/:na]
	at java.util.HashMap.computeIfAbsent(HashMap.java:1126) ~[na:1.8.0_121]
	at io.atomix.protocols.raft.roles.LeaderAppender.appendEntries(LeaderAppender.java:155) ~[classes/:na]
	at io.atomix.protocols.raft.roles.LeaderRole.commitInitialEntries(LeaderRole.java:152) ~[classes/:na]
	at io.atomix.protocols.raft.roles.LeaderRole.start(LeaderRole.java:116) ~[classes/:na]
	at io.atomix.protocols.raft.impl.RaftContext.transition(RaftContext.java:804) ~[classes/:na]
	at io.atomix.protocols.raft.roles.CandidateRole.lambda$sendVoteRequests$1(CandidateRole.java:112) ~[classes/:na]
	at io.atomix.protocols.raft.utils.Quorum.checkComplete(Quorum.java:40) ~[classes/:na]
	at io.atomix.protocols.raft.utils.Quorum.succeed(Quorum.java:53) ~[classes/:na]
	at io.atomix.protocols.raft.roles.CandidateRole.lambda$sendVoteRequests$3(CandidateRole.java:175) ~[classes/:na]
	at java.util.concurrent.CompletableFuture.uniWhenComplete(CompletableFuture.java:760) ~[na:1.8.0_121]
	at java.util.concurrent.CompletableFuture$UniWhenComplete.tryFire(CompletableFuture.java:736) ~[na:1.8.0_121]
	at java.util.concurrent.CompletableFuture$Completion.run(CompletableFuture.java:442) ~[na:1.8.0_121]
	at java.util.concurrent.Executors$RunnableAdapter.call(Executors.java:511) ~[na:1.8.0_121]
	at java.util.concurrent.FutureTask.run(FutureTask.java:266) ~[na:1.8.0_121]
	at java.util.concurrent.ScheduledThreadPoolExecutor$ScheduledFutureTask.access$201(ScheduledThreadPoolExecutor.java:180) ~[na:1.8.0_121]
	at java.util.concurrent.ScheduledThreadPoolExecutor$ScheduledFutureTask.run(ScheduledThreadPoolExecutor.java:293) ~[na:1.8.0_121]
	at java.util.concurrent.ThreadPoolExecutor.runWorker(ThreadPoolExecutor.java:1142) ~[na:1.8.0_121]
	at java.util.concurrent.ThreadPoolExecutor$Worker.run(ThreadPoolExecutor.java:617) ~[na:1.8.0_121]
	at java.lang.Thread.run(Thread.java:745) ~[na:1.8.0_121]
Caused by: java.net.ConnectException: null
09:44:39.872 [raft-server-raft-partition-1] DEBUG i.a.p.raft.roles.LeaderAppender - RaftServer{raft-partition-1} - ConfigureRequest{term=2, leader=2, index=0, timestamp=1528703069544, members=[DefaultRaftMember{id=3, type=ACTIVE, updated=2018-06-11T07:44:29.544Z}, DefaultRaftMember{id=2, type=ACTIVE, updated=2018-06-11T07:44:29.544Z}, DefaultRaftMember{id=1, type=ACTIVE, updated=2018-06-11T07:44:29.544Z}]} to 1 failed: java.net.ConnectException
09:44:39.872 [raft-server-raft-partition-1] TRACE i.a.p.raft.roles.LeaderAppender - RaftServer{raft-partition-1} - Sending AppendRequest{term=2, leader=2, prevLogIndex=1, prevLogTerm=1, entries=0, commitIndex=1} to 3
09:44:39.872 [raft-server-raft-partition-1] DEBUG i.a.p.raft.roles.LeaderAppender - RaftServer{raft-partition-1} - Configuring 1
09:44:39.872 [raft-server-raft-partition-1] TRACE i.a.p.raft.roles.LeaderAppender - RaftServer{raft-partition-1} - Sending ConfigureRequest{term=2, leader=2, index=0, timestamp=1528703069544, members=[DefaultRaftMember{id=3, type=ACTIVE, updated=2018-06-11T07:44:29.544Z}, DefaultRaftMember{id=2, type=ACTIVE, updated=2018-06-11T07:44:29.544Z}, DefaultRaftMember{id=1, type=ACTIVE, updated=2018-06-11T07:44:29.544Z}]} to 1
09:44:39.873 [raft-server-raft-partition-1] WARN  i.a.p.raft.roles.LeaderAppender - RaftServer{raft-partition-1} - Failed to configure 1
java.util.concurrent.CompletionException: java.net.ConnectException
	at java.util.concurrent.CompletableFuture.encodeThrowable(CompletableFuture.java:292) ~[na:1.8.0_121]
	at java.util.concurrent.CompletableFuture.completeThrowable(CompletableFuture.java:308) ~[na:1.8.0_121]
	at java.util.concurrent.CompletableFuture.uniApply(CompletableFuture.java:593) ~[na:1.8.0_121]
	at java.util.concurrent.CompletableFuture.uniApplyStage(CompletableFuture.java:614) ~[na:1.8.0_121]
	at java.util.concurrent.CompletableFuture.thenApply(CompletableFuture.java:1983) ~[na:1.8.0_121]
	at io.atomix.cluster.messaging.impl.DefaultClusterCommunicationService.send(DefaultClusterCommunicationService.java:120) ~[classes/:na]
	at io.atomix.cluster.messaging.ClusterCommunicationService.send(ClusterCommunicationService.java:180) ~[classes/:na]
	at io.atomix.protocols.raft.partition.impl.RaftServerCommunicator.sendAndReceive(RaftServerCommunicator.java:83) ~[classes/:na]
	at io.atomix.protocols.raft.partition.impl.RaftServerCommunicator.configure(RaftServerCommunicator.java:128) ~[classes/:na]
	at io.atomix.protocols.raft.roles.AbstractAppender.sendConfigureRequest(AbstractAppender.java:343) ~[classes/:na]
	at io.atomix.protocols.raft.roles.LeaderAppender.appendEntries(LeaderAppender.java:187) ~[classes/:na]
	at io.atomix.protocols.raft.roles.LeaderAppender.appendEntries(LeaderAppender.java:116) ~[classes/:na]
	at io.atomix.protocols.raft.roles.LeaderRole.appendMembers(LeaderRole.java:184) ~[classes/:na]
	at java.util.concurrent.Executors$RunnableAdapter.call(Executors.java:511) ~[na:1.8.0_121]
	at java.util.concurrent.FutureTask.runAndReset(FutureTask.java:308) ~[na:1.8.0_121]
	at java.util.concurrent.ScheduledThreadPoolExecutor$ScheduledFutureTask.access$301(ScheduledThreadPoolExecutor.java:180) ~[na:1.8.0_121]
	at java.util.concurrent.ScheduledThreadPoolExecutor$ScheduledFutureTask.run(ScheduledThreadPoolExecutor.java:294) ~[na:1.8.0_121]
	at java.util.concurrent.ThreadPoolExecutor.runWorker(ThreadPoolExecutor.java:1142) ~[na:1.8.0_121]
	at java.util.concurrent.ThreadPoolExecutor$Worker.run(ThreadPoolExecutor.java:617) ~[na:1.8.0_121]
	at java.lang.Thread.run(Thread.java:745) ~[na:1.8.0_121]
Caused by: java.net.ConnectException: null
09:44:39.873 [raft-server-raft-partition-1] DEBUG i.a.p.raft.roles.LeaderAppender - RaftServer{raft-partition-1} - ConfigureRequest{term=2, leader=2, index=0, timestamp=1528703069544, members=[DefaultRaftMember{id=3, type=ACTIVE, updated=2018-06-11T07:44:29.544Z}, DefaultRaftMember{id=2, type=ACTIVE, updated=2018-06-11T07:44:29.544Z}, DefaultRaftMember{id=1, type=ACTIVE, updated=2018-06-11T07:44:29.544Z}]} to 1 failed: java.net.ConnectException
09:44:39.895 [raft-server-raft-partition-3] TRACE i.a.protocols.raft.roles.LeaderRole - RaftServer{raft-partition-3}{role=LEADER} - Appended Indexed{index=2, entry=InitializeEntry{term=2, timestamp=2018-06-11 09:44:39,844}}
09:44:39.895 [raft-server-raft-partition-3] DEBUG i.a.p.raft.roles.LeaderAppender - RaftServer{raft-partition-3} - Configuring 3
09:44:39.895 [raft-server-raft-partition-3] TRACE i.a.p.raft.roles.LeaderAppender - RaftServer{raft-partition-3} - Sending ConfigureRequest{term=2, leader=2, index=0, timestamp=1528703069748, members=[DefaultRaftMember{id=3, type=ACTIVE, updated=2018-06-11T07:44:29.748Z}, DefaultRaftMember{id=2, type=ACTIVE, updated=2018-06-11T07:44:29.748Z}, DefaultRaftMember{id=1, type=ACTIVE, updated=2018-06-11T07:44:29.748Z}]} to 3
09:44:39.895 [raft-server-raft-partition-3] DEBUG i.a.p.raft.roles.LeaderAppender - RaftServer{raft-partition-3} - Configuring 1
09:44:39.895 [raft-server-raft-partition-3] TRACE i.a.p.raft.roles.LeaderAppender - RaftServer{raft-partition-3} - Sending ConfigureRequest{term=2, leader=2, index=0, timestamp=1528703069748, members=[DefaultRaftMember{id=3, type=ACTIVE, updated=2018-06-11T07:44:29.748Z}, DefaultRaftMember{id=2, type=ACTIVE, updated=2018-06-11T07:44:29.748Z}, DefaultRaftMember{id=1, type=ACTIVE, updated=2018-06-11T07:44:29.748Z}]} to 1
09:44:39.895 [raft-server-raft-partition-3] TRACE i.a.protocols.raft.roles.LeaderRole - RaftServer{raft-partition-3}{role=LEADER} - Starting append timer
09:44:39.896 [raft-server-raft-partition-3] TRACE i.a.p.raft.roles.FollowerRole - RaftServer{raft-partition-3}{role=FOLLOWER} - Received ConfigureRequest{term=2, leader=2, index=0, timestamp=1528703069748, members=[DefaultRaftMember{id=3, type=ACTIVE, updated=2018-06-11T07:44:29.748Z}, DefaultRaftMember{id=2, type=ACTIVE, updated=2018-06-11T07:44:29.748Z}, DefaultRaftMember{id=1, type=ACTIVE, updated=2018-06-11T07:44:29.748Z}]}
09:44:39.896 [raft-server-raft-partition-3] INFO  i.a.protocols.raft.impl.RaftContext - RaftServer{raft-partition-3} - Found leader 2
09:44:39.896 [raft-server-raft-partition-3] TRACE i.a.p.raft.storage.system.MetaStore - Store vote null
09:44:39.896 [raft-server-raft-partition-3] WARN  i.a.p.raft.roles.LeaderAppender - RaftServer{raft-partition-3} - Failed to configure 1
java.util.concurrent.CompletionException: java.net.ConnectException
	at java.util.concurrent.CompletableFuture.encodeThrowable(CompletableFuture.java:292) ~[na:1.8.0_121]
	at java.util.concurrent.CompletableFuture.completeThrowable(CompletableFuture.java:308) ~[na:1.8.0_121]
	at java.util.concurrent.CompletableFuture.uniApply(CompletableFuture.java:593) ~[na:1.8.0_121]
	at java.util.concurrent.CompletableFuture.uniApplyStage(CompletableFuture.java:614) ~[na:1.8.0_121]
	at java.util.concurrent.CompletableFuture.thenApply(CompletableFuture.java:1983) ~[na:1.8.0_121]
	at io.atomix.cluster.messaging.impl.DefaultClusterCommunicationService.send(DefaultClusterCommunicationService.java:120) ~[classes/:na]
	at io.atomix.cluster.messaging.ClusterCommunicationService.send(ClusterCommunicationService.java:180) ~[classes/:na]
	at io.atomix.protocols.raft.partition.impl.RaftServerCommunicator.sendAndReceive(RaftServerCommunicator.java:83) ~[classes/:na]
	at io.atomix.protocols.raft.partition.impl.RaftServerCommunicator.configure(RaftServerCommunicator.java:128) ~[classes/:na]
	at io.atomix.protocols.raft.roles.AbstractAppender.sendConfigureRequest(AbstractAppender.java:343) ~[classes/:na]
	at io.atomix.protocols.raft.roles.LeaderAppender.appendEntries(LeaderAppender.java:187) ~[classes/:na]
	at io.atomix.protocols.raft.roles.LeaderAppender.lambda$appendEntries$0(LeaderAppender.java:157) ~[classes/:na]
	at java.util.HashMap.computeIfAbsent(HashMap.java:1126) ~[na:1.8.0_121]
	at io.atomix.protocols.raft.roles.LeaderAppender.appendEntries(LeaderAppender.java:155) ~[classes/:na]
	at io.atomix.protocols.raft.roles.LeaderRole.commitInitialEntries(LeaderRole.java:152) ~[classes/:na]
	at io.atomix.protocols.raft.roles.LeaderRole.start(LeaderRole.java:116) ~[classes/:na]
	at io.atomix.protocols.raft.impl.RaftContext.transition(RaftContext.java:804) ~[classes/:na]
	at io.atomix.protocols.raft.roles.CandidateRole.lambda$sendVoteRequests$1(CandidateRole.java:112) ~[classes/:na]
	at io.atomix.protocols.raft.utils.Quorum.checkComplete(Quorum.java:40) ~[classes/:na]
	at io.atomix.protocols.raft.utils.Quorum.succeed(Quorum.java:53) ~[classes/:na]
	at io.atomix.protocols.raft.roles.CandidateRole.lambda$sendVoteRequests$3(CandidateRole.java:175) ~[classes/:na]
	at java.util.concurrent.CompletableFuture.uniWhenComplete(CompletableFuture.java:760) ~[na:1.8.0_121]
	at java.util.concurrent.CompletableFuture$UniWhenComplete.tryFire(CompletableFuture.java:736) ~[na:1.8.0_121]
	at java.util.concurrent.CompletableFuture$Completion.run(CompletableFuture.java:442) ~[na:1.8.0_121]
	at java.util.concurrent.Executors$RunnableAdapter.call(Executors.java:511) ~[na:1.8.0_121]
	at java.util.concurrent.FutureTask.run(FutureTask.java:266) ~[na:1.8.0_121]
	at java.util.concurrent.ScheduledThreadPoolExecutor$ScheduledFutureTask.access$201(ScheduledThreadPoolExecutor.java:180) ~[na:1.8.0_121]
	at java.util.concurrent.ScheduledThreadPoolExecutor$ScheduledFutureTask.run(ScheduledThreadPoolExecutor.java:293) ~[na:1.8.0_121]
	at java.util.concurrent.ThreadPoolExecutor.runWorker(ThreadPoolExecutor.java:1142) ~[na:1.8.0_121]
	at java.util.concurrent.ThreadPoolExecutor$Worker.run(ThreadPoolExecutor.java:617) ~[na:1.8.0_121]
	at java.lang.Thread.run(Thread.java:745) ~[na:1.8.0_121]
Caused by: java.net.ConnectException: null
09:44:39.896 [raft-server-raft-partition-3] DEBUG i.a.p.raft.roles.LeaderAppender - RaftServer{raft-partition-3} - ConfigureRequest{term=2, leader=2, index=0, timestamp=1528703069748, members=[DefaultRaftMember{id=3, type=ACTIVE, updated=2018-06-11T07:44:29.748Z}, DefaultRaftMember{id=2, type=ACTIVE, updated=2018-06-11T07:44:29.748Z}, DefaultRaftMember{id=1, type=ACTIVE, updated=2018-06-11T07:44:29.748Z}]} to 1 failed: java.net.ConnectException
09:44:39.896 [raft-server-raft-partition-3] TRACE i.a.p.raft.roles.LeaderAppender - RaftServer{raft-partition-3} - Sending AppendRequest{term=2, leader=2, prevLogIndex=1, prevLogTerm=1, entries=0, commitIndex=1} to 3
09:44:39.897 [raft-server-raft-partition-3] DEBUG i.a.p.raft.roles.LeaderAppender - RaftServer{raft-partition-3} - Configuring 1
09:44:39.897 [raft-server-raft-partition-3] TRACE i.a.p.raft.roles.LeaderAppender - RaftServer{raft-partition-3} - Sending ConfigureRequest{term=2, leader=2, index=0, timestamp=1528703069748, members=[DefaultRaftMember{id=3, type=ACTIVE, updated=2018-06-11T07:44:29.748Z}, DefaultRaftMember{id=2, type=ACTIVE, updated=2018-06-11T07:44:29.748Z}, DefaultRaftMember{id=1, type=ACTIVE, updated=2018-06-11T07:44:29.748Z}]} to 1
09:44:39.897 [raft-server-raft-partition-3] WARN  i.a.p.raft.roles.LeaderAppender - RaftServer{raft-partition-3} - Failed to configure 1
java.util.concurrent.CompletionException: java.net.ConnectException
	at java.util.concurrent.CompletableFuture.encodeThrowable(CompletableFuture.java:292) ~[na:1.8.0_121]
	at java.util.concurrent.CompletableFuture.completeThrowable(CompletableFuture.java:308) ~[na:1.8.0_121]
	at java.util.concurrent.CompletableFuture.uniApply(CompletableFuture.java:593) ~[na:1.8.0_121]
	at java.util.concurrent.CompletableFuture.uniApplyStage(CompletableFuture.java:614) ~[na:1.8.0_121]
	at java.util.concurrent.CompletableFuture.thenApply(CompletableFuture.java:1983) ~[na:1.8.0_121]
	at io.atomix.cluster.messaging.impl.DefaultClusterCommunicationService.send(DefaultClusterCommunicationService.java:120) ~[classes/:na]
	at io.atomix.cluster.messaging.ClusterCommunicationService.send(ClusterCommunicationService.java:180) ~[classes/:na]
	at io.atomix.protocols.raft.partition.impl.RaftServerCommunicator.sendAndReceive(RaftServerCommunicator.java:83) ~[classes/:na]
	at io.atomix.protocols.raft.partition.impl.RaftServerCommunicator.configure(RaftServerCommunicator.java:128) ~[classes/:na]
	at io.atomix.protocols.raft.roles.AbstractAppender.sendConfigureRequest(AbstractAppender.java:343) ~[classes/:na]
	at io.atomix.protocols.raft.roles.LeaderAppender.appendEntries(LeaderAppender.java:187) ~[classes/:na]
	at io.atomix.protocols.raft.roles.LeaderAppender.appendEntries(LeaderAppender.java:116) ~[classes/:na]
	at io.atomix.protocols.raft.roles.LeaderRole.appendMembers(LeaderRole.java:184) ~[classes/:na]
	at java.util.concurrent.Executors$RunnableAdapter.call(Executors.java:511) ~[na:1.8.0_121]
	at java.util.concurrent.FutureTask.runAndReset(FutureTask.java:308) ~[na:1.8.0_121]
	at java.util.concurrent.ScheduledThreadPoolExecutor$ScheduledFutureTask.access$301(ScheduledThreadPoolExecutor.java:180) ~[na:1.8.0_121]
	at java.util.concurrent.ScheduledThreadPoolExecutor$ScheduledFutureTask.run(ScheduledThreadPoolExecutor.java:294) ~[na:1.8.0_121]
	at java.util.concurrent.ThreadPoolExecutor.runWorker(ThreadPoolExecutor.java:1142) ~[na:1.8.0_121]
	at java.util.concurrent.ThreadPoolExecutor$Worker.run(ThreadPoolExecutor.java:617) ~[na:1.8.0_121]
	at java.lang.Thread.run(Thread.java:745) ~[na:1.8.0_121]
Caused by: java.net.ConnectException: null
09:44:39.897 [raft-server-raft-partition-3] DEBUG i.a.p.raft.roles.LeaderAppender - RaftServer{raft-partition-3} - ConfigureRequest{term=2, leader=2, index=0, timestamp=1528703069748, members=[DefaultRaftMember{id=3, type=ACTIVE, updated=2018-06-11T07:44:29.748Z}, DefaultRaftMember{id=2, type=ACTIVE, updated=2018-06-11T07:44:29.748Z}, DefaultRaftMember{id=1, type=ACTIVE, updated=2018-06-11T07:44:29.748Z}]} to 1 failed: java.net.ConnectException
09:44:39.919 [raft-server-raft-partition-1] TRACE i.a.p.raft.roles.FollowerRole - RaftServer{raft-partition-1}{role=FOLLOWER} - Sending ConfigureResponse{status=OK}
09:44:39.919 [raft-server-raft-partition-1] TRACE i.a.p.raft.roles.FollowerRole - RaftServer{raft-partition-1}{role=FOLLOWER} - Received AppendRequest{term=2, leader=2, prevLogIndex=1, prevLogTerm=1, entries=0, commitIndex=1}
09:44:39.919 [raft-server-raft-partition-1] TRACE i.a.p.raft.roles.FollowerRole - RaftServer{raft-partition-1}{role=FOLLOWER} - Sending AppendResponse{status=OK, term=2, succeeded=true, lastLogIndex=1}
09:44:39.919 [raft-server-raft-partition-1] TRACE i.a.p.raft.roles.LeaderAppender - RaftServer{raft-partition-1} - Received ConfigureResponse{status=OK} from 3
09:44:39.920 [raft-server-raft-partition-1] DEBUG i.a.p.raft.roles.LeaderAppender - RaftServer{raft-partition-1} - Configuring 1
09:44:39.920 [raft-server-raft-partition-1] TRACE i.a.p.raft.roles.LeaderAppender - RaftServer{raft-partition-1} - Sending ConfigureRequest{term=2, leader=2, index=0, timestamp=1528703069544, members=[DefaultRaftMember{id=3, type=ACTIVE, updated=2018-06-11T07:44:29.544Z}, DefaultRaftMember{id=2, type=ACTIVE, updated=2018-06-11T07:44:29.544Z}, DefaultRaftMember{id=1, type=ACTIVE, updated=2018-06-11T07:44:29.544Z}]} to 1
09:44:39.920 [raft-server-raft-partition-1] TRACE i.a.p.raft.roles.LeaderAppender - RaftServer{raft-partition-1} - Received AppendResponse{status=OK, term=2, succeeded=true, lastLogIndex=1} from 3
09:44:39.920 [raft-server-raft-partition-1] TRACE i.a.p.raft.roles.LeaderAppender - RaftServer{raft-partition-1} - Sending AppendRequest{term=2, leader=2, prevLogIndex=1, prevLogTerm=1, entries=1, commitIndex=1} to 3
09:44:39.920 [raft-server-raft-partition-1] TRACE i.a.p.raft.roles.LeaderAppender - RaftServer{raft-partition-1} - Sending AppendRequest{term=2, leader=2, prevLogIndex=1, prevLogTerm=1, entries=0, commitIndex=1} to 1
09:44:39.920 [raft-server-raft-partition-1] TRACE i.a.p.raft.roles.FollowerRole - RaftServer{raft-partition-1}{role=FOLLOWER} - Received AppendRequest{term=2, leader=2, prevLogIndex=1, prevLogTerm=1, entries=1, commitIndex=1}
09:44:39.920 [raft-server-raft-partition-1] TRACE i.a.p.raft.roles.FollowerRole - RaftServer{raft-partition-1}{role=FOLLOWER} - Appended Indexed{index=2, entry=InitializeEntry{term=2, timestamp=2018-06-11 09:44:39,819}}
09:44:39.920 [raft-server-raft-partition-1] TRACE i.a.p.raft.roles.FollowerRole - RaftServer{raft-partition-1}{role=FOLLOWER} - Sending AppendResponse{status=OK, term=2, succeeded=true, lastLogIndex=2}
09:44:39.921 [raft-server-raft-partition-1] WARN  i.a.p.raft.roles.LeaderAppender - RaftServer{raft-partition-1} - Failed to configure 1
java.util.concurrent.CompletionException: java.net.ConnectException
	at java.util.concurrent.CompletableFuture.encodeThrowable(CompletableFuture.java:292) ~[na:1.8.0_121]
	at java.util.concurrent.CompletableFuture.completeThrowable(CompletableFuture.java:308) ~[na:1.8.0_121]
	at java.util.concurrent.CompletableFuture.uniApply(CompletableFuture.java:593) ~[na:1.8.0_121]
	at java.util.concurrent.CompletableFuture.uniApplyStage(CompletableFuture.java:614) ~[na:1.8.0_121]
	at java.util.concurrent.CompletableFuture.thenApply(CompletableFuture.java:1983) ~[na:1.8.0_121]
	at io.atomix.cluster.messaging.impl.DefaultClusterCommunicationService.send(DefaultClusterCommunicationService.java:120) ~[classes/:na]
	at io.atomix.cluster.messaging.ClusterCommunicationService.send(ClusterCommunicationService.java:180) ~[classes/:na]
	at io.atomix.protocols.raft.partition.impl.RaftServerCommunicator.sendAndReceive(RaftServerCommunicator.java:83) ~[classes/:na]
	at io.atomix.protocols.raft.partition.impl.RaftServerCommunicator.configure(RaftServerCommunicator.java:128) ~[classes/:na]
	at io.atomix.protocols.raft.roles.AbstractAppender.sendConfigureRequest(AbstractAppender.java:343) ~[classes/:na]
	at io.atomix.protocols.raft.roles.LeaderAppender.appendEntries(LeaderAppender.java:187) ~[classes/:na]
	at io.atomix.protocols.raft.roles.LeaderAppender.sendHeartbeats(LeaderAppender.java:300) ~[classes/:na]
	at io.atomix.protocols.raft.roles.LeaderAppender.recordHeartbeat(LeaderAppender.java:272) ~[classes/:na]
	at io.atomix.protocols.raft.roles.LeaderAppender.handleConfigureResponse(LeaderAppender.java:441) ~[classes/:na]
	at io.atomix.protocols.raft.roles.AbstractAppender.lambda$sendConfigureRequest$1(AbstractAppender.java:350) ~[classes/:na]
	at java.util.concurrent.CompletableFuture.uniWhenComplete(CompletableFuture.java:760) ~[na:1.8.0_121]
	at java.util.concurrent.CompletableFuture$UniWhenComplete.tryFire(CompletableFuture.java:736) ~[na:1.8.0_121]
	at java.util.concurrent.CompletableFuture$Completion.run(CompletableFuture.java:442) ~[na:1.8.0_121]
	at java.util.concurrent.Executors$RunnableAdapter.call(Executors.java:511) ~[na:1.8.0_121]
	at java.util.concurrent.FutureTask.run(FutureTask.java:266) ~[na:1.8.0_121]
	at java.util.concurrent.ScheduledThreadPoolExecutor$ScheduledFutureTask.access$201(ScheduledThreadPoolExecutor.java:180) ~[na:1.8.0_121]
	at java.util.concurrent.ScheduledThreadPoolExecutor$ScheduledFutureTask.run(ScheduledThreadPoolExecutor.java:293) ~[na:1.8.0_121]
	at java.util.concurrent.ThreadPoolExecutor.runWorker(ThreadPoolExecutor.java:1142) ~[na:1.8.0_121]
	at java.util.concurrent.ThreadPoolExecutor$Worker.run(ThreadPoolExecutor.java:617) ~[na:1.8.0_121]
	at java.lang.Thread.run(Thread.java:745) ~[na:1.8.0_121]
Caused by: java.net.ConnectException: null
09:44:39.921 [raft-server-raft-partition-1] DEBUG i.a.p.raft.roles.LeaderAppender - RaftServer{raft-partition-1} - ConfigureRequest{term=2, leader=2, index=0, timestamp=1528703069544, members=[DefaultRaftMember{id=3, type=ACTIVE, updated=2018-06-11T07:44:29.544Z}, DefaultRaftMember{id=2, type=ACTIVE, updated=2018-06-11T07:44:29.544Z}, DefaultRaftMember{id=1, type=ACTIVE, updated=2018-06-11T07:44:29.544Z}]} to 1 failed: java.net.ConnectException
09:44:39.921 [raft-server-raft-partition-1] TRACE i.a.p.raft.roles.LeaderAppender - RaftServer{raft-partition-1} - Received AppendResponse{status=OK, term=2, succeeded=true, lastLogIndex=2} from 3
09:44:39.921 [raft-server-raft-partition-1] TRACE i.a.p.raft.roles.LeaderAppender - RaftServer{raft-partition-1} - Committed entries up to 2
09:44:39.949 [raft-server-raft-partition-3] TRACE i.a.p.raft.roles.FollowerRole - RaftServer{raft-partition-3}{role=FOLLOWER} - Sending ConfigureResponse{status=OK}
09:44:39.949 [raft-server-raft-partition-3] TRACE i.a.p.raft.roles.FollowerRole - RaftServer{raft-partition-3}{role=FOLLOWER} - Received AppendRequest{term=2, leader=2, prevLogIndex=1, prevLogTerm=1, entries=0, commitIndex=1}
09:44:39.949 [raft-server-raft-partition-3] TRACE i.a.p.raft.roles.FollowerRole - RaftServer{raft-partition-3}{role=FOLLOWER} - Sending AppendResponse{status=OK, term=2, succeeded=true, lastLogIndex=1}
09:44:39.949 [raft-server-raft-partition-3] TRACE i.a.p.raft.roles.LeaderAppender - RaftServer{raft-partition-3} - Received ConfigureResponse{status=OK} from 3
09:44:39.949 [raft-server-raft-partition-3] DEBUG i.a.p.raft.roles.LeaderAppender - RaftServer{raft-partition-3} - Configuring 1
09:44:39.949 [raft-server-raft-partition-3] TRACE i.a.p.raft.roles.LeaderAppender - RaftServer{raft-partition-3} - Sending ConfigureRequest{term=2, leader=2, index=0, timestamp=1528703069748, members=[DefaultRaftMember{id=3, type=ACTIVE, updated=2018-06-11T07:44:29.748Z}, DefaultRaftMember{id=2, type=ACTIVE, updated=2018-06-11T07:44:29.748Z}, DefaultRaftMember{id=1, type=ACTIVE, updated=2018-06-11T07:44:29.748Z}]} to 1
09:44:39.949 [raft-server-raft-partition-3] TRACE i.a.p.raft.roles.LeaderAppender - RaftServer{raft-partition-3} - Received AppendResponse{status=OK, term=2, succeeded=true, lastLogIndex=1} from 3
09:44:39.950 [raft-server-raft-partition-3] TRACE i.a.p.raft.roles.LeaderAppender - RaftServer{raft-partition-3} - Sending AppendRequest{term=2, leader=2, prevLogIndex=1, prevLogTerm=1, entries=1, commitIndex=1} to 3
09:44:39.950 [raft-server-raft-partition-3] TRACE i.a.p.raft.roles.LeaderAppender - RaftServer{raft-partition-3} - Sending AppendRequest{term=2, leader=2, prevLogIndex=1, prevLogTerm=1, entries=0, commitIndex=1} to 1
09:44:39.950 [raft-server-raft-partition-3] TRACE i.a.p.raft.roles.FollowerRole - RaftServer{raft-partition-3}{role=FOLLOWER} - Received AppendRequest{term=2, leader=2, prevLogIndex=1, prevLogTerm=1, entries=1, commitIndex=1}
09:44:39.950 [raft-server-raft-partition-3] TRACE i.a.p.raft.roles.FollowerRole - RaftServer{raft-partition-3}{role=FOLLOWER} - Appended Indexed{index=2, entry=InitializeEntry{term=2, timestamp=2018-06-11 09:44:39,844}}
09:44:39.950 [raft-server-raft-partition-3] TRACE i.a.p.raft.roles.FollowerRole - RaftServer{raft-partition-3}{role=FOLLOWER} - Sending AppendResponse{status=OK, term=2, succeeded=true, lastLogIndex=2}
09:44:39.950 [raft-server-raft-partition-3] WARN  i.a.p.raft.roles.LeaderAppender - RaftServer{raft-partition-3} - Failed to configure 1
java.util.concurrent.CompletionException: java.net.ConnectException
	at java.util.concurrent.CompletableFuture.encodeThrowable(CompletableFuture.java:292) ~[na:1.8.0_121]
	at java.util.concurrent.CompletableFuture.completeThrowable(CompletableFuture.java:308) ~[na:1.8.0_121]
	at java.util.concurrent.CompletableFuture.uniApply(CompletableFuture.java:593) ~[na:1.8.0_121]
	at java.util.concurrent.CompletableFuture.uniApplyStage(CompletableFuture.java:614) ~[na:1.8.0_121]
	at java.util.concurrent.CompletableFuture.thenApply(CompletableFuture.java:1983) ~[na:1.8.0_121]
	at io.atomix.cluster.messaging.impl.DefaultClusterCommunicationService.send(DefaultClusterCommunicationService.java:120) ~[classes/:na]
	at io.atomix.cluster.messaging.ClusterCommunicationService.send(ClusterCommunicationService.java:180) ~[classes/:na]
	at io.atomix.protocols.raft.partition.impl.RaftServerCommunicator.sendAndReceive(RaftServerCommunicator.java:83) ~[classes/:na]
	at io.atomix.protocols.raft.partition.impl.RaftServerCommunicator.configure(RaftServerCommunicator.java:128) ~[classes/:na]
	at io.atomix.protocols.raft.roles.AbstractAppender.sendConfigureRequest(AbstractAppender.java:343) ~[classes/:na]
	at io.atomix.protocols.raft.roles.LeaderAppender.appendEntries(LeaderAppender.java:187) ~[classes/:na]
	at io.atomix.protocols.raft.roles.LeaderAppender.sendHeartbeats(LeaderAppender.java:300) ~[classes/:na]
	at io.atomix.protocols.raft.roles.LeaderAppender.recordHeartbeat(LeaderAppender.java:272) ~[classes/:na]
	at io.atomix.protocols.raft.roles.LeaderAppender.handleConfigureResponse(LeaderAppender.java:441) ~[classes/:na]
	at io.atomix.protocols.raft.roles.AbstractAppender.lambda$sendConfigureRequest$1(AbstractAppender.java:350) ~[classes/:na]
	at java.util.concurrent.CompletableFuture.uniWhenComplete(CompletableFuture.java:760) ~[na:1.8.0_121]
	at java.util.concurrent.CompletableFuture$UniWhenComplete.tryFire(CompletableFuture.java:736) ~[na:1.8.0_121]
	at java.util.concurrent.CompletableFuture$Completion.run(CompletableFuture.java:442) ~[na:1.8.0_121]
	at java.util.concurrent.Executors$RunnableAdapter.call(Executors.java:511) ~[na:1.8.0_121]
	at java.util.concurrent.FutureTask.run(FutureTask.java:266) ~[na:1.8.0_121]
	at java.util.concurrent.ScheduledThreadPoolExecutor$ScheduledFutureTask.access$201(ScheduledThreadPoolExecutor.java:180) ~[na:1.8.0_121]
	at java.util.concurrent.ScheduledThreadPoolExecutor$ScheduledFutureTask.run(ScheduledThreadPoolExecutor.java:293) ~[na:1.8.0_121]
	at java.util.concurrent.ThreadPoolExecutor.runWorker(ThreadPoolExecutor.java:1142) ~[na:1.8.0_121]
	at java.util.concurrent.ThreadPoolExecutor$Worker.run(ThreadPoolExecutor.java:617) ~[na:1.8.0_121]
	at java.lang.Thread.run(Thread.java:745) ~[na:1.8.0_121]
Caused by: java.net.ConnectException: null
09:44:39.950 [raft-server-raft-partition-3] DEBUG i.a.p.raft.roles.LeaderAppender - RaftServer{raft-partition-3} - ConfigureRequest{term=2, leader=2, index=0, timestamp=1528703069748, members=[DefaultRaftMember{id=3, type=ACTIVE, updated=2018-06-11T07:44:29.748Z}, DefaultRaftMember{id=2, type=ACTIVE, updated=2018-06-11T07:44:29.748Z}, DefaultRaftMember{id=1, type=ACTIVE, updated=2018-06-11T07:44:29.748Z}]} to 1 failed: java.net.ConnectException
09:44:39.951 [raft-server-raft-partition-3] TRACE i.a.p.raft.roles.LeaderAppender - RaftServer{raft-partition-3} - Received AppendResponse{status=OK, term=2, succeeded=true, lastLogIndex=2} from 3
09:44:39.951 [raft-server-raft-partition-3] TRACE i.a.p.raft.roles.LeaderAppender - RaftServer{raft-partition-3} - Committed entries up to 2
09:44:39.974 [raft-server-raft-partition-1-state] TRACE i.a.p.raft.impl.RaftServiceManager - RaftServer{raft-partition-1} - Applying Indexed{index=2, entry=InitializeEntry{term=2, timestamp=2018-06-11 09:44:39,819}}
09:44:39.980 [raft-server-raft-partition-2] TRACE i.a.p.raft.roles.LeaderAppender - RaftServer{raft-partition-2} - Sending AppendRequest{term=1, leader=2, prevLogIndex=1, prevLogTerm=1, entries=0, commitIndex=1} to 3
09:44:39.980 [raft-server-raft-partition-2] TRACE i.a.p.raft.roles.FollowerRole - RaftServer{raft-partition-2}{role=FOLLOWER} - Received AppendRequest{term=1, leader=2, prevLogIndex=1, prevLogTerm=1, entries=0, commitIndex=1}
09:44:39.980 [raft-server-raft-partition-2] TRACE i.a.p.raft.roles.FollowerRole - RaftServer{raft-partition-2}{role=FOLLOWER} - Sending AppendResponse{status=OK, term=1, succeeded=true, lastLogIndex=1}
09:44:39.981 [raft-server-raft-partition-2] TRACE i.a.p.raft.roles.LeaderAppender - RaftServer{raft-partition-2} - Received AppendResponse{status=OK, term=1, succeeded=true, lastLogIndex=1} from 3
09:44:39.981 [raft-server-raft-partition-2] TRACE i.a.p.raft.roles.LeaderAppender - RaftServer{raft-partition-2} - Sending AppendRequest{term=1, leader=2, prevLogIndex=1, prevLogTerm=1, entries=0, commitIndex=1} to 3
09:44:39.981 [raft-server-raft-partition-2] TRACE i.a.p.raft.roles.FollowerRole - RaftServer{raft-partition-2}{role=FOLLOWER} - Received AppendRequest{term=1, leader=2, prevLogIndex=1, prevLogTerm=1, entries=0, commitIndex=1}
09:44:39.981 [raft-server-raft-partition-2] TRACE i.a.p.raft.roles.FollowerRole - RaftServer{raft-partition-2}{role=FOLLOWER} - Sending AppendResponse{status=OK, term=1, succeeded=true, lastLogIndex=1}
09:44:39.981 [raft-server-raft-partition-2] TRACE i.a.p.raft.roles.LeaderAppender - RaftServer{raft-partition-2} - Received AppendResponse{status=OK, term=1, succeeded=true, lastLogIndex=1} from 3
09:44:39.994 [raft-server-raft-partition-3-state] TRACE i.a.p.raft.impl.RaftServiceManager - RaftServer{raft-partition-3} - Applying Indexed{index=2, entry=InitializeEntry{term=2, timestamp=2018-06-11 09:44:39,844}}
09:44:40.029 [raft-server-system-partition-1] TRACE i.a.p.raft.roles.LeaderAppender - RaftServer{system-partition-1} - Sending AppendRequest{term=1, leader=3, prevLogIndex=75, prevLogTerm=1, entries=0, commitIndex=75} to 2
09:44:40.029 [raft-server-system-partition-1] TRACE i.a.p.raft.roles.FollowerRole - RaftServer{system-partition-1}{role=FOLLOWER} - Received AppendRequest{term=1, leader=3, prevLogIndex=75, prevLogTerm=1, entries=0, commitIndex=75}
09:44:40.029 [raft-server-system-partition-1] TRACE i.a.p.raft.roles.FollowerRole - RaftServer{system-partition-1}{role=FOLLOWER} - Sending AppendResponse{status=OK, term=1, succeeded=true, lastLogIndex=75}
09:44:40.030 [raft-server-system-partition-1] TRACE i.a.p.raft.roles.LeaderAppender - RaftServer{system-partition-1} - Received AppendResponse{status=OK, term=1, succeeded=true, lastLogIndex=75} from 2
09:44:40.030 [raft-server-system-partition-1] TRACE i.a.p.raft.roles.LeaderAppender - RaftServer{system-partition-1} - Sending AppendRequest{term=1, leader=3, prevLogIndex=75, prevLogTerm=1, entries=0, commitIndex=75} to 2
09:44:40.030 [raft-server-system-partition-1] TRACE i.a.p.raft.roles.FollowerRole - RaftServer{system-partition-1}{role=FOLLOWER} - Received AppendRequest{term=1, leader=3, prevLogIndex=75, prevLogTerm=1, entries=0, commitIndex=75}
09:44:40.030 [raft-server-system-partition-1] TRACE i.a.p.raft.roles.FollowerRole - RaftServer{system-partition-1}{role=FOLLOWER} - Sending AppendResponse{status=OK, term=1, succeeded=true, lastLogIndex=75}
09:44:40.030 [raft-server-system-partition-1] TRACE i.a.p.raft.roles.LeaderAppender - RaftServer{system-partition-1} - Received AppendResponse{status=OK, term=1, succeeded=true, lastLogIndex=75} from 2
09:44:40.121 [raft-server-raft-partition-1] TRACE i.a.p.raft.roles.LeaderAppender - RaftServer{raft-partition-1} - Sending AppendRequest{term=2, leader=2, prevLogIndex=2, prevLogTerm=2, entries=0, commitIndex=2} to 3
09:44:40.121 [raft-server-raft-partition-1] DEBUG i.a.p.raft.roles.LeaderAppender - RaftServer{raft-partition-1} - Configuring 1
09:44:40.121 [raft-server-raft-partition-1] TRACE i.a.p.raft.roles.LeaderAppender - RaftServer{raft-partition-1} - Sending ConfigureRequest{term=2, leader=2, index=0, timestamp=1528703069544, members=[DefaultRaftMember{id=3, type=ACTIVE, updated=2018-06-11T07:44:29.544Z}, DefaultRaftMember{id=2, type=ACTIVE, updated=2018-06-11T07:44:29.544Z}, DefaultRaftMember{id=1, type=ACTIVE, updated=2018-06-11T07:44:29.544Z}]} to 1
09:44:40.122 [raft-server-raft-partition-1] TRACE i.a.p.raft.roles.FollowerRole - RaftServer{raft-partition-1}{role=FOLLOWER} - Received AppendRequest{term=2, leader=2, prevLogIndex=2, prevLogTerm=2, entries=0, commitIndex=2}
09:44:40.122 [raft-server-raft-partition-1] WARN  i.a.p.raft.roles.LeaderAppender - RaftServer{raft-partition-1} - Failed to configure 1
java.util.concurrent.CompletionException: java.net.ConnectException
	at java.util.concurrent.CompletableFuture.encodeThrowable(CompletableFuture.java:292) ~[na:1.8.0_121]
	at java.util.concurrent.CompletableFuture.completeThrowable(CompletableFuture.java:308) ~[na:1.8.0_121]
	at java.util.concurrent.CompletableFuture.uniApply(CompletableFuture.java:593) ~[na:1.8.0_121]
	at java.util.concurrent.CompletableFuture.uniApplyStage(CompletableFuture.java:614) ~[na:1.8.0_121]
	at java.util.concurrent.CompletableFuture.thenApply(CompletableFuture.java:1983) ~[na:1.8.0_121]
	at io.atomix.cluster.messaging.impl.DefaultClusterCommunicationService.send(DefaultClusterCommunicationService.java:120) ~[classes/:na]
	at io.atomix.cluster.messaging.ClusterCommunicationService.send(ClusterCommunicationService.java:180) ~[classes/:na]
	at io.atomix.protocols.raft.partition.impl.RaftServerCommunicator.sendAndReceive(RaftServerCommunicator.java:83) ~[classes/:na]
	at io.atomix.protocols.raft.partition.impl.RaftServerCommunicator.configure(RaftServerCommunicator.java:128) ~[classes/:na]
	at io.atomix.protocols.raft.roles.AbstractAppender.sendConfigureRequest(AbstractAppender.java:343) ~[classes/:na]
	at io.atomix.protocols.raft.roles.LeaderAppender.appendEntries(LeaderAppender.java:187) ~[classes/:na]
	at io.atomix.protocols.raft.roles.LeaderAppender.appendEntries(LeaderAppender.java:116) ~[classes/:na]
	at io.atomix.protocols.raft.roles.LeaderRole.appendMembers(LeaderRole.java:184) ~[classes/:na]
	at java.util.concurrent.Executors$RunnableAdapter.call(Executors.java:511) ~[na:1.8.0_121]
	at java.util.concurrent.FutureTask.runAndReset(FutureTask.java:308) ~[na:1.8.0_121]
	at java.util.concurrent.ScheduledThreadPoolExecutor$ScheduledFutureTask.access$301(ScheduledThreadPoolExecutor.java:180) ~[na:1.8.0_121]
	at java.util.concurrent.ScheduledThreadPoolExecutor$ScheduledFutureTask.run(ScheduledThreadPoolExecutor.java:294) ~[na:1.8.0_121]
	at java.util.concurrent.ThreadPoolExecutor.runWorker(ThreadPoolExecutor.java:1142) ~[na:1.8.0_121]
	at java.util.concurrent.ThreadPoolExecutor$Worker.run(ThreadPoolExecutor.java:617) ~[na:1.8.0_121]
	at java.lang.Thread.run(Thread.java:745) ~[na:1.8.0_121]
Caused by: java.net.ConnectException: null
09:44:40.136 [raft-server-raft-partition-1] TRACE i.a.p.raft.roles.FollowerRole - RaftServer{raft-partition-1}{role=FOLLOWER} - Committed entries up to index 2
09:44:40.136 [raft-server-raft-partition-1] TRACE i.a.p.raft.roles.FollowerRole - RaftServer{raft-partition-1}{role=FOLLOWER} - Sending AppendResponse{status=OK, term=2, succeeded=true, lastLogIndex=2}
09:44:40.136 [raft-server-raft-partition-1-state] TRACE i.a.p.raft.impl.RaftServiceManager - RaftServer{raft-partition-1} - Applying Indexed{index=2, entry=InitializeEntry{term=2, timestamp=2018-06-11 09:44:39,819}}
09:44:40.136 [raft-server-raft-partition-1] TRACE i.a.p.raft.roles.LeaderAppender - RaftServer{raft-partition-1} - Received AppendResponse{status=OK, term=2, succeeded=true, lastLogIndex=2} from 3
09:44:40.136 [raft-server-raft-partition-1] TRACE i.a.p.raft.roles.LeaderAppender - RaftServer{raft-partition-1} - Sending AppendRequest{term=2, leader=2, prevLogIndex=2, prevLogTerm=2, entries=0, commitIndex=2} to 3
09:44:40.136 [raft-server-raft-partition-1] TRACE i.a.p.raft.roles.FollowerRole - RaftServer{raft-partition-1}{role=FOLLOWER} - Received AppendRequest{term=2, leader=2, prevLogIndex=2, prevLogTerm=2, entries=0, commitIndex=2}
09:44:40.136 [raft-server-raft-partition-1] TRACE i.a.p.raft.roles.FollowerRole - RaftServer{raft-partition-1}{role=FOLLOWER} - Sending AppendResponse{status=OK, term=2, succeeded=true, lastLogIndex=2}
09:44:40.137 [raft-server-raft-partition-1] TRACE i.a.p.raft.roles.LeaderAppender - RaftServer{raft-partition-1} - Received AppendResponse{status=OK, term=2, succeeded=true, lastLogIndex=2} from 3
09:44:40.146 [raft-server-raft-partition-3] TRACE i.a.p.raft.roles.LeaderAppender - RaftServer{raft-partition-3} - Sending AppendRequest{term=2, leader=2, prevLogIndex=2, prevLogTerm=2, entries=0, commitIndex=2} to 3
09:44:40.146 [raft-server-raft-partition-3] DEBUG i.a.p.raft.roles.LeaderAppender - RaftServer{raft-partition-3} - Configuring 1
09:44:40.146 [raft-server-raft-partition-3] TRACE i.a.p.raft.roles.LeaderAppender - RaftServer{raft-partition-3} - Sending ConfigureRequest{term=2, leader=2, index=0, timestamp=1528703069748, members=[DefaultRaftMember{id=3, type=ACTIVE, updated=2018-06-11T07:44:29.748Z}, DefaultRaftMember{id=2, type=ACTIVE, updated=2018-06-11T07:44:29.748Z}, DefaultRaftMember{id=1, type=ACTIVE, updated=2018-06-11T07:44:29.748Z}]} to 1
09:44:40.146 [raft-server-raft-partition-3] TRACE i.a.p.raft.roles.FollowerRole - RaftServer{raft-partition-3}{role=FOLLOWER} - Received AppendRequest{term=2, leader=2, prevLogIndex=2, prevLogTerm=2, entries=0, commitIndex=2}
09:44:40.146 [raft-server-raft-partition-3] WARN  i.a.p.raft.roles.LeaderAppender - RaftServer{raft-partition-3} - Failed to configure 1
java.util.concurrent.CompletionException: java.net.ConnectException
	at java.util.concurrent.CompletableFuture.encodeThrowable(CompletableFuture.java:292) ~[na:1.8.0_121]
	at java.util.concurrent.CompletableFuture.completeThrowable(CompletableFuture.java:308) ~[na:1.8.0_121]
	at java.util.concurrent.CompletableFuture.uniApply(CompletableFuture.java:593) ~[na:1.8.0_121]
	at java.util.concurrent.CompletableFuture.uniApplyStage(CompletableFuture.java:614) ~[na:1.8.0_121]
	at java.util.concurrent.CompletableFuture.thenApply(CompletableFuture.java:1983) ~[na:1.8.0_121]
	at io.atomix.cluster.messaging.impl.DefaultClusterCommunicationService.send(DefaultClusterCommunicationService.java:120) ~[classes/:na]
	at io.atomix.cluster.messaging.ClusterCommunicationService.send(ClusterCommunicationService.java:180) ~[classes/:na]
	at io.atomix.protocols.raft.partition.impl.RaftServerCommunicator.sendAndReceive(RaftServerCommunicator.java:83) ~[classes/:na]
	at io.atomix.protocols.raft.partition.impl.RaftServerCommunicator.configure(RaftServerCommunicator.java:128) ~[classes/:na]
	at io.atomix.protocols.raft.roles.AbstractAppender.sendConfigureRequest(AbstractAppender.java:343) ~[classes/:na]
	at io.atomix.protocols.raft.roles.LeaderAppender.appendEntries(LeaderAppender.java:187) ~[classes/:na]
	at io.atomix.protocols.raft.roles.LeaderAppender.appendEntries(LeaderAppender.java:116) ~[classes/:na]
	at io.atomix.protocols.raft.roles.LeaderRole.appendMembers(LeaderRole.java:184) ~[classes/:na]
	at java.util.concurrent.Executors$RunnableAdapter.call(Executors.java:511) ~[na:1.8.0_121]
	at java.util.concurrent.FutureTask.runAndReset(FutureTask.java:308) ~[na:1.8.0_121]
	at java.util.concurrent.ScheduledThreadPoolExecutor$ScheduledFutureTask.access$301(ScheduledThreadPoolExecutor.java:180) ~[na:1.8.0_121]
	at java.util.concurrent.ScheduledThreadPoolExecutor$ScheduledFutureTask.run(ScheduledThreadPoolExecutor.java:294) ~[na:1.8.0_121]
	at java.util.concurrent.ThreadPoolExecutor.runWorker(ThreadPoolExecutor.java:1142) ~[na:1.8.0_121]
	at java.util.concurrent.ThreadPoolExecutor$Worker.run(ThreadPoolExecutor.java:617) ~[na:1.8.0_121]
	at java.lang.Thread.run(Thread.java:745) ~[na:1.8.0_121]
Caused by: java.net.ConnectException: null
09:44:40.169 [raft-server-raft-partition-3] TRACE i.a.p.raft.roles.FollowerRole - RaftServer{raft-partition-3}{role=FOLLOWER} - Committed entries up to index 2
09:44:40.169 [raft-server-raft-partition-3] TRACE i.a.p.raft.roles.FollowerRole - RaftServer{raft-partition-3}{role=FOLLOWER} - Sending AppendResponse{status=OK, term=2, succeeded=true, lastLogIndex=2}
09:44:40.169 [raft-server-raft-partition-3-state] TRACE i.a.p.raft.impl.RaftServiceManager - RaftServer{raft-partition-3} - Applying Indexed{index=2, entry=InitializeEntry{term=2, timestamp=2018-06-11 09:44:39,844}}
09:44:40.169 [raft-server-raft-partition-3] TRACE i.a.p.raft.roles.LeaderAppender - RaftServer{raft-partition-3} - Received AppendResponse{status=OK, term=2, succeeded=true, lastLogIndex=2} from 3
09:44:40.170 [raft-server-raft-partition-3] TRACE i.a.p.raft.roles.LeaderAppender - RaftServer{raft-partition-3} - Sending AppendRequest{term=2, leader=2, prevLogIndex=2, prevLogTerm=2, entries=0, commitIndex=2} to 3
09:44:40.170 [raft-server-raft-partition-3] TRACE i.a.p.raft.roles.FollowerRole - RaftServer{raft-partition-3}{role=FOLLOWER} - Received AppendRequest{term=2, leader=2, prevLogIndex=2, prevLogTerm=2, entries=0, commitIndex=2}
09:44:40.170 [raft-server-raft-partition-3] TRACE i.a.p.raft.roles.FollowerRole - RaftServer{raft-partition-3}{role=FOLLOWER} - Sending AppendResponse{status=OK, term=2, succeeded=true, lastLogIndex=2}
09:44:40.170 [raft-server-raft-partition-3] TRACE i.a.p.raft.roles.LeaderAppender - RaftServer{raft-partition-3} - Received AppendResponse{status=OK, term=2, succeeded=true, lastLogIndex=2} from 3
09:44:40.230 [raft-server-raft-partition-2] TRACE i.a.p.raft.roles.LeaderAppender - RaftServer{raft-partition-2} - Sending AppendRequest{term=1, leader=2, prevLogIndex=1, prevLogTerm=1, entries=0, commitIndex=1} to 3
09:44:40.231 [raft-server-raft-partition-2] TRACE i.a.p.raft.roles.FollowerRole - RaftServer{raft-partition-2}{role=FOLLOWER} - Received AppendRequest{term=1, leader=2, prevLogIndex=1, prevLogTerm=1, entries=0, commitIndex=1}
09:44:40.231 [raft-server-raft-partition-2] TRACE i.a.p.raft.roles.FollowerRole - RaftServer{raft-partition-2}{role=FOLLOWER} - Sending AppendResponse{status=OK, term=1, succeeded=true, lastLogIndex=1}
09:44:40.231 [raft-server-raft-partition-2] TRACE i.a.p.raft.roles.LeaderAppender - RaftServer{raft-partition-2} - Received AppendResponse{status=OK, term=1, succeeded=true, lastLogIndex=1} from 3
09:44:40.231 [raft-server-raft-partition-2] TRACE i.a.p.raft.roles.LeaderAppender - RaftServer{raft-partition-2} - Sending AppendRequest{term=1, leader=2, prevLogIndex=1, prevLogTerm=1, entries=0, commitIndex=1} to 3
09:44:40.231 [raft-server-raft-partition-2] TRACE i.a.p.raft.roles.FollowerRole - RaftServer{raft-partition-2}{role=FOLLOWER} - Received AppendRequest{term=1, leader=2, prevLogIndex=1, prevLogTerm=1, entries=0, commitIndex=1}
09:44:40.231 [raft-server-raft-partition-2] TRACE i.a.p.raft.roles.FollowerRole - RaftServer{raft-partition-2}{role=FOLLOWER} - Sending AppendResponse{status=OK, term=1, succeeded=true, lastLogIndex=1}
09:44:40.232 [raft-server-raft-partition-2] TRACE i.a.p.raft.roles.LeaderAppender - RaftServer{raft-partition-2} - Received AppendResponse{status=OK, term=1, succeeded=true, lastLogIndex=1} from 3
09:44:40.279 [raft-server-system-partition-1] TRACE i.a.p.raft.roles.LeaderAppender - RaftServer{system-partition-1} - Sending AppendRequest{term=1, leader=3, prevLogIndex=75, prevLogTerm=1, entries=0, commitIndex=75} to 2
09:44:40.279 [raft-server-system-partition-1] TRACE i.a.p.raft.roles.FollowerRole - RaftServer{system-partition-1}{role=FOLLOWER} - Received AppendRequest{term=1, leader=3, prevLogIndex=75, prevLogTerm=1, entries=0, commitIndex=75}
09:44:40.279 [raft-server-system-partition-1] TRACE i.a.p.raft.roles.FollowerRole - RaftServer{system-partition-1}{role=FOLLOWER} - Sending AppendResponse{status=OK, term=1, succeeded=true, lastLogIndex=75}
09:44:40.280 [raft-server-system-partition-1] TRACE i.a.p.raft.roles.LeaderAppender - RaftServer{system-partition-1} - Received AppendResponse{status=OK, term=1, succeeded=true, lastLogIndex=75} from 2
09:44:40.280 [raft-server-system-partition-1] TRACE i.a.p.raft.roles.LeaderAppender - RaftServer{system-partition-1} - Sending AppendRequest{term=1, leader=3, prevLogIndex=75, prevLogTerm=1, entries=0, commitIndex=75} to 2
09:44:40.280 [raft-server-system-partition-1] TRACE i.a.p.raft.roles.FollowerRole - RaftServer{system-partition-1}{role=FOLLOWER} - Received AppendRequest{term=1, leader=3, prevLogIndex=75, prevLogTerm=1, entries=0, commitIndex=75}
09:44:40.280 [raft-server-system-partition-1] TRACE i.a.p.raft.roles.FollowerRole - RaftServer{system-partition-1}{role=FOLLOWER} - Sending AppendResponse{status=OK, term=1, succeeded=true, lastLogIndex=75}
09:44:40.280 [raft-server-system-partition-1] TRACE i.a.p.raft.roles.LeaderAppender - RaftServer{system-partition-1} - Received AppendResponse{status=OK, term=1, succeeded=true, lastLogIndex=75} from 2
09:44:40.371 [raft-server-raft-partition-1] TRACE i.a.p.raft.roles.LeaderAppender - RaftServer{raft-partition-1} - Sending AppendRequest{term=2, leader=2, prevLogIndex=2, prevLogTerm=2, entries=0, commitIndex=2} to 3
09:44:40.372 [raft-server-raft-partition-1] TRACE i.a.p.raft.roles.FollowerRole - RaftServer{raft-partition-1}{role=FOLLOWER} - Received AppendRequest{term=2, leader=2, prevLogIndex=2, prevLogTerm=2, entries=0, commitIndex=2}
09:44:40.372 [raft-server-raft-partition-1] TRACE i.a.p.raft.roles.FollowerRole - RaftServer{raft-partition-1}{role=FOLLOWER} - Sending AppendResponse{status=OK, term=2, succeeded=true, lastLogIndex=2}
09:44:40.372 [raft-server-raft-partition-1] TRACE i.a.p.raft.roles.LeaderAppender - RaftServer{raft-partition-1} - Received AppendResponse{status=OK, term=2, succeeded=true, lastLogIndex=2} from 3
09:44:40.372 [raft-server-raft-partition-1] TRACE i.a.p.raft.roles.LeaderAppender - RaftServer{raft-partition-1} - Sending AppendRequest{term=2, leader=2, prevLogIndex=2, prevLogTerm=2, entries=0, commitIndex=2} to 3
09:44:40.372 [raft-server-raft-partition-1] TRACE i.a.p.raft.roles.FollowerRole - RaftServer{raft-partition-1}{role=FOLLOWER} - Received AppendRequest{term=2, leader=2, prevLogIndex=2, prevLogTerm=2, entries=0, commitIndex=2}
09:44:40.373 [raft-server-raft-partition-1] TRACE i.a.p.raft.roles.FollowerRole - RaftServer{raft-partition-1}{role=FOLLOWER} - Sending AppendResponse{status=OK, term=2, succeeded=true, lastLogIndex=2}
09:44:40.373 [raft-server-raft-partition-1] TRACE i.a.p.raft.roles.LeaderAppender - RaftServer{raft-partition-1} - Received AppendResponse{status=OK, term=2, succeeded=true, lastLogIndex=2} from 3
09:44:40.388 [atomix-data-2] TRACE i.a.p.backup.roles.PrimaryRole - PrimaryRole{data-partition-1}{role=PRIMARY} - Sending BackupRequest{primary=2, term=2, index=2, primitive=PrimitiveDescriptor{name=testBasicCounterMapOperationMap, type=counter-map, backups=2, replication=ASYNCHRONOUS}, operations=[HeartbeatOperation{index=6, timestamp=1528703080374}]} to 3
09:44:40.389 [atomix-data-10] TRACE i.a.p.backup.roles.BackupRole - BackupRole{data-partition-1}{role=BACKUP} - Received BackupRequest{primary=2, term=2, index=2, primitive=PrimitiveDescriptor{name=testBasicCounterMapOperationMap, type=counter-map, backups=2, replication=ASYNCHRONOUS}, operations=[HeartbeatOperation{index=6, timestamp=1528703080374}]}
09:44:40.389 [atomix-data-10] TRACE i.a.p.backup.roles.BackupRole - BackupRole{data-partition-1}{role=BACKUP} - Sending BackupResponse{status=OK}
09:44:40.396 [raft-server-raft-partition-3] TRACE i.a.p.raft.roles.LeaderAppender - RaftServer{raft-partition-3} - Sending AppendRequest{term=2, leader=2, prevLogIndex=2, prevLogTerm=2, entries=0, commitIndex=2} to 3
09:44:40.396 [raft-server-raft-partition-3] TRACE i.a.p.raft.roles.FollowerRole - RaftServer{raft-partition-3}{role=FOLLOWER} - Received AppendRequest{term=2, leader=2, prevLogIndex=2, prevLogTerm=2, entries=0, commitIndex=2}
09:44:40.396 [raft-server-raft-partition-3] TRACE i.a.p.raft.roles.FollowerRole - RaftServer{raft-partition-3}{role=FOLLOWER} - Sending AppendResponse{status=OK, term=2, succeeded=true, lastLogIndex=2}
09:44:40.396 [raft-server-raft-partition-3] TRACE i.a.p.raft.roles.LeaderAppender - RaftServer{raft-partition-3} - Received AppendResponse{status=OK, term=2, succeeded=true, lastLogIndex=2} from 3
09:44:40.397 [raft-server-raft-partition-3] TRACE i.a.p.raft.roles.LeaderAppender - RaftServer{raft-partition-3} - Sending AppendRequest{term=2, leader=2, prevLogIndex=2, prevLogTerm=2, entries=0, commitIndex=2} to 3
09:44:40.397 [raft-server-raft-partition-3] TRACE i.a.p.raft.roles.FollowerRole - RaftServer{raft-partition-3}{role=FOLLOWER} - Received AppendRequest{term=2, leader=2, prevLogIndex=2, prevLogTerm=2, entries=0, commitIndex=2}
09:44:40.397 [raft-server-raft-partition-3] TRACE i.a.p.raft.roles.FollowerRole - RaftServer{raft-partition-3}{role=FOLLOWER} - Sending AppendResponse{status=OK, term=2, succeeded=true, lastLogIndex=2}
09:44:40.397 [raft-server-raft-partition-3] TRACE i.a.p.raft.roles.LeaderAppender - RaftServer{raft-partition-3} - Received AppendResponse{status=OK, term=2, succeeded=true, lastLogIndex=2} from 3
09:44:40.480 [raft-server-raft-partition-2] TRACE i.a.p.raft.roles.LeaderAppender - RaftServer{raft-partition-2} - Sending AppendRequest{term=1, leader=2, prevLogIndex=1, prevLogTerm=1, entries=0, commitIndex=1} to 3
09:44:40.480 [raft-server-raft-partition-2] TRACE i.a.p.raft.roles.FollowerRole - RaftServer{raft-partition-2}{role=FOLLOWER} - Received AppendRequest{term=1, leader=2, prevLogIndex=1, prevLogTerm=1, entries=0, commitIndex=1}
09:44:40.480 [raft-server-raft-partition-2] TRACE i.a.p.raft.roles.FollowerRole - RaftServer{raft-partition-2}{role=FOLLOWER} - Sending AppendResponse{status=OK, term=1, succeeded=true, lastLogIndex=1}
09:44:40.481 [raft-server-raft-partition-2] TRACE i.a.p.raft.roles.LeaderAppender - RaftServer{raft-partition-2} - Received AppendResponse{status=OK, term=1, succeeded=true, lastLogIndex=1} from 3
09:44:40.481 [raft-server-raft-partition-2] TRACE i.a.p.raft.roles.LeaderAppender - RaftServer{raft-partition-2} - Sending AppendRequest{term=1, leader=2, prevLogIndex=1, prevLogTerm=1, entries=0, commitIndex=1} to 3
09:44:40.481 [raft-server-raft-partition-2] TRACE i.a.p.raft.roles.FollowerRole - RaftServer{raft-partition-2}{role=FOLLOWER} - Received AppendRequest{term=1, leader=2, prevLogIndex=1, prevLogTerm=1, entries=0, commitIndex=1}
09:44:40.481 [raft-server-raft-partition-2] TRACE i.a.p.raft.roles.FollowerRole - RaftServer{raft-partition-2}{role=FOLLOWER} - Sending AppendResponse{status=OK, term=1, succeeded=true, lastLogIndex=1}
09:44:40.481 [raft-server-raft-partition-2] TRACE i.a.p.raft.roles.LeaderAppender - RaftServer{raft-partition-2} - Received AppendResponse{status=OK, term=1, succeeded=true, lastLogIndex=1} from 3
09:44:40.529 [raft-server-system-partition-1] TRACE i.a.p.raft.roles.LeaderAppender - RaftServer{system-partition-1} - Sending AppendRequest{term=1, leader=3, prevLogIndex=75, prevLogTerm=1, entries=0, commitIndex=75} to 2
09:44:40.529 [raft-server-system-partition-1] TRACE i.a.p.raft.roles.FollowerRole - RaftServer{system-partition-1}{role=FOLLOWER} - Received AppendRequest{term=1, leader=3, prevLogIndex=75, prevLogTerm=1, entries=0, commitIndex=75}
09:44:40.529 [raft-server-system-partition-1] TRACE i.a.p.raft.roles.FollowerRole - RaftServer{system-partition-1}{role=FOLLOWER} - Sending AppendResponse{status=OK, term=1, succeeded=true, lastLogIndex=75}
09:44:40.529 [raft-server-system-partition-1] TRACE i.a.p.raft.roles.LeaderAppender - RaftServer{system-partition-1} - Received AppendResponse{status=OK, term=1, succeeded=true, lastLogIndex=75} from 2
09:44:40.529 [raft-server-system-partition-1] TRACE i.a.p.raft.roles.LeaderAppender - RaftServer{system-partition-1} - Sending AppendRequest{term=1, leader=3, prevLogIndex=75, prevLogTerm=1, entries=0, commitIndex=75} to 2
09:44:40.530 [raft-server-system-partition-1] TRACE i.a.p.raft.roles.FollowerRole - RaftServer{system-partition-1}{role=FOLLOWER} - Received AppendRequest{term=1, leader=3, prevLogIndex=75, prevLogTerm=1, entries=0, commitIndex=75}
09:44:40.530 [raft-server-system-partition-1] TRACE i.a.p.raft.roles.FollowerRole - RaftServer{system-partition-1}{role=FOLLOWER} - Sending AppendResponse{status=OK, term=1, succeeded=true, lastLogIndex=75}
09:44:40.530 [raft-server-system-partition-1] TRACE i.a.p.raft.roles.LeaderAppender - RaftServer{system-partition-1} - Received AppendResponse{status=OK, term=1, succeeded=true, lastLogIndex=75} from 2
09:44:40.530 [raft-server-system-partition-1] TRACE i.a.p.raft.roles.LeaderAppender - RaftServer{system-partition-1} - Sending AppendRequest{term=1, leader=3, prevLogIndex=75, prevLogTerm=1, entries=0, commitIndex=75} to 2
09:44:40.530 [raft-server-system-partition-1] TRACE i.a.p.raft.roles.FollowerRole - RaftServer{system-partition-1}{role=FOLLOWER} - Received AppendRequest{term=1, leader=3, prevLogIndex=75, prevLogTerm=1, entries=0, commitIndex=75}
09:44:40.530 [raft-server-system-partition-1] TRACE i.a.p.raft.roles.FollowerRole - RaftServer{system-partition-1}{role=FOLLOWER} - Sending AppendResponse{status=OK, term=1, succeeded=true, lastLogIndex=75}
09:44:40.530 [raft-server-system-partition-1] TRACE i.a.p.raft.roles.LeaderAppender - RaftServer{system-partition-1} - Received AppendResponse{status=OK, term=1, succeeded=true, lastLogIndex=75} from 2
09:44:40.621 [raft-server-raft-partition-1] TRACE i.a.p.raft.roles.LeaderAppender - RaftServer{raft-partition-1} - Sending AppendRequest{term=2, leader=2, prevLogIndex=2, prevLogTerm=2, entries=0, commitIndex=2} to 3
09:44:40.622 [raft-server-raft-partition-1] TRACE i.a.p.raft.roles.FollowerRole - RaftServer{raft-partition-1}{role=FOLLOWER} - Received AppendRequest{term=2, leader=2, prevLogIndex=2, prevLogTerm=2, entries=0, commitIndex=2}
09:44:40.622 [raft-server-raft-partition-1] TRACE i.a.p.raft.roles.FollowerRole - RaftServer{raft-partition-1}{role=FOLLOWER} - Sending AppendResponse{status=OK, term=2, succeeded=true, lastLogIndex=2}
09:44:40.622 [raft-server-raft-partition-1] TRACE i.a.p.raft.roles.LeaderAppender - RaftServer{raft-partition-1} - Received AppendResponse{status=OK, term=2, succeeded=true, lastLogIndex=2} from 3
09:44:40.622 [raft-server-raft-partition-1] TRACE i.a.p.raft.roles.LeaderAppender - RaftServer{raft-partition-1} - Sending AppendRequest{term=2, leader=2, prevLogIndex=2, prevLogTerm=2, entries=0, commitIndex=2} to 3
09:44:40.622 [raft-server-raft-partition-1] TRACE i.a.p.raft.roles.FollowerRole - RaftServer{raft-partition-1}{role=FOLLOWER} - Received AppendRequest{term=2, leader=2, prevLogIndex=2, prevLogTerm=2, entries=0, commitIndex=2}
09:44:40.622 [raft-server-raft-partition-1] TRACE i.a.p.raft.roles.FollowerRole - RaftServer{raft-partition-1}{role=FOLLOWER} - Sending AppendResponse{status=OK, term=2, succeeded=true, lastLogIndex=2}
09:44:40.623 [raft-server-raft-partition-1] TRACE i.a.p.raft.roles.LeaderAppender - RaftServer{raft-partition-1} - Received AppendResponse{status=OK, term=2, succeeded=true, lastLogIndex=2} from 3
09:44:40.630 [atomix-data-1] TRACE i.a.p.backup.roles.PrimaryRole - PrimaryRole{data-partition-2}{role=PRIMARY} - Sending BackupRequest{primary=3, term=2, index=2, primitive=PrimitiveDescriptor{name=testBasicCounterMapOperationMap, type=counter-map, backups=2, replication=ASYNCHRONOUS}, operations=[HeartbeatOperation{index=6, timestamp=1528703080629}]} to 2
09:44:40.630 [atomix-data-3] TRACE i.a.p.backup.roles.BackupRole - BackupRole{data-partition-2}{role=BACKUP} - Received BackupRequest{primary=3, term=2, index=2, primitive=PrimitiveDescriptor{name=testBasicCounterMapOperationMap, type=counter-map, backups=2, replication=ASYNCHRONOUS}, operations=[HeartbeatOperation{index=6, timestamp=1528703080629}]}
09:44:40.630 [atomix-data-3] TRACE i.a.p.backup.roles.BackupRole - BackupRole{data-partition-2}{role=BACKUP} - Sending BackupResponse{status=OK}
09:44:40.645 [atomix-data-11] TRACE i.a.p.backup.roles.PrimaryRole - PrimaryRole{data-partition-5}{role=PRIMARY} - Sending BackupRequest{primary=3, term=2, index=2, primitive=PrimitiveDescriptor{name=testBasicCounterMapOperationMap, type=counter-map, backups=2, replication=ASYNCHRONOUS}, operations=[HeartbeatOperation{index=6, timestamp=1528703080640}]} to 2
09:44:40.645 [atomix-data-9] TRACE i.a.p.backup.roles.BackupRole - BackupRole{data-partition-5}{role=BACKUP} - Received BackupRequest{primary=3, term=2, index=2, primitive=PrimitiveDescriptor{name=testBasicCounterMapOperationMap, type=counter-map, backups=2, replication=ASYNCHRONOUS}, operations=[HeartbeatOperation{index=6, timestamp=1528703080640}]}
09:44:40.645 [atomix-data-9] TRACE i.a.p.backup.roles.BackupRole - BackupRole{data-partition-5}{role=BACKUP} - Sending BackupResponse{status=OK}
09:44:40.646 [raft-server-raft-partition-3] TRACE i.a.p.raft.roles.LeaderAppender - RaftServer{raft-partition-3} - Sending AppendRequest{term=2, leader=2, prevLogIndex=2, prevLogTerm=2, entries=0, commitIndex=2} to 3
09:44:40.646 [raft-server-raft-partition-3] TRACE i.a.p.raft.roles.FollowerRole - RaftServer{raft-partition-3}{role=FOLLOWER} - Received AppendRequest{term=2, leader=2, prevLogIndex=2, prevLogTerm=2, entries=0, commitIndex=2}
09:44:40.646 [raft-server-raft-partition-3] TRACE i.a.p.raft.roles.FollowerRole - RaftServer{raft-partition-3}{role=FOLLOWER} - Sending AppendResponse{status=OK, term=2, succeeded=true, lastLogIndex=2}
09:44:40.646 [raft-server-raft-partition-3] TRACE i.a.p.raft.roles.LeaderAppender - RaftServer{raft-partition-3} - Received AppendResponse{status=OK, term=2, succeeded=true, lastLogIndex=2} from 3
09:44:40.646 [raft-server-raft-partition-3] TRACE i.a.p.raft.roles.LeaderAppender - RaftServer{raft-partition-3} - Sending AppendRequest{term=2, leader=2, prevLogIndex=2, prevLogTerm=2, entries=0, commitIndex=2} to 3
09:44:40.647 [raft-server-raft-partition-3] TRACE i.a.p.raft.roles.FollowerRole - RaftServer{raft-partition-3}{role=FOLLOWER} - Received AppendRequest{term=2, leader=2, prevLogIndex=2, prevLogTerm=2, entries=0, commitIndex=2}
09:44:40.647 [raft-server-raft-partition-3] TRACE i.a.p.raft.roles.FollowerRole - RaftServer{raft-partition-3}{role=FOLLOWER} - Sending AppendResponse{status=OK, term=2, succeeded=true, lastLogIndex=2}
09:44:40.647 [raft-server-raft-partition-3] TRACE i.a.p.raft.roles.LeaderAppender - RaftServer{raft-partition-3} - Received AppendResponse{status=OK, term=2, succeeded=true, lastLogIndex=2} from 3
09:44:40.647 [raft-server-raft-partition-3] TRACE i.a.p.raft.roles.LeaderAppender - RaftServer{raft-partition-3} - Sending AppendRequest{term=2, leader=2, prevLogIndex=2, prevLogTerm=2, entries=0, commitIndex=2} to 3
09:44:40.647 [raft-server-raft-partition-3] TRACE i.a.p.raft.roles.FollowerRole - RaftServer{raft-partition-3}{role=FOLLOWER} - Received AppendRequest{term=2, leader=2, prevLogIndex=2, prevLogTerm=2, entries=0, commitIndex=2}
09:44:40.647 [raft-server-raft-partition-3] TRACE i.a.p.raft.roles.FollowerRole - RaftServer{raft-partition-3}{role=FOLLOWER} - Sending AppendResponse{status=OK, term=2, succeeded=true, lastLogIndex=2}
09:44:40.647 [raft-server-raft-partition-3] TRACE i.a.p.raft.roles.LeaderAppender - RaftServer{raft-partition-3} - Received AppendResponse{status=OK, term=2, succeeded=true, lastLogIndex=2} from 3
09:44:40.730 [raft-server-raft-partition-2] TRACE i.a.p.raft.roles.LeaderAppender - RaftServer{raft-partition-2} - Sending AppendRequest{term=1, leader=2, prevLogIndex=1, prevLogTerm=1, entries=0, commitIndex=1} to 3
09:44:40.731 [raft-server-raft-partition-2] TRACE i.a.p.raft.roles.FollowerRole - RaftServer{raft-partition-2}{role=FOLLOWER} - Received AppendRequest{term=1, leader=2, prevLogIndex=1, prevLogTerm=1, entries=0, commitIndex=1}
09:44:40.731 [raft-server-raft-partition-2] TRACE i.a.p.raft.roles.FollowerRole - RaftServer{raft-partition-2}{role=FOLLOWER} - Sending AppendResponse{status=OK, term=1, succeeded=true, lastLogIndex=1}
09:44:40.731 [raft-server-raft-partition-2] TRACE i.a.p.raft.roles.LeaderAppender - RaftServer{raft-partition-2} - Received AppendResponse{status=OK, term=1, succeeded=true, lastLogIndex=1} from 3
09:44:40.731 [raft-server-raft-partition-2] TRACE i.a.p.raft.roles.LeaderAppender - RaftServer{raft-partition-2} - Sending AppendRequest{term=1, leader=2, prevLogIndex=1, prevLogTerm=1, entries=0, commitIndex=1} to 3
09:44:40.731 [raft-server-raft-partition-2] TRACE i.a.p.raft.roles.FollowerRole - RaftServer{raft-partition-2}{role=FOLLOWER} - Received AppendRequest{term=1, leader=2, prevLogIndex=1, prevLogTerm=1, entries=0, commitIndex=1}
09:44:40.731 [raft-server-raft-partition-2] TRACE i.a.p.raft.roles.FollowerRole - RaftServer{raft-partition-2}{role=FOLLOWER} - Sending AppendResponse{status=OK, term=1, succeeded=true, lastLogIndex=1}
09:44:40.731 [raft-server-raft-partition-2] TRACE i.a.p.raft.roles.LeaderAppender - RaftServer{raft-partition-2} - Received AppendResponse{status=OK, term=1, succeeded=true, lastLogIndex=1} from 3
09:44:40.757 [netty-messaging-event-epoll-client-14] WARN  i.a.c.m.impl.NettyMessagingService - Unable to dispatch message due to Task java.util.concurrent.ScheduledThreadPoolExecutor$ScheduledFutureTask@5b9a3fcf rejected from java.util.concurrent.ScheduledThreadPoolExecutor@5c6941e[Terminated, pool size = 0, active threads = 0, queued tasks = 0, completed tasks = 4]
09:44:40.757 [netty-messaging-event-epoll-client-4] WARN  i.a.c.m.impl.NettyMessagingService - Unable to dispatch message due to Task java.util.concurrent.ScheduledThreadPoolExecutor$ScheduledFutureTask@1599cd67 rejected from java.util.concurrent.ScheduledThreadPoolExecutor@5c6941e[Terminated, pool size = 0, active threads = 0, queued tasks = 0, completed tasks = 4]
09:44:40.779 [raft-server-system-partition-1] TRACE i.a.p.raft.roles.LeaderAppender - RaftServer{system-partition-1} - Sending AppendRequest{term=1, leader=3, prevLogIndex=75, prevLogTerm=1, entries=0, commitIndex=75} to 2
09:44:40.779 [raft-server-system-partition-1] TRACE i.a.p.raft.roles.FollowerRole - RaftServer{system-partition-1}{role=FOLLOWER} - Received AppendRequest{term=1, leader=3, prevLogIndex=75, prevLogTerm=1, entries=0, commitIndex=75}
09:44:40.779 [raft-server-system-partition-1] TRACE i.a.p.raft.roles.FollowerRole - RaftServer{system-partition-1}{role=FOLLOWER} - Sending AppendResponse{status=OK, term=1, succeeded=true, lastLogIndex=75}
09:44:40.779 [raft-server-system-partition-1] TRACE i.a.p.raft.roles.LeaderAppender - RaftServer{system-partition-1} - Received AppendResponse{status=OK, term=1, succeeded=true, lastLogIndex=75} from 2
09:44:40.779 [raft-server-system-partition-1] TRACE i.a.p.raft.roles.LeaderAppender - RaftServer{system-partition-1} - Sending AppendRequest{term=1, leader=3, prevLogIndex=75, prevLogTerm=1, entries=0, commitIndex=75} to 2
09:44:40.780 [raft-server-system-partition-1] TRACE i.a.p.raft.roles.FollowerRole - RaftServer{system-partition-1}{role=FOLLOWER} - Received AppendRequest{term=1, leader=3, prevLogIndex=75, prevLogTerm=1, entries=0, commitIndex=75}
09:44:40.780 [raft-server-system-partition-1] TRACE i.a.p.raft.roles.FollowerRole - RaftServer{system-partition-1}{role=FOLLOWER} - Sending AppendResponse{status=OK, term=1, succeeded=true, lastLogIndex=75}
09:44:40.780 [raft-server-system-partition-1] TRACE i.a.p.raft.roles.LeaderAppender - RaftServer{system-partition-1} - Received AppendResponse{status=OK, term=1, succeeded=true, lastLogIndex=75} from 2
09:44:40.780 [raft-server-system-partition-1] TRACE i.a.p.raft.roles.LeaderAppender - RaftServer{system-partition-1} - Sending AppendRequest{term=1, leader=3, prevLogIndex=75, prevLogTerm=1, entries=0, commitIndex=75} to 2
09:44:40.780 [raft-server-system-partition-1] TRACE i.a.p.raft.roles.FollowerRole - RaftServer{system-partition-1}{role=FOLLOWER} - Received AppendRequest{term=1, leader=3, prevLogIndex=75, prevLogTerm=1, entries=0, commitIndex=75}
09:44:40.780 [raft-server-system-partition-1] TRACE i.a.p.raft.roles.FollowerRole - RaftServer{system-partition-1}{role=FOLLOWER} - Sending AppendResponse{status=OK, term=1, succeeded=true, lastLogIndex=75}
09:44:40.780 [raft-server-system-partition-1] TRACE i.a.p.raft.roles.LeaderAppender - RaftServer{system-partition-1} - Received AppendResponse{status=OK, term=1, succeeded=true, lastLogIndex=75} from 2
09:44:40.871 [raft-server-raft-partition-1] TRACE i.a.p.raft.roles.LeaderAppender - RaftServer{raft-partition-1} - Sending AppendRequest{term=2, leader=2, prevLogIndex=2, prevLogTerm=2, entries=0, commitIndex=2} to 3
09:44:40.872 [raft-server-raft-partition-1] TRACE i.a.p.raft.roles.FollowerRole - RaftServer{raft-partition-1}{role=FOLLOWER} - Received AppendRequest{term=2, leader=2, prevLogIndex=2, prevLogTerm=2, entries=0, commitIndex=2}
09:44:40.872 [raft-server-raft-partition-1] TRACE i.a.p.raft.roles.FollowerRole - RaftServer{raft-partition-1}{role=FOLLOWER} - Sending AppendResponse{status=OK, term=2, succeeded=true, lastLogIndex=2}
09:44:40.872 [raft-server-raft-partition-1] TRACE i.a.p.raft.roles.LeaderAppender - RaftServer{raft-partition-1} - Received AppendResponse{status=OK, term=2, succeeded=true, lastLogIndex=2} from 3
09:44:40.872 [raft-server-raft-partition-1] TRACE i.a.p.raft.roles.LeaderAppender - RaftServer{raft-partition-1} - Sending AppendRequest{term=2, leader=2, prevLogIndex=2, prevLogTerm=2, entries=0, commitIndex=2} to 3
09:44:40.872 [raft-server-raft-partition-1] TRACE i.a.p.raft.roles.FollowerRole - RaftServer{raft-partition-1}{role=FOLLOWER} - Received AppendRequest{term=2, leader=2, prevLogIndex=2, prevLogTerm=2, entries=0, commitIndex=2}
09:44:40.872 [raft-server-raft-partition-1] TRACE i.a.p.raft.roles.FollowerRole - RaftServer{raft-partition-1}{role=FOLLOWER} - Sending AppendResponse{status=OK, term=2, succeeded=true, lastLogIndex=2}
09:44:40.873 [raft-server-raft-partition-1] TRACE i.a.p.raft.roles.LeaderAppender - RaftServer{raft-partition-1} - Received AppendResponse{status=OK, term=2, succeeded=true, lastLogIndex=2} from 3
09:44:40.896 [raft-server-raft-partition-3] TRACE i.a.p.raft.roles.LeaderAppender - RaftServer{raft-partition-3} - Sending AppendRequest{term=2, leader=2, prevLogIndex=2, prevLogTerm=2, entries=0, commitIndex=2} to 3
09:44:40.896 [raft-server-raft-partition-3] TRACE i.a.p.raft.roles.FollowerRole - RaftServer{raft-partition-3}{role=FOLLOWER} - Received AppendRequest{term=2, leader=2, prevLogIndex=2, prevLogTerm=2, entries=0, commitIndex=2}
09:44:40.896 [raft-server-raft-partition-3] TRACE i.a.p.raft.roles.FollowerRole - RaftServer{raft-partition-3}{role=FOLLOWER} - Sending AppendResponse{status=OK, term=2, succeeded=true, lastLogIndex=2}
09:44:40.896 [raft-server-raft-partition-3] TRACE i.a.p.raft.roles.LeaderAppender - RaftServer{raft-partition-3} - Received AppendResponse{status=OK, term=2, succeeded=true, lastLogIndex=2} from 3
09:44:40.896 [raft-server-raft-partition-3] TRACE i.a.p.raft.roles.LeaderAppender - RaftServer{raft-partition-3} - Sending AppendRequest{term=2, leader=2, prevLogIndex=2, prevLogTerm=2, entries=0, commitIndex=2} to 3
09:44:40.896 [raft-server-raft-partition-3] TRACE i.a.p.raft.roles.FollowerRole - RaftServer{raft-partition-3}{role=FOLLOWER} - Received AppendRequest{term=2, leader=2, prevLogIndex=2, prevLogTerm=2, entries=0, commitIndex=2}
09:44:40.897 [raft-server-raft-partition-3] TRACE i.a.p.raft.roles.FollowerRole - RaftServer{raft-partition-3}{role=FOLLOWER} - Sending AppendResponse{status=OK, term=2, succeeded=true, lastLogIndex=2}
09:44:40.897 [raft-server-raft-partition-3] TRACE i.a.p.raft.roles.LeaderAppender - RaftServer{raft-partition-3} - Received AppendResponse{status=OK, term=2, succeeded=true, lastLogIndex=2} from 3
09:44:40.897 [raft-server-raft-partition-3] TRACE i.a.p.raft.roles.LeaderAppender - RaftServer{raft-partition-3} - Sending AppendRequest{term=2, leader=2, prevLogIndex=2, prevLogTerm=2, entries=0, commitIndex=2} to 3
09:44:40.897 [raft-server-raft-partition-3] TRACE i.a.p.raft.roles.FollowerRole - RaftServer{raft-partition-3}{role=FOLLOWER} - Received AppendRequest{term=2, leader=2, prevLogIndex=2, prevLogTerm=2, entries=0, commitIndex=2}
09:44:40.897 [raft-server-raft-partition-3] TRACE i.a.p.raft.roles.FollowerRole - RaftServer{raft-partition-3}{role=FOLLOWER} - Sending AppendResponse{status=OK, term=2, succeeded=true, lastLogIndex=2}
09:44:40.897 [raft-server-raft-partition-3] TRACE i.a.p.raft.roles.LeaderAppender - RaftServer{raft-partition-3} - Received AppendResponse{status=OK, term=2, succeeded=true, lastLogIndex=2} from 3
09:44:40.980 [raft-server-raft-partition-2] TRACE i.a.p.raft.roles.LeaderAppender - RaftServer{raft-partition-2} - Sending AppendRequest{term=1, leader=2, prevLogIndex=1, prevLogTerm=1, entries=0, commitIndex=1} to 3
09:44:40.980 [raft-server-raft-partition-2] TRACE i.a.p.raft.roles.FollowerRole - RaftServer{raft-partition-2}{role=FOLLOWER} - Received AppendRequest{term=1, leader=2, prevLogIndex=1, prevLogTerm=1, entries=0, commitIndex=1}
09:44:40.980 [raft-server-raft-partition-2] TRACE i.a.p.raft.roles.FollowerRole - RaftServer{raft-partition-2}{role=FOLLOWER} - Sending AppendResponse{status=OK, term=1, succeeded=true, lastLogIndex=1}
09:44:40.981 [raft-server-raft-partition-2] TRACE i.a.p.raft.roles.LeaderAppender - RaftServer{raft-partition-2} - Received AppendResponse{status=OK, term=1, succeeded=true, lastLogIndex=1} from 3
09:44:40.981 [raft-server-raft-partition-2] TRACE i.a.p.raft.roles.LeaderAppender - RaftServer{raft-partition-2} - Sending AppendRequest{term=1, leader=2, prevLogIndex=1, prevLogTerm=1, entries=0, commitIndex=1} to 3
09:44:40.981 [raft-server-raft-partition-2] TRACE i.a.p.raft.roles.FollowerRole - RaftServer{raft-partition-2}{role=FOLLOWER} - Received AppendRequest{term=1, leader=2, prevLogIndex=1, prevLogTerm=1, entries=0, commitIndex=1}
09:44:40.981 [raft-server-raft-partition-2] TRACE i.a.p.raft.roles.FollowerRole - RaftServer{raft-partition-2}{role=FOLLOWER} - Sending AppendResponse{status=OK, term=1, succeeded=true, lastLogIndex=1}
09:44:40.981 [raft-server-raft-partition-2] TRACE i.a.p.raft.roles.LeaderAppender - RaftServer{raft-partition-2} - Received AppendResponse{status=OK, term=1, succeeded=true, lastLogIndex=1} from 3
09:44:41.029 [raft-server-system-partition-1] TRACE i.a.p.raft.roles.LeaderAppender - RaftServer{system-partition-1} - Sending AppendRequest{term=1, leader=3, prevLogIndex=75, prevLogTerm=1, entries=0, commitIndex=75} to 2
09:44:41.029 [raft-server-system-partition-1] TRACE i.a.p.raft.roles.FollowerRole - RaftServer{system-partition-1}{role=FOLLOWER} - Received AppendRequest{term=1, leader=3, prevLogIndex=75, prevLogTerm=1, entries=0, commitIndex=75}
09:44:41.029 [raft-server-system-partition-1] TRACE i.a.p.raft.roles.FollowerRole - RaftServer{system-partition-1}{role=FOLLOWER} - Sending AppendResponse{status=OK, term=1, succeeded=true, lastLogIndex=75}
09:44:41.030 [raft-server-system-partition-1] TRACE i.a.p.raft.roles.LeaderAppender - RaftServer{system-partition-1} - Received AppendResponse{status=OK, term=1, succeeded=true, lastLogIndex=75} from 2
09:44:41.030 [raft-server-system-partition-1] TRACE i.a.p.raft.roles.LeaderAppender - RaftServer{system-partition-1} - Sending AppendRequest{term=1, leader=3, prevLogIndex=75, prevLogTerm=1, entries=0, commitIndex=75} to 2
09:44:41.030 [raft-server-system-partition-1] TRACE i.a.p.raft.roles.FollowerRole - RaftServer{system-partition-1}{role=FOLLOWER} - Received AppendRequest{term=1, leader=3, prevLogIndex=75, prevLogTerm=1, entries=0, commitIndex=75}
09:44:41.030 [raft-server-system-partition-1] TRACE i.a.p.raft.roles.FollowerRole - RaftServer{system-partition-1}{role=FOLLOWER} - Sending AppendResponse{status=OK, term=1, succeeded=true, lastLogIndex=75}
09:44:41.030 [raft-server-system-partition-1] TRACE i.a.p.raft.roles.LeaderAppender - RaftServer{system-partition-1} - Received AppendResponse{status=OK, term=1, succeeded=true, lastLogIndex=75} from 2
09:44:41.121 [raft-server-raft-partition-1] TRACE i.a.p.raft.roles.LeaderAppender - RaftServer{raft-partition-1} - Sending AppendRequest{term=2, leader=2, prevLogIndex=2, prevLogTerm=2, entries=0, commitIndex=2} to 3
09:44:41.122 [raft-server-raft-partition-1] TRACE i.a.p.raft.roles.FollowerRole - RaftServer{raft-partition-1}{role=FOLLOWER} - Received AppendRequest{term=2, leader=2, prevLogIndex=2, prevLogTerm=2, entries=0, commitIndex=2}
09:44:41.122 [raft-server-raft-partition-1] TRACE i.a.p.raft.roles.FollowerRole - RaftServer{raft-partition-1}{role=FOLLOWER} - Sending AppendResponse{status=OK, term=2, succeeded=true, lastLogIndex=2}
09:44:41.122 [raft-server-raft-partition-1] TRACE i.a.p.raft.roles.LeaderAppender - RaftServer{raft-partition-1} - Received AppendResponse{status=OK, term=2, succeeded=true, lastLogIndex=2} from 3
09:44:41.122 [raft-server-raft-partition-1] TRACE i.a.p.raft.roles.LeaderAppender - RaftServer{raft-partition-1} - Sending AppendRequest{term=2, leader=2, prevLogIndex=2, prevLogTerm=2, entries=0, commitIndex=2} to 3
09:44:41.122 [raft-server-raft-partition-1] TRACE i.a.p.raft.roles.FollowerRole - RaftServer{raft-partition-1}{role=FOLLOWER} - Received AppendRequest{term=2, leader=2, prevLogIndex=2, prevLogTerm=2, entries=0, commitIndex=2}
09:44:41.122 [raft-server-raft-partition-1] TRACE i.a.p.raft.roles.FollowerRole - RaftServer{raft-partition-1}{role=FOLLOWER} - Sending AppendResponse{status=OK, term=2, succeeded=true, lastLogIndex=2}
09:44:41.123 [raft-server-raft-partition-1] TRACE i.a.p.raft.roles.LeaderAppender - RaftServer{raft-partition-1} - Received AppendResponse{status=OK, term=2, succeeded=true, lastLogIndex=2} from 3
09:44:41.146 [raft-server-raft-partition-3] TRACE i.a.p.raft.roles.LeaderAppender - RaftServer{raft-partition-3} - Sending AppendRequest{term=2, leader=2, prevLogIndex=2, prevLogTerm=2, entries=0, commitIndex=2} to 3
09:44:41.146 [raft-server-raft-partition-3] TRACE i.a.p.raft.roles.FollowerRole - RaftServer{raft-partition-3}{role=FOLLOWER} - Received AppendRequest{term=2, leader=2, prevLogIndex=2, prevLogTerm=2, entries=0, commitIndex=2}
09:44:41.146 [raft-server-raft-partition-3] TRACE i.a.p.raft.roles.FollowerRole - RaftServer{raft-partition-3}{role=FOLLOWER} - Sending AppendResponse{status=OK, term=2, succeeded=true, lastLogIndex=2}
09:44:41.146 [raft-server-raft-partition-3] TRACE i.a.p.raft.roles.LeaderAppender - RaftServer{raft-partition-3} - Received AppendResponse{status=OK, term=2, succeeded=true, lastLogIndex=2} from 3
09:44:41.146 [raft-server-raft-partition-3] TRACE i.a.p.raft.roles.LeaderAppender - RaftServer{raft-partition-3} - Sending AppendRequest{term=2, leader=2, prevLogIndex=2, prevLogTerm=2, entries=0, commitIndex=2} to 3
09:44:41.147 [raft-server-raft-partition-3] TRACE i.a.p.raft.roles.FollowerRole - RaftServer{raft-partition-3}{role=FOLLOWER} - Received AppendRequest{term=2, leader=2, prevLogIndex=2, prevLogTerm=2, entries=0, commitIndex=2}
09:44:41.147 [raft-server-raft-partition-3] TRACE i.a.p.raft.roles.FollowerRole - RaftServer{raft-partition-3}{role=FOLLOWER} - Sending AppendResponse{status=OK, term=2, succeeded=true, lastLogIndex=2}
09:44:41.147 [raft-server-raft-partition-3] TRACE i.a.p.raft.roles.LeaderAppender - RaftServer{raft-partition-3} - Received AppendResponse{status=OK, term=2, succeeded=true, lastLogIndex=2} from 3
09:44:41.147 [raft-server-raft-partition-3] TRACE i.a.p.raft.roles.LeaderAppender - RaftServer{raft-partition-3} - Sending AppendRequest{term=2, leader=2, prevLogIndex=2, prevLogTerm=2, entries=0, commitIndex=2} to 3
09:44:41.147 [raft-server-raft-partition-3] TRACE i.a.p.raft.roles.FollowerRole - RaftServer{raft-partition-3}{role=FOLLOWER} - Received AppendRequest{term=2, leader=2, prevLogIndex=2, prevLogTerm=2, entries=0, commitIndex=2}
09:44:41.147 [raft-server-raft-partition-3] TRACE i.a.p.raft.roles.FollowerRole - RaftServer{raft-partition-3}{role=FOLLOWER} - Sending AppendResponse{status=OK, term=2, succeeded=true, lastLogIndex=2}
09:44:41.147 [raft-server-raft-partition-3] TRACE i.a.p.raft.roles.LeaderAppender - RaftServer{raft-partition-3} - Received AppendResponse{status=OK, term=2, succeeded=true, lastLogIndex=2} from 3
09:44:41.230 [raft-server-raft-partition-2] TRACE i.a.p.raft.roles.LeaderAppender - RaftServer{raft-partition-2} - Sending AppendRequest{term=1, leader=2, prevLogIndex=1, prevLogTerm=1, entries=0, commitIndex=1} to 3
09:44:41.230 [raft-server-raft-partition-2] TRACE i.a.p.raft.roles.FollowerRole - RaftServer{raft-partition-2}{role=FOLLOWER} - Received AppendRequest{term=1, leader=2, prevLogIndex=1, prevLogTerm=1, entries=0, commitIndex=1}
09:44:41.230 [raft-server-raft-partition-2] TRACE i.a.p.raft.roles.FollowerRole - RaftServer{raft-partition-2}{role=FOLLOWER} - Sending AppendResponse{status=OK, term=1, succeeded=true, lastLogIndex=1}
09:44:41.231 [raft-server-raft-partition-2] TRACE i.a.p.raft.roles.LeaderAppender - RaftServer{raft-partition-2} - Received AppendResponse{status=OK, term=1, succeeded=true, lastLogIndex=1} from 3
09:44:41.231 [raft-server-raft-partition-2] TRACE i.a.p.raft.roles.LeaderAppender - RaftServer{raft-partition-2} - Sending AppendRequest{term=1, leader=2, prevLogIndex=1, prevLogTerm=1, entries=0, commitIndex=1} to 3
09:44:41.231 [raft-server-raft-partition-2] TRACE i.a.p.raft.roles.FollowerRole - RaftServer{raft-partition-2}{role=FOLLOWER} - Received AppendRequest{term=1, leader=2, prevLogIndex=1, prevLogTerm=1, entries=0, commitIndex=1}
09:44:41.231 [raft-server-raft-partition-2] TRACE i.a.p.raft.roles.FollowerRole - RaftServer{raft-partition-2}{role=FOLLOWER} - Sending AppendResponse{status=OK, term=1, succeeded=true, lastLogIndex=1}
09:44:41.232 [raft-server-raft-partition-2] TRACE i.a.p.raft.roles.LeaderAppender - RaftServer{raft-partition-2} - Received AppendResponse{status=OK, term=1, succeeded=true, lastLogIndex=1} from 3
09:44:41.279 [raft-server-system-partition-1] TRACE i.a.p.raft.roles.LeaderAppender - RaftServer{system-partition-1} - Sending AppendRequest{term=1, leader=3, prevLogIndex=75, prevLogTerm=1, entries=0, commitIndex=75} to 2
09:44:41.279 [raft-server-system-partition-1] TRACE i.a.p.raft.roles.FollowerRole - RaftServer{system-partition-1}{role=FOLLOWER} - Received AppendRequest{term=1, leader=3, prevLogIndex=75, prevLogTerm=1, entries=0, commitIndex=75}
09:44:41.279 [raft-server-system-partition-1] TRACE i.a.p.raft.roles.FollowerRole - RaftServer{system-partition-1}{role=FOLLOWER} - Sending AppendResponse{status=OK, term=1, succeeded=true, lastLogIndex=75}
09:44:41.279 [raft-server-system-partition-1] TRACE i.a.p.raft.roles.LeaderAppender - RaftServer{system-partition-1} - Received AppendResponse{status=OK, term=1, succeeded=true, lastLogIndex=75} from 2
09:44:41.279 [raft-server-system-partition-1] TRACE i.a.p.raft.roles.LeaderAppender - RaftServer{system-partition-1} - Sending AppendRequest{term=1, leader=3, prevLogIndex=75, prevLogTerm=1, entries=0, commitIndex=75} to 2
09:44:41.280 [raft-server-system-partition-1] TRACE i.a.p.raft.roles.FollowerRole - RaftServer{system-partition-1}{role=FOLLOWER} - Received AppendRequest{term=1, leader=3, prevLogIndex=75, prevLogTerm=1, entries=0, commitIndex=75}
09:44:41.280 [raft-server-system-partition-1] TRACE i.a.p.raft.roles.FollowerRole - RaftServer{system-partition-1}{role=FOLLOWER} - Sending AppendResponse{status=OK, term=1, succeeded=true, lastLogIndex=75}
09:44:41.280 [raft-server-system-partition-1] TRACE i.a.p.raft.roles.LeaderAppender - RaftServer{system-partition-1} - Received AppendResponse{status=OK, term=1, succeeded=true, lastLogIndex=75} from 2
09:44:41.280 [raft-server-system-partition-1] TRACE i.a.p.raft.roles.LeaderAppender - RaftServer{system-partition-1} - Sending AppendRequest{term=1, leader=3, prevLogIndex=75, prevLogTerm=1, entries=0, commitIndex=75} to 2
09:44:41.280 [raft-server-system-partition-1] TRACE i.a.p.raft.roles.FollowerRole - RaftServer{system-partition-1}{role=FOLLOWER} - Received AppendRequest{term=1, leader=3, prevLogIndex=75, prevLogTerm=1, entries=0, commitIndex=75}
09:44:41.280 [raft-server-system-partition-1] TRACE i.a.p.raft.roles.FollowerRole - RaftServer{system-partition-1}{role=FOLLOWER} - Sending AppendResponse{status=OK, term=1, succeeded=true, lastLogIndex=75}
09:44:41.281 [raft-server-system-partition-1] TRACE i.a.p.raft.roles.LeaderAppender - RaftServer{system-partition-1} - Received AppendResponse{status=OK, term=1, succeeded=true, lastLogIndex=75} from 2
09:44:41.371 [raft-server-raft-partition-1] TRACE i.a.p.raft.roles.LeaderAppender - RaftServer{raft-partition-1} - Sending AppendRequest{term=2, leader=2, prevLogIndex=2, prevLogTerm=2, entries=0, commitIndex=2} to 3
09:44:41.372 [raft-server-raft-partition-1] TRACE i.a.p.raft.roles.FollowerRole - RaftServer{raft-partition-1}{role=FOLLOWER} - Received AppendRequest{term=2, leader=2, prevLogIndex=2, prevLogTerm=2, entries=0, commitIndex=2}
09:44:41.372 [raft-server-raft-partition-1] TRACE i.a.p.raft.roles.FollowerRole - RaftServer{raft-partition-1}{role=FOLLOWER} - Sending AppendResponse{status=OK, term=2, succeeded=true, lastLogIndex=2}
09:44:41.372 [raft-server-raft-partition-1] TRACE i.a.p.raft.roles.LeaderAppender - RaftServer{raft-partition-1} - Received AppendResponse{status=OK, term=2, succeeded=true, lastLogIndex=2} from 3
09:44:41.372 [raft-server-raft-partition-1] TRACE i.a.p.raft.roles.LeaderAppender - RaftServer{raft-partition-1} - Sending AppendRequest{term=2, leader=2, prevLogIndex=2, prevLogTerm=2, entries=0, commitIndex=2} to 3
09:44:41.372 [raft-server-raft-partition-1] TRACE i.a.p.raft.roles.FollowerRole - RaftServer{raft-partition-1}{role=FOLLOWER} - Received AppendRequest{term=2, leader=2, prevLogIndex=2, prevLogTerm=2, entries=0, commitIndex=2}
09:44:41.372 [raft-server-raft-partition-1] TRACE i.a.p.raft.roles.FollowerRole - RaftServer{raft-partition-1}{role=FOLLOWER} - Sending AppendResponse{status=OK, term=2, succeeded=true, lastLogIndex=2}
09:44:41.373 [raft-server-raft-partition-1] TRACE i.a.p.raft.roles.LeaderAppender - RaftServer{raft-partition-1} - Received AppendResponse{status=OK, term=2, succeeded=true, lastLogIndex=2} from 3
09:44:41.388 [atomix-data-15] TRACE i.a.p.backup.roles.PrimaryRole - PrimaryRole{data-partition-1}{role=PRIMARY} - Sending BackupRequest{primary=2, term=2, index=2, primitive=PrimitiveDescriptor{name=testBasicCounterMapOperationMap, type=counter-map, backups=2, replication=ASYNCHRONOUS}, operations=[HeartbeatOperation{index=7, timestamp=1528703081374}]} to 3
09:44:41.389 [atomix-data-0] TRACE i.a.p.backup.roles.BackupRole - BackupRole{data-partition-1}{role=BACKUP} - Received BackupRequest{primary=2, term=2, index=2, primitive=PrimitiveDescriptor{name=testBasicCounterMapOperationMap, type=counter-map, backups=2, replication=ASYNCHRONOUS}, operations=[HeartbeatOperation{index=7, timestamp=1528703081374}]}
09:44:41.389 [atomix-data-0] TRACE i.a.p.backup.roles.BackupRole - BackupRole{data-partition-1}{role=BACKUP} - Sending BackupResponse{status=OK}
09:44:41.396 [raft-server-raft-partition-3] TRACE i.a.p.raft.roles.LeaderAppender - RaftServer{raft-partition-3} - Sending AppendRequest{term=2, leader=2, prevLogIndex=2, prevLogTerm=2, entries=0, commitIndex=2} to 3
09:44:41.396 [raft-server-raft-partition-3] TRACE i.a.p.raft.roles.FollowerRole - RaftServer{raft-partition-3}{role=FOLLOWER} - Received AppendRequest{term=2, leader=2, prevLogIndex=2, prevLogTerm=2, entries=0, commitIndex=2}
09:44:41.396 [raft-server-raft-partition-3] TRACE i.a.p.raft.roles.FollowerRole - RaftServer{raft-partition-3}{role=FOLLOWER} - Sending AppendResponse{status=OK, term=2, succeeded=true, lastLogIndex=2}
09:44:41.396 [raft-server-raft-partition-3] TRACE i.a.p.raft.roles.LeaderAppender - RaftServer{raft-partition-3} - Received AppendResponse{status=OK, term=2, succeeded=true, lastLogIndex=2} from 3
09:44:41.396 [raft-server-raft-partition-3] TRACE i.a.p.raft.roles.LeaderAppender - RaftServer{raft-partition-3} - Sending AppendRequest{term=2, leader=2, prevLogIndex=2, prevLogTerm=2, entries=0, commitIndex=2} to 3
09:44:41.397 [raft-server-raft-partition-3] TRACE i.a.p.raft.roles.FollowerRole - RaftServer{raft-partition-3}{role=FOLLOWER} - Received AppendRequest{term=2, leader=2, prevLogIndex=2, prevLogTerm=2, entries=0, commitIndex=2}
09:44:41.397 [raft-server-raft-partition-3] TRACE i.a.p.raft.roles.FollowerRole - RaftServer{raft-partition-3}{role=FOLLOWER} - Sending AppendResponse{status=OK, term=2, succeeded=true, lastLogIndex=2}
09:44:41.397 [raft-server-raft-partition-3] TRACE i.a.p.raft.roles.LeaderAppender - RaftServer{raft-partition-3} - Received AppendResponse{status=OK, term=2, succeeded=true, lastLogIndex=2} from 3
09:44:41.397 [raft-server-raft-partition-3] TRACE i.a.p.raft.roles.LeaderAppender - RaftServer{raft-partition-3} - Sending AppendRequest{term=2, leader=2, prevLogIndex=2, prevLogTerm=2, entries=0, commitIndex=2} to 3
09:44:41.397 [raft-server-raft-partition-3] TRACE i.a.p.raft.roles.FollowerRole - RaftServer{raft-partition-3}{role=FOLLOWER} - Received AppendRequest{term=2, leader=2, prevLogIndex=2, prevLogTerm=2, entries=0, commitIndex=2}
09:44:41.397 [raft-server-raft-partition-3] TRACE i.a.p.raft.roles.FollowerRole - RaftServer{raft-partition-3}{role=FOLLOWER} - Sending AppendResponse{status=OK, term=2, succeeded=true, lastLogIndex=2}
09:44:41.397 [raft-server-raft-partition-3] TRACE i.a.p.raft.roles.LeaderAppender - RaftServer{raft-partition-3} - Received AppendResponse{status=OK, term=2, succeeded=true, lastLogIndex=2} from 3
09:44:41.480 [raft-server-raft-partition-2] TRACE i.a.p.raft.roles.LeaderAppender - RaftServer{raft-partition-2} - Sending AppendRequest{term=1, leader=2, prevLogIndex=1, prevLogTerm=1, entries=0, commitIndex=1} to 3
09:44:41.480 [raft-server-raft-partition-2] TRACE i.a.p.raft.roles.FollowerRole - RaftServer{raft-partition-2}{role=FOLLOWER} - Received AppendRequest{term=1, leader=2, prevLogIndex=1, prevLogTerm=1, entries=0, commitIndex=1}
09:44:41.480 [raft-server-raft-partition-2] TRACE i.a.p.raft.roles.FollowerRole - RaftServer{raft-partition-2}{role=FOLLOWER} - Sending AppendResponse{status=OK, term=1, succeeded=true, lastLogIndex=1}
09:44:41.481 [raft-server-raft-partition-2] TRACE i.a.p.raft.roles.LeaderAppender - RaftServer{raft-partition-2} - Received AppendResponse{status=OK, term=1, succeeded=true, lastLogIndex=1} from 3
09:44:41.481 [raft-server-raft-partition-2] TRACE i.a.p.raft.roles.LeaderAppender - RaftServer{raft-partition-2} - Sending AppendRequest{term=1, leader=2, prevLogIndex=1, prevLogTerm=1, entries=0, commitIndex=1} to 3
09:44:41.481 [raft-server-raft-partition-2] TRACE i.a.p.raft.roles.FollowerRole - RaftServer{raft-partition-2}{role=FOLLOWER} - Received AppendRequest{term=1, leader=2, prevLogIndex=1, prevLogTerm=1, entries=0, commitIndex=1}
09:44:41.481 [raft-server-raft-partition-2] TRACE i.a.p.raft.roles.FollowerRole - RaftServer{raft-partition-2}{role=FOLLOWER} - Sending AppendResponse{status=OK, term=1, succeeded=true, lastLogIndex=1}
09:44:41.481 [raft-server-raft-partition-2] TRACE i.a.p.raft.roles.LeaderAppender - RaftServer{raft-partition-2} - Received AppendResponse{status=OK, term=1, succeeded=true, lastLogIndex=1} from 3
09:44:41.529 [raft-server-system-partition-1] TRACE i.a.p.raft.roles.LeaderAppender - RaftServer{system-partition-1} - Sending AppendRequest{term=1, leader=3, prevLogIndex=75, prevLogTerm=1, entries=0, commitIndex=75} to 2
09:44:41.529 [raft-server-system-partition-1] TRACE i.a.p.raft.roles.FollowerRole - RaftServer{system-partition-1}{role=FOLLOWER} - Received AppendRequest{term=1, leader=3, prevLogIndex=75, prevLogTerm=1, entries=0, commitIndex=75}
09:44:41.529 [raft-server-system-partition-1] TRACE i.a.p.raft.roles.FollowerRole - RaftServer{system-partition-1}{role=FOLLOWER} - Sending AppendResponse{status=OK, term=1, succeeded=true, lastLogIndex=75}
09:44:41.529 [raft-server-system-partition-1] TRACE i.a.p.raft.roles.LeaderAppender - RaftServer{system-partition-1} - Received AppendResponse{status=OK, term=1, succeeded=true, lastLogIndex=75} from 2
09:44:41.530 [raft-server-system-partition-1] TRACE i.a.p.raft.roles.LeaderAppender - RaftServer{system-partition-1} - Sending AppendRequest{term=1, leader=3, prevLogIndex=75, prevLogTerm=1, entries=0, commitIndex=75} to 2
09:44:41.530 [raft-server-system-partition-1] TRACE i.a.p.raft.roles.FollowerRole - RaftServer{system-partition-1}{role=FOLLOWER} - Received AppendRequest{term=1, leader=3, prevLogIndex=75, prevLogTerm=1, entries=0, commitIndex=75}
09:44:41.530 [raft-server-system-partition-1] TRACE i.a.p.raft.roles.FollowerRole - RaftServer{system-partition-1}{role=FOLLOWER} - Sending AppendResponse{status=OK, term=1, succeeded=true, lastLogIndex=75}
09:44:41.530 [raft-server-system-partition-1] TRACE i.a.p.raft.roles.LeaderAppender - RaftServer{system-partition-1} - Received AppendResponse{status=OK, term=1, succeeded=true, lastLogIndex=75} from 2
09:44:41.621 [raft-server-raft-partition-1] TRACE i.a.p.raft.roles.LeaderAppender - RaftServer{raft-partition-1} - Sending AppendRequest{term=2, leader=2, prevLogIndex=2, prevLogTerm=2, entries=0, commitIndex=2} to 3
09:44:41.622 [raft-server-raft-partition-1] TRACE i.a.p.raft.roles.FollowerRole - RaftServer{raft-partition-1}{role=FOLLOWER} - Received AppendRequest{term=2, leader=2, prevLogIndex=2, prevLogTerm=2, entries=0, commitIndex=2}
09:44:41.622 [raft-server-raft-partition-1] TRACE i.a.p.raft.roles.FollowerRole - RaftServer{raft-partition-1}{role=FOLLOWER} - Sending AppendResponse{status=OK, term=2, succeeded=true, lastLogIndex=2}
09:44:41.622 [raft-server-raft-partition-1] TRACE i.a.p.raft.roles.LeaderAppender - RaftServer{raft-partition-1} - Received AppendResponse{status=OK, term=2, succeeded=true, lastLogIndex=2} from 3
09:44:41.622 [raft-server-raft-partition-1] TRACE i.a.p.raft.roles.LeaderAppender - RaftServer{raft-partition-1} - Sending AppendRequest{term=2, leader=2, prevLogIndex=2, prevLogTerm=2, entries=0, commitIndex=2} to 3
09:44:41.622 [raft-server-raft-partition-1] TRACE i.a.p.raft.roles.FollowerRole - RaftServer{raft-partition-1}{role=FOLLOWER} - Received AppendRequest{term=2, leader=2, prevLogIndex=2, prevLogTerm=2, entries=0, commitIndex=2}
09:44:41.622 [raft-server-raft-partition-1] TRACE i.a.p.raft.roles.FollowerRole - RaftServer{raft-partition-1}{role=FOLLOWER} - Sending AppendResponse{status=OK, term=2, succeeded=true, lastLogIndex=2}
09:44:41.622 [raft-server-raft-partition-1] TRACE i.a.p.raft.roles.LeaderAppender - RaftServer{raft-partition-1} - Received AppendResponse{status=OK, term=2, succeeded=true, lastLogIndex=2} from 3
09:44:41.630 [atomix-data-14] TRACE i.a.p.backup.roles.PrimaryRole - PrimaryRole{data-partition-2}{role=PRIMARY} - Sending BackupRequest{primary=3, term=2, index=2, primitive=PrimitiveDescriptor{name=testBasicCounterMapOperationMap, type=counter-map, backups=2, replication=ASYNCHRONOUS}, operations=[HeartbeatOperation{index=7, timestamp=1528703081629}]} to 2
09:44:41.630 [atomix-data-0] TRACE i.a.p.backup.roles.BackupRole - BackupRole{data-partition-2}{role=BACKUP} - Received BackupRequest{primary=3, term=2, index=2, primitive=PrimitiveDescriptor{name=testBasicCounterMapOperationMap, type=counter-map, backups=2, replication=ASYNCHRONOUS}, operations=[HeartbeatOperation{index=7, timestamp=1528703081629}]}
09:44:41.630 [atomix-data-0] TRACE i.a.p.backup.roles.BackupRole - BackupRole{data-partition-2}{role=BACKUP} - Sending BackupResponse{status=OK}
09:44:41.645 [atomix-data-7] TRACE i.a.p.backup.roles.PrimaryRole - PrimaryRole{data-partition-5}{role=PRIMARY} - Sending BackupRequest{primary=3, term=2, index=2, primitive=PrimitiveDescriptor{name=testBasicCounterMapOperationMap, type=counter-map, backups=2, replication=ASYNCHRONOUS}, operations=[HeartbeatOperation{index=7, timestamp=1528703081640}]} to 2
09:44:41.645 [atomix-data-2] TRACE i.a.p.backup.roles.BackupRole - BackupRole{data-partition-5}{role=BACKUP} - Received BackupRequest{primary=3, term=2, index=2, primitive=PrimitiveDescriptor{name=testBasicCounterMapOperationMap, type=counter-map, backups=2, replication=ASYNCHRONOUS}, operations=[HeartbeatOperation{index=7, timestamp=1528703081640}]}
09:44:41.645 [atomix-data-2] TRACE i.a.p.backup.roles.BackupRole - BackupRole{data-partition-5}{role=BACKUP} - Sending BackupResponse{status=OK}
09:44:41.646 [raft-server-raft-partition-3] TRACE i.a.p.raft.roles.LeaderAppender - RaftServer{raft-partition-3} - Sending AppendRequest{term=2, leader=2, prevLogIndex=2, prevLogTerm=2, entries=0, commitIndex=2} to 3
09:44:41.646 [raft-server-raft-partition-3] TRACE i.a.p.raft.roles.FollowerRole - RaftServer{raft-partition-3}{role=FOLLOWER} - Received AppendRequest{term=2, leader=2, prevLogIndex=2, prevLogTerm=2, entries=0, commitIndex=2}
09:44:41.646 [raft-server-raft-partition-3] TRACE i.a.p.raft.roles.FollowerRole - RaftServer{raft-partition-3}{role=FOLLOWER} - Sending AppendResponse{status=OK, term=2, succeeded=true, lastLogIndex=2}
09:44:41.646 [raft-server-raft-partition-3] TRACE i.a.p.raft.roles.LeaderAppender - RaftServer{raft-partition-3} - Received AppendResponse{status=OK, term=2, succeeded=true, lastLogIndex=2} from 3
09:44:41.646 [raft-server-raft-partition-3] TRACE i.a.p.raft.roles.LeaderAppender - RaftServer{raft-partition-3} - Sending AppendRequest{term=2, leader=2, prevLogIndex=2, prevLogTerm=2, entries=0, commitIndex=2} to 3
09:44:41.646 [raft-server-raft-partition-3] TRACE i.a.p.raft.roles.FollowerRole - RaftServer{raft-partition-3}{role=FOLLOWER} - Received AppendRequest{term=2, leader=2, prevLogIndex=2, prevLogTerm=2, entries=0, commitIndex=2}
09:44:41.647 [raft-server-raft-partition-3] TRACE i.a.p.raft.roles.FollowerRole - RaftServer{raft-partition-3}{role=FOLLOWER} - Sending AppendResponse{status=OK, term=2, succeeded=true, lastLogIndex=2}
09:44:41.647 [raft-server-raft-partition-3] TRACE i.a.p.raft.roles.LeaderAppender - RaftServer{raft-partition-3} - Received AppendResponse{status=OK, term=2, succeeded=true, lastLogIndex=2} from 3
09:44:41.647 [raft-server-raft-partition-3] TRACE i.a.p.raft.roles.LeaderAppender - RaftServer{raft-partition-3} - Sending AppendRequest{term=2, leader=2, prevLogIndex=2, prevLogTerm=2, entries=0, commitIndex=2} to 3
09:44:41.647 [raft-server-raft-partition-3] TRACE i.a.p.raft.roles.FollowerRole - RaftServer{raft-partition-3}{role=FOLLOWER} - Received AppendRequest{term=2, leader=2, prevLogIndex=2, prevLogTerm=2, entries=0, commitIndex=2}
09:44:41.647 [raft-server-raft-partition-3] TRACE i.a.p.raft.roles.FollowerRole - RaftServer{raft-partition-3}{role=FOLLOWER} - Sending AppendResponse{status=OK, term=2, succeeded=true, lastLogIndex=2}
09:44:41.647 [raft-server-raft-partition-3] TRACE i.a.p.raft.roles.LeaderAppender - RaftServer{raft-partition-3} - Received AppendResponse{status=OK, term=2, succeeded=true, lastLogIndex=2} from 3
09:44:41.730 [raft-server-raft-partition-2] TRACE i.a.p.raft.roles.LeaderAppender - RaftServer{raft-partition-2} - Sending AppendRequest{term=1, leader=2, prevLogIndex=1, prevLogTerm=1, entries=0, commitIndex=1} to 3
09:44:41.730 [raft-server-raft-partition-2] TRACE i.a.p.raft.roles.FollowerRole - RaftServer{raft-partition-2}{role=FOLLOWER} - Received AppendRequest{term=1, leader=2, prevLogIndex=1, prevLogTerm=1, entries=0, commitIndex=1}
09:44:41.730 [raft-server-raft-partition-2] TRACE i.a.p.raft.roles.FollowerRole - RaftServer{raft-partition-2}{role=FOLLOWER} - Sending AppendResponse{status=OK, term=1, succeeded=true, lastLogIndex=1}
09:44:41.731 [raft-server-raft-partition-2] TRACE i.a.p.raft.roles.LeaderAppender - RaftServer{raft-partition-2} - Received AppendResponse{status=OK, term=1, succeeded=true, lastLogIndex=1} from 3
09:44:41.731 [raft-server-raft-partition-2] TRACE i.a.p.raft.roles.LeaderAppender - RaftServer{raft-partition-2} - Sending AppendRequest{term=1, leader=2, prevLogIndex=1, prevLogTerm=1, entries=0, commitIndex=1} to 3
09:44:41.731 [raft-server-raft-partition-2] TRACE i.a.p.raft.roles.FollowerRole - RaftServer{raft-partition-2}{role=FOLLOWER} - Received AppendRequest{term=1, leader=2, prevLogIndex=1, prevLogTerm=1, entries=0, commitIndex=1}
09:44:41.731 [raft-server-raft-partition-2] TRACE i.a.p.raft.roles.FollowerRole - RaftServer{raft-partition-2}{role=FOLLOWER} - Sending AppendResponse{status=OK, term=1, succeeded=true, lastLogIndex=1}
09:44:41.731 [raft-server-raft-partition-2] TRACE i.a.p.raft.roles.LeaderAppender - RaftServer{raft-partition-2} - Received AppendResponse{status=OK, term=1, succeeded=true, lastLogIndex=1} from 3
09:44:41.757 [netty-messaging-event-epoll-client-14] WARN  i.a.c.m.impl.NettyMessagingService - Unable to dispatch message due to Task java.util.concurrent.ScheduledThreadPoolExecutor$ScheduledFutureTask@4aec1259 rejected from java.util.concurrent.ScheduledThreadPoolExecutor@5c6941e[Terminated, pool size = 0, active threads = 0, queued tasks = 0, completed tasks = 4]
09:44:41.757 [netty-messaging-event-epoll-client-4] WARN  i.a.c.m.impl.NettyMessagingService - Unable to dispatch message due to Task java.util.concurrent.ScheduledThreadPoolExecutor$ScheduledFutureTask@4364315f rejected from java.util.concurrent.ScheduledThreadPoolExecutor@5c6941e[Terminated, pool size = 0, active threads = 0, queued tasks = 0, completed tasks = 4]
09:44:41.779 [raft-server-system-partition-1] TRACE i.a.p.raft.roles.LeaderAppender - RaftServer{system-partition-1} - Sending AppendRequest{term=1, leader=3, prevLogIndex=75, prevLogTerm=1, entries=0, commitIndex=75} to 2
09:44:41.779 [raft-server-system-partition-1] TRACE i.a.p.raft.roles.FollowerRole - RaftServer{system-partition-1}{role=FOLLOWER} - Received AppendRequest{term=1, leader=3, prevLogIndex=75, prevLogTerm=1, entries=0, commitIndex=75}
09:44:41.779 [raft-server-system-partition-1] TRACE i.a.p.raft.roles.FollowerRole - RaftServer{system-partition-1}{role=FOLLOWER} - Sending AppendResponse{status=OK, term=1, succeeded=true, lastLogIndex=75}
09:44:41.779 [raft-server-system-partition-1] TRACE i.a.p.raft.roles.LeaderAppender - RaftServer{system-partition-1} - Received AppendResponse{status=OK, term=1, succeeded=true, lastLogIndex=75} from 2
09:44:41.779 [raft-server-system-partition-1] TRACE i.a.p.raft.roles.LeaderAppender - RaftServer{system-partition-1} - Sending AppendRequest{term=1, leader=3, prevLogIndex=75, prevLogTerm=1, entries=0, commitIndex=75} to 2
09:44:41.780 [raft-server-system-partition-1] TRACE i.a.p.raft.roles.FollowerRole - RaftServer{system-partition-1}{role=FOLLOWER} - Received AppendRequest{term=1, leader=3, prevLogIndex=75, prevLogTerm=1, entries=0, commitIndex=75}
09:44:41.780 [raft-server-system-partition-1] TRACE i.a.p.raft.roles.FollowerRole - RaftServer{system-partition-1}{role=FOLLOWER} - Sending AppendResponse{status=OK, term=1, succeeded=true, lastLogIndex=75}
09:44:41.780 [raft-server-system-partition-1] TRACE i.a.p.raft.roles.LeaderAppender - RaftServer{system-partition-1} - Received AppendResponse{status=OK, term=1, succeeded=true, lastLogIndex=75} from 2
09:44:41.780 [raft-server-system-partition-1] TRACE i.a.p.raft.roles.LeaderAppender - RaftServer{system-partition-1} - Sending AppendRequest{term=1, leader=3, prevLogIndex=75, prevLogTerm=1, entries=0, commitIndex=75} to 2
09:44:41.780 [raft-server-system-partition-1] TRACE i.a.p.raft.roles.FollowerRole - RaftServer{system-partition-1}{role=FOLLOWER} - Received AppendRequest{term=1, leader=3, prevLogIndex=75, prevLogTerm=1, entries=0, commitIndex=75}
09:44:41.780 [raft-server-system-partition-1] TRACE i.a.p.raft.roles.FollowerRole - RaftServer{system-partition-1}{role=FOLLOWER} - Sending AppendResponse{status=OK, term=1, succeeded=true, lastLogIndex=75}
09:44:41.780 [raft-server-system-partition-1] TRACE i.a.p.raft.roles.LeaderAppender - RaftServer{system-partition-1} - Received AppendResponse{status=OK, term=1, succeeded=true, lastLogIndex=75} from 2
09:44:41.871 [raft-server-raft-partition-1] TRACE i.a.p.raft.roles.LeaderAppender - RaftServer{raft-partition-1} - Sending AppendRequest{term=2, leader=2, prevLogIndex=2, prevLogTerm=2, entries=0, commitIndex=2} to 3
09:44:41.872 [raft-server-raft-partition-1] TRACE i.a.p.raft.roles.FollowerRole - RaftServer{raft-partition-1}{role=FOLLOWER} - Received AppendRequest{term=2, leader=2, prevLogIndex=2, prevLogTerm=2, entries=0, commitIndex=2}
09:44:41.872 [raft-server-raft-partition-1] TRACE i.a.p.raft.roles.FollowerRole - RaftServer{raft-partition-1}{role=FOLLOWER} - Sending AppendResponse{status=OK, term=2, succeeded=true, lastLogIndex=2}
09:44:41.872 [raft-server-raft-partition-1] TRACE i.a.p.raft.roles.LeaderAppender - RaftServer{raft-partition-1} - Received AppendResponse{status=OK, term=2, succeeded=true, lastLogIndex=2} from 3
09:44:41.872 [raft-server-raft-partition-1] TRACE i.a.p.raft.roles.LeaderAppender - RaftServer{raft-partition-1} - Sending AppendRequest{term=2, leader=2, prevLogIndex=2, prevLogTerm=2, entries=0, commitIndex=2} to 3
09:44:41.872 [raft-server-raft-partition-1] TRACE i.a.p.raft.roles.FollowerRole - RaftServer{raft-partition-1}{role=FOLLOWER} - Received AppendRequest{term=2, leader=2, prevLogIndex=2, prevLogTerm=2, entries=0, commitIndex=2}
09:44:41.872 [raft-server-raft-partition-1] TRACE i.a.p.raft.roles.FollowerRole - RaftServer{raft-partition-1}{role=FOLLOWER} - Sending AppendResponse{status=OK, term=2, succeeded=true, lastLogIndex=2}
09:44:41.873 [raft-server-raft-partition-1] TRACE i.a.p.raft.roles.LeaderAppender - RaftServer{raft-partition-1} - Received AppendResponse{status=OK, term=2, succeeded=true, lastLogIndex=2} from 3
09:44:41.896 [raft-server-raft-partition-3] TRACE i.a.p.raft.roles.LeaderAppender - RaftServer{raft-partition-3} - Sending AppendRequest{term=2, leader=2, prevLogIndex=2, prevLogTerm=2, entries=0, commitIndex=2} to 3
09:44:41.896 [raft-server-raft-partition-3] TRACE i.a.p.raft.roles.FollowerRole - RaftServer{raft-partition-3}{role=FOLLOWER} - Received AppendRequest{term=2, leader=2, prevLogIndex=2, prevLogTerm=2, entries=0, commitIndex=2}
09:44:41.896 [raft-server-raft-partition-3] TRACE i.a.p.raft.roles.FollowerRole - RaftServer{raft-partition-3}{role=FOLLOWER} - Sending AppendResponse{status=OK, term=2, succeeded=true, lastLogIndex=2}
09:44:41.897 [raft-server-raft-partition-3] TRACE i.a.p.raft.roles.LeaderAppender - RaftServer{raft-partition-3} - Received AppendResponse{status=OK, term=2, succeeded=true, lastLogIndex=2} from 3
09:44:41.897 [raft-server-raft-partition-3] TRACE i.a.p.raft.roles.LeaderAppender - RaftServer{raft-partition-3} - Sending AppendRequest{term=2, leader=2, prevLogIndex=2, prevLogTerm=2, entries=0, commitIndex=2} to 3
09:44:41.897 [raft-server-raft-partition-3] TRACE i.a.p.raft.roles.FollowerRole - RaftServer{raft-partition-3}{role=FOLLOWER} - Received AppendRequest{term=2, leader=2, prevLogIndex=2, prevLogTerm=2, entries=0, commitIndex=2}
09:44:41.897 [raft-server-raft-partition-3] TRACE i.a.p.raft.roles.FollowerRole - RaftServer{raft-partition-3}{role=FOLLOWER} - Sending AppendResponse{status=OK, term=2, succeeded=true, lastLogIndex=2}
09:44:41.897 [raft-server-raft-partition-3] TRACE i.a.p.raft.roles.LeaderAppender - RaftServer{raft-partition-3} - Received AppendResponse{status=OK, term=2, succeeded=true, lastLogIndex=2} from 3
09:44:41.923 [raft-server-raft-partition-3] TRACE i.a.p.raft.storage.system.MetaStore - Store vote null
09:44:41.952 [raft-server-raft-partition-3] DEBUG i.a.p.raft.roles.FollowerRole - RaftServer{raft-partition-3}{role=FOLLOWER} - Heartbeat timed out in PT4.943S
09:44:41.952 [raft-server-raft-partition-3] DEBUG i.a.p.raft.roles.FollowerRole - RaftServer{raft-partition-3}{role=FOLLOWER} - Polling members [DefaultRaftMember{id=2, type=ACTIVE, updated=2018-06-11T07:44:29.748Z}, DefaultRaftMember{id=1, type=ACTIVE, updated=2018-06-11T07:44:29.748Z}]
09:44:41.952 [raft-server-raft-partition-3] DEBUG i.a.p.raft.roles.FollowerRole - RaftServer{raft-partition-3}{role=FOLLOWER} - Polling DefaultRaftMember{id=2, type=ACTIVE, updated=2018-06-11T07:44:29.748Z} for next term 3
09:44:41.953 [raft-server-raft-partition-3] DEBUG i.a.p.raft.roles.FollowerRole - RaftServer{raft-partition-3}{role=FOLLOWER} - Polling DefaultRaftMember{id=1, type=ACTIVE, updated=2018-06-11T07:44:29.748Z} for next term 3
09:44:41.953 [raft-server-raft-partition-3] WARN  i.a.p.raft.roles.FollowerRole - RaftServer{raft-partition-3}{role=FOLLOWER} - java.net.ConnectException
09:44:41.953 [raft-server-raft-partition-3] TRACE i.a.protocols.raft.roles.LeaderRole - RaftServer{raft-partition-3}{role=LEADER} - Received PollRequest{term=2, candidate=3, lastLogIndex=2, lastLogTerm=2}
09:44:41.953 [raft-server-raft-partition-3] TRACE i.a.protocols.raft.roles.LeaderRole - RaftServer{raft-partition-3}{role=LEADER} - Sending PollResponse{status=OK, term=2, accepted=false}
09:44:41.954 [raft-server-raft-partition-3] DEBUG i.a.p.raft.roles.FollowerRole - RaftServer{raft-partition-3}{role=FOLLOWER} - Received rejected poll from DefaultRaftMember{id=2, type=ACTIVE, updated=2018-06-11T07:44:29.748Z}
09:44:41.967 [raft-server-raft-partition-1] TRACE i.a.p.raft.storage.system.MetaStore - Store vote null
09:44:41.980 [raft-server-raft-partition-2] TRACE i.a.p.raft.roles.LeaderAppender - RaftServer{raft-partition-2} - Sending AppendRequest{term=1, leader=2, prevLogIndex=1, prevLogTerm=1, entries=0, commitIndex=1} to 3
09:44:41.980 [raft-server-raft-partition-2] TRACE i.a.p.raft.roles.FollowerRole - RaftServer{raft-partition-2}{role=FOLLOWER} - Received AppendRequest{term=1, leader=2, prevLogIndex=1, prevLogTerm=1, entries=0, commitIndex=1}
09:44:41.980 [raft-server-raft-partition-2] TRACE i.a.p.raft.roles.FollowerRole - RaftServer{raft-partition-2}{role=FOLLOWER} - Sending AppendResponse{status=OK, term=1, succeeded=true, lastLogIndex=1}
09:44:41.981 [raft-server-raft-partition-2] TRACE i.a.p.raft.roles.LeaderAppender - RaftServer{raft-partition-2} - Received AppendResponse{status=OK, term=1, succeeded=true, lastLogIndex=1} from 3
09:44:41.981 [raft-server-raft-partition-2] TRACE i.a.p.raft.roles.LeaderAppender - RaftServer{raft-partition-2} - Sending AppendRequest{term=1, leader=2, prevLogIndex=1, prevLogTerm=1, entries=0, commitIndex=1} to 3
09:44:41.981 [raft-server-raft-partition-2] TRACE i.a.p.raft.roles.FollowerRole - RaftServer{raft-partition-2}{role=FOLLOWER} - Received AppendRequest{term=1, leader=2, prevLogIndex=1, prevLogTerm=1, entries=0, commitIndex=1}
09:44:41.981 [raft-server-raft-partition-2] TRACE i.a.p.raft.roles.FollowerRole - RaftServer{raft-partition-2}{role=FOLLOWER} - Sending AppendResponse{status=OK, term=1, succeeded=true, lastLogIndex=1}
09:44:41.981 [raft-server-raft-partition-2] TRACE i.a.p.raft.roles.LeaderAppender - RaftServer{raft-partition-2} - Received AppendResponse{status=OK, term=1, succeeded=true, lastLogIndex=1} from 3
09:44:41.994 [raft-server-raft-partition-1] DEBUG i.a.p.raft.roles.FollowerRole - RaftServer{raft-partition-1}{role=FOLLOWER} - Heartbeat timed out in PT4.886S
09:44:41.994 [raft-server-raft-partition-1] DEBUG i.a.p.raft.roles.FollowerRole - RaftServer{raft-partition-1}{role=FOLLOWER} - Polling members [DefaultRaftMember{id=2, type=ACTIVE, updated=2018-06-11T07:44:29.544Z}, DefaultRaftMember{id=1, type=ACTIVE, updated=2018-06-11T07:44:29.544Z}]
09:44:41.994 [raft-server-raft-partition-1] DEBUG i.a.p.raft.roles.FollowerRole - RaftServer{raft-partition-1}{role=FOLLOWER} - Polling DefaultRaftMember{id=2, type=ACTIVE, updated=2018-06-11T07:44:29.544Z} for next term 3
09:44:41.994 [raft-server-raft-partition-1] DEBUG i.a.p.raft.roles.FollowerRole - RaftServer{raft-partition-1}{role=FOLLOWER} - Polling DefaultRaftMember{id=1, type=ACTIVE, updated=2018-06-11T07:44:29.544Z} for next term 3
09:44:41.994 [raft-server-raft-partition-1] WARN  i.a.p.raft.roles.FollowerRole - RaftServer{raft-partition-1}{role=FOLLOWER} - java.net.ConnectException
09:44:41.994 [raft-server-raft-partition-1] TRACE i.a.protocols.raft.roles.LeaderRole - RaftServer{raft-partition-1}{role=LEADER} - Received PollRequest{term=2, candidate=3, lastLogIndex=2, lastLogTerm=2}
09:44:41.994 [raft-server-raft-partition-1] TRACE i.a.protocols.raft.roles.LeaderRole - RaftServer{raft-partition-1}{role=LEADER} - Sending PollResponse{status=OK, term=2, accepted=false}
09:44:41.995 [raft-server-raft-partition-1] DEBUG i.a.p.raft.roles.FollowerRole - RaftServer{raft-partition-1}{role=FOLLOWER} - Received rejected poll from DefaultRaftMember{id=2, type=ACTIVE, updated=2018-06-11T07:44:29.544Z}
09:44:42.029 [raft-server-system-partition-1] TRACE i.a.p.raft.roles.LeaderAppender - RaftServer{system-partition-1} - Sending AppendRequest{term=1, leader=3, prevLogIndex=75, prevLogTerm=1, entries=0, commitIndex=75} to 2
09:44:42.029 [raft-server-system-partition-1] TRACE i.a.p.raft.roles.FollowerRole - RaftServer{system-partition-1}{role=FOLLOWER} - Received AppendRequest{term=1, leader=3, prevLogIndex=75, prevLogTerm=1, entries=0, commitIndex=75}
09:44:42.029 [raft-server-system-partition-1] TRACE i.a.p.raft.roles.FollowerRole - RaftServer{system-partition-1}{role=FOLLOWER} - Sending AppendResponse{status=OK, term=1, succeeded=true, lastLogIndex=75}
09:44:42.030 [raft-server-system-partition-1] TRACE i.a.p.raft.roles.LeaderAppender - RaftServer{system-partition-1} - Received AppendResponse{status=OK, term=1, succeeded=true, lastLogIndex=75} from 2
09:44:42.030 [raft-server-system-partition-1] TRACE i.a.p.raft.roles.LeaderAppender - RaftServer{system-partition-1} - Sending AppendRequest{term=1, leader=3, prevLogIndex=75, prevLogTerm=1, entries=0, commitIndex=75} to 2
09:44:42.030 [raft-server-system-partition-1] TRACE i.a.p.raft.roles.FollowerRole - RaftServer{system-partition-1}{role=FOLLOWER} - Received AppendRequest{term=1, leader=3, prevLogIndex=75, prevLogTerm=1, entries=0, commitIndex=75}
09:44:42.030 [raft-server-system-partition-1] TRACE i.a.p.raft.roles.FollowerRole - RaftServer{system-partition-1}{role=FOLLOWER} - Sending AppendResponse{status=OK, term=1, succeeded=true, lastLogIndex=75}
09:44:42.030 [raft-server-system-partition-1] TRACE i.a.p.raft.roles.LeaderAppender - RaftServer{system-partition-1} - Received AppendResponse{status=OK, term=1, succeeded=true, lastLogIndex=75} from 2
09:44:42.121 [raft-server-raft-partition-1] TRACE i.a.p.raft.roles.LeaderAppender - RaftServer{raft-partition-1} - Sending AppendRequest{term=2, leader=2, prevLogIndex=2, prevLogTerm=2, entries=0, commitIndex=2} to 3
09:44:42.122 [raft-server-raft-partition-1] TRACE i.a.p.raft.roles.FollowerRole - RaftServer{raft-partition-1}{role=FOLLOWER} - Received AppendRequest{term=2, leader=2, prevLogIndex=2, prevLogTerm=2, entries=0, commitIndex=2}
09:44:42.122 [raft-server-raft-partition-1] INFO  i.a.protocols.raft.impl.RaftContext - RaftServer{raft-partition-1} - Found leader 2
09:44:42.122 [raft-server-raft-partition-1] TRACE i.a.p.raft.storage.system.MetaStore - Store vote null
09:44:42.146 [raft-server-raft-partition-3] TRACE i.a.p.raft.roles.LeaderAppender - RaftServer{raft-partition-3} - Sending AppendRequest{term=2, leader=2, prevLogIndex=2, prevLogTerm=2, entries=0, commitIndex=2} to 3
09:44:42.146 [raft-server-raft-partition-3] TRACE i.a.p.raft.roles.FollowerRole - RaftServer{raft-partition-3}{role=FOLLOWER} - Received AppendRequest{term=2, leader=2, prevLogIndex=2, prevLogTerm=2, entries=0, commitIndex=2}
09:44:42.146 [raft-server-raft-partition-3] INFO  i.a.protocols.raft.impl.RaftContext - RaftServer{raft-partition-3} - Found leader 2
09:44:42.146 [raft-server-raft-partition-3] TRACE i.a.p.raft.storage.system.MetaStore - Store vote null
09:44:42.152 [raft-server-raft-partition-1] TRACE i.a.p.raft.roles.FollowerRole - RaftServer{raft-partition-1}{role=FOLLOWER} - Sending AppendResponse{status=OK, term=2, succeeded=true, lastLogIndex=2}
09:44:42.153 [raft-server-raft-partition-1] TRACE i.a.p.raft.roles.LeaderAppender - RaftServer{raft-partition-1} - Received AppendResponse{status=OK, term=2, succeeded=true, lastLogIndex=2} from 3
09:44:42.153 [raft-server-raft-partition-1] TRACE i.a.p.raft.roles.LeaderAppender - RaftServer{raft-partition-1} - Sending AppendRequest{term=2, leader=2, prevLogIndex=2, prevLogTerm=2, entries=0, commitIndex=2} to 3
09:44:42.153 [raft-server-raft-partition-1] TRACE i.a.p.raft.roles.FollowerRole - RaftServer{raft-partition-1}{role=FOLLOWER} - Received AppendRequest{term=2, leader=2, prevLogIndex=2, prevLogTerm=2, entries=0, commitIndex=2}
09:44:42.153 [raft-server-raft-partition-1] TRACE i.a.p.raft.roles.FollowerRole - RaftServer{raft-partition-1}{role=FOLLOWER} - Sending AppendResponse{status=OK, term=2, succeeded=true, lastLogIndex=2}
09:44:42.153 [raft-server-raft-partition-1] TRACE i.a.p.raft.roles.LeaderAppender - RaftServer{raft-partition-1} - Received AppendResponse{status=OK, term=2, succeeded=true, lastLogIndex=2} from 3
09:44:42.174 [raft-client-system-partition-1-7] DEBUG i.a.p.r.s.impl.RaftSessionConnection - RaftClient{system-partition-1} - CloseSessionRequest{session=46} failed! Reason: {}
java.util.concurrent.TimeoutException: Request timed out in 5043 milliseconds
	at io.atomix.cluster.messaging.impl.NettyMessagingService$AbstractClientConnection.timeoutCallbacks(NettyMessagingService.java:917) ~[classes/:na]
	at io.atomix.cluster.messaging.impl.NettyMessagingService.timeoutAllCallbacks(NettyMessagingService.java:338) ~[classes/:na]
	at java.util.concurrent.Executors$RunnableAdapter.call(Executors.java:511) ~[na:1.8.0_121]
	at java.util.concurrent.FutureTask.runAndReset(FutureTask.java:308) ~[na:1.8.0_121]
	at java.util.concurrent.ScheduledThreadPoolExecutor$ScheduledFutureTask.access$301(ScheduledThreadPoolExecutor.java:180) ~[na:1.8.0_121]
	at java.util.concurrent.ScheduledThreadPoolExecutor$ScheduledFutureTask.run(ScheduledThreadPoolExecutor.java:294) ~[na:1.8.0_121]
	at java.util.concurrent.ThreadPoolExecutor.runWorker(ThreadPoolExecutor.java:1142) ~[na:1.8.0_121]
	at java.util.concurrent.ThreadPoolExecutor$Worker.run(ThreadPoolExecutor.java:617) ~[na:1.8.0_121]
	at java.lang.Thread.run(Thread.java:745) ~[na:1.8.0_121]
09:44:42.174 [raft-client-system-partition-1-7] TRACE i.a.p.r.s.impl.RaftSessionConnection - RaftClient{system-partition-1} - Resetting connection. Reason: Request timed out in 5043 milliseconds
09:44:42.174 [raft-client-system-partition-1-7] TRACE i.a.p.r.s.impl.RaftSessionConnection - RaftClient{system-partition-1} - Sending CloseSessionRequest{session=46} to 3
09:44:42.175 [raft-server-system-partition-1] TRACE i.a.protocols.raft.roles.LeaderRole - RaftServer{system-partition-1}{role=LEADER} - Received CloseSessionRequest{session=46}
09:44:42.175 [raft-server-system-partition-1] TRACE i.a.protocols.raft.roles.LeaderRole - RaftServer{system-partition-1}{role=LEADER} - Appended Indexed{index=76, entry=CloseSessionEntry{term=1, timestamp=2018-06-11 09:44:42,175, session=46, expired=false}}
09:44:42.175 [raft-server-system-partition-1] TRACE i.a.p.raft.roles.LeaderAppender - RaftServer{system-partition-1} - Sending AppendRequest{term=1, leader=3, prevLogIndex=75, prevLogTerm=1, entries=1, commitIndex=75} to 2
09:44:42.176 [raft-server-system-partition-1] TRACE i.a.p.raft.roles.FollowerRole - RaftServer{system-partition-1}{role=FOLLOWER} - Received AppendRequest{term=1, leader=3, prevLogIndex=75, prevLogTerm=1, entries=1, commitIndex=75}
09:44:42.176 [raft-server-system-partition-1] TRACE i.a.p.raft.roles.FollowerRole - RaftServer{system-partition-1}{role=FOLLOWER} - Appended Indexed{index=76, entry=CloseSessionEntry{term=1, timestamp=2018-06-11 09:44:42,175, session=46, expired=false}}
09:44:42.176 [raft-server-system-partition-1] TRACE i.a.p.raft.roles.FollowerRole - RaftServer{system-partition-1}{role=FOLLOWER} - Sending AppendResponse{status=OK, term=1, succeeded=true, lastLogIndex=76}
09:44:42.176 [raft-server-system-partition-1] TRACE i.a.p.raft.roles.LeaderAppender - RaftServer{system-partition-1} - Received AppendResponse{status=OK, term=1, succeeded=true, lastLogIndex=76} from 2
09:44:42.176 [raft-server-system-partition-1] TRACE i.a.p.raft.roles.LeaderAppender - RaftServer{system-partition-1} - Committed entries up to 76
09:44:42.177 [raft-server-raft-partition-3] TRACE i.a.p.raft.roles.FollowerRole - RaftServer{raft-partition-3}{role=FOLLOWER} - Sending AppendResponse{status=OK, term=2, succeeded=true, lastLogIndex=2}
09:44:42.178 [raft-server-raft-partition-3] TRACE i.a.p.raft.roles.LeaderAppender - RaftServer{raft-partition-3} - Received AppendResponse{status=OK, term=2, succeeded=true, lastLogIndex=2} from 3
09:44:42.178 [raft-server-raft-partition-3] TRACE i.a.p.raft.roles.LeaderAppender - RaftServer{raft-partition-3} - Sending AppendRequest{term=2, leader=2, prevLogIndex=2, prevLogTerm=2, entries=0, commitIndex=2} to 3
09:44:42.178 [raft-server-raft-partition-3] TRACE i.a.p.raft.roles.FollowerRole - RaftServer{raft-partition-3}{role=FOLLOWER} - Received AppendRequest{term=2, leader=2, prevLogIndex=2, prevLogTerm=2, entries=0, commitIndex=2}
09:44:42.178 [raft-server-raft-partition-3] TRACE i.a.p.raft.roles.FollowerRole - RaftServer{raft-partition-3}{role=FOLLOWER} - Sending AppendResponse{status=OK, term=2, succeeded=true, lastLogIndex=2}
09:44:42.179 [raft-server-raft-partition-3] TRACE i.a.p.raft.roles.LeaderAppender - RaftServer{raft-partition-3} - Received AppendResponse{status=OK, term=2, succeeded=true, lastLogIndex=2} from 3
09:44:42.179 [raft-client-system-partition-1-7] DEBUG i.a.p.r.s.impl.RaftSessionConnection - RaftClient{system-partition-1} - CloseSessionRequest{session=48} failed! Reason: {}
java.util.concurrent.TimeoutException: Request timed out in 5048 milliseconds
	at io.atomix.cluster.messaging.impl.NettyMessagingService$AbstractClientConnection.timeoutCallbacks(NettyMessagingService.java:917) ~[classes/:na]
	at io.atomix.cluster.messaging.impl.NettyMessagingService.timeoutAllCallbacks(NettyMessagingService.java:338) ~[classes/:na]
	at java.util.concurrent.Executors$RunnableAdapter.call(Executors.java:511) ~[na:1.8.0_121]
	at java.util.concurrent.FutureTask.runAndReset(FutureTask.java:308) ~[na:1.8.0_121]
	at java.util.concurrent.ScheduledThreadPoolExecutor$ScheduledFutureTask.access$301(ScheduledThreadPoolExecutor.java:180) ~[na:1.8.0_121]
	at java.util.concurrent.ScheduledThreadPoolExecutor$ScheduledFutureTask.run(ScheduledThreadPoolExecutor.java:294) ~[na:1.8.0_121]
	at java.util.concurrent.ThreadPoolExecutor.runWorker(ThreadPoolExecutor.java:1142) ~[na:1.8.0_121]
	at java.util.concurrent.ThreadPoolExecutor$Worker.run(ThreadPoolExecutor.java:617) ~[na:1.8.0_121]
	at java.lang.Thread.run(Thread.java:745) ~[na:1.8.0_121]
09:44:42.179 [raft-client-system-partition-1-7] TRACE i.a.p.r.s.impl.RaftSessionConnection - RaftClient{system-partition-1} - Resetting connection. Reason: Request timed out in 5048 milliseconds
09:44:42.179 [raft-client-system-partition-1-7] TRACE i.a.p.r.s.impl.RaftSessionConnection - RaftClient{system-partition-1} - Sending CloseSessionRequest{session=48} to 3
09:44:42.202 [raft-server-system-partition-1] TRACE i.a.protocols.raft.roles.LeaderRole - RaftServer{system-partition-1}{role=LEADER} - Received CloseSessionRequest{session=48}
09:44:42.202 [raft-server-system-partition-1] TRACE i.a.protocols.raft.roles.LeaderRole - RaftServer{system-partition-1}{role=LEADER} - Appended Indexed{index=77, entry=CloseSessionEntry{term=1, timestamp=2018-06-11 09:44:42,202, session=48, expired=false}}
09:44:42.203 [raft-server-system-partition-1] TRACE i.a.p.raft.roles.LeaderAppender - RaftServer{system-partition-1} - Sending AppendRequest{term=1, leader=3, prevLogIndex=76, prevLogTerm=1, entries=1, commitIndex=76} to 2
09:44:42.203 [raft-server-system-partition-1-state] TRACE i.a.p.raft.impl.RaftServiceManager - RaftServer{system-partition-1} - Applying Indexed{index=76, entry=CloseSessionEntry{term=1, timestamp=2018-06-11 09:44:42,175, session=46, expired=false}}
09:44:42.203 [raft-server-system-partition-1] TRACE i.a.p.raft.roles.FollowerRole - RaftServer{system-partition-1}{role=FOLLOWER} - Received AppendRequest{term=1, leader=3, prevLogIndex=76, prevLogTerm=1, entries=1, commitIndex=76}
09:44:42.203 [raft-server-system-partition-1-state] TRACE i.a.protocols.raft.roles.LeaderRole - RaftServer{system-partition-1}{role=LEADER} - Sending CloseSessionResponse{status=ERROR, error=RaftError{type=UNKNOWN_SESSION, message=Unknown session: 46}}
09:44:42.203 [raft-server-system-partition-1] TRACE i.a.p.raft.roles.FollowerRole - RaftServer{system-partition-1}{role=FOLLOWER} - Appended Indexed{index=77, entry=CloseSessionEntry{term=1, timestamp=2018-06-11 09:44:42,202, session=48, expired=false}}
09:44:42.203 [raft-client-system-partition-1-0] TRACE i.a.p.r.s.impl.RaftSessionConnection - RaftClient{system-partition-1} - Received CloseSessionResponse{status=ERROR, error=RaftError{type=UNKNOWN_SESSION, message=Unknown session: 46}} from 3
09:44:42.204 [raft-client-system-partition-1-5] INFO  i.a.core.impl.CorePrimitivesService - Stopped
09:44:42.206 [raft-server-system-partition-1] INFO  i.a.protocols.raft.impl.RaftContext - RaftServer{system-partition-1} - Transitioning to INACTIVE
09:44:42.206 [raft-server-system-partition-1] TRACE i.a.protocols.raft.roles.LeaderRole - RaftServer{system-partition-1}{role=LEADER} - Sending CloseSessionResponse{status=ERROR, error=RaftError{type=ILLEGAL_MEMBER_STATE, message=null}}
09:44:42.207 [raft-server-system-partition-1] TRACE i.a.protocols.raft.roles.LeaderRole - RaftServer{system-partition-1}{role=LEADER} - Cancelling append timer
09:44:42.207 [raft-server-raft-partition-2] INFO  i.a.protocols.raft.impl.RaftContext - RaftServer{raft-partition-2} - Transitioning to INACTIVE
09:44:42.207 [raft-server-system-partition-1] TRACE i.a.p.raft.storage.system.MetaStore - Store vote null
09:44:42.209 [raft-server-raft-partition-2] TRACE i.a.p.raft.roles.FollowerRole - RaftServer{raft-partition-2}{role=FOLLOWER} - Cancelling heartbeat timer
09:44:42.209 [raft-server-raft-partition-1] INFO  i.a.protocols.raft.impl.RaftContext - RaftServer{raft-partition-1} - Transitioning to INACTIVE
09:44:42.210 [raft-server-raft-partition-1] TRACE i.a.p.raft.roles.FollowerRole - RaftServer{raft-partition-1}{role=FOLLOWER} - Cancelling heartbeat timer
09:44:42.210 [atomix-data-15] INFO  i.a.p.b.p.PrimaryBackupPartitionGroup - Stopped
09:44:42.213 [raft-server-raft-partition-3] INFO  i.a.protocols.raft.impl.RaftContext - RaftServer{raft-partition-3} - Transitioning to INACTIVE
09:44:42.213 [raft-server-raft-partition-3] TRACE i.a.p.raft.roles.FollowerRole - RaftServer{raft-partition-3}{role=FOLLOWER} - Cancelling heartbeat timer
09:44:42.215 [ForkJoinPool.commonPool-worker-1] INFO  i.a.p.r.partition.RaftPartitionGroup - Stopped
09:44:42.216 [raft-client-system-partition-1-3] TRACE i.a.p.r.s.impl.RaftSessionConnection - RaftClient{system-partition-1} - Received CloseSessionResponse{status=ERROR, error=RaftError{type=ILLEGAL_MEMBER_STATE, message=null}} from 3
09:44:42.216 [raft-client-system-partition-1-3] TRACE i.a.p.r.s.impl.RaftSessionConnection - RaftClient{system-partition-1} - Resetting connection. Reason: Illegal member state
09:44:42.216 [raft-client-system-partition-1-3] TRACE i.a.p.r.s.impl.RaftSessionConnection - RaftClient{system-partition-1} - Sending CloseSessionRequest{session=48} to 1
09:44:42.216 [raft-client-system-partition-1-3] DEBUG i.a.p.r.s.impl.RaftSessionConnection - RaftClient{system-partition-1} - CloseSessionRequest{session=48} failed! Reason: {}
java.net.ConnectException: null
09:44:42.216 [raft-client-system-partition-1-3] TRACE i.a.p.r.s.impl.RaftSessionConnection - RaftClient{system-partition-1} - Resetting connection. Reason: null
09:44:42.216 [raft-client-system-partition-1-3] TRACE i.a.p.r.s.impl.RaftSessionConnection - RaftClient{system-partition-1} - Sending CloseSessionRequest{session=48} to 3
09:44:42.227 [raft-server-system-partition-1] TRACE i.a.p.raft.roles.FollowerRole - RaftServer{system-partition-1}{role=FOLLOWER} - Committed entries up to index 76
09:44:42.227 [raft-server-system-partition-1] TRACE i.a.p.raft.roles.FollowerRole - RaftServer{system-partition-1}{role=FOLLOWER} - Sending AppendResponse{status=OK, term=1, succeeded=true, lastLogIndex=77}
09:44:42.227 [raft-server-system-partition-1-state] TRACE i.a.p.raft.impl.RaftServiceManager - RaftServer{system-partition-1} - Applying Indexed{index=76, entry=CloseSessionEntry{term=1, timestamp=2018-06-11 09:44:42,175, session=46, expired=false}}
09:44:42.230 [raft-server-raft-partition-2] TRACE i.a.p.raft.roles.LeaderAppender - RaftServer{raft-partition-2} - Sending AppendRequest{term=1, leader=2, prevLogIndex=1, prevLogTerm=1, entries=0, commitIndex=1} to 3
09:44:42.231 [raft-server-raft-partition-2] DEBUG i.a.p.raft.roles.LeaderAppender - RaftServer{raft-partition-2} - AppendRequest{term=1, leader=2, prevLogIndex=1, prevLogTerm=1, entries=0, commitIndex=1} to 3 failed: io.atomix.cluster.messaging.MessagingException$NoRemoteHandler: No remote message handler registered for this message
09:44:42.252 [raft-server-system-partition-1] TRACE i.a.p.raft.roles.InactiveRole - RaftServer{system-partition-1}{role=INACTIVE} - Received CloseSessionRequest{session=48}
09:44:42.252 [raft-server-system-partition-1] TRACE i.a.p.raft.roles.InactiveRole - RaftServer{system-partition-1}{role=INACTIVE} - Sending CloseSessionResponse{status=ERROR, error=RaftError{type=UNAVAILABLE, message=null}}
09:44:42.253 [ForkJoinPool.commonPool-worker-1] INFO  i.a.p.r.partition.RaftPartitionGroup - Stopped
09:44:42.253 [ForkJoinPool.commonPool-worker-1] INFO  i.a.p.p.i.DefaultPartitionGroupMembershipService - Stopped
09:44:42.253 [ForkJoinPool.commonPool-worker-1] INFO  i.a.p.p.impl.DefaultPartitionService - Stopped
09:44:42.253 [atomix-0] INFO  i.a.c.m.i.DefaultClusterCommunicationService - Stopped
09:44:42.253 [atomix-cluster-0] INFO  i.a.c.m.i.DefaultClusterEventService - Stopped
09:44:42.253 [atomix-cluster-0] INFO  i.a.c.i.DefaultClusterMembershipService - 3 - Member deactivated: StatefulMember{id=3, address=localhost:5003, metadata={}}
09:44:42.253 [atomix-cluster-0] INFO  i.a.c.i.DefaultClusterMembershipService - Stopped
09:44:42.253 [atomix-cluster-0] INFO  i.a.c.m.impl.NettyMessagingService - Stopped
09:44:42.254 [atomix-cluster-0] INFO  io.atomix.cluster.AtomixCluster - Stopped
09:44:42.255 [raft-client-system-partition-1-1] TRACE i.a.p.r.s.impl.RaftSessionConnection - RaftClient{system-partition-1} - Received CloseSessionResponse{status=ERROR, error=RaftError{type=UNAVAILABLE, message=null}} from 3
09:44:42.255 [raft-client-system-partition-1-1] TRACE i.a.p.r.s.impl.RaftSessionConnection - RaftClient{system-partition-1} - Resetting connection. Reason: Service is unavailable
09:44:42.255 [raft-client-system-partition-1-1] TRACE i.a.p.r.s.impl.RaftSessionConnection - RaftClient{system-partition-1} - Sending CloseSessionRequest{session=48} to 2
09:44:42.255 [raft-server-system-partition-1] TRACE i.a.p.raft.roles.FollowerRole - RaftServer{system-partition-1}{role=FOLLOWER} - Received CloseSessionRequest{session=48}
09:44:42.255 [raft-server-system-partition-1] TRACE i.a.p.raft.roles.FollowerRole - RaftServer{system-partition-1}{role=FOLLOWER} - Sending CloseSessionResponse{status=ERROR, error=RaftError{type=NO_LEADER, message=null}}
09:44:42.255 [raft-client-system-partition-1-4] TRACE i.a.p.r.s.impl.RaftSessionConnection - RaftClient{system-partition-1} - Received CloseSessionResponse{status=ERROR, error=RaftError{type=NO_LEADER, message=null}} from 2
09:44:42.256 [raft-client-system-partition-1-4] TRACE i.a.p.r.s.impl.RaftSessionConnection - RaftClient{system-partition-1} - Resetting connection. Reason: Failed to locate leader
09:44:42.256 [raft-client-system-partition-1-4] DEBUG i.a.p.r.s.impl.RaftSessionConnection - RaftClient{system-partition-1} - Failed to connect to the cluster
09:44:42.256 [raft-client-system-partition-1-4] INFO  i.a.core.impl.CorePrimitivesService - Stopped
09:44:42.258 [raft-server-system-partition-1] INFO  i.a.protocols.raft.impl.RaftContext - RaftServer{system-partition-1} - Transitioning to INACTIVE
09:44:42.258 [raft-server-system-partition-1] TRACE i.a.p.raft.roles.FollowerRole - RaftServer{system-partition-1}{role=FOLLOWER} - Cancelling heartbeat timer
09:44:42.260 [raft-server-raft-partition-2] INFO  i.a.protocols.raft.impl.RaftContext - RaftServer{raft-partition-2} - Transitioning to INACTIVE
09:44:42.260 [raft-server-raft-partition-1] INFO  i.a.protocols.raft.impl.RaftContext - RaftServer{raft-partition-1} - Transitioning to INACTIVE
09:44:42.260 [ForkJoinPool.commonPool-worker-1] INFO  i.a.p.r.partition.RaftPartitionGroup - Stopped
09:44:42.261 [raft-server-raft-partition-2] TRACE i.a.protocols.raft.roles.LeaderRole - RaftServer{raft-partition-2}{role=LEADER} - Cancelling append timer
09:44:42.261 [raft-server-raft-partition-1] TRACE i.a.protocols.raft.roles.LeaderRole - RaftServer{raft-partition-1}{role=LEADER} - Cancelling append timer
09:44:42.261 [raft-server-raft-partition-2] TRACE i.a.p.raft.storage.system.MetaStore - Store vote null
09:44:42.261 [raft-server-raft-partition-3] INFO  i.a.protocols.raft.impl.RaftContext - RaftServer{raft-partition-3} - Transitioning to INACTIVE
09:44:42.261 [raft-server-raft-partition-1] TRACE i.a.p.raft.storage.system.MetaStore - Store vote null
09:44:42.261 [raft-server-raft-partition-3] TRACE i.a.protocols.raft.roles.LeaderRole - RaftServer{raft-partition-3}{role=LEADER} - Cancelling append timer
09:44:42.261 [atomix-data-6] INFO  i.a.p.b.p.PrimaryBackupPartitionGroup - Stopped
09:44:42.261 [raft-server-raft-partition-3] TRACE i.a.p.raft.storage.system.MetaStore - Store vote null
09:44:42.287 [ForkJoinPool.commonPool-worker-1] INFO  i.a.p.r.partition.RaftPartitionGroup - Stopped
09:44:42.287 [ForkJoinPool.commonPool-worker-1] INFO  i.a.p.p.i.DefaultPartitionGroupMembershipService - Stopped
09:44:42.287 [ForkJoinPool.commonPool-worker-1] INFO  i.a.p.p.impl.DefaultPartitionService - Stopped
09:44:42.287 [atomix-0] INFO  i.a.c.m.i.DefaultClusterCommunicationService - Stopped
09:44:42.288 [atomix-cluster-0] INFO  i.a.c.m.i.DefaultClusterEventService - Stopped
09:44:42.288 [atomix-cluster-0] INFO  i.a.c.i.DefaultClusterMembershipService - 2 - Member deactivated: StatefulMember{id=2, address=localhost:5002, metadata={}}
09:44:42.288 [atomix-cluster-0] INFO  i.a.c.i.DefaultClusterMembershipService - Stopped
09:44:42.288 [atomix-cluster-0] INFO  i.a.c.m.impl.NettyMessagingService - Stopped
09:44:42.288 [atomix-cluster-0] INFO  io.atomix.cluster.AtomixCluster - Stopped
09:44:42.948 [main] WARN  i.a.c.m.impl.NettyMessagingService - Disabling TLS for intra-cluster messaging; Could not load cluster key store: ../config/atomix.jks (No such file or directory)
09:44:42.951 [main] WARN  i.a.c.m.impl.NettyMessagingService - Disabling TLS for intra-cluster messaging; Could not load cluster key store: ../config/atomix.jks (No such file or directory)
09:44:42.952 [netty-messaging-event-epoll-server-0] WARN  i.a.c.m.impl.NettyMessagingService - localhost/127.0.0.1 failed to bind to port 5001 due to {}
io.netty.channel.unix.Errors$NativeIoException: bind(..) failed: Address already in use
	at io.netty.channel.unix.Errors.newIOException(Errors.java:122) ~[netty-transport-native-unix-common-4.1.24.Final.jar:4.1.24.Final]
	at io.netty.channel.unix.Socket.bind(Socket.java:287) ~[netty-transport-native-unix-common-4.1.24.Final.jar:4.1.24.Final]
	at io.netty.channel.epoll.AbstractEpollChannel.doBind(AbstractEpollChannel.java:688) ~[netty-transport-native-epoll-4.1.24.Final-linux-x86_64.jar:4.1.24.Final]
	at io.netty.channel.epoll.EpollServerSocketChannel.doBind(EpollServerSocketChannel.java:70) ~[netty-transport-native-epoll-4.1.24.Final-linux-x86_64.jar:4.1.24.Final]
	at io.netty.channel.AbstractChannel$AbstractUnsafe.bind(AbstractChannel.java:558) ~[netty-transport-4.1.24.Final.jar:4.1.24.Final]
	at io.netty.channel.DefaultChannelPipeline$HeadContext.bind(DefaultChannelPipeline.java:1358) ~[netty-transport-4.1.24.Final.jar:4.1.24.Final]
	at io.netty.channel.AbstractChannelHandlerContext.invokeBind(AbstractChannelHandlerContext.java:501) ~[netty-transport-4.1.24.Final.jar:4.1.24.Final]
	at io.netty.channel.AbstractChannelHandlerContext.bind(AbstractChannelHandlerContext.java:486) ~[netty-transport-4.1.24.Final.jar:4.1.24.Final]
	at io.netty.channel.DefaultChannelPipeline.bind(DefaultChannelPipeline.java:1019) ~[netty-transport-4.1.24.Final.jar:4.1.24.Final]
	at io.netty.channel.AbstractChannel.bind(AbstractChannel.java:254) ~[netty-transport-4.1.24.Final.jar:4.1.24.Final]
	at io.netty.bootstrap.AbstractBootstrap$2.run(AbstractBootstrap.java:366) ~[netty-transport-4.1.24.Final.jar:4.1.24.Final]
	at io.netty.util.concurrent.AbstractEventExecutor.safeExecute(AbstractEventExecutor.java:163) ~[netty-common-4.1.24.Final.jar:4.1.24.Final]
	at io.netty.util.concurrent.SingleThreadEventExecutor.runAllTasks(SingleThreadEventExecutor.java:404) ~[netty-common-4.1.24.Final.jar:4.1.24.Final]
	at io.netty.channel.epoll.EpollEventLoop.run(EpollEventLoop.java:309) ~[netty-transport-native-epoll-4.1.24.Final-linux-x86_64.jar:4.1.24.Final]
	at io.netty.util.concurrent.SingleThreadEventExecutor$5.run(SingleThreadEventExecutor.java:884) ~[netty-common-4.1.24.Final.jar:4.1.24.Final]
	at java.lang.Thread.run(Thread.java:745) ~[na:1.8.0_121]
09:44:42.955 [main] WARN  i.a.c.m.impl.NettyMessagingService - Disabling TLS for intra-cluster messaging; Could not load cluster key store: ../config/atomix.jks (No such file or directory)
09:44:42.955 [netty-messaging-event-epoll-server-0] WARN  i.a.c.m.impl.NettyMessagingService - localhost/127.0.0.1 failed to bind to port 5002 due to {}
io.netty.channel.unix.Errors$NativeIoException: bind(..) failed: Address already in use
	at io.netty.channel.unix.Errors.newIOException(Errors.java:122) ~[netty-transport-native-unix-common-4.1.24.Final.jar:4.1.24.Final]
	at io.netty.channel.unix.Socket.bind(Socket.java:287) ~[netty-transport-native-unix-common-4.1.24.Final.jar:4.1.24.Final]
	at io.netty.channel.epoll.AbstractEpollChannel.doBind(AbstractEpollChannel.java:688) ~[netty-transport-native-epoll-4.1.24.Final-linux-x86_64.jar:4.1.24.Final]
	at io.netty.channel.epoll.EpollServerSocketChannel.doBind(EpollServerSocketChannel.java:70) ~[netty-transport-native-epoll-4.1.24.Final-linux-x86_64.jar:4.1.24.Final]
	at io.netty.channel.AbstractChannel$AbstractUnsafe.bind(AbstractChannel.java:558) ~[netty-transport-4.1.24.Final.jar:4.1.24.Final]
	at io.netty.channel.DefaultChannelPipeline$HeadContext.bind(DefaultChannelPipeline.java:1358) ~[netty-transport-4.1.24.Final.jar:4.1.24.Final]
	at io.netty.channel.AbstractChannelHandlerContext.invokeBind(AbstractChannelHandlerContext.java:501) ~[netty-transport-4.1.24.Final.jar:4.1.24.Final]
	at io.netty.channel.AbstractChannelHandlerContext.bind(AbstractChannelHandlerContext.java:486) ~[netty-transport-4.1.24.Final.jar:4.1.24.Final]
	at io.netty.channel.DefaultChannelPipeline.bind(DefaultChannelPipeline.java:1019) ~[netty-transport-4.1.24.Final.jar:4.1.24.Final]
	at io.netty.channel.AbstractChannel.bind(AbstractChannel.java:254) ~[netty-transport-4.1.24.Final.jar:4.1.24.Final]
	at io.netty.bootstrap.AbstractBootstrap$2.run(AbstractBootstrap.java:366) ~[netty-transport-4.1.24.Final.jar:4.1.24.Final]
	at io.netty.util.concurrent.AbstractEventExecutor.safeExecute(AbstractEventExecutor.java:163) ~[netty-common-4.1.24.Final.jar:4.1.24.Final]
	at io.netty.util.concurrent.SingleThreadEventExecutor.runAllTasks(SingleThreadEventExecutor.java:404) ~[netty-common-4.1.24.Final.jar:4.1.24.Final]
	at io.netty.channel.epoll.EpollEventLoop.run(EpollEventLoop.java:309) ~[netty-transport-native-epoll-4.1.24.Final-linux-x86_64.jar:4.1.24.Final]
	at io.netty.util.concurrent.SingleThreadEventExecutor$5.run(SingleThreadEventExecutor.java:884) ~[netty-common-4.1.24.Final.jar:4.1.24.Final]
	at java.lang.Thread.run(Thread.java:745) ~[na:1.8.0_121]
09:44:42.959 [netty-messaging-event-epoll-server-0] WARN  i.a.c.m.impl.NettyMessagingService - localhost/127.0.0.1 failed to bind to port 5003 due to {}
io.netty.channel.unix.Errors$NativeIoException: bind(..) failed: Address already in use
	at io.netty.channel.unix.Errors.newIOException(Errors.java:122) ~[netty-transport-native-unix-common-4.1.24.Final.jar:4.1.24.Final]
	at io.netty.channel.unix.Socket.bind(Socket.java:287) ~[netty-transport-native-unix-common-4.1.24.Final.jar:4.1.24.Final]
	at io.netty.channel.epoll.AbstractEpollChannel.doBind(AbstractEpollChannel.java:688) ~[netty-transport-native-epoll-4.1.24.Final-linux-x86_64.jar:4.1.24.Final]
	at io.netty.channel.epoll.EpollServerSocketChannel.doBind(EpollServerSocketChannel.java:70) ~[netty-transport-native-epoll-4.1.24.Final-linux-x86_64.jar:4.1.24.Final]
	at io.netty.channel.AbstractChannel$AbstractUnsafe.bind(AbstractChannel.java:558) ~[netty-transport-4.1.24.Final.jar:4.1.24.Final]
	at io.netty.channel.DefaultChannelPipeline$HeadContext.bind(DefaultChannelPipeline.java:1358) ~[netty-transport-4.1.24.Final.jar:4.1.24.Final]
	at io.netty.channel.AbstractChannelHandlerContext.invokeBind(AbstractChannelHandlerContext.java:501) ~[netty-transport-4.1.24.Final.jar:4.1.24.Final]
	at io.netty.channel.AbstractChannelHandlerContext.bind(AbstractChannelHandlerContext.java:486) ~[netty-transport-4.1.24.Final.jar:4.1.24.Final]
	at io.netty.channel.DefaultChannelPipeline.bind(DefaultChannelPipeline.java:1019) ~[netty-transport-4.1.24.Final.jar:4.1.24.Final]
	at io.netty.channel.AbstractChannel.bind(AbstractChannel.java:254) ~[netty-transport-4.1.24.Final.jar:4.1.24.Final]
	at io.netty.bootstrap.AbstractBootstrap$2.run(AbstractBootstrap.java:366) ~[netty-transport-4.1.24.Final.jar:4.1.24.Final]
	at io.netty.util.concurrent.AbstractEventExecutor.safeExecute(AbstractEventExecutor.java:163) ~[netty-common-4.1.24.Final.jar:4.1.24.Final]
	at io.netty.util.concurrent.SingleThreadEventExecutor.runAllTasks(SingleThreadEventExecutor.java:404) ~[netty-common-4.1.24.Final.jar:4.1.24.Final]
	at io.netty.channel.epoll.EpollEventLoop.run(EpollEventLoop.java:309) ~[netty-transport-native-epoll-4.1.24.Final-linux-x86_64.jar:4.1.24.Final]
	at io.netty.util.concurrent.SingleThreadEventExecutor$5.run(SingleThreadEventExecutor.java:884) ~[netty-common-4.1.24.Final.jar:4.1.24.Final]
	at java.lang.Thread.run(Thread.java:745) ~[na:1.8.0_121]
09:44:42.959 [main] INFO  i.a.core.impl.CorePrimitivesService - Stopped
09:44:42.959 [main] INFO  i.a.core.impl.CorePrimitivesService - Stopped
09:44:42.959 [main] INFO  i.a.core.impl.CorePrimitivesService - Stopped
09:44:42.959 [atomix-0] WARN  i.a.utils.event.ListenerRegistry - Listener io.atomix.primitive.partition.impl.DefaultPartitionService$$Lambda$30/168366@40bbd1dc not registered
09:44:42.959 [atomix-0] WARN  i.a.utils.event.ListenerRegistry - Listener io.atomix.primitive.partition.impl.DefaultPartitionService$$Lambda$30/168366@2fdc625b not registered
09:44:42.960 [atomix-0] WARN  i.a.utils.event.ListenerRegistry - Listener io.atomix.primitive.partition.impl.DefaultPartitionService$$Lambda$30/168366@173abac not registered
09:44:42.960 [atomix-0] INFO  i.a.p.r.partition.RaftPartitionGroup - Stopped
09:44:42.960 [atomix-0] INFO  i.a.p.r.partition.RaftPartitionGroup - Stopped
09:44:42.960 [atomix-0] INFO  i.a.p.r.partition.RaftPartitionGroup - Stopped
09:44:42.960 [atomix-0] INFO  i.a.p.b.p.PrimaryBackupPartitionGroup - Stopped
09:44:42.960 [atomix-0] INFO  i.a.p.b.p.PrimaryBackupPartitionGroup - Stopped
09:44:42.960 [atomix-0] INFO  i.a.p.b.p.PrimaryBackupPartitionGroup - Stopped
09:44:42.960 [atomix-0] INFO  i.a.p.r.partition.RaftPartitionGroup - Stopped
09:44:42.960 [atomix-0] INFO  i.a.p.r.partition.RaftPartitionGroup - Stopped
09:44:42.960 [atomix-0] INFO  i.a.p.r.partition.RaftPartitionGroup - Stopped
09:44:42.960 [atomix-0] WARN  i.a.utils.event.ListenerRegistry - Listener io.atomix.primitive.partition.impl.DefaultPartitionGroupMembershipService$$Lambda$31/49752459@4e7c37bb not registered
09:44:42.960 [atomix-0] WARN  i.a.utils.event.ListenerRegistry - Listener io.atomix.primitive.partition.impl.DefaultPartitionGroupMembershipService$$Lambda$31/49752459@211b99d0 not registered
09:44:42.960 [atomix-0] WARN  i.a.utils.event.ListenerRegistry - Listener io.atomix.primitive.partition.impl.DefaultPartitionGroupMembershipService$$Lambda$31/49752459@fb455f2 not registered
09:44:42.960 [atomix-0] INFO  i.a.p.p.i.DefaultPartitionGroupMembershipService - Stopped
09:44:42.960 [atomix-0] INFO  i.a.p.p.i.DefaultPartitionGroupMembershipService - Stopped
09:44:42.960 [atomix-0] INFO  i.a.p.p.i.DefaultPartitionGroupMembershipService - Stopped
09:44:42.960 [atomix-0] INFO  i.a.p.p.impl.DefaultPartitionService - Stopped
09:44:42.960 [atomix-0] INFO  i.a.p.p.impl.DefaultPartitionService - Stopped
09:44:42.960 [atomix-0] INFO  i.a.p.p.impl.DefaultPartitionService - Stopped
09:44:42.961 [atomix-cluster-0] INFO  io.atomix.cluster.AtomixCluster - Stopped
09:44:42.961 [atomix-cluster-0] INFO  io.atomix.cluster.AtomixCluster - Stopped
09:44:42.961 [atomix-cluster-0] INFO  io.atomix.cluster.AtomixCluster - Stopped
</system-out>
  </testcase>
</testsuite>