<?xml version="1.0" encoding="UTF-8"?>
<testsuite name="io.atomix.core.AtomixTest" time="107.076" tests="9" errors="1" skipped="0" failures="0">
  <properties>
    <property name="java.runtime.name" value="OpenJDK Runtime Environment"/>
    <property name="sun.boot.library.path" value="/usr/lib/jvm/java-8-openjdk-amd64/jre/lib/amd64"/>
    <property name="java.vm.version" value="25.121-b13"/>
    <property name="java.vm.vendor" value="Oracle Corporation"/>
    <property name="maven.multiModuleProjectDirectory" value="/root/workspace/atomix/atomix/390477068"/>
    <property name="java.vendor.url" value="http://java.oracle.com/"/>
    <property name="path.separator" value=":"/>
    <property name="guice.disable.misplaced.annotation.check" value="true"/>
    <property name="skip.gulp" value="true"/>
    <property name="java.vm.name" value="OpenJDK 64-Bit Server VM"/>
    <property name="file.encoding.pkg" value="sun.io"/>
    <property name="sun.java.launcher" value="SUN_STANDARD"/>
    <property name="sun.os.patch.level" value="unknown"/>
    <property name="findbugs.skip" value="true"/>
    <property name="java.vm.specification.name" value="Java Virtual Machine Specification"/>
    <property name="user.dir" value="/root/workspace/atomix/atomix/390477068"/>
    <property name="checkstyle.skip" value="true"/>
    <property name="java.runtime.version" value="1.8.0_121-8u121-b13-1~bpo8+1-b13"/>
    <property name="java.awt.graphicsenv" value="sun.awt.X11GraphicsEnvironment"/>
    <property name="skip.npm" value="true"/>
    <property name="java.endorsed.dirs" value="/usr/lib/jvm/java-8-openjdk-amd64/jre/lib/endorsed"/>
    <property name="os.arch" value="amd64"/>
    <property name="java.io.tmpdir" value="/tmp"/>
    <property name="gpg.skip" value="true"/>
    <property name="line.separator" value="&#10;"/>
    <property name="java.vm.specification.vendor" value="Oracle Corporation"/>
    <property name="cobertura.skip" value="true"/>
    <property name="os.name" value="Linux"/>
    <property name="classworlds.conf" value="/usr/share/maven/bin/m2.conf"/>
    <property name="sun.jnu.encoding" value="UTF-8"/>
    <property name="java.library.path" value="/usr/java/packages/lib/amd64:/usr/lib/x86_64-linux-gnu/jni:/lib/x86_64-linux-gnu:/usr/lib/x86_64-linux-gnu:/usr/lib/jni:/lib:/usr/lib"/>
    <property name="license.skip" value="true"/>
    <property name="java.specification.name" value="Java Platform API Specification"/>
    <property name="java.class.version" value="52.0"/>
    <property name="sun.management.compiler" value="HotSpot 64-Bit Tiered Compilers"/>
    <property name="skip.bower" value="true"/>
    <property name="maven.repo.local" value="/root/./workspace/atomix/atomix/390477068/.m2"/>
    <property name="os.version" value="3.10.0-862.3.2.el7.x86_64"/>
    <property name="user.home" value="/root"/>
    <property name="user.timezone" value="Europe/Paris"/>
    <property name="java.awt.printerjob" value="sun.print.PSPrinterJob"/>
    <property name="java.specification.version" value="1.8"/>
    <property name="file.encoding" value="UTF-8"/>
    <property name="user.name" value="root"/>
    <property name="java.class.path" value="/usr/share/maven/boot/plexus-classworlds-2.5.2.jar"/>
    <property name="skipITs" value="true"/>
    <property name="java.vm.specification.version" value="1.8"/>
    <property name="sun.arch.data.model" value="64"/>
    <property name="java.home" value="/usr/lib/jvm/java-8-openjdk-amd64/jre"/>
    <property name="sun.java.command" value="org.codehaus.plexus.classworlds.launcher.Launcher -B -D enforcer.skip=true -D dependency-check.skip=true -D skipITs=true -D cobertura.skip=true -D maven.repo.local=/root/./workspace/atomix/atomix/390477068/.m2 -D rat.skip=true -D findbugs.skip=true -D skip.bower=true -D gpg.skip=true -D checkstyle.skip=true -D skip.gulp=true -D license.skip=true -D skip.npm=true test"/>
    <property name="java.specification.vendor" value="Oracle Corporation"/>
    <property name="user.language" value="en"/>
    <property name="awt.toolkit" value="sun.awt.X11.XToolkit"/>
    <property name="dependency-check.skip" value="true"/>
    <property name="java.vm.info" value="mixed mode"/>
    <property name="java.version" value="1.8.0_121"/>
    <property name="java.ext.dirs" value="/usr/lib/jvm/java-8-openjdk-amd64/jre/lib/ext:/usr/java/packages/lib/ext"/>
    <property name="securerandom.source" value="file:/dev/./urandom"/>
    <property name="sun.boot.class.path" value="/usr/lib/jvm/java-8-openjdk-amd64/jre/lib/resources.jar:/usr/lib/jvm/java-8-openjdk-amd64/jre/lib/rt.jar:/usr/lib/jvm/java-8-openjdk-amd64/jre/lib/sunrsasign.jar:/usr/lib/jvm/java-8-openjdk-amd64/jre/lib/jsse.jar:/usr/lib/jvm/java-8-openjdk-amd64/jre/lib/jce.jar:/usr/lib/jvm/java-8-openjdk-amd64/jre/lib/charsets.jar:/usr/lib/jvm/java-8-openjdk-amd64/jre/lib/jfr.jar:/usr/lib/jvm/java-8-openjdk-amd64/jre/classes"/>
    <property name="java.vendor" value="Oracle Corporation"/>
    <property name="enforcer.skip" value="true"/>
    <property name="rat.skip" value="true"/>
    <property name="maven.home" value="/usr/share/maven"/>
    <property name="file.separator" value="/"/>
    <property name="java.vendor.url.bug" value="http://bugreport.sun.com/bugreport/"/>
    <property name="sun.cpu.endian" value="little"/>
    <property name="sun.io.unicode.encoding" value="UnicodeLittle"/>
    <property name="sun.cpu.isalist" value=""/>
  </properties>
  <testcase name="testDiscoverData" classname="io.atomix.core.AtomixTest" time="1.836"/>
  <testcase name="testClientMetadata" classname="io.atomix.core.AtomixTest" time="30.792">
    <error type="java.util.concurrent.TimeoutException:">java.util.concurrent.TimeoutException: null
	at java.util.concurrent.CompletableFuture.timedGet(CompletableFuture.java:1771)
	at java.util.concurrent.CompletableFuture.get(CompletableFuture.java:1915)
	at io.atomix.utils.concurrent.AtomixFuture.get(AtomixFuture.java:103)
	at io.atomix.core.AtomixTest.testClientMetadata(AtomixTest.java:277)
</error>
    <system-out>21:51:55.607 [main] WARN  i.a.c.m.impl.NettyMessagingService - Disabling TLS for intra-cluster messaging; Could not load cluster key store: ../config/atomix.jks (No such file or directory)
21:51:55.610 [netty-messaging-event-epoll-server-0] INFO  i.a.c.m.impl.NettyMessagingService - localhost/127.0.0.1 accepting incoming connections on port 5001
21:51:55.612 [netty-messaging-event-epoll-server-0] INFO  i.a.c.m.impl.NettyMessagingService - Started
21:51:55.612 [atomix-cluster-0] INFO  i.a.c.i.DefaultClusterMembershipService - 1 - Member activated: StatefulMember{id=1, address=localhost:5001, metadata={}}
21:51:55.613 [atomix-cluster-0] INFO  i.a.c.i.DefaultClusterMembershipService - 1 - Member activated: StatefulMember{id=2, address=localhost:5002, metadata={}}
21:51:55.613 [atomix-cluster-0] INFO  i.a.c.i.DefaultClusterMembershipService - 1 - Member activated: StatefulMember{id=3, address=localhost:5003, metadata={}}
21:51:55.613 [atomix-cluster-0] INFO  i.a.c.i.DefaultClusterMembershipService - Started
21:51:55.613 [atomix-cluster-0] INFO  i.a.c.m.i.DefaultClusterCommunicationService - Started
21:51:55.614 [atomix-cluster-0] INFO  i.a.c.m.i.DefaultClusterEventService - Started
21:51:55.625 [atomix-partition-group-membership-service-0] INFO  i.a.p.p.i.DefaultPartitionGroupMembershipService - Started
21:51:55.625 [atomix-partition-group-membership-service-0] INFO  i.a.p.p.i.HashBasedPrimaryElectionService - Started
21:51:55.625 [atomix-partition-group-membership-service-0] INFO  i.a.p.r.p.impl.RaftPartitionServer - Starting server for partition PartitionId{id=1, group=system}
21:51:55.658 [atomix-partition-group-membership-service-0] TRACE i.a.p.raft.storage.system.MetaStore - Store configuration Configuration{index=0, time=2018-06-10 09:51:55,658, members=[DefaultRaftMember{id=1, type=ACTIVE, updated=2018-06-10T19:51:55.658Z}, DefaultRaftMember{id=2, type=ACTIVE, updated=2018-06-10T19:51:55.658Z}, DefaultRaftMember{id=3, type=ACTIVE, updated=2018-06-10T19:51:55.658Z}]}
21:51:55.683 [raft-server-system-partition-1] INFO  i.a.protocols.raft.impl.RaftContext - RaftServer{system-partition-1} - Transitioning to FOLLOWER
21:51:55.683 [raft-server-system-partition-1] DEBUG i.a.p.r.c.impl.RaftClusterContext - RaftServer{system-partition-1} - Attempting to join via 2
21:51:55.684 [raft-server-system-partition-1] TRACE i.a.p.r.c.impl.RaftClusterContext - RaftServer{system-partition-1} - Cancelling join timeout
21:51:55.684 [raft-server-system-partition-1] DEBUG i.a.p.r.c.impl.RaftClusterContext - RaftServer{system-partition-1} - Failed to join 2
21:51:55.684 [raft-server-system-partition-1] DEBUG i.a.p.r.c.impl.RaftClusterContext - RaftServer{system-partition-1} - Attempting to join via 3
21:51:55.685 [raft-server-system-partition-1] TRACE i.a.p.r.c.impl.RaftClusterContext - RaftServer{system-partition-1} - Cancelling join timeout
21:51:55.685 [raft-server-system-partition-1] DEBUG i.a.p.r.c.impl.RaftClusterContext - RaftServer{system-partition-1} - Failed to join 3
21:51:55.685 [raft-server-system-partition-1] DEBUG i.a.p.r.c.impl.RaftClusterContext - RaftServer{system-partition-1} - Failed to join cluster, retrying...
21:51:55.773 [main] WARN  i.a.c.m.impl.NettyMessagingService - Disabling TLS for intra-cluster messaging; Could not load cluster key store: ../config/atomix.jks (No such file or directory)
21:51:55.775 [netty-messaging-event-epoll-server-0] INFO  i.a.c.m.impl.NettyMessagingService - localhost/127.0.0.1 accepting incoming connections on port 5002
21:51:55.775 [netty-messaging-event-epoll-server-0] INFO  i.a.c.m.impl.NettyMessagingService - Started
21:51:55.775 [atomix-cluster-0] INFO  i.a.c.i.DefaultClusterMembershipService - 2 - Member activated: StatefulMember{id=2, address=localhost:5002, metadata={}}
21:51:55.776 [atomix-cluster-0] INFO  i.a.c.i.DefaultClusterMembershipService - 2 - Member activated: StatefulMember{id=1, address=localhost:5001, metadata={}}
21:51:55.776 [atomix-cluster-0] INFO  i.a.c.i.DefaultClusterMembershipService - 2 - Member activated: StatefulMember{id=3, address=localhost:5003, metadata={}}
21:51:55.778 [netty-messaging-event-epoll-client-0] INFO  i.a.c.i.DefaultClusterMembershipService - Started
21:51:55.778 [atomix-cluster-0] INFO  i.a.c.m.i.DefaultClusterCommunicationService - Started
21:51:55.778 [atomix-cluster-0] INFO  i.a.c.m.i.DefaultClusterEventService - Started
21:51:55.786 [atomix-partition-group-membership-service-0] INFO  i.a.p.p.i.DefaultPartitionGroupMembershipService - Started
21:51:55.786 [atomix-partition-group-membership-service-0] INFO  i.a.p.p.i.HashBasedPrimaryElectionService - Started
21:51:55.786 [atomix-partition-group-membership-service-0] INFO  i.a.p.r.p.impl.RaftPartitionServer - Starting server for partition PartitionId{id=1, group=system}
21:51:55.789 [raft-server-system-partition-1] INFO  i.a.protocols.raft.impl.RaftContext - RaftServer{system-partition-1} - Transitioning to FOLLOWER
21:51:55.789 [raft-server-system-partition-1] DEBUG i.a.p.r.c.impl.RaftClusterContext - RaftServer{system-partition-1} - Attempting to join via 1
21:51:55.790 [raft-server-system-partition-1] TRACE i.a.p.raft.roles.FollowerRole - RaftServer{system-partition-1}{role=FOLLOWER} - Received JoinRequest{member=DefaultRaftMember{id=2, type=ACTIVE, updated=2018-06-10T19:51:55.789Z}}
21:51:55.790 [raft-server-system-partition-1] TRACE i.a.p.raft.roles.FollowerRole - RaftServer{system-partition-1}{role=FOLLOWER} - Sending JoinResponse{status=ERROR, error=RaftError{type=NO_LEADER, message=null}}
21:51:55.791 [raft-server-system-partition-1] TRACE i.a.p.r.c.impl.RaftClusterContext - RaftServer{system-partition-1} - Cancelling join timeout
21:51:55.791 [raft-server-system-partition-1] DEBUG i.a.p.r.c.impl.RaftClusterContext - RaftServer{system-partition-1} - Failed to join 1
21:51:55.791 [raft-server-system-partition-1] DEBUG i.a.p.r.c.impl.RaftClusterContext - RaftServer{system-partition-1} - Attempting to join via 3
21:51:55.791 [raft-server-system-partition-1] TRACE i.a.p.r.c.impl.RaftClusterContext - RaftServer{system-partition-1} - Cancelling join timeout
21:51:55.791 [raft-server-system-partition-1] DEBUG i.a.p.r.c.impl.RaftClusterContext - RaftServer{system-partition-1} - Failed to join 3
21:51:55.791 [raft-server-system-partition-1] DEBUG i.a.p.r.c.impl.RaftClusterContext - RaftServer{system-partition-1} - Failed to join cluster, retrying...
21:51:55.937 [main] WARN  i.a.c.m.impl.NettyMessagingService - Disabling TLS for intra-cluster messaging; Could not load cluster key store: ../config/atomix.jks (No such file or directory)
21:51:55.938 [netty-messaging-event-epoll-server-0] INFO  i.a.c.m.impl.NettyMessagingService - localhost/127.0.0.1 accepting incoming connections on port 5003
21:51:55.939 [netty-messaging-event-epoll-server-0] INFO  i.a.c.m.impl.NettyMessagingService - Started
21:51:55.939 [atomix-cluster-0] INFO  i.a.c.i.DefaultClusterMembershipService - 3 - Member activated: StatefulMember{id=3, address=localhost:5003, metadata={}}
21:51:55.939 [atomix-cluster-0] INFO  i.a.c.i.DefaultClusterMembershipService - 3 - Member activated: StatefulMember{id=1, address=localhost:5001, metadata={}}
21:51:55.940 [atomix-cluster-0] INFO  i.a.c.i.DefaultClusterMembershipService - 3 - Member activated: StatefulMember{id=2, address=localhost:5002, metadata={}}
21:51:55.941 [netty-messaging-event-epoll-client-1] INFO  i.a.c.i.DefaultClusterMembershipService - Started
21:51:55.941 [atomix-cluster-0] INFO  i.a.c.m.i.DefaultClusterCommunicationService - Started
21:51:55.941 [atomix-cluster-0] INFO  i.a.c.m.i.DefaultClusterEventService - Started
21:51:55.947 [atomix-partition-group-membership-service-0] INFO  i.a.p.p.i.DefaultPartitionGroupMembershipService - Started
21:51:55.947 [atomix-partition-group-membership-service-0] INFO  i.a.p.p.i.HashBasedPrimaryElectionService - Started
21:51:55.947 [atomix-partition-group-membership-service-0] INFO  i.a.p.r.p.impl.RaftPartitionServer - Starting server for partition PartitionId{id=1, group=system}
21:51:55.949 [raft-server-system-partition-1] INFO  i.a.protocols.raft.impl.RaftContext - RaftServer{system-partition-1} - Transitioning to FOLLOWER
21:51:55.949 [raft-server-system-partition-1] DEBUG i.a.p.r.c.impl.RaftClusterContext - RaftServer{system-partition-1} - Attempting to join via 1
21:51:55.950 [raft-server-system-partition-1] TRACE i.a.p.raft.roles.FollowerRole - RaftServer{system-partition-1}{role=FOLLOWER} - Received JoinRequest{member=DefaultRaftMember{id=3, type=ACTIVE, updated=2018-06-10T19:51:55.949Z}}
21:51:55.950 [raft-server-system-partition-1] TRACE i.a.p.raft.roles.FollowerRole - RaftServer{system-partition-1}{role=FOLLOWER} - Sending JoinResponse{status=ERROR, error=RaftError{type=NO_LEADER, message=null}}
21:51:55.951 [raft-server-system-partition-1] TRACE i.a.p.r.c.impl.RaftClusterContext - RaftServer{system-partition-1} - Cancelling join timeout
21:51:55.951 [raft-server-system-partition-1] DEBUG i.a.p.r.c.impl.RaftClusterContext - RaftServer{system-partition-1} - Failed to join 1
21:51:55.951 [raft-server-system-partition-1] DEBUG i.a.p.r.c.impl.RaftClusterContext - RaftServer{system-partition-1} - Attempting to join via 2
21:51:55.952 [raft-server-system-partition-1] TRACE i.a.p.raft.roles.FollowerRole - RaftServer{system-partition-1}{role=FOLLOWER} - Received JoinRequest{member=DefaultRaftMember{id=3, type=ACTIVE, updated=2018-06-10T19:51:55.949Z}}
21:51:55.952 [raft-server-system-partition-1] TRACE i.a.p.raft.roles.FollowerRole - RaftServer{system-partition-1}{role=FOLLOWER} - Sending JoinResponse{status=ERROR, error=RaftError{type=NO_LEADER, message=null}}
21:51:55.952 [raft-server-system-partition-1] TRACE i.a.p.r.c.impl.RaftClusterContext - RaftServer{system-partition-1} - Cancelling join timeout
21:51:55.952 [raft-server-system-partition-1] DEBUG i.a.p.r.c.impl.RaftClusterContext - RaftServer{system-partition-1} - Failed to join 2
21:51:55.952 [raft-server-system-partition-1] DEBUG i.a.p.r.c.impl.RaftClusterContext - RaftServer{system-partition-1} - Failed to join cluster, retrying...
21:51:59.162 [raft-server-system-partition-1] DEBUG i.a.p.raft.roles.FollowerRole - RaftServer{system-partition-1}{role=FOLLOWER} - Heartbeat timed out in PT3.479S
21:51:59.162 [raft-server-system-partition-1] DEBUG i.a.p.raft.roles.FollowerRole - RaftServer{system-partition-1}{role=FOLLOWER} - Polling members [DefaultRaftMember{id=2, type=ACTIVE, updated=2018-06-10T19:51:55.658Z}, DefaultRaftMember{id=3, type=ACTIVE, updated=2018-06-10T19:51:55.658Z}]
21:51:59.162 [raft-server-system-partition-1] DEBUG i.a.p.raft.roles.FollowerRole - RaftServer{system-partition-1}{role=FOLLOWER} - Polling DefaultRaftMember{id=2, type=ACTIVE, updated=2018-06-10T19:51:55.658Z} for next term 1
21:51:59.162 [raft-server-system-partition-1] DEBUG i.a.p.raft.roles.FollowerRole - RaftServer{system-partition-1}{role=FOLLOWER} - Polling DefaultRaftMember{id=3, type=ACTIVE, updated=2018-06-10T19:51:55.658Z} for next term 1
21:51:59.163 [raft-server-system-partition-1] TRACE i.a.p.raft.roles.FollowerRole - RaftServer{system-partition-1}{role=FOLLOWER} - Received PollRequest{term=0, candidate=1, lastLogIndex=0, lastLogTerm=0}
21:51:59.163 [raft-server-system-partition-1] TRACE i.a.p.raft.roles.FollowerRole - RaftServer{system-partition-1}{role=FOLLOWER} - Received PollRequest{term=0, candidate=1, lastLogIndex=0, lastLogTerm=0}
21:51:59.163 [raft-server-system-partition-1] DEBUG i.a.p.raft.roles.FollowerRole - RaftServer{system-partition-1}{role=FOLLOWER} - Accepted PollRequest{term=0, candidate=1, lastLogIndex=0, lastLogTerm=0}: candidate's log is up-to-date
21:51:59.163 [raft-server-system-partition-1] DEBUG i.a.p.raft.roles.FollowerRole - RaftServer{system-partition-1}{role=FOLLOWER} - Accepted PollRequest{term=0, candidate=1, lastLogIndex=0, lastLogTerm=0}: candidate's log is up-to-date
21:51:59.163 [raft-server-system-partition-1] TRACE i.a.p.raft.roles.FollowerRole - RaftServer{system-partition-1}{role=FOLLOWER} - Sending PollResponse{status=OK, term=0, accepted=true}
21:51:59.163 [raft-server-system-partition-1] TRACE i.a.p.raft.roles.FollowerRole - RaftServer{system-partition-1}{role=FOLLOWER} - Sending PollResponse{status=OK, term=0, accepted=true}
21:51:59.163 [raft-server-system-partition-1] DEBUG i.a.p.raft.roles.FollowerRole - RaftServer{system-partition-1}{role=FOLLOWER} - Received accepted poll from DefaultRaftMember{id=2, type=ACTIVE, updated=2018-06-10T19:51:55.658Z}
21:51:59.163 [raft-server-system-partition-1] INFO  i.a.protocols.raft.impl.RaftContext - RaftServer{system-partition-1} - Transitioning to CANDIDATE
21:51:59.163 [raft-server-system-partition-1] TRACE i.a.p.raft.roles.FollowerRole - RaftServer{system-partition-1}{role=FOLLOWER} - Cancelling heartbeat timer
21:51:59.163 [raft-server-system-partition-1] INFO  i.a.p.raft.roles.CandidateRole - RaftServer{system-partition-1}{role=CANDIDATE} - Starting election
21:51:59.163 [raft-server-system-partition-1] TRACE i.a.p.raft.storage.system.MetaStore - Store term 1
21:51:59.191 [raft-server-system-partition-1] TRACE i.a.p.raft.storage.system.MetaStore - Store vote null
21:51:59.216 [raft-server-system-partition-1] DEBUG i.a.protocols.raft.impl.RaftContext - RaftServer{system-partition-1} - Set term 1
21:51:59.216 [raft-server-system-partition-1] TRACE i.a.p.raft.storage.system.MetaStore - Store vote 1
21:51:59.241 [raft-server-system-partition-1] DEBUG i.a.protocols.raft.impl.RaftContext - RaftServer{system-partition-1} - Voted for 1
21:51:59.241 [raft-server-system-partition-1] DEBUG i.a.p.raft.roles.CandidateRole - RaftServer{system-partition-1}{role=CANDIDATE} - Requesting votes for term 1
21:51:59.241 [raft-server-system-partition-1] DEBUG i.a.p.raft.roles.CandidateRole - RaftServer{system-partition-1}{role=CANDIDATE} - Requesting vote from DefaultRaftMember{id=2, type=ACTIVE, updated=2018-06-10T19:51:55.658Z} for term 1
21:51:59.241 [raft-server-system-partition-1] DEBUG i.a.p.raft.roles.CandidateRole - RaftServer{system-partition-1}{role=CANDIDATE} - Requesting vote from DefaultRaftMember{id=3, type=ACTIVE, updated=2018-06-10T19:51:55.658Z} for term 1
21:51:59.242 [raft-server-system-partition-1] TRACE i.a.p.raft.roles.FollowerRole - RaftServer{system-partition-1}{role=FOLLOWER} - Received VoteRequest{term=1, candidate=1, lastLogIndex=0, lastLogTerm=0}
21:51:59.242 [raft-server-system-partition-1] TRACE i.a.p.raft.storage.system.MetaStore - Store term 1
21:51:59.243 [raft-server-system-partition-1] TRACE i.a.p.raft.roles.FollowerRole - RaftServer{system-partition-1}{role=FOLLOWER} - Received VoteRequest{term=1, candidate=1, lastLogIndex=0, lastLogTerm=0}
21:51:59.243 [raft-server-system-partition-1] TRACE i.a.p.raft.storage.system.MetaStore - Store term 1
21:51:59.266 [raft-server-system-partition-1] TRACE i.a.p.raft.storage.system.MetaStore - Store vote null
21:51:59.291 [raft-server-system-partition-1] TRACE i.a.p.raft.storage.system.MetaStore - Store vote null
21:51:59.316 [raft-server-system-partition-1] DEBUG i.a.protocols.raft.impl.RaftContext - RaftServer{system-partition-1} - Set term 1
21:51:59.316 [raft-server-system-partition-1] DEBUG i.a.p.raft.roles.FollowerRole - RaftServer{system-partition-1}{role=FOLLOWER} - Accepted VoteRequest{term=1, candidate=1, lastLogIndex=0, lastLogTerm=0}: candidate's log is up-to-date
21:51:59.316 [raft-server-system-partition-1] TRACE i.a.p.raft.storage.system.MetaStore - Store vote 1
21:51:59.341 [raft-server-system-partition-1] DEBUG i.a.protocols.raft.impl.RaftContext - RaftServer{system-partition-1} - Set term 1
21:51:59.341 [raft-server-system-partition-1] DEBUG i.a.p.raft.roles.FollowerRole - RaftServer{system-partition-1}{role=FOLLOWER} - Accepted VoteRequest{term=1, candidate=1, lastLogIndex=0, lastLogTerm=0}: candidate's log is up-to-date
21:51:59.341 [raft-server-system-partition-1] TRACE i.a.p.raft.storage.system.MetaStore - Store vote 1
21:51:59.366 [raft-server-system-partition-1] DEBUG i.a.protocols.raft.impl.RaftContext - RaftServer{system-partition-1} - Voted for 1
21:51:59.366 [raft-server-system-partition-1] TRACE i.a.p.raft.roles.FollowerRole - RaftServer{system-partition-1}{role=FOLLOWER} - Sending VoteResponse{status=OK, term=1, voted=true}
21:51:59.366 [raft-server-system-partition-1] DEBUG i.a.p.raft.roles.CandidateRole - RaftServer{system-partition-1}{role=CANDIDATE} - Received successful vote from DefaultRaftMember{id=2, type=ACTIVE, updated=2018-06-10T19:51:55.658Z}
21:51:59.367 [raft-server-system-partition-1] INFO  i.a.protocols.raft.impl.RaftContext - RaftServer{system-partition-1} - Transitioning to LEADER
21:51:59.367 [raft-server-system-partition-1] DEBUG i.a.p.raft.roles.CandidateRole - RaftServer{system-partition-1}{role=CANDIDATE} - Cancelling election
21:51:59.367 [raft-server-system-partition-1] INFO  i.a.protocols.raft.impl.RaftContext - RaftServer{system-partition-1} - Found leader 1
21:51:59.367 [raft-server-system-partition-1] TRACE i.a.p.raft.storage.system.MetaStore - Store vote null
21:51:59.391 [raft-server-system-partition-1] DEBUG i.a.protocols.raft.impl.RaftContext - RaftServer{system-partition-1} - Voted for 1
21:51:59.391 [raft-server-system-partition-1] TRACE i.a.p.raft.roles.FollowerRole - RaftServer{system-partition-1}{role=FOLLOWER} - Sending VoteResponse{status=OK, term=1, voted=true}
21:51:59.416 [raft-server-system-partition-1] TRACE i.a.protocols.raft.roles.LeaderRole - RaftServer{system-partition-1}{role=LEADER} - Appended Indexed{index=1, entry=InitializeEntry{term=1, timestamp=2018-06-10 09:51:59,367}}
21:51:59.417 [raft-server-system-partition-1] DEBUG i.a.p.raft.roles.LeaderAppender - RaftServer{system-partition-1} - Configuring 2
21:51:59.417 [raft-server-system-partition-1] TRACE i.a.p.raft.roles.LeaderAppender - RaftServer{system-partition-1} - Sending ConfigureRequest{term=1, leader=1, index=0, timestamp=1528660315658, members=[DefaultRaftMember{id=1, type=ACTIVE, updated=2018-06-10T19:51:55.658Z}, DefaultRaftMember{id=2, type=ACTIVE, updated=2018-06-10T19:51:55.658Z}, DefaultRaftMember{id=3, type=ACTIVE, updated=2018-06-10T19:51:55.658Z}]} to 2
21:51:59.417 [raft-server-system-partition-1] DEBUG i.a.p.raft.roles.LeaderAppender - RaftServer{system-partition-1} - Configuring 3
21:51:59.417 [raft-server-system-partition-1] TRACE i.a.p.raft.roles.LeaderAppender - RaftServer{system-partition-1} - Sending ConfigureRequest{term=1, leader=1, index=0, timestamp=1528660315658, members=[DefaultRaftMember{id=1, type=ACTIVE, updated=2018-06-10T19:51:55.658Z}, DefaultRaftMember{id=2, type=ACTIVE, updated=2018-06-10T19:51:55.658Z}, DefaultRaftMember{id=3, type=ACTIVE, updated=2018-06-10T19:51:55.658Z}]} to 3
21:51:59.417 [raft-server-system-partition-1] TRACE i.a.protocols.raft.roles.LeaderRole - RaftServer{system-partition-1}{role=LEADER} - Starting append timer
21:51:59.417 [raft-server-system-partition-1] TRACE i.a.p.raft.roles.FollowerRole - RaftServer{system-partition-1}{role=FOLLOWER} - Received ConfigureRequest{term=1, leader=1, index=0, timestamp=1528660315658, members=[DefaultRaftMember{id=1, type=ACTIVE, updated=2018-06-10T19:51:55.658Z}, DefaultRaftMember{id=2, type=ACTIVE, updated=2018-06-10T19:51:55.658Z}, DefaultRaftMember{id=3, type=ACTIVE, updated=2018-06-10T19:51:55.658Z}]}
21:51:59.417 [raft-server-system-partition-1] INFO  i.a.protocols.raft.impl.RaftContext - RaftServer{system-partition-1} - Found leader 1
21:51:59.417 [raft-server-system-partition-1] TRACE i.a.p.raft.roles.LeaderAppender - RaftServer{system-partition-1} - Sending AppendRequest{term=1, leader=1, prevLogIndex=0, prevLogTerm=0, entries=0, commitIndex=0} to 2
21:51:59.417 [raft-server-system-partition-1] TRACE i.a.p.raft.storage.system.MetaStore - Store vote null
21:51:59.417 [raft-server-system-partition-1] TRACE i.a.p.raft.roles.FollowerRole - RaftServer{system-partition-1}{role=FOLLOWER} - Received ConfigureRequest{term=1, leader=1, index=0, timestamp=1528660315658, members=[DefaultRaftMember{id=1, type=ACTIVE, updated=2018-06-10T19:51:55.658Z}, DefaultRaftMember{id=2, type=ACTIVE, updated=2018-06-10T19:51:55.658Z}, DefaultRaftMember{id=3, type=ACTIVE, updated=2018-06-10T19:51:55.658Z}]}
21:51:59.417 [raft-server-system-partition-1] INFO  i.a.protocols.raft.impl.RaftContext - RaftServer{system-partition-1} - Found leader 1
21:51:59.417 [raft-server-system-partition-1] TRACE i.a.p.raft.storage.system.MetaStore - Store vote null
21:51:59.417 [raft-server-system-partition-1] TRACE i.a.p.raft.roles.LeaderAppender - RaftServer{system-partition-1} - Sending AppendRequest{term=1, leader=1, prevLogIndex=0, prevLogTerm=0, entries=0, commitIndex=0} to 3
21:51:59.441 [raft-server-system-partition-1] TRACE i.a.p.raft.roles.FollowerRole - RaftServer{system-partition-1}{role=FOLLOWER} - Sending ConfigureResponse{status=OK}
21:51:59.441 [raft-server-system-partition-1] TRACE i.a.p.raft.roles.FollowerRole - RaftServer{system-partition-1}{role=FOLLOWER} - Received AppendRequest{term=1, leader=1, prevLogIndex=0, prevLogTerm=0, entries=0, commitIndex=0}
21:51:59.441 [raft-server-system-partition-1] TRACE i.a.p.raft.roles.FollowerRole - RaftServer{system-partition-1}{role=FOLLOWER} - Sending AppendResponse{status=OK, term=1, succeeded=true, lastLogIndex=0}
21:51:59.441 [raft-server-system-partition-1] TRACE i.a.p.raft.roles.LeaderAppender - RaftServer{system-partition-1} - Received ConfigureResponse{status=OK} from 2
21:51:59.442 [raft-server-system-partition-1] TRACE i.a.p.raft.roles.LeaderAppender - RaftServer{system-partition-1} - Received AppendResponse{status=OK, term=1, succeeded=true, lastLogIndex=0} from 2
21:51:59.442 [raft-server-system-partition-1] TRACE i.a.p.raft.roles.LeaderAppender - RaftServer{system-partition-1} - Sending AppendRequest{term=1, leader=1, prevLogIndex=0, prevLogTerm=0, entries=1, commitIndex=0} to 2
21:51:59.442 [raft-server-system-partition-1] TRACE i.a.p.raft.roles.FollowerRole - RaftServer{system-partition-1}{role=FOLLOWER} - Received AppendRequest{term=1, leader=1, prevLogIndex=0, prevLogTerm=0, entries=1, commitIndex=0}
21:51:59.442 [raft-server-system-partition-1] DEBUG i.a.p.raft.roles.FollowerRole - RaftServer{system-partition-1}{role=FOLLOWER} - Reset first index to 1
21:51:59.442 [raft-server-system-partition-1] TRACE i.a.p.raft.roles.FollowerRole - RaftServer{system-partition-1}{role=FOLLOWER} - Appended Indexed{index=1, entry=InitializeEntry{term=1, timestamp=2018-06-10 09:51:59,367}}
21:51:59.442 [raft-server-system-partition-1] TRACE i.a.p.raft.roles.FollowerRole - RaftServer{system-partition-1}{role=FOLLOWER} - Sending AppendResponse{status=OK, term=1, succeeded=true, lastLogIndex=1}
21:51:59.442 [raft-server-system-partition-1] TRACE i.a.p.raft.roles.LeaderAppender - RaftServer{system-partition-1} - Received AppendResponse{status=OK, term=1, succeeded=true, lastLogIndex=1} from 2
21:51:59.442 [raft-server-system-partition-1] TRACE i.a.p.raft.roles.LeaderAppender - RaftServer{system-partition-1} - Committed entries up to 1
21:51:59.476 [raft-server-system-partition-1] TRACE i.a.p.raft.roles.FollowerRole - RaftServer{system-partition-1}{role=FOLLOWER} - Sending ConfigureResponse{status=OK}
21:51:59.476 [raft-server-system-partition-1] TRACE i.a.p.raft.roles.FollowerRole - RaftServer{system-partition-1}{role=FOLLOWER} - Received AppendRequest{term=1, leader=1, prevLogIndex=0, prevLogTerm=0, entries=0, commitIndex=0}
21:51:59.476 [raft-server-system-partition-1] TRACE i.a.p.raft.roles.FollowerRole - RaftServer{system-partition-1}{role=FOLLOWER} - Sending AppendResponse{status=OK, term=1, succeeded=true, lastLogIndex=0}
21:51:59.499 [raft-server-system-partition-1] TRACE i.a.p.raft.roles.LeaderAppender - RaftServer{system-partition-1} - Received ConfigureResponse{status=OK} from 3
21:51:59.499 [raft-server-system-partition-1] TRACE i.a.p.raft.roles.LeaderAppender - RaftServer{system-partition-1} - Received AppendResponse{status=OK, term=1, succeeded=true, lastLogIndex=0} from 3
21:51:59.499 [raft-server-system-partition-1] TRACE i.a.p.raft.roles.LeaderAppender - RaftServer{system-partition-1} - Sending AppendRequest{term=1, leader=1, prevLogIndex=0, prevLogTerm=0, entries=1, commitIndex=1} to 3
21:51:59.499 [raft-server-system-partition-1-state] TRACE i.a.p.raft.impl.RaftServiceManager - RaftServer{system-partition-1} - Applying Indexed{index=1, entry=InitializeEntry{term=1, timestamp=2018-06-10 09:51:59,367}}
21:51:59.500 [raft-server-system-partition-1] TRACE i.a.p.raft.roles.FollowerRole - RaftServer{system-partition-1}{role=FOLLOWER} - Received AppendRequest{term=1, leader=1, prevLogIndex=0, prevLogTerm=0, entries=1, commitIndex=1}
21:51:59.500 [raft-server-system-partition-1] DEBUG i.a.p.raft.roles.FollowerRole - RaftServer{system-partition-1}{role=FOLLOWER} - Reset first index to 1
21:51:59.500 [raft-server-system-partition-1] TRACE i.a.p.raft.roles.FollowerRole - RaftServer{system-partition-1}{role=FOLLOWER} - Appended Indexed{index=1, entry=InitializeEntry{term=1, timestamp=2018-06-10 09:51:59,367}}
21:51:59.533 [raft-server-system-partition-1] TRACE i.a.p.raft.roles.FollowerRole - RaftServer{system-partition-1}{role=FOLLOWER} - Committed entries up to index 1
21:51:59.533 [raft-server-system-partition-1] TRACE i.a.p.raft.roles.FollowerRole - RaftServer{system-partition-1}{role=FOLLOWER} - Sending AppendResponse{status=OK, term=1, succeeded=true, lastLogIndex=1}
21:51:59.533 [raft-server-system-partition-1-state] TRACE i.a.p.raft.impl.RaftServiceManager - RaftServer{system-partition-1} - Applying Indexed{index=1, entry=InitializeEntry{term=1, timestamp=2018-06-10 09:51:59,367}}
21:51:59.533 [raft-server-system-partition-1] TRACE i.a.p.raft.roles.LeaderAppender - RaftServer{system-partition-1} - Received AppendResponse{status=OK, term=1, succeeded=true, lastLogIndex=1} from 3
21:51:59.667 [raft-server-system-partition-1] TRACE i.a.p.raft.roles.LeaderAppender - RaftServer{system-partition-1} - Sending AppendRequest{term=1, leader=1, prevLogIndex=1, prevLogTerm=1, entries=0, commitIndex=1} to 2
21:51:59.667 [raft-server-system-partition-1] TRACE i.a.p.raft.roles.LeaderAppender - RaftServer{system-partition-1} - Sending AppendRequest{term=1, leader=1, prevLogIndex=1, prevLogTerm=1, entries=0, commitIndex=1} to 3
21:51:59.668 [raft-server-system-partition-1] TRACE i.a.p.raft.roles.FollowerRole - RaftServer{system-partition-1}{role=FOLLOWER} - Received AppendRequest{term=1, leader=1, prevLogIndex=1, prevLogTerm=1, entries=0, commitIndex=1}
21:51:59.668 [raft-server-system-partition-1] TRACE i.a.p.raft.roles.FollowerRole - RaftServer{system-partition-1}{role=FOLLOWER} - Received AppendRequest{term=1, leader=1, prevLogIndex=1, prevLogTerm=1, entries=0, commitIndex=1}
21:51:59.668 [raft-server-system-partition-1] TRACE i.a.p.raft.roles.FollowerRole - RaftServer{system-partition-1}{role=FOLLOWER} - Sending AppendResponse{status=OK, term=1, succeeded=true, lastLogIndex=1}
21:51:59.668 [raft-server-system-partition-1] TRACE i.a.p.raft.roles.LeaderAppender - RaftServer{system-partition-1} - Received AppendResponse{status=OK, term=1, succeeded=true, lastLogIndex=1} from 3
21:51:59.668 [raft-server-system-partition-1] TRACE i.a.p.raft.roles.LeaderAppender - RaftServer{system-partition-1} - Sending AppendRequest{term=1, leader=1, prevLogIndex=1, prevLogTerm=1, entries=0, commitIndex=1} to 3
21:51:59.668 [raft-server-system-partition-1] TRACE i.a.p.raft.roles.FollowerRole - RaftServer{system-partition-1}{role=FOLLOWER} - Received AppendRequest{term=1, leader=1, prevLogIndex=1, prevLogTerm=1, entries=0, commitIndex=1}
21:51:59.668 [raft-server-system-partition-1] TRACE i.a.p.raft.roles.FollowerRole - RaftServer{system-partition-1}{role=FOLLOWER} - Sending AppendResponse{status=OK, term=1, succeeded=true, lastLogIndex=1}
21:51:59.669 [raft-server-system-partition-1] TRACE i.a.p.raft.roles.LeaderAppender - RaftServer{system-partition-1} - Received AppendResponse{status=OK, term=1, succeeded=true, lastLogIndex=1} from 3
21:51:59.683 [raft-server-system-partition-1] TRACE i.a.p.raft.roles.FollowerRole - RaftServer{system-partition-1}{role=FOLLOWER} - Committed entries up to index 1
21:51:59.683 [raft-server-system-partition-1] TRACE i.a.p.raft.roles.FollowerRole - RaftServer{system-partition-1}{role=FOLLOWER} - Sending AppendResponse{status=OK, term=1, succeeded=true, lastLogIndex=1}
21:51:59.683 [raft-server-system-partition-1-state] TRACE i.a.p.raft.impl.RaftServiceManager - RaftServer{system-partition-1} - Applying Indexed{index=1, entry=InitializeEntry{term=1, timestamp=2018-06-10 09:51:59,367}}
21:51:59.683 [raft-server-system-partition-1] TRACE i.a.p.raft.roles.LeaderAppender - RaftServer{system-partition-1} - Received AppendResponse{status=OK, term=1, succeeded=true, lastLogIndex=1} from 2
21:51:59.917 [raft-server-system-partition-1] TRACE i.a.p.raft.roles.LeaderAppender - RaftServer{system-partition-1} - Sending AppendRequest{term=1, leader=1, prevLogIndex=1, prevLogTerm=1, entries=0, commitIndex=1} to 2
21:51:59.917 [raft-server-system-partition-1] TRACE i.a.p.raft.roles.LeaderAppender - RaftServer{system-partition-1} - Sending AppendRequest{term=1, leader=1, prevLogIndex=1, prevLogTerm=1, entries=0, commitIndex=1} to 3
21:51:59.917 [raft-server-system-partition-1] TRACE i.a.p.raft.roles.FollowerRole - RaftServer{system-partition-1}{role=FOLLOWER} - Received AppendRequest{term=1, leader=1, prevLogIndex=1, prevLogTerm=1, entries=0, commitIndex=1}
21:51:59.918 [raft-server-system-partition-1] TRACE i.a.p.raft.roles.FollowerRole - RaftServer{system-partition-1}{role=FOLLOWER} - Sending AppendResponse{status=OK, term=1, succeeded=true, lastLogIndex=1}
21:51:59.918 [raft-server-system-partition-1] TRACE i.a.p.raft.roles.FollowerRole - RaftServer{system-partition-1}{role=FOLLOWER} - Received AppendRequest{term=1, leader=1, prevLogIndex=1, prevLogTerm=1, entries=0, commitIndex=1}
21:51:59.918 [raft-server-system-partition-1] TRACE i.a.p.raft.roles.FollowerRole - RaftServer{system-partition-1}{role=FOLLOWER} - Sending AppendResponse{status=OK, term=1, succeeded=true, lastLogIndex=1}
21:51:59.918 [raft-server-system-partition-1] TRACE i.a.p.raft.roles.LeaderAppender - RaftServer{system-partition-1} - Received AppendResponse{status=OK, term=1, succeeded=true, lastLogIndex=1} from 2
21:51:59.918 [raft-server-system-partition-1] TRACE i.a.p.raft.roles.LeaderAppender - RaftServer{system-partition-1} - Sending AppendRequest{term=1, leader=1, prevLogIndex=1, prevLogTerm=1, entries=0, commitIndex=1} to 2
21:51:59.918 [raft-server-system-partition-1] TRACE i.a.p.raft.roles.LeaderAppender - RaftServer{system-partition-1} - Received AppendResponse{status=OK, term=1, succeeded=true, lastLogIndex=1} from 3
21:51:59.918 [raft-server-system-partition-1] TRACE i.a.p.raft.roles.LeaderAppender - RaftServer{system-partition-1} - Sending AppendRequest{term=1, leader=1, prevLogIndex=1, prevLogTerm=1, entries=0, commitIndex=1} to 3
21:51:59.918 [raft-server-system-partition-1] TRACE i.a.p.raft.roles.FollowerRole - RaftServer{system-partition-1}{role=FOLLOWER} - Received AppendRequest{term=1, leader=1, prevLogIndex=1, prevLogTerm=1, entries=0, commitIndex=1}
21:51:59.918 [raft-server-system-partition-1] TRACE i.a.p.raft.roles.FollowerRole - RaftServer{system-partition-1}{role=FOLLOWER} - Sending AppendResponse{status=OK, term=1, succeeded=true, lastLogIndex=1}
21:51:59.918 [raft-server-system-partition-1] TRACE i.a.p.raft.roles.FollowerRole - RaftServer{system-partition-1}{role=FOLLOWER} - Received AppendRequest{term=1, leader=1, prevLogIndex=1, prevLogTerm=1, entries=0, commitIndex=1}
21:51:59.918 [raft-server-system-partition-1] TRACE i.a.p.raft.roles.FollowerRole - RaftServer{system-partition-1}{role=FOLLOWER} - Sending AppendResponse{status=OK, term=1, succeeded=true, lastLogIndex=1}
21:51:59.918 [raft-server-system-partition-1] TRACE i.a.p.raft.roles.LeaderAppender - RaftServer{system-partition-1} - Received AppendResponse{status=OK, term=1, succeeded=true, lastLogIndex=1} from 2
21:51:59.918 [raft-server-system-partition-1] TRACE i.a.p.raft.roles.LeaderAppender - RaftServer{system-partition-1} - Received AppendResponse{status=OK, term=1, succeeded=true, lastLogIndex=1} from 3
21:52:00.167 [raft-server-system-partition-1] TRACE i.a.p.raft.roles.LeaderAppender - RaftServer{system-partition-1} - Sending AppendRequest{term=1, leader=1, prevLogIndex=1, prevLogTerm=1, entries=0, commitIndex=1} to 2
21:52:00.167 [raft-server-system-partition-1] TRACE i.a.p.raft.roles.LeaderAppender - RaftServer{system-partition-1} - Sending AppendRequest{term=1, leader=1, prevLogIndex=1, prevLogTerm=1, entries=0, commitIndex=1} to 3
21:52:00.168 [raft-server-system-partition-1] TRACE i.a.p.raft.roles.FollowerRole - RaftServer{system-partition-1}{role=FOLLOWER} - Received AppendRequest{term=1, leader=1, prevLogIndex=1, prevLogTerm=1, entries=0, commitIndex=1}
21:52:00.168 [raft-server-system-partition-1] TRACE i.a.p.raft.roles.FollowerRole - RaftServer{system-partition-1}{role=FOLLOWER} - Received AppendRequest{term=1, leader=1, prevLogIndex=1, prevLogTerm=1, entries=0, commitIndex=1}
21:52:00.168 [raft-server-system-partition-1] TRACE i.a.p.raft.roles.FollowerRole - RaftServer{system-partition-1}{role=FOLLOWER} - Sending AppendResponse{status=OK, term=1, succeeded=true, lastLogIndex=1}
21:52:00.168 [raft-server-system-partition-1] TRACE i.a.p.raft.roles.FollowerRole - RaftServer{system-partition-1}{role=FOLLOWER} - Sending AppendResponse{status=OK, term=1, succeeded=true, lastLogIndex=1}
21:52:00.168 [raft-server-system-partition-1] TRACE i.a.p.raft.roles.LeaderAppender - RaftServer{system-partition-1} - Received AppendResponse{status=OK, term=1, succeeded=true, lastLogIndex=1} from 3
21:52:00.168 [raft-server-system-partition-1] TRACE i.a.p.raft.roles.LeaderAppender - RaftServer{system-partition-1} - Sending AppendRequest{term=1, leader=1, prevLogIndex=1, prevLogTerm=1, entries=0, commitIndex=1} to 3
21:52:00.168 [raft-server-system-partition-1] TRACE i.a.p.raft.roles.LeaderAppender - RaftServer{system-partition-1} - Received AppendResponse{status=OK, term=1, succeeded=true, lastLogIndex=1} from 2
21:52:00.168 [raft-server-system-partition-1] TRACE i.a.p.raft.roles.LeaderAppender - RaftServer{system-partition-1} - Sending AppendRequest{term=1, leader=1, prevLogIndex=1, prevLogTerm=1, entries=0, commitIndex=1} to 2
21:52:00.168 [raft-server-system-partition-1] TRACE i.a.p.raft.roles.FollowerRole - RaftServer{system-partition-1}{role=FOLLOWER} - Received AppendRequest{term=1, leader=1, prevLogIndex=1, prevLogTerm=1, entries=0, commitIndex=1}
21:52:00.168 [raft-server-system-partition-1] TRACE i.a.p.raft.roles.FollowerRole - RaftServer{system-partition-1}{role=FOLLOWER} - Sending AppendResponse{status=OK, term=1, succeeded=true, lastLogIndex=1}
21:52:00.168 [raft-server-system-partition-1] TRACE i.a.p.raft.roles.FollowerRole - RaftServer{system-partition-1}{role=FOLLOWER} - Received AppendRequest{term=1, leader=1, prevLogIndex=1, prevLogTerm=1, entries=0, commitIndex=1}
21:52:00.168 [raft-server-system-partition-1] TRACE i.a.p.raft.roles.FollowerRole - RaftServer{system-partition-1}{role=FOLLOWER} - Sending AppendResponse{status=OK, term=1, succeeded=true, lastLogIndex=1}
21:52:00.169 [raft-server-system-partition-1] TRACE i.a.p.raft.roles.LeaderAppender - RaftServer{system-partition-1} - Received AppendResponse{status=OK, term=1, succeeded=true, lastLogIndex=1} from 3
21:52:00.169 [raft-server-system-partition-1] TRACE i.a.p.raft.roles.LeaderAppender - RaftServer{system-partition-1} - Received AppendResponse{status=OK, term=1, succeeded=true, lastLogIndex=1} from 2
21:52:00.417 [raft-server-system-partition-1] TRACE i.a.p.raft.roles.LeaderAppender - RaftServer{system-partition-1} - Sending AppendRequest{term=1, leader=1, prevLogIndex=1, prevLogTerm=1, entries=0, commitIndex=1} to 2
21:52:00.417 [raft-server-system-partition-1] TRACE i.a.p.raft.roles.LeaderAppender - RaftServer{system-partition-1} - Sending AppendRequest{term=1, leader=1, prevLogIndex=1, prevLogTerm=1, entries=0, commitIndex=1} to 3
21:52:00.417 [raft-server-system-partition-1] TRACE i.a.p.raft.roles.FollowerRole - RaftServer{system-partition-1}{role=FOLLOWER} - Received AppendRequest{term=1, leader=1, prevLogIndex=1, prevLogTerm=1, entries=0, commitIndex=1}
21:52:00.417 [raft-server-system-partition-1] TRACE i.a.p.raft.roles.FollowerRole - RaftServer{system-partition-1}{role=FOLLOWER} - Sending AppendResponse{status=OK, term=1, succeeded=true, lastLogIndex=1}
21:52:00.418 [raft-server-system-partition-1] TRACE i.a.p.raft.roles.FollowerRole - RaftServer{system-partition-1}{role=FOLLOWER} - Received AppendRequest{term=1, leader=1, prevLogIndex=1, prevLogTerm=1, entries=0, commitIndex=1}
21:52:00.418 [raft-server-system-partition-1] TRACE i.a.p.raft.roles.FollowerRole - RaftServer{system-partition-1}{role=FOLLOWER} - Sending AppendResponse{status=OK, term=1, succeeded=true, lastLogIndex=1}
21:52:00.418 [raft-server-system-partition-1] TRACE i.a.p.raft.roles.LeaderAppender - RaftServer{system-partition-1} - Received AppendResponse{status=OK, term=1, succeeded=true, lastLogIndex=1} from 2
21:52:00.418 [raft-server-system-partition-1] TRACE i.a.p.raft.roles.LeaderAppender - RaftServer{system-partition-1} - Sending AppendRequest{term=1, leader=1, prevLogIndex=1, prevLogTerm=1, entries=0, commitIndex=1} to 2
21:52:00.418 [raft-server-system-partition-1] TRACE i.a.p.raft.roles.LeaderAppender - RaftServer{system-partition-1} - Received AppendResponse{status=OK, term=1, succeeded=true, lastLogIndex=1} from 3
21:52:00.418 [raft-server-system-partition-1] TRACE i.a.p.raft.roles.LeaderAppender - RaftServer{system-partition-1} - Sending AppendRequest{term=1, leader=1, prevLogIndex=1, prevLogTerm=1, entries=0, commitIndex=1} to 3
21:52:00.418 [raft-server-system-partition-1] TRACE i.a.p.raft.roles.FollowerRole - RaftServer{system-partition-1}{role=FOLLOWER} - Received AppendRequest{term=1, leader=1, prevLogIndex=1, prevLogTerm=1, entries=0, commitIndex=1}
21:52:00.418 [raft-server-system-partition-1] TRACE i.a.p.raft.roles.FollowerRole - RaftServer{system-partition-1}{role=FOLLOWER} - Sending AppendResponse{status=OK, term=1, succeeded=true, lastLogIndex=1}
21:52:00.418 [raft-server-system-partition-1] TRACE i.a.p.raft.roles.FollowerRole - RaftServer{system-partition-1}{role=FOLLOWER} - Received AppendRequest{term=1, leader=1, prevLogIndex=1, prevLogTerm=1, entries=0, commitIndex=1}
21:52:00.418 [raft-server-system-partition-1] TRACE i.a.p.raft.roles.FollowerRole - RaftServer{system-partition-1}{role=FOLLOWER} - Sending AppendResponse{status=OK, term=1, succeeded=true, lastLogIndex=1}
21:52:00.418 [raft-server-system-partition-1] TRACE i.a.p.raft.roles.LeaderAppender - RaftServer{system-partition-1} - Received AppendResponse{status=OK, term=1, succeeded=true, lastLogIndex=1} from 2
21:52:00.418 [raft-server-system-partition-1] TRACE i.a.p.raft.roles.LeaderAppender - RaftServer{system-partition-1} - Received AppendResponse{status=OK, term=1, succeeded=true, lastLogIndex=1} from 3
21:52:00.667 [raft-server-system-partition-1] TRACE i.a.p.raft.roles.LeaderAppender - RaftServer{system-partition-1} - Sending AppendRequest{term=1, leader=1, prevLogIndex=1, prevLogTerm=1, entries=0, commitIndex=1} to 2
21:52:00.667 [raft-server-system-partition-1] TRACE i.a.p.raft.roles.LeaderAppender - RaftServer{system-partition-1} - Sending AppendRequest{term=1, leader=1, prevLogIndex=1, prevLogTerm=1, entries=0, commitIndex=1} to 3
21:52:00.668 [raft-server-system-partition-1] TRACE i.a.p.raft.roles.FollowerRole - RaftServer{system-partition-1}{role=FOLLOWER} - Received AppendRequest{term=1, leader=1, prevLogIndex=1, prevLogTerm=1, entries=0, commitIndex=1}
21:52:00.668 [raft-server-system-partition-1] TRACE i.a.p.raft.roles.FollowerRole - RaftServer{system-partition-1}{role=FOLLOWER} - Sending AppendResponse{status=OK, term=1, succeeded=true, lastLogIndex=1}
21:52:00.668 [raft-server-system-partition-1] TRACE i.a.p.raft.roles.FollowerRole - RaftServer{system-partition-1}{role=FOLLOWER} - Received AppendRequest{term=1, leader=1, prevLogIndex=1, prevLogTerm=1, entries=0, commitIndex=1}
21:52:00.668 [raft-server-system-partition-1] TRACE i.a.p.raft.roles.FollowerRole - RaftServer{system-partition-1}{role=FOLLOWER} - Sending AppendResponse{status=OK, term=1, succeeded=true, lastLogIndex=1}
21:52:00.668 [raft-server-system-partition-1] TRACE i.a.p.raft.roles.LeaderAppender - RaftServer{system-partition-1} - Received AppendResponse{status=OK, term=1, succeeded=true, lastLogIndex=1} from 2
21:52:00.668 [raft-server-system-partition-1] TRACE i.a.p.raft.roles.LeaderAppender - RaftServer{system-partition-1} - Sending AppendRequest{term=1, leader=1, prevLogIndex=1, prevLogTerm=1, entries=0, commitIndex=1} to 2
21:52:00.668 [raft-server-system-partition-1] TRACE i.a.p.raft.roles.LeaderAppender - RaftServer{system-partition-1} - Received AppendResponse{status=OK, term=1, succeeded=true, lastLogIndex=1} from 3
21:52:00.668 [raft-server-system-partition-1] TRACE i.a.p.raft.roles.LeaderAppender - RaftServer{system-partition-1} - Sending AppendRequest{term=1, leader=1, prevLogIndex=1, prevLogTerm=1, entries=0, commitIndex=1} to 3
21:52:00.668 [raft-server-system-partition-1] TRACE i.a.p.raft.roles.FollowerRole - RaftServer{system-partition-1}{role=FOLLOWER} - Received AppendRequest{term=1, leader=1, prevLogIndex=1, prevLogTerm=1, entries=0, commitIndex=1}
21:52:00.668 [raft-server-system-partition-1] TRACE i.a.p.raft.roles.FollowerRole - RaftServer{system-partition-1}{role=FOLLOWER} - Sending AppendResponse{status=OK, term=1, succeeded=true, lastLogIndex=1}
21:52:00.668 [raft-server-system-partition-1] TRACE i.a.p.raft.roles.FollowerRole - RaftServer{system-partition-1}{role=FOLLOWER} - Received AppendRequest{term=1, leader=1, prevLogIndex=1, prevLogTerm=1, entries=0, commitIndex=1}
21:52:00.668 [raft-server-system-partition-1] TRACE i.a.p.raft.roles.FollowerRole - RaftServer{system-partition-1}{role=FOLLOWER} - Sending AppendResponse{status=OK, term=1, succeeded=true, lastLogIndex=1}
21:52:00.668 [raft-server-system-partition-1] TRACE i.a.p.raft.roles.LeaderAppender - RaftServer{system-partition-1} - Received AppendResponse{status=OK, term=1, succeeded=true, lastLogIndex=1} from 2
21:52:00.669 [raft-server-system-partition-1] TRACE i.a.p.raft.roles.LeaderAppender - RaftServer{system-partition-1} - Received AppendResponse{status=OK, term=1, succeeded=true, lastLogIndex=1} from 3
21:52:00.685 [raft-server-system-partition-1] TRACE i.a.p.r.c.impl.RaftClusterContext - RaftServer{system-partition-1} - Cancelling join timeout
21:52:00.685 [raft-server-system-partition-1] DEBUG i.a.p.r.c.impl.RaftClusterContext - RaftServer{system-partition-1} - Attempting to join via 2
21:52:00.685 [raft-server-system-partition-1] TRACE i.a.p.raft.roles.FollowerRole - RaftServer{system-partition-1}{role=FOLLOWER} - Received JoinRequest{member=DefaultRaftMember{id=1, type=ACTIVE, updated=2018-06-10T19:51:55.658Z}}
21:52:00.686 [raft-server-system-partition-1] TRACE i.a.protocols.raft.roles.LeaderRole - RaftServer{system-partition-1}{role=LEADER} - Received JoinRequest{member=DefaultRaftMember{id=1, type=ACTIVE, updated=2018-06-10T19:51:55.658Z}}
21:52:00.686 [raft-server-system-partition-1] TRACE i.a.protocols.raft.roles.LeaderRole - RaftServer{system-partition-1}{role=LEADER} - Sending JoinResponse{status=OK, index=0, term=0, timestamp=1528660315658, members=[DefaultRaftMember{id=1, type=ACTIVE, updated=2018-06-10T19:51:55.658Z}, DefaultRaftMember{id=2, type=ACTIVE, updated=2018-06-10T19:51:55.658Z}, DefaultRaftMember{id=3, type=ACTIVE, updated=2018-06-10T19:51:55.658Z}]}
21:52:00.686 [raft-server-system-partition-1] TRACE i.a.p.raft.roles.FollowerRole - RaftServer{system-partition-1}{role=FOLLOWER} - Sending JoinResponse{status=OK, index=0, term=0, timestamp=1528660315658, members=[DefaultRaftMember{id=1, type=ACTIVE, updated=2018-06-10T19:51:55.658Z}, DefaultRaftMember{id=2, type=ACTIVE, updated=2018-06-10T19:51:55.658Z}, DefaultRaftMember{id=3, type=ACTIVE, updated=2018-06-10T19:51:55.658Z}]}
21:52:00.686 [raft-server-system-partition-1] TRACE i.a.p.r.c.impl.RaftClusterContext - RaftServer{system-partition-1} - Cancelling join timeout
21:52:00.686 [raft-server-system-partition-1] INFO  i.a.p.r.c.impl.RaftClusterContext - RaftServer{system-partition-1} - Successfully joined via 2
21:52:00.687 [raft-server-system-partition-1] INFO  i.a.p.raft.impl.DefaultRaftServer - RaftServer{system-partition-1} - Server started successfully!
21:52:00.687 [raft-server-system-partition-1] INFO  i.a.p.r.p.impl.RaftPartitionServer - Successfully started server for partition PartitionId{id=1, group=system}
21:52:00.687 [raft-client-system-partition-1-0] INFO  i.a.p.r.p.impl.RaftPartitionClient - Successfully started client for partition PartitionId{id=1, group=system}
21:52:00.688 [raft-client-system-partition-1-0] INFO  i.a.p.r.partition.RaftPartitionGroup - Started
21:52:00.688 [raft-client-system-partition-1-0] DEBUG i.a.p.r.s.impl.RaftSessionManager - RaftClient{system-partition-1} - Opening session; name: atomix-primary-elector, type: PrimaryElectorType{name=PRIMARY_ELECTOR}
21:52:00.689 [raft-client-system-partition-1-0] TRACE i.a.p.r.s.impl.RaftSessionConnection - RaftClient{system-partition-1} - Sending OpenSessionRequest{node=1, serviceName=atomix-primary-elector, serviceType=PRIMARY_ELECTOR, readConsistency=SEQUENTIAL, minTimeout=250, maxTimeout=30000} to 2
21:52:00.689 [raft-server-system-partition-1] TRACE i.a.p.raft.roles.FollowerRole - RaftServer{system-partition-1}{role=FOLLOWER} - Received OpenSessionRequest{node=1, serviceName=atomix-primary-elector, serviceType=PRIMARY_ELECTOR, readConsistency=SEQUENTIAL, minTimeout=250, maxTimeout=30000}
21:52:00.689 [raft-server-system-partition-1] TRACE i.a.protocols.raft.roles.LeaderRole - RaftServer{system-partition-1}{role=LEADER} - Received OpenSessionRequest{node=1, serviceName=atomix-primary-elector, serviceType=PRIMARY_ELECTOR, readConsistency=SEQUENTIAL, minTimeout=250, maxTimeout=30000}
21:52:00.690 [raft-server-system-partition-1] TRACE i.a.protocols.raft.roles.LeaderRole - RaftServer{system-partition-1}{role=LEADER} - Appended Indexed{index=2, entry=OpenSessionEntry{term=1, timestamp=2018-06-10 09:52:00,689, node=1, serviceName=atomix-primary-elector, serviceType=PRIMARY_ELECTOR, serviceConfig=byte[]{length=2, hash=2636}, readConsistency=SEQUENTIAL, minTimeout=250, maxTimeout=30000}}
21:52:00.690 [raft-server-system-partition-1] TRACE i.a.p.raft.roles.LeaderAppender - RaftServer{system-partition-1} - Sending AppendRequest{term=1, leader=1, prevLogIndex=1, prevLogTerm=1, entries=1, commitIndex=1} to 2
21:52:00.690 [raft-server-system-partition-1] TRACE i.a.p.raft.roles.LeaderAppender - RaftServer{system-partition-1} - Sending AppendRequest{term=1, leader=1, prevLogIndex=1, prevLogTerm=1, entries=1, commitIndex=1} to 3
21:52:00.690 [raft-server-system-partition-1] TRACE i.a.p.raft.roles.FollowerRole - RaftServer{system-partition-1}{role=FOLLOWER} - Received AppendRequest{term=1, leader=1, prevLogIndex=1, prevLogTerm=1, entries=1, commitIndex=1}
21:52:00.690 [raft-server-system-partition-1] TRACE i.a.p.raft.roles.FollowerRole - RaftServer{system-partition-1}{role=FOLLOWER} - Received AppendRequest{term=1, leader=1, prevLogIndex=1, prevLogTerm=1, entries=1, commitIndex=1}
21:52:00.690 [raft-server-system-partition-1] TRACE i.a.p.raft.roles.FollowerRole - RaftServer{system-partition-1}{role=FOLLOWER} - Appended Indexed{index=2, entry=OpenSessionEntry{term=1, timestamp=2018-06-10 09:52:00,689, node=1, serviceName=atomix-primary-elector, serviceType=PRIMARY_ELECTOR, serviceConfig=byte[]{length=2, hash=2636}, readConsistency=SEQUENTIAL, minTimeout=250, maxTimeout=30000}}
21:52:00.690 [raft-server-system-partition-1] TRACE i.a.p.raft.roles.FollowerRole - RaftServer{system-partition-1}{role=FOLLOWER} - Sending AppendResponse{status=OK, term=1, succeeded=true, lastLogIndex=2}
21:52:00.690 [raft-server-system-partition-1] TRACE i.a.p.raft.roles.FollowerRole - RaftServer{system-partition-1}{role=FOLLOWER} - Appended Indexed{index=2, entry=OpenSessionEntry{term=1, timestamp=2018-06-10 09:52:00,689, node=1, serviceName=atomix-primary-elector, serviceType=PRIMARY_ELECTOR, serviceConfig=byte[]{length=2, hash=2636}, readConsistency=SEQUENTIAL, minTimeout=250, maxTimeout=30000}}
21:52:00.690 [raft-server-system-partition-1] TRACE i.a.p.raft.roles.FollowerRole - RaftServer{system-partition-1}{role=FOLLOWER} - Sending AppendResponse{status=OK, term=1, succeeded=true, lastLogIndex=2}
21:52:00.690 [raft-server-system-partition-1] TRACE i.a.p.raft.roles.LeaderAppender - RaftServer{system-partition-1} - Received AppendResponse{status=OK, term=1, succeeded=true, lastLogIndex=2} from 2
21:52:00.690 [raft-server-system-partition-1] TRACE i.a.p.raft.roles.LeaderAppender - RaftServer{system-partition-1} - Committed entries up to 2
21:52:00.724 [raft-server-system-partition-1] TRACE i.a.p.raft.roles.LeaderAppender - RaftServer{system-partition-1} - Received AppendResponse{status=OK, term=1, succeeded=true, lastLogIndex=2} from 3
21:52:00.724 [raft-server-system-partition-1-state] TRACE i.a.p.raft.impl.RaftServiceManager - RaftServer{system-partition-1} - Applying Indexed{index=2, entry=OpenSessionEntry{term=1, timestamp=2018-06-10 09:52:00,689, node=1, serviceName=atomix-primary-elector, serviceType=PRIMARY_ELECTOR, serviceConfig=byte[]{length=2, hash=2636}, readConsistency=SEQUENTIAL, minTimeout=250, maxTimeout=30000}}
21:52:00.726 [raft-server-system-partition-1-state] DEBUG i.a.p.r.service.RaftServiceContext - PrimitiveService{2}{type=PrimaryElectorType{name=PRIMARY_ELECTOR}, name=atomix-primary-elector} - Opening session 2
21:52:00.726 [raft-server-system-partition-1-state] DEBUG i.a.p.raft.session.RaftSession - Session{2}{type=PrimaryElectorType{name=PRIMARY_ELECTOR}, name=atomix-primary-elector} - State changed: OPEN
21:52:00.726 [raft-server-system-partition-1-state] TRACE i.a.protocols.raft.roles.LeaderRole - RaftServer{system-partition-1}{role=LEADER} - Sending OpenSessionResponse{status=OK, session=2, timeout=30000}
21:52:00.726 [raft-server-system-partition-1] TRACE i.a.p.raft.roles.FollowerRole - RaftServer{system-partition-1}{role=FOLLOWER} - Sending OpenSessionResponse{status=OK, session=2, timeout=30000}
21:52:00.727 [raft-client-system-partition-1-1] TRACE i.a.p.r.s.impl.RaftSessionConnection - RaftClient{system-partition-1} - Received OpenSessionResponse{status=OK, session=2, timeout=30000} from 2
21:52:00.727 [raft-client-system-partition-1-0] TRACE i.a.p.r.s.impl.RaftSessionManager - RaftClient{system-partition-1} - Keeping 1 sessions alive
21:52:00.727 [raft-client-system-partition-1-2] TRACE i.a.p.r.s.impl.RaftSessionConnection - RaftClient{system-partition-1} - Sending KeepAliveRequest{sessionIds=long[]{length=1, hash=33}, commandSequences=long[]{length=1, hash=31}, eventIndexes=long[]{length=1, hash=33}} to 2
21:52:00.728 [raft-client-system-partition-1-4] DEBUG i.a.p.r.s.impl.RaftSessionManager - RaftClient{system-partition-1} - Opening session; name: session-id, type: SessionIdGeneratorType{name=SESSION_ID_GENERATOR}
21:52:00.729 [raft-server-system-partition-1] TRACE i.a.p.raft.roles.FollowerRole - RaftServer{system-partition-1}{role=FOLLOWER} - Received KeepAliveRequest{sessionIds=long[]{length=1, hash=33}, commandSequences=long[]{length=1, hash=31}, eventIndexes=long[]{length=1, hash=33}}
21:52:00.729 [raft-server-system-partition-1] TRACE i.a.protocols.raft.roles.LeaderRole - RaftServer{system-partition-1}{role=LEADER} - Received KeepAliveRequest{sessionIds=long[]{length=1, hash=33}, commandSequences=long[]{length=1, hash=31}, eventIndexes=long[]{length=1, hash=33}}
21:52:00.730 [raft-client-system-partition-1-1] TRACE i.a.p.r.s.impl.RaftSessionConnection - RaftClient{system-partition-1} - Sending OpenSessionRequest{node=1, serviceName=session-id, serviceType=SESSION_ID_GENERATOR, readConsistency=SEQUENTIAL, minTimeout=250, maxTimeout=30000} to 2
21:52:00.730 [raft-server-system-partition-1] TRACE i.a.protocols.raft.roles.LeaderRole - RaftServer{system-partition-1}{role=LEADER} - Appended Indexed{index=3, entry=KeepAliveEntry{term=1, timestamp=2018-06-10 09:52:00,729, sessionIds=long[]{length=1, hash=33}, commandSequences=long[]{length=1, hash=31}, eventIndexes=long[]{length=1, hash=33}}}
21:52:00.730 [raft-server-system-partition-1] TRACE i.a.p.raft.roles.LeaderAppender - RaftServer{system-partition-1} - Sending AppendRequest{term=1, leader=1, prevLogIndex=2, prevLogTerm=1, entries=1, commitIndex=2} to 2
21:52:00.730 [raft-server-system-partition-1] TRACE i.a.p.raft.roles.LeaderAppender - RaftServer{system-partition-1} - Sending AppendRequest{term=1, leader=1, prevLogIndex=2, prevLogTerm=1, entries=1, commitIndex=2} to 3
21:52:00.730 [raft-server-system-partition-1] TRACE i.a.p.raft.roles.FollowerRole - RaftServer{system-partition-1}{role=FOLLOWER} - Received OpenSessionRequest{node=1, serviceName=session-id, serviceType=SESSION_ID_GENERATOR, readConsistency=SEQUENTIAL, minTimeout=250, maxTimeout=30000}
21:52:00.730 [raft-server-system-partition-1] TRACE i.a.p.raft.roles.FollowerRole - RaftServer{system-partition-1}{role=FOLLOWER} - Received AppendRequest{term=1, leader=1, prevLogIndex=2, prevLogTerm=1, entries=1, commitIndex=2}
21:52:00.730 [raft-server-system-partition-1] TRACE i.a.p.raft.roles.FollowerRole - RaftServer{system-partition-1}{role=FOLLOWER} - Received AppendRequest{term=1, leader=1, prevLogIndex=2, prevLogTerm=1, entries=1, commitIndex=2}
21:52:00.730 [raft-server-system-partition-1] TRACE i.a.p.raft.roles.FollowerRole - RaftServer{system-partition-1}{role=FOLLOWER} - Appended Indexed{index=3, entry=KeepAliveEntry{term=1, timestamp=2018-06-10 09:52:00,729, sessionIds=long[]{length=1, hash=33}, commandSequences=long[]{length=1, hash=31}, eventIndexes=long[]{length=1, hash=33}}}
21:52:00.730 [raft-server-system-partition-1] TRACE i.a.protocols.raft.roles.LeaderRole - RaftServer{system-partition-1}{role=LEADER} - Received OpenSessionRequest{node=1, serviceName=session-id, serviceType=SESSION_ID_GENERATOR, readConsistency=SEQUENTIAL, minTimeout=250, maxTimeout=30000}
21:52:00.730 [raft-server-system-partition-1] TRACE i.a.p.raft.roles.FollowerRole - RaftServer{system-partition-1}{role=FOLLOWER} - Appended Indexed{index=3, entry=KeepAliveEntry{term=1, timestamp=2018-06-10 09:52:00,729, sessionIds=long[]{length=1, hash=33}, commandSequences=long[]{length=1, hash=31}, eventIndexes=long[]{length=1, hash=33}}}
21:52:00.731 [raft-server-system-partition-1] TRACE i.a.protocols.raft.roles.LeaderRole - RaftServer{system-partition-1}{role=LEADER} - Appended Indexed{index=4, entry=OpenSessionEntry{term=1, timestamp=2018-06-10 09:52:00,730, node=1, serviceName=session-id, serviceType=SESSION_ID_GENERATOR, serviceConfig=byte[]{length=2, hash=2636}, readConsistency=SEQUENTIAL, minTimeout=250, maxTimeout=30000}}
21:52:00.731 [raft-server-system-partition-1] TRACE i.a.p.raft.roles.LeaderAppender - RaftServer{system-partition-1} - Sending AppendRequest{term=1, leader=1, prevLogIndex=3, prevLogTerm=1, entries=1, commitIndex=2} to 2
21:52:00.757 [raft-server-system-partition-1] TRACE i.a.p.raft.roles.FollowerRole - RaftServer{system-partition-1}{role=FOLLOWER} - Committed entries up to index 2
21:52:00.758 [raft-server-system-partition-1] TRACE i.a.p.raft.roles.FollowerRole - RaftServer{system-partition-1}{role=FOLLOWER} - Sending AppendResponse{status=OK, term=1, succeeded=true, lastLogIndex=3}
21:52:00.758 [raft-server-system-partition-1-state] TRACE i.a.p.raft.impl.RaftServiceManager - RaftServer{system-partition-1} - Applying Indexed{index=2, entry=OpenSessionEntry{term=1, timestamp=2018-06-10 09:52:00,689, node=1, serviceName=atomix-primary-elector, serviceType=PRIMARY_ELECTOR, serviceConfig=byte[]{length=2, hash=2636}, readConsistency=SEQUENTIAL, minTimeout=250, maxTimeout=30000}}
21:52:00.758 [raft-server-system-partition-1] TRACE i.a.p.raft.roles.LeaderAppender - RaftServer{system-partition-1} - Received AppendResponse{status=OK, term=1, succeeded=true, lastLogIndex=3} from 3
21:52:00.758 [raft-server-system-partition-1] TRACE i.a.p.raft.roles.LeaderAppender - RaftServer{system-partition-1} - Committed entries up to 3
21:52:00.759 [raft-server-system-partition-1-state] DEBUG i.a.p.r.service.RaftServiceContext - PrimitiveService{2}{type=PrimaryElectorType{name=PRIMARY_ELECTOR}, name=atomix-primary-elector} - Opening session 2
21:52:00.759 [raft-server-system-partition-1-state] DEBUG i.a.p.raft.session.RaftSession - Session{2}{type=PrimaryElectorType{name=PRIMARY_ELECTOR}, name=atomix-primary-elector} - State changed: OPEN
21:52:00.791 [raft-server-system-partition-1] TRACE i.a.p.raft.roles.FollowerRole - RaftServer{system-partition-1}{role=FOLLOWER} - Committed entries up to index 2
21:52:00.791 [raft-server-system-partition-1] TRACE i.a.p.raft.roles.FollowerRole - RaftServer{system-partition-1}{role=FOLLOWER} - Sending AppendResponse{status=OK, term=1, succeeded=true, lastLogIndex=3}
21:52:00.791 [raft-server-system-partition-1] TRACE i.a.p.raft.roles.FollowerRole - RaftServer{system-partition-1}{role=FOLLOWER} - Received AppendRequest{term=1, leader=1, prevLogIndex=3, prevLogTerm=1, entries=1, commitIndex=2}
21:52:00.791 [raft-server-system-partition-1] TRACE i.a.p.raft.roles.FollowerRole - RaftServer{system-partition-1}{role=FOLLOWER} - Appended Indexed{index=4, entry=OpenSessionEntry{term=1, timestamp=2018-06-10 09:52:00,730, node=1, serviceName=session-id, serviceType=SESSION_ID_GENERATOR, serviceConfig=byte[]{length=2, hash=2636}, readConsistency=SEQUENTIAL, minTimeout=250, maxTimeout=30000}}
21:52:00.791 [raft-server-system-partition-1] TRACE i.a.p.raft.roles.FollowerRole - RaftServer{system-partition-1}{role=FOLLOWER} - Sending AppendResponse{status=OK, term=1, succeeded=true, lastLogIndex=4}
21:52:00.791 [raft-server-system-partition-1-state] TRACE i.a.p.raft.impl.RaftServiceManager - RaftServer{system-partition-1} - Applying Indexed{index=2, entry=OpenSessionEntry{term=1, timestamp=2018-06-10 09:52:00,689, node=1, serviceName=atomix-primary-elector, serviceType=PRIMARY_ELECTOR, serviceConfig=byte[]{length=2, hash=2636}, readConsistency=SEQUENTIAL, minTimeout=250, maxTimeout=30000}}
21:52:00.792 [raft-server-system-partition-1] TRACE i.a.p.r.c.impl.RaftClusterContext - RaftServer{system-partition-1} - Cancelling join timeout
21:52:00.792 [raft-server-system-partition-1] DEBUG i.a.p.r.c.impl.RaftClusterContext - RaftServer{system-partition-1} - Attempting to join via 1
21:52:00.792 [raft-server-system-partition-1-state] DEBUG i.a.p.r.service.RaftServiceContext - PrimitiveService{2}{type=PrimaryElectorType{name=PRIMARY_ELECTOR}, name=atomix-primary-elector} - Opening session 2
21:52:00.793 [raft-server-system-partition-1-state] DEBUG i.a.p.raft.session.RaftSession - Session{2}{type=PrimaryElectorType{name=PRIMARY_ELECTOR}, name=atomix-primary-elector} - State changed: OPEN
21:52:00.816 [raft-server-system-partition-1] TRACE i.a.p.raft.roles.LeaderAppender - RaftServer{system-partition-1} - Sending AppendRequest{term=1, leader=1, prevLogIndex=3, prevLogTerm=1, entries=1, commitIndex=3} to 3
21:52:00.816 [raft-server-system-partition-1] TRACE i.a.p.raft.roles.LeaderAppender - RaftServer{system-partition-1} - Received AppendResponse{status=OK, term=1, succeeded=true, lastLogIndex=3} from 2
21:52:00.816 [raft-server-system-partition-1] TRACE i.a.p.raft.roles.LeaderAppender - RaftServer{system-partition-1} - Received AppendResponse{status=OK, term=1, succeeded=true, lastLogIndex=4} from 2
21:52:00.816 [raft-server-system-partition-1] TRACE i.a.p.raft.roles.LeaderAppender - RaftServer{system-partition-1} - Committed entries up to 4
21:52:00.816 [raft-server-system-partition-1] TRACE i.a.p.raft.roles.FollowerRole - RaftServer{system-partition-1}{role=FOLLOWER} - Received AppendRequest{term=1, leader=1, prevLogIndex=3, prevLogTerm=1, entries=1, commitIndex=3}
21:52:00.816 [raft-server-system-partition-1] TRACE i.a.p.raft.roles.FollowerRole - RaftServer{system-partition-1}{role=FOLLOWER} - Appended Indexed{index=4, entry=OpenSessionEntry{term=1, timestamp=2018-06-10 09:52:00,730, node=1, serviceName=session-id, serviceType=SESSION_ID_GENERATOR, serviceConfig=byte[]{length=2, hash=2636}, readConsistency=SEQUENTIAL, minTimeout=250, maxTimeout=30000}}
21:52:00.849 [raft-server-system-partition-1] TRACE i.a.protocols.raft.roles.LeaderRole - RaftServer{system-partition-1}{role=LEADER} - Received JoinRequest{member=DefaultRaftMember{id=2, type=ACTIVE, updated=2018-06-10T19:51:55.789Z}}
21:52:00.849 [raft-server-system-partition-1] TRACE i.a.protocols.raft.roles.LeaderRole - RaftServer{system-partition-1}{role=LEADER} - Sending JoinResponse{status=OK, index=0, term=0, timestamp=1528660315658, members=[DefaultRaftMember{id=1, type=ACTIVE, updated=2018-06-10T19:51:55.658Z}, DefaultRaftMember{id=2, type=ACTIVE, updated=2018-06-10T19:51:55.658Z}, DefaultRaftMember{id=3, type=ACTIVE, updated=2018-06-10T19:51:55.658Z}]}
21:52:00.849 [raft-server-system-partition-1-state] TRACE i.a.p.raft.impl.RaftServiceManager - RaftServer{system-partition-1} - Applying Indexed{index=3, entry=KeepAliveEntry{term=1, timestamp=2018-06-10 09:52:00,729, sessionIds=long[]{length=1, hash=33}, commandSequences=long[]{length=1, hash=31}, eventIndexes=long[]{length=1, hash=33}}}
21:52:00.850 [raft-server-system-partition-1-state] TRACE i.a.p.raft.impl.RaftServiceManager - RaftServer{system-partition-1} - Applying Indexed{index=4, entry=OpenSessionEntry{term=1, timestamp=2018-06-10 09:52:00,730, node=1, serviceName=session-id, serviceType=SESSION_ID_GENERATOR, serviceConfig=byte[]{length=2, hash=2636}, readConsistency=SEQUENTIAL, minTimeout=250, maxTimeout=30000}}
21:52:00.850 [raft-server-system-partition-1] TRACE i.a.p.r.c.impl.RaftClusterContext - RaftServer{system-partition-1} - Cancelling join timeout
21:52:00.850 [raft-server-system-partition-1] TRACE i.a.protocols.raft.roles.LeaderRole - RaftServer{system-partition-1}{role=LEADER} - Sending KeepAliveResponse{status=OK, leader=1, members=[1, 2, 3], sessionIds=long[]{length=1, hash=33}}
21:52:00.850 [raft-server-system-partition-1] INFO  i.a.p.r.c.impl.RaftClusterContext - RaftServer{system-partition-1} - Successfully joined via 1
21:52:00.850 [raft-server-system-partition-1] INFO  i.a.p.raft.impl.DefaultRaftServer - RaftServer{system-partition-1} - Server started successfully!
21:52:00.850 [raft-server-system-partition-1] INFO  i.a.p.r.p.impl.RaftPartitionServer - Successfully started server for partition PartitionId{id=1, group=system}
21:52:00.850 [raft-server-system-partition-1] TRACE i.a.p.raft.roles.FollowerRole - RaftServer{system-partition-1}{role=FOLLOWER} - Sending KeepAliveResponse{status=OK, leader=1, members=[1, 2, 3], sessionIds=long[]{length=1, hash=33}}
21:52:00.850 [raft-client-system-partition-1-0] INFO  i.a.p.r.p.impl.RaftPartitionClient - Successfully started client for partition PartitionId{id=1, group=system}
21:52:00.851 [raft-client-system-partition-1-0] INFO  i.a.p.r.partition.RaftPartitionGroup - Started
21:52:00.851 [raft-client-system-partition-1-0] DEBUG i.a.p.r.s.impl.RaftSessionManager - RaftClient{system-partition-1} - Opening session; name: atomix-primary-elector, type: PrimaryElectorType{name=PRIMARY_ELECTOR}
21:52:00.851 [raft-client-system-partition-1-0] TRACE i.a.p.r.s.impl.RaftSessionConnection - RaftClient{system-partition-1} - Received KeepAliveResponse{status=OK, leader=1, members=[1, 2, 3], sessionIds=long[]{length=1, hash=33}} from 2
21:52:00.851 [raft-server-system-partition-1-state] DEBUG i.a.p.r.service.RaftServiceContext - PrimitiveService{4}{type=SessionIdGeneratorType{name=SESSION_ID_GENERATOR}, name=session-id} - Opening session 4
21:52:00.851 [raft-server-system-partition-1-state] DEBUG i.a.p.raft.session.RaftSession - Session{4}{type=SessionIdGeneratorType{name=SESSION_ID_GENERATOR}, name=session-id} - State changed: OPEN
21:52:00.851 [raft-server-system-partition-1-state] TRACE i.a.protocols.raft.roles.LeaderRole - RaftServer{system-partition-1}{role=LEADER} - Sending OpenSessionResponse{status=OK, session=4, timeout=30000}
21:52:00.851 [raft-server-system-partition-1] TRACE i.a.p.raft.roles.FollowerRole - RaftServer{system-partition-1}{role=FOLLOWER} - Sending OpenSessionResponse{status=OK, session=4, timeout=30000}
21:52:00.852 [raft-client-system-partition-1-6] TRACE i.a.p.r.s.impl.RaftSessionConnection - RaftClient{system-partition-1} - Received OpenSessionResponse{status=OK, session=4, timeout=30000} from 2
21:52:00.852 [raft-client-system-partition-1-6] TRACE i.a.p.r.s.impl.RaftSessionManager - RaftClient{system-partition-1} - Keeping 2 sessions alive
21:52:00.852 [raft-client-system-partition-1-4] TRACE i.a.p.r.s.impl.RaftSessionConnection - RaftClient{system-partition-1} - Sending KeepAliveRequest{sessionIds=long[]{length=2, hash=1027}, commandSequences=long[]{length=2, hash=961}, eventIndexes=long[]{length=2, hash=1027}} to 2
21:52:00.852 [raft-client-system-partition-1-0] INFO  i.a.p.r.p.impl.RaftPartitionServer - Starting server for partition PartitionId{id=6, group=raft}
21:52:00.852 [raft-server-system-partition-1] TRACE i.a.p.raft.roles.FollowerRole - RaftServer{system-partition-1}{role=FOLLOWER} - Received KeepAliveRequest{sessionIds=long[]{length=2, hash=1027}, commandSequences=long[]{length=2, hash=961}, eventIndexes=long[]{length=2, hash=1027}}
21:52:00.852 [raft-client-system-partition-1-0] TRACE i.a.p.r.s.impl.RaftSessionConnection - RaftClient{system-partition-1} - Sending OpenSessionRequest{node=2, serviceName=atomix-primary-elector, serviceType=PRIMARY_ELECTOR, readConsistency=SEQUENTIAL, minTimeout=250, maxTimeout=30000} to 2
21:52:00.852 [raft-server-system-partition-1] TRACE i.a.protocols.raft.roles.LeaderRole - RaftServer{system-partition-1}{role=LEADER} - Received KeepAliveRequest{sessionIds=long[]{length=2, hash=1027}, commandSequences=long[]{length=2, hash=961}, eventIndexes=long[]{length=2, hash=1027}}
21:52:00.852 [raft-server-system-partition-1] TRACE i.a.p.raft.roles.FollowerRole - RaftServer{system-partition-1}{role=FOLLOWER} - Received OpenSessionRequest{node=2, serviceName=atomix-primary-elector, serviceType=PRIMARY_ELECTOR, readConsistency=SEQUENTIAL, minTimeout=250, maxTimeout=30000}
21:52:00.852 [raft-server-system-partition-1] TRACE i.a.protocols.raft.roles.LeaderRole - RaftServer{system-partition-1}{role=LEADER} - Appended Indexed{index=5, entry=KeepAliveEntry{term=1, timestamp=2018-06-10 09:52:00,852, sessionIds=long[]{length=2, hash=1027}, commandSequences=long[]{length=2, hash=961}, eventIndexes=long[]{length=2, hash=1027}}}
21:52:00.853 [raft-server-system-partition-1] TRACE i.a.p.raft.roles.LeaderAppender - RaftServer{system-partition-1} - Sending AppendRequest{term=1, leader=1, prevLogIndex=4, prevLogTerm=1, entries=1, commitIndex=4} to 2
21:52:00.853 [raft-server-system-partition-1] TRACE i.a.p.raft.roles.LeaderAppender - RaftServer{system-partition-1} - Sending AppendRequest{term=1, leader=1, prevLogIndex=4, prevLogTerm=1, entries=1, commitIndex=4} to 3
21:52:00.853 [raft-server-system-partition-1] TRACE i.a.protocols.raft.roles.LeaderRole - RaftServer{system-partition-1}{role=LEADER} - Received OpenSessionRequest{node=2, serviceName=atomix-primary-elector, serviceType=PRIMARY_ELECTOR, readConsistency=SEQUENTIAL, minTimeout=250, maxTimeout=30000}
21:52:00.853 [raft-server-system-partition-1] TRACE i.a.protocols.raft.roles.LeaderRole - RaftServer{system-partition-1}{role=LEADER} - Appended Indexed{index=6, entry=OpenSessionEntry{term=1, timestamp=2018-06-10 09:52:00,853, node=2, serviceName=atomix-primary-elector, serviceType=PRIMARY_ELECTOR, serviceConfig=byte[]{length=2, hash=2636}, readConsistency=SEQUENTIAL, minTimeout=250, maxTimeout=30000}}
21:52:00.853 [raft-server-system-partition-1] TRACE i.a.p.raft.roles.FollowerRole - RaftServer{system-partition-1}{role=FOLLOWER} - Received AppendRequest{term=1, leader=1, prevLogIndex=4, prevLogTerm=1, entries=1, commitIndex=4}
21:52:00.853 [raft-server-system-partition-1] TRACE i.a.p.raft.roles.FollowerRole - RaftServer{system-partition-1}{role=FOLLOWER} - Appended Indexed{index=5, entry=KeepAliveEntry{term=1, timestamp=2018-06-10 09:52:00,852, sessionIds=long[]{length=2, hash=1027}, commandSequences=long[]{length=2, hash=961}, eventIndexes=long[]{length=2, hash=1027}}}
21:52:00.883 [raft-server-system-partition-1] TRACE i.a.p.raft.roles.FollowerRole - RaftServer{system-partition-1}{role=FOLLOWER} - Committed entries up to index 3
21:52:00.883 [raft-server-system-partition-1] TRACE i.a.p.raft.roles.FollowerRole - RaftServer{system-partition-1}{role=FOLLOWER} - Sending AppendResponse{status=OK, term=1, succeeded=true, lastLogIndex=4}
21:52:00.883 [raft-server-system-partition-1] TRACE i.a.p.raft.roles.FollowerRole - RaftServer{system-partition-1}{role=FOLLOWER} - Received AppendRequest{term=1, leader=1, prevLogIndex=4, prevLogTerm=1, entries=1, commitIndex=4}
21:52:00.883 [raft-server-system-partition-1] TRACE i.a.p.raft.roles.FollowerRole - RaftServer{system-partition-1}{role=FOLLOWER} - Appended Indexed{index=5, entry=KeepAliveEntry{term=1, timestamp=2018-06-10 09:52:00,852, sessionIds=long[]{length=2, hash=1027}, commandSequences=long[]{length=2, hash=961}, eventIndexes=long[]{length=2, hash=1027}}}
21:52:00.883 [raft-server-system-partition-1] TRACE i.a.p.raft.roles.LeaderAppender - RaftServer{system-partition-1} - Received AppendResponse{status=OK, term=1, succeeded=true, lastLogIndex=4} from 3
21:52:00.883 [raft-server-system-partition-1] TRACE i.a.p.raft.roles.LeaderAppender - RaftServer{system-partition-1} - Sending AppendRequest{term=1, leader=1, prevLogIndex=5, prevLogTerm=1, entries=1, commitIndex=4} to 3
21:52:00.916 [raft-server-system-partition-1] TRACE i.a.p.raft.roles.FollowerRole - RaftServer{system-partition-1}{role=FOLLOWER} - Committed entries up to index 4
21:52:00.916 [raft-server-system-partition-1] TRACE i.a.p.raft.roles.FollowerRole - RaftServer{system-partition-1}{role=FOLLOWER} - Sending AppendResponse{status=OK, term=1, succeeded=true, lastLogIndex=5}
21:52:00.916 [raft-server-system-partition-1] TRACE i.a.p.raft.roles.FollowerRole - RaftServer{system-partition-1}{role=FOLLOWER} - Committed entries up to index 4
21:52:00.916 [raft-server-system-partition-1] TRACE i.a.p.raft.roles.FollowerRole - RaftServer{system-partition-1}{role=FOLLOWER} - Sending AppendResponse{status=OK, term=1, succeeded=true, lastLogIndex=5}
21:52:00.916 [raft-server-system-partition-1-state] TRACE i.a.p.raft.impl.RaftServiceManager - RaftServer{system-partition-1} - Applying Indexed{index=3, entry=KeepAliveEntry{term=1, timestamp=2018-06-10 09:52:00,729, sessionIds=long[]{length=1, hash=33}, commandSequences=long[]{length=1, hash=31}, eventIndexes=long[]{length=1, hash=33}}}
21:52:00.916 [raft-server-system-partition-1] TRACE i.a.p.raft.roles.FollowerRole - RaftServer{system-partition-1}{role=FOLLOWER} - Received AppendRequest{term=1, leader=1, prevLogIndex=5, prevLogTerm=1, entries=1, commitIndex=4}
21:52:00.916 [raft-server-system-partition-1] TRACE i.a.p.raft.roles.LeaderAppender - RaftServer{system-partition-1} - Received AppendResponse{status=OK, term=1, succeeded=true, lastLogIndex=5} from 2
21:52:00.916 [raft-server-system-partition-1-state] TRACE i.a.p.raft.impl.RaftServiceManager - RaftServer{system-partition-1} - Applying Indexed{index=3, entry=KeepAliveEntry{term=1, timestamp=2018-06-10 09:52:00,729, sessionIds=long[]{length=1, hash=33}, commandSequences=long[]{length=1, hash=31}, eventIndexes=long[]{length=1, hash=33}}}
21:52:00.916 [raft-server-system-partition-1-state] TRACE i.a.p.raft.impl.RaftServiceManager - RaftServer{system-partition-1} - Applying Indexed{index=4, entry=OpenSessionEntry{term=1, timestamp=2018-06-10 09:52:00,730, node=1, serviceName=session-id, serviceType=SESSION_ID_GENERATOR, serviceConfig=byte[]{length=2, hash=2636}, readConsistency=SEQUENTIAL, minTimeout=250, maxTimeout=30000}}
21:52:00.916 [raft-server-system-partition-1] TRACE i.a.p.raft.roles.LeaderAppender - RaftServer{system-partition-1} - Committed entries up to 5
21:52:00.916 [raft-server-system-partition-1] TRACE i.a.p.raft.roles.FollowerRole - RaftServer{system-partition-1}{role=FOLLOWER} - Appended Indexed{index=6, entry=OpenSessionEntry{term=1, timestamp=2018-06-10 09:52:00,853, node=2, serviceName=atomix-primary-elector, serviceType=PRIMARY_ELECTOR, serviceConfig=byte[]{length=2, hash=2636}, readConsistency=SEQUENTIAL, minTimeout=250, maxTimeout=30000}}
21:52:00.916 [raft-client-system-partition-1-0] TRACE i.a.p.raft.storage.system.MetaStore - Store configuration Configuration{index=0, time=2018-06-10 09:52:00,916, members=[DefaultRaftMember{id=1, type=ACTIVE, updated=2018-06-10T19:52:00.916Z}, DefaultRaftMember{id=2, type=ACTIVE, updated=2018-06-10T19:52:00.916Z}, DefaultRaftMember{id=3, type=ACTIVE, updated=2018-06-10T19:52:00.916Z}]}
21:52:00.917 [raft-server-system-partition-1] TRACE i.a.p.raft.roles.FollowerRole - RaftServer{system-partition-1}{role=FOLLOWER} - Sending AppendResponse{status=OK, term=1, succeeded=true, lastLogIndex=6}
21:52:00.917 [raft-server-system-partition-1-state] TRACE i.a.p.raft.impl.RaftServiceManager - RaftServer{system-partition-1} - Applying Indexed{index=4, entry=OpenSessionEntry{term=1, timestamp=2018-06-10 09:52:00,730, node=1, serviceName=session-id, serviceType=SESSION_ID_GENERATOR, serviceConfig=byte[]{length=2, hash=2636}, readConsistency=SEQUENTIAL, minTimeout=250, maxTimeout=30000}}
21:52:00.918 [raft-server-system-partition-1-state] DEBUG i.a.p.r.service.RaftServiceContext - PrimitiveService{4}{type=SessionIdGeneratorType{name=SESSION_ID_GENERATOR}, name=session-id} - Opening session 4
21:52:00.918 [raft-server-system-partition-1-state] DEBUG i.a.p.raft.session.RaftSession - Session{4}{type=SessionIdGeneratorType{name=SESSION_ID_GENERATOR}, name=session-id} - State changed: OPEN
21:52:00.919 [raft-server-system-partition-1-state] DEBUG i.a.p.r.service.RaftServiceContext - PrimitiveService{4}{type=SessionIdGeneratorType{name=SESSION_ID_GENERATOR}, name=session-id} - Opening session 4
21:52:00.919 [raft-server-system-partition-1-state] DEBUG i.a.p.raft.session.RaftSession - Session{4}{type=SessionIdGeneratorType{name=SESSION_ID_GENERATOR}, name=session-id} - State changed: OPEN
21:52:00.948 [raft-server-system-partition-1] TRACE i.a.p.raft.roles.LeaderAppender - RaftServer{system-partition-1} - Sending AppendRequest{term=1, leader=1, prevLogIndex=5, prevLogTerm=1, entries=1, commitIndex=5} to 2
21:52:00.948 [raft-server-system-partition-1] TRACE i.a.p.raft.roles.LeaderAppender - RaftServer{system-partition-1} - Received AppendResponse{status=OK, term=1, succeeded=true, lastLogIndex=5} from 3
21:52:00.949 [raft-server-system-partition-1] TRACE i.a.p.raft.roles.LeaderAppender - RaftServer{system-partition-1} - Received AppendResponse{status=OK, term=1, succeeded=true, lastLogIndex=6} from 3
21:52:00.949 [raft-server-system-partition-1] TRACE i.a.p.raft.roles.LeaderAppender - RaftServer{system-partition-1} - Committed entries up to 6
21:52:00.949 [raft-server-system-partition-1] TRACE i.a.p.raft.roles.FollowerRole - RaftServer{system-partition-1}{role=FOLLOWER} - Received AppendRequest{term=1, leader=1, prevLogIndex=5, prevLogTerm=1, entries=1, commitIndex=5}
21:52:00.949 [raft-server-system-partition-1] TRACE i.a.p.raft.roles.FollowerRole - RaftServer{system-partition-1}{role=FOLLOWER} - Appended Indexed{index=6, entry=OpenSessionEntry{term=1, timestamp=2018-06-10 09:52:00,853, node=2, serviceName=atomix-primary-elector, serviceType=PRIMARY_ELECTOR, serviceConfig=byte[]{length=2, hash=2636}, readConsistency=SEQUENTIAL, minTimeout=250, maxTimeout=30000}}
21:52:00.953 [raft-server-system-partition-1] TRACE i.a.p.r.c.impl.RaftClusterContext - RaftServer{system-partition-1} - Cancelling join timeout
21:52:00.953 [raft-server-system-partition-1] DEBUG i.a.p.r.c.impl.RaftClusterContext - RaftServer{system-partition-1} - Attempting to join via 1
21:52:00.974 [raft-client-system-partition-1-0] INFO  i.a.p.r.p.impl.RaftPartitionServer - Starting server for partition PartitionId{id=5, group=raft}
21:52:00.974 [raft-server-raft-partition-6] INFO  i.a.protocols.raft.impl.RaftContext - RaftServer{raft-partition-6} - Transitioning to FOLLOWER
21:52:00.975 [raft-server-raft-partition-6] DEBUG i.a.p.r.c.impl.RaftClusterContext - RaftServer{raft-partition-6} - Attempting to join via 2
21:52:00.975 [raft-server-raft-partition-6] TRACE i.a.p.r.c.impl.RaftClusterContext - RaftServer{raft-partition-6} - Cancelling join timeout
21:52:00.975 [raft-server-raft-partition-6] DEBUG i.a.p.r.c.impl.RaftClusterContext - RaftServer{raft-partition-6} - Failed to join 2
21:52:00.975 [raft-server-raft-partition-6] DEBUG i.a.p.r.c.impl.RaftClusterContext - RaftServer{raft-partition-6} - Attempting to join via 3
21:52:00.975 [raft-server-raft-partition-6] TRACE i.a.p.r.c.impl.RaftClusterContext - RaftServer{raft-partition-6} - Cancelling join timeout
21:52:00.975 [raft-server-raft-partition-6] DEBUG i.a.p.r.c.impl.RaftClusterContext - RaftServer{raft-partition-6} - Failed to join 3
21:52:00.975 [raft-server-raft-partition-6] DEBUG i.a.p.r.c.impl.RaftClusterContext - RaftServer{raft-partition-6} - Failed to join cluster, retrying...
21:52:01.009 [raft-server-system-partition-1] TRACE i.a.p.raft.roles.LeaderAppender - RaftServer{system-partition-1} - Sending AppendRequest{term=1, leader=1, prevLogIndex=6, prevLogTerm=1, entries=0, commitIndex=6} to 3
21:52:01.009 [raft-server-system-partition-1] TRACE i.a.p.raft.roles.FollowerRole - RaftServer{system-partition-1}{role=FOLLOWER} - Committed entries up to index 5
21:52:01.009 [raft-server-system-partition-1] TRACE i.a.p.raft.roles.FollowerRole - RaftServer{system-partition-1}{role=FOLLOWER} - Sending AppendResponse{status=OK, term=1, succeeded=true, lastLogIndex=6}
21:52:01.009 [raft-server-system-partition-1] TRACE i.a.protocols.raft.roles.LeaderRole - RaftServer{system-partition-1}{role=LEADER} - Received JoinRequest{member=DefaultRaftMember{id=3, type=ACTIVE, updated=2018-06-10T19:51:55.949Z}}
21:52:01.009 [raft-server-system-partition-1-state] TRACE i.a.p.raft.impl.RaftServiceManager - RaftServer{system-partition-1} - Applying Indexed{index=5, entry=KeepAliveEntry{term=1, timestamp=2018-06-10 09:52:00,852, sessionIds=long[]{length=2, hash=1027}, commandSequences=long[]{length=2, hash=961}, eventIndexes=long[]{length=2, hash=1027}}}
21:52:01.009 [raft-server-system-partition-1] TRACE i.a.p.raft.roles.FollowerRole - RaftServer{system-partition-1}{role=FOLLOWER} - Received AppendRequest{term=1, leader=1, prevLogIndex=6, prevLogTerm=1, entries=0, commitIndex=6}
21:52:01.009 [raft-server-system-partition-1-state] TRACE i.a.p.raft.impl.RaftServiceManager - RaftServer{system-partition-1} - Applying Indexed{index=5, entry=KeepAliveEntry{term=1, timestamp=2018-06-10 09:52:00,852, sessionIds=long[]{length=2, hash=1027}, commandSequences=long[]{length=2, hash=961}, eventIndexes=long[]{length=2, hash=1027}}}
21:52:01.009 [raft-server-system-partition-1] TRACE i.a.protocols.raft.roles.LeaderRole - RaftServer{system-partition-1}{role=LEADER} - Sending JoinResponse{status=OK, index=0, term=0, timestamp=1528660315658, members=[DefaultRaftMember{id=1, type=ACTIVE, updated=2018-06-10T19:51:55.658Z}, DefaultRaftMember{id=2, type=ACTIVE, updated=2018-06-10T19:51:55.658Z}, DefaultRaftMember{id=3, type=ACTIVE, updated=2018-06-10T19:51:55.658Z}]}
21:52:01.010 [raft-server-system-partition-1] TRACE i.a.p.raft.roles.LeaderAppender - RaftServer{system-partition-1} - Received AppendResponse{status=OK, term=1, succeeded=true, lastLogIndex=6} from 2
21:52:01.010 [raft-server-system-partition-1] TRACE i.a.p.raft.roles.LeaderAppender - RaftServer{system-partition-1} - Sending AppendRequest{term=1, leader=1, prevLogIndex=6, prevLogTerm=1, entries=0, commitIndex=6} to 2
21:52:01.010 [raft-server-system-partition-1-state] TRACE i.a.p.raft.impl.RaftServiceManager - RaftServer{system-partition-1} - Applying Indexed{index=6, entry=OpenSessionEntry{term=1, timestamp=2018-06-10 09:52:00,853, node=2, serviceName=atomix-primary-elector, serviceType=PRIMARY_ELECTOR, serviceConfig=byte[]{length=2, hash=2636}, readConsistency=SEQUENTIAL, minTimeout=250, maxTimeout=30000}}
21:52:01.010 [raft-server-system-partition-1] TRACE i.a.protocols.raft.roles.LeaderRole - RaftServer{system-partition-1}{role=LEADER} - Sending KeepAliveResponse{status=OK, leader=1, members=[1, 2, 3], sessionIds=long[]{length=2, hash=1027}}
21:52:01.010 [raft-server-system-partition-1-state] DEBUG i.a.p.r.service.RaftServiceContext - PrimitiveService{2}{type=PrimaryElectorType{name=PRIMARY_ELECTOR}, name=atomix-primary-elector} - Opening session 6
21:52:01.010 [raft-server-system-partition-1-state] DEBUG i.a.p.raft.session.RaftSession - Session{6}{type=PrimaryElectorType{name=PRIMARY_ELECTOR}, name=atomix-primary-elector} - State changed: OPEN
21:52:01.010 [raft-server-system-partition-1] TRACE i.a.p.raft.roles.FollowerRole - RaftServer{system-partition-1}{role=FOLLOWER} - Received AppendRequest{term=1, leader=1, prevLogIndex=6, prevLogTerm=1, entries=0, commitIndex=6}
21:52:01.010 [raft-server-system-partition-1] TRACE i.a.p.raft.roles.FollowerRole - RaftServer{system-partition-1}{role=FOLLOWER} - Committed entries up to index 6
21:52:01.010 [raft-server-system-partition-1-state] TRACE i.a.protocols.raft.roles.LeaderRole - RaftServer{system-partition-1}{role=LEADER} - Sending OpenSessionResponse{status=OK, session=6, timeout=30000}
21:52:01.010 [raft-server-system-partition-1] TRACE i.a.p.raft.roles.FollowerRole - RaftServer{system-partition-1}{role=FOLLOWER} - Sending AppendResponse{status=OK, term=1, succeeded=true, lastLogIndex=6}
21:52:01.010 [raft-server-system-partition-1] TRACE i.a.p.raft.roles.FollowerRole - RaftServer{system-partition-1}{role=FOLLOWER} - Sending KeepAliveResponse{status=OK, leader=1, members=[1, 2, 3], sessionIds=long[]{length=2, hash=1027}}
21:52:01.011 [raft-server-system-partition-1] TRACE i.a.p.raft.roles.FollowerRole - RaftServer{system-partition-1}{role=FOLLOWER} - Sending OpenSessionResponse{status=OK, session=6, timeout=30000}
21:52:01.011 [raft-server-system-partition-1] TRACE i.a.p.raft.roles.LeaderAppender - RaftServer{system-partition-1} - Received AppendResponse{status=OK, term=1, succeeded=true, lastLogIndex=6} from 2
21:52:01.011 [raft-server-system-partition-1-state] TRACE i.a.p.raft.impl.RaftServiceManager - RaftServer{system-partition-1} - Applying Indexed{index=6, entry=OpenSessionEntry{term=1, timestamp=2018-06-10 09:52:00,853, node=2, serviceName=atomix-primary-elector, serviceType=PRIMARY_ELECTOR, serviceConfig=byte[]{length=2, hash=2636}, readConsistency=SEQUENTIAL, minTimeout=250, maxTimeout=30000}}
21:52:01.011 [raft-server-system-partition-1-state] DEBUG i.a.p.r.service.RaftServiceContext - PrimitiveService{2}{type=PrimaryElectorType{name=PRIMARY_ELECTOR}, name=atomix-primary-elector} - Opening session 6
21:52:01.011 [raft-server-system-partition-1-state] DEBUG i.a.p.raft.session.RaftSession - Session{6}{type=PrimaryElectorType{name=PRIMARY_ELECTOR}, name=atomix-primary-elector} - State changed: OPEN
21:52:01.011 [raft-client-system-partition-1-5] TRACE i.a.p.r.s.impl.RaftSessionConnection - RaftClient{system-partition-1} - Received KeepAliveResponse{status=OK, leader=1, members=[1, 2, 3], sessionIds=long[]{length=2, hash=1027}} from 2
21:52:01.011 [raft-client-system-partition-1-1] TRACE i.a.p.r.s.impl.RaftSessionConnection - RaftClient{system-partition-1} - Received OpenSessionResponse{status=OK, session=6, timeout=30000} from 2
21:52:01.011 [raft-client-system-partition-1-0] TRACE i.a.p.r.s.impl.RaftSessionManager - RaftClient{system-partition-1} - Keeping 1 sessions alive
21:52:01.011 [raft-client-system-partition-1-2] TRACE i.a.p.r.s.impl.RaftSessionConnection - RaftClient{system-partition-1} - Sending KeepAliveRequest{sessionIds=long[]{length=1, hash=37}, commandSequences=long[]{length=1, hash=31}, eventIndexes=long[]{length=1, hash=37}} to 2
21:52:01.012 [raft-server-system-partition-1] TRACE i.a.p.raft.roles.FollowerRole - RaftServer{system-partition-1}{role=FOLLOWER} - Received KeepAliveRequest{sessionIds=long[]{length=1, hash=37}, commandSequences=long[]{length=1, hash=31}, eventIndexes=long[]{length=1, hash=37}}
21:52:01.012 [raft-server-system-partition-1] TRACE i.a.protocols.raft.roles.LeaderRole - RaftServer{system-partition-1}{role=LEADER} - Received KeepAliveRequest{sessionIds=long[]{length=1, hash=37}, commandSequences=long[]{length=1, hash=31}, eventIndexes=long[]{length=1, hash=37}}
21:52:01.012 [raft-server-system-partition-1] TRACE i.a.protocols.raft.roles.LeaderRole - RaftServer{system-partition-1}{role=LEADER} - Appended Indexed{index=7, entry=KeepAliveEntry{term=1, timestamp=2018-06-10 09:52:01,012, sessionIds=long[]{length=1, hash=37}, commandSequences=long[]{length=1, hash=31}, eventIndexes=long[]{length=1, hash=37}}}
21:52:01.012 [raft-server-system-partition-1] TRACE i.a.p.raft.roles.LeaderAppender - RaftServer{system-partition-1} - Sending AppendRequest{term=1, leader=1, prevLogIndex=6, prevLogTerm=1, entries=1, commitIndex=6} to 2
21:52:01.012 [raft-client-system-partition-1-2] DEBUG i.a.p.r.s.impl.RaftSessionManager - RaftClient{system-partition-1} - Opening session; name: session-id, type: SessionIdGeneratorType{name=SESSION_ID_GENERATOR}
21:52:01.012 [raft-server-system-partition-1] TRACE i.a.p.raft.roles.FollowerRole - RaftServer{system-partition-1}{role=FOLLOWER} - Received AppendRequest{term=1, leader=1, prevLogIndex=6, prevLogTerm=1, entries=1, commitIndex=6}
21:52:01.012 [raft-server-system-partition-1] TRACE i.a.p.raft.roles.FollowerRole - RaftServer{system-partition-1}{role=FOLLOWER} - Appended Indexed{index=7, entry=KeepAliveEntry{term=1, timestamp=2018-06-10 09:52:01,012, sessionIds=long[]{length=1, hash=37}, commandSequences=long[]{length=1, hash=31}, eventIndexes=long[]{length=1, hash=37}}}
21:52:01.012 [raft-server-system-partition-1] TRACE i.a.p.raft.roles.FollowerRole - RaftServer{system-partition-1}{role=FOLLOWER} - Sending AppendResponse{status=OK, term=1, succeeded=true, lastLogIndex=7}
21:52:01.012 [raft-server-system-partition-1] TRACE i.a.p.raft.roles.LeaderAppender - RaftServer{system-partition-1} - Received AppendResponse{status=OK, term=1, succeeded=true, lastLogIndex=7} from 2
21:52:01.013 [raft-server-system-partition-1] TRACE i.a.p.raft.roles.LeaderAppender - RaftServer{system-partition-1} - Committed entries up to 7
21:52:01.014 [raft-client-system-partition-1-4] TRACE i.a.p.r.s.impl.RaftSessionConnection - RaftClient{system-partition-1} - Sending OpenSessionRequest{node=2, serviceName=session-id, serviceType=SESSION_ID_GENERATOR, readConsistency=SEQUENTIAL, minTimeout=250, maxTimeout=30000} to 2
21:52:01.014 [raft-server-system-partition-1] TRACE i.a.p.raft.roles.FollowerRole - RaftServer{system-partition-1}{role=FOLLOWER} - Received OpenSessionRequest{node=2, serviceName=session-id, serviceType=SESSION_ID_GENERATOR, readConsistency=SEQUENTIAL, minTimeout=250, maxTimeout=30000}
21:52:01.041 [raft-client-system-partition-1-0] TRACE i.a.p.raft.storage.system.MetaStore - Store configuration Configuration{index=0, time=2018-06-10 09:52:01,041, members=[DefaultRaftMember{id=1, type=ACTIVE, updated=2018-06-10T19:52:01.041Z}, DefaultRaftMember{id=2, type=ACTIVE, updated=2018-06-10T19:52:01.041Z}, DefaultRaftMember{id=3, type=ACTIVE, updated=2018-06-10T19:52:01.041Z}]}
21:52:01.066 [raft-server-system-partition-1] TRACE i.a.p.raft.roles.FollowerRole - RaftServer{system-partition-1}{role=FOLLOWER} - Committed entries up to index 6
21:52:01.066 [raft-server-system-partition-1] TRACE i.a.p.raft.roles.FollowerRole - RaftServer{system-partition-1}{role=FOLLOWER} - Sending AppendResponse{status=OK, term=1, succeeded=true, lastLogIndex=6}
21:52:01.066 [raft-server-system-partition-1] TRACE i.a.protocols.raft.roles.LeaderRole - RaftServer{system-partition-1}{role=LEADER} - Received OpenSessionRequest{node=2, serviceName=session-id, serviceType=SESSION_ID_GENERATOR, readConsistency=SEQUENTIAL, minTimeout=250, maxTimeout=30000}
21:52:01.066 [raft-server-system-partition-1] TRACE i.a.p.r.c.impl.RaftClusterContext - RaftServer{system-partition-1} - Cancelling join timeout
21:52:01.066 [raft-server-system-partition-1] INFO  i.a.p.r.c.impl.RaftClusterContext - RaftServer{system-partition-1} - Successfully joined via 1
21:52:01.066 [raft-server-raft-partition-5] INFO  i.a.protocols.raft.impl.RaftContext - RaftServer{raft-partition-5} - Transitioning to FOLLOWER
21:52:01.066 [raft-client-system-partition-1-0] INFO  i.a.p.r.p.impl.RaftPartitionServer - Starting server for partition PartitionId{id=7, group=raft}
21:52:01.066 [raft-server-system-partition-1] TRACE i.a.protocols.raft.roles.LeaderRole - RaftServer{system-partition-1}{role=LEADER} - Appended Indexed{index=8, entry=OpenSessionEntry{term=1, timestamp=2018-06-10 09:52:01,066, node=2, serviceName=session-id, serviceType=SESSION_ID_GENERATOR, serviceConfig=byte[]{length=2, hash=2636}, readConsistency=SEQUENTIAL, minTimeout=250, maxTimeout=30000}}
21:52:01.066 [raft-server-system-partition-1] INFO  i.a.p.raft.impl.DefaultRaftServer - RaftServer{system-partition-1} - Server started successfully!
21:52:01.066 [raft-server-raft-partition-5] DEBUG i.a.p.r.c.impl.RaftClusterContext - RaftServer{raft-partition-5} - Attempting to join via 2
21:52:01.066 [raft-server-system-partition-1] TRACE i.a.p.raft.roles.LeaderAppender - RaftServer{system-partition-1} - Received AppendResponse{status=OK, term=1, succeeded=true, lastLogIndex=6} from 3
21:52:01.066 [raft-server-system-partition-1] INFO  i.a.p.r.p.impl.RaftPartitionServer - Successfully started server for partition PartitionId{id=1, group=system}
21:52:01.066 [raft-server-system-partition-1-state] TRACE i.a.p.raft.impl.RaftServiceManager - RaftServer{system-partition-1} - Applying Indexed{index=7, entry=KeepAliveEntry{term=1, timestamp=2018-06-10 09:52:01,012, sessionIds=long[]{length=1, hash=37}, commandSequences=long[]{length=1, hash=31}, eventIndexes=long[]{length=1, hash=37}}}
21:52:01.067 [raft-server-system-partition-1] TRACE i.a.p.raft.roles.LeaderAppender - RaftServer{system-partition-1} - Sending AppendRequest{term=1, leader=1, prevLogIndex=6, prevLogTerm=1, entries=2, commitIndex=7} to 3
21:52:01.067 [raft-server-system-partition-1] TRACE i.a.p.raft.roles.LeaderAppender - RaftServer{system-partition-1} - Sending AppendRequest{term=1, leader=1, prevLogIndex=7, prevLogTerm=1, entries=1, commitIndex=7} to 2
21:52:01.067 [raft-server-raft-partition-5] TRACE i.a.p.r.c.impl.RaftClusterContext - RaftServer{raft-partition-5} - Cancelling join timeout
21:52:01.067 [raft-server-raft-partition-5] DEBUG i.a.p.r.c.impl.RaftClusterContext - RaftServer{raft-partition-5} - Failed to join 2
21:52:01.067 [raft-server-system-partition-1] TRACE i.a.protocols.raft.roles.LeaderRole - RaftServer{system-partition-1}{role=LEADER} - Sending KeepAliveResponse{status=OK, leader=1, members=[1, 2, 3], sessionIds=long[]{length=1, hash=37}}
21:52:01.067 [raft-server-raft-partition-5] DEBUG i.a.p.r.c.impl.RaftClusterContext - RaftServer{raft-partition-5} - Attempting to join via 3
21:52:01.067 [raft-server-system-partition-1] TRACE i.a.p.raft.roles.FollowerRole - RaftServer{system-partition-1}{role=FOLLOWER} - Received AppendRequest{term=1, leader=1, prevLogIndex=7, prevLogTerm=1, entries=1, commitIndex=7}
21:52:01.067 [raft-server-system-partition-1] TRACE i.a.p.raft.roles.FollowerRole - RaftServer{system-partition-1}{role=FOLLOWER} - Received AppendRequest{term=1, leader=1, prevLogIndex=6, prevLogTerm=1, entries=2, commitIndex=7}
21:52:01.067 [raft-server-system-partition-1-state] TRACE i.a.p.raft.impl.RaftServiceManager - RaftServer{system-partition-1} - Applying Indexed{index=5, entry=KeepAliveEntry{term=1, timestamp=2018-06-10 09:52:00,852, sessionIds=long[]{length=2, hash=1027}, commandSequences=long[]{length=2, hash=961}, eventIndexes=long[]{length=2, hash=1027}}}
21:52:01.067 [raft-server-system-partition-1] TRACE i.a.p.raft.roles.FollowerRole - RaftServer{system-partition-1}{role=FOLLOWER} - Appended Indexed{index=8, entry=OpenSessionEntry{term=1, timestamp=2018-06-10 09:52:01,066, node=2, serviceName=session-id, serviceType=SESSION_ID_GENERATOR, serviceConfig=byte[]{length=2, hash=2636}, readConsistency=SEQUENTIAL, minTimeout=250, maxTimeout=30000}}
21:52:01.067 [raft-server-raft-partition-5] TRACE i.a.p.r.c.impl.RaftClusterContext - RaftServer{raft-partition-5} - Cancelling join timeout
21:52:01.067 [raft-server-system-partition-1] TRACE i.a.p.raft.roles.FollowerRole - RaftServer{system-partition-1}{role=FOLLOWER} - Appended Indexed{index=7, entry=KeepAliveEntry{term=1, timestamp=2018-06-10 09:52:01,012, sessionIds=long[]{length=1, hash=37}, commandSequences=long[]{length=1, hash=31}, eventIndexes=long[]{length=1, hash=37}}}
21:52:01.067 [raft-client-system-partition-1-0] INFO  i.a.p.r.p.impl.RaftPartitionClient - Successfully started client for partition PartitionId{id=1, group=system}
21:52:01.067 [raft-server-system-partition-1-state] TRACE i.a.p.raft.impl.RaftServiceManager - RaftServer{system-partition-1} - Applying Indexed{index=6, entry=OpenSessionEntry{term=1, timestamp=2018-06-10 09:52:00,853, node=2, serviceName=atomix-primary-elector, serviceType=PRIMARY_ELECTOR, serviceConfig=byte[]{length=2, hash=2636}, readConsistency=SEQUENTIAL, minTimeout=250, maxTimeout=30000}}
21:52:01.068 [raft-server-raft-partition-5] DEBUG i.a.p.r.c.impl.RaftClusterContext - RaftServer{raft-partition-5} - Failed to join 3
21:52:01.068 [raft-server-system-partition-1] TRACE i.a.p.raft.roles.FollowerRole - RaftServer{system-partition-1}{role=FOLLOWER} - Appended Indexed{index=8, entry=OpenSessionEntry{term=1, timestamp=2018-06-10 09:52:01,066, node=2, serviceName=session-id, serviceType=SESSION_ID_GENERATOR, serviceConfig=byte[]{length=2, hash=2636}, readConsistency=SEQUENTIAL, minTimeout=250, maxTimeout=30000}}
21:52:01.068 [raft-server-system-partition-1-state] DEBUG i.a.p.r.service.RaftServiceContext - PrimitiveService{2}{type=PrimaryElectorType{name=PRIMARY_ELECTOR}, name=atomix-primary-elector} - Opening session 6
21:52:01.068 [raft-server-raft-partition-5] DEBUG i.a.p.r.c.impl.RaftClusterContext - RaftServer{raft-partition-5} - Failed to join cluster, retrying...
21:52:01.068 [raft-client-system-partition-1-0] INFO  i.a.p.r.partition.RaftPartitionGroup - Started
21:52:01.068 [raft-server-system-partition-1-state] DEBUG i.a.p.raft.session.RaftSession - Session{6}{type=PrimaryElectorType{name=PRIMARY_ELECTOR}, name=atomix-primary-elector} - State changed: OPEN
21:52:01.068 [raft-client-system-partition-1-0] DEBUG i.a.p.r.s.impl.RaftSessionManager - RaftClient{system-partition-1} - Opening session; name: atomix-primary-elector, type: PrimaryElectorType{name=PRIMARY_ELECTOR}
21:52:01.069 [raft-client-system-partition-1-0] TRACE i.a.p.r.s.impl.RaftSessionConnection - RaftClient{system-partition-1} - Sending OpenSessionRequest{node=3, serviceName=atomix-primary-elector, serviceType=PRIMARY_ELECTOR, readConsistency=SEQUENTIAL, minTimeout=250, maxTimeout=30000} to 1
21:52:01.070 [raft-server-system-partition-1] TRACE i.a.protocols.raft.roles.LeaderRole - RaftServer{system-partition-1}{role=LEADER} - Received OpenSessionRequest{node=3, serviceName=atomix-primary-elector, serviceType=PRIMARY_ELECTOR, readConsistency=SEQUENTIAL, minTimeout=250, maxTimeout=30000}
21:52:01.070 [raft-server-system-partition-1] TRACE i.a.protocols.raft.roles.LeaderRole - RaftServer{system-partition-1}{role=LEADER} - Appended Indexed{index=9, entry=OpenSessionEntry{term=1, timestamp=2018-06-10 09:52:01,070, node=3, serviceName=atomix-primary-elector, serviceType=PRIMARY_ELECTOR, serviceConfig=byte[]{length=2, hash=2636}, readConsistency=SEQUENTIAL, minTimeout=250, maxTimeout=30000}}
21:52:01.109 [raft-server-system-partition-1] TRACE i.a.p.raft.roles.FollowerRole - RaftServer{system-partition-1}{role=FOLLOWER} - Committed entries up to index 7
21:52:01.109 [raft-server-system-partition-1] TRACE i.a.p.raft.roles.FollowerRole - RaftServer{system-partition-1}{role=FOLLOWER} - Sending AppendResponse{status=OK, term=1, succeeded=true, lastLogIndex=8}
21:52:01.109 [raft-server-system-partition-1] TRACE i.a.p.raft.roles.FollowerRole - RaftServer{system-partition-1}{role=FOLLOWER} - Sending KeepAliveResponse{status=OK, leader=1, members=[1, 2, 3], sessionIds=long[]{length=1, hash=37}}
21:52:01.109 [raft-client-system-partition-1-1] TRACE i.a.p.r.s.impl.RaftSessionConnection - RaftClient{system-partition-1} - Received KeepAliveResponse{status=OK, leader=1, members=[1, 2, 3], sessionIds=long[]{length=1, hash=37}} from 2
21:52:01.109 [raft-server-system-partition-1-state] TRACE i.a.p.raft.impl.RaftServiceManager - RaftServer{system-partition-1} - Applying Indexed{index=7, entry=KeepAliveEntry{term=1, timestamp=2018-06-10 09:52:01,012, sessionIds=long[]{length=1, hash=37}, commandSequences=long[]{length=1, hash=31}, eventIndexes=long[]{length=1, hash=37}}}
21:52:01.110 [raft-server-system-partition-1] TRACE i.a.p.raft.roles.LeaderAppender - RaftServer{system-partition-1} - Received AppendResponse{status=OK, term=1, succeeded=true, lastLogIndex=8} from 2
21:52:01.110 [raft-server-system-partition-1] TRACE i.a.p.raft.roles.LeaderAppender - RaftServer{system-partition-1} - Committed entries up to 8
21:52:01.141 [raft-server-system-partition-1] TRACE i.a.p.raft.roles.FollowerRole - RaftServer{system-partition-1}{role=FOLLOWER} - Committed entries up to index 7
21:52:01.141 [raft-server-system-partition-1] TRACE i.a.p.raft.roles.FollowerRole - RaftServer{system-partition-1}{role=FOLLOWER} - Sending AppendResponse{status=OK, term=1, succeeded=true, lastLogIndex=8}
21:52:01.141 [raft-server-system-partition-1] TRACE i.a.p.raft.roles.LeaderAppender - RaftServer{system-partition-1} - Sending AppendRequest{term=1, leader=1, prevLogIndex=8, prevLogTerm=1, entries=1, commitIndex=8} to 2
21:52:01.141 [raft-server-system-partition-1-state] TRACE i.a.p.raft.impl.RaftServiceManager - RaftServer{system-partition-1} - Applying Indexed{index=7, entry=KeepAliveEntry{term=1, timestamp=2018-06-10 09:52:01,012, sessionIds=long[]{length=1, hash=37}, commandSequences=long[]{length=1, hash=31}, eventIndexes=long[]{length=1, hash=37}}}
21:52:01.141 [raft-server-system-partition-1] TRACE i.a.p.raft.roles.LeaderAppender - RaftServer{system-partition-1} - Received AppendResponse{status=OK, term=1, succeeded=true, lastLogIndex=8} from 3
21:52:01.141 [raft-server-system-partition-1-state] TRACE i.a.p.raft.impl.RaftServiceManager - RaftServer{system-partition-1} - Applying Indexed{index=8, entry=OpenSessionEntry{term=1, timestamp=2018-06-10 09:52:01,066, node=2, serviceName=session-id, serviceType=SESSION_ID_GENERATOR, serviceConfig=byte[]{length=2, hash=2636}, readConsistency=SEQUENTIAL, minTimeout=250, maxTimeout=30000}}
21:52:01.141 [raft-server-system-partition-1] TRACE i.a.p.raft.roles.LeaderAppender - RaftServer{system-partition-1} - Sending AppendRequest{term=1, leader=1, prevLogIndex=8, prevLogTerm=1, entries=1, commitIndex=8} to 3
21:52:01.141 [raft-server-system-partition-1-state] DEBUG i.a.p.r.service.RaftServiceContext - PrimitiveService{4}{type=SessionIdGeneratorType{name=SESSION_ID_GENERATOR}, name=session-id} - Opening session 8
21:52:01.141 [raft-server-system-partition-1] TRACE i.a.p.raft.roles.FollowerRole - RaftServer{system-partition-1}{role=FOLLOWER} - Received AppendRequest{term=1, leader=1, prevLogIndex=8, prevLogTerm=1, entries=1, commitIndex=8}
21:52:01.141 [raft-client-system-partition-1-0] TRACE i.a.p.raft.storage.system.MetaStore - Store configuration Configuration{index=0, time=2018-06-10 09:52:01,141, members=[DefaultRaftMember{id=1, type=ACTIVE, updated=2018-06-10T19:52:01.141Z}, DefaultRaftMember{id=2, type=ACTIVE, updated=2018-06-10T19:52:01.141Z}, DefaultRaftMember{id=3, type=ACTIVE, updated=2018-06-10T19:52:01.141Z}]}
21:52:01.141 [raft-server-system-partition-1-state] DEBUG i.a.p.raft.session.RaftSession - Session{8}{type=SessionIdGeneratorType{name=SESSION_ID_GENERATOR}, name=session-id} - State changed: OPEN
21:52:01.142 [raft-server-system-partition-1] TRACE i.a.p.raft.roles.FollowerRole - RaftServer{system-partition-1}{role=FOLLOWER} - Appended Indexed{index=9, entry=OpenSessionEntry{term=1, timestamp=2018-06-10 09:52:01,070, node=3, serviceName=atomix-primary-elector, serviceType=PRIMARY_ELECTOR, serviceConfig=byte[]{length=2, hash=2636}, readConsistency=SEQUENTIAL, minTimeout=250, maxTimeout=30000}}
21:52:01.142 [raft-server-system-partition-1] TRACE i.a.p.raft.roles.FollowerRole - RaftServer{system-partition-1}{role=FOLLOWER} - Received AppendRequest{term=1, leader=1, prevLogIndex=8, prevLogTerm=1, entries=1, commitIndex=8}
21:52:01.142 [raft-server-system-partition-1-state] TRACE i.a.protocols.raft.roles.LeaderRole - RaftServer{system-partition-1}{role=LEADER} - Sending OpenSessionResponse{status=OK, session=8, timeout=30000}
21:52:01.142 [raft-server-system-partition-1] TRACE i.a.p.raft.roles.FollowerRole - RaftServer{system-partition-1}{role=FOLLOWER} - Appended Indexed{index=9, entry=OpenSessionEntry{term=1, timestamp=2018-06-10 09:52:01,070, node=3, serviceName=atomix-primary-elector, serviceType=PRIMARY_ELECTOR, serviceConfig=byte[]{length=2, hash=2636}, readConsistency=SEQUENTIAL, minTimeout=250, maxTimeout=30000}}
21:52:01.182 [raft-server-system-partition-1] TRACE i.a.p.raft.roles.FollowerRole - RaftServer{system-partition-1}{role=FOLLOWER} - Committed entries up to index 8
21:52:01.182 [raft-server-system-partition-1] TRACE i.a.p.raft.roles.FollowerRole - RaftServer{system-partition-1}{role=FOLLOWER} - Committed entries up to index 8
21:52:01.182 [raft-client-system-partition-1-0] INFO  i.a.p.r.p.impl.RaftPartitionServer - Starting server for partition PartitionId{id=2, group=raft}
21:52:01.182 [raft-server-system-partition-1] TRACE i.a.p.raft.roles.FollowerRole - RaftServer{system-partition-1}{role=FOLLOWER} - Sending AppendResponse{status=OK, term=1, succeeded=true, lastLogIndex=9}
21:52:01.182 [raft-server-raft-partition-7] INFO  i.a.protocols.raft.impl.RaftContext - RaftServer{raft-partition-7} - Transitioning to FOLLOWER
21:52:01.182 [raft-server-system-partition-1] TRACE i.a.p.raft.roles.FollowerRole - RaftServer{system-partition-1}{role=FOLLOWER} - Sending AppendResponse{status=OK, term=1, succeeded=true, lastLogIndex=9}
21:52:01.182 [raft-server-raft-partition-7] DEBUG i.a.p.r.c.impl.RaftClusterContext - RaftServer{raft-partition-7} - Attempting to join via 2
21:52:01.182 [raft-server-system-partition-1-state] TRACE i.a.p.raft.impl.RaftServiceManager - RaftServer{system-partition-1} - Applying Indexed{index=8, entry=OpenSessionEntry{term=1, timestamp=2018-06-10 09:52:01,066, node=2, serviceName=session-id, serviceType=SESSION_ID_GENERATOR, serviceConfig=byte[]{length=2, hash=2636}, readConsistency=SEQUENTIAL, minTimeout=250, maxTimeout=30000}}
21:52:01.182 [raft-server-system-partition-1-state] DEBUG i.a.p.r.service.RaftServiceContext - PrimitiveService{4}{type=SessionIdGeneratorType{name=SESSION_ID_GENERATOR}, name=session-id} - Opening session 8
21:52:01.182 [raft-server-system-partition-1] TRACE i.a.p.raft.roles.LeaderAppender - RaftServer{system-partition-1} - Received AppendResponse{status=OK, term=1, succeeded=true, lastLogIndex=9} from 3
21:52:01.182 [raft-server-system-partition-1] TRACE i.a.p.raft.roles.FollowerRole - RaftServer{system-partition-1}{role=FOLLOWER} - Sending OpenSessionResponse{status=OK, session=8, timeout=30000}
21:52:01.183 [raft-server-system-partition-1-state] DEBUG i.a.p.raft.session.RaftSession - Session{8}{type=SessionIdGeneratorType{name=SESSION_ID_GENERATOR}, name=session-id} - State changed: OPEN
21:52:01.183 [raft-server-system-partition-1] TRACE i.a.p.raft.roles.LeaderAppender - RaftServer{system-partition-1} - Committed entries up to 9
21:52:01.183 [raft-server-system-partition-1-state] TRACE i.a.p.raft.impl.RaftServiceManager - RaftServer{system-partition-1} - Applying Indexed{index=8, entry=OpenSessionEntry{term=1, timestamp=2018-06-10 09:52:01,066, node=2, serviceName=session-id, serviceType=SESSION_ID_GENERATOR, serviceConfig=byte[]{length=2, hash=2636}, readConsistency=SEQUENTIAL, minTimeout=250, maxTimeout=30000}}
21:52:01.183 [raft-server-system-partition-1-state] DEBUG i.a.p.r.service.RaftServiceContext - PrimitiveService{4}{type=SessionIdGeneratorType{name=SESSION_ID_GENERATOR}, name=session-id} - Opening session 8
21:52:01.183 [raft-server-system-partition-1-state] DEBUG i.a.p.raft.session.RaftSession - Session{8}{type=SessionIdGeneratorType{name=SESSION_ID_GENERATOR}, name=session-id} - State changed: OPEN
21:52:01.183 [raft-client-system-partition-1-5] TRACE i.a.p.r.s.impl.RaftSessionConnection - RaftClient{system-partition-1} - Received OpenSessionResponse{status=OK, session=8, timeout=30000} from 2
21:52:01.183 [raft-client-system-partition-1-5] TRACE i.a.p.r.s.impl.RaftSessionManager - RaftClient{system-partition-1} - Keeping 2 sessions alive
21:52:01.183 [raft-client-system-partition-1-5] TRACE i.a.p.r.s.impl.RaftSessionConnection - RaftClient{system-partition-1} - Sending KeepAliveRequest{sessionIds=long[]{length=2, hash=1155}, commandSequences=long[]{length=2, hash=961}, eventIndexes=long[]{length=2, hash=1155}} to 2
21:52:01.184 [raft-client-system-partition-1-7] INFO  i.a.p.r.p.impl.RaftPartitionServer - Starting server for partition PartitionId{id=6, group=raft}
21:52:01.184 [raft-server-system-partition-1] TRACE i.a.p.raft.roles.FollowerRole - RaftServer{system-partition-1}{role=FOLLOWER} - Received KeepAliveRequest{sessionIds=long[]{length=2, hash=1155}, commandSequences=long[]{length=2, hash=961}, eventIndexes=long[]{length=2, hash=1155}}
21:52:01.184 [raft-server-raft-partition-7] TRACE i.a.p.r.c.impl.RaftClusterContext - RaftServer{raft-partition-7} - Cancelling join timeout
21:52:01.184 [raft-server-raft-partition-7] DEBUG i.a.p.r.c.impl.RaftClusterContext - RaftServer{raft-partition-7} - Failed to join 2
21:52:01.184 [raft-server-raft-partition-7] DEBUG i.a.p.r.c.impl.RaftClusterContext - RaftServer{raft-partition-7} - Attempting to join via 3
21:52:01.186 [raft-server-raft-partition-7] TRACE i.a.p.r.c.impl.RaftClusterContext - RaftServer{raft-partition-7} - Cancelling join timeout
21:52:01.186 [raft-server-raft-partition-7] DEBUG i.a.p.r.c.impl.RaftClusterContext - RaftServer{raft-partition-7} - Failed to join 3
21:52:01.186 [raft-server-raft-partition-7] DEBUG i.a.p.r.c.impl.RaftClusterContext - RaftServer{raft-partition-7} - Failed to join cluster, retrying...
21:52:01.187 [raft-client-system-partition-1-7] INFO  i.a.p.r.p.impl.RaftPartitionServer - Starting server for partition PartitionId{id=5, group=raft}
21:52:01.187 [raft-server-raft-partition-6] INFO  i.a.protocols.raft.impl.RaftContext - RaftServer{raft-partition-6} - Transitioning to FOLLOWER
21:52:01.187 [raft-server-raft-partition-6] DEBUG i.a.p.r.c.impl.RaftClusterContext - RaftServer{raft-partition-6} - Attempting to join via 1
21:52:01.187 [raft-server-raft-partition-6] TRACE i.a.p.raft.roles.FollowerRole - RaftServer{raft-partition-6}{role=FOLLOWER} - Received JoinRequest{member=DefaultRaftMember{id=2, type=ACTIVE, updated=2018-06-10T19:52:01.187Z}}
21:52:01.188 [raft-server-raft-partition-6] TRACE i.a.p.raft.roles.FollowerRole - RaftServer{raft-partition-6}{role=FOLLOWER} - Sending JoinResponse{status=ERROR, error=RaftError{type=NO_LEADER, message=null}}
21:52:01.188 [raft-server-raft-partition-6] TRACE i.a.p.r.c.impl.RaftClusterContext - RaftServer{raft-partition-6} - Cancelling join timeout
21:52:01.188 [raft-server-raft-partition-6] DEBUG i.a.p.r.c.impl.RaftClusterContext - RaftServer{raft-partition-6} - Failed to join 1
21:52:01.188 [raft-server-raft-partition-6] DEBUG i.a.p.r.c.impl.RaftClusterContext - RaftServer{raft-partition-6} - Attempting to join via 3
21:52:01.188 [raft-server-raft-partition-6] TRACE i.a.p.r.c.impl.RaftClusterContext - RaftServer{raft-partition-6} - Cancelling join timeout
21:52:01.188 [raft-server-raft-partition-6] DEBUG i.a.p.r.c.impl.RaftClusterContext - RaftServer{raft-partition-6} - Failed to join 3
21:52:01.188 [raft-server-raft-partition-6] DEBUG i.a.p.r.c.impl.RaftClusterContext - RaftServer{raft-partition-6} - Failed to join cluster, retrying...
21:52:01.190 [raft-client-system-partition-1-7] INFO  i.a.p.r.p.impl.RaftPartitionServer - Starting server for partition PartitionId{id=7, group=raft}
21:52:01.190 [raft-server-raft-partition-5] INFO  i.a.protocols.raft.impl.RaftContext - RaftServer{raft-partition-5} - Transitioning to FOLLOWER
21:52:01.190 [raft-server-raft-partition-5] DEBUG i.a.p.r.c.impl.RaftClusterContext - RaftServer{raft-partition-5} - Attempting to join via 1
21:52:01.190 [raft-server-raft-partition-5] TRACE i.a.p.raft.roles.FollowerRole - RaftServer{raft-partition-5}{role=FOLLOWER} - Received JoinRequest{member=DefaultRaftMember{id=2, type=ACTIVE, updated=2018-06-10T19:52:01.189Z}}
21:52:01.190 [raft-server-raft-partition-5] TRACE i.a.p.raft.roles.FollowerRole - RaftServer{raft-partition-5}{role=FOLLOWER} - Sending JoinResponse{status=ERROR, error=RaftError{type=NO_LEADER, message=null}}
21:52:01.190 [raft-server-raft-partition-5] TRACE i.a.p.r.c.impl.RaftClusterContext - RaftServer{raft-partition-5} - Cancelling join timeout
21:52:01.190 [raft-server-raft-partition-5] DEBUG i.a.p.r.c.impl.RaftClusterContext - RaftServer{raft-partition-5} - Failed to join 1
21:52:01.191 [raft-server-raft-partition-5] DEBUG i.a.p.r.c.impl.RaftClusterContext - RaftServer{raft-partition-5} - Attempting to join via 3
21:52:01.191 [raft-server-raft-partition-5] TRACE i.a.p.r.c.impl.RaftClusterContext - RaftServer{raft-partition-5} - Cancelling join timeout
21:52:01.191 [raft-server-raft-partition-5] DEBUG i.a.p.r.c.impl.RaftClusterContext - RaftServer{raft-partition-5} - Failed to join 3
21:52:01.191 [raft-server-raft-partition-5] DEBUG i.a.p.r.c.impl.RaftClusterContext - RaftServer{raft-partition-5} - Failed to join cluster, retrying...
21:52:01.192 [raft-client-system-partition-1-7] INFO  i.a.p.r.p.impl.RaftPartitionServer - Starting server for partition PartitionId{id=2, group=raft}
21:52:01.192 [raft-server-raft-partition-7] INFO  i.a.protocols.raft.impl.RaftContext - RaftServer{raft-partition-7} - Transitioning to FOLLOWER
21:52:01.192 [raft-server-raft-partition-7] DEBUG i.a.p.r.c.impl.RaftClusterContext - RaftServer{raft-partition-7} - Attempting to join via 1
21:52:01.192 [raft-server-raft-partition-7] TRACE i.a.p.raft.roles.FollowerRole - RaftServer{raft-partition-7}{role=FOLLOWER} - Received JoinRequest{member=DefaultRaftMember{id=2, type=ACTIVE, updated=2018-06-10T19:52:01.192Z}}
21:52:01.193 [raft-server-raft-partition-7] TRACE i.a.p.raft.roles.FollowerRole - RaftServer{raft-partition-7}{role=FOLLOWER} - Sending JoinResponse{status=ERROR, error=RaftError{type=NO_LEADER, message=null}}
21:52:01.193 [raft-server-raft-partition-7] TRACE i.a.p.r.c.impl.RaftClusterContext - RaftServer{raft-partition-7} - Cancelling join timeout
21:52:01.193 [raft-server-raft-partition-7] DEBUG i.a.p.r.c.impl.RaftClusterContext - RaftServer{raft-partition-7} - Failed to join 1
21:52:01.193 [raft-server-raft-partition-7] DEBUG i.a.p.r.c.impl.RaftClusterContext - RaftServer{raft-partition-7} - Attempting to join via 3
21:52:01.195 [raft-server-raft-partition-7] TRACE i.a.p.r.c.impl.RaftClusterContext - RaftServer{raft-partition-7} - Cancelling join timeout
21:52:01.195 [raft-server-raft-partition-7] DEBUG i.a.p.r.c.impl.RaftClusterContext - RaftServer{raft-partition-7} - Failed to join 3
21:52:01.195 [raft-server-raft-partition-7] DEBUG i.a.p.r.c.impl.RaftClusterContext - RaftServer{raft-partition-7} - Failed to join cluster, retrying...
21:52:01.195 [raft-client-system-partition-1-7] TRACE i.a.p.raft.storage.system.MetaStore - Store configuration Configuration{index=0, time=2018-06-10 09:52:01,195, members=[DefaultRaftMember{id=1, type=ACTIVE, updated=2018-06-10T19:52:01.195Z}, DefaultRaftMember{id=2, type=ACTIVE, updated=2018-06-10T19:52:01.195Z}, DefaultRaftMember{id=3, type=ACTIVE, updated=2018-06-10T19:52:01.195Z}]}
21:52:01.207 [raft-server-system-partition-1] TRACE i.a.p.raft.roles.LeaderAppender - RaftServer{system-partition-1} - Sending AppendRequest{term=1, leader=1, prevLogIndex=9, prevLogTerm=1, entries=0, commitIndex=9} to 3
21:52:01.208 [raft-server-system-partition-1] TRACE i.a.p.raft.roles.LeaderAppender - RaftServer{system-partition-1} - Received AppendResponse{status=OK, term=1, succeeded=true, lastLogIndex=9} from 2
21:52:01.208 [raft-server-system-partition-1] TRACE i.a.p.raft.roles.LeaderAppender - RaftServer{system-partition-1} - Sending AppendRequest{term=1, leader=1, prevLogIndex=9, prevLogTerm=1, entries=0, commitIndex=9} to 2
21:52:01.208 [raft-server-system-partition-1] TRACE i.a.protocols.raft.roles.LeaderRole - RaftServer{system-partition-1}{role=LEADER} - Received KeepAliveRequest{sessionIds=long[]{length=2, hash=1155}, commandSequences=long[]{length=2, hash=961}, eventIndexes=long[]{length=2, hash=1155}}
21:52:01.208 [raft-server-system-partition-1] TRACE i.a.p.raft.roles.FollowerRole - RaftServer{system-partition-1}{role=FOLLOWER} - Received AppendRequest{term=1, leader=1, prevLogIndex=9, prevLogTerm=1, entries=0, commitIndex=9}
21:52:01.208 [raft-server-system-partition-1] TRACE i.a.protocols.raft.roles.LeaderRole - RaftServer{system-partition-1}{role=LEADER} - Appended Indexed{index=10, entry=KeepAliveEntry{term=1, timestamp=2018-06-10 09:52:01,208, sessionIds=long[]{length=2, hash=1155}, commandSequences=long[]{length=2, hash=961}, eventIndexes=long[]{length=2, hash=1155}}}
21:52:01.208 [raft-server-system-partition-1] TRACE i.a.p.raft.roles.FollowerRole - RaftServer{system-partition-1}{role=FOLLOWER} - Received AppendRequest{term=1, leader=1, prevLogIndex=9, prevLogTerm=1, entries=0, commitIndex=9}
21:52:01.208 [raft-server-system-partition-1-state] TRACE i.a.p.raft.impl.RaftServiceManager - RaftServer{system-partition-1} - Applying Indexed{index=9, entry=OpenSessionEntry{term=1, timestamp=2018-06-10 09:52:01,070, node=3, serviceName=atomix-primary-elector, serviceType=PRIMARY_ELECTOR, serviceConfig=byte[]{length=2, hash=2636}, readConsistency=SEQUENTIAL, minTimeout=250, maxTimeout=30000}}
21:52:01.208 [raft-server-system-partition-1-state] DEBUG i.a.p.r.service.RaftServiceContext - PrimitiveService{2}{type=PrimaryElectorType{name=PRIMARY_ELECTOR}, name=atomix-primary-elector} - Opening session 9
21:52:01.208 [raft-server-system-partition-1-state] DEBUG i.a.p.raft.session.RaftSession - Session{9}{type=PrimaryElectorType{name=PRIMARY_ELECTOR}, name=atomix-primary-elector} - State changed: OPEN
21:52:01.208 [raft-server-system-partition-1-state] TRACE i.a.protocols.raft.roles.LeaderRole - RaftServer{system-partition-1}{role=LEADER} - Sending OpenSessionResponse{status=OK, session=9, timeout=30000}
21:52:01.209 [raft-client-system-partition-1-1] TRACE i.a.p.r.s.impl.RaftSessionConnection - RaftClient{system-partition-1} - Received OpenSessionResponse{status=OK, session=9, timeout=30000} from 1
21:52:01.209 [raft-client-system-partition-1-0] TRACE i.a.p.r.s.impl.RaftSessionManager - RaftClient{system-partition-1} - Keeping 1 sessions alive
21:52:01.210 [raft-client-system-partition-1-2] TRACE i.a.p.r.s.impl.RaftSessionConnection - RaftClient{system-partition-1} - Sending KeepAliveRequest{sessionIds=long[]{length=1, hash=40}, commandSequences=long[]{length=1, hash=31}, eventIndexes=long[]{length=1, hash=40}} to 1
21:52:01.210 [raft-client-system-partition-1-1] DEBUG i.a.p.r.s.impl.RaftSessionManager - RaftClient{system-partition-1} - Opening session; name: session-id, type: SessionIdGeneratorType{name=SESSION_ID_GENERATOR}
21:52:01.211 [raft-server-system-partition-1] TRACE i.a.protocols.raft.roles.LeaderRole - RaftServer{system-partition-1}{role=LEADER} - Received KeepAliveRequest{sessionIds=long[]{length=1, hash=40}, commandSequences=long[]{length=1, hash=31}, eventIndexes=long[]{length=1, hash=40}}
21:52:01.211 [raft-server-system-partition-1] TRACE i.a.protocols.raft.roles.LeaderRole - RaftServer{system-partition-1}{role=LEADER} - Appended Indexed{index=11, entry=KeepAliveEntry{term=1, timestamp=2018-06-10 09:52:01,211, sessionIds=long[]{length=1, hash=40}, commandSequences=long[]{length=1, hash=31}, eventIndexes=long[]{length=1, hash=40}}}
21:52:01.212 [raft-client-system-partition-1-4] TRACE i.a.p.r.s.impl.RaftSessionConnection - RaftClient{system-partition-1} - Sending OpenSessionRequest{node=3, serviceName=session-id, serviceType=SESSION_ID_GENERATOR, readConsistency=SEQUENTIAL, minTimeout=250, maxTimeout=30000} to 1
21:52:01.212 [raft-server-system-partition-1] TRACE i.a.protocols.raft.roles.LeaderRole - RaftServer{system-partition-1}{role=LEADER} - Received OpenSessionRequest{node=3, serviceName=session-id, serviceType=SESSION_ID_GENERATOR, readConsistency=SEQUENTIAL, minTimeout=250, maxTimeout=30000}
21:52:01.212 [raft-server-system-partition-1] TRACE i.a.protocols.raft.roles.LeaderRole - RaftServer{system-partition-1}{role=LEADER} - Appended Indexed{index=12, entry=OpenSessionEntry{term=1, timestamp=2018-06-10 09:52:01,212, node=3, serviceName=session-id, serviceType=SESSION_ID_GENERATOR, serviceConfig=byte[]{length=2, hash=2636}, readConsistency=SEQUENTIAL, minTimeout=250, maxTimeout=30000}}
21:52:01.241 [raft-server-raft-partition-2] INFO  i.a.protocols.raft.impl.RaftContext - RaftServer{raft-partition-2} - Transitioning to FOLLOWER
21:52:01.241 [raft-client-system-partition-1-7] INFO  i.a.p.r.p.impl.RaftPartitionServer - Starting server for partition PartitionId{id=1, group=raft}
21:52:01.241 [raft-server-raft-partition-2] DEBUG i.a.p.r.c.impl.RaftClusterContext - RaftServer{raft-partition-2} - Attempting to join via 1
21:52:01.242 [raft-server-raft-partition-2] INFO  i.a.protocols.raft.impl.RaftContext - RaftServer{raft-partition-2} - Transitioning to FOLLOWER
21:52:01.242 [raft-client-system-partition-1-0] INFO  i.a.p.r.p.impl.RaftPartitionServer - Starting server for partition PartitionId{id=1, group=raft}
21:52:01.242 [raft-server-raft-partition-2] DEBUG i.a.p.r.c.impl.RaftClusterContext - RaftServer{raft-partition-2} - Attempting to join via 2
21:52:01.242 [raft-server-raft-partition-2] TRACE i.a.p.raft.roles.FollowerRole - RaftServer{raft-partition-2}{role=FOLLOWER} - Received JoinRequest{member=DefaultRaftMember{id=2, type=ACTIVE, updated=2018-06-10T19:52:01.195Z}}
21:52:01.243 [raft-server-raft-partition-2] TRACE i.a.p.raft.roles.FollowerRole - RaftServer{raft-partition-2}{role=FOLLOWER} - Sending JoinResponse{status=ERROR, error=RaftError{type=NO_LEADER, message=null}}
21:52:01.243 [raft-server-raft-partition-2] TRACE i.a.p.raft.roles.FollowerRole - RaftServer{raft-partition-2}{role=FOLLOWER} - Received JoinRequest{member=DefaultRaftMember{id=1, type=ACTIVE, updated=2018-06-10T19:52:01.241Z}}
21:52:01.243 [raft-server-raft-partition-2] TRACE i.a.p.raft.roles.FollowerRole - RaftServer{raft-partition-2}{role=FOLLOWER} - Sending JoinResponse{status=ERROR, error=RaftError{type=NO_LEADER, message=null}}
21:52:01.243 [raft-server-raft-partition-2] TRACE i.a.p.r.c.impl.RaftClusterContext - RaftServer{raft-partition-2} - Cancelling join timeout
21:52:01.243 [raft-server-raft-partition-2] DEBUG i.a.p.r.c.impl.RaftClusterContext - RaftServer{raft-partition-2} - Failed to join 1
21:52:01.243 [raft-server-raft-partition-2] DEBUG i.a.p.r.c.impl.RaftClusterContext - RaftServer{raft-partition-2} - Attempting to join via 3
21:52:01.243 [raft-server-raft-partition-2] TRACE i.a.p.r.c.impl.RaftClusterContext - RaftServer{raft-partition-2} - Cancelling join timeout
21:52:01.243 [raft-server-raft-partition-2] DEBUG i.a.p.r.c.impl.RaftClusterContext - RaftServer{raft-partition-2} - Failed to join 2
21:52:01.243 [raft-server-raft-partition-2] DEBUG i.a.p.r.c.impl.RaftClusterContext - RaftServer{raft-partition-2} - Attempting to join via 3
21:52:01.244 [raft-server-raft-partition-2] TRACE i.a.p.r.c.impl.RaftClusterContext - RaftServer{raft-partition-2} - Cancelling join timeout
21:52:01.244 [raft-server-raft-partition-2] DEBUG i.a.p.r.c.impl.RaftClusterContext - RaftServer{raft-partition-2} - Failed to join 3
21:52:01.244 [raft-server-raft-partition-2] DEBUG i.a.p.r.c.impl.RaftClusterContext - RaftServer{raft-partition-2} - Failed to join cluster, retrying...
21:52:01.245 [raft-client-system-partition-1-0] TRACE i.a.p.raft.storage.system.MetaStore - Store configuration Configuration{index=0, time=2018-06-10 09:52:01,245, members=[DefaultRaftMember{id=1, type=ACTIVE, updated=2018-06-10T19:52:01.245Z}, DefaultRaftMember{id=2, type=ACTIVE, updated=2018-06-10T19:52:01.245Z}, DefaultRaftMember{id=3, type=ACTIVE, updated=2018-06-10T19:52:01.245Z}]}
21:52:01.246 [raft-server-raft-partition-2] TRACE i.a.p.r.c.impl.RaftClusterContext - RaftServer{raft-partition-2} - Cancelling join timeout
21:52:01.246 [raft-server-raft-partition-2] DEBUG i.a.p.r.c.impl.RaftClusterContext - RaftServer{raft-partition-2} - Failed to join 3
21:52:01.246 [raft-server-raft-partition-2] DEBUG i.a.p.r.c.impl.RaftClusterContext - RaftServer{raft-partition-2} - Failed to join cluster, retrying...
21:52:01.266 [raft-server-system-partition-1] TRACE i.a.p.raft.roles.FollowerRole - RaftServer{system-partition-1}{role=FOLLOWER} - Committed entries up to index 9
21:52:01.266 [raft-server-system-partition-1] TRACE i.a.p.raft.roles.FollowerRole - RaftServer{system-partition-1}{role=FOLLOWER} - Sending AppendResponse{status=OK, term=1, succeeded=true, lastLogIndex=9}
21:52:01.266 [raft-server-system-partition-1] TRACE i.a.p.raft.roles.FollowerRole - RaftServer{system-partition-1}{role=FOLLOWER} - Committed entries up to index 9
21:52:01.266 [raft-server-system-partition-1] TRACE i.a.p.raft.roles.FollowerRole - RaftServer{system-partition-1}{role=FOLLOWER} - Sending AppendResponse{status=OK, term=1, succeeded=true, lastLogIndex=9}
21:52:01.266 [raft-server-system-partition-1-state] TRACE i.a.p.raft.impl.RaftServiceManager - RaftServer{system-partition-1} - Applying Indexed{index=9, entry=OpenSessionEntry{term=1, timestamp=2018-06-10 09:52:01,070, node=3, serviceName=atomix-primary-elector, serviceType=PRIMARY_ELECTOR, serviceConfig=byte[]{length=2, hash=2636}, readConsistency=SEQUENTIAL, minTimeout=250, maxTimeout=30000}}
21:52:01.266 [raft-server-system-partition-1-state] TRACE i.a.p.raft.impl.RaftServiceManager - RaftServer{system-partition-1} - Applying Indexed{index=9, entry=OpenSessionEntry{term=1, timestamp=2018-06-10 09:52:01,070, node=3, serviceName=atomix-primary-elector, serviceType=PRIMARY_ELECTOR, serviceConfig=byte[]{length=2, hash=2636}, readConsistency=SEQUENTIAL, minTimeout=250, maxTimeout=30000}}
21:52:01.266 [raft-server-system-partition-1] TRACE i.a.p.raft.roles.LeaderAppender - RaftServer{system-partition-1} - Received AppendResponse{status=OK, term=1, succeeded=true, lastLogIndex=9} from 3
21:52:01.266 [raft-server-system-partition-1-state] DEBUG i.a.p.r.service.RaftServiceContext - PrimitiveService{2}{type=PrimaryElectorType{name=PRIMARY_ELECTOR}, name=atomix-primary-elector} - Opening session 9
21:52:01.266 [raft-server-system-partition-1-state] DEBUG i.a.p.r.service.RaftServiceContext - PrimitiveService{2}{type=PrimaryElectorType{name=PRIMARY_ELECTOR}, name=atomix-primary-elector} - Opening session 9
21:52:01.266 [raft-server-system-partition-1] TRACE i.a.p.raft.roles.LeaderAppender - RaftServer{system-partition-1} - Sending AppendRequest{term=1, leader=1, prevLogIndex=9, prevLogTerm=1, entries=3, commitIndex=9} to 3
21:52:01.266 [raft-server-system-partition-1-state] DEBUG i.a.p.raft.session.RaftSession - Session{9}{type=PrimaryElectorType{name=PRIMARY_ELECTOR}, name=atomix-primary-elector} - State changed: OPEN
21:52:01.266 [raft-server-system-partition-1-state] DEBUG i.a.p.raft.session.RaftSession - Session{9}{type=PrimaryElectorType{name=PRIMARY_ELECTOR}, name=atomix-primary-elector} - State changed: OPEN
21:52:01.266 [raft-server-system-partition-1] TRACE i.a.p.raft.roles.LeaderAppender - RaftServer{system-partition-1} - Received AppendResponse{status=OK, term=1, succeeded=true, lastLogIndex=9} from 2
21:52:01.267 [raft-server-system-partition-1] TRACE i.a.p.raft.roles.FollowerRole - RaftServer{system-partition-1}{role=FOLLOWER} - Received AppendRequest{term=1, leader=1, prevLogIndex=9, prevLogTerm=1, entries=3, commitIndex=9}
21:52:01.267 [raft-server-system-partition-1] TRACE i.a.p.raft.roles.LeaderAppender - RaftServer{system-partition-1} - Sending AppendRequest{term=1, leader=1, prevLogIndex=9, prevLogTerm=1, entries=3, commitIndex=9} to 2
21:52:01.267 [raft-server-system-partition-1] TRACE i.a.p.raft.roles.FollowerRole - RaftServer{system-partition-1}{role=FOLLOWER} - Appended Indexed{index=10, entry=KeepAliveEntry{term=1, timestamp=2018-06-10 09:52:01,208, sessionIds=long[]{length=2, hash=1155}, commandSequences=long[]{length=2, hash=961}, eventIndexes=long[]{length=2, hash=1155}}}
21:52:01.267 [raft-server-system-partition-1] TRACE i.a.p.raft.roles.FollowerRole - RaftServer{system-partition-1}{role=FOLLOWER} - Appended Indexed{index=11, entry=KeepAliveEntry{term=1, timestamp=2018-06-10 09:52:01,211, sessionIds=long[]{length=1, hash=40}, commandSequences=long[]{length=1, hash=31}, eventIndexes=long[]{length=1, hash=40}}}
21:52:01.267 [raft-server-system-partition-1] TRACE i.a.p.raft.roles.FollowerRole - RaftServer{system-partition-1}{role=FOLLOWER} - Appended Indexed{index=12, entry=OpenSessionEntry{term=1, timestamp=2018-06-10 09:52:01,212, node=3, serviceName=session-id, serviceType=SESSION_ID_GENERATOR, serviceConfig=byte[]{length=2, hash=2636}, readConsistency=SEQUENTIAL, minTimeout=250, maxTimeout=30000}}
21:52:01.267 [raft-server-system-partition-1] TRACE i.a.p.raft.roles.FollowerRole - RaftServer{system-partition-1}{role=FOLLOWER} - Received AppendRequest{term=1, leader=1, prevLogIndex=9, prevLogTerm=1, entries=3, commitIndex=9}
21:52:01.267 [raft-server-system-partition-1] TRACE i.a.p.raft.roles.FollowerRole - RaftServer{system-partition-1}{role=FOLLOWER} - Sending AppendResponse{status=OK, term=1, succeeded=true, lastLogIndex=12}
21:52:01.267 [raft-server-system-partition-1] TRACE i.a.p.raft.roles.FollowerRole - RaftServer{system-partition-1}{role=FOLLOWER} - Appended Indexed{index=10, entry=KeepAliveEntry{term=1, timestamp=2018-06-10 09:52:01,208, sessionIds=long[]{length=2, hash=1155}, commandSequences=long[]{length=2, hash=961}, eventIndexes=long[]{length=2, hash=1155}}}
21:52:01.267 [raft-server-system-partition-1] TRACE i.a.p.raft.roles.FollowerRole - RaftServer{system-partition-1}{role=FOLLOWER} - Appended Indexed{index=11, entry=KeepAliveEntry{term=1, timestamp=2018-06-10 09:52:01,211, sessionIds=long[]{length=1, hash=40}, commandSequences=long[]{length=1, hash=31}, eventIndexes=long[]{length=1, hash=40}}}
21:52:01.267 [raft-server-system-partition-1] TRACE i.a.p.raft.roles.FollowerRole - RaftServer{system-partition-1}{role=FOLLOWER} - Appended Indexed{index=12, entry=OpenSessionEntry{term=1, timestamp=2018-06-10 09:52:01,212, node=3, serviceName=session-id, serviceType=SESSION_ID_GENERATOR, serviceConfig=byte[]{length=2, hash=2636}, readConsistency=SEQUENTIAL, minTimeout=250, maxTimeout=30000}}
21:52:01.267 [raft-server-system-partition-1] TRACE i.a.p.raft.roles.FollowerRole - RaftServer{system-partition-1}{role=FOLLOWER} - Sending AppendResponse{status=OK, term=1, succeeded=true, lastLogIndex=12}
21:52:01.267 [raft-server-system-partition-1] TRACE i.a.p.raft.roles.LeaderAppender - RaftServer{system-partition-1} - Received AppendResponse{status=OK, term=1, succeeded=true, lastLogIndex=12} from 3
21:52:01.267 [raft-server-system-partition-1] TRACE i.a.p.raft.roles.LeaderAppender - RaftServer{system-partition-1} - Committed entries up to 12
21:52:01.298 [raft-client-system-partition-1-0] INFO  i.a.p.r.p.impl.RaftPartitionServer - Starting server for partition PartitionId{id=4, group=raft}
21:52:01.298 [raft-server-raft-partition-1] INFO  i.a.protocols.raft.impl.RaftContext - RaftServer{raft-partition-1} - Transitioning to FOLLOWER
21:52:01.299 [raft-server-raft-partition-1] DEBUG i.a.p.r.c.impl.RaftClusterContext - RaftServer{raft-partition-1} - Attempting to join via 2
21:52:01.299 [raft-client-system-partition-1-7] INFO  i.a.p.r.p.impl.RaftPartitionServer - Starting server for partition PartitionId{id=4, group=raft}
21:52:01.299 [raft-server-raft-partition-1] TRACE i.a.p.raft.roles.InactiveRole - RaftServer{null}{role=INACTIVE} - Received JoinRequest{member=DefaultRaftMember{id=1, type=ACTIVE, updated=2018-06-10T19:52:01.245Z}}
21:52:01.299 [raft-server-raft-partition-1] TRACE i.a.p.raft.roles.InactiveRole - RaftServer{null}{role=INACTIVE} - Sending JoinResponse{status=ERROR, error=RaftError{type=UNAVAILABLE, message=null}}
21:52:01.299 [raft-server-raft-partition-1] INFO  i.a.protocols.raft.impl.RaftContext - RaftServer{raft-partition-1} - Transitioning to FOLLOWER
21:52:01.299 [raft-server-raft-partition-1] DEBUG i.a.p.r.c.impl.RaftClusterContext - RaftServer{raft-partition-1} - Attempting to join via 1
21:52:01.299 [raft-server-raft-partition-1] TRACE i.a.p.r.c.impl.RaftClusterContext - RaftServer{raft-partition-1} - Cancelling join timeout
21:52:01.299 [raft-server-raft-partition-1] DEBUG i.a.p.r.c.impl.RaftClusterContext - RaftServer{raft-partition-1} - Failed to join 2
21:52:01.299 [raft-server-raft-partition-1] DEBUG i.a.p.r.c.impl.RaftClusterContext - RaftServer{raft-partition-1} - Attempting to join via 3
21:52:01.300 [raft-server-raft-partition-1] TRACE i.a.p.raft.roles.FollowerRole - RaftServer{raft-partition-1}{role=FOLLOWER} - Received JoinRequest{member=DefaultRaftMember{id=2, type=ACTIVE, updated=2018-06-10T19:52:01.299Z}}
21:52:01.300 [raft-server-raft-partition-1] TRACE i.a.p.raft.roles.FollowerRole - RaftServer{raft-partition-1}{role=FOLLOWER} - Sending JoinResponse{status=ERROR, error=RaftError{type=NO_LEADER, message=null}}
21:52:01.300 [raft-server-raft-partition-1] TRACE i.a.p.r.c.impl.RaftClusterContext - RaftServer{raft-partition-1} - Cancelling join timeout
21:52:01.300 [raft-server-raft-partition-1] DEBUG i.a.p.r.c.impl.RaftClusterContext - RaftServer{raft-partition-1} - Failed to join 3
21:52:01.300 [raft-server-raft-partition-1] DEBUG i.a.p.r.c.impl.RaftClusterContext - RaftServer{raft-partition-1} - Failed to join cluster, retrying...
21:52:01.300 [raft-server-raft-partition-1] TRACE i.a.p.r.c.impl.RaftClusterContext - RaftServer{raft-partition-1} - Cancelling join timeout
21:52:01.300 [raft-server-raft-partition-1] DEBUG i.a.p.r.c.impl.RaftClusterContext - RaftServer{raft-partition-1} - Failed to join 1
21:52:01.300 [raft-server-raft-partition-1] DEBUG i.a.p.r.c.impl.RaftClusterContext - RaftServer{raft-partition-1} - Attempting to join via 3
21:52:01.301 [raft-server-raft-partition-1] TRACE i.a.p.r.c.impl.RaftClusterContext - RaftServer{raft-partition-1} - Cancelling join timeout
21:52:01.301 [raft-server-raft-partition-1] DEBUG i.a.p.r.c.impl.RaftClusterContext - RaftServer{raft-partition-1} - Failed to join 3
21:52:01.301 [raft-server-raft-partition-1] DEBUG i.a.p.r.c.impl.RaftClusterContext - RaftServer{raft-partition-1} - Failed to join cluster, retrying...
21:52:01.333 [raft-server-system-partition-1] TRACE i.a.p.raft.roles.LeaderAppender - RaftServer{system-partition-1} - Received AppendResponse{status=OK, term=1, succeeded=true, lastLogIndex=12} from 2
21:52:01.333 [raft-server-system-partition-1-state] TRACE i.a.p.raft.impl.RaftServiceManager - RaftServer{system-partition-1} - Applying Indexed{index=10, entry=KeepAliveEntry{term=1, timestamp=2018-06-10 09:52:01,208, sessionIds=long[]{length=2, hash=1155}, commandSequences=long[]{length=2, hash=961}, eventIndexes=long[]{length=2, hash=1155}}}
21:52:01.333 [raft-server-system-partition-1-state] TRACE i.a.p.raft.impl.RaftServiceManager - RaftServer{system-partition-1} - Applying Indexed{index=11, entry=KeepAliveEntry{term=1, timestamp=2018-06-10 09:52:01,211, sessionIds=long[]{length=1, hash=40}, commandSequences=long[]{length=1, hash=31}, eventIndexes=long[]{length=1, hash=40}}}
21:52:01.333 [raft-server-system-partition-1] TRACE i.a.protocols.raft.roles.LeaderRole - RaftServer{system-partition-1}{role=LEADER} - Sending KeepAliveResponse{status=OK, leader=1, members=[1, 2, 3], sessionIds=long[]{length=2, hash=1155}}
21:52:01.333 [raft-server-system-partition-1-state] TRACE i.a.p.raft.impl.RaftServiceManager - RaftServer{system-partition-1} - Applying Indexed{index=12, entry=OpenSessionEntry{term=1, timestamp=2018-06-10 09:52:01,212, node=3, serviceName=session-id, serviceType=SESSION_ID_GENERATOR, serviceConfig=byte[]{length=2, hash=2636}, readConsistency=SEQUENTIAL, minTimeout=250, maxTimeout=30000}}
21:52:01.333 [raft-server-system-partition-1-state] DEBUG i.a.p.r.service.RaftServiceContext - PrimitiveService{4}{type=SessionIdGeneratorType{name=SESSION_ID_GENERATOR}, name=session-id} - Opening session 12
21:52:01.333 [raft-server-system-partition-1] TRACE i.a.protocols.raft.roles.LeaderRole - RaftServer{system-partition-1}{role=LEADER} - Sending KeepAliveResponse{status=OK, leader=1, members=[1, 2, 3], sessionIds=long[]{length=1, hash=40}}
21:52:01.333 [raft-server-system-partition-1-state] DEBUG i.a.p.raft.session.RaftSession - Session{12}{type=SessionIdGeneratorType{name=SESSION_ID_GENERATOR}, name=session-id} - State changed: OPEN
21:52:01.333 [raft-server-system-partition-1-state] TRACE i.a.protocols.raft.roles.LeaderRole - RaftServer{system-partition-1}{role=LEADER} - Sending OpenSessionResponse{status=OK, session=12, timeout=30000}
21:52:01.333 [raft-server-system-partition-1] TRACE i.a.p.raft.roles.FollowerRole - RaftServer{system-partition-1}{role=FOLLOWER} - Sending KeepAliveResponse{status=OK, leader=1, members=[1, 2, 3], sessionIds=long[]{length=2, hash=1155}}
21:52:01.333 [raft-client-system-partition-1-0] TRACE i.a.p.r.s.impl.RaftSessionConnection - RaftClient{system-partition-1} - Received OpenSessionResponse{status=OK, session=12, timeout=30000} from 1
21:52:01.333 [raft-client-system-partition-1-0] TRACE i.a.p.r.s.impl.RaftSessionConnection - RaftClient{system-partition-1} - Received KeepAliveResponse{status=OK, leader=1, members=[1, 2, 3], sessionIds=long[]{length=1, hash=40}} from 1
21:52:01.333 [raft-client-system-partition-1-3] TRACE i.a.p.r.s.impl.RaftSessionConnection - RaftClient{system-partition-1} - Received KeepAliveResponse{status=OK, leader=1, members=[1, 2, 3], sessionIds=long[]{length=2, hash=1155}} from 2
21:52:01.333 [raft-client-system-partition-1-3] TRACE i.a.p.r.s.impl.RaftSessionManager - RaftClient{system-partition-1} - Keeping 2 sessions alive
21:52:01.334 [raft-client-system-partition-1-0] TRACE i.a.p.r.s.impl.RaftSessionConnection - RaftClient{system-partition-1} - Sending KeepAliveRequest{sessionIds=long[]{length=2, hash=1252}, commandSequences=long[]{length=2, hash=961}, eventIndexes=long[]{length=2, hash=1252}} to 1
21:52:01.334 [raft-server-system-partition-1] TRACE i.a.protocols.raft.roles.LeaderRole - RaftServer{system-partition-1}{role=LEADER} - Received KeepAliveRequest{sessionIds=long[]{length=2, hash=1252}, commandSequences=long[]{length=2, hash=961}, eventIndexes=long[]{length=2, hash=1252}}
21:52:01.334 [raft-client-system-partition-1-3] INFO  i.a.p.r.p.impl.RaftPartitionServer - Starting server for partition PartitionId{id=6, group=raft}
21:52:01.334 [raft-server-system-partition-1] TRACE i.a.protocols.raft.roles.LeaderRole - RaftServer{system-partition-1}{role=LEADER} - Appended Indexed{index=13, entry=KeepAliveEntry{term=1, timestamp=2018-06-10 09:52:01,334, sessionIds=long[]{length=2, hash=1252}, commandSequences=long[]{length=2, hash=961}, eventIndexes=long[]{length=2, hash=1252}}}
21:52:01.334 [raft-server-system-partition-1] TRACE i.a.p.raft.roles.LeaderAppender - RaftServer{system-partition-1} - Sending AppendRequest{term=1, leader=1, prevLogIndex=12, prevLogTerm=1, entries=1, commitIndex=12} to 2
21:52:01.334 [raft-server-system-partition-1] TRACE i.a.p.raft.roles.LeaderAppender - RaftServer{system-partition-1} - Sending AppendRequest{term=1, leader=1, prevLogIndex=12, prevLogTerm=1, entries=1, commitIndex=12} to 3
21:52:01.334 [raft-server-system-partition-1] TRACE i.a.p.raft.roles.FollowerRole - RaftServer{system-partition-1}{role=FOLLOWER} - Received AppendRequest{term=1, leader=1, prevLogIndex=12, prevLogTerm=1, entries=1, commitIndex=12}
21:52:01.334 [raft-server-system-partition-1] TRACE i.a.p.raft.roles.FollowerRole - RaftServer{system-partition-1}{role=FOLLOWER} - Received AppendRequest{term=1, leader=1, prevLogIndex=12, prevLogTerm=1, entries=1, commitIndex=12}
21:52:01.334 [raft-server-system-partition-1] TRACE i.a.p.raft.roles.FollowerRole - RaftServer{system-partition-1}{role=FOLLOWER} - Appended Indexed{index=13, entry=KeepAliveEntry{term=1, timestamp=2018-06-10 09:52:01,334, sessionIds=long[]{length=2, hash=1252}, commandSequences=long[]{length=2, hash=961}, eventIndexes=long[]{length=2, hash=1252}}}
21:52:01.334 [raft-server-system-partition-1] TRACE i.a.p.raft.roles.FollowerRole - RaftServer{system-partition-1}{role=FOLLOWER} - Appended Indexed{index=13, entry=KeepAliveEntry{term=1, timestamp=2018-06-10 09:52:01,334, sessionIds=long[]{length=2, hash=1252}, commandSequences=long[]{length=2, hash=961}, eventIndexes=long[]{length=2, hash=1252}}}
21:52:01.336 [raft-server-raft-partition-6] INFO  i.a.protocols.raft.impl.RaftContext - RaftServer{raft-partition-6} - Transitioning to FOLLOWER
21:52:01.336 [raft-client-system-partition-1-3] INFO  i.a.p.r.p.impl.RaftPartitionServer - Starting server for partition PartitionId{id=5, group=raft}
21:52:01.336 [raft-server-raft-partition-6] DEBUG i.a.p.r.c.impl.RaftClusterContext - RaftServer{raft-partition-6} - Attempting to join via 1
21:52:01.336 [raft-server-raft-partition-6] TRACE i.a.p.raft.roles.FollowerRole - RaftServer{raft-partition-6}{role=FOLLOWER} - Received JoinRequest{member=DefaultRaftMember{id=3, type=ACTIVE, updated=2018-06-10T19:52:01.336Z}}
21:52:01.337 [raft-server-raft-partition-6] TRACE i.a.p.raft.roles.FollowerRole - RaftServer{raft-partition-6}{role=FOLLOWER} - Sending JoinResponse{status=ERROR, error=RaftError{type=NO_LEADER, message=null}}
21:52:01.337 [raft-server-raft-partition-6] TRACE i.a.p.r.c.impl.RaftClusterContext - RaftServer{raft-partition-6} - Cancelling join timeout
21:52:01.337 [raft-server-raft-partition-6] DEBUG i.a.p.r.c.impl.RaftClusterContext - RaftServer{raft-partition-6} - Failed to join 1
21:52:01.337 [raft-server-raft-partition-6] DEBUG i.a.p.r.c.impl.RaftClusterContext - RaftServer{raft-partition-6} - Attempting to join via 2
21:52:01.337 [raft-server-raft-partition-6] TRACE i.a.p.raft.roles.FollowerRole - RaftServer{raft-partition-6}{role=FOLLOWER} - Received JoinRequest{member=DefaultRaftMember{id=3, type=ACTIVE, updated=2018-06-10T19:52:01.336Z}}
21:52:01.337 [raft-server-raft-partition-6] TRACE i.a.p.raft.roles.FollowerRole - RaftServer{raft-partition-6}{role=FOLLOWER} - Sending JoinResponse{status=ERROR, error=RaftError{type=NO_LEADER, message=null}}
21:52:01.337 [raft-server-raft-partition-6] TRACE i.a.p.r.c.impl.RaftClusterContext - RaftServer{raft-partition-6} - Cancelling join timeout
21:52:01.337 [raft-server-raft-partition-6] DEBUG i.a.p.r.c.impl.RaftClusterContext - RaftServer{raft-partition-6} - Failed to join 2
21:52:01.338 [raft-server-raft-partition-6] DEBUG i.a.p.r.c.impl.RaftClusterContext - RaftServer{raft-partition-6} - Failed to join cluster, retrying...
21:52:01.338 [raft-client-system-partition-1-3] INFO  i.a.p.r.p.impl.RaftPartitionServer - Starting server for partition PartitionId{id=7, group=raft}
21:52:01.338 [raft-server-raft-partition-5] INFO  i.a.protocols.raft.impl.RaftContext - RaftServer{raft-partition-5} - Transitioning to FOLLOWER
21:52:01.338 [raft-server-raft-partition-5] DEBUG i.a.p.r.c.impl.RaftClusterContext - RaftServer{raft-partition-5} - Attempting to join via 1
21:52:01.339 [raft-server-raft-partition-5] TRACE i.a.p.raft.roles.FollowerRole - RaftServer{raft-partition-5}{role=FOLLOWER} - Received JoinRequest{member=DefaultRaftMember{id=3, type=ACTIVE, updated=2018-06-10T19:52:01.338Z}}
21:52:01.339 [raft-server-raft-partition-5] TRACE i.a.p.raft.roles.FollowerRole - RaftServer{raft-partition-5}{role=FOLLOWER} - Sending JoinResponse{status=ERROR, error=RaftError{type=NO_LEADER, message=null}}
21:52:01.339 [raft-server-raft-partition-5] TRACE i.a.p.r.c.impl.RaftClusterContext - RaftServer{raft-partition-5} - Cancelling join timeout
21:52:01.339 [raft-server-raft-partition-5] DEBUG i.a.p.r.c.impl.RaftClusterContext - RaftServer{raft-partition-5} - Failed to join 1
21:52:01.339 [raft-server-raft-partition-5] DEBUG i.a.p.r.c.impl.RaftClusterContext - RaftServer{raft-partition-5} - Attempting to join via 2
21:52:01.339 [raft-server-raft-partition-5] TRACE i.a.p.raft.roles.FollowerRole - RaftServer{raft-partition-5}{role=FOLLOWER} - Received JoinRequest{member=DefaultRaftMember{id=3, type=ACTIVE, updated=2018-06-10T19:52:01.338Z}}
21:52:01.339 [raft-server-raft-partition-5] TRACE i.a.p.raft.roles.FollowerRole - RaftServer{raft-partition-5}{role=FOLLOWER} - Sending JoinResponse{status=ERROR, error=RaftError{type=NO_LEADER, message=null}}
21:52:01.339 [raft-server-raft-partition-5] TRACE i.a.p.r.c.impl.RaftClusterContext - RaftServer{raft-partition-5} - Cancelling join timeout
21:52:01.339 [raft-server-raft-partition-5] DEBUG i.a.p.r.c.impl.RaftClusterContext - RaftServer{raft-partition-5} - Failed to join 2
21:52:01.339 [raft-server-raft-partition-5] DEBUG i.a.p.r.c.impl.RaftClusterContext - RaftServer{raft-partition-5} - Failed to join cluster, retrying...
21:52:01.340 [raft-client-system-partition-1-3] INFO  i.a.p.r.p.impl.RaftPartitionServer - Starting server for partition PartitionId{id=2, group=raft}
21:52:01.340 [raft-server-raft-partition-7] INFO  i.a.protocols.raft.impl.RaftContext - RaftServer{raft-partition-7} - Transitioning to FOLLOWER
21:52:01.340 [raft-server-raft-partition-7] DEBUG i.a.p.r.c.impl.RaftClusterContext - RaftServer{raft-partition-7} - Attempting to join via 1
21:52:01.341 [raft-server-raft-partition-7] TRACE i.a.p.raft.roles.FollowerRole - RaftServer{raft-partition-7}{role=FOLLOWER} - Received JoinRequest{member=DefaultRaftMember{id=3, type=ACTIVE, updated=2018-06-10T19:52:01.340Z}}
21:52:01.341 [raft-server-raft-partition-7] TRACE i.a.p.raft.roles.FollowerRole - RaftServer{raft-partition-7}{role=FOLLOWER} - Sending JoinResponse{status=ERROR, error=RaftError{type=NO_LEADER, message=null}}
21:52:01.341 [raft-server-raft-partition-7] TRACE i.a.p.r.c.impl.RaftClusterContext - RaftServer{raft-partition-7} - Cancelling join timeout
21:52:01.341 [raft-server-raft-partition-7] DEBUG i.a.p.r.c.impl.RaftClusterContext - RaftServer{raft-partition-7} - Failed to join 1
21:52:01.341 [raft-server-raft-partition-7] DEBUG i.a.p.r.c.impl.RaftClusterContext - RaftServer{raft-partition-7} - Attempting to join via 2
21:52:01.341 [raft-server-raft-partition-7] TRACE i.a.p.raft.roles.FollowerRole - RaftServer{raft-partition-7}{role=FOLLOWER} - Received JoinRequest{member=DefaultRaftMember{id=3, type=ACTIVE, updated=2018-06-10T19:52:01.340Z}}
21:52:01.341 [raft-server-raft-partition-7] TRACE i.a.p.raft.roles.FollowerRole - RaftServer{raft-partition-7}{role=FOLLOWER} - Sending JoinResponse{status=ERROR, error=RaftError{type=NO_LEADER, message=null}}
21:52:01.341 [raft-server-raft-partition-7] TRACE i.a.p.r.c.impl.RaftClusterContext - RaftServer{raft-partition-7} - Cancelling join timeout
21:52:01.341 [raft-server-raft-partition-7] DEBUG i.a.p.r.c.impl.RaftClusterContext - RaftServer{raft-partition-7} - Failed to join 2
21:52:01.341 [raft-server-raft-partition-7] DEBUG i.a.p.r.c.impl.RaftClusterContext - RaftServer{raft-partition-7} - Failed to join cluster, retrying...
21:52:01.343 [raft-client-system-partition-1-3] INFO  i.a.p.r.p.impl.RaftPartitionServer - Starting server for partition PartitionId{id=1, group=raft}
21:52:01.343 [raft-server-raft-partition-2] INFO  i.a.protocols.raft.impl.RaftContext - RaftServer{raft-partition-2} - Transitioning to FOLLOWER
21:52:01.343 [raft-server-raft-partition-2] DEBUG i.a.p.r.c.impl.RaftClusterContext - RaftServer{raft-partition-2} - Attempting to join via 1
21:52:01.344 [raft-server-raft-partition-2] TRACE i.a.p.raft.roles.FollowerRole - RaftServer{raft-partition-2}{role=FOLLOWER} - Received JoinRequest{member=DefaultRaftMember{id=3, type=ACTIVE, updated=2018-06-10T19:52:01.343Z}}
21:52:01.344 [raft-server-raft-partition-2] TRACE i.a.p.raft.roles.FollowerRole - RaftServer{raft-partition-2}{role=FOLLOWER} - Sending JoinResponse{status=ERROR, error=RaftError{type=NO_LEADER, message=null}}
21:52:01.345 [raft-client-system-partition-1-3] WARN  i.a.storage.journal.SegmentedJournal - Found misaligned segment JournalSegment{id=1, version=1, index=1, size=64}
21:52:01.346 [raft-client-system-partition-1-3] INFO  i.a.p.r.p.impl.RaftPartitionServer - Starting server for partition PartitionId{id=4, group=raft}
21:52:01.346 [raft-server-raft-partition-1] INFO  i.a.protocols.raft.impl.RaftContext - RaftServer{raft-partition-1} - Transitioning to FOLLOWER
21:52:01.346 [raft-server-raft-partition-1] DEBUG i.a.p.r.c.impl.RaftClusterContext - RaftServer{raft-partition-1} - Attempting to join via 1
21:52:01.346 [raft-server-raft-partition-1] TRACE i.a.p.raft.roles.FollowerRole - RaftServer{raft-partition-1}{role=FOLLOWER} - Received JoinRequest{member=DefaultRaftMember{id=3, type=ACTIVE, updated=2018-06-10T19:52:01.345Z}}
21:52:01.346 [raft-server-raft-partition-1] TRACE i.a.p.raft.roles.FollowerRole - RaftServer{raft-partition-1}{role=FOLLOWER} - Sending JoinResponse{status=ERROR, error=RaftError{type=NO_LEADER, message=null}}
21:52:01.347 [raft-server-raft-partition-1] TRACE i.a.p.r.c.impl.RaftClusterContext - RaftServer{raft-partition-1} - Cancelling join timeout
21:52:01.347 [raft-server-raft-partition-1] DEBUG i.a.p.r.c.impl.RaftClusterContext - RaftServer{raft-partition-1} - Failed to join 1
21:52:01.347 [raft-server-raft-partition-1] DEBUG i.a.p.r.c.impl.RaftClusterContext - RaftServer{raft-partition-1} - Attempting to join via 2
21:52:01.347 [raft-server-raft-partition-1] TRACE i.a.p.raft.roles.FollowerRole - RaftServer{raft-partition-1}{role=FOLLOWER} - Received JoinRequest{member=DefaultRaftMember{id=3, type=ACTIVE, updated=2018-06-10T19:52:01.345Z}}
21:52:01.347 [raft-server-raft-partition-1] TRACE i.a.p.raft.roles.FollowerRole - RaftServer{raft-partition-1}{role=FOLLOWER} - Sending JoinResponse{status=ERROR, error=RaftError{type=NO_LEADER, message=null}}
21:52:01.347 [raft-server-raft-partition-2] TRACE i.a.p.r.c.impl.RaftClusterContext - RaftServer{raft-partition-2} - Cancelling join timeout
21:52:01.347 [raft-server-raft-partition-2] DEBUG i.a.p.r.c.impl.RaftClusterContext - RaftServer{raft-partition-2} - Failed to join 1
21:52:01.347 [raft-server-raft-partition-2] DEBUG i.a.p.r.c.impl.RaftClusterContext - RaftServer{raft-partition-2} - Attempting to join via 2
21:52:01.347 [raft-server-raft-partition-1] TRACE i.a.p.r.c.impl.RaftClusterContext - RaftServer{raft-partition-1} - Cancelling join timeout
21:52:01.348 [raft-server-raft-partition-1] DEBUG i.a.p.r.c.impl.RaftClusterContext - RaftServer{raft-partition-1} - Failed to join 2
21:52:01.348 [raft-server-raft-partition-1] DEBUG i.a.p.r.c.impl.RaftClusterContext - RaftServer{raft-partition-1} - Failed to join cluster, retrying...
21:52:01.348 [raft-client-system-partition-1-3] TRACE i.a.p.raft.storage.system.MetaStore - Store configuration Configuration{index=0, time=2018-06-10 09:52:01,348, members=[DefaultRaftMember{id=1, type=ACTIVE, updated=2018-06-10T19:52:01.348Z}, DefaultRaftMember{id=2, type=ACTIVE, updated=2018-06-10T19:52:01.348Z}, DefaultRaftMember{id=3, type=ACTIVE, updated=2018-06-10T19:52:01.348Z}]}
21:52:01.348 [raft-server-raft-partition-2] TRACE i.a.p.raft.roles.FollowerRole - RaftServer{raft-partition-2}{role=FOLLOWER} - Received JoinRequest{member=DefaultRaftMember{id=3, type=ACTIVE, updated=2018-06-10T19:52:01.343Z}}
21:52:01.348 [raft-server-raft-partition-2] TRACE i.a.p.raft.roles.FollowerRole - RaftServer{raft-partition-2}{role=FOLLOWER} - Sending JoinResponse{status=ERROR, error=RaftError{type=NO_LEADER, message=null}}
21:52:01.348 [raft-server-raft-partition-2] TRACE i.a.p.r.c.impl.RaftClusterContext - RaftServer{raft-partition-2} - Cancelling join timeout
21:52:01.348 [raft-server-raft-partition-2] DEBUG i.a.p.r.c.impl.RaftClusterContext - RaftServer{raft-partition-2} - Failed to join 2
21:52:01.348 [raft-server-raft-partition-2] DEBUG i.a.p.r.c.impl.RaftClusterContext - RaftServer{raft-partition-2} - Failed to join cluster, retrying...
21:52:01.374 [raft-server-raft-partition-4] INFO  i.a.protocols.raft.impl.RaftContext - RaftServer{raft-partition-4} - Transitioning to FOLLOWER
21:52:01.374 [raft-client-system-partition-1-0] INFO  i.a.p.r.p.impl.RaftPartitionServer - Starting server for partition PartitionId{id=3, group=raft}
21:52:01.374 [raft-client-system-partition-1-7] INFO  i.a.p.r.p.impl.RaftPartitionServer - Starting server for partition PartitionId{id=3, group=raft}
21:52:01.374 [raft-server-raft-partition-4] INFO  i.a.protocols.raft.impl.RaftContext - RaftServer{raft-partition-4} - Transitioning to FOLLOWER
21:52:01.374 [raft-server-raft-partition-4] DEBUG i.a.p.r.c.impl.RaftClusterContext - RaftServer{raft-partition-4} - Attempting to join via 2
21:52:01.374 [raft-server-raft-partition-4] DEBUG i.a.p.r.c.impl.RaftClusterContext - RaftServer{raft-partition-4} - Attempting to join via 1
21:52:01.375 [raft-server-raft-partition-4] TRACE i.a.p.raft.roles.FollowerRole - RaftServer{raft-partition-4}{role=FOLLOWER} - Received JoinRequest{member=DefaultRaftMember{id=1, type=ACTIVE, updated=2018-06-10T19:52:01.374Z}}
21:52:01.375 [raft-server-raft-partition-4] TRACE i.a.p.raft.roles.FollowerRole - RaftServer{raft-partition-4}{role=FOLLOWER} - Received JoinRequest{member=DefaultRaftMember{id=2, type=ACTIVE, updated=2018-06-10T19:52:01.374Z}}
21:52:01.375 [raft-server-raft-partition-4] TRACE i.a.p.raft.roles.FollowerRole - RaftServer{raft-partition-4}{role=FOLLOWER} - Sending JoinResponse{status=ERROR, error=RaftError{type=NO_LEADER, message=null}}
21:52:01.375 [raft-server-raft-partition-4] TRACE i.a.p.raft.roles.FollowerRole - RaftServer{raft-partition-4}{role=FOLLOWER} - Sending JoinResponse{status=ERROR, error=RaftError{type=NO_LEADER, message=null}}
21:52:01.375 [raft-server-raft-partition-4] TRACE i.a.p.r.c.impl.RaftClusterContext - RaftServer{raft-partition-4} - Cancelling join timeout
21:52:01.375 [raft-server-raft-partition-4] DEBUG i.a.p.r.c.impl.RaftClusterContext - RaftServer{raft-partition-4} - Failed to join 1
21:52:01.375 [raft-server-raft-partition-4] DEBUG i.a.p.r.c.impl.RaftClusterContext - RaftServer{raft-partition-4} - Attempting to join via 3
21:52:01.375 [raft-server-raft-partition-4] TRACE i.a.p.r.c.impl.RaftClusterContext - RaftServer{raft-partition-4} - Cancelling join timeout
21:52:01.375 [raft-server-raft-partition-4] DEBUG i.a.p.r.c.impl.RaftClusterContext - RaftServer{raft-partition-4} - Failed to join 2
21:52:01.375 [raft-server-raft-partition-4] DEBUG i.a.p.r.c.impl.RaftClusterContext - RaftServer{raft-partition-4} - Attempting to join via 3
21:52:01.376 [raft-server-raft-partition-4] TRACE i.a.p.raft.roles.InactiveRole - RaftServer{null}{role=INACTIVE} - Received JoinRequest{member=DefaultRaftMember{id=2, type=ACTIVE, updated=2018-06-10T19:52:01.374Z}}
21:52:01.376 [raft-server-raft-partition-4] TRACE i.a.p.raft.roles.InactiveRole - RaftServer{null}{role=INACTIVE} - Sending JoinResponse{status=ERROR, error=RaftError{type=UNAVAILABLE, message=null}}
21:52:01.376 [raft-server-raft-partition-4] TRACE i.a.p.raft.roles.InactiveRole - RaftServer{null}{role=INACTIVE} - Received JoinRequest{member=DefaultRaftMember{id=1, type=ACTIVE, updated=2018-06-10T19:52:01.374Z}}
21:52:01.376 [raft-server-raft-partition-4] TRACE i.a.p.raft.roles.InactiveRole - RaftServer{null}{role=INACTIVE} - Sending JoinResponse{status=ERROR, error=RaftError{type=UNAVAILABLE, message=null}}
21:52:01.376 [raft-server-raft-partition-4] TRACE i.a.p.r.c.impl.RaftClusterContext - RaftServer{raft-partition-4} - Cancelling join timeout
21:52:01.376 [raft-server-raft-partition-4] DEBUG i.a.p.r.c.impl.RaftClusterContext - RaftServer{raft-partition-4} - Failed to join 3
21:52:01.376 [raft-server-raft-partition-4] DEBUG i.a.p.r.c.impl.RaftClusterContext - RaftServer{raft-partition-4} - Failed to join cluster, retrying...
21:52:01.376 [raft-server-raft-partition-4] TRACE i.a.p.r.c.impl.RaftClusterContext - RaftServer{raft-partition-4} - Cancelling join timeout
21:52:01.376 [raft-server-raft-partition-4] DEBUG i.a.p.r.c.impl.RaftClusterContext - RaftServer{raft-partition-4} - Failed to join 3
21:52:01.376 [raft-server-raft-partition-4] DEBUG i.a.p.r.c.impl.RaftClusterContext - RaftServer{raft-partition-4} - Failed to join cluster, retrying...
21:52:01.389 [raft-client-system-partition-1-0] TRACE i.a.p.raft.storage.system.MetaStore - Store configuration Configuration{index=0, time=2018-06-10 09:52:01,389, members=[DefaultRaftMember{id=1, type=ACTIVE, updated=2018-06-10T19:52:01.389Z}, DefaultRaftMember{id=2, type=ACTIVE, updated=2018-06-10T19:52:01.389Z}, DefaultRaftMember{id=3, type=ACTIVE, updated=2018-06-10T19:52:01.389Z}]}
21:52:01.410 [raft-server-raft-partition-4] INFO  i.a.protocols.raft.impl.RaftContext - RaftServer{raft-partition-4} - Transitioning to FOLLOWER
21:52:01.410 [raft-server-system-partition-1] TRACE i.a.p.raft.roles.FollowerRole - RaftServer{system-partition-1}{role=FOLLOWER} - Committed entries up to index 12
21:52:01.410 [raft-server-system-partition-1] TRACE i.a.p.raft.roles.FollowerRole - RaftServer{system-partition-1}{role=FOLLOWER} - Committed entries up to index 12
21:52:01.410 [raft-server-raft-partition-4] DEBUG i.a.p.r.c.impl.RaftClusterContext - RaftServer{raft-partition-4} - Attempting to join via 1
21:52:01.410 [raft-client-system-partition-1-3] INFO  i.a.p.r.p.impl.RaftPartitionServer - Starting server for partition PartitionId{id=3, group=raft}
21:52:01.410 [raft-server-system-partition-1] TRACE i.a.p.raft.roles.FollowerRole - RaftServer{system-partition-1}{role=FOLLOWER} - Sending AppendResponse{status=OK, term=1, succeeded=true, lastLogIndex=13}
21:52:01.410 [raft-server-system-partition-1] TRACE i.a.p.raft.roles.FollowerRole - RaftServer{system-partition-1}{role=FOLLOWER} - Sending AppendResponse{status=OK, term=1, succeeded=true, lastLogIndex=13}
21:52:01.410 [raft-server-raft-partition-4] TRACE i.a.p.raft.roles.FollowerRole - RaftServer{raft-partition-4}{role=FOLLOWER} - Received JoinRequest{member=DefaultRaftMember{id=3, type=ACTIVE, updated=2018-06-10T19:52:01.348Z}}
21:52:01.410 [raft-server-system-partition-1-state] TRACE i.a.p.raft.impl.RaftServiceManager - RaftServer{system-partition-1} - Applying Indexed{index=10, entry=KeepAliveEntry{term=1, timestamp=2018-06-10 09:52:01,208, sessionIds=long[]{length=2, hash=1155}, commandSequences=long[]{length=2, hash=961}, eventIndexes=long[]{length=2, hash=1155}}}
21:52:01.410 [raft-server-raft-partition-4] TRACE i.a.p.raft.roles.FollowerRole - RaftServer{raft-partition-4}{role=FOLLOWER} - Sending JoinResponse{status=ERROR, error=RaftError{type=NO_LEADER, message=null}}
21:52:01.410 [raft-server-system-partition-1] TRACE i.a.p.raft.roles.LeaderAppender - RaftServer{system-partition-1} - Received AppendResponse{status=OK, term=1, succeeded=true, lastLogIndex=13} from 3
21:52:01.410 [raft-server-system-partition-1-state] TRACE i.a.p.raft.impl.RaftServiceManager - RaftServer{system-partition-1} - Applying Indexed{index=10, entry=KeepAliveEntry{term=1, timestamp=2018-06-10 09:52:01,208, sessionIds=long[]{length=2, hash=1155}, commandSequences=long[]{length=2, hash=961}, eventIndexes=long[]{length=2, hash=1155}}}
21:52:01.410 [raft-server-system-partition-1-state] TRACE i.a.p.raft.impl.RaftServiceManager - RaftServer{system-partition-1} - Applying Indexed{index=11, entry=KeepAliveEntry{term=1, timestamp=2018-06-10 09:52:01,211, sessionIds=long[]{length=1, hash=40}, commandSequences=long[]{length=1, hash=31}, eventIndexes=long[]{length=1, hash=40}}}
21:52:01.410 [raft-server-system-partition-1] TRACE i.a.p.raft.roles.LeaderAppender - RaftServer{system-partition-1} - Committed entries up to 13
21:52:01.410 [raft-server-system-partition-1-state] TRACE i.a.p.raft.impl.RaftServiceManager - RaftServer{system-partition-1} - Applying Indexed{index=11, entry=KeepAliveEntry{term=1, timestamp=2018-06-10 09:52:01,211, sessionIds=long[]{length=1, hash=40}, commandSequences=long[]{length=1, hash=31}, eventIndexes=long[]{length=1, hash=40}}}
21:52:01.410 [raft-server-raft-partition-4] TRACE i.a.p.r.c.impl.RaftClusterContext - RaftServer{raft-partition-4} - Cancelling join timeout
21:52:01.410 [raft-server-system-partition-1-state] TRACE i.a.p.raft.impl.RaftServiceManager - RaftServer{system-partition-1} - Applying Indexed{index=12, entry=OpenSessionEntry{term=1, timestamp=2018-06-10 09:52:01,212, node=3, serviceName=session-id, serviceType=SESSION_ID_GENERATOR, serviceConfig=byte[]{length=2, hash=2636}, readConsistency=SEQUENTIAL, minTimeout=250, maxTimeout=30000}}
21:52:01.411 [raft-server-system-partition-1-state] TRACE i.a.p.raft.impl.RaftServiceManager - RaftServer{system-partition-1} - Applying Indexed{index=12, entry=OpenSessionEntry{term=1, timestamp=2018-06-10 09:52:01,212, node=3, serviceName=session-id, serviceType=SESSION_ID_GENERATOR, serviceConfig=byte[]{length=2, hash=2636}, readConsistency=SEQUENTIAL, minTimeout=250, maxTimeout=30000}}
21:52:01.411 [raft-server-raft-partition-4] DEBUG i.a.p.r.c.impl.RaftClusterContext - RaftServer{raft-partition-4} - Failed to join 1
21:52:01.411 [raft-server-system-partition-1-state] DEBUG i.a.p.r.service.RaftServiceContext - PrimitiveService{4}{type=SessionIdGeneratorType{name=SESSION_ID_GENERATOR}, name=session-id} - Opening session 12
21:52:01.411 [raft-server-system-partition-1-state] DEBUG i.a.p.r.service.RaftServiceContext - PrimitiveService{4}{type=SessionIdGeneratorType{name=SESSION_ID_GENERATOR}, name=session-id} - Opening session 12
21:52:01.411 [raft-server-raft-partition-4] DEBUG i.a.p.r.c.impl.RaftClusterContext - RaftServer{raft-partition-4} - Attempting to join via 2
21:52:01.411 [raft-server-system-partition-1-state] DEBUG i.a.p.raft.session.RaftSession - Session{12}{type=SessionIdGeneratorType{name=SESSION_ID_GENERATOR}, name=session-id} - State changed: OPEN
21:52:01.411 [raft-server-system-partition-1-state] DEBUG i.a.p.raft.session.RaftSession - Session{12}{type=SessionIdGeneratorType{name=SESSION_ID_GENERATOR}, name=session-id} - State changed: OPEN
21:52:01.412 [raft-server-raft-partition-4] TRACE i.a.p.raft.roles.FollowerRole - RaftServer{raft-partition-4}{role=FOLLOWER} - Received JoinRequest{member=DefaultRaftMember{id=3, type=ACTIVE, updated=2018-06-10T19:52:01.348Z}}
21:52:01.412 [raft-server-raft-partition-4] TRACE i.a.p.raft.roles.FollowerRole - RaftServer{raft-partition-4}{role=FOLLOWER} - Sending JoinResponse{status=ERROR, error=RaftError{type=NO_LEADER, message=null}}
21:52:01.412 [raft-server-raft-partition-4] TRACE i.a.p.r.c.impl.RaftClusterContext - RaftServer{raft-partition-4} - Cancelling join timeout
21:52:01.412 [raft-server-raft-partition-4] DEBUG i.a.p.r.c.impl.RaftClusterContext - RaftServer{raft-partition-4} - Failed to join 2
21:52:01.412 [raft-server-raft-partition-4] DEBUG i.a.p.r.c.impl.RaftClusterContext - RaftServer{raft-partition-4} - Failed to join cluster, retrying...
21:52:01.412 [raft-client-system-partition-1-3] WARN  i.a.storage.journal.SegmentedJournal - Found misaligned segment JournalSegment{id=1, version=1, index=1, size=64}
21:52:01.413 [raft-server-raft-partition-3] INFO  i.a.protocols.raft.impl.RaftContext - RaftServer{raft-partition-3} - Transitioning to FOLLOWER
21:52:01.413 [raft-server-raft-partition-3] DEBUG i.a.p.r.c.impl.RaftClusterContext - RaftServer{raft-partition-3} - Attempting to join via 1
21:52:01.413 [raft-server-raft-partition-3] TRACE i.a.p.raft.roles.InactiveRole - RaftServer{null}{role=INACTIVE} - Received JoinRequest{member=DefaultRaftMember{id=3, type=ACTIVE, updated=2018-06-10T19:52:01.412Z}}
21:52:01.413 [raft-server-raft-partition-3] TRACE i.a.p.raft.roles.InactiveRole - RaftServer{null}{role=INACTIVE} - Sending JoinResponse{status=ERROR, error=RaftError{type=UNAVAILABLE, message=null}}
21:52:01.413 [raft-server-raft-partition-3] TRACE i.a.p.r.c.impl.RaftClusterContext - RaftServer{raft-partition-3} - Cancelling join timeout
21:52:01.413 [raft-server-raft-partition-3] DEBUG i.a.p.r.c.impl.RaftClusterContext - RaftServer{raft-partition-3} - Failed to join 1
21:52:01.413 [raft-server-raft-partition-3] DEBUG i.a.p.r.c.impl.RaftClusterContext - RaftServer{raft-partition-3} - Attempting to join via 2
21:52:01.414 [raft-server-raft-partition-3] TRACE i.a.p.r.c.impl.RaftClusterContext - RaftServer{raft-partition-3} - Cancelling join timeout
21:52:01.414 [raft-server-raft-partition-3] DEBUG i.a.p.r.c.impl.RaftClusterContext - RaftServer{raft-partition-3} - Failed to join 2
21:52:01.414 [raft-server-raft-partition-3] DEBUG i.a.p.r.c.impl.RaftClusterContext - RaftServer{raft-partition-3} - Failed to join cluster, retrying...
21:52:01.433 [raft-server-raft-partition-3] INFO  i.a.protocols.raft.impl.RaftContext - RaftServer{raft-partition-3} - Transitioning to FOLLOWER
21:52:01.433 [raft-server-raft-partition-3] DEBUG i.a.p.r.c.impl.RaftClusterContext - RaftServer{raft-partition-3} - Attempting to join via 2
21:52:01.433 [raft-server-raft-partition-3] TRACE i.a.p.r.c.impl.RaftClusterContext - RaftServer{raft-partition-3} - Cancelling join timeout
21:52:01.433 [raft-server-raft-partition-3] INFO  i.a.protocols.raft.impl.RaftContext - RaftServer{raft-partition-3} - Transitioning to FOLLOWER
21:52:01.433 [raft-server-raft-partition-3] DEBUG i.a.p.r.c.impl.RaftClusterContext - RaftServer{raft-partition-3} - Failed to join 2
21:52:01.433 [raft-server-raft-partition-3] DEBUG i.a.p.r.c.impl.RaftClusterContext - RaftServer{raft-partition-3} - Attempting to join via 1
21:52:01.433 [raft-server-raft-partition-3] DEBUG i.a.p.r.c.impl.RaftClusterContext - RaftServer{raft-partition-3} - Attempting to join via 3
21:52:01.434 [raft-server-raft-partition-3] TRACE i.a.p.raft.roles.FollowerRole - RaftServer{raft-partition-3}{role=FOLLOWER} - Received JoinRequest{member=DefaultRaftMember{id=2, type=ACTIVE, updated=2018-06-10T19:52:01.433Z}}
21:52:01.434 [raft-server-raft-partition-3] TRACE i.a.p.raft.roles.FollowerRole - RaftServer{raft-partition-3}{role=FOLLOWER} - Sending JoinResponse{status=ERROR, error=RaftError{type=NO_LEADER, message=null}}
21:52:01.434 [raft-server-raft-partition-3] TRACE i.a.p.raft.roles.FollowerRole - RaftServer{raft-partition-3}{role=FOLLOWER} - Received JoinRequest{member=DefaultRaftMember{id=1, type=ACTIVE, updated=2018-06-10T19:52:01.389Z}}
21:52:01.434 [raft-server-raft-partition-3] TRACE i.a.p.raft.roles.FollowerRole - RaftServer{raft-partition-3}{role=FOLLOWER} - Sending JoinResponse{status=ERROR, error=RaftError{type=NO_LEADER, message=null}}
21:52:01.434 [raft-server-raft-partition-3] TRACE i.a.p.r.c.impl.RaftClusterContext - RaftServer{raft-partition-3} - Cancelling join timeout
21:52:01.434 [raft-server-raft-partition-3] DEBUG i.a.p.r.c.impl.RaftClusterContext - RaftServer{raft-partition-3} - Failed to join 1
21:52:01.434 [raft-server-raft-partition-3] DEBUG i.a.p.r.c.impl.RaftClusterContext - RaftServer{raft-partition-3} - Attempting to join via 3
21:52:01.434 [raft-server-raft-partition-3] TRACE i.a.p.r.c.impl.RaftClusterContext - RaftServer{raft-partition-3} - Cancelling join timeout
21:52:01.434 [raft-server-raft-partition-3] DEBUG i.a.p.r.c.impl.RaftClusterContext - RaftServer{raft-partition-3} - Failed to join 3
21:52:01.434 [raft-server-raft-partition-3] DEBUG i.a.p.r.c.impl.RaftClusterContext - RaftServer{raft-partition-3} - Failed to join cluster, retrying...
21:52:01.435 [raft-server-raft-partition-3] TRACE i.a.p.raft.roles.FollowerRole - RaftServer{raft-partition-3}{role=FOLLOWER} - Received JoinRequest{member=DefaultRaftMember{id=2, type=ACTIVE, updated=2018-06-10T19:52:01.433Z}}
21:52:01.435 [raft-server-raft-partition-3] TRACE i.a.p.raft.roles.FollowerRole - RaftServer{raft-partition-3}{role=FOLLOWER} - Sending JoinResponse{status=ERROR, error=RaftError{type=NO_LEADER, message=null}}
21:52:01.435 [raft-server-raft-partition-3] TRACE i.a.p.r.c.impl.RaftClusterContext - RaftServer{raft-partition-3} - Cancelling join timeout
21:52:01.435 [raft-server-raft-partition-3] DEBUG i.a.p.r.c.impl.RaftClusterContext - RaftServer{raft-partition-3} - Failed to join 3
21:52:01.435 [raft-server-raft-partition-3] DEBUG i.a.p.r.c.impl.RaftClusterContext - RaftServer{raft-partition-3} - Failed to join cluster, retrying...
21:52:01.458 [raft-server-system-partition-1] TRACE i.a.p.raft.roles.LeaderAppender - RaftServer{system-partition-1} - Received AppendResponse{status=OK, term=1, succeeded=true, lastLogIndex=13} from 2
21:52:01.458 [raft-server-system-partition-1] TRACE i.a.p.raft.roles.LeaderAppender - RaftServer{system-partition-1} - Sending AppendRequest{term=1, leader=1, prevLogIndex=13, prevLogTerm=1, entries=0, commitIndex=13} to 2
21:52:01.458 [raft-server-system-partition-1] TRACE i.a.p.raft.roles.LeaderAppender - RaftServer{system-partition-1} - Sending AppendRequest{term=1, leader=1, prevLogIndex=13, prevLogTerm=1, entries=0, commitIndex=13} to 3
21:52:01.458 [raft-server-system-partition-1-state] TRACE i.a.p.raft.impl.RaftServiceManager - RaftServer{system-partition-1} - Applying Indexed{index=13, entry=KeepAliveEntry{term=1, timestamp=2018-06-10 09:52:01,334, sessionIds=long[]{length=2, hash=1252}, commandSequences=long[]{length=2, hash=961}, eventIndexes=long[]{length=2, hash=1252}}}
21:52:01.458 [raft-server-system-partition-1] TRACE i.a.p.raft.roles.FollowerRole - RaftServer{system-partition-1}{role=FOLLOWER} - Received AppendRequest{term=1, leader=1, prevLogIndex=13, prevLogTerm=1, entries=0, commitIndex=13}
21:52:01.458 [raft-server-system-partition-1] TRACE i.a.protocols.raft.roles.LeaderRole - RaftServer{system-partition-1}{role=LEADER} - Sending KeepAliveResponse{status=OK, leader=1, members=[1, 2, 3], sessionIds=long[]{length=2, hash=1252}}
21:52:01.458 [raft-server-system-partition-1] TRACE i.a.p.raft.roles.FollowerRole - RaftServer{system-partition-1}{role=FOLLOWER} - Committed entries up to index 13
21:52:01.458 [raft-server-system-partition-1] TRACE i.a.p.raft.roles.FollowerRole - RaftServer{system-partition-1}{role=FOLLOWER} - Received AppendRequest{term=1, leader=1, prevLogIndex=13, prevLogTerm=1, entries=0, commitIndex=13}
21:52:01.458 [raft-server-system-partition-1] TRACE i.a.p.raft.roles.FollowerRole - RaftServer{system-partition-1}{role=FOLLOWER} - Sending AppendResponse{status=OK, term=1, succeeded=true, lastLogIndex=13}
21:52:01.458 [raft-server-system-partition-1] TRACE i.a.p.raft.roles.FollowerRole - RaftServer{system-partition-1}{role=FOLLOWER} - Committed entries up to index 13
21:52:01.458 [raft-server-system-partition-1] TRACE i.a.p.raft.roles.FollowerRole - RaftServer{system-partition-1}{role=FOLLOWER} - Sending AppendResponse{status=OK, term=1, succeeded=true, lastLogIndex=13}
21:52:01.458 [raft-server-system-partition-1-state] TRACE i.a.p.raft.impl.RaftServiceManager - RaftServer{system-partition-1} - Applying Indexed{index=13, entry=KeepAliveEntry{term=1, timestamp=2018-06-10 09:52:01,334, sessionIds=long[]{length=2, hash=1252}, commandSequences=long[]{length=2, hash=961}, eventIndexes=long[]{length=2, hash=1252}}}
21:52:01.458 [raft-client-system-partition-1-7] TRACE i.a.p.r.s.impl.RaftSessionConnection - RaftClient{system-partition-1} - Received KeepAliveResponse{status=OK, leader=1, members=[1, 2, 3], sessionIds=long[]{length=2, hash=1252}} from 1
21:52:01.458 [raft-server-system-partition-1-state] TRACE i.a.p.raft.impl.RaftServiceManager - RaftServer{system-partition-1} - Applying Indexed{index=13, entry=KeepAliveEntry{term=1, timestamp=2018-06-10 09:52:01,334, sessionIds=long[]{length=2, hash=1252}, commandSequences=long[]{length=2, hash=961}, eventIndexes=long[]{length=2, hash=1252}}}
21:52:01.459 [raft-server-system-partition-1] TRACE i.a.p.raft.roles.LeaderAppender - RaftServer{system-partition-1} - Received AppendResponse{status=OK, term=1, succeeded=true, lastLogIndex=13} from 3
21:52:01.459 [raft-server-system-partition-1] TRACE i.a.p.raft.roles.LeaderAppender - RaftServer{system-partition-1} - Sending AppendRequest{term=1, leader=1, prevLogIndex=13, prevLogTerm=1, entries=0, commitIndex=13} to 3
21:52:01.459 [raft-server-system-partition-1] TRACE i.a.p.raft.roles.LeaderAppender - RaftServer{system-partition-1} - Received AppendResponse{status=OK, term=1, succeeded=true, lastLogIndex=13} from 2
21:52:01.459 [raft-server-system-partition-1] TRACE i.a.p.raft.roles.LeaderAppender - RaftServer{system-partition-1} - Sending AppendRequest{term=1, leader=1, prevLogIndex=13, prevLogTerm=1, entries=0, commitIndex=13} to 2
21:52:01.459 [raft-server-system-partition-1] TRACE i.a.p.raft.roles.FollowerRole - RaftServer{system-partition-1}{role=FOLLOWER} - Received AppendRequest{term=1, leader=1, prevLogIndex=13, prevLogTerm=1, entries=0, commitIndex=13}
21:52:01.459 [raft-server-system-partition-1] TRACE i.a.p.raft.roles.FollowerRole - RaftServer{system-partition-1}{role=FOLLOWER} - Received AppendRequest{term=1, leader=1, prevLogIndex=13, prevLogTerm=1, entries=0, commitIndex=13}
21:52:01.459 [raft-server-system-partition-1] TRACE i.a.p.raft.roles.FollowerRole - RaftServer{system-partition-1}{role=FOLLOWER} - Sending AppendResponse{status=OK, term=1, succeeded=true, lastLogIndex=13}
21:52:01.459 [raft-server-system-partition-1] TRACE i.a.p.raft.roles.FollowerRole - RaftServer{system-partition-1}{role=FOLLOWER} - Sending AppendResponse{status=OK, term=1, succeeded=true, lastLogIndex=13}
21:52:01.459 [raft-server-system-partition-1] TRACE i.a.p.raft.roles.LeaderAppender - RaftServer{system-partition-1} - Received AppendResponse{status=OK, term=1, succeeded=true, lastLogIndex=13} from 3
21:52:01.459 [raft-server-system-partition-1] TRACE i.a.p.raft.roles.LeaderAppender - RaftServer{system-partition-1} - Received AppendResponse{status=OK, term=1, succeeded=true, lastLogIndex=13} from 2
21:52:01.667 [raft-server-system-partition-1] TRACE i.a.p.raft.roles.LeaderAppender - RaftServer{system-partition-1} - Sending AppendRequest{term=1, leader=1, prevLogIndex=13, prevLogTerm=1, entries=0, commitIndex=13} to 2
21:52:01.667 [raft-server-system-partition-1] TRACE i.a.p.raft.roles.LeaderAppender - RaftServer{system-partition-1} - Sending AppendRequest{term=1, leader=1, prevLogIndex=13, prevLogTerm=1, entries=0, commitIndex=13} to 3
21:52:01.667 [raft-server-system-partition-1] TRACE i.a.p.raft.roles.FollowerRole - RaftServer{system-partition-1}{role=FOLLOWER} - Received AppendRequest{term=1, leader=1, prevLogIndex=13, prevLogTerm=1, entries=0, commitIndex=13}
21:52:01.667 [raft-server-system-partition-1] TRACE i.a.p.raft.roles.FollowerRole - RaftServer{system-partition-1}{role=FOLLOWER} - Received AppendRequest{term=1, leader=1, prevLogIndex=13, prevLogTerm=1, entries=0, commitIndex=13}
21:52:01.668 [raft-server-system-partition-1] TRACE i.a.p.raft.roles.FollowerRole - RaftServer{system-partition-1}{role=FOLLOWER} - Sending AppendResponse{status=OK, term=1, succeeded=true, lastLogIndex=13}
21:52:01.668 [raft-server-system-partition-1] TRACE i.a.p.raft.roles.FollowerRole - RaftServer{system-partition-1}{role=FOLLOWER} - Sending AppendResponse{status=OK, term=1, succeeded=true, lastLogIndex=13}
21:52:01.668 [raft-server-system-partition-1] TRACE i.a.p.raft.roles.LeaderAppender - RaftServer{system-partition-1} - Received AppendResponse{status=OK, term=1, succeeded=true, lastLogIndex=13} from 2
21:52:01.668 [raft-server-system-partition-1] TRACE i.a.p.raft.roles.LeaderAppender - RaftServer{system-partition-1} - Sending AppendRequest{term=1, leader=1, prevLogIndex=13, prevLogTerm=1, entries=0, commitIndex=13} to 2
21:52:01.668 [raft-server-system-partition-1] TRACE i.a.p.raft.roles.LeaderAppender - RaftServer{system-partition-1} - Received AppendResponse{status=OK, term=1, succeeded=true, lastLogIndex=13} from 3
21:52:01.668 [raft-server-system-partition-1] TRACE i.a.p.raft.roles.LeaderAppender - RaftServer{system-partition-1} - Sending AppendRequest{term=1, leader=1, prevLogIndex=13, prevLogTerm=1, entries=0, commitIndex=13} to 3
21:52:01.668 [raft-server-system-partition-1] TRACE i.a.p.raft.roles.FollowerRole - RaftServer{system-partition-1}{role=FOLLOWER} - Received AppendRequest{term=1, leader=1, prevLogIndex=13, prevLogTerm=1, entries=0, commitIndex=13}
21:52:01.668 [raft-server-system-partition-1] TRACE i.a.p.raft.roles.FollowerRole - RaftServer{system-partition-1}{role=FOLLOWER} - Sending AppendResponse{status=OK, term=1, succeeded=true, lastLogIndex=13}
21:52:01.668 [raft-server-system-partition-1] TRACE i.a.p.raft.roles.FollowerRole - RaftServer{system-partition-1}{role=FOLLOWER} - Received AppendRequest{term=1, leader=1, prevLogIndex=13, prevLogTerm=1, entries=0, commitIndex=13}
21:52:01.668 [raft-server-system-partition-1] TRACE i.a.p.raft.roles.FollowerRole - RaftServer{system-partition-1}{role=FOLLOWER} - Sending AppendResponse{status=OK, term=1, succeeded=true, lastLogIndex=13}
21:52:01.668 [raft-server-system-partition-1] TRACE i.a.p.raft.roles.LeaderAppender - RaftServer{system-partition-1} - Received AppendResponse{status=OK, term=1, succeeded=true, lastLogIndex=13} from 2
21:52:01.669 [raft-server-system-partition-1] TRACE i.a.p.raft.roles.LeaderAppender - RaftServer{system-partition-1} - Received AppendResponse{status=OK, term=1, succeeded=true, lastLogIndex=13} from 3
21:52:01.917 [raft-server-system-partition-1] TRACE i.a.p.raft.roles.LeaderAppender - RaftServer{system-partition-1} - Sending AppendRequest{term=1, leader=1, prevLogIndex=13, prevLogTerm=1, entries=0, commitIndex=13} to 2
21:52:01.917 [raft-server-system-partition-1] TRACE i.a.p.raft.roles.LeaderAppender - RaftServer{system-partition-1} - Sending AppendRequest{term=1, leader=1, prevLogIndex=13, prevLogTerm=1, entries=0, commitIndex=13} to 3
21:52:01.918 [raft-server-system-partition-1] TRACE i.a.p.raft.roles.FollowerRole - RaftServer{system-partition-1}{role=FOLLOWER} - Received AppendRequest{term=1, leader=1, prevLogIndex=13, prevLogTerm=1, entries=0, commitIndex=13}
21:52:01.918 [raft-server-system-partition-1] TRACE i.a.p.raft.roles.FollowerRole - RaftServer{system-partition-1}{role=FOLLOWER} - Sending AppendResponse{status=OK, term=1, succeeded=true, lastLogIndex=13}
21:52:01.918 [raft-server-system-partition-1] TRACE i.a.p.raft.roles.FollowerRole - RaftServer{system-partition-1}{role=FOLLOWER} - Received AppendRequest{term=1, leader=1, prevLogIndex=13, prevLogTerm=1, entries=0, commitIndex=13}
21:52:01.918 [raft-server-system-partition-1] TRACE i.a.p.raft.roles.FollowerRole - RaftServer{system-partition-1}{role=FOLLOWER} - Sending AppendResponse{status=OK, term=1, succeeded=true, lastLogIndex=13}
21:52:01.918 [raft-server-system-partition-1] TRACE i.a.p.raft.roles.LeaderAppender - RaftServer{system-partition-1} - Received AppendResponse{status=OK, term=1, succeeded=true, lastLogIndex=13} from 2
21:52:01.918 [raft-server-system-partition-1] TRACE i.a.p.raft.roles.LeaderAppender - RaftServer{system-partition-1} - Sending AppendRequest{term=1, leader=1, prevLogIndex=13, prevLogTerm=1, entries=0, commitIndex=13} to 2
21:52:01.918 [raft-server-system-partition-1] TRACE i.a.p.raft.roles.LeaderAppender - RaftServer{system-partition-1} - Received AppendResponse{status=OK, term=1, succeeded=true, lastLogIndex=13} from 3
21:52:01.918 [raft-server-system-partition-1] TRACE i.a.p.raft.roles.LeaderAppender - RaftServer{system-partition-1} - Sending AppendRequest{term=1, leader=1, prevLogIndex=13, prevLogTerm=1, entries=0, commitIndex=13} to 3
21:52:01.918 [raft-server-system-partition-1] TRACE i.a.p.raft.roles.FollowerRole - RaftServer{system-partition-1}{role=FOLLOWER} - Received AppendRequest{term=1, leader=1, prevLogIndex=13, prevLogTerm=1, entries=0, commitIndex=13}
21:52:01.918 [raft-server-system-partition-1] TRACE i.a.p.raft.roles.FollowerRole - RaftServer{system-partition-1}{role=FOLLOWER} - Sending AppendResponse{status=OK, term=1, succeeded=true, lastLogIndex=13}
21:52:01.918 [raft-server-system-partition-1] TRACE i.a.p.raft.roles.FollowerRole - RaftServer{system-partition-1}{role=FOLLOWER} - Received AppendRequest{term=1, leader=1, prevLogIndex=13, prevLogTerm=1, entries=0, commitIndex=13}
21:52:01.919 [raft-server-system-partition-1] TRACE i.a.p.raft.roles.FollowerRole - RaftServer{system-partition-1}{role=FOLLOWER} - Sending AppendResponse{status=OK, term=1, succeeded=true, lastLogIndex=13}
21:52:01.919 [raft-server-system-partition-1] TRACE i.a.p.raft.roles.LeaderAppender - RaftServer{system-partition-1} - Received AppendResponse{status=OK, term=1, succeeded=true, lastLogIndex=13} from 2
21:52:01.919 [raft-server-system-partition-1] TRACE i.a.p.raft.roles.LeaderAppender - RaftServer{system-partition-1} - Received AppendResponse{status=OK, term=1, succeeded=true, lastLogIndex=13} from 3
21:52:02.167 [raft-server-system-partition-1] TRACE i.a.p.raft.roles.LeaderAppender - RaftServer{system-partition-1} - Sending AppendRequest{term=1, leader=1, prevLogIndex=13, prevLogTerm=1, entries=0, commitIndex=13} to 2
21:52:02.167 [raft-server-system-partition-1] TRACE i.a.p.raft.roles.LeaderAppender - RaftServer{system-partition-1} - Sending AppendRequest{term=1, leader=1, prevLogIndex=13, prevLogTerm=1, entries=0, commitIndex=13} to 3
21:52:02.168 [raft-server-system-partition-1] TRACE i.a.p.raft.roles.FollowerRole - RaftServer{system-partition-1}{role=FOLLOWER} - Received AppendRequest{term=1, leader=1, prevLogIndex=13, prevLogTerm=1, entries=0, commitIndex=13}
21:52:02.168 [raft-server-system-partition-1] TRACE i.a.p.raft.roles.FollowerRole - RaftServer{system-partition-1}{role=FOLLOWER} - Received AppendRequest{term=1, leader=1, prevLogIndex=13, prevLogTerm=1, entries=0, commitIndex=13}
21:52:02.168 [raft-server-system-partition-1] TRACE i.a.p.raft.roles.FollowerRole - RaftServer{system-partition-1}{role=FOLLOWER} - Sending AppendResponse{status=OK, term=1, succeeded=true, lastLogIndex=13}
21:52:02.168 [raft-server-system-partition-1] TRACE i.a.p.raft.roles.FollowerRole - RaftServer{system-partition-1}{role=FOLLOWER} - Sending AppendResponse{status=OK, term=1, succeeded=true, lastLogIndex=13}
21:52:02.168 [raft-server-system-partition-1] TRACE i.a.p.raft.roles.LeaderAppender - RaftServer{system-partition-1} - Received AppendResponse{status=OK, term=1, succeeded=true, lastLogIndex=13} from 2
21:52:02.168 [raft-server-system-partition-1] TRACE i.a.p.raft.roles.LeaderAppender - RaftServer{system-partition-1} - Sending AppendRequest{term=1, leader=1, prevLogIndex=13, prevLogTerm=1, entries=0, commitIndex=13} to 2
21:52:02.168 [raft-server-system-partition-1] TRACE i.a.p.raft.roles.LeaderAppender - RaftServer{system-partition-1} - Received AppendResponse{status=OK, term=1, succeeded=true, lastLogIndex=13} from 3
21:52:02.168 [raft-server-system-partition-1] TRACE i.a.p.raft.roles.LeaderAppender - RaftServer{system-partition-1} - Sending AppendRequest{term=1, leader=1, prevLogIndex=13, prevLogTerm=1, entries=0, commitIndex=13} to 3
21:52:02.168 [raft-server-system-partition-1] TRACE i.a.p.raft.roles.FollowerRole - RaftServer{system-partition-1}{role=FOLLOWER} - Received AppendRequest{term=1, leader=1, prevLogIndex=13, prevLogTerm=1, entries=0, commitIndex=13}
21:52:02.168 [raft-server-system-partition-1] TRACE i.a.p.raft.roles.FollowerRole - RaftServer{system-partition-1}{role=FOLLOWER} - Sending AppendResponse{status=OK, term=1, succeeded=true, lastLogIndex=13}
21:52:02.168 [raft-server-system-partition-1] TRACE i.a.p.raft.roles.FollowerRole - RaftServer{system-partition-1}{role=FOLLOWER} - Received AppendRequest{term=1, leader=1, prevLogIndex=13, prevLogTerm=1, entries=0, commitIndex=13}
21:52:02.168 [raft-server-system-partition-1] TRACE i.a.p.raft.roles.FollowerRole - RaftServer{system-partition-1}{role=FOLLOWER} - Sending AppendResponse{status=OK, term=1, succeeded=true, lastLogIndex=13}
21:52:02.169 [raft-server-system-partition-1] TRACE i.a.p.raft.roles.LeaderAppender - RaftServer{system-partition-1} - Received AppendResponse{status=OK, term=1, succeeded=true, lastLogIndex=13} from 2
21:52:02.169 [raft-server-system-partition-1] TRACE i.a.p.raft.roles.LeaderAppender - RaftServer{system-partition-1} - Received AppendResponse{status=OK, term=1, succeeded=true, lastLogIndex=13} from 3
21:52:02.417 [raft-server-system-partition-1] TRACE i.a.p.raft.roles.LeaderAppender - RaftServer{system-partition-1} - Sending AppendRequest{term=1, leader=1, prevLogIndex=13, prevLogTerm=1, entries=0, commitIndex=13} to 2
21:52:02.417 [raft-server-system-partition-1] TRACE i.a.p.raft.roles.LeaderAppender - RaftServer{system-partition-1} - Sending AppendRequest{term=1, leader=1, prevLogIndex=13, prevLogTerm=1, entries=0, commitIndex=13} to 3
21:52:02.418 [raft-server-system-partition-1] TRACE i.a.p.raft.roles.FollowerRole - RaftServer{system-partition-1}{role=FOLLOWER} - Received AppendRequest{term=1, leader=1, prevLogIndex=13, prevLogTerm=1, entries=0, commitIndex=13}
21:52:02.418 [raft-server-system-partition-1] TRACE i.a.p.raft.roles.FollowerRole - RaftServer{system-partition-1}{role=FOLLOWER} - Sending AppendResponse{status=OK, term=1, succeeded=true, lastLogIndex=13}
21:52:02.418 [raft-server-system-partition-1] TRACE i.a.p.raft.roles.FollowerRole - RaftServer{system-partition-1}{role=FOLLOWER} - Received AppendRequest{term=1, leader=1, prevLogIndex=13, prevLogTerm=1, entries=0, commitIndex=13}
21:52:02.418 [raft-server-system-partition-1] TRACE i.a.p.raft.roles.FollowerRole - RaftServer{system-partition-1}{role=FOLLOWER} - Sending AppendResponse{status=OK, term=1, succeeded=true, lastLogIndex=13}
21:52:02.418 [raft-server-system-partition-1] TRACE i.a.p.raft.roles.LeaderAppender - RaftServer{system-partition-1} - Received AppendResponse{status=OK, term=1, succeeded=true, lastLogIndex=13} from 3
21:52:02.418 [raft-server-system-partition-1] TRACE i.a.p.raft.roles.LeaderAppender - RaftServer{system-partition-1} - Sending AppendRequest{term=1, leader=1, prevLogIndex=13, prevLogTerm=1, entries=0, commitIndex=13} to 3
21:52:02.418 [raft-server-system-partition-1] TRACE i.a.p.raft.roles.LeaderAppender - RaftServer{system-partition-1} - Received AppendResponse{status=OK, term=1, succeeded=true, lastLogIndex=13} from 2
21:52:02.418 [raft-server-system-partition-1] TRACE i.a.p.raft.roles.LeaderAppender - RaftServer{system-partition-1} - Sending AppendRequest{term=1, leader=1, prevLogIndex=13, prevLogTerm=1, entries=0, commitIndex=13} to 2
21:52:02.419 [raft-server-system-partition-1] TRACE i.a.p.raft.roles.FollowerRole - RaftServer{system-partition-1}{role=FOLLOWER} - Received AppendRequest{term=1, leader=1, prevLogIndex=13, prevLogTerm=1, entries=0, commitIndex=13}
21:52:02.419 [raft-server-system-partition-1] TRACE i.a.p.raft.roles.FollowerRole - RaftServer{system-partition-1}{role=FOLLOWER} - Sending AppendResponse{status=OK, term=1, succeeded=true, lastLogIndex=13}
21:52:02.419 [raft-server-system-partition-1] TRACE i.a.p.raft.roles.FollowerRole - RaftServer{system-partition-1}{role=FOLLOWER} - Received AppendRequest{term=1, leader=1, prevLogIndex=13, prevLogTerm=1, entries=0, commitIndex=13}
21:52:02.419 [raft-server-system-partition-1] TRACE i.a.p.raft.roles.FollowerRole - RaftServer{system-partition-1}{role=FOLLOWER} - Sending AppendResponse{status=OK, term=1, succeeded=true, lastLogIndex=13}
21:52:02.419 [raft-server-system-partition-1] TRACE i.a.p.raft.roles.LeaderAppender - RaftServer{system-partition-1} - Received AppendResponse{status=OK, term=1, succeeded=true, lastLogIndex=13} from 3
21:52:02.419 [raft-server-system-partition-1] TRACE i.a.p.raft.roles.LeaderAppender - RaftServer{system-partition-1} - Received AppendResponse{status=OK, term=1, succeeded=true, lastLogIndex=13} from 2
21:52:02.667 [raft-server-system-partition-1] TRACE i.a.p.raft.roles.LeaderAppender - RaftServer{system-partition-1} - Sending AppendRequest{term=1, leader=1, prevLogIndex=13, prevLogTerm=1, entries=0, commitIndex=13} to 2
21:52:02.667 [raft-server-system-partition-1] TRACE i.a.p.raft.roles.LeaderAppender - RaftServer{system-partition-1} - Sending AppendRequest{term=1, leader=1, prevLogIndex=13, prevLogTerm=1, entries=0, commitIndex=13} to 3
21:52:02.667 [raft-server-system-partition-1] TRACE i.a.p.raft.roles.FollowerRole - RaftServer{system-partition-1}{role=FOLLOWER} - Received AppendRequest{term=1, leader=1, prevLogIndex=13, prevLogTerm=1, entries=0, commitIndex=13}
21:52:02.667 [raft-server-system-partition-1] TRACE i.a.p.raft.roles.FollowerRole - RaftServer{system-partition-1}{role=FOLLOWER} - Sending AppendResponse{status=OK, term=1, succeeded=true, lastLogIndex=13}
21:52:02.668 [raft-server-system-partition-1] TRACE i.a.p.raft.roles.FollowerRole - RaftServer{system-partition-1}{role=FOLLOWER} - Received AppendRequest{term=1, leader=1, prevLogIndex=13, prevLogTerm=1, entries=0, commitIndex=13}
21:52:02.668 [raft-server-system-partition-1] TRACE i.a.p.raft.roles.FollowerRole - RaftServer{system-partition-1}{role=FOLLOWER} - Sending AppendResponse{status=OK, term=1, succeeded=true, lastLogIndex=13}
21:52:02.668 [raft-server-system-partition-1] TRACE i.a.p.raft.roles.LeaderAppender - RaftServer{system-partition-1} - Received AppendResponse{status=OK, term=1, succeeded=true, lastLogIndex=13} from 2
21:52:02.668 [raft-server-system-partition-1] TRACE i.a.p.raft.roles.LeaderAppender - RaftServer{system-partition-1} - Sending AppendRequest{term=1, leader=1, prevLogIndex=13, prevLogTerm=1, entries=0, commitIndex=13} to 2
21:52:02.668 [raft-server-system-partition-1] TRACE i.a.p.raft.roles.LeaderAppender - RaftServer{system-partition-1} - Received AppendResponse{status=OK, term=1, succeeded=true, lastLogIndex=13} from 3
21:52:02.668 [raft-server-system-partition-1] TRACE i.a.p.raft.roles.LeaderAppender - RaftServer{system-partition-1} - Sending AppendRequest{term=1, leader=1, prevLogIndex=13, prevLogTerm=1, entries=0, commitIndex=13} to 3
21:52:02.668 [raft-server-system-partition-1] TRACE i.a.p.raft.roles.FollowerRole - RaftServer{system-partition-1}{role=FOLLOWER} - Received AppendRequest{term=1, leader=1, prevLogIndex=13, prevLogTerm=1, entries=0, commitIndex=13}
21:52:02.668 [raft-server-system-partition-1] TRACE i.a.p.raft.roles.FollowerRole - RaftServer{system-partition-1}{role=FOLLOWER} - Sending AppendResponse{status=OK, term=1, succeeded=true, lastLogIndex=13}
21:52:02.668 [raft-server-system-partition-1] TRACE i.a.p.raft.roles.FollowerRole - RaftServer{system-partition-1}{role=FOLLOWER} - Received AppendRequest{term=1, leader=1, prevLogIndex=13, prevLogTerm=1, entries=0, commitIndex=13}
21:52:02.668 [raft-server-system-partition-1] TRACE i.a.p.raft.roles.FollowerRole - RaftServer{system-partition-1}{role=FOLLOWER} - Sending AppendResponse{status=OK, term=1, succeeded=true, lastLogIndex=13}
21:52:02.668 [raft-server-system-partition-1] TRACE i.a.p.raft.roles.LeaderAppender - RaftServer{system-partition-1} - Received AppendResponse{status=OK, term=1, succeeded=true, lastLogIndex=13} from 2
21:52:02.668 [raft-server-system-partition-1] TRACE i.a.p.raft.roles.LeaderAppender - RaftServer{system-partition-1} - Received AppendResponse{status=OK, term=1, succeeded=true, lastLogIndex=13} from 3
21:52:02.917 [raft-server-system-partition-1] TRACE i.a.p.raft.roles.LeaderAppender - RaftServer{system-partition-1} - Sending AppendRequest{term=1, leader=1, prevLogIndex=13, prevLogTerm=1, entries=0, commitIndex=13} to 2
21:52:02.917 [raft-server-system-partition-1] TRACE i.a.p.raft.roles.LeaderAppender - RaftServer{system-partition-1} - Sending AppendRequest{term=1, leader=1, prevLogIndex=13, prevLogTerm=1, entries=0, commitIndex=13} to 3
21:52:02.917 [raft-server-system-partition-1] TRACE i.a.p.raft.roles.FollowerRole - RaftServer{system-partition-1}{role=FOLLOWER} - Received AppendRequest{term=1, leader=1, prevLogIndex=13, prevLogTerm=1, entries=0, commitIndex=13}
21:52:02.918 [raft-server-system-partition-1] TRACE i.a.p.raft.roles.FollowerRole - RaftServer{system-partition-1}{role=FOLLOWER} - Sending AppendResponse{status=OK, term=1, succeeded=true, lastLogIndex=13}
21:52:02.918 [raft-server-system-partition-1] TRACE i.a.p.raft.roles.FollowerRole - RaftServer{system-partition-1}{role=FOLLOWER} - Received AppendRequest{term=1, leader=1, prevLogIndex=13, prevLogTerm=1, entries=0, commitIndex=13}
21:52:02.918 [raft-server-system-partition-1] TRACE i.a.p.raft.roles.FollowerRole - RaftServer{system-partition-1}{role=FOLLOWER} - Sending AppendResponse{status=OK, term=1, succeeded=true, lastLogIndex=13}
21:52:02.918 [raft-server-system-partition-1] TRACE i.a.p.raft.roles.LeaderAppender - RaftServer{system-partition-1} - Received AppendResponse{status=OK, term=1, succeeded=true, lastLogIndex=13} from 2
21:52:02.918 [raft-server-system-partition-1] TRACE i.a.p.raft.roles.LeaderAppender - RaftServer{system-partition-1} - Sending AppendRequest{term=1, leader=1, prevLogIndex=13, prevLogTerm=1, entries=0, commitIndex=13} to 2
21:52:02.918 [raft-server-system-partition-1] TRACE i.a.p.raft.roles.LeaderAppender - RaftServer{system-partition-1} - Received AppendResponse{status=OK, term=1, succeeded=true, lastLogIndex=13} from 3
21:52:02.918 [raft-server-system-partition-1] TRACE i.a.p.raft.roles.LeaderAppender - RaftServer{system-partition-1} - Sending AppendRequest{term=1, leader=1, prevLogIndex=13, prevLogTerm=1, entries=0, commitIndex=13} to 3
21:52:02.918 [raft-server-system-partition-1] TRACE i.a.p.raft.roles.FollowerRole - RaftServer{system-partition-1}{role=FOLLOWER} - Received AppendRequest{term=1, leader=1, prevLogIndex=13, prevLogTerm=1, entries=0, commitIndex=13}
21:52:02.918 [raft-server-system-partition-1] TRACE i.a.p.raft.roles.FollowerRole - RaftServer{system-partition-1}{role=FOLLOWER} - Sending AppendResponse{status=OK, term=1, succeeded=true, lastLogIndex=13}
21:52:02.918 [raft-server-system-partition-1] TRACE i.a.p.raft.roles.FollowerRole - RaftServer{system-partition-1}{role=FOLLOWER} - Received AppendRequest{term=1, leader=1, prevLogIndex=13, prevLogTerm=1, entries=0, commitIndex=13}
21:52:02.918 [raft-server-system-partition-1] TRACE i.a.p.raft.roles.FollowerRole - RaftServer{system-partition-1}{role=FOLLOWER} - Sending AppendResponse{status=OK, term=1, succeeded=true, lastLogIndex=13}
21:52:02.918 [raft-server-system-partition-1] TRACE i.a.p.raft.roles.LeaderAppender - RaftServer{system-partition-1} - Received AppendResponse{status=OK, term=1, succeeded=true, lastLogIndex=13} from 2
21:52:02.918 [raft-server-system-partition-1] TRACE i.a.p.raft.roles.LeaderAppender - RaftServer{system-partition-1} - Received AppendResponse{status=OK, term=1, succeeded=true, lastLogIndex=13} from 3
21:52:03.167 [raft-server-system-partition-1] TRACE i.a.p.raft.roles.LeaderAppender - RaftServer{system-partition-1} - Sending AppendRequest{term=1, leader=1, prevLogIndex=13, prevLogTerm=1, entries=0, commitIndex=13} to 2
21:52:03.167 [raft-server-system-partition-1] TRACE i.a.p.raft.roles.LeaderAppender - RaftServer{system-partition-1} - Sending AppendRequest{term=1, leader=1, prevLogIndex=13, prevLogTerm=1, entries=0, commitIndex=13} to 3
21:52:03.167 [raft-server-system-partition-1] TRACE i.a.p.raft.roles.FollowerRole - RaftServer{system-partition-1}{role=FOLLOWER} - Received AppendRequest{term=1, leader=1, prevLogIndex=13, prevLogTerm=1, entries=0, commitIndex=13}
21:52:03.167 [raft-server-system-partition-1] TRACE i.a.p.raft.roles.FollowerRole - RaftServer{system-partition-1}{role=FOLLOWER} - Sending AppendResponse{status=OK, term=1, succeeded=true, lastLogIndex=13}
21:52:03.168 [raft-server-system-partition-1] TRACE i.a.p.raft.roles.FollowerRole - RaftServer{system-partition-1}{role=FOLLOWER} - Received AppendRequest{term=1, leader=1, prevLogIndex=13, prevLogTerm=1, entries=0, commitIndex=13}
21:52:03.168 [raft-server-system-partition-1] TRACE i.a.p.raft.roles.FollowerRole - RaftServer{system-partition-1}{role=FOLLOWER} - Sending AppendResponse{status=OK, term=1, succeeded=true, lastLogIndex=13}
21:52:03.168 [raft-server-system-partition-1] TRACE i.a.p.raft.roles.LeaderAppender - RaftServer{system-partition-1} - Received AppendResponse{status=OK, term=1, succeeded=true, lastLogIndex=13} from 2
21:52:03.168 [raft-server-system-partition-1] TRACE i.a.p.raft.roles.LeaderAppender - RaftServer{system-partition-1} - Sending AppendRequest{term=1, leader=1, prevLogIndex=13, prevLogTerm=1, entries=0, commitIndex=13} to 2
21:52:03.168 [raft-server-system-partition-1] TRACE i.a.p.raft.roles.LeaderAppender - RaftServer{system-partition-1} - Received AppendResponse{status=OK, term=1, succeeded=true, lastLogIndex=13} from 3
21:52:03.168 [raft-server-system-partition-1] TRACE i.a.p.raft.roles.LeaderAppender - RaftServer{system-partition-1} - Sending AppendRequest{term=1, leader=1, prevLogIndex=13, prevLogTerm=1, entries=0, commitIndex=13} to 3
21:52:03.168 [raft-server-system-partition-1] TRACE i.a.p.raft.roles.FollowerRole - RaftServer{system-partition-1}{role=FOLLOWER} - Received AppendRequest{term=1, leader=1, prevLogIndex=13, prevLogTerm=1, entries=0, commitIndex=13}
21:52:03.168 [raft-server-system-partition-1] TRACE i.a.p.raft.roles.FollowerRole - RaftServer{system-partition-1}{role=FOLLOWER} - Sending AppendResponse{status=OK, term=1, succeeded=true, lastLogIndex=13}
21:52:03.168 [raft-server-system-partition-1] TRACE i.a.p.raft.roles.FollowerRole - RaftServer{system-partition-1}{role=FOLLOWER} - Received AppendRequest{term=1, leader=1, prevLogIndex=13, prevLogTerm=1, entries=0, commitIndex=13}
21:52:03.168 [raft-server-system-partition-1] TRACE i.a.p.raft.roles.FollowerRole - RaftServer{system-partition-1}{role=FOLLOWER} - Sending AppendResponse{status=OK, term=1, succeeded=true, lastLogIndex=13}
21:52:03.168 [raft-server-system-partition-1] TRACE i.a.p.raft.roles.LeaderAppender - RaftServer{system-partition-1} - Received AppendResponse{status=OK, term=1, succeeded=true, lastLogIndex=13} from 2
21:52:03.168 [raft-server-system-partition-1] TRACE i.a.p.raft.roles.LeaderAppender - RaftServer{system-partition-1} - Received AppendResponse{status=OK, term=1, succeeded=true, lastLogIndex=13} from 3
21:52:03.417 [raft-server-system-partition-1] TRACE i.a.p.raft.roles.LeaderAppender - RaftServer{system-partition-1} - Sending AppendRequest{term=1, leader=1, prevLogIndex=13, prevLogTerm=1, entries=0, commitIndex=13} to 2
21:52:03.417 [raft-server-system-partition-1] TRACE i.a.p.raft.roles.LeaderAppender - RaftServer{system-partition-1} - Sending AppendRequest{term=1, leader=1, prevLogIndex=13, prevLogTerm=1, entries=0, commitIndex=13} to 3
21:52:03.417 [raft-server-system-partition-1] TRACE i.a.p.raft.roles.FollowerRole - RaftServer{system-partition-1}{role=FOLLOWER} - Received AppendRequest{term=1, leader=1, prevLogIndex=13, prevLogTerm=1, entries=0, commitIndex=13}
21:52:03.418 [raft-server-system-partition-1] TRACE i.a.p.raft.roles.FollowerRole - RaftServer{system-partition-1}{role=FOLLOWER} - Received AppendRequest{term=1, leader=1, prevLogIndex=13, prevLogTerm=1, entries=0, commitIndex=13}
21:52:03.418 [raft-server-system-partition-1] TRACE i.a.p.raft.roles.FollowerRole - RaftServer{system-partition-1}{role=FOLLOWER} - Sending AppendResponse{status=OK, term=1, succeeded=true, lastLogIndex=13}
21:52:03.418 [raft-server-system-partition-1] TRACE i.a.p.raft.roles.FollowerRole - RaftServer{system-partition-1}{role=FOLLOWER} - Sending AppendResponse{status=OK, term=1, succeeded=true, lastLogIndex=13}
21:52:03.418 [raft-server-system-partition-1] TRACE i.a.p.raft.roles.LeaderAppender - RaftServer{system-partition-1} - Received AppendResponse{status=OK, term=1, succeeded=true, lastLogIndex=13} from 2
21:52:03.418 [raft-server-system-partition-1] TRACE i.a.p.raft.roles.LeaderAppender - RaftServer{system-partition-1} - Sending AppendRequest{term=1, leader=1, prevLogIndex=13, prevLogTerm=1, entries=0, commitIndex=13} to 2
21:52:03.418 [raft-server-system-partition-1] TRACE i.a.p.raft.roles.LeaderAppender - RaftServer{system-partition-1} - Received AppendResponse{status=OK, term=1, succeeded=true, lastLogIndex=13} from 3
21:52:03.418 [raft-server-system-partition-1] TRACE i.a.p.raft.roles.LeaderAppender - RaftServer{system-partition-1} - Sending AppendRequest{term=1, leader=1, prevLogIndex=13, prevLogTerm=1, entries=0, commitIndex=13} to 3
21:52:03.419 [raft-server-system-partition-1] TRACE i.a.p.raft.roles.FollowerRole - RaftServer{system-partition-1}{role=FOLLOWER} - Received AppendRequest{term=1, leader=1, prevLogIndex=13, prevLogTerm=1, entries=0, commitIndex=13}
21:52:03.419 [raft-server-system-partition-1] TRACE i.a.p.raft.roles.FollowerRole - RaftServer{system-partition-1}{role=FOLLOWER} - Sending AppendResponse{status=OK, term=1, succeeded=true, lastLogIndex=13}
21:52:03.419 [raft-server-system-partition-1] TRACE i.a.p.raft.roles.FollowerRole - RaftServer{system-partition-1}{role=FOLLOWER} - Received AppendRequest{term=1, leader=1, prevLogIndex=13, prevLogTerm=1, entries=0, commitIndex=13}
21:52:03.419 [raft-server-system-partition-1] TRACE i.a.p.raft.roles.FollowerRole - RaftServer{system-partition-1}{role=FOLLOWER} - Sending AppendResponse{status=OK, term=1, succeeded=true, lastLogIndex=13}
21:52:03.419 [raft-server-system-partition-1] TRACE i.a.p.raft.roles.LeaderAppender - RaftServer{system-partition-1} - Received AppendResponse{status=OK, term=1, succeeded=true, lastLogIndex=13} from 2
21:52:03.419 [raft-server-system-partition-1] TRACE i.a.p.raft.roles.LeaderAppender - RaftServer{system-partition-1} - Received AppendResponse{status=OK, term=1, succeeded=true, lastLogIndex=13} from 3
21:52:03.667 [raft-server-system-partition-1] TRACE i.a.p.raft.roles.LeaderAppender - RaftServer{system-partition-1} - Sending AppendRequest{term=1, leader=1, prevLogIndex=13, prevLogTerm=1, entries=0, commitIndex=13} to 2
21:52:03.667 [raft-server-system-partition-1] TRACE i.a.p.raft.roles.LeaderAppender - RaftServer{system-partition-1} - Sending AppendRequest{term=1, leader=1, prevLogIndex=13, prevLogTerm=1, entries=0, commitIndex=13} to 3
21:52:03.667 [raft-server-system-partition-1] TRACE i.a.p.raft.roles.FollowerRole - RaftServer{system-partition-1}{role=FOLLOWER} - Received AppendRequest{term=1, leader=1, prevLogIndex=13, prevLogTerm=1, entries=0, commitIndex=13}
21:52:03.667 [raft-server-system-partition-1] TRACE i.a.p.raft.roles.FollowerRole - RaftServer{system-partition-1}{role=FOLLOWER} - Sending AppendResponse{status=OK, term=1, succeeded=true, lastLogIndex=13}
21:52:03.668 [raft-server-system-partition-1] TRACE i.a.p.raft.roles.FollowerRole - RaftServer{system-partition-1}{role=FOLLOWER} - Received AppendRequest{term=1, leader=1, prevLogIndex=13, prevLogTerm=1, entries=0, commitIndex=13}
21:52:03.668 [raft-server-system-partition-1] TRACE i.a.p.raft.roles.FollowerRole - RaftServer{system-partition-1}{role=FOLLOWER} - Sending AppendResponse{status=OK, term=1, succeeded=true, lastLogIndex=13}
21:52:03.668 [raft-server-system-partition-1] TRACE i.a.p.raft.roles.LeaderAppender - RaftServer{system-partition-1} - Received AppendResponse{status=OK, term=1, succeeded=true, lastLogIndex=13} from 2
21:52:03.668 [raft-server-system-partition-1] TRACE i.a.p.raft.roles.LeaderAppender - RaftServer{system-partition-1} - Sending AppendRequest{term=1, leader=1, prevLogIndex=13, prevLogTerm=1, entries=0, commitIndex=13} to 2
21:52:03.668 [raft-server-system-partition-1] TRACE i.a.p.raft.roles.LeaderAppender - RaftServer{system-partition-1} - Received AppendResponse{status=OK, term=1, succeeded=true, lastLogIndex=13} from 3
21:52:03.668 [raft-server-system-partition-1] TRACE i.a.p.raft.roles.LeaderAppender - RaftServer{system-partition-1} - Sending AppendRequest{term=1, leader=1, prevLogIndex=13, prevLogTerm=1, entries=0, commitIndex=13} to 3
21:52:03.668 [raft-server-system-partition-1] TRACE i.a.p.raft.roles.FollowerRole - RaftServer{system-partition-1}{role=FOLLOWER} - Received AppendRequest{term=1, leader=1, prevLogIndex=13, prevLogTerm=1, entries=0, commitIndex=13}
21:52:03.668 [raft-server-system-partition-1] TRACE i.a.p.raft.roles.FollowerRole - RaftServer{system-partition-1}{role=FOLLOWER} - Received AppendRequest{term=1, leader=1, prevLogIndex=13, prevLogTerm=1, entries=0, commitIndex=13}
21:52:03.668 [raft-server-system-partition-1] TRACE i.a.p.raft.roles.FollowerRole - RaftServer{system-partition-1}{role=FOLLOWER} - Sending AppendResponse{status=OK, term=1, succeeded=true, lastLogIndex=13}
21:52:03.668 [raft-server-system-partition-1] TRACE i.a.p.raft.roles.FollowerRole - RaftServer{system-partition-1}{role=FOLLOWER} - Sending AppendResponse{status=OK, term=1, succeeded=true, lastLogIndex=13}
21:52:03.668 [raft-server-system-partition-1] TRACE i.a.p.raft.roles.LeaderAppender - RaftServer{system-partition-1} - Received AppendResponse{status=OK, term=1, succeeded=true, lastLogIndex=13} from 2
21:52:03.669 [raft-server-system-partition-1] TRACE i.a.p.raft.roles.LeaderAppender - RaftServer{system-partition-1} - Received AppendResponse{status=OK, term=1, succeeded=true, lastLogIndex=13} from 3
21:52:03.726 [raft-server-raft-partition-7] DEBUG i.a.p.raft.roles.FollowerRole - RaftServer{raft-partition-7}{role=FOLLOWER} - Heartbeat timed out in PT2.534S
21:52:03.726 [raft-server-raft-partition-7] DEBUG i.a.p.raft.roles.FollowerRole - RaftServer{raft-partition-7}{role=FOLLOWER} - Polling members [DefaultRaftMember{id=1, type=ACTIVE, updated=2018-06-10T19:52:01.141Z}, DefaultRaftMember{id=3, type=ACTIVE, updated=2018-06-10T19:52:01.141Z}]
21:52:03.726 [raft-server-raft-partition-7] DEBUG i.a.p.raft.roles.FollowerRole - RaftServer{raft-partition-7}{role=FOLLOWER} - Polling DefaultRaftMember{id=1, type=ACTIVE, updated=2018-06-10T19:52:01.141Z} for next term 1
21:52:03.727 [raft-server-raft-partition-7] DEBUG i.a.p.raft.roles.FollowerRole - RaftServer{raft-partition-7}{role=FOLLOWER} - Polling DefaultRaftMember{id=3, type=ACTIVE, updated=2018-06-10T19:52:01.141Z} for next term 1
21:52:03.727 [raft-server-raft-partition-7] TRACE i.a.p.raft.roles.FollowerRole - RaftServer{raft-partition-7}{role=FOLLOWER} - Received PollRequest{term=0, candidate=2, lastLogIndex=0, lastLogTerm=0}
21:52:03.727 [raft-server-raft-partition-7] TRACE i.a.p.raft.roles.FollowerRole - RaftServer{raft-partition-7}{role=FOLLOWER} - Received PollRequest{term=0, candidate=2, lastLogIndex=0, lastLogTerm=0}
21:52:03.727 [raft-server-raft-partition-7] DEBUG i.a.p.raft.roles.FollowerRole - RaftServer{raft-partition-7}{role=FOLLOWER} - Accepted PollRequest{term=0, candidate=2, lastLogIndex=0, lastLogTerm=0}: candidate's log is up-to-date
21:52:03.727 [raft-server-raft-partition-7] DEBUG i.a.p.raft.roles.FollowerRole - RaftServer{raft-partition-7}{role=FOLLOWER} - Accepted PollRequest{term=0, candidate=2, lastLogIndex=0, lastLogTerm=0}: candidate's log is up-to-date
21:52:03.727 [raft-server-raft-partition-7] TRACE i.a.p.raft.roles.FollowerRole - RaftServer{raft-partition-7}{role=FOLLOWER} - Sending PollResponse{status=OK, term=0, accepted=true}
21:52:03.727 [raft-server-raft-partition-7] TRACE i.a.p.raft.roles.FollowerRole - RaftServer{raft-partition-7}{role=FOLLOWER} - Sending PollResponse{status=OK, term=0, accepted=true}
21:52:03.727 [raft-server-raft-partition-7] DEBUG i.a.p.raft.roles.FollowerRole - RaftServer{raft-partition-7}{role=FOLLOWER} - Received accepted poll from DefaultRaftMember{id=3, type=ACTIVE, updated=2018-06-10T19:52:01.141Z}
21:52:03.727 [raft-server-raft-partition-7] INFO  i.a.protocols.raft.impl.RaftContext - RaftServer{raft-partition-7} - Transitioning to CANDIDATE
21:52:03.727 [raft-server-raft-partition-7] TRACE i.a.p.raft.roles.FollowerRole - RaftServer{raft-partition-7}{role=FOLLOWER} - Cancelling heartbeat timer
21:52:03.727 [raft-server-raft-partition-7] INFO  i.a.p.raft.roles.CandidateRole - RaftServer{raft-partition-7}{role=CANDIDATE} - Starting election
21:52:03.727 [raft-server-raft-partition-7] TRACE i.a.p.raft.storage.system.MetaStore - Store term 1
21:52:03.757 [raft-server-raft-partition-7] TRACE i.a.p.raft.storage.system.MetaStore - Store vote null
21:52:03.782 [raft-server-raft-partition-7] DEBUG i.a.protocols.raft.impl.RaftContext - RaftServer{raft-partition-7} - Set term 1
21:52:03.782 [raft-server-raft-partition-7] TRACE i.a.p.raft.storage.system.MetaStore - Store vote 2
21:52:03.807 [raft-server-raft-partition-7] DEBUG i.a.protocols.raft.impl.RaftContext - RaftServer{raft-partition-7} - Voted for 2
21:52:03.808 [raft-server-raft-partition-7] DEBUG i.a.p.raft.roles.CandidateRole - RaftServer{raft-partition-7}{role=CANDIDATE} - Requesting votes for term 1
21:52:03.808 [raft-server-raft-partition-7] DEBUG i.a.p.raft.roles.CandidateRole - RaftServer{raft-partition-7}{role=CANDIDATE} - Requesting vote from DefaultRaftMember{id=1, type=ACTIVE, updated=2018-06-10T19:52:01.141Z} for term 1
21:52:03.808 [raft-server-raft-partition-7] DEBUG i.a.p.raft.roles.CandidateRole - RaftServer{raft-partition-7}{role=CANDIDATE} - Requesting vote from DefaultRaftMember{id=3, type=ACTIVE, updated=2018-06-10T19:52:01.141Z} for term 1
21:52:03.808 [raft-server-raft-partition-7] TRACE i.a.p.raft.roles.FollowerRole - RaftServer{raft-partition-7}{role=FOLLOWER} - Received VoteRequest{term=1, candidate=2, lastLogIndex=0, lastLogTerm=0}
21:52:03.808 [raft-server-raft-partition-7] TRACE i.a.p.raft.storage.system.MetaStore - Store term 1
21:52:03.808 [raft-server-raft-partition-7] TRACE i.a.p.raft.roles.FollowerRole - RaftServer{raft-partition-7}{role=FOLLOWER} - Received VoteRequest{term=1, candidate=2, lastLogIndex=0, lastLogTerm=0}
21:52:03.808 [raft-server-raft-partition-7] TRACE i.a.p.raft.storage.system.MetaStore - Store term 1
21:52:03.827 [raft-server-raft-partition-2] DEBUG i.a.p.raft.roles.FollowerRole - RaftServer{raft-partition-2}{role=FOLLOWER} - Heartbeat timed out in PT2.585S
21:52:03.827 [raft-server-raft-partition-2] DEBUG i.a.p.raft.roles.FollowerRole - RaftServer{raft-partition-2}{role=FOLLOWER} - Polling members [DefaultRaftMember{id=2, type=ACTIVE, updated=2018-06-10T19:52:01.195Z}, DefaultRaftMember{id=3, type=ACTIVE, updated=2018-06-10T19:52:01.195Z}]
21:52:03.827 [raft-server-raft-partition-2] DEBUG i.a.p.raft.roles.FollowerRole - RaftServer{raft-partition-2}{role=FOLLOWER} - Polling DefaultRaftMember{id=2, type=ACTIVE, updated=2018-06-10T19:52:01.195Z} for next term 1
21:52:03.827 [raft-server-raft-partition-2] DEBUG i.a.p.raft.roles.FollowerRole - RaftServer{raft-partition-2}{role=FOLLOWER} - Polling DefaultRaftMember{id=3, type=ACTIVE, updated=2018-06-10T19:52:01.195Z} for next term 1
21:52:03.827 [raft-server-raft-partition-2] TRACE i.a.p.raft.roles.FollowerRole - RaftServer{raft-partition-2}{role=FOLLOWER} - Received PollRequest{term=0, candidate=1, lastLogIndex=0, lastLogTerm=0}
21:52:03.827 [raft-server-raft-partition-2] TRACE i.a.p.raft.roles.FollowerRole - RaftServer{raft-partition-2}{role=FOLLOWER} - Received PollRequest{term=0, candidate=1, lastLogIndex=0, lastLogTerm=0}
21:52:03.827 [raft-server-raft-partition-2] DEBUG i.a.p.raft.roles.FollowerRole - RaftServer{raft-partition-2}{role=FOLLOWER} - Accepted PollRequest{term=0, candidate=1, lastLogIndex=0, lastLogTerm=0}: candidate's log is up-to-date
21:52:03.827 [raft-server-raft-partition-2] DEBUG i.a.p.raft.roles.FollowerRole - RaftServer{raft-partition-2}{role=FOLLOWER} - Accepted PollRequest{term=0, candidate=1, lastLogIndex=0, lastLogTerm=0}: candidate's log is up-to-date
21:52:03.828 [raft-server-raft-partition-2] TRACE i.a.p.raft.roles.FollowerRole - RaftServer{raft-partition-2}{role=FOLLOWER} - Sending PollResponse{status=OK, term=0, accepted=true}
21:52:03.828 [raft-server-raft-partition-2] TRACE i.a.p.raft.roles.FollowerRole - RaftServer{raft-partition-2}{role=FOLLOWER} - Sending PollResponse{status=OK, term=0, accepted=true}
21:52:03.828 [raft-server-raft-partition-2] DEBUG i.a.p.raft.roles.FollowerRole - RaftServer{raft-partition-2}{role=FOLLOWER} - Received accepted poll from DefaultRaftMember{id=2, type=ACTIVE, updated=2018-06-10T19:52:01.195Z}
21:52:03.828 [raft-server-raft-partition-2] INFO  i.a.protocols.raft.impl.RaftContext - RaftServer{raft-partition-2} - Transitioning to CANDIDATE
21:52:03.828 [raft-server-raft-partition-2] TRACE i.a.p.raft.roles.FollowerRole - RaftServer{raft-partition-2}{role=FOLLOWER} - Cancelling heartbeat timer
21:52:03.828 [raft-server-raft-partition-2] INFO  i.a.p.raft.roles.CandidateRole - RaftServer{raft-partition-2}{role=CANDIDATE} - Starting election
21:52:03.828 [raft-server-raft-partition-2] TRACE i.a.p.raft.storage.system.MetaStore - Store term 1
21:52:03.832 [raft-server-raft-partition-7] TRACE i.a.p.raft.storage.system.MetaStore - Store vote null
21:52:03.857 [raft-server-raft-partition-7] TRACE i.a.p.raft.storage.system.MetaStore - Store vote null
21:52:03.858 [raft-server-raft-partition-7] DEBUG i.a.protocols.raft.impl.RaftContext - RaftServer{raft-partition-7} - Set term 1
21:52:03.858 [raft-server-raft-partition-2] TRACE i.a.p.raft.storage.system.MetaStore - Store vote null
21:52:03.858 [raft-server-raft-partition-7] DEBUG i.a.p.raft.roles.FollowerRole - RaftServer{raft-partition-7}{role=FOLLOWER} - Accepted VoteRequest{term=1, candidate=2, lastLogIndex=0, lastLogTerm=0}: candidate's log is up-to-date
21:52:03.858 [raft-server-raft-partition-7] TRACE i.a.p.raft.storage.system.MetaStore - Store vote 2
21:52:03.882 [raft-server-raft-partition-7] DEBUG i.a.protocols.raft.impl.RaftContext - RaftServer{raft-partition-7} - Set term 1
21:52:03.883 [raft-server-raft-partition-7] DEBUG i.a.p.raft.roles.FollowerRole - RaftServer{raft-partition-7}{role=FOLLOWER} - Accepted VoteRequest{term=1, candidate=2, lastLogIndex=0, lastLogTerm=0}: candidate's log is up-to-date
21:52:03.883 [raft-server-raft-partition-7] TRACE i.a.p.raft.storage.system.MetaStore - Store vote 2
21:52:03.907 [raft-server-raft-partition-2] DEBUG i.a.protocols.raft.impl.RaftContext - RaftServer{raft-partition-2} - Set term 1
21:52:03.907 [raft-server-raft-partition-2] TRACE i.a.p.raft.storage.system.MetaStore - Store vote 1
21:52:03.908 [raft-server-raft-partition-7] DEBUG i.a.protocols.raft.impl.RaftContext - RaftServer{raft-partition-7} - Voted for 2
21:52:03.908 [raft-server-raft-partition-7] DEBUG i.a.protocols.raft.impl.RaftContext - RaftServer{raft-partition-7} - Voted for 2
21:52:03.908 [raft-server-raft-partition-7] TRACE i.a.p.raft.roles.FollowerRole - RaftServer{raft-partition-7}{role=FOLLOWER} - Sending VoteResponse{status=OK, term=1, voted=true}
21:52:03.908 [raft-server-raft-partition-7] TRACE i.a.p.raft.roles.FollowerRole - RaftServer{raft-partition-7}{role=FOLLOWER} - Sending VoteResponse{status=OK, term=1, voted=true}
21:52:03.908 [raft-server-raft-partition-7] DEBUG i.a.p.raft.roles.CandidateRole - RaftServer{raft-partition-7}{role=CANDIDATE} - Received successful vote from DefaultRaftMember{id=1, type=ACTIVE, updated=2018-06-10T19:52:01.141Z}
21:52:03.908 [raft-server-raft-partition-7] INFO  i.a.protocols.raft.impl.RaftContext - RaftServer{raft-partition-7} - Transitioning to LEADER
21:52:03.908 [raft-server-raft-partition-7] DEBUG i.a.p.raft.roles.CandidateRole - RaftServer{raft-partition-7}{role=CANDIDATE} - Cancelling election
21:52:03.908 [raft-server-raft-partition-7] INFO  i.a.protocols.raft.impl.RaftContext - RaftServer{raft-partition-7} - Found leader 2
21:52:03.908 [raft-server-raft-partition-7] TRACE i.a.p.raft.storage.system.MetaStore - Store vote null
21:52:03.917 [raft-server-system-partition-1] TRACE i.a.p.raft.roles.LeaderAppender - RaftServer{system-partition-1} - Sending AppendRequest{term=1, leader=1, prevLogIndex=13, prevLogTerm=1, entries=0, commitIndex=13} to 2
21:52:03.917 [raft-server-system-partition-1] TRACE i.a.p.raft.roles.LeaderAppender - RaftServer{system-partition-1} - Sending AppendRequest{term=1, leader=1, prevLogIndex=13, prevLogTerm=1, entries=0, commitIndex=13} to 3
21:52:03.917 [raft-server-system-partition-1] TRACE i.a.p.raft.roles.FollowerRole - RaftServer{system-partition-1}{role=FOLLOWER} - Received AppendRequest{term=1, leader=1, prevLogIndex=13, prevLogTerm=1, entries=0, commitIndex=13}
21:52:03.917 [raft-server-system-partition-1] TRACE i.a.p.raft.roles.FollowerRole - RaftServer{system-partition-1}{role=FOLLOWER} - Sending AppendResponse{status=OK, term=1, succeeded=true, lastLogIndex=13}
21:52:03.918 [raft-server-system-partition-1] TRACE i.a.p.raft.roles.FollowerRole - RaftServer{system-partition-1}{role=FOLLOWER} - Received AppendRequest{term=1, leader=1, prevLogIndex=13, prevLogTerm=1, entries=0, commitIndex=13}
21:52:03.918 [raft-server-system-partition-1] TRACE i.a.p.raft.roles.FollowerRole - RaftServer{system-partition-1}{role=FOLLOWER} - Sending AppendResponse{status=OK, term=1, succeeded=true, lastLogIndex=13}
21:52:03.918 [raft-server-system-partition-1] TRACE i.a.p.raft.roles.LeaderAppender - RaftServer{system-partition-1} - Received AppendResponse{status=OK, term=1, succeeded=true, lastLogIndex=13} from 2
21:52:03.918 [raft-server-system-partition-1] TRACE i.a.p.raft.roles.LeaderAppender - RaftServer{system-partition-1} - Sending AppendRequest{term=1, leader=1, prevLogIndex=13, prevLogTerm=1, entries=0, commitIndex=13} to 2
21:52:03.918 [raft-server-system-partition-1] TRACE i.a.p.raft.roles.LeaderAppender - RaftServer{system-partition-1} - Received AppendResponse{status=OK, term=1, succeeded=true, lastLogIndex=13} from 3
21:52:03.918 [raft-server-system-partition-1] TRACE i.a.p.raft.roles.LeaderAppender - RaftServer{system-partition-1} - Sending AppendRequest{term=1, leader=1, prevLogIndex=13, prevLogTerm=1, entries=0, commitIndex=13} to 3
21:52:03.918 [raft-server-system-partition-1] TRACE i.a.p.raft.roles.FollowerRole - RaftServer{system-partition-1}{role=FOLLOWER} - Received AppendRequest{term=1, leader=1, prevLogIndex=13, prevLogTerm=1, entries=0, commitIndex=13}
21:52:03.918 [raft-server-system-partition-1] TRACE i.a.p.raft.roles.FollowerRole - RaftServer{system-partition-1}{role=FOLLOWER} - Sending AppendResponse{status=OK, term=1, succeeded=true, lastLogIndex=13}
21:52:03.918 [raft-server-system-partition-1] TRACE i.a.p.raft.roles.FollowerRole - RaftServer{system-partition-1}{role=FOLLOWER} - Received AppendRequest{term=1, leader=1, prevLogIndex=13, prevLogTerm=1, entries=0, commitIndex=13}
21:52:03.918 [raft-server-system-partition-1] TRACE i.a.p.raft.roles.FollowerRole - RaftServer{system-partition-1}{role=FOLLOWER} - Sending AppendResponse{status=OK, term=1, succeeded=true, lastLogIndex=13}
21:52:03.918 [raft-server-system-partition-1] TRACE i.a.p.raft.roles.LeaderAppender - RaftServer{system-partition-1} - Received AppendResponse{status=OK, term=1, succeeded=true, lastLogIndex=13} from 2
21:52:03.918 [raft-server-system-partition-1] TRACE i.a.p.raft.roles.LeaderAppender - RaftServer{system-partition-1} - Received AppendResponse{status=OK, term=1, succeeded=true, lastLogIndex=13} from 3
21:52:03.932 [raft-server-raft-partition-2] DEBUG i.a.protocols.raft.impl.RaftContext - RaftServer{raft-partition-2} - Voted for 1
21:52:03.933 [raft-server-raft-partition-2] DEBUG i.a.p.raft.roles.CandidateRole - RaftServer{raft-partition-2}{role=CANDIDATE} - Requesting votes for term 1
21:52:03.933 [raft-server-raft-partition-2] DEBUG i.a.p.raft.roles.CandidateRole - RaftServer{raft-partition-2}{role=CANDIDATE} - Requesting vote from DefaultRaftMember{id=2, type=ACTIVE, updated=2018-06-10T19:52:01.195Z} for term 1
21:52:03.933 [raft-server-raft-partition-2] DEBUG i.a.p.raft.roles.CandidateRole - RaftServer{raft-partition-2}{role=CANDIDATE} - Requesting vote from DefaultRaftMember{id=3, type=ACTIVE, updated=2018-06-10T19:52:01.195Z} for term 1
21:52:03.933 [raft-server-raft-partition-2] TRACE i.a.p.raft.roles.FollowerRole - RaftServer{raft-partition-2}{role=FOLLOWER} - Received VoteRequest{term=1, candidate=1, lastLogIndex=0, lastLogTerm=0}
21:52:03.933 [raft-server-raft-partition-2] TRACE i.a.p.raft.storage.system.MetaStore - Store term 1
21:52:03.933 [raft-server-raft-partition-2] TRACE i.a.p.raft.roles.FollowerRole - RaftServer{raft-partition-2}{role=FOLLOWER} - Received VoteRequest{term=1, candidate=1, lastLogIndex=0, lastLogTerm=0}
21:52:03.933 [raft-server-raft-partition-2] TRACE i.a.p.raft.storage.system.MetaStore - Store term 1
21:52:03.958 [raft-server-raft-partition-7] TRACE i.a.protocols.raft.roles.LeaderRole - RaftServer{raft-partition-7}{role=LEADER} - Appended Indexed{index=1, entry=InitializeEntry{term=1, timestamp=2018-06-10 09:52:03,908}}
21:52:03.958 [raft-server-raft-partition-7] DEBUG i.a.p.raft.roles.LeaderAppender - RaftServer{raft-partition-7} - Configuring 1
21:52:03.958 [raft-server-raft-partition-7] TRACE i.a.p.raft.roles.LeaderAppender - RaftServer{raft-partition-7} - Sending ConfigureRequest{term=1, leader=2, index=0, timestamp=1528660321141, members=[DefaultRaftMember{id=1, type=ACTIVE, updated=2018-06-10T19:52:01.141Z}, DefaultRaftMember{id=2, type=ACTIVE, updated=2018-06-10T19:52:01.141Z}, DefaultRaftMember{id=3, type=ACTIVE, updated=2018-06-10T19:52:01.141Z}]} to 1
21:52:03.959 [raft-server-raft-partition-7] DEBUG i.a.p.raft.roles.LeaderAppender - RaftServer{raft-partition-7} - Configuring 3
21:52:03.959 [raft-server-raft-partition-7] TRACE i.a.p.raft.roles.LeaderAppender - RaftServer{raft-partition-7} - Sending ConfigureRequest{term=1, leader=2, index=0, timestamp=1528660321141, members=[DefaultRaftMember{id=1, type=ACTIVE, updated=2018-06-10T19:52:01.141Z}, DefaultRaftMember{id=2, type=ACTIVE, updated=2018-06-10T19:52:01.141Z}, DefaultRaftMember{id=3, type=ACTIVE, updated=2018-06-10T19:52:01.141Z}]} to 3
21:52:03.959 [raft-server-raft-partition-7] TRACE i.a.protocols.raft.roles.LeaderRole - RaftServer{raft-partition-7}{role=LEADER} - Starting append timer
21:52:03.959 [raft-server-raft-partition-7] TRACE i.a.p.raft.roles.FollowerRole - RaftServer{raft-partition-7}{role=FOLLOWER} - Received ConfigureRequest{term=1, leader=2, index=0, timestamp=1528660321141, members=[DefaultRaftMember{id=1, type=ACTIVE, updated=2018-06-10T19:52:01.141Z}, DefaultRaftMember{id=2, type=ACTIVE, updated=2018-06-10T19:52:01.141Z}, DefaultRaftMember{id=3, type=ACTIVE, updated=2018-06-10T19:52:01.141Z}]}
21:52:03.959 [raft-server-raft-partition-7] TRACE i.a.p.raft.roles.LeaderAppender - RaftServer{raft-partition-7} - Sending AppendRequest{term=1, leader=2, prevLogIndex=0, prevLogTerm=0, entries=0, commitIndex=0} to 1
21:52:03.959 [raft-server-raft-partition-7] INFO  i.a.protocols.raft.impl.RaftContext - RaftServer{raft-partition-7} - Found leader 2
21:52:03.959 [raft-server-raft-partition-7] TRACE i.a.p.raft.roles.LeaderAppender - RaftServer{raft-partition-7} - Sending AppendRequest{term=1, leader=2, prevLogIndex=0, prevLogTerm=0, entries=0, commitIndex=0} to 3
21:52:03.959 [raft-server-raft-partition-7] TRACE i.a.p.raft.storage.system.MetaStore - Store vote null
21:52:03.959 [raft-server-raft-partition-7] TRACE i.a.p.raft.roles.FollowerRole - RaftServer{raft-partition-7}{role=FOLLOWER} - Received ConfigureRequest{term=1, leader=2, index=0, timestamp=1528660321141, members=[DefaultRaftMember{id=1, type=ACTIVE, updated=2018-06-10T19:52:01.141Z}, DefaultRaftMember{id=2, type=ACTIVE, updated=2018-06-10T19:52:01.141Z}, DefaultRaftMember{id=3, type=ACTIVE, updated=2018-06-10T19:52:01.141Z}]}
21:52:03.959 [raft-server-raft-partition-7] INFO  i.a.protocols.raft.impl.RaftContext - RaftServer{raft-partition-7} - Found leader 2
21:52:03.959 [raft-server-raft-partition-7] TRACE i.a.p.raft.storage.system.MetaStore - Store vote null
21:52:03.982 [raft-server-raft-partition-2] TRACE i.a.p.raft.storage.system.MetaStore - Store vote null
21:52:03.982 [raft-server-raft-partition-2] TRACE i.a.p.raft.storage.system.MetaStore - Store vote null
21:52:04.007 [raft-server-raft-partition-2] DEBUG i.a.protocols.raft.impl.RaftContext - RaftServer{raft-partition-2} - Set term 1
21:52:04.007 [raft-server-raft-partition-2] DEBUG i.a.protocols.raft.impl.RaftContext - RaftServer{raft-partition-2} - Set term 1
21:52:04.008 [raft-server-raft-partition-7] TRACE i.a.p.raft.roles.FollowerRole - RaftServer{raft-partition-7}{role=FOLLOWER} - Sending ConfigureResponse{status=OK}
21:52:04.008 [raft-server-raft-partition-2] DEBUG i.a.p.raft.roles.FollowerRole - RaftServer{raft-partition-2}{role=FOLLOWER} - Accepted VoteRequest{term=1, candidate=1, lastLogIndex=0, lastLogTerm=0}: candidate's log is up-to-date
21:52:04.008 [raft-server-raft-partition-2] DEBUG i.a.p.raft.roles.FollowerRole - RaftServer{raft-partition-2}{role=FOLLOWER} - Accepted VoteRequest{term=1, candidate=1, lastLogIndex=0, lastLogTerm=0}: candidate's log is up-to-date
21:52:04.008 [raft-server-raft-partition-7] TRACE i.a.p.raft.roles.FollowerRole - RaftServer{raft-partition-7}{role=FOLLOWER} - Received AppendRequest{term=1, leader=2, prevLogIndex=0, prevLogTerm=0, entries=0, commitIndex=0}
21:52:04.008 [raft-server-raft-partition-2] TRACE i.a.p.raft.storage.system.MetaStore - Store vote 1
21:52:04.008 [raft-server-raft-partition-2] TRACE i.a.p.raft.storage.system.MetaStore - Store vote 1
21:52:04.008 [raft-server-raft-partition-7] TRACE i.a.p.raft.roles.LeaderAppender - RaftServer{raft-partition-7} - Received ConfigureResponse{status=OK} from 1
21:52:04.008 [raft-server-raft-partition-7] TRACE i.a.p.raft.roles.FollowerRole - RaftServer{raft-partition-7}{role=FOLLOWER} - Sending AppendResponse{status=OK, term=1, succeeded=true, lastLogIndex=0}
21:52:04.008 [raft-server-raft-partition-7] TRACE i.a.p.raft.roles.LeaderAppender - RaftServer{raft-partition-7} - Received AppendResponse{status=OK, term=1, succeeded=true, lastLogIndex=0} from 1
21:52:04.008 [raft-server-raft-partition-7] TRACE i.a.p.raft.roles.LeaderAppender - RaftServer{raft-partition-7} - Sending AppendRequest{term=1, leader=2, prevLogIndex=0, prevLogTerm=0, entries=1, commitIndex=0} to 1
21:52:04.009 [raft-server-raft-partition-7] TRACE i.a.p.raft.roles.FollowerRole - RaftServer{raft-partition-7}{role=FOLLOWER} - Received AppendRequest{term=1, leader=2, prevLogIndex=0, prevLogTerm=0, entries=1, commitIndex=0}
21:52:04.009 [raft-server-raft-partition-7] DEBUG i.a.p.raft.roles.FollowerRole - RaftServer{raft-partition-7}{role=FOLLOWER} - Reset first index to 1
21:52:04.009 [raft-server-raft-partition-7] TRACE i.a.p.raft.roles.FollowerRole - RaftServer{raft-partition-7}{role=FOLLOWER} - Appended Indexed{index=1, entry=InitializeEntry{term=1, timestamp=2018-06-10 09:52:03,908}}
21:52:04.009 [raft-server-raft-partition-7] TRACE i.a.p.raft.roles.FollowerRole - RaftServer{raft-partition-7}{role=FOLLOWER} - Sending AppendResponse{status=OK, term=1, succeeded=true, lastLogIndex=1}
21:52:04.009 [raft-server-raft-partition-7] TRACE i.a.p.raft.roles.LeaderAppender - RaftServer{raft-partition-7} - Received AppendResponse{status=OK, term=1, succeeded=true, lastLogIndex=1} from 1
21:52:04.009 [raft-server-raft-partition-7] TRACE i.a.p.raft.roles.LeaderAppender - RaftServer{raft-partition-7} - Committed entries up to 1
21:52:04.011 [raft-server-raft-partition-7] TRACE i.a.p.raft.roles.FollowerRole - RaftServer{raft-partition-7}{role=FOLLOWER} - Sending ConfigureResponse{status=OK}
21:52:04.011 [raft-server-raft-partition-7] TRACE i.a.p.raft.roles.FollowerRole - RaftServer{raft-partition-7}{role=FOLLOWER} - Received AppendRequest{term=1, leader=2, prevLogIndex=0, prevLogTerm=0, entries=0, commitIndex=0}
21:52:04.011 [raft-server-raft-partition-7] TRACE i.a.p.raft.roles.FollowerRole - RaftServer{raft-partition-7}{role=FOLLOWER} - Sending AppendResponse{status=OK, term=1, succeeded=true, lastLogIndex=0}
21:52:04.040 [raft-server-raft-partition-2] DEBUG i.a.protocols.raft.impl.RaftContext - RaftServer{raft-partition-2} - Voted for 1
21:52:04.040 [raft-server-raft-partition-2] TRACE i.a.p.raft.roles.FollowerRole - RaftServer{raft-partition-2}{role=FOLLOWER} - Sending VoteResponse{status=OK, term=1, voted=true}
21:52:04.041 [raft-server-raft-partition-2] DEBUG i.a.p.raft.roles.CandidateRole - RaftServer{raft-partition-2}{role=CANDIDATE} - Received successful vote from DefaultRaftMember{id=3, type=ACTIVE, updated=2018-06-10T19:52:01.195Z}
21:52:04.041 [raft-server-raft-partition-2] INFO  i.a.protocols.raft.impl.RaftContext - RaftServer{raft-partition-2} - Transitioning to LEADER
21:52:04.041 [raft-server-raft-partition-2] DEBUG i.a.p.raft.roles.CandidateRole - RaftServer{raft-partition-2}{role=CANDIDATE} - Cancelling election
21:52:04.041 [raft-server-raft-partition-2] INFO  i.a.protocols.raft.impl.RaftContext - RaftServer{raft-partition-2} - Found leader 1
21:52:04.041 [raft-server-raft-partition-2] TRACE i.a.p.raft.storage.system.MetaStore - Store vote null
21:52:04.066 [raft-server-raft-partition-2] DEBUG i.a.protocols.raft.impl.RaftContext - RaftServer{raft-partition-2} - Voted for 1
21:52:04.066 [raft-server-raft-partition-2] TRACE i.a.p.raft.roles.FollowerRole - RaftServer{raft-partition-2}{role=FOLLOWER} - Sending VoteResponse{status=OK, term=1, voted=true}
21:52:04.066 [raft-server-raft-partition-7] TRACE i.a.p.raft.roles.LeaderAppender - RaftServer{raft-partition-7} - Received ConfigureResponse{status=OK} from 3
21:52:04.066 [raft-server-raft-partition-7] TRACE i.a.p.raft.roles.LeaderAppender - RaftServer{raft-partition-7} - Received AppendResponse{status=OK, term=1, succeeded=true, lastLogIndex=0} from 3
21:52:04.067 [raft-server-raft-partition-7] TRACE i.a.p.raft.roles.LeaderAppender - RaftServer{raft-partition-7} - Sending AppendRequest{term=1, leader=2, prevLogIndex=0, prevLogTerm=0, entries=1, commitIndex=1} to 3
21:52:04.067 [raft-server-raft-partition-2] TRACE i.a.protocols.raft.roles.LeaderRole - RaftServer{raft-partition-2}{role=LEADER} - Appended Indexed{index=1, entry=InitializeEntry{term=1, timestamp=2018-06-10 09:52:04,041}}
21:52:04.067 [raft-server-raft-partition-2] DEBUG i.a.p.raft.roles.LeaderAppender - RaftServer{raft-partition-2} - Configuring 2
21:52:04.067 [raft-server-raft-partition-7-state] TRACE i.a.p.raft.impl.RaftServiceManager - RaftServer{raft-partition-7} - Applying Indexed{index=1, entry=InitializeEntry{term=1, timestamp=2018-06-10 09:52:03,908}}
21:52:04.067 [raft-server-raft-partition-2] TRACE i.a.p.raft.roles.LeaderAppender - RaftServer{raft-partition-2} - Sending ConfigureRequest{term=1, leader=1, index=0, timestamp=1528660321195, members=[DefaultRaftMember{id=1, type=ACTIVE, updated=2018-06-10T19:52:01.195Z}, DefaultRaftMember{id=2, type=ACTIVE, updated=2018-06-10T19:52:01.195Z}, DefaultRaftMember{id=3, type=ACTIVE, updated=2018-06-10T19:52:01.195Z}]} to 2
21:52:04.067 [raft-server-raft-partition-7] TRACE i.a.p.raft.roles.FollowerRole - RaftServer{raft-partition-7}{role=FOLLOWER} - Received AppendRequest{term=1, leader=2, prevLogIndex=0, prevLogTerm=0, entries=1, commitIndex=1}
21:52:04.067 [raft-server-raft-partition-7] DEBUG i.a.p.raft.roles.FollowerRole - RaftServer{raft-partition-7}{role=FOLLOWER} - Reset first index to 1
21:52:04.067 [raft-server-raft-partition-2] DEBUG i.a.p.raft.roles.LeaderAppender - RaftServer{raft-partition-2} - Configuring 3
21:52:04.067 [raft-server-raft-partition-2] TRACE i.a.p.raft.roles.LeaderAppender - RaftServer{raft-partition-2} - Sending ConfigureRequest{term=1, leader=1, index=0, timestamp=1528660321195, members=[DefaultRaftMember{id=1, type=ACTIVE, updated=2018-06-10T19:52:01.195Z}, DefaultRaftMember{id=2, type=ACTIVE, updated=2018-06-10T19:52:01.195Z}, DefaultRaftMember{id=3, type=ACTIVE, updated=2018-06-10T19:52:01.195Z}]} to 3
21:52:04.067 [raft-server-raft-partition-7] TRACE i.a.p.raft.roles.FollowerRole - RaftServer{raft-partition-7}{role=FOLLOWER} - Appended Indexed{index=1, entry=InitializeEntry{term=1, timestamp=2018-06-10 09:52:03,908}}
21:52:04.067 [raft-server-raft-partition-2] TRACE i.a.protocols.raft.roles.LeaderRole - RaftServer{raft-partition-2}{role=LEADER} - Starting append timer
21:52:04.067 [raft-server-raft-partition-2] TRACE i.a.p.raft.roles.FollowerRole - RaftServer{raft-partition-2}{role=FOLLOWER} - Received ConfigureRequest{term=1, leader=1, index=0, timestamp=1528660321195, members=[DefaultRaftMember{id=1, type=ACTIVE, updated=2018-06-10T19:52:01.195Z}, DefaultRaftMember{id=2, type=ACTIVE, updated=2018-06-10T19:52:01.195Z}, DefaultRaftMember{id=3, type=ACTIVE, updated=2018-06-10T19:52:01.195Z}]}
21:52:04.067 [raft-server-raft-partition-2] TRACE i.a.p.raft.roles.LeaderAppender - RaftServer{raft-partition-2} - Sending AppendRequest{term=1, leader=1, prevLogIndex=0, prevLogTerm=0, entries=0, commitIndex=0} to 2
21:52:04.067 [raft-server-raft-partition-2] INFO  i.a.protocols.raft.impl.RaftContext - RaftServer{raft-partition-2} - Found leader 1
21:52:04.067 [raft-server-raft-partition-2] TRACE i.a.p.raft.roles.LeaderAppender - RaftServer{raft-partition-2} - Sending AppendRequest{term=1, leader=1, prevLogIndex=0, prevLogTerm=0, entries=0, commitIndex=0} to 3
21:52:04.067 [raft-server-raft-partition-2] TRACE i.a.p.raft.storage.system.MetaStore - Store vote null
21:52:04.067 [raft-server-raft-partition-2] TRACE i.a.p.raft.roles.FollowerRole - RaftServer{raft-partition-2}{role=FOLLOWER} - Received ConfigureRequest{term=1, leader=1, index=0, timestamp=1528660321195, members=[DefaultRaftMember{id=1, type=ACTIVE, updated=2018-06-10T19:52:01.195Z}, DefaultRaftMember{id=2, type=ACTIVE, updated=2018-06-10T19:52:01.195Z}, DefaultRaftMember{id=3, type=ACTIVE, updated=2018-06-10T19:52:01.195Z}]}
21:52:04.068 [raft-server-raft-partition-2] INFO  i.a.protocols.raft.impl.RaftContext - RaftServer{raft-partition-2} - Found leader 1
21:52:04.068 [raft-server-raft-partition-2] TRACE i.a.p.raft.storage.system.MetaStore - Store vote null
21:52:04.098 [raft-server-raft-partition-7] TRACE i.a.p.raft.roles.FollowerRole - RaftServer{raft-partition-7}{role=FOLLOWER} - Committed entries up to index 1
21:52:04.098 [raft-server-raft-partition-7] TRACE i.a.p.raft.roles.FollowerRole - RaftServer{raft-partition-7}{role=FOLLOWER} - Sending AppendResponse{status=OK, term=1, succeeded=true, lastLogIndex=1}
21:52:04.098 [raft-server-raft-partition-7-state] TRACE i.a.p.raft.impl.RaftServiceManager - RaftServer{raft-partition-7} - Applying Indexed{index=1, entry=InitializeEntry{term=1, timestamp=2018-06-10 09:52:03,908}}
21:52:04.099 [raft-server-raft-partition-7] TRACE i.a.p.raft.roles.LeaderAppender - RaftServer{raft-partition-7} - Received AppendResponse{status=OK, term=1, succeeded=true, lastLogIndex=1} from 3
21:52:04.124 [raft-server-raft-partition-2] TRACE i.a.p.raft.roles.FollowerRole - RaftServer{raft-partition-2}{role=FOLLOWER} - Sending ConfigureResponse{status=OK}
21:52:04.124 [raft-server-raft-partition-2] TRACE i.a.p.raft.roles.FollowerRole - RaftServer{raft-partition-2}{role=FOLLOWER} - Sending ConfigureResponse{status=OK}
21:52:04.124 [raft-server-raft-partition-2] TRACE i.a.p.raft.roles.FollowerRole - RaftServer{raft-partition-2}{role=FOLLOWER} - Received AppendRequest{term=1, leader=1, prevLogIndex=0, prevLogTerm=0, entries=0, commitIndex=0}
21:52:04.124 [raft-server-raft-partition-2] TRACE i.a.p.raft.roles.FollowerRole - RaftServer{raft-partition-2}{role=FOLLOWER} - Received AppendRequest{term=1, leader=1, prevLogIndex=0, prevLogTerm=0, entries=0, commitIndex=0}
21:52:04.124 [raft-server-raft-partition-2] TRACE i.a.p.raft.roles.FollowerRole - RaftServer{raft-partition-2}{role=FOLLOWER} - Sending AppendResponse{status=OK, term=1, succeeded=true, lastLogIndex=0}
21:52:04.124 [raft-server-raft-partition-2] TRACE i.a.p.raft.roles.FollowerRole - RaftServer{raft-partition-2}{role=FOLLOWER} - Sending AppendResponse{status=OK, term=1, succeeded=true, lastLogIndex=0}
21:52:04.125 [raft-server-raft-partition-2] TRACE i.a.p.raft.roles.LeaderAppender - RaftServer{raft-partition-2} - Received ConfigureResponse{status=OK} from 3
21:52:04.125 [raft-server-raft-partition-2] TRACE i.a.p.raft.roles.LeaderAppender - RaftServer{raft-partition-2} - Received ConfigureResponse{status=OK} from 2
21:52:04.125 [raft-server-raft-partition-2] TRACE i.a.p.raft.roles.LeaderAppender - RaftServer{raft-partition-2} - Received AppendResponse{status=OK, term=1, succeeded=true, lastLogIndex=0} from 2
21:52:04.125 [raft-server-raft-partition-2] TRACE i.a.p.raft.roles.LeaderAppender - RaftServer{raft-partition-2} - Sending AppendRequest{term=1, leader=1, prevLogIndex=0, prevLogTerm=0, entries=1, commitIndex=0} to 2
21:52:04.125 [raft-server-raft-partition-2] TRACE i.a.p.raft.roles.LeaderAppender - RaftServer{raft-partition-2} - Received AppendResponse{status=OK, term=1, succeeded=true, lastLogIndex=0} from 3
21:52:04.125 [raft-server-raft-partition-2] TRACE i.a.p.raft.roles.LeaderAppender - RaftServer{raft-partition-2} - Sending AppendRequest{term=1, leader=1, prevLogIndex=0, prevLogTerm=0, entries=1, commitIndex=0} to 3
21:52:04.125 [raft-server-raft-partition-2] TRACE i.a.p.raft.roles.FollowerRole - RaftServer{raft-partition-2}{role=FOLLOWER} - Received AppendRequest{term=1, leader=1, prevLogIndex=0, prevLogTerm=0, entries=1, commitIndex=0}
21:52:04.125 [raft-server-raft-partition-2] DEBUG i.a.p.raft.roles.FollowerRole - RaftServer{raft-partition-2}{role=FOLLOWER} - Reset first index to 1
21:52:04.125 [raft-server-raft-partition-2] TRACE i.a.p.raft.roles.FollowerRole - RaftServer{raft-partition-2}{role=FOLLOWER} - Appended Indexed{index=1, entry=InitializeEntry{term=1, timestamp=2018-06-10 09:52:04,041}}
21:52:04.125 [raft-server-raft-partition-2] TRACE i.a.p.raft.roles.FollowerRole - RaftServer{raft-partition-2}{role=FOLLOWER} - Sending AppendResponse{status=OK, term=1, succeeded=true, lastLogIndex=1}
21:52:04.125 [raft-server-raft-partition-2] TRACE i.a.p.raft.roles.FollowerRole - RaftServer{raft-partition-2}{role=FOLLOWER} - Received AppendRequest{term=1, leader=1, prevLogIndex=0, prevLogTerm=0, entries=1, commitIndex=0}
21:52:04.125 [raft-server-raft-partition-2] DEBUG i.a.p.raft.roles.FollowerRole - RaftServer{raft-partition-2}{role=FOLLOWER} - Reset first index to 1
21:52:04.125 [raft-server-raft-partition-2] TRACE i.a.p.raft.roles.LeaderAppender - RaftServer{raft-partition-2} - Received AppendResponse{status=OK, term=1, succeeded=true, lastLogIndex=1} from 2
21:52:04.125 [raft-server-raft-partition-2] TRACE i.a.p.raft.roles.FollowerRole - RaftServer{raft-partition-2}{role=FOLLOWER} - Appended Indexed{index=1, entry=InitializeEntry{term=1, timestamp=2018-06-10 09:52:04,041}}
21:52:04.125 [raft-server-raft-partition-2] TRACE i.a.p.raft.roles.LeaderAppender - RaftServer{raft-partition-2} - Committed entries up to 1
21:52:04.125 [raft-server-raft-partition-2] TRACE i.a.p.raft.roles.FollowerRole - RaftServer{raft-partition-2}{role=FOLLOWER} - Sending AppendResponse{status=OK, term=1, succeeded=true, lastLogIndex=1}
21:52:04.139 [raft-server-raft-partition-1] DEBUG i.a.p.raft.roles.FollowerRole - RaftServer{raft-partition-1}{role=FOLLOWER} - Heartbeat timed out in PT2.84S
21:52:04.139 [raft-server-raft-partition-1] DEBUG i.a.p.raft.roles.FollowerRole - RaftServer{raft-partition-1}{role=FOLLOWER} - Polling members [DefaultRaftMember{id=1, type=ACTIVE, updated=2018-06-10T19:52:01.245Z}, DefaultRaftMember{id=3, type=ACTIVE, updated=2018-06-10T19:52:01.245Z}]
21:52:04.140 [raft-server-raft-partition-1] DEBUG i.a.p.raft.roles.FollowerRole - RaftServer{raft-partition-1}{role=FOLLOWER} - Polling DefaultRaftMember{id=1, type=ACTIVE, updated=2018-06-10T19:52:01.245Z} for next term 1
21:52:04.140 [raft-server-raft-partition-1] DEBUG i.a.p.raft.roles.FollowerRole - RaftServer{raft-partition-1}{role=FOLLOWER} - Polling DefaultRaftMember{id=3, type=ACTIVE, updated=2018-06-10T19:52:01.245Z} for next term 1
21:52:04.140 [raft-server-raft-partition-1] TRACE i.a.p.raft.roles.FollowerRole - RaftServer{raft-partition-1}{role=FOLLOWER} - Received PollRequest{term=0, candidate=2, lastLogIndex=0, lastLogTerm=0}
21:52:04.140 [raft-server-raft-partition-1] TRACE i.a.p.raft.roles.FollowerRole - RaftServer{raft-partition-1}{role=FOLLOWER} - Received PollRequest{term=0, candidate=2, lastLogIndex=0, lastLogTerm=0}
21:52:04.140 [raft-server-raft-partition-1] DEBUG i.a.p.raft.roles.FollowerRole - RaftServer{raft-partition-1}{role=FOLLOWER} - Accepted PollRequest{term=0, candidate=2, lastLogIndex=0, lastLogTerm=0}: candidate's log is up-to-date
21:52:04.140 [raft-server-raft-partition-1] DEBUG i.a.p.raft.roles.FollowerRole - RaftServer{raft-partition-1}{role=FOLLOWER} - Accepted PollRequest{term=0, candidate=2, lastLogIndex=0, lastLogTerm=0}: candidate's log is up-to-date
21:52:04.140 [raft-server-raft-partition-1] TRACE i.a.p.raft.roles.FollowerRole - RaftServer{raft-partition-1}{role=FOLLOWER} - Sending PollResponse{status=OK, term=0, accepted=true}
21:52:04.140 [raft-server-raft-partition-1] TRACE i.a.p.raft.roles.FollowerRole - RaftServer{raft-partition-1}{role=FOLLOWER} - Sending PollResponse{status=OK, term=0, accepted=true}
21:52:04.140 [raft-server-raft-partition-1] DEBUG i.a.p.raft.roles.FollowerRole - RaftServer{raft-partition-1}{role=FOLLOWER} - Received accepted poll from DefaultRaftMember{id=1, type=ACTIVE, updated=2018-06-10T19:52:01.245Z}
21:52:04.140 [raft-server-raft-partition-1] INFO  i.a.protocols.raft.impl.RaftContext - RaftServer{raft-partition-1} - Transitioning to CANDIDATE
21:52:04.140 [raft-server-raft-partition-1] TRACE i.a.p.raft.roles.FollowerRole - RaftServer{raft-partition-1}{role=FOLLOWER} - Cancelling heartbeat timer
21:52:04.140 [raft-server-raft-partition-1] INFO  i.a.p.raft.roles.CandidateRole - RaftServer{raft-partition-1}{role=CANDIDATE} - Starting election
21:52:04.140 [raft-server-raft-partition-1] TRACE i.a.p.raft.storage.system.MetaStore - Store term 1
21:52:04.157 [raft-server-raft-partition-2] TRACE i.a.p.raft.roles.LeaderAppender - RaftServer{raft-partition-2} - Received AppendResponse{status=OK, term=1, succeeded=true, lastLogIndex=1} from 3
21:52:04.158 [raft-server-raft-partition-2-state] TRACE i.a.p.raft.impl.RaftServiceManager - RaftServer{raft-partition-2} - Applying Indexed{index=1, entry=InitializeEntry{term=1, timestamp=2018-06-10 09:52:04,041}}
21:52:04.167 [raft-server-system-partition-1] TRACE i.a.p.raft.roles.LeaderAppender - RaftServer{system-partition-1} - Sending AppendRequest{term=1, leader=1, prevLogIndex=13, prevLogTerm=1, entries=0, commitIndex=13} to 2
21:52:04.167 [raft-server-system-partition-1] TRACE i.a.p.raft.roles.LeaderAppender - RaftServer{system-partition-1} - Sending AppendRequest{term=1, leader=1, prevLogIndex=13, prevLogTerm=1, entries=0, commitIndex=13} to 3
21:52:04.168 [raft-server-system-partition-1] TRACE i.a.p.raft.roles.FollowerRole - RaftServer{system-partition-1}{role=FOLLOWER} - Received AppendRequest{term=1, leader=1, prevLogIndex=13, prevLogTerm=1, entries=0, commitIndex=13}
21:52:04.168 [raft-server-system-partition-1] TRACE i.a.p.raft.roles.FollowerRole - RaftServer{system-partition-1}{role=FOLLOWER} - Received AppendRequest{term=1, leader=1, prevLogIndex=13, prevLogTerm=1, entries=0, commitIndex=13}
21:52:04.168 [raft-server-system-partition-1] TRACE i.a.p.raft.roles.FollowerRole - RaftServer{system-partition-1}{role=FOLLOWER} - Sending AppendResponse{status=OK, term=1, succeeded=true, lastLogIndex=13}
21:52:04.168 [raft-server-system-partition-1] TRACE i.a.p.raft.roles.FollowerRole - RaftServer{system-partition-1}{role=FOLLOWER} - Sending AppendResponse{status=OK, term=1, succeeded=true, lastLogIndex=13}
21:52:04.168 [raft-server-system-partition-1] TRACE i.a.p.raft.roles.LeaderAppender - RaftServer{system-partition-1} - Received AppendResponse{status=OK, term=1, succeeded=true, lastLogIndex=13} from 2
21:52:04.168 [raft-server-system-partition-1] TRACE i.a.p.raft.roles.LeaderAppender - RaftServer{system-partition-1} - Sending AppendRequest{term=1, leader=1, prevLogIndex=13, prevLogTerm=1, entries=0, commitIndex=13} to 2
21:52:04.168 [raft-server-system-partition-1] TRACE i.a.p.raft.roles.LeaderAppender - RaftServer{system-partition-1} - Received AppendResponse{status=OK, term=1, succeeded=true, lastLogIndex=13} from 3
21:52:04.168 [raft-server-system-partition-1] TRACE i.a.p.raft.roles.LeaderAppender - RaftServer{system-partition-1} - Sending AppendRequest{term=1, leader=1, prevLogIndex=13, prevLogTerm=1, entries=0, commitIndex=13} to 3
21:52:04.168 [raft-server-system-partition-1] TRACE i.a.p.raft.roles.FollowerRole - RaftServer{system-partition-1}{role=FOLLOWER} - Received AppendRequest{term=1, leader=1, prevLogIndex=13, prevLogTerm=1, entries=0, commitIndex=13}
21:52:04.168 [raft-server-system-partition-1] TRACE i.a.p.raft.roles.FollowerRole - RaftServer{system-partition-1}{role=FOLLOWER} - Sending AppendResponse{status=OK, term=1, succeeded=true, lastLogIndex=13}
21:52:04.168 [raft-server-system-partition-1] TRACE i.a.p.raft.roles.FollowerRole - RaftServer{system-partition-1}{role=FOLLOWER} - Received AppendRequest{term=1, leader=1, prevLogIndex=13, prevLogTerm=1, entries=0, commitIndex=13}
21:52:04.168 [raft-server-system-partition-1] TRACE i.a.p.raft.roles.FollowerRole - RaftServer{system-partition-1}{role=FOLLOWER} - Sending AppendResponse{status=OK, term=1, succeeded=true, lastLogIndex=13}
21:52:04.169 [raft-server-system-partition-1] TRACE i.a.p.raft.roles.LeaderAppender - RaftServer{system-partition-1} - Received AppendResponse{status=OK, term=1, succeeded=true, lastLogIndex=13} from 3
21:52:04.169 [raft-server-system-partition-1] TRACE i.a.p.raft.roles.LeaderAppender - RaftServer{system-partition-1} - Received AppendResponse{status=OK, term=1, succeeded=true, lastLogIndex=13} from 2
21:52:04.182 [raft-server-raft-partition-1] TRACE i.a.p.raft.storage.system.MetaStore - Store vote null
21:52:04.207 [raft-server-raft-partition-1] DEBUG i.a.protocols.raft.impl.RaftContext - RaftServer{raft-partition-1} - Set term 1
21:52:04.207 [raft-server-raft-partition-1] TRACE i.a.p.raft.storage.system.MetaStore - Store vote 2
21:52:04.209 [raft-server-raft-partition-7] TRACE i.a.p.raft.roles.LeaderAppender - RaftServer{raft-partition-7} - Sending AppendRequest{term=1, leader=2, prevLogIndex=1, prevLogTerm=1, entries=0, commitIndex=1} to 1
21:52:04.209 [raft-server-raft-partition-7] TRACE i.a.p.raft.roles.LeaderAppender - RaftServer{raft-partition-7} - Sending AppendRequest{term=1, leader=2, prevLogIndex=1, prevLogTerm=1, entries=0, commitIndex=1} to 3
21:52:04.209 [raft-server-raft-partition-7] TRACE i.a.p.raft.roles.FollowerRole - RaftServer{raft-partition-7}{role=FOLLOWER} - Received AppendRequest{term=1, leader=2, prevLogIndex=1, prevLogTerm=1, entries=0, commitIndex=1}
21:52:04.210 [raft-server-raft-partition-7] TRACE i.a.p.raft.roles.FollowerRole - RaftServer{raft-partition-7}{role=FOLLOWER} - Received AppendRequest{term=1, leader=2, prevLogIndex=1, prevLogTerm=1, entries=0, commitIndex=1}
21:52:04.210 [raft-server-raft-partition-7] TRACE i.a.p.raft.roles.FollowerRole - RaftServer{raft-partition-7}{role=FOLLOWER} - Sending AppendResponse{status=OK, term=1, succeeded=true, lastLogIndex=1}
21:52:04.210 [raft-server-raft-partition-7] TRACE i.a.p.raft.roles.LeaderAppender - RaftServer{raft-partition-7} - Received AppendResponse{status=OK, term=1, succeeded=true, lastLogIndex=1} from 3
21:52:04.210 [raft-server-raft-partition-7] TRACE i.a.p.raft.roles.LeaderAppender - RaftServer{raft-partition-7} - Sending AppendRequest{term=1, leader=2, prevLogIndex=1, prevLogTerm=1, entries=0, commitIndex=1} to 3
21:52:04.210 [raft-server-raft-partition-7] TRACE i.a.p.raft.roles.FollowerRole - RaftServer{raft-partition-7}{role=FOLLOWER} - Received AppendRequest{term=1, leader=2, prevLogIndex=1, prevLogTerm=1, entries=0, commitIndex=1}
21:52:04.210 [raft-server-raft-partition-7] TRACE i.a.p.raft.roles.FollowerRole - RaftServer{raft-partition-7}{role=FOLLOWER} - Sending AppendResponse{status=OK, term=1, succeeded=true, lastLogIndex=1}
21:52:04.210 [raft-server-raft-partition-7] TRACE i.a.p.raft.roles.LeaderAppender - RaftServer{raft-partition-7} - Received AppendResponse{status=OK, term=1, succeeded=true, lastLogIndex=1} from 3
21:52:04.232 [raft-server-raft-partition-1] DEBUG i.a.protocols.raft.impl.RaftContext - RaftServer{raft-partition-1} - Voted for 2
21:52:04.232 [raft-server-raft-partition-1] DEBUG i.a.p.raft.roles.CandidateRole - RaftServer{raft-partition-1}{role=CANDIDATE} - Requesting votes for term 1
21:52:04.232 [raft-server-raft-partition-1] DEBUG i.a.p.raft.roles.CandidateRole - RaftServer{raft-partition-1}{role=CANDIDATE} - Requesting vote from DefaultRaftMember{id=1, type=ACTIVE, updated=2018-06-10T19:52:01.245Z} for term 1
21:52:04.232 [raft-server-raft-partition-1] DEBUG i.a.p.raft.roles.CandidateRole - RaftServer{raft-partition-1}{role=CANDIDATE} - Requesting vote from DefaultRaftMember{id=3, type=ACTIVE, updated=2018-06-10T19:52:01.245Z} for term 1
21:52:04.232 [raft-server-raft-partition-1] TRACE i.a.p.raft.roles.FollowerRole - RaftServer{raft-partition-1}{role=FOLLOWER} - Received VoteRequest{term=1, candidate=2, lastLogIndex=0, lastLogTerm=0}
21:52:04.232 [raft-server-raft-partition-1] TRACE i.a.p.raft.storage.system.MetaStore - Store term 1
21:52:04.232 [raft-server-raft-partition-1] TRACE i.a.p.raft.roles.FollowerRole - RaftServer{raft-partition-1}{role=FOLLOWER} - Received VoteRequest{term=1, candidate=2, lastLogIndex=0, lastLogTerm=0}
21:52:04.232 [raft-server-raft-partition-1] TRACE i.a.p.raft.storage.system.MetaStore - Store term 1
21:52:04.243 [raft-server-raft-partition-4] DEBUG i.a.p.raft.roles.FollowerRole - RaftServer{raft-partition-4}{role=FOLLOWER} - Heartbeat timed out in PT2.869S
21:52:04.243 [raft-server-raft-partition-4] DEBUG i.a.p.raft.roles.FollowerRole - RaftServer{raft-partition-4}{role=FOLLOWER} - Polling members [DefaultRaftMember{id=2, type=ACTIVE, updated=2018-06-10T19:52:01.348Z}, DefaultRaftMember{id=3, type=ACTIVE, updated=2018-06-10T19:52:01.348Z}]
21:52:04.243 [raft-server-raft-partition-4] DEBUG i.a.p.raft.roles.FollowerRole - RaftServer{raft-partition-4}{role=FOLLOWER} - Polling DefaultRaftMember{id=2, type=ACTIVE, updated=2018-06-10T19:52:01.348Z} for next term 1
21:52:04.243 [raft-server-raft-partition-4] DEBUG i.a.p.raft.roles.FollowerRole - RaftServer{raft-partition-4}{role=FOLLOWER} - Polling DefaultRaftMember{id=3, type=ACTIVE, updated=2018-06-10T19:52:01.348Z} for next term 1
21:52:04.244 [raft-server-raft-partition-4] TRACE i.a.p.raft.roles.FollowerRole - RaftServer{raft-partition-4}{role=FOLLOWER} - Received PollRequest{term=0, candidate=1, lastLogIndex=0, lastLogTerm=0}
21:52:04.244 [raft-server-raft-partition-4] DEBUG i.a.p.raft.roles.FollowerRole - RaftServer{raft-partition-4}{role=FOLLOWER} - Accepted PollRequest{term=0, candidate=1, lastLogIndex=0, lastLogTerm=0}: candidate's log is up-to-date
21:52:04.244 [raft-server-raft-partition-4] TRACE i.a.p.raft.roles.FollowerRole - RaftServer{raft-partition-4}{role=FOLLOWER} - Received PollRequest{term=0, candidate=1, lastLogIndex=0, lastLogTerm=0}
21:52:04.244 [raft-server-raft-partition-4] TRACE i.a.p.raft.roles.FollowerRole - RaftServer{raft-partition-4}{role=FOLLOWER} - Sending PollResponse{status=OK, term=0, accepted=true}
21:52:04.244 [raft-server-raft-partition-4] DEBUG i.a.p.raft.roles.FollowerRole - RaftServer{raft-partition-4}{role=FOLLOWER} - Accepted PollRequest{term=0, candidate=1, lastLogIndex=0, lastLogTerm=0}: candidate's log is up-to-date
21:52:04.244 [raft-server-raft-partition-4] TRACE i.a.p.raft.roles.FollowerRole - RaftServer{raft-partition-4}{role=FOLLOWER} - Sending PollResponse{status=OK, term=0, accepted=true}
21:52:04.244 [raft-server-raft-partition-4] DEBUG i.a.p.raft.roles.FollowerRole - RaftServer{raft-partition-4}{role=FOLLOWER} - Received accepted poll from DefaultRaftMember{id=2, type=ACTIVE, updated=2018-06-10T19:52:01.348Z}
21:52:04.244 [raft-server-raft-partition-4] INFO  i.a.protocols.raft.impl.RaftContext - RaftServer{raft-partition-4} - Transitioning to CANDIDATE
21:52:04.244 [raft-server-raft-partition-4] TRACE i.a.p.raft.roles.FollowerRole - RaftServer{raft-partition-4}{role=FOLLOWER} - Cancelling heartbeat timer
21:52:04.244 [raft-server-raft-partition-4] INFO  i.a.p.raft.roles.CandidateRole - RaftServer{raft-partition-4}{role=CANDIDATE} - Starting election
21:52:04.244 [raft-server-raft-partition-4] TRACE i.a.p.raft.storage.system.MetaStore - Store term 1
21:52:04.251 [raft-server-raft-partition-3] DEBUG i.a.p.raft.roles.FollowerRole - RaftServer{raft-partition-3}{role=FOLLOWER} - Heartbeat timed out in PT2.818S
21:52:04.251 [raft-server-raft-partition-3] DEBUG i.a.p.raft.roles.FollowerRole - RaftServer{raft-partition-3}{role=FOLLOWER} - Polling members [DefaultRaftMember{id=2, type=ACTIVE, updated=2018-06-10T19:52:01.389Z}, DefaultRaftMember{id=3, type=ACTIVE, updated=2018-06-10T19:52:01.389Z}]
21:52:04.251 [raft-server-raft-partition-3] DEBUG i.a.p.raft.roles.FollowerRole - RaftServer{raft-partition-3}{role=FOLLOWER} - Polling DefaultRaftMember{id=2, type=ACTIVE, updated=2018-06-10T19:52:01.389Z} for next term 1
21:52:04.251 [raft-server-raft-partition-3] DEBUG i.a.p.raft.roles.FollowerRole - RaftServer{raft-partition-3}{role=FOLLOWER} - Polling DefaultRaftMember{id=3, type=ACTIVE, updated=2018-06-10T19:52:01.389Z} for next term 1
21:52:04.251 [raft-server-raft-partition-3] TRACE i.a.p.raft.roles.FollowerRole - RaftServer{raft-partition-3}{role=FOLLOWER} - Received PollRequest{term=0, candidate=1, lastLogIndex=0, lastLogTerm=0}
21:52:04.251 [raft-server-raft-partition-3] DEBUG i.a.p.raft.roles.FollowerRole - RaftServer{raft-partition-3}{role=FOLLOWER} - Accepted PollRequest{term=0, candidate=1, lastLogIndex=0, lastLogTerm=0}: candidate's log is up-to-date
21:52:04.251 [raft-server-raft-partition-3] TRACE i.a.p.raft.roles.FollowerRole - RaftServer{raft-partition-3}{role=FOLLOWER} - Received PollRequest{term=0, candidate=1, lastLogIndex=0, lastLogTerm=0}
21:52:04.251 [raft-server-raft-partition-3] TRACE i.a.p.raft.roles.FollowerRole - RaftServer{raft-partition-3}{role=FOLLOWER} - Sending PollResponse{status=OK, term=0, accepted=true}
21:52:04.252 [raft-server-raft-partition-3] DEBUG i.a.p.raft.roles.FollowerRole - RaftServer{raft-partition-3}{role=FOLLOWER} - Accepted PollRequest{term=0, candidate=1, lastLogIndex=0, lastLogTerm=0}: candidate's log is up-to-date
21:52:04.252 [raft-server-raft-partition-3] TRACE i.a.p.raft.roles.FollowerRole - RaftServer{raft-partition-3}{role=FOLLOWER} - Sending PollResponse{status=OK, term=0, accepted=true}
21:52:04.252 [raft-server-raft-partition-3] DEBUG i.a.p.raft.roles.FollowerRole - RaftServer{raft-partition-3}{role=FOLLOWER} - Received accepted poll from DefaultRaftMember{id=2, type=ACTIVE, updated=2018-06-10T19:52:01.389Z}
21:52:04.252 [raft-server-raft-partition-3] INFO  i.a.protocols.raft.impl.RaftContext - RaftServer{raft-partition-3} - Transitioning to CANDIDATE
21:52:04.252 [raft-server-raft-partition-3] TRACE i.a.p.raft.roles.FollowerRole - RaftServer{raft-partition-3}{role=FOLLOWER} - Cancelling heartbeat timer
21:52:04.252 [raft-server-raft-partition-3] INFO  i.a.p.raft.roles.CandidateRole - RaftServer{raft-partition-3}{role=CANDIDATE} - Starting election
21:52:04.252 [raft-server-raft-partition-3] TRACE i.a.p.raft.storage.system.MetaStore - Store term 1
21:52:04.257 [raft-server-raft-partition-7] TRACE i.a.p.raft.roles.FollowerRole - RaftServer{raft-partition-7}{role=FOLLOWER} - Committed entries up to index 1
21:52:04.257 [raft-server-raft-partition-7] TRACE i.a.p.raft.roles.FollowerRole - RaftServer{raft-partition-7}{role=FOLLOWER} - Sending AppendResponse{status=OK, term=1, succeeded=true, lastLogIndex=1}
21:52:04.258 [raft-server-raft-partition-7-state] TRACE i.a.p.raft.impl.RaftServiceManager - RaftServer{raft-partition-7} - Applying Indexed{index=1, entry=InitializeEntry{term=1, timestamp=2018-06-10 09:52:03,908}}
21:52:04.258 [raft-server-raft-partition-7] TRACE i.a.p.raft.roles.LeaderAppender - RaftServer{raft-partition-7} - Received AppendResponse{status=OK, term=1, succeeded=true, lastLogIndex=1} from 1
21:52:04.282 [raft-server-raft-partition-1] TRACE i.a.p.raft.storage.system.MetaStore - Store vote null
21:52:04.283 [raft-server-raft-partition-1] TRACE i.a.p.raft.storage.system.MetaStore - Store vote null
21:52:04.283 [raft-server-raft-partition-3] TRACE i.a.p.raft.storage.system.MetaStore - Store vote null
21:52:04.283 [raft-server-raft-partition-4] TRACE i.a.p.raft.storage.system.MetaStore - Store vote null
21:52:04.307 [raft-server-raft-partition-1] DEBUG i.a.protocols.raft.impl.RaftContext - RaftServer{raft-partition-1} - Set term 1
21:52:04.307 [raft-server-raft-partition-4] DEBUG i.a.protocols.raft.impl.RaftContext - RaftServer{raft-partition-4} - Set term 1
21:52:04.308 [raft-server-raft-partition-3] DEBUG i.a.protocols.raft.impl.RaftContext - RaftServer{raft-partition-3} - Set term 1
21:52:04.308 [raft-server-raft-partition-1] DEBUG i.a.protocols.raft.impl.RaftContext - RaftServer{raft-partition-1} - Set term 1
21:52:04.308 [raft-server-raft-partition-4] TRACE i.a.p.raft.storage.system.MetaStore - Store vote 1
21:52:04.308 [raft-server-raft-partition-1] DEBUG i.a.p.raft.roles.FollowerRole - RaftServer{raft-partition-1}{role=FOLLOWER} - Accepted VoteRequest{term=1, candidate=2, lastLogIndex=0, lastLogTerm=0}: candidate's log is up-to-date
21:52:04.308 [raft-server-raft-partition-3] TRACE i.a.p.raft.storage.system.MetaStore - Store vote 1
21:52:04.308 [raft-server-raft-partition-1] DEBUG i.a.p.raft.roles.FollowerRole - RaftServer{raft-partition-1}{role=FOLLOWER} - Accepted VoteRequest{term=1, candidate=2, lastLogIndex=0, lastLogTerm=0}: candidate's log is up-to-date
21:52:04.308 [raft-server-raft-partition-1] TRACE i.a.p.raft.storage.system.MetaStore - Store vote 2
21:52:04.308 [raft-server-raft-partition-1] TRACE i.a.p.raft.storage.system.MetaStore - Store vote 2
21:52:04.317 [raft-server-raft-partition-2] TRACE i.a.p.raft.roles.LeaderAppender - RaftServer{raft-partition-2} - Sending AppendRequest{term=1, leader=1, prevLogIndex=1, prevLogTerm=1, entries=0, commitIndex=1} to 2
21:52:04.317 [raft-server-raft-partition-2] TRACE i.a.p.raft.roles.LeaderAppender - RaftServer{raft-partition-2} - Sending AppendRequest{term=1, leader=1, prevLogIndex=1, prevLogTerm=1, entries=0, commitIndex=1} to 3
21:52:04.318 [raft-server-raft-partition-2] TRACE i.a.p.raft.roles.FollowerRole - RaftServer{raft-partition-2}{role=FOLLOWER} - Received AppendRequest{term=1, leader=1, prevLogIndex=1, prevLogTerm=1, entries=0, commitIndex=1}
21:52:04.318 [raft-server-raft-partition-2] TRACE i.a.p.raft.roles.FollowerRole - RaftServer{raft-partition-2}{role=FOLLOWER} - Received AppendRequest{term=1, leader=1, prevLogIndex=1, prevLogTerm=1, entries=0, commitIndex=1}
21:52:04.318 [raft-server-raft-partition-2] TRACE i.a.p.raft.roles.FollowerRole - RaftServer{raft-partition-2}{role=FOLLOWER} - Committed entries up to index 1
21:52:04.318 [raft-server-raft-partition-2] TRACE i.a.p.raft.roles.FollowerRole - RaftServer{raft-partition-2}{role=FOLLOWER} - Sending AppendResponse{status=OK, term=1, succeeded=true, lastLogIndex=1}
21:52:04.318 [raft-server-raft-partition-2-state] TRACE i.a.p.raft.impl.RaftServiceManager - RaftServer{raft-partition-2} - Applying Indexed{index=1, entry=InitializeEntry{term=1, timestamp=2018-06-10 09:52:04,041}}
21:52:04.318 [raft-server-raft-partition-2] TRACE i.a.p.raft.roles.LeaderAppender - RaftServer{raft-partition-2} - Received AppendResponse{status=OK, term=1, succeeded=true, lastLogIndex=1} from 3
21:52:04.318 [raft-server-raft-partition-2] TRACE i.a.p.raft.roles.LeaderAppender - RaftServer{raft-partition-2} - Sending AppendRequest{term=1, leader=1, prevLogIndex=1, prevLogTerm=1, entries=0, commitIndex=1} to 3
21:52:04.319 [raft-server-raft-partition-2] TRACE i.a.p.raft.roles.FollowerRole - RaftServer{raft-partition-2}{role=FOLLOWER} - Received AppendRequest{term=1, leader=1, prevLogIndex=1, prevLogTerm=1, entries=0, commitIndex=1}
21:52:04.319 [raft-server-raft-partition-2] TRACE i.a.p.raft.roles.FollowerRole - RaftServer{raft-partition-2}{role=FOLLOWER} - Sending AppendResponse{status=OK, term=1, succeeded=true, lastLogIndex=1}
21:52:04.319 [raft-server-raft-partition-2] TRACE i.a.p.raft.roles.LeaderAppender - RaftServer{raft-partition-2} - Received AppendResponse{status=OK, term=1, succeeded=true, lastLogIndex=1} from 3
21:52:04.332 [raft-server-raft-partition-4] DEBUG i.a.protocols.raft.impl.RaftContext - RaftServer{raft-partition-4} - Voted for 1
21:52:04.332 [raft-server-raft-partition-1] DEBUG i.a.protocols.raft.impl.RaftContext - RaftServer{raft-partition-1} - Voted for 2
21:52:04.333 [raft-server-raft-partition-1] DEBUG i.a.protocols.raft.impl.RaftContext - RaftServer{raft-partition-1} - Voted for 2
21:52:04.333 [raft-server-raft-partition-3] DEBUG i.a.protocols.raft.impl.RaftContext - RaftServer{raft-partition-3} - Voted for 1
21:52:04.333 [raft-server-raft-partition-4] DEBUG i.a.p.raft.roles.CandidateRole - RaftServer{raft-partition-4}{role=CANDIDATE} - Requesting votes for term 1
21:52:04.333 [raft-server-raft-partition-1] TRACE i.a.p.raft.roles.FollowerRole - RaftServer{raft-partition-1}{role=FOLLOWER} - Sending VoteResponse{status=OK, term=1, voted=true}
21:52:04.333 [raft-server-raft-partition-1] TRACE i.a.p.raft.roles.FollowerRole - RaftServer{raft-partition-1}{role=FOLLOWER} - Sending VoteResponse{status=OK, term=1, voted=true}
21:52:04.333 [raft-server-raft-partition-3] DEBUG i.a.p.raft.roles.CandidateRole - RaftServer{raft-partition-3}{role=CANDIDATE} - Requesting votes for term 1
21:52:04.333 [raft-server-raft-partition-4] DEBUG i.a.p.raft.roles.CandidateRole - RaftServer{raft-partition-4}{role=CANDIDATE} - Requesting vote from DefaultRaftMember{id=2, type=ACTIVE, updated=2018-06-10T19:52:01.348Z} for term 1
21:52:04.333 [raft-server-raft-partition-3] DEBUG i.a.p.raft.roles.CandidateRole - RaftServer{raft-partition-3}{role=CANDIDATE} - Requesting vote from DefaultRaftMember{id=2, type=ACTIVE, updated=2018-06-10T19:52:01.389Z} for term 1
21:52:04.333 [raft-server-raft-partition-1] DEBUG i.a.p.raft.roles.CandidateRole - RaftServer{raft-partition-1}{role=CANDIDATE} - Received successful vote from DefaultRaftMember{id=1, type=ACTIVE, updated=2018-06-10T19:52:01.245Z}
21:52:04.333 [raft-server-raft-partition-4] DEBUG i.a.p.raft.roles.CandidateRole - RaftServer{raft-partition-4}{role=CANDIDATE} - Requesting vote from DefaultRaftMember{id=3, type=ACTIVE, updated=2018-06-10T19:52:01.348Z} for term 1
21:52:04.333 [raft-server-raft-partition-3] DEBUG i.a.p.raft.roles.CandidateRole - RaftServer{raft-partition-3}{role=CANDIDATE} - Requesting vote from DefaultRaftMember{id=3, type=ACTIVE, updated=2018-06-10T19:52:01.389Z} for term 1
21:52:04.333 [raft-server-raft-partition-1] INFO  i.a.protocols.raft.impl.RaftContext - RaftServer{raft-partition-1} - Transitioning to LEADER
21:52:04.333 [raft-server-raft-partition-4] TRACE i.a.p.raft.roles.FollowerRole - RaftServer{raft-partition-4}{role=FOLLOWER} - Received VoteRequest{term=1, candidate=1, lastLogIndex=0, lastLogTerm=0}
21:52:04.333 [raft-server-raft-partition-3] TRACE i.a.p.raft.roles.FollowerRole - RaftServer{raft-partition-3}{role=FOLLOWER} - Received VoteRequest{term=1, candidate=1, lastLogIndex=0, lastLogTerm=0}
21:52:04.333 [raft-server-raft-partition-1] DEBUG i.a.p.raft.roles.CandidateRole - RaftServer{raft-partition-1}{role=CANDIDATE} - Cancelling election
21:52:04.333 [raft-server-raft-partition-4] TRACE i.a.p.raft.storage.system.MetaStore - Store term 1
21:52:04.333 [raft-server-raft-partition-4] TRACE i.a.p.raft.roles.FollowerRole - RaftServer{raft-partition-4}{role=FOLLOWER} - Received VoteRequest{term=1, candidate=1, lastLogIndex=0, lastLogTerm=0}
21:52:04.333 [raft-server-raft-partition-3] TRACE i.a.p.raft.roles.FollowerRole - RaftServer{raft-partition-3}{role=FOLLOWER} - Received VoteRequest{term=1, candidate=1, lastLogIndex=0, lastLogTerm=0}
21:52:04.333 [raft-server-raft-partition-3] TRACE i.a.p.raft.storage.system.MetaStore - Store term 1
21:52:04.334 [raft-server-raft-partition-1] INFO  i.a.protocols.raft.impl.RaftContext - RaftServer{raft-partition-1} - Found leader 2
21:52:04.334 [raft-server-raft-partition-4] TRACE i.a.p.raft.storage.system.MetaStore - Store term 1
21:52:04.334 [raft-server-raft-partition-3] TRACE i.a.p.raft.storage.system.MetaStore - Store term 1
21:52:04.334 [raft-server-raft-partition-1] TRACE i.a.p.raft.storage.system.MetaStore - Store vote null
21:52:04.357 [raft-server-raft-partition-2] TRACE i.a.p.raft.roles.FollowerRole - RaftServer{raft-partition-2}{role=FOLLOWER} - Committed entries up to index 1
21:52:04.357 [raft-server-raft-partition-2] TRACE i.a.p.raft.roles.FollowerRole - RaftServer{raft-partition-2}{role=FOLLOWER} - Sending AppendResponse{status=OK, term=1, succeeded=true, lastLogIndex=1}
21:52:04.358 [raft-server-raft-partition-2-state] TRACE i.a.p.raft.impl.RaftServiceManager - RaftServer{raft-partition-2} - Applying Indexed{index=1, entry=InitializeEntry{term=1, timestamp=2018-06-10 09:52:04,041}}
21:52:04.358 [raft-server-raft-partition-2] TRACE i.a.p.raft.roles.LeaderAppender - RaftServer{raft-partition-2} - Received AppendResponse{status=OK, term=1, succeeded=true, lastLogIndex=1} from 2
21:52:04.382 [raft-server-raft-partition-4] TRACE i.a.p.raft.storage.system.MetaStore - Store vote null
21:52:04.382 [raft-server-raft-partition-3] TRACE i.a.p.raft.storage.system.MetaStore - Store vote null
21:52:04.383 [raft-server-raft-partition-3] TRACE i.a.p.raft.storage.system.MetaStore - Store vote null
21:52:04.383 [raft-server-raft-partition-4] TRACE i.a.p.raft.storage.system.MetaStore - Store vote null
21:52:04.384 [raft-server-raft-partition-1] TRACE i.a.protocols.raft.roles.LeaderRole - RaftServer{raft-partition-1}{role=LEADER} - Appended Indexed{index=1, entry=InitializeEntry{term=1, timestamp=2018-06-10 09:52:04,334}}
21:52:04.384 [raft-server-raft-partition-1] DEBUG i.a.p.raft.roles.LeaderAppender - RaftServer{raft-partition-1} - Configuring 1
21:52:04.384 [raft-server-raft-partition-1] TRACE i.a.p.raft.roles.LeaderAppender - RaftServer{raft-partition-1} - Sending ConfigureRequest{term=1, leader=2, index=0, timestamp=1528660321245, members=[DefaultRaftMember{id=1, type=ACTIVE, updated=2018-06-10T19:52:01.245Z}, DefaultRaftMember{id=2, type=ACTIVE, updated=2018-06-10T19:52:01.245Z}, DefaultRaftMember{id=3, type=ACTIVE, updated=2018-06-10T19:52:01.245Z}]} to 1
21:52:04.384 [raft-server-raft-partition-1] DEBUG i.a.p.raft.roles.LeaderAppender - RaftServer{raft-partition-1} - Configuring 3
21:52:04.384 [raft-server-raft-partition-1] TRACE i.a.p.raft.roles.LeaderAppender - RaftServer{raft-partition-1} - Sending ConfigureRequest{term=1, leader=2, index=0, timestamp=1528660321245, members=[DefaultRaftMember{id=1, type=ACTIVE, updated=2018-06-10T19:52:01.245Z}, DefaultRaftMember{id=2, type=ACTIVE, updated=2018-06-10T19:52:01.245Z}, DefaultRaftMember{id=3, type=ACTIVE, updated=2018-06-10T19:52:01.245Z}]} to 3
21:52:04.384 [raft-server-raft-partition-1] TRACE i.a.protocols.raft.roles.LeaderRole - RaftServer{raft-partition-1}{role=LEADER} - Starting append timer
21:52:04.384 [raft-server-raft-partition-1] TRACE i.a.p.raft.roles.FollowerRole - RaftServer{raft-partition-1}{role=FOLLOWER} - Received ConfigureRequest{term=1, leader=2, index=0, timestamp=1528660321245, members=[DefaultRaftMember{id=1, type=ACTIVE, updated=2018-06-10T19:52:01.245Z}, DefaultRaftMember{id=2, type=ACTIVE, updated=2018-06-10T19:52:01.245Z}, DefaultRaftMember{id=3, type=ACTIVE, updated=2018-06-10T19:52:01.245Z}]}
21:52:04.384 [raft-server-raft-partition-1] TRACE i.a.p.raft.roles.LeaderAppender - RaftServer{raft-partition-1} - Sending AppendRequest{term=1, leader=2, prevLogIndex=0, prevLogTerm=0, entries=0, commitIndex=0} to 1
21:52:04.384 [raft-server-raft-partition-1] INFO  i.a.protocols.raft.impl.RaftContext - RaftServer{raft-partition-1} - Found leader 2
21:52:04.384 [raft-server-raft-partition-1] TRACE i.a.p.raft.roles.FollowerRole - RaftServer{raft-partition-1}{role=FOLLOWER} - Received ConfigureRequest{term=1, leader=2, index=0, timestamp=1528660321245, members=[DefaultRaftMember{id=1, type=ACTIVE, updated=2018-06-10T19:52:01.245Z}, DefaultRaftMember{id=2, type=ACTIVE, updated=2018-06-10T19:52:01.245Z}, DefaultRaftMember{id=3, type=ACTIVE, updated=2018-06-10T19:52:01.245Z}]}
21:52:04.384 [raft-server-raft-partition-1] TRACE i.a.p.raft.roles.LeaderAppender - RaftServer{raft-partition-1} - Sending AppendRequest{term=1, leader=2, prevLogIndex=0, prevLogTerm=0, entries=0, commitIndex=0} to 3
21:52:04.384 [raft-server-raft-partition-1] TRACE i.a.p.raft.storage.system.MetaStore - Store vote null
21:52:04.385 [raft-server-raft-partition-1] INFO  i.a.protocols.raft.impl.RaftContext - RaftServer{raft-partition-1} - Found leader 2
21:52:04.385 [raft-server-raft-partition-1] TRACE i.a.p.raft.storage.system.MetaStore - Store vote null
21:52:04.407 [raft-server-raft-partition-4] DEBUG i.a.protocols.raft.impl.RaftContext - RaftServer{raft-partition-4} - Set term 1
21:52:04.408 [raft-server-raft-partition-4] DEBUG i.a.p.raft.roles.FollowerRole - RaftServer{raft-partition-4}{role=FOLLOWER} - Accepted VoteRequest{term=1, candidate=1, lastLogIndex=0, lastLogTerm=0}: candidate's log is up-to-date
21:52:04.408 [raft-server-raft-partition-4] TRACE i.a.p.raft.storage.system.MetaStore - Store vote 1
21:52:04.417 [raft-server-system-partition-1] TRACE i.a.p.raft.roles.LeaderAppender - RaftServer{system-partition-1} - Sending AppendRequest{term=1, leader=1, prevLogIndex=13, prevLogTerm=1, entries=0, commitIndex=13} to 2
21:52:04.417 [raft-server-system-partition-1] TRACE i.a.p.raft.roles.LeaderAppender - RaftServer{system-partition-1} - Sending AppendRequest{term=1, leader=1, prevLogIndex=13, prevLogTerm=1, entries=0, commitIndex=13} to 3
21:52:04.417 [raft-server-system-partition-1] TRACE i.a.p.raft.roles.FollowerRole - RaftServer{system-partition-1}{role=FOLLOWER} - Received AppendRequest{term=1, leader=1, prevLogIndex=13, prevLogTerm=1, entries=0, commitIndex=13}
21:52:04.417 [raft-server-system-partition-1] TRACE i.a.p.raft.roles.FollowerRole - RaftServer{system-partition-1}{role=FOLLOWER} - Received AppendRequest{term=1, leader=1, prevLogIndex=13, prevLogTerm=1, entries=0, commitIndex=13}
21:52:04.417 [raft-server-system-partition-1] TRACE i.a.p.raft.roles.FollowerRole - RaftServer{system-partition-1}{role=FOLLOWER} - Sending AppendResponse{status=OK, term=1, succeeded=true, lastLogIndex=13}
21:52:04.417 [raft-server-system-partition-1] TRACE i.a.p.raft.roles.FollowerRole - RaftServer{system-partition-1}{role=FOLLOWER} - Sending AppendResponse{status=OK, term=1, succeeded=true, lastLogIndex=13}
21:52:04.418 [raft-server-system-partition-1] TRACE i.a.p.raft.roles.LeaderAppender - RaftServer{system-partition-1} - Received AppendResponse{status=OK, term=1, succeeded=true, lastLogIndex=13} from 3
21:52:04.418 [raft-server-system-partition-1] TRACE i.a.p.raft.roles.LeaderAppender - RaftServer{system-partition-1} - Sending AppendRequest{term=1, leader=1, prevLogIndex=13, prevLogTerm=1, entries=0, commitIndex=13} to 3
21:52:04.418 [raft-server-system-partition-1] TRACE i.a.p.raft.roles.LeaderAppender - RaftServer{system-partition-1} - Received AppendResponse{status=OK, term=1, succeeded=true, lastLogIndex=13} from 2
21:52:04.418 [raft-server-system-partition-1] TRACE i.a.p.raft.roles.LeaderAppender - RaftServer{system-partition-1} - Sending AppendRequest{term=1, leader=1, prevLogIndex=13, prevLogTerm=1, entries=0, commitIndex=13} to 2
21:52:04.418 [raft-server-system-partition-1] TRACE i.a.p.raft.roles.FollowerRole - RaftServer{system-partition-1}{role=FOLLOWER} - Received AppendRequest{term=1, leader=1, prevLogIndex=13, prevLogTerm=1, entries=0, commitIndex=13}
21:52:04.418 [raft-server-system-partition-1] TRACE i.a.p.raft.roles.FollowerRole - RaftServer{system-partition-1}{role=FOLLOWER} - Sending AppendResponse{status=OK, term=1, succeeded=true, lastLogIndex=13}
21:52:04.418 [raft-server-system-partition-1] TRACE i.a.p.raft.roles.FollowerRole - RaftServer{system-partition-1}{role=FOLLOWER} - Received AppendRequest{term=1, leader=1, prevLogIndex=13, prevLogTerm=1, entries=0, commitIndex=13}
21:52:04.418 [raft-server-system-partition-1] TRACE i.a.p.raft.roles.FollowerRole - RaftServer{system-partition-1}{role=FOLLOWER} - Sending AppendResponse{status=OK, term=1, succeeded=true, lastLogIndex=13}
21:52:04.418 [raft-server-system-partition-1] TRACE i.a.p.raft.roles.LeaderAppender - RaftServer{system-partition-1} - Received AppendResponse{status=OK, term=1, succeeded=true, lastLogIndex=13} from 3
21:52:04.418 [raft-server-system-partition-1] TRACE i.a.p.raft.roles.LeaderAppender - RaftServer{system-partition-1} - Received AppendResponse{status=OK, term=1, succeeded=true, lastLogIndex=13} from 2
21:52:04.432 [raft-server-raft-partition-4] DEBUG i.a.protocols.raft.impl.RaftContext - RaftServer{raft-partition-4} - Set term 1
21:52:04.432 [raft-server-raft-partition-3] DEBUG i.a.protocols.raft.impl.RaftContext - RaftServer{raft-partition-3} - Set term 1
21:52:04.432 [raft-server-raft-partition-3] DEBUG i.a.protocols.raft.impl.RaftContext - RaftServer{raft-partition-3} - Set term 1
21:52:04.433 [raft-server-raft-partition-4] DEBUG i.a.protocols.raft.impl.RaftContext - RaftServer{raft-partition-4} - Voted for 1
21:52:04.433 [raft-server-raft-partition-1] TRACE i.a.p.raft.roles.FollowerRole - RaftServer{raft-partition-1}{role=FOLLOWER} - Sending ConfigureResponse{status=OK}
21:52:04.433 [raft-server-raft-partition-4] DEBUG i.a.p.raft.roles.FollowerRole - RaftServer{raft-partition-4}{role=FOLLOWER} - Accepted VoteRequest{term=1, candidate=1, lastLogIndex=0, lastLogTerm=0}: candidate's log is up-to-date
21:52:04.433 [raft-server-raft-partition-1] TRACE i.a.p.raft.roles.FollowerRole - RaftServer{raft-partition-1}{role=FOLLOWER} - Sending ConfigureResponse{status=OK}
21:52:04.433 [raft-server-raft-partition-3] DEBUG i.a.p.raft.roles.FollowerRole - RaftServer{raft-partition-3}{role=FOLLOWER} - Accepted VoteRequest{term=1, candidate=1, lastLogIndex=0, lastLogTerm=0}: candidate's log is up-to-date
21:52:04.433 [raft-server-raft-partition-3] DEBUG i.a.p.raft.roles.FollowerRole - RaftServer{raft-partition-3}{role=FOLLOWER} - Accepted VoteRequest{term=1, candidate=1, lastLogIndex=0, lastLogTerm=0}: candidate's log is up-to-date
21:52:04.433 [raft-server-raft-partition-4] TRACE i.a.p.raft.roles.FollowerRole - RaftServer{raft-partition-4}{role=FOLLOWER} - Sending VoteResponse{status=OK, term=1, voted=true}
21:52:04.433 [raft-server-raft-partition-1] TRACE i.a.p.raft.roles.FollowerRole - RaftServer{raft-partition-1}{role=FOLLOWER} - Received AppendRequest{term=1, leader=2, prevLogIndex=0, prevLogTerm=0, entries=0, commitIndex=0}
21:52:04.433 [raft-server-raft-partition-4] TRACE i.a.p.raft.storage.system.MetaStore - Store vote 1
21:52:04.433 [raft-server-raft-partition-1] TRACE i.a.p.raft.roles.FollowerRole - RaftServer{raft-partition-1}{role=FOLLOWER} - Received AppendRequest{term=1, leader=2, prevLogIndex=0, prevLogTerm=0, entries=0, commitIndex=0}
21:52:04.433 [raft-server-raft-partition-1] TRACE i.a.p.raft.roles.LeaderAppender - RaftServer{raft-partition-1} - Received ConfigureResponse{status=OK} from 1
21:52:04.433 [raft-server-raft-partition-3] TRACE i.a.p.raft.storage.system.MetaStore - Store vote 1
21:52:04.433 [raft-server-raft-partition-3] TRACE i.a.p.raft.storage.system.MetaStore - Store vote 1
21:52:04.433 [raft-server-raft-partition-1] TRACE i.a.p.raft.roles.FollowerRole - RaftServer{raft-partition-1}{role=FOLLOWER} - Sending AppendResponse{status=OK, term=1, succeeded=true, lastLogIndex=0}
21:52:04.434 [raft-server-raft-partition-1] TRACE i.a.p.raft.roles.FollowerRole - RaftServer{raft-partition-1}{role=FOLLOWER} - Sending AppendResponse{status=OK, term=1, succeeded=true, lastLogIndex=0}
21:52:04.434 [raft-server-raft-partition-4] DEBUG i.a.p.raft.roles.CandidateRole - RaftServer{raft-partition-4}{role=CANDIDATE} - Received successful vote from DefaultRaftMember{id=2, type=ACTIVE, updated=2018-06-10T19:52:01.348Z}
21:52:04.434 [raft-server-raft-partition-1] TRACE i.a.p.raft.roles.LeaderAppender - RaftServer{raft-partition-1} - Received ConfigureResponse{status=OK} from 3
21:52:04.434 [raft-server-raft-partition-4] INFO  i.a.protocols.raft.impl.RaftContext - RaftServer{raft-partition-4} - Transitioning to LEADER
21:52:04.434 [raft-server-raft-partition-1] TRACE i.a.p.raft.roles.LeaderAppender - RaftServer{raft-partition-1} - Received AppendResponse{status=OK, term=1, succeeded=true, lastLogIndex=0} from 1
21:52:04.434 [raft-server-raft-partition-4] DEBUG i.a.p.raft.roles.CandidateRole - RaftServer{raft-partition-4}{role=CANDIDATE} - Cancelling election
21:52:04.434 [raft-server-raft-partition-1] TRACE i.a.p.raft.roles.LeaderAppender - RaftServer{raft-partition-1} - Sending AppendRequest{term=1, leader=2, prevLogIndex=0, prevLogTerm=0, entries=1, commitIndex=0} to 1
21:52:04.434 [raft-server-raft-partition-4] INFO  i.a.protocols.raft.impl.RaftContext - RaftServer{raft-partition-4} - Found leader 1
21:52:04.434 [raft-server-raft-partition-4] TRACE i.a.p.raft.storage.system.MetaStore - Store vote null
21:52:04.434 [raft-server-raft-partition-1] TRACE i.a.p.raft.roles.LeaderAppender - RaftServer{raft-partition-1} - Received AppendResponse{status=OK, term=1, succeeded=true, lastLogIndex=0} from 3
21:52:04.434 [raft-server-raft-partition-1] TRACE i.a.p.raft.roles.LeaderAppender - RaftServer{raft-partition-1} - Sending AppendRequest{term=1, leader=2, prevLogIndex=0, prevLogTerm=0, entries=1, commitIndex=0} to 3
21:52:04.434 [raft-server-raft-partition-1] TRACE i.a.p.raft.roles.FollowerRole - RaftServer{raft-partition-1}{role=FOLLOWER} - Received AppendRequest{term=1, leader=2, prevLogIndex=0, prevLogTerm=0, entries=1, commitIndex=0}
21:52:04.435 [raft-server-raft-partition-1] DEBUG i.a.p.raft.roles.FollowerRole - RaftServer{raft-partition-1}{role=FOLLOWER} - Reset first index to 1
21:52:04.435 [raft-server-raft-partition-1] TRACE i.a.p.raft.roles.FollowerRole - RaftServer{raft-partition-1}{role=FOLLOWER} - Received AppendRequest{term=1, leader=2, prevLogIndex=0, prevLogTerm=0, entries=1, commitIndex=0}
21:52:04.435 [raft-server-raft-partition-1] DEBUG i.a.p.raft.roles.FollowerRole - RaftServer{raft-partition-1}{role=FOLLOWER} - Reset first index to 1
21:52:04.459 [raft-server-raft-partition-7] TRACE i.a.p.raft.roles.LeaderAppender - RaftServer{raft-partition-7} - Sending AppendRequest{term=1, leader=2, prevLogIndex=1, prevLogTerm=1, entries=0, commitIndex=1} to 1
21:52:04.459 [raft-server-raft-partition-7] TRACE i.a.p.raft.roles.LeaderAppender - RaftServer{raft-partition-7} - Sending AppendRequest{term=1, leader=2, prevLogIndex=1, prevLogTerm=1, entries=0, commitIndex=1} to 3
21:52:04.459 [raft-server-raft-partition-7] TRACE i.a.p.raft.roles.FollowerRole - RaftServer{raft-partition-7}{role=FOLLOWER} - Received AppendRequest{term=1, leader=2, prevLogIndex=1, prevLogTerm=1, entries=0, commitIndex=1}
21:52:04.459 [raft-server-raft-partition-7] TRACE i.a.p.raft.roles.FollowerRole - RaftServer{raft-partition-7}{role=FOLLOWER} - Received AppendRequest{term=1, leader=2, prevLogIndex=1, prevLogTerm=1, entries=0, commitIndex=1}
21:52:04.460 [raft-server-raft-partition-7] TRACE i.a.p.raft.roles.FollowerRole - RaftServer{raft-partition-7}{role=FOLLOWER} - Sending AppendResponse{status=OK, term=1, succeeded=true, lastLogIndex=1}
21:52:04.460 [raft-server-raft-partition-7] TRACE i.a.p.raft.roles.FollowerRole - RaftServer{raft-partition-7}{role=FOLLOWER} - Sending AppendResponse{status=OK, term=1, succeeded=true, lastLogIndex=1}
21:52:04.460 [raft-server-raft-partition-7] TRACE i.a.p.raft.roles.LeaderAppender - RaftServer{raft-partition-7} - Received AppendResponse{status=OK, term=1, succeeded=true, lastLogIndex=1} from 1
21:52:04.460 [raft-server-raft-partition-7] TRACE i.a.p.raft.roles.LeaderAppender - RaftServer{raft-partition-7} - Sending AppendRequest{term=1, leader=2, prevLogIndex=1, prevLogTerm=1, entries=0, commitIndex=1} to 1
21:52:04.460 [raft-server-raft-partition-7] TRACE i.a.p.raft.roles.LeaderAppender - RaftServer{raft-partition-7} - Received AppendResponse{status=OK, term=1, succeeded=true, lastLogIndex=1} from 3
21:52:04.460 [raft-server-raft-partition-7] TRACE i.a.p.raft.roles.LeaderAppender - RaftServer{raft-partition-7} - Sending AppendRequest{term=1, leader=2, prevLogIndex=1, prevLogTerm=1, entries=0, commitIndex=1} to 3
21:52:04.460 [raft-server-raft-partition-7] TRACE i.a.p.raft.roles.FollowerRole - RaftServer{raft-partition-7}{role=FOLLOWER} - Received AppendRequest{term=1, leader=2, prevLogIndex=1, prevLogTerm=1, entries=0, commitIndex=1}
21:52:04.460 [raft-server-raft-partition-7] TRACE i.a.p.raft.roles.FollowerRole - RaftServer{raft-partition-7}{role=FOLLOWER} - Sending AppendResponse{status=OK, term=1, succeeded=true, lastLogIndex=1}
21:52:04.460 [raft-server-raft-partition-7] TRACE i.a.p.raft.roles.FollowerRole - RaftServer{raft-partition-7}{role=FOLLOWER} - Received AppendRequest{term=1, leader=2, prevLogIndex=1, prevLogTerm=1, entries=0, commitIndex=1}
21:52:04.460 [raft-server-raft-partition-7] TRACE i.a.p.raft.roles.FollowerRole - RaftServer{raft-partition-7}{role=FOLLOWER} - Sending AppendResponse{status=OK, term=1, succeeded=true, lastLogIndex=1}
21:52:04.460 [raft-server-raft-partition-7] TRACE i.a.p.raft.roles.LeaderAppender - RaftServer{raft-partition-7} - Received AppendResponse{status=OK, term=1, succeeded=true, lastLogIndex=1} from 1
21:52:04.460 [raft-server-raft-partition-7] TRACE i.a.p.raft.roles.LeaderAppender - RaftServer{raft-partition-7} - Received AppendResponse{status=OK, term=1, succeeded=true, lastLogIndex=1} from 3
21:52:04.467 [raft-server-raft-partition-4] DEBUG i.a.protocols.raft.impl.RaftContext - RaftServer{raft-partition-4} - Voted for 1
21:52:04.467 [raft-server-raft-partition-4] TRACE i.a.p.raft.roles.FollowerRole - RaftServer{raft-partition-4}{role=FOLLOWER} - Sending VoteResponse{status=OK, term=1, voted=true}
21:52:04.491 [raft-server-raft-partition-3] DEBUG i.a.protocols.raft.impl.RaftContext - RaftServer{raft-partition-3} - Voted for 1
21:52:04.491 [raft-server-raft-partition-3] DEBUG i.a.protocols.raft.impl.RaftContext - RaftServer{raft-partition-3} - Voted for 1
21:52:04.491 [raft-server-raft-partition-3] TRACE i.a.p.raft.roles.FollowerRole - RaftServer{raft-partition-3}{role=FOLLOWER} - Sending VoteResponse{status=OK, term=1, voted=true}
21:52:04.491 [raft-server-raft-partition-3] TRACE i.a.p.raft.roles.FollowerRole - RaftServer{raft-partition-3}{role=FOLLOWER} - Sending VoteResponse{status=OK, term=1, voted=true}
21:52:04.492 [raft-server-raft-partition-4] TRACE i.a.protocols.raft.roles.LeaderRole - RaftServer{raft-partition-4}{role=LEADER} - Appended Indexed{index=1, entry=InitializeEntry{term=1, timestamp=2018-06-10 09:52:04,434}}
21:52:04.492 [raft-server-raft-partition-4] DEBUG i.a.p.raft.roles.LeaderAppender - RaftServer{raft-partition-4} - Configuring 2
21:52:04.492 [raft-server-raft-partition-3] DEBUG i.a.p.raft.roles.CandidateRole - RaftServer{raft-partition-3}{role=CANDIDATE} - Received successful vote from DefaultRaftMember{id=2, type=ACTIVE, updated=2018-06-10T19:52:01.389Z}
21:52:04.492 [raft-server-raft-partition-3] INFO  i.a.protocols.raft.impl.RaftContext - RaftServer{raft-partition-3} - Transitioning to LEADER
21:52:04.492 [raft-server-raft-partition-4] TRACE i.a.p.raft.roles.LeaderAppender - RaftServer{raft-partition-4} - Sending ConfigureRequest{term=1, leader=1, index=0, timestamp=1528660321348, members=[DefaultRaftMember{id=1, type=ACTIVE, updated=2018-06-10T19:52:01.348Z}, DefaultRaftMember{id=2, type=ACTIVE, updated=2018-06-10T19:52:01.348Z}, DefaultRaftMember{id=3, type=ACTIVE, updated=2018-06-10T19:52:01.348Z}]} to 2
21:52:04.492 [raft-server-raft-partition-3] DEBUG i.a.p.raft.roles.CandidateRole - RaftServer{raft-partition-3}{role=CANDIDATE} - Cancelling election
21:52:04.492 [raft-server-raft-partition-3] INFO  i.a.protocols.raft.impl.RaftContext - RaftServer{raft-partition-3} - Found leader 1
21:52:04.492 [raft-server-raft-partition-3] TRACE i.a.p.raft.storage.system.MetaStore - Store vote null
21:52:04.492 [raft-server-raft-partition-4] DEBUG i.a.p.raft.roles.LeaderAppender - RaftServer{raft-partition-4} - Configuring 3
21:52:04.492 [raft-server-raft-partition-4] TRACE i.a.p.raft.roles.LeaderAppender - RaftServer{raft-partition-4} - Sending ConfigureRequest{term=1, leader=1, index=0, timestamp=1528660321348, members=[DefaultRaftMember{id=1, type=ACTIVE, updated=2018-06-10T19:52:01.348Z}, DefaultRaftMember{id=2, type=ACTIVE, updated=2018-06-10T19:52:01.348Z}, DefaultRaftMember{id=3, type=ACTIVE, updated=2018-06-10T19:52:01.348Z}]} to 3
21:52:04.493 [raft-server-raft-partition-4] TRACE i.a.protocols.raft.roles.LeaderRole - RaftServer{raft-partition-4}{role=LEADER} - Starting append timer
21:52:04.493 [raft-server-raft-partition-4] TRACE i.a.p.raft.roles.LeaderAppender - RaftServer{raft-partition-4} - Sending AppendRequest{term=1, leader=1, prevLogIndex=0, prevLogTerm=0, entries=0, commitIndex=0} to 2
21:52:04.493 [raft-server-raft-partition-4] TRACE i.a.p.raft.roles.LeaderAppender - RaftServer{raft-partition-4} - Sending AppendRequest{term=1, leader=1, prevLogIndex=0, prevLogTerm=0, entries=0, commitIndex=0} to 3
21:52:04.493 [raft-server-raft-partition-4] TRACE i.a.p.raft.roles.FollowerRole - RaftServer{raft-partition-4}{role=FOLLOWER} - Received ConfigureRequest{term=1, leader=1, index=0, timestamp=1528660321348, members=[DefaultRaftMember{id=1, type=ACTIVE, updated=2018-06-10T19:52:01.348Z}, DefaultRaftMember{id=2, type=ACTIVE, updated=2018-06-10T19:52:01.348Z}, DefaultRaftMember{id=3, type=ACTIVE, updated=2018-06-10T19:52:01.348Z}]}
21:52:04.493 [raft-server-raft-partition-4] TRACE i.a.p.raft.roles.FollowerRole - RaftServer{raft-partition-4}{role=FOLLOWER} - Received AppendRequest{term=1, leader=1, prevLogIndex=0, prevLogTerm=0, entries=0, commitIndex=0}
21:52:04.493 [raft-server-raft-partition-4] INFO  i.a.protocols.raft.impl.RaftContext - RaftServer{raft-partition-4} - Found leader 1
21:52:04.493 [raft-server-raft-partition-4] INFO  i.a.protocols.raft.impl.RaftContext - RaftServer{raft-partition-4} - Found leader 1
21:52:04.493 [raft-server-raft-partition-4] TRACE i.a.p.raft.storage.system.MetaStore - Store vote null
21:52:04.493 [raft-server-raft-partition-4] TRACE i.a.p.raft.storage.system.MetaStore - Store vote null
21:52:04.495 [raft-server-raft-partition-1] TRACE i.a.p.raft.roles.FollowerRole - RaftServer{raft-partition-1}{role=FOLLOWER} - Sending AppendResponse{status=OK, term=1, succeeded=true, lastLogIndex=1}
21:52:04.495 [raft-server-raft-partition-1] TRACE i.a.p.raft.roles.LeaderAppender - RaftServer{raft-partition-1} - Received AppendResponse{status=OK, term=1, succeeded=true, lastLogIndex=1} from 3
21:52:04.495 [raft-server-raft-partition-1] TRACE i.a.p.raft.roles.LeaderAppender - RaftServer{raft-partition-1} - Committed entries up to 1
21:52:04.541 [raft-server-raft-partition-4] TRACE i.a.p.raft.roles.FollowerRole - RaftServer{raft-partition-4}{role=FOLLOWER} - Sending AppendResponse{status=OK, term=1, succeeded=true, lastLogIndex=0}
21:52:04.541 [raft-server-raft-partition-4] TRACE i.a.p.raft.roles.FollowerRole - RaftServer{raft-partition-4}{role=FOLLOWER} - Sending ConfigureResponse{status=OK}
21:52:04.541 [raft-server-raft-partition-4] TRACE i.a.p.raft.roles.FollowerRole - RaftServer{raft-partition-4}{role=FOLLOWER} - Received AppendRequest{term=1, leader=1, prevLogIndex=0, prevLogTerm=0, entries=0, commitIndex=0}
21:52:04.541 [raft-server-raft-partition-1-state] TRACE i.a.p.raft.impl.RaftServiceManager - RaftServer{raft-partition-1} - Applying Indexed{index=1, entry=InitializeEntry{term=1, timestamp=2018-06-10 09:52:04,334}}
21:52:04.541 [raft-server-raft-partition-4] TRACE i.a.p.raft.roles.FollowerRole - RaftServer{raft-partition-4}{role=FOLLOWER} - Received ConfigureRequest{term=1, leader=1, index=0, timestamp=1528660321348, members=[DefaultRaftMember{id=1, type=ACTIVE, updated=2018-06-10T19:52:01.348Z}, DefaultRaftMember{id=2, type=ACTIVE, updated=2018-06-10T19:52:01.348Z}, DefaultRaftMember{id=3, type=ACTIVE, updated=2018-06-10T19:52:01.348Z}]}
21:52:04.541 [raft-server-raft-partition-4] TRACE i.a.p.raft.roles.FollowerRole - RaftServer{raft-partition-4}{role=FOLLOWER} - Sending AppendResponse{status=OK, term=1, succeeded=true, lastLogIndex=0}
21:52:04.541 [raft-server-raft-partition-4] TRACE i.a.p.raft.roles.LeaderAppender - RaftServer{raft-partition-4} - Received AppendResponse{status=OK, term=1, succeeded=true, lastLogIndex=0} from 3
21:52:04.541 [raft-server-raft-partition-4] TRACE i.a.p.raft.roles.FollowerRole - RaftServer{raft-partition-4}{role=FOLLOWER} - Sending ConfigureResponse{status=OK}
21:52:04.541 [raft-server-raft-partition-4] TRACE i.a.p.raft.roles.LeaderAppender - RaftServer{raft-partition-4} - Sending AppendRequest{term=1, leader=1, prevLogIndex=0, prevLogTerm=0, entries=0, commitIndex=0} to 3
21:52:04.542 [raft-server-raft-partition-4] TRACE i.a.p.raft.roles.LeaderAppender - RaftServer{raft-partition-4} - Received ConfigureResponse{status=OK} from 2
21:52:04.542 [raft-server-raft-partition-4] TRACE i.a.p.raft.roles.LeaderAppender - RaftServer{raft-partition-4} - Received AppendResponse{status=OK, term=1, succeeded=true, lastLogIndex=0} from 2
21:52:04.542 [raft-server-raft-partition-4] TRACE i.a.p.raft.roles.LeaderAppender - RaftServer{raft-partition-4} - Sending AppendRequest{term=1, leader=1, prevLogIndex=0, prevLogTerm=0, entries=1, commitIndex=0} to 2
21:52:04.542 [raft-server-raft-partition-4] TRACE i.a.p.raft.roles.LeaderAppender - RaftServer{raft-partition-4} - Received ConfigureResponse{status=OK} from 3
21:52:04.542 [raft-server-raft-partition-4] TRACE i.a.p.raft.roles.FollowerRole - RaftServer{raft-partition-4}{role=FOLLOWER} - Received AppendRequest{term=1, leader=1, prevLogIndex=0, prevLogTerm=0, entries=0, commitIndex=0}
21:52:04.542 [raft-server-raft-partition-4] TRACE i.a.p.raft.roles.FollowerRole - RaftServer{raft-partition-4}{role=FOLLOWER} - Sending AppendResponse{status=OK, term=1, succeeded=true, lastLogIndex=0}
21:52:04.542 [raft-server-raft-partition-4] TRACE i.a.p.raft.roles.FollowerRole - RaftServer{raft-partition-4}{role=FOLLOWER} - Received AppendRequest{term=1, leader=1, prevLogIndex=0, prevLogTerm=0, entries=1, commitIndex=0}
21:52:04.542 [raft-server-raft-partition-4] DEBUG i.a.p.raft.roles.FollowerRole - RaftServer{raft-partition-4}{role=FOLLOWER} - Reset first index to 1
21:52:04.542 [raft-server-raft-partition-4] TRACE i.a.p.raft.roles.FollowerRole - RaftServer{raft-partition-4}{role=FOLLOWER} - Appended Indexed{index=1, entry=InitializeEntry{term=1, timestamp=2018-06-10 09:52:04,434}}
21:52:04.542 [raft-server-raft-partition-4] TRACE i.a.p.raft.roles.FollowerRole - RaftServer{raft-partition-4}{role=FOLLOWER} - Sending AppendResponse{status=OK, term=1, succeeded=true, lastLogIndex=1}
21:52:04.542 [raft-server-raft-partition-4] TRACE i.a.p.raft.roles.LeaderAppender - RaftServer{raft-partition-4} - Received AppendResponse{status=OK, term=1, succeeded=true, lastLogIndex=0} from 3
21:52:04.542 [raft-server-raft-partition-4] TRACE i.a.p.raft.roles.LeaderAppender - RaftServer{raft-partition-4} - Sending AppendRequest{term=1, leader=1, prevLogIndex=0, prevLogTerm=0, entries=1, commitIndex=0} to 3
21:52:04.542 [raft-server-raft-partition-4] TRACE i.a.p.raft.roles.LeaderAppender - RaftServer{raft-partition-4} - Received AppendResponse{status=OK, term=1, succeeded=true, lastLogIndex=1} from 2
21:52:04.542 [raft-server-raft-partition-4] TRACE i.a.p.raft.roles.LeaderAppender - RaftServer{raft-partition-4} - Committed entries up to 1
21:52:04.542 [raft-server-raft-partition-4] TRACE i.a.p.raft.roles.FollowerRole - RaftServer{raft-partition-4}{role=FOLLOWER} - Received AppendRequest{term=1, leader=1, prevLogIndex=0, prevLogTerm=0, entries=1, commitIndex=0}
21:52:04.543 [raft-server-raft-partition-4] DEBUG i.a.p.raft.roles.FollowerRole - RaftServer{raft-partition-4}{role=FOLLOWER} - Reset first index to 1
21:52:04.543 [raft-server-raft-partition-6] DEBUG i.a.p.raft.roles.FollowerRole - RaftServer{raft-partition-6}{role=FOLLOWER} - Heartbeat timed out in PT3.568S
21:52:04.543 [raft-server-raft-partition-6] DEBUG i.a.p.raft.roles.FollowerRole - RaftServer{raft-partition-6}{role=FOLLOWER} - Polling members [DefaultRaftMember{id=2, type=ACTIVE, updated=2018-06-10T19:52:00.916Z}, DefaultRaftMember{id=3, type=ACTIVE, updated=2018-06-10T19:52:00.916Z}]
21:52:04.543 [raft-server-raft-partition-6] DEBUG i.a.p.raft.roles.FollowerRole - RaftServer{raft-partition-6}{role=FOLLOWER} - Polling DefaultRaftMember{id=2, type=ACTIVE, updated=2018-06-10T19:52:00.916Z} for next term 1
21:52:04.543 [raft-server-raft-partition-6] DEBUG i.a.p.raft.roles.FollowerRole - RaftServer{raft-partition-6}{role=FOLLOWER} - Polling DefaultRaftMember{id=3, type=ACTIVE, updated=2018-06-10T19:52:00.916Z} for next term 1
21:52:04.543 [raft-server-raft-partition-6] TRACE i.a.p.raft.roles.FollowerRole - RaftServer{raft-partition-6}{role=FOLLOWER} - Received PollRequest{term=0, candidate=1, lastLogIndex=0, lastLogTerm=0}
21:52:04.543 [raft-server-raft-partition-6] DEBUG i.a.p.raft.roles.FollowerRole - RaftServer{raft-partition-6}{role=FOLLOWER} - Accepted PollRequest{term=0, candidate=1, lastLogIndex=0, lastLogTerm=0}: candidate's log is up-to-date
21:52:04.543 [raft-server-raft-partition-6] TRACE i.a.p.raft.roles.FollowerRole - RaftServer{raft-partition-6}{role=FOLLOWER} - Sending PollResponse{status=OK, term=0, accepted=true}
21:52:04.543 [raft-server-raft-partition-6] TRACE i.a.p.raft.roles.FollowerRole - RaftServer{raft-partition-6}{role=FOLLOWER} - Received PollRequest{term=0, candidate=1, lastLogIndex=0, lastLogTerm=0}
21:52:04.543 [raft-server-raft-partition-6] DEBUG i.a.p.raft.roles.FollowerRole - RaftServer{raft-partition-6}{role=FOLLOWER} - Accepted PollRequest{term=0, candidate=1, lastLogIndex=0, lastLogTerm=0}: candidate's log is up-to-date
21:52:04.543 [raft-server-raft-partition-6] TRACE i.a.p.raft.roles.FollowerRole - RaftServer{raft-partition-6}{role=FOLLOWER} - Sending PollResponse{status=OK, term=0, accepted=true}
21:52:04.543 [raft-server-raft-partition-6] DEBUG i.a.p.raft.roles.FollowerRole - RaftServer{raft-partition-6}{role=FOLLOWER} - Received accepted poll from DefaultRaftMember{id=2, type=ACTIVE, updated=2018-06-10T19:52:00.916Z}
21:52:04.543 [raft-server-raft-partition-6] INFO  i.a.protocols.raft.impl.RaftContext - RaftServer{raft-partition-6} - Transitioning to CANDIDATE
21:52:04.543 [raft-server-raft-partition-6] TRACE i.a.p.raft.roles.FollowerRole - RaftServer{raft-partition-6}{role=FOLLOWER} - Cancelling heartbeat timer
21:52:04.543 [raft-server-raft-partition-6] INFO  i.a.p.raft.roles.CandidateRole - RaftServer{raft-partition-6}{role=CANDIDATE} - Starting election
21:52:04.544 [raft-server-raft-partition-6] TRACE i.a.p.raft.storage.system.MetaStore - Store term 1
21:52:04.551 [raft-server-raft-partition-4] TRACE i.a.p.raft.roles.FollowerRole - RaftServer{raft-partition-4}{role=FOLLOWER} - Appended Indexed{index=1, entry=InitializeEntry{term=1, timestamp=2018-06-10 09:52:04,434}}
21:52:04.551 [raft-server-raft-partition-4] TRACE i.a.p.raft.roles.FollowerRole - RaftServer{raft-partition-4}{role=FOLLOWER} - Sending AppendResponse{status=OK, term=1, succeeded=true, lastLogIndex=1}
21:52:04.567 [raft-server-raft-partition-2] TRACE i.a.p.raft.roles.LeaderAppender - RaftServer{raft-partition-2} - Sending AppendRequest{term=1, leader=1, prevLogIndex=1, prevLogTerm=1, entries=0, commitIndex=1} to 2
21:52:04.568 [raft-server-raft-partition-2] TRACE i.a.p.raft.roles.LeaderAppender - RaftServer{raft-partition-2} - Sending AppendRequest{term=1, leader=1, prevLogIndex=1, prevLogTerm=1, entries=0, commitIndex=1} to 3
21:52:04.568 [raft-server-raft-partition-2] TRACE i.a.p.raft.roles.FollowerRole - RaftServer{raft-partition-2}{role=FOLLOWER} - Received AppendRequest{term=1, leader=1, prevLogIndex=1, prevLogTerm=1, entries=0, commitIndex=1}
21:52:04.568 [raft-server-raft-partition-2] TRACE i.a.p.raft.roles.FollowerRole - RaftServer{raft-partition-2}{role=FOLLOWER} - Received AppendRequest{term=1, leader=1, prevLogIndex=1, prevLogTerm=1, entries=0, commitIndex=1}
21:52:04.568 [raft-server-raft-partition-2] TRACE i.a.p.raft.roles.FollowerRole - RaftServer{raft-partition-2}{role=FOLLOWER} - Sending AppendResponse{status=OK, term=1, succeeded=true, lastLogIndex=1}
21:52:04.568 [raft-server-raft-partition-2] TRACE i.a.p.raft.roles.FollowerRole - RaftServer{raft-partition-2}{role=FOLLOWER} - Sending AppendResponse{status=OK, term=1, succeeded=true, lastLogIndex=1}
21:52:04.568 [raft-server-raft-partition-2] TRACE i.a.p.raft.roles.LeaderAppender - RaftServer{raft-partition-2} - Received AppendResponse{status=OK, term=1, succeeded=true, lastLogIndex=1} from 2
21:52:04.568 [raft-server-raft-partition-2] TRACE i.a.p.raft.roles.LeaderAppender - RaftServer{raft-partition-2} - Sending AppendRequest{term=1, leader=1, prevLogIndex=1, prevLogTerm=1, entries=0, commitIndex=1} to 2
21:52:04.568 [raft-server-raft-partition-2] TRACE i.a.p.raft.roles.LeaderAppender - RaftServer{raft-partition-2} - Received AppendResponse{status=OK, term=1, succeeded=true, lastLogIndex=1} from 3
21:52:04.568 [raft-server-raft-partition-2] TRACE i.a.p.raft.roles.FollowerRole - RaftServer{raft-partition-2}{role=FOLLOWER} - Received AppendRequest{term=1, leader=1, prevLogIndex=1, prevLogTerm=1, entries=0, commitIndex=1}
21:52:04.568 [raft-server-raft-partition-2] TRACE i.a.p.raft.roles.FollowerRole - RaftServer{raft-partition-2}{role=FOLLOWER} - Sending AppendResponse{status=OK, term=1, succeeded=true, lastLogIndex=1}
21:52:04.569 [raft-server-raft-partition-2] TRACE i.a.p.raft.roles.LeaderAppender - RaftServer{raft-partition-2} - Received AppendResponse{status=OK, term=1, succeeded=true, lastLogIndex=1} from 2
21:52:04.607 [raft-server-raft-partition-6] TRACE i.a.p.raft.storage.system.MetaStore - Store vote null
21:52:04.607 [raft-server-raft-partition-4] TRACE i.a.p.raft.roles.LeaderAppender - RaftServer{raft-partition-4} - Received AppendResponse{status=OK, term=1, succeeded=true, lastLogIndex=1} from 3
21:52:04.608 [raft-server-raft-partition-3] TRACE i.a.protocols.raft.roles.LeaderRole - RaftServer{raft-partition-3}{role=LEADER} - Appended Indexed{index=0, entry=InitializeEntry{term=1, timestamp=2018-06-10 09:52:04,492}}
21:52:04.608 [raft-server-raft-partition-4-state] TRACE i.a.p.raft.impl.RaftServiceManager - RaftServer{raft-partition-4} - Applying Indexed{index=1, entry=InitializeEntry{term=1, timestamp=2018-06-10 09:52:04,434}}
21:52:04.608 [raft-server-raft-partition-3] DEBUG i.a.p.raft.roles.LeaderAppender - RaftServer{raft-partition-3} - Configuring 2
21:52:04.608 [raft-server-raft-partition-3] TRACE i.a.p.raft.roles.LeaderAppender - RaftServer{raft-partition-3} - Sending ConfigureRequest{term=1, leader=1, index=0, timestamp=1528660321389, members=[DefaultRaftMember{id=1, type=ACTIVE, updated=2018-06-10T19:52:01.389Z}, DefaultRaftMember{id=2, type=ACTIVE, updated=2018-06-10T19:52:01.389Z}, DefaultRaftMember{id=3, type=ACTIVE, updated=2018-06-10T19:52:01.389Z}]} to 2
21:52:04.608 [raft-server-raft-partition-3] DEBUG i.a.p.raft.roles.LeaderAppender - RaftServer{raft-partition-3} - Configuring 3
21:52:04.608 [raft-server-raft-partition-3] TRACE i.a.p.raft.roles.LeaderAppender - RaftServer{raft-partition-3} - Sending ConfigureRequest{term=1, leader=1, index=0, timestamp=1528660321389, members=[DefaultRaftMember{id=1, type=ACTIVE, updated=2018-06-10T19:52:01.389Z}, DefaultRaftMember{id=2, type=ACTIVE, updated=2018-06-10T19:52:01.389Z}, DefaultRaftMember{id=3, type=ACTIVE, updated=2018-06-10T19:52:01.389Z}]} to 3
21:52:04.608 [raft-server-raft-partition-3] TRACE i.a.protocols.raft.roles.LeaderRole - RaftServer{raft-partition-3}{role=LEADER} - Starting append timer
21:52:04.608 [raft-server-raft-partition-3] TRACE i.a.p.raft.roles.FollowerRole - RaftServer{raft-partition-3}{role=FOLLOWER} - Received ConfigureRequest{term=1, leader=1, index=0, timestamp=1528660321389, members=[DefaultRaftMember{id=1, type=ACTIVE, updated=2018-06-10T19:52:01.389Z}, DefaultRaftMember{id=2, type=ACTIVE, updated=2018-06-10T19:52:01.389Z}, DefaultRaftMember{id=3, type=ACTIVE, updated=2018-06-10T19:52:01.389Z}]}
21:52:04.608 [raft-server-raft-partition-3] TRACE i.a.p.raft.roles.FollowerRole - RaftServer{raft-partition-3}{role=FOLLOWER} - Received ConfigureRequest{term=1, leader=1, index=0, timestamp=1528660321389, members=[DefaultRaftMember{id=1, type=ACTIVE, updated=2018-06-10T19:52:01.389Z}, DefaultRaftMember{id=2, type=ACTIVE, updated=2018-06-10T19:52:01.389Z}, DefaultRaftMember{id=3, type=ACTIVE, updated=2018-06-10T19:52:01.389Z}]}
21:52:04.608 [raft-server-raft-partition-3] INFO  i.a.protocols.raft.impl.RaftContext - RaftServer{raft-partition-3} - Found leader 1
21:52:04.609 [raft-server-raft-partition-3] INFO  i.a.protocols.raft.impl.RaftContext - RaftServer{raft-partition-3} - Found leader 1
21:52:04.609 [raft-server-raft-partition-3] TRACE i.a.p.raft.storage.system.MetaStore - Store vote null
21:52:04.609 [raft-server-raft-partition-3] TRACE i.a.p.raft.storage.system.MetaStore - Store vote null
21:52:04.632 [raft-server-raft-partition-6] DEBUG i.a.protocols.raft.impl.RaftContext - RaftServer{raft-partition-6} - Set term 1
21:52:04.632 [raft-server-raft-partition-6] TRACE i.a.p.raft.storage.system.MetaStore - Store vote 1
21:52:04.634 [raft-server-raft-partition-1] TRACE i.a.p.raft.roles.LeaderAppender - RaftServer{raft-partition-1} - Sending AppendRequest{term=1, leader=2, prevLogIndex=1, prevLogTerm=1, entries=0, commitIndex=1} to 3
21:52:04.635 [raft-server-raft-partition-1] TRACE i.a.p.raft.roles.FollowerRole - RaftServer{raft-partition-1}{role=FOLLOWER} - Received AppendRequest{term=1, leader=2, prevLogIndex=1, prevLogTerm=1, entries=0, commitIndex=1}
21:52:04.635 [raft-server-raft-partition-1] TRACE i.a.p.raft.roles.FollowerRole - RaftServer{raft-partition-1}{role=FOLLOWER} - Committed entries up to index 1
21:52:04.635 [raft-server-raft-partition-1] TRACE i.a.p.raft.roles.FollowerRole - RaftServer{raft-partition-1}{role=FOLLOWER} - Sending AppendResponse{status=OK, term=1, succeeded=true, lastLogIndex=1}
21:52:04.635 [raft-server-raft-partition-1-state] TRACE i.a.p.raft.impl.RaftServiceManager - RaftServer{raft-partition-1} - Applying Indexed{index=1, entry=InitializeEntry{term=1, timestamp=2018-06-10 09:52:04,334}}
21:52:04.635 [raft-server-raft-partition-1] TRACE i.a.p.raft.roles.LeaderAppender - RaftServer{raft-partition-1} - Received AppendResponse{status=OK, term=1, succeeded=true, lastLogIndex=1} from 3
21:52:04.635 [raft-server-raft-partition-1] TRACE i.a.p.raft.roles.LeaderAppender - RaftServer{raft-partition-1} - Sending AppendRequest{term=1, leader=2, prevLogIndex=1, prevLogTerm=1, entries=0, commitIndex=1} to 3
21:52:04.636 [raft-server-raft-partition-1] TRACE i.a.p.raft.roles.FollowerRole - RaftServer{raft-partition-1}{role=FOLLOWER} - Received AppendRequest{term=1, leader=2, prevLogIndex=1, prevLogTerm=1, entries=0, commitIndex=1}
21:52:04.636 [raft-server-raft-partition-1] TRACE i.a.p.raft.roles.FollowerRole - RaftServer{raft-partition-1}{role=FOLLOWER} - Sending AppendResponse{status=OK, term=1, succeeded=true, lastLogIndex=1}
21:52:04.636 [raft-server-raft-partition-1] TRACE i.a.p.raft.roles.LeaderAppender - RaftServer{raft-partition-1} - Received AppendResponse{status=OK, term=1, succeeded=true, lastLogIndex=1} from 3
21:52:04.657 [raft-server-raft-partition-6] DEBUG i.a.protocols.raft.impl.RaftContext - RaftServer{raft-partition-6} - Voted for 1
21:52:04.658 [raft-server-raft-partition-6] DEBUG i.a.p.raft.roles.CandidateRole - RaftServer{raft-partition-6}{role=CANDIDATE} - Requesting votes for term 1
21:52:04.658 [raft-server-raft-partition-3] TRACE i.a.p.raft.roles.FollowerRole - RaftServer{raft-partition-3}{role=FOLLOWER} - Sending ConfigureResponse{status=OK}
21:52:04.658 [raft-server-raft-partition-3] TRACE i.a.p.raft.roles.FollowerRole - RaftServer{raft-partition-3}{role=FOLLOWER} - Sending ConfigureResponse{status=OK}
21:52:04.658 [raft-server-raft-partition-6] DEBUG i.a.p.raft.roles.CandidateRole - RaftServer{raft-partition-6}{role=CANDIDATE} - Requesting vote from DefaultRaftMember{id=2, type=ACTIVE, updated=2018-06-10T19:52:00.916Z} for term 1
21:52:04.658 [raft-server-raft-partition-6] DEBUG i.a.p.raft.roles.CandidateRole - RaftServer{raft-partition-6}{role=CANDIDATE} - Requesting vote from DefaultRaftMember{id=3, type=ACTIVE, updated=2018-06-10T19:52:00.916Z} for term 1
21:52:04.658 [raft-server-raft-partition-3] TRACE i.a.p.raft.roles.LeaderAppender - RaftServer{raft-partition-3} - Received ConfigureResponse{status=OK} from 2
21:52:04.658 [raft-server-raft-partition-6] TRACE i.a.p.raft.roles.FollowerRole - RaftServer{raft-partition-6}{role=FOLLOWER} - Received VoteRequest{term=1, candidate=1, lastLogIndex=0, lastLogTerm=0}
21:52:04.658 [raft-server-raft-partition-6] TRACE i.a.p.raft.roles.FollowerRole - RaftServer{raft-partition-6}{role=FOLLOWER} - Received VoteRequest{term=1, candidate=1, lastLogIndex=0, lastLogTerm=0}
21:52:04.658 [raft-server-raft-partition-6] TRACE i.a.p.raft.storage.system.MetaStore - Store term 1
21:52:04.658 [raft-server-raft-partition-6] TRACE i.a.p.raft.storage.system.MetaStore - Store term 1
21:52:04.658 [raft-server-raft-partition-3] TRACE i.a.p.raft.roles.LeaderAppender - RaftServer{raft-partition-3} - Received ConfigureResponse{status=OK} from 3
21:52:04.667 [raft-server-system-partition-1] TRACE i.a.p.raft.roles.LeaderAppender - RaftServer{system-partition-1} - Sending AppendRequest{term=1, leader=1, prevLogIndex=13, prevLogTerm=1, entries=0, commitIndex=13} to 2
21:52:04.667 [raft-server-system-partition-1] TRACE i.a.p.raft.roles.LeaderAppender - RaftServer{system-partition-1} - Sending AppendRequest{term=1, leader=1, prevLogIndex=13, prevLogTerm=1, entries=0, commitIndex=13} to 3
21:52:04.668 [raft-server-system-partition-1] TRACE i.a.p.raft.roles.FollowerRole - RaftServer{system-partition-1}{role=FOLLOWER} - Received AppendRequest{term=1, leader=1, prevLogIndex=13, prevLogTerm=1, entries=0, commitIndex=13}
21:52:04.668 [raft-server-system-partition-1] TRACE i.a.p.raft.roles.FollowerRole - RaftServer{system-partition-1}{role=FOLLOWER} - Received AppendRequest{term=1, leader=1, prevLogIndex=13, prevLogTerm=1, entries=0, commitIndex=13}
21:52:04.668 [raft-server-system-partition-1] TRACE i.a.p.raft.roles.FollowerRole - RaftServer{system-partition-1}{role=FOLLOWER} - Sending AppendResponse{status=OK, term=1, succeeded=true, lastLogIndex=13}
21:52:04.668 [raft-server-system-partition-1] TRACE i.a.p.raft.roles.FollowerRole - RaftServer{system-partition-1}{role=FOLLOWER} - Sending AppendResponse{status=OK, term=1, succeeded=true, lastLogIndex=13}
21:52:04.668 [raft-server-system-partition-1] TRACE i.a.p.raft.roles.LeaderAppender - RaftServer{system-partition-1} - Received AppendResponse{status=OK, term=1, succeeded=true, lastLogIndex=13} from 3
21:52:04.668 [raft-server-system-partition-1] TRACE i.a.p.raft.roles.LeaderAppender - RaftServer{system-partition-1} - Sending AppendRequest{term=1, leader=1, prevLogIndex=13, prevLogTerm=1, entries=0, commitIndex=13} to 3
21:52:04.668 [raft-server-system-partition-1] TRACE i.a.p.raft.roles.LeaderAppender - RaftServer{system-partition-1} - Received AppendResponse{status=OK, term=1, succeeded=true, lastLogIndex=13} from 2
21:52:04.668 [raft-server-system-partition-1] TRACE i.a.p.raft.roles.LeaderAppender - RaftServer{system-partition-1} - Sending AppendRequest{term=1, leader=1, prevLogIndex=13, prevLogTerm=1, entries=0, commitIndex=13} to 2
21:52:04.668 [raft-server-system-partition-1] TRACE i.a.p.raft.roles.FollowerRole - RaftServer{system-partition-1}{role=FOLLOWER} - Received AppendRequest{term=1, leader=1, prevLogIndex=13, prevLogTerm=1, entries=0, commitIndex=13}
21:52:04.668 [raft-server-system-partition-1] TRACE i.a.p.raft.roles.FollowerRole - RaftServer{system-partition-1}{role=FOLLOWER} - Sending AppendResponse{status=OK, term=1, succeeded=true, lastLogIndex=13}
21:52:04.668 [raft-server-system-partition-1] TRACE i.a.p.raft.roles.FollowerRole - RaftServer{system-partition-1}{role=FOLLOWER} - Received AppendRequest{term=1, leader=1, prevLogIndex=13, prevLogTerm=1, entries=0, commitIndex=13}
21:52:04.668 [raft-server-system-partition-1] TRACE i.a.p.raft.roles.FollowerRole - RaftServer{system-partition-1}{role=FOLLOWER} - Sending AppendResponse{status=OK, term=1, succeeded=true, lastLogIndex=13}
21:52:04.669 [raft-server-system-partition-1] TRACE i.a.p.raft.roles.LeaderAppender - RaftServer{system-partition-1} - Received AppendResponse{status=OK, term=1, succeeded=true, lastLogIndex=13} from 3
21:52:04.669 [raft-server-system-partition-1] TRACE i.a.p.raft.roles.LeaderAppender - RaftServer{system-partition-1} - Received AppendResponse{status=OK, term=1, succeeded=true, lastLogIndex=13} from 2
21:52:04.682 [raft-server-raft-partition-6] TRACE i.a.p.raft.storage.system.MetaStore - Store vote null
21:52:04.707 [raft-server-raft-partition-6] TRACE i.a.p.raft.storage.system.MetaStore - Store vote null
21:52:04.709 [raft-server-raft-partition-7] TRACE i.a.p.raft.roles.LeaderAppender - RaftServer{raft-partition-7} - Sending AppendRequest{term=1, leader=2, prevLogIndex=1, prevLogTerm=1, entries=0, commitIndex=1} to 1
21:52:04.709 [raft-server-raft-partition-7] TRACE i.a.p.raft.roles.LeaderAppender - RaftServer{raft-partition-7} - Sending AppendRequest{term=1, leader=2, prevLogIndex=1, prevLogTerm=1, entries=0, commitIndex=1} to 3
21:52:04.709 [raft-server-raft-partition-7] TRACE i.a.p.raft.roles.FollowerRole - RaftServer{raft-partition-7}{role=FOLLOWER} - Received AppendRequest{term=1, leader=2, prevLogIndex=1, prevLogTerm=1, entries=0, commitIndex=1}
21:52:04.709 [raft-server-raft-partition-7] TRACE i.a.p.raft.roles.FollowerRole - RaftServer{raft-partition-7}{role=FOLLOWER} - Received AppendRequest{term=1, leader=2, prevLogIndex=1, prevLogTerm=1, entries=0, commitIndex=1}
21:52:04.709 [raft-server-raft-partition-7] TRACE i.a.p.raft.roles.FollowerRole - RaftServer{raft-partition-7}{role=FOLLOWER} - Sending AppendResponse{status=OK, term=1, succeeded=true, lastLogIndex=1}
21:52:04.710 [raft-server-raft-partition-7] TRACE i.a.p.raft.roles.FollowerRole - RaftServer{raft-partition-7}{role=FOLLOWER} - Sending AppendResponse{status=OK, term=1, succeeded=true, lastLogIndex=1}
21:52:04.710 [raft-server-raft-partition-7] TRACE i.a.p.raft.roles.LeaderAppender - RaftServer{raft-partition-7} - Received AppendResponse{status=OK, term=1, succeeded=true, lastLogIndex=1} from 1
21:52:04.710 [raft-server-raft-partition-7] TRACE i.a.p.raft.roles.LeaderAppender - RaftServer{raft-partition-7} - Sending AppendRequest{term=1, leader=2, prevLogIndex=1, prevLogTerm=1, entries=0, commitIndex=1} to 1
21:52:04.710 [raft-server-raft-partition-7] TRACE i.a.p.raft.roles.LeaderAppender - RaftServer{raft-partition-7} - Received AppendResponse{status=OK, term=1, succeeded=true, lastLogIndex=1} from 3
21:52:04.710 [raft-server-raft-partition-7] TRACE i.a.p.raft.roles.LeaderAppender - RaftServer{raft-partition-7} - Sending AppendRequest{term=1, leader=2, prevLogIndex=1, prevLogTerm=1, entries=0, commitIndex=1} to 3
21:52:04.710 [raft-server-raft-partition-7] TRACE i.a.p.raft.roles.FollowerRole - RaftServer{raft-partition-7}{role=FOLLOWER} - Received AppendRequest{term=1, leader=2, prevLogIndex=1, prevLogTerm=1, entries=0, commitIndex=1}
21:52:04.710 [raft-server-raft-partition-7] TRACE i.a.p.raft.roles.FollowerRole - RaftServer{raft-partition-7}{role=FOLLOWER} - Sending AppendResponse{status=OK, term=1, succeeded=true, lastLogIndex=1}
21:52:04.710 [raft-server-raft-partition-7] TRACE i.a.p.raft.roles.LeaderAppender - RaftServer{raft-partition-7} - Received AppendResponse{status=OK, term=1, succeeded=true, lastLogIndex=1} from 1
21:52:04.710 [raft-server-raft-partition-7] TRACE i.a.p.raft.roles.FollowerRole - RaftServer{raft-partition-7}{role=FOLLOWER} - Received AppendRequest{term=1, leader=2, prevLogIndex=1, prevLogTerm=1, entries=0, commitIndex=1}
21:52:04.710 [raft-server-raft-partition-7] TRACE i.a.p.raft.roles.FollowerRole - RaftServer{raft-partition-7}{role=FOLLOWER} - Sending AppendResponse{status=OK, term=1, succeeded=true, lastLogIndex=1}
21:52:04.711 [raft-server-raft-partition-7] TRACE i.a.p.raft.roles.LeaderAppender - RaftServer{raft-partition-7} - Received AppendResponse{status=OK, term=1, succeeded=true, lastLogIndex=1} from 3
21:52:04.732 [raft-server-raft-partition-6] DEBUG i.a.protocols.raft.impl.RaftContext - RaftServer{raft-partition-6} - Set term 1
21:52:04.733 [raft-server-raft-partition-6] DEBUG i.a.p.raft.roles.FollowerRole - RaftServer{raft-partition-6}{role=FOLLOWER} - Accepted VoteRequest{term=1, candidate=1, lastLogIndex=0, lastLogTerm=0}: candidate's log is up-to-date
21:52:04.733 [raft-server-raft-partition-6] TRACE i.a.p.raft.storage.system.MetaStore - Store vote 1
21:52:04.743 [raft-server-raft-partition-4] TRACE i.a.p.raft.roles.LeaderAppender - RaftServer{raft-partition-4} - Sending AppendRequest{term=1, leader=1, prevLogIndex=1, prevLogTerm=1, entries=0, commitIndex=1} to 2
21:52:04.743 [raft-server-raft-partition-4] TRACE i.a.p.raft.roles.LeaderAppender - RaftServer{raft-partition-4} - Sending AppendRequest{term=1, leader=1, prevLogIndex=1, prevLogTerm=1, entries=0, commitIndex=1} to 3
21:52:04.743 [raft-server-raft-partition-4] TRACE i.a.p.raft.roles.FollowerRole - RaftServer{raft-partition-4}{role=FOLLOWER} - Received AppendRequest{term=1, leader=1, prevLogIndex=1, prevLogTerm=1, entries=0, commitIndex=1}
21:52:04.743 [raft-server-raft-partition-4] TRACE i.a.p.raft.roles.FollowerRole - RaftServer{raft-partition-4}{role=FOLLOWER} - Received AppendRequest{term=1, leader=1, prevLogIndex=1, prevLogTerm=1, entries=0, commitIndex=1}
21:52:04.770 [raft-server-raft-partition-6] DEBUG i.a.protocols.raft.impl.RaftContext - RaftServer{raft-partition-6} - Set term 1
21:52:04.770 [raft-server-raft-partition-6] DEBUG i.a.p.raft.roles.FollowerRole - RaftServer{raft-partition-6}{role=FOLLOWER} - Accepted VoteRequest{term=1, candidate=1, lastLogIndex=0, lastLogTerm=0}: candidate's log is up-to-date
21:52:04.770 [raft-server-raft-partition-6] TRACE i.a.p.raft.storage.system.MetaStore - Store vote 1
21:52:04.799 [raft-server-raft-partition-6] DEBUG i.a.protocols.raft.impl.RaftContext - RaftServer{raft-partition-6} - Voted for 1
21:52:04.799 [raft-server-raft-partition-4] TRACE i.a.p.raft.roles.FollowerRole - RaftServer{raft-partition-4}{role=FOLLOWER} - Committed entries up to index 1
21:52:04.799 [raft-server-raft-partition-6] DEBUG i.a.protocols.raft.impl.RaftContext - RaftServer{raft-partition-6} - Voted for 1
21:52:04.799 [raft-server-raft-partition-4] TRACE i.a.p.raft.roles.FollowerRole - RaftServer{raft-partition-4}{role=FOLLOWER} - Committed entries up to index 1
21:52:04.799 [raft-server-raft-partition-6] TRACE i.a.p.raft.roles.FollowerRole - RaftServer{raft-partition-6}{role=FOLLOWER} - Sending VoteResponse{status=OK, term=1, voted=true}
21:52:04.799 [raft-server-raft-partition-4] TRACE i.a.p.raft.roles.FollowerRole - RaftServer{raft-partition-4}{role=FOLLOWER} - Sending AppendResponse{status=OK, term=1, succeeded=true, lastLogIndex=1}
21:52:04.799 [raft-server-raft-partition-6] TRACE i.a.p.raft.roles.FollowerRole - RaftServer{raft-partition-6}{role=FOLLOWER} - Sending VoteResponse{status=OK, term=1, voted=true}
21:52:04.799 [raft-server-raft-partition-4] TRACE i.a.p.raft.roles.FollowerRole - RaftServer{raft-partition-4}{role=FOLLOWER} - Sending AppendResponse{status=OK, term=1, succeeded=true, lastLogIndex=1}
21:52:04.800 [raft-server-raft-partition-4-state] TRACE i.a.p.raft.impl.RaftServiceManager - RaftServer{raft-partition-4} - Applying Indexed{index=1, entry=InitializeEntry{term=1, timestamp=2018-06-10 09:52:04,434}}
21:52:04.800 [raft-server-raft-partition-4] TRACE i.a.p.raft.roles.LeaderAppender - RaftServer{raft-partition-4} - Received AppendResponse{status=OK, term=1, succeeded=true, lastLogIndex=1} from 2
21:52:04.800 [raft-server-raft-partition-4-state] TRACE i.a.p.raft.impl.RaftServiceManager - RaftServer{raft-partition-4} - Applying Indexed{index=1, entry=InitializeEntry{term=1, timestamp=2018-06-10 09:52:04,434}}
21:52:04.800 [raft-server-raft-partition-4] TRACE i.a.p.raft.roles.LeaderAppender - RaftServer{raft-partition-4} - Sending AppendRequest{term=1, leader=1, prevLogIndex=1, prevLogTerm=1, entries=0, commitIndex=1} to 2
21:52:04.800 [raft-server-raft-partition-6] DEBUG i.a.p.raft.roles.CandidateRole - RaftServer{raft-partition-6}{role=CANDIDATE} - Received successful vote from DefaultRaftMember{id=2, type=ACTIVE, updated=2018-06-10T19:52:00.916Z}
21:52:04.800 [raft-server-raft-partition-4] TRACE i.a.p.raft.roles.LeaderAppender - RaftServer{raft-partition-4} - Received AppendResponse{status=OK, term=1, succeeded=true, lastLogIndex=1} from 3
21:52:04.800 [raft-server-raft-partition-6] INFO  i.a.protocols.raft.impl.RaftContext - RaftServer{raft-partition-6} - Transitioning to LEADER
21:52:04.800 [raft-server-raft-partition-4] TRACE i.a.p.raft.roles.LeaderAppender - RaftServer{raft-partition-4} - Sending AppendRequest{term=1, leader=1, prevLogIndex=1, prevLogTerm=1, entries=0, commitIndex=1} to 3
21:52:04.800 [raft-server-raft-partition-4] TRACE i.a.p.raft.roles.FollowerRole - RaftServer{raft-partition-4}{role=FOLLOWER} - Received AppendRequest{term=1, leader=1, prevLogIndex=1, prevLogTerm=1, entries=0, commitIndex=1}
21:52:04.800 [raft-server-raft-partition-6] DEBUG i.a.p.raft.roles.CandidateRole - RaftServer{raft-partition-6}{role=CANDIDATE} - Cancelling election
21:52:04.800 [raft-server-raft-partition-4] TRACE i.a.p.raft.roles.FollowerRole - RaftServer{raft-partition-4}{role=FOLLOWER} - Sending AppendResponse{status=OK, term=1, succeeded=true, lastLogIndex=1}
21:52:04.800 [raft-server-raft-partition-4] TRACE i.a.p.raft.roles.FollowerRole - RaftServer{raft-partition-4}{role=FOLLOWER} - Received AppendRequest{term=1, leader=1, prevLogIndex=1, prevLogTerm=1, entries=0, commitIndex=1}
21:52:04.800 [raft-server-raft-partition-6] INFO  i.a.protocols.raft.impl.RaftContext - RaftServer{raft-partition-6} - Found leader 1
21:52:04.800 [raft-server-raft-partition-4] TRACE i.a.p.raft.roles.FollowerRole - RaftServer{raft-partition-4}{role=FOLLOWER} - Sending AppendResponse{status=OK, term=1, succeeded=true, lastLogIndex=1}
21:52:04.800 [raft-server-raft-partition-6] TRACE i.a.p.raft.storage.system.MetaStore - Store vote null
21:52:04.800 [raft-server-raft-partition-4] TRACE i.a.p.raft.roles.LeaderAppender - RaftServer{raft-partition-4} - Received AppendResponse{status=OK, term=1, succeeded=true, lastLogIndex=1} from 2
21:52:04.801 [raft-server-raft-partition-4] TRACE i.a.p.raft.roles.LeaderAppender - RaftServer{raft-partition-4} - Received AppendResponse{status=OK, term=1, succeeded=true, lastLogIndex=1} from 3
21:52:04.817 [raft-server-raft-partition-2] TRACE i.a.p.raft.roles.LeaderAppender - RaftServer{raft-partition-2} - Sending AppendRequest{term=1, leader=1, prevLogIndex=1, prevLogTerm=1, entries=0, commitIndex=1} to 2
21:52:04.818 [raft-server-raft-partition-2] TRACE i.a.p.raft.roles.LeaderAppender - RaftServer{raft-partition-2} - Sending AppendRequest{term=1, leader=1, prevLogIndex=1, prevLogTerm=1, entries=0, commitIndex=1} to 3
21:52:04.818 [raft-server-raft-partition-2] TRACE i.a.p.raft.roles.FollowerRole - RaftServer{raft-partition-2}{role=FOLLOWER} - Received AppendRequest{term=1, leader=1, prevLogIndex=1, prevLogTerm=1, entries=0, commitIndex=1}
21:52:04.818 [raft-server-raft-partition-2] TRACE i.a.p.raft.roles.FollowerRole - RaftServer{raft-partition-2}{role=FOLLOWER} - Received AppendRequest{term=1, leader=1, prevLogIndex=1, prevLogTerm=1, entries=0, commitIndex=1}
21:52:04.818 [raft-server-raft-partition-2] TRACE i.a.p.raft.roles.FollowerRole - RaftServer{raft-partition-2}{role=FOLLOWER} - Sending AppendResponse{status=OK, term=1, succeeded=true, lastLogIndex=1}
21:52:04.818 [raft-server-raft-partition-2] TRACE i.a.p.raft.roles.FollowerRole - RaftServer{raft-partition-2}{role=FOLLOWER} - Sending AppendResponse{status=OK, term=1, succeeded=true, lastLogIndex=1}
21:52:04.818 [raft-server-raft-partition-2] TRACE i.a.p.raft.roles.LeaderAppender - RaftServer{raft-partition-2} - Received AppendResponse{status=OK, term=1, succeeded=true, lastLogIndex=1} from 2
21:52:04.818 [raft-server-raft-partition-2] TRACE i.a.p.raft.roles.LeaderAppender - RaftServer{raft-partition-2} - Sending AppendRequest{term=1, leader=1, prevLogIndex=1, prevLogTerm=1, entries=0, commitIndex=1} to 2
21:52:04.818 [raft-server-raft-partition-2] TRACE i.a.p.raft.roles.LeaderAppender - RaftServer{raft-partition-2} - Received AppendResponse{status=OK, term=1, succeeded=true, lastLogIndex=1} from 3
21:52:04.818 [raft-server-raft-partition-2] TRACE i.a.p.raft.roles.FollowerRole - RaftServer{raft-partition-2}{role=FOLLOWER} - Received AppendRequest{term=1, leader=1, prevLogIndex=1, prevLogTerm=1, entries=0, commitIndex=1}
21:52:04.819 [raft-server-raft-partition-2] TRACE i.a.p.raft.roles.FollowerRole - RaftServer{raft-partition-2}{role=FOLLOWER} - Sending AppendResponse{status=OK, term=1, succeeded=true, lastLogIndex=1}
21:52:04.819 [raft-server-raft-partition-2] TRACE i.a.p.raft.roles.LeaderAppender - RaftServer{raft-partition-2} - Received AppendResponse{status=OK, term=1, succeeded=true, lastLogIndex=1} from 2
21:52:04.825 [raft-server-raft-partition-6] TRACE i.a.protocols.raft.roles.LeaderRole - RaftServer{raft-partition-6}{role=LEADER} - Appended Indexed{index=1, entry=InitializeEntry{term=1, timestamp=2018-06-10 09:52:04,800}}
21:52:04.825 [raft-server-raft-partition-6] DEBUG i.a.p.raft.roles.LeaderAppender - RaftServer{raft-partition-6} - Configuring 2
21:52:04.825 [raft-server-raft-partition-6] TRACE i.a.p.raft.roles.LeaderAppender - RaftServer{raft-partition-6} - Sending ConfigureRequest{term=1, leader=1, index=0, timestamp=1528660320916, members=[DefaultRaftMember{id=1, type=ACTIVE, updated=2018-06-10T19:52:00.916Z}, DefaultRaftMember{id=2, type=ACTIVE, updated=2018-06-10T19:52:00.916Z}, DefaultRaftMember{id=3, type=ACTIVE, updated=2018-06-10T19:52:00.916Z}]} to 2
21:52:04.825 [raft-server-raft-partition-6] DEBUG i.a.p.raft.roles.LeaderAppender - RaftServer{raft-partition-6} - Configuring 3
21:52:04.825 [raft-server-raft-partition-6] TRACE i.a.p.raft.roles.LeaderAppender - RaftServer{raft-partition-6} - Sending ConfigureRequest{term=1, leader=1, index=0, timestamp=1528660320916, members=[DefaultRaftMember{id=1, type=ACTIVE, updated=2018-06-10T19:52:00.916Z}, DefaultRaftMember{id=2, type=ACTIVE, updated=2018-06-10T19:52:00.916Z}, DefaultRaftMember{id=3, type=ACTIVE, updated=2018-06-10T19:52:00.916Z}]} to 3
21:52:04.825 [raft-server-raft-partition-6] TRACE i.a.protocols.raft.roles.LeaderRole - RaftServer{raft-partition-6}{role=LEADER} - Starting append timer
21:52:04.825 [raft-server-raft-partition-6] TRACE i.a.p.raft.roles.LeaderAppender - RaftServer{raft-partition-6} - Sending AppendRequest{term=1, leader=1, prevLogIndex=0, prevLogTerm=0, entries=0, commitIndex=0} to 2
21:52:04.826 [raft-server-raft-partition-6] TRACE i.a.p.raft.roles.FollowerRole - RaftServer{raft-partition-6}{role=FOLLOWER} - Received ConfigureRequest{term=1, leader=1, index=0, timestamp=1528660320916, members=[DefaultRaftMember{id=1, type=ACTIVE, updated=2018-06-10T19:52:00.916Z}, DefaultRaftMember{id=2, type=ACTIVE, updated=2018-06-10T19:52:00.916Z}, DefaultRaftMember{id=3, type=ACTIVE, updated=2018-06-10T19:52:00.916Z}]}
21:52:04.826 [raft-server-raft-partition-6] TRACE i.a.p.raft.roles.LeaderAppender - RaftServer{raft-partition-6} - Sending AppendRequest{term=1, leader=1, prevLogIndex=0, prevLogTerm=0, entries=0, commitIndex=0} to 3
21:52:04.826 [raft-server-raft-partition-6] INFO  i.a.protocols.raft.impl.RaftContext - RaftServer{raft-partition-6} - Found leader 1
21:52:04.826 [raft-server-raft-partition-6] TRACE i.a.p.raft.roles.FollowerRole - RaftServer{raft-partition-6}{role=FOLLOWER} - Received ConfigureRequest{term=1, leader=1, index=0, timestamp=1528660320916, members=[DefaultRaftMember{id=1, type=ACTIVE, updated=2018-06-10T19:52:00.916Z}, DefaultRaftMember{id=2, type=ACTIVE, updated=2018-06-10T19:52:00.916Z}, DefaultRaftMember{id=3, type=ACTIVE, updated=2018-06-10T19:52:00.916Z}]}
21:52:04.826 [raft-server-raft-partition-6] TRACE i.a.p.raft.storage.system.MetaStore - Store vote null
21:52:04.826 [raft-server-raft-partition-6] INFO  i.a.protocols.raft.impl.RaftContext - RaftServer{raft-partition-6} - Found leader 1
21:52:04.826 [raft-server-raft-partition-6] TRACE i.a.p.raft.storage.system.MetaStore - Store vote null
21:52:04.849 [raft-server-raft-partition-6] TRACE i.a.p.raft.roles.FollowerRole - RaftServer{raft-partition-6}{role=FOLLOWER} - Sending ConfigureResponse{status=OK}
21:52:04.849 [raft-server-raft-partition-6] TRACE i.a.p.raft.roles.FollowerRole - RaftServer{raft-partition-6}{role=FOLLOWER} - Received AppendRequest{term=1, leader=1, prevLogIndex=0, prevLogTerm=0, entries=0, commitIndex=0}
21:52:04.849 [raft-server-raft-partition-6] TRACE i.a.p.raft.roles.FollowerRole - RaftServer{raft-partition-6}{role=FOLLOWER} - Sending AppendResponse{status=OK, term=1, succeeded=true, lastLogIndex=0}
21:52:04.850 [raft-server-raft-partition-6] TRACE i.a.p.raft.roles.LeaderAppender - RaftServer{raft-partition-6} - Received ConfigureResponse{status=OK} from 2
21:52:04.850 [raft-server-raft-partition-6] TRACE i.a.p.raft.roles.LeaderAppender - RaftServer{raft-partition-6} - Received AppendResponse{status=OK, term=1, succeeded=true, lastLogIndex=0} from 2
21:52:04.850 [raft-server-raft-partition-6] TRACE i.a.p.raft.roles.LeaderAppender - RaftServer{raft-partition-6} - Sending AppendRequest{term=1, leader=1, prevLogIndex=0, prevLogTerm=0, entries=1, commitIndex=0} to 2
21:52:04.850 [raft-server-raft-partition-6] TRACE i.a.p.raft.roles.FollowerRole - RaftServer{raft-partition-6}{role=FOLLOWER} - Received AppendRequest{term=1, leader=1, prevLogIndex=0, prevLogTerm=0, entries=1, commitIndex=0}
21:52:04.850 [raft-server-raft-partition-6] DEBUG i.a.p.raft.roles.FollowerRole - RaftServer{raft-partition-6}{role=FOLLOWER} - Reset first index to 1
21:52:04.850 [raft-server-raft-partition-6] TRACE i.a.p.raft.roles.FollowerRole - RaftServer{raft-partition-6}{role=FOLLOWER} - Appended Indexed{index=1, entry=InitializeEntry{term=1, timestamp=2018-06-10 09:52:04,800}}
21:52:04.850 [raft-server-raft-partition-6] TRACE i.a.p.raft.roles.FollowerRole - RaftServer{raft-partition-6}{role=FOLLOWER} - Sending AppendResponse{status=OK, term=1, succeeded=true, lastLogIndex=1}
21:52:04.851 [raft-server-raft-partition-6] TRACE i.a.p.raft.roles.LeaderAppender - RaftServer{raft-partition-6} - Received AppendResponse{status=OK, term=1, succeeded=true, lastLogIndex=1} from 2
21:52:04.851 [raft-server-raft-partition-6] TRACE i.a.p.raft.roles.LeaderAppender - RaftServer{raft-partition-6} - Committed entries up to 1
21:52:04.884 [raft-server-raft-partition-6] TRACE i.a.p.raft.roles.FollowerRole - RaftServer{raft-partition-6}{role=FOLLOWER} - Sending ConfigureResponse{status=OK}
21:52:04.884 [raft-server-raft-partition-1] TRACE i.a.p.raft.roles.LeaderAppender - RaftServer{raft-partition-1} - Sending AppendRequest{term=1, leader=2, prevLogIndex=1, prevLogTerm=1, entries=0, commitIndex=1} to 3
21:52:04.884 [raft-server-raft-partition-6] TRACE i.a.p.raft.roles.FollowerRole - RaftServer{raft-partition-6}{role=FOLLOWER} - Received AppendRequest{term=1, leader=1, prevLogIndex=0, prevLogTerm=0, entries=0, commitIndex=0}
21:52:04.884 [raft-server-raft-partition-6] TRACE i.a.p.raft.roles.FollowerRole - RaftServer{raft-partition-6}{role=FOLLOWER} - Sending AppendResponse{status=OK, term=1, succeeded=true, lastLogIndex=0}
21:52:04.885 [raft-server-raft-partition-1] TRACE i.a.p.raft.roles.FollowerRole - RaftServer{raft-partition-1}{role=FOLLOWER} - Received AppendRequest{term=1, leader=2, prevLogIndex=1, prevLogTerm=1, entries=0, commitIndex=1}
21:52:04.885 [raft-server-raft-partition-1] TRACE i.a.p.raft.roles.FollowerRole - RaftServer{raft-partition-1}{role=FOLLOWER} - Sending AppendResponse{status=OK, term=1, succeeded=true, lastLogIndex=1}
21:52:04.885 [raft-server-raft-partition-1] TRACE i.a.p.raft.roles.LeaderAppender - RaftServer{raft-partition-1} - Received AppendResponse{status=OK, term=1, succeeded=true, lastLogIndex=1} from 3
21:52:04.885 [raft-server-raft-partition-1] TRACE i.a.p.raft.roles.LeaderAppender - RaftServer{raft-partition-1} - Sending AppendRequest{term=1, leader=2, prevLogIndex=1, prevLogTerm=1, entries=0, commitIndex=1} to 3
21:52:04.885 [raft-server-raft-partition-1] TRACE i.a.p.raft.roles.FollowerRole - RaftServer{raft-partition-1}{role=FOLLOWER} - Received AppendRequest{term=1, leader=2, prevLogIndex=1, prevLogTerm=1, entries=0, commitIndex=1}
21:52:04.885 [raft-server-raft-partition-1] TRACE i.a.p.raft.roles.FollowerRole - RaftServer{raft-partition-1}{role=FOLLOWER} - Sending AppendResponse{status=OK, term=1, succeeded=true, lastLogIndex=1}
21:52:04.886 [raft-server-raft-partition-1] TRACE i.a.p.raft.roles.LeaderAppender - RaftServer{raft-partition-1} - Received AppendResponse{status=OK, term=1, succeeded=true, lastLogIndex=1} from 3
21:52:04.907 [raft-server-raft-partition-6] TRACE i.a.p.raft.roles.LeaderAppender - RaftServer{raft-partition-6} - Received ConfigureResponse{status=OK} from 3
21:52:04.907 [raft-server-raft-partition-6] TRACE i.a.p.raft.roles.LeaderAppender - RaftServer{raft-partition-6} - Received AppendResponse{status=OK, term=1, succeeded=true, lastLogIndex=0} from 3
21:52:04.908 [raft-server-raft-partition-6] TRACE i.a.p.raft.roles.LeaderAppender - RaftServer{raft-partition-6} - Sending AppendRequest{term=1, leader=1, prevLogIndex=0, prevLogTerm=0, entries=1, commitIndex=1} to 3
21:52:04.908 [raft-server-raft-partition-6-state] TRACE i.a.p.raft.impl.RaftServiceManager - RaftServer{raft-partition-6} - Applying Indexed{index=1, entry=InitializeEntry{term=1, timestamp=2018-06-10 09:52:04,800}}
21:52:04.908 [raft-server-raft-partition-6] TRACE i.a.p.raft.roles.FollowerRole - RaftServer{raft-partition-6}{role=FOLLOWER} - Received AppendRequest{term=1, leader=1, prevLogIndex=0, prevLogTerm=0, entries=1, commitIndex=1}
21:52:04.908 [raft-server-raft-partition-6] DEBUG i.a.p.raft.roles.FollowerRole - RaftServer{raft-partition-6}{role=FOLLOWER} - Reset first index to 1
21:52:04.908 [raft-server-raft-partition-6] TRACE i.a.p.raft.roles.FollowerRole - RaftServer{raft-partition-6}{role=FOLLOWER} - Appended Indexed{index=1, entry=InitializeEntry{term=1, timestamp=2018-06-10 09:52:04,800}}
21:52:04.917 [raft-server-system-partition-1] TRACE i.a.p.raft.roles.LeaderAppender - RaftServer{system-partition-1} - Sending AppendRequest{term=1, leader=1, prevLogIndex=13, prevLogTerm=1, entries=0, commitIndex=13} to 2
21:52:04.917 [raft-server-system-partition-1] TRACE i.a.p.raft.roles.LeaderAppender - RaftServer{system-partition-1} - Sending AppendRequest{term=1, leader=1, prevLogIndex=13, prevLogTerm=1, entries=0, commitIndex=13} to 3
21:52:04.917 [raft-server-system-partition-1] TRACE i.a.p.raft.roles.FollowerRole - RaftServer{system-partition-1}{role=FOLLOWER} - Received AppendRequest{term=1, leader=1, prevLogIndex=13, prevLogTerm=1, entries=0, commitIndex=13}
21:52:04.917 [raft-server-system-partition-1] TRACE i.a.p.raft.roles.FollowerRole - RaftServer{system-partition-1}{role=FOLLOWER} - Received AppendRequest{term=1, leader=1, prevLogIndex=13, prevLogTerm=1, entries=0, commitIndex=13}
21:52:04.917 [raft-server-system-partition-1] TRACE i.a.p.raft.roles.FollowerRole - RaftServer{system-partition-1}{role=FOLLOWER} - Sending AppendResponse{status=OK, term=1, succeeded=true, lastLogIndex=13}
21:52:04.917 [raft-server-system-partition-1] TRACE i.a.p.raft.roles.FollowerRole - RaftServer{system-partition-1}{role=FOLLOWER} - Sending AppendResponse{status=OK, term=1, succeeded=true, lastLogIndex=13}
21:52:04.918 [raft-server-system-partition-1] TRACE i.a.p.raft.roles.LeaderAppender - RaftServer{system-partition-1} - Received AppendResponse{status=OK, term=1, succeeded=true, lastLogIndex=13} from 3
21:52:04.918 [raft-server-system-partition-1] TRACE i.a.p.raft.roles.LeaderAppender - RaftServer{system-partition-1} - Sending AppendRequest{term=1, leader=1, prevLogIndex=13, prevLogTerm=1, entries=0, commitIndex=13} to 3
21:52:04.918 [raft-server-system-partition-1] TRACE i.a.p.raft.roles.LeaderAppender - RaftServer{system-partition-1} - Received AppendResponse{status=OK, term=1, succeeded=true, lastLogIndex=13} from 2
21:52:04.918 [raft-server-system-partition-1] TRACE i.a.p.raft.roles.LeaderAppender - RaftServer{system-partition-1} - Sending AppendRequest{term=1, leader=1, prevLogIndex=13, prevLogTerm=1, entries=0, commitIndex=13} to 2
21:52:04.918 [raft-server-system-partition-1] TRACE i.a.p.raft.roles.FollowerRole - RaftServer{system-partition-1}{role=FOLLOWER} - Received AppendRequest{term=1, leader=1, prevLogIndex=13, prevLogTerm=1, entries=0, commitIndex=13}
21:52:04.918 [raft-server-system-partition-1] TRACE i.a.p.raft.roles.FollowerRole - RaftServer{system-partition-1}{role=FOLLOWER} - Sending AppendResponse{status=OK, term=1, succeeded=true, lastLogIndex=13}
21:52:04.918 [raft-server-system-partition-1] TRACE i.a.p.raft.roles.FollowerRole - RaftServer{system-partition-1}{role=FOLLOWER} - Received AppendRequest{term=1, leader=1, prevLogIndex=13, prevLogTerm=1, entries=0, commitIndex=13}
21:52:04.918 [raft-server-system-partition-1] TRACE i.a.p.raft.roles.FollowerRole - RaftServer{system-partition-1}{role=FOLLOWER} - Sending AppendResponse{status=OK, term=1, succeeded=true, lastLogIndex=13}
21:52:04.918 [raft-server-system-partition-1] TRACE i.a.p.raft.roles.LeaderAppender - RaftServer{system-partition-1} - Received AppendResponse{status=OK, term=1, succeeded=true, lastLogIndex=13} from 3
21:52:04.918 [raft-server-system-partition-1] TRACE i.a.p.raft.roles.LeaderAppender - RaftServer{system-partition-1} - Received AppendResponse{status=OK, term=1, succeeded=true, lastLogIndex=13} from 2
21:52:04.941 [raft-server-raft-partition-6] TRACE i.a.p.raft.roles.FollowerRole - RaftServer{raft-partition-6}{role=FOLLOWER} - Committed entries up to index 1
21:52:04.941 [raft-server-raft-partition-6] TRACE i.a.p.raft.roles.FollowerRole - RaftServer{raft-partition-6}{role=FOLLOWER} - Sending AppendResponse{status=OK, term=1, succeeded=true, lastLogIndex=1}
21:52:04.941 [raft-server-raft-partition-6-state] TRACE i.a.p.raft.impl.RaftServiceManager - RaftServer{raft-partition-6} - Applying Indexed{index=1, entry=InitializeEntry{term=1, timestamp=2018-06-10 09:52:04,800}}
21:52:04.941 [raft-server-raft-partition-6] TRACE i.a.p.raft.roles.LeaderAppender - RaftServer{raft-partition-6} - Received AppendResponse{status=OK, term=1, succeeded=true, lastLogIndex=1} from 3
21:52:04.959 [raft-server-raft-partition-7] TRACE i.a.p.raft.roles.LeaderAppender - RaftServer{raft-partition-7} - Sending AppendRequest{term=1, leader=2, prevLogIndex=1, prevLogTerm=1, entries=0, commitIndex=1} to 1
21:52:04.959 [raft-server-raft-partition-7] TRACE i.a.p.raft.roles.LeaderAppender - RaftServer{raft-partition-7} - Sending AppendRequest{term=1, leader=2, prevLogIndex=1, prevLogTerm=1, entries=0, commitIndex=1} to 3
21:52:04.959 [raft-server-raft-partition-7] TRACE i.a.p.raft.roles.FollowerRole - RaftServer{raft-partition-7}{role=FOLLOWER} - Received AppendRequest{term=1, leader=2, prevLogIndex=1, prevLogTerm=1, entries=0, commitIndex=1}
21:52:04.959 [raft-server-raft-partition-7] TRACE i.a.p.raft.roles.FollowerRole - RaftServer{raft-partition-7}{role=FOLLOWER} - Received AppendRequest{term=1, leader=2, prevLogIndex=1, prevLogTerm=1, entries=0, commitIndex=1}
21:52:04.959 [raft-server-raft-partition-7] TRACE i.a.p.raft.roles.FollowerRole - RaftServer{raft-partition-7}{role=FOLLOWER} - Sending AppendResponse{status=OK, term=1, succeeded=true, lastLogIndex=1}
21:52:04.959 [raft-server-raft-partition-7] TRACE i.a.p.raft.roles.FollowerRole - RaftServer{raft-partition-7}{role=FOLLOWER} - Sending AppendResponse{status=OK, term=1, succeeded=true, lastLogIndex=1}
21:52:04.960 [raft-server-raft-partition-7] TRACE i.a.p.raft.roles.LeaderAppender - RaftServer{raft-partition-7} - Received AppendResponse{status=OK, term=1, succeeded=true, lastLogIndex=1} from 1
21:52:04.960 [raft-server-raft-partition-7] TRACE i.a.p.raft.roles.LeaderAppender - RaftServer{raft-partition-7} - Sending AppendRequest{term=1, leader=2, prevLogIndex=1, prevLogTerm=1, entries=0, commitIndex=1} to 1
21:52:04.960 [raft-server-raft-partition-7] TRACE i.a.p.raft.roles.LeaderAppender - RaftServer{raft-partition-7} - Received AppendResponse{status=OK, term=1, succeeded=true, lastLogIndex=1} from 3
21:52:04.960 [raft-server-raft-partition-7] TRACE i.a.p.raft.roles.LeaderAppender - RaftServer{raft-partition-7} - Sending AppendRequest{term=1, leader=2, prevLogIndex=1, prevLogTerm=1, entries=0, commitIndex=1} to 3
21:52:04.960 [raft-server-raft-partition-7] TRACE i.a.p.raft.roles.FollowerRole - RaftServer{raft-partition-7}{role=FOLLOWER} - Received AppendRequest{term=1, leader=2, prevLogIndex=1, prevLogTerm=1, entries=0, commitIndex=1}
21:52:04.960 [raft-server-raft-partition-7] TRACE i.a.p.raft.roles.FollowerRole - RaftServer{raft-partition-7}{role=FOLLOWER} - Sending AppendResponse{status=OK, term=1, succeeded=true, lastLogIndex=1}
21:52:04.960 [raft-server-raft-partition-7] TRACE i.a.p.raft.roles.FollowerRole - RaftServer{raft-partition-7}{role=FOLLOWER} - Received AppendRequest{term=1, leader=2, prevLogIndex=1, prevLogTerm=1, entries=0, commitIndex=1}
21:52:04.960 [raft-server-raft-partition-7] TRACE i.a.p.raft.roles.FollowerRole - RaftServer{raft-partition-7}{role=FOLLOWER} - Sending AppendResponse{status=OK, term=1, succeeded=true, lastLogIndex=1}
21:52:04.960 [raft-server-raft-partition-7] TRACE i.a.p.raft.roles.LeaderAppender - RaftServer{raft-partition-7} - Received AppendResponse{status=OK, term=1, succeeded=true, lastLogIndex=1} from 1
21:52:04.961 [raft-server-raft-partition-7] TRACE i.a.p.raft.roles.LeaderAppender - RaftServer{raft-partition-7} - Received AppendResponse{status=OK, term=1, succeeded=true, lastLogIndex=1} from 3
21:52:04.972 [raft-server-raft-partition-5] DEBUG i.a.p.raft.roles.FollowerRole - RaftServer{raft-partition-5}{role=FOLLOWER} - Heartbeat timed out in PT3.634S
21:52:04.973 [raft-server-raft-partition-5] DEBUG i.a.p.raft.roles.FollowerRole - RaftServer{raft-partition-5}{role=FOLLOWER} - Polling members [DefaultRaftMember{id=1, type=ACTIVE, updated=2018-06-10T19:52:01.041Z}, DefaultRaftMember{id=2, type=ACTIVE, updated=2018-06-10T19:52:01.041Z}]
21:52:04.973 [raft-server-raft-partition-5] DEBUG i.a.p.raft.roles.FollowerRole - RaftServer{raft-partition-5}{role=FOLLOWER} - Polling DefaultRaftMember{id=1, type=ACTIVE, updated=2018-06-10T19:52:01.041Z} for next term 1
21:52:04.973 [raft-server-raft-partition-5] DEBUG i.a.p.raft.roles.FollowerRole - RaftServer{raft-partition-5}{role=FOLLOWER} - Polling DefaultRaftMember{id=2, type=ACTIVE, updated=2018-06-10T19:52:01.041Z} for next term 1
21:52:04.974 [raft-server-raft-partition-5] TRACE i.a.p.raft.roles.FollowerRole - RaftServer{raft-partition-5}{role=FOLLOWER} - Received PollRequest{term=0, candidate=3, lastLogIndex=0, lastLogTerm=0}
21:52:04.974 [raft-server-raft-partition-5] DEBUG i.a.p.raft.roles.FollowerRole - RaftServer{raft-partition-5}{role=FOLLOWER} - Accepted PollRequest{term=0, candidate=3, lastLogIndex=0, lastLogTerm=0}: candidate's log is up-to-date
21:52:04.974 [raft-server-raft-partition-5] TRACE i.a.p.raft.roles.FollowerRole - RaftServer{raft-partition-5}{role=FOLLOWER} - Received PollRequest{term=0, candidate=3, lastLogIndex=0, lastLogTerm=0}
21:52:04.974 [raft-server-raft-partition-5] TRACE i.a.p.raft.roles.FollowerRole - RaftServer{raft-partition-5}{role=FOLLOWER} - Sending PollResponse{status=OK, term=0, accepted=true}
21:52:04.974 [raft-server-raft-partition-5] DEBUG i.a.p.raft.roles.FollowerRole - RaftServer{raft-partition-5}{role=FOLLOWER} - Accepted PollRequest{term=0, candidate=3, lastLogIndex=0, lastLogTerm=0}: candidate's log is up-to-date
21:52:04.974 [raft-server-raft-partition-5] TRACE i.a.p.raft.roles.FollowerRole - RaftServer{raft-partition-5}{role=FOLLOWER} - Sending PollResponse{status=OK, term=0, accepted=true}
21:52:04.975 [raft-server-raft-partition-5] DEBUG i.a.p.raft.roles.FollowerRole - RaftServer{raft-partition-5}{role=FOLLOWER} - Received accepted poll from DefaultRaftMember{id=1, type=ACTIVE, updated=2018-06-10T19:52:01.041Z}
21:52:04.975 [raft-server-raft-partition-5] INFO  i.a.protocols.raft.impl.RaftContext - RaftServer{raft-partition-5} - Transitioning to CANDIDATE
21:52:04.975 [raft-server-raft-partition-5] TRACE i.a.p.raft.roles.FollowerRole - RaftServer{raft-partition-5}{role=FOLLOWER} - Cancelling heartbeat timer
21:52:04.975 [raft-server-raft-partition-5] INFO  i.a.p.raft.roles.CandidateRole - RaftServer{raft-partition-5}{role=CANDIDATE} - Starting election
21:52:04.975 [raft-server-raft-partition-5] TRACE i.a.p.raft.storage.system.MetaStore - Store term 1
21:52:04.980 [raft-server-raft-partition-5] DEBUG i.a.p.raft.roles.FollowerRole - RaftServer{raft-partition-5}{role=FOLLOWER} - Heartbeat timed out in PT3.914S
21:52:04.980 [raft-server-raft-partition-5] DEBUG i.a.p.raft.roles.FollowerRole - RaftServer{raft-partition-5}{role=FOLLOWER} - Polling members [DefaultRaftMember{id=2, type=ACTIVE, updated=2018-06-10T19:52:01.041Z}, DefaultRaftMember{id=3, type=ACTIVE, updated=2018-06-10T19:52:01.041Z}]
21:52:04.980 [raft-server-raft-partition-5] DEBUG i.a.p.raft.roles.FollowerRole - RaftServer{raft-partition-5}{role=FOLLOWER} - Polling DefaultRaftMember{id=2, type=ACTIVE, updated=2018-06-10T19:52:01.041Z} for next term 1
21:52:04.981 [raft-server-raft-partition-5] DEBUG i.a.p.raft.roles.FollowerRole - RaftServer{raft-partition-5}{role=FOLLOWER} - Polling DefaultRaftMember{id=3, type=ACTIVE, updated=2018-06-10T19:52:01.041Z} for next term 1
21:52:04.981 [raft-server-raft-partition-5] TRACE i.a.p.raft.roles.FollowerRole - RaftServer{raft-partition-5}{role=FOLLOWER} - Received PollRequest{term=0, candidate=1, lastLogIndex=0, lastLogTerm=0}
21:52:04.981 [raft-server-raft-partition-5] DEBUG i.a.p.raft.roles.FollowerRole - RaftServer{raft-partition-5}{role=FOLLOWER} - Accepted PollRequest{term=0, candidate=1, lastLogIndex=0, lastLogTerm=0}: candidate's log is up-to-date
21:52:04.981 [raft-server-raft-partition-5] TRACE i.a.p.raft.roles.FollowerRole - RaftServer{raft-partition-5}{role=FOLLOWER} - Sending PollResponse{status=OK, term=0, accepted=true}
21:52:04.981 [raft-server-raft-partition-5] DEBUG i.a.p.raft.roles.FollowerRole - RaftServer{raft-partition-5}{role=FOLLOWER} - Received accepted poll from DefaultRaftMember{id=2, type=ACTIVE, updated=2018-06-10T19:52:01.041Z}
21:52:04.981 [raft-server-raft-partition-5] INFO  i.a.protocols.raft.impl.RaftContext - RaftServer{raft-partition-5} - Transitioning to CANDIDATE
21:52:04.981 [raft-server-raft-partition-5] TRACE i.a.p.raft.roles.FollowerRole - RaftServer{raft-partition-5}{role=FOLLOWER} - Cancelling heartbeat timer
21:52:04.981 [raft-server-raft-partition-5] INFO  i.a.p.raft.roles.CandidateRole - RaftServer{raft-partition-5}{role=CANDIDATE} - Starting election
21:52:04.981 [raft-server-raft-partition-5] TRACE i.a.p.raft.storage.system.MetaStore - Store term 1
21:52:04.993 [raft-server-raft-partition-4] TRACE i.a.p.raft.roles.LeaderAppender - RaftServer{raft-partition-4} - Sending AppendRequest{term=1, leader=1, prevLogIndex=1, prevLogTerm=1, entries=0, commitIndex=1} to 2
21:52:04.993 [raft-server-raft-partition-4] TRACE i.a.p.raft.roles.LeaderAppender - RaftServer{raft-partition-4} - Sending AppendRequest{term=1, leader=1, prevLogIndex=1, prevLogTerm=1, entries=0, commitIndex=1} to 3
21:52:04.993 [raft-server-raft-partition-4] TRACE i.a.p.raft.roles.FollowerRole - RaftServer{raft-partition-4}{role=FOLLOWER} - Received AppendRequest{term=1, leader=1, prevLogIndex=1, prevLogTerm=1, entries=0, commitIndex=1}
21:52:04.993 [raft-server-raft-partition-4] TRACE i.a.p.raft.roles.FollowerRole - RaftServer{raft-partition-4}{role=FOLLOWER} - Sending AppendResponse{status=OK, term=1, succeeded=true, lastLogIndex=1}
21:52:04.993 [raft-server-raft-partition-4] TRACE i.a.p.raft.roles.FollowerRole - RaftServer{raft-partition-4}{role=FOLLOWER} - Received AppendRequest{term=1, leader=1, prevLogIndex=1, prevLogTerm=1, entries=0, commitIndex=1}
21:52:04.993 [raft-server-raft-partition-4] TRACE i.a.p.raft.roles.FollowerRole - RaftServer{raft-partition-4}{role=FOLLOWER} - Sending AppendResponse{status=OK, term=1, succeeded=true, lastLogIndex=1}
21:52:04.994 [raft-server-raft-partition-4] TRACE i.a.p.raft.roles.LeaderAppender - RaftServer{raft-partition-4} - Received AppendResponse{status=OK, term=1, succeeded=true, lastLogIndex=1} from 2
21:52:04.994 [raft-server-raft-partition-4] TRACE i.a.p.raft.roles.LeaderAppender - RaftServer{raft-partition-4} - Sending AppendRequest{term=1, leader=1, prevLogIndex=1, prevLogTerm=1, entries=0, commitIndex=1} to 2
21:52:04.994 [raft-server-raft-partition-4] TRACE i.a.p.raft.roles.LeaderAppender - RaftServer{raft-partition-4} - Received AppendResponse{status=OK, term=1, succeeded=true, lastLogIndex=1} from 3
21:52:04.994 [raft-server-raft-partition-4] TRACE i.a.p.raft.roles.LeaderAppender - RaftServer{raft-partition-4} - Sending AppendRequest{term=1, leader=1, prevLogIndex=1, prevLogTerm=1, entries=0, commitIndex=1} to 3
21:52:04.994 [raft-server-raft-partition-4] TRACE i.a.p.raft.roles.FollowerRole - RaftServer{raft-partition-4}{role=FOLLOWER} - Received AppendRequest{term=1, leader=1, prevLogIndex=1, prevLogTerm=1, entries=0, commitIndex=1}
21:52:04.994 [raft-server-raft-partition-4] TRACE i.a.p.raft.roles.FollowerRole - RaftServer{raft-partition-4}{role=FOLLOWER} - Sending AppendResponse{status=OK, term=1, succeeded=true, lastLogIndex=1}
21:52:04.994 [raft-server-raft-partition-4] TRACE i.a.p.raft.roles.FollowerRole - RaftServer{raft-partition-4}{role=FOLLOWER} - Received AppendRequest{term=1, leader=1, prevLogIndex=1, prevLogTerm=1, entries=0, commitIndex=1}
21:52:04.994 [raft-server-raft-partition-4] TRACE i.a.p.raft.roles.FollowerRole - RaftServer{raft-partition-4}{role=FOLLOWER} - Sending AppendResponse{status=OK, term=1, succeeded=true, lastLogIndex=1}
21:52:04.994 [raft-server-raft-partition-4] TRACE i.a.p.raft.roles.LeaderAppender - RaftServer{raft-partition-4} - Received AppendResponse{status=OK, term=1, succeeded=true, lastLogIndex=1} from 2
21:52:04.994 [raft-server-raft-partition-4] TRACE i.a.p.raft.roles.LeaderAppender - RaftServer{raft-partition-4} - Received AppendResponse{status=OK, term=1, succeeded=true, lastLogIndex=1} from 3
21:52:04.999 [raft-server-raft-partition-5] TRACE i.a.p.raft.storage.system.MetaStore - Store vote null
21:52:05.024 [raft-server-raft-partition-5] TRACE i.a.p.raft.storage.system.MetaStore - Store vote null
21:52:05.049 [raft-server-raft-partition-5] DEBUG i.a.protocols.raft.impl.RaftContext - RaftServer{raft-partition-5} - Set term 1
21:52:05.049 [raft-server-raft-partition-5] TRACE i.a.p.raft.storage.system.MetaStore - Store vote 3
21:52:05.067 [raft-server-raft-partition-2] TRACE i.a.p.raft.roles.LeaderAppender - RaftServer{raft-partition-2} - Sending AppendRequest{term=1, leader=1, prevLogIndex=1, prevLogTerm=1, entries=0, commitIndex=1} to 2
21:52:05.068 [raft-server-raft-partition-2] TRACE i.a.p.raft.roles.LeaderAppender - RaftServer{raft-partition-2} - Sending AppendRequest{term=1, leader=1, prevLogIndex=1, prevLogTerm=1, entries=0, commitIndex=1} to 3
21:52:05.068 [raft-server-raft-partition-2] TRACE i.a.p.raft.roles.FollowerRole - RaftServer{raft-partition-2}{role=FOLLOWER} - Received AppendRequest{term=1, leader=1, prevLogIndex=1, prevLogTerm=1, entries=0, commitIndex=1}
21:52:05.068 [raft-server-raft-partition-2] TRACE i.a.p.raft.roles.FollowerRole - RaftServer{raft-partition-2}{role=FOLLOWER} - Received AppendRequest{term=1, leader=1, prevLogIndex=1, prevLogTerm=1, entries=0, commitIndex=1}
21:52:05.068 [raft-server-raft-partition-2] TRACE i.a.p.raft.roles.FollowerRole - RaftServer{raft-partition-2}{role=FOLLOWER} - Sending AppendResponse{status=OK, term=1, succeeded=true, lastLogIndex=1}
21:52:05.068 [raft-server-raft-partition-2] TRACE i.a.p.raft.roles.FollowerRole - RaftServer{raft-partition-2}{role=FOLLOWER} - Sending AppendResponse{status=OK, term=1, succeeded=true, lastLogIndex=1}
21:52:05.068 [raft-server-raft-partition-2] TRACE i.a.p.raft.roles.LeaderAppender - RaftServer{raft-partition-2} - Received AppendResponse{status=OK, term=1, succeeded=true, lastLogIndex=1} from 2
21:52:05.068 [raft-server-raft-partition-2] TRACE i.a.p.raft.roles.LeaderAppender - RaftServer{raft-partition-2} - Sending AppendRequest{term=1, leader=1, prevLogIndex=1, prevLogTerm=1, entries=0, commitIndex=1} to 2
21:52:05.068 [raft-server-raft-partition-2] TRACE i.a.p.raft.roles.LeaderAppender - RaftServer{raft-partition-2} - Received AppendResponse{status=OK, term=1, succeeded=true, lastLogIndex=1} from 3
21:52:05.068 [raft-server-raft-partition-2] TRACE i.a.p.raft.roles.FollowerRole - RaftServer{raft-partition-2}{role=FOLLOWER} - Received AppendRequest{term=1, leader=1, prevLogIndex=1, prevLogTerm=1, entries=0, commitIndex=1}
21:52:05.069 [raft-server-raft-partition-2] TRACE i.a.p.raft.roles.FollowerRole - RaftServer{raft-partition-2}{role=FOLLOWER} - Sending AppendResponse{status=OK, term=1, succeeded=true, lastLogIndex=1}
21:52:05.069 [raft-server-raft-partition-2] TRACE i.a.p.raft.roles.LeaderAppender - RaftServer{raft-partition-2} - Received AppendResponse{status=OK, term=1, succeeded=true, lastLogIndex=1} from 2
21:52:05.074 [raft-server-raft-partition-5] DEBUG i.a.protocols.raft.impl.RaftContext - RaftServer{raft-partition-5} - Set term 1
21:52:05.074 [raft-server-raft-partition-5] TRACE i.a.p.raft.storage.system.MetaStore - Store vote 1
21:52:05.076 [raft-server-raft-partition-6] TRACE i.a.p.raft.roles.LeaderAppender - RaftServer{raft-partition-6} - Sending AppendRequest{term=1, leader=1, prevLogIndex=1, prevLogTerm=1, entries=0, commitIndex=1} to 2
21:52:05.076 [raft-server-raft-partition-6] TRACE i.a.p.raft.roles.LeaderAppender - RaftServer{raft-partition-6} - Sending AppendRequest{term=1, leader=1, prevLogIndex=1, prevLogTerm=1, entries=0, commitIndex=1} to 3
21:52:05.076 [raft-server-raft-partition-6] TRACE i.a.p.raft.roles.FollowerRole - RaftServer{raft-partition-6}{role=FOLLOWER} - Received AppendRequest{term=1, leader=1, prevLogIndex=1, prevLogTerm=1, entries=0, commitIndex=1}
21:52:05.076 [raft-server-raft-partition-6] TRACE i.a.p.raft.roles.FollowerRole - RaftServer{raft-partition-6}{role=FOLLOWER} - Received AppendRequest{term=1, leader=1, prevLogIndex=1, prevLogTerm=1, entries=0, commitIndex=1}
21:52:05.076 [raft-server-raft-partition-6] TRACE i.a.p.raft.roles.FollowerRole - RaftServer{raft-partition-6}{role=FOLLOWER} - Sending AppendResponse{status=OK, term=1, succeeded=true, lastLogIndex=1}
21:52:05.076 [raft-server-raft-partition-6] TRACE i.a.p.raft.roles.LeaderAppender - RaftServer{raft-partition-6} - Received AppendResponse{status=OK, term=1, succeeded=true, lastLogIndex=1} from 3
21:52:05.076 [raft-server-raft-partition-6] TRACE i.a.p.raft.roles.LeaderAppender - RaftServer{raft-partition-6} - Sending AppendRequest{term=1, leader=1, prevLogIndex=1, prevLogTerm=1, entries=0, commitIndex=1} to 3
21:52:05.077 [raft-server-raft-partition-6] TRACE i.a.p.raft.roles.FollowerRole - RaftServer{raft-partition-6}{role=FOLLOWER} - Received AppendRequest{term=1, leader=1, prevLogIndex=1, prevLogTerm=1, entries=0, commitIndex=1}
21:52:05.077 [raft-server-raft-partition-6] TRACE i.a.p.raft.roles.FollowerRole - RaftServer{raft-partition-6}{role=FOLLOWER} - Sending AppendResponse{status=OK, term=1, succeeded=true, lastLogIndex=1}
21:52:05.077 [raft-server-raft-partition-6] TRACE i.a.p.raft.roles.LeaderAppender - RaftServer{raft-partition-6} - Received AppendResponse{status=OK, term=1, succeeded=true, lastLogIndex=1} from 3
21:52:05.077 [raft-server-raft-partition-6] TRACE i.a.p.raft.roles.LeaderAppender - RaftServer{raft-partition-6} - Sending AppendRequest{term=1, leader=1, prevLogIndex=1, prevLogTerm=1, entries=0, commitIndex=1} to 3
21:52:05.077 [raft-server-raft-partition-6] TRACE i.a.p.raft.roles.FollowerRole - RaftServer{raft-partition-6}{role=FOLLOWER} - Received AppendRequest{term=1, leader=1, prevLogIndex=1, prevLogTerm=1, entries=0, commitIndex=1}
21:52:05.077 [raft-server-raft-partition-6] TRACE i.a.p.raft.roles.FollowerRole - RaftServer{raft-partition-6}{role=FOLLOWER} - Sending AppendResponse{status=OK, term=1, succeeded=true, lastLogIndex=1}
21:52:05.077 [raft-server-raft-partition-6] TRACE i.a.p.raft.roles.LeaderAppender - RaftServer{raft-partition-6} - Received AppendResponse{status=OK, term=1, succeeded=true, lastLogIndex=1} from 3
21:52:05.099 [raft-server-raft-partition-5] DEBUG i.a.protocols.raft.impl.RaftContext - RaftServer{raft-partition-5} - Voted for 3
21:52:05.099 [raft-server-raft-partition-5] DEBUG i.a.p.raft.roles.CandidateRole - RaftServer{raft-partition-5}{role=CANDIDATE} - Requesting votes for term 1
21:52:05.099 [raft-server-raft-partition-5] DEBUG i.a.p.raft.roles.CandidateRole - RaftServer{raft-partition-5}{role=CANDIDATE} - Requesting vote from DefaultRaftMember{id=1, type=ACTIVE, updated=2018-06-10T19:52:01.041Z} for term 1
21:52:05.099 [raft-server-raft-partition-5] DEBUG i.a.p.raft.roles.CandidateRole - RaftServer{raft-partition-5}{role=CANDIDATE} - Requesting vote from DefaultRaftMember{id=2, type=ACTIVE, updated=2018-06-10T19:52:01.041Z} for term 1
21:52:05.100 [raft-server-raft-partition-5] TRACE i.a.p.raft.roles.CandidateRole - RaftServer{raft-partition-5}{role=CANDIDATE} - Received PollRequest{term=0, candidate=1, lastLogIndex=0, lastLogTerm=0}
21:52:05.100 [raft-server-raft-partition-5] DEBUG i.a.p.raft.roles.CandidateRole - RaftServer{raft-partition-5}{role=CANDIDATE} - Rejected PollRequest{term=0, candidate=1, lastLogIndex=0, lastLogTerm=0}: candidate's term is less than the current term
21:52:05.100 [raft-server-raft-partition-5] TRACE i.a.p.raft.roles.CandidateRole - RaftServer{raft-partition-5}{role=CANDIDATE} - Sending PollResponse{status=OK, term=1, accepted=false}
21:52:05.100 [raft-server-raft-partition-5] TRACE i.a.p.raft.roles.FollowerRole - RaftServer{raft-partition-5}{role=FOLLOWER} - Received VoteRequest{term=1, candidate=3, lastLogIndex=0, lastLogTerm=0}
21:52:05.100 [raft-server-raft-partition-5] TRACE i.a.p.raft.storage.system.MetaStore - Store term 1
21:52:05.132 [raft-server-raft-partition-5] DEBUG i.a.protocols.raft.impl.RaftContext - RaftServer{raft-partition-5} - Voted for 1
21:52:05.132 [raft-server-raft-partition-5] TRACE i.a.p.raft.storage.system.MetaStore - Store vote null
21:52:05.132 [raft-server-raft-partition-5] DEBUG i.a.p.raft.roles.CandidateRole - RaftServer{raft-partition-5}{role=CANDIDATE} - Requesting votes for term 1
21:52:05.132 [raft-server-raft-partition-6] TRACE i.a.p.raft.roles.FollowerRole - RaftServer{raft-partition-6}{role=FOLLOWER} - Committed entries up to index 1
21:52:05.132 [raft-server-raft-partition-5] DEBUG i.a.p.raft.roles.CandidateRole - RaftServer{raft-partition-5}{role=CANDIDATE} - Requesting vote from DefaultRaftMember{id=2, type=ACTIVE, updated=2018-06-10T19:52:01.041Z} for term 1
21:52:05.132 [raft-server-raft-partition-6] TRACE i.a.p.raft.roles.FollowerRole - RaftServer{raft-partition-6}{role=FOLLOWER} - Sending AppendResponse{status=OK, term=1, succeeded=true, lastLogIndex=1}
21:52:05.132 [raft-server-raft-partition-5] DEBUG i.a.p.raft.roles.CandidateRole - RaftServer{raft-partition-5}{role=CANDIDATE} - Requesting vote from DefaultRaftMember{id=3, type=ACTIVE, updated=2018-06-10T19:52:01.041Z} for term 1
21:52:05.132 [raft-server-raft-partition-5] TRACE i.a.p.raft.roles.CandidateRole - RaftServer{raft-partition-5}{role=CANDIDATE} - Received VoteRequest{term=1, candidate=3, lastLogIndex=0, lastLogTerm=0}
21:52:05.132 [raft-server-raft-partition-6-state] TRACE i.a.p.raft.impl.RaftServiceManager - RaftServer{raft-partition-6} - Applying Indexed{index=1, entry=InitializeEntry{term=1, timestamp=2018-06-10 09:52:04,800}}
21:52:05.132 [raft-server-raft-partition-5] TRACE i.a.p.raft.roles.CandidateRole - RaftServer{raft-partition-5}{role=CANDIDATE} - Sending VoteResponse{status=OK, term=1, voted=false}
21:52:05.132 [raft-server-raft-partition-6] TRACE i.a.p.raft.roles.LeaderAppender - RaftServer{raft-partition-6} - Received AppendResponse{status=OK, term=1, succeeded=true, lastLogIndex=1} from 2
21:52:05.132 [raft-server-raft-partition-5] TRACE i.a.p.raft.roles.CandidateRole - RaftServer{raft-partition-5}{role=CANDIDATE} - Received VoteRequest{term=1, candidate=1, lastLogIndex=0, lastLogTerm=0}
21:52:05.132 [raft-server-raft-partition-5] TRACE i.a.p.raft.roles.CandidateRole - RaftServer{raft-partition-5}{role=CANDIDATE} - Sending VoteResponse{status=OK, term=1, voted=false}
21:52:05.132 [raft-server-raft-partition-5] DEBUG i.a.p.raft.roles.CandidateRole - RaftServer{raft-partition-5}{role=CANDIDATE} - Received rejected vote from DefaultRaftMember{id=1, type=ACTIVE, updated=2018-06-10T19:52:01.041Z}
21:52:05.133 [raft-server-raft-partition-5] DEBUG i.a.p.raft.roles.CandidateRole - RaftServer{raft-partition-5}{role=CANDIDATE} - Received rejected vote from DefaultRaftMember{id=3, type=ACTIVE, updated=2018-06-10T19:52:01.041Z}
21:52:05.134 [raft-server-raft-partition-1] TRACE i.a.p.raft.roles.LeaderAppender - RaftServer{raft-partition-1} - Sending AppendRequest{term=1, leader=2, prevLogIndex=1, prevLogTerm=1, entries=0, commitIndex=1} to 3
21:52:05.135 [raft-server-raft-partition-1] TRACE i.a.p.raft.roles.FollowerRole - RaftServer{raft-partition-1}{role=FOLLOWER} - Received AppendRequest{term=1, leader=2, prevLogIndex=1, prevLogTerm=1, entries=0, commitIndex=1}
21:52:05.135 [raft-server-raft-partition-1] TRACE i.a.p.raft.roles.FollowerRole - RaftServer{raft-partition-1}{role=FOLLOWER} - Sending AppendResponse{status=OK, term=1, succeeded=true, lastLogIndex=1}
21:52:05.135 [raft-server-raft-partition-1] TRACE i.a.p.raft.roles.LeaderAppender - RaftServer{raft-partition-1} - Received AppendResponse{status=OK, term=1, succeeded=true, lastLogIndex=1} from 3
21:52:05.135 [raft-server-raft-partition-1] TRACE i.a.p.raft.roles.LeaderAppender - RaftServer{raft-partition-1} - Sending AppendRequest{term=1, leader=2, prevLogIndex=1, prevLogTerm=1, entries=0, commitIndex=1} to 3
21:52:05.135 [raft-server-raft-partition-1] TRACE i.a.p.raft.roles.FollowerRole - RaftServer{raft-partition-1}{role=FOLLOWER} - Received AppendRequest{term=1, leader=2, prevLogIndex=1, prevLogTerm=1, entries=0, commitIndex=1}
21:52:05.135 [raft-server-raft-partition-1] TRACE i.a.p.raft.roles.FollowerRole - RaftServer{raft-partition-1}{role=FOLLOWER} - Sending AppendResponse{status=OK, term=1, succeeded=true, lastLogIndex=1}
21:52:05.136 [raft-server-raft-partition-1] TRACE i.a.p.raft.roles.LeaderAppender - RaftServer{raft-partition-1} - Received AppendResponse{status=OK, term=1, succeeded=true, lastLogIndex=1} from 3
21:52:05.157 [raft-server-raft-partition-5] DEBUG i.a.protocols.raft.impl.RaftContext - RaftServer{raft-partition-5} - Set term 1
21:52:05.158 [raft-server-raft-partition-5] DEBUG i.a.p.raft.roles.FollowerRole - RaftServer{raft-partition-5}{role=FOLLOWER} - Accepted VoteRequest{term=1, candidate=3, lastLogIndex=0, lastLogTerm=0}: candidate's log is up-to-date
21:52:05.158 [raft-server-raft-partition-5] TRACE i.a.p.raft.storage.system.MetaStore - Store vote 3
21:52:05.167 [raft-server-system-partition-1] TRACE i.a.p.raft.roles.LeaderAppender - RaftServer{system-partition-1} - Sending AppendRequest{term=1, leader=1, prevLogIndex=13, prevLogTerm=1, entries=0, commitIndex=13} to 2
21:52:05.167 [raft-server-system-partition-1] TRACE i.a.p.raft.roles.LeaderAppender - RaftServer{system-partition-1} - Sending AppendRequest{term=1, leader=1, prevLogIndex=13, prevLogTerm=1, entries=0, commitIndex=13} to 3
21:52:05.167 [raft-server-system-partition-1] TRACE i.a.p.raft.roles.FollowerRole - RaftServer{system-partition-1}{role=FOLLOWER} - Received AppendRequest{term=1, leader=1, prevLogIndex=13, prevLogTerm=1, entries=0, commitIndex=13}
21:52:05.167 [raft-server-system-partition-1] TRACE i.a.p.raft.roles.FollowerRole - RaftServer{system-partition-1}{role=FOLLOWER} - Received AppendRequest{term=1, leader=1, prevLogIndex=13, prevLogTerm=1, entries=0, commitIndex=13}
21:52:05.168 [raft-server-system-partition-1] TRACE i.a.p.raft.roles.FollowerRole - RaftServer{system-partition-1}{role=FOLLOWER} - Sending AppendResponse{status=OK, term=1, succeeded=true, lastLogIndex=13}
21:52:05.168 [raft-server-system-partition-1] TRACE i.a.p.raft.roles.FollowerRole - RaftServer{system-partition-1}{role=FOLLOWER} - Sending AppendResponse{status=OK, term=1, succeeded=true, lastLogIndex=13}
21:52:05.168 [raft-server-system-partition-1] TRACE i.a.p.raft.roles.LeaderAppender - RaftServer{system-partition-1} - Received AppendResponse{status=OK, term=1, succeeded=true, lastLogIndex=13} from 2
21:52:05.168 [raft-server-system-partition-1] TRACE i.a.p.raft.roles.LeaderAppender - RaftServer{system-partition-1} - Sending AppendRequest{term=1, leader=1, prevLogIndex=13, prevLogTerm=1, entries=0, commitIndex=13} to 2
21:52:05.168 [raft-server-system-partition-1] TRACE i.a.p.raft.roles.LeaderAppender - RaftServer{system-partition-1} - Received AppendResponse{status=OK, term=1, succeeded=true, lastLogIndex=13} from 3
21:52:05.168 [raft-server-system-partition-1] TRACE i.a.p.raft.roles.LeaderAppender - RaftServer{system-partition-1} - Sending AppendRequest{term=1, leader=1, prevLogIndex=13, prevLogTerm=1, entries=0, commitIndex=13} to 3
21:52:05.168 [raft-server-system-partition-1] TRACE i.a.p.raft.roles.FollowerRole - RaftServer{system-partition-1}{role=FOLLOWER} - Received AppendRequest{term=1, leader=1, prevLogIndex=13, prevLogTerm=1, entries=0, commitIndex=13}
21:52:05.168 [raft-server-system-partition-1] TRACE i.a.p.raft.roles.FollowerRole - RaftServer{system-partition-1}{role=FOLLOWER} - Sending AppendResponse{status=OK, term=1, succeeded=true, lastLogIndex=13}
21:52:05.168 [raft-server-system-partition-1] TRACE i.a.p.raft.roles.FollowerRole - RaftServer{system-partition-1}{role=FOLLOWER} - Received AppendRequest{term=1, leader=1, prevLogIndex=13, prevLogTerm=1, entries=0, commitIndex=13}
21:52:05.168 [raft-server-system-partition-1] TRACE i.a.p.raft.roles.FollowerRole - RaftServer{system-partition-1}{role=FOLLOWER} - Sending AppendResponse{status=OK, term=1, succeeded=true, lastLogIndex=13}
21:52:05.168 [raft-server-system-partition-1] TRACE i.a.p.raft.roles.LeaderAppender - RaftServer{system-partition-1} - Received AppendResponse{status=OK, term=1, succeeded=true, lastLogIndex=13} from 2
21:52:05.168 [raft-server-system-partition-1] TRACE i.a.p.raft.roles.LeaderAppender - RaftServer{system-partition-1} - Received AppendResponse{status=OK, term=1, succeeded=true, lastLogIndex=13} from 3
21:52:05.182 [raft-server-raft-partition-5] DEBUG i.a.protocols.raft.impl.RaftContext - RaftServer{raft-partition-5} - Voted for 3
21:52:05.182 [raft-server-raft-partition-5] TRACE i.a.p.raft.roles.FollowerRole - RaftServer{raft-partition-5}{role=FOLLOWER} - Sending VoteResponse{status=OK, term=1, voted=true}
21:52:05.183 [raft-server-raft-partition-5] TRACE i.a.p.raft.roles.FollowerRole - RaftServer{raft-partition-5}{role=FOLLOWER} - Received VoteRequest{term=1, candidate=1, lastLogIndex=0, lastLogTerm=0}
21:52:05.183 [raft-server-raft-partition-5] DEBUG i.a.p.raft.roles.FollowerRole - RaftServer{raft-partition-5}{role=FOLLOWER} - Rejected VoteRequest{term=1, candidate=1, lastLogIndex=0, lastLogTerm=0}: already voted for 3
21:52:05.183 [raft-server-raft-partition-5] TRACE i.a.p.raft.roles.FollowerRole - RaftServer{raft-partition-5}{role=FOLLOWER} - Sending VoteResponse{status=OK, term=1, voted=false}
21:52:05.183 [raft-server-raft-partition-5] DEBUG i.a.p.raft.roles.CandidateRole - RaftServer{raft-partition-5}{role=CANDIDATE} - Received successful vote from DefaultRaftMember{id=2, type=ACTIVE, updated=2018-06-10T19:52:01.041Z}
21:52:05.183 [raft-server-raft-partition-5] INFO  i.a.protocols.raft.impl.RaftContext - RaftServer{raft-partition-5} - Transitioning to LEADER
21:52:05.183 [raft-server-raft-partition-5] DEBUG i.a.p.raft.roles.CandidateRole - RaftServer{raft-partition-5}{role=CANDIDATE} - Cancelling election
21:52:05.183 [raft-server-raft-partition-5] DEBUG i.a.p.raft.roles.CandidateRole - RaftServer{raft-partition-5}{role=CANDIDATE} - Received rejected vote from DefaultRaftMember{id=2, type=ACTIVE, updated=2018-06-10T19:52:01.041Z}
21:52:05.183 [raft-server-raft-partition-5] INFO  i.a.protocols.raft.impl.RaftContext - RaftServer{raft-partition-5} - Found leader 3
21:52:05.183 [raft-server-raft-partition-5] INFO  i.a.protocols.raft.impl.RaftContext - RaftServer{raft-partition-5} - Transitioning to FOLLOWER
21:52:05.183 [raft-server-raft-partition-5] TRACE i.a.p.raft.storage.system.MetaStore - Store vote null
21:52:05.183 [raft-server-raft-partition-5] DEBUG i.a.p.raft.roles.CandidateRole - RaftServer{raft-partition-5}{role=CANDIDATE} - Cancelling election
21:52:05.208 [raft-server-raft-partition-5] TRACE i.a.protocols.raft.roles.LeaderRole - RaftServer{raft-partition-5}{role=LEADER} - Appended Indexed{index=1, entry=InitializeEntry{term=1, timestamp=2018-06-10 09:52:05,183}}
21:52:05.208 [raft-server-raft-partition-5] DEBUG i.a.p.raft.roles.LeaderAppender - RaftServer{raft-partition-5} - Configuring 1
21:52:05.208 [raft-server-raft-partition-5] TRACE i.a.p.raft.roles.LeaderAppender - RaftServer{raft-partition-5} - Sending ConfigureRequest{term=1, leader=3, index=0, timestamp=1528660321041, members=[DefaultRaftMember{id=1, type=ACTIVE, updated=2018-06-10T19:52:01.041Z}, DefaultRaftMember{id=2, type=ACTIVE, updated=2018-06-10T19:52:01.041Z}, DefaultRaftMember{id=3, type=ACTIVE, updated=2018-06-10T19:52:01.041Z}]} to 1
21:52:05.208 [raft-server-raft-partition-5] DEBUG i.a.p.raft.roles.LeaderAppender - RaftServer{raft-partition-5} - Configuring 2
21:52:05.208 [raft-server-raft-partition-5] TRACE i.a.p.raft.roles.LeaderAppender - RaftServer{raft-partition-5} - Sending ConfigureRequest{term=1, leader=3, index=0, timestamp=1528660321041, members=[DefaultRaftMember{id=1, type=ACTIVE, updated=2018-06-10T19:52:01.041Z}, DefaultRaftMember{id=2, type=ACTIVE, updated=2018-06-10T19:52:01.041Z}, DefaultRaftMember{id=3, type=ACTIVE, updated=2018-06-10T19:52:01.041Z}]} to 2
21:52:05.208 [raft-server-raft-partition-5] TRACE i.a.protocols.raft.roles.LeaderRole - RaftServer{raft-partition-5}{role=LEADER} - Starting append timer
21:52:05.209 [raft-server-raft-partition-5] TRACE i.a.p.raft.roles.LeaderAppender - RaftServer{raft-partition-5} - Sending AppendRequest{term=1, leader=3, prevLogIndex=0, prevLogTerm=0, entries=0, commitIndex=0} to 1
21:52:05.209 [raft-server-raft-partition-5] TRACE i.a.p.raft.roles.LeaderAppender - RaftServer{raft-partition-5} - Sending AppendRequest{term=1, leader=3, prevLogIndex=0, prevLogTerm=0, entries=0, commitIndex=0} to 2
21:52:05.209 [raft-server-raft-partition-5] TRACE i.a.p.raft.roles.FollowerRole - RaftServer{raft-partition-5}{role=FOLLOWER} - Received ConfigureRequest{term=1, leader=3, index=0, timestamp=1528660321041, members=[DefaultRaftMember{id=1, type=ACTIVE, updated=2018-06-10T19:52:01.041Z}, DefaultRaftMember{id=2, type=ACTIVE, updated=2018-06-10T19:52:01.041Z}, DefaultRaftMember{id=3, type=ACTIVE, updated=2018-06-10T19:52:01.041Z}]}
21:52:05.209 [raft-server-raft-partition-5] TRACE i.a.p.raft.roles.FollowerRole - RaftServer{raft-partition-5}{role=FOLLOWER} - Received ConfigureRequest{term=1, leader=3, index=0, timestamp=1528660321041, members=[DefaultRaftMember{id=1, type=ACTIVE, updated=2018-06-10T19:52:01.041Z}, DefaultRaftMember{id=2, type=ACTIVE, updated=2018-06-10T19:52:01.041Z}, DefaultRaftMember{id=3, type=ACTIVE, updated=2018-06-10T19:52:01.041Z}]}
21:52:05.209 [raft-server-raft-partition-5] INFO  i.a.protocols.raft.impl.RaftContext - RaftServer{raft-partition-5} - Found leader 3
21:52:05.209 [raft-server-raft-partition-5] INFO  i.a.protocols.raft.impl.RaftContext - RaftServer{raft-partition-5} - Found leader 3
21:52:05.209 [raft-server-raft-partition-5] TRACE i.a.p.raft.storage.system.MetaStore - Store vote null
21:52:05.209 [raft-server-raft-partition-7] TRACE i.a.p.raft.roles.LeaderAppender - RaftServer{raft-partition-7} - Sending AppendRequest{term=1, leader=2, prevLogIndex=1, prevLogTerm=1, entries=0, commitIndex=1} to 1
21:52:05.209 [raft-server-raft-partition-5] TRACE i.a.p.raft.storage.system.MetaStore - Store vote null
21:52:05.209 [raft-server-raft-partition-7] TRACE i.a.p.raft.roles.LeaderAppender - RaftServer{raft-partition-7} - Sending AppendRequest{term=1, leader=2, prevLogIndex=1, prevLogTerm=1, entries=0, commitIndex=1} to 3
21:52:05.209 [raft-server-raft-partition-7] TRACE i.a.p.raft.roles.FollowerRole - RaftServer{raft-partition-7}{role=FOLLOWER} - Received AppendRequest{term=1, leader=2, prevLogIndex=1, prevLogTerm=1, entries=0, commitIndex=1}
21:52:05.209 [raft-server-raft-partition-7] TRACE i.a.p.raft.roles.FollowerRole - RaftServer{raft-partition-7}{role=FOLLOWER} - Received AppendRequest{term=1, leader=2, prevLogIndex=1, prevLogTerm=1, entries=0, commitIndex=1}
21:52:05.209 [raft-server-raft-partition-7] TRACE i.a.p.raft.roles.FollowerRole - RaftServer{raft-partition-7}{role=FOLLOWER} - Sending AppendResponse{status=OK, term=1, succeeded=true, lastLogIndex=1}
21:52:05.209 [raft-server-raft-partition-7] TRACE i.a.p.raft.roles.FollowerRole - RaftServer{raft-partition-7}{role=FOLLOWER} - Sending AppendResponse{status=OK, term=1, succeeded=true, lastLogIndex=1}
21:52:05.210 [raft-server-raft-partition-7] TRACE i.a.p.raft.roles.LeaderAppender - RaftServer{raft-partition-7} - Received AppendResponse{status=OK, term=1, succeeded=true, lastLogIndex=1} from 3
21:52:05.210 [raft-server-raft-partition-7] TRACE i.a.p.raft.roles.LeaderAppender - RaftServer{raft-partition-7} - Sending AppendRequest{term=1, leader=2, prevLogIndex=1, prevLogTerm=1, entries=0, commitIndex=1} to 3
21:52:05.210 [raft-server-raft-partition-7] TRACE i.a.p.raft.roles.LeaderAppender - RaftServer{raft-partition-7} - Received AppendResponse{status=OK, term=1, succeeded=true, lastLogIndex=1} from 1
21:52:05.210 [raft-server-raft-partition-7] TRACE i.a.p.raft.roles.LeaderAppender - RaftServer{raft-partition-7} - Sending AppendRequest{term=1, leader=2, prevLogIndex=1, prevLogTerm=1, entries=0, commitIndex=1} to 1
21:52:05.210 [raft-server-raft-partition-7] TRACE i.a.p.raft.roles.FollowerRole - RaftServer{raft-partition-7}{role=FOLLOWER} - Received AppendRequest{term=1, leader=2, prevLogIndex=1, prevLogTerm=1, entries=0, commitIndex=1}
21:52:05.210 [raft-server-raft-partition-7] TRACE i.a.p.raft.roles.FollowerRole - RaftServer{raft-partition-7}{role=FOLLOWER} - Sending AppendResponse{status=OK, term=1, succeeded=true, lastLogIndex=1}
21:52:05.210 [raft-server-raft-partition-7] TRACE i.a.p.raft.roles.FollowerRole - RaftServer{raft-partition-7}{role=FOLLOWER} - Received AppendRequest{term=1, leader=2, prevLogIndex=1, prevLogTerm=1, entries=0, commitIndex=1}
21:52:05.210 [raft-server-raft-partition-7] TRACE i.a.p.raft.roles.FollowerRole - RaftServer{raft-partition-7}{role=FOLLOWER} - Sending AppendResponse{status=OK, term=1, succeeded=true, lastLogIndex=1}
21:52:05.210 [raft-server-raft-partition-7] TRACE i.a.p.raft.roles.LeaderAppender - RaftServer{raft-partition-7} - Received AppendResponse{status=OK, term=1, succeeded=true, lastLogIndex=1} from 3
21:52:05.210 [raft-server-raft-partition-7] TRACE i.a.p.raft.roles.LeaderAppender - RaftServer{raft-partition-7} - Received AppendResponse{status=OK, term=1, succeeded=true, lastLogIndex=1} from 1
21:52:05.233 [raft-server-raft-partition-5] TRACE i.a.p.raft.roles.FollowerRole - RaftServer{raft-partition-5}{role=FOLLOWER} - Sending ConfigureResponse{status=OK}
21:52:05.233 [raft-server-raft-partition-5] TRACE i.a.p.raft.roles.FollowerRole - RaftServer{raft-partition-5}{role=FOLLOWER} - Received AppendRequest{term=1, leader=3, prevLogIndex=0, prevLogTerm=0, entries=0, commitIndex=0}
21:52:05.233 [raft-server-raft-partition-5] TRACE i.a.p.raft.roles.FollowerRole - RaftServer{raft-partition-5}{role=FOLLOWER} - Sending AppendResponse{status=OK, term=1, succeeded=true, lastLogIndex=0}
21:52:05.233 [raft-server-raft-partition-5] TRACE i.a.p.raft.roles.LeaderAppender - RaftServer{raft-partition-5} - Received ConfigureResponse{status=OK} from 1
21:52:05.233 [raft-server-raft-partition-5] TRACE i.a.p.raft.roles.LeaderAppender - RaftServer{raft-partition-5} - Received AppendResponse{status=OK, term=1, succeeded=true, lastLogIndex=0} from 1
21:52:05.233 [raft-server-raft-partition-5] TRACE i.a.p.raft.roles.LeaderAppender - RaftServer{raft-partition-5} - Sending AppendRequest{term=1, leader=3, prevLogIndex=0, prevLogTerm=0, entries=1, commitIndex=0} to 1
21:52:05.233 [raft-server-raft-partition-5] TRACE i.a.p.raft.roles.FollowerRole - RaftServer{raft-partition-5}{role=FOLLOWER} - Received AppendRequest{term=1, leader=3, prevLogIndex=0, prevLogTerm=0, entries=1, commitIndex=0}
21:52:05.233 [raft-server-raft-partition-5] DEBUG i.a.p.raft.roles.FollowerRole - RaftServer{raft-partition-5}{role=FOLLOWER} - Reset first index to 1
21:52:05.233 [raft-server-raft-partition-5] TRACE i.a.p.raft.roles.FollowerRole - RaftServer{raft-partition-5}{role=FOLLOWER} - Appended Indexed{index=1, entry=InitializeEntry{term=1, timestamp=2018-06-10 09:52:05,183}}
21:52:05.234 [raft-server-raft-partition-5] TRACE i.a.p.raft.roles.FollowerRole - RaftServer{raft-partition-5}{role=FOLLOWER} - Sending AppendResponse{status=OK, term=1, succeeded=true, lastLogIndex=1}
21:52:05.234 [raft-server-raft-partition-5] TRACE i.a.p.raft.roles.LeaderAppender - RaftServer{raft-partition-5} - Received AppendResponse{status=OK, term=1, succeeded=true, lastLogIndex=1} from 1
21:52:05.234 [raft-server-raft-partition-5] TRACE i.a.p.raft.roles.LeaderAppender - RaftServer{raft-partition-5} - Committed entries up to 1
21:52:05.243 [raft-server-raft-partition-4] TRACE i.a.p.raft.roles.LeaderAppender - RaftServer{raft-partition-4} - Sending AppendRequest{term=1, leader=1, prevLogIndex=1, prevLogTerm=1, entries=0, commitIndex=1} to 2
21:52:05.243 [raft-server-raft-partition-4] TRACE i.a.p.raft.roles.LeaderAppender - RaftServer{raft-partition-4} - Sending AppendRequest{term=1, leader=1, prevLogIndex=1, prevLogTerm=1, entries=0, commitIndex=1} to 3
21:52:05.243 [raft-server-raft-partition-4] TRACE i.a.p.raft.roles.FollowerRole - RaftServer{raft-partition-4}{role=FOLLOWER} - Received AppendRequest{term=1, leader=1, prevLogIndex=1, prevLogTerm=1, entries=0, commitIndex=1}
21:52:05.243 [raft-server-raft-partition-4] TRACE i.a.p.raft.roles.FollowerRole - RaftServer{raft-partition-4}{role=FOLLOWER} - Received AppendRequest{term=1, leader=1, prevLogIndex=1, prevLogTerm=1, entries=0, commitIndex=1}
21:52:05.243 [raft-server-raft-partition-4] TRACE i.a.p.raft.roles.FollowerRole - RaftServer{raft-partition-4}{role=FOLLOWER} - Sending AppendResponse{status=OK, term=1, succeeded=true, lastLogIndex=1}
21:52:05.243 [raft-server-raft-partition-4] TRACE i.a.p.raft.roles.FollowerRole - RaftServer{raft-partition-4}{role=FOLLOWER} - Sending AppendResponse{status=OK, term=1, succeeded=true, lastLogIndex=1}
21:52:05.244 [raft-server-raft-partition-4] TRACE i.a.p.raft.roles.LeaderAppender - RaftServer{raft-partition-4} - Received AppendResponse{status=OK, term=1, succeeded=true, lastLogIndex=1} from 2
21:52:05.244 [raft-server-raft-partition-4] TRACE i.a.p.raft.roles.LeaderAppender - RaftServer{raft-partition-4} - Sending AppendRequest{term=1, leader=1, prevLogIndex=1, prevLogTerm=1, entries=0, commitIndex=1} to 2
21:52:05.244 [raft-server-raft-partition-4] TRACE i.a.p.raft.roles.LeaderAppender - RaftServer{raft-partition-4} - Received AppendResponse{status=OK, term=1, succeeded=true, lastLogIndex=1} from 3
21:52:05.244 [raft-server-raft-partition-4] TRACE i.a.p.raft.roles.LeaderAppender - RaftServer{raft-partition-4} - Sending AppendRequest{term=1, leader=1, prevLogIndex=1, prevLogTerm=1, entries=0, commitIndex=1} to 3
21:52:05.244 [raft-server-raft-partition-4] TRACE i.a.p.raft.roles.FollowerRole - RaftServer{raft-partition-4}{role=FOLLOWER} - Received AppendRequest{term=1, leader=1, prevLogIndex=1, prevLogTerm=1, entries=0, commitIndex=1}
21:52:05.244 [raft-server-raft-partition-4] TRACE i.a.p.raft.roles.FollowerRole - RaftServer{raft-partition-4}{role=FOLLOWER} - Sending AppendResponse{status=OK, term=1, succeeded=true, lastLogIndex=1}
21:52:05.244 [raft-server-raft-partition-4] TRACE i.a.p.raft.roles.FollowerRole - RaftServer{raft-partition-4}{role=FOLLOWER} - Received AppendRequest{term=1, leader=1, prevLogIndex=1, prevLogTerm=1, entries=0, commitIndex=1}
21:52:05.244 [raft-server-raft-partition-4] TRACE i.a.p.raft.roles.FollowerRole - RaftServer{raft-partition-4}{role=FOLLOWER} - Sending AppendResponse{status=OK, term=1, succeeded=true, lastLogIndex=1}
21:52:05.244 [raft-server-raft-partition-4] TRACE i.a.p.raft.roles.LeaderAppender - RaftServer{raft-partition-4} - Received AppendResponse{status=OK, term=1, succeeded=true, lastLogIndex=1} from 2
21:52:05.244 [raft-server-raft-partition-4] TRACE i.a.p.raft.roles.LeaderAppender - RaftServer{raft-partition-4} - Received AppendResponse{status=OK, term=1, succeeded=true, lastLogIndex=1} from 3
21:52:05.265 [raft-server-raft-partition-5] TRACE i.a.p.raft.roles.FollowerRole - RaftServer{raft-partition-5}{role=FOLLOWER} - Sending ConfigureResponse{status=OK}
21:52:05.265 [raft-server-raft-partition-5] TRACE i.a.p.raft.roles.FollowerRole - RaftServer{raft-partition-5}{role=FOLLOWER} - Received AppendRequest{term=1, leader=3, prevLogIndex=0, prevLogTerm=0, entries=0, commitIndex=0}
21:52:05.265 [raft-server-raft-partition-5] TRACE i.a.p.raft.roles.FollowerRole - RaftServer{raft-partition-5}{role=FOLLOWER} - Sending AppendResponse{status=OK, term=1, succeeded=true, lastLogIndex=0}
21:52:05.291 [raft-server-raft-partition-5] TRACE i.a.p.raft.roles.LeaderAppender - RaftServer{raft-partition-5} - Received ConfigureResponse{status=OK} from 2
21:52:05.291 [raft-server-raft-partition-5] TRACE i.a.p.raft.roles.LeaderAppender - RaftServer{raft-partition-5} - Received AppendResponse{status=OK, term=1, succeeded=true, lastLogIndex=0} from 2
21:52:05.291 [raft-server-raft-partition-5] TRACE i.a.p.raft.roles.LeaderAppender - RaftServer{raft-partition-5} - Sending AppendRequest{term=1, leader=3, prevLogIndex=0, prevLogTerm=0, entries=1, commitIndex=1} to 2
21:52:05.291 [raft-server-raft-partition-5-state] TRACE i.a.p.raft.impl.RaftServiceManager - RaftServer{raft-partition-5} - Applying Indexed{index=1, entry=InitializeEntry{term=1, timestamp=2018-06-10 09:52:05,183}}
21:52:05.291 [raft-server-raft-partition-5] TRACE i.a.p.raft.roles.FollowerRole - RaftServer{raft-partition-5}{role=FOLLOWER} - Received AppendRequest{term=1, leader=3, prevLogIndex=0, prevLogTerm=0, entries=1, commitIndex=1}
21:52:05.291 [raft-server-raft-partition-5] DEBUG i.a.p.raft.roles.FollowerRole - RaftServer{raft-partition-5}{role=FOLLOWER} - Reset first index to 1
21:52:05.291 [raft-server-raft-partition-5] TRACE i.a.p.raft.roles.FollowerRole - RaftServer{raft-partition-5}{role=FOLLOWER} - Appended Indexed{index=1, entry=InitializeEntry{term=1, timestamp=2018-06-10 09:52:05,183}}
21:52:05.317 [raft-server-raft-partition-2] TRACE i.a.p.raft.roles.LeaderAppender - RaftServer{raft-partition-2} - Sending AppendRequest{term=1, leader=1, prevLogIndex=1, prevLogTerm=1, entries=0, commitIndex=1} to 2
21:52:05.318 [raft-server-raft-partition-2] TRACE i.a.p.raft.roles.LeaderAppender - RaftServer{raft-partition-2} - Sending AppendRequest{term=1, leader=1, prevLogIndex=1, prevLogTerm=1, entries=0, commitIndex=1} to 3
21:52:05.318 [raft-server-raft-partition-2] TRACE i.a.p.raft.roles.FollowerRole - RaftServer{raft-partition-2}{role=FOLLOWER} - Received AppendRequest{term=1, leader=1, prevLogIndex=1, prevLogTerm=1, entries=0, commitIndex=1}
21:52:05.318 [raft-server-raft-partition-2] TRACE i.a.p.raft.roles.FollowerRole - RaftServer{raft-partition-2}{role=FOLLOWER} - Received AppendRequest{term=1, leader=1, prevLogIndex=1, prevLogTerm=1, entries=0, commitIndex=1}
21:52:05.318 [raft-server-raft-partition-2] TRACE i.a.p.raft.roles.FollowerRole - RaftServer{raft-partition-2}{role=FOLLOWER} - Sending AppendResponse{status=OK, term=1, succeeded=true, lastLogIndex=1}
21:52:05.318 [raft-server-raft-partition-2] TRACE i.a.p.raft.roles.FollowerRole - RaftServer{raft-partition-2}{role=FOLLOWER} - Sending AppendResponse{status=OK, term=1, succeeded=true, lastLogIndex=1}
21:52:05.318 [raft-server-raft-partition-2] TRACE i.a.p.raft.roles.LeaderAppender - RaftServer{raft-partition-2} - Received AppendResponse{status=OK, term=1, succeeded=true, lastLogIndex=1} from 3
21:52:05.318 [raft-server-raft-partition-2] TRACE i.a.p.raft.roles.LeaderAppender - RaftServer{raft-partition-2} - Received AppendResponse{status=OK, term=1, succeeded=true, lastLogIndex=1} from 2
21:52:05.324 [raft-server-raft-partition-5] TRACE i.a.p.raft.roles.FollowerRole - RaftServer{raft-partition-5}{role=FOLLOWER} - Committed entries up to index 1
21:52:05.324 [raft-server-raft-partition-5] TRACE i.a.p.raft.roles.FollowerRole - RaftServer{raft-partition-5}{role=FOLLOWER} - Sending AppendResponse{status=OK, term=1, succeeded=true, lastLogIndex=1}
21:52:05.324 [raft-server-raft-partition-5-state] TRACE i.a.p.raft.impl.RaftServiceManager - RaftServer{raft-partition-5} - Applying Indexed{index=1, entry=InitializeEntry{term=1, timestamp=2018-06-10 09:52:05,183}}
21:52:05.324 [raft-server-raft-partition-5] TRACE i.a.p.raft.roles.LeaderAppender - RaftServer{raft-partition-5} - Received AppendResponse{status=OK, term=1, succeeded=true, lastLogIndex=1} from 2
21:52:05.326 [raft-server-raft-partition-6] TRACE i.a.p.raft.roles.LeaderAppender - RaftServer{raft-partition-6} - Sending AppendRequest{term=1, leader=1, prevLogIndex=1, prevLogTerm=1, entries=0, commitIndex=1} to 2
21:52:05.326 [raft-server-raft-partition-6] TRACE i.a.p.raft.roles.LeaderAppender - RaftServer{raft-partition-6} - Sending AppendRequest{term=1, leader=1, prevLogIndex=1, prevLogTerm=1, entries=0, commitIndex=1} to 3
21:52:05.326 [raft-server-raft-partition-6] TRACE i.a.p.raft.roles.FollowerRole - RaftServer{raft-partition-6}{role=FOLLOWER} - Received AppendRequest{term=1, leader=1, prevLogIndex=1, prevLogTerm=1, entries=0, commitIndex=1}
21:52:05.326 [raft-server-raft-partition-6] TRACE i.a.p.raft.roles.FollowerRole - RaftServer{raft-partition-6}{role=FOLLOWER} - Received AppendRequest{term=1, leader=1, prevLogIndex=1, prevLogTerm=1, entries=0, commitIndex=1}
21:52:05.326 [raft-server-raft-partition-6] TRACE i.a.p.raft.roles.FollowerRole - RaftServer{raft-partition-6}{role=FOLLOWER} - Sending AppendResponse{status=OK, term=1, succeeded=true, lastLogIndex=1}
21:52:05.326 [raft-server-raft-partition-6] TRACE i.a.p.raft.roles.FollowerRole - RaftServer{raft-partition-6}{role=FOLLOWER} - Sending AppendResponse{status=OK, term=1, succeeded=true, lastLogIndex=1}
21:52:05.326 [raft-server-raft-partition-6] TRACE i.a.p.raft.roles.LeaderAppender - RaftServer{raft-partition-6} - Received AppendResponse{status=OK, term=1, succeeded=true, lastLogIndex=1} from 2
21:52:05.326 [raft-server-raft-partition-6] TRACE i.a.p.raft.roles.LeaderAppender - RaftServer{raft-partition-6} - Sending AppendRequest{term=1, leader=1, prevLogIndex=1, prevLogTerm=1, entries=0, commitIndex=1} to 2
21:52:05.326 [raft-server-raft-partition-6] TRACE i.a.p.raft.roles.LeaderAppender - RaftServer{raft-partition-6} - Received AppendResponse{status=OK, term=1, succeeded=true, lastLogIndex=1} from 3
21:52:05.326 [raft-server-raft-partition-6] TRACE i.a.p.raft.roles.LeaderAppender - RaftServer{raft-partition-6} - Sending AppendRequest{term=1, leader=1, prevLogIndex=1, prevLogTerm=1, entries=0, commitIndex=1} to 3
21:52:05.327 [raft-server-raft-partition-6] TRACE i.a.p.raft.roles.FollowerRole - RaftServer{raft-partition-6}{role=FOLLOWER} - Received AppendRequest{term=1, leader=1, prevLogIndex=1, prevLogTerm=1, entries=0, commitIndex=1}
21:52:05.327 [raft-server-raft-partition-6] TRACE i.a.p.raft.roles.FollowerRole - RaftServer{raft-partition-6}{role=FOLLOWER} - Received AppendRequest{term=1, leader=1, prevLogIndex=1, prevLogTerm=1, entries=0, commitIndex=1}
21:52:05.327 [raft-server-raft-partition-6] TRACE i.a.p.raft.roles.FollowerRole - RaftServer{raft-partition-6}{role=FOLLOWER} - Sending AppendResponse{status=OK, term=1, succeeded=true, lastLogIndex=1}
21:52:05.327 [raft-server-raft-partition-6] TRACE i.a.p.raft.roles.FollowerRole - RaftServer{raft-partition-6}{role=FOLLOWER} - Sending AppendResponse{status=OK, term=1, succeeded=true, lastLogIndex=1}
21:52:05.327 [raft-server-raft-partition-6] TRACE i.a.p.raft.roles.LeaderAppender - RaftServer{raft-partition-6} - Received AppendResponse{status=OK, term=1, succeeded=true, lastLogIndex=1} from 2
21:52:05.327 [raft-server-raft-partition-6] TRACE i.a.p.raft.roles.LeaderAppender - RaftServer{raft-partition-6} - Sending AppendRequest{term=1, leader=1, prevLogIndex=1, prevLogTerm=1, entries=0, commitIndex=1} to 2
21:52:05.327 [raft-server-raft-partition-6] TRACE i.a.p.raft.roles.LeaderAppender - RaftServer{raft-partition-6} - Received AppendResponse{status=OK, term=1, succeeded=true, lastLogIndex=1} from 3
21:52:05.327 [raft-server-raft-partition-6] TRACE i.a.p.raft.roles.LeaderAppender - RaftServer{raft-partition-6} - Sending AppendRequest{term=1, leader=1, prevLogIndex=1, prevLogTerm=1, entries=0, commitIndex=1} to 3
21:52:05.327 [raft-server-raft-partition-6] TRACE i.a.p.raft.roles.FollowerRole - RaftServer{raft-partition-6}{role=FOLLOWER} - Received AppendRequest{term=1, leader=1, prevLogIndex=1, prevLogTerm=1, entries=0, commitIndex=1}
21:52:05.327 [raft-server-raft-partition-6] TRACE i.a.p.raft.roles.FollowerRole - RaftServer{raft-partition-6}{role=FOLLOWER} - Sending AppendResponse{status=OK, term=1, succeeded=true, lastLogIndex=1}
21:52:05.327 [raft-server-raft-partition-6] TRACE i.a.p.raft.roles.FollowerRole - RaftServer{raft-partition-6}{role=FOLLOWER} - Received AppendRequest{term=1, leader=1, prevLogIndex=1, prevLogTerm=1, entries=0, commitIndex=1}
21:52:05.327 [raft-server-raft-partition-6] TRACE i.a.p.raft.roles.FollowerRole - RaftServer{raft-partition-6}{role=FOLLOWER} - Sending AppendResponse{status=OK, term=1, succeeded=true, lastLogIndex=1}
21:52:05.327 [raft-server-raft-partition-6] TRACE i.a.p.raft.roles.LeaderAppender - RaftServer{raft-partition-6} - Received AppendResponse{status=OK, term=1, succeeded=true, lastLogIndex=1} from 2
21:52:05.328 [raft-server-raft-partition-6] TRACE i.a.p.raft.roles.LeaderAppender - RaftServer{raft-partition-6} - Received AppendResponse{status=OK, term=1, succeeded=true, lastLogIndex=1} from 3
21:52:05.384 [raft-server-raft-partition-1] TRACE i.a.p.raft.roles.LeaderAppender - RaftServer{raft-partition-1} - Sending AppendRequest{term=1, leader=2, prevLogIndex=1, prevLogTerm=1, entries=0, commitIndex=1} to 3
21:52:05.385 [raft-server-raft-partition-1] TRACE i.a.p.raft.roles.FollowerRole - RaftServer{raft-partition-1}{role=FOLLOWER} - Received AppendRequest{term=1, leader=2, prevLogIndex=1, prevLogTerm=1, entries=0, commitIndex=1}
21:52:05.385 [raft-server-raft-partition-1] TRACE i.a.p.raft.roles.FollowerRole - RaftServer{raft-partition-1}{role=FOLLOWER} - Sending AppendResponse{status=OK, term=1, succeeded=true, lastLogIndex=1}
21:52:05.385 [raft-server-raft-partition-1] TRACE i.a.p.raft.roles.LeaderAppender - RaftServer{raft-partition-1} - Received AppendResponse{status=OK, term=1, succeeded=true, lastLogIndex=1} from 3
21:52:05.385 [raft-server-raft-partition-1] TRACE i.a.p.raft.roles.LeaderAppender - RaftServer{raft-partition-1} - Sending AppendRequest{term=1, leader=2, prevLogIndex=1, prevLogTerm=1, entries=0, commitIndex=1} to 3
21:52:05.385 [raft-server-raft-partition-1] TRACE i.a.p.raft.roles.FollowerRole - RaftServer{raft-partition-1}{role=FOLLOWER} - Received AppendRequest{term=1, leader=2, prevLogIndex=1, prevLogTerm=1, entries=0, commitIndex=1}
21:52:05.386 [raft-server-raft-partition-1] TRACE i.a.p.raft.roles.FollowerRole - RaftServer{raft-partition-1}{role=FOLLOWER} - Sending AppendResponse{status=OK, term=1, succeeded=true, lastLogIndex=1}
21:52:05.386 [raft-server-raft-partition-1] TRACE i.a.p.raft.roles.LeaderAppender - RaftServer{raft-partition-1} - Received AppendResponse{status=OK, term=1, succeeded=true, lastLogIndex=1} from 3
21:52:05.417 [raft-server-system-partition-1] TRACE i.a.p.raft.roles.LeaderAppender - RaftServer{system-partition-1} - Sending AppendRequest{term=1, leader=1, prevLogIndex=13, prevLogTerm=1, entries=0, commitIndex=13} to 2
21:52:05.417 [raft-server-system-partition-1] TRACE i.a.p.raft.roles.LeaderAppender - RaftServer{system-partition-1} - Sending AppendRequest{term=1, leader=1, prevLogIndex=13, prevLogTerm=1, entries=0, commitIndex=13} to 3
21:52:05.418 [raft-server-system-partition-1] TRACE i.a.p.raft.roles.FollowerRole - RaftServer{system-partition-1}{role=FOLLOWER} - Received AppendRequest{term=1, leader=1, prevLogIndex=13, prevLogTerm=1, entries=0, commitIndex=13}
21:52:05.418 [raft-server-system-partition-1] TRACE i.a.p.raft.roles.FollowerRole - RaftServer{system-partition-1}{role=FOLLOWER} - Sending AppendResponse{status=OK, term=1, succeeded=true, lastLogIndex=13}
21:52:05.418 [raft-server-system-partition-1] TRACE i.a.p.raft.roles.FollowerRole - RaftServer{system-partition-1}{role=FOLLOWER} - Received AppendRequest{term=1, leader=1, prevLogIndex=13, prevLogTerm=1, entries=0, commitIndex=13}
21:52:05.418 [raft-server-system-partition-1] TRACE i.a.p.raft.roles.FollowerRole - RaftServer{system-partition-1}{role=FOLLOWER} - Sending AppendResponse{status=OK, term=1, succeeded=true, lastLogIndex=13}
21:52:05.418 [raft-server-system-partition-1] TRACE i.a.p.raft.roles.LeaderAppender - RaftServer{system-partition-1} - Received AppendResponse{status=OK, term=1, succeeded=true, lastLogIndex=13} from 2
21:52:05.418 [raft-server-system-partition-1] TRACE i.a.p.raft.roles.LeaderAppender - RaftServer{system-partition-1} - Sending AppendRequest{term=1, leader=1, prevLogIndex=13, prevLogTerm=1, entries=0, commitIndex=13} to 2
21:52:05.418 [raft-server-system-partition-1] TRACE i.a.p.raft.roles.LeaderAppender - RaftServer{system-partition-1} - Received AppendResponse{status=OK, term=1, succeeded=true, lastLogIndex=13} from 3
21:52:05.418 [raft-server-system-partition-1] TRACE i.a.p.raft.roles.LeaderAppender - RaftServer{system-partition-1} - Sending AppendRequest{term=1, leader=1, prevLogIndex=13, prevLogTerm=1, entries=0, commitIndex=13} to 3
21:52:05.418 [raft-server-system-partition-1] TRACE i.a.p.raft.roles.FollowerRole - RaftServer{system-partition-1}{role=FOLLOWER} - Received AppendRequest{term=1, leader=1, prevLogIndex=13, prevLogTerm=1, entries=0, commitIndex=13}
21:52:05.418 [raft-server-system-partition-1] TRACE i.a.p.raft.roles.FollowerRole - RaftServer{system-partition-1}{role=FOLLOWER} - Sending AppendResponse{status=OK, term=1, succeeded=true, lastLogIndex=13}
21:52:05.418 [raft-server-system-partition-1] TRACE i.a.p.raft.roles.FollowerRole - RaftServer{system-partition-1}{role=FOLLOWER} - Received AppendRequest{term=1, leader=1, prevLogIndex=13, prevLogTerm=1, entries=0, commitIndex=13}
21:52:05.418 [raft-server-system-partition-1] TRACE i.a.p.raft.roles.FollowerRole - RaftServer{system-partition-1}{role=FOLLOWER} - Sending AppendResponse{status=OK, term=1, succeeded=true, lastLogIndex=13}
21:52:05.418 [raft-server-system-partition-1] TRACE i.a.p.raft.roles.LeaderAppender - RaftServer{system-partition-1} - Received AppendResponse{status=OK, term=1, succeeded=true, lastLogIndex=13} from 2
21:52:05.419 [raft-server-system-partition-1] TRACE i.a.p.raft.roles.LeaderAppender - RaftServer{system-partition-1} - Received AppendResponse{status=OK, term=1, succeeded=true, lastLogIndex=13} from 3
21:52:05.459 [raft-server-raft-partition-5] TRACE i.a.p.raft.roles.LeaderAppender - RaftServer{raft-partition-5} - Sending AppendRequest{term=1, leader=3, prevLogIndex=1, prevLogTerm=1, entries=0, commitIndex=1} to 1
21:52:05.459 [raft-server-raft-partition-5] TRACE i.a.p.raft.roles.LeaderAppender - RaftServer{raft-partition-5} - Sending AppendRequest{term=1, leader=3, prevLogIndex=1, prevLogTerm=1, entries=0, commitIndex=1} to 2
21:52:05.459 [raft-server-raft-partition-7] TRACE i.a.p.raft.roles.LeaderAppender - RaftServer{raft-partition-7} - Sending AppendRequest{term=1, leader=2, prevLogIndex=1, prevLogTerm=1, entries=0, commitIndex=1} to 1
21:52:05.459 [raft-server-raft-partition-5] TRACE i.a.p.raft.roles.FollowerRole - RaftServer{raft-partition-5}{role=FOLLOWER} - Received AppendRequest{term=1, leader=3, prevLogIndex=1, prevLogTerm=1, entries=0, commitIndex=1}
21:52:05.459 [raft-server-raft-partition-7] TRACE i.a.p.raft.roles.LeaderAppender - RaftServer{raft-partition-7} - Sending AppendRequest{term=1, leader=2, prevLogIndex=1, prevLogTerm=1, entries=0, commitIndex=1} to 3
21:52:05.459 [raft-server-raft-partition-5] TRACE i.a.p.raft.roles.FollowerRole - RaftServer{raft-partition-5}{role=FOLLOWER} - Received AppendRequest{term=1, leader=3, prevLogIndex=1, prevLogTerm=1, entries=0, commitIndex=1}
21:52:05.459 [raft-server-raft-partition-7] TRACE i.a.p.raft.roles.FollowerRole - RaftServer{raft-partition-7}{role=FOLLOWER} - Received AppendRequest{term=1, leader=2, prevLogIndex=1, prevLogTerm=1, entries=0, commitIndex=1}
21:52:05.459 [raft-server-raft-partition-5] TRACE i.a.p.raft.roles.FollowerRole - RaftServer{raft-partition-5}{role=FOLLOWER} - Sending AppendResponse{status=OK, term=1, succeeded=true, lastLogIndex=1}
21:52:05.459 [raft-server-raft-partition-7] TRACE i.a.p.raft.roles.FollowerRole - RaftServer{raft-partition-7}{role=FOLLOWER} - Sending AppendResponse{status=OK, term=1, succeeded=true, lastLogIndex=1}
21:52:05.459 [raft-server-raft-partition-7] TRACE i.a.p.raft.roles.FollowerRole - RaftServer{raft-partition-7}{role=FOLLOWER} - Received AppendRequest{term=1, leader=2, prevLogIndex=1, prevLogTerm=1, entries=0, commitIndex=1}
21:52:05.459 [raft-server-raft-partition-7] TRACE i.a.p.raft.roles.FollowerRole - RaftServer{raft-partition-7}{role=FOLLOWER} - Sending AppendResponse{status=OK, term=1, succeeded=true, lastLogIndex=1}
21:52:05.459 [raft-server-raft-partition-5] TRACE i.a.p.raft.roles.LeaderAppender - RaftServer{raft-partition-5} - Received AppendResponse{status=OK, term=1, succeeded=true, lastLogIndex=1} from 2
21:52:05.459 [raft-server-raft-partition-5] TRACE i.a.p.raft.roles.LeaderAppender - RaftServer{raft-partition-5} - Sending AppendRequest{term=1, leader=3, prevLogIndex=1, prevLogTerm=1, entries=0, commitIndex=1} to 2
21:52:05.460 [raft-server-raft-partition-7] TRACE i.a.p.raft.roles.LeaderAppender - RaftServer{raft-partition-7} - Received AppendResponse{status=OK, term=1, succeeded=true, lastLogIndex=1} from 1
21:52:05.460 [raft-server-raft-partition-7] TRACE i.a.p.raft.roles.LeaderAppender - RaftServer{raft-partition-7} - Sending AppendRequest{term=1, leader=2, prevLogIndex=1, prevLogTerm=1, entries=0, commitIndex=1} to 1
21:52:05.460 [raft-server-raft-partition-7] TRACE i.a.p.raft.roles.LeaderAppender - RaftServer{raft-partition-7} - Received AppendResponse{status=OK, term=1, succeeded=true, lastLogIndex=1} from 3
21:52:05.460 [raft-server-raft-partition-7] TRACE i.a.p.raft.roles.LeaderAppender - RaftServer{raft-partition-7} - Sending AppendRequest{term=1, leader=2, prevLogIndex=1, prevLogTerm=1, entries=0, commitIndex=1} to 3
21:52:05.460 [raft-server-raft-partition-7] TRACE i.a.p.raft.roles.FollowerRole - RaftServer{raft-partition-7}{role=FOLLOWER} - Received AppendRequest{term=1, leader=2, prevLogIndex=1, prevLogTerm=1, entries=0, commitIndex=1}
21:52:05.460 [raft-server-raft-partition-5] TRACE i.a.p.raft.roles.FollowerRole - RaftServer{raft-partition-5}{role=FOLLOWER} - Received AppendRequest{term=1, leader=3, prevLogIndex=1, prevLogTerm=1, entries=0, commitIndex=1}
21:52:05.460 [raft-server-raft-partition-7] TRACE i.a.p.raft.roles.FollowerRole - RaftServer{raft-partition-7}{role=FOLLOWER} - Sending AppendResponse{status=OK, term=1, succeeded=true, lastLogIndex=1}
21:52:05.460 [raft-server-raft-partition-7] TRACE i.a.p.raft.roles.FollowerRole - RaftServer{raft-partition-7}{role=FOLLOWER} - Received AppendRequest{term=1, leader=2, prevLogIndex=1, prevLogTerm=1, entries=0, commitIndex=1}
21:52:05.460 [raft-server-raft-partition-5] TRACE i.a.p.raft.roles.FollowerRole - RaftServer{raft-partition-5}{role=FOLLOWER} - Sending AppendResponse{status=OK, term=1, succeeded=true, lastLogIndex=1}
21:52:05.460 [raft-server-raft-partition-7] TRACE i.a.p.raft.roles.FollowerRole - RaftServer{raft-partition-7}{role=FOLLOWER} - Sending AppendResponse{status=OK, term=1, succeeded=true, lastLogIndex=1}
21:52:05.460 [raft-server-raft-partition-7] TRACE i.a.p.raft.roles.LeaderAppender - RaftServer{raft-partition-7} - Received AppendResponse{status=OK, term=1, succeeded=true, lastLogIndex=1} from 1
21:52:05.460 [raft-server-raft-partition-7] TRACE i.a.p.raft.roles.LeaderAppender - RaftServer{raft-partition-7} - Received AppendResponse{status=OK, term=1, succeeded=true, lastLogIndex=1} from 3
21:52:05.460 [raft-server-raft-partition-5] TRACE i.a.p.raft.roles.LeaderAppender - RaftServer{raft-partition-5} - Received AppendResponse{status=OK, term=1, succeeded=true, lastLogIndex=1} from 2
21:52:05.460 [raft-server-raft-partition-5] TRACE i.a.p.raft.roles.LeaderAppender - RaftServer{raft-partition-5} - Sending AppendRequest{term=1, leader=3, prevLogIndex=1, prevLogTerm=1, entries=0, commitIndex=1} to 2
21:52:05.461 [raft-server-raft-partition-5] TRACE i.a.p.raft.roles.FollowerRole - RaftServer{raft-partition-5}{role=FOLLOWER} - Received AppendRequest{term=1, leader=3, prevLogIndex=1, prevLogTerm=1, entries=0, commitIndex=1}
21:52:05.461 [raft-server-raft-partition-5] TRACE i.a.p.raft.roles.FollowerRole - RaftServer{raft-partition-5}{role=FOLLOWER} - Sending AppendResponse{status=OK, term=1, succeeded=true, lastLogIndex=1}
21:52:05.461 [raft-server-raft-partition-5] TRACE i.a.p.raft.roles.LeaderAppender - RaftServer{raft-partition-5} - Received AppendResponse{status=OK, term=1, succeeded=true, lastLogIndex=1} from 2
21:52:05.482 [raft-server-raft-partition-5] TRACE i.a.p.raft.roles.FollowerRole - RaftServer{raft-partition-5}{role=FOLLOWER} - Committed entries up to index 1
21:52:05.482 [raft-server-raft-partition-5] TRACE i.a.p.raft.roles.FollowerRole - RaftServer{raft-partition-5}{role=FOLLOWER} - Sending AppendResponse{status=OK, term=1, succeeded=true, lastLogIndex=1}
21:52:05.483 [raft-server-raft-partition-5-state] TRACE i.a.p.raft.impl.RaftServiceManager - RaftServer{raft-partition-5} - Applying Indexed{index=1, entry=InitializeEntry{term=1, timestamp=2018-06-10 09:52:05,183}}
21:52:05.483 [raft-server-raft-partition-5] TRACE i.a.p.raft.roles.LeaderAppender - RaftServer{raft-partition-5} - Received AppendResponse{status=OK, term=1, succeeded=true, lastLogIndex=1} from 1
21:52:05.493 [raft-server-raft-partition-4] TRACE i.a.p.raft.roles.LeaderAppender - RaftServer{raft-partition-4} - Sending AppendRequest{term=1, leader=1, prevLogIndex=1, prevLogTerm=1, entries=0, commitIndex=1} to 2
21:52:05.493 [raft-server-raft-partition-4] TRACE i.a.p.raft.roles.LeaderAppender - RaftServer{raft-partition-4} - Sending AppendRequest{term=1, leader=1, prevLogIndex=1, prevLogTerm=1, entries=0, commitIndex=1} to 3
21:52:05.493 [raft-server-raft-partition-4] TRACE i.a.p.raft.roles.FollowerRole - RaftServer{raft-partition-4}{role=FOLLOWER} - Received AppendRequest{term=1, leader=1, prevLogIndex=1, prevLogTerm=1, entries=0, commitIndex=1}
21:52:05.493 [raft-server-raft-partition-4] TRACE i.a.p.raft.roles.FollowerRole - RaftServer{raft-partition-4}{role=FOLLOWER} - Sending AppendResponse{status=OK, term=1, succeeded=true, lastLogIndex=1}
21:52:05.493 [raft-server-raft-partition-4] TRACE i.a.p.raft.roles.FollowerRole - RaftServer{raft-partition-4}{role=FOLLOWER} - Received AppendRequest{term=1, leader=1, prevLogIndex=1, prevLogTerm=1, entries=0, commitIndex=1}
21:52:05.493 [raft-server-raft-partition-4] TRACE i.a.p.raft.roles.FollowerRole - RaftServer{raft-partition-4}{role=FOLLOWER} - Sending AppendResponse{status=OK, term=1, succeeded=true, lastLogIndex=1}
21:52:05.494 [raft-server-raft-partition-4] TRACE i.a.p.raft.roles.LeaderAppender - RaftServer{raft-partition-4} - Received AppendResponse{status=OK, term=1, succeeded=true, lastLogIndex=1} from 2
21:52:05.494 [raft-server-raft-partition-4] TRACE i.a.p.raft.roles.LeaderAppender - RaftServer{raft-partition-4} - Sending AppendRequest{term=1, leader=1, prevLogIndex=1, prevLogTerm=1, entries=0, commitIndex=1} to 2
21:52:05.494 [raft-server-raft-partition-4] TRACE i.a.p.raft.roles.LeaderAppender - RaftServer{raft-partition-4} - Received AppendResponse{status=OK, term=1, succeeded=true, lastLogIndex=1} from 3
21:52:05.494 [raft-server-raft-partition-4] TRACE i.a.p.raft.roles.LeaderAppender - RaftServer{raft-partition-4} - Sending AppendRequest{term=1, leader=1, prevLogIndex=1, prevLogTerm=1, entries=0, commitIndex=1} to 3
21:52:05.494 [raft-server-raft-partition-4] TRACE i.a.p.raft.roles.FollowerRole - RaftServer{raft-partition-4}{role=FOLLOWER} - Received AppendRequest{term=1, leader=1, prevLogIndex=1, prevLogTerm=1, entries=0, commitIndex=1}
21:52:05.494 [raft-server-raft-partition-4] TRACE i.a.p.raft.roles.FollowerRole - RaftServer{raft-partition-4}{role=FOLLOWER} - Sending AppendResponse{status=OK, term=1, succeeded=true, lastLogIndex=1}
21:52:05.494 [raft-server-raft-partition-4] TRACE i.a.p.raft.roles.FollowerRole - RaftServer{raft-partition-4}{role=FOLLOWER} - Received AppendRequest{term=1, leader=1, prevLogIndex=1, prevLogTerm=1, entries=0, commitIndex=1}
21:52:05.494 [raft-server-raft-partition-4] TRACE i.a.p.raft.roles.FollowerRole - RaftServer{raft-partition-4}{role=FOLLOWER} - Sending AppendResponse{status=OK, term=1, succeeded=true, lastLogIndex=1}
21:52:05.494 [raft-server-raft-partition-4] TRACE i.a.p.raft.roles.LeaderAppender - RaftServer{raft-partition-4} - Received AppendResponse{status=OK, term=1, succeeded=true, lastLogIndex=1} from 2
21:52:05.494 [raft-server-raft-partition-4] TRACE i.a.p.raft.roles.LeaderAppender - RaftServer{raft-partition-4} - Received AppendResponse{status=OK, term=1, succeeded=true, lastLogIndex=1} from 3
21:52:05.567 [raft-server-raft-partition-2] TRACE i.a.p.raft.roles.LeaderAppender - RaftServer{raft-partition-2} - Sending AppendRequest{term=1, leader=1, prevLogIndex=1, prevLogTerm=1, entries=0, commitIndex=1} to 2
21:52:05.567 [raft-server-raft-partition-2] TRACE i.a.p.raft.roles.LeaderAppender - RaftServer{raft-partition-2} - Sending AppendRequest{term=1, leader=1, prevLogIndex=1, prevLogTerm=1, entries=0, commitIndex=1} to 3
21:52:05.568 [raft-server-raft-partition-2] TRACE i.a.p.raft.roles.FollowerRole - RaftServer{raft-partition-2}{role=FOLLOWER} - Received AppendRequest{term=1, leader=1, prevLogIndex=1, prevLogTerm=1, entries=0, commitIndex=1}
21:52:05.568 [raft-server-raft-partition-2] TRACE i.a.p.raft.roles.FollowerRole - RaftServer{raft-partition-2}{role=FOLLOWER} - Received AppendRequest{term=1, leader=1, prevLogIndex=1, prevLogTerm=1, entries=0, commitIndex=1}
21:52:05.568 [raft-server-raft-partition-2] TRACE i.a.p.raft.roles.FollowerRole - RaftServer{raft-partition-2}{role=FOLLOWER} - Sending AppendResponse{status=OK, term=1, succeeded=true, lastLogIndex=1}
21:52:05.568 [raft-server-raft-partition-2] TRACE i.a.p.raft.roles.FollowerRole - RaftServer{raft-partition-2}{role=FOLLOWER} - Sending AppendResponse{status=OK, term=1, succeeded=true, lastLogIndex=1}
21:52:05.568 [raft-server-raft-partition-2] TRACE i.a.p.raft.roles.LeaderAppender - RaftServer{raft-partition-2} - Received AppendResponse{status=OK, term=1, succeeded=true, lastLogIndex=1} from 2
21:52:05.568 [raft-server-raft-partition-2] TRACE i.a.p.raft.roles.LeaderAppender - RaftServer{raft-partition-2} - Sending AppendRequest{term=1, leader=1, prevLogIndex=1, prevLogTerm=1, entries=0, commitIndex=1} to 2
21:52:05.568 [raft-server-raft-partition-2] TRACE i.a.p.raft.roles.LeaderAppender - RaftServer{raft-partition-2} - Received AppendResponse{status=OK, term=1, succeeded=true, lastLogIndex=1} from 3
21:52:05.568 [raft-server-raft-partition-2] TRACE i.a.p.raft.roles.LeaderAppender - RaftServer{raft-partition-2} - Sending AppendRequest{term=1, leader=1, prevLogIndex=1, prevLogTerm=1, entries=0, commitIndex=1} to 3
21:52:05.569 [raft-server-raft-partition-2] TRACE i.a.p.raft.roles.FollowerRole - RaftServer{raft-partition-2}{role=FOLLOWER} - Received AppendRequest{term=1, leader=1, prevLogIndex=1, prevLogTerm=1, entries=0, commitIndex=1}
21:52:05.569 [raft-server-raft-partition-2] TRACE i.a.p.raft.roles.FollowerRole - RaftServer{raft-partition-2}{role=FOLLOWER} - Sending AppendResponse{status=OK, term=1, succeeded=true, lastLogIndex=1}
21:52:05.569 [raft-server-raft-partition-2] TRACE i.a.p.raft.roles.FollowerRole - RaftServer{raft-partition-2}{role=FOLLOWER} - Received AppendRequest{term=1, leader=1, prevLogIndex=1, prevLogTerm=1, entries=0, commitIndex=1}
21:52:05.569 [raft-server-raft-partition-2] TRACE i.a.p.raft.roles.FollowerRole - RaftServer{raft-partition-2}{role=FOLLOWER} - Sending AppendResponse{status=OK, term=1, succeeded=true, lastLogIndex=1}
21:52:05.569 [raft-server-raft-partition-2] TRACE i.a.p.raft.roles.LeaderAppender - RaftServer{raft-partition-2} - Received AppendResponse{status=OK, term=1, succeeded=true, lastLogIndex=1} from 2
21:52:05.569 [raft-server-raft-partition-2] TRACE i.a.p.raft.roles.LeaderAppender - RaftServer{raft-partition-2} - Received AppendResponse{status=OK, term=1, succeeded=true, lastLogIndex=1} from 3
21:52:05.576 [raft-server-raft-partition-6] TRACE i.a.p.raft.roles.LeaderAppender - RaftServer{raft-partition-6} - Sending AppendRequest{term=1, leader=1, prevLogIndex=1, prevLogTerm=1, entries=0, commitIndex=1} to 2
21:52:05.576 [raft-server-raft-partition-6] TRACE i.a.p.raft.roles.LeaderAppender - RaftServer{raft-partition-6} - Sending AppendRequest{term=1, leader=1, prevLogIndex=1, prevLogTerm=1, entries=0, commitIndex=1} to 3
21:52:05.576 [raft-server-raft-partition-6] TRACE i.a.p.raft.roles.FollowerRole - RaftServer{raft-partition-6}{role=FOLLOWER} - Received AppendRequest{term=1, leader=1, prevLogIndex=1, prevLogTerm=1, entries=0, commitIndex=1}
21:52:05.576 [raft-server-raft-partition-6] TRACE i.a.p.raft.roles.FollowerRole - RaftServer{raft-partition-6}{role=FOLLOWER} - Sending AppendResponse{status=OK, term=1, succeeded=true, lastLogIndex=1}
21:52:05.576 [raft-server-raft-partition-6] TRACE i.a.p.raft.roles.FollowerRole - RaftServer{raft-partition-6}{role=FOLLOWER} - Received AppendRequest{term=1, leader=1, prevLogIndex=1, prevLogTerm=1, entries=0, commitIndex=1}
21:52:05.576 [raft-server-raft-partition-6] TRACE i.a.p.raft.roles.FollowerRole - RaftServer{raft-partition-6}{role=FOLLOWER} - Sending AppendResponse{status=OK, term=1, succeeded=true, lastLogIndex=1}
21:52:05.576 [raft-server-raft-partition-6] TRACE i.a.p.raft.roles.LeaderAppender - RaftServer{raft-partition-6} - Received AppendResponse{status=OK, term=1, succeeded=true, lastLogIndex=1} from 2
21:52:05.576 [raft-server-raft-partition-6] TRACE i.a.p.raft.roles.LeaderAppender - RaftServer{raft-partition-6} - Sending AppendRequest{term=1, leader=1, prevLogIndex=1, prevLogTerm=1, entries=0, commitIndex=1} to 2
21:52:05.576 [raft-server-raft-partition-6] TRACE i.a.p.raft.roles.LeaderAppender - RaftServer{raft-partition-6} - Received AppendResponse{status=OK, term=1, succeeded=true, lastLogIndex=1} from 3
21:52:05.576 [raft-server-raft-partition-6] TRACE i.a.p.raft.roles.LeaderAppender - RaftServer{raft-partition-6} - Sending AppendRequest{term=1, leader=1, prevLogIndex=1, prevLogTerm=1, entries=0, commitIndex=1} to 3
21:52:05.576 [raft-server-raft-partition-6] TRACE i.a.p.raft.roles.FollowerRole - RaftServer{raft-partition-6}{role=FOLLOWER} - Received AppendRequest{term=1, leader=1, prevLogIndex=1, prevLogTerm=1, entries=0, commitIndex=1}
21:52:05.577 [raft-server-raft-partition-6] TRACE i.a.p.raft.roles.FollowerRole - RaftServer{raft-partition-6}{role=FOLLOWER} - Received AppendRequest{term=1, leader=1, prevLogIndex=1, prevLogTerm=1, entries=0, commitIndex=1}
21:52:05.577 [raft-server-raft-partition-6] TRACE i.a.p.raft.roles.FollowerRole - RaftServer{raft-partition-6}{role=FOLLOWER} - Sending AppendResponse{status=OK, term=1, succeeded=true, lastLogIndex=1}
21:52:05.577 [raft-server-raft-partition-6] TRACE i.a.p.raft.roles.FollowerRole - RaftServer{raft-partition-6}{role=FOLLOWER} - Sending AppendResponse{status=OK, term=1, succeeded=true, lastLogIndex=1}
21:52:05.577 [raft-server-raft-partition-6] TRACE i.a.p.raft.roles.LeaderAppender - RaftServer{raft-partition-6} - Received AppendResponse{status=OK, term=1, succeeded=true, lastLogIndex=1} from 2
21:52:05.577 [raft-server-raft-partition-6] TRACE i.a.p.raft.roles.LeaderAppender - RaftServer{raft-partition-6} - Sending AppendRequest{term=1, leader=1, prevLogIndex=1, prevLogTerm=1, entries=0, commitIndex=1} to 2
21:52:05.577 [raft-server-raft-partition-6] TRACE i.a.p.raft.roles.LeaderAppender - RaftServer{raft-partition-6} - Received AppendResponse{status=OK, term=1, succeeded=true, lastLogIndex=1} from 3
21:52:05.577 [raft-server-raft-partition-6] TRACE i.a.p.raft.roles.LeaderAppender - RaftServer{raft-partition-6} - Sending AppendRequest{term=1, leader=1, prevLogIndex=1, prevLogTerm=1, entries=0, commitIndex=1} to 3
21:52:05.577 [raft-server-raft-partition-6] TRACE i.a.p.raft.roles.FollowerRole - RaftServer{raft-partition-6}{role=FOLLOWER} - Received AppendRequest{term=1, leader=1, prevLogIndex=1, prevLogTerm=1, entries=0, commitIndex=1}
21:52:05.577 [raft-server-raft-partition-6] TRACE i.a.p.raft.roles.FollowerRole - RaftServer{raft-partition-6}{role=FOLLOWER} - Sending AppendResponse{status=OK, term=1, succeeded=true, lastLogIndex=1}
21:52:05.577 [raft-server-raft-partition-6] TRACE i.a.p.raft.roles.FollowerRole - RaftServer{raft-partition-6}{role=FOLLOWER} - Received AppendRequest{term=1, leader=1, prevLogIndex=1, prevLogTerm=1, entries=0, commitIndex=1}
21:52:05.577 [raft-server-raft-partition-6] TRACE i.a.p.raft.roles.LeaderAppender - RaftServer{raft-partition-6} - Received AppendResponse{status=OK, term=1, succeeded=true, lastLogIndex=1} from 2
21:52:05.577 [raft-server-raft-partition-6] TRACE i.a.p.raft.roles.FollowerRole - RaftServer{raft-partition-6}{role=FOLLOWER} - Sending AppendResponse{status=OK, term=1, succeeded=true, lastLogIndex=1}
21:52:05.577 [raft-server-raft-partition-6] TRACE i.a.p.raft.roles.LeaderAppender - RaftServer{raft-partition-6} - Received AppendResponse{status=OK, term=1, succeeded=true, lastLogIndex=1} from 3
21:52:05.634 [raft-server-raft-partition-1] TRACE i.a.p.raft.roles.LeaderAppender - RaftServer{raft-partition-1} - Sending AppendRequest{term=1, leader=2, prevLogIndex=1, prevLogTerm=1, entries=0, commitIndex=1} to 3
21:52:05.635 [raft-server-raft-partition-1] TRACE i.a.p.raft.roles.FollowerRole - RaftServer{raft-partition-1}{role=FOLLOWER} - Received AppendRequest{term=1, leader=2, prevLogIndex=1, prevLogTerm=1, entries=0, commitIndex=1}
21:52:05.635 [raft-server-raft-partition-1] TRACE i.a.p.raft.roles.FollowerRole - RaftServer{raft-partition-1}{role=FOLLOWER} - Sending AppendResponse{status=OK, term=1, succeeded=true, lastLogIndex=1}
21:52:05.635 [raft-server-raft-partition-1] TRACE i.a.p.raft.roles.LeaderAppender - RaftServer{raft-partition-1} - Received AppendResponse{status=OK, term=1, succeeded=true, lastLogIndex=1} from 3
21:52:05.635 [raft-server-raft-partition-1] TRACE i.a.p.raft.roles.LeaderAppender - RaftServer{raft-partition-1} - Sending AppendRequest{term=1, leader=2, prevLogIndex=1, prevLogTerm=1, entries=0, commitIndex=1} to 3
21:52:05.635 [raft-server-raft-partition-1] TRACE i.a.p.raft.roles.FollowerRole - RaftServer{raft-partition-1}{role=FOLLOWER} - Received AppendRequest{term=1, leader=2, prevLogIndex=1, prevLogTerm=1, entries=0, commitIndex=1}
21:52:05.635 [raft-server-raft-partition-1] TRACE i.a.p.raft.roles.FollowerRole - RaftServer{raft-partition-1}{role=FOLLOWER} - Sending AppendResponse{status=OK, term=1, succeeded=true, lastLogIndex=1}
21:52:05.636 [raft-server-raft-partition-1] TRACE i.a.p.raft.roles.LeaderAppender - RaftServer{raft-partition-1} - Received AppendResponse{status=OK, term=1, succeeded=true, lastLogIndex=1} from 3
21:52:05.667 [raft-server-system-partition-1] TRACE i.a.p.raft.roles.LeaderAppender - RaftServer{system-partition-1} - Sending AppendRequest{term=1, leader=1, prevLogIndex=13, prevLogTerm=1, entries=0, commitIndex=13} to 2
21:52:05.667 [raft-server-system-partition-1] TRACE i.a.p.raft.roles.LeaderAppender - RaftServer{system-partition-1} - Sending AppendRequest{term=1, leader=1, prevLogIndex=13, prevLogTerm=1, entries=0, commitIndex=13} to 3
21:52:05.667 [raft-server-system-partition-1] TRACE i.a.p.raft.roles.FollowerRole - RaftServer{system-partition-1}{role=FOLLOWER} - Received AppendRequest{term=1, leader=1, prevLogIndex=13, prevLogTerm=1, entries=0, commitIndex=13}
21:52:05.667 [raft-server-system-partition-1] TRACE i.a.p.raft.roles.FollowerRole - RaftServer{system-partition-1}{role=FOLLOWER} - Sending AppendResponse{status=OK, term=1, succeeded=true, lastLogIndex=13}
21:52:05.668 [raft-server-system-partition-1] TRACE i.a.p.raft.roles.FollowerRole - RaftServer{system-partition-1}{role=FOLLOWER} - Received AppendRequest{term=1, leader=1, prevLogIndex=13, prevLogTerm=1, entries=0, commitIndex=13}
21:52:05.668 [raft-server-system-partition-1] TRACE i.a.p.raft.roles.FollowerRole - RaftServer{system-partition-1}{role=FOLLOWER} - Sending AppendResponse{status=OK, term=1, succeeded=true, lastLogIndex=13}
21:52:05.668 [raft-server-system-partition-1] TRACE i.a.p.raft.roles.LeaderAppender - RaftServer{system-partition-1} - Received AppendResponse{status=OK, term=1, succeeded=true, lastLogIndex=13} from 2
21:52:05.668 [raft-server-system-partition-1] TRACE i.a.p.raft.roles.LeaderAppender - RaftServer{system-partition-1} - Sending AppendRequest{term=1, leader=1, prevLogIndex=13, prevLogTerm=1, entries=0, commitIndex=13} to 2
21:52:05.668 [raft-server-system-partition-1] TRACE i.a.p.raft.roles.LeaderAppender - RaftServer{system-partition-1} - Received AppendResponse{status=OK, term=1, succeeded=true, lastLogIndex=13} from 3
21:52:05.668 [raft-server-system-partition-1] TRACE i.a.p.raft.roles.LeaderAppender - RaftServer{system-partition-1} - Sending AppendRequest{term=1, leader=1, prevLogIndex=13, prevLogTerm=1, entries=0, commitIndex=13} to 3
21:52:05.668 [raft-server-system-partition-1] TRACE i.a.p.raft.roles.FollowerRole - RaftServer{system-partition-1}{role=FOLLOWER} - Received AppendRequest{term=1, leader=1, prevLogIndex=13, prevLogTerm=1, entries=0, commitIndex=13}
21:52:05.668 [raft-server-system-partition-1] TRACE i.a.p.raft.roles.FollowerRole - RaftServer{system-partition-1}{role=FOLLOWER} - Received AppendRequest{term=1, leader=1, prevLogIndex=13, prevLogTerm=1, entries=0, commitIndex=13}
21:52:05.669 [raft-server-system-partition-1] TRACE i.a.p.raft.roles.FollowerRole - RaftServer{system-partition-1}{role=FOLLOWER} - Sending AppendResponse{status=OK, term=1, succeeded=true, lastLogIndex=13}
21:52:05.669 [raft-server-system-partition-1] TRACE i.a.p.raft.roles.FollowerRole - RaftServer{system-partition-1}{role=FOLLOWER} - Sending AppendResponse{status=OK, term=1, succeeded=true, lastLogIndex=13}
21:52:05.669 [raft-server-system-partition-1] TRACE i.a.p.raft.roles.LeaderAppender - RaftServer{system-partition-1} - Received AppendResponse{status=OK, term=1, succeeded=true, lastLogIndex=13} from 2
21:52:05.669 [raft-server-system-partition-1] TRACE i.a.p.raft.roles.LeaderAppender - RaftServer{system-partition-1} - Received AppendResponse{status=OK, term=1, succeeded=true, lastLogIndex=13} from 3
21:52:05.709 [raft-server-raft-partition-5] TRACE i.a.p.raft.roles.LeaderAppender - RaftServer{raft-partition-5} - Sending AppendRequest{term=1, leader=3, prevLogIndex=1, prevLogTerm=1, entries=0, commitIndex=1} to 1
21:52:05.709 [raft-server-raft-partition-5] TRACE i.a.p.raft.roles.LeaderAppender - RaftServer{raft-partition-5} - Sending AppendRequest{term=1, leader=3, prevLogIndex=1, prevLogTerm=1, entries=0, commitIndex=1} to 2
21:52:05.709 [raft-server-raft-partition-7] TRACE i.a.p.raft.roles.LeaderAppender - RaftServer{raft-partition-7} - Sending AppendRequest{term=1, leader=2, prevLogIndex=1, prevLogTerm=1, entries=0, commitIndex=1} to 1
21:52:05.709 [raft-server-raft-partition-5] TRACE i.a.p.raft.roles.FollowerRole - RaftServer{raft-partition-5}{role=FOLLOWER} - Received AppendRequest{term=1, leader=3, prevLogIndex=1, prevLogTerm=1, entries=0, commitIndex=1}
21:52:05.709 [raft-server-raft-partition-5] TRACE i.a.p.raft.roles.FollowerRole - RaftServer{raft-partition-5}{role=FOLLOWER} - Received AppendRequest{term=1, leader=3, prevLogIndex=1, prevLogTerm=1, entries=0, commitIndex=1}
21:52:05.709 [raft-server-raft-partition-7] TRACE i.a.p.raft.roles.LeaderAppender - RaftServer{raft-partition-7} - Sending AppendRequest{term=1, leader=2, prevLogIndex=1, prevLogTerm=1, entries=0, commitIndex=1} to 3
21:52:05.709 [raft-server-raft-partition-5] TRACE i.a.p.raft.roles.FollowerRole - RaftServer{raft-partition-5}{role=FOLLOWER} - Sending AppendResponse{status=OK, term=1, succeeded=true, lastLogIndex=1}
21:52:05.709 [raft-server-raft-partition-7] TRACE i.a.p.raft.roles.FollowerRole - RaftServer{raft-partition-7}{role=FOLLOWER} - Received AppendRequest{term=1, leader=2, prevLogIndex=1, prevLogTerm=1, entries=0, commitIndex=1}
21:52:05.709 [raft-server-raft-partition-5] TRACE i.a.p.raft.roles.FollowerRole - RaftServer{raft-partition-5}{role=FOLLOWER} - Sending AppendResponse{status=OK, term=1, succeeded=true, lastLogIndex=1}
21:52:05.710 [raft-server-raft-partition-7] TRACE i.a.p.raft.roles.FollowerRole - RaftServer{raft-partition-7}{role=FOLLOWER} - Received AppendRequest{term=1, leader=2, prevLogIndex=1, prevLogTerm=1, entries=0, commitIndex=1}
21:52:05.710 [raft-server-raft-partition-7] TRACE i.a.p.raft.roles.FollowerRole - RaftServer{raft-partition-7}{role=FOLLOWER} - Sending AppendResponse{status=OK, term=1, succeeded=true, lastLogIndex=1}
21:52:05.710 [raft-server-raft-partition-5] TRACE i.a.p.raft.roles.LeaderAppender - RaftServer{raft-partition-5} - Received AppendResponse{status=OK, term=1, succeeded=true, lastLogIndex=1} from 1
21:52:05.710 [raft-server-raft-partition-7] TRACE i.a.p.raft.roles.FollowerRole - RaftServer{raft-partition-7}{role=FOLLOWER} - Sending AppendResponse{status=OK, term=1, succeeded=true, lastLogIndex=1}
21:52:05.710 [raft-server-raft-partition-5] TRACE i.a.p.raft.roles.LeaderAppender - RaftServer{raft-partition-5} - Sending AppendRequest{term=1, leader=3, prevLogIndex=1, prevLogTerm=1, entries=0, commitIndex=1} to 1
21:52:05.710 [raft-server-raft-partition-7] TRACE i.a.p.raft.roles.LeaderAppender - RaftServer{raft-partition-7} - Received AppendResponse{status=OK, term=1, succeeded=true, lastLogIndex=1} from 1
21:52:05.710 [raft-server-raft-partition-5] TRACE i.a.p.raft.roles.LeaderAppender - RaftServer{raft-partition-5} - Received AppendResponse{status=OK, term=1, succeeded=true, lastLogIndex=1} from 2
21:52:05.710 [raft-server-raft-partition-7] TRACE i.a.p.raft.roles.LeaderAppender - RaftServer{raft-partition-7} - Sending AppendRequest{term=1, leader=2, prevLogIndex=1, prevLogTerm=1, entries=0, commitIndex=1} to 1
21:52:05.710 [raft-server-raft-partition-5] TRACE i.a.p.raft.roles.FollowerRole - RaftServer{raft-partition-5}{role=FOLLOWER} - Received AppendRequest{term=1, leader=3, prevLogIndex=1, prevLogTerm=1, entries=0, commitIndex=1}
21:52:05.710 [raft-server-raft-partition-7] TRACE i.a.p.raft.roles.LeaderAppender - RaftServer{raft-partition-7} - Received AppendResponse{status=OK, term=1, succeeded=true, lastLogIndex=1} from 3
21:52:05.710 [raft-server-raft-partition-5] TRACE i.a.p.raft.roles.LeaderAppender - RaftServer{raft-partition-5} - Sending AppendRequest{term=1, leader=3, prevLogIndex=1, prevLogTerm=1, entries=0, commitIndex=1} to 2
21:52:05.710 [raft-server-raft-partition-5] TRACE i.a.p.raft.roles.FollowerRole - RaftServer{raft-partition-5}{role=FOLLOWER} - Sending AppendResponse{status=OK, term=1, succeeded=true, lastLogIndex=1}
21:52:05.710 [raft-server-raft-partition-7] TRACE i.a.p.raft.roles.LeaderAppender - RaftServer{raft-partition-7} - Sending AppendRequest{term=1, leader=2, prevLogIndex=1, prevLogTerm=1, entries=0, commitIndex=1} to 3
21:52:05.710 [raft-server-raft-partition-7] TRACE i.a.p.raft.roles.FollowerRole - RaftServer{raft-partition-7}{role=FOLLOWER} - Received AppendRequest{term=1, leader=2, prevLogIndex=1, prevLogTerm=1, entries=0, commitIndex=1}
21:52:05.710 [raft-server-raft-partition-7] TRACE i.a.p.raft.roles.FollowerRole - RaftServer{raft-partition-7}{role=FOLLOWER} - Sending AppendResponse{status=OK, term=1, succeeded=true, lastLogIndex=1}
21:52:05.710 [raft-server-raft-partition-5] TRACE i.a.p.raft.roles.FollowerRole - RaftServer{raft-partition-5}{role=FOLLOWER} - Received AppendRequest{term=1, leader=3, prevLogIndex=1, prevLogTerm=1, entries=0, commitIndex=1}
21:52:05.710 [raft-server-raft-partition-5] TRACE i.a.p.raft.roles.FollowerRole - RaftServer{raft-partition-5}{role=FOLLOWER} - Sending AppendResponse{status=OK, term=1, succeeded=true, lastLogIndex=1}
21:52:05.710 [raft-server-raft-partition-5] TRACE i.a.p.raft.roles.LeaderAppender - RaftServer{raft-partition-5} - Received AppendResponse{status=OK, term=1, succeeded=true, lastLogIndex=1} from 1
21:52:05.711 [raft-server-raft-partition-7] TRACE i.a.p.raft.roles.FollowerRole - RaftServer{raft-partition-7}{role=FOLLOWER} - Received AppendRequest{term=1, leader=2, prevLogIndex=1, prevLogTerm=1, entries=0, commitIndex=1}
21:52:05.711 [raft-server-raft-partition-7] TRACE i.a.p.raft.roles.LeaderAppender - RaftServer{raft-partition-7} - Received AppendResponse{status=OK, term=1, succeeded=true, lastLogIndex=1} from 1
21:52:05.711 [raft-server-raft-partition-5] TRACE i.a.p.raft.roles.LeaderAppender - RaftServer{raft-partition-5} - Received AppendResponse{status=OK, term=1, succeeded=true, lastLogIndex=1} from 2
21:52:05.711 [raft-server-raft-partition-7] TRACE i.a.p.raft.roles.FollowerRole - RaftServer{raft-partition-7}{role=FOLLOWER} - Sending AppendResponse{status=OK, term=1, succeeded=true, lastLogIndex=1}
21:52:05.711 [raft-server-raft-partition-7] TRACE i.a.p.raft.roles.LeaderAppender - RaftServer{raft-partition-7} - Received AppendResponse{status=OK, term=1, succeeded=true, lastLogIndex=1} from 3
21:52:05.743 [raft-server-raft-partition-4] TRACE i.a.p.raft.roles.LeaderAppender - RaftServer{raft-partition-4} - Sending AppendRequest{term=1, leader=1, prevLogIndex=1, prevLogTerm=1, entries=0, commitIndex=1} to 2
21:52:05.743 [raft-server-raft-partition-4] TRACE i.a.p.raft.roles.LeaderAppender - RaftServer{raft-partition-4} - Sending AppendRequest{term=1, leader=1, prevLogIndex=1, prevLogTerm=1, entries=0, commitIndex=1} to 3
21:52:05.743 [raft-server-raft-partition-4] TRACE i.a.p.raft.roles.FollowerRole - RaftServer{raft-partition-4}{role=FOLLOWER} - Received AppendRequest{term=1, leader=1, prevLogIndex=1, prevLogTerm=1, entries=0, commitIndex=1}
21:52:05.743 [raft-server-raft-partition-4] TRACE i.a.p.raft.roles.FollowerRole - RaftServer{raft-partition-4}{role=FOLLOWER} - Received AppendRequest{term=1, leader=1, prevLogIndex=1, prevLogTerm=1, entries=0, commitIndex=1}
21:52:05.743 [raft-server-raft-partition-4] TRACE i.a.p.raft.roles.FollowerRole - RaftServer{raft-partition-4}{role=FOLLOWER} - Sending AppendResponse{status=OK, term=1, succeeded=true, lastLogIndex=1}
21:52:05.744 [raft-server-raft-partition-4] TRACE i.a.p.raft.roles.FollowerRole - RaftServer{raft-partition-4}{role=FOLLOWER} - Sending AppendResponse{status=OK, term=1, succeeded=true, lastLogIndex=1}
21:52:05.744 [raft-server-raft-partition-4] TRACE i.a.p.raft.roles.LeaderAppender - RaftServer{raft-partition-4} - Received AppendResponse{status=OK, term=1, succeeded=true, lastLogIndex=1} from 2
21:52:05.744 [raft-server-raft-partition-4] TRACE i.a.p.raft.roles.LeaderAppender - RaftServer{raft-partition-4} - Sending AppendRequest{term=1, leader=1, prevLogIndex=1, prevLogTerm=1, entries=0, commitIndex=1} to 2
21:52:05.744 [raft-server-raft-partition-4] TRACE i.a.p.raft.roles.LeaderAppender - RaftServer{raft-partition-4} - Received AppendResponse{status=OK, term=1, succeeded=true, lastLogIndex=1} from 3
21:52:05.744 [raft-server-raft-partition-4] TRACE i.a.p.raft.roles.LeaderAppender - RaftServer{raft-partition-4} - Sending AppendRequest{term=1, leader=1, prevLogIndex=1, prevLogTerm=1, entries=0, commitIndex=1} to 3
21:52:05.744 [raft-server-raft-partition-4] TRACE i.a.p.raft.roles.FollowerRole - RaftServer{raft-partition-4}{role=FOLLOWER} - Received AppendRequest{term=1, leader=1, prevLogIndex=1, prevLogTerm=1, entries=0, commitIndex=1}
21:52:05.744 [raft-server-raft-partition-4] TRACE i.a.p.raft.roles.FollowerRole - RaftServer{raft-partition-4}{role=FOLLOWER} - Sending AppendResponse{status=OK, term=1, succeeded=true, lastLogIndex=1}
21:52:05.744 [raft-server-raft-partition-4] TRACE i.a.p.raft.roles.FollowerRole - RaftServer{raft-partition-4}{role=FOLLOWER} - Received AppendRequest{term=1, leader=1, prevLogIndex=1, prevLogTerm=1, entries=0, commitIndex=1}
21:52:05.744 [raft-server-raft-partition-4] TRACE i.a.p.raft.roles.FollowerRole - RaftServer{raft-partition-4}{role=FOLLOWER} - Sending AppendResponse{status=OK, term=1, succeeded=true, lastLogIndex=1}
21:52:05.744 [raft-server-raft-partition-4] TRACE i.a.p.raft.roles.LeaderAppender - RaftServer{raft-partition-4} - Received AppendResponse{status=OK, term=1, succeeded=true, lastLogIndex=1} from 2
21:52:05.744 [raft-server-raft-partition-4] TRACE i.a.p.raft.roles.LeaderAppender - RaftServer{raft-partition-4} - Received AppendResponse{status=OK, term=1, succeeded=true, lastLogIndex=1} from 3
21:52:05.817 [raft-server-raft-partition-2] TRACE i.a.p.raft.roles.LeaderAppender - RaftServer{raft-partition-2} - Sending AppendRequest{term=1, leader=1, prevLogIndex=1, prevLogTerm=1, entries=0, commitIndex=1} to 2
21:52:05.818 [raft-server-raft-partition-2] TRACE i.a.p.raft.roles.LeaderAppender - RaftServer{raft-partition-2} - Sending AppendRequest{term=1, leader=1, prevLogIndex=1, prevLogTerm=1, entries=0, commitIndex=1} to 3
21:52:05.818 [raft-server-raft-partition-2] TRACE i.a.p.raft.roles.FollowerRole - RaftServer{raft-partition-2}{role=FOLLOWER} - Received AppendRequest{term=1, leader=1, prevLogIndex=1, prevLogTerm=1, entries=0, commitIndex=1}
21:52:05.818 [raft-server-raft-partition-2] TRACE i.a.p.raft.roles.FollowerRole - RaftServer{raft-partition-2}{role=FOLLOWER} - Received AppendRequest{term=1, leader=1, prevLogIndex=1, prevLogTerm=1, entries=0, commitIndex=1}
21:52:05.818 [raft-server-raft-partition-2] TRACE i.a.p.raft.roles.FollowerRole - RaftServer{raft-partition-2}{role=FOLLOWER} - Sending AppendResponse{status=OK, term=1, succeeded=true, lastLogIndex=1}
21:52:05.818 [raft-server-raft-partition-2] TRACE i.a.p.raft.roles.FollowerRole - RaftServer{raft-partition-2}{role=FOLLOWER} - Sending AppendResponse{status=OK, term=1, succeeded=true, lastLogIndex=1}
21:52:05.818 [raft-server-raft-partition-2] TRACE i.a.p.raft.roles.LeaderAppender - RaftServer{raft-partition-2} - Received AppendResponse{status=OK, term=1, succeeded=true, lastLogIndex=1} from 2
21:52:05.818 [raft-server-raft-partition-2] TRACE i.a.p.raft.roles.LeaderAppender - RaftServer{raft-partition-2} - Sending AppendRequest{term=1, leader=1, prevLogIndex=1, prevLogTerm=1, entries=0, commitIndex=1} to 2
21:52:05.818 [raft-server-raft-partition-2] TRACE i.a.p.raft.roles.LeaderAppender - RaftServer{raft-partition-2} - Received AppendResponse{status=OK, term=1, succeeded=true, lastLogIndex=1} from 3
21:52:05.818 [raft-server-raft-partition-2] TRACE i.a.p.raft.roles.FollowerRole - RaftServer{raft-partition-2}{role=FOLLOWER} - Received AppendRequest{term=1, leader=1, prevLogIndex=1, prevLogTerm=1, entries=0, commitIndex=1}
21:52:05.818 [raft-server-raft-partition-2] TRACE i.a.p.raft.roles.FollowerRole - RaftServer{raft-partition-2}{role=FOLLOWER} - Sending AppendResponse{status=OK, term=1, succeeded=true, lastLogIndex=1}
21:52:05.819 [raft-server-raft-partition-2] TRACE i.a.p.raft.roles.LeaderAppender - RaftServer{raft-partition-2} - Received AppendResponse{status=OK, term=1, succeeded=true, lastLogIndex=1} from 2
21:52:05.826 [raft-server-raft-partition-6] TRACE i.a.p.raft.roles.LeaderAppender - RaftServer{raft-partition-6} - Sending AppendRequest{term=1, leader=1, prevLogIndex=1, prevLogTerm=1, entries=0, commitIndex=1} to 2
21:52:05.826 [raft-server-raft-partition-6] TRACE i.a.p.raft.roles.LeaderAppender - RaftServer{raft-partition-6} - Sending AppendRequest{term=1, leader=1, prevLogIndex=1, prevLogTerm=1, entries=0, commitIndex=1} to 3
21:52:05.826 [raft-server-raft-partition-6] TRACE i.a.p.raft.roles.FollowerRole - RaftServer{raft-partition-6}{role=FOLLOWER} - Received AppendRequest{term=1, leader=1, prevLogIndex=1, prevLogTerm=1, entries=0, commitIndex=1}
21:52:05.826 [raft-server-raft-partition-6] TRACE i.a.p.raft.roles.FollowerRole - RaftServer{raft-partition-6}{role=FOLLOWER} - Sending AppendResponse{status=OK, term=1, succeeded=true, lastLogIndex=1}
21:52:05.826 [raft-server-raft-partition-6] TRACE i.a.p.raft.roles.FollowerRole - RaftServer{raft-partition-6}{role=FOLLOWER} - Received AppendRequest{term=1, leader=1, prevLogIndex=1, prevLogTerm=1, entries=0, commitIndex=1}
21:52:05.826 [raft-server-raft-partition-6] TRACE i.a.p.raft.roles.FollowerRole - RaftServer{raft-partition-6}{role=FOLLOWER} - Sending AppendResponse{status=OK, term=1, succeeded=true, lastLogIndex=1}
21:52:05.826 [raft-server-raft-partition-6] TRACE i.a.p.raft.roles.LeaderAppender - RaftServer{raft-partition-6} - Received AppendResponse{status=OK, term=1, succeeded=true, lastLogIndex=1} from 2
21:52:05.826 [raft-server-raft-partition-6] TRACE i.a.p.raft.roles.LeaderAppender - RaftServer{raft-partition-6} - Sending AppendRequest{term=1, leader=1, prevLogIndex=1, prevLogTerm=1, entries=0, commitIndex=1} to 2
21:52:05.826 [raft-server-raft-partition-6] TRACE i.a.p.raft.roles.LeaderAppender - RaftServer{raft-partition-6} - Received AppendResponse{status=OK, term=1, succeeded=true, lastLogIndex=1} from 3
21:52:05.826 [raft-server-raft-partition-6] TRACE i.a.p.raft.roles.LeaderAppender - RaftServer{raft-partition-6} - Sending AppendRequest{term=1, leader=1, prevLogIndex=1, prevLogTerm=1, entries=0, commitIndex=1} to 3
21:52:05.827 [raft-server-raft-partition-6] TRACE i.a.p.raft.roles.FollowerRole - RaftServer{raft-partition-6}{role=FOLLOWER} - Received AppendRequest{term=1, leader=1, prevLogIndex=1, prevLogTerm=1, entries=0, commitIndex=1}
21:52:05.827 [raft-server-raft-partition-6] TRACE i.a.p.raft.roles.FollowerRole - RaftServer{raft-partition-6}{role=FOLLOWER} - Sending AppendResponse{status=OK, term=1, succeeded=true, lastLogIndex=1}
21:52:05.827 [raft-server-raft-partition-6] TRACE i.a.p.raft.roles.FollowerRole - RaftServer{raft-partition-6}{role=FOLLOWER} - Received AppendRequest{term=1, leader=1, prevLogIndex=1, prevLogTerm=1, entries=0, commitIndex=1}
21:52:05.827 [raft-server-raft-partition-6] TRACE i.a.p.raft.roles.FollowerRole - RaftServer{raft-partition-6}{role=FOLLOWER} - Sending AppendResponse{status=OK, term=1, succeeded=true, lastLogIndex=1}
21:52:05.827 [raft-server-raft-partition-6] TRACE i.a.p.raft.roles.LeaderAppender - RaftServer{raft-partition-6} - Received AppendResponse{status=OK, term=1, succeeded=true, lastLogIndex=1} from 2
21:52:05.827 [raft-server-raft-partition-6] TRACE i.a.p.raft.roles.LeaderAppender - RaftServer{raft-partition-6} - Sending AppendRequest{term=1, leader=1, prevLogIndex=1, prevLogTerm=1, entries=0, commitIndex=1} to 2
21:52:05.827 [raft-server-raft-partition-6] TRACE i.a.p.raft.roles.LeaderAppender - RaftServer{raft-partition-6} - Received AppendResponse{status=OK, term=1, succeeded=true, lastLogIndex=1} from 3
21:52:05.827 [raft-server-raft-partition-6] TRACE i.a.p.raft.roles.LeaderAppender - RaftServer{raft-partition-6} - Sending AppendRequest{term=1, leader=1, prevLogIndex=1, prevLogTerm=1, entries=0, commitIndex=1} to 3
21:52:05.827 [raft-server-raft-partition-6] TRACE i.a.p.raft.roles.FollowerRole - RaftServer{raft-partition-6}{role=FOLLOWER} - Received AppendRequest{term=1, leader=1, prevLogIndex=1, prevLogTerm=1, entries=0, commitIndex=1}
21:52:05.827 [raft-server-raft-partition-6] TRACE i.a.p.raft.roles.FollowerRole - RaftServer{raft-partition-6}{role=FOLLOWER} - Sending AppendResponse{status=OK, term=1, succeeded=true, lastLogIndex=1}
21:52:05.827 [raft-server-raft-partition-6] TRACE i.a.p.raft.roles.FollowerRole - RaftServer{raft-partition-6}{role=FOLLOWER} - Received AppendRequest{term=1, leader=1, prevLogIndex=1, prevLogTerm=1, entries=0, commitIndex=1}
21:52:05.827 [raft-server-raft-partition-6] TRACE i.a.p.raft.roles.FollowerRole - RaftServer{raft-partition-6}{role=FOLLOWER} - Sending AppendResponse{status=OK, term=1, succeeded=true, lastLogIndex=1}
21:52:05.827 [raft-server-raft-partition-6] TRACE i.a.p.raft.roles.LeaderAppender - RaftServer{raft-partition-6} - Received AppendResponse{status=OK, term=1, succeeded=true, lastLogIndex=1} from 2
21:52:05.828 [raft-server-raft-partition-6] TRACE i.a.p.raft.roles.LeaderAppender - RaftServer{raft-partition-6} - Received AppendResponse{status=OK, term=1, succeeded=true, lastLogIndex=1} from 3
21:52:05.884 [raft-server-raft-partition-1] TRACE i.a.p.raft.roles.LeaderAppender - RaftServer{raft-partition-1} - Sending AppendRequest{term=1, leader=2, prevLogIndex=1, prevLogTerm=1, entries=0, commitIndex=1} to 3
21:52:05.885 [raft-server-raft-partition-1] TRACE i.a.p.raft.roles.FollowerRole - RaftServer{raft-partition-1}{role=FOLLOWER} - Received AppendRequest{term=1, leader=2, prevLogIndex=1, prevLogTerm=1, entries=0, commitIndex=1}
21:52:05.885 [raft-server-raft-partition-1] TRACE i.a.p.raft.roles.FollowerRole - RaftServer{raft-partition-1}{role=FOLLOWER} - Sending AppendResponse{status=OK, term=1, succeeded=true, lastLogIndex=1}
21:52:05.885 [raft-server-raft-partition-1] TRACE i.a.p.raft.roles.LeaderAppender - RaftServer{raft-partition-1} - Received AppendResponse{status=OK, term=1, succeeded=true, lastLogIndex=1} from 3
21:52:05.885 [raft-server-raft-partition-1] TRACE i.a.p.raft.roles.LeaderAppender - RaftServer{raft-partition-1} - Sending AppendRequest{term=1, leader=2, prevLogIndex=1, prevLogTerm=1, entries=0, commitIndex=1} to 3
21:52:05.886 [raft-server-raft-partition-1] TRACE i.a.p.raft.roles.FollowerRole - RaftServer{raft-partition-1}{role=FOLLOWER} - Received AppendRequest{term=1, leader=2, prevLogIndex=1, prevLogTerm=1, entries=0, commitIndex=1}
21:52:05.886 [raft-server-raft-partition-1] TRACE i.a.p.raft.roles.FollowerRole - RaftServer{raft-partition-1}{role=FOLLOWER} - Sending AppendResponse{status=OK, term=1, succeeded=true, lastLogIndex=1}
21:52:05.886 [raft-server-raft-partition-1] TRACE i.a.p.raft.roles.LeaderAppender - RaftServer{raft-partition-1} - Received AppendResponse{status=OK, term=1, succeeded=true, lastLogIndex=1} from 3
21:52:05.917 [raft-server-system-partition-1] TRACE i.a.p.raft.roles.LeaderAppender - RaftServer{system-partition-1} - Sending AppendRequest{term=1, leader=1, prevLogIndex=13, prevLogTerm=1, entries=0, commitIndex=13} to 2
21:52:05.917 [raft-server-system-partition-1] TRACE i.a.p.raft.roles.LeaderAppender - RaftServer{system-partition-1} - Sending AppendRequest{term=1, leader=1, prevLogIndex=13, prevLogTerm=1, entries=0, commitIndex=13} to 3
21:52:05.917 [raft-server-system-partition-1] TRACE i.a.p.raft.roles.FollowerRole - RaftServer{system-partition-1}{role=FOLLOWER} - Received AppendRequest{term=1, leader=1, prevLogIndex=13, prevLogTerm=1, entries=0, commitIndex=13}
21:52:05.918 [raft-server-system-partition-1] TRACE i.a.p.raft.roles.FollowerRole - RaftServer{system-partition-1}{role=FOLLOWER} - Received AppendRequest{term=1, leader=1, prevLogIndex=13, prevLogTerm=1, entries=0, commitIndex=13}
21:52:05.918 [raft-server-system-partition-1] TRACE i.a.p.raft.roles.FollowerRole - RaftServer{system-partition-1}{role=FOLLOWER} - Sending AppendResponse{status=OK, term=1, succeeded=true, lastLogIndex=13}
21:52:05.918 [raft-server-system-partition-1] TRACE i.a.p.raft.roles.FollowerRole - RaftServer{system-partition-1}{role=FOLLOWER} - Sending AppendResponse{status=OK, term=1, succeeded=true, lastLogIndex=13}
21:52:05.918 [raft-server-system-partition-1] TRACE i.a.p.raft.roles.LeaderAppender - RaftServer{system-partition-1} - Received AppendResponse{status=OK, term=1, succeeded=true, lastLogIndex=13} from 2
21:52:05.918 [raft-server-system-partition-1] TRACE i.a.p.raft.roles.LeaderAppender - RaftServer{system-partition-1} - Sending AppendRequest{term=1, leader=1, prevLogIndex=13, prevLogTerm=1, entries=0, commitIndex=13} to 2
21:52:05.918 [raft-server-system-partition-1] TRACE i.a.p.raft.roles.LeaderAppender - RaftServer{system-partition-1} - Received AppendResponse{status=OK, term=1, succeeded=true, lastLogIndex=13} from 3
21:52:05.918 [raft-server-system-partition-1] TRACE i.a.p.raft.roles.LeaderAppender - RaftServer{system-partition-1} - Sending AppendRequest{term=1, leader=1, prevLogIndex=13, prevLogTerm=1, entries=0, commitIndex=13} to 3
21:52:05.918 [raft-server-system-partition-1] TRACE i.a.p.raft.roles.FollowerRole - RaftServer{system-partition-1}{role=FOLLOWER} - Received AppendRequest{term=1, leader=1, prevLogIndex=13, prevLogTerm=1, entries=0, commitIndex=13}
21:52:05.918 [raft-server-system-partition-1] TRACE i.a.p.raft.roles.FollowerRole - RaftServer{system-partition-1}{role=FOLLOWER} - Sending AppendResponse{status=OK, term=1, succeeded=true, lastLogIndex=13}
21:52:05.918 [raft-server-system-partition-1] TRACE i.a.p.raft.roles.FollowerRole - RaftServer{system-partition-1}{role=FOLLOWER} - Received AppendRequest{term=1, leader=1, prevLogIndex=13, prevLogTerm=1, entries=0, commitIndex=13}
21:52:05.918 [raft-server-system-partition-1] TRACE i.a.p.raft.roles.FollowerRole - RaftServer{system-partition-1}{role=FOLLOWER} - Sending AppendResponse{status=OK, term=1, succeeded=true, lastLogIndex=13}
21:52:05.918 [raft-server-system-partition-1] TRACE i.a.p.raft.roles.LeaderAppender - RaftServer{system-partition-1} - Received AppendResponse{status=OK, term=1, succeeded=true, lastLogIndex=13} from 2
21:52:05.919 [raft-server-system-partition-1] TRACE i.a.p.raft.roles.LeaderAppender - RaftServer{system-partition-1} - Received AppendResponse{status=OK, term=1, succeeded=true, lastLogIndex=13} from 3
21:52:05.959 [raft-server-raft-partition-5] TRACE i.a.p.raft.roles.LeaderAppender - RaftServer{raft-partition-5} - Sending AppendRequest{term=1, leader=3, prevLogIndex=1, prevLogTerm=1, entries=0, commitIndex=1} to 1
21:52:05.959 [raft-server-raft-partition-5] TRACE i.a.p.raft.roles.LeaderAppender - RaftServer{raft-partition-5} - Sending AppendRequest{term=1, leader=3, prevLogIndex=1, prevLogTerm=1, entries=0, commitIndex=1} to 2
21:52:05.959 [raft-server-raft-partition-7] TRACE i.a.p.raft.roles.LeaderAppender - RaftServer{raft-partition-7} - Sending AppendRequest{term=1, leader=2, prevLogIndex=1, prevLogTerm=1, entries=0, commitIndex=1} to 1
21:52:05.959 [raft-server-raft-partition-5] TRACE i.a.p.raft.roles.FollowerRole - RaftServer{raft-partition-5}{role=FOLLOWER} - Received AppendRequest{term=1, leader=3, prevLogIndex=1, prevLogTerm=1, entries=0, commitIndex=1}
21:52:05.959 [raft-server-raft-partition-7] TRACE i.a.p.raft.roles.LeaderAppender - RaftServer{raft-partition-7} - Sending AppendRequest{term=1, leader=2, prevLogIndex=1, prevLogTerm=1, entries=0, commitIndex=1} to 3
21:52:05.959 [raft-server-raft-partition-5] TRACE i.a.p.raft.roles.FollowerRole - RaftServer{raft-partition-5}{role=FOLLOWER} - Received AppendRequest{term=1, leader=3, prevLogIndex=1, prevLogTerm=1, entries=0, commitIndex=1}
21:52:05.959 [raft-server-raft-partition-5] TRACE i.a.p.raft.roles.FollowerRole - RaftServer{raft-partition-5}{role=FOLLOWER} - Sending AppendResponse{status=OK, term=1, succeeded=true, lastLogIndex=1}
21:52:05.959 [raft-server-raft-partition-5] TRACE i.a.p.raft.roles.FollowerRole - RaftServer{raft-partition-5}{role=FOLLOWER} - Sending AppendResponse{status=OK, term=1, succeeded=true, lastLogIndex=1}
21:52:05.959 [raft-server-raft-partition-7] TRACE i.a.p.raft.roles.FollowerRole - RaftServer{raft-partition-7}{role=FOLLOWER} - Received AppendRequest{term=1, leader=2, prevLogIndex=1, prevLogTerm=1, entries=0, commitIndex=1}
21:52:05.959 [raft-server-raft-partition-7] TRACE i.a.p.raft.roles.FollowerRole - RaftServer{raft-partition-7}{role=FOLLOWER} - Received AppendRequest{term=1, leader=2, prevLogIndex=1, prevLogTerm=1, entries=0, commitIndex=1}
21:52:05.959 [raft-server-raft-partition-7] TRACE i.a.p.raft.roles.FollowerRole - RaftServer{raft-partition-7}{role=FOLLOWER} - Sending AppendResponse{status=OK, term=1, succeeded=true, lastLogIndex=1}
21:52:05.959 [raft-server-raft-partition-5] TRACE i.a.p.raft.roles.LeaderAppender - RaftServer{raft-partition-5} - Received AppendResponse{status=OK, term=1, succeeded=true, lastLogIndex=1} from 1
21:52:05.959 [raft-server-raft-partition-7] TRACE i.a.p.raft.roles.FollowerRole - RaftServer{raft-partition-7}{role=FOLLOWER} - Sending AppendResponse{status=OK, term=1, succeeded=true, lastLogIndex=1}
21:52:05.960 [raft-server-raft-partition-5] TRACE i.a.p.raft.roles.LeaderAppender - RaftServer{raft-partition-5} - Sending AppendRequest{term=1, leader=3, prevLogIndex=1, prevLogTerm=1, entries=0, commitIndex=1} to 1
21:52:05.960 [raft-server-raft-partition-7] TRACE i.a.p.raft.roles.LeaderAppender - RaftServer{raft-partition-7} - Received AppendResponse{status=OK, term=1, succeeded=true, lastLogIndex=1} from 1
21:52:05.960 [raft-server-raft-partition-5] TRACE i.a.p.raft.roles.LeaderAppender - RaftServer{raft-partition-5} - Received AppendResponse{status=OK, term=1, succeeded=true, lastLogIndex=1} from 2
21:52:05.960 [raft-server-raft-partition-7] TRACE i.a.p.raft.roles.LeaderAppender - RaftServer{raft-partition-7} - Sending AppendRequest{term=1, leader=2, prevLogIndex=1, prevLogTerm=1, entries=0, commitIndex=1} to 1
21:52:05.960 [raft-server-raft-partition-5] TRACE i.a.p.raft.roles.LeaderAppender - RaftServer{raft-partition-5} - Sending AppendRequest{term=1, leader=3, prevLogIndex=1, prevLogTerm=1, entries=0, commitIndex=1} to 2
21:52:05.960 [raft-server-raft-partition-5] TRACE i.a.p.raft.roles.FollowerRole - RaftServer{raft-partition-5}{role=FOLLOWER} - Received AppendRequest{term=1, leader=3, prevLogIndex=1, prevLogTerm=1, entries=0, commitIndex=1}
21:52:05.960 [raft-server-raft-partition-7] TRACE i.a.p.raft.roles.LeaderAppender - RaftServer{raft-partition-7} - Received AppendResponse{status=OK, term=1, succeeded=true, lastLogIndex=1} from 3
21:52:05.960 [raft-server-raft-partition-5] TRACE i.a.p.raft.roles.FollowerRole - RaftServer{raft-partition-5}{role=FOLLOWER} - Sending AppendResponse{status=OK, term=1, succeeded=true, lastLogIndex=1}
21:52:05.960 [raft-server-raft-partition-7] TRACE i.a.p.raft.roles.FollowerRole - RaftServer{raft-partition-7}{role=FOLLOWER} - Received AppendRequest{term=1, leader=2, prevLogIndex=1, prevLogTerm=1, entries=0, commitIndex=1}
21:52:05.960 [raft-server-raft-partition-7] TRACE i.a.p.raft.roles.LeaderAppender - RaftServer{raft-partition-7} - Sending AppendRequest{term=1, leader=2, prevLogIndex=1, prevLogTerm=1, entries=0, commitIndex=1} to 3
21:52:05.960 [raft-server-raft-partition-5] TRACE i.a.p.raft.roles.FollowerRole - RaftServer{raft-partition-5}{role=FOLLOWER} - Received AppendRequest{term=1, leader=3, prevLogIndex=1, prevLogTerm=1, entries=0, commitIndex=1}
21:52:05.960 [raft-server-raft-partition-7] TRACE i.a.p.raft.roles.FollowerRole - RaftServer{raft-partition-7}{role=FOLLOWER} - Sending AppendResponse{status=OK, term=1, succeeded=true, lastLogIndex=1}
21:52:05.960 [raft-server-raft-partition-5] TRACE i.a.p.raft.roles.LeaderAppender - RaftServer{raft-partition-5} - Received AppendResponse{status=OK, term=1, succeeded=true, lastLogIndex=1} from 1
21:52:05.960 [raft-server-raft-partition-5] TRACE i.a.p.raft.roles.FollowerRole - RaftServer{raft-partition-5}{role=FOLLOWER} - Sending AppendResponse{status=OK, term=1, succeeded=true, lastLogIndex=1}
21:52:05.960 [raft-server-raft-partition-7] TRACE i.a.p.raft.roles.FollowerRole - RaftServer{raft-partition-7}{role=FOLLOWER} - Received AppendRequest{term=1, leader=2, prevLogIndex=1, prevLogTerm=1, entries=0, commitIndex=1}
21:52:05.961 [raft-server-raft-partition-7] TRACE i.a.p.raft.roles.LeaderAppender - RaftServer{raft-partition-7} - Received AppendResponse{status=OK, term=1, succeeded=true, lastLogIndex=1} from 1
21:52:05.961 [raft-server-raft-partition-7] TRACE i.a.p.raft.roles.FollowerRole - RaftServer{raft-partition-7}{role=FOLLOWER} - Sending AppendResponse{status=OK, term=1, succeeded=true, lastLogIndex=1}
21:52:05.961 [raft-server-raft-partition-5] TRACE i.a.p.raft.roles.LeaderAppender - RaftServer{raft-partition-5} - Received AppendResponse{status=OK, term=1, succeeded=true, lastLogIndex=1} from 2
21:52:05.961 [raft-server-raft-partition-7] TRACE i.a.p.raft.roles.LeaderAppender - RaftServer{raft-partition-7} - Received AppendResponse{status=OK, term=1, succeeded=true, lastLogIndex=1} from 3
21:52:05.976 [raft-server-raft-partition-6] TRACE i.a.p.r.c.impl.RaftClusterContext - RaftServer{raft-partition-6} - Cancelling join timeout
21:52:05.976 [raft-server-raft-partition-6] DEBUG i.a.p.r.c.impl.RaftClusterContext - RaftServer{raft-partition-6} - Attempting to join via 2
21:52:05.976 [raft-server-raft-partition-6] TRACE i.a.p.raft.roles.FollowerRole - RaftServer{raft-partition-6}{role=FOLLOWER} - Received JoinRequest{member=DefaultRaftMember{id=1, type=ACTIVE, updated=2018-06-10T19:52:00.916Z}}
21:52:05.976 [raft-server-raft-partition-6] TRACE i.a.protocols.raft.roles.LeaderRole - RaftServer{raft-partition-6}{role=LEADER} - Received JoinRequest{member=DefaultRaftMember{id=1, type=ACTIVE, updated=2018-06-10T19:52:00.916Z}}
21:52:05.976 [raft-server-raft-partition-6] TRACE i.a.protocols.raft.roles.LeaderRole - RaftServer{raft-partition-6}{role=LEADER} - Sending JoinResponse{status=OK, index=0, term=0, timestamp=1528660320916, members=[DefaultRaftMember{id=1, type=ACTIVE, updated=2018-06-10T19:52:00.916Z}, DefaultRaftMember{id=2, type=ACTIVE, updated=2018-06-10T19:52:00.916Z}, DefaultRaftMember{id=3, type=ACTIVE, updated=2018-06-10T19:52:00.916Z}]}
21:52:05.977 [raft-server-raft-partition-6] TRACE i.a.p.raft.roles.FollowerRole - RaftServer{raft-partition-6}{role=FOLLOWER} - Sending JoinResponse{status=OK, index=0, term=0, timestamp=1528660320916, members=[DefaultRaftMember{id=1, type=ACTIVE, updated=2018-06-10T19:52:00.916Z}, DefaultRaftMember{id=2, type=ACTIVE, updated=2018-06-10T19:52:00.916Z}, DefaultRaftMember{id=3, type=ACTIVE, updated=2018-06-10T19:52:00.916Z}]}
21:52:05.977 [raft-server-raft-partition-6] TRACE i.a.p.r.c.impl.RaftClusterContext - RaftServer{raft-partition-6} - Cancelling join timeout
21:52:05.977 [raft-server-raft-partition-6] INFO  i.a.p.r.c.impl.RaftClusterContext - RaftServer{raft-partition-6} - Successfully joined via 2
21:52:05.977 [raft-server-raft-partition-6] INFO  i.a.p.raft.impl.DefaultRaftServer - RaftServer{raft-partition-6} - Server started successfully!
21:52:05.977 [raft-server-raft-partition-6] INFO  i.a.p.r.p.impl.RaftPartitionServer - Successfully started server for partition PartitionId{id=6, group=raft}
21:52:05.978 [raft-client-raft-partition-6-0] INFO  i.a.p.r.p.impl.RaftPartitionClient - Successfully started client for partition PartitionId{id=6, group=raft}
21:52:05.993 [raft-server-raft-partition-4] TRACE i.a.p.raft.roles.LeaderAppender - RaftServer{raft-partition-4} - Sending AppendRequest{term=1, leader=1, prevLogIndex=1, prevLogTerm=1, entries=0, commitIndex=1} to 2
21:52:05.993 [raft-server-raft-partition-4] TRACE i.a.p.raft.roles.LeaderAppender - RaftServer{raft-partition-4} - Sending AppendRequest{term=1, leader=1, prevLogIndex=1, prevLogTerm=1, entries=0, commitIndex=1} to 3
21:52:05.993 [raft-server-raft-partition-4] TRACE i.a.p.raft.roles.FollowerRole - RaftServer{raft-partition-4}{role=FOLLOWER} - Received AppendRequest{term=1, leader=1, prevLogIndex=1, prevLogTerm=1, entries=0, commitIndex=1}
21:52:05.993 [raft-server-raft-partition-4] TRACE i.a.p.raft.roles.FollowerRole - RaftServer{raft-partition-4}{role=FOLLOWER} - Received AppendRequest{term=1, leader=1, prevLogIndex=1, prevLogTerm=1, entries=0, commitIndex=1}
21:52:05.993 [raft-server-raft-partition-4] TRACE i.a.p.raft.roles.FollowerRole - RaftServer{raft-partition-4}{role=FOLLOWER} - Sending AppendResponse{status=OK, term=1, succeeded=true, lastLogIndex=1}
21:52:05.994 [raft-server-raft-partition-4] TRACE i.a.p.raft.roles.FollowerRole - RaftServer{raft-partition-4}{role=FOLLOWER} - Sending AppendResponse{status=OK, term=1, succeeded=true, lastLogIndex=1}
21:52:05.994 [raft-server-raft-partition-4] TRACE i.a.p.raft.roles.LeaderAppender - RaftServer{raft-partition-4} - Received AppendResponse{status=OK, term=1, succeeded=true, lastLogIndex=1} from 3
21:52:05.994 [raft-server-raft-partition-4] TRACE i.a.p.raft.roles.LeaderAppender - RaftServer{raft-partition-4} - Sending AppendRequest{term=1, leader=1, prevLogIndex=1, prevLogTerm=1, entries=0, commitIndex=1} to 3
21:52:05.994 [raft-server-raft-partition-4] TRACE i.a.p.raft.roles.LeaderAppender - RaftServer{raft-partition-4} - Received AppendResponse{status=OK, term=1, succeeded=true, lastLogIndex=1} from 2
21:52:05.994 [raft-server-raft-partition-4] TRACE i.a.p.raft.roles.LeaderAppender - RaftServer{raft-partition-4} - Sending AppendRequest{term=1, leader=1, prevLogIndex=1, prevLogTerm=1, entries=0, commitIndex=1} to 2
21:52:05.994 [raft-server-raft-partition-4] TRACE i.a.p.raft.roles.FollowerRole - RaftServer{raft-partition-4}{role=FOLLOWER} - Received AppendRequest{term=1, leader=1, prevLogIndex=1, prevLogTerm=1, entries=0, commitIndex=1}
21:52:05.994 [raft-server-raft-partition-4] TRACE i.a.p.raft.roles.FollowerRole - RaftServer{raft-partition-4}{role=FOLLOWER} - Sending AppendResponse{status=OK, term=1, succeeded=true, lastLogIndex=1}
21:52:05.994 [raft-server-raft-partition-4] TRACE i.a.p.raft.roles.FollowerRole - RaftServer{raft-partition-4}{role=FOLLOWER} - Received AppendRequest{term=1, leader=1, prevLogIndex=1, prevLogTerm=1, entries=0, commitIndex=1}
21:52:05.994 [raft-server-raft-partition-4] TRACE i.a.p.raft.roles.FollowerRole - RaftServer{raft-partition-4}{role=FOLLOWER} - Sending AppendResponse{status=OK, term=1, succeeded=true, lastLogIndex=1}
21:52:05.994 [raft-server-raft-partition-4] TRACE i.a.p.raft.roles.LeaderAppender - RaftServer{raft-partition-4} - Received AppendResponse{status=OK, term=1, succeeded=true, lastLogIndex=1} from 2
21:52:05.995 [raft-server-raft-partition-4] TRACE i.a.p.raft.roles.LeaderAppender - RaftServer{raft-partition-4} - Received AppendResponse{status=OK, term=1, succeeded=true, lastLogIndex=1} from 3
21:52:06.067 [raft-server-raft-partition-2] TRACE i.a.p.raft.roles.LeaderAppender - RaftServer{raft-partition-2} - Sending AppendRequest{term=1, leader=1, prevLogIndex=1, prevLogTerm=1, entries=0, commitIndex=1} to 2
21:52:06.067 [raft-server-raft-partition-2] TRACE i.a.p.raft.roles.LeaderAppender - RaftServer{raft-partition-2} - Sending AppendRequest{term=1, leader=1, prevLogIndex=1, prevLogTerm=1, entries=0, commitIndex=1} to 3
21:52:06.068 [raft-server-raft-partition-2] TRACE i.a.p.raft.roles.FollowerRole - RaftServer{raft-partition-2}{role=FOLLOWER} - Received AppendRequest{term=1, leader=1, prevLogIndex=1, prevLogTerm=1, entries=0, commitIndex=1}
21:52:06.068 [raft-server-raft-partition-2] TRACE i.a.p.raft.roles.FollowerRole - RaftServer{raft-partition-2}{role=FOLLOWER} - Received AppendRequest{term=1, leader=1, prevLogIndex=1, prevLogTerm=1, entries=0, commitIndex=1}
21:52:06.068 [raft-server-raft-partition-2] TRACE i.a.p.raft.roles.FollowerRole - RaftServer{raft-partition-2}{role=FOLLOWER} - Sending AppendResponse{status=OK, term=1, succeeded=true, lastLogIndex=1}
21:52:06.068 [raft-server-raft-partition-2] TRACE i.a.p.raft.roles.FollowerRole - RaftServer{raft-partition-2}{role=FOLLOWER} - Sending AppendResponse{status=OK, term=1, succeeded=true, lastLogIndex=1}
21:52:06.068 [raft-server-raft-partition-2] TRACE i.a.p.raft.roles.LeaderAppender - RaftServer{raft-partition-2} - Received AppendResponse{status=OK, term=1, succeeded=true, lastLogIndex=1} from 2
21:52:06.068 [raft-server-raft-partition-2] TRACE i.a.p.raft.roles.LeaderAppender - RaftServer{raft-partition-2} - Sending AppendRequest{term=1, leader=1, prevLogIndex=1, prevLogTerm=1, entries=0, commitIndex=1} to 2
21:52:06.068 [raft-server-raft-partition-5] TRACE i.a.p.r.c.impl.RaftClusterContext - RaftServer{raft-partition-5} - Cancelling join timeout
21:52:06.068 [raft-server-raft-partition-2] TRACE i.a.p.raft.roles.LeaderAppender - RaftServer{raft-partition-2} - Received AppendResponse{status=OK, term=1, succeeded=true, lastLogIndex=1} from 3
21:52:06.068 [raft-server-raft-partition-5] DEBUG i.a.p.r.c.impl.RaftClusterContext - RaftServer{raft-partition-5} - Attempting to join via 2
21:52:06.068 [raft-server-raft-partition-2] TRACE i.a.p.raft.roles.LeaderAppender - RaftServer{raft-partition-2} - Sending AppendRequest{term=1, leader=1, prevLogIndex=1, prevLogTerm=1, entries=0, commitIndex=1} to 3
21:52:06.068 [raft-server-raft-partition-2] TRACE i.a.p.raft.roles.FollowerRole - RaftServer{raft-partition-2}{role=FOLLOWER} - Received AppendRequest{term=1, leader=1, prevLogIndex=1, prevLogTerm=1, entries=0, commitIndex=1}
21:52:06.068 [raft-server-raft-partition-2] TRACE i.a.p.raft.roles.FollowerRole - RaftServer{raft-partition-2}{role=FOLLOWER} - Sending AppendResponse{status=OK, term=1, succeeded=true, lastLogIndex=1}
21:52:06.068 [raft-server-raft-partition-2] TRACE i.a.p.raft.roles.FollowerRole - RaftServer{raft-partition-2}{role=FOLLOWER} - Received AppendRequest{term=1, leader=1, prevLogIndex=1, prevLogTerm=1, entries=0, commitIndex=1}
21:52:06.069 [raft-server-raft-partition-2] TRACE i.a.p.raft.roles.FollowerRole - RaftServer{raft-partition-2}{role=FOLLOWER} - Sending AppendResponse{status=OK, term=1, succeeded=true, lastLogIndex=1}
21:52:06.069 [raft-server-raft-partition-5] TRACE i.a.p.raft.roles.FollowerRole - RaftServer{raft-partition-5}{role=FOLLOWER} - Received JoinRequest{member=DefaultRaftMember{id=1, type=ACTIVE, updated=2018-06-10T19:52:01.041Z}}
21:52:06.069 [raft-server-raft-partition-2] TRACE i.a.p.raft.roles.LeaderAppender - RaftServer{raft-partition-2} - Received AppendResponse{status=OK, term=1, succeeded=true, lastLogIndex=1} from 2
21:52:06.069 [raft-server-raft-partition-2] TRACE i.a.p.raft.roles.LeaderAppender - RaftServer{raft-partition-2} - Received AppendResponse{status=OK, term=1, succeeded=true, lastLogIndex=1} from 3
21:52:06.069 [raft-server-raft-partition-5] TRACE i.a.protocols.raft.roles.LeaderRole - RaftServer{raft-partition-5}{role=LEADER} - Received JoinRequest{member=DefaultRaftMember{id=1, type=ACTIVE, updated=2018-06-10T19:52:01.041Z}}
21:52:06.069 [raft-server-raft-partition-5] TRACE i.a.protocols.raft.roles.LeaderRole - RaftServer{raft-partition-5}{role=LEADER} - Sending JoinResponse{status=OK, index=0, term=0, timestamp=1528660321041, members=[DefaultRaftMember{id=1, type=ACTIVE, updated=2018-06-10T19:52:01.041Z}, DefaultRaftMember{id=2, type=ACTIVE, updated=2018-06-10T19:52:01.041Z}, DefaultRaftMember{id=3, type=ACTIVE, updated=2018-06-10T19:52:01.338Z}]}
21:52:06.069 [raft-server-raft-partition-5] TRACE i.a.p.raft.roles.FollowerRole - RaftServer{raft-partition-5}{role=FOLLOWER} - Sending JoinResponse{status=OK, index=0, term=0, timestamp=1528660321041, members=[DefaultRaftMember{id=1, type=ACTIVE, updated=2018-06-10T19:52:01.041Z}, DefaultRaftMember{id=2, type=ACTIVE, updated=2018-06-10T19:52:01.041Z}, DefaultRaftMember{id=3, type=ACTIVE, updated=2018-06-10T19:52:01.338Z}]}
21:52:06.069 [raft-server-raft-partition-5] TRACE i.a.p.r.c.impl.RaftClusterContext - RaftServer{raft-partition-5} - Cancelling join timeout
21:52:06.069 [raft-server-raft-partition-5] INFO  i.a.p.r.c.impl.RaftClusterContext - RaftServer{raft-partition-5} - Successfully joined via 2
21:52:06.070 [raft-server-raft-partition-5] INFO  i.a.p.raft.impl.DefaultRaftServer - RaftServer{raft-partition-5} - Server started successfully!
21:52:06.070 [raft-server-raft-partition-5] INFO  i.a.p.r.p.impl.RaftPartitionServer - Successfully started server for partition PartitionId{id=5, group=raft}
21:52:06.070 [raft-client-raft-partition-5-0] INFO  i.a.p.r.p.impl.RaftPartitionClient - Successfully started client for partition PartitionId{id=5, group=raft}
21:52:06.076 [raft-server-raft-partition-6] TRACE i.a.p.raft.roles.LeaderAppender - RaftServer{raft-partition-6} - Sending AppendRequest{term=1, leader=1, prevLogIndex=1, prevLogTerm=1, entries=0, commitIndex=1} to 2
21:52:06.076 [raft-server-raft-partition-6] TRACE i.a.p.raft.roles.LeaderAppender - RaftServer{raft-partition-6} - Sending AppendRequest{term=1, leader=1, prevLogIndex=1, prevLogTerm=1, entries=0, commitIndex=1} to 3
21:52:06.076 [raft-server-raft-partition-6] TRACE i.a.p.raft.roles.FollowerRole - RaftServer{raft-partition-6}{role=FOLLOWER} - Received AppendRequest{term=1, leader=1, prevLogIndex=1, prevLogTerm=1, entries=0, commitIndex=1}
21:52:06.076 [raft-server-raft-partition-6] TRACE i.a.p.raft.roles.FollowerRole - RaftServer{raft-partition-6}{role=FOLLOWER} - Sending AppendResponse{status=OK, term=1, succeeded=true, lastLogIndex=1}
21:52:06.076 [raft-server-raft-partition-6] TRACE i.a.p.raft.roles.FollowerRole - RaftServer{raft-partition-6}{role=FOLLOWER} - Received AppendRequest{term=1, leader=1, prevLogIndex=1, prevLogTerm=1, entries=0, commitIndex=1}
21:52:06.076 [raft-server-raft-partition-6] TRACE i.a.p.raft.roles.FollowerRole - RaftServer{raft-partition-6}{role=FOLLOWER} - Sending AppendResponse{status=OK, term=1, succeeded=true, lastLogIndex=1}
21:52:06.076 [raft-server-raft-partition-6] TRACE i.a.p.raft.roles.LeaderAppender - RaftServer{raft-partition-6} - Received AppendResponse{status=OK, term=1, succeeded=true, lastLogIndex=1} from 2
21:52:06.076 [raft-server-raft-partition-6] TRACE i.a.p.raft.roles.LeaderAppender - RaftServer{raft-partition-6} - Sending AppendRequest{term=1, leader=1, prevLogIndex=1, prevLogTerm=1, entries=0, commitIndex=1} to 2
21:52:06.076 [raft-server-raft-partition-6] TRACE i.a.p.raft.roles.LeaderAppender - RaftServer{raft-partition-6} - Received AppendResponse{status=OK, term=1, succeeded=true, lastLogIndex=1} from 3
21:52:06.076 [raft-server-raft-partition-6] TRACE i.a.p.raft.roles.LeaderAppender - RaftServer{raft-partition-6} - Sending AppendRequest{term=1, leader=1, prevLogIndex=1, prevLogTerm=1, entries=0, commitIndex=1} to 3
21:52:06.077 [raft-server-raft-partition-6] TRACE i.a.p.raft.roles.FollowerRole - RaftServer{raft-partition-6}{role=FOLLOWER} - Received AppendRequest{term=1, leader=1, prevLogIndex=1, prevLogTerm=1, entries=0, commitIndex=1}
21:52:06.077 [raft-server-raft-partition-6] TRACE i.a.p.raft.roles.FollowerRole - RaftServer{raft-partition-6}{role=FOLLOWER} - Received AppendRequest{term=1, leader=1, prevLogIndex=1, prevLogTerm=1, entries=0, commitIndex=1}
21:52:06.077 [raft-server-raft-partition-6] TRACE i.a.p.raft.roles.FollowerRole - RaftServer{raft-partition-6}{role=FOLLOWER} - Sending AppendResponse{status=OK, term=1, succeeded=true, lastLogIndex=1}
21:52:06.077 [raft-server-raft-partition-6] TRACE i.a.p.raft.roles.FollowerRole - RaftServer{raft-partition-6}{role=FOLLOWER} - Sending AppendResponse{status=OK, term=1, succeeded=true, lastLogIndex=1}
21:52:06.077 [raft-server-raft-partition-6] TRACE i.a.p.raft.roles.LeaderAppender - RaftServer{raft-partition-6} - Received AppendResponse{status=OK, term=1, succeeded=true, lastLogIndex=1} from 2
21:52:06.077 [raft-server-raft-partition-6] TRACE i.a.p.raft.roles.LeaderAppender - RaftServer{raft-partition-6} - Sending AppendRequest{term=1, leader=1, prevLogIndex=1, prevLogTerm=1, entries=0, commitIndex=1} to 2
21:52:06.077 [raft-server-raft-partition-6] TRACE i.a.p.raft.roles.LeaderAppender - RaftServer{raft-partition-6} - Received AppendResponse{status=OK, term=1, succeeded=true, lastLogIndex=1} from 3
21:52:06.077 [raft-server-raft-partition-6] TRACE i.a.p.raft.roles.LeaderAppender - RaftServer{raft-partition-6} - Sending AppendRequest{term=1, leader=1, prevLogIndex=1, prevLogTerm=1, entries=0, commitIndex=1} to 3
21:52:06.077 [raft-server-raft-partition-6] TRACE i.a.p.raft.roles.FollowerRole - RaftServer{raft-partition-6}{role=FOLLOWER} - Received AppendRequest{term=1, leader=1, prevLogIndex=1, prevLogTerm=1, entries=0, commitIndex=1}
21:52:06.077 [raft-server-raft-partition-6] TRACE i.a.p.raft.roles.FollowerRole - RaftServer{raft-partition-6}{role=FOLLOWER} - Received AppendRequest{term=1, leader=1, prevLogIndex=1, prevLogTerm=1, entries=0, commitIndex=1}
21:52:06.077 [raft-server-raft-partition-6] TRACE i.a.p.raft.roles.FollowerRole - RaftServer{raft-partition-6}{role=FOLLOWER} - Sending AppendResponse{status=OK, term=1, succeeded=true, lastLogIndex=1}
21:52:06.077 [raft-server-raft-partition-6] TRACE i.a.p.raft.roles.FollowerRole - RaftServer{raft-partition-6}{role=FOLLOWER} - Sending AppendResponse{status=OK, term=1, succeeded=true, lastLogIndex=1}
21:52:06.078 [raft-server-raft-partition-6] TRACE i.a.p.raft.roles.LeaderAppender - RaftServer{raft-partition-6} - Received AppendResponse{status=OK, term=1, succeeded=true, lastLogIndex=1} from 3
21:52:06.078 [raft-server-raft-partition-6] TRACE i.a.p.raft.roles.LeaderAppender - RaftServer{raft-partition-6} - Received AppendResponse{status=OK, term=1, succeeded=true, lastLogIndex=1} from 2
21:52:06.134 [raft-server-raft-partition-1] TRACE i.a.p.raft.roles.LeaderAppender - RaftServer{raft-partition-1} - Sending AppendRequest{term=1, leader=2, prevLogIndex=1, prevLogTerm=1, entries=0, commitIndex=1} to 3
21:52:06.135 [raft-server-raft-partition-1] TRACE i.a.p.raft.roles.FollowerRole - RaftServer{raft-partition-1}{role=FOLLOWER} - Received AppendRequest{term=1, leader=2, prevLogIndex=1, prevLogTerm=1, entries=0, commitIndex=1}
21:52:06.135 [raft-server-raft-partition-1] TRACE i.a.p.raft.roles.FollowerRole - RaftServer{raft-partition-1}{role=FOLLOWER} - Sending AppendResponse{status=OK, term=1, succeeded=true, lastLogIndex=1}
21:52:06.135 [raft-server-raft-partition-1] TRACE i.a.p.raft.roles.LeaderAppender - RaftServer{raft-partition-1} - Received AppendResponse{status=OK, term=1, succeeded=true, lastLogIndex=1} from 3
21:52:06.135 [raft-server-raft-partition-1] TRACE i.a.p.raft.roles.LeaderAppender - RaftServer{raft-partition-1} - Sending AppendRequest{term=1, leader=2, prevLogIndex=1, prevLogTerm=1, entries=0, commitIndex=1} to 3
21:52:06.135 [raft-server-raft-partition-1] TRACE i.a.p.raft.roles.FollowerRole - RaftServer{raft-partition-1}{role=FOLLOWER} - Received AppendRequest{term=1, leader=2, prevLogIndex=1, prevLogTerm=1, entries=0, commitIndex=1}
21:52:06.136 [raft-server-raft-partition-1] TRACE i.a.p.raft.roles.FollowerRole - RaftServer{raft-partition-1}{role=FOLLOWER} - Sending AppendResponse{status=OK, term=1, succeeded=true, lastLogIndex=1}
21:52:06.136 [raft-server-raft-partition-1] TRACE i.a.p.raft.roles.LeaderAppender - RaftServer{raft-partition-1} - Received AppendResponse{status=OK, term=1, succeeded=true, lastLogIndex=1} from 3
21:52:06.167 [raft-server-system-partition-1] TRACE i.a.p.raft.roles.LeaderAppender - RaftServer{system-partition-1} - Sending AppendRequest{term=1, leader=1, prevLogIndex=13, prevLogTerm=1, entries=0, commitIndex=13} to 2
21:52:06.167 [raft-server-system-partition-1] TRACE i.a.p.raft.roles.LeaderAppender - RaftServer{system-partition-1} - Sending AppendRequest{term=1, leader=1, prevLogIndex=13, prevLogTerm=1, entries=0, commitIndex=13} to 3
21:52:06.168 [raft-server-system-partition-1] TRACE i.a.p.raft.roles.FollowerRole - RaftServer{system-partition-1}{role=FOLLOWER} - Received AppendRequest{term=1, leader=1, prevLogIndex=13, prevLogTerm=1, entries=0, commitIndex=13}
21:52:06.168 [raft-server-system-partition-1] TRACE i.a.p.raft.roles.FollowerRole - RaftServer{system-partition-1}{role=FOLLOWER} - Received AppendRequest{term=1, leader=1, prevLogIndex=13, prevLogTerm=1, entries=0, commitIndex=13}
21:52:06.168 [raft-server-system-partition-1] TRACE i.a.p.raft.roles.FollowerRole - RaftServer{system-partition-1}{role=FOLLOWER} - Sending AppendResponse{status=OK, term=1, succeeded=true, lastLogIndex=13}
21:52:06.168 [raft-server-system-partition-1] TRACE i.a.p.raft.roles.FollowerRole - RaftServer{system-partition-1}{role=FOLLOWER} - Sending AppendResponse{status=OK, term=1, succeeded=true, lastLogIndex=13}
21:52:06.168 [raft-server-system-partition-1] TRACE i.a.p.raft.roles.LeaderAppender - RaftServer{system-partition-1} - Received AppendResponse{status=OK, term=1, succeeded=true, lastLogIndex=13} from 3
21:52:06.168 [raft-server-system-partition-1] TRACE i.a.p.raft.roles.LeaderAppender - RaftServer{system-partition-1} - Sending AppendRequest{term=1, leader=1, prevLogIndex=13, prevLogTerm=1, entries=0, commitIndex=13} to 3
21:52:06.168 [raft-server-system-partition-1] TRACE i.a.p.raft.roles.LeaderAppender - RaftServer{system-partition-1} - Received AppendResponse{status=OK, term=1, succeeded=true, lastLogIndex=13} from 2
21:52:06.168 [raft-server-system-partition-1] TRACE i.a.p.raft.roles.LeaderAppender - RaftServer{system-partition-1} - Sending AppendRequest{term=1, leader=1, prevLogIndex=13, prevLogTerm=1, entries=0, commitIndex=13} to 2
21:52:06.168 [raft-server-system-partition-1] TRACE i.a.p.raft.roles.FollowerRole - RaftServer{system-partition-1}{role=FOLLOWER} - Received AppendRequest{term=1, leader=1, prevLogIndex=13, prevLogTerm=1, entries=0, commitIndex=13}
21:52:06.168 [raft-server-system-partition-1] TRACE i.a.p.raft.roles.FollowerRole - RaftServer{system-partition-1}{role=FOLLOWER} - Sending AppendResponse{status=OK, term=1, succeeded=true, lastLogIndex=13}
21:52:06.168 [raft-server-system-partition-1] TRACE i.a.p.raft.roles.FollowerRole - RaftServer{system-partition-1}{role=FOLLOWER} - Received AppendRequest{term=1, leader=1, prevLogIndex=13, prevLogTerm=1, entries=0, commitIndex=13}
21:52:06.168 [raft-server-system-partition-1] TRACE i.a.p.raft.roles.FollowerRole - RaftServer{system-partition-1}{role=FOLLOWER} - Sending AppendResponse{status=OK, term=1, succeeded=true, lastLogIndex=13}
21:52:06.168 [raft-server-system-partition-1] TRACE i.a.p.raft.roles.LeaderAppender - RaftServer{system-partition-1} - Received AppendResponse{status=OK, term=1, succeeded=true, lastLogIndex=13} from 3
21:52:06.169 [raft-server-system-partition-1] TRACE i.a.p.raft.roles.LeaderAppender - RaftServer{system-partition-1} - Received AppendResponse{status=OK, term=1, succeeded=true, lastLogIndex=13} from 2
21:52:06.187 [raft-server-raft-partition-7] TRACE i.a.p.r.c.impl.RaftClusterContext - RaftServer{raft-partition-7} - Cancelling join timeout
21:52:06.187 [raft-server-raft-partition-7] DEBUG i.a.p.r.c.impl.RaftClusterContext - RaftServer{raft-partition-7} - Attempting to join via 2
21:52:06.187 [raft-server-raft-partition-7] TRACE i.a.protocols.raft.roles.LeaderRole - RaftServer{raft-partition-7}{role=LEADER} - Received JoinRequest{member=DefaultRaftMember{id=1, type=ACTIVE, updated=2018-06-10T19:52:01.141Z}}
21:52:06.187 [raft-server-raft-partition-7] TRACE i.a.protocols.raft.roles.LeaderRole - RaftServer{raft-partition-7}{role=LEADER} - Sending JoinResponse{status=OK, index=0, term=0, timestamp=1528660321141, members=[DefaultRaftMember{id=1, type=ACTIVE, updated=2018-06-10T19:52:01.141Z}, DefaultRaftMember{id=2, type=ACTIVE, updated=2018-06-10T19:52:01.192Z}, DefaultRaftMember{id=3, type=ACTIVE, updated=2018-06-10T19:52:01.141Z}]}
21:52:06.187 [raft-server-raft-partition-7] TRACE i.a.p.r.c.impl.RaftClusterContext - RaftServer{raft-partition-7} - Cancelling join timeout
21:52:06.187 [raft-server-raft-partition-7] INFO  i.a.p.r.c.impl.RaftClusterContext - RaftServer{raft-partition-7} - Successfully joined via 2
21:52:06.187 [raft-server-raft-partition-7] INFO  i.a.p.raft.impl.DefaultRaftServer - RaftServer{raft-partition-7} - Server started successfully!
21:52:06.187 [raft-server-raft-partition-7] INFO  i.a.p.r.p.impl.RaftPartitionServer - Successfully started server for partition PartitionId{id=7, group=raft}
21:52:06.188 [raft-client-raft-partition-7-0] INFO  i.a.p.r.p.impl.RaftPartitionClient - Successfully started client for partition PartitionId{id=7, group=raft}
21:52:06.189 [raft-server-raft-partition-6] TRACE i.a.p.r.c.impl.RaftClusterContext - RaftServer{raft-partition-6} - Cancelling join timeout
21:52:06.189 [raft-server-raft-partition-6] DEBUG i.a.p.r.c.impl.RaftClusterContext - RaftServer{raft-partition-6} - Attempting to join via 1
21:52:06.189 [raft-server-raft-partition-6] TRACE i.a.protocols.raft.roles.LeaderRole - RaftServer{raft-partition-6}{role=LEADER} - Received JoinRequest{member=DefaultRaftMember{id=2, type=ACTIVE, updated=2018-06-10T19:52:01.187Z}}
21:52:06.189 [raft-server-raft-partition-6] TRACE i.a.protocols.raft.roles.LeaderRole - RaftServer{raft-partition-6}{role=LEADER} - Sending JoinResponse{status=OK, index=0, term=0, timestamp=1528660320916, members=[DefaultRaftMember{id=1, type=ACTIVE, updated=2018-06-10T19:52:00.916Z}, DefaultRaftMember{id=2, type=ACTIVE, updated=2018-06-10T19:52:00.916Z}, DefaultRaftMember{id=3, type=ACTIVE, updated=2018-06-10T19:52:00.916Z}]}
21:52:06.189 [raft-server-raft-partition-6] TRACE i.a.p.r.c.impl.RaftClusterContext - RaftServer{raft-partition-6} - Cancelling join timeout
21:52:06.190 [raft-server-raft-partition-6] INFO  i.a.p.r.c.impl.RaftClusterContext - RaftServer{raft-partition-6} - Successfully joined via 1
21:52:06.190 [raft-server-raft-partition-6] INFO  i.a.p.raft.impl.DefaultRaftServer - RaftServer{raft-partition-6} - Server started successfully!
21:52:06.190 [raft-server-raft-partition-6] INFO  i.a.p.r.p.impl.RaftPartitionServer - Successfully started server for partition PartitionId{id=6, group=raft}
21:52:06.190 [raft-client-raft-partition-6-0] INFO  i.a.p.r.p.impl.RaftPartitionClient - Successfully started client for partition PartitionId{id=6, group=raft}
21:52:06.191 [raft-server-raft-partition-5] TRACE i.a.p.r.c.impl.RaftClusterContext - RaftServer{raft-partition-5} - Cancelling join timeout
21:52:06.191 [raft-server-raft-partition-5] DEBUG i.a.p.r.c.impl.RaftClusterContext - RaftServer{raft-partition-5} - Attempting to join via 1
21:52:06.192 [raft-server-raft-partition-5] TRACE i.a.p.raft.roles.FollowerRole - RaftServer{raft-partition-5}{role=FOLLOWER} - Received JoinRequest{member=DefaultRaftMember{id=2, type=ACTIVE, updated=2018-06-10T19:52:01.189Z}}
21:52:06.192 [raft-server-raft-partition-5] TRACE i.a.protocols.raft.roles.LeaderRole - RaftServer{raft-partition-5}{role=LEADER} - Received JoinRequest{member=DefaultRaftMember{id=2, type=ACTIVE, updated=2018-06-10T19:52:01.189Z}}
21:52:06.192 [raft-server-raft-partition-5] TRACE i.a.protocols.raft.roles.LeaderRole - RaftServer{raft-partition-5}{role=LEADER} - Sending JoinResponse{status=OK, index=0, term=0, timestamp=1528660321041, members=[DefaultRaftMember{id=1, type=ACTIVE, updated=2018-06-10T19:52:01.041Z}, DefaultRaftMember{id=2, type=ACTIVE, updated=2018-06-10T19:52:01.041Z}, DefaultRaftMember{id=3, type=ACTIVE, updated=2018-06-10T19:52:01.338Z}]}
21:52:06.192 [raft-server-raft-partition-5] TRACE i.a.p.raft.roles.FollowerRole - RaftServer{raft-partition-5}{role=FOLLOWER} - Sending JoinResponse{status=OK, index=0, term=0, timestamp=1528660321041, members=[DefaultRaftMember{id=1, type=ACTIVE, updated=2018-06-10T19:52:01.041Z}, DefaultRaftMember{id=2, type=ACTIVE, updated=2018-06-10T19:52:01.041Z}, DefaultRaftMember{id=3, type=ACTIVE, updated=2018-06-10T19:52:01.338Z}]}
21:52:06.193 [raft-server-raft-partition-5] TRACE i.a.p.r.c.impl.RaftClusterContext - RaftServer{raft-partition-5} - Cancelling join timeout
21:52:06.193 [raft-server-raft-partition-5] INFO  i.a.p.r.c.impl.RaftClusterContext - RaftServer{raft-partition-5} - Successfully joined via 1
21:52:06.193 [raft-server-raft-partition-5] INFO  i.a.p.raft.impl.DefaultRaftServer - RaftServer{raft-partition-5} - Server started successfully!
21:52:06.193 [raft-server-raft-partition-5] INFO  i.a.p.r.p.impl.RaftPartitionServer - Successfully started server for partition PartitionId{id=5, group=raft}
21:52:06.193 [raft-client-raft-partition-5-0] INFO  i.a.p.r.p.impl.RaftPartitionClient - Successfully started client for partition PartitionId{id=5, group=raft}
21:52:06.195 [raft-server-raft-partition-7] TRACE i.a.p.r.c.impl.RaftClusterContext - RaftServer{raft-partition-7} - Cancelling join timeout
21:52:06.195 [raft-server-raft-partition-7] DEBUG i.a.p.r.c.impl.RaftClusterContext - RaftServer{raft-partition-7} - Attempting to join via 1
21:52:06.196 [raft-server-raft-partition-7] TRACE i.a.p.raft.roles.FollowerRole - RaftServer{raft-partition-7}{role=FOLLOWER} - Received JoinRequest{member=DefaultRaftMember{id=2, type=ACTIVE, updated=2018-06-10T19:52:01.192Z}}
21:52:06.196 [raft-server-raft-partition-7] TRACE i.a.protocols.raft.roles.LeaderRole - RaftServer{raft-partition-7}{role=LEADER} - Received JoinRequest{member=DefaultRaftMember{id=2, type=ACTIVE, updated=2018-06-10T19:52:01.192Z}}
21:52:06.196 [raft-server-raft-partition-7] TRACE i.a.protocols.raft.roles.LeaderRole - RaftServer{raft-partition-7}{role=LEADER} - Sending JoinResponse{status=OK, index=0, term=0, timestamp=1528660321141, members=[DefaultRaftMember{id=1, type=ACTIVE, updated=2018-06-10T19:52:01.141Z}, DefaultRaftMember{id=2, type=ACTIVE, updated=2018-06-10T19:52:01.192Z}, DefaultRaftMember{id=3, type=ACTIVE, updated=2018-06-10T19:52:01.141Z}]}
21:52:06.196 [raft-server-raft-partition-7] TRACE i.a.p.raft.roles.FollowerRole - RaftServer{raft-partition-7}{role=FOLLOWER} - Sending JoinResponse{status=OK, index=0, term=0, timestamp=1528660321141, members=[DefaultRaftMember{id=1, type=ACTIVE, updated=2018-06-10T19:52:01.141Z}, DefaultRaftMember{id=2, type=ACTIVE, updated=2018-06-10T19:52:01.192Z}, DefaultRaftMember{id=3, type=ACTIVE, updated=2018-06-10T19:52:01.141Z}]}
21:52:06.197 [raft-server-raft-partition-7] TRACE i.a.p.r.c.impl.RaftClusterContext - RaftServer{raft-partition-7} - Cancelling join timeout
21:52:06.197 [raft-server-raft-partition-7] INFO  i.a.p.r.c.impl.RaftClusterContext - RaftServer{raft-partition-7} - Successfully joined via 1
21:52:06.197 [raft-server-raft-partition-7] INFO  i.a.p.raft.impl.DefaultRaftServer - RaftServer{raft-partition-7} - Server started successfully!
21:52:06.197 [raft-server-raft-partition-7] INFO  i.a.p.r.p.impl.RaftPartitionServer - Successfully started server for partition PartitionId{id=7, group=raft}
21:52:06.197 [raft-client-raft-partition-7-0] INFO  i.a.p.r.p.impl.RaftPartitionClient - Successfully started client for partition PartitionId{id=7, group=raft}
21:52:06.209 [raft-server-raft-partition-5] TRACE i.a.p.raft.roles.LeaderAppender - RaftServer{raft-partition-5} - Sending AppendRequest{term=1, leader=3, prevLogIndex=1, prevLogTerm=1, entries=0, commitIndex=1} to 1
21:52:06.209 [raft-server-raft-partition-5] TRACE i.a.p.raft.roles.LeaderAppender - RaftServer{raft-partition-5} - Sending AppendRequest{term=1, leader=3, prevLogIndex=1, prevLogTerm=1, entries=0, commitIndex=1} to 2
21:52:06.209 [raft-server-raft-partition-7] TRACE i.a.p.raft.roles.LeaderAppender - RaftServer{raft-partition-7} - Sending AppendRequest{term=1, leader=2, prevLogIndex=1, prevLogTerm=1, entries=0, commitIndex=1} to 1
21:52:06.209 [raft-server-raft-partition-7] TRACE i.a.p.raft.roles.LeaderAppender - RaftServer{raft-partition-7} - Sending AppendRequest{term=1, leader=2, prevLogIndex=1, prevLogTerm=1, entries=0, commitIndex=1} to 3
21:52:06.209 [raft-server-raft-partition-5] TRACE i.a.p.raft.roles.FollowerRole - RaftServer{raft-partition-5}{role=FOLLOWER} - Received AppendRequest{term=1, leader=3, prevLogIndex=1, prevLogTerm=1, entries=0, commitIndex=1}
21:52:06.209 [raft-server-raft-partition-5] TRACE i.a.p.raft.roles.FollowerRole - RaftServer{raft-partition-5}{role=FOLLOWER} - Received AppendRequest{term=1, leader=3, prevLogIndex=1, prevLogTerm=1, entries=0, commitIndex=1}
21:52:06.209 [raft-server-raft-partition-5] TRACE i.a.p.raft.roles.FollowerRole - RaftServer{raft-partition-5}{role=FOLLOWER} - Sending AppendResponse{status=OK, term=1, succeeded=true, lastLogIndex=1}
21:52:06.209 [raft-server-raft-partition-5] TRACE i.a.p.raft.roles.FollowerRole - RaftServer{raft-partition-5}{role=FOLLOWER} - Sending AppendResponse{status=OK, term=1, succeeded=true, lastLogIndex=1}
21:52:06.209 [raft-server-raft-partition-7] TRACE i.a.p.raft.roles.FollowerRole - RaftServer{raft-partition-7}{role=FOLLOWER} - Received AppendRequest{term=1, leader=2, prevLogIndex=1, prevLogTerm=1, entries=0, commitIndex=1}
21:52:06.209 [raft-server-raft-partition-7] TRACE i.a.p.raft.roles.FollowerRole - RaftServer{raft-partition-7}{role=FOLLOWER} - Received AppendRequest{term=1, leader=2, prevLogIndex=1, prevLogTerm=1, entries=0, commitIndex=1}
21:52:06.209 [raft-server-raft-partition-7] TRACE i.a.p.raft.roles.FollowerRole - RaftServer{raft-partition-7}{role=FOLLOWER} - Sending AppendResponse{status=OK, term=1, succeeded=true, lastLogIndex=1}
21:52:06.209 [raft-server-raft-partition-5] TRACE i.a.p.raft.roles.LeaderAppender - RaftServer{raft-partition-5} - Received AppendResponse{status=OK, term=1, succeeded=true, lastLogIndex=1} from 2
21:52:06.209 [raft-server-raft-partition-7] TRACE i.a.p.raft.roles.FollowerRole - RaftServer{raft-partition-7}{role=FOLLOWER} - Sending AppendResponse{status=OK, term=1, succeeded=true, lastLogIndex=1}
21:52:06.210 [raft-server-raft-partition-5] TRACE i.a.p.raft.roles.LeaderAppender - RaftServer{raft-partition-5} - Sending AppendRequest{term=1, leader=3, prevLogIndex=1, prevLogTerm=1, entries=0, commitIndex=1} to 2
21:52:06.210 [raft-server-raft-partition-7] TRACE i.a.p.raft.roles.LeaderAppender - RaftServer{raft-partition-7} - Received AppendResponse{status=OK, term=1, succeeded=true, lastLogIndex=1} from 1
21:52:06.210 [raft-server-raft-partition-7] TRACE i.a.p.raft.roles.LeaderAppender - RaftServer{raft-partition-7} - Sending AppendRequest{term=1, leader=2, prevLogIndex=1, prevLogTerm=1, entries=0, commitIndex=1} to 1
21:52:06.210 [raft-server-raft-partition-5] TRACE i.a.p.raft.roles.LeaderAppender - RaftServer{raft-partition-5} - Received AppendResponse{status=OK, term=1, succeeded=true, lastLogIndex=1} from 1
21:52:06.210 [raft-server-raft-partition-7] TRACE i.a.p.raft.roles.LeaderAppender - RaftServer{raft-partition-7} - Received AppendResponse{status=OK, term=1, succeeded=true, lastLogIndex=1} from 3
21:52:06.210 [raft-server-raft-partition-5] TRACE i.a.p.raft.roles.LeaderAppender - RaftServer{raft-partition-5} - Sending AppendRequest{term=1, leader=3, prevLogIndex=1, prevLogTerm=1, entries=0, commitIndex=1} to 1
21:52:06.210 [raft-server-raft-partition-5] TRACE i.a.p.raft.roles.FollowerRole - RaftServer{raft-partition-5}{role=FOLLOWER} - Received AppendRequest{term=1, leader=3, prevLogIndex=1, prevLogTerm=1, entries=0, commitIndex=1}
21:52:06.210 [raft-server-raft-partition-7] TRACE i.a.p.raft.roles.LeaderAppender - RaftServer{raft-partition-7} - Sending AppendRequest{term=1, leader=2, prevLogIndex=1, prevLogTerm=1, entries=0, commitIndex=1} to 3
21:52:06.210 [raft-server-raft-partition-7] TRACE i.a.p.raft.roles.FollowerRole - RaftServer{raft-partition-7}{role=FOLLOWER} - Received AppendRequest{term=1, leader=2, prevLogIndex=1, prevLogTerm=1, entries=0, commitIndex=1}
21:52:06.210 [raft-server-raft-partition-5] TRACE i.a.p.raft.roles.FollowerRole - RaftServer{raft-partition-5}{role=FOLLOWER} - Sending AppendResponse{status=OK, term=1, succeeded=true, lastLogIndex=1}
21:52:06.210 [raft-server-raft-partition-5] TRACE i.a.p.raft.roles.FollowerRole - RaftServer{raft-partition-5}{role=FOLLOWER} - Received AppendRequest{term=1, leader=3, prevLogIndex=1, prevLogTerm=1, entries=0, commitIndex=1}
21:52:06.210 [raft-server-raft-partition-7] TRACE i.a.p.raft.roles.FollowerRole - RaftServer{raft-partition-7}{role=FOLLOWER} - Sending AppendResponse{status=OK, term=1, succeeded=true, lastLogIndex=1}
21:52:06.210 [raft-server-raft-partition-5] TRACE i.a.p.raft.roles.FollowerRole - RaftServer{raft-partition-5}{role=FOLLOWER} - Sending AppendResponse{status=OK, term=1, succeeded=true, lastLogIndex=1}
21:52:06.210 [raft-server-raft-partition-7] TRACE i.a.p.raft.roles.FollowerRole - RaftServer{raft-partition-7}{role=FOLLOWER} - Received AppendRequest{term=1, leader=2, prevLogIndex=1, prevLogTerm=1, entries=0, commitIndex=1}
21:52:06.210 [raft-server-raft-partition-5] TRACE i.a.p.raft.roles.LeaderAppender - RaftServer{raft-partition-5} - Received AppendResponse{status=OK, term=1, succeeded=true, lastLogIndex=1} from 2
21:52:06.211 [raft-server-raft-partition-7] TRACE i.a.p.raft.roles.FollowerRole - RaftServer{raft-partition-7}{role=FOLLOWER} - Sending AppendResponse{status=OK, term=1, succeeded=true, lastLogIndex=1}
21:52:06.211 [raft-server-raft-partition-5] TRACE i.a.p.raft.roles.LeaderAppender - RaftServer{raft-partition-5} - Received AppendResponse{status=OK, term=1, succeeded=true, lastLogIndex=1} from 1
21:52:06.211 [raft-server-raft-partition-7] TRACE i.a.p.raft.roles.LeaderAppender - RaftServer{raft-partition-7} - Received AppendResponse{status=OK, term=1, succeeded=true, lastLogIndex=1} from 1
21:52:06.211 [raft-server-raft-partition-7] TRACE i.a.p.raft.roles.LeaderAppender - RaftServer{raft-partition-7} - Received AppendResponse{status=OK, term=1, succeeded=true, lastLogIndex=1} from 3
21:52:06.243 [raft-server-raft-partition-4] TRACE i.a.p.raft.roles.LeaderAppender - RaftServer{raft-partition-4} - Sending AppendRequest{term=1, leader=1, prevLogIndex=1, prevLogTerm=1, entries=0, commitIndex=1} to 2
21:52:06.243 [raft-server-raft-partition-4] TRACE i.a.p.raft.roles.LeaderAppender - RaftServer{raft-partition-4} - Sending AppendRequest{term=1, leader=1, prevLogIndex=1, prevLogTerm=1, entries=0, commitIndex=1} to 3
21:52:06.243 [raft-server-raft-partition-4] TRACE i.a.p.raft.roles.FollowerRole - RaftServer{raft-partition-4}{role=FOLLOWER} - Received AppendRequest{term=1, leader=1, prevLogIndex=1, prevLogTerm=1, entries=0, commitIndex=1}
21:52:06.243 [raft-server-raft-partition-4] TRACE i.a.p.raft.roles.FollowerRole - RaftServer{raft-partition-4}{role=FOLLOWER} - Received AppendRequest{term=1, leader=1, prevLogIndex=1, prevLogTerm=1, entries=0, commitIndex=1}
21:52:06.243 [raft-server-raft-partition-4] TRACE i.a.p.raft.roles.FollowerRole - RaftServer{raft-partition-4}{role=FOLLOWER} - Sending AppendResponse{status=OK, term=1, succeeded=true, lastLogIndex=1}
21:52:06.243 [raft-server-raft-partition-4] TRACE i.a.p.raft.roles.FollowerRole - RaftServer{raft-partition-4}{role=FOLLOWER} - Sending AppendResponse{status=OK, term=1, succeeded=true, lastLogIndex=1}
21:52:06.244 [raft-server-raft-partition-4] TRACE i.a.p.raft.roles.LeaderAppender - RaftServer{raft-partition-4} - Received AppendResponse{status=OK, term=1, succeeded=true, lastLogIndex=1} from 3
21:52:06.244 [raft-server-raft-partition-4] TRACE i.a.p.raft.roles.LeaderAppender - RaftServer{raft-partition-4} - Sending AppendRequest{term=1, leader=1, prevLogIndex=1, prevLogTerm=1, entries=0, commitIndex=1} to 3
21:52:06.244 [raft-server-raft-partition-4] TRACE i.a.p.raft.roles.LeaderAppender - RaftServer{raft-partition-4} - Received AppendResponse{status=OK, term=1, succeeded=true, lastLogIndex=1} from 2
21:52:06.244 [raft-server-raft-partition-4] TRACE i.a.p.raft.roles.LeaderAppender - RaftServer{raft-partition-4} - Sending AppendRequest{term=1, leader=1, prevLogIndex=1, prevLogTerm=1, entries=0, commitIndex=1} to 2
21:52:06.244 [raft-server-raft-partition-4] TRACE i.a.p.raft.roles.FollowerRole - RaftServer{raft-partition-4}{role=FOLLOWER} - Received AppendRequest{term=1, leader=1, prevLogIndex=1, prevLogTerm=1, entries=0, commitIndex=1}
21:52:06.244 [raft-server-raft-partition-4] TRACE i.a.p.raft.roles.FollowerRole - RaftServer{raft-partition-4}{role=FOLLOWER} - Received AppendRequest{term=1, leader=1, prevLogIndex=1, prevLogTerm=1, entries=0, commitIndex=1}
21:52:06.244 [raft-server-raft-partition-4] TRACE i.a.p.raft.roles.FollowerRole - RaftServer{raft-partition-4}{role=FOLLOWER} - Sending AppendResponse{status=OK, term=1, succeeded=true, lastLogIndex=1}
21:52:06.244 [raft-server-raft-partition-4] TRACE i.a.p.raft.roles.FollowerRole - RaftServer{raft-partition-4}{role=FOLLOWER} - Sending AppendResponse{status=OK, term=1, succeeded=true, lastLogIndex=1}
21:52:06.244 [raft-server-raft-partition-4] TRACE i.a.p.raft.roles.LeaderAppender - RaftServer{raft-partition-4} - Received AppendResponse{status=OK, term=1, succeeded=true, lastLogIndex=1} from 3
21:52:06.244 [raft-server-raft-partition-4] TRACE i.a.p.raft.roles.LeaderAppender - RaftServer{raft-partition-4} - Received AppendResponse{status=OK, term=1, succeeded=true, lastLogIndex=1} from 2
21:52:06.245 [raft-server-raft-partition-2] TRACE i.a.p.r.c.impl.RaftClusterContext - RaftServer{raft-partition-2} - Cancelling join timeout
21:52:06.245 [raft-server-raft-partition-2] DEBUG i.a.p.r.c.impl.RaftClusterContext - RaftServer{raft-partition-2} - Attempting to join via 1
21:52:06.245 [raft-server-raft-partition-2] TRACE i.a.protocols.raft.roles.LeaderRole - RaftServer{raft-partition-2}{role=LEADER} - Received JoinRequest{member=DefaultRaftMember{id=2, type=ACTIVE, updated=2018-06-10T19:52:01.195Z}}
21:52:06.245 [raft-server-raft-partition-2] TRACE i.a.protocols.raft.roles.LeaderRole - RaftServer{raft-partition-2}{role=LEADER} - Sending JoinResponse{status=OK, index=0, term=0, timestamp=1528660321195, members=[DefaultRaftMember{id=1, type=ACTIVE, updated=2018-06-10T19:52:01.241Z}, DefaultRaftMember{id=2, type=ACTIVE, updated=2018-06-10T19:52:01.195Z}, DefaultRaftMember{id=3, type=ACTIVE, updated=2018-06-10T19:52:01.195Z}]}
21:52:06.245 [raft-server-raft-partition-2] TRACE i.a.p.r.c.impl.RaftClusterContext - RaftServer{raft-partition-2} - Cancelling join timeout
21:52:06.245 [raft-server-raft-partition-2] INFO  i.a.p.r.c.impl.RaftClusterContext - RaftServer{raft-partition-2} - Successfully joined via 1
21:52:06.245 [raft-server-raft-partition-2] INFO  i.a.p.raft.impl.DefaultRaftServer - RaftServer{raft-partition-2} - Server started successfully!
21:52:06.245 [raft-server-raft-partition-2] INFO  i.a.p.r.p.impl.RaftPartitionServer - Successfully started server for partition PartitionId{id=2, group=raft}
21:52:06.246 [raft-client-raft-partition-2-0] INFO  i.a.p.r.p.impl.RaftPartitionClient - Successfully started client for partition PartitionId{id=2, group=raft}
21:52:06.246 [raft-server-raft-partition-2] TRACE i.a.p.r.c.impl.RaftClusterContext - RaftServer{raft-partition-2} - Cancelling join timeout
21:52:06.246 [raft-server-raft-partition-2] DEBUG i.a.p.r.c.impl.RaftClusterContext - RaftServer{raft-partition-2} - Attempting to join via 2
21:52:06.247 [raft-server-raft-partition-2] TRACE i.a.p.raft.roles.FollowerRole - RaftServer{raft-partition-2}{role=FOLLOWER} - Received JoinRequest{member=DefaultRaftMember{id=1, type=ACTIVE, updated=2018-06-10T19:52:01.241Z}}
21:52:06.247 [raft-server-raft-partition-2] TRACE i.a.protocols.raft.roles.LeaderRole - RaftServer{raft-partition-2}{role=LEADER} - Received JoinRequest{member=DefaultRaftMember{id=1, type=ACTIVE, updated=2018-06-10T19:52:01.241Z}}
21:52:06.247 [raft-server-raft-partition-2] TRACE i.a.protocols.raft.roles.LeaderRole - RaftServer{raft-partition-2}{role=LEADER} - Sending JoinResponse{status=OK, index=0, term=0, timestamp=1528660321195, members=[DefaultRaftMember{id=1, type=ACTIVE, updated=2018-06-10T19:52:01.241Z}, DefaultRaftMember{id=2, type=ACTIVE, updated=2018-06-10T19:52:01.195Z}, DefaultRaftMember{id=3, type=ACTIVE, updated=2018-06-10T19:52:01.195Z}]}
21:52:06.247 [raft-server-raft-partition-2] TRACE i.a.p.raft.roles.FollowerRole - RaftServer{raft-partition-2}{role=FOLLOWER} - Sending JoinResponse{status=OK, index=0, term=0, timestamp=1528660321195, members=[DefaultRaftMember{id=1, type=ACTIVE, updated=2018-06-10T19:52:01.241Z}, DefaultRaftMember{id=2, type=ACTIVE, updated=2018-06-10T19:52:01.195Z}, DefaultRaftMember{id=3, type=ACTIVE, updated=2018-06-10T19:52:01.195Z}]}
21:52:06.247 [raft-server-raft-partition-2] TRACE i.a.p.r.c.impl.RaftClusterContext - RaftServer{raft-partition-2} - Cancelling join timeout
21:52:06.247 [raft-server-raft-partition-2] INFO  i.a.p.r.c.impl.RaftClusterContext - RaftServer{raft-partition-2} - Successfully joined via 2
21:52:06.247 [raft-server-raft-partition-2] INFO  i.a.p.raft.impl.DefaultRaftServer - RaftServer{raft-partition-2} - Server started successfully!
21:52:06.247 [raft-server-raft-partition-2] INFO  i.a.p.r.p.impl.RaftPartitionServer - Successfully started server for partition PartitionId{id=2, group=raft}
21:52:06.248 [raft-client-raft-partition-2-0] INFO  i.a.p.r.p.impl.RaftPartitionClient - Successfully started client for partition PartitionId{id=2, group=raft}
21:52:06.300 [raft-server-raft-partition-1] TRACE i.a.p.r.c.impl.RaftClusterContext - RaftServer{raft-partition-1} - Cancelling join timeout
21:52:06.300 [raft-server-raft-partition-1] DEBUG i.a.p.r.c.impl.RaftClusterContext - RaftServer{raft-partition-1} - Attempting to join via 2
21:52:06.301 [raft-server-raft-partition-1] TRACE i.a.protocols.raft.roles.LeaderRole - RaftServer{raft-partition-1}{role=LEADER} - Received JoinRequest{member=DefaultRaftMember{id=1, type=ACTIVE, updated=2018-06-10T19:52:01.245Z}}
21:52:06.301 [raft-server-raft-partition-1] TRACE i.a.protocols.raft.roles.LeaderRole - RaftServer{raft-partition-1}{role=LEADER} - Sending JoinResponse{status=OK, index=0, term=0, timestamp=1528660321245, members=[DefaultRaftMember{id=1, type=ACTIVE, updated=2018-06-10T19:52:01.245Z}, DefaultRaftMember{id=2, type=ACTIVE, updated=2018-06-10T19:52:01.299Z}, DefaultRaftMember{id=3, type=ACTIVE, updated=2018-06-10T19:52:01.245Z}]}
21:52:06.301 [raft-server-raft-partition-1] TRACE i.a.p.r.c.impl.RaftClusterContext - RaftServer{raft-partition-1} - Cancelling join timeout
21:52:06.301 [raft-server-raft-partition-1] INFO  i.a.p.r.c.impl.RaftClusterContext - RaftServer{raft-partition-1} - Successfully joined via 2
21:52:06.301 [raft-server-raft-partition-1] TRACE i.a.p.r.c.impl.RaftClusterContext - RaftServer{raft-partition-1} - Cancelling join timeout
21:52:06.301 [raft-server-raft-partition-1] DEBUG i.a.p.r.c.impl.RaftClusterContext - RaftServer{raft-partition-1} - Attempting to join via 1
21:52:06.302 [raft-server-raft-partition-1] TRACE i.a.p.raft.roles.FollowerRole - RaftServer{raft-partition-1}{role=FOLLOWER} - Received JoinRequest{member=DefaultRaftMember{id=2, type=ACTIVE, updated=2018-06-10T19:52:01.299Z}}
21:52:06.302 [raft-server-raft-partition-1] TRACE i.a.protocols.raft.roles.LeaderRole - RaftServer{raft-partition-1}{role=LEADER} - Received JoinRequest{member=DefaultRaftMember{id=2, type=ACTIVE, updated=2018-06-10T19:52:01.299Z}}
21:52:06.302 [raft-server-raft-partition-1] TRACE i.a.protocols.raft.roles.LeaderRole - RaftServer{raft-partition-1}{role=LEADER} - Sending JoinResponse{status=OK, index=0, term=0, timestamp=1528660321245, members=[DefaultRaftMember{id=1, type=ACTIVE, updated=2018-06-10T19:52:01.245Z}, DefaultRaftMember{id=2, type=ACTIVE, updated=2018-06-10T19:52:01.299Z}, DefaultRaftMember{id=3, type=ACTIVE, updated=2018-06-10T19:52:01.245Z}]}
21:52:06.303 [raft-server-raft-partition-1] TRACE i.a.p.raft.roles.FollowerRole - RaftServer{raft-partition-1}{role=FOLLOWER} - Sending JoinResponse{status=OK, index=0, term=0, timestamp=1528660321245, members=[DefaultRaftMember{id=1, type=ACTIVE, updated=2018-06-10T19:52:01.245Z}, DefaultRaftMember{id=2, type=ACTIVE, updated=2018-06-10T19:52:01.299Z}, DefaultRaftMember{id=3, type=ACTIVE, updated=2018-06-10T19:52:01.245Z}]}
21:52:06.303 [raft-server-raft-partition-1] TRACE i.a.p.r.c.impl.RaftClusterContext - RaftServer{raft-partition-1} - Cancelling join timeout
21:52:06.303 [raft-server-raft-partition-1] INFO  i.a.p.r.c.impl.RaftClusterContext - RaftServer{raft-partition-1} - Successfully joined via 1
21:52:06.303 [raft-server-raft-partition-1] INFO  i.a.p.raft.impl.DefaultRaftServer - RaftServer{raft-partition-1} - Server started successfully!
21:52:06.303 [raft-server-raft-partition-1] INFO  i.a.p.r.p.impl.RaftPartitionServer - Successfully started server for partition PartitionId{id=1, group=raft}
21:52:06.304 [raft-client-raft-partition-1-0] INFO  i.a.p.r.p.impl.RaftPartitionClient - Successfully started client for partition PartitionId{id=1, group=raft}
21:52:06.317 [raft-server-raft-partition-2] TRACE i.a.p.raft.roles.LeaderAppender - RaftServer{raft-partition-2} - Sending AppendRequest{term=1, leader=1, prevLogIndex=1, prevLogTerm=1, entries=0, commitIndex=1} to 2
21:52:06.317 [raft-server-raft-partition-2] TRACE i.a.p.raft.roles.LeaderAppender - RaftServer{raft-partition-2} - Sending AppendRequest{term=1, leader=1, prevLogIndex=1, prevLogTerm=1, entries=0, commitIndex=1} to 3
21:52:06.318 [raft-server-raft-partition-2] TRACE i.a.p.raft.roles.FollowerRole - RaftServer{raft-partition-2}{role=FOLLOWER} - Received AppendRequest{term=1, leader=1, prevLogIndex=1, prevLogTerm=1, entries=0, commitIndex=1}
21:52:06.318 [raft-server-raft-partition-2] TRACE i.a.p.raft.roles.FollowerRole - RaftServer{raft-partition-2}{role=FOLLOWER} - Sending AppendResponse{status=OK, term=1, succeeded=true, lastLogIndex=1}
21:52:06.318 [raft-server-raft-partition-2] TRACE i.a.p.raft.roles.FollowerRole - RaftServer{raft-partition-2}{role=FOLLOWER} - Received AppendRequest{term=1, leader=1, prevLogIndex=1, prevLogTerm=1, entries=0, commitIndex=1}
21:52:06.318 [raft-server-raft-partition-2] TRACE i.a.p.raft.roles.FollowerRole - RaftServer{raft-partition-2}{role=FOLLOWER} - Sending AppendResponse{status=OK, term=1, succeeded=true, lastLogIndex=1}
21:52:06.318 [raft-server-raft-partition-2] TRACE i.a.p.raft.roles.LeaderAppender - RaftServer{raft-partition-2} - Received AppendResponse{status=OK, term=1, succeeded=true, lastLogIndex=1} from 2
21:52:06.318 [raft-server-raft-partition-2] TRACE i.a.p.raft.roles.LeaderAppender - RaftServer{raft-partition-2} - Sending AppendRequest{term=1, leader=1, prevLogIndex=1, prevLogTerm=1, entries=0, commitIndex=1} to 2
21:52:06.318 [raft-server-raft-partition-2] TRACE i.a.p.raft.roles.LeaderAppender - RaftServer{raft-partition-2} - Received AppendResponse{status=OK, term=1, succeeded=true, lastLogIndex=1} from 3
21:52:06.318 [raft-server-raft-partition-2] TRACE i.a.p.raft.roles.LeaderAppender - RaftServer{raft-partition-2} - Sending AppendRequest{term=1, leader=1, prevLogIndex=1, prevLogTerm=1, entries=0, commitIndex=1} to 3
21:52:06.318 [raft-server-raft-partition-2] TRACE i.a.p.raft.roles.FollowerRole - RaftServer{raft-partition-2}{role=FOLLOWER} - Received AppendRequest{term=1, leader=1, prevLogIndex=1, prevLogTerm=1, entries=0, commitIndex=1}
21:52:06.318 [raft-server-raft-partition-2] TRACE i.a.p.raft.roles.FollowerRole - RaftServer{raft-partition-2}{role=FOLLOWER} - Sending AppendResponse{status=OK, term=1, succeeded=true, lastLogIndex=1}
21:52:06.318 [raft-server-raft-partition-2] TRACE i.a.p.raft.roles.FollowerRole - RaftServer{raft-partition-2}{role=FOLLOWER} - Received AppendRequest{term=1, leader=1, prevLogIndex=1, prevLogTerm=1, entries=0, commitIndex=1}
21:52:06.319 [raft-server-raft-partition-2] TRACE i.a.p.raft.roles.FollowerRole - RaftServer{raft-partition-2}{role=FOLLOWER} - Sending AppendResponse{status=OK, term=1, succeeded=true, lastLogIndex=1}
21:52:06.319 [raft-server-raft-partition-2] TRACE i.a.p.raft.roles.LeaderAppender - RaftServer{raft-partition-2} - Received AppendResponse{status=OK, term=1, succeeded=true, lastLogIndex=1} from 2
21:52:06.319 [raft-server-raft-partition-2] TRACE i.a.p.raft.roles.LeaderAppender - RaftServer{raft-partition-2} - Received AppendResponse{status=OK, term=1, succeeded=true, lastLogIndex=1} from 3
21:52:06.326 [raft-server-raft-partition-6] TRACE i.a.p.raft.roles.LeaderAppender - RaftServer{raft-partition-6} - Sending AppendRequest{term=1, leader=1, prevLogIndex=1, prevLogTerm=1, entries=0, commitIndex=1} to 2
21:52:06.326 [raft-server-raft-partition-6] TRACE i.a.p.raft.roles.LeaderAppender - RaftServer{raft-partition-6} - Sending AppendRequest{term=1, leader=1, prevLogIndex=1, prevLogTerm=1, entries=0, commitIndex=1} to 3
21:52:06.326 [raft-server-raft-partition-6] TRACE i.a.p.raft.roles.FollowerRole - RaftServer{raft-partition-6}{role=FOLLOWER} - Received AppendRequest{term=1, leader=1, prevLogIndex=1, prevLogTerm=1, entries=0, commitIndex=1}
21:52:06.326 [raft-server-raft-partition-6] TRACE i.a.p.raft.roles.FollowerRole - RaftServer{raft-partition-6}{role=FOLLOWER} - Sending AppendResponse{status=OK, term=1, succeeded=true, lastLogIndex=1}
21:52:06.326 [raft-server-raft-partition-6] TRACE i.a.p.raft.roles.FollowerRole - RaftServer{raft-partition-6}{role=FOLLOWER} - Received AppendRequest{term=1, leader=1, prevLogIndex=1, prevLogTerm=1, entries=0, commitIndex=1}
21:52:06.326 [raft-server-raft-partition-6] TRACE i.a.p.raft.roles.FollowerRole - RaftServer{raft-partition-6}{role=FOLLOWER} - Sending AppendResponse{status=OK, term=1, succeeded=true, lastLogIndex=1}
21:52:06.326 [raft-server-raft-partition-6] TRACE i.a.p.raft.roles.LeaderAppender - RaftServer{raft-partition-6} - Received AppendResponse{status=OK, term=1, succeeded=true, lastLogIndex=1} from 2
21:52:06.326 [raft-server-raft-partition-6] TRACE i.a.p.raft.roles.LeaderAppender - RaftServer{raft-partition-6} - Sending AppendRequest{term=1, leader=1, prevLogIndex=1, prevLogTerm=1, entries=0, commitIndex=1} to 2
21:52:06.326 [raft-server-raft-partition-6] TRACE i.a.p.raft.roles.LeaderAppender - RaftServer{raft-partition-6} - Received AppendResponse{status=OK, term=1, succeeded=true, lastLogIndex=1} from 3
21:52:06.326 [raft-server-raft-partition-6] TRACE i.a.p.raft.roles.LeaderAppender - RaftServer{raft-partition-6} - Sending AppendRequest{term=1, leader=1, prevLogIndex=1, prevLogTerm=1, entries=0, commitIndex=1} to 3
21:52:06.327 [raft-server-raft-partition-6] TRACE i.a.p.raft.roles.FollowerRole - RaftServer{raft-partition-6}{role=FOLLOWER} - Received AppendRequest{term=1, leader=1, prevLogIndex=1, prevLogTerm=1, entries=0, commitIndex=1}
21:52:06.327 [raft-server-raft-partition-6] TRACE i.a.p.raft.roles.FollowerRole - RaftServer{raft-partition-6}{role=FOLLOWER} - Received AppendRequest{term=1, leader=1, prevLogIndex=1, prevLogTerm=1, entries=0, commitIndex=1}
21:52:06.327 [raft-server-raft-partition-6] TRACE i.a.p.raft.roles.FollowerRole - RaftServer{raft-partition-6}{role=FOLLOWER} - Sending AppendResponse{status=OK, term=1, succeeded=true, lastLogIndex=1}
21:52:06.327 [raft-server-raft-partition-6] TRACE i.a.p.raft.roles.FollowerRole - RaftServer{raft-partition-6}{role=FOLLOWER} - Sending AppendResponse{status=OK, term=1, succeeded=true, lastLogIndex=1}
21:52:06.327 [raft-server-raft-partition-6] TRACE i.a.p.raft.roles.LeaderAppender - RaftServer{raft-partition-6} - Received AppendResponse{status=OK, term=1, succeeded=true, lastLogIndex=1} from 2
21:52:06.327 [raft-server-raft-partition-6] TRACE i.a.p.raft.roles.LeaderAppender - RaftServer{raft-partition-6} - Sending AppendRequest{term=1, leader=1, prevLogIndex=1, prevLogTerm=1, entries=0, commitIndex=1} to 2
21:52:06.327 [raft-server-raft-partition-6] TRACE i.a.p.raft.roles.LeaderAppender - RaftServer{raft-partition-6} - Received AppendResponse{status=OK, term=1, succeeded=true, lastLogIndex=1} from 3
21:52:06.327 [raft-server-raft-partition-6] TRACE i.a.p.raft.roles.LeaderAppender - RaftServer{raft-partition-6} - Sending AppendRequest{term=1, leader=1, prevLogIndex=1, prevLogTerm=1, entries=0, commitIndex=1} to 3
21:52:06.327 [raft-server-raft-partition-6] TRACE i.a.p.raft.roles.FollowerRole - RaftServer{raft-partition-6}{role=FOLLOWER} - Received AppendRequest{term=1, leader=1, prevLogIndex=1, prevLogTerm=1, entries=0, commitIndex=1}
21:52:06.327 [raft-server-raft-partition-6] TRACE i.a.p.raft.roles.FollowerRole - RaftServer{raft-partition-6}{role=FOLLOWER} - Sending AppendResponse{status=OK, term=1, succeeded=true, lastLogIndex=1}
21:52:06.327 [raft-server-raft-partition-6] TRACE i.a.p.raft.roles.FollowerRole - RaftServer{raft-partition-6}{role=FOLLOWER} - Received AppendRequest{term=1, leader=1, prevLogIndex=1, prevLogTerm=1, entries=0, commitIndex=1}
21:52:06.327 [raft-server-raft-partition-6] TRACE i.a.p.raft.roles.FollowerRole - RaftServer{raft-partition-6}{role=FOLLOWER} - Sending AppendResponse{status=OK, term=1, succeeded=true, lastLogIndex=1}
21:52:06.327 [raft-server-raft-partition-6] TRACE i.a.p.raft.roles.LeaderAppender - RaftServer{raft-partition-6} - Received AppendResponse{status=OK, term=1, succeeded=true, lastLogIndex=1} from 2
21:52:06.328 [raft-server-raft-partition-6] TRACE i.a.p.raft.roles.LeaderAppender - RaftServer{raft-partition-6} - Received AppendResponse{status=OK, term=1, succeeded=true, lastLogIndex=1} from 3
21:52:06.338 [raft-server-raft-partition-6] TRACE i.a.p.r.c.impl.RaftClusterContext - RaftServer{raft-partition-6} - Cancelling join timeout
21:52:06.338 [raft-server-raft-partition-6] DEBUG i.a.p.r.c.impl.RaftClusterContext - RaftServer{raft-partition-6} - Attempting to join via 1
21:52:06.338 [raft-server-raft-partition-6] TRACE i.a.protocols.raft.roles.LeaderRole - RaftServer{raft-partition-6}{role=LEADER} - Received JoinRequest{member=DefaultRaftMember{id=3, type=ACTIVE, updated=2018-06-10T19:52:01.336Z}}
21:52:06.338 [raft-server-raft-partition-6] TRACE i.a.protocols.raft.roles.LeaderRole - RaftServer{raft-partition-6}{role=LEADER} - Sending JoinResponse{status=OK, index=0, term=0, timestamp=1528660320916, members=[DefaultRaftMember{id=1, type=ACTIVE, updated=2018-06-10T19:52:00.916Z}, DefaultRaftMember{id=2, type=ACTIVE, updated=2018-06-10T19:52:00.916Z}, DefaultRaftMember{id=3, type=ACTIVE, updated=2018-06-10T19:52:00.916Z}]}
21:52:06.338 [raft-server-raft-partition-6] TRACE i.a.p.r.c.impl.RaftClusterContext - RaftServer{raft-partition-6} - Cancelling join timeout
21:52:06.338 [raft-server-raft-partition-6] INFO  i.a.p.r.c.impl.RaftClusterContext - RaftServer{raft-partition-6} - Successfully joined via 1
21:52:06.339 [raft-server-raft-partition-6] INFO  i.a.p.raft.impl.DefaultRaftServer - RaftServer{raft-partition-6} - Server started successfully!
21:52:06.339 [raft-server-raft-partition-6] INFO  i.a.p.r.p.impl.RaftPartitionServer - Successfully started server for partition PartitionId{id=6, group=raft}
21:52:06.339 [raft-client-raft-partition-6-0] INFO  i.a.p.r.p.impl.RaftPartitionClient - Successfully started client for partition PartitionId{id=6, group=raft}
21:52:06.340 [raft-server-raft-partition-5] TRACE i.a.p.r.c.impl.RaftClusterContext - RaftServer{raft-partition-5} - Cancelling join timeout
21:52:06.340 [raft-server-raft-partition-5] DEBUG i.a.p.r.c.impl.RaftClusterContext - RaftServer{raft-partition-5} - Attempting to join via 1
21:52:06.340 [raft-server-raft-partition-5] TRACE i.a.p.raft.roles.FollowerRole - RaftServer{raft-partition-5}{role=FOLLOWER} - Received JoinRequest{member=DefaultRaftMember{id=3, type=ACTIVE, updated=2018-06-10T19:52:01.338Z}}
21:52:06.340 [raft-server-raft-partition-5] TRACE i.a.protocols.raft.roles.LeaderRole - RaftServer{raft-partition-5}{role=LEADER} - Received JoinRequest{member=DefaultRaftMember{id=3, type=ACTIVE, updated=2018-06-10T19:52:01.338Z}}
21:52:06.340 [raft-server-raft-partition-5] TRACE i.a.protocols.raft.roles.LeaderRole - RaftServer{raft-partition-5}{role=LEADER} - Sending JoinResponse{status=OK, index=0, term=0, timestamp=1528660321041, members=[DefaultRaftMember{id=1, type=ACTIVE, updated=2018-06-10T19:52:01.041Z}, DefaultRaftMember{id=2, type=ACTIVE, updated=2018-06-10T19:52:01.041Z}, DefaultRaftMember{id=3, type=ACTIVE, updated=2018-06-10T19:52:01.338Z}]}
21:52:06.341 [raft-server-raft-partition-5] TRACE i.a.p.raft.roles.FollowerRole - RaftServer{raft-partition-5}{role=FOLLOWER} - Sending JoinResponse{status=OK, index=0, term=0, timestamp=1528660321041, members=[DefaultRaftMember{id=1, type=ACTIVE, updated=2018-06-10T19:52:01.041Z}, DefaultRaftMember{id=2, type=ACTIVE, updated=2018-06-10T19:52:01.041Z}, DefaultRaftMember{id=3, type=ACTIVE, updated=2018-06-10T19:52:01.338Z}]}
21:52:06.341 [raft-server-raft-partition-5] TRACE i.a.p.r.c.impl.RaftClusterContext - RaftServer{raft-partition-5} - Cancelling join timeout
21:52:06.341 [raft-server-raft-partition-5] INFO  i.a.p.r.c.impl.RaftClusterContext - RaftServer{raft-partition-5} - Successfully joined via 1
21:52:06.341 [raft-server-raft-partition-5] INFO  i.a.p.raft.impl.DefaultRaftServer - RaftServer{raft-partition-5} - Server started successfully!
21:52:06.341 [raft-server-raft-partition-5] INFO  i.a.p.r.p.impl.RaftPartitionServer - Successfully started server for partition PartitionId{id=5, group=raft}
21:52:06.341 [raft-client-raft-partition-5-0] INFO  i.a.p.r.p.impl.RaftPartitionClient - Successfully started client for partition PartitionId{id=5, group=raft}
21:52:06.342 [raft-server-raft-partition-7] TRACE i.a.p.r.c.impl.RaftClusterContext - RaftServer{raft-partition-7} - Cancelling join timeout
21:52:06.342 [raft-server-raft-partition-7] DEBUG i.a.p.r.c.impl.RaftClusterContext - RaftServer{raft-partition-7} - Attempting to join via 1
21:52:06.342 [raft-server-raft-partition-7] TRACE i.a.p.raft.roles.FollowerRole - RaftServer{raft-partition-7}{role=FOLLOWER} - Received JoinRequest{member=DefaultRaftMember{id=3, type=ACTIVE, updated=2018-06-10T19:52:01.340Z}}
21:52:06.342 [raft-server-raft-partition-7] TRACE i.a.protocols.raft.roles.LeaderRole - RaftServer{raft-partition-7}{role=LEADER} - Received JoinRequest{member=DefaultRaftMember{id=3, type=ACTIVE, updated=2018-06-10T19:52:01.340Z}}
21:52:06.342 [raft-server-raft-partition-7] TRACE i.a.protocols.raft.roles.LeaderRole - RaftServer{raft-partition-7}{role=LEADER} - Sending JoinResponse{status=OK, index=0, term=0, timestamp=1528660321141, members=[DefaultRaftMember{id=1, type=ACTIVE, updated=2018-06-10T19:52:01.141Z}, DefaultRaftMember{id=2, type=ACTIVE, updated=2018-06-10T19:52:01.192Z}, DefaultRaftMember{id=3, type=ACTIVE, updated=2018-06-10T19:52:01.141Z}]}
21:52:06.343 [raft-server-raft-partition-7] TRACE i.a.p.raft.roles.FollowerRole - RaftServer{raft-partition-7}{role=FOLLOWER} - Sending JoinResponse{status=OK, index=0, term=0, timestamp=1528660321141, members=[DefaultRaftMember{id=1, type=ACTIVE, updated=2018-06-10T19:52:01.141Z}, DefaultRaftMember{id=2, type=ACTIVE, updated=2018-06-10T19:52:01.192Z}, DefaultRaftMember{id=3, type=ACTIVE, updated=2018-06-10T19:52:01.141Z}]}
21:52:06.343 [raft-server-raft-partition-7] TRACE i.a.p.r.c.impl.RaftClusterContext - RaftServer{raft-partition-7} - Cancelling join timeout
21:52:06.343 [raft-server-raft-partition-7] INFO  i.a.p.r.c.impl.RaftClusterContext - RaftServer{raft-partition-7} - Successfully joined via 1
21:52:06.343 [raft-server-raft-partition-7] INFO  i.a.p.raft.impl.DefaultRaftServer - RaftServer{raft-partition-7} - Server started successfully!
21:52:06.343 [raft-server-raft-partition-7] INFO  i.a.p.r.p.impl.RaftPartitionServer - Successfully started server for partition PartitionId{id=7, group=raft}
21:52:06.344 [raft-client-raft-partition-7-0] INFO  i.a.p.r.p.impl.RaftPartitionClient - Successfully started client for partition PartitionId{id=7, group=raft}
21:52:06.348 [raft-server-raft-partition-1] TRACE i.a.p.r.c.impl.RaftClusterContext - RaftServer{raft-partition-1} - Cancelling join timeout
21:52:06.348 [raft-server-raft-partition-1] DEBUG i.a.p.r.c.impl.RaftClusterContext - RaftServer{raft-partition-1} - Attempting to join via 1
21:52:06.348 [raft-server-raft-partition-1] TRACE i.a.p.raft.roles.FollowerRole - RaftServer{raft-partition-1}{role=FOLLOWER} - Received JoinRequest{member=DefaultRaftMember{id=3, type=ACTIVE, updated=2018-06-10T19:52:01.345Z}}
21:52:06.348 [raft-server-raft-partition-2] TRACE i.a.p.r.c.impl.RaftClusterContext - RaftServer{raft-partition-2} - Cancelling join timeout
21:52:06.348 [raft-server-raft-partition-2] DEBUG i.a.p.r.c.impl.RaftClusterContext - RaftServer{raft-partition-2} - Attempting to join via 1
21:52:06.348 [raft-server-raft-partition-1] TRACE i.a.protocols.raft.roles.LeaderRole - RaftServer{raft-partition-1}{role=LEADER} - Received JoinRequest{member=DefaultRaftMember{id=3, type=ACTIVE, updated=2018-06-10T19:52:01.345Z}}
21:52:06.348 [raft-server-raft-partition-1] TRACE i.a.protocols.raft.roles.LeaderRole - RaftServer{raft-partition-1}{role=LEADER} - Sending JoinResponse{status=OK, index=0, term=0, timestamp=1528660321245, members=[DefaultRaftMember{id=1, type=ACTIVE, updated=2018-06-10T19:52:01.245Z}, DefaultRaftMember{id=2, type=ACTIVE, updated=2018-06-10T19:52:01.299Z}, DefaultRaftMember{id=3, type=ACTIVE, updated=2018-06-10T19:52:01.245Z}]}
21:52:06.348 [raft-server-raft-partition-2] TRACE i.a.protocols.raft.roles.LeaderRole - RaftServer{raft-partition-2}{role=LEADER} - Received JoinRequest{member=DefaultRaftMember{id=3, type=ACTIVE, updated=2018-06-10T19:52:01.343Z}}
21:52:06.349 [raft-server-raft-partition-2] TRACE i.a.protocols.raft.roles.LeaderRole - RaftServer{raft-partition-2}{role=LEADER} - Sending JoinResponse{status=OK, index=0, term=0, timestamp=1528660321195, members=[DefaultRaftMember{id=1, type=ACTIVE, updated=2018-06-10T19:52:01.241Z}, DefaultRaftMember{id=2, type=ACTIVE, updated=2018-06-10T19:52:01.195Z}, DefaultRaftMember{id=3, type=ACTIVE, updated=2018-06-10T19:52:01.195Z}]}
21:52:06.349 [raft-server-raft-partition-1] TRACE i.a.p.raft.roles.FollowerRole - RaftServer{raft-partition-1}{role=FOLLOWER} - Sending JoinResponse{status=OK, index=0, term=0, timestamp=1528660321245, members=[DefaultRaftMember{id=1, type=ACTIVE, updated=2018-06-10T19:52:01.245Z}, DefaultRaftMember{id=2, type=ACTIVE, updated=2018-06-10T19:52:01.299Z}, DefaultRaftMember{id=3, type=ACTIVE, updated=2018-06-10T19:52:01.245Z}]}
21:52:06.349 [raft-server-raft-partition-2] TRACE i.a.p.r.c.impl.RaftClusterContext - RaftServer{raft-partition-2} - Cancelling join timeout
21:52:06.349 [raft-server-raft-partition-2] INFO  i.a.p.r.c.impl.RaftClusterContext - RaftServer{raft-partition-2} - Successfully joined via 1
21:52:06.349 [raft-server-raft-partition-2] INFO  i.a.p.raft.impl.DefaultRaftServer - RaftServer{raft-partition-2} - Server started successfully!
21:52:06.349 [raft-server-raft-partition-1] TRACE i.a.p.r.c.impl.RaftClusterContext - RaftServer{raft-partition-1} - Cancelling join timeout
21:52:06.349 [raft-server-raft-partition-2] INFO  i.a.p.r.p.impl.RaftPartitionServer - Successfully started server for partition PartitionId{id=2, group=raft}
21:52:06.349 [raft-server-raft-partition-1] INFO  i.a.p.r.c.impl.RaftClusterContext - RaftServer{raft-partition-1} - Successfully joined via 1
21:52:06.349 [raft-server-raft-partition-1] INFO  i.a.p.raft.impl.DefaultRaftServer - RaftServer{raft-partition-1} - Server started successfully!
21:52:06.349 [raft-server-raft-partition-1] INFO  i.a.p.r.p.impl.RaftPartitionServer - Successfully started server for partition PartitionId{id=1, group=raft}
21:52:06.350 [raft-client-raft-partition-2-0] INFO  i.a.p.r.p.impl.RaftPartitionClient - Successfully started client for partition PartitionId{id=2, group=raft}
21:52:06.350 [raft-client-raft-partition-1-0] INFO  i.a.p.r.p.impl.RaftPartitionClient - Successfully started client for partition PartitionId{id=1, group=raft}
21:52:06.376 [raft-server-raft-partition-4] TRACE i.a.p.r.c.impl.RaftClusterContext - RaftServer{raft-partition-4} - Cancelling join timeout
21:52:06.377 [raft-server-raft-partition-4] DEBUG i.a.p.r.c.impl.RaftClusterContext - RaftServer{raft-partition-4} - Attempting to join via 1
21:52:06.377 [raft-server-raft-partition-4] TRACE i.a.p.r.c.impl.RaftClusterContext - RaftServer{raft-partition-4} - Cancelling join timeout
21:52:06.377 [raft-server-raft-partition-4] DEBUG i.a.p.r.c.impl.RaftClusterContext - RaftServer{raft-partition-4} - Attempting to join via 2
21:52:06.377 [raft-server-raft-partition-4] TRACE i.a.protocols.raft.roles.LeaderRole - RaftServer{raft-partition-4}{role=LEADER} - Received JoinRequest{member=DefaultRaftMember{id=2, type=ACTIVE, updated=2018-06-10T19:52:01.374Z}}
21:52:06.377 [raft-server-raft-partition-4] TRACE i.a.p.raft.roles.FollowerRole - RaftServer{raft-partition-4}{role=FOLLOWER} - Received JoinRequest{member=DefaultRaftMember{id=1, type=ACTIVE, updated=2018-06-10T19:52:01.374Z}}
21:52:06.377 [raft-server-raft-partition-4] TRACE i.a.protocols.raft.roles.LeaderRole - RaftServer{raft-partition-4}{role=LEADER} - Sending JoinResponse{status=OK, index=0, term=0, timestamp=1528660321348, members=[DefaultRaftMember{id=1, type=ACTIVE, updated=2018-06-10T19:52:01.374Z}, DefaultRaftMember{id=2, type=ACTIVE, updated=2018-06-10T19:52:01.348Z}, DefaultRaftMember{id=3, type=ACTIVE, updated=2018-06-10T19:52:01.348Z}]}
21:52:06.377 [raft-server-raft-partition-4] TRACE i.a.protocols.raft.roles.LeaderRole - RaftServer{raft-partition-4}{role=LEADER} - Received JoinRequest{member=DefaultRaftMember{id=1, type=ACTIVE, updated=2018-06-10T19:52:01.374Z}}
21:52:06.377 [raft-server-raft-partition-4] TRACE i.a.protocols.raft.roles.LeaderRole - RaftServer{raft-partition-4}{role=LEADER} - Sending JoinResponse{status=OK, index=0, term=0, timestamp=1528660321348, members=[DefaultRaftMember{id=1, type=ACTIVE, updated=2018-06-10T19:52:01.374Z}, DefaultRaftMember{id=2, type=ACTIVE, updated=2018-06-10T19:52:01.348Z}, DefaultRaftMember{id=3, type=ACTIVE, updated=2018-06-10T19:52:01.348Z}]}
21:52:06.377 [raft-server-raft-partition-4] TRACE i.a.p.r.c.impl.RaftClusterContext - RaftServer{raft-partition-4} - Cancelling join timeout
21:52:06.377 [raft-server-raft-partition-4] INFO  i.a.p.r.c.impl.RaftClusterContext - RaftServer{raft-partition-4} - Successfully joined via 1
21:52:06.377 [raft-server-raft-partition-4] INFO  i.a.p.raft.impl.DefaultRaftServer - RaftServer{raft-partition-4} - Server started successfully!
21:52:06.377 [raft-server-raft-partition-4] INFO  i.a.p.r.p.impl.RaftPartitionServer - Successfully started server for partition PartitionId{id=4, group=raft}
21:52:06.378 [raft-server-raft-partition-4] TRACE i.a.p.raft.roles.FollowerRole - RaftServer{raft-partition-4}{role=FOLLOWER} - Sending JoinResponse{status=OK, index=0, term=0, timestamp=1528660321348, members=[DefaultRaftMember{id=1, type=ACTIVE, updated=2018-06-10T19:52:01.374Z}, DefaultRaftMember{id=2, type=ACTIVE, updated=2018-06-10T19:52:01.348Z}, DefaultRaftMember{id=3, type=ACTIVE, updated=2018-06-10T19:52:01.348Z}]}
21:52:06.378 [raft-client-raft-partition-4-0] INFO  i.a.p.r.p.impl.RaftPartitionClient - Successfully started client for partition PartitionId{id=4, group=raft}
21:52:06.378 [raft-server-raft-partition-4] TRACE i.a.p.r.c.impl.RaftClusterContext - RaftServer{raft-partition-4} - Cancelling join timeout
21:52:06.378 [raft-server-raft-partition-4] INFO  i.a.p.r.c.impl.RaftClusterContext - RaftServer{raft-partition-4} - Successfully joined via 2
21:52:06.378 [raft-server-raft-partition-4] INFO  i.a.p.raft.impl.DefaultRaftServer - RaftServer{raft-partition-4} - Server started successfully!
21:52:06.378 [raft-server-raft-partition-4] INFO  i.a.p.r.p.impl.RaftPartitionServer - Successfully started server for partition PartitionId{id=4, group=raft}
21:52:06.379 [raft-client-raft-partition-4-0] INFO  i.a.p.r.p.impl.RaftPartitionClient - Successfully started client for partition PartitionId{id=4, group=raft}
21:52:06.384 [raft-server-raft-partition-1] TRACE i.a.p.raft.roles.LeaderAppender - RaftServer{raft-partition-1} - Sending AppendRequest{term=1, leader=2, prevLogIndex=1, prevLogTerm=1, entries=0, commitIndex=1} to 3
21:52:06.385 [raft-server-raft-partition-1] TRACE i.a.p.raft.roles.FollowerRole - RaftServer{raft-partition-1}{role=FOLLOWER} - Received AppendRequest{term=1, leader=2, prevLogIndex=1, prevLogTerm=1, entries=0, commitIndex=1}
21:52:06.385 [raft-server-raft-partition-1] TRACE i.a.p.raft.roles.FollowerRole - RaftServer{raft-partition-1}{role=FOLLOWER} - Sending AppendResponse{status=OK, term=1, succeeded=true, lastLogIndex=1}
21:52:06.385 [raft-server-raft-partition-1] TRACE i.a.p.raft.roles.LeaderAppender - RaftServer{raft-partition-1} - Received AppendResponse{status=OK, term=1, succeeded=true, lastLogIndex=1} from 3
21:52:06.385 [raft-server-raft-partition-1] TRACE i.a.p.raft.roles.LeaderAppender - RaftServer{raft-partition-1} - Sending AppendRequest{term=1, leader=2, prevLogIndex=1, prevLogTerm=1, entries=0, commitIndex=1} to 3
21:52:06.386 [raft-server-raft-partition-1] TRACE i.a.p.raft.roles.FollowerRole - RaftServer{raft-partition-1}{role=FOLLOWER} - Received AppendRequest{term=1, leader=2, prevLogIndex=1, prevLogTerm=1, entries=0, commitIndex=1}
21:52:06.386 [raft-server-raft-partition-1] TRACE i.a.p.raft.roles.FollowerRole - RaftServer{raft-partition-1}{role=FOLLOWER} - Sending AppendResponse{status=OK, term=1, succeeded=true, lastLogIndex=1}
21:52:06.386 [raft-server-raft-partition-1] TRACE i.a.p.raft.roles.LeaderAppender - RaftServer{raft-partition-1} - Received AppendResponse{status=OK, term=1, succeeded=true, lastLogIndex=1} from 3
21:52:06.412 [raft-server-raft-partition-4] TRACE i.a.p.r.c.impl.RaftClusterContext - RaftServer{raft-partition-4} - Cancelling join timeout
21:52:06.412 [raft-server-raft-partition-4] DEBUG i.a.p.r.c.impl.RaftClusterContext - RaftServer{raft-partition-4} - Attempting to join via 1
21:52:06.413 [raft-server-raft-partition-4] TRACE i.a.protocols.raft.roles.LeaderRole - RaftServer{raft-partition-4}{role=LEADER} - Received JoinRequest{member=DefaultRaftMember{id=3, type=ACTIVE, updated=2018-06-10T19:52:01.348Z}}
21:52:06.413 [raft-server-raft-partition-4] TRACE i.a.protocols.raft.roles.LeaderRole - RaftServer{raft-partition-4}{role=LEADER} - Sending JoinResponse{status=OK, index=0, term=0, timestamp=1528660321348, members=[DefaultRaftMember{id=1, type=ACTIVE, updated=2018-06-10T19:52:01.374Z}, DefaultRaftMember{id=2, type=ACTIVE, updated=2018-06-10T19:52:01.348Z}, DefaultRaftMember{id=3, type=ACTIVE, updated=2018-06-10T19:52:01.348Z}]}
21:52:06.413 [raft-server-raft-partition-4] TRACE i.a.p.r.c.impl.RaftClusterContext - RaftServer{raft-partition-4} - Cancelling join timeout
21:52:06.413 [raft-server-raft-partition-4] INFO  i.a.p.r.c.impl.RaftClusterContext - RaftServer{raft-partition-4} - Successfully joined via 1
21:52:06.413 [raft-server-raft-partition-4] INFO  i.a.p.raft.impl.DefaultRaftServer - RaftServer{raft-partition-4} - Server started successfully!
21:52:06.413 [raft-server-raft-partition-4] INFO  i.a.p.r.p.impl.RaftPartitionServer - Successfully started server for partition PartitionId{id=4, group=raft}
21:52:06.414 [raft-client-raft-partition-4-0] INFO  i.a.p.r.p.impl.RaftPartitionClient - Successfully started client for partition PartitionId{id=4, group=raft}
21:52:06.414 [raft-server-raft-partition-3] TRACE i.a.p.r.c.impl.RaftClusterContext - RaftServer{raft-partition-3} - Cancelling join timeout
21:52:06.414 [raft-server-raft-partition-3] DEBUG i.a.p.r.c.impl.RaftClusterContext - RaftServer{raft-partition-3} - Attempting to join via 1
21:52:06.414 [raft-server-raft-partition-3] TRACE i.a.protocols.raft.roles.LeaderRole - RaftServer{raft-partition-3}{role=LEADER} - Received JoinRequest{member=DefaultRaftMember{id=3, type=ACTIVE, updated=2018-06-10T19:52:01.412Z}}
21:52:06.415 [raft-server-raft-partition-3] TRACE i.a.protocols.raft.roles.LeaderRole - RaftServer{raft-partition-3}{role=LEADER} - Sending JoinResponse{status=ERROR, error=null}
21:52:06.415 [raft-server-raft-partition-3] TRACE i.a.p.r.c.impl.RaftClusterContext - RaftServer{raft-partition-3} - Cancelling join timeout
21:52:06.415 [raft-server-raft-partition-3] DEBUG i.a.p.r.c.impl.RaftClusterContext - RaftServer{raft-partition-3} - Failed to join 1
21:52:06.417 [raft-server-system-partition-1] TRACE i.a.p.raft.roles.LeaderAppender - RaftServer{system-partition-1} - Sending AppendRequest{term=1, leader=1, prevLogIndex=13, prevLogTerm=1, entries=0, commitIndex=13} to 2
21:52:06.417 [raft-server-system-partition-1] TRACE i.a.p.raft.roles.LeaderAppender - RaftServer{system-partition-1} - Sending AppendRequest{term=1, leader=1, prevLogIndex=13, prevLogTerm=1, entries=0, commitIndex=13} to 3
21:52:06.417 [raft-server-system-partition-1] TRACE i.a.p.raft.roles.FollowerRole - RaftServer{system-partition-1}{role=FOLLOWER} - Received AppendRequest{term=1, leader=1, prevLogIndex=13, prevLogTerm=1, entries=0, commitIndex=13}
21:52:06.417 [raft-server-system-partition-1] TRACE i.a.p.raft.roles.FollowerRole - RaftServer{system-partition-1}{role=FOLLOWER} - Received AppendRequest{term=1, leader=1, prevLogIndex=13, prevLogTerm=1, entries=0, commitIndex=13}
21:52:06.417 [raft-server-system-partition-1] TRACE i.a.p.raft.roles.FollowerRole - RaftServer{system-partition-1}{role=FOLLOWER} - Sending AppendResponse{status=OK, term=1, succeeded=true, lastLogIndex=13}
21:52:06.417 [raft-server-system-partition-1] TRACE i.a.p.raft.roles.FollowerRole - RaftServer{system-partition-1}{role=FOLLOWER} - Sending AppendResponse{status=OK, term=1, succeeded=true, lastLogIndex=13}
21:52:06.418 [raft-server-system-partition-1] TRACE i.a.p.raft.roles.LeaderAppender - RaftServer{system-partition-1} - Received AppendResponse{status=OK, term=1, succeeded=true, lastLogIndex=13} from 3
21:52:06.418 [raft-server-system-partition-1] TRACE i.a.p.raft.roles.LeaderAppender - RaftServer{system-partition-1} - Sending AppendRequest{term=1, leader=1, prevLogIndex=13, prevLogTerm=1, entries=0, commitIndex=13} to 3
21:52:06.418 [raft-server-system-partition-1] TRACE i.a.p.raft.roles.LeaderAppender - RaftServer{system-partition-1} - Received AppendResponse{status=OK, term=1, succeeded=true, lastLogIndex=13} from 2
21:52:06.418 [raft-server-system-partition-1] TRACE i.a.p.raft.roles.LeaderAppender - RaftServer{system-partition-1} - Sending AppendRequest{term=1, leader=1, prevLogIndex=13, prevLogTerm=1, entries=0, commitIndex=13} to 2
21:52:06.418 [raft-server-system-partition-1] TRACE i.a.p.raft.roles.FollowerRole - RaftServer{system-partition-1}{role=FOLLOWER} - Received AppendRequest{term=1, leader=1, prevLogIndex=13, prevLogTerm=1, entries=0, commitIndex=13}
21:52:06.418 [raft-server-system-partition-1] TRACE i.a.p.raft.roles.FollowerRole - RaftServer{system-partition-1}{role=FOLLOWER} - Received AppendRequest{term=1, leader=1, prevLogIndex=13, prevLogTerm=1, entries=0, commitIndex=13}
21:52:06.418 [raft-server-system-partition-1] TRACE i.a.p.raft.roles.FollowerRole - RaftServer{system-partition-1}{role=FOLLOWER} - Sending AppendResponse{status=OK, term=1, succeeded=true, lastLogIndex=13}
21:52:06.418 [raft-server-system-partition-1] TRACE i.a.p.raft.roles.FollowerRole - RaftServer{system-partition-1}{role=FOLLOWER} - Sending AppendResponse{status=OK, term=1, succeeded=true, lastLogIndex=13}
21:52:06.418 [raft-server-system-partition-1] TRACE i.a.p.raft.roles.LeaderAppender - RaftServer{system-partition-1} - Received AppendResponse{status=OK, term=1, succeeded=true, lastLogIndex=13} from 3
21:52:06.418 [raft-server-system-partition-1] TRACE i.a.p.raft.roles.LeaderAppender - RaftServer{system-partition-1} - Received AppendResponse{status=OK, term=1, succeeded=true, lastLogIndex=13} from 2
21:52:06.434 [raft-server-raft-partition-3] TRACE i.a.p.r.c.impl.RaftClusterContext - RaftServer{raft-partition-3} - Cancelling join timeout
21:52:06.435 [raft-server-raft-partition-3] DEBUG i.a.p.r.c.impl.RaftClusterContext - RaftServer{raft-partition-3} - Attempting to join via 2
21:52:06.435 [raft-server-raft-partition-3] TRACE i.a.p.raft.roles.FollowerRole - RaftServer{raft-partition-3}{role=FOLLOWER} - Received JoinRequest{member=DefaultRaftMember{id=1, type=ACTIVE, updated=2018-06-10T19:52:01.389Z}}
21:52:06.435 [raft-server-raft-partition-3] TRACE i.a.protocols.raft.roles.LeaderRole - RaftServer{raft-partition-3}{role=LEADER} - Received JoinRequest{member=DefaultRaftMember{id=1, type=ACTIVE, updated=2018-06-10T19:52:01.389Z}}
21:52:06.435 [raft-server-raft-partition-3] TRACE i.a.protocols.raft.roles.LeaderRole - RaftServer{raft-partition-3}{role=LEADER} - Sending JoinResponse{status=ERROR, error=null}
21:52:06.436 [raft-server-raft-partition-3] TRACE i.a.p.r.c.impl.RaftClusterContext - RaftServer{raft-partition-3} - Cancelling join timeout
21:52:06.436 [raft-server-raft-partition-3] DEBUG i.a.p.r.c.impl.RaftClusterContext - RaftServer{raft-partition-3} - Attempting to join via 1
21:52:06.436 [raft-server-raft-partition-3] TRACE i.a.p.raft.roles.FollowerRole - RaftServer{raft-partition-3}{role=FOLLOWER} - Sending JoinResponse{status=ERROR, error=null}
21:52:06.436 [raft-server-raft-partition-3] TRACE i.a.protocols.raft.roles.LeaderRole - RaftServer{raft-partition-3}{role=LEADER} - Received JoinRequest{member=DefaultRaftMember{id=2, type=ACTIVE, updated=2018-06-10T19:52:01.433Z}}
21:52:06.436 [raft-server-raft-partition-3] TRACE i.a.protocols.raft.roles.LeaderRole - RaftServer{raft-partition-3}{role=LEADER} - Sending JoinResponse{status=ERROR, error=null}
21:52:06.436 [raft-server-raft-partition-3] TRACE i.a.p.r.c.impl.RaftClusterContext - RaftServer{raft-partition-3} - Cancelling join timeout
21:52:06.436 [raft-server-raft-partition-3] DEBUG i.a.p.r.c.impl.RaftClusterContext - RaftServer{raft-partition-3} - Failed to join 2
21:52:06.436 [raft-server-raft-partition-3] TRACE i.a.p.r.c.impl.RaftClusterContext - RaftServer{raft-partition-3} - Cancelling join timeout
21:52:06.436 [raft-server-raft-partition-3] DEBUG i.a.p.r.c.impl.RaftClusterContext - RaftServer{raft-partition-3} - Failed to join 1
21:52:06.459 [raft-server-raft-partition-5] TRACE i.a.p.raft.roles.LeaderAppender - RaftServer{raft-partition-5} - Sending AppendRequest{term=1, leader=3, prevLogIndex=1, prevLogTerm=1, entries=0, commitIndex=1} to 1
21:52:06.459 [raft-server-raft-partition-5] TRACE i.a.p.raft.roles.LeaderAppender - RaftServer{raft-partition-5} - Sending AppendRequest{term=1, leader=3, prevLogIndex=1, prevLogTerm=1, entries=0, commitIndex=1} to 2
21:52:06.459 [raft-server-raft-partition-5] TRACE i.a.p.raft.roles.FollowerRole - RaftServer{raft-partition-5}{role=FOLLOWER} - Received AppendRequest{term=1, leader=3, prevLogIndex=1, prevLogTerm=1, entries=0, commitIndex=1}
21:52:06.459 [raft-server-raft-partition-7] TRACE i.a.p.raft.roles.LeaderAppender - RaftServer{raft-partition-7} - Sending AppendRequest{term=1, leader=2, prevLogIndex=1, prevLogTerm=1, entries=0, commitIndex=1} to 1
21:52:06.459 [raft-server-raft-partition-5] TRACE i.a.p.raft.roles.FollowerRole - RaftServer{raft-partition-5}{role=FOLLOWER} - Received AppendRequest{term=1, leader=3, prevLogIndex=1, prevLogTerm=1, entries=0, commitIndex=1}
21:52:06.459 [raft-server-raft-partition-5] TRACE i.a.p.raft.roles.FollowerRole - RaftServer{raft-partition-5}{role=FOLLOWER} - Sending AppendResponse{status=OK, term=1, succeeded=true, lastLogIndex=1}
21:52:06.459 [raft-server-raft-partition-7] TRACE i.a.p.raft.roles.LeaderAppender - RaftServer{raft-partition-7} - Sending AppendRequest{term=1, leader=2, prevLogIndex=1, prevLogTerm=1, entries=0, commitIndex=1} to 3
21:52:06.459 [raft-server-raft-partition-5] TRACE i.a.p.raft.roles.FollowerRole - RaftServer{raft-partition-5}{role=FOLLOWER} - Sending AppendResponse{status=OK, term=1, succeeded=true, lastLogIndex=1}
21:52:06.459 [raft-server-raft-partition-7] TRACE i.a.p.raft.roles.FollowerRole - RaftServer{raft-partition-7}{role=FOLLOWER} - Received AppendRequest{term=1, leader=2, prevLogIndex=1, prevLogTerm=1, entries=0, commitIndex=1}
21:52:06.459 [raft-server-raft-partition-5] TRACE i.a.p.raft.roles.LeaderAppender - RaftServer{raft-partition-5} - Received AppendResponse{status=OK, term=1, succeeded=true, lastLogIndex=1} from 1
21:52:06.459 [raft-server-raft-partition-7] TRACE i.a.p.raft.roles.FollowerRole - RaftServer{raft-partition-7}{role=FOLLOWER} - Sending AppendResponse{status=OK, term=1, succeeded=true, lastLogIndex=1}
21:52:06.459 [raft-server-raft-partition-7] TRACE i.a.p.raft.roles.FollowerRole - RaftServer{raft-partition-7}{role=FOLLOWER} - Received AppendRequest{term=1, leader=2, prevLogIndex=1, prevLogTerm=1, entries=0, commitIndex=1}
21:52:06.460 [raft-server-raft-partition-5] TRACE i.a.p.raft.roles.LeaderAppender - RaftServer{raft-partition-5} - Sending AppendRequest{term=1, leader=3, prevLogIndex=1, prevLogTerm=1, entries=0, commitIndex=1} to 1
21:52:06.460 [raft-server-raft-partition-7] TRACE i.a.p.raft.roles.FollowerRole - RaftServer{raft-partition-7}{role=FOLLOWER} - Sending AppendResponse{status=OK, term=1, succeeded=true, lastLogIndex=1}
21:52:06.460 [raft-server-raft-partition-5] TRACE i.a.p.raft.roles.LeaderAppender - RaftServer{raft-partition-5} - Received AppendResponse{status=OK, term=1, succeeded=true, lastLogIndex=1} from 2
21:52:06.460 [raft-server-raft-partition-7] TRACE i.a.p.raft.roles.LeaderAppender - RaftServer{raft-partition-7} - Received AppendResponse{status=OK, term=1, succeeded=true, lastLogIndex=1} from 1
21:52:06.460 [raft-server-raft-partition-5] TRACE i.a.p.raft.roles.LeaderAppender - RaftServer{raft-partition-5} - Sending AppendRequest{term=1, leader=3, prevLogIndex=1, prevLogTerm=1, entries=0, commitIndex=1} to 2
21:52:06.460 [raft-server-raft-partition-5] TRACE i.a.p.raft.roles.FollowerRole - RaftServer{raft-partition-5}{role=FOLLOWER} - Received AppendRequest{term=1, leader=3, prevLogIndex=1, prevLogTerm=1, entries=0, commitIndex=1}
21:52:06.460 [raft-server-raft-partition-7] TRACE i.a.p.raft.roles.LeaderAppender - RaftServer{raft-partition-7} - Sending AppendRequest{term=1, leader=2, prevLogIndex=1, prevLogTerm=1, entries=0, commitIndex=1} to 1
21:52:06.460 [raft-server-raft-partition-5] TRACE i.a.p.raft.roles.FollowerRole - RaftServer{raft-partition-5}{role=FOLLOWER} - Sending AppendResponse{status=OK, term=1, succeeded=true, lastLogIndex=1}
21:52:06.460 [raft-server-raft-partition-7] TRACE i.a.p.raft.roles.LeaderAppender - RaftServer{raft-partition-7} - Received AppendResponse{status=OK, term=1, succeeded=true, lastLogIndex=1} from 3
21:52:06.460 [raft-server-raft-partition-5] TRACE i.a.p.raft.roles.FollowerRole - RaftServer{raft-partition-5}{role=FOLLOWER} - Received AppendRequest{term=1, leader=3, prevLogIndex=1, prevLogTerm=1, entries=0, commitIndex=1}
21:52:06.460 [raft-server-raft-partition-7] TRACE i.a.p.raft.roles.LeaderAppender - RaftServer{raft-partition-7} - Sending AppendRequest{term=1, leader=2, prevLogIndex=1, prevLogTerm=1, entries=0, commitIndex=1} to 3
21:52:06.460 [raft-server-raft-partition-5] TRACE i.a.p.raft.roles.FollowerRole - RaftServer{raft-partition-5}{role=FOLLOWER} - Sending AppendResponse{status=OK, term=1, succeeded=true, lastLogIndex=1}
21:52:06.460 [raft-server-raft-partition-5] TRACE i.a.p.raft.roles.LeaderAppender - RaftServer{raft-partition-5} - Received AppendResponse{status=OK, term=1, succeeded=true, lastLogIndex=1} from 1
21:52:06.460 [raft-server-raft-partition-7] TRACE i.a.p.raft.roles.FollowerRole - RaftServer{raft-partition-7}{role=FOLLOWER} - Received AppendRequest{term=1, leader=2, prevLogIndex=1, prevLogTerm=1, entries=0, commitIndex=1}
21:52:06.460 [raft-server-raft-partition-7] TRACE i.a.p.raft.roles.FollowerRole - RaftServer{raft-partition-7}{role=FOLLOWER} - Received AppendRequest{term=1, leader=2, prevLogIndex=1, prevLogTerm=1, entries=0, commitIndex=1}
21:52:06.460 [raft-server-raft-partition-7] TRACE i.a.p.raft.roles.FollowerRole - RaftServer{raft-partition-7}{role=FOLLOWER} - Sending AppendResponse{status=OK, term=1, succeeded=true, lastLogIndex=1}
21:52:06.460 [raft-server-raft-partition-5] TRACE i.a.p.raft.roles.LeaderAppender - RaftServer{raft-partition-5} - Received AppendResponse{status=OK, term=1, succeeded=true, lastLogIndex=1} from 2
21:52:06.461 [raft-server-raft-partition-7] TRACE i.a.p.raft.roles.FollowerRole - RaftServer{raft-partition-7}{role=FOLLOWER} - Sending AppendResponse{status=OK, term=1, succeeded=true, lastLogIndex=1}
21:52:06.461 [raft-server-raft-partition-7] TRACE i.a.p.raft.roles.LeaderAppender - RaftServer{raft-partition-7} - Received AppendResponse{status=OK, term=1, succeeded=true, lastLogIndex=1} from 1
21:52:06.461 [raft-server-raft-partition-7] TRACE i.a.p.raft.roles.LeaderAppender - RaftServer{raft-partition-7} - Received AppendResponse{status=OK, term=1, succeeded=true, lastLogIndex=1} from 3
21:52:06.493 [raft-server-raft-partition-4] TRACE i.a.p.raft.roles.LeaderAppender - RaftServer{raft-partition-4} - Sending AppendRequest{term=1, leader=1, prevLogIndex=1, prevLogTerm=1, entries=0, commitIndex=1} to 2
21:52:06.493 [raft-server-raft-partition-4] TRACE i.a.p.raft.roles.LeaderAppender - RaftServer{raft-partition-4} - Sending AppendRequest{term=1, leader=1, prevLogIndex=1, prevLogTerm=1, entries=0, commitIndex=1} to 3
21:52:06.493 [raft-server-raft-partition-4] TRACE i.a.p.raft.roles.FollowerRole - RaftServer{raft-partition-4}{role=FOLLOWER} - Received AppendRequest{term=1, leader=1, prevLogIndex=1, prevLogTerm=1, entries=0, commitIndex=1}
21:52:06.493 [raft-server-raft-partition-4] TRACE i.a.p.raft.roles.FollowerRole - RaftServer{raft-partition-4}{role=FOLLOWER} - Sending AppendResponse{status=OK, term=1, succeeded=true, lastLogIndex=1}
21:52:06.493 [raft-server-raft-partition-4] TRACE i.a.p.raft.roles.FollowerRole - RaftServer{raft-partition-4}{role=FOLLOWER} - Received AppendRequest{term=1, leader=1, prevLogIndex=1, prevLogTerm=1, entries=0, commitIndex=1}
21:52:06.493 [raft-server-raft-partition-4] TRACE i.a.p.raft.roles.FollowerRole - RaftServer{raft-partition-4}{role=FOLLOWER} - Sending AppendResponse{status=OK, term=1, succeeded=true, lastLogIndex=1}
21:52:06.494 [raft-server-raft-partition-4] TRACE i.a.p.raft.roles.LeaderAppender - RaftServer{raft-partition-4} - Received AppendResponse{status=OK, term=1, succeeded=true, lastLogIndex=1} from 2
21:52:06.494 [raft-server-raft-partition-4] TRACE i.a.p.raft.roles.LeaderAppender - RaftServer{raft-partition-4} - Sending AppendRequest{term=1, leader=1, prevLogIndex=1, prevLogTerm=1, entries=0, commitIndex=1} to 2
21:52:06.494 [raft-server-raft-partition-4] TRACE i.a.p.raft.roles.LeaderAppender - RaftServer{raft-partition-4} - Received AppendResponse{status=OK, term=1, succeeded=true, lastLogIndex=1} from 3
21:52:06.494 [raft-server-raft-partition-4] TRACE i.a.p.raft.roles.LeaderAppender - RaftServer{raft-partition-4} - Sending AppendRequest{term=1, leader=1, prevLogIndex=1, prevLogTerm=1, entries=0, commitIndex=1} to 3
21:52:06.494 [raft-server-raft-partition-4] TRACE i.a.p.raft.roles.FollowerRole - RaftServer{raft-partition-4}{role=FOLLOWER} - Received AppendRequest{term=1, leader=1, prevLogIndex=1, prevLogTerm=1, entries=0, commitIndex=1}
21:52:06.494 [raft-server-raft-partition-4] TRACE i.a.p.raft.roles.FollowerRole - RaftServer{raft-partition-4}{role=FOLLOWER} - Sending AppendResponse{status=OK, term=1, succeeded=true, lastLogIndex=1}
21:52:06.494 [raft-server-raft-partition-4] TRACE i.a.p.raft.roles.FollowerRole - RaftServer{raft-partition-4}{role=FOLLOWER} - Received AppendRequest{term=1, leader=1, prevLogIndex=1, prevLogTerm=1, entries=0, commitIndex=1}
21:52:06.494 [raft-server-raft-partition-4] TRACE i.a.p.raft.roles.FollowerRole - RaftServer{raft-partition-4}{role=FOLLOWER} - Sending AppendResponse{status=OK, term=1, succeeded=true, lastLogIndex=1}
21:52:06.494 [raft-server-raft-partition-4] TRACE i.a.p.raft.roles.LeaderAppender - RaftServer{raft-partition-4} - Received AppendResponse{status=OK, term=1, succeeded=true, lastLogIndex=1} from 2
21:52:06.494 [raft-server-raft-partition-4] TRACE i.a.p.raft.roles.LeaderAppender - RaftServer{raft-partition-4} - Received AppendResponse{status=OK, term=1, succeeded=true, lastLogIndex=1} from 3
21:52:06.567 [raft-server-raft-partition-2] TRACE i.a.p.raft.roles.LeaderAppender - RaftServer{raft-partition-2} - Sending AppendRequest{term=1, leader=1, prevLogIndex=1, prevLogTerm=1, entries=0, commitIndex=1} to 2
21:52:06.568 [raft-server-raft-partition-2] TRACE i.a.p.raft.roles.LeaderAppender - RaftServer{raft-partition-2} - Sending AppendRequest{term=1, leader=1, prevLogIndex=1, prevLogTerm=1, entries=0, commitIndex=1} to 3
21:52:06.568 [raft-server-raft-partition-2] TRACE i.a.p.raft.roles.FollowerRole - RaftServer{raft-partition-2}{role=FOLLOWER} - Received AppendRequest{term=1, leader=1, prevLogIndex=1, prevLogTerm=1, entries=0, commitIndex=1}
21:52:06.568 [raft-server-raft-partition-2] TRACE i.a.p.raft.roles.FollowerRole - RaftServer{raft-partition-2}{role=FOLLOWER} - Received AppendRequest{term=1, leader=1, prevLogIndex=1, prevLogTerm=1, entries=0, commitIndex=1}
21:52:06.568 [raft-server-raft-partition-2] TRACE i.a.p.raft.roles.FollowerRole - RaftServer{raft-partition-2}{role=FOLLOWER} - Sending AppendResponse{status=OK, term=1, succeeded=true, lastLogIndex=1}
21:52:06.568 [raft-server-raft-partition-2] TRACE i.a.p.raft.roles.FollowerRole - RaftServer{raft-partition-2}{role=FOLLOWER} - Sending AppendResponse{status=OK, term=1, succeeded=true, lastLogIndex=1}
21:52:06.568 [raft-server-raft-partition-2] TRACE i.a.p.raft.roles.LeaderAppender - RaftServer{raft-partition-2} - Received AppendResponse{status=OK, term=1, succeeded=true, lastLogIndex=1} from 2
21:52:06.568 [raft-server-raft-partition-2] TRACE i.a.p.raft.roles.LeaderAppender - RaftServer{raft-partition-2} - Sending AppendRequest{term=1, leader=1, prevLogIndex=1, prevLogTerm=1, entries=0, commitIndex=1} to 2
21:52:06.568 [raft-server-raft-partition-2] TRACE i.a.p.raft.roles.LeaderAppender - RaftServer{raft-partition-2} - Received AppendResponse{status=OK, term=1, succeeded=true, lastLogIndex=1} from 3
21:52:06.569 [raft-server-raft-partition-2] TRACE i.a.p.raft.roles.FollowerRole - RaftServer{raft-partition-2}{role=FOLLOWER} - Received AppendRequest{term=1, leader=1, prevLogIndex=1, prevLogTerm=1, entries=0, commitIndex=1}
21:52:06.569 [raft-server-raft-partition-2] TRACE i.a.p.raft.roles.FollowerRole - RaftServer{raft-partition-2}{role=FOLLOWER} - Sending AppendResponse{status=OK, term=1, succeeded=true, lastLogIndex=1}
21:52:06.569 [raft-server-raft-partition-2] TRACE i.a.p.raft.roles.LeaderAppender - RaftServer{raft-partition-2} - Received AppendResponse{status=OK, term=1, succeeded=true, lastLogIndex=1} from 2
21:52:06.576 [raft-server-raft-partition-6] TRACE i.a.p.raft.roles.LeaderAppender - RaftServer{raft-partition-6} - Sending AppendRequest{term=1, leader=1, prevLogIndex=1, prevLogTerm=1, entries=0, commitIndex=1} to 2
21:52:06.576 [raft-server-raft-partition-6] TRACE i.a.p.raft.roles.LeaderAppender - RaftServer{raft-partition-6} - Sending AppendRequest{term=1, leader=1, prevLogIndex=1, prevLogTerm=1, entries=0, commitIndex=1} to 3
21:52:06.576 [raft-server-raft-partition-6] TRACE i.a.p.raft.roles.FollowerRole - RaftServer{raft-partition-6}{role=FOLLOWER} - Received AppendRequest{term=1, leader=1, prevLogIndex=1, prevLogTerm=1, entries=0, commitIndex=1}
21:52:06.576 [raft-server-raft-partition-6] TRACE i.a.p.raft.roles.FollowerRole - RaftServer{raft-partition-6}{role=FOLLOWER} - Sending AppendResponse{status=OK, term=1, succeeded=true, lastLogIndex=1}
21:52:06.576 [raft-server-raft-partition-6] TRACE i.a.p.raft.roles.FollowerRole - RaftServer{raft-partition-6}{role=FOLLOWER} - Received AppendRequest{term=1, leader=1, prevLogIndex=1, prevLogTerm=1, entries=0, commitIndex=1}
21:52:06.576 [raft-server-raft-partition-6] TRACE i.a.p.raft.roles.FollowerRole - RaftServer{raft-partition-6}{role=FOLLOWER} - Sending AppendResponse{status=OK, term=1, succeeded=true, lastLogIndex=1}
21:52:06.576 [raft-server-raft-partition-6] TRACE i.a.p.raft.roles.LeaderAppender - RaftServer{raft-partition-6} - Received AppendResponse{status=OK, term=1, succeeded=true, lastLogIndex=1} from 3
21:52:06.576 [raft-server-raft-partition-6] TRACE i.a.p.raft.roles.LeaderAppender - RaftServer{raft-partition-6} - Sending AppendRequest{term=1, leader=1, prevLogIndex=1, prevLogTerm=1, entries=0, commitIndex=1} to 3
21:52:06.576 [raft-server-raft-partition-6] TRACE i.a.p.raft.roles.LeaderAppender - RaftServer{raft-partition-6} - Received AppendResponse{status=OK, term=1, succeeded=true, lastLogIndex=1} from 2
21:52:06.576 [raft-server-raft-partition-6] TRACE i.a.p.raft.roles.LeaderAppender - RaftServer{raft-partition-6} - Sending AppendRequest{term=1, leader=1, prevLogIndex=1, prevLogTerm=1, entries=0, commitIndex=1} to 2
21:52:06.577 [raft-server-raft-partition-6] TRACE i.a.p.raft.roles.FollowerRole - RaftServer{raft-partition-6}{role=FOLLOWER} - Received AppendRequest{term=1, leader=1, prevLogIndex=1, prevLogTerm=1, entries=0, commitIndex=1}
21:52:06.577 [raft-server-raft-partition-6] TRACE i.a.p.raft.roles.FollowerRole - RaftServer{raft-partition-6}{role=FOLLOWER} - Sending AppendResponse{status=OK, term=1, succeeded=true, lastLogIndex=1}
21:52:06.577 [raft-server-raft-partition-6] TRACE i.a.p.raft.roles.FollowerRole - RaftServer{raft-partition-6}{role=FOLLOWER} - Received AppendRequest{term=1, leader=1, prevLogIndex=1, prevLogTerm=1, entries=0, commitIndex=1}
21:52:06.577 [raft-server-raft-partition-6] TRACE i.a.p.raft.roles.FollowerRole - RaftServer{raft-partition-6}{role=FOLLOWER} - Sending AppendResponse{status=OK, term=1, succeeded=true, lastLogIndex=1}
21:52:06.577 [raft-server-raft-partition-6] TRACE i.a.p.raft.roles.LeaderAppender - RaftServer{raft-partition-6} - Received AppendResponse{status=OK, term=1, succeeded=true, lastLogIndex=1} from 3
21:52:06.577 [raft-server-raft-partition-6] TRACE i.a.p.raft.roles.LeaderAppender - RaftServer{raft-partition-6} - Sending AppendRequest{term=1, leader=1, prevLogIndex=1, prevLogTerm=1, entries=0, commitIndex=1} to 3
21:52:06.577 [raft-server-raft-partition-6] TRACE i.a.p.raft.roles.LeaderAppender - RaftServer{raft-partition-6} - Received AppendResponse{status=OK, term=1, succeeded=true, lastLogIndex=1} from 2
21:52:06.577 [raft-server-raft-partition-6] TRACE i.a.p.raft.roles.LeaderAppender - RaftServer{raft-partition-6} - Sending AppendRequest{term=1, leader=1, prevLogIndex=1, prevLogTerm=1, entries=0, commitIndex=1} to 2
21:52:06.577 [raft-server-raft-partition-6] TRACE i.a.p.raft.roles.FollowerRole - RaftServer{raft-partition-6}{role=FOLLOWER} - Received AppendRequest{term=1, leader=1, prevLogIndex=1, prevLogTerm=1, entries=0, commitIndex=1}
21:52:06.577 [raft-server-raft-partition-6] TRACE i.a.p.raft.roles.FollowerRole - RaftServer{raft-partition-6}{role=FOLLOWER} - Sending AppendResponse{status=OK, term=1, succeeded=true, lastLogIndex=1}
21:52:06.577 [raft-server-raft-partition-6] TRACE i.a.p.raft.roles.FollowerRole - RaftServer{raft-partition-6}{role=FOLLOWER} - Received AppendRequest{term=1, leader=1, prevLogIndex=1, prevLogTerm=1, entries=0, commitIndex=1}
21:52:06.577 [raft-server-raft-partition-6] TRACE i.a.p.raft.roles.FollowerRole - RaftServer{raft-partition-6}{role=FOLLOWER} - Sending AppendResponse{status=OK, term=1, succeeded=true, lastLogIndex=1}
21:52:06.577 [raft-server-raft-partition-6] TRACE i.a.p.raft.roles.LeaderAppender - RaftServer{raft-partition-6} - Received AppendResponse{status=OK, term=1, succeeded=true, lastLogIndex=1} from 3
21:52:06.577 [raft-server-raft-partition-6] TRACE i.a.p.raft.roles.LeaderAppender - RaftServer{raft-partition-6} - Received AppendResponse{status=OK, term=1, succeeded=true, lastLogIndex=1} from 2
21:52:06.634 [raft-server-raft-partition-1] TRACE i.a.p.raft.roles.LeaderAppender - RaftServer{raft-partition-1} - Sending AppendRequest{term=1, leader=2, prevLogIndex=1, prevLogTerm=1, entries=0, commitIndex=1} to 3
21:52:06.635 [raft-server-raft-partition-1] TRACE i.a.p.raft.roles.FollowerRole - RaftServer{raft-partition-1}{role=FOLLOWER} - Received AppendRequest{term=1, leader=2, prevLogIndex=1, prevLogTerm=1, entries=0, commitIndex=1}
21:52:06.635 [raft-server-raft-partition-1] TRACE i.a.p.raft.roles.FollowerRole - RaftServer{raft-partition-1}{role=FOLLOWER} - Sending AppendResponse{status=OK, term=1, succeeded=true, lastLogIndex=1}
21:52:06.635 [raft-server-raft-partition-1] TRACE i.a.p.raft.roles.LeaderAppender - RaftServer{raft-partition-1} - Received AppendResponse{status=OK, term=1, succeeded=true, lastLogIndex=1} from 3
21:52:06.635 [raft-server-raft-partition-1] TRACE i.a.p.raft.roles.LeaderAppender - RaftServer{raft-partition-1} - Sending AppendRequest{term=1, leader=2, prevLogIndex=1, prevLogTerm=1, entries=0, commitIndex=1} to 3
21:52:06.635 [raft-server-raft-partition-1] TRACE i.a.p.raft.roles.FollowerRole - RaftServer{raft-partition-1}{role=FOLLOWER} - Received AppendRequest{term=1, leader=2, prevLogIndex=1, prevLogTerm=1, entries=0, commitIndex=1}
21:52:06.636 [raft-server-raft-partition-1] TRACE i.a.p.raft.roles.FollowerRole - RaftServer{raft-partition-1}{role=FOLLOWER} - Sending AppendResponse{status=OK, term=1, succeeded=true, lastLogIndex=1}
21:52:06.636 [raft-server-raft-partition-1] TRACE i.a.p.raft.roles.LeaderAppender - RaftServer{raft-partition-1} - Received AppendResponse{status=OK, term=1, succeeded=true, lastLogIndex=1} from 3
21:52:06.667 [raft-server-system-partition-1] TRACE i.a.p.raft.roles.LeaderAppender - RaftServer{system-partition-1} - Sending AppendRequest{term=1, leader=1, prevLogIndex=13, prevLogTerm=1, entries=0, commitIndex=13} to 2
21:52:06.667 [raft-server-system-partition-1] TRACE i.a.p.raft.roles.LeaderAppender - RaftServer{system-partition-1} - Sending AppendRequest{term=1, leader=1, prevLogIndex=13, prevLogTerm=1, entries=0, commitIndex=13} to 3
21:52:06.667 [raft-server-system-partition-1] TRACE i.a.p.raft.roles.FollowerRole - RaftServer{system-partition-1}{role=FOLLOWER} - Received AppendRequest{term=1, leader=1, prevLogIndex=13, prevLogTerm=1, entries=0, commitIndex=13}
21:52:06.667 [raft-server-system-partition-1] TRACE i.a.p.raft.roles.FollowerRole - RaftServer{system-partition-1}{role=FOLLOWER} - Received AppendRequest{term=1, leader=1, prevLogIndex=13, prevLogTerm=1, entries=0, commitIndex=13}
21:52:06.667 [raft-server-system-partition-1] TRACE i.a.p.raft.roles.FollowerRole - RaftServer{system-partition-1}{role=FOLLOWER} - Sending AppendResponse{status=OK, term=1, succeeded=true, lastLogIndex=13}
21:52:06.668 [raft-server-system-partition-1] TRACE i.a.p.raft.roles.FollowerRole - RaftServer{system-partition-1}{role=FOLLOWER} - Sending AppendResponse{status=OK, term=1, succeeded=true, lastLogIndex=13}
21:52:06.668 [raft-server-system-partition-1] TRACE i.a.p.raft.roles.LeaderAppender - RaftServer{system-partition-1} - Received AppendResponse{status=OK, term=1, succeeded=true, lastLogIndex=13} from 2
21:52:06.668 [raft-server-system-partition-1] TRACE i.a.p.raft.roles.LeaderAppender - RaftServer{system-partition-1} - Sending AppendRequest{term=1, leader=1, prevLogIndex=13, prevLogTerm=1, entries=0, commitIndex=13} to 2
21:52:06.668 [raft-server-system-partition-1] TRACE i.a.p.raft.roles.LeaderAppender - RaftServer{system-partition-1} - Received AppendResponse{status=OK, term=1, succeeded=true, lastLogIndex=13} from 3
21:52:06.668 [raft-server-system-partition-1] TRACE i.a.p.raft.roles.LeaderAppender - RaftServer{system-partition-1} - Sending AppendRequest{term=1, leader=1, prevLogIndex=13, prevLogTerm=1, entries=0, commitIndex=13} to 3
21:52:06.668 [raft-server-system-partition-1] TRACE i.a.p.raft.roles.FollowerRole - RaftServer{system-partition-1}{role=FOLLOWER} - Received AppendRequest{term=1, leader=1, prevLogIndex=13, prevLogTerm=1, entries=0, commitIndex=13}
21:52:06.668 [raft-server-system-partition-1] TRACE i.a.p.raft.roles.FollowerRole - RaftServer{system-partition-1}{role=FOLLOWER} - Sending AppendResponse{status=OK, term=1, succeeded=true, lastLogIndex=13}
21:52:06.668 [raft-server-system-partition-1] TRACE i.a.p.raft.roles.FollowerRole - RaftServer{system-partition-1}{role=FOLLOWER} - Received AppendRequest{term=1, leader=1, prevLogIndex=13, prevLogTerm=1, entries=0, commitIndex=13}
21:52:06.668 [raft-server-system-partition-1] TRACE i.a.p.raft.roles.FollowerRole - RaftServer{system-partition-1}{role=FOLLOWER} - Sending AppendResponse{status=OK, term=1, succeeded=true, lastLogIndex=13}
21:52:06.668 [raft-server-system-partition-1] TRACE i.a.p.raft.roles.LeaderAppender - RaftServer{system-partition-1} - Received AppendResponse{status=OK, term=1, succeeded=true, lastLogIndex=13} from 2
21:52:06.668 [raft-server-system-partition-1] TRACE i.a.p.raft.roles.LeaderAppender - RaftServer{system-partition-1} - Received AppendResponse{status=OK, term=1, succeeded=true, lastLogIndex=13} from 3
21:52:06.709 [raft-server-raft-partition-5] TRACE i.a.p.raft.roles.LeaderAppender - RaftServer{raft-partition-5} - Sending AppendRequest{term=1, leader=3, prevLogIndex=1, prevLogTerm=1, entries=0, commitIndex=1} to 1
21:52:06.709 [raft-server-raft-partition-5] TRACE i.a.p.raft.roles.LeaderAppender - RaftServer{raft-partition-5} - Sending AppendRequest{term=1, leader=3, prevLogIndex=1, prevLogTerm=1, entries=0, commitIndex=1} to 2
21:52:06.709 [raft-server-raft-partition-7] TRACE i.a.p.raft.roles.LeaderAppender - RaftServer{raft-partition-7} - Sending AppendRequest{term=1, leader=2, prevLogIndex=1, prevLogTerm=1, entries=0, commitIndex=1} to 1
21:52:06.709 [raft-server-raft-partition-5] TRACE i.a.p.raft.roles.FollowerRole - RaftServer{raft-partition-5}{role=FOLLOWER} - Received AppendRequest{term=1, leader=3, prevLogIndex=1, prevLogTerm=1, entries=0, commitIndex=1}
21:52:06.709 [raft-server-raft-partition-7] TRACE i.a.p.raft.roles.LeaderAppender - RaftServer{raft-partition-7} - Sending AppendRequest{term=1, leader=2, prevLogIndex=1, prevLogTerm=1, entries=0, commitIndex=1} to 3
21:52:06.709 [raft-server-raft-partition-5] TRACE i.a.p.raft.roles.FollowerRole - RaftServer{raft-partition-5}{role=FOLLOWER} - Received AppendRequest{term=1, leader=3, prevLogIndex=1, prevLogTerm=1, entries=0, commitIndex=1}
21:52:06.709 [raft-server-raft-partition-5] TRACE i.a.p.raft.roles.FollowerRole - RaftServer{raft-partition-5}{role=FOLLOWER} - Sending AppendResponse{status=OK, term=1, succeeded=true, lastLogIndex=1}
21:52:06.709 [raft-server-raft-partition-7] TRACE i.a.p.raft.roles.FollowerRole - RaftServer{raft-partition-7}{role=FOLLOWER} - Received AppendRequest{term=1, leader=2, prevLogIndex=1, prevLogTerm=1, entries=0, commitIndex=1}
21:52:06.709 [raft-server-raft-partition-5] TRACE i.a.p.raft.roles.FollowerRole - RaftServer{raft-partition-5}{role=FOLLOWER} - Sending AppendResponse{status=OK, term=1, succeeded=true, lastLogIndex=1}
21:52:06.709 [raft-server-raft-partition-7] TRACE i.a.p.raft.roles.FollowerRole - RaftServer{raft-partition-7}{role=FOLLOWER} - Received AppendRequest{term=1, leader=2, prevLogIndex=1, prevLogTerm=1, entries=0, commitIndex=1}
21:52:06.709 [raft-server-raft-partition-7] TRACE i.a.p.raft.roles.FollowerRole - RaftServer{raft-partition-7}{role=FOLLOWER} - Sending AppendResponse{status=OK, term=1, succeeded=true, lastLogIndex=1}
21:52:06.710 [raft-server-raft-partition-5] TRACE i.a.p.raft.roles.LeaderAppender - RaftServer{raft-partition-5} - Received AppendResponse{status=OK, term=1, succeeded=true, lastLogIndex=1} from 1
21:52:06.710 [raft-server-raft-partition-7] TRACE i.a.p.raft.roles.FollowerRole - RaftServer{raft-partition-7}{role=FOLLOWER} - Sending AppendResponse{status=OK, term=1, succeeded=true, lastLogIndex=1}
21:52:06.710 [raft-server-raft-partition-5] TRACE i.a.p.raft.roles.LeaderAppender - RaftServer{raft-partition-5} - Sending AppendRequest{term=1, leader=3, prevLogIndex=1, prevLogTerm=1, entries=0, commitIndex=1} to 1
21:52:06.710 [raft-server-raft-partition-5] TRACE i.a.p.raft.roles.LeaderAppender - RaftServer{raft-partition-5} - Received AppendResponse{status=OK, term=1, succeeded=true, lastLogIndex=1} from 2
21:52:06.710 [raft-server-raft-partition-7] TRACE i.a.p.raft.roles.LeaderAppender - RaftServer{raft-partition-7} - Received AppendResponse{status=OK, term=1, succeeded=true, lastLogIndex=1} from 1
21:52:06.710 [raft-server-raft-partition-5] TRACE i.a.p.raft.roles.LeaderAppender - RaftServer{raft-partition-5} - Sending AppendRequest{term=1, leader=3, prevLogIndex=1, prevLogTerm=1, entries=0, commitIndex=1} to 2
21:52:06.710 [raft-server-raft-partition-5] TRACE i.a.p.raft.roles.FollowerRole - RaftServer{raft-partition-5}{role=FOLLOWER} - Received AppendRequest{term=1, leader=3, prevLogIndex=1, prevLogTerm=1, entries=0, commitIndex=1}
21:52:06.710 [raft-server-raft-partition-7] TRACE i.a.p.raft.roles.LeaderAppender - RaftServer{raft-partition-7} - Sending AppendRequest{term=1, leader=2, prevLogIndex=1, prevLogTerm=1, entries=0, commitIndex=1} to 1
21:52:06.710 [raft-server-raft-partition-5] TRACE i.a.p.raft.roles.FollowerRole - RaftServer{raft-partition-5}{role=FOLLOWER} - Sending AppendResponse{status=OK, term=1, succeeded=true, lastLogIndex=1}
21:52:06.710 [raft-server-raft-partition-7] TRACE i.a.p.raft.roles.LeaderAppender - RaftServer{raft-partition-7} - Received AppendResponse{status=OK, term=1, succeeded=true, lastLogIndex=1} from 3
21:52:06.710 [raft-server-raft-partition-5] TRACE i.a.p.raft.roles.FollowerRole - RaftServer{raft-partition-5}{role=FOLLOWER} - Received AppendRequest{term=1, leader=3, prevLogIndex=1, prevLogTerm=1, entries=0, commitIndex=1}
21:52:06.710 [raft-server-raft-partition-7] TRACE i.a.p.raft.roles.LeaderAppender - RaftServer{raft-partition-7} - Sending AppendRequest{term=1, leader=2, prevLogIndex=1, prevLogTerm=1, entries=0, commitIndex=1} to 3
21:52:06.710 [raft-server-raft-partition-7] TRACE i.a.p.raft.roles.FollowerRole - RaftServer{raft-partition-7}{role=FOLLOWER} - Received AppendRequest{term=1, leader=2, prevLogIndex=1, prevLogTerm=1, entries=0, commitIndex=1}
21:52:06.710 [raft-server-raft-partition-5] TRACE i.a.p.raft.roles.FollowerRole - RaftServer{raft-partition-5}{role=FOLLOWER} - Sending AppendResponse{status=OK, term=1, succeeded=true, lastLogIndex=1}
21:52:06.710 [raft-server-raft-partition-5] TRACE i.a.p.raft.roles.LeaderAppender - RaftServer{raft-partition-5} - Received AppendResponse{status=OK, term=1, succeeded=true, lastLogIndex=1} from 1
21:52:06.710 [raft-server-raft-partition-7] TRACE i.a.p.raft.roles.FollowerRole - RaftServer{raft-partition-7}{role=FOLLOWER} - Sending AppendResponse{status=OK, term=1, succeeded=true, lastLogIndex=1}
21:52:06.710 [raft-server-raft-partition-7] TRACE i.a.p.raft.roles.FollowerRole - RaftServer{raft-partition-7}{role=FOLLOWER} - Received AppendRequest{term=1, leader=2, prevLogIndex=1, prevLogTerm=1, entries=0, commitIndex=1}
21:52:06.710 [raft-server-raft-partition-7] TRACE i.a.p.raft.roles.FollowerRole - RaftServer{raft-partition-7}{role=FOLLOWER} - Sending AppendResponse{status=OK, term=1, succeeded=true, lastLogIndex=1}
21:52:06.710 [raft-server-raft-partition-5] TRACE i.a.p.raft.roles.LeaderAppender - RaftServer{raft-partition-5} - Received AppendResponse{status=OK, term=1, succeeded=true, lastLogIndex=1} from 2
21:52:06.710 [raft-server-raft-partition-7] TRACE i.a.p.raft.roles.LeaderAppender - RaftServer{raft-partition-7} - Received AppendResponse{status=OK, term=1, succeeded=true, lastLogIndex=1} from 1
21:52:06.711 [raft-server-raft-partition-7] TRACE i.a.p.raft.roles.LeaderAppender - RaftServer{raft-partition-7} - Received AppendResponse{status=OK, term=1, succeeded=true, lastLogIndex=1} from 3
21:52:06.743 [raft-server-raft-partition-4] TRACE i.a.p.raft.roles.LeaderAppender - RaftServer{raft-partition-4} - Sending AppendRequest{term=1, leader=1, prevLogIndex=1, prevLogTerm=1, entries=0, commitIndex=1} to 2
21:52:06.743 [raft-server-raft-partition-4] TRACE i.a.p.raft.roles.LeaderAppender - RaftServer{raft-partition-4} - Sending AppendRequest{term=1, leader=1, prevLogIndex=1, prevLogTerm=1, entries=0, commitIndex=1} to 3
21:52:06.743 [raft-server-raft-partition-4] TRACE i.a.p.raft.roles.FollowerRole - RaftServer{raft-partition-4}{role=FOLLOWER} - Received AppendRequest{term=1, leader=1, prevLogIndex=1, prevLogTerm=1, entries=0, commitIndex=1}
21:52:06.743 [raft-server-raft-partition-4] TRACE i.a.p.raft.roles.FollowerRole - RaftServer{raft-partition-4}{role=FOLLOWER} - Received AppendRequest{term=1, leader=1, prevLogIndex=1, prevLogTerm=1, entries=0, commitIndex=1}
21:52:06.743 [raft-server-raft-partition-4] TRACE i.a.p.raft.roles.FollowerRole - RaftServer{raft-partition-4}{role=FOLLOWER} - Sending AppendResponse{status=OK, term=1, succeeded=true, lastLogIndex=1}
21:52:06.743 [raft-server-raft-partition-4] TRACE i.a.p.raft.roles.FollowerRole - RaftServer{raft-partition-4}{role=FOLLOWER} - Sending AppendResponse{status=OK, term=1, succeeded=true, lastLogIndex=1}
21:52:06.743 [raft-server-raft-partition-4] TRACE i.a.p.raft.roles.LeaderAppender - RaftServer{raft-partition-4} - Received AppendResponse{status=OK, term=1, succeeded=true, lastLogIndex=1} from 2
21:52:06.744 [raft-server-raft-partition-4] TRACE i.a.p.raft.roles.LeaderAppender - RaftServer{raft-partition-4} - Sending AppendRequest{term=1, leader=1, prevLogIndex=1, prevLogTerm=1, entries=0, commitIndex=1} to 2
21:52:06.744 [raft-server-raft-partition-4] TRACE i.a.p.raft.roles.LeaderAppender - RaftServer{raft-partition-4} - Received AppendResponse{status=OK, term=1, succeeded=true, lastLogIndex=1} from 3
21:52:06.744 [raft-server-raft-partition-4] TRACE i.a.p.raft.roles.LeaderAppender - RaftServer{raft-partition-4} - Sending AppendRequest{term=1, leader=1, prevLogIndex=1, prevLogTerm=1, entries=0, commitIndex=1} to 3
21:52:06.744 [raft-server-raft-partition-4] TRACE i.a.p.raft.roles.FollowerRole - RaftServer{raft-partition-4}{role=FOLLOWER} - Received AppendRequest{term=1, leader=1, prevLogIndex=1, prevLogTerm=1, entries=0, commitIndex=1}
21:52:06.744 [raft-server-raft-partition-4] TRACE i.a.p.raft.roles.FollowerRole - RaftServer{raft-partition-4}{role=FOLLOWER} - Sending AppendResponse{status=OK, term=1, succeeded=true, lastLogIndex=1}
21:52:06.744 [raft-server-raft-partition-4] TRACE i.a.p.raft.roles.FollowerRole - RaftServer{raft-partition-4}{role=FOLLOWER} - Received AppendRequest{term=1, leader=1, prevLogIndex=1, prevLogTerm=1, entries=0, commitIndex=1}
21:52:06.744 [raft-server-raft-partition-4] TRACE i.a.p.raft.roles.FollowerRole - RaftServer{raft-partition-4}{role=FOLLOWER} - Sending AppendResponse{status=OK, term=1, succeeded=true, lastLogIndex=1}
21:52:06.744 [raft-server-raft-partition-4] TRACE i.a.p.raft.roles.LeaderAppender - RaftServer{raft-partition-4} - Received AppendResponse{status=OK, term=1, succeeded=true, lastLogIndex=1} from 2
21:52:06.744 [raft-server-raft-partition-4] TRACE i.a.p.raft.roles.LeaderAppender - RaftServer{raft-partition-4} - Received AppendResponse{status=OK, term=1, succeeded=true, lastLogIndex=1} from 3
21:52:06.818 [raft-server-raft-partition-2] TRACE i.a.p.raft.roles.LeaderAppender - RaftServer{raft-partition-2} - Sending AppendRequest{term=1, leader=1, prevLogIndex=1, prevLogTerm=1, entries=0, commitIndex=1} to 2
21:52:06.818 [raft-server-raft-partition-2] TRACE i.a.p.raft.roles.LeaderAppender - RaftServer{raft-partition-2} - Sending AppendRequest{term=1, leader=1, prevLogIndex=1, prevLogTerm=1, entries=0, commitIndex=1} to 3
21:52:06.818 [raft-server-raft-partition-2] TRACE i.a.p.raft.roles.FollowerRole - RaftServer{raft-partition-2}{role=FOLLOWER} - Received AppendRequest{term=1, leader=1, prevLogIndex=1, prevLogTerm=1, entries=0, commitIndex=1}
21:52:06.818 [raft-server-raft-partition-2] TRACE i.a.p.raft.roles.FollowerRole - RaftServer{raft-partition-2}{role=FOLLOWER} - Sending AppendResponse{status=OK, term=1, succeeded=true, lastLogIndex=1}
21:52:06.818 [raft-server-raft-partition-2] TRACE i.a.p.raft.roles.FollowerRole - RaftServer{raft-partition-2}{role=FOLLOWER} - Received AppendRequest{term=1, leader=1, prevLogIndex=1, prevLogTerm=1, entries=0, commitIndex=1}
21:52:06.818 [raft-server-raft-partition-2] TRACE i.a.p.raft.roles.FollowerRole - RaftServer{raft-partition-2}{role=FOLLOWER} - Sending AppendResponse{status=OK, term=1, succeeded=true, lastLogIndex=1}
21:52:06.818 [raft-server-raft-partition-2] TRACE i.a.p.raft.roles.LeaderAppender - RaftServer{raft-partition-2} - Received AppendResponse{status=OK, term=1, succeeded=true, lastLogIndex=1} from 2
21:52:06.818 [raft-server-raft-partition-2] TRACE i.a.p.raft.roles.LeaderAppender - RaftServer{raft-partition-2} - Received AppendResponse{status=OK, term=1, succeeded=true, lastLogIndex=1} from 3
21:52:06.826 [raft-server-raft-partition-6] TRACE i.a.p.raft.roles.LeaderAppender - RaftServer{raft-partition-6} - Sending AppendRequest{term=1, leader=1, prevLogIndex=1, prevLogTerm=1, entries=0, commitIndex=1} to 2
21:52:06.826 [raft-server-raft-partition-6] TRACE i.a.p.raft.roles.LeaderAppender - RaftServer{raft-partition-6} - Sending AppendRequest{term=1, leader=1, prevLogIndex=1, prevLogTerm=1, entries=0, commitIndex=1} to 3
21:52:06.826 [raft-server-raft-partition-6] TRACE i.a.p.raft.roles.FollowerRole - RaftServer{raft-partition-6}{role=FOLLOWER} - Received AppendRequest{term=1, leader=1, prevLogIndex=1, prevLogTerm=1, entries=0, commitIndex=1}
21:52:06.826 [raft-server-raft-partition-6] TRACE i.a.p.raft.roles.FollowerRole - RaftServer{raft-partition-6}{role=FOLLOWER} - Received AppendRequest{term=1, leader=1, prevLogIndex=1, prevLogTerm=1, entries=0, commitIndex=1}
21:52:06.826 [raft-server-raft-partition-6] TRACE i.a.p.raft.roles.FollowerRole - RaftServer{raft-partition-6}{role=FOLLOWER} - Sending AppendResponse{status=OK, term=1, succeeded=true, lastLogIndex=1}
21:52:06.826 [raft-server-raft-partition-6] TRACE i.a.p.raft.roles.FollowerRole - RaftServer{raft-partition-6}{role=FOLLOWER} - Sending AppendResponse{status=OK, term=1, succeeded=true, lastLogIndex=1}
21:52:06.826 [raft-server-raft-partition-6] TRACE i.a.p.raft.roles.LeaderAppender - RaftServer{raft-partition-6} - Received AppendResponse{status=OK, term=1, succeeded=true, lastLogIndex=1} from 2
21:52:06.826 [raft-server-raft-partition-6] TRACE i.a.p.raft.roles.LeaderAppender - RaftServer{raft-partition-6} - Sending AppendRequest{term=1, leader=1, prevLogIndex=1, prevLogTerm=1, entries=0, commitIndex=1} to 2
21:52:06.826 [raft-server-raft-partition-6] TRACE i.a.p.raft.roles.LeaderAppender - RaftServer{raft-partition-6} - Received AppendResponse{status=OK, term=1, succeeded=true, lastLogIndex=1} from 3
21:52:06.826 [raft-server-raft-partition-6] TRACE i.a.p.raft.roles.LeaderAppender - RaftServer{raft-partition-6} - Sending AppendRequest{term=1, leader=1, prevLogIndex=1, prevLogTerm=1, entries=0, commitIndex=1} to 3
21:52:06.827 [raft-server-raft-partition-6] TRACE i.a.p.raft.roles.FollowerRole - RaftServer{raft-partition-6}{role=FOLLOWER} - Received AppendRequest{term=1, leader=1, prevLogIndex=1, prevLogTerm=1, entries=0, commitIndex=1}
21:52:06.827 [raft-server-raft-partition-6] TRACE i.a.p.raft.roles.FollowerRole - RaftServer{raft-partition-6}{role=FOLLOWER} - Received AppendRequest{term=1, leader=1, prevLogIndex=1, prevLogTerm=1, entries=0, commitIndex=1}
21:52:06.827 [raft-server-raft-partition-6] TRACE i.a.p.raft.roles.FollowerRole - RaftServer{raft-partition-6}{role=FOLLOWER} - Sending AppendResponse{status=OK, term=1, succeeded=true, lastLogIndex=1}
21:52:06.827 [raft-server-raft-partition-6] TRACE i.a.p.raft.roles.FollowerRole - RaftServer{raft-partition-6}{role=FOLLOWER} - Sending AppendResponse{status=OK, term=1, succeeded=true, lastLogIndex=1}
21:52:06.827 [raft-server-raft-partition-6] TRACE i.a.p.raft.roles.LeaderAppender - RaftServer{raft-partition-6} - Received AppendResponse{status=OK, term=1, succeeded=true, lastLogIndex=1} from 2
21:52:06.827 [raft-server-raft-partition-6] TRACE i.a.p.raft.roles.LeaderAppender - RaftServer{raft-partition-6} - Sending AppendRequest{term=1, leader=1, prevLogIndex=1, prevLogTerm=1, entries=0, commitIndex=1} to 2
21:52:06.827 [raft-server-raft-partition-6] TRACE i.a.p.raft.roles.LeaderAppender - RaftServer{raft-partition-6} - Received AppendResponse{status=OK, term=1, succeeded=true, lastLogIndex=1} from 3
21:52:06.827 [raft-server-raft-partition-6] TRACE i.a.p.raft.roles.LeaderAppender - RaftServer{raft-partition-6} - Sending AppendRequest{term=1, leader=1, prevLogIndex=1, prevLogTerm=1, entries=0, commitIndex=1} to 3
21:52:06.827 [raft-server-raft-partition-6] TRACE i.a.p.raft.roles.FollowerRole - RaftServer{raft-partition-6}{role=FOLLOWER} - Received AppendRequest{term=1, leader=1, prevLogIndex=1, prevLogTerm=1, entries=0, commitIndex=1}
21:52:06.827 [raft-server-raft-partition-6] TRACE i.a.p.raft.roles.FollowerRole - RaftServer{raft-partition-6}{role=FOLLOWER} - Received AppendRequest{term=1, leader=1, prevLogIndex=1, prevLogTerm=1, entries=0, commitIndex=1}
21:52:06.827 [raft-server-raft-partition-6] TRACE i.a.p.raft.roles.FollowerRole - RaftServer{raft-partition-6}{role=FOLLOWER} - Sending AppendResponse{status=OK, term=1, succeeded=true, lastLogIndex=1}
21:52:06.827 [raft-server-raft-partition-6] TRACE i.a.p.raft.roles.FollowerRole - RaftServer{raft-partition-6}{role=FOLLOWER} - Sending AppendResponse{status=OK, term=1, succeeded=true, lastLogIndex=1}
21:52:06.828 [raft-server-raft-partition-6] TRACE i.a.p.raft.roles.LeaderAppender - RaftServer{raft-partition-6} - Received AppendResponse{status=OK, term=1, succeeded=true, lastLogIndex=1} from 3
21:52:06.828 [raft-server-raft-partition-6] TRACE i.a.p.raft.roles.LeaderAppender - RaftServer{raft-partition-6} - Received AppendResponse{status=OK, term=1, succeeded=true, lastLogIndex=1} from 2
21:52:06.884 [raft-server-raft-partition-1] TRACE i.a.p.raft.roles.LeaderAppender - RaftServer{raft-partition-1} - Sending AppendRequest{term=1, leader=2, prevLogIndex=1, prevLogTerm=1, entries=0, commitIndex=1} to 3
21:52:06.885 [raft-server-raft-partition-1] TRACE i.a.p.raft.roles.FollowerRole - RaftServer{raft-partition-1}{role=FOLLOWER} - Received AppendRequest{term=1, leader=2, prevLogIndex=1, prevLogTerm=1, entries=0, commitIndex=1}
21:52:06.885 [raft-server-raft-partition-1] TRACE i.a.p.raft.roles.FollowerRole - RaftServer{raft-partition-1}{role=FOLLOWER} - Sending AppendResponse{status=OK, term=1, succeeded=true, lastLogIndex=1}
21:52:06.885 [raft-server-raft-partition-1] TRACE i.a.p.raft.roles.LeaderAppender - RaftServer{raft-partition-1} - Received AppendResponse{status=OK, term=1, succeeded=true, lastLogIndex=1} from 3
21:52:06.885 [raft-server-raft-partition-1] TRACE i.a.p.raft.roles.LeaderAppender - RaftServer{raft-partition-1} - Sending AppendRequest{term=1, leader=2, prevLogIndex=1, prevLogTerm=1, entries=0, commitIndex=1} to 3
21:52:06.885 [raft-server-raft-partition-1] TRACE i.a.p.raft.roles.FollowerRole - RaftServer{raft-partition-1}{role=FOLLOWER} - Received AppendRequest{term=1, leader=2, prevLogIndex=1, prevLogTerm=1, entries=0, commitIndex=1}
21:52:06.886 [raft-server-raft-partition-1] TRACE i.a.p.raft.roles.FollowerRole - RaftServer{raft-partition-1}{role=FOLLOWER} - Sending AppendResponse{status=OK, term=1, succeeded=true, lastLogIndex=1}
21:52:06.886 [raft-server-raft-partition-1] TRACE i.a.p.raft.roles.LeaderAppender - RaftServer{raft-partition-1} - Received AppendResponse{status=OK, term=1, succeeded=true, lastLogIndex=1} from 3
21:52:06.917 [raft-server-system-partition-1] TRACE i.a.p.raft.roles.LeaderAppender - RaftServer{system-partition-1} - Sending AppendRequest{term=1, leader=1, prevLogIndex=13, prevLogTerm=1, entries=0, commitIndex=13} to 2
21:52:06.917 [raft-server-system-partition-1] TRACE i.a.p.raft.roles.LeaderAppender - RaftServer{system-partition-1} - Sending AppendRequest{term=1, leader=1, prevLogIndex=13, prevLogTerm=1, entries=0, commitIndex=13} to 3
21:52:06.917 [raft-server-system-partition-1] TRACE i.a.p.raft.roles.FollowerRole - RaftServer{system-partition-1}{role=FOLLOWER} - Received AppendRequest{term=1, leader=1, prevLogIndex=13, prevLogTerm=1, entries=0, commitIndex=13}
21:52:06.917 [raft-server-system-partition-1] TRACE i.a.p.raft.roles.FollowerRole - RaftServer{system-partition-1}{role=FOLLOWER} - Sending AppendResponse{status=OK, term=1, succeeded=true, lastLogIndex=13}
21:52:06.917 [raft-server-system-partition-1] TRACE i.a.p.raft.roles.FollowerRole - RaftServer{system-partition-1}{role=FOLLOWER} - Received AppendRequest{term=1, leader=1, prevLogIndex=13, prevLogTerm=1, entries=0, commitIndex=13}
21:52:06.918 [raft-server-system-partition-1] TRACE i.a.p.raft.roles.FollowerRole - RaftServer{system-partition-1}{role=FOLLOWER} - Sending AppendResponse{status=OK, term=1, succeeded=true, lastLogIndex=13}
21:52:06.918 [raft-server-system-partition-1] TRACE i.a.p.raft.roles.LeaderAppender - RaftServer{system-partition-1} - Received AppendResponse{status=OK, term=1, succeeded=true, lastLogIndex=13} from 2
21:52:06.918 [raft-server-system-partition-1] TRACE i.a.p.raft.roles.LeaderAppender - RaftServer{system-partition-1} - Sending AppendRequest{term=1, leader=1, prevLogIndex=13, prevLogTerm=1, entries=0, commitIndex=13} to 2
21:52:06.918 [raft-server-system-partition-1] TRACE i.a.p.raft.roles.LeaderAppender - RaftServer{system-partition-1} - Received AppendResponse{status=OK, term=1, succeeded=true, lastLogIndex=13} from 3
21:52:06.918 [raft-server-system-partition-1] TRACE i.a.p.raft.roles.LeaderAppender - RaftServer{system-partition-1} - Sending AppendRequest{term=1, leader=1, prevLogIndex=13, prevLogTerm=1, entries=0, commitIndex=13} to 3
21:52:06.918 [raft-server-system-partition-1] TRACE i.a.p.raft.roles.FollowerRole - RaftServer{system-partition-1}{role=FOLLOWER} - Received AppendRequest{term=1, leader=1, prevLogIndex=13, prevLogTerm=1, entries=0, commitIndex=13}
21:52:06.918 [raft-server-system-partition-1] TRACE i.a.p.raft.roles.FollowerRole - RaftServer{system-partition-1}{role=FOLLOWER} - Sending AppendResponse{status=OK, term=1, succeeded=true, lastLogIndex=13}
21:52:06.918 [raft-server-system-partition-1] TRACE i.a.p.raft.roles.FollowerRole - RaftServer{system-partition-1}{role=FOLLOWER} - Received AppendRequest{term=1, leader=1, prevLogIndex=13, prevLogTerm=1, entries=0, commitIndex=13}
21:52:06.918 [raft-server-system-partition-1] TRACE i.a.p.raft.roles.FollowerRole - RaftServer{system-partition-1}{role=FOLLOWER} - Sending AppendResponse{status=OK, term=1, succeeded=true, lastLogIndex=13}
21:52:06.918 [raft-server-system-partition-1] TRACE i.a.p.raft.roles.LeaderAppender - RaftServer{system-partition-1} - Received AppendResponse{status=OK, term=1, succeeded=true, lastLogIndex=13} from 2
21:52:06.918 [raft-server-system-partition-1] TRACE i.a.p.raft.roles.LeaderAppender - RaftServer{system-partition-1} - Received AppendResponse{status=OK, term=1, succeeded=true, lastLogIndex=13} from 3
21:52:06.959 [raft-server-raft-partition-5] TRACE i.a.p.raft.roles.LeaderAppender - RaftServer{raft-partition-5} - Sending AppendRequest{term=1, leader=3, prevLogIndex=1, prevLogTerm=1, entries=0, commitIndex=1} to 1
21:52:06.959 [raft-server-raft-partition-5] TRACE i.a.p.raft.roles.LeaderAppender - RaftServer{raft-partition-5} - Sending AppendRequest{term=1, leader=3, prevLogIndex=1, prevLogTerm=1, entries=0, commitIndex=1} to 2
21:52:06.959 [raft-server-raft-partition-7] TRACE i.a.p.raft.roles.LeaderAppender - RaftServer{raft-partition-7} - Sending AppendRequest{term=1, leader=2, prevLogIndex=1, prevLogTerm=1, entries=0, commitIndex=1} to 1
21:52:06.959 [raft-server-raft-partition-5] TRACE i.a.p.raft.roles.FollowerRole - RaftServer{raft-partition-5}{role=FOLLOWER} - Received AppendRequest{term=1, leader=3, prevLogIndex=1, prevLogTerm=1, entries=0, commitIndex=1}
21:52:06.959 [raft-server-raft-partition-7] TRACE i.a.p.raft.roles.LeaderAppender - RaftServer{raft-partition-7} - Sending AppendRequest{term=1, leader=2, prevLogIndex=1, prevLogTerm=1, entries=0, commitIndex=1} to 3
21:52:06.959 [raft-server-raft-partition-5] TRACE i.a.p.raft.roles.FollowerRole - RaftServer{raft-partition-5}{role=FOLLOWER} - Received AppendRequest{term=1, leader=3, prevLogIndex=1, prevLogTerm=1, entries=0, commitIndex=1}
21:52:06.959 [raft-server-raft-partition-5] TRACE i.a.p.raft.roles.FollowerRole - RaftServer{raft-partition-5}{role=FOLLOWER} - Sending AppendResponse{status=OK, term=1, succeeded=true, lastLogIndex=1}
21:52:06.959 [raft-server-raft-partition-7] TRACE i.a.p.raft.roles.FollowerRole - RaftServer{raft-partition-7}{role=FOLLOWER} - Received AppendRequest{term=1, leader=2, prevLogIndex=1, prevLogTerm=1, entries=0, commitIndex=1}
21:52:06.959 [raft-server-raft-partition-5] TRACE i.a.p.raft.roles.FollowerRole - RaftServer{raft-partition-5}{role=FOLLOWER} - Sending AppendResponse{status=OK, term=1, succeeded=true, lastLogIndex=1}
21:52:06.959 [raft-server-raft-partition-7] TRACE i.a.p.raft.roles.FollowerRole - RaftServer{raft-partition-7}{role=FOLLOWER} - Received AppendRequest{term=1, leader=2, prevLogIndex=1, prevLogTerm=1, entries=0, commitIndex=1}
21:52:06.959 [raft-server-raft-partition-7] TRACE i.a.p.raft.roles.FollowerRole - RaftServer{raft-partition-7}{role=FOLLOWER} - Sending AppendResponse{status=OK, term=1, succeeded=true, lastLogIndex=1}
21:52:06.960 [raft-server-raft-partition-5] TRACE i.a.p.raft.roles.LeaderAppender - RaftServer{raft-partition-5} - Received AppendResponse{status=OK, term=1, succeeded=true, lastLogIndex=1} from 1
21:52:06.960 [raft-server-raft-partition-7] TRACE i.a.p.raft.roles.FollowerRole - RaftServer{raft-partition-7}{role=FOLLOWER} - Sending AppendResponse{status=OK, term=1, succeeded=true, lastLogIndex=1}
21:52:06.960 [raft-server-raft-partition-5] TRACE i.a.p.raft.roles.LeaderAppender - RaftServer{raft-partition-5} - Sending AppendRequest{term=1, leader=3, prevLogIndex=1, prevLogTerm=1, entries=0, commitIndex=1} to 1
21:52:06.960 [raft-server-raft-partition-7] TRACE i.a.p.raft.roles.LeaderAppender - RaftServer{raft-partition-7} - Received AppendResponse{status=OK, term=1, succeeded=true, lastLogIndex=1} from 1
21:52:06.960 [raft-server-raft-partition-5] TRACE i.a.p.raft.roles.LeaderAppender - RaftServer{raft-partition-5} - Received AppendResponse{status=OK, term=1, succeeded=true, lastLogIndex=1} from 2
21:52:06.960 [raft-server-raft-partition-7] TRACE i.a.p.raft.roles.LeaderAppender - RaftServer{raft-partition-7} - Sending AppendRequest{term=1, leader=2, prevLogIndex=1, prevLogTerm=1, entries=0, commitIndex=1} to 1
21:52:06.960 [raft-server-raft-partition-5] TRACE i.a.p.raft.roles.LeaderAppender - RaftServer{raft-partition-5} - Sending AppendRequest{term=1, leader=3, prevLogIndex=1, prevLogTerm=1, entries=0, commitIndex=1} to 2
21:52:06.960 [raft-server-raft-partition-7] TRACE i.a.p.raft.roles.LeaderAppender - RaftServer{raft-partition-7} - Received AppendResponse{status=OK, term=1, succeeded=true, lastLogIndex=1} from 3
21:52:06.960 [raft-server-raft-partition-5] TRACE i.a.p.raft.roles.FollowerRole - RaftServer{raft-partition-5}{role=FOLLOWER} - Received AppendRequest{term=1, leader=3, prevLogIndex=1, prevLogTerm=1, entries=0, commitIndex=1}
21:52:06.960 [raft-server-raft-partition-7] TRACE i.a.p.raft.roles.LeaderAppender - RaftServer{raft-partition-7} - Sending AppendRequest{term=1, leader=2, prevLogIndex=1, prevLogTerm=1, entries=0, commitIndex=1} to 3
21:52:06.960 [raft-server-raft-partition-7] TRACE i.a.p.raft.roles.FollowerRole - RaftServer{raft-partition-7}{role=FOLLOWER} - Received AppendRequest{term=1, leader=2, prevLogIndex=1, prevLogTerm=1, entries=0, commitIndex=1}
21:52:06.960 [raft-server-raft-partition-5] TRACE i.a.p.raft.roles.FollowerRole - RaftServer{raft-partition-5}{role=FOLLOWER} - Sending AppendResponse{status=OK, term=1, succeeded=true, lastLogIndex=1}
21:52:06.960 [raft-server-raft-partition-5] TRACE i.a.p.raft.roles.FollowerRole - RaftServer{raft-partition-5}{role=FOLLOWER} - Received AppendRequest{term=1, leader=3, prevLogIndex=1, prevLogTerm=1, entries=0, commitIndex=1}
21:52:06.960 [raft-server-raft-partition-7] TRACE i.a.p.raft.roles.FollowerRole - RaftServer{raft-partition-7}{role=FOLLOWER} - Sending AppendResponse{status=OK, term=1, succeeded=true, lastLogIndex=1}
21:52:06.960 [raft-server-raft-partition-7] TRACE i.a.p.raft.roles.FollowerRole - RaftServer{raft-partition-7}{role=FOLLOWER} - Received AppendRequest{term=1, leader=2, prevLogIndex=1, prevLogTerm=1, entries=0, commitIndex=1}
21:52:06.960 [raft-server-raft-partition-5] TRACE i.a.p.raft.roles.FollowerRole - RaftServer{raft-partition-5}{role=FOLLOWER} - Sending AppendResponse{status=OK, term=1, succeeded=true, lastLogIndex=1}
21:52:06.961 [raft-server-raft-partition-5] TRACE i.a.p.raft.roles.LeaderAppender - RaftServer{raft-partition-5} - Received AppendResponse{status=OK, term=1, succeeded=true, lastLogIndex=1} from 1
21:52:06.961 [raft-server-raft-partition-7] TRACE i.a.p.raft.roles.FollowerRole - RaftServer{raft-partition-7}{role=FOLLOWER} - Sending AppendResponse{status=OK, term=1, succeeded=true, lastLogIndex=1}
21:52:06.961 [raft-server-raft-partition-7] TRACE i.a.p.raft.roles.LeaderAppender - RaftServer{raft-partition-7} - Received AppendResponse{status=OK, term=1, succeeded=true, lastLogIndex=1} from 1
21:52:06.961 [raft-server-raft-partition-5] TRACE i.a.p.raft.roles.LeaderAppender - RaftServer{raft-partition-5} - Received AppendResponse{status=OK, term=1, succeeded=true, lastLogIndex=1} from 2
21:52:06.961 [raft-server-raft-partition-7] TRACE i.a.p.raft.roles.LeaderAppender - RaftServer{raft-partition-7} - Received AppendResponse{status=OK, term=1, succeeded=true, lastLogIndex=1} from 3
21:52:06.993 [raft-server-raft-partition-4] TRACE i.a.p.raft.roles.LeaderAppender - RaftServer{raft-partition-4} - Sending AppendRequest{term=1, leader=1, prevLogIndex=1, prevLogTerm=1, entries=0, commitIndex=1} to 2
21:52:06.993 [raft-server-raft-partition-4] TRACE i.a.p.raft.roles.LeaderAppender - RaftServer{raft-partition-4} - Sending AppendRequest{term=1, leader=1, prevLogIndex=1, prevLogTerm=1, entries=0, commitIndex=1} to 3
21:52:06.993 [raft-server-raft-partition-4] TRACE i.a.p.raft.roles.FollowerRole - RaftServer{raft-partition-4}{role=FOLLOWER} - Received AppendRequest{term=1, leader=1, prevLogIndex=1, prevLogTerm=1, entries=0, commitIndex=1}
21:52:06.993 [raft-server-raft-partition-4] TRACE i.a.p.raft.roles.FollowerRole - RaftServer{raft-partition-4}{role=FOLLOWER} - Received AppendRequest{term=1, leader=1, prevLogIndex=1, prevLogTerm=1, entries=0, commitIndex=1}
21:52:06.993 [raft-server-raft-partition-4] TRACE i.a.p.raft.roles.FollowerRole - RaftServer{raft-partition-4}{role=FOLLOWER} - Sending AppendResponse{status=OK, term=1, succeeded=true, lastLogIndex=1}
21:52:06.993 [raft-server-raft-partition-4] TRACE i.a.p.raft.roles.FollowerRole - RaftServer{raft-partition-4}{role=FOLLOWER} - Sending AppendResponse{status=OK, term=1, succeeded=true, lastLogIndex=1}
21:52:06.993 [raft-server-raft-partition-4] TRACE i.a.p.raft.roles.LeaderAppender - RaftServer{raft-partition-4} - Received AppendResponse{status=OK, term=1, succeeded=true, lastLogIndex=1} from 2
21:52:06.994 [raft-server-raft-partition-4] TRACE i.a.p.raft.roles.LeaderAppender - RaftServer{raft-partition-4} - Sending AppendRequest{term=1, leader=1, prevLogIndex=1, prevLogTerm=1, entries=0, commitIndex=1} to 2
21:52:06.994 [raft-server-raft-partition-4] TRACE i.a.p.raft.roles.LeaderAppender - RaftServer{raft-partition-4} - Received AppendResponse{status=OK, term=1, succeeded=true, lastLogIndex=1} from 3
21:52:06.994 [raft-server-raft-partition-4] TRACE i.a.p.raft.roles.LeaderAppender - RaftServer{raft-partition-4} - Sending AppendRequest{term=1, leader=1, prevLogIndex=1, prevLogTerm=1, entries=0, commitIndex=1} to 3
21:52:06.994 [raft-server-raft-partition-4] TRACE i.a.p.raft.roles.FollowerRole - RaftServer{raft-partition-4}{role=FOLLOWER} - Received AppendRequest{term=1, leader=1, prevLogIndex=1, prevLogTerm=1, entries=0, commitIndex=1}
21:52:06.994 [raft-server-raft-partition-4] TRACE i.a.p.raft.roles.FollowerRole - RaftServer{raft-partition-4}{role=FOLLOWER} - Sending AppendResponse{status=OK, term=1, succeeded=true, lastLogIndex=1}
21:52:06.994 [raft-server-raft-partition-4] TRACE i.a.p.raft.roles.FollowerRole - RaftServer{raft-partition-4}{role=FOLLOWER} - Received AppendRequest{term=1, leader=1, prevLogIndex=1, prevLogTerm=1, entries=0, commitIndex=1}
21:52:06.994 [raft-server-raft-partition-4] TRACE i.a.p.raft.roles.FollowerRole - RaftServer{raft-partition-4}{role=FOLLOWER} - Sending AppendResponse{status=OK, term=1, succeeded=true, lastLogIndex=1}
21:52:06.994 [raft-server-raft-partition-4] TRACE i.a.p.raft.roles.LeaderAppender - RaftServer{raft-partition-4} - Received AppendResponse{status=OK, term=1, succeeded=true, lastLogIndex=1} from 2
21:52:06.994 [raft-server-raft-partition-4] TRACE i.a.p.raft.roles.LeaderAppender - RaftServer{raft-partition-4} - Received AppendResponse{status=OK, term=1, succeeded=true, lastLogIndex=1} from 3
21:52:07.067 [raft-server-raft-partition-2] TRACE i.a.p.raft.roles.LeaderAppender - RaftServer{raft-partition-2} - Sending AppendRequest{term=1, leader=1, prevLogIndex=1, prevLogTerm=1, entries=0, commitIndex=1} to 2
21:52:07.068 [raft-server-raft-partition-2] TRACE i.a.p.raft.roles.LeaderAppender - RaftServer{raft-partition-2} - Sending AppendRequest{term=1, leader=1, prevLogIndex=1, prevLogTerm=1, entries=0, commitIndex=1} to 3
21:52:07.068 [raft-server-raft-partition-2] TRACE i.a.p.raft.roles.FollowerRole - RaftServer{raft-partition-2}{role=FOLLOWER} - Received AppendRequest{term=1, leader=1, prevLogIndex=1, prevLogTerm=1, entries=0, commitIndex=1}
21:52:07.068 [raft-server-raft-partition-2] TRACE i.a.p.raft.roles.FollowerRole - RaftServer{raft-partition-2}{role=FOLLOWER} - Sending AppendResponse{status=OK, term=1, succeeded=true, lastLogIndex=1}
21:52:07.068 [raft-server-raft-partition-2] TRACE i.a.p.raft.roles.FollowerRole - RaftServer{raft-partition-2}{role=FOLLOWER} - Received AppendRequest{term=1, leader=1, prevLogIndex=1, prevLogTerm=1, entries=0, commitIndex=1}
21:52:07.068 [raft-server-raft-partition-2] TRACE i.a.p.raft.roles.FollowerRole - RaftServer{raft-partition-2}{role=FOLLOWER} - Sending AppendResponse{status=OK, term=1, succeeded=true, lastLogIndex=1}
21:52:07.068 [raft-server-raft-partition-2] TRACE i.a.p.raft.roles.LeaderAppender - RaftServer{raft-partition-2} - Received AppendResponse{status=OK, term=1, succeeded=true, lastLogIndex=1} from 3
21:52:07.068 [raft-server-raft-partition-2] TRACE i.a.p.raft.roles.LeaderAppender - RaftServer{raft-partition-2} - Received AppendResponse{status=OK, term=1, succeeded=true, lastLogIndex=1} from 2
21:52:07.076 [raft-server-raft-partition-6] TRACE i.a.p.raft.roles.LeaderAppender - RaftServer{raft-partition-6} - Sending AppendRequest{term=1, leader=1, prevLogIndex=1, prevLogTerm=1, entries=0, commitIndex=1} to 2
21:52:07.076 [raft-server-raft-partition-6] TRACE i.a.p.raft.roles.LeaderAppender - RaftServer{raft-partition-6} - Sending AppendRequest{term=1, leader=1, prevLogIndex=1, prevLogTerm=1, entries=0, commitIndex=1} to 3
21:52:07.076 [raft-server-raft-partition-6] TRACE i.a.p.raft.roles.FollowerRole - RaftServer{raft-partition-6}{role=FOLLOWER} - Received AppendRequest{term=1, leader=1, prevLogIndex=1, prevLogTerm=1, entries=0, commitIndex=1}
21:52:07.076 [raft-server-raft-partition-6] TRACE i.a.p.raft.roles.FollowerRole - RaftServer{raft-partition-6}{role=FOLLOWER} - Received AppendRequest{term=1, leader=1, prevLogIndex=1, prevLogTerm=1, entries=0, commitIndex=1}
21:52:07.076 [raft-server-raft-partition-6] TRACE i.a.p.raft.roles.FollowerRole - RaftServer{raft-partition-6}{role=FOLLOWER} - Sending AppendResponse{status=OK, term=1, succeeded=true, lastLogIndex=1}
21:52:07.076 [raft-server-raft-partition-6] TRACE i.a.p.raft.roles.FollowerRole - RaftServer{raft-partition-6}{role=FOLLOWER} - Sending AppendResponse{status=OK, term=1, succeeded=true, lastLogIndex=1}
21:52:07.076 [raft-server-raft-partition-6] TRACE i.a.p.raft.roles.LeaderAppender - RaftServer{raft-partition-6} - Received AppendResponse{status=OK, term=1, succeeded=true, lastLogIndex=1} from 2
21:52:07.076 [raft-server-raft-partition-6] TRACE i.a.p.raft.roles.LeaderAppender - RaftServer{raft-partition-6} - Sending AppendRequest{term=1, leader=1, prevLogIndex=1, prevLogTerm=1, entries=0, commitIndex=1} to 2
21:52:07.077 [raft-server-raft-partition-6] TRACE i.a.p.raft.roles.LeaderAppender - RaftServer{raft-partition-6} - Received AppendResponse{status=OK, term=1, succeeded=true, lastLogIndex=1} from 3
21:52:07.077 [raft-server-raft-partition-6] TRACE i.a.p.raft.roles.LeaderAppender - RaftServer{raft-partition-6} - Sending AppendRequest{term=1, leader=1, prevLogIndex=1, prevLogTerm=1, entries=0, commitIndex=1} to 3
21:52:07.077 [raft-server-raft-partition-6] TRACE i.a.p.raft.roles.FollowerRole - RaftServer{raft-partition-6}{role=FOLLOWER} - Received AppendRequest{term=1, leader=1, prevLogIndex=1, prevLogTerm=1, entries=0, commitIndex=1}
21:52:07.077 [raft-server-raft-partition-6] TRACE i.a.p.raft.roles.FollowerRole - RaftServer{raft-partition-6}{role=FOLLOWER} - Received AppendRequest{term=1, leader=1, prevLogIndex=1, prevLogTerm=1, entries=0, commitIndex=1}
21:52:07.077 [raft-server-raft-partition-6] TRACE i.a.p.raft.roles.FollowerRole - RaftServer{raft-partition-6}{role=FOLLOWER} - Sending AppendResponse{status=OK, term=1, succeeded=true, lastLogIndex=1}
21:52:07.077 [raft-server-raft-partition-6] TRACE i.a.p.raft.roles.FollowerRole - RaftServer{raft-partition-6}{role=FOLLOWER} - Sending AppendResponse{status=OK, term=1, succeeded=true, lastLogIndex=1}
21:52:07.077 [raft-server-raft-partition-6] TRACE i.a.p.raft.roles.LeaderAppender - RaftServer{raft-partition-6} - Received AppendResponse{status=OK, term=1, succeeded=true, lastLogIndex=1} from 2
21:52:07.077 [raft-server-raft-partition-6] TRACE i.a.p.raft.roles.LeaderAppender - RaftServer{raft-partition-6} - Sending AppendRequest{term=1, leader=1, prevLogIndex=1, prevLogTerm=1, entries=0, commitIndex=1} to 2
21:52:07.077 [raft-server-raft-partition-6] TRACE i.a.p.raft.roles.LeaderAppender - RaftServer{raft-partition-6} - Received AppendResponse{status=OK, term=1, succeeded=true, lastLogIndex=1} from 3
21:52:07.077 [raft-server-raft-partition-6] TRACE i.a.p.raft.roles.FollowerRole - RaftServer{raft-partition-6}{role=FOLLOWER} - Received AppendRequest{term=1, leader=1, prevLogIndex=1, prevLogTerm=1, entries=0, commitIndex=1}
21:52:07.077 [raft-server-raft-partition-6] TRACE i.a.p.raft.roles.FollowerRole - RaftServer{raft-partition-6}{role=FOLLOWER} - Sending AppendResponse{status=OK, term=1, succeeded=true, lastLogIndex=1}
21:52:07.077 [raft-server-raft-partition-6] TRACE i.a.p.raft.roles.LeaderAppender - RaftServer{raft-partition-6} - Received AppendResponse{status=OK, term=1, succeeded=true, lastLogIndex=1} from 2
21:52:07.134 [raft-server-raft-partition-1] TRACE i.a.p.raft.roles.LeaderAppender - RaftServer{raft-partition-1} - Sending AppendRequest{term=1, leader=2, prevLogIndex=1, prevLogTerm=1, entries=0, commitIndex=1} to 3
21:52:07.135 [raft-server-raft-partition-1] TRACE i.a.p.raft.roles.FollowerRole - RaftServer{raft-partition-1}{role=FOLLOWER} - Received AppendRequest{term=1, leader=2, prevLogIndex=1, prevLogTerm=1, entries=0, commitIndex=1}
21:52:07.135 [raft-server-raft-partition-1] TRACE i.a.p.raft.roles.FollowerRole - RaftServer{raft-partition-1}{role=FOLLOWER} - Sending AppendResponse{status=OK, term=1, succeeded=true, lastLogIndex=1}
21:52:07.135 [raft-server-raft-partition-1] TRACE i.a.p.raft.roles.LeaderAppender - RaftServer{raft-partition-1} - Received AppendResponse{status=OK, term=1, succeeded=true, lastLogIndex=1} from 3
21:52:07.135 [raft-server-raft-partition-1] TRACE i.a.p.raft.roles.LeaderAppender - RaftServer{raft-partition-1} - Sending AppendRequest{term=1, leader=2, prevLogIndex=1, prevLogTerm=1, entries=0, commitIndex=1} to 3
21:52:07.135 [raft-server-raft-partition-1] TRACE i.a.p.raft.roles.FollowerRole - RaftServer{raft-partition-1}{role=FOLLOWER} - Received AppendRequest{term=1, leader=2, prevLogIndex=1, prevLogTerm=1, entries=0, commitIndex=1}
21:52:07.136 [raft-server-raft-partition-1] TRACE i.a.p.raft.roles.FollowerRole - RaftServer{raft-partition-1}{role=FOLLOWER} - Sending AppendResponse{status=OK, term=1, succeeded=true, lastLogIndex=1}
21:52:07.136 [raft-server-raft-partition-1] TRACE i.a.p.raft.roles.LeaderAppender - RaftServer{raft-partition-1} - Received AppendResponse{status=OK, term=1, succeeded=true, lastLogIndex=1} from 3
21:52:07.167 [raft-server-system-partition-1] TRACE i.a.p.raft.roles.LeaderAppender - RaftServer{system-partition-1} - Sending AppendRequest{term=1, leader=1, prevLogIndex=13, prevLogTerm=1, entries=0, commitIndex=13} to 2
21:52:07.167 [raft-server-system-partition-1] TRACE i.a.p.raft.roles.LeaderAppender - RaftServer{system-partition-1} - Sending AppendRequest{term=1, leader=1, prevLogIndex=13, prevLogTerm=1, entries=0, commitIndex=13} to 3
21:52:07.167 [raft-server-system-partition-1] TRACE i.a.p.raft.roles.FollowerRole - RaftServer{system-partition-1}{role=FOLLOWER} - Received AppendRequest{term=1, leader=1, prevLogIndex=13, prevLogTerm=1, entries=0, commitIndex=13}
21:52:07.168 [raft-server-system-partition-1] TRACE i.a.p.raft.roles.FollowerRole - RaftServer{system-partition-1}{role=FOLLOWER} - Sending AppendResponse{status=OK, term=1, succeeded=true, lastLogIndex=13}
21:52:07.168 [raft-server-system-partition-1] TRACE i.a.p.raft.roles.FollowerRole - RaftServer{system-partition-1}{role=FOLLOWER} - Received AppendRequest{term=1, leader=1, prevLogIndex=13, prevLogTerm=1, entries=0, commitIndex=13}
21:52:07.168 [raft-server-system-partition-1] TRACE i.a.p.raft.roles.FollowerRole - RaftServer{system-partition-1}{role=FOLLOWER} - Sending AppendResponse{status=OK, term=1, succeeded=true, lastLogIndex=13}
21:52:07.168 [raft-server-system-partition-1] TRACE i.a.p.raft.roles.LeaderAppender - RaftServer{system-partition-1} - Received AppendResponse{status=OK, term=1, succeeded=true, lastLogIndex=13} from 2
21:52:07.168 [raft-server-system-partition-1] TRACE i.a.p.raft.roles.LeaderAppender - RaftServer{system-partition-1} - Sending AppendRequest{term=1, leader=1, prevLogIndex=13, prevLogTerm=1, entries=0, commitIndex=13} to 2
21:52:07.168 [raft-server-system-partition-1] TRACE i.a.p.raft.roles.LeaderAppender - RaftServer{system-partition-1} - Received AppendResponse{status=OK, term=1, succeeded=true, lastLogIndex=13} from 3
21:52:07.168 [raft-server-system-partition-1] TRACE i.a.p.raft.roles.LeaderAppender - RaftServer{system-partition-1} - Sending AppendRequest{term=1, leader=1, prevLogIndex=13, prevLogTerm=1, entries=0, commitIndex=13} to 3
21:52:07.168 [raft-server-system-partition-1] TRACE i.a.p.raft.roles.FollowerRole - RaftServer{system-partition-1}{role=FOLLOWER} - Received AppendRequest{term=1, leader=1, prevLogIndex=13, prevLogTerm=1, entries=0, commitIndex=13}
21:52:07.168 [raft-server-system-partition-1] TRACE i.a.p.raft.roles.FollowerRole - RaftServer{system-partition-1}{role=FOLLOWER} - Sending AppendResponse{status=OK, term=1, succeeded=true, lastLogIndex=13}
21:52:07.168 [raft-server-system-partition-1] TRACE i.a.p.raft.roles.FollowerRole - RaftServer{system-partition-1}{role=FOLLOWER} - Received AppendRequest{term=1, leader=1, prevLogIndex=13, prevLogTerm=1, entries=0, commitIndex=13}
21:52:07.168 [raft-server-system-partition-1] TRACE i.a.p.raft.roles.FollowerRole - RaftServer{system-partition-1}{role=FOLLOWER} - Sending AppendResponse{status=OK, term=1, succeeded=true, lastLogIndex=13}
21:52:07.168 [raft-server-system-partition-1] TRACE i.a.p.raft.roles.LeaderAppender - RaftServer{system-partition-1} - Received AppendResponse{status=OK, term=1, succeeded=true, lastLogIndex=13} from 2
21:52:07.168 [raft-server-system-partition-1] TRACE i.a.p.raft.roles.LeaderAppender - RaftServer{system-partition-1} - Received AppendResponse{status=OK, term=1, succeeded=true, lastLogIndex=13} from 3
21:52:07.209 [raft-server-raft-partition-5] TRACE i.a.p.raft.roles.LeaderAppender - RaftServer{raft-partition-5} - Sending AppendRequest{term=1, leader=3, prevLogIndex=1, prevLogTerm=1, entries=0, commitIndex=1} to 1
21:52:07.209 [raft-server-raft-partition-5] TRACE i.a.p.raft.roles.LeaderAppender - RaftServer{raft-partition-5} - Sending AppendRequest{term=1, leader=3, prevLogIndex=1, prevLogTerm=1, entries=0, commitIndex=1} to 2
21:52:07.209 [raft-server-raft-partition-5] TRACE i.a.p.raft.roles.FollowerRole - RaftServer{raft-partition-5}{role=FOLLOWER} - Received AppendRequest{term=1, leader=3, prevLogIndex=1, prevLogTerm=1, entries=0, commitIndex=1}
21:52:07.209 [raft-server-raft-partition-7] TRACE i.a.p.raft.roles.LeaderAppender - RaftServer{raft-partition-7} - Sending AppendRequest{term=1, leader=2, prevLogIndex=1, prevLogTerm=1, entries=0, commitIndex=1} to 1
21:52:07.209 [raft-server-raft-partition-5] TRACE i.a.p.raft.roles.FollowerRole - RaftServer{raft-partition-5}{role=FOLLOWER} - Sending AppendResponse{status=OK, term=1, succeeded=true, lastLogIndex=1}
21:52:07.209 [raft-server-raft-partition-5] TRACE i.a.p.raft.roles.FollowerRole - RaftServer{raft-partition-5}{role=FOLLOWER} - Received AppendRequest{term=1, leader=3, prevLogIndex=1, prevLogTerm=1, entries=0, commitIndex=1}
21:52:07.209 [raft-server-raft-partition-7] TRACE i.a.p.raft.roles.LeaderAppender - RaftServer{raft-partition-7} - Sending AppendRequest{term=1, leader=2, prevLogIndex=1, prevLogTerm=1, entries=0, commitIndex=1} to 3
21:52:07.209 [raft-server-raft-partition-5] TRACE i.a.p.raft.roles.FollowerRole - RaftServer{raft-partition-5}{role=FOLLOWER} - Sending AppendResponse{status=OK, term=1, succeeded=true, lastLogIndex=1}
21:52:07.209 [raft-server-raft-partition-7] TRACE i.a.p.raft.roles.FollowerRole - RaftServer{raft-partition-7}{role=FOLLOWER} - Received AppendRequest{term=1, leader=2, prevLogIndex=1, prevLogTerm=1, entries=0, commitIndex=1}
21:52:07.209 [raft-server-raft-partition-5] TRACE i.a.p.raft.roles.LeaderAppender - RaftServer{raft-partition-5} - Received AppendResponse{status=OK, term=1, succeeded=true, lastLogIndex=1} from 1
21:52:07.209 [raft-server-raft-partition-7] TRACE i.a.p.raft.roles.FollowerRole - RaftServer{raft-partition-7}{role=FOLLOWER} - Sending AppendResponse{status=OK, term=1, succeeded=true, lastLogIndex=1}
21:52:07.210 [raft-server-raft-partition-7] TRACE i.a.p.raft.roles.FollowerRole - RaftServer{raft-partition-7}{role=FOLLOWER} - Received AppendRequest{term=1, leader=2, prevLogIndex=1, prevLogTerm=1, entries=0, commitIndex=1}
21:52:07.210 [raft-server-raft-partition-5] TRACE i.a.p.raft.roles.LeaderAppender - RaftServer{raft-partition-5} - Sending AppendRequest{term=1, leader=3, prevLogIndex=1, prevLogTerm=1, entries=0, commitIndex=1} to 1
21:52:07.210 [raft-server-raft-partition-7] TRACE i.a.p.raft.roles.FollowerRole - RaftServer{raft-partition-7}{role=FOLLOWER} - Sending AppendResponse{status=OK, term=1, succeeded=true, lastLogIndex=1}
21:52:07.210 [raft-server-raft-partition-7] TRACE i.a.p.raft.roles.LeaderAppender - RaftServer{raft-partition-7} - Received AppendResponse{status=OK, term=1, succeeded=true, lastLogIndex=1} from 1
21:52:07.210 [raft-server-raft-partition-5] TRACE i.a.p.raft.roles.LeaderAppender - RaftServer{raft-partition-5} - Received AppendResponse{status=OK, term=1, succeeded=true, lastLogIndex=1} from 2
21:52:07.210 [raft-server-raft-partition-7] TRACE i.a.p.raft.roles.LeaderAppender - RaftServer{raft-partition-7} - Sending AppendRequest{term=1, leader=2, prevLogIndex=1, prevLogTerm=1, entries=0, commitIndex=1} to 1
21:52:07.210 [raft-server-raft-partition-5] TRACE i.a.p.raft.roles.FollowerRole - RaftServer{raft-partition-5}{role=FOLLOWER} - Received AppendRequest{term=1, leader=3, prevLogIndex=1, prevLogTerm=1, entries=0, commitIndex=1}
21:52:07.210 [raft-server-raft-partition-5] TRACE i.a.p.raft.roles.LeaderAppender - RaftServer{raft-partition-5} - Sending AppendRequest{term=1, leader=3, prevLogIndex=1, prevLogTerm=1, entries=0, commitIndex=1} to 2
21:52:07.210 [raft-server-raft-partition-7] TRACE i.a.p.raft.roles.LeaderAppender - RaftServer{raft-partition-7} - Received AppendResponse{status=OK, term=1, succeeded=true, lastLogIndex=1} from 3
21:52:07.210 [raft-server-raft-partition-5] TRACE i.a.p.raft.roles.FollowerRole - RaftServer{raft-partition-5}{role=FOLLOWER} - Sending AppendResponse{status=OK, term=1, succeeded=true, lastLogIndex=1}
21:52:07.210 [raft-server-raft-partition-7] TRACE i.a.p.raft.roles.FollowerRole - RaftServer{raft-partition-7}{role=FOLLOWER} - Received AppendRequest{term=1, leader=2, prevLogIndex=1, prevLogTerm=1, entries=0, commitIndex=1}
21:52:07.210 [raft-server-raft-partition-7] TRACE i.a.p.raft.roles.LeaderAppender - RaftServer{raft-partition-7} - Sending AppendRequest{term=1, leader=2, prevLogIndex=1, prevLogTerm=1, entries=0, commitIndex=1} to 3
21:52:07.210 [raft-server-raft-partition-5] TRACE i.a.p.raft.roles.FollowerRole - RaftServer{raft-partition-5}{role=FOLLOWER} - Received AppendRequest{term=1, leader=3, prevLogIndex=1, prevLogTerm=1, entries=0, commitIndex=1}
21:52:07.210 [raft-server-raft-partition-7] TRACE i.a.p.raft.roles.FollowerRole - RaftServer{raft-partition-7}{role=FOLLOWER} - Sending AppendResponse{status=OK, term=1, succeeded=true, lastLogIndex=1}
21:52:07.210 [raft-server-raft-partition-5] TRACE i.a.p.raft.roles.FollowerRole - RaftServer{raft-partition-5}{role=FOLLOWER} - Sending AppendResponse{status=OK, term=1, succeeded=true, lastLogIndex=1}
21:52:07.210 [raft-server-raft-partition-5] TRACE i.a.p.raft.roles.LeaderAppender - RaftServer{raft-partition-5} - Received AppendResponse{status=OK, term=1, succeeded=true, lastLogIndex=1} from 1
21:52:07.211 [raft-server-raft-partition-7] TRACE i.a.p.raft.roles.FollowerRole - RaftServer{raft-partition-7}{role=FOLLOWER} - Received AppendRequest{term=1, leader=2, prevLogIndex=1, prevLogTerm=1, entries=0, commitIndex=1}
21:52:07.211 [raft-server-raft-partition-7] TRACE i.a.p.raft.roles.LeaderAppender - RaftServer{raft-partition-7} - Received AppendResponse{status=OK, term=1, succeeded=true, lastLogIndex=1} from 1
21:52:07.211 [raft-server-raft-partition-7] TRACE i.a.p.raft.roles.FollowerRole - RaftServer{raft-partition-7}{role=FOLLOWER} - Sending AppendResponse{status=OK, term=1, succeeded=true, lastLogIndex=1}
21:52:07.211 [raft-server-raft-partition-5] TRACE i.a.p.raft.roles.LeaderAppender - RaftServer{raft-partition-5} - Received AppendResponse{status=OK, term=1, succeeded=true, lastLogIndex=1} from 2
21:52:07.211 [raft-server-raft-partition-7] TRACE i.a.p.raft.roles.LeaderAppender - RaftServer{raft-partition-7} - Received AppendResponse{status=OK, term=1, succeeded=true, lastLogIndex=1} from 3
21:52:07.243 [raft-server-raft-partition-4] TRACE i.a.p.raft.roles.LeaderAppender - RaftServer{raft-partition-4} - Sending AppendRequest{term=1, leader=1, prevLogIndex=1, prevLogTerm=1, entries=0, commitIndex=1} to 2
21:52:07.243 [raft-server-raft-partition-4] TRACE i.a.p.raft.roles.LeaderAppender - RaftServer{raft-partition-4} - Sending AppendRequest{term=1, leader=1, prevLogIndex=1, prevLogTerm=1, entries=0, commitIndex=1} to 3
21:52:07.243 [raft-server-raft-partition-4] TRACE i.a.p.raft.roles.FollowerRole - RaftServer{raft-partition-4}{role=FOLLOWER} - Received AppendRequest{term=1, leader=1, prevLogIndex=1, prevLogTerm=1, entries=0, commitIndex=1}
21:52:07.243 [raft-server-raft-partition-4] TRACE i.a.p.raft.roles.FollowerRole - RaftServer{raft-partition-4}{role=FOLLOWER} - Sending AppendResponse{status=OK, term=1, succeeded=true, lastLogIndex=1}
21:52:07.243 [raft-server-raft-partition-4] TRACE i.a.p.raft.roles.FollowerRole - RaftServer{raft-partition-4}{role=FOLLOWER} - Received AppendRequest{term=1, leader=1, prevLogIndex=1, prevLogTerm=1, entries=0, commitIndex=1}
21:52:07.243 [raft-server-raft-partition-4] TRACE i.a.p.raft.roles.FollowerRole - RaftServer{raft-partition-4}{role=FOLLOWER} - Sending AppendResponse{status=OK, term=1, succeeded=true, lastLogIndex=1}
21:52:07.243 [raft-server-raft-partition-4] TRACE i.a.p.raft.roles.LeaderAppender - RaftServer{raft-partition-4} - Received AppendResponse{status=OK, term=1, succeeded=true, lastLogIndex=1} from 2
21:52:07.243 [raft-server-raft-partition-4] TRACE i.a.p.raft.roles.LeaderAppender - RaftServer{raft-partition-4} - Sending AppendRequest{term=1, leader=1, prevLogIndex=1, prevLogTerm=1, entries=0, commitIndex=1} to 2
21:52:07.243 [raft-server-raft-partition-4] TRACE i.a.p.raft.roles.LeaderAppender - RaftServer{raft-partition-4} - Received AppendResponse{status=OK, term=1, succeeded=true, lastLogIndex=1} from 3
21:52:07.243 [raft-server-raft-partition-4] TRACE i.a.p.raft.roles.LeaderAppender - RaftServer{raft-partition-4} - Sending AppendRequest{term=1, leader=1, prevLogIndex=1, prevLogTerm=1, entries=0, commitIndex=1} to 3
21:52:07.244 [raft-server-raft-partition-4] TRACE i.a.p.raft.roles.FollowerRole - RaftServer{raft-partition-4}{role=FOLLOWER} - Received AppendRequest{term=1, leader=1, prevLogIndex=1, prevLogTerm=1, entries=0, commitIndex=1}
21:52:07.244 [raft-server-raft-partition-4] TRACE i.a.p.raft.roles.FollowerRole - RaftServer{raft-partition-4}{role=FOLLOWER} - Received AppendRequest{term=1, leader=1, prevLogIndex=1, prevLogTerm=1, entries=0, commitIndex=1}
21:52:07.244 [raft-server-raft-partition-4] TRACE i.a.p.raft.roles.FollowerRole - RaftServer{raft-partition-4}{role=FOLLOWER} - Sending AppendResponse{status=OK, term=1, succeeded=true, lastLogIndex=1}
21:52:07.244 [raft-server-raft-partition-4] TRACE i.a.p.raft.roles.FollowerRole - RaftServer{raft-partition-4}{role=FOLLOWER} - Sending AppendResponse{status=OK, term=1, succeeded=true, lastLogIndex=1}
21:52:07.244 [raft-server-raft-partition-4] TRACE i.a.p.raft.roles.LeaderAppender - RaftServer{raft-partition-4} - Received AppendResponse{status=OK, term=1, succeeded=true, lastLogIndex=1} from 2
21:52:07.244 [raft-server-raft-partition-4] TRACE i.a.p.raft.roles.LeaderAppender - RaftServer{raft-partition-4} - Sending AppendRequest{term=1, leader=1, prevLogIndex=1, prevLogTerm=1, entries=0, commitIndex=1} to 2
21:52:07.244 [raft-server-raft-partition-4] TRACE i.a.p.raft.roles.LeaderAppender - RaftServer{raft-partition-4} - Received AppendResponse{status=OK, term=1, succeeded=true, lastLogIndex=1} from 3
21:52:07.244 [raft-server-raft-partition-4] TRACE i.a.p.raft.roles.LeaderAppender - RaftServer{raft-partition-4} - Sending AppendRequest{term=1, leader=1, prevLogIndex=1, prevLogTerm=1, entries=0, commitIndex=1} to 3
21:52:07.244 [raft-server-raft-partition-4] TRACE i.a.p.raft.roles.FollowerRole - RaftServer{raft-partition-4}{role=FOLLOWER} - Received AppendRequest{term=1, leader=1, prevLogIndex=1, prevLogTerm=1, entries=0, commitIndex=1}
21:52:07.244 [raft-server-raft-partition-4] TRACE i.a.p.raft.roles.FollowerRole - RaftServer{raft-partition-4}{role=FOLLOWER} - Sending AppendResponse{status=OK, term=1, succeeded=true, lastLogIndex=1}
21:52:07.244 [raft-server-raft-partition-4] TRACE i.a.p.raft.roles.FollowerRole - RaftServer{raft-partition-4}{role=FOLLOWER} - Received AppendRequest{term=1, leader=1, prevLogIndex=1, prevLogTerm=1, entries=0, commitIndex=1}
21:52:07.244 [raft-server-raft-partition-4] TRACE i.a.p.raft.roles.FollowerRole - RaftServer{raft-partition-4}{role=FOLLOWER} - Sending AppendResponse{status=OK, term=1, succeeded=true, lastLogIndex=1}
21:52:07.244 [raft-server-raft-partition-4] TRACE i.a.p.raft.roles.LeaderAppender - RaftServer{raft-partition-4} - Received AppendResponse{status=OK, term=1, succeeded=true, lastLogIndex=1} from 2
21:52:07.245 [raft-server-raft-partition-4] TRACE i.a.p.raft.roles.LeaderAppender - RaftServer{raft-partition-4} - Received AppendResponse{status=OK, term=1, succeeded=true, lastLogIndex=1} from 3
21:52:07.318 [raft-server-raft-partition-2] TRACE i.a.p.raft.roles.LeaderAppender - RaftServer{raft-partition-2} - Sending AppendRequest{term=1, leader=1, prevLogIndex=1, prevLogTerm=1, entries=0, commitIndex=1} to 2
21:52:07.318 [raft-server-raft-partition-2] TRACE i.a.p.raft.roles.LeaderAppender - RaftServer{raft-partition-2} - Sending AppendRequest{term=1, leader=1, prevLogIndex=1, prevLogTerm=1, entries=0, commitIndex=1} to 3
21:52:07.318 [raft-server-raft-partition-2] TRACE i.a.p.raft.roles.FollowerRole - RaftServer{raft-partition-2}{role=FOLLOWER} - Received AppendRequest{term=1, leader=1, prevLogIndex=1, prevLogTerm=1, entries=0, commitIndex=1}
21:52:07.318 [raft-server-raft-partition-2] TRACE i.a.p.raft.roles.FollowerRole - RaftServer{raft-partition-2}{role=FOLLOWER} - Received AppendRequest{term=1, leader=1, prevLogIndex=1, prevLogTerm=1, entries=0, commitIndex=1}
21:52:07.318 [raft-server-raft-partition-2] TRACE i.a.p.raft.roles.FollowerRole - RaftServer{raft-partition-2}{role=FOLLOWER} - Sending AppendResponse{status=OK, term=1, succeeded=true, lastLogIndex=1}
21:52:07.318 [raft-server-raft-partition-2] TRACE i.a.p.raft.roles.FollowerRole - RaftServer{raft-partition-2}{role=FOLLOWER} - Sending AppendResponse{status=OK, term=1, succeeded=true, lastLogIndex=1}
21:52:07.318 [raft-server-raft-partition-2] TRACE i.a.p.raft.roles.LeaderAppender - RaftServer{raft-partition-2} - Received AppendResponse{status=OK, term=1, succeeded=true, lastLogIndex=1} from 2
21:52:07.318 [raft-server-raft-partition-2] TRACE i.a.p.raft.roles.LeaderAppender - RaftServer{raft-partition-2} - Sending AppendRequest{term=1, leader=1, prevLogIndex=1, prevLogTerm=1, entries=0, commitIndex=1} to 2
21:52:07.318 [raft-server-raft-partition-2] TRACE i.a.p.raft.roles.LeaderAppender - RaftServer{raft-partition-2} - Received AppendResponse{status=OK, term=1, succeeded=true, lastLogIndex=1} from 3
21:52:07.319 [raft-server-raft-partition-2] TRACE i.a.p.raft.roles.FollowerRole - RaftServer{raft-partition-2}{role=FOLLOWER} - Received AppendRequest{term=1, leader=1, prevLogIndex=1, prevLogTerm=1, entries=0, commitIndex=1}
21:52:07.319 [raft-server-raft-partition-2] TRACE i.a.p.raft.roles.FollowerRole - RaftServer{raft-partition-2}{role=FOLLOWER} - Sending AppendResponse{status=OK, term=1, succeeded=true, lastLogIndex=1}
21:52:07.319 [raft-server-raft-partition-2] TRACE i.a.p.raft.roles.LeaderAppender - RaftServer{raft-partition-2} - Received AppendResponse{status=OK, term=1, succeeded=true, lastLogIndex=1} from 2
21:52:07.326 [raft-server-raft-partition-6] TRACE i.a.p.raft.roles.LeaderAppender - RaftServer{raft-partition-6} - Sending AppendRequest{term=1, leader=1, prevLogIndex=1, prevLogTerm=1, entries=0, commitIndex=1} to 2
21:52:07.326 [raft-server-raft-partition-6] TRACE i.a.p.raft.roles.LeaderAppender - RaftServer{raft-partition-6} - Sending AppendRequest{term=1, leader=1, prevLogIndex=1, prevLogTerm=1, entries=0, commitIndex=1} to 3
21:52:07.326 [raft-server-raft-partition-6] TRACE i.a.p.raft.roles.FollowerRole - RaftServer{raft-partition-6}{role=FOLLOWER} - Received AppendRequest{term=1, leader=1, prevLogIndex=1, prevLogTerm=1, entries=0, commitIndex=1}
21:52:07.326 [raft-server-raft-partition-6] TRACE i.a.p.raft.roles.FollowerRole - RaftServer{raft-partition-6}{role=FOLLOWER} - Received AppendRequest{term=1, leader=1, prevLogIndex=1, prevLogTerm=1, entries=0, commitIndex=1}
21:52:07.326 [raft-server-raft-partition-6] TRACE i.a.p.raft.roles.FollowerRole - RaftServer{raft-partition-6}{role=FOLLOWER} - Sending AppendResponse{status=OK, term=1, succeeded=true, lastLogIndex=1}
21:52:07.326 [raft-server-raft-partition-6] TRACE i.a.p.raft.roles.FollowerRole - RaftServer{raft-partition-6}{role=FOLLOWER} - Sending AppendResponse{status=OK, term=1, succeeded=true, lastLogIndex=1}
21:52:07.326 [raft-server-raft-partition-6] TRACE i.a.p.raft.roles.LeaderAppender - RaftServer{raft-partition-6} - Received AppendResponse{status=OK, term=1, succeeded=true, lastLogIndex=1} from 3
21:52:07.326 [raft-server-raft-partition-6] TRACE i.a.p.raft.roles.LeaderAppender - RaftServer{raft-partition-6} - Sending AppendRequest{term=1, leader=1, prevLogIndex=1, prevLogTerm=1, entries=0, commitIndex=1} to 3
21:52:07.326 [raft-server-raft-partition-6] TRACE i.a.p.raft.roles.LeaderAppender - RaftServer{raft-partition-6} - Received AppendResponse{status=OK, term=1, succeeded=true, lastLogIndex=1} from 2
21:52:07.326 [raft-server-raft-partition-6] TRACE i.a.p.raft.roles.LeaderAppender - RaftServer{raft-partition-6} - Sending AppendRequest{term=1, leader=1, prevLogIndex=1, prevLogTerm=1, entries=0, commitIndex=1} to 2
21:52:07.327 [raft-server-raft-partition-6] TRACE i.a.p.raft.roles.FollowerRole - RaftServer{raft-partition-6}{role=FOLLOWER} - Received AppendRequest{term=1, leader=1, prevLogIndex=1, prevLogTerm=1, entries=0, commitIndex=1}
21:52:07.327 [raft-server-raft-partition-6] TRACE i.a.p.raft.roles.FollowerRole - RaftServer{raft-partition-6}{role=FOLLOWER} - Sending AppendResponse{status=OK, term=1, succeeded=true, lastLogIndex=1}
21:52:07.327 [raft-server-raft-partition-6] TRACE i.a.p.raft.roles.FollowerRole - RaftServer{raft-partition-6}{role=FOLLOWER} - Received AppendRequest{term=1, leader=1, prevLogIndex=1, prevLogTerm=1, entries=0, commitIndex=1}
21:52:07.327 [raft-server-raft-partition-6] TRACE i.a.p.raft.roles.FollowerRole - RaftServer{raft-partition-6}{role=FOLLOWER} - Sending AppendResponse{status=OK, term=1, succeeded=true, lastLogIndex=1}
21:52:07.327 [raft-server-raft-partition-6] TRACE i.a.p.raft.roles.LeaderAppender - RaftServer{raft-partition-6} - Received AppendResponse{status=OK, term=1, succeeded=true, lastLogIndex=1} from 3
21:52:07.327 [raft-server-raft-partition-6] TRACE i.a.p.raft.roles.LeaderAppender - RaftServer{raft-partition-6} - Sending AppendRequest{term=1, leader=1, prevLogIndex=1, prevLogTerm=1, entries=0, commitIndex=1} to 3
21:52:07.327 [raft-server-raft-partition-6] TRACE i.a.p.raft.roles.LeaderAppender - RaftServer{raft-partition-6} - Received AppendResponse{status=OK, term=1, succeeded=true, lastLogIndex=1} from 2
21:52:07.327 [raft-server-raft-partition-6] TRACE i.a.p.raft.roles.LeaderAppender - RaftServer{raft-partition-6} - Sending AppendRequest{term=1, leader=1, prevLogIndex=1, prevLogTerm=1, entries=0, commitIndex=1} to 2
21:52:07.327 [raft-server-raft-partition-6] TRACE i.a.p.raft.roles.FollowerRole - RaftServer{raft-partition-6}{role=FOLLOWER} - Received AppendRequest{term=1, leader=1, prevLogIndex=1, prevLogTerm=1, entries=0, commitIndex=1}
21:52:07.327 [raft-server-raft-partition-6] TRACE i.a.p.raft.roles.FollowerRole - RaftServer{raft-partition-6}{role=FOLLOWER} - Sending AppendResponse{status=OK, term=1, succeeded=true, lastLogIndex=1}
21:52:07.327 [raft-server-raft-partition-6] TRACE i.a.p.raft.roles.FollowerRole - RaftServer{raft-partition-6}{role=FOLLOWER} - Received AppendRequest{term=1, leader=1, prevLogIndex=1, prevLogTerm=1, entries=0, commitIndex=1}
21:52:07.327 [raft-server-raft-partition-6] TRACE i.a.p.raft.roles.FollowerRole - RaftServer{raft-partition-6}{role=FOLLOWER} - Sending AppendResponse{status=OK, term=1, succeeded=true, lastLogIndex=1}
21:52:07.327 [raft-server-raft-partition-6] TRACE i.a.p.raft.roles.LeaderAppender - RaftServer{raft-partition-6} - Received AppendResponse{status=OK, term=1, succeeded=true, lastLogIndex=1} from 3
21:52:07.327 [raft-server-raft-partition-6] TRACE i.a.p.raft.roles.LeaderAppender - RaftServer{raft-partition-6} - Received AppendResponse{status=OK, term=1, succeeded=true, lastLogIndex=1} from 2
21:52:07.384 [raft-server-raft-partition-1] TRACE i.a.p.raft.roles.LeaderAppender - RaftServer{raft-partition-1} - Sending AppendRequest{term=1, leader=2, prevLogIndex=1, prevLogTerm=1, entries=0, commitIndex=1} to 3
21:52:07.385 [raft-server-raft-partition-1] TRACE i.a.p.raft.roles.FollowerRole - RaftServer{raft-partition-1}{role=FOLLOWER} - Received AppendRequest{term=1, leader=2, prevLogIndex=1, prevLogTerm=1, entries=0, commitIndex=1}
21:52:07.385 [raft-server-raft-partition-1] TRACE i.a.p.raft.roles.FollowerRole - RaftServer{raft-partition-1}{role=FOLLOWER} - Sending AppendResponse{status=OK, term=1, succeeded=true, lastLogIndex=1}
21:52:07.385 [raft-server-raft-partition-1] TRACE i.a.p.raft.roles.LeaderAppender - RaftServer{raft-partition-1} - Received AppendResponse{status=OK, term=1, succeeded=true, lastLogIndex=1} from 3
21:52:07.385 [raft-server-raft-partition-1] TRACE i.a.p.raft.roles.LeaderAppender - RaftServer{raft-partition-1} - Sending AppendRequest{term=1, leader=2, prevLogIndex=1, prevLogTerm=1, entries=0, commitIndex=1} to 3
21:52:07.386 [raft-server-raft-partition-1] TRACE i.a.p.raft.roles.FollowerRole - RaftServer{raft-partition-1}{role=FOLLOWER} - Received AppendRequest{term=1, leader=2, prevLogIndex=1, prevLogTerm=1, entries=0, commitIndex=1}
21:52:07.386 [raft-server-raft-partition-1] TRACE i.a.p.raft.roles.FollowerRole - RaftServer{raft-partition-1}{role=FOLLOWER} - Sending AppendResponse{status=OK, term=1, succeeded=true, lastLogIndex=1}
21:52:07.386 [raft-server-raft-partition-1] TRACE i.a.p.raft.roles.LeaderAppender - RaftServer{raft-partition-1} - Received AppendResponse{status=OK, term=1, succeeded=true, lastLogIndex=1} from 3
21:52:07.417 [raft-server-system-partition-1] TRACE i.a.p.raft.roles.LeaderAppender - RaftServer{system-partition-1} - Sending AppendRequest{term=1, leader=1, prevLogIndex=13, prevLogTerm=1, entries=0, commitIndex=13} to 2
21:52:07.417 [raft-server-system-partition-1] TRACE i.a.p.raft.roles.LeaderAppender - RaftServer{system-partition-1} - Sending AppendRequest{term=1, leader=1, prevLogIndex=13, prevLogTerm=1, entries=0, commitIndex=13} to 3
21:52:07.418 [raft-server-system-partition-1] TRACE i.a.p.raft.roles.FollowerRole - RaftServer{system-partition-1}{role=FOLLOWER} - Received AppendRequest{term=1, leader=1, prevLogIndex=13, prevLogTerm=1, entries=0, commitIndex=13}
21:52:07.418 [raft-server-system-partition-1] TRACE i.a.p.raft.roles.FollowerRole - RaftServer{system-partition-1}{role=FOLLOWER} - Received AppendRequest{term=1, leader=1, prevLogIndex=13, prevLogTerm=1, entries=0, commitIndex=13}
21:52:07.418 [raft-server-system-partition-1] TRACE i.a.p.raft.roles.FollowerRole - RaftServer{system-partition-1}{role=FOLLOWER} - Sending AppendResponse{status=OK, term=1, succeeded=true, lastLogIndex=13}
21:52:07.418 [raft-server-system-partition-1] TRACE i.a.p.raft.roles.FollowerRole - RaftServer{system-partition-1}{role=FOLLOWER} - Sending AppendResponse{status=OK, term=1, succeeded=true, lastLogIndex=13}
21:52:07.418 [raft-server-system-partition-1] TRACE i.a.p.raft.roles.LeaderAppender - RaftServer{system-partition-1} - Received AppendResponse{status=OK, term=1, succeeded=true, lastLogIndex=13} from 2
21:52:07.418 [raft-server-system-partition-1] TRACE i.a.p.raft.roles.LeaderAppender - RaftServer{system-partition-1} - Sending AppendRequest{term=1, leader=1, prevLogIndex=13, prevLogTerm=1, entries=0, commitIndex=13} to 2
21:52:07.418 [raft-server-system-partition-1] TRACE i.a.p.raft.roles.LeaderAppender - RaftServer{system-partition-1} - Received AppendResponse{status=OK, term=1, succeeded=true, lastLogIndex=13} from 3
21:52:07.418 [raft-server-system-partition-1] TRACE i.a.p.raft.roles.LeaderAppender - RaftServer{system-partition-1} - Sending AppendRequest{term=1, leader=1, prevLogIndex=13, prevLogTerm=1, entries=0, commitIndex=13} to 3
21:52:07.418 [raft-server-system-partition-1] TRACE i.a.p.raft.roles.FollowerRole - RaftServer{system-partition-1}{role=FOLLOWER} - Received AppendRequest{term=1, leader=1, prevLogIndex=13, prevLogTerm=1, entries=0, commitIndex=13}
21:52:07.418 [raft-server-system-partition-1] TRACE i.a.p.raft.roles.FollowerRole - RaftServer{system-partition-1}{role=FOLLOWER} - Sending AppendResponse{status=OK, term=1, succeeded=true, lastLogIndex=13}
21:52:07.418 [raft-server-system-partition-1] TRACE i.a.p.raft.roles.FollowerRole - RaftServer{system-partition-1}{role=FOLLOWER} - Received AppendRequest{term=1, leader=1, prevLogIndex=13, prevLogTerm=1, entries=0, commitIndex=13}
21:52:07.418 [raft-server-system-partition-1] TRACE i.a.p.raft.roles.FollowerRole - RaftServer{system-partition-1}{role=FOLLOWER} - Sending AppendResponse{status=OK, term=1, succeeded=true, lastLogIndex=13}
21:52:07.418 [raft-server-system-partition-1] TRACE i.a.p.raft.roles.LeaderAppender - RaftServer{system-partition-1} - Received AppendResponse{status=OK, term=1, succeeded=true, lastLogIndex=13} from 2
21:52:07.419 [raft-server-system-partition-1] TRACE i.a.p.raft.roles.LeaderAppender - RaftServer{system-partition-1} - Received AppendResponse{status=OK, term=1, succeeded=true, lastLogIndex=13} from 3
21:52:07.459 [raft-server-raft-partition-5] TRACE i.a.p.raft.roles.LeaderAppender - RaftServer{raft-partition-5} - Sending AppendRequest{term=1, leader=3, prevLogIndex=1, prevLogTerm=1, entries=0, commitIndex=1} to 1
21:52:07.459 [raft-server-raft-partition-5] TRACE i.a.p.raft.roles.LeaderAppender - RaftServer{raft-partition-5} - Sending AppendRequest{term=1, leader=3, prevLogIndex=1, prevLogTerm=1, entries=0, commitIndex=1} to 2
21:52:07.459 [raft-server-raft-partition-7] TRACE i.a.p.raft.roles.LeaderAppender - RaftServer{raft-partition-7} - Sending AppendRequest{term=1, leader=2, prevLogIndex=1, prevLogTerm=1, entries=0, commitIndex=1} to 1
21:52:07.459 [raft-server-raft-partition-7] TRACE i.a.p.raft.roles.LeaderAppender - RaftServer{raft-partition-7} - Sending AppendRequest{term=1, leader=2, prevLogIndex=1, prevLogTerm=1, entries=0, commitIndex=1} to 3
21:52:07.459 [raft-server-raft-partition-5] TRACE i.a.p.raft.roles.FollowerRole - RaftServer{raft-partition-5}{role=FOLLOWER} - Received AppendRequest{term=1, leader=3, prevLogIndex=1, prevLogTerm=1, entries=0, commitIndex=1}
21:52:07.459 [raft-server-raft-partition-7] TRACE i.a.p.raft.roles.FollowerRole - RaftServer{raft-partition-7}{role=FOLLOWER} - Received AppendRequest{term=1, leader=2, prevLogIndex=1, prevLogTerm=1, entries=0, commitIndex=1}
21:52:07.459 [raft-server-raft-partition-5] TRACE i.a.p.raft.roles.FollowerRole - RaftServer{raft-partition-5}{role=FOLLOWER} - Received AppendRequest{term=1, leader=3, prevLogIndex=1, prevLogTerm=1, entries=0, commitIndex=1}
21:52:07.459 [raft-server-raft-partition-5] TRACE i.a.p.raft.roles.FollowerRole - RaftServer{raft-partition-5}{role=FOLLOWER} - Sending AppendResponse{status=OK, term=1, succeeded=true, lastLogIndex=1}
21:52:07.459 [raft-server-raft-partition-7] TRACE i.a.p.raft.roles.FollowerRole - RaftServer{raft-partition-7}{role=FOLLOWER} - Received AppendRequest{term=1, leader=2, prevLogIndex=1, prevLogTerm=1, entries=0, commitIndex=1}
21:52:07.459 [raft-server-raft-partition-7] TRACE i.a.p.raft.roles.FollowerRole - RaftServer{raft-partition-7}{role=FOLLOWER} - Sending AppendResponse{status=OK, term=1, succeeded=true, lastLogIndex=1}
21:52:07.459 [raft-server-raft-partition-5] TRACE i.a.p.raft.roles.FollowerRole - RaftServer{raft-partition-5}{role=FOLLOWER} - Sending AppendResponse{status=OK, term=1, succeeded=true, lastLogIndex=1}
21:52:07.459 [raft-server-raft-partition-7] TRACE i.a.p.raft.roles.FollowerRole - RaftServer{raft-partition-7}{role=FOLLOWER} - Sending AppendResponse{status=OK, term=1, succeeded=true, lastLogIndex=1}
21:52:07.460 [raft-server-raft-partition-5] TRACE i.a.p.raft.roles.LeaderAppender - RaftServer{raft-partition-5} - Received AppendResponse{status=OK, term=1, succeeded=true, lastLogIndex=1} from 2
21:52:07.460 [raft-server-raft-partition-7] TRACE i.a.p.raft.roles.LeaderAppender - RaftServer{raft-partition-7} - Received AppendResponse{status=OK, term=1, succeeded=true, lastLogIndex=1} from 1
21:52:07.460 [raft-server-raft-partition-5] TRACE i.a.p.raft.roles.LeaderAppender - RaftServer{raft-partition-5} - Sending AppendRequest{term=1, leader=3, prevLogIndex=1, prevLogTerm=1, entries=0, commitIndex=1} to 2
21:52:07.460 [raft-server-raft-partition-7] TRACE i.a.p.raft.roles.LeaderAppender - RaftServer{raft-partition-7} - Sending AppendRequest{term=1, leader=2, prevLogIndex=1, prevLogTerm=1, entries=0, commitIndex=1} to 1
21:52:07.460 [raft-server-raft-partition-5] TRACE i.a.p.raft.roles.LeaderAppender - RaftServer{raft-partition-5} - Received AppendResponse{status=OK, term=1, succeeded=true, lastLogIndex=1} from 1
21:52:07.460 [raft-server-raft-partition-7] TRACE i.a.p.raft.roles.LeaderAppender - RaftServer{raft-partition-7} - Received AppendResponse{status=OK, term=1, succeeded=true, lastLogIndex=1} from 3
21:52:07.460 [raft-server-raft-partition-5] TRACE i.a.p.raft.roles.LeaderAppender - RaftServer{raft-partition-5} - Sending AppendRequest{term=1, leader=3, prevLogIndex=1, prevLogTerm=1, entries=0, commitIndex=1} to 1
21:52:07.460 [raft-server-raft-partition-7] TRACE i.a.p.raft.roles.LeaderAppender - RaftServer{raft-partition-7} - Sending AppendRequest{term=1, leader=2, prevLogIndex=1, prevLogTerm=1, entries=0, commitIndex=1} to 3
21:52:07.460 [raft-server-raft-partition-5] TRACE i.a.p.raft.roles.FollowerRole - RaftServer{raft-partition-5}{role=FOLLOWER} - Received AppendRequest{term=1, leader=3, prevLogIndex=1, prevLogTerm=1, entries=0, commitIndex=1}
21:52:07.460 [raft-server-raft-partition-7] TRACE i.a.p.raft.roles.FollowerRole - RaftServer{raft-partition-7}{role=FOLLOWER} - Received AppendRequest{term=1, leader=2, prevLogIndex=1, prevLogTerm=1, entries=0, commitIndex=1}
21:52:07.460 [raft-server-raft-partition-5] TRACE i.a.p.raft.roles.FollowerRole - RaftServer{raft-partition-5}{role=FOLLOWER} - Sending AppendResponse{status=OK, term=1, succeeded=true, lastLogIndex=1}
21:52:07.460 [raft-server-raft-partition-7] TRACE i.a.p.raft.roles.FollowerRole - RaftServer{raft-partition-7}{role=FOLLOWER} - Sending AppendResponse{status=OK, term=1, succeeded=true, lastLogIndex=1}
21:52:07.460 [raft-server-raft-partition-5] TRACE i.a.p.raft.roles.FollowerRole - RaftServer{raft-partition-5}{role=FOLLOWER} - Received AppendRequest{term=1, leader=3, prevLogIndex=1, prevLogTerm=1, entries=0, commitIndex=1}
21:52:07.460 [raft-server-raft-partition-7] TRACE i.a.p.raft.roles.FollowerRole - RaftServer{raft-partition-7}{role=FOLLOWER} - Received AppendRequest{term=1, leader=2, prevLogIndex=1, prevLogTerm=1, entries=0, commitIndex=1}
21:52:07.461 [raft-server-raft-partition-5] TRACE i.a.p.raft.roles.FollowerRole - RaftServer{raft-partition-5}{role=FOLLOWER} - Sending AppendResponse{status=OK, term=1, succeeded=true, lastLogIndex=1}
21:52:07.461 [raft-server-raft-partition-7] TRACE i.a.p.raft.roles.FollowerRole - RaftServer{raft-partition-7}{role=FOLLOWER} - Sending AppendResponse{status=OK, term=1, succeeded=true, lastLogIndex=1}
21:52:07.461 [raft-server-raft-partition-5] TRACE i.a.p.raft.roles.LeaderAppender - RaftServer{raft-partition-5} - Received AppendResponse{status=OK, term=1, succeeded=true, lastLogIndex=1} from 2
21:52:07.461 [raft-server-raft-partition-7] TRACE i.a.p.raft.roles.LeaderAppender - RaftServer{raft-partition-7} - Received AppendResponse{status=OK, term=1, succeeded=true, lastLogIndex=1} from 1
21:52:07.461 [raft-server-raft-partition-5] TRACE i.a.p.raft.roles.LeaderAppender - RaftServer{raft-partition-5} - Received AppendResponse{status=OK, term=1, succeeded=true, lastLogIndex=1} from 1
21:52:07.461 [raft-server-raft-partition-7] TRACE i.a.p.raft.roles.LeaderAppender - RaftServer{raft-partition-7} - Received AppendResponse{status=OK, term=1, succeeded=true, lastLogIndex=1} from 3
21:52:07.493 [raft-server-raft-partition-4] TRACE i.a.p.raft.roles.LeaderAppender - RaftServer{raft-partition-4} - Sending AppendRequest{term=1, leader=1, prevLogIndex=1, prevLogTerm=1, entries=0, commitIndex=1} to 2
21:52:07.493 [raft-server-raft-partition-4] TRACE i.a.p.raft.roles.LeaderAppender - RaftServer{raft-partition-4} - Sending AppendRequest{term=1, leader=1, prevLogIndex=1, prevLogTerm=1, entries=0, commitIndex=1} to 3
21:52:07.493 [raft-server-raft-partition-4] TRACE i.a.p.raft.roles.FollowerRole - RaftServer{raft-partition-4}{role=FOLLOWER} - Received AppendRequest{term=1, leader=1, prevLogIndex=1, prevLogTerm=1, entries=0, commitIndex=1}
21:52:07.493 [raft-server-raft-partition-4] TRACE i.a.p.raft.roles.FollowerRole - RaftServer{raft-partition-4}{role=FOLLOWER} - Received AppendRequest{term=1, leader=1, prevLogIndex=1, prevLogTerm=1, entries=0, commitIndex=1}
21:52:07.493 [raft-server-raft-partition-4] TRACE i.a.p.raft.roles.FollowerRole - RaftServer{raft-partition-4}{role=FOLLOWER} - Sending AppendResponse{status=OK, term=1, succeeded=true, lastLogIndex=1}
21:52:07.493 [raft-server-raft-partition-4] TRACE i.a.p.raft.roles.FollowerRole - RaftServer{raft-partition-4}{role=FOLLOWER} - Sending AppendResponse{status=OK, term=1, succeeded=true, lastLogIndex=1}
21:52:07.494 [raft-server-raft-partition-4] TRACE i.a.p.raft.roles.LeaderAppender - RaftServer{raft-partition-4} - Received AppendResponse{status=OK, term=1, succeeded=true, lastLogIndex=1} from 3
21:52:07.494 [raft-server-raft-partition-4] TRACE i.a.p.raft.roles.LeaderAppender - RaftServer{raft-partition-4} - Sending AppendRequest{term=1, leader=1, prevLogIndex=1, prevLogTerm=1, entries=0, commitIndex=1} to 3
21:52:07.494 [raft-server-raft-partition-4] TRACE i.a.p.raft.roles.LeaderAppender - RaftServer{raft-partition-4} - Received AppendResponse{status=OK, term=1, succeeded=true, lastLogIndex=1} from 2
21:52:07.494 [raft-server-raft-partition-4] TRACE i.a.p.raft.roles.LeaderAppender - RaftServer{raft-partition-4} - Sending AppendRequest{term=1, leader=1, prevLogIndex=1, prevLogTerm=1, entries=0, commitIndex=1} to 2
21:52:07.494 [raft-server-raft-partition-4] TRACE i.a.p.raft.roles.FollowerRole - RaftServer{raft-partition-4}{role=FOLLOWER} - Received AppendRequest{term=1, leader=1, prevLogIndex=1, prevLogTerm=1, entries=0, commitIndex=1}
21:52:07.494 [raft-server-raft-partition-4] TRACE i.a.p.raft.roles.FollowerRole - RaftServer{raft-partition-4}{role=FOLLOWER} - Sending AppendResponse{status=OK, term=1, succeeded=true, lastLogIndex=1}
21:52:07.494 [raft-server-raft-partition-4] TRACE i.a.p.raft.roles.FollowerRole - RaftServer{raft-partition-4}{role=FOLLOWER} - Received AppendRequest{term=1, leader=1, prevLogIndex=1, prevLogTerm=1, entries=0, commitIndex=1}
21:52:07.494 [raft-server-raft-partition-4] TRACE i.a.p.raft.roles.FollowerRole - RaftServer{raft-partition-4}{role=FOLLOWER} - Sending AppendResponse{status=OK, term=1, succeeded=true, lastLogIndex=1}
21:52:07.494 [raft-server-raft-partition-4] TRACE i.a.p.raft.roles.LeaderAppender - RaftServer{raft-partition-4} - Received AppendResponse{status=OK, term=1, succeeded=true, lastLogIndex=1} from 3
21:52:07.494 [raft-server-raft-partition-4] TRACE i.a.p.raft.roles.LeaderAppender - RaftServer{raft-partition-4} - Received AppendResponse{status=OK, term=1, succeeded=true, lastLogIndex=1} from 2
21:52:07.567 [raft-server-raft-partition-2] TRACE i.a.p.raft.roles.LeaderAppender - RaftServer{raft-partition-2} - Sending AppendRequest{term=1, leader=1, prevLogIndex=1, prevLogTerm=1, entries=0, commitIndex=1} to 2
21:52:07.567 [raft-server-raft-partition-2] TRACE i.a.p.raft.roles.LeaderAppender - RaftServer{raft-partition-2} - Sending AppendRequest{term=1, leader=1, prevLogIndex=1, prevLogTerm=1, entries=0, commitIndex=1} to 3
21:52:07.568 [raft-server-raft-partition-2] TRACE i.a.p.raft.roles.FollowerRole - RaftServer{raft-partition-2}{role=FOLLOWER} - Received AppendRequest{term=1, leader=1, prevLogIndex=1, prevLogTerm=1, entries=0, commitIndex=1}
21:52:07.568 [raft-server-raft-partition-2] TRACE i.a.p.raft.roles.FollowerRole - RaftServer{raft-partition-2}{role=FOLLOWER} - Sending AppendResponse{status=OK, term=1, succeeded=true, lastLogIndex=1}
21:52:07.568 [raft-server-raft-partition-2] TRACE i.a.p.raft.roles.FollowerRole - RaftServer{raft-partition-2}{role=FOLLOWER} - Received AppendRequest{term=1, leader=1, prevLogIndex=1, prevLogTerm=1, entries=0, commitIndex=1}
21:52:07.568 [raft-server-raft-partition-2] TRACE i.a.p.raft.roles.FollowerRole - RaftServer{raft-partition-2}{role=FOLLOWER} - Sending AppendResponse{status=OK, term=1, succeeded=true, lastLogIndex=1}
21:52:07.568 [raft-server-raft-partition-2] TRACE i.a.p.raft.roles.LeaderAppender - RaftServer{raft-partition-2} - Received AppendResponse{status=OK, term=1, succeeded=true, lastLogIndex=1} from 2
21:52:07.568 [raft-server-raft-partition-2] TRACE i.a.p.raft.roles.LeaderAppender - RaftServer{raft-partition-2} - Sending AppendRequest{term=1, leader=1, prevLogIndex=1, prevLogTerm=1, entries=0, commitIndex=1} to 2
21:52:07.568 [raft-server-raft-partition-2] TRACE i.a.p.raft.roles.LeaderAppender - RaftServer{raft-partition-2} - Received AppendResponse{status=OK, term=1, succeeded=true, lastLogIndex=1} from 3
21:52:07.568 [raft-server-raft-partition-2] TRACE i.a.p.raft.roles.LeaderAppender - RaftServer{raft-partition-2} - Sending AppendRequest{term=1, leader=1, prevLogIndex=1, prevLogTerm=1, entries=0, commitIndex=1} to 3
21:52:07.568 [raft-server-raft-partition-2] TRACE i.a.p.raft.roles.FollowerRole - RaftServer{raft-partition-2}{role=FOLLOWER} - Received AppendRequest{term=1, leader=1, prevLogIndex=1, prevLogTerm=1, entries=0, commitIndex=1}
21:52:07.568 [raft-server-raft-partition-2] TRACE i.a.p.raft.roles.FollowerRole - RaftServer{raft-partition-2}{role=FOLLOWER} - Received AppendRequest{term=1, leader=1, prevLogIndex=1, prevLogTerm=1, entries=0, commitIndex=1}
21:52:07.568 [raft-server-raft-partition-2] TRACE i.a.p.raft.roles.FollowerRole - RaftServer{raft-partition-2}{role=FOLLOWER} - Sending AppendResponse{status=OK, term=1, succeeded=true, lastLogIndex=1}
21:52:07.568 [raft-server-raft-partition-2] TRACE i.a.p.raft.roles.FollowerRole - RaftServer{raft-partition-2}{role=FOLLOWER} - Sending AppendResponse{status=OK, term=1, succeeded=true, lastLogIndex=1}
21:52:07.569 [raft-server-raft-partition-2] TRACE i.a.p.raft.roles.LeaderAppender - RaftServer{raft-partition-2} - Received AppendResponse{status=OK, term=1, succeeded=true, lastLogIndex=1} from 3
21:52:07.569 [raft-server-raft-partition-2] TRACE i.a.p.raft.roles.LeaderAppender - RaftServer{raft-partition-2} - Received AppendResponse{status=OK, term=1, succeeded=true, lastLogIndex=1} from 2
21:52:07.576 [raft-server-raft-partition-6] TRACE i.a.p.raft.roles.LeaderAppender - RaftServer{raft-partition-6} - Sending AppendRequest{term=1, leader=1, prevLogIndex=1, prevLogTerm=1, entries=0, commitIndex=1} to 2
21:52:07.576 [raft-server-raft-partition-6] TRACE i.a.p.raft.roles.LeaderAppender - RaftServer{raft-partition-6} - Sending AppendRequest{term=1, leader=1, prevLogIndex=1, prevLogTerm=1, entries=0, commitIndex=1} to 3
21:52:07.576 [raft-server-raft-partition-6] TRACE i.a.p.raft.roles.FollowerRole - RaftServer{raft-partition-6}{role=FOLLOWER} - Received AppendRequest{term=1, leader=1, prevLogIndex=1, prevLogTerm=1, entries=0, commitIndex=1}
21:52:07.576 [raft-server-raft-partition-6] TRACE i.a.p.raft.roles.FollowerRole - RaftServer{raft-partition-6}{role=FOLLOWER} - Received AppendRequest{term=1, leader=1, prevLogIndex=1, prevLogTerm=1, entries=0, commitIndex=1}
21:52:07.576 [raft-server-raft-partition-6] TRACE i.a.p.raft.roles.FollowerRole - RaftServer{raft-partition-6}{role=FOLLOWER} - Sending AppendResponse{status=OK, term=1, succeeded=true, lastLogIndex=1}
21:52:07.576 [raft-server-raft-partition-6] TRACE i.a.p.raft.roles.FollowerRole - RaftServer{raft-partition-6}{role=FOLLOWER} - Sending AppendResponse{status=OK, term=1, succeeded=true, lastLogIndex=1}
21:52:07.576 [raft-server-raft-partition-6] TRACE i.a.p.raft.roles.LeaderAppender - RaftServer{raft-partition-6} - Received AppendResponse{status=OK, term=1, succeeded=true, lastLogIndex=1} from 2
21:52:07.576 [raft-server-raft-partition-6] TRACE i.a.p.raft.roles.LeaderAppender - RaftServer{raft-partition-6} - Sending AppendRequest{term=1, leader=1, prevLogIndex=1, prevLogTerm=1, entries=0, commitIndex=1} to 2
21:52:07.576 [raft-server-raft-partition-6] TRACE i.a.p.raft.roles.LeaderAppender - RaftServer{raft-partition-6} - Received AppendResponse{status=OK, term=1, succeeded=true, lastLogIndex=1} from 3
21:52:07.576 [raft-server-raft-partition-6] TRACE i.a.p.raft.roles.LeaderAppender - RaftServer{raft-partition-6} - Sending AppendRequest{term=1, leader=1, prevLogIndex=1, prevLogTerm=1, entries=0, commitIndex=1} to 3
21:52:07.577 [raft-server-raft-partition-6] TRACE i.a.p.raft.roles.FollowerRole - RaftServer{raft-partition-6}{role=FOLLOWER} - Received AppendRequest{term=1, leader=1, prevLogIndex=1, prevLogTerm=1, entries=0, commitIndex=1}
21:52:07.577 [raft-server-raft-partition-6] TRACE i.a.p.raft.roles.FollowerRole - RaftServer{raft-partition-6}{role=FOLLOWER} - Sending AppendResponse{status=OK, term=1, succeeded=true, lastLogIndex=1}
21:52:07.577 [raft-server-raft-partition-6] TRACE i.a.p.raft.roles.FollowerRole - RaftServer{raft-partition-6}{role=FOLLOWER} - Received AppendRequest{term=1, leader=1, prevLogIndex=1, prevLogTerm=1, entries=0, commitIndex=1}
21:52:07.577 [raft-server-raft-partition-6] TRACE i.a.p.raft.roles.FollowerRole - RaftServer{raft-partition-6}{role=FOLLOWER} - Sending AppendResponse{status=OK, term=1, succeeded=true, lastLogIndex=1}
21:52:07.577 [raft-server-raft-partition-6] TRACE i.a.p.raft.roles.LeaderAppender - RaftServer{raft-partition-6} - Received AppendResponse{status=OK, term=1, succeeded=true, lastLogIndex=1} from 2
21:52:07.577 [raft-server-raft-partition-6] TRACE i.a.p.raft.roles.LeaderAppender - RaftServer{raft-partition-6} - Sending AppendRequest{term=1, leader=1, prevLogIndex=1, prevLogTerm=1, entries=0, commitIndex=1} to 2
21:52:07.577 [raft-server-raft-partition-6] TRACE i.a.p.raft.roles.LeaderAppender - RaftServer{raft-partition-6} - Received AppendResponse{status=OK, term=1, succeeded=true, lastLogIndex=1} from 3
21:52:07.577 [raft-server-raft-partition-6] TRACE i.a.p.raft.roles.LeaderAppender - RaftServer{raft-partition-6} - Sending AppendRequest{term=1, leader=1, prevLogIndex=1, prevLogTerm=1, entries=0, commitIndex=1} to 3
21:52:07.577 [raft-server-raft-partition-6] TRACE i.a.p.raft.roles.FollowerRole - RaftServer{raft-partition-6}{role=FOLLOWER} - Received AppendRequest{term=1, leader=1, prevLogIndex=1, prevLogTerm=1, entries=0, commitIndex=1}
21:52:07.577 [raft-server-raft-partition-6] TRACE i.a.p.raft.roles.FollowerRole - RaftServer{raft-partition-6}{role=FOLLOWER} - Sending AppendResponse{status=OK, term=1, succeeded=true, lastLogIndex=1}
21:52:07.577 [raft-server-raft-partition-6] TRACE i.a.p.raft.roles.FollowerRole - RaftServer{raft-partition-6}{role=FOLLOWER} - Received AppendRequest{term=1, leader=1, prevLogIndex=1, prevLogTerm=1, entries=0, commitIndex=1}
21:52:07.577 [raft-server-raft-partition-6] TRACE i.a.p.raft.roles.FollowerRole - RaftServer{raft-partition-6}{role=FOLLOWER} - Sending AppendResponse{status=OK, term=1, succeeded=true, lastLogIndex=1}
21:52:07.577 [raft-server-raft-partition-6] TRACE i.a.p.raft.roles.LeaderAppender - RaftServer{raft-partition-6} - Received AppendResponse{status=OK, term=1, succeeded=true, lastLogIndex=1} from 2
21:52:07.577 [raft-server-raft-partition-6] TRACE i.a.p.raft.roles.LeaderAppender - RaftServer{raft-partition-6} - Received AppendResponse{status=OK, term=1, succeeded=true, lastLogIndex=1} from 3
21:52:07.634 [raft-server-raft-partition-1] TRACE i.a.p.raft.roles.LeaderAppender - RaftServer{raft-partition-1} - Sending AppendRequest{term=1, leader=2, prevLogIndex=1, prevLogTerm=1, entries=0, commitIndex=1} to 3
21:52:07.635 [raft-server-raft-partition-1] TRACE i.a.p.raft.roles.FollowerRole - RaftServer{raft-partition-1}{role=FOLLOWER} - Received AppendRequest{term=1, leader=2, prevLogIndex=1, prevLogTerm=1, entries=0, commitIndex=1}
21:52:07.635 [raft-server-raft-partition-1] TRACE i.a.p.raft.roles.FollowerRole - RaftServer{raft-partition-1}{role=FOLLOWER} - Sending AppendResponse{status=OK, term=1, succeeded=true, lastLogIndex=1}
21:52:07.635 [raft-server-raft-partition-1] TRACE i.a.p.raft.roles.LeaderAppender - RaftServer{raft-partition-1} - Received AppendResponse{status=OK, term=1, succeeded=true, lastLogIndex=1} from 3
21:52:07.635 [raft-server-raft-partition-1] TRACE i.a.p.raft.roles.LeaderAppender - RaftServer{raft-partition-1} - Sending AppendRequest{term=1, leader=2, prevLogIndex=1, prevLogTerm=1, entries=0, commitIndex=1} to 3
21:52:07.636 [raft-server-raft-partition-1] TRACE i.a.p.raft.roles.FollowerRole - RaftServer{raft-partition-1}{role=FOLLOWER} - Received AppendRequest{term=1, leader=2, prevLogIndex=1, prevLogTerm=1, entries=0, commitIndex=1}
21:52:07.636 [raft-server-raft-partition-1] TRACE i.a.p.raft.roles.FollowerRole - RaftServer{raft-partition-1}{role=FOLLOWER} - Sending AppendResponse{status=OK, term=1, succeeded=true, lastLogIndex=1}
21:52:07.636 [raft-server-raft-partition-1] TRACE i.a.p.raft.roles.LeaderAppender - RaftServer{raft-partition-1} - Received AppendResponse{status=OK, term=1, succeeded=true, lastLogIndex=1} from 3
21:52:07.657 [raft-server-raft-partition-3] TRACE i.a.p.raft.storage.system.MetaStore - Store vote null
21:52:07.667 [raft-server-system-partition-1] TRACE i.a.p.raft.roles.LeaderAppender - RaftServer{system-partition-1} - Sending AppendRequest{term=1, leader=1, prevLogIndex=13, prevLogTerm=1, entries=0, commitIndex=13} to 2
21:52:07.667 [raft-server-system-partition-1] TRACE i.a.p.raft.roles.LeaderAppender - RaftServer{system-partition-1} - Sending AppendRequest{term=1, leader=1, prevLogIndex=13, prevLogTerm=1, entries=0, commitIndex=13} to 3
21:52:07.667 [raft-server-system-partition-1] TRACE i.a.p.raft.roles.FollowerRole - RaftServer{system-partition-1}{role=FOLLOWER} - Received AppendRequest{term=1, leader=1, prevLogIndex=13, prevLogTerm=1, entries=0, commitIndex=13}
21:52:07.667 [raft-server-system-partition-1] TRACE i.a.p.raft.roles.FollowerRole - RaftServer{system-partition-1}{role=FOLLOWER} - Sending AppendResponse{status=OK, term=1, succeeded=true, lastLogIndex=13}
21:52:07.667 [raft-server-system-partition-1] TRACE i.a.p.raft.roles.FollowerRole - RaftServer{system-partition-1}{role=FOLLOWER} - Received AppendRequest{term=1, leader=1, prevLogIndex=13, prevLogTerm=1, entries=0, commitIndex=13}
21:52:07.668 [raft-server-system-partition-1] TRACE i.a.p.raft.roles.FollowerRole - RaftServer{system-partition-1}{role=FOLLOWER} - Sending AppendResponse{status=OK, term=1, succeeded=true, lastLogIndex=13}
21:52:07.668 [raft-server-system-partition-1] TRACE i.a.p.raft.roles.LeaderAppender - RaftServer{system-partition-1} - Received AppendResponse{status=OK, term=1, succeeded=true, lastLogIndex=13} from 2
21:52:07.668 [raft-server-system-partition-1] TRACE i.a.p.raft.roles.LeaderAppender - RaftServer{system-partition-1} - Sending AppendRequest{term=1, leader=1, prevLogIndex=13, prevLogTerm=1, entries=0, commitIndex=13} to 2
21:52:07.668 [raft-server-system-partition-1] TRACE i.a.p.raft.roles.LeaderAppender - RaftServer{system-partition-1} - Received AppendResponse{status=OK, term=1, succeeded=true, lastLogIndex=13} from 3
21:52:07.668 [raft-server-system-partition-1] TRACE i.a.p.raft.roles.LeaderAppender - RaftServer{system-partition-1} - Sending AppendRequest{term=1, leader=1, prevLogIndex=13, prevLogTerm=1, entries=0, commitIndex=13} to 3
21:52:07.668 [raft-server-system-partition-1] TRACE i.a.p.raft.roles.FollowerRole - RaftServer{system-partition-1}{role=FOLLOWER} - Received AppendRequest{term=1, leader=1, prevLogIndex=13, prevLogTerm=1, entries=0, commitIndex=13}
21:52:07.668 [raft-server-system-partition-1] TRACE i.a.p.raft.roles.FollowerRole - RaftServer{system-partition-1}{role=FOLLOWER} - Sending AppendResponse{status=OK, term=1, succeeded=true, lastLogIndex=13}
21:52:07.668 [raft-server-system-partition-1] TRACE i.a.p.raft.roles.FollowerRole - RaftServer{system-partition-1}{role=FOLLOWER} - Received AppendRequest{term=1, leader=1, prevLogIndex=13, prevLogTerm=1, entries=0, commitIndex=13}
21:52:07.668 [raft-server-system-partition-1] TRACE i.a.p.raft.roles.FollowerRole - RaftServer{system-partition-1}{role=FOLLOWER} - Sending AppendResponse{status=OK, term=1, succeeded=true, lastLogIndex=13}
21:52:07.668 [raft-server-system-partition-1] TRACE i.a.p.raft.roles.LeaderAppender - RaftServer{system-partition-1} - Received AppendResponse{status=OK, term=1, succeeded=true, lastLogIndex=13} from 3
21:52:07.668 [raft-server-system-partition-1] TRACE i.a.p.raft.roles.LeaderAppender - RaftServer{system-partition-1} - Received AppendResponse{status=OK, term=1, succeeded=true, lastLogIndex=13} from 2
21:52:07.691 [raft-server-raft-partition-3] DEBUG i.a.p.raft.roles.FollowerRole - RaftServer{raft-partition-3}{role=FOLLOWER} - Heartbeat timed out in PT2.999S
21:52:07.691 [raft-server-raft-partition-3] DEBUG i.a.p.raft.roles.FollowerRole - RaftServer{raft-partition-3}{role=FOLLOWER} - Polling members [DefaultRaftMember{id=1, type=ACTIVE, updated=2018-06-10T19:52:01.389Z}, DefaultRaftMember{id=2, type=ACTIVE, updated=2018-06-10T19:52:01.389Z}]
21:52:07.691 [raft-server-raft-partition-3] DEBUG i.a.p.raft.roles.FollowerRole - RaftServer{raft-partition-3}{role=FOLLOWER} - Polling DefaultRaftMember{id=1, type=ACTIVE, updated=2018-06-10T19:52:01.389Z} for next term 2
21:52:07.691 [raft-server-raft-partition-3] DEBUG i.a.p.raft.roles.FollowerRole - RaftServer{raft-partition-3}{role=FOLLOWER} - Polling DefaultRaftMember{id=2, type=ACTIVE, updated=2018-06-10T19:52:01.389Z} for next term 2
21:52:07.691 [raft-server-raft-partition-3] TRACE i.a.p.raft.roles.FollowerRole - RaftServer{raft-partition-3}{role=FOLLOWER} - Received PollRequest{term=1, candidate=3, lastLogIndex=0, lastLogTerm=0}
21:52:07.691 [raft-server-raft-partition-3] TRACE i.a.protocols.raft.roles.LeaderRole - RaftServer{raft-partition-3}{role=LEADER} - Received PollRequest{term=1, candidate=3, lastLogIndex=0, lastLogTerm=0}
21:52:07.691 [raft-server-raft-partition-3] DEBUG i.a.p.raft.roles.FollowerRole - RaftServer{raft-partition-3}{role=FOLLOWER} - Accepted PollRequest{term=1, candidate=3, lastLogIndex=0, lastLogTerm=0}: candidate's log is up-to-date
21:52:07.691 [raft-server-raft-partition-3] TRACE i.a.p.raft.roles.FollowerRole - RaftServer{raft-partition-3}{role=FOLLOWER} - Sending PollResponse{status=OK, term=1, accepted=true}
21:52:07.691 [raft-server-raft-partition-3] TRACE i.a.protocols.raft.roles.LeaderRole - RaftServer{raft-partition-3}{role=LEADER} - Sending PollResponse{status=OK, term=1, accepted=false}
21:52:07.691 [raft-server-raft-partition-3] DEBUG i.a.p.raft.roles.FollowerRole - RaftServer{raft-partition-3}{role=FOLLOWER} - Received accepted poll from DefaultRaftMember{id=2, type=ACTIVE, updated=2018-06-10T19:52:01.389Z}
21:52:07.692 [raft-server-raft-partition-3] INFO  i.a.protocols.raft.impl.RaftContext - RaftServer{raft-partition-3} - Transitioning to CANDIDATE
21:52:07.692 [raft-server-raft-partition-3] TRACE i.a.p.raft.roles.FollowerRole - RaftServer{raft-partition-3}{role=FOLLOWER} - Cancelling heartbeat timer
21:52:07.692 [raft-server-raft-partition-3] INFO  i.a.p.raft.roles.CandidateRole - RaftServer{raft-partition-3}{role=CANDIDATE} - Starting election
21:52:07.692 [raft-server-raft-partition-3] TRACE i.a.p.raft.storage.system.MetaStore - Store term 2
21:52:07.709 [raft-server-raft-partition-5] TRACE i.a.p.raft.roles.LeaderAppender - RaftServer{raft-partition-5} - Sending AppendRequest{term=1, leader=3, prevLogIndex=1, prevLogTerm=1, entries=0, commitIndex=1} to 1
21:52:07.709 [raft-server-raft-partition-5] TRACE i.a.p.raft.roles.LeaderAppender - RaftServer{raft-partition-5} - Sending AppendRequest{term=1, leader=3, prevLogIndex=1, prevLogTerm=1, entries=0, commitIndex=1} to 2
21:52:07.709 [raft-server-raft-partition-5] TRACE i.a.p.raft.roles.FollowerRole - RaftServer{raft-partition-5}{role=FOLLOWER} - Received AppendRequest{term=1, leader=3, prevLogIndex=1, prevLogTerm=1, entries=0, commitIndex=1}
21:52:07.709 [raft-server-raft-partition-7] TRACE i.a.p.raft.roles.LeaderAppender - RaftServer{raft-partition-7} - Sending AppendRequest{term=1, leader=2, prevLogIndex=1, prevLogTerm=1, entries=0, commitIndex=1} to 1
21:52:07.709 [raft-server-raft-partition-5] TRACE i.a.p.raft.roles.FollowerRole - RaftServer{raft-partition-5}{role=FOLLOWER} - Received AppendRequest{term=1, leader=3, prevLogIndex=1, prevLogTerm=1, entries=0, commitIndex=1}
21:52:07.709 [raft-server-raft-partition-5] TRACE i.a.p.raft.roles.FollowerRole - RaftServer{raft-partition-5}{role=FOLLOWER} - Sending AppendResponse{status=OK, term=1, succeeded=true, lastLogIndex=1}
21:52:07.709 [raft-server-raft-partition-7] TRACE i.a.p.raft.roles.LeaderAppender - RaftServer{raft-partition-7} - Sending AppendRequest{term=1, leader=2, prevLogIndex=1, prevLogTerm=1, entries=0, commitIndex=1} to 3
21:52:07.709 [raft-server-raft-partition-5] TRACE i.a.p.raft.roles.FollowerRole - RaftServer{raft-partition-5}{role=FOLLOWER} - Sending AppendResponse{status=OK, term=1, succeeded=true, lastLogIndex=1}
21:52:07.709 [raft-server-raft-partition-7] TRACE i.a.p.raft.roles.FollowerRole - RaftServer{raft-partition-7}{role=FOLLOWER} - Received AppendRequest{term=1, leader=2, prevLogIndex=1, prevLogTerm=1, entries=0, commitIndex=1}
21:52:07.709 [raft-server-raft-partition-7] TRACE i.a.p.raft.roles.FollowerRole - RaftServer{raft-partition-7}{role=FOLLOWER} - Sending AppendResponse{status=OK, term=1, succeeded=true, lastLogIndex=1}
21:52:07.710 [raft-server-raft-partition-5] TRACE i.a.p.raft.roles.LeaderAppender - RaftServer{raft-partition-5} - Received AppendResponse{status=OK, term=1, succeeded=true, lastLogIndex=1} from 1
21:52:07.710 [raft-server-raft-partition-7] TRACE i.a.p.raft.roles.FollowerRole - RaftServer{raft-partition-7}{role=FOLLOWER} - Received AppendRequest{term=1, leader=2, prevLogIndex=1, prevLogTerm=1, entries=0, commitIndex=1}
21:52:07.710 [raft-server-raft-partition-7] TRACE i.a.p.raft.roles.LeaderAppender - RaftServer{raft-partition-7} - Received AppendResponse{status=OK, term=1, succeeded=true, lastLogIndex=1} from 1
21:52:07.710 [raft-server-raft-partition-5] TRACE i.a.p.raft.roles.LeaderAppender - RaftServer{raft-partition-5} - Sending AppendRequest{term=1, leader=3, prevLogIndex=1, prevLogTerm=1, entries=0, commitIndex=1} to 1
21:52:07.710 [raft-server-raft-partition-7] TRACE i.a.p.raft.roles.FollowerRole - RaftServer{raft-partition-7}{role=FOLLOWER} - Sending AppendResponse{status=OK, term=1, succeeded=true, lastLogIndex=1}
21:52:07.710 [raft-server-raft-partition-7] TRACE i.a.p.raft.roles.LeaderAppender - RaftServer{raft-partition-7} - Sending AppendRequest{term=1, leader=2, prevLogIndex=1, prevLogTerm=1, entries=0, commitIndex=1} to 1
21:52:07.710 [raft-server-raft-partition-5] TRACE i.a.p.raft.roles.LeaderAppender - RaftServer{raft-partition-5} - Received AppendResponse{status=OK, term=1, succeeded=true, lastLogIndex=1} from 2
21:52:07.710 [raft-server-raft-partition-5] TRACE i.a.p.raft.roles.FollowerRole - RaftServer{raft-partition-5}{role=FOLLOWER} - Received AppendRequest{term=1, leader=3, prevLogIndex=1, prevLogTerm=1, entries=0, commitIndex=1}
21:52:07.710 [raft-server-raft-partition-7] TRACE i.a.p.raft.roles.LeaderAppender - RaftServer{raft-partition-7} - Received AppendResponse{status=OK, term=1, succeeded=true, lastLogIndex=1} from 3
21:52:07.710 [raft-server-raft-partition-5] TRACE i.a.p.raft.roles.LeaderAppender - RaftServer{raft-partition-5} - Sending AppendRequest{term=1, leader=3, prevLogIndex=1, prevLogTerm=1, entries=0, commitIndex=1} to 2
21:52:07.710 [raft-server-raft-partition-7] TRACE i.a.p.raft.roles.FollowerRole - RaftServer{raft-partition-7}{role=FOLLOWER} - Received AppendRequest{term=1, leader=2, prevLogIndex=1, prevLogTerm=1, entries=0, commitIndex=1}
21:52:07.710 [raft-server-raft-partition-5] TRACE i.a.p.raft.roles.FollowerRole - RaftServer{raft-partition-5}{role=FOLLOWER} - Sending AppendResponse{status=OK, term=1, succeeded=true, lastLogIndex=1}
21:52:07.710 [raft-server-raft-partition-7] TRACE i.a.p.raft.roles.LeaderAppender - RaftServer{raft-partition-7} - Sending AppendRequest{term=1, leader=2, prevLogIndex=1, prevLogTerm=1, entries=0, commitIndex=1} to 3
21:52:07.710 [raft-server-raft-partition-7] TRACE i.a.p.raft.roles.FollowerRole - RaftServer{raft-partition-7}{role=FOLLOWER} - Sending AppendResponse{status=OK, term=1, succeeded=true, lastLogIndex=1}
21:52:07.710 [raft-server-raft-partition-5] TRACE i.a.p.raft.roles.FollowerRole - RaftServer{raft-partition-5}{role=FOLLOWER} - Received AppendRequest{term=1, leader=3, prevLogIndex=1, prevLogTerm=1, entries=0, commitIndex=1}
21:52:07.710 [raft-server-raft-partition-5] TRACE i.a.p.raft.roles.LeaderAppender - RaftServer{raft-partition-5} - Received AppendResponse{status=OK, term=1, succeeded=true, lastLogIndex=1} from 1
21:52:07.710 [raft-server-raft-partition-5] TRACE i.a.p.raft.roles.FollowerRole - RaftServer{raft-partition-5}{role=FOLLOWER} - Sending AppendResponse{status=OK, term=1, succeeded=true, lastLogIndex=1}
21:52:07.711 [raft-server-raft-partition-7] TRACE i.a.p.raft.roles.FollowerRole - RaftServer{raft-partition-7}{role=FOLLOWER} - Received AppendRequest{term=1, leader=2, prevLogIndex=1, prevLogTerm=1, entries=0, commitIndex=1}
21:52:07.711 [raft-server-raft-partition-7] TRACE i.a.p.raft.roles.LeaderAppender - RaftServer{raft-partition-7} - Received AppendResponse{status=OK, term=1, succeeded=true, lastLogIndex=1} from 1
21:52:07.711 [raft-server-raft-partition-7] TRACE i.a.p.raft.roles.FollowerRole - RaftServer{raft-partition-7}{role=FOLLOWER} - Sending AppendResponse{status=OK, term=1, succeeded=true, lastLogIndex=1}
21:52:07.711 [raft-server-raft-partition-5] TRACE i.a.p.raft.roles.LeaderAppender - RaftServer{raft-partition-5} - Received AppendResponse{status=OK, term=1, succeeded=true, lastLogIndex=1} from 2
21:52:07.711 [raft-server-raft-partition-7] TRACE i.a.p.raft.roles.LeaderAppender - RaftServer{raft-partition-7} - Received AppendResponse{status=OK, term=1, succeeded=true, lastLogIndex=1} from 3
21:52:07.716 [raft-server-raft-partition-3] TRACE i.a.p.raft.storage.system.MetaStore - Store vote null
21:52:07.727 [raft-server-raft-partition-1] TRACE i.a.p.raft.storage.system.MetaStore - Store vote null
21:52:07.741 [raft-server-raft-partition-3] DEBUG i.a.protocols.raft.impl.RaftContext - RaftServer{raft-partition-3} - Set term 2
21:52:07.741 [raft-server-raft-partition-3] TRACE i.a.p.raft.storage.system.MetaStore - Store vote 3
21:52:07.743 [raft-server-raft-partition-4] TRACE i.a.p.raft.roles.LeaderAppender - RaftServer{raft-partition-4} - Sending AppendRequest{term=1, leader=1, prevLogIndex=1, prevLogTerm=1, entries=0, commitIndex=1} to 2
21:52:07.743 [raft-server-raft-partition-4] TRACE i.a.p.raft.roles.LeaderAppender - RaftServer{raft-partition-4} - Sending AppendRequest{term=1, leader=1, prevLogIndex=1, prevLogTerm=1, entries=0, commitIndex=1} to 3
21:52:07.743 [raft-server-raft-partition-4] TRACE i.a.p.raft.roles.FollowerRole - RaftServer{raft-partition-4}{role=FOLLOWER} - Received AppendRequest{term=1, leader=1, prevLogIndex=1, prevLogTerm=1, entries=0, commitIndex=1}
21:52:07.743 [raft-server-raft-partition-4] TRACE i.a.p.raft.roles.FollowerRole - RaftServer{raft-partition-4}{role=FOLLOWER} - Received AppendRequest{term=1, leader=1, prevLogIndex=1, prevLogTerm=1, entries=0, commitIndex=1}
21:52:07.743 [raft-server-raft-partition-4] TRACE i.a.p.raft.roles.FollowerRole - RaftServer{raft-partition-4}{role=FOLLOWER} - Sending AppendResponse{status=OK, term=1, succeeded=true, lastLogIndex=1}
21:52:07.743 [raft-server-raft-partition-4] TRACE i.a.p.raft.roles.FollowerRole - RaftServer{raft-partition-4}{role=FOLLOWER} - Sending AppendResponse{status=OK, term=1, succeeded=true, lastLogIndex=1}
21:52:07.744 [raft-server-raft-partition-4] TRACE i.a.p.raft.roles.LeaderAppender - RaftServer{raft-partition-4} - Received AppendResponse{status=OK, term=1, succeeded=true, lastLogIndex=1} from 2
21:52:07.744 [raft-server-raft-partition-4] TRACE i.a.p.raft.roles.LeaderAppender - RaftServer{raft-partition-4} - Sending AppendRequest{term=1, leader=1, prevLogIndex=1, prevLogTerm=1, entries=0, commitIndex=1} to 2
21:52:07.744 [raft-server-raft-partition-4] TRACE i.a.p.raft.roles.LeaderAppender - RaftServer{raft-partition-4} - Received AppendResponse{status=OK, term=1, succeeded=true, lastLogIndex=1} from 3
21:52:07.744 [raft-server-raft-partition-4] TRACE i.a.p.raft.roles.LeaderAppender - RaftServer{raft-partition-4} - Sending AppendRequest{term=1, leader=1, prevLogIndex=1, prevLogTerm=1, entries=0, commitIndex=1} to 3
21:52:07.744 [raft-server-raft-partition-4] TRACE i.a.p.raft.roles.FollowerRole - RaftServer{raft-partition-4}{role=FOLLOWER} - Received AppendRequest{term=1, leader=1, prevLogIndex=1, prevLogTerm=1, entries=0, commitIndex=1}
21:52:07.744 [raft-server-raft-partition-4] TRACE i.a.p.raft.roles.FollowerRole - RaftServer{raft-partition-4}{role=FOLLOWER} - Sending AppendResponse{status=OK, term=1, succeeded=true, lastLogIndex=1}
21:52:07.744 [raft-server-raft-partition-4] TRACE i.a.p.raft.roles.FollowerRole - RaftServer{raft-partition-4}{role=FOLLOWER} - Received AppendRequest{term=1, leader=1, prevLogIndex=1, prevLogTerm=1, entries=0, commitIndex=1}
21:52:07.744 [raft-server-raft-partition-4] TRACE i.a.p.raft.roles.FollowerRole - RaftServer{raft-partition-4}{role=FOLLOWER} - Sending AppendResponse{status=OK, term=1, succeeded=true, lastLogIndex=1}
21:52:07.744 [raft-server-raft-partition-4] TRACE i.a.p.raft.roles.LeaderAppender - RaftServer{raft-partition-4} - Received AppendResponse{status=OK, term=1, succeeded=true, lastLogIndex=1} from 2
21:52:07.744 [raft-server-raft-partition-4] TRACE i.a.p.raft.roles.LeaderAppender - RaftServer{raft-partition-4} - Received AppendResponse{status=OK, term=1, succeeded=true, lastLogIndex=1} from 3
21:52:07.766 [raft-server-raft-partition-1] DEBUG i.a.p.raft.roles.FollowerRole - RaftServer{raft-partition-1}{role=FOLLOWER} - Heartbeat timed out in PT3.293S
21:52:07.766 [raft-server-raft-partition-1] DEBUG i.a.p.raft.roles.FollowerRole - RaftServer{raft-partition-1}{role=FOLLOWER} - Polling members [DefaultRaftMember{id=2, type=ACTIVE, updated=2018-06-10T19:52:01.245Z}, DefaultRaftMember{id=3, type=ACTIVE, updated=2018-06-10T19:52:01.245Z}]
21:52:07.766 [raft-server-raft-partition-1] DEBUG i.a.p.raft.roles.FollowerRole - RaftServer{raft-partition-1}{role=FOLLOWER} - Polling DefaultRaftMember{id=2, type=ACTIVE, updated=2018-06-10T19:52:01.245Z} for next term 2
21:52:07.766 [raft-server-raft-partition-1] DEBUG i.a.p.raft.roles.FollowerRole - RaftServer{raft-partition-1}{role=FOLLOWER} - Polling DefaultRaftMember{id=3, type=ACTIVE, updated=2018-06-10T19:52:01.245Z} for next term 2
21:52:07.766 [raft-server-raft-partition-1] TRACE i.a.protocols.raft.roles.LeaderRole - RaftServer{raft-partition-1}{role=LEADER} - Received PollRequest{term=1, candidate=1, lastLogIndex=0, lastLogTerm=0}
21:52:07.766 [raft-server-raft-partition-1] TRACE i.a.protocols.raft.roles.LeaderRole - RaftServer{raft-partition-1}{role=LEADER} - Sending PollResponse{status=OK, term=1, accepted=false}
21:52:07.766 [raft-server-raft-partition-1] TRACE i.a.p.raft.roles.FollowerRole - RaftServer{raft-partition-1}{role=FOLLOWER} - Received PollRequest{term=1, candidate=1, lastLogIndex=0, lastLogTerm=0}
21:52:07.766 [raft-server-raft-partition-1] DEBUG i.a.p.raft.roles.FollowerRole - RaftServer{raft-partition-1}{role=FOLLOWER} - Rejected PollRequest{term=1, candidate=1, lastLogIndex=0, lastLogTerm=0}: candidate's last log entry (0) is at a lower term than the local log (1)
21:52:07.766 [raft-server-raft-partition-1] TRACE i.a.p.raft.roles.FollowerRole - RaftServer{raft-partition-1}{role=FOLLOWER} - Sending PollResponse{status=OK, term=1, accepted=false}
21:52:07.766 [raft-server-raft-partition-1] DEBUG i.a.p.raft.roles.FollowerRole - RaftServer{raft-partition-1}{role=FOLLOWER} - Received rejected poll from DefaultRaftMember{id=2, type=ACTIVE, updated=2018-06-10T19:52:01.245Z}
21:52:07.767 [raft-server-raft-partition-1] DEBUG i.a.p.raft.roles.FollowerRole - RaftServer{raft-partition-1}{role=FOLLOWER} - Received rejected poll from DefaultRaftMember{id=3, type=ACTIVE, updated=2018-06-10T19:52:01.245Z}
21:52:07.791 [raft-server-raft-partition-3] DEBUG i.a.protocols.raft.impl.RaftContext - RaftServer{raft-partition-3} - Voted for 3
21:52:07.791 [raft-server-raft-partition-3] DEBUG i.a.p.raft.roles.CandidateRole - RaftServer{raft-partition-3}{role=CANDIDATE} - Requesting votes for term 2
21:52:07.791 [raft-server-raft-partition-3] DEBUG i.a.p.raft.roles.CandidateRole - RaftServer{raft-partition-3}{role=CANDIDATE} - Requesting vote from DefaultRaftMember{id=1, type=ACTIVE, updated=2018-06-10T19:52:01.389Z} for term 2
21:52:07.791 [raft-server-raft-partition-3] DEBUG i.a.p.raft.roles.CandidateRole - RaftServer{raft-partition-3}{role=CANDIDATE} - Requesting vote from DefaultRaftMember{id=2, type=ACTIVE, updated=2018-06-10T19:52:01.389Z} for term 2
21:52:07.791 [raft-server-raft-partition-3] TRACE i.a.p.raft.storage.system.MetaStore - Store term 2
21:52:07.791 [raft-server-raft-partition-3] TRACE i.a.p.raft.roles.FollowerRole - RaftServer{raft-partition-3}{role=FOLLOWER} - Received VoteRequest{term=2, candidate=3, lastLogIndex=0, lastLogTerm=0}
21:52:07.791 [raft-server-raft-partition-3] TRACE i.a.p.raft.storage.system.MetaStore - Store term 2
21:52:07.816 [raft-server-raft-partition-3] TRACE i.a.p.raft.storage.system.MetaStore - Store vote null
21:52:07.818 [raft-server-raft-partition-2] TRACE i.a.p.raft.roles.LeaderAppender - RaftServer{raft-partition-2} - Sending AppendRequest{term=1, leader=1, prevLogIndex=1, prevLogTerm=1, entries=0, commitIndex=1} to 2
21:52:07.818 [raft-server-raft-partition-2] TRACE i.a.p.raft.roles.LeaderAppender - RaftServer{raft-partition-2} - Sending AppendRequest{term=1, leader=1, prevLogIndex=1, prevLogTerm=1, entries=0, commitIndex=1} to 3
21:52:07.818 [raft-server-raft-partition-2] TRACE i.a.p.raft.roles.FollowerRole - RaftServer{raft-partition-2}{role=FOLLOWER} - Received AppendRequest{term=1, leader=1, prevLogIndex=1, prevLogTerm=1, entries=0, commitIndex=1}
21:52:07.818 [raft-server-raft-partition-2] TRACE i.a.p.raft.roles.FollowerRole - RaftServer{raft-partition-2}{role=FOLLOWER} - Sending AppendResponse{status=OK, term=1, succeeded=true, lastLogIndex=1}
21:52:07.818 [raft-server-raft-partition-2] TRACE i.a.p.raft.roles.FollowerRole - RaftServer{raft-partition-2}{role=FOLLOWER} - Received AppendRequest{term=1, leader=1, prevLogIndex=1, prevLogTerm=1, entries=0, commitIndex=1}
21:52:07.818 [raft-server-raft-partition-2] TRACE i.a.p.raft.roles.FollowerRole - RaftServer{raft-partition-2}{role=FOLLOWER} - Sending AppendResponse{status=OK, term=1, succeeded=true, lastLogIndex=1}
21:52:07.818 [raft-server-raft-partition-2] TRACE i.a.p.raft.roles.LeaderAppender - RaftServer{raft-partition-2} - Received AppendResponse{status=OK, term=1, succeeded=true, lastLogIndex=1} from 2
21:52:07.818 [raft-server-raft-partition-2] TRACE i.a.p.raft.roles.LeaderAppender - RaftServer{raft-partition-2} - Sending AppendRequest{term=1, leader=1, prevLogIndex=1, prevLogTerm=1, entries=0, commitIndex=1} to 2
21:52:07.818 [raft-server-raft-partition-2] TRACE i.a.p.raft.roles.LeaderAppender - RaftServer{raft-partition-2} - Received AppendResponse{status=OK, term=1, succeeded=true, lastLogIndex=1} from 3
21:52:07.818 [raft-server-raft-partition-2] TRACE i.a.p.raft.roles.LeaderAppender - RaftServer{raft-partition-2} - Sending AppendRequest{term=1, leader=1, prevLogIndex=1, prevLogTerm=1, entries=0, commitIndex=1} to 3
21:52:07.818 [raft-server-raft-partition-2] TRACE i.a.p.raft.roles.FollowerRole - RaftServer{raft-partition-2}{role=FOLLOWER} - Received AppendRequest{term=1, leader=1, prevLogIndex=1, prevLogTerm=1, entries=0, commitIndex=1}
21:52:07.819 [raft-server-raft-partition-2] TRACE i.a.p.raft.roles.FollowerRole - RaftServer{raft-partition-2}{role=FOLLOWER} - Sending AppendResponse{status=OK, term=1, succeeded=true, lastLogIndex=1}
21:52:07.819 [raft-server-raft-partition-2] TRACE i.a.p.raft.roles.FollowerRole - RaftServer{raft-partition-2}{role=FOLLOWER} - Received AppendRequest{term=1, leader=1, prevLogIndex=1, prevLogTerm=1, entries=0, commitIndex=1}
21:52:07.819 [raft-server-raft-partition-2] TRACE i.a.p.raft.roles.FollowerRole - RaftServer{raft-partition-2}{role=FOLLOWER} - Sending AppendResponse{status=OK, term=1, succeeded=true, lastLogIndex=1}
21:52:07.819 [raft-server-raft-partition-2] TRACE i.a.p.raft.roles.LeaderAppender - RaftServer{raft-partition-2} - Received AppendResponse{status=OK, term=1, succeeded=true, lastLogIndex=1} from 2
21:52:07.819 [raft-server-raft-partition-2] TRACE i.a.p.raft.roles.LeaderAppender - RaftServer{raft-partition-2} - Sending AppendRequest{term=1, leader=1, prevLogIndex=1, prevLogTerm=1, entries=0, commitIndex=1} to 2
21:52:07.819 [raft-server-raft-partition-2] TRACE i.a.p.raft.roles.LeaderAppender - RaftServer{raft-partition-2} - Received AppendResponse{status=OK, term=1, succeeded=true, lastLogIndex=1} from 3
21:52:07.819 [raft-server-raft-partition-2] TRACE i.a.p.raft.roles.LeaderAppender - RaftServer{raft-partition-2} - Sending AppendRequest{term=1, leader=1, prevLogIndex=1, prevLogTerm=1, entries=0, commitIndex=1} to 3
21:52:07.819 [raft-server-raft-partition-2] TRACE i.a.p.raft.roles.FollowerRole - RaftServer{raft-partition-2}{role=FOLLOWER} - Received AppendRequest{term=1, leader=1, prevLogIndex=1, prevLogTerm=1, entries=0, commitIndex=1}
21:52:07.819 [raft-server-raft-partition-2] TRACE i.a.p.raft.roles.FollowerRole - RaftServer{raft-partition-2}{role=FOLLOWER} - Sending AppendResponse{status=OK, term=1, succeeded=true, lastLogIndex=1}
21:52:07.819 [raft-server-raft-partition-2] TRACE i.a.p.raft.roles.FollowerRole - RaftServer{raft-partition-2}{role=FOLLOWER} - Received AppendRequest{term=1, leader=1, prevLogIndex=1, prevLogTerm=1, entries=0, commitIndex=1}
21:52:07.819 [raft-server-raft-partition-2] TRACE i.a.p.raft.roles.FollowerRole - RaftServer{raft-partition-2}{role=FOLLOWER} - Sending AppendResponse{status=OK, term=1, succeeded=true, lastLogIndex=1}
21:52:07.819 [raft-server-raft-partition-2] TRACE i.a.p.raft.roles.LeaderAppender - RaftServer{raft-partition-2} - Received AppendResponse{status=OK, term=1, succeeded=true, lastLogIndex=1} from 2
21:52:07.819 [raft-server-raft-partition-2] TRACE i.a.p.raft.roles.LeaderAppender - RaftServer{raft-partition-2} - Received AppendResponse{status=OK, term=1, succeeded=true, lastLogIndex=1} from 3
21:52:07.826 [raft-server-raft-partition-6] TRACE i.a.p.raft.roles.LeaderAppender - RaftServer{raft-partition-6} - Sending AppendRequest{term=1, leader=1, prevLogIndex=1, prevLogTerm=1, entries=0, commitIndex=1} to 2
21:52:07.826 [raft-server-raft-partition-6] TRACE i.a.p.raft.roles.LeaderAppender - RaftServer{raft-partition-6} - Sending AppendRequest{term=1, leader=1, prevLogIndex=1, prevLogTerm=1, entries=0, commitIndex=1} to 3
21:52:07.826 [raft-server-raft-partition-6] TRACE i.a.p.raft.roles.FollowerRole - RaftServer{raft-partition-6}{role=FOLLOWER} - Received AppendRequest{term=1, leader=1, prevLogIndex=1, prevLogTerm=1, entries=0, commitIndex=1}
21:52:07.826 [raft-server-raft-partition-6] TRACE i.a.p.raft.roles.FollowerRole - RaftServer{raft-partition-6}{role=FOLLOWER} - Sending AppendResponse{status=OK, term=1, succeeded=true, lastLogIndex=1}
21:52:07.826 [raft-server-raft-partition-6] TRACE i.a.p.raft.roles.FollowerRole - RaftServer{raft-partition-6}{role=FOLLOWER} - Received AppendRequest{term=1, leader=1, prevLogIndex=1, prevLogTerm=1, entries=0, commitIndex=1}
21:52:07.826 [raft-server-raft-partition-6] TRACE i.a.p.raft.roles.FollowerRole - RaftServer{raft-partition-6}{role=FOLLOWER} - Sending AppendResponse{status=OK, term=1, succeeded=true, lastLogIndex=1}
21:52:07.826 [raft-server-raft-partition-6] TRACE i.a.p.raft.roles.LeaderAppender - RaftServer{raft-partition-6} - Received AppendResponse{status=OK, term=1, succeeded=true, lastLogIndex=1} from 2
21:52:07.826 [raft-server-raft-partition-6] TRACE i.a.p.raft.roles.LeaderAppender - RaftServer{raft-partition-6} - Sending AppendRequest{term=1, leader=1, prevLogIndex=1, prevLogTerm=1, entries=0, commitIndex=1} to 2
21:52:07.826 [raft-server-raft-partition-6] TRACE i.a.p.raft.roles.LeaderAppender - RaftServer{raft-partition-6} - Received AppendResponse{status=OK, term=1, succeeded=true, lastLogIndex=1} from 3
21:52:07.826 [raft-server-raft-partition-6] TRACE i.a.p.raft.roles.LeaderAppender - RaftServer{raft-partition-6} - Sending AppendRequest{term=1, leader=1, prevLogIndex=1, prevLogTerm=1, entries=0, commitIndex=1} to 3
21:52:07.827 [raft-server-raft-partition-6] TRACE i.a.p.raft.roles.FollowerRole - RaftServer{raft-partition-6}{role=FOLLOWER} - Received AppendRequest{term=1, leader=1, prevLogIndex=1, prevLogTerm=1, entries=0, commitIndex=1}
21:52:07.827 [raft-server-raft-partition-6] TRACE i.a.p.raft.roles.FollowerRole - RaftServer{raft-partition-6}{role=FOLLOWER} - Received AppendRequest{term=1, leader=1, prevLogIndex=1, prevLogTerm=1, entries=0, commitIndex=1}
21:52:07.827 [raft-server-raft-partition-6] TRACE i.a.p.raft.roles.FollowerRole - RaftServer{raft-partition-6}{role=FOLLOWER} - Sending AppendResponse{status=OK, term=1, succeeded=true, lastLogIndex=1}
21:52:07.827 [raft-server-raft-partition-6] TRACE i.a.p.raft.roles.FollowerRole - RaftServer{raft-partition-6}{role=FOLLOWER} - Sending AppendResponse{status=OK, term=1, succeeded=true, lastLogIndex=1}
21:52:07.827 [raft-server-raft-partition-6] TRACE i.a.p.raft.roles.LeaderAppender - RaftServer{raft-partition-6} - Received AppendResponse{status=OK, term=1, succeeded=true, lastLogIndex=1} from 2
21:52:07.827 [raft-server-raft-partition-6] TRACE i.a.p.raft.roles.LeaderAppender - RaftServer{raft-partition-6} - Sending AppendRequest{term=1, leader=1, prevLogIndex=1, prevLogTerm=1, entries=0, commitIndex=1} to 2
21:52:07.827 [raft-server-raft-partition-6] TRACE i.a.p.raft.roles.LeaderAppender - RaftServer{raft-partition-6} - Received AppendResponse{status=OK, term=1, succeeded=true, lastLogIndex=1} from 3
21:52:07.827 [raft-server-raft-partition-6] TRACE i.a.p.raft.roles.LeaderAppender - RaftServer{raft-partition-6} - Sending AppendRequest{term=1, leader=1, prevLogIndex=1, prevLogTerm=1, entries=0, commitIndex=1} to 3
21:52:07.827 [raft-server-raft-partition-6] TRACE i.a.p.raft.roles.FollowerRole - RaftServer{raft-partition-6}{role=FOLLOWER} - Received AppendRequest{term=1, leader=1, prevLogIndex=1, prevLogTerm=1, entries=0, commitIndex=1}
21:52:07.827 [raft-server-raft-partition-6] TRACE i.a.p.raft.roles.FollowerRole - RaftServer{raft-partition-6}{role=FOLLOWER} - Sending AppendResponse{status=OK, term=1, succeeded=true, lastLogIndex=1}
21:52:07.827 [raft-server-raft-partition-6] TRACE i.a.p.raft.roles.FollowerRole - RaftServer{raft-partition-6}{role=FOLLOWER} - Received AppendRequest{term=1, leader=1, prevLogIndex=1, prevLogTerm=1, entries=0, commitIndex=1}
21:52:07.827 [raft-server-raft-partition-6] TRACE i.a.p.raft.roles.FollowerRole - RaftServer{raft-partition-6}{role=FOLLOWER} - Sending AppendResponse{status=OK, term=1, succeeded=true, lastLogIndex=1}
21:52:07.827 [raft-server-raft-partition-6] TRACE i.a.p.raft.roles.LeaderAppender - RaftServer{raft-partition-6} - Received AppendResponse{status=OK, term=1, succeeded=true, lastLogIndex=1} from 2
21:52:07.827 [raft-server-raft-partition-6] TRACE i.a.p.raft.roles.LeaderAppender - RaftServer{raft-partition-6} - Received AppendResponse{status=OK, term=1, succeeded=true, lastLogIndex=1} from 3
21:52:07.841 [raft-server-raft-partition-3] TRACE i.a.p.raft.storage.system.MetaStore - Store vote null
21:52:07.866 [raft-server-raft-partition-3] DEBUG i.a.protocols.raft.impl.RaftContext - RaftServer{raft-partition-3} - Set term 2
21:52:07.866 [raft-server-raft-partition-3] DEBUG i.a.protocols.raft.roles.LeaderRole - RaftServer{raft-partition-3}{role=LEADER} - Received greater term
21:52:07.866 [raft-server-raft-partition-3] INFO  i.a.protocols.raft.impl.RaftContext - RaftServer{raft-partition-3} - Transitioning to FOLLOWER
21:52:07.866 [raft-server-raft-partition-3] TRACE i.a.protocols.raft.roles.LeaderRole - RaftServer{raft-partition-3}{role=LEADER} - Cancelling append timer
21:52:07.866 [raft-server-raft-partition-3] TRACE i.a.protocols.raft.roles.LeaderRole - RaftServer{raft-partition-3}{role=LEADER} - Received VoteRequest{term=2, candidate=3, lastLogIndex=0, lastLogTerm=0}
21:52:07.866 [raft-server-raft-partition-3] DEBUG i.a.protocols.raft.roles.LeaderRole - RaftServer{raft-partition-3}{role=LEADER} - Rejected VoteRequest{term=2, candidate=3, lastLogIndex=0, lastLogTerm=0}: candidate's last log entry (0) is at a lower term than the local log (1)
21:52:07.866 [raft-server-raft-partition-3] TRACE i.a.protocols.raft.roles.LeaderRole - RaftServer{raft-partition-3}{role=LEADER} - Sending VoteResponse{status=OK, term=2, voted=false}
21:52:07.867 [raft-server-raft-partition-3] DEBUG i.a.p.raft.roles.CandidateRole - RaftServer{raft-partition-3}{role=CANDIDATE} - Received rejected vote from DefaultRaftMember{id=1, type=ACTIVE, updated=2018-06-10T19:52:01.389Z}
21:52:07.884 [raft-server-raft-partition-1] TRACE i.a.p.raft.roles.LeaderAppender - RaftServer{raft-partition-1} - Sending AppendRequest{term=1, leader=2, prevLogIndex=1, prevLogTerm=1, entries=0, commitIndex=1} to 3
21:52:07.885 [raft-server-raft-partition-1] TRACE i.a.p.raft.roles.FollowerRole - RaftServer{raft-partition-1}{role=FOLLOWER} - Received AppendRequest{term=1, leader=2, prevLogIndex=1, prevLogTerm=1, entries=0, commitIndex=1}
21:52:07.885 [raft-server-raft-partition-1] TRACE i.a.p.raft.roles.FollowerRole - RaftServer{raft-partition-1}{role=FOLLOWER} - Sending AppendResponse{status=OK, term=1, succeeded=true, lastLogIndex=1}
21:52:07.885 [raft-server-raft-partition-1] TRACE i.a.p.raft.roles.LeaderAppender - RaftServer{raft-partition-1} - Received AppendResponse{status=OK, term=1, succeeded=true, lastLogIndex=1} from 3
21:52:07.885 [raft-server-raft-partition-1] TRACE i.a.p.raft.roles.LeaderAppender - RaftServer{raft-partition-1} - Sending AppendRequest{term=1, leader=2, prevLogIndex=1, prevLogTerm=1, entries=0, commitIndex=1} to 3
21:52:07.886 [raft-server-raft-partition-1] TRACE i.a.p.raft.roles.FollowerRole - RaftServer{raft-partition-1}{role=FOLLOWER} - Received AppendRequest{term=1, leader=2, prevLogIndex=1, prevLogTerm=1, entries=0, commitIndex=1}
21:52:07.886 [raft-server-raft-partition-1] TRACE i.a.p.raft.roles.FollowerRole - RaftServer{raft-partition-1}{role=FOLLOWER} - Sending AppendResponse{status=OK, term=1, succeeded=true, lastLogIndex=1}
21:52:07.886 [raft-server-raft-partition-1] TRACE i.a.p.raft.roles.LeaderAppender - RaftServer{raft-partition-1} - Received AppendResponse{status=OK, term=1, succeeded=true, lastLogIndex=1} from 3
21:52:07.891 [raft-server-raft-partition-3] DEBUG i.a.protocols.raft.impl.RaftContext - RaftServer{raft-partition-3} - Set term 2
21:52:07.891 [raft-server-raft-partition-3] DEBUG i.a.p.raft.roles.FollowerRole - RaftServer{raft-partition-3}{role=FOLLOWER} - Accepted VoteRequest{term=2, candidate=3, lastLogIndex=0, lastLogTerm=0}: candidate's log is up-to-date
21:52:07.891 [raft-server-raft-partition-3] TRACE i.a.p.raft.storage.system.MetaStore - Store vote 3
21:52:07.916 [raft-server-raft-partition-3] DEBUG i.a.protocols.raft.impl.RaftContext - RaftServer{raft-partition-3} - Voted for 3
21:52:07.916 [raft-server-raft-partition-3] TRACE i.a.p.raft.roles.FollowerRole - RaftServer{raft-partition-3}{role=FOLLOWER} - Sending VoteResponse{status=OK, term=2, voted=true}
21:52:07.916 [raft-server-raft-partition-3] DEBUG i.a.p.raft.roles.CandidateRole - RaftServer{raft-partition-3}{role=CANDIDATE} - Received successful vote from DefaultRaftMember{id=2, type=ACTIVE, updated=2018-06-10T19:52:01.389Z}
21:52:07.916 [raft-server-raft-partition-3] INFO  i.a.protocols.raft.impl.RaftContext - RaftServer{raft-partition-3} - Transitioning to LEADER
21:52:07.916 [raft-server-raft-partition-3] DEBUG i.a.p.raft.roles.CandidateRole - RaftServer{raft-partition-3}{role=CANDIDATE} - Cancelling election
21:52:07.916 [raft-server-raft-partition-3] INFO  i.a.protocols.raft.impl.RaftContext - RaftServer{raft-partition-3} - Found leader 3
21:52:07.916 [raft-server-raft-partition-3] TRACE i.a.p.raft.storage.system.MetaStore - Store vote null
21:52:07.917 [raft-server-system-partition-1] TRACE i.a.p.raft.roles.LeaderAppender - RaftServer{system-partition-1} - Sending AppendRequest{term=1, leader=1, prevLogIndex=13, prevLogTerm=1, entries=0, commitIndex=13} to 2
21:52:07.917 [raft-server-system-partition-1] TRACE i.a.p.raft.roles.LeaderAppender - RaftServer{system-partition-1} - Sending AppendRequest{term=1, leader=1, prevLogIndex=13, prevLogTerm=1, entries=0, commitIndex=13} to 3
21:52:07.917 [raft-server-system-partition-1] TRACE i.a.p.raft.roles.FollowerRole - RaftServer{system-partition-1}{role=FOLLOWER} - Received AppendRequest{term=1, leader=1, prevLogIndex=13, prevLogTerm=1, entries=0, commitIndex=13}
21:52:07.918 [raft-server-system-partition-1] TRACE i.a.p.raft.roles.FollowerRole - RaftServer{system-partition-1}{role=FOLLOWER} - Sending AppendResponse{status=OK, term=1, succeeded=true, lastLogIndex=13}
21:52:07.918 [raft-server-system-partition-1] TRACE i.a.p.raft.roles.FollowerRole - RaftServer{system-partition-1}{role=FOLLOWER} - Received AppendRequest{term=1, leader=1, prevLogIndex=13, prevLogTerm=1, entries=0, commitIndex=13}
21:52:07.918 [raft-server-system-partition-1] TRACE i.a.p.raft.roles.FollowerRole - RaftServer{system-partition-1}{role=FOLLOWER} - Sending AppendResponse{status=OK, term=1, succeeded=true, lastLogIndex=13}
21:52:07.918 [raft-server-system-partition-1] TRACE i.a.p.raft.roles.LeaderAppender - RaftServer{system-partition-1} - Received AppendResponse{status=OK, term=1, succeeded=true, lastLogIndex=13} from 2
21:52:07.918 [raft-server-system-partition-1] TRACE i.a.p.raft.roles.LeaderAppender - RaftServer{system-partition-1} - Sending AppendRequest{term=1, leader=1, prevLogIndex=13, prevLogTerm=1, entries=0, commitIndex=13} to 2
21:52:07.918 [raft-server-system-partition-1] TRACE i.a.p.raft.roles.LeaderAppender - RaftServer{system-partition-1} - Received AppendResponse{status=OK, term=1, succeeded=true, lastLogIndex=13} from 3
21:52:07.918 [raft-server-system-partition-1] TRACE i.a.p.raft.roles.LeaderAppender - RaftServer{system-partition-1} - Sending AppendRequest{term=1, leader=1, prevLogIndex=13, prevLogTerm=1, entries=0, commitIndex=13} to 3
21:52:07.918 [raft-server-system-partition-1] TRACE i.a.p.raft.roles.FollowerRole - RaftServer{system-partition-1}{role=FOLLOWER} - Received AppendRequest{term=1, leader=1, prevLogIndex=13, prevLogTerm=1, entries=0, commitIndex=13}
21:52:07.918 [raft-server-system-partition-1] TRACE i.a.p.raft.roles.FollowerRole - RaftServer{system-partition-1}{role=FOLLOWER} - Sending AppendResponse{status=OK, term=1, succeeded=true, lastLogIndex=13}
21:52:07.918 [raft-server-system-partition-1] TRACE i.a.p.raft.roles.FollowerRole - RaftServer{system-partition-1}{role=FOLLOWER} - Received AppendRequest{term=1, leader=1, prevLogIndex=13, prevLogTerm=1, entries=0, commitIndex=13}
21:52:07.918 [raft-server-system-partition-1] TRACE i.a.p.raft.roles.FollowerRole - RaftServer{system-partition-1}{role=FOLLOWER} - Sending AppendResponse{status=OK, term=1, succeeded=true, lastLogIndex=13}
21:52:07.918 [raft-server-system-partition-1] TRACE i.a.p.raft.roles.LeaderAppender - RaftServer{system-partition-1} - Received AppendResponse{status=OK, term=1, succeeded=true, lastLogIndex=13} from 3
21:52:07.918 [raft-server-system-partition-1] TRACE i.a.p.raft.roles.LeaderAppender - RaftServer{system-partition-1} - Received AppendResponse{status=OK, term=1, succeeded=true, lastLogIndex=13} from 2
21:52:07.959 [raft-server-raft-partition-5] TRACE i.a.p.raft.roles.LeaderAppender - RaftServer{raft-partition-5} - Sending AppendRequest{term=1, leader=3, prevLogIndex=1, prevLogTerm=1, entries=0, commitIndex=1} to 1
21:52:07.959 [raft-server-raft-partition-5] TRACE i.a.p.raft.roles.LeaderAppender - RaftServer{raft-partition-5} - Sending AppendRequest{term=1, leader=3, prevLogIndex=1, prevLogTerm=1, entries=0, commitIndex=1} to 2
21:52:07.959 [raft-server-raft-partition-7] TRACE i.a.p.raft.roles.LeaderAppender - RaftServer{raft-partition-7} - Sending AppendRequest{term=1, leader=2, prevLogIndex=1, prevLogTerm=1, entries=0, commitIndex=1} to 1
21:52:07.959 [raft-server-raft-partition-5] TRACE i.a.p.raft.roles.FollowerRole - RaftServer{raft-partition-5}{role=FOLLOWER} - Received AppendRequest{term=1, leader=3, prevLogIndex=1, prevLogTerm=1, entries=0, commitIndex=1}
21:52:07.959 [raft-server-raft-partition-7] TRACE i.a.p.raft.roles.LeaderAppender - RaftServer{raft-partition-7} - Sending AppendRequest{term=1, leader=2, prevLogIndex=1, prevLogTerm=1, entries=0, commitIndex=1} to 3
21:52:07.959 [raft-server-raft-partition-5] TRACE i.a.p.raft.roles.FollowerRole - RaftServer{raft-partition-5}{role=FOLLOWER} - Received AppendRequest{term=1, leader=3, prevLogIndex=1, prevLogTerm=1, entries=0, commitIndex=1}
21:52:07.959 [raft-server-raft-partition-5] TRACE i.a.p.raft.roles.FollowerRole - RaftServer{raft-partition-5}{role=FOLLOWER} - Sending AppendResponse{status=OK, term=1, succeeded=true, lastLogIndex=1}
21:52:07.959 [raft-server-raft-partition-5] TRACE i.a.p.raft.roles.FollowerRole - RaftServer{raft-partition-5}{role=FOLLOWER} - Sending AppendResponse{status=OK, term=1, succeeded=true, lastLogIndex=1}
21:52:07.959 [raft-server-raft-partition-7] TRACE i.a.p.raft.roles.FollowerRole - RaftServer{raft-partition-7}{role=FOLLOWER} - Received AppendRequest{term=1, leader=2, prevLogIndex=1, prevLogTerm=1, entries=0, commitIndex=1}
21:52:07.959 [raft-server-raft-partition-7] TRACE i.a.p.raft.roles.FollowerRole - RaftServer{raft-partition-7}{role=FOLLOWER} - Received AppendRequest{term=1, leader=2, prevLogIndex=1, prevLogTerm=1, entries=0, commitIndex=1}
21:52:07.959 [raft-server-raft-partition-7] TRACE i.a.p.raft.roles.FollowerRole - RaftServer{raft-partition-7}{role=FOLLOWER} - Sending AppendResponse{status=OK, term=1, succeeded=true, lastLogIndex=1}
21:52:07.959 [raft-server-raft-partition-5] TRACE i.a.p.raft.roles.LeaderAppender - RaftServer{raft-partition-5} - Received AppendResponse{status=OK, term=1, succeeded=true, lastLogIndex=1} from 1
21:52:07.960 [raft-server-raft-partition-7] TRACE i.a.p.raft.roles.FollowerRole - RaftServer{raft-partition-7}{role=FOLLOWER} - Sending AppendResponse{status=OK, term=1, succeeded=true, lastLogIndex=1}
21:52:07.960 [raft-server-raft-partition-5] TRACE i.a.p.raft.roles.LeaderAppender - RaftServer{raft-partition-5} - Sending AppendRequest{term=1, leader=3, prevLogIndex=1, prevLogTerm=1, entries=0, commitIndex=1} to 1
21:52:07.960 [raft-server-raft-partition-7] TRACE i.a.p.raft.roles.LeaderAppender - RaftServer{raft-partition-7} - Received AppendResponse{status=OK, term=1, succeeded=true, lastLogIndex=1} from 1
21:52:07.960 [raft-server-raft-partition-5] TRACE i.a.p.raft.roles.LeaderAppender - RaftServer{raft-partition-5} - Received AppendResponse{status=OK, term=1, succeeded=true, lastLogIndex=1} from 2
21:52:07.960 [raft-server-raft-partition-7] TRACE i.a.p.raft.roles.LeaderAppender - RaftServer{raft-partition-7} - Sending AppendRequest{term=1, leader=2, prevLogIndex=1, prevLogTerm=1, entries=0, commitIndex=1} to 1
21:52:07.960 [raft-server-raft-partition-5] TRACE i.a.p.raft.roles.LeaderAppender - RaftServer{raft-partition-5} - Sending AppendRequest{term=1, leader=3, prevLogIndex=1, prevLogTerm=1, entries=0, commitIndex=1} to 2
21:52:07.960 [raft-server-raft-partition-5] TRACE i.a.p.raft.roles.FollowerRole - RaftServer{raft-partition-5}{role=FOLLOWER} - Received AppendRequest{term=1, leader=3, prevLogIndex=1, prevLogTerm=1, entries=0, commitIndex=1}
21:52:07.960 [raft-server-raft-partition-7] TRACE i.a.p.raft.roles.LeaderAppender - RaftServer{raft-partition-7} - Received AppendResponse{status=OK, term=1, succeeded=true, lastLogIndex=1} from 3
21:52:07.960 [raft-server-raft-partition-5] TRACE i.a.p.raft.roles.FollowerRole - RaftServer{raft-partition-5}{role=FOLLOWER} - Sending AppendResponse{status=OK, term=1, succeeded=true, lastLogIndex=1}
21:52:07.960 [raft-server-raft-partition-7] TRACE i.a.p.raft.roles.FollowerRole - RaftServer{raft-partition-7}{role=FOLLOWER} - Received AppendRequest{term=1, leader=2, prevLogIndex=1, prevLogTerm=1, entries=0, commitIndex=1}
21:52:07.960 [raft-server-raft-partition-7] TRACE i.a.p.raft.roles.LeaderAppender - RaftServer{raft-partition-7} - Sending AppendRequest{term=1, leader=2, prevLogIndex=1, prevLogTerm=1, entries=0, commitIndex=1} to 3
21:52:07.960 [raft-server-raft-partition-5] TRACE i.a.p.raft.roles.FollowerRole - RaftServer{raft-partition-5}{role=FOLLOWER} - Received AppendRequest{term=1, leader=3, prevLogIndex=1, prevLogTerm=1, entries=0, commitIndex=1}
21:52:07.960 [raft-server-raft-partition-7] TRACE i.a.p.raft.roles.FollowerRole - RaftServer{raft-partition-7}{role=FOLLOWER} - Sending AppendResponse{status=OK, term=1, succeeded=true, lastLogIndex=1}
21:52:07.960 [raft-server-raft-partition-5] TRACE i.a.p.raft.roles.LeaderAppender - RaftServer{raft-partition-5} - Received AppendResponse{status=OK, term=1, succeeded=true, lastLogIndex=1} from 1
21:52:07.960 [raft-server-raft-partition-5] TRACE i.a.p.raft.roles.FollowerRole - RaftServer{raft-partition-5}{role=FOLLOWER} - Sending AppendResponse{status=OK, term=1, succeeded=true, lastLogIndex=1}
21:52:07.960 [raft-server-raft-partition-7] TRACE i.a.p.raft.roles.FollowerRole - RaftServer{raft-partition-7}{role=FOLLOWER} - Received AppendRequest{term=1, leader=2, prevLogIndex=1, prevLogTerm=1, entries=0, commitIndex=1}
21:52:07.961 [raft-server-raft-partition-7] TRACE i.a.p.raft.roles.LeaderAppender - RaftServer{raft-partition-7} - Received AppendResponse{status=OK, term=1, succeeded=true, lastLogIndex=1} from 1
21:52:07.961 [raft-server-raft-partition-7] TRACE i.a.p.raft.roles.FollowerRole - RaftServer{raft-partition-7}{role=FOLLOWER} - Sending AppendResponse{status=OK, term=1, succeeded=true, lastLogIndex=1}
21:52:07.961 [raft-server-raft-partition-5] TRACE i.a.p.raft.roles.LeaderAppender - RaftServer{raft-partition-5} - Received AppendResponse{status=OK, term=1, succeeded=true, lastLogIndex=1} from 2
21:52:07.961 [raft-server-raft-partition-7] TRACE i.a.p.raft.roles.LeaderAppender - RaftServer{raft-partition-7} - Received AppendResponse{status=OK, term=1, succeeded=true, lastLogIndex=1} from 3
21:52:07.974 [raft-server-raft-partition-3] TRACE i.a.protocols.raft.roles.LeaderRole - RaftServer{raft-partition-3}{role=LEADER} - Appended Indexed{index=1, entry=InitializeEntry{term=2, timestamp=2018-06-10 09:52:07,916}}
21:52:07.974 [raft-server-raft-partition-3] DEBUG i.a.p.raft.roles.LeaderAppender - RaftServer{raft-partition-3} - Configuring 1
21:52:07.974 [raft-server-raft-partition-3] TRACE i.a.p.raft.roles.LeaderAppender - RaftServer{raft-partition-3} - Sending ConfigureRequest{term=2, leader=3, index=0, timestamp=1528660321389, members=[DefaultRaftMember{id=1, type=ACTIVE, updated=2018-06-10T19:52:01.389Z}, DefaultRaftMember{id=2, type=ACTIVE, updated=2018-06-10T19:52:01.389Z}, DefaultRaftMember{id=3, type=ACTIVE, updated=2018-06-10T19:52:01.389Z}]} to 1
21:52:07.974 [raft-server-raft-partition-3] DEBUG i.a.p.raft.roles.LeaderAppender - RaftServer{raft-partition-3} - Configuring 2
21:52:07.974 [raft-server-raft-partition-3] TRACE i.a.p.raft.roles.LeaderAppender - RaftServer{raft-partition-3} - Sending ConfigureRequest{term=2, leader=3, index=0, timestamp=1528660321389, members=[DefaultRaftMember{id=1, type=ACTIVE, updated=2018-06-10T19:52:01.389Z}, DefaultRaftMember{id=2, type=ACTIVE, updated=2018-06-10T19:52:01.389Z}, DefaultRaftMember{id=3, type=ACTIVE, updated=2018-06-10T19:52:01.389Z}]} to 2
21:52:07.975 [raft-server-raft-partition-3] TRACE i.a.protocols.raft.roles.LeaderRole - RaftServer{raft-partition-3}{role=LEADER} - Starting append timer
21:52:07.975 [raft-server-raft-partition-3] TRACE i.a.p.raft.roles.FollowerRole - RaftServer{raft-partition-3}{role=FOLLOWER} - Received ConfigureRequest{term=2, leader=3, index=0, timestamp=1528660321389, members=[DefaultRaftMember{id=1, type=ACTIVE, updated=2018-06-10T19:52:01.389Z}, DefaultRaftMember{id=2, type=ACTIVE, updated=2018-06-10T19:52:01.389Z}, DefaultRaftMember{id=3, type=ACTIVE, updated=2018-06-10T19:52:01.389Z}]}
21:52:07.975 [raft-server-raft-partition-3] INFO  i.a.protocols.raft.impl.RaftContext - RaftServer{raft-partition-3} - Found leader 3
21:52:07.975 [raft-server-raft-partition-3] TRACE i.a.p.raft.storage.system.MetaStore - Store vote null
21:52:07.975 [raft-server-raft-partition-3] TRACE i.a.p.raft.roles.FollowerRole - RaftServer{raft-partition-3}{role=FOLLOWER} - Received ConfigureRequest{term=2, leader=3, index=0, timestamp=1528660321389, members=[DefaultRaftMember{id=1, type=ACTIVE, updated=2018-06-10T19:52:01.389Z}, DefaultRaftMember{id=2, type=ACTIVE, updated=2018-06-10T19:52:01.389Z}, DefaultRaftMember{id=3, type=ACTIVE, updated=2018-06-10T19:52:01.389Z}]}
21:52:07.975 [raft-server-raft-partition-3] INFO  i.a.protocols.raft.impl.RaftContext - RaftServer{raft-partition-3} - Found leader 3
21:52:07.975 [raft-server-raft-partition-3] TRACE i.a.p.raft.storage.system.MetaStore - Store vote null
21:52:07.993 [raft-server-raft-partition-4] TRACE i.a.p.raft.roles.LeaderAppender - RaftServer{raft-partition-4} - Sending AppendRequest{term=1, leader=1, prevLogIndex=1, prevLogTerm=1, entries=0, commitIndex=1} to 2
21:52:07.993 [raft-server-raft-partition-4] TRACE i.a.p.raft.roles.LeaderAppender - RaftServer{raft-partition-4} - Sending AppendRequest{term=1, leader=1, prevLogIndex=1, prevLogTerm=1, entries=0, commitIndex=1} to 3
21:52:07.993 [raft-server-raft-partition-4] TRACE i.a.p.raft.roles.FollowerRole - RaftServer{raft-partition-4}{role=FOLLOWER} - Received AppendRequest{term=1, leader=1, prevLogIndex=1, prevLogTerm=1, entries=0, commitIndex=1}
21:52:07.993 [raft-server-raft-partition-4] TRACE i.a.p.raft.roles.FollowerRole - RaftServer{raft-partition-4}{role=FOLLOWER} - Sending AppendResponse{status=OK, term=1, succeeded=true, lastLogIndex=1}
21:52:07.993 [raft-server-raft-partition-4] TRACE i.a.p.raft.roles.FollowerRole - RaftServer{raft-partition-4}{role=FOLLOWER} - Received AppendRequest{term=1, leader=1, prevLogIndex=1, prevLogTerm=1, entries=0, commitIndex=1}
21:52:07.993 [raft-server-raft-partition-4] TRACE i.a.p.raft.roles.FollowerRole - RaftServer{raft-partition-4}{role=FOLLOWER} - Sending AppendResponse{status=OK, term=1, succeeded=true, lastLogIndex=1}
21:52:07.993 [raft-server-raft-partition-4] TRACE i.a.p.raft.roles.LeaderAppender - RaftServer{raft-partition-4} - Received AppendResponse{status=OK, term=1, succeeded=true, lastLogIndex=1} from 2
21:52:07.993 [raft-server-raft-partition-4] TRACE i.a.p.raft.roles.LeaderAppender - RaftServer{raft-partition-4} - Sending AppendRequest{term=1, leader=1, prevLogIndex=1, prevLogTerm=1, entries=0, commitIndex=1} to 2
21:52:07.994 [raft-server-raft-partition-4] TRACE i.a.p.raft.roles.LeaderAppender - RaftServer{raft-partition-4} - Received AppendResponse{status=OK, term=1, succeeded=true, lastLogIndex=1} from 3
21:52:07.994 [raft-server-raft-partition-4] TRACE i.a.p.raft.roles.LeaderAppender - RaftServer{raft-partition-4} - Sending AppendRequest{term=1, leader=1, prevLogIndex=1, prevLogTerm=1, entries=0, commitIndex=1} to 3
21:52:07.994 [raft-server-raft-partition-4] TRACE i.a.p.raft.roles.FollowerRole - RaftServer{raft-partition-4}{role=FOLLOWER} - Received AppendRequest{term=1, leader=1, prevLogIndex=1, prevLogTerm=1, entries=0, commitIndex=1}
21:52:07.994 [raft-server-raft-partition-4] TRACE i.a.p.raft.roles.FollowerRole - RaftServer{raft-partition-4}{role=FOLLOWER} - Sending AppendResponse{status=OK, term=1, succeeded=true, lastLogIndex=1}
21:52:07.994 [raft-server-raft-partition-4] TRACE i.a.p.raft.roles.FollowerRole - RaftServer{raft-partition-4}{role=FOLLOWER} - Received AppendRequest{term=1, leader=1, prevLogIndex=1, prevLogTerm=1, entries=0, commitIndex=1}
21:52:07.994 [raft-server-raft-partition-4] TRACE i.a.p.raft.roles.FollowerRole - RaftServer{raft-partition-4}{role=FOLLOWER} - Sending AppendResponse{status=OK, term=1, succeeded=true, lastLogIndex=1}
21:52:07.994 [raft-server-raft-partition-4] TRACE i.a.p.raft.roles.LeaderAppender - RaftServer{raft-partition-4} - Received AppendResponse{status=OK, term=1, succeeded=true, lastLogIndex=1} from 2
21:52:07.994 [raft-server-raft-partition-4] TRACE i.a.p.raft.roles.LeaderAppender - RaftServer{raft-partition-4} - Sending AppendRequest{term=1, leader=1, prevLogIndex=1, prevLogTerm=1, entries=0, commitIndex=1} to 2
21:52:07.994 [raft-server-raft-partition-4] TRACE i.a.p.raft.roles.LeaderAppender - RaftServer{raft-partition-4} - Received AppendResponse{status=OK, term=1, succeeded=true, lastLogIndex=1} from 3
21:52:07.994 [raft-server-raft-partition-4] TRACE i.a.p.raft.roles.FollowerRole - RaftServer{raft-partition-4}{role=FOLLOWER} - Received AppendRequest{term=1, leader=1, prevLogIndex=1, prevLogTerm=1, entries=0, commitIndex=1}
21:52:07.994 [raft-server-raft-partition-4] TRACE i.a.p.raft.roles.FollowerRole - RaftServer{raft-partition-4}{role=FOLLOWER} - Sending AppendResponse{status=OK, term=1, succeeded=true, lastLogIndex=1}
21:52:07.994 [raft-server-raft-partition-4] TRACE i.a.p.raft.roles.LeaderAppender - RaftServer{raft-partition-4} - Received AppendResponse{status=OK, term=1, succeeded=true, lastLogIndex=1} from 2
21:52:07.999 [raft-server-raft-partition-3] TRACE i.a.p.raft.roles.FollowerRole - RaftServer{raft-partition-3}{role=FOLLOWER} - Sending ConfigureResponse{status=OK}
21:52:07.999 [raft-server-raft-partition-3] TRACE i.a.p.raft.roles.LeaderAppender - RaftServer{raft-partition-3} - Received ConfigureResponse{status=OK} from 1
21:52:08.024 [raft-server-raft-partition-3] TRACE i.a.p.raft.roles.FollowerRole - RaftServer{raft-partition-3}{role=FOLLOWER} - Sending ConfigureResponse{status=OK}
21:52:08.024 [raft-server-raft-partition-3] TRACE i.a.p.raft.roles.LeaderAppender - RaftServer{raft-partition-3} - Received ConfigureResponse{status=OK} from 2
21:52:08.068 [raft-server-raft-partition-2] TRACE i.a.p.raft.roles.LeaderAppender - RaftServer{raft-partition-2} - Sending AppendRequest{term=1, leader=1, prevLogIndex=1, prevLogTerm=1, entries=0, commitIndex=1} to 2
21:52:08.068 [raft-server-raft-partition-2] TRACE i.a.p.raft.roles.LeaderAppender - RaftServer{raft-partition-2} - Sending AppendRequest{term=1, leader=1, prevLogIndex=1, prevLogTerm=1, entries=0, commitIndex=1} to 3
21:52:08.068 [raft-server-raft-partition-2] TRACE i.a.p.raft.roles.FollowerRole - RaftServer{raft-partition-2}{role=FOLLOWER} - Received AppendRequest{term=1, leader=1, prevLogIndex=1, prevLogTerm=1, entries=0, commitIndex=1}
21:52:08.068 [raft-server-raft-partition-2] TRACE i.a.p.raft.roles.FollowerRole - RaftServer{raft-partition-2}{role=FOLLOWER} - Received AppendRequest{term=1, leader=1, prevLogIndex=1, prevLogTerm=1, entries=0, commitIndex=1}
21:52:08.068 [raft-server-raft-partition-2] TRACE i.a.p.raft.roles.FollowerRole - RaftServer{raft-partition-2}{role=FOLLOWER} - Sending AppendResponse{status=OK, term=1, succeeded=true, lastLogIndex=1}
21:52:08.068 [raft-server-raft-partition-2] TRACE i.a.p.raft.roles.FollowerRole - RaftServer{raft-partition-2}{role=FOLLOWER} - Sending AppendResponse{status=OK, term=1, succeeded=true, lastLogIndex=1}
21:52:08.068 [raft-server-raft-partition-2] TRACE i.a.p.raft.roles.LeaderAppender - RaftServer{raft-partition-2} - Received AppendResponse{status=OK, term=1, succeeded=true, lastLogIndex=1} from 3
21:52:08.068 [raft-server-raft-partition-2] TRACE i.a.p.raft.roles.LeaderAppender - RaftServer{raft-partition-2} - Received AppendResponse{status=OK, term=1, succeeded=true, lastLogIndex=1} from 2
21:52:08.076 [raft-server-raft-partition-6] TRACE i.a.p.raft.roles.LeaderAppender - RaftServer{raft-partition-6} - Sending AppendRequest{term=1, leader=1, prevLogIndex=1, prevLogTerm=1, entries=0, commitIndex=1} to 2
21:52:08.076 [raft-server-raft-partition-6] TRACE i.a.p.raft.roles.LeaderAppender - RaftServer{raft-partition-6} - Sending AppendRequest{term=1, leader=1, prevLogIndex=1, prevLogTerm=1, entries=0, commitIndex=1} to 3
21:52:08.076 [raft-server-raft-partition-6] TRACE i.a.p.raft.roles.FollowerRole - RaftServer{raft-partition-6}{role=FOLLOWER} - Received AppendRequest{term=1, leader=1, prevLogIndex=1, prevLogTerm=1, entries=0, commitIndex=1}
21:52:08.076 [raft-server-raft-partition-6] TRACE i.a.p.raft.roles.FollowerRole - RaftServer{raft-partition-6}{role=FOLLOWER} - Received AppendRequest{term=1, leader=1, prevLogIndex=1, prevLogTerm=1, entries=0, commitIndex=1}
21:52:08.076 [raft-server-raft-partition-6] TRACE i.a.p.raft.roles.FollowerRole - RaftServer{raft-partition-6}{role=FOLLOWER} - Sending AppendResponse{status=OK, term=1, succeeded=true, lastLogIndex=1}
21:52:08.076 [raft-server-raft-partition-6] TRACE i.a.p.raft.roles.FollowerRole - RaftServer{raft-partition-6}{role=FOLLOWER} - Sending AppendResponse{status=OK, term=1, succeeded=true, lastLogIndex=1}
21:52:08.076 [raft-server-raft-partition-6] TRACE i.a.p.raft.roles.LeaderAppender - RaftServer{raft-partition-6} - Received AppendResponse{status=OK, term=1, succeeded=true, lastLogIndex=1} from 3
21:52:08.076 [raft-server-raft-partition-6] TRACE i.a.p.raft.roles.LeaderAppender - RaftServer{raft-partition-6} - Sending AppendRequest{term=1, leader=1, prevLogIndex=1, prevLogTerm=1, entries=0, commitIndex=1} to 3
21:52:08.076 [raft-server-raft-partition-6] TRACE i.a.p.raft.roles.LeaderAppender - RaftServer{raft-partition-6} - Received AppendResponse{status=OK, term=1, succeeded=true, lastLogIndex=1} from 2
21:52:08.076 [raft-server-raft-partition-6] TRACE i.a.p.raft.roles.LeaderAppender - RaftServer{raft-partition-6} - Sending AppendRequest{term=1, leader=1, prevLogIndex=1, prevLogTerm=1, entries=0, commitIndex=1} to 2
21:52:08.077 [raft-server-raft-partition-6] TRACE i.a.p.raft.roles.FollowerRole - RaftServer{raft-partition-6}{role=FOLLOWER} - Received AppendRequest{term=1, leader=1, prevLogIndex=1, prevLogTerm=1, entries=0, commitIndex=1}
21:52:08.077 [raft-server-raft-partition-6] TRACE i.a.p.raft.roles.FollowerRole - RaftServer{raft-partition-6}{role=FOLLOWER} - Received AppendRequest{term=1, leader=1, prevLogIndex=1, prevLogTerm=1, entries=0, commitIndex=1}
21:52:08.077 [raft-server-raft-partition-6] TRACE i.a.p.raft.roles.FollowerRole - RaftServer{raft-partition-6}{role=FOLLOWER} - Sending AppendResponse{status=OK, term=1, succeeded=true, lastLogIndex=1}
21:52:08.077 [raft-server-raft-partition-6] TRACE i.a.p.raft.roles.FollowerRole - RaftServer{raft-partition-6}{role=FOLLOWER} - Sending AppendResponse{status=OK, term=1, succeeded=true, lastLogIndex=1}
21:52:08.077 [raft-server-raft-partition-6] TRACE i.a.p.raft.roles.LeaderAppender - RaftServer{raft-partition-6} - Received AppendResponse{status=OK, term=1, succeeded=true, lastLogIndex=1} from 2
21:52:08.077 [raft-server-raft-partition-6] TRACE i.a.p.raft.roles.LeaderAppender - RaftServer{raft-partition-6} - Sending AppendRequest{term=1, leader=1, prevLogIndex=1, prevLogTerm=1, entries=0, commitIndex=1} to 2
21:52:08.077 [raft-server-raft-partition-6] TRACE i.a.p.raft.roles.LeaderAppender - RaftServer{raft-partition-6} - Received AppendResponse{status=OK, term=1, succeeded=true, lastLogIndex=1} from 3
21:52:08.077 [raft-server-raft-partition-6] TRACE i.a.p.raft.roles.LeaderAppender - RaftServer{raft-partition-6} - Sending AppendRequest{term=1, leader=1, prevLogIndex=1, prevLogTerm=1, entries=0, commitIndex=1} to 3
21:52:08.077 [raft-server-raft-partition-6] TRACE i.a.p.raft.roles.FollowerRole - RaftServer{raft-partition-6}{role=FOLLOWER} - Received AppendRequest{term=1, leader=1, prevLogIndex=1, prevLogTerm=1, entries=0, commitIndex=1}
21:52:08.077 [raft-server-raft-partition-6] TRACE i.a.p.raft.roles.FollowerRole - RaftServer{raft-partition-6}{role=FOLLOWER} - Sending AppendResponse{status=OK, term=1, succeeded=true, lastLogIndex=1}
21:52:08.077 [raft-server-raft-partition-6] TRACE i.a.p.raft.roles.FollowerRole - RaftServer{raft-partition-6}{role=FOLLOWER} - Received AppendRequest{term=1, leader=1, prevLogIndex=1, prevLogTerm=1, entries=0, commitIndex=1}
21:52:08.077 [raft-server-raft-partition-6] TRACE i.a.p.raft.roles.FollowerRole - RaftServer{raft-partition-6}{role=FOLLOWER} - Sending AppendResponse{status=OK, term=1, succeeded=true, lastLogIndex=1}
21:52:08.077 [raft-server-raft-partition-6] TRACE i.a.p.raft.roles.LeaderAppender - RaftServer{raft-partition-6} - Received AppendResponse{status=OK, term=1, succeeded=true, lastLogIndex=1} from 2
21:52:08.077 [raft-server-raft-partition-6] TRACE i.a.p.raft.roles.LeaderAppender - RaftServer{raft-partition-6} - Received AppendResponse{status=OK, term=1, succeeded=true, lastLogIndex=1} from 3
21:52:08.134 [raft-server-raft-partition-1] TRACE i.a.p.raft.roles.LeaderAppender - RaftServer{raft-partition-1} - Sending AppendRequest{term=1, leader=2, prevLogIndex=1, prevLogTerm=1, entries=0, commitIndex=1} to 3
21:52:08.135 [raft-server-raft-partition-1] TRACE i.a.p.raft.roles.FollowerRole - RaftServer{raft-partition-1}{role=FOLLOWER} - Received AppendRequest{term=1, leader=2, prevLogIndex=1, prevLogTerm=1, entries=0, commitIndex=1}
21:52:08.135 [raft-server-raft-partition-1] TRACE i.a.p.raft.roles.FollowerRole - RaftServer{raft-partition-1}{role=FOLLOWER} - Sending AppendResponse{status=OK, term=1, succeeded=true, lastLogIndex=1}
21:52:08.135 [raft-server-raft-partition-1] TRACE i.a.p.raft.roles.LeaderAppender - RaftServer{raft-partition-1} - Received AppendResponse{status=OK, term=1, succeeded=true, lastLogIndex=1} from 3
21:52:08.135 [raft-server-raft-partition-1] TRACE i.a.p.raft.roles.LeaderAppender - RaftServer{raft-partition-1} - Sending AppendRequest{term=1, leader=2, prevLogIndex=1, prevLogTerm=1, entries=0, commitIndex=1} to 3
21:52:08.135 [raft-server-raft-partition-1] TRACE i.a.p.raft.roles.FollowerRole - RaftServer{raft-partition-1}{role=FOLLOWER} - Received AppendRequest{term=1, leader=2, prevLogIndex=1, prevLogTerm=1, entries=0, commitIndex=1}
21:52:08.135 [raft-server-raft-partition-1] TRACE i.a.p.raft.roles.FollowerRole - RaftServer{raft-partition-1}{role=FOLLOWER} - Sending AppendResponse{status=OK, term=1, succeeded=true, lastLogIndex=1}
21:52:08.135 [raft-server-raft-partition-1] TRACE i.a.p.raft.roles.LeaderAppender - RaftServer{raft-partition-1} - Received AppendResponse{status=OK, term=1, succeeded=true, lastLogIndex=1} from 3
21:52:08.167 [raft-server-system-partition-1] TRACE i.a.p.raft.roles.LeaderAppender - RaftServer{system-partition-1} - Sending AppendRequest{term=1, leader=1, prevLogIndex=13, prevLogTerm=1, entries=0, commitIndex=13} to 2
21:52:08.167 [raft-server-system-partition-1] TRACE i.a.p.raft.roles.LeaderAppender - RaftServer{system-partition-1} - Sending AppendRequest{term=1, leader=1, prevLogIndex=13, prevLogTerm=1, entries=0, commitIndex=13} to 3
21:52:08.168 [raft-server-system-partition-1] TRACE i.a.p.raft.roles.FollowerRole - RaftServer{system-partition-1}{role=FOLLOWER} - Received AppendRequest{term=1, leader=1, prevLogIndex=13, prevLogTerm=1, entries=0, commitIndex=13}
21:52:08.168 [raft-server-system-partition-1] TRACE i.a.p.raft.roles.FollowerRole - RaftServer{system-partition-1}{role=FOLLOWER} - Received AppendRequest{term=1, leader=1, prevLogIndex=13, prevLogTerm=1, entries=0, commitIndex=13}
21:52:08.168 [raft-server-system-partition-1] TRACE i.a.p.raft.roles.FollowerRole - RaftServer{system-partition-1}{role=FOLLOWER} - Sending AppendResponse{status=OK, term=1, succeeded=true, lastLogIndex=13}
21:52:08.168 [raft-server-system-partition-1] TRACE i.a.p.raft.roles.FollowerRole - RaftServer{system-partition-1}{role=FOLLOWER} - Sending AppendResponse{status=OK, term=1, succeeded=true, lastLogIndex=13}
21:52:08.168 [raft-server-system-partition-1] TRACE i.a.p.raft.roles.LeaderAppender - RaftServer{system-partition-1} - Received AppendResponse{status=OK, term=1, succeeded=true, lastLogIndex=13} from 3
21:52:08.168 [raft-server-system-partition-1] TRACE i.a.p.raft.roles.LeaderAppender - RaftServer{system-partition-1} - Sending AppendRequest{term=1, leader=1, prevLogIndex=13, prevLogTerm=1, entries=0, commitIndex=13} to 3
21:52:08.168 [raft-server-system-partition-1] TRACE i.a.p.raft.roles.LeaderAppender - RaftServer{system-partition-1} - Received AppendResponse{status=OK, term=1, succeeded=true, lastLogIndex=13} from 2
21:52:08.168 [raft-server-system-partition-1] TRACE i.a.p.raft.roles.LeaderAppender - RaftServer{system-partition-1} - Sending AppendRequest{term=1, leader=1, prevLogIndex=13, prevLogTerm=1, entries=0, commitIndex=13} to 2
21:52:08.168 [raft-server-system-partition-1] TRACE i.a.p.raft.roles.FollowerRole - RaftServer{system-partition-1}{role=FOLLOWER} - Received AppendRequest{term=1, leader=1, prevLogIndex=13, prevLogTerm=1, entries=0, commitIndex=13}
21:52:08.168 [raft-server-system-partition-1] TRACE i.a.p.raft.roles.FollowerRole - RaftServer{system-partition-1}{role=FOLLOWER} - Sending AppendResponse{status=OK, term=1, succeeded=true, lastLogIndex=13}
21:52:08.168 [raft-server-system-partition-1] TRACE i.a.p.raft.roles.FollowerRole - RaftServer{system-partition-1}{role=FOLLOWER} - Received AppendRequest{term=1, leader=1, prevLogIndex=13, prevLogTerm=1, entries=0, commitIndex=13}
21:52:08.168 [raft-server-system-partition-1] TRACE i.a.p.raft.roles.FollowerRole - RaftServer{system-partition-1}{role=FOLLOWER} - Sending AppendResponse{status=OK, term=1, succeeded=true, lastLogIndex=13}
21:52:08.168 [raft-server-system-partition-1] TRACE i.a.p.raft.roles.LeaderAppender - RaftServer{system-partition-1} - Received AppendResponse{status=OK, term=1, succeeded=true, lastLogIndex=13} from 3
21:52:08.169 [raft-server-system-partition-1] TRACE i.a.p.raft.roles.LeaderAppender - RaftServer{system-partition-1} - Received AppendResponse{status=OK, term=1, succeeded=true, lastLogIndex=13} from 2
21:52:08.209 [raft-server-raft-partition-5] TRACE i.a.p.raft.roles.LeaderAppender - RaftServer{raft-partition-5} - Sending AppendRequest{term=1, leader=3, prevLogIndex=1, prevLogTerm=1, entries=0, commitIndex=1} to 1
21:52:08.209 [raft-server-raft-partition-5] TRACE i.a.p.raft.roles.LeaderAppender - RaftServer{raft-partition-5} - Sending AppendRequest{term=1, leader=3, prevLogIndex=1, prevLogTerm=1, entries=0, commitIndex=1} to 2
21:52:08.209 [raft-server-raft-partition-5] TRACE i.a.p.raft.roles.FollowerRole - RaftServer{raft-partition-5}{role=FOLLOWER} - Received AppendRequest{term=1, leader=3, prevLogIndex=1, prevLogTerm=1, entries=0, commitIndex=1}
21:52:08.209 [raft-server-raft-partition-5] TRACE i.a.p.raft.roles.FollowerRole - RaftServer{raft-partition-5}{role=FOLLOWER} - Sending AppendResponse{status=OK, term=1, succeeded=true, lastLogIndex=1}
21:52:08.209 [raft-server-raft-partition-7] TRACE i.a.p.raft.roles.LeaderAppender - RaftServer{raft-partition-7} - Sending AppendRequest{term=1, leader=2, prevLogIndex=1, prevLogTerm=1, entries=0, commitIndex=1} to 1
21:52:08.209 [raft-server-raft-partition-7] TRACE i.a.p.raft.roles.LeaderAppender - RaftServer{raft-partition-7} - Sending AppendRequest{term=1, leader=2, prevLogIndex=1, prevLogTerm=1, entries=0, commitIndex=1} to 3
21:52:08.209 [raft-server-raft-partition-5] TRACE i.a.p.raft.roles.FollowerRole - RaftServer{raft-partition-5}{role=FOLLOWER} - Received AppendRequest{term=1, leader=3, prevLogIndex=1, prevLogTerm=1, entries=0, commitIndex=1}
21:52:08.209 [raft-server-raft-partition-5] TRACE i.a.p.raft.roles.FollowerRole - RaftServer{raft-partition-5}{role=FOLLOWER} - Sending AppendResponse{status=OK, term=1, succeeded=true, lastLogIndex=1}
21:52:08.209 [raft-server-raft-partition-5] TRACE i.a.p.raft.roles.LeaderAppender - RaftServer{raft-partition-5} - Received AppendResponse{status=OK, term=1, succeeded=true, lastLogIndex=1} from 1
21:52:08.209 [raft-server-raft-partition-7] TRACE i.a.p.raft.roles.FollowerRole - RaftServer{raft-partition-7}{role=FOLLOWER} - Received AppendRequest{term=1, leader=2, prevLogIndex=1, prevLogTerm=1, entries=0, commitIndex=1}
21:52:08.209 [raft-server-raft-partition-7] TRACE i.a.p.raft.roles.FollowerRole - RaftServer{raft-partition-7}{role=FOLLOWER} - Received AppendRequest{term=1, leader=2, prevLogIndex=1, prevLogTerm=1, entries=0, commitIndex=1}
21:52:08.209 [raft-server-raft-partition-5] TRACE i.a.p.raft.roles.LeaderAppender - RaftServer{raft-partition-5} - Sending AppendRequest{term=1, leader=3, prevLogIndex=1, prevLogTerm=1, entries=0, commitIndex=1} to 1
21:52:08.209 [raft-server-raft-partition-7] TRACE i.a.p.raft.roles.FollowerRole - RaftServer{raft-partition-7}{role=FOLLOWER} - Sending AppendResponse{status=OK, term=1, succeeded=true, lastLogIndex=1}
21:52:08.209 [raft-server-raft-partition-7] TRACE i.a.p.raft.roles.FollowerRole - RaftServer{raft-partition-7}{role=FOLLOWER} - Sending AppendResponse{status=OK, term=1, succeeded=true, lastLogIndex=1}
21:52:08.210 [raft-server-raft-partition-5] TRACE i.a.p.raft.roles.LeaderAppender - RaftServer{raft-partition-5} - Received AppendResponse{status=OK, term=1, succeeded=true, lastLogIndex=1} from 2
21:52:08.210 [raft-server-raft-partition-5] TRACE i.a.p.raft.roles.LeaderAppender - RaftServer{raft-partition-5} - Sending AppendRequest{term=1, leader=3, prevLogIndex=1, prevLogTerm=1, entries=0, commitIndex=1} to 2
21:52:08.210 [raft-server-raft-partition-7] TRACE i.a.p.raft.roles.LeaderAppender - RaftServer{raft-partition-7} - Received AppendResponse{status=OK, term=1, succeeded=true, lastLogIndex=1} from 1
21:52:08.210 [raft-server-raft-partition-5] TRACE i.a.p.raft.roles.FollowerRole - RaftServer{raft-partition-5}{role=FOLLOWER} - Received AppendRequest{term=1, leader=3, prevLogIndex=1, prevLogTerm=1, entries=0, commitIndex=1}
21:52:08.210 [raft-server-raft-partition-7] TRACE i.a.p.raft.roles.LeaderAppender - RaftServer{raft-partition-7} - Sending AppendRequest{term=1, leader=2, prevLogIndex=1, prevLogTerm=1, entries=0, commitIndex=1} to 1
21:52:08.210 [raft-server-raft-partition-5] TRACE i.a.p.raft.roles.FollowerRole - RaftServer{raft-partition-5}{role=FOLLOWER} - Sending AppendResponse{status=OK, term=1, succeeded=true, lastLogIndex=1}
21:52:08.210 [raft-server-raft-partition-7] TRACE i.a.p.raft.roles.LeaderAppender - RaftServer{raft-partition-7} - Received AppendResponse{status=OK, term=1, succeeded=true, lastLogIndex=1} from 3
21:52:08.210 [raft-server-raft-partition-5] TRACE i.a.p.raft.roles.FollowerRole - RaftServer{raft-partition-5}{role=FOLLOWER} - Received AppendRequest{term=1, leader=3, prevLogIndex=1, prevLogTerm=1, entries=0, commitIndex=1}
21:52:08.210 [raft-server-raft-partition-7] TRACE i.a.p.raft.roles.FollowerRole - RaftServer{raft-partition-7}{role=FOLLOWER} - Received AppendRequest{term=1, leader=2, prevLogIndex=1, prevLogTerm=1, entries=0, commitIndex=1}
21:52:08.210 [raft-server-raft-partition-7] TRACE i.a.p.raft.roles.LeaderAppender - RaftServer{raft-partition-7} - Sending AppendRequest{term=1, leader=2, prevLogIndex=1, prevLogTerm=1, entries=0, commitIndex=1} to 3
21:52:08.210 [raft-server-raft-partition-5] TRACE i.a.p.raft.roles.LeaderAppender - RaftServer{raft-partition-5} - Received AppendResponse{status=OK, term=1, succeeded=true, lastLogIndex=1} from 1
21:52:08.210 [raft-server-raft-partition-5] TRACE i.a.p.raft.roles.FollowerRole - RaftServer{raft-partition-5}{role=FOLLOWER} - Sending AppendResponse{status=OK, term=1, succeeded=true, lastLogIndex=1}
21:52:08.210 [raft-server-raft-partition-7] TRACE i.a.p.raft.roles.FollowerRole - RaftServer{raft-partition-7}{role=FOLLOWER} - Sending AppendResponse{status=OK, term=1, succeeded=true, lastLogIndex=1}
21:52:08.210 [raft-server-raft-partition-5] TRACE i.a.p.raft.roles.LeaderAppender - RaftServer{raft-partition-5} - Sending AppendRequest{term=1, leader=3, prevLogIndex=1, prevLogTerm=1, entries=0, commitIndex=1} to 1
21:52:08.210 [raft-server-raft-partition-7] TRACE i.a.p.raft.roles.FollowerRole - RaftServer{raft-partition-7}{role=FOLLOWER} - Received AppendRequest{term=1, leader=2, prevLogIndex=1, prevLogTerm=1, entries=0, commitIndex=1}
21:52:08.211 [raft-server-raft-partition-5] TRACE i.a.p.raft.roles.LeaderAppender - RaftServer{raft-partition-5} - Received AppendResponse{status=OK, term=1, succeeded=true, lastLogIndex=1} from 2
21:52:08.211 [raft-server-raft-partition-7] TRACE i.a.p.raft.roles.FollowerRole - RaftServer{raft-partition-7}{role=FOLLOWER} - Sending AppendResponse{status=OK, term=1, succeeded=true, lastLogIndex=1}
21:52:08.211 [raft-server-raft-partition-7] TRACE i.a.p.raft.roles.LeaderAppender - RaftServer{raft-partition-7} - Received AppendResponse{status=OK, term=1, succeeded=true, lastLogIndex=1} from 1
21:52:08.211 [raft-server-raft-partition-5] TRACE i.a.p.raft.roles.FollowerRole - RaftServer{raft-partition-5}{role=FOLLOWER} - Received AppendRequest{term=1, leader=3, prevLogIndex=1, prevLogTerm=1, entries=0, commitIndex=1}
21:52:08.211 [raft-server-raft-partition-5] TRACE i.a.p.raft.roles.FollowerRole - RaftServer{raft-partition-5}{role=FOLLOWER} - Sending AppendResponse{status=OK, term=1, succeeded=true, lastLogIndex=1}
21:52:08.211 [raft-server-raft-partition-7] TRACE i.a.p.raft.roles.LeaderAppender - RaftServer{raft-partition-7} - Received AppendResponse{status=OK, term=1, succeeded=true, lastLogIndex=1} from 3
21:52:08.211 [raft-server-raft-partition-5] TRACE i.a.p.raft.roles.LeaderAppender - RaftServer{raft-partition-5} - Received AppendResponse{status=OK, term=1, succeeded=true, lastLogIndex=1} from 1
21:52:08.243 [raft-server-raft-partition-4] TRACE i.a.p.raft.roles.LeaderAppender - RaftServer{raft-partition-4} - Sending AppendRequest{term=1, leader=1, prevLogIndex=1, prevLogTerm=1, entries=0, commitIndex=1} to 2
21:52:08.243 [raft-server-raft-partition-4] TRACE i.a.p.raft.roles.LeaderAppender - RaftServer{raft-partition-4} - Sending AppendRequest{term=1, leader=1, prevLogIndex=1, prevLogTerm=1, entries=0, commitIndex=1} to 3
21:52:08.243 [raft-server-raft-partition-4] TRACE i.a.p.raft.roles.FollowerRole - RaftServer{raft-partition-4}{role=FOLLOWER} - Received AppendRequest{term=1, leader=1, prevLogIndex=1, prevLogTerm=1, entries=0, commitIndex=1}
21:52:08.243 [raft-server-raft-partition-4] TRACE i.a.p.raft.roles.FollowerRole - RaftServer{raft-partition-4}{role=FOLLOWER} - Sending AppendResponse{status=OK, term=1, succeeded=true, lastLogIndex=1}
21:52:08.243 [raft-server-raft-partition-4] TRACE i.a.p.raft.roles.FollowerRole - RaftServer{raft-partition-4}{role=FOLLOWER} - Received AppendRequest{term=1, leader=1, prevLogIndex=1, prevLogTerm=1, entries=0, commitIndex=1}
21:52:08.243 [raft-server-raft-partition-4] TRACE i.a.p.raft.roles.FollowerRole - RaftServer{raft-partition-4}{role=FOLLOWER} - Sending AppendResponse{status=OK, term=1, succeeded=true, lastLogIndex=1}
21:52:08.244 [raft-server-raft-partition-4] TRACE i.a.p.raft.roles.LeaderAppender - RaftServer{raft-partition-4} - Received AppendResponse{status=OK, term=1, succeeded=true, lastLogIndex=1} from 2
21:52:08.244 [raft-server-raft-partition-4] TRACE i.a.p.raft.roles.LeaderAppender - RaftServer{raft-partition-4} - Sending AppendRequest{term=1, leader=1, prevLogIndex=1, prevLogTerm=1, entries=0, commitIndex=1} to 2
21:52:08.244 [raft-server-raft-partition-4] TRACE i.a.p.raft.roles.LeaderAppender - RaftServer{raft-partition-4} - Received AppendResponse{status=OK, term=1, succeeded=true, lastLogIndex=1} from 3
21:52:08.244 [raft-server-raft-partition-4] TRACE i.a.p.raft.roles.LeaderAppender - RaftServer{raft-partition-4} - Sending AppendRequest{term=1, leader=1, prevLogIndex=1, prevLogTerm=1, entries=0, commitIndex=1} to 3
21:52:08.244 [raft-server-raft-partition-4] TRACE i.a.p.raft.roles.FollowerRole - RaftServer{raft-partition-4}{role=FOLLOWER} - Received AppendRequest{term=1, leader=1, prevLogIndex=1, prevLogTerm=1, entries=0, commitIndex=1}
21:52:08.244 [raft-server-raft-partition-4] TRACE i.a.p.raft.roles.FollowerRole - RaftServer{raft-partition-4}{role=FOLLOWER} - Sending AppendResponse{status=OK, term=1, succeeded=true, lastLogIndex=1}
21:52:08.244 [raft-server-raft-partition-4] TRACE i.a.p.raft.roles.FollowerRole - RaftServer{raft-partition-4}{role=FOLLOWER} - Received AppendRequest{term=1, leader=1, prevLogIndex=1, prevLogTerm=1, entries=0, commitIndex=1}
21:52:08.244 [raft-server-raft-partition-4] TRACE i.a.p.raft.roles.FollowerRole - RaftServer{raft-partition-4}{role=FOLLOWER} - Sending AppendResponse{status=OK, term=1, succeeded=true, lastLogIndex=1}
21:52:08.244 [raft-server-raft-partition-4] TRACE i.a.p.raft.roles.LeaderAppender - RaftServer{raft-partition-4} - Received AppendResponse{status=OK, term=1, succeeded=true, lastLogIndex=1} from 2
21:52:08.244 [raft-server-raft-partition-4] TRACE i.a.p.raft.roles.LeaderAppender - RaftServer{raft-partition-4} - Received AppendResponse{status=OK, term=1, succeeded=true, lastLogIndex=1} from 3
21:52:08.318 [raft-server-raft-partition-2] TRACE i.a.p.raft.roles.LeaderAppender - RaftServer{raft-partition-2} - Sending AppendRequest{term=1, leader=1, prevLogIndex=1, prevLogTerm=1, entries=0, commitIndex=1} to 2
21:52:08.318 [raft-server-raft-partition-2] TRACE i.a.p.raft.roles.LeaderAppender - RaftServer{raft-partition-2} - Sending AppendRequest{term=1, leader=1, prevLogIndex=1, prevLogTerm=1, entries=0, commitIndex=1} to 3
21:52:08.318 [raft-server-raft-partition-2] TRACE i.a.p.raft.roles.FollowerRole - RaftServer{raft-partition-2}{role=FOLLOWER} - Received AppendRequest{term=1, leader=1, prevLogIndex=1, prevLogTerm=1, entries=0, commitIndex=1}
21:52:08.318 [raft-server-raft-partition-2] TRACE i.a.p.raft.roles.FollowerRole - RaftServer{raft-partition-2}{role=FOLLOWER} - Received AppendRequest{term=1, leader=1, prevLogIndex=1, prevLogTerm=1, entries=0, commitIndex=1}
21:52:08.318 [raft-server-raft-partition-2] TRACE i.a.p.raft.roles.FollowerRole - RaftServer{raft-partition-2}{role=FOLLOWER} - Sending AppendResponse{status=OK, term=1, succeeded=true, lastLogIndex=1}
21:52:08.318 [raft-server-raft-partition-2] TRACE i.a.p.raft.roles.FollowerRole - RaftServer{raft-partition-2}{role=FOLLOWER} - Sending AppendResponse{status=OK, term=1, succeeded=true, lastLogIndex=1}
21:52:08.318 [raft-server-raft-partition-2] TRACE i.a.p.raft.roles.LeaderAppender - RaftServer{raft-partition-2} - Received AppendResponse{status=OK, term=1, succeeded=true, lastLogIndex=1} from 2
21:52:08.318 [raft-server-raft-partition-2] TRACE i.a.p.raft.roles.LeaderAppender - RaftServer{raft-partition-2} - Sending AppendRequest{term=1, leader=1, prevLogIndex=1, prevLogTerm=1, entries=0, commitIndex=1} to 2
21:52:08.318 [raft-server-raft-partition-2] TRACE i.a.p.raft.roles.LeaderAppender - RaftServer{raft-partition-2} - Received AppendResponse{status=OK, term=1, succeeded=true, lastLogIndex=1} from 3
21:52:08.318 [raft-server-raft-partition-2] TRACE i.a.p.raft.roles.LeaderAppender - RaftServer{raft-partition-2} - Sending AppendRequest{term=1, leader=1, prevLogIndex=1, prevLogTerm=1, entries=0, commitIndex=1} to 3
21:52:08.319 [raft-server-raft-partition-2] TRACE i.a.p.raft.roles.FollowerRole - RaftServer{raft-partition-2}{role=FOLLOWER} - Received AppendRequest{term=1, leader=1, prevLogIndex=1, prevLogTerm=1, entries=0, commitIndex=1}
21:52:08.319 [raft-server-raft-partition-2] TRACE i.a.p.raft.roles.FollowerRole - RaftServer{raft-partition-2}{role=FOLLOWER} - Sending AppendResponse{status=OK, term=1, succeeded=true, lastLogIndex=1}
21:52:08.319 [raft-server-raft-partition-2] TRACE i.a.p.raft.roles.FollowerRole - RaftServer{raft-partition-2}{role=FOLLOWER} - Received AppendRequest{term=1, leader=1, prevLogIndex=1, prevLogTerm=1, entries=0, commitIndex=1}
21:52:08.319 [raft-server-raft-partition-2] TRACE i.a.p.raft.roles.FollowerRole - RaftServer{raft-partition-2}{role=FOLLOWER} - Sending AppendResponse{status=OK, term=1, succeeded=true, lastLogIndex=1}
21:52:08.319 [raft-server-raft-partition-2] TRACE i.a.p.raft.roles.LeaderAppender - RaftServer{raft-partition-2} - Received AppendResponse{status=OK, term=1, succeeded=true, lastLogIndex=1} from 2
21:52:08.319 [raft-server-raft-partition-2] TRACE i.a.p.raft.roles.LeaderAppender - RaftServer{raft-partition-2} - Sending AppendRequest{term=1, leader=1, prevLogIndex=1, prevLogTerm=1, entries=0, commitIndex=1} to 2
21:52:08.319 [raft-server-raft-partition-2] TRACE i.a.p.raft.roles.LeaderAppender - RaftServer{raft-partition-2} - Received AppendResponse{status=OK, term=1, succeeded=true, lastLogIndex=1} from 3
21:52:08.319 [raft-server-raft-partition-2] TRACE i.a.p.raft.roles.LeaderAppender - RaftServer{raft-partition-2} - Sending AppendRequest{term=1, leader=1, prevLogIndex=1, prevLogTerm=1, entries=0, commitIndex=1} to 3
21:52:08.319 [raft-server-raft-partition-2] TRACE i.a.p.raft.roles.FollowerRole - RaftServer{raft-partition-2}{role=FOLLOWER} - Received AppendRequest{term=1, leader=1, prevLogIndex=1, prevLogTerm=1, entries=0, commitIndex=1}
21:52:08.319 [raft-server-raft-partition-2] TRACE i.a.p.raft.roles.FollowerRole - RaftServer{raft-partition-2}{role=FOLLOWER} - Sending AppendResponse{status=OK, term=1, succeeded=true, lastLogIndex=1}
21:52:08.319 [raft-server-raft-partition-2] TRACE i.a.p.raft.roles.FollowerRole - RaftServer{raft-partition-2}{role=FOLLOWER} - Received AppendRequest{term=1, leader=1, prevLogIndex=1, prevLogTerm=1, entries=0, commitIndex=1}
21:52:08.319 [raft-server-raft-partition-2] TRACE i.a.p.raft.roles.FollowerRole - RaftServer{raft-partition-2}{role=FOLLOWER} - Sending AppendResponse{status=OK, term=1, succeeded=true, lastLogIndex=1}
21:52:08.319 [raft-server-raft-partition-2] TRACE i.a.p.raft.roles.LeaderAppender - RaftServer{raft-partition-2} - Received AppendResponse{status=OK, term=1, succeeded=true, lastLogIndex=1} from 2
21:52:08.319 [raft-server-raft-partition-2] TRACE i.a.p.raft.roles.LeaderAppender - RaftServer{raft-partition-2} - Received AppendResponse{status=OK, term=1, succeeded=true, lastLogIndex=1} from 3
21:52:08.326 [raft-server-raft-partition-6] TRACE i.a.p.raft.roles.LeaderAppender - RaftServer{raft-partition-6} - Sending AppendRequest{term=1, leader=1, prevLogIndex=1, prevLogTerm=1, entries=0, commitIndex=1} to 2
21:52:08.326 [raft-server-raft-partition-6] TRACE i.a.p.raft.roles.LeaderAppender - RaftServer{raft-partition-6} - Sending AppendRequest{term=1, leader=1, prevLogIndex=1, prevLogTerm=1, entries=0, commitIndex=1} to 3
21:52:08.326 [raft-server-raft-partition-6] TRACE i.a.p.raft.roles.FollowerRole - RaftServer{raft-partition-6}{role=FOLLOWER} - Received AppendRequest{term=1, leader=1, prevLogIndex=1, prevLogTerm=1, entries=0, commitIndex=1}
21:52:08.326 [raft-server-raft-partition-6] TRACE i.a.p.raft.roles.FollowerRole - RaftServer{raft-partition-6}{role=FOLLOWER} - Sending AppendResponse{status=OK, term=1, succeeded=true, lastLogIndex=1}
21:52:08.326 [raft-server-raft-partition-6] TRACE i.a.p.raft.roles.FollowerRole - RaftServer{raft-partition-6}{role=FOLLOWER} - Received AppendRequest{term=1, leader=1, prevLogIndex=1, prevLogTerm=1, entries=0, commitIndex=1}
21:52:08.326 [raft-server-raft-partition-6] TRACE i.a.p.raft.roles.FollowerRole - RaftServer{raft-partition-6}{role=FOLLOWER} - Sending AppendResponse{status=OK, term=1, succeeded=true, lastLogIndex=1}
21:52:08.326 [raft-server-raft-partition-6] TRACE i.a.p.raft.roles.LeaderAppender - RaftServer{raft-partition-6} - Received AppendResponse{status=OK, term=1, succeeded=true, lastLogIndex=1} from 2
21:52:08.326 [raft-server-raft-partition-6] TRACE i.a.p.raft.roles.LeaderAppender - RaftServer{raft-partition-6} - Sending AppendRequest{term=1, leader=1, prevLogIndex=1, prevLogTerm=1, entries=0, commitIndex=1} to 2
21:52:08.326 [raft-server-raft-partition-6] TRACE i.a.p.raft.roles.LeaderAppender - RaftServer{raft-partition-6} - Received AppendResponse{status=OK, term=1, succeeded=true, lastLogIndex=1} from 3
21:52:08.326 [raft-server-raft-partition-6] TRACE i.a.p.raft.roles.LeaderAppender - RaftServer{raft-partition-6} - Sending AppendRequest{term=1, leader=1, prevLogIndex=1, prevLogTerm=1, entries=0, commitIndex=1} to 3
21:52:08.326 [raft-server-raft-partition-6] TRACE i.a.p.raft.roles.FollowerRole - RaftServer{raft-partition-6}{role=FOLLOWER} - Received AppendRequest{term=1, leader=1, prevLogIndex=1, prevLogTerm=1, entries=0, commitIndex=1}
21:52:08.326 [raft-server-raft-partition-6] TRACE i.a.p.raft.roles.FollowerRole - RaftServer{raft-partition-6}{role=FOLLOWER} - Sending AppendResponse{status=OK, term=1, succeeded=true, lastLogIndex=1}
21:52:08.326 [raft-server-raft-partition-6] TRACE i.a.p.raft.roles.FollowerRole - RaftServer{raft-partition-6}{role=FOLLOWER} - Received AppendRequest{term=1, leader=1, prevLogIndex=1, prevLogTerm=1, entries=0, commitIndex=1}
21:52:08.327 [raft-server-raft-partition-6] TRACE i.a.p.raft.roles.FollowerRole - RaftServer{raft-partition-6}{role=FOLLOWER} - Sending AppendResponse{status=OK, term=1, succeeded=true, lastLogIndex=1}
21:52:08.327 [raft-server-raft-partition-6] TRACE i.a.p.raft.roles.LeaderAppender - RaftServer{raft-partition-6} - Received AppendResponse{status=OK, term=1, succeeded=true, lastLogIndex=1} from 2
21:52:08.327 [raft-server-raft-partition-6] TRACE i.a.p.raft.roles.LeaderAppender - RaftServer{raft-partition-6} - Sending AppendRequest{term=1, leader=1, prevLogIndex=1, prevLogTerm=1, entries=0, commitIndex=1} to 2
21:52:08.327 [raft-server-raft-partition-6] TRACE i.a.p.raft.roles.LeaderAppender - RaftServer{raft-partition-6} - Received AppendResponse{status=OK, term=1, succeeded=true, lastLogIndex=1} from 3
21:52:08.327 [raft-server-raft-partition-6] TRACE i.a.p.raft.roles.LeaderAppender - RaftServer{raft-partition-6} - Sending AppendRequest{term=1, leader=1, prevLogIndex=1, prevLogTerm=1, entries=0, commitIndex=1} to 3
21:52:08.327 [raft-server-raft-partition-6] TRACE i.a.p.raft.roles.FollowerRole - RaftServer{raft-partition-6}{role=FOLLOWER} - Received AppendRequest{term=1, leader=1, prevLogIndex=1, prevLogTerm=1, entries=0, commitIndex=1}
21:52:08.327 [raft-server-raft-partition-6] TRACE i.a.p.raft.roles.FollowerRole - RaftServer{raft-partition-6}{role=FOLLOWER} - Sending AppendResponse{status=OK, term=1, succeeded=true, lastLogIndex=1}
21:52:08.327 [raft-server-raft-partition-6] TRACE i.a.p.raft.roles.FollowerRole - RaftServer{raft-partition-6}{role=FOLLOWER} - Received AppendRequest{term=1, leader=1, prevLogIndex=1, prevLogTerm=1, entries=0, commitIndex=1}
21:52:08.327 [raft-server-raft-partition-6] TRACE i.a.p.raft.roles.FollowerRole - RaftServer{raft-partition-6}{role=FOLLOWER} - Sending AppendResponse{status=OK, term=1, succeeded=true, lastLogIndex=1}
21:52:08.327 [raft-server-raft-partition-6] TRACE i.a.p.raft.roles.LeaderAppender - RaftServer{raft-partition-6} - Received AppendResponse{status=OK, term=1, succeeded=true, lastLogIndex=1} from 2
21:52:08.327 [raft-server-raft-partition-6] TRACE i.a.p.raft.roles.LeaderAppender - RaftServer{raft-partition-6} - Received AppendResponse{status=OK, term=1, succeeded=true, lastLogIndex=1} from 3
21:52:08.384 [raft-server-raft-partition-1] TRACE i.a.p.raft.roles.LeaderAppender - RaftServer{raft-partition-1} - Sending AppendRequest{term=1, leader=2, prevLogIndex=1, prevLogTerm=1, entries=0, commitIndex=1} to 3
21:52:08.385 [raft-server-raft-partition-1] TRACE i.a.p.raft.roles.FollowerRole - RaftServer{raft-partition-1}{role=FOLLOWER} - Received AppendRequest{term=1, leader=2, prevLogIndex=1, prevLogTerm=1, entries=0, commitIndex=1}
21:52:08.385 [raft-server-raft-partition-1] TRACE i.a.p.raft.roles.FollowerRole - RaftServer{raft-partition-1}{role=FOLLOWER} - Sending AppendResponse{status=OK, term=1, succeeded=true, lastLogIndex=1}
21:52:08.385 [raft-server-raft-partition-1] TRACE i.a.p.raft.roles.LeaderAppender - RaftServer{raft-partition-1} - Received AppendResponse{status=OK, term=1, succeeded=true, lastLogIndex=1} from 3
21:52:08.385 [raft-server-raft-partition-1] TRACE i.a.p.raft.roles.LeaderAppender - RaftServer{raft-partition-1} - Sending AppendRequest{term=1, leader=2, prevLogIndex=1, prevLogTerm=1, entries=0, commitIndex=1} to 3
21:52:08.386 [raft-server-raft-partition-1] TRACE i.a.p.raft.roles.FollowerRole - RaftServer{raft-partition-1}{role=FOLLOWER} - Received AppendRequest{term=1, leader=2, prevLogIndex=1, prevLogTerm=1, entries=0, commitIndex=1}
21:52:08.386 [raft-server-raft-partition-1] TRACE i.a.p.raft.roles.FollowerRole - RaftServer{raft-partition-1}{role=FOLLOWER} - Sending AppendResponse{status=OK, term=1, succeeded=true, lastLogIndex=1}
21:52:08.386 [raft-server-raft-partition-1] TRACE i.a.p.raft.roles.LeaderAppender - RaftServer{raft-partition-1} - Received AppendResponse{status=OK, term=1, succeeded=true, lastLogIndex=1} from 3
21:52:08.417 [raft-server-system-partition-1] TRACE i.a.p.raft.roles.LeaderAppender - RaftServer{system-partition-1} - Sending AppendRequest{term=1, leader=1, prevLogIndex=13, prevLogTerm=1, entries=0, commitIndex=13} to 2
21:52:08.417 [raft-server-system-partition-1] TRACE i.a.p.raft.roles.LeaderAppender - RaftServer{system-partition-1} - Sending AppendRequest{term=1, leader=1, prevLogIndex=13, prevLogTerm=1, entries=0, commitIndex=13} to 3
21:52:08.417 [raft-server-system-partition-1] TRACE i.a.p.raft.roles.FollowerRole - RaftServer{system-partition-1}{role=FOLLOWER} - Received AppendRequest{term=1, leader=1, prevLogIndex=13, prevLogTerm=1, entries=0, commitIndex=13}
21:52:08.418 [raft-server-system-partition-1] TRACE i.a.p.raft.roles.FollowerRole - RaftServer{system-partition-1}{role=FOLLOWER} - Sending AppendResponse{status=OK, term=1, succeeded=true, lastLogIndex=13}
21:52:08.418 [raft-server-system-partition-1] TRACE i.a.p.raft.roles.FollowerRole - RaftServer{system-partition-1}{role=FOLLOWER} - Received AppendRequest{term=1, leader=1, prevLogIndex=13, prevLogTerm=1, entries=0, commitIndex=13}
21:52:08.418 [raft-server-system-partition-1] TRACE i.a.p.raft.roles.FollowerRole - RaftServer{system-partition-1}{role=FOLLOWER} - Sending AppendResponse{status=OK, term=1, succeeded=true, lastLogIndex=13}
21:52:08.418 [raft-server-system-partition-1] TRACE i.a.p.raft.roles.LeaderAppender - RaftServer{system-partition-1} - Received AppendResponse{status=OK, term=1, succeeded=true, lastLogIndex=13} from 2
21:52:08.418 [raft-server-system-partition-1] TRACE i.a.p.raft.roles.LeaderAppender - RaftServer{system-partition-1} - Sending AppendRequest{term=1, leader=1, prevLogIndex=13, prevLogTerm=1, entries=0, commitIndex=13} to 2
21:52:08.418 [raft-server-system-partition-1] TRACE i.a.p.raft.roles.LeaderAppender - RaftServer{system-partition-1} - Received AppendResponse{status=OK, term=1, succeeded=true, lastLogIndex=13} from 3
21:52:08.418 [raft-server-system-partition-1] TRACE i.a.p.raft.roles.LeaderAppender - RaftServer{system-partition-1} - Sending AppendRequest{term=1, leader=1, prevLogIndex=13, prevLogTerm=1, entries=0, commitIndex=13} to 3
21:52:08.418 [raft-server-system-partition-1] TRACE i.a.p.raft.roles.FollowerRole - RaftServer{system-partition-1}{role=FOLLOWER} - Received AppendRequest{term=1, leader=1, prevLogIndex=13, prevLogTerm=1, entries=0, commitIndex=13}
21:52:08.418 [raft-server-system-partition-1] TRACE i.a.p.raft.roles.FollowerRole - RaftServer{system-partition-1}{role=FOLLOWER} - Sending AppendResponse{status=OK, term=1, succeeded=true, lastLogIndex=13}
21:52:08.418 [raft-server-system-partition-1] TRACE i.a.p.raft.roles.FollowerRole - RaftServer{system-partition-1}{role=FOLLOWER} - Received AppendRequest{term=1, leader=1, prevLogIndex=13, prevLogTerm=1, entries=0, commitIndex=13}
21:52:08.418 [raft-server-system-partition-1] TRACE i.a.p.raft.roles.FollowerRole - RaftServer{system-partition-1}{role=FOLLOWER} - Sending AppendResponse{status=OK, term=1, succeeded=true, lastLogIndex=13}
21:52:08.418 [raft-server-system-partition-1] TRACE i.a.p.raft.roles.LeaderAppender - RaftServer{system-partition-1} - Received AppendResponse{status=OK, term=1, succeeded=true, lastLogIndex=13} from 2
21:52:08.418 [raft-server-system-partition-1] TRACE i.a.p.raft.roles.LeaderAppender - RaftServer{system-partition-1} - Received AppendResponse{status=OK, term=1, succeeded=true, lastLogIndex=13} from 3
21:52:08.459 [raft-server-raft-partition-5] TRACE i.a.p.raft.roles.LeaderAppender - RaftServer{raft-partition-5} - Sending AppendRequest{term=1, leader=3, prevLogIndex=1, prevLogTerm=1, entries=0, commitIndex=1} to 1
21:52:08.459 [raft-server-raft-partition-5] TRACE i.a.p.raft.roles.LeaderAppender - RaftServer{raft-partition-5} - Sending AppendRequest{term=1, leader=3, prevLogIndex=1, prevLogTerm=1, entries=0, commitIndex=1} to 2
21:52:08.459 [raft-server-raft-partition-5] TRACE i.a.p.raft.roles.FollowerRole - RaftServer{raft-partition-5}{role=FOLLOWER} - Received AppendRequest{term=1, leader=3, prevLogIndex=1, prevLogTerm=1, entries=0, commitIndex=1}
21:52:08.459 [raft-server-raft-partition-5] TRACE i.a.p.raft.roles.FollowerRole - RaftServer{raft-partition-5}{role=FOLLOWER} - Received AppendRequest{term=1, leader=3, prevLogIndex=1, prevLogTerm=1, entries=0, commitIndex=1}
21:52:08.459 [raft-server-raft-partition-7] TRACE i.a.p.raft.roles.LeaderAppender - RaftServer{raft-partition-7} - Sending AppendRequest{term=1, leader=2, prevLogIndex=1, prevLogTerm=1, entries=0, commitIndex=1} to 1
21:52:08.459 [raft-server-raft-partition-5] TRACE i.a.p.raft.roles.FollowerRole - RaftServer{raft-partition-5}{role=FOLLOWER} - Sending AppendResponse{status=OK, term=1, succeeded=true, lastLogIndex=1}
21:52:08.459 [raft-server-raft-partition-5] TRACE i.a.p.raft.roles.FollowerRole - RaftServer{raft-partition-5}{role=FOLLOWER} - Sending AppendResponse{status=OK, term=1, succeeded=true, lastLogIndex=1}
21:52:08.459 [raft-server-raft-partition-7] TRACE i.a.p.raft.roles.LeaderAppender - RaftServer{raft-partition-7} - Sending AppendRequest{term=1, leader=2, prevLogIndex=1, prevLogTerm=1, entries=0, commitIndex=1} to 3
21:52:08.459 [raft-server-raft-partition-7] TRACE i.a.p.raft.roles.FollowerRole - RaftServer{raft-partition-7}{role=FOLLOWER} - Received AppendRequest{term=1, leader=2, prevLogIndex=1, prevLogTerm=1, entries=0, commitIndex=1}
21:52:08.459 [raft-server-raft-partition-7] TRACE i.a.p.raft.roles.FollowerRole - RaftServer{raft-partition-7}{role=FOLLOWER} - Sending AppendResponse{status=OK, term=1, succeeded=true, lastLogIndex=1}
21:52:08.459 [raft-server-raft-partition-5] TRACE i.a.p.raft.roles.LeaderAppender - RaftServer{raft-partition-5} - Received AppendResponse{status=OK, term=1, succeeded=true, lastLogIndex=1} from 2
21:52:08.459 [raft-server-raft-partition-5] TRACE i.a.p.raft.roles.LeaderAppender - RaftServer{raft-partition-5} - Sending AppendRequest{term=1, leader=3, prevLogIndex=1, prevLogTerm=1, entries=0, commitIndex=1} to 2
21:52:08.459 [raft-server-raft-partition-7] TRACE i.a.p.raft.roles.FollowerRole - RaftServer{raft-partition-7}{role=FOLLOWER} - Received AppendRequest{term=1, leader=2, prevLogIndex=1, prevLogTerm=1, entries=0, commitIndex=1}
21:52:08.460 [raft-server-raft-partition-5] TRACE i.a.p.raft.roles.LeaderAppender - RaftServer{raft-partition-5} - Received AppendResponse{status=OK, term=1, succeeded=true, lastLogIndex=1} from 1
21:52:08.460 [raft-server-raft-partition-7] TRACE i.a.p.raft.roles.FollowerRole - RaftServer{raft-partition-7}{role=FOLLOWER} - Sending AppendResponse{status=OK, term=1, succeeded=true, lastLogIndex=1}
21:52:08.460 [raft-server-raft-partition-7] TRACE i.a.p.raft.roles.LeaderAppender - RaftServer{raft-partition-7} - Received AppendResponse{status=OK, term=1, succeeded=true, lastLogIndex=1} from 1
21:52:08.460 [raft-server-raft-partition-5] TRACE i.a.p.raft.roles.LeaderAppender - RaftServer{raft-partition-5} - Sending AppendRequest{term=1, leader=3, prevLogIndex=1, prevLogTerm=1, entries=0, commitIndex=1} to 1
21:52:08.460 [raft-server-raft-partition-5] TRACE i.a.p.raft.roles.FollowerRole - RaftServer{raft-partition-5}{role=FOLLOWER} - Received AppendRequest{term=1, leader=3, prevLogIndex=1, prevLogTerm=1, entries=0, commitIndex=1}
21:52:08.460 [raft-server-raft-partition-7] TRACE i.a.p.raft.roles.LeaderAppender - RaftServer{raft-partition-7} - Sending AppendRequest{term=1, leader=2, prevLogIndex=1, prevLogTerm=1, entries=0, commitIndex=1} to 1
21:52:08.460 [raft-server-raft-partition-5] TRACE i.a.p.raft.roles.FollowerRole - RaftServer{raft-partition-5}{role=FOLLOWER} - Sending AppendResponse{status=OK, term=1, succeeded=true, lastLogIndex=1}
21:52:08.460 [raft-server-raft-partition-7] TRACE i.a.p.raft.roles.LeaderAppender - RaftServer{raft-partition-7} - Received AppendResponse{status=OK, term=1, succeeded=true, lastLogIndex=1} from 3
21:52:08.460 [raft-server-raft-partition-5] TRACE i.a.p.raft.roles.FollowerRole - RaftServer{raft-partition-5}{role=FOLLOWER} - Received AppendRequest{term=1, leader=3, prevLogIndex=1, prevLogTerm=1, entries=0, commitIndex=1}
21:52:08.460 [raft-server-raft-partition-7] TRACE i.a.p.raft.roles.FollowerRole - RaftServer{raft-partition-7}{role=FOLLOWER} - Received AppendRequest{term=1, leader=2, prevLogIndex=1, prevLogTerm=1, entries=0, commitIndex=1}
21:52:08.460 [raft-server-raft-partition-7] TRACE i.a.p.raft.roles.LeaderAppender - RaftServer{raft-partition-7} - Sending AppendRequest{term=1, leader=2, prevLogIndex=1, prevLogTerm=1, entries=0, commitIndex=1} to 3
21:52:08.460 [raft-server-raft-partition-5] TRACE i.a.p.raft.roles.FollowerRole - RaftServer{raft-partition-5}{role=FOLLOWER} - Sending AppendResponse{status=OK, term=1, succeeded=true, lastLogIndex=1}
21:52:08.460 [raft-server-raft-partition-7] TRACE i.a.p.raft.roles.FollowerRole - RaftServer{raft-partition-7}{role=FOLLOWER} - Sending AppendResponse{status=OK, term=1, succeeded=true, lastLogIndex=1}
21:52:08.460 [raft-server-raft-partition-5] TRACE i.a.p.raft.roles.LeaderAppender - RaftServer{raft-partition-5} - Received AppendResponse{status=OK, term=1, succeeded=true, lastLogIndex=1} from 2
21:52:08.460 [raft-server-raft-partition-7] TRACE i.a.p.raft.roles.FollowerRole - RaftServer{raft-partition-7}{role=FOLLOWER} - Received AppendRequest{term=1, leader=2, prevLogIndex=1, prevLogTerm=1, entries=0, commitIndex=1}
21:52:08.460 [raft-server-raft-partition-5] TRACE i.a.p.raft.roles.LeaderAppender - RaftServer{raft-partition-5} - Sending AppendRequest{term=1, leader=3, prevLogIndex=1, prevLogTerm=1, entries=0, commitIndex=1} to 2
21:52:08.461 [raft-server-raft-partition-7] TRACE i.a.p.raft.roles.FollowerRole - RaftServer{raft-partition-7}{role=FOLLOWER} - Sending AppendResponse{status=OK, term=1, succeeded=true, lastLogIndex=1}
21:52:08.461 [raft-server-raft-partition-7] TRACE i.a.p.raft.roles.LeaderAppender - RaftServer{raft-partition-7} - Received AppendResponse{status=OK, term=1, succeeded=true, lastLogIndex=1} from 1
21:52:08.461 [raft-server-raft-partition-5] TRACE i.a.p.raft.roles.LeaderAppender - RaftServer{raft-partition-5} - Received AppendResponse{status=OK, term=1, succeeded=true, lastLogIndex=1} from 1
21:52:08.461 [raft-server-raft-partition-5] TRACE i.a.p.raft.roles.FollowerRole - RaftServer{raft-partition-5}{role=FOLLOWER} - Received AppendRequest{term=1, leader=3, prevLogIndex=1, prevLogTerm=1, entries=0, commitIndex=1}
21:52:08.461 [raft-server-raft-partition-7] TRACE i.a.p.raft.roles.LeaderAppender - RaftServer{raft-partition-7} - Received AppendResponse{status=OK, term=1, succeeded=true, lastLogIndex=1} from 3
21:52:08.461 [raft-server-raft-partition-5] TRACE i.a.p.raft.roles.FollowerRole - RaftServer{raft-partition-5}{role=FOLLOWER} - Sending AppendResponse{status=OK, term=1, succeeded=true, lastLogIndex=1}
21:52:08.461 [raft-server-raft-partition-5] TRACE i.a.p.raft.roles.LeaderAppender - RaftServer{raft-partition-5} - Received AppendResponse{status=OK, term=1, succeeded=true, lastLogIndex=1} from 2
21:52:08.493 [raft-server-raft-partition-4] TRACE i.a.p.raft.roles.LeaderAppender - RaftServer{raft-partition-4} - Sending AppendRequest{term=1, leader=1, prevLogIndex=1, prevLogTerm=1, entries=0, commitIndex=1} to 2
21:52:08.493 [raft-server-raft-partition-4] TRACE i.a.p.raft.roles.LeaderAppender - RaftServer{raft-partition-4} - Sending AppendRequest{term=1, leader=1, prevLogIndex=1, prevLogTerm=1, entries=0, commitIndex=1} to 3
21:52:08.493 [raft-server-raft-partition-4] TRACE i.a.p.raft.roles.FollowerRole - RaftServer{raft-partition-4}{role=FOLLOWER} - Received AppendRequest{term=1, leader=1, prevLogIndex=1, prevLogTerm=1, entries=0, commitIndex=1}
21:52:08.493 [raft-server-raft-partition-4] TRACE i.a.p.raft.roles.FollowerRole - RaftServer{raft-partition-4}{role=FOLLOWER} - Received AppendRequest{term=1, leader=1, prevLogIndex=1, prevLogTerm=1, entries=0, commitIndex=1}
21:52:08.493 [raft-server-raft-partition-4] TRACE i.a.p.raft.roles.FollowerRole - RaftServer{raft-partition-4}{role=FOLLOWER} - Sending AppendResponse{status=OK, term=1, succeeded=true, lastLogIndex=1}
21:52:08.493 [raft-server-raft-partition-4] TRACE i.a.p.raft.roles.FollowerRole - RaftServer{raft-partition-4}{role=FOLLOWER} - Sending AppendResponse{status=OK, term=1, succeeded=true, lastLogIndex=1}
21:52:08.494 [raft-server-raft-partition-4] TRACE i.a.p.raft.roles.LeaderAppender - RaftServer{raft-partition-4} - Received AppendResponse{status=OK, term=1, succeeded=true, lastLogIndex=1} from 2
21:52:08.494 [raft-server-raft-partition-4] TRACE i.a.p.raft.roles.LeaderAppender - RaftServer{raft-partition-4} - Sending AppendRequest{term=1, leader=1, prevLogIndex=1, prevLogTerm=1, entries=0, commitIndex=1} to 2
21:52:08.494 [raft-server-raft-partition-4] TRACE i.a.p.raft.roles.LeaderAppender - RaftServer{raft-partition-4} - Received AppendResponse{status=OK, term=1, succeeded=true, lastLogIndex=1} from 3
21:52:08.494 [raft-server-raft-partition-4] TRACE i.a.p.raft.roles.LeaderAppender - RaftServer{raft-partition-4} - Sending AppendRequest{term=1, leader=1, prevLogIndex=1, prevLogTerm=1, entries=0, commitIndex=1} to 3
21:52:08.494 [raft-server-raft-partition-4] TRACE i.a.p.raft.roles.FollowerRole - RaftServer{raft-partition-4}{role=FOLLOWER} - Received AppendRequest{term=1, leader=1, prevLogIndex=1, prevLogTerm=1, entries=0, commitIndex=1}
21:52:08.494 [raft-server-raft-partition-4] TRACE i.a.p.raft.roles.FollowerRole - RaftServer{raft-partition-4}{role=FOLLOWER} - Received AppendRequest{term=1, leader=1, prevLogIndex=1, prevLogTerm=1, entries=0, commitIndex=1}
21:52:08.494 [raft-server-raft-partition-4] TRACE i.a.p.raft.roles.FollowerRole - RaftServer{raft-partition-4}{role=FOLLOWER} - Sending AppendResponse{status=OK, term=1, succeeded=true, lastLogIndex=1}
21:52:08.494 [raft-server-raft-partition-4] TRACE i.a.p.raft.roles.FollowerRole - RaftServer{raft-partition-4}{role=FOLLOWER} - Sending AppendResponse{status=OK, term=1, succeeded=true, lastLogIndex=1}
21:52:08.494 [raft-server-raft-partition-4] TRACE i.a.p.raft.roles.LeaderAppender - RaftServer{raft-partition-4} - Received AppendResponse{status=OK, term=1, succeeded=true, lastLogIndex=1} from 2
21:52:08.494 [raft-server-raft-partition-4] TRACE i.a.p.raft.roles.LeaderAppender - RaftServer{raft-partition-4} - Received AppendResponse{status=OK, term=1, succeeded=true, lastLogIndex=1} from 3
21:52:08.568 [raft-server-raft-partition-2] TRACE i.a.p.raft.roles.LeaderAppender - RaftServer{raft-partition-2} - Sending AppendRequest{term=1, leader=1, prevLogIndex=1, prevLogTerm=1, entries=0, commitIndex=1} to 2
21:52:08.568 [raft-server-raft-partition-2] TRACE i.a.p.raft.roles.LeaderAppender - RaftServer{raft-partition-2} - Sending AppendRequest{term=1, leader=1, prevLogIndex=1, prevLogTerm=1, entries=0, commitIndex=1} to 3
21:52:08.568 [raft-server-raft-partition-2] TRACE i.a.p.raft.roles.FollowerRole - RaftServer{raft-partition-2}{role=FOLLOWER} - Received AppendRequest{term=1, leader=1, prevLogIndex=1, prevLogTerm=1, entries=0, commitIndex=1}
21:52:08.568 [raft-server-raft-partition-2] TRACE i.a.p.raft.roles.FollowerRole - RaftServer{raft-partition-2}{role=FOLLOWER} - Received AppendRequest{term=1, leader=1, prevLogIndex=1, prevLogTerm=1, entries=0, commitIndex=1}
21:52:08.568 [raft-server-raft-partition-2] TRACE i.a.p.raft.roles.FollowerRole - RaftServer{raft-partition-2}{role=FOLLOWER} - Sending AppendResponse{status=OK, term=1, succeeded=true, lastLogIndex=1}
21:52:08.568 [raft-server-raft-partition-2] TRACE i.a.p.raft.roles.FollowerRole - RaftServer{raft-partition-2}{role=FOLLOWER} - Sending AppendResponse{status=OK, term=1, succeeded=true, lastLogIndex=1}
21:52:08.568 [raft-server-raft-partition-2] TRACE i.a.p.raft.roles.LeaderAppender - RaftServer{raft-partition-2} - Received AppendResponse{status=OK, term=1, succeeded=true, lastLogIndex=1} from 3
21:52:08.568 [raft-server-raft-partition-2] TRACE i.a.p.raft.roles.LeaderAppender - RaftServer{raft-partition-2} - Received AppendResponse{status=OK, term=1, succeeded=true, lastLogIndex=1} from 2
21:52:08.576 [raft-server-raft-partition-6] TRACE i.a.p.raft.roles.LeaderAppender - RaftServer{raft-partition-6} - Sending AppendRequest{term=1, leader=1, prevLogIndex=1, prevLogTerm=1, entries=0, commitIndex=1} to 2
21:52:08.576 [raft-server-raft-partition-6] TRACE i.a.p.raft.roles.LeaderAppender - RaftServer{raft-partition-6} - Sending AppendRequest{term=1, leader=1, prevLogIndex=1, prevLogTerm=1, entries=0, commitIndex=1} to 3
21:52:08.576 [raft-server-raft-partition-6] TRACE i.a.p.raft.roles.FollowerRole - RaftServer{raft-partition-6}{role=FOLLOWER} - Received AppendRequest{term=1, leader=1, prevLogIndex=1, prevLogTerm=1, entries=0, commitIndex=1}
21:52:08.576 [raft-server-raft-partition-6] TRACE i.a.p.raft.roles.FollowerRole - RaftServer{raft-partition-6}{role=FOLLOWER} - Received AppendRequest{term=1, leader=1, prevLogIndex=1, prevLogTerm=1, entries=0, commitIndex=1}
21:52:08.576 [raft-server-raft-partition-6] TRACE i.a.p.raft.roles.FollowerRole - RaftServer{raft-partition-6}{role=FOLLOWER} - Sending AppendResponse{status=OK, term=1, succeeded=true, lastLogIndex=1}
21:52:08.576 [raft-server-raft-partition-6] TRACE i.a.p.raft.roles.FollowerRole - RaftServer{raft-partition-6}{role=FOLLOWER} - Sending AppendResponse{status=OK, term=1, succeeded=true, lastLogIndex=1}
21:52:08.576 [raft-server-raft-partition-6] TRACE i.a.p.raft.roles.LeaderAppender - RaftServer{raft-partition-6} - Received AppendResponse{status=OK, term=1, succeeded=true, lastLogIndex=1} from 2
21:52:08.576 [raft-server-raft-partition-6] TRACE i.a.p.raft.roles.LeaderAppender - RaftServer{raft-partition-6} - Sending AppendRequest{term=1, leader=1, prevLogIndex=1, prevLogTerm=1, entries=0, commitIndex=1} to 2
21:52:08.576 [raft-server-raft-partition-6] TRACE i.a.p.raft.roles.LeaderAppender - RaftServer{raft-partition-6} - Received AppendResponse{status=OK, term=1, succeeded=true, lastLogIndex=1} from 3
21:52:08.576 [raft-server-raft-partition-6] TRACE i.a.p.raft.roles.LeaderAppender - RaftServer{raft-partition-6} - Sending AppendRequest{term=1, leader=1, prevLogIndex=1, prevLogTerm=1, entries=0, commitIndex=1} to 3
21:52:08.577 [raft-server-raft-partition-6] TRACE i.a.p.raft.roles.FollowerRole - RaftServer{raft-partition-6}{role=FOLLOWER} - Received AppendRequest{term=1, leader=1, prevLogIndex=1, prevLogTerm=1, entries=0, commitIndex=1}
21:52:08.577 [raft-server-raft-partition-6] TRACE i.a.p.raft.roles.FollowerRole - RaftServer{raft-partition-6}{role=FOLLOWER} - Sending AppendResponse{status=OK, term=1, succeeded=true, lastLogIndex=1}
21:52:08.577 [raft-server-raft-partition-6] TRACE i.a.p.raft.roles.FollowerRole - RaftServer{raft-partition-6}{role=FOLLOWER} - Received AppendRequest{term=1, leader=1, prevLogIndex=1, prevLogTerm=1, entries=0, commitIndex=1}
21:52:08.577 [raft-server-raft-partition-6] TRACE i.a.p.raft.roles.FollowerRole - RaftServer{raft-partition-6}{role=FOLLOWER} - Sending AppendResponse{status=OK, term=1, succeeded=true, lastLogIndex=1}
21:52:08.577 [raft-server-raft-partition-6] TRACE i.a.p.raft.roles.LeaderAppender - RaftServer{raft-partition-6} - Received AppendResponse{status=OK, term=1, succeeded=true, lastLogIndex=1} from 2
21:52:08.577 [raft-server-raft-partition-6] TRACE i.a.p.raft.roles.LeaderAppender - RaftServer{raft-partition-6} - Sending AppendRequest{term=1, leader=1, prevLogIndex=1, prevLogTerm=1, entries=0, commitIndex=1} to 2
21:52:08.577 [raft-server-raft-partition-6] TRACE i.a.p.raft.roles.LeaderAppender - RaftServer{raft-partition-6} - Received AppendResponse{status=OK, term=1, succeeded=true, lastLogIndex=1} from 3
21:52:08.577 [raft-server-raft-partition-6] TRACE i.a.p.raft.roles.LeaderAppender - RaftServer{raft-partition-6} - Sending AppendRequest{term=1, leader=1, prevLogIndex=1, prevLogTerm=1, entries=0, commitIndex=1} to 3
21:52:08.577 [raft-server-raft-partition-6] TRACE i.a.p.raft.roles.FollowerRole - RaftServer{raft-partition-6}{role=FOLLOWER} - Received AppendRequest{term=1, leader=1, prevLogIndex=1, prevLogTerm=1, entries=0, commitIndex=1}
21:52:08.577 [raft-server-raft-partition-6] TRACE i.a.p.raft.roles.FollowerRole - RaftServer{raft-partition-6}{role=FOLLOWER} - Sending AppendResponse{status=OK, term=1, succeeded=true, lastLogIndex=1}
21:52:08.577 [raft-server-raft-partition-6] TRACE i.a.p.raft.roles.FollowerRole - RaftServer{raft-partition-6}{role=FOLLOWER} - Received AppendRequest{term=1, leader=1, prevLogIndex=1, prevLogTerm=1, entries=0, commitIndex=1}
21:52:08.577 [raft-server-raft-partition-6] TRACE i.a.p.raft.roles.FollowerRole - RaftServer{raft-partition-6}{role=FOLLOWER} - Sending AppendResponse{status=OK, term=1, succeeded=true, lastLogIndex=1}
21:52:08.577 [raft-server-raft-partition-6] TRACE i.a.p.raft.roles.LeaderAppender - RaftServer{raft-partition-6} - Received AppendResponse{status=OK, term=1, succeeded=true, lastLogIndex=1} from 2
21:52:08.577 [raft-server-raft-partition-6] TRACE i.a.p.raft.roles.LeaderAppender - RaftServer{raft-partition-6} - Received AppendResponse{status=OK, term=1, succeeded=true, lastLogIndex=1} from 3
21:52:08.634 [raft-server-raft-partition-1] TRACE i.a.p.raft.roles.LeaderAppender - RaftServer{raft-partition-1} - Sending AppendRequest{term=1, leader=2, prevLogIndex=1, prevLogTerm=1, entries=0, commitIndex=1} to 3
21:52:08.635 [raft-server-raft-partition-1] TRACE i.a.p.raft.roles.FollowerRole - RaftServer{raft-partition-1}{role=FOLLOWER} - Received AppendRequest{term=1, leader=2, prevLogIndex=1, prevLogTerm=1, entries=0, commitIndex=1}
21:52:08.635 [raft-server-raft-partition-1] TRACE i.a.p.raft.roles.FollowerRole - RaftServer{raft-partition-1}{role=FOLLOWER} - Sending AppendResponse{status=OK, term=1, succeeded=true, lastLogIndex=1}
21:52:08.635 [raft-server-raft-partition-1] TRACE i.a.p.raft.roles.LeaderAppender - RaftServer{raft-partition-1} - Received AppendResponse{status=OK, term=1, succeeded=true, lastLogIndex=1} from 3
21:52:08.635 [raft-server-raft-partition-1] TRACE i.a.p.raft.roles.LeaderAppender - RaftServer{raft-partition-1} - Sending AppendRequest{term=1, leader=2, prevLogIndex=1, prevLogTerm=1, entries=0, commitIndex=1} to 3
21:52:08.635 [raft-server-raft-partition-1] TRACE i.a.p.raft.roles.FollowerRole - RaftServer{raft-partition-1}{role=FOLLOWER} - Received AppendRequest{term=1, leader=2, prevLogIndex=1, prevLogTerm=1, entries=0, commitIndex=1}
21:52:08.635 [raft-server-raft-partition-1] TRACE i.a.p.raft.roles.FollowerRole - RaftServer{raft-partition-1}{role=FOLLOWER} - Sending AppendResponse{status=OK, term=1, succeeded=true, lastLogIndex=1}
21:52:08.636 [raft-server-raft-partition-1] TRACE i.a.p.raft.roles.LeaderAppender - RaftServer{raft-partition-1} - Received AppendResponse{status=OK, term=1, succeeded=true, lastLogIndex=1} from 3
21:52:08.667 [raft-server-system-partition-1] TRACE i.a.p.raft.roles.LeaderAppender - RaftServer{system-partition-1} - Sending AppendRequest{term=1, leader=1, prevLogIndex=13, prevLogTerm=1, entries=0, commitIndex=13} to 2
21:52:08.667 [raft-server-system-partition-1] TRACE i.a.p.raft.roles.LeaderAppender - RaftServer{system-partition-1} - Sending AppendRequest{term=1, leader=1, prevLogIndex=13, prevLogTerm=1, entries=0, commitIndex=13} to 3
21:52:08.667 [raft-server-system-partition-1] TRACE i.a.p.raft.roles.FollowerRole - RaftServer{system-partition-1}{role=FOLLOWER} - Received AppendRequest{term=1, leader=1, prevLogIndex=13, prevLogTerm=1, entries=0, commitIndex=13}
21:52:08.667 [raft-server-system-partition-1] TRACE i.a.p.raft.roles.FollowerRole - RaftServer{system-partition-1}{role=FOLLOWER} - Sending AppendResponse{status=OK, term=1, succeeded=true, lastLogIndex=13}
21:52:08.667 [raft-server-system-partition-1] TRACE i.a.p.raft.roles.FollowerRole - RaftServer{system-partition-1}{role=FOLLOWER} - Received AppendRequest{term=1, leader=1, prevLogIndex=13, prevLogTerm=1, entries=0, commitIndex=13}
21:52:08.668 [raft-server-system-partition-1] TRACE i.a.p.raft.roles.FollowerRole - RaftServer{system-partition-1}{role=FOLLOWER} - Sending AppendResponse{status=OK, term=1, succeeded=true, lastLogIndex=13}
21:52:08.668 [raft-server-system-partition-1] TRACE i.a.p.raft.roles.LeaderAppender - RaftServer{system-partition-1} - Received AppendResponse{status=OK, term=1, succeeded=true, lastLogIndex=13} from 3
21:52:08.668 [raft-server-system-partition-1] TRACE i.a.p.raft.roles.LeaderAppender - RaftServer{system-partition-1} - Sending AppendRequest{term=1, leader=1, prevLogIndex=13, prevLogTerm=1, entries=0, commitIndex=13} to 3
21:52:08.668 [raft-server-system-partition-1] TRACE i.a.p.raft.roles.LeaderAppender - RaftServer{system-partition-1} - Received AppendResponse{status=OK, term=1, succeeded=true, lastLogIndex=13} from 2
21:52:08.668 [raft-server-system-partition-1] TRACE i.a.p.raft.roles.LeaderAppender - RaftServer{system-partition-1} - Sending AppendRequest{term=1, leader=1, prevLogIndex=13, prevLogTerm=1, entries=0, commitIndex=13} to 2
21:52:08.668 [raft-server-system-partition-1] TRACE i.a.p.raft.roles.FollowerRole - RaftServer{system-partition-1}{role=FOLLOWER} - Received AppendRequest{term=1, leader=1, prevLogIndex=13, prevLogTerm=1, entries=0, commitIndex=13}
21:52:08.668 [raft-server-system-partition-1] TRACE i.a.p.raft.roles.FollowerRole - RaftServer{system-partition-1}{role=FOLLOWER} - Sending AppendResponse{status=OK, term=1, succeeded=true, lastLogIndex=13}
21:52:08.668 [raft-server-system-partition-1] TRACE i.a.p.raft.roles.FollowerRole - RaftServer{system-partition-1}{role=FOLLOWER} - Received AppendRequest{term=1, leader=1, prevLogIndex=13, prevLogTerm=1, entries=0, commitIndex=13}
21:52:08.668 [raft-server-system-partition-1] TRACE i.a.p.raft.roles.FollowerRole - RaftServer{system-partition-1}{role=FOLLOWER} - Sending AppendResponse{status=OK, term=1, succeeded=true, lastLogIndex=13}
21:52:08.668 [raft-server-system-partition-1] TRACE i.a.p.raft.roles.LeaderAppender - RaftServer{system-partition-1} - Received AppendResponse{status=OK, term=1, succeeded=true, lastLogIndex=13} from 3
21:52:08.668 [raft-server-system-partition-1] TRACE i.a.p.raft.roles.LeaderAppender - RaftServer{system-partition-1} - Received AppendResponse{status=OK, term=1, succeeded=true, lastLogIndex=13} from 2
21:52:08.709 [raft-server-raft-partition-5] TRACE i.a.p.raft.roles.LeaderAppender - RaftServer{raft-partition-5} - Sending AppendRequest{term=1, leader=3, prevLogIndex=1, prevLogTerm=1, entries=0, commitIndex=1} to 1
21:52:08.709 [raft-server-raft-partition-5] TRACE i.a.p.raft.roles.LeaderAppender - RaftServer{raft-partition-5} - Sending AppendRequest{term=1, leader=3, prevLogIndex=1, prevLogTerm=1, entries=0, commitIndex=1} to 2
21:52:08.709 [raft-server-raft-partition-7] TRACE i.a.p.raft.roles.LeaderAppender - RaftServer{raft-partition-7} - Sending AppendRequest{term=1, leader=2, prevLogIndex=1, prevLogTerm=1, entries=0, commitIndex=1} to 1
21:52:08.709 [raft-server-raft-partition-5] TRACE i.a.p.raft.roles.FollowerRole - RaftServer{raft-partition-5}{role=FOLLOWER} - Received AppendRequest{term=1, leader=3, prevLogIndex=1, prevLogTerm=1, entries=0, commitIndex=1}
21:52:08.709 [raft-server-raft-partition-5] TRACE i.a.p.raft.roles.FollowerRole - RaftServer{raft-partition-5}{role=FOLLOWER} - Received AppendRequest{term=1, leader=3, prevLogIndex=1, prevLogTerm=1, entries=0, commitIndex=1}
21:52:08.709 [raft-server-raft-partition-7] TRACE i.a.p.raft.roles.LeaderAppender - RaftServer{raft-partition-7} - Sending AppendRequest{term=1, leader=2, prevLogIndex=1, prevLogTerm=1, entries=0, commitIndex=1} to 3
21:52:08.709 [raft-server-raft-partition-5] TRACE i.a.p.raft.roles.FollowerRole - RaftServer{raft-partition-5}{role=FOLLOWER} - Sending AppendResponse{status=OK, term=1, succeeded=true, lastLogIndex=1}
21:52:08.709 [raft-server-raft-partition-7] TRACE i.a.p.raft.roles.FollowerRole - RaftServer{raft-partition-7}{role=FOLLOWER} - Received AppendRequest{term=1, leader=2, prevLogIndex=1, prevLogTerm=1, entries=0, commitIndex=1}
21:52:08.709 [raft-server-raft-partition-5] TRACE i.a.p.raft.roles.FollowerRole - RaftServer{raft-partition-5}{role=FOLLOWER} - Sending AppendResponse{status=OK, term=1, succeeded=true, lastLogIndex=1}
21:52:08.709 [raft-server-raft-partition-7] TRACE i.a.p.raft.roles.FollowerRole - RaftServer{raft-partition-7}{role=FOLLOWER} - Sending AppendResponse{status=OK, term=1, succeeded=true, lastLogIndex=1}
21:52:08.710 [raft-server-raft-partition-7] TRACE i.a.p.raft.roles.FollowerRole - RaftServer{raft-partition-7}{role=FOLLOWER} - Received AppendRequest{term=1, leader=2, prevLogIndex=1, prevLogTerm=1, entries=0, commitIndex=1}
21:52:08.710 [raft-server-raft-partition-5] TRACE i.a.p.raft.roles.LeaderAppender - RaftServer{raft-partition-5} - Received AppendResponse{status=OK, term=1, succeeded=true, lastLogIndex=1} from 1
21:52:08.710 [raft-server-raft-partition-7] TRACE i.a.p.raft.roles.FollowerRole - RaftServer{raft-partition-7}{role=FOLLOWER} - Sending AppendResponse{status=OK, term=1, succeeded=true, lastLogIndex=1}
21:52:08.710 [raft-server-raft-partition-5] TRACE i.a.p.raft.roles.LeaderAppender - RaftServer{raft-partition-5} - Sending AppendRequest{term=1, leader=3, prevLogIndex=1, prevLogTerm=1, entries=0, commitIndex=1} to 1
21:52:08.710 [raft-server-raft-partition-7] TRACE i.a.p.raft.roles.LeaderAppender - RaftServer{raft-partition-7} - Received AppendResponse{status=OK, term=1, succeeded=true, lastLogIndex=1} from 1
21:52:08.710 [raft-server-raft-partition-5] TRACE i.a.p.raft.roles.LeaderAppender - RaftServer{raft-partition-5} - Received AppendResponse{status=OK, term=1, succeeded=true, lastLogIndex=1} from 2
21:52:08.710 [raft-server-raft-partition-5] TRACE i.a.p.raft.roles.LeaderAppender - RaftServer{raft-partition-5} - Sending AppendRequest{term=1, leader=3, prevLogIndex=1, prevLogTerm=1, entries=0, commitIndex=1} to 2
21:52:08.710 [raft-server-raft-partition-7] TRACE i.a.p.raft.roles.LeaderAppender - RaftServer{raft-partition-7} - Sending AppendRequest{term=1, leader=2, prevLogIndex=1, prevLogTerm=1, entries=0, commitIndex=1} to 1
21:52:08.710 [raft-server-raft-partition-5] TRACE i.a.p.raft.roles.FollowerRole - RaftServer{raft-partition-5}{role=FOLLOWER} - Received AppendRequest{term=1, leader=3, prevLogIndex=1, prevLogTerm=1, entries=0, commitIndex=1}
21:52:08.710 [raft-server-raft-partition-7] TRACE i.a.p.raft.roles.LeaderAppender - RaftServer{raft-partition-7} - Received AppendResponse{status=OK, term=1, succeeded=true, lastLogIndex=1} from 3
21:52:08.710 [raft-server-raft-partition-5] TRACE i.a.p.raft.roles.FollowerRole - RaftServer{raft-partition-5}{role=FOLLOWER} - Sending AppendResponse{status=OK, term=1, succeeded=true, lastLogIndex=1}
21:52:08.710 [raft-server-raft-partition-7] TRACE i.a.p.raft.roles.LeaderAppender - RaftServer{raft-partition-7} - Sending AppendRequest{term=1, leader=2, prevLogIndex=1, prevLogTerm=1, entries=0, commitIndex=1} to 3
21:52:08.710 [raft-server-raft-partition-5] TRACE i.a.p.raft.roles.FollowerRole - RaftServer{raft-partition-5}{role=FOLLOWER} - Received AppendRequest{term=1, leader=3, prevLogIndex=1, prevLogTerm=1, entries=0, commitIndex=1}
21:52:08.710 [raft-server-raft-partition-7] TRACE i.a.p.raft.roles.FollowerRole - RaftServer{raft-partition-7}{role=FOLLOWER} - Received AppendRequest{term=1, leader=2, prevLogIndex=1, prevLogTerm=1, entries=0, commitIndex=1}
21:52:08.710 [raft-server-raft-partition-5] TRACE i.a.p.raft.roles.FollowerRole - RaftServer{raft-partition-5}{role=FOLLOWER} - Sending AppendResponse{status=OK, term=1, succeeded=true, lastLogIndex=1}
21:52:08.710 [raft-server-raft-partition-7] TRACE i.a.p.raft.roles.FollowerRole - RaftServer{raft-partition-7}{role=FOLLOWER} - Sending AppendResponse{status=OK, term=1, succeeded=true, lastLogIndex=1}
21:52:08.710 [raft-server-raft-partition-7] TRACE i.a.p.raft.roles.FollowerRole - RaftServer{raft-partition-7}{role=FOLLOWER} - Received AppendRequest{term=1, leader=2, prevLogIndex=1, prevLogTerm=1, entries=0, commitIndex=1}
21:52:08.710 [raft-server-raft-partition-5] TRACE i.a.p.raft.roles.LeaderAppender - RaftServer{raft-partition-5} - Received AppendResponse{status=OK, term=1, succeeded=true, lastLogIndex=1} from 1
21:52:08.711 [raft-server-raft-partition-7] TRACE i.a.p.raft.roles.FollowerRole - RaftServer{raft-partition-7}{role=FOLLOWER} - Sending AppendResponse{status=OK, term=1, succeeded=true, lastLogIndex=1}
21:52:08.711 [raft-server-raft-partition-5] TRACE i.a.p.raft.roles.LeaderAppender - RaftServer{raft-partition-5} - Received AppendResponse{status=OK, term=1, succeeded=true, lastLogIndex=1} from 2
21:52:08.711 [raft-server-raft-partition-7] TRACE i.a.p.raft.roles.LeaderAppender - RaftServer{raft-partition-7} - Received AppendResponse{status=OK, term=1, succeeded=true, lastLogIndex=1} from 1
21:52:08.711 [raft-server-raft-partition-7] TRACE i.a.p.raft.roles.LeaderAppender - RaftServer{raft-partition-7} - Received AppendResponse{status=OK, term=1, succeeded=true, lastLogIndex=1} from 3
21:52:08.743 [raft-server-raft-partition-4] TRACE i.a.p.raft.roles.LeaderAppender - RaftServer{raft-partition-4} - Sending AppendRequest{term=1, leader=1, prevLogIndex=1, prevLogTerm=1, entries=0, commitIndex=1} to 2
21:52:08.743 [raft-server-raft-partition-4] TRACE i.a.p.raft.roles.LeaderAppender - RaftServer{raft-partition-4} - Sending AppendRequest{term=1, leader=1, prevLogIndex=1, prevLogTerm=1, entries=0, commitIndex=1} to 3
21:52:08.743 [raft-server-raft-partition-4] TRACE i.a.p.raft.roles.FollowerRole - RaftServer{raft-partition-4}{role=FOLLOWER} - Received AppendRequest{term=1, leader=1, prevLogIndex=1, prevLogTerm=1, entries=0, commitIndex=1}
21:52:08.743 [raft-server-raft-partition-4] TRACE i.a.p.raft.roles.FollowerRole - RaftServer{raft-partition-4}{role=FOLLOWER} - Sending AppendResponse{status=OK, term=1, succeeded=true, lastLogIndex=1}
21:52:08.743 [raft-server-raft-partition-4] TRACE i.a.p.raft.roles.FollowerRole - RaftServer{raft-partition-4}{role=FOLLOWER} - Received AppendRequest{term=1, leader=1, prevLogIndex=1, prevLogTerm=1, entries=0, commitIndex=1}
21:52:08.743 [raft-server-raft-partition-4] TRACE i.a.p.raft.roles.FollowerRole - RaftServer{raft-partition-4}{role=FOLLOWER} - Sending AppendResponse{status=OK, term=1, succeeded=true, lastLogIndex=1}
21:52:08.744 [raft-server-raft-partition-4] TRACE i.a.p.raft.roles.LeaderAppender - RaftServer{raft-partition-4} - Received AppendResponse{status=OK, term=1, succeeded=true, lastLogIndex=1} from 2
21:52:08.744 [raft-server-raft-partition-4] TRACE i.a.p.raft.roles.LeaderAppender - RaftServer{raft-partition-4} - Sending AppendRequest{term=1, leader=1, prevLogIndex=1, prevLogTerm=1, entries=0, commitIndex=1} to 2
21:52:08.744 [raft-server-raft-partition-4] TRACE i.a.p.raft.roles.LeaderAppender - RaftServer{raft-partition-4} - Received AppendResponse{status=OK, term=1, succeeded=true, lastLogIndex=1} from 3
21:52:08.744 [raft-server-raft-partition-4] TRACE i.a.p.raft.roles.LeaderAppender - RaftServer{raft-partition-4} - Sending AppendRequest{term=1, leader=1, prevLogIndex=1, prevLogTerm=1, entries=0, commitIndex=1} to 3
21:52:08.744 [raft-server-raft-partition-4] TRACE i.a.p.raft.roles.FollowerRole - RaftServer{raft-partition-4}{role=FOLLOWER} - Received AppendRequest{term=1, leader=1, prevLogIndex=1, prevLogTerm=1, entries=0, commitIndex=1}
21:52:08.744 [raft-server-raft-partition-4] TRACE i.a.p.raft.roles.FollowerRole - RaftServer{raft-partition-4}{role=FOLLOWER} - Sending AppendResponse{status=OK, term=1, succeeded=true, lastLogIndex=1}
21:52:08.744 [raft-server-raft-partition-4] TRACE i.a.p.raft.roles.FollowerRole - RaftServer{raft-partition-4}{role=FOLLOWER} - Received AppendRequest{term=1, leader=1, prevLogIndex=1, prevLogTerm=1, entries=0, commitIndex=1}
21:52:08.744 [raft-server-raft-partition-4] TRACE i.a.p.raft.roles.FollowerRole - RaftServer{raft-partition-4}{role=FOLLOWER} - Sending AppendResponse{status=OK, term=1, succeeded=true, lastLogIndex=1}
21:52:08.744 [raft-server-raft-partition-4] TRACE i.a.p.raft.roles.LeaderAppender - RaftServer{raft-partition-4} - Received AppendResponse{status=OK, term=1, succeeded=true, lastLogIndex=1} from 2
21:52:08.744 [raft-server-raft-partition-4] TRACE i.a.p.raft.roles.LeaderAppender - RaftServer{raft-partition-4} - Received AppendResponse{status=OK, term=1, succeeded=true, lastLogIndex=1} from 3
21:52:08.817 [raft-server-raft-partition-2] TRACE i.a.p.raft.roles.LeaderAppender - RaftServer{raft-partition-2} - Sending AppendRequest{term=1, leader=1, prevLogIndex=1, prevLogTerm=1, entries=0, commitIndex=1} to 2
21:52:08.818 [raft-server-raft-partition-2] TRACE i.a.p.raft.roles.LeaderAppender - RaftServer{raft-partition-2} - Sending AppendRequest{term=1, leader=1, prevLogIndex=1, prevLogTerm=1, entries=0, commitIndex=1} to 3
21:52:08.818 [raft-server-raft-partition-2] TRACE i.a.p.raft.roles.FollowerRole - RaftServer{raft-partition-2}{role=FOLLOWER} - Received AppendRequest{term=1, leader=1, prevLogIndex=1, prevLogTerm=1, entries=0, commitIndex=1}
21:52:08.818 [raft-server-raft-partition-2] TRACE i.a.p.raft.roles.FollowerRole - RaftServer{raft-partition-2}{role=FOLLOWER} - Received AppendRequest{term=1, leader=1, prevLogIndex=1, prevLogTerm=1, entries=0, commitIndex=1}
21:52:08.818 [raft-server-raft-partition-2] TRACE i.a.p.raft.roles.FollowerRole - RaftServer{raft-partition-2}{role=FOLLOWER} - Sending AppendResponse{status=OK, term=1, succeeded=true, lastLogIndex=1}
21:52:08.818 [raft-server-raft-partition-2] TRACE i.a.p.raft.roles.FollowerRole - RaftServer{raft-partition-2}{role=FOLLOWER} - Sending AppendResponse{status=OK, term=1, succeeded=true, lastLogIndex=1}
21:52:08.818 [raft-server-raft-partition-2] TRACE i.a.p.raft.roles.LeaderAppender - RaftServer{raft-partition-2} - Received AppendResponse{status=OK, term=1, succeeded=true, lastLogIndex=1} from 3
21:52:08.818 [raft-server-raft-partition-2] TRACE i.a.p.raft.roles.LeaderAppender - RaftServer{raft-partition-2} - Received AppendResponse{status=OK, term=1, succeeded=true, lastLogIndex=1} from 2
21:52:08.826 [raft-server-raft-partition-6] TRACE i.a.p.raft.roles.LeaderAppender - RaftServer{raft-partition-6} - Sending AppendRequest{term=1, leader=1, prevLogIndex=1, prevLogTerm=1, entries=0, commitIndex=1} to 2
21:52:08.826 [raft-server-raft-partition-6] TRACE i.a.p.raft.roles.LeaderAppender - RaftServer{raft-partition-6} - Sending AppendRequest{term=1, leader=1, prevLogIndex=1, prevLogTerm=1, entries=0, commitIndex=1} to 3
21:52:08.826 [raft-server-raft-partition-6] TRACE i.a.p.raft.roles.FollowerRole - RaftServer{raft-partition-6}{role=FOLLOWER} - Received AppendRequest{term=1, leader=1, prevLogIndex=1, prevLogTerm=1, entries=0, commitIndex=1}
21:52:08.826 [raft-server-raft-partition-6] TRACE i.a.p.raft.roles.FollowerRole - RaftServer{raft-partition-6}{role=FOLLOWER} - Received AppendRequest{term=1, leader=1, prevLogIndex=1, prevLogTerm=1, entries=0, commitIndex=1}
21:52:08.826 [raft-server-raft-partition-6] TRACE i.a.p.raft.roles.FollowerRole - RaftServer{raft-partition-6}{role=FOLLOWER} - Sending AppendResponse{status=OK, term=1, succeeded=true, lastLogIndex=1}
21:52:08.826 [raft-server-raft-partition-6] TRACE i.a.p.raft.roles.FollowerRole - RaftServer{raft-partition-6}{role=FOLLOWER} - Sending AppendResponse{status=OK, term=1, succeeded=true, lastLogIndex=1}
21:52:08.826 [raft-server-raft-partition-6] TRACE i.a.p.raft.roles.LeaderAppender - RaftServer{raft-partition-6} - Received AppendResponse{status=OK, term=1, succeeded=true, lastLogIndex=1} from 3
21:52:08.826 [raft-server-raft-partition-6] TRACE i.a.p.raft.roles.LeaderAppender - RaftServer{raft-partition-6} - Sending AppendRequest{term=1, leader=1, prevLogIndex=1, prevLogTerm=1, entries=0, commitIndex=1} to 3
21:52:08.827 [raft-server-raft-partition-6] TRACE i.a.p.raft.roles.LeaderAppender - RaftServer{raft-partition-6} - Received AppendResponse{status=OK, term=1, succeeded=true, lastLogIndex=1} from 2
21:52:08.827 [raft-server-raft-partition-6] TRACE i.a.p.raft.roles.LeaderAppender - RaftServer{raft-partition-6} - Sending AppendRequest{term=1, leader=1, prevLogIndex=1, prevLogTerm=1, entries=0, commitIndex=1} to 2
21:52:08.827 [raft-server-raft-partition-6] TRACE i.a.p.raft.roles.FollowerRole - RaftServer{raft-partition-6}{role=FOLLOWER} - Received AppendRequest{term=1, leader=1, prevLogIndex=1, prevLogTerm=1, entries=0, commitIndex=1}
21:52:08.827 [raft-server-raft-partition-6] TRACE i.a.p.raft.roles.FollowerRole - RaftServer{raft-partition-6}{role=FOLLOWER} - Received AppendRequest{term=1, leader=1, prevLogIndex=1, prevLogTerm=1, entries=0, commitIndex=1}
21:52:08.827 [raft-server-raft-partition-6] TRACE i.a.p.raft.roles.FollowerRole - RaftServer{raft-partition-6}{role=FOLLOWER} - Sending AppendResponse{status=OK, term=1, succeeded=true, lastLogIndex=1}
21:52:08.827 [raft-server-raft-partition-6] TRACE i.a.p.raft.roles.FollowerRole - RaftServer{raft-partition-6}{role=FOLLOWER} - Sending AppendResponse{status=OK, term=1, succeeded=true, lastLogIndex=1}
21:52:08.827 [raft-server-raft-partition-6] TRACE i.a.p.raft.roles.LeaderAppender - RaftServer{raft-partition-6} - Received AppendResponse{status=OK, term=1, succeeded=true, lastLogIndex=1} from 3
21:52:08.827 [raft-server-raft-partition-6] TRACE i.a.p.raft.roles.LeaderAppender - RaftServer{raft-partition-6} - Sending AppendRequest{term=1, leader=1, prevLogIndex=1, prevLogTerm=1, entries=0, commitIndex=1} to 3
21:52:08.827 [raft-server-raft-partition-6] TRACE i.a.p.raft.roles.LeaderAppender - RaftServer{raft-partition-6} - Received AppendResponse{status=OK, term=1, succeeded=true, lastLogIndex=1} from 2
21:52:08.827 [raft-server-raft-partition-6] TRACE i.a.p.raft.roles.FollowerRole - RaftServer{raft-partition-6}{role=FOLLOWER} - Received AppendRequest{term=1, leader=1, prevLogIndex=1, prevLogTerm=1, entries=0, commitIndex=1}
21:52:08.827 [raft-server-raft-partition-6] TRACE i.a.p.raft.roles.FollowerRole - RaftServer{raft-partition-6}{role=FOLLOWER} - Sending AppendResponse{status=OK, term=1, succeeded=true, lastLogIndex=1}
21:52:08.828 [raft-server-raft-partition-6] TRACE i.a.p.raft.roles.LeaderAppender - RaftServer{raft-partition-6} - Received AppendResponse{status=OK, term=1, succeeded=true, lastLogIndex=1} from 3
21:52:08.884 [raft-server-raft-partition-1] TRACE i.a.p.raft.roles.LeaderAppender - RaftServer{raft-partition-1} - Sending AppendRequest{term=1, leader=2, prevLogIndex=1, prevLogTerm=1, entries=0, commitIndex=1} to 3
21:52:08.885 [raft-server-raft-partition-1] TRACE i.a.p.raft.roles.FollowerRole - RaftServer{raft-partition-1}{role=FOLLOWER} - Received AppendRequest{term=1, leader=2, prevLogIndex=1, prevLogTerm=1, entries=0, commitIndex=1}
21:52:08.885 [raft-server-raft-partition-1] TRACE i.a.p.raft.roles.FollowerRole - RaftServer{raft-partition-1}{role=FOLLOWER} - Sending AppendResponse{status=OK, term=1, succeeded=true, lastLogIndex=1}
21:52:08.885 [raft-server-raft-partition-1] TRACE i.a.p.raft.roles.LeaderAppender - RaftServer{raft-partition-1} - Received AppendResponse{status=OK, term=1, succeeded=true, lastLogIndex=1} from 3
21:52:08.885 [raft-server-raft-partition-1] TRACE i.a.p.raft.roles.LeaderAppender - RaftServer{raft-partition-1} - Sending AppendRequest{term=1, leader=2, prevLogIndex=1, prevLogTerm=1, entries=0, commitIndex=1} to 3
21:52:08.885 [raft-server-raft-partition-1] TRACE i.a.p.raft.roles.FollowerRole - RaftServer{raft-partition-1}{role=FOLLOWER} - Received AppendRequest{term=1, leader=2, prevLogIndex=1, prevLogTerm=1, entries=0, commitIndex=1}
21:52:08.885 [raft-server-raft-partition-1] TRACE i.a.p.raft.roles.FollowerRole - RaftServer{raft-partition-1}{role=FOLLOWER} - Sending AppendResponse{status=OK, term=1, succeeded=true, lastLogIndex=1}
21:52:08.886 [raft-server-raft-partition-1] TRACE i.a.p.raft.roles.LeaderAppender - RaftServer{raft-partition-1} - Received AppendResponse{status=OK, term=1, succeeded=true, lastLogIndex=1} from 3
21:52:08.917 [raft-server-system-partition-1] TRACE i.a.p.raft.roles.LeaderAppender - RaftServer{system-partition-1} - Sending AppendRequest{term=1, leader=1, prevLogIndex=13, prevLogTerm=1, entries=0, commitIndex=13} to 2
21:52:08.917 [raft-server-system-partition-1] TRACE i.a.p.raft.roles.LeaderAppender - RaftServer{system-partition-1} - Sending AppendRequest{term=1, leader=1, prevLogIndex=13, prevLogTerm=1, entries=0, commitIndex=13} to 3
21:52:08.917 [raft-server-system-partition-1] TRACE i.a.p.raft.roles.FollowerRole - RaftServer{system-partition-1}{role=FOLLOWER} - Received AppendRequest{term=1, leader=1, prevLogIndex=13, prevLogTerm=1, entries=0, commitIndex=13}
21:52:08.918 [raft-server-system-partition-1] TRACE i.a.p.raft.roles.FollowerRole - RaftServer{system-partition-1}{role=FOLLOWER} - Sending AppendResponse{status=OK, term=1, succeeded=true, lastLogIndex=13}
21:52:08.918 [raft-server-system-partition-1] TRACE i.a.p.raft.roles.FollowerRole - RaftServer{system-partition-1}{role=FOLLOWER} - Received AppendRequest{term=1, leader=1, prevLogIndex=13, prevLogTerm=1, entries=0, commitIndex=13}
21:52:08.918 [raft-server-system-partition-1] TRACE i.a.p.raft.roles.FollowerRole - RaftServer{system-partition-1}{role=FOLLOWER} - Sending AppendResponse{status=OK, term=1, succeeded=true, lastLogIndex=13}
21:52:08.918 [raft-server-system-partition-1] TRACE i.a.p.raft.roles.LeaderAppender - RaftServer{system-partition-1} - Received AppendResponse{status=OK, term=1, succeeded=true, lastLogIndex=13} from 3
21:52:08.918 [raft-server-system-partition-1] TRACE i.a.p.raft.roles.LeaderAppender - RaftServer{system-partition-1} - Sending AppendRequest{term=1, leader=1, prevLogIndex=13, prevLogTerm=1, entries=0, commitIndex=13} to 3
21:52:08.918 [raft-server-system-partition-1] TRACE i.a.p.raft.roles.LeaderAppender - RaftServer{system-partition-1} - Received AppendResponse{status=OK, term=1, succeeded=true, lastLogIndex=13} from 2
21:52:08.918 [raft-server-system-partition-1] TRACE i.a.p.raft.roles.LeaderAppender - RaftServer{system-partition-1} - Sending AppendRequest{term=1, leader=1, prevLogIndex=13, prevLogTerm=1, entries=0, commitIndex=13} to 2
21:52:08.918 [raft-server-system-partition-1] TRACE i.a.p.raft.roles.FollowerRole - RaftServer{system-partition-1}{role=FOLLOWER} - Received AppendRequest{term=1, leader=1, prevLogIndex=13, prevLogTerm=1, entries=0, commitIndex=13}
21:52:08.918 [raft-server-system-partition-1] TRACE i.a.p.raft.roles.FollowerRole - RaftServer{system-partition-1}{role=FOLLOWER} - Sending AppendResponse{status=OK, term=1, succeeded=true, lastLogIndex=13}
21:52:08.918 [raft-server-system-partition-1] TRACE i.a.p.raft.roles.FollowerRole - RaftServer{system-partition-1}{role=FOLLOWER} - Received AppendRequest{term=1, leader=1, prevLogIndex=13, prevLogTerm=1, entries=0, commitIndex=13}
21:52:08.918 [raft-server-system-partition-1] TRACE i.a.p.raft.roles.FollowerRole - RaftServer{system-partition-1}{role=FOLLOWER} - Sending AppendResponse{status=OK, term=1, succeeded=true, lastLogIndex=13}
21:52:08.918 [raft-server-system-partition-1] TRACE i.a.p.raft.roles.LeaderAppender - RaftServer{system-partition-1} - Received AppendResponse{status=OK, term=1, succeeded=true, lastLogIndex=13} from 3
21:52:08.918 [raft-server-system-partition-1] TRACE i.a.p.raft.roles.LeaderAppender - RaftServer{system-partition-1} - Received AppendResponse{status=OK, term=1, succeeded=true, lastLogIndex=13} from 2
21:52:08.959 [raft-server-raft-partition-5] TRACE i.a.p.raft.roles.LeaderAppender - RaftServer{raft-partition-5} - Sending AppendRequest{term=1, leader=3, prevLogIndex=1, prevLogTerm=1, entries=0, commitIndex=1} to 1
21:52:08.959 [raft-server-raft-partition-5] TRACE i.a.p.raft.roles.LeaderAppender - RaftServer{raft-partition-5} - Sending AppendRequest{term=1, leader=3, prevLogIndex=1, prevLogTerm=1, entries=0, commitIndex=1} to 2
21:52:08.959 [raft-server-raft-partition-5] TRACE i.a.p.raft.roles.FollowerRole - RaftServer{raft-partition-5}{role=FOLLOWER} - Received AppendRequest{term=1, leader=3, prevLogIndex=1, prevLogTerm=1, entries=0, commitIndex=1}
21:52:08.959 [raft-server-raft-partition-7] TRACE i.a.p.raft.roles.LeaderAppender - RaftServer{raft-partition-7} - Sending AppendRequest{term=1, leader=2, prevLogIndex=1, prevLogTerm=1, entries=0, commitIndex=1} to 1
21:52:08.959 [raft-server-raft-partition-5] TRACE i.a.p.raft.roles.FollowerRole - RaftServer{raft-partition-5}{role=FOLLOWER} - Received AppendRequest{term=1, leader=3, prevLogIndex=1, prevLogTerm=1, entries=0, commitIndex=1}
21:52:08.959 [raft-server-raft-partition-5] TRACE i.a.p.raft.roles.FollowerRole - RaftServer{raft-partition-5}{role=FOLLOWER} - Sending AppendResponse{status=OK, term=1, succeeded=true, lastLogIndex=1}
21:52:08.959 [raft-server-raft-partition-7] TRACE i.a.p.raft.roles.LeaderAppender - RaftServer{raft-partition-7} - Sending AppendRequest{term=1, leader=2, prevLogIndex=1, prevLogTerm=1, entries=0, commitIndex=1} to 3
21:52:08.959 [raft-server-raft-partition-5] TRACE i.a.p.raft.roles.FollowerRole - RaftServer{raft-partition-5}{role=FOLLOWER} - Sending AppendResponse{status=OK, term=1, succeeded=true, lastLogIndex=1}
21:52:08.959 [raft-server-raft-partition-7] TRACE i.a.p.raft.roles.FollowerRole - RaftServer{raft-partition-7}{role=FOLLOWER} - Received AppendRequest{term=1, leader=2, prevLogIndex=1, prevLogTerm=1, entries=0, commitIndex=1}
21:52:08.959 [raft-server-raft-partition-7] TRACE i.a.p.raft.roles.FollowerRole - RaftServer{raft-partition-7}{role=FOLLOWER} - Sending AppendResponse{status=OK, term=1, succeeded=true, lastLogIndex=1}
21:52:08.959 [raft-server-raft-partition-5] TRACE i.a.p.raft.roles.LeaderAppender - RaftServer{raft-partition-5} - Received AppendResponse{status=OK, term=1, succeeded=true, lastLogIndex=1} from 1
21:52:08.959 [raft-server-raft-partition-5] TRACE i.a.p.raft.roles.LeaderAppender - RaftServer{raft-partition-5} - Sending AppendRequest{term=1, leader=3, prevLogIndex=1, prevLogTerm=1, entries=0, commitIndex=1} to 1
21:52:08.959 [raft-server-raft-partition-7] TRACE i.a.p.raft.roles.FollowerRole - RaftServer{raft-partition-7}{role=FOLLOWER} - Received AppendRequest{term=1, leader=2, prevLogIndex=1, prevLogTerm=1, entries=0, commitIndex=1}
21:52:08.960 [raft-server-raft-partition-5] TRACE i.a.p.raft.roles.LeaderAppender - RaftServer{raft-partition-5} - Received AppendResponse{status=OK, term=1, succeeded=true, lastLogIndex=1} from 2
21:52:08.960 [raft-server-raft-partition-7] TRACE i.a.p.raft.roles.LeaderAppender - RaftServer{raft-partition-7} - Received AppendResponse{status=OK, term=1, succeeded=true, lastLogIndex=1} from 1
21:52:08.960 [raft-server-raft-partition-7] TRACE i.a.p.raft.roles.FollowerRole - RaftServer{raft-partition-7}{role=FOLLOWER} - Sending AppendResponse{status=OK, term=1, succeeded=true, lastLogIndex=1}
21:52:08.960 [raft-server-raft-partition-5] TRACE i.a.p.raft.roles.LeaderAppender - RaftServer{raft-partition-5} - Sending AppendRequest{term=1, leader=3, prevLogIndex=1, prevLogTerm=1, entries=0, commitIndex=1} to 2
21:52:08.960 [raft-server-raft-partition-5] TRACE i.a.p.raft.roles.FollowerRole - RaftServer{raft-partition-5}{role=FOLLOWER} - Received AppendRequest{term=1, leader=3, prevLogIndex=1, prevLogTerm=1, entries=0, commitIndex=1}
21:52:08.960 [raft-server-raft-partition-7] TRACE i.a.p.raft.roles.LeaderAppender - RaftServer{raft-partition-7} - Sending AppendRequest{term=1, leader=2, prevLogIndex=1, prevLogTerm=1, entries=0, commitIndex=1} to 1
21:52:08.960 [raft-server-raft-partition-5] TRACE i.a.p.raft.roles.FollowerRole - RaftServer{raft-partition-5}{role=FOLLOWER} - Sending AppendResponse{status=OK, term=1, succeeded=true, lastLogIndex=1}
21:52:08.960 [raft-server-raft-partition-5] TRACE i.a.p.raft.roles.FollowerRole - RaftServer{raft-partition-5}{role=FOLLOWER} - Received AppendRequest{term=1, leader=3, prevLogIndex=1, prevLogTerm=1, entries=0, commitIndex=1}
21:52:08.960 [raft-server-raft-partition-7] TRACE i.a.p.raft.roles.LeaderAppender - RaftServer{raft-partition-7} - Received AppendResponse{status=OK, term=1, succeeded=true, lastLogIndex=1} from 3
21:52:08.960 [raft-server-raft-partition-5] TRACE i.a.p.raft.roles.FollowerRole - RaftServer{raft-partition-5}{role=FOLLOWER} - Sending AppendResponse{status=OK, term=1, succeeded=true, lastLogIndex=1}
21:52:08.960 [raft-server-raft-partition-7] TRACE i.a.p.raft.roles.FollowerRole - RaftServer{raft-partition-7}{role=FOLLOWER} - Received AppendRequest{term=1, leader=2, prevLogIndex=1, prevLogTerm=1, entries=0, commitIndex=1}
21:52:08.960 [raft-server-raft-partition-7] TRACE i.a.p.raft.roles.LeaderAppender - RaftServer{raft-partition-7} - Sending AppendRequest{term=1, leader=2, prevLogIndex=1, prevLogTerm=1, entries=0, commitIndex=1} to 3
21:52:08.960 [raft-server-raft-partition-5] TRACE i.a.p.raft.roles.LeaderAppender - RaftServer{raft-partition-5} - Received AppendResponse{status=OK, term=1, succeeded=true, lastLogIndex=1} from 1
21:52:08.960 [raft-server-raft-partition-7] TRACE i.a.p.raft.roles.FollowerRole - RaftServer{raft-partition-7}{role=FOLLOWER} - Sending AppendResponse{status=OK, term=1, succeeded=true, lastLogIndex=1}
21:52:08.960 [raft-server-raft-partition-5] TRACE i.a.p.raft.roles.LeaderAppender - RaftServer{raft-partition-5} - Sending AppendRequest{term=1, leader=3, prevLogIndex=1, prevLogTerm=1, entries=0, commitIndex=1} to 1
21:52:08.960 [raft-server-raft-partition-7] TRACE i.a.p.raft.roles.FollowerRole - RaftServer{raft-partition-7}{role=FOLLOWER} - Received AppendRequest{term=1, leader=2, prevLogIndex=1, prevLogTerm=1, entries=0, commitIndex=1}
21:52:08.961 [raft-server-raft-partition-5] TRACE i.a.p.raft.roles.LeaderAppender - RaftServer{raft-partition-5} - Received AppendResponse{status=OK, term=1, succeeded=true, lastLogIndex=1} from 2
21:52:08.961 [raft-server-raft-partition-7] TRACE i.a.p.raft.roles.FollowerRole - RaftServer{raft-partition-7}{role=FOLLOWER} - Sending AppendResponse{status=OK, term=1, succeeded=true, lastLogIndex=1}
21:52:08.961 [raft-server-raft-partition-7] TRACE i.a.p.raft.roles.LeaderAppender - RaftServer{raft-partition-7} - Received AppendResponse{status=OK, term=1, succeeded=true, lastLogIndex=1} from 1
21:52:08.961 [raft-server-raft-partition-5] TRACE i.a.p.raft.roles.FollowerRole - RaftServer{raft-partition-5}{role=FOLLOWER} - Received AppendRequest{term=1, leader=3, prevLogIndex=1, prevLogTerm=1, entries=0, commitIndex=1}
21:52:08.961 [raft-server-raft-partition-5] TRACE i.a.p.raft.roles.FollowerRole - RaftServer{raft-partition-5}{role=FOLLOWER} - Sending AppendResponse{status=OK, term=1, succeeded=true, lastLogIndex=1}
21:52:08.961 [raft-server-raft-partition-7] TRACE i.a.p.raft.roles.LeaderAppender - RaftServer{raft-partition-7} - Received AppendResponse{status=OK, term=1, succeeded=true, lastLogIndex=1} from 3
21:52:08.961 [raft-server-raft-partition-5] TRACE i.a.p.raft.roles.LeaderAppender - RaftServer{raft-partition-5} - Received AppendResponse{status=OK, term=1, succeeded=true, lastLogIndex=1} from 1
21:52:08.993 [raft-server-raft-partition-4] TRACE i.a.p.raft.roles.LeaderAppender - RaftServer{raft-partition-4} - Sending AppendRequest{term=1, leader=1, prevLogIndex=1, prevLogTerm=1, entries=0, commitIndex=1} to 2
21:52:08.993 [raft-server-raft-partition-4] TRACE i.a.p.raft.roles.LeaderAppender - RaftServer{raft-partition-4} - Sending AppendRequest{term=1, leader=1, prevLogIndex=1, prevLogTerm=1, entries=0, commitIndex=1} to 3
21:52:08.993 [raft-server-raft-partition-4] TRACE i.a.p.raft.roles.FollowerRole - RaftServer{raft-partition-4}{role=FOLLOWER} - Received AppendRequest{term=1, leader=1, prevLogIndex=1, prevLogTerm=1, entries=0, commitIndex=1}
21:52:08.993 [raft-server-raft-partition-4] TRACE i.a.p.raft.roles.FollowerRole - RaftServer{raft-partition-4}{role=FOLLOWER} - Sending AppendResponse{status=OK, term=1, succeeded=true, lastLogIndex=1}
21:52:08.993 [raft-server-raft-partition-4] TRACE i.a.p.raft.roles.FollowerRole - RaftServer{raft-partition-4}{role=FOLLOWER} - Received AppendRequest{term=1, leader=1, prevLogIndex=1, prevLogTerm=1, entries=0, commitIndex=1}
21:52:08.993 [raft-server-raft-partition-4] TRACE i.a.p.raft.roles.FollowerRole - RaftServer{raft-partition-4}{role=FOLLOWER} - Sending AppendResponse{status=OK, term=1, succeeded=true, lastLogIndex=1}
21:52:08.993 [raft-server-raft-partition-4] TRACE i.a.p.raft.roles.LeaderAppender - RaftServer{raft-partition-4} - Received AppendResponse{status=OK, term=1, succeeded=true, lastLogIndex=1} from 2
21:52:08.994 [raft-server-raft-partition-4] TRACE i.a.p.raft.roles.LeaderAppender - RaftServer{raft-partition-4} - Sending AppendRequest{term=1, leader=1, prevLogIndex=1, prevLogTerm=1, entries=0, commitIndex=1} to 2
21:52:08.994 [raft-server-raft-partition-4] TRACE i.a.p.raft.roles.LeaderAppender - RaftServer{raft-partition-4} - Received AppendResponse{status=OK, term=1, succeeded=true, lastLogIndex=1} from 3
21:52:08.994 [raft-server-raft-partition-4] TRACE i.a.p.raft.roles.LeaderAppender - RaftServer{raft-partition-4} - Sending AppendRequest{term=1, leader=1, prevLogIndex=1, prevLogTerm=1, entries=0, commitIndex=1} to 3
21:52:08.994 [raft-server-raft-partition-4] TRACE i.a.p.raft.roles.FollowerRole - RaftServer{raft-partition-4}{role=FOLLOWER} - Received AppendRequest{term=1, leader=1, prevLogIndex=1, prevLogTerm=1, entries=0, commitIndex=1}
21:52:08.994 [raft-server-raft-partition-4] TRACE i.a.p.raft.roles.FollowerRole - RaftServer{raft-partition-4}{role=FOLLOWER} - Sending AppendResponse{status=OK, term=1, succeeded=true, lastLogIndex=1}
21:52:08.994 [raft-server-raft-partition-4] TRACE i.a.p.raft.roles.FollowerRole - RaftServer{raft-partition-4}{role=FOLLOWER} - Received AppendRequest{term=1, leader=1, prevLogIndex=1, prevLogTerm=1, entries=0, commitIndex=1}
21:52:08.994 [raft-server-raft-partition-4] TRACE i.a.p.raft.roles.FollowerRole - RaftServer{raft-partition-4}{role=FOLLOWER} - Sending AppendResponse{status=OK, term=1, succeeded=true, lastLogIndex=1}
21:52:08.994 [raft-server-raft-partition-4] TRACE i.a.p.raft.roles.LeaderAppender - RaftServer{raft-partition-4} - Received AppendResponse{status=OK, term=1, succeeded=true, lastLogIndex=1} from 2
21:52:08.994 [raft-server-raft-partition-4] TRACE i.a.p.raft.roles.LeaderAppender - RaftServer{raft-partition-4} - Received AppendResponse{status=OK, term=1, succeeded=true, lastLogIndex=1} from 3
21:52:09.067 [raft-server-raft-partition-2] TRACE i.a.p.raft.roles.LeaderAppender - RaftServer{raft-partition-2} - Sending AppendRequest{term=1, leader=1, prevLogIndex=1, prevLogTerm=1, entries=0, commitIndex=1} to 2
21:52:09.068 [raft-server-raft-partition-2] TRACE i.a.p.raft.roles.LeaderAppender - RaftServer{raft-partition-2} - Sending AppendRequest{term=1, leader=1, prevLogIndex=1, prevLogTerm=1, entries=0, commitIndex=1} to 3
21:52:09.068 [raft-server-raft-partition-2] TRACE i.a.p.raft.roles.FollowerRole - RaftServer{raft-partition-2}{role=FOLLOWER} - Received AppendRequest{term=1, leader=1, prevLogIndex=1, prevLogTerm=1, entries=0, commitIndex=1}
21:52:09.068 [raft-server-raft-partition-2] TRACE i.a.p.raft.roles.FollowerRole - RaftServer{raft-partition-2}{role=FOLLOWER} - Sending AppendResponse{status=OK, term=1, succeeded=true, lastLogIndex=1}
21:52:09.068 [raft-server-raft-partition-2] TRACE i.a.p.raft.roles.FollowerRole - RaftServer{raft-partition-2}{role=FOLLOWER} - Received AppendRequest{term=1, leader=1, prevLogIndex=1, prevLogTerm=1, entries=0, commitIndex=1}
21:52:09.068 [raft-server-raft-partition-2] TRACE i.a.p.raft.roles.FollowerRole - RaftServer{raft-partition-2}{role=FOLLOWER} - Sending AppendResponse{status=OK, term=1, succeeded=true, lastLogIndex=1}
21:52:09.068 [raft-server-raft-partition-2] TRACE i.a.p.raft.roles.LeaderAppender - RaftServer{raft-partition-2} - Received AppendResponse{status=OK, term=1, succeeded=true, lastLogIndex=1} from 2
21:52:09.068 [raft-server-raft-partition-2] TRACE i.a.p.raft.roles.LeaderAppender - RaftServer{raft-partition-2} - Sending AppendRequest{term=1, leader=1, prevLogIndex=1, prevLogTerm=1, entries=0, commitIndex=1} to 2
21:52:09.068 [raft-server-raft-partition-2] TRACE i.a.p.raft.roles.LeaderAppender - RaftServer{raft-partition-2} - Received AppendResponse{status=OK, term=1, succeeded=true, lastLogIndex=1} from 3
21:52:09.068 [raft-server-raft-partition-2] TRACE i.a.p.raft.roles.FollowerRole - RaftServer{raft-partition-2}{role=FOLLOWER} - Received AppendRequest{term=1, leader=1, prevLogIndex=1, prevLogTerm=1, entries=0, commitIndex=1}
21:52:09.068 [raft-server-raft-partition-2] TRACE i.a.p.raft.roles.FollowerRole - RaftServer{raft-partition-2}{role=FOLLOWER} - Sending AppendResponse{status=OK, term=1, succeeded=true, lastLogIndex=1}
21:52:09.069 [raft-server-raft-partition-2] TRACE i.a.p.raft.roles.LeaderAppender - RaftServer{raft-partition-2} - Received AppendResponse{status=OK, term=1, succeeded=true, lastLogIndex=1} from 2
21:52:09.076 [raft-server-raft-partition-6] TRACE i.a.p.raft.roles.LeaderAppender - RaftServer{raft-partition-6} - Sending AppendRequest{term=1, leader=1, prevLogIndex=1, prevLogTerm=1, entries=0, commitIndex=1} to 2
21:52:09.076 [raft-server-raft-partition-6] TRACE i.a.p.raft.roles.LeaderAppender - RaftServer{raft-partition-6} - Sending AppendRequest{term=1, leader=1, prevLogIndex=1, prevLogTerm=1, entries=0, commitIndex=1} to 3
21:52:09.076 [raft-server-raft-partition-6] TRACE i.a.p.raft.roles.FollowerRole - RaftServer{raft-partition-6}{role=FOLLOWER} - Received AppendRequest{term=1, leader=1, prevLogIndex=1, prevLogTerm=1, entries=0, commitIndex=1}
21:52:09.076 [raft-server-raft-partition-6] TRACE i.a.p.raft.roles.FollowerRole - RaftServer{raft-partition-6}{role=FOLLOWER} - Received AppendRequest{term=1, leader=1, prevLogIndex=1, prevLogTerm=1, entries=0, commitIndex=1}
21:52:09.076 [raft-server-raft-partition-6] TRACE i.a.p.raft.roles.FollowerRole - RaftServer{raft-partition-6}{role=FOLLOWER} - Sending AppendResponse{status=OK, term=1, succeeded=true, lastLogIndex=1}
21:52:09.076 [raft-server-raft-partition-6] TRACE i.a.p.raft.roles.FollowerRole - RaftServer{raft-partition-6}{role=FOLLOWER} - Sending AppendResponse{status=OK, term=1, succeeded=true, lastLogIndex=1}
21:52:09.076 [raft-server-raft-partition-6] TRACE i.a.p.raft.roles.LeaderAppender - RaftServer{raft-partition-6} - Received AppendResponse{status=OK, term=1, succeeded=true, lastLogIndex=1} from 2
21:52:09.076 [raft-server-raft-partition-6] TRACE i.a.p.raft.roles.LeaderAppender - RaftServer{raft-partition-6} - Sending AppendRequest{term=1, leader=1, prevLogIndex=1, prevLogTerm=1, entries=0, commitIndex=1} to 2
21:52:09.077 [raft-server-raft-partition-6] TRACE i.a.p.raft.roles.LeaderAppender - RaftServer{raft-partition-6} - Received AppendResponse{status=OK, term=1, succeeded=true, lastLogIndex=1} from 3
21:52:09.077 [raft-server-raft-partition-6] TRACE i.a.p.raft.roles.LeaderAppender - RaftServer{raft-partition-6} - Sending AppendRequest{term=1, leader=1, prevLogIndex=1, prevLogTerm=1, entries=0, commitIndex=1} to 3
21:52:09.077 [raft-server-raft-partition-6] TRACE i.a.p.raft.roles.FollowerRole - RaftServer{raft-partition-6}{role=FOLLOWER} - Received AppendRequest{term=1, leader=1, prevLogIndex=1, prevLogTerm=1, entries=0, commitIndex=1}
21:52:09.077 [raft-server-raft-partition-6] TRACE i.a.p.raft.roles.FollowerRole - RaftServer{raft-partition-6}{role=FOLLOWER} - Sending AppendResponse{status=OK, term=1, succeeded=true, lastLogIndex=1}
21:52:09.077 [raft-server-raft-partition-6] TRACE i.a.p.raft.roles.FollowerRole - RaftServer{raft-partition-6}{role=FOLLOWER} - Received AppendRequest{term=1, leader=1, prevLogIndex=1, prevLogTerm=1, entries=0, commitIndex=1}
21:52:09.077 [raft-server-raft-partition-6] TRACE i.a.p.raft.roles.FollowerRole - RaftServer{raft-partition-6}{role=FOLLOWER} - Sending AppendResponse{status=OK, term=1, succeeded=true, lastLogIndex=1}
21:52:09.077 [raft-server-raft-partition-6] TRACE i.a.p.raft.roles.LeaderAppender - RaftServer{raft-partition-6} - Received AppendResponse{status=OK, term=1, succeeded=true, lastLogIndex=1} from 2
21:52:09.077 [raft-server-raft-partition-6] TRACE i.a.p.raft.roles.LeaderAppender - RaftServer{raft-partition-6} - Sending AppendRequest{term=1, leader=1, prevLogIndex=1, prevLogTerm=1, entries=0, commitIndex=1} to 2
21:52:09.077 [raft-server-raft-partition-6] TRACE i.a.p.raft.roles.LeaderAppender - RaftServer{raft-partition-6} - Received AppendResponse{status=OK, term=1, succeeded=true, lastLogIndex=1} from 3
21:52:09.077 [raft-server-raft-partition-6] TRACE i.a.p.raft.roles.FollowerRole - RaftServer{raft-partition-6}{role=FOLLOWER} - Received AppendRequest{term=1, leader=1, prevLogIndex=1, prevLogTerm=1, entries=0, commitIndex=1}
21:52:09.077 [raft-server-raft-partition-6] TRACE i.a.p.raft.roles.FollowerRole - RaftServer{raft-partition-6}{role=FOLLOWER} - Sending AppendResponse{status=OK, term=1, succeeded=true, lastLogIndex=1}
21:52:09.078 [raft-server-raft-partition-6] TRACE i.a.p.raft.roles.LeaderAppender - RaftServer{raft-partition-6} - Received AppendResponse{status=OK, term=1, succeeded=true, lastLogIndex=1} from 2
21:52:09.134 [raft-server-raft-partition-1] TRACE i.a.p.raft.roles.LeaderAppender - RaftServer{raft-partition-1} - Sending AppendRequest{term=1, leader=2, prevLogIndex=1, prevLogTerm=1, entries=0, commitIndex=1} to 3
21:52:09.135 [raft-server-raft-partition-1] TRACE i.a.p.raft.roles.FollowerRole - RaftServer{raft-partition-1}{role=FOLLOWER} - Received AppendRequest{term=1, leader=2, prevLogIndex=1, prevLogTerm=1, entries=0, commitIndex=1}
21:52:09.135 [raft-server-raft-partition-1] TRACE i.a.p.raft.roles.FollowerRole - RaftServer{raft-partition-1}{role=FOLLOWER} - Sending AppendResponse{status=OK, term=1, succeeded=true, lastLogIndex=1}
21:52:09.135 [raft-server-raft-partition-1] TRACE i.a.p.raft.roles.LeaderAppender - RaftServer{raft-partition-1} - Received AppendResponse{status=OK, term=1, succeeded=true, lastLogIndex=1} from 3
21:52:09.135 [raft-server-raft-partition-1] TRACE i.a.p.raft.roles.LeaderAppender - RaftServer{raft-partition-1} - Sending AppendRequest{term=1, leader=2, prevLogIndex=1, prevLogTerm=1, entries=0, commitIndex=1} to 3
21:52:09.135 [raft-server-raft-partition-1] TRACE i.a.p.raft.roles.FollowerRole - RaftServer{raft-partition-1}{role=FOLLOWER} - Received AppendRequest{term=1, leader=2, prevLogIndex=1, prevLogTerm=1, entries=0, commitIndex=1}
21:52:09.135 [raft-server-raft-partition-1] TRACE i.a.p.raft.roles.FollowerRole - RaftServer{raft-partition-1}{role=FOLLOWER} - Sending AppendResponse{status=OK, term=1, succeeded=true, lastLogIndex=1}
21:52:09.136 [raft-server-raft-partition-1] TRACE i.a.p.raft.roles.LeaderAppender - RaftServer{raft-partition-1} - Received AppendResponse{status=OK, term=1, succeeded=true, lastLogIndex=1} from 3
21:52:09.167 [raft-server-system-partition-1] TRACE i.a.p.raft.roles.LeaderAppender - RaftServer{system-partition-1} - Sending AppendRequest{term=1, leader=1, prevLogIndex=13, prevLogTerm=1, entries=0, commitIndex=13} to 2
21:52:09.167 [raft-server-system-partition-1] TRACE i.a.p.raft.roles.LeaderAppender - RaftServer{system-partition-1} - Sending AppendRequest{term=1, leader=1, prevLogIndex=13, prevLogTerm=1, entries=0, commitIndex=13} to 3
21:52:09.168 [raft-server-system-partition-1] TRACE i.a.p.raft.roles.FollowerRole - RaftServer{system-partition-1}{role=FOLLOWER} - Received AppendRequest{term=1, leader=1, prevLogIndex=13, prevLogTerm=1, entries=0, commitIndex=13}
21:52:09.168 [raft-server-system-partition-1] TRACE i.a.p.raft.roles.FollowerRole - RaftServer{system-partition-1}{role=FOLLOWER} - Sending AppendResponse{status=OK, term=1, succeeded=true, lastLogIndex=13}
21:52:09.168 [raft-server-system-partition-1] TRACE i.a.p.raft.roles.FollowerRole - RaftServer{system-partition-1}{role=FOLLOWER} - Received AppendRequest{term=1, leader=1, prevLogIndex=13, prevLogTerm=1, entries=0, commitIndex=13}
21:52:09.168 [raft-server-system-partition-1] TRACE i.a.p.raft.roles.FollowerRole - RaftServer{system-partition-1}{role=FOLLOWER} - Sending AppendResponse{status=OK, term=1, succeeded=true, lastLogIndex=13}
21:52:09.168 [raft-server-system-partition-1] TRACE i.a.p.raft.roles.LeaderAppender - RaftServer{system-partition-1} - Received AppendResponse{status=OK, term=1, succeeded=true, lastLogIndex=13} from 2
21:52:09.168 [raft-server-system-partition-1] TRACE i.a.p.raft.roles.LeaderAppender - RaftServer{system-partition-1} - Sending AppendRequest{term=1, leader=1, prevLogIndex=13, prevLogTerm=1, entries=0, commitIndex=13} to 2
21:52:09.168 [raft-server-system-partition-1] TRACE i.a.p.raft.roles.LeaderAppender - RaftServer{system-partition-1} - Received AppendResponse{status=OK, term=1, succeeded=true, lastLogIndex=13} from 3
21:52:09.168 [raft-server-system-partition-1] TRACE i.a.p.raft.roles.LeaderAppender - RaftServer{system-partition-1} - Sending AppendRequest{term=1, leader=1, prevLogIndex=13, prevLogTerm=1, entries=0, commitIndex=13} to 3
21:52:09.168 [raft-server-system-partition-1] TRACE i.a.p.raft.roles.FollowerRole - RaftServer{system-partition-1}{role=FOLLOWER} - Received AppendRequest{term=1, leader=1, prevLogIndex=13, prevLogTerm=1, entries=0, commitIndex=13}
21:52:09.168 [raft-server-system-partition-1] TRACE i.a.p.raft.roles.FollowerRole - RaftServer{system-partition-1}{role=FOLLOWER} - Sending AppendResponse{status=OK, term=1, succeeded=true, lastLogIndex=13}
21:52:09.168 [raft-server-system-partition-1] TRACE i.a.p.raft.roles.FollowerRole - RaftServer{system-partition-1}{role=FOLLOWER} - Received AppendRequest{term=1, leader=1, prevLogIndex=13, prevLogTerm=1, entries=0, commitIndex=13}
21:52:09.168 [raft-server-system-partition-1] TRACE i.a.p.raft.roles.FollowerRole - RaftServer{system-partition-1}{role=FOLLOWER} - Sending AppendResponse{status=OK, term=1, succeeded=true, lastLogIndex=13}
21:52:09.168 [raft-server-system-partition-1] TRACE i.a.p.raft.roles.LeaderAppender - RaftServer{system-partition-1} - Received AppendResponse{status=OK, term=1, succeeded=true, lastLogIndex=13} from 2
21:52:09.169 [raft-server-system-partition-1] TRACE i.a.p.raft.roles.LeaderAppender - RaftServer{system-partition-1} - Received AppendResponse{status=OK, term=1, succeeded=true, lastLogIndex=13} from 3
21:52:09.209 [raft-server-raft-partition-5] TRACE i.a.p.raft.roles.LeaderAppender - RaftServer{raft-partition-5} - Sending AppendRequest{term=1, leader=3, prevLogIndex=1, prevLogTerm=1, entries=0, commitIndex=1} to 1
21:52:09.209 [raft-server-raft-partition-5] TRACE i.a.p.raft.roles.LeaderAppender - RaftServer{raft-partition-5} - Sending AppendRequest{term=1, leader=3, prevLogIndex=1, prevLogTerm=1, entries=0, commitIndex=1} to 2
21:52:09.209 [raft-server-raft-partition-7] TRACE i.a.p.raft.roles.LeaderAppender - RaftServer{raft-partition-7} - Sending AppendRequest{term=1, leader=2, prevLogIndex=1, prevLogTerm=1, entries=0, commitIndex=1} to 1
21:52:09.209 [raft-server-raft-partition-5] TRACE i.a.p.raft.roles.FollowerRole - RaftServer{raft-partition-5}{role=FOLLOWER} - Received AppendRequest{term=1, leader=3, prevLogIndex=1, prevLogTerm=1, entries=0, commitIndex=1}
21:52:09.209 [raft-server-raft-partition-5] TRACE i.a.p.raft.roles.FollowerRole - RaftServer{raft-partition-5}{role=FOLLOWER} - Received AppendRequest{term=1, leader=3, prevLogIndex=1, prevLogTerm=1, entries=0, commitIndex=1}
21:52:09.209 [raft-server-raft-partition-7] TRACE i.a.p.raft.roles.LeaderAppender - RaftServer{raft-partition-7} - Sending AppendRequest{term=1, leader=2, prevLogIndex=1, prevLogTerm=1, entries=0, commitIndex=1} to 3
21:52:09.209 [raft-server-raft-partition-5] TRACE i.a.p.raft.roles.FollowerRole - RaftServer{raft-partition-5}{role=FOLLOWER} - Sending AppendResponse{status=OK, term=1, succeeded=true, lastLogIndex=1}
21:52:09.209 [raft-server-raft-partition-5] TRACE i.a.p.raft.roles.FollowerRole - RaftServer{raft-partition-5}{role=FOLLOWER} - Sending AppendResponse{status=OK, term=1, succeeded=true, lastLogIndex=1}
21:52:09.209 [raft-server-raft-partition-7] TRACE i.a.p.raft.roles.FollowerRole - RaftServer{raft-partition-7}{role=FOLLOWER} - Received AppendRequest{term=1, leader=2, prevLogIndex=1, prevLogTerm=1, entries=0, commitIndex=1}
21:52:09.209 [raft-server-raft-partition-7] TRACE i.a.p.raft.roles.FollowerRole - RaftServer{raft-partition-7}{role=FOLLOWER} - Received AppendRequest{term=1, leader=2, prevLogIndex=1, prevLogTerm=1, entries=0, commitIndex=1}
21:52:09.209 [raft-server-raft-partition-7] TRACE i.a.p.raft.roles.FollowerRole - RaftServer{raft-partition-7}{role=FOLLOWER} - Sending AppendResponse{status=OK, term=1, succeeded=true, lastLogIndex=1}
21:52:09.209 [raft-server-raft-partition-5] TRACE i.a.p.raft.roles.LeaderAppender - RaftServer{raft-partition-5} - Received AppendResponse{status=OK, term=1, succeeded=true, lastLogIndex=1} from 1
21:52:09.209 [raft-server-raft-partition-7] TRACE i.a.p.raft.roles.FollowerRole - RaftServer{raft-partition-7}{role=FOLLOWER} - Sending AppendResponse{status=OK, term=1, succeeded=true, lastLogIndex=1}
21:52:09.210 [raft-server-raft-partition-5] TRACE i.a.p.raft.roles.LeaderAppender - RaftServer{raft-partition-5} - Sending AppendRequest{term=1, leader=3, prevLogIndex=1, prevLogTerm=1, entries=0, commitIndex=1} to 1
21:52:09.210 [raft-server-raft-partition-7] TRACE i.a.p.raft.roles.LeaderAppender - RaftServer{raft-partition-7} - Received AppendResponse{status=OK, term=1, succeeded=true, lastLogIndex=1} from 1
21:52:09.210 [raft-server-raft-partition-5] TRACE i.a.p.raft.roles.LeaderAppender - RaftServer{raft-partition-5} - Received AppendResponse{status=OK, term=1, succeeded=true, lastLogIndex=1} from 2
21:52:09.210 [raft-server-raft-partition-7] TRACE i.a.p.raft.roles.LeaderAppender - RaftServer{raft-partition-7} - Sending AppendRequest{term=1, leader=2, prevLogIndex=1, prevLogTerm=1, entries=0, commitIndex=1} to 1
21:52:09.210 [raft-server-raft-partition-5] TRACE i.a.p.raft.roles.LeaderAppender - RaftServer{raft-partition-5} - Sending AppendRequest{term=1, leader=3, prevLogIndex=1, prevLogTerm=1, entries=0, commitIndex=1} to 2
21:52:09.210 [raft-server-raft-partition-5] TRACE i.a.p.raft.roles.FollowerRole - RaftServer{raft-partition-5}{role=FOLLOWER} - Received AppendRequest{term=1, leader=3, prevLogIndex=1, prevLogTerm=1, entries=0, commitIndex=1}
21:52:09.210 [raft-server-raft-partition-7] TRACE i.a.p.raft.roles.LeaderAppender - RaftServer{raft-partition-7} - Received AppendResponse{status=OK, term=1, succeeded=true, lastLogIndex=1} from 3
21:52:09.210 [raft-server-raft-partition-5] TRACE i.a.p.raft.roles.FollowerRole - RaftServer{raft-partition-5}{role=FOLLOWER} - Sending AppendResponse{status=OK, term=1, succeeded=true, lastLogIndex=1}
21:52:09.210 [raft-server-raft-partition-7] TRACE i.a.p.raft.roles.FollowerRole - RaftServer{raft-partition-7}{role=FOLLOWER} - Received AppendRequest{term=1, leader=2, prevLogIndex=1, prevLogTerm=1, entries=0, commitIndex=1}
21:52:09.210 [raft-server-raft-partition-7] TRACE i.a.p.raft.roles.LeaderAppender - RaftServer{raft-partition-7} - Sending AppendRequest{term=1, leader=2, prevLogIndex=1, prevLogTerm=1, entries=0, commitIndex=1} to 3
21:52:09.210 [raft-server-raft-partition-5] TRACE i.a.p.raft.roles.FollowerRole - RaftServer{raft-partition-5}{role=FOLLOWER} - Received AppendRequest{term=1, leader=3, prevLogIndex=1, prevLogTerm=1, entries=0, commitIndex=1}
21:52:09.210 [raft-server-raft-partition-7] TRACE i.a.p.raft.roles.FollowerRole - RaftServer{raft-partition-7}{role=FOLLOWER} - Sending AppendResponse{status=OK, term=1, succeeded=true, lastLogIndex=1}
21:52:09.210 [raft-server-raft-partition-5] TRACE i.a.p.raft.roles.LeaderAppender - RaftServer{raft-partition-5} - Received AppendResponse{status=OK, term=1, succeeded=true, lastLogIndex=1} from 1
21:52:09.210 [raft-server-raft-partition-5] TRACE i.a.p.raft.roles.FollowerRole - RaftServer{raft-partition-5}{role=FOLLOWER} - Sending AppendResponse{status=OK, term=1, succeeded=true, lastLogIndex=1}
21:52:09.210 [raft-server-raft-partition-7] TRACE i.a.p.raft.roles.FollowerRole - RaftServer{raft-partition-7}{role=FOLLOWER} - Received AppendRequest{term=1, leader=2, prevLogIndex=1, prevLogTerm=1, entries=0, commitIndex=1}
21:52:09.210 [raft-server-raft-partition-7] TRACE i.a.p.raft.roles.FollowerRole - RaftServer{raft-partition-7}{role=FOLLOWER} - Sending AppendResponse{status=OK, term=1, succeeded=true, lastLogIndex=1}
21:52:09.210 [raft-server-raft-partition-7] TRACE i.a.p.raft.roles.LeaderAppender - RaftServer{raft-partition-7} - Received AppendResponse{status=OK, term=1, succeeded=true, lastLogIndex=1} from 1
21:52:09.211 [raft-server-raft-partition-5] TRACE i.a.p.raft.roles.LeaderAppender - RaftServer{raft-partition-5} - Received AppendResponse{status=OK, term=1, succeeded=true, lastLogIndex=1} from 2
21:52:09.211 [raft-server-raft-partition-7] TRACE i.a.p.raft.roles.LeaderAppender - RaftServer{raft-partition-7} - Received AppendResponse{status=OK, term=1, succeeded=true, lastLogIndex=1} from 3
21:52:09.243 [raft-server-raft-partition-4] TRACE i.a.p.raft.roles.LeaderAppender - RaftServer{raft-partition-4} - Sending AppendRequest{term=1, leader=1, prevLogIndex=1, prevLogTerm=1, entries=0, commitIndex=1} to 2
21:52:09.243 [raft-server-raft-partition-4] TRACE i.a.p.raft.roles.LeaderAppender - RaftServer{raft-partition-4} - Sending AppendRequest{term=1, leader=1, prevLogIndex=1, prevLogTerm=1, entries=0, commitIndex=1} to 3
21:52:09.243 [raft-server-raft-partition-4] TRACE i.a.p.raft.roles.FollowerRole - RaftServer{raft-partition-4}{role=FOLLOWER} - Received AppendRequest{term=1, leader=1, prevLogIndex=1, prevLogTerm=1, entries=0, commitIndex=1}
21:52:09.243 [raft-server-raft-partition-4] TRACE i.a.p.raft.roles.FollowerRole - RaftServer{raft-partition-4}{role=FOLLOWER} - Sending AppendResponse{status=OK, term=1, succeeded=true, lastLogIndex=1}
21:52:09.243 [raft-server-raft-partition-4] TRACE i.a.p.raft.roles.FollowerRole - RaftServer{raft-partition-4}{role=FOLLOWER} - Received AppendRequest{term=1, leader=1, prevLogIndex=1, prevLogTerm=1, entries=0, commitIndex=1}
21:52:09.243 [raft-server-raft-partition-4] TRACE i.a.p.raft.roles.FollowerRole - RaftServer{raft-partition-4}{role=FOLLOWER} - Sending AppendResponse{status=OK, term=1, succeeded=true, lastLogIndex=1}
21:52:09.243 [raft-server-raft-partition-4] TRACE i.a.p.raft.roles.LeaderAppender - RaftServer{raft-partition-4} - Received AppendResponse{status=OK, term=1, succeeded=true, lastLogIndex=1} from 2
21:52:09.243 [raft-server-raft-partition-4] TRACE i.a.p.raft.roles.LeaderAppender - RaftServer{raft-partition-4} - Sending AppendRequest{term=1, leader=1, prevLogIndex=1, prevLogTerm=1, entries=0, commitIndex=1} to 2
21:52:09.244 [raft-server-raft-partition-4] TRACE i.a.p.raft.roles.LeaderAppender - RaftServer{raft-partition-4} - Received AppendResponse{status=OK, term=1, succeeded=true, lastLogIndex=1} from 3
21:52:09.244 [raft-server-raft-partition-4] TRACE i.a.p.raft.roles.LeaderAppender - RaftServer{raft-partition-4} - Sending AppendRequest{term=1, leader=1, prevLogIndex=1, prevLogTerm=1, entries=0, commitIndex=1} to 3
21:52:09.244 [raft-server-raft-partition-4] TRACE i.a.p.raft.roles.FollowerRole - RaftServer{raft-partition-4}{role=FOLLOWER} - Received AppendRequest{term=1, leader=1, prevLogIndex=1, prevLogTerm=1, entries=0, commitIndex=1}
21:52:09.244 [raft-server-raft-partition-4] TRACE i.a.p.raft.roles.FollowerRole - RaftServer{raft-partition-4}{role=FOLLOWER} - Sending AppendResponse{status=OK, term=1, succeeded=true, lastLogIndex=1}
21:52:09.244 [raft-server-raft-partition-4] TRACE i.a.p.raft.roles.FollowerRole - RaftServer{raft-partition-4}{role=FOLLOWER} - Received AppendRequest{term=1, leader=1, prevLogIndex=1, prevLogTerm=1, entries=0, commitIndex=1}
21:52:09.244 [raft-server-raft-partition-4] TRACE i.a.p.raft.roles.FollowerRole - RaftServer{raft-partition-4}{role=FOLLOWER} - Sending AppendResponse{status=OK, term=1, succeeded=true, lastLogIndex=1}
21:52:09.244 [raft-server-raft-partition-4] TRACE i.a.p.raft.roles.LeaderAppender - RaftServer{raft-partition-4} - Received AppendResponse{status=OK, term=1, succeeded=true, lastLogIndex=1} from 2
21:52:09.244 [raft-server-raft-partition-4] TRACE i.a.p.raft.roles.LeaderAppender - RaftServer{raft-partition-4} - Sending AppendRequest{term=1, leader=1, prevLogIndex=1, prevLogTerm=1, entries=0, commitIndex=1} to 2
21:52:09.244 [raft-server-raft-partition-4] TRACE i.a.p.raft.roles.LeaderAppender - RaftServer{raft-partition-4} - Received AppendResponse{status=OK, term=1, succeeded=true, lastLogIndex=1} from 3
21:52:09.244 [raft-server-raft-partition-4] TRACE i.a.p.raft.roles.FollowerRole - RaftServer{raft-partition-4}{role=FOLLOWER} - Received AppendRequest{term=1, leader=1, prevLogIndex=1, prevLogTerm=1, entries=0, commitIndex=1}
21:52:09.244 [raft-server-raft-partition-4] TRACE i.a.p.raft.roles.FollowerRole - RaftServer{raft-partition-4}{role=FOLLOWER} - Sending AppendResponse{status=OK, term=1, succeeded=true, lastLogIndex=1}
21:52:09.245 [raft-server-raft-partition-4] TRACE i.a.p.raft.roles.LeaderAppender - RaftServer{raft-partition-4} - Received AppendResponse{status=OK, term=1, succeeded=true, lastLogIndex=1} from 2
21:52:09.317 [raft-server-raft-partition-2] TRACE i.a.p.raft.roles.LeaderAppender - RaftServer{raft-partition-2} - Sending AppendRequest{term=1, leader=1, prevLogIndex=1, prevLogTerm=1, entries=0, commitIndex=1} to 2
21:52:09.318 [raft-server-raft-partition-2] TRACE i.a.p.raft.roles.LeaderAppender - RaftServer{raft-partition-2} - Sending AppendRequest{term=1, leader=1, prevLogIndex=1, prevLogTerm=1, entries=0, commitIndex=1} to 3
21:52:09.318 [raft-server-raft-partition-2] TRACE i.a.p.raft.roles.FollowerRole - RaftServer{raft-partition-2}{role=FOLLOWER} - Received AppendRequest{term=1, leader=1, prevLogIndex=1, prevLogTerm=1, entries=0, commitIndex=1}
21:52:09.318 [raft-server-raft-partition-2] TRACE i.a.p.raft.roles.FollowerRole - RaftServer{raft-partition-2}{role=FOLLOWER} - Sending AppendResponse{status=OK, term=1, succeeded=true, lastLogIndex=1}
21:52:09.318 [raft-server-raft-partition-2] TRACE i.a.p.raft.roles.FollowerRole - RaftServer{raft-partition-2}{role=FOLLOWER} - Received AppendRequest{term=1, leader=1, prevLogIndex=1, prevLogTerm=1, entries=0, commitIndex=1}
21:52:09.318 [raft-server-raft-partition-2] TRACE i.a.p.raft.roles.FollowerRole - RaftServer{raft-partition-2}{role=FOLLOWER} - Sending AppendResponse{status=OK, term=1, succeeded=true, lastLogIndex=1}
21:52:09.318 [raft-server-raft-partition-2] TRACE i.a.p.raft.roles.LeaderAppender - RaftServer{raft-partition-2} - Received AppendResponse{status=OK, term=1, succeeded=true, lastLogIndex=1} from 2
21:52:09.318 [raft-server-raft-partition-2] TRACE i.a.p.raft.roles.LeaderAppender - RaftServer{raft-partition-2} - Sending AppendRequest{term=1, leader=1, prevLogIndex=1, prevLogTerm=1, entries=0, commitIndex=1} to 2
21:52:09.318 [raft-server-raft-partition-2] TRACE i.a.p.raft.roles.LeaderAppender - RaftServer{raft-partition-2} - Received AppendResponse{status=OK, term=1, succeeded=true, lastLogIndex=1} from 3
21:52:09.318 [raft-server-raft-partition-2] TRACE i.a.p.raft.roles.FollowerRole - RaftServer{raft-partition-2}{role=FOLLOWER} - Received AppendRequest{term=1, leader=1, prevLogIndex=1, prevLogTerm=1, entries=0, commitIndex=1}
21:52:09.318 [raft-server-raft-partition-2] TRACE i.a.p.raft.roles.FollowerRole - RaftServer{raft-partition-2}{role=FOLLOWER} - Sending AppendResponse{status=OK, term=1, succeeded=true, lastLogIndex=1}
21:52:09.318 [raft-server-raft-partition-2] TRACE i.a.p.raft.roles.LeaderAppender - RaftServer{raft-partition-2} - Received AppendResponse{status=OK, term=1, succeeded=true, lastLogIndex=1} from 2
21:52:09.326 [raft-server-raft-partition-6] TRACE i.a.p.raft.roles.LeaderAppender - RaftServer{raft-partition-6} - Sending AppendRequest{term=1, leader=1, prevLogIndex=1, prevLogTerm=1, entries=0, commitIndex=1} to 2
21:52:09.326 [raft-server-raft-partition-6] TRACE i.a.p.raft.roles.LeaderAppender - RaftServer{raft-partition-6} - Sending AppendRequest{term=1, leader=1, prevLogIndex=1, prevLogTerm=1, entries=0, commitIndex=1} to 3
21:52:09.326 [raft-server-raft-partition-6] TRACE i.a.p.raft.roles.FollowerRole - RaftServer{raft-partition-6}{role=FOLLOWER} - Received AppendRequest{term=1, leader=1, prevLogIndex=1, prevLogTerm=1, entries=0, commitIndex=1}
21:52:09.326 [raft-server-raft-partition-6] TRACE i.a.p.raft.roles.FollowerRole - RaftServer{raft-partition-6}{role=FOLLOWER} - Sending AppendResponse{status=OK, term=1, succeeded=true, lastLogIndex=1}
21:52:09.326 [raft-server-raft-partition-6] TRACE i.a.p.raft.roles.FollowerRole - RaftServer{raft-partition-6}{role=FOLLOWER} - Received AppendRequest{term=1, leader=1, prevLogIndex=1, prevLogTerm=1, entries=0, commitIndex=1}
21:52:09.326 [raft-server-raft-partition-6] TRACE i.a.p.raft.roles.FollowerRole - RaftServer{raft-partition-6}{role=FOLLOWER} - Sending AppendResponse{status=OK, term=1, succeeded=true, lastLogIndex=1}
21:52:09.326 [raft-server-raft-partition-6] TRACE i.a.p.raft.roles.LeaderAppender - RaftServer{raft-partition-6} - Received AppendResponse{status=OK, term=1, succeeded=true, lastLogIndex=1} from 3
21:52:09.326 [raft-server-raft-partition-6] TRACE i.a.p.raft.roles.LeaderAppender - RaftServer{raft-partition-6} - Received AppendResponse{status=OK, term=1, succeeded=true, lastLogIndex=1} from 2
21:52:09.384 [raft-server-raft-partition-1] TRACE i.a.p.raft.roles.LeaderAppender - RaftServer{raft-partition-1} - Sending AppendRequest{term=1, leader=2, prevLogIndex=1, prevLogTerm=1, entries=0, commitIndex=1} to 3
21:52:09.385 [raft-server-raft-partition-1] TRACE i.a.p.raft.roles.FollowerRole - RaftServer{raft-partition-1}{role=FOLLOWER} - Received AppendRequest{term=1, leader=2, prevLogIndex=1, prevLogTerm=1, entries=0, commitIndex=1}
21:52:09.385 [raft-server-raft-partition-1] TRACE i.a.p.raft.roles.FollowerRole - RaftServer{raft-partition-1}{role=FOLLOWER} - Sending AppendResponse{status=OK, term=1, succeeded=true, lastLogIndex=1}
21:52:09.385 [raft-server-raft-partition-1] TRACE i.a.p.raft.roles.LeaderAppender - RaftServer{raft-partition-1} - Received AppendResponse{status=OK, term=1, succeeded=true, lastLogIndex=1} from 3
21:52:09.385 [raft-server-raft-partition-1] TRACE i.a.p.raft.roles.LeaderAppender - RaftServer{raft-partition-1} - Sending AppendRequest{term=1, leader=2, prevLogIndex=1, prevLogTerm=1, entries=0, commitIndex=1} to 3
21:52:09.385 [raft-server-raft-partition-1] TRACE i.a.p.raft.roles.FollowerRole - RaftServer{raft-partition-1}{role=FOLLOWER} - Received AppendRequest{term=1, leader=2, prevLogIndex=1, prevLogTerm=1, entries=0, commitIndex=1}
21:52:09.386 [raft-server-raft-partition-1] TRACE i.a.p.raft.roles.FollowerRole - RaftServer{raft-partition-1}{role=FOLLOWER} - Sending AppendResponse{status=OK, term=1, succeeded=true, lastLogIndex=1}
21:52:09.386 [raft-server-raft-partition-1] TRACE i.a.p.raft.roles.LeaderAppender - RaftServer{raft-partition-1} - Received AppendResponse{status=OK, term=1, succeeded=true, lastLogIndex=1} from 3
21:52:09.417 [raft-server-system-partition-1] TRACE i.a.p.raft.roles.LeaderAppender - RaftServer{system-partition-1} - Sending AppendRequest{term=1, leader=1, prevLogIndex=13, prevLogTerm=1, entries=0, commitIndex=13} to 2
21:52:09.417 [raft-server-system-partition-1] TRACE i.a.p.raft.roles.LeaderAppender - RaftServer{system-partition-1} - Sending AppendRequest{term=1, leader=1, prevLogIndex=13, prevLogTerm=1, entries=0, commitIndex=13} to 3
21:52:09.417 [raft-server-system-partition-1] TRACE i.a.p.raft.roles.FollowerRole - RaftServer{system-partition-1}{role=FOLLOWER} - Received AppendRequest{term=1, leader=1, prevLogIndex=13, prevLogTerm=1, entries=0, commitIndex=13}
21:52:09.417 [raft-server-system-partition-1] TRACE i.a.p.raft.roles.FollowerRole - RaftServer{system-partition-1}{role=FOLLOWER} - Received AppendRequest{term=1, leader=1, prevLogIndex=13, prevLogTerm=1, entries=0, commitIndex=13}
21:52:09.418 [raft-server-system-partition-1] TRACE i.a.p.raft.roles.FollowerRole - RaftServer{system-partition-1}{role=FOLLOWER} - Sending AppendResponse{status=OK, term=1, succeeded=true, lastLogIndex=13}
21:52:09.418 [raft-server-system-partition-1] TRACE i.a.p.raft.roles.FollowerRole - RaftServer{system-partition-1}{role=FOLLOWER} - Sending AppendResponse{status=OK, term=1, succeeded=true, lastLogIndex=13}
21:52:09.418 [raft-server-system-partition-1] TRACE i.a.p.raft.roles.LeaderAppender - RaftServer{system-partition-1} - Received AppendResponse{status=OK, term=1, succeeded=true, lastLogIndex=13} from 2
21:52:09.418 [raft-server-system-partition-1] TRACE i.a.p.raft.roles.LeaderAppender - RaftServer{system-partition-1} - Sending AppendRequest{term=1, leader=1, prevLogIndex=13, prevLogTerm=1, entries=0, commitIndex=13} to 2
21:52:09.418 [raft-server-system-partition-1] TRACE i.a.p.raft.roles.LeaderAppender - RaftServer{system-partition-1} - Received AppendResponse{status=OK, term=1, succeeded=true, lastLogIndex=13} from 3
21:52:09.418 [raft-server-system-partition-1] TRACE i.a.p.raft.roles.LeaderAppender - RaftServer{system-partition-1} - Sending AppendRequest{term=1, leader=1, prevLogIndex=13, prevLogTerm=1, entries=0, commitIndex=13} to 3
21:52:09.418 [raft-server-system-partition-1] TRACE i.a.p.raft.roles.FollowerRole - RaftServer{system-partition-1}{role=FOLLOWER} - Received AppendRequest{term=1, leader=1, prevLogIndex=13, prevLogTerm=1, entries=0, commitIndex=13}
21:52:09.418 [raft-server-system-partition-1] TRACE i.a.p.raft.roles.FollowerRole - RaftServer{system-partition-1}{role=FOLLOWER} - Sending AppendResponse{status=OK, term=1, succeeded=true, lastLogIndex=13}
21:52:09.418 [raft-server-system-partition-1] TRACE i.a.p.raft.roles.FollowerRole - RaftServer{system-partition-1}{role=FOLLOWER} - Received AppendRequest{term=1, leader=1, prevLogIndex=13, prevLogTerm=1, entries=0, commitIndex=13}
21:52:09.418 [raft-server-system-partition-1] TRACE i.a.p.raft.roles.FollowerRole - RaftServer{system-partition-1}{role=FOLLOWER} - Sending AppendResponse{status=OK, term=1, succeeded=true, lastLogIndex=13}
21:52:09.418 [raft-server-system-partition-1] TRACE i.a.p.raft.roles.LeaderAppender - RaftServer{system-partition-1} - Received AppendResponse{status=OK, term=1, succeeded=true, lastLogIndex=13} from 2
21:52:09.418 [raft-server-system-partition-1] TRACE i.a.p.raft.roles.LeaderAppender - RaftServer{system-partition-1} - Received AppendResponse{status=OK, term=1, succeeded=true, lastLogIndex=13} from 3
21:52:09.459 [raft-server-raft-partition-5] TRACE i.a.p.raft.roles.LeaderAppender - RaftServer{raft-partition-5} - Sending AppendRequest{term=1, leader=3, prevLogIndex=1, prevLogTerm=1, entries=0, commitIndex=1} to 1
21:52:09.459 [raft-server-raft-partition-5] TRACE i.a.p.raft.roles.LeaderAppender - RaftServer{raft-partition-5} - Sending AppendRequest{term=1, leader=3, prevLogIndex=1, prevLogTerm=1, entries=0, commitIndex=1} to 2
21:52:09.459 [raft-server-raft-partition-7] TRACE i.a.p.raft.roles.LeaderAppender - RaftServer{raft-partition-7} - Sending AppendRequest{term=1, leader=2, prevLogIndex=1, prevLogTerm=1, entries=0, commitIndex=1} to 1
21:52:09.459 [raft-server-raft-partition-5] TRACE i.a.p.raft.roles.FollowerRole - RaftServer{raft-partition-5}{role=FOLLOWER} - Received AppendRequest{term=1, leader=3, prevLogIndex=1, prevLogTerm=1, entries=0, commitIndex=1}
21:52:09.459 [raft-server-raft-partition-5] TRACE i.a.p.raft.roles.FollowerRole - RaftServer{raft-partition-5}{role=FOLLOWER} - Received AppendRequest{term=1, leader=3, prevLogIndex=1, prevLogTerm=1, entries=0, commitIndex=1}
21:52:09.459 [raft-server-raft-partition-7] TRACE i.a.p.raft.roles.LeaderAppender - RaftServer{raft-partition-7} - Sending AppendRequest{term=1, leader=2, prevLogIndex=1, prevLogTerm=1, entries=0, commitIndex=1} to 3
21:52:09.459 [raft-server-raft-partition-5] TRACE i.a.p.raft.roles.FollowerRole - RaftServer{raft-partition-5}{role=FOLLOWER} - Sending AppendResponse{status=OK, term=1, succeeded=true, lastLogIndex=1}
21:52:09.459 [raft-server-raft-partition-5] TRACE i.a.p.raft.roles.FollowerRole - RaftServer{raft-partition-5}{role=FOLLOWER} - Sending AppendResponse{status=OK, term=1, succeeded=true, lastLogIndex=1}
21:52:09.459 [raft-server-raft-partition-7] TRACE i.a.p.raft.roles.FollowerRole - RaftServer{raft-partition-7}{role=FOLLOWER} - Received AppendRequest{term=1, leader=2, prevLogIndex=1, prevLogTerm=1, entries=0, commitIndex=1}
21:52:09.459 [raft-server-raft-partition-7] TRACE i.a.p.raft.roles.FollowerRole - RaftServer{raft-partition-7}{role=FOLLOWER} - Received AppendRequest{term=1, leader=2, prevLogIndex=1, prevLogTerm=1, entries=0, commitIndex=1}
21:52:09.460 [raft-server-raft-partition-7] TRACE i.a.p.raft.roles.FollowerRole - RaftServer{raft-partition-7}{role=FOLLOWER} - Sending AppendResponse{status=OK, term=1, succeeded=true, lastLogIndex=1}
21:52:09.460 [raft-server-raft-partition-5] TRACE i.a.p.raft.roles.LeaderAppender - RaftServer{raft-partition-5} - Received AppendResponse{status=OK, term=1, succeeded=true, lastLogIndex=1} from 1
21:52:09.460 [raft-server-raft-partition-7] TRACE i.a.p.raft.roles.FollowerRole - RaftServer{raft-partition-7}{role=FOLLOWER} - Sending AppendResponse{status=OK, term=1, succeeded=true, lastLogIndex=1}
21:52:09.460 [raft-server-raft-partition-5] TRACE i.a.p.raft.roles.LeaderAppender - RaftServer{raft-partition-5} - Sending AppendRequest{term=1, leader=3, prevLogIndex=1, prevLogTerm=1, entries=0, commitIndex=1} to 1
21:52:09.460 [raft-server-raft-partition-5] TRACE i.a.p.raft.roles.LeaderAppender - RaftServer{raft-partition-5} - Received AppendResponse{status=OK, term=1, succeeded=true, lastLogIndex=1} from 2
21:52:09.460 [raft-server-raft-partition-7] TRACE i.a.p.raft.roles.LeaderAppender - RaftServer{raft-partition-7} - Received AppendResponse{status=OK, term=1, succeeded=true, lastLogIndex=1} from 1
21:52:09.460 [raft-server-raft-partition-5] TRACE i.a.p.raft.roles.LeaderAppender - RaftServer{raft-partition-5} - Sending AppendRequest{term=1, leader=3, prevLogIndex=1, prevLogTerm=1, entries=0, commitIndex=1} to 2
21:52:09.460 [raft-server-raft-partition-7] TRACE i.a.p.raft.roles.LeaderAppender - RaftServer{raft-partition-7} - Sending AppendRequest{term=1, leader=2, prevLogIndex=1, prevLogTerm=1, entries=0, commitIndex=1} to 1
21:52:09.460 [raft-server-raft-partition-5] TRACE i.a.p.raft.roles.FollowerRole - RaftServer{raft-partition-5}{role=FOLLOWER} - Received AppendRequest{term=1, leader=3, prevLogIndex=1, prevLogTerm=1, entries=0, commitIndex=1}
21:52:09.460 [raft-server-raft-partition-7] TRACE i.a.p.raft.roles.LeaderAppender - RaftServer{raft-partition-7} - Received AppendResponse{status=OK, term=1, succeeded=true, lastLogIndex=1} from 3
21:52:09.460 [raft-server-raft-partition-5] TRACE i.a.p.raft.roles.FollowerRole - RaftServer{raft-partition-5}{role=FOLLOWER} - Sending AppendResponse{status=OK, term=1, succeeded=true, lastLogIndex=1}
21:52:09.460 [raft-server-raft-partition-5] TRACE i.a.p.raft.roles.FollowerRole - RaftServer{raft-partition-5}{role=FOLLOWER} - Received AppendRequest{term=1, leader=3, prevLogIndex=1, prevLogTerm=1, entries=0, commitIndex=1}
21:52:09.460 [raft-server-raft-partition-7] TRACE i.a.p.raft.roles.LeaderAppender - RaftServer{raft-partition-7} - Sending AppendRequest{term=1, leader=2, prevLogIndex=1, prevLogTerm=1, entries=0, commitIndex=1} to 3
21:52:09.460 [raft-server-raft-partition-7] TRACE i.a.p.raft.roles.FollowerRole - RaftServer{raft-partition-7}{role=FOLLOWER} - Received AppendRequest{term=1, leader=2, prevLogIndex=1, prevLogTerm=1, entries=0, commitIndex=1}
21:52:09.460 [raft-server-raft-partition-5] TRACE i.a.p.raft.roles.FollowerRole - RaftServer{raft-partition-5}{role=FOLLOWER} - Sending AppendResponse{status=OK, term=1, succeeded=true, lastLogIndex=1}
21:52:09.460 [raft-server-raft-partition-5] TRACE i.a.p.raft.roles.LeaderAppender - RaftServer{raft-partition-5} - Received AppendResponse{status=OK, term=1, succeeded=true, lastLogIndex=1} from 1
21:52:09.460 [raft-server-raft-partition-7] TRACE i.a.p.raft.roles.FollowerRole - RaftServer{raft-partition-7}{role=FOLLOWER} - Sending AppendResponse{status=OK, term=1, succeeded=true, lastLogIndex=1}
21:52:09.461 [raft-server-raft-partition-7] TRACE i.a.p.raft.roles.FollowerRole - RaftServer{raft-partition-7}{role=FOLLOWER} - Received AppendRequest{term=1, leader=2, prevLogIndex=1, prevLogTerm=1, entries=0, commitIndex=1}
21:52:09.461 [raft-server-raft-partition-5] TRACE i.a.p.raft.roles.LeaderAppender - RaftServer{raft-partition-5} - Received AppendResponse{status=OK, term=1, succeeded=true, lastLogIndex=1} from 2
21:52:09.461 [raft-server-raft-partition-7] TRACE i.a.p.raft.roles.FollowerRole - RaftServer{raft-partition-7}{role=FOLLOWER} - Sending AppendResponse{status=OK, term=1, succeeded=true, lastLogIndex=1}
21:52:09.461 [raft-server-raft-partition-7] TRACE i.a.p.raft.roles.LeaderAppender - RaftServer{raft-partition-7} - Received AppendResponse{status=OK, term=1, succeeded=true, lastLogIndex=1} from 1
21:52:09.461 [raft-server-raft-partition-7] TRACE i.a.p.raft.roles.LeaderAppender - RaftServer{raft-partition-7} - Received AppendResponse{status=OK, term=1, succeeded=true, lastLogIndex=1} from 3
21:52:09.475 [raft-server-raft-partition-1] DEBUG i.a.p.raft.roles.LeaderAppender - RaftServer{raft-partition-1} - AppendRequest{term=1, leader=2, prevLogIndex=0, prevLogTerm=0, entries=1, commitIndex=0} to 1 failed: java.util.concurrent.TimeoutException: Request timed out in 5041 milliseconds
21:52:09.493 [raft-server-raft-partition-4] TRACE i.a.p.raft.roles.LeaderAppender - RaftServer{raft-partition-4} - Sending AppendRequest{term=1, leader=1, prevLogIndex=1, prevLogTerm=1, entries=0, commitIndex=1} to 2
21:52:09.493 [raft-server-raft-partition-4] TRACE i.a.p.raft.roles.LeaderAppender - RaftServer{raft-partition-4} - Sending AppendRequest{term=1, leader=1, prevLogIndex=1, prevLogTerm=1, entries=0, commitIndex=1} to 3
21:52:09.493 [raft-server-raft-partition-4] TRACE i.a.p.raft.roles.FollowerRole - RaftServer{raft-partition-4}{role=FOLLOWER} - Received AppendRequest{term=1, leader=1, prevLogIndex=1, prevLogTerm=1, entries=0, commitIndex=1}
21:52:09.493 [raft-server-raft-partition-4] TRACE i.a.p.raft.roles.FollowerRole - RaftServer{raft-partition-4}{role=FOLLOWER} - Received AppendRequest{term=1, leader=1, prevLogIndex=1, prevLogTerm=1, entries=0, commitIndex=1}
21:52:09.493 [raft-server-raft-partition-4] TRACE i.a.p.raft.roles.FollowerRole - RaftServer{raft-partition-4}{role=FOLLOWER} - Sending AppendResponse{status=OK, term=1, succeeded=true, lastLogIndex=1}
21:52:09.493 [raft-server-raft-partition-4] TRACE i.a.p.raft.roles.FollowerRole - RaftServer{raft-partition-4}{role=FOLLOWER} - Sending AppendResponse{status=OK, term=1, succeeded=true, lastLogIndex=1}
21:52:09.494 [raft-server-raft-partition-4] TRACE i.a.p.raft.roles.LeaderAppender - RaftServer{raft-partition-4} - Received AppendResponse{status=OK, term=1, succeeded=true, lastLogIndex=1} from 3
21:52:09.494 [raft-server-raft-partition-4] TRACE i.a.p.raft.roles.LeaderAppender - RaftServer{raft-partition-4} - Sending AppendRequest{term=1, leader=1, prevLogIndex=1, prevLogTerm=1, entries=0, commitIndex=1} to 3
21:52:09.494 [raft-server-raft-partition-4] TRACE i.a.p.raft.roles.LeaderAppender - RaftServer{raft-partition-4} - Received AppendResponse{status=OK, term=1, succeeded=true, lastLogIndex=1} from 2
21:52:09.494 [raft-server-raft-partition-4] TRACE i.a.p.raft.roles.LeaderAppender - RaftServer{raft-partition-4} - Sending AppendRequest{term=1, leader=1, prevLogIndex=1, prevLogTerm=1, entries=0, commitIndex=1} to 2
21:52:09.494 [raft-server-raft-partition-4] TRACE i.a.p.raft.roles.FollowerRole - RaftServer{raft-partition-4}{role=FOLLOWER} - Received AppendRequest{term=1, leader=1, prevLogIndex=1, prevLogTerm=1, entries=0, commitIndex=1}
21:52:09.494 [raft-server-raft-partition-4] TRACE i.a.p.raft.roles.FollowerRole - RaftServer{raft-partition-4}{role=FOLLOWER} - Received AppendRequest{term=1, leader=1, prevLogIndex=1, prevLogTerm=1, entries=0, commitIndex=1}
21:52:09.494 [raft-server-raft-partition-4] TRACE i.a.p.raft.roles.FollowerRole - RaftServer{raft-partition-4}{role=FOLLOWER} - Sending AppendResponse{status=OK, term=1, succeeded=true, lastLogIndex=1}
21:52:09.494 [raft-server-raft-partition-4] TRACE i.a.p.raft.roles.FollowerRole - RaftServer{raft-partition-4}{role=FOLLOWER} - Sending AppendResponse{status=OK, term=1, succeeded=true, lastLogIndex=1}
21:52:09.494 [raft-server-raft-partition-4] TRACE i.a.p.raft.roles.LeaderAppender - RaftServer{raft-partition-4} - Received AppendResponse{status=OK, term=1, succeeded=true, lastLogIndex=1} from 3
21:52:09.494 [raft-server-raft-partition-4] TRACE i.a.p.raft.roles.LeaderAppender - RaftServer{raft-partition-4} - Received AppendResponse{status=OK, term=1, succeeded=true, lastLogIndex=1} from 2
21:52:09.567 [raft-server-raft-partition-2] TRACE i.a.p.raft.roles.LeaderAppender - RaftServer{raft-partition-2} - Sending AppendRequest{term=1, leader=1, prevLogIndex=1, prevLogTerm=1, entries=0, commitIndex=1} to 2
21:52:09.568 [raft-server-raft-partition-2] TRACE i.a.p.raft.roles.LeaderAppender - RaftServer{raft-partition-2} - Sending AppendRequest{term=1, leader=1, prevLogIndex=1, prevLogTerm=1, entries=0, commitIndex=1} to 3
21:52:09.568 [raft-server-raft-partition-2] TRACE i.a.p.raft.roles.FollowerRole - RaftServer{raft-partition-2}{role=FOLLOWER} - Received AppendRequest{term=1, leader=1, prevLogIndex=1, prevLogTerm=1, entries=0, commitIndex=1}
21:52:09.568 [raft-server-raft-partition-2] TRACE i.a.p.raft.roles.FollowerRole - RaftServer{raft-partition-2}{role=FOLLOWER} - Sending AppendResponse{status=OK, term=1, succeeded=true, lastLogIndex=1}
21:52:09.568 [raft-server-raft-partition-2] TRACE i.a.p.raft.roles.FollowerRole - RaftServer{raft-partition-2}{role=FOLLOWER} - Received AppendRequest{term=1, leader=1, prevLogIndex=1, prevLogTerm=1, entries=0, commitIndex=1}
21:52:09.568 [raft-server-raft-partition-2] TRACE i.a.p.raft.roles.FollowerRole - RaftServer{raft-partition-2}{role=FOLLOWER} - Sending AppendResponse{status=OK, term=1, succeeded=true, lastLogIndex=1}
21:52:09.568 [raft-server-raft-partition-2] TRACE i.a.p.raft.roles.LeaderAppender - RaftServer{raft-partition-2} - Received AppendResponse{status=OK, term=1, succeeded=true, lastLogIndex=1} from 2
21:52:09.568 [raft-server-raft-partition-2] TRACE i.a.p.raft.roles.LeaderAppender - RaftServer{raft-partition-2} - Sending AppendRequest{term=1, leader=1, prevLogIndex=1, prevLogTerm=1, entries=0, commitIndex=1} to 2
21:52:09.568 [raft-server-raft-partition-2] TRACE i.a.p.raft.roles.LeaderAppender - RaftServer{raft-partition-2} - Received AppendResponse{status=OK, term=1, succeeded=true, lastLogIndex=1} from 3
21:52:09.568 [raft-server-raft-partition-2] TRACE i.a.p.raft.roles.FollowerRole - RaftServer{raft-partition-2}{role=FOLLOWER} - Received AppendRequest{term=1, leader=1, prevLogIndex=1, prevLogTerm=1, entries=0, commitIndex=1}
21:52:09.568 [raft-server-raft-partition-2] TRACE i.a.p.raft.roles.FollowerRole - RaftServer{raft-partition-2}{role=FOLLOWER} - Sending AppendResponse{status=OK, term=1, succeeded=true, lastLogIndex=1}
21:52:09.569 [raft-server-raft-partition-2] TRACE i.a.p.raft.roles.LeaderAppender - RaftServer{raft-partition-2} - Received AppendResponse{status=OK, term=1, succeeded=true, lastLogIndex=1} from 2
21:52:09.576 [raft-server-raft-partition-6] TRACE i.a.p.raft.roles.LeaderAppender - RaftServer{raft-partition-6} - Sending AppendRequest{term=1, leader=1, prevLogIndex=1, prevLogTerm=1, entries=0, commitIndex=1} to 2
21:52:09.576 [raft-server-raft-partition-6] TRACE i.a.p.raft.roles.LeaderAppender - RaftServer{raft-partition-6} - Sending AppendRequest{term=1, leader=1, prevLogIndex=1, prevLogTerm=1, entries=0, commitIndex=1} to 3
21:52:09.576 [raft-server-raft-partition-6] TRACE i.a.p.raft.roles.FollowerRole - RaftServer{raft-partition-6}{role=FOLLOWER} - Received AppendRequest{term=1, leader=1, prevLogIndex=1, prevLogTerm=1, entries=0, commitIndex=1}
21:52:09.576 [raft-server-raft-partition-6] TRACE i.a.p.raft.roles.FollowerRole - RaftServer{raft-partition-6}{role=FOLLOWER} - Sending AppendResponse{status=OK, term=1, succeeded=true, lastLogIndex=1}
21:52:09.576 [raft-server-raft-partition-6] TRACE i.a.p.raft.roles.FollowerRole - RaftServer{raft-partition-6}{role=FOLLOWER} - Received AppendRequest{term=1, leader=1, prevLogIndex=1, prevLogTerm=1, entries=0, commitIndex=1}
21:52:09.576 [raft-server-raft-partition-6] TRACE i.a.p.raft.roles.FollowerRole - RaftServer{raft-partition-6}{role=FOLLOWER} - Sending AppendResponse{status=OK, term=1, succeeded=true, lastLogIndex=1}
21:52:09.576 [raft-server-raft-partition-6] TRACE i.a.p.raft.roles.LeaderAppender - RaftServer{raft-partition-6} - Received AppendResponse{status=OK, term=1, succeeded=true, lastLogIndex=1} from 3
21:52:09.576 [raft-server-raft-partition-6] TRACE i.a.p.raft.roles.LeaderAppender - RaftServer{raft-partition-6} - Sending AppendRequest{term=1, leader=1, prevLogIndex=1, prevLogTerm=1, entries=0, commitIndex=1} to 3
21:52:09.576 [raft-server-raft-partition-6] TRACE i.a.p.raft.roles.LeaderAppender - RaftServer{raft-partition-6} - Received AppendResponse{status=OK, term=1, succeeded=true, lastLogIndex=1} from 2
21:52:09.576 [raft-server-raft-partition-6] TRACE i.a.p.raft.roles.LeaderAppender - RaftServer{raft-partition-6} - Sending AppendRequest{term=1, leader=1, prevLogIndex=1, prevLogTerm=1, entries=0, commitIndex=1} to 2
21:52:09.577 [raft-server-raft-partition-6] TRACE i.a.p.raft.roles.FollowerRole - RaftServer{raft-partition-6}{role=FOLLOWER} - Received AppendRequest{term=1, leader=1, prevLogIndex=1, prevLogTerm=1, entries=0, commitIndex=1}
21:52:09.577 [raft-server-raft-partition-6] TRACE i.a.p.raft.roles.FollowerRole - RaftServer{raft-partition-6}{role=FOLLOWER} - Received AppendRequest{term=1, leader=1, prevLogIndex=1, prevLogTerm=1, entries=0, commitIndex=1}
21:52:09.577 [raft-server-raft-partition-6] TRACE i.a.p.raft.roles.FollowerRole - RaftServer{raft-partition-6}{role=FOLLOWER} - Sending AppendResponse{status=OK, term=1, succeeded=true, lastLogIndex=1}
21:52:09.577 [raft-server-raft-partition-6] TRACE i.a.p.raft.roles.FollowerRole - RaftServer{raft-partition-6}{role=FOLLOWER} - Sending AppendResponse{status=OK, term=1, succeeded=true, lastLogIndex=1}
21:52:09.577 [raft-server-raft-partition-6] TRACE i.a.p.raft.roles.LeaderAppender - RaftServer{raft-partition-6} - Received AppendResponse{status=OK, term=1, succeeded=true, lastLogIndex=1} from 2
21:52:09.577 [raft-server-raft-partition-6] TRACE i.a.p.raft.roles.LeaderAppender - RaftServer{raft-partition-6} - Sending AppendRequest{term=1, leader=1, prevLogIndex=1, prevLogTerm=1, entries=0, commitIndex=1} to 2
21:52:09.577 [raft-server-raft-partition-6] TRACE i.a.p.raft.roles.LeaderAppender - RaftServer{raft-partition-6} - Received AppendResponse{status=OK, term=1, succeeded=true, lastLogIndex=1} from 3
21:52:09.577 [raft-server-raft-partition-6] TRACE i.a.p.raft.roles.LeaderAppender - RaftServer{raft-partition-6} - Sending AppendRequest{term=1, leader=1, prevLogIndex=1, prevLogTerm=1, entries=0, commitIndex=1} to 3
21:52:09.577 [raft-server-raft-partition-6] TRACE i.a.p.raft.roles.FollowerRole - RaftServer{raft-partition-6}{role=FOLLOWER} - Received AppendRequest{term=1, leader=1, prevLogIndex=1, prevLogTerm=1, entries=0, commitIndex=1}
21:52:09.577 [raft-server-raft-partition-6] TRACE i.a.p.raft.roles.FollowerRole - RaftServer{raft-partition-6}{role=FOLLOWER} - Sending AppendResponse{status=OK, term=1, succeeded=true, lastLogIndex=1}
21:52:09.577 [raft-server-raft-partition-6] TRACE i.a.p.raft.roles.FollowerRole - RaftServer{raft-partition-6}{role=FOLLOWER} - Received AppendRequest{term=1, leader=1, prevLogIndex=1, prevLogTerm=1, entries=0, commitIndex=1}
21:52:09.577 [raft-server-raft-partition-6] TRACE i.a.p.raft.roles.FollowerRole - RaftServer{raft-partition-6}{role=FOLLOWER} - Sending AppendResponse{status=OK, term=1, succeeded=true, lastLogIndex=1}
21:52:09.578 [raft-server-raft-partition-6] TRACE i.a.p.raft.roles.LeaderAppender - RaftServer{raft-partition-6} - Received AppendResponse{status=OK, term=1, succeeded=true, lastLogIndex=1} from 2
21:52:09.578 [raft-server-raft-partition-6] TRACE i.a.p.raft.roles.LeaderAppender - RaftServer{raft-partition-6} - Received AppendResponse{status=OK, term=1, succeeded=true, lastLogIndex=1} from 3
21:52:09.634 [raft-server-raft-partition-1] TRACE i.a.p.raft.roles.LeaderAppender - RaftServer{raft-partition-1} - Sending AppendRequest{term=1, leader=2, prevLogIndex=1, prevLogTerm=1, entries=0, commitIndex=1} to 1
21:52:09.634 [raft-server-raft-partition-1] TRACE i.a.p.raft.roles.LeaderAppender - RaftServer{raft-partition-1} - Sending AppendRequest{term=1, leader=2, prevLogIndex=1, prevLogTerm=1, entries=0, commitIndex=1} to 3
21:52:09.635 [raft-server-raft-partition-1] TRACE i.a.p.raft.roles.FollowerRole - RaftServer{raft-partition-1}{role=FOLLOWER} - Received AppendRequest{term=1, leader=2, prevLogIndex=1, prevLogTerm=1, entries=0, commitIndex=1}
21:52:09.635 [raft-server-raft-partition-1] TRACE i.a.p.raft.roles.FollowerRole - RaftServer{raft-partition-1}{role=FOLLOWER} - Received AppendRequest{term=1, leader=2, prevLogIndex=1, prevLogTerm=1, entries=0, commitIndex=1}
21:52:09.635 [raft-server-raft-partition-1] INFO  i.a.protocols.raft.impl.RaftContext - RaftServer{raft-partition-1} - Found leader 2
21:52:09.635 [raft-server-raft-partition-1] TRACE i.a.p.raft.roles.FollowerRole - RaftServer{raft-partition-1}{role=FOLLOWER} - Sending AppendResponse{status=OK, term=1, succeeded=true, lastLogIndex=1}
21:52:09.635 [raft-server-raft-partition-1] TRACE i.a.p.raft.storage.system.MetaStore - Store vote null
21:52:09.635 [raft-server-raft-partition-1] TRACE i.a.p.raft.roles.LeaderAppender - RaftServer{raft-partition-1} - Received AppendResponse{status=OK, term=1, succeeded=true, lastLogIndex=1} from 3
21:52:09.635 [raft-server-raft-partition-1] TRACE i.a.p.raft.roles.LeaderAppender - RaftServer{raft-partition-1} - Sending AppendRequest{term=1, leader=2, prevLogIndex=1, prevLogTerm=1, entries=0, commitIndex=1} to 3
21:52:09.635 [raft-server-raft-partition-1] TRACE i.a.p.raft.roles.FollowerRole - RaftServer{raft-partition-1}{role=FOLLOWER} - Received AppendRequest{term=1, leader=2, prevLogIndex=1, prevLogTerm=1, entries=0, commitIndex=1}
21:52:09.635 [raft-server-raft-partition-1] TRACE i.a.p.raft.roles.FollowerRole - RaftServer{raft-partition-1}{role=FOLLOWER} - Sending AppendResponse{status=OK, term=1, succeeded=true, lastLogIndex=1}
21:52:09.636 [raft-server-raft-partition-1] TRACE i.a.p.raft.roles.LeaderAppender - RaftServer{raft-partition-1} - Received AppendResponse{status=OK, term=1, succeeded=true, lastLogIndex=1} from 3
21:52:09.657 [raft-server-raft-partition-1] DEBUG i.a.p.raft.roles.FollowerRole - RaftServer{raft-partition-1}{role=FOLLOWER} - Rejected AppendRequest{term=1, leader=2, prevLogIndex=1, prevLogTerm=1, entries=0, commitIndex=1}: Previous index (1) is greater than the local log's last index (0)
21:52:09.657 [raft-server-raft-partition-1] TRACE i.a.p.raft.roles.FollowerRole - RaftServer{raft-partition-1}{role=FOLLOWER} - Sending AppendResponse{status=OK, term=1, succeeded=false, lastLogIndex=0}
21:52:09.658 [raft-server-raft-partition-1] TRACE i.a.p.raft.roles.LeaderAppender - RaftServer{raft-partition-1} - Received AppendResponse{status=OK, term=1, succeeded=false, lastLogIndex=0} from 1
21:52:09.658 [raft-server-raft-partition-1] TRACE i.a.p.raft.roles.LeaderAppender - RaftServer{raft-partition-1} - Reset next index for RaftMemberContext{member=1, term=1, configIndex=0, snapshotIndex=0, nextSnapshotIndex=0, nextSnapshotOffset=0, matchIndex=0, nextIndex=1, heartbeatTime=1528660324384, appending=0, appendSucceeded=false, appendTime=1528660329634, configuring=false, installing=false, failures=0} to 1
21:52:09.658 [raft-server-raft-partition-1] TRACE i.a.p.raft.roles.LeaderAppender - RaftServer{raft-partition-1} - Sending AppendRequest{term=1, leader=2, prevLogIndex=0, prevLogTerm=0, entries=1, commitIndex=1} to 1
21:52:09.659 [raft-server-raft-partition-1] TRACE i.a.p.raft.roles.FollowerRole - RaftServer{raft-partition-1}{role=FOLLOWER} - Received AppendRequest{term=1, leader=2, prevLogIndex=0, prevLogTerm=0, entries=1, commitIndex=1}
21:52:09.659 [raft-server-raft-partition-1] DEBUG i.a.p.raft.roles.FollowerRole - RaftServer{raft-partition-1}{role=FOLLOWER} - Reset first index to 1
21:52:09.667 [raft-server-system-partition-1] TRACE i.a.p.raft.roles.LeaderAppender - RaftServer{system-partition-1} - Sending AppendRequest{term=1, leader=1, prevLogIndex=13, prevLogTerm=1, entries=0, commitIndex=13} to 2
21:52:09.667 [raft-server-system-partition-1] TRACE i.a.p.raft.roles.LeaderAppender - RaftServer{system-partition-1} - Sending AppendRequest{term=1, leader=1, prevLogIndex=13, prevLogTerm=1, entries=0, commitIndex=13} to 3
21:52:09.667 [raft-server-system-partition-1] TRACE i.a.p.raft.roles.FollowerRole - RaftServer{system-partition-1}{role=FOLLOWER} - Received AppendRequest{term=1, leader=1, prevLogIndex=13, prevLogTerm=1, entries=0, commitIndex=13}
21:52:09.667 [raft-server-system-partition-1] TRACE i.a.p.raft.roles.FollowerRole - RaftServer{system-partition-1}{role=FOLLOWER} - Received AppendRequest{term=1, leader=1, prevLogIndex=13, prevLogTerm=1, entries=0, commitIndex=13}
21:52:09.668 [raft-server-system-partition-1] TRACE i.a.p.raft.roles.FollowerRole - RaftServer{system-partition-1}{role=FOLLOWER} - Sending AppendResponse{status=OK, term=1, succeeded=true, lastLogIndex=13}
21:52:09.668 [raft-server-system-partition-1] TRACE i.a.p.raft.roles.FollowerRole - RaftServer{system-partition-1}{role=FOLLOWER} - Sending AppendResponse{status=OK, term=1, succeeded=true, lastLogIndex=13}
21:52:09.668 [raft-server-system-partition-1] TRACE i.a.p.raft.roles.LeaderAppender - RaftServer{system-partition-1} - Received AppendResponse{status=OK, term=1, succeeded=true, lastLogIndex=13} from 2
21:52:09.668 [raft-server-system-partition-1] TRACE i.a.p.raft.roles.LeaderAppender - RaftServer{system-partition-1} - Sending AppendRequest{term=1, leader=1, prevLogIndex=13, prevLogTerm=1, entries=0, commitIndex=13} to 2
21:52:09.668 [raft-server-system-partition-1] TRACE i.a.p.raft.roles.LeaderAppender - RaftServer{system-partition-1} - Received AppendResponse{status=OK, term=1, succeeded=true, lastLogIndex=13} from 3
21:52:09.668 [raft-server-system-partition-1] TRACE i.a.p.raft.roles.LeaderAppender - RaftServer{system-partition-1} - Sending AppendRequest{term=1, leader=1, prevLogIndex=13, prevLogTerm=1, entries=0, commitIndex=13} to 3
21:52:09.668 [raft-server-system-partition-1] TRACE i.a.p.raft.roles.FollowerRole - RaftServer{system-partition-1}{role=FOLLOWER} - Received AppendRequest{term=1, leader=1, prevLogIndex=13, prevLogTerm=1, entries=0, commitIndex=13}
21:52:09.668 [raft-server-system-partition-1] TRACE i.a.p.raft.roles.FollowerRole - RaftServer{system-partition-1}{role=FOLLOWER} - Sending AppendResponse{status=OK, term=1, succeeded=true, lastLogIndex=13}
21:52:09.668 [raft-server-system-partition-1] TRACE i.a.p.raft.roles.FollowerRole - RaftServer{system-partition-1}{role=FOLLOWER} - Received AppendRequest{term=1, leader=1, prevLogIndex=13, prevLogTerm=1, entries=0, commitIndex=13}
21:52:09.668 [raft-server-system-partition-1] TRACE i.a.p.raft.roles.FollowerRole - RaftServer{system-partition-1}{role=FOLLOWER} - Sending AppendResponse{status=OK, term=1, succeeded=true, lastLogIndex=13}
21:52:09.669 [raft-server-system-partition-1] TRACE i.a.p.raft.roles.LeaderAppender - RaftServer{system-partition-1} - Received AppendResponse{status=OK, term=1, succeeded=true, lastLogIndex=13} from 2
21:52:09.669 [raft-server-system-partition-1] TRACE i.a.p.raft.roles.LeaderAppender - RaftServer{system-partition-1} - Received AppendResponse{status=OK, term=1, succeeded=true, lastLogIndex=13} from 3
21:52:09.709 [raft-server-raft-partition-5] TRACE i.a.p.raft.roles.LeaderAppender - RaftServer{raft-partition-5} - Sending AppendRequest{term=1, leader=3, prevLogIndex=1, prevLogTerm=1, entries=0, commitIndex=1} to 1
21:52:09.709 [raft-server-raft-partition-5] TRACE i.a.p.raft.roles.LeaderAppender - RaftServer{raft-partition-5} - Sending AppendRequest{term=1, leader=3, prevLogIndex=1, prevLogTerm=1, entries=0, commitIndex=1} to 2
21:52:09.709 [raft-server-raft-partition-7] TRACE i.a.p.raft.roles.LeaderAppender - RaftServer{raft-partition-7} - Sending AppendRequest{term=1, leader=2, prevLogIndex=1, prevLogTerm=1, entries=0, commitIndex=1} to 1
21:52:09.709 [raft-server-raft-partition-5] TRACE i.a.p.raft.roles.FollowerRole - RaftServer{raft-partition-5}{role=FOLLOWER} - Received AppendRequest{term=1, leader=3, prevLogIndex=1, prevLogTerm=1, entries=0, commitIndex=1}
21:52:09.709 [raft-server-raft-partition-5] TRACE i.a.p.raft.roles.FollowerRole - RaftServer{raft-partition-5}{role=FOLLOWER} - Received AppendRequest{term=1, leader=3, prevLogIndex=1, prevLogTerm=1, entries=0, commitIndex=1}
21:52:09.709 [raft-server-raft-partition-7] TRACE i.a.p.raft.roles.LeaderAppender - RaftServer{raft-partition-7} - Sending AppendRequest{term=1, leader=2, prevLogIndex=1, prevLogTerm=1, entries=0, commitIndex=1} to 3
21:52:09.709 [raft-server-raft-partition-5] TRACE i.a.p.raft.roles.FollowerRole - RaftServer{raft-partition-5}{role=FOLLOWER} - Sending AppendResponse{status=OK, term=1, succeeded=true, lastLogIndex=1}
21:52:09.709 [raft-server-raft-partition-5] TRACE i.a.p.raft.roles.FollowerRole - RaftServer{raft-partition-5}{role=FOLLOWER} - Sending AppendResponse{status=OK, term=1, succeeded=true, lastLogIndex=1}
21:52:09.709 [raft-server-raft-partition-7] TRACE i.a.p.raft.roles.FollowerRole - RaftServer{raft-partition-7}{role=FOLLOWER} - Received AppendRequest{term=1, leader=2, prevLogIndex=1, prevLogTerm=1, entries=0, commitIndex=1}
21:52:09.709 [raft-server-raft-partition-7] TRACE i.a.p.raft.roles.FollowerRole - RaftServer{raft-partition-7}{role=FOLLOWER} - Received AppendRequest{term=1, leader=2, prevLogIndex=1, prevLogTerm=1, entries=0, commitIndex=1}
21:52:09.709 [raft-server-raft-partition-7] TRACE i.a.p.raft.roles.FollowerRole - RaftServer{raft-partition-7}{role=FOLLOWER} - Sending AppendResponse{status=OK, term=1, succeeded=true, lastLogIndex=1}
21:52:09.709 [raft-server-raft-partition-5] TRACE i.a.p.raft.roles.LeaderAppender - RaftServer{raft-partition-5} - Received AppendResponse{status=OK, term=1, succeeded=true, lastLogIndex=1} from 1
21:52:09.709 [raft-server-raft-partition-7] TRACE i.a.p.raft.roles.FollowerRole - RaftServer{raft-partition-7}{role=FOLLOWER} - Sending AppendResponse{status=OK, term=1, succeeded=true, lastLogIndex=1}
21:52:09.710 [raft-server-raft-partition-5] TRACE i.a.p.raft.roles.LeaderAppender - RaftServer{raft-partition-5} - Sending AppendRequest{term=1, leader=3, prevLogIndex=1, prevLogTerm=1, entries=0, commitIndex=1} to 1
21:52:09.710 [raft-server-raft-partition-7] TRACE i.a.p.raft.roles.LeaderAppender - RaftServer{raft-partition-7} - Received AppendResponse{status=OK, term=1, succeeded=true, lastLogIndex=1} from 1
21:52:09.710 [raft-server-raft-partition-5] TRACE i.a.p.raft.roles.LeaderAppender - RaftServer{raft-partition-5} - Received AppendResponse{status=OK, term=1, succeeded=true, lastLogIndex=1} from 2
21:52:09.710 [raft-server-raft-partition-7] TRACE i.a.p.raft.roles.LeaderAppender - RaftServer{raft-partition-7} - Sending AppendRequest{term=1, leader=2, prevLogIndex=1, prevLogTerm=1, entries=0, commitIndex=1} to 1
21:52:09.710 [raft-server-raft-partition-5] TRACE i.a.p.raft.roles.LeaderAppender - RaftServer{raft-partition-5} - Sending AppendRequest{term=1, leader=3, prevLogIndex=1, prevLogTerm=1, entries=0, commitIndex=1} to 2
21:52:09.710 [raft-server-raft-partition-5] TRACE i.a.p.raft.roles.FollowerRole - RaftServer{raft-partition-5}{role=FOLLOWER} - Received AppendRequest{term=1, leader=3, prevLogIndex=1, prevLogTerm=1, entries=0, commitIndex=1}
21:52:09.710 [raft-server-raft-partition-7] TRACE i.a.p.raft.roles.LeaderAppender - RaftServer{raft-partition-7} - Received AppendResponse{status=OK, term=1, succeeded=true, lastLogIndex=1} from 3
21:52:09.710 [raft-server-raft-partition-5] TRACE i.a.p.raft.roles.FollowerRole - RaftServer{raft-partition-5}{role=FOLLOWER} - Sending AppendResponse{status=OK, term=1, succeeded=true, lastLogIndex=1}
21:52:09.710 [raft-server-raft-partition-7] TRACE i.a.p.raft.roles.FollowerRole - RaftServer{raft-partition-7}{role=FOLLOWER} - Received AppendRequest{term=1, leader=2, prevLogIndex=1, prevLogTerm=1, entries=0, commitIndex=1}
21:52:09.710 [raft-server-raft-partition-5] TRACE i.a.p.raft.roles.FollowerRole - RaftServer{raft-partition-5}{role=FOLLOWER} - Received AppendRequest{term=1, leader=3, prevLogIndex=1, prevLogTerm=1, entries=0, commitIndex=1}
21:52:09.710 [raft-server-raft-partition-7] TRACE i.a.p.raft.roles.LeaderAppender - RaftServer{raft-partition-7} - Sending AppendRequest{term=1, leader=2, prevLogIndex=1, prevLogTerm=1, entries=0, commitIndex=1} to 3
21:52:09.710 [raft-server-raft-partition-7] TRACE i.a.p.raft.roles.FollowerRole - RaftServer{raft-partition-7}{role=FOLLOWER} - Sending AppendResponse{status=OK, term=1, succeeded=true, lastLogIndex=1}
21:52:09.710 [raft-server-raft-partition-5] TRACE i.a.p.raft.roles.FollowerRole - RaftServer{raft-partition-5}{role=FOLLOWER} - Sending AppendResponse{status=OK, term=1, succeeded=true, lastLogIndex=1}
21:52:09.710 [raft-server-raft-partition-5] TRACE i.a.p.raft.roles.LeaderAppender - RaftServer{raft-partition-5} - Received AppendResponse{status=OK, term=1, succeeded=true, lastLogIndex=1} from 1
21:52:09.711 [raft-server-raft-partition-7] TRACE i.a.p.raft.roles.FollowerRole - RaftServer{raft-partition-7}{role=FOLLOWER} - Received AppendRequest{term=1, leader=2, prevLogIndex=1, prevLogTerm=1, entries=0, commitIndex=1}
21:52:09.711 [raft-server-raft-partition-7] TRACE i.a.p.raft.roles.LeaderAppender - RaftServer{raft-partition-7} - Received AppendResponse{status=OK, term=1, succeeded=true, lastLogIndex=1} from 1
21:52:09.711 [raft-server-raft-partition-5] TRACE i.a.p.raft.roles.LeaderAppender - RaftServer{raft-partition-5} - Received AppendResponse{status=OK, term=1, succeeded=true, lastLogIndex=1} from 2
21:52:09.711 [raft-server-raft-partition-7] TRACE i.a.p.raft.roles.FollowerRole - RaftServer{raft-partition-7}{role=FOLLOWER} - Sending AppendResponse{status=OK, term=1, succeeded=true, lastLogIndex=1}
21:52:09.711 [raft-server-raft-partition-7] TRACE i.a.p.raft.roles.LeaderAppender - RaftServer{raft-partition-7} - Received AppendResponse{status=OK, term=1, succeeded=true, lastLogIndex=1} from 3
21:52:09.743 [raft-server-raft-partition-4] TRACE i.a.p.raft.roles.LeaderAppender - RaftServer{raft-partition-4} - Sending AppendRequest{term=1, leader=1, prevLogIndex=1, prevLogTerm=1, entries=0, commitIndex=1} to 2
21:52:09.743 [raft-server-raft-partition-4] TRACE i.a.p.raft.roles.LeaderAppender - RaftServer{raft-partition-4} - Sending AppendRequest{term=1, leader=1, prevLogIndex=1, prevLogTerm=1, entries=0, commitIndex=1} to 3
21:52:09.743 [raft-server-raft-partition-4] TRACE i.a.p.raft.roles.FollowerRole - RaftServer{raft-partition-4}{role=FOLLOWER} - Received AppendRequest{term=1, leader=1, prevLogIndex=1, prevLogTerm=1, entries=0, commitIndex=1}
21:52:09.743 [raft-server-raft-partition-4] TRACE i.a.p.raft.roles.FollowerRole - RaftServer{raft-partition-4}{role=FOLLOWER} - Received AppendRequest{term=1, leader=1, prevLogIndex=1, prevLogTerm=1, entries=0, commitIndex=1}
21:52:09.743 [raft-server-raft-partition-4] TRACE i.a.p.raft.roles.FollowerRole - RaftServer{raft-partition-4}{role=FOLLOWER} - Sending AppendResponse{status=OK, term=1, succeeded=true, lastLogIndex=1}
21:52:09.743 [raft-server-raft-partition-4] TRACE i.a.p.raft.roles.FollowerRole - RaftServer{raft-partition-4}{role=FOLLOWER} - Sending AppendResponse{status=OK, term=1, succeeded=true, lastLogIndex=1}
21:52:09.744 [raft-server-raft-partition-4] TRACE i.a.p.raft.roles.LeaderAppender - RaftServer{raft-partition-4} - Received AppendResponse{status=OK, term=1, succeeded=true, lastLogIndex=1} from 2
21:52:09.744 [raft-server-raft-partition-4] TRACE i.a.p.raft.roles.LeaderAppender - RaftServer{raft-partition-4} - Sending AppendRequest{term=1, leader=1, prevLogIndex=1, prevLogTerm=1, entries=0, commitIndex=1} to 2
21:52:09.744 [raft-server-raft-partition-4] TRACE i.a.p.raft.roles.LeaderAppender - RaftServer{raft-partition-4} - Received AppendResponse{status=OK, term=1, succeeded=true, lastLogIndex=1} from 3
21:52:09.744 [raft-server-raft-partition-4] TRACE i.a.p.raft.roles.LeaderAppender - RaftServer{raft-partition-4} - Sending AppendRequest{term=1, leader=1, prevLogIndex=1, prevLogTerm=1, entries=0, commitIndex=1} to 3
21:52:09.744 [raft-server-raft-partition-4] TRACE i.a.p.raft.roles.FollowerRole - RaftServer{raft-partition-4}{role=FOLLOWER} - Received AppendRequest{term=1, leader=1, prevLogIndex=1, prevLogTerm=1, entries=0, commitIndex=1}
21:52:09.744 [raft-server-raft-partition-4] TRACE i.a.p.raft.roles.FollowerRole - RaftServer{raft-partition-4}{role=FOLLOWER} - Received AppendRequest{term=1, leader=1, prevLogIndex=1, prevLogTerm=1, entries=0, commitIndex=1}
21:52:09.744 [raft-server-raft-partition-4] TRACE i.a.p.raft.roles.FollowerRole - RaftServer{raft-partition-4}{role=FOLLOWER} - Sending AppendResponse{status=OK, term=1, succeeded=true, lastLogIndex=1}
21:52:09.744 [raft-server-raft-partition-4] TRACE i.a.p.raft.roles.FollowerRole - RaftServer{raft-partition-4}{role=FOLLOWER} - Sending AppendResponse{status=OK, term=1, succeeded=true, lastLogIndex=1}
21:52:09.744 [raft-server-raft-partition-4] TRACE i.a.p.raft.roles.LeaderAppender - RaftServer{raft-partition-4} - Received AppendResponse{status=OK, term=1, succeeded=true, lastLogIndex=1} from 3
21:52:09.744 [raft-server-raft-partition-4] TRACE i.a.p.raft.roles.LeaderAppender - RaftServer{raft-partition-4} - Received AppendResponse{status=OK, term=1, succeeded=true, lastLogIndex=1} from 2
21:52:09.817 [raft-server-raft-partition-2] TRACE i.a.p.raft.roles.LeaderAppender - RaftServer{raft-partition-2} - Sending AppendRequest{term=1, leader=1, prevLogIndex=1, prevLogTerm=1, entries=0, commitIndex=1} to 2
21:52:09.818 [raft-server-raft-partition-2] TRACE i.a.p.raft.roles.LeaderAppender - RaftServer{raft-partition-2} - Sending AppendRequest{term=1, leader=1, prevLogIndex=1, prevLogTerm=1, entries=0, commitIndex=1} to 3
21:52:09.818 [raft-server-raft-partition-2] TRACE i.a.p.raft.roles.FollowerRole - RaftServer{raft-partition-2}{role=FOLLOWER} - Received AppendRequest{term=1, leader=1, prevLogIndex=1, prevLogTerm=1, entries=0, commitIndex=1}
21:52:09.818 [raft-server-raft-partition-2] TRACE i.a.p.raft.roles.FollowerRole - RaftServer{raft-partition-2}{role=FOLLOWER} - Sending AppendResponse{status=OK, term=1, succeeded=true, lastLogIndex=1}
21:52:09.818 [raft-server-raft-partition-2] TRACE i.a.p.raft.roles.FollowerRole - RaftServer{raft-partition-2}{role=FOLLOWER} - Received AppendRequest{term=1, leader=1, prevLogIndex=1, prevLogTerm=1, entries=0, commitIndex=1}
21:52:09.818 [raft-server-raft-partition-2] TRACE i.a.p.raft.roles.FollowerRole - RaftServer{raft-partition-2}{role=FOLLOWER} - Sending AppendResponse{status=OK, term=1, succeeded=true, lastLogIndex=1}
21:52:09.818 [raft-server-raft-partition-2] TRACE i.a.p.raft.roles.LeaderAppender - RaftServer{raft-partition-2} - Received AppendResponse{status=OK, term=1, succeeded=true, lastLogIndex=1} from 2
21:52:09.818 [raft-server-raft-partition-2] TRACE i.a.p.raft.roles.LeaderAppender - RaftServer{raft-partition-2} - Sending AppendRequest{term=1, leader=1, prevLogIndex=1, prevLogTerm=1, entries=0, commitIndex=1} to 2
21:52:09.818 [raft-server-raft-partition-2] TRACE i.a.p.raft.roles.LeaderAppender - RaftServer{raft-partition-2} - Received AppendResponse{status=OK, term=1, succeeded=true, lastLogIndex=1} from 3
21:52:09.818 [raft-server-raft-partition-2] TRACE i.a.p.raft.roles.FollowerRole - RaftServer{raft-partition-2}{role=FOLLOWER} - Received AppendRequest{term=1, leader=1, prevLogIndex=1, prevLogTerm=1, entries=0, commitIndex=1}
21:52:09.818 [raft-server-raft-partition-2] TRACE i.a.p.raft.roles.FollowerRole - RaftServer{raft-partition-2}{role=FOLLOWER} - Sending AppendResponse{status=OK, term=1, succeeded=true, lastLogIndex=1}
21:52:09.819 [raft-server-raft-partition-2] TRACE i.a.p.raft.roles.LeaderAppender - RaftServer{raft-partition-2} - Received AppendResponse{status=OK, term=1, succeeded=true, lastLogIndex=1} from 2
21:52:09.826 [raft-server-raft-partition-6] TRACE i.a.p.raft.roles.LeaderAppender - RaftServer{raft-partition-6} - Sending AppendRequest{term=1, leader=1, prevLogIndex=1, prevLogTerm=1, entries=0, commitIndex=1} to 2
21:52:09.826 [raft-server-raft-partition-6] TRACE i.a.p.raft.roles.LeaderAppender - RaftServer{raft-partition-6} - Sending AppendRequest{term=1, leader=1, prevLogIndex=1, prevLogTerm=1, entries=0, commitIndex=1} to 3
21:52:09.826 [raft-server-raft-partition-6] TRACE i.a.p.raft.roles.FollowerRole - RaftServer{raft-partition-6}{role=FOLLOWER} - Received AppendRequest{term=1, leader=1, prevLogIndex=1, prevLogTerm=1, entries=0, commitIndex=1}
21:52:09.826 [raft-server-raft-partition-6] TRACE i.a.p.raft.roles.FollowerRole - RaftServer{raft-partition-6}{role=FOLLOWER} - Received AppendRequest{term=1, leader=1, prevLogIndex=1, prevLogTerm=1, entries=0, commitIndex=1}
21:52:09.826 [raft-server-raft-partition-6] TRACE i.a.p.raft.roles.FollowerRole - RaftServer{raft-partition-6}{role=FOLLOWER} - Sending AppendResponse{status=OK, term=1, succeeded=true, lastLogIndex=1}
21:52:09.826 [raft-server-raft-partition-6] TRACE i.a.p.raft.roles.FollowerRole - RaftServer{raft-partition-6}{role=FOLLOWER} - Sending AppendResponse{status=OK, term=1, succeeded=true, lastLogIndex=1}
21:52:09.826 [raft-server-raft-partition-6] TRACE i.a.p.raft.roles.LeaderAppender - RaftServer{raft-partition-6} - Received AppendResponse{status=OK, term=1, succeeded=true, lastLogIndex=1} from 2
21:52:09.826 [raft-server-raft-partition-6] TRACE i.a.p.raft.roles.LeaderAppender - RaftServer{raft-partition-6} - Sending AppendRequest{term=1, leader=1, prevLogIndex=1, prevLogTerm=1, entries=0, commitIndex=1} to 2
21:52:09.827 [raft-server-raft-partition-6] TRACE i.a.p.raft.roles.LeaderAppender - RaftServer{raft-partition-6} - Received AppendResponse{status=OK, term=1, succeeded=true, lastLogIndex=1} from 3
21:52:09.827 [raft-server-raft-partition-6] TRACE i.a.p.raft.roles.LeaderAppender - RaftServer{raft-partition-6} - Sending AppendRequest{term=1, leader=1, prevLogIndex=1, prevLogTerm=1, entries=0, commitIndex=1} to 3
21:52:09.827 [raft-server-raft-partition-6] TRACE i.a.p.raft.roles.FollowerRole - RaftServer{raft-partition-6}{role=FOLLOWER} - Received AppendRequest{term=1, leader=1, prevLogIndex=1, prevLogTerm=1, entries=0, commitIndex=1}
21:52:09.827 [raft-server-raft-partition-6] TRACE i.a.p.raft.roles.FollowerRole - RaftServer{raft-partition-6}{role=FOLLOWER} - Received AppendRequest{term=1, leader=1, prevLogIndex=1, prevLogTerm=1, entries=0, commitIndex=1}
21:52:09.827 [raft-server-raft-partition-6] TRACE i.a.p.raft.roles.FollowerRole - RaftServer{raft-partition-6}{role=FOLLOWER} - Sending AppendResponse{status=OK, term=1, succeeded=true, lastLogIndex=1}
21:52:09.827 [raft-server-raft-partition-6] TRACE i.a.p.raft.roles.FollowerRole - RaftServer{raft-partition-6}{role=FOLLOWER} - Sending AppendResponse{status=OK, term=1, succeeded=true, lastLogIndex=1}
21:52:09.827 [raft-server-raft-partition-6] TRACE i.a.p.raft.roles.LeaderAppender - RaftServer{raft-partition-6} - Received AppendResponse{status=OK, term=1, succeeded=true, lastLogIndex=1} from 2
21:52:09.827 [raft-server-raft-partition-6] TRACE i.a.p.raft.roles.LeaderAppender - RaftServer{raft-partition-6} - Sending AppendRequest{term=1, leader=1, prevLogIndex=1, prevLogTerm=1, entries=0, commitIndex=1} to 2
21:52:09.827 [raft-server-raft-partition-6] TRACE i.a.p.raft.roles.LeaderAppender - RaftServer{raft-partition-6} - Received AppendResponse{status=OK, term=1, succeeded=true, lastLogIndex=1} from 3
21:52:09.827 [raft-server-raft-partition-6] TRACE i.a.p.raft.roles.FollowerRole - RaftServer{raft-partition-6}{role=FOLLOWER} - Received AppendRequest{term=1, leader=1, prevLogIndex=1, prevLogTerm=1, entries=0, commitIndex=1}
21:52:09.827 [raft-server-raft-partition-6] TRACE i.a.p.raft.roles.FollowerRole - RaftServer{raft-partition-6}{role=FOLLOWER} - Sending AppendResponse{status=OK, term=1, succeeded=true, lastLogIndex=1}
21:52:09.828 [raft-server-raft-partition-6] TRACE i.a.p.raft.roles.LeaderAppender - RaftServer{raft-partition-6} - Received AppendResponse{status=OK, term=1, succeeded=true, lastLogIndex=1} from 2
21:52:09.884 [raft-server-raft-partition-1] TRACE i.a.p.raft.roles.LeaderAppender - RaftServer{raft-partition-1} - Sending AppendRequest{term=1, leader=2, prevLogIndex=1, prevLogTerm=1, entries=0, commitIndex=1} to 3
21:52:09.885 [raft-server-raft-partition-1] TRACE i.a.p.raft.roles.FollowerRole - RaftServer{raft-partition-1}{role=FOLLOWER} - Received AppendRequest{term=1, leader=2, prevLogIndex=1, prevLogTerm=1, entries=0, commitIndex=1}
21:52:09.885 [raft-server-raft-partition-1] TRACE i.a.p.raft.roles.FollowerRole - RaftServer{raft-partition-1}{role=FOLLOWER} - Sending AppendResponse{status=OK, term=1, succeeded=true, lastLogIndex=1}
21:52:09.885 [raft-server-raft-partition-1] TRACE i.a.p.raft.roles.LeaderAppender - RaftServer{raft-partition-1} - Received AppendResponse{status=OK, term=1, succeeded=true, lastLogIndex=1} from 3
21:52:09.885 [raft-server-raft-partition-1] TRACE i.a.p.raft.roles.LeaderAppender - RaftServer{raft-partition-1} - Sending AppendRequest{term=1, leader=2, prevLogIndex=1, prevLogTerm=1, entries=0, commitIndex=1} to 3
21:52:09.886 [raft-server-raft-partition-1] TRACE i.a.p.raft.roles.FollowerRole - RaftServer{raft-partition-1}{role=FOLLOWER} - Received AppendRequest{term=1, leader=2, prevLogIndex=1, prevLogTerm=1, entries=0, commitIndex=1}
21:52:09.886 [raft-server-raft-partition-1] TRACE i.a.p.raft.roles.FollowerRole - RaftServer{raft-partition-1}{role=FOLLOWER} - Sending AppendResponse{status=OK, term=1, succeeded=true, lastLogIndex=1}
21:52:09.886 [raft-server-raft-partition-1] TRACE i.a.p.raft.roles.LeaderAppender - RaftServer{raft-partition-1} - Received AppendResponse{status=OK, term=1, succeeded=true, lastLogIndex=1} from 3
21:52:09.917 [raft-server-system-partition-1] TRACE i.a.p.raft.roles.LeaderAppender - RaftServer{system-partition-1} - Sending AppendRequest{term=1, leader=1, prevLogIndex=13, prevLogTerm=1, entries=0, commitIndex=13} to 2
21:52:09.917 [raft-server-system-partition-1] TRACE i.a.p.raft.roles.LeaderAppender - RaftServer{system-partition-1} - Sending AppendRequest{term=1, leader=1, prevLogIndex=13, prevLogTerm=1, entries=0, commitIndex=13} to 3
21:52:09.917 [raft-server-system-partition-1] TRACE i.a.p.raft.roles.FollowerRole - RaftServer{system-partition-1}{role=FOLLOWER} - Received AppendRequest{term=1, leader=1, prevLogIndex=13, prevLogTerm=1, entries=0, commitIndex=13}
21:52:09.917 [raft-server-system-partition-1] TRACE i.a.p.raft.roles.FollowerRole - RaftServer{system-partition-1}{role=FOLLOWER} - Received AppendRequest{term=1, leader=1, prevLogIndex=13, prevLogTerm=1, entries=0, commitIndex=13}
21:52:09.917 [raft-server-system-partition-1] TRACE i.a.p.raft.roles.FollowerRole - RaftServer{system-partition-1}{role=FOLLOWER} - Sending AppendResponse{status=OK, term=1, succeeded=true, lastLogIndex=13}
21:52:09.917 [raft-server-system-partition-1] TRACE i.a.p.raft.roles.FollowerRole - RaftServer{system-partition-1}{role=FOLLOWER} - Sending AppendResponse{status=OK, term=1, succeeded=true, lastLogIndex=13}
21:52:09.918 [raft-server-system-partition-1] TRACE i.a.p.raft.roles.LeaderAppender - RaftServer{system-partition-1} - Received AppendResponse{status=OK, term=1, succeeded=true, lastLogIndex=13} from 3
21:52:09.918 [raft-server-system-partition-1] TRACE i.a.p.raft.roles.LeaderAppender - RaftServer{system-partition-1} - Sending AppendRequest{term=1, leader=1, prevLogIndex=13, prevLogTerm=1, entries=0, commitIndex=13} to 3
21:52:09.918 [raft-server-system-partition-1] TRACE i.a.p.raft.roles.LeaderAppender - RaftServer{system-partition-1} - Received AppendResponse{status=OK, term=1, succeeded=true, lastLogIndex=13} from 2
21:52:09.918 [raft-server-system-partition-1] TRACE i.a.p.raft.roles.LeaderAppender - RaftServer{system-partition-1} - Sending AppendRequest{term=1, leader=1, prevLogIndex=13, prevLogTerm=1, entries=0, commitIndex=13} to 2
21:52:09.918 [raft-server-system-partition-1] TRACE i.a.p.raft.roles.FollowerRole - RaftServer{system-partition-1}{role=FOLLOWER} - Received AppendRequest{term=1, leader=1, prevLogIndex=13, prevLogTerm=1, entries=0, commitIndex=13}
21:52:09.918 [raft-server-system-partition-1] TRACE i.a.p.raft.roles.FollowerRole - RaftServer{system-partition-1}{role=FOLLOWER} - Sending AppendResponse{status=OK, term=1, succeeded=true, lastLogIndex=13}
21:52:09.918 [raft-server-system-partition-1] TRACE i.a.p.raft.roles.FollowerRole - RaftServer{system-partition-1}{role=FOLLOWER} - Received AppendRequest{term=1, leader=1, prevLogIndex=13, prevLogTerm=1, entries=0, commitIndex=13}
21:52:09.918 [raft-server-system-partition-1] TRACE i.a.p.raft.roles.FollowerRole - RaftServer{system-partition-1}{role=FOLLOWER} - Sending AppendResponse{status=OK, term=1, succeeded=true, lastLogIndex=13}
21:52:09.918 [raft-server-system-partition-1] TRACE i.a.p.raft.roles.LeaderAppender - RaftServer{system-partition-1} - Received AppendResponse{status=OK, term=1, succeeded=true, lastLogIndex=13} from 3
21:52:09.918 [raft-server-system-partition-1] TRACE i.a.p.raft.roles.LeaderAppender - RaftServer{system-partition-1} - Received AppendResponse{status=OK, term=1, succeeded=true, lastLogIndex=13} from 2
21:52:09.959 [raft-server-raft-partition-5] TRACE i.a.p.raft.roles.LeaderAppender - RaftServer{raft-partition-5} - Sending AppendRequest{term=1, leader=3, prevLogIndex=1, prevLogTerm=1, entries=0, commitIndex=1} to 1
21:52:09.959 [raft-server-raft-partition-5] TRACE i.a.p.raft.roles.LeaderAppender - RaftServer{raft-partition-5} - Sending AppendRequest{term=1, leader=3, prevLogIndex=1, prevLogTerm=1, entries=0, commitIndex=1} to 2
21:52:09.959 [raft-server-raft-partition-7] TRACE i.a.p.raft.roles.LeaderAppender - RaftServer{raft-partition-7} - Sending AppendRequest{term=1, leader=2, prevLogIndex=1, prevLogTerm=1, entries=0, commitIndex=1} to 1
21:52:09.959 [raft-server-raft-partition-5] TRACE i.a.p.raft.roles.FollowerRole - RaftServer{raft-partition-5}{role=FOLLOWER} - Received AppendRequest{term=1, leader=3, prevLogIndex=1, prevLogTerm=1, entries=0, commitIndex=1}
21:52:09.959 [raft-server-raft-partition-7] TRACE i.a.p.raft.roles.LeaderAppender - RaftServer{raft-partition-7} - Sending AppendRequest{term=1, leader=2, prevLogIndex=1, prevLogTerm=1, entries=0, commitIndex=1} to 3
21:52:09.959 [raft-server-raft-partition-5] TRACE i.a.p.raft.roles.FollowerRole - RaftServer{raft-partition-5}{role=FOLLOWER} - Received AppendRequest{term=1, leader=3, prevLogIndex=1, prevLogTerm=1, entries=0, commitIndex=1}
21:52:09.959 [raft-server-raft-partition-5] TRACE i.a.p.raft.roles.FollowerRole - RaftServer{raft-partition-5}{role=FOLLOWER} - Sending AppendResponse{status=OK, term=1, succeeded=true, lastLogIndex=1}
21:52:09.959 [raft-server-raft-partition-7] TRACE i.a.p.raft.roles.FollowerRole - RaftServer{raft-partition-7}{role=FOLLOWER} - Received AppendRequest{term=1, leader=2, prevLogIndex=1, prevLogTerm=1, entries=0, commitIndex=1}
21:52:09.959 [raft-server-raft-partition-5] TRACE i.a.p.raft.roles.FollowerRole - RaftServer{raft-partition-5}{role=FOLLOWER} - Sending AppendResponse{status=OK, term=1, succeeded=true, lastLogIndex=1}
21:52:09.959 [raft-server-raft-partition-7] TRACE i.a.p.raft.roles.FollowerRole - RaftServer{raft-partition-7}{role=FOLLOWER} - Sending AppendResponse{status=OK, term=1, succeeded=true, lastLogIndex=1}
21:52:09.959 [raft-server-raft-partition-7] TRACE i.a.p.raft.roles.FollowerRole - RaftServer{raft-partition-7}{role=FOLLOWER} - Received AppendRequest{term=1, leader=2, prevLogIndex=1, prevLogTerm=1, entries=0, commitIndex=1}
21:52:09.959 [raft-server-raft-partition-5] TRACE i.a.p.raft.roles.LeaderAppender - RaftServer{raft-partition-5} - Received AppendResponse{status=OK, term=1, succeeded=true, lastLogIndex=1} from 2
21:52:09.960 [raft-server-raft-partition-7] TRACE i.a.p.raft.roles.FollowerRole - RaftServer{raft-partition-7}{role=FOLLOWER} - Sending AppendResponse{status=OK, term=1, succeeded=true, lastLogIndex=1}
21:52:09.960 [raft-server-raft-partition-5] TRACE i.a.p.raft.roles.LeaderAppender - RaftServer{raft-partition-5} - Sending AppendRequest{term=1, leader=3, prevLogIndex=1, prevLogTerm=1, entries=0, commitIndex=1} to 2
21:52:09.960 [raft-server-raft-partition-7] TRACE i.a.p.raft.roles.LeaderAppender - RaftServer{raft-partition-7} - Received AppendResponse{status=OK, term=1, succeeded=true, lastLogIndex=1} from 1
21:52:09.960 [raft-server-raft-partition-5] TRACE i.a.p.raft.roles.LeaderAppender - RaftServer{raft-partition-5} - Received AppendResponse{status=OK, term=1, succeeded=true, lastLogIndex=1} from 1
21:52:09.960 [raft-server-raft-partition-7] TRACE i.a.p.raft.roles.LeaderAppender - RaftServer{raft-partition-7} - Sending AppendRequest{term=1, leader=2, prevLogIndex=1, prevLogTerm=1, entries=0, commitIndex=1} to 1
21:52:09.960 [raft-server-raft-partition-5] TRACE i.a.p.raft.roles.LeaderAppender - RaftServer{raft-partition-5} - Sending AppendRequest{term=1, leader=3, prevLogIndex=1, prevLogTerm=1, entries=0, commitIndex=1} to 1
21:52:09.960 [raft-server-raft-partition-5] TRACE i.a.p.raft.roles.FollowerRole - RaftServer{raft-partition-5}{role=FOLLOWER} - Received AppendRequest{term=1, leader=3, prevLogIndex=1, prevLogTerm=1, entries=0, commitIndex=1}
21:52:09.960 [raft-server-raft-partition-7] TRACE i.a.p.raft.roles.LeaderAppender - RaftServer{raft-partition-7} - Received AppendResponse{status=OK, term=1, succeeded=true, lastLogIndex=1} from 3
21:52:09.960 [raft-server-raft-partition-5] TRACE i.a.p.raft.roles.FollowerRole - RaftServer{raft-partition-5}{role=FOLLOWER} - Sending AppendResponse{status=OK, term=1, succeeded=true, lastLogIndex=1}
21:52:09.960 [raft-server-raft-partition-7] TRACE i.a.p.raft.roles.FollowerRole - RaftServer{raft-partition-7}{role=FOLLOWER} - Received AppendRequest{term=1, leader=2, prevLogIndex=1, prevLogTerm=1, entries=0, commitIndex=1}
21:52:09.960 [raft-server-raft-partition-7] TRACE i.a.p.raft.roles.LeaderAppender - RaftServer{raft-partition-7} - Sending AppendRequest{term=1, leader=2, prevLogIndex=1, prevLogTerm=1, entries=0, commitIndex=1} to 3
21:52:09.960 [raft-server-raft-partition-5] TRACE i.a.p.raft.roles.FollowerRole - RaftServer{raft-partition-5}{role=FOLLOWER} - Received AppendRequest{term=1, leader=3, prevLogIndex=1, prevLogTerm=1, entries=0, commitIndex=1}
21:52:09.960 [raft-server-raft-partition-7] TRACE i.a.p.raft.roles.FollowerRole - RaftServer{raft-partition-7}{role=FOLLOWER} - Sending AppendResponse{status=OK, term=1, succeeded=true, lastLogIndex=1}
21:52:09.960 [raft-server-raft-partition-5] TRACE i.a.p.raft.roles.FollowerRole - RaftServer{raft-partition-5}{role=FOLLOWER} - Sending AppendResponse{status=OK, term=1, succeeded=true, lastLogIndex=1}
21:52:09.960 [raft-server-raft-partition-5] TRACE i.a.p.raft.roles.LeaderAppender - RaftServer{raft-partition-5} - Received AppendResponse{status=OK, term=1, succeeded=true, lastLogIndex=1} from 2
21:52:09.960 [raft-server-raft-partition-7] TRACE i.a.p.raft.roles.FollowerRole - RaftServer{raft-partition-7}{role=FOLLOWER} - Received AppendRequest{term=1, leader=2, prevLogIndex=1, prevLogTerm=1, entries=0, commitIndex=1}
21:52:09.960 [raft-server-raft-partition-7] TRACE i.a.p.raft.roles.LeaderAppender - RaftServer{raft-partition-7} - Received AppendResponse{status=OK, term=1, succeeded=true, lastLogIndex=1} from 1
21:52:09.961 [raft-server-raft-partition-7] TRACE i.a.p.raft.roles.FollowerRole - RaftServer{raft-partition-7}{role=FOLLOWER} - Sending AppendResponse{status=OK, term=1, succeeded=true, lastLogIndex=1}
21:52:09.961 [raft-server-raft-partition-5] TRACE i.a.p.raft.roles.LeaderAppender - RaftServer{raft-partition-5} - Received AppendResponse{status=OK, term=1, succeeded=true, lastLogIndex=1} from 1
21:52:09.961 [raft-server-raft-partition-7] TRACE i.a.p.raft.roles.LeaderAppender - RaftServer{raft-partition-7} - Received AppendResponse{status=OK, term=1, succeeded=true, lastLogIndex=1} from 3
21:52:09.993 [raft-server-raft-partition-4] TRACE i.a.p.raft.roles.LeaderAppender - RaftServer{raft-partition-4} - Sending AppendRequest{term=1, leader=1, prevLogIndex=1, prevLogTerm=1, entries=0, commitIndex=1} to 2
21:52:09.993 [raft-server-raft-partition-4] TRACE i.a.p.raft.roles.LeaderAppender - RaftServer{raft-partition-4} - Sending AppendRequest{term=1, leader=1, prevLogIndex=1, prevLogTerm=1, entries=0, commitIndex=1} to 3
21:52:09.993 [raft-server-raft-partition-4] TRACE i.a.p.raft.roles.FollowerRole - RaftServer{raft-partition-4}{role=FOLLOWER} - Received AppendRequest{term=1, leader=1, prevLogIndex=1, prevLogTerm=1, entries=0, commitIndex=1}
21:52:09.993 [raft-server-raft-partition-4] TRACE i.a.p.raft.roles.FollowerRole - RaftServer{raft-partition-4}{role=FOLLOWER} - Sending AppendResponse{status=OK, term=1, succeeded=true, lastLogIndex=1}
21:52:09.993 [raft-server-raft-partition-4] TRACE i.a.p.raft.roles.FollowerRole - RaftServer{raft-partition-4}{role=FOLLOWER} - Received AppendRequest{term=1, leader=1, prevLogIndex=1, prevLogTerm=1, entries=0, commitIndex=1}
21:52:09.993 [raft-server-raft-partition-4] TRACE i.a.p.raft.roles.FollowerRole - RaftServer{raft-partition-4}{role=FOLLOWER} - Sending AppendResponse{status=OK, term=1, succeeded=true, lastLogIndex=1}
21:52:09.993 [raft-server-raft-partition-4] TRACE i.a.p.raft.roles.LeaderAppender - RaftServer{raft-partition-4} - Received AppendResponse{status=OK, term=1, succeeded=true, lastLogIndex=1} from 2
21:52:09.993 [raft-server-raft-partition-4] TRACE i.a.p.raft.roles.LeaderAppender - RaftServer{raft-partition-4} - Sending AppendRequest{term=1, leader=1, prevLogIndex=1, prevLogTerm=1, entries=0, commitIndex=1} to 2
21:52:09.994 [raft-server-raft-partition-4] TRACE i.a.p.raft.roles.LeaderAppender - RaftServer{raft-partition-4} - Received AppendResponse{status=OK, term=1, succeeded=true, lastLogIndex=1} from 3
21:52:09.994 [raft-server-raft-partition-4] TRACE i.a.p.raft.roles.LeaderAppender - RaftServer{raft-partition-4} - Sending AppendRequest{term=1, leader=1, prevLogIndex=1, prevLogTerm=1, entries=0, commitIndex=1} to 3
21:52:09.994 [raft-server-raft-partition-4] TRACE i.a.p.raft.roles.FollowerRole - RaftServer{raft-partition-4}{role=FOLLOWER} - Received AppendRequest{term=1, leader=1, prevLogIndex=1, prevLogTerm=1, entries=0, commitIndex=1}
21:52:09.994 [raft-server-raft-partition-4] TRACE i.a.p.raft.roles.FollowerRole - RaftServer{raft-partition-4}{role=FOLLOWER} - Sending AppendResponse{status=OK, term=1, succeeded=true, lastLogIndex=1}
21:52:09.994 [raft-server-raft-partition-4] TRACE i.a.p.raft.roles.FollowerRole - RaftServer{raft-partition-4}{role=FOLLOWER} - Received AppendRequest{term=1, leader=1, prevLogIndex=1, prevLogTerm=1, entries=0, commitIndex=1}
21:52:09.994 [raft-server-raft-partition-4] TRACE i.a.p.raft.roles.LeaderAppender - RaftServer{raft-partition-4} - Received AppendResponse{status=OK, term=1, succeeded=true, lastLogIndex=1} from 2
21:52:09.994 [raft-server-raft-partition-4] TRACE i.a.p.raft.roles.FollowerRole - RaftServer{raft-partition-4}{role=FOLLOWER} - Sending AppendResponse{status=OK, term=1, succeeded=true, lastLogIndex=1}
21:52:09.994 [raft-server-raft-partition-4] TRACE i.a.p.raft.roles.LeaderAppender - RaftServer{raft-partition-4} - Sending AppendRequest{term=1, leader=1, prevLogIndex=1, prevLogTerm=1, entries=0, commitIndex=1} to 2
21:52:09.994 [raft-server-raft-partition-4] TRACE i.a.p.raft.roles.LeaderAppender - RaftServer{raft-partition-4} - Received AppendResponse{status=OK, term=1, succeeded=true, lastLogIndex=1} from 3
21:52:09.994 [raft-server-raft-partition-4] TRACE i.a.p.raft.roles.FollowerRole - RaftServer{raft-partition-4}{role=FOLLOWER} - Received AppendRequest{term=1, leader=1, prevLogIndex=1, prevLogTerm=1, entries=0, commitIndex=1}
21:52:09.994 [raft-server-raft-partition-4] TRACE i.a.p.raft.roles.FollowerRole - RaftServer{raft-partition-4}{role=FOLLOWER} - Sending AppendResponse{status=OK, term=1, succeeded=true, lastLogIndex=1}
21:52:09.994 [raft-server-raft-partition-4] TRACE i.a.p.raft.roles.LeaderAppender - RaftServer{raft-partition-4} - Received AppendResponse{status=OK, term=1, succeeded=true, lastLogIndex=1} from 2
21:52:10.068 [raft-server-raft-partition-2] TRACE i.a.p.raft.roles.LeaderAppender - RaftServer{raft-partition-2} - Sending AppendRequest{term=1, leader=1, prevLogIndex=1, prevLogTerm=1, entries=0, commitIndex=1} to 2
21:52:10.068 [raft-server-raft-partition-2] TRACE i.a.p.raft.roles.LeaderAppender - RaftServer{raft-partition-2} - Sending AppendRequest{term=1, leader=1, prevLogIndex=1, prevLogTerm=1, entries=0, commitIndex=1} to 3
21:52:10.068 [raft-server-raft-partition-2] TRACE i.a.p.raft.roles.FollowerRole - RaftServer{raft-partition-2}{role=FOLLOWER} - Received AppendRequest{term=1, leader=1, prevLogIndex=1, prevLogTerm=1, entries=0, commitIndex=1}
21:52:10.068 [raft-server-raft-partition-2] TRACE i.a.p.raft.roles.FollowerRole - RaftServer{raft-partition-2}{role=FOLLOWER} - Sending AppendResponse{status=OK, term=1, succeeded=true, lastLogIndex=1}
21:52:10.068 [raft-server-raft-partition-2] TRACE i.a.p.raft.roles.FollowerRole - RaftServer{raft-partition-2}{role=FOLLOWER} - Received AppendRequest{term=1, leader=1, prevLogIndex=1, prevLogTerm=1, entries=0, commitIndex=1}
21:52:10.068 [raft-server-raft-partition-2] TRACE i.a.p.raft.roles.FollowerRole - RaftServer{raft-partition-2}{role=FOLLOWER} - Sending AppendResponse{status=OK, term=1, succeeded=true, lastLogIndex=1}
21:52:10.068 [raft-server-raft-partition-2] TRACE i.a.p.raft.roles.LeaderAppender - RaftServer{raft-partition-2} - Received AppendResponse{status=OK, term=1, succeeded=true, lastLogIndex=1} from 2
21:52:10.068 [raft-server-raft-partition-2] TRACE i.a.p.raft.roles.LeaderAppender - RaftServer{raft-partition-2} - Received AppendResponse{status=OK, term=1, succeeded=true, lastLogIndex=1} from 3
21:52:10.076 [raft-server-raft-partition-6] TRACE i.a.p.raft.roles.LeaderAppender - RaftServer{raft-partition-6} - Sending AppendRequest{term=1, leader=1, prevLogIndex=1, prevLogTerm=1, entries=0, commitIndex=1} to 2
21:52:10.076 [raft-server-raft-partition-6] TRACE i.a.p.raft.roles.LeaderAppender - RaftServer{raft-partition-6} - Sending AppendRequest{term=1, leader=1, prevLogIndex=1, prevLogTerm=1, entries=0, commitIndex=1} to 3
21:52:10.076 [raft-server-raft-partition-6] TRACE i.a.p.raft.roles.FollowerRole - RaftServer{raft-partition-6}{role=FOLLOWER} - Received AppendRequest{term=1, leader=1, prevLogIndex=1, prevLogTerm=1, entries=0, commitIndex=1}
21:52:10.076 [raft-server-raft-partition-6] TRACE i.a.p.raft.roles.FollowerRole - RaftServer{raft-partition-6}{role=FOLLOWER} - Received AppendRequest{term=1, leader=1, prevLogIndex=1, prevLogTerm=1, entries=0, commitIndex=1}
21:52:10.076 [raft-server-raft-partition-6] TRACE i.a.p.raft.roles.FollowerRole - RaftServer{raft-partition-6}{role=FOLLOWER} - Sending AppendResponse{status=OK, term=1, succeeded=true, lastLogIndex=1}
21:52:10.076 [raft-server-raft-partition-6] TRACE i.a.p.raft.roles.FollowerRole - RaftServer{raft-partition-6}{role=FOLLOWER} - Sending AppendResponse{status=OK, term=1, succeeded=true, lastLogIndex=1}
21:52:10.076 [raft-server-raft-partition-6] TRACE i.a.p.raft.roles.LeaderAppender - RaftServer{raft-partition-6} - Received AppendResponse{status=OK, term=1, succeeded=true, lastLogIndex=1} from 3
21:52:10.076 [raft-server-raft-partition-6] TRACE i.a.p.raft.roles.LeaderAppender - RaftServer{raft-partition-6} - Sending AppendRequest{term=1, leader=1, prevLogIndex=1, prevLogTerm=1, entries=0, commitIndex=1} to 3
21:52:10.076 [raft-server-raft-partition-6] TRACE i.a.p.raft.roles.LeaderAppender - RaftServer{raft-partition-6} - Received AppendResponse{status=OK, term=1, succeeded=true, lastLogIndex=1} from 2
21:52:10.076 [raft-server-raft-partition-6] TRACE i.a.p.raft.roles.LeaderAppender - RaftServer{raft-partition-6} - Sending AppendRequest{term=1, leader=1, prevLogIndex=1, prevLogTerm=1, entries=0, commitIndex=1} to 2
21:52:10.076 [raft-server-raft-partition-6] TRACE i.a.p.raft.roles.FollowerRole - RaftServer{raft-partition-6}{role=FOLLOWER} - Received AppendRequest{term=1, leader=1, prevLogIndex=1, prevLogTerm=1, entries=0, commitIndex=1}
21:52:10.077 [raft-server-raft-partition-6] TRACE i.a.p.raft.roles.FollowerRole - RaftServer{raft-partition-6}{role=FOLLOWER} - Sending AppendResponse{status=OK, term=1, succeeded=true, lastLogIndex=1}
21:52:10.077 [raft-server-raft-partition-6] TRACE i.a.p.raft.roles.FollowerRole - RaftServer{raft-partition-6}{role=FOLLOWER} - Received AppendRequest{term=1, leader=1, prevLogIndex=1, prevLogTerm=1, entries=0, commitIndex=1}
21:52:10.077 [raft-server-raft-partition-6] TRACE i.a.p.raft.roles.FollowerRole - RaftServer{raft-partition-6}{role=FOLLOWER} - Sending AppendResponse{status=OK, term=1, succeeded=true, lastLogIndex=1}
21:52:10.077 [raft-server-raft-partition-6] TRACE i.a.p.raft.roles.LeaderAppender - RaftServer{raft-partition-6} - Received AppendResponse{status=OK, term=1, succeeded=true, lastLogIndex=1} from 3
21:52:10.077 [raft-server-raft-partition-6] TRACE i.a.p.raft.roles.LeaderAppender - RaftServer{raft-partition-6} - Sending AppendRequest{term=1, leader=1, prevLogIndex=1, prevLogTerm=1, entries=0, commitIndex=1} to 3
21:52:10.077 [raft-server-raft-partition-6] TRACE i.a.p.raft.roles.LeaderAppender - RaftServer{raft-partition-6} - Received AppendResponse{status=OK, term=1, succeeded=true, lastLogIndex=1} from 2
21:52:10.077 [raft-server-raft-partition-6] TRACE i.a.p.raft.roles.LeaderAppender - RaftServer{raft-partition-6} - Sending AppendRequest{term=1, leader=1, prevLogIndex=1, prevLogTerm=1, entries=0, commitIndex=1} to 2
21:52:10.077 [raft-server-raft-partition-6] TRACE i.a.p.raft.roles.FollowerRole - RaftServer{raft-partition-6}{role=FOLLOWER} - Received AppendRequest{term=1, leader=1, prevLogIndex=1, prevLogTerm=1, entries=0, commitIndex=1}
21:52:10.077 [raft-server-raft-partition-6] TRACE i.a.p.raft.roles.FollowerRole - RaftServer{raft-partition-6}{role=FOLLOWER} - Sending AppendResponse{status=OK, term=1, succeeded=true, lastLogIndex=1}
21:52:10.077 [raft-server-raft-partition-6] TRACE i.a.p.raft.roles.FollowerRole - RaftServer{raft-partition-6}{role=FOLLOWER} - Received AppendRequest{term=1, leader=1, prevLogIndex=1, prevLogTerm=1, entries=0, commitIndex=1}
21:52:10.077 [raft-server-raft-partition-6] TRACE i.a.p.raft.roles.FollowerRole - RaftServer{raft-partition-6}{role=FOLLOWER} - Sending AppendResponse{status=OK, term=1, succeeded=true, lastLogIndex=1}
21:52:10.077 [raft-server-raft-partition-6] TRACE i.a.p.raft.roles.LeaderAppender - RaftServer{raft-partition-6} - Received AppendResponse{status=OK, term=1, succeeded=true, lastLogIndex=1} from 3
21:52:10.077 [raft-server-raft-partition-6] TRACE i.a.p.raft.roles.LeaderAppender - RaftServer{raft-partition-6} - Received AppendResponse{status=OK, term=1, succeeded=true, lastLogIndex=1} from 2
21:52:10.134 [raft-server-raft-partition-1] TRACE i.a.p.raft.roles.LeaderAppender - RaftServer{raft-partition-1} - Sending AppendRequest{term=1, leader=2, prevLogIndex=1, prevLogTerm=1, entries=0, commitIndex=1} to 3
21:52:10.135 [raft-server-raft-partition-1] TRACE i.a.p.raft.roles.FollowerRole - RaftServer{raft-partition-1}{role=FOLLOWER} - Received AppendRequest{term=1, leader=2, prevLogIndex=1, prevLogTerm=1, entries=0, commitIndex=1}
21:52:10.135 [raft-server-raft-partition-1] TRACE i.a.p.raft.roles.FollowerRole - RaftServer{raft-partition-1}{role=FOLLOWER} - Sending AppendResponse{status=OK, term=1, succeeded=true, lastLogIndex=1}
21:52:10.135 [raft-server-raft-partition-1] TRACE i.a.p.raft.roles.LeaderAppender - RaftServer{raft-partition-1} - Received AppendResponse{status=OK, term=1, succeeded=true, lastLogIndex=1} from 3
21:52:10.135 [raft-server-raft-partition-1] TRACE i.a.p.raft.roles.LeaderAppender - RaftServer{raft-partition-1} - Sending AppendRequest{term=1, leader=2, prevLogIndex=1, prevLogTerm=1, entries=0, commitIndex=1} to 3
21:52:10.135 [raft-server-raft-partition-1] TRACE i.a.p.raft.roles.FollowerRole - RaftServer{raft-partition-1}{role=FOLLOWER} - Received AppendRequest{term=1, leader=2, prevLogIndex=1, prevLogTerm=1, entries=0, commitIndex=1}
21:52:10.136 [raft-server-raft-partition-1] TRACE i.a.p.raft.roles.FollowerRole - RaftServer{raft-partition-1}{role=FOLLOWER} - Sending AppendResponse{status=OK, term=1, succeeded=true, lastLogIndex=1}
21:52:10.136 [raft-server-raft-partition-1] TRACE i.a.p.raft.roles.LeaderAppender - RaftServer{raft-partition-1} - Received AppendResponse{status=OK, term=1, succeeded=true, lastLogIndex=1} from 3
21:52:10.167 [raft-server-system-partition-1] TRACE i.a.p.raft.roles.LeaderAppender - RaftServer{system-partition-1} - Sending AppendRequest{term=1, leader=1, prevLogIndex=13, prevLogTerm=1, entries=0, commitIndex=13} to 2
21:52:10.167 [raft-server-system-partition-1] TRACE i.a.p.raft.roles.LeaderAppender - RaftServer{system-partition-1} - Sending AppendRequest{term=1, leader=1, prevLogIndex=13, prevLogTerm=1, entries=0, commitIndex=13} to 3
21:52:10.168 [raft-server-system-partition-1] TRACE i.a.p.raft.roles.FollowerRole - RaftServer{system-partition-1}{role=FOLLOWER} - Received AppendRequest{term=1, leader=1, prevLogIndex=13, prevLogTerm=1, entries=0, commitIndex=13}
21:52:10.168 [raft-server-system-partition-1] TRACE i.a.p.raft.roles.FollowerRole - RaftServer{system-partition-1}{role=FOLLOWER} - Received AppendRequest{term=1, leader=1, prevLogIndex=13, prevLogTerm=1, entries=0, commitIndex=13}
21:52:10.168 [raft-server-system-partition-1] TRACE i.a.p.raft.roles.FollowerRole - RaftServer{system-partition-1}{role=FOLLOWER} - Sending AppendResponse{status=OK, term=1, succeeded=true, lastLogIndex=13}
21:52:10.168 [raft-server-system-partition-1] TRACE i.a.p.raft.roles.FollowerRole - RaftServer{system-partition-1}{role=FOLLOWER} - Sending AppendResponse{status=OK, term=1, succeeded=true, lastLogIndex=13}
21:52:10.168 [raft-server-system-partition-1] TRACE i.a.p.raft.roles.LeaderAppender - RaftServer{system-partition-1} - Received AppendResponse{status=OK, term=1, succeeded=true, lastLogIndex=13} from 3
21:52:10.168 [raft-server-system-partition-1] TRACE i.a.p.raft.roles.LeaderAppender - RaftServer{system-partition-1} - Sending AppendRequest{term=1, leader=1, prevLogIndex=13, prevLogTerm=1, entries=0, commitIndex=13} to 3
21:52:10.168 [raft-server-system-partition-1] TRACE i.a.p.raft.roles.FollowerRole - RaftServer{system-partition-1}{role=FOLLOWER} - Received AppendRequest{term=1, leader=1, prevLogIndex=13, prevLogTerm=1, entries=0, commitIndex=13}
21:52:10.168 [raft-server-system-partition-1] TRACE i.a.p.raft.roles.FollowerRole - RaftServer{system-partition-1}{role=FOLLOWER} - Sending AppendResponse{status=OK, term=1, succeeded=true, lastLogIndex=13}
21:52:10.169 [raft-server-system-partition-1] TRACE i.a.p.raft.roles.LeaderAppender - RaftServer{system-partition-1} - Received AppendResponse{status=OK, term=1, succeeded=true, lastLogIndex=13} from 3
21:52:10.171 [raft-server-system-partition-1] TRACE i.a.p.raft.roles.LeaderAppender - RaftServer{system-partition-1} - Received AppendResponse{status=OK, term=1, succeeded=true, lastLogIndex=13} from 2
21:52:10.209 [raft-server-raft-partition-5] TRACE i.a.p.raft.roles.LeaderAppender - RaftServer{raft-partition-5} - Sending AppendRequest{term=1, leader=3, prevLogIndex=1, prevLogTerm=1, entries=0, commitIndex=1} to 1
21:52:10.209 [raft-server-raft-partition-5] TRACE i.a.p.raft.roles.LeaderAppender - RaftServer{raft-partition-5} - Sending AppendRequest{term=1, leader=3, prevLogIndex=1, prevLogTerm=1, entries=0, commitIndex=1} to 2
21:52:10.209 [raft-server-raft-partition-7] TRACE i.a.p.raft.roles.LeaderAppender - RaftServer{raft-partition-7} - Sending AppendRequest{term=1, leader=2, prevLogIndex=1, prevLogTerm=1, entries=0, commitIndex=1} to 1
21:52:10.209 [raft-server-raft-partition-5] TRACE i.a.p.raft.roles.FollowerRole - RaftServer{raft-partition-5}{role=FOLLOWER} - Received AppendRequest{term=1, leader=3, prevLogIndex=1, prevLogTerm=1, entries=0, commitIndex=1}
21:52:10.209 [raft-server-raft-partition-7] TRACE i.a.p.raft.roles.LeaderAppender - RaftServer{raft-partition-7} - Sending AppendRequest{term=1, leader=2, prevLogIndex=1, prevLogTerm=1, entries=0, commitIndex=1} to 3
21:52:10.209 [raft-server-raft-partition-5] TRACE i.a.p.raft.roles.FollowerRole - RaftServer{raft-partition-5}{role=FOLLOWER} - Sending AppendResponse{status=OK, term=1, succeeded=true, lastLogIndex=1}
21:52:10.209 [raft-server-raft-partition-5] TRACE i.a.p.raft.roles.FollowerRole - RaftServer{raft-partition-5}{role=FOLLOWER} - Received AppendRequest{term=1, leader=3, prevLogIndex=1, prevLogTerm=1, entries=0, commitIndex=1}
21:52:10.209 [raft-server-raft-partition-7] TRACE i.a.p.raft.roles.FollowerRole - RaftServer{raft-partition-7}{role=FOLLOWER} - Received AppendRequest{term=1, leader=2, prevLogIndex=1, prevLogTerm=1, entries=0, commitIndex=1}
21:52:10.209 [raft-server-raft-partition-5] TRACE i.a.p.raft.roles.FollowerRole - RaftServer{raft-partition-5}{role=FOLLOWER} - Sending AppendResponse{status=OK, term=1, succeeded=true, lastLogIndex=1}
21:52:10.209 [raft-server-raft-partition-7] TRACE i.a.p.raft.roles.FollowerRole - RaftServer{raft-partition-7}{role=FOLLOWER} - Sending AppendResponse{status=OK, term=1, succeeded=true, lastLogIndex=1}
21:52:10.209 [raft-server-raft-partition-7] TRACE i.a.p.raft.roles.FollowerRole - RaftServer{raft-partition-7}{role=FOLLOWER} - Received AppendRequest{term=1, leader=2, prevLogIndex=1, prevLogTerm=1, entries=0, commitIndex=1}
21:52:10.209 [raft-server-raft-partition-5] TRACE i.a.p.raft.roles.LeaderAppender - RaftServer{raft-partition-5} - Received AppendResponse{status=OK, term=1, succeeded=true, lastLogIndex=1} from 1
21:52:10.210 [raft-server-raft-partition-7] TRACE i.a.p.raft.roles.FollowerRole - RaftServer{raft-partition-7}{role=FOLLOWER} - Sending AppendResponse{status=OK, term=1, succeeded=true, lastLogIndex=1}
21:52:10.210 [raft-server-raft-partition-5] TRACE i.a.p.raft.roles.LeaderAppender - RaftServer{raft-partition-5} - Sending AppendRequest{term=1, leader=3, prevLogIndex=1, prevLogTerm=1, entries=0, commitIndex=1} to 1
21:52:10.210 [raft-server-raft-partition-7] TRACE i.a.p.raft.roles.LeaderAppender - RaftServer{raft-partition-7} - Received AppendResponse{status=OK, term=1, succeeded=true, lastLogIndex=1} from 1
21:52:10.210 [raft-server-raft-partition-5] TRACE i.a.p.raft.roles.LeaderAppender - RaftServer{raft-partition-5} - Received AppendResponse{status=OK, term=1, succeeded=true, lastLogIndex=1} from 2
21:52:10.210 [raft-server-raft-partition-7] TRACE i.a.p.raft.roles.LeaderAppender - RaftServer{raft-partition-7} - Sending AppendRequest{term=1, leader=2, prevLogIndex=1, prevLogTerm=1, entries=0, commitIndex=1} to 1
21:52:10.210 [raft-server-raft-partition-5] TRACE i.a.p.raft.roles.LeaderAppender - RaftServer{raft-partition-5} - Sending AppendRequest{term=1, leader=3, prevLogIndex=1, prevLogTerm=1, entries=0, commitIndex=1} to 2
21:52:10.210 [raft-server-raft-partition-5] TRACE i.a.p.raft.roles.FollowerRole - RaftServer{raft-partition-5}{role=FOLLOWER} - Received AppendRequest{term=1, leader=3, prevLogIndex=1, prevLogTerm=1, entries=0, commitIndex=1}
21:52:10.210 [raft-server-raft-partition-7] TRACE i.a.p.raft.roles.LeaderAppender - RaftServer{raft-partition-7} - Received AppendResponse{status=OK, term=1, succeeded=true, lastLogIndex=1} from 3
21:52:10.210 [raft-server-raft-partition-5] TRACE i.a.p.raft.roles.FollowerRole - RaftServer{raft-partition-5}{role=FOLLOWER} - Sending AppendResponse{status=OK, term=1, succeeded=true, lastLogIndex=1}
21:52:10.210 [raft-server-raft-partition-7] TRACE i.a.p.raft.roles.FollowerRole - RaftServer{raft-partition-7}{role=FOLLOWER} - Received AppendRequest{term=1, leader=2, prevLogIndex=1, prevLogTerm=1, entries=0, commitIndex=1}
21:52:10.210 [raft-server-raft-partition-7] TRACE i.a.p.raft.roles.LeaderAppender - RaftServer{raft-partition-7} - Sending AppendRequest{term=1, leader=2, prevLogIndex=1, prevLogTerm=1, entries=0, commitIndex=1} to 3
21:52:10.210 [raft-server-raft-partition-5] TRACE i.a.p.raft.roles.FollowerRole - RaftServer{raft-partition-5}{role=FOLLOWER} - Received AppendRequest{term=1, leader=3, prevLogIndex=1, prevLogTerm=1, entries=0, commitIndex=1}
21:52:10.210 [raft-server-raft-partition-7] TRACE i.a.p.raft.roles.FollowerRole - RaftServer{raft-partition-7}{role=FOLLOWER} - Sending AppendResponse{status=OK, term=1, succeeded=true, lastLogIndex=1}
21:52:10.210 [raft-server-raft-partition-5] TRACE i.a.p.raft.roles.LeaderAppender - RaftServer{raft-partition-5} - Received AppendResponse{status=OK, term=1, succeeded=true, lastLogIndex=1} from 1
21:52:10.210 [raft-server-raft-partition-5] TRACE i.a.p.raft.roles.FollowerRole - RaftServer{raft-partition-5}{role=FOLLOWER} - Sending AppendResponse{status=OK, term=1, succeeded=true, lastLogIndex=1}
21:52:10.210 [raft-server-raft-partition-7] TRACE i.a.p.raft.roles.FollowerRole - RaftServer{raft-partition-7}{role=FOLLOWER} - Received AppendRequest{term=1, leader=2, prevLogIndex=1, prevLogTerm=1, entries=0, commitIndex=1}
21:52:10.210 [raft-server-raft-partition-7] TRACE i.a.p.raft.roles.FollowerRole - RaftServer{raft-partition-7}{role=FOLLOWER} - Sending AppendResponse{status=OK, term=1, succeeded=true, lastLogIndex=1}
21:52:10.210 [raft-server-raft-partition-7] TRACE i.a.p.raft.roles.LeaderAppender - RaftServer{raft-partition-7} - Received AppendResponse{status=OK, term=1, succeeded=true, lastLogIndex=1} from 1
21:52:10.210 [raft-server-raft-partition-5] TRACE i.a.p.raft.roles.LeaderAppender - RaftServer{raft-partition-5} - Received AppendResponse{status=OK, term=1, succeeded=true, lastLogIndex=1} from 2
21:52:10.211 [raft-server-raft-partition-7] TRACE i.a.p.raft.roles.LeaderAppender - RaftServer{raft-partition-7} - Received AppendResponse{status=OK, term=1, succeeded=true, lastLogIndex=1} from 3
21:52:10.243 [raft-server-raft-partition-4] TRACE i.a.p.raft.roles.LeaderAppender - RaftServer{raft-partition-4} - Sending AppendRequest{term=1, leader=1, prevLogIndex=1, prevLogTerm=1, entries=0, commitIndex=1} to 2
21:52:10.243 [raft-server-raft-partition-4] TRACE i.a.p.raft.roles.LeaderAppender - RaftServer{raft-partition-4} - Sending AppendRequest{term=1, leader=1, prevLogIndex=1, prevLogTerm=1, entries=0, commitIndex=1} to 3
21:52:10.243 [raft-server-raft-partition-4] TRACE i.a.p.raft.roles.FollowerRole - RaftServer{raft-partition-4}{role=FOLLOWER} - Received AppendRequest{term=1, leader=1, prevLogIndex=1, prevLogTerm=1, entries=0, commitIndex=1}
21:52:10.243 [raft-server-raft-partition-4] TRACE i.a.p.raft.roles.FollowerRole - RaftServer{raft-partition-4}{role=FOLLOWER} - Sending AppendResponse{status=OK, term=1, succeeded=true, lastLogIndex=1}
21:52:10.243 [raft-server-raft-partition-4] TRACE i.a.p.raft.roles.FollowerRole - RaftServer{raft-partition-4}{role=FOLLOWER} - Received AppendRequest{term=1, leader=1, prevLogIndex=1, prevLogTerm=1, entries=0, commitIndex=1}
21:52:10.243 [raft-server-raft-partition-4] TRACE i.a.p.raft.roles.FollowerRole - RaftServer{raft-partition-4}{role=FOLLOWER} - Sending AppendResponse{status=OK, term=1, succeeded=true, lastLogIndex=1}
21:52:10.243 [raft-server-raft-partition-4] TRACE i.a.p.raft.roles.LeaderAppender - RaftServer{raft-partition-4} - Received AppendResponse{status=OK, term=1, succeeded=true, lastLogIndex=1} from 3
21:52:10.244 [raft-server-raft-partition-4] TRACE i.a.p.raft.roles.LeaderAppender - RaftServer{raft-partition-4} - Sending AppendRequest{term=1, leader=1, prevLogIndex=1, prevLogTerm=1, entries=0, commitIndex=1} to 3
21:52:10.244 [raft-server-raft-partition-4] TRACE i.a.p.raft.roles.LeaderAppender - RaftServer{raft-partition-4} - Received AppendResponse{status=OK, term=1, succeeded=true, lastLogIndex=1} from 2
21:52:10.244 [raft-server-raft-partition-4] TRACE i.a.p.raft.roles.LeaderAppender - RaftServer{raft-partition-4} - Sending AppendRequest{term=1, leader=1, prevLogIndex=1, prevLogTerm=1, entries=0, commitIndex=1} to 2
21:52:10.244 [raft-server-raft-partition-4] TRACE i.a.p.raft.roles.FollowerRole - RaftServer{raft-partition-4}{role=FOLLOWER} - Received AppendRequest{term=1, leader=1, prevLogIndex=1, prevLogTerm=1, entries=0, commitIndex=1}
21:52:10.244 [raft-server-raft-partition-4] TRACE i.a.p.raft.roles.FollowerRole - RaftServer{raft-partition-4}{role=FOLLOWER} - Sending AppendResponse{status=OK, term=1, succeeded=true, lastLogIndex=1}
21:52:10.244 [raft-server-raft-partition-4] TRACE i.a.p.raft.roles.FollowerRole - RaftServer{raft-partition-4}{role=FOLLOWER} - Received AppendRequest{term=1, leader=1, prevLogIndex=1, prevLogTerm=1, entries=0, commitIndex=1}
21:52:10.244 [raft-server-raft-partition-4] TRACE i.a.p.raft.roles.FollowerRole - RaftServer{raft-partition-4}{role=FOLLOWER} - Sending AppendResponse{status=OK, term=1, succeeded=true, lastLogIndex=1}
21:52:10.244 [raft-server-raft-partition-4] TRACE i.a.p.raft.roles.LeaderAppender - RaftServer{raft-partition-4} - Received AppendResponse{status=OK, term=1, succeeded=true, lastLogIndex=1} from 3
21:52:10.244 [raft-server-raft-partition-4] TRACE i.a.p.raft.roles.LeaderAppender - RaftServer{raft-partition-4} - Received AppendResponse{status=OK, term=1, succeeded=true, lastLogIndex=1} from 2
21:52:10.317 [raft-server-raft-partition-2] TRACE i.a.p.raft.roles.LeaderAppender - RaftServer{raft-partition-2} - Sending AppendRequest{term=1, leader=1, prevLogIndex=1, prevLogTerm=1, entries=0, commitIndex=1} to 2
21:52:10.318 [raft-server-raft-partition-2] TRACE i.a.p.raft.roles.LeaderAppender - RaftServer{raft-partition-2} - Sending AppendRequest{term=1, leader=1, prevLogIndex=1, prevLogTerm=1, entries=0, commitIndex=1} to 3
21:52:10.318 [raft-server-raft-partition-2] TRACE i.a.p.raft.roles.FollowerRole - RaftServer{raft-partition-2}{role=FOLLOWER} - Received AppendRequest{term=1, leader=1, prevLogIndex=1, prevLogTerm=1, entries=0, commitIndex=1}
21:52:10.318 [raft-server-raft-partition-2] TRACE i.a.p.raft.roles.FollowerRole - RaftServer{raft-partition-2}{role=FOLLOWER} - Sending AppendResponse{status=OK, term=1, succeeded=true, lastLogIndex=1}
21:52:10.318 [raft-server-raft-partition-2] TRACE i.a.p.raft.roles.FollowerRole - RaftServer{raft-partition-2}{role=FOLLOWER} - Received AppendRequest{term=1, leader=1, prevLogIndex=1, prevLogTerm=1, entries=0, commitIndex=1}
21:52:10.318 [raft-server-raft-partition-2] TRACE i.a.p.raft.roles.FollowerRole - RaftServer{raft-partition-2}{role=FOLLOWER} - Sending AppendResponse{status=OK, term=1, succeeded=true, lastLogIndex=1}
21:52:10.318 [raft-server-raft-partition-2] TRACE i.a.p.raft.roles.LeaderAppender - RaftServer{raft-partition-2} - Received AppendResponse{status=OK, term=1, succeeded=true, lastLogIndex=1} from 2
21:52:10.318 [raft-server-raft-partition-2] TRACE i.a.p.raft.roles.LeaderAppender - RaftServer{raft-partition-2} - Sending AppendRequest{term=1, leader=1, prevLogIndex=1, prevLogTerm=1, entries=0, commitIndex=1} to 2
21:52:10.318 [raft-server-raft-partition-2] TRACE i.a.p.raft.roles.LeaderAppender - RaftServer{raft-partition-2} - Received AppendResponse{status=OK, term=1, succeeded=true, lastLogIndex=1} from 3
21:52:10.318 [raft-server-raft-partition-2] TRACE i.a.p.raft.roles.FollowerRole - RaftServer{raft-partition-2}{role=FOLLOWER} - Received AppendRequest{term=1, leader=1, prevLogIndex=1, prevLogTerm=1, entries=0, commitIndex=1}
21:52:10.318 [raft-server-raft-partition-2] TRACE i.a.p.raft.roles.FollowerRole - RaftServer{raft-partition-2}{role=FOLLOWER} - Sending AppendResponse{status=OK, term=1, succeeded=true, lastLogIndex=1}
21:52:10.319 [raft-server-raft-partition-2] TRACE i.a.p.raft.roles.LeaderAppender - RaftServer{raft-partition-2} - Received AppendResponse{status=OK, term=1, succeeded=true, lastLogIndex=1} from 2
21:52:10.326 [raft-server-raft-partition-6] TRACE i.a.p.raft.roles.LeaderAppender - RaftServer{raft-partition-6} - Sending AppendRequest{term=1, leader=1, prevLogIndex=1, prevLogTerm=1, entries=0, commitIndex=1} to 2
21:52:10.326 [raft-server-raft-partition-6] TRACE i.a.p.raft.roles.LeaderAppender - RaftServer{raft-partition-6} - Sending AppendRequest{term=1, leader=1, prevLogIndex=1, prevLogTerm=1, entries=0, commitIndex=1} to 3
21:52:10.326 [raft-server-raft-partition-6] TRACE i.a.p.raft.roles.FollowerRole - RaftServer{raft-partition-6}{role=FOLLOWER} - Received AppendRequest{term=1, leader=1, prevLogIndex=1, prevLogTerm=1, entries=0, commitIndex=1}
21:52:10.326 [raft-server-raft-partition-6] TRACE i.a.p.raft.roles.FollowerRole - RaftServer{raft-partition-6}{role=FOLLOWER} - Received AppendRequest{term=1, leader=1, prevLogIndex=1, prevLogTerm=1, entries=0, commitIndex=1}
21:52:10.326 [raft-server-raft-partition-6] TRACE i.a.p.raft.roles.FollowerRole - RaftServer{raft-partition-6}{role=FOLLOWER} - Sending AppendResponse{status=OK, term=1, succeeded=true, lastLogIndex=1}
21:52:10.326 [raft-server-raft-partition-6] TRACE i.a.p.raft.roles.FollowerRole - RaftServer{raft-partition-6}{role=FOLLOWER} - Sending AppendResponse{status=OK, term=1, succeeded=true, lastLogIndex=1}
21:52:10.326 [raft-server-raft-partition-6] TRACE i.a.p.raft.roles.LeaderAppender - RaftServer{raft-partition-6} - Received AppendResponse{status=OK, term=1, succeeded=true, lastLogIndex=1} from 3
21:52:10.326 [raft-server-raft-partition-6] TRACE i.a.p.raft.roles.LeaderAppender - RaftServer{raft-partition-6} - Sending AppendRequest{term=1, leader=1, prevLogIndex=1, prevLogTerm=1, entries=0, commitIndex=1} to 3
21:52:10.326 [raft-server-raft-partition-6] TRACE i.a.p.raft.roles.LeaderAppender - RaftServer{raft-partition-6} - Received AppendResponse{status=OK, term=1, succeeded=true, lastLogIndex=1} from 2
21:52:10.326 [raft-server-raft-partition-6] TRACE i.a.p.raft.roles.LeaderAppender - RaftServer{raft-partition-6} - Sending AppendRequest{term=1, leader=1, prevLogIndex=1, prevLogTerm=1, entries=0, commitIndex=1} to 2
21:52:10.327 [raft-server-raft-partition-6] TRACE i.a.p.raft.roles.FollowerRole - RaftServer{raft-partition-6}{role=FOLLOWER} - Received AppendRequest{term=1, leader=1, prevLogIndex=1, prevLogTerm=1, entries=0, commitIndex=1}
21:52:10.327 [raft-server-raft-partition-6] TRACE i.a.p.raft.roles.FollowerRole - RaftServer{raft-partition-6}{role=FOLLOWER} - Received AppendRequest{term=1, leader=1, prevLogIndex=1, prevLogTerm=1, entries=0, commitIndex=1}
21:52:10.327 [raft-server-raft-partition-6] TRACE i.a.p.raft.roles.FollowerRole - RaftServer{raft-partition-6}{role=FOLLOWER} - Sending AppendResponse{status=OK, term=1, succeeded=true, lastLogIndex=1}
21:52:10.327 [raft-server-raft-partition-6] TRACE i.a.p.raft.roles.FollowerRole - RaftServer{raft-partition-6}{role=FOLLOWER} - Sending AppendResponse{status=OK, term=1, succeeded=true, lastLogIndex=1}
21:52:10.327 [raft-server-raft-partition-6] TRACE i.a.p.raft.roles.LeaderAppender - RaftServer{raft-partition-6} - Received AppendResponse{status=OK, term=1, succeeded=true, lastLogIndex=1} from 2
21:52:10.327 [raft-server-raft-partition-6] TRACE i.a.p.raft.roles.LeaderAppender - RaftServer{raft-partition-6} - Sending AppendRequest{term=1, leader=1, prevLogIndex=1, prevLogTerm=1, entries=0, commitIndex=1} to 2
21:52:10.327 [raft-server-raft-partition-6] TRACE i.a.p.raft.roles.LeaderAppender - RaftServer{raft-partition-6} - Received AppendResponse{status=OK, term=1, succeeded=true, lastLogIndex=1} from 3
21:52:10.327 [raft-server-raft-partition-6] TRACE i.a.p.raft.roles.LeaderAppender - RaftServer{raft-partition-6} - Sending AppendRequest{term=1, leader=1, prevLogIndex=1, prevLogTerm=1, entries=0, commitIndex=1} to 3
21:52:10.327 [raft-server-raft-partition-6] TRACE i.a.p.raft.roles.FollowerRole - RaftServer{raft-partition-6}{role=FOLLOWER} - Received AppendRequest{term=1, leader=1, prevLogIndex=1, prevLogTerm=1, entries=0, commitIndex=1}
21:52:10.327 [raft-server-raft-partition-6] TRACE i.a.p.raft.roles.FollowerRole - RaftServer{raft-partition-6}{role=FOLLOWER} - Sending AppendResponse{status=OK, term=1, succeeded=true, lastLogIndex=1}
21:52:10.327 [raft-server-raft-partition-6] TRACE i.a.p.raft.roles.LeaderAppender - RaftServer{raft-partition-6} - Received AppendResponse{status=OK, term=1, succeeded=true, lastLogIndex=1} from 2
21:52:10.327 [raft-server-raft-partition-6] TRACE i.a.p.raft.roles.FollowerRole - RaftServer{raft-partition-6}{role=FOLLOWER} - Received AppendRequest{term=1, leader=1, prevLogIndex=1, prevLogTerm=1, entries=0, commitIndex=1}
21:52:10.327 [raft-server-raft-partition-6] TRACE i.a.p.raft.roles.FollowerRole - RaftServer{raft-partition-6}{role=FOLLOWER} - Sending AppendResponse{status=OK, term=1, succeeded=true, lastLogIndex=1}
21:52:10.328 [raft-server-raft-partition-6] TRACE i.a.p.raft.roles.LeaderAppender - RaftServer{raft-partition-6} - Received AppendResponse{status=OK, term=1, succeeded=true, lastLogIndex=1} from 3
21:52:10.384 [raft-server-raft-partition-1] TRACE i.a.p.raft.roles.LeaderAppender - RaftServer{raft-partition-1} - Sending AppendRequest{term=1, leader=2, prevLogIndex=1, prevLogTerm=1, entries=0, commitIndex=1} to 3
21:52:10.385 [raft-server-raft-partition-1] TRACE i.a.p.raft.roles.FollowerRole - RaftServer{raft-partition-1}{role=FOLLOWER} - Received AppendRequest{term=1, leader=2, prevLogIndex=1, prevLogTerm=1, entries=0, commitIndex=1}
21:52:10.385 [raft-server-raft-partition-1] TRACE i.a.p.raft.roles.FollowerRole - RaftServer{raft-partition-1}{role=FOLLOWER} - Sending AppendResponse{status=OK, term=1, succeeded=true, lastLogIndex=1}
21:52:10.385 [raft-server-raft-partition-1] TRACE i.a.p.raft.roles.LeaderAppender - RaftServer{raft-partition-1} - Received AppendResponse{status=OK, term=1, succeeded=true, lastLogIndex=1} from 3
21:52:10.385 [raft-server-raft-partition-1] TRACE i.a.p.raft.roles.LeaderAppender - RaftServer{raft-partition-1} - Sending AppendRequest{term=1, leader=2, prevLogIndex=1, prevLogTerm=1, entries=0, commitIndex=1} to 3
21:52:10.386 [raft-server-raft-partition-1] TRACE i.a.p.raft.roles.FollowerRole - RaftServer{raft-partition-1}{role=FOLLOWER} - Received AppendRequest{term=1, leader=2, prevLogIndex=1, prevLogTerm=1, entries=0, commitIndex=1}
21:52:10.386 [raft-server-raft-partition-1] TRACE i.a.p.raft.roles.FollowerRole - RaftServer{raft-partition-1}{role=FOLLOWER} - Sending AppendResponse{status=OK, term=1, succeeded=true, lastLogIndex=1}
21:52:10.386 [raft-server-raft-partition-1] TRACE i.a.p.raft.roles.LeaderAppender - RaftServer{raft-partition-1} - Received AppendResponse{status=OK, term=1, succeeded=true, lastLogIndex=1} from 3
21:52:10.417 [raft-server-system-partition-1] TRACE i.a.p.raft.roles.LeaderAppender - RaftServer{system-partition-1} - Sending AppendRequest{term=1, leader=1, prevLogIndex=13, prevLogTerm=1, entries=0, commitIndex=13} to 2
21:52:10.417 [raft-server-system-partition-1] TRACE i.a.p.raft.roles.LeaderAppender - RaftServer{system-partition-1} - Sending AppendRequest{term=1, leader=1, prevLogIndex=13, prevLogTerm=1, entries=0, commitIndex=13} to 3
21:52:10.418 [raft-server-system-partition-1] TRACE i.a.p.raft.roles.FollowerRole - RaftServer{system-partition-1}{role=FOLLOWER} - Received AppendRequest{term=1, leader=1, prevLogIndex=13, prevLogTerm=1, entries=0, commitIndex=13}
21:52:10.418 [raft-server-system-partition-1] TRACE i.a.p.raft.roles.FollowerRole - RaftServer{system-partition-1}{role=FOLLOWER} - Received AppendRequest{term=1, leader=1, prevLogIndex=13, prevLogTerm=1, entries=0, commitIndex=13}
21:52:10.418 [raft-server-system-partition-1] TRACE i.a.p.raft.roles.FollowerRole - RaftServer{system-partition-1}{role=FOLLOWER} - Sending AppendResponse{status=OK, term=1, succeeded=true, lastLogIndex=13}
21:52:10.418 [raft-server-system-partition-1] TRACE i.a.p.raft.roles.FollowerRole - RaftServer{system-partition-1}{role=FOLLOWER} - Sending AppendResponse{status=OK, term=1, succeeded=true, lastLogIndex=13}
21:52:10.418 [raft-server-system-partition-1] TRACE i.a.p.raft.roles.LeaderAppender - RaftServer{system-partition-1} - Received AppendResponse{status=OK, term=1, succeeded=true, lastLogIndex=13} from 2
21:52:10.418 [raft-server-system-partition-1] TRACE i.a.p.raft.roles.LeaderAppender - RaftServer{system-partition-1} - Sending AppendRequest{term=1, leader=1, prevLogIndex=13, prevLogTerm=1, entries=0, commitIndex=13} to 2
21:52:10.418 [raft-server-system-partition-1] TRACE i.a.p.raft.roles.LeaderAppender - RaftServer{system-partition-1} - Received AppendResponse{status=OK, term=1, succeeded=true, lastLogIndex=13} from 3
21:52:10.418 [raft-server-system-partition-1] TRACE i.a.p.raft.roles.LeaderAppender - RaftServer{system-partition-1} - Sending AppendRequest{term=1, leader=1, prevLogIndex=13, prevLogTerm=1, entries=0, commitIndex=13} to 3
21:52:10.418 [raft-server-system-partition-1] TRACE i.a.p.raft.roles.FollowerRole - RaftServer{system-partition-1}{role=FOLLOWER} - Received AppendRequest{term=1, leader=1, prevLogIndex=13, prevLogTerm=1, entries=0, commitIndex=13}
21:52:10.418 [raft-server-system-partition-1] TRACE i.a.p.raft.roles.FollowerRole - RaftServer{system-partition-1}{role=FOLLOWER} - Received AppendRequest{term=1, leader=1, prevLogIndex=13, prevLogTerm=1, entries=0, commitIndex=13}
21:52:10.418 [raft-server-system-partition-1] TRACE i.a.p.raft.roles.FollowerRole - RaftServer{system-partition-1}{role=FOLLOWER} - Sending AppendResponse{status=OK, term=1, succeeded=true, lastLogIndex=13}
21:52:10.418 [raft-server-system-partition-1] TRACE i.a.p.raft.roles.FollowerRole - RaftServer{system-partition-1}{role=FOLLOWER} - Sending AppendResponse{status=OK, term=1, succeeded=true, lastLogIndex=13}
21:52:10.419 [raft-server-system-partition-1] TRACE i.a.p.raft.roles.LeaderAppender - RaftServer{system-partition-1} - Received AppendResponse{status=OK, term=1, succeeded=true, lastLogIndex=13} from 2
21:52:10.419 [raft-server-system-partition-1] TRACE i.a.p.raft.roles.LeaderAppender - RaftServer{system-partition-1} - Received AppendResponse{status=OK, term=1, succeeded=true, lastLogIndex=13} from 3
21:52:10.459 [raft-server-raft-partition-5] TRACE i.a.p.raft.roles.LeaderAppender - RaftServer{raft-partition-5} - Sending AppendRequest{term=1, leader=3, prevLogIndex=1, prevLogTerm=1, entries=0, commitIndex=1} to 1
21:52:10.459 [raft-server-raft-partition-5] TRACE i.a.p.raft.roles.LeaderAppender - RaftServer{raft-partition-5} - Sending AppendRequest{term=1, leader=3, prevLogIndex=1, prevLogTerm=1, entries=0, commitIndex=1} to 2
21:52:10.459 [raft-server-raft-partition-5] TRACE i.a.p.raft.roles.FollowerRole - RaftServer{raft-partition-5}{role=FOLLOWER} - Received AppendRequest{term=1, leader=3, prevLogIndex=1, prevLogTerm=1, entries=0, commitIndex=1}
21:52:10.459 [raft-server-raft-partition-7] TRACE i.a.p.raft.roles.LeaderAppender - RaftServer{raft-partition-7} - Sending AppendRequest{term=1, leader=2, prevLogIndex=1, prevLogTerm=1, entries=0, commitIndex=1} to 1
21:52:10.459 [raft-server-raft-partition-5] TRACE i.a.p.raft.roles.FollowerRole - RaftServer{raft-partition-5}{role=FOLLOWER} - Received AppendRequest{term=1, leader=3, prevLogIndex=1, prevLogTerm=1, entries=0, commitIndex=1}
21:52:10.459 [raft-server-raft-partition-5] TRACE i.a.p.raft.roles.FollowerRole - RaftServer{raft-partition-5}{role=FOLLOWER} - Sending AppendResponse{status=OK, term=1, succeeded=true, lastLogIndex=1}
21:52:10.459 [raft-server-raft-partition-7] TRACE i.a.p.raft.roles.LeaderAppender - RaftServer{raft-partition-7} - Sending AppendRequest{term=1, leader=2, prevLogIndex=1, prevLogTerm=1, entries=0, commitIndex=1} to 3
21:52:10.459 [raft-server-raft-partition-5] TRACE i.a.p.raft.roles.FollowerRole - RaftServer{raft-partition-5}{role=FOLLOWER} - Sending AppendResponse{status=OK, term=1, succeeded=true, lastLogIndex=1}
21:52:10.459 [raft-server-raft-partition-7] TRACE i.a.p.raft.roles.FollowerRole - RaftServer{raft-partition-7}{role=FOLLOWER} - Received AppendRequest{term=1, leader=2, prevLogIndex=1, prevLogTerm=1, entries=0, commitIndex=1}
21:52:10.459 [raft-server-raft-partition-5] TRACE i.a.p.raft.roles.LeaderAppender - RaftServer{raft-partition-5} - Received AppendResponse{status=OK, term=1, succeeded=true, lastLogIndex=1} from 2
21:52:10.460 [raft-server-raft-partition-7] TRACE i.a.p.raft.roles.FollowerRole - RaftServer{raft-partition-7}{role=FOLLOWER} - Sending AppendResponse{status=OK, term=1, succeeded=true, lastLogIndex=1}
21:52:10.460 [raft-server-raft-partition-5] TRACE i.a.p.raft.roles.LeaderAppender - RaftServer{raft-partition-5} - Sending AppendRequest{term=1, leader=3, prevLogIndex=1, prevLogTerm=1, entries=0, commitIndex=1} to 2
21:52:10.460 [raft-server-raft-partition-7] TRACE i.a.p.raft.roles.FollowerRole - RaftServer{raft-partition-7}{role=FOLLOWER} - Received AppendRequest{term=1, leader=2, prevLogIndex=1, prevLogTerm=1, entries=0, commitIndex=1}
21:52:10.460 [raft-server-raft-partition-5] TRACE i.a.p.raft.roles.LeaderAppender - RaftServer{raft-partition-5} - Received AppendResponse{status=OK, term=1, succeeded=true, lastLogIndex=1} from 1
21:52:10.460 [raft-server-raft-partition-7] TRACE i.a.p.raft.roles.FollowerRole - RaftServer{raft-partition-7}{role=FOLLOWER} - Sending AppendResponse{status=OK, term=1, succeeded=true, lastLogIndex=1}
21:52:10.460 [raft-server-raft-partition-5] TRACE i.a.p.raft.roles.LeaderAppender - RaftServer{raft-partition-5} - Sending AppendRequest{term=1, leader=3, prevLogIndex=1, prevLogTerm=1, entries=0, commitIndex=1} to 1
21:52:10.460 [raft-server-raft-partition-7] TRACE i.a.p.raft.roles.LeaderAppender - RaftServer{raft-partition-7} - Received AppendResponse{status=OK, term=1, succeeded=true, lastLogIndex=1} from 1
21:52:10.460 [raft-server-raft-partition-5] TRACE i.a.p.raft.roles.FollowerRole - RaftServer{raft-partition-5}{role=FOLLOWER} - Received AppendRequest{term=1, leader=3, prevLogIndex=1, prevLogTerm=1, entries=0, commitIndex=1}
21:52:10.460 [raft-server-raft-partition-7] TRACE i.a.p.raft.roles.LeaderAppender - RaftServer{raft-partition-7} - Sending AppendRequest{term=1, leader=2, prevLogIndex=1, prevLogTerm=1, entries=0, commitIndex=1} to 1
21:52:10.460 [raft-server-raft-partition-5] TRACE i.a.p.raft.roles.FollowerRole - RaftServer{raft-partition-5}{role=FOLLOWER} - Received AppendRequest{term=1, leader=3, prevLogIndex=1, prevLogTerm=1, entries=0, commitIndex=1}
21:52:10.460 [raft-server-raft-partition-5] TRACE i.a.p.raft.roles.FollowerRole - RaftServer{raft-partition-5}{role=FOLLOWER} - Sending AppendResponse{status=OK, term=1, succeeded=true, lastLogIndex=1}
21:52:10.460 [raft-server-raft-partition-7] TRACE i.a.p.raft.roles.LeaderAppender - RaftServer{raft-partition-7} - Received AppendResponse{status=OK, term=1, succeeded=true, lastLogIndex=1} from 3
21:52:10.460 [raft-server-raft-partition-5] TRACE i.a.p.raft.roles.FollowerRole - RaftServer{raft-partition-5}{role=FOLLOWER} - Sending AppendResponse{status=OK, term=1, succeeded=true, lastLogIndex=1}
21:52:10.460 [raft-server-raft-partition-7] TRACE i.a.p.raft.roles.FollowerRole - RaftServer{raft-partition-7}{role=FOLLOWER} - Received AppendRequest{term=1, leader=2, prevLogIndex=1, prevLogTerm=1, entries=0, commitIndex=1}
21:52:10.460 [raft-server-raft-partition-7] TRACE i.a.p.raft.roles.LeaderAppender - RaftServer{raft-partition-7} - Sending AppendRequest{term=1, leader=2, prevLogIndex=1, prevLogTerm=1, entries=0, commitIndex=1} to 3
21:52:10.460 [raft-server-raft-partition-5] TRACE i.a.p.raft.roles.LeaderAppender - RaftServer{raft-partition-5} - Received AppendResponse{status=OK, term=1, succeeded=true, lastLogIndex=1} from 2
21:52:10.460 [raft-server-raft-partition-7] TRACE i.a.p.raft.roles.FollowerRole - RaftServer{raft-partition-7}{role=FOLLOWER} - Sending AppendResponse{status=OK, term=1, succeeded=true, lastLogIndex=1}
21:52:10.461 [raft-server-raft-partition-5] TRACE i.a.p.raft.roles.LeaderAppender - RaftServer{raft-partition-5} - Received AppendResponse{status=OK, term=1, succeeded=true, lastLogIndex=1} from 1
21:52:10.461 [raft-server-raft-partition-7] TRACE i.a.p.raft.roles.FollowerRole - RaftServer{raft-partition-7}{role=FOLLOWER} - Received AppendRequest{term=1, leader=2, prevLogIndex=1, prevLogTerm=1, entries=0, commitIndex=1}
21:52:10.461 [raft-server-raft-partition-7] TRACE i.a.p.raft.roles.FollowerRole - RaftServer{raft-partition-7}{role=FOLLOWER} - Sending AppendResponse{status=OK, term=1, succeeded=true, lastLogIndex=1}
21:52:10.461 [raft-server-raft-partition-7] TRACE i.a.p.raft.roles.LeaderAppender - RaftServer{raft-partition-7} - Received AppendResponse{status=OK, term=1, succeeded=true, lastLogIndex=1} from 1
21:52:10.461 [raft-server-raft-partition-7] TRACE i.a.p.raft.roles.LeaderAppender - RaftServer{raft-partition-7} - Received AppendResponse{status=OK, term=1, succeeded=true, lastLogIndex=1} from 3
21:52:10.493 [raft-server-raft-partition-4] TRACE i.a.p.raft.roles.LeaderAppender - RaftServer{raft-partition-4} - Sending AppendRequest{term=1, leader=1, prevLogIndex=1, prevLogTerm=1, entries=0, commitIndex=1} to 2
21:52:10.493 [raft-server-raft-partition-4] TRACE i.a.p.raft.roles.LeaderAppender - RaftServer{raft-partition-4} - Sending AppendRequest{term=1, leader=1, prevLogIndex=1, prevLogTerm=1, entries=0, commitIndex=1} to 3
21:52:10.493 [raft-server-raft-partition-4] TRACE i.a.p.raft.roles.FollowerRole - RaftServer{raft-partition-4}{role=FOLLOWER} - Received AppendRequest{term=1, leader=1, prevLogIndex=1, prevLogTerm=1, entries=0, commitIndex=1}
21:52:10.493 [raft-server-raft-partition-4] TRACE i.a.p.raft.roles.FollowerRole - RaftServer{raft-partition-4}{role=FOLLOWER} - Sending AppendResponse{status=OK, term=1, succeeded=true, lastLogIndex=1}
21:52:10.493 [raft-server-raft-partition-4] TRACE i.a.p.raft.roles.FollowerRole - RaftServer{raft-partition-4}{role=FOLLOWER} - Received AppendRequest{term=1, leader=1, prevLogIndex=1, prevLogTerm=1, entries=0, commitIndex=1}
21:52:10.493 [raft-server-raft-partition-4] TRACE i.a.p.raft.roles.FollowerRole - RaftServer{raft-partition-4}{role=FOLLOWER} - Sending AppendResponse{status=OK, term=1, succeeded=true, lastLogIndex=1}
21:52:10.493 [raft-server-raft-partition-4] TRACE i.a.p.raft.roles.LeaderAppender - RaftServer{raft-partition-4} - Received AppendResponse{status=OK, term=1, succeeded=true, lastLogIndex=1} from 2
21:52:10.494 [raft-server-raft-partition-4] TRACE i.a.p.raft.roles.LeaderAppender - RaftServer{raft-partition-4} - Sending AppendRequest{term=1, leader=1, prevLogIndex=1, prevLogTerm=1, entries=0, commitIndex=1} to 2
21:52:10.494 [raft-server-raft-partition-4] TRACE i.a.p.raft.roles.LeaderAppender - RaftServer{raft-partition-4} - Received AppendResponse{status=OK, term=1, succeeded=true, lastLogIndex=1} from 3
21:52:10.494 [raft-server-raft-partition-4] TRACE i.a.p.raft.roles.LeaderAppender - RaftServer{raft-partition-4} - Sending AppendRequest{term=1, leader=1, prevLogIndex=1, prevLogTerm=1, entries=0, commitIndex=1} to 3
21:52:10.494 [raft-server-raft-partition-4] TRACE i.a.p.raft.roles.FollowerRole - RaftServer{raft-partition-4}{role=FOLLOWER} - Received AppendRequest{term=1, leader=1, prevLogIndex=1, prevLogTerm=1, entries=0, commitIndex=1}
21:52:10.494 [raft-server-raft-partition-4] TRACE i.a.p.raft.roles.FollowerRole - RaftServer{raft-partition-4}{role=FOLLOWER} - Sending AppendResponse{status=OK, term=1, succeeded=true, lastLogIndex=1}
21:52:10.494 [raft-server-raft-partition-4] TRACE i.a.p.raft.roles.FollowerRole - RaftServer{raft-partition-4}{role=FOLLOWER} - Received AppendRequest{term=1, leader=1, prevLogIndex=1, prevLogTerm=1, entries=0, commitIndex=1}
21:52:10.494 [raft-server-raft-partition-4] TRACE i.a.p.raft.roles.FollowerRole - RaftServer{raft-partition-4}{role=FOLLOWER} - Sending AppendResponse{status=OK, term=1, succeeded=true, lastLogIndex=1}
21:52:10.494 [raft-server-raft-partition-4] TRACE i.a.p.raft.roles.LeaderAppender - RaftServer{raft-partition-4} - Received AppendResponse{status=OK, term=1, succeeded=true, lastLogIndex=1} from 2
21:52:10.494 [raft-server-raft-partition-4] TRACE i.a.p.raft.roles.LeaderAppender - RaftServer{raft-partition-4} - Received AppendResponse{status=OK, term=1, succeeded=true, lastLogIndex=1} from 3
21:52:10.568 [raft-server-raft-partition-2] TRACE i.a.p.raft.roles.LeaderAppender - RaftServer{raft-partition-2} - Sending AppendRequest{term=1, leader=1, prevLogIndex=1, prevLogTerm=1, entries=0, commitIndex=1} to 2
21:52:10.568 [raft-server-raft-partition-2] TRACE i.a.p.raft.roles.LeaderAppender - RaftServer{raft-partition-2} - Sending AppendRequest{term=1, leader=1, prevLogIndex=1, prevLogTerm=1, entries=0, commitIndex=1} to 3
21:52:10.568 [raft-server-raft-partition-2] TRACE i.a.p.raft.roles.FollowerRole - RaftServer{raft-partition-2}{role=FOLLOWER} - Received AppendRequest{term=1, leader=1, prevLogIndex=1, prevLogTerm=1, entries=0, commitIndex=1}
21:52:10.568 [raft-server-raft-partition-2] TRACE i.a.p.raft.roles.FollowerRole - RaftServer{raft-partition-2}{role=FOLLOWER} - Sending AppendResponse{status=OK, term=1, succeeded=true, lastLogIndex=1}
21:52:10.568 [raft-server-raft-partition-2] TRACE i.a.p.raft.roles.FollowerRole - RaftServer{raft-partition-2}{role=FOLLOWER} - Received AppendRequest{term=1, leader=1, prevLogIndex=1, prevLogTerm=1, entries=0, commitIndex=1}
21:52:10.568 [raft-server-raft-partition-2] TRACE i.a.p.raft.roles.FollowerRole - RaftServer{raft-partition-2}{role=FOLLOWER} - Sending AppendResponse{status=OK, term=1, succeeded=true, lastLogIndex=1}
21:52:10.568 [raft-server-raft-partition-2] TRACE i.a.p.raft.roles.LeaderAppender - RaftServer{raft-partition-2} - Received AppendResponse{status=OK, term=1, succeeded=true, lastLogIndex=1} from 2
21:52:10.568 [raft-server-raft-partition-2] TRACE i.a.p.raft.roles.LeaderAppender - RaftServer{raft-partition-2} - Received AppendResponse{status=OK, term=1, succeeded=true, lastLogIndex=1} from 3
21:52:10.576 [raft-server-raft-partition-6] TRACE i.a.p.raft.roles.LeaderAppender - RaftServer{raft-partition-6} - Sending AppendRequest{term=1, leader=1, prevLogIndex=1, prevLogTerm=1, entries=0, commitIndex=1} to 2
21:52:10.576 [raft-server-raft-partition-6] TRACE i.a.p.raft.roles.LeaderAppender - RaftServer{raft-partition-6} - Sending AppendRequest{term=1, leader=1, prevLogIndex=1, prevLogTerm=1, entries=0, commitIndex=1} to 3
21:52:10.576 [raft-server-raft-partition-6] TRACE i.a.p.raft.roles.FollowerRole - RaftServer{raft-partition-6}{role=FOLLOWER} - Received AppendRequest{term=1, leader=1, prevLogIndex=1, prevLogTerm=1, entries=0, commitIndex=1}
21:52:10.576 [raft-server-raft-partition-6] TRACE i.a.p.raft.roles.FollowerRole - RaftServer{raft-partition-6}{role=FOLLOWER} - Received AppendRequest{term=1, leader=1, prevLogIndex=1, prevLogTerm=1, entries=0, commitIndex=1}
21:52:10.576 [raft-server-raft-partition-6] TRACE i.a.p.raft.roles.FollowerRole - RaftServer{raft-partition-6}{role=FOLLOWER} - Sending AppendResponse{status=OK, term=1, succeeded=true, lastLogIndex=1}
21:52:10.576 [raft-server-raft-partition-6] TRACE i.a.p.raft.roles.FollowerRole - RaftServer{raft-partition-6}{role=FOLLOWER} - Sending AppendResponse{status=OK, term=1, succeeded=true, lastLogIndex=1}
21:52:10.576 [raft-server-raft-partition-6] TRACE i.a.p.raft.roles.LeaderAppender - RaftServer{raft-partition-6} - Received AppendResponse{status=OK, term=1, succeeded=true, lastLogIndex=1} from 3
21:52:10.576 [raft-server-raft-partition-6] TRACE i.a.p.raft.roles.LeaderAppender - RaftServer{raft-partition-6} - Sending AppendRequest{term=1, leader=1, prevLogIndex=1, prevLogTerm=1, entries=0, commitIndex=1} to 3
21:52:10.576 [raft-server-raft-partition-6] TRACE i.a.p.raft.roles.LeaderAppender - RaftServer{raft-partition-6} - Received AppendResponse{status=OK, term=1, succeeded=true, lastLogIndex=1} from 2
21:52:10.576 [raft-server-raft-partition-6] TRACE i.a.p.raft.roles.LeaderAppender - RaftServer{raft-partition-6} - Sending AppendRequest{term=1, leader=1, prevLogIndex=1, prevLogTerm=1, entries=0, commitIndex=1} to 2
21:52:10.577 [raft-server-raft-partition-6] TRACE i.a.p.raft.roles.FollowerRole - RaftServer{raft-partition-6}{role=FOLLOWER} - Received AppendRequest{term=1, leader=1, prevLogIndex=1, prevLogTerm=1, entries=0, commitIndex=1}
21:52:10.577 [raft-server-raft-partition-6] TRACE i.a.p.raft.roles.FollowerRole - RaftServer{raft-partition-6}{role=FOLLOWER} - Sending AppendResponse{status=OK, term=1, succeeded=true, lastLogIndex=1}
21:52:10.577 [raft-server-raft-partition-6] TRACE i.a.p.raft.roles.FollowerRole - RaftServer{raft-partition-6}{role=FOLLOWER} - Received AppendRequest{term=1, leader=1, prevLogIndex=1, prevLogTerm=1, entries=0, commitIndex=1}
21:52:10.577 [raft-server-raft-partition-6] TRACE i.a.p.raft.roles.FollowerRole - RaftServer{raft-partition-6}{role=FOLLOWER} - Sending AppendResponse{status=OK, term=1, succeeded=true, lastLogIndex=1}
21:52:10.577 [raft-server-raft-partition-6] TRACE i.a.p.raft.roles.LeaderAppender - RaftServer{raft-partition-6} - Received AppendResponse{status=OK, term=1, succeeded=true, lastLogIndex=1} from 3
21:52:10.577 [raft-server-raft-partition-6] TRACE i.a.p.raft.roles.LeaderAppender - RaftServer{raft-partition-6} - Sending AppendRequest{term=1, leader=1, prevLogIndex=1, prevLogTerm=1, entries=0, commitIndex=1} to 3
21:52:10.577 [raft-server-raft-partition-6] TRACE i.a.p.raft.roles.LeaderAppender - RaftServer{raft-partition-6} - Received AppendResponse{status=OK, term=1, succeeded=true, lastLogIndex=1} from 2
21:52:10.577 [raft-server-raft-partition-6] TRACE i.a.p.raft.roles.LeaderAppender - RaftServer{raft-partition-6} - Sending AppendRequest{term=1, leader=1, prevLogIndex=1, prevLogTerm=1, entries=0, commitIndex=1} to 2
21:52:10.577 [raft-server-raft-partition-6] TRACE i.a.p.raft.roles.FollowerRole - RaftServer{raft-partition-6}{role=FOLLOWER} - Received AppendRequest{term=1, leader=1, prevLogIndex=1, prevLogTerm=1, entries=0, commitIndex=1}
21:52:10.577 [raft-server-raft-partition-6] TRACE i.a.p.raft.roles.FollowerRole - RaftServer{raft-partition-6}{role=FOLLOWER} - Sending AppendResponse{status=OK, term=1, succeeded=true, lastLogIndex=1}
21:52:10.577 [raft-server-raft-partition-6] TRACE i.a.p.raft.roles.FollowerRole - RaftServer{raft-partition-6}{role=FOLLOWER} - Received AppendRequest{term=1, leader=1, prevLogIndex=1, prevLogTerm=1, entries=0, commitIndex=1}
21:52:10.577 [raft-server-raft-partition-6] TRACE i.a.p.raft.roles.FollowerRole - RaftServer{raft-partition-6}{role=FOLLOWER} - Sending AppendResponse{status=OK, term=1, succeeded=true, lastLogIndex=1}
21:52:10.577 [raft-server-raft-partition-6] TRACE i.a.p.raft.roles.LeaderAppender - RaftServer{raft-partition-6} - Received AppendResponse{status=OK, term=1, succeeded=true, lastLogIndex=1} from 3
21:52:10.577 [raft-server-raft-partition-6] TRACE i.a.p.raft.roles.LeaderAppender - RaftServer{raft-partition-6} - Received AppendResponse{status=OK, term=1, succeeded=true, lastLogIndex=1} from 2
21:52:10.634 [raft-server-raft-partition-1] TRACE i.a.p.raft.roles.LeaderAppender - RaftServer{raft-partition-1} - Sending AppendRequest{term=1, leader=2, prevLogIndex=1, prevLogTerm=1, entries=0, commitIndex=1} to 3
21:52:10.635 [raft-server-raft-partition-1] TRACE i.a.p.raft.roles.FollowerRole - RaftServer{raft-partition-1}{role=FOLLOWER} - Received AppendRequest{term=1, leader=2, prevLogIndex=1, prevLogTerm=1, entries=0, commitIndex=1}
21:52:10.635 [raft-server-raft-partition-1] TRACE i.a.p.raft.roles.FollowerRole - RaftServer{raft-partition-1}{role=FOLLOWER} - Sending AppendResponse{status=OK, term=1, succeeded=true, lastLogIndex=1}
21:52:10.635 [raft-server-raft-partition-1] TRACE i.a.p.raft.roles.LeaderAppender - RaftServer{raft-partition-1} - Received AppendResponse{status=OK, term=1, succeeded=true, lastLogIndex=1} from 3
21:52:10.635 [raft-server-raft-partition-1] TRACE i.a.p.raft.roles.LeaderAppender - RaftServer{raft-partition-1} - Sending AppendRequest{term=1, leader=2, prevLogIndex=1, prevLogTerm=1, entries=0, commitIndex=1} to 3
21:52:10.635 [raft-server-raft-partition-1] TRACE i.a.p.raft.roles.FollowerRole - RaftServer{raft-partition-1}{role=FOLLOWER} - Received AppendRequest{term=1, leader=2, prevLogIndex=1, prevLogTerm=1, entries=0, commitIndex=1}
21:52:10.635 [raft-server-raft-partition-1] TRACE i.a.p.raft.roles.FollowerRole - RaftServer{raft-partition-1}{role=FOLLOWER} - Sending AppendResponse{status=OK, term=1, succeeded=true, lastLogIndex=1}
21:52:10.636 [raft-server-raft-partition-1] TRACE i.a.p.raft.roles.LeaderAppender - RaftServer{raft-partition-1} - Received AppendResponse{status=OK, term=1, succeeded=true, lastLogIndex=1} from 3
21:52:10.667 [raft-server-system-partition-1] TRACE i.a.p.raft.roles.LeaderAppender - RaftServer{system-partition-1} - Sending AppendRequest{term=1, leader=1, prevLogIndex=13, prevLogTerm=1, entries=0, commitIndex=13} to 2
21:52:10.667 [raft-server-system-partition-1] TRACE i.a.p.raft.roles.LeaderAppender - RaftServer{system-partition-1} - Sending AppendRequest{term=1, leader=1, prevLogIndex=13, prevLogTerm=1, entries=0, commitIndex=13} to 3
21:52:10.667 [raft-server-system-partition-1] TRACE i.a.p.raft.roles.FollowerRole - RaftServer{system-partition-1}{role=FOLLOWER} - Received AppendRequest{term=1, leader=1, prevLogIndex=13, prevLogTerm=1, entries=0, commitIndex=13}
21:52:10.668 [raft-server-system-partition-1] TRACE i.a.p.raft.roles.FollowerRole - RaftServer{system-partition-1}{role=FOLLOWER} - Sending AppendResponse{status=OK, term=1, succeeded=true, lastLogIndex=13}
21:52:10.668 [raft-server-system-partition-1] TRACE i.a.p.raft.roles.FollowerRole - RaftServer{system-partition-1}{role=FOLLOWER} - Received AppendRequest{term=1, leader=1, prevLogIndex=13, prevLogTerm=1, entries=0, commitIndex=13}
21:52:10.668 [raft-server-system-partition-1] TRACE i.a.p.raft.roles.FollowerRole - RaftServer{system-partition-1}{role=FOLLOWER} - Sending AppendResponse{status=OK, term=1, succeeded=true, lastLogIndex=13}
21:52:10.668 [raft-server-system-partition-1] TRACE i.a.p.raft.roles.LeaderAppender - RaftServer{system-partition-1} - Received AppendResponse{status=OK, term=1, succeeded=true, lastLogIndex=13} from 2
21:52:10.668 [raft-server-system-partition-1] TRACE i.a.p.raft.roles.LeaderAppender - RaftServer{system-partition-1} - Sending AppendRequest{term=1, leader=1, prevLogIndex=13, prevLogTerm=1, entries=0, commitIndex=13} to 2
21:52:10.668 [raft-server-system-partition-1] TRACE i.a.p.raft.roles.LeaderAppender - RaftServer{system-partition-1} - Received AppendResponse{status=OK, term=1, succeeded=true, lastLogIndex=13} from 3
21:52:10.668 [raft-server-system-partition-1] TRACE i.a.p.raft.roles.LeaderAppender - RaftServer{system-partition-1} - Sending AppendRequest{term=1, leader=1, prevLogIndex=13, prevLogTerm=1, entries=0, commitIndex=13} to 3
21:52:10.668 [raft-server-system-partition-1] TRACE i.a.p.raft.roles.FollowerRole - RaftServer{system-partition-1}{role=FOLLOWER} - Received AppendRequest{term=1, leader=1, prevLogIndex=13, prevLogTerm=1, entries=0, commitIndex=13}
21:52:10.668 [raft-server-system-partition-1] TRACE i.a.p.raft.roles.FollowerRole - RaftServer{system-partition-1}{role=FOLLOWER} - Sending AppendResponse{status=OK, term=1, succeeded=true, lastLogIndex=13}
21:52:10.668 [raft-server-system-partition-1] TRACE i.a.p.raft.roles.FollowerRole - RaftServer{system-partition-1}{role=FOLLOWER} - Received AppendRequest{term=1, leader=1, prevLogIndex=13, prevLogTerm=1, entries=0, commitIndex=13}
21:52:10.668 [raft-server-system-partition-1] TRACE i.a.p.raft.roles.FollowerRole - RaftServer{system-partition-1}{role=FOLLOWER} - Sending AppendResponse{status=OK, term=1, succeeded=true, lastLogIndex=13}
21:52:10.668 [raft-server-system-partition-1] TRACE i.a.p.raft.roles.LeaderAppender - RaftServer{system-partition-1} - Received AppendResponse{status=OK, term=1, succeeded=true, lastLogIndex=13} from 2
21:52:10.668 [raft-server-system-partition-1] TRACE i.a.p.raft.roles.LeaderAppender - RaftServer{system-partition-1} - Received AppendResponse{status=OK, term=1, succeeded=true, lastLogIndex=13} from 3
21:52:10.709 [raft-server-raft-partition-5] TRACE i.a.p.raft.roles.LeaderAppender - RaftServer{raft-partition-5} - Sending AppendRequest{term=1, leader=3, prevLogIndex=1, prevLogTerm=1, entries=0, commitIndex=1} to 1
21:52:10.709 [raft-server-raft-partition-5] TRACE i.a.p.raft.roles.LeaderAppender - RaftServer{raft-partition-5} - Sending AppendRequest{term=1, leader=3, prevLogIndex=1, prevLogTerm=1, entries=0, commitIndex=1} to 2
21:52:10.709 [raft-server-raft-partition-7] TRACE i.a.p.raft.roles.LeaderAppender - RaftServer{raft-partition-7} - Sending AppendRequest{term=1, leader=2, prevLogIndex=1, prevLogTerm=1, entries=0, commitIndex=1} to 1
21:52:10.709 [raft-server-raft-partition-5] TRACE i.a.p.raft.roles.FollowerRole - RaftServer{raft-partition-5}{role=FOLLOWER} - Received AppendRequest{term=1, leader=3, prevLogIndex=1, prevLogTerm=1, entries=0, commitIndex=1}
21:52:10.709 [raft-server-raft-partition-7] TRACE i.a.p.raft.roles.LeaderAppender - RaftServer{raft-partition-7} - Sending AppendRequest{term=1, leader=2, prevLogIndex=1, prevLogTerm=1, entries=0, commitIndex=1} to 3
21:52:10.709 [raft-server-raft-partition-5] TRACE i.a.p.raft.roles.FollowerRole - RaftServer{raft-partition-5}{role=FOLLOWER} - Sending AppendResponse{status=OK, term=1, succeeded=true, lastLogIndex=1}
21:52:10.709 [raft-server-raft-partition-5] TRACE i.a.p.raft.roles.FollowerRole - RaftServer{raft-partition-5}{role=FOLLOWER} - Received AppendRequest{term=1, leader=3, prevLogIndex=1, prevLogTerm=1, entries=0, commitIndex=1}
21:52:10.709 [raft-server-raft-partition-7] TRACE i.a.p.raft.roles.FollowerRole - RaftServer{raft-partition-7}{role=FOLLOWER} - Received AppendRequest{term=1, leader=2, prevLogIndex=1, prevLogTerm=1, entries=0, commitIndex=1}
21:52:10.709 [raft-server-raft-partition-5] TRACE i.a.p.raft.roles.FollowerRole - RaftServer{raft-partition-5}{role=FOLLOWER} - Sending AppendResponse{status=OK, term=1, succeeded=true, lastLogIndex=1}
21:52:10.709 [raft-server-raft-partition-7] TRACE i.a.p.raft.roles.FollowerRole - RaftServer{raft-partition-7}{role=FOLLOWER} - Received AppendRequest{term=1, leader=2, prevLogIndex=1, prevLogTerm=1, entries=0, commitIndex=1}
21:52:10.709 [raft-server-raft-partition-5] TRACE i.a.p.raft.roles.LeaderAppender - RaftServer{raft-partition-5} - Received AppendResponse{status=OK, term=1, succeeded=true, lastLogIndex=1} from 1
21:52:10.709 [raft-server-raft-partition-7] TRACE i.a.p.raft.roles.FollowerRole - RaftServer{raft-partition-7}{role=FOLLOWER} - Sending AppendResponse{status=OK, term=1, succeeded=true, lastLogIndex=1}
21:52:10.710 [raft-server-raft-partition-7] TRACE i.a.p.raft.roles.FollowerRole - RaftServer{raft-partition-7}{role=FOLLOWER} - Sending AppendResponse{status=OK, term=1, succeeded=true, lastLogIndex=1}
21:52:10.710 [raft-server-raft-partition-5] TRACE i.a.p.raft.roles.LeaderAppender - RaftServer{raft-partition-5} - Sending AppendRequest{term=1, leader=3, prevLogIndex=1, prevLogTerm=1, entries=0, commitIndex=1} to 1
21:52:10.710 [raft-server-raft-partition-5] TRACE i.a.p.raft.roles.LeaderAppender - RaftServer{raft-partition-5} - Received AppendResponse{status=OK, term=1, succeeded=true, lastLogIndex=1} from 2
21:52:10.710 [raft-server-raft-partition-7] TRACE i.a.p.raft.roles.LeaderAppender - RaftServer{raft-partition-7} - Received AppendResponse{status=OK, term=1, succeeded=true, lastLogIndex=1} from 1
21:52:10.710 [raft-server-raft-partition-5] TRACE i.a.p.raft.roles.LeaderAppender - RaftServer{raft-partition-5} - Sending AppendRequest{term=1, leader=3, prevLogIndex=1, prevLogTerm=1, entries=0, commitIndex=1} to 2
21:52:10.710 [raft-server-raft-partition-5] TRACE i.a.p.raft.roles.FollowerRole - RaftServer{raft-partition-5}{role=FOLLOWER} - Received AppendRequest{term=1, leader=3, prevLogIndex=1, prevLogTerm=1, entries=0, commitIndex=1}
21:52:10.710 [raft-server-raft-partition-7] TRACE i.a.p.raft.roles.LeaderAppender - RaftServer{raft-partition-7} - Sending AppendRequest{term=1, leader=2, prevLogIndex=1, prevLogTerm=1, entries=0, commitIndex=1} to 1
21:52:10.710 [raft-server-raft-partition-5] TRACE i.a.p.raft.roles.FollowerRole - RaftServer{raft-partition-5}{role=FOLLOWER} - Sending AppendResponse{status=OK, term=1, succeeded=true, lastLogIndex=1}
21:52:10.710 [raft-server-raft-partition-7] TRACE i.a.p.raft.roles.LeaderAppender - RaftServer{raft-partition-7} - Received AppendResponse{status=OK, term=1, succeeded=true, lastLogIndex=1} from 3
21:52:10.710 [raft-server-raft-partition-7] TRACE i.a.p.raft.roles.LeaderAppender - RaftServer{raft-partition-7} - Sending AppendRequest{term=1, leader=2, prevLogIndex=1, prevLogTerm=1, entries=0, commitIndex=1} to 3
21:52:10.710 [raft-server-raft-partition-7] TRACE i.a.p.raft.roles.FollowerRole - RaftServer{raft-partition-7}{role=FOLLOWER} - Received AppendRequest{term=1, leader=2, prevLogIndex=1, prevLogTerm=1, entries=0, commitIndex=1}
21:52:10.710 [raft-server-raft-partition-5] TRACE i.a.p.raft.roles.LeaderAppender - RaftServer{raft-partition-5} - Received AppendResponse{status=OK, term=1, succeeded=true, lastLogIndex=1} from 1
21:52:10.710 [raft-server-raft-partition-7] TRACE i.a.p.raft.roles.FollowerRole - RaftServer{raft-partition-7}{role=FOLLOWER} - Sending AppendResponse{status=OK, term=1, succeeded=true, lastLogIndex=1}
21:52:10.711 [raft-server-raft-partition-7] TRACE i.a.p.raft.roles.FollowerRole - RaftServer{raft-partition-7}{role=FOLLOWER} - Received AppendRequest{term=1, leader=2, prevLogIndex=1, prevLogTerm=1, entries=0, commitIndex=1}
21:52:10.711 [raft-server-raft-partition-5] TRACE i.a.p.raft.roles.FollowerRole - RaftServer{raft-partition-5}{role=FOLLOWER} - Received AppendRequest{term=1, leader=3, prevLogIndex=1, prevLogTerm=1, entries=0, commitIndex=1}
21:52:10.711 [raft-server-raft-partition-7] TRACE i.a.p.raft.roles.FollowerRole - RaftServer{raft-partition-7}{role=FOLLOWER} - Sending AppendResponse{status=OK, term=1, succeeded=true, lastLogIndex=1}
21:52:10.711 [raft-server-raft-partition-7] TRACE i.a.p.raft.roles.LeaderAppender - RaftServer{raft-partition-7} - Received AppendResponse{status=OK, term=1, succeeded=true, lastLogIndex=1} from 1
21:52:10.711 [raft-server-raft-partition-5] TRACE i.a.p.raft.roles.FollowerRole - RaftServer{raft-partition-5}{role=FOLLOWER} - Sending AppendResponse{status=OK, term=1, succeeded=true, lastLogIndex=1}
21:52:10.711 [raft-server-raft-partition-7] TRACE i.a.p.raft.roles.LeaderAppender - RaftServer{raft-partition-7} - Received AppendResponse{status=OK, term=1, succeeded=true, lastLogIndex=1} from 3
21:52:10.711 [raft-server-raft-partition-5] TRACE i.a.p.raft.roles.LeaderAppender - RaftServer{raft-partition-5} - Received AppendResponse{status=OK, term=1, succeeded=true, lastLogIndex=1} from 2
21:52:10.743 [raft-server-raft-partition-4] TRACE i.a.p.raft.roles.LeaderAppender - RaftServer{raft-partition-4} - Sending AppendRequest{term=1, leader=1, prevLogIndex=1, prevLogTerm=1, entries=0, commitIndex=1} to 2
21:52:10.743 [raft-server-raft-partition-4] TRACE i.a.p.raft.roles.LeaderAppender - RaftServer{raft-partition-4} - Sending AppendRequest{term=1, leader=1, prevLogIndex=1, prevLogTerm=1, entries=0, commitIndex=1} to 3
21:52:10.743 [raft-server-raft-partition-4] TRACE i.a.p.raft.roles.FollowerRole - RaftServer{raft-partition-4}{role=FOLLOWER} - Received AppendRequest{term=1, leader=1, prevLogIndex=1, prevLogTerm=1, entries=0, commitIndex=1}
21:52:10.743 [raft-server-raft-partition-4] TRACE i.a.p.raft.roles.FollowerRole - RaftServer{raft-partition-4}{role=FOLLOWER} - Sending AppendResponse{status=OK, term=1, succeeded=true, lastLogIndex=1}
21:52:10.743 [raft-server-raft-partition-4] TRACE i.a.p.raft.roles.FollowerRole - RaftServer{raft-partition-4}{role=FOLLOWER} - Received AppendRequest{term=1, leader=1, prevLogIndex=1, prevLogTerm=1, entries=0, commitIndex=1}
21:52:10.743 [raft-server-raft-partition-4] TRACE i.a.p.raft.roles.FollowerRole - RaftServer{raft-partition-4}{role=FOLLOWER} - Sending AppendResponse{status=OK, term=1, succeeded=true, lastLogIndex=1}
21:52:10.744 [raft-server-raft-partition-4] TRACE i.a.p.raft.roles.LeaderAppender - RaftServer{raft-partition-4} - Received AppendResponse{status=OK, term=1, succeeded=true, lastLogIndex=1} from 2
21:52:10.744 [raft-server-raft-partition-4] TRACE i.a.p.raft.roles.LeaderAppender - RaftServer{raft-partition-4} - Sending AppendRequest{term=1, leader=1, prevLogIndex=1, prevLogTerm=1, entries=0, commitIndex=1} to 2
21:52:10.744 [raft-server-raft-partition-4] TRACE i.a.p.raft.roles.LeaderAppender - RaftServer{raft-partition-4} - Received AppendResponse{status=OK, term=1, succeeded=true, lastLogIndex=1} from 3
21:52:10.744 [raft-server-raft-partition-4] TRACE i.a.p.raft.roles.LeaderAppender - RaftServer{raft-partition-4} - Sending AppendRequest{term=1, leader=1, prevLogIndex=1, prevLogTerm=1, entries=0, commitIndex=1} to 3
21:52:10.744 [raft-server-raft-partition-4] TRACE i.a.p.raft.roles.FollowerRole - RaftServer{raft-partition-4}{role=FOLLOWER} - Received AppendRequest{term=1, leader=1, prevLogIndex=1, prevLogTerm=1, entries=0, commitIndex=1}
21:52:10.744 [raft-server-raft-partition-4] TRACE i.a.p.raft.roles.FollowerRole - RaftServer{raft-partition-4}{role=FOLLOWER} - Sending AppendResponse{status=OK, term=1, succeeded=true, lastLogIndex=1}
21:52:10.744 [raft-server-raft-partition-4] TRACE i.a.p.raft.roles.FollowerRole - RaftServer{raft-partition-4}{role=FOLLOWER} - Received AppendRequest{term=1, leader=1, prevLogIndex=1, prevLogTerm=1, entries=0, commitIndex=1}
21:52:10.744 [raft-server-raft-partition-4] TRACE i.a.p.raft.roles.FollowerRole - RaftServer{raft-partition-4}{role=FOLLOWER} - Sending AppendResponse{status=OK, term=1, succeeded=true, lastLogIndex=1}
21:52:10.744 [raft-server-raft-partition-4] TRACE i.a.p.raft.roles.LeaderAppender - RaftServer{raft-partition-4} - Received AppendResponse{status=OK, term=1, succeeded=true, lastLogIndex=1} from 2
21:52:10.744 [raft-server-raft-partition-4] TRACE i.a.p.raft.roles.LeaderAppender - RaftServer{raft-partition-4} - Received AppendResponse{status=OK, term=1, succeeded=true, lastLogIndex=1} from 3
21:52:10.818 [raft-server-raft-partition-2] TRACE i.a.p.raft.roles.LeaderAppender - RaftServer{raft-partition-2} - Sending AppendRequest{term=1, leader=1, prevLogIndex=1, prevLogTerm=1, entries=0, commitIndex=1} to 2
21:52:10.818 [raft-server-raft-partition-2] TRACE i.a.p.raft.roles.LeaderAppender - RaftServer{raft-partition-2} - Sending AppendRequest{term=1, leader=1, prevLogIndex=1, prevLogTerm=1, entries=0, commitIndex=1} to 3
21:52:10.818 [raft-server-raft-partition-2] TRACE i.a.p.raft.roles.FollowerRole - RaftServer{raft-partition-2}{role=FOLLOWER} - Received AppendRequest{term=1, leader=1, prevLogIndex=1, prevLogTerm=1, entries=0, commitIndex=1}
21:52:10.818 [raft-server-raft-partition-2] TRACE i.a.p.raft.roles.FollowerRole - RaftServer{raft-partition-2}{role=FOLLOWER} - Received AppendRequest{term=1, leader=1, prevLogIndex=1, prevLogTerm=1, entries=0, commitIndex=1}
21:52:10.818 [raft-server-raft-partition-2] TRACE i.a.p.raft.roles.FollowerRole - RaftServer{raft-partition-2}{role=FOLLOWER} - Sending AppendResponse{status=OK, term=1, succeeded=true, lastLogIndex=1}
21:52:10.818 [raft-server-raft-partition-2] TRACE i.a.p.raft.roles.FollowerRole - RaftServer{raft-partition-2}{role=FOLLOWER} - Sending AppendResponse{status=OK, term=1, succeeded=true, lastLogIndex=1}
21:52:10.818 [raft-server-raft-partition-2] TRACE i.a.p.raft.roles.LeaderAppender - RaftServer{raft-partition-2} - Received AppendResponse{status=OK, term=1, succeeded=true, lastLogIndex=1} from 2
21:52:10.818 [raft-server-raft-partition-2] TRACE i.a.p.raft.roles.LeaderAppender - RaftServer{raft-partition-2} - Sending AppendRequest{term=1, leader=1, prevLogIndex=1, prevLogTerm=1, entries=0, commitIndex=1} to 2
21:52:10.818 [raft-server-raft-partition-2] TRACE i.a.p.raft.roles.LeaderAppender - RaftServer{raft-partition-2} - Received AppendResponse{status=OK, term=1, succeeded=true, lastLogIndex=1} from 3
21:52:10.818 [raft-server-raft-partition-2] TRACE i.a.p.raft.roles.LeaderAppender - RaftServer{raft-partition-2} - Sending AppendRequest{term=1, leader=1, prevLogIndex=1, prevLogTerm=1, entries=0, commitIndex=1} to 3
21:52:10.819 [raft-server-raft-partition-2] TRACE i.a.p.raft.roles.FollowerRole - RaftServer{raft-partition-2}{role=FOLLOWER} - Received AppendRequest{term=1, leader=1, prevLogIndex=1, prevLogTerm=1, entries=0, commitIndex=1}
21:52:10.819 [raft-server-raft-partition-2] TRACE i.a.p.raft.roles.FollowerRole - RaftServer{raft-partition-2}{role=FOLLOWER} - Received AppendRequest{term=1, leader=1, prevLogIndex=1, prevLogTerm=1, entries=0, commitIndex=1}
21:52:10.819 [raft-server-raft-partition-2] TRACE i.a.p.raft.roles.FollowerRole - RaftServer{raft-partition-2}{role=FOLLOWER} - Sending AppendResponse{status=OK, term=1, succeeded=true, lastLogIndex=1}
21:52:10.819 [raft-server-raft-partition-2] TRACE i.a.p.raft.roles.FollowerRole - RaftServer{raft-partition-2}{role=FOLLOWER} - Sending AppendResponse{status=OK, term=1, succeeded=true, lastLogIndex=1}
21:52:10.819 [raft-server-raft-partition-2] TRACE i.a.p.raft.roles.LeaderAppender - RaftServer{raft-partition-2} - Received AppendResponse{status=OK, term=1, succeeded=true, lastLogIndex=1} from 2
21:52:10.819 [raft-server-raft-partition-2] TRACE i.a.p.raft.roles.LeaderAppender - RaftServer{raft-partition-2} - Sending AppendRequest{term=1, leader=1, prevLogIndex=1, prevLogTerm=1, entries=0, commitIndex=1} to 2
21:52:10.819 [raft-server-raft-partition-2] TRACE i.a.p.raft.roles.LeaderAppender - RaftServer{raft-partition-2} - Received AppendResponse{status=OK, term=1, succeeded=true, lastLogIndex=1} from 3
21:52:10.819 [raft-server-raft-partition-2] TRACE i.a.p.raft.roles.LeaderAppender - RaftServer{raft-partition-2} - Sending AppendRequest{term=1, leader=1, prevLogIndex=1, prevLogTerm=1, entries=0, commitIndex=1} to 3
21:52:10.819 [raft-server-raft-partition-2] TRACE i.a.p.raft.roles.FollowerRole - RaftServer{raft-partition-2}{role=FOLLOWER} - Received AppendRequest{term=1, leader=1, prevLogIndex=1, prevLogTerm=1, entries=0, commitIndex=1}
21:52:10.819 [raft-server-raft-partition-2] TRACE i.a.p.raft.roles.FollowerRole - RaftServer{raft-partition-2}{role=FOLLOWER} - Sending AppendResponse{status=OK, term=1, succeeded=true, lastLogIndex=1}
21:52:10.820 [raft-server-raft-partition-2] TRACE i.a.p.raft.roles.LeaderAppender - RaftServer{raft-partition-2} - Received AppendResponse{status=OK, term=1, succeeded=true, lastLogIndex=1} from 3
21:52:10.820 [raft-server-raft-partition-2] TRACE i.a.p.raft.roles.FollowerRole - RaftServer{raft-partition-2}{role=FOLLOWER} - Received AppendRequest{term=1, leader=1, prevLogIndex=1, prevLogTerm=1, entries=0, commitIndex=1}
21:52:10.820 [raft-server-raft-partition-2] TRACE i.a.p.raft.roles.FollowerRole - RaftServer{raft-partition-2}{role=FOLLOWER} - Sending AppendResponse{status=OK, term=1, succeeded=true, lastLogIndex=1}
21:52:10.820 [raft-server-raft-partition-2] TRACE i.a.p.raft.roles.LeaderAppender - RaftServer{raft-partition-2} - Received AppendResponse{status=OK, term=1, succeeded=true, lastLogIndex=1} from 2
21:52:10.826 [raft-server-raft-partition-6] TRACE i.a.p.raft.roles.LeaderAppender - RaftServer{raft-partition-6} - Sending AppendRequest{term=1, leader=1, prevLogIndex=1, prevLogTerm=1, entries=0, commitIndex=1} to 2
21:52:10.826 [raft-server-raft-partition-6] TRACE i.a.p.raft.roles.LeaderAppender - RaftServer{raft-partition-6} - Sending AppendRequest{term=1, leader=1, prevLogIndex=1, prevLogTerm=1, entries=0, commitIndex=1} to 3
21:52:10.826 [raft-server-raft-partition-6] TRACE i.a.p.raft.roles.FollowerRole - RaftServer{raft-partition-6}{role=FOLLOWER} - Received AppendRequest{term=1, leader=1, prevLogIndex=1, prevLogTerm=1, entries=0, commitIndex=1}
21:52:10.826 [raft-server-raft-partition-6] TRACE i.a.p.raft.roles.FollowerRole - RaftServer{raft-partition-6}{role=FOLLOWER} - Received AppendRequest{term=1, leader=1, prevLogIndex=1, prevLogTerm=1, entries=0, commitIndex=1}
21:52:10.826 [raft-server-raft-partition-6] TRACE i.a.p.raft.roles.FollowerRole - RaftServer{raft-partition-6}{role=FOLLOWER} - Sending AppendResponse{status=OK, term=1, succeeded=true, lastLogIndex=1}
21:52:10.826 [raft-server-raft-partition-6] TRACE i.a.p.raft.roles.FollowerRole - RaftServer{raft-partition-6}{role=FOLLOWER} - Sending AppendResponse{status=OK, term=1, succeeded=true, lastLogIndex=1}
21:52:10.826 [raft-server-raft-partition-6] TRACE i.a.p.raft.roles.LeaderAppender - RaftServer{raft-partition-6} - Received AppendResponse{status=OK, term=1, succeeded=true, lastLogIndex=1} from 2
21:52:10.826 [raft-server-raft-partition-6] TRACE i.a.p.raft.roles.LeaderAppender - RaftServer{raft-partition-6} - Sending AppendRequest{term=1, leader=1, prevLogIndex=1, prevLogTerm=1, entries=0, commitIndex=1} to 2
21:52:10.826 [raft-server-raft-partition-6] TRACE i.a.p.raft.roles.LeaderAppender - RaftServer{raft-partition-6} - Received AppendResponse{status=OK, term=1, succeeded=true, lastLogIndex=1} from 3
21:52:10.826 [raft-server-raft-partition-6] TRACE i.a.p.raft.roles.LeaderAppender - RaftServer{raft-partition-6} - Sending AppendRequest{term=1, leader=1, prevLogIndex=1, prevLogTerm=1, entries=0, commitIndex=1} to 3
21:52:10.827 [raft-server-raft-partition-6] TRACE i.a.p.raft.roles.FollowerRole - RaftServer{raft-partition-6}{role=FOLLOWER} - Received AppendRequest{term=1, leader=1, prevLogIndex=1, prevLogTerm=1, entries=0, commitIndex=1}
21:52:10.827 [raft-server-raft-partition-6] TRACE i.a.p.raft.roles.FollowerRole - RaftServer{raft-partition-6}{role=FOLLOWER} - Sending AppendResponse{status=OK, term=1, succeeded=true, lastLogIndex=1}
21:52:10.827 [raft-server-raft-partition-6] TRACE i.a.p.raft.roles.FollowerRole - RaftServer{raft-partition-6}{role=FOLLOWER} - Received AppendRequest{term=1, leader=1, prevLogIndex=1, prevLogTerm=1, entries=0, commitIndex=1}
21:52:10.827 [raft-server-raft-partition-6] TRACE i.a.p.raft.roles.FollowerRole - RaftServer{raft-partition-6}{role=FOLLOWER} - Sending AppendResponse{status=OK, term=1, succeeded=true, lastLogIndex=1}
21:52:10.827 [raft-server-raft-partition-6] TRACE i.a.p.raft.roles.LeaderAppender - RaftServer{raft-partition-6} - Received AppendResponse{status=OK, term=1, succeeded=true, lastLogIndex=1} from 2
21:52:10.827 [raft-server-raft-partition-6] TRACE i.a.p.raft.roles.LeaderAppender - RaftServer{raft-partition-6} - Sending AppendRequest{term=1, leader=1, prevLogIndex=1, prevLogTerm=1, entries=0, commitIndex=1} to 2
21:52:10.827 [raft-server-raft-partition-6] TRACE i.a.p.raft.roles.LeaderAppender - RaftServer{raft-partition-6} - Received AppendResponse{status=OK, term=1, succeeded=true, lastLogIndex=1} from 3
21:52:10.827 [raft-server-raft-partition-6] TRACE i.a.p.raft.roles.LeaderAppender - RaftServer{raft-partition-6} - Sending AppendRequest{term=1, leader=1, prevLogIndex=1, prevLogTerm=1, entries=0, commitIndex=1} to 3
21:52:10.827 [raft-server-raft-partition-6] TRACE i.a.p.raft.roles.FollowerRole - RaftServer{raft-partition-6}{role=FOLLOWER} - Received AppendRequest{term=1, leader=1, prevLogIndex=1, prevLogTerm=1, entries=0, commitIndex=1}
21:52:10.827 [raft-server-raft-partition-6] TRACE i.a.p.raft.roles.FollowerRole - RaftServer{raft-partition-6}{role=FOLLOWER} - Sending AppendResponse{status=OK, term=1, succeeded=true, lastLogIndex=1}
21:52:10.827 [raft-server-raft-partition-6] TRACE i.a.p.raft.roles.FollowerRole - RaftServer{raft-partition-6}{role=FOLLOWER} - Received AppendRequest{term=1, leader=1, prevLogIndex=1, prevLogTerm=1, entries=0, commitIndex=1}
21:52:10.827 [raft-server-raft-partition-6] TRACE i.a.p.raft.roles.FollowerRole - RaftServer{raft-partition-6}{role=FOLLOWER} - Sending AppendResponse{status=OK, term=1, succeeded=true, lastLogIndex=1}
21:52:10.827 [raft-server-raft-partition-6] TRACE i.a.p.raft.roles.LeaderAppender - RaftServer{raft-partition-6} - Received AppendResponse{status=OK, term=1, succeeded=true, lastLogIndex=1} from 2
21:52:10.827 [raft-server-raft-partition-6] TRACE i.a.p.raft.roles.LeaderAppender - RaftServer{raft-partition-6} - Received AppendResponse{status=OK, term=1, succeeded=true, lastLogIndex=1} from 3
21:52:10.884 [raft-server-raft-partition-1] TRACE i.a.p.raft.roles.LeaderAppender - RaftServer{raft-partition-1} - Sending AppendRequest{term=1, leader=2, prevLogIndex=1, prevLogTerm=1, entries=0, commitIndex=1} to 3
21:52:10.885 [raft-server-raft-partition-1] TRACE i.a.p.raft.roles.FollowerRole - RaftServer{raft-partition-1}{role=FOLLOWER} - Received AppendRequest{term=1, leader=2, prevLogIndex=1, prevLogTerm=1, entries=0, commitIndex=1}
21:52:10.885 [raft-server-raft-partition-1] TRACE i.a.p.raft.roles.FollowerRole - RaftServer{raft-partition-1}{role=FOLLOWER} - Sending AppendResponse{status=OK, term=1, succeeded=true, lastLogIndex=1}
21:52:10.885 [raft-server-raft-partition-1] TRACE i.a.p.raft.roles.LeaderAppender - RaftServer{raft-partition-1} - Received AppendResponse{status=OK, term=1, succeeded=true, lastLogIndex=1} from 3
21:52:10.885 [raft-server-raft-partition-1] TRACE i.a.p.raft.roles.LeaderAppender - RaftServer{raft-partition-1} - Sending AppendRequest{term=1, leader=2, prevLogIndex=1, prevLogTerm=1, entries=0, commitIndex=1} to 3
21:52:10.885 [raft-server-raft-partition-1] TRACE i.a.p.raft.roles.FollowerRole - RaftServer{raft-partition-1}{role=FOLLOWER} - Received AppendRequest{term=1, leader=2, prevLogIndex=1, prevLogTerm=1, entries=0, commitIndex=1}
21:52:10.886 [raft-server-raft-partition-1] TRACE i.a.p.raft.roles.FollowerRole - RaftServer{raft-partition-1}{role=FOLLOWER} - Sending AppendResponse{status=OK, term=1, succeeded=true, lastLogIndex=1}
21:52:10.886 [raft-server-raft-partition-1] TRACE i.a.p.raft.roles.LeaderAppender - RaftServer{raft-partition-1} - Received AppendResponse{status=OK, term=1, succeeded=true, lastLogIndex=1} from 3
21:52:10.917 [raft-server-system-partition-1] TRACE i.a.p.raft.roles.LeaderAppender - RaftServer{system-partition-1} - Sending AppendRequest{term=1, leader=1, prevLogIndex=13, prevLogTerm=1, entries=0, commitIndex=13} to 2
21:52:10.917 [raft-server-system-partition-1] TRACE i.a.p.raft.roles.LeaderAppender - RaftServer{system-partition-1} - Sending AppendRequest{term=1, leader=1, prevLogIndex=13, prevLogTerm=1, entries=0, commitIndex=13} to 3
21:52:10.918 [raft-server-system-partition-1] TRACE i.a.p.raft.roles.FollowerRole - RaftServer{system-partition-1}{role=FOLLOWER} - Received AppendRequest{term=1, leader=1, prevLogIndex=13, prevLogTerm=1, entries=0, commitIndex=13}
21:52:10.918 [raft-server-system-partition-1] TRACE i.a.p.raft.roles.FollowerRole - RaftServer{system-partition-1}{role=FOLLOWER} - Sending AppendResponse{status=OK, term=1, succeeded=true, lastLogIndex=13}
21:52:10.918 [raft-server-system-partition-1] TRACE i.a.p.raft.roles.FollowerRole - RaftServer{system-partition-1}{role=FOLLOWER} - Received AppendRequest{term=1, leader=1, prevLogIndex=13, prevLogTerm=1, entries=0, commitIndex=13}
21:52:10.918 [raft-server-system-partition-1] TRACE i.a.p.raft.roles.FollowerRole - RaftServer{system-partition-1}{role=FOLLOWER} - Sending AppendResponse{status=OK, term=1, succeeded=true, lastLogIndex=13}
21:52:10.918 [raft-server-system-partition-1] TRACE i.a.p.raft.roles.LeaderAppender - RaftServer{system-partition-1} - Received AppendResponse{status=OK, term=1, succeeded=true, lastLogIndex=13} from 2
21:52:10.918 [raft-server-system-partition-1] TRACE i.a.p.raft.roles.LeaderAppender - RaftServer{system-partition-1} - Sending AppendRequest{term=1, leader=1, prevLogIndex=13, prevLogTerm=1, entries=0, commitIndex=13} to 2
21:52:10.918 [raft-server-system-partition-1] TRACE i.a.p.raft.roles.LeaderAppender - RaftServer{system-partition-1} - Received AppendResponse{status=OK, term=1, succeeded=true, lastLogIndex=13} from 3
21:52:10.918 [raft-server-system-partition-1] TRACE i.a.p.raft.roles.LeaderAppender - RaftServer{system-partition-1} - Sending AppendRequest{term=1, leader=1, prevLogIndex=13, prevLogTerm=1, entries=0, commitIndex=13} to 3
21:52:10.918 [raft-server-system-partition-1] TRACE i.a.p.raft.roles.FollowerRole - RaftServer{system-partition-1}{role=FOLLOWER} - Received AppendRequest{term=1, leader=1, prevLogIndex=13, prevLogTerm=1, entries=0, commitIndex=13}
21:52:10.918 [raft-server-system-partition-1] TRACE i.a.p.raft.roles.FollowerRole - RaftServer{system-partition-1}{role=FOLLOWER} - Sending AppendResponse{status=OK, term=1, succeeded=true, lastLogIndex=13}
21:52:10.918 [raft-server-system-partition-1] TRACE i.a.p.raft.roles.FollowerRole - RaftServer{system-partition-1}{role=FOLLOWER} - Received AppendRequest{term=1, leader=1, prevLogIndex=13, prevLogTerm=1, entries=0, commitIndex=13}
21:52:10.918 [raft-server-system-partition-1] TRACE i.a.p.raft.roles.FollowerRole - RaftServer{system-partition-1}{role=FOLLOWER} - Sending AppendResponse{status=OK, term=1, succeeded=true, lastLogIndex=13}
21:52:10.918 [raft-server-system-partition-1] TRACE i.a.p.raft.roles.LeaderAppender - RaftServer{system-partition-1} - Received AppendResponse{status=OK, term=1, succeeded=true, lastLogIndex=13} from 2
21:52:10.919 [raft-server-system-partition-1] TRACE i.a.p.raft.roles.LeaderAppender - RaftServer{system-partition-1} - Received AppendResponse{status=OK, term=1, succeeded=true, lastLogIndex=13} from 3
21:52:10.959 [raft-server-raft-partition-5] TRACE i.a.p.raft.roles.LeaderAppender - RaftServer{raft-partition-5} - Sending AppendRequest{term=1, leader=3, prevLogIndex=1, prevLogTerm=1, entries=0, commitIndex=1} to 1
21:52:10.959 [raft-server-raft-partition-5] TRACE i.a.p.raft.roles.LeaderAppender - RaftServer{raft-partition-5} - Sending AppendRequest{term=1, leader=3, prevLogIndex=1, prevLogTerm=1, entries=0, commitIndex=1} to 2
21:52:10.959 [raft-server-raft-partition-5] TRACE i.a.p.raft.roles.FollowerRole - RaftServer{raft-partition-5}{role=FOLLOWER} - Received AppendRequest{term=1, leader=3, prevLogIndex=1, prevLogTerm=1, entries=0, commitIndex=1}
21:52:10.959 [raft-server-raft-partition-7] TRACE i.a.p.raft.roles.LeaderAppender - RaftServer{raft-partition-7} - Sending AppendRequest{term=1, leader=2, prevLogIndex=1, prevLogTerm=1, entries=0, commitIndex=1} to 1
21:52:10.959 [raft-server-raft-partition-5] TRACE i.a.p.raft.roles.FollowerRole - RaftServer{raft-partition-5}{role=FOLLOWER} - Received AppendRequest{term=1, leader=3, prevLogIndex=1, prevLogTerm=1, entries=0, commitIndex=1}
21:52:10.959 [raft-server-raft-partition-5] TRACE i.a.p.raft.roles.FollowerRole - RaftServer{raft-partition-5}{role=FOLLOWER} - Sending AppendResponse{status=OK, term=1, succeeded=true, lastLogIndex=1}
21:52:10.959 [raft-server-raft-partition-7] TRACE i.a.p.raft.roles.LeaderAppender - RaftServer{raft-partition-7} - Sending AppendRequest{term=1, leader=2, prevLogIndex=1, prevLogTerm=1, entries=0, commitIndex=1} to 3
21:52:10.959 [raft-server-raft-partition-5] TRACE i.a.p.raft.roles.FollowerRole - RaftServer{raft-partition-5}{role=FOLLOWER} - Sending AppendResponse{status=OK, term=1, succeeded=true, lastLogIndex=1}
21:52:10.959 [raft-server-raft-partition-7] TRACE i.a.p.raft.roles.FollowerRole - RaftServer{raft-partition-7}{role=FOLLOWER} - Received AppendRequest{term=1, leader=2, prevLogIndex=1, prevLogTerm=1, entries=0, commitIndex=1}
21:52:10.959 [raft-server-raft-partition-7] TRACE i.a.p.raft.roles.FollowerRole - RaftServer{raft-partition-7}{role=FOLLOWER} - Sending AppendResponse{status=OK, term=1, succeeded=true, lastLogIndex=1}
21:52:10.959 [raft-server-raft-partition-5] TRACE i.a.p.raft.roles.LeaderAppender - RaftServer{raft-partition-5} - Received AppendResponse{status=OK, term=1, succeeded=true, lastLogIndex=1} from 1
21:52:10.959 [raft-server-raft-partition-7] TRACE i.a.p.raft.roles.FollowerRole - RaftServer{raft-partition-7}{role=FOLLOWER} - Received AppendRequest{term=1, leader=2, prevLogIndex=1, prevLogTerm=1, entries=0, commitIndex=1}
21:52:10.960 [raft-server-raft-partition-5] TRACE i.a.p.raft.roles.LeaderAppender - RaftServer{raft-partition-5} - Sending AppendRequest{term=1, leader=3, prevLogIndex=1, prevLogTerm=1, entries=0, commitIndex=1} to 1
21:52:10.960 [raft-server-raft-partition-7] TRACE i.a.p.raft.roles.LeaderAppender - RaftServer{raft-partition-7} - Received AppendResponse{status=OK, term=1, succeeded=true, lastLogIndex=1} from 1
21:52:10.960 [raft-server-raft-partition-7] TRACE i.a.p.raft.roles.FollowerRole - RaftServer{raft-partition-7}{role=FOLLOWER} - Sending AppendResponse{status=OK, term=1, succeeded=true, lastLogIndex=1}
21:52:10.960 [raft-server-raft-partition-5] TRACE i.a.p.raft.roles.LeaderAppender - RaftServer{raft-partition-5} - Received AppendResponse{status=OK, term=1, succeeded=true, lastLogIndex=1} from 2
21:52:10.960 [raft-server-raft-partition-7] TRACE i.a.p.raft.roles.LeaderAppender - RaftServer{raft-partition-7} - Sending AppendRequest{term=1, leader=2, prevLogIndex=1, prevLogTerm=1, entries=0, commitIndex=1} to 1
21:52:10.960 [raft-server-raft-partition-5] TRACE i.a.p.raft.roles.FollowerRole - RaftServer{raft-partition-5}{role=FOLLOWER} - Received AppendRequest{term=1, leader=3, prevLogIndex=1, prevLogTerm=1, entries=0, commitIndex=1}
21:52:10.960 [raft-server-raft-partition-5] TRACE i.a.p.raft.roles.LeaderAppender - RaftServer{raft-partition-5} - Sending AppendRequest{term=1, leader=3, prevLogIndex=1, prevLogTerm=1, entries=0, commitIndex=1} to 2
21:52:10.960 [raft-server-raft-partition-7] TRACE i.a.p.raft.roles.LeaderAppender - RaftServer{raft-partition-7} - Received AppendResponse{status=OK, term=1, succeeded=true, lastLogIndex=1} from 3
21:52:10.960 [raft-server-raft-partition-5] TRACE i.a.p.raft.roles.FollowerRole - RaftServer{raft-partition-5}{role=FOLLOWER} - Sending AppendResponse{status=OK, term=1, succeeded=true, lastLogIndex=1}
21:52:10.960 [raft-server-raft-partition-7] TRACE i.a.p.raft.roles.FollowerRole - RaftServer{raft-partition-7}{role=FOLLOWER} - Received AppendRequest{term=1, leader=2, prevLogIndex=1, prevLogTerm=1, entries=0, commitIndex=1}
21:52:10.960 [raft-server-raft-partition-7] TRACE i.a.p.raft.roles.LeaderAppender - RaftServer{raft-partition-7} - Sending AppendRequest{term=1, leader=2, prevLogIndex=1, prevLogTerm=1, entries=0, commitIndex=1} to 3
21:52:10.960 [raft-server-raft-partition-5] TRACE i.a.p.raft.roles.FollowerRole - RaftServer{raft-partition-5}{role=FOLLOWER} - Received AppendRequest{term=1, leader=3, prevLogIndex=1, prevLogTerm=1, entries=0, commitIndex=1}
21:52:10.960 [raft-server-raft-partition-7] TRACE i.a.p.raft.roles.FollowerRole - RaftServer{raft-partition-7}{role=FOLLOWER} - Sending AppendResponse{status=OK, term=1, succeeded=true, lastLogIndex=1}
21:52:10.960 [raft-server-raft-partition-5] TRACE i.a.p.raft.roles.FollowerRole - RaftServer{raft-partition-5}{role=FOLLOWER} - Sending AppendResponse{status=OK, term=1, succeeded=true, lastLogIndex=1}
21:52:10.960 [raft-server-raft-partition-5] TRACE i.a.p.raft.roles.LeaderAppender - RaftServer{raft-partition-5} - Received AppendResponse{status=OK, term=1, succeeded=true, lastLogIndex=1} from 1
21:52:10.961 [raft-server-raft-partition-7] TRACE i.a.p.raft.roles.FollowerRole - RaftServer{raft-partition-7}{role=FOLLOWER} - Received AppendRequest{term=1, leader=2, prevLogIndex=1, prevLogTerm=1, entries=0, commitIndex=1}
21:52:10.961 [raft-server-raft-partition-5] TRACE i.a.p.raft.roles.LeaderAppender - RaftServer{raft-partition-5} - Received AppendResponse{status=OK, term=1, succeeded=true, lastLogIndex=1} from 2
21:52:10.961 [raft-server-raft-partition-7] TRACE i.a.p.raft.roles.LeaderAppender - RaftServer{raft-partition-7} - Received AppendResponse{status=OK, term=1, succeeded=true, lastLogIndex=1} from 1
21:52:10.961 [raft-server-raft-partition-7] TRACE i.a.p.raft.roles.FollowerRole - RaftServer{raft-partition-7}{role=FOLLOWER} - Sending AppendResponse{status=OK, term=1, succeeded=true, lastLogIndex=1}
21:52:10.961 [raft-server-raft-partition-7] TRACE i.a.p.raft.roles.LeaderAppender - RaftServer{raft-partition-7} - Received AppendResponse{status=OK, term=1, succeeded=true, lastLogIndex=1} from 3
21:52:10.993 [raft-server-raft-partition-4] TRACE i.a.p.raft.roles.LeaderAppender - RaftServer{raft-partition-4} - Sending AppendRequest{term=1, leader=1, prevLogIndex=1, prevLogTerm=1, entries=0, commitIndex=1} to 2
21:52:10.993 [raft-server-raft-partition-4] TRACE i.a.p.raft.roles.LeaderAppender - RaftServer{raft-partition-4} - Sending AppendRequest{term=1, leader=1, prevLogIndex=1, prevLogTerm=1, entries=0, commitIndex=1} to 3
21:52:10.993 [raft-server-raft-partition-4] TRACE i.a.p.raft.roles.FollowerRole - RaftServer{raft-partition-4}{role=FOLLOWER} - Received AppendRequest{term=1, leader=1, prevLogIndex=1, prevLogTerm=1, entries=0, commitIndex=1}
21:52:10.993 [raft-server-raft-partition-4] TRACE i.a.p.raft.roles.FollowerRole - RaftServer{raft-partition-4}{role=FOLLOWER} - Received AppendRequest{term=1, leader=1, prevLogIndex=1, prevLogTerm=1, entries=0, commitIndex=1}
21:52:10.993 [raft-server-raft-partition-4] TRACE i.a.p.raft.roles.FollowerRole - RaftServer{raft-partition-4}{role=FOLLOWER} - Sending AppendResponse{status=OK, term=1, succeeded=true, lastLogIndex=1}
21:52:10.993 [raft-server-raft-partition-4] TRACE i.a.p.raft.roles.FollowerRole - RaftServer{raft-partition-4}{role=FOLLOWER} - Sending AppendResponse{status=OK, term=1, succeeded=true, lastLogIndex=1}
21:52:10.994 [raft-server-raft-partition-4] TRACE i.a.p.raft.roles.LeaderAppender - RaftServer{raft-partition-4} - Received AppendResponse{status=OK, term=1, succeeded=true, lastLogIndex=1} from 2
21:52:10.994 [raft-server-raft-partition-4] TRACE i.a.p.raft.roles.LeaderAppender - RaftServer{raft-partition-4} - Sending AppendRequest{term=1, leader=1, prevLogIndex=1, prevLogTerm=1, entries=0, commitIndex=1} to 2
21:52:10.994 [raft-server-raft-partition-4] TRACE i.a.p.raft.roles.LeaderAppender - RaftServer{raft-partition-4} - Received AppendResponse{status=OK, term=1, succeeded=true, lastLogIndex=1} from 3
21:52:10.994 [raft-server-raft-partition-4] TRACE i.a.p.raft.roles.LeaderAppender - RaftServer{raft-partition-4} - Sending AppendRequest{term=1, leader=1, prevLogIndex=1, prevLogTerm=1, entries=0, commitIndex=1} to 3
21:52:10.994 [raft-server-raft-partition-4] TRACE i.a.p.raft.roles.FollowerRole - RaftServer{raft-partition-4}{role=FOLLOWER} - Received AppendRequest{term=1, leader=1, prevLogIndex=1, prevLogTerm=1, entries=0, commitIndex=1}
21:52:10.994 [raft-server-raft-partition-4] TRACE i.a.p.raft.roles.FollowerRole - RaftServer{raft-partition-4}{role=FOLLOWER} - Received AppendRequest{term=1, leader=1, prevLogIndex=1, prevLogTerm=1, entries=0, commitIndex=1}
21:52:10.994 [raft-server-raft-partition-4] TRACE i.a.p.raft.roles.FollowerRole - RaftServer{raft-partition-4}{role=FOLLOWER} - Sending AppendResponse{status=OK, term=1, succeeded=true, lastLogIndex=1}
21:52:10.994 [raft-server-raft-partition-4] TRACE i.a.p.raft.roles.FollowerRole - RaftServer{raft-partition-4}{role=FOLLOWER} - Sending AppendResponse{status=OK, term=1, succeeded=true, lastLogIndex=1}
21:52:10.994 [raft-server-raft-partition-4] TRACE i.a.p.raft.roles.LeaderAppender - RaftServer{raft-partition-4} - Received AppendResponse{status=OK, term=1, succeeded=true, lastLogIndex=1} from 2
21:52:10.994 [raft-server-raft-partition-4] TRACE i.a.p.raft.roles.LeaderAppender - RaftServer{raft-partition-4} - Received AppendResponse{status=OK, term=1, succeeded=true, lastLogIndex=1} from 3
21:52:11.068 [raft-server-raft-partition-2] TRACE i.a.p.raft.roles.LeaderAppender - RaftServer{raft-partition-2} - Sending AppendRequest{term=1, leader=1, prevLogIndex=1, prevLogTerm=1, entries=0, commitIndex=1} to 2
21:52:11.068 [raft-server-raft-partition-2] TRACE i.a.p.raft.roles.LeaderAppender - RaftServer{raft-partition-2} - Sending AppendRequest{term=1, leader=1, prevLogIndex=1, prevLogTerm=1, entries=0, commitIndex=1} to 3
21:52:11.068 [raft-server-raft-partition-2] TRACE i.a.p.raft.roles.FollowerRole - RaftServer{raft-partition-2}{role=FOLLOWER} - Received AppendRequest{term=1, leader=1, prevLogIndex=1, prevLogTerm=1, entries=0, commitIndex=1}
21:52:11.068 [raft-server-raft-partition-2] TRACE i.a.p.raft.roles.FollowerRole - RaftServer{raft-partition-2}{role=FOLLOWER} - Received AppendRequest{term=1, leader=1, prevLogIndex=1, prevLogTerm=1, entries=0, commitIndex=1}
21:52:11.068 [raft-server-raft-partition-2] TRACE i.a.p.raft.roles.FollowerRole - RaftServer{raft-partition-2}{role=FOLLOWER} - Sending AppendResponse{status=OK, term=1, succeeded=true, lastLogIndex=1}
21:52:11.068 [raft-server-raft-partition-2] TRACE i.a.p.raft.roles.FollowerRole - RaftServer{raft-partition-2}{role=FOLLOWER} - Sending AppendResponse{status=OK, term=1, succeeded=true, lastLogIndex=1}
21:52:11.068 [raft-server-raft-partition-2] TRACE i.a.p.raft.roles.LeaderAppender - RaftServer{raft-partition-2} - Received AppendResponse{status=OK, term=1, succeeded=true, lastLogIndex=1} from 2
21:52:11.068 [raft-server-raft-partition-2] TRACE i.a.p.raft.roles.LeaderAppender - RaftServer{raft-partition-2} - Sending AppendRequest{term=1, leader=1, prevLogIndex=1, prevLogTerm=1, entries=0, commitIndex=1} to 2
21:52:11.069 [raft-server-raft-partition-2] TRACE i.a.p.raft.roles.LeaderAppender - RaftServer{raft-partition-2} - Received AppendResponse{status=OK, term=1, succeeded=true, lastLogIndex=1} from 3
21:52:11.069 [raft-server-raft-partition-2] TRACE i.a.p.raft.roles.LeaderAppender - RaftServer{raft-partition-2} - Sending AppendRequest{term=1, leader=1, prevLogIndex=1, prevLogTerm=1, entries=0, commitIndex=1} to 3
21:52:11.069 [raft-server-raft-partition-2] TRACE i.a.p.raft.roles.FollowerRole - RaftServer{raft-partition-2}{role=FOLLOWER} - Received AppendRequest{term=1, leader=1, prevLogIndex=1, prevLogTerm=1, entries=0, commitIndex=1}
21:52:11.069 [raft-server-raft-partition-2] TRACE i.a.p.raft.roles.FollowerRole - RaftServer{raft-partition-2}{role=FOLLOWER} - Sending AppendResponse{status=OK, term=1, succeeded=true, lastLogIndex=1}
21:52:11.069 [raft-server-raft-partition-2] TRACE i.a.p.raft.roles.FollowerRole - RaftServer{raft-partition-2}{role=FOLLOWER} - Received AppendRequest{term=1, leader=1, prevLogIndex=1, prevLogTerm=1, entries=0, commitIndex=1}
21:52:11.069 [raft-server-raft-partition-2] TRACE i.a.p.raft.roles.FollowerRole - RaftServer{raft-partition-2}{role=FOLLOWER} - Sending AppendResponse{status=OK, term=1, succeeded=true, lastLogIndex=1}
21:52:11.069 [raft-server-raft-partition-2] TRACE i.a.p.raft.roles.LeaderAppender - RaftServer{raft-partition-2} - Received AppendResponse{status=OK, term=1, succeeded=true, lastLogIndex=1} from 2
21:52:11.069 [raft-server-raft-partition-2] TRACE i.a.p.raft.roles.LeaderAppender - RaftServer{raft-partition-2} - Sending AppendRequest{term=1, leader=1, prevLogIndex=1, prevLogTerm=1, entries=0, commitIndex=1} to 2
21:52:11.069 [raft-server-raft-partition-2] TRACE i.a.p.raft.roles.LeaderAppender - RaftServer{raft-partition-2} - Received AppendResponse{status=OK, term=1, succeeded=true, lastLogIndex=1} from 3
21:52:11.069 [raft-server-raft-partition-2] TRACE i.a.p.raft.roles.FollowerRole - RaftServer{raft-partition-2}{role=FOLLOWER} - Received AppendRequest{term=1, leader=1, prevLogIndex=1, prevLogTerm=1, entries=0, commitIndex=1}
21:52:11.069 [raft-server-raft-partition-2] TRACE i.a.p.raft.roles.FollowerRole - RaftServer{raft-partition-2}{role=FOLLOWER} - Sending AppendResponse{status=OK, term=1, succeeded=true, lastLogIndex=1}
21:52:11.070 [raft-server-raft-partition-2] TRACE i.a.p.raft.roles.LeaderAppender - RaftServer{raft-partition-2} - Received AppendResponse{status=OK, term=1, succeeded=true, lastLogIndex=1} from 2
21:52:11.076 [raft-server-raft-partition-6] TRACE i.a.p.raft.roles.LeaderAppender - RaftServer{raft-partition-6} - Sending AppendRequest{term=1, leader=1, prevLogIndex=1, prevLogTerm=1, entries=0, commitIndex=1} to 2
21:52:11.076 [raft-server-raft-partition-6] TRACE i.a.p.raft.roles.LeaderAppender - RaftServer{raft-partition-6} - Sending AppendRequest{term=1, leader=1, prevLogIndex=1, prevLogTerm=1, entries=0, commitIndex=1} to 3
21:52:11.076 [raft-server-raft-partition-6] TRACE i.a.p.raft.roles.FollowerRole - RaftServer{raft-partition-6}{role=FOLLOWER} - Received AppendRequest{term=1, leader=1, prevLogIndex=1, prevLogTerm=1, entries=0, commitIndex=1}
21:52:11.076 [raft-server-raft-partition-6] TRACE i.a.p.raft.roles.FollowerRole - RaftServer{raft-partition-6}{role=FOLLOWER} - Sending AppendResponse{status=OK, term=1, succeeded=true, lastLogIndex=1}
21:52:11.076 [raft-server-raft-partition-6] TRACE i.a.p.raft.roles.FollowerRole - RaftServer{raft-partition-6}{role=FOLLOWER} - Received AppendRequest{term=1, leader=1, prevLogIndex=1, prevLogTerm=1, entries=0, commitIndex=1}
21:52:11.076 [raft-server-raft-partition-6] TRACE i.a.p.raft.roles.FollowerRole - RaftServer{raft-partition-6}{role=FOLLOWER} - Sending AppendResponse{status=OK, term=1, succeeded=true, lastLogIndex=1}
21:52:11.076 [raft-server-raft-partition-6] TRACE i.a.p.raft.roles.LeaderAppender - RaftServer{raft-partition-6} - Received AppendResponse{status=OK, term=1, succeeded=true, lastLogIndex=1} from 2
21:52:11.076 [raft-server-raft-partition-6] TRACE i.a.p.raft.roles.LeaderAppender - RaftServer{raft-partition-6} - Sending AppendRequest{term=1, leader=1, prevLogIndex=1, prevLogTerm=1, entries=0, commitIndex=1} to 2
21:52:11.076 [raft-server-raft-partition-6] TRACE i.a.p.raft.roles.LeaderAppender - RaftServer{raft-partition-6} - Received AppendResponse{status=OK, term=1, succeeded=true, lastLogIndex=1} from 3
21:52:11.076 [raft-server-raft-partition-6] TRACE i.a.p.raft.roles.LeaderAppender - RaftServer{raft-partition-6} - Sending AppendRequest{term=1, leader=1, prevLogIndex=1, prevLogTerm=1, entries=0, commitIndex=1} to 3
21:52:11.076 [raft-server-raft-partition-6] TRACE i.a.p.raft.roles.FollowerRole - RaftServer{raft-partition-6}{role=FOLLOWER} - Received AppendRequest{term=1, leader=1, prevLogIndex=1, prevLogTerm=1, entries=0, commitIndex=1}
21:52:11.077 [raft-server-raft-partition-6] TRACE i.a.p.raft.roles.FollowerRole - RaftServer{raft-partition-6}{role=FOLLOWER} - Sending AppendResponse{status=OK, term=1, succeeded=true, lastLogIndex=1}
21:52:11.077 [raft-server-raft-partition-6] TRACE i.a.p.raft.roles.FollowerRole - RaftServer{raft-partition-6}{role=FOLLOWER} - Received AppendRequest{term=1, leader=1, prevLogIndex=1, prevLogTerm=1, entries=0, commitIndex=1}
21:52:11.077 [raft-server-raft-partition-6] TRACE i.a.p.raft.roles.FollowerRole - RaftServer{raft-partition-6}{role=FOLLOWER} - Sending AppendResponse{status=OK, term=1, succeeded=true, lastLogIndex=1}
21:52:11.077 [raft-server-raft-partition-6] TRACE i.a.p.raft.roles.LeaderAppender - RaftServer{raft-partition-6} - Received AppendResponse{status=OK, term=1, succeeded=true, lastLogIndex=1} from 2
21:52:11.077 [raft-server-raft-partition-6] TRACE i.a.p.raft.roles.LeaderAppender - RaftServer{raft-partition-6} - Sending AppendRequest{term=1, leader=1, prevLogIndex=1, prevLogTerm=1, entries=0, commitIndex=1} to 2
21:52:11.077 [raft-server-raft-partition-6] TRACE i.a.p.raft.roles.LeaderAppender - RaftServer{raft-partition-6} - Received AppendResponse{status=OK, term=1, succeeded=true, lastLogIndex=1} from 3
21:52:11.077 [raft-server-raft-partition-6] TRACE i.a.p.raft.roles.LeaderAppender - RaftServer{raft-partition-6} - Sending AppendRequest{term=1, leader=1, prevLogIndex=1, prevLogTerm=1, entries=0, commitIndex=1} to 3
21:52:11.077 [raft-server-raft-partition-6] TRACE i.a.p.raft.roles.FollowerRole - RaftServer{raft-partition-6}{role=FOLLOWER} - Received AppendRequest{term=1, leader=1, prevLogIndex=1, prevLogTerm=1, entries=0, commitIndex=1}
21:52:11.077 [raft-server-raft-partition-6] TRACE i.a.p.raft.roles.FollowerRole - RaftServer{raft-partition-6}{role=FOLLOWER} - Sending AppendResponse{status=OK, term=1, succeeded=true, lastLogIndex=1}
21:52:11.077 [raft-server-raft-partition-6] TRACE i.a.p.raft.roles.FollowerRole - RaftServer{raft-partition-6}{role=FOLLOWER} - Received AppendRequest{term=1, leader=1, prevLogIndex=1, prevLogTerm=1, entries=0, commitIndex=1}
21:52:11.077 [raft-server-raft-partition-6] TRACE i.a.p.raft.roles.FollowerRole - RaftServer{raft-partition-6}{role=FOLLOWER} - Sending AppendResponse{status=OK, term=1, succeeded=true, lastLogIndex=1}
21:52:11.077 [raft-server-raft-partition-6] TRACE i.a.p.raft.roles.LeaderAppender - RaftServer{raft-partition-6} - Received AppendResponse{status=OK, term=1, succeeded=true, lastLogIndex=1} from 2
21:52:11.077 [raft-server-raft-partition-6] TRACE i.a.p.raft.roles.LeaderAppender - RaftServer{raft-partition-6} - Received AppendResponse{status=OK, term=1, succeeded=true, lastLogIndex=1} from 3
21:52:11.134 [raft-server-raft-partition-1] TRACE i.a.p.raft.roles.LeaderAppender - RaftServer{raft-partition-1} - Sending AppendRequest{term=1, leader=2, prevLogIndex=1, prevLogTerm=1, entries=0, commitIndex=1} to 3
21:52:11.135 [raft-server-raft-partition-1] TRACE i.a.p.raft.roles.FollowerRole - RaftServer{raft-partition-1}{role=FOLLOWER} - Received AppendRequest{term=1, leader=2, prevLogIndex=1, prevLogTerm=1, entries=0, commitIndex=1}
21:52:11.135 [raft-server-raft-partition-1] TRACE i.a.p.raft.roles.FollowerRole - RaftServer{raft-partition-1}{role=FOLLOWER} - Sending AppendResponse{status=OK, term=1, succeeded=true, lastLogIndex=1}
21:52:11.135 [raft-server-raft-partition-1] TRACE i.a.p.raft.roles.LeaderAppender - RaftServer{raft-partition-1} - Received AppendResponse{status=OK, term=1, succeeded=true, lastLogIndex=1} from 3
21:52:11.135 [raft-server-raft-partition-1] TRACE i.a.p.raft.roles.LeaderAppender - RaftServer{raft-partition-1} - Sending AppendRequest{term=1, leader=2, prevLogIndex=1, prevLogTerm=1, entries=0, commitIndex=1} to 3
21:52:11.135 [raft-server-raft-partition-1] TRACE i.a.p.raft.roles.FollowerRole - RaftServer{raft-partition-1}{role=FOLLOWER} - Received AppendRequest{term=1, leader=2, prevLogIndex=1, prevLogTerm=1, entries=0, commitIndex=1}
21:52:11.135 [raft-server-raft-partition-1] TRACE i.a.p.raft.roles.FollowerRole - RaftServer{raft-partition-1}{role=FOLLOWER} - Sending AppendResponse{status=OK, term=1, succeeded=true, lastLogIndex=1}
21:52:11.136 [raft-server-raft-partition-1] TRACE i.a.p.raft.roles.LeaderAppender - RaftServer{raft-partition-1} - Received AppendResponse{status=OK, term=1, succeeded=true, lastLogIndex=1} from 3
21:52:11.167 [raft-server-system-partition-1] TRACE i.a.p.raft.roles.LeaderAppender - RaftServer{system-partition-1} - Sending AppendRequest{term=1, leader=1, prevLogIndex=13, prevLogTerm=1, entries=0, commitIndex=13} to 2
21:52:11.167 [raft-server-system-partition-1] TRACE i.a.p.raft.roles.LeaderAppender - RaftServer{system-partition-1} - Sending AppendRequest{term=1, leader=1, prevLogIndex=13, prevLogTerm=1, entries=0, commitIndex=13} to 3
21:52:11.167 [raft-server-system-partition-1] TRACE i.a.p.raft.roles.FollowerRole - RaftServer{system-partition-1}{role=FOLLOWER} - Received AppendRequest{term=1, leader=1, prevLogIndex=13, prevLogTerm=1, entries=0, commitIndex=13}
21:52:11.168 [raft-server-system-partition-1] TRACE i.a.p.raft.roles.FollowerRole - RaftServer{system-partition-1}{role=FOLLOWER} - Sending AppendResponse{status=OK, term=1, succeeded=true, lastLogIndex=13}
21:52:11.168 [raft-server-system-partition-1] TRACE i.a.p.raft.roles.FollowerRole - RaftServer{system-partition-1}{role=FOLLOWER} - Received AppendRequest{term=1, leader=1, prevLogIndex=13, prevLogTerm=1, entries=0, commitIndex=13}
21:52:11.168 [raft-server-system-partition-1] TRACE i.a.p.raft.roles.FollowerRole - RaftServer{system-partition-1}{role=FOLLOWER} - Sending AppendResponse{status=OK, term=1, succeeded=true, lastLogIndex=13}
21:52:11.168 [raft-server-system-partition-1] TRACE i.a.p.raft.roles.LeaderAppender - RaftServer{system-partition-1} - Received AppendResponse{status=OK, term=1, succeeded=true, lastLogIndex=13} from 2
21:52:11.168 [raft-server-system-partition-1] TRACE i.a.p.raft.roles.LeaderAppender - RaftServer{system-partition-1} - Sending AppendRequest{term=1, leader=1, prevLogIndex=13, prevLogTerm=1, entries=0, commitIndex=13} to 2
21:52:11.168 [raft-server-system-partition-1] TRACE i.a.p.raft.roles.LeaderAppender - RaftServer{system-partition-1} - Received AppendResponse{status=OK, term=1, succeeded=true, lastLogIndex=13} from 3
21:52:11.168 [raft-server-system-partition-1] TRACE i.a.p.raft.roles.LeaderAppender - RaftServer{system-partition-1} - Sending AppendRequest{term=1, leader=1, prevLogIndex=13, prevLogTerm=1, entries=0, commitIndex=13} to 3
21:52:11.168 [raft-server-system-partition-1] TRACE i.a.p.raft.roles.FollowerRole - RaftServer{system-partition-1}{role=FOLLOWER} - Received AppendRequest{term=1, leader=1, prevLogIndex=13, prevLogTerm=1, entries=0, commitIndex=13}
21:52:11.168 [raft-server-system-partition-1] TRACE i.a.p.raft.roles.FollowerRole - RaftServer{system-partition-1}{role=FOLLOWER} - Sending AppendResponse{status=OK, term=1, succeeded=true, lastLogIndex=13}
21:52:11.168 [raft-server-system-partition-1] TRACE i.a.p.raft.roles.FollowerRole - RaftServer{system-partition-1}{role=FOLLOWER} - Received AppendRequest{term=1, leader=1, prevLogIndex=13, prevLogTerm=1, entries=0, commitIndex=13}
21:52:11.168 [raft-server-system-partition-1] TRACE i.a.p.raft.roles.FollowerRole - RaftServer{system-partition-1}{role=FOLLOWER} - Sending AppendResponse{status=OK, term=1, succeeded=true, lastLogIndex=13}
21:52:11.168 [raft-server-system-partition-1] TRACE i.a.p.raft.roles.LeaderAppender - RaftServer{system-partition-1} - Received AppendResponse{status=OK, term=1, succeeded=true, lastLogIndex=13} from 2
21:52:11.168 [raft-server-system-partition-1] TRACE i.a.p.raft.roles.LeaderAppender - RaftServer{system-partition-1} - Received AppendResponse{status=OK, term=1, succeeded=true, lastLogIndex=13} from 3
21:52:11.209 [raft-server-raft-partition-5] TRACE i.a.p.raft.roles.LeaderAppender - RaftServer{raft-partition-5} - Sending AppendRequest{term=1, leader=3, prevLogIndex=1, prevLogTerm=1, entries=0, commitIndex=1} to 1
21:52:11.209 [raft-server-raft-partition-5] TRACE i.a.p.raft.roles.LeaderAppender - RaftServer{raft-partition-5} - Sending AppendRequest{term=1, leader=3, prevLogIndex=1, prevLogTerm=1, entries=0, commitIndex=1} to 2
21:52:11.209 [raft-server-raft-partition-7] TRACE i.a.p.raft.roles.LeaderAppender - RaftServer{raft-partition-7} - Sending AppendRequest{term=1, leader=2, prevLogIndex=1, prevLogTerm=1, entries=0, commitIndex=1} to 1
21:52:11.209 [raft-server-raft-partition-5] TRACE i.a.p.raft.roles.FollowerRole - RaftServer{raft-partition-5}{role=FOLLOWER} - Received AppendRequest{term=1, leader=3, prevLogIndex=1, prevLogTerm=1, entries=0, commitIndex=1}
21:52:11.209 [raft-server-raft-partition-5] TRACE i.a.p.raft.roles.FollowerRole - RaftServer{raft-partition-5}{role=FOLLOWER} - Received AppendRequest{term=1, leader=3, prevLogIndex=1, prevLogTerm=1, entries=0, commitIndex=1}
21:52:11.209 [raft-server-raft-partition-7] TRACE i.a.p.raft.roles.LeaderAppender - RaftServer{raft-partition-7} - Sending AppendRequest{term=1, leader=2, prevLogIndex=1, prevLogTerm=1, entries=0, commitIndex=1} to 3
21:52:11.209 [raft-server-raft-partition-5] TRACE i.a.p.raft.roles.FollowerRole - RaftServer{raft-partition-5}{role=FOLLOWER} - Sending AppendResponse{status=OK, term=1, succeeded=true, lastLogIndex=1}
21:52:11.209 [raft-server-raft-partition-5] TRACE i.a.p.raft.roles.FollowerRole - RaftServer{raft-partition-5}{role=FOLLOWER} - Sending AppendResponse{status=OK, term=1, succeeded=true, lastLogIndex=1}
21:52:11.209 [raft-server-raft-partition-7] TRACE i.a.p.raft.roles.FollowerRole - RaftServer{raft-partition-7}{role=FOLLOWER} - Received AppendRequest{term=1, leader=2, prevLogIndex=1, prevLogTerm=1, entries=0, commitIndex=1}
21:52:11.209 [raft-server-raft-partition-7] TRACE i.a.p.raft.roles.FollowerRole - RaftServer{raft-partition-7}{role=FOLLOWER} - Received AppendRequest{term=1, leader=2, prevLogIndex=1, prevLogTerm=1, entries=0, commitIndex=1}
21:52:11.209 [raft-server-raft-partition-7] TRACE i.a.p.raft.roles.FollowerRole - RaftServer{raft-partition-7}{role=FOLLOWER} - Sending AppendResponse{status=OK, term=1, succeeded=true, lastLogIndex=1}
21:52:11.209 [raft-server-raft-partition-7] TRACE i.a.p.raft.roles.FollowerRole - RaftServer{raft-partition-7}{role=FOLLOWER} - Sending AppendResponse{status=OK, term=1, succeeded=true, lastLogIndex=1}
21:52:11.209 [raft-server-raft-partition-5] TRACE i.a.p.raft.roles.LeaderAppender - RaftServer{raft-partition-5} - Received AppendResponse{status=OK, term=1, succeeded=true, lastLogIndex=1} from 1
21:52:11.210 [raft-server-raft-partition-5] TRACE i.a.p.raft.roles.LeaderAppender - RaftServer{raft-partition-5} - Sending AppendRequest{term=1, leader=3, prevLogIndex=1, prevLogTerm=1, entries=0, commitIndex=1} to 1
21:52:11.210 [raft-server-raft-partition-5] TRACE i.a.p.raft.roles.LeaderAppender - RaftServer{raft-partition-5} - Received AppendResponse{status=OK, term=1, succeeded=true, lastLogIndex=1} from 2
21:52:11.210 [raft-server-raft-partition-7] TRACE i.a.p.raft.roles.LeaderAppender - RaftServer{raft-partition-7} - Received AppendResponse{status=OK, term=1, succeeded=true, lastLogIndex=1} from 1
21:52:11.210 [raft-server-raft-partition-5] TRACE i.a.p.raft.roles.LeaderAppender - RaftServer{raft-partition-5} - Sending AppendRequest{term=1, leader=3, prevLogIndex=1, prevLogTerm=1, entries=0, commitIndex=1} to 2
21:52:11.210 [raft-server-raft-partition-7] TRACE i.a.p.raft.roles.LeaderAppender - RaftServer{raft-partition-7} - Sending AppendRequest{term=1, leader=2, prevLogIndex=1, prevLogTerm=1, entries=0, commitIndex=1} to 1
21:52:11.210 [raft-server-raft-partition-5] TRACE i.a.p.raft.roles.FollowerRole - RaftServer{raft-partition-5}{role=FOLLOWER} - Received AppendRequest{term=1, leader=3, prevLogIndex=1, prevLogTerm=1, entries=0, commitIndex=1}
21:52:11.210 [raft-server-raft-partition-7] TRACE i.a.p.raft.roles.LeaderAppender - RaftServer{raft-partition-7} - Received AppendResponse{status=OK, term=1, succeeded=true, lastLogIndex=1} from 3
21:52:11.210 [raft-server-raft-partition-5] TRACE i.a.p.raft.roles.FollowerRole - RaftServer{raft-partition-5}{role=FOLLOWER} - Sending AppendResponse{status=OK, term=1, succeeded=true, lastLogIndex=1}
21:52:11.210 [raft-server-raft-partition-5] TRACE i.a.p.raft.roles.FollowerRole - RaftServer{raft-partition-5}{role=FOLLOWER} - Received AppendRequest{term=1, leader=3, prevLogIndex=1, prevLogTerm=1, entries=0, commitIndex=1}
21:52:11.210 [raft-server-raft-partition-7] TRACE i.a.p.raft.roles.LeaderAppender - RaftServer{raft-partition-7} - Sending AppendRequest{term=1, leader=2, prevLogIndex=1, prevLogTerm=1, entries=0, commitIndex=1} to 3
21:52:11.210 [raft-server-raft-partition-7] TRACE i.a.p.raft.roles.FollowerRole - RaftServer{raft-partition-7}{role=FOLLOWER} - Received AppendRequest{term=1, leader=2, prevLogIndex=1, prevLogTerm=1, entries=0, commitIndex=1}
21:52:11.210 [raft-server-raft-partition-5] TRACE i.a.p.raft.roles.FollowerRole - RaftServer{raft-partition-5}{role=FOLLOWER} - Sending AppendResponse{status=OK, term=1, succeeded=true, lastLogIndex=1}
21:52:11.210 [raft-server-raft-partition-5] TRACE i.a.p.raft.roles.LeaderAppender - RaftServer{raft-partition-5} - Received AppendResponse{status=OK, term=1, succeeded=true, lastLogIndex=1} from 1
21:52:11.210 [raft-server-raft-partition-7] TRACE i.a.p.raft.roles.FollowerRole - RaftServer{raft-partition-7}{role=FOLLOWER} - Sending AppendResponse{status=OK, term=1, succeeded=true, lastLogIndex=1}
21:52:11.210 [raft-server-raft-partition-7] TRACE i.a.p.raft.roles.FollowerRole - RaftServer{raft-partition-7}{role=FOLLOWER} - Received AppendRequest{term=1, leader=2, prevLogIndex=1, prevLogTerm=1, entries=0, commitIndex=1}
21:52:11.210 [raft-server-raft-partition-5] TRACE i.a.p.raft.roles.LeaderAppender - RaftServer{raft-partition-5} - Received AppendResponse{status=OK, term=1, succeeded=true, lastLogIndex=1} from 2
21:52:11.210 [raft-server-raft-partition-7] TRACE i.a.p.raft.roles.FollowerRole - RaftServer{raft-partition-7}{role=FOLLOWER} - Sending AppendResponse{status=OK, term=1, succeeded=true, lastLogIndex=1}
21:52:11.211 [raft-server-raft-partition-7] TRACE i.a.p.raft.roles.LeaderAppender - RaftServer{raft-partition-7} - Received AppendResponse{status=OK, term=1, succeeded=true, lastLogIndex=1} from 1
21:52:11.211 [raft-server-raft-partition-7] TRACE i.a.p.raft.roles.LeaderAppender - RaftServer{raft-partition-7} - Received AppendResponse{status=OK, term=1, succeeded=true, lastLogIndex=1} from 3
21:52:11.243 [raft-server-raft-partition-4] TRACE i.a.p.raft.roles.LeaderAppender - RaftServer{raft-partition-4} - Sending AppendRequest{term=1, leader=1, prevLogIndex=1, prevLogTerm=1, entries=0, commitIndex=1} to 2
21:52:11.243 [raft-server-raft-partition-4] TRACE i.a.p.raft.roles.LeaderAppender - RaftServer{raft-partition-4} - Sending AppendRequest{term=1, leader=1, prevLogIndex=1, prevLogTerm=1, entries=0, commitIndex=1} to 3
21:52:11.243 [raft-server-raft-partition-4] TRACE i.a.p.raft.roles.FollowerRole - RaftServer{raft-partition-4}{role=FOLLOWER} - Received AppendRequest{term=1, leader=1, prevLogIndex=1, prevLogTerm=1, entries=0, commitIndex=1}
21:52:11.243 [raft-server-raft-partition-4] TRACE i.a.p.raft.roles.FollowerRole - RaftServer{raft-partition-4}{role=FOLLOWER} - Received AppendRequest{term=1, leader=1, prevLogIndex=1, prevLogTerm=1, entries=0, commitIndex=1}
21:52:11.243 [raft-server-raft-partition-4] TRACE i.a.p.raft.roles.FollowerRole - RaftServer{raft-partition-4}{role=FOLLOWER} - Sending AppendResponse{status=OK, term=1, succeeded=true, lastLogIndex=1}
21:52:11.243 [raft-server-raft-partition-4] TRACE i.a.p.raft.roles.FollowerRole - RaftServer{raft-partition-4}{role=FOLLOWER} - Sending AppendResponse{status=OK, term=1, succeeded=true, lastLogIndex=1}
21:52:11.244 [raft-server-raft-partition-4] TRACE i.a.p.raft.roles.LeaderAppender - RaftServer{raft-partition-4} - Received AppendResponse{status=OK, term=1, succeeded=true, lastLogIndex=1} from 2
21:52:11.244 [raft-server-raft-partition-4] TRACE i.a.p.raft.roles.LeaderAppender - RaftServer{raft-partition-4} - Sending AppendRequest{term=1, leader=1, prevLogIndex=1, prevLogTerm=1, entries=0, commitIndex=1} to 2
21:52:11.244 [raft-server-raft-partition-4] TRACE i.a.p.raft.roles.LeaderAppender - RaftServer{raft-partition-4} - Received AppendResponse{status=OK, term=1, succeeded=true, lastLogIndex=1} from 3
21:52:11.244 [raft-server-raft-partition-4] TRACE i.a.p.raft.roles.LeaderAppender - RaftServer{raft-partition-4} - Sending AppendRequest{term=1, leader=1, prevLogIndex=1, prevLogTerm=1, entries=0, commitIndex=1} to 3
21:52:11.244 [raft-server-raft-partition-4] TRACE i.a.p.raft.roles.FollowerRole - RaftServer{raft-partition-4}{role=FOLLOWER} - Received AppendRequest{term=1, leader=1, prevLogIndex=1, prevLogTerm=1, entries=0, commitIndex=1}
21:52:11.244 [raft-server-raft-partition-4] TRACE i.a.p.raft.roles.FollowerRole - RaftServer{raft-partition-4}{role=FOLLOWER} - Sending AppendResponse{status=OK, term=1, succeeded=true, lastLogIndex=1}
21:52:11.244 [raft-server-raft-partition-4] TRACE i.a.p.raft.roles.FollowerRole - RaftServer{raft-partition-4}{role=FOLLOWER} - Received AppendRequest{term=1, leader=1, prevLogIndex=1, prevLogTerm=1, entries=0, commitIndex=1}
21:52:11.244 [raft-server-raft-partition-4] TRACE i.a.p.raft.roles.LeaderAppender - RaftServer{raft-partition-4} - Received AppendResponse{status=OK, term=1, succeeded=true, lastLogIndex=1} from 2
21:52:11.244 [raft-server-raft-partition-4] TRACE i.a.p.raft.roles.FollowerRole - RaftServer{raft-partition-4}{role=FOLLOWER} - Sending AppendResponse{status=OK, term=1, succeeded=true, lastLogIndex=1}
21:52:11.244 [raft-server-raft-partition-4] TRACE i.a.p.raft.roles.LeaderAppender - RaftServer{raft-partition-4} - Received AppendResponse{status=OK, term=1, succeeded=true, lastLogIndex=1} from 3
21:52:11.317 [raft-server-raft-partition-2] TRACE i.a.p.raft.roles.LeaderAppender - RaftServer{raft-partition-2} - Sending AppendRequest{term=1, leader=1, prevLogIndex=1, prevLogTerm=1, entries=0, commitIndex=1} to 2
21:52:11.318 [raft-server-raft-partition-2] TRACE i.a.p.raft.roles.LeaderAppender - RaftServer{raft-partition-2} - Sending AppendRequest{term=1, leader=1, prevLogIndex=1, prevLogTerm=1, entries=0, commitIndex=1} to 3
21:52:11.318 [raft-server-raft-partition-2] TRACE i.a.p.raft.roles.FollowerRole - RaftServer{raft-partition-2}{role=FOLLOWER} - Received AppendRequest{term=1, leader=1, prevLogIndex=1, prevLogTerm=1, entries=0, commitIndex=1}
21:52:11.318 [raft-server-raft-partition-2] TRACE i.a.p.raft.roles.FollowerRole - RaftServer{raft-partition-2}{role=FOLLOWER} - Received AppendRequest{term=1, leader=1, prevLogIndex=1, prevLogTerm=1, entries=0, commitIndex=1}
21:52:11.318 [raft-server-raft-partition-2] TRACE i.a.p.raft.roles.FollowerRole - RaftServer{raft-partition-2}{role=FOLLOWER} - Sending AppendResponse{status=OK, term=1, succeeded=true, lastLogIndex=1}
21:52:11.318 [raft-server-raft-partition-2] TRACE i.a.p.raft.roles.FollowerRole - RaftServer{raft-partition-2}{role=FOLLOWER} - Sending AppendResponse{status=OK, term=1, succeeded=true, lastLogIndex=1}
21:52:11.318 [raft-server-raft-partition-2] TRACE i.a.p.raft.roles.LeaderAppender - RaftServer{raft-partition-2} - Received AppendResponse{status=OK, term=1, succeeded=true, lastLogIndex=1} from 2
21:52:11.318 [raft-server-raft-partition-2] TRACE i.a.p.raft.roles.LeaderAppender - RaftServer{raft-partition-2} - Sending AppendRequest{term=1, leader=1, prevLogIndex=1, prevLogTerm=1, entries=0, commitIndex=1} to 2
21:52:11.318 [raft-server-raft-partition-2] TRACE i.a.p.raft.roles.LeaderAppender - RaftServer{raft-partition-2} - Received AppendResponse{status=OK, term=1, succeeded=true, lastLogIndex=1} from 3
21:52:11.318 [raft-server-raft-partition-2] TRACE i.a.p.raft.roles.FollowerRole - RaftServer{raft-partition-2}{role=FOLLOWER} - Received AppendRequest{term=1, leader=1, prevLogIndex=1, prevLogTerm=1, entries=0, commitIndex=1}
21:52:11.318 [raft-server-raft-partition-2] TRACE i.a.p.raft.roles.FollowerRole - RaftServer{raft-partition-2}{role=FOLLOWER} - Sending AppendResponse{status=OK, term=1, succeeded=true, lastLogIndex=1}
21:52:11.319 [raft-server-raft-partition-2] TRACE i.a.p.raft.roles.LeaderAppender - RaftServer{raft-partition-2} - Received AppendResponse{status=OK, term=1, succeeded=true, lastLogIndex=1} from 2
21:52:11.326 [raft-server-raft-partition-6] TRACE i.a.p.raft.roles.LeaderAppender - RaftServer{raft-partition-6} - Sending AppendRequest{term=1, leader=1, prevLogIndex=1, prevLogTerm=1, entries=0, commitIndex=1} to 2
21:52:11.326 [raft-server-raft-partition-6] TRACE i.a.p.raft.roles.LeaderAppender - RaftServer{raft-partition-6} - Sending AppendRequest{term=1, leader=1, prevLogIndex=1, prevLogTerm=1, entries=0, commitIndex=1} to 3
21:52:11.326 [raft-server-raft-partition-6] TRACE i.a.p.raft.roles.FollowerRole - RaftServer{raft-partition-6}{role=FOLLOWER} - Received AppendRequest{term=1, leader=1, prevLogIndex=1, prevLogTerm=1, entries=0, commitIndex=1}
21:52:11.326 [raft-server-raft-partition-6] TRACE i.a.p.raft.roles.FollowerRole - RaftServer{raft-partition-6}{role=FOLLOWER} - Sending AppendResponse{status=OK, term=1, succeeded=true, lastLogIndex=1}
21:52:11.326 [raft-server-raft-partition-6] TRACE i.a.p.raft.roles.FollowerRole - RaftServer{raft-partition-6}{role=FOLLOWER} - Received AppendRequest{term=1, leader=1, prevLogIndex=1, prevLogTerm=1, entries=0, commitIndex=1}
21:52:11.326 [raft-server-raft-partition-6] TRACE i.a.p.raft.roles.FollowerRole - RaftServer{raft-partition-6}{role=FOLLOWER} - Sending AppendResponse{status=OK, term=1, succeeded=true, lastLogIndex=1}
21:52:11.326 [raft-server-raft-partition-6] TRACE i.a.p.raft.roles.LeaderAppender - RaftServer{raft-partition-6} - Received AppendResponse{status=OK, term=1, succeeded=true, lastLogIndex=1} from 3
21:52:11.326 [raft-server-raft-partition-6] TRACE i.a.p.raft.roles.LeaderAppender - RaftServer{raft-partition-6} - Sending AppendRequest{term=1, leader=1, prevLogIndex=1, prevLogTerm=1, entries=0, commitIndex=1} to 3
21:52:11.326 [raft-server-raft-partition-6] TRACE i.a.p.raft.roles.LeaderAppender - RaftServer{raft-partition-6} - Received AppendResponse{status=OK, term=1, succeeded=true, lastLogIndex=1} from 2
21:52:11.326 [raft-server-raft-partition-6] TRACE i.a.p.raft.roles.LeaderAppender - RaftServer{raft-partition-6} - Sending AppendRequest{term=1, leader=1, prevLogIndex=1, prevLogTerm=1, entries=0, commitIndex=1} to 2
21:52:11.327 [raft-server-raft-partition-6] TRACE i.a.p.raft.roles.FollowerRole - RaftServer{raft-partition-6}{role=FOLLOWER} - Received AppendRequest{term=1, leader=1, prevLogIndex=1, prevLogTerm=1, entries=0, commitIndex=1}
21:52:11.327 [raft-server-raft-partition-6] TRACE i.a.p.raft.roles.FollowerRole - RaftServer{raft-partition-6}{role=FOLLOWER} - Sending AppendResponse{status=OK, term=1, succeeded=true, lastLogIndex=1}
21:52:11.327 [raft-server-raft-partition-6] TRACE i.a.p.raft.roles.FollowerRole - RaftServer{raft-partition-6}{role=FOLLOWER} - Received AppendRequest{term=1, leader=1, prevLogIndex=1, prevLogTerm=1, entries=0, commitIndex=1}
21:52:11.327 [raft-server-raft-partition-6] TRACE i.a.p.raft.roles.FollowerRole - RaftServer{raft-partition-6}{role=FOLLOWER} - Sending AppendResponse{status=OK, term=1, succeeded=true, lastLogIndex=1}
21:52:11.327 [raft-server-raft-partition-6] TRACE i.a.p.raft.roles.LeaderAppender - RaftServer{raft-partition-6} - Received AppendResponse{status=OK, term=1, succeeded=true, lastLogIndex=1} from 3
21:52:11.327 [raft-server-raft-partition-6] TRACE i.a.p.raft.roles.LeaderAppender - RaftServer{raft-partition-6} - Sending AppendRequest{term=1, leader=1, prevLogIndex=1, prevLogTerm=1, entries=0, commitIndex=1} to 3
21:52:11.327 [raft-server-raft-partition-6] TRACE i.a.p.raft.roles.LeaderAppender - RaftServer{raft-partition-6} - Received AppendResponse{status=OK, term=1, succeeded=true, lastLogIndex=1} from 2
21:52:11.327 [raft-server-raft-partition-6] TRACE i.a.p.raft.roles.LeaderAppender - RaftServer{raft-partition-6} - Sending AppendRequest{term=1, leader=1, prevLogIndex=1, prevLogTerm=1, entries=0, commitIndex=1} to 2
21:52:11.327 [raft-server-raft-partition-6] TRACE i.a.p.raft.roles.FollowerRole - RaftServer{raft-partition-6}{role=FOLLOWER} - Received AppendRequest{term=1, leader=1, prevLogIndex=1, prevLogTerm=1, entries=0, commitIndex=1}
21:52:11.327 [raft-server-raft-partition-6] TRACE i.a.p.raft.roles.FollowerRole - RaftServer{raft-partition-6}{role=FOLLOWER} - Sending AppendResponse{status=OK, term=1, succeeded=true, lastLogIndex=1}
21:52:11.327 [raft-server-raft-partition-6] TRACE i.a.p.raft.roles.FollowerRole - RaftServer{raft-partition-6}{role=FOLLOWER} - Received AppendRequest{term=1, leader=1, prevLogIndex=1, prevLogTerm=1, entries=0, commitIndex=1}
21:52:11.327 [raft-server-raft-partition-6] TRACE i.a.p.raft.roles.FollowerRole - RaftServer{raft-partition-6}{role=FOLLOWER} - Sending AppendResponse{status=OK, term=1, succeeded=true, lastLogIndex=1}
21:52:11.327 [raft-server-raft-partition-6] TRACE i.a.p.raft.roles.LeaderAppender - RaftServer{raft-partition-6} - Received AppendResponse{status=OK, term=1, succeeded=true, lastLogIndex=1} from 3
21:52:11.327 [raft-server-raft-partition-6] TRACE i.a.p.raft.roles.LeaderAppender - RaftServer{raft-partition-6} - Received AppendResponse{status=OK, term=1, succeeded=true, lastLogIndex=1} from 2
21:52:11.365 [raft-server-raft-partition-3] TRACE i.a.p.raft.storage.system.MetaStore - Store vote null
21:52:11.384 [raft-server-raft-partition-1] TRACE i.a.p.raft.roles.LeaderAppender - RaftServer{raft-partition-1} - Sending AppendRequest{term=1, leader=2, prevLogIndex=1, prevLogTerm=1, entries=0, commitIndex=1} to 3
21:52:11.385 [raft-server-raft-partition-1] TRACE i.a.p.raft.roles.FollowerRole - RaftServer{raft-partition-1}{role=FOLLOWER} - Received AppendRequest{term=1, leader=2, prevLogIndex=1, prevLogTerm=1, entries=0, commitIndex=1}
21:52:11.385 [raft-server-raft-partition-1] TRACE i.a.p.raft.roles.FollowerRole - RaftServer{raft-partition-1}{role=FOLLOWER} - Sending AppendResponse{status=OK, term=1, succeeded=true, lastLogIndex=1}
21:52:11.385 [raft-server-raft-partition-1] TRACE i.a.p.raft.roles.LeaderAppender - RaftServer{raft-partition-1} - Received AppendResponse{status=OK, term=1, succeeded=true, lastLogIndex=1} from 3
21:52:11.385 [raft-server-raft-partition-1] TRACE i.a.p.raft.roles.LeaderAppender - RaftServer{raft-partition-1} - Sending AppendRequest{term=1, leader=2, prevLogIndex=1, prevLogTerm=1, entries=0, commitIndex=1} to 3
21:52:11.385 [raft-server-raft-partition-1] TRACE i.a.p.raft.roles.FollowerRole - RaftServer{raft-partition-1}{role=FOLLOWER} - Received AppendRequest{term=1, leader=2, prevLogIndex=1, prevLogTerm=1, entries=0, commitIndex=1}
21:52:11.385 [raft-server-raft-partition-1] TRACE i.a.p.raft.roles.FollowerRole - RaftServer{raft-partition-1}{role=FOLLOWER} - Sending AppendResponse{status=OK, term=1, succeeded=true, lastLogIndex=1}
21:52:11.386 [raft-server-raft-partition-1] TRACE i.a.p.raft.roles.LeaderAppender - RaftServer{raft-partition-1} - Received AppendResponse{status=OK, term=1, succeeded=true, lastLogIndex=1} from 3
21:52:11.391 [raft-server-raft-partition-3] DEBUG i.a.p.raft.roles.FollowerRole - RaftServer{raft-partition-3}{role=FOLLOWER} - Heartbeat timed out in PT3.366S
21:52:11.391 [raft-server-raft-partition-3] DEBUG i.a.p.raft.roles.FollowerRole - RaftServer{raft-partition-3}{role=FOLLOWER} - Polling members [DefaultRaftMember{id=2, type=ACTIVE, updated=2018-06-10T19:52:01.389Z}, DefaultRaftMember{id=3, type=ACTIVE, updated=2018-06-10T19:52:01.389Z}]
21:52:11.391 [raft-server-raft-partition-3] DEBUG i.a.p.raft.roles.FollowerRole - RaftServer{raft-partition-3}{role=FOLLOWER} - Polling DefaultRaftMember{id=2, type=ACTIVE, updated=2018-06-10T19:52:01.389Z} for next term 3
21:52:11.391 [raft-server-raft-partition-3] DEBUG i.a.p.raft.roles.FollowerRole - RaftServer{raft-partition-3}{role=FOLLOWER} - Polling DefaultRaftMember{id=3, type=ACTIVE, updated=2018-06-10T19:52:01.389Z} for next term 3
21:52:11.391 [raft-server-raft-partition-3] TRACE i.a.p.raft.roles.FollowerRole - RaftServer{raft-partition-3}{role=FOLLOWER} - Received PollRequest{term=2, candidate=1, lastLogIndex=0, lastLogTerm=1}
21:52:11.391 [raft-server-raft-partition-3] TRACE i.a.protocols.raft.roles.LeaderRole - RaftServer{raft-partition-3}{role=LEADER} - Received PollRequest{term=2, candidate=1, lastLogIndex=0, lastLogTerm=1}
21:52:11.391 [raft-server-raft-partition-3] DEBUG i.a.p.raft.roles.FollowerRole - RaftServer{raft-partition-3}{role=FOLLOWER} - Accepted PollRequest{term=2, candidate=1, lastLogIndex=0, lastLogTerm=1}: candidate's log is up-to-date
21:52:11.391 [raft-server-raft-partition-3] TRACE i.a.protocols.raft.roles.LeaderRole - RaftServer{raft-partition-3}{role=LEADER} - Sending PollResponse{status=OK, term=2, accepted=false}
21:52:11.391 [raft-server-raft-partition-3] TRACE i.a.p.raft.roles.FollowerRole - RaftServer{raft-partition-3}{role=FOLLOWER} - Sending PollResponse{status=OK, term=2, accepted=true}
21:52:11.391 [raft-server-raft-partition-3] DEBUG i.a.p.raft.roles.FollowerRole - RaftServer{raft-partition-3}{role=FOLLOWER} - Received rejected poll from DefaultRaftMember{id=3, type=ACTIVE, updated=2018-06-10T19:52:01.389Z}
21:52:11.391 [raft-server-raft-partition-3] DEBUG i.a.p.raft.roles.FollowerRole - RaftServer{raft-partition-3}{role=FOLLOWER} - Received accepted poll from DefaultRaftMember{id=2, type=ACTIVE, updated=2018-06-10T19:52:01.389Z}
21:52:11.391 [raft-server-raft-partition-3] INFO  i.a.protocols.raft.impl.RaftContext - RaftServer{raft-partition-3} - Transitioning to CANDIDATE
21:52:11.392 [raft-server-raft-partition-3] TRACE i.a.p.raft.roles.FollowerRole - RaftServer{raft-partition-3}{role=FOLLOWER} - Cancelling heartbeat timer
21:52:11.392 [raft-server-raft-partition-3] INFO  i.a.p.raft.roles.CandidateRole - RaftServer{raft-partition-3}{role=CANDIDATE} - Starting election
21:52:11.392 [raft-server-raft-partition-3] TRACE i.a.p.raft.storage.system.MetaStore - Store term 3
21:52:11.415 [raft-server-raft-partition-3] TRACE i.a.p.r.c.impl.RaftClusterContext - RaftServer{raft-partition-3} - Cancelling join timeout
21:52:11.415 [raft-server-raft-partition-3] DEBUG i.a.p.r.c.impl.RaftClusterContext - RaftServer{raft-partition-3} - Attempting to join via 1
21:52:11.417 [raft-server-system-partition-1] TRACE i.a.p.raft.roles.LeaderAppender - RaftServer{system-partition-1} - Sending AppendRequest{term=1, leader=1, prevLogIndex=13, prevLogTerm=1, entries=0, commitIndex=13} to 2
21:52:11.417 [raft-server-system-partition-1] TRACE i.a.p.raft.roles.LeaderAppender - RaftServer{system-partition-1} - Sending AppendRequest{term=1, leader=1, prevLogIndex=13, prevLogTerm=1, entries=0, commitIndex=13} to 3
21:52:11.418 [raft-server-system-partition-1] TRACE i.a.p.raft.roles.FollowerRole - RaftServer{system-partition-1}{role=FOLLOWER} - Received AppendRequest{term=1, leader=1, prevLogIndex=13, prevLogTerm=1, entries=0, commitIndex=13}
21:52:11.418 [raft-server-system-partition-1] TRACE i.a.p.raft.roles.FollowerRole - RaftServer{system-partition-1}{role=FOLLOWER} - Sending AppendResponse{status=OK, term=1, succeeded=true, lastLogIndex=13}
21:52:11.418 [raft-server-system-partition-1] TRACE i.a.p.raft.roles.FollowerRole - RaftServer{system-partition-1}{role=FOLLOWER} - Received AppendRequest{term=1, leader=1, prevLogIndex=13, prevLogTerm=1, entries=0, commitIndex=13}
21:52:11.418 [raft-server-system-partition-1] TRACE i.a.p.raft.roles.FollowerRole - RaftServer{system-partition-1}{role=FOLLOWER} - Sending AppendResponse{status=OK, term=1, succeeded=true, lastLogIndex=13}
21:52:11.418 [raft-server-system-partition-1] TRACE i.a.p.raft.roles.LeaderAppender - RaftServer{system-partition-1} - Received AppendResponse{status=OK, term=1, succeeded=true, lastLogIndex=13} from 2
21:52:11.418 [raft-server-system-partition-1] TRACE i.a.p.raft.roles.LeaderAppender - RaftServer{system-partition-1} - Sending AppendRequest{term=1, leader=1, prevLogIndex=13, prevLogTerm=1, entries=0, commitIndex=13} to 2
21:52:11.418 [raft-server-system-partition-1] TRACE i.a.p.raft.roles.LeaderAppender - RaftServer{system-partition-1} - Received AppendResponse{status=OK, term=1, succeeded=true, lastLogIndex=13} from 3
21:52:11.418 [raft-server-system-partition-1] TRACE i.a.p.raft.roles.LeaderAppender - RaftServer{system-partition-1} - Sending AppendRequest{term=1, leader=1, prevLogIndex=13, prevLogTerm=1, entries=0, commitIndex=13} to 3
21:52:11.418 [raft-server-system-partition-1] TRACE i.a.p.raft.roles.FollowerRole - RaftServer{system-partition-1}{role=FOLLOWER} - Received AppendRequest{term=1, leader=1, prevLogIndex=13, prevLogTerm=1, entries=0, commitIndex=13}
21:52:11.418 [raft-server-system-partition-1] TRACE i.a.p.raft.roles.FollowerRole - RaftServer{system-partition-1}{role=FOLLOWER} - Sending AppendResponse{status=OK, term=1, succeeded=true, lastLogIndex=13}
21:52:11.418 [raft-server-system-partition-1] TRACE i.a.p.raft.roles.FollowerRole - RaftServer{system-partition-1}{role=FOLLOWER} - Received AppendRequest{term=1, leader=1, prevLogIndex=13, prevLogTerm=1, entries=0, commitIndex=13}
21:52:11.418 [raft-server-system-partition-1] TRACE i.a.p.raft.roles.FollowerRole - RaftServer{system-partition-1}{role=FOLLOWER} - Sending AppendResponse{status=OK, term=1, succeeded=true, lastLogIndex=13}
21:52:11.418 [raft-server-system-partition-1] TRACE i.a.p.raft.roles.LeaderAppender - RaftServer{system-partition-1} - Received AppendResponse{status=OK, term=1, succeeded=true, lastLogIndex=13} from 2
21:52:11.418 [raft-server-system-partition-1] TRACE i.a.p.raft.roles.LeaderAppender - RaftServer{system-partition-1} - Received AppendResponse{status=OK, term=1, succeeded=true, lastLogIndex=13} from 3
21:52:11.423 [raft-server-raft-partition-3] TRACE i.a.p.raft.storage.system.MetaStore - Store vote null
21:52:11.436 [raft-server-raft-partition-3] TRACE i.a.p.r.c.impl.RaftClusterContext - RaftServer{raft-partition-3} - Cancelling join timeout
21:52:11.436 [raft-server-raft-partition-3] DEBUG i.a.p.r.c.impl.RaftClusterContext - RaftServer{raft-partition-3} - Attempting to join via 1
21:52:11.449 [raft-server-raft-partition-3] DEBUG i.a.protocols.raft.impl.RaftContext - RaftServer{raft-partition-3} - Set term 3
21:52:11.449 [raft-server-raft-partition-3] TRACE i.a.p.raft.storage.system.MetaStore - Store vote 1
21:52:11.459 [raft-server-raft-partition-5] TRACE i.a.p.raft.roles.LeaderAppender - RaftServer{raft-partition-5} - Sending AppendRequest{term=1, leader=3, prevLogIndex=1, prevLogTerm=1, entries=0, commitIndex=1} to 1
21:52:11.459 [raft-server-raft-partition-5] TRACE i.a.p.raft.roles.LeaderAppender - RaftServer{raft-partition-5} - Sending AppendRequest{term=1, leader=3, prevLogIndex=1, prevLogTerm=1, entries=0, commitIndex=1} to 2
21:52:11.459 [raft-server-raft-partition-5] TRACE i.a.p.raft.roles.FollowerRole - RaftServer{raft-partition-5}{role=FOLLOWER} - Received AppendRequest{term=1, leader=3, prevLogIndex=1, prevLogTerm=1, entries=0, commitIndex=1}
21:52:11.459 [raft-server-raft-partition-7] TRACE i.a.p.raft.roles.LeaderAppender - RaftServer{raft-partition-7} - Sending AppendRequest{term=1, leader=2, prevLogIndex=1, prevLogTerm=1, entries=0, commitIndex=1} to 1
21:52:11.459 [raft-server-raft-partition-5] TRACE i.a.p.raft.roles.FollowerRole - RaftServer{raft-partition-5}{role=FOLLOWER} - Sending AppendResponse{status=OK, term=1, succeeded=true, lastLogIndex=1}
21:52:11.459 [raft-server-raft-partition-5] TRACE i.a.p.raft.roles.FollowerRole - RaftServer{raft-partition-5}{role=FOLLOWER} - Received AppendRequest{term=1, leader=3, prevLogIndex=1, prevLogTerm=1, entries=0, commitIndex=1}
21:52:11.459 [raft-server-raft-partition-7] TRACE i.a.p.raft.roles.LeaderAppender - RaftServer{raft-partition-7} - Sending AppendRequest{term=1, leader=2, prevLogIndex=1, prevLogTerm=1, entries=0, commitIndex=1} to 3
21:52:11.459 [raft-server-raft-partition-5] TRACE i.a.p.raft.roles.FollowerRole - RaftServer{raft-partition-5}{role=FOLLOWER} - Sending AppendResponse{status=OK, term=1, succeeded=true, lastLogIndex=1}
21:52:11.459 [raft-server-raft-partition-7] TRACE i.a.p.raft.roles.FollowerRole - RaftServer{raft-partition-7}{role=FOLLOWER} - Received AppendRequest{term=1, leader=2, prevLogIndex=1, prevLogTerm=1, entries=0, commitIndex=1}
21:52:11.459 [raft-server-raft-partition-5] TRACE i.a.p.raft.roles.LeaderAppender - RaftServer{raft-partition-5} - Received AppendResponse{status=OK, term=1, succeeded=true, lastLogIndex=1} from 1
21:52:11.459 [raft-server-raft-partition-7] TRACE i.a.p.raft.roles.FollowerRole - RaftServer{raft-partition-7}{role=FOLLOWER} - Sending AppendResponse{status=OK, term=1, succeeded=true, lastLogIndex=1}
21:52:11.459 [raft-server-raft-partition-7] TRACE i.a.p.raft.roles.FollowerRole - RaftServer{raft-partition-7}{role=FOLLOWER} - Received AppendRequest{term=1, leader=2, prevLogIndex=1, prevLogTerm=1, entries=0, commitIndex=1}
21:52:11.459 [raft-server-raft-partition-5] TRACE i.a.p.raft.roles.LeaderAppender - RaftServer{raft-partition-5} - Sending AppendRequest{term=1, leader=3, prevLogIndex=1, prevLogTerm=1, entries=0, commitIndex=1} to 1
21:52:11.460 [raft-server-raft-partition-7] TRACE i.a.p.raft.roles.FollowerRole - RaftServer{raft-partition-7}{role=FOLLOWER} - Sending AppendResponse{status=OK, term=1, succeeded=true, lastLogIndex=1}
21:52:11.460 [raft-server-raft-partition-7] TRACE i.a.p.raft.roles.LeaderAppender - RaftServer{raft-partition-7} - Received AppendResponse{status=OK, term=1, succeeded=true, lastLogIndex=1} from 1
21:52:11.460 [raft-server-raft-partition-5] TRACE i.a.p.raft.roles.LeaderAppender - RaftServer{raft-partition-5} - Received AppendResponse{status=OK, term=1, succeeded=true, lastLogIndex=1} from 2
21:52:11.460 [raft-server-raft-partition-7] TRACE i.a.p.raft.roles.LeaderAppender - RaftServer{raft-partition-7} - Sending AppendRequest{term=1, leader=2, prevLogIndex=1, prevLogTerm=1, entries=0, commitIndex=1} to 1
21:52:11.460 [raft-server-raft-partition-5] TRACE i.a.p.raft.roles.FollowerRole - RaftServer{raft-partition-5}{role=FOLLOWER} - Received AppendRequest{term=1, leader=3, prevLogIndex=1, prevLogTerm=1, entries=0, commitIndex=1}
21:52:11.460 [raft-server-raft-partition-5] TRACE i.a.p.raft.roles.LeaderAppender - RaftServer{raft-partition-5} - Sending AppendRequest{term=1, leader=3, prevLogIndex=1, prevLogTerm=1, entries=0, commitIndex=1} to 2
21:52:11.460 [raft-server-raft-partition-7] TRACE i.a.p.raft.roles.LeaderAppender - RaftServer{raft-partition-7} - Received AppendResponse{status=OK, term=1, succeeded=true, lastLogIndex=1} from 3
21:52:11.460 [raft-server-raft-partition-5] TRACE i.a.p.raft.roles.FollowerRole - RaftServer{raft-partition-5}{role=FOLLOWER} - Sending AppendResponse{status=OK, term=1, succeeded=true, lastLogIndex=1}
21:52:11.460 [raft-server-raft-partition-7] TRACE i.a.p.raft.roles.FollowerRole - RaftServer{raft-partition-7}{role=FOLLOWER} - Received AppendRequest{term=1, leader=2, prevLogIndex=1, prevLogTerm=1, entries=0, commitIndex=1}
21:52:11.460 [raft-server-raft-partition-7] TRACE i.a.p.raft.roles.LeaderAppender - RaftServer{raft-partition-7} - Sending AppendRequest{term=1, leader=2, prevLogIndex=1, prevLogTerm=1, entries=0, commitIndex=1} to 3
21:52:11.460 [raft-server-raft-partition-5] TRACE i.a.p.raft.roles.FollowerRole - RaftServer{raft-partition-5}{role=FOLLOWER} - Received AppendRequest{term=1, leader=3, prevLogIndex=1, prevLogTerm=1, entries=0, commitIndex=1}
21:52:11.460 [raft-server-raft-partition-7] TRACE i.a.p.raft.roles.FollowerRole - RaftServer{raft-partition-7}{role=FOLLOWER} - Sending AppendResponse{status=OK, term=1, succeeded=true, lastLogIndex=1}
21:52:11.460 [raft-server-raft-partition-5] TRACE i.a.p.raft.roles.LeaderAppender - RaftServer{raft-partition-5} - Received AppendResponse{status=OK, term=1, succeeded=true, lastLogIndex=1} from 1
21:52:11.460 [raft-server-raft-partition-5] TRACE i.a.p.raft.roles.FollowerRole - RaftServer{raft-partition-5}{role=FOLLOWER} - Sending AppendResponse{status=OK, term=1, succeeded=true, lastLogIndex=1}
21:52:11.460 [raft-server-raft-partition-7] TRACE i.a.p.raft.roles.FollowerRole - RaftServer{raft-partition-7}{role=FOLLOWER} - Received AppendRequest{term=1, leader=2, prevLogIndex=1, prevLogTerm=1, entries=0, commitIndex=1}
21:52:11.460 [raft-server-raft-partition-5] TRACE i.a.p.raft.roles.LeaderAppender - RaftServer{raft-partition-5} - Sending AppendRequest{term=1, leader=3, prevLogIndex=1, prevLogTerm=1, entries=0, commitIndex=1} to 1
21:52:11.461 [raft-server-raft-partition-7] TRACE i.a.p.raft.roles.LeaderAppender - RaftServer{raft-partition-7} - Received AppendResponse{status=OK, term=1, succeeded=true, lastLogIndex=1} from 1
21:52:11.461 [raft-server-raft-partition-7] TRACE i.a.p.raft.roles.FollowerRole - RaftServer{raft-partition-7}{role=FOLLOWER} - Sending AppendResponse{status=OK, term=1, succeeded=true, lastLogIndex=1}
21:52:11.461 [raft-server-raft-partition-5] TRACE i.a.p.raft.roles.LeaderAppender - RaftServer{raft-partition-5} - Received AppendResponse{status=OK, term=1, succeeded=true, lastLogIndex=1} from 2
21:52:11.461 [raft-server-raft-partition-5] TRACE i.a.p.raft.roles.FollowerRole - RaftServer{raft-partition-5}{role=FOLLOWER} - Received AppendRequest{term=1, leader=3, prevLogIndex=1, prevLogTerm=1, entries=0, commitIndex=1}
21:52:11.461 [raft-server-raft-partition-7] TRACE i.a.p.raft.roles.LeaderAppender - RaftServer{raft-partition-7} - Received AppendResponse{status=OK, term=1, succeeded=true, lastLogIndex=1} from 3
21:52:11.461 [raft-server-raft-partition-5] TRACE i.a.p.raft.roles.FollowerRole - RaftServer{raft-partition-5}{role=FOLLOWER} - Sending AppendResponse{status=OK, term=1, succeeded=true, lastLogIndex=1}
21:52:11.461 [raft-server-raft-partition-5] TRACE i.a.p.raft.roles.LeaderAppender - RaftServer{raft-partition-5} - Received AppendResponse{status=OK, term=1, succeeded=true, lastLogIndex=1} from 1
21:52:11.474 [raft-server-raft-partition-3] DEBUG i.a.protocols.raft.impl.RaftContext - RaftServer{raft-partition-3} - Voted for 1
21:52:11.474 [raft-server-raft-partition-3] DEBUG i.a.p.raft.roles.CandidateRole - RaftServer{raft-partition-3}{role=CANDIDATE} - Requesting votes for term 3
21:52:11.474 [raft-server-raft-partition-3] DEBUG i.a.p.raft.roles.CandidateRole - RaftServer{raft-partition-3}{role=CANDIDATE} - Requesting vote from DefaultRaftMember{id=2, type=ACTIVE, updated=2018-06-10T19:52:01.389Z} for term 3
21:52:11.474 [raft-server-raft-partition-3] DEBUG i.a.p.raft.roles.CandidateRole - RaftServer{raft-partition-3}{role=CANDIDATE} - Requesting vote from DefaultRaftMember{id=3, type=ACTIVE, updated=2018-06-10T19:52:01.389Z} for term 3
21:52:11.474 [raft-server-raft-partition-3] TRACE i.a.p.raft.roles.CandidateRole - RaftServer{raft-partition-3}{role=CANDIDATE} - Received JoinRequest{member=DefaultRaftMember{id=3, type=ACTIVE, updated=2018-06-10T19:52:01.412Z}}
21:52:11.474 [raft-server-raft-partition-3] TRACE i.a.p.raft.roles.CandidateRole - RaftServer{raft-partition-3}{role=CANDIDATE} - Sending JoinResponse{status=ERROR, error=RaftError{type=NO_LEADER, message=null}}
21:52:11.474 [raft-server-raft-partition-3] TRACE i.a.p.raft.roles.FollowerRole - RaftServer{raft-partition-3}{role=FOLLOWER} - Received VoteRequest{term=3, candidate=1, lastLogIndex=0, lastLogTerm=1}
21:52:11.474 [raft-server-raft-partition-3] TRACE i.a.p.r.c.impl.RaftClusterContext - RaftServer{raft-partition-3} - Cancelling join timeout
21:52:11.474 [raft-server-raft-partition-3] TRACE i.a.p.raft.storage.system.MetaStore - Store term 3
21:52:11.474 [raft-server-raft-partition-3] DEBUG i.a.p.r.c.impl.RaftClusterContext - RaftServer{raft-partition-3} - Attempting to join via 2
21:52:11.474 [raft-server-raft-partition-3] TRACE i.a.p.raft.storage.system.MetaStore - Store term 3
21:52:11.475 [raft-server-raft-partition-3] TRACE i.a.p.raft.roles.CandidateRole - RaftServer{raft-partition-3}{role=CANDIDATE} - Received JoinRequest{member=DefaultRaftMember{id=2, type=ACTIVE, updated=2018-06-10T19:52:01.433Z}}
21:52:11.475 [raft-server-raft-partition-3] TRACE i.a.p.raft.roles.CandidateRole - RaftServer{raft-partition-3}{role=CANDIDATE} - Sending JoinResponse{status=ERROR, error=RaftError{type=NO_LEADER, message=null}}
21:52:11.493 [raft-server-raft-partition-4] TRACE i.a.p.raft.roles.LeaderAppender - RaftServer{raft-partition-4} - Sending AppendRequest{term=1, leader=1, prevLogIndex=1, prevLogTerm=1, entries=0, commitIndex=1} to 2
21:52:11.493 [raft-server-raft-partition-4] TRACE i.a.p.raft.roles.LeaderAppender - RaftServer{raft-partition-4} - Sending AppendRequest{term=1, leader=1, prevLogIndex=1, prevLogTerm=1, entries=0, commitIndex=1} to 3
21:52:11.493 [raft-server-raft-partition-4] TRACE i.a.p.raft.roles.FollowerRole - RaftServer{raft-partition-4}{role=FOLLOWER} - Received AppendRequest{term=1, leader=1, prevLogIndex=1, prevLogTerm=1, entries=0, commitIndex=1}
21:52:11.493 [raft-server-raft-partition-4] TRACE i.a.p.raft.roles.FollowerRole - RaftServer{raft-partition-4}{role=FOLLOWER} - Received AppendRequest{term=1, leader=1, prevLogIndex=1, prevLogTerm=1, entries=0, commitIndex=1}
21:52:11.493 [raft-server-raft-partition-4] TRACE i.a.p.raft.roles.FollowerRole - RaftServer{raft-partition-4}{role=FOLLOWER} - Sending AppendResponse{status=OK, term=1, succeeded=true, lastLogIndex=1}
21:52:11.493 [raft-server-raft-partition-4] TRACE i.a.p.raft.roles.FollowerRole - RaftServer{raft-partition-4}{role=FOLLOWER} - Sending AppendResponse{status=OK, term=1, succeeded=true, lastLogIndex=1}
21:52:11.494 [raft-server-raft-partition-4] TRACE i.a.p.raft.roles.LeaderAppender - RaftServer{raft-partition-4} - Received AppendResponse{status=OK, term=1, succeeded=true, lastLogIndex=1} from 3
21:52:11.494 [raft-server-raft-partition-4] TRACE i.a.p.raft.roles.LeaderAppender - RaftServer{raft-partition-4} - Sending AppendRequest{term=1, leader=1, prevLogIndex=1, prevLogTerm=1, entries=0, commitIndex=1} to 3
21:52:11.494 [raft-server-raft-partition-4] TRACE i.a.p.raft.roles.LeaderAppender - RaftServer{raft-partition-4} - Received AppendResponse{status=OK, term=1, succeeded=true, lastLogIndex=1} from 2
21:52:11.494 [raft-server-raft-partition-4] TRACE i.a.p.raft.roles.LeaderAppender - RaftServer{raft-partition-4} - Sending AppendRequest{term=1, leader=1, prevLogIndex=1, prevLogTerm=1, entries=0, commitIndex=1} to 2
21:52:11.494 [raft-server-raft-partition-4] TRACE i.a.p.raft.roles.FollowerRole - RaftServer{raft-partition-4}{role=FOLLOWER} - Received AppendRequest{term=1, leader=1, prevLogIndex=1, prevLogTerm=1, entries=0, commitIndex=1}
21:52:11.494 [raft-server-raft-partition-4] TRACE i.a.p.raft.roles.FollowerRole - RaftServer{raft-partition-4}{role=FOLLOWER} - Sending AppendResponse{status=OK, term=1, succeeded=true, lastLogIndex=1}
21:52:11.494 [raft-server-raft-partition-4] TRACE i.a.p.raft.roles.LeaderAppender - RaftServer{raft-partition-4} - Received AppendResponse{status=OK, term=1, succeeded=true, lastLogIndex=1} from 3
21:52:11.494 [raft-server-raft-partition-4] TRACE i.a.p.raft.roles.FollowerRole - RaftServer{raft-partition-4}{role=FOLLOWER} - Received AppendRequest{term=1, leader=1, prevLogIndex=1, prevLogTerm=1, entries=0, commitIndex=1}
21:52:11.494 [raft-server-raft-partition-4] TRACE i.a.p.raft.roles.FollowerRole - RaftServer{raft-partition-4}{role=FOLLOWER} - Sending AppendResponse{status=OK, term=1, succeeded=true, lastLogIndex=1}
21:52:11.494 [raft-server-raft-partition-4] TRACE i.a.p.raft.roles.LeaderAppender - RaftServer{raft-partition-4} - Received AppendResponse{status=OK, term=1, succeeded=true, lastLogIndex=1} from 2
21:52:11.499 [raft-server-raft-partition-3] TRACE i.a.p.raft.storage.system.MetaStore - Store vote null
21:52:11.524 [raft-server-raft-partition-3] TRACE i.a.p.raft.storage.system.MetaStore - Store vote null
21:52:11.549 [raft-server-raft-partition-3] DEBUG i.a.protocols.raft.impl.RaftContext - RaftServer{raft-partition-3} - Set term 3
21:52:11.549 [raft-server-raft-partition-3] DEBUG i.a.p.raft.roles.FollowerRole - RaftServer{raft-partition-3}{role=FOLLOWER} - Accepted VoteRequest{term=3, candidate=1, lastLogIndex=0, lastLogTerm=1}: candidate's log is up-to-date
21:52:11.549 [raft-server-raft-partition-3] TRACE i.a.p.raft.storage.system.MetaStore - Store vote 1
21:52:11.567 [raft-server-raft-partition-2] TRACE i.a.p.raft.roles.LeaderAppender - RaftServer{raft-partition-2} - Sending AppendRequest{term=1, leader=1, prevLogIndex=1, prevLogTerm=1, entries=0, commitIndex=1} to 2
21:52:11.568 [raft-server-raft-partition-2] TRACE i.a.p.raft.roles.LeaderAppender - RaftServer{raft-partition-2} - Sending AppendRequest{term=1, leader=1, prevLogIndex=1, prevLogTerm=1, entries=0, commitIndex=1} to 3
21:52:11.568 [raft-server-raft-partition-2] TRACE i.a.p.raft.roles.FollowerRole - RaftServer{raft-partition-2}{role=FOLLOWER} - Received AppendRequest{term=1, leader=1, prevLogIndex=1, prevLogTerm=1, entries=0, commitIndex=1}
21:52:11.568 [raft-server-raft-partition-2] TRACE i.a.p.raft.roles.FollowerRole - RaftServer{raft-partition-2}{role=FOLLOWER} - Received AppendRequest{term=1, leader=1, prevLogIndex=1, prevLogTerm=1, entries=0, commitIndex=1}
21:52:11.568 [raft-server-raft-partition-2] TRACE i.a.p.raft.roles.FollowerRole - RaftServer{raft-partition-2}{role=FOLLOWER} - Sending AppendResponse{status=OK, term=1, succeeded=true, lastLogIndex=1}
21:52:11.568 [raft-server-raft-partition-2] TRACE i.a.p.raft.roles.FollowerRole - RaftServer{raft-partition-2}{role=FOLLOWER} - Sending AppendResponse{status=OK, term=1, succeeded=true, lastLogIndex=1}
21:52:11.568 [raft-server-raft-partition-2] TRACE i.a.p.raft.roles.LeaderAppender - RaftServer{raft-partition-2} - Received AppendResponse{status=OK, term=1, succeeded=true, lastLogIndex=1} from 2
21:52:11.568 [raft-server-raft-partition-2] TRACE i.a.p.raft.roles.LeaderAppender - RaftServer{raft-partition-2} - Sending AppendRequest{term=1, leader=1, prevLogIndex=1, prevLogTerm=1, entries=0, commitIndex=1} to 2
21:52:11.568 [raft-server-raft-partition-2] TRACE i.a.p.raft.roles.LeaderAppender - RaftServer{raft-partition-2} - Received AppendResponse{status=OK, term=1, succeeded=true, lastLogIndex=1} from 3
21:52:11.568 [raft-server-raft-partition-2] TRACE i.a.p.raft.roles.FollowerRole - RaftServer{raft-partition-2}{role=FOLLOWER} - Received AppendRequest{term=1, leader=1, prevLogIndex=1, prevLogTerm=1, entries=0, commitIndex=1}
21:52:11.568 [raft-server-raft-partition-2] TRACE i.a.p.raft.roles.FollowerRole - RaftServer{raft-partition-2}{role=FOLLOWER} - Sending AppendResponse{status=OK, term=1, succeeded=true, lastLogIndex=1}
21:52:11.569 [raft-server-raft-partition-2] TRACE i.a.p.raft.roles.LeaderAppender - RaftServer{raft-partition-2} - Received AppendResponse{status=OK, term=1, succeeded=true, lastLogIndex=1} from 2
21:52:11.574 [raft-server-raft-partition-3] DEBUG i.a.protocols.raft.impl.RaftContext - RaftServer{raft-partition-3} - Set term 3
21:52:11.574 [raft-server-raft-partition-3] DEBUG i.a.protocols.raft.roles.LeaderRole - RaftServer{raft-partition-3}{role=LEADER} - Received greater term
21:52:11.574 [raft-server-raft-partition-3] INFO  i.a.protocols.raft.impl.RaftContext - RaftServer{raft-partition-3} - Transitioning to FOLLOWER
21:52:11.574 [raft-server-raft-partition-3] TRACE i.a.protocols.raft.roles.LeaderRole - RaftServer{raft-partition-3}{role=LEADER} - Cancelling append timer
21:52:11.574 [raft-server-raft-partition-3] TRACE i.a.protocols.raft.roles.LeaderRole - RaftServer{raft-partition-3}{role=LEADER} - Received VoteRequest{term=3, candidate=1, lastLogIndex=0, lastLogTerm=1}
21:52:11.574 [raft-server-raft-partition-3] DEBUG i.a.protocols.raft.roles.LeaderRole - RaftServer{raft-partition-3}{role=LEADER} - Rejected VoteRequest{term=3, candidate=1, lastLogIndex=0, lastLogTerm=1}: candidate's last log entry (1) is at a lower term than the local log (2)
21:52:11.574 [raft-server-raft-partition-3] TRACE i.a.protocols.raft.roles.LeaderRole - RaftServer{raft-partition-3}{role=LEADER} - Sending VoteResponse{status=OK, term=3, voted=false}
21:52:11.574 [raft-server-raft-partition-3] TRACE i.a.p.r.c.impl.RaftClusterContext - RaftServer{raft-partition-3} - Cancelling join timeout
21:52:11.574 [raft-server-raft-partition-3] DEBUG i.a.p.r.c.impl.RaftClusterContext - RaftServer{raft-partition-3} - Failed to join 1
21:52:11.575 [raft-server-raft-partition-3] DEBUG i.a.p.r.c.impl.RaftClusterContext - RaftServer{raft-partition-3} - Attempting to join via 2
21:52:11.575 [raft-server-raft-partition-3] DEBUG i.a.p.raft.roles.CandidateRole - RaftServer{raft-partition-3}{role=CANDIDATE} - Received rejected vote from DefaultRaftMember{id=3, type=ACTIVE, updated=2018-06-10T19:52:01.389Z}
21:52:11.576 [raft-server-raft-partition-6] TRACE i.a.p.raft.roles.LeaderAppender - RaftServer{raft-partition-6} - Sending AppendRequest{term=1, leader=1, prevLogIndex=1, prevLogTerm=1, entries=0, commitIndex=1} to 2
21:52:11.576 [raft-server-raft-partition-6] TRACE i.a.p.raft.roles.LeaderAppender - RaftServer{raft-partition-6} - Sending AppendRequest{term=1, leader=1, prevLogIndex=1, prevLogTerm=1, entries=0, commitIndex=1} to 3
21:52:11.576 [raft-server-raft-partition-6] TRACE i.a.p.raft.roles.FollowerRole - RaftServer{raft-partition-6}{role=FOLLOWER} - Received AppendRequest{term=1, leader=1, prevLogIndex=1, prevLogTerm=1, entries=0, commitIndex=1}
21:52:11.576 [raft-server-raft-partition-6] TRACE i.a.p.raft.roles.FollowerRole - RaftServer{raft-partition-6}{role=FOLLOWER} - Sending AppendResponse{status=OK, term=1, succeeded=true, lastLogIndex=1}
21:52:11.576 [raft-server-raft-partition-6] TRACE i.a.p.raft.roles.FollowerRole - RaftServer{raft-partition-6}{role=FOLLOWER} - Received AppendRequest{term=1, leader=1, prevLogIndex=1, prevLogTerm=1, entries=0, commitIndex=1}
21:52:11.576 [raft-server-raft-partition-6] TRACE i.a.p.raft.roles.FollowerRole - RaftServer{raft-partition-6}{role=FOLLOWER} - Sending AppendResponse{status=OK, term=1, succeeded=true, lastLogIndex=1}
21:52:11.576 [raft-server-raft-partition-6] TRACE i.a.p.raft.roles.LeaderAppender - RaftServer{raft-partition-6} - Received AppendResponse{status=OK, term=1, succeeded=true, lastLogIndex=1} from 2
21:52:11.576 [raft-server-raft-partition-6] TRACE i.a.p.raft.roles.LeaderAppender - RaftServer{raft-partition-6} - Sending AppendRequest{term=1, leader=1, prevLogIndex=1, prevLogTerm=1, entries=0, commitIndex=1} to 2
21:52:11.576 [raft-server-raft-partition-6] TRACE i.a.p.raft.roles.LeaderAppender - RaftServer{raft-partition-6} - Received AppendResponse{status=OK, term=1, succeeded=true, lastLogIndex=1} from 3
21:52:11.576 [raft-server-raft-partition-6] TRACE i.a.p.raft.roles.LeaderAppender - RaftServer{raft-partition-6} - Sending AppendRequest{term=1, leader=1, prevLogIndex=1, prevLogTerm=1, entries=0, commitIndex=1} to 3
21:52:11.576 [raft-server-raft-partition-6] TRACE i.a.p.raft.roles.FollowerRole - RaftServer{raft-partition-6}{role=FOLLOWER} - Received AppendRequest{term=1, leader=1, prevLogIndex=1, prevLogTerm=1, entries=0, commitIndex=1}
21:52:11.577 [raft-server-raft-partition-6] TRACE i.a.p.raft.roles.FollowerRole - RaftServer{raft-partition-6}{role=FOLLOWER} - Sending AppendResponse{status=OK, term=1, succeeded=true, lastLogIndex=1}
21:52:11.577 [raft-server-raft-partition-6] TRACE i.a.p.raft.roles.FollowerRole - RaftServer{raft-partition-6}{role=FOLLOWER} - Received AppendRequest{term=1, leader=1, prevLogIndex=1, prevLogTerm=1, entries=0, commitIndex=1}
21:52:11.577 [raft-server-raft-partition-6] TRACE i.a.p.raft.roles.FollowerRole - RaftServer{raft-partition-6}{role=FOLLOWER} - Sending AppendResponse{status=OK, term=1, succeeded=true, lastLogIndex=1}
21:52:11.577 [raft-server-raft-partition-6] TRACE i.a.p.raft.roles.LeaderAppender - RaftServer{raft-partition-6} - Received AppendResponse{status=OK, term=1, succeeded=true, lastLogIndex=1} from 2
21:52:11.577 [raft-server-raft-partition-6] TRACE i.a.p.raft.roles.LeaderAppender - RaftServer{raft-partition-6} - Sending AppendRequest{term=1, leader=1, prevLogIndex=1, prevLogTerm=1, entries=0, commitIndex=1} to 2
21:52:11.577 [raft-server-raft-partition-6] TRACE i.a.p.raft.roles.LeaderAppender - RaftServer{raft-partition-6} - Received AppendResponse{status=OK, term=1, succeeded=true, lastLogIndex=1} from 3
21:52:11.577 [raft-server-raft-partition-6] TRACE i.a.p.raft.roles.LeaderAppender - RaftServer{raft-partition-6} - Sending AppendRequest{term=1, leader=1, prevLogIndex=1, prevLogTerm=1, entries=0, commitIndex=1} to 3
21:52:11.577 [raft-server-raft-partition-6] TRACE i.a.p.raft.roles.FollowerRole - RaftServer{raft-partition-6}{role=FOLLOWER} - Received AppendRequest{term=1, leader=1, prevLogIndex=1, prevLogTerm=1, entries=0, commitIndex=1}
21:52:11.577 [raft-server-raft-partition-6] TRACE i.a.p.raft.roles.FollowerRole - RaftServer{raft-partition-6}{role=FOLLOWER} - Sending AppendResponse{status=OK, term=1, succeeded=true, lastLogIndex=1}
21:52:11.577 [raft-server-raft-partition-6] TRACE i.a.p.raft.roles.FollowerRole - RaftServer{raft-partition-6}{role=FOLLOWER} - Received AppendRequest{term=1, leader=1, prevLogIndex=1, prevLogTerm=1, entries=0, commitIndex=1}
21:52:11.577 [raft-server-raft-partition-6] TRACE i.a.p.raft.roles.FollowerRole - RaftServer{raft-partition-6}{role=FOLLOWER} - Sending AppendResponse{status=OK, term=1, succeeded=true, lastLogIndex=1}
21:52:11.577 [raft-server-raft-partition-6] TRACE i.a.p.raft.roles.LeaderAppender - RaftServer{raft-partition-6} - Received AppendResponse{status=OK, term=1, succeeded=true, lastLogIndex=1} from 2
21:52:11.577 [raft-server-raft-partition-6] TRACE i.a.p.raft.roles.LeaderAppender - RaftServer{raft-partition-6} - Received AppendResponse{status=OK, term=1, succeeded=true, lastLogIndex=1} from 3
21:52:11.599 [raft-server-raft-partition-3] DEBUG i.a.protocols.raft.impl.RaftContext - RaftServer{raft-partition-3} - Voted for 1
21:52:11.599 [raft-server-raft-partition-3] TRACE i.a.p.raft.roles.FollowerRole - RaftServer{raft-partition-3}{role=FOLLOWER} - Sending VoteResponse{status=OK, term=3, voted=true}
21:52:11.599 [raft-server-raft-partition-3] TRACE i.a.p.raft.roles.FollowerRole - RaftServer{raft-partition-3}{role=FOLLOWER} - Received JoinRequest{member=DefaultRaftMember{id=1, type=ACTIVE, updated=2018-06-10T19:52:01.389Z}}
21:52:11.599 [raft-server-raft-partition-3] TRACE i.a.p.raft.roles.FollowerRole - RaftServer{raft-partition-3}{role=FOLLOWER} - Sending JoinResponse{status=ERROR, error=RaftError{type=NO_LEADER, message=null}}
21:52:11.599 [raft-server-raft-partition-3] TRACE i.a.p.r.c.impl.RaftClusterContext - RaftServer{raft-partition-3} - Cancelling join timeout
21:52:11.599 [raft-server-raft-partition-3] DEBUG i.a.p.r.c.impl.RaftClusterContext - RaftServer{raft-partition-3} - Failed to join 1
21:52:11.599 [raft-server-raft-partition-3] DEBUG i.a.p.raft.roles.CandidateRole - RaftServer{raft-partition-3}{role=CANDIDATE} - Received successful vote from DefaultRaftMember{id=2, type=ACTIVE, updated=2018-06-10T19:52:01.389Z}
21:52:11.599 [raft-server-raft-partition-3] DEBUG i.a.p.r.c.impl.RaftClusterContext - RaftServer{raft-partition-3} - Attempting to join via 3
21:52:11.599 [raft-server-raft-partition-3] INFO  i.a.protocols.raft.impl.RaftContext - RaftServer{raft-partition-3} - Transitioning to LEADER
21:52:11.599 [raft-server-raft-partition-3] DEBUG i.a.p.raft.roles.CandidateRole - RaftServer{raft-partition-3}{role=CANDIDATE} - Cancelling election
21:52:11.599 [raft-server-raft-partition-3] TRACE i.a.p.raft.roles.FollowerRole - RaftServer{raft-partition-3}{role=FOLLOWER} - Received JoinRequest{member=DefaultRaftMember{id=3, type=ACTIVE, updated=2018-06-10T19:52:01.412Z}}
21:52:11.599 [raft-server-raft-partition-3] INFO  i.a.protocols.raft.impl.RaftContext - RaftServer{raft-partition-3} - Found leader 1
21:52:11.599 [raft-server-raft-partition-3] TRACE i.a.p.raft.roles.FollowerRole - RaftServer{raft-partition-3}{role=FOLLOWER} - Sending JoinResponse{status=ERROR, error=RaftError{type=NO_LEADER, message=null}}
21:52:11.599 [raft-server-raft-partition-3] TRACE i.a.p.raft.storage.system.MetaStore - Store vote null
21:52:11.600 [raft-server-raft-partition-3] TRACE i.a.p.raft.roles.FollowerRole - RaftServer{raft-partition-3}{role=FOLLOWER} - Received JoinRequest{member=DefaultRaftMember{id=2, type=ACTIVE, updated=2018-06-10T19:52:01.433Z}}
21:52:11.600 [raft-server-raft-partition-3] TRACE i.a.p.raft.roles.FollowerRole - RaftServer{raft-partition-3}{role=FOLLOWER} - Sending JoinResponse{status=ERROR, error=RaftError{type=NO_LEADER, message=null}}
21:52:11.600 [raft-server-raft-partition-3] TRACE i.a.p.r.c.impl.RaftClusterContext - RaftServer{raft-partition-3} - Cancelling join timeout
21:52:11.600 [raft-server-raft-partition-3] DEBUG i.a.p.r.c.impl.RaftClusterContext - RaftServer{raft-partition-3} - Failed to join 2
21:52:11.600 [raft-server-raft-partition-3] DEBUG i.a.p.r.c.impl.RaftClusterContext - RaftServer{raft-partition-3} - Failed to join cluster, retrying...
21:52:11.600 [raft-server-raft-partition-3] TRACE i.a.p.r.c.impl.RaftClusterContext - RaftServer{raft-partition-3} - Cancelling join timeout
21:52:11.600 [raft-server-raft-partition-3] DEBUG i.a.p.r.c.impl.RaftClusterContext - RaftServer{raft-partition-3} - Failed to join 3
21:52:11.600 [raft-server-raft-partition-3] DEBUG i.a.p.r.c.impl.RaftClusterContext - RaftServer{raft-partition-3} - Failed to join cluster, retrying...
21:52:11.624 [raft-server-raft-partition-3] TRACE i.a.protocols.raft.roles.LeaderRole - RaftServer{raft-partition-3}{role=LEADER} - Appended Indexed{index=1, entry=InitializeEntry{term=3, timestamp=2018-06-10 09:52:11,599}}
21:52:11.624 [raft-server-raft-partition-3] DEBUG i.a.p.raft.roles.LeaderAppender - RaftServer{raft-partition-3} - Configuring 2
21:52:11.624 [raft-server-raft-partition-3] TRACE i.a.p.raft.roles.LeaderAppender - RaftServer{raft-partition-3} - Sending ConfigureRequest{term=3, leader=1, index=0, timestamp=1528660321389, members=[DefaultRaftMember{id=1, type=ACTIVE, updated=2018-06-10T19:52:01.389Z}, DefaultRaftMember{id=2, type=ACTIVE, updated=2018-06-10T19:52:01.389Z}, DefaultRaftMember{id=3, type=ACTIVE, updated=2018-06-10T19:52:01.389Z}]} to 2
21:52:11.624 [raft-server-raft-partition-3] DEBUG i.a.p.raft.roles.LeaderAppender - RaftServer{raft-partition-3} - Configuring 3
21:52:11.624 [raft-server-raft-partition-3] TRACE i.a.p.raft.roles.LeaderAppender - RaftServer{raft-partition-3} - Sending ConfigureRequest{term=3, leader=1, index=0, timestamp=1528660321389, members=[DefaultRaftMember{id=1, type=ACTIVE, updated=2018-06-10T19:52:01.389Z}, DefaultRaftMember{id=2, type=ACTIVE, updated=2018-06-10T19:52:01.389Z}, DefaultRaftMember{id=3, type=ACTIVE, updated=2018-06-10T19:52:01.389Z}]} to 3
21:52:11.624 [raft-server-raft-partition-3] TRACE i.a.protocols.raft.roles.LeaderRole - RaftServer{raft-partition-3}{role=LEADER} - Starting append timer
21:52:11.624 [raft-server-raft-partition-3] TRACE i.a.p.r.c.impl.RaftClusterContext - RaftServer{raft-partition-3} - Cancelling join timeout
21:52:11.624 [raft-server-raft-partition-3] TRACE i.a.p.raft.roles.FollowerRole - RaftServer{raft-partition-3}{role=FOLLOWER} - Received ConfigureRequest{term=3, leader=1, index=0, timestamp=1528660321389, members=[DefaultRaftMember{id=1, type=ACTIVE, updated=2018-06-10T19:52:01.389Z}, DefaultRaftMember{id=2, type=ACTIVE, updated=2018-06-10T19:52:01.389Z}, DefaultRaftMember{id=3, type=ACTIVE, updated=2018-06-10T19:52:01.389Z}]}
21:52:11.624 [raft-server-raft-partition-3] DEBUG i.a.p.r.c.impl.RaftClusterContext - RaftServer{raft-partition-3} - Failed to join 2
21:52:11.625 [raft-server-raft-partition-3] INFO  i.a.protocols.raft.impl.RaftContext - RaftServer{raft-partition-3} - Found leader 1
21:52:11.625 [raft-server-raft-partition-3] TRACE i.a.p.raft.roles.FollowerRole - RaftServer{raft-partition-3}{role=FOLLOWER} - Received ConfigureRequest{term=3, leader=1, index=0, timestamp=1528660321389, members=[DefaultRaftMember{id=1, type=ACTIVE, updated=2018-06-10T19:52:01.389Z}, DefaultRaftMember{id=2, type=ACTIVE, updated=2018-06-10T19:52:01.389Z}, DefaultRaftMember{id=3, type=ACTIVE, updated=2018-06-10T19:52:01.389Z}]}
21:52:11.625 [raft-server-raft-partition-3] DEBUG i.a.p.r.c.impl.RaftClusterContext - RaftServer{raft-partition-3} - Attempting to join via 3
21:52:11.625 [raft-server-raft-partition-3] TRACE i.a.p.raft.storage.system.MetaStore - Store vote null
21:52:11.625 [raft-server-raft-partition-3] INFO  i.a.protocols.raft.impl.RaftContext - RaftServer{raft-partition-3} - Found leader 1
21:52:11.625 [raft-server-raft-partition-3] TRACE i.a.p.raft.roles.LeaderAppender - RaftServer{raft-partition-3} - Sending AppendRequest{term=3, leader=1, prevLogIndex=0, prevLogTerm=1, entries=0, commitIndex=0} to 2
21:52:11.625 [raft-server-raft-partition-3] TRACE i.a.p.raft.storage.system.MetaStore - Store vote null
21:52:11.625 [raft-server-raft-partition-3] TRACE i.a.p.raft.roles.LeaderAppender - RaftServer{raft-partition-3} - Sending AppendRequest{term=3, leader=1, prevLogIndex=0, prevLogTerm=1, entries=0, commitIndex=0} to 3
21:52:11.634 [raft-server-raft-partition-1] TRACE i.a.p.raft.roles.LeaderAppender - RaftServer{raft-partition-1} - Sending AppendRequest{term=1, leader=2, prevLogIndex=1, prevLogTerm=1, entries=0, commitIndex=1} to 3
21:52:11.635 [raft-server-raft-partition-1] TRACE i.a.p.raft.roles.FollowerRole - RaftServer{raft-partition-1}{role=FOLLOWER} - Received AppendRequest{term=1, leader=2, prevLogIndex=1, prevLogTerm=1, entries=0, commitIndex=1}
21:52:11.635 [raft-server-raft-partition-1] TRACE i.a.p.raft.roles.FollowerRole - RaftServer{raft-partition-1}{role=FOLLOWER} - Sending AppendResponse{status=OK, term=1, succeeded=true, lastLogIndex=1}
21:52:11.635 [raft-server-raft-partition-1] TRACE i.a.p.raft.roles.LeaderAppender - RaftServer{raft-partition-1} - Received AppendResponse{status=OK, term=1, succeeded=true, lastLogIndex=1} from 3
21:52:11.635 [raft-server-raft-partition-1] TRACE i.a.p.raft.roles.LeaderAppender - RaftServer{raft-partition-1} - Sending AppendRequest{term=1, leader=2, prevLogIndex=1, prevLogTerm=1, entries=0, commitIndex=1} to 3
21:52:11.635 [raft-server-raft-partition-1] TRACE i.a.p.raft.roles.FollowerRole - RaftServer{raft-partition-1}{role=FOLLOWER} - Received AppendRequest{term=1, leader=2, prevLogIndex=1, prevLogTerm=1, entries=0, commitIndex=1}
21:52:11.635 [raft-server-raft-partition-1] TRACE i.a.p.raft.roles.FollowerRole - RaftServer{raft-partition-1}{role=FOLLOWER} - Sending AppendResponse{status=OK, term=1, succeeded=true, lastLogIndex=1}
21:52:11.636 [raft-server-raft-partition-1] TRACE i.a.p.raft.roles.LeaderAppender - RaftServer{raft-partition-1} - Received AppendResponse{status=OK, term=1, succeeded=true, lastLogIndex=1} from 3
21:52:11.649 [raft-server-raft-partition-3] TRACE i.a.p.raft.roles.FollowerRole - RaftServer{raft-partition-3}{role=FOLLOWER} - Sending ConfigureResponse{status=OK}
21:52:11.649 [raft-server-raft-partition-3] TRACE i.a.p.raft.roles.FollowerRole - RaftServer{raft-partition-3}{role=FOLLOWER} - Received AppendRequest{term=3, leader=1, prevLogIndex=0, prevLogTerm=1, entries=0, commitIndex=0}
21:52:11.649 [raft-server-raft-partition-3] TRACE i.a.p.raft.roles.FollowerRole - RaftServer{raft-partition-3}{role=FOLLOWER} - Sending AppendResponse{status=OK, term=3, succeeded=true, lastLogIndex=0}
21:52:11.649 [raft-server-raft-partition-3] TRACE i.a.p.raft.roles.LeaderAppender - RaftServer{raft-partition-3} - Received ConfigureResponse{status=OK} from 2
21:52:11.649 [raft-server-raft-partition-3] TRACE i.a.p.raft.roles.LeaderAppender - RaftServer{raft-partition-3} - Received AppendResponse{status=OK, term=3, succeeded=true, lastLogIndex=0} from 2
21:52:11.649 [raft-server-raft-partition-3] TRACE i.a.p.raft.roles.LeaderAppender - RaftServer{raft-partition-3} - Sending AppendRequest{term=3, leader=1, prevLogIndex=0, prevLogTerm=1, entries=1, commitIndex=0} to 2
21:52:11.650 [raft-server-raft-partition-3] TRACE i.a.p.raft.roles.FollowerRole - RaftServer{raft-partition-3}{role=FOLLOWER} - Received AppendRequest{term=3, leader=1, prevLogIndex=0, prevLogTerm=1, entries=1, commitIndex=0}
21:52:11.650 [raft-server-raft-partition-3] TRACE i.a.p.raft.roles.FollowerRole - RaftServer{raft-partition-3}{role=FOLLOWER} - Appended Indexed{index=1, entry=InitializeEntry{term=2, timestamp=2018-06-10 09:52:07,916}}
21:52:11.650 [raft-server-raft-partition-3] TRACE i.a.p.raft.roles.FollowerRole - RaftServer{raft-partition-3}{role=FOLLOWER} - Sending AppendResponse{status=OK, term=3, succeeded=true, lastLogIndex=1}
21:52:11.650 [raft-server-raft-partition-3] TRACE i.a.p.raft.roles.LeaderAppender - RaftServer{raft-partition-3} - Received AppendResponse{status=OK, term=3, succeeded=true, lastLogIndex=1} from 2
21:52:11.650 [raft-server-raft-partition-3] TRACE i.a.p.raft.roles.LeaderAppender - RaftServer{raft-partition-3} - Committed entries up to 1
21:52:11.667 [raft-server-system-partition-1] TRACE i.a.p.raft.roles.LeaderAppender - RaftServer{system-partition-1} - Sending AppendRequest{term=1, leader=1, prevLogIndex=13, prevLogTerm=1, entries=0, commitIndex=13} to 2
21:52:11.667 [raft-server-system-partition-1] TRACE i.a.p.raft.roles.LeaderAppender - RaftServer{system-partition-1} - Sending AppendRequest{term=1, leader=1, prevLogIndex=13, prevLogTerm=1, entries=0, commitIndex=13} to 3
21:52:11.667 [raft-server-system-partition-1] TRACE i.a.p.raft.roles.FollowerRole - RaftServer{system-partition-1}{role=FOLLOWER} - Received AppendRequest{term=1, leader=1, prevLogIndex=13, prevLogTerm=1, entries=0, commitIndex=13}
21:52:11.667 [raft-server-system-partition-1] TRACE i.a.p.raft.roles.FollowerRole - RaftServer{system-partition-1}{role=FOLLOWER} - Received AppendRequest{term=1, leader=1, prevLogIndex=13, prevLogTerm=1, entries=0, commitIndex=13}
21:52:11.668 [raft-server-system-partition-1] TRACE i.a.p.raft.roles.FollowerRole - RaftServer{system-partition-1}{role=FOLLOWER} - Sending AppendResponse{status=OK, term=1, succeeded=true, lastLogIndex=13}
21:52:11.668 [raft-server-system-partition-1] TRACE i.a.p.raft.roles.FollowerRole - RaftServer{system-partition-1}{role=FOLLOWER} - Sending AppendResponse{status=OK, term=1, succeeded=true, lastLogIndex=13}
21:52:11.668 [raft-server-system-partition-1] TRACE i.a.p.raft.roles.LeaderAppender - RaftServer{system-partition-1} - Received AppendResponse{status=OK, term=1, succeeded=true, lastLogIndex=13} from 3
21:52:11.668 [raft-server-system-partition-1] TRACE i.a.p.raft.roles.LeaderAppender - RaftServer{system-partition-1} - Sending AppendRequest{term=1, leader=1, prevLogIndex=13, prevLogTerm=1, entries=0, commitIndex=13} to 3
21:52:11.668 [raft-server-system-partition-1] TRACE i.a.p.raft.roles.LeaderAppender - RaftServer{system-partition-1} - Received AppendResponse{status=OK, term=1, succeeded=true, lastLogIndex=13} from 2
21:52:11.668 [raft-server-system-partition-1] TRACE i.a.p.raft.roles.LeaderAppender - RaftServer{system-partition-1} - Sending AppendRequest{term=1, leader=1, prevLogIndex=13, prevLogTerm=1, entries=0, commitIndex=13} to 2
21:52:11.668 [raft-server-system-partition-1] TRACE i.a.p.raft.roles.FollowerRole - RaftServer{system-partition-1}{role=FOLLOWER} - Received AppendRequest{term=1, leader=1, prevLogIndex=13, prevLogTerm=1, entries=0, commitIndex=13}
21:52:11.668 [raft-server-system-partition-1] TRACE i.a.p.raft.roles.FollowerRole - RaftServer{system-partition-1}{role=FOLLOWER} - Sending AppendResponse{status=OK, term=1, succeeded=true, lastLogIndex=13}
21:52:11.668 [raft-server-system-partition-1] TRACE i.a.p.raft.roles.FollowerRole - RaftServer{system-partition-1}{role=FOLLOWER} - Received AppendRequest{term=1, leader=1, prevLogIndex=13, prevLogTerm=1, entries=0, commitIndex=13}
21:52:11.668 [raft-server-system-partition-1] TRACE i.a.p.raft.roles.FollowerRole - RaftServer{system-partition-1}{role=FOLLOWER} - Sending AppendResponse{status=OK, term=1, succeeded=true, lastLogIndex=13}
21:52:11.668 [raft-server-system-partition-1] TRACE i.a.p.raft.roles.LeaderAppender - RaftServer{system-partition-1} - Received AppendResponse{status=OK, term=1, succeeded=true, lastLogIndex=13} from 3
21:52:11.669 [raft-server-system-partition-1] TRACE i.a.p.raft.roles.LeaderAppender - RaftServer{system-partition-1} - Received AppendResponse{status=OK, term=1, succeeded=true, lastLogIndex=13} from 2
21:52:11.682 [raft-server-raft-partition-3] TRACE i.a.p.raft.roles.FollowerRole - RaftServer{raft-partition-3}{role=FOLLOWER} - Sending ConfigureResponse{status=OK}
21:52:11.682 [raft-server-raft-partition-3] TRACE i.a.p.raft.roles.FollowerRole - RaftServer{raft-partition-3}{role=FOLLOWER} - Received JoinRequest{member=DefaultRaftMember{id=1, type=ACTIVE, updated=2018-06-10T19:52:01.389Z}}
21:52:11.682 [raft-server-raft-partition-3] TRACE i.a.p.raft.roles.FollowerRole - RaftServer{raft-partition-3}{role=FOLLOWER} - Received AppendRequest{term=3, leader=1, prevLogIndex=0, prevLogTerm=1, entries=0, commitIndex=0}
21:52:11.683 [raft-server-raft-partition-3] DEBUG i.a.p.raft.roles.FollowerRole - RaftServer{raft-partition-3}{role=FOLLOWER} - Rejected AppendRequest{term=3, leader=1, prevLogIndex=0, prevLogTerm=1, entries=0, commitIndex=0}: Previous entry does not exist in the local log
21:52:11.683 [raft-server-raft-partition-3] TRACE i.a.p.raft.roles.FollowerRole - RaftServer{raft-partition-3}{role=FOLLOWER} - Sending AppendResponse{status=OK, term=3, succeeded=false, lastLogIndex=1}
21:52:11.707 [raft-server-raft-partition-3] TRACE i.a.p.raft.roles.LeaderAppender - RaftServer{raft-partition-3} - Received ConfigureResponse{status=OK} from 3
21:52:11.707 [raft-server-raft-partition-3] TRACE i.a.protocols.raft.roles.LeaderRole - RaftServer{raft-partition-3}{role=LEADER} - Received JoinRequest{member=DefaultRaftMember{id=1, type=ACTIVE, updated=2018-06-10T19:52:01.389Z}}
21:52:11.707 [raft-server-raft-partition-3] TRACE i.a.protocols.raft.roles.LeaderRole - RaftServer{raft-partition-3}{role=LEADER} - Sending JoinResponse{status=OK, index=0, term=0, timestamp=1528660321389, members=[DefaultRaftMember{id=1, type=ACTIVE, updated=2018-06-10T19:52:01.389Z}, DefaultRaftMember{id=2, type=ACTIVE, updated=2018-06-10T19:52:01.389Z}, DefaultRaftMember{id=3, type=ACTIVE, updated=2018-06-10T19:52:01.389Z}]}
21:52:11.707 [raft-server-raft-partition-3] TRACE i.a.p.raft.roles.LeaderAppender - RaftServer{raft-partition-3} - Received AppendResponse{status=OK, term=3, succeeded=false, lastLogIndex=1} from 3
21:52:11.707 [raft-server-raft-partition-3] TRACE i.a.p.raft.roles.LeaderAppender - RaftServer{raft-partition-3} - Reset next index for RaftMemberContext{member=3, term=3, configIndex=0, snapshotIndex=0, nextSnapshotIndex=0, nextSnapshotOffset=0, matchIndex=0, nextIndex=2, heartbeatTime=1528660331624, appending=0, appendSucceeded=false, appendTime=1528660331625, configuring=false, installing=false, failures=0} to 2
21:52:11.708 [raft-server-raft-partition-3] TRACE i.a.p.raft.roles.FollowerRole - RaftServer{raft-partition-3}{role=FOLLOWER} - Sending JoinResponse{status=OK, index=0, term=0, timestamp=1528660321389, members=[DefaultRaftMember{id=1, type=ACTIVE, updated=2018-06-10T19:52:01.389Z}, DefaultRaftMember{id=2, type=ACTIVE, updated=2018-06-10T19:52:01.389Z}, DefaultRaftMember{id=3, type=ACTIVE, updated=2018-06-10T19:52:01.389Z}]}
21:52:11.708 [raft-server-raft-partition-3] ERROR i.a.p.raft.impl.RaftServiceManager - RaftServer{raft-partition-3} - Cannot apply index 1
21:52:11.708 [raft-server-raft-partition-3] TRACE i.a.p.r.c.impl.RaftClusterContext - RaftServer{raft-partition-3} - Cancelling join timeout
21:52:11.708 [raft-server-raft-partition-3] INFO  i.a.p.r.c.impl.RaftClusterContext - RaftServer{raft-partition-3} - Successfully joined via 3
21:52:11.709 [raft-server-raft-partition-5] TRACE i.a.p.raft.roles.LeaderAppender - RaftServer{raft-partition-5} - Sending AppendRequest{term=1, leader=3, prevLogIndex=1, prevLogTerm=1, entries=0, commitIndex=1} to 1
21:52:11.709 [raft-server-raft-partition-5] TRACE i.a.p.raft.roles.LeaderAppender - RaftServer{raft-partition-5} - Sending AppendRequest{term=1, leader=3, prevLogIndex=1, prevLogTerm=1, entries=0, commitIndex=1} to 2
21:52:11.709 [raft-server-raft-partition-7] TRACE i.a.p.raft.roles.LeaderAppender - RaftServer{raft-partition-7} - Sending AppendRequest{term=1, leader=2, prevLogIndex=1, prevLogTerm=1, entries=0, commitIndex=1} to 1
21:52:11.709 [raft-server-raft-partition-5] TRACE i.a.p.raft.roles.FollowerRole - RaftServer{raft-partition-5}{role=FOLLOWER} - Received AppendRequest{term=1, leader=3, prevLogIndex=1, prevLogTerm=1, entries=0, commitIndex=1}
21:52:11.709 [raft-server-raft-partition-7] TRACE i.a.p.raft.roles.LeaderAppender - RaftServer{raft-partition-7} - Sending AppendRequest{term=1, leader=2, prevLogIndex=1, prevLogTerm=1, entries=0, commitIndex=1} to 3
21:52:11.709 [raft-server-raft-partition-5] TRACE i.a.p.raft.roles.FollowerRole - RaftServer{raft-partition-5}{role=FOLLOWER} - Sending AppendResponse{status=OK, term=1, succeeded=true, lastLogIndex=1}
21:52:11.709 [raft-server-raft-partition-5] TRACE i.a.p.raft.roles.FollowerRole - RaftServer{raft-partition-5}{role=FOLLOWER} - Received AppendRequest{term=1, leader=3, prevLogIndex=1, prevLogTerm=1, entries=0, commitIndex=1}
21:52:11.709 [raft-server-raft-partition-5] TRACE i.a.p.raft.roles.FollowerRole - RaftServer{raft-partition-5}{role=FOLLOWER} - Sending AppendResponse{status=OK, term=1, succeeded=true, lastLogIndex=1}
21:52:11.709 [raft-server-raft-partition-7] TRACE i.a.p.raft.roles.FollowerRole - RaftServer{raft-partition-7}{role=FOLLOWER} - Received AppendRequest{term=1, leader=2, prevLogIndex=1, prevLogTerm=1, entries=0, commitIndex=1}
21:52:11.709 [raft-server-raft-partition-7] TRACE i.a.p.raft.roles.FollowerRole - RaftServer{raft-partition-7}{role=FOLLOWER} - Sending AppendResponse{status=OK, term=1, succeeded=true, lastLogIndex=1}
21:52:11.709 [raft-server-raft-partition-5] TRACE i.a.p.raft.roles.LeaderAppender - RaftServer{raft-partition-5} - Received AppendResponse{status=OK, term=1, succeeded=true, lastLogIndex=1} from 1
21:52:11.709 [raft-server-raft-partition-7] TRACE i.a.p.raft.roles.FollowerRole - RaftServer{raft-partition-7}{role=FOLLOWER} - Received AppendRequest{term=1, leader=2, prevLogIndex=1, prevLogTerm=1, entries=0, commitIndex=1}
21:52:11.709 [raft-server-raft-partition-5] TRACE i.a.p.raft.roles.LeaderAppender - RaftServer{raft-partition-5} - Sending AppendRequest{term=1, leader=3, prevLogIndex=1, prevLogTerm=1, entries=0, commitIndex=1} to 1
21:52:11.709 [raft-server-raft-partition-7] TRACE i.a.p.raft.roles.FollowerRole - RaftServer{raft-partition-7}{role=FOLLOWER} - Sending AppendResponse{status=OK, term=1, succeeded=true, lastLogIndex=1}
21:52:11.710 [raft-server-raft-partition-7] TRACE i.a.p.raft.roles.LeaderAppender - RaftServer{raft-partition-7} - Received AppendResponse{status=OK, term=1, succeeded=true, lastLogIndex=1} from 3
21:52:11.710 [raft-server-raft-partition-5] TRACE i.a.p.raft.roles.LeaderAppender - RaftServer{raft-partition-5} - Received AppendResponse{status=OK, term=1, succeeded=true, lastLogIndex=1} from 2
21:52:11.710 [raft-server-raft-partition-7] TRACE i.a.p.raft.roles.LeaderAppender - RaftServer{raft-partition-7} - Sending AppendRequest{term=1, leader=2, prevLogIndex=1, prevLogTerm=1, entries=0, commitIndex=1} to 3
21:52:11.710 [raft-server-raft-partition-5] TRACE i.a.p.raft.roles.FollowerRole - RaftServer{raft-partition-5}{role=FOLLOWER} - Received AppendRequest{term=1, leader=3, prevLogIndex=1, prevLogTerm=1, entries=0, commitIndex=1}
21:52:11.710 [raft-server-raft-partition-5] TRACE i.a.p.raft.roles.LeaderAppender - RaftServer{raft-partition-5} - Sending AppendRequest{term=1, leader=3, prevLogIndex=1, prevLogTerm=1, entries=0, commitIndex=1} to 2
21:52:11.710 [raft-server-raft-partition-7] TRACE i.a.p.raft.roles.LeaderAppender - RaftServer{raft-partition-7} - Received AppendResponse{status=OK, term=1, succeeded=true, lastLogIndex=1} from 1
21:52:11.710 [raft-server-raft-partition-5] TRACE i.a.p.raft.roles.FollowerRole - RaftServer{raft-partition-5}{role=FOLLOWER} - Sending AppendResponse{status=OK, term=1, succeeded=true, lastLogIndex=1}
21:52:11.710 [raft-server-raft-partition-7] TRACE i.a.p.raft.roles.LeaderAppender - RaftServer{raft-partition-7} - Sending AppendRequest{term=1, leader=2, prevLogIndex=1, prevLogTerm=1, entries=0, commitIndex=1} to 1
21:52:11.710 [raft-server-raft-partition-7] TRACE i.a.p.raft.roles.FollowerRole - RaftServer{raft-partition-7}{role=FOLLOWER} - Received AppendRequest{term=1, leader=2, prevLogIndex=1, prevLogTerm=1, entries=0, commitIndex=1}
21:52:11.710 [raft-server-raft-partition-5] TRACE i.a.p.raft.roles.FollowerRole - RaftServer{raft-partition-5}{role=FOLLOWER} - Received AppendRequest{term=1, leader=3, prevLogIndex=1, prevLogTerm=1, entries=0, commitIndex=1}
21:52:11.710 [raft-server-raft-partition-7] TRACE i.a.p.raft.roles.FollowerRole - RaftServer{raft-partition-7}{role=FOLLOWER} - Sending AppendResponse{status=OK, term=1, succeeded=true, lastLogIndex=1}
21:52:11.710 [raft-server-raft-partition-5] TRACE i.a.p.raft.roles.LeaderAppender - RaftServer{raft-partition-5} - Received AppendResponse{status=OK, term=1, succeeded=true, lastLogIndex=1} from 1
21:52:11.710 [raft-server-raft-partition-5] TRACE i.a.p.raft.roles.FollowerRole - RaftServer{raft-partition-5}{role=FOLLOWER} - Sending AppendResponse{status=OK, term=1, succeeded=true, lastLogIndex=1}
21:52:11.710 [raft-server-raft-partition-5] TRACE i.a.p.raft.roles.LeaderAppender - RaftServer{raft-partition-5} - Sending AppendRequest{term=1, leader=3, prevLogIndex=1, prevLogTerm=1, entries=0, commitIndex=1} to 1
21:52:11.710 [raft-server-raft-partition-7] TRACE i.a.p.raft.roles.FollowerRole - RaftServer{raft-partition-7}{role=FOLLOWER} - Received AppendRequest{term=1, leader=2, prevLogIndex=1, prevLogTerm=1, entries=0, commitIndex=1}
21:52:11.710 [raft-server-raft-partition-7] TRACE i.a.p.raft.roles.LeaderAppender - RaftServer{raft-partition-7} - Received AppendResponse{status=OK, term=1, succeeded=true, lastLogIndex=1} from 3
21:52:11.711 [raft-server-raft-partition-5] TRACE i.a.p.raft.roles.LeaderAppender - RaftServer{raft-partition-5} - Received AppendResponse{status=OK, term=1, succeeded=true, lastLogIndex=1} from 2
21:52:11.711 [raft-server-raft-partition-7] TRACE i.a.p.raft.roles.FollowerRole - RaftServer{raft-partition-7}{role=FOLLOWER} - Sending AppendResponse{status=OK, term=1, succeeded=true, lastLogIndex=1}
21:52:11.711 [raft-server-raft-partition-5] TRACE i.a.p.raft.roles.FollowerRole - RaftServer{raft-partition-5}{role=FOLLOWER} - Received AppendRequest{term=1, leader=3, prevLogIndex=1, prevLogTerm=1, entries=0, commitIndex=1}
21:52:11.711 [raft-server-raft-partition-5] TRACE i.a.p.raft.roles.FollowerRole - RaftServer{raft-partition-5}{role=FOLLOWER} - Sending AppendResponse{status=OK, term=1, succeeded=true, lastLogIndex=1}
21:52:11.711 [raft-server-raft-partition-7] TRACE i.a.p.raft.roles.LeaderAppender - RaftServer{raft-partition-7} - Received AppendResponse{status=OK, term=1, succeeded=true, lastLogIndex=1} from 1
21:52:11.711 [raft-server-raft-partition-5] TRACE i.a.p.raft.roles.LeaderAppender - RaftServer{raft-partition-5} - Received AppendResponse{status=OK, term=1, succeeded=true, lastLogIndex=1} from 1
21:52:11.743 [raft-server-raft-partition-4] TRACE i.a.p.raft.roles.LeaderAppender - RaftServer{raft-partition-4} - Sending AppendRequest{term=1, leader=1, prevLogIndex=1, prevLogTerm=1, entries=0, commitIndex=1} to 2
21:52:11.743 [raft-server-raft-partition-4] TRACE i.a.p.raft.roles.LeaderAppender - RaftServer{raft-partition-4} - Sending AppendRequest{term=1, leader=1, prevLogIndex=1, prevLogTerm=1, entries=0, commitIndex=1} to 3
21:52:11.743 [raft-server-raft-partition-4] TRACE i.a.p.raft.roles.FollowerRole - RaftServer{raft-partition-4}{role=FOLLOWER} - Received AppendRequest{term=1, leader=1, prevLogIndex=1, prevLogTerm=1, entries=0, commitIndex=1}
21:52:11.743 [raft-server-raft-partition-4] TRACE i.a.p.raft.roles.FollowerRole - RaftServer{raft-partition-4}{role=FOLLOWER} - Received AppendRequest{term=1, leader=1, prevLogIndex=1, prevLogTerm=1, entries=0, commitIndex=1}
21:52:11.743 [raft-server-raft-partition-4] TRACE i.a.p.raft.roles.FollowerRole - RaftServer{raft-partition-4}{role=FOLLOWER} - Sending AppendResponse{status=OK, term=1, succeeded=true, lastLogIndex=1}
21:52:11.743 [raft-server-raft-partition-4] TRACE i.a.p.raft.roles.FollowerRole - RaftServer{raft-partition-4}{role=FOLLOWER} - Sending AppendResponse{status=OK, term=1, succeeded=true, lastLogIndex=1}
21:52:11.744 [raft-server-raft-partition-4] TRACE i.a.p.raft.roles.LeaderAppender - RaftServer{raft-partition-4} - Received AppendResponse{status=OK, term=1, succeeded=true, lastLogIndex=1} from 3
21:52:11.744 [raft-server-raft-partition-4] TRACE i.a.p.raft.roles.LeaderAppender - RaftServer{raft-partition-4} - Sending AppendRequest{term=1, leader=1, prevLogIndex=1, prevLogTerm=1, entries=0, commitIndex=1} to 3
21:52:11.744 [raft-server-raft-partition-4] TRACE i.a.p.raft.roles.LeaderAppender - RaftServer{raft-partition-4} - Received AppendResponse{status=OK, term=1, succeeded=true, lastLogIndex=1} from 2
21:52:11.744 [raft-server-raft-partition-4] TRACE i.a.p.raft.roles.LeaderAppender - RaftServer{raft-partition-4} - Sending AppendRequest{term=1, leader=1, prevLogIndex=1, prevLogTerm=1, entries=0, commitIndex=1} to 2
21:52:11.744 [raft-server-raft-partition-4] TRACE i.a.p.raft.roles.FollowerRole - RaftServer{raft-partition-4}{role=FOLLOWER} - Received AppendRequest{term=1, leader=1, prevLogIndex=1, prevLogTerm=1, entries=0, commitIndex=1}
21:52:11.744 [raft-server-raft-partition-4] TRACE i.a.p.raft.roles.FollowerRole - RaftServer{raft-partition-4}{role=FOLLOWER} - Sending AppendResponse{status=OK, term=1, succeeded=true, lastLogIndex=1}
21:52:11.744 [raft-server-raft-partition-4] TRACE i.a.p.raft.roles.FollowerRole - RaftServer{raft-partition-4}{role=FOLLOWER} - Received AppendRequest{term=1, leader=1, prevLogIndex=1, prevLogTerm=1, entries=0, commitIndex=1}
21:52:11.744 [raft-server-raft-partition-4] TRACE i.a.p.raft.roles.FollowerRole - RaftServer{raft-partition-4}{role=FOLLOWER} - Sending AppendResponse{status=OK, term=1, succeeded=true, lastLogIndex=1}
21:52:11.744 [raft-server-raft-partition-4] TRACE i.a.p.raft.roles.LeaderAppender - RaftServer{raft-partition-4} - Received AppendResponse{status=OK, term=1, succeeded=true, lastLogIndex=1} from 3
21:52:11.744 [raft-server-raft-partition-4] TRACE i.a.p.raft.roles.LeaderAppender - RaftServer{raft-partition-4} - Received AppendResponse{status=OK, term=1, succeeded=true, lastLogIndex=1} from 2
21:52:11.817 [raft-server-raft-partition-2] TRACE i.a.p.raft.roles.LeaderAppender - RaftServer{raft-partition-2} - Sending AppendRequest{term=1, leader=1, prevLogIndex=1, prevLogTerm=1, entries=0, commitIndex=1} to 2
21:52:11.818 [raft-server-raft-partition-2] TRACE i.a.p.raft.roles.LeaderAppender - RaftServer{raft-partition-2} - Sending AppendRequest{term=1, leader=1, prevLogIndex=1, prevLogTerm=1, entries=0, commitIndex=1} to 3
21:52:11.818 [raft-server-raft-partition-2] TRACE i.a.p.raft.roles.FollowerRole - RaftServer{raft-partition-2}{role=FOLLOWER} - Received AppendRequest{term=1, leader=1, prevLogIndex=1, prevLogTerm=1, entries=0, commitIndex=1}
21:52:11.818 [raft-server-raft-partition-2] TRACE i.a.p.raft.roles.FollowerRole - RaftServer{raft-partition-2}{role=FOLLOWER} - Sending AppendResponse{status=OK, term=1, succeeded=true, lastLogIndex=1}
21:52:11.818 [raft-server-raft-partition-2] TRACE i.a.p.raft.roles.FollowerRole - RaftServer{raft-partition-2}{role=FOLLOWER} - Received AppendRequest{term=1, leader=1, prevLogIndex=1, prevLogTerm=1, entries=0, commitIndex=1}
21:52:11.818 [raft-server-raft-partition-2] TRACE i.a.p.raft.roles.FollowerRole - RaftServer{raft-partition-2}{role=FOLLOWER} - Sending AppendResponse{status=OK, term=1, succeeded=true, lastLogIndex=1}
21:52:11.818 [raft-server-raft-partition-2] TRACE i.a.p.raft.roles.LeaderAppender - RaftServer{raft-partition-2} - Received AppendResponse{status=OK, term=1, succeeded=true, lastLogIndex=1} from 2
21:52:11.818 [raft-server-raft-partition-2] TRACE i.a.p.raft.roles.LeaderAppender - RaftServer{raft-partition-2} - Sending AppendRequest{term=1, leader=1, prevLogIndex=1, prevLogTerm=1, entries=0, commitIndex=1} to 2
21:52:11.818 [raft-server-raft-partition-2] TRACE i.a.p.raft.roles.LeaderAppender - RaftServer{raft-partition-2} - Received AppendResponse{status=OK, term=1, succeeded=true, lastLogIndex=1} from 3
21:52:11.818 [raft-server-raft-partition-2] TRACE i.a.p.raft.roles.FollowerRole - RaftServer{raft-partition-2}{role=FOLLOWER} - Received AppendRequest{term=1, leader=1, prevLogIndex=1, prevLogTerm=1, entries=0, commitIndex=1}
21:52:11.818 [raft-server-raft-partition-2] TRACE i.a.p.raft.roles.FollowerRole - RaftServer{raft-partition-2}{role=FOLLOWER} - Sending AppendResponse{status=OK, term=1, succeeded=true, lastLogIndex=1}
21:52:11.818 [raft-server-raft-partition-2] TRACE i.a.p.raft.roles.LeaderAppender - RaftServer{raft-partition-2} - Received AppendResponse{status=OK, term=1, succeeded=true, lastLogIndex=1} from 2
21:52:11.826 [raft-server-raft-partition-6] TRACE i.a.p.raft.roles.LeaderAppender - RaftServer{raft-partition-6} - Sending AppendRequest{term=1, leader=1, prevLogIndex=1, prevLogTerm=1, entries=0, commitIndex=1} to 2
21:52:11.826 [raft-server-raft-partition-6] TRACE i.a.p.raft.roles.LeaderAppender - RaftServer{raft-partition-6} - Sending AppendRequest{term=1, leader=1, prevLogIndex=1, prevLogTerm=1, entries=0, commitIndex=1} to 3
21:52:11.826 [raft-server-raft-partition-6] TRACE i.a.p.raft.roles.FollowerRole - RaftServer{raft-partition-6}{role=FOLLOWER} - Received AppendRequest{term=1, leader=1, prevLogIndex=1, prevLogTerm=1, entries=0, commitIndex=1}
21:52:11.826 [raft-server-raft-partition-6] TRACE i.a.p.raft.roles.FollowerRole - RaftServer{raft-partition-6}{role=FOLLOWER} - Received AppendRequest{term=1, leader=1, prevLogIndex=1, prevLogTerm=1, entries=0, commitIndex=1}
21:52:11.826 [raft-server-raft-partition-6] TRACE i.a.p.raft.roles.FollowerRole - RaftServer{raft-partition-6}{role=FOLLOWER} - Sending AppendResponse{status=OK, term=1, succeeded=true, lastLogIndex=1}
21:52:11.826 [raft-server-raft-partition-6] TRACE i.a.p.raft.roles.FollowerRole - RaftServer{raft-partition-6}{role=FOLLOWER} - Sending AppendResponse{status=OK, term=1, succeeded=true, lastLogIndex=1}
21:52:11.826 [raft-server-raft-partition-6] TRACE i.a.p.raft.roles.LeaderAppender - RaftServer{raft-partition-6} - Received AppendResponse{status=OK, term=1, succeeded=true, lastLogIndex=1} from 3
21:52:11.826 [raft-server-raft-partition-6] TRACE i.a.p.raft.roles.LeaderAppender - RaftServer{raft-partition-6} - Sending AppendRequest{term=1, leader=1, prevLogIndex=1, prevLogTerm=1, entries=0, commitIndex=1} to 3
21:52:11.826 [raft-server-raft-partition-6] TRACE i.a.p.raft.roles.LeaderAppender - RaftServer{raft-partition-6} - Received AppendResponse{status=OK, term=1, succeeded=true, lastLogIndex=1} from 2
21:52:11.826 [raft-server-raft-partition-6] TRACE i.a.p.raft.roles.LeaderAppender - RaftServer{raft-partition-6} - Sending AppendRequest{term=1, leader=1, prevLogIndex=1, prevLogTerm=1, entries=0, commitIndex=1} to 2
21:52:11.826 [raft-server-raft-partition-6] TRACE i.a.p.raft.roles.FollowerRole - RaftServer{raft-partition-6}{role=FOLLOWER} - Received AppendRequest{term=1, leader=1, prevLogIndex=1, prevLogTerm=1, entries=0, commitIndex=1}
21:52:11.826 [raft-server-raft-partition-6] TRACE i.a.p.raft.roles.FollowerRole - RaftServer{raft-partition-6}{role=FOLLOWER} - Sending AppendResponse{status=OK, term=1, succeeded=true, lastLogIndex=1}
21:52:11.827 [raft-server-raft-partition-6] TRACE i.a.p.raft.roles.FollowerRole - RaftServer{raft-partition-6}{role=FOLLOWER} - Received AppendRequest{term=1, leader=1, prevLogIndex=1, prevLogTerm=1, entries=0, commitIndex=1}
21:52:11.827 [raft-server-raft-partition-6] TRACE i.a.p.raft.roles.FollowerRole - RaftServer{raft-partition-6}{role=FOLLOWER} - Sending AppendResponse{status=OK, term=1, succeeded=true, lastLogIndex=1}
21:52:11.827 [raft-server-raft-partition-6] TRACE i.a.p.raft.roles.LeaderAppender - RaftServer{raft-partition-6} - Received AppendResponse{status=OK, term=1, succeeded=true, lastLogIndex=1} from 3
21:52:11.827 [raft-server-raft-partition-6] TRACE i.a.p.raft.roles.LeaderAppender - RaftServer{raft-partition-6} - Sending AppendRequest{term=1, leader=1, prevLogIndex=1, prevLogTerm=1, entries=0, commitIndex=1} to 3
21:52:11.827 [raft-server-raft-partition-6] TRACE i.a.p.raft.roles.LeaderAppender - RaftServer{raft-partition-6} - Received AppendResponse{status=OK, term=1, succeeded=true, lastLogIndex=1} from 2
21:52:11.827 [raft-server-raft-partition-6] TRACE i.a.p.raft.roles.LeaderAppender - RaftServer{raft-partition-6} - Sending AppendRequest{term=1, leader=1, prevLogIndex=1, prevLogTerm=1, entries=0, commitIndex=1} to 2
21:52:11.827 [raft-server-raft-partition-6] TRACE i.a.p.raft.roles.FollowerRole - RaftServer{raft-partition-6}{role=FOLLOWER} - Received AppendRequest{term=1, leader=1, prevLogIndex=1, prevLogTerm=1, entries=0, commitIndex=1}
21:52:11.827 [raft-server-raft-partition-6] TRACE i.a.p.raft.roles.FollowerRole - RaftServer{raft-partition-6}{role=FOLLOWER} - Sending AppendResponse{status=OK, term=1, succeeded=true, lastLogIndex=1}
21:52:11.827 [raft-server-raft-partition-6] TRACE i.a.p.raft.roles.FollowerRole - RaftServer{raft-partition-6}{role=FOLLOWER} - Received AppendRequest{term=1, leader=1, prevLogIndex=1, prevLogTerm=1, entries=0, commitIndex=1}
21:52:11.827 [raft-server-raft-partition-6] TRACE i.a.p.raft.roles.FollowerRole - RaftServer{raft-partition-6}{role=FOLLOWER} - Sending AppendResponse{status=OK, term=1, succeeded=true, lastLogIndex=1}
21:52:11.827 [raft-server-raft-partition-6] TRACE i.a.p.raft.roles.LeaderAppender - RaftServer{raft-partition-6} - Received AppendResponse{status=OK, term=1, succeeded=true, lastLogIndex=1} from 3
21:52:11.827 [raft-server-raft-partition-6] TRACE i.a.p.raft.roles.LeaderAppender - RaftServer{raft-partition-6} - Received AppendResponse{status=OK, term=1, succeeded=true, lastLogIndex=1} from 2
21:52:11.875 [raft-server-raft-partition-3] TRACE i.a.p.raft.roles.LeaderAppender - RaftServer{raft-partition-3} - Sending AppendRequest{term=3, leader=1, prevLogIndex=1, prevLogTerm=2, entries=0, commitIndex=1} to 2
21:52:11.875 [raft-server-raft-partition-3] TRACE i.a.p.raft.roles.LeaderAppender - RaftServer{raft-partition-3} - Sending AppendRequest{term=3, leader=1, prevLogIndex=1, prevLogTerm=2, entries=0, commitIndex=1} to 3
21:52:11.875 [raft-server-raft-partition-3] TRACE i.a.p.raft.roles.FollowerRole - RaftServer{raft-partition-3}{role=FOLLOWER} - Received AppendRequest{term=3, leader=1, prevLogIndex=1, prevLogTerm=2, entries=0, commitIndex=1}
21:52:11.875 [raft-server-raft-partition-3] TRACE i.a.p.raft.roles.FollowerRole - RaftServer{raft-partition-3}{role=FOLLOWER} - Received AppendRequest{term=3, leader=1, prevLogIndex=1, prevLogTerm=2, entries=0, commitIndex=1}
21:52:11.875 [raft-server-raft-partition-3] TRACE i.a.p.raft.roles.FollowerRole - RaftServer{raft-partition-3}{role=FOLLOWER} - Committed entries up to index 1
21:52:11.875 [raft-server-raft-partition-3] TRACE i.a.p.raft.roles.FollowerRole - RaftServer{raft-partition-3}{role=FOLLOWER} - Sending AppendResponse{status=OK, term=3, succeeded=true, lastLogIndex=1}
21:52:11.876 [raft-server-raft-partition-3] TRACE i.a.p.raft.roles.LeaderAppender - RaftServer{raft-partition-3} - Received AppendResponse{status=OK, term=3, succeeded=true, lastLogIndex=1} from 3
21:52:11.876 [raft-server-raft-partition-3] TRACE i.a.p.raft.roles.LeaderAppender - RaftServer{raft-partition-3} - Sending AppendRequest{term=3, leader=1, prevLogIndex=1, prevLogTerm=2, entries=0, commitIndex=1} to 3
21:52:11.876 [raft-server-raft-partition-3] TRACE i.a.p.raft.roles.FollowerRole - RaftServer{raft-partition-3}{role=FOLLOWER} - Received AppendRequest{term=3, leader=1, prevLogIndex=1, prevLogTerm=2, entries=0, commitIndex=1}
21:52:11.876 [raft-server-raft-partition-3] TRACE i.a.p.raft.roles.FollowerRole - RaftServer{raft-partition-3}{role=FOLLOWER} - Sending AppendResponse{status=OK, term=3, succeeded=true, lastLogIndex=1}
21:52:11.876 [raft-server-raft-partition-3] TRACE i.a.p.raft.roles.LeaderAppender - RaftServer{raft-partition-3} - Received AppendResponse{status=OK, term=3, succeeded=true, lastLogIndex=1} from 3
21:52:11.884 [raft-server-raft-partition-1] TRACE i.a.p.raft.roles.LeaderAppender - RaftServer{raft-partition-1} - Sending AppendRequest{term=1, leader=2, prevLogIndex=1, prevLogTerm=1, entries=0, commitIndex=1} to 3
21:52:11.885 [raft-server-raft-partition-1] TRACE i.a.p.raft.roles.FollowerRole - RaftServer{raft-partition-1}{role=FOLLOWER} - Received AppendRequest{term=1, leader=2, prevLogIndex=1, prevLogTerm=1, entries=0, commitIndex=1}
21:52:11.885 [raft-server-raft-partition-1] TRACE i.a.p.raft.roles.FollowerRole - RaftServer{raft-partition-1}{role=FOLLOWER} - Sending AppendResponse{status=OK, term=1, succeeded=true, lastLogIndex=1}
21:52:11.885 [raft-server-raft-partition-1] TRACE i.a.p.raft.roles.LeaderAppender - RaftServer{raft-partition-1} - Received AppendResponse{status=OK, term=1, succeeded=true, lastLogIndex=1} from 3
21:52:11.885 [raft-server-raft-partition-1] TRACE i.a.p.raft.roles.LeaderAppender - RaftServer{raft-partition-1} - Sending AppendRequest{term=1, leader=2, prevLogIndex=1, prevLogTerm=1, entries=0, commitIndex=1} to 3
21:52:11.885 [raft-server-raft-partition-1] TRACE i.a.p.raft.roles.FollowerRole - RaftServer{raft-partition-1}{role=FOLLOWER} - Received AppendRequest{term=1, leader=2, prevLogIndex=1, prevLogTerm=1, entries=0, commitIndex=1}
21:52:11.885 [raft-server-raft-partition-1] TRACE i.a.p.raft.roles.FollowerRole - RaftServer{raft-partition-1}{role=FOLLOWER} - Sending AppendResponse{status=OK, term=1, succeeded=true, lastLogIndex=1}
21:52:11.886 [raft-server-raft-partition-1] TRACE i.a.p.raft.roles.LeaderAppender - RaftServer{raft-partition-1} - Received AppendResponse{status=OK, term=1, succeeded=true, lastLogIndex=1} from 3
21:52:11.899 [raft-server-raft-partition-3] TRACE i.a.p.raft.roles.FollowerRole - RaftServer{raft-partition-3}{role=FOLLOWER} - Committed entries up to index 1
21:52:11.899 [raft-server-raft-partition-3] TRACE i.a.p.raft.roles.FollowerRole - RaftServer{raft-partition-3}{role=FOLLOWER} - Sending AppendResponse{status=OK, term=3, succeeded=true, lastLogIndex=1}
21:52:11.899 [raft-server-raft-partition-3-state] TRACE i.a.p.raft.impl.RaftServiceManager - RaftServer{raft-partition-3} - Applying Indexed{index=1, entry=InitializeEntry{term=2, timestamp=2018-06-10 09:52:07,916}}
21:52:11.899 [raft-server-raft-partition-3] TRACE i.a.p.raft.roles.LeaderAppender - RaftServer{raft-partition-3} - Received AppendResponse{status=OK, term=3, succeeded=true, lastLogIndex=1} from 2
21:52:11.917 [raft-server-system-partition-1] TRACE i.a.p.raft.roles.LeaderAppender - RaftServer{system-partition-1} - Sending AppendRequest{term=1, leader=1, prevLogIndex=13, prevLogTerm=1, entries=0, commitIndex=13} to 2
21:52:11.917 [raft-server-system-partition-1] TRACE i.a.p.raft.roles.LeaderAppender - RaftServer{system-partition-1} - Sending AppendRequest{term=1, leader=1, prevLogIndex=13, prevLogTerm=1, entries=0, commitIndex=13} to 3
21:52:11.917 [raft-server-system-partition-1] TRACE i.a.p.raft.roles.FollowerRole - RaftServer{system-partition-1}{role=FOLLOWER} - Received AppendRequest{term=1, leader=1, prevLogIndex=13, prevLogTerm=1, entries=0, commitIndex=13}
21:52:11.917 [raft-server-system-partition-1] TRACE i.a.p.raft.roles.FollowerRole - RaftServer{system-partition-1}{role=FOLLOWER} - Sending AppendResponse{status=OK, term=1, succeeded=true, lastLogIndex=13}
21:52:11.917 [raft-server-system-partition-1] TRACE i.a.p.raft.roles.FollowerRole - RaftServer{system-partition-1}{role=FOLLOWER} - Received AppendRequest{term=1, leader=1, prevLogIndex=13, prevLogTerm=1, entries=0, commitIndex=13}
21:52:11.918 [raft-server-system-partition-1] TRACE i.a.p.raft.roles.FollowerRole - RaftServer{system-partition-1}{role=FOLLOWER} - Sending AppendResponse{status=OK, term=1, succeeded=true, lastLogIndex=13}
21:52:11.918 [raft-server-system-partition-1] TRACE i.a.p.raft.roles.LeaderAppender - RaftServer{system-partition-1} - Received AppendResponse{status=OK, term=1, succeeded=true, lastLogIndex=13} from 2
21:52:11.918 [raft-server-system-partition-1] TRACE i.a.p.raft.roles.LeaderAppender - RaftServer{system-partition-1} - Sending AppendRequest{term=1, leader=1, prevLogIndex=13, prevLogTerm=1, entries=0, commitIndex=13} to 2
21:52:11.918 [raft-server-system-partition-1] TRACE i.a.p.raft.roles.LeaderAppender - RaftServer{system-partition-1} - Received AppendResponse{status=OK, term=1, succeeded=true, lastLogIndex=13} from 3
21:52:11.918 [raft-server-system-partition-1] TRACE i.a.p.raft.roles.LeaderAppender - RaftServer{system-partition-1} - Sending AppendRequest{term=1, leader=1, prevLogIndex=13, prevLogTerm=1, entries=0, commitIndex=13} to 3
21:52:11.918 [raft-server-system-partition-1] TRACE i.a.p.raft.roles.FollowerRole - RaftServer{system-partition-1}{role=FOLLOWER} - Received AppendRequest{term=1, leader=1, prevLogIndex=13, prevLogTerm=1, entries=0, commitIndex=13}
21:52:11.918 [raft-server-system-partition-1] TRACE i.a.p.raft.roles.FollowerRole - RaftServer{system-partition-1}{role=FOLLOWER} - Sending AppendResponse{status=OK, term=1, succeeded=true, lastLogIndex=13}
21:52:11.918 [raft-server-system-partition-1] TRACE i.a.p.raft.roles.FollowerRole - RaftServer{system-partition-1}{role=FOLLOWER} - Received AppendRequest{term=1, leader=1, prevLogIndex=13, prevLogTerm=1, entries=0, commitIndex=13}
21:52:11.918 [raft-server-system-partition-1] TRACE i.a.p.raft.roles.FollowerRole - RaftServer{system-partition-1}{role=FOLLOWER} - Sending AppendResponse{status=OK, term=1, succeeded=true, lastLogIndex=13}
21:52:11.918 [raft-server-system-partition-1] TRACE i.a.p.raft.roles.LeaderAppender - RaftServer{system-partition-1} - Received AppendResponse{status=OK, term=1, succeeded=true, lastLogIndex=13} from 2
21:52:11.918 [raft-server-system-partition-1] TRACE i.a.p.raft.roles.LeaderAppender - RaftServer{system-partition-1} - Received AppendResponse{status=OK, term=1, succeeded=true, lastLogIndex=13} from 3
21:52:11.959 [raft-server-raft-partition-5] TRACE i.a.p.raft.roles.LeaderAppender - RaftServer{raft-partition-5} - Sending AppendRequest{term=1, leader=3, prevLogIndex=1, prevLogTerm=1, entries=0, commitIndex=1} to 1
21:52:11.959 [raft-server-raft-partition-5] TRACE i.a.p.raft.roles.LeaderAppender - RaftServer{raft-partition-5} - Sending AppendRequest{term=1, leader=3, prevLogIndex=1, prevLogTerm=1, entries=0, commitIndex=1} to 2
21:52:11.959 [raft-server-raft-partition-7] TRACE i.a.p.raft.roles.LeaderAppender - RaftServer{raft-partition-7} - Sending AppendRequest{term=1, leader=2, prevLogIndex=1, prevLogTerm=1, entries=0, commitIndex=1} to 1
21:52:11.959 [raft-server-raft-partition-7] TRACE i.a.p.raft.roles.LeaderAppender - RaftServer{raft-partition-7} - Sending AppendRequest{term=1, leader=2, prevLogIndex=1, prevLogTerm=1, entries=0, commitIndex=1} to 3
21:52:11.959 [raft-server-raft-partition-5] TRACE i.a.p.raft.roles.FollowerRole - RaftServer{raft-partition-5}{role=FOLLOWER} - Received AppendRequest{term=1, leader=3, prevLogIndex=1, prevLogTerm=1, entries=0, commitIndex=1}
21:52:11.959 [raft-server-raft-partition-5] TRACE i.a.p.raft.roles.FollowerRole - RaftServer{raft-partition-5}{role=FOLLOWER} - Received AppendRequest{term=1, leader=3, prevLogIndex=1, prevLogTerm=1, entries=0, commitIndex=1}
21:52:11.959 [raft-server-raft-partition-7] TRACE i.a.p.raft.roles.FollowerRole - RaftServer{raft-partition-7}{role=FOLLOWER} - Received AppendRequest{term=1, leader=2, prevLogIndex=1, prevLogTerm=1, entries=0, commitIndex=1}
21:52:11.959 [raft-server-raft-partition-5] TRACE i.a.p.raft.roles.FollowerRole - RaftServer{raft-partition-5}{role=FOLLOWER} - Sending AppendResponse{status=OK, term=1, succeeded=true, lastLogIndex=1}
21:52:11.959 [raft-server-raft-partition-7] TRACE i.a.p.raft.roles.FollowerRole - RaftServer{raft-partition-7}{role=FOLLOWER} - Received AppendRequest{term=1, leader=2, prevLogIndex=1, prevLogTerm=1, entries=0, commitIndex=1}
21:52:11.959 [raft-server-raft-partition-5] TRACE i.a.p.raft.roles.FollowerRole - RaftServer{raft-partition-5}{role=FOLLOWER} - Sending AppendResponse{status=OK, term=1, succeeded=true, lastLogIndex=1}
21:52:11.959 [raft-server-raft-partition-7] TRACE i.a.p.raft.roles.FollowerRole - RaftServer{raft-partition-7}{role=FOLLOWER} - Sending AppendResponse{status=OK, term=1, succeeded=true, lastLogIndex=1}
21:52:11.960 [raft-server-raft-partition-7] TRACE i.a.p.raft.roles.FollowerRole - RaftServer{raft-partition-7}{role=FOLLOWER} - Sending AppendResponse{status=OK, term=1, succeeded=true, lastLogIndex=1}
21:52:11.960 [raft-server-raft-partition-5] TRACE i.a.p.raft.roles.LeaderAppender - RaftServer{raft-partition-5} - Received AppendResponse{status=OK, term=1, succeeded=true, lastLogIndex=1} from 1
21:52:11.960 [raft-server-raft-partition-5] TRACE i.a.p.raft.roles.LeaderAppender - RaftServer{raft-partition-5} - Sending AppendRequest{term=1, leader=3, prevLogIndex=1, prevLogTerm=1, entries=0, commitIndex=1} to 1
21:52:11.960 [raft-server-raft-partition-7] TRACE i.a.p.raft.roles.LeaderAppender - RaftServer{raft-partition-7} - Received AppendResponse{status=OK, term=1, succeeded=true, lastLogIndex=1} from 1
21:52:11.960 [raft-server-raft-partition-5] TRACE i.a.p.raft.roles.LeaderAppender - RaftServer{raft-partition-5} - Received AppendResponse{status=OK, term=1, succeeded=true, lastLogIndex=1} from 2
21:52:11.960 [raft-server-raft-partition-7] TRACE i.a.p.raft.roles.LeaderAppender - RaftServer{raft-partition-7} - Sending AppendRequest{term=1, leader=2, prevLogIndex=1, prevLogTerm=1, entries=0, commitIndex=1} to 1
21:52:11.960 [raft-server-raft-partition-5] TRACE i.a.p.raft.roles.LeaderAppender - RaftServer{raft-partition-5} - Sending AppendRequest{term=1, leader=3, prevLogIndex=1, prevLogTerm=1, entries=0, commitIndex=1} to 2
21:52:11.960 [raft-server-raft-partition-5] TRACE i.a.p.raft.roles.FollowerRole - RaftServer{raft-partition-5}{role=FOLLOWER} - Received AppendRequest{term=1, leader=3, prevLogIndex=1, prevLogTerm=1, entries=0, commitIndex=1}
21:52:11.960 [raft-server-raft-partition-7] TRACE i.a.p.raft.roles.LeaderAppender - RaftServer{raft-partition-7} - Received AppendResponse{status=OK, term=1, succeeded=true, lastLogIndex=1} from 3
21:52:11.960 [raft-server-raft-partition-7] TRACE i.a.p.raft.roles.FollowerRole - RaftServer{raft-partition-7}{role=FOLLOWER} - Received AppendRequest{term=1, leader=2, prevLogIndex=1, prevLogTerm=1, entries=0, commitIndex=1}
21:52:11.960 [raft-server-raft-partition-5] TRACE i.a.p.raft.roles.FollowerRole - RaftServer{raft-partition-5}{role=FOLLOWER} - Sending AppendResponse{status=OK, term=1, succeeded=true, lastLogIndex=1}
21:52:11.960 [raft-server-raft-partition-7] TRACE i.a.p.raft.roles.LeaderAppender - RaftServer{raft-partition-7} - Sending AppendRequest{term=1, leader=2, prevLogIndex=1, prevLogTerm=1, entries=0, commitIndex=1} to 3
21:52:11.960 [raft-server-raft-partition-7] TRACE i.a.p.raft.roles.FollowerRole - RaftServer{raft-partition-7}{role=FOLLOWER} - Sending AppendResponse{status=OK, term=1, succeeded=true, lastLogIndex=1}
21:52:11.960 [raft-server-raft-partition-5] TRACE i.a.p.raft.roles.FollowerRole - RaftServer{raft-partition-5}{role=FOLLOWER} - Received AppendRequest{term=1, leader=3, prevLogIndex=1, prevLogTerm=1, entries=0, commitIndex=1}
21:52:11.961 [raft-server-raft-partition-5] TRACE i.a.p.raft.roles.FollowerRole - RaftServer{raft-partition-5}{role=FOLLOWER} - Sending AppendResponse{status=OK, term=1, succeeded=true, lastLogIndex=1}
21:52:11.961 [raft-server-raft-partition-5] TRACE i.a.p.raft.roles.LeaderAppender - RaftServer{raft-partition-5} - Received AppendResponse{status=OK, term=1, succeeded=true, lastLogIndex=1} from 1
21:52:11.961 [raft-server-raft-partition-7] TRACE i.a.p.raft.roles.LeaderAppender - RaftServer{raft-partition-7} - Received AppendResponse{status=OK, term=1, succeeded=true, lastLogIndex=1} from 1
21:52:11.961 [raft-server-raft-partition-7] TRACE i.a.p.raft.roles.FollowerRole - RaftServer{raft-partition-7}{role=FOLLOWER} - Received AppendRequest{term=1, leader=2, prevLogIndex=1, prevLogTerm=1, entries=0, commitIndex=1}
21:52:11.961 [raft-server-raft-partition-7] TRACE i.a.p.raft.roles.FollowerRole - RaftServer{raft-partition-7}{role=FOLLOWER} - Sending AppendResponse{status=OK, term=1, succeeded=true, lastLogIndex=1}
21:52:11.961 [raft-server-raft-partition-5] TRACE i.a.p.raft.roles.LeaderAppender - RaftServer{raft-partition-5} - Received AppendResponse{status=OK, term=1, succeeded=true, lastLogIndex=1} from 2
21:52:11.961 [raft-server-raft-partition-7] TRACE i.a.p.raft.roles.LeaderAppender - RaftServer{raft-partition-7} - Received AppendResponse{status=OK, term=1, succeeded=true, lastLogIndex=1} from 3
21:52:11.993 [raft-server-raft-partition-4] TRACE i.a.p.raft.roles.LeaderAppender - RaftServer{raft-partition-4} - Sending AppendRequest{term=1, leader=1, prevLogIndex=1, prevLogTerm=1, entries=0, commitIndex=1} to 2
21:52:11.993 [raft-server-raft-partition-4] TRACE i.a.p.raft.roles.LeaderAppender - RaftServer{raft-partition-4} - Sending AppendRequest{term=1, leader=1, prevLogIndex=1, prevLogTerm=1, entries=0, commitIndex=1} to 3
21:52:11.993 [raft-server-raft-partition-4] TRACE i.a.p.raft.roles.FollowerRole - RaftServer{raft-partition-4}{role=FOLLOWER} - Received AppendRequest{term=1, leader=1, prevLogIndex=1, prevLogTerm=1, entries=0, commitIndex=1}
21:52:11.993 [raft-server-raft-partition-4] TRACE i.a.p.raft.roles.FollowerRole - RaftServer{raft-partition-4}{role=FOLLOWER} - Received AppendRequest{term=1, leader=1, prevLogIndex=1, prevLogTerm=1, entries=0, commitIndex=1}
21:52:11.993 [raft-server-raft-partition-4] TRACE i.a.p.raft.roles.FollowerRole - RaftServer{raft-partition-4}{role=FOLLOWER} - Sending AppendResponse{status=OK, term=1, succeeded=true, lastLogIndex=1}
21:52:11.993 [raft-server-raft-partition-4] TRACE i.a.p.raft.roles.FollowerRole - RaftServer{raft-partition-4}{role=FOLLOWER} - Sending AppendResponse{status=OK, term=1, succeeded=true, lastLogIndex=1}
21:52:11.994 [raft-server-raft-partition-4] TRACE i.a.p.raft.roles.LeaderAppender - RaftServer{raft-partition-4} - Received AppendResponse{status=OK, term=1, succeeded=true, lastLogIndex=1} from 3
21:52:11.994 [raft-server-raft-partition-4] TRACE i.a.p.raft.roles.LeaderAppender - RaftServer{raft-partition-4} - Sending AppendRequest{term=1, leader=1, prevLogIndex=1, prevLogTerm=1, entries=0, commitIndex=1} to 3
21:52:11.994 [raft-server-raft-partition-4] TRACE i.a.p.raft.roles.LeaderAppender - RaftServer{raft-partition-4} - Received AppendResponse{status=OK, term=1, succeeded=true, lastLogIndex=1} from 2
21:52:11.994 [raft-server-raft-partition-4] TRACE i.a.p.raft.roles.LeaderAppender - RaftServer{raft-partition-4} - Sending AppendRequest{term=1, leader=1, prevLogIndex=1, prevLogTerm=1, entries=0, commitIndex=1} to 2
21:52:11.994 [raft-server-raft-partition-4] TRACE i.a.p.raft.roles.FollowerRole - RaftServer{raft-partition-4}{role=FOLLOWER} - Received AppendRequest{term=1, leader=1, prevLogIndex=1, prevLogTerm=1, entries=0, commitIndex=1}
21:52:11.994 [raft-server-raft-partition-4] TRACE i.a.p.raft.roles.FollowerRole - RaftServer{raft-partition-4}{role=FOLLOWER} - Sending AppendResponse{status=OK, term=1, succeeded=true, lastLogIndex=1}
21:52:11.994 [raft-server-raft-partition-4] TRACE i.a.p.raft.roles.FollowerRole - RaftServer{raft-partition-4}{role=FOLLOWER} - Received AppendRequest{term=1, leader=1, prevLogIndex=1, prevLogTerm=1, entries=0, commitIndex=1}
21:52:11.994 [raft-server-raft-partition-4] TRACE i.a.p.raft.roles.FollowerRole - RaftServer{raft-partition-4}{role=FOLLOWER} - Sending AppendResponse{status=OK, term=1, succeeded=true, lastLogIndex=1}
21:52:11.994 [raft-server-raft-partition-4] TRACE i.a.p.raft.roles.LeaderAppender - RaftServer{raft-partition-4} - Received AppendResponse{status=OK, term=1, succeeded=true, lastLogIndex=1} from 3
21:52:11.994 [raft-server-raft-partition-4] TRACE i.a.p.raft.roles.LeaderAppender - RaftServer{raft-partition-4} - Received AppendResponse{status=OK, term=1, succeeded=true, lastLogIndex=1} from 2
21:52:12.067 [raft-server-raft-partition-2] TRACE i.a.p.raft.roles.LeaderAppender - RaftServer{raft-partition-2} - Sending AppendRequest{term=1, leader=1, prevLogIndex=1, prevLogTerm=1, entries=0, commitIndex=1} to 2
21:52:12.068 [raft-server-raft-partition-2] TRACE i.a.p.raft.roles.LeaderAppender - RaftServer{raft-partition-2} - Sending AppendRequest{term=1, leader=1, prevLogIndex=1, prevLogTerm=1, entries=0, commitIndex=1} to 3
21:52:12.068 [raft-server-raft-partition-2] TRACE i.a.p.raft.roles.FollowerRole - RaftServer{raft-partition-2}{role=FOLLOWER} - Received AppendRequest{term=1, leader=1, prevLogIndex=1, prevLogTerm=1, entries=0, commitIndex=1}
21:52:12.068 [raft-server-raft-partition-2] TRACE i.a.p.raft.roles.FollowerRole - RaftServer{raft-partition-2}{role=FOLLOWER} - Received AppendRequest{term=1, leader=1, prevLogIndex=1, prevLogTerm=1, entries=0, commitIndex=1}
21:52:12.068 [raft-server-raft-partition-2] TRACE i.a.p.raft.roles.FollowerRole - RaftServer{raft-partition-2}{role=FOLLOWER} - Sending AppendResponse{status=OK, term=1, succeeded=true, lastLogIndex=1}
21:52:12.068 [raft-server-raft-partition-2] TRACE i.a.p.raft.roles.FollowerRole - RaftServer{raft-partition-2}{role=FOLLOWER} - Sending AppendResponse{status=OK, term=1, succeeded=true, lastLogIndex=1}
21:52:12.068 [raft-server-raft-partition-2] TRACE i.a.p.raft.roles.LeaderAppender - RaftServer{raft-partition-2} - Received AppendResponse{status=OK, term=1, succeeded=true, lastLogIndex=1} from 2
21:52:12.068 [raft-server-raft-partition-2] TRACE i.a.p.raft.roles.LeaderAppender - RaftServer{raft-partition-2} - Sending AppendRequest{term=1, leader=1, prevLogIndex=1, prevLogTerm=1, entries=0, commitIndex=1} to 2
21:52:12.068 [raft-server-raft-partition-2] TRACE i.a.p.raft.roles.LeaderAppender - RaftServer{raft-partition-2} - Received AppendResponse{status=OK, term=1, succeeded=true, lastLogIndex=1} from 3
21:52:12.068 [raft-server-raft-partition-2] TRACE i.a.p.raft.roles.FollowerRole - RaftServer{raft-partition-2}{role=FOLLOWER} - Received AppendRequest{term=1, leader=1, prevLogIndex=1, prevLogTerm=1, entries=0, commitIndex=1}
21:52:12.068 [raft-server-raft-partition-2] TRACE i.a.p.raft.roles.FollowerRole - RaftServer{raft-partition-2}{role=FOLLOWER} - Sending AppendResponse{status=OK, term=1, succeeded=true, lastLogIndex=1}
21:52:12.069 [raft-server-raft-partition-2] TRACE i.a.p.raft.roles.LeaderAppender - RaftServer{raft-partition-2} - Received AppendResponse{status=OK, term=1, succeeded=true, lastLogIndex=1} from 2
21:52:12.076 [raft-server-raft-partition-6] TRACE i.a.p.raft.roles.LeaderAppender - RaftServer{raft-partition-6} - Sending AppendRequest{term=1, leader=1, prevLogIndex=1, prevLogTerm=1, entries=0, commitIndex=1} to 2
21:52:12.076 [raft-server-raft-partition-6] TRACE i.a.p.raft.roles.LeaderAppender - RaftServer{raft-partition-6} - Sending AppendRequest{term=1, leader=1, prevLogIndex=1, prevLogTerm=1, entries=0, commitIndex=1} to 3
21:52:12.076 [raft-server-raft-partition-6] TRACE i.a.p.raft.roles.FollowerRole - RaftServer{raft-partition-6}{role=FOLLOWER} - Received AppendRequest{term=1, leader=1, prevLogIndex=1, prevLogTerm=1, entries=0, commitIndex=1}
21:52:12.076 [raft-server-raft-partition-6] TRACE i.a.p.raft.roles.FollowerRole - RaftServer{raft-partition-6}{role=FOLLOWER} - Received AppendRequest{term=1, leader=1, prevLogIndex=1, prevLogTerm=1, entries=0, commitIndex=1}
21:52:12.076 [raft-server-raft-partition-6] TRACE i.a.p.raft.roles.FollowerRole - RaftServer{raft-partition-6}{role=FOLLOWER} - Sending AppendResponse{status=OK, term=1, succeeded=true, lastLogIndex=1}
21:52:12.076 [raft-server-raft-partition-6] TRACE i.a.p.raft.roles.FollowerRole - RaftServer{raft-partition-6}{role=FOLLOWER} - Sending AppendResponse{status=OK, term=1, succeeded=true, lastLogIndex=1}
21:52:12.076 [raft-server-raft-partition-6] TRACE i.a.p.raft.roles.LeaderAppender - RaftServer{raft-partition-6} - Received AppendResponse{status=OK, term=1, succeeded=true, lastLogIndex=1} from 2
21:52:12.076 [raft-server-raft-partition-6] TRACE i.a.p.raft.roles.LeaderAppender - RaftServer{raft-partition-6} - Sending AppendRequest{term=1, leader=1, prevLogIndex=1, prevLogTerm=1, entries=0, commitIndex=1} to 2
21:52:12.076 [raft-server-raft-partition-6] TRACE i.a.p.raft.roles.LeaderAppender - RaftServer{raft-partition-6} - Received AppendResponse{status=OK, term=1, succeeded=true, lastLogIndex=1} from 3
21:52:12.076 [raft-server-raft-partition-6] TRACE i.a.p.raft.roles.LeaderAppender - RaftServer{raft-partition-6} - Sending AppendRequest{term=1, leader=1, prevLogIndex=1, prevLogTerm=1, entries=0, commitIndex=1} to 3
21:52:12.077 [raft-server-raft-partition-6] TRACE i.a.p.raft.roles.FollowerRole - RaftServer{raft-partition-6}{role=FOLLOWER} - Received AppendRequest{term=1, leader=1, prevLogIndex=1, prevLogTerm=1, entries=0, commitIndex=1}
21:52:12.077 [raft-server-raft-partition-6] TRACE i.a.p.raft.roles.FollowerRole - RaftServer{raft-partition-6}{role=FOLLOWER} - Sending AppendResponse{status=OK, term=1, succeeded=true, lastLogIndex=1}
21:52:12.077 [raft-server-raft-partition-6] TRACE i.a.p.raft.roles.FollowerRole - RaftServer{raft-partition-6}{role=FOLLOWER} - Received AppendRequest{term=1, leader=1, prevLogIndex=1, prevLogTerm=1, entries=0, commitIndex=1}
21:52:12.077 [raft-server-raft-partition-6] TRACE i.a.p.raft.roles.FollowerRole - RaftServer{raft-partition-6}{role=FOLLOWER} - Sending AppendResponse{status=OK, term=1, succeeded=true, lastLogIndex=1}
21:52:12.077 [raft-server-raft-partition-6] TRACE i.a.p.raft.roles.LeaderAppender - RaftServer{raft-partition-6} - Received AppendResponse{status=OK, term=1, succeeded=true, lastLogIndex=1} from 2
21:52:12.077 [raft-server-raft-partition-6] TRACE i.a.p.raft.roles.LeaderAppender - RaftServer{raft-partition-6} - Sending AppendRequest{term=1, leader=1, prevLogIndex=1, prevLogTerm=1, entries=0, commitIndex=1} to 2
21:52:12.077 [raft-server-raft-partition-6] TRACE i.a.p.raft.roles.LeaderAppender - RaftServer{raft-partition-6} - Received AppendResponse{status=OK, term=1, succeeded=true, lastLogIndex=1} from 3
21:52:12.077 [raft-server-raft-partition-6] TRACE i.a.p.raft.roles.LeaderAppender - RaftServer{raft-partition-6} - Sending AppendRequest{term=1, leader=1, prevLogIndex=1, prevLogTerm=1, entries=0, commitIndex=1} to 3
21:52:12.077 [raft-server-raft-partition-6] TRACE i.a.p.raft.roles.FollowerRole - RaftServer{raft-partition-6}{role=FOLLOWER} - Received AppendRequest{term=1, leader=1, prevLogIndex=1, prevLogTerm=1, entries=0, commitIndex=1}
21:52:12.077 [raft-server-raft-partition-6] TRACE i.a.p.raft.roles.FollowerRole - RaftServer{raft-partition-6}{role=FOLLOWER} - Sending AppendResponse{status=OK, term=1, succeeded=true, lastLogIndex=1}
21:52:12.077 [raft-server-raft-partition-6] TRACE i.a.p.raft.roles.FollowerRole - RaftServer{raft-partition-6}{role=FOLLOWER} - Received AppendRequest{term=1, leader=1, prevLogIndex=1, prevLogTerm=1, entries=0, commitIndex=1}
21:52:12.077 [raft-server-raft-partition-6] TRACE i.a.p.raft.roles.LeaderAppender - RaftServer{raft-partition-6} - Received AppendResponse{status=OK, term=1, succeeded=true, lastLogIndex=1} from 2
21:52:12.077 [raft-server-raft-partition-6] TRACE i.a.p.raft.roles.FollowerRole - RaftServer{raft-partition-6}{role=FOLLOWER} - Sending AppendResponse{status=OK, term=1, succeeded=true, lastLogIndex=1}
21:52:12.078 [raft-server-raft-partition-6] TRACE i.a.p.raft.roles.LeaderAppender - RaftServer{raft-partition-6} - Received AppendResponse{status=OK, term=1, succeeded=true, lastLogIndex=1} from 3
21:52:12.125 [raft-server-raft-partition-3] TRACE i.a.p.raft.roles.LeaderAppender - RaftServer{raft-partition-3} - Sending AppendRequest{term=3, leader=1, prevLogIndex=1, prevLogTerm=2, entries=0, commitIndex=1} to 2
21:52:12.125 [raft-server-raft-partition-3] TRACE i.a.p.raft.roles.LeaderAppender - RaftServer{raft-partition-3} - Sending AppendRequest{term=3, leader=1, prevLogIndex=1, prevLogTerm=2, entries=0, commitIndex=1} to 3
21:52:12.125 [raft-server-raft-partition-3] TRACE i.a.p.raft.roles.FollowerRole - RaftServer{raft-partition-3}{role=FOLLOWER} - Received AppendRequest{term=3, leader=1, prevLogIndex=1, prevLogTerm=2, entries=0, commitIndex=1}
21:52:12.125 [raft-server-raft-partition-3] TRACE i.a.p.raft.roles.FollowerRole - RaftServer{raft-partition-3}{role=FOLLOWER} - Received AppendRequest{term=3, leader=1, prevLogIndex=1, prevLogTerm=2, entries=0, commitIndex=1}
21:52:12.125 [raft-server-raft-partition-3] TRACE i.a.p.raft.roles.FollowerRole - RaftServer{raft-partition-3}{role=FOLLOWER} - Sending AppendResponse{status=OK, term=3, succeeded=true, lastLogIndex=1}
21:52:12.125 [raft-server-raft-partition-3] TRACE i.a.p.raft.roles.FollowerRole - RaftServer{raft-partition-3}{role=FOLLOWER} - Sending AppendResponse{status=OK, term=3, succeeded=true, lastLogIndex=1}
21:52:12.125 [raft-server-raft-partition-3] TRACE i.a.p.raft.roles.LeaderAppender - RaftServer{raft-partition-3} - Received AppendResponse{status=OK, term=3, succeeded=true, lastLogIndex=1} from 2
21:52:12.125 [raft-server-raft-partition-3] TRACE i.a.p.raft.roles.LeaderAppender - RaftServer{raft-partition-3} - Sending AppendRequest{term=3, leader=1, prevLogIndex=1, prevLogTerm=2, entries=0, commitIndex=1} to 2
21:52:12.125 [raft-server-raft-partition-3] TRACE i.a.p.raft.roles.LeaderAppender - RaftServer{raft-partition-3} - Received AppendResponse{status=OK, term=3, succeeded=true, lastLogIndex=1} from 3
21:52:12.125 [raft-server-raft-partition-3] TRACE i.a.p.raft.roles.LeaderAppender - RaftServer{raft-partition-3} - Sending AppendRequest{term=3, leader=1, prevLogIndex=1, prevLogTerm=2, entries=0, commitIndex=1} to 3
21:52:12.126 [raft-server-raft-partition-3] TRACE i.a.p.raft.roles.FollowerRole - RaftServer{raft-partition-3}{role=FOLLOWER} - Received AppendRequest{term=3, leader=1, prevLogIndex=1, prevLogTerm=2, entries=0, commitIndex=1}
21:52:12.126 [raft-server-raft-partition-3] TRACE i.a.p.raft.roles.FollowerRole - RaftServer{raft-partition-3}{role=FOLLOWER} - Sending AppendResponse{status=OK, term=3, succeeded=true, lastLogIndex=1}
21:52:12.126 [raft-server-raft-partition-3] TRACE i.a.p.raft.roles.FollowerRole - RaftServer{raft-partition-3}{role=FOLLOWER} - Received AppendRequest{term=3, leader=1, prevLogIndex=1, prevLogTerm=2, entries=0, commitIndex=1}
21:52:12.126 [raft-server-raft-partition-3] TRACE i.a.p.raft.roles.FollowerRole - RaftServer{raft-partition-3}{role=FOLLOWER} - Sending AppendResponse{status=OK, term=3, succeeded=true, lastLogIndex=1}
21:52:12.126 [raft-server-raft-partition-3] TRACE i.a.p.raft.roles.LeaderAppender - RaftServer{raft-partition-3} - Received AppendResponse{status=OK, term=3, succeeded=true, lastLogIndex=1} from 2
21:52:12.126 [raft-server-raft-partition-3] TRACE i.a.p.raft.roles.LeaderAppender - RaftServer{raft-partition-3} - Sending AppendRequest{term=3, leader=1, prevLogIndex=1, prevLogTerm=2, entries=0, commitIndex=1} to 2
21:52:12.126 [raft-server-raft-partition-3] TRACE i.a.p.raft.roles.LeaderAppender - RaftServer{raft-partition-3} - Received AppendResponse{status=OK, term=3, succeeded=true, lastLogIndex=1} from 3
21:52:12.126 [raft-server-raft-partition-3] TRACE i.a.p.raft.roles.LeaderAppender - RaftServer{raft-partition-3} - Sending AppendRequest{term=3, leader=1, prevLogIndex=1, prevLogTerm=2, entries=0, commitIndex=1} to 3
21:52:12.126 [raft-server-raft-partition-3] TRACE i.a.p.raft.roles.FollowerRole - RaftServer{raft-partition-3}{role=FOLLOWER} - Received AppendRequest{term=3, leader=1, prevLogIndex=1, prevLogTerm=2, entries=0, commitIndex=1}
21:52:12.126 [raft-server-raft-partition-3] TRACE i.a.p.raft.roles.FollowerRole - RaftServer{raft-partition-3}{role=FOLLOWER} - Sending AppendResponse{status=OK, term=3, succeeded=true, lastLogIndex=1}
21:52:12.126 [raft-server-raft-partition-3] TRACE i.a.p.raft.roles.FollowerRole - RaftServer{raft-partition-3}{role=FOLLOWER} - Received AppendRequest{term=3, leader=1, prevLogIndex=1, prevLogTerm=2, entries=0, commitIndex=1}
21:52:12.126 [raft-server-raft-partition-3] TRACE i.a.p.raft.roles.FollowerRole - RaftServer{raft-partition-3}{role=FOLLOWER} - Sending AppendResponse{status=OK, term=3, succeeded=true, lastLogIndex=1}
21:52:12.126 [raft-server-raft-partition-3] TRACE i.a.p.raft.roles.LeaderAppender - RaftServer{raft-partition-3} - Received AppendResponse{status=OK, term=3, succeeded=true, lastLogIndex=1} from 2
21:52:12.126 [raft-server-raft-partition-3] TRACE i.a.p.raft.roles.LeaderAppender - RaftServer{raft-partition-3} - Received AppendResponse{status=OK, term=3, succeeded=true, lastLogIndex=1} from 3
21:52:12.134 [raft-server-raft-partition-1] TRACE i.a.p.raft.roles.LeaderAppender - RaftServer{raft-partition-1} - Sending AppendRequest{term=1, leader=2, prevLogIndex=1, prevLogTerm=1, entries=0, commitIndex=1} to 3
21:52:12.135 [raft-server-raft-partition-1] TRACE i.a.p.raft.roles.FollowerRole - RaftServer{raft-partition-1}{role=FOLLOWER} - Received AppendRequest{term=1, leader=2, prevLogIndex=1, prevLogTerm=1, entries=0, commitIndex=1}
21:52:12.135 [raft-server-raft-partition-1] TRACE i.a.p.raft.roles.FollowerRole - RaftServer{raft-partition-1}{role=FOLLOWER} - Sending AppendResponse{status=OK, term=1, succeeded=true, lastLogIndex=1}
21:52:12.135 [raft-server-raft-partition-1] TRACE i.a.p.raft.roles.LeaderAppender - RaftServer{raft-partition-1} - Received AppendResponse{status=OK, term=1, succeeded=true, lastLogIndex=1} from 3
21:52:12.135 [raft-server-raft-partition-1] TRACE i.a.p.raft.roles.LeaderAppender - RaftServer{raft-partition-1} - Sending AppendRequest{term=1, leader=2, prevLogIndex=1, prevLogTerm=1, entries=0, commitIndex=1} to 3
21:52:12.135 [raft-server-raft-partition-1] TRACE i.a.p.raft.roles.FollowerRole - RaftServer{raft-partition-1}{role=FOLLOWER} - Received AppendRequest{term=1, leader=2, prevLogIndex=1, prevLogTerm=1, entries=0, commitIndex=1}
21:52:12.135 [raft-server-raft-partition-1] TRACE i.a.p.raft.roles.FollowerRole - RaftServer{raft-partition-1}{role=FOLLOWER} - Sending AppendResponse{status=OK, term=1, succeeded=true, lastLogIndex=1}
21:52:12.136 [raft-server-raft-partition-1] TRACE i.a.p.raft.roles.LeaderAppender - RaftServer{raft-partition-1} - Received AppendResponse{status=OK, term=1, succeeded=true, lastLogIndex=1} from 3
21:52:12.167 [raft-server-system-partition-1] TRACE i.a.p.raft.roles.LeaderAppender - RaftServer{system-partition-1} - Sending AppendRequest{term=1, leader=1, prevLogIndex=13, prevLogTerm=1, entries=0, commitIndex=13} to 2
21:52:12.167 [raft-server-system-partition-1] TRACE i.a.p.raft.roles.LeaderAppender - RaftServer{system-partition-1} - Sending AppendRequest{term=1, leader=1, prevLogIndex=13, prevLogTerm=1, entries=0, commitIndex=13} to 3
21:52:12.168 [raft-server-system-partition-1] TRACE i.a.p.raft.roles.FollowerRole - RaftServer{system-partition-1}{role=FOLLOWER} - Received AppendRequest{term=1, leader=1, prevLogIndex=13, prevLogTerm=1, entries=0, commitIndex=13}
21:52:12.168 [raft-server-system-partition-1] TRACE i.a.p.raft.roles.FollowerRole - RaftServer{system-partition-1}{role=FOLLOWER} - Received AppendRequest{term=1, leader=1, prevLogIndex=13, prevLogTerm=1, entries=0, commitIndex=13}
21:52:12.168 [raft-server-system-partition-1] TRACE i.a.p.raft.roles.FollowerRole - RaftServer{system-partition-1}{role=FOLLOWER} - Sending AppendResponse{status=OK, term=1, succeeded=true, lastLogIndex=13}
21:52:12.168 [raft-server-system-partition-1] TRACE i.a.p.raft.roles.FollowerRole - RaftServer{system-partition-1}{role=FOLLOWER} - Sending AppendResponse{status=OK, term=1, succeeded=true, lastLogIndex=13}
21:52:12.168 [raft-server-system-partition-1] TRACE i.a.p.raft.roles.LeaderAppender - RaftServer{system-partition-1} - Received AppendResponse{status=OK, term=1, succeeded=true, lastLogIndex=13} from 3
21:52:12.168 [raft-server-system-partition-1] TRACE i.a.p.raft.roles.LeaderAppender - RaftServer{system-partition-1} - Sending AppendRequest{term=1, leader=1, prevLogIndex=13, prevLogTerm=1, entries=0, commitIndex=13} to 3
21:52:12.168 [raft-server-system-partition-1] TRACE i.a.p.raft.roles.LeaderAppender - RaftServer{system-partition-1} - Received AppendResponse{status=OK, term=1, succeeded=true, lastLogIndex=13} from 2
21:52:12.168 [raft-server-system-partition-1] TRACE i.a.p.raft.roles.LeaderAppender - RaftServer{system-partition-1} - Sending AppendRequest{term=1, leader=1, prevLogIndex=13, prevLogTerm=1, entries=0, commitIndex=13} to 2
21:52:12.168 [raft-server-system-partition-1] TRACE i.a.p.raft.roles.FollowerRole - RaftServer{system-partition-1}{role=FOLLOWER} - Received AppendRequest{term=1, leader=1, prevLogIndex=13, prevLogTerm=1, entries=0, commitIndex=13}
21:52:12.168 [raft-server-system-partition-1] TRACE i.a.p.raft.roles.FollowerRole - RaftServer{system-partition-1}{role=FOLLOWER} - Sending AppendResponse{status=OK, term=1, succeeded=true, lastLogIndex=13}
21:52:12.168 [raft-server-system-partition-1] TRACE i.a.p.raft.roles.FollowerRole - RaftServer{system-partition-1}{role=FOLLOWER} - Received AppendRequest{term=1, leader=1, prevLogIndex=13, prevLogTerm=1, entries=0, commitIndex=13}
21:52:12.168 [raft-server-system-partition-1] TRACE i.a.p.raft.roles.FollowerRole - RaftServer{system-partition-1}{role=FOLLOWER} - Sending AppendResponse{status=OK, term=1, succeeded=true, lastLogIndex=13}
21:52:12.168 [raft-server-system-partition-1] TRACE i.a.p.raft.roles.LeaderAppender - RaftServer{system-partition-1} - Received AppendResponse{status=OK, term=1, succeeded=true, lastLogIndex=13} from 3
21:52:12.168 [raft-server-system-partition-1] TRACE i.a.p.raft.roles.LeaderAppender - RaftServer{system-partition-1} - Received AppendResponse{status=OK, term=1, succeeded=true, lastLogIndex=13} from 2
21:52:12.209 [raft-server-raft-partition-5] TRACE i.a.p.raft.roles.LeaderAppender - RaftServer{raft-partition-5} - Sending AppendRequest{term=1, leader=3, prevLogIndex=1, prevLogTerm=1, entries=0, commitIndex=1} to 1
21:52:12.209 [raft-server-raft-partition-5] TRACE i.a.p.raft.roles.LeaderAppender - RaftServer{raft-partition-5} - Sending AppendRequest{term=1, leader=3, prevLogIndex=1, prevLogTerm=1, entries=0, commitIndex=1} to 2
21:52:12.209 [raft-server-raft-partition-7] TRACE i.a.p.raft.roles.LeaderAppender - RaftServer{raft-partition-7} - Sending AppendRequest{term=1, leader=2, prevLogIndex=1, prevLogTerm=1, entries=0, commitIndex=1} to 1
21:52:12.209 [raft-server-raft-partition-7] TRACE i.a.p.raft.roles.LeaderAppender - RaftServer{raft-partition-7} - Sending AppendRequest{term=1, leader=2, prevLogIndex=1, prevLogTerm=1, entries=0, commitIndex=1} to 3
21:52:12.209 [raft-server-raft-partition-5] TRACE i.a.p.raft.roles.FollowerRole - RaftServer{raft-partition-5}{role=FOLLOWER} - Received AppendRequest{term=1, leader=3, prevLogIndex=1, prevLogTerm=1, entries=0, commitIndex=1}
21:52:12.209 [raft-server-raft-partition-5] TRACE i.a.p.raft.roles.FollowerRole - RaftServer{raft-partition-5}{role=FOLLOWER} - Received AppendRequest{term=1, leader=3, prevLogIndex=1, prevLogTerm=1, entries=0, commitIndex=1}
21:52:12.209 [raft-server-raft-partition-5] TRACE i.a.p.raft.roles.FollowerRole - RaftServer{raft-partition-5}{role=FOLLOWER} - Sending AppendResponse{status=OK, term=1, succeeded=true, lastLogIndex=1}
21:52:12.209 [raft-server-raft-partition-7] TRACE i.a.p.raft.roles.FollowerRole - RaftServer{raft-partition-7}{role=FOLLOWER} - Received AppendRequest{term=1, leader=2, prevLogIndex=1, prevLogTerm=1, entries=0, commitIndex=1}
21:52:12.209 [raft-server-raft-partition-5] TRACE i.a.p.raft.roles.FollowerRole - RaftServer{raft-partition-5}{role=FOLLOWER} - Sending AppendResponse{status=OK, term=1, succeeded=true, lastLogIndex=1}
21:52:12.209 [raft-server-raft-partition-7] TRACE i.a.p.raft.roles.FollowerRole - RaftServer{raft-partition-7}{role=FOLLOWER} - Received AppendRequest{term=1, leader=2, prevLogIndex=1, prevLogTerm=1, entries=0, commitIndex=1}
21:52:12.209 [raft-server-raft-partition-7] TRACE i.a.p.raft.roles.FollowerRole - RaftServer{raft-partition-7}{role=FOLLOWER} - Sending AppendResponse{status=OK, term=1, succeeded=true, lastLogIndex=1}
21:52:12.210 [raft-server-raft-partition-5] TRACE i.a.p.raft.roles.LeaderAppender - RaftServer{raft-partition-5} - Received AppendResponse{status=OK, term=1, succeeded=true, lastLogIndex=1} from 1
21:52:12.210 [raft-server-raft-partition-7] TRACE i.a.p.raft.roles.FollowerRole - RaftServer{raft-partition-7}{role=FOLLOWER} - Sending AppendResponse{status=OK, term=1, succeeded=true, lastLogIndex=1}
21:52:12.210 [raft-server-raft-partition-5] TRACE i.a.p.raft.roles.LeaderAppender - RaftServer{raft-partition-5} - Sending AppendRequest{term=1, leader=3, prevLogIndex=1, prevLogTerm=1, entries=0, commitIndex=1} to 1
21:52:12.210 [raft-server-raft-partition-7] TRACE i.a.p.raft.roles.LeaderAppender - RaftServer{raft-partition-7} - Received AppendResponse{status=OK, term=1, succeeded=true, lastLogIndex=1} from 1
21:52:12.210 [raft-server-raft-partition-5] TRACE i.a.p.raft.roles.LeaderAppender - RaftServer{raft-partition-5} - Received AppendResponse{status=OK, term=1, succeeded=true, lastLogIndex=1} from 2
21:52:12.210 [raft-server-raft-partition-7] TRACE i.a.p.raft.roles.LeaderAppender - RaftServer{raft-partition-7} - Sending AppendRequest{term=1, leader=2, prevLogIndex=1, prevLogTerm=1, entries=0, commitIndex=1} to 1
21:52:12.210 [raft-server-raft-partition-5] TRACE i.a.p.raft.roles.LeaderAppender - RaftServer{raft-partition-5} - Sending AppendRequest{term=1, leader=3, prevLogIndex=1, prevLogTerm=1, entries=0, commitIndex=1} to 2
21:52:12.210 [raft-server-raft-partition-5] TRACE i.a.p.raft.roles.FollowerRole - RaftServer{raft-partition-5}{role=FOLLOWER} - Received AppendRequest{term=1, leader=3, prevLogIndex=1, prevLogTerm=1, entries=0, commitIndex=1}
21:52:12.210 [raft-server-raft-partition-7] TRACE i.a.p.raft.roles.LeaderAppender - RaftServer{raft-partition-7} - Received AppendResponse{status=OK, term=1, succeeded=true, lastLogIndex=1} from 3
21:52:12.210 [raft-server-raft-partition-5] TRACE i.a.p.raft.roles.FollowerRole - RaftServer{raft-partition-5}{role=FOLLOWER} - Sending AppendResponse{status=OK, term=1, succeeded=true, lastLogIndex=1}
21:52:12.210 [raft-server-raft-partition-5] TRACE i.a.p.raft.roles.FollowerRole - RaftServer{raft-partition-5}{role=FOLLOWER} - Received AppendRequest{term=1, leader=3, prevLogIndex=1, prevLogTerm=1, entries=0, commitIndex=1}
21:52:12.210 [raft-server-raft-partition-7] TRACE i.a.p.raft.roles.FollowerRole - RaftServer{raft-partition-7}{role=FOLLOWER} - Received AppendRequest{term=1, leader=2, prevLogIndex=1, prevLogTerm=1, entries=0, commitIndex=1}
21:52:12.210 [raft-server-raft-partition-7] TRACE i.a.p.raft.roles.LeaderAppender - RaftServer{raft-partition-7} - Sending AppendRequest{term=1, leader=2, prevLogIndex=1, prevLogTerm=1, entries=0, commitIndex=1} to 3
21:52:12.210 [raft-server-raft-partition-5] TRACE i.a.p.raft.roles.FollowerRole - RaftServer{raft-partition-5}{role=FOLLOWER} - Sending AppendResponse{status=OK, term=1, succeeded=true, lastLogIndex=1}
21:52:12.210 [raft-server-raft-partition-7] TRACE i.a.p.raft.roles.FollowerRole - RaftServer{raft-partition-7}{role=FOLLOWER} - Sending AppendResponse{status=OK, term=1, succeeded=true, lastLogIndex=1}
21:52:12.210 [raft-server-raft-partition-5] TRACE i.a.p.raft.roles.LeaderAppender - RaftServer{raft-partition-5} - Received AppendResponse{status=OK, term=1, succeeded=true, lastLogIndex=1} from 1
21:52:12.211 [raft-server-raft-partition-7] TRACE i.a.p.raft.roles.FollowerRole - RaftServer{raft-partition-7}{role=FOLLOWER} - Received AppendRequest{term=1, leader=2, prevLogIndex=1, prevLogTerm=1, entries=0, commitIndex=1}
21:52:12.211 [raft-server-raft-partition-5] TRACE i.a.p.raft.roles.LeaderAppender - RaftServer{raft-partition-5} - Received AppendResponse{status=OK, term=1, succeeded=true, lastLogIndex=1} from 2
21:52:12.211 [raft-server-raft-partition-7] TRACE i.a.p.raft.roles.FollowerRole - RaftServer{raft-partition-7}{role=FOLLOWER} - Sending AppendResponse{status=OK, term=1, succeeded=true, lastLogIndex=1}
21:52:12.211 [raft-server-raft-partition-7] TRACE i.a.p.raft.roles.LeaderAppender - RaftServer{raft-partition-7} - Received AppendResponse{status=OK, term=1, succeeded=true, lastLogIndex=1} from 1
21:52:12.211 [raft-server-raft-partition-7] TRACE i.a.p.raft.roles.LeaderAppender - RaftServer{raft-partition-7} - Received AppendResponse{status=OK, term=1, succeeded=true, lastLogIndex=1} from 3
21:52:12.243 [raft-server-raft-partition-4] TRACE i.a.p.raft.roles.LeaderAppender - RaftServer{raft-partition-4} - Sending AppendRequest{term=1, leader=1, prevLogIndex=1, prevLogTerm=1, entries=0, commitIndex=1} to 2
21:52:12.243 [raft-server-raft-partition-4] TRACE i.a.p.raft.roles.LeaderAppender - RaftServer{raft-partition-4} - Sending AppendRequest{term=1, leader=1, prevLogIndex=1, prevLogTerm=1, entries=0, commitIndex=1} to 3
21:52:12.243 [raft-server-raft-partition-4] TRACE i.a.p.raft.roles.FollowerRole - RaftServer{raft-partition-4}{role=FOLLOWER} - Received AppendRequest{term=1, leader=1, prevLogIndex=1, prevLogTerm=1, entries=0, commitIndex=1}
21:52:12.243 [raft-server-raft-partition-4] TRACE i.a.p.raft.roles.FollowerRole - RaftServer{raft-partition-4}{role=FOLLOWER} - Received AppendRequest{term=1, leader=1, prevLogIndex=1, prevLogTerm=1, entries=0, commitIndex=1}
21:52:12.243 [raft-server-raft-partition-4] TRACE i.a.p.raft.roles.FollowerRole - RaftServer{raft-partition-4}{role=FOLLOWER} - Sending AppendResponse{status=OK, term=1, succeeded=true, lastLogIndex=1}
21:52:12.243 [raft-server-raft-partition-4] TRACE i.a.p.raft.roles.FollowerRole - RaftServer{raft-partition-4}{role=FOLLOWER} - Sending AppendResponse{status=OK, term=1, succeeded=true, lastLogIndex=1}
21:52:12.244 [raft-server-raft-partition-4] TRACE i.a.p.raft.roles.LeaderAppender - RaftServer{raft-partition-4} - Received AppendResponse{status=OK, term=1, succeeded=true, lastLogIndex=1} from 3
21:52:12.244 [raft-server-raft-partition-4] TRACE i.a.p.raft.roles.LeaderAppender - RaftServer{raft-partition-4} - Sending AppendRequest{term=1, leader=1, prevLogIndex=1, prevLogTerm=1, entries=0, commitIndex=1} to 3
21:52:12.244 [raft-server-raft-partition-4] TRACE i.a.p.raft.roles.LeaderAppender - RaftServer{raft-partition-4} - Received AppendResponse{status=OK, term=1, succeeded=true, lastLogIndex=1} from 2
21:52:12.244 [raft-server-raft-partition-4] TRACE i.a.p.raft.roles.LeaderAppender - RaftServer{raft-partition-4} - Sending AppendRequest{term=1, leader=1, prevLogIndex=1, prevLogTerm=1, entries=0, commitIndex=1} to 2
21:52:12.244 [raft-server-raft-partition-4] TRACE i.a.p.raft.roles.FollowerRole - RaftServer{raft-partition-4}{role=FOLLOWER} - Received AppendRequest{term=1, leader=1, prevLogIndex=1, prevLogTerm=1, entries=0, commitIndex=1}
21:52:12.244 [raft-server-raft-partition-4] TRACE i.a.p.raft.roles.FollowerRole - RaftServer{raft-partition-4}{role=FOLLOWER} - Received AppendRequest{term=1, leader=1, prevLogIndex=1, prevLogTerm=1, entries=0, commitIndex=1}
21:52:12.244 [raft-server-raft-partition-4] TRACE i.a.p.raft.roles.FollowerRole - RaftServer{raft-partition-4}{role=FOLLOWER} - Sending AppendResponse{status=OK, term=1, succeeded=true, lastLogIndex=1}
21:52:12.244 [raft-server-raft-partition-4] TRACE i.a.p.raft.roles.FollowerRole - RaftServer{raft-partition-4}{role=FOLLOWER} - Sending AppendResponse{status=OK, term=1, succeeded=true, lastLogIndex=1}
21:52:12.244 [raft-server-raft-partition-4] TRACE i.a.p.raft.roles.LeaderAppender - RaftServer{raft-partition-4} - Received AppendResponse{status=OK, term=1, succeeded=true, lastLogIndex=1} from 3
21:52:12.244 [raft-server-raft-partition-4] TRACE i.a.p.raft.roles.LeaderAppender - RaftServer{raft-partition-4} - Received AppendResponse{status=OK, term=1, succeeded=true, lastLogIndex=1} from 2
21:52:12.317 [raft-server-raft-partition-2] TRACE i.a.p.raft.roles.LeaderAppender - RaftServer{raft-partition-2} - Sending AppendRequest{term=1, leader=1, prevLogIndex=1, prevLogTerm=1, entries=0, commitIndex=1} to 2
21:52:12.318 [raft-server-raft-partition-2] TRACE i.a.p.raft.roles.LeaderAppender - RaftServer{raft-partition-2} - Sending AppendRequest{term=1, leader=1, prevLogIndex=1, prevLogTerm=1, entries=0, commitIndex=1} to 3
21:52:12.318 [raft-server-raft-partition-2] TRACE i.a.p.raft.roles.FollowerRole - RaftServer{raft-partition-2}{role=FOLLOWER} - Received AppendRequest{term=1, leader=1, prevLogIndex=1, prevLogTerm=1, entries=0, commitIndex=1}
21:52:12.318 [raft-server-raft-partition-2] TRACE i.a.p.raft.roles.FollowerRole - RaftServer{raft-partition-2}{role=FOLLOWER} - Sending AppendResponse{status=OK, term=1, succeeded=true, lastLogIndex=1}
21:52:12.318 [raft-server-raft-partition-2] TRACE i.a.p.raft.roles.FollowerRole - RaftServer{raft-partition-2}{role=FOLLOWER} - Received AppendRequest{term=1, leader=1, prevLogIndex=1, prevLogTerm=1, entries=0, commitIndex=1}
21:52:12.318 [raft-server-raft-partition-2] TRACE i.a.p.raft.roles.FollowerRole - RaftServer{raft-partition-2}{role=FOLLOWER} - Sending AppendResponse{status=OK, term=1, succeeded=true, lastLogIndex=1}
21:52:12.318 [raft-server-raft-partition-2] TRACE i.a.p.raft.roles.LeaderAppender - RaftServer{raft-partition-2} - Received AppendResponse{status=OK, term=1, succeeded=true, lastLogIndex=1} from 2
21:52:12.318 [raft-server-raft-partition-2] TRACE i.a.p.raft.roles.LeaderAppender - RaftServer{raft-partition-2} - Sending AppendRequest{term=1, leader=1, prevLogIndex=1, prevLogTerm=1, entries=0, commitIndex=1} to 2
21:52:12.318 [raft-server-raft-partition-2] TRACE i.a.p.raft.roles.LeaderAppender - RaftServer{raft-partition-2} - Received AppendResponse{status=OK, term=1, succeeded=true, lastLogIndex=1} from 3
21:52:12.318 [raft-server-raft-partition-2] TRACE i.a.p.raft.roles.FollowerRole - RaftServer{raft-partition-2}{role=FOLLOWER} - Received AppendRequest{term=1, leader=1, prevLogIndex=1, prevLogTerm=1, entries=0, commitIndex=1}
21:52:12.319 [raft-server-raft-partition-2] TRACE i.a.p.raft.roles.FollowerRole - RaftServer{raft-partition-2}{role=FOLLOWER} - Sending AppendResponse{status=OK, term=1, succeeded=true, lastLogIndex=1}
21:52:12.319 [raft-server-raft-partition-2] TRACE i.a.p.raft.roles.LeaderAppender - RaftServer{raft-partition-2} - Received AppendResponse{status=OK, term=1, succeeded=true, lastLogIndex=1} from 2
21:52:12.326 [raft-server-raft-partition-6] TRACE i.a.p.raft.roles.LeaderAppender - RaftServer{raft-partition-6} - Sending AppendRequest{term=1, leader=1, prevLogIndex=1, prevLogTerm=1, entries=0, commitIndex=1} to 2
21:52:12.326 [raft-server-raft-partition-6] TRACE i.a.p.raft.roles.LeaderAppender - RaftServer{raft-partition-6} - Sending AppendRequest{term=1, leader=1, prevLogIndex=1, prevLogTerm=1, entries=0, commitIndex=1} to 3
21:52:12.326 [raft-server-raft-partition-6] TRACE i.a.p.raft.roles.FollowerRole - RaftServer{raft-partition-6}{role=FOLLOWER} - Received AppendRequest{term=1, leader=1, prevLogIndex=1, prevLogTerm=1, entries=0, commitIndex=1}
21:52:12.326 [raft-server-raft-partition-6] TRACE i.a.p.raft.roles.FollowerRole - RaftServer{raft-partition-6}{role=FOLLOWER} - Received AppendRequest{term=1, leader=1, prevLogIndex=1, prevLogTerm=1, entries=0, commitIndex=1}
21:52:12.326 [raft-server-raft-partition-6] TRACE i.a.p.raft.roles.FollowerRole - RaftServer{raft-partition-6}{role=FOLLOWER} - Sending AppendResponse{status=OK, term=1, succeeded=true, lastLogIndex=1}
21:52:12.326 [raft-server-raft-partition-6] TRACE i.a.p.raft.roles.FollowerRole - RaftServer{raft-partition-6}{role=FOLLOWER} - Sending AppendResponse{status=OK, term=1, succeeded=true, lastLogIndex=1}
21:52:12.326 [raft-server-raft-partition-6] TRACE i.a.p.raft.roles.LeaderAppender - RaftServer{raft-partition-6} - Received AppendResponse{status=OK, term=1, succeeded=true, lastLogIndex=1} from 3
21:52:12.326 [raft-server-raft-partition-6] TRACE i.a.p.raft.roles.LeaderAppender - RaftServer{raft-partition-6} - Sending AppendRequest{term=1, leader=1, prevLogIndex=1, prevLogTerm=1, entries=0, commitIndex=1} to 3
21:52:12.326 [raft-server-raft-partition-6] TRACE i.a.p.raft.roles.LeaderAppender - RaftServer{raft-partition-6} - Received AppendResponse{status=OK, term=1, succeeded=true, lastLogIndex=1} from 2
21:52:12.326 [raft-server-raft-partition-6] TRACE i.a.p.raft.roles.LeaderAppender - RaftServer{raft-partition-6} - Sending AppendRequest{term=1, leader=1, prevLogIndex=1, prevLogTerm=1, entries=0, commitIndex=1} to 2
21:52:12.327 [raft-server-raft-partition-6] TRACE i.a.p.raft.roles.FollowerRole - RaftServer{raft-partition-6}{role=FOLLOWER} - Received AppendRequest{term=1, leader=1, prevLogIndex=1, prevLogTerm=1, entries=0, commitIndex=1}
21:52:12.327 [raft-server-raft-partition-6] TRACE i.a.p.raft.roles.FollowerRole - RaftServer{raft-partition-6}{role=FOLLOWER} - Sending AppendResponse{status=OK, term=1, succeeded=true, lastLogIndex=1}
21:52:12.327 [raft-server-raft-partition-6] TRACE i.a.p.raft.roles.FollowerRole - RaftServer{raft-partition-6}{role=FOLLOWER} - Received AppendRequest{term=1, leader=1, prevLogIndex=1, prevLogTerm=1, entries=0, commitIndex=1}
21:52:12.327 [raft-server-raft-partition-6] TRACE i.a.p.raft.roles.FollowerRole - RaftServer{raft-partition-6}{role=FOLLOWER} - Sending AppendResponse{status=OK, term=1, succeeded=true, lastLogIndex=1}
21:52:12.327 [raft-server-raft-partition-6] TRACE i.a.p.raft.roles.LeaderAppender - RaftServer{raft-partition-6} - Received AppendResponse{status=OK, term=1, succeeded=true, lastLogIndex=1} from 3
21:52:12.327 [raft-server-raft-partition-6] TRACE i.a.p.raft.roles.LeaderAppender - RaftServer{raft-partition-6} - Sending AppendRequest{term=1, leader=1, prevLogIndex=1, prevLogTerm=1, entries=0, commitIndex=1} to 3
21:52:12.327 [raft-server-raft-partition-6] TRACE i.a.p.raft.roles.LeaderAppender - RaftServer{raft-partition-6} - Received AppendResponse{status=OK, term=1, succeeded=true, lastLogIndex=1} from 2
21:52:12.327 [raft-server-raft-partition-6] TRACE i.a.p.raft.roles.LeaderAppender - RaftServer{raft-partition-6} - Sending AppendRequest{term=1, leader=1, prevLogIndex=1, prevLogTerm=1, entries=0, commitIndex=1} to 2
21:52:12.327 [raft-server-raft-partition-6] TRACE i.a.p.raft.roles.FollowerRole - RaftServer{raft-partition-6}{role=FOLLOWER} - Received AppendRequest{term=1, leader=1, prevLogIndex=1, prevLogTerm=1, entries=0, commitIndex=1}
21:52:12.327 [raft-server-raft-partition-6] TRACE i.a.p.raft.roles.FollowerRole - RaftServer{raft-partition-6}{role=FOLLOWER} - Sending AppendResponse{status=OK, term=1, succeeded=true, lastLogIndex=1}
21:52:12.327 [raft-server-raft-partition-6] TRACE i.a.p.raft.roles.FollowerRole - RaftServer{raft-partition-6}{role=FOLLOWER} - Received AppendRequest{term=1, leader=1, prevLogIndex=1, prevLogTerm=1, entries=0, commitIndex=1}
21:52:12.327 [raft-server-raft-partition-6] TRACE i.a.p.raft.roles.LeaderAppender - RaftServer{raft-partition-6} - Received AppendResponse{status=OK, term=1, succeeded=true, lastLogIndex=1} from 3
21:52:12.327 [raft-server-raft-partition-6] TRACE i.a.p.raft.roles.FollowerRole - RaftServer{raft-partition-6}{role=FOLLOWER} - Sending AppendResponse{status=OK, term=1, succeeded=true, lastLogIndex=1}
21:52:12.328 [raft-server-raft-partition-6] TRACE i.a.p.raft.roles.LeaderAppender - RaftServer{raft-partition-6} - Received AppendResponse{status=OK, term=1, succeeded=true, lastLogIndex=1} from 2
21:52:12.375 [raft-server-raft-partition-3] TRACE i.a.p.raft.roles.LeaderAppender - RaftServer{raft-partition-3} - Sending AppendRequest{term=3, leader=1, prevLogIndex=1, prevLogTerm=2, entries=0, commitIndex=1} to 2
21:52:12.375 [raft-server-raft-partition-3] TRACE i.a.p.raft.roles.LeaderAppender - RaftServer{raft-partition-3} - Sending AppendRequest{term=3, leader=1, prevLogIndex=1, prevLogTerm=2, entries=0, commitIndex=1} to 3
21:52:12.375 [raft-server-raft-partition-3] TRACE i.a.p.raft.roles.FollowerRole - RaftServer{raft-partition-3}{role=FOLLOWER} - Received AppendRequest{term=3, leader=1, prevLogIndex=1, prevLogTerm=2, entries=0, commitIndex=1}
21:52:12.375 [raft-server-raft-partition-3] TRACE i.a.p.raft.roles.FollowerRole - RaftServer{raft-partition-3}{role=FOLLOWER} - Sending AppendResponse{status=OK, term=3, succeeded=true, lastLogIndex=1}
21:52:12.375 [raft-server-raft-partition-3] TRACE i.a.p.raft.roles.FollowerRole - RaftServer{raft-partition-3}{role=FOLLOWER} - Received AppendRequest{term=3, leader=1, prevLogIndex=1, prevLogTerm=2, entries=0, commitIndex=1}
21:52:12.375 [raft-server-raft-partition-3] TRACE i.a.p.raft.roles.FollowerRole - RaftServer{raft-partition-3}{role=FOLLOWER} - Sending AppendResponse{status=OK, term=3, succeeded=true, lastLogIndex=1}
21:52:12.375 [raft-server-raft-partition-3] TRACE i.a.p.raft.roles.LeaderAppender - RaftServer{raft-partition-3} - Received AppendResponse{status=OK, term=3, succeeded=true, lastLogIndex=1} from 2
21:52:12.375 [raft-server-raft-partition-3] TRACE i.a.p.raft.roles.LeaderAppender - RaftServer{raft-partition-3} - Sending AppendRequest{term=3, leader=1, prevLogIndex=1, prevLogTerm=2, entries=0, commitIndex=1} to 2
21:52:12.375 [raft-server-raft-partition-3] TRACE i.a.p.raft.roles.LeaderAppender - RaftServer{raft-partition-3} - Received AppendResponse{status=OK, term=3, succeeded=true, lastLogIndex=1} from 3
21:52:12.375 [raft-server-raft-partition-3] TRACE i.a.p.raft.roles.LeaderAppender - RaftServer{raft-partition-3} - Sending AppendRequest{term=3, leader=1, prevLogIndex=1, prevLogTerm=2, entries=0, commitIndex=1} to 3
21:52:12.376 [raft-server-raft-partition-3] TRACE i.a.p.raft.roles.FollowerRole - RaftServer{raft-partition-3}{role=FOLLOWER} - Received AppendRequest{term=3, leader=1, prevLogIndex=1, prevLogTerm=2, entries=0, commitIndex=1}
21:52:12.376 [raft-server-raft-partition-3] TRACE i.a.p.raft.roles.FollowerRole - RaftServer{raft-partition-3}{role=FOLLOWER} - Sending AppendResponse{status=OK, term=3, succeeded=true, lastLogIndex=1}
21:52:12.376 [raft-server-raft-partition-3] TRACE i.a.p.raft.roles.FollowerRole - RaftServer{raft-partition-3}{role=FOLLOWER} - Received AppendRequest{term=3, leader=1, prevLogIndex=1, prevLogTerm=2, entries=0, commitIndex=1}
21:52:12.376 [raft-server-raft-partition-3] TRACE i.a.p.raft.roles.FollowerRole - RaftServer{raft-partition-3}{role=FOLLOWER} - Sending AppendResponse{status=OK, term=3, succeeded=true, lastLogIndex=1}
21:52:12.376 [raft-server-raft-partition-3] TRACE i.a.p.raft.roles.LeaderAppender - RaftServer{raft-partition-3} - Received AppendResponse{status=OK, term=3, succeeded=true, lastLogIndex=1} from 2
21:52:12.376 [raft-server-raft-partition-3] TRACE i.a.p.raft.roles.LeaderAppender - RaftServer{raft-partition-3} - Sending AppendRequest{term=3, leader=1, prevLogIndex=1, prevLogTerm=2, entries=0, commitIndex=1} to 2
21:52:12.376 [raft-server-raft-partition-3] TRACE i.a.p.raft.roles.LeaderAppender - RaftServer{raft-partition-3} - Received AppendResponse{status=OK, term=3, succeeded=true, lastLogIndex=1} from 3
21:52:12.376 [raft-server-raft-partition-3] TRACE i.a.p.raft.roles.LeaderAppender - RaftServer{raft-partition-3} - Sending AppendRequest{term=3, leader=1, prevLogIndex=1, prevLogTerm=2, entries=0, commitIndex=1} to 3
21:52:12.376 [raft-server-raft-partition-3] TRACE i.a.p.raft.roles.FollowerRole - RaftServer{raft-partition-3}{role=FOLLOWER} - Received AppendRequest{term=3, leader=1, prevLogIndex=1, prevLogTerm=2, entries=0, commitIndex=1}
21:52:12.376 [raft-server-raft-partition-3] TRACE i.a.p.raft.roles.FollowerRole - RaftServer{raft-partition-3}{role=FOLLOWER} - Sending AppendResponse{status=OK, term=3, succeeded=true, lastLogIndex=1}
21:52:12.376 [raft-server-raft-partition-3] TRACE i.a.p.raft.roles.FollowerRole - RaftServer{raft-partition-3}{role=FOLLOWER} - Received AppendRequest{term=3, leader=1, prevLogIndex=1, prevLogTerm=2, entries=0, commitIndex=1}
21:52:12.376 [raft-server-raft-partition-3] TRACE i.a.p.raft.roles.FollowerRole - RaftServer{raft-partition-3}{role=FOLLOWER} - Sending AppendResponse{status=OK, term=3, succeeded=true, lastLogIndex=1}
21:52:12.376 [raft-server-raft-partition-3] TRACE i.a.p.raft.roles.LeaderAppender - RaftServer{raft-partition-3} - Received AppendResponse{status=OK, term=3, succeeded=true, lastLogIndex=1} from 2
21:52:12.377 [raft-server-raft-partition-3] TRACE i.a.p.raft.roles.LeaderAppender - RaftServer{raft-partition-3} - Received AppendResponse{status=OK, term=3, succeeded=true, lastLogIndex=1} from 3
21:52:12.384 [raft-server-raft-partition-1] TRACE i.a.p.raft.roles.LeaderAppender - RaftServer{raft-partition-1} - Sending AppendRequest{term=1, leader=2, prevLogIndex=1, prevLogTerm=1, entries=0, commitIndex=1} to 3
21:52:12.385 [raft-server-raft-partition-1] TRACE i.a.p.raft.roles.FollowerRole - RaftServer{raft-partition-1}{role=FOLLOWER} - Received AppendRequest{term=1, leader=2, prevLogIndex=1, prevLogTerm=1, entries=0, commitIndex=1}
21:52:12.385 [raft-server-raft-partition-1] TRACE i.a.p.raft.roles.FollowerRole - RaftServer{raft-partition-1}{role=FOLLOWER} - Sending AppendResponse{status=OK, term=1, succeeded=true, lastLogIndex=1}
21:52:12.385 [raft-server-raft-partition-1] TRACE i.a.p.raft.roles.LeaderAppender - RaftServer{raft-partition-1} - Received AppendResponse{status=OK, term=1, succeeded=true, lastLogIndex=1} from 3
21:52:12.385 [raft-server-raft-partition-1] TRACE i.a.p.raft.roles.LeaderAppender - RaftServer{raft-partition-1} - Sending AppendRequest{term=1, leader=2, prevLogIndex=1, prevLogTerm=1, entries=0, commitIndex=1} to 3
21:52:12.385 [raft-server-raft-partition-1] TRACE i.a.p.raft.roles.FollowerRole - RaftServer{raft-partition-1}{role=FOLLOWER} - Received AppendRequest{term=1, leader=2, prevLogIndex=1, prevLogTerm=1, entries=0, commitIndex=1}
21:52:12.385 [raft-server-raft-partition-1] TRACE i.a.p.raft.roles.FollowerRole - RaftServer{raft-partition-1}{role=FOLLOWER} - Sending AppendResponse{status=OK, term=1, succeeded=true, lastLogIndex=1}
21:52:12.386 [raft-server-raft-partition-1] TRACE i.a.p.raft.roles.LeaderAppender - RaftServer{raft-partition-1} - Received AppendResponse{status=OK, term=1, succeeded=true, lastLogIndex=1} from 3
21:52:12.417 [raft-server-system-partition-1] TRACE i.a.p.raft.roles.LeaderAppender - RaftServer{system-partition-1} - Sending AppendRequest{term=1, leader=1, prevLogIndex=13, prevLogTerm=1, entries=0, commitIndex=13} to 2
21:52:12.417 [raft-server-system-partition-1] TRACE i.a.p.raft.roles.LeaderAppender - RaftServer{system-partition-1} - Sending AppendRequest{term=1, leader=1, prevLogIndex=13, prevLogTerm=1, entries=0, commitIndex=13} to 3
21:52:12.418 [raft-server-system-partition-1] TRACE i.a.p.raft.roles.FollowerRole - RaftServer{system-partition-1}{role=FOLLOWER} - Received AppendRequest{term=1, leader=1, prevLogIndex=13, prevLogTerm=1, entries=0, commitIndex=13}
21:52:12.418 [raft-server-system-partition-1] TRACE i.a.p.raft.roles.FollowerRole - RaftServer{system-partition-1}{role=FOLLOWER} - Received AppendRequest{term=1, leader=1, prevLogIndex=13, prevLogTerm=1, entries=0, commitIndex=13}
21:52:12.418 [raft-server-system-partition-1] TRACE i.a.p.raft.roles.FollowerRole - RaftServer{system-partition-1}{role=FOLLOWER} - Sending AppendResponse{status=OK, term=1, succeeded=true, lastLogIndex=13}
21:52:12.418 [raft-server-system-partition-1] TRACE i.a.p.raft.roles.FollowerRole - RaftServer{system-partition-1}{role=FOLLOWER} - Sending AppendResponse{status=OK, term=1, succeeded=true, lastLogIndex=13}
21:52:12.418 [raft-server-system-partition-1] TRACE i.a.p.raft.roles.LeaderAppender - RaftServer{system-partition-1} - Received AppendResponse{status=OK, term=1, succeeded=true, lastLogIndex=13} from 3
21:52:12.418 [raft-server-system-partition-1] TRACE i.a.p.raft.roles.LeaderAppender - RaftServer{system-partition-1} - Sending AppendRequest{term=1, leader=1, prevLogIndex=13, prevLogTerm=1, entries=0, commitIndex=13} to 3
21:52:12.418 [raft-server-system-partition-1] TRACE i.a.p.raft.roles.LeaderAppender - RaftServer{system-partition-1} - Received AppendResponse{status=OK, term=1, succeeded=true, lastLogIndex=13} from 2
21:52:12.418 [raft-server-system-partition-1] TRACE i.a.p.raft.roles.LeaderAppender - RaftServer{system-partition-1} - Sending AppendRequest{term=1, leader=1, prevLogIndex=13, prevLogTerm=1, entries=0, commitIndex=13} to 2
21:52:12.418 [raft-server-system-partition-1] TRACE i.a.p.raft.roles.FollowerRole - RaftServer{system-partition-1}{role=FOLLOWER} - Received AppendRequest{term=1, leader=1, prevLogIndex=13, prevLogTerm=1, entries=0, commitIndex=13}
21:52:12.418 [raft-server-system-partition-1] TRACE i.a.p.raft.roles.FollowerRole - RaftServer{system-partition-1}{role=FOLLOWER} - Received AppendRequest{term=1, leader=1, prevLogIndex=13, prevLogTerm=1, entries=0, commitIndex=13}
21:52:12.418 [raft-server-system-partition-1] TRACE i.a.p.raft.roles.FollowerRole - RaftServer{system-partition-1}{role=FOLLOWER} - Sending AppendResponse{status=OK, term=1, succeeded=true, lastLogIndex=13}
21:52:12.418 [raft-server-system-partition-1] TRACE i.a.p.raft.roles.FollowerRole - RaftServer{system-partition-1}{role=FOLLOWER} - Sending AppendResponse{status=OK, term=1, succeeded=true, lastLogIndex=13}
21:52:12.419 [raft-server-system-partition-1] TRACE i.a.p.raft.roles.LeaderAppender - RaftServer{system-partition-1} - Received AppendResponse{status=OK, term=1, succeeded=true, lastLogIndex=13} from 3
21:52:12.419 [raft-server-system-partition-1] TRACE i.a.p.raft.roles.LeaderAppender - RaftServer{system-partition-1} - Received AppendResponse{status=OK, term=1, succeeded=true, lastLogIndex=13} from 2
21:52:12.459 [raft-server-raft-partition-5] TRACE i.a.p.raft.roles.LeaderAppender - RaftServer{raft-partition-5} - Sending AppendRequest{term=1, leader=3, prevLogIndex=1, prevLogTerm=1, entries=0, commitIndex=1} to 1
21:52:12.459 [raft-server-raft-partition-5] TRACE i.a.p.raft.roles.LeaderAppender - RaftServer{raft-partition-5} - Sending AppendRequest{term=1, leader=3, prevLogIndex=1, prevLogTerm=1, entries=0, commitIndex=1} to 2
21:52:12.459 [raft-server-raft-partition-7] TRACE i.a.p.raft.roles.LeaderAppender - RaftServer{raft-partition-7} - Sending AppendRequest{term=1, leader=2, prevLogIndex=1, prevLogTerm=1, entries=0, commitIndex=1} to 1
21:52:12.459 [raft-server-raft-partition-7] TRACE i.a.p.raft.roles.LeaderAppender - RaftServer{raft-partition-7} - Sending AppendRequest{term=1, leader=2, prevLogIndex=1, prevLogTerm=1, entries=0, commitIndex=1} to 3
21:52:12.459 [raft-server-raft-partition-5] TRACE i.a.p.raft.roles.FollowerRole - RaftServer{raft-partition-5}{role=FOLLOWER} - Received AppendRequest{term=1, leader=3, prevLogIndex=1, prevLogTerm=1, entries=0, commitIndex=1}
21:52:12.459 [raft-server-raft-partition-5] TRACE i.a.p.raft.roles.FollowerRole - RaftServer{raft-partition-5}{role=FOLLOWER} - Received AppendRequest{term=1, leader=3, prevLogIndex=1, prevLogTerm=1, entries=0, commitIndex=1}
21:52:12.459 [raft-server-raft-partition-5] TRACE i.a.p.raft.roles.FollowerRole - RaftServer{raft-partition-5}{role=FOLLOWER} - Sending AppendResponse{status=OK, term=1, succeeded=true, lastLogIndex=1}
21:52:12.459 [raft-server-raft-partition-7] TRACE i.a.p.raft.roles.FollowerRole - RaftServer{raft-partition-7}{role=FOLLOWER} - Received AppendRequest{term=1, leader=2, prevLogIndex=1, prevLogTerm=1, entries=0, commitIndex=1}
21:52:12.459 [raft-server-raft-partition-5] TRACE i.a.p.raft.roles.FollowerRole - RaftServer{raft-partition-5}{role=FOLLOWER} - Sending AppendResponse{status=OK, term=1, succeeded=true, lastLogIndex=1}
21:52:12.459 [raft-server-raft-partition-7] TRACE i.a.p.raft.roles.FollowerRole - RaftServer{raft-partition-7}{role=FOLLOWER} - Received AppendRequest{term=1, leader=2, prevLogIndex=1, prevLogTerm=1, entries=0, commitIndex=1}
21:52:12.459 [raft-server-raft-partition-7] TRACE i.a.p.raft.roles.FollowerRole - RaftServer{raft-partition-7}{role=FOLLOWER} - Sending AppendResponse{status=OK, term=1, succeeded=true, lastLogIndex=1}
21:52:12.459 [raft-server-raft-partition-5] TRACE i.a.p.raft.roles.LeaderAppender - RaftServer{raft-partition-5} - Received AppendResponse{status=OK, term=1, succeeded=true, lastLogIndex=1} from 1
21:52:12.460 [raft-server-raft-partition-7] TRACE i.a.p.raft.roles.FollowerRole - RaftServer{raft-partition-7}{role=FOLLOWER} - Sending AppendResponse{status=OK, term=1, succeeded=true, lastLogIndex=1}
21:52:12.460 [raft-server-raft-partition-5] TRACE i.a.p.raft.roles.LeaderAppender - RaftServer{raft-partition-5} - Sending AppendRequest{term=1, leader=3, prevLogIndex=1, prevLogTerm=1, entries=0, commitIndex=1} to 1
21:52:12.460 [raft-server-raft-partition-7] TRACE i.a.p.raft.roles.LeaderAppender - RaftServer{raft-partition-7} - Received AppendResponse{status=OK, term=1, succeeded=true, lastLogIndex=1} from 1
21:52:12.460 [raft-server-raft-partition-7] TRACE i.a.p.raft.roles.LeaderAppender - RaftServer{raft-partition-7} - Sending AppendRequest{term=1, leader=2, prevLogIndex=1, prevLogTerm=1, entries=0, commitIndex=1} to 1
21:52:12.460 [raft-server-raft-partition-5] TRACE i.a.p.raft.roles.LeaderAppender - RaftServer{raft-partition-5} - Received AppendResponse{status=OK, term=1, succeeded=true, lastLogIndex=1} from 2
21:52:12.460 [raft-server-raft-partition-7] TRACE i.a.p.raft.roles.LeaderAppender - RaftServer{raft-partition-7} - Received AppendResponse{status=OK, term=1, succeeded=true, lastLogIndex=1} from 3
21:52:12.460 [raft-server-raft-partition-5] TRACE i.a.p.raft.roles.LeaderAppender - RaftServer{raft-partition-5} - Sending AppendRequest{term=1, leader=3, prevLogIndex=1, prevLogTerm=1, entries=0, commitIndex=1} to 2
21:52:12.460 [raft-server-raft-partition-7] TRACE i.a.p.raft.roles.LeaderAppender - RaftServer{raft-partition-7} - Sending AppendRequest{term=1, leader=2, prevLogIndex=1, prevLogTerm=1, entries=0, commitIndex=1} to 3
21:52:12.460 [raft-server-raft-partition-5] TRACE i.a.p.raft.roles.FollowerRole - RaftServer{raft-partition-5}{role=FOLLOWER} - Received AppendRequest{term=1, leader=3, prevLogIndex=1, prevLogTerm=1, entries=0, commitIndex=1}
21:52:12.460 [raft-server-raft-partition-7] TRACE i.a.p.raft.roles.FollowerRole - RaftServer{raft-partition-7}{role=FOLLOWER} - Received AppendRequest{term=1, leader=2, prevLogIndex=1, prevLogTerm=1, entries=0, commitIndex=1}
21:52:12.460 [raft-server-raft-partition-5] TRACE i.a.p.raft.roles.FollowerRole - RaftServer{raft-partition-5}{role=FOLLOWER} - Received AppendRequest{term=1, leader=3, prevLogIndex=1, prevLogTerm=1, entries=0, commitIndex=1}
21:52:12.460 [raft-server-raft-partition-5] TRACE i.a.p.raft.roles.FollowerRole - RaftServer{raft-partition-5}{role=FOLLOWER} - Sending AppendResponse{status=OK, term=1, succeeded=true, lastLogIndex=1}
21:52:12.460 [raft-server-raft-partition-7] TRACE i.a.p.raft.roles.FollowerRole - RaftServer{raft-partition-7}{role=FOLLOWER} - Sending AppendResponse{status=OK, term=1, succeeded=true, lastLogIndex=1}
21:52:12.460 [raft-server-raft-partition-7] TRACE i.a.p.raft.roles.FollowerRole - RaftServer{raft-partition-7}{role=FOLLOWER} - Received AppendRequest{term=1, leader=2, prevLogIndex=1, prevLogTerm=1, entries=0, commitIndex=1}
21:52:12.460 [raft-server-raft-partition-5] TRACE i.a.p.raft.roles.FollowerRole - RaftServer{raft-partition-5}{role=FOLLOWER} - Sending AppendResponse{status=OK, term=1, succeeded=true, lastLogIndex=1}
21:52:12.460 [raft-server-raft-partition-7] TRACE i.a.p.raft.roles.FollowerRole - RaftServer{raft-partition-7}{role=FOLLOWER} - Sending AppendResponse{status=OK, term=1, succeeded=true, lastLogIndex=1}
21:52:12.460 [raft-server-raft-partition-5] TRACE i.a.p.raft.roles.LeaderAppender - RaftServer{raft-partition-5} - Received AppendResponse{status=OK, term=1, succeeded=true, lastLogIndex=1} from 1
21:52:12.461 [raft-server-raft-partition-7] TRACE i.a.p.raft.roles.LeaderAppender - RaftServer{raft-partition-7} - Received AppendResponse{status=OK, term=1, succeeded=true, lastLogIndex=1} from 1
21:52:12.461 [raft-server-raft-partition-5] TRACE i.a.p.raft.roles.LeaderAppender - RaftServer{raft-partition-5} - Received AppendResponse{status=OK, term=1, succeeded=true, lastLogIndex=1} from 2
21:52:12.461 [raft-server-raft-partition-7] TRACE i.a.p.raft.roles.LeaderAppender - RaftServer{raft-partition-7} - Received AppendResponse{status=OK, term=1, succeeded=true, lastLogIndex=1} from 3
21:52:12.493 [raft-server-raft-partition-4] TRACE i.a.p.raft.roles.LeaderAppender - RaftServer{raft-partition-4} - Sending AppendRequest{term=1, leader=1, prevLogIndex=1, prevLogTerm=1, entries=0, commitIndex=1} to 2
21:52:12.493 [raft-server-raft-partition-4] TRACE i.a.p.raft.roles.LeaderAppender - RaftServer{raft-partition-4} - Sending AppendRequest{term=1, leader=1, prevLogIndex=1, prevLogTerm=1, entries=0, commitIndex=1} to 3
21:52:12.493 [raft-server-raft-partition-4] TRACE i.a.p.raft.roles.FollowerRole - RaftServer{raft-partition-4}{role=FOLLOWER} - Received AppendRequest{term=1, leader=1, prevLogIndex=1, prevLogTerm=1, entries=0, commitIndex=1}
21:52:12.493 [raft-server-raft-partition-4] TRACE i.a.p.raft.roles.FollowerRole - RaftServer{raft-partition-4}{role=FOLLOWER} - Sending AppendResponse{status=OK, term=1, succeeded=true, lastLogIndex=1}
21:52:12.493 [raft-server-raft-partition-4] TRACE i.a.p.raft.roles.FollowerRole - RaftServer{raft-partition-4}{role=FOLLOWER} - Received AppendRequest{term=1, leader=1, prevLogIndex=1, prevLogTerm=1, entries=0, commitIndex=1}
21:52:12.493 [raft-server-raft-partition-4] TRACE i.a.p.raft.roles.FollowerRole - RaftServer{raft-partition-4}{role=FOLLOWER} - Sending AppendResponse{status=OK, term=1, succeeded=true, lastLogIndex=1}
21:52:12.494 [raft-server-raft-partition-4] TRACE i.a.p.raft.roles.LeaderAppender - RaftServer{raft-partition-4} - Received AppendResponse{status=OK, term=1, succeeded=true, lastLogIndex=1} from 2
21:52:12.494 [raft-server-raft-partition-4] TRACE i.a.p.raft.roles.LeaderAppender - RaftServer{raft-partition-4} - Sending AppendRequest{term=1, leader=1, prevLogIndex=1, prevLogTerm=1, entries=0, commitIndex=1} to 2
21:52:12.494 [raft-server-raft-partition-4] TRACE i.a.p.raft.roles.LeaderAppender - RaftServer{raft-partition-4} - Received AppendResponse{status=OK, term=1, succeeded=true, lastLogIndex=1} from 3
21:52:12.494 [raft-server-raft-partition-4] TRACE i.a.p.raft.roles.LeaderAppender - RaftServer{raft-partition-4} - Sending AppendRequest{term=1, leader=1, prevLogIndex=1, prevLogTerm=1, entries=0, commitIndex=1} to 3
21:52:12.494 [raft-server-raft-partition-4] TRACE i.a.p.raft.roles.FollowerRole - RaftServer{raft-partition-4}{role=FOLLOWER} - Received AppendRequest{term=1, leader=1, prevLogIndex=1, prevLogTerm=1, entries=0, commitIndex=1}
21:52:12.494 [raft-server-raft-partition-4] TRACE i.a.p.raft.roles.FollowerRole - RaftServer{raft-partition-4}{role=FOLLOWER} - Sending AppendResponse{status=OK, term=1, succeeded=true, lastLogIndex=1}
21:52:12.494 [raft-server-raft-partition-4] TRACE i.a.p.raft.roles.FollowerRole - RaftServer{raft-partition-4}{role=FOLLOWER} - Received AppendRequest{term=1, leader=1, prevLogIndex=1, prevLogTerm=1, entries=0, commitIndex=1}
21:52:12.494 [raft-server-raft-partition-4] TRACE i.a.p.raft.roles.FollowerRole - RaftServer{raft-partition-4}{role=FOLLOWER} - Sending AppendResponse{status=OK, term=1, succeeded=true, lastLogIndex=1}
21:52:12.494 [raft-server-raft-partition-4] TRACE i.a.p.raft.roles.LeaderAppender - RaftServer{raft-partition-4} - Received AppendResponse{status=OK, term=1, succeeded=true, lastLogIndex=1} from 2
21:52:12.494 [raft-server-raft-partition-4] TRACE i.a.p.raft.roles.LeaderAppender - RaftServer{raft-partition-4} - Received AppendResponse{status=OK, term=1, succeeded=true, lastLogIndex=1} from 3
21:52:12.567 [raft-server-raft-partition-2] TRACE i.a.p.raft.roles.LeaderAppender - RaftServer{raft-partition-2} - Sending AppendRequest{term=1, leader=1, prevLogIndex=1, prevLogTerm=1, entries=0, commitIndex=1} to 2
21:52:12.567 [raft-server-raft-partition-2] TRACE i.a.p.raft.roles.LeaderAppender - RaftServer{raft-partition-2} - Sending AppendRequest{term=1, leader=1, prevLogIndex=1, prevLogTerm=1, entries=0, commitIndex=1} to 3
21:52:12.568 [raft-server-raft-partition-2] TRACE i.a.p.raft.roles.FollowerRole - RaftServer{raft-partition-2}{role=FOLLOWER} - Received AppendRequest{term=1, leader=1, prevLogIndex=1, prevLogTerm=1, entries=0, commitIndex=1}
21:52:12.568 [raft-server-raft-partition-2] TRACE i.a.p.raft.roles.FollowerRole - RaftServer{raft-partition-2}{role=FOLLOWER} - Sending AppendResponse{status=OK, term=1, succeeded=true, lastLogIndex=1}
21:52:12.568 [raft-server-raft-partition-2] TRACE i.a.p.raft.roles.FollowerRole - RaftServer{raft-partition-2}{role=FOLLOWER} - Received AppendRequest{term=1, leader=1, prevLogIndex=1, prevLogTerm=1, entries=0, commitIndex=1}
21:52:12.568 [raft-server-raft-partition-2] TRACE i.a.p.raft.roles.FollowerRole - RaftServer{raft-partition-2}{role=FOLLOWER} - Sending AppendResponse{status=OK, term=1, succeeded=true, lastLogIndex=1}
21:52:12.568 [raft-server-raft-partition-2] TRACE i.a.p.raft.roles.LeaderAppender - RaftServer{raft-partition-2} - Received AppendResponse{status=OK, term=1, succeeded=true, lastLogIndex=1} from 2
21:52:12.568 [raft-server-raft-partition-2] TRACE i.a.p.raft.roles.LeaderAppender - RaftServer{raft-partition-2} - Sending AppendRequest{term=1, leader=1, prevLogIndex=1, prevLogTerm=1, entries=0, commitIndex=1} to 2
21:52:12.568 [raft-server-raft-partition-2] TRACE i.a.p.raft.roles.LeaderAppender - RaftServer{raft-partition-2} - Received AppendResponse{status=OK, term=1, succeeded=true, lastLogIndex=1} from 3
21:52:12.568 [raft-server-raft-partition-2] TRACE i.a.p.raft.roles.LeaderAppender - RaftServer{raft-partition-2} - Sending AppendRequest{term=1, leader=1, prevLogIndex=1, prevLogTerm=1, entries=0, commitIndex=1} to 3
21:52:12.568 [raft-server-raft-partition-2] TRACE i.a.p.raft.roles.FollowerRole - RaftServer{raft-partition-2}{role=FOLLOWER} - Received AppendRequest{term=1, leader=1, prevLogIndex=1, prevLogTerm=1, entries=0, commitIndex=1}
21:52:12.568 [raft-server-raft-partition-2] TRACE i.a.p.raft.roles.FollowerRole - RaftServer{raft-partition-2}{role=FOLLOWER} - Received AppendRequest{term=1, leader=1, prevLogIndex=1, prevLogTerm=1, entries=0, commitIndex=1}
21:52:12.568 [raft-server-raft-partition-2] TRACE i.a.p.raft.roles.FollowerRole - RaftServer{raft-partition-2}{role=FOLLOWER} - Sending AppendResponse{status=OK, term=1, succeeded=true, lastLogIndex=1}
21:52:12.569 [raft-server-raft-partition-2] TRACE i.a.p.raft.roles.FollowerRole - RaftServer{raft-partition-2}{role=FOLLOWER} - Sending AppendResponse{status=OK, term=1, succeeded=true, lastLogIndex=1}
21:52:12.569 [raft-server-raft-partition-2] TRACE i.a.p.raft.roles.LeaderAppender - RaftServer{raft-partition-2} - Received AppendResponse{status=OK, term=1, succeeded=true, lastLogIndex=1} from 2
21:52:12.569 [raft-server-raft-partition-2] TRACE i.a.p.raft.roles.LeaderAppender - RaftServer{raft-partition-2} - Received AppendResponse{status=OK, term=1, succeeded=true, lastLogIndex=1} from 3
21:52:12.576 [raft-server-raft-partition-6] TRACE i.a.p.raft.roles.LeaderAppender - RaftServer{raft-partition-6} - Sending AppendRequest{term=1, leader=1, prevLogIndex=1, prevLogTerm=1, entries=0, commitIndex=1} to 2
21:52:12.576 [raft-server-raft-partition-6] TRACE i.a.p.raft.roles.LeaderAppender - RaftServer{raft-partition-6} - Sending AppendRequest{term=1, leader=1, prevLogIndex=1, prevLogTerm=1, entries=0, commitIndex=1} to 3
21:52:12.576 [raft-server-raft-partition-6] TRACE i.a.p.raft.roles.FollowerRole - RaftServer{raft-partition-6}{role=FOLLOWER} - Received AppendRequest{term=1, leader=1, prevLogIndex=1, prevLogTerm=1, entries=0, commitIndex=1}
21:52:12.576 [raft-server-raft-partition-6] TRACE i.a.p.raft.roles.FollowerRole - RaftServer{raft-partition-6}{role=FOLLOWER} - Sending AppendResponse{status=OK, term=1, succeeded=true, lastLogIndex=1}
21:52:12.576 [raft-server-raft-partition-6] TRACE i.a.p.raft.roles.FollowerRole - RaftServer{raft-partition-6}{role=FOLLOWER} - Received AppendRequest{term=1, leader=1, prevLogIndex=1, prevLogTerm=1, entries=0, commitIndex=1}
21:52:12.576 [raft-server-raft-partition-6] TRACE i.a.p.raft.roles.FollowerRole - RaftServer{raft-partition-6}{role=FOLLOWER} - Sending AppendResponse{status=OK, term=1, succeeded=true, lastLogIndex=1}
21:52:12.576 [raft-server-raft-partition-6] TRACE i.a.p.raft.roles.LeaderAppender - RaftServer{raft-partition-6} - Received AppendResponse{status=OK, term=1, succeeded=true, lastLogIndex=1} from 3
21:52:12.576 [raft-server-raft-partition-6] TRACE i.a.p.raft.roles.LeaderAppender - RaftServer{raft-partition-6} - Sending AppendRequest{term=1, leader=1, prevLogIndex=1, prevLogTerm=1, entries=0, commitIndex=1} to 3
21:52:12.576 [raft-server-raft-partition-6] TRACE i.a.p.raft.roles.LeaderAppender - RaftServer{raft-partition-6} - Received AppendResponse{status=OK, term=1, succeeded=true, lastLogIndex=1} from 2
21:52:12.576 [raft-server-raft-partition-6] TRACE i.a.p.raft.roles.LeaderAppender - RaftServer{raft-partition-6} - Sending AppendRequest{term=1, leader=1, prevLogIndex=1, prevLogTerm=1, entries=0, commitIndex=1} to 2
21:52:12.576 [raft-server-raft-partition-6] TRACE i.a.p.raft.roles.FollowerRole - RaftServer{raft-partition-6}{role=FOLLOWER} - Received AppendRequest{term=1, leader=1, prevLogIndex=1, prevLogTerm=1, entries=0, commitIndex=1}
21:52:12.576 [raft-server-raft-partition-6] TRACE i.a.p.raft.roles.FollowerRole - RaftServer{raft-partition-6}{role=FOLLOWER} - Sending AppendResponse{status=OK, term=1, succeeded=true, lastLogIndex=1}
21:52:12.576 [raft-server-raft-partition-6] TRACE i.a.p.raft.roles.FollowerRole - RaftServer{raft-partition-6}{role=FOLLOWER} - Received AppendRequest{term=1, leader=1, prevLogIndex=1, prevLogTerm=1, entries=0, commitIndex=1}
21:52:12.576 [raft-server-raft-partition-6] TRACE i.a.p.raft.roles.FollowerRole - RaftServer{raft-partition-6}{role=FOLLOWER} - Sending AppendResponse{status=OK, term=1, succeeded=true, lastLogIndex=1}
21:52:12.576 [raft-server-raft-partition-6] TRACE i.a.p.raft.roles.LeaderAppender - RaftServer{raft-partition-6} - Received AppendResponse{status=OK, term=1, succeeded=true, lastLogIndex=1} from 3
21:52:12.577 [raft-server-raft-partition-6] TRACE i.a.p.raft.roles.LeaderAppender - RaftServer{raft-partition-6} - Sending AppendRequest{term=1, leader=1, prevLogIndex=1, prevLogTerm=1, entries=0, commitIndex=1} to 3
21:52:12.577 [raft-server-raft-partition-6] TRACE i.a.p.raft.roles.LeaderAppender - RaftServer{raft-partition-6} - Received AppendResponse{status=OK, term=1, succeeded=true, lastLogIndex=1} from 2
21:52:12.577 [raft-server-raft-partition-6] TRACE i.a.p.raft.roles.LeaderAppender - RaftServer{raft-partition-6} - Sending AppendRequest{term=1, leader=1, prevLogIndex=1, prevLogTerm=1, entries=0, commitIndex=1} to 2
21:52:12.577 [raft-server-raft-partition-6] TRACE i.a.p.raft.roles.FollowerRole - RaftServer{raft-partition-6}{role=FOLLOWER} - Received AppendRequest{term=1, leader=1, prevLogIndex=1, prevLogTerm=1, entries=0, commitIndex=1}
21:52:12.577 [raft-server-raft-partition-6] TRACE i.a.p.raft.roles.FollowerRole - RaftServer{raft-partition-6}{role=FOLLOWER} - Sending AppendResponse{status=OK, term=1, succeeded=true, lastLogIndex=1}
21:52:12.577 [raft-server-raft-partition-6] TRACE i.a.p.raft.roles.FollowerRole - RaftServer{raft-partition-6}{role=FOLLOWER} - Received AppendRequest{term=1, leader=1, prevLogIndex=1, prevLogTerm=1, entries=0, commitIndex=1}
21:52:12.577 [raft-server-raft-partition-6] TRACE i.a.p.raft.roles.FollowerRole - RaftServer{raft-partition-6}{role=FOLLOWER} - Sending AppendResponse{status=OK, term=1, succeeded=true, lastLogIndex=1}
21:52:12.577 [raft-server-raft-partition-6] TRACE i.a.p.raft.roles.LeaderAppender - RaftServer{raft-partition-6} - Received AppendResponse{status=OK, term=1, succeeded=true, lastLogIndex=1} from 3
21:52:12.577 [raft-server-raft-partition-6] TRACE i.a.p.raft.roles.LeaderAppender - RaftServer{raft-partition-6} - Received AppendResponse{status=OK, term=1, succeeded=true, lastLogIndex=1} from 2
21:52:12.625 [raft-server-raft-partition-3] TRACE i.a.p.raft.roles.LeaderAppender - RaftServer{raft-partition-3} - Sending AppendRequest{term=3, leader=1, prevLogIndex=1, prevLogTerm=2, entries=0, commitIndex=1} to 2
21:52:12.625 [raft-server-raft-partition-3] TRACE i.a.p.raft.roles.LeaderAppender - RaftServer{raft-partition-3} - Sending AppendRequest{term=3, leader=1, prevLogIndex=1, prevLogTerm=2, entries=0, commitIndex=1} to 3
21:52:12.625 [raft-server-raft-partition-3] TRACE i.a.p.raft.roles.FollowerRole - RaftServer{raft-partition-3}{role=FOLLOWER} - Received AppendRequest{term=3, leader=1, prevLogIndex=1, prevLogTerm=2, entries=0, commitIndex=1}
21:52:12.625 [raft-server-raft-partition-3] TRACE i.a.p.raft.roles.FollowerRole - RaftServer{raft-partition-3}{role=FOLLOWER} - Sending AppendResponse{status=OK, term=3, succeeded=true, lastLogIndex=1}
21:52:12.625 [raft-server-raft-partition-3] TRACE i.a.p.raft.roles.FollowerRole - RaftServer{raft-partition-3}{role=FOLLOWER} - Received AppendRequest{term=3, leader=1, prevLogIndex=1, prevLogTerm=2, entries=0, commitIndex=1}
21:52:12.625 [raft-server-raft-partition-3] TRACE i.a.p.raft.roles.FollowerRole - RaftServer{raft-partition-3}{role=FOLLOWER} - Sending AppendResponse{status=OK, term=3, succeeded=true, lastLogIndex=1}
21:52:12.625 [raft-server-raft-partition-3] TRACE i.a.p.raft.roles.LeaderAppender - RaftServer{raft-partition-3} - Received AppendResponse{status=OK, term=3, succeeded=true, lastLogIndex=1} from 2
21:52:12.625 [raft-server-raft-partition-3] TRACE i.a.p.raft.roles.LeaderAppender - RaftServer{raft-partition-3} - Sending AppendRequest{term=3, leader=1, prevLogIndex=1, prevLogTerm=2, entries=0, commitIndex=1} to 2
21:52:12.625 [raft-server-raft-partition-3] TRACE i.a.p.raft.roles.LeaderAppender - RaftServer{raft-partition-3} - Received AppendResponse{status=OK, term=3, succeeded=true, lastLogIndex=1} from 3
21:52:12.625 [raft-server-raft-partition-3] TRACE i.a.p.raft.roles.LeaderAppender - RaftServer{raft-partition-3} - Sending AppendRequest{term=3, leader=1, prevLogIndex=1, prevLogTerm=2, entries=0, commitIndex=1} to 3
21:52:12.626 [raft-server-raft-partition-3] TRACE i.a.p.raft.roles.FollowerRole - RaftServer{raft-partition-3}{role=FOLLOWER} - Received AppendRequest{term=3, leader=1, prevLogIndex=1, prevLogTerm=2, entries=0, commitIndex=1}
21:52:12.626 [raft-server-raft-partition-3] TRACE i.a.p.raft.roles.FollowerRole - RaftServer{raft-partition-3}{role=FOLLOWER} - Received AppendRequest{term=3, leader=1, prevLogIndex=1, prevLogTerm=2, entries=0, commitIndex=1}
21:52:12.626 [raft-server-raft-partition-3] TRACE i.a.p.raft.roles.FollowerRole - RaftServer{raft-partition-3}{role=FOLLOWER} - Sending AppendResponse{status=OK, term=3, succeeded=true, lastLogIndex=1}
21:52:12.626 [raft-server-raft-partition-3] TRACE i.a.p.raft.roles.FollowerRole - RaftServer{raft-partition-3}{role=FOLLOWER} - Sending AppendResponse{status=OK, term=3, succeeded=true, lastLogIndex=1}
21:52:12.626 [raft-server-raft-partition-3] TRACE i.a.p.raft.roles.LeaderAppender - RaftServer{raft-partition-3} - Received AppendResponse{status=OK, term=3, succeeded=true, lastLogIndex=1} from 2
21:52:12.626 [raft-server-raft-partition-3] TRACE i.a.p.raft.roles.LeaderAppender - RaftServer{raft-partition-3} - Sending AppendRequest{term=3, leader=1, prevLogIndex=1, prevLogTerm=2, entries=0, commitIndex=1} to 2
21:52:12.626 [raft-server-raft-partition-3] TRACE i.a.p.raft.roles.LeaderAppender - RaftServer{raft-partition-3} - Received AppendResponse{status=OK, term=3, succeeded=true, lastLogIndex=1} from 3
21:52:12.626 [raft-server-raft-partition-3] TRACE i.a.p.raft.roles.LeaderAppender - RaftServer{raft-partition-3} - Sending AppendRequest{term=3, leader=1, prevLogIndex=1, prevLogTerm=2, entries=0, commitIndex=1} to 3
21:52:12.626 [raft-server-raft-partition-3] TRACE i.a.p.raft.roles.FollowerRole - RaftServer{raft-partition-3}{role=FOLLOWER} - Received AppendRequest{term=3, leader=1, prevLogIndex=1, prevLogTerm=2, entries=0, commitIndex=1}
21:52:12.626 [raft-server-raft-partition-3] TRACE i.a.p.raft.roles.FollowerRole - RaftServer{raft-partition-3}{role=FOLLOWER} - Sending AppendResponse{status=OK, term=3, succeeded=true, lastLogIndex=1}
21:52:12.626 [raft-server-raft-partition-3] TRACE i.a.p.raft.roles.FollowerRole - RaftServer{raft-partition-3}{role=FOLLOWER} - Received AppendRequest{term=3, leader=1, prevLogIndex=1, prevLogTerm=2, entries=0, commitIndex=1}
21:52:12.626 [raft-server-raft-partition-3] TRACE i.a.p.raft.roles.FollowerRole - RaftServer{raft-partition-3}{role=FOLLOWER} - Sending AppendResponse{status=OK, term=3, succeeded=true, lastLogIndex=1}
21:52:12.626 [raft-server-raft-partition-3] TRACE i.a.p.raft.roles.LeaderAppender - RaftServer{raft-partition-3} - Received AppendResponse{status=OK, term=3, succeeded=true, lastLogIndex=1} from 2
21:52:12.627 [raft-server-raft-partition-3] TRACE i.a.p.raft.roles.LeaderAppender - RaftServer{raft-partition-3} - Received AppendResponse{status=OK, term=3, succeeded=true, lastLogIndex=1} from 3
21:52:12.634 [raft-server-raft-partition-1] TRACE i.a.p.raft.roles.LeaderAppender - RaftServer{raft-partition-1} - Sending AppendRequest{term=1, leader=2, prevLogIndex=1, prevLogTerm=1, entries=0, commitIndex=1} to 3
21:52:12.635 [raft-server-raft-partition-1] TRACE i.a.p.raft.roles.FollowerRole - RaftServer{raft-partition-1}{role=FOLLOWER} - Received AppendRequest{term=1, leader=2, prevLogIndex=1, prevLogTerm=1, entries=0, commitIndex=1}
21:52:12.635 [raft-server-raft-partition-1] TRACE i.a.p.raft.roles.FollowerRole - RaftServer{raft-partition-1}{role=FOLLOWER} - Sending AppendResponse{status=OK, term=1, succeeded=true, lastLogIndex=1}
21:52:12.635 [raft-server-raft-partition-1] TRACE i.a.p.raft.roles.LeaderAppender - RaftServer{raft-partition-1} - Received AppendResponse{status=OK, term=1, succeeded=true, lastLogIndex=1} from 3
21:52:12.635 [raft-server-raft-partition-1] TRACE i.a.p.raft.roles.LeaderAppender - RaftServer{raft-partition-1} - Sending AppendRequest{term=1, leader=2, prevLogIndex=1, prevLogTerm=1, entries=0, commitIndex=1} to 3
21:52:12.635 [raft-server-raft-partition-1] TRACE i.a.p.raft.roles.FollowerRole - RaftServer{raft-partition-1}{role=FOLLOWER} - Received AppendRequest{term=1, leader=2, prevLogIndex=1, prevLogTerm=1, entries=0, commitIndex=1}
21:52:12.635 [raft-server-raft-partition-1] TRACE i.a.p.raft.roles.FollowerRole - RaftServer{raft-partition-1}{role=FOLLOWER} - Sending AppendResponse{status=OK, term=1, succeeded=true, lastLogIndex=1}
21:52:12.635 [raft-server-raft-partition-1] TRACE i.a.p.raft.roles.LeaderAppender - RaftServer{raft-partition-1} - Received AppendResponse{status=OK, term=1, succeeded=true, lastLogIndex=1} from 3
21:52:12.667 [raft-server-system-partition-1] TRACE i.a.p.raft.roles.LeaderAppender - RaftServer{system-partition-1} - Sending AppendRequest{term=1, leader=1, prevLogIndex=13, prevLogTerm=1, entries=0, commitIndex=13} to 2
21:52:12.667 [raft-server-system-partition-1] TRACE i.a.p.raft.roles.LeaderAppender - RaftServer{system-partition-1} - Sending AppendRequest{term=1, leader=1, prevLogIndex=13, prevLogTerm=1, entries=0, commitIndex=13} to 3
21:52:12.668 [raft-server-system-partition-1] TRACE i.a.p.raft.roles.FollowerRole - RaftServer{system-partition-1}{role=FOLLOWER} - Received AppendRequest{term=1, leader=1, prevLogIndex=13, prevLogTerm=1, entries=0, commitIndex=13}
21:52:12.668 [raft-server-system-partition-1] TRACE i.a.p.raft.roles.FollowerRole - RaftServer{system-partition-1}{role=FOLLOWER} - Received AppendRequest{term=1, leader=1, prevLogIndex=13, prevLogTerm=1, entries=0, commitIndex=13}
21:52:12.668 [raft-server-system-partition-1] TRACE i.a.p.raft.roles.FollowerRole - RaftServer{system-partition-1}{role=FOLLOWER} - Sending AppendResponse{status=OK, term=1, succeeded=true, lastLogIndex=13}
21:52:12.668 [raft-server-system-partition-1] TRACE i.a.p.raft.roles.FollowerRole - RaftServer{system-partition-1}{role=FOLLOWER} - Sending AppendResponse{status=OK, term=1, succeeded=true, lastLogIndex=13}
21:52:12.668 [raft-server-system-partition-1] TRACE i.a.p.raft.roles.LeaderAppender - RaftServer{system-partition-1} - Received AppendResponse{status=OK, term=1, succeeded=true, lastLogIndex=13} from 2
21:52:12.668 [raft-server-system-partition-1] TRACE i.a.p.raft.roles.LeaderAppender - RaftServer{system-partition-1} - Sending AppendRequest{term=1, leader=1, prevLogIndex=13, prevLogTerm=1, entries=0, commitIndex=13} to 2
21:52:12.668 [raft-server-system-partition-1] TRACE i.a.p.raft.roles.LeaderAppender - RaftServer{system-partition-1} - Received AppendResponse{status=OK, term=1, succeeded=true, lastLogIndex=13} from 3
21:52:12.668 [raft-server-system-partition-1] TRACE i.a.p.raft.roles.LeaderAppender - RaftServer{system-partition-1} - Sending AppendRequest{term=1, leader=1, prevLogIndex=13, prevLogTerm=1, entries=0, commitIndex=13} to 3
21:52:12.668 [raft-server-system-partition-1] TRACE i.a.p.raft.roles.FollowerRole - RaftServer{system-partition-1}{role=FOLLOWER} - Received AppendRequest{term=1, leader=1, prevLogIndex=13, prevLogTerm=1, entries=0, commitIndex=13}
21:52:12.668 [raft-server-system-partition-1] TRACE i.a.p.raft.roles.FollowerRole - RaftServer{system-partition-1}{role=FOLLOWER} - Sending AppendResponse{status=OK, term=1, succeeded=true, lastLogIndex=13}
21:52:12.668 [raft-server-system-partition-1] TRACE i.a.p.raft.roles.FollowerRole - RaftServer{system-partition-1}{role=FOLLOWER} - Received AppendRequest{term=1, leader=1, prevLogIndex=13, prevLogTerm=1, entries=0, commitIndex=13}
21:52:12.668 [raft-server-system-partition-1] TRACE i.a.p.raft.roles.LeaderAppender - RaftServer{system-partition-1} - Received AppendResponse{status=OK, term=1, succeeded=true, lastLogIndex=13} from 2
21:52:12.669 [raft-server-system-partition-1] TRACE i.a.p.raft.roles.FollowerRole - RaftServer{system-partition-1}{role=FOLLOWER} - Sending AppendResponse{status=OK, term=1, succeeded=true, lastLogIndex=13}
21:52:12.669 [raft-server-system-partition-1] TRACE i.a.p.raft.roles.LeaderAppender - RaftServer{system-partition-1} - Received AppendResponse{status=OK, term=1, succeeded=true, lastLogIndex=13} from 3
21:52:12.709 [raft-server-raft-partition-5] TRACE i.a.p.raft.roles.LeaderAppender - RaftServer{raft-partition-5} - Sending AppendRequest{term=1, leader=3, prevLogIndex=1, prevLogTerm=1, entries=0, commitIndex=1} to 1
21:52:12.709 [raft-server-raft-partition-5] TRACE i.a.p.raft.roles.LeaderAppender - RaftServer{raft-partition-5} - Sending AppendRequest{term=1, leader=3, prevLogIndex=1, prevLogTerm=1, entries=0, commitIndex=1} to 2
21:52:12.709 [raft-server-raft-partition-7] TRACE i.a.p.raft.roles.LeaderAppender - RaftServer{raft-partition-7} - Sending AppendRequest{term=1, leader=2, prevLogIndex=1, prevLogTerm=1, entries=0, commitIndex=1} to 1
21:52:12.709 [raft-server-raft-partition-7] TRACE i.a.p.raft.roles.LeaderAppender - RaftServer{raft-partition-7} - Sending AppendRequest{term=1, leader=2, prevLogIndex=1, prevLogTerm=1, entries=0, commitIndex=1} to 3
21:52:12.709 [raft-server-raft-partition-5] TRACE i.a.p.raft.roles.FollowerRole - RaftServer{raft-partition-5}{role=FOLLOWER} - Received AppendRequest{term=1, leader=3, prevLogIndex=1, prevLogTerm=1, entries=0, commitIndex=1}
21:52:12.709 [raft-server-raft-partition-5] TRACE i.a.p.raft.roles.FollowerRole - RaftServer{raft-partition-5}{role=FOLLOWER} - Received AppendRequest{term=1, leader=3, prevLogIndex=1, prevLogTerm=1, entries=0, commitIndex=1}
21:52:12.709 [raft-server-raft-partition-5] TRACE i.a.p.raft.roles.FollowerRole - RaftServer{raft-partition-5}{role=FOLLOWER} - Sending AppendResponse{status=OK, term=1, succeeded=true, lastLogIndex=1}
21:52:12.709 [raft-server-raft-partition-5] TRACE i.a.p.raft.roles.FollowerRole - RaftServer{raft-partition-5}{role=FOLLOWER} - Sending AppendResponse{status=OK, term=1, succeeded=true, lastLogIndex=1}
21:52:12.709 [raft-server-raft-partition-7] TRACE i.a.p.raft.roles.FollowerRole - RaftServer{raft-partition-7}{role=FOLLOWER} - Received AppendRequest{term=1, leader=2, prevLogIndex=1, prevLogTerm=1, entries=0, commitIndex=1}
21:52:12.709 [raft-server-raft-partition-7] TRACE i.a.p.raft.roles.FollowerRole - RaftServer{raft-partition-7}{role=FOLLOWER} - Received AppendRequest{term=1, leader=2, prevLogIndex=1, prevLogTerm=1, entries=0, commitIndex=1}
21:52:12.709 [raft-server-raft-partition-7] TRACE i.a.p.raft.roles.FollowerRole - RaftServer{raft-partition-7}{role=FOLLOWER} - Sending AppendResponse{status=OK, term=1, succeeded=true, lastLogIndex=1}
21:52:12.709 [raft-server-raft-partition-5] TRACE i.a.p.raft.roles.LeaderAppender - RaftServer{raft-partition-5} - Received AppendResponse{status=OK, term=1, succeeded=true, lastLogIndex=1} from 1
21:52:12.709 [raft-server-raft-partition-7] TRACE i.a.p.raft.roles.FollowerRole - RaftServer{raft-partition-7}{role=FOLLOWER} - Sending AppendResponse{status=OK, term=1, succeeded=true, lastLogIndex=1}
21:52:12.710 [raft-server-raft-partition-5] TRACE i.a.p.raft.roles.LeaderAppender - RaftServer{raft-partition-5} - Sending AppendRequest{term=1, leader=3, prevLogIndex=1, prevLogTerm=1, entries=0, commitIndex=1} to 1
21:52:12.710 [raft-server-raft-partition-5] TRACE i.a.p.raft.roles.LeaderAppender - RaftServer{raft-partition-5} - Received AppendResponse{status=OK, term=1, succeeded=true, lastLogIndex=1} from 2
21:52:12.710 [raft-server-raft-partition-7] TRACE i.a.p.raft.roles.LeaderAppender - RaftServer{raft-partition-7} - Received AppendResponse{status=OK, term=1, succeeded=true, lastLogIndex=1} from 3
21:52:12.710 [raft-server-raft-partition-5] TRACE i.a.p.raft.roles.LeaderAppender - RaftServer{raft-partition-5} - Sending AppendRequest{term=1, leader=3, prevLogIndex=1, prevLogTerm=1, entries=0, commitIndex=1} to 2
21:52:12.710 [raft-server-raft-partition-5] TRACE i.a.p.raft.roles.FollowerRole - RaftServer{raft-partition-5}{role=FOLLOWER} - Received AppendRequest{term=1, leader=3, prevLogIndex=1, prevLogTerm=1, entries=0, commitIndex=1}
21:52:12.710 [raft-server-raft-partition-7] TRACE i.a.p.raft.roles.LeaderAppender - RaftServer{raft-partition-7} - Sending AppendRequest{term=1, leader=2, prevLogIndex=1, prevLogTerm=1, entries=0, commitIndex=1} to 3
21:52:12.710 [raft-server-raft-partition-5] TRACE i.a.p.raft.roles.FollowerRole - RaftServer{raft-partition-5}{role=FOLLOWER} - Sending AppendResponse{status=OK, term=1, succeeded=true, lastLogIndex=1}
21:52:12.710 [raft-server-raft-partition-7] TRACE i.a.p.raft.roles.LeaderAppender - RaftServer{raft-partition-7} - Received AppendResponse{status=OK, term=1, succeeded=true, lastLogIndex=1} from 1
21:52:12.710 [raft-server-raft-partition-5] TRACE i.a.p.raft.roles.FollowerRole - RaftServer{raft-partition-5}{role=FOLLOWER} - Received AppendRequest{term=1, leader=3, prevLogIndex=1, prevLogTerm=1, entries=0, commitIndex=1}
21:52:12.710 [raft-server-raft-partition-7] TRACE i.a.p.raft.roles.LeaderAppender - RaftServer{raft-partition-7} - Sending AppendRequest{term=1, leader=2, prevLogIndex=1, prevLogTerm=1, entries=0, commitIndex=1} to 1
21:52:12.710 [raft-server-raft-partition-5] TRACE i.a.p.raft.roles.FollowerRole - RaftServer{raft-partition-5}{role=FOLLOWER} - Sending AppendResponse{status=OK, term=1, succeeded=true, lastLogIndex=1}
21:52:12.710 [raft-server-raft-partition-7] TRACE i.a.p.raft.roles.FollowerRole - RaftServer{raft-partition-7}{role=FOLLOWER} - Received AppendRequest{term=1, leader=2, prevLogIndex=1, prevLogTerm=1, entries=0, commitIndex=1}
21:52:12.710 [raft-server-raft-partition-5] TRACE i.a.p.raft.roles.LeaderAppender - RaftServer{raft-partition-5} - Received AppendResponse{status=OK, term=1, succeeded=true, lastLogIndex=1} from 1
21:52:12.710 [raft-server-raft-partition-7] TRACE i.a.p.raft.roles.FollowerRole - RaftServer{raft-partition-7}{role=FOLLOWER} - Sending AppendResponse{status=OK, term=1, succeeded=true, lastLogIndex=1}
21:52:12.710 [raft-server-raft-partition-7] TRACE i.a.p.raft.roles.FollowerRole - RaftServer{raft-partition-7}{role=FOLLOWER} - Received AppendRequest{term=1, leader=2, prevLogIndex=1, prevLogTerm=1, entries=0, commitIndex=1}
21:52:12.710 [raft-server-raft-partition-5] TRACE i.a.p.raft.roles.LeaderAppender - RaftServer{raft-partition-5} - Received AppendResponse{status=OK, term=1, succeeded=true, lastLogIndex=1} from 2
21:52:12.711 [raft-server-raft-partition-7] TRACE i.a.p.raft.roles.FollowerRole - RaftServer{raft-partition-7}{role=FOLLOWER} - Sending AppendResponse{status=OK, term=1, succeeded=true, lastLogIndex=1}
21:52:12.711 [raft-server-raft-partition-7] TRACE i.a.p.raft.roles.LeaderAppender - RaftServer{raft-partition-7} - Received AppendResponse{status=OK, term=1, succeeded=true, lastLogIndex=1} from 3
21:52:12.711 [raft-server-raft-partition-7] TRACE i.a.p.raft.roles.LeaderAppender - RaftServer{raft-partition-7} - Received AppendResponse{status=OK, term=1, succeeded=true, lastLogIndex=1} from 1
21:52:12.743 [raft-server-raft-partition-4] TRACE i.a.p.raft.roles.LeaderAppender - RaftServer{raft-partition-4} - Sending AppendRequest{term=1, leader=1, prevLogIndex=1, prevLogTerm=1, entries=0, commitIndex=1} to 2
21:52:12.743 [raft-server-raft-partition-4] TRACE i.a.p.raft.roles.LeaderAppender - RaftServer{raft-partition-4} - Sending AppendRequest{term=1, leader=1, prevLogIndex=1, prevLogTerm=1, entries=0, commitIndex=1} to 3
21:52:12.743 [raft-server-raft-partition-4] TRACE i.a.p.raft.roles.FollowerRole - RaftServer{raft-partition-4}{role=FOLLOWER} - Received AppendRequest{term=1, leader=1, prevLogIndex=1, prevLogTerm=1, entries=0, commitIndex=1}
21:52:12.743 [raft-server-raft-partition-4] TRACE i.a.p.raft.roles.FollowerRole - RaftServer{raft-partition-4}{role=FOLLOWER} - Received AppendRequest{term=1, leader=1, prevLogIndex=1, prevLogTerm=1, entries=0, commitIndex=1}
21:52:12.743 [raft-server-raft-partition-4] TRACE i.a.p.raft.roles.FollowerRole - RaftServer{raft-partition-4}{role=FOLLOWER} - Sending AppendResponse{status=OK, term=1, succeeded=true, lastLogIndex=1}
21:52:12.743 [raft-server-raft-partition-4] TRACE i.a.p.raft.roles.FollowerRole - RaftServer{raft-partition-4}{role=FOLLOWER} - Sending AppendResponse{status=OK, term=1, succeeded=true, lastLogIndex=1}
21:52:12.743 [raft-server-raft-partition-4] TRACE i.a.p.raft.roles.LeaderAppender - RaftServer{raft-partition-4} - Received AppendResponse{status=OK, term=1, succeeded=true, lastLogIndex=1} from 3
21:52:12.744 [raft-server-raft-partition-4] TRACE i.a.p.raft.roles.LeaderAppender - RaftServer{raft-partition-4} - Sending AppendRequest{term=1, leader=1, prevLogIndex=1, prevLogTerm=1, entries=0, commitIndex=1} to 3
21:52:12.744 [raft-server-raft-partition-4] TRACE i.a.p.raft.roles.LeaderAppender - RaftServer{raft-partition-4} - Received AppendResponse{status=OK, term=1, succeeded=true, lastLogIndex=1} from 2
21:52:12.744 [raft-server-raft-partition-4] TRACE i.a.p.raft.roles.LeaderAppender - RaftServer{raft-partition-4} - Sending AppendRequest{term=1, leader=1, prevLogIndex=1, prevLogTerm=1, entries=0, commitIndex=1} to 2
21:52:12.744 [raft-server-raft-partition-4] TRACE i.a.p.raft.roles.FollowerRole - RaftServer{raft-partition-4}{role=FOLLOWER} - Received AppendRequest{term=1, leader=1, prevLogIndex=1, prevLogTerm=1, entries=0, commitIndex=1}
21:52:12.744 [raft-server-raft-partition-4] TRACE i.a.p.raft.roles.FollowerRole - RaftServer{raft-partition-4}{role=FOLLOWER} - Sending AppendResponse{status=OK, term=1, succeeded=true, lastLogIndex=1}
21:52:12.744 [raft-server-raft-partition-4] TRACE i.a.p.raft.roles.FollowerRole - RaftServer{raft-partition-4}{role=FOLLOWER} - Received AppendRequest{term=1, leader=1, prevLogIndex=1, prevLogTerm=1, entries=0, commitIndex=1}
21:52:12.744 [raft-server-raft-partition-4] TRACE i.a.p.raft.roles.FollowerRole - RaftServer{raft-partition-4}{role=FOLLOWER} - Sending AppendResponse{status=OK, term=1, succeeded=true, lastLogIndex=1}
21:52:12.744 [raft-server-raft-partition-4] TRACE i.a.p.raft.roles.LeaderAppender - RaftServer{raft-partition-4} - Received AppendResponse{status=OK, term=1, succeeded=true, lastLogIndex=1} from 3
21:52:12.744 [raft-server-raft-partition-4] TRACE i.a.p.raft.roles.LeaderAppender - RaftServer{raft-partition-4} - Received AppendResponse{status=OK, term=1, succeeded=true, lastLogIndex=1} from 2
21:52:12.817 [raft-server-raft-partition-2] TRACE i.a.p.raft.roles.LeaderAppender - RaftServer{raft-partition-2} - Sending AppendRequest{term=1, leader=1, prevLogIndex=1, prevLogTerm=1, entries=0, commitIndex=1} to 2
21:52:12.818 [raft-server-raft-partition-2] TRACE i.a.p.raft.roles.LeaderAppender - RaftServer{raft-partition-2} - Sending AppendRequest{term=1, leader=1, prevLogIndex=1, prevLogTerm=1, entries=0, commitIndex=1} to 3
21:52:12.818 [raft-server-raft-partition-2] TRACE i.a.p.raft.roles.FollowerRole - RaftServer{raft-partition-2}{role=FOLLOWER} - Received AppendRequest{term=1, leader=1, prevLogIndex=1, prevLogTerm=1, entries=0, commitIndex=1}
21:52:12.818 [raft-server-raft-partition-2] TRACE i.a.p.raft.roles.FollowerRole - RaftServer{raft-partition-2}{role=FOLLOWER} - Received AppendRequest{term=1, leader=1, prevLogIndex=1, prevLogTerm=1, entries=0, commitIndex=1}
21:52:12.818 [raft-server-raft-partition-2] TRACE i.a.p.raft.roles.FollowerRole - RaftServer{raft-partition-2}{role=FOLLOWER} - Sending AppendResponse{status=OK, term=1, succeeded=true, lastLogIndex=1}
21:52:12.818 [raft-server-raft-partition-2] TRACE i.a.p.raft.roles.FollowerRole - RaftServer{raft-partition-2}{role=FOLLOWER} - Sending AppendResponse{status=OK, term=1, succeeded=true, lastLogIndex=1}
21:52:12.818 [raft-server-raft-partition-2] TRACE i.a.p.raft.roles.LeaderAppender - RaftServer{raft-partition-2} - Received AppendResponse{status=OK, term=1, succeeded=true, lastLogIndex=1} from 3
21:52:12.818 [raft-server-raft-partition-2] TRACE i.a.p.raft.roles.LeaderAppender - RaftServer{raft-partition-2} - Received AppendResponse{status=OK, term=1, succeeded=true, lastLogIndex=1} from 2
21:52:12.826 [raft-server-raft-partition-6] TRACE i.a.p.raft.roles.LeaderAppender - RaftServer{raft-partition-6} - Sending AppendRequest{term=1, leader=1, prevLogIndex=1, prevLogTerm=1, entries=0, commitIndex=1} to 2
21:52:12.826 [raft-server-raft-partition-6] TRACE i.a.p.raft.roles.LeaderAppender - RaftServer{raft-partition-6} - Sending AppendRequest{term=1, leader=1, prevLogIndex=1, prevLogTerm=1, entries=0, commitIndex=1} to 3
21:52:12.826 [raft-server-raft-partition-6] TRACE i.a.p.raft.roles.FollowerRole - RaftServer{raft-partition-6}{role=FOLLOWER} - Received AppendRequest{term=1, leader=1, prevLogIndex=1, prevLogTerm=1, entries=0, commitIndex=1}
21:52:12.826 [raft-server-raft-partition-6] TRACE i.a.p.raft.roles.FollowerRole - RaftServer{raft-partition-6}{role=FOLLOWER} - Received AppendRequest{term=1, leader=1, prevLogIndex=1, prevLogTerm=1, entries=0, commitIndex=1}
21:52:12.826 [raft-server-raft-partition-6] TRACE i.a.p.raft.roles.FollowerRole - RaftServer{raft-partition-6}{role=FOLLOWER} - Sending AppendResponse{status=OK, term=1, succeeded=true, lastLogIndex=1}
21:52:12.826 [raft-server-raft-partition-6] TRACE i.a.p.raft.roles.FollowerRole - RaftServer{raft-partition-6}{role=FOLLOWER} - Sending AppendResponse{status=OK, term=1, succeeded=true, lastLogIndex=1}
21:52:12.826 [raft-server-raft-partition-6] TRACE i.a.p.raft.roles.LeaderAppender - RaftServer{raft-partition-6} - Received AppendResponse{status=OK, term=1, succeeded=true, lastLogIndex=1} from 3
21:52:12.826 [raft-server-raft-partition-6] TRACE i.a.p.raft.roles.LeaderAppender - RaftServer{raft-partition-6} - Sending AppendRequest{term=1, leader=1, prevLogIndex=1, prevLogTerm=1, entries=0, commitIndex=1} to 3
21:52:12.826 [raft-server-raft-partition-6] TRACE i.a.p.raft.roles.LeaderAppender - RaftServer{raft-partition-6} - Received AppendResponse{status=OK, term=1, succeeded=true, lastLogIndex=1} from 2
21:52:12.827 [raft-server-raft-partition-6] TRACE i.a.p.raft.roles.LeaderAppender - RaftServer{raft-partition-6} - Sending AppendRequest{term=1, leader=1, prevLogIndex=1, prevLogTerm=1, entries=0, commitIndex=1} to 2
21:52:12.827 [raft-server-raft-partition-6] TRACE i.a.p.raft.roles.FollowerRole - RaftServer{raft-partition-6}{role=FOLLOWER} - Received AppendRequest{term=1, leader=1, prevLogIndex=1, prevLogTerm=1, entries=0, commitIndex=1}
21:52:12.827 [raft-server-raft-partition-6] TRACE i.a.p.raft.roles.FollowerRole - RaftServer{raft-partition-6}{role=FOLLOWER} - Sending AppendResponse{status=OK, term=1, succeeded=true, lastLogIndex=1}
21:52:12.827 [raft-server-raft-partition-6] TRACE i.a.p.raft.roles.FollowerRole - RaftServer{raft-partition-6}{role=FOLLOWER} - Received AppendRequest{term=1, leader=1, prevLogIndex=1, prevLogTerm=1, entries=0, commitIndex=1}
21:52:12.827 [raft-server-raft-partition-6] TRACE i.a.p.raft.roles.FollowerRole - RaftServer{raft-partition-6}{role=FOLLOWER} - Sending AppendResponse{status=OK, term=1, succeeded=true, lastLogIndex=1}
21:52:12.827 [raft-server-raft-partition-6] TRACE i.a.p.raft.roles.LeaderAppender - RaftServer{raft-partition-6} - Received AppendResponse{status=OK, term=1, succeeded=true, lastLogIndex=1} from 3
21:52:12.827 [raft-server-raft-partition-6] TRACE i.a.p.raft.roles.LeaderAppender - RaftServer{raft-partition-6} - Sending AppendRequest{term=1, leader=1, prevLogIndex=1, prevLogTerm=1, entries=0, commitIndex=1} to 3
21:52:12.827 [raft-server-raft-partition-6] TRACE i.a.p.raft.roles.LeaderAppender - RaftServer{raft-partition-6} - Received AppendResponse{status=OK, term=1, succeeded=true, lastLogIndex=1} from 2
21:52:12.827 [raft-server-raft-partition-6] TRACE i.a.p.raft.roles.FollowerRole - RaftServer{raft-partition-6}{role=FOLLOWER} - Received AppendRequest{term=1, leader=1, prevLogIndex=1, prevLogTerm=1, entries=0, commitIndex=1}
21:52:12.827 [raft-server-raft-partition-6] TRACE i.a.p.raft.roles.FollowerRole - RaftServer{raft-partition-6}{role=FOLLOWER} - Sending AppendResponse{status=OK, term=1, succeeded=true, lastLogIndex=1}
21:52:12.827 [raft-server-raft-partition-6] TRACE i.a.p.raft.roles.LeaderAppender - RaftServer{raft-partition-6} - Received AppendResponse{status=OK, term=1, succeeded=true, lastLogIndex=1} from 3
21:52:12.875 [raft-server-raft-partition-3] TRACE i.a.p.raft.roles.LeaderAppender - RaftServer{raft-partition-3} - Sending AppendRequest{term=3, leader=1, prevLogIndex=1, prevLogTerm=2, entries=0, commitIndex=1} to 2
21:52:12.875 [raft-server-raft-partition-3] TRACE i.a.p.raft.roles.LeaderAppender - RaftServer{raft-partition-3} - Sending AppendRequest{term=3, leader=1, prevLogIndex=1, prevLogTerm=2, entries=0, commitIndex=1} to 3
21:52:12.875 [raft-server-raft-partition-3] TRACE i.a.p.raft.roles.FollowerRole - RaftServer{raft-partition-3}{role=FOLLOWER} - Received AppendRequest{term=3, leader=1, prevLogIndex=1, prevLogTerm=2, entries=0, commitIndex=1}
21:52:12.875 [raft-server-raft-partition-3] TRACE i.a.p.raft.roles.FollowerRole - RaftServer{raft-partition-3}{role=FOLLOWER} - Received AppendRequest{term=3, leader=1, prevLogIndex=1, prevLogTerm=2, entries=0, commitIndex=1}
21:52:12.875 [raft-server-raft-partition-3] TRACE i.a.p.raft.roles.FollowerRole - RaftServer{raft-partition-3}{role=FOLLOWER} - Sending AppendResponse{status=OK, term=3, succeeded=true, lastLogIndex=1}
21:52:12.875 [raft-server-raft-partition-3] TRACE i.a.p.raft.roles.FollowerRole - RaftServer{raft-partition-3}{role=FOLLOWER} - Sending AppendResponse{status=OK, term=3, succeeded=true, lastLogIndex=1}
21:52:12.875 [raft-server-raft-partition-3] TRACE i.a.p.raft.roles.LeaderAppender - RaftServer{raft-partition-3} - Received AppendResponse{status=OK, term=3, succeeded=true, lastLogIndex=1} from 3
21:52:12.875 [raft-server-raft-partition-3] TRACE i.a.p.raft.roles.LeaderAppender - RaftServer{raft-partition-3} - Sending AppendRequest{term=3, leader=1, prevLogIndex=1, prevLogTerm=2, entries=0, commitIndex=1} to 3
21:52:12.876 [raft-server-raft-partition-3] TRACE i.a.p.raft.roles.LeaderAppender - RaftServer{raft-partition-3} - Received AppendResponse{status=OK, term=3, succeeded=true, lastLogIndex=1} from 2
21:52:12.876 [raft-server-raft-partition-3] TRACE i.a.p.raft.roles.LeaderAppender - RaftServer{raft-partition-3} - Sending AppendRequest{term=3, leader=1, prevLogIndex=1, prevLogTerm=2, entries=0, commitIndex=1} to 2
21:52:12.876 [raft-server-raft-partition-3] TRACE i.a.p.raft.roles.FollowerRole - RaftServer{raft-partition-3}{role=FOLLOWER} - Received AppendRequest{term=3, leader=1, prevLogIndex=1, prevLogTerm=2, entries=0, commitIndex=1}
21:52:12.876 [raft-server-raft-partition-3] TRACE i.a.p.raft.roles.FollowerRole - RaftServer{raft-partition-3}{role=FOLLOWER} - Sending AppendResponse{status=OK, term=3, succeeded=true, lastLogIndex=1}
21:52:12.876 [raft-server-raft-partition-3] TRACE i.a.p.raft.roles.FollowerRole - RaftServer{raft-partition-3}{role=FOLLOWER} - Received AppendRequest{term=3, leader=1, prevLogIndex=1, prevLogTerm=2, entries=0, commitIndex=1}
21:52:12.876 [raft-server-raft-partition-3] TRACE i.a.p.raft.roles.FollowerRole - RaftServer{raft-partition-3}{role=FOLLOWER} - Sending AppendResponse{status=OK, term=3, succeeded=true, lastLogIndex=1}
21:52:12.876 [raft-server-raft-partition-3] TRACE i.a.p.raft.roles.LeaderAppender - RaftServer{raft-partition-3} - Received AppendResponse{status=OK, term=3, succeeded=true, lastLogIndex=1} from 3
21:52:12.876 [raft-server-raft-partition-3] TRACE i.a.p.raft.roles.LeaderAppender - RaftServer{raft-partition-3} - Sending AppendRequest{term=3, leader=1, prevLogIndex=1, prevLogTerm=2, entries=0, commitIndex=1} to 3
21:52:12.876 [raft-server-raft-partition-3] TRACE i.a.p.raft.roles.LeaderAppender - RaftServer{raft-partition-3} - Received AppendResponse{status=OK, term=3, succeeded=true, lastLogIndex=1} from 2
21:52:12.876 [raft-server-raft-partition-3] TRACE i.a.p.raft.roles.FollowerRole - RaftServer{raft-partition-3}{role=FOLLOWER} - Received AppendRequest{term=3, leader=1, prevLogIndex=1, prevLogTerm=2, entries=0, commitIndex=1}
21:52:12.876 [raft-server-raft-partition-3] TRACE i.a.p.raft.roles.FollowerRole - RaftServer{raft-partition-3}{role=FOLLOWER} - Sending AppendResponse{status=OK, term=3, succeeded=true, lastLogIndex=1}
21:52:12.876 [raft-server-raft-partition-3] TRACE i.a.p.raft.roles.LeaderAppender - RaftServer{raft-partition-3} - Received AppendResponse{status=OK, term=3, succeeded=true, lastLogIndex=1} from 3
21:52:12.884 [raft-server-raft-partition-1] TRACE i.a.p.raft.roles.LeaderAppender - RaftServer{raft-partition-1} - Sending AppendRequest{term=1, leader=2, prevLogIndex=1, prevLogTerm=1, entries=0, commitIndex=1} to 3
21:52:12.885 [raft-server-raft-partition-1] TRACE i.a.p.raft.roles.FollowerRole - RaftServer{raft-partition-1}{role=FOLLOWER} - Received AppendRequest{term=1, leader=2, prevLogIndex=1, prevLogTerm=1, entries=0, commitIndex=1}
21:52:12.885 [raft-server-raft-partition-1] TRACE i.a.p.raft.roles.FollowerRole - RaftServer{raft-partition-1}{role=FOLLOWER} - Sending AppendResponse{status=OK, term=1, succeeded=true, lastLogIndex=1}
21:52:12.885 [raft-server-raft-partition-1] TRACE i.a.p.raft.roles.LeaderAppender - RaftServer{raft-partition-1} - Received AppendResponse{status=OK, term=1, succeeded=true, lastLogIndex=1} from 3
21:52:12.885 [raft-server-raft-partition-1] TRACE i.a.p.raft.roles.LeaderAppender - RaftServer{raft-partition-1} - Sending AppendRequest{term=1, leader=2, prevLogIndex=1, prevLogTerm=1, entries=0, commitIndex=1} to 3
21:52:12.885 [raft-server-raft-partition-1] TRACE i.a.p.raft.roles.FollowerRole - RaftServer{raft-partition-1}{role=FOLLOWER} - Received AppendRequest{term=1, leader=2, prevLogIndex=1, prevLogTerm=1, entries=0, commitIndex=1}
21:52:12.886 [raft-server-raft-partition-1] TRACE i.a.p.raft.roles.FollowerRole - RaftServer{raft-partition-1}{role=FOLLOWER} - Sending AppendResponse{status=OK, term=1, succeeded=true, lastLogIndex=1}
21:52:12.886 [raft-server-raft-partition-1] TRACE i.a.p.raft.roles.LeaderAppender - RaftServer{raft-partition-1} - Received AppendResponse{status=OK, term=1, succeeded=true, lastLogIndex=1} from 3
21:52:12.917 [raft-server-system-partition-1] TRACE i.a.p.raft.roles.LeaderAppender - RaftServer{system-partition-1} - Sending AppendRequest{term=1, leader=1, prevLogIndex=13, prevLogTerm=1, entries=0, commitIndex=13} to 2
21:52:12.917 [raft-server-system-partition-1] TRACE i.a.p.raft.roles.LeaderAppender - RaftServer{system-partition-1} - Sending AppendRequest{term=1, leader=1, prevLogIndex=13, prevLogTerm=1, entries=0, commitIndex=13} to 3
21:52:12.918 [raft-server-system-partition-1] TRACE i.a.p.raft.roles.FollowerRole - RaftServer{system-partition-1}{role=FOLLOWER} - Received AppendRequest{term=1, leader=1, prevLogIndex=13, prevLogTerm=1, entries=0, commitIndex=13}
21:52:12.918 [raft-server-system-partition-1] TRACE i.a.p.raft.roles.FollowerRole - RaftServer{system-partition-1}{role=FOLLOWER} - Received AppendRequest{term=1, leader=1, prevLogIndex=13, prevLogTerm=1, entries=0, commitIndex=13}
21:52:12.918 [raft-server-system-partition-1] TRACE i.a.p.raft.roles.FollowerRole - RaftServer{system-partition-1}{role=FOLLOWER} - Sending AppendResponse{status=OK, term=1, succeeded=true, lastLogIndex=13}
21:52:12.918 [raft-server-system-partition-1] TRACE i.a.p.raft.roles.FollowerRole - RaftServer{system-partition-1}{role=FOLLOWER} - Sending AppendResponse{status=OK, term=1, succeeded=true, lastLogIndex=13}
21:52:12.918 [raft-server-system-partition-1] TRACE i.a.p.raft.roles.LeaderAppender - RaftServer{system-partition-1} - Received AppendResponse{status=OK, term=1, succeeded=true, lastLogIndex=13} from 3
21:52:12.918 [raft-server-system-partition-1] TRACE i.a.p.raft.roles.LeaderAppender - RaftServer{system-partition-1} - Sending AppendRequest{term=1, leader=1, prevLogIndex=13, prevLogTerm=1, entries=0, commitIndex=13} to 3
21:52:12.918 [raft-server-system-partition-1] TRACE i.a.p.raft.roles.LeaderAppender - RaftServer{system-partition-1} - Received AppendResponse{status=OK, term=1, succeeded=true, lastLogIndex=13} from 2
21:52:12.918 [raft-server-system-partition-1] TRACE i.a.p.raft.roles.LeaderAppender - RaftServer{system-partition-1} - Sending AppendRequest{term=1, leader=1, prevLogIndex=13, prevLogTerm=1, entries=0, commitIndex=13} to 2
21:52:12.918 [raft-server-system-partition-1] TRACE i.a.p.raft.roles.FollowerRole - RaftServer{system-partition-1}{role=FOLLOWER} - Received AppendRequest{term=1, leader=1, prevLogIndex=13, prevLogTerm=1, entries=0, commitIndex=13}
21:52:12.918 [raft-server-system-partition-1] TRACE i.a.p.raft.roles.FollowerRole - RaftServer{system-partition-1}{role=FOLLOWER} - Sending AppendResponse{status=OK, term=1, succeeded=true, lastLogIndex=13}
21:52:12.918 [raft-server-system-partition-1] TRACE i.a.p.raft.roles.FollowerRole - RaftServer{system-partition-1}{role=FOLLOWER} - Received AppendRequest{term=1, leader=1, prevLogIndex=13, prevLogTerm=1, entries=0, commitIndex=13}
21:52:12.918 [raft-server-system-partition-1] TRACE i.a.p.raft.roles.FollowerRole - RaftServer{system-partition-1}{role=FOLLOWER} - Sending AppendResponse{status=OK, term=1, succeeded=true, lastLogIndex=13}
21:52:12.919 [raft-server-system-partition-1] TRACE i.a.p.raft.roles.LeaderAppender - RaftServer{system-partition-1} - Received AppendResponse{status=OK, term=1, succeeded=true, lastLogIndex=13} from 3
21:52:12.919 [raft-server-system-partition-1] TRACE i.a.p.raft.roles.LeaderAppender - RaftServer{system-partition-1} - Received AppendResponse{status=OK, term=1, succeeded=true, lastLogIndex=13} from 2
21:52:12.959 [raft-server-raft-partition-5] TRACE i.a.p.raft.roles.LeaderAppender - RaftServer{raft-partition-5} - Sending AppendRequest{term=1, leader=3, prevLogIndex=1, prevLogTerm=1, entries=0, commitIndex=1} to 1
21:52:12.959 [raft-server-raft-partition-5] TRACE i.a.p.raft.roles.LeaderAppender - RaftServer{raft-partition-5} - Sending AppendRequest{term=1, leader=3, prevLogIndex=1, prevLogTerm=1, entries=0, commitIndex=1} to 2
21:52:12.959 [raft-server-raft-partition-7] TRACE i.a.p.raft.roles.LeaderAppender - RaftServer{raft-partition-7} - Sending AppendRequest{term=1, leader=2, prevLogIndex=1, prevLogTerm=1, entries=0, commitIndex=1} to 1
21:52:12.959 [raft-server-raft-partition-5] TRACE i.a.p.raft.roles.FollowerRole - RaftServer{raft-partition-5}{role=FOLLOWER} - Received AppendRequest{term=1, leader=3, prevLogIndex=1, prevLogTerm=1, entries=0, commitIndex=1}
21:52:12.959 [raft-server-raft-partition-5] TRACE i.a.p.raft.roles.FollowerRole - RaftServer{raft-partition-5}{role=FOLLOWER} - Received AppendRequest{term=1, leader=3, prevLogIndex=1, prevLogTerm=1, entries=0, commitIndex=1}
21:52:12.959 [raft-server-raft-partition-7] TRACE i.a.p.raft.roles.LeaderAppender - RaftServer{raft-partition-7} - Sending AppendRequest{term=1, leader=2, prevLogIndex=1, prevLogTerm=1, entries=0, commitIndex=1} to 3
21:52:12.959 [raft-server-raft-partition-5] TRACE i.a.p.raft.roles.FollowerRole - RaftServer{raft-partition-5}{role=FOLLOWER} - Sending AppendResponse{status=OK, term=1, succeeded=true, lastLogIndex=1}
21:52:12.959 [raft-server-raft-partition-5] TRACE i.a.p.raft.roles.FollowerRole - RaftServer{raft-partition-5}{role=FOLLOWER} - Sending AppendResponse{status=OK, term=1, succeeded=true, lastLogIndex=1}
21:52:12.959 [raft-server-raft-partition-7] TRACE i.a.p.raft.roles.FollowerRole - RaftServer{raft-partition-7}{role=FOLLOWER} - Received AppendRequest{term=1, leader=2, prevLogIndex=1, prevLogTerm=1, entries=0, commitIndex=1}
21:52:12.959 [raft-server-raft-partition-7] TRACE i.a.p.raft.roles.FollowerRole - RaftServer{raft-partition-7}{role=FOLLOWER} - Received AppendRequest{term=1, leader=2, prevLogIndex=1, prevLogTerm=1, entries=0, commitIndex=1}
21:52:12.959 [raft-server-raft-partition-7] TRACE i.a.p.raft.roles.FollowerRole - RaftServer{raft-partition-7}{role=FOLLOWER} - Sending AppendResponse{status=OK, term=1, succeeded=true, lastLogIndex=1}
21:52:12.959 [raft-server-raft-partition-5] TRACE i.a.p.raft.roles.LeaderAppender - RaftServer{raft-partition-5} - Received AppendResponse{status=OK, term=1, succeeded=true, lastLogIndex=1} from 1
21:52:12.959 [raft-server-raft-partition-7] TRACE i.a.p.raft.roles.FollowerRole - RaftServer{raft-partition-7}{role=FOLLOWER} - Sending AppendResponse{status=OK, term=1, succeeded=true, lastLogIndex=1}
21:52:12.960 [raft-server-raft-partition-5] TRACE i.a.p.raft.roles.LeaderAppender - RaftServer{raft-partition-5} - Sending AppendRequest{term=1, leader=3, prevLogIndex=1, prevLogTerm=1, entries=0, commitIndex=1} to 1
21:52:12.960 [raft-server-raft-partition-7] TRACE i.a.p.raft.roles.LeaderAppender - RaftServer{raft-partition-7} - Received AppendResponse{status=OK, term=1, succeeded=true, lastLogIndex=1} from 1
21:52:12.960 [raft-server-raft-partition-5] TRACE i.a.p.raft.roles.LeaderAppender - RaftServer{raft-partition-5} - Received AppendResponse{status=OK, term=1, succeeded=true, lastLogIndex=1} from 2
21:52:12.960 [raft-server-raft-partition-7] TRACE i.a.p.raft.roles.LeaderAppender - RaftServer{raft-partition-7} - Sending AppendRequest{term=1, leader=2, prevLogIndex=1, prevLogTerm=1, entries=0, commitIndex=1} to 1
21:52:12.960 [raft-server-raft-partition-5] TRACE i.a.p.raft.roles.LeaderAppender - RaftServer{raft-partition-5} - Sending AppendRequest{term=1, leader=3, prevLogIndex=1, prevLogTerm=1, entries=0, commitIndex=1} to 2
21:52:12.960 [raft-server-raft-partition-5] TRACE i.a.p.raft.roles.FollowerRole - RaftServer{raft-partition-5}{role=FOLLOWER} - Received AppendRequest{term=1, leader=3, prevLogIndex=1, prevLogTerm=1, entries=0, commitIndex=1}
21:52:12.960 [raft-server-raft-partition-7] TRACE i.a.p.raft.roles.LeaderAppender - RaftServer{raft-partition-7} - Received AppendResponse{status=OK, term=1, succeeded=true, lastLogIndex=1} from 3
21:52:12.960 [raft-server-raft-partition-5] TRACE i.a.p.raft.roles.FollowerRole - RaftServer{raft-partition-5}{role=FOLLOWER} - Sending AppendResponse{status=OK, term=1, succeeded=true, lastLogIndex=1}
21:52:12.960 [raft-server-raft-partition-7] TRACE i.a.p.raft.roles.FollowerRole - RaftServer{raft-partition-7}{role=FOLLOWER} - Received AppendRequest{term=1, leader=2, prevLogIndex=1, prevLogTerm=1, entries=0, commitIndex=1}
21:52:12.960 [raft-server-raft-partition-7] TRACE i.a.p.raft.roles.LeaderAppender - RaftServer{raft-partition-7} - Sending AppendRequest{term=1, leader=2, prevLogIndex=1, prevLogTerm=1, entries=0, commitIndex=1} to 3
21:52:12.960 [raft-server-raft-partition-5] TRACE i.a.p.raft.roles.FollowerRole - RaftServer{raft-partition-5}{role=FOLLOWER} - Received AppendRequest{term=1, leader=3, prevLogIndex=1, prevLogTerm=1, entries=0, commitIndex=1}
21:52:12.960 [raft-server-raft-partition-7] TRACE i.a.p.raft.roles.FollowerRole - RaftServer{raft-partition-7}{role=FOLLOWER} - Sending AppendResponse{status=OK, term=1, succeeded=true, lastLogIndex=1}
21:52:12.960 [raft-server-raft-partition-5] TRACE i.a.p.raft.roles.LeaderAppender - RaftServer{raft-partition-5} - Received AppendResponse{status=OK, term=1, succeeded=true, lastLogIndex=1} from 1
21:52:12.960 [raft-server-raft-partition-5] TRACE i.a.p.raft.roles.FollowerRole - RaftServer{raft-partition-5}{role=FOLLOWER} - Sending AppendResponse{status=OK, term=1, succeeded=true, lastLogIndex=1}
21:52:12.960 [raft-server-raft-partition-7] TRACE i.a.p.raft.roles.FollowerRole - RaftServer{raft-partition-7}{role=FOLLOWER} - Received AppendRequest{term=1, leader=2, prevLogIndex=1, prevLogTerm=1, entries=0, commitIndex=1}
21:52:12.961 [raft-server-raft-partition-7] TRACE i.a.p.raft.roles.LeaderAppender - RaftServer{raft-partition-7} - Received AppendResponse{status=OK, term=1, succeeded=true, lastLogIndex=1} from 1
21:52:12.961 [raft-server-raft-partition-7] TRACE i.a.p.raft.roles.FollowerRole - RaftServer{raft-partition-7}{role=FOLLOWER} - Sending AppendResponse{status=OK, term=1, succeeded=true, lastLogIndex=1}
21:52:12.961 [raft-server-raft-partition-5] TRACE i.a.p.raft.roles.LeaderAppender - RaftServer{raft-partition-5} - Received AppendResponse{status=OK, term=1, succeeded=true, lastLogIndex=1} from 2
21:52:12.961 [raft-server-raft-partition-7] TRACE i.a.p.raft.roles.LeaderAppender - RaftServer{raft-partition-7} - Received AppendResponse{status=OK, term=1, succeeded=true, lastLogIndex=1} from 3
21:52:12.993 [raft-server-raft-partition-4] TRACE i.a.p.raft.roles.LeaderAppender - RaftServer{raft-partition-4} - Sending AppendRequest{term=1, leader=1, prevLogIndex=1, prevLogTerm=1, entries=0, commitIndex=1} to 2
21:52:12.993 [raft-server-raft-partition-4] TRACE i.a.p.raft.roles.LeaderAppender - RaftServer{raft-partition-4} - Sending AppendRequest{term=1, leader=1, prevLogIndex=1, prevLogTerm=1, entries=0, commitIndex=1} to 3
21:52:12.993 [raft-server-raft-partition-4] TRACE i.a.p.raft.roles.FollowerRole - RaftServer{raft-partition-4}{role=FOLLOWER} - Received AppendRequest{term=1, leader=1, prevLogIndex=1, prevLogTerm=1, entries=0, commitIndex=1}
21:52:12.993 [raft-server-raft-partition-4] TRACE i.a.p.raft.roles.FollowerRole - RaftServer{raft-partition-4}{role=FOLLOWER} - Received AppendRequest{term=1, leader=1, prevLogIndex=1, prevLogTerm=1, entries=0, commitIndex=1}
21:52:12.993 [raft-server-raft-partition-4] TRACE i.a.p.raft.roles.FollowerRole - RaftServer{raft-partition-4}{role=FOLLOWER} - Sending AppendResponse{status=OK, term=1, succeeded=true, lastLogIndex=1}
21:52:12.993 [raft-server-raft-partition-4] TRACE i.a.p.raft.roles.FollowerRole - RaftServer{raft-partition-4}{role=FOLLOWER} - Sending AppendResponse{status=OK, term=1, succeeded=true, lastLogIndex=1}
21:52:12.994 [raft-server-raft-partition-4] TRACE i.a.p.raft.roles.LeaderAppender - RaftServer{raft-partition-4} - Received AppendResponse{status=OK, term=1, succeeded=true, lastLogIndex=1} from 3
21:52:12.994 [raft-server-raft-partition-4] TRACE i.a.p.raft.roles.LeaderAppender - RaftServer{raft-partition-4} - Sending AppendRequest{term=1, leader=1, prevLogIndex=1, prevLogTerm=1, entries=0, commitIndex=1} to 3
21:52:12.994 [raft-server-raft-partition-4] TRACE i.a.p.raft.roles.LeaderAppender - RaftServer{raft-partition-4} - Received AppendResponse{status=OK, term=1, succeeded=true, lastLogIndex=1} from 2
21:52:12.994 [raft-server-raft-partition-4] TRACE i.a.p.raft.roles.LeaderAppender - RaftServer{raft-partition-4} - Sending AppendRequest{term=1, leader=1, prevLogIndex=1, prevLogTerm=1, entries=0, commitIndex=1} to 2
21:52:12.994 [raft-server-raft-partition-4] TRACE i.a.p.raft.roles.FollowerRole - RaftServer{raft-partition-4}{role=FOLLOWER} - Received AppendRequest{term=1, leader=1, prevLogIndex=1, prevLogTerm=1, entries=0, commitIndex=1}
21:52:12.994 [raft-server-raft-partition-4] TRACE i.a.p.raft.roles.FollowerRole - RaftServer{raft-partition-4}{role=FOLLOWER} - Sending AppendResponse{status=OK, term=1, succeeded=true, lastLogIndex=1}
21:52:12.994 [raft-server-raft-partition-4] TRACE i.a.p.raft.roles.FollowerRole - RaftServer{raft-partition-4}{role=FOLLOWER} - Received AppendRequest{term=1, leader=1, prevLogIndex=1, prevLogTerm=1, entries=0, commitIndex=1}
21:52:12.994 [raft-server-raft-partition-4] TRACE i.a.p.raft.roles.FollowerRole - RaftServer{raft-partition-4}{role=FOLLOWER} - Sending AppendResponse{status=OK, term=1, succeeded=true, lastLogIndex=1}
21:52:12.994 [raft-server-raft-partition-4] TRACE i.a.p.raft.roles.LeaderAppender - RaftServer{raft-partition-4} - Received AppendResponse{status=OK, term=1, succeeded=true, lastLogIndex=1} from 3
21:52:12.994 [raft-server-raft-partition-4] TRACE i.a.p.raft.roles.LeaderAppender - RaftServer{raft-partition-4} - Received AppendResponse{status=OK, term=1, succeeded=true, lastLogIndex=1} from 2
21:52:13.067 [raft-server-raft-partition-2] TRACE i.a.p.raft.roles.LeaderAppender - RaftServer{raft-partition-2} - Sending AppendRequest{term=1, leader=1, prevLogIndex=1, prevLogTerm=1, entries=0, commitIndex=1} to 2
21:52:13.068 [raft-server-raft-partition-2] TRACE i.a.p.raft.roles.LeaderAppender - RaftServer{raft-partition-2} - Sending AppendRequest{term=1, leader=1, prevLogIndex=1, prevLogTerm=1, entries=0, commitIndex=1} to 3
21:52:13.068 [raft-server-raft-partition-2] TRACE i.a.p.raft.roles.FollowerRole - RaftServer{raft-partition-2}{role=FOLLOWER} - Received AppendRequest{term=1, leader=1, prevLogIndex=1, prevLogTerm=1, entries=0, commitIndex=1}
21:52:13.068 [raft-server-raft-partition-2] TRACE i.a.p.raft.roles.FollowerRole - RaftServer{raft-partition-2}{role=FOLLOWER} - Received AppendRequest{term=1, leader=1, prevLogIndex=1, prevLogTerm=1, entries=0, commitIndex=1}
21:52:13.068 [raft-server-raft-partition-2] TRACE i.a.p.raft.roles.FollowerRole - RaftServer{raft-partition-2}{role=FOLLOWER} - Sending AppendResponse{status=OK, term=1, succeeded=true, lastLogIndex=1}
21:52:13.068 [raft-server-raft-partition-2] TRACE i.a.p.raft.roles.FollowerRole - RaftServer{raft-partition-2}{role=FOLLOWER} - Sending AppendResponse{status=OK, term=1, succeeded=true, lastLogIndex=1}
21:52:13.068 [raft-server-raft-partition-2] TRACE i.a.p.raft.roles.LeaderAppender - RaftServer{raft-partition-2} - Received AppendResponse{status=OK, term=1, succeeded=true, lastLogIndex=1} from 2
21:52:13.068 [raft-server-raft-partition-2] TRACE i.a.p.raft.roles.LeaderAppender - RaftServer{raft-partition-2} - Sending AppendRequest{term=1, leader=1, prevLogIndex=1, prevLogTerm=1, entries=0, commitIndex=1} to 2
21:52:13.068 [raft-server-raft-partition-2] TRACE i.a.p.raft.roles.LeaderAppender - RaftServer{raft-partition-2} - Received AppendResponse{status=OK, term=1, succeeded=true, lastLogIndex=1} from 3
21:52:13.069 [raft-server-raft-partition-2] TRACE i.a.p.raft.roles.FollowerRole - RaftServer{raft-partition-2}{role=FOLLOWER} - Received AppendRequest{term=1, leader=1, prevLogIndex=1, prevLogTerm=1, entries=0, commitIndex=1}
21:52:13.069 [raft-server-raft-partition-2] TRACE i.a.p.raft.roles.FollowerRole - RaftServer{raft-partition-2}{role=FOLLOWER} - Sending AppendResponse{status=OK, term=1, succeeded=true, lastLogIndex=1}
21:52:13.069 [raft-server-raft-partition-2] TRACE i.a.p.raft.roles.LeaderAppender - RaftServer{raft-partition-2} - Received AppendResponse{status=OK, term=1, succeeded=true, lastLogIndex=1} from 2
21:52:13.076 [raft-server-raft-partition-6] TRACE i.a.p.raft.roles.LeaderAppender - RaftServer{raft-partition-6} - Sending AppendRequest{term=1, leader=1, prevLogIndex=1, prevLogTerm=1, entries=0, commitIndex=1} to 2
21:52:13.076 [raft-server-raft-partition-6] TRACE i.a.p.raft.roles.LeaderAppender - RaftServer{raft-partition-6} - Sending AppendRequest{term=1, leader=1, prevLogIndex=1, prevLogTerm=1, entries=0, commitIndex=1} to 3
21:52:13.076 [raft-server-raft-partition-6] TRACE i.a.p.raft.roles.FollowerRole - RaftServer{raft-partition-6}{role=FOLLOWER} - Received AppendRequest{term=1, leader=1, prevLogIndex=1, prevLogTerm=1, entries=0, commitIndex=1}
21:52:13.076 [raft-server-raft-partition-6] TRACE i.a.p.raft.roles.FollowerRole - RaftServer{raft-partition-6}{role=FOLLOWER} - Sending AppendResponse{status=OK, term=1, succeeded=true, lastLogIndex=1}
21:52:13.076 [raft-server-raft-partition-6] TRACE i.a.p.raft.roles.FollowerRole - RaftServer{raft-partition-6}{role=FOLLOWER} - Received AppendRequest{term=1, leader=1, prevLogIndex=1, prevLogTerm=1, entries=0, commitIndex=1}
21:52:13.076 [raft-server-raft-partition-6] TRACE i.a.p.raft.roles.FollowerRole - RaftServer{raft-partition-6}{role=FOLLOWER} - Sending AppendResponse{status=OK, term=1, succeeded=true, lastLogIndex=1}
21:52:13.076 [raft-server-raft-partition-6] TRACE i.a.p.raft.roles.LeaderAppender - RaftServer{raft-partition-6} - Received AppendResponse{status=OK, term=1, succeeded=true, lastLogIndex=1} from 2
21:52:13.076 [raft-server-raft-partition-6] TRACE i.a.p.raft.roles.LeaderAppender - RaftServer{raft-partition-6} - Sending AppendRequest{term=1, leader=1, prevLogIndex=1, prevLogTerm=1, entries=0, commitIndex=1} to 2
21:52:13.076 [raft-server-raft-partition-6] TRACE i.a.p.raft.roles.LeaderAppender - RaftServer{raft-partition-6} - Received AppendResponse{status=OK, term=1, succeeded=true, lastLogIndex=1} from 3
21:52:13.076 [raft-server-raft-partition-6] TRACE i.a.p.raft.roles.LeaderAppender - RaftServer{raft-partition-6} - Sending AppendRequest{term=1, leader=1, prevLogIndex=1, prevLogTerm=1, entries=0, commitIndex=1} to 3
21:52:13.076 [raft-server-raft-partition-6] TRACE i.a.p.raft.roles.FollowerRole - RaftServer{raft-partition-6}{role=FOLLOWER} - Received AppendRequest{term=1, leader=1, prevLogIndex=1, prevLogTerm=1, entries=0, commitIndex=1}
21:52:13.076 [raft-server-raft-partition-6] TRACE i.a.p.raft.roles.FollowerRole - RaftServer{raft-partition-6}{role=FOLLOWER} - Received AppendRequest{term=1, leader=1, prevLogIndex=1, prevLogTerm=1, entries=0, commitIndex=1}
21:52:13.076 [raft-server-raft-partition-6] TRACE i.a.p.raft.roles.FollowerRole - RaftServer{raft-partition-6}{role=FOLLOWER} - Sending AppendResponse{status=OK, term=1, succeeded=true, lastLogIndex=1}
21:52:13.077 [raft-server-raft-partition-6] TRACE i.a.p.raft.roles.FollowerRole - RaftServer{raft-partition-6}{role=FOLLOWER} - Sending AppendResponse{status=OK, term=1, succeeded=true, lastLogIndex=1}
21:52:13.077 [raft-server-raft-partition-6] TRACE i.a.p.raft.roles.LeaderAppender - RaftServer{raft-partition-6} - Received AppendResponse{status=OK, term=1, succeeded=true, lastLogIndex=1} from 2
21:52:13.077 [raft-server-raft-partition-6] TRACE i.a.p.raft.roles.LeaderAppender - RaftServer{raft-partition-6} - Sending AppendRequest{term=1, leader=1, prevLogIndex=1, prevLogTerm=1, entries=0, commitIndex=1} to 2
21:52:13.077 [raft-server-raft-partition-6] TRACE i.a.p.raft.roles.LeaderAppender - RaftServer{raft-partition-6} - Received AppendResponse{status=OK, term=1, succeeded=true, lastLogIndex=1} from 3
21:52:13.077 [raft-server-raft-partition-6] TRACE i.a.p.raft.roles.LeaderAppender - RaftServer{raft-partition-6} - Sending AppendRequest{term=1, leader=1, prevLogIndex=1, prevLogTerm=1, entries=0, commitIndex=1} to 3
21:52:13.077 [raft-server-raft-partition-6] TRACE i.a.p.raft.roles.FollowerRole - RaftServer{raft-partition-6}{role=FOLLOWER} - Received AppendRequest{term=1, leader=1, prevLogIndex=1, prevLogTerm=1, entries=0, commitIndex=1}
21:52:13.077 [raft-server-raft-partition-6] TRACE i.a.p.raft.roles.FollowerRole - RaftServer{raft-partition-6}{role=FOLLOWER} - Sending AppendResponse{status=OK, term=1, succeeded=true, lastLogIndex=1}
21:52:13.077 [raft-server-raft-partition-6] TRACE i.a.p.raft.roles.FollowerRole - RaftServer{raft-partition-6}{role=FOLLOWER} - Received AppendRequest{term=1, leader=1, prevLogIndex=1, prevLogTerm=1, entries=0, commitIndex=1}
21:52:13.077 [raft-server-raft-partition-6] TRACE i.a.p.raft.roles.FollowerRole - RaftServer{raft-partition-6}{role=FOLLOWER} - Sending AppendResponse{status=OK, term=1, succeeded=true, lastLogIndex=1}
21:52:13.077 [raft-server-raft-partition-6] TRACE i.a.p.raft.roles.LeaderAppender - RaftServer{raft-partition-6} - Received AppendResponse{status=OK, term=1, succeeded=true, lastLogIndex=1} from 2
21:52:13.077 [raft-server-raft-partition-6] TRACE i.a.p.raft.roles.LeaderAppender - RaftServer{raft-partition-6} - Received AppendResponse{status=OK, term=1, succeeded=true, lastLogIndex=1} from 3
21:52:13.125 [raft-server-raft-partition-3] TRACE i.a.p.raft.roles.LeaderAppender - RaftServer{raft-partition-3} - Sending AppendRequest{term=3, leader=1, prevLogIndex=1, prevLogTerm=2, entries=0, commitIndex=1} to 2
21:52:13.125 [raft-server-raft-partition-3] TRACE i.a.p.raft.roles.LeaderAppender - RaftServer{raft-partition-3} - Sending AppendRequest{term=3, leader=1, prevLogIndex=1, prevLogTerm=2, entries=0, commitIndex=1} to 3
21:52:13.125 [raft-server-raft-partition-3] TRACE i.a.p.raft.roles.FollowerRole - RaftServer{raft-partition-3}{role=FOLLOWER} - Received AppendRequest{term=3, leader=1, prevLogIndex=1, prevLogTerm=2, entries=0, commitIndex=1}
21:52:13.125 [raft-server-raft-partition-3] TRACE i.a.p.raft.roles.FollowerRole - RaftServer{raft-partition-3}{role=FOLLOWER} - Sending AppendResponse{status=OK, term=3, succeeded=true, lastLogIndex=1}
21:52:13.125 [raft-server-raft-partition-3] TRACE i.a.p.raft.roles.FollowerRole - RaftServer{raft-partition-3}{role=FOLLOWER} - Received AppendRequest{term=3, leader=1, prevLogIndex=1, prevLogTerm=2, entries=0, commitIndex=1}
21:52:13.125 [raft-server-raft-partition-3] TRACE i.a.p.raft.roles.FollowerRole - RaftServer{raft-partition-3}{role=FOLLOWER} - Sending AppendResponse{status=OK, term=3, succeeded=true, lastLogIndex=1}
21:52:13.125 [raft-server-raft-partition-3] TRACE i.a.p.raft.roles.LeaderAppender - RaftServer{raft-partition-3} - Received AppendResponse{status=OK, term=3, succeeded=true, lastLogIndex=1} from 2
21:52:13.125 [raft-server-raft-partition-3] TRACE i.a.p.raft.roles.LeaderAppender - RaftServer{raft-partition-3} - Sending AppendRequest{term=3, leader=1, prevLogIndex=1, prevLogTerm=2, entries=0, commitIndex=1} to 2
21:52:13.125 [raft-server-raft-partition-3] TRACE i.a.p.raft.roles.LeaderAppender - RaftServer{raft-partition-3} - Received AppendResponse{status=OK, term=3, succeeded=true, lastLogIndex=1} from 3
21:52:13.125 [raft-server-raft-partition-3] TRACE i.a.p.raft.roles.LeaderAppender - RaftServer{raft-partition-3} - Sending AppendRequest{term=3, leader=1, prevLogIndex=1, prevLogTerm=2, entries=0, commitIndex=1} to 3
21:52:13.126 [raft-server-raft-partition-3] TRACE i.a.p.raft.roles.FollowerRole - RaftServer{raft-partition-3}{role=FOLLOWER} - Received AppendRequest{term=3, leader=1, prevLogIndex=1, prevLogTerm=2, entries=0, commitIndex=1}
21:52:13.126 [raft-server-raft-partition-3] TRACE i.a.p.raft.roles.FollowerRole - RaftServer{raft-partition-3}{role=FOLLOWER} - Sending AppendResponse{status=OK, term=3, succeeded=true, lastLogIndex=1}
21:52:13.126 [raft-server-raft-partition-3] TRACE i.a.p.raft.roles.FollowerRole - RaftServer{raft-partition-3}{role=FOLLOWER} - Received AppendRequest{term=3, leader=1, prevLogIndex=1, prevLogTerm=2, entries=0, commitIndex=1}
21:52:13.126 [raft-server-raft-partition-3] TRACE i.a.p.raft.roles.FollowerRole - RaftServer{raft-partition-3}{role=FOLLOWER} - Sending AppendResponse{status=OK, term=3, succeeded=true, lastLogIndex=1}
21:52:13.126 [raft-server-raft-partition-3] TRACE i.a.p.raft.roles.LeaderAppender - RaftServer{raft-partition-3} - Received AppendResponse{status=OK, term=3, succeeded=true, lastLogIndex=1} from 2
21:52:13.126 [raft-server-raft-partition-3] TRACE i.a.p.raft.roles.LeaderAppender - RaftServer{raft-partition-3} - Sending AppendRequest{term=3, leader=1, prevLogIndex=1, prevLogTerm=2, entries=0, commitIndex=1} to 2
21:52:13.126 [raft-server-raft-partition-3] TRACE i.a.p.raft.roles.LeaderAppender - RaftServer{raft-partition-3} - Received AppendResponse{status=OK, term=3, succeeded=true, lastLogIndex=1} from 3
21:52:13.126 [raft-server-raft-partition-3] TRACE i.a.p.raft.roles.LeaderAppender - RaftServer{raft-partition-3} - Sending AppendRequest{term=3, leader=1, prevLogIndex=1, prevLogTerm=2, entries=0, commitIndex=1} to 3
21:52:13.126 [raft-server-raft-partition-3] TRACE i.a.p.raft.roles.FollowerRole - RaftServer{raft-partition-3}{role=FOLLOWER} - Received AppendRequest{term=3, leader=1, prevLogIndex=1, prevLogTerm=2, entries=0, commitIndex=1}
21:52:13.126 [raft-server-raft-partition-3] TRACE i.a.p.raft.roles.FollowerRole - RaftServer{raft-partition-3}{role=FOLLOWER} - Sending AppendResponse{status=OK, term=3, succeeded=true, lastLogIndex=1}
21:52:13.126 [raft-server-raft-partition-3] TRACE i.a.p.raft.roles.FollowerRole - RaftServer{raft-partition-3}{role=FOLLOWER} - Received AppendRequest{term=3, leader=1, prevLogIndex=1, prevLogTerm=2, entries=0, commitIndex=1}
21:52:13.126 [raft-server-raft-partition-3] TRACE i.a.p.raft.roles.FollowerRole - RaftServer{raft-partition-3}{role=FOLLOWER} - Sending AppendResponse{status=OK, term=3, succeeded=true, lastLogIndex=1}
21:52:13.126 [raft-server-raft-partition-3] TRACE i.a.p.raft.roles.LeaderAppender - RaftServer{raft-partition-3} - Received AppendResponse{status=OK, term=3, succeeded=true, lastLogIndex=1} from 2
21:52:13.126 [raft-server-raft-partition-3] TRACE i.a.p.raft.roles.LeaderAppender - RaftServer{raft-partition-3} - Received AppendResponse{status=OK, term=3, succeeded=true, lastLogIndex=1} from 3
21:52:13.134 [raft-server-raft-partition-1] TRACE i.a.p.raft.roles.LeaderAppender - RaftServer{raft-partition-1} - Sending AppendRequest{term=1, leader=2, prevLogIndex=1, prevLogTerm=1, entries=0, commitIndex=1} to 3
21:52:13.135 [raft-server-raft-partition-1] TRACE i.a.p.raft.roles.FollowerRole - RaftServer{raft-partition-1}{role=FOLLOWER} - Received AppendRequest{term=1, leader=2, prevLogIndex=1, prevLogTerm=1, entries=0, commitIndex=1}
21:52:13.135 [raft-server-raft-partition-1] TRACE i.a.p.raft.roles.FollowerRole - RaftServer{raft-partition-1}{role=FOLLOWER} - Sending AppendResponse{status=OK, term=1, succeeded=true, lastLogIndex=1}
21:52:13.135 [raft-server-raft-partition-1] TRACE i.a.p.raft.roles.LeaderAppender - RaftServer{raft-partition-1} - Received AppendResponse{status=OK, term=1, succeeded=true, lastLogIndex=1} from 3
21:52:13.135 [raft-server-raft-partition-1] TRACE i.a.p.raft.roles.LeaderAppender - RaftServer{raft-partition-1} - Sending AppendRequest{term=1, leader=2, prevLogIndex=1, prevLogTerm=1, entries=0, commitIndex=1} to 3
21:52:13.135 [raft-server-raft-partition-1] TRACE i.a.p.raft.roles.FollowerRole - RaftServer{raft-partition-1}{role=FOLLOWER} - Received AppendRequest{term=1, leader=2, prevLogIndex=1, prevLogTerm=1, entries=0, commitIndex=1}
21:52:13.135 [raft-server-raft-partition-1] TRACE i.a.p.raft.roles.FollowerRole - RaftServer{raft-partition-1}{role=FOLLOWER} - Sending AppendResponse{status=OK, term=1, succeeded=true, lastLogIndex=1}
21:52:13.136 [raft-server-raft-partition-1] TRACE i.a.p.raft.roles.LeaderAppender - RaftServer{raft-partition-1} - Received AppendResponse{status=OK, term=1, succeeded=true, lastLogIndex=1} from 3
21:52:13.167 [raft-server-system-partition-1] TRACE i.a.p.raft.roles.LeaderAppender - RaftServer{system-partition-1} - Sending AppendRequest{term=1, leader=1, prevLogIndex=13, prevLogTerm=1, entries=0, commitIndex=13} to 2
21:52:13.167 [raft-server-system-partition-1] TRACE i.a.p.raft.roles.LeaderAppender - RaftServer{system-partition-1} - Sending AppendRequest{term=1, leader=1, prevLogIndex=13, prevLogTerm=1, entries=0, commitIndex=13} to 3
21:52:13.167 [raft-server-system-partition-1] TRACE i.a.p.raft.roles.FollowerRole - RaftServer{system-partition-1}{role=FOLLOWER} - Received AppendRequest{term=1, leader=1, prevLogIndex=13, prevLogTerm=1, entries=0, commitIndex=13}
21:52:13.167 [raft-server-system-partition-1] TRACE i.a.p.raft.roles.FollowerRole - RaftServer{system-partition-1}{role=FOLLOWER} - Received AppendRequest{term=1, leader=1, prevLogIndex=13, prevLogTerm=1, entries=0, commitIndex=13}
21:52:13.167 [raft-server-system-partition-1] TRACE i.a.p.raft.roles.FollowerRole - RaftServer{system-partition-1}{role=FOLLOWER} - Sending AppendResponse{status=OK, term=1, succeeded=true, lastLogIndex=13}
21:52:13.168 [raft-server-system-partition-1] TRACE i.a.p.raft.roles.FollowerRole - RaftServer{system-partition-1}{role=FOLLOWER} - Sending AppendResponse{status=OK, term=1, succeeded=true, lastLogIndex=13}
21:52:13.168 [raft-server-system-partition-1] TRACE i.a.p.raft.roles.LeaderAppender - RaftServer{system-partition-1} - Received AppendResponse{status=OK, term=1, succeeded=true, lastLogIndex=13} from 2
21:52:13.168 [raft-server-system-partition-1] TRACE i.a.p.raft.roles.LeaderAppender - RaftServer{system-partition-1} - Sending AppendRequest{term=1, leader=1, prevLogIndex=13, prevLogTerm=1, entries=0, commitIndex=13} to 2
21:52:13.168 [raft-server-system-partition-1] TRACE i.a.p.raft.roles.LeaderAppender - RaftServer{system-partition-1} - Received AppendResponse{status=OK, term=1, succeeded=true, lastLogIndex=13} from 3
21:52:13.168 [raft-server-system-partition-1] TRACE i.a.p.raft.roles.LeaderAppender - RaftServer{system-partition-1} - Sending AppendRequest{term=1, leader=1, prevLogIndex=13, prevLogTerm=1, entries=0, commitIndex=13} to 3
21:52:13.168 [raft-server-system-partition-1] TRACE i.a.p.raft.roles.FollowerRole - RaftServer{system-partition-1}{role=FOLLOWER} - Received AppendRequest{term=1, leader=1, prevLogIndex=13, prevLogTerm=1, entries=0, commitIndex=13}
21:52:13.168 [raft-server-system-partition-1] TRACE i.a.p.raft.roles.FollowerRole - RaftServer{system-partition-1}{role=FOLLOWER} - Sending AppendResponse{status=OK, term=1, succeeded=true, lastLogIndex=13}
21:52:13.168 [raft-server-system-partition-1] TRACE i.a.p.raft.roles.FollowerRole - RaftServer{system-partition-1}{role=FOLLOWER} - Received AppendRequest{term=1, leader=1, prevLogIndex=13, prevLogTerm=1, entries=0, commitIndex=13}
21:52:13.168 [raft-server-system-partition-1] TRACE i.a.p.raft.roles.LeaderAppender - RaftServer{system-partition-1} - Received AppendResponse{status=OK, term=1, succeeded=true, lastLogIndex=13} from 2
21:52:13.168 [raft-server-system-partition-1] TRACE i.a.p.raft.roles.FollowerRole - RaftServer{system-partition-1}{role=FOLLOWER} - Sending AppendResponse{status=OK, term=1, succeeded=true, lastLogIndex=13}
21:52:13.168 [raft-server-system-partition-1] TRACE i.a.p.raft.roles.LeaderAppender - RaftServer{system-partition-1} - Received AppendResponse{status=OK, term=1, succeeded=true, lastLogIndex=13} from 3
21:52:13.209 [raft-server-raft-partition-5] TRACE i.a.p.raft.roles.LeaderAppender - RaftServer{raft-partition-5} - Sending AppendRequest{term=1, leader=3, prevLogIndex=1, prevLogTerm=1, entries=0, commitIndex=1} to 1
21:52:13.209 [raft-server-raft-partition-5] TRACE i.a.p.raft.roles.LeaderAppender - RaftServer{raft-partition-5} - Sending AppendRequest{term=1, leader=3, prevLogIndex=1, prevLogTerm=1, entries=0, commitIndex=1} to 2
21:52:13.209 [raft-server-raft-partition-7] TRACE i.a.p.raft.roles.LeaderAppender - RaftServer{raft-partition-7} - Sending AppendRequest{term=1, leader=2, prevLogIndex=1, prevLogTerm=1, entries=0, commitIndex=1} to 1
21:52:13.209 [raft-server-raft-partition-7] TRACE i.a.p.raft.roles.LeaderAppender - RaftServer{raft-partition-7} - Sending AppendRequest{term=1, leader=2, prevLogIndex=1, prevLogTerm=1, entries=0, commitIndex=1} to 3
21:52:13.209 [raft-server-raft-partition-5] TRACE i.a.p.raft.roles.FollowerRole - RaftServer{raft-partition-5}{role=FOLLOWER} - Received AppendRequest{term=1, leader=3, prevLogIndex=1, prevLogTerm=1, entries=0, commitIndex=1}
21:52:13.209 [raft-server-raft-partition-5] TRACE i.a.p.raft.roles.FollowerRole - RaftServer{raft-partition-5}{role=FOLLOWER} - Received AppendRequest{term=1, leader=3, prevLogIndex=1, prevLogTerm=1, entries=0, commitIndex=1}
21:52:13.209 [raft-server-raft-partition-5] TRACE i.a.p.raft.roles.FollowerRole - RaftServer{raft-partition-5}{role=FOLLOWER} - Sending AppendResponse{status=OK, term=1, succeeded=true, lastLogIndex=1}
21:52:13.209 [raft-server-raft-partition-7] TRACE i.a.p.raft.roles.FollowerRole - RaftServer{raft-partition-7}{role=FOLLOWER} - Received AppendRequest{term=1, leader=2, prevLogIndex=1, prevLogTerm=1, entries=0, commitIndex=1}
21:52:13.209 [raft-server-raft-partition-5] TRACE i.a.p.raft.roles.FollowerRole - RaftServer{raft-partition-5}{role=FOLLOWER} - Sending AppendResponse{status=OK, term=1, succeeded=true, lastLogIndex=1}
21:52:13.209 [raft-server-raft-partition-7] TRACE i.a.p.raft.roles.FollowerRole - RaftServer{raft-partition-7}{role=FOLLOWER} - Received AppendRequest{term=1, leader=2, prevLogIndex=1, prevLogTerm=1, entries=0, commitIndex=1}
21:52:13.209 [raft-server-raft-partition-7] TRACE i.a.p.raft.roles.FollowerRole - RaftServer{raft-partition-7}{role=FOLLOWER} - Sending AppendResponse{status=OK, term=1, succeeded=true, lastLogIndex=1}
21:52:13.209 [raft-server-raft-partition-7] TRACE i.a.p.raft.roles.FollowerRole - RaftServer{raft-partition-7}{role=FOLLOWER} - Sending AppendResponse{status=OK, term=1, succeeded=true, lastLogIndex=1}
21:52:13.209 [raft-server-raft-partition-5] TRACE i.a.p.raft.roles.LeaderAppender - RaftServer{raft-partition-5} - Received AppendResponse{status=OK, term=1, succeeded=true, lastLogIndex=1} from 1
21:52:13.210 [raft-server-raft-partition-5] TRACE i.a.p.raft.roles.LeaderAppender - RaftServer{raft-partition-5} - Sending AppendRequest{term=1, leader=3, prevLogIndex=1, prevLogTerm=1, entries=0, commitIndex=1} to 1
21:52:13.210 [raft-server-raft-partition-7] TRACE i.a.p.raft.roles.LeaderAppender - RaftServer{raft-partition-7} - Received AppendResponse{status=OK, term=1, succeeded=true, lastLogIndex=1} from 1
21:52:13.210 [raft-server-raft-partition-5] TRACE i.a.p.raft.roles.LeaderAppender - RaftServer{raft-partition-5} - Received AppendResponse{status=OK, term=1, succeeded=true, lastLogIndex=1} from 2
21:52:13.210 [raft-server-raft-partition-7] TRACE i.a.p.raft.roles.LeaderAppender - RaftServer{raft-partition-7} - Sending AppendRequest{term=1, leader=2, prevLogIndex=1, prevLogTerm=1, entries=0, commitIndex=1} to 1
21:52:13.210 [raft-server-raft-partition-5] TRACE i.a.p.raft.roles.LeaderAppender - RaftServer{raft-partition-5} - Sending AppendRequest{term=1, leader=3, prevLogIndex=1, prevLogTerm=1, entries=0, commitIndex=1} to 2
21:52:13.210 [raft-server-raft-partition-5] TRACE i.a.p.raft.roles.FollowerRole - RaftServer{raft-partition-5}{role=FOLLOWER} - Received AppendRequest{term=1, leader=3, prevLogIndex=1, prevLogTerm=1, entries=0, commitIndex=1}
21:52:13.210 [raft-server-raft-partition-7] TRACE i.a.p.raft.roles.LeaderAppender - RaftServer{raft-partition-7} - Received AppendResponse{status=OK, term=1, succeeded=true, lastLogIndex=1} from 3
21:52:13.210 [raft-server-raft-partition-5] TRACE i.a.p.raft.roles.FollowerRole - RaftServer{raft-partition-5}{role=FOLLOWER} - Sending AppendResponse{status=OK, term=1, succeeded=true, lastLogIndex=1}
21:52:13.210 [raft-server-raft-partition-7] TRACE i.a.p.raft.roles.FollowerRole - RaftServer{raft-partition-7}{role=FOLLOWER} - Received AppendRequest{term=1, leader=2, prevLogIndex=1, prevLogTerm=1, entries=0, commitIndex=1}
21:52:13.210 [raft-server-raft-partition-5] TRACE i.a.p.raft.roles.FollowerRole - RaftServer{raft-partition-5}{role=FOLLOWER} - Received AppendRequest{term=1, leader=3, prevLogIndex=1, prevLogTerm=1, entries=0, commitIndex=1}
21:52:13.210 [raft-server-raft-partition-7] TRACE i.a.p.raft.roles.LeaderAppender - RaftServer{raft-partition-7} - Sending AppendRequest{term=1, leader=2, prevLogIndex=1, prevLogTerm=1, entries=0, commitIndex=1} to 3
21:52:13.210 [raft-server-raft-partition-7] TRACE i.a.p.raft.roles.FollowerRole - RaftServer{raft-partition-7}{role=FOLLOWER} - Sending AppendResponse{status=OK, term=1, succeeded=true, lastLogIndex=1}
21:52:13.210 [raft-server-raft-partition-5] TRACE i.a.p.raft.roles.FollowerRole - RaftServer{raft-partition-5}{role=FOLLOWER} - Sending AppendResponse{status=OK, term=1, succeeded=true, lastLogIndex=1}
21:52:13.210 [raft-server-raft-partition-5] TRACE i.a.p.raft.roles.LeaderAppender - RaftServer{raft-partition-5} - Received AppendResponse{status=OK, term=1, succeeded=true, lastLogIndex=1} from 1
21:52:13.210 [raft-server-raft-partition-7] TRACE i.a.p.raft.roles.FollowerRole - RaftServer{raft-partition-7}{role=FOLLOWER} - Received AppendRequest{term=1, leader=2, prevLogIndex=1, prevLogTerm=1, entries=0, commitIndex=1}
21:52:13.210 [raft-server-raft-partition-7] TRACE i.a.p.raft.roles.LeaderAppender - RaftServer{raft-partition-7} - Received AppendResponse{status=OK, term=1, succeeded=true, lastLogIndex=1} from 1
21:52:13.210 [raft-server-raft-partition-5] TRACE i.a.p.raft.roles.LeaderAppender - RaftServer{raft-partition-5} - Received AppendResponse{status=OK, term=1, succeeded=true, lastLogIndex=1} from 2
21:52:13.210 [raft-server-raft-partition-7] TRACE i.a.p.raft.roles.FollowerRole - RaftServer{raft-partition-7}{role=FOLLOWER} - Sending AppendResponse{status=OK, term=1, succeeded=true, lastLogIndex=1}
21:52:13.211 [raft-server-raft-partition-7] TRACE i.a.p.raft.roles.LeaderAppender - RaftServer{raft-partition-7} - Received AppendResponse{status=OK, term=1, succeeded=true, lastLogIndex=1} from 3
21:52:13.243 [raft-server-raft-partition-4] TRACE i.a.p.raft.roles.LeaderAppender - RaftServer{raft-partition-4} - Sending AppendRequest{term=1, leader=1, prevLogIndex=1, prevLogTerm=1, entries=0, commitIndex=1} to 2
21:52:13.243 [raft-server-raft-partition-4] TRACE i.a.p.raft.roles.LeaderAppender - RaftServer{raft-partition-4} - Sending AppendRequest{term=1, leader=1, prevLogIndex=1, prevLogTerm=1, entries=0, commitIndex=1} to 3
21:52:13.243 [raft-server-raft-partition-4] TRACE i.a.p.raft.roles.FollowerRole - RaftServer{raft-partition-4}{role=FOLLOWER} - Received AppendRequest{term=1, leader=1, prevLogIndex=1, prevLogTerm=1, entries=0, commitIndex=1}
21:52:13.243 [raft-server-raft-partition-4] TRACE i.a.p.raft.roles.FollowerRole - RaftServer{raft-partition-4}{role=FOLLOWER} - Received AppendRequest{term=1, leader=1, prevLogIndex=1, prevLogTerm=1, entries=0, commitIndex=1}
21:52:13.243 [raft-server-raft-partition-4] TRACE i.a.p.raft.roles.FollowerRole - RaftServer{raft-partition-4}{role=FOLLOWER} - Sending AppendResponse{status=OK, term=1, succeeded=true, lastLogIndex=1}
21:52:13.243 [raft-server-raft-partition-4] TRACE i.a.p.raft.roles.FollowerRole - RaftServer{raft-partition-4}{role=FOLLOWER} - Sending AppendResponse{status=OK, term=1, succeeded=true, lastLogIndex=1}
21:52:13.244 [raft-server-raft-partition-4] TRACE i.a.p.raft.roles.LeaderAppender - RaftServer{raft-partition-4} - Received AppendResponse{status=OK, term=1, succeeded=true, lastLogIndex=1} from 3
21:52:13.244 [raft-server-raft-partition-4] TRACE i.a.p.raft.roles.LeaderAppender - RaftServer{raft-partition-4} - Sending AppendRequest{term=1, leader=1, prevLogIndex=1, prevLogTerm=1, entries=0, commitIndex=1} to 3
21:52:13.244 [raft-server-raft-partition-4] TRACE i.a.p.raft.roles.LeaderAppender - RaftServer{raft-partition-4} - Received AppendResponse{status=OK, term=1, succeeded=true, lastLogIndex=1} from 2
21:52:13.244 [raft-server-raft-partition-4] TRACE i.a.p.raft.roles.LeaderAppender - RaftServer{raft-partition-4} - Sending AppendRequest{term=1, leader=1, prevLogIndex=1, prevLogTerm=1, entries=0, commitIndex=1} to 2
21:52:13.244 [raft-server-raft-partition-4] TRACE i.a.p.raft.roles.FollowerRole - RaftServer{raft-partition-4}{role=FOLLOWER} - Received AppendRequest{term=1, leader=1, prevLogIndex=1, prevLogTerm=1, entries=0, commitIndex=1}
21:52:13.244 [raft-server-raft-partition-4] TRACE i.a.p.raft.roles.FollowerRole - RaftServer{raft-partition-4}{role=FOLLOWER} - Sending AppendResponse{status=OK, term=1, succeeded=true, lastLogIndex=1}
21:52:13.244 [raft-server-raft-partition-4] TRACE i.a.p.raft.roles.FollowerRole - RaftServer{raft-partition-4}{role=FOLLOWER} - Received AppendRequest{term=1, leader=1, prevLogIndex=1, prevLogTerm=1, entries=0, commitIndex=1}
21:52:13.244 [raft-server-raft-partition-4] TRACE i.a.p.raft.roles.FollowerRole - RaftServer{raft-partition-4}{role=FOLLOWER} - Sending AppendResponse{status=OK, term=1, succeeded=true, lastLogIndex=1}
21:52:13.244 [raft-server-raft-partition-4] TRACE i.a.p.raft.roles.LeaderAppender - RaftServer{raft-partition-4} - Received AppendResponse{status=OK, term=1, succeeded=true, lastLogIndex=1} from 3
21:52:13.244 [raft-server-raft-partition-4] TRACE i.a.p.raft.roles.LeaderAppender - RaftServer{raft-partition-4} - Received AppendResponse{status=OK, term=1, succeeded=true, lastLogIndex=1} from 2
21:52:13.318 [raft-server-raft-partition-2] TRACE i.a.p.raft.roles.LeaderAppender - RaftServer{raft-partition-2} - Sending AppendRequest{term=1, leader=1, prevLogIndex=1, prevLogTerm=1, entries=0, commitIndex=1} to 2
21:52:13.318 [raft-server-raft-partition-2] TRACE i.a.p.raft.roles.LeaderAppender - RaftServer{raft-partition-2} - Sending AppendRequest{term=1, leader=1, prevLogIndex=1, prevLogTerm=1, entries=0, commitIndex=1} to 3
21:52:13.318 [raft-server-raft-partition-2] TRACE i.a.p.raft.roles.FollowerRole - RaftServer{raft-partition-2}{role=FOLLOWER} - Received AppendRequest{term=1, leader=1, prevLogIndex=1, prevLogTerm=1, entries=0, commitIndex=1}
21:52:13.318 [raft-server-raft-partition-2] TRACE i.a.p.raft.roles.FollowerRole - RaftServer{raft-partition-2}{role=FOLLOWER} - Received AppendRequest{term=1, leader=1, prevLogIndex=1, prevLogTerm=1, entries=0, commitIndex=1}
21:52:13.318 [raft-server-raft-partition-2] TRACE i.a.p.raft.roles.FollowerRole - RaftServer{raft-partition-2}{role=FOLLOWER} - Sending AppendResponse{status=OK, term=1, succeeded=true, lastLogIndex=1}
21:52:13.318 [raft-server-raft-partition-2] TRACE i.a.p.raft.roles.FollowerRole - RaftServer{raft-partition-2}{role=FOLLOWER} - Sending AppendResponse{status=OK, term=1, succeeded=true, lastLogIndex=1}
21:52:13.318 [raft-server-raft-partition-2] TRACE i.a.p.raft.roles.LeaderAppender - RaftServer{raft-partition-2} - Received AppendResponse{status=OK, term=1, succeeded=true, lastLogIndex=1} from 3
21:52:13.318 [raft-server-raft-partition-2] TRACE i.a.p.raft.roles.LeaderAppender - RaftServer{raft-partition-2} - Received AppendResponse{status=OK, term=1, succeeded=true, lastLogIndex=1} from 2
21:52:13.326 [raft-server-raft-partition-6] TRACE i.a.p.raft.roles.LeaderAppender - RaftServer{raft-partition-6} - Sending AppendRequest{term=1, leader=1, prevLogIndex=1, prevLogTerm=1, entries=0, commitIndex=1} to 2
21:52:13.326 [raft-server-raft-partition-6] TRACE i.a.p.raft.roles.LeaderAppender - RaftServer{raft-partition-6} - Sending AppendRequest{term=1, leader=1, prevLogIndex=1, prevLogTerm=1, entries=0, commitIndex=1} to 3
21:52:13.326 [raft-server-raft-partition-6] TRACE i.a.p.raft.roles.FollowerRole - RaftServer{raft-partition-6}{role=FOLLOWER} - Received AppendRequest{term=1, leader=1, prevLogIndex=1, prevLogTerm=1, entries=0, commitIndex=1}
21:52:13.326 [raft-server-raft-partition-6] TRACE i.a.p.raft.roles.FollowerRole - RaftServer{raft-partition-6}{role=FOLLOWER} - Received AppendRequest{term=1, leader=1, prevLogIndex=1, prevLogTerm=1, entries=0, commitIndex=1}
21:52:13.326 [raft-server-raft-partition-6] TRACE i.a.p.raft.roles.FollowerRole - RaftServer{raft-partition-6}{role=FOLLOWER} - Sending AppendResponse{status=OK, term=1, succeeded=true, lastLogIndex=1}
21:52:13.326 [raft-server-raft-partition-6] TRACE i.a.p.raft.roles.FollowerRole - RaftServer{raft-partition-6}{role=FOLLOWER} - Sending AppendResponse{status=OK, term=1, succeeded=true, lastLogIndex=1}
21:52:13.326 [raft-server-raft-partition-6] TRACE i.a.p.raft.roles.LeaderAppender - RaftServer{raft-partition-6} - Received AppendResponse{status=OK, term=1, succeeded=true, lastLogIndex=1} from 3
21:52:13.326 [raft-server-raft-partition-6] TRACE i.a.p.raft.roles.LeaderAppender - RaftServer{raft-partition-6} - Sending AppendRequest{term=1, leader=1, prevLogIndex=1, prevLogTerm=1, entries=0, commitIndex=1} to 3
21:52:13.326 [raft-server-raft-partition-6] TRACE i.a.p.raft.roles.LeaderAppender - RaftServer{raft-partition-6} - Received AppendResponse{status=OK, term=1, succeeded=true, lastLogIndex=1} from 2
21:52:13.326 [raft-server-raft-partition-6] TRACE i.a.p.raft.roles.LeaderAppender - RaftServer{raft-partition-6} - Sending AppendRequest{term=1, leader=1, prevLogIndex=1, prevLogTerm=1, entries=0, commitIndex=1} to 2
21:52:13.327 [raft-server-raft-partition-6] TRACE i.a.p.raft.roles.FollowerRole - RaftServer{raft-partition-6}{role=FOLLOWER} - Received AppendRequest{term=1, leader=1, prevLogIndex=1, prevLogTerm=1, entries=0, commitIndex=1}
21:52:13.327 [raft-server-raft-partition-6] TRACE i.a.p.raft.roles.FollowerRole - RaftServer{raft-partition-6}{role=FOLLOWER} - Sending AppendResponse{status=OK, term=1, succeeded=true, lastLogIndex=1}
21:52:13.327 [raft-server-raft-partition-6] TRACE i.a.p.raft.roles.FollowerRole - RaftServer{raft-partition-6}{role=FOLLOWER} - Received AppendRequest{term=1, leader=1, prevLogIndex=1, prevLogTerm=1, entries=0, commitIndex=1}
21:52:13.327 [raft-server-raft-partition-6] TRACE i.a.p.raft.roles.FollowerRole - RaftServer{raft-partition-6}{role=FOLLOWER} - Sending AppendResponse{status=OK, term=1, succeeded=true, lastLogIndex=1}
21:52:13.327 [raft-server-raft-partition-6] TRACE i.a.p.raft.roles.LeaderAppender - RaftServer{raft-partition-6} - Received AppendResponse{status=OK, term=1, succeeded=true, lastLogIndex=1} from 3
21:52:13.327 [raft-server-raft-partition-6] TRACE i.a.p.raft.roles.LeaderAppender - RaftServer{raft-partition-6} - Sending AppendRequest{term=1, leader=1, prevLogIndex=1, prevLogTerm=1, entries=0, commitIndex=1} to 3
21:52:13.327 [raft-server-raft-partition-6] TRACE i.a.p.raft.roles.LeaderAppender - RaftServer{raft-partition-6} - Received AppendResponse{status=OK, term=1, succeeded=true, lastLogIndex=1} from 2
21:52:13.327 [raft-server-raft-partition-6] TRACE i.a.p.raft.roles.FollowerRole - RaftServer{raft-partition-6}{role=FOLLOWER} - Received AppendRequest{term=1, leader=1, prevLogIndex=1, prevLogTerm=1, entries=0, commitIndex=1}
21:52:13.327 [raft-server-raft-partition-6] TRACE i.a.p.raft.roles.LeaderAppender - RaftServer{raft-partition-6} - Sending AppendRequest{term=1, leader=1, prevLogIndex=1, prevLogTerm=1, entries=0, commitIndex=1} to 2
21:52:13.327 [raft-server-raft-partition-6] TRACE i.a.p.raft.roles.FollowerRole - RaftServer{raft-partition-6}{role=FOLLOWER} - Sending AppendResponse{status=OK, term=1, succeeded=true, lastLogIndex=1}
21:52:13.327 [raft-server-raft-partition-6] TRACE i.a.p.raft.roles.FollowerRole - RaftServer{raft-partition-6}{role=FOLLOWER} - Received AppendRequest{term=1, leader=1, prevLogIndex=1, prevLogTerm=1, entries=0, commitIndex=1}
21:52:13.327 [raft-server-raft-partition-6] TRACE i.a.p.raft.roles.LeaderAppender - RaftServer{raft-partition-6} - Received AppendResponse{status=OK, term=1, succeeded=true, lastLogIndex=1} from 3
21:52:13.327 [raft-server-raft-partition-6] TRACE i.a.p.raft.roles.FollowerRole - RaftServer{raft-partition-6}{role=FOLLOWER} - Sending AppendResponse{status=OK, term=1, succeeded=true, lastLogIndex=1}
21:52:13.328 [raft-server-raft-partition-6] TRACE i.a.p.raft.roles.LeaderAppender - RaftServer{raft-partition-6} - Received AppendResponse{status=OK, term=1, succeeded=true, lastLogIndex=1} from 2
21:52:13.375 [raft-server-raft-partition-3] TRACE i.a.p.raft.roles.LeaderAppender - RaftServer{raft-partition-3} - Sending AppendRequest{term=3, leader=1, prevLogIndex=1, prevLogTerm=2, entries=0, commitIndex=1} to 2
21:52:13.375 [raft-server-raft-partition-3] TRACE i.a.p.raft.roles.LeaderAppender - RaftServer{raft-partition-3} - Sending AppendRequest{term=3, leader=1, prevLogIndex=1, prevLogTerm=2, entries=0, commitIndex=1} to 3
21:52:13.375 [raft-server-raft-partition-3] TRACE i.a.p.raft.roles.FollowerRole - RaftServer{raft-partition-3}{role=FOLLOWER} - Received AppendRequest{term=3, leader=1, prevLogIndex=1, prevLogTerm=2, entries=0, commitIndex=1}
21:52:13.375 [raft-server-raft-partition-3] TRACE i.a.p.raft.roles.FollowerRole - RaftServer{raft-partition-3}{role=FOLLOWER} - Received AppendRequest{term=3, leader=1, prevLogIndex=1, prevLogTerm=2, entries=0, commitIndex=1}
21:52:13.375 [raft-server-raft-partition-3] TRACE i.a.p.raft.roles.FollowerRole - RaftServer{raft-partition-3}{role=FOLLOWER} - Sending AppendResponse{status=OK, term=3, succeeded=true, lastLogIndex=1}
21:52:13.375 [raft-server-raft-partition-3] TRACE i.a.p.raft.roles.FollowerRole - RaftServer{raft-partition-3}{role=FOLLOWER} - Sending AppendResponse{status=OK, term=3, succeeded=true, lastLogIndex=1}
21:52:13.375 [raft-server-raft-partition-3] TRACE i.a.p.raft.roles.LeaderAppender - RaftServer{raft-partition-3} - Received AppendResponse{status=OK, term=3, succeeded=true, lastLogIndex=1} from 3
21:52:13.375 [raft-server-raft-partition-3] TRACE i.a.p.raft.roles.LeaderAppender - RaftServer{raft-partition-3} - Sending AppendRequest{term=3, leader=1, prevLogIndex=1, prevLogTerm=2, entries=0, commitIndex=1} to 3
21:52:13.375 [raft-server-raft-partition-3] TRACE i.a.p.raft.roles.LeaderAppender - RaftServer{raft-partition-3} - Received AppendResponse{status=OK, term=3, succeeded=true, lastLogIndex=1} from 2
21:52:13.376 [raft-server-raft-partition-3] TRACE i.a.p.raft.roles.LeaderAppender - RaftServer{raft-partition-3} - Sending AppendRequest{term=3, leader=1, prevLogIndex=1, prevLogTerm=2, entries=0, commitIndex=1} to 2
21:52:13.376 [raft-server-raft-partition-3] TRACE i.a.p.raft.roles.FollowerRole - RaftServer{raft-partition-3}{role=FOLLOWER} - Received AppendRequest{term=3, leader=1, prevLogIndex=1, prevLogTerm=2, entries=0, commitIndex=1}
21:52:13.376 [raft-server-raft-partition-3] TRACE i.a.p.raft.roles.FollowerRole - RaftServer{raft-partition-3}{role=FOLLOWER} - Sending AppendResponse{status=OK, term=3, succeeded=true, lastLogIndex=1}
21:52:13.376 [raft-server-raft-partition-3] TRACE i.a.p.raft.roles.FollowerRole - RaftServer{raft-partition-3}{role=FOLLOWER} - Received AppendRequest{term=3, leader=1, prevLogIndex=1, prevLogTerm=2, entries=0, commitIndex=1}
21:52:13.376 [raft-server-raft-partition-3] TRACE i.a.p.raft.roles.FollowerRole - RaftServer{raft-partition-3}{role=FOLLOWER} - Sending AppendResponse{status=OK, term=3, succeeded=true, lastLogIndex=1}
21:52:13.376 [raft-server-raft-partition-3] TRACE i.a.p.raft.roles.LeaderAppender - RaftServer{raft-partition-3} - Received AppendResponse{status=OK, term=3, succeeded=true, lastLogIndex=1} from 3
21:52:13.376 [raft-server-raft-partition-3] TRACE i.a.p.raft.roles.LeaderAppender - RaftServer{raft-partition-3} - Sending AppendRequest{term=3, leader=1, prevLogIndex=1, prevLogTerm=2, entries=0, commitIndex=1} to 3
21:52:13.376 [raft-server-raft-partition-3] TRACE i.a.p.raft.roles.LeaderAppender - RaftServer{raft-partition-3} - Received AppendResponse{status=OK, term=3, succeeded=true, lastLogIndex=1} from 2
21:52:13.376 [raft-server-raft-partition-3] TRACE i.a.p.raft.roles.FollowerRole - RaftServer{raft-partition-3}{role=FOLLOWER} - Received AppendRequest{term=3, leader=1, prevLogIndex=1, prevLogTerm=2, entries=0, commitIndex=1}
21:52:13.376 [raft-server-raft-partition-3] TRACE i.a.p.raft.roles.FollowerRole - RaftServer{raft-partition-3}{role=FOLLOWER} - Sending AppendResponse{status=OK, term=3, succeeded=true, lastLogIndex=1}
21:52:13.377 [raft-server-raft-partition-3] TRACE i.a.p.raft.roles.LeaderAppender - RaftServer{raft-partition-3} - Received AppendResponse{status=OK, term=3, succeeded=true, lastLogIndex=1} from 3
21:52:13.384 [raft-server-raft-partition-1] TRACE i.a.p.raft.roles.LeaderAppender - RaftServer{raft-partition-1} - Sending AppendRequest{term=1, leader=2, prevLogIndex=1, prevLogTerm=1, entries=0, commitIndex=1} to 3
21:52:13.385 [raft-server-raft-partition-1] TRACE i.a.p.raft.roles.FollowerRole - RaftServer{raft-partition-1}{role=FOLLOWER} - Received AppendRequest{term=1, leader=2, prevLogIndex=1, prevLogTerm=1, entries=0, commitIndex=1}
21:52:13.385 [raft-server-raft-partition-1] TRACE i.a.p.raft.roles.FollowerRole - RaftServer{raft-partition-1}{role=FOLLOWER} - Sending AppendResponse{status=OK, term=1, succeeded=true, lastLogIndex=1}
21:52:13.385 [raft-server-raft-partition-1] TRACE i.a.p.raft.roles.LeaderAppender - RaftServer{raft-partition-1} - Received AppendResponse{status=OK, term=1, succeeded=true, lastLogIndex=1} from 3
21:52:13.385 [raft-server-raft-partition-1] TRACE i.a.p.raft.roles.LeaderAppender - RaftServer{raft-partition-1} - Sending AppendRequest{term=1, leader=2, prevLogIndex=1, prevLogTerm=1, entries=0, commitIndex=1} to 3
21:52:13.386 [raft-server-raft-partition-1] TRACE i.a.p.raft.roles.FollowerRole - RaftServer{raft-partition-1}{role=FOLLOWER} - Received AppendRequest{term=1, leader=2, prevLogIndex=1, prevLogTerm=1, entries=0, commitIndex=1}
21:52:13.386 [raft-server-raft-partition-1] TRACE i.a.p.raft.roles.FollowerRole - RaftServer{raft-partition-1}{role=FOLLOWER} - Sending AppendResponse{status=OK, term=1, succeeded=true, lastLogIndex=1}
21:52:13.386 [raft-server-raft-partition-1] TRACE i.a.p.raft.roles.LeaderAppender - RaftServer{raft-partition-1} - Received AppendResponse{status=OK, term=1, succeeded=true, lastLogIndex=1} from 3
21:52:13.417 [raft-server-system-partition-1] TRACE i.a.p.raft.roles.LeaderAppender - RaftServer{system-partition-1} - Sending AppendRequest{term=1, leader=1, prevLogIndex=13, prevLogTerm=1, entries=0, commitIndex=13} to 2
21:52:13.417 [raft-server-system-partition-1] TRACE i.a.p.raft.roles.LeaderAppender - RaftServer{system-partition-1} - Sending AppendRequest{term=1, leader=1, prevLogIndex=13, prevLogTerm=1, entries=0, commitIndex=13} to 3
21:52:13.418 [raft-server-system-partition-1] TRACE i.a.p.raft.roles.FollowerRole - RaftServer{system-partition-1}{role=FOLLOWER} - Received AppendRequest{term=1, leader=1, prevLogIndex=13, prevLogTerm=1, entries=0, commitIndex=13}
21:52:13.418 [raft-server-system-partition-1] TRACE i.a.p.raft.roles.FollowerRole - RaftServer{system-partition-1}{role=FOLLOWER} - Received AppendRequest{term=1, leader=1, prevLogIndex=13, prevLogTerm=1, entries=0, commitIndex=13}
21:52:13.418 [raft-server-system-partition-1] TRACE i.a.p.raft.roles.FollowerRole - RaftServer{system-partition-1}{role=FOLLOWER} - Sending AppendResponse{status=OK, term=1, succeeded=true, lastLogIndex=13}
21:52:13.418 [raft-server-system-partition-1] TRACE i.a.p.raft.roles.FollowerRole - RaftServer{system-partition-1}{role=FOLLOWER} - Sending AppendResponse{status=OK, term=1, succeeded=true, lastLogIndex=13}
21:52:13.418 [raft-server-system-partition-1] TRACE i.a.p.raft.roles.LeaderAppender - RaftServer{system-partition-1} - Received AppendResponse{status=OK, term=1, succeeded=true, lastLogIndex=13} from 2
21:52:13.418 [raft-server-system-partition-1] TRACE i.a.p.raft.roles.LeaderAppender - RaftServer{system-partition-1} - Sending AppendRequest{term=1, leader=1, prevLogIndex=13, prevLogTerm=1, entries=0, commitIndex=13} to 2
21:52:13.418 [raft-server-system-partition-1] TRACE i.a.p.raft.roles.LeaderAppender - RaftServer{system-partition-1} - Received AppendResponse{status=OK, term=1, succeeded=true, lastLogIndex=13} from 3
21:52:13.418 [raft-server-system-partition-1] TRACE i.a.p.raft.roles.LeaderAppender - RaftServer{system-partition-1} - Sending AppendRequest{term=1, leader=1, prevLogIndex=13, prevLogTerm=1, entries=0, commitIndex=13} to 3
21:52:13.418 [raft-server-system-partition-1] TRACE i.a.p.raft.roles.FollowerRole - RaftServer{system-partition-1}{role=FOLLOWER} - Received AppendRequest{term=1, leader=1, prevLogIndex=13, prevLogTerm=1, entries=0, commitIndex=13}
21:52:13.418 [raft-server-system-partition-1] TRACE i.a.p.raft.roles.FollowerRole - RaftServer{system-partition-1}{role=FOLLOWER} - Sending AppendResponse{status=OK, term=1, succeeded=true, lastLogIndex=13}
21:52:13.418 [raft-server-system-partition-1] TRACE i.a.p.raft.roles.FollowerRole - RaftServer{system-partition-1}{role=FOLLOWER} - Received AppendRequest{term=1, leader=1, prevLogIndex=13, prevLogTerm=1, entries=0, commitIndex=13}
21:52:13.418 [raft-server-system-partition-1] TRACE i.a.p.raft.roles.FollowerRole - RaftServer{system-partition-1}{role=FOLLOWER} - Sending AppendResponse{status=OK, term=1, succeeded=true, lastLogIndex=13}
21:52:13.419 [raft-server-system-partition-1] TRACE i.a.p.raft.roles.LeaderAppender - RaftServer{system-partition-1} - Received AppendResponse{status=OK, term=1, succeeded=true, lastLogIndex=13} from 2
21:52:13.419 [raft-server-system-partition-1] TRACE i.a.p.raft.roles.LeaderAppender - RaftServer{system-partition-1} - Received AppendResponse{status=OK, term=1, succeeded=true, lastLogIndex=13} from 3
21:52:13.459 [raft-server-raft-partition-5] TRACE i.a.p.raft.roles.LeaderAppender - RaftServer{raft-partition-5} - Sending AppendRequest{term=1, leader=3, prevLogIndex=1, prevLogTerm=1, entries=0, commitIndex=1} to 1
21:52:13.459 [raft-server-raft-partition-5] TRACE i.a.p.raft.roles.LeaderAppender - RaftServer{raft-partition-5} - Sending AppendRequest{term=1, leader=3, prevLogIndex=1, prevLogTerm=1, entries=0, commitIndex=1} to 2
21:52:13.459 [raft-server-raft-partition-5] TRACE i.a.p.raft.roles.FollowerRole - RaftServer{raft-partition-5}{role=FOLLOWER} - Received AppendRequest{term=1, leader=3, prevLogIndex=1, prevLogTerm=1, entries=0, commitIndex=1}
21:52:13.459 [raft-server-raft-partition-7] TRACE i.a.p.raft.roles.LeaderAppender - RaftServer{raft-partition-7} - Sending AppendRequest{term=1, leader=2, prevLogIndex=1, prevLogTerm=1, entries=0, commitIndex=1} to 1
21:52:13.459 [raft-server-raft-partition-5] TRACE i.a.p.raft.roles.FollowerRole - RaftServer{raft-partition-5}{role=FOLLOWER} - Sending AppendResponse{status=OK, term=1, succeeded=true, lastLogIndex=1}
21:52:13.459 [raft-server-raft-partition-5] TRACE i.a.p.raft.roles.FollowerRole - RaftServer{raft-partition-5}{role=FOLLOWER} - Received AppendRequest{term=1, leader=3, prevLogIndex=1, prevLogTerm=1, entries=0, commitIndex=1}
21:52:13.459 [raft-server-raft-partition-7] TRACE i.a.p.raft.roles.LeaderAppender - RaftServer{raft-partition-7} - Sending AppendRequest{term=1, leader=2, prevLogIndex=1, prevLogTerm=1, entries=0, commitIndex=1} to 3
21:52:13.459 [raft-server-raft-partition-5] TRACE i.a.p.raft.roles.FollowerRole - RaftServer{raft-partition-5}{role=FOLLOWER} - Sending AppendResponse{status=OK, term=1, succeeded=true, lastLogIndex=1}
21:52:13.459 [raft-server-raft-partition-7] TRACE i.a.p.raft.roles.FollowerRole - RaftServer{raft-partition-7}{role=FOLLOWER} - Received AppendRequest{term=1, leader=2, prevLogIndex=1, prevLogTerm=1, entries=0, commitIndex=1}
21:52:13.459 [raft-server-raft-partition-5] TRACE i.a.p.raft.roles.LeaderAppender - RaftServer{raft-partition-5} - Received AppendResponse{status=OK, term=1, succeeded=true, lastLogIndex=1} from 1
21:52:13.459 [raft-server-raft-partition-7] TRACE i.a.p.raft.roles.FollowerRole - RaftServer{raft-partition-7}{role=FOLLOWER} - Sending AppendResponse{status=OK, term=1, succeeded=true, lastLogIndex=1}
21:52:13.459 [raft-server-raft-partition-5] TRACE i.a.p.raft.roles.LeaderAppender - RaftServer{raft-partition-5} - Sending AppendRequest{term=1, leader=3, prevLogIndex=1, prevLogTerm=1, entries=0, commitIndex=1} to 1
21:52:13.459 [raft-server-raft-partition-7] TRACE i.a.p.raft.roles.FollowerRole - RaftServer{raft-partition-7}{role=FOLLOWER} - Received AppendRequest{term=1, leader=2, prevLogIndex=1, prevLogTerm=1, entries=0, commitIndex=1}
21:52:13.460 [raft-server-raft-partition-5] TRACE i.a.p.raft.roles.LeaderAppender - RaftServer{raft-partition-5} - Received AppendResponse{status=OK, term=1, succeeded=true, lastLogIndex=1} from 2
21:52:13.460 [raft-server-raft-partition-7] TRACE i.a.p.raft.roles.FollowerRole - RaftServer{raft-partition-7}{role=FOLLOWER} - Sending AppendResponse{status=OK, term=1, succeeded=true, lastLogIndex=1}
21:52:13.460 [raft-server-raft-partition-7] TRACE i.a.p.raft.roles.LeaderAppender - RaftServer{raft-partition-7} - Received AppendResponse{status=OK, term=1, succeeded=true, lastLogIndex=1} from 1
21:52:13.460 [raft-server-raft-partition-5] TRACE i.a.p.raft.roles.LeaderAppender - RaftServer{raft-partition-5} - Sending AppendRequest{term=1, leader=3, prevLogIndex=1, prevLogTerm=1, entries=0, commitIndex=1} to 2
21:52:13.460 [raft-server-raft-partition-5] TRACE i.a.p.raft.roles.FollowerRole - RaftServer{raft-partition-5}{role=FOLLOWER} - Received AppendRequest{term=1, leader=3, prevLogIndex=1, prevLogTerm=1, entries=0, commitIndex=1}
21:52:13.460 [raft-server-raft-partition-7] TRACE i.a.p.raft.roles.LeaderAppender - RaftServer{raft-partition-7} - Sending AppendRequest{term=1, leader=2, prevLogIndex=1, prevLogTerm=1, entries=0, commitIndex=1} to 1
21:52:13.460 [raft-server-raft-partition-5] TRACE i.a.p.raft.roles.FollowerRole - RaftServer{raft-partition-5}{role=FOLLOWER} - Sending AppendResponse{status=OK, term=1, succeeded=true, lastLogIndex=1}
21:52:13.460 [raft-server-raft-partition-7] TRACE i.a.p.raft.roles.LeaderAppender - RaftServer{raft-partition-7} - Received AppendResponse{status=OK, term=1, succeeded=true, lastLogIndex=1} from 3
21:52:13.460 [raft-server-raft-partition-7] TRACE i.a.p.raft.roles.LeaderAppender - RaftServer{raft-partition-7} - Sending AppendRequest{term=1, leader=2, prevLogIndex=1, prevLogTerm=1, entries=0, commitIndex=1} to 3
21:52:13.460 [raft-server-raft-partition-7] TRACE i.a.p.raft.roles.FollowerRole - RaftServer{raft-partition-7}{role=FOLLOWER} - Received AppendRequest{term=1, leader=2, prevLogIndex=1, prevLogTerm=1, entries=0, commitIndex=1}
21:52:13.460 [raft-server-raft-partition-7] TRACE i.a.p.raft.roles.FollowerRole - RaftServer{raft-partition-7}{role=FOLLOWER} - Sending AppendResponse{status=OK, term=1, succeeded=true, lastLogIndex=1}
21:52:13.460 [raft-server-raft-partition-5] TRACE i.a.p.raft.roles.FollowerRole - RaftServer{raft-partition-5}{role=FOLLOWER} - Received AppendRequest{term=1, leader=3, prevLogIndex=1, prevLogTerm=1, entries=0, commitIndex=1}
21:52:13.460 [raft-server-raft-partition-7] TRACE i.a.p.raft.roles.FollowerRole - RaftServer{raft-partition-7}{role=FOLLOWER} - Received AppendRequest{term=1, leader=2, prevLogIndex=1, prevLogTerm=1, entries=0, commitIndex=1}
21:52:13.460 [raft-server-raft-partition-5] TRACE i.a.p.raft.roles.LeaderAppender - RaftServer{raft-partition-5} - Received AppendResponse{status=OK, term=1, succeeded=true, lastLogIndex=1} from 1
21:52:13.460 [raft-server-raft-partition-5] TRACE i.a.p.raft.roles.FollowerRole - RaftServer{raft-partition-5}{role=FOLLOWER} - Sending AppendResponse{status=OK, term=1, succeeded=true, lastLogIndex=1}
21:52:13.460 [raft-server-raft-partition-7] TRACE i.a.p.raft.roles.FollowerRole - RaftServer{raft-partition-7}{role=FOLLOWER} - Sending AppendResponse{status=OK, term=1, succeeded=true, lastLogIndex=1}
21:52:13.460 [raft-server-raft-partition-5] TRACE i.a.p.raft.roles.LeaderAppender - RaftServer{raft-partition-5} - Sending AppendRequest{term=1, leader=3, prevLogIndex=1, prevLogTerm=1, entries=0, commitIndex=1} to 1
21:52:13.460 [raft-server-raft-partition-7] TRACE i.a.p.raft.roles.LeaderAppender - RaftServer{raft-partition-7} - Received AppendResponse{status=OK, term=1, succeeded=true, lastLogIndex=1} from 1
21:52:13.461 [raft-server-raft-partition-5] TRACE i.a.p.raft.roles.LeaderAppender - RaftServer{raft-partition-5} - Received AppendResponse{status=OK, term=1, succeeded=true, lastLogIndex=1} from 2
21:52:13.461 [raft-server-raft-partition-7] TRACE i.a.p.raft.roles.LeaderAppender - RaftServer{raft-partition-7} - Received AppendResponse{status=OK, term=1, succeeded=true, lastLogIndex=1} from 3
21:52:13.461 [raft-server-raft-partition-5] TRACE i.a.p.raft.roles.FollowerRole - RaftServer{raft-partition-5}{role=FOLLOWER} - Received AppendRequest{term=1, leader=3, prevLogIndex=1, prevLogTerm=1, entries=0, commitIndex=1}
21:52:13.461 [raft-server-raft-partition-5] TRACE i.a.p.raft.roles.FollowerRole - RaftServer{raft-partition-5}{role=FOLLOWER} - Sending AppendResponse{status=OK, term=1, succeeded=true, lastLogIndex=1}
21:52:13.461 [raft-server-raft-partition-5] TRACE i.a.p.raft.roles.LeaderAppender - RaftServer{raft-partition-5} - Received AppendResponse{status=OK, term=1, succeeded=true, lastLogIndex=1} from 1
21:52:13.493 [raft-server-raft-partition-4] TRACE i.a.p.raft.roles.LeaderAppender - RaftServer{raft-partition-4} - Sending AppendRequest{term=1, leader=1, prevLogIndex=1, prevLogTerm=1, entries=0, commitIndex=1} to 2
21:52:13.493 [raft-server-raft-partition-4] TRACE i.a.p.raft.roles.LeaderAppender - RaftServer{raft-partition-4} - Sending AppendRequest{term=1, leader=1, prevLogIndex=1, prevLogTerm=1, entries=0, commitIndex=1} to 3
21:52:13.493 [raft-server-raft-partition-4] TRACE i.a.p.raft.roles.FollowerRole - RaftServer{raft-partition-4}{role=FOLLOWER} - Received AppendRequest{term=1, leader=1, prevLogIndex=1, prevLogTerm=1, entries=0, commitIndex=1}
21:52:13.493 [raft-server-raft-partition-4] TRACE i.a.p.raft.roles.FollowerRole - RaftServer{raft-partition-4}{role=FOLLOWER} - Sending AppendResponse{status=OK, term=1, succeeded=true, lastLogIndex=1}
21:52:13.493 [raft-server-raft-partition-4] TRACE i.a.p.raft.roles.FollowerRole - RaftServer{raft-partition-4}{role=FOLLOWER} - Received AppendRequest{term=1, leader=1, prevLogIndex=1, prevLogTerm=1, entries=0, commitIndex=1}
21:52:13.493 [raft-server-raft-partition-4] TRACE i.a.p.raft.roles.FollowerRole - RaftServer{raft-partition-4}{role=FOLLOWER} - Sending AppendResponse{status=OK, term=1, succeeded=true, lastLogIndex=1}
21:52:13.493 [raft-server-raft-partition-4] TRACE i.a.p.raft.roles.LeaderAppender - RaftServer{raft-partition-4} - Received AppendResponse{status=OK, term=1, succeeded=true, lastLogIndex=1} from 2
21:52:13.493 [raft-server-raft-partition-4] TRACE i.a.p.raft.roles.LeaderAppender - RaftServer{raft-partition-4} - Sending AppendRequest{term=1, leader=1, prevLogIndex=1, prevLogTerm=1, entries=0, commitIndex=1} to 2
21:52:13.494 [raft-server-raft-partition-4] TRACE i.a.p.raft.roles.LeaderAppender - RaftServer{raft-partition-4} - Received AppendResponse{status=OK, term=1, succeeded=true, lastLogIndex=1} from 3
21:52:13.494 [raft-server-raft-partition-4] TRACE i.a.p.raft.roles.LeaderAppender - RaftServer{raft-partition-4} - Sending AppendRequest{term=1, leader=1, prevLogIndex=1, prevLogTerm=1, entries=0, commitIndex=1} to 3
21:52:13.494 [raft-server-raft-partition-4] TRACE i.a.p.raft.roles.FollowerRole - RaftServer{raft-partition-4}{role=FOLLOWER} - Received AppendRequest{term=1, leader=1, prevLogIndex=1, prevLogTerm=1, entries=0, commitIndex=1}
21:52:13.494 [raft-server-raft-partition-4] TRACE i.a.p.raft.roles.FollowerRole - RaftServer{raft-partition-4}{role=FOLLOWER} - Sending AppendResponse{status=OK, term=1, succeeded=true, lastLogIndex=1}
21:52:13.494 [raft-server-raft-partition-4] TRACE i.a.p.raft.roles.FollowerRole - RaftServer{raft-partition-4}{role=FOLLOWER} - Received AppendRequest{term=1, leader=1, prevLogIndex=1, prevLogTerm=1, entries=0, commitIndex=1}
21:52:13.494 [raft-server-raft-partition-4] TRACE i.a.p.raft.roles.FollowerRole - RaftServer{raft-partition-4}{role=FOLLOWER} - Sending AppendResponse{status=OK, term=1, succeeded=true, lastLogIndex=1}
21:52:13.494 [raft-server-raft-partition-4] TRACE i.a.p.raft.roles.LeaderAppender - RaftServer{raft-partition-4} - Received AppendResponse{status=OK, term=1, succeeded=true, lastLogIndex=1} from 2
21:52:13.494 [raft-server-raft-partition-4] TRACE i.a.p.raft.roles.LeaderAppender - RaftServer{raft-partition-4} - Sending AppendRequest{term=1, leader=1, prevLogIndex=1, prevLogTerm=1, entries=0, commitIndex=1} to 2
21:52:13.494 [raft-server-raft-partition-4] TRACE i.a.p.raft.roles.LeaderAppender - RaftServer{raft-partition-4} - Received AppendResponse{status=OK, term=1, succeeded=true, lastLogIndex=1} from 3
21:52:13.494 [raft-server-raft-partition-4] TRACE i.a.p.raft.roles.FollowerRole - RaftServer{raft-partition-4}{role=FOLLOWER} - Received AppendRequest{term=1, leader=1, prevLogIndex=1, prevLogTerm=1, entries=0, commitIndex=1}
21:52:13.494 [raft-server-raft-partition-4] TRACE i.a.p.raft.roles.FollowerRole - RaftServer{raft-partition-4}{role=FOLLOWER} - Sending AppendResponse{status=OK, term=1, succeeded=true, lastLogIndex=1}
21:52:13.494 [raft-server-raft-partition-4] TRACE i.a.p.raft.roles.LeaderAppender - RaftServer{raft-partition-4} - Received AppendResponse{status=OK, term=1, succeeded=true, lastLogIndex=1} from 2
21:52:13.568 [raft-server-raft-partition-2] TRACE i.a.p.raft.roles.LeaderAppender - RaftServer{raft-partition-2} - Sending AppendRequest{term=1, leader=1, prevLogIndex=1, prevLogTerm=1, entries=0, commitIndex=1} to 2
21:52:13.568 [raft-server-raft-partition-2] TRACE i.a.p.raft.roles.LeaderAppender - RaftServer{raft-partition-2} - Sending AppendRequest{term=1, leader=1, prevLogIndex=1, prevLogTerm=1, entries=0, commitIndex=1} to 3
21:52:13.568 [raft-server-raft-partition-2] TRACE i.a.p.raft.roles.FollowerRole - RaftServer{raft-partition-2}{role=FOLLOWER} - Received AppendRequest{term=1, leader=1, prevLogIndex=1, prevLogTerm=1, entries=0, commitIndex=1}
21:52:13.568 [raft-server-raft-partition-2] TRACE i.a.p.raft.roles.FollowerRole - RaftServer{raft-partition-2}{role=FOLLOWER} - Received AppendRequest{term=1, leader=1, prevLogIndex=1, prevLogTerm=1, entries=0, commitIndex=1}
21:52:13.568 [raft-server-raft-partition-2] TRACE i.a.p.raft.roles.FollowerRole - RaftServer{raft-partition-2}{role=FOLLOWER} - Sending AppendResponse{status=OK, term=1, succeeded=true, lastLogIndex=1}
21:52:13.568 [raft-server-raft-partition-2] TRACE i.a.p.raft.roles.FollowerRole - RaftServer{raft-partition-2}{role=FOLLOWER} - Sending AppendResponse{status=OK, term=1, succeeded=true, lastLogIndex=1}
21:52:13.568 [raft-server-raft-partition-2] TRACE i.a.p.raft.roles.LeaderAppender - RaftServer{raft-partition-2} - Received AppendResponse{status=OK, term=1, succeeded=true, lastLogIndex=1} from 2
21:52:13.568 [raft-server-raft-partition-2] TRACE i.a.p.raft.roles.LeaderAppender - RaftServer{raft-partition-2} - Sending AppendRequest{term=1, leader=1, prevLogIndex=1, prevLogTerm=1, entries=0, commitIndex=1} to 2
21:52:13.568 [raft-server-raft-partition-2] TRACE i.a.p.raft.roles.LeaderAppender - RaftServer{raft-partition-2} - Received AppendResponse{status=OK, term=1, succeeded=true, lastLogIndex=1} from 3
21:52:13.568 [raft-server-raft-partition-2] TRACE i.a.p.raft.roles.FollowerRole - RaftServer{raft-partition-2}{role=FOLLOWER} - Received AppendRequest{term=1, leader=1, prevLogIndex=1, prevLogTerm=1, entries=0, commitIndex=1}
21:52:13.569 [raft-server-raft-partition-2] TRACE i.a.p.raft.roles.FollowerRole - RaftServer{raft-partition-2}{role=FOLLOWER} - Sending AppendResponse{status=OK, term=1, succeeded=true, lastLogIndex=1}
21:52:13.569 [raft-server-raft-partition-2] TRACE i.a.p.raft.roles.LeaderAppender - RaftServer{raft-partition-2} - Received AppendResponse{status=OK, term=1, succeeded=true, lastLogIndex=1} from 2
21:52:13.576 [raft-server-raft-partition-6] TRACE i.a.p.raft.roles.LeaderAppender - RaftServer{raft-partition-6} - Sending AppendRequest{term=1, leader=1, prevLogIndex=1, prevLogTerm=1, entries=0, commitIndex=1} to 2
21:52:13.576 [raft-server-raft-partition-6] TRACE i.a.p.raft.roles.LeaderAppender - RaftServer{raft-partition-6} - Sending AppendRequest{term=1, leader=1, prevLogIndex=1, prevLogTerm=1, entries=0, commitIndex=1} to 3
21:52:13.576 [raft-server-raft-partition-6] TRACE i.a.p.raft.roles.FollowerRole - RaftServer{raft-partition-6}{role=FOLLOWER} - Received AppendRequest{term=1, leader=1, prevLogIndex=1, prevLogTerm=1, entries=0, commitIndex=1}
21:52:13.576 [raft-server-raft-partition-6] TRACE i.a.p.raft.roles.FollowerRole - RaftServer{raft-partition-6}{role=FOLLOWER} - Received AppendRequest{term=1, leader=1, prevLogIndex=1, prevLogTerm=1, entries=0, commitIndex=1}
21:52:13.576 [raft-server-raft-partition-6] TRACE i.a.p.raft.roles.FollowerRole - RaftServer{raft-partition-6}{role=FOLLOWER} - Sending AppendResponse{status=OK, term=1, succeeded=true, lastLogIndex=1}
21:52:13.576 [raft-server-raft-partition-6] TRACE i.a.p.raft.roles.FollowerRole - RaftServer{raft-partition-6}{role=FOLLOWER} - Sending AppendResponse{status=OK, term=1, succeeded=true, lastLogIndex=1}
21:52:13.576 [raft-server-raft-partition-6] TRACE i.a.p.raft.roles.LeaderAppender - RaftServer{raft-partition-6} - Received AppendResponse{status=OK, term=1, succeeded=true, lastLogIndex=1} from 2
21:52:13.576 [raft-server-raft-partition-6] TRACE i.a.p.raft.roles.LeaderAppender - RaftServer{raft-partition-6} - Sending AppendRequest{term=1, leader=1, prevLogIndex=1, prevLogTerm=1, entries=0, commitIndex=1} to 2
21:52:13.576 [raft-server-raft-partition-6] TRACE i.a.p.raft.roles.LeaderAppender - RaftServer{raft-partition-6} - Received AppendResponse{status=OK, term=1, succeeded=true, lastLogIndex=1} from 3
21:52:13.576 [raft-server-raft-partition-6] TRACE i.a.p.raft.roles.LeaderAppender - RaftServer{raft-partition-6} - Sending AppendRequest{term=1, leader=1, prevLogIndex=1, prevLogTerm=1, entries=0, commitIndex=1} to 3
21:52:13.577 [raft-server-raft-partition-6] TRACE i.a.p.raft.roles.FollowerRole - RaftServer{raft-partition-6}{role=FOLLOWER} - Received AppendRequest{term=1, leader=1, prevLogIndex=1, prevLogTerm=1, entries=0, commitIndex=1}
21:52:13.577 [raft-server-raft-partition-6] TRACE i.a.p.raft.roles.FollowerRole - RaftServer{raft-partition-6}{role=FOLLOWER} - Received AppendRequest{term=1, leader=1, prevLogIndex=1, prevLogTerm=1, entries=0, commitIndex=1}
21:52:13.577 [raft-server-raft-partition-6] TRACE i.a.p.raft.roles.FollowerRole - RaftServer{raft-partition-6}{role=FOLLOWER} - Sending AppendResponse{status=OK, term=1, succeeded=true, lastLogIndex=1}
21:52:13.577 [raft-server-raft-partition-6] TRACE i.a.p.raft.roles.FollowerRole - RaftServer{raft-partition-6}{role=FOLLOWER} - Sending AppendResponse{status=OK, term=1, succeeded=true, lastLogIndex=1}
21:52:13.577 [raft-server-raft-partition-6] TRACE i.a.p.raft.roles.LeaderAppender - RaftServer{raft-partition-6} - Received AppendResponse{status=OK, term=1, succeeded=true, lastLogIndex=1} from 2
21:52:13.577 [raft-server-raft-partition-6] TRACE i.a.p.raft.roles.LeaderAppender - RaftServer{raft-partition-6} - Sending AppendRequest{term=1, leader=1, prevLogIndex=1, prevLogTerm=1, entries=0, commitIndex=1} to 2
21:52:13.577 [raft-server-raft-partition-6] TRACE i.a.p.raft.roles.LeaderAppender - RaftServer{raft-partition-6} - Received AppendResponse{status=OK, term=1, succeeded=true, lastLogIndex=1} from 3
21:52:13.577 [raft-server-raft-partition-6] TRACE i.a.p.raft.roles.LeaderAppender - RaftServer{raft-partition-6} - Sending AppendRequest{term=1, leader=1, prevLogIndex=1, prevLogTerm=1, entries=0, commitIndex=1} to 3
21:52:13.577 [raft-server-raft-partition-6] TRACE i.a.p.raft.roles.FollowerRole - RaftServer{raft-partition-6}{role=FOLLOWER} - Received AppendRequest{term=1, leader=1, prevLogIndex=1, prevLogTerm=1, entries=0, commitIndex=1}
21:52:13.577 [raft-server-raft-partition-6] TRACE i.a.p.raft.roles.FollowerRole - RaftServer{raft-partition-6}{role=FOLLOWER} - Sending AppendResponse{status=OK, term=1, succeeded=true, lastLogIndex=1}
21:52:13.577 [raft-server-raft-partition-6] TRACE i.a.p.raft.roles.FollowerRole - RaftServer{raft-partition-6}{role=FOLLOWER} - Received AppendRequest{term=1, leader=1, prevLogIndex=1, prevLogTerm=1, entries=0, commitIndex=1}
21:52:13.577 [raft-server-raft-partition-6] TRACE i.a.p.raft.roles.FollowerRole - RaftServer{raft-partition-6}{role=FOLLOWER} - Sending AppendResponse{status=OK, term=1, succeeded=true, lastLogIndex=1}
21:52:13.577 [raft-server-raft-partition-6] TRACE i.a.p.raft.roles.LeaderAppender - RaftServer{raft-partition-6} - Received AppendResponse{status=OK, term=1, succeeded=true, lastLogIndex=1} from 2
21:52:13.577 [raft-server-raft-partition-6] TRACE i.a.p.raft.roles.LeaderAppender - RaftServer{raft-partition-6} - Received AppendResponse{status=OK, term=1, succeeded=true, lastLogIndex=1} from 3
21:52:13.625 [raft-server-raft-partition-3] TRACE i.a.p.raft.roles.LeaderAppender - RaftServer{raft-partition-3} - Sending AppendRequest{term=3, leader=1, prevLogIndex=1, prevLogTerm=2, entries=0, commitIndex=1} to 2
21:52:13.625 [raft-server-raft-partition-3] TRACE i.a.p.raft.roles.LeaderAppender - RaftServer{raft-partition-3} - Sending AppendRequest{term=3, leader=1, prevLogIndex=1, prevLogTerm=2, entries=0, commitIndex=1} to 3
21:52:13.625 [raft-server-raft-partition-3] TRACE i.a.p.raft.roles.FollowerRole - RaftServer{raft-partition-3}{role=FOLLOWER} - Received AppendRequest{term=3, leader=1, prevLogIndex=1, prevLogTerm=2, entries=0, commitIndex=1}
21:52:13.625 [raft-server-raft-partition-3] TRACE i.a.p.raft.roles.FollowerRole - RaftServer{raft-partition-3}{role=FOLLOWER} - Sending AppendResponse{status=OK, term=3, succeeded=true, lastLogIndex=1}
21:52:13.625 [raft-server-raft-partition-3] TRACE i.a.p.raft.roles.FollowerRole - RaftServer{raft-partition-3}{role=FOLLOWER} - Received AppendRequest{term=3, leader=1, prevLogIndex=1, prevLogTerm=2, entries=0, commitIndex=1}
21:52:13.625 [raft-server-raft-partition-3] TRACE i.a.p.raft.roles.FollowerRole - RaftServer{raft-partition-3}{role=FOLLOWER} - Sending AppendResponse{status=OK, term=3, succeeded=true, lastLogIndex=1}
21:52:13.625 [raft-server-raft-partition-3] TRACE i.a.p.raft.roles.LeaderAppender - RaftServer{raft-partition-3} - Received AppendResponse{status=OK, term=3, succeeded=true, lastLogIndex=1} from 2
21:52:13.625 [raft-server-raft-partition-3] TRACE i.a.p.raft.roles.LeaderAppender - RaftServer{raft-partition-3} - Sending AppendRequest{term=3, leader=1, prevLogIndex=1, prevLogTerm=2, entries=0, commitIndex=1} to 2
21:52:13.625 [raft-server-raft-partition-3] TRACE i.a.p.raft.roles.LeaderAppender - RaftServer{raft-partition-3} - Received AppendResponse{status=OK, term=3, succeeded=true, lastLogIndex=1} from 3
21:52:13.625 [raft-server-raft-partition-3] TRACE i.a.p.raft.roles.LeaderAppender - RaftServer{raft-partition-3} - Sending AppendRequest{term=3, leader=1, prevLogIndex=1, prevLogTerm=2, entries=0, commitIndex=1} to 3
21:52:13.626 [raft-server-raft-partition-3] TRACE i.a.p.raft.roles.FollowerRole - RaftServer{raft-partition-3}{role=FOLLOWER} - Received AppendRequest{term=3, leader=1, prevLogIndex=1, prevLogTerm=2, entries=0, commitIndex=1}
21:52:13.626 [raft-server-raft-partition-3] TRACE i.a.p.raft.roles.FollowerRole - RaftServer{raft-partition-3}{role=FOLLOWER} - Sending AppendResponse{status=OK, term=3, succeeded=true, lastLogIndex=1}
21:52:13.626 [raft-server-raft-partition-3] TRACE i.a.p.raft.roles.FollowerRole - RaftServer{raft-partition-3}{role=FOLLOWER} - Received AppendRequest{term=3, leader=1, prevLogIndex=1, prevLogTerm=2, entries=0, commitIndex=1}
21:52:13.626 [raft-server-raft-partition-3] TRACE i.a.p.raft.roles.FollowerRole - RaftServer{raft-partition-3}{role=FOLLOWER} - Sending AppendResponse{status=OK, term=3, succeeded=true, lastLogIndex=1}
21:52:13.626 [raft-server-raft-partition-3] TRACE i.a.p.raft.roles.LeaderAppender - RaftServer{raft-partition-3} - Received AppendResponse{status=OK, term=3, succeeded=true, lastLogIndex=1} from 2
21:52:13.626 [raft-server-raft-partition-3] TRACE i.a.p.raft.roles.LeaderAppender - RaftServer{raft-partition-3} - Sending AppendRequest{term=3, leader=1, prevLogIndex=1, prevLogTerm=2, entries=0, commitIndex=1} to 2
21:52:13.626 [raft-server-raft-partition-3] TRACE i.a.p.raft.roles.LeaderAppender - RaftServer{raft-partition-3} - Received AppendResponse{status=OK, term=3, succeeded=true, lastLogIndex=1} from 3
21:52:13.626 [raft-server-raft-partition-3] TRACE i.a.p.raft.roles.LeaderAppender - RaftServer{raft-partition-3} - Sending AppendRequest{term=3, leader=1, prevLogIndex=1, prevLogTerm=2, entries=0, commitIndex=1} to 3
21:52:13.626 [raft-server-raft-partition-3] TRACE i.a.p.raft.roles.FollowerRole - RaftServer{raft-partition-3}{role=FOLLOWER} - Received AppendRequest{term=3, leader=1, prevLogIndex=1, prevLogTerm=2, entries=0, commitIndex=1}
21:52:13.626 [raft-server-raft-partition-3] TRACE i.a.p.raft.roles.FollowerRole - RaftServer{raft-partition-3}{role=FOLLOWER} - Sending AppendResponse{status=OK, term=3, succeeded=true, lastLogIndex=1}
21:52:13.626 [raft-server-raft-partition-3] TRACE i.a.p.raft.roles.FollowerRole - RaftServer{raft-partition-3}{role=FOLLOWER} - Received AppendRequest{term=3, leader=1, prevLogIndex=1, prevLogTerm=2, entries=0, commitIndex=1}
21:52:13.626 [raft-server-raft-partition-3] TRACE i.a.p.raft.roles.FollowerRole - RaftServer{raft-partition-3}{role=FOLLOWER} - Sending AppendResponse{status=OK, term=3, succeeded=true, lastLogIndex=1}
21:52:13.626 [raft-server-raft-partition-3] TRACE i.a.p.raft.roles.LeaderAppender - RaftServer{raft-partition-3} - Received AppendResponse{status=OK, term=3, succeeded=true, lastLogIndex=1} from 2
21:52:13.626 [raft-server-raft-partition-3] TRACE i.a.p.raft.roles.LeaderAppender - RaftServer{raft-partition-3} - Received AppendResponse{status=OK, term=3, succeeded=true, lastLogIndex=1} from 3
21:52:13.634 [raft-server-raft-partition-1] TRACE i.a.p.raft.roles.LeaderAppender - RaftServer{raft-partition-1} - Sending AppendRequest{term=1, leader=2, prevLogIndex=1, prevLogTerm=1, entries=0, commitIndex=1} to 3
21:52:13.635 [raft-server-raft-partition-1] TRACE i.a.p.raft.roles.FollowerRole - RaftServer{raft-partition-1}{role=FOLLOWER} - Received AppendRequest{term=1, leader=2, prevLogIndex=1, prevLogTerm=1, entries=0, commitIndex=1}
21:52:13.635 [raft-server-raft-partition-1] TRACE i.a.p.raft.roles.FollowerRole - RaftServer{raft-partition-1}{role=FOLLOWER} - Sending AppendResponse{status=OK, term=1, succeeded=true, lastLogIndex=1}
21:52:13.635 [raft-server-raft-partition-1] TRACE i.a.p.raft.roles.LeaderAppender - RaftServer{raft-partition-1} - Received AppendResponse{status=OK, term=1, succeeded=true, lastLogIndex=1} from 3
21:52:13.635 [raft-server-raft-partition-1] TRACE i.a.p.raft.roles.LeaderAppender - RaftServer{raft-partition-1} - Sending AppendRequest{term=1, leader=2, prevLogIndex=1, prevLogTerm=1, entries=0, commitIndex=1} to 3
21:52:13.635 [raft-server-raft-partition-1] TRACE i.a.p.raft.roles.FollowerRole - RaftServer{raft-partition-1}{role=FOLLOWER} - Received AppendRequest{term=1, leader=2, prevLogIndex=1, prevLogTerm=1, entries=0, commitIndex=1}
21:52:13.635 [raft-server-raft-partition-1] TRACE i.a.p.raft.roles.FollowerRole - RaftServer{raft-partition-1}{role=FOLLOWER} - Sending AppendResponse{status=OK, term=1, succeeded=true, lastLogIndex=1}
21:52:13.636 [raft-server-raft-partition-1] TRACE i.a.p.raft.roles.LeaderAppender - RaftServer{raft-partition-1} - Received AppendResponse{status=OK, term=1, succeeded=true, lastLogIndex=1} from 3
21:52:13.667 [raft-server-system-partition-1] TRACE i.a.p.raft.roles.LeaderAppender - RaftServer{system-partition-1} - Sending AppendRequest{term=1, leader=1, prevLogIndex=13, prevLogTerm=1, entries=0, commitIndex=13} to 2
21:52:13.667 [raft-server-system-partition-1] TRACE i.a.p.raft.roles.LeaderAppender - RaftServer{system-partition-1} - Sending AppendRequest{term=1, leader=1, prevLogIndex=13, prevLogTerm=1, entries=0, commitIndex=13} to 3
21:52:13.667 [raft-server-system-partition-1] TRACE i.a.p.raft.roles.FollowerRole - RaftServer{system-partition-1}{role=FOLLOWER} - Received AppendRequest{term=1, leader=1, prevLogIndex=13, prevLogTerm=1, entries=0, commitIndex=13}
21:52:13.668 [raft-server-system-partition-1] TRACE i.a.p.raft.roles.FollowerRole - RaftServer{system-partition-1}{role=FOLLOWER} - Received AppendRequest{term=1, leader=1, prevLogIndex=13, prevLogTerm=1, entries=0, commitIndex=13}
21:52:13.668 [raft-server-system-partition-1] TRACE i.a.p.raft.roles.FollowerRole - RaftServer{system-partition-1}{role=FOLLOWER} - Sending AppendResponse{status=OK, term=1, succeeded=true, lastLogIndex=13}
21:52:13.668 [raft-server-system-partition-1] TRACE i.a.p.raft.roles.FollowerRole - RaftServer{system-partition-1}{role=FOLLOWER} - Sending AppendResponse{status=OK, term=1, succeeded=true, lastLogIndex=13}
21:52:13.668 [raft-server-system-partition-1] TRACE i.a.p.raft.roles.LeaderAppender - RaftServer{system-partition-1} - Received AppendResponse{status=OK, term=1, succeeded=true, lastLogIndex=13} from 3
21:52:13.668 [raft-server-system-partition-1] TRACE i.a.p.raft.roles.LeaderAppender - RaftServer{system-partition-1} - Sending AppendRequest{term=1, leader=1, prevLogIndex=13, prevLogTerm=1, entries=0, commitIndex=13} to 3
21:52:13.668 [raft-server-system-partition-1] TRACE i.a.p.raft.roles.LeaderAppender - RaftServer{system-partition-1} - Received AppendResponse{status=OK, term=1, succeeded=true, lastLogIndex=13} from 2
21:52:13.668 [raft-server-system-partition-1] TRACE i.a.p.raft.roles.LeaderAppender - RaftServer{system-partition-1} - Sending AppendRequest{term=1, leader=1, prevLogIndex=13, prevLogTerm=1, entries=0, commitIndex=13} to 2
21:52:13.668 [raft-server-system-partition-1] TRACE i.a.p.raft.roles.FollowerRole - RaftServer{system-partition-1}{role=FOLLOWER} - Received AppendRequest{term=1, leader=1, prevLogIndex=13, prevLogTerm=1, entries=0, commitIndex=13}
21:52:13.668 [raft-server-system-partition-1] TRACE i.a.p.raft.roles.FollowerRole - RaftServer{system-partition-1}{role=FOLLOWER} - Received AppendRequest{term=1, leader=1, prevLogIndex=13, prevLogTerm=1, entries=0, commitIndex=13}
21:52:13.668 [raft-server-system-partition-1] TRACE i.a.p.raft.roles.FollowerRole - RaftServer{system-partition-1}{role=FOLLOWER} - Sending AppendResponse{status=OK, term=1, succeeded=true, lastLogIndex=13}
21:52:13.668 [raft-server-system-partition-1] TRACE i.a.p.raft.roles.FollowerRole - RaftServer{system-partition-1}{role=FOLLOWER} - Sending AppendResponse{status=OK, term=1, succeeded=true, lastLogIndex=13}
21:52:13.669 [raft-server-system-partition-1] TRACE i.a.p.raft.roles.LeaderAppender - RaftServer{system-partition-1} - Received AppendResponse{status=OK, term=1, succeeded=true, lastLogIndex=13} from 3
21:52:13.669 [raft-server-system-partition-1] TRACE i.a.p.raft.roles.LeaderAppender - RaftServer{system-partition-1} - Received AppendResponse{status=OK, term=1, succeeded=true, lastLogIndex=13} from 2
21:52:13.709 [raft-server-raft-partition-5] TRACE i.a.p.raft.roles.LeaderAppender - RaftServer{raft-partition-5} - Sending AppendRequest{term=1, leader=3, prevLogIndex=1, prevLogTerm=1, entries=0, commitIndex=1} to 1
21:52:13.709 [raft-server-raft-partition-5] TRACE i.a.p.raft.roles.LeaderAppender - RaftServer{raft-partition-5} - Sending AppendRequest{term=1, leader=3, prevLogIndex=1, prevLogTerm=1, entries=0, commitIndex=1} to 2
21:52:13.709 [raft-server-raft-partition-5] TRACE i.a.p.raft.roles.FollowerRole - RaftServer{raft-partition-5}{role=FOLLOWER} - Received AppendRequest{term=1, leader=3, prevLogIndex=1, prevLogTerm=1, entries=0, commitIndex=1}
21:52:13.709 [raft-server-raft-partition-7] TRACE i.a.p.raft.roles.LeaderAppender - RaftServer{raft-partition-7} - Sending AppendRequest{term=1, leader=2, prevLogIndex=1, prevLogTerm=1, entries=0, commitIndex=1} to 1
21:52:13.709 [raft-server-raft-partition-5] TRACE i.a.p.raft.roles.FollowerRole - RaftServer{raft-partition-5}{role=FOLLOWER} - Sending AppendResponse{status=OK, term=1, succeeded=true, lastLogIndex=1}
21:52:13.709 [raft-server-raft-partition-5] TRACE i.a.p.raft.roles.FollowerRole - RaftServer{raft-partition-5}{role=FOLLOWER} - Received AppendRequest{term=1, leader=3, prevLogIndex=1, prevLogTerm=1, entries=0, commitIndex=1}
21:52:13.709 [raft-server-raft-partition-7] TRACE i.a.p.raft.roles.LeaderAppender - RaftServer{raft-partition-7} - Sending AppendRequest{term=1, leader=2, prevLogIndex=1, prevLogTerm=1, entries=0, commitIndex=1} to 3
21:52:13.709 [raft-server-raft-partition-7] TRACE i.a.p.raft.roles.FollowerRole - RaftServer{raft-partition-7}{role=FOLLOWER} - Received AppendRequest{term=1, leader=2, prevLogIndex=1, prevLogTerm=1, entries=0, commitIndex=1}
21:52:13.709 [raft-server-raft-partition-5] TRACE i.a.p.raft.roles.FollowerRole - RaftServer{raft-partition-5}{role=FOLLOWER} - Sending AppendResponse{status=OK, term=1, succeeded=true, lastLogIndex=1}
21:52:13.709 [raft-server-raft-partition-5] TRACE i.a.p.raft.roles.LeaderAppender - RaftServer{raft-partition-5} - Received AppendResponse{status=OK, term=1, succeeded=true, lastLogIndex=1} from 1
21:52:13.709 [raft-server-raft-partition-7] TRACE i.a.p.raft.roles.FollowerRole - RaftServer{raft-partition-7}{role=FOLLOWER} - Sending AppendResponse{status=OK, term=1, succeeded=true, lastLogIndex=1}
21:52:13.709 [raft-server-raft-partition-7] TRACE i.a.p.raft.roles.FollowerRole - RaftServer{raft-partition-7}{role=FOLLOWER} - Received AppendRequest{term=1, leader=2, prevLogIndex=1, prevLogTerm=1, entries=0, commitIndex=1}
21:52:13.709 [raft-server-raft-partition-5] TRACE i.a.p.raft.roles.LeaderAppender - RaftServer{raft-partition-5} - Sending AppendRequest{term=1, leader=3, prevLogIndex=1, prevLogTerm=1, entries=0, commitIndex=1} to 1
21:52:13.710 [raft-server-raft-partition-7] TRACE i.a.p.raft.roles.FollowerRole - RaftServer{raft-partition-7}{role=FOLLOWER} - Sending AppendResponse{status=OK, term=1, succeeded=true, lastLogIndex=1}
21:52:13.710 [raft-server-raft-partition-7] TRACE i.a.p.raft.roles.LeaderAppender - RaftServer{raft-partition-7} - Received AppendResponse{status=OK, term=1, succeeded=true, lastLogIndex=1} from 1
21:52:13.710 [raft-server-raft-partition-5] TRACE i.a.p.raft.roles.LeaderAppender - RaftServer{raft-partition-5} - Received AppendResponse{status=OK, term=1, succeeded=true, lastLogIndex=1} from 2
21:52:13.710 [raft-server-raft-partition-7] TRACE i.a.p.raft.roles.LeaderAppender - RaftServer{raft-partition-7} - Sending AppendRequest{term=1, leader=2, prevLogIndex=1, prevLogTerm=1, entries=0, commitIndex=1} to 1
21:52:13.710 [raft-server-raft-partition-5] TRACE i.a.p.raft.roles.LeaderAppender - RaftServer{raft-partition-5} - Sending AppendRequest{term=1, leader=3, prevLogIndex=1, prevLogTerm=1, entries=0, commitIndex=1} to 2
21:52:13.710 [raft-server-raft-partition-5] TRACE i.a.p.raft.roles.FollowerRole - RaftServer{raft-partition-5}{role=FOLLOWER} - Received AppendRequest{term=1, leader=3, prevLogIndex=1, prevLogTerm=1, entries=0, commitIndex=1}
21:52:13.710 [raft-server-raft-partition-7] TRACE i.a.p.raft.roles.LeaderAppender - RaftServer{raft-partition-7} - Received AppendResponse{status=OK, term=1, succeeded=true, lastLogIndex=1} from 3
21:52:13.710 [raft-server-raft-partition-5] TRACE i.a.p.raft.roles.FollowerRole - RaftServer{raft-partition-5}{role=FOLLOWER} - Sending AppendResponse{status=OK, term=1, succeeded=true, lastLogIndex=1}
21:52:13.710 [raft-server-raft-partition-7] TRACE i.a.p.raft.roles.FollowerRole - RaftServer{raft-partition-7}{role=FOLLOWER} - Received AppendRequest{term=1, leader=2, prevLogIndex=1, prevLogTerm=1, entries=0, commitIndex=1}
21:52:13.710 [raft-server-raft-partition-5] TRACE i.a.p.raft.roles.FollowerRole - RaftServer{raft-partition-5}{role=FOLLOWER} - Received AppendRequest{term=1, leader=3, prevLogIndex=1, prevLogTerm=1, entries=0, commitIndex=1}
21:52:13.710 [raft-server-raft-partition-7] TRACE i.a.p.raft.roles.LeaderAppender - RaftServer{raft-partition-7} - Sending AppendRequest{term=1, leader=2, prevLogIndex=1, prevLogTerm=1, entries=0, commitIndex=1} to 3
21:52:13.710 [raft-server-raft-partition-7] TRACE i.a.p.raft.roles.FollowerRole - RaftServer{raft-partition-7}{role=FOLLOWER} - Sending AppendResponse{status=OK, term=1, succeeded=true, lastLogIndex=1}
21:52:13.710 [raft-server-raft-partition-5] TRACE i.a.p.raft.roles.FollowerRole - RaftServer{raft-partition-5}{role=FOLLOWER} - Sending AppendResponse{status=OK, term=1, succeeded=true, lastLogIndex=1}
21:52:13.710 [raft-server-raft-partition-5] TRACE i.a.p.raft.roles.LeaderAppender - RaftServer{raft-partition-5} - Received AppendResponse{status=OK, term=1, succeeded=true, lastLogIndex=1} from 1
21:52:13.710 [raft-server-raft-partition-7] TRACE i.a.p.raft.roles.FollowerRole - RaftServer{raft-partition-7}{role=FOLLOWER} - Received AppendRequest{term=1, leader=2, prevLogIndex=1, prevLogTerm=1, entries=0, commitIndex=1}
21:52:13.711 [raft-server-raft-partition-5] TRACE i.a.p.raft.roles.LeaderAppender - RaftServer{raft-partition-5} - Sending AppendRequest{term=1, leader=3, prevLogIndex=1, prevLogTerm=1, entries=0, commitIndex=1} to 1
21:52:13.711 [raft-server-raft-partition-7] TRACE i.a.p.raft.roles.LeaderAppender - RaftServer{raft-partition-7} - Received AppendResponse{status=OK, term=1, succeeded=true, lastLogIndex=1} from 1
21:52:13.711 [raft-server-raft-partition-7] TRACE i.a.p.raft.roles.FollowerRole - RaftServer{raft-partition-7}{role=FOLLOWER} - Sending AppendResponse{status=OK, term=1, succeeded=true, lastLogIndex=1}
21:52:13.711 [raft-server-raft-partition-5] TRACE i.a.p.raft.roles.LeaderAppender - RaftServer{raft-partition-5} - Received AppendResponse{status=OK, term=1, succeeded=true, lastLogIndex=1} from 2
21:52:13.711 [raft-server-raft-partition-5] TRACE i.a.p.raft.roles.FollowerRole - RaftServer{raft-partition-5}{role=FOLLOWER} - Received AppendRequest{term=1, leader=3, prevLogIndex=1, prevLogTerm=1, entries=0, commitIndex=1}
21:52:13.711 [raft-server-raft-partition-5] TRACE i.a.p.raft.roles.FollowerRole - RaftServer{raft-partition-5}{role=FOLLOWER} - Sending AppendResponse{status=OK, term=1, succeeded=true, lastLogIndex=1}
21:52:13.711 [raft-server-raft-partition-5] TRACE i.a.p.raft.roles.LeaderAppender - RaftServer{raft-partition-5} - Received AppendResponse{status=OK, term=1, succeeded=true, lastLogIndex=1} from 1
21:52:13.711 [raft-server-raft-partition-7] TRACE i.a.p.raft.roles.LeaderAppender - RaftServer{raft-partition-7} - Received AppendResponse{status=OK, term=1, succeeded=true, lastLogIndex=1} from 3
21:52:13.741 [raft-server-raft-partition-1] TRACE i.a.p.raft.storage.system.MetaStore - Store vote null
21:52:13.743 [raft-server-raft-partition-4] TRACE i.a.p.raft.roles.LeaderAppender - RaftServer{raft-partition-4} - Sending AppendRequest{term=1, leader=1, prevLogIndex=1, prevLogTerm=1, entries=0, commitIndex=1} to 2
21:52:13.743 [raft-server-raft-partition-4] TRACE i.a.p.raft.roles.LeaderAppender - RaftServer{raft-partition-4} - Sending AppendRequest{term=1, leader=1, prevLogIndex=1, prevLogTerm=1, entries=0, commitIndex=1} to 3
21:52:13.743 [raft-server-raft-partition-4] TRACE i.a.p.raft.roles.FollowerRole - RaftServer{raft-partition-4}{role=FOLLOWER} - Received AppendRequest{term=1, leader=1, prevLogIndex=1, prevLogTerm=1, entries=0, commitIndex=1}
21:52:13.743 [raft-server-raft-partition-4] TRACE i.a.p.raft.roles.FollowerRole - RaftServer{raft-partition-4}{role=FOLLOWER} - Received AppendRequest{term=1, leader=1, prevLogIndex=1, prevLogTerm=1, entries=0, commitIndex=1}
21:52:13.743 [raft-server-raft-partition-4] TRACE i.a.p.raft.roles.FollowerRole - RaftServer{raft-partition-4}{role=FOLLOWER} - Sending AppendResponse{status=OK, term=1, succeeded=true, lastLogIndex=1}
21:52:13.743 [raft-server-raft-partition-4] TRACE i.a.p.raft.roles.FollowerRole - RaftServer{raft-partition-4}{role=FOLLOWER} - Sending AppendResponse{status=OK, term=1, succeeded=true, lastLogIndex=1}
21:52:13.744 [raft-server-raft-partition-4] TRACE i.a.p.raft.roles.LeaderAppender - RaftServer{raft-partition-4} - Received AppendResponse{status=OK, term=1, succeeded=true, lastLogIndex=1} from 2
21:52:13.744 [raft-server-raft-partition-4] TRACE i.a.p.raft.roles.LeaderAppender - RaftServer{raft-partition-4} - Sending AppendRequest{term=1, leader=1, prevLogIndex=1, prevLogTerm=1, entries=0, commitIndex=1} to 2
21:52:13.744 [raft-server-raft-partition-4] TRACE i.a.p.raft.roles.LeaderAppender - RaftServer{raft-partition-4} - Received AppendResponse{status=OK, term=1, succeeded=true, lastLogIndex=1} from 3
21:52:13.744 [raft-server-raft-partition-4] TRACE i.a.p.raft.roles.LeaderAppender - RaftServer{raft-partition-4} - Sending AppendRequest{term=1, leader=1, prevLogIndex=1, prevLogTerm=1, entries=0, commitIndex=1} to 3
21:52:13.744 [raft-server-raft-partition-4] TRACE i.a.p.raft.roles.FollowerRole - RaftServer{raft-partition-4}{role=FOLLOWER} - Received AppendRequest{term=1, leader=1, prevLogIndex=1, prevLogTerm=1, entries=0, commitIndex=1}
21:52:13.744 [raft-server-raft-partition-4] TRACE i.a.p.raft.roles.FollowerRole - RaftServer{raft-partition-4}{role=FOLLOWER} - Received AppendRequest{term=1, leader=1, prevLogIndex=1, prevLogTerm=1, entries=0, commitIndex=1}
21:52:13.744 [raft-server-raft-partition-4] TRACE i.a.p.raft.roles.FollowerRole - RaftServer{raft-partition-4}{role=FOLLOWER} - Sending AppendResponse{status=OK, term=1, succeeded=true, lastLogIndex=1}
21:52:13.744 [raft-server-raft-partition-4] TRACE i.a.p.raft.roles.FollowerRole - RaftServer{raft-partition-4}{role=FOLLOWER} - Sending AppendResponse{status=OK, term=1, succeeded=true, lastLogIndex=1}
21:52:13.744 [raft-server-raft-partition-4] TRACE i.a.p.raft.roles.LeaderAppender - RaftServer{raft-partition-4} - Received AppendResponse{status=OK, term=1, succeeded=true, lastLogIndex=1} from 2
21:52:13.744 [raft-server-raft-partition-4] TRACE i.a.p.raft.roles.LeaderAppender - RaftServer{raft-partition-4} - Received AppendResponse{status=OK, term=1, succeeded=true, lastLogIndex=1} from 3
21:52:13.765 [raft-server-raft-partition-1] DEBUG i.a.p.raft.roles.FollowerRole - RaftServer{raft-partition-1}{role=FOLLOWER} - Heartbeat timed out in PT4.083S
21:52:13.765 [raft-server-raft-partition-1] DEBUG i.a.p.raft.roles.FollowerRole - RaftServer{raft-partition-1}{role=FOLLOWER} - Polling members [DefaultRaftMember{id=2, type=ACTIVE, updated=2018-06-10T19:52:01.245Z}, DefaultRaftMember{id=3, type=ACTIVE, updated=2018-06-10T19:52:01.245Z}]
21:52:13.766 [raft-server-raft-partition-1] DEBUG i.a.p.raft.roles.FollowerRole - RaftServer{raft-partition-1}{role=FOLLOWER} - Polling DefaultRaftMember{id=2, type=ACTIVE, updated=2018-06-10T19:52:01.245Z} for next term 2
21:52:13.766 [raft-server-raft-partition-1] DEBUG i.a.p.raft.roles.FollowerRole - RaftServer{raft-partition-1}{role=FOLLOWER} - Polling DefaultRaftMember{id=3, type=ACTIVE, updated=2018-06-10T19:52:01.245Z} for next term 2
21:52:13.766 [raft-server-raft-partition-1] TRACE i.a.protocols.raft.roles.LeaderRole - RaftServer{raft-partition-1}{role=LEADER} - Received PollRequest{term=1, candidate=1, lastLogIndex=0, lastLogTerm=0}
21:52:13.766 [raft-server-raft-partition-1] TRACE i.a.p.raft.roles.FollowerRole - RaftServer{raft-partition-1}{role=FOLLOWER} - Received PollRequest{term=1, candidate=1, lastLogIndex=0, lastLogTerm=0}
21:52:13.766 [raft-server-raft-partition-1] TRACE i.a.protocols.raft.roles.LeaderRole - RaftServer{raft-partition-1}{role=LEADER} - Sending PollResponse{status=OK, term=1, accepted=false}
21:52:13.766 [raft-server-raft-partition-1] DEBUG i.a.p.raft.roles.FollowerRole - RaftServer{raft-partition-1}{role=FOLLOWER} - Rejected PollRequest{term=1, candidate=1, lastLogIndex=0, lastLogTerm=0}: candidate's last log entry (0) is at a lower term than the local log (1)
21:52:13.766 [raft-server-raft-partition-1] TRACE i.a.p.raft.roles.FollowerRole - RaftServer{raft-partition-1}{role=FOLLOWER} - Sending PollResponse{status=OK, term=1, accepted=false}
21:52:13.766 [raft-server-raft-partition-1] DEBUG i.a.p.raft.roles.FollowerRole - RaftServer{raft-partition-1}{role=FOLLOWER} - Received rejected poll from DefaultRaftMember{id=2, type=ACTIVE, updated=2018-06-10T19:52:01.245Z}
21:52:13.766 [raft-server-raft-partition-1] DEBUG i.a.p.raft.roles.FollowerRole - RaftServer{raft-partition-1}{role=FOLLOWER} - Received rejected poll from DefaultRaftMember{id=3, type=ACTIVE, updated=2018-06-10T19:52:01.245Z}
21:52:13.818 [raft-server-raft-partition-2] TRACE i.a.p.raft.roles.LeaderAppender - RaftServer{raft-partition-2} - Sending AppendRequest{term=1, leader=1, prevLogIndex=1, prevLogTerm=1, entries=0, commitIndex=1} to 2
21:52:13.818 [raft-server-raft-partition-2] TRACE i.a.p.raft.roles.LeaderAppender - RaftServer{raft-partition-2} - Sending AppendRequest{term=1, leader=1, prevLogIndex=1, prevLogTerm=1, entries=0, commitIndex=1} to 3
21:52:13.818 [raft-server-raft-partition-2] TRACE i.a.p.raft.roles.FollowerRole - RaftServer{raft-partition-2}{role=FOLLOWER} - Received AppendRequest{term=1, leader=1, prevLogIndex=1, prevLogTerm=1, entries=0, commitIndex=1}
21:52:13.818 [raft-server-raft-partition-2] TRACE i.a.p.raft.roles.FollowerRole - RaftServer{raft-partition-2}{role=FOLLOWER} - Sending AppendResponse{status=OK, term=1, succeeded=true, lastLogIndex=1}
21:52:13.818 [raft-server-raft-partition-2] TRACE i.a.p.raft.roles.FollowerRole - RaftServer{raft-partition-2}{role=FOLLOWER} - Received AppendRequest{term=1, leader=1, prevLogIndex=1, prevLogTerm=1, entries=0, commitIndex=1}
21:52:13.818 [raft-server-raft-partition-2] TRACE i.a.p.raft.roles.FollowerRole - RaftServer{raft-partition-2}{role=FOLLOWER} - Sending AppendResponse{status=OK, term=1, succeeded=true, lastLogIndex=1}
21:52:13.818 [raft-server-raft-partition-2] TRACE i.a.p.raft.roles.LeaderAppender - RaftServer{raft-partition-2} - Received AppendResponse{status=OK, term=1, succeeded=true, lastLogIndex=1} from 2
21:52:13.818 [raft-server-raft-partition-2] TRACE i.a.p.raft.roles.LeaderAppender - RaftServer{raft-partition-2} - Sending AppendRequest{term=1, leader=1, prevLogIndex=1, prevLogTerm=1, entries=0, commitIndex=1} to 2
21:52:13.818 [raft-server-raft-partition-2] TRACE i.a.p.raft.roles.LeaderAppender - RaftServer{raft-partition-2} - Received AppendResponse{status=OK, term=1, succeeded=true, lastLogIndex=1} from 3
21:52:13.818 [raft-server-raft-partition-2] TRACE i.a.p.raft.roles.FollowerRole - RaftServer{raft-partition-2}{role=FOLLOWER} - Received AppendRequest{term=1, leader=1, prevLogIndex=1, prevLogTerm=1, entries=0, commitIndex=1}
21:52:13.818 [raft-server-raft-partition-2] TRACE i.a.p.raft.roles.FollowerRole - RaftServer{raft-partition-2}{role=FOLLOWER} - Sending AppendResponse{status=OK, term=1, succeeded=true, lastLogIndex=1}
21:52:13.819 [raft-server-raft-partition-2] TRACE i.a.p.raft.roles.LeaderAppender - RaftServer{raft-partition-2} - Received AppendResponse{status=OK, term=1, succeeded=true, lastLogIndex=1} from 2
21:52:13.826 [raft-server-raft-partition-6] TRACE i.a.p.raft.roles.LeaderAppender - RaftServer{raft-partition-6} - Sending AppendRequest{term=1, leader=1, prevLogIndex=1, prevLogTerm=1, entries=0, commitIndex=1} to 2
21:52:13.826 [raft-server-raft-partition-6] TRACE i.a.p.raft.roles.LeaderAppender - RaftServer{raft-partition-6} - Sending AppendRequest{term=1, leader=1, prevLogIndex=1, prevLogTerm=1, entries=0, commitIndex=1} to 3
21:52:13.826 [raft-server-raft-partition-6] TRACE i.a.p.raft.roles.FollowerRole - RaftServer{raft-partition-6}{role=FOLLOWER} - Received AppendRequest{term=1, leader=1, prevLogIndex=1, prevLogTerm=1, entries=0, commitIndex=1}
21:52:13.826 [raft-server-raft-partition-6] TRACE i.a.p.raft.roles.FollowerRole - RaftServer{raft-partition-6}{role=FOLLOWER} - Sending AppendResponse{status=OK, term=1, succeeded=true, lastLogIndex=1}
21:52:13.826 [raft-server-raft-partition-6] TRACE i.a.p.raft.roles.FollowerRole - RaftServer{raft-partition-6}{role=FOLLOWER} - Received AppendRequest{term=1, leader=1, prevLogIndex=1, prevLogTerm=1, entries=0, commitIndex=1}
21:52:13.826 [raft-server-raft-partition-6] TRACE i.a.p.raft.roles.FollowerRole - RaftServer{raft-partition-6}{role=FOLLOWER} - Sending AppendResponse{status=OK, term=1, succeeded=true, lastLogIndex=1}
21:52:13.826 [raft-server-raft-partition-6] TRACE i.a.p.raft.roles.LeaderAppender - RaftServer{raft-partition-6} - Received AppendResponse{status=OK, term=1, succeeded=true, lastLogIndex=1} from 2
21:52:13.826 [raft-server-raft-partition-6] TRACE i.a.p.raft.roles.LeaderAppender - RaftServer{raft-partition-6} - Sending AppendRequest{term=1, leader=1, prevLogIndex=1, prevLogTerm=1, entries=0, commitIndex=1} to 2
21:52:13.826 [raft-server-raft-partition-6] TRACE i.a.p.raft.roles.LeaderAppender - RaftServer{raft-partition-6} - Received AppendResponse{status=OK, term=1, succeeded=true, lastLogIndex=1} from 3
21:52:13.826 [raft-server-raft-partition-6] TRACE i.a.p.raft.roles.LeaderAppender - RaftServer{raft-partition-6} - Sending AppendRequest{term=1, leader=1, prevLogIndex=1, prevLogTerm=1, entries=0, commitIndex=1} to 3
21:52:13.827 [raft-server-raft-partition-6] TRACE i.a.p.raft.roles.FollowerRole - RaftServer{raft-partition-6}{role=FOLLOWER} - Received AppendRequest{term=1, leader=1, prevLogIndex=1, prevLogTerm=1, entries=0, commitIndex=1}
21:52:13.827 [raft-server-raft-partition-6] TRACE i.a.p.raft.roles.FollowerRole - RaftServer{raft-partition-6}{role=FOLLOWER} - Sending AppendResponse{status=OK, term=1, succeeded=true, lastLogIndex=1}
21:52:13.827 [raft-server-raft-partition-6] TRACE i.a.p.raft.roles.FollowerRole - RaftServer{raft-partition-6}{role=FOLLOWER} - Received AppendRequest{term=1, leader=1, prevLogIndex=1, prevLogTerm=1, entries=0, commitIndex=1}
21:52:13.827 [raft-server-raft-partition-6] TRACE i.a.p.raft.roles.FollowerRole - RaftServer{raft-partition-6}{role=FOLLOWER} - Sending AppendResponse{status=OK, term=1, succeeded=true, lastLogIndex=1}
21:52:13.827 [raft-server-raft-partition-6] TRACE i.a.p.raft.roles.LeaderAppender - RaftServer{raft-partition-6} - Received AppendResponse{status=OK, term=1, succeeded=true, lastLogIndex=1} from 2
21:52:13.827 [raft-server-raft-partition-6] TRACE i.a.p.raft.roles.LeaderAppender - RaftServer{raft-partition-6} - Sending AppendRequest{term=1, leader=1, prevLogIndex=1, prevLogTerm=1, entries=0, commitIndex=1} to 2
21:52:13.827 [raft-server-raft-partition-6] TRACE i.a.p.raft.roles.LeaderAppender - RaftServer{raft-partition-6} - Received AppendResponse{status=OK, term=1, succeeded=true, lastLogIndex=1} from 3
21:52:13.827 [raft-server-raft-partition-6] TRACE i.a.p.raft.roles.LeaderAppender - RaftServer{raft-partition-6} - Sending AppendRequest{term=1, leader=1, prevLogIndex=1, prevLogTerm=1, entries=0, commitIndex=1} to 3
21:52:13.827 [raft-server-raft-partition-6] TRACE i.a.p.raft.roles.FollowerRole - RaftServer{raft-partition-6}{role=FOLLOWER} - Received AppendRequest{term=1, leader=1, prevLogIndex=1, prevLogTerm=1, entries=0, commitIndex=1}
21:52:13.827 [raft-server-raft-partition-6] TRACE i.a.p.raft.roles.FollowerRole - RaftServer{raft-partition-6}{role=FOLLOWER} - Sending AppendResponse{status=OK, term=1, succeeded=true, lastLogIndex=1}
21:52:13.827 [raft-server-raft-partition-6] TRACE i.a.p.raft.roles.FollowerRole - RaftServer{raft-partition-6}{role=FOLLOWER} - Received AppendRequest{term=1, leader=1, prevLogIndex=1, prevLogTerm=1, entries=0, commitIndex=1}
21:52:13.827 [raft-server-raft-partition-6] TRACE i.a.p.raft.roles.FollowerRole - RaftServer{raft-partition-6}{role=FOLLOWER} - Sending AppendResponse{status=OK, term=1, succeeded=true, lastLogIndex=1}
21:52:13.827 [raft-server-raft-partition-6] TRACE i.a.p.raft.roles.LeaderAppender - RaftServer{raft-partition-6} - Received AppendResponse{status=OK, term=1, succeeded=true, lastLogIndex=1} from 2
21:52:13.827 [raft-server-raft-partition-6] TRACE i.a.p.raft.roles.LeaderAppender - RaftServer{raft-partition-6} - Received AppendResponse{status=OK, term=1, succeeded=true, lastLogIndex=1} from 3
21:52:13.875 [raft-server-raft-partition-3] TRACE i.a.p.raft.roles.LeaderAppender - RaftServer{raft-partition-3} - Sending AppendRequest{term=3, leader=1, prevLogIndex=1, prevLogTerm=2, entries=0, commitIndex=1} to 2
21:52:13.875 [raft-server-raft-partition-3] TRACE i.a.p.raft.roles.LeaderAppender - RaftServer{raft-partition-3} - Sending AppendRequest{term=3, leader=1, prevLogIndex=1, prevLogTerm=2, entries=0, commitIndex=1} to 3
21:52:13.875 [raft-server-raft-partition-3] TRACE i.a.p.raft.roles.FollowerRole - RaftServer{raft-partition-3}{role=FOLLOWER} - Received AppendRequest{term=3, leader=1, prevLogIndex=1, prevLogTerm=2, entries=0, commitIndex=1}
21:52:13.875 [raft-server-raft-partition-3] TRACE i.a.p.raft.roles.FollowerRole - RaftServer{raft-partition-3}{role=FOLLOWER} - Sending AppendResponse{status=OK, term=3, succeeded=true, lastLogIndex=1}
21:52:13.875 [raft-server-raft-partition-3] TRACE i.a.p.raft.roles.FollowerRole - RaftServer{raft-partition-3}{role=FOLLOWER} - Received AppendRequest{term=3, leader=1, prevLogIndex=1, prevLogTerm=2, entries=0, commitIndex=1}
21:52:13.875 [raft-server-raft-partition-3] TRACE i.a.p.raft.roles.FollowerRole - RaftServer{raft-partition-3}{role=FOLLOWER} - Sending AppendResponse{status=OK, term=3, succeeded=true, lastLogIndex=1}
21:52:13.875 [raft-server-raft-partition-3] TRACE i.a.p.raft.roles.LeaderAppender - RaftServer{raft-partition-3} - Received AppendResponse{status=OK, term=3, succeeded=true, lastLogIndex=1} from 3
21:52:13.875 [raft-server-raft-partition-3] TRACE i.a.p.raft.roles.LeaderAppender - RaftServer{raft-partition-3} - Sending AppendRequest{term=3, leader=1, prevLogIndex=1, prevLogTerm=2, entries=0, commitIndex=1} to 3
21:52:13.875 [raft-server-raft-partition-3] TRACE i.a.p.raft.roles.LeaderAppender - RaftServer{raft-partition-3} - Received AppendResponse{status=OK, term=3, succeeded=true, lastLogIndex=1} from 2
21:52:13.875 [raft-server-raft-partition-3] TRACE i.a.p.raft.roles.LeaderAppender - RaftServer{raft-partition-3} - Sending AppendRequest{term=3, leader=1, prevLogIndex=1, prevLogTerm=2, entries=0, commitIndex=1} to 2
21:52:13.876 [raft-server-raft-partition-3] TRACE i.a.p.raft.roles.FollowerRole - RaftServer{raft-partition-3}{role=FOLLOWER} - Received AppendRequest{term=3, leader=1, prevLogIndex=1, prevLogTerm=2, entries=0, commitIndex=1}
21:52:13.876 [raft-server-raft-partition-3] TRACE i.a.p.raft.roles.FollowerRole - RaftServer{raft-partition-3}{role=FOLLOWER} - Received AppendRequest{term=3, leader=1, prevLogIndex=1, prevLogTerm=2, entries=0, commitIndex=1}
21:52:13.876 [raft-server-raft-partition-3] TRACE i.a.p.raft.roles.FollowerRole - RaftServer{raft-partition-3}{role=FOLLOWER} - Sending AppendResponse{status=OK, term=3, succeeded=true, lastLogIndex=1}
21:52:13.876 [raft-server-raft-partition-3] TRACE i.a.p.raft.roles.FollowerRole - RaftServer{raft-partition-3}{role=FOLLOWER} - Sending AppendResponse{status=OK, term=3, succeeded=true, lastLogIndex=1}
21:52:13.876 [raft-server-raft-partition-3] TRACE i.a.p.raft.roles.LeaderAppender - RaftServer{raft-partition-3} - Received AppendResponse{status=OK, term=3, succeeded=true, lastLogIndex=1} from 3
21:52:13.876 [raft-server-raft-partition-3] TRACE i.a.p.raft.roles.LeaderAppender - RaftServer{raft-partition-3} - Sending AppendRequest{term=3, leader=1, prevLogIndex=1, prevLogTerm=2, entries=0, commitIndex=1} to 3
21:52:13.876 [raft-server-raft-partition-3] TRACE i.a.p.raft.roles.LeaderAppender - RaftServer{raft-partition-3} - Received AppendResponse{status=OK, term=3, succeeded=true, lastLogIndex=1} from 2
21:52:13.876 [raft-server-raft-partition-3] TRACE i.a.p.raft.roles.LeaderAppender - RaftServer{raft-partition-3} - Sending AppendRequest{term=3, leader=1, prevLogIndex=1, prevLogTerm=2, entries=0, commitIndex=1} to 2
21:52:13.876 [raft-server-raft-partition-3] TRACE i.a.p.raft.roles.FollowerRole - RaftServer{raft-partition-3}{role=FOLLOWER} - Received AppendRequest{term=3, leader=1, prevLogIndex=1, prevLogTerm=2, entries=0, commitIndex=1}
21:52:13.876 [raft-server-raft-partition-3] TRACE i.a.p.raft.roles.FollowerRole - RaftServer{raft-partition-3}{role=FOLLOWER} - Sending AppendResponse{status=OK, term=3, succeeded=true, lastLogIndex=1}
21:52:13.876 [raft-server-raft-partition-3] TRACE i.a.p.raft.roles.FollowerRole - RaftServer{raft-partition-3}{role=FOLLOWER} - Received AppendRequest{term=3, leader=1, prevLogIndex=1, prevLogTerm=2, entries=0, commitIndex=1}
21:52:13.876 [raft-server-raft-partition-3] TRACE i.a.p.raft.roles.FollowerRole - RaftServer{raft-partition-3}{role=FOLLOWER} - Sending AppendResponse{status=OK, term=3, succeeded=true, lastLogIndex=1}
21:52:13.877 [raft-server-raft-partition-3] TRACE i.a.p.raft.roles.LeaderAppender - RaftServer{raft-partition-3} - Received AppendResponse{status=OK, term=3, succeeded=true, lastLogIndex=1} from 3
21:52:13.877 [raft-server-raft-partition-3] TRACE i.a.p.raft.roles.LeaderAppender - RaftServer{raft-partition-3} - Received AppendResponse{status=OK, term=3, succeeded=true, lastLogIndex=1} from 2
21:52:13.884 [raft-server-raft-partition-1] TRACE i.a.p.raft.roles.LeaderAppender - RaftServer{raft-partition-1} - Sending AppendRequest{term=1, leader=2, prevLogIndex=1, prevLogTerm=1, entries=0, commitIndex=1} to 3
21:52:13.885 [raft-server-raft-partition-1] TRACE i.a.p.raft.roles.FollowerRole - RaftServer{raft-partition-1}{role=FOLLOWER} - Received AppendRequest{term=1, leader=2, prevLogIndex=1, prevLogTerm=1, entries=0, commitIndex=1}
21:52:13.885 [raft-server-raft-partition-1] TRACE i.a.p.raft.roles.FollowerRole - RaftServer{raft-partition-1}{role=FOLLOWER} - Sending AppendResponse{status=OK, term=1, succeeded=true, lastLogIndex=1}
21:52:13.885 [raft-server-raft-partition-1] TRACE i.a.p.raft.roles.LeaderAppender - RaftServer{raft-partition-1} - Received AppendResponse{status=OK, term=1, succeeded=true, lastLogIndex=1} from 3
21:52:13.885 [raft-server-raft-partition-1] TRACE i.a.p.raft.roles.LeaderAppender - RaftServer{raft-partition-1} - Sending AppendRequest{term=1, leader=2, prevLogIndex=1, prevLogTerm=1, entries=0, commitIndex=1} to 3
21:52:13.885 [raft-server-raft-partition-1] TRACE i.a.p.raft.roles.FollowerRole - RaftServer{raft-partition-1}{role=FOLLOWER} - Received AppendRequest{term=1, leader=2, prevLogIndex=1, prevLogTerm=1, entries=0, commitIndex=1}
21:52:13.885 [raft-server-raft-partition-1] TRACE i.a.p.raft.roles.FollowerRole - RaftServer{raft-partition-1}{role=FOLLOWER} - Sending AppendResponse{status=OK, term=1, succeeded=true, lastLogIndex=1}
21:52:13.886 [raft-server-raft-partition-1] TRACE i.a.p.raft.roles.LeaderAppender - RaftServer{raft-partition-1} - Received AppendResponse{status=OK, term=1, succeeded=true, lastLogIndex=1} from 3
21:52:13.917 [raft-server-system-partition-1] TRACE i.a.p.raft.roles.LeaderAppender - RaftServer{system-partition-1} - Sending AppendRequest{term=1, leader=1, prevLogIndex=13, prevLogTerm=1, entries=0, commitIndex=13} to 2
21:52:13.917 [raft-server-system-partition-1] TRACE i.a.p.raft.roles.LeaderAppender - RaftServer{system-partition-1} - Sending AppendRequest{term=1, leader=1, prevLogIndex=13, prevLogTerm=1, entries=0, commitIndex=13} to 3
21:52:13.918 [raft-server-system-partition-1] TRACE i.a.p.raft.roles.FollowerRole - RaftServer{system-partition-1}{role=FOLLOWER} - Received AppendRequest{term=1, leader=1, prevLogIndex=13, prevLogTerm=1, entries=0, commitIndex=13}
21:52:13.918 [raft-server-system-partition-1] TRACE i.a.p.raft.roles.FollowerRole - RaftServer{system-partition-1}{role=FOLLOWER} - Sending AppendResponse{status=OK, term=1, succeeded=true, lastLogIndex=13}
21:52:13.918 [raft-server-system-partition-1] TRACE i.a.p.raft.roles.FollowerRole - RaftServer{system-partition-1}{role=FOLLOWER} - Received AppendRequest{term=1, leader=1, prevLogIndex=13, prevLogTerm=1, entries=0, commitIndex=13}
21:52:13.918 [raft-server-system-partition-1] TRACE i.a.p.raft.roles.FollowerRole - RaftServer{system-partition-1}{role=FOLLOWER} - Sending AppendResponse{status=OK, term=1, succeeded=true, lastLogIndex=13}
21:52:13.918 [raft-server-system-partition-1] TRACE i.a.p.raft.roles.LeaderAppender - RaftServer{system-partition-1} - Received AppendResponse{status=OK, term=1, succeeded=true, lastLogIndex=13} from 2
21:52:13.918 [raft-server-system-partition-1] TRACE i.a.p.raft.roles.LeaderAppender - RaftServer{system-partition-1} - Sending AppendRequest{term=1, leader=1, prevLogIndex=13, prevLogTerm=1, entries=0, commitIndex=13} to 2
21:52:13.918 [raft-server-system-partition-1] TRACE i.a.p.raft.roles.LeaderAppender - RaftServer{system-partition-1} - Received AppendResponse{status=OK, term=1, succeeded=true, lastLogIndex=13} from 3
21:52:13.918 [raft-server-system-partition-1] TRACE i.a.p.raft.roles.LeaderAppender - RaftServer{system-partition-1} - Sending AppendRequest{term=1, leader=1, prevLogIndex=13, prevLogTerm=1, entries=0, commitIndex=13} to 3
21:52:13.918 [raft-server-system-partition-1] TRACE i.a.p.raft.roles.FollowerRole - RaftServer{system-partition-1}{role=FOLLOWER} - Received AppendRequest{term=1, leader=1, prevLogIndex=13, prevLogTerm=1, entries=0, commitIndex=13}
21:52:13.918 [raft-server-system-partition-1] TRACE i.a.p.raft.roles.FollowerRole - RaftServer{system-partition-1}{role=FOLLOWER} - Sending AppendResponse{status=OK, term=1, succeeded=true, lastLogIndex=13}
21:52:13.918 [raft-server-system-partition-1] TRACE i.a.p.raft.roles.FollowerRole - RaftServer{system-partition-1}{role=FOLLOWER} - Received AppendRequest{term=1, leader=1, prevLogIndex=13, prevLogTerm=1, entries=0, commitIndex=13}
21:52:13.918 [raft-server-system-partition-1] TRACE i.a.p.raft.roles.FollowerRole - RaftServer{system-partition-1}{role=FOLLOWER} - Sending AppendResponse{status=OK, term=1, succeeded=true, lastLogIndex=13}
21:52:13.918 [raft-server-system-partition-1] TRACE i.a.p.raft.roles.LeaderAppender - RaftServer{system-partition-1} - Received AppendResponse{status=OK, term=1, succeeded=true, lastLogIndex=13} from 2
21:52:13.918 [raft-server-system-partition-1] TRACE i.a.p.raft.roles.LeaderAppender - RaftServer{system-partition-1} - Received AppendResponse{status=OK, term=1, succeeded=true, lastLogIndex=13} from 3
21:52:13.959 [raft-server-raft-partition-5] TRACE i.a.p.raft.roles.LeaderAppender - RaftServer{raft-partition-5} - Sending AppendRequest{term=1, leader=3, prevLogIndex=1, prevLogTerm=1, entries=0, commitIndex=1} to 1
21:52:13.959 [raft-server-raft-partition-5] TRACE i.a.p.raft.roles.LeaderAppender - RaftServer{raft-partition-5} - Sending AppendRequest{term=1, leader=3, prevLogIndex=1, prevLogTerm=1, entries=0, commitIndex=1} to 2
21:52:13.959 [raft-server-raft-partition-5] TRACE i.a.p.raft.roles.FollowerRole - RaftServer{raft-partition-5}{role=FOLLOWER} - Received AppendRequest{term=1, leader=3, prevLogIndex=1, prevLogTerm=1, entries=0, commitIndex=1}
21:52:13.959 [raft-server-raft-partition-7] TRACE i.a.p.raft.roles.LeaderAppender - RaftServer{raft-partition-7} - Sending AppendRequest{term=1, leader=2, prevLogIndex=1, prevLogTerm=1, entries=0, commitIndex=1} to 1
21:52:13.959 [raft-server-raft-partition-5] TRACE i.a.p.raft.roles.FollowerRole - RaftServer{raft-partition-5}{role=FOLLOWER} - Sending AppendResponse{status=OK, term=1, succeeded=true, lastLogIndex=1}
21:52:13.959 [raft-server-raft-partition-5] TRACE i.a.p.raft.roles.FollowerRole - RaftServer{raft-partition-5}{role=FOLLOWER} - Received AppendRequest{term=1, leader=3, prevLogIndex=1, prevLogTerm=1, entries=0, commitIndex=1}
21:52:13.959 [raft-server-raft-partition-7] TRACE i.a.p.raft.roles.LeaderAppender - RaftServer{raft-partition-7} - Sending AppendRequest{term=1, leader=2, prevLogIndex=1, prevLogTerm=1, entries=0, commitIndex=1} to 3
21:52:13.959 [raft-server-raft-partition-5] TRACE i.a.p.raft.roles.FollowerRole - RaftServer{raft-partition-5}{role=FOLLOWER} - Sending AppendResponse{status=OK, term=1, succeeded=true, lastLogIndex=1}
21:52:13.959 [raft-server-raft-partition-7] TRACE i.a.p.raft.roles.FollowerRole - RaftServer{raft-partition-7}{role=FOLLOWER} - Received AppendRequest{term=1, leader=2, prevLogIndex=1, prevLogTerm=1, entries=0, commitIndex=1}
21:52:13.959 [raft-server-raft-partition-5] TRACE i.a.p.raft.roles.LeaderAppender - RaftServer{raft-partition-5} - Received AppendResponse{status=OK, term=1, succeeded=true, lastLogIndex=1} from 1
21:52:13.959 [raft-server-raft-partition-7] TRACE i.a.p.raft.roles.FollowerRole - RaftServer{raft-partition-7}{role=FOLLOWER} - Sending AppendResponse{status=OK, term=1, succeeded=true, lastLogIndex=1}
21:52:13.959 [raft-server-raft-partition-7] TRACE i.a.p.raft.roles.FollowerRole - RaftServer{raft-partition-7}{role=FOLLOWER} - Received AppendRequest{term=1, leader=2, prevLogIndex=1, prevLogTerm=1, entries=0, commitIndex=1}
21:52:13.959 [raft-server-raft-partition-5] TRACE i.a.p.raft.roles.LeaderAppender - RaftServer{raft-partition-5} - Sending AppendRequest{term=1, leader=3, prevLogIndex=1, prevLogTerm=1, entries=0, commitIndex=1} to 1
21:52:13.960 [raft-server-raft-partition-7] TRACE i.a.p.raft.roles.FollowerRole - RaftServer{raft-partition-7}{role=FOLLOWER} - Sending AppendResponse{status=OK, term=1, succeeded=true, lastLogIndex=1}
21:52:13.960 [raft-server-raft-partition-5] TRACE i.a.p.raft.roles.LeaderAppender - RaftServer{raft-partition-5} - Received AppendResponse{status=OK, term=1, succeeded=true, lastLogIndex=1} from 2
21:52:13.960 [raft-server-raft-partition-7] TRACE i.a.p.raft.roles.LeaderAppender - RaftServer{raft-partition-7} - Received AppendResponse{status=OK, term=1, succeeded=true, lastLogIndex=1} from 1
21:52:13.960 [raft-server-raft-partition-5] TRACE i.a.p.raft.roles.LeaderAppender - RaftServer{raft-partition-5} - Sending AppendRequest{term=1, leader=3, prevLogIndex=1, prevLogTerm=1, entries=0, commitIndex=1} to 2
21:52:13.960 [raft-server-raft-partition-7] TRACE i.a.p.raft.roles.LeaderAppender - RaftServer{raft-partition-7} - Sending AppendRequest{term=1, leader=2, prevLogIndex=1, prevLogTerm=1, entries=0, commitIndex=1} to 1
21:52:13.960 [raft-server-raft-partition-5] TRACE i.a.p.raft.roles.FollowerRole - RaftServer{raft-partition-5}{role=FOLLOWER} - Received AppendRequest{term=1, leader=3, prevLogIndex=1, prevLogTerm=1, entries=0, commitIndex=1}
21:52:13.960 [raft-server-raft-partition-7] TRACE i.a.p.raft.roles.LeaderAppender - RaftServer{raft-partition-7} - Received AppendResponse{status=OK, term=1, succeeded=true, lastLogIndex=1} from 3
21:52:13.960 [raft-server-raft-partition-5] TRACE i.a.p.raft.roles.FollowerRole - RaftServer{raft-partition-5}{role=FOLLOWER} - Sending AppendResponse{status=OK, term=1, succeeded=true, lastLogIndex=1}
21:52:13.960 [raft-server-raft-partition-5] TRACE i.a.p.raft.roles.FollowerRole - RaftServer{raft-partition-5}{role=FOLLOWER} - Received AppendRequest{term=1, leader=3, prevLogIndex=1, prevLogTerm=1, entries=0, commitIndex=1}
21:52:13.960 [raft-server-raft-partition-7] TRACE i.a.p.raft.roles.LeaderAppender - RaftServer{raft-partition-7} - Sending AppendRequest{term=1, leader=2, prevLogIndex=1, prevLogTerm=1, entries=0, commitIndex=1} to 3
21:52:13.960 [raft-server-raft-partition-7] TRACE i.a.p.raft.roles.FollowerRole - RaftServer{raft-partition-7}{role=FOLLOWER} - Received AppendRequest{term=1, leader=2, prevLogIndex=1, prevLogTerm=1, entries=0, commitIndex=1}
21:52:13.960 [raft-server-raft-partition-5] TRACE i.a.p.raft.roles.FollowerRole - RaftServer{raft-partition-5}{role=FOLLOWER} - Sending AppendResponse{status=OK, term=1, succeeded=true, lastLogIndex=1}
21:52:13.960 [raft-server-raft-partition-5] TRACE i.a.p.raft.roles.LeaderAppender - RaftServer{raft-partition-5} - Received AppendResponse{status=OK, term=1, succeeded=true, lastLogIndex=1} from 1
21:52:13.960 [raft-server-raft-partition-7] TRACE i.a.p.raft.roles.FollowerRole - RaftServer{raft-partition-7}{role=FOLLOWER} - Sending AppendResponse{status=OK, term=1, succeeded=true, lastLogIndex=1}
21:52:13.960 [raft-server-raft-partition-7] TRACE i.a.p.raft.roles.FollowerRole - RaftServer{raft-partition-7}{role=FOLLOWER} - Received AppendRequest{term=1, leader=2, prevLogIndex=1, prevLogTerm=1, entries=0, commitIndex=1}
21:52:13.960 [raft-server-raft-partition-5] TRACE i.a.p.raft.roles.LeaderAppender - RaftServer{raft-partition-5} - Sending AppendRequest{term=1, leader=3, prevLogIndex=1, prevLogTerm=1, entries=0, commitIndex=1} to 1
21:52:13.960 [raft-server-raft-partition-7] TRACE i.a.p.raft.roles.FollowerRole - RaftServer{raft-partition-7}{role=FOLLOWER} - Sending AppendResponse{status=OK, term=1, succeeded=true, lastLogIndex=1}
21:52:13.961 [raft-server-raft-partition-7] TRACE i.a.p.raft.roles.LeaderAppender - RaftServer{raft-partition-7} - Received AppendResponse{status=OK, term=1, succeeded=true, lastLogIndex=1} from 1
21:52:13.961 [raft-server-raft-partition-5] TRACE i.a.p.raft.roles.LeaderAppender - RaftServer{raft-partition-5} - Received AppendResponse{status=OK, term=1, succeeded=true, lastLogIndex=1} from 2
21:52:13.961 [raft-server-raft-partition-5] TRACE i.a.p.raft.roles.FollowerRole - RaftServer{raft-partition-5}{role=FOLLOWER} - Received AppendRequest{term=1, leader=3, prevLogIndex=1, prevLogTerm=1, entries=0, commitIndex=1}
21:52:13.961 [raft-server-raft-partition-5] TRACE i.a.p.raft.roles.FollowerRole - RaftServer{raft-partition-5}{role=FOLLOWER} - Sending AppendResponse{status=OK, term=1, succeeded=true, lastLogIndex=1}
21:52:13.961 [raft-server-raft-partition-7] TRACE i.a.p.raft.roles.LeaderAppender - RaftServer{raft-partition-7} - Received AppendResponse{status=OK, term=1, succeeded=true, lastLogIndex=1} from 3
21:52:13.961 [raft-server-raft-partition-5] TRACE i.a.p.raft.roles.LeaderAppender - RaftServer{raft-partition-5} - Received AppendResponse{status=OK, term=1, succeeded=true, lastLogIndex=1} from 1
21:52:13.993 [raft-server-raft-partition-4] TRACE i.a.p.raft.roles.LeaderAppender - RaftServer{raft-partition-4} - Sending AppendRequest{term=1, leader=1, prevLogIndex=1, prevLogTerm=1, entries=0, commitIndex=1} to 2
21:52:13.993 [raft-server-raft-partition-4] TRACE i.a.p.raft.roles.LeaderAppender - RaftServer{raft-partition-4} - Sending AppendRequest{term=1, leader=1, prevLogIndex=1, prevLogTerm=1, entries=0, commitIndex=1} to 3
21:52:13.993 [raft-server-raft-partition-4] TRACE i.a.p.raft.roles.FollowerRole - RaftServer{raft-partition-4}{role=FOLLOWER} - Received AppendRequest{term=1, leader=1, prevLogIndex=1, prevLogTerm=1, entries=0, commitIndex=1}
21:52:13.993 [raft-server-raft-partition-4] TRACE i.a.p.raft.roles.FollowerRole - RaftServer{raft-partition-4}{role=FOLLOWER} - Received AppendRequest{term=1, leader=1, prevLogIndex=1, prevLogTerm=1, entries=0, commitIndex=1}
21:52:13.993 [raft-server-raft-partition-4] TRACE i.a.p.raft.roles.FollowerRole - RaftServer{raft-partition-4}{role=FOLLOWER} - Sending AppendResponse{status=OK, term=1, succeeded=true, lastLogIndex=1}
21:52:13.993 [raft-server-raft-partition-4] TRACE i.a.p.raft.roles.FollowerRole - RaftServer{raft-partition-4}{role=FOLLOWER} - Sending AppendResponse{status=OK, term=1, succeeded=true, lastLogIndex=1}
21:52:13.994 [raft-server-raft-partition-4] TRACE i.a.p.raft.roles.LeaderAppender - RaftServer{raft-partition-4} - Received AppendResponse{status=OK, term=1, succeeded=true, lastLogIndex=1} from 2
21:52:13.994 [raft-server-raft-partition-4] TRACE i.a.p.raft.roles.LeaderAppender - RaftServer{raft-partition-4} - Sending AppendRequest{term=1, leader=1, prevLogIndex=1, prevLogTerm=1, entries=0, commitIndex=1} to 2
21:52:13.994 [raft-server-raft-partition-4] TRACE i.a.p.raft.roles.LeaderAppender - RaftServer{raft-partition-4} - Received AppendResponse{status=OK, term=1, succeeded=true, lastLogIndex=1} from 3
21:52:13.994 [raft-server-raft-partition-4] TRACE i.a.p.raft.roles.LeaderAppender - RaftServer{raft-partition-4} - Sending AppendRequest{term=1, leader=1, prevLogIndex=1, prevLogTerm=1, entries=0, commitIndex=1} to 3
21:52:13.994 [raft-server-raft-partition-4] TRACE i.a.p.raft.roles.FollowerRole - RaftServer{raft-partition-4}{role=FOLLOWER} - Received AppendRequest{term=1, leader=1, prevLogIndex=1, prevLogTerm=1, entries=0, commitIndex=1}
21:52:13.994 [raft-server-raft-partition-4] TRACE i.a.p.raft.roles.FollowerRole - RaftServer{raft-partition-4}{role=FOLLOWER} - Received AppendRequest{term=1, leader=1, prevLogIndex=1, prevLogTerm=1, entries=0, commitIndex=1}
21:52:13.994 [raft-server-raft-partition-4] TRACE i.a.p.raft.roles.FollowerRole - RaftServer{raft-partition-4}{role=FOLLOWER} - Sending AppendResponse{status=OK, term=1, succeeded=true, lastLogIndex=1}
21:52:13.994 [raft-server-raft-partition-4] TRACE i.a.p.raft.roles.FollowerRole - RaftServer{raft-partition-4}{role=FOLLOWER} - Sending AppendResponse{status=OK, term=1, succeeded=true, lastLogIndex=1}
21:52:13.994 [raft-server-raft-partition-4] TRACE i.a.p.raft.roles.LeaderAppender - RaftServer{raft-partition-4} - Received AppendResponse{status=OK, term=1, succeeded=true, lastLogIndex=1} from 2
21:52:13.994 [raft-server-raft-partition-4] TRACE i.a.p.raft.roles.LeaderAppender - RaftServer{raft-partition-4} - Received AppendResponse{status=OK, term=1, succeeded=true, lastLogIndex=1} from 3
21:52:14.068 [raft-server-raft-partition-2] TRACE i.a.p.raft.roles.LeaderAppender - RaftServer{raft-partition-2} - Sending AppendRequest{term=1, leader=1, prevLogIndex=1, prevLogTerm=1, entries=0, commitIndex=1} to 2
21:52:14.068 [raft-server-raft-partition-2] TRACE i.a.p.raft.roles.LeaderAppender - RaftServer{raft-partition-2} - Sending AppendRequest{term=1, leader=1, prevLogIndex=1, prevLogTerm=1, entries=0, commitIndex=1} to 3
21:52:14.068 [raft-server-raft-partition-2] TRACE i.a.p.raft.roles.FollowerRole - RaftServer{raft-partition-2}{role=FOLLOWER} - Received AppendRequest{term=1, leader=1, prevLogIndex=1, prevLogTerm=1, entries=0, commitIndex=1}
21:52:14.068 [raft-server-raft-partition-2] TRACE i.a.p.raft.roles.FollowerRole - RaftServer{raft-partition-2}{role=FOLLOWER} - Sending AppendResponse{status=OK, term=1, succeeded=true, lastLogIndex=1}
21:52:14.068 [raft-server-raft-partition-2] TRACE i.a.p.raft.roles.FollowerRole - RaftServer{raft-partition-2}{role=FOLLOWER} - Received AppendRequest{term=1, leader=1, prevLogIndex=1, prevLogTerm=1, entries=0, commitIndex=1}
21:52:14.068 [raft-server-raft-partition-2] TRACE i.a.p.raft.roles.FollowerRole - RaftServer{raft-partition-2}{role=FOLLOWER} - Sending AppendResponse{status=OK, term=1, succeeded=true, lastLogIndex=1}
21:52:14.068 [raft-server-raft-partition-2] TRACE i.a.p.raft.roles.LeaderAppender - RaftServer{raft-partition-2} - Received AppendResponse{status=OK, term=1, succeeded=true, lastLogIndex=1} from 2
21:52:14.068 [raft-server-raft-partition-2] TRACE i.a.p.raft.roles.LeaderAppender - RaftServer{raft-partition-2} - Sending AppendRequest{term=1, leader=1, prevLogIndex=1, prevLogTerm=1, entries=0, commitIndex=1} to 2
21:52:14.068 [raft-server-raft-partition-2] TRACE i.a.p.raft.roles.LeaderAppender - RaftServer{raft-partition-2} - Received AppendResponse{status=OK, term=1, succeeded=true, lastLogIndex=1} from 3
21:52:14.069 [raft-server-raft-partition-2] TRACE i.a.p.raft.roles.FollowerRole - RaftServer{raft-partition-2}{role=FOLLOWER} - Received AppendRequest{term=1, leader=1, prevLogIndex=1, prevLogTerm=1, entries=0, commitIndex=1}
21:52:14.069 [raft-server-raft-partition-2] TRACE i.a.p.raft.roles.FollowerRole - RaftServer{raft-partition-2}{role=FOLLOWER} - Sending AppendResponse{status=OK, term=1, succeeded=true, lastLogIndex=1}
21:52:14.069 [raft-server-raft-partition-2] TRACE i.a.p.raft.roles.LeaderAppender - RaftServer{raft-partition-2} - Received AppendResponse{status=OK, term=1, succeeded=true, lastLogIndex=1} from 2
21:52:14.076 [raft-server-raft-partition-6] TRACE i.a.p.raft.roles.LeaderAppender - RaftServer{raft-partition-6} - Sending AppendRequest{term=1, leader=1, prevLogIndex=1, prevLogTerm=1, entries=0, commitIndex=1} to 2
21:52:14.076 [raft-server-raft-partition-6] TRACE i.a.p.raft.roles.LeaderAppender - RaftServer{raft-partition-6} - Sending AppendRequest{term=1, leader=1, prevLogIndex=1, prevLogTerm=1, entries=0, commitIndex=1} to 3
21:52:14.076 [raft-server-raft-partition-6] TRACE i.a.p.raft.roles.FollowerRole - RaftServer{raft-partition-6}{role=FOLLOWER} - Received AppendRequest{term=1, leader=1, prevLogIndex=1, prevLogTerm=1, entries=0, commitIndex=1}
21:52:14.076 [raft-server-raft-partition-6] TRACE i.a.p.raft.roles.FollowerRole - RaftServer{raft-partition-6}{role=FOLLOWER} - Sending AppendResponse{status=OK, term=1, succeeded=true, lastLogIndex=1}
21:52:14.076 [raft-server-raft-partition-6] TRACE i.a.p.raft.roles.FollowerRole - RaftServer{raft-partition-6}{role=FOLLOWER} - Received AppendRequest{term=1, leader=1, prevLogIndex=1, prevLogTerm=1, entries=0, commitIndex=1}
21:52:14.076 [raft-server-raft-partition-6] TRACE i.a.p.raft.roles.FollowerRole - RaftServer{raft-partition-6}{role=FOLLOWER} - Sending AppendResponse{status=OK, term=1, succeeded=true, lastLogIndex=1}
21:52:14.076 [raft-server-raft-partition-6] TRACE i.a.p.raft.roles.LeaderAppender - RaftServer{raft-partition-6} - Received AppendResponse{status=OK, term=1, succeeded=true, lastLogIndex=1} from 2
21:52:14.076 [raft-server-raft-partition-6] TRACE i.a.p.raft.roles.LeaderAppender - RaftServer{raft-partition-6} - Received AppendResponse{status=OK, term=1, succeeded=true, lastLogIndex=1} from 3
21:52:14.125 [raft-server-raft-partition-3] TRACE i.a.p.raft.roles.LeaderAppender - RaftServer{raft-partition-3} - Sending AppendRequest{term=3, leader=1, prevLogIndex=1, prevLogTerm=2, entries=0, commitIndex=1} to 2
21:52:14.125 [raft-server-raft-partition-3] TRACE i.a.p.raft.roles.LeaderAppender - RaftServer{raft-partition-3} - Sending AppendRequest{term=3, leader=1, prevLogIndex=1, prevLogTerm=2, entries=0, commitIndex=1} to 3
21:52:14.125 [raft-server-raft-partition-3] TRACE i.a.p.raft.roles.FollowerRole - RaftServer{raft-partition-3}{role=FOLLOWER} - Received AppendRequest{term=3, leader=1, prevLogIndex=1, prevLogTerm=2, entries=0, commitIndex=1}
21:52:14.125 [raft-server-raft-partition-3] TRACE i.a.p.raft.roles.FollowerRole - RaftServer{raft-partition-3}{role=FOLLOWER} - Received AppendRequest{term=3, leader=1, prevLogIndex=1, prevLogTerm=2, entries=0, commitIndex=1}
21:52:14.125 [raft-server-raft-partition-3] TRACE i.a.p.raft.roles.FollowerRole - RaftServer{raft-partition-3}{role=FOLLOWER} - Sending AppendResponse{status=OK, term=3, succeeded=true, lastLogIndex=1}
21:52:14.125 [raft-server-raft-partition-3] TRACE i.a.p.raft.roles.FollowerRole - RaftServer{raft-partition-3}{role=FOLLOWER} - Sending AppendResponse{status=OK, term=3, succeeded=true, lastLogIndex=1}
21:52:14.125 [raft-server-raft-partition-3] TRACE i.a.p.raft.roles.LeaderAppender - RaftServer{raft-partition-3} - Received AppendResponse{status=OK, term=3, succeeded=true, lastLogIndex=1} from 2
21:52:14.125 [raft-server-raft-partition-3] TRACE i.a.p.raft.roles.LeaderAppender - RaftServer{raft-partition-3} - Sending AppendRequest{term=3, leader=1, prevLogIndex=1, prevLogTerm=2, entries=0, commitIndex=1} to 2
21:52:14.125 [raft-server-raft-partition-3] TRACE i.a.p.raft.roles.LeaderAppender - RaftServer{raft-partition-3} - Received AppendResponse{status=OK, term=3, succeeded=true, lastLogIndex=1} from 3
21:52:14.125 [raft-server-raft-partition-3] TRACE i.a.p.raft.roles.LeaderAppender - RaftServer{raft-partition-3} - Sending AppendRequest{term=3, leader=1, prevLogIndex=1, prevLogTerm=2, entries=0, commitIndex=1} to 3
21:52:14.126 [raft-server-raft-partition-3] TRACE i.a.p.raft.roles.FollowerRole - RaftServer{raft-partition-3}{role=FOLLOWER} - Received AppendRequest{term=3, leader=1, prevLogIndex=1, prevLogTerm=2, entries=0, commitIndex=1}
21:52:14.126 [raft-server-raft-partition-3] TRACE i.a.p.raft.roles.FollowerRole - RaftServer{raft-partition-3}{role=FOLLOWER} - Sending AppendResponse{status=OK, term=3, succeeded=true, lastLogIndex=1}
21:52:14.126 [raft-server-raft-partition-3] TRACE i.a.p.raft.roles.FollowerRole - RaftServer{raft-partition-3}{role=FOLLOWER} - Received AppendRequest{term=3, leader=1, prevLogIndex=1, prevLogTerm=2, entries=0, commitIndex=1}
21:52:14.126 [raft-server-raft-partition-3] TRACE i.a.p.raft.roles.FollowerRole - RaftServer{raft-partition-3}{role=FOLLOWER} - Sending AppendResponse{status=OK, term=3, succeeded=true, lastLogIndex=1}
21:52:14.126 [raft-server-raft-partition-3] TRACE i.a.p.raft.roles.LeaderAppender - RaftServer{raft-partition-3} - Received AppendResponse{status=OK, term=3, succeeded=true, lastLogIndex=1} from 3
21:52:14.126 [raft-server-raft-partition-3] TRACE i.a.p.raft.roles.LeaderAppender - RaftServer{raft-partition-3} - Sending AppendRequest{term=3, leader=1, prevLogIndex=1, prevLogTerm=2, entries=0, commitIndex=1} to 3
21:52:14.126 [raft-server-raft-partition-3] TRACE i.a.p.raft.roles.LeaderAppender - RaftServer{raft-partition-3} - Received AppendResponse{status=OK, term=3, succeeded=true, lastLogIndex=1} from 2
21:52:14.126 [raft-server-raft-partition-3] TRACE i.a.p.raft.roles.LeaderAppender - RaftServer{raft-partition-3} - Sending AppendRequest{term=3, leader=1, prevLogIndex=1, prevLogTerm=2, entries=0, commitIndex=1} to 2
21:52:14.126 [raft-server-raft-partition-3] TRACE i.a.p.raft.roles.FollowerRole - RaftServer{raft-partition-3}{role=FOLLOWER} - Received AppendRequest{term=3, leader=1, prevLogIndex=1, prevLogTerm=2, entries=0, commitIndex=1}
21:52:14.126 [raft-server-raft-partition-3] TRACE i.a.p.raft.roles.FollowerRole - RaftServer{raft-partition-3}{role=FOLLOWER} - Sending AppendResponse{status=OK, term=3, succeeded=true, lastLogIndex=1}
21:52:14.126 [raft-server-raft-partition-3] TRACE i.a.p.raft.roles.FollowerRole - RaftServer{raft-partition-3}{role=FOLLOWER} - Received AppendRequest{term=3, leader=1, prevLogIndex=1, prevLogTerm=2, entries=0, commitIndex=1}
21:52:14.126 [raft-server-raft-partition-3] TRACE i.a.p.raft.roles.FollowerRole - RaftServer{raft-partition-3}{role=FOLLOWER} - Sending AppendResponse{status=OK, term=3, succeeded=true, lastLogIndex=1}
21:52:14.126 [raft-server-raft-partition-3] TRACE i.a.p.raft.roles.LeaderAppender - RaftServer{raft-partition-3} - Received AppendResponse{status=OK, term=3, succeeded=true, lastLogIndex=1} from 3
21:52:14.126 [raft-server-raft-partition-3] TRACE i.a.p.raft.roles.LeaderAppender - RaftServer{raft-partition-3} - Received AppendResponse{status=OK, term=3, succeeded=true, lastLogIndex=1} from 2
21:52:14.134 [raft-server-raft-partition-1] TRACE i.a.p.raft.roles.LeaderAppender - RaftServer{raft-partition-1} - Sending AppendRequest{term=1, leader=2, prevLogIndex=1, prevLogTerm=1, entries=0, commitIndex=1} to 3
21:52:14.135 [raft-server-raft-partition-1] TRACE i.a.p.raft.roles.FollowerRole - RaftServer{raft-partition-1}{role=FOLLOWER} - Received AppendRequest{term=1, leader=2, prevLogIndex=1, prevLogTerm=1, entries=0, commitIndex=1}
21:52:14.135 [raft-server-raft-partition-1] TRACE i.a.p.raft.roles.FollowerRole - RaftServer{raft-partition-1}{role=FOLLOWER} - Sending AppendResponse{status=OK, term=1, succeeded=true, lastLogIndex=1}
21:52:14.135 [raft-server-raft-partition-1] TRACE i.a.p.raft.roles.LeaderAppender - RaftServer{raft-partition-1} - Received AppendResponse{status=OK, term=1, succeeded=true, lastLogIndex=1} from 3
21:52:14.135 [raft-server-raft-partition-1] TRACE i.a.p.raft.roles.LeaderAppender - RaftServer{raft-partition-1} - Sending AppendRequest{term=1, leader=2, prevLogIndex=1, prevLogTerm=1, entries=0, commitIndex=1} to 3
21:52:14.135 [raft-server-raft-partition-1] TRACE i.a.p.raft.roles.FollowerRole - RaftServer{raft-partition-1}{role=FOLLOWER} - Received AppendRequest{term=1, leader=2, prevLogIndex=1, prevLogTerm=1, entries=0, commitIndex=1}
21:52:14.135 [raft-server-raft-partition-1] TRACE i.a.p.raft.roles.FollowerRole - RaftServer{raft-partition-1}{role=FOLLOWER} - Sending AppendResponse{status=OK, term=1, succeeded=true, lastLogIndex=1}
21:52:14.136 [raft-server-raft-partition-1] TRACE i.a.p.raft.roles.LeaderAppender - RaftServer{raft-partition-1} - Received AppendResponse{status=OK, term=1, succeeded=true, lastLogIndex=1} from 3
21:52:14.167 [raft-server-system-partition-1] TRACE i.a.p.raft.roles.LeaderAppender - RaftServer{system-partition-1} - Sending AppendRequest{term=1, leader=1, prevLogIndex=13, prevLogTerm=1, entries=0, commitIndex=13} to 2
21:52:14.167 [raft-server-system-partition-1] TRACE i.a.p.raft.roles.LeaderAppender - RaftServer{system-partition-1} - Sending AppendRequest{term=1, leader=1, prevLogIndex=13, prevLogTerm=1, entries=0, commitIndex=13} to 3
21:52:14.167 [raft-server-system-partition-1] TRACE i.a.p.raft.roles.FollowerRole - RaftServer{system-partition-1}{role=FOLLOWER} - Received AppendRequest{term=1, leader=1, prevLogIndex=13, prevLogTerm=1, entries=0, commitIndex=13}
21:52:14.168 [raft-server-system-partition-1] TRACE i.a.p.raft.roles.FollowerRole - RaftServer{system-partition-1}{role=FOLLOWER} - Received AppendRequest{term=1, leader=1, prevLogIndex=13, prevLogTerm=1, entries=0, commitIndex=13}
21:52:14.168 [raft-server-system-partition-1] TRACE i.a.p.raft.roles.FollowerRole - RaftServer{system-partition-1}{role=FOLLOWER} - Sending AppendResponse{status=OK, term=1, succeeded=true, lastLogIndex=13}
21:52:14.168 [raft-server-system-partition-1] TRACE i.a.p.raft.roles.FollowerRole - RaftServer{system-partition-1}{role=FOLLOWER} - Sending AppendResponse{status=OK, term=1, succeeded=true, lastLogIndex=13}
21:52:14.168 [raft-server-system-partition-1] TRACE i.a.p.raft.roles.LeaderAppender - RaftServer{system-partition-1} - Received AppendResponse{status=OK, term=1, succeeded=true, lastLogIndex=13} from 2
21:52:14.168 [raft-server-system-partition-1] TRACE i.a.p.raft.roles.LeaderAppender - RaftServer{system-partition-1} - Sending AppendRequest{term=1, leader=1, prevLogIndex=13, prevLogTerm=1, entries=0, commitIndex=13} to 2
21:52:14.168 [raft-server-system-partition-1] TRACE i.a.p.raft.roles.LeaderAppender - RaftServer{system-partition-1} - Received AppendResponse{status=OK, term=1, succeeded=true, lastLogIndex=13} from 3
21:52:14.168 [raft-server-system-partition-1] TRACE i.a.p.raft.roles.LeaderAppender - RaftServer{system-partition-1} - Sending AppendRequest{term=1, leader=1, prevLogIndex=13, prevLogTerm=1, entries=0, commitIndex=13} to 3
21:52:14.168 [raft-server-system-partition-1] TRACE i.a.p.raft.roles.FollowerRole - RaftServer{system-partition-1}{role=FOLLOWER} - Received AppendRequest{term=1, leader=1, prevLogIndex=13, prevLogTerm=1, entries=0, commitIndex=13}
21:52:14.168 [raft-server-system-partition-1] TRACE i.a.p.raft.roles.FollowerRole - RaftServer{system-partition-1}{role=FOLLOWER} - Sending AppendResponse{status=OK, term=1, succeeded=true, lastLogIndex=13}
21:52:14.168 [raft-server-system-partition-1] TRACE i.a.p.raft.roles.FollowerRole - RaftServer{system-partition-1}{role=FOLLOWER} - Received AppendRequest{term=1, leader=1, prevLogIndex=13, prevLogTerm=1, entries=0, commitIndex=13}
21:52:14.168 [raft-server-system-partition-1] TRACE i.a.p.raft.roles.FollowerRole - RaftServer{system-partition-1}{role=FOLLOWER} - Sending AppendResponse{status=OK, term=1, succeeded=true, lastLogIndex=13}
21:52:14.168 [raft-server-system-partition-1] TRACE i.a.p.raft.roles.LeaderAppender - RaftServer{system-partition-1} - Received AppendResponse{status=OK, term=1, succeeded=true, lastLogIndex=13} from 2
21:52:14.168 [raft-server-system-partition-1] TRACE i.a.p.raft.roles.LeaderAppender - RaftServer{system-partition-1} - Received AppendResponse{status=OK, term=1, succeeded=true, lastLogIndex=13} from 3
21:52:14.209 [raft-server-raft-partition-5] TRACE i.a.p.raft.roles.LeaderAppender - RaftServer{raft-partition-5} - Sending AppendRequest{term=1, leader=3, prevLogIndex=1, prevLogTerm=1, entries=0, commitIndex=1} to 1
21:52:14.209 [raft-server-raft-partition-5] TRACE i.a.p.raft.roles.LeaderAppender - RaftServer{raft-partition-5} - Sending AppendRequest{term=1, leader=3, prevLogIndex=1, prevLogTerm=1, entries=0, commitIndex=1} to 2
21:52:14.209 [raft-server-raft-partition-7] TRACE i.a.p.raft.roles.LeaderAppender - RaftServer{raft-partition-7} - Sending AppendRequest{term=1, leader=2, prevLogIndex=1, prevLogTerm=1, entries=0, commitIndex=1} to 1
21:52:14.209 [raft-server-raft-partition-5] TRACE i.a.p.raft.roles.FollowerRole - RaftServer{raft-partition-5}{role=FOLLOWER} - Received AppendRequest{term=1, leader=3, prevLogIndex=1, prevLogTerm=1, entries=0, commitIndex=1}
21:52:14.209 [raft-server-raft-partition-5] TRACE i.a.p.raft.roles.FollowerRole - RaftServer{raft-partition-5}{role=FOLLOWER} - Received AppendRequest{term=1, leader=3, prevLogIndex=1, prevLogTerm=1, entries=0, commitIndex=1}
21:52:14.209 [raft-server-raft-partition-7] TRACE i.a.p.raft.roles.LeaderAppender - RaftServer{raft-partition-7} - Sending AppendRequest{term=1, leader=2, prevLogIndex=1, prevLogTerm=1, entries=0, commitIndex=1} to 3
21:52:14.209 [raft-server-raft-partition-5] TRACE i.a.p.raft.roles.FollowerRole - RaftServer{raft-partition-5}{role=FOLLOWER} - Sending AppendResponse{status=OK, term=1, succeeded=true, lastLogIndex=1}
21:52:14.209 [raft-server-raft-partition-7] TRACE i.a.p.raft.roles.FollowerRole - RaftServer{raft-partition-7}{role=FOLLOWER} - Received AppendRequest{term=1, leader=2, prevLogIndex=1, prevLogTerm=1, entries=0, commitIndex=1}
21:52:14.209 [raft-server-raft-partition-5] TRACE i.a.p.raft.roles.FollowerRole - RaftServer{raft-partition-5}{role=FOLLOWER} - Sending AppendResponse{status=OK, term=1, succeeded=true, lastLogIndex=1}
21:52:14.209 [raft-server-raft-partition-7] TRACE i.a.p.raft.roles.FollowerRole - RaftServer{raft-partition-7}{role=FOLLOWER} - Received AppendRequest{term=1, leader=2, prevLogIndex=1, prevLogTerm=1, entries=0, commitIndex=1}
21:52:14.209 [raft-server-raft-partition-7] TRACE i.a.p.raft.roles.FollowerRole - RaftServer{raft-partition-7}{role=FOLLOWER} - Sending AppendResponse{status=OK, term=1, succeeded=true, lastLogIndex=1}
21:52:14.210 [raft-server-raft-partition-5] TRACE i.a.p.raft.roles.LeaderAppender - RaftServer{raft-partition-5} - Received AppendResponse{status=OK, term=1, succeeded=true, lastLogIndex=1} from 1
21:52:14.210 [raft-server-raft-partition-7] TRACE i.a.p.raft.roles.FollowerRole - RaftServer{raft-partition-7}{role=FOLLOWER} - Sending AppendResponse{status=OK, term=1, succeeded=true, lastLogIndex=1}
21:52:14.210 [raft-server-raft-partition-5] TRACE i.a.p.raft.roles.LeaderAppender - RaftServer{raft-partition-5} - Sending AppendRequest{term=1, leader=3, prevLogIndex=1, prevLogTerm=1, entries=0, commitIndex=1} to 1
21:52:14.210 [raft-server-raft-partition-7] TRACE i.a.p.raft.roles.LeaderAppender - RaftServer{raft-partition-7} - Received AppendResponse{status=OK, term=1, succeeded=true, lastLogIndex=1} from 1
21:52:14.210 [raft-server-raft-partition-5] TRACE i.a.p.raft.roles.LeaderAppender - RaftServer{raft-partition-5} - Received AppendResponse{status=OK, term=1, succeeded=true, lastLogIndex=1} from 2
21:52:14.210 [raft-server-raft-partition-7] TRACE i.a.p.raft.roles.LeaderAppender - RaftServer{raft-partition-7} - Sending AppendRequest{term=1, leader=2, prevLogIndex=1, prevLogTerm=1, entries=0, commitIndex=1} to 1
21:52:14.210 [raft-server-raft-partition-5] TRACE i.a.p.raft.roles.LeaderAppender - RaftServer{raft-partition-5} - Sending AppendRequest{term=1, leader=3, prevLogIndex=1, prevLogTerm=1, entries=0, commitIndex=1} to 2
21:52:14.210 [raft-server-raft-partition-7] TRACE i.a.p.raft.roles.LeaderAppender - RaftServer{raft-partition-7} - Received AppendResponse{status=OK, term=1, succeeded=true, lastLogIndex=1} from 3
21:52:14.210 [raft-server-raft-partition-7] TRACE i.a.p.raft.roles.LeaderAppender - RaftServer{raft-partition-7} - Sending AppendRequest{term=1, leader=2, prevLogIndex=1, prevLogTerm=1, entries=0, commitIndex=1} to 3
21:52:14.210 [raft-server-raft-partition-5] TRACE i.a.p.raft.roles.FollowerRole - RaftServer{raft-partition-5}{role=FOLLOWER} - Received AppendRequest{term=1, leader=3, prevLogIndex=1, prevLogTerm=1, entries=0, commitIndex=1}
21:52:14.210 [raft-server-raft-partition-7] TRACE i.a.p.raft.roles.FollowerRole - RaftServer{raft-partition-7}{role=FOLLOWER} - Received AppendRequest{term=1, leader=2, prevLogIndex=1, prevLogTerm=1, entries=0, commitIndex=1}
21:52:14.210 [raft-server-raft-partition-5] TRACE i.a.p.raft.roles.FollowerRole - RaftServer{raft-partition-5}{role=FOLLOWER} - Received AppendRequest{term=1, leader=3, prevLogIndex=1, prevLogTerm=1, entries=0, commitIndex=1}
21:52:14.210 [raft-server-raft-partition-5] TRACE i.a.p.raft.roles.FollowerRole - RaftServer{raft-partition-5}{role=FOLLOWER} - Sending AppendResponse{status=OK, term=1, succeeded=true, lastLogIndex=1}
21:52:14.210 [raft-server-raft-partition-7] TRACE i.a.p.raft.roles.FollowerRole - RaftServer{raft-partition-7}{role=FOLLOWER} - Sending AppendResponse{status=OK, term=1, succeeded=true, lastLogIndex=1}
21:52:14.210 [raft-server-raft-partition-7] TRACE i.a.p.raft.roles.FollowerRole - RaftServer{raft-partition-7}{role=FOLLOWER} - Received AppendRequest{term=1, leader=2, prevLogIndex=1, prevLogTerm=1, entries=0, commitIndex=1}
21:52:14.210 [raft-server-raft-partition-5] TRACE i.a.p.raft.roles.FollowerRole - RaftServer{raft-partition-5}{role=FOLLOWER} - Sending AppendResponse{status=OK, term=1, succeeded=true, lastLogIndex=1}
21:52:14.210 [raft-server-raft-partition-7] TRACE i.a.p.raft.roles.FollowerRole - RaftServer{raft-partition-7}{role=FOLLOWER} - Sending AppendResponse{status=OK, term=1, succeeded=true, lastLogIndex=1}
21:52:14.211 [raft-server-raft-partition-5] TRACE i.a.p.raft.roles.LeaderAppender - RaftServer{raft-partition-5} - Received AppendResponse{status=OK, term=1, succeeded=true, lastLogIndex=1} from 1
21:52:14.211 [raft-server-raft-partition-7] TRACE i.a.p.raft.roles.LeaderAppender - RaftServer{raft-partition-7} - Received AppendResponse{status=OK, term=1, succeeded=true, lastLogIndex=1} from 1
21:52:14.211 [raft-server-raft-partition-5] TRACE i.a.p.raft.roles.LeaderAppender - RaftServer{raft-partition-5} - Received AppendResponse{status=OK, term=1, succeeded=true, lastLogIndex=1} from 2
21:52:14.211 [raft-server-raft-partition-7] TRACE i.a.p.raft.roles.LeaderAppender - RaftServer{raft-partition-7} - Received AppendResponse{status=OK, term=1, succeeded=true, lastLogIndex=1} from 3
21:52:14.243 [raft-server-raft-partition-4] TRACE i.a.p.raft.roles.LeaderAppender - RaftServer{raft-partition-4} - Sending AppendRequest{term=1, leader=1, prevLogIndex=1, prevLogTerm=1, entries=0, commitIndex=1} to 2
21:52:14.243 [raft-server-raft-partition-4] TRACE i.a.p.raft.roles.LeaderAppender - RaftServer{raft-partition-4} - Sending AppendRequest{term=1, leader=1, prevLogIndex=1, prevLogTerm=1, entries=0, commitIndex=1} to 3
21:52:14.243 [raft-server-raft-partition-4] TRACE i.a.p.raft.roles.FollowerRole - RaftServer{raft-partition-4}{role=FOLLOWER} - Received AppendRequest{term=1, leader=1, prevLogIndex=1, prevLogTerm=1, entries=0, commitIndex=1}
21:52:14.243 [raft-server-raft-partition-4] TRACE i.a.p.raft.roles.FollowerRole - RaftServer{raft-partition-4}{role=FOLLOWER} - Received AppendRequest{term=1, leader=1, prevLogIndex=1, prevLogTerm=1, entries=0, commitIndex=1}
21:52:14.243 [raft-server-raft-partition-4] TRACE i.a.p.raft.roles.FollowerRole - RaftServer{raft-partition-4}{role=FOLLOWER} - Sending AppendResponse{status=OK, term=1, succeeded=true, lastLogIndex=1}
21:52:14.244 [raft-server-raft-partition-4] TRACE i.a.p.raft.roles.FollowerRole - RaftServer{raft-partition-4}{role=FOLLOWER} - Sending AppendResponse{status=OK, term=1, succeeded=true, lastLogIndex=1}
21:52:14.244 [raft-server-raft-partition-4] TRACE i.a.p.raft.roles.LeaderAppender - RaftServer{raft-partition-4} - Received AppendResponse{status=OK, term=1, succeeded=true, lastLogIndex=1} from 3
21:52:14.244 [raft-server-raft-partition-4] TRACE i.a.p.raft.roles.LeaderAppender - RaftServer{raft-partition-4} - Sending AppendRequest{term=1, leader=1, prevLogIndex=1, prevLogTerm=1, entries=0, commitIndex=1} to 3
21:52:14.244 [raft-server-raft-partition-4] TRACE i.a.p.raft.roles.LeaderAppender - RaftServer{raft-partition-4} - Received AppendResponse{status=OK, term=1, succeeded=true, lastLogIndex=1} from 2
21:52:14.244 [raft-server-raft-partition-4] TRACE i.a.p.raft.roles.LeaderAppender - RaftServer{raft-partition-4} - Sending AppendRequest{term=1, leader=1, prevLogIndex=1, prevLogTerm=1, entries=0, commitIndex=1} to 2
21:52:14.244 [raft-server-raft-partition-4] TRACE i.a.p.raft.roles.FollowerRole - RaftServer{raft-partition-4}{role=FOLLOWER} - Received AppendRequest{term=1, leader=1, prevLogIndex=1, prevLogTerm=1, entries=0, commitIndex=1}
21:52:14.244 [raft-server-raft-partition-4] TRACE i.a.p.raft.roles.FollowerRole - RaftServer{raft-partition-4}{role=FOLLOWER} - Sending AppendResponse{status=OK, term=1, succeeded=true, lastLogIndex=1}
21:52:14.244 [raft-server-raft-partition-4] TRACE i.a.p.raft.roles.FollowerRole - RaftServer{raft-partition-4}{role=FOLLOWER} - Received AppendRequest{term=1, leader=1, prevLogIndex=1, prevLogTerm=1, entries=0, commitIndex=1}
21:52:14.244 [raft-server-raft-partition-4] TRACE i.a.p.raft.roles.FollowerRole - RaftServer{raft-partition-4}{role=FOLLOWER} - Sending AppendResponse{status=OK, term=1, succeeded=true, lastLogIndex=1}
21:52:14.244 [raft-server-raft-partition-4] TRACE i.a.p.raft.roles.LeaderAppender - RaftServer{raft-partition-4} - Received AppendResponse{status=OK, term=1, succeeded=true, lastLogIndex=1} from 3
21:52:14.244 [raft-server-raft-partition-4] TRACE i.a.p.raft.roles.LeaderAppender - RaftServer{raft-partition-4} - Received AppendResponse{status=OK, term=1, succeeded=true, lastLogIndex=1} from 2
21:52:14.317 [raft-server-raft-partition-2] TRACE i.a.p.raft.roles.LeaderAppender - RaftServer{raft-partition-2} - Sending AppendRequest{term=1, leader=1, prevLogIndex=1, prevLogTerm=1, entries=0, commitIndex=1} to 2
21:52:14.317 [raft-server-raft-partition-2] TRACE i.a.p.raft.roles.LeaderAppender - RaftServer{raft-partition-2} - Sending AppendRequest{term=1, leader=1, prevLogIndex=1, prevLogTerm=1, entries=0, commitIndex=1} to 3
21:52:14.318 [raft-server-raft-partition-2] TRACE i.a.p.raft.roles.FollowerRole - RaftServer{raft-partition-2}{role=FOLLOWER} - Received AppendRequest{term=1, leader=1, prevLogIndex=1, prevLogTerm=1, entries=0, commitIndex=1}
21:52:14.318 [raft-server-raft-partition-2] TRACE i.a.p.raft.roles.FollowerRole - RaftServer{raft-partition-2}{role=FOLLOWER} - Sending AppendResponse{status=OK, term=1, succeeded=true, lastLogIndex=1}
21:52:14.318 [raft-server-raft-partition-2] TRACE i.a.p.raft.roles.FollowerRole - RaftServer{raft-partition-2}{role=FOLLOWER} - Received AppendRequest{term=1, leader=1, prevLogIndex=1, prevLogTerm=1, entries=0, commitIndex=1}
21:52:14.318 [raft-server-raft-partition-2] TRACE i.a.p.raft.roles.FollowerRole - RaftServer{raft-partition-2}{role=FOLLOWER} - Sending AppendResponse{status=OK, term=1, succeeded=true, lastLogIndex=1}
21:52:14.318 [raft-server-raft-partition-2] TRACE i.a.p.raft.roles.LeaderAppender - RaftServer{raft-partition-2} - Received AppendResponse{status=OK, term=1, succeeded=true, lastLogIndex=1} from 2
21:52:14.318 [raft-server-raft-partition-2] TRACE i.a.p.raft.roles.LeaderAppender - RaftServer{raft-partition-2} - Sending AppendRequest{term=1, leader=1, prevLogIndex=1, prevLogTerm=1, entries=0, commitIndex=1} to 2
21:52:14.318 [raft-server-raft-partition-2] TRACE i.a.p.raft.roles.LeaderAppender - RaftServer{raft-partition-2} - Received AppendResponse{status=OK, term=1, succeeded=true, lastLogIndex=1} from 3
21:52:14.318 [raft-server-raft-partition-2] TRACE i.a.p.raft.roles.LeaderAppender - RaftServer{raft-partition-2} - Sending AppendRequest{term=1, leader=1, prevLogIndex=1, prevLogTerm=1, entries=0, commitIndex=1} to 3
21:52:14.318 [raft-server-raft-partition-2] TRACE i.a.p.raft.roles.FollowerRole - RaftServer{raft-partition-2}{role=FOLLOWER} - Received AppendRequest{term=1, leader=1, prevLogIndex=1, prevLogTerm=1, entries=0, commitIndex=1}
21:52:14.318 [raft-server-raft-partition-2] TRACE i.a.p.raft.roles.FollowerRole - RaftServer{raft-partition-2}{role=FOLLOWER} - Sending AppendResponse{status=OK, term=1, succeeded=true, lastLogIndex=1}
21:52:14.318 [raft-server-raft-partition-2] TRACE i.a.p.raft.roles.FollowerRole - RaftServer{raft-partition-2}{role=FOLLOWER} - Received AppendRequest{term=1, leader=1, prevLogIndex=1, prevLogTerm=1, entries=0, commitIndex=1}
21:52:14.318 [raft-server-raft-partition-2] TRACE i.a.p.raft.roles.FollowerRole - RaftServer{raft-partition-2}{role=FOLLOWER} - Sending AppendResponse{status=OK, term=1, succeeded=true, lastLogIndex=1}
21:52:14.319 [raft-server-raft-partition-2] TRACE i.a.p.raft.roles.LeaderAppender - RaftServer{raft-partition-2} - Received AppendResponse{status=OK, term=1, succeeded=true, lastLogIndex=1} from 2
21:52:14.319 [raft-server-raft-partition-2] TRACE i.a.p.raft.roles.LeaderAppender - RaftServer{raft-partition-2} - Received AppendResponse{status=OK, term=1, succeeded=true, lastLogIndex=1} from 3
21:52:14.326 [raft-server-raft-partition-6] TRACE i.a.p.raft.roles.LeaderAppender - RaftServer{raft-partition-6} - Sending AppendRequest{term=1, leader=1, prevLogIndex=1, prevLogTerm=1, entries=0, commitIndex=1} to 2
21:52:14.326 [raft-server-raft-partition-6] TRACE i.a.p.raft.roles.LeaderAppender - RaftServer{raft-partition-6} - Sending AppendRequest{term=1, leader=1, prevLogIndex=1, prevLogTerm=1, entries=0, commitIndex=1} to 3
21:52:14.326 [raft-server-raft-partition-6] TRACE i.a.p.raft.roles.FollowerRole - RaftServer{raft-partition-6}{role=FOLLOWER} - Received AppendRequest{term=1, leader=1, prevLogIndex=1, prevLogTerm=1, entries=0, commitIndex=1}
21:52:14.326 [raft-server-raft-partition-6] TRACE i.a.p.raft.roles.FollowerRole - RaftServer{raft-partition-6}{role=FOLLOWER} - Received AppendRequest{term=1, leader=1, prevLogIndex=1, prevLogTerm=1, entries=0, commitIndex=1}
21:52:14.326 [raft-server-raft-partition-6] TRACE i.a.p.raft.roles.FollowerRole - RaftServer{raft-partition-6}{role=FOLLOWER} - Sending AppendResponse{status=OK, term=1, succeeded=true, lastLogIndex=1}
21:52:14.326 [raft-server-raft-partition-6] TRACE i.a.p.raft.roles.FollowerRole - RaftServer{raft-partition-6}{role=FOLLOWER} - Sending AppendResponse{status=OK, term=1, succeeded=true, lastLogIndex=1}
21:52:14.326 [raft-server-raft-partition-6] TRACE i.a.p.raft.roles.LeaderAppender - RaftServer{raft-partition-6} - Received AppendResponse{status=OK, term=1, succeeded=true, lastLogIndex=1} from 2
21:52:14.326 [raft-server-raft-partition-6] TRACE i.a.p.raft.roles.LeaderAppender - RaftServer{raft-partition-6} - Sending AppendRequest{term=1, leader=1, prevLogIndex=1, prevLogTerm=1, entries=0, commitIndex=1} to 2
21:52:14.326 [raft-server-raft-partition-6] TRACE i.a.p.raft.roles.LeaderAppender - RaftServer{raft-partition-6} - Received AppendResponse{status=OK, term=1, succeeded=true, lastLogIndex=1} from 3
21:52:14.326 [raft-server-raft-partition-6] TRACE i.a.p.raft.roles.LeaderAppender - RaftServer{raft-partition-6} - Sending AppendRequest{term=1, leader=1, prevLogIndex=1, prevLogTerm=1, entries=0, commitIndex=1} to 3
21:52:14.327 [raft-server-raft-partition-6] TRACE i.a.p.raft.roles.FollowerRole - RaftServer{raft-partition-6}{role=FOLLOWER} - Received AppendRequest{term=1, leader=1, prevLogIndex=1, prevLogTerm=1, entries=0, commitIndex=1}
21:52:14.327 [raft-server-raft-partition-6] TRACE i.a.p.raft.roles.FollowerRole - RaftServer{raft-partition-6}{role=FOLLOWER} - Received AppendRequest{term=1, leader=1, prevLogIndex=1, prevLogTerm=1, entries=0, commitIndex=1}
21:52:14.327 [raft-server-raft-partition-6] TRACE i.a.p.raft.roles.FollowerRole - RaftServer{raft-partition-6}{role=FOLLOWER} - Sending AppendResponse{status=OK, term=1, succeeded=true, lastLogIndex=1}
21:52:14.327 [raft-server-raft-partition-6] TRACE i.a.p.raft.roles.FollowerRole - RaftServer{raft-partition-6}{role=FOLLOWER} - Sending AppendResponse{status=OK, term=1, succeeded=true, lastLogIndex=1}
21:52:14.327 [raft-server-raft-partition-6] TRACE i.a.p.raft.roles.LeaderAppender - RaftServer{raft-partition-6} - Received AppendResponse{status=OK, term=1, succeeded=true, lastLogIndex=1} from 2
21:52:14.327 [raft-server-raft-partition-6] TRACE i.a.p.raft.roles.LeaderAppender - RaftServer{raft-partition-6} - Sending AppendRequest{term=1, leader=1, prevLogIndex=1, prevLogTerm=1, entries=0, commitIndex=1} to 2
21:52:14.327 [raft-server-raft-partition-6] TRACE i.a.p.raft.roles.LeaderAppender - RaftServer{raft-partition-6} - Received AppendResponse{status=OK, term=1, succeeded=true, lastLogIndex=1} from 3
21:52:14.327 [raft-server-raft-partition-6] TRACE i.a.p.raft.roles.LeaderAppender - RaftServer{raft-partition-6} - Sending AppendRequest{term=1, leader=1, prevLogIndex=1, prevLogTerm=1, entries=0, commitIndex=1} to 3
21:52:14.327 [raft-server-raft-partition-6] TRACE i.a.p.raft.roles.FollowerRole - RaftServer{raft-partition-6}{role=FOLLOWER} - Received AppendRequest{term=1, leader=1, prevLogIndex=1, prevLogTerm=1, entries=0, commitIndex=1}
21:52:14.327 [raft-server-raft-partition-6] TRACE i.a.p.raft.roles.FollowerRole - RaftServer{raft-partition-6}{role=FOLLOWER} - Received AppendRequest{term=1, leader=1, prevLogIndex=1, prevLogTerm=1, entries=0, commitIndex=1}
21:52:14.327 [raft-server-raft-partition-6] TRACE i.a.p.raft.roles.FollowerRole - RaftServer{raft-partition-6}{role=FOLLOWER} - Sending AppendResponse{status=OK, term=1, succeeded=true, lastLogIndex=1}
21:52:14.327 [raft-server-raft-partition-6] TRACE i.a.p.raft.roles.FollowerRole - RaftServer{raft-partition-6}{role=FOLLOWER} - Sending AppendResponse{status=OK, term=1, succeeded=true, lastLogIndex=1}
21:52:14.328 [raft-server-raft-partition-6] TRACE i.a.p.raft.roles.LeaderAppender - RaftServer{raft-partition-6} - Received AppendResponse{status=OK, term=1, succeeded=true, lastLogIndex=1} from 3
21:52:14.328 [raft-server-raft-partition-6] TRACE i.a.p.raft.roles.LeaderAppender - RaftServer{raft-partition-6} - Received AppendResponse{status=OK, term=1, succeeded=true, lastLogIndex=1} from 2
21:52:14.375 [raft-server-raft-partition-3] TRACE i.a.p.raft.roles.LeaderAppender - RaftServer{raft-partition-3} - Sending AppendRequest{term=3, leader=1, prevLogIndex=1, prevLogTerm=2, entries=0, commitIndex=1} to 2
21:52:14.375 [raft-server-raft-partition-3] TRACE i.a.p.raft.roles.LeaderAppender - RaftServer{raft-partition-3} - Sending AppendRequest{term=3, leader=1, prevLogIndex=1, prevLogTerm=2, entries=0, commitIndex=1} to 3
21:52:14.375 [raft-server-raft-partition-3] TRACE i.a.p.raft.roles.FollowerRole - RaftServer{raft-partition-3}{role=FOLLOWER} - Received AppendRequest{term=3, leader=1, prevLogIndex=1, prevLogTerm=2, entries=0, commitIndex=1}
21:52:14.375 [raft-server-raft-partition-3] TRACE i.a.p.raft.roles.FollowerRole - RaftServer{raft-partition-3}{role=FOLLOWER} - Received AppendRequest{term=3, leader=1, prevLogIndex=1, prevLogTerm=2, entries=0, commitIndex=1}
21:52:14.375 [raft-server-raft-partition-3] TRACE i.a.p.raft.roles.FollowerRole - RaftServer{raft-partition-3}{role=FOLLOWER} - Sending AppendResponse{status=OK, term=3, succeeded=true, lastLogIndex=1}
21:52:14.375 [raft-server-raft-partition-3] TRACE i.a.p.raft.roles.FollowerRole - RaftServer{raft-partition-3}{role=FOLLOWER} - Sending AppendResponse{status=OK, term=3, succeeded=true, lastLogIndex=1}
21:52:14.375 [raft-server-raft-partition-3] TRACE i.a.p.raft.roles.LeaderAppender - RaftServer{raft-partition-3} - Received AppendResponse{status=OK, term=3, succeeded=true, lastLogIndex=1} from 2
21:52:14.375 [raft-server-raft-partition-3] TRACE i.a.p.raft.roles.LeaderAppender - RaftServer{raft-partition-3} - Sending AppendRequest{term=3, leader=1, prevLogIndex=1, prevLogTerm=2, entries=0, commitIndex=1} to 2
21:52:14.375 [raft-server-raft-partition-3] TRACE i.a.p.raft.roles.LeaderAppender - RaftServer{raft-partition-3} - Received AppendResponse{status=OK, term=3, succeeded=true, lastLogIndex=1} from 3
21:52:14.375 [raft-server-raft-partition-3] TRACE i.a.p.raft.roles.LeaderAppender - RaftServer{raft-partition-3} - Sending AppendRequest{term=3, leader=1, prevLogIndex=1, prevLogTerm=2, entries=0, commitIndex=1} to 3
21:52:14.376 [raft-server-raft-partition-3] TRACE i.a.p.raft.roles.FollowerRole - RaftServer{raft-partition-3}{role=FOLLOWER} - Received AppendRequest{term=3, leader=1, prevLogIndex=1, prevLogTerm=2, entries=0, commitIndex=1}
21:52:14.376 [raft-server-raft-partition-3] TRACE i.a.p.raft.roles.FollowerRole - RaftServer{raft-partition-3}{role=FOLLOWER} - Received AppendRequest{term=3, leader=1, prevLogIndex=1, prevLogTerm=2, entries=0, commitIndex=1}
21:52:14.376 [raft-server-raft-partition-3] TRACE i.a.p.raft.roles.FollowerRole - RaftServer{raft-partition-3}{role=FOLLOWER} - Sending AppendResponse{status=OK, term=3, succeeded=true, lastLogIndex=1}
21:52:14.376 [raft-server-raft-partition-3] TRACE i.a.p.raft.roles.FollowerRole - RaftServer{raft-partition-3}{role=FOLLOWER} - Sending AppendResponse{status=OK, term=3, succeeded=true, lastLogIndex=1}
21:52:14.376 [raft-server-raft-partition-3] TRACE i.a.p.raft.roles.LeaderAppender - RaftServer{raft-partition-3} - Received AppendResponse{status=OK, term=3, succeeded=true, lastLogIndex=1} from 2
21:52:14.376 [raft-server-raft-partition-3] TRACE i.a.p.raft.roles.LeaderAppender - RaftServer{raft-partition-3} - Sending AppendRequest{term=3, leader=1, prevLogIndex=1, prevLogTerm=2, entries=0, commitIndex=1} to 2
21:52:14.376 [raft-server-raft-partition-3] TRACE i.a.p.raft.roles.LeaderAppender - RaftServer{raft-partition-3} - Received AppendResponse{status=OK, term=3, succeeded=true, lastLogIndex=1} from 3
21:52:14.376 [raft-server-raft-partition-3] TRACE i.a.p.raft.roles.LeaderAppender - RaftServer{raft-partition-3} - Sending AppendRequest{term=3, leader=1, prevLogIndex=1, prevLogTerm=2, entries=0, commitIndex=1} to 3
21:52:14.376 [raft-server-raft-partition-3] TRACE i.a.p.raft.roles.FollowerRole - RaftServer{raft-partition-3}{role=FOLLOWER} - Received AppendRequest{term=3, leader=1, prevLogIndex=1, prevLogTerm=2, entries=0, commitIndex=1}
21:52:14.376 [raft-server-raft-partition-3] TRACE i.a.p.raft.roles.FollowerRole - RaftServer{raft-partition-3}{role=FOLLOWER} - Sending AppendResponse{status=OK, term=3, succeeded=true, lastLogIndex=1}
21:52:14.376 [raft-server-raft-partition-3] TRACE i.a.p.raft.roles.FollowerRole - RaftServer{raft-partition-3}{role=FOLLOWER} - Received AppendRequest{term=3, leader=1, prevLogIndex=1, prevLogTerm=2, entries=0, commitIndex=1}
21:52:14.376 [raft-server-raft-partition-3] TRACE i.a.p.raft.roles.FollowerRole - RaftServer{raft-partition-3}{role=FOLLOWER} - Sending AppendResponse{status=OK, term=3, succeeded=true, lastLogIndex=1}
21:52:14.376 [raft-server-raft-partition-3] TRACE i.a.p.raft.roles.LeaderAppender - RaftServer{raft-partition-3} - Received AppendResponse{status=OK, term=3, succeeded=true, lastLogIndex=1} from 2
21:52:14.376 [raft-server-raft-partition-3] TRACE i.a.p.raft.roles.LeaderAppender - RaftServer{raft-partition-3} - Received AppendResponse{status=OK, term=3, succeeded=true, lastLogIndex=1} from 3
21:52:14.384 [raft-server-raft-partition-1] TRACE i.a.p.raft.roles.LeaderAppender - RaftServer{raft-partition-1} - Sending AppendRequest{term=1, leader=2, prevLogIndex=1, prevLogTerm=1, entries=0, commitIndex=1} to 3
21:52:14.385 [raft-server-raft-partition-1] TRACE i.a.p.raft.roles.FollowerRole - RaftServer{raft-partition-1}{role=FOLLOWER} - Received AppendRequest{term=1, leader=2, prevLogIndex=1, prevLogTerm=1, entries=0, commitIndex=1}
21:52:14.385 [raft-server-raft-partition-1] TRACE i.a.p.raft.roles.FollowerRole - RaftServer{raft-partition-1}{role=FOLLOWER} - Sending AppendResponse{status=OK, term=1, succeeded=true, lastLogIndex=1}
21:52:14.385 [raft-server-raft-partition-1] TRACE i.a.p.raft.roles.LeaderAppender - RaftServer{raft-partition-1} - Received AppendResponse{status=OK, term=1, succeeded=true, lastLogIndex=1} from 3
21:52:14.385 [raft-server-raft-partition-1] TRACE i.a.p.raft.roles.LeaderAppender - RaftServer{raft-partition-1} - Sending AppendRequest{term=1, leader=2, prevLogIndex=1, prevLogTerm=1, entries=0, commitIndex=1} to 3
21:52:14.385 [raft-server-raft-partition-1] TRACE i.a.p.raft.roles.FollowerRole - RaftServer{raft-partition-1}{role=FOLLOWER} - Received AppendRequest{term=1, leader=2, prevLogIndex=1, prevLogTerm=1, entries=0, commitIndex=1}
21:52:14.385 [raft-server-raft-partition-1] TRACE i.a.p.raft.roles.FollowerRole - RaftServer{raft-partition-1}{role=FOLLOWER} - Sending AppendResponse{status=OK, term=1, succeeded=true, lastLogIndex=1}
21:52:14.386 [raft-server-raft-partition-1] TRACE i.a.p.raft.roles.LeaderAppender - RaftServer{raft-partition-1} - Received AppendResponse{status=OK, term=1, succeeded=true, lastLogIndex=1} from 3
21:52:14.417 [raft-server-system-partition-1] TRACE i.a.p.raft.roles.LeaderAppender - RaftServer{system-partition-1} - Sending AppendRequest{term=1, leader=1, prevLogIndex=13, prevLogTerm=1, entries=0, commitIndex=13} to 2
21:52:14.417 [raft-server-system-partition-1] TRACE i.a.p.raft.roles.LeaderAppender - RaftServer{system-partition-1} - Sending AppendRequest{term=1, leader=1, prevLogIndex=13, prevLogTerm=1, entries=0, commitIndex=13} to 3
21:52:14.417 [raft-server-system-partition-1] TRACE i.a.p.raft.roles.FollowerRole - RaftServer{system-partition-1}{role=FOLLOWER} - Received AppendRequest{term=1, leader=1, prevLogIndex=13, prevLogTerm=1, entries=0, commitIndex=13}
21:52:14.418 [raft-server-system-partition-1] TRACE i.a.p.raft.roles.FollowerRole - RaftServer{system-partition-1}{role=FOLLOWER} - Sending AppendResponse{status=OK, term=1, succeeded=true, lastLogIndex=13}
21:52:14.418 [raft-server-system-partition-1] TRACE i.a.p.raft.roles.FollowerRole - RaftServer{system-partition-1}{role=FOLLOWER} - Received AppendRequest{term=1, leader=1, prevLogIndex=13, prevLogTerm=1, entries=0, commitIndex=13}
21:52:14.418 [raft-server-system-partition-1] TRACE i.a.p.raft.roles.FollowerRole - RaftServer{system-partition-1}{role=FOLLOWER} - Sending AppendResponse{status=OK, term=1, succeeded=true, lastLogIndex=13}
21:52:14.418 [raft-server-system-partition-1] TRACE i.a.p.raft.roles.LeaderAppender - RaftServer{system-partition-1} - Received AppendResponse{status=OK, term=1, succeeded=true, lastLogIndex=13} from 2
21:52:14.418 [raft-server-system-partition-1] TRACE i.a.p.raft.roles.LeaderAppender - RaftServer{system-partition-1} - Sending AppendRequest{term=1, leader=1, prevLogIndex=13, prevLogTerm=1, entries=0, commitIndex=13} to 2
21:52:14.418 [raft-server-system-partition-1] TRACE i.a.p.raft.roles.LeaderAppender - RaftServer{system-partition-1} - Received AppendResponse{status=OK, term=1, succeeded=true, lastLogIndex=13} from 3
21:52:14.418 [raft-server-system-partition-1] TRACE i.a.p.raft.roles.LeaderAppender - RaftServer{system-partition-1} - Sending AppendRequest{term=1, leader=1, prevLogIndex=13, prevLogTerm=1, entries=0, commitIndex=13} to 3
21:52:14.418 [raft-server-system-partition-1] TRACE i.a.p.raft.roles.FollowerRole - RaftServer{system-partition-1}{role=FOLLOWER} - Received AppendRequest{term=1, leader=1, prevLogIndex=13, prevLogTerm=1, entries=0, commitIndex=13}
21:52:14.418 [raft-server-system-partition-1] TRACE i.a.p.raft.roles.FollowerRole - RaftServer{system-partition-1}{role=FOLLOWER} - Sending AppendResponse{status=OK, term=1, succeeded=true, lastLogIndex=13}
21:52:14.418 [raft-server-system-partition-1] TRACE i.a.p.raft.roles.FollowerRole - RaftServer{system-partition-1}{role=FOLLOWER} - Received AppendRequest{term=1, leader=1, prevLogIndex=13, prevLogTerm=1, entries=0, commitIndex=13}
21:52:14.418 [raft-server-system-partition-1] TRACE i.a.p.raft.roles.FollowerRole - RaftServer{system-partition-1}{role=FOLLOWER} - Sending AppendResponse{status=OK, term=1, succeeded=true, lastLogIndex=13}
21:52:14.418 [raft-server-system-partition-1] TRACE i.a.p.raft.roles.LeaderAppender - RaftServer{system-partition-1} - Received AppendResponse{status=OK, term=1, succeeded=true, lastLogIndex=13} from 2
21:52:14.418 [raft-server-system-partition-1] TRACE i.a.p.raft.roles.LeaderAppender - RaftServer{system-partition-1} - Received AppendResponse{status=OK, term=1, succeeded=true, lastLogIndex=13} from 3
21:52:14.459 [raft-server-raft-partition-5] TRACE i.a.p.raft.roles.LeaderAppender - RaftServer{raft-partition-5} - Sending AppendRequest{term=1, leader=3, prevLogIndex=1, prevLogTerm=1, entries=0, commitIndex=1} to 1
21:52:14.459 [raft-server-raft-partition-5] TRACE i.a.p.raft.roles.LeaderAppender - RaftServer{raft-partition-5} - Sending AppendRequest{term=1, leader=3, prevLogIndex=1, prevLogTerm=1, entries=0, commitIndex=1} to 2
21:52:14.459 [raft-server-raft-partition-5] TRACE i.a.p.raft.roles.FollowerRole - RaftServer{raft-partition-5}{role=FOLLOWER} - Received AppendRequest{term=1, leader=3, prevLogIndex=1, prevLogTerm=1, entries=0, commitIndex=1}
21:52:14.459 [raft-server-raft-partition-5] TRACE i.a.p.raft.roles.FollowerRole - RaftServer{raft-partition-5}{role=FOLLOWER} - Received AppendRequest{term=1, leader=3, prevLogIndex=1, prevLogTerm=1, entries=0, commitIndex=1}
21:52:14.459 [raft-server-raft-partition-7] TRACE i.a.p.raft.roles.LeaderAppender - RaftServer{raft-partition-7} - Sending AppendRequest{term=1, leader=2, prevLogIndex=1, prevLogTerm=1, entries=0, commitIndex=1} to 1
21:52:14.459 [raft-server-raft-partition-5] TRACE i.a.p.raft.roles.FollowerRole - RaftServer{raft-partition-5}{role=FOLLOWER} - Sending AppendResponse{status=OK, term=1, succeeded=true, lastLogIndex=1}
21:52:14.459 [raft-server-raft-partition-7] TRACE i.a.p.raft.roles.LeaderAppender - RaftServer{raft-partition-7} - Sending AppendRequest{term=1, leader=2, prevLogIndex=1, prevLogTerm=1, entries=0, commitIndex=1} to 3
21:52:14.459 [raft-server-raft-partition-5] TRACE i.a.p.raft.roles.FollowerRole - RaftServer{raft-partition-5}{role=FOLLOWER} - Sending AppendResponse{status=OK, term=1, succeeded=true, lastLogIndex=1}
21:52:14.459 [raft-server-raft-partition-7] TRACE i.a.p.raft.roles.FollowerRole - RaftServer{raft-partition-7}{role=FOLLOWER} - Received AppendRequest{term=1, leader=2, prevLogIndex=1, prevLogTerm=1, entries=0, commitIndex=1}
21:52:14.459 [raft-server-raft-partition-7] TRACE i.a.p.raft.roles.FollowerRole - RaftServer{raft-partition-7}{role=FOLLOWER} - Sending AppendResponse{status=OK, term=1, succeeded=true, lastLogIndex=1}
21:52:14.459 [raft-server-raft-partition-5] TRACE i.a.p.raft.roles.LeaderAppender - RaftServer{raft-partition-5} - Received AppendResponse{status=OK, term=1, succeeded=true, lastLogIndex=1} from 1
21:52:14.459 [raft-server-raft-partition-7] TRACE i.a.p.raft.roles.FollowerRole - RaftServer{raft-partition-7}{role=FOLLOWER} - Received AppendRequest{term=1, leader=2, prevLogIndex=1, prevLogTerm=1, entries=0, commitIndex=1}
21:52:14.459 [raft-server-raft-partition-5] TRACE i.a.p.raft.roles.LeaderAppender - RaftServer{raft-partition-5} - Sending AppendRequest{term=1, leader=3, prevLogIndex=1, prevLogTerm=1, entries=0, commitIndex=1} to 1
21:52:14.459 [raft-server-raft-partition-7] TRACE i.a.p.raft.roles.FollowerRole - RaftServer{raft-partition-7}{role=FOLLOWER} - Sending AppendResponse{status=OK, term=1, succeeded=true, lastLogIndex=1}
21:52:14.460 [raft-server-raft-partition-7] TRACE i.a.p.raft.roles.LeaderAppender - RaftServer{raft-partition-7} - Received AppendResponse{status=OK, term=1, succeeded=true, lastLogIndex=1} from 1
21:52:14.460 [raft-server-raft-partition-5] TRACE i.a.p.raft.roles.LeaderAppender - RaftServer{raft-partition-5} - Received AppendResponse{status=OK, term=1, succeeded=true, lastLogIndex=1} from 2
21:52:14.460 [raft-server-raft-partition-7] TRACE i.a.p.raft.roles.LeaderAppender - RaftServer{raft-partition-7} - Sending AppendRequest{term=1, leader=2, prevLogIndex=1, prevLogTerm=1, entries=0, commitIndex=1} to 1
21:52:14.460 [raft-server-raft-partition-5] TRACE i.a.p.raft.roles.LeaderAppender - RaftServer{raft-partition-5} - Sending AppendRequest{term=1, leader=3, prevLogIndex=1, prevLogTerm=1, entries=0, commitIndex=1} to 2
21:52:14.460 [raft-server-raft-partition-5] TRACE i.a.p.raft.roles.FollowerRole - RaftServer{raft-partition-5}{role=FOLLOWER} - Received AppendRequest{term=1, leader=3, prevLogIndex=1, prevLogTerm=1, entries=0, commitIndex=1}
21:52:14.460 [raft-server-raft-partition-7] TRACE i.a.p.raft.roles.LeaderAppender - RaftServer{raft-partition-7} - Received AppendResponse{status=OK, term=1, succeeded=true, lastLogIndex=1} from 3
21:52:14.460 [raft-server-raft-partition-5] TRACE i.a.p.raft.roles.FollowerRole - RaftServer{raft-partition-5}{role=FOLLOWER} - Sending AppendResponse{status=OK, term=1, succeeded=true, lastLogIndex=1}
21:52:14.460 [raft-server-raft-partition-7] TRACE i.a.p.raft.roles.LeaderAppender - RaftServer{raft-partition-7} - Sending AppendRequest{term=1, leader=2, prevLogIndex=1, prevLogTerm=1, entries=0, commitIndex=1} to 3
21:52:14.460 [raft-server-raft-partition-7] TRACE i.a.p.raft.roles.FollowerRole - RaftServer{raft-partition-7}{role=FOLLOWER} - Received AppendRequest{term=1, leader=2, prevLogIndex=1, prevLogTerm=1, entries=0, commitIndex=1}
21:52:14.460 [raft-server-raft-partition-5] TRACE i.a.p.raft.roles.FollowerRole - RaftServer{raft-partition-5}{role=FOLLOWER} - Received AppendRequest{term=1, leader=3, prevLogIndex=1, prevLogTerm=1, entries=0, commitIndex=1}
21:52:14.460 [raft-server-raft-partition-7] TRACE i.a.p.raft.roles.FollowerRole - RaftServer{raft-partition-7}{role=FOLLOWER} - Sending AppendResponse{status=OK, term=1, succeeded=true, lastLogIndex=1}
21:52:14.460 [raft-server-raft-partition-5] TRACE i.a.p.raft.roles.FollowerRole - RaftServer{raft-partition-5}{role=FOLLOWER} - Sending AppendResponse{status=OK, term=1, succeeded=true, lastLogIndex=1}
21:52:14.460 [raft-server-raft-partition-5] TRACE i.a.p.raft.roles.LeaderAppender - RaftServer{raft-partition-5} - Received AppendResponse{status=OK, term=1, succeeded=true, lastLogIndex=1} from 1
21:52:14.460 [raft-server-raft-partition-7] TRACE i.a.p.raft.roles.FollowerRole - RaftServer{raft-partition-7}{role=FOLLOWER} - Received AppendRequest{term=1, leader=2, prevLogIndex=1, prevLogTerm=1, entries=0, commitIndex=1}
21:52:14.460 [raft-server-raft-partition-5] TRACE i.a.p.raft.roles.LeaderAppender - RaftServer{raft-partition-5} - Sending AppendRequest{term=1, leader=3, prevLogIndex=1, prevLogTerm=1, entries=0, commitIndex=1} to 1
21:52:14.460 [raft-server-raft-partition-7] TRACE i.a.p.raft.roles.LeaderAppender - RaftServer{raft-partition-7} - Received AppendResponse{status=OK, term=1, succeeded=true, lastLogIndex=1} from 1
21:52:14.460 [raft-server-raft-partition-7] TRACE i.a.p.raft.roles.FollowerRole - RaftServer{raft-partition-7}{role=FOLLOWER} - Sending AppendResponse{status=OK, term=1, succeeded=true, lastLogIndex=1}
21:52:14.461 [raft-server-raft-partition-5] TRACE i.a.p.raft.roles.LeaderAppender - RaftServer{raft-partition-5} - Received AppendResponse{status=OK, term=1, succeeded=true, lastLogIndex=1} from 2
21:52:14.461 [raft-server-raft-partition-5] TRACE i.a.p.raft.roles.FollowerRole - RaftServer{raft-partition-5}{role=FOLLOWER} - Received AppendRequest{term=1, leader=3, prevLogIndex=1, prevLogTerm=1, entries=0, commitIndex=1}
21:52:14.461 [raft-server-raft-partition-5] TRACE i.a.p.raft.roles.FollowerRole - RaftServer{raft-partition-5}{role=FOLLOWER} - Sending AppendResponse{status=OK, term=1, succeeded=true, lastLogIndex=1}
21:52:14.461 [raft-server-raft-partition-7] TRACE i.a.p.raft.roles.LeaderAppender - RaftServer{raft-partition-7} - Received AppendResponse{status=OK, term=1, succeeded=true, lastLogIndex=1} from 3
21:52:14.461 [raft-server-raft-partition-5] TRACE i.a.p.raft.roles.LeaderAppender - RaftServer{raft-partition-5} - Received AppendResponse{status=OK, term=1, succeeded=true, lastLogIndex=1} from 1
21:52:14.493 [raft-server-raft-partition-4] TRACE i.a.p.raft.roles.LeaderAppender - RaftServer{raft-partition-4} - Sending AppendRequest{term=1, leader=1, prevLogIndex=1, prevLogTerm=1, entries=0, commitIndex=1} to 2
21:52:14.493 [raft-server-raft-partition-4] TRACE i.a.p.raft.roles.LeaderAppender - RaftServer{raft-partition-4} - Sending AppendRequest{term=1, leader=1, prevLogIndex=1, prevLogTerm=1, entries=0, commitIndex=1} to 3
21:52:14.493 [raft-server-raft-partition-4] TRACE i.a.p.raft.roles.FollowerRole - RaftServer{raft-partition-4}{role=FOLLOWER} - Received AppendRequest{term=1, leader=1, prevLogIndex=1, prevLogTerm=1, entries=0, commitIndex=1}
21:52:14.493 [raft-server-raft-partition-4] TRACE i.a.p.raft.roles.FollowerRole - RaftServer{raft-partition-4}{role=FOLLOWER} - Sending AppendResponse{status=OK, term=1, succeeded=true, lastLogIndex=1}
21:52:14.493 [raft-server-raft-partition-4] TRACE i.a.p.raft.roles.FollowerRole - RaftServer{raft-partition-4}{role=FOLLOWER} - Received AppendRequest{term=1, leader=1, prevLogIndex=1, prevLogTerm=1, entries=0, commitIndex=1}
21:52:14.493 [raft-server-raft-partition-4] TRACE i.a.p.raft.roles.FollowerRole - RaftServer{raft-partition-4}{role=FOLLOWER} - Sending AppendResponse{status=OK, term=1, succeeded=true, lastLogIndex=1}
21:52:14.494 [raft-server-raft-partition-4] TRACE i.a.p.raft.roles.LeaderAppender - RaftServer{raft-partition-4} - Received AppendResponse{status=OK, term=1, succeeded=true, lastLogIndex=1} from 2
21:52:14.494 [raft-server-raft-partition-4] TRACE i.a.p.raft.roles.LeaderAppender - RaftServer{raft-partition-4} - Sending AppendRequest{term=1, leader=1, prevLogIndex=1, prevLogTerm=1, entries=0, commitIndex=1} to 2
21:52:14.494 [raft-server-raft-partition-4] TRACE i.a.p.raft.roles.LeaderAppender - RaftServer{raft-partition-4} - Received AppendResponse{status=OK, term=1, succeeded=true, lastLogIndex=1} from 3
21:52:14.494 [raft-server-raft-partition-4] TRACE i.a.p.raft.roles.LeaderAppender - RaftServer{raft-partition-4} - Sending AppendRequest{term=1, leader=1, prevLogIndex=1, prevLogTerm=1, entries=0, commitIndex=1} to 3
21:52:14.494 [raft-server-raft-partition-4] TRACE i.a.p.raft.roles.FollowerRole - RaftServer{raft-partition-4}{role=FOLLOWER} - Received AppendRequest{term=1, leader=1, prevLogIndex=1, prevLogTerm=1, entries=0, commitIndex=1}
21:52:14.494 [raft-server-raft-partition-4] TRACE i.a.p.raft.roles.FollowerRole - RaftServer{raft-partition-4}{role=FOLLOWER} - Sending AppendResponse{status=OK, term=1, succeeded=true, lastLogIndex=1}
21:52:14.494 [raft-server-raft-partition-4] TRACE i.a.p.raft.roles.FollowerRole - RaftServer{raft-partition-4}{role=FOLLOWER} - Received AppendRequest{term=1, leader=1, prevLogIndex=1, prevLogTerm=1, entries=0, commitIndex=1}
21:52:14.494 [raft-server-raft-partition-4] TRACE i.a.p.raft.roles.FollowerRole - RaftServer{raft-partition-4}{role=FOLLOWER} - Sending AppendResponse{status=OK, term=1, succeeded=true, lastLogIndex=1}
21:52:14.494 [raft-server-raft-partition-4] TRACE i.a.p.raft.roles.LeaderAppender - RaftServer{raft-partition-4} - Received AppendResponse{status=OK, term=1, succeeded=true, lastLogIndex=1} from 2
21:52:14.494 [raft-server-raft-partition-4] TRACE i.a.p.raft.roles.LeaderAppender - RaftServer{raft-partition-4} - Received AppendResponse{status=OK, term=1, succeeded=true, lastLogIndex=1} from 3
21:52:14.568 [raft-server-raft-partition-2] TRACE i.a.p.raft.roles.LeaderAppender - RaftServer{raft-partition-2} - Sending AppendRequest{term=1, leader=1, prevLogIndex=1, prevLogTerm=1, entries=0, commitIndex=1} to 2
21:52:14.568 [raft-server-raft-partition-2] TRACE i.a.p.raft.roles.LeaderAppender - RaftServer{raft-partition-2} - Sending AppendRequest{term=1, leader=1, prevLogIndex=1, prevLogTerm=1, entries=0, commitIndex=1} to 3
21:52:14.568 [raft-server-raft-partition-2] TRACE i.a.p.raft.roles.FollowerRole - RaftServer{raft-partition-2}{role=FOLLOWER} - Received AppendRequest{term=1, leader=1, prevLogIndex=1, prevLogTerm=1, entries=0, commitIndex=1}
21:52:14.568 [raft-server-raft-partition-2] TRACE i.a.p.raft.roles.FollowerRole - RaftServer{raft-partition-2}{role=FOLLOWER} - Sending AppendResponse{status=OK, term=1, succeeded=true, lastLogIndex=1}
21:52:14.568 [raft-server-raft-partition-2] TRACE i.a.p.raft.roles.FollowerRole - RaftServer{raft-partition-2}{role=FOLLOWER} - Received AppendRequest{term=1, leader=1, prevLogIndex=1, prevLogTerm=1, entries=0, commitIndex=1}
21:52:14.568 [raft-server-raft-partition-2] TRACE i.a.p.raft.roles.FollowerRole - RaftServer{raft-partition-2}{role=FOLLOWER} - Sending AppendResponse{status=OK, term=1, succeeded=true, lastLogIndex=1}
21:52:14.568 [raft-server-raft-partition-2] TRACE i.a.p.raft.roles.LeaderAppender - RaftServer{raft-partition-2} - Received AppendResponse{status=OK, term=1, succeeded=true, lastLogIndex=1} from 2
21:52:14.568 [raft-server-raft-partition-2] TRACE i.a.p.raft.roles.LeaderAppender - RaftServer{raft-partition-2} - Sending AppendRequest{term=1, leader=1, prevLogIndex=1, prevLogTerm=1, entries=0, commitIndex=1} to 2
21:52:14.568 [raft-server-raft-partition-2] TRACE i.a.p.raft.roles.LeaderAppender - RaftServer{raft-partition-2} - Received AppendResponse{status=OK, term=1, succeeded=true, lastLogIndex=1} from 3
21:52:14.568 [raft-server-raft-partition-2] TRACE i.a.p.raft.roles.LeaderAppender - RaftServer{raft-partition-2} - Sending AppendRequest{term=1, leader=1, prevLogIndex=1, prevLogTerm=1, entries=0, commitIndex=1} to 3
21:52:14.568 [raft-server-raft-partition-2] TRACE i.a.p.raft.roles.FollowerRole - RaftServer{raft-partition-2}{role=FOLLOWER} - Received AppendRequest{term=1, leader=1, prevLogIndex=1, prevLogTerm=1, entries=0, commitIndex=1}
21:52:14.568 [raft-server-raft-partition-2] TRACE i.a.p.raft.roles.FollowerRole - RaftServer{raft-partition-2}{role=FOLLOWER} - Sending AppendResponse{status=OK, term=1, succeeded=true, lastLogIndex=1}
21:52:14.568 [raft-server-raft-partition-2] TRACE i.a.p.raft.roles.FollowerRole - RaftServer{raft-partition-2}{role=FOLLOWER} - Received AppendRequest{term=1, leader=1, prevLogIndex=1, prevLogTerm=1, entries=0, commitIndex=1}
21:52:14.568 [raft-server-raft-partition-2] TRACE i.a.p.raft.roles.FollowerRole - RaftServer{raft-partition-2}{role=FOLLOWER} - Sending AppendResponse{status=OK, term=1, succeeded=true, lastLogIndex=1}
21:52:14.568 [raft-server-raft-partition-2] TRACE i.a.p.raft.roles.LeaderAppender - RaftServer{raft-partition-2} - Received AppendResponse{status=OK, term=1, succeeded=true, lastLogIndex=1} from 2
21:52:14.569 [raft-server-raft-partition-2] TRACE i.a.p.raft.roles.LeaderAppender - RaftServer{raft-partition-2} - Sending AppendRequest{term=1, leader=1, prevLogIndex=1, prevLogTerm=1, entries=0, commitIndex=1} to 2
21:52:14.569 [raft-server-raft-partition-2] TRACE i.a.p.raft.roles.LeaderAppender - RaftServer{raft-partition-2} - Received AppendResponse{status=OK, term=1, succeeded=true, lastLogIndex=1} from 3
21:52:14.569 [raft-server-raft-partition-2] TRACE i.a.p.raft.roles.LeaderAppender - RaftServer{raft-partition-2} - Sending AppendRequest{term=1, leader=1, prevLogIndex=1, prevLogTerm=1, entries=0, commitIndex=1} to 3
21:52:14.569 [raft-server-raft-partition-2] TRACE i.a.p.raft.roles.FollowerRole - RaftServer{raft-partition-2}{role=FOLLOWER} - Received AppendRequest{term=1, leader=1, prevLogIndex=1, prevLogTerm=1, entries=0, commitIndex=1}
21:52:14.569 [raft-server-raft-partition-2] TRACE i.a.p.raft.roles.FollowerRole - RaftServer{raft-partition-2}{role=FOLLOWER} - Sending AppendResponse{status=OK, term=1, succeeded=true, lastLogIndex=1}
21:52:14.569 [raft-server-raft-partition-2] TRACE i.a.p.raft.roles.FollowerRole - RaftServer{raft-partition-2}{role=FOLLOWER} - Received AppendRequest{term=1, leader=1, prevLogIndex=1, prevLogTerm=1, entries=0, commitIndex=1}
21:52:14.569 [raft-server-raft-partition-2] TRACE i.a.p.raft.roles.FollowerRole - RaftServer{raft-partition-2}{role=FOLLOWER} - Sending AppendResponse{status=OK, term=1, succeeded=true, lastLogIndex=1}
21:52:14.569 [raft-server-raft-partition-2] TRACE i.a.p.raft.roles.LeaderAppender - RaftServer{raft-partition-2} - Received AppendResponse{status=OK, term=1, succeeded=true, lastLogIndex=1} from 2
21:52:14.569 [raft-server-raft-partition-2] TRACE i.a.p.raft.roles.LeaderAppender - RaftServer{raft-partition-2} - Received AppendResponse{status=OK, term=1, succeeded=true, lastLogIndex=1} from 3
21:52:14.576 [raft-server-raft-partition-6] TRACE i.a.p.raft.roles.LeaderAppender - RaftServer{raft-partition-6} - Sending AppendRequest{term=1, leader=1, prevLogIndex=1, prevLogTerm=1, entries=0, commitIndex=1} to 2
21:52:14.576 [raft-server-raft-partition-6] TRACE i.a.p.raft.roles.LeaderAppender - RaftServer{raft-partition-6} - Sending AppendRequest{term=1, leader=1, prevLogIndex=1, prevLogTerm=1, entries=0, commitIndex=1} to 3
21:52:14.576 [raft-server-raft-partition-6] TRACE i.a.p.raft.roles.FollowerRole - RaftServer{raft-partition-6}{role=FOLLOWER} - Received AppendRequest{term=1, leader=1, prevLogIndex=1, prevLogTerm=1, entries=0, commitIndex=1}
21:52:14.576 [raft-server-raft-partition-6] TRACE i.a.p.raft.roles.FollowerRole - RaftServer{raft-partition-6}{role=FOLLOWER} - Sending AppendResponse{status=OK, term=1, succeeded=true, lastLogIndex=1}
21:52:14.576 [raft-server-raft-partition-6] TRACE i.a.p.raft.roles.FollowerRole - RaftServer{raft-partition-6}{role=FOLLOWER} - Received AppendRequest{term=1, leader=1, prevLogIndex=1, prevLogTerm=1, entries=0, commitIndex=1}
21:52:14.576 [raft-server-raft-partition-6] TRACE i.a.p.raft.roles.FollowerRole - RaftServer{raft-partition-6}{role=FOLLOWER} - Sending AppendResponse{status=OK, term=1, succeeded=true, lastLogIndex=1}
21:52:14.576 [raft-server-raft-partition-6] TRACE i.a.p.raft.roles.LeaderAppender - RaftServer{raft-partition-6} - Received AppendResponse{status=OK, term=1, succeeded=true, lastLogIndex=1} from 2
21:52:14.576 [raft-server-raft-partition-6] TRACE i.a.p.raft.roles.LeaderAppender - RaftServer{raft-partition-6} - Received AppendResponse{status=OK, term=1, succeeded=true, lastLogIndex=1} from 3
21:52:14.625 [raft-server-raft-partition-3] TRACE i.a.p.raft.roles.LeaderAppender - RaftServer{raft-partition-3} - Sending AppendRequest{term=3, leader=1, prevLogIndex=1, prevLogTerm=2, entries=0, commitIndex=1} to 2
21:52:14.625 [raft-server-raft-partition-3] TRACE i.a.p.raft.roles.LeaderAppender - RaftServer{raft-partition-3} - Sending AppendRequest{term=3, leader=1, prevLogIndex=1, prevLogTerm=2, entries=0, commitIndex=1} to 3
21:52:14.625 [raft-server-raft-partition-3] TRACE i.a.p.raft.roles.FollowerRole - RaftServer{raft-partition-3}{role=FOLLOWER} - Received AppendRequest{term=3, leader=1, prevLogIndex=1, prevLogTerm=2, entries=0, commitIndex=1}
21:52:14.625 [raft-server-raft-partition-3] TRACE i.a.p.raft.roles.FollowerRole - RaftServer{raft-partition-3}{role=FOLLOWER} - Received AppendRequest{term=3, leader=1, prevLogIndex=1, prevLogTerm=2, entries=0, commitIndex=1}
21:52:14.625 [raft-server-raft-partition-3] TRACE i.a.p.raft.roles.FollowerRole - RaftServer{raft-partition-3}{role=FOLLOWER} - Sending AppendResponse{status=OK, term=3, succeeded=true, lastLogIndex=1}
21:52:14.625 [raft-server-raft-partition-3] TRACE i.a.p.raft.roles.FollowerRole - RaftServer{raft-partition-3}{role=FOLLOWER} - Sending AppendResponse{status=OK, term=3, succeeded=true, lastLogIndex=1}
21:52:14.625 [raft-server-raft-partition-3] TRACE i.a.p.raft.roles.LeaderAppender - RaftServer{raft-partition-3} - Received AppendResponse{status=OK, term=3, succeeded=true, lastLogIndex=1} from 3
21:52:14.625 [raft-server-raft-partition-3] TRACE i.a.p.raft.roles.LeaderAppender - RaftServer{raft-partition-3} - Sending AppendRequest{term=3, leader=1, prevLogIndex=1, prevLogTerm=2, entries=0, commitIndex=1} to 3
21:52:14.625 [raft-server-raft-partition-3] TRACE i.a.p.raft.roles.LeaderAppender - RaftServer{raft-partition-3} - Received AppendResponse{status=OK, term=3, succeeded=true, lastLogIndex=1} from 2
21:52:14.625 [raft-server-raft-partition-3] TRACE i.a.p.raft.roles.LeaderAppender - RaftServer{raft-partition-3} - Sending AppendRequest{term=3, leader=1, prevLogIndex=1, prevLogTerm=2, entries=0, commitIndex=1} to 2
21:52:14.625 [raft-server-raft-partition-3] TRACE i.a.p.raft.roles.FollowerRole - RaftServer{raft-partition-3}{role=FOLLOWER} - Received AppendRequest{term=3, leader=1, prevLogIndex=1, prevLogTerm=2, entries=0, commitIndex=1}
21:52:14.625 [raft-server-raft-partition-3] TRACE i.a.p.raft.roles.FollowerRole - RaftServer{raft-partition-3}{role=FOLLOWER} - Sending AppendResponse{status=OK, term=3, succeeded=true, lastLogIndex=1}
21:52:14.626 [raft-server-raft-partition-3] TRACE i.a.p.raft.roles.FollowerRole - RaftServer{raft-partition-3}{role=FOLLOWER} - Received AppendRequest{term=3, leader=1, prevLogIndex=1, prevLogTerm=2, entries=0, commitIndex=1}
21:52:14.626 [raft-server-raft-partition-3] TRACE i.a.p.raft.roles.FollowerRole - RaftServer{raft-partition-3}{role=FOLLOWER} - Sending AppendResponse{status=OK, term=3, succeeded=true, lastLogIndex=1}
21:52:14.626 [raft-server-raft-partition-3] TRACE i.a.p.raft.roles.LeaderAppender - RaftServer{raft-partition-3} - Received AppendResponse{status=OK, term=3, succeeded=true, lastLogIndex=1} from 3
21:52:14.626 [raft-server-raft-partition-3] TRACE i.a.p.raft.roles.LeaderAppender - RaftServer{raft-partition-3} - Sending AppendRequest{term=3, leader=1, prevLogIndex=1, prevLogTerm=2, entries=0, commitIndex=1} to 3
21:52:14.626 [raft-server-raft-partition-3] TRACE i.a.p.raft.roles.LeaderAppender - RaftServer{raft-partition-3} - Received AppendResponse{status=OK, term=3, succeeded=true, lastLogIndex=1} from 2
21:52:14.626 [raft-server-raft-partition-3] TRACE i.a.p.raft.roles.LeaderAppender - RaftServer{raft-partition-3} - Sending AppendRequest{term=3, leader=1, prevLogIndex=1, prevLogTerm=2, entries=0, commitIndex=1} to 2
21:52:14.626 [raft-server-raft-partition-3] TRACE i.a.p.raft.roles.FollowerRole - RaftServer{raft-partition-3}{role=FOLLOWER} - Received AppendRequest{term=3, leader=1, prevLogIndex=1, prevLogTerm=2, entries=0, commitIndex=1}
21:52:14.626 [raft-server-raft-partition-3] TRACE i.a.p.raft.roles.FollowerRole - RaftServer{raft-partition-3}{role=FOLLOWER} - Sending AppendResponse{status=OK, term=3, succeeded=true, lastLogIndex=1}
21:52:14.626 [raft-server-raft-partition-3] TRACE i.a.p.raft.roles.FollowerRole - RaftServer{raft-partition-3}{role=FOLLOWER} - Received AppendRequest{term=3, leader=1, prevLogIndex=1, prevLogTerm=2, entries=0, commitIndex=1}
21:52:14.626 [raft-server-raft-partition-3] TRACE i.a.p.raft.roles.FollowerRole - RaftServer{raft-partition-3}{role=FOLLOWER} - Sending AppendResponse{status=OK, term=3, succeeded=true, lastLogIndex=1}
21:52:14.626 [raft-server-raft-partition-3] TRACE i.a.p.raft.roles.LeaderAppender - RaftServer{raft-partition-3} - Received AppendResponse{status=OK, term=3, succeeded=true, lastLogIndex=1} from 3
21:52:14.627 [raft-server-raft-partition-3] TRACE i.a.p.raft.roles.LeaderAppender - RaftServer{raft-partition-3} - Received AppendResponse{status=OK, term=3, succeeded=true, lastLogIndex=1} from 2
21:52:14.634 [raft-server-raft-partition-1] TRACE i.a.p.raft.roles.LeaderAppender - RaftServer{raft-partition-1} - Sending AppendRequest{term=1, leader=2, prevLogIndex=1, prevLogTerm=1, entries=0, commitIndex=1} to 3
21:52:14.635 [raft-server-raft-partition-1] TRACE i.a.p.raft.roles.FollowerRole - RaftServer{raft-partition-1}{role=FOLLOWER} - Received AppendRequest{term=1, leader=2, prevLogIndex=1, prevLogTerm=1, entries=0, commitIndex=1}
21:52:14.635 [raft-server-raft-partition-1] TRACE i.a.p.raft.roles.FollowerRole - RaftServer{raft-partition-1}{role=FOLLOWER} - Sending AppendResponse{status=OK, term=1, succeeded=true, lastLogIndex=1}
21:52:14.635 [raft-server-raft-partition-1] TRACE i.a.p.raft.roles.LeaderAppender - RaftServer{raft-partition-1} - Received AppendResponse{status=OK, term=1, succeeded=true, lastLogIndex=1} from 3
21:52:14.635 [raft-server-raft-partition-1] TRACE i.a.p.raft.roles.LeaderAppender - RaftServer{raft-partition-1} - Sending AppendRequest{term=1, leader=2, prevLogIndex=1, prevLogTerm=1, entries=0, commitIndex=1} to 3
21:52:14.635 [raft-server-raft-partition-1] TRACE i.a.p.raft.roles.FollowerRole - RaftServer{raft-partition-1}{role=FOLLOWER} - Received AppendRequest{term=1, leader=2, prevLogIndex=1, prevLogTerm=1, entries=0, commitIndex=1}
21:52:14.635 [raft-server-raft-partition-1] TRACE i.a.p.raft.roles.FollowerRole - RaftServer{raft-partition-1}{role=FOLLOWER} - Sending AppendResponse{status=OK, term=1, succeeded=true, lastLogIndex=1}
21:52:14.636 [raft-server-raft-partition-1] TRACE i.a.p.raft.roles.LeaderAppender - RaftServer{raft-partition-1} - Received AppendResponse{status=OK, term=1, succeeded=true, lastLogIndex=1} from 3
21:52:14.667 [raft-server-system-partition-1] TRACE i.a.p.raft.roles.LeaderAppender - RaftServer{system-partition-1} - Sending AppendRequest{term=1, leader=1, prevLogIndex=13, prevLogTerm=1, entries=0, commitIndex=13} to 2
21:52:14.667 [raft-server-system-partition-1] TRACE i.a.p.raft.roles.LeaderAppender - RaftServer{system-partition-1} - Sending AppendRequest{term=1, leader=1, prevLogIndex=13, prevLogTerm=1, entries=0, commitIndex=13} to 3
21:52:14.668 [raft-server-system-partition-1] TRACE i.a.p.raft.roles.FollowerRole - RaftServer{system-partition-1}{role=FOLLOWER} - Received AppendRequest{term=1, leader=1, prevLogIndex=13, prevLogTerm=1, entries=0, commitIndex=13}
21:52:14.668 [raft-server-system-partition-1] TRACE i.a.p.raft.roles.FollowerRole - RaftServer{system-partition-1}{role=FOLLOWER} - Received AppendRequest{term=1, leader=1, prevLogIndex=13, prevLogTerm=1, entries=0, commitIndex=13}
21:52:14.668 [raft-server-system-partition-1] TRACE i.a.p.raft.roles.FollowerRole - RaftServer{system-partition-1}{role=FOLLOWER} - Sending AppendResponse{status=OK, term=1, succeeded=true, lastLogIndex=13}
21:52:14.668 [raft-server-system-partition-1] TRACE i.a.p.raft.roles.FollowerRole - RaftServer{system-partition-1}{role=FOLLOWER} - Sending AppendResponse{status=OK, term=1, succeeded=true, lastLogIndex=13}
21:52:14.668 [raft-server-system-partition-1] TRACE i.a.p.raft.roles.LeaderAppender - RaftServer{system-partition-1} - Received AppendResponse{status=OK, term=1, succeeded=true, lastLogIndex=13} from 3
21:52:14.668 [raft-server-system-partition-1] TRACE i.a.p.raft.roles.LeaderAppender - RaftServer{system-partition-1} - Sending AppendRequest{term=1, leader=1, prevLogIndex=13, prevLogTerm=1, entries=0, commitIndex=13} to 3
21:52:14.668 [raft-server-system-partition-1] TRACE i.a.p.raft.roles.LeaderAppender - RaftServer{system-partition-1} - Received AppendResponse{status=OK, term=1, succeeded=true, lastLogIndex=13} from 2
21:52:14.668 [raft-server-system-partition-1] TRACE i.a.p.raft.roles.LeaderAppender - RaftServer{system-partition-1} - Sending AppendRequest{term=1, leader=1, prevLogIndex=13, prevLogTerm=1, entries=0, commitIndex=13} to 2
21:52:14.668 [raft-server-system-partition-1] TRACE i.a.p.raft.roles.FollowerRole - RaftServer{system-partition-1}{role=FOLLOWER} - Received AppendRequest{term=1, leader=1, prevLogIndex=13, prevLogTerm=1, entries=0, commitIndex=13}
21:52:14.668 [raft-server-system-partition-1] TRACE i.a.p.raft.roles.FollowerRole - RaftServer{system-partition-1}{role=FOLLOWER} - Sending AppendResponse{status=OK, term=1, succeeded=true, lastLogIndex=13}
21:52:14.669 [raft-server-system-partition-1] TRACE i.a.p.raft.roles.FollowerRole - RaftServer{system-partition-1}{role=FOLLOWER} - Received AppendRequest{term=1, leader=1, prevLogIndex=13, prevLogTerm=1, entries=0, commitIndex=13}
21:52:14.669 [raft-server-system-partition-1] TRACE i.a.p.raft.roles.FollowerRole - RaftServer{system-partition-1}{role=FOLLOWER} - Sending AppendResponse{status=OK, term=1, succeeded=true, lastLogIndex=13}
21:52:14.669 [raft-server-system-partition-1] TRACE i.a.p.raft.roles.LeaderAppender - RaftServer{system-partition-1} - Received AppendResponse{status=OK, term=1, succeeded=true, lastLogIndex=13} from 3
21:52:14.669 [raft-server-system-partition-1] TRACE i.a.p.raft.roles.LeaderAppender - RaftServer{system-partition-1} - Received AppendResponse{status=OK, term=1, succeeded=true, lastLogIndex=13} from 2
21:52:14.675 [raft-server-raft-partition-1] DEBUG i.a.p.raft.roles.LeaderAppender - RaftServer{raft-partition-1} - AppendRequest{term=1, leader=2, prevLogIndex=0, prevLogTerm=0, entries=1, commitIndex=1} to 1 failed: java.util.concurrent.TimeoutException: Request timed out in 5017 milliseconds
21:52:14.709 [raft-server-raft-partition-5] TRACE i.a.p.raft.roles.LeaderAppender - RaftServer{raft-partition-5} - Sending AppendRequest{term=1, leader=3, prevLogIndex=1, prevLogTerm=1, entries=0, commitIndex=1} to 1
21:52:14.709 [raft-server-raft-partition-5] TRACE i.a.p.raft.roles.LeaderAppender - RaftServer{raft-partition-5} - Sending AppendRequest{term=1, leader=3, prevLogIndex=1, prevLogTerm=1, entries=0, commitIndex=1} to 2
21:52:14.709 [raft-server-raft-partition-7] TRACE i.a.p.raft.roles.LeaderAppender - RaftServer{raft-partition-7} - Sending AppendRequest{term=1, leader=2, prevLogIndex=1, prevLogTerm=1, entries=0, commitIndex=1} to 1
21:52:14.709 [raft-server-raft-partition-5] TRACE i.a.p.raft.roles.FollowerRole - RaftServer{raft-partition-5}{role=FOLLOWER} - Received AppendRequest{term=1, leader=3, prevLogIndex=1, prevLogTerm=1, entries=0, commitIndex=1}
21:52:14.709 [raft-server-raft-partition-5] TRACE i.a.p.raft.roles.FollowerRole - RaftServer{raft-partition-5}{role=FOLLOWER} - Received AppendRequest{term=1, leader=3, prevLogIndex=1, prevLogTerm=1, entries=0, commitIndex=1}
21:52:14.709 [raft-server-raft-partition-7] TRACE i.a.p.raft.roles.LeaderAppender - RaftServer{raft-partition-7} - Sending AppendRequest{term=1, leader=2, prevLogIndex=1, prevLogTerm=1, entries=0, commitIndex=1} to 3
21:52:14.709 [raft-server-raft-partition-5] TRACE i.a.p.raft.roles.FollowerRole - RaftServer{raft-partition-5}{role=FOLLOWER} - Sending AppendResponse{status=OK, term=1, succeeded=true, lastLogIndex=1}
21:52:14.709 [raft-server-raft-partition-5] TRACE i.a.p.raft.roles.FollowerRole - RaftServer{raft-partition-5}{role=FOLLOWER} - Sending AppendResponse{status=OK, term=1, succeeded=true, lastLogIndex=1}
21:52:14.709 [raft-server-raft-partition-7] TRACE i.a.p.raft.roles.FollowerRole - RaftServer{raft-partition-7}{role=FOLLOWER} - Received AppendRequest{term=1, leader=2, prevLogIndex=1, prevLogTerm=1, entries=0, commitIndex=1}
21:52:14.709 [raft-server-raft-partition-7] TRACE i.a.p.raft.roles.FollowerRole - RaftServer{raft-partition-7}{role=FOLLOWER} - Received AppendRequest{term=1, leader=2, prevLogIndex=1, prevLogTerm=1, entries=0, commitIndex=1}
21:52:14.709 [raft-server-raft-partition-5] TRACE i.a.p.raft.roles.LeaderAppender - RaftServer{raft-partition-5} - Received AppendResponse{status=OK, term=1, succeeded=true, lastLogIndex=1} from 2
21:52:14.709 [raft-server-raft-partition-7] TRACE i.a.p.raft.roles.FollowerRole - RaftServer{raft-partition-7}{role=FOLLOWER} - Sending AppendResponse{status=OK, term=1, succeeded=true, lastLogIndex=1}
21:52:14.710 [raft-server-raft-partition-7] TRACE i.a.p.raft.roles.FollowerRole - RaftServer{raft-partition-7}{role=FOLLOWER} - Sending AppendResponse{status=OK, term=1, succeeded=true, lastLogIndex=1}
21:52:14.710 [raft-server-raft-partition-5] TRACE i.a.p.raft.roles.LeaderAppender - RaftServer{raft-partition-5} - Sending AppendRequest{term=1, leader=3, prevLogIndex=1, prevLogTerm=1, entries=0, commitIndex=1} to 2
21:52:14.710 [raft-server-raft-partition-5] TRACE i.a.p.raft.roles.LeaderAppender - RaftServer{raft-partition-5} - Received AppendResponse{status=OK, term=1, succeeded=true, lastLogIndex=1} from 1
21:52:14.710 [raft-server-raft-partition-5] TRACE i.a.p.raft.roles.LeaderAppender - RaftServer{raft-partition-5} - Sending AppendRequest{term=1, leader=3, prevLogIndex=1, prevLogTerm=1, entries=0, commitIndex=1} to 1
21:52:14.710 [raft-server-raft-partition-7] TRACE i.a.p.raft.roles.LeaderAppender - RaftServer{raft-partition-7} - Received AppendResponse{status=OK, term=1, succeeded=true, lastLogIndex=1} from 1
21:52:14.710 [raft-server-raft-partition-5] TRACE i.a.p.raft.roles.FollowerRole - RaftServer{raft-partition-5}{role=FOLLOWER} - Received AppendRequest{term=1, leader=3, prevLogIndex=1, prevLogTerm=1, entries=0, commitIndex=1}
21:52:14.710 [raft-server-raft-partition-7] TRACE i.a.p.raft.roles.LeaderAppender - RaftServer{raft-partition-7} - Sending AppendRequest{term=1, leader=2, prevLogIndex=1, prevLogTerm=1, entries=0, commitIndex=1} to 1
21:52:14.710 [raft-server-raft-partition-5] TRACE i.a.p.raft.roles.FollowerRole - RaftServer{raft-partition-5}{role=FOLLOWER} - Sending AppendResponse{status=OK, term=1, succeeded=true, lastLogIndex=1}
21:52:14.710 [raft-server-raft-partition-5] TRACE i.a.p.raft.roles.FollowerRole - RaftServer{raft-partition-5}{role=FOLLOWER} - Received AppendRequest{term=1, leader=3, prevLogIndex=1, prevLogTerm=1, entries=0, commitIndex=1}
21:52:14.710 [raft-server-raft-partition-7] TRACE i.a.p.raft.roles.LeaderAppender - RaftServer{raft-partition-7} - Received AppendResponse{status=OK, term=1, succeeded=true, lastLogIndex=1} from 3
21:52:14.710 [raft-server-raft-partition-5] TRACE i.a.p.raft.roles.FollowerRole - RaftServer{raft-partition-5}{role=FOLLOWER} - Sending AppendResponse{status=OK, term=1, succeeded=true, lastLogIndex=1}
21:52:14.710 [raft-server-raft-partition-7] TRACE i.a.p.raft.roles.FollowerRole - RaftServer{raft-partition-7}{role=FOLLOWER} - Received AppendRequest{term=1, leader=2, prevLogIndex=1, prevLogTerm=1, entries=0, commitIndex=1}
21:52:14.710 [raft-server-raft-partition-7] TRACE i.a.p.raft.roles.LeaderAppender - RaftServer{raft-partition-7} - Sending AppendRequest{term=1, leader=2, prevLogIndex=1, prevLogTerm=1, entries=0, commitIndex=1} to 3
21:52:14.710 [raft-server-raft-partition-5] TRACE i.a.p.raft.roles.LeaderAppender - RaftServer{raft-partition-5} - Received AppendResponse{status=OK, term=1, succeeded=true, lastLogIndex=1} from 2
21:52:14.710 [raft-server-raft-partition-7] TRACE i.a.p.raft.roles.FollowerRole - RaftServer{raft-partition-7}{role=FOLLOWER} - Sending AppendResponse{status=OK, term=1, succeeded=true, lastLogIndex=1}
21:52:14.710 [raft-server-raft-partition-5] TRACE i.a.p.raft.roles.LeaderAppender - RaftServer{raft-partition-5} - Received AppendResponse{status=OK, term=1, succeeded=true, lastLogIndex=1} from 1
21:52:14.710 [raft-server-raft-partition-7] TRACE i.a.p.raft.roles.FollowerRole - RaftServer{raft-partition-7}{role=FOLLOWER} - Received AppendRequest{term=1, leader=2, prevLogIndex=1, prevLogTerm=1, entries=0, commitIndex=1}
21:52:14.711 [raft-server-raft-partition-7] TRACE i.a.p.raft.roles.FollowerRole - RaftServer{raft-partition-7}{role=FOLLOWER} - Sending AppendResponse{status=OK, term=1, succeeded=true, lastLogIndex=1}
21:52:14.711 [raft-server-raft-partition-7] TRACE i.a.p.raft.roles.LeaderAppender - RaftServer{raft-partition-7} - Received AppendResponse{status=OK, term=1, succeeded=true, lastLogIndex=1} from 1
21:52:14.711 [raft-server-raft-partition-7] TRACE i.a.p.raft.roles.LeaderAppender - RaftServer{raft-partition-7} - Received AppendResponse{status=OK, term=1, succeeded=true, lastLogIndex=1} from 3
21:52:14.743 [raft-server-raft-partition-4] TRACE i.a.p.raft.roles.LeaderAppender - RaftServer{raft-partition-4} - Sending AppendRequest{term=1, leader=1, prevLogIndex=1, prevLogTerm=1, entries=0, commitIndex=1} to 2
21:52:14.743 [raft-server-raft-partition-4] TRACE i.a.p.raft.roles.LeaderAppender - RaftServer{raft-partition-4} - Sending AppendRequest{term=1, leader=1, prevLogIndex=1, prevLogTerm=1, entries=0, commitIndex=1} to 3
21:52:14.743 [raft-server-raft-partition-4] TRACE i.a.p.raft.roles.FollowerRole - RaftServer{raft-partition-4}{role=FOLLOWER} - Received AppendRequest{term=1, leader=1, prevLogIndex=1, prevLogTerm=1, entries=0, commitIndex=1}
21:52:14.743 [raft-server-raft-partition-4] TRACE i.a.p.raft.roles.FollowerRole - RaftServer{raft-partition-4}{role=FOLLOWER} - Received AppendRequest{term=1, leader=1, prevLogIndex=1, prevLogTerm=1, entries=0, commitIndex=1}
21:52:14.743 [raft-server-raft-partition-4] TRACE i.a.p.raft.roles.FollowerRole - RaftServer{raft-partition-4}{role=FOLLOWER} - Sending AppendResponse{status=OK, term=1, succeeded=true, lastLogIndex=1}
21:52:14.743 [raft-server-raft-partition-4] TRACE i.a.p.raft.roles.FollowerRole - RaftServer{raft-partition-4}{role=FOLLOWER} - Sending AppendResponse{status=OK, term=1, succeeded=true, lastLogIndex=1}
21:52:14.744 [raft-server-raft-partition-4] TRACE i.a.p.raft.roles.LeaderAppender - RaftServer{raft-partition-4} - Received AppendResponse{status=OK, term=1, succeeded=true, lastLogIndex=1} from 2
21:52:14.744 [raft-server-raft-partition-4] TRACE i.a.p.raft.roles.LeaderAppender - RaftServer{raft-partition-4} - Sending AppendRequest{term=1, leader=1, prevLogIndex=1, prevLogTerm=1, entries=0, commitIndex=1} to 2
21:52:14.744 [raft-server-raft-partition-4] TRACE i.a.p.raft.roles.LeaderAppender - RaftServer{raft-partition-4} - Received AppendResponse{status=OK, term=1, succeeded=true, lastLogIndex=1} from 3
21:52:14.744 [raft-server-raft-partition-4] TRACE i.a.p.raft.roles.LeaderAppender - RaftServer{raft-partition-4} - Sending AppendRequest{term=1, leader=1, prevLogIndex=1, prevLogTerm=1, entries=0, commitIndex=1} to 3
21:52:14.744 [raft-server-raft-partition-4] TRACE i.a.p.raft.roles.FollowerRole - RaftServer{raft-partition-4}{role=FOLLOWER} - Received AppendRequest{term=1, leader=1, prevLogIndex=1, prevLogTerm=1, entries=0, commitIndex=1}
21:52:14.744 [raft-server-raft-partition-4] TRACE i.a.p.raft.roles.FollowerRole - RaftServer{raft-partition-4}{role=FOLLOWER} - Sending AppendResponse{status=OK, term=1, succeeded=true, lastLogIndex=1}
21:52:14.744 [raft-server-raft-partition-4] TRACE i.a.p.raft.roles.FollowerRole - RaftServer{raft-partition-4}{role=FOLLOWER} - Received AppendRequest{term=1, leader=1, prevLogIndex=1, prevLogTerm=1, entries=0, commitIndex=1}
21:52:14.744 [raft-server-raft-partition-4] TRACE i.a.p.raft.roles.FollowerRole - RaftServer{raft-partition-4}{role=FOLLOWER} - Sending AppendResponse{status=OK, term=1, succeeded=true, lastLogIndex=1}
21:52:14.744 [raft-server-raft-partition-4] TRACE i.a.p.raft.roles.LeaderAppender - RaftServer{raft-partition-4} - Received AppendResponse{status=OK, term=1, succeeded=true, lastLogIndex=1} from 2
21:52:14.744 [raft-server-raft-partition-4] TRACE i.a.p.raft.roles.LeaderAppender - RaftServer{raft-partition-4} - Received AppendResponse{status=OK, term=1, succeeded=true, lastLogIndex=1} from 3
21:52:14.818 [raft-server-raft-partition-2] TRACE i.a.p.raft.roles.LeaderAppender - RaftServer{raft-partition-2} - Sending AppendRequest{term=1, leader=1, prevLogIndex=1, prevLogTerm=1, entries=0, commitIndex=1} to 2
21:52:14.818 [raft-server-raft-partition-2] TRACE i.a.p.raft.roles.LeaderAppender - RaftServer{raft-partition-2} - Sending AppendRequest{term=1, leader=1, prevLogIndex=1, prevLogTerm=1, entries=0, commitIndex=1} to 3
21:52:14.818 [raft-server-raft-partition-2] TRACE i.a.p.raft.roles.FollowerRole - RaftServer{raft-partition-2}{role=FOLLOWER} - Received AppendRequest{term=1, leader=1, prevLogIndex=1, prevLogTerm=1, entries=0, commitIndex=1}
21:52:14.818 [raft-server-raft-partition-2] TRACE i.a.p.raft.roles.FollowerRole - RaftServer{raft-partition-2}{role=FOLLOWER} - Received AppendRequest{term=1, leader=1, prevLogIndex=1, prevLogTerm=1, entries=0, commitIndex=1}
21:52:14.818 [raft-server-raft-partition-2] TRACE i.a.p.raft.roles.FollowerRole - RaftServer{raft-partition-2}{role=FOLLOWER} - Sending AppendResponse{status=OK, term=1, succeeded=true, lastLogIndex=1}
21:52:14.818 [raft-server-raft-partition-2] TRACE i.a.p.raft.roles.FollowerRole - RaftServer{raft-partition-2}{role=FOLLOWER} - Sending AppendResponse{status=OK, term=1, succeeded=true, lastLogIndex=1}
21:52:14.818 [raft-server-raft-partition-2] TRACE i.a.p.raft.roles.LeaderAppender - RaftServer{raft-partition-2} - Received AppendResponse{status=OK, term=1, succeeded=true, lastLogIndex=1} from 3
21:52:14.818 [raft-server-raft-partition-2] TRACE i.a.p.raft.roles.LeaderAppender - RaftServer{raft-partition-2} - Received AppendResponse{status=OK, term=1, succeeded=true, lastLogIndex=1} from 2
21:52:14.826 [raft-server-raft-partition-6] TRACE i.a.p.raft.roles.LeaderAppender - RaftServer{raft-partition-6} - Sending AppendRequest{term=1, leader=1, prevLogIndex=1, prevLogTerm=1, entries=0, commitIndex=1} to 2
21:52:14.826 [raft-server-raft-partition-6] TRACE i.a.p.raft.roles.LeaderAppender - RaftServer{raft-partition-6} - Sending AppendRequest{term=1, leader=1, prevLogIndex=1, prevLogTerm=1, entries=0, commitIndex=1} to 3
21:52:14.826 [raft-server-raft-partition-6] TRACE i.a.p.raft.roles.FollowerRole - RaftServer{raft-partition-6}{role=FOLLOWER} - Received AppendRequest{term=1, leader=1, prevLogIndex=1, prevLogTerm=1, entries=0, commitIndex=1}
21:52:14.826 [raft-server-raft-partition-6] TRACE i.a.p.raft.roles.FollowerRole - RaftServer{raft-partition-6}{role=FOLLOWER} - Sending AppendResponse{status=OK, term=1, succeeded=true, lastLogIndex=1}
21:52:14.826 [raft-server-raft-partition-6] TRACE i.a.p.raft.roles.FollowerRole - RaftServer{raft-partition-6}{role=FOLLOWER} - Received AppendRequest{term=1, leader=1, prevLogIndex=1, prevLogTerm=1, entries=0, commitIndex=1}
21:52:14.826 [raft-server-raft-partition-6] TRACE i.a.p.raft.roles.FollowerRole - RaftServer{raft-partition-6}{role=FOLLOWER} - Sending AppendResponse{status=OK, term=1, succeeded=true, lastLogIndex=1}
21:52:14.826 [raft-server-raft-partition-6] TRACE i.a.p.raft.roles.LeaderAppender - RaftServer{raft-partition-6} - Received AppendResponse{status=OK, term=1, succeeded=true, lastLogIndex=1} from 2
21:52:14.826 [raft-server-raft-partition-6] TRACE i.a.p.raft.roles.LeaderAppender - RaftServer{raft-partition-6} - Sending AppendRequest{term=1, leader=1, prevLogIndex=1, prevLogTerm=1, entries=0, commitIndex=1} to 2
21:52:14.826 [raft-server-raft-partition-6] TRACE i.a.p.raft.roles.LeaderAppender - RaftServer{raft-partition-6} - Received AppendResponse{status=OK, term=1, succeeded=true, lastLogIndex=1} from 3
21:52:14.826 [raft-server-raft-partition-6] TRACE i.a.p.raft.roles.LeaderAppender - RaftServer{raft-partition-6} - Sending AppendRequest{term=1, leader=1, prevLogIndex=1, prevLogTerm=1, entries=0, commitIndex=1} to 3
21:52:14.827 [raft-server-raft-partition-6] TRACE i.a.p.raft.roles.FollowerRole - RaftServer{raft-partition-6}{role=FOLLOWER} - Received AppendRequest{term=1, leader=1, prevLogIndex=1, prevLogTerm=1, entries=0, commitIndex=1}
21:52:14.827 [raft-server-raft-partition-6] TRACE i.a.p.raft.roles.FollowerRole - RaftServer{raft-partition-6}{role=FOLLOWER} - Sending AppendResponse{status=OK, term=1, succeeded=true, lastLogIndex=1}
21:52:14.827 [raft-server-raft-partition-6] TRACE i.a.p.raft.roles.FollowerRole - RaftServer{raft-partition-6}{role=FOLLOWER} - Received AppendRequest{term=1, leader=1, prevLogIndex=1, prevLogTerm=1, entries=0, commitIndex=1}
21:52:14.827 [raft-server-raft-partition-6] TRACE i.a.p.raft.roles.FollowerRole - RaftServer{raft-partition-6}{role=FOLLOWER} - Sending AppendResponse{status=OK, term=1, succeeded=true, lastLogIndex=1}
21:52:14.827 [raft-server-raft-partition-6] TRACE i.a.p.raft.roles.LeaderAppender - RaftServer{raft-partition-6} - Received AppendResponse{status=OK, term=1, succeeded=true, lastLogIndex=1} from 2
21:52:14.827 [raft-server-raft-partition-6] TRACE i.a.p.raft.roles.LeaderAppender - RaftServer{raft-partition-6} - Sending AppendRequest{term=1, leader=1, prevLogIndex=1, prevLogTerm=1, entries=0, commitIndex=1} to 2
21:52:14.827 [raft-server-raft-partition-6] TRACE i.a.p.raft.roles.LeaderAppender - RaftServer{raft-partition-6} - Received AppendResponse{status=OK, term=1, succeeded=true, lastLogIndex=1} from 3
21:52:14.827 [raft-server-raft-partition-6] TRACE i.a.p.raft.roles.LeaderAppender - RaftServer{raft-partition-6} - Sending AppendRequest{term=1, leader=1, prevLogIndex=1, prevLogTerm=1, entries=0, commitIndex=1} to 3
21:52:14.827 [raft-server-raft-partition-6] TRACE i.a.p.raft.roles.FollowerRole - RaftServer{raft-partition-6}{role=FOLLOWER} - Received AppendRequest{term=1, leader=1, prevLogIndex=1, prevLogTerm=1, entries=0, commitIndex=1}
21:52:14.827 [raft-server-raft-partition-6] TRACE i.a.p.raft.roles.FollowerRole - RaftServer{raft-partition-6}{role=FOLLOWER} - Sending AppendResponse{status=OK, term=1, succeeded=true, lastLogIndex=1}
21:52:14.827 [raft-server-raft-partition-6] TRACE i.a.p.raft.roles.FollowerRole - RaftServer{raft-partition-6}{role=FOLLOWER} - Received AppendRequest{term=1, leader=1, prevLogIndex=1, prevLogTerm=1, entries=0, commitIndex=1}
21:52:14.827 [raft-server-raft-partition-6] TRACE i.a.p.raft.roles.FollowerRole - RaftServer{raft-partition-6}{role=FOLLOWER} - Sending AppendResponse{status=OK, term=1, succeeded=true, lastLogIndex=1}
21:52:14.827 [raft-server-raft-partition-6] TRACE i.a.p.raft.roles.LeaderAppender - RaftServer{raft-partition-6} - Received AppendResponse{status=OK, term=1, succeeded=true, lastLogIndex=1} from 2
21:52:14.827 [raft-server-raft-partition-6] TRACE i.a.p.raft.roles.LeaderAppender - RaftServer{raft-partition-6} - Received AppendResponse{status=OK, term=1, succeeded=true, lastLogIndex=1} from 3
21:52:14.875 [raft-server-raft-partition-3] TRACE i.a.p.raft.roles.LeaderAppender - RaftServer{raft-partition-3} - Sending AppendRequest{term=3, leader=1, prevLogIndex=1, prevLogTerm=2, entries=0, commitIndex=1} to 2
21:52:14.875 [raft-server-raft-partition-3] TRACE i.a.p.raft.roles.LeaderAppender - RaftServer{raft-partition-3} - Sending AppendRequest{term=3, leader=1, prevLogIndex=1, prevLogTerm=2, entries=0, commitIndex=1} to 3
21:52:14.875 [raft-server-raft-partition-3] TRACE i.a.p.raft.roles.FollowerRole - RaftServer{raft-partition-3}{role=FOLLOWER} - Received AppendRequest{term=3, leader=1, prevLogIndex=1, prevLogTerm=2, entries=0, commitIndex=1}
21:52:14.875 [raft-server-raft-partition-3] TRACE i.a.p.raft.roles.FollowerRole - RaftServer{raft-partition-3}{role=FOLLOWER} - Received AppendRequest{term=3, leader=1, prevLogIndex=1, prevLogTerm=2, entries=0, commitIndex=1}
21:52:14.875 [raft-server-raft-partition-3] TRACE i.a.p.raft.roles.FollowerRole - RaftServer{raft-partition-3}{role=FOLLOWER} - Sending AppendResponse{status=OK, term=3, succeeded=true, lastLogIndex=1}
21:52:14.875 [raft-server-raft-partition-3] TRACE i.a.p.raft.roles.FollowerRole - RaftServer{raft-partition-3}{role=FOLLOWER} - Sending AppendResponse{status=OK, term=3, succeeded=true, lastLogIndex=1}
21:52:14.875 [raft-server-raft-partition-3] TRACE i.a.p.raft.roles.LeaderAppender - RaftServer{raft-partition-3} - Received AppendResponse{status=OK, term=3, succeeded=true, lastLogIndex=1} from 2
21:52:14.875 [raft-server-raft-partition-3] TRACE i.a.p.raft.roles.LeaderAppender - RaftServer{raft-partition-3} - Sending AppendRequest{term=3, leader=1, prevLogIndex=1, prevLogTerm=2, entries=0, commitIndex=1} to 2
21:52:14.875 [raft-server-raft-partition-3] TRACE i.a.p.raft.roles.LeaderAppender - RaftServer{raft-partition-3} - Received AppendResponse{status=OK, term=3, succeeded=true, lastLogIndex=1} from 3
21:52:14.876 [raft-server-raft-partition-3] TRACE i.a.p.raft.roles.LeaderAppender - RaftServer{raft-partition-3} - Sending AppendRequest{term=3, leader=1, prevLogIndex=1, prevLogTerm=2, entries=0, commitIndex=1} to 3
21:52:14.876 [raft-server-raft-partition-3] TRACE i.a.p.raft.roles.FollowerRole - RaftServer{raft-partition-3}{role=FOLLOWER} - Received AppendRequest{term=3, leader=1, prevLogIndex=1, prevLogTerm=2, entries=0, commitIndex=1}
21:52:14.876 [raft-server-raft-partition-3] TRACE i.a.p.raft.roles.FollowerRole - RaftServer{raft-partition-3}{role=FOLLOWER} - Sending AppendResponse{status=OK, term=3, succeeded=true, lastLogIndex=1}
21:52:14.876 [raft-server-raft-partition-3] TRACE i.a.p.raft.roles.FollowerRole - RaftServer{raft-partition-3}{role=FOLLOWER} - Received AppendRequest{term=3, leader=1, prevLogIndex=1, prevLogTerm=2, entries=0, commitIndex=1}
21:52:14.876 [raft-server-raft-partition-3] TRACE i.a.p.raft.roles.FollowerRole - RaftServer{raft-partition-3}{role=FOLLOWER} - Sending AppendResponse{status=OK, term=3, succeeded=true, lastLogIndex=1}
21:52:14.876 [raft-server-raft-partition-3] TRACE i.a.p.raft.roles.LeaderAppender - RaftServer{raft-partition-3} - Received AppendResponse{status=OK, term=3, succeeded=true, lastLogIndex=1} from 2
21:52:14.876 [raft-server-raft-partition-3] TRACE i.a.p.raft.roles.LeaderAppender - RaftServer{raft-partition-3} - Sending AppendRequest{term=3, leader=1, prevLogIndex=1, prevLogTerm=2, entries=0, commitIndex=1} to 2
21:52:14.876 [raft-server-raft-partition-3] TRACE i.a.p.raft.roles.LeaderAppender - RaftServer{raft-partition-3} - Received AppendResponse{status=OK, term=3, succeeded=true, lastLogIndex=1} from 3
21:52:14.876 [raft-server-raft-partition-3] TRACE i.a.p.raft.roles.FollowerRole - RaftServer{raft-partition-3}{role=FOLLOWER} - Received AppendRequest{term=3, leader=1, prevLogIndex=1, prevLogTerm=2, entries=0, commitIndex=1}
21:52:14.876 [raft-server-raft-partition-3] TRACE i.a.p.raft.roles.FollowerRole - RaftServer{raft-partition-3}{role=FOLLOWER} - Sending AppendResponse{status=OK, term=3, succeeded=true, lastLogIndex=1}
21:52:14.876 [raft-server-raft-partition-3] TRACE i.a.p.raft.roles.LeaderAppender - RaftServer{raft-partition-3} - Received AppendResponse{status=OK, term=3, succeeded=true, lastLogIndex=1} from 2
21:52:14.884 [raft-server-raft-partition-1] TRACE i.a.p.raft.roles.LeaderAppender - RaftServer{raft-partition-1} - Sending AppendRequest{term=1, leader=2, prevLogIndex=1, prevLogTerm=1, entries=0, commitIndex=1} to 1
21:52:14.885 [raft-server-raft-partition-1] TRACE i.a.p.raft.roles.LeaderAppender - RaftServer{raft-partition-1} - Sending AppendRequest{term=1, leader=2, prevLogIndex=1, prevLogTerm=1, entries=0, commitIndex=1} to 3
21:52:14.885 [raft-server-raft-partition-1] TRACE i.a.p.raft.roles.FollowerRole - RaftServer{raft-partition-1}{role=FOLLOWER} - Received AppendRequest{term=1, leader=2, prevLogIndex=1, prevLogTerm=1, entries=0, commitIndex=1}
21:52:14.885 [raft-server-raft-partition-1] TRACE i.a.p.raft.roles.FollowerRole - RaftServer{raft-partition-1}{role=FOLLOWER} - Received AppendRequest{term=1, leader=2, prevLogIndex=1, prevLogTerm=1, entries=0, commitIndex=1}
21:52:14.885 [raft-server-raft-partition-1] TRACE i.a.p.raft.roles.FollowerRole - RaftServer{raft-partition-1}{role=FOLLOWER} - Sending AppendResponse{status=OK, term=1, succeeded=true, lastLogIndex=1}
21:52:14.885 [raft-server-raft-partition-1] INFO  i.a.protocols.raft.impl.RaftContext - RaftServer{raft-partition-1} - Found leader 2
21:52:14.885 [raft-server-raft-partition-1] TRACE i.a.p.raft.storage.system.MetaStore - Store vote null
21:52:14.885 [raft-server-raft-partition-1] TRACE i.a.p.raft.roles.LeaderAppender - RaftServer{raft-partition-1} - Received AppendResponse{status=OK, term=1, succeeded=true, lastLogIndex=1} from 3
21:52:14.914 [raft-server-raft-partition-1] DEBUG i.a.p.raft.roles.FollowerRole - RaftServer{raft-partition-1}{role=FOLLOWER} - Rejected AppendRequest{term=1, leader=2, prevLogIndex=1, prevLogTerm=1, entries=0, commitIndex=1}: Previous index (1) is greater than the local log's last index (0)
21:52:14.914 [raft-server-raft-partition-1] TRACE i.a.p.raft.roles.FollowerRole - RaftServer{raft-partition-1}{role=FOLLOWER} - Sending AppendResponse{status=OK, term=1, succeeded=false, lastLogIndex=0}
21:52:14.915 [raft-server-raft-partition-1] TRACE i.a.p.raft.roles.LeaderAppender - RaftServer{raft-partition-1} - Received AppendResponse{status=OK, term=1, succeeded=false, lastLogIndex=0} from 1
21:52:14.915 [raft-server-raft-partition-1] TRACE i.a.p.raft.roles.LeaderAppender - RaftServer{raft-partition-1} - Reset next index for RaftMemberContext{member=1, term=1, configIndex=0, snapshotIndex=0, nextSnapshotIndex=0, nextSnapshotOffset=0, matchIndex=0, nextIndex=1, heartbeatTime=1528660329634, appending=0, appendSucceeded=false, appendTime=1528660334884, configuring=false, installing=false, failures=0} to 1
21:52:14.915 [raft-server-raft-partition-1] TRACE i.a.p.raft.roles.LeaderAppender - RaftServer{raft-partition-1} - Sending AppendRequest{term=1, leader=2, prevLogIndex=0, prevLogTerm=0, entries=1, commitIndex=1} to 1
21:52:14.915 [raft-server-raft-partition-1] TRACE i.a.p.raft.roles.FollowerRole - RaftServer{raft-partition-1}{role=FOLLOWER} - Received AppendRequest{term=1, leader=2, prevLogIndex=0, prevLogTerm=0, entries=1, commitIndex=1}
21:52:14.915 [raft-server-raft-partition-1] DEBUG i.a.p.raft.roles.FollowerRole - RaftServer{raft-partition-1}{role=FOLLOWER} - Reset first index to 1
21:52:14.917 [raft-server-system-partition-1] TRACE i.a.p.raft.roles.LeaderAppender - RaftServer{system-partition-1} - Sending AppendRequest{term=1, leader=1, prevLogIndex=13, prevLogTerm=1, entries=0, commitIndex=13} to 2
21:52:14.917 [raft-server-system-partition-1] TRACE i.a.p.raft.roles.LeaderAppender - RaftServer{system-partition-1} - Sending AppendRequest{term=1, leader=1, prevLogIndex=13, prevLogTerm=1, entries=0, commitIndex=13} to 3
21:52:14.917 [raft-server-system-partition-1] TRACE i.a.p.raft.roles.FollowerRole - RaftServer{system-partition-1}{role=FOLLOWER} - Received AppendRequest{term=1, leader=1, prevLogIndex=13, prevLogTerm=1, entries=0, commitIndex=13}
21:52:14.917 [raft-server-system-partition-1] TRACE i.a.p.raft.roles.FollowerRole - RaftServer{system-partition-1}{role=FOLLOWER} - Sending AppendResponse{status=OK, term=1, succeeded=true, lastLogIndex=13}
21:52:14.918 [raft-server-system-partition-1] TRACE i.a.p.raft.roles.FollowerRole - RaftServer{system-partition-1}{role=FOLLOWER} - Received AppendRequest{term=1, leader=1, prevLogIndex=13, prevLogTerm=1, entries=0, commitIndex=13}
21:52:14.918 [raft-server-system-partition-1] TRACE i.a.p.raft.roles.FollowerRole - RaftServer{system-partition-1}{role=FOLLOWER} - Sending AppendResponse{status=OK, term=1, succeeded=true, lastLogIndex=13}
21:52:14.918 [raft-server-system-partition-1] TRACE i.a.p.raft.roles.LeaderAppender - RaftServer{system-partition-1} - Received AppendResponse{status=OK, term=1, succeeded=true, lastLogIndex=13} from 2
21:52:14.918 [raft-server-system-partition-1] TRACE i.a.p.raft.roles.LeaderAppender - RaftServer{system-partition-1} - Sending AppendRequest{term=1, leader=1, prevLogIndex=13, prevLogTerm=1, entries=0, commitIndex=13} to 2
21:52:14.918 [raft-server-system-partition-1] TRACE i.a.p.raft.roles.LeaderAppender - RaftServer{system-partition-1} - Received AppendResponse{status=OK, term=1, succeeded=true, lastLogIndex=13} from 3
21:52:14.918 [raft-server-system-partition-1] TRACE i.a.p.raft.roles.LeaderAppender - RaftServer{system-partition-1} - Sending AppendRequest{term=1, leader=1, prevLogIndex=13, prevLogTerm=1, entries=0, commitIndex=13} to 3
21:52:14.918 [raft-server-system-partition-1] TRACE i.a.p.raft.roles.FollowerRole - RaftServer{system-partition-1}{role=FOLLOWER} - Received AppendRequest{term=1, leader=1, prevLogIndex=13, prevLogTerm=1, entries=0, commitIndex=13}
21:52:14.918 [raft-server-system-partition-1] TRACE i.a.p.raft.roles.FollowerRole - RaftServer{system-partition-1}{role=FOLLOWER} - Sending AppendResponse{status=OK, term=1, succeeded=true, lastLogIndex=13}
21:52:14.918 [raft-server-system-partition-1] TRACE i.a.p.raft.roles.FollowerRole - RaftServer{system-partition-1}{role=FOLLOWER} - Received AppendRequest{term=1, leader=1, prevLogIndex=13, prevLogTerm=1, entries=0, commitIndex=13}
21:52:14.918 [raft-server-system-partition-1] TRACE i.a.p.raft.roles.FollowerRole - RaftServer{system-partition-1}{role=FOLLOWER} - Sending AppendResponse{status=OK, term=1, succeeded=true, lastLogIndex=13}
21:52:14.918 [raft-server-system-partition-1] TRACE i.a.p.raft.roles.LeaderAppender - RaftServer{system-partition-1} - Received AppendResponse{status=OK, term=1, succeeded=true, lastLogIndex=13} from 2
21:52:14.918 [raft-server-system-partition-1] TRACE i.a.p.raft.roles.LeaderAppender - RaftServer{system-partition-1} - Received AppendResponse{status=OK, term=1, succeeded=true, lastLogIndex=13} from 3
21:52:14.959 [raft-server-raft-partition-5] TRACE i.a.p.raft.roles.LeaderAppender - RaftServer{raft-partition-5} - Sending AppendRequest{term=1, leader=3, prevLogIndex=1, prevLogTerm=1, entries=0, commitIndex=1} to 1
21:52:14.959 [raft-server-raft-partition-5] TRACE i.a.p.raft.roles.LeaderAppender - RaftServer{raft-partition-5} - Sending AppendRequest{term=1, leader=3, prevLogIndex=1, prevLogTerm=1, entries=0, commitIndex=1} to 2
21:52:14.959 [raft-server-raft-partition-7] TRACE i.a.p.raft.roles.LeaderAppender - RaftServer{raft-partition-7} - Sending AppendRequest{term=1, leader=2, prevLogIndex=1, prevLogTerm=1, entries=0, commitIndex=1} to 1
21:52:14.959 [raft-server-raft-partition-5] TRACE i.a.p.raft.roles.FollowerRole - RaftServer{raft-partition-5}{role=FOLLOWER} - Received AppendRequest{term=1, leader=3, prevLogIndex=1, prevLogTerm=1, entries=0, commitIndex=1}
21:52:14.959 [raft-server-raft-partition-7] TRACE i.a.p.raft.roles.LeaderAppender - RaftServer{raft-partition-7} - Sending AppendRequest{term=1, leader=2, prevLogIndex=1, prevLogTerm=1, entries=0, commitIndex=1} to 3
21:52:14.959 [raft-server-raft-partition-5] TRACE i.a.p.raft.roles.FollowerRole - RaftServer{raft-partition-5}{role=FOLLOWER} - Received AppendRequest{term=1, leader=3, prevLogIndex=1, prevLogTerm=1, entries=0, commitIndex=1}
21:52:14.959 [raft-server-raft-partition-5] TRACE i.a.p.raft.roles.FollowerRole - RaftServer{raft-partition-5}{role=FOLLOWER} - Sending AppendResponse{status=OK, term=1, succeeded=true, lastLogIndex=1}
21:52:14.959 [raft-server-raft-partition-7] TRACE i.a.p.raft.roles.FollowerRole - RaftServer{raft-partition-7}{role=FOLLOWER} - Received AppendRequest{term=1, leader=2, prevLogIndex=1, prevLogTerm=1, entries=0, commitIndex=1}
21:52:14.959 [raft-server-raft-partition-5] TRACE i.a.p.raft.roles.FollowerRole - RaftServer{raft-partition-5}{role=FOLLOWER} - Sending AppendResponse{status=OK, term=1, succeeded=true, lastLogIndex=1}
21:52:14.959 [raft-server-raft-partition-7] TRACE i.a.p.raft.roles.FollowerRole - RaftServer{raft-partition-7}{role=FOLLOWER} - Received AppendRequest{term=1, leader=2, prevLogIndex=1, prevLogTerm=1, entries=0, commitIndex=1}
21:52:14.959 [raft-server-raft-partition-7] TRACE i.a.p.raft.roles.FollowerRole - RaftServer{raft-partition-7}{role=FOLLOWER} - Sending AppendResponse{status=OK, term=1, succeeded=true, lastLogIndex=1}
21:52:14.959 [raft-server-raft-partition-5] TRACE i.a.p.raft.roles.LeaderAppender - RaftServer{raft-partition-5} - Received AppendResponse{status=OK, term=1, succeeded=true, lastLogIndex=1} from 1
21:52:14.960 [raft-server-raft-partition-7] TRACE i.a.p.raft.roles.FollowerRole - RaftServer{raft-partition-7}{role=FOLLOWER} - Sending AppendResponse{status=OK, term=1, succeeded=true, lastLogIndex=1}
21:52:14.960 [raft-server-raft-partition-5] TRACE i.a.p.raft.roles.LeaderAppender - RaftServer{raft-partition-5} - Sending AppendRequest{term=1, leader=3, prevLogIndex=1, prevLogTerm=1, entries=0, commitIndex=1} to 1
21:52:14.960 [raft-server-raft-partition-7] TRACE i.a.p.raft.roles.LeaderAppender - RaftServer{raft-partition-7} - Received AppendResponse{status=OK, term=1, succeeded=true, lastLogIndex=1} from 1
21:52:14.960 [raft-server-raft-partition-5] TRACE i.a.p.raft.roles.LeaderAppender - RaftServer{raft-partition-5} - Received AppendResponse{status=OK, term=1, succeeded=true, lastLogIndex=1} from 2
21:52:14.960 [raft-server-raft-partition-7] TRACE i.a.p.raft.roles.LeaderAppender - RaftServer{raft-partition-7} - Sending AppendRequest{term=1, leader=2, prevLogIndex=1, prevLogTerm=1, entries=0, commitIndex=1} to 1
21:52:14.960 [raft-server-raft-partition-5] TRACE i.a.p.raft.roles.LeaderAppender - RaftServer{raft-partition-5} - Sending AppendRequest{term=1, leader=3, prevLogIndex=1, prevLogTerm=1, entries=0, commitIndex=1} to 2
21:52:14.960 [raft-server-raft-partition-5] TRACE i.a.p.raft.roles.FollowerRole - RaftServer{raft-partition-5}{role=FOLLOWER} - Received AppendRequest{term=1, leader=3, prevLogIndex=1, prevLogTerm=1, entries=0, commitIndex=1}
21:52:14.960 [raft-server-raft-partition-7] TRACE i.a.p.raft.roles.LeaderAppender - RaftServer{raft-partition-7} - Received AppendResponse{status=OK, term=1, succeeded=true, lastLogIndex=1} from 3
21:52:14.960 [raft-server-raft-partition-5] TRACE i.a.p.raft.roles.FollowerRole - RaftServer{raft-partition-5}{role=FOLLOWER} - Sending AppendResponse{status=OK, term=1, succeeded=true, lastLogIndex=1}
21:52:14.960 [raft-server-raft-partition-7] TRACE i.a.p.raft.roles.LeaderAppender - RaftServer{raft-partition-7} - Sending AppendRequest{term=1, leader=2, prevLogIndex=1, prevLogTerm=1, entries=0, commitIndex=1} to 3
21:52:14.960 [raft-server-raft-partition-5] TRACE i.a.p.raft.roles.FollowerRole - RaftServer{raft-partition-5}{role=FOLLOWER} - Received AppendRequest{term=1, leader=3, prevLogIndex=1, prevLogTerm=1, entries=0, commitIndex=1}
21:52:14.960 [raft-server-raft-partition-7] TRACE i.a.p.raft.roles.FollowerRole - RaftServer{raft-partition-7}{role=FOLLOWER} - Received AppendRequest{term=1, leader=2, prevLogIndex=1, prevLogTerm=1, entries=0, commitIndex=1}
21:52:14.960 [raft-server-raft-partition-5] TRACE i.a.p.raft.roles.FollowerRole - RaftServer{raft-partition-5}{role=FOLLOWER} - Sending AppendResponse{status=OK, term=1, succeeded=true, lastLogIndex=1}
21:52:14.960 [raft-server-raft-partition-5] TRACE i.a.p.raft.roles.LeaderAppender - RaftServer{raft-partition-5} - Received AppendResponse{status=OK, term=1, succeeded=true, lastLogIndex=1} from 1
21:52:14.960 [raft-server-raft-partition-7] TRACE i.a.p.raft.roles.FollowerRole - RaftServer{raft-partition-7}{role=FOLLOWER} - Received AppendRequest{term=1, leader=2, prevLogIndex=1, prevLogTerm=1, entries=0, commitIndex=1}
21:52:14.960 [raft-server-raft-partition-7] TRACE i.a.p.raft.roles.FollowerRole - RaftServer{raft-partition-7}{role=FOLLOWER} - Sending AppendResponse{status=OK, term=1, succeeded=true, lastLogIndex=1}
21:52:14.961 [raft-server-raft-partition-7] TRACE i.a.p.raft.roles.FollowerRole - RaftServer{raft-partition-7}{role=FOLLOWER} - Sending AppendResponse{status=OK, term=1, succeeded=true, lastLogIndex=1}
21:52:14.961 [raft-server-raft-partition-5] TRACE i.a.p.raft.roles.LeaderAppender - RaftServer{raft-partition-5} - Received AppendResponse{status=OK, term=1, succeeded=true, lastLogIndex=1} from 2
21:52:14.961 [raft-server-raft-partition-7] TRACE i.a.p.raft.roles.LeaderAppender - RaftServer{raft-partition-7} - Received AppendResponse{status=OK, term=1, succeeded=true, lastLogIndex=1} from 1
21:52:14.961 [raft-server-raft-partition-7] TRACE i.a.p.raft.roles.LeaderAppender - RaftServer{raft-partition-7} - Received AppendResponse{status=OK, term=1, succeeded=true, lastLogIndex=1} from 3
21:52:14.993 [raft-server-raft-partition-4] TRACE i.a.p.raft.roles.LeaderAppender - RaftServer{raft-partition-4} - Sending AppendRequest{term=1, leader=1, prevLogIndex=1, prevLogTerm=1, entries=0, commitIndex=1} to 2
21:52:14.993 [raft-server-raft-partition-4] TRACE i.a.p.raft.roles.LeaderAppender - RaftServer{raft-partition-4} - Sending AppendRequest{term=1, leader=1, prevLogIndex=1, prevLogTerm=1, entries=0, commitIndex=1} to 3
21:52:14.993 [raft-server-raft-partition-4] TRACE i.a.p.raft.roles.FollowerRole - RaftServer{raft-partition-4}{role=FOLLOWER} - Received AppendRequest{term=1, leader=1, prevLogIndex=1, prevLogTerm=1, entries=0, commitIndex=1}
21:52:14.993 [raft-server-raft-partition-4] TRACE i.a.p.raft.roles.FollowerRole - RaftServer{raft-partition-4}{role=FOLLOWER} - Sending AppendResponse{status=OK, term=1, succeeded=true, lastLogIndex=1}
21:52:14.993 [raft-server-raft-partition-4] TRACE i.a.p.raft.roles.FollowerRole - RaftServer{raft-partition-4}{role=FOLLOWER} - Received AppendRequest{term=1, leader=1, prevLogIndex=1, prevLogTerm=1, entries=0, commitIndex=1}
21:52:14.993 [raft-server-raft-partition-4] TRACE i.a.p.raft.roles.FollowerRole - RaftServer{raft-partition-4}{role=FOLLOWER} - Sending AppendResponse{status=OK, term=1, succeeded=true, lastLogIndex=1}
21:52:14.994 [raft-server-raft-partition-4] TRACE i.a.p.raft.roles.LeaderAppender - RaftServer{raft-partition-4} - Received AppendResponse{status=OK, term=1, succeeded=true, lastLogIndex=1} from 2
21:52:14.994 [raft-server-raft-partition-4] TRACE i.a.p.raft.roles.LeaderAppender - RaftServer{raft-partition-4} - Sending AppendRequest{term=1, leader=1, prevLogIndex=1, prevLogTerm=1, entries=0, commitIndex=1} to 2
21:52:14.994 [raft-server-raft-partition-4] TRACE i.a.p.raft.roles.LeaderAppender - RaftServer{raft-partition-4} - Received AppendResponse{status=OK, term=1, succeeded=true, lastLogIndex=1} from 3
21:52:14.994 [raft-server-raft-partition-4] TRACE i.a.p.raft.roles.LeaderAppender - RaftServer{raft-partition-4} - Sending AppendRequest{term=1, leader=1, prevLogIndex=1, prevLogTerm=1, entries=0, commitIndex=1} to 3
21:52:14.994 [raft-server-raft-partition-4] TRACE i.a.p.raft.roles.FollowerRole - RaftServer{raft-partition-4}{role=FOLLOWER} - Received AppendRequest{term=1, leader=1, prevLogIndex=1, prevLogTerm=1, entries=0, commitIndex=1}
21:52:14.994 [raft-server-raft-partition-4] TRACE i.a.p.raft.roles.FollowerRole - RaftServer{raft-partition-4}{role=FOLLOWER} - Sending AppendResponse{status=OK, term=1, succeeded=true, lastLogIndex=1}
21:52:14.994 [raft-server-raft-partition-4] TRACE i.a.p.raft.roles.FollowerRole - RaftServer{raft-partition-4}{role=FOLLOWER} - Received AppendRequest{term=1, leader=1, prevLogIndex=1, prevLogTerm=1, entries=0, commitIndex=1}
21:52:14.994 [raft-server-raft-partition-4] TRACE i.a.p.raft.roles.LeaderAppender - RaftServer{raft-partition-4} - Received AppendResponse{status=OK, term=1, succeeded=true, lastLogIndex=1} from 2
21:52:14.994 [raft-server-raft-partition-4] TRACE i.a.p.raft.roles.FollowerRole - RaftServer{raft-partition-4}{role=FOLLOWER} - Sending AppendResponse{status=OK, term=1, succeeded=true, lastLogIndex=1}
21:52:14.994 [raft-server-raft-partition-4] TRACE i.a.p.raft.roles.LeaderAppender - RaftServer{raft-partition-4} - Received AppendResponse{status=OK, term=1, succeeded=true, lastLogIndex=1} from 3
21:52:15.067 [raft-server-raft-partition-2] TRACE i.a.p.raft.roles.LeaderAppender - RaftServer{raft-partition-2} - Sending AppendRequest{term=1, leader=1, prevLogIndex=1, prevLogTerm=1, entries=0, commitIndex=1} to 2
21:52:15.067 [raft-server-raft-partition-2] TRACE i.a.p.raft.roles.LeaderAppender - RaftServer{raft-partition-2} - Sending AppendRequest{term=1, leader=1, prevLogIndex=1, prevLogTerm=1, entries=0, commitIndex=1} to 3
21:52:15.068 [raft-server-raft-partition-2] TRACE i.a.p.raft.roles.FollowerRole - RaftServer{raft-partition-2}{role=FOLLOWER} - Received AppendRequest{term=1, leader=1, prevLogIndex=1, prevLogTerm=1, entries=0, commitIndex=1}
21:52:15.068 [raft-server-raft-partition-2] TRACE i.a.p.raft.roles.FollowerRole - RaftServer{raft-partition-2}{role=FOLLOWER} - Sending AppendResponse{status=OK, term=1, succeeded=true, lastLogIndex=1}
21:52:15.068 [raft-server-raft-partition-2] TRACE i.a.p.raft.roles.FollowerRole - RaftServer{raft-partition-2}{role=FOLLOWER} - Received AppendRequest{term=1, leader=1, prevLogIndex=1, prevLogTerm=1, entries=0, commitIndex=1}
21:52:15.068 [raft-server-raft-partition-2] TRACE i.a.p.raft.roles.FollowerRole - RaftServer{raft-partition-2}{role=FOLLOWER} - Sending AppendResponse{status=OK, term=1, succeeded=true, lastLogIndex=1}
21:52:15.068 [raft-server-raft-partition-2] TRACE i.a.p.raft.roles.LeaderAppender - RaftServer{raft-partition-2} - Received AppendResponse{status=OK, term=1, succeeded=true, lastLogIndex=1} from 2
21:52:15.068 [raft-server-raft-partition-2] TRACE i.a.p.raft.roles.LeaderAppender - RaftServer{raft-partition-2} - Sending AppendRequest{term=1, leader=1, prevLogIndex=1, prevLogTerm=1, entries=0, commitIndex=1} to 2
21:52:15.068 [raft-server-raft-partition-2] TRACE i.a.p.raft.roles.LeaderAppender - RaftServer{raft-partition-2} - Received AppendResponse{status=OK, term=1, succeeded=true, lastLogIndex=1} from 3
21:52:15.068 [raft-server-raft-partition-2] TRACE i.a.p.raft.roles.LeaderAppender - RaftServer{raft-partition-2} - Sending AppendRequest{term=1, leader=1, prevLogIndex=1, prevLogTerm=1, entries=0, commitIndex=1} to 3
21:52:15.068 [raft-server-raft-partition-2] TRACE i.a.p.raft.roles.FollowerRole - RaftServer{raft-partition-2}{role=FOLLOWER} - Received AppendRequest{term=1, leader=1, prevLogIndex=1, prevLogTerm=1, entries=0, commitIndex=1}
21:52:15.068 [raft-server-raft-partition-2] TRACE i.a.p.raft.roles.FollowerRole - RaftServer{raft-partition-2}{role=FOLLOWER} - Sending AppendResponse{status=OK, term=1, succeeded=true, lastLogIndex=1}
21:52:15.068 [raft-server-raft-partition-2] TRACE i.a.p.raft.roles.FollowerRole - RaftServer{raft-partition-2}{role=FOLLOWER} - Received AppendRequest{term=1, leader=1, prevLogIndex=1, prevLogTerm=1, entries=0, commitIndex=1}
21:52:15.068 [raft-server-raft-partition-2] TRACE i.a.p.raft.roles.FollowerRole - RaftServer{raft-partition-2}{role=FOLLOWER} - Sending AppendResponse{status=OK, term=1, succeeded=true, lastLogIndex=1}
21:52:15.069 [raft-server-raft-partition-2] TRACE i.a.p.raft.roles.LeaderAppender - RaftServer{raft-partition-2} - Received AppendResponse{status=OK, term=1, succeeded=true, lastLogIndex=1} from 2
21:52:15.069 [raft-server-raft-partition-2] TRACE i.a.p.raft.roles.LeaderAppender - RaftServer{raft-partition-2} - Received AppendResponse{status=OK, term=1, succeeded=true, lastLogIndex=1} from 3
21:52:15.076 [raft-server-raft-partition-6] TRACE i.a.p.raft.roles.LeaderAppender - RaftServer{raft-partition-6} - Sending AppendRequest{term=1, leader=1, prevLogIndex=1, prevLogTerm=1, entries=0, commitIndex=1} to 2
21:52:15.076 [raft-server-raft-partition-6] TRACE i.a.p.raft.roles.LeaderAppender - RaftServer{raft-partition-6} - Sending AppendRequest{term=1, leader=1, prevLogIndex=1, prevLogTerm=1, entries=0, commitIndex=1} to 3
21:52:15.076 [raft-server-raft-partition-6] TRACE i.a.p.raft.roles.FollowerRole - RaftServer{raft-partition-6}{role=FOLLOWER} - Received AppendRequest{term=1, leader=1, prevLogIndex=1, prevLogTerm=1, entries=0, commitIndex=1}
21:52:15.076 [raft-server-raft-partition-6] TRACE i.a.p.raft.roles.FollowerRole - RaftServer{raft-partition-6}{role=FOLLOWER} - Sending AppendResponse{status=OK, term=1, succeeded=true, lastLogIndex=1}
21:52:15.076 [raft-server-raft-partition-6] TRACE i.a.p.raft.roles.FollowerRole - RaftServer{raft-partition-6}{role=FOLLOWER} - Received AppendRequest{term=1, leader=1, prevLogIndex=1, prevLogTerm=1, entries=0, commitIndex=1}
21:52:15.076 [raft-server-raft-partition-6] TRACE i.a.p.raft.roles.FollowerRole - RaftServer{raft-partition-6}{role=FOLLOWER} - Sending AppendResponse{status=OK, term=1, succeeded=true, lastLogIndex=1}
21:52:15.076 [raft-server-raft-partition-6] TRACE i.a.p.raft.roles.LeaderAppender - RaftServer{raft-partition-6} - Received AppendResponse{status=OK, term=1, succeeded=true, lastLogIndex=1} from 2
21:52:15.076 [raft-server-raft-partition-6] TRACE i.a.p.raft.roles.LeaderAppender - RaftServer{raft-partition-6} - Sending AppendRequest{term=1, leader=1, prevLogIndex=1, prevLogTerm=1, entries=0, commitIndex=1} to 2
21:52:15.076 [raft-server-raft-partition-6] TRACE i.a.p.raft.roles.LeaderAppender - RaftServer{raft-partition-6} - Received AppendResponse{status=OK, term=1, succeeded=true, lastLogIndex=1} from 3
21:52:15.076 [raft-server-raft-partition-6] TRACE i.a.p.raft.roles.LeaderAppender - RaftServer{raft-partition-6} - Sending AppendRequest{term=1, leader=1, prevLogIndex=1, prevLogTerm=1, entries=0, commitIndex=1} to 3
21:52:15.076 [raft-server-raft-partition-6] TRACE i.a.p.raft.roles.FollowerRole - RaftServer{raft-partition-6}{role=FOLLOWER} - Received AppendRequest{term=1, leader=1, prevLogIndex=1, prevLogTerm=1, entries=0, commitIndex=1}
21:52:15.076 [raft-server-raft-partition-6] TRACE i.a.p.raft.roles.FollowerRole - RaftServer{raft-partition-6}{role=FOLLOWER} - Received AppendRequest{term=1, leader=1, prevLogIndex=1, prevLogTerm=1, entries=0, commitIndex=1}
21:52:15.077 [raft-server-raft-partition-6] TRACE i.a.p.raft.roles.FollowerRole - RaftServer{raft-partition-6}{role=FOLLOWER} - Sending AppendResponse{status=OK, term=1, succeeded=true, lastLogIndex=1}
21:52:15.077 [raft-server-raft-partition-6] TRACE i.a.p.raft.roles.FollowerRole - RaftServer{raft-partition-6}{role=FOLLOWER} - Sending AppendResponse{status=OK, term=1, succeeded=true, lastLogIndex=1}
21:52:15.077 [raft-server-raft-partition-6] TRACE i.a.p.raft.roles.LeaderAppender - RaftServer{raft-partition-6} - Received AppendResponse{status=OK, term=1, succeeded=true, lastLogIndex=1} from 3
21:52:15.077 [raft-server-raft-partition-6] TRACE i.a.p.raft.roles.LeaderAppender - RaftServer{raft-partition-6} - Sending AppendRequest{term=1, leader=1, prevLogIndex=1, prevLogTerm=1, entries=0, commitIndex=1} to 3
21:52:15.077 [raft-server-raft-partition-6] TRACE i.a.p.raft.roles.LeaderAppender - RaftServer{raft-partition-6} - Received AppendResponse{status=OK, term=1, succeeded=true, lastLogIndex=1} from 2
21:52:15.077 [raft-server-raft-partition-6] TRACE i.a.p.raft.roles.LeaderAppender - RaftServer{raft-partition-6} - Sending AppendRequest{term=1, leader=1, prevLogIndex=1, prevLogTerm=1, entries=0, commitIndex=1} to 2
21:52:15.077 [raft-server-raft-partition-6] TRACE i.a.p.raft.roles.FollowerRole - RaftServer{raft-partition-6}{role=FOLLOWER} - Received AppendRequest{term=1, leader=1, prevLogIndex=1, prevLogTerm=1, entries=0, commitIndex=1}
21:52:15.077 [raft-server-raft-partition-6] TRACE i.a.p.raft.roles.FollowerRole - RaftServer{raft-partition-6}{role=FOLLOWER} - Sending AppendResponse{status=OK, term=1, succeeded=true, lastLogIndex=1}
21:52:15.077 [raft-server-raft-partition-6] TRACE i.a.p.raft.roles.FollowerRole - RaftServer{raft-partition-6}{role=FOLLOWER} - Received AppendRequest{term=1, leader=1, prevLogIndex=1, prevLogTerm=1, entries=0, commitIndex=1}
21:52:15.077 [raft-server-raft-partition-6] TRACE i.a.p.raft.roles.FollowerRole - RaftServer{raft-partition-6}{role=FOLLOWER} - Sending AppendResponse{status=OK, term=1, succeeded=true, lastLogIndex=1}
21:52:15.077 [raft-server-raft-partition-6] TRACE i.a.p.raft.roles.LeaderAppender - RaftServer{raft-partition-6} - Received AppendResponse{status=OK, term=1, succeeded=true, lastLogIndex=1} from 3
21:52:15.077 [raft-server-raft-partition-6] TRACE i.a.p.raft.roles.LeaderAppender - RaftServer{raft-partition-6} - Received AppendResponse{status=OK, term=1, succeeded=true, lastLogIndex=1} from 2
21:52:15.125 [raft-server-raft-partition-3] TRACE i.a.p.raft.roles.LeaderAppender - RaftServer{raft-partition-3} - Sending AppendRequest{term=3, leader=1, prevLogIndex=1, prevLogTerm=2, entries=0, commitIndex=1} to 2
21:52:15.125 [raft-server-raft-partition-3] TRACE i.a.p.raft.roles.LeaderAppender - RaftServer{raft-partition-3} - Sending AppendRequest{term=3, leader=1, prevLogIndex=1, prevLogTerm=2, entries=0, commitIndex=1} to 3
21:52:15.125 [raft-server-raft-partition-3] TRACE i.a.p.raft.roles.FollowerRole - RaftServer{raft-partition-3}{role=FOLLOWER} - Received AppendRequest{term=3, leader=1, prevLogIndex=1, prevLogTerm=2, entries=0, commitIndex=1}
21:52:15.125 [raft-server-raft-partition-3] TRACE i.a.p.raft.roles.FollowerRole - RaftServer{raft-partition-3}{role=FOLLOWER} - Sending AppendResponse{status=OK, term=3, succeeded=true, lastLogIndex=1}
21:52:15.125 [raft-server-raft-partition-3] TRACE i.a.p.raft.roles.FollowerRole - RaftServer{raft-partition-3}{role=FOLLOWER} - Received AppendRequest{term=3, leader=1, prevLogIndex=1, prevLogTerm=2, entries=0, commitIndex=1}
21:52:15.125 [raft-server-raft-partition-3] TRACE i.a.p.raft.roles.FollowerRole - RaftServer{raft-partition-3}{role=FOLLOWER} - Sending AppendResponse{status=OK, term=3, succeeded=true, lastLogIndex=1}
21:52:15.125 [raft-server-raft-partition-3] TRACE i.a.p.raft.roles.LeaderAppender - RaftServer{raft-partition-3} - Received AppendResponse{status=OK, term=3, succeeded=true, lastLogIndex=1} from 3
21:52:15.125 [raft-server-raft-partition-3] TRACE i.a.p.raft.roles.LeaderAppender - RaftServer{raft-partition-3} - Sending AppendRequest{term=3, leader=1, prevLogIndex=1, prevLogTerm=2, entries=0, commitIndex=1} to 3
21:52:15.125 [raft-server-raft-partition-3] TRACE i.a.p.raft.roles.LeaderAppender - RaftServer{raft-partition-3} - Received AppendResponse{status=OK, term=3, succeeded=true, lastLogIndex=1} from 2
21:52:15.125 [raft-server-raft-partition-3] TRACE i.a.p.raft.roles.LeaderAppender - RaftServer{raft-partition-3} - Sending AppendRequest{term=3, leader=1, prevLogIndex=1, prevLogTerm=2, entries=0, commitIndex=1} to 2
21:52:15.125 [raft-server-raft-partition-3] TRACE i.a.p.raft.roles.FollowerRole - RaftServer{raft-partition-3}{role=FOLLOWER} - Received AppendRequest{term=3, leader=1, prevLogIndex=1, prevLogTerm=2, entries=0, commitIndex=1}
21:52:15.125 [raft-server-raft-partition-3] TRACE i.a.p.raft.roles.FollowerRole - RaftServer{raft-partition-3}{role=FOLLOWER} - Received AppendRequest{term=3, leader=1, prevLogIndex=1, prevLogTerm=2, entries=0, commitIndex=1}
21:52:15.125 [raft-server-raft-partition-3] TRACE i.a.p.raft.roles.FollowerRole - RaftServer{raft-partition-3}{role=FOLLOWER} - Sending AppendResponse{status=OK, term=3, succeeded=true, lastLogIndex=1}
21:52:15.126 [raft-server-raft-partition-3] TRACE i.a.p.raft.roles.FollowerRole - RaftServer{raft-partition-3}{role=FOLLOWER} - Sending AppendResponse{status=OK, term=3, succeeded=true, lastLogIndex=1}
21:52:15.126 [raft-server-raft-partition-3] TRACE i.a.p.raft.roles.LeaderAppender - RaftServer{raft-partition-3} - Received AppendResponse{status=OK, term=3, succeeded=true, lastLogIndex=1} from 3
21:52:15.126 [raft-server-raft-partition-3] TRACE i.a.p.raft.roles.LeaderAppender - RaftServer{raft-partition-3} - Sending AppendRequest{term=3, leader=1, prevLogIndex=1, prevLogTerm=2, entries=0, commitIndex=1} to 3
21:52:15.126 [raft-server-raft-partition-3] TRACE i.a.p.raft.roles.LeaderAppender - RaftServer{raft-partition-3} - Received AppendResponse{status=OK, term=3, succeeded=true, lastLogIndex=1} from 2
21:52:15.126 [raft-server-raft-partition-3] TRACE i.a.p.raft.roles.LeaderAppender - RaftServer{raft-partition-3} - Sending AppendRequest{term=3, leader=1, prevLogIndex=1, prevLogTerm=2, entries=0, commitIndex=1} to 2
21:52:15.126 [raft-server-raft-partition-3] TRACE i.a.p.raft.roles.FollowerRole - RaftServer{raft-partition-3}{role=FOLLOWER} - Received AppendRequest{term=3, leader=1, prevLogIndex=1, prevLogTerm=2, entries=0, commitIndex=1}
21:52:15.126 [raft-server-raft-partition-3] TRACE i.a.p.raft.roles.FollowerRole - RaftServer{raft-partition-3}{role=FOLLOWER} - Sending AppendResponse{status=OK, term=3, succeeded=true, lastLogIndex=1}
21:52:15.126 [raft-server-raft-partition-3] TRACE i.a.p.raft.roles.FollowerRole - RaftServer{raft-partition-3}{role=FOLLOWER} - Received AppendRequest{term=3, leader=1, prevLogIndex=1, prevLogTerm=2, entries=0, commitIndex=1}
21:52:15.126 [raft-server-raft-partition-3] TRACE i.a.p.raft.roles.FollowerRole - RaftServer{raft-partition-3}{role=FOLLOWER} - Sending AppendResponse{status=OK, term=3, succeeded=true, lastLogIndex=1}
21:52:15.126 [raft-server-raft-partition-3] TRACE i.a.p.raft.roles.LeaderAppender - RaftServer{raft-partition-3} - Received AppendResponse{status=OK, term=3, succeeded=true, lastLogIndex=1} from 3
21:52:15.126 [raft-server-raft-partition-3] TRACE i.a.p.raft.roles.LeaderAppender - RaftServer{raft-partition-3} - Received AppendResponse{status=OK, term=3, succeeded=true, lastLogIndex=1} from 2
21:52:15.134 [raft-server-raft-partition-1] TRACE i.a.p.raft.roles.LeaderAppender - RaftServer{raft-partition-1} - Sending AppendRequest{term=1, leader=2, prevLogIndex=1, prevLogTerm=1, entries=0, commitIndex=1} to 3
21:52:15.135 [raft-server-raft-partition-1] TRACE i.a.p.raft.roles.FollowerRole - RaftServer{raft-partition-1}{role=FOLLOWER} - Received AppendRequest{term=1, leader=2, prevLogIndex=1, prevLogTerm=1, entries=0, commitIndex=1}
21:52:15.135 [raft-server-raft-partition-1] TRACE i.a.p.raft.roles.FollowerRole - RaftServer{raft-partition-1}{role=FOLLOWER} - Sending AppendResponse{status=OK, term=1, succeeded=true, lastLogIndex=1}
21:52:15.135 [raft-server-raft-partition-1] TRACE i.a.p.raft.roles.LeaderAppender - RaftServer{raft-partition-1} - Received AppendResponse{status=OK, term=1, succeeded=true, lastLogIndex=1} from 3
21:52:15.135 [raft-server-raft-partition-1] TRACE i.a.p.raft.roles.LeaderAppender - RaftServer{raft-partition-1} - Sending AppendRequest{term=1, leader=2, prevLogIndex=1, prevLogTerm=1, entries=0, commitIndex=1} to 3
21:52:15.135 [raft-server-raft-partition-1] TRACE i.a.p.raft.roles.FollowerRole - RaftServer{raft-partition-1}{role=FOLLOWER} - Received AppendRequest{term=1, leader=2, prevLogIndex=1, prevLogTerm=1, entries=0, commitIndex=1}
21:52:15.136 [raft-server-raft-partition-1] TRACE i.a.p.raft.roles.FollowerRole - RaftServer{raft-partition-1}{role=FOLLOWER} - Sending AppendResponse{status=OK, term=1, succeeded=true, lastLogIndex=1}
21:52:15.136 [raft-server-raft-partition-1] TRACE i.a.p.raft.roles.LeaderAppender - RaftServer{raft-partition-1} - Received AppendResponse{status=OK, term=1, succeeded=true, lastLogIndex=1} from 3
21:52:15.167 [raft-server-system-partition-1] TRACE i.a.p.raft.roles.LeaderAppender - RaftServer{system-partition-1} - Sending AppendRequest{term=1, leader=1, prevLogIndex=13, prevLogTerm=1, entries=0, commitIndex=13} to 2
21:52:15.167 [raft-server-system-partition-1] TRACE i.a.p.raft.roles.LeaderAppender - RaftServer{system-partition-1} - Sending AppendRequest{term=1, leader=1, prevLogIndex=13, prevLogTerm=1, entries=0, commitIndex=13} to 3
21:52:15.167 [raft-server-system-partition-1] TRACE i.a.p.raft.roles.FollowerRole - RaftServer{system-partition-1}{role=FOLLOWER} - Received AppendRequest{term=1, leader=1, prevLogIndex=13, prevLogTerm=1, entries=0, commitIndex=13}
21:52:15.168 [raft-server-system-partition-1] TRACE i.a.p.raft.roles.FollowerRole - RaftServer{system-partition-1}{role=FOLLOWER} - Sending AppendResponse{status=OK, term=1, succeeded=true, lastLogIndex=13}
21:52:15.168 [raft-server-system-partition-1] TRACE i.a.p.raft.roles.FollowerRole - RaftServer{system-partition-1}{role=FOLLOWER} - Received AppendRequest{term=1, leader=1, prevLogIndex=13, prevLogTerm=1, entries=0, commitIndex=13}
21:52:15.168 [raft-server-system-partition-1] TRACE i.a.p.raft.roles.FollowerRole - RaftServer{system-partition-1}{role=FOLLOWER} - Sending AppendResponse{status=OK, term=1, succeeded=true, lastLogIndex=13}
21:52:15.168 [raft-server-system-partition-1] TRACE i.a.p.raft.roles.LeaderAppender - RaftServer{system-partition-1} - Received AppendResponse{status=OK, term=1, succeeded=true, lastLogIndex=13} from 2
21:52:15.168 [raft-server-system-partition-1] TRACE i.a.p.raft.roles.LeaderAppender - RaftServer{system-partition-1} - Sending AppendRequest{term=1, leader=1, prevLogIndex=13, prevLogTerm=1, entries=0, commitIndex=13} to 2
21:52:15.168 [raft-server-system-partition-1] TRACE i.a.p.raft.roles.LeaderAppender - RaftServer{system-partition-1} - Received AppendResponse{status=OK, term=1, succeeded=true, lastLogIndex=13} from 3
21:52:15.168 [raft-server-system-partition-1] TRACE i.a.p.raft.roles.LeaderAppender - RaftServer{system-partition-1} - Sending AppendRequest{term=1, leader=1, prevLogIndex=13, prevLogTerm=1, entries=0, commitIndex=13} to 3
21:52:15.168 [raft-server-system-partition-1] TRACE i.a.p.raft.roles.FollowerRole - RaftServer{system-partition-1}{role=FOLLOWER} - Received AppendRequest{term=1, leader=1, prevLogIndex=13, prevLogTerm=1, entries=0, commitIndex=13}
21:52:15.168 [raft-server-system-partition-1] TRACE i.a.p.raft.roles.FollowerRole - RaftServer{system-partition-1}{role=FOLLOWER} - Sending AppendResponse{status=OK, term=1, succeeded=true, lastLogIndex=13}
21:52:15.168 [raft-server-system-partition-1] TRACE i.a.p.raft.roles.FollowerRole - RaftServer{system-partition-1}{role=FOLLOWER} - Received AppendRequest{term=1, leader=1, prevLogIndex=13, prevLogTerm=1, entries=0, commitIndex=13}
21:52:15.168 [raft-server-system-partition-1] TRACE i.a.p.raft.roles.FollowerRole - RaftServer{system-partition-1}{role=FOLLOWER} - Sending AppendResponse{status=OK, term=1, succeeded=true, lastLogIndex=13}
21:52:15.168 [raft-server-system-partition-1] TRACE i.a.p.raft.roles.LeaderAppender - RaftServer{system-partition-1} - Received AppendResponse{status=OK, term=1, succeeded=true, lastLogIndex=13} from 2
21:52:15.168 [raft-server-system-partition-1] TRACE i.a.p.raft.roles.LeaderAppender - RaftServer{system-partition-1} - Received AppendResponse{status=OK, term=1, succeeded=true, lastLogIndex=13} from 3
21:52:15.209 [raft-server-raft-partition-5] TRACE i.a.p.raft.roles.LeaderAppender - RaftServer{raft-partition-5} - Sending AppendRequest{term=1, leader=3, prevLogIndex=1, prevLogTerm=1, entries=0, commitIndex=1} to 1
21:52:15.209 [raft-server-raft-partition-5] TRACE i.a.p.raft.roles.LeaderAppender - RaftServer{raft-partition-5} - Sending AppendRequest{term=1, leader=3, prevLogIndex=1, prevLogTerm=1, entries=0, commitIndex=1} to 2
21:52:15.209 [raft-server-raft-partition-7] TRACE i.a.p.raft.roles.LeaderAppender - RaftServer{raft-partition-7} - Sending AppendRequest{term=1, leader=2, prevLogIndex=1, prevLogTerm=1, entries=0, commitIndex=1} to 1
21:52:15.209 [raft-server-raft-partition-5] TRACE i.a.p.raft.roles.FollowerRole - RaftServer{raft-partition-5}{role=FOLLOWER} - Received AppendRequest{term=1, leader=3, prevLogIndex=1, prevLogTerm=1, entries=0, commitIndex=1}
21:52:15.209 [raft-server-raft-partition-7] TRACE i.a.p.raft.roles.LeaderAppender - RaftServer{raft-partition-7} - Sending AppendRequest{term=1, leader=2, prevLogIndex=1, prevLogTerm=1, entries=0, commitIndex=1} to 3
21:52:15.209 [raft-server-raft-partition-5] TRACE i.a.p.raft.roles.FollowerRole - RaftServer{raft-partition-5}{role=FOLLOWER} - Received AppendRequest{term=1, leader=3, prevLogIndex=1, prevLogTerm=1, entries=0, commitIndex=1}
21:52:15.209 [raft-server-raft-partition-5] TRACE i.a.p.raft.roles.FollowerRole - RaftServer{raft-partition-5}{role=FOLLOWER} - Sending AppendResponse{status=OK, term=1, succeeded=true, lastLogIndex=1}
21:52:15.209 [raft-server-raft-partition-7] TRACE i.a.p.raft.roles.FollowerRole - RaftServer{raft-partition-7}{role=FOLLOWER} - Received AppendRequest{term=1, leader=2, prevLogIndex=1, prevLogTerm=1, entries=0, commitIndex=1}
21:52:15.209 [raft-server-raft-partition-5] TRACE i.a.p.raft.roles.FollowerRole - RaftServer{raft-partition-5}{role=FOLLOWER} - Sending AppendResponse{status=OK, term=1, succeeded=true, lastLogIndex=1}
21:52:15.209 [raft-server-raft-partition-7] TRACE i.a.p.raft.roles.FollowerRole - RaftServer{raft-partition-7}{role=FOLLOWER} - Received AppendRequest{term=1, leader=2, prevLogIndex=1, prevLogTerm=1, entries=0, commitIndex=1}
21:52:15.210 [raft-server-raft-partition-7] TRACE i.a.p.raft.roles.FollowerRole - RaftServer{raft-partition-7}{role=FOLLOWER} - Sending AppendResponse{status=OK, term=1, succeeded=true, lastLogIndex=1}
21:52:15.210 [raft-server-raft-partition-5] TRACE i.a.p.raft.roles.LeaderAppender - RaftServer{raft-partition-5} - Received AppendResponse{status=OK, term=1, succeeded=true, lastLogIndex=1} from 1
21:52:15.210 [raft-server-raft-partition-7] TRACE i.a.p.raft.roles.FollowerRole - RaftServer{raft-partition-7}{role=FOLLOWER} - Sending AppendResponse{status=OK, term=1, succeeded=true, lastLogIndex=1}
21:52:15.210 [raft-server-raft-partition-5] TRACE i.a.p.raft.roles.LeaderAppender - RaftServer{raft-partition-5} - Sending AppendRequest{term=1, leader=3, prevLogIndex=1, prevLogTerm=1, entries=0, commitIndex=1} to 1
21:52:15.210 [raft-server-raft-partition-5] TRACE i.a.p.raft.roles.LeaderAppender - RaftServer{raft-partition-5} - Received AppendResponse{status=OK, term=1, succeeded=true, lastLogIndex=1} from 2
21:52:15.210 [raft-server-raft-partition-5] TRACE i.a.p.raft.roles.LeaderAppender - RaftServer{raft-partition-5} - Sending AppendRequest{term=1, leader=3, prevLogIndex=1, prevLogTerm=1, entries=0, commitIndex=1} to 2
21:52:15.210 [raft-server-raft-partition-5] TRACE i.a.p.raft.roles.FollowerRole - RaftServer{raft-partition-5}{role=FOLLOWER} - Received AppendRequest{term=1, leader=3, prevLogIndex=1, prevLogTerm=1, entries=0, commitIndex=1}
21:52:15.210 [raft-server-raft-partition-5] TRACE i.a.p.raft.roles.FollowerRole - RaftServer{raft-partition-5}{role=FOLLOWER} - Sending AppendResponse{status=OK, term=1, succeeded=true, lastLogIndex=1}
21:52:15.210 [raft-server-raft-partition-7] TRACE i.a.p.raft.roles.LeaderAppender - RaftServer{raft-partition-7} - Received AppendResponse{status=OK, term=1, succeeded=true, lastLogIndex=1} from 1
21:52:15.210 [raft-server-raft-partition-5] TRACE i.a.p.raft.roles.FollowerRole - RaftServer{raft-partition-5}{role=FOLLOWER} - Received AppendRequest{term=1, leader=3, prevLogIndex=1, prevLogTerm=1, entries=0, commitIndex=1}
21:52:15.210 [raft-server-raft-partition-7] TRACE i.a.p.raft.roles.LeaderAppender - RaftServer{raft-partition-7} - Sending AppendRequest{term=1, leader=2, prevLogIndex=1, prevLogTerm=1, entries=0, commitIndex=1} to 1
21:52:15.210 [raft-server-raft-partition-5] TRACE i.a.p.raft.roles.LeaderAppender - RaftServer{raft-partition-5} - Received AppendResponse{status=OK, term=1, succeeded=true, lastLogIndex=1} from 1
21:52:15.210 [raft-server-raft-partition-5] TRACE i.a.p.raft.roles.FollowerRole - RaftServer{raft-partition-5}{role=FOLLOWER} - Sending AppendResponse{status=OK, term=1, succeeded=true, lastLogIndex=1}
21:52:15.210 [raft-server-raft-partition-7] TRACE i.a.p.raft.roles.LeaderAppender - RaftServer{raft-partition-7} - Received AppendResponse{status=OK, term=1, succeeded=true, lastLogIndex=1} from 3
21:52:15.210 [raft-server-raft-partition-7] TRACE i.a.p.raft.roles.FollowerRole - RaftServer{raft-partition-7}{role=FOLLOWER} - Received AppendRequest{term=1, leader=2, prevLogIndex=1, prevLogTerm=1, entries=0, commitIndex=1}
21:52:15.210 [raft-server-raft-partition-7] TRACE i.a.p.raft.roles.LeaderAppender - RaftServer{raft-partition-7} - Sending AppendRequest{term=1, leader=2, prevLogIndex=1, prevLogTerm=1, entries=0, commitIndex=1} to 3
21:52:15.211 [raft-server-raft-partition-7] TRACE i.a.p.raft.roles.FollowerRole - RaftServer{raft-partition-7}{role=FOLLOWER} - Sending AppendResponse{status=OK, term=1, succeeded=true, lastLogIndex=1}
21:52:15.211 [raft-server-raft-partition-5] TRACE i.a.p.raft.roles.LeaderAppender - RaftServer{raft-partition-5} - Received AppendResponse{status=OK, term=1, succeeded=true, lastLogIndex=1} from 2
21:52:15.211 [raft-server-raft-partition-7] TRACE i.a.p.raft.roles.FollowerRole - RaftServer{raft-partition-7}{role=FOLLOWER} - Received AppendRequest{term=1, leader=2, prevLogIndex=1, prevLogTerm=1, entries=0, commitIndex=1}
21:52:15.211 [raft-server-raft-partition-7] TRACE i.a.p.raft.roles.FollowerRole - RaftServer{raft-partition-7}{role=FOLLOWER} - Sending AppendResponse{status=OK, term=1, succeeded=true, lastLogIndex=1}
21:52:15.211 [raft-server-raft-partition-7] TRACE i.a.p.raft.roles.LeaderAppender - RaftServer{raft-partition-7} - Received AppendResponse{status=OK, term=1, succeeded=true, lastLogIndex=1} from 1
21:52:15.211 [raft-server-raft-partition-7] TRACE i.a.p.raft.roles.LeaderAppender - RaftServer{raft-partition-7} - Received AppendResponse{status=OK, term=1, succeeded=true, lastLogIndex=1} from 3
21:52:15.243 [raft-server-raft-partition-4] TRACE i.a.p.raft.roles.LeaderAppender - RaftServer{raft-partition-4} - Sending AppendRequest{term=1, leader=1, prevLogIndex=1, prevLogTerm=1, entries=0, commitIndex=1} to 2
21:52:15.243 [raft-server-raft-partition-4] TRACE i.a.p.raft.roles.LeaderAppender - RaftServer{raft-partition-4} - Sending AppendRequest{term=1, leader=1, prevLogIndex=1, prevLogTerm=1, entries=0, commitIndex=1} to 3
21:52:15.243 [raft-server-raft-partition-4] TRACE i.a.p.raft.roles.FollowerRole - RaftServer{raft-partition-4}{role=FOLLOWER} - Received AppendRequest{term=1, leader=1, prevLogIndex=1, prevLogTerm=1, entries=0, commitIndex=1}
21:52:15.243 [raft-server-raft-partition-4] TRACE i.a.p.raft.roles.FollowerRole - RaftServer{raft-partition-4}{role=FOLLOWER} - Received AppendRequest{term=1, leader=1, prevLogIndex=1, prevLogTerm=1, entries=0, commitIndex=1}
21:52:15.243 [raft-server-raft-partition-4] TRACE i.a.p.raft.roles.FollowerRole - RaftServer{raft-partition-4}{role=FOLLOWER} - Sending AppendResponse{status=OK, term=1, succeeded=true, lastLogIndex=1}
21:52:15.243 [raft-server-raft-partition-4] TRACE i.a.p.raft.roles.FollowerRole - RaftServer{raft-partition-4}{role=FOLLOWER} - Sending AppendResponse{status=OK, term=1, succeeded=true, lastLogIndex=1}
21:52:15.244 [raft-server-raft-partition-4] TRACE i.a.p.raft.roles.LeaderAppender - RaftServer{raft-partition-4} - Received AppendResponse{status=OK, term=1, succeeded=true, lastLogIndex=1} from 2
21:52:15.244 [raft-server-raft-partition-4] TRACE i.a.p.raft.roles.LeaderAppender - RaftServer{raft-partition-4} - Sending AppendRequest{term=1, leader=1, prevLogIndex=1, prevLogTerm=1, entries=0, commitIndex=1} to 2
21:52:15.244 [raft-server-raft-partition-4] TRACE i.a.p.raft.roles.LeaderAppender - RaftServer{raft-partition-4} - Received AppendResponse{status=OK, term=1, succeeded=true, lastLogIndex=1} from 3
21:52:15.244 [raft-server-raft-partition-4] TRACE i.a.p.raft.roles.LeaderAppender - RaftServer{raft-partition-4} - Sending AppendRequest{term=1, leader=1, prevLogIndex=1, prevLogTerm=1, entries=0, commitIndex=1} to 3
21:52:15.244 [raft-server-raft-partition-4] TRACE i.a.p.raft.roles.FollowerRole - RaftServer{raft-partition-4}{role=FOLLOWER} - Received AppendRequest{term=1, leader=1, prevLogIndex=1, prevLogTerm=1, entries=0, commitIndex=1}
21:52:15.244 [raft-server-raft-partition-4] TRACE i.a.p.raft.roles.FollowerRole - RaftServer{raft-partition-4}{role=FOLLOWER} - Sending AppendResponse{status=OK, term=1, succeeded=true, lastLogIndex=1}
21:52:15.244 [raft-server-raft-partition-4] TRACE i.a.p.raft.roles.FollowerRole - RaftServer{raft-partition-4}{role=FOLLOWER} - Received AppendRequest{term=1, leader=1, prevLogIndex=1, prevLogTerm=1, entries=0, commitIndex=1}
21:52:15.244 [raft-server-raft-partition-4] TRACE i.a.p.raft.roles.FollowerRole - RaftServer{raft-partition-4}{role=FOLLOWER} - Sending AppendResponse{status=OK, term=1, succeeded=true, lastLogIndex=1}
21:52:15.244 [raft-server-raft-partition-4] TRACE i.a.p.raft.roles.LeaderAppender - RaftServer{raft-partition-4} - Received AppendResponse{status=OK, term=1, succeeded=true, lastLogIndex=1} from 2
21:52:15.244 [raft-server-raft-partition-4] TRACE i.a.p.raft.roles.LeaderAppender - RaftServer{raft-partition-4} - Received AppendResponse{status=OK, term=1, succeeded=true, lastLogIndex=1} from 3
21:52:15.317 [raft-server-raft-partition-2] TRACE i.a.p.raft.roles.LeaderAppender - RaftServer{raft-partition-2} - Sending AppendRequest{term=1, leader=1, prevLogIndex=1, prevLogTerm=1, entries=0, commitIndex=1} to 2
21:52:15.317 [raft-server-raft-partition-2] TRACE i.a.p.raft.roles.LeaderAppender - RaftServer{raft-partition-2} - Sending AppendRequest{term=1, leader=1, prevLogIndex=1, prevLogTerm=1, entries=0, commitIndex=1} to 3
21:52:15.318 [raft-server-raft-partition-2] TRACE i.a.p.raft.roles.FollowerRole - RaftServer{raft-partition-2}{role=FOLLOWER} - Received AppendRequest{term=1, leader=1, prevLogIndex=1, prevLogTerm=1, entries=0, commitIndex=1}
21:52:15.318 [raft-server-raft-partition-2] TRACE i.a.p.raft.roles.FollowerRole - RaftServer{raft-partition-2}{role=FOLLOWER} - Received AppendRequest{term=1, leader=1, prevLogIndex=1, prevLogTerm=1, entries=0, commitIndex=1}
21:52:15.318 [raft-server-raft-partition-2] TRACE i.a.p.raft.roles.FollowerRole - RaftServer{raft-partition-2}{role=FOLLOWER} - Sending AppendResponse{status=OK, term=1, succeeded=true, lastLogIndex=1}
21:52:15.318 [raft-server-raft-partition-2] TRACE i.a.p.raft.roles.FollowerRole - RaftServer{raft-partition-2}{role=FOLLOWER} - Sending AppendResponse{status=OK, term=1, succeeded=true, lastLogIndex=1}
21:52:15.318 [raft-server-raft-partition-2] TRACE i.a.p.raft.roles.LeaderAppender - RaftServer{raft-partition-2} - Received AppendResponse{status=OK, term=1, succeeded=true, lastLogIndex=1} from 3
21:52:15.318 [raft-server-raft-partition-2] TRACE i.a.p.raft.roles.LeaderAppender - RaftServer{raft-partition-2} - Sending AppendRequest{term=1, leader=1, prevLogIndex=1, prevLogTerm=1, entries=0, commitIndex=1} to 3
21:52:15.318 [raft-server-raft-partition-2] TRACE i.a.p.raft.roles.LeaderAppender - RaftServer{raft-partition-2} - Received AppendResponse{status=OK, term=1, succeeded=true, lastLogIndex=1} from 2
21:52:15.318 [raft-server-raft-partition-2] TRACE i.a.p.raft.roles.LeaderAppender - RaftServer{raft-partition-2} - Sending AppendRequest{term=1, leader=1, prevLogIndex=1, prevLogTerm=1, entries=0, commitIndex=1} to 2
21:52:15.318 [raft-server-raft-partition-2] TRACE i.a.p.raft.roles.FollowerRole - RaftServer{raft-partition-2}{role=FOLLOWER} - Received AppendRequest{term=1, leader=1, prevLogIndex=1, prevLogTerm=1, entries=0, commitIndex=1}
21:52:15.319 [raft-server-raft-partition-2] TRACE i.a.p.raft.roles.FollowerRole - RaftServer{raft-partition-2}{role=FOLLOWER} - Sending AppendResponse{status=OK, term=1, succeeded=true, lastLogIndex=1}
21:52:15.319 [raft-server-raft-partition-2] TRACE i.a.p.raft.roles.FollowerRole - RaftServer{raft-partition-2}{role=FOLLOWER} - Received AppendRequest{term=1, leader=1, prevLogIndex=1, prevLogTerm=1, entries=0, commitIndex=1}
21:52:15.319 [raft-server-raft-partition-2] TRACE i.a.p.raft.roles.FollowerRole - RaftServer{raft-partition-2}{role=FOLLOWER} - Sending AppendResponse{status=OK, term=1, succeeded=true, lastLogIndex=1}
21:52:15.319 [raft-server-raft-partition-2] TRACE i.a.p.raft.roles.LeaderAppender - RaftServer{raft-partition-2} - Received AppendResponse{status=OK, term=1, succeeded=true, lastLogIndex=1} from 3
21:52:15.319 [raft-server-raft-partition-2] TRACE i.a.p.raft.roles.LeaderAppender - RaftServer{raft-partition-2} - Received AppendResponse{status=OK, term=1, succeeded=true, lastLogIndex=1} from 2
21:52:15.326 [raft-server-raft-partition-6] TRACE i.a.p.raft.roles.LeaderAppender - RaftServer{raft-partition-6} - Sending AppendRequest{term=1, leader=1, prevLogIndex=1, prevLogTerm=1, entries=0, commitIndex=1} to 2
21:52:15.326 [raft-server-raft-partition-6] TRACE i.a.p.raft.roles.LeaderAppender - RaftServer{raft-partition-6} - Sending AppendRequest{term=1, leader=1, prevLogIndex=1, prevLogTerm=1, entries=0, commitIndex=1} to 3
21:52:15.326 [raft-server-raft-partition-6] TRACE i.a.p.raft.roles.FollowerRole - RaftServer{raft-partition-6}{role=FOLLOWER} - Received AppendRequest{term=1, leader=1, prevLogIndex=1, prevLogTerm=1, entries=0, commitIndex=1}
21:52:15.326 [raft-server-raft-partition-6] TRACE i.a.p.raft.roles.FollowerRole - RaftServer{raft-partition-6}{role=FOLLOWER} - Received AppendRequest{term=1, leader=1, prevLogIndex=1, prevLogTerm=1, entries=0, commitIndex=1}
21:52:15.326 [raft-server-raft-partition-6] TRACE i.a.p.raft.roles.FollowerRole - RaftServer{raft-partition-6}{role=FOLLOWER} - Sending AppendResponse{status=OK, term=1, succeeded=true, lastLogIndex=1}
21:52:15.326 [raft-server-raft-partition-6] TRACE i.a.p.raft.roles.FollowerRole - RaftServer{raft-partition-6}{role=FOLLOWER} - Sending AppendResponse{status=OK, term=1, succeeded=true, lastLogIndex=1}
21:52:15.326 [raft-server-raft-partition-6] TRACE i.a.p.raft.roles.LeaderAppender - RaftServer{raft-partition-6} - Received AppendResponse{status=OK, term=1, succeeded=true, lastLogIndex=1} from 3
21:52:15.326 [raft-server-raft-partition-6] TRACE i.a.p.raft.roles.LeaderAppender - RaftServer{raft-partition-6} - Received AppendResponse{status=OK, term=1, succeeded=true, lastLogIndex=1} from 2
21:52:15.375 [raft-server-raft-partition-3] TRACE i.a.p.raft.roles.LeaderAppender - RaftServer{raft-partition-3} - Sending AppendRequest{term=3, leader=1, prevLogIndex=1, prevLogTerm=2, entries=0, commitIndex=1} to 2
21:52:15.375 [raft-server-raft-partition-3] TRACE i.a.p.raft.roles.LeaderAppender - RaftServer{raft-partition-3} - Sending AppendRequest{term=3, leader=1, prevLogIndex=1, prevLogTerm=2, entries=0, commitIndex=1} to 3
21:52:15.375 [raft-server-raft-partition-3] TRACE i.a.p.raft.roles.FollowerRole - RaftServer{raft-partition-3}{role=FOLLOWER} - Received AppendRequest{term=3, leader=1, prevLogIndex=1, prevLogTerm=2, entries=0, commitIndex=1}
21:52:15.375 [raft-server-raft-partition-3] TRACE i.a.p.raft.roles.FollowerRole - RaftServer{raft-partition-3}{role=FOLLOWER} - Received AppendRequest{term=3, leader=1, prevLogIndex=1, prevLogTerm=2, entries=0, commitIndex=1}
21:52:15.375 [raft-server-raft-partition-3] TRACE i.a.p.raft.roles.FollowerRole - RaftServer{raft-partition-3}{role=FOLLOWER} - Sending AppendResponse{status=OK, term=3, succeeded=true, lastLogIndex=1}
21:52:15.375 [raft-server-raft-partition-3] TRACE i.a.p.raft.roles.FollowerRole - RaftServer{raft-partition-3}{role=FOLLOWER} - Sending AppendResponse{status=OK, term=3, succeeded=true, lastLogIndex=1}
21:52:15.375 [raft-server-raft-partition-3] TRACE i.a.p.raft.roles.LeaderAppender - RaftServer{raft-partition-3} - Received AppendResponse{status=OK, term=3, succeeded=true, lastLogIndex=1} from 2
21:52:15.375 [raft-server-raft-partition-3] TRACE i.a.p.raft.roles.LeaderAppender - RaftServer{raft-partition-3} - Sending AppendRequest{term=3, leader=1, prevLogIndex=1, prevLogTerm=2, entries=0, commitIndex=1} to 2
21:52:15.376 [raft-server-raft-partition-3] TRACE i.a.p.raft.roles.LeaderAppender - RaftServer{raft-partition-3} - Received AppendResponse{status=OK, term=3, succeeded=true, lastLogIndex=1} from 3
21:52:15.376 [raft-server-raft-partition-3] TRACE i.a.p.raft.roles.LeaderAppender - RaftServer{raft-partition-3} - Sending AppendRequest{term=3, leader=1, prevLogIndex=1, prevLogTerm=2, entries=0, commitIndex=1} to 3
21:52:15.376 [raft-server-raft-partition-3] TRACE i.a.p.raft.roles.FollowerRole - RaftServer{raft-partition-3}{role=FOLLOWER} - Received AppendRequest{term=3, leader=1, prevLogIndex=1, prevLogTerm=2, entries=0, commitIndex=1}
21:52:15.376 [raft-server-raft-partition-3] TRACE i.a.p.raft.roles.FollowerRole - RaftServer{raft-partition-3}{role=FOLLOWER} - Sending AppendResponse{status=OK, term=3, succeeded=true, lastLogIndex=1}
21:52:15.376 [raft-server-raft-partition-3] TRACE i.a.p.raft.roles.FollowerRole - RaftServer{raft-partition-3}{role=FOLLOWER} - Received AppendRequest{term=3, leader=1, prevLogIndex=1, prevLogTerm=2, entries=0, commitIndex=1}
21:52:15.376 [raft-server-raft-partition-3] TRACE i.a.p.raft.roles.FollowerRole - RaftServer{raft-partition-3}{role=FOLLOWER} - Sending AppendResponse{status=OK, term=3, succeeded=true, lastLogIndex=1}
21:52:15.376 [raft-server-raft-partition-3] TRACE i.a.p.raft.roles.LeaderAppender - RaftServer{raft-partition-3} - Received AppendResponse{status=OK, term=3, succeeded=true, lastLogIndex=1} from 2
21:52:15.376 [raft-server-raft-partition-3] TRACE i.a.p.raft.roles.LeaderAppender - RaftServer{raft-partition-3} - Sending AppendRequest{term=3, leader=1, prevLogIndex=1, prevLogTerm=2, entries=0, commitIndex=1} to 2
21:52:15.376 [raft-server-raft-partition-3] TRACE i.a.p.raft.roles.LeaderAppender - RaftServer{raft-partition-3} - Received AppendResponse{status=OK, term=3, succeeded=true, lastLogIndex=1} from 3
21:52:15.376 [raft-server-raft-partition-3] TRACE i.a.p.raft.roles.FollowerRole - RaftServer{raft-partition-3}{role=FOLLOWER} - Received AppendRequest{term=3, leader=1, prevLogIndex=1, prevLogTerm=2, entries=0, commitIndex=1}
21:52:15.376 [raft-server-raft-partition-3] TRACE i.a.p.raft.roles.FollowerRole - RaftServer{raft-partition-3}{role=FOLLOWER} - Sending AppendResponse{status=OK, term=3, succeeded=true, lastLogIndex=1}
21:52:15.376 [raft-server-raft-partition-3] TRACE i.a.p.raft.roles.LeaderAppender - RaftServer{raft-partition-3} - Received AppendResponse{status=OK, term=3, succeeded=true, lastLogIndex=1} from 2
21:52:15.384 [raft-server-raft-partition-1] TRACE i.a.p.raft.roles.LeaderAppender - RaftServer{raft-partition-1} - Sending AppendRequest{term=1, leader=2, prevLogIndex=1, prevLogTerm=1, entries=0, commitIndex=1} to 3
21:52:15.385 [raft-server-raft-partition-1] TRACE i.a.p.raft.roles.FollowerRole - RaftServer{raft-partition-1}{role=FOLLOWER} - Received AppendRequest{term=1, leader=2, prevLogIndex=1, prevLogTerm=1, entries=0, commitIndex=1}
21:52:15.385 [raft-server-raft-partition-1] TRACE i.a.p.raft.roles.FollowerRole - RaftServer{raft-partition-1}{role=FOLLOWER} - Sending AppendResponse{status=OK, term=1, succeeded=true, lastLogIndex=1}
21:52:15.385 [raft-server-raft-partition-1] TRACE i.a.p.raft.roles.LeaderAppender - RaftServer{raft-partition-1} - Received AppendResponse{status=OK, term=1, succeeded=true, lastLogIndex=1} from 3
21:52:15.385 [raft-server-raft-partition-1] TRACE i.a.p.raft.roles.LeaderAppender - RaftServer{raft-partition-1} - Sending AppendRequest{term=1, leader=2, prevLogIndex=1, prevLogTerm=1, entries=0, commitIndex=1} to 3
21:52:15.385 [raft-server-raft-partition-1] TRACE i.a.p.raft.roles.FollowerRole - RaftServer{raft-partition-1}{role=FOLLOWER} - Received AppendRequest{term=1, leader=2, prevLogIndex=1, prevLogTerm=1, entries=0, commitIndex=1}
21:52:15.385 [raft-server-raft-partition-1] TRACE i.a.p.raft.roles.FollowerRole - RaftServer{raft-partition-1}{role=FOLLOWER} - Sending AppendResponse{status=OK, term=1, succeeded=true, lastLogIndex=1}
21:52:15.386 [raft-server-raft-partition-1] TRACE i.a.p.raft.roles.LeaderAppender - RaftServer{raft-partition-1} - Received AppendResponse{status=OK, term=1, succeeded=true, lastLogIndex=1} from 3
21:52:15.417 [raft-server-system-partition-1] TRACE i.a.p.raft.roles.LeaderAppender - RaftServer{system-partition-1} - Sending AppendRequest{term=1, leader=1, prevLogIndex=13, prevLogTerm=1, entries=0, commitIndex=13} to 2
21:52:15.417 [raft-server-system-partition-1] TRACE i.a.p.raft.roles.LeaderAppender - RaftServer{system-partition-1} - Sending AppendRequest{term=1, leader=1, prevLogIndex=13, prevLogTerm=1, entries=0, commitIndex=13} to 3
21:52:15.418 [raft-server-system-partition-1] TRACE i.a.p.raft.roles.FollowerRole - RaftServer{system-partition-1}{role=FOLLOWER} - Received AppendRequest{term=1, leader=1, prevLogIndex=13, prevLogTerm=1, entries=0, commitIndex=13}
21:52:15.418 [raft-server-system-partition-1] TRACE i.a.p.raft.roles.FollowerRole - RaftServer{system-partition-1}{role=FOLLOWER} - Received AppendRequest{term=1, leader=1, prevLogIndex=13, prevLogTerm=1, entries=0, commitIndex=13}
21:52:15.418 [raft-server-system-partition-1] TRACE i.a.p.raft.roles.FollowerRole - RaftServer{system-partition-1}{role=FOLLOWER} - Sending AppendResponse{status=OK, term=1, succeeded=true, lastLogIndex=13}
21:52:15.418 [raft-server-system-partition-1] TRACE i.a.p.raft.roles.FollowerRole - RaftServer{system-partition-1}{role=FOLLOWER} - Sending AppendResponse{status=OK, term=1, succeeded=true, lastLogIndex=13}
21:52:15.418 [raft-server-system-partition-1] TRACE i.a.p.raft.roles.LeaderAppender - RaftServer{system-partition-1} - Received AppendResponse{status=OK, term=1, succeeded=true, lastLogIndex=13} from 3
21:52:15.418 [raft-server-system-partition-1] TRACE i.a.p.raft.roles.LeaderAppender - RaftServer{system-partition-1} - Sending AppendRequest{term=1, leader=1, prevLogIndex=13, prevLogTerm=1, entries=0, commitIndex=13} to 3
21:52:15.418 [raft-server-system-partition-1] TRACE i.a.p.raft.roles.LeaderAppender - RaftServer{system-partition-1} - Received AppendResponse{status=OK, term=1, succeeded=true, lastLogIndex=13} from 2
21:52:15.418 [raft-server-system-partition-1] TRACE i.a.p.raft.roles.LeaderAppender - RaftServer{system-partition-1} - Sending AppendRequest{term=1, leader=1, prevLogIndex=13, prevLogTerm=1, entries=0, commitIndex=13} to 2
21:52:15.418 [raft-server-system-partition-1] TRACE i.a.p.raft.roles.FollowerRole - RaftServer{system-partition-1}{role=FOLLOWER} - Received AppendRequest{term=1, leader=1, prevLogIndex=13, prevLogTerm=1, entries=0, commitIndex=13}
21:52:15.418 [raft-server-system-partition-1] TRACE i.a.p.raft.roles.FollowerRole - RaftServer{system-partition-1}{role=FOLLOWER} - Sending AppendResponse{status=OK, term=1, succeeded=true, lastLogIndex=13}
21:52:15.418 [raft-server-system-partition-1] TRACE i.a.p.raft.roles.FollowerRole - RaftServer{system-partition-1}{role=FOLLOWER} - Received AppendRequest{term=1, leader=1, prevLogIndex=13, prevLogTerm=1, entries=0, commitIndex=13}
21:52:15.418 [raft-server-system-partition-1] TRACE i.a.p.raft.roles.FollowerRole - RaftServer{system-partition-1}{role=FOLLOWER} - Sending AppendResponse{status=OK, term=1, succeeded=true, lastLogIndex=13}
21:52:15.418 [raft-server-system-partition-1] TRACE i.a.p.raft.roles.LeaderAppender - RaftServer{system-partition-1} - Received AppendResponse{status=OK, term=1, succeeded=true, lastLogIndex=13} from 3
21:52:15.419 [raft-server-system-partition-1] TRACE i.a.p.raft.roles.LeaderAppender - RaftServer{system-partition-1} - Received AppendResponse{status=OK, term=1, succeeded=true, lastLogIndex=13} from 2
21:52:15.459 [raft-server-raft-partition-5] TRACE i.a.p.raft.roles.LeaderAppender - RaftServer{raft-partition-5} - Sending AppendRequest{term=1, leader=3, prevLogIndex=1, prevLogTerm=1, entries=0, commitIndex=1} to 1
21:52:15.459 [raft-server-raft-partition-5] TRACE i.a.p.raft.roles.LeaderAppender - RaftServer{raft-partition-5} - Sending AppendRequest{term=1, leader=3, prevLogIndex=1, prevLogTerm=1, entries=0, commitIndex=1} to 2
21:52:15.459 [raft-server-raft-partition-7] TRACE i.a.p.raft.roles.LeaderAppender - RaftServer{raft-partition-7} - Sending AppendRequest{term=1, leader=2, prevLogIndex=1, prevLogTerm=1, entries=0, commitIndex=1} to 1
21:52:15.459 [raft-server-raft-partition-7] TRACE i.a.p.raft.roles.LeaderAppender - RaftServer{raft-partition-7} - Sending AppendRequest{term=1, leader=2, prevLogIndex=1, prevLogTerm=1, entries=0, commitIndex=1} to 3
21:52:15.459 [raft-server-raft-partition-5] TRACE i.a.p.raft.roles.FollowerRole - RaftServer{raft-partition-5}{role=FOLLOWER} - Received AppendRequest{term=1, leader=3, prevLogIndex=1, prevLogTerm=1, entries=0, commitIndex=1}
21:52:15.459 [raft-server-raft-partition-5] TRACE i.a.p.raft.roles.FollowerRole - RaftServer{raft-partition-5}{role=FOLLOWER} - Received AppendRequest{term=1, leader=3, prevLogIndex=1, prevLogTerm=1, entries=0, commitIndex=1}
21:52:15.459 [raft-server-raft-partition-5] TRACE i.a.p.raft.roles.FollowerRole - RaftServer{raft-partition-5}{role=FOLLOWER} - Sending AppendResponse{status=OK, term=1, succeeded=true, lastLogIndex=1}
21:52:15.459 [raft-server-raft-partition-7] TRACE i.a.p.raft.roles.FollowerRole - RaftServer{raft-partition-7}{role=FOLLOWER} - Received AppendRequest{term=1, leader=2, prevLogIndex=1, prevLogTerm=1, entries=0, commitIndex=1}
21:52:15.459 [raft-server-raft-partition-5] TRACE i.a.p.raft.roles.FollowerRole - RaftServer{raft-partition-5}{role=FOLLOWER} - Sending AppendResponse{status=OK, term=1, succeeded=true, lastLogIndex=1}
21:52:15.459 [raft-server-raft-partition-7] TRACE i.a.p.raft.roles.FollowerRole - RaftServer{raft-partition-7}{role=FOLLOWER} - Received AppendRequest{term=1, leader=2, prevLogIndex=1, prevLogTerm=1, entries=0, commitIndex=1}
21:52:15.459 [raft-server-raft-partition-7] TRACE i.a.p.raft.roles.FollowerRole - RaftServer{raft-partition-7}{role=FOLLOWER} - Sending AppendResponse{status=OK, term=1, succeeded=true, lastLogIndex=1}
21:52:15.459 [raft-server-raft-partition-5] TRACE i.a.p.raft.roles.LeaderAppender - RaftServer{raft-partition-5} - Received AppendResponse{status=OK, term=1, succeeded=true, lastLogIndex=1} from 1
21:52:15.459 [raft-server-raft-partition-7] TRACE i.a.p.raft.roles.FollowerRole - RaftServer{raft-partition-7}{role=FOLLOWER} - Sending AppendResponse{status=OK, term=1, succeeded=true, lastLogIndex=1}
21:52:15.460 [raft-server-raft-partition-5] TRACE i.a.p.raft.roles.LeaderAppender - RaftServer{raft-partition-5} - Sending AppendRequest{term=1, leader=3, prevLogIndex=1, prevLogTerm=1, entries=0, commitIndex=1} to 1
21:52:15.460 [raft-server-raft-partition-7] TRACE i.a.p.raft.roles.LeaderAppender - RaftServer{raft-partition-7} - Received AppendResponse{status=OK, term=1, succeeded=true, lastLogIndex=1} from 1
21:52:15.460 [raft-server-raft-partition-5] TRACE i.a.p.raft.roles.LeaderAppender - RaftServer{raft-partition-5} - Received AppendResponse{status=OK, term=1, succeeded=true, lastLogIndex=1} from 2
21:52:15.460 [raft-server-raft-partition-7] TRACE i.a.p.raft.roles.LeaderAppender - RaftServer{raft-partition-7} - Sending AppendRequest{term=1, leader=2, prevLogIndex=1, prevLogTerm=1, entries=0, commitIndex=1} to 1
21:52:15.460 [raft-server-raft-partition-5] TRACE i.a.p.raft.roles.LeaderAppender - RaftServer{raft-partition-5} - Sending AppendRequest{term=1, leader=3, prevLogIndex=1, prevLogTerm=1, entries=0, commitIndex=1} to 2
21:52:15.460 [raft-server-raft-partition-5] TRACE i.a.p.raft.roles.FollowerRole - RaftServer{raft-partition-5}{role=FOLLOWER} - Received AppendRequest{term=1, leader=3, prevLogIndex=1, prevLogTerm=1, entries=0, commitIndex=1}
21:52:15.460 [raft-server-raft-partition-7] TRACE i.a.p.raft.roles.LeaderAppender - RaftServer{raft-partition-7} - Received AppendResponse{status=OK, term=1, succeeded=true, lastLogIndex=1} from 3
21:52:15.460 [raft-server-raft-partition-5] TRACE i.a.p.raft.roles.FollowerRole - RaftServer{raft-partition-5}{role=FOLLOWER} - Sending AppendResponse{status=OK, term=1, succeeded=true, lastLogIndex=1}
21:52:15.460 [raft-server-raft-partition-7] TRACE i.a.p.raft.roles.LeaderAppender - RaftServer{raft-partition-7} - Sending AppendRequest{term=1, leader=2, prevLogIndex=1, prevLogTerm=1, entries=0, commitIndex=1} to 3
21:52:15.460 [raft-server-raft-partition-5] TRACE i.a.p.raft.roles.FollowerRole - RaftServer{raft-partition-5}{role=FOLLOWER} - Received AppendRequest{term=1, leader=3, prevLogIndex=1, prevLogTerm=1, entries=0, commitIndex=1}
21:52:15.460 [raft-server-raft-partition-7] TRACE i.a.p.raft.roles.FollowerRole - RaftServer{raft-partition-7}{role=FOLLOWER} - Received AppendRequest{term=1, leader=2, prevLogIndex=1, prevLogTerm=1, entries=0, commitIndex=1}
21:52:15.460 [raft-server-raft-partition-5] TRACE i.a.p.raft.roles.LeaderAppender - RaftServer{raft-partition-5} - Received AppendResponse{status=OK, term=1, succeeded=true, lastLogIndex=1} from 1
21:52:15.460 [raft-server-raft-partition-5] TRACE i.a.p.raft.roles.FollowerRole - RaftServer{raft-partition-5}{role=FOLLOWER} - Sending AppendResponse{status=OK, term=1, succeeded=true, lastLogIndex=1}
21:52:15.460 [raft-server-raft-partition-7] TRACE i.a.p.raft.roles.FollowerRole - RaftServer{raft-partition-7}{role=FOLLOWER} - Sending AppendResponse{status=OK, term=1, succeeded=true, lastLogIndex=1}
21:52:15.460 [raft-server-raft-partition-7] TRACE i.a.p.raft.roles.FollowerRole - RaftServer{raft-partition-7}{role=FOLLOWER} - Received AppendRequest{term=1, leader=2, prevLogIndex=1, prevLogTerm=1, entries=0, commitIndex=1}
21:52:15.460 [raft-server-raft-partition-7] TRACE i.a.p.raft.roles.FollowerRole - RaftServer{raft-partition-7}{role=FOLLOWER} - Sending AppendResponse{status=OK, term=1, succeeded=true, lastLogIndex=1}
21:52:15.460 [raft-server-raft-partition-5] TRACE i.a.p.raft.roles.LeaderAppender - RaftServer{raft-partition-5} - Received AppendResponse{status=OK, term=1, succeeded=true, lastLogIndex=1} from 2
21:52:15.461 [raft-server-raft-partition-7] TRACE i.a.p.raft.roles.LeaderAppender - RaftServer{raft-partition-7} - Received AppendResponse{status=OK, term=1, succeeded=true, lastLogIndex=1} from 1
21:52:15.461 [raft-server-raft-partition-7] TRACE i.a.p.raft.roles.LeaderAppender - RaftServer{raft-partition-7} - Received AppendResponse{status=OK, term=1, succeeded=true, lastLogIndex=1} from 3
21:52:15.493 [raft-server-raft-partition-4] TRACE i.a.p.raft.roles.LeaderAppender - RaftServer{raft-partition-4} - Sending AppendRequest{term=1, leader=1, prevLogIndex=1, prevLogTerm=1, entries=0, commitIndex=1} to 2
21:52:15.493 [raft-server-raft-partition-4] TRACE i.a.p.raft.roles.LeaderAppender - RaftServer{raft-partition-4} - Sending AppendRequest{term=1, leader=1, prevLogIndex=1, prevLogTerm=1, entries=0, commitIndex=1} to 3
21:52:15.493 [raft-server-raft-partition-4] TRACE i.a.p.raft.roles.FollowerRole - RaftServer{raft-partition-4}{role=FOLLOWER} - Received AppendRequest{term=1, leader=1, prevLogIndex=1, prevLogTerm=1, entries=0, commitIndex=1}
21:52:15.493 [raft-server-raft-partition-4] TRACE i.a.p.raft.roles.FollowerRole - RaftServer{raft-partition-4}{role=FOLLOWER} - Sending AppendResponse{status=OK, term=1, succeeded=true, lastLogIndex=1}
21:52:15.493 [raft-server-raft-partition-4] TRACE i.a.p.raft.roles.FollowerRole - RaftServer{raft-partition-4}{role=FOLLOWER} - Received AppendRequest{term=1, leader=1, prevLogIndex=1, prevLogTerm=1, entries=0, commitIndex=1}
21:52:15.493 [raft-server-raft-partition-4] TRACE i.a.p.raft.roles.FollowerRole - RaftServer{raft-partition-4}{role=FOLLOWER} - Sending AppendResponse{status=OK, term=1, succeeded=true, lastLogIndex=1}
21:52:15.493 [raft-server-raft-partition-4] TRACE i.a.p.raft.roles.LeaderAppender - RaftServer{raft-partition-4} - Received AppendResponse{status=OK, term=1, succeeded=true, lastLogIndex=1} from 2
21:52:15.494 [raft-server-raft-partition-4] TRACE i.a.p.raft.roles.LeaderAppender - RaftServer{raft-partition-4} - Sending AppendRequest{term=1, leader=1, prevLogIndex=1, prevLogTerm=1, entries=0, commitIndex=1} to 2
21:52:15.494 [raft-server-raft-partition-4] TRACE i.a.p.raft.roles.LeaderAppender - RaftServer{raft-partition-4} - Received AppendResponse{status=OK, term=1, succeeded=true, lastLogIndex=1} from 3
21:52:15.494 [raft-server-raft-partition-4] TRACE i.a.p.raft.roles.LeaderAppender - RaftServer{raft-partition-4} - Sending AppendRequest{term=1, leader=1, prevLogIndex=1, prevLogTerm=1, entries=0, commitIndex=1} to 3
21:52:15.494 [raft-server-raft-partition-4] TRACE i.a.p.raft.roles.FollowerRole - RaftServer{raft-partition-4}{role=FOLLOWER} - Received AppendRequest{term=1, leader=1, prevLogIndex=1, prevLogTerm=1, entries=0, commitIndex=1}
21:52:15.494 [raft-server-raft-partition-4] TRACE i.a.p.raft.roles.FollowerRole - RaftServer{raft-partition-4}{role=FOLLOWER} - Sending AppendResponse{status=OK, term=1, succeeded=true, lastLogIndex=1}
21:52:15.494 [raft-server-raft-partition-4] TRACE i.a.p.raft.roles.FollowerRole - RaftServer{raft-partition-4}{role=FOLLOWER} - Received AppendRequest{term=1, leader=1, prevLogIndex=1, prevLogTerm=1, entries=0, commitIndex=1}
21:52:15.494 [raft-server-raft-partition-4] TRACE i.a.p.raft.roles.FollowerRole - RaftServer{raft-partition-4}{role=FOLLOWER} - Sending AppendResponse{status=OK, term=1, succeeded=true, lastLogIndex=1}
21:52:15.494 [raft-server-raft-partition-4] TRACE i.a.p.raft.roles.LeaderAppender - RaftServer{raft-partition-4} - Received AppendResponse{status=OK, term=1, succeeded=true, lastLogIndex=1} from 3
21:52:15.494 [raft-server-raft-partition-4] TRACE i.a.p.raft.roles.LeaderAppender - RaftServer{raft-partition-4} - Received AppendResponse{status=OK, term=1, succeeded=true, lastLogIndex=1} from 2
21:52:15.567 [raft-server-raft-partition-2] TRACE i.a.p.raft.roles.LeaderAppender - RaftServer{raft-partition-2} - Sending AppendRequest{term=1, leader=1, prevLogIndex=1, prevLogTerm=1, entries=0, commitIndex=1} to 2
21:52:15.567 [raft-server-raft-partition-2] TRACE i.a.p.raft.roles.LeaderAppender - RaftServer{raft-partition-2} - Sending AppendRequest{term=1, leader=1, prevLogIndex=1, prevLogTerm=1, entries=0, commitIndex=1} to 3
21:52:15.568 [raft-server-raft-partition-2] TRACE i.a.p.raft.roles.FollowerRole - RaftServer{raft-partition-2}{role=FOLLOWER} - Received AppendRequest{term=1, leader=1, prevLogIndex=1, prevLogTerm=1, entries=0, commitIndex=1}
21:52:15.568 [raft-server-raft-partition-2] TRACE i.a.p.raft.roles.FollowerRole - RaftServer{raft-partition-2}{role=FOLLOWER} - Received AppendRequest{term=1, leader=1, prevLogIndex=1, prevLogTerm=1, entries=0, commitIndex=1}
21:52:15.568 [raft-server-raft-partition-2] TRACE i.a.p.raft.roles.FollowerRole - RaftServer{raft-partition-2}{role=FOLLOWER} - Sending AppendResponse{status=OK, term=1, succeeded=true, lastLogIndex=1}
21:52:15.568 [raft-server-raft-partition-2] TRACE i.a.p.raft.roles.FollowerRole - RaftServer{raft-partition-2}{role=FOLLOWER} - Sending AppendResponse{status=OK, term=1, succeeded=true, lastLogIndex=1}
21:52:15.568 [raft-server-raft-partition-2] TRACE i.a.p.raft.roles.LeaderAppender - RaftServer{raft-partition-2} - Received AppendResponse{status=OK, term=1, succeeded=true, lastLogIndex=1} from 3
21:52:15.568 [raft-server-raft-partition-2] TRACE i.a.p.raft.roles.LeaderAppender - RaftServer{raft-partition-2} - Sending AppendRequest{term=1, leader=1, prevLogIndex=1, prevLogTerm=1, entries=0, commitIndex=1} to 3
21:52:15.568 [raft-server-raft-partition-2] TRACE i.a.p.raft.roles.LeaderAppender - RaftServer{raft-partition-2} - Received AppendResponse{status=OK, term=1, succeeded=true, lastLogIndex=1} from 2
21:52:15.568 [raft-server-raft-partition-2] TRACE i.a.p.raft.roles.LeaderAppender - RaftServer{raft-partition-2} - Sending AppendRequest{term=1, leader=1, prevLogIndex=1, prevLogTerm=1, entries=0, commitIndex=1} to 2
21:52:15.568 [raft-server-raft-partition-2] TRACE i.a.p.raft.roles.FollowerRole - RaftServer{raft-partition-2}{role=FOLLOWER} - Received AppendRequest{term=1, leader=1, prevLogIndex=1, prevLogTerm=1, entries=0, commitIndex=1}
21:52:15.568 [raft-server-raft-partition-2] TRACE i.a.p.raft.roles.FollowerRole - RaftServer{raft-partition-2}{role=FOLLOWER} - Sending AppendResponse{status=OK, term=1, succeeded=true, lastLogIndex=1}
21:52:15.568 [raft-server-raft-partition-2] TRACE i.a.p.raft.roles.FollowerRole - RaftServer{raft-partition-2}{role=FOLLOWER} - Received AppendRequest{term=1, leader=1, prevLogIndex=1, prevLogTerm=1, entries=0, commitIndex=1}
21:52:15.568 [raft-server-raft-partition-2] TRACE i.a.p.raft.roles.FollowerRole - RaftServer{raft-partition-2}{role=FOLLOWER} - Sending AppendResponse{status=OK, term=1, succeeded=true, lastLogIndex=1}
21:52:15.569 [raft-server-raft-partition-2] TRACE i.a.p.raft.roles.LeaderAppender - RaftServer{raft-partition-2} - Received AppendResponse{status=OK, term=1, succeeded=true, lastLogIndex=1} from 3
21:52:15.569 [raft-server-raft-partition-2] TRACE i.a.p.raft.roles.LeaderAppender - RaftServer{raft-partition-2} - Received AppendResponse{status=OK, term=1, succeeded=true, lastLogIndex=1} from 2
21:52:15.576 [raft-server-raft-partition-6] TRACE i.a.p.raft.roles.LeaderAppender - RaftServer{raft-partition-6} - Sending AppendRequest{term=1, leader=1, prevLogIndex=1, prevLogTerm=1, entries=0, commitIndex=1} to 2
21:52:15.576 [raft-server-raft-partition-6] TRACE i.a.p.raft.roles.LeaderAppender - RaftServer{raft-partition-6} - Sending AppendRequest{term=1, leader=1, prevLogIndex=1, prevLogTerm=1, entries=0, commitIndex=1} to 3
21:52:15.576 [raft-server-raft-partition-6] TRACE i.a.p.raft.roles.FollowerRole - RaftServer{raft-partition-6}{role=FOLLOWER} - Received AppendRequest{term=1, leader=1, prevLogIndex=1, prevLogTerm=1, entries=0, commitIndex=1}
21:52:15.576 [raft-server-raft-partition-6] TRACE i.a.p.raft.roles.FollowerRole - RaftServer{raft-partition-6}{role=FOLLOWER} - Sending AppendResponse{status=OK, term=1, succeeded=true, lastLogIndex=1}
21:52:15.576 [raft-server-raft-partition-6] TRACE i.a.p.raft.roles.FollowerRole - RaftServer{raft-partition-6}{role=FOLLOWER} - Received AppendRequest{term=1, leader=1, prevLogIndex=1, prevLogTerm=1, entries=0, commitIndex=1}
21:52:15.576 [raft-server-raft-partition-6] TRACE i.a.p.raft.roles.FollowerRole - RaftServer{raft-partition-6}{role=FOLLOWER} - Sending AppendResponse{status=OK, term=1, succeeded=true, lastLogIndex=1}
21:52:15.576 [raft-server-raft-partition-6] TRACE i.a.p.raft.roles.LeaderAppender - RaftServer{raft-partition-6} - Received AppendResponse{status=OK, term=1, succeeded=true, lastLogIndex=1} from 2
21:52:15.576 [raft-server-raft-partition-6] TRACE i.a.p.raft.roles.LeaderAppender - RaftServer{raft-partition-6} - Sending AppendRequest{term=1, leader=1, prevLogIndex=1, prevLogTerm=1, entries=0, commitIndex=1} to 2
21:52:15.576 [raft-server-raft-partition-6] TRACE i.a.p.raft.roles.LeaderAppender - RaftServer{raft-partition-6} - Received AppendResponse{status=OK, term=1, succeeded=true, lastLogIndex=1} from 3
21:52:15.576 [raft-server-raft-partition-6] TRACE i.a.p.raft.roles.LeaderAppender - RaftServer{raft-partition-6} - Sending AppendRequest{term=1, leader=1, prevLogIndex=1, prevLogTerm=1, entries=0, commitIndex=1} to 3
21:52:15.576 [raft-server-raft-partition-6] TRACE i.a.p.raft.roles.FollowerRole - RaftServer{raft-partition-6}{role=FOLLOWER} - Received AppendRequest{term=1, leader=1, prevLogIndex=1, prevLogTerm=1, entries=0, commitIndex=1}
21:52:15.576 [raft-server-raft-partition-6] TRACE i.a.p.raft.roles.FollowerRole - RaftServer{raft-partition-6}{role=FOLLOWER} - Sending AppendResponse{status=OK, term=1, succeeded=true, lastLogIndex=1}
21:52:15.576 [raft-server-raft-partition-6] TRACE i.a.p.raft.roles.FollowerRole - RaftServer{raft-partition-6}{role=FOLLOWER} - Received AppendRequest{term=1, leader=1, prevLogIndex=1, prevLogTerm=1, entries=0, commitIndex=1}
21:52:15.577 [raft-server-raft-partition-6] TRACE i.a.p.raft.roles.FollowerRole - RaftServer{raft-partition-6}{role=FOLLOWER} - Sending AppendResponse{status=OK, term=1, succeeded=true, lastLogIndex=1}
21:52:15.577 [raft-server-raft-partition-6] TRACE i.a.p.raft.roles.LeaderAppender - RaftServer{raft-partition-6} - Received AppendResponse{status=OK, term=1, succeeded=true, lastLogIndex=1} from 2
21:52:15.577 [raft-server-raft-partition-6] TRACE i.a.p.raft.roles.LeaderAppender - RaftServer{raft-partition-6} - Sending AppendRequest{term=1, leader=1, prevLogIndex=1, prevLogTerm=1, entries=0, commitIndex=1} to 2
21:52:15.577 [raft-server-raft-partition-6] TRACE i.a.p.raft.roles.LeaderAppender - RaftServer{raft-partition-6} - Received AppendResponse{status=OK, term=1, succeeded=true, lastLogIndex=1} from 3
21:52:15.577 [raft-server-raft-partition-6] TRACE i.a.p.raft.roles.LeaderAppender - RaftServer{raft-partition-6} - Sending AppendRequest{term=1, leader=1, prevLogIndex=1, prevLogTerm=1, entries=0, commitIndex=1} to 3
21:52:15.577 [raft-server-raft-partition-6] TRACE i.a.p.raft.roles.FollowerRole - RaftServer{raft-partition-6}{role=FOLLOWER} - Received AppendRequest{term=1, leader=1, prevLogIndex=1, prevLogTerm=1, entries=0, commitIndex=1}
21:52:15.577 [raft-server-raft-partition-6] TRACE i.a.p.raft.roles.FollowerRole - RaftServer{raft-partition-6}{role=FOLLOWER} - Sending AppendResponse{status=OK, term=1, succeeded=true, lastLogIndex=1}
21:52:15.577 [raft-server-raft-partition-6] TRACE i.a.p.raft.roles.FollowerRole - RaftServer{raft-partition-6}{role=FOLLOWER} - Received AppendRequest{term=1, leader=1, prevLogIndex=1, prevLogTerm=1, entries=0, commitIndex=1}
21:52:15.577 [raft-server-raft-partition-6] TRACE i.a.p.raft.roles.FollowerRole - RaftServer{raft-partition-6}{role=FOLLOWER} - Sending AppendResponse{status=OK, term=1, succeeded=true, lastLogIndex=1}
21:52:15.577 [raft-server-raft-partition-6] TRACE i.a.p.raft.roles.LeaderAppender - RaftServer{raft-partition-6} - Received AppendResponse{status=OK, term=1, succeeded=true, lastLogIndex=1} from 2
21:52:15.577 [raft-server-raft-partition-6] TRACE i.a.p.raft.roles.LeaderAppender - RaftServer{raft-partition-6} - Received AppendResponse{status=OK, term=1, succeeded=true, lastLogIndex=1} from 3
21:52:15.625 [raft-server-raft-partition-3] TRACE i.a.p.raft.roles.LeaderAppender - RaftServer{raft-partition-3} - Sending AppendRequest{term=3, leader=1, prevLogIndex=1, prevLogTerm=2, entries=0, commitIndex=1} to 2
21:52:15.625 [raft-server-raft-partition-3] TRACE i.a.p.raft.roles.LeaderAppender - RaftServer{raft-partition-3} - Sending AppendRequest{term=3, leader=1, prevLogIndex=1, prevLogTerm=2, entries=0, commitIndex=1} to 3
21:52:15.625 [raft-server-raft-partition-3] TRACE i.a.p.raft.roles.FollowerRole - RaftServer{raft-partition-3}{role=FOLLOWER} - Received AppendRequest{term=3, leader=1, prevLogIndex=1, prevLogTerm=2, entries=0, commitIndex=1}
21:52:15.625 [raft-server-raft-partition-3] TRACE i.a.p.raft.roles.FollowerRole - RaftServer{raft-partition-3}{role=FOLLOWER} - Received AppendRequest{term=3, leader=1, prevLogIndex=1, prevLogTerm=2, entries=0, commitIndex=1}
21:52:15.625 [raft-server-raft-partition-3] TRACE i.a.p.raft.roles.FollowerRole - RaftServer{raft-partition-3}{role=FOLLOWER} - Sending AppendResponse{status=OK, term=3, succeeded=true, lastLogIndex=1}
21:52:15.625 [raft-server-raft-partition-3] TRACE i.a.p.raft.roles.FollowerRole - RaftServer{raft-partition-3}{role=FOLLOWER} - Sending AppendResponse{status=OK, term=3, succeeded=true, lastLogIndex=1}
21:52:15.625 [raft-server-raft-partition-3] TRACE i.a.p.raft.roles.LeaderAppender - RaftServer{raft-partition-3} - Received AppendResponse{status=OK, term=3, succeeded=true, lastLogIndex=1} from 3
21:52:15.625 [raft-server-raft-partition-3] TRACE i.a.p.raft.roles.LeaderAppender - RaftServer{raft-partition-3} - Sending AppendRequest{term=3, leader=1, prevLogIndex=1, prevLogTerm=2, entries=0, commitIndex=1} to 3
21:52:15.625 [raft-server-raft-partition-3] TRACE i.a.p.raft.roles.LeaderAppender - RaftServer{raft-partition-3} - Received AppendResponse{status=OK, term=3, succeeded=true, lastLogIndex=1} from 2
21:52:15.626 [raft-server-raft-partition-3] TRACE i.a.p.raft.roles.LeaderAppender - RaftServer{raft-partition-3} - Sending AppendRequest{term=3, leader=1, prevLogIndex=1, prevLogTerm=2, entries=0, commitIndex=1} to 2
21:52:15.626 [raft-server-raft-partition-3] TRACE i.a.p.raft.roles.FollowerRole - RaftServer{raft-partition-3}{role=FOLLOWER} - Received AppendRequest{term=3, leader=1, prevLogIndex=1, prevLogTerm=2, entries=0, commitIndex=1}
21:52:15.626 [raft-server-raft-partition-3] TRACE i.a.p.raft.roles.FollowerRole - RaftServer{raft-partition-3}{role=FOLLOWER} - Received AppendRequest{term=3, leader=1, prevLogIndex=1, prevLogTerm=2, entries=0, commitIndex=1}
21:52:15.626 [raft-server-raft-partition-3] TRACE i.a.p.raft.roles.FollowerRole - RaftServer{raft-partition-3}{role=FOLLOWER} - Sending AppendResponse{status=OK, term=3, succeeded=true, lastLogIndex=1}
21:52:15.626 [raft-server-raft-partition-3] TRACE i.a.p.raft.roles.FollowerRole - RaftServer{raft-partition-3}{role=FOLLOWER} - Sending AppendResponse{status=OK, term=3, succeeded=true, lastLogIndex=1}
21:52:15.626 [raft-server-raft-partition-3] TRACE i.a.p.raft.roles.LeaderAppender - RaftServer{raft-partition-3} - Received AppendResponse{status=OK, term=3, succeeded=true, lastLogIndex=1} from 3
21:52:15.626 [raft-server-raft-partition-3] TRACE i.a.p.raft.roles.LeaderAppender - RaftServer{raft-partition-3} - Sending AppendRequest{term=3, leader=1, prevLogIndex=1, prevLogTerm=2, entries=0, commitIndex=1} to 3
21:52:15.626 [raft-server-raft-partition-3] TRACE i.a.p.raft.roles.LeaderAppender - RaftServer{raft-partition-3} - Received AppendResponse{status=OK, term=3, succeeded=true, lastLogIndex=1} from 2
21:52:15.626 [raft-server-raft-partition-3] TRACE i.a.p.raft.roles.FollowerRole - RaftServer{raft-partition-3}{role=FOLLOWER} - Received AppendRequest{term=3, leader=1, prevLogIndex=1, prevLogTerm=2, entries=0, commitIndex=1}
21:52:15.626 [raft-server-raft-partition-3] TRACE i.a.p.raft.roles.FollowerRole - RaftServer{raft-partition-3}{role=FOLLOWER} - Sending AppendResponse{status=OK, term=3, succeeded=true, lastLogIndex=1}
21:52:15.627 [raft-server-raft-partition-3] TRACE i.a.p.raft.roles.LeaderAppender - RaftServer{raft-partition-3} - Received AppendResponse{status=OK, term=3, succeeded=true, lastLogIndex=1} from 3
21:52:15.634 [raft-server-raft-partition-1] TRACE i.a.p.raft.roles.LeaderAppender - RaftServer{raft-partition-1} - Sending AppendRequest{term=1, leader=2, prevLogIndex=1, prevLogTerm=1, entries=0, commitIndex=1} to 3
21:52:15.635 [raft-server-raft-partition-1] TRACE i.a.p.raft.roles.FollowerRole - RaftServer{raft-partition-1}{role=FOLLOWER} - Received AppendRequest{term=1, leader=2, prevLogIndex=1, prevLogTerm=1, entries=0, commitIndex=1}
21:52:15.635 [raft-server-raft-partition-1] TRACE i.a.p.raft.roles.FollowerRole - RaftServer{raft-partition-1}{role=FOLLOWER} - Sending AppendResponse{status=OK, term=1, succeeded=true, lastLogIndex=1}
21:52:15.635 [raft-server-raft-partition-1] TRACE i.a.p.raft.roles.LeaderAppender - RaftServer{raft-partition-1} - Received AppendResponse{status=OK, term=1, succeeded=true, lastLogIndex=1} from 3
21:52:15.635 [raft-server-raft-partition-1] TRACE i.a.p.raft.roles.LeaderAppender - RaftServer{raft-partition-1} - Sending AppendRequest{term=1, leader=2, prevLogIndex=1, prevLogTerm=1, entries=0, commitIndex=1} to 3
21:52:15.636 [raft-server-raft-partition-1] TRACE i.a.p.raft.roles.FollowerRole - RaftServer{raft-partition-1}{role=FOLLOWER} - Received AppendRequest{term=1, leader=2, prevLogIndex=1, prevLogTerm=1, entries=0, commitIndex=1}
21:52:15.636 [raft-server-raft-partition-1] TRACE i.a.p.raft.roles.FollowerRole - RaftServer{raft-partition-1}{role=FOLLOWER} - Sending AppendResponse{status=OK, term=1, succeeded=true, lastLogIndex=1}
21:52:15.636 [raft-server-raft-partition-1] TRACE i.a.p.raft.roles.LeaderAppender - RaftServer{raft-partition-1} - Received AppendResponse{status=OK, term=1, succeeded=true, lastLogIndex=1} from 3
21:52:15.667 [raft-server-system-partition-1] TRACE i.a.p.raft.roles.LeaderAppender - RaftServer{system-partition-1} - Sending AppendRequest{term=1, leader=1, prevLogIndex=13, prevLogTerm=1, entries=0, commitIndex=13} to 2
21:52:15.667 [raft-server-system-partition-1] TRACE i.a.p.raft.roles.LeaderAppender - RaftServer{system-partition-1} - Sending AppendRequest{term=1, leader=1, prevLogIndex=13, prevLogTerm=1, entries=0, commitIndex=13} to 3
21:52:15.667 [raft-server-system-partition-1] TRACE i.a.p.raft.roles.FollowerRole - RaftServer{system-partition-1}{role=FOLLOWER} - Received AppendRequest{term=1, leader=1, prevLogIndex=13, prevLogTerm=1, entries=0, commitIndex=13}
21:52:15.667 [raft-server-system-partition-1] TRACE i.a.p.raft.roles.FollowerRole - RaftServer{system-partition-1}{role=FOLLOWER} - Sending AppendResponse{status=OK, term=1, succeeded=true, lastLogIndex=13}
21:52:15.667 [raft-server-system-partition-1] TRACE i.a.p.raft.roles.FollowerRole - RaftServer{system-partition-1}{role=FOLLOWER} - Received AppendRequest{term=1, leader=1, prevLogIndex=13, prevLogTerm=1, entries=0, commitIndex=13}
21:52:15.668 [raft-server-system-partition-1] TRACE i.a.p.raft.roles.FollowerRole - RaftServer{system-partition-1}{role=FOLLOWER} - Sending AppendResponse{status=OK, term=1, succeeded=true, lastLogIndex=13}
21:52:15.668 [raft-server-system-partition-1] TRACE i.a.p.raft.roles.LeaderAppender - RaftServer{system-partition-1} - Received AppendResponse{status=OK, term=1, succeeded=true, lastLogIndex=13} from 2
21:52:15.668 [raft-server-system-partition-1] TRACE i.a.p.raft.roles.LeaderAppender - RaftServer{system-partition-1} - Sending AppendRequest{term=1, leader=1, prevLogIndex=13, prevLogTerm=1, entries=0, commitIndex=13} to 2
21:52:15.668 [raft-server-system-partition-1] TRACE i.a.p.raft.roles.LeaderAppender - RaftServer{system-partition-1} - Received AppendResponse{status=OK, term=1, succeeded=true, lastLogIndex=13} from 3
21:52:15.668 [raft-server-system-partition-1] TRACE i.a.p.raft.roles.LeaderAppender - RaftServer{system-partition-1} - Sending AppendRequest{term=1, leader=1, prevLogIndex=13, prevLogTerm=1, entries=0, commitIndex=13} to 3
21:52:15.668 [raft-server-system-partition-1] TRACE i.a.p.raft.roles.FollowerRole - RaftServer{system-partition-1}{role=FOLLOWER} - Received AppendRequest{term=1, leader=1, prevLogIndex=13, prevLogTerm=1, entries=0, commitIndex=13}
21:52:15.668 [raft-server-system-partition-1] TRACE i.a.p.raft.roles.FollowerRole - RaftServer{system-partition-1}{role=FOLLOWER} - Sending AppendResponse{status=OK, term=1, succeeded=true, lastLogIndex=13}
21:52:15.668 [raft-server-system-partition-1] TRACE i.a.p.raft.roles.FollowerRole - RaftServer{system-partition-1}{role=FOLLOWER} - Received AppendRequest{term=1, leader=1, prevLogIndex=13, prevLogTerm=1, entries=0, commitIndex=13}
21:52:15.668 [raft-server-system-partition-1] TRACE i.a.p.raft.roles.FollowerRole - RaftServer{system-partition-1}{role=FOLLOWER} - Sending AppendResponse{status=OK, term=1, succeeded=true, lastLogIndex=13}
21:52:15.668 [raft-server-system-partition-1] TRACE i.a.p.raft.roles.LeaderAppender - RaftServer{system-partition-1} - Received AppendResponse{status=OK, term=1, succeeded=true, lastLogIndex=13} from 3
21:52:15.668 [raft-server-system-partition-1] TRACE i.a.p.raft.roles.LeaderAppender - RaftServer{system-partition-1} - Received AppendResponse{status=OK, term=1, succeeded=true, lastLogIndex=13} from 2
21:52:15.709 [raft-server-raft-partition-5] TRACE i.a.p.raft.roles.LeaderAppender - RaftServer{raft-partition-5} - Sending AppendRequest{term=1, leader=3, prevLogIndex=1, prevLogTerm=1, entries=0, commitIndex=1} to 1
21:52:15.709 [raft-server-raft-partition-5] TRACE i.a.p.raft.roles.LeaderAppender - RaftServer{raft-partition-5} - Sending AppendRequest{term=1, leader=3, prevLogIndex=1, prevLogTerm=1, entries=0, commitIndex=1} to 2
21:52:15.709 [raft-server-raft-partition-5] TRACE i.a.p.raft.roles.FollowerRole - RaftServer{raft-partition-5}{role=FOLLOWER} - Received AppendRequest{term=1, leader=3, prevLogIndex=1, prevLogTerm=1, entries=0, commitIndex=1}
21:52:15.709 [raft-server-raft-partition-5] TRACE i.a.p.raft.roles.FollowerRole - RaftServer{raft-partition-5}{role=FOLLOWER} - Sending AppendResponse{status=OK, term=1, succeeded=true, lastLogIndex=1}
21:52:15.709 [raft-server-raft-partition-7] TRACE i.a.p.raft.roles.LeaderAppender - RaftServer{raft-partition-7} - Sending AppendRequest{term=1, leader=2, prevLogIndex=1, prevLogTerm=1, entries=0, commitIndex=1} to 1
21:52:15.709 [raft-server-raft-partition-5] TRACE i.a.p.raft.roles.FollowerRole - RaftServer{raft-partition-5}{role=FOLLOWER} - Received AppendRequest{term=1, leader=3, prevLogIndex=1, prevLogTerm=1, entries=0, commitIndex=1}
21:52:15.709 [raft-server-raft-partition-7] TRACE i.a.p.raft.roles.LeaderAppender - RaftServer{raft-partition-7} - Sending AppendRequest{term=1, leader=2, prevLogIndex=1, prevLogTerm=1, entries=0, commitIndex=1} to 3
21:52:15.709 [raft-server-raft-partition-5] TRACE i.a.p.raft.roles.FollowerRole - RaftServer{raft-partition-5}{role=FOLLOWER} - Sending AppendResponse{status=OK, term=1, succeeded=true, lastLogIndex=1}
21:52:15.709 [raft-server-raft-partition-7] TRACE i.a.p.raft.roles.FollowerRole - RaftServer{raft-partition-7}{role=FOLLOWER} - Received AppendRequest{term=1, leader=2, prevLogIndex=1, prevLogTerm=1, entries=0, commitIndex=1}
21:52:15.709 [raft-server-raft-partition-5] TRACE i.a.p.raft.roles.LeaderAppender - RaftServer{raft-partition-5} - Received AppendResponse{status=OK, term=1, succeeded=true, lastLogIndex=1} from 1
21:52:15.709 [raft-server-raft-partition-7] TRACE i.a.p.raft.roles.FollowerRole - RaftServer{raft-partition-7}{role=FOLLOWER} - Sending AppendResponse{status=OK, term=1, succeeded=true, lastLogIndex=1}
21:52:15.709 [raft-server-raft-partition-5] TRACE i.a.p.raft.roles.LeaderAppender - RaftServer{raft-partition-5} - Sending AppendRequest{term=1, leader=3, prevLogIndex=1, prevLogTerm=1, entries=0, commitIndex=1} to 1
21:52:15.709 [raft-server-raft-partition-7] TRACE i.a.p.raft.roles.FollowerRole - RaftServer{raft-partition-7}{role=FOLLOWER} - Received AppendRequest{term=1, leader=2, prevLogIndex=1, prevLogTerm=1, entries=0, commitIndex=1}
21:52:15.710 [raft-server-raft-partition-5] TRACE i.a.p.raft.roles.LeaderAppender - RaftServer{raft-partition-5} - Received AppendResponse{status=OK, term=1, succeeded=true, lastLogIndex=1} from 2
21:52:15.710 [raft-server-raft-partition-7] TRACE i.a.p.raft.roles.LeaderAppender - RaftServer{raft-partition-7} - Received AppendResponse{status=OK, term=1, succeeded=true, lastLogIndex=1} from 1
21:52:15.710 [raft-server-raft-partition-7] TRACE i.a.p.raft.roles.FollowerRole - RaftServer{raft-partition-7}{role=FOLLOWER} - Sending AppendResponse{status=OK, term=1, succeeded=true, lastLogIndex=1}
21:52:15.710 [raft-server-raft-partition-5] TRACE i.a.p.raft.roles.FollowerRole - RaftServer{raft-partition-5}{role=FOLLOWER} - Received AppendRequest{term=1, leader=3, prevLogIndex=1, prevLogTerm=1, entries=0, commitIndex=1}
21:52:15.710 [raft-server-raft-partition-5] TRACE i.a.p.raft.roles.LeaderAppender - RaftServer{raft-partition-5} - Sending AppendRequest{term=1, leader=3, prevLogIndex=1, prevLogTerm=1, entries=0, commitIndex=1} to 2
21:52:15.710 [raft-server-raft-partition-7] TRACE i.a.p.raft.roles.LeaderAppender - RaftServer{raft-partition-7} - Sending AppendRequest{term=1, leader=2, prevLogIndex=1, prevLogTerm=1, entries=0, commitIndex=1} to 1
21:52:15.710 [raft-server-raft-partition-5] TRACE i.a.p.raft.roles.FollowerRole - RaftServer{raft-partition-5}{role=FOLLOWER} - Sending AppendResponse{status=OK, term=1, succeeded=true, lastLogIndex=1}
21:52:15.710 [raft-server-raft-partition-7] TRACE i.a.p.raft.roles.LeaderAppender - RaftServer{raft-partition-7} - Received AppendResponse{status=OK, term=1, succeeded=true, lastLogIndex=1} from 3
21:52:15.710 [raft-server-raft-partition-7] TRACE i.a.p.raft.roles.LeaderAppender - RaftServer{raft-partition-7} - Sending AppendRequest{term=1, leader=2, prevLogIndex=1, prevLogTerm=1, entries=0, commitIndex=1} to 3
21:52:15.710 [raft-server-raft-partition-5] TRACE i.a.p.raft.roles.FollowerRole - RaftServer{raft-partition-5}{role=FOLLOWER} - Received AppendRequest{term=1, leader=3, prevLogIndex=1, prevLogTerm=1, entries=0, commitIndex=1}
21:52:15.710 [raft-server-raft-partition-7] TRACE i.a.p.raft.roles.FollowerRole - RaftServer{raft-partition-7}{role=FOLLOWER} - Received AppendRequest{term=1, leader=2, prevLogIndex=1, prevLogTerm=1, entries=0, commitIndex=1}
21:52:15.710 [raft-server-raft-partition-5] TRACE i.a.p.raft.roles.LeaderAppender - RaftServer{raft-partition-5} - Received AppendResponse{status=OK, term=1, succeeded=true, lastLogIndex=1} from 1
21:52:15.710 [raft-server-raft-partition-5] TRACE i.a.p.raft.roles.FollowerRole - RaftServer{raft-partition-5}{role=FOLLOWER} - Sending AppendResponse{status=OK, term=1, succeeded=true, lastLogIndex=1}
21:52:15.710 [raft-server-raft-partition-7] TRACE i.a.p.raft.roles.FollowerRole - RaftServer{raft-partition-7}{role=FOLLOWER} - Sending AppendResponse{status=OK, term=1, succeeded=true, lastLogIndex=1}
21:52:15.710 [raft-server-raft-partition-7] TRACE i.a.p.raft.roles.FollowerRole - RaftServer{raft-partition-7}{role=FOLLOWER} - Received AppendRequest{term=1, leader=2, prevLogIndex=1, prevLogTerm=1, entries=0, commitIndex=1}
21:52:15.710 [raft-server-raft-partition-5] TRACE i.a.p.raft.roles.LeaderAppender - RaftServer{raft-partition-5} - Sending AppendRequest{term=1, leader=3, prevLogIndex=1, prevLogTerm=1, entries=0, commitIndex=1} to 1
21:52:15.711 [raft-server-raft-partition-7] TRACE i.a.p.raft.roles.FollowerRole - RaftServer{raft-partition-7}{role=FOLLOWER} - Sending AppendResponse{status=OK, term=1, succeeded=true, lastLogIndex=1}
21:52:15.711 [raft-server-raft-partition-5] TRACE i.a.p.raft.roles.LeaderAppender - RaftServer{raft-partition-5} - Received AppendResponse{status=OK, term=1, succeeded=true, lastLogIndex=1} from 2
21:52:15.711 [raft-server-raft-partition-7] TRACE i.a.p.raft.roles.LeaderAppender - RaftServer{raft-partition-7} - Received AppendResponse{status=OK, term=1, succeeded=true, lastLogIndex=1} from 1
21:52:15.711 [raft-server-raft-partition-7] TRACE i.a.p.raft.roles.LeaderAppender - RaftServer{raft-partition-7} - Received AppendResponse{status=OK, term=1, succeeded=true, lastLogIndex=1} from 3
21:52:15.711 [raft-server-raft-partition-5] TRACE i.a.p.raft.roles.FollowerRole - RaftServer{raft-partition-5}{role=FOLLOWER} - Received AppendRequest{term=1, leader=3, prevLogIndex=1, prevLogTerm=1, entries=0, commitIndex=1}
21:52:15.711 [raft-server-raft-partition-5] TRACE i.a.p.raft.roles.FollowerRole - RaftServer{raft-partition-5}{role=FOLLOWER} - Sending AppendResponse{status=OK, term=1, succeeded=true, lastLogIndex=1}
21:52:15.711 [raft-server-raft-partition-5] TRACE i.a.p.raft.roles.LeaderAppender - RaftServer{raft-partition-5} - Received AppendResponse{status=OK, term=1, succeeded=true, lastLogIndex=1} from 1
21:52:15.743 [raft-server-raft-partition-4] TRACE i.a.p.raft.roles.LeaderAppender - RaftServer{raft-partition-4} - Sending AppendRequest{term=1, leader=1, prevLogIndex=1, prevLogTerm=1, entries=0, commitIndex=1} to 2
21:52:15.743 [raft-server-raft-partition-4] TRACE i.a.p.raft.roles.LeaderAppender - RaftServer{raft-partition-4} - Sending AppendRequest{term=1, leader=1, prevLogIndex=1, prevLogTerm=1, entries=0, commitIndex=1} to 3
21:52:15.743 [raft-server-raft-partition-4] TRACE i.a.p.raft.roles.FollowerRole - RaftServer{raft-partition-4}{role=FOLLOWER} - Received AppendRequest{term=1, leader=1, prevLogIndex=1, prevLogTerm=1, entries=0, commitIndex=1}
21:52:15.743 [raft-server-raft-partition-4] TRACE i.a.p.raft.roles.FollowerRole - RaftServer{raft-partition-4}{role=FOLLOWER} - Received AppendRequest{term=1, leader=1, prevLogIndex=1, prevLogTerm=1, entries=0, commitIndex=1}
21:52:15.743 [raft-server-raft-partition-4] TRACE i.a.p.raft.roles.FollowerRole - RaftServer{raft-partition-4}{role=FOLLOWER} - Sending AppendResponse{status=OK, term=1, succeeded=true, lastLogIndex=1}
21:52:15.743 [raft-server-raft-partition-4] TRACE i.a.p.raft.roles.FollowerRole - RaftServer{raft-partition-4}{role=FOLLOWER} - Sending AppendResponse{status=OK, term=1, succeeded=true, lastLogIndex=1}
21:52:15.744 [raft-server-raft-partition-4] TRACE i.a.p.raft.roles.LeaderAppender - RaftServer{raft-partition-4} - Received AppendResponse{status=OK, term=1, succeeded=true, lastLogIndex=1} from 3
21:52:15.744 [raft-server-raft-partition-4] TRACE i.a.p.raft.roles.LeaderAppender - RaftServer{raft-partition-4} - Sending AppendRequest{term=1, leader=1, prevLogIndex=1, prevLogTerm=1, entries=0, commitIndex=1} to 3
21:52:15.744 [raft-server-raft-partition-4] TRACE i.a.p.raft.roles.LeaderAppender - RaftServer{raft-partition-4} - Received AppendResponse{status=OK, term=1, succeeded=true, lastLogIndex=1} from 2
21:52:15.744 [raft-server-raft-partition-4] TRACE i.a.p.raft.roles.LeaderAppender - RaftServer{raft-partition-4} - Sending AppendRequest{term=1, leader=1, prevLogIndex=1, prevLogTerm=1, entries=0, commitIndex=1} to 2
21:52:15.744 [raft-server-raft-partition-4] TRACE i.a.p.raft.roles.FollowerRole - RaftServer{raft-partition-4}{role=FOLLOWER} - Received AppendRequest{term=1, leader=1, prevLogIndex=1, prevLogTerm=1, entries=0, commitIndex=1}
21:52:15.744 [raft-server-raft-partition-4] TRACE i.a.p.raft.roles.FollowerRole - RaftServer{raft-partition-4}{role=FOLLOWER} - Sending AppendResponse{status=OK, term=1, succeeded=true, lastLogIndex=1}
21:52:15.744 [raft-server-raft-partition-4] TRACE i.a.p.raft.roles.FollowerRole - RaftServer{raft-partition-4}{role=FOLLOWER} - Received AppendRequest{term=1, leader=1, prevLogIndex=1, prevLogTerm=1, entries=0, commitIndex=1}
21:52:15.744 [raft-server-raft-partition-4] TRACE i.a.p.raft.roles.FollowerRole - RaftServer{raft-partition-4}{role=FOLLOWER} - Sending AppendResponse{status=OK, term=1, succeeded=true, lastLogIndex=1}
21:52:15.744 [raft-server-raft-partition-4] TRACE i.a.p.raft.roles.LeaderAppender - RaftServer{raft-partition-4} - Received AppendResponse{status=OK, term=1, succeeded=true, lastLogIndex=1} from 3
21:52:15.744 [raft-server-raft-partition-4] TRACE i.a.p.raft.roles.LeaderAppender - RaftServer{raft-partition-4} - Received AppendResponse{status=OK, term=1, succeeded=true, lastLogIndex=1} from 2
21:52:15.818 [raft-server-raft-partition-2] TRACE i.a.p.raft.roles.LeaderAppender - RaftServer{raft-partition-2} - Sending AppendRequest{term=1, leader=1, prevLogIndex=1, prevLogTerm=1, entries=0, commitIndex=1} to 2
21:52:15.818 [raft-server-raft-partition-2] TRACE i.a.p.raft.roles.LeaderAppender - RaftServer{raft-partition-2} - Sending AppendRequest{term=1, leader=1, prevLogIndex=1, prevLogTerm=1, entries=0, commitIndex=1} to 3
21:52:15.818 [raft-server-raft-partition-2] TRACE i.a.p.raft.roles.FollowerRole - RaftServer{raft-partition-2}{role=FOLLOWER} - Received AppendRequest{term=1, leader=1, prevLogIndex=1, prevLogTerm=1, entries=0, commitIndex=1}
21:52:15.818 [raft-server-raft-partition-2] TRACE i.a.p.raft.roles.FollowerRole - RaftServer{raft-partition-2}{role=FOLLOWER} - Received AppendRequest{term=1, leader=1, prevLogIndex=1, prevLogTerm=1, entries=0, commitIndex=1}
21:52:15.818 [raft-server-raft-partition-2] TRACE i.a.p.raft.roles.FollowerRole - RaftServer{raft-partition-2}{role=FOLLOWER} - Sending AppendResponse{status=OK, term=1, succeeded=true, lastLogIndex=1}
21:52:15.818 [raft-server-raft-partition-2] TRACE i.a.p.raft.roles.FollowerRole - RaftServer{raft-partition-2}{role=FOLLOWER} - Sending AppendResponse{status=OK, term=1, succeeded=true, lastLogIndex=1}
21:52:15.818 [raft-server-raft-partition-2] TRACE i.a.p.raft.roles.LeaderAppender - RaftServer{raft-partition-2} - Received AppendResponse{status=OK, term=1, succeeded=true, lastLogIndex=1} from 3
21:52:15.818 [raft-server-raft-partition-2] TRACE i.a.p.raft.roles.LeaderAppender - RaftServer{raft-partition-2} - Sending AppendRequest{term=1, leader=1, prevLogIndex=1, prevLogTerm=1, entries=0, commitIndex=1} to 3
21:52:15.818 [raft-server-raft-partition-2] TRACE i.a.p.raft.roles.LeaderAppender - RaftServer{raft-partition-2} - Received AppendResponse{status=OK, term=1, succeeded=true, lastLogIndex=1} from 2
21:52:15.818 [raft-server-raft-partition-2] TRACE i.a.p.raft.roles.LeaderAppender - RaftServer{raft-partition-2} - Sending AppendRequest{term=1, leader=1, prevLogIndex=1, prevLogTerm=1, entries=0, commitIndex=1} to 2
21:52:15.819 [raft-server-raft-partition-2] TRACE i.a.p.raft.roles.FollowerRole - RaftServer{raft-partition-2}{role=FOLLOWER} - Received AppendRequest{term=1, leader=1, prevLogIndex=1, prevLogTerm=1, entries=0, commitIndex=1}
21:52:15.819 [raft-server-raft-partition-2] TRACE i.a.p.raft.roles.FollowerRole - RaftServer{raft-partition-2}{role=FOLLOWER} - Sending AppendResponse{status=OK, term=1, succeeded=true, lastLogIndex=1}
21:52:15.819 [raft-server-raft-partition-2] TRACE i.a.p.raft.roles.FollowerRole - RaftServer{raft-partition-2}{role=FOLLOWER} - Received AppendRequest{term=1, leader=1, prevLogIndex=1, prevLogTerm=1, entries=0, commitIndex=1}
21:52:15.819 [raft-server-raft-partition-2] TRACE i.a.p.raft.roles.FollowerRole - RaftServer{raft-partition-2}{role=FOLLOWER} - Sending AppendResponse{status=OK, term=1, succeeded=true, lastLogIndex=1}
21:52:15.819 [raft-server-raft-partition-2] TRACE i.a.p.raft.roles.LeaderAppender - RaftServer{raft-partition-2} - Received AppendResponse{status=OK, term=1, succeeded=true, lastLogIndex=1} from 3
21:52:15.819 [raft-server-raft-partition-2] TRACE i.a.p.raft.roles.LeaderAppender - RaftServer{raft-partition-2} - Sending AppendRequest{term=1, leader=1, prevLogIndex=1, prevLogTerm=1, entries=0, commitIndex=1} to 3
21:52:15.819 [raft-server-raft-partition-2] TRACE i.a.p.raft.roles.LeaderAppender - RaftServer{raft-partition-2} - Received AppendResponse{status=OK, term=1, succeeded=true, lastLogIndex=1} from 2
21:52:15.819 [raft-server-raft-partition-2] TRACE i.a.p.raft.roles.LeaderAppender - RaftServer{raft-partition-2} - Sending AppendRequest{term=1, leader=1, prevLogIndex=1, prevLogTerm=1, entries=0, commitIndex=1} to 2
21:52:15.819 [raft-server-raft-partition-2] TRACE i.a.p.raft.roles.FollowerRole - RaftServer{raft-partition-2}{role=FOLLOWER} - Received AppendRequest{term=1, leader=1, prevLogIndex=1, prevLogTerm=1, entries=0, commitIndex=1}
21:52:15.819 [raft-server-raft-partition-2] TRACE i.a.p.raft.roles.FollowerRole - RaftServer{raft-partition-2}{role=FOLLOWER} - Received AppendRequest{term=1, leader=1, prevLogIndex=1, prevLogTerm=1, entries=0, commitIndex=1}
21:52:15.819 [raft-server-raft-partition-2] TRACE i.a.p.raft.roles.FollowerRole - RaftServer{raft-partition-2}{role=FOLLOWER} - Sending AppendResponse{status=OK, term=1, succeeded=true, lastLogIndex=1}
21:52:15.819 [raft-server-raft-partition-2] TRACE i.a.p.raft.roles.FollowerRole - RaftServer{raft-partition-2}{role=FOLLOWER} - Sending AppendResponse{status=OK, term=1, succeeded=true, lastLogIndex=1}
21:52:15.820 [raft-server-raft-partition-2] TRACE i.a.p.raft.roles.LeaderAppender - RaftServer{raft-partition-2} - Received AppendResponse{status=OK, term=1, succeeded=true, lastLogIndex=1} from 3
21:52:15.820 [raft-server-raft-partition-2] TRACE i.a.p.raft.roles.LeaderAppender - RaftServer{raft-partition-2} - Received AppendResponse{status=OK, term=1, succeeded=true, lastLogIndex=1} from 2
21:52:15.826 [raft-server-raft-partition-6] TRACE i.a.p.raft.roles.LeaderAppender - RaftServer{raft-partition-6} - Sending AppendRequest{term=1, leader=1, prevLogIndex=1, prevLogTerm=1, entries=0, commitIndex=1} to 2
21:52:15.826 [raft-server-raft-partition-6] TRACE i.a.p.raft.roles.LeaderAppender - RaftServer{raft-partition-6} - Sending AppendRequest{term=1, leader=1, prevLogIndex=1, prevLogTerm=1, entries=0, commitIndex=1} to 3
21:52:15.826 [raft-server-raft-partition-6] TRACE i.a.p.raft.roles.FollowerRole - RaftServer{raft-partition-6}{role=FOLLOWER} - Received AppendRequest{term=1, leader=1, prevLogIndex=1, prevLogTerm=1, entries=0, commitIndex=1}
21:52:15.826 [raft-server-raft-partition-6] TRACE i.a.p.raft.roles.FollowerRole - RaftServer{raft-partition-6}{role=FOLLOWER} - Sending AppendResponse{status=OK, term=1, succeeded=true, lastLogIndex=1}
21:52:15.826 [raft-server-raft-partition-6] TRACE i.a.p.raft.roles.FollowerRole - RaftServer{raft-partition-6}{role=FOLLOWER} - Received AppendRequest{term=1, leader=1, prevLogIndex=1, prevLogTerm=1, entries=0, commitIndex=1}
21:52:15.826 [raft-server-raft-partition-6] TRACE i.a.p.raft.roles.FollowerRole - RaftServer{raft-partition-6}{role=FOLLOWER} - Sending AppendResponse{status=OK, term=1, succeeded=true, lastLogIndex=1}
21:52:15.826 [raft-server-raft-partition-6] TRACE i.a.p.raft.roles.LeaderAppender - RaftServer{raft-partition-6} - Received AppendResponse{status=OK, term=1, succeeded=true, lastLogIndex=1} from 2
21:52:15.826 [raft-server-raft-partition-6] TRACE i.a.p.raft.roles.LeaderAppender - RaftServer{raft-partition-6} - Sending AppendRequest{term=1, leader=1, prevLogIndex=1, prevLogTerm=1, entries=0, commitIndex=1} to 2
21:52:15.826 [raft-server-raft-partition-6] TRACE i.a.p.raft.roles.LeaderAppender - RaftServer{raft-partition-6} - Received AppendResponse{status=OK, term=1, succeeded=true, lastLogIndex=1} from 3
21:52:15.826 [raft-server-raft-partition-6] TRACE i.a.p.raft.roles.LeaderAppender - RaftServer{raft-partition-6} - Sending AppendRequest{term=1, leader=1, prevLogIndex=1, prevLogTerm=1, entries=0, commitIndex=1} to 3
21:52:15.826 [raft-server-raft-partition-6] TRACE i.a.p.raft.roles.FollowerRole - RaftServer{raft-partition-6}{role=FOLLOWER} - Received AppendRequest{term=1, leader=1, prevLogIndex=1, prevLogTerm=1, entries=0, commitIndex=1}
21:52:15.826 [raft-server-raft-partition-6] TRACE i.a.p.raft.roles.FollowerRole - RaftServer{raft-partition-6}{role=FOLLOWER} - Sending AppendResponse{status=OK, term=1, succeeded=true, lastLogIndex=1}
21:52:15.826 [raft-server-raft-partition-6] TRACE i.a.p.raft.roles.FollowerRole - RaftServer{raft-partition-6}{role=FOLLOWER} - Received AppendRequest{term=1, leader=1, prevLogIndex=1, prevLogTerm=1, entries=0, commitIndex=1}
21:52:15.827 [raft-server-raft-partition-6] TRACE i.a.p.raft.roles.FollowerRole - RaftServer{raft-partition-6}{role=FOLLOWER} - Sending AppendResponse{status=OK, term=1, succeeded=true, lastLogIndex=1}
21:52:15.827 [raft-server-raft-partition-6] TRACE i.a.p.raft.roles.LeaderAppender - RaftServer{raft-partition-6} - Received AppendResponse{status=OK, term=1, succeeded=true, lastLogIndex=1} from 2
21:52:15.827 [raft-server-raft-partition-6] TRACE i.a.p.raft.roles.LeaderAppender - RaftServer{raft-partition-6} - Sending AppendRequest{term=1, leader=1, prevLogIndex=1, prevLogTerm=1, entries=0, commitIndex=1} to 2
21:52:15.827 [raft-server-raft-partition-6] TRACE i.a.p.raft.roles.LeaderAppender - RaftServer{raft-partition-6} - Received AppendResponse{status=OK, term=1, succeeded=true, lastLogIndex=1} from 3
21:52:15.827 [raft-server-raft-partition-6] TRACE i.a.p.raft.roles.LeaderAppender - RaftServer{raft-partition-6} - Sending AppendRequest{term=1, leader=1, prevLogIndex=1, prevLogTerm=1, entries=0, commitIndex=1} to 3
21:52:15.827 [raft-server-raft-partition-6] TRACE i.a.p.raft.roles.FollowerRole - RaftServer{raft-partition-6}{role=FOLLOWER} - Received AppendRequest{term=1, leader=1, prevLogIndex=1, prevLogTerm=1, entries=0, commitIndex=1}
21:52:15.827 [raft-server-raft-partition-6] TRACE i.a.p.raft.roles.FollowerRole - RaftServer{raft-partition-6}{role=FOLLOWER} - Sending AppendResponse{status=OK, term=1, succeeded=true, lastLogIndex=1}
21:52:15.827 [raft-server-raft-partition-6] TRACE i.a.p.raft.roles.LeaderAppender - RaftServer{raft-partition-6} - Received AppendResponse{status=OK, term=1, succeeded=true, lastLogIndex=1} from 2
21:52:15.827 [raft-server-raft-partition-6] TRACE i.a.p.raft.roles.FollowerRole - RaftServer{raft-partition-6}{role=FOLLOWER} - Received AppendRequest{term=1, leader=1, prevLogIndex=1, prevLogTerm=1, entries=0, commitIndex=1}
21:52:15.827 [raft-server-raft-partition-6] TRACE i.a.p.raft.roles.FollowerRole - RaftServer{raft-partition-6}{role=FOLLOWER} - Sending AppendResponse{status=OK, term=1, succeeded=true, lastLogIndex=1}
21:52:15.827 [raft-server-raft-partition-6] TRACE i.a.p.raft.roles.LeaderAppender - RaftServer{raft-partition-6} - Received AppendResponse{status=OK, term=1, succeeded=true, lastLogIndex=1} from 3
21:52:15.875 [raft-server-raft-partition-3] TRACE i.a.p.raft.roles.LeaderAppender - RaftServer{raft-partition-3} - Sending AppendRequest{term=3, leader=1, prevLogIndex=1, prevLogTerm=2, entries=0, commitIndex=1} to 2
21:52:15.875 [raft-server-raft-partition-3] TRACE i.a.p.raft.roles.LeaderAppender - RaftServer{raft-partition-3} - Sending AppendRequest{term=3, leader=1, prevLogIndex=1, prevLogTerm=2, entries=0, commitIndex=1} to 3
21:52:15.875 [raft-server-raft-partition-3] TRACE i.a.p.raft.roles.FollowerRole - RaftServer{raft-partition-3}{role=FOLLOWER} - Received AppendRequest{term=3, leader=1, prevLogIndex=1, prevLogTerm=2, entries=0, commitIndex=1}
21:52:15.875 [raft-server-raft-partition-3] TRACE i.a.p.raft.roles.FollowerRole - RaftServer{raft-partition-3}{role=FOLLOWER} - Received AppendRequest{term=3, leader=1, prevLogIndex=1, prevLogTerm=2, entries=0, commitIndex=1}
21:52:15.875 [raft-server-raft-partition-3] TRACE i.a.p.raft.roles.FollowerRole - RaftServer{raft-partition-3}{role=FOLLOWER} - Sending AppendResponse{status=OK, term=3, succeeded=true, lastLogIndex=1}
21:52:15.875 [raft-server-raft-partition-3] TRACE i.a.p.raft.roles.FollowerRole - RaftServer{raft-partition-3}{role=FOLLOWER} - Sending AppendResponse{status=OK, term=3, succeeded=true, lastLogIndex=1}
21:52:15.876 [raft-server-raft-partition-3] TRACE i.a.p.raft.roles.LeaderAppender - RaftServer{raft-partition-3} - Received AppendResponse{status=OK, term=3, succeeded=true, lastLogIndex=1} from 3
21:52:15.876 [raft-server-raft-partition-3] TRACE i.a.p.raft.roles.LeaderAppender - RaftServer{raft-partition-3} - Sending AppendRequest{term=3, leader=1, prevLogIndex=1, prevLogTerm=2, entries=0, commitIndex=1} to 3
21:52:15.876 [raft-server-raft-partition-3] TRACE i.a.p.raft.roles.LeaderAppender - RaftServer{raft-partition-3} - Received AppendResponse{status=OK, term=3, succeeded=true, lastLogIndex=1} from 2
21:52:15.876 [raft-server-raft-partition-3] TRACE i.a.p.raft.roles.LeaderAppender - RaftServer{raft-partition-3} - Sending AppendRequest{term=3, leader=1, prevLogIndex=1, prevLogTerm=2, entries=0, commitIndex=1} to 2
21:52:15.876 [raft-server-raft-partition-3] TRACE i.a.p.raft.roles.FollowerRole - RaftServer{raft-partition-3}{role=FOLLOWER} - Received AppendRequest{term=3, leader=1, prevLogIndex=1, prevLogTerm=2, entries=0, commitIndex=1}
21:52:15.876 [raft-server-raft-partition-3] TRACE i.a.p.raft.roles.FollowerRole - RaftServer{raft-partition-3}{role=FOLLOWER} - Received AppendRequest{term=3, leader=1, prevLogIndex=1, prevLogTerm=2, entries=0, commitIndex=1}
21:52:15.876 [raft-server-raft-partition-3] TRACE i.a.p.raft.roles.FollowerRole - RaftServer{raft-partition-3}{role=FOLLOWER} - Sending AppendResponse{status=OK, term=3, succeeded=true, lastLogIndex=1}
21:52:15.876 [raft-server-raft-partition-3] TRACE i.a.p.raft.roles.FollowerRole - RaftServer{raft-partition-3}{role=FOLLOWER} - Sending AppendResponse{status=OK, term=3, succeeded=true, lastLogIndex=1}
21:52:15.876 [raft-server-raft-partition-3] TRACE i.a.p.raft.roles.LeaderAppender - RaftServer{raft-partition-3} - Received AppendResponse{status=OK, term=3, succeeded=true, lastLogIndex=1} from 3
21:52:15.876 [raft-server-raft-partition-3] TRACE i.a.p.raft.roles.LeaderAppender - RaftServer{raft-partition-3} - Received AppendResponse{status=OK, term=3, succeeded=true, lastLogIndex=1} from 2
21:52:15.884 [raft-server-raft-partition-1] TRACE i.a.p.raft.roles.LeaderAppender - RaftServer{raft-partition-1} - Sending AppendRequest{term=1, leader=2, prevLogIndex=1, prevLogTerm=1, entries=0, commitIndex=1} to 3
21:52:15.885 [raft-server-raft-partition-1] TRACE i.a.p.raft.roles.FollowerRole - RaftServer{raft-partition-1}{role=FOLLOWER} - Received AppendRequest{term=1, leader=2, prevLogIndex=1, prevLogTerm=1, entries=0, commitIndex=1}
21:52:15.885 [raft-server-raft-partition-1] TRACE i.a.p.raft.roles.FollowerRole - RaftServer{raft-partition-1}{role=FOLLOWER} - Sending AppendResponse{status=OK, term=1, succeeded=true, lastLogIndex=1}
21:52:15.885 [raft-server-raft-partition-1] TRACE i.a.p.raft.roles.LeaderAppender - RaftServer{raft-partition-1} - Received AppendResponse{status=OK, term=1, succeeded=true, lastLogIndex=1} from 3
21:52:15.885 [raft-server-raft-partition-1] TRACE i.a.p.raft.roles.LeaderAppender - RaftServer{raft-partition-1} - Sending AppendRequest{term=1, leader=2, prevLogIndex=1, prevLogTerm=1, entries=0, commitIndex=1} to 3
21:52:15.885 [raft-server-raft-partition-1] TRACE i.a.p.raft.roles.FollowerRole - RaftServer{raft-partition-1}{role=FOLLOWER} - Received AppendRequest{term=1, leader=2, prevLogIndex=1, prevLogTerm=1, entries=0, commitIndex=1}
21:52:15.886 [raft-server-raft-partition-1] TRACE i.a.p.raft.roles.FollowerRole - RaftServer{raft-partition-1}{role=FOLLOWER} - Sending AppendResponse{status=OK, term=1, succeeded=true, lastLogIndex=1}
21:52:15.886 [raft-server-raft-partition-1] TRACE i.a.p.raft.roles.LeaderAppender - RaftServer{raft-partition-1} - Received AppendResponse{status=OK, term=1, succeeded=true, lastLogIndex=1} from 3
21:52:15.917 [raft-server-system-partition-1] TRACE i.a.p.raft.roles.LeaderAppender - RaftServer{system-partition-1} - Sending AppendRequest{term=1, leader=1, prevLogIndex=13, prevLogTerm=1, entries=0, commitIndex=13} to 2
21:52:15.917 [raft-server-system-partition-1] TRACE i.a.p.raft.roles.LeaderAppender - RaftServer{system-partition-1} - Sending AppendRequest{term=1, leader=1, prevLogIndex=13, prevLogTerm=1, entries=0, commitIndex=13} to 3
21:52:15.917 [raft-server-system-partition-1] TRACE i.a.p.raft.roles.FollowerRole - RaftServer{system-partition-1}{role=FOLLOWER} - Received AppendRequest{term=1, leader=1, prevLogIndex=13, prevLogTerm=1, entries=0, commitIndex=13}
21:52:15.917 [raft-server-system-partition-1] TRACE i.a.p.raft.roles.FollowerRole - RaftServer{system-partition-1}{role=FOLLOWER} - Sending AppendResponse{status=OK, term=1, succeeded=true, lastLogIndex=13}
21:52:15.917 [raft-server-system-partition-1] TRACE i.a.p.raft.roles.FollowerRole - RaftServer{system-partition-1}{role=FOLLOWER} - Received AppendRequest{term=1, leader=1, prevLogIndex=13, prevLogTerm=1, entries=0, commitIndex=13}
21:52:15.917 [raft-server-system-partition-1] TRACE i.a.p.raft.roles.FollowerRole - RaftServer{system-partition-1}{role=FOLLOWER} - Sending AppendResponse{status=OK, term=1, succeeded=true, lastLogIndex=13}
21:52:15.918 [raft-server-system-partition-1] TRACE i.a.p.raft.roles.LeaderAppender - RaftServer{system-partition-1} - Received AppendResponse{status=OK, term=1, succeeded=true, lastLogIndex=13} from 2
21:52:15.918 [raft-server-system-partition-1] TRACE i.a.p.raft.roles.LeaderAppender - RaftServer{system-partition-1} - Sending AppendRequest{term=1, leader=1, prevLogIndex=13, prevLogTerm=1, entries=0, commitIndex=13} to 2
21:52:15.918 [raft-server-system-partition-1] TRACE i.a.p.raft.roles.LeaderAppender - RaftServer{system-partition-1} - Received AppendResponse{status=OK, term=1, succeeded=true, lastLogIndex=13} from 3
21:52:15.918 [raft-server-system-partition-1] TRACE i.a.p.raft.roles.LeaderAppender - RaftServer{system-partition-1} - Sending AppendRequest{term=1, leader=1, prevLogIndex=13, prevLogTerm=1, entries=0, commitIndex=13} to 3
21:52:15.918 [raft-server-system-partition-1] TRACE i.a.p.raft.roles.FollowerRole - RaftServer{system-partition-1}{role=FOLLOWER} - Received AppendRequest{term=1, leader=1, prevLogIndex=13, prevLogTerm=1, entries=0, commitIndex=13}
21:52:15.918 [raft-server-system-partition-1] TRACE i.a.p.raft.roles.FollowerRole - RaftServer{system-partition-1}{role=FOLLOWER} - Received AppendRequest{term=1, leader=1, prevLogIndex=13, prevLogTerm=1, entries=0, commitIndex=13}
21:52:15.918 [raft-server-system-partition-1] TRACE i.a.p.raft.roles.FollowerRole - RaftServer{system-partition-1}{role=FOLLOWER} - Sending AppendResponse{status=OK, term=1, succeeded=true, lastLogIndex=13}
21:52:15.918 [raft-server-system-partition-1] TRACE i.a.p.raft.roles.FollowerRole - RaftServer{system-partition-1}{role=FOLLOWER} - Sending AppendResponse{status=OK, term=1, succeeded=true, lastLogIndex=13}
21:52:15.918 [raft-server-system-partition-1] TRACE i.a.p.raft.roles.LeaderAppender - RaftServer{system-partition-1} - Received AppendResponse{status=OK, term=1, succeeded=true, lastLogIndex=13} from 2
21:52:15.918 [raft-server-system-partition-1] TRACE i.a.p.raft.roles.LeaderAppender - RaftServer{system-partition-1} - Received AppendResponse{status=OK, term=1, succeeded=true, lastLogIndex=13} from 3
21:52:15.959 [raft-server-raft-partition-5] TRACE i.a.p.raft.roles.LeaderAppender - RaftServer{raft-partition-5} - Sending AppendRequest{term=1, leader=3, prevLogIndex=1, prevLogTerm=1, entries=0, commitIndex=1} to 1
21:52:15.959 [raft-server-raft-partition-5] TRACE i.a.p.raft.roles.LeaderAppender - RaftServer{raft-partition-5} - Sending AppendRequest{term=1, leader=3, prevLogIndex=1, prevLogTerm=1, entries=0, commitIndex=1} to 2
21:52:15.959 [raft-server-raft-partition-7] TRACE i.a.p.raft.roles.LeaderAppender - RaftServer{raft-partition-7} - Sending AppendRequest{term=1, leader=2, prevLogIndex=1, prevLogTerm=1, entries=0, commitIndex=1} to 1
21:52:15.959 [raft-server-raft-partition-5] TRACE i.a.p.raft.roles.FollowerRole - RaftServer{raft-partition-5}{role=FOLLOWER} - Received AppendRequest{term=1, leader=3, prevLogIndex=1, prevLogTerm=1, entries=0, commitIndex=1}
21:52:15.959 [raft-server-raft-partition-5] TRACE i.a.p.raft.roles.FollowerRole - RaftServer{raft-partition-5}{role=FOLLOWER} - Received AppendRequest{term=1, leader=3, prevLogIndex=1, prevLogTerm=1, entries=0, commitIndex=1}
21:52:15.959 [raft-server-raft-partition-7] TRACE i.a.p.raft.roles.LeaderAppender - RaftServer{raft-partition-7} - Sending AppendRequest{term=1, leader=2, prevLogIndex=1, prevLogTerm=1, entries=0, commitIndex=1} to 3
21:52:15.959 [raft-server-raft-partition-5] TRACE i.a.p.raft.roles.FollowerRole - RaftServer{raft-partition-5}{role=FOLLOWER} - Sending AppendResponse{status=OK, term=1, succeeded=true, lastLogIndex=1}
21:52:15.959 [raft-server-raft-partition-5] TRACE i.a.p.raft.roles.FollowerRole - RaftServer{raft-partition-5}{role=FOLLOWER} - Sending AppendResponse{status=OK, term=1, succeeded=true, lastLogIndex=1}
21:52:15.959 [raft-server-raft-partition-7] TRACE i.a.p.raft.roles.FollowerRole - RaftServer{raft-partition-7}{role=FOLLOWER} - Received AppendRequest{term=1, leader=2, prevLogIndex=1, prevLogTerm=1, entries=0, commitIndex=1}
21:52:15.959 [raft-server-raft-partition-7] TRACE i.a.p.raft.roles.FollowerRole - RaftServer{raft-partition-7}{role=FOLLOWER} - Received AppendRequest{term=1, leader=2, prevLogIndex=1, prevLogTerm=1, entries=0, commitIndex=1}
21:52:15.959 [raft-server-raft-partition-7] TRACE i.a.p.raft.roles.FollowerRole - RaftServer{raft-partition-7}{role=FOLLOWER} - Sending AppendResponse{status=OK, term=1, succeeded=true, lastLogIndex=1}
21:52:15.959 [raft-server-raft-partition-5] TRACE i.a.p.raft.roles.LeaderAppender - RaftServer{raft-partition-5} - Received AppendResponse{status=OK, term=1, succeeded=true, lastLogIndex=1} from 2
21:52:15.959 [raft-server-raft-partition-7] TRACE i.a.p.raft.roles.FollowerRole - RaftServer{raft-partition-7}{role=FOLLOWER} - Sending AppendResponse{status=OK, term=1, succeeded=true, lastLogIndex=1}
21:52:15.960 [raft-server-raft-partition-5] TRACE i.a.p.raft.roles.LeaderAppender - RaftServer{raft-partition-5} - Sending AppendRequest{term=1, leader=3, prevLogIndex=1, prevLogTerm=1, entries=0, commitIndex=1} to 2
21:52:15.960 [raft-server-raft-partition-7] TRACE i.a.p.raft.roles.LeaderAppender - RaftServer{raft-partition-7} - Received AppendResponse{status=OK, term=1, succeeded=true, lastLogIndex=1} from 1
21:52:15.960 [raft-server-raft-partition-5] TRACE i.a.p.raft.roles.LeaderAppender - RaftServer{raft-partition-5} - Received AppendResponse{status=OK, term=1, succeeded=true, lastLogIndex=1} from 1
21:52:15.960 [raft-server-raft-partition-7] TRACE i.a.p.raft.roles.LeaderAppender - RaftServer{raft-partition-7} - Sending AppendRequest{term=1, leader=2, prevLogIndex=1, prevLogTerm=1, entries=0, commitIndex=1} to 1
21:52:15.960 [raft-server-raft-partition-5] TRACE i.a.p.raft.roles.LeaderAppender - RaftServer{raft-partition-5} - Sending AppendRequest{term=1, leader=3, prevLogIndex=1, prevLogTerm=1, entries=0, commitIndex=1} to 1
21:52:15.960 [raft-server-raft-partition-5] TRACE i.a.p.raft.roles.FollowerRole - RaftServer{raft-partition-5}{role=FOLLOWER} - Received AppendRequest{term=1, leader=3, prevLogIndex=1, prevLogTerm=1, entries=0, commitIndex=1}
21:52:15.960 [raft-server-raft-partition-7] TRACE i.a.p.raft.roles.LeaderAppender - RaftServer{raft-partition-7} - Received AppendResponse{status=OK, term=1, succeeded=true, lastLogIndex=1} from 3
21:52:15.960 [raft-server-raft-partition-5] TRACE i.a.p.raft.roles.FollowerRole - RaftServer{raft-partition-5}{role=FOLLOWER} - Sending AppendResponse{status=OK, term=1, succeeded=true, lastLogIndex=1}
21:52:15.960 [raft-server-raft-partition-7] TRACE i.a.p.raft.roles.FollowerRole - RaftServer{raft-partition-7}{role=FOLLOWER} - Received AppendRequest{term=1, leader=2, prevLogIndex=1, prevLogTerm=1, entries=0, commitIndex=1}
21:52:15.960 [raft-server-raft-partition-5] TRACE i.a.p.raft.roles.FollowerRole - RaftServer{raft-partition-5}{role=FOLLOWER} - Received AppendRequest{term=1, leader=3, prevLogIndex=1, prevLogTerm=1, entries=0, commitIndex=1}
21:52:15.960 [raft-server-raft-partition-7] TRACE i.a.p.raft.roles.LeaderAppender - RaftServer{raft-partition-7} - Sending AppendRequest{term=1, leader=2, prevLogIndex=1, prevLogTerm=1, entries=0, commitIndex=1} to 3
21:52:15.960 [raft-server-raft-partition-7] TRACE i.a.p.raft.roles.FollowerRole - RaftServer{raft-partition-7}{role=FOLLOWER} - Sending AppendResponse{status=OK, term=1, succeeded=true, lastLogIndex=1}
21:52:15.960 [raft-server-raft-partition-5] TRACE i.a.p.raft.roles.FollowerRole - RaftServer{raft-partition-5}{role=FOLLOWER} - Sending AppendResponse{status=OK, term=1, succeeded=true, lastLogIndex=1}
21:52:15.960 [raft-server-raft-partition-5] TRACE i.a.p.raft.roles.LeaderAppender - RaftServer{raft-partition-5} - Received AppendResponse{status=OK, term=1, succeeded=true, lastLogIndex=1} from 2
21:52:15.960 [raft-server-raft-partition-7] TRACE i.a.p.raft.roles.FollowerRole - RaftServer{raft-partition-7}{role=FOLLOWER} - Received AppendRequest{term=1, leader=2, prevLogIndex=1, prevLogTerm=1, entries=0, commitIndex=1}
21:52:15.961 [raft-server-raft-partition-7] TRACE i.a.p.raft.roles.LeaderAppender - RaftServer{raft-partition-7} - Received AppendResponse{status=OK, term=1, succeeded=true, lastLogIndex=1} from 1
21:52:15.961 [raft-server-raft-partition-7] TRACE i.a.p.raft.roles.FollowerRole - RaftServer{raft-partition-7}{role=FOLLOWER} - Sending AppendResponse{status=OK, term=1, succeeded=true, lastLogIndex=1}
21:52:15.961 [raft-server-raft-partition-5] TRACE i.a.p.raft.roles.LeaderAppender - RaftServer{raft-partition-5} - Received AppendResponse{status=OK, term=1, succeeded=true, lastLogIndex=1} from 1
21:52:15.961 [raft-server-raft-partition-7] TRACE i.a.p.raft.roles.LeaderAppender - RaftServer{raft-partition-7} - Received AppendResponse{status=OK, term=1, succeeded=true, lastLogIndex=1} from 3
21:52:15.993 [raft-server-raft-partition-4] TRACE i.a.p.raft.roles.LeaderAppender - RaftServer{raft-partition-4} - Sending AppendRequest{term=1, leader=1, prevLogIndex=1, prevLogTerm=1, entries=0, commitIndex=1} to 2
21:52:15.993 [raft-server-raft-partition-4] TRACE i.a.p.raft.roles.LeaderAppender - RaftServer{raft-partition-4} - Sending AppendRequest{term=1, leader=1, prevLogIndex=1, prevLogTerm=1, entries=0, commitIndex=1} to 3
21:52:15.993 [raft-server-raft-partition-4] TRACE i.a.p.raft.roles.FollowerRole - RaftServer{raft-partition-4}{role=FOLLOWER} - Received AppendRequest{term=1, leader=1, prevLogIndex=1, prevLogTerm=1, entries=0, commitIndex=1}
21:52:15.993 [raft-server-raft-partition-4] TRACE i.a.p.raft.roles.FollowerRole - RaftServer{raft-partition-4}{role=FOLLOWER} - Received AppendRequest{term=1, leader=1, prevLogIndex=1, prevLogTerm=1, entries=0, commitIndex=1}
21:52:15.993 [raft-server-raft-partition-4] TRACE i.a.p.raft.roles.FollowerRole - RaftServer{raft-partition-4}{role=FOLLOWER} - Sending AppendResponse{status=OK, term=1, succeeded=true, lastLogIndex=1}
21:52:15.993 [raft-server-raft-partition-4] TRACE i.a.p.raft.roles.FollowerRole - RaftServer{raft-partition-4}{role=FOLLOWER} - Sending AppendResponse{status=OK, term=1, succeeded=true, lastLogIndex=1}
21:52:15.994 [raft-server-raft-partition-4] TRACE i.a.p.raft.roles.LeaderAppender - RaftServer{raft-partition-4} - Received AppendResponse{status=OK, term=1, succeeded=true, lastLogIndex=1} from 2
21:52:15.994 [raft-server-raft-partition-4] TRACE i.a.p.raft.roles.LeaderAppender - RaftServer{raft-partition-4} - Sending AppendRequest{term=1, leader=1, prevLogIndex=1, prevLogTerm=1, entries=0, commitIndex=1} to 2
21:52:15.994 [raft-server-raft-partition-4] TRACE i.a.p.raft.roles.LeaderAppender - RaftServer{raft-partition-4} - Received AppendResponse{status=OK, term=1, succeeded=true, lastLogIndex=1} from 3
21:52:15.994 [raft-server-raft-partition-4] TRACE i.a.p.raft.roles.LeaderAppender - RaftServer{raft-partition-4} - Sending AppendRequest{term=1, leader=1, prevLogIndex=1, prevLogTerm=1, entries=0, commitIndex=1} to 3
21:52:15.994 [raft-server-raft-partition-4] TRACE i.a.p.raft.roles.FollowerRole - RaftServer{raft-partition-4}{role=FOLLOWER} - Received AppendRequest{term=1, leader=1, prevLogIndex=1, prevLogTerm=1, entries=0, commitIndex=1}
21:52:15.994 [raft-server-raft-partition-4] TRACE i.a.p.raft.roles.FollowerRole - RaftServer{raft-partition-4}{role=FOLLOWER} - Sending AppendResponse{status=OK, term=1, succeeded=true, lastLogIndex=1}
21:52:15.994 [raft-server-raft-partition-4] TRACE i.a.p.raft.roles.FollowerRole - RaftServer{raft-partition-4}{role=FOLLOWER} - Received AppendRequest{term=1, leader=1, prevLogIndex=1, prevLogTerm=1, entries=0, commitIndex=1}
21:52:15.994 [raft-server-raft-partition-4] TRACE i.a.p.raft.roles.FollowerRole - RaftServer{raft-partition-4}{role=FOLLOWER} - Sending AppendResponse{status=OK, term=1, succeeded=true, lastLogIndex=1}
21:52:15.994 [raft-server-raft-partition-4] TRACE i.a.p.raft.roles.LeaderAppender - RaftServer{raft-partition-4} - Received AppendResponse{status=OK, term=1, succeeded=true, lastLogIndex=1} from 2
21:52:15.994 [raft-server-raft-partition-4] TRACE i.a.p.raft.roles.LeaderAppender - RaftServer{raft-partition-4} - Received AppendResponse{status=OK, term=1, succeeded=true, lastLogIndex=1} from 3
21:52:16.067 [raft-server-raft-partition-2] TRACE i.a.p.raft.roles.LeaderAppender - RaftServer{raft-partition-2} - Sending AppendRequest{term=1, leader=1, prevLogIndex=1, prevLogTerm=1, entries=0, commitIndex=1} to 2
21:52:16.068 [raft-server-raft-partition-2] TRACE i.a.p.raft.roles.LeaderAppender - RaftServer{raft-partition-2} - Sending AppendRequest{term=1, leader=1, prevLogIndex=1, prevLogTerm=1, entries=0, commitIndex=1} to 3
21:52:16.068 [raft-server-raft-partition-2] TRACE i.a.p.raft.roles.FollowerRole - RaftServer{raft-partition-2}{role=FOLLOWER} - Received AppendRequest{term=1, leader=1, prevLogIndex=1, prevLogTerm=1, entries=0, commitIndex=1}
21:52:16.068 [raft-server-raft-partition-2] TRACE i.a.p.raft.roles.FollowerRole - RaftServer{raft-partition-2}{role=FOLLOWER} - Received AppendRequest{term=1, leader=1, prevLogIndex=1, prevLogTerm=1, entries=0, commitIndex=1}
21:52:16.068 [raft-server-raft-partition-2] TRACE i.a.p.raft.roles.FollowerRole - RaftServer{raft-partition-2}{role=FOLLOWER} - Sending AppendResponse{status=OK, term=1, succeeded=true, lastLogIndex=1}
21:52:16.068 [raft-server-raft-partition-2] TRACE i.a.p.raft.roles.FollowerRole - RaftServer{raft-partition-2}{role=FOLLOWER} - Sending AppendResponse{status=OK, term=1, succeeded=true, lastLogIndex=1}
21:52:16.068 [raft-server-raft-partition-2] TRACE i.a.p.raft.roles.LeaderAppender - RaftServer{raft-partition-2} - Received AppendResponse{status=OK, term=1, succeeded=true, lastLogIndex=1} from 2
21:52:16.068 [raft-server-raft-partition-2] TRACE i.a.p.raft.roles.LeaderAppender - RaftServer{raft-partition-2} - Sending AppendRequest{term=1, leader=1, prevLogIndex=1, prevLogTerm=1, entries=0, commitIndex=1} to 2
21:52:16.068 [raft-server-raft-partition-2] TRACE i.a.p.raft.roles.LeaderAppender - RaftServer{raft-partition-2} - Received AppendResponse{status=OK, term=1, succeeded=true, lastLogIndex=1} from 3
21:52:16.068 [raft-server-raft-partition-2] TRACE i.a.p.raft.roles.FollowerRole - RaftServer{raft-partition-2}{role=FOLLOWER} - Received AppendRequest{term=1, leader=1, prevLogIndex=1, prevLogTerm=1, entries=0, commitIndex=1}
21:52:16.069 [raft-server-raft-partition-2] TRACE i.a.p.raft.roles.FollowerRole - RaftServer{raft-partition-2}{role=FOLLOWER} - Sending AppendResponse{status=OK, term=1, succeeded=true, lastLogIndex=1}
21:52:16.069 [raft-server-raft-partition-2] TRACE i.a.p.raft.roles.LeaderAppender - RaftServer{raft-partition-2} - Received AppendResponse{status=OK, term=1, succeeded=true, lastLogIndex=1} from 2
21:52:16.076 [raft-server-raft-partition-6] TRACE i.a.p.raft.roles.LeaderAppender - RaftServer{raft-partition-6} - Sending AppendRequest{term=1, leader=1, prevLogIndex=1, prevLogTerm=1, entries=0, commitIndex=1} to 2
21:52:16.076 [raft-server-raft-partition-6] TRACE i.a.p.raft.roles.LeaderAppender - RaftServer{raft-partition-6} - Sending AppendRequest{term=1, leader=1, prevLogIndex=1, prevLogTerm=1, entries=0, commitIndex=1} to 3
21:52:16.076 [raft-server-raft-partition-6] TRACE i.a.p.raft.roles.FollowerRole - RaftServer{raft-partition-6}{role=FOLLOWER} - Received AppendRequest{term=1, leader=1, prevLogIndex=1, prevLogTerm=1, entries=0, commitIndex=1}
21:52:16.076 [raft-server-raft-partition-6] TRACE i.a.p.raft.roles.FollowerRole - RaftServer{raft-partition-6}{role=FOLLOWER} - Received AppendRequest{term=1, leader=1, prevLogIndex=1, prevLogTerm=1, entries=0, commitIndex=1}
21:52:16.076 [raft-server-raft-partition-6] TRACE i.a.p.raft.roles.FollowerRole - RaftServer{raft-partition-6}{role=FOLLOWER} - Sending AppendResponse{status=OK, term=1, succeeded=true, lastLogIndex=1}
21:52:16.076 [raft-server-raft-partition-6] TRACE i.a.p.raft.roles.FollowerRole - RaftServer{raft-partition-6}{role=FOLLOWER} - Sending AppendResponse{status=OK, term=1, succeeded=true, lastLogIndex=1}
21:52:16.076 [raft-server-raft-partition-6] TRACE i.a.p.raft.roles.LeaderAppender - RaftServer{raft-partition-6} - Received AppendResponse{status=OK, term=1, succeeded=true, lastLogIndex=1} from 2
21:52:16.076 [raft-server-raft-partition-6] TRACE i.a.p.raft.roles.LeaderAppender - RaftServer{raft-partition-6} - Sending AppendRequest{term=1, leader=1, prevLogIndex=1, prevLogTerm=1, entries=0, commitIndex=1} to 2
21:52:16.076 [raft-server-raft-partition-6] TRACE i.a.p.raft.roles.LeaderAppender - RaftServer{raft-partition-6} - Received AppendResponse{status=OK, term=1, succeeded=true, lastLogIndex=1} from 3
21:52:16.076 [raft-server-raft-partition-6] TRACE i.a.p.raft.roles.LeaderAppender - RaftServer{raft-partition-6} - Sending AppendRequest{term=1, leader=1, prevLogIndex=1, prevLogTerm=1, entries=0, commitIndex=1} to 3
21:52:16.077 [raft-server-raft-partition-6] TRACE i.a.p.raft.roles.FollowerRole - RaftServer{raft-partition-6}{role=FOLLOWER} - Received AppendRequest{term=1, leader=1, prevLogIndex=1, prevLogTerm=1, entries=0, commitIndex=1}
21:52:16.077 [raft-server-raft-partition-6] TRACE i.a.p.raft.roles.FollowerRole - RaftServer{raft-partition-6}{role=FOLLOWER} - Received AppendRequest{term=1, leader=1, prevLogIndex=1, prevLogTerm=1, entries=0, commitIndex=1}
21:52:16.077 [raft-server-raft-partition-6] TRACE i.a.p.raft.roles.FollowerRole - RaftServer{raft-partition-6}{role=FOLLOWER} - Sending AppendResponse{status=OK, term=1, succeeded=true, lastLogIndex=1}
21:52:16.077 [raft-server-raft-partition-6] TRACE i.a.p.raft.roles.FollowerRole - RaftServer{raft-partition-6}{role=FOLLOWER} - Sending AppendResponse{status=OK, term=1, succeeded=true, lastLogIndex=1}
21:52:16.077 [raft-server-raft-partition-6] TRACE i.a.p.raft.roles.LeaderAppender - RaftServer{raft-partition-6} - Received AppendResponse{status=OK, term=1, succeeded=true, lastLogIndex=1} from 2
21:52:16.077 [raft-server-raft-partition-6] TRACE i.a.p.raft.roles.LeaderAppender - RaftServer{raft-partition-6} - Sending AppendRequest{term=1, leader=1, prevLogIndex=1, prevLogTerm=1, entries=0, commitIndex=1} to 2
21:52:16.077 [raft-server-raft-partition-6] TRACE i.a.p.raft.roles.LeaderAppender - RaftServer{raft-partition-6} - Received AppendResponse{status=OK, term=1, succeeded=true, lastLogIndex=1} from 3
21:52:16.077 [raft-server-raft-partition-6] TRACE i.a.p.raft.roles.LeaderAppender - RaftServer{raft-partition-6} - Sending AppendRequest{term=1, leader=1, prevLogIndex=1, prevLogTerm=1, entries=0, commitIndex=1} to 3
21:52:16.077 [raft-server-raft-partition-6] TRACE i.a.p.raft.roles.FollowerRole - RaftServer{raft-partition-6}{role=FOLLOWER} - Received AppendRequest{term=1, leader=1, prevLogIndex=1, prevLogTerm=1, entries=0, commitIndex=1}
21:52:16.077 [raft-server-raft-partition-6] TRACE i.a.p.raft.roles.FollowerRole - RaftServer{raft-partition-6}{role=FOLLOWER} - Received AppendRequest{term=1, leader=1, prevLogIndex=1, prevLogTerm=1, entries=0, commitIndex=1}
21:52:16.077 [raft-server-raft-partition-6] TRACE i.a.p.raft.roles.FollowerRole - RaftServer{raft-partition-6}{role=FOLLOWER} - Sending AppendResponse{status=OK, term=1, succeeded=true, lastLogIndex=1}
21:52:16.077 [raft-server-raft-partition-6] TRACE i.a.p.raft.roles.FollowerRole - RaftServer{raft-partition-6}{role=FOLLOWER} - Sending AppendResponse{status=OK, term=1, succeeded=true, lastLogIndex=1}
21:52:16.078 [raft-server-raft-partition-6] TRACE i.a.p.raft.roles.LeaderAppender - RaftServer{raft-partition-6} - Received AppendResponse{status=OK, term=1, succeeded=true, lastLogIndex=1} from 3
21:52:16.078 [raft-server-raft-partition-6] TRACE i.a.p.raft.roles.LeaderAppender - RaftServer{raft-partition-6} - Received AppendResponse{status=OK, term=1, succeeded=true, lastLogIndex=1} from 2
21:52:16.125 [raft-server-raft-partition-3] TRACE i.a.p.raft.roles.LeaderAppender - RaftServer{raft-partition-3} - Sending AppendRequest{term=3, leader=1, prevLogIndex=1, prevLogTerm=2, entries=0, commitIndex=1} to 2
21:52:16.125 [raft-server-raft-partition-3] TRACE i.a.p.raft.roles.LeaderAppender - RaftServer{raft-partition-3} - Sending AppendRequest{term=3, leader=1, prevLogIndex=1, prevLogTerm=2, entries=0, commitIndex=1} to 3
21:52:16.125 [raft-server-raft-partition-3] TRACE i.a.p.raft.roles.FollowerRole - RaftServer{raft-partition-3}{role=FOLLOWER} - Received AppendRequest{term=3, leader=1, prevLogIndex=1, prevLogTerm=2, entries=0, commitIndex=1}
21:52:16.125 [raft-server-raft-partition-3] TRACE i.a.p.raft.roles.FollowerRole - RaftServer{raft-partition-3}{role=FOLLOWER} - Sending AppendResponse{status=OK, term=3, succeeded=true, lastLogIndex=1}
21:52:16.125 [raft-server-raft-partition-3] TRACE i.a.p.raft.roles.FollowerRole - RaftServer{raft-partition-3}{role=FOLLOWER} - Received AppendRequest{term=3, leader=1, prevLogIndex=1, prevLogTerm=2, entries=0, commitIndex=1}
21:52:16.125 [raft-server-raft-partition-3] TRACE i.a.p.raft.roles.FollowerRole - RaftServer{raft-partition-3}{role=FOLLOWER} - Sending AppendResponse{status=OK, term=3, succeeded=true, lastLogIndex=1}
21:52:16.125 [raft-server-raft-partition-3] TRACE i.a.p.raft.roles.LeaderAppender - RaftServer{raft-partition-3} - Received AppendResponse{status=OK, term=3, succeeded=true, lastLogIndex=1} from 3
21:52:16.125 [raft-server-raft-partition-3] TRACE i.a.p.raft.roles.LeaderAppender - RaftServer{raft-partition-3} - Sending AppendRequest{term=3, leader=1, prevLogIndex=1, prevLogTerm=2, entries=0, commitIndex=1} to 3
21:52:16.126 [raft-server-raft-partition-3] TRACE i.a.p.raft.roles.LeaderAppender - RaftServer{raft-partition-3} - Received AppendResponse{status=OK, term=3, succeeded=true, lastLogIndex=1} from 2
21:52:16.126 [raft-server-raft-partition-3] TRACE i.a.p.raft.roles.LeaderAppender - RaftServer{raft-partition-3} - Sending AppendRequest{term=3, leader=1, prevLogIndex=1, prevLogTerm=2, entries=0, commitIndex=1} to 2
21:52:16.126 [raft-server-raft-partition-3] TRACE i.a.p.raft.roles.FollowerRole - RaftServer{raft-partition-3}{role=FOLLOWER} - Received AppendRequest{term=3, leader=1, prevLogIndex=1, prevLogTerm=2, entries=0, commitIndex=1}
21:52:16.126 [raft-server-raft-partition-3] TRACE i.a.p.raft.roles.FollowerRole - RaftServer{raft-partition-3}{role=FOLLOWER} - Sending AppendResponse{status=OK, term=3, succeeded=true, lastLogIndex=1}
21:52:16.126 [raft-server-raft-partition-3] TRACE i.a.p.raft.roles.FollowerRole - RaftServer{raft-partition-3}{role=FOLLOWER} - Received AppendRequest{term=3, leader=1, prevLogIndex=1, prevLogTerm=2, entries=0, commitIndex=1}
21:52:16.126 [raft-server-raft-partition-3] TRACE i.a.p.raft.roles.FollowerRole - RaftServer{raft-partition-3}{role=FOLLOWER} - Sending AppendResponse{status=OK, term=3, succeeded=true, lastLogIndex=1}
21:52:16.126 [raft-server-raft-partition-3] TRACE i.a.p.raft.roles.LeaderAppender - RaftServer{raft-partition-3} - Received AppendResponse{status=OK, term=3, succeeded=true, lastLogIndex=1} from 3
21:52:16.126 [raft-server-raft-partition-3] TRACE i.a.p.raft.roles.LeaderAppender - RaftServer{raft-partition-3} - Sending AppendRequest{term=3, leader=1, prevLogIndex=1, prevLogTerm=2, entries=0, commitIndex=1} to 3
21:52:16.126 [raft-server-raft-partition-3] TRACE i.a.p.raft.roles.LeaderAppender - RaftServer{raft-partition-3} - Received AppendResponse{status=OK, term=3, succeeded=true, lastLogIndex=1} from 2
21:52:16.126 [raft-server-raft-partition-3] TRACE i.a.p.raft.roles.FollowerRole - RaftServer{raft-partition-3}{role=FOLLOWER} - Received AppendRequest{term=3, leader=1, prevLogIndex=1, prevLogTerm=2, entries=0, commitIndex=1}
21:52:16.126 [raft-server-raft-partition-3] TRACE i.a.p.raft.roles.FollowerRole - RaftServer{raft-partition-3}{role=FOLLOWER} - Sending AppendResponse{status=OK, term=3, succeeded=true, lastLogIndex=1}
21:52:16.127 [raft-server-raft-partition-3] TRACE i.a.p.raft.roles.LeaderAppender - RaftServer{raft-partition-3} - Received AppendResponse{status=OK, term=3, succeeded=true, lastLogIndex=1} from 3
21:52:16.134 [raft-server-raft-partition-1] TRACE i.a.p.raft.roles.LeaderAppender - RaftServer{raft-partition-1} - Sending AppendRequest{term=1, leader=2, prevLogIndex=1, prevLogTerm=1, entries=0, commitIndex=1} to 3
21:52:16.135 [raft-server-raft-partition-1] TRACE i.a.p.raft.roles.FollowerRole - RaftServer{raft-partition-1}{role=FOLLOWER} - Received AppendRequest{term=1, leader=2, prevLogIndex=1, prevLogTerm=1, entries=0, commitIndex=1}
21:52:16.135 [raft-server-raft-partition-1] TRACE i.a.p.raft.roles.FollowerRole - RaftServer{raft-partition-1}{role=FOLLOWER} - Sending AppendResponse{status=OK, term=1, succeeded=true, lastLogIndex=1}
21:52:16.135 [raft-server-raft-partition-1] TRACE i.a.p.raft.roles.LeaderAppender - RaftServer{raft-partition-1} - Received AppendResponse{status=OK, term=1, succeeded=true, lastLogIndex=1} from 3
21:52:16.135 [raft-server-raft-partition-1] TRACE i.a.p.raft.roles.LeaderAppender - RaftServer{raft-partition-1} - Sending AppendRequest{term=1, leader=2, prevLogIndex=1, prevLogTerm=1, entries=0, commitIndex=1} to 3
21:52:16.136 [raft-server-raft-partition-1] TRACE i.a.p.raft.roles.FollowerRole - RaftServer{raft-partition-1}{role=FOLLOWER} - Received AppendRequest{term=1, leader=2, prevLogIndex=1, prevLogTerm=1, entries=0, commitIndex=1}
21:52:16.136 [raft-server-raft-partition-1] TRACE i.a.p.raft.roles.FollowerRole - RaftServer{raft-partition-1}{role=FOLLOWER} - Sending AppendResponse{status=OK, term=1, succeeded=true, lastLogIndex=1}
21:52:16.136 [raft-server-raft-partition-1] TRACE i.a.p.raft.roles.LeaderAppender - RaftServer{raft-partition-1} - Received AppendResponse{status=OK, term=1, succeeded=true, lastLogIndex=1} from 3
21:52:16.167 [raft-server-system-partition-1] TRACE i.a.p.raft.roles.LeaderAppender - RaftServer{system-partition-1} - Sending AppendRequest{term=1, leader=1, prevLogIndex=13, prevLogTerm=1, entries=0, commitIndex=13} to 2
21:52:16.167 [raft-server-system-partition-1] TRACE i.a.p.raft.roles.LeaderAppender - RaftServer{system-partition-1} - Sending AppendRequest{term=1, leader=1, prevLogIndex=13, prevLogTerm=1, entries=0, commitIndex=13} to 3
21:52:16.167 [raft-server-system-partition-1] TRACE i.a.p.raft.roles.FollowerRole - RaftServer{system-partition-1}{role=FOLLOWER} - Received AppendRequest{term=1, leader=1, prevLogIndex=13, prevLogTerm=1, entries=0, commitIndex=13}
21:52:16.168 [raft-server-system-partition-1] TRACE i.a.p.raft.roles.FollowerRole - RaftServer{system-partition-1}{role=FOLLOWER} - Sending AppendResponse{status=OK, term=1, succeeded=true, lastLogIndex=13}
21:52:16.168 [raft-server-system-partition-1] TRACE i.a.p.raft.roles.FollowerRole - RaftServer{system-partition-1}{role=FOLLOWER} - Received AppendRequest{term=1, leader=1, prevLogIndex=13, prevLogTerm=1, entries=0, commitIndex=13}
21:52:16.168 [raft-server-system-partition-1] TRACE i.a.p.raft.roles.FollowerRole - RaftServer{system-partition-1}{role=FOLLOWER} - Sending AppendResponse{status=OK, term=1, succeeded=true, lastLogIndex=13}
21:52:16.168 [raft-server-system-partition-1] TRACE i.a.p.raft.roles.LeaderAppender - RaftServer{system-partition-1} - Received AppendResponse{status=OK, term=1, succeeded=true, lastLogIndex=13} from 2
21:52:16.168 [raft-server-system-partition-1] TRACE i.a.p.raft.roles.LeaderAppender - RaftServer{system-partition-1} - Sending AppendRequest{term=1, leader=1, prevLogIndex=13, prevLogTerm=1, entries=0, commitIndex=13} to 2
21:52:16.168 [raft-server-system-partition-1] TRACE i.a.p.raft.roles.LeaderAppender - RaftServer{system-partition-1} - Received AppendResponse{status=OK, term=1, succeeded=true, lastLogIndex=13} from 3
21:52:16.168 [raft-server-system-partition-1] TRACE i.a.p.raft.roles.LeaderAppender - RaftServer{system-partition-1} - Sending AppendRequest{term=1, leader=1, prevLogIndex=13, prevLogTerm=1, entries=0, commitIndex=13} to 3
21:52:16.168 [raft-server-system-partition-1] TRACE i.a.p.raft.roles.FollowerRole - RaftServer{system-partition-1}{role=FOLLOWER} - Received AppendRequest{term=1, leader=1, prevLogIndex=13, prevLogTerm=1, entries=0, commitIndex=13}
21:52:16.168 [raft-server-system-partition-1] TRACE i.a.p.raft.roles.FollowerRole - RaftServer{system-partition-1}{role=FOLLOWER} - Sending AppendResponse{status=OK, term=1, succeeded=true, lastLogIndex=13}
21:52:16.168 [raft-server-system-partition-1] TRACE i.a.p.raft.roles.FollowerRole - RaftServer{system-partition-1}{role=FOLLOWER} - Received AppendRequest{term=1, leader=1, prevLogIndex=13, prevLogTerm=1, entries=0, commitIndex=13}
21:52:16.168 [raft-server-system-partition-1] TRACE i.a.p.raft.roles.FollowerRole - RaftServer{system-partition-1}{role=FOLLOWER} - Sending AppendResponse{status=OK, term=1, succeeded=true, lastLogIndex=13}
21:52:16.168 [raft-server-system-partition-1] TRACE i.a.p.raft.roles.LeaderAppender - RaftServer{system-partition-1} - Received AppendResponse{status=OK, term=1, succeeded=true, lastLogIndex=13} from 2
21:52:16.168 [raft-server-system-partition-1] TRACE i.a.p.raft.roles.LeaderAppender - RaftServer{system-partition-1} - Received AppendResponse{status=OK, term=1, succeeded=true, lastLogIndex=13} from 3
21:52:16.209 [raft-server-raft-partition-5] TRACE i.a.p.raft.roles.LeaderAppender - RaftServer{raft-partition-5} - Sending AppendRequest{term=1, leader=3, prevLogIndex=1, prevLogTerm=1, entries=0, commitIndex=1} to 1
21:52:16.209 [raft-server-raft-partition-5] TRACE i.a.p.raft.roles.LeaderAppender - RaftServer{raft-partition-5} - Sending AppendRequest{term=1, leader=3, prevLogIndex=1, prevLogTerm=1, entries=0, commitIndex=1} to 2
21:52:16.209 [raft-server-raft-partition-7] TRACE i.a.p.raft.roles.LeaderAppender - RaftServer{raft-partition-7} - Sending AppendRequest{term=1, leader=2, prevLogIndex=1, prevLogTerm=1, entries=0, commitIndex=1} to 1
21:52:16.209 [raft-server-raft-partition-7] TRACE i.a.p.raft.roles.LeaderAppender - RaftServer{raft-partition-7} - Sending AppendRequest{term=1, leader=2, prevLogIndex=1, prevLogTerm=1, entries=0, commitIndex=1} to 3
21:52:16.209 [raft-server-raft-partition-5] TRACE i.a.p.raft.roles.FollowerRole - RaftServer{raft-partition-5}{role=FOLLOWER} - Received AppendRequest{term=1, leader=3, prevLogIndex=1, prevLogTerm=1, entries=0, commitIndex=1}
21:52:16.209 [raft-server-raft-partition-5] TRACE i.a.p.raft.roles.FollowerRole - RaftServer{raft-partition-5}{role=FOLLOWER} - Received AppendRequest{term=1, leader=3, prevLogIndex=1, prevLogTerm=1, entries=0, commitIndex=1}
21:52:16.209 [raft-server-raft-partition-5] TRACE i.a.p.raft.roles.FollowerRole - RaftServer{raft-partition-5}{role=FOLLOWER} - Sending AppendResponse{status=OK, term=1, succeeded=true, lastLogIndex=1}
21:52:16.209 [raft-server-raft-partition-7] TRACE i.a.p.raft.roles.FollowerRole - RaftServer{raft-partition-7}{role=FOLLOWER} - Received AppendRequest{term=1, leader=2, prevLogIndex=1, prevLogTerm=1, entries=0, commitIndex=1}
21:52:16.209 [raft-server-raft-partition-7] TRACE i.a.p.raft.roles.FollowerRole - RaftServer{raft-partition-7}{role=FOLLOWER} - Received AppendRequest{term=1, leader=2, prevLogIndex=1, prevLogTerm=1, entries=0, commitIndex=1}
21:52:16.209 [raft-server-raft-partition-5] TRACE i.a.p.raft.roles.FollowerRole - RaftServer{raft-partition-5}{role=FOLLOWER} - Sending AppendResponse{status=OK, term=1, succeeded=true, lastLogIndex=1}
21:52:16.209 [raft-server-raft-partition-7] TRACE i.a.p.raft.roles.FollowerRole - RaftServer{raft-partition-7}{role=FOLLOWER} - Sending AppendResponse{status=OK, term=1, succeeded=true, lastLogIndex=1}
21:52:16.210 [raft-server-raft-partition-5] TRACE i.a.p.raft.roles.LeaderAppender - RaftServer{raft-partition-5} - Received AppendResponse{status=OK, term=1, succeeded=true, lastLogIndex=1} from 1
21:52:16.210 [raft-server-raft-partition-7] TRACE i.a.p.raft.roles.FollowerRole - RaftServer{raft-partition-7}{role=FOLLOWER} - Sending AppendResponse{status=OK, term=1, succeeded=true, lastLogIndex=1}
21:52:16.210 [raft-server-raft-partition-5] TRACE i.a.p.raft.roles.LeaderAppender - RaftServer{raft-partition-5} - Sending AppendRequest{term=1, leader=3, prevLogIndex=1, prevLogTerm=1, entries=0, commitIndex=1} to 1
21:52:16.210 [raft-server-raft-partition-7] TRACE i.a.p.raft.roles.LeaderAppender - RaftServer{raft-partition-7} - Received AppendResponse{status=OK, term=1, succeeded=true, lastLogIndex=1} from 1
21:52:16.210 [raft-server-raft-partition-5] TRACE i.a.p.raft.roles.LeaderAppender - RaftServer{raft-partition-5} - Received AppendResponse{status=OK, term=1, succeeded=true, lastLogIndex=1} from 2
21:52:16.210 [raft-server-raft-partition-7] TRACE i.a.p.raft.roles.LeaderAppender - RaftServer{raft-partition-7} - Sending AppendRequest{term=1, leader=2, prevLogIndex=1, prevLogTerm=1, entries=0, commitIndex=1} to 1
21:52:16.210 [raft-server-raft-partition-5] TRACE i.a.p.raft.roles.LeaderAppender - RaftServer{raft-partition-5} - Sending AppendRequest{term=1, leader=3, prevLogIndex=1, prevLogTerm=1, entries=0, commitIndex=1} to 2
21:52:16.210 [raft-server-raft-partition-7] TRACE i.a.p.raft.roles.LeaderAppender - RaftServer{raft-partition-7} - Received AppendResponse{status=OK, term=1, succeeded=true, lastLogIndex=1} from 3
21:52:16.210 [raft-server-raft-partition-5] TRACE i.a.p.raft.roles.FollowerRole - RaftServer{raft-partition-5}{role=FOLLOWER} - Received AppendRequest{term=1, leader=3, prevLogIndex=1, prevLogTerm=1, entries=0, commitIndex=1}
21:52:16.210 [raft-server-raft-partition-7] TRACE i.a.p.raft.roles.LeaderAppender - RaftServer{raft-partition-7} - Sending AppendRequest{term=1, leader=2, prevLogIndex=1, prevLogTerm=1, entries=0, commitIndex=1} to 3
21:52:16.210 [raft-server-raft-partition-7] TRACE i.a.p.raft.roles.FollowerRole - RaftServer{raft-partition-7}{role=FOLLOWER} - Received AppendRequest{term=1, leader=2, prevLogIndex=1, prevLogTerm=1, entries=0, commitIndex=1}
21:52:16.210 [raft-server-raft-partition-5] TRACE i.a.p.raft.roles.FollowerRole - RaftServer{raft-partition-5}{role=FOLLOWER} - Sending AppendResponse{status=OK, term=1, succeeded=true, lastLogIndex=1}
21:52:16.210 [raft-server-raft-partition-5] TRACE i.a.p.raft.roles.FollowerRole - RaftServer{raft-partition-5}{role=FOLLOWER} - Received AppendRequest{term=1, leader=3, prevLogIndex=1, prevLogTerm=1, entries=0, commitIndex=1}
21:52:16.210 [raft-server-raft-partition-7] TRACE i.a.p.raft.roles.FollowerRole - RaftServer{raft-partition-7}{role=FOLLOWER} - Sending AppendResponse{status=OK, term=1, succeeded=true, lastLogIndex=1}
21:52:16.210 [raft-server-raft-partition-7] TRACE i.a.p.raft.roles.FollowerRole - RaftServer{raft-partition-7}{role=FOLLOWER} - Received AppendRequest{term=1, leader=2, prevLogIndex=1, prevLogTerm=1, entries=0, commitIndex=1}
21:52:16.211 [raft-server-raft-partition-5] TRACE i.a.p.raft.roles.FollowerRole - RaftServer{raft-partition-5}{role=FOLLOWER} - Sending AppendResponse{status=OK, term=1, succeeded=true, lastLogIndex=1}
21:52:16.211 [raft-server-raft-partition-5] TRACE i.a.p.raft.roles.LeaderAppender - RaftServer{raft-partition-5} - Received AppendResponse{status=OK, term=1, succeeded=true, lastLogIndex=1} from 1
21:52:16.211 [raft-server-raft-partition-7] TRACE i.a.p.raft.roles.FollowerRole - RaftServer{raft-partition-7}{role=FOLLOWER} - Sending AppendResponse{status=OK, term=1, succeeded=true, lastLogIndex=1}
21:52:16.211 [raft-server-raft-partition-7] TRACE i.a.p.raft.roles.LeaderAppender - RaftServer{raft-partition-7} - Received AppendResponse{status=OK, term=1, succeeded=true, lastLogIndex=1} from 1
21:52:16.211 [raft-server-raft-partition-5] TRACE i.a.p.raft.roles.LeaderAppender - RaftServer{raft-partition-5} - Received AppendResponse{status=OK, term=1, succeeded=true, lastLogIndex=1} from 2
21:52:16.211 [raft-server-raft-partition-7] TRACE i.a.p.raft.roles.LeaderAppender - RaftServer{raft-partition-7} - Received AppendResponse{status=OK, term=1, succeeded=true, lastLogIndex=1} from 3
21:52:16.243 [raft-server-raft-partition-4] TRACE i.a.p.raft.roles.LeaderAppender - RaftServer{raft-partition-4} - Sending AppendRequest{term=1, leader=1, prevLogIndex=1, prevLogTerm=1, entries=0, commitIndex=1} to 2
21:52:16.243 [raft-server-raft-partition-4] TRACE i.a.p.raft.roles.LeaderAppender - RaftServer{raft-partition-4} - Sending AppendRequest{term=1, leader=1, prevLogIndex=1, prevLogTerm=1, entries=0, commitIndex=1} to 3
21:52:16.243 [raft-server-raft-partition-4] TRACE i.a.p.raft.roles.FollowerRole - RaftServer{raft-partition-4}{role=FOLLOWER} - Received AppendRequest{term=1, leader=1, prevLogIndex=1, prevLogTerm=1, entries=0, commitIndex=1}
21:52:16.243 [raft-server-raft-partition-4] TRACE i.a.p.raft.roles.FollowerRole - RaftServer{raft-partition-4}{role=FOLLOWER} - Sending AppendResponse{status=OK, term=1, succeeded=true, lastLogIndex=1}
21:52:16.243 [raft-server-raft-partition-4] TRACE i.a.p.raft.roles.FollowerRole - RaftServer{raft-partition-4}{role=FOLLOWER} - Received AppendRequest{term=1, leader=1, prevLogIndex=1, prevLogTerm=1, entries=0, commitIndex=1}
21:52:16.243 [raft-server-raft-partition-4] TRACE i.a.p.raft.roles.FollowerRole - RaftServer{raft-partition-4}{role=FOLLOWER} - Sending AppendResponse{status=OK, term=1, succeeded=true, lastLogIndex=1}
21:52:16.244 [raft-server-raft-partition-4] TRACE i.a.p.raft.roles.LeaderAppender - RaftServer{raft-partition-4} - Received AppendResponse{status=OK, term=1, succeeded=true, lastLogIndex=1} from 2
21:52:16.244 [raft-server-raft-partition-4] TRACE i.a.p.raft.roles.LeaderAppender - RaftServer{raft-partition-4} - Sending AppendRequest{term=1, leader=1, prevLogIndex=1, prevLogTerm=1, entries=0, commitIndex=1} to 2
21:52:16.244 [raft-server-raft-partition-4] TRACE i.a.p.raft.roles.LeaderAppender - RaftServer{raft-partition-4} - Received AppendResponse{status=OK, term=1, succeeded=true, lastLogIndex=1} from 3
21:52:16.244 [raft-server-raft-partition-4] TRACE i.a.p.raft.roles.LeaderAppender - RaftServer{raft-partition-4} - Sending AppendRequest{term=1, leader=1, prevLogIndex=1, prevLogTerm=1, entries=0, commitIndex=1} to 3
21:52:16.244 [raft-server-raft-partition-4] TRACE i.a.p.raft.roles.FollowerRole - RaftServer{raft-partition-4}{role=FOLLOWER} - Received AppendRequest{term=1, leader=1, prevLogIndex=1, prevLogTerm=1, entries=0, commitIndex=1}
21:52:16.244 [raft-server-raft-partition-4] TRACE i.a.p.raft.roles.FollowerRole - RaftServer{raft-partition-4}{role=FOLLOWER} - Sending AppendResponse{status=OK, term=1, succeeded=true, lastLogIndex=1}
21:52:16.244 [raft-server-raft-partition-4] TRACE i.a.p.raft.roles.FollowerRole - RaftServer{raft-partition-4}{role=FOLLOWER} - Received AppendRequest{term=1, leader=1, prevLogIndex=1, prevLogTerm=1, entries=0, commitIndex=1}
21:52:16.244 [raft-server-raft-partition-4] TRACE i.a.p.raft.roles.FollowerRole - RaftServer{raft-partition-4}{role=FOLLOWER} - Sending AppendResponse{status=OK, term=1, succeeded=true, lastLogIndex=1}
21:52:16.244 [raft-server-raft-partition-4] TRACE i.a.p.raft.roles.LeaderAppender - RaftServer{raft-partition-4} - Received AppendResponse{status=OK, term=1, succeeded=true, lastLogIndex=1} from 2
21:52:16.244 [raft-server-raft-partition-4] TRACE i.a.p.raft.roles.LeaderAppender - RaftServer{raft-partition-4} - Received AppendResponse{status=OK, term=1, succeeded=true, lastLogIndex=1} from 3
21:52:16.317 [raft-server-raft-partition-2] TRACE i.a.p.raft.roles.LeaderAppender - RaftServer{raft-partition-2} - Sending AppendRequest{term=1, leader=1, prevLogIndex=1, prevLogTerm=1, entries=0, commitIndex=1} to 2
21:52:16.318 [raft-server-raft-partition-2] TRACE i.a.p.raft.roles.LeaderAppender - RaftServer{raft-partition-2} - Sending AppendRequest{term=1, leader=1, prevLogIndex=1, prevLogTerm=1, entries=0, commitIndex=1} to 3
21:52:16.318 [raft-server-raft-partition-2] TRACE i.a.p.raft.roles.FollowerRole - RaftServer{raft-partition-2}{role=FOLLOWER} - Received AppendRequest{term=1, leader=1, prevLogIndex=1, prevLogTerm=1, entries=0, commitIndex=1}
21:52:16.318 [raft-server-raft-partition-2] TRACE i.a.p.raft.roles.FollowerRole - RaftServer{raft-partition-2}{role=FOLLOWER} - Sending AppendResponse{status=OK, term=1, succeeded=true, lastLogIndex=1}
21:52:16.318 [raft-server-raft-partition-2] TRACE i.a.p.raft.roles.FollowerRole - RaftServer{raft-partition-2}{role=FOLLOWER} - Received AppendRequest{term=1, leader=1, prevLogIndex=1, prevLogTerm=1, entries=0, commitIndex=1}
21:52:16.318 [raft-server-raft-partition-2] TRACE i.a.p.raft.roles.FollowerRole - RaftServer{raft-partition-2}{role=FOLLOWER} - Sending AppendResponse{status=OK, term=1, succeeded=true, lastLogIndex=1}
21:52:16.318 [raft-server-raft-partition-2] TRACE i.a.p.raft.roles.LeaderAppender - RaftServer{raft-partition-2} - Received AppendResponse{status=OK, term=1, succeeded=true, lastLogIndex=1} from 2
21:52:16.318 [raft-server-raft-partition-2] TRACE i.a.p.raft.roles.LeaderAppender - RaftServer{raft-partition-2} - Sending AppendRequest{term=1, leader=1, prevLogIndex=1, prevLogTerm=1, entries=0, commitIndex=1} to 2
21:52:16.318 [raft-server-raft-partition-2] TRACE i.a.p.raft.roles.LeaderAppender - RaftServer{raft-partition-2} - Received AppendResponse{status=OK, term=1, succeeded=true, lastLogIndex=1} from 3
21:52:16.318 [raft-server-raft-partition-2] TRACE i.a.p.raft.roles.FollowerRole - RaftServer{raft-partition-2}{role=FOLLOWER} - Received AppendRequest{term=1, leader=1, prevLogIndex=1, prevLogTerm=1, entries=0, commitIndex=1}
21:52:16.319 [raft-server-raft-partition-2] TRACE i.a.p.raft.roles.FollowerRole - RaftServer{raft-partition-2}{role=FOLLOWER} - Sending AppendResponse{status=OK, term=1, succeeded=true, lastLogIndex=1}
21:52:16.319 [raft-server-raft-partition-2] TRACE i.a.p.raft.roles.LeaderAppender - RaftServer{raft-partition-2} - Received AppendResponse{status=OK, term=1, succeeded=true, lastLogIndex=1} from 2
21:52:16.326 [raft-server-raft-partition-6] TRACE i.a.p.raft.roles.LeaderAppender - RaftServer{raft-partition-6} - Sending AppendRequest{term=1, leader=1, prevLogIndex=1, prevLogTerm=1, entries=0, commitIndex=1} to 2
21:52:16.326 [raft-server-raft-partition-6] TRACE i.a.p.raft.roles.LeaderAppender - RaftServer{raft-partition-6} - Sending AppendRequest{term=1, leader=1, prevLogIndex=1, prevLogTerm=1, entries=0, commitIndex=1} to 3
21:52:16.326 [raft-server-raft-partition-6] TRACE i.a.p.raft.roles.FollowerRole - RaftServer{raft-partition-6}{role=FOLLOWER} - Received AppendRequest{term=1, leader=1, prevLogIndex=1, prevLogTerm=1, entries=0, commitIndex=1}
21:52:16.326 [raft-server-raft-partition-6] TRACE i.a.p.raft.roles.FollowerRole - RaftServer{raft-partition-6}{role=FOLLOWER} - Received AppendRequest{term=1, leader=1, prevLogIndex=1, prevLogTerm=1, entries=0, commitIndex=1}
21:52:16.326 [raft-server-raft-partition-6] TRACE i.a.p.raft.roles.FollowerRole - RaftServer{raft-partition-6}{role=FOLLOWER} - Sending AppendResponse{status=OK, term=1, succeeded=true, lastLogIndex=1}
21:52:16.326 [raft-server-raft-partition-6] TRACE i.a.p.raft.roles.FollowerRole - RaftServer{raft-partition-6}{role=FOLLOWER} - Sending AppendResponse{status=OK, term=1, succeeded=true, lastLogIndex=1}
21:52:16.326 [raft-server-raft-partition-6] TRACE i.a.p.raft.roles.LeaderAppender - RaftServer{raft-partition-6} - Received AppendResponse{status=OK, term=1, succeeded=true, lastLogIndex=1} from 2
21:52:16.326 [raft-server-raft-partition-6] TRACE i.a.p.raft.roles.LeaderAppender - RaftServer{raft-partition-6} - Sending AppendRequest{term=1, leader=1, prevLogIndex=1, prevLogTerm=1, entries=0, commitIndex=1} to 2
21:52:16.326 [raft-server-raft-partition-6] TRACE i.a.p.raft.roles.LeaderAppender - RaftServer{raft-partition-6} - Received AppendResponse{status=OK, term=1, succeeded=true, lastLogIndex=1} from 3
21:52:16.326 [raft-server-raft-partition-6] TRACE i.a.p.raft.roles.LeaderAppender - RaftServer{raft-partition-6} - Sending AppendRequest{term=1, leader=1, prevLogIndex=1, prevLogTerm=1, entries=0, commitIndex=1} to 3
21:52:16.327 [raft-server-raft-partition-6] TRACE i.a.p.raft.roles.FollowerRole - RaftServer{raft-partition-6}{role=FOLLOWER} - Received AppendRequest{term=1, leader=1, prevLogIndex=1, prevLogTerm=1, entries=0, commitIndex=1}
21:52:16.327 [raft-server-raft-partition-6] TRACE i.a.p.raft.roles.FollowerRole - RaftServer{raft-partition-6}{role=FOLLOWER} - Sending AppendResponse{status=OK, term=1, succeeded=true, lastLogIndex=1}
21:52:16.327 [raft-server-raft-partition-6] TRACE i.a.p.raft.roles.FollowerRole - RaftServer{raft-partition-6}{role=FOLLOWER} - Received AppendRequest{term=1, leader=1, prevLogIndex=1, prevLogTerm=1, entries=0, commitIndex=1}
21:52:16.327 [raft-server-raft-partition-6] TRACE i.a.p.raft.roles.FollowerRole - RaftServer{raft-partition-6}{role=FOLLOWER} - Sending AppendResponse{status=OK, term=1, succeeded=true, lastLogIndex=1}
21:52:16.327 [raft-server-raft-partition-6] TRACE i.a.p.raft.roles.LeaderAppender - RaftServer{raft-partition-6} - Received AppendResponse{status=OK, term=1, succeeded=true, lastLogIndex=1} from 2
21:52:16.327 [raft-server-raft-partition-6] TRACE i.a.p.raft.roles.LeaderAppender - RaftServer{raft-partition-6} - Sending AppendRequest{term=1, leader=1, prevLogIndex=1, prevLogTerm=1, entries=0, commitIndex=1} to 2
21:52:16.327 [raft-server-raft-partition-6] TRACE i.a.p.raft.roles.LeaderAppender - RaftServer{raft-partition-6} - Received AppendResponse{status=OK, term=1, succeeded=true, lastLogIndex=1} from 3
21:52:16.327 [raft-server-raft-partition-6] TRACE i.a.p.raft.roles.LeaderAppender - RaftServer{raft-partition-6} - Sending AppendRequest{term=1, leader=1, prevLogIndex=1, prevLogTerm=1, entries=0, commitIndex=1} to 3
21:52:16.327 [raft-server-raft-partition-6] TRACE i.a.p.raft.roles.FollowerRole - RaftServer{raft-partition-6}{role=FOLLOWER} - Received AppendRequest{term=1, leader=1, prevLogIndex=1, prevLogTerm=1, entries=0, commitIndex=1}
21:52:16.327 [raft-server-raft-partition-6] TRACE i.a.p.raft.roles.FollowerRole - RaftServer{raft-partition-6}{role=FOLLOWER} - Sending AppendResponse{status=OK, term=1, succeeded=true, lastLogIndex=1}
21:52:16.327 [raft-server-raft-partition-6] TRACE i.a.p.raft.roles.FollowerRole - RaftServer{raft-partition-6}{role=FOLLOWER} - Received AppendRequest{term=1, leader=1, prevLogIndex=1, prevLogTerm=1, entries=0, commitIndex=1}
21:52:16.327 [raft-server-raft-partition-6] TRACE i.a.p.raft.roles.FollowerRole - RaftServer{raft-partition-6}{role=FOLLOWER} - Sending AppendResponse{status=OK, term=1, succeeded=true, lastLogIndex=1}
21:52:16.327 [raft-server-raft-partition-6] TRACE i.a.p.raft.roles.LeaderAppender - RaftServer{raft-partition-6} - Received AppendResponse{status=OK, term=1, succeeded=true, lastLogIndex=1} from 2
21:52:16.327 [raft-server-raft-partition-6] TRACE i.a.p.raft.roles.LeaderAppender - RaftServer{raft-partition-6} - Received AppendResponse{status=OK, term=1, succeeded=true, lastLogIndex=1} from 3
21:52:16.375 [raft-server-raft-partition-3] TRACE i.a.p.raft.roles.LeaderAppender - RaftServer{raft-partition-3} - Sending AppendRequest{term=3, leader=1, prevLogIndex=1, prevLogTerm=2, entries=0, commitIndex=1} to 2
21:52:16.375 [raft-server-raft-partition-3] TRACE i.a.p.raft.roles.LeaderAppender - RaftServer{raft-partition-3} - Sending AppendRequest{term=3, leader=1, prevLogIndex=1, prevLogTerm=2, entries=0, commitIndex=1} to 3
21:52:16.375 [raft-server-raft-partition-3] TRACE i.a.p.raft.roles.FollowerRole - RaftServer{raft-partition-3}{role=FOLLOWER} - Received AppendRequest{term=3, leader=1, prevLogIndex=1, prevLogTerm=2, entries=0, commitIndex=1}
21:52:16.375 [raft-server-raft-partition-3] TRACE i.a.p.raft.roles.FollowerRole - RaftServer{raft-partition-3}{role=FOLLOWER} - Sending AppendResponse{status=OK, term=3, succeeded=true, lastLogIndex=1}
21:52:16.375 [raft-server-raft-partition-3] TRACE i.a.p.raft.roles.FollowerRole - RaftServer{raft-partition-3}{role=FOLLOWER} - Received AppendRequest{term=3, leader=1, prevLogIndex=1, prevLogTerm=2, entries=0, commitIndex=1}
21:52:16.375 [raft-server-raft-partition-3] TRACE i.a.p.raft.roles.FollowerRole - RaftServer{raft-partition-3}{role=FOLLOWER} - Sending AppendResponse{status=OK, term=3, succeeded=true, lastLogIndex=1}
21:52:16.375 [raft-server-raft-partition-3] TRACE i.a.p.raft.roles.LeaderAppender - RaftServer{raft-partition-3} - Received AppendResponse{status=OK, term=3, succeeded=true, lastLogIndex=1} from 2
21:52:16.375 [raft-server-raft-partition-3] TRACE i.a.p.raft.roles.LeaderAppender - RaftServer{raft-partition-3} - Sending AppendRequest{term=3, leader=1, prevLogIndex=1, prevLogTerm=2, entries=0, commitIndex=1} to 2
21:52:16.375 [raft-server-raft-partition-3] TRACE i.a.p.raft.roles.LeaderAppender - RaftServer{raft-partition-3} - Received AppendResponse{status=OK, term=3, succeeded=true, lastLogIndex=1} from 3
21:52:16.375 [raft-server-raft-partition-3] TRACE i.a.p.raft.roles.LeaderAppender - RaftServer{raft-partition-3} - Sending AppendRequest{term=3, leader=1, prevLogIndex=1, prevLogTerm=2, entries=0, commitIndex=1} to 3
21:52:16.375 [raft-server-raft-partition-3] TRACE i.a.p.raft.roles.FollowerRole - RaftServer{raft-partition-3}{role=FOLLOWER} - Received AppendRequest{term=3, leader=1, prevLogIndex=1, prevLogTerm=2, entries=0, commitIndex=1}
21:52:16.376 [raft-server-raft-partition-3] TRACE i.a.p.raft.roles.FollowerRole - RaftServer{raft-partition-3}{role=FOLLOWER} - Sending AppendResponse{status=OK, term=3, succeeded=true, lastLogIndex=1}
21:52:16.376 [raft-server-raft-partition-3] TRACE i.a.p.raft.roles.FollowerRole - RaftServer{raft-partition-3}{role=FOLLOWER} - Received AppendRequest{term=3, leader=1, prevLogIndex=1, prevLogTerm=2, entries=0, commitIndex=1}
21:52:16.376 [raft-server-raft-partition-3] TRACE i.a.p.raft.roles.FollowerRole - RaftServer{raft-partition-3}{role=FOLLOWER} - Sending AppendResponse{status=OK, term=3, succeeded=true, lastLogIndex=1}
21:52:16.376 [raft-server-raft-partition-3] TRACE i.a.p.raft.roles.LeaderAppender - RaftServer{raft-partition-3} - Received AppendResponse{status=OK, term=3, succeeded=true, lastLogIndex=1} from 2
21:52:16.376 [raft-server-raft-partition-3] TRACE i.a.p.raft.roles.LeaderAppender - RaftServer{raft-partition-3} - Sending AppendRequest{term=3, leader=1, prevLogIndex=1, prevLogTerm=2, entries=0, commitIndex=1} to 2
21:52:16.376 [raft-server-raft-partition-3] TRACE i.a.p.raft.roles.LeaderAppender - RaftServer{raft-partition-3} - Received AppendResponse{status=OK, term=3, succeeded=true, lastLogIndex=1} from 3
21:52:16.376 [raft-server-raft-partition-3] TRACE i.a.p.raft.roles.LeaderAppender - RaftServer{raft-partition-3} - Sending AppendRequest{term=3, leader=1, prevLogIndex=1, prevLogTerm=2, entries=0, commitIndex=1} to 3
21:52:16.376 [raft-server-raft-partition-3] TRACE i.a.p.raft.roles.FollowerRole - RaftServer{raft-partition-3}{role=FOLLOWER} - Received AppendRequest{term=3, leader=1, prevLogIndex=1, prevLogTerm=2, entries=0, commitIndex=1}
21:52:16.376 [raft-server-raft-partition-3] TRACE i.a.p.raft.roles.FollowerRole - RaftServer{raft-partition-3}{role=FOLLOWER} - Sending AppendResponse{status=OK, term=3, succeeded=true, lastLogIndex=1}
21:52:16.376 [raft-server-raft-partition-3] TRACE i.a.p.raft.roles.FollowerRole - RaftServer{raft-partition-3}{role=FOLLOWER} - Received AppendRequest{term=3, leader=1, prevLogIndex=1, prevLogTerm=2, entries=0, commitIndex=1}
21:52:16.376 [raft-server-raft-partition-3] TRACE i.a.p.raft.roles.FollowerRole - RaftServer{raft-partition-3}{role=FOLLOWER} - Sending AppendResponse{status=OK, term=3, succeeded=true, lastLogIndex=1}
21:52:16.376 [raft-server-raft-partition-3] TRACE i.a.p.raft.roles.LeaderAppender - RaftServer{raft-partition-3} - Received AppendResponse{status=OK, term=3, succeeded=true, lastLogIndex=1} from 2
21:52:16.376 [raft-server-raft-partition-3] TRACE i.a.p.raft.roles.LeaderAppender - RaftServer{raft-partition-3} - Received AppendResponse{status=OK, term=3, succeeded=true, lastLogIndex=1} from 3
21:52:16.384 [raft-server-raft-partition-1] TRACE i.a.p.raft.roles.LeaderAppender - RaftServer{raft-partition-1} - Sending AppendRequest{term=1, leader=2, prevLogIndex=1, prevLogTerm=1, entries=0, commitIndex=1} to 3
21:52:16.385 [raft-server-raft-partition-1] TRACE i.a.p.raft.roles.FollowerRole - RaftServer{raft-partition-1}{role=FOLLOWER} - Received AppendRequest{term=1, leader=2, prevLogIndex=1, prevLogTerm=1, entries=0, commitIndex=1}
21:52:16.385 [raft-server-raft-partition-1] TRACE i.a.p.raft.roles.FollowerRole - RaftServer{raft-partition-1}{role=FOLLOWER} - Sending AppendResponse{status=OK, term=1, succeeded=true, lastLogIndex=1}
21:52:16.385 [raft-server-raft-partition-1] TRACE i.a.p.raft.roles.LeaderAppender - RaftServer{raft-partition-1} - Received AppendResponse{status=OK, term=1, succeeded=true, lastLogIndex=1} from 3
21:52:16.385 [raft-server-raft-partition-1] TRACE i.a.p.raft.roles.LeaderAppender - RaftServer{raft-partition-1} - Sending AppendRequest{term=1, leader=2, prevLogIndex=1, prevLogTerm=1, entries=0, commitIndex=1} to 3
21:52:16.385 [raft-server-raft-partition-1] TRACE i.a.p.raft.roles.FollowerRole - RaftServer{raft-partition-1}{role=FOLLOWER} - Received AppendRequest{term=1, leader=2, prevLogIndex=1, prevLogTerm=1, entries=0, commitIndex=1}
21:52:16.385 [raft-server-raft-partition-1] TRACE i.a.p.raft.roles.FollowerRole - RaftServer{raft-partition-1}{role=FOLLOWER} - Sending AppendResponse{status=OK, term=1, succeeded=true, lastLogIndex=1}
21:52:16.386 [raft-server-raft-partition-1] TRACE i.a.p.raft.roles.LeaderAppender - RaftServer{raft-partition-1} - Received AppendResponse{status=OK, term=1, succeeded=true, lastLogIndex=1} from 3
21:52:16.417 [raft-server-system-partition-1] TRACE i.a.p.raft.roles.LeaderAppender - RaftServer{system-partition-1} - Sending AppendRequest{term=1, leader=1, prevLogIndex=13, prevLogTerm=1, entries=0, commitIndex=13} to 2
21:52:16.417 [raft-server-system-partition-1] TRACE i.a.p.raft.roles.LeaderAppender - RaftServer{system-partition-1} - Sending AppendRequest{term=1, leader=1, prevLogIndex=13, prevLogTerm=1, entries=0, commitIndex=13} to 3
21:52:16.417 [raft-server-system-partition-1] TRACE i.a.p.raft.roles.FollowerRole - RaftServer{system-partition-1}{role=FOLLOWER} - Received AppendRequest{term=1, leader=1, prevLogIndex=13, prevLogTerm=1, entries=0, commitIndex=13}
21:52:16.417 [raft-server-system-partition-1] TRACE i.a.p.raft.roles.FollowerRole - RaftServer{system-partition-1}{role=FOLLOWER} - Sending AppendResponse{status=OK, term=1, succeeded=true, lastLogIndex=13}
21:52:16.418 [raft-server-system-partition-1] TRACE i.a.p.raft.roles.FollowerRole - RaftServer{system-partition-1}{role=FOLLOWER} - Received AppendRequest{term=1, leader=1, prevLogIndex=13, prevLogTerm=1, entries=0, commitIndex=13}
21:52:16.418 [raft-server-system-partition-1] TRACE i.a.p.raft.roles.FollowerRole - RaftServer{system-partition-1}{role=FOLLOWER} - Sending AppendResponse{status=OK, term=1, succeeded=true, lastLogIndex=13}
21:52:16.418 [raft-server-system-partition-1] TRACE i.a.p.raft.roles.LeaderAppender - RaftServer{system-partition-1} - Received AppendResponse{status=OK, term=1, succeeded=true, lastLogIndex=13} from 2
21:52:16.418 [raft-server-system-partition-1] TRACE i.a.p.raft.roles.LeaderAppender - RaftServer{system-partition-1} - Sending AppendRequest{term=1, leader=1, prevLogIndex=13, prevLogTerm=1, entries=0, commitIndex=13} to 2
21:52:16.418 [raft-server-system-partition-1] TRACE i.a.p.raft.roles.LeaderAppender - RaftServer{system-partition-1} - Received AppendResponse{status=OK, term=1, succeeded=true, lastLogIndex=13} from 3
21:52:16.418 [raft-server-system-partition-1] TRACE i.a.p.raft.roles.LeaderAppender - RaftServer{system-partition-1} - Sending AppendRequest{term=1, leader=1, prevLogIndex=13, prevLogTerm=1, entries=0, commitIndex=13} to 3
21:52:16.418 [raft-server-system-partition-1] TRACE i.a.p.raft.roles.FollowerRole - RaftServer{system-partition-1}{role=FOLLOWER} - Received AppendRequest{term=1, leader=1, prevLogIndex=13, prevLogTerm=1, entries=0, commitIndex=13}
21:52:16.418 [raft-server-system-partition-1] TRACE i.a.p.raft.roles.FollowerRole - RaftServer{system-partition-1}{role=FOLLOWER} - Sending AppendResponse{status=OK, term=1, succeeded=true, lastLogIndex=13}
21:52:16.418 [raft-server-system-partition-1] TRACE i.a.p.raft.roles.FollowerRole - RaftServer{system-partition-1}{role=FOLLOWER} - Received AppendRequest{term=1, leader=1, prevLogIndex=13, prevLogTerm=1, entries=0, commitIndex=13}
21:52:16.418 [raft-server-system-partition-1] TRACE i.a.p.raft.roles.FollowerRole - RaftServer{system-partition-1}{role=FOLLOWER} - Sending AppendResponse{status=OK, term=1, succeeded=true, lastLogIndex=13}
21:52:16.418 [raft-server-system-partition-1] TRACE i.a.p.raft.roles.LeaderAppender - RaftServer{system-partition-1} - Received AppendResponse{status=OK, term=1, succeeded=true, lastLogIndex=13} from 2
21:52:16.418 [raft-server-system-partition-1] TRACE i.a.p.raft.roles.LeaderAppender - RaftServer{system-partition-1} - Received AppendResponse{status=OK, term=1, succeeded=true, lastLogIndex=13} from 3
21:52:16.459 [raft-server-raft-partition-5] TRACE i.a.p.raft.roles.LeaderAppender - RaftServer{raft-partition-5} - Sending AppendRequest{term=1, leader=3, prevLogIndex=1, prevLogTerm=1, entries=0, commitIndex=1} to 1
21:52:16.459 [raft-server-raft-partition-5] TRACE i.a.p.raft.roles.LeaderAppender - RaftServer{raft-partition-5} - Sending AppendRequest{term=1, leader=3, prevLogIndex=1, prevLogTerm=1, entries=0, commitIndex=1} to 2
21:52:16.459 [raft-server-raft-partition-5] TRACE i.a.p.raft.roles.FollowerRole - RaftServer{raft-partition-5}{role=FOLLOWER} - Received AppendRequest{term=1, leader=3, prevLogIndex=1, prevLogTerm=1, entries=0, commitIndex=1}
21:52:16.459 [raft-server-raft-partition-5] TRACE i.a.p.raft.roles.FollowerRole - RaftServer{raft-partition-5}{role=FOLLOWER} - Sending AppendResponse{status=OK, term=1, succeeded=true, lastLogIndex=1}
21:52:16.459 [raft-server-raft-partition-7] TRACE i.a.p.raft.roles.LeaderAppender - RaftServer{raft-partition-7} - Sending AppendRequest{term=1, leader=2, prevLogIndex=1, prevLogTerm=1, entries=0, commitIndex=1} to 1
21:52:16.459 [raft-server-raft-partition-7] TRACE i.a.p.raft.roles.LeaderAppender - RaftServer{raft-partition-7} - Sending AppendRequest{term=1, leader=2, prevLogIndex=1, prevLogTerm=1, entries=0, commitIndex=1} to 3
21:52:16.459 [raft-server-raft-partition-5] TRACE i.a.p.raft.roles.FollowerRole - RaftServer{raft-partition-5}{role=FOLLOWER} - Received AppendRequest{term=1, leader=3, prevLogIndex=1, prevLogTerm=1, entries=0, commitIndex=1}
21:52:16.459 [raft-server-raft-partition-5] TRACE i.a.p.raft.roles.LeaderAppender - RaftServer{raft-partition-5} - Received AppendResponse{status=OK, term=1, succeeded=true, lastLogIndex=1} from 1
21:52:16.459 [raft-server-raft-partition-7] TRACE i.a.p.raft.roles.FollowerRole - RaftServer{raft-partition-7}{role=FOLLOWER} - Received AppendRequest{term=1, leader=2, prevLogIndex=1, prevLogTerm=1, entries=0, commitIndex=1}
21:52:16.459 [raft-server-raft-partition-5] TRACE i.a.p.raft.roles.FollowerRole - RaftServer{raft-partition-5}{role=FOLLOWER} - Sending AppendResponse{status=OK, term=1, succeeded=true, lastLogIndex=1}
21:52:16.459 [raft-server-raft-partition-7] TRACE i.a.p.raft.roles.FollowerRole - RaftServer{raft-partition-7}{role=FOLLOWER} - Received AppendRequest{term=1, leader=2, prevLogIndex=1, prevLogTerm=1, entries=0, commitIndex=1}
21:52:16.459 [raft-server-raft-partition-5] TRACE i.a.p.raft.roles.LeaderAppender - RaftServer{raft-partition-5} - Sending AppendRequest{term=1, leader=3, prevLogIndex=1, prevLogTerm=1, entries=0, commitIndex=1} to 1
21:52:16.459 [raft-server-raft-partition-7] TRACE i.a.p.raft.roles.FollowerRole - RaftServer{raft-partition-7}{role=FOLLOWER} - Sending AppendResponse{status=OK, term=1, succeeded=true, lastLogIndex=1}
21:52:16.460 [raft-server-raft-partition-7] TRACE i.a.p.raft.roles.FollowerRole - RaftServer{raft-partition-7}{role=FOLLOWER} - Sending AppendResponse{status=OK, term=1, succeeded=true, lastLogIndex=1}
21:52:16.460 [raft-server-raft-partition-5] TRACE i.a.p.raft.roles.LeaderAppender - RaftServer{raft-partition-5} - Received AppendResponse{status=OK, term=1, succeeded=true, lastLogIndex=1} from 2
21:52:16.460 [raft-server-raft-partition-7] TRACE i.a.p.raft.roles.LeaderAppender - RaftServer{raft-partition-7} - Received AppendResponse{status=OK, term=1, succeeded=true, lastLogIndex=1} from 1
21:52:16.460 [raft-server-raft-partition-5] TRACE i.a.p.raft.roles.LeaderAppender - RaftServer{raft-partition-5} - Sending AppendRequest{term=1, leader=3, prevLogIndex=1, prevLogTerm=1, entries=0, commitIndex=1} to 2
21:52:16.460 [raft-server-raft-partition-5] TRACE i.a.p.raft.roles.FollowerRole - RaftServer{raft-partition-5}{role=FOLLOWER} - Received AppendRequest{term=1, leader=3, prevLogIndex=1, prevLogTerm=1, entries=0, commitIndex=1}
21:52:16.460 [raft-server-raft-partition-7] TRACE i.a.p.raft.roles.LeaderAppender - RaftServer{raft-partition-7} - Sending AppendRequest{term=1, leader=2, prevLogIndex=1, prevLogTerm=1, entries=0, commitIndex=1} to 1
21:52:16.460 [raft-server-raft-partition-5] TRACE i.a.p.raft.roles.FollowerRole - RaftServer{raft-partition-5}{role=FOLLOWER} - Sending AppendResponse{status=OK, term=1, succeeded=true, lastLogIndex=1}
21:52:16.460 [raft-server-raft-partition-7] TRACE i.a.p.raft.roles.LeaderAppender - RaftServer{raft-partition-7} - Received AppendResponse{status=OK, term=1, succeeded=true, lastLogIndex=1} from 3
21:52:16.460 [raft-server-raft-partition-5] TRACE i.a.p.raft.roles.FollowerRole - RaftServer{raft-partition-5}{role=FOLLOWER} - Received AppendRequest{term=1, leader=3, prevLogIndex=1, prevLogTerm=1, entries=0, commitIndex=1}
21:52:16.460 [raft-server-raft-partition-7] TRACE i.a.p.raft.roles.FollowerRole - RaftServer{raft-partition-7}{role=FOLLOWER} - Received AppendRequest{term=1, leader=2, prevLogIndex=1, prevLogTerm=1, entries=0, commitIndex=1}
21:52:16.460 [raft-server-raft-partition-7] TRACE i.a.p.raft.roles.LeaderAppender - RaftServer{raft-partition-7} - Sending AppendRequest{term=1, leader=2, prevLogIndex=1, prevLogTerm=1, entries=0, commitIndex=1} to 3
21:52:16.460 [raft-server-raft-partition-5] TRACE i.a.p.raft.roles.FollowerRole - RaftServer{raft-partition-5}{role=FOLLOWER} - Sending AppendResponse{status=OK, term=1, succeeded=true, lastLogIndex=1}
21:52:16.460 [raft-server-raft-partition-5] TRACE i.a.p.raft.roles.LeaderAppender - RaftServer{raft-partition-5} - Received AppendResponse{status=OK, term=1, succeeded=true, lastLogIndex=1} from 1
21:52:16.460 [raft-server-raft-partition-7] TRACE i.a.p.raft.roles.FollowerRole - RaftServer{raft-partition-7}{role=FOLLOWER} - Sending AppendResponse{status=OK, term=1, succeeded=true, lastLogIndex=1}
21:52:16.460 [raft-server-raft-partition-5] TRACE i.a.p.raft.roles.LeaderAppender - RaftServer{raft-partition-5} - Sending AppendRequest{term=1, leader=3, prevLogIndex=1, prevLogTerm=1, entries=0, commitIndex=1} to 1
21:52:16.460 [raft-server-raft-partition-7] TRACE i.a.p.raft.roles.FollowerRole - RaftServer{raft-partition-7}{role=FOLLOWER} - Received AppendRequest{term=1, leader=2, prevLogIndex=1, prevLogTerm=1, entries=0, commitIndex=1}
21:52:16.461 [raft-server-raft-partition-5] TRACE i.a.p.raft.roles.LeaderAppender - RaftServer{raft-partition-5} - Received AppendResponse{status=OK, term=1, succeeded=true, lastLogIndex=1} from 2
21:52:16.461 [raft-server-raft-partition-7] TRACE i.a.p.raft.roles.FollowerRole - RaftServer{raft-partition-7}{role=FOLLOWER} - Sending AppendResponse{status=OK, term=1, succeeded=true, lastLogIndex=1}
21:52:16.461 [raft-server-raft-partition-7] TRACE i.a.p.raft.roles.LeaderAppender - RaftServer{raft-partition-7} - Received AppendResponse{status=OK, term=1, succeeded=true, lastLogIndex=1} from 1
21:52:16.461 [raft-server-raft-partition-5] TRACE i.a.p.raft.roles.FollowerRole - RaftServer{raft-partition-5}{role=FOLLOWER} - Received AppendRequest{term=1, leader=3, prevLogIndex=1, prevLogTerm=1, entries=0, commitIndex=1}
21:52:16.461 [raft-server-raft-partition-5] TRACE i.a.p.raft.roles.FollowerRole - RaftServer{raft-partition-5}{role=FOLLOWER} - Sending AppendResponse{status=OK, term=1, succeeded=true, lastLogIndex=1}
21:52:16.461 [raft-server-raft-partition-7] TRACE i.a.p.raft.roles.LeaderAppender - RaftServer{raft-partition-7} - Received AppendResponse{status=OK, term=1, succeeded=true, lastLogIndex=1} from 3
21:52:16.461 [raft-server-raft-partition-5] TRACE i.a.p.raft.roles.LeaderAppender - RaftServer{raft-partition-5} - Received AppendResponse{status=OK, term=1, succeeded=true, lastLogIndex=1} from 1
21:52:16.493 [raft-server-raft-partition-4] TRACE i.a.p.raft.roles.LeaderAppender - RaftServer{raft-partition-4} - Sending AppendRequest{term=1, leader=1, prevLogIndex=1, prevLogTerm=1, entries=0, commitIndex=1} to 2
21:52:16.493 [raft-server-raft-partition-4] TRACE i.a.p.raft.roles.LeaderAppender - RaftServer{raft-partition-4} - Sending AppendRequest{term=1, leader=1, prevLogIndex=1, prevLogTerm=1, entries=0, commitIndex=1} to 3
21:52:16.493 [raft-server-raft-partition-4] TRACE i.a.p.raft.roles.FollowerRole - RaftServer{raft-partition-4}{role=FOLLOWER} - Received AppendRequest{term=1, leader=1, prevLogIndex=1, prevLogTerm=1, entries=0, commitIndex=1}
21:52:16.493 [raft-server-raft-partition-4] TRACE i.a.p.raft.roles.FollowerRole - RaftServer{raft-partition-4}{role=FOLLOWER} - Sending AppendResponse{status=OK, term=1, succeeded=true, lastLogIndex=1}
21:52:16.493 [raft-server-raft-partition-4] TRACE i.a.p.raft.roles.FollowerRole - RaftServer{raft-partition-4}{role=FOLLOWER} - Received AppendRequest{term=1, leader=1, prevLogIndex=1, prevLogTerm=1, entries=0, commitIndex=1}
21:52:16.494 [raft-server-raft-partition-4] TRACE i.a.p.raft.roles.FollowerRole - RaftServer{raft-partition-4}{role=FOLLOWER} - Sending AppendResponse{status=OK, term=1, succeeded=true, lastLogIndex=1}
21:52:16.494 [raft-server-raft-partition-4] TRACE i.a.p.raft.roles.LeaderAppender - RaftServer{raft-partition-4} - Received AppendResponse{status=OK, term=1, succeeded=true, lastLogIndex=1} from 2
21:52:16.494 [raft-server-raft-partition-4] TRACE i.a.p.raft.roles.LeaderAppender - RaftServer{raft-partition-4} - Sending AppendRequest{term=1, leader=1, prevLogIndex=1, prevLogTerm=1, entries=0, commitIndex=1} to 2
21:52:16.494 [raft-server-raft-partition-4] TRACE i.a.p.raft.roles.LeaderAppender - RaftServer{raft-partition-4} - Received AppendResponse{status=OK, term=1, succeeded=true, lastLogIndex=1} from 3
21:52:16.494 [raft-server-raft-partition-4] TRACE i.a.p.raft.roles.LeaderAppender - RaftServer{raft-partition-4} - Sending AppendRequest{term=1, leader=1, prevLogIndex=1, prevLogTerm=1, entries=0, commitIndex=1} to 3
21:52:16.494 [raft-server-raft-partition-4] TRACE i.a.p.raft.roles.FollowerRole - RaftServer{raft-partition-4}{role=FOLLOWER} - Received AppendRequest{term=1, leader=1, prevLogIndex=1, prevLogTerm=1, entries=0, commitIndex=1}
21:52:16.494 [raft-server-raft-partition-4] TRACE i.a.p.raft.roles.FollowerRole - RaftServer{raft-partition-4}{role=FOLLOWER} - Sending AppendResponse{status=OK, term=1, succeeded=true, lastLogIndex=1}
21:52:16.494 [raft-server-raft-partition-4] TRACE i.a.p.raft.roles.FollowerRole - RaftServer{raft-partition-4}{role=FOLLOWER} - Received AppendRequest{term=1, leader=1, prevLogIndex=1, prevLogTerm=1, entries=0, commitIndex=1}
21:52:16.494 [raft-server-raft-partition-4] TRACE i.a.p.raft.roles.FollowerRole - RaftServer{raft-partition-4}{role=FOLLOWER} - Sending AppendResponse{status=OK, term=1, succeeded=true, lastLogIndex=1}
21:52:16.494 [raft-server-raft-partition-4] TRACE i.a.p.raft.roles.LeaderAppender - RaftServer{raft-partition-4} - Received AppendResponse{status=OK, term=1, succeeded=true, lastLogIndex=1} from 2
21:52:16.494 [raft-server-raft-partition-4] TRACE i.a.p.raft.roles.LeaderAppender - RaftServer{raft-partition-4} - Received AppendResponse{status=OK, term=1, succeeded=true, lastLogIndex=1} from 3
21:52:16.567 [raft-server-raft-partition-2] TRACE i.a.p.raft.roles.LeaderAppender - RaftServer{raft-partition-2} - Sending AppendRequest{term=1, leader=1, prevLogIndex=1, prevLogTerm=1, entries=0, commitIndex=1} to 2
21:52:16.568 [raft-server-raft-partition-2] TRACE i.a.p.raft.roles.LeaderAppender - RaftServer{raft-partition-2} - Sending AppendRequest{term=1, leader=1, prevLogIndex=1, prevLogTerm=1, entries=0, commitIndex=1} to 3
21:52:16.568 [raft-server-raft-partition-2] TRACE i.a.p.raft.roles.FollowerRole - RaftServer{raft-partition-2}{role=FOLLOWER} - Received AppendRequest{term=1, leader=1, prevLogIndex=1, prevLogTerm=1, entries=0, commitIndex=1}
21:52:16.568 [raft-server-raft-partition-2] TRACE i.a.p.raft.roles.FollowerRole - RaftServer{raft-partition-2}{role=FOLLOWER} - Sending AppendResponse{status=OK, term=1, succeeded=true, lastLogIndex=1}
21:52:16.568 [raft-server-raft-partition-2] TRACE i.a.p.raft.roles.FollowerRole - RaftServer{raft-partition-2}{role=FOLLOWER} - Received AppendRequest{term=1, leader=1, prevLogIndex=1, prevLogTerm=1, entries=0, commitIndex=1}
21:52:16.568 [raft-server-raft-partition-2] TRACE i.a.p.raft.roles.FollowerRole - RaftServer{raft-partition-2}{role=FOLLOWER} - Sending AppendResponse{status=OK, term=1, succeeded=true, lastLogIndex=1}
21:52:16.568 [raft-server-raft-partition-2] TRACE i.a.p.raft.roles.LeaderAppender - RaftServer{raft-partition-2} - Received AppendResponse{status=OK, term=1, succeeded=true, lastLogIndex=1} from 2
21:52:16.568 [raft-server-raft-partition-2] TRACE i.a.p.raft.roles.LeaderAppender - RaftServer{raft-partition-2} - Sending AppendRequest{term=1, leader=1, prevLogIndex=1, prevLogTerm=1, entries=0, commitIndex=1} to 2
21:52:16.568 [raft-server-raft-partition-2] TRACE i.a.p.raft.roles.LeaderAppender - RaftServer{raft-partition-2} - Received AppendResponse{status=OK, term=1, succeeded=true, lastLogIndex=1} from 3
21:52:16.568 [raft-server-raft-partition-2] TRACE i.a.p.raft.roles.FollowerRole - RaftServer{raft-partition-2}{role=FOLLOWER} - Received AppendRequest{term=1, leader=1, prevLogIndex=1, prevLogTerm=1, entries=0, commitIndex=1}
21:52:16.568 [raft-server-raft-partition-2] TRACE i.a.p.raft.roles.FollowerRole - RaftServer{raft-partition-2}{role=FOLLOWER} - Sending AppendResponse{status=OK, term=1, succeeded=true, lastLogIndex=1}
21:52:16.569 [raft-server-raft-partition-2] TRACE i.a.p.raft.roles.LeaderAppender - RaftServer{raft-partition-2} - Received AppendResponse{status=OK, term=1, succeeded=true, lastLogIndex=1} from 2
21:52:16.576 [raft-server-raft-partition-6] TRACE i.a.p.raft.roles.LeaderAppender - RaftServer{raft-partition-6} - Sending AppendRequest{term=1, leader=1, prevLogIndex=1, prevLogTerm=1, entries=0, commitIndex=1} to 2
21:52:16.576 [raft-server-raft-partition-6] TRACE i.a.p.raft.roles.LeaderAppender - RaftServer{raft-partition-6} - Sending AppendRequest{term=1, leader=1, prevLogIndex=1, prevLogTerm=1, entries=0, commitIndex=1} to 3
21:52:16.576 [raft-server-raft-partition-6] TRACE i.a.p.raft.roles.FollowerRole - RaftServer{raft-partition-6}{role=FOLLOWER} - Received AppendRequest{term=1, leader=1, prevLogIndex=1, prevLogTerm=1, entries=0, commitIndex=1}
21:52:16.576 [raft-server-raft-partition-6] TRACE i.a.p.raft.roles.FollowerRole - RaftServer{raft-partition-6}{role=FOLLOWER} - Received AppendRequest{term=1, leader=1, prevLogIndex=1, prevLogTerm=1, entries=0, commitIndex=1}
21:52:16.576 [raft-server-raft-partition-6] TRACE i.a.p.raft.roles.FollowerRole - RaftServer{raft-partition-6}{role=FOLLOWER} - Sending AppendResponse{status=OK, term=1, succeeded=true, lastLogIndex=1}
21:52:16.576 [raft-server-raft-partition-6] TRACE i.a.p.raft.roles.FollowerRole - RaftServer{raft-partition-6}{role=FOLLOWER} - Sending AppendResponse{status=OK, term=1, succeeded=true, lastLogIndex=1}
21:52:16.576 [raft-server-raft-partition-6] TRACE i.a.p.raft.roles.LeaderAppender - RaftServer{raft-partition-6} - Received AppendResponse{status=OK, term=1, succeeded=true, lastLogIndex=1} from 2
21:52:16.576 [raft-server-raft-partition-6] TRACE i.a.p.raft.roles.LeaderAppender - RaftServer{raft-partition-6} - Sending AppendRequest{term=1, leader=1, prevLogIndex=1, prevLogTerm=1, entries=0, commitIndex=1} to 2
21:52:16.576 [raft-server-raft-partition-6] TRACE i.a.p.raft.roles.LeaderAppender - RaftServer{raft-partition-6} - Received AppendResponse{status=OK, term=1, succeeded=true, lastLogIndex=1} from 3
21:52:16.576 [raft-server-raft-partition-6] TRACE i.a.p.raft.roles.LeaderAppender - RaftServer{raft-partition-6} - Sending AppendRequest{term=1, leader=1, prevLogIndex=1, prevLogTerm=1, entries=0, commitIndex=1} to 3
21:52:16.577 [raft-server-raft-partition-6] TRACE i.a.p.raft.roles.FollowerRole - RaftServer{raft-partition-6}{role=FOLLOWER} - Received AppendRequest{term=1, leader=1, prevLogIndex=1, prevLogTerm=1, entries=0, commitIndex=1}
21:52:16.577 [raft-server-raft-partition-6] TRACE i.a.p.raft.roles.FollowerRole - RaftServer{raft-partition-6}{role=FOLLOWER} - Received AppendRequest{term=1, leader=1, prevLogIndex=1, prevLogTerm=1, entries=0, commitIndex=1}
21:52:16.577 [raft-server-raft-partition-6] TRACE i.a.p.raft.roles.FollowerRole - RaftServer{raft-partition-6}{role=FOLLOWER} - Sending AppendResponse{status=OK, term=1, succeeded=true, lastLogIndex=1}
21:52:16.577 [raft-server-raft-partition-6] TRACE i.a.p.raft.roles.FollowerRole - RaftServer{raft-partition-6}{role=FOLLOWER} - Sending AppendResponse{status=OK, term=1, succeeded=true, lastLogIndex=1}
21:52:16.577 [raft-server-raft-partition-6] TRACE i.a.p.raft.roles.LeaderAppender - RaftServer{raft-partition-6} - Received AppendResponse{status=OK, term=1, succeeded=true, lastLogIndex=1} from 2
21:52:16.577 [raft-server-raft-partition-6] TRACE i.a.p.raft.roles.LeaderAppender - RaftServer{raft-partition-6} - Sending AppendRequest{term=1, leader=1, prevLogIndex=1, prevLogTerm=1, entries=0, commitIndex=1} to 2
21:52:16.577 [raft-server-raft-partition-6] TRACE i.a.p.raft.roles.FollowerRole - RaftServer{raft-partition-6}{role=FOLLOWER} - Received AppendRequest{term=1, leader=1, prevLogIndex=1, prevLogTerm=1, entries=0, commitIndex=1}
21:52:16.577 [raft-server-raft-partition-6] TRACE i.a.p.raft.roles.LeaderAppender - RaftServer{raft-partition-6} - Received AppendResponse{status=OK, term=1, succeeded=true, lastLogIndex=1} from 3
21:52:16.577 [raft-server-raft-partition-6] TRACE i.a.p.raft.roles.FollowerRole - RaftServer{raft-partition-6}{role=FOLLOWER} - Sending AppendResponse{status=OK, term=1, succeeded=true, lastLogIndex=1}
21:52:16.577 [raft-server-raft-partition-6] TRACE i.a.p.raft.roles.LeaderAppender - RaftServer{raft-partition-6} - Sending AppendRequest{term=1, leader=1, prevLogIndex=1, prevLogTerm=1, entries=0, commitIndex=1} to 3
21:52:16.578 [raft-server-raft-partition-6] TRACE i.a.p.raft.roles.LeaderAppender - RaftServer{raft-partition-6} - Received AppendResponse{status=OK, term=1, succeeded=true, lastLogIndex=1} from 2
21:52:16.578 [raft-server-raft-partition-6] TRACE i.a.p.raft.roles.FollowerRole - RaftServer{raft-partition-6}{role=FOLLOWER} - Received AppendRequest{term=1, leader=1, prevLogIndex=1, prevLogTerm=1, entries=0, commitIndex=1}
21:52:16.578 [raft-server-raft-partition-6] TRACE i.a.p.raft.roles.FollowerRole - RaftServer{raft-partition-6}{role=FOLLOWER} - Sending AppendResponse{status=OK, term=1, succeeded=true, lastLogIndex=1}
21:52:16.578 [raft-server-raft-partition-6] TRACE i.a.p.raft.roles.LeaderAppender - RaftServer{raft-partition-6} - Received AppendResponse{status=OK, term=1, succeeded=true, lastLogIndex=1} from 3
21:52:16.600 [raft-server-raft-partition-3] TRACE i.a.p.r.c.impl.RaftClusterContext - RaftServer{raft-partition-3} - Cancelling join timeout
21:52:16.600 [raft-server-raft-partition-3] DEBUG i.a.p.r.c.impl.RaftClusterContext - RaftServer{raft-partition-3} - Attempting to join via 1
21:52:16.600 [raft-server-raft-partition-3] TRACE i.a.p.r.c.impl.RaftClusterContext - RaftServer{raft-partition-3} - Cancelling join timeout
21:52:16.600 [raft-server-raft-partition-3] DEBUG i.a.p.r.c.impl.RaftClusterContext - RaftServer{raft-partition-3} - Attempting to join via 1
21:52:16.600 [raft-server-raft-partition-3] TRACE i.a.protocols.raft.roles.LeaderRole - RaftServer{raft-partition-3}{role=LEADER} - Received JoinRequest{member=DefaultRaftMember{id=3, type=ACTIVE, updated=2018-06-10T19:52:01.412Z}}
21:52:16.601 [raft-server-raft-partition-3] TRACE i.a.protocols.raft.roles.LeaderRole - RaftServer{raft-partition-3}{role=LEADER} - Sending JoinResponse{status=OK, index=0, term=0, timestamp=1528660321389, members=[DefaultRaftMember{id=1, type=ACTIVE, updated=2018-06-10T19:52:01.389Z}, DefaultRaftMember{id=2, type=ACTIVE, updated=2018-06-10T19:52:01.389Z}, DefaultRaftMember{id=3, type=ACTIVE, updated=2018-06-10T19:52:01.389Z}]}
21:52:16.601 [raft-server-raft-partition-3] TRACE i.a.protocols.raft.roles.LeaderRole - RaftServer{raft-partition-3}{role=LEADER} - Received JoinRequest{member=DefaultRaftMember{id=2, type=ACTIVE, updated=2018-06-10T19:52:01.433Z}}
21:52:16.601 [raft-server-raft-partition-3] TRACE i.a.protocols.raft.roles.LeaderRole - RaftServer{raft-partition-3}{role=LEADER} - Sending JoinResponse{status=OK, index=0, term=0, timestamp=1528660321389, members=[DefaultRaftMember{id=1, type=ACTIVE, updated=2018-06-10T19:52:01.389Z}, DefaultRaftMember{id=2, type=ACTIVE, updated=2018-06-10T19:52:01.389Z}, DefaultRaftMember{id=3, type=ACTIVE, updated=2018-06-10T19:52:01.389Z}]}
21:52:16.601 [raft-server-raft-partition-3] TRACE i.a.p.r.c.impl.RaftClusterContext - RaftServer{raft-partition-3} - Cancelling join timeout
21:52:16.601 [raft-server-raft-partition-3] INFO  i.a.p.r.c.impl.RaftClusterContext - RaftServer{raft-partition-3} - Successfully joined via 1
21:52:16.601 [raft-server-raft-partition-3] TRACE i.a.p.r.c.impl.RaftClusterContext - RaftServer{raft-partition-3} - Cancelling join timeout
21:52:16.601 [raft-server-raft-partition-3] INFO  i.a.p.r.c.impl.RaftClusterContext - RaftServer{raft-partition-3} - Successfully joined via 1
21:52:16.601 [raft-server-raft-partition-3] INFO  i.a.p.raft.impl.DefaultRaftServer - RaftServer{raft-partition-3} - Server started successfully!
21:52:16.601 [raft-server-raft-partition-3] INFO  i.a.p.r.p.impl.RaftPartitionServer - Successfully started server for partition PartitionId{id=3, group=raft}
21:52:16.602 [raft-client-raft-partition-3-0] INFO  i.a.p.r.p.impl.RaftPartitionClient - Successfully started client for partition PartitionId{id=3, group=raft}
21:52:16.602 [raft-client-raft-partition-3-0] INFO  i.a.p.r.partition.RaftPartitionGroup - Started
21:52:16.602 [raft-client-raft-partition-3-0] INFO  i.a.p.p.impl.DefaultPartitionService - Started
21:52:16.604 [atomix-0] DEBUG i.a.p.r.s.impl.RaftSessionManager - RaftClient{system-partition-1} - Opening session; name: primitives, type: ConsistentMapType{name=consistent-map}
21:52:16.606 [raft-client-system-partition-1-2] TRACE i.a.p.r.s.impl.RaftSessionConnection - RaftClient{system-partition-1} - Sending OpenSessionRequest{node=2, serviceName=primitives, serviceType=consistent-map, readConsistency=SEQUENTIAL, minTimeout=250, maxTimeout=30000} to 2
21:52:16.606 [raft-server-system-partition-1] TRACE i.a.p.raft.roles.FollowerRole - RaftServer{system-partition-1}{role=FOLLOWER} - Received OpenSessionRequest{node=2, serviceName=primitives, serviceType=consistent-map, readConsistency=SEQUENTIAL, minTimeout=250, maxTimeout=30000}
21:52:16.606 [raft-server-system-partition-1] TRACE i.a.protocols.raft.roles.LeaderRole - RaftServer{system-partition-1}{role=LEADER} - Received OpenSessionRequest{node=2, serviceName=primitives, serviceType=consistent-map, readConsistency=SEQUENTIAL, minTimeout=250, maxTimeout=30000}
21:52:16.606 [raft-server-system-partition-1] TRACE i.a.protocols.raft.roles.LeaderRole - RaftServer{system-partition-1}{role=LEADER} - Appended Indexed{index=14, entry=OpenSessionEntry{term=1, timestamp=2018-06-10 09:52:16,606, node=2, serviceName=primitives, serviceType=consistent-map, serviceConfig=byte[]{length=2, hash=2636}, readConsistency=SEQUENTIAL, minTimeout=250, maxTimeout=30000}}
21:52:16.606 [raft-server-system-partition-1] TRACE i.a.p.raft.roles.LeaderAppender - RaftServer{system-partition-1} - Sending AppendRequest{term=1, leader=1, prevLogIndex=13, prevLogTerm=1, entries=1, commitIndex=13} to 2
21:52:16.606 [raft-server-system-partition-1] TRACE i.a.p.raft.roles.LeaderAppender - RaftServer{system-partition-1} - Sending AppendRequest{term=1, leader=1, prevLogIndex=13, prevLogTerm=1, entries=1, commitIndex=13} to 3
21:52:16.607 [raft-server-system-partition-1] TRACE i.a.p.raft.roles.FollowerRole - RaftServer{system-partition-1}{role=FOLLOWER} - Received AppendRequest{term=1, leader=1, prevLogIndex=13, prevLogTerm=1, entries=1, commitIndex=13}
21:52:16.607 [raft-server-system-partition-1] TRACE i.a.p.raft.roles.FollowerRole - RaftServer{system-partition-1}{role=FOLLOWER} - Received AppendRequest{term=1, leader=1, prevLogIndex=13, prevLogTerm=1, entries=1, commitIndex=13}
21:52:16.607 [raft-server-system-partition-1] TRACE i.a.p.raft.roles.FollowerRole - RaftServer{system-partition-1}{role=FOLLOWER} - Appended Indexed{index=14, entry=OpenSessionEntry{term=1, timestamp=2018-06-10 09:52:16,606, node=2, serviceName=primitives, serviceType=consistent-map, serviceConfig=byte[]{length=2, hash=2636}, readConsistency=SEQUENTIAL, minTimeout=250, maxTimeout=30000}}
21:52:16.607 [raft-server-system-partition-1] TRACE i.a.p.raft.roles.FollowerRole - RaftServer{system-partition-1}{role=FOLLOWER} - Sending AppendResponse{status=OK, term=1, succeeded=true, lastLogIndex=14}
21:52:16.607 [raft-server-system-partition-1] TRACE i.a.p.raft.roles.FollowerRole - RaftServer{system-partition-1}{role=FOLLOWER} - Appended Indexed{index=14, entry=OpenSessionEntry{term=1, timestamp=2018-06-10 09:52:16,606, node=2, serviceName=primitives, serviceType=consistent-map, serviceConfig=byte[]{length=2, hash=2636}, readConsistency=SEQUENTIAL, minTimeout=250, maxTimeout=30000}}
21:52:16.607 [raft-server-system-partition-1] TRACE i.a.p.raft.roles.FollowerRole - RaftServer{system-partition-1}{role=FOLLOWER} - Sending AppendResponse{status=OK, term=1, succeeded=true, lastLogIndex=14}
21:52:16.607 [raft-server-system-partition-1] TRACE i.a.p.raft.roles.LeaderAppender - RaftServer{system-partition-1} - Received AppendResponse{status=OK, term=1, succeeded=true, lastLogIndex=14} from 2
21:52:16.607 [raft-server-system-partition-1] TRACE i.a.p.raft.roles.LeaderAppender - RaftServer{system-partition-1} - Committed entries up to 14
21:52:16.625 [raft-server-raft-partition-3] TRACE i.a.p.raft.roles.LeaderAppender - RaftServer{raft-partition-3} - Sending AppendRequest{term=3, leader=1, prevLogIndex=1, prevLogTerm=2, entries=0, commitIndex=1} to 2
21:52:16.625 [raft-server-raft-partition-3] TRACE i.a.p.raft.roles.LeaderAppender - RaftServer{raft-partition-3} - Sending AppendRequest{term=3, leader=1, prevLogIndex=1, prevLogTerm=2, entries=0, commitIndex=1} to 3
21:52:16.625 [raft-server-raft-partition-3] TRACE i.a.p.raft.roles.FollowerRole - RaftServer{raft-partition-3}{role=FOLLOWER} - Received AppendRequest{term=3, leader=1, prevLogIndex=1, prevLogTerm=2, entries=0, commitIndex=1}
21:52:16.625 [raft-server-raft-partition-3] TRACE i.a.p.raft.roles.FollowerRole - RaftServer{raft-partition-3}{role=FOLLOWER} - Sending AppendResponse{status=OK, term=3, succeeded=true, lastLogIndex=1}
21:52:16.625 [raft-server-raft-partition-3] TRACE i.a.p.raft.roles.FollowerRole - RaftServer{raft-partition-3}{role=FOLLOWER} - Received AppendRequest{term=3, leader=1, prevLogIndex=1, prevLogTerm=2, entries=0, commitIndex=1}
21:52:16.625 [raft-server-raft-partition-3] TRACE i.a.p.raft.roles.FollowerRole - RaftServer{raft-partition-3}{role=FOLLOWER} - Sending AppendResponse{status=OK, term=3, succeeded=true, lastLogIndex=1}
21:52:16.625 [raft-server-raft-partition-3] TRACE i.a.p.raft.roles.LeaderAppender - RaftServer{raft-partition-3} - Received AppendResponse{status=OK, term=3, succeeded=true, lastLogIndex=1} from 2
21:52:16.625 [raft-server-raft-partition-3] TRACE i.a.p.raft.roles.LeaderAppender - RaftServer{raft-partition-3} - Sending AppendRequest{term=3, leader=1, prevLogIndex=1, prevLogTerm=2, entries=0, commitIndex=1} to 2
21:52:16.625 [raft-server-raft-partition-3] TRACE i.a.p.raft.roles.LeaderAppender - RaftServer{raft-partition-3} - Received AppendResponse{status=OK, term=3, succeeded=true, lastLogIndex=1} from 3
21:52:16.625 [raft-server-raft-partition-3] TRACE i.a.p.raft.roles.LeaderAppender - RaftServer{raft-partition-3} - Sending AppendRequest{term=3, leader=1, prevLogIndex=1, prevLogTerm=2, entries=0, commitIndex=1} to 3
21:52:16.625 [raft-server-raft-partition-3] TRACE i.a.p.raft.roles.FollowerRole - RaftServer{raft-partition-3}{role=FOLLOWER} - Received AppendRequest{term=3, leader=1, prevLogIndex=1, prevLogTerm=2, entries=0, commitIndex=1}
21:52:16.625 [raft-server-raft-partition-3] TRACE i.a.p.raft.roles.FollowerRole - RaftServer{raft-partition-3}{role=FOLLOWER} - Sending AppendResponse{status=OK, term=3, succeeded=true, lastLogIndex=1}
21:52:16.626 [raft-server-raft-partition-3] TRACE i.a.p.raft.roles.FollowerRole - RaftServer{raft-partition-3}{role=FOLLOWER} - Received AppendRequest{term=3, leader=1, prevLogIndex=1, prevLogTerm=2, entries=0, commitIndex=1}
21:52:16.626 [raft-server-raft-partition-3] TRACE i.a.p.raft.roles.FollowerRole - RaftServer{raft-partition-3}{role=FOLLOWER} - Sending AppendResponse{status=OK, term=3, succeeded=true, lastLogIndex=1}
21:52:16.626 [raft-server-raft-partition-3] TRACE i.a.p.raft.roles.LeaderAppender - RaftServer{raft-partition-3} - Received AppendResponse{status=OK, term=3, succeeded=true, lastLogIndex=1} from 2
21:52:16.626 [raft-server-raft-partition-3] TRACE i.a.p.raft.roles.LeaderAppender - RaftServer{raft-partition-3} - Sending AppendRequest{term=3, leader=1, prevLogIndex=1, prevLogTerm=2, entries=0, commitIndex=1} to 2
21:52:16.626 [raft-server-raft-partition-3] TRACE i.a.p.raft.roles.LeaderAppender - RaftServer{raft-partition-3} - Received AppendResponse{status=OK, term=3, succeeded=true, lastLogIndex=1} from 3
21:52:16.626 [raft-server-raft-partition-3] TRACE i.a.p.raft.roles.LeaderAppender - RaftServer{raft-partition-3} - Sending AppendRequest{term=3, leader=1, prevLogIndex=1, prevLogTerm=2, entries=0, commitIndex=1} to 3
21:52:16.626 [raft-server-raft-partition-3] TRACE i.a.p.raft.roles.FollowerRole - RaftServer{raft-partition-3}{role=FOLLOWER} - Received AppendRequest{term=3, leader=1, prevLogIndex=1, prevLogTerm=2, entries=0, commitIndex=1}
21:52:16.626 [raft-server-raft-partition-3] TRACE i.a.p.raft.roles.FollowerRole - RaftServer{raft-partition-3}{role=FOLLOWER} - Sending AppendResponse{status=OK, term=3, succeeded=true, lastLogIndex=1}
21:52:16.626 [raft-server-raft-partition-3] TRACE i.a.p.raft.roles.FollowerRole - RaftServer{raft-partition-3}{role=FOLLOWER} - Received AppendRequest{term=3, leader=1, prevLogIndex=1, prevLogTerm=2, entries=0, commitIndex=1}
21:52:16.626 [raft-server-raft-partition-3] TRACE i.a.p.raft.roles.FollowerRole - RaftServer{raft-partition-3}{role=FOLLOWER} - Sending AppendResponse{status=OK, term=3, succeeded=true, lastLogIndex=1}
21:52:16.626 [raft-server-raft-partition-3] TRACE i.a.p.raft.roles.LeaderAppender - RaftServer{raft-partition-3} - Received AppendResponse{status=OK, term=3, succeeded=true, lastLogIndex=1} from 2
21:52:16.626 [raft-server-raft-partition-3] TRACE i.a.p.raft.roles.LeaderAppender - RaftServer{raft-partition-3} - Received AppendResponse{status=OK, term=3, succeeded=true, lastLogIndex=1} from 3
21:52:16.635 [raft-server-raft-partition-1] TRACE i.a.p.raft.roles.LeaderAppender - RaftServer{raft-partition-1} - Sending AppendRequest{term=1, leader=2, prevLogIndex=1, prevLogTerm=1, entries=0, commitIndex=1} to 3
21:52:16.635 [raft-server-raft-partition-1] TRACE i.a.p.raft.roles.FollowerRole - RaftServer{raft-partition-1}{role=FOLLOWER} - Received AppendRequest{term=1, leader=2, prevLogIndex=1, prevLogTerm=1, entries=0, commitIndex=1}
21:52:16.635 [raft-server-raft-partition-1] TRACE i.a.p.raft.roles.FollowerRole - RaftServer{raft-partition-1}{role=FOLLOWER} - Sending AppendResponse{status=OK, term=1, succeeded=true, lastLogIndex=1}
21:52:16.635 [raft-server-raft-partition-1] TRACE i.a.p.raft.roles.LeaderAppender - RaftServer{raft-partition-1} - Received AppendResponse{status=OK, term=1, succeeded=true, lastLogIndex=1} from 3
21:52:16.635 [raft-server-raft-partition-1] TRACE i.a.p.raft.roles.LeaderAppender - RaftServer{raft-partition-1} - Sending AppendRequest{term=1, leader=2, prevLogIndex=1, prevLogTerm=1, entries=0, commitIndex=1} to 3
21:52:16.635 [raft-server-raft-partition-1] TRACE i.a.p.raft.roles.FollowerRole - RaftServer{raft-partition-1}{role=FOLLOWER} - Received AppendRequest{term=1, leader=2, prevLogIndex=1, prevLogTerm=1, entries=0, commitIndex=1}
21:52:16.635 [raft-server-raft-partition-1] TRACE i.a.p.raft.roles.FollowerRole - RaftServer{raft-partition-1}{role=FOLLOWER} - Sending AppendResponse{status=OK, term=1, succeeded=true, lastLogIndex=1}
21:52:16.636 [raft-server-raft-partition-1] TRACE i.a.p.raft.roles.LeaderAppender - RaftServer{raft-partition-1} - Received AppendResponse{status=OK, term=1, succeeded=true, lastLogIndex=1} from 3
21:52:16.636 [raft-server-raft-partition-1] TRACE i.a.p.raft.roles.LeaderAppender - RaftServer{raft-partition-1} - Sending AppendRequest{term=1, leader=2, prevLogIndex=1, prevLogTerm=1, entries=0, commitIndex=1} to 3
21:52:16.636 [raft-server-raft-partition-1] TRACE i.a.p.raft.roles.FollowerRole - RaftServer{raft-partition-1}{role=FOLLOWER} - Received AppendRequest{term=1, leader=2, prevLogIndex=1, prevLogTerm=1, entries=0, commitIndex=1}
21:52:16.636 [raft-server-raft-partition-1] TRACE i.a.p.raft.roles.FollowerRole - RaftServer{raft-partition-1}{role=FOLLOWER} - Sending AppendResponse{status=OK, term=1, succeeded=true, lastLogIndex=1}
21:52:16.636 [raft-server-raft-partition-1] TRACE i.a.p.raft.roles.LeaderAppender - RaftServer{raft-partition-1} - Received AppendResponse{status=OK, term=1, succeeded=true, lastLogIndex=1} from 3
21:52:16.640 [raft-server-system-partition-1] TRACE i.a.p.raft.roles.LeaderAppender - RaftServer{system-partition-1} - Received AppendResponse{status=OK, term=1, succeeded=true, lastLogIndex=14} from 3
21:52:16.641 [raft-server-system-partition-1-state] TRACE i.a.p.raft.impl.RaftServiceManager - RaftServer{system-partition-1} - Applying Indexed{index=14, entry=OpenSessionEntry{term=1, timestamp=2018-06-10 09:52:16,606, node=2, serviceName=primitives, serviceType=consistent-map, serviceConfig=byte[]{length=2, hash=2636}, readConsistency=SEQUENTIAL, minTimeout=250, maxTimeout=30000}}
21:52:16.645 [raft-server-system-partition-1-state] DEBUG i.a.p.r.service.RaftServiceContext - PrimitiveService{14}{type=ConsistentMapType{name=consistent-map}, name=primitives} - Opening session 14
21:52:16.645 [raft-server-system-partition-1-state] DEBUG i.a.p.raft.session.RaftSession - Session{14}{type=ConsistentMapType{name=consistent-map}, name=primitives} - State changed: OPEN
21:52:16.645 [raft-server-system-partition-1-state] TRACE i.a.protocols.raft.roles.LeaderRole - RaftServer{system-partition-1}{role=LEADER} - Sending OpenSessionResponse{status=OK, session=14, timeout=30000}
21:52:16.645 [raft-server-system-partition-1] TRACE i.a.p.raft.roles.FollowerRole - RaftServer{system-partition-1}{role=FOLLOWER} - Sending OpenSessionResponse{status=OK, session=14, timeout=30000}
21:52:16.645 [raft-client-system-partition-1-5] TRACE i.a.p.r.s.impl.RaftSessionConnection - RaftClient{system-partition-1} - Received OpenSessionResponse{status=OK, session=14, timeout=30000} from 2
21:52:16.646 [raft-client-system-partition-1-5] TRACE i.a.p.r.s.impl.RaftSessionManager - RaftClient{system-partition-1} - Keeping 3 sessions alive
21:52:16.646 [raft-client-system-partition-1-3] TRACE i.a.p.r.s.impl.RaftSessionConnection - RaftClient{system-partition-1} - Sending KeepAliveRequest{sessionIds=long[]{length=3, hash=35819}, commandSequences=long[]{length=3, hash=29791}, eventIndexes=long[]{length=3, hash=35819}} to 2
21:52:16.646 [raft-server-system-partition-1] TRACE i.a.p.raft.roles.FollowerRole - RaftServer{system-partition-1}{role=FOLLOWER} - Received KeepAliveRequest{sessionIds=long[]{length=3, hash=35819}, commandSequences=long[]{length=3, hash=29791}, eventIndexes=long[]{length=3, hash=35819}}
21:52:16.646 [raft-server-system-partition-1] TRACE i.a.protocols.raft.roles.LeaderRole - RaftServer{system-partition-1}{role=LEADER} - Received KeepAliveRequest{sessionIds=long[]{length=3, hash=35819}, commandSequences=long[]{length=3, hash=29791}, eventIndexes=long[]{length=3, hash=35819}}
21:52:16.646 [raft-server-system-partition-1] TRACE i.a.protocols.raft.roles.LeaderRole - RaftServer{system-partition-1}{role=LEADER} - Appended Indexed{index=15, entry=KeepAliveEntry{term=1, timestamp=2018-06-10 09:52:16,646, sessionIds=long[]{length=3, hash=35819}, commandSequences=long[]{length=3, hash=29791}, eventIndexes=long[]{length=3, hash=35819}}}
21:52:16.646 [raft-server-system-partition-1] TRACE i.a.p.raft.roles.LeaderAppender - RaftServer{system-partition-1} - Sending AppendRequest{term=1, leader=1, prevLogIndex=14, prevLogTerm=1, entries=1, commitIndex=14} to 2
21:52:16.646 [raft-server-system-partition-1] TRACE i.a.p.raft.roles.LeaderAppender - RaftServer{system-partition-1} - Sending AppendRequest{term=1, leader=1, prevLogIndex=14, prevLogTerm=1, entries=1, commitIndex=14} to 3
21:52:16.647 [raft-server-system-partition-1] TRACE i.a.p.raft.roles.FollowerRole - RaftServer{system-partition-1}{role=FOLLOWER} - Received AppendRequest{term=1, leader=1, prevLogIndex=14, prevLogTerm=1, entries=1, commitIndex=14}
21:52:16.647 [raft-server-system-partition-1] TRACE i.a.p.raft.roles.FollowerRole - RaftServer{system-partition-1}{role=FOLLOWER} - Received AppendRequest{term=1, leader=1, prevLogIndex=14, prevLogTerm=1, entries=1, commitIndex=14}
21:52:16.647 [raft-server-system-partition-1] TRACE i.a.p.raft.roles.FollowerRole - RaftServer{system-partition-1}{role=FOLLOWER} - Appended Indexed{index=15, entry=KeepAliveEntry{term=1, timestamp=2018-06-10 09:52:16,646, sessionIds=long[]{length=3, hash=35819}, commandSequences=long[]{length=3, hash=29791}, eventIndexes=long[]{length=3, hash=35819}}}
21:52:16.647 [raft-server-system-partition-1] TRACE i.a.p.raft.roles.FollowerRole - RaftServer{system-partition-1}{role=FOLLOWER} - Appended Indexed{index=15, entry=KeepAliveEntry{term=1, timestamp=2018-06-10 09:52:16,646, sessionIds=long[]{length=3, hash=35819}, commandSequences=long[]{length=3, hash=29791}, eventIndexes=long[]{length=3, hash=35819}}}
21:52:16.648 [raft-client-system-partition-1-5] TRACE i.a.p.r.s.impl.RaftSessionConnection - SessionClient{14}{type=ConsistentMapType{name=consistent-map}, name=primitives} - Sending CommandRequest{session=14, sequence=1, operation=PrimitiveOperation{id=DefaultOperationId{id=putIfAbsentWithTtl, type=COMMAND}, value=byte[]{length=45, hash=-655357269}}} to 1
21:52:16.648 [raft-server-system-partition-1] TRACE i.a.protocols.raft.roles.LeaderRole - RaftServer{system-partition-1}{role=LEADER} - Received CommandRequest{session=14, sequence=1, operation=PrimitiveOperation{id=DefaultOperationId{id=putIfAbsentWithTtl, type=COMMAND}, value=byte[]{length=45, hash=-655357269}}}
21:52:16.649 [raft-server-system-partition-1] TRACE i.a.protocols.raft.roles.LeaderRole - RaftServer{system-partition-1}{role=LEADER} - Appended Indexed{index=16, entry=CommandEntry{term=1, timestamp=2018-06-10 09:52:16,649, session=14, sequence=1, operation=PrimitiveOperation{id=DefaultOperationId{id=putIfAbsentWithTtl, type=COMMAND}, value=byte[]{length=45, hash=-655357269}}}}
21:52:16.682 [raft-server-system-partition-1] TRACE i.a.p.raft.roles.FollowerRole - RaftServer{system-partition-1}{role=FOLLOWER} - Committed entries up to index 14
21:52:16.682 [raft-server-system-partition-1] TRACE i.a.p.raft.roles.FollowerRole - RaftServer{system-partition-1}{role=FOLLOWER} - Sending AppendResponse{status=OK, term=1, succeeded=true, lastLogIndex=15}
21:52:16.682 [raft-server-system-partition-1-state] TRACE i.a.p.raft.impl.RaftServiceManager - RaftServer{system-partition-1} - Applying Indexed{index=14, entry=OpenSessionEntry{term=1, timestamp=2018-06-10 09:52:16,606, node=2, serviceName=primitives, serviceType=consistent-map, serviceConfig=byte[]{length=2, hash=2636}, readConsistency=SEQUENTIAL, minTimeout=250, maxTimeout=30000}}
21:52:16.682 [raft-server-system-partition-1] TRACE i.a.p.raft.roles.LeaderAppender - RaftServer{system-partition-1} - Received AppendResponse{status=OK, term=1, succeeded=true, lastLogIndex=15} from 2
21:52:16.682 [raft-server-system-partition-1] TRACE i.a.p.raft.roles.LeaderAppender - RaftServer{system-partition-1} - Committed entries up to 15
21:52:16.689 [raft-server-system-partition-1-state] DEBUG i.a.p.r.service.RaftServiceContext - PrimitiveService{14}{type=ConsistentMapType{name=consistent-map}, name=primitives} - Opening session 14
21:52:16.689 [raft-server-system-partition-1-state] DEBUG i.a.p.raft.session.RaftSession - Session{14}{type=ConsistentMapType{name=consistent-map}, name=primitives} - State changed: OPEN
21:52:16.709 [raft-server-raft-partition-5] TRACE i.a.p.raft.roles.LeaderAppender - RaftServer{raft-partition-5} - Sending AppendRequest{term=1, leader=3, prevLogIndex=1, prevLogTerm=1, entries=0, commitIndex=1} to 1
21:52:16.709 [raft-server-raft-partition-5] TRACE i.a.p.raft.roles.LeaderAppender - RaftServer{raft-partition-5} - Sending AppendRequest{term=1, leader=3, prevLogIndex=1, prevLogTerm=1, entries=0, commitIndex=1} to 2
21:52:16.709 [raft-server-raft-partition-7] TRACE i.a.p.raft.roles.LeaderAppender - RaftServer{raft-partition-7} - Sending AppendRequest{term=1, leader=2, prevLogIndex=1, prevLogTerm=1, entries=0, commitIndex=1} to 1
21:52:16.709 [raft-server-raft-partition-5] TRACE i.a.p.raft.roles.FollowerRole - RaftServer{raft-partition-5}{role=FOLLOWER} - Received AppendRequest{term=1, leader=3, prevLogIndex=1, prevLogTerm=1, entries=0, commitIndex=1}
21:52:16.709 [raft-server-raft-partition-5] TRACE i.a.p.raft.roles.FollowerRole - RaftServer{raft-partition-5}{role=FOLLOWER} - Received AppendRequest{term=1, leader=3, prevLogIndex=1, prevLogTerm=1, entries=0, commitIndex=1}
21:52:16.709 [raft-server-raft-partition-7] TRACE i.a.p.raft.roles.LeaderAppender - RaftServer{raft-partition-7} - Sending AppendRequest{term=1, leader=2, prevLogIndex=1, prevLogTerm=1, entries=0, commitIndex=1} to 3
21:52:16.709 [raft-server-raft-partition-5] TRACE i.a.p.raft.roles.FollowerRole - RaftServer{raft-partition-5}{role=FOLLOWER} - Sending AppendResponse{status=OK, term=1, succeeded=true, lastLogIndex=1}
21:52:16.709 [raft-server-raft-partition-7] TRACE i.a.p.raft.roles.FollowerRole - RaftServer{raft-partition-7}{role=FOLLOWER} - Received AppendRequest{term=1, leader=2, prevLogIndex=1, prevLogTerm=1, entries=0, commitIndex=1}
21:52:16.709 [raft-server-raft-partition-5] TRACE i.a.p.raft.roles.FollowerRole - RaftServer{raft-partition-5}{role=FOLLOWER} - Sending AppendResponse{status=OK, term=1, succeeded=true, lastLogIndex=1}
21:52:16.709 [raft-server-raft-partition-7] TRACE i.a.p.raft.roles.FollowerRole - RaftServer{raft-partition-7}{role=FOLLOWER} - Sending AppendResponse{status=OK, term=1, succeeded=true, lastLogIndex=1}
21:52:16.709 [raft-server-raft-partition-7] TRACE i.a.p.raft.roles.FollowerRole - RaftServer{raft-partition-7}{role=FOLLOWER} - Received AppendRequest{term=1, leader=2, prevLogIndex=1, prevLogTerm=1, entries=0, commitIndex=1}
21:52:16.710 [raft-server-raft-partition-5] TRACE i.a.p.raft.roles.LeaderAppender - RaftServer{raft-partition-5} - Received AppendResponse{status=OK, term=1, succeeded=true, lastLogIndex=1} from 2
21:52:16.710 [raft-server-raft-partition-7] TRACE i.a.p.raft.roles.FollowerRole - RaftServer{raft-partition-7}{role=FOLLOWER} - Sending AppendResponse{status=OK, term=1, succeeded=true, lastLogIndex=1}
21:52:16.710 [raft-server-raft-partition-7] TRACE i.a.p.raft.roles.LeaderAppender - RaftServer{raft-partition-7} - Received AppendResponse{status=OK, term=1, succeeded=true, lastLogIndex=1} from 1
21:52:16.710 [raft-server-raft-partition-5] TRACE i.a.p.raft.roles.LeaderAppender - RaftServer{raft-partition-5} - Sending AppendRequest{term=1, leader=3, prevLogIndex=1, prevLogTerm=1, entries=0, commitIndex=1} to 2
21:52:16.710 [raft-server-raft-partition-7] TRACE i.a.p.raft.roles.LeaderAppender - RaftServer{raft-partition-7} - Sending AppendRequest{term=1, leader=2, prevLogIndex=1, prevLogTerm=1, entries=0, commitIndex=1} to 1
21:52:16.710 [raft-server-raft-partition-5] TRACE i.a.p.raft.roles.LeaderAppender - RaftServer{raft-partition-5} - Received AppendResponse{status=OK, term=1, succeeded=true, lastLogIndex=1} from 1
21:52:16.710 [raft-server-raft-partition-7] TRACE i.a.p.raft.roles.LeaderAppender - RaftServer{raft-partition-7} - Received AppendResponse{status=OK, term=1, succeeded=true, lastLogIndex=1} from 3
21:52:16.710 [raft-server-raft-partition-5] TRACE i.a.p.raft.roles.FollowerRole - RaftServer{raft-partition-5}{role=FOLLOWER} - Received AppendRequest{term=1, leader=3, prevLogIndex=1, prevLogTerm=1, entries=0, commitIndex=1}
21:52:16.710 [raft-server-raft-partition-5] TRACE i.a.p.raft.roles.LeaderAppender - RaftServer{raft-partition-5} - Sending AppendRequest{term=1, leader=3, prevLogIndex=1, prevLogTerm=1, entries=0, commitIndex=1} to 1
21:52:16.710 [raft-server-raft-partition-7] TRACE i.a.p.raft.roles.LeaderAppender - RaftServer{raft-partition-7} - Sending AppendRequest{term=1, leader=2, prevLogIndex=1, prevLogTerm=1, entries=0, commitIndex=1} to 3
21:52:16.710 [raft-server-raft-partition-5] TRACE i.a.p.raft.roles.FollowerRole - RaftServer{raft-partition-5}{role=FOLLOWER} - Sending AppendResponse{status=OK, term=1, succeeded=true, lastLogIndex=1}
21:52:16.710 [raft-server-raft-partition-7] TRACE i.a.p.raft.roles.FollowerRole - RaftServer{raft-partition-7}{role=FOLLOWER} - Received AppendRequest{term=1, leader=2, prevLogIndex=1, prevLogTerm=1, entries=0, commitIndex=1}
21:52:16.710 [raft-server-raft-partition-7] TRACE i.a.p.raft.roles.FollowerRole - RaftServer{raft-partition-7}{role=FOLLOWER} - Sending AppendResponse{status=OK, term=1, succeeded=true, lastLogIndex=1}
21:52:16.710 [raft-server-raft-partition-7] TRACE i.a.p.raft.roles.FollowerRole - RaftServer{raft-partition-7}{role=FOLLOWER} - Received AppendRequest{term=1, leader=2, prevLogIndex=1, prevLogTerm=1, entries=0, commitIndex=1}
21:52:16.710 [raft-server-raft-partition-5] TRACE i.a.p.raft.roles.LeaderAppender - RaftServer{raft-partition-5} - Received AppendResponse{status=OK, term=1, succeeded=true, lastLogIndex=1} from 2
21:52:16.710 [raft-server-raft-partition-7] TRACE i.a.p.raft.roles.FollowerRole - RaftServer{raft-partition-7}{role=FOLLOWER} - Sending AppendResponse{status=OK, term=1, succeeded=true, lastLogIndex=1}
21:52:16.710 [raft-server-raft-partition-7] TRACE i.a.p.raft.roles.LeaderAppender - RaftServer{raft-partition-7} - Received AppendResponse{status=OK, term=1, succeeded=true, lastLogIndex=1} from 1
21:52:16.710 [raft-server-raft-partition-5] TRACE i.a.p.raft.roles.FollowerRole - RaftServer{raft-partition-5}{role=FOLLOWER} - Received AppendRequest{term=1, leader=3, prevLogIndex=1, prevLogTerm=1, entries=0, commitIndex=1}
21:52:16.711 [raft-server-raft-partition-5] TRACE i.a.p.raft.roles.FollowerRole - RaftServer{raft-partition-5}{role=FOLLOWER} - Sending AppendResponse{status=OK, term=1, succeeded=true, lastLogIndex=1}
21:52:16.711 [raft-server-raft-partition-7] TRACE i.a.p.raft.roles.LeaderAppender - RaftServer{raft-partition-7} - Received AppendResponse{status=OK, term=1, succeeded=true, lastLogIndex=1} from 3
21:52:16.711 [raft-server-raft-partition-5] TRACE i.a.p.raft.roles.LeaderAppender - RaftServer{raft-partition-5} - Received AppendResponse{status=OK, term=1, succeeded=true, lastLogIndex=1} from 1
21:52:16.715 [raft-server-system-partition-1] TRACE i.a.p.raft.roles.FollowerRole - RaftServer{system-partition-1}{role=FOLLOWER} - Committed entries up to index 14
21:52:16.715 [raft-server-system-partition-1] TRACE i.a.p.raft.roles.FollowerRole - RaftServer{system-partition-1}{role=FOLLOWER} - Sending AppendResponse{status=OK, term=1, succeeded=true, lastLogIndex=15}
21:52:16.715 [raft-server-system-partition-1-state] TRACE i.a.p.raft.impl.RaftServiceManager - RaftServer{system-partition-1} - Applying Indexed{index=14, entry=OpenSessionEntry{term=1, timestamp=2018-06-10 09:52:16,606, node=2, serviceName=primitives, serviceType=consistent-map, serviceConfig=byte[]{length=2, hash=2636}, readConsistency=SEQUENTIAL, minTimeout=250, maxTimeout=30000}}
21:52:16.719 [raft-server-system-partition-1-state] DEBUG i.a.p.r.service.RaftServiceContext - PrimitiveService{14}{type=ConsistentMapType{name=consistent-map}, name=primitives} - Opening session 14
21:52:16.719 [raft-server-system-partition-1-state] DEBUG i.a.p.raft.session.RaftSession - Session{14}{type=ConsistentMapType{name=consistent-map}, name=primitives} - State changed: OPEN
21:52:16.740 [raft-server-system-partition-1] TRACE i.a.p.raft.roles.LeaderAppender - RaftServer{system-partition-1} - Sending AppendRequest{term=1, leader=1, prevLogIndex=15, prevLogTerm=1, entries=1, commitIndex=15} to 2
21:52:16.740 [raft-server-system-partition-1] TRACE i.a.p.raft.roles.LeaderAppender - RaftServer{system-partition-1} - Sending AppendRequest{term=1, leader=1, prevLogIndex=15, prevLogTerm=1, entries=1, commitIndex=15} to 3
21:52:16.741 [raft-server-system-partition-1] TRACE i.a.p.raft.roles.LeaderAppender - RaftServer{system-partition-1} - Received AppendResponse{status=OK, term=1, succeeded=true, lastLogIndex=15} from 3
21:52:16.741 [raft-server-system-partition-1-state] TRACE i.a.p.raft.impl.RaftServiceManager - RaftServer{system-partition-1} - Applying Indexed{index=15, entry=KeepAliveEntry{term=1, timestamp=2018-06-10 09:52:16,646, sessionIds=long[]{length=3, hash=35819}, commandSequences=long[]{length=3, hash=29791}, eventIndexes=long[]{length=3, hash=35819}}}
21:52:16.741 [raft-server-system-partition-1] TRACE i.a.p.raft.roles.FollowerRole - RaftServer{system-partition-1}{role=FOLLOWER} - Received AppendRequest{term=1, leader=1, prevLogIndex=15, prevLogTerm=1, entries=1, commitIndex=15}
21:52:16.741 [raft-server-system-partition-1] TRACE i.a.p.raft.roles.FollowerRole - RaftServer{system-partition-1}{role=FOLLOWER} - Received AppendRequest{term=1, leader=1, prevLogIndex=15, prevLogTerm=1, entries=1, commitIndex=15}
21:52:16.741 [raft-server-system-partition-1] TRACE i.a.p.raft.roles.FollowerRole - RaftServer{system-partition-1}{role=FOLLOWER} - Appended Indexed{index=16, entry=CommandEntry{term=1, timestamp=2018-06-10 09:52:16,649, session=14, sequence=1, operation=PrimitiveOperation{id=DefaultOperationId{id=putIfAbsentWithTtl, type=COMMAND}, value=byte[]{length=45, hash=-655357269}}}}
21:52:16.741 [raft-server-system-partition-1] TRACE i.a.p.raft.roles.FollowerRole - RaftServer{system-partition-1}{role=FOLLOWER} - Appended Indexed{index=16, entry=CommandEntry{term=1, timestamp=2018-06-10 09:52:16,649, session=14, sequence=1, operation=PrimitiveOperation{id=DefaultOperationId{id=putIfAbsentWithTtl, type=COMMAND}, value=byte[]{length=45, hash=-655357269}}}}
21:52:16.741 [raft-server-system-partition-1] TRACE i.a.protocols.raft.roles.LeaderRole - RaftServer{system-partition-1}{role=LEADER} - Sending KeepAliveResponse{status=OK, leader=1, members=[1, 2, 3], sessionIds=long[]{length=3, hash=35819}}
21:52:16.743 [raft-server-raft-partition-4] TRACE i.a.p.raft.roles.LeaderAppender - RaftServer{raft-partition-4} - Sending AppendRequest{term=1, leader=1, prevLogIndex=1, prevLogTerm=1, entries=0, commitIndex=1} to 2
21:52:16.743 [raft-server-raft-partition-4] TRACE i.a.p.raft.roles.LeaderAppender - RaftServer{raft-partition-4} - Sending AppendRequest{term=1, leader=1, prevLogIndex=1, prevLogTerm=1, entries=0, commitIndex=1} to 3
21:52:16.743 [raft-server-raft-partition-4] TRACE i.a.p.raft.roles.FollowerRole - RaftServer{raft-partition-4}{role=FOLLOWER} - Received AppendRequest{term=1, leader=1, prevLogIndex=1, prevLogTerm=1, entries=0, commitIndex=1}
21:52:16.743 [raft-server-raft-partition-4] TRACE i.a.p.raft.roles.FollowerRole - RaftServer{raft-partition-4}{role=FOLLOWER} - Received AppendRequest{term=1, leader=1, prevLogIndex=1, prevLogTerm=1, entries=0, commitIndex=1}
21:52:16.743 [raft-server-raft-partition-4] TRACE i.a.p.raft.roles.FollowerRole - RaftServer{raft-partition-4}{role=FOLLOWER} - Sending AppendResponse{status=OK, term=1, succeeded=true, lastLogIndex=1}
21:52:16.743 [raft-server-raft-partition-4] TRACE i.a.p.raft.roles.FollowerRole - RaftServer{raft-partition-4}{role=FOLLOWER} - Sending AppendResponse{status=OK, term=1, succeeded=true, lastLogIndex=1}
21:52:16.744 [raft-server-raft-partition-4] TRACE i.a.p.raft.roles.LeaderAppender - RaftServer{raft-partition-4} - Received AppendResponse{status=OK, term=1, succeeded=true, lastLogIndex=1} from 2
21:52:16.744 [raft-server-raft-partition-4] TRACE i.a.p.raft.roles.LeaderAppender - RaftServer{raft-partition-4} - Sending AppendRequest{term=1, leader=1, prevLogIndex=1, prevLogTerm=1, entries=0, commitIndex=1} to 2
21:52:16.744 [raft-server-raft-partition-4] TRACE i.a.p.raft.roles.LeaderAppender - RaftServer{raft-partition-4} - Received AppendResponse{status=OK, term=1, succeeded=true, lastLogIndex=1} from 3
21:52:16.744 [raft-server-raft-partition-4] TRACE i.a.p.raft.roles.LeaderAppender - RaftServer{raft-partition-4} - Sending AppendRequest{term=1, leader=1, prevLogIndex=1, prevLogTerm=1, entries=0, commitIndex=1} to 3
21:52:16.744 [raft-server-raft-partition-4] TRACE i.a.p.raft.roles.FollowerRole - RaftServer{raft-partition-4}{role=FOLLOWER} - Received AppendRequest{term=1, leader=1, prevLogIndex=1, prevLogTerm=1, entries=0, commitIndex=1}
21:52:16.744 [raft-server-raft-partition-4] TRACE i.a.p.raft.roles.FollowerRole - RaftServer{raft-partition-4}{role=FOLLOWER} - Sending AppendResponse{status=OK, term=1, succeeded=true, lastLogIndex=1}
21:52:16.744 [raft-server-raft-partition-4] TRACE i.a.p.raft.roles.FollowerRole - RaftServer{raft-partition-4}{role=FOLLOWER} - Received AppendRequest{term=1, leader=1, prevLogIndex=1, prevLogTerm=1, entries=0, commitIndex=1}
21:52:16.744 [raft-server-raft-partition-4] TRACE i.a.p.raft.roles.FollowerRole - RaftServer{raft-partition-4}{role=FOLLOWER} - Sending AppendResponse{status=OK, term=1, succeeded=true, lastLogIndex=1}
21:52:16.744 [raft-server-raft-partition-4] TRACE i.a.p.raft.roles.LeaderAppender - RaftServer{raft-partition-4} - Received AppendResponse{status=OK, term=1, succeeded=true, lastLogIndex=1} from 2
21:52:16.744 [raft-server-raft-partition-4] TRACE i.a.p.raft.roles.LeaderAppender - RaftServer{raft-partition-4} - Received AppendResponse{status=OK, term=1, succeeded=true, lastLogIndex=1} from 3
21:52:16.774 [raft-server-system-partition-1] TRACE i.a.p.raft.roles.FollowerRole - RaftServer{system-partition-1}{role=FOLLOWER} - Committed entries up to index 15
21:52:16.774 [raft-server-system-partition-1] TRACE i.a.p.raft.roles.FollowerRole - RaftServer{system-partition-1}{role=FOLLOWER} - Sending AppendResponse{status=OK, term=1, succeeded=true, lastLogIndex=16}
21:52:16.774 [raft-server-system-partition-1] TRACE i.a.p.raft.roles.FollowerRole - RaftServer{system-partition-1}{role=FOLLOWER} - Sending KeepAliveResponse{status=OK, leader=1, members=[1, 2, 3], sessionIds=long[]{length=3, hash=35819}}
21:52:16.774 [raft-server-system-partition-1-state] TRACE i.a.p.raft.impl.RaftServiceManager - RaftServer{system-partition-1} - Applying Indexed{index=15, entry=KeepAliveEntry{term=1, timestamp=2018-06-10 09:52:16,646, sessionIds=long[]{length=3, hash=35819}, commandSequences=long[]{length=3, hash=29791}, eventIndexes=long[]{length=3, hash=35819}}}
21:52:16.774 [raft-server-system-partition-1] TRACE i.a.p.raft.roles.LeaderAppender - RaftServer{system-partition-1} - Received AppendResponse{status=OK, term=1, succeeded=true, lastLogIndex=16} from 2
21:52:16.774 [raft-client-system-partition-1-4] TRACE i.a.p.r.s.impl.RaftSessionConnection - RaftClient{system-partition-1} - Received KeepAliveResponse{status=OK, leader=1, members=[1, 2, 3], sessionIds=long[]{length=3, hash=35819}} from 2
21:52:16.774 [raft-server-system-partition-1] TRACE i.a.p.raft.roles.LeaderAppender - RaftServer{system-partition-1} - Committed entries up to 16
21:52:16.799 [raft-server-system-partition-1] TRACE i.a.p.raft.roles.FollowerRole - RaftServer{system-partition-1}{role=FOLLOWER} - Committed entries up to index 15
21:52:16.799 [raft-server-system-partition-1] TRACE i.a.p.raft.roles.FollowerRole - RaftServer{system-partition-1}{role=FOLLOWER} - Sending AppendResponse{status=OK, term=1, succeeded=true, lastLogIndex=16}
21:52:16.799 [raft-server-system-partition-1-state] TRACE i.a.p.raft.impl.RaftServiceManager - RaftServer{system-partition-1} - Applying Indexed{index=15, entry=KeepAliveEntry{term=1, timestamp=2018-06-10 09:52:16,646, sessionIds=long[]{length=3, hash=35819}, commandSequences=long[]{length=3, hash=29791}, eventIndexes=long[]{length=3, hash=35819}}}
21:52:16.818 [raft-server-raft-partition-2] TRACE i.a.p.raft.roles.LeaderAppender - RaftServer{raft-partition-2} - Sending AppendRequest{term=1, leader=1, prevLogIndex=1, prevLogTerm=1, entries=0, commitIndex=1} to 2
21:52:16.818 [raft-server-raft-partition-2] TRACE i.a.p.raft.roles.LeaderAppender - RaftServer{raft-partition-2} - Sending AppendRequest{term=1, leader=1, prevLogIndex=1, prevLogTerm=1, entries=0, commitIndex=1} to 3
21:52:16.818 [raft-server-raft-partition-2] TRACE i.a.p.raft.roles.FollowerRole - RaftServer{raft-partition-2}{role=FOLLOWER} - Received AppendRequest{term=1, leader=1, prevLogIndex=1, prevLogTerm=1, entries=0, commitIndex=1}
21:52:16.818 [raft-server-raft-partition-2] TRACE i.a.p.raft.roles.FollowerRole - RaftServer{raft-partition-2}{role=FOLLOWER} - Sending AppendResponse{status=OK, term=1, succeeded=true, lastLogIndex=1}
21:52:16.818 [raft-server-raft-partition-2] TRACE i.a.p.raft.roles.FollowerRole - RaftServer{raft-partition-2}{role=FOLLOWER} - Received AppendRequest{term=1, leader=1, prevLogIndex=1, prevLogTerm=1, entries=0, commitIndex=1}
21:52:16.818 [raft-server-raft-partition-2] TRACE i.a.p.raft.roles.FollowerRole - RaftServer{raft-partition-2}{role=FOLLOWER} - Sending AppendResponse{status=OK, term=1, succeeded=true, lastLogIndex=1}
21:52:16.818 [raft-server-raft-partition-2] TRACE i.a.p.raft.roles.LeaderAppender - RaftServer{raft-partition-2} - Received AppendResponse{status=OK, term=1, succeeded=true, lastLogIndex=1} from 2
21:52:16.818 [raft-server-raft-partition-2] TRACE i.a.p.raft.roles.LeaderAppender - RaftServer{raft-partition-2} - Sending AppendRequest{term=1, leader=1, prevLogIndex=1, prevLogTerm=1, entries=0, commitIndex=1} to 2
21:52:16.818 [raft-server-raft-partition-2] TRACE i.a.p.raft.roles.LeaderAppender - RaftServer{raft-partition-2} - Received AppendResponse{status=OK, term=1, succeeded=true, lastLogIndex=1} from 3
21:52:16.818 [raft-server-raft-partition-2] TRACE i.a.p.raft.roles.LeaderAppender - RaftServer{raft-partition-2} - Sending AppendRequest{term=1, leader=1, prevLogIndex=1, prevLogTerm=1, entries=0, commitIndex=1} to 3
21:52:16.818 [raft-server-raft-partition-2] TRACE i.a.p.raft.roles.FollowerRole - RaftServer{raft-partition-2}{role=FOLLOWER} - Received AppendRequest{term=1, leader=1, prevLogIndex=1, prevLogTerm=1, entries=0, commitIndex=1}
21:52:16.818 [raft-server-raft-partition-2] TRACE i.a.p.raft.roles.FollowerRole - RaftServer{raft-partition-2}{role=FOLLOWER} - Sending AppendResponse{status=OK, term=1, succeeded=true, lastLogIndex=1}
21:52:16.818 [raft-server-raft-partition-2] TRACE i.a.p.raft.roles.FollowerRole - RaftServer{raft-partition-2}{role=FOLLOWER} - Received AppendRequest{term=1, leader=1, prevLogIndex=1, prevLogTerm=1, entries=0, commitIndex=1}
21:52:16.818 [raft-server-raft-partition-2] TRACE i.a.p.raft.roles.FollowerRole - RaftServer{raft-partition-2}{role=FOLLOWER} - Sending AppendResponse{status=OK, term=1, succeeded=true, lastLogIndex=1}
21:52:16.818 [raft-server-raft-partition-2] TRACE i.a.p.raft.roles.LeaderAppender - RaftServer{raft-partition-2} - Received AppendResponse{status=OK, term=1, succeeded=true, lastLogIndex=1} from 2
21:52:16.819 [raft-server-raft-partition-2] TRACE i.a.p.raft.roles.LeaderAppender - RaftServer{raft-partition-2} - Sending AppendRequest{term=1, leader=1, prevLogIndex=1, prevLogTerm=1, entries=0, commitIndex=1} to 2
21:52:16.819 [raft-server-raft-partition-2] TRACE i.a.p.raft.roles.LeaderAppender - RaftServer{raft-partition-2} - Received AppendResponse{status=OK, term=1, succeeded=true, lastLogIndex=1} from 3
21:52:16.819 [raft-server-raft-partition-2] TRACE i.a.p.raft.roles.LeaderAppender - RaftServer{raft-partition-2} - Sending AppendRequest{term=1, leader=1, prevLogIndex=1, prevLogTerm=1, entries=0, commitIndex=1} to 3
21:52:16.819 [raft-server-raft-partition-2] TRACE i.a.p.raft.roles.FollowerRole - RaftServer{raft-partition-2}{role=FOLLOWER} - Received AppendRequest{term=1, leader=1, prevLogIndex=1, prevLogTerm=1, entries=0, commitIndex=1}
21:52:16.819 [raft-server-raft-partition-2] TRACE i.a.p.raft.roles.FollowerRole - RaftServer{raft-partition-2}{role=FOLLOWER} - Sending AppendResponse{status=OK, term=1, succeeded=true, lastLogIndex=1}
21:52:16.819 [raft-server-raft-partition-2] TRACE i.a.p.raft.roles.FollowerRole - RaftServer{raft-partition-2}{role=FOLLOWER} - Received AppendRequest{term=1, leader=1, prevLogIndex=1, prevLogTerm=1, entries=0, commitIndex=1}
21:52:16.819 [raft-server-raft-partition-2] TRACE i.a.p.raft.roles.FollowerRole - RaftServer{raft-partition-2}{role=FOLLOWER} - Sending AppendResponse{status=OK, term=1, succeeded=true, lastLogIndex=1}
21:52:16.819 [raft-server-raft-partition-2] TRACE i.a.p.raft.roles.LeaderAppender - RaftServer{raft-partition-2} - Received AppendResponse{status=OK, term=1, succeeded=true, lastLogIndex=1} from 2
21:52:16.819 [raft-server-raft-partition-2] TRACE i.a.p.raft.roles.LeaderAppender - RaftServer{raft-partition-2} - Received AppendResponse{status=OK, term=1, succeeded=true, lastLogIndex=1} from 3
21:52:16.824 [raft-server-system-partition-1] TRACE i.a.p.raft.roles.LeaderAppender - RaftServer{system-partition-1} - Received AppendResponse{status=OK, term=1, succeeded=true, lastLogIndex=16} from 3
21:52:16.824 [raft-server-system-partition-1-state] TRACE i.a.p.raft.impl.RaftServiceManager - RaftServer{system-partition-1} - Applying Indexed{index=16, entry=CommandEntry{term=1, timestamp=2018-06-10 09:52:16,649, session=14, sequence=1, operation=PrimitiveOperation{id=DefaultOperationId{id=putIfAbsentWithTtl, type=COMMAND}, value=byte[]{length=45, hash=-655357269}}}}
21:52:16.824 [raft-server-system-partition-1-state] TRACE i.a.protocols.raft.roles.LeaderRole - RaftServer{system-partition-1}{role=LEADER} - Sending CommandResponse{status=OK, index=16, eventIndex=14, result=byte[]{length=28, hash=2049530858}}
21:52:16.824 [raft-client-system-partition-1-3] TRACE i.a.p.r.s.impl.RaftSessionConnection - SessionClient{14}{type=ConsistentMapType{name=consistent-map}, name=primitives} - Received CommandResponse{status=OK, index=16, eventIndex=14, result=byte[]{length=28, hash=2049530858}} from 1
21:52:16.824 [raft-client-system-partition-1-3] TRACE i.a.p.r.s.impl.RaftSessionSequencer - SessionClient{14}{type=ConsistentMapType{name=consistent-map}, name=primitives} - Completing response CommandResponse{status=OK, index=16, eventIndex=14, result=byte[]{length=28, hash=2049530858}}
21:52:16.825 [raft-client-system-partition-1-3] INFO  i.a.core.impl.CoreTransactionService - Started
21:52:16.825 [raft-client-system-partition-1-3] INFO  i.a.core.impl.CorePrimitivesService - Started
21:52:16.825 [atomix-cluster-0] INFO  io.atomix.cluster.AtomixCluster - Started
21:52:16.826 [raft-server-raft-partition-6] TRACE i.a.p.raft.roles.LeaderAppender - RaftServer{raft-partition-6} - Sending AppendRequest{term=1, leader=1, prevLogIndex=1, prevLogTerm=1, entries=0, commitIndex=1} to 2
21:52:16.826 [raft-server-raft-partition-6] TRACE i.a.p.raft.roles.LeaderAppender - RaftServer{raft-partition-6} - Sending AppendRequest{term=1, leader=1, prevLogIndex=1, prevLogTerm=1, entries=0, commitIndex=1} to 3
21:52:16.826 [raft-server-raft-partition-6] TRACE i.a.p.raft.roles.FollowerRole - RaftServer{raft-partition-6}{role=FOLLOWER} - Received AppendRequest{term=1, leader=1, prevLogIndex=1, prevLogTerm=1, entries=0, commitIndex=1}
21:52:16.826 [raft-server-raft-partition-6] TRACE i.a.p.raft.roles.FollowerRole - RaftServer{raft-partition-6}{role=FOLLOWER} - Received AppendRequest{term=1, leader=1, prevLogIndex=1, prevLogTerm=1, entries=0, commitIndex=1}
21:52:16.826 [raft-server-raft-partition-6] TRACE i.a.p.raft.roles.FollowerRole - RaftServer{raft-partition-6}{role=FOLLOWER} - Sending AppendResponse{status=OK, term=1, succeeded=true, lastLogIndex=1}
21:52:16.826 [raft-server-raft-partition-6] TRACE i.a.p.raft.roles.FollowerRole - RaftServer{raft-partition-6}{role=FOLLOWER} - Sending AppendResponse{status=OK, term=1, succeeded=true, lastLogIndex=1}
21:52:16.826 [raft-server-raft-partition-6] TRACE i.a.p.raft.roles.LeaderAppender - RaftServer{raft-partition-6} - Received AppendResponse{status=OK, term=1, succeeded=true, lastLogIndex=1} from 3
21:52:16.826 [raft-server-raft-partition-6] TRACE i.a.p.raft.roles.LeaderAppender - RaftServer{raft-partition-6} - Received AppendResponse{status=OK, term=1, succeeded=true, lastLogIndex=1} from 2
21:52:16.875 [raft-server-raft-partition-3] TRACE i.a.p.raft.roles.LeaderAppender - RaftServer{raft-partition-3} - Sending AppendRequest{term=3, leader=1, prevLogIndex=1, prevLogTerm=2, entries=0, commitIndex=1} to 2
21:52:16.875 [raft-server-raft-partition-3] TRACE i.a.p.raft.roles.LeaderAppender - RaftServer{raft-partition-3} - Sending AppendRequest{term=3, leader=1, prevLogIndex=1, prevLogTerm=2, entries=0, commitIndex=1} to 3
21:52:16.875 [raft-server-raft-partition-3] TRACE i.a.p.raft.roles.FollowerRole - RaftServer{raft-partition-3}{role=FOLLOWER} - Received AppendRequest{term=3, leader=1, prevLogIndex=1, prevLogTerm=2, entries=0, commitIndex=1}
21:52:16.875 [raft-server-raft-partition-3] TRACE i.a.p.raft.roles.FollowerRole - RaftServer{raft-partition-3}{role=FOLLOWER} - Received AppendRequest{term=3, leader=1, prevLogIndex=1, prevLogTerm=2, entries=0, commitIndex=1}
21:52:16.875 [raft-server-raft-partition-3] TRACE i.a.p.raft.roles.FollowerRole - RaftServer{raft-partition-3}{role=FOLLOWER} - Sending AppendResponse{status=OK, term=3, succeeded=true, lastLogIndex=1}
21:52:16.875 [raft-server-raft-partition-3] TRACE i.a.p.raft.roles.FollowerRole - RaftServer{raft-partition-3}{role=FOLLOWER} - Sending AppendResponse{status=OK, term=3, succeeded=true, lastLogIndex=1}
21:52:16.875 [raft-server-raft-partition-3] TRACE i.a.p.raft.roles.LeaderAppender - RaftServer{raft-partition-3} - Received AppendResponse{status=OK, term=3, succeeded=true, lastLogIndex=1} from 3
21:52:16.875 [raft-server-raft-partition-3] TRACE i.a.p.raft.roles.LeaderAppender - RaftServer{raft-partition-3} - Sending AppendRequest{term=3, leader=1, prevLogIndex=1, prevLogTerm=2, entries=0, commitIndex=1} to 3
21:52:16.875 [raft-server-raft-partition-3] TRACE i.a.p.raft.roles.LeaderAppender - RaftServer{raft-partition-3} - Received AppendResponse{status=OK, term=3, succeeded=true, lastLogIndex=1} from 2
21:52:16.875 [raft-server-raft-partition-3] TRACE i.a.p.raft.roles.LeaderAppender - RaftServer{raft-partition-3} - Sending AppendRequest{term=3, leader=1, prevLogIndex=1, prevLogTerm=2, entries=0, commitIndex=1} to 2
21:52:16.876 [raft-server-raft-partition-3] TRACE i.a.p.raft.roles.FollowerRole - RaftServer{raft-partition-3}{role=FOLLOWER} - Received AppendRequest{term=3, leader=1, prevLogIndex=1, prevLogTerm=2, entries=0, commitIndex=1}
21:52:16.876 [raft-server-raft-partition-3] TRACE i.a.p.raft.roles.FollowerRole - RaftServer{raft-partition-3}{role=FOLLOWER} - Sending AppendResponse{status=OK, term=3, succeeded=true, lastLogIndex=1}
21:52:16.876 [raft-server-raft-partition-3] TRACE i.a.p.raft.roles.FollowerRole - RaftServer{raft-partition-3}{role=FOLLOWER} - Received AppendRequest{term=3, leader=1, prevLogIndex=1, prevLogTerm=2, entries=0, commitIndex=1}
21:52:16.876 [raft-server-raft-partition-3] TRACE i.a.p.raft.roles.FollowerRole - RaftServer{raft-partition-3}{role=FOLLOWER} - Sending AppendResponse{status=OK, term=3, succeeded=true, lastLogIndex=1}
21:52:16.876 [raft-server-raft-partition-3] TRACE i.a.p.raft.roles.LeaderAppender - RaftServer{raft-partition-3} - Received AppendResponse{status=OK, term=3, succeeded=true, lastLogIndex=1} from 3
21:52:16.876 [raft-server-raft-partition-3] TRACE i.a.p.raft.roles.LeaderAppender - RaftServer{raft-partition-3} - Sending AppendRequest{term=3, leader=1, prevLogIndex=1, prevLogTerm=2, entries=0, commitIndex=1} to 3
21:52:16.876 [raft-server-raft-partition-3] TRACE i.a.p.raft.roles.LeaderAppender - RaftServer{raft-partition-3} - Received AppendResponse{status=OK, term=3, succeeded=true, lastLogIndex=1} from 2
21:52:16.876 [raft-server-raft-partition-3] TRACE i.a.p.raft.roles.LeaderAppender - RaftServer{raft-partition-3} - Sending AppendRequest{term=3, leader=1, prevLogIndex=1, prevLogTerm=2, entries=0, commitIndex=1} to 2
21:52:16.876 [raft-server-raft-partition-3] TRACE i.a.p.raft.roles.FollowerRole - RaftServer{raft-partition-3}{role=FOLLOWER} - Received AppendRequest{term=3, leader=1, prevLogIndex=1, prevLogTerm=2, entries=0, commitIndex=1}
21:52:16.876 [raft-server-raft-partition-3] TRACE i.a.p.raft.roles.FollowerRole - RaftServer{raft-partition-3}{role=FOLLOWER} - Sending AppendResponse{status=OK, term=3, succeeded=true, lastLogIndex=1}
21:52:16.876 [raft-server-raft-partition-3] TRACE i.a.p.raft.roles.FollowerRole - RaftServer{raft-partition-3}{role=FOLLOWER} - Received AppendRequest{term=3, leader=1, prevLogIndex=1, prevLogTerm=2, entries=0, commitIndex=1}
21:52:16.876 [raft-server-raft-partition-3] TRACE i.a.p.raft.roles.FollowerRole - RaftServer{raft-partition-3}{role=FOLLOWER} - Sending AppendResponse{status=OK, term=3, succeeded=true, lastLogIndex=1}
21:52:16.876 [raft-server-raft-partition-3] TRACE i.a.p.raft.roles.LeaderAppender - RaftServer{raft-partition-3} - Received AppendResponse{status=OK, term=3, succeeded=true, lastLogIndex=1} from 3
21:52:16.876 [raft-server-raft-partition-3] TRACE i.a.p.raft.roles.LeaderAppender - RaftServer{raft-partition-3} - Received AppendResponse{status=OK, term=3, succeeded=true, lastLogIndex=1} from 2
21:52:16.884 [raft-server-raft-partition-1] TRACE i.a.p.raft.roles.LeaderAppender - RaftServer{raft-partition-1} - Sending AppendRequest{term=1, leader=2, prevLogIndex=1, prevLogTerm=1, entries=0, commitIndex=1} to 3
21:52:16.885 [raft-server-raft-partition-1] TRACE i.a.p.raft.roles.FollowerRole - RaftServer{raft-partition-1}{role=FOLLOWER} - Received AppendRequest{term=1, leader=2, prevLogIndex=1, prevLogTerm=1, entries=0, commitIndex=1}
21:52:16.885 [raft-server-raft-partition-1] TRACE i.a.p.raft.roles.FollowerRole - RaftServer{raft-partition-1}{role=FOLLOWER} - Sending AppendResponse{status=OK, term=1, succeeded=true, lastLogIndex=1}
21:52:16.885 [raft-server-raft-partition-1] TRACE i.a.p.raft.roles.LeaderAppender - RaftServer{raft-partition-1} - Received AppendResponse{status=OK, term=1, succeeded=true, lastLogIndex=1} from 3
21:52:16.885 [raft-server-raft-partition-1] TRACE i.a.p.raft.roles.LeaderAppender - RaftServer{raft-partition-1} - Sending AppendRequest{term=1, leader=2, prevLogIndex=1, prevLogTerm=1, entries=0, commitIndex=1} to 3
21:52:16.885 [raft-server-raft-partition-1] TRACE i.a.p.raft.roles.FollowerRole - RaftServer{raft-partition-1}{role=FOLLOWER} - Received AppendRequest{term=1, leader=2, prevLogIndex=1, prevLogTerm=1, entries=0, commitIndex=1}
21:52:16.885 [raft-server-raft-partition-1] TRACE i.a.p.raft.roles.FollowerRole - RaftServer{raft-partition-1}{role=FOLLOWER} - Sending AppendResponse{status=OK, term=1, succeeded=true, lastLogIndex=1}
21:52:16.886 [raft-server-raft-partition-1] TRACE i.a.p.raft.roles.LeaderAppender - RaftServer{raft-partition-1} - Received AppendResponse{status=OK, term=1, succeeded=true, lastLogIndex=1} from 3
21:52:16.917 [raft-server-system-partition-1] TRACE i.a.p.raft.roles.LeaderAppender - RaftServer{system-partition-1} - Sending AppendRequest{term=1, leader=1, prevLogIndex=16, prevLogTerm=1, entries=0, commitIndex=16} to 2
21:52:16.917 [raft-server-system-partition-1] TRACE i.a.p.raft.roles.LeaderAppender - RaftServer{system-partition-1} - Sending AppendRequest{term=1, leader=1, prevLogIndex=16, prevLogTerm=1, entries=0, commitIndex=16} to 3
21:52:16.917 [raft-server-system-partition-1] TRACE i.a.p.raft.roles.FollowerRole - RaftServer{system-partition-1}{role=FOLLOWER} - Received AppendRequest{term=1, leader=1, prevLogIndex=16, prevLogTerm=1, entries=0, commitIndex=16}
21:52:16.917 [raft-server-system-partition-1] TRACE i.a.p.raft.roles.FollowerRole - RaftServer{system-partition-1}{role=FOLLOWER} - Committed entries up to index 16
21:52:16.917 [raft-server-system-partition-1] TRACE i.a.p.raft.roles.FollowerRole - RaftServer{system-partition-1}{role=FOLLOWER} - Sending AppendResponse{status=OK, term=1, succeeded=true, lastLogIndex=16}
21:52:16.918 [raft-server-system-partition-1] TRACE i.a.p.raft.roles.FollowerRole - RaftServer{system-partition-1}{role=FOLLOWER} - Received AppendRequest{term=1, leader=1, prevLogIndex=16, prevLogTerm=1, entries=0, commitIndex=16}
21:52:16.918 [raft-server-system-partition-1] TRACE i.a.p.raft.roles.FollowerRole - RaftServer{system-partition-1}{role=FOLLOWER} - Committed entries up to index 16
21:52:16.918 [raft-server-system-partition-1-state] TRACE i.a.p.raft.impl.RaftServiceManager - RaftServer{system-partition-1} - Applying Indexed{index=16, entry=CommandEntry{term=1, timestamp=2018-06-10 09:52:16,649, session=14, sequence=1, operation=PrimitiveOperation{id=DefaultOperationId{id=putIfAbsentWithTtl, type=COMMAND}, value=byte[]{length=45, hash=-655357269}}}}
21:52:16.918 [raft-server-system-partition-1] TRACE i.a.p.raft.roles.FollowerRole - RaftServer{system-partition-1}{role=FOLLOWER} - Sending AppendResponse{status=OK, term=1, succeeded=true, lastLogIndex=16}
21:52:16.918 [raft-server-system-partition-1] TRACE i.a.p.raft.roles.LeaderAppender - RaftServer{system-partition-1} - Received AppendResponse{status=OK, term=1, succeeded=true, lastLogIndex=16} from 2
21:52:16.918 [raft-server-system-partition-1-state] TRACE i.a.p.raft.impl.RaftServiceManager - RaftServer{system-partition-1} - Applying Indexed{index=16, entry=CommandEntry{term=1, timestamp=2018-06-10 09:52:16,649, session=14, sequence=1, operation=PrimitiveOperation{id=DefaultOperationId{id=putIfAbsentWithTtl, type=COMMAND}, value=byte[]{length=45, hash=-655357269}}}}
21:52:16.918 [raft-server-system-partition-1] TRACE i.a.p.raft.roles.LeaderAppender - RaftServer{system-partition-1} - Sending AppendRequest{term=1, leader=1, prevLogIndex=16, prevLogTerm=1, entries=0, commitIndex=16} to 2
21:52:16.918 [raft-server-system-partition-1] TRACE i.a.p.raft.roles.LeaderAppender - RaftServer{system-partition-1} - Received AppendResponse{status=OK, term=1, succeeded=true, lastLogIndex=16} from 3
21:52:16.918 [raft-server-system-partition-1] TRACE i.a.p.raft.roles.LeaderAppender - RaftServer{system-partition-1} - Sending AppendRequest{term=1, leader=1, prevLogIndex=16, prevLogTerm=1, entries=0, commitIndex=16} to 3
21:52:16.918 [raft-server-system-partition-1] TRACE i.a.p.raft.roles.FollowerRole - RaftServer{system-partition-1}{role=FOLLOWER} - Received AppendRequest{term=1, leader=1, prevLogIndex=16, prevLogTerm=1, entries=0, commitIndex=16}
21:52:16.918 [raft-server-system-partition-1] TRACE i.a.p.raft.roles.FollowerRole - RaftServer{system-partition-1}{role=FOLLOWER} - Sending AppendResponse{status=OK, term=1, succeeded=true, lastLogIndex=16}
21:52:16.918 [raft-server-system-partition-1] TRACE i.a.p.raft.roles.FollowerRole - RaftServer{system-partition-1}{role=FOLLOWER} - Received AppendRequest{term=1, leader=1, prevLogIndex=16, prevLogTerm=1, entries=0, commitIndex=16}
21:52:16.918 [raft-server-system-partition-1] TRACE i.a.p.raft.roles.FollowerRole - RaftServer{system-partition-1}{role=FOLLOWER} - Sending AppendResponse{status=OK, term=1, succeeded=true, lastLogIndex=16}
21:52:16.919 [raft-server-system-partition-1] TRACE i.a.p.raft.roles.LeaderAppender - RaftServer{system-partition-1} - Received AppendResponse{status=OK, term=1, succeeded=true, lastLogIndex=16} from 2
21:52:16.919 [raft-server-system-partition-1] TRACE i.a.p.raft.roles.LeaderAppender - RaftServer{system-partition-1} - Received AppendResponse{status=OK, term=1, succeeded=true, lastLogIndex=16} from 3
21:52:16.959 [raft-server-raft-partition-5] TRACE i.a.p.raft.roles.LeaderAppender - RaftServer{raft-partition-5} - Sending AppendRequest{term=1, leader=3, prevLogIndex=1, prevLogTerm=1, entries=0, commitIndex=1} to 1
21:52:16.959 [raft-server-raft-partition-5] TRACE i.a.p.raft.roles.LeaderAppender - RaftServer{raft-partition-5} - Sending AppendRequest{term=1, leader=3, prevLogIndex=1, prevLogTerm=1, entries=0, commitIndex=1} to 2
21:52:16.959 [raft-server-raft-partition-7] TRACE i.a.p.raft.roles.LeaderAppender - RaftServer{raft-partition-7} - Sending AppendRequest{term=1, leader=2, prevLogIndex=1, prevLogTerm=1, entries=0, commitIndex=1} to 1
21:52:16.959 [raft-server-raft-partition-5] TRACE i.a.p.raft.roles.FollowerRole - RaftServer{raft-partition-5}{role=FOLLOWER} - Received AppendRequest{term=1, leader=3, prevLogIndex=1, prevLogTerm=1, entries=0, commitIndex=1}
21:52:16.959 [raft-server-raft-partition-7] TRACE i.a.p.raft.roles.LeaderAppender - RaftServer{raft-partition-7} - Sending AppendRequest{term=1, leader=2, prevLogIndex=1, prevLogTerm=1, entries=0, commitIndex=1} to 3
21:52:16.959 [raft-server-raft-partition-5] TRACE i.a.p.raft.roles.FollowerRole - RaftServer{raft-partition-5}{role=FOLLOWER} - Received AppendRequest{term=1, leader=3, prevLogIndex=1, prevLogTerm=1, entries=0, commitIndex=1}
21:52:16.959 [raft-server-raft-partition-5] TRACE i.a.p.raft.roles.FollowerRole - RaftServer{raft-partition-5}{role=FOLLOWER} - Sending AppendResponse{status=OK, term=1, succeeded=true, lastLogIndex=1}
21:52:16.959 [raft-server-raft-partition-5] TRACE i.a.p.raft.roles.FollowerRole - RaftServer{raft-partition-5}{role=FOLLOWER} - Sending AppendResponse{status=OK, term=1, succeeded=true, lastLogIndex=1}
21:52:16.959 [raft-server-raft-partition-7] TRACE i.a.p.raft.roles.FollowerRole - RaftServer{raft-partition-7}{role=FOLLOWER} - Received AppendRequest{term=1, leader=2, prevLogIndex=1, prevLogTerm=1, entries=0, commitIndex=1}
21:52:16.959 [raft-server-raft-partition-7] TRACE i.a.p.raft.roles.FollowerRole - RaftServer{raft-partition-7}{role=FOLLOWER} - Received AppendRequest{term=1, leader=2, prevLogIndex=1, prevLogTerm=1, entries=0, commitIndex=1}
21:52:16.959 [raft-server-raft-partition-7] TRACE i.a.p.raft.roles.FollowerRole - RaftServer{raft-partition-7}{role=FOLLOWER} - Sending AppendResponse{status=OK, term=1, succeeded=true, lastLogIndex=1}
21:52:16.959 [raft-server-raft-partition-5] TRACE i.a.p.raft.roles.LeaderAppender - RaftServer{raft-partition-5} - Received AppendResponse{status=OK, term=1, succeeded=true, lastLogIndex=1} from 1
21:52:16.959 [raft-server-raft-partition-7] TRACE i.a.p.raft.roles.FollowerRole - RaftServer{raft-partition-7}{role=FOLLOWER} - Sending AppendResponse{status=OK, term=1, succeeded=true, lastLogIndex=1}
21:52:16.960 [raft-server-raft-partition-5] TRACE i.a.p.raft.roles.LeaderAppender - RaftServer{raft-partition-5} - Sending AppendRequest{term=1, leader=3, prevLogIndex=1, prevLogTerm=1, entries=0, commitIndex=1} to 1
21:52:16.960 [raft-server-raft-partition-7] TRACE i.a.p.raft.roles.LeaderAppender - RaftServer{raft-partition-7} - Received AppendResponse{status=OK, term=1, succeeded=true, lastLogIndex=1} from 1
21:52:16.960 [raft-server-raft-partition-5] TRACE i.a.p.raft.roles.LeaderAppender - RaftServer{raft-partition-5} - Received AppendResponse{status=OK, term=1, succeeded=true, lastLogIndex=1} from 2
21:52:16.960 [raft-server-raft-partition-7] TRACE i.a.p.raft.roles.LeaderAppender - RaftServer{raft-partition-7} - Sending AppendRequest{term=1, leader=2, prevLogIndex=1, prevLogTerm=1, entries=0, commitIndex=1} to 1
21:52:16.960 [raft-server-raft-partition-5] TRACE i.a.p.raft.roles.LeaderAppender - RaftServer{raft-partition-5} - Sending AppendRequest{term=1, leader=3, prevLogIndex=1, prevLogTerm=1, entries=0, commitIndex=1} to 2
21:52:16.960 [raft-server-raft-partition-5] TRACE i.a.p.raft.roles.FollowerRole - RaftServer{raft-partition-5}{role=FOLLOWER} - Received AppendRequest{term=1, leader=3, prevLogIndex=1, prevLogTerm=1, entries=0, commitIndex=1}
21:52:16.960 [raft-server-raft-partition-7] TRACE i.a.p.raft.roles.LeaderAppender - RaftServer{raft-partition-7} - Received AppendResponse{status=OK, term=1, succeeded=true, lastLogIndex=1} from 3
21:52:16.960 [raft-server-raft-partition-7] TRACE i.a.p.raft.roles.FollowerRole - RaftServer{raft-partition-7}{role=FOLLOWER} - Received AppendRequest{term=1, leader=2, prevLogIndex=1, prevLogTerm=1, entries=0, commitIndex=1}
21:52:16.960 [raft-server-raft-partition-5] TRACE i.a.p.raft.roles.FollowerRole - RaftServer{raft-partition-5}{role=FOLLOWER} - Sending AppendResponse{status=OK, term=1, succeeded=true, lastLogIndex=1}
21:52:16.960 [raft-server-raft-partition-7] TRACE i.a.p.raft.roles.LeaderAppender - RaftServer{raft-partition-7} - Sending AppendRequest{term=1, leader=2, prevLogIndex=1, prevLogTerm=1, entries=0, commitIndex=1} to 3
21:52:16.960 [raft-server-raft-partition-5] TRACE i.a.p.raft.roles.FollowerRole - RaftServer{raft-partition-5}{role=FOLLOWER} - Received AppendRequest{term=1, leader=3, prevLogIndex=1, prevLogTerm=1, entries=0, commitIndex=1}
21:52:16.960 [raft-server-raft-partition-7] TRACE i.a.p.raft.roles.FollowerRole - RaftServer{raft-partition-7}{role=FOLLOWER} - Sending AppendResponse{status=OK, term=1, succeeded=true, lastLogIndex=1}
21:52:16.960 [raft-server-raft-partition-5] TRACE i.a.p.raft.roles.FollowerRole - RaftServer{raft-partition-5}{role=FOLLOWER} - Sending AppendResponse{status=OK, term=1, succeeded=true, lastLogIndex=1}
21:52:16.960 [raft-server-raft-partition-5] TRACE i.a.p.raft.roles.LeaderAppender - RaftServer{raft-partition-5} - Received AppendResponse{status=OK, term=1, succeeded=true, lastLogIndex=1} from 1
21:52:16.960 [raft-server-raft-partition-7] TRACE i.a.p.raft.roles.FollowerRole - RaftServer{raft-partition-7}{role=FOLLOWER} - Received AppendRequest{term=1, leader=2, prevLogIndex=1, prevLogTerm=1, entries=0, commitIndex=1}
21:52:16.961 [raft-server-raft-partition-7] TRACE i.a.p.raft.roles.LeaderAppender - RaftServer{raft-partition-7} - Received AppendResponse{status=OK, term=1, succeeded=true, lastLogIndex=1} from 1
21:52:16.961 [raft-server-raft-partition-5] TRACE i.a.p.raft.roles.LeaderAppender - RaftServer{raft-partition-5} - Received AppendResponse{status=OK, term=1, succeeded=true, lastLogIndex=1} from 2
21:52:16.961 [raft-server-raft-partition-7] TRACE i.a.p.raft.roles.FollowerRole - RaftServer{raft-partition-7}{role=FOLLOWER} - Sending AppendResponse{status=OK, term=1, succeeded=true, lastLogIndex=1}
21:52:16.961 [raft-server-raft-partition-7] TRACE i.a.p.raft.roles.LeaderAppender - RaftServer{raft-partition-7} - Received AppendResponse{status=OK, term=1, succeeded=true, lastLogIndex=1} from 3
21:52:16.993 [raft-server-raft-partition-4] TRACE i.a.p.raft.roles.LeaderAppender - RaftServer{raft-partition-4} - Sending AppendRequest{term=1, leader=1, prevLogIndex=1, prevLogTerm=1, entries=0, commitIndex=1} to 2
21:52:16.993 [raft-server-raft-partition-4] TRACE i.a.p.raft.roles.LeaderAppender - RaftServer{raft-partition-4} - Sending AppendRequest{term=1, leader=1, prevLogIndex=1, prevLogTerm=1, entries=0, commitIndex=1} to 3
21:52:16.993 [raft-server-raft-partition-4] TRACE i.a.p.raft.roles.FollowerRole - RaftServer{raft-partition-4}{role=FOLLOWER} - Received AppendRequest{term=1, leader=1, prevLogIndex=1, prevLogTerm=1, entries=0, commitIndex=1}
21:52:16.993 [raft-server-raft-partition-4] TRACE i.a.p.raft.roles.FollowerRole - RaftServer{raft-partition-4}{role=FOLLOWER} - Received AppendRequest{term=1, leader=1, prevLogIndex=1, prevLogTerm=1, entries=0, commitIndex=1}
21:52:16.993 [raft-server-raft-partition-4] TRACE i.a.p.raft.roles.FollowerRole - RaftServer{raft-partition-4}{role=FOLLOWER} - Sending AppendResponse{status=OK, term=1, succeeded=true, lastLogIndex=1}
21:52:16.993 [raft-server-raft-partition-4] TRACE i.a.p.raft.roles.FollowerRole - RaftServer{raft-partition-4}{role=FOLLOWER} - Sending AppendResponse{status=OK, term=1, succeeded=true, lastLogIndex=1}
21:52:16.994 [raft-server-raft-partition-4] TRACE i.a.p.raft.roles.LeaderAppender - RaftServer{raft-partition-4} - Received AppendResponse{status=OK, term=1, succeeded=true, lastLogIndex=1} from 2
21:52:16.994 [raft-server-raft-partition-4] TRACE i.a.p.raft.roles.LeaderAppender - RaftServer{raft-partition-4} - Sending AppendRequest{term=1, leader=1, prevLogIndex=1, prevLogTerm=1, entries=0, commitIndex=1} to 2
21:52:16.994 [raft-server-raft-partition-4] TRACE i.a.p.raft.roles.LeaderAppender - RaftServer{raft-partition-4} - Received AppendResponse{status=OK, term=1, succeeded=true, lastLogIndex=1} from 3
21:52:16.994 [raft-server-raft-partition-4] TRACE i.a.p.raft.roles.LeaderAppender - RaftServer{raft-partition-4} - Sending AppendRequest{term=1, leader=1, prevLogIndex=1, prevLogTerm=1, entries=0, commitIndex=1} to 3
21:52:16.994 [raft-server-raft-partition-4] TRACE i.a.p.raft.roles.FollowerRole - RaftServer{raft-partition-4}{role=FOLLOWER} - Received AppendRequest{term=1, leader=1, prevLogIndex=1, prevLogTerm=1, entries=0, commitIndex=1}
21:52:16.994 [raft-server-raft-partition-4] TRACE i.a.p.raft.roles.FollowerRole - RaftServer{raft-partition-4}{role=FOLLOWER} - Sending AppendResponse{status=OK, term=1, succeeded=true, lastLogIndex=1}
21:52:16.994 [raft-server-raft-partition-4] TRACE i.a.p.raft.roles.FollowerRole - RaftServer{raft-partition-4}{role=FOLLOWER} - Received AppendRequest{term=1, leader=1, prevLogIndex=1, prevLogTerm=1, entries=0, commitIndex=1}
21:52:16.994 [raft-server-raft-partition-4] TRACE i.a.p.raft.roles.FollowerRole - RaftServer{raft-partition-4}{role=FOLLOWER} - Sending AppendResponse{status=OK, term=1, succeeded=true, lastLogIndex=1}
21:52:16.994 [raft-server-raft-partition-4] TRACE i.a.p.raft.roles.LeaderAppender - RaftServer{raft-partition-4} - Received AppendResponse{status=OK, term=1, succeeded=true, lastLogIndex=1} from 2
21:52:16.994 [raft-server-raft-partition-4] TRACE i.a.p.raft.roles.LeaderAppender - RaftServer{raft-partition-4} - Received AppendResponse{status=OK, term=1, succeeded=true, lastLogIndex=1} from 3
21:52:17.067 [raft-server-raft-partition-2] TRACE i.a.p.raft.roles.LeaderAppender - RaftServer{raft-partition-2} - Sending AppendRequest{term=1, leader=1, prevLogIndex=1, prevLogTerm=1, entries=0, commitIndex=1} to 2
21:52:17.067 [raft-server-raft-partition-2] TRACE i.a.p.raft.roles.LeaderAppender - RaftServer{raft-partition-2} - Sending AppendRequest{term=1, leader=1, prevLogIndex=1, prevLogTerm=1, entries=0, commitIndex=1} to 3
21:52:17.068 [raft-server-raft-partition-2] TRACE i.a.p.raft.roles.FollowerRole - RaftServer{raft-partition-2}{role=FOLLOWER} - Received AppendRequest{term=1, leader=1, prevLogIndex=1, prevLogTerm=1, entries=0, commitIndex=1}
21:52:17.068 [raft-server-raft-partition-2] TRACE i.a.p.raft.roles.FollowerRole - RaftServer{raft-partition-2}{role=FOLLOWER} - Sending AppendResponse{status=OK, term=1, succeeded=true, lastLogIndex=1}
21:52:17.068 [raft-server-raft-partition-2] TRACE i.a.p.raft.roles.FollowerRole - RaftServer{raft-partition-2}{role=FOLLOWER} - Received AppendRequest{term=1, leader=1, prevLogIndex=1, prevLogTerm=1, entries=0, commitIndex=1}
21:52:17.068 [raft-server-raft-partition-2] TRACE i.a.p.raft.roles.FollowerRole - RaftServer{raft-partition-2}{role=FOLLOWER} - Sending AppendResponse{status=OK, term=1, succeeded=true, lastLogIndex=1}
21:52:17.068 [raft-server-raft-partition-2] TRACE i.a.p.raft.roles.LeaderAppender - RaftServer{raft-partition-2} - Received AppendResponse{status=OK, term=1, succeeded=true, lastLogIndex=1} from 2
21:52:17.068 [raft-server-raft-partition-2] TRACE i.a.p.raft.roles.LeaderAppender - RaftServer{raft-partition-2} - Sending AppendRequest{term=1, leader=1, prevLogIndex=1, prevLogTerm=1, entries=0, commitIndex=1} to 2
21:52:17.068 [raft-server-raft-partition-2] TRACE i.a.p.raft.roles.LeaderAppender - RaftServer{raft-partition-2} - Received AppendResponse{status=OK, term=1, succeeded=true, lastLogIndex=1} from 3
21:52:17.068 [raft-server-raft-partition-2] TRACE i.a.p.raft.roles.LeaderAppender - RaftServer{raft-partition-2} - Sending AppendRequest{term=1, leader=1, prevLogIndex=1, prevLogTerm=1, entries=0, commitIndex=1} to 3
21:52:17.068 [raft-server-raft-partition-2] TRACE i.a.p.raft.roles.FollowerRole - RaftServer{raft-partition-2}{role=FOLLOWER} - Received AppendRequest{term=1, leader=1, prevLogIndex=1, prevLogTerm=1, entries=0, commitIndex=1}
21:52:17.068 [raft-server-raft-partition-2] TRACE i.a.p.raft.roles.FollowerRole - RaftServer{raft-partition-2}{role=FOLLOWER} - Sending AppendResponse{status=OK, term=1, succeeded=true, lastLogIndex=1}
21:52:17.069 [raft-server-raft-partition-2] TRACE i.a.p.raft.roles.FollowerRole - RaftServer{raft-partition-2}{role=FOLLOWER} - Received AppendRequest{term=1, leader=1, prevLogIndex=1, prevLogTerm=1, entries=0, commitIndex=1}
21:52:17.069 [raft-server-raft-partition-2] TRACE i.a.p.raft.roles.FollowerRole - RaftServer{raft-partition-2}{role=FOLLOWER} - Sending AppendResponse{status=OK, term=1, succeeded=true, lastLogIndex=1}
21:52:17.069 [raft-server-raft-partition-2] TRACE i.a.p.raft.roles.LeaderAppender - RaftServer{raft-partition-2} - Received AppendResponse{status=OK, term=1, succeeded=true, lastLogIndex=1} from 2
21:52:17.069 [raft-server-raft-partition-2] TRACE i.a.p.raft.roles.LeaderAppender - RaftServer{raft-partition-2} - Received AppendResponse{status=OK, term=1, succeeded=true, lastLogIndex=1} from 3
21:52:17.076 [raft-server-raft-partition-6] TRACE i.a.p.raft.roles.LeaderAppender - RaftServer{raft-partition-6} - Sending AppendRequest{term=1, leader=1, prevLogIndex=1, prevLogTerm=1, entries=0, commitIndex=1} to 2
21:52:17.076 [raft-server-raft-partition-6] TRACE i.a.p.raft.roles.LeaderAppender - RaftServer{raft-partition-6} - Sending AppendRequest{term=1, leader=1, prevLogIndex=1, prevLogTerm=1, entries=0, commitIndex=1} to 3
21:52:17.076 [raft-server-raft-partition-6] TRACE i.a.p.raft.roles.FollowerRole - RaftServer{raft-partition-6}{role=FOLLOWER} - Received AppendRequest{term=1, leader=1, prevLogIndex=1, prevLogTerm=1, entries=0, commitIndex=1}
21:52:17.076 [raft-server-raft-partition-6] TRACE i.a.p.raft.roles.FollowerRole - RaftServer{raft-partition-6}{role=FOLLOWER} - Received AppendRequest{term=1, leader=1, prevLogIndex=1, prevLogTerm=1, entries=0, commitIndex=1}
21:52:17.076 [raft-server-raft-partition-6] TRACE i.a.p.raft.roles.FollowerRole - RaftServer{raft-partition-6}{role=FOLLOWER} - Sending AppendResponse{status=OK, term=1, succeeded=true, lastLogIndex=1}
21:52:17.076 [raft-server-raft-partition-6] TRACE i.a.p.raft.roles.FollowerRole - RaftServer{raft-partition-6}{role=FOLLOWER} - Sending AppendResponse{status=OK, term=1, succeeded=true, lastLogIndex=1}
21:52:17.076 [raft-server-raft-partition-6] TRACE i.a.p.raft.roles.LeaderAppender - RaftServer{raft-partition-6} - Received AppendResponse{status=OK, term=1, succeeded=true, lastLogIndex=1} from 2
21:52:17.076 [raft-server-raft-partition-6] TRACE i.a.p.raft.roles.LeaderAppender - RaftServer{raft-partition-6} - Received AppendResponse{status=OK, term=1, succeeded=true, lastLogIndex=1} from 3
21:52:17.125 [raft-server-raft-partition-3] TRACE i.a.p.raft.roles.LeaderAppender - RaftServer{raft-partition-3} - Sending AppendRequest{term=3, leader=1, prevLogIndex=1, prevLogTerm=2, entries=0, commitIndex=1} to 2
21:52:17.125 [raft-server-raft-partition-3] TRACE i.a.p.raft.roles.LeaderAppender - RaftServer{raft-partition-3} - Sending AppendRequest{term=3, leader=1, prevLogIndex=1, prevLogTerm=2, entries=0, commitIndex=1} to 3
21:52:17.125 [raft-server-raft-partition-3] TRACE i.a.p.raft.roles.FollowerRole - RaftServer{raft-partition-3}{role=FOLLOWER} - Received AppendRequest{term=3, leader=1, prevLogIndex=1, prevLogTerm=2, entries=0, commitIndex=1}
21:52:17.125 [raft-server-raft-partition-3] TRACE i.a.p.raft.roles.FollowerRole - RaftServer{raft-partition-3}{role=FOLLOWER} - Received AppendRequest{term=3, leader=1, prevLogIndex=1, prevLogTerm=2, entries=0, commitIndex=1}
21:52:17.125 [raft-server-raft-partition-3] TRACE i.a.p.raft.roles.FollowerRole - RaftServer{raft-partition-3}{role=FOLLOWER} - Sending AppendResponse{status=OK, term=3, succeeded=true, lastLogIndex=1}
21:52:17.125 [raft-server-raft-partition-3] TRACE i.a.p.raft.roles.FollowerRole - RaftServer{raft-partition-3}{role=FOLLOWER} - Sending AppendResponse{status=OK, term=3, succeeded=true, lastLogIndex=1}
21:52:17.125 [raft-server-raft-partition-3] TRACE i.a.p.raft.roles.LeaderAppender - RaftServer{raft-partition-3} - Received AppendResponse{status=OK, term=3, succeeded=true, lastLogIndex=1} from 3
21:52:17.126 [raft-server-raft-partition-3] TRACE i.a.p.raft.roles.LeaderAppender - RaftServer{raft-partition-3} - Sending AppendRequest{term=3, leader=1, prevLogIndex=1, prevLogTerm=2, entries=0, commitIndex=1} to 3
21:52:17.126 [raft-server-raft-partition-3] TRACE i.a.p.raft.roles.LeaderAppender - RaftServer{raft-partition-3} - Received AppendResponse{status=OK, term=3, succeeded=true, lastLogIndex=1} from 2
21:52:17.126 [raft-server-raft-partition-3] TRACE i.a.p.raft.roles.LeaderAppender - RaftServer{raft-partition-3} - Sending AppendRequest{term=3, leader=1, prevLogIndex=1, prevLogTerm=2, entries=0, commitIndex=1} to 2
21:52:17.126 [raft-server-raft-partition-3] TRACE i.a.p.raft.roles.FollowerRole - RaftServer{raft-partition-3}{role=FOLLOWER} - Received AppendRequest{term=3, leader=1, prevLogIndex=1, prevLogTerm=2, entries=0, commitIndex=1}
21:52:17.126 [raft-server-raft-partition-3] TRACE i.a.p.raft.roles.FollowerRole - RaftServer{raft-partition-3}{role=FOLLOWER} - Sending AppendResponse{status=OK, term=3, succeeded=true, lastLogIndex=1}
21:52:17.126 [raft-server-raft-partition-3] TRACE i.a.p.raft.roles.FollowerRole - RaftServer{raft-partition-3}{role=FOLLOWER} - Received AppendRequest{term=3, leader=1, prevLogIndex=1, prevLogTerm=2, entries=0, commitIndex=1}
21:52:17.126 [raft-server-raft-partition-3] TRACE i.a.p.raft.roles.FollowerRole - RaftServer{raft-partition-3}{role=FOLLOWER} - Sending AppendResponse{status=OK, term=3, succeeded=true, lastLogIndex=1}
21:52:17.126 [raft-server-raft-partition-3] TRACE i.a.p.raft.roles.LeaderAppender - RaftServer{raft-partition-3} - Received AppendResponse{status=OK, term=3, succeeded=true, lastLogIndex=1} from 3
21:52:17.126 [raft-server-raft-partition-3] TRACE i.a.p.raft.roles.LeaderAppender - RaftServer{raft-partition-3} - Received AppendResponse{status=OK, term=3, succeeded=true, lastLogIndex=1} from 2
21:52:17.134 [raft-server-raft-partition-1] TRACE i.a.p.raft.roles.LeaderAppender - RaftServer{raft-partition-1} - Sending AppendRequest{term=1, leader=2, prevLogIndex=1, prevLogTerm=1, entries=0, commitIndex=1} to 3
21:52:17.135 [raft-server-raft-partition-1] TRACE i.a.p.raft.roles.FollowerRole - RaftServer{raft-partition-1}{role=FOLLOWER} - Received AppendRequest{term=1, leader=2, prevLogIndex=1, prevLogTerm=1, entries=0, commitIndex=1}
21:52:17.135 [raft-server-raft-partition-1] TRACE i.a.p.raft.roles.FollowerRole - RaftServer{raft-partition-1}{role=FOLLOWER} - Sending AppendResponse{status=OK, term=1, succeeded=true, lastLogIndex=1}
21:52:17.135 [raft-server-raft-partition-1] TRACE i.a.p.raft.roles.LeaderAppender - RaftServer{raft-partition-1} - Received AppendResponse{status=OK, term=1, succeeded=true, lastLogIndex=1} from 3
21:52:17.135 [raft-server-raft-partition-1] TRACE i.a.p.raft.roles.LeaderAppender - RaftServer{raft-partition-1} - Sending AppendRequest{term=1, leader=2, prevLogIndex=1, prevLogTerm=1, entries=0, commitIndex=1} to 3
21:52:17.135 [raft-server-raft-partition-1] TRACE i.a.p.raft.roles.FollowerRole - RaftServer{raft-partition-1}{role=FOLLOWER} - Received AppendRequest{term=1, leader=2, prevLogIndex=1, prevLogTerm=1, entries=0, commitIndex=1}
21:52:17.135 [raft-server-raft-partition-1] TRACE i.a.p.raft.roles.FollowerRole - RaftServer{raft-partition-1}{role=FOLLOWER} - Sending AppendResponse{status=OK, term=1, succeeded=true, lastLogIndex=1}
21:52:17.136 [raft-server-raft-partition-1] TRACE i.a.p.raft.roles.LeaderAppender - RaftServer{raft-partition-1} - Received AppendResponse{status=OK, term=1, succeeded=true, lastLogIndex=1} from 3
21:52:17.167 [raft-server-system-partition-1] TRACE i.a.p.raft.roles.LeaderAppender - RaftServer{system-partition-1} - Sending AppendRequest{term=1, leader=1, prevLogIndex=16, prevLogTerm=1, entries=0, commitIndex=16} to 2
21:52:17.167 [raft-server-system-partition-1] TRACE i.a.p.raft.roles.LeaderAppender - RaftServer{system-partition-1} - Sending AppendRequest{term=1, leader=1, prevLogIndex=16, prevLogTerm=1, entries=0, commitIndex=16} to 3
21:52:17.167 [raft-server-system-partition-1] TRACE i.a.p.raft.roles.FollowerRole - RaftServer{system-partition-1}{role=FOLLOWER} - Received AppendRequest{term=1, leader=1, prevLogIndex=16, prevLogTerm=1, entries=0, commitIndex=16}
21:52:17.167 [raft-server-system-partition-1] TRACE i.a.p.raft.roles.FollowerRole - RaftServer{system-partition-1}{role=FOLLOWER} - Sending AppendResponse{status=OK, term=1, succeeded=true, lastLogIndex=16}
21:52:17.167 [raft-server-system-partition-1] TRACE i.a.p.raft.roles.FollowerRole - RaftServer{system-partition-1}{role=FOLLOWER} - Received AppendRequest{term=1, leader=1, prevLogIndex=16, prevLogTerm=1, entries=0, commitIndex=16}
21:52:17.168 [raft-server-system-partition-1] TRACE i.a.p.raft.roles.FollowerRole - RaftServer{system-partition-1}{role=FOLLOWER} - Sending AppendResponse{status=OK, term=1, succeeded=true, lastLogIndex=16}
21:52:17.168 [raft-server-system-partition-1] TRACE i.a.p.raft.roles.LeaderAppender - RaftServer{system-partition-1} - Received AppendResponse{status=OK, term=1, succeeded=true, lastLogIndex=16} from 2
21:52:17.168 [raft-server-system-partition-1] TRACE i.a.p.raft.roles.LeaderAppender - RaftServer{system-partition-1} - Sending AppendRequest{term=1, leader=1, prevLogIndex=16, prevLogTerm=1, entries=0, commitIndex=16} to 2
21:52:17.168 [raft-server-system-partition-1] TRACE i.a.p.raft.roles.LeaderAppender - RaftServer{system-partition-1} - Received AppendResponse{status=OK, term=1, succeeded=true, lastLogIndex=16} from 3
21:52:17.168 [raft-server-system-partition-1] TRACE i.a.p.raft.roles.LeaderAppender - RaftServer{system-partition-1} - Sending AppendRequest{term=1, leader=1, prevLogIndex=16, prevLogTerm=1, entries=0, commitIndex=16} to 3
21:52:17.168 [raft-server-system-partition-1] TRACE i.a.p.raft.roles.FollowerRole - RaftServer{system-partition-1}{role=FOLLOWER} - Received AppendRequest{term=1, leader=1, prevLogIndex=16, prevLogTerm=1, entries=0, commitIndex=16}
21:52:17.168 [raft-server-system-partition-1] TRACE i.a.p.raft.roles.FollowerRole - RaftServer{system-partition-1}{role=FOLLOWER} - Sending AppendResponse{status=OK, term=1, succeeded=true, lastLogIndex=16}
21:52:17.168 [raft-server-system-partition-1] TRACE i.a.p.raft.roles.FollowerRole - RaftServer{system-partition-1}{role=FOLLOWER} - Received AppendRequest{term=1, leader=1, prevLogIndex=16, prevLogTerm=1, entries=0, commitIndex=16}
21:52:17.168 [raft-server-system-partition-1] TRACE i.a.p.raft.roles.FollowerRole - RaftServer{system-partition-1}{role=FOLLOWER} - Sending AppendResponse{status=OK, term=1, succeeded=true, lastLogIndex=16}
21:52:17.168 [raft-server-system-partition-1] TRACE i.a.p.raft.roles.LeaderAppender - RaftServer{system-partition-1} - Received AppendResponse{status=OK, term=1, succeeded=true, lastLogIndex=16} from 2
21:52:17.168 [raft-server-system-partition-1] TRACE i.a.p.raft.roles.LeaderAppender - RaftServer{system-partition-1} - Received AppendResponse{status=OK, term=1, succeeded=true, lastLogIndex=16} from 3
21:52:17.209 [raft-server-raft-partition-5] TRACE i.a.p.raft.roles.LeaderAppender - RaftServer{raft-partition-5} - Sending AppendRequest{term=1, leader=3, prevLogIndex=1, prevLogTerm=1, entries=0, commitIndex=1} to 1
21:52:17.209 [raft-server-raft-partition-5] TRACE i.a.p.raft.roles.LeaderAppender - RaftServer{raft-partition-5} - Sending AppendRequest{term=1, leader=3, prevLogIndex=1, prevLogTerm=1, entries=0, commitIndex=1} to 2
21:52:17.209 [raft-server-raft-partition-7] TRACE i.a.p.raft.roles.LeaderAppender - RaftServer{raft-partition-7} - Sending AppendRequest{term=1, leader=2, prevLogIndex=1, prevLogTerm=1, entries=0, commitIndex=1} to 1
21:52:17.209 [raft-server-raft-partition-5] TRACE i.a.p.raft.roles.FollowerRole - RaftServer{raft-partition-5}{role=FOLLOWER} - Received AppendRequest{term=1, leader=3, prevLogIndex=1, prevLogTerm=1, entries=0, commitIndex=1}
21:52:17.209 [raft-server-raft-partition-7] TRACE i.a.p.raft.roles.LeaderAppender - RaftServer{raft-partition-7} - Sending AppendRequest{term=1, leader=2, prevLogIndex=1, prevLogTerm=1, entries=0, commitIndex=1} to 3
21:52:17.209 [raft-server-raft-partition-5] TRACE i.a.p.raft.roles.FollowerRole - RaftServer{raft-partition-5}{role=FOLLOWER} - Sending AppendResponse{status=OK, term=1, succeeded=true, lastLogIndex=1}
21:52:17.209 [raft-server-raft-partition-5] TRACE i.a.p.raft.roles.FollowerRole - RaftServer{raft-partition-5}{role=FOLLOWER} - Received AppendRequest{term=1, leader=3, prevLogIndex=1, prevLogTerm=1, entries=0, commitIndex=1}
21:52:17.209 [raft-server-raft-partition-7] TRACE i.a.p.raft.roles.FollowerRole - RaftServer{raft-partition-7}{role=FOLLOWER} - Received AppendRequest{term=1, leader=2, prevLogIndex=1, prevLogTerm=1, entries=0, commitIndex=1}
21:52:17.209 [raft-server-raft-partition-5] TRACE i.a.p.raft.roles.FollowerRole - RaftServer{raft-partition-5}{role=FOLLOWER} - Sending AppendResponse{status=OK, term=1, succeeded=true, lastLogIndex=1}
21:52:17.209 [raft-server-raft-partition-7] TRACE i.a.p.raft.roles.FollowerRole - RaftServer{raft-partition-7}{role=FOLLOWER} - Sending AppendResponse{status=OK, term=1, succeeded=true, lastLogIndex=1}
21:52:17.209 [raft-server-raft-partition-7] TRACE i.a.p.raft.roles.FollowerRole - RaftServer{raft-partition-7}{role=FOLLOWER} - Received AppendRequest{term=1, leader=2, prevLogIndex=1, prevLogTerm=1, entries=0, commitIndex=1}
21:52:17.209 [raft-server-raft-partition-5] TRACE i.a.p.raft.roles.LeaderAppender - RaftServer{raft-partition-5} - Received AppendResponse{status=OK, term=1, succeeded=true, lastLogIndex=1} from 1
21:52:17.209 [raft-server-raft-partition-7] TRACE i.a.p.raft.roles.FollowerRole - RaftServer{raft-partition-7}{role=FOLLOWER} - Sending AppendResponse{status=OK, term=1, succeeded=true, lastLogIndex=1}
21:52:17.210 [raft-server-raft-partition-5] TRACE i.a.p.raft.roles.LeaderAppender - RaftServer{raft-partition-5} - Sending AppendRequest{term=1, leader=3, prevLogIndex=1, prevLogTerm=1, entries=0, commitIndex=1} to 1
21:52:17.210 [raft-server-raft-partition-7] TRACE i.a.p.raft.roles.LeaderAppender - RaftServer{raft-partition-7} - Received AppendResponse{status=OK, term=1, succeeded=true, lastLogIndex=1} from 1
21:52:17.210 [raft-server-raft-partition-5] TRACE i.a.p.raft.roles.LeaderAppender - RaftServer{raft-partition-5} - Received AppendResponse{status=OK, term=1, succeeded=true, lastLogIndex=1} from 2
21:52:17.210 [raft-server-raft-partition-7] TRACE i.a.p.raft.roles.LeaderAppender - RaftServer{raft-partition-7} - Sending AppendRequest{term=1, leader=2, prevLogIndex=1, prevLogTerm=1, entries=0, commitIndex=1} to 1
21:52:17.210 [raft-server-raft-partition-5] TRACE i.a.p.raft.roles.LeaderAppender - RaftServer{raft-partition-5} - Sending AppendRequest{term=1, leader=3, prevLogIndex=1, prevLogTerm=1, entries=0, commitIndex=1} to 2
21:52:17.210 [raft-server-raft-partition-5] TRACE i.a.p.raft.roles.FollowerRole - RaftServer{raft-partition-5}{role=FOLLOWER} - Received AppendRequest{term=1, leader=3, prevLogIndex=1, prevLogTerm=1, entries=0, commitIndex=1}
21:52:17.210 [raft-server-raft-partition-7] TRACE i.a.p.raft.roles.LeaderAppender - RaftServer{raft-partition-7} - Received AppendResponse{status=OK, term=1, succeeded=true, lastLogIndex=1} from 3
21:52:17.210 [raft-server-raft-partition-5] TRACE i.a.p.raft.roles.FollowerRole - RaftServer{raft-partition-5}{role=FOLLOWER} - Sending AppendResponse{status=OK, term=1, succeeded=true, lastLogIndex=1}
21:52:17.210 [raft-server-raft-partition-7] TRACE i.a.p.raft.roles.FollowerRole - RaftServer{raft-partition-7}{role=FOLLOWER} - Received AppendRequest{term=1, leader=2, prevLogIndex=1, prevLogTerm=1, entries=0, commitIndex=1}
21:52:17.210 [raft-server-raft-partition-7] TRACE i.a.p.raft.roles.LeaderAppender - RaftServer{raft-partition-7} - Sending AppendRequest{term=1, leader=2, prevLogIndex=1, prevLogTerm=1, entries=0, commitIndex=1} to 3
21:52:17.210 [raft-server-raft-partition-5] TRACE i.a.p.raft.roles.FollowerRole - RaftServer{raft-partition-5}{role=FOLLOWER} - Received AppendRequest{term=1, leader=3, prevLogIndex=1, prevLogTerm=1, entries=0, commitIndex=1}
21:52:17.210 [raft-server-raft-partition-7] TRACE i.a.p.raft.roles.FollowerRole - RaftServer{raft-partition-7}{role=FOLLOWER} - Sending AppendResponse{status=OK, term=1, succeeded=true, lastLogIndex=1}
21:52:17.210 [raft-server-raft-partition-5] TRACE i.a.p.raft.roles.LeaderAppender - RaftServer{raft-partition-5} - Received AppendResponse{status=OK, term=1, succeeded=true, lastLogIndex=1} from 1
21:52:17.210 [raft-server-raft-partition-5] TRACE i.a.p.raft.roles.FollowerRole - RaftServer{raft-partition-5}{role=FOLLOWER} - Sending AppendResponse{status=OK, term=1, succeeded=true, lastLogIndex=1}
21:52:17.210 [raft-server-raft-partition-7] TRACE i.a.p.raft.roles.FollowerRole - RaftServer{raft-partition-7}{role=FOLLOWER} - Received AppendRequest{term=1, leader=2, prevLogIndex=1, prevLogTerm=1, entries=0, commitIndex=1}
21:52:17.210 [raft-server-raft-partition-7] TRACE i.a.p.raft.roles.LeaderAppender - RaftServer{raft-partition-7} - Received AppendResponse{status=OK, term=1, succeeded=true, lastLogIndex=1} from 1
21:52:17.210 [raft-server-raft-partition-7] TRACE i.a.p.raft.roles.FollowerRole - RaftServer{raft-partition-7}{role=FOLLOWER} - Sending AppendResponse{status=OK, term=1, succeeded=true, lastLogIndex=1}
21:52:17.211 [raft-server-raft-partition-5] TRACE i.a.p.raft.roles.LeaderAppender - RaftServer{raft-partition-5} - Received AppendResponse{status=OK, term=1, succeeded=true, lastLogIndex=1} from 2
21:52:17.211 [raft-server-raft-partition-7] TRACE i.a.p.raft.roles.LeaderAppender - RaftServer{raft-partition-7} - Received AppendResponse{status=OK, term=1, succeeded=true, lastLogIndex=1} from 3
21:52:17.243 [raft-server-raft-partition-4] TRACE i.a.p.raft.roles.LeaderAppender - RaftServer{raft-partition-4} - Sending AppendRequest{term=1, leader=1, prevLogIndex=1, prevLogTerm=1, entries=0, commitIndex=1} to 2
21:52:17.243 [raft-server-raft-partition-4] TRACE i.a.p.raft.roles.LeaderAppender - RaftServer{raft-partition-4} - Sending AppendRequest{term=1, leader=1, prevLogIndex=1, prevLogTerm=1, entries=0, commitIndex=1} to 3
21:52:17.243 [raft-server-raft-partition-4] TRACE i.a.p.raft.roles.FollowerRole - RaftServer{raft-partition-4}{role=FOLLOWER} - Received AppendRequest{term=1, leader=1, prevLogIndex=1, prevLogTerm=1, entries=0, commitIndex=1}
21:52:17.243 [raft-server-raft-partition-4] TRACE i.a.p.raft.roles.FollowerRole - RaftServer{raft-partition-4}{role=FOLLOWER} - Received AppendRequest{term=1, leader=1, prevLogIndex=1, prevLogTerm=1, entries=0, commitIndex=1}
21:52:17.243 [raft-server-raft-partition-4] TRACE i.a.p.raft.roles.FollowerRole - RaftServer{raft-partition-4}{role=FOLLOWER} - Sending AppendResponse{status=OK, term=1, succeeded=true, lastLogIndex=1}
21:52:17.243 [raft-server-raft-partition-4] TRACE i.a.p.raft.roles.FollowerRole - RaftServer{raft-partition-4}{role=FOLLOWER} - Sending AppendResponse{status=OK, term=1, succeeded=true, lastLogIndex=1}
21:52:17.244 [raft-server-raft-partition-4] TRACE i.a.p.raft.roles.LeaderAppender - RaftServer{raft-partition-4} - Received AppendResponse{status=OK, term=1, succeeded=true, lastLogIndex=1} from 3
21:52:17.244 [raft-server-raft-partition-4] TRACE i.a.p.raft.roles.LeaderAppender - RaftServer{raft-partition-4} - Sending AppendRequest{term=1, leader=1, prevLogIndex=1, prevLogTerm=1, entries=0, commitIndex=1} to 3
21:52:17.244 [raft-server-raft-partition-4] TRACE i.a.p.raft.roles.LeaderAppender - RaftServer{raft-partition-4} - Received AppendResponse{status=OK, term=1, succeeded=true, lastLogIndex=1} from 2
21:52:17.244 [raft-server-raft-partition-4] TRACE i.a.p.raft.roles.LeaderAppender - RaftServer{raft-partition-4} - Sending AppendRequest{term=1, leader=1, prevLogIndex=1, prevLogTerm=1, entries=0, commitIndex=1} to 2
21:52:17.244 [raft-server-raft-partition-4] TRACE i.a.p.raft.roles.FollowerRole - RaftServer{raft-partition-4}{role=FOLLOWER} - Received AppendRequest{term=1, leader=1, prevLogIndex=1, prevLogTerm=1, entries=0, commitIndex=1}
21:52:17.244 [raft-server-raft-partition-4] TRACE i.a.p.raft.roles.FollowerRole - RaftServer{raft-partition-4}{role=FOLLOWER} - Sending AppendResponse{status=OK, term=1, succeeded=true, lastLogIndex=1}
21:52:17.244 [raft-server-raft-partition-4] TRACE i.a.p.raft.roles.FollowerRole - RaftServer{raft-partition-4}{role=FOLLOWER} - Received AppendRequest{term=1, leader=1, prevLogIndex=1, prevLogTerm=1, entries=0, commitIndex=1}
21:52:17.244 [raft-server-raft-partition-4] TRACE i.a.p.raft.roles.FollowerRole - RaftServer{raft-partition-4}{role=FOLLOWER} - Sending AppendResponse{status=OK, term=1, succeeded=true, lastLogIndex=1}
21:52:17.244 [raft-server-raft-partition-4] TRACE i.a.p.raft.roles.LeaderAppender - RaftServer{raft-partition-4} - Received AppendResponse{status=OK, term=1, succeeded=true, lastLogIndex=1} from 3
21:52:17.244 [raft-server-raft-partition-4] TRACE i.a.p.raft.roles.LeaderAppender - RaftServer{raft-partition-4} - Received AppendResponse{status=OK, term=1, succeeded=true, lastLogIndex=1} from 2
21:52:17.317 [raft-server-raft-partition-2] TRACE i.a.p.raft.roles.LeaderAppender - RaftServer{raft-partition-2} - Sending AppendRequest{term=1, leader=1, prevLogIndex=1, prevLogTerm=1, entries=0, commitIndex=1} to 2
21:52:17.318 [raft-server-raft-partition-2] TRACE i.a.p.raft.roles.LeaderAppender - RaftServer{raft-partition-2} - Sending AppendRequest{term=1, leader=1, prevLogIndex=1, prevLogTerm=1, entries=0, commitIndex=1} to 3
21:52:17.318 [raft-server-raft-partition-2] TRACE i.a.p.raft.roles.FollowerRole - RaftServer{raft-partition-2}{role=FOLLOWER} - Received AppendRequest{term=1, leader=1, prevLogIndex=1, prevLogTerm=1, entries=0, commitIndex=1}
21:52:17.318 [raft-server-raft-partition-2] TRACE i.a.p.raft.roles.FollowerRole - RaftServer{raft-partition-2}{role=FOLLOWER} - Sending AppendResponse{status=OK, term=1, succeeded=true, lastLogIndex=1}
21:52:17.318 [raft-server-raft-partition-2] TRACE i.a.p.raft.roles.FollowerRole - RaftServer{raft-partition-2}{role=FOLLOWER} - Received AppendRequest{term=1, leader=1, prevLogIndex=1, prevLogTerm=1, entries=0, commitIndex=1}
21:52:17.318 [raft-server-raft-partition-2] TRACE i.a.p.raft.roles.FollowerRole - RaftServer{raft-partition-2}{role=FOLLOWER} - Sending AppendResponse{status=OK, term=1, succeeded=true, lastLogIndex=1}
21:52:17.318 [raft-server-raft-partition-2] TRACE i.a.p.raft.roles.LeaderAppender - RaftServer{raft-partition-2} - Received AppendResponse{status=OK, term=1, succeeded=true, lastLogIndex=1} from 2
21:52:17.318 [raft-server-raft-partition-2] TRACE i.a.p.raft.roles.LeaderAppender - RaftServer{raft-partition-2} - Sending AppendRequest{term=1, leader=1, prevLogIndex=1, prevLogTerm=1, entries=0, commitIndex=1} to 2
21:52:17.318 [raft-server-raft-partition-2] TRACE i.a.p.raft.roles.LeaderAppender - RaftServer{raft-partition-2} - Received AppendResponse{status=OK, term=1, succeeded=true, lastLogIndex=1} from 3
21:52:17.318 [raft-server-raft-partition-2] TRACE i.a.p.raft.roles.FollowerRole - RaftServer{raft-partition-2}{role=FOLLOWER} - Received AppendRequest{term=1, leader=1, prevLogIndex=1, prevLogTerm=1, entries=0, commitIndex=1}
21:52:17.318 [raft-server-raft-partition-2] TRACE i.a.p.raft.roles.FollowerRole - RaftServer{raft-partition-2}{role=FOLLOWER} - Sending AppendResponse{status=OK, term=1, succeeded=true, lastLogIndex=1}
21:52:17.319 [raft-server-raft-partition-2] TRACE i.a.p.raft.roles.LeaderAppender - RaftServer{raft-partition-2} - Received AppendResponse{status=OK, term=1, succeeded=true, lastLogIndex=1} from 2
21:52:17.326 [raft-server-raft-partition-6] TRACE i.a.p.raft.roles.LeaderAppender - RaftServer{raft-partition-6} - Sending AppendRequest{term=1, leader=1, prevLogIndex=1, prevLogTerm=1, entries=0, commitIndex=1} to 2
21:52:17.326 [raft-server-raft-partition-6] TRACE i.a.p.raft.roles.LeaderAppender - RaftServer{raft-partition-6} - Sending AppendRequest{term=1, leader=1, prevLogIndex=1, prevLogTerm=1, entries=0, commitIndex=1} to 3
21:52:17.326 [raft-server-raft-partition-6] TRACE i.a.p.raft.roles.FollowerRole - RaftServer{raft-partition-6}{role=FOLLOWER} - Received AppendRequest{term=1, leader=1, prevLogIndex=1, prevLogTerm=1, entries=0, commitIndex=1}
21:52:17.326 [raft-server-raft-partition-6] TRACE i.a.p.raft.roles.FollowerRole - RaftServer{raft-partition-6}{role=FOLLOWER} - Received AppendRequest{term=1, leader=1, prevLogIndex=1, prevLogTerm=1, entries=0, commitIndex=1}
21:52:17.326 [raft-server-raft-partition-6] TRACE i.a.p.raft.roles.FollowerRole - RaftServer{raft-partition-6}{role=FOLLOWER} - Sending AppendResponse{status=OK, term=1, succeeded=true, lastLogIndex=1}
21:52:17.326 [raft-server-raft-partition-6] TRACE i.a.p.raft.roles.FollowerRole - RaftServer{raft-partition-6}{role=FOLLOWER} - Sending AppendResponse{status=OK, term=1, succeeded=true, lastLogIndex=1}
21:52:17.326 [raft-server-raft-partition-6] TRACE i.a.p.raft.roles.LeaderAppender - RaftServer{raft-partition-6} - Received AppendResponse{status=OK, term=1, succeeded=true, lastLogIndex=1} from 3
21:52:17.326 [raft-server-raft-partition-6] TRACE i.a.p.raft.roles.LeaderAppender - RaftServer{raft-partition-6} - Sending AppendRequest{term=1, leader=1, prevLogIndex=1, prevLogTerm=1, entries=0, commitIndex=1} to 3
21:52:17.327 [raft-server-raft-partition-6] TRACE i.a.p.raft.roles.LeaderAppender - RaftServer{raft-partition-6} - Received AppendResponse{status=OK, term=1, succeeded=true, lastLogIndex=1} from 2
21:52:17.327 [raft-server-raft-partition-6] TRACE i.a.p.raft.roles.LeaderAppender - RaftServer{raft-partition-6} - Sending AppendRequest{term=1, leader=1, prevLogIndex=1, prevLogTerm=1, entries=0, commitIndex=1} to 2
21:52:17.327 [raft-server-raft-partition-6] TRACE i.a.p.raft.roles.FollowerRole - RaftServer{raft-partition-6}{role=FOLLOWER} - Received AppendRequest{term=1, leader=1, prevLogIndex=1, prevLogTerm=1, entries=0, commitIndex=1}
21:52:17.327 [raft-server-raft-partition-6] TRACE i.a.p.raft.roles.FollowerRole - RaftServer{raft-partition-6}{role=FOLLOWER} - Sending AppendResponse{status=OK, term=1, succeeded=true, lastLogIndex=1}
21:52:17.327 [raft-server-raft-partition-6] TRACE i.a.p.raft.roles.FollowerRole - RaftServer{raft-partition-6}{role=FOLLOWER} - Received AppendRequest{term=1, leader=1, prevLogIndex=1, prevLogTerm=1, entries=0, commitIndex=1}
21:52:17.327 [raft-server-raft-partition-6] TRACE i.a.p.raft.roles.LeaderAppender - RaftServer{raft-partition-6} - Received AppendResponse{status=OK, term=1, succeeded=true, lastLogIndex=1} from 3
21:52:17.327 [raft-server-raft-partition-6] TRACE i.a.p.raft.roles.FollowerRole - RaftServer{raft-partition-6}{role=FOLLOWER} - Sending AppendResponse{status=OK, term=1, succeeded=true, lastLogIndex=1}
21:52:17.327 [raft-server-raft-partition-6] TRACE i.a.p.raft.roles.LeaderAppender - RaftServer{raft-partition-6} - Sending AppendRequest{term=1, leader=1, prevLogIndex=1, prevLogTerm=1, entries=0, commitIndex=1} to 3
21:52:17.327 [raft-server-raft-partition-6] TRACE i.a.p.raft.roles.LeaderAppender - RaftServer{raft-partition-6} - Received AppendResponse{status=OK, term=1, succeeded=true, lastLogIndex=1} from 2
21:52:17.327 [raft-server-raft-partition-6] TRACE i.a.p.raft.roles.FollowerRole - RaftServer{raft-partition-6}{role=FOLLOWER} - Received AppendRequest{term=1, leader=1, prevLogIndex=1, prevLogTerm=1, entries=0, commitIndex=1}
21:52:17.327 [raft-server-raft-partition-6] TRACE i.a.p.raft.roles.FollowerRole - RaftServer{raft-partition-6}{role=FOLLOWER} - Sending AppendResponse{status=OK, term=1, succeeded=true, lastLogIndex=1}
21:52:17.328 [raft-server-raft-partition-6] TRACE i.a.p.raft.roles.LeaderAppender - RaftServer{raft-partition-6} - Received AppendResponse{status=OK, term=1, succeeded=true, lastLogIndex=1} from 3
21:52:17.375 [raft-server-raft-partition-3] TRACE i.a.p.raft.roles.LeaderAppender - RaftServer{raft-partition-3} - Sending AppendRequest{term=3, leader=1, prevLogIndex=1, prevLogTerm=2, entries=0, commitIndex=1} to 2
21:52:17.375 [raft-server-raft-partition-3] TRACE i.a.p.raft.roles.LeaderAppender - RaftServer{raft-partition-3} - Sending AppendRequest{term=3, leader=1, prevLogIndex=1, prevLogTerm=2, entries=0, commitIndex=1} to 3
21:52:17.375 [raft-server-raft-partition-3] TRACE i.a.p.raft.roles.FollowerRole - RaftServer{raft-partition-3}{role=FOLLOWER} - Received AppendRequest{term=3, leader=1, prevLogIndex=1, prevLogTerm=2, entries=0, commitIndex=1}
21:52:17.375 [raft-server-raft-partition-3] TRACE i.a.p.raft.roles.FollowerRole - RaftServer{raft-partition-3}{role=FOLLOWER} - Received AppendRequest{term=3, leader=1, prevLogIndex=1, prevLogTerm=2, entries=0, commitIndex=1}
21:52:17.375 [raft-server-raft-partition-3] TRACE i.a.p.raft.roles.FollowerRole - RaftServer{raft-partition-3}{role=FOLLOWER} - Sending AppendResponse{status=OK, term=3, succeeded=true, lastLogIndex=1}
21:52:17.375 [raft-server-raft-partition-3] TRACE i.a.p.raft.roles.FollowerRole - RaftServer{raft-partition-3}{role=FOLLOWER} - Sending AppendResponse{status=OK, term=3, succeeded=true, lastLogIndex=1}
21:52:17.375 [raft-server-raft-partition-3] TRACE i.a.p.raft.roles.LeaderAppender - RaftServer{raft-partition-3} - Received AppendResponse{status=OK, term=3, succeeded=true, lastLogIndex=1} from 2
21:52:17.375 [raft-server-raft-partition-3] TRACE i.a.p.raft.roles.LeaderAppender - RaftServer{raft-partition-3} - Sending AppendRequest{term=3, leader=1, prevLogIndex=1, prevLogTerm=2, entries=0, commitIndex=1} to 2
21:52:17.375 [raft-server-raft-partition-3] TRACE i.a.p.raft.roles.LeaderAppender - RaftServer{raft-partition-3} - Received AppendResponse{status=OK, term=3, succeeded=true, lastLogIndex=1} from 3
21:52:17.375 [raft-server-raft-partition-3] TRACE i.a.p.raft.roles.LeaderAppender - RaftServer{raft-partition-3} - Sending AppendRequest{term=3, leader=1, prevLogIndex=1, prevLogTerm=2, entries=0, commitIndex=1} to 3
21:52:17.376 [raft-server-raft-partition-3] TRACE i.a.p.raft.roles.FollowerRole - RaftServer{raft-partition-3}{role=FOLLOWER} - Received AppendRequest{term=3, leader=1, prevLogIndex=1, prevLogTerm=2, entries=0, commitIndex=1}
21:52:17.376 [raft-server-raft-partition-3] TRACE i.a.p.raft.roles.FollowerRole - RaftServer{raft-partition-3}{role=FOLLOWER} - Sending AppendResponse{status=OK, term=3, succeeded=true, lastLogIndex=1}
21:52:17.376 [raft-server-raft-partition-3] TRACE i.a.p.raft.roles.FollowerRole - RaftServer{raft-partition-3}{role=FOLLOWER} - Received AppendRequest{term=3, leader=1, prevLogIndex=1, prevLogTerm=2, entries=0, commitIndex=1}
21:52:17.376 [raft-server-raft-partition-3] TRACE i.a.p.raft.roles.FollowerRole - RaftServer{raft-partition-3}{role=FOLLOWER} - Sending AppendResponse{status=OK, term=3, succeeded=true, lastLogIndex=1}
21:52:17.376 [raft-server-raft-partition-3] TRACE i.a.p.raft.roles.LeaderAppender - RaftServer{raft-partition-3} - Received AppendResponse{status=OK, term=3, succeeded=true, lastLogIndex=1} from 2
21:52:17.376 [raft-server-raft-partition-3] TRACE i.a.p.raft.roles.LeaderAppender - RaftServer{raft-partition-3} - Sending AppendRequest{term=3, leader=1, prevLogIndex=1, prevLogTerm=2, entries=0, commitIndex=1} to 2
21:52:17.376 [raft-server-raft-partition-3] TRACE i.a.p.raft.roles.LeaderAppender - RaftServer{raft-partition-3} - Received AppendResponse{status=OK, term=3, succeeded=true, lastLogIndex=1} from 3
21:52:17.376 [raft-server-raft-partition-3] TRACE i.a.p.raft.roles.LeaderAppender - RaftServer{raft-partition-3} - Sending AppendRequest{term=3, leader=1, prevLogIndex=1, prevLogTerm=2, entries=0, commitIndex=1} to 3
21:52:17.376 [raft-server-raft-partition-3] TRACE i.a.p.raft.roles.FollowerRole - RaftServer{raft-partition-3}{role=FOLLOWER} - Received AppendRequest{term=3, leader=1, prevLogIndex=1, prevLogTerm=2, entries=0, commitIndex=1}
21:52:17.376 [raft-server-raft-partition-3] TRACE i.a.p.raft.roles.FollowerRole - RaftServer{raft-partition-3}{role=FOLLOWER} - Received AppendRequest{term=3, leader=1, prevLogIndex=1, prevLogTerm=2, entries=0, commitIndex=1}
21:52:17.376 [raft-server-raft-partition-3] TRACE i.a.p.raft.roles.FollowerRole - RaftServer{raft-partition-3}{role=FOLLOWER} - Sending AppendResponse{status=OK, term=3, succeeded=true, lastLogIndex=1}
21:52:17.376 [raft-server-raft-partition-3] TRACE i.a.p.raft.roles.FollowerRole - RaftServer{raft-partition-3}{role=FOLLOWER} - Sending AppendResponse{status=OK, term=3, succeeded=true, lastLogIndex=1}
21:52:17.376 [raft-server-raft-partition-3] TRACE i.a.p.raft.roles.LeaderAppender - RaftServer{raft-partition-3} - Received AppendResponse{status=OK, term=3, succeeded=true, lastLogIndex=1} from 3
21:52:17.376 [raft-server-raft-partition-3] TRACE i.a.p.raft.roles.LeaderAppender - RaftServer{raft-partition-3} - Received AppendResponse{status=OK, term=3, succeeded=true, lastLogIndex=1} from 2
21:52:17.384 [raft-server-raft-partition-1] TRACE i.a.p.raft.roles.LeaderAppender - RaftServer{raft-partition-1} - Sending AppendRequest{term=1, leader=2, prevLogIndex=1, prevLogTerm=1, entries=0, commitIndex=1} to 3
21:52:17.385 [raft-server-raft-partition-1] TRACE i.a.p.raft.roles.FollowerRole - RaftServer{raft-partition-1}{role=FOLLOWER} - Received AppendRequest{term=1, leader=2, prevLogIndex=1, prevLogTerm=1, entries=0, commitIndex=1}
21:52:17.385 [raft-server-raft-partition-1] TRACE i.a.p.raft.roles.FollowerRole - RaftServer{raft-partition-1}{role=FOLLOWER} - Sending AppendResponse{status=OK, term=1, succeeded=true, lastLogIndex=1}
21:52:17.385 [raft-server-raft-partition-1] TRACE i.a.p.raft.roles.LeaderAppender - RaftServer{raft-partition-1} - Received AppendResponse{status=OK, term=1, succeeded=true, lastLogIndex=1} from 3
21:52:17.385 [raft-server-raft-partition-1] TRACE i.a.p.raft.roles.LeaderAppender - RaftServer{raft-partition-1} - Sending AppendRequest{term=1, leader=2, prevLogIndex=1, prevLogTerm=1, entries=0, commitIndex=1} to 3
21:52:17.385 [raft-server-raft-partition-1] TRACE i.a.p.raft.roles.FollowerRole - RaftServer{raft-partition-1}{role=FOLLOWER} - Received AppendRequest{term=1, leader=2, prevLogIndex=1, prevLogTerm=1, entries=0, commitIndex=1}
21:52:17.385 [raft-server-raft-partition-1] TRACE i.a.p.raft.roles.FollowerRole - RaftServer{raft-partition-1}{role=FOLLOWER} - Sending AppendResponse{status=OK, term=1, succeeded=true, lastLogIndex=1}
21:52:17.386 [raft-server-raft-partition-1] TRACE i.a.p.raft.roles.LeaderAppender - RaftServer{raft-partition-1} - Received AppendResponse{status=OK, term=1, succeeded=true, lastLogIndex=1} from 3
21:52:17.417 [raft-server-system-partition-1] TRACE i.a.p.raft.roles.LeaderAppender - RaftServer{system-partition-1} - Sending AppendRequest{term=1, leader=1, prevLogIndex=16, prevLogTerm=1, entries=0, commitIndex=16} to 2
21:52:17.417 [raft-server-system-partition-1] TRACE i.a.p.raft.roles.LeaderAppender - RaftServer{system-partition-1} - Sending AppendRequest{term=1, leader=1, prevLogIndex=16, prevLogTerm=1, entries=0, commitIndex=16} to 3
21:52:17.417 [raft-server-system-partition-1] TRACE i.a.p.raft.roles.FollowerRole - RaftServer{system-partition-1}{role=FOLLOWER} - Received AppendRequest{term=1, leader=1, prevLogIndex=16, prevLogTerm=1, entries=0, commitIndex=16}
21:52:17.417 [raft-server-system-partition-1] TRACE i.a.p.raft.roles.FollowerRole - RaftServer{system-partition-1}{role=FOLLOWER} - Sending AppendResponse{status=OK, term=1, succeeded=true, lastLogIndex=16}
21:52:17.417 [raft-server-system-partition-1] TRACE i.a.p.raft.roles.FollowerRole - RaftServer{system-partition-1}{role=FOLLOWER} - Received AppendRequest{term=1, leader=1, prevLogIndex=16, prevLogTerm=1, entries=0, commitIndex=16}
21:52:17.417 [raft-server-system-partition-1] TRACE i.a.p.raft.roles.FollowerRole - RaftServer{system-partition-1}{role=FOLLOWER} - Sending AppendResponse{status=OK, term=1, succeeded=true, lastLogIndex=16}
21:52:17.418 [raft-server-system-partition-1] TRACE i.a.p.raft.roles.LeaderAppender - RaftServer{system-partition-1} - Received AppendResponse{status=OK, term=1, succeeded=true, lastLogIndex=16} from 2
21:52:17.418 [raft-server-system-partition-1] TRACE i.a.p.raft.roles.LeaderAppender - RaftServer{system-partition-1} - Sending AppendRequest{term=1, leader=1, prevLogIndex=16, prevLogTerm=1, entries=0, commitIndex=16} to 2
21:52:17.418 [raft-server-system-partition-1] TRACE i.a.p.raft.roles.LeaderAppender - RaftServer{system-partition-1} - Received AppendResponse{status=OK, term=1, succeeded=true, lastLogIndex=16} from 3
21:52:17.418 [raft-server-system-partition-1] TRACE i.a.p.raft.roles.LeaderAppender - RaftServer{system-partition-1} - Sending AppendRequest{term=1, leader=1, prevLogIndex=16, prevLogTerm=1, entries=0, commitIndex=16} to 3
21:52:17.418 [raft-server-system-partition-1] TRACE i.a.p.raft.roles.FollowerRole - RaftServer{system-partition-1}{role=FOLLOWER} - Received AppendRequest{term=1, leader=1, prevLogIndex=16, prevLogTerm=1, entries=0, commitIndex=16}
21:52:17.418 [raft-server-system-partition-1] TRACE i.a.p.raft.roles.FollowerRole - RaftServer{system-partition-1}{role=FOLLOWER} - Sending AppendResponse{status=OK, term=1, succeeded=true, lastLogIndex=16}
21:52:17.418 [raft-server-system-partition-1] TRACE i.a.p.raft.roles.FollowerRole - RaftServer{system-partition-1}{role=FOLLOWER} - Received AppendRequest{term=1, leader=1, prevLogIndex=16, prevLogTerm=1, entries=0, commitIndex=16}
21:52:17.418 [raft-server-system-partition-1] TRACE i.a.p.raft.roles.FollowerRole - RaftServer{system-partition-1}{role=FOLLOWER} - Sending AppendResponse{status=OK, term=1, succeeded=true, lastLogIndex=16}
21:52:17.418 [raft-server-system-partition-1] TRACE i.a.p.raft.roles.LeaderAppender - RaftServer{system-partition-1} - Received AppendResponse{status=OK, term=1, succeeded=true, lastLogIndex=16} from 2
21:52:17.418 [raft-server-system-partition-1] TRACE i.a.p.raft.roles.LeaderAppender - RaftServer{system-partition-1} - Received AppendResponse{status=OK, term=1, succeeded=true, lastLogIndex=16} from 3
21:52:17.459 [raft-server-raft-partition-5] TRACE i.a.p.raft.roles.LeaderAppender - RaftServer{raft-partition-5} - Sending AppendRequest{term=1, leader=3, prevLogIndex=1, prevLogTerm=1, entries=0, commitIndex=1} to 1
21:52:17.459 [raft-server-raft-partition-5] TRACE i.a.p.raft.roles.LeaderAppender - RaftServer{raft-partition-5} - Sending AppendRequest{term=1, leader=3, prevLogIndex=1, prevLogTerm=1, entries=0, commitIndex=1} to 2
21:52:17.459 [raft-server-raft-partition-7] TRACE i.a.p.raft.roles.LeaderAppender - RaftServer{raft-partition-7} - Sending AppendRequest{term=1, leader=2, prevLogIndex=1, prevLogTerm=1, entries=0, commitIndex=1} to 1
21:52:17.459 [raft-server-raft-partition-5] TRACE i.a.p.raft.roles.FollowerRole - RaftServer{raft-partition-5}{role=FOLLOWER} - Received AppendRequest{term=1, leader=3, prevLogIndex=1, prevLogTerm=1, entries=0, commitIndex=1}
21:52:17.459 [raft-server-raft-partition-5] TRACE i.a.p.raft.roles.FollowerRole - RaftServer{raft-partition-5}{role=FOLLOWER} - Received AppendRequest{term=1, leader=3, prevLogIndex=1, prevLogTerm=1, entries=0, commitIndex=1}
21:52:17.459 [raft-server-raft-partition-7] TRACE i.a.p.raft.roles.LeaderAppender - RaftServer{raft-partition-7} - Sending AppendRequest{term=1, leader=2, prevLogIndex=1, prevLogTerm=1, entries=0, commitIndex=1} to 3
21:52:17.459 [raft-server-raft-partition-5] TRACE i.a.p.raft.roles.FollowerRole - RaftServer{raft-partition-5}{role=FOLLOWER} - Sending AppendResponse{status=OK, term=1, succeeded=true, lastLogIndex=1}
21:52:17.459 [raft-server-raft-partition-5] TRACE i.a.p.raft.roles.FollowerRole - RaftServer{raft-partition-5}{role=FOLLOWER} - Sending AppendResponse{status=OK, term=1, succeeded=true, lastLogIndex=1}
21:52:17.459 [raft-server-raft-partition-7] TRACE i.a.p.raft.roles.FollowerRole - RaftServer{raft-partition-7}{role=FOLLOWER} - Received AppendRequest{term=1, leader=2, prevLogIndex=1, prevLogTerm=1, entries=0, commitIndex=1}
21:52:17.459 [raft-server-raft-partition-7] TRACE i.a.p.raft.roles.FollowerRole - RaftServer{raft-partition-7}{role=FOLLOWER} - Received AppendRequest{term=1, leader=2, prevLogIndex=1, prevLogTerm=1, entries=0, commitIndex=1}
21:52:17.459 [raft-server-raft-partition-7] TRACE i.a.p.raft.roles.FollowerRole - RaftServer{raft-partition-7}{role=FOLLOWER} - Sending AppendResponse{status=OK, term=1, succeeded=true, lastLogIndex=1}
21:52:17.459 [raft-server-raft-partition-7] TRACE i.a.p.raft.roles.FollowerRole - RaftServer{raft-partition-7}{role=FOLLOWER} - Sending AppendResponse{status=OK, term=1, succeeded=true, lastLogIndex=1}
21:52:17.460 [raft-server-raft-partition-5] TRACE i.a.p.raft.roles.LeaderAppender - RaftServer{raft-partition-5} - Received AppendResponse{status=OK, term=1, succeeded=true, lastLogIndex=1} from 1
21:52:17.460 [raft-server-raft-partition-7] TRACE i.a.p.raft.roles.LeaderAppender - RaftServer{raft-partition-7} - Received AppendResponse{status=OK, term=1, succeeded=true, lastLogIndex=1} from 1
21:52:17.460 [raft-server-raft-partition-5] TRACE i.a.p.raft.roles.LeaderAppender - RaftServer{raft-partition-5} - Sending AppendRequest{term=1, leader=3, prevLogIndex=1, prevLogTerm=1, entries=0, commitIndex=1} to 1
21:52:17.460 [raft-server-raft-partition-7] TRACE i.a.p.raft.roles.LeaderAppender - RaftServer{raft-partition-7} - Sending AppendRequest{term=1, leader=2, prevLogIndex=1, prevLogTerm=1, entries=0, commitIndex=1} to 1
21:52:17.460 [raft-server-raft-partition-5] TRACE i.a.p.raft.roles.LeaderAppender - RaftServer{raft-partition-5} - Received AppendResponse{status=OK, term=1, succeeded=true, lastLogIndex=1} from 2
21:52:17.460 [raft-server-raft-partition-5] TRACE i.a.p.raft.roles.LeaderAppender - RaftServer{raft-partition-5} - Sending AppendRequest{term=1, leader=3, prevLogIndex=1, prevLogTerm=1, entries=0, commitIndex=1} to 2
21:52:17.460 [raft-server-raft-partition-7] TRACE i.a.p.raft.roles.LeaderAppender - RaftServer{raft-partition-7} - Received AppendResponse{status=OK, term=1, succeeded=true, lastLogIndex=1} from 3
21:52:17.460 [raft-server-raft-partition-7] TRACE i.a.p.raft.roles.LeaderAppender - RaftServer{raft-partition-7} - Sending AppendRequest{term=1, leader=2, prevLogIndex=1, prevLogTerm=1, entries=0, commitIndex=1} to 3
21:52:17.460 [raft-server-raft-partition-7] TRACE i.a.p.raft.roles.FollowerRole - RaftServer{raft-partition-7}{role=FOLLOWER} - Received AppendRequest{term=1, leader=2, prevLogIndex=1, prevLogTerm=1, entries=0, commitIndex=1}
21:52:17.460 [raft-server-raft-partition-7] TRACE i.a.p.raft.roles.FollowerRole - RaftServer{raft-partition-7}{role=FOLLOWER} - Sending AppendResponse{status=OK, term=1, succeeded=true, lastLogIndex=1}
21:52:17.460 [raft-server-raft-partition-5] TRACE i.a.p.raft.roles.FollowerRole - RaftServer{raft-partition-5}{role=FOLLOWER} - Received AppendRequest{term=1, leader=3, prevLogIndex=1, prevLogTerm=1, entries=0, commitIndex=1}
21:52:17.460 [raft-server-raft-partition-5] TRACE i.a.p.raft.roles.FollowerRole - RaftServer{raft-partition-5}{role=FOLLOWER} - Received AppendRequest{term=1, leader=3, prevLogIndex=1, prevLogTerm=1, entries=0, commitIndex=1}
21:52:17.460 [raft-server-raft-partition-7] TRACE i.a.p.raft.roles.FollowerRole - RaftServer{raft-partition-7}{role=FOLLOWER} - Received AppendRequest{term=1, leader=2, prevLogIndex=1, prevLogTerm=1, entries=0, commitIndex=1}
21:52:17.460 [raft-server-raft-partition-5] TRACE i.a.p.raft.roles.FollowerRole - RaftServer{raft-partition-5}{role=FOLLOWER} - Sending AppendResponse{status=OK, term=1, succeeded=true, lastLogIndex=1}
21:52:17.460 [raft-server-raft-partition-5] TRACE i.a.p.raft.roles.FollowerRole - RaftServer{raft-partition-5}{role=FOLLOWER} - Sending AppendResponse{status=OK, term=1, succeeded=true, lastLogIndex=1}
21:52:17.460 [raft-server-raft-partition-7] TRACE i.a.p.raft.roles.LeaderAppender - RaftServer{raft-partition-7} - Received AppendResponse{status=OK, term=1, succeeded=true, lastLogIndex=1} from 1
21:52:17.460 [raft-server-raft-partition-7] TRACE i.a.p.raft.roles.FollowerRole - RaftServer{raft-partition-7}{role=FOLLOWER} - Sending AppendResponse{status=OK, term=1, succeeded=true, lastLogIndex=1}
21:52:17.461 [raft-server-raft-partition-5] TRACE i.a.p.raft.roles.LeaderAppender - RaftServer{raft-partition-5} - Received AppendResponse{status=OK, term=1, succeeded=true, lastLogIndex=1} from 1
21:52:17.461 [raft-server-raft-partition-5] TRACE i.a.p.raft.roles.LeaderAppender - RaftServer{raft-partition-5} - Received AppendResponse{status=OK, term=1, succeeded=true, lastLogIndex=1} from 2
21:52:17.461 [raft-server-raft-partition-7] TRACE i.a.p.raft.roles.LeaderAppender - RaftServer{raft-partition-7} - Received AppendResponse{status=OK, term=1, succeeded=true, lastLogIndex=1} from 3
21:52:17.493 [raft-server-raft-partition-4] TRACE i.a.p.raft.roles.LeaderAppender - RaftServer{raft-partition-4} - Sending AppendRequest{term=1, leader=1, prevLogIndex=1, prevLogTerm=1, entries=0, commitIndex=1} to 2
21:52:17.493 [raft-server-raft-partition-4] TRACE i.a.p.raft.roles.LeaderAppender - RaftServer{raft-partition-4} - Sending AppendRequest{term=1, leader=1, prevLogIndex=1, prevLogTerm=1, entries=0, commitIndex=1} to 3
21:52:17.493 [raft-server-raft-partition-4] TRACE i.a.p.raft.roles.FollowerRole - RaftServer{raft-partition-4}{role=FOLLOWER} - Received AppendRequest{term=1, leader=1, prevLogIndex=1, prevLogTerm=1, entries=0, commitIndex=1}
21:52:17.493 [raft-server-raft-partition-4] TRACE i.a.p.raft.roles.FollowerRole - RaftServer{raft-partition-4}{role=FOLLOWER} - Sending AppendResponse{status=OK, term=1, succeeded=true, lastLogIndex=1}
21:52:17.493 [raft-server-raft-partition-4] TRACE i.a.p.raft.roles.FollowerRole - RaftServer{raft-partition-4}{role=FOLLOWER} - Received AppendRequest{term=1, leader=1, prevLogIndex=1, prevLogTerm=1, entries=0, commitIndex=1}
21:52:17.493 [raft-server-raft-partition-4] TRACE i.a.p.raft.roles.FollowerRole - RaftServer{raft-partition-4}{role=FOLLOWER} - Sending AppendResponse{status=OK, term=1, succeeded=true, lastLogIndex=1}
21:52:17.494 [raft-server-raft-partition-4] TRACE i.a.p.raft.roles.LeaderAppender - RaftServer{raft-partition-4} - Received AppendResponse{status=OK, term=1, succeeded=true, lastLogIndex=1} from 3
21:52:17.494 [raft-server-raft-partition-4] TRACE i.a.p.raft.roles.LeaderAppender - RaftServer{raft-partition-4} - Sending AppendRequest{term=1, leader=1, prevLogIndex=1, prevLogTerm=1, entries=0, commitIndex=1} to 3
21:52:17.494 [raft-server-raft-partition-4] TRACE i.a.p.raft.roles.LeaderAppender - RaftServer{raft-partition-4} - Received AppendResponse{status=OK, term=1, succeeded=true, lastLogIndex=1} from 2
21:52:17.494 [raft-server-raft-partition-4] TRACE i.a.p.raft.roles.LeaderAppender - RaftServer{raft-partition-4} - Sending AppendRequest{term=1, leader=1, prevLogIndex=1, prevLogTerm=1, entries=0, commitIndex=1} to 2
21:52:17.494 [raft-server-raft-partition-4] TRACE i.a.p.raft.roles.FollowerRole - RaftServer{raft-partition-4}{role=FOLLOWER} - Received AppendRequest{term=1, leader=1, prevLogIndex=1, prevLogTerm=1, entries=0, commitIndex=1}
21:52:17.494 [raft-server-raft-partition-4] TRACE i.a.p.raft.roles.FollowerRole - RaftServer{raft-partition-4}{role=FOLLOWER} - Received AppendRequest{term=1, leader=1, prevLogIndex=1, prevLogTerm=1, entries=0, commitIndex=1}
21:52:17.494 [raft-server-raft-partition-4] TRACE i.a.p.raft.roles.FollowerRole - RaftServer{raft-partition-4}{role=FOLLOWER} - Sending AppendResponse{status=OK, term=1, succeeded=true, lastLogIndex=1}
21:52:17.494 [raft-server-raft-partition-4] TRACE i.a.p.raft.roles.FollowerRole - RaftServer{raft-partition-4}{role=FOLLOWER} - Sending AppendResponse{status=OK, term=1, succeeded=true, lastLogIndex=1}
21:52:17.494 [raft-server-raft-partition-4] TRACE i.a.p.raft.roles.LeaderAppender - RaftServer{raft-partition-4} - Received AppendResponse{status=OK, term=1, succeeded=true, lastLogIndex=1} from 2
21:52:17.494 [raft-server-raft-partition-4] TRACE i.a.p.raft.roles.LeaderAppender - RaftServer{raft-partition-4} - Received AppendResponse{status=OK, term=1, succeeded=true, lastLogIndex=1} from 3
21:52:17.567 [raft-server-raft-partition-2] TRACE i.a.p.raft.roles.LeaderAppender - RaftServer{raft-partition-2} - Sending AppendRequest{term=1, leader=1, prevLogIndex=1, prevLogTerm=1, entries=0, commitIndex=1} to 2
21:52:17.568 [raft-server-raft-partition-2] TRACE i.a.p.raft.roles.LeaderAppender - RaftServer{raft-partition-2} - Sending AppendRequest{term=1, leader=1, prevLogIndex=1, prevLogTerm=1, entries=0, commitIndex=1} to 3
21:52:17.568 [raft-server-raft-partition-2] TRACE i.a.p.raft.roles.FollowerRole - RaftServer{raft-partition-2}{role=FOLLOWER} - Received AppendRequest{term=1, leader=1, prevLogIndex=1, prevLogTerm=1, entries=0, commitIndex=1}
21:52:17.568 [raft-server-raft-partition-2] TRACE i.a.p.raft.roles.FollowerRole - RaftServer{raft-partition-2}{role=FOLLOWER} - Received AppendRequest{term=1, leader=1, prevLogIndex=1, prevLogTerm=1, entries=0, commitIndex=1}
21:52:17.568 [raft-server-raft-partition-2] TRACE i.a.p.raft.roles.FollowerRole - RaftServer{raft-partition-2}{role=FOLLOWER} - Sending AppendResponse{status=OK, term=1, succeeded=true, lastLogIndex=1}
21:52:17.568 [raft-server-raft-partition-2] TRACE i.a.p.raft.roles.FollowerRole - RaftServer{raft-partition-2}{role=FOLLOWER} - Sending AppendResponse{status=OK, term=1, succeeded=true, lastLogIndex=1}
21:52:17.568 [raft-server-raft-partition-2] TRACE i.a.p.raft.roles.LeaderAppender - RaftServer{raft-partition-2} - Received AppendResponse{status=OK, term=1, succeeded=true, lastLogIndex=1} from 3
21:52:17.568 [raft-server-raft-partition-2] TRACE i.a.p.raft.roles.LeaderAppender - RaftServer{raft-partition-2} - Received AppendResponse{status=OK, term=1, succeeded=true, lastLogIndex=1} from 2
21:52:17.576 [raft-server-raft-partition-6] TRACE i.a.p.raft.roles.LeaderAppender - RaftServer{raft-partition-6} - Sending AppendRequest{term=1, leader=1, prevLogIndex=1, prevLogTerm=1, entries=0, commitIndex=1} to 2
21:52:17.576 [raft-server-raft-partition-6] TRACE i.a.p.raft.roles.LeaderAppender - RaftServer{raft-partition-6} - Sending AppendRequest{term=1, leader=1, prevLogIndex=1, prevLogTerm=1, entries=0, commitIndex=1} to 3
21:52:17.576 [raft-server-raft-partition-6] TRACE i.a.p.raft.roles.FollowerRole - RaftServer{raft-partition-6}{role=FOLLOWER} - Received AppendRequest{term=1, leader=1, prevLogIndex=1, prevLogTerm=1, entries=0, commitIndex=1}
21:52:17.576 [raft-server-raft-partition-6] TRACE i.a.p.raft.roles.FollowerRole - RaftServer{raft-partition-6}{role=FOLLOWER} - Sending AppendResponse{status=OK, term=1, succeeded=true, lastLogIndex=1}
21:52:17.576 [raft-server-raft-partition-6] TRACE i.a.p.raft.roles.FollowerRole - RaftServer{raft-partition-6}{role=FOLLOWER} - Received AppendRequest{term=1, leader=1, prevLogIndex=1, prevLogTerm=1, entries=0, commitIndex=1}
21:52:17.576 [raft-server-raft-partition-6] TRACE i.a.p.raft.roles.FollowerRole - RaftServer{raft-partition-6}{role=FOLLOWER} - Sending AppendResponse{status=OK, term=1, succeeded=true, lastLogIndex=1}
21:52:17.576 [raft-server-raft-partition-6] TRACE i.a.p.raft.roles.LeaderAppender - RaftServer{raft-partition-6} - Received AppendResponse{status=OK, term=1, succeeded=true, lastLogIndex=1} from 2
21:52:17.576 [raft-server-raft-partition-6] TRACE i.a.p.raft.roles.LeaderAppender - RaftServer{raft-partition-6} - Sending AppendRequest{term=1, leader=1, prevLogIndex=1, prevLogTerm=1, entries=0, commitIndex=1} to 2
21:52:17.576 [raft-server-raft-partition-6] TRACE i.a.p.raft.roles.LeaderAppender - RaftServer{raft-partition-6} - Received AppendResponse{status=OK, term=1, succeeded=true, lastLogIndex=1} from 3
21:52:17.576 [raft-server-raft-partition-6] TRACE i.a.p.raft.roles.LeaderAppender - RaftServer{raft-partition-6} - Sending AppendRequest{term=1, leader=1, prevLogIndex=1, prevLogTerm=1, entries=0, commitIndex=1} to 3
21:52:17.576 [raft-server-raft-partition-6] TRACE i.a.p.raft.roles.FollowerRole - RaftServer{raft-partition-6}{role=FOLLOWER} - Received AppendRequest{term=1, leader=1, prevLogIndex=1, prevLogTerm=1, entries=0, commitIndex=1}
21:52:17.577 [raft-server-raft-partition-6] TRACE i.a.p.raft.roles.FollowerRole - RaftServer{raft-partition-6}{role=FOLLOWER} - Sending AppendResponse{status=OK, term=1, succeeded=true, lastLogIndex=1}
21:52:17.577 [raft-server-raft-partition-6] TRACE i.a.p.raft.roles.FollowerRole - RaftServer{raft-partition-6}{role=FOLLOWER} - Received AppendRequest{term=1, leader=1, prevLogIndex=1, prevLogTerm=1, entries=0, commitIndex=1}
21:52:17.577 [raft-server-raft-partition-6] TRACE i.a.p.raft.roles.FollowerRole - RaftServer{raft-partition-6}{role=FOLLOWER} - Sending AppendResponse{status=OK, term=1, succeeded=true, lastLogIndex=1}
21:52:17.577 [raft-server-raft-partition-6] TRACE i.a.p.raft.roles.LeaderAppender - RaftServer{raft-partition-6} - Received AppendResponse{status=OK, term=1, succeeded=true, lastLogIndex=1} from 2
21:52:17.577 [raft-server-raft-partition-6] TRACE i.a.p.raft.roles.LeaderAppender - RaftServer{raft-partition-6} - Sending AppendRequest{term=1, leader=1, prevLogIndex=1, prevLogTerm=1, entries=0, commitIndex=1} to 2
21:52:17.577 [raft-server-raft-partition-6] TRACE i.a.p.raft.roles.LeaderAppender - RaftServer{raft-partition-6} - Received AppendResponse{status=OK, term=1, succeeded=true, lastLogIndex=1} from 3
21:52:17.577 [raft-server-raft-partition-6] TRACE i.a.p.raft.roles.LeaderAppender - RaftServer{raft-partition-6} - Sending AppendRequest{term=1, leader=1, prevLogIndex=1, prevLogTerm=1, entries=0, commitIndex=1} to 3
21:52:17.577 [raft-server-raft-partition-6] TRACE i.a.p.raft.roles.FollowerRole - RaftServer{raft-partition-6}{role=FOLLOWER} - Received AppendRequest{term=1, leader=1, prevLogIndex=1, prevLogTerm=1, entries=0, commitIndex=1}
21:52:17.577 [raft-server-raft-partition-6] TRACE i.a.p.raft.roles.FollowerRole - RaftServer{raft-partition-6}{role=FOLLOWER} - Sending AppendResponse{status=OK, term=1, succeeded=true, lastLogIndex=1}
21:52:17.577 [raft-server-raft-partition-6] TRACE i.a.p.raft.roles.FollowerRole - RaftServer{raft-partition-6}{role=FOLLOWER} - Received AppendRequest{term=1, leader=1, prevLogIndex=1, prevLogTerm=1, entries=0, commitIndex=1}
21:52:17.577 [raft-server-raft-partition-6] TRACE i.a.p.raft.roles.FollowerRole - RaftServer{raft-partition-6}{role=FOLLOWER} - Sending AppendResponse{status=OK, term=1, succeeded=true, lastLogIndex=1}
21:52:17.577 [raft-server-raft-partition-6] TRACE i.a.p.raft.roles.LeaderAppender - RaftServer{raft-partition-6} - Received AppendResponse{status=OK, term=1, succeeded=true, lastLogIndex=1} from 2
21:52:17.577 [raft-server-raft-partition-6] TRACE i.a.p.raft.roles.LeaderAppender - RaftServer{raft-partition-6} - Received AppendResponse{status=OK, term=1, succeeded=true, lastLogIndex=1} from 3
21:52:17.625 [raft-server-raft-partition-3] TRACE i.a.p.raft.roles.LeaderAppender - RaftServer{raft-partition-3} - Sending AppendRequest{term=3, leader=1, prevLogIndex=1, prevLogTerm=2, entries=0, commitIndex=1} to 2
21:52:17.625 [raft-server-raft-partition-3] TRACE i.a.p.raft.roles.LeaderAppender - RaftServer{raft-partition-3} - Sending AppendRequest{term=3, leader=1, prevLogIndex=1, prevLogTerm=2, entries=0, commitIndex=1} to 3
21:52:17.625 [raft-server-raft-partition-3] TRACE i.a.p.raft.roles.FollowerRole - RaftServer{raft-partition-3}{role=FOLLOWER} - Received AppendRequest{term=3, leader=1, prevLogIndex=1, prevLogTerm=2, entries=0, commitIndex=1}
21:52:17.625 [raft-server-raft-partition-3] TRACE i.a.p.raft.roles.FollowerRole - RaftServer{raft-partition-3}{role=FOLLOWER} - Received AppendRequest{term=3, leader=1, prevLogIndex=1, prevLogTerm=2, entries=0, commitIndex=1}
21:52:17.625 [raft-server-raft-partition-3] TRACE i.a.p.raft.roles.FollowerRole - RaftServer{raft-partition-3}{role=FOLLOWER} - Sending AppendResponse{status=OK, term=3, succeeded=true, lastLogIndex=1}
21:52:17.625 [raft-server-raft-partition-3] TRACE i.a.p.raft.roles.FollowerRole - RaftServer{raft-partition-3}{role=FOLLOWER} - Sending AppendResponse{status=OK, term=3, succeeded=true, lastLogIndex=1}
21:52:17.625 [raft-server-raft-partition-3] TRACE i.a.p.raft.roles.LeaderAppender - RaftServer{raft-partition-3} - Received AppendResponse{status=OK, term=3, succeeded=true, lastLogIndex=1} from 2
21:52:17.625 [raft-server-raft-partition-3] TRACE i.a.p.raft.roles.LeaderAppender - RaftServer{raft-partition-3} - Sending AppendRequest{term=3, leader=1, prevLogIndex=1, prevLogTerm=2, entries=0, commitIndex=1} to 2
21:52:17.625 [raft-server-raft-partition-3] TRACE i.a.p.raft.roles.LeaderAppender - RaftServer{raft-partition-3} - Received AppendResponse{status=OK, term=3, succeeded=true, lastLogIndex=1} from 3
21:52:17.625 [raft-server-raft-partition-3] TRACE i.a.p.raft.roles.LeaderAppender - RaftServer{raft-partition-3} - Sending AppendRequest{term=3, leader=1, prevLogIndex=1, prevLogTerm=2, entries=0, commitIndex=1} to 3
21:52:17.625 [raft-server-raft-partition-3] TRACE i.a.p.raft.roles.FollowerRole - RaftServer{raft-partition-3}{role=FOLLOWER} - Received AppendRequest{term=3, leader=1, prevLogIndex=1, prevLogTerm=2, entries=0, commitIndex=1}
21:52:17.626 [raft-server-raft-partition-3] TRACE i.a.p.raft.roles.FollowerRole - RaftServer{raft-partition-3}{role=FOLLOWER} - Sending AppendResponse{status=OK, term=3, succeeded=true, lastLogIndex=1}
21:52:17.626 [raft-server-raft-partition-3] TRACE i.a.p.raft.roles.FollowerRole - RaftServer{raft-partition-3}{role=FOLLOWER} - Received AppendRequest{term=3, leader=1, prevLogIndex=1, prevLogTerm=2, entries=0, commitIndex=1}
21:52:17.626 [raft-server-raft-partition-3] TRACE i.a.p.raft.roles.FollowerRole - RaftServer{raft-partition-3}{role=FOLLOWER} - Sending AppendResponse{status=OK, term=3, succeeded=true, lastLogIndex=1}
21:52:17.626 [raft-server-raft-partition-3] TRACE i.a.p.raft.roles.LeaderAppender - RaftServer{raft-partition-3} - Received AppendResponse{status=OK, term=3, succeeded=true, lastLogIndex=1} from 2
21:52:17.626 [raft-server-raft-partition-3] TRACE i.a.p.raft.roles.LeaderAppender - RaftServer{raft-partition-3} - Sending AppendRequest{term=3, leader=1, prevLogIndex=1, prevLogTerm=2, entries=0, commitIndex=1} to 2
21:52:17.626 [raft-server-raft-partition-3] TRACE i.a.p.raft.roles.LeaderAppender - RaftServer{raft-partition-3} - Received AppendResponse{status=OK, term=3, succeeded=true, lastLogIndex=1} from 3
21:52:17.626 [raft-server-raft-partition-3] TRACE i.a.p.raft.roles.LeaderAppender - RaftServer{raft-partition-3} - Sending AppendRequest{term=3, leader=1, prevLogIndex=1, prevLogTerm=2, entries=0, commitIndex=1} to 3
21:52:17.626 [raft-server-raft-partition-3] TRACE i.a.p.raft.roles.FollowerRole - RaftServer{raft-partition-3}{role=FOLLOWER} - Received AppendRequest{term=3, leader=1, prevLogIndex=1, prevLogTerm=2, entries=0, commitIndex=1}
21:52:17.626 [raft-server-raft-partition-3] TRACE i.a.p.raft.roles.FollowerRole - RaftServer{raft-partition-3}{role=FOLLOWER} - Sending AppendResponse{status=OK, term=3, succeeded=true, lastLogIndex=1}
21:52:17.626 [raft-server-raft-partition-3] TRACE i.a.p.raft.roles.FollowerRole - RaftServer{raft-partition-3}{role=FOLLOWER} - Received AppendRequest{term=3, leader=1, prevLogIndex=1, prevLogTerm=2, entries=0, commitIndex=1}
21:52:17.626 [raft-server-raft-partition-3] TRACE i.a.p.raft.roles.FollowerRole - RaftServer{raft-partition-3}{role=FOLLOWER} - Sending AppendResponse{status=OK, term=3, succeeded=true, lastLogIndex=1}
21:52:17.626 [raft-server-raft-partition-3] TRACE i.a.p.raft.roles.LeaderAppender - RaftServer{raft-partition-3} - Received AppendResponse{status=OK, term=3, succeeded=true, lastLogIndex=1} from 2
21:52:17.626 [raft-server-raft-partition-3] TRACE i.a.p.raft.roles.LeaderAppender - RaftServer{raft-partition-3} - Received AppendResponse{status=OK, term=3, succeeded=true, lastLogIndex=1} from 3
21:52:17.634 [raft-server-raft-partition-1] TRACE i.a.p.raft.roles.LeaderAppender - RaftServer{raft-partition-1} - Sending AppendRequest{term=1, leader=2, prevLogIndex=1, prevLogTerm=1, entries=0, commitIndex=1} to 3
21:52:17.635 [raft-server-raft-partition-1] TRACE i.a.p.raft.roles.FollowerRole - RaftServer{raft-partition-1}{role=FOLLOWER} - Received AppendRequest{term=1, leader=2, prevLogIndex=1, prevLogTerm=1, entries=0, commitIndex=1}
21:52:17.635 [raft-server-raft-partition-1] TRACE i.a.p.raft.roles.FollowerRole - RaftServer{raft-partition-1}{role=FOLLOWER} - Sending AppendResponse{status=OK, term=1, succeeded=true, lastLogIndex=1}
21:52:17.635 [raft-server-raft-partition-1] TRACE i.a.p.raft.roles.LeaderAppender - RaftServer{raft-partition-1} - Received AppendResponse{status=OK, term=1, succeeded=true, lastLogIndex=1} from 3
21:52:17.635 [raft-server-raft-partition-1] TRACE i.a.p.raft.roles.LeaderAppender - RaftServer{raft-partition-1} - Sending AppendRequest{term=1, leader=2, prevLogIndex=1, prevLogTerm=1, entries=0, commitIndex=1} to 3
21:52:17.635 [raft-server-raft-partition-1] TRACE i.a.p.raft.roles.FollowerRole - RaftServer{raft-partition-1}{role=FOLLOWER} - Received AppendRequest{term=1, leader=2, prevLogIndex=1, prevLogTerm=1, entries=0, commitIndex=1}
21:52:17.636 [raft-server-raft-partition-1] TRACE i.a.p.raft.roles.FollowerRole - RaftServer{raft-partition-1}{role=FOLLOWER} - Sending AppendResponse{status=OK, term=1, succeeded=true, lastLogIndex=1}
21:52:17.636 [raft-server-raft-partition-1] TRACE i.a.p.raft.roles.LeaderAppender - RaftServer{raft-partition-1} - Received AppendResponse{status=OK, term=1, succeeded=true, lastLogIndex=1} from 3
21:52:17.667 [raft-server-system-partition-1] TRACE i.a.p.raft.roles.LeaderAppender - RaftServer{system-partition-1} - Sending AppendRequest{term=1, leader=1, prevLogIndex=16, prevLogTerm=1, entries=0, commitIndex=16} to 2
21:52:17.667 [raft-server-system-partition-1] TRACE i.a.p.raft.roles.LeaderAppender - RaftServer{system-partition-1} - Sending AppendRequest{term=1, leader=1, prevLogIndex=16, prevLogTerm=1, entries=0, commitIndex=16} to 3
21:52:17.668 [raft-server-system-partition-1] TRACE i.a.p.raft.roles.FollowerRole - RaftServer{system-partition-1}{role=FOLLOWER} - Received AppendRequest{term=1, leader=1, prevLogIndex=16, prevLogTerm=1, entries=0, commitIndex=16}
21:52:17.668 [raft-server-system-partition-1] TRACE i.a.p.raft.roles.FollowerRole - RaftServer{system-partition-1}{role=FOLLOWER} - Received AppendRequest{term=1, leader=1, prevLogIndex=16, prevLogTerm=1, entries=0, commitIndex=16}
21:52:17.668 [raft-server-system-partition-1] TRACE i.a.p.raft.roles.FollowerRole - RaftServer{system-partition-1}{role=FOLLOWER} - Sending AppendResponse{status=OK, term=1, succeeded=true, lastLogIndex=16}
21:52:17.668 [raft-server-system-partition-1] TRACE i.a.p.raft.roles.FollowerRole - RaftServer{system-partition-1}{role=FOLLOWER} - Sending AppendResponse{status=OK, term=1, succeeded=true, lastLogIndex=16}
21:52:17.668 [raft-server-system-partition-1] TRACE i.a.p.raft.roles.LeaderAppender - RaftServer{system-partition-1} - Received AppendResponse{status=OK, term=1, succeeded=true, lastLogIndex=16} from 2
21:52:17.668 [raft-server-system-partition-1] TRACE i.a.p.raft.roles.LeaderAppender - RaftServer{system-partition-1} - Sending AppendRequest{term=1, leader=1, prevLogIndex=16, prevLogTerm=1, entries=0, commitIndex=16} to 2
21:52:17.668 [raft-server-system-partition-1] TRACE i.a.p.raft.roles.LeaderAppender - RaftServer{system-partition-1} - Received AppendResponse{status=OK, term=1, succeeded=true, lastLogIndex=16} from 3
21:52:17.668 [raft-server-system-partition-1] TRACE i.a.p.raft.roles.LeaderAppender - RaftServer{system-partition-1} - Sending AppendRequest{term=1, leader=1, prevLogIndex=16, prevLogTerm=1, entries=0, commitIndex=16} to 3
21:52:17.668 [raft-server-system-partition-1] TRACE i.a.p.raft.roles.FollowerRole - RaftServer{system-partition-1}{role=FOLLOWER} - Received AppendRequest{term=1, leader=1, prevLogIndex=16, prevLogTerm=1, entries=0, commitIndex=16}
21:52:17.668 [raft-server-system-partition-1] TRACE i.a.p.raft.roles.FollowerRole - RaftServer{system-partition-1}{role=FOLLOWER} - Sending AppendResponse{status=OK, term=1, succeeded=true, lastLogIndex=16}
21:52:17.668 [raft-server-system-partition-1] TRACE i.a.p.raft.roles.FollowerRole - RaftServer{system-partition-1}{role=FOLLOWER} - Received AppendRequest{term=1, leader=1, prevLogIndex=16, prevLogTerm=1, entries=0, commitIndex=16}
21:52:17.668 [raft-server-system-partition-1] TRACE i.a.p.raft.roles.FollowerRole - RaftServer{system-partition-1}{role=FOLLOWER} - Sending AppendResponse{status=OK, term=1, succeeded=true, lastLogIndex=16}
21:52:17.668 [raft-server-system-partition-1] TRACE i.a.p.raft.roles.LeaderAppender - RaftServer{system-partition-1} - Received AppendResponse{status=OK, term=1, succeeded=true, lastLogIndex=16} from 2
21:52:17.668 [raft-server-system-partition-1] TRACE i.a.p.raft.roles.LeaderAppender - RaftServer{system-partition-1} - Received AppendResponse{status=OK, term=1, succeeded=true, lastLogIndex=16} from 3
21:52:17.709 [raft-server-raft-partition-5] TRACE i.a.p.raft.roles.LeaderAppender - RaftServer{raft-partition-5} - Sending AppendRequest{term=1, leader=3, prevLogIndex=1, prevLogTerm=1, entries=0, commitIndex=1} to 1
21:52:17.709 [raft-server-raft-partition-5] TRACE i.a.p.raft.roles.LeaderAppender - RaftServer{raft-partition-5} - Sending AppendRequest{term=1, leader=3, prevLogIndex=1, prevLogTerm=1, entries=0, commitIndex=1} to 2
21:52:17.709 [raft-server-raft-partition-7] TRACE i.a.p.raft.roles.LeaderAppender - RaftServer{raft-partition-7} - Sending AppendRequest{term=1, leader=2, prevLogIndex=1, prevLogTerm=1, entries=0, commitIndex=1} to 1
21:52:17.709 [raft-server-raft-partition-5] TRACE i.a.p.raft.roles.FollowerRole - RaftServer{raft-partition-5}{role=FOLLOWER} - Received AppendRequest{term=1, leader=3, prevLogIndex=1, prevLogTerm=1, entries=0, commitIndex=1}
21:52:17.709 [raft-server-raft-partition-5] TRACE i.a.p.raft.roles.FollowerRole - RaftServer{raft-partition-5}{role=FOLLOWER} - Received AppendRequest{term=1, leader=3, prevLogIndex=1, prevLogTerm=1, entries=0, commitIndex=1}
21:52:17.709 [raft-server-raft-partition-7] TRACE i.a.p.raft.roles.LeaderAppender - RaftServer{raft-partition-7} - Sending AppendRequest{term=1, leader=2, prevLogIndex=1, prevLogTerm=1, entries=0, commitIndex=1} to 3
21:52:17.709 [raft-server-raft-partition-5] TRACE i.a.p.raft.roles.FollowerRole - RaftServer{raft-partition-5}{role=FOLLOWER} - Sending AppendResponse{status=OK, term=1, succeeded=true, lastLogIndex=1}
21:52:17.709 [raft-server-raft-partition-5] TRACE i.a.p.raft.roles.FollowerRole - RaftServer{raft-partition-5}{role=FOLLOWER} - Sending AppendResponse{status=OK, term=1, succeeded=true, lastLogIndex=1}
21:52:17.709 [raft-server-raft-partition-7] TRACE i.a.p.raft.roles.FollowerRole - RaftServer{raft-partition-7}{role=FOLLOWER} - Received AppendRequest{term=1, leader=2, prevLogIndex=1, prevLogTerm=1, entries=0, commitIndex=1}
21:52:17.710 [raft-server-raft-partition-7] TRACE i.a.p.raft.roles.FollowerRole - RaftServer{raft-partition-7}{role=FOLLOWER} - Received AppendRequest{term=1, leader=2, prevLogIndex=1, prevLogTerm=1, entries=0, commitIndex=1}
21:52:17.710 [raft-server-raft-partition-7] TRACE i.a.p.raft.roles.FollowerRole - RaftServer{raft-partition-7}{role=FOLLOWER} - Sending AppendResponse{status=OK, term=1, succeeded=true, lastLogIndex=1}
21:52:17.710 [raft-server-raft-partition-5] TRACE i.a.p.raft.roles.LeaderAppender - RaftServer{raft-partition-5} - Received AppendResponse{status=OK, term=1, succeeded=true, lastLogIndex=1} from 1
21:52:17.710 [raft-server-raft-partition-7] TRACE i.a.p.raft.roles.FollowerRole - RaftServer{raft-partition-7}{role=FOLLOWER} - Sending AppendResponse{status=OK, term=1, succeeded=true, lastLogIndex=1}
21:52:17.710 [raft-server-raft-partition-5] TRACE i.a.p.raft.roles.LeaderAppender - RaftServer{raft-partition-5} - Sending AppendRequest{term=1, leader=3, prevLogIndex=1, prevLogTerm=1, entries=0, commitIndex=1} to 1
21:52:17.710 [raft-server-raft-partition-7] TRACE i.a.p.raft.roles.LeaderAppender - RaftServer{raft-partition-7} - Received AppendResponse{status=OK, term=1, succeeded=true, lastLogIndex=1} from 1
21:52:17.710 [raft-server-raft-partition-5] TRACE i.a.p.raft.roles.LeaderAppender - RaftServer{raft-partition-5} - Received AppendResponse{status=OK, term=1, succeeded=true, lastLogIndex=1} from 2
21:52:17.710 [raft-server-raft-partition-7] TRACE i.a.p.raft.roles.LeaderAppender - RaftServer{raft-partition-7} - Sending AppendRequest{term=1, leader=2, prevLogIndex=1, prevLogTerm=1, entries=0, commitIndex=1} to 1
21:52:17.710 [raft-server-raft-partition-5] TRACE i.a.p.raft.roles.LeaderAppender - RaftServer{raft-partition-5} - Sending AppendRequest{term=1, leader=3, prevLogIndex=1, prevLogTerm=1, entries=0, commitIndex=1} to 2
21:52:17.710 [raft-server-raft-partition-5] TRACE i.a.p.raft.roles.FollowerRole - RaftServer{raft-partition-5}{role=FOLLOWER} - Received AppendRequest{term=1, leader=3, prevLogIndex=1, prevLogTerm=1, entries=0, commitIndex=1}
21:52:17.710 [raft-server-raft-partition-7] TRACE i.a.p.raft.roles.LeaderAppender - RaftServer{raft-partition-7} - Received AppendResponse{status=OK, term=1, succeeded=true, lastLogIndex=1} from 3
21:52:17.710 [raft-server-raft-partition-5] TRACE i.a.p.raft.roles.FollowerRole - RaftServer{raft-partition-5}{role=FOLLOWER} - Sending AppendResponse{status=OK, term=1, succeeded=true, lastLogIndex=1}
21:52:17.710 [raft-server-raft-partition-7] TRACE i.a.p.raft.roles.FollowerRole - RaftServer{raft-partition-7}{role=FOLLOWER} - Received AppendRequest{term=1, leader=2, prevLogIndex=1, prevLogTerm=1, entries=0, commitIndex=1}
21:52:17.710 [raft-server-raft-partition-5] TRACE i.a.p.raft.roles.FollowerRole - RaftServer{raft-partition-5}{role=FOLLOWER} - Received AppendRequest{term=1, leader=3, prevLogIndex=1, prevLogTerm=1, entries=0, commitIndex=1}
21:52:17.710 [raft-server-raft-partition-7] TRACE i.a.p.raft.roles.LeaderAppender - RaftServer{raft-partition-7} - Sending AppendRequest{term=1, leader=2, prevLogIndex=1, prevLogTerm=1, entries=0, commitIndex=1} to 3
21:52:17.710 [raft-server-raft-partition-7] TRACE i.a.p.raft.roles.FollowerRole - RaftServer{raft-partition-7}{role=FOLLOWER} - Sending AppendResponse{status=OK, term=1, succeeded=true, lastLogIndex=1}
21:52:17.710 [raft-server-raft-partition-5] TRACE i.a.p.raft.roles.FollowerRole - RaftServer{raft-partition-5}{role=FOLLOWER} - Sending AppendResponse{status=OK, term=1, succeeded=true, lastLogIndex=1}
21:52:17.711 [raft-server-raft-partition-5] TRACE i.a.p.raft.roles.LeaderAppender - RaftServer{raft-partition-5} - Received AppendResponse{status=OK, term=1, succeeded=true, lastLogIndex=1} from 1
21:52:17.711 [raft-server-raft-partition-7] TRACE i.a.p.raft.roles.FollowerRole - RaftServer{raft-partition-7}{role=FOLLOWER} - Received AppendRequest{term=1, leader=2, prevLogIndex=1, prevLogTerm=1, entries=0, commitIndex=1}
21:52:17.711 [raft-server-raft-partition-7] TRACE i.a.p.raft.roles.LeaderAppender - RaftServer{raft-partition-7} - Received AppendResponse{status=OK, term=1, succeeded=true, lastLogIndex=1} from 1
21:52:17.711 [raft-server-raft-partition-7] TRACE i.a.p.raft.roles.FollowerRole - RaftServer{raft-partition-7}{role=FOLLOWER} - Sending AppendResponse{status=OK, term=1, succeeded=true, lastLogIndex=1}
21:52:17.711 [raft-server-raft-partition-5] TRACE i.a.p.raft.roles.LeaderAppender - RaftServer{raft-partition-5} - Received AppendResponse{status=OK, term=1, succeeded=true, lastLogIndex=1} from 2
21:52:17.711 [raft-server-raft-partition-7] TRACE i.a.p.raft.roles.LeaderAppender - RaftServer{raft-partition-7} - Received AppendResponse{status=OK, term=1, succeeded=true, lastLogIndex=1} from 3
21:52:17.743 [raft-server-raft-partition-4] TRACE i.a.p.raft.roles.LeaderAppender - RaftServer{raft-partition-4} - Sending AppendRequest{term=1, leader=1, prevLogIndex=1, prevLogTerm=1, entries=0, commitIndex=1} to 2
21:52:17.743 [raft-server-raft-partition-4] TRACE i.a.p.raft.roles.LeaderAppender - RaftServer{raft-partition-4} - Sending AppendRequest{term=1, leader=1, prevLogIndex=1, prevLogTerm=1, entries=0, commitIndex=1} to 3
21:52:17.743 [raft-server-raft-partition-4] TRACE i.a.p.raft.roles.FollowerRole - RaftServer{raft-partition-4}{role=FOLLOWER} - Received AppendRequest{term=1, leader=1, prevLogIndex=1, prevLogTerm=1, entries=0, commitIndex=1}
21:52:17.743 [raft-server-raft-partition-4] TRACE i.a.p.raft.roles.FollowerRole - RaftServer{raft-partition-4}{role=FOLLOWER} - Sending AppendResponse{status=OK, term=1, succeeded=true, lastLogIndex=1}
21:52:17.743 [raft-server-raft-partition-4] TRACE i.a.p.raft.roles.FollowerRole - RaftServer{raft-partition-4}{role=FOLLOWER} - Received AppendRequest{term=1, leader=1, prevLogIndex=1, prevLogTerm=1, entries=0, commitIndex=1}
21:52:17.743 [raft-server-raft-partition-4] TRACE i.a.p.raft.roles.FollowerRole - RaftServer{raft-partition-4}{role=FOLLOWER} - Sending AppendResponse{status=OK, term=1, succeeded=true, lastLogIndex=1}
21:52:17.743 [raft-server-raft-partition-4] TRACE i.a.p.raft.roles.LeaderAppender - RaftServer{raft-partition-4} - Received AppendResponse{status=OK, term=1, succeeded=true, lastLogIndex=1} from 2
21:52:17.744 [raft-server-raft-partition-4] TRACE i.a.p.raft.roles.LeaderAppender - RaftServer{raft-partition-4} - Sending AppendRequest{term=1, leader=1, prevLogIndex=1, prevLogTerm=1, entries=0, commitIndex=1} to 2
21:52:17.744 [raft-server-raft-partition-4] TRACE i.a.p.raft.roles.LeaderAppender - RaftServer{raft-partition-4} - Received AppendResponse{status=OK, term=1, succeeded=true, lastLogIndex=1} from 3
21:52:17.744 [raft-server-raft-partition-4] TRACE i.a.p.raft.roles.LeaderAppender - RaftServer{raft-partition-4} - Sending AppendRequest{term=1, leader=1, prevLogIndex=1, prevLogTerm=1, entries=0, commitIndex=1} to 3
21:52:17.744 [raft-server-raft-partition-4] TRACE i.a.p.raft.roles.FollowerRole - RaftServer{raft-partition-4}{role=FOLLOWER} - Received AppendRequest{term=1, leader=1, prevLogIndex=1, prevLogTerm=1, entries=0, commitIndex=1}
21:52:17.744 [raft-server-raft-partition-4] TRACE i.a.p.raft.roles.FollowerRole - RaftServer{raft-partition-4}{role=FOLLOWER} - Sending AppendResponse{status=OK, term=1, succeeded=true, lastLogIndex=1}
21:52:17.744 [raft-server-raft-partition-4] TRACE i.a.p.raft.roles.FollowerRole - RaftServer{raft-partition-4}{role=FOLLOWER} - Received AppendRequest{term=1, leader=1, prevLogIndex=1, prevLogTerm=1, entries=0, commitIndex=1}
21:52:17.744 [raft-server-raft-partition-4] TRACE i.a.p.raft.roles.FollowerRole - RaftServer{raft-partition-4}{role=FOLLOWER} - Sending AppendResponse{status=OK, term=1, succeeded=true, lastLogIndex=1}
21:52:17.744 [raft-server-raft-partition-4] TRACE i.a.p.raft.roles.LeaderAppender - RaftServer{raft-partition-4} - Received AppendResponse{status=OK, term=1, succeeded=true, lastLogIndex=1} from 2
21:52:17.744 [raft-server-raft-partition-4] TRACE i.a.p.raft.roles.LeaderAppender - RaftServer{raft-partition-4} - Received AppendResponse{status=OK, term=1, succeeded=true, lastLogIndex=1} from 3
21:52:17.817 [raft-server-raft-partition-2] TRACE i.a.p.raft.roles.LeaderAppender - RaftServer{raft-partition-2} - Sending AppendRequest{term=1, leader=1, prevLogIndex=1, prevLogTerm=1, entries=0, commitIndex=1} to 2
21:52:17.818 [raft-server-raft-partition-2] TRACE i.a.p.raft.roles.LeaderAppender - RaftServer{raft-partition-2} - Sending AppendRequest{term=1, leader=1, prevLogIndex=1, prevLogTerm=1, entries=0, commitIndex=1} to 3
21:52:17.818 [raft-server-raft-partition-2] TRACE i.a.p.raft.roles.FollowerRole - RaftServer{raft-partition-2}{role=FOLLOWER} - Received AppendRequest{term=1, leader=1, prevLogIndex=1, prevLogTerm=1, entries=0, commitIndex=1}
21:52:17.818 [raft-server-raft-partition-2] TRACE i.a.p.raft.roles.FollowerRole - RaftServer{raft-partition-2}{role=FOLLOWER} - Sending AppendResponse{status=OK, term=1, succeeded=true, lastLogIndex=1}
21:52:17.818 [raft-server-raft-partition-2] TRACE i.a.p.raft.roles.FollowerRole - RaftServer{raft-partition-2}{role=FOLLOWER} - Received AppendRequest{term=1, leader=1, prevLogIndex=1, prevLogTerm=1, entries=0, commitIndex=1}
21:52:17.818 [raft-server-raft-partition-2] TRACE i.a.p.raft.roles.FollowerRole - RaftServer{raft-partition-2}{role=FOLLOWER} - Sending AppendResponse{status=OK, term=1, succeeded=true, lastLogIndex=1}
21:52:17.818 [raft-server-raft-partition-2] TRACE i.a.p.raft.roles.LeaderAppender - RaftServer{raft-partition-2} - Received AppendResponse{status=OK, term=1, succeeded=true, lastLogIndex=1} from 2
21:52:17.818 [raft-server-raft-partition-2] TRACE i.a.p.raft.roles.LeaderAppender - RaftServer{raft-partition-2} - Sending AppendRequest{term=1, leader=1, prevLogIndex=1, prevLogTerm=1, entries=0, commitIndex=1} to 2
21:52:17.818 [raft-server-raft-partition-2] TRACE i.a.p.raft.roles.LeaderAppender - RaftServer{raft-partition-2} - Received AppendResponse{status=OK, term=1, succeeded=true, lastLogIndex=1} from 3
21:52:17.818 [raft-server-raft-partition-2] TRACE i.a.p.raft.roles.FollowerRole - RaftServer{raft-partition-2}{role=FOLLOWER} - Received AppendRequest{term=1, leader=1, prevLogIndex=1, prevLogTerm=1, entries=0, commitIndex=1}
21:52:17.818 [raft-server-raft-partition-2] TRACE i.a.p.raft.roles.FollowerRole - RaftServer{raft-partition-2}{role=FOLLOWER} - Sending AppendResponse{status=OK, term=1, succeeded=true, lastLogIndex=1}
21:52:17.819 [raft-server-raft-partition-2] TRACE i.a.p.raft.roles.LeaderAppender - RaftServer{raft-partition-2} - Received AppendResponse{status=OK, term=1, succeeded=true, lastLogIndex=1} from 2
21:52:17.826 [raft-server-raft-partition-6] TRACE i.a.p.raft.roles.LeaderAppender - RaftServer{raft-partition-6} - Sending AppendRequest{term=1, leader=1, prevLogIndex=1, prevLogTerm=1, entries=0, commitIndex=1} to 2
21:52:17.826 [raft-server-raft-partition-6] TRACE i.a.p.raft.roles.LeaderAppender - RaftServer{raft-partition-6} - Sending AppendRequest{term=1, leader=1, prevLogIndex=1, prevLogTerm=1, entries=0, commitIndex=1} to 3
21:52:17.826 [raft-server-raft-partition-6] TRACE i.a.p.raft.roles.FollowerRole - RaftServer{raft-partition-6}{role=FOLLOWER} - Received AppendRequest{term=1, leader=1, prevLogIndex=1, prevLogTerm=1, entries=0, commitIndex=1}
21:52:17.826 [raft-server-raft-partition-6] TRACE i.a.p.raft.roles.FollowerRole - RaftServer{raft-partition-6}{role=FOLLOWER} - Received AppendRequest{term=1, leader=1, prevLogIndex=1, prevLogTerm=1, entries=0, commitIndex=1}
21:52:17.826 [raft-server-raft-partition-6] TRACE i.a.p.raft.roles.FollowerRole - RaftServer{raft-partition-6}{role=FOLLOWER} - Sending AppendResponse{status=OK, term=1, succeeded=true, lastLogIndex=1}
21:52:17.826 [raft-server-raft-partition-6] TRACE i.a.p.raft.roles.FollowerRole - RaftServer{raft-partition-6}{role=FOLLOWER} - Sending AppendResponse{status=OK, term=1, succeeded=true, lastLogIndex=1}
21:52:17.826 [raft-server-raft-partition-6] TRACE i.a.p.raft.roles.LeaderAppender - RaftServer{raft-partition-6} - Received AppendResponse{status=OK, term=1, succeeded=true, lastLogIndex=1} from 2
21:52:17.826 [raft-server-raft-partition-6] TRACE i.a.p.raft.roles.LeaderAppender - RaftServer{raft-partition-6} - Sending AppendRequest{term=1, leader=1, prevLogIndex=1, prevLogTerm=1, entries=0, commitIndex=1} to 2
21:52:17.826 [raft-server-raft-partition-6] TRACE i.a.p.raft.roles.LeaderAppender - RaftServer{raft-partition-6} - Received AppendResponse{status=OK, term=1, succeeded=true, lastLogIndex=1} from 3
21:52:17.826 [raft-server-raft-partition-6] TRACE i.a.p.raft.roles.LeaderAppender - RaftServer{raft-partition-6} - Sending AppendRequest{term=1, leader=1, prevLogIndex=1, prevLogTerm=1, entries=0, commitIndex=1} to 3
21:52:17.827 [raft-server-raft-partition-6] TRACE i.a.p.raft.roles.FollowerRole - RaftServer{raft-partition-6}{role=FOLLOWER} - Received AppendRequest{term=1, leader=1, prevLogIndex=1, prevLogTerm=1, entries=0, commitIndex=1}
21:52:17.827 [raft-server-raft-partition-6] TRACE i.a.p.raft.roles.FollowerRole - RaftServer{raft-partition-6}{role=FOLLOWER} - Received AppendRequest{term=1, leader=1, prevLogIndex=1, prevLogTerm=1, entries=0, commitIndex=1}
21:52:17.827 [raft-server-raft-partition-6] TRACE i.a.p.raft.roles.FollowerRole - RaftServer{raft-partition-6}{role=FOLLOWER} - Sending AppendResponse{status=OK, term=1, succeeded=true, lastLogIndex=1}
21:52:17.827 [raft-server-raft-partition-6] TRACE i.a.p.raft.roles.FollowerRole - RaftServer{raft-partition-6}{role=FOLLOWER} - Sending AppendResponse{status=OK, term=1, succeeded=true, lastLogIndex=1}
21:52:17.827 [raft-server-raft-partition-6] TRACE i.a.p.raft.roles.LeaderAppender - RaftServer{raft-partition-6} - Received AppendResponse{status=OK, term=1, succeeded=true, lastLogIndex=1} from 2
21:52:17.827 [raft-server-raft-partition-6] TRACE i.a.p.raft.roles.LeaderAppender - RaftServer{raft-partition-6} - Sending AppendRequest{term=1, leader=1, prevLogIndex=1, prevLogTerm=1, entries=0, commitIndex=1} to 2
21:52:17.827 [raft-server-raft-partition-6] TRACE i.a.p.raft.roles.LeaderAppender - RaftServer{raft-partition-6} - Received AppendResponse{status=OK, term=1, succeeded=true, lastLogIndex=1} from 3
21:52:17.827 [raft-server-raft-partition-6] TRACE i.a.p.raft.roles.LeaderAppender - RaftServer{raft-partition-6} - Sending AppendRequest{term=1, leader=1, prevLogIndex=1, prevLogTerm=1, entries=0, commitIndex=1} to 3
21:52:17.827 [raft-server-raft-partition-6] TRACE i.a.p.raft.roles.FollowerRole - RaftServer{raft-partition-6}{role=FOLLOWER} - Received AppendRequest{term=1, leader=1, prevLogIndex=1, prevLogTerm=1, entries=0, commitIndex=1}
21:52:17.827 [raft-server-raft-partition-6] TRACE i.a.p.raft.roles.FollowerRole - RaftServer{raft-partition-6}{role=FOLLOWER} - Sending AppendResponse{status=OK, term=1, succeeded=true, lastLogIndex=1}
21:52:17.827 [raft-server-raft-partition-6] TRACE i.a.p.raft.roles.FollowerRole - RaftServer{raft-partition-6}{role=FOLLOWER} - Received AppendRequest{term=1, leader=1, prevLogIndex=1, prevLogTerm=1, entries=0, commitIndex=1}
21:52:17.827 [raft-server-raft-partition-6] TRACE i.a.p.raft.roles.FollowerRole - RaftServer{raft-partition-6}{role=FOLLOWER} - Sending AppendResponse{status=OK, term=1, succeeded=true, lastLogIndex=1}
21:52:17.827 [raft-server-raft-partition-6] TRACE i.a.p.raft.roles.LeaderAppender - RaftServer{raft-partition-6} - Received AppendResponse{status=OK, term=1, succeeded=true, lastLogIndex=1} from 2
21:52:17.827 [raft-server-raft-partition-6] TRACE i.a.p.raft.roles.LeaderAppender - RaftServer{raft-partition-6} - Received AppendResponse{status=OK, term=1, succeeded=true, lastLogIndex=1} from 3
21:52:17.875 [raft-server-raft-partition-3] TRACE i.a.p.raft.roles.LeaderAppender - RaftServer{raft-partition-3} - Sending AppendRequest{term=3, leader=1, prevLogIndex=1, prevLogTerm=2, entries=0, commitIndex=1} to 2
21:52:17.875 [raft-server-raft-partition-3] TRACE i.a.p.raft.roles.LeaderAppender - RaftServer{raft-partition-3} - Sending AppendRequest{term=3, leader=1, prevLogIndex=1, prevLogTerm=2, entries=0, commitIndex=1} to 3
21:52:17.875 [raft-server-raft-partition-3] TRACE i.a.p.raft.roles.FollowerRole - RaftServer{raft-partition-3}{role=FOLLOWER} - Received AppendRequest{term=3, leader=1, prevLogIndex=1, prevLogTerm=2, entries=0, commitIndex=1}
21:52:17.875 [raft-server-raft-partition-3] TRACE i.a.p.raft.roles.FollowerRole - RaftServer{raft-partition-3}{role=FOLLOWER} - Received AppendRequest{term=3, leader=1, prevLogIndex=1, prevLogTerm=2, entries=0, commitIndex=1}
21:52:17.875 [raft-server-raft-partition-3] TRACE i.a.p.raft.roles.FollowerRole - RaftServer{raft-partition-3}{role=FOLLOWER} - Sending AppendResponse{status=OK, term=3, succeeded=true, lastLogIndex=1}
21:52:17.875 [raft-server-raft-partition-3] TRACE i.a.p.raft.roles.FollowerRole - RaftServer{raft-partition-3}{role=FOLLOWER} - Sending AppendResponse{status=OK, term=3, succeeded=true, lastLogIndex=1}
21:52:17.875 [raft-server-raft-partition-3] TRACE i.a.p.raft.roles.LeaderAppender - RaftServer{raft-partition-3} - Received AppendResponse{status=OK, term=3, succeeded=true, lastLogIndex=1} from 2
21:52:17.875 [raft-server-raft-partition-3] TRACE i.a.p.raft.roles.LeaderAppender - RaftServer{raft-partition-3} - Sending AppendRequest{term=3, leader=1, prevLogIndex=1, prevLogTerm=2, entries=0, commitIndex=1} to 2
21:52:17.875 [raft-server-raft-partition-3] TRACE i.a.p.raft.roles.LeaderAppender - RaftServer{raft-partition-3} - Received AppendResponse{status=OK, term=3, succeeded=true, lastLogIndex=1} from 3
21:52:17.876 [raft-server-raft-partition-3] TRACE i.a.p.raft.roles.LeaderAppender - RaftServer{raft-partition-3} - Sending AppendRequest{term=3, leader=1, prevLogIndex=1, prevLogTerm=2, entries=0, commitIndex=1} to 3
21:52:17.876 [raft-server-raft-partition-3] TRACE i.a.p.raft.roles.FollowerRole - RaftServer{raft-partition-3}{role=FOLLOWER} - Received AppendRequest{term=3, leader=1, prevLogIndex=1, prevLogTerm=2, entries=0, commitIndex=1}
21:52:17.876 [raft-server-raft-partition-3] TRACE i.a.p.raft.roles.FollowerRole - RaftServer{raft-partition-3}{role=FOLLOWER} - Sending AppendResponse{status=OK, term=3, succeeded=true, lastLogIndex=1}
21:52:17.876 [raft-server-raft-partition-3] TRACE i.a.p.raft.roles.FollowerRole - RaftServer{raft-partition-3}{role=FOLLOWER} - Received AppendRequest{term=3, leader=1, prevLogIndex=1, prevLogTerm=2, entries=0, commitIndex=1}
21:52:17.876 [raft-server-raft-partition-3] TRACE i.a.p.raft.roles.FollowerRole - RaftServer{raft-partition-3}{role=FOLLOWER} - Sending AppendResponse{status=OK, term=3, succeeded=true, lastLogIndex=1}
21:52:17.876 [raft-server-raft-partition-3] TRACE i.a.p.raft.roles.LeaderAppender - RaftServer{raft-partition-3} - Received AppendResponse{status=OK, term=3, succeeded=true, lastLogIndex=1} from 2
21:52:17.876 [raft-server-raft-partition-3] TRACE i.a.p.raft.roles.LeaderAppender - RaftServer{raft-partition-3} - Sending AppendRequest{term=3, leader=1, prevLogIndex=1, prevLogTerm=2, entries=0, commitIndex=1} to 2
21:52:17.876 [raft-server-raft-partition-3] TRACE i.a.p.raft.roles.LeaderAppender - RaftServer{raft-partition-3} - Received AppendResponse{status=OK, term=3, succeeded=true, lastLogIndex=1} from 3
21:52:17.876 [raft-server-raft-partition-3] TRACE i.a.p.raft.roles.FollowerRole - RaftServer{raft-partition-3}{role=FOLLOWER} - Received AppendRequest{term=3, leader=1, prevLogIndex=1, prevLogTerm=2, entries=0, commitIndex=1}
21:52:17.876 [raft-server-raft-partition-3] TRACE i.a.p.raft.roles.FollowerRole - RaftServer{raft-partition-3}{role=FOLLOWER} - Sending AppendResponse{status=OK, term=3, succeeded=true, lastLogIndex=1}
21:52:17.876 [raft-server-raft-partition-3] TRACE i.a.p.raft.roles.LeaderAppender - RaftServer{raft-partition-3} - Received AppendResponse{status=OK, term=3, succeeded=true, lastLogIndex=1} from 2
21:52:17.884 [raft-server-raft-partition-1] TRACE i.a.p.raft.roles.LeaderAppender - RaftServer{raft-partition-1} - Sending AppendRequest{term=1, leader=2, prevLogIndex=1, prevLogTerm=1, entries=0, commitIndex=1} to 3
21:52:17.885 [raft-server-raft-partition-1] TRACE i.a.p.raft.roles.FollowerRole - RaftServer{raft-partition-1}{role=FOLLOWER} - Received AppendRequest{term=1, leader=2, prevLogIndex=1, prevLogTerm=1, entries=0, commitIndex=1}
21:52:17.885 [raft-server-raft-partition-1] TRACE i.a.p.raft.roles.FollowerRole - RaftServer{raft-partition-1}{role=FOLLOWER} - Sending AppendResponse{status=OK, term=1, succeeded=true, lastLogIndex=1}
21:52:17.885 [raft-server-raft-partition-1] TRACE i.a.p.raft.roles.LeaderAppender - RaftServer{raft-partition-1} - Received AppendResponse{status=OK, term=1, succeeded=true, lastLogIndex=1} from 3
21:52:17.885 [raft-server-raft-partition-1] TRACE i.a.p.raft.roles.LeaderAppender - RaftServer{raft-partition-1} - Sending AppendRequest{term=1, leader=2, prevLogIndex=1, prevLogTerm=1, entries=0, commitIndex=1} to 3
21:52:17.886 [raft-server-raft-partition-1] TRACE i.a.p.raft.roles.FollowerRole - RaftServer{raft-partition-1}{role=FOLLOWER} - Received AppendRequest{term=1, leader=2, prevLogIndex=1, prevLogTerm=1, entries=0, commitIndex=1}
21:52:17.886 [raft-server-raft-partition-1] TRACE i.a.p.raft.roles.FollowerRole - RaftServer{raft-partition-1}{role=FOLLOWER} - Sending AppendResponse{status=OK, term=1, succeeded=true, lastLogIndex=1}
21:52:17.886 [raft-server-raft-partition-1] TRACE i.a.p.raft.roles.LeaderAppender - RaftServer{raft-partition-1} - Received AppendResponse{status=OK, term=1, succeeded=true, lastLogIndex=1} from 3
21:52:17.917 [raft-server-system-partition-1] TRACE i.a.p.raft.roles.LeaderAppender - RaftServer{system-partition-1} - Sending AppendRequest{term=1, leader=1, prevLogIndex=16, prevLogTerm=1, entries=0, commitIndex=16} to 2
21:52:17.917 [raft-server-system-partition-1] TRACE i.a.p.raft.roles.LeaderAppender - RaftServer{system-partition-1} - Sending AppendRequest{term=1, leader=1, prevLogIndex=16, prevLogTerm=1, entries=0, commitIndex=16} to 3
21:52:17.918 [raft-server-system-partition-1] TRACE i.a.p.raft.roles.FollowerRole - RaftServer{system-partition-1}{role=FOLLOWER} - Received AppendRequest{term=1, leader=1, prevLogIndex=16, prevLogTerm=1, entries=0, commitIndex=16}
21:52:17.918 [raft-server-system-partition-1] TRACE i.a.p.raft.roles.FollowerRole - RaftServer{system-partition-1}{role=FOLLOWER} - Received AppendRequest{term=1, leader=1, prevLogIndex=16, prevLogTerm=1, entries=0, commitIndex=16}
21:52:17.918 [raft-server-system-partition-1] TRACE i.a.p.raft.roles.FollowerRole - RaftServer{system-partition-1}{role=FOLLOWER} - Sending AppendResponse{status=OK, term=1, succeeded=true, lastLogIndex=16}
21:52:17.918 [raft-server-system-partition-1] TRACE i.a.p.raft.roles.FollowerRole - RaftServer{system-partition-1}{role=FOLLOWER} - Sending AppendResponse{status=OK, term=1, succeeded=true, lastLogIndex=16}
21:52:17.918 [raft-server-system-partition-1] TRACE i.a.p.raft.roles.LeaderAppender - RaftServer{system-partition-1} - Received AppendResponse{status=OK, term=1, succeeded=true, lastLogIndex=16} from 3
21:52:17.918 [raft-server-system-partition-1] TRACE i.a.p.raft.roles.LeaderAppender - RaftServer{system-partition-1} - Sending AppendRequest{term=1, leader=1, prevLogIndex=16, prevLogTerm=1, entries=0, commitIndex=16} to 3
21:52:17.918 [raft-server-system-partition-1] TRACE i.a.p.raft.roles.LeaderAppender - RaftServer{system-partition-1} - Received AppendResponse{status=OK, term=1, succeeded=true, lastLogIndex=16} from 2
21:52:17.918 [raft-server-system-partition-1] TRACE i.a.p.raft.roles.LeaderAppender - RaftServer{system-partition-1} - Sending AppendRequest{term=1, leader=1, prevLogIndex=16, prevLogTerm=1, entries=0, commitIndex=16} to 2
21:52:17.918 [raft-server-system-partition-1] TRACE i.a.p.raft.roles.FollowerRole - RaftServer{system-partition-1}{role=FOLLOWER} - Received AppendRequest{term=1, leader=1, prevLogIndex=16, prevLogTerm=1, entries=0, commitIndex=16}
21:52:17.918 [raft-server-system-partition-1] TRACE i.a.p.raft.roles.FollowerRole - RaftServer{system-partition-1}{role=FOLLOWER} - Sending AppendResponse{status=OK, term=1, succeeded=true, lastLogIndex=16}
21:52:17.918 [raft-server-system-partition-1] TRACE i.a.p.raft.roles.FollowerRole - RaftServer{system-partition-1}{role=FOLLOWER} - Received AppendRequest{term=1, leader=1, prevLogIndex=16, prevLogTerm=1, entries=0, commitIndex=16}
21:52:17.918 [raft-server-system-partition-1] TRACE i.a.p.raft.roles.FollowerRole - RaftServer{system-partition-1}{role=FOLLOWER} - Sending AppendResponse{status=OK, term=1, succeeded=true, lastLogIndex=16}
21:52:17.919 [raft-server-system-partition-1] TRACE i.a.p.raft.roles.LeaderAppender - RaftServer{system-partition-1} - Received AppendResponse{status=OK, term=1, succeeded=true, lastLogIndex=16} from 3
21:52:17.919 [raft-server-system-partition-1] TRACE i.a.p.raft.roles.LeaderAppender - RaftServer{system-partition-1} - Received AppendResponse{status=OK, term=1, succeeded=true, lastLogIndex=16} from 2
21:52:17.959 [raft-server-raft-partition-5] TRACE i.a.p.raft.roles.LeaderAppender - RaftServer{raft-partition-5} - Sending AppendRequest{term=1, leader=3, prevLogIndex=1, prevLogTerm=1, entries=0, commitIndex=1} to 1
21:52:17.959 [raft-server-raft-partition-5] TRACE i.a.p.raft.roles.LeaderAppender - RaftServer{raft-partition-5} - Sending AppendRequest{term=1, leader=3, prevLogIndex=1, prevLogTerm=1, entries=0, commitIndex=1} to 2
21:52:17.959 [raft-server-raft-partition-7] TRACE i.a.p.raft.roles.LeaderAppender - RaftServer{raft-partition-7} - Sending AppendRequest{term=1, leader=2, prevLogIndex=1, prevLogTerm=1, entries=0, commitIndex=1} to 1
21:52:17.959 [raft-server-raft-partition-7] TRACE i.a.p.raft.roles.LeaderAppender - RaftServer{raft-partition-7} - Sending AppendRequest{term=1, leader=2, prevLogIndex=1, prevLogTerm=1, entries=0, commitIndex=1} to 3
21:52:17.959 [raft-server-raft-partition-5] TRACE i.a.p.raft.roles.FollowerRole - RaftServer{raft-partition-5}{role=FOLLOWER} - Received AppendRequest{term=1, leader=3, prevLogIndex=1, prevLogTerm=1, entries=0, commitIndex=1}
21:52:17.959 [raft-server-raft-partition-5] TRACE i.a.p.raft.roles.FollowerRole - RaftServer{raft-partition-5}{role=FOLLOWER} - Received AppendRequest{term=1, leader=3, prevLogIndex=1, prevLogTerm=1, entries=0, commitIndex=1}
21:52:17.959 [raft-server-raft-partition-7] TRACE i.a.p.raft.roles.FollowerRole - RaftServer{raft-partition-7}{role=FOLLOWER} - Received AppendRequest{term=1, leader=2, prevLogIndex=1, prevLogTerm=1, entries=0, commitIndex=1}
21:52:17.959 [raft-server-raft-partition-5] TRACE i.a.p.raft.roles.FollowerRole - RaftServer{raft-partition-5}{role=FOLLOWER} - Sending AppendResponse{status=OK, term=1, succeeded=true, lastLogIndex=1}
21:52:17.959 [raft-server-raft-partition-5] TRACE i.a.p.raft.roles.FollowerRole - RaftServer{raft-partition-5}{role=FOLLOWER} - Sending AppendResponse{status=OK, term=1, succeeded=true, lastLogIndex=1}
21:52:17.959 [raft-server-raft-partition-7] TRACE i.a.p.raft.roles.FollowerRole - RaftServer{raft-partition-7}{role=FOLLOWER} - Received AppendRequest{term=1, leader=2, prevLogIndex=1, prevLogTerm=1, entries=0, commitIndex=1}
21:52:17.959 [raft-server-raft-partition-7] TRACE i.a.p.raft.roles.FollowerRole - RaftServer{raft-partition-7}{role=FOLLOWER} - Sending AppendResponse{status=OK, term=1, succeeded=true, lastLogIndex=1}
21:52:17.959 [raft-server-raft-partition-7] TRACE i.a.p.raft.roles.FollowerRole - RaftServer{raft-partition-7}{role=FOLLOWER} - Sending AppendResponse{status=OK, term=1, succeeded=true, lastLogIndex=1}
21:52:17.960 [raft-server-raft-partition-5] TRACE i.a.p.raft.roles.LeaderAppender - RaftServer{raft-partition-5} - Received AppendResponse{status=OK, term=1, succeeded=true, lastLogIndex=1} from 1
21:52:17.960 [raft-server-raft-partition-5] TRACE i.a.p.raft.roles.LeaderAppender - RaftServer{raft-partition-5} - Sending AppendRequest{term=1, leader=3, prevLogIndex=1, prevLogTerm=1, entries=0, commitIndex=1} to 1
21:52:17.960 [raft-server-raft-partition-7] TRACE i.a.p.raft.roles.LeaderAppender - RaftServer{raft-partition-7} - Received AppendResponse{status=OK, term=1, succeeded=true, lastLogIndex=1} from 1
21:52:17.960 [raft-server-raft-partition-5] TRACE i.a.p.raft.roles.LeaderAppender - RaftServer{raft-partition-5} - Received AppendResponse{status=OK, term=1, succeeded=true, lastLogIndex=1} from 2
21:52:17.960 [raft-server-raft-partition-7] TRACE i.a.p.raft.roles.LeaderAppender - RaftServer{raft-partition-7} - Sending AppendRequest{term=1, leader=2, prevLogIndex=1, prevLogTerm=1, entries=0, commitIndex=1} to 1
21:52:17.960 [raft-server-raft-partition-5] TRACE i.a.p.raft.roles.LeaderAppender - RaftServer{raft-partition-5} - Sending AppendRequest{term=1, leader=3, prevLogIndex=1, prevLogTerm=1, entries=0, commitIndex=1} to 2
21:52:17.960 [raft-server-raft-partition-5] TRACE i.a.p.raft.roles.FollowerRole - RaftServer{raft-partition-5}{role=FOLLOWER} - Received AppendRequest{term=1, leader=3, prevLogIndex=1, prevLogTerm=1, entries=0, commitIndex=1}
21:52:17.960 [raft-server-raft-partition-7] TRACE i.a.p.raft.roles.LeaderAppender - RaftServer{raft-partition-7} - Received AppendResponse{status=OK, term=1, succeeded=true, lastLogIndex=1} from 3
21:52:17.960 [raft-server-raft-partition-5] TRACE i.a.p.raft.roles.FollowerRole - RaftServer{raft-partition-5}{role=FOLLOWER} - Sending AppendResponse{status=OK, term=1, succeeded=true, lastLogIndex=1}
21:52:17.960 [raft-server-raft-partition-7] TRACE i.a.p.raft.roles.FollowerRole - RaftServer{raft-partition-7}{role=FOLLOWER} - Received AppendRequest{term=1, leader=2, prevLogIndex=1, prevLogTerm=1, entries=0, commitIndex=1}
21:52:17.960 [raft-server-raft-partition-5] TRACE i.a.p.raft.roles.FollowerRole - RaftServer{raft-partition-5}{role=FOLLOWER} - Received AppendRequest{term=1, leader=3, prevLogIndex=1, prevLogTerm=1, entries=0, commitIndex=1}
21:52:17.960 [raft-server-raft-partition-7] TRACE i.a.p.raft.roles.LeaderAppender - RaftServer{raft-partition-7} - Sending AppendRequest{term=1, leader=2, prevLogIndex=1, prevLogTerm=1, entries=0, commitIndex=1} to 3
21:52:17.960 [raft-server-raft-partition-7] TRACE i.a.p.raft.roles.FollowerRole - RaftServer{raft-partition-7}{role=FOLLOWER} - Sending AppendResponse{status=OK, term=1, succeeded=true, lastLogIndex=1}
21:52:17.960 [raft-server-raft-partition-5] TRACE i.a.p.raft.roles.FollowerRole - RaftServer{raft-partition-5}{role=FOLLOWER} - Sending AppendResponse{status=OK, term=1, succeeded=true, lastLogIndex=1}
21:52:17.960 [raft-server-raft-partition-5] TRACE i.a.p.raft.roles.LeaderAppender - RaftServer{raft-partition-5} - Received AppendResponse{status=OK, term=1, succeeded=true, lastLogIndex=1} from 1
21:52:17.960 [raft-server-raft-partition-7] TRACE i.a.p.raft.roles.FollowerRole - RaftServer{raft-partition-7}{role=FOLLOWER} - Received AppendRequest{term=1, leader=2, prevLogIndex=1, prevLogTerm=1, entries=0, commitIndex=1}
21:52:17.961 [raft-server-raft-partition-7] TRACE i.a.p.raft.roles.FollowerRole - RaftServer{raft-partition-7}{role=FOLLOWER} - Sending AppendResponse{status=OK, term=1, succeeded=true, lastLogIndex=1}
21:52:17.961 [raft-server-raft-partition-5] TRACE i.a.p.raft.roles.LeaderAppender - RaftServer{raft-partition-5} - Received AppendResponse{status=OK, term=1, succeeded=true, lastLogIndex=1} from 2
21:52:17.961 [raft-server-raft-partition-7] TRACE i.a.p.raft.roles.LeaderAppender - RaftServer{raft-partition-7} - Received AppendResponse{status=OK, term=1, succeeded=true, lastLogIndex=1} from 1
21:52:17.961 [raft-server-raft-partition-7] TRACE i.a.p.raft.roles.LeaderAppender - RaftServer{raft-partition-7} - Received AppendResponse{status=OK, term=1, succeeded=true, lastLogIndex=1} from 3
21:52:17.993 [raft-server-raft-partition-4] TRACE i.a.p.raft.roles.LeaderAppender - RaftServer{raft-partition-4} - Sending AppendRequest{term=1, leader=1, prevLogIndex=1, prevLogTerm=1, entries=0, commitIndex=1} to 2
21:52:17.993 [raft-server-raft-partition-4] TRACE i.a.p.raft.roles.LeaderAppender - RaftServer{raft-partition-4} - Sending AppendRequest{term=1, leader=1, prevLogIndex=1, prevLogTerm=1, entries=0, commitIndex=1} to 3
21:52:17.993 [raft-server-raft-partition-4] TRACE i.a.p.raft.roles.FollowerRole - RaftServer{raft-partition-4}{role=FOLLOWER} - Received AppendRequest{term=1, leader=1, prevLogIndex=1, prevLogTerm=1, entries=0, commitIndex=1}
21:52:17.993 [raft-server-raft-partition-4] TRACE i.a.p.raft.roles.FollowerRole - RaftServer{raft-partition-4}{role=FOLLOWER} - Sending AppendResponse{status=OK, term=1, succeeded=true, lastLogIndex=1}
21:52:17.993 [raft-server-raft-partition-4] TRACE i.a.p.raft.roles.FollowerRole - RaftServer{raft-partition-4}{role=FOLLOWER} - Received AppendRequest{term=1, leader=1, prevLogIndex=1, prevLogTerm=1, entries=0, commitIndex=1}
21:52:17.993 [raft-server-raft-partition-4] TRACE i.a.p.raft.roles.FollowerRole - RaftServer{raft-partition-4}{role=FOLLOWER} - Sending AppendResponse{status=OK, term=1, succeeded=true, lastLogIndex=1}
21:52:17.993 [raft-server-raft-partition-4] TRACE i.a.p.raft.roles.LeaderAppender - RaftServer{raft-partition-4} - Received AppendResponse{status=OK, term=1, succeeded=true, lastLogIndex=1} from 2
21:52:17.994 [raft-server-raft-partition-4] TRACE i.a.p.raft.roles.LeaderAppender - RaftServer{raft-partition-4} - Sending AppendRequest{term=1, leader=1, prevLogIndex=1, prevLogTerm=1, entries=0, commitIndex=1} to 2
21:52:17.994 [raft-server-raft-partition-4] TRACE i.a.p.raft.roles.LeaderAppender - RaftServer{raft-partition-4} - Received AppendResponse{status=OK, term=1, succeeded=true, lastLogIndex=1} from 3
21:52:17.994 [raft-server-raft-partition-4] TRACE i.a.p.raft.roles.LeaderAppender - RaftServer{raft-partition-4} - Sending AppendRequest{term=1, leader=1, prevLogIndex=1, prevLogTerm=1, entries=0, commitIndex=1} to 3
21:52:17.994 [raft-server-raft-partition-4] TRACE i.a.p.raft.roles.FollowerRole - RaftServer{raft-partition-4}{role=FOLLOWER} - Received AppendRequest{term=1, leader=1, prevLogIndex=1, prevLogTerm=1, entries=0, commitIndex=1}
21:52:17.994 [raft-server-raft-partition-4] TRACE i.a.p.raft.roles.FollowerRole - RaftServer{raft-partition-4}{role=FOLLOWER} - Sending AppendResponse{status=OK, term=1, succeeded=true, lastLogIndex=1}
21:52:17.994 [raft-server-raft-partition-4] TRACE i.a.p.raft.roles.FollowerRole - RaftServer{raft-partition-4}{role=FOLLOWER} - Received AppendRequest{term=1, leader=1, prevLogIndex=1, prevLogTerm=1, entries=0, commitIndex=1}
21:52:17.994 [raft-server-raft-partition-4] TRACE i.a.p.raft.roles.FollowerRole - RaftServer{raft-partition-4}{role=FOLLOWER} - Sending AppendResponse{status=OK, term=1, succeeded=true, lastLogIndex=1}
21:52:17.994 [raft-server-raft-partition-4] TRACE i.a.p.raft.roles.LeaderAppender - RaftServer{raft-partition-4} - Received AppendResponse{status=OK, term=1, succeeded=true, lastLogIndex=1} from 2
21:52:17.994 [raft-server-raft-partition-4] TRACE i.a.p.raft.roles.LeaderAppender - RaftServer{raft-partition-4} - Received AppendResponse{status=OK, term=1, succeeded=true, lastLogIndex=1} from 3
21:52:18.068 [raft-server-raft-partition-2] TRACE i.a.p.raft.roles.LeaderAppender - RaftServer{raft-partition-2} - Sending AppendRequest{term=1, leader=1, prevLogIndex=1, prevLogTerm=1, entries=0, commitIndex=1} to 2
21:52:18.068 [raft-server-raft-partition-2] TRACE i.a.p.raft.roles.LeaderAppender - RaftServer{raft-partition-2} - Sending AppendRequest{term=1, leader=1, prevLogIndex=1, prevLogTerm=1, entries=0, commitIndex=1} to 3
21:52:18.068 [raft-server-raft-partition-2] TRACE i.a.p.raft.roles.FollowerRole - RaftServer{raft-partition-2}{role=FOLLOWER} - Received AppendRequest{term=1, leader=1, prevLogIndex=1, prevLogTerm=1, entries=0, commitIndex=1}
21:52:18.068 [raft-server-raft-partition-2] TRACE i.a.p.raft.roles.FollowerRole - RaftServer{raft-partition-2}{role=FOLLOWER} - Received AppendRequest{term=1, leader=1, prevLogIndex=1, prevLogTerm=1, entries=0, commitIndex=1}
21:52:18.068 [raft-server-raft-partition-2] TRACE i.a.p.raft.roles.FollowerRole - RaftServer{raft-partition-2}{role=FOLLOWER} - Sending AppendResponse{status=OK, term=1, succeeded=true, lastLogIndex=1}
21:52:18.068 [raft-server-raft-partition-2] TRACE i.a.p.raft.roles.FollowerRole - RaftServer{raft-partition-2}{role=FOLLOWER} - Sending AppendResponse{status=OK, term=1, succeeded=true, lastLogIndex=1}
21:52:18.068 [raft-server-raft-partition-2] TRACE i.a.p.raft.roles.LeaderAppender - RaftServer{raft-partition-2} - Received AppendResponse{status=OK, term=1, succeeded=true, lastLogIndex=1} from 3
21:52:18.068 [raft-server-raft-partition-2] TRACE i.a.p.raft.roles.LeaderAppender - RaftServer{raft-partition-2} - Sending AppendRequest{term=1, leader=1, prevLogIndex=1, prevLogTerm=1, entries=0, commitIndex=1} to 3
21:52:18.068 [raft-server-raft-partition-2] TRACE i.a.p.raft.roles.LeaderAppender - RaftServer{raft-partition-2} - Received AppendResponse{status=OK, term=1, succeeded=true, lastLogIndex=1} from 2
21:52:18.068 [raft-server-raft-partition-2] TRACE i.a.p.raft.roles.LeaderAppender - RaftServer{raft-partition-2} - Sending AppendRequest{term=1, leader=1, prevLogIndex=1, prevLogTerm=1, entries=0, commitIndex=1} to 2
21:52:18.069 [raft-server-raft-partition-2] TRACE i.a.p.raft.roles.FollowerRole - RaftServer{raft-partition-2}{role=FOLLOWER} - Received AppendRequest{term=1, leader=1, prevLogIndex=1, prevLogTerm=1, entries=0, commitIndex=1}
21:52:18.069 [raft-server-raft-partition-2] TRACE i.a.p.raft.roles.FollowerRole - RaftServer{raft-partition-2}{role=FOLLOWER} - Received AppendRequest{term=1, leader=1, prevLogIndex=1, prevLogTerm=1, entries=0, commitIndex=1}
21:52:18.069 [raft-server-raft-partition-2] TRACE i.a.p.raft.roles.FollowerRole - RaftServer{raft-partition-2}{role=FOLLOWER} - Sending AppendResponse{status=OK, term=1, succeeded=true, lastLogIndex=1}
21:52:18.069 [raft-server-raft-partition-2] TRACE i.a.p.raft.roles.FollowerRole - RaftServer{raft-partition-2}{role=FOLLOWER} - Sending AppendResponse{status=OK, term=1, succeeded=true, lastLogIndex=1}
21:52:18.069 [raft-server-raft-partition-2] TRACE i.a.p.raft.roles.LeaderAppender - RaftServer{raft-partition-2} - Received AppendResponse{status=OK, term=1, succeeded=true, lastLogIndex=1} from 2
21:52:18.069 [raft-server-raft-partition-2] TRACE i.a.p.raft.roles.LeaderAppender - RaftServer{raft-partition-2} - Sending AppendRequest{term=1, leader=1, prevLogIndex=1, prevLogTerm=1, entries=0, commitIndex=1} to 2
21:52:18.069 [raft-server-raft-partition-2] TRACE i.a.p.raft.roles.LeaderAppender - RaftServer{raft-partition-2} - Received AppendResponse{status=OK, term=1, succeeded=true, lastLogIndex=1} from 3
21:52:18.069 [raft-server-raft-partition-2] TRACE i.a.p.raft.roles.LeaderAppender - RaftServer{raft-partition-2} - Sending AppendRequest{term=1, leader=1, prevLogIndex=1, prevLogTerm=1, entries=0, commitIndex=1} to 3
21:52:18.069 [raft-server-raft-partition-2] TRACE i.a.p.raft.roles.FollowerRole - RaftServer{raft-partition-2}{role=FOLLOWER} - Received AppendRequest{term=1, leader=1, prevLogIndex=1, prevLogTerm=1, entries=0, commitIndex=1}
21:52:18.069 [raft-server-raft-partition-2] TRACE i.a.p.raft.roles.FollowerRole - RaftServer{raft-partition-2}{role=FOLLOWER} - Sending AppendResponse{status=OK, term=1, succeeded=true, lastLogIndex=1}
21:52:18.069 [raft-server-raft-partition-2] TRACE i.a.p.raft.roles.FollowerRole - RaftServer{raft-partition-2}{role=FOLLOWER} - Received AppendRequest{term=1, leader=1, prevLogIndex=1, prevLogTerm=1, entries=0, commitIndex=1}
21:52:18.069 [raft-server-raft-partition-2] TRACE i.a.p.raft.roles.FollowerRole - RaftServer{raft-partition-2}{role=FOLLOWER} - Sending AppendResponse{status=OK, term=1, succeeded=true, lastLogIndex=1}
21:52:18.070 [raft-server-raft-partition-2] TRACE i.a.p.raft.roles.LeaderAppender - RaftServer{raft-partition-2} - Received AppendResponse{status=OK, term=1, succeeded=true, lastLogIndex=1} from 2
21:52:18.070 [raft-server-raft-partition-2] TRACE i.a.p.raft.roles.LeaderAppender - RaftServer{raft-partition-2} - Received AppendResponse{status=OK, term=1, succeeded=true, lastLogIndex=1} from 3
21:52:18.076 [raft-server-raft-partition-6] TRACE i.a.p.raft.roles.LeaderAppender - RaftServer{raft-partition-6} - Sending AppendRequest{term=1, leader=1, prevLogIndex=1, prevLogTerm=1, entries=0, commitIndex=1} to 2
21:52:18.076 [raft-server-raft-partition-6] TRACE i.a.p.raft.roles.LeaderAppender - RaftServer{raft-partition-6} - Sending AppendRequest{term=1, leader=1, prevLogIndex=1, prevLogTerm=1, entries=0, commitIndex=1} to 3
21:52:18.076 [raft-server-raft-partition-6] TRACE i.a.p.raft.roles.FollowerRole - RaftServer{raft-partition-6}{role=FOLLOWER} - Received AppendRequest{term=1, leader=1, prevLogIndex=1, prevLogTerm=1, entries=0, commitIndex=1}
21:52:18.076 [raft-server-raft-partition-6] TRACE i.a.p.raft.roles.FollowerRole - RaftServer{raft-partition-6}{role=FOLLOWER} - Sending AppendResponse{status=OK, term=1, succeeded=true, lastLogIndex=1}
21:52:18.076 [raft-server-raft-partition-6] TRACE i.a.p.raft.roles.FollowerRole - RaftServer{raft-partition-6}{role=FOLLOWER} - Received AppendRequest{term=1, leader=1, prevLogIndex=1, prevLogTerm=1, entries=0, commitIndex=1}
21:52:18.076 [raft-server-raft-partition-6] TRACE i.a.p.raft.roles.FollowerRole - RaftServer{raft-partition-6}{role=FOLLOWER} - Sending AppendResponse{status=OK, term=1, succeeded=true, lastLogIndex=1}
21:52:18.076 [raft-server-raft-partition-6] TRACE i.a.p.raft.roles.LeaderAppender - RaftServer{raft-partition-6} - Received AppendResponse{status=OK, term=1, succeeded=true, lastLogIndex=1} from 2
21:52:18.076 [raft-server-raft-partition-6] TRACE i.a.p.raft.roles.LeaderAppender - RaftServer{raft-partition-6} - Sending AppendRequest{term=1, leader=1, prevLogIndex=1, prevLogTerm=1, entries=0, commitIndex=1} to 2
21:52:18.076 [raft-server-raft-partition-6] TRACE i.a.p.raft.roles.LeaderAppender - RaftServer{raft-partition-6} - Received AppendResponse{status=OK, term=1, succeeded=true, lastLogIndex=1} from 3
21:52:18.076 [raft-server-raft-partition-6] TRACE i.a.p.raft.roles.LeaderAppender - RaftServer{raft-partition-6} - Sending AppendRequest{term=1, leader=1, prevLogIndex=1, prevLogTerm=1, entries=0, commitIndex=1} to 3
21:52:18.076 [raft-server-raft-partition-6] TRACE i.a.p.raft.roles.FollowerRole - RaftServer{raft-partition-6}{role=FOLLOWER} - Received AppendRequest{term=1, leader=1, prevLogIndex=1, prevLogTerm=1, entries=0, commitIndex=1}
21:52:18.077 [raft-server-raft-partition-6] TRACE i.a.p.raft.roles.FollowerRole - RaftServer{raft-partition-6}{role=FOLLOWER} - Sending AppendResponse{status=OK, term=1, succeeded=true, lastLogIndex=1}
21:52:18.077 [raft-server-raft-partition-6] TRACE i.a.p.raft.roles.FollowerRole - RaftServer{raft-partition-6}{role=FOLLOWER} - Received AppendRequest{term=1, leader=1, prevLogIndex=1, prevLogTerm=1, entries=0, commitIndex=1}
21:52:18.077 [raft-server-raft-partition-6] TRACE i.a.p.raft.roles.FollowerRole - RaftServer{raft-partition-6}{role=FOLLOWER} - Sending AppendResponse{status=OK, term=1, succeeded=true, lastLogIndex=1}
21:52:18.077 [raft-server-raft-partition-6] TRACE i.a.p.raft.roles.LeaderAppender - RaftServer{raft-partition-6} - Received AppendResponse{status=OK, term=1, succeeded=true, lastLogIndex=1} from 2
21:52:18.077 [raft-server-raft-partition-6] TRACE i.a.p.raft.roles.LeaderAppender - RaftServer{raft-partition-6} - Sending AppendRequest{term=1, leader=1, prevLogIndex=1, prevLogTerm=1, entries=0, commitIndex=1} to 2
21:52:18.077 [raft-server-raft-partition-6] TRACE i.a.p.raft.roles.LeaderAppender - RaftServer{raft-partition-6} - Received AppendResponse{status=OK, term=1, succeeded=true, lastLogIndex=1} from 3
21:52:18.077 [raft-server-raft-partition-6] TRACE i.a.p.raft.roles.LeaderAppender - RaftServer{raft-partition-6} - Sending AppendRequest{term=1, leader=1, prevLogIndex=1, prevLogTerm=1, entries=0, commitIndex=1} to 3
21:52:18.077 [raft-server-raft-partition-6] TRACE i.a.p.raft.roles.FollowerRole - RaftServer{raft-partition-6}{role=FOLLOWER} - Received AppendRequest{term=1, leader=1, prevLogIndex=1, prevLogTerm=1, entries=0, commitIndex=1}
21:52:18.077 [raft-server-raft-partition-6] TRACE i.a.p.raft.roles.FollowerRole - RaftServer{raft-partition-6}{role=FOLLOWER} - Sending AppendResponse{status=OK, term=1, succeeded=true, lastLogIndex=1}
21:52:18.077 [raft-server-raft-partition-6] TRACE i.a.p.raft.roles.FollowerRole - RaftServer{raft-partition-6}{role=FOLLOWER} - Received AppendRequest{term=1, leader=1, prevLogIndex=1, prevLogTerm=1, entries=0, commitIndex=1}
21:52:18.077 [raft-server-raft-partition-6] TRACE i.a.p.raft.roles.FollowerRole - RaftServer{raft-partition-6}{role=FOLLOWER} - Sending AppendResponse{status=OK, term=1, succeeded=true, lastLogIndex=1}
21:52:18.077 [raft-server-raft-partition-6] TRACE i.a.p.raft.roles.LeaderAppender - RaftServer{raft-partition-6} - Received AppendResponse{status=OK, term=1, succeeded=true, lastLogIndex=1} from 2
21:52:18.077 [raft-server-raft-partition-6] TRACE i.a.p.raft.roles.LeaderAppender - RaftServer{raft-partition-6} - Received AppendResponse{status=OK, term=1, succeeded=true, lastLogIndex=1} from 3
21:52:18.125 [raft-server-raft-partition-3] TRACE i.a.p.raft.roles.LeaderAppender - RaftServer{raft-partition-3} - Sending AppendRequest{term=3, leader=1, prevLogIndex=1, prevLogTerm=2, entries=0, commitIndex=1} to 2
21:52:18.125 [raft-server-raft-partition-3] TRACE i.a.p.raft.roles.LeaderAppender - RaftServer{raft-partition-3} - Sending AppendRequest{term=3, leader=1, prevLogIndex=1, prevLogTerm=2, entries=0, commitIndex=1} to 3
21:52:18.125 [raft-server-raft-partition-3] TRACE i.a.p.raft.roles.FollowerRole - RaftServer{raft-partition-3}{role=FOLLOWER} - Received AppendRequest{term=3, leader=1, prevLogIndex=1, prevLogTerm=2, entries=0, commitIndex=1}
21:52:18.125 [raft-server-raft-partition-3] TRACE i.a.p.raft.roles.FollowerRole - RaftServer{raft-partition-3}{role=FOLLOWER} - Sending AppendResponse{status=OK, term=3, succeeded=true, lastLogIndex=1}
21:52:18.125 [raft-server-raft-partition-3] TRACE i.a.p.raft.roles.FollowerRole - RaftServer{raft-partition-3}{role=FOLLOWER} - Received AppendRequest{term=3, leader=1, prevLogIndex=1, prevLogTerm=2, entries=0, commitIndex=1}
21:52:18.125 [raft-server-raft-partition-3] TRACE i.a.p.raft.roles.FollowerRole - RaftServer{raft-partition-3}{role=FOLLOWER} - Sending AppendResponse{status=OK, term=3, succeeded=true, lastLogIndex=1}
21:52:18.125 [raft-server-raft-partition-3] TRACE i.a.p.raft.roles.LeaderAppender - RaftServer{raft-partition-3} - Received AppendResponse{status=OK, term=3, succeeded=true, lastLogIndex=1} from 2
21:52:18.125 [raft-server-raft-partition-3] TRACE i.a.p.raft.roles.LeaderAppender - RaftServer{raft-partition-3} - Sending AppendRequest{term=3, leader=1, prevLogIndex=1, prevLogTerm=2, entries=0, commitIndex=1} to 2
21:52:18.125 [raft-server-raft-partition-3] TRACE i.a.p.raft.roles.LeaderAppender - RaftServer{raft-partition-3} - Received AppendResponse{status=OK, term=3, succeeded=true, lastLogIndex=1} from 3
21:52:18.125 [raft-server-raft-partition-3] TRACE i.a.p.raft.roles.LeaderAppender - RaftServer{raft-partition-3} - Sending AppendRequest{term=3, leader=1, prevLogIndex=1, prevLogTerm=2, entries=0, commitIndex=1} to 3
21:52:18.126 [raft-server-raft-partition-3] TRACE i.a.p.raft.roles.FollowerRole - RaftServer{raft-partition-3}{role=FOLLOWER} - Received AppendRequest{term=3, leader=1, prevLogIndex=1, prevLogTerm=2, entries=0, commitIndex=1}
21:52:18.126 [raft-server-raft-partition-3] TRACE i.a.p.raft.roles.FollowerRole - RaftServer{raft-partition-3}{role=FOLLOWER} - Received AppendRequest{term=3, leader=1, prevLogIndex=1, prevLogTerm=2, entries=0, commitIndex=1}
21:52:18.126 [raft-server-raft-partition-3] TRACE i.a.p.raft.roles.FollowerRole - RaftServer{raft-partition-3}{role=FOLLOWER} - Sending AppendResponse{status=OK, term=3, succeeded=true, lastLogIndex=1}
21:52:18.126 [raft-server-raft-partition-3] TRACE i.a.p.raft.roles.FollowerRole - RaftServer{raft-partition-3}{role=FOLLOWER} - Sending AppendResponse{status=OK, term=3, succeeded=true, lastLogIndex=1}
21:52:18.126 [raft-server-raft-partition-3] TRACE i.a.p.raft.roles.LeaderAppender - RaftServer{raft-partition-3} - Received AppendResponse{status=OK, term=3, succeeded=true, lastLogIndex=1} from 2
21:52:18.126 [raft-server-raft-partition-3] TRACE i.a.p.raft.roles.LeaderAppender - RaftServer{raft-partition-3} - Sending AppendRequest{term=3, leader=1, prevLogIndex=1, prevLogTerm=2, entries=0, commitIndex=1} to 2
21:52:18.126 [raft-server-raft-partition-3] TRACE i.a.p.raft.roles.LeaderAppender - RaftServer{raft-partition-3} - Received AppendResponse{status=OK, term=3, succeeded=true, lastLogIndex=1} from 3
21:52:18.126 [raft-server-raft-partition-3] TRACE i.a.p.raft.roles.LeaderAppender - RaftServer{raft-partition-3} - Sending AppendRequest{term=3, leader=1, prevLogIndex=1, prevLogTerm=2, entries=0, commitIndex=1} to 3
21:52:18.126 [raft-server-raft-partition-3] TRACE i.a.p.raft.roles.FollowerRole - RaftServer{raft-partition-3}{role=FOLLOWER} - Received AppendRequest{term=3, leader=1, prevLogIndex=1, prevLogTerm=2, entries=0, commitIndex=1}
21:52:18.126 [raft-server-raft-partition-3] TRACE i.a.p.raft.roles.FollowerRole - RaftServer{raft-partition-3}{role=FOLLOWER} - Sending AppendResponse{status=OK, term=3, succeeded=true, lastLogIndex=1}
21:52:18.126 [raft-server-raft-partition-3] TRACE i.a.p.raft.roles.FollowerRole - RaftServer{raft-partition-3}{role=FOLLOWER} - Received AppendRequest{term=3, leader=1, prevLogIndex=1, prevLogTerm=2, entries=0, commitIndex=1}
21:52:18.126 [raft-server-raft-partition-3] TRACE i.a.p.raft.roles.FollowerRole - RaftServer{raft-partition-3}{role=FOLLOWER} - Sending AppendResponse{status=OK, term=3, succeeded=true, lastLogIndex=1}
21:52:18.126 [raft-server-raft-partition-3] TRACE i.a.p.raft.roles.LeaderAppender - RaftServer{raft-partition-3} - Received AppendResponse{status=OK, term=3, succeeded=true, lastLogIndex=1} from 2
21:52:18.126 [raft-server-raft-partition-3] TRACE i.a.p.raft.roles.LeaderAppender - RaftServer{raft-partition-3} - Received AppendResponse{status=OK, term=3, succeeded=true, lastLogIndex=1} from 3
21:52:18.134 [raft-server-raft-partition-1] TRACE i.a.p.raft.roles.LeaderAppender - RaftServer{raft-partition-1} - Sending AppendRequest{term=1, leader=2, prevLogIndex=1, prevLogTerm=1, entries=0, commitIndex=1} to 3
21:52:18.135 [raft-server-raft-partition-1] TRACE i.a.p.raft.roles.FollowerRole - RaftServer{raft-partition-1}{role=FOLLOWER} - Received AppendRequest{term=1, leader=2, prevLogIndex=1, prevLogTerm=1, entries=0, commitIndex=1}
21:52:18.135 [raft-server-raft-partition-1] TRACE i.a.p.raft.roles.FollowerRole - RaftServer{raft-partition-1}{role=FOLLOWER} - Sending AppendResponse{status=OK, term=1, succeeded=true, lastLogIndex=1}
21:52:18.135 [raft-server-raft-partition-1] TRACE i.a.p.raft.roles.LeaderAppender - RaftServer{raft-partition-1} - Received AppendResponse{status=OK, term=1, succeeded=true, lastLogIndex=1} from 3
21:52:18.135 [raft-server-raft-partition-1] TRACE i.a.p.raft.roles.LeaderAppender - RaftServer{raft-partition-1} - Sending AppendRequest{term=1, leader=2, prevLogIndex=1, prevLogTerm=1, entries=0, commitIndex=1} to 3
21:52:18.135 [raft-server-raft-partition-1] TRACE i.a.p.raft.roles.FollowerRole - RaftServer{raft-partition-1}{role=FOLLOWER} - Received AppendRequest{term=1, leader=2, prevLogIndex=1, prevLogTerm=1, entries=0, commitIndex=1}
21:52:18.135 [raft-server-raft-partition-1] TRACE i.a.p.raft.roles.FollowerRole - RaftServer{raft-partition-1}{role=FOLLOWER} - Sending AppendResponse{status=OK, term=1, succeeded=true, lastLogIndex=1}
21:52:18.136 [raft-server-raft-partition-1] TRACE i.a.p.raft.roles.LeaderAppender - RaftServer{raft-partition-1} - Received AppendResponse{status=OK, term=1, succeeded=true, lastLogIndex=1} from 3
21:52:18.167 [raft-server-system-partition-1] TRACE i.a.p.raft.roles.LeaderAppender - RaftServer{system-partition-1} - Sending AppendRequest{term=1, leader=1, prevLogIndex=16, prevLogTerm=1, entries=0, commitIndex=16} to 2
21:52:18.167 [raft-server-system-partition-1] TRACE i.a.p.raft.roles.LeaderAppender - RaftServer{system-partition-1} - Sending AppendRequest{term=1, leader=1, prevLogIndex=16, prevLogTerm=1, entries=0, commitIndex=16} to 3
21:52:18.167 [raft-server-system-partition-1] TRACE i.a.p.raft.roles.FollowerRole - RaftServer{system-partition-1}{role=FOLLOWER} - Received AppendRequest{term=1, leader=1, prevLogIndex=16, prevLogTerm=1, entries=0, commitIndex=16}
21:52:18.168 [raft-server-system-partition-1] TRACE i.a.p.raft.roles.FollowerRole - RaftServer{system-partition-1}{role=FOLLOWER} - Sending AppendResponse{status=OK, term=1, succeeded=true, lastLogIndex=16}
21:52:18.168 [raft-server-system-partition-1] TRACE i.a.p.raft.roles.FollowerRole - RaftServer{system-partition-1}{role=FOLLOWER} - Received AppendRequest{term=1, leader=1, prevLogIndex=16, prevLogTerm=1, entries=0, commitIndex=16}
21:52:18.168 [raft-server-system-partition-1] TRACE i.a.p.raft.roles.FollowerRole - RaftServer{system-partition-1}{role=FOLLOWER} - Sending AppendResponse{status=OK, term=1, succeeded=true, lastLogIndex=16}
21:52:18.168 [raft-server-system-partition-1] TRACE i.a.p.raft.roles.LeaderAppender - RaftServer{system-partition-1} - Received AppendResponse{status=OK, term=1, succeeded=true, lastLogIndex=16} from 2
21:52:18.168 [raft-server-system-partition-1] TRACE i.a.p.raft.roles.LeaderAppender - RaftServer{system-partition-1} - Sending AppendRequest{term=1, leader=1, prevLogIndex=16, prevLogTerm=1, entries=0, commitIndex=16} to 2
21:52:18.168 [raft-server-system-partition-1] TRACE i.a.p.raft.roles.LeaderAppender - RaftServer{system-partition-1} - Received AppendResponse{status=OK, term=1, succeeded=true, lastLogIndex=16} from 3
21:52:18.168 [raft-server-system-partition-1] TRACE i.a.p.raft.roles.LeaderAppender - RaftServer{system-partition-1} - Sending AppendRequest{term=1, leader=1, prevLogIndex=16, prevLogTerm=1, entries=0, commitIndex=16} to 3
21:52:18.168 [raft-server-system-partition-1] TRACE i.a.p.raft.roles.FollowerRole - RaftServer{system-partition-1}{role=FOLLOWER} - Received AppendRequest{term=1, leader=1, prevLogIndex=16, prevLogTerm=1, entries=0, commitIndex=16}
21:52:18.168 [raft-server-system-partition-1] TRACE i.a.p.raft.roles.FollowerRole - RaftServer{system-partition-1}{role=FOLLOWER} - Sending AppendResponse{status=OK, term=1, succeeded=true, lastLogIndex=16}
21:52:18.168 [raft-server-system-partition-1] TRACE i.a.p.raft.roles.FollowerRole - RaftServer{system-partition-1}{role=FOLLOWER} - Received AppendRequest{term=1, leader=1, prevLogIndex=16, prevLogTerm=1, entries=0, commitIndex=16}
21:52:18.168 [raft-server-system-partition-1] TRACE i.a.p.raft.roles.FollowerRole - RaftServer{system-partition-1}{role=FOLLOWER} - Sending AppendResponse{status=OK, term=1, succeeded=true, lastLogIndex=16}
21:52:18.168 [raft-server-system-partition-1] TRACE i.a.p.raft.roles.LeaderAppender - RaftServer{system-partition-1} - Received AppendResponse{status=OK, term=1, succeeded=true, lastLogIndex=16} from 2
21:52:18.168 [raft-server-system-partition-1] TRACE i.a.p.raft.roles.LeaderAppender - RaftServer{system-partition-1} - Received AppendResponse{status=OK, term=1, succeeded=true, lastLogIndex=16} from 3
21:52:18.209 [raft-server-raft-partition-5] TRACE i.a.p.raft.roles.LeaderAppender - RaftServer{raft-partition-5} - Sending AppendRequest{term=1, leader=3, prevLogIndex=1, prevLogTerm=1, entries=0, commitIndex=1} to 1
21:52:18.209 [raft-server-raft-partition-5] TRACE i.a.p.raft.roles.LeaderAppender - RaftServer{raft-partition-5} - Sending AppendRequest{term=1, leader=3, prevLogIndex=1, prevLogTerm=1, entries=0, commitIndex=1} to 2
21:52:18.209 [raft-server-raft-partition-7] TRACE i.a.p.raft.roles.LeaderAppender - RaftServer{raft-partition-7} - Sending AppendRequest{term=1, leader=2, prevLogIndex=1, prevLogTerm=1, entries=0, commitIndex=1} to 1
21:52:18.209 [raft-server-raft-partition-5] TRACE i.a.p.raft.roles.FollowerRole - RaftServer{raft-partition-5}{role=FOLLOWER} - Received AppendRequest{term=1, leader=3, prevLogIndex=1, prevLogTerm=1, entries=0, commitIndex=1}
21:52:18.209 [raft-server-raft-partition-7] TRACE i.a.p.raft.roles.LeaderAppender - RaftServer{raft-partition-7} - Sending AppendRequest{term=1, leader=2, prevLogIndex=1, prevLogTerm=1, entries=0, commitIndex=1} to 3
21:52:18.209 [raft-server-raft-partition-5] TRACE i.a.p.raft.roles.FollowerRole - RaftServer{raft-partition-5}{role=FOLLOWER} - Sending AppendResponse{status=OK, term=1, succeeded=true, lastLogIndex=1}
21:52:18.209 [raft-server-raft-partition-5] TRACE i.a.p.raft.roles.FollowerRole - RaftServer{raft-partition-5}{role=FOLLOWER} - Received AppendRequest{term=1, leader=3, prevLogIndex=1, prevLogTerm=1, entries=0, commitIndex=1}
21:52:18.209 [raft-server-raft-partition-7] TRACE i.a.p.raft.roles.FollowerRole - RaftServer{raft-partition-7}{role=FOLLOWER} - Received AppendRequest{term=1, leader=2, prevLogIndex=1, prevLogTerm=1, entries=0, commitIndex=1}
21:52:18.209 [raft-server-raft-partition-5] TRACE i.a.p.raft.roles.FollowerRole - RaftServer{raft-partition-5}{role=FOLLOWER} - Sending AppendResponse{status=OK, term=1, succeeded=true, lastLogIndex=1}
21:52:18.209 [raft-server-raft-partition-5] TRACE i.a.p.raft.roles.LeaderAppender - RaftServer{raft-partition-5} - Received AppendResponse{status=OK, term=1, succeeded=true, lastLogIndex=1} from 2
21:52:18.209 [raft-server-raft-partition-7] TRACE i.a.p.raft.roles.FollowerRole - RaftServer{raft-partition-7}{role=FOLLOWER} - Sending AppendResponse{status=OK, term=1, succeeded=true, lastLogIndex=1}
21:52:18.209 [raft-server-raft-partition-7] TRACE i.a.p.raft.roles.FollowerRole - RaftServer{raft-partition-7}{role=FOLLOWER} - Received AppendRequest{term=1, leader=2, prevLogIndex=1, prevLogTerm=1, entries=0, commitIndex=1}
21:52:18.210 [raft-server-raft-partition-5] TRACE i.a.p.raft.roles.LeaderAppender - RaftServer{raft-partition-5} - Sending AppendRequest{term=1, leader=3, prevLogIndex=1, prevLogTerm=1, entries=0, commitIndex=1} to 2
21:52:18.210 [raft-server-raft-partition-7] TRACE i.a.p.raft.roles.FollowerRole - RaftServer{raft-partition-7}{role=FOLLOWER} - Sending AppendResponse{status=OK, term=1, succeeded=true, lastLogIndex=1}
21:52:18.210 [raft-server-raft-partition-7] TRACE i.a.p.raft.roles.LeaderAppender - RaftServer{raft-partition-7} - Received AppendResponse{status=OK, term=1, succeeded=true, lastLogIndex=1} from 1
21:52:18.210 [raft-server-raft-partition-5] TRACE i.a.p.raft.roles.LeaderAppender - RaftServer{raft-partition-5} - Received AppendResponse{status=OK, term=1, succeeded=true, lastLogIndex=1} from 1
21:52:18.210 [raft-server-raft-partition-7] TRACE i.a.p.raft.roles.LeaderAppender - RaftServer{raft-partition-7} - Sending AppendRequest{term=1, leader=2, prevLogIndex=1, prevLogTerm=1, entries=0, commitIndex=1} to 1
21:52:18.210 [raft-server-raft-partition-5] TRACE i.a.p.raft.roles.FollowerRole - RaftServer{raft-partition-5}{role=FOLLOWER} - Received AppendRequest{term=1, leader=3, prevLogIndex=1, prevLogTerm=1, entries=0, commitIndex=1}
21:52:18.210 [raft-server-raft-partition-5] TRACE i.a.p.raft.roles.LeaderAppender - RaftServer{raft-partition-5} - Sending AppendRequest{term=1, leader=3, prevLogIndex=1, prevLogTerm=1, entries=0, commitIndex=1} to 1
21:52:18.210 [raft-server-raft-partition-7] TRACE i.a.p.raft.roles.LeaderAppender - RaftServer{raft-partition-7} - Received AppendResponse{status=OK, term=1, succeeded=true, lastLogIndex=1} from 3
21:52:18.210 [raft-server-raft-partition-5] TRACE i.a.p.raft.roles.FollowerRole - RaftServer{raft-partition-5}{role=FOLLOWER} - Sending AppendResponse{status=OK, term=1, succeeded=true, lastLogIndex=1}
21:52:18.210 [raft-server-raft-partition-7] TRACE i.a.p.raft.roles.FollowerRole - RaftServer{raft-partition-7}{role=FOLLOWER} - Received AppendRequest{term=1, leader=2, prevLogIndex=1, prevLogTerm=1, entries=0, commitIndex=1}
21:52:18.210 [raft-server-raft-partition-7] TRACE i.a.p.raft.roles.LeaderAppender - RaftServer{raft-partition-7} - Sending AppendRequest{term=1, leader=2, prevLogIndex=1, prevLogTerm=1, entries=0, commitIndex=1} to 3
21:52:18.210 [raft-server-raft-partition-5] TRACE i.a.p.raft.roles.FollowerRole - RaftServer{raft-partition-5}{role=FOLLOWER} - Received AppendRequest{term=1, leader=3, prevLogIndex=1, prevLogTerm=1, entries=0, commitIndex=1}
21:52:18.210 [raft-server-raft-partition-7] TRACE i.a.p.raft.roles.FollowerRole - RaftServer{raft-partition-7}{role=FOLLOWER} - Sending AppendResponse{status=OK, term=1, succeeded=true, lastLogIndex=1}
21:52:18.210 [raft-server-raft-partition-5] TRACE i.a.p.raft.roles.FollowerRole - RaftServer{raft-partition-5}{role=FOLLOWER} - Sending AppendResponse{status=OK, term=1, succeeded=true, lastLogIndex=1}
21:52:18.210 [raft-server-raft-partition-5] TRACE i.a.p.raft.roles.LeaderAppender - RaftServer{raft-partition-5} - Received AppendResponse{status=OK, term=1, succeeded=true, lastLogIndex=1} from 2
21:52:18.210 [raft-server-raft-partition-7] TRACE i.a.p.raft.roles.FollowerRole - RaftServer{raft-partition-7}{role=FOLLOWER} - Received AppendRequest{term=1, leader=2, prevLogIndex=1, prevLogTerm=1, entries=0, commitIndex=1}
21:52:18.211 [raft-server-raft-partition-7] TRACE i.a.p.raft.roles.LeaderAppender - RaftServer{raft-partition-7} - Received AppendResponse{status=OK, term=1, succeeded=true, lastLogIndex=1} from 1
21:52:18.211 [raft-server-raft-partition-5] TRACE i.a.p.raft.roles.LeaderAppender - RaftServer{raft-partition-5} - Received AppendResponse{status=OK, term=1, succeeded=true, lastLogIndex=1} from 1
21:52:18.211 [raft-server-raft-partition-7] TRACE i.a.p.raft.roles.FollowerRole - RaftServer{raft-partition-7}{role=FOLLOWER} - Sending AppendResponse{status=OK, term=1, succeeded=true, lastLogIndex=1}
21:52:18.211 [raft-server-raft-partition-7] TRACE i.a.p.raft.roles.LeaderAppender - RaftServer{raft-partition-7} - Received AppendResponse{status=OK, term=1, succeeded=true, lastLogIndex=1} from 3
21:52:18.243 [raft-server-raft-partition-4] TRACE i.a.p.raft.roles.LeaderAppender - RaftServer{raft-partition-4} - Sending AppendRequest{term=1, leader=1, prevLogIndex=1, prevLogTerm=1, entries=0, commitIndex=1} to 2
21:52:18.243 [raft-server-raft-partition-4] TRACE i.a.p.raft.roles.LeaderAppender - RaftServer{raft-partition-4} - Sending AppendRequest{term=1, leader=1, prevLogIndex=1, prevLogTerm=1, entries=0, commitIndex=1} to 3
21:52:18.243 [raft-server-raft-partition-4] TRACE i.a.p.raft.roles.FollowerRole - RaftServer{raft-partition-4}{role=FOLLOWER} - Received AppendRequest{term=1, leader=1, prevLogIndex=1, prevLogTerm=1, entries=0, commitIndex=1}
21:52:18.243 [raft-server-raft-partition-4] TRACE i.a.p.raft.roles.FollowerRole - RaftServer{raft-partition-4}{role=FOLLOWER} - Received AppendRequest{term=1, leader=1, prevLogIndex=1, prevLogTerm=1, entries=0, commitIndex=1}
21:52:18.243 [raft-server-raft-partition-4] TRACE i.a.p.raft.roles.FollowerRole - RaftServer{raft-partition-4}{role=FOLLOWER} - Sending AppendResponse{status=OK, term=1, succeeded=true, lastLogIndex=1}
21:52:18.243 [raft-server-raft-partition-4] TRACE i.a.p.raft.roles.FollowerRole - RaftServer{raft-partition-4}{role=FOLLOWER} - Sending AppendResponse{status=OK, term=1, succeeded=true, lastLogIndex=1}
21:52:18.244 [raft-server-raft-partition-4] TRACE i.a.p.raft.roles.LeaderAppender - RaftServer{raft-partition-4} - Received AppendResponse{status=OK, term=1, succeeded=true, lastLogIndex=1} from 3
21:52:18.244 [raft-server-raft-partition-4] TRACE i.a.p.raft.roles.LeaderAppender - RaftServer{raft-partition-4} - Sending AppendRequest{term=1, leader=1, prevLogIndex=1, prevLogTerm=1, entries=0, commitIndex=1} to 3
21:52:18.244 [raft-server-raft-partition-4] TRACE i.a.p.raft.roles.LeaderAppender - RaftServer{raft-partition-4} - Received AppendResponse{status=OK, term=1, succeeded=true, lastLogIndex=1} from 2
21:52:18.244 [raft-server-raft-partition-4] TRACE i.a.p.raft.roles.LeaderAppender - RaftServer{raft-partition-4} - Sending AppendRequest{term=1, leader=1, prevLogIndex=1, prevLogTerm=1, entries=0, commitIndex=1} to 2
21:52:18.244 [raft-server-raft-partition-4] TRACE i.a.p.raft.roles.FollowerRole - RaftServer{raft-partition-4}{role=FOLLOWER} - Received AppendRequest{term=1, leader=1, prevLogIndex=1, prevLogTerm=1, entries=0, commitIndex=1}
21:52:18.244 [raft-server-raft-partition-4] TRACE i.a.p.raft.roles.FollowerRole - RaftServer{raft-partition-4}{role=FOLLOWER} - Received AppendRequest{term=1, leader=1, prevLogIndex=1, prevLogTerm=1, entries=0, commitIndex=1}
21:52:18.244 [raft-server-raft-partition-4] TRACE i.a.p.raft.roles.FollowerRole - RaftServer{raft-partition-4}{role=FOLLOWER} - Sending AppendResponse{status=OK, term=1, succeeded=true, lastLogIndex=1}
21:52:18.244 [raft-server-raft-partition-4] TRACE i.a.p.raft.roles.FollowerRole - RaftServer{raft-partition-4}{role=FOLLOWER} - Sending AppendResponse{status=OK, term=1, succeeded=true, lastLogIndex=1}
21:52:18.244 [raft-server-raft-partition-4] TRACE i.a.p.raft.roles.LeaderAppender - RaftServer{raft-partition-4} - Received AppendResponse{status=OK, term=1, succeeded=true, lastLogIndex=1} from 2
21:52:18.244 [raft-server-raft-partition-4] TRACE i.a.p.raft.roles.LeaderAppender - RaftServer{raft-partition-4} - Received AppendResponse{status=OK, term=1, succeeded=true, lastLogIndex=1} from 3
21:52:18.317 [raft-server-raft-partition-2] TRACE i.a.p.raft.roles.LeaderAppender - RaftServer{raft-partition-2} - Sending AppendRequest{term=1, leader=1, prevLogIndex=1, prevLogTerm=1, entries=0, commitIndex=1} to 2
21:52:18.318 [raft-server-raft-partition-2] TRACE i.a.p.raft.roles.LeaderAppender - RaftServer{raft-partition-2} - Sending AppendRequest{term=1, leader=1, prevLogIndex=1, prevLogTerm=1, entries=0, commitIndex=1} to 3
21:52:18.318 [raft-server-raft-partition-2] TRACE i.a.p.raft.roles.FollowerRole - RaftServer{raft-partition-2}{role=FOLLOWER} - Received AppendRequest{term=1, leader=1, prevLogIndex=1, prevLogTerm=1, entries=0, commitIndex=1}
21:52:18.318 [raft-server-raft-partition-2] TRACE i.a.p.raft.roles.FollowerRole - RaftServer{raft-partition-2}{role=FOLLOWER} - Received AppendRequest{term=1, leader=1, prevLogIndex=1, prevLogTerm=1, entries=0, commitIndex=1}
21:52:18.318 [raft-server-raft-partition-2] TRACE i.a.p.raft.roles.FollowerRole - RaftServer{raft-partition-2}{role=FOLLOWER} - Sending AppendResponse{status=OK, term=1, succeeded=true, lastLogIndex=1}
21:52:18.318 [raft-server-raft-partition-2] TRACE i.a.p.raft.roles.FollowerRole - RaftServer{raft-partition-2}{role=FOLLOWER} - Sending AppendResponse{status=OK, term=1, succeeded=true, lastLogIndex=1}
21:52:18.318 [raft-server-raft-partition-2] TRACE i.a.p.raft.roles.LeaderAppender - RaftServer{raft-partition-2} - Received AppendResponse{status=OK, term=1, succeeded=true, lastLogIndex=1} from 3
21:52:18.318 [raft-server-raft-partition-2] TRACE i.a.p.raft.roles.LeaderAppender - RaftServer{raft-partition-2} - Received AppendResponse{status=OK, term=1, succeeded=true, lastLogIndex=1} from 2
21:52:18.326 [raft-server-raft-partition-6] TRACE i.a.p.raft.roles.LeaderAppender - RaftServer{raft-partition-6} - Sending AppendRequest{term=1, leader=1, prevLogIndex=1, prevLogTerm=1, entries=0, commitIndex=1} to 2
21:52:18.326 [raft-server-raft-partition-6] TRACE i.a.p.raft.roles.LeaderAppender - RaftServer{raft-partition-6} - Sending AppendRequest{term=1, leader=1, prevLogIndex=1, prevLogTerm=1, entries=0, commitIndex=1} to 3
21:52:18.326 [raft-server-raft-partition-6] TRACE i.a.p.raft.roles.FollowerRole - RaftServer{raft-partition-6}{role=FOLLOWER} - Received AppendRequest{term=1, leader=1, prevLogIndex=1, prevLogTerm=1, entries=0, commitIndex=1}
21:52:18.326 [raft-server-raft-partition-6] TRACE i.a.p.raft.roles.FollowerRole - RaftServer{raft-partition-6}{role=FOLLOWER} - Received AppendRequest{term=1, leader=1, prevLogIndex=1, prevLogTerm=1, entries=0, commitIndex=1}
21:52:18.326 [raft-server-raft-partition-6] TRACE i.a.p.raft.roles.FollowerRole - RaftServer{raft-partition-6}{role=FOLLOWER} - Sending AppendResponse{status=OK, term=1, succeeded=true, lastLogIndex=1}
21:52:18.326 [raft-server-raft-partition-6] TRACE i.a.p.raft.roles.FollowerRole - RaftServer{raft-partition-6}{role=FOLLOWER} - Sending AppendResponse{status=OK, term=1, succeeded=true, lastLogIndex=1}
21:52:18.381 [raft-server-raft-partition-3] TRACE i.a.p.raft.roles.LeaderAppender - RaftServer{raft-partition-3} - Sending AppendRequest{term=3, leader=1, prevLogIndex=1, prevLogTerm=2, entries=0, commitIndex=1} to 2
21:52:18.381 [raft-server-raft-partition-3] TRACE i.a.p.raft.roles.LeaderAppender - RaftServer{raft-partition-3} - Sending AppendRequest{term=3, leader=1, prevLogIndex=1, prevLogTerm=2, entries=0, commitIndex=1} to 3
21:52:18.382 [raft-server-raft-partition-3] TRACE i.a.p.raft.roles.FollowerRole - RaftServer{raft-partition-3}{role=FOLLOWER} - Received AppendRequest{term=3, leader=1, prevLogIndex=1, prevLogTerm=2, entries=0, commitIndex=1}
21:52:18.382 [raft-server-raft-partition-3] TRACE i.a.p.raft.roles.FollowerRole - RaftServer{raft-partition-3}{role=FOLLOWER} - Received AppendRequest{term=3, leader=1, prevLogIndex=1, prevLogTerm=2, entries=0, commitIndex=1}
21:52:18.382 [raft-server-raft-partition-3] TRACE i.a.p.raft.roles.FollowerRole - RaftServer{raft-partition-3}{role=FOLLOWER} - Sending AppendResponse{status=OK, term=3, succeeded=true, lastLogIndex=1}
21:52:18.382 [raft-server-raft-partition-3] TRACE i.a.p.raft.roles.FollowerRole - RaftServer{raft-partition-3}{role=FOLLOWER} - Sending AppendResponse{status=OK, term=3, succeeded=true, lastLogIndex=1}
21:52:18.382 [raft-server-raft-partition-3] TRACE i.a.p.raft.roles.LeaderAppender - RaftServer{raft-partition-3} - Received AppendResponse{status=OK, term=3, succeeded=true, lastLogIndex=1} from 3
21:52:18.382 [raft-server-raft-partition-3] TRACE i.a.p.raft.roles.LeaderAppender - RaftServer{raft-partition-3} - Sending AppendRequest{term=3, leader=1, prevLogIndex=1, prevLogTerm=2, entries=0, commitIndex=1} to 3
21:52:18.382 [raft-server-raft-partition-3] TRACE i.a.p.raft.roles.LeaderAppender - RaftServer{raft-partition-3} - Received AppendResponse{status=OK, term=3, succeeded=true, lastLogIndex=1} from 2
21:52:18.382 [raft-server-raft-partition-3] TRACE i.a.p.raft.roles.LeaderAppender - RaftServer{raft-partition-3} - Sending AppendRequest{term=3, leader=1, prevLogIndex=1, prevLogTerm=2, entries=0, commitIndex=1} to 2
21:52:18.382 [raft-server-raft-partition-3] TRACE i.a.p.raft.roles.FollowerRole - RaftServer{raft-partition-3}{role=FOLLOWER} - Received AppendRequest{term=3, leader=1, prevLogIndex=1, prevLogTerm=2, entries=0, commitIndex=1}
21:52:18.382 [raft-server-raft-partition-3] TRACE i.a.p.raft.roles.FollowerRole - RaftServer{raft-partition-3}{role=FOLLOWER} - Sending AppendResponse{status=OK, term=3, succeeded=true, lastLogIndex=1}
21:52:18.382 [raft-server-raft-partition-3] TRACE i.a.p.raft.roles.FollowerRole - RaftServer{raft-partition-3}{role=FOLLOWER} - Received AppendRequest{term=3, leader=1, prevLogIndex=1, prevLogTerm=2, entries=0, commitIndex=1}
21:52:18.382 [raft-server-raft-partition-3] TRACE i.a.p.raft.roles.FollowerRole - RaftServer{raft-partition-3}{role=FOLLOWER} - Sending AppendResponse{status=OK, term=3, succeeded=true, lastLogIndex=1}
21:52:18.382 [raft-server-raft-partition-3] TRACE i.a.p.raft.roles.LeaderAppender - RaftServer{raft-partition-3} - Received AppendResponse{status=OK, term=3, succeeded=true, lastLogIndex=1} from 3
21:52:18.382 [raft-server-raft-partition-3] TRACE i.a.p.raft.roles.LeaderAppender - RaftServer{raft-partition-3} - Received AppendResponse{status=OK, term=3, succeeded=true, lastLogIndex=1} from 2
21:52:18.383 [raft-server-raft-partition-6] TRACE i.a.p.raft.roles.LeaderAppender - RaftServer{raft-partition-6} - Received AppendResponse{status=OK, term=1, succeeded=true, lastLogIndex=1} from 3
21:52:18.383 [raft-server-raft-partition-6] TRACE i.a.p.raft.roles.LeaderAppender - RaftServer{raft-partition-6} - Sending AppendRequest{term=1, leader=1, prevLogIndex=1, prevLogTerm=1, entries=0, commitIndex=1} to 3
21:52:18.383 [raft-server-raft-partition-6] TRACE i.a.p.raft.roles.LeaderAppender - RaftServer{raft-partition-6} - Received AppendResponse{status=OK, term=1, succeeded=true, lastLogIndex=1} from 2
21:52:18.383 [raft-server-raft-partition-6] TRACE i.a.p.raft.roles.LeaderAppender - RaftServer{raft-partition-6} - Sending AppendRequest{term=1, leader=1, prevLogIndex=1, prevLogTerm=1, entries=0, commitIndex=1} to 2
21:52:18.383 [raft-server-raft-partition-6] TRACE i.a.p.raft.roles.FollowerRole - RaftServer{raft-partition-6}{role=FOLLOWER} - Received AppendRequest{term=1, leader=1, prevLogIndex=1, prevLogTerm=1, entries=0, commitIndex=1}
21:52:18.383 [raft-server-raft-partition-6] TRACE i.a.p.raft.roles.FollowerRole - RaftServer{raft-partition-6}{role=FOLLOWER} - Sending AppendResponse{status=OK, term=1, succeeded=true, lastLogIndex=1}
21:52:18.384 [raft-server-raft-partition-6] TRACE i.a.p.raft.roles.FollowerRole - RaftServer{raft-partition-6}{role=FOLLOWER} - Received AppendRequest{term=1, leader=1, prevLogIndex=1, prevLogTerm=1, entries=0, commitIndex=1}
21:52:18.384 [raft-server-raft-partition-6] TRACE i.a.p.raft.roles.FollowerRole - RaftServer{raft-partition-6}{role=FOLLOWER} - Sending AppendResponse{status=OK, term=1, succeeded=true, lastLogIndex=1}
21:52:18.384 [raft-server-raft-partition-6] TRACE i.a.p.raft.roles.LeaderAppender - RaftServer{raft-partition-6} - Received AppendResponse{status=OK, term=1, succeeded=true, lastLogIndex=1} from 3
21:52:18.384 [raft-server-raft-partition-6] TRACE i.a.p.raft.roles.LeaderAppender - RaftServer{raft-partition-6} - Received AppendResponse{status=OK, term=1, succeeded=true, lastLogIndex=1} from 2
21:52:18.384 [raft-server-raft-partition-1] TRACE i.a.p.raft.roles.LeaderAppender - RaftServer{raft-partition-1} - Sending AppendRequest{term=1, leader=2, prevLogIndex=1, prevLogTerm=1, entries=0, commitIndex=1} to 3
21:52:18.385 [raft-server-raft-partition-1] TRACE i.a.p.raft.roles.FollowerRole - RaftServer{raft-partition-1}{role=FOLLOWER} - Received AppendRequest{term=1, leader=2, prevLogIndex=1, prevLogTerm=1, entries=0, commitIndex=1}
21:52:18.385 [raft-server-raft-partition-1] TRACE i.a.p.raft.roles.FollowerRole - RaftServer{raft-partition-1}{role=FOLLOWER} - Sending AppendResponse{status=OK, term=1, succeeded=true, lastLogIndex=1}
21:52:18.385 [raft-server-raft-partition-1] TRACE i.a.p.raft.roles.LeaderAppender - RaftServer{raft-partition-1} - Received AppendResponse{status=OK, term=1, succeeded=true, lastLogIndex=1} from 3
21:52:18.385 [raft-server-raft-partition-1] TRACE i.a.p.raft.roles.LeaderAppender - RaftServer{raft-partition-1} - Sending AppendRequest{term=1, leader=2, prevLogIndex=1, prevLogTerm=1, entries=0, commitIndex=1} to 3
21:52:18.385 [raft-server-raft-partition-1] TRACE i.a.p.raft.roles.FollowerRole - RaftServer{raft-partition-1}{role=FOLLOWER} - Received AppendRequest{term=1, leader=2, prevLogIndex=1, prevLogTerm=1, entries=0, commitIndex=1}
21:52:18.385 [raft-server-raft-partition-1] TRACE i.a.p.raft.roles.FollowerRole - RaftServer{raft-partition-1}{role=FOLLOWER} - Sending AppendResponse{status=OK, term=1, succeeded=true, lastLogIndex=1}
21:52:18.385 [raft-server-raft-partition-1] TRACE i.a.p.raft.roles.LeaderAppender - RaftServer{raft-partition-1} - Received AppendResponse{status=OK, term=1, succeeded=true, lastLogIndex=1} from 3
21:52:18.417 [raft-server-system-partition-1] TRACE i.a.p.raft.roles.LeaderAppender - RaftServer{system-partition-1} - Sending AppendRequest{term=1, leader=1, prevLogIndex=16, prevLogTerm=1, entries=0, commitIndex=16} to 2
21:52:18.417 [raft-server-system-partition-1] TRACE i.a.p.raft.roles.LeaderAppender - RaftServer{system-partition-1} - Sending AppendRequest{term=1, leader=1, prevLogIndex=16, prevLogTerm=1, entries=0, commitIndex=16} to 3
21:52:18.417 [raft-server-system-partition-1] TRACE i.a.p.raft.roles.FollowerRole - RaftServer{system-partition-1}{role=FOLLOWER} - Received AppendRequest{term=1, leader=1, prevLogIndex=16, prevLogTerm=1, entries=0, commitIndex=16}
21:52:18.418 [raft-server-system-partition-1] TRACE i.a.p.raft.roles.FollowerRole - RaftServer{system-partition-1}{role=FOLLOWER} - Sending AppendResponse{status=OK, term=1, succeeded=true, lastLogIndex=16}
21:52:18.418 [raft-server-system-partition-1] TRACE i.a.p.raft.roles.FollowerRole - RaftServer{system-partition-1}{role=FOLLOWER} - Received AppendRequest{term=1, leader=1, prevLogIndex=16, prevLogTerm=1, entries=0, commitIndex=16}
21:52:18.418 [raft-server-system-partition-1] TRACE i.a.p.raft.roles.LeaderAppender - RaftServer{system-partition-1} - Received AppendResponse{status=OK, term=1, succeeded=true, lastLogIndex=16} from 2
21:52:18.418 [raft-server-system-partition-1] TRACE i.a.p.raft.roles.FollowerRole - RaftServer{system-partition-1}{role=FOLLOWER} - Sending AppendResponse{status=OK, term=1, succeeded=true, lastLogIndex=16}
21:52:18.418 [raft-server-system-partition-1] TRACE i.a.p.raft.roles.LeaderAppender - RaftServer{system-partition-1} - Sending AppendRequest{term=1, leader=1, prevLogIndex=16, prevLogTerm=1, entries=0, commitIndex=16} to 2
21:52:18.418 [raft-server-system-partition-1] TRACE i.a.p.raft.roles.FollowerRole - RaftServer{system-partition-1}{role=FOLLOWER} - Received AppendRequest{term=1, leader=1, prevLogIndex=16, prevLogTerm=1, entries=0, commitIndex=16}
21:52:18.418 [raft-server-system-partition-1] TRACE i.a.p.raft.roles.LeaderAppender - RaftServer{system-partition-1} - Received AppendResponse{status=OK, term=1, succeeded=true, lastLogIndex=16} from 3
21:52:18.418 [raft-server-system-partition-1] TRACE i.a.p.raft.roles.FollowerRole - RaftServer{system-partition-1}{role=FOLLOWER} - Sending AppendResponse{status=OK, term=1, succeeded=true, lastLogIndex=16}
21:52:18.418 [raft-server-system-partition-1] TRACE i.a.p.raft.roles.LeaderAppender - RaftServer{system-partition-1} - Sending AppendRequest{term=1, leader=1, prevLogIndex=16, prevLogTerm=1, entries=0, commitIndex=16} to 3
21:52:18.418 [raft-server-system-partition-1] TRACE i.a.p.raft.roles.LeaderAppender - RaftServer{system-partition-1} - Received AppendResponse{status=OK, term=1, succeeded=true, lastLogIndex=16} from 2
21:52:18.418 [raft-server-system-partition-1] TRACE i.a.p.raft.roles.FollowerRole - RaftServer{system-partition-1}{role=FOLLOWER} - Received AppendRequest{term=1, leader=1, prevLogIndex=16, prevLogTerm=1, entries=0, commitIndex=16}
21:52:18.418 [raft-server-system-partition-1] TRACE i.a.p.raft.roles.FollowerRole - RaftServer{system-partition-1}{role=FOLLOWER} - Sending AppendResponse{status=OK, term=1, succeeded=true, lastLogIndex=16}
21:52:18.418 [raft-server-system-partition-1] TRACE i.a.p.raft.roles.LeaderAppender - RaftServer{system-partition-1} - Received AppendResponse{status=OK, term=1, succeeded=true, lastLogIndex=16} from 3
21:52:18.459 [raft-server-raft-partition-5] TRACE i.a.p.raft.roles.LeaderAppender - RaftServer{raft-partition-5} - Sending AppendRequest{term=1, leader=3, prevLogIndex=1, prevLogTerm=1, entries=0, commitIndex=1} to 1
21:52:18.459 [raft-server-raft-partition-5] TRACE i.a.p.raft.roles.LeaderAppender - RaftServer{raft-partition-5} - Sending AppendRequest{term=1, leader=3, prevLogIndex=1, prevLogTerm=1, entries=0, commitIndex=1} to 2
21:52:18.459 [raft-server-raft-partition-7] TRACE i.a.p.raft.roles.LeaderAppender - RaftServer{raft-partition-7} - Sending AppendRequest{term=1, leader=2, prevLogIndex=1, prevLogTerm=1, entries=0, commitIndex=1} to 1
21:52:18.459 [raft-server-raft-partition-5] TRACE i.a.p.raft.roles.FollowerRole - RaftServer{raft-partition-5}{role=FOLLOWER} - Received AppendRequest{term=1, leader=3, prevLogIndex=1, prevLogTerm=1, entries=0, commitIndex=1}
21:52:18.459 [raft-server-raft-partition-5] TRACE i.a.p.raft.roles.FollowerRole - RaftServer{raft-partition-5}{role=FOLLOWER} - Received AppendRequest{term=1, leader=3, prevLogIndex=1, prevLogTerm=1, entries=0, commitIndex=1}
21:52:18.459 [raft-server-raft-partition-7] TRACE i.a.p.raft.roles.LeaderAppender - RaftServer{raft-partition-7} - Sending AppendRequest{term=1, leader=2, prevLogIndex=1, prevLogTerm=1, entries=0, commitIndex=1} to 3
21:52:18.459 [raft-server-raft-partition-5] TRACE i.a.p.raft.roles.FollowerRole - RaftServer{raft-partition-5}{role=FOLLOWER} - Sending AppendResponse{status=OK, term=1, succeeded=true, lastLogIndex=1}
21:52:18.459 [raft-server-raft-partition-5] TRACE i.a.p.raft.roles.FollowerRole - RaftServer{raft-partition-5}{role=FOLLOWER} - Sending AppendResponse{status=OK, term=1, succeeded=true, lastLogIndex=1}
21:52:18.459 [raft-server-raft-partition-7] TRACE i.a.p.raft.roles.FollowerRole - RaftServer{raft-partition-7}{role=FOLLOWER} - Received AppendRequest{term=1, leader=2, prevLogIndex=1, prevLogTerm=1, entries=0, commitIndex=1}
21:52:18.459 [raft-server-raft-partition-7] TRACE i.a.p.raft.roles.FollowerRole - RaftServer{raft-partition-7}{role=FOLLOWER} - Received AppendRequest{term=1, leader=2, prevLogIndex=1, prevLogTerm=1, entries=0, commitIndex=1}
21:52:18.459 [raft-server-raft-partition-7] TRACE i.a.p.raft.roles.FollowerRole - RaftServer{raft-partition-7}{role=FOLLOWER} - Sending AppendResponse{status=OK, term=1, succeeded=true, lastLogIndex=1}
21:52:18.459 [raft-server-raft-partition-7] TRACE i.a.p.raft.roles.FollowerRole - RaftServer{raft-partition-7}{role=FOLLOWER} - Sending AppendResponse{status=OK, term=1, succeeded=true, lastLogIndex=1}
21:52:18.459 [raft-server-raft-partition-5] TRACE i.a.p.raft.roles.LeaderAppender - RaftServer{raft-partition-5} - Received AppendResponse{status=OK, term=1, succeeded=true, lastLogIndex=1} from 1
21:52:18.460 [raft-server-raft-partition-5] TRACE i.a.p.raft.roles.LeaderAppender - RaftServer{raft-partition-5} - Sending AppendRequest{term=1, leader=3, prevLogIndex=1, prevLogTerm=1, entries=0, commitIndex=1} to 1
21:52:18.460 [raft-server-raft-partition-7] TRACE i.a.p.raft.roles.LeaderAppender - RaftServer{raft-partition-7} - Received AppendResponse{status=OK, term=1, succeeded=true, lastLogIndex=1} from 1
21:52:18.460 [raft-server-raft-partition-5] TRACE i.a.p.raft.roles.LeaderAppender - RaftServer{raft-partition-5} - Received AppendResponse{status=OK, term=1, succeeded=true, lastLogIndex=1} from 2
21:52:18.460 [raft-server-raft-partition-7] TRACE i.a.p.raft.roles.LeaderAppender - RaftServer{raft-partition-7} - Sending AppendRequest{term=1, leader=2, prevLogIndex=1, prevLogTerm=1, entries=0, commitIndex=1} to 1
21:52:18.460 [raft-server-raft-partition-5] TRACE i.a.p.raft.roles.LeaderAppender - RaftServer{raft-partition-5} - Sending AppendRequest{term=1, leader=3, prevLogIndex=1, prevLogTerm=1, entries=0, commitIndex=1} to 2
21:52:18.460 [raft-server-raft-partition-7] TRACE i.a.p.raft.roles.LeaderAppender - RaftServer{raft-partition-7} - Received AppendResponse{status=OK, term=1, succeeded=true, lastLogIndex=1} from 3
21:52:18.460 [raft-server-raft-partition-7] TRACE i.a.p.raft.roles.LeaderAppender - RaftServer{raft-partition-7} - Sending AppendRequest{term=1, leader=2, prevLogIndex=1, prevLogTerm=1, entries=0, commitIndex=1} to 3
21:52:18.460 [raft-server-raft-partition-7] TRACE i.a.p.raft.roles.FollowerRole - RaftServer{raft-partition-7}{role=FOLLOWER} - Received AppendRequest{term=1, leader=2, prevLogIndex=1, prevLogTerm=1, entries=0, commitIndex=1}
21:52:18.460 [raft-server-raft-partition-7] TRACE i.a.p.raft.roles.FollowerRole - RaftServer{raft-partition-7}{role=FOLLOWER} - Sending AppendResponse{status=OK, term=1, succeeded=true, lastLogIndex=1}
21:52:18.460 [raft-server-raft-partition-5] TRACE i.a.p.raft.roles.FollowerRole - RaftServer{raft-partition-5}{role=FOLLOWER} - Received AppendRequest{term=1, leader=3, prevLogIndex=1, prevLogTerm=1, entries=0, commitIndex=1}
21:52:18.460 [raft-server-raft-partition-5] TRACE i.a.p.raft.roles.FollowerRole - RaftServer{raft-partition-5}{role=FOLLOWER} - Sending AppendResponse{status=OK, term=1, succeeded=true, lastLogIndex=1}
21:52:18.460 [raft-server-raft-partition-7] TRACE i.a.p.raft.roles.LeaderAppender - RaftServer{raft-partition-7} - Received AppendResponse{status=OK, term=1, succeeded=true, lastLogIndex=1} from 1
21:52:18.460 [raft-server-raft-partition-7] TRACE i.a.p.raft.roles.FollowerRole - RaftServer{raft-partition-7}{role=FOLLOWER} - Received AppendRequest{term=1, leader=2, prevLogIndex=1, prevLogTerm=1, entries=0, commitIndex=1}
21:52:18.460 [raft-server-raft-partition-7] TRACE i.a.p.raft.roles.FollowerRole - RaftServer{raft-partition-7}{role=FOLLOWER} - Sending AppendResponse{status=OK, term=1, succeeded=true, lastLogIndex=1}
21:52:18.460 [raft-server-raft-partition-5] TRACE i.a.p.raft.roles.FollowerRole - RaftServer{raft-partition-5}{role=FOLLOWER} - Received AppendRequest{term=1, leader=3, prevLogIndex=1, prevLogTerm=1, entries=0, commitIndex=1}
21:52:18.460 [raft-server-raft-partition-5] TRACE i.a.p.raft.roles.FollowerRole - RaftServer{raft-partition-5}{role=FOLLOWER} - Sending AppendResponse{status=OK, term=1, succeeded=true, lastLogIndex=1}
21:52:18.460 [raft-server-raft-partition-5] TRACE i.a.p.raft.roles.LeaderAppender - RaftServer{raft-partition-5} - Received AppendResponse{status=OK, term=1, succeeded=true, lastLogIndex=1} from 1
21:52:18.460 [raft-server-raft-partition-7] TRACE i.a.p.raft.roles.LeaderAppender - RaftServer{raft-partition-7} - Received AppendResponse{status=OK, term=1, succeeded=true, lastLogIndex=1} from 3
21:52:18.460 [raft-server-raft-partition-5] TRACE i.a.p.raft.roles.LeaderAppender - RaftServer{raft-partition-5} - Received AppendResponse{status=OK, term=1, succeeded=true, lastLogIndex=1} from 2
21:52:18.493 [raft-server-raft-partition-4] TRACE i.a.p.raft.roles.LeaderAppender - RaftServer{raft-partition-4} - Sending AppendRequest{term=1, leader=1, prevLogIndex=1, prevLogTerm=1, entries=0, commitIndex=1} to 2
21:52:18.493 [raft-server-raft-partition-4] TRACE i.a.p.raft.roles.LeaderAppender - RaftServer{raft-partition-4} - Sending AppendRequest{term=1, leader=1, prevLogIndex=1, prevLogTerm=1, entries=0, commitIndex=1} to 3
21:52:18.493 [raft-server-raft-partition-4] TRACE i.a.p.raft.roles.FollowerRole - RaftServer{raft-partition-4}{role=FOLLOWER} - Received AppendRequest{term=1, leader=1, prevLogIndex=1, prevLogTerm=1, entries=0, commitIndex=1}
21:52:18.493 [raft-server-raft-partition-4] TRACE i.a.p.raft.roles.FollowerRole - RaftServer{raft-partition-4}{role=FOLLOWER} - Sending AppendResponse{status=OK, term=1, succeeded=true, lastLogIndex=1}
21:52:18.493 [raft-server-raft-partition-4] TRACE i.a.p.raft.roles.FollowerRole - RaftServer{raft-partition-4}{role=FOLLOWER} - Received AppendRequest{term=1, leader=1, prevLogIndex=1, prevLogTerm=1, entries=0, commitIndex=1}
21:52:18.493 [raft-server-raft-partition-4] TRACE i.a.p.raft.roles.FollowerRole - RaftServer{raft-partition-4}{role=FOLLOWER} - Sending AppendResponse{status=OK, term=1, succeeded=true, lastLogIndex=1}
21:52:18.493 [raft-server-raft-partition-4] TRACE i.a.p.raft.roles.LeaderAppender - RaftServer{raft-partition-4} - Received AppendResponse{status=OK, term=1, succeeded=true, lastLogIndex=1} from 2
21:52:18.494 [raft-server-raft-partition-4] TRACE i.a.p.raft.roles.LeaderAppender - RaftServer{raft-partition-4} - Sending AppendRequest{term=1, leader=1, prevLogIndex=1, prevLogTerm=1, entries=0, commitIndex=1} to 2
21:52:18.494 [raft-server-raft-partition-4] TRACE i.a.p.raft.roles.LeaderAppender - RaftServer{raft-partition-4} - Received AppendResponse{status=OK, term=1, succeeded=true, lastLogIndex=1} from 3
21:52:18.494 [raft-server-raft-partition-4] TRACE i.a.p.raft.roles.LeaderAppender - RaftServer{raft-partition-4} - Sending AppendRequest{term=1, leader=1, prevLogIndex=1, prevLogTerm=1, entries=0, commitIndex=1} to 3
21:52:18.494 [raft-server-raft-partition-4] TRACE i.a.p.raft.roles.FollowerRole - RaftServer{raft-partition-4}{role=FOLLOWER} - Received AppendRequest{term=1, leader=1, prevLogIndex=1, prevLogTerm=1, entries=0, commitIndex=1}
21:52:18.494 [raft-server-raft-partition-4] TRACE i.a.p.raft.roles.FollowerRole - RaftServer{raft-partition-4}{role=FOLLOWER} - Sending AppendResponse{status=OK, term=1, succeeded=true, lastLogIndex=1}
21:52:18.494 [raft-server-raft-partition-4] TRACE i.a.p.raft.roles.FollowerRole - RaftServer{raft-partition-4}{role=FOLLOWER} - Received AppendRequest{term=1, leader=1, prevLogIndex=1, prevLogTerm=1, entries=0, commitIndex=1}
21:52:18.494 [raft-server-raft-partition-4] TRACE i.a.p.raft.roles.LeaderAppender - RaftServer{raft-partition-4} - Received AppendResponse{status=OK, term=1, succeeded=true, lastLogIndex=1} from 2
21:52:18.494 [raft-server-raft-partition-4] TRACE i.a.p.raft.roles.FollowerRole - RaftServer{raft-partition-4}{role=FOLLOWER} - Sending AppendResponse{status=OK, term=1, succeeded=true, lastLogIndex=1}
21:52:18.494 [raft-server-raft-partition-4] TRACE i.a.p.raft.roles.LeaderAppender - RaftServer{raft-partition-4} - Received AppendResponse{status=OK, term=1, succeeded=true, lastLogIndex=1} from 3
21:52:18.567 [raft-server-raft-partition-2] TRACE i.a.p.raft.roles.LeaderAppender - RaftServer{raft-partition-2} - Sending AppendRequest{term=1, leader=1, prevLogIndex=1, prevLogTerm=1, entries=0, commitIndex=1} to 2
21:52:18.568 [raft-server-raft-partition-2] TRACE i.a.p.raft.roles.LeaderAppender - RaftServer{raft-partition-2} - Sending AppendRequest{term=1, leader=1, prevLogIndex=1, prevLogTerm=1, entries=0, commitIndex=1} to 3
21:52:18.568 [raft-server-raft-partition-2] TRACE i.a.p.raft.roles.FollowerRole - RaftServer{raft-partition-2}{role=FOLLOWER} - Received AppendRequest{term=1, leader=1, prevLogIndex=1, prevLogTerm=1, entries=0, commitIndex=1}
21:52:18.568 [raft-server-raft-partition-2] TRACE i.a.p.raft.roles.FollowerRole - RaftServer{raft-partition-2}{role=FOLLOWER} - Received AppendRequest{term=1, leader=1, prevLogIndex=1, prevLogTerm=1, entries=0, commitIndex=1}
21:52:18.568 [raft-server-raft-partition-2] TRACE i.a.p.raft.roles.FollowerRole - RaftServer{raft-partition-2}{role=FOLLOWER} - Sending AppendResponse{status=OK, term=1, succeeded=true, lastLogIndex=1}
21:52:18.568 [raft-server-raft-partition-2] TRACE i.a.p.raft.roles.FollowerRole - RaftServer{raft-partition-2}{role=FOLLOWER} - Sending AppendResponse{status=OK, term=1, succeeded=true, lastLogIndex=1}
21:52:18.568 [raft-server-raft-partition-2] TRACE i.a.p.raft.roles.LeaderAppender - RaftServer{raft-partition-2} - Received AppendResponse{status=OK, term=1, succeeded=true, lastLogIndex=1} from 3
21:52:18.568 [raft-server-raft-partition-2] TRACE i.a.p.raft.roles.LeaderAppender - RaftServer{raft-partition-2} - Received AppendResponse{status=OK, term=1, succeeded=true, lastLogIndex=1} from 2
21:52:18.576 [raft-server-raft-partition-6] TRACE i.a.p.raft.roles.LeaderAppender - RaftServer{raft-partition-6} - Sending AppendRequest{term=1, leader=1, prevLogIndex=1, prevLogTerm=1, entries=0, commitIndex=1} to 2
21:52:18.576 [raft-server-raft-partition-6] TRACE i.a.p.raft.roles.LeaderAppender - RaftServer{raft-partition-6} - Sending AppendRequest{term=1, leader=1, prevLogIndex=1, prevLogTerm=1, entries=0, commitIndex=1} to 3
21:52:18.576 [raft-server-raft-partition-6] TRACE i.a.p.raft.roles.FollowerRole - RaftServer{raft-partition-6}{role=FOLLOWER} - Received AppendRequest{term=1, leader=1, prevLogIndex=1, prevLogTerm=1, entries=0, commitIndex=1}
21:52:18.576 [raft-server-raft-partition-6] TRACE i.a.p.raft.roles.FollowerRole - RaftServer{raft-partition-6}{role=FOLLOWER} - Received AppendRequest{term=1, leader=1, prevLogIndex=1, prevLogTerm=1, entries=0, commitIndex=1}
21:52:18.576 [raft-server-raft-partition-6] TRACE i.a.p.raft.roles.FollowerRole - RaftServer{raft-partition-6}{role=FOLLOWER} - Sending AppendResponse{status=OK, term=1, succeeded=true, lastLogIndex=1}
21:52:18.576 [raft-server-raft-partition-6] TRACE i.a.p.raft.roles.FollowerRole - RaftServer{raft-partition-6}{role=FOLLOWER} - Sending AppendResponse{status=OK, term=1, succeeded=true, lastLogIndex=1}
21:52:18.576 [raft-server-raft-partition-6] TRACE i.a.p.raft.roles.LeaderAppender - RaftServer{raft-partition-6} - Received AppendResponse{status=OK, term=1, succeeded=true, lastLogIndex=1} from 2
21:52:18.576 [raft-server-raft-partition-6] TRACE i.a.p.raft.roles.LeaderAppender - RaftServer{raft-partition-6} - Sending AppendRequest{term=1, leader=1, prevLogIndex=1, prevLogTerm=1, entries=0, commitIndex=1} to 2
21:52:18.576 [raft-server-raft-partition-6] TRACE i.a.p.raft.roles.LeaderAppender - RaftServer{raft-partition-6} - Received AppendResponse{status=OK, term=1, succeeded=true, lastLogIndex=1} from 3
21:52:18.576 [raft-server-raft-partition-6] TRACE i.a.p.raft.roles.LeaderAppender - RaftServer{raft-partition-6} - Sending AppendRequest{term=1, leader=1, prevLogIndex=1, prevLogTerm=1, entries=0, commitIndex=1} to 3
21:52:18.576 [raft-server-raft-partition-6] TRACE i.a.p.raft.roles.FollowerRole - RaftServer{raft-partition-6}{role=FOLLOWER} - Received AppendRequest{term=1, leader=1, prevLogIndex=1, prevLogTerm=1, entries=0, commitIndex=1}
21:52:18.576 [raft-server-raft-partition-6] TRACE i.a.p.raft.roles.FollowerRole - RaftServer{raft-partition-6}{role=FOLLOWER} - Sending AppendResponse{status=OK, term=1, succeeded=true, lastLogIndex=1}
21:52:18.576 [raft-server-raft-partition-6] TRACE i.a.p.raft.roles.LeaderAppender - RaftServer{raft-partition-6} - Received AppendResponse{status=OK, term=1, succeeded=true, lastLogIndex=1} from 2
21:52:18.576 [raft-server-raft-partition-6] TRACE i.a.p.raft.roles.FollowerRole - RaftServer{raft-partition-6}{role=FOLLOWER} - Received AppendRequest{term=1, leader=1, prevLogIndex=1, prevLogTerm=1, entries=0, commitIndex=1}
21:52:18.576 [raft-server-raft-partition-6] TRACE i.a.p.raft.roles.LeaderAppender - RaftServer{raft-partition-6} - Sending AppendRequest{term=1, leader=1, prevLogIndex=1, prevLogTerm=1, entries=0, commitIndex=1} to 2
21:52:18.576 [raft-server-raft-partition-6] TRACE i.a.p.raft.roles.FollowerRole - RaftServer{raft-partition-6}{role=FOLLOWER} - Sending AppendResponse{status=OK, term=1, succeeded=true, lastLogIndex=1}
21:52:18.577 [raft-server-raft-partition-6] TRACE i.a.p.raft.roles.FollowerRole - RaftServer{raft-partition-6}{role=FOLLOWER} - Received AppendRequest{term=1, leader=1, prevLogIndex=1, prevLogTerm=1, entries=0, commitIndex=1}
21:52:18.577 [raft-server-raft-partition-6] TRACE i.a.p.raft.roles.FollowerRole - RaftServer{raft-partition-6}{role=FOLLOWER} - Sending AppendResponse{status=OK, term=1, succeeded=true, lastLogIndex=1}
21:52:18.577 [raft-server-raft-partition-6] TRACE i.a.p.raft.roles.LeaderAppender - RaftServer{raft-partition-6} - Received AppendResponse{status=OK, term=1, succeeded=true, lastLogIndex=1} from 3
21:52:18.577 [raft-server-raft-partition-6] TRACE i.a.p.raft.roles.LeaderAppender - RaftServer{raft-partition-6} - Sending AppendRequest{term=1, leader=1, prevLogIndex=1, prevLogTerm=1, entries=0, commitIndex=1} to 3
21:52:18.577 [raft-server-raft-partition-6] TRACE i.a.p.raft.roles.LeaderAppender - RaftServer{raft-partition-6} - Received AppendResponse{status=OK, term=1, succeeded=true, lastLogIndex=1} from 2
21:52:18.577 [raft-server-raft-partition-6] TRACE i.a.p.raft.roles.LeaderAppender - RaftServer{raft-partition-6} - Sending AppendRequest{term=1, leader=1, prevLogIndex=1, prevLogTerm=1, entries=0, commitIndex=1} to 2
21:52:18.577 [raft-server-raft-partition-6] TRACE i.a.p.raft.roles.FollowerRole - RaftServer{raft-partition-6}{role=FOLLOWER} - Received AppendRequest{term=1, leader=1, prevLogIndex=1, prevLogTerm=1, entries=0, commitIndex=1}
21:52:18.577 [raft-server-raft-partition-6] TRACE i.a.p.raft.roles.FollowerRole - RaftServer{raft-partition-6}{role=FOLLOWER} - Sending AppendResponse{status=OK, term=1, succeeded=true, lastLogIndex=1}
21:52:18.577 [raft-server-raft-partition-6] TRACE i.a.p.raft.roles.FollowerRole - RaftServer{raft-partition-6}{role=FOLLOWER} - Received AppendRequest{term=1, leader=1, prevLogIndex=1, prevLogTerm=1, entries=0, commitIndex=1}
21:52:18.577 [raft-server-raft-partition-6] TRACE i.a.p.raft.roles.FollowerRole - RaftServer{raft-partition-6}{role=FOLLOWER} - Sending AppendResponse{status=OK, term=1, succeeded=true, lastLogIndex=1}
21:52:18.577 [raft-server-raft-partition-6] TRACE i.a.p.raft.roles.LeaderAppender - RaftServer{raft-partition-6} - Received AppendResponse{status=OK, term=1, succeeded=true, lastLogIndex=1} from 3
21:52:18.577 [raft-server-raft-partition-6] TRACE i.a.p.raft.roles.LeaderAppender - RaftServer{raft-partition-6} - Received AppendResponse{status=OK, term=1, succeeded=true, lastLogIndex=1} from 2
21:52:18.625 [raft-server-raft-partition-3] TRACE i.a.p.raft.roles.LeaderAppender - RaftServer{raft-partition-3} - Sending AppendRequest{term=3, leader=1, prevLogIndex=1, prevLogTerm=2, entries=0, commitIndex=1} to 2
21:52:18.625 [raft-server-raft-partition-3] TRACE i.a.p.raft.roles.LeaderAppender - RaftServer{raft-partition-3} - Sending AppendRequest{term=3, leader=1, prevLogIndex=1, prevLogTerm=2, entries=0, commitIndex=1} to 3
21:52:18.625 [raft-server-raft-partition-3] TRACE i.a.p.raft.roles.FollowerRole - RaftServer{raft-partition-3}{role=FOLLOWER} - Received AppendRequest{term=3, leader=1, prevLogIndex=1, prevLogTerm=2, entries=0, commitIndex=1}
21:52:18.625 [raft-server-raft-partition-3] TRACE i.a.p.raft.roles.FollowerRole - RaftServer{raft-partition-3}{role=FOLLOWER} - Sending AppendResponse{status=OK, term=3, succeeded=true, lastLogIndex=1}
21:52:18.625 [raft-server-raft-partition-3] TRACE i.a.p.raft.roles.FollowerRole - RaftServer{raft-partition-3}{role=FOLLOWER} - Received AppendRequest{term=3, leader=1, prevLogIndex=1, prevLogTerm=2, entries=0, commitIndex=1}
21:52:18.625 [raft-server-raft-partition-3] TRACE i.a.p.raft.roles.FollowerRole - RaftServer{raft-partition-3}{role=FOLLOWER} - Sending AppendResponse{status=OK, term=3, succeeded=true, lastLogIndex=1}
21:52:18.625 [raft-server-raft-partition-3] TRACE i.a.p.raft.roles.LeaderAppender - RaftServer{raft-partition-3} - Received AppendResponse{status=OK, term=3, succeeded=true, lastLogIndex=1} from 3
21:52:18.625 [raft-server-raft-partition-3] TRACE i.a.p.raft.roles.LeaderAppender - RaftServer{raft-partition-3} - Sending AppendRequest{term=3, leader=1, prevLogIndex=1, prevLogTerm=2, entries=0, commitIndex=1} to 3
21:52:18.625 [raft-server-raft-partition-3] TRACE i.a.p.raft.roles.LeaderAppender - RaftServer{raft-partition-3} - Received AppendResponse{status=OK, term=3, succeeded=true, lastLogIndex=1} from 2
21:52:18.625 [raft-server-raft-partition-3] TRACE i.a.p.raft.roles.LeaderAppender - RaftServer{raft-partition-3} - Sending AppendRequest{term=3, leader=1, prevLogIndex=1, prevLogTerm=2, entries=0, commitIndex=1} to 2
21:52:18.625 [raft-server-raft-partition-3] TRACE i.a.p.raft.roles.FollowerRole - RaftServer{raft-partition-3}{role=FOLLOWER} - Received AppendRequest{term=3, leader=1, prevLogIndex=1, prevLogTerm=2, entries=0, commitIndex=1}
21:52:18.625 [raft-server-raft-partition-3] TRACE i.a.p.raft.roles.FollowerRole - RaftServer{raft-partition-3}{role=FOLLOWER} - Sending AppendResponse{status=OK, term=3, succeeded=true, lastLogIndex=1}
21:52:18.625 [raft-server-raft-partition-3] TRACE i.a.p.raft.roles.FollowerRole - RaftServer{raft-partition-3}{role=FOLLOWER} - Received AppendRequest{term=3, leader=1, prevLogIndex=1, prevLogTerm=2, entries=0, commitIndex=1}
21:52:18.625 [raft-server-raft-partition-3] TRACE i.a.p.raft.roles.FollowerRole - RaftServer{raft-partition-3}{role=FOLLOWER} - Sending AppendResponse{status=OK, term=3, succeeded=true, lastLogIndex=1}
21:52:18.625 [raft-server-raft-partition-3] TRACE i.a.p.raft.roles.LeaderAppender - RaftServer{raft-partition-3} - Received AppendResponse{status=OK, term=3, succeeded=true, lastLogIndex=1} from 3
21:52:18.626 [raft-server-raft-partition-3] TRACE i.a.p.raft.roles.LeaderAppender - RaftServer{raft-partition-3} - Sending AppendRequest{term=3, leader=1, prevLogIndex=1, prevLogTerm=2, entries=0, commitIndex=1} to 3
21:52:18.626 [raft-server-raft-partition-3] TRACE i.a.p.raft.roles.LeaderAppender - RaftServer{raft-partition-3} - Received AppendResponse{status=OK, term=3, succeeded=true, lastLogIndex=1} from 2
21:52:18.626 [raft-server-raft-partition-3] TRACE i.a.p.raft.roles.LeaderAppender - RaftServer{raft-partition-3} - Sending AppendRequest{term=3, leader=1, prevLogIndex=1, prevLogTerm=2, entries=0, commitIndex=1} to 2
21:52:18.626 [raft-server-raft-partition-3] TRACE i.a.p.raft.roles.FollowerRole - RaftServer{raft-partition-3}{role=FOLLOWER} - Received AppendRequest{term=3, leader=1, prevLogIndex=1, prevLogTerm=2, entries=0, commitIndex=1}
21:52:18.626 [raft-server-raft-partition-3] TRACE i.a.p.raft.roles.FollowerRole - RaftServer{raft-partition-3}{role=FOLLOWER} - Sending AppendResponse{status=OK, term=3, succeeded=true, lastLogIndex=1}
21:52:18.626 [raft-server-raft-partition-3] TRACE i.a.p.raft.roles.FollowerRole - RaftServer{raft-partition-3}{role=FOLLOWER} - Received AppendRequest{term=3, leader=1, prevLogIndex=1, prevLogTerm=2, entries=0, commitIndex=1}
21:52:18.626 [raft-server-raft-partition-3] TRACE i.a.p.raft.roles.FollowerRole - RaftServer{raft-partition-3}{role=FOLLOWER} - Sending AppendResponse{status=OK, term=3, succeeded=true, lastLogIndex=1}
21:52:18.626 [raft-server-raft-partition-3] TRACE i.a.p.raft.roles.LeaderAppender - RaftServer{raft-partition-3} - Received AppendResponse{status=OK, term=3, succeeded=true, lastLogIndex=1} from 3
21:52:18.626 [raft-server-raft-partition-3] TRACE i.a.p.raft.roles.LeaderAppender - RaftServer{raft-partition-3} - Received AppendResponse{status=OK, term=3, succeeded=true, lastLogIndex=1} from 2
21:52:18.634 [raft-server-raft-partition-1] TRACE i.a.p.raft.roles.LeaderAppender - RaftServer{raft-partition-1} - Sending AppendRequest{term=1, leader=2, prevLogIndex=1, prevLogTerm=1, entries=0, commitIndex=1} to 3
21:52:18.635 [raft-server-raft-partition-1] TRACE i.a.p.raft.roles.FollowerRole - RaftServer{raft-partition-1}{role=FOLLOWER} - Received AppendRequest{term=1, leader=2, prevLogIndex=1, prevLogTerm=1, entries=0, commitIndex=1}
21:52:18.635 [raft-server-raft-partition-1] TRACE i.a.p.raft.roles.FollowerRole - RaftServer{raft-partition-1}{role=FOLLOWER} - Sending AppendResponse{status=OK, term=1, succeeded=true, lastLogIndex=1}
21:52:18.635 [raft-server-raft-partition-1] TRACE i.a.p.raft.roles.LeaderAppender - RaftServer{raft-partition-1} - Received AppendResponse{status=OK, term=1, succeeded=true, lastLogIndex=1} from 3
21:52:18.635 [raft-server-raft-partition-1] TRACE i.a.p.raft.roles.LeaderAppender - RaftServer{raft-partition-1} - Sending AppendRequest{term=1, leader=2, prevLogIndex=1, prevLogTerm=1, entries=0, commitIndex=1} to 3
21:52:18.635 [raft-server-raft-partition-1] TRACE i.a.p.raft.roles.FollowerRole - RaftServer{raft-partition-1}{role=FOLLOWER} - Received AppendRequest{term=1, leader=2, prevLogIndex=1, prevLogTerm=1, entries=0, commitIndex=1}
21:52:18.635 [raft-server-raft-partition-1] TRACE i.a.p.raft.roles.FollowerRole - RaftServer{raft-partition-1}{role=FOLLOWER} - Sending AppendResponse{status=OK, term=1, succeeded=true, lastLogIndex=1}
21:52:18.635 [raft-server-raft-partition-1] TRACE i.a.p.raft.roles.LeaderAppender - RaftServer{raft-partition-1} - Received AppendResponse{status=OK, term=1, succeeded=true, lastLogIndex=1} from 3
21:52:18.640 [raft-server-raft-partition-1] TRACE i.a.p.raft.storage.system.MetaStore - Store vote null
21:52:18.665 [raft-server-raft-partition-1] DEBUG i.a.p.raft.roles.FollowerRole - RaftServer{raft-partition-1}{role=FOLLOWER} - Heartbeat timed out in PT3.725S
21:52:18.665 [raft-server-raft-partition-1] DEBUG i.a.p.raft.roles.FollowerRole - RaftServer{raft-partition-1}{role=FOLLOWER} - Polling members [DefaultRaftMember{id=2, type=ACTIVE, updated=2018-06-10T19:52:01.245Z}, DefaultRaftMember{id=3, type=ACTIVE, updated=2018-06-10T19:52:01.245Z}]
21:52:18.665 [raft-server-raft-partition-1] DEBUG i.a.p.raft.roles.FollowerRole - RaftServer{raft-partition-1}{role=FOLLOWER} - Polling DefaultRaftMember{id=2, type=ACTIVE, updated=2018-06-10T19:52:01.245Z} for next term 2
21:52:18.665 [raft-server-raft-partition-1] DEBUG i.a.p.raft.roles.FollowerRole - RaftServer{raft-partition-1}{role=FOLLOWER} - Polling DefaultRaftMember{id=3, type=ACTIVE, updated=2018-06-10T19:52:01.245Z} for next term 2
21:52:18.666 [raft-server-raft-partition-1] TRACE i.a.protocols.raft.roles.LeaderRole - RaftServer{raft-partition-1}{role=LEADER} - Received PollRequest{term=1, candidate=1, lastLogIndex=0, lastLogTerm=0}
21:52:18.666 [raft-server-raft-partition-1] TRACE i.a.protocols.raft.roles.LeaderRole - RaftServer{raft-partition-1}{role=LEADER} - Sending PollResponse{status=OK, term=1, accepted=false}
21:52:18.666 [raft-server-raft-partition-1] TRACE i.a.p.raft.roles.FollowerRole - RaftServer{raft-partition-1}{role=FOLLOWER} - Received PollRequest{term=1, candidate=1, lastLogIndex=0, lastLogTerm=0}
21:52:18.666 [raft-server-raft-partition-1] DEBUG i.a.p.raft.roles.FollowerRole - RaftServer{raft-partition-1}{role=FOLLOWER} - Rejected PollRequest{term=1, candidate=1, lastLogIndex=0, lastLogTerm=0}: candidate's last log entry (0) is at a lower term than the local log (1)
21:52:18.666 [raft-server-raft-partition-1] TRACE i.a.p.raft.roles.FollowerRole - RaftServer{raft-partition-1}{role=FOLLOWER} - Sending PollResponse{status=OK, term=1, accepted=false}
21:52:18.666 [raft-server-raft-partition-1] DEBUG i.a.p.raft.roles.FollowerRole - RaftServer{raft-partition-1}{role=FOLLOWER} - Received rejected poll from DefaultRaftMember{id=2, type=ACTIVE, updated=2018-06-10T19:52:01.245Z}
21:52:18.666 [raft-server-raft-partition-1] DEBUG i.a.p.raft.roles.FollowerRole - RaftServer{raft-partition-1}{role=FOLLOWER} - Received rejected poll from DefaultRaftMember{id=3, type=ACTIVE, updated=2018-06-10T19:52:01.245Z}
21:52:18.667 [raft-server-system-partition-1] TRACE i.a.p.raft.roles.LeaderAppender - RaftServer{system-partition-1} - Sending AppendRequest{term=1, leader=1, prevLogIndex=16, prevLogTerm=1, entries=0, commitIndex=16} to 2
21:52:18.667 [raft-server-system-partition-1] TRACE i.a.p.raft.roles.LeaderAppender - RaftServer{system-partition-1} - Sending AppendRequest{term=1, leader=1, prevLogIndex=16, prevLogTerm=1, entries=0, commitIndex=16} to 3
21:52:18.667 [raft-server-system-partition-1] TRACE i.a.p.raft.roles.FollowerRole - RaftServer{system-partition-1}{role=FOLLOWER} - Received AppendRequest{term=1, leader=1, prevLogIndex=16, prevLogTerm=1, entries=0, commitIndex=16}
21:52:18.667 [raft-server-system-partition-1] TRACE i.a.p.raft.roles.FollowerRole - RaftServer{system-partition-1}{role=FOLLOWER} - Received AppendRequest{term=1, leader=1, prevLogIndex=16, prevLogTerm=1, entries=0, commitIndex=16}
21:52:18.667 [raft-server-system-partition-1] TRACE i.a.p.raft.roles.FollowerRole - RaftServer{system-partition-1}{role=FOLLOWER} - Sending AppendResponse{status=OK, term=1, succeeded=true, lastLogIndex=16}
21:52:18.667 [raft-server-system-partition-1] TRACE i.a.p.raft.roles.FollowerRole - RaftServer{system-partition-1}{role=FOLLOWER} - Sending AppendResponse{status=OK, term=1, succeeded=true, lastLogIndex=16}
21:52:18.667 [raft-server-system-partition-1] TRACE i.a.p.raft.roles.LeaderAppender - RaftServer{system-partition-1} - Received AppendResponse{status=OK, term=1, succeeded=true, lastLogIndex=16} from 2
21:52:18.667 [raft-server-system-partition-1] TRACE i.a.p.raft.roles.LeaderAppender - RaftServer{system-partition-1} - Sending AppendRequest{term=1, leader=1, prevLogIndex=16, prevLogTerm=1, entries=0, commitIndex=16} to 2
21:52:18.668 [raft-server-system-partition-1] TRACE i.a.p.raft.roles.LeaderAppender - RaftServer{system-partition-1} - Received AppendResponse{status=OK, term=1, succeeded=true, lastLogIndex=16} from 3
21:52:18.668 [raft-server-system-partition-1] TRACE i.a.p.raft.roles.LeaderAppender - RaftServer{system-partition-1} - Sending AppendRequest{term=1, leader=1, prevLogIndex=16, prevLogTerm=1, entries=0, commitIndex=16} to 3
21:52:18.668 [raft-server-system-partition-1] TRACE i.a.p.raft.roles.FollowerRole - RaftServer{system-partition-1}{role=FOLLOWER} - Received AppendRequest{term=1, leader=1, prevLogIndex=16, prevLogTerm=1, entries=0, commitIndex=16}
21:52:18.668 [raft-server-system-partition-1] TRACE i.a.p.raft.roles.FollowerRole - RaftServer{system-partition-1}{role=FOLLOWER} - Sending AppendResponse{status=OK, term=1, succeeded=true, lastLogIndex=16}
21:52:18.668 [raft-server-system-partition-1] TRACE i.a.p.raft.roles.FollowerRole - RaftServer{system-partition-1}{role=FOLLOWER} - Received AppendRequest{term=1, leader=1, prevLogIndex=16, prevLogTerm=1, entries=0, commitIndex=16}
21:52:18.668 [raft-server-system-partition-1] TRACE i.a.p.raft.roles.FollowerRole - RaftServer{system-partition-1}{role=FOLLOWER} - Sending AppendResponse{status=OK, term=1, succeeded=true, lastLogIndex=16}
21:52:18.668 [raft-server-system-partition-1] TRACE i.a.p.raft.roles.LeaderAppender - RaftServer{system-partition-1} - Received AppendResponse{status=OK, term=1, succeeded=true, lastLogIndex=16} from 2
21:52:18.668 [raft-server-system-partition-1] TRACE i.a.p.raft.roles.LeaderAppender - RaftServer{system-partition-1} - Sending AppendRequest{term=1, leader=1, prevLogIndex=16, prevLogTerm=1, entries=0, commitIndex=16} to 2
21:52:18.668 [raft-server-system-partition-1] TRACE i.a.p.raft.roles.LeaderAppender - RaftServer{system-partition-1} - Received AppendResponse{status=OK, term=1, succeeded=true, lastLogIndex=16} from 3
21:52:18.668 [raft-server-system-partition-1] TRACE i.a.p.raft.roles.FollowerRole - RaftServer{system-partition-1}{role=FOLLOWER} - Received AppendRequest{term=1, leader=1, prevLogIndex=16, prevLogTerm=1, entries=0, commitIndex=16}
21:52:18.668 [raft-server-system-partition-1] TRACE i.a.p.raft.roles.FollowerRole - RaftServer{system-partition-1}{role=FOLLOWER} - Sending AppendResponse{status=OK, term=1, succeeded=true, lastLogIndex=16}
21:52:18.668 [raft-server-system-partition-1] TRACE i.a.p.raft.roles.LeaderAppender - RaftServer{system-partition-1} - Received AppendResponse{status=OK, term=1, succeeded=true, lastLogIndex=16} from 2
21:52:18.709 [raft-server-raft-partition-5] TRACE i.a.p.raft.roles.LeaderAppender - RaftServer{raft-partition-5} - Sending AppendRequest{term=1, leader=3, prevLogIndex=1, prevLogTerm=1, entries=0, commitIndex=1} to 1
21:52:18.709 [raft-server-raft-partition-5] TRACE i.a.p.raft.roles.LeaderAppender - RaftServer{raft-partition-5} - Sending AppendRequest{term=1, leader=3, prevLogIndex=1, prevLogTerm=1, entries=0, commitIndex=1} to 2
21:52:18.709 [raft-server-raft-partition-5] TRACE i.a.p.raft.roles.FollowerRole - RaftServer{raft-partition-5}{role=FOLLOWER} - Received AppendRequest{term=1, leader=3, prevLogIndex=1, prevLogTerm=1, entries=0, commitIndex=1}
21:52:18.709 [raft-server-raft-partition-7] TRACE i.a.p.raft.roles.LeaderAppender - RaftServer{raft-partition-7} - Sending AppendRequest{term=1, leader=2, prevLogIndex=1, prevLogTerm=1, entries=0, commitIndex=1} to 1
21:52:18.709 [raft-server-raft-partition-5] TRACE i.a.p.raft.roles.FollowerRole - RaftServer{raft-partition-5}{role=FOLLOWER} - Received AppendRequest{term=1, leader=3, prevLogIndex=1, prevLogTerm=1, entries=0, commitIndex=1}
21:52:18.709 [raft-server-raft-partition-5] TRACE i.a.p.raft.roles.FollowerRole - RaftServer{raft-partition-5}{role=FOLLOWER} - Sending AppendResponse{status=OK, term=1, succeeded=true, lastLogIndex=1}
21:52:18.709 [raft-server-raft-partition-7] TRACE i.a.p.raft.roles.LeaderAppender - RaftServer{raft-partition-7} - Sending AppendRequest{term=1, leader=2, prevLogIndex=1, prevLogTerm=1, entries=0, commitIndex=1} to 3
21:52:18.709 [raft-server-raft-partition-5] TRACE i.a.p.raft.roles.FollowerRole - RaftServer{raft-partition-5}{role=FOLLOWER} - Sending AppendResponse{status=OK, term=1, succeeded=true, lastLogIndex=1}
21:52:18.709 [raft-server-raft-partition-7] TRACE i.a.p.raft.roles.FollowerRole - RaftServer{raft-partition-7}{role=FOLLOWER} - Received AppendRequest{term=1, leader=2, prevLogIndex=1, prevLogTerm=1, entries=0, commitIndex=1}
21:52:18.709 [raft-server-raft-partition-5] TRACE i.a.p.raft.roles.LeaderAppender - RaftServer{raft-partition-5} - Received AppendResponse{status=OK, term=1, succeeded=true, lastLogIndex=1} from 1
21:52:18.709 [raft-server-raft-partition-7] TRACE i.a.p.raft.roles.FollowerRole - RaftServer{raft-partition-7}{role=FOLLOWER} - Sending AppendResponse{status=OK, term=1, succeeded=true, lastLogIndex=1}
21:52:18.709 [raft-server-raft-partition-7] TRACE i.a.p.raft.roles.FollowerRole - RaftServer{raft-partition-7}{role=FOLLOWER} - Received AppendRequest{term=1, leader=2, prevLogIndex=1, prevLogTerm=1, entries=0, commitIndex=1}
21:52:18.709 [raft-server-raft-partition-5] TRACE i.a.p.raft.roles.LeaderAppender - RaftServer{raft-partition-5} - Sending AppendRequest{term=1, leader=3, prevLogIndex=1, prevLogTerm=1, entries=0, commitIndex=1} to 1
21:52:18.709 [raft-server-raft-partition-7] TRACE i.a.p.raft.roles.FollowerRole - RaftServer{raft-partition-7}{role=FOLLOWER} - Sending AppendResponse{status=OK, term=1, succeeded=true, lastLogIndex=1}
21:52:18.709 [raft-server-raft-partition-5] TRACE i.a.p.raft.roles.LeaderAppender - RaftServer{raft-partition-5} - Received AppendResponse{status=OK, term=1, succeeded=true, lastLogIndex=1} from 2
21:52:18.709 [raft-server-raft-partition-7] TRACE i.a.p.raft.roles.LeaderAppender - RaftServer{raft-partition-7} - Received AppendResponse{status=OK, term=1, succeeded=true, lastLogIndex=1} from 1
21:52:18.709 [raft-server-raft-partition-5] TRACE i.a.p.raft.roles.FollowerRole - RaftServer{raft-partition-5}{role=FOLLOWER} - Received AppendRequest{term=1, leader=3, prevLogIndex=1, prevLogTerm=1, entries=0, commitIndex=1}
21:52:18.710 [raft-server-raft-partition-5] TRACE i.a.p.raft.roles.LeaderAppender - RaftServer{raft-partition-5} - Sending AppendRequest{term=1, leader=3, prevLogIndex=1, prevLogTerm=1, entries=0, commitIndex=1} to 2
21:52:18.710 [raft-server-raft-partition-7] TRACE i.a.p.raft.roles.LeaderAppender - RaftServer{raft-partition-7} - Sending AppendRequest{term=1, leader=2, prevLogIndex=1, prevLogTerm=1, entries=0, commitIndex=1} to 1
21:52:18.710 [raft-server-raft-partition-5] TRACE i.a.p.raft.roles.FollowerRole - RaftServer{raft-partition-5}{role=FOLLOWER} - Sending AppendResponse{status=OK, term=1, succeeded=true, lastLogIndex=1}
21:52:18.710 [raft-server-raft-partition-7] TRACE i.a.p.raft.roles.LeaderAppender - RaftServer{raft-partition-7} - Received AppendResponse{status=OK, term=1, succeeded=true, lastLogIndex=1} from 3
21:52:18.710 [raft-server-raft-partition-7] TRACE i.a.p.raft.roles.LeaderAppender - RaftServer{raft-partition-7} - Sending AppendRequest{term=1, leader=2, prevLogIndex=1, prevLogTerm=1, entries=0, commitIndex=1} to 3
21:52:18.710 [raft-server-raft-partition-5] TRACE i.a.p.raft.roles.FollowerRole - RaftServer{raft-partition-5}{role=FOLLOWER} - Received AppendRequest{term=1, leader=3, prevLogIndex=1, prevLogTerm=1, entries=0, commitIndex=1}
21:52:18.710 [raft-server-raft-partition-5] TRACE i.a.p.raft.roles.FollowerRole - RaftServer{raft-partition-5}{role=FOLLOWER} - Sending AppendResponse{status=OK, term=1, succeeded=true, lastLogIndex=1}
21:52:18.710 [raft-server-raft-partition-5] TRACE i.a.p.raft.roles.LeaderAppender - RaftServer{raft-partition-5} - Received AppendResponse{status=OK, term=1, succeeded=true, lastLogIndex=1} from 1
21:52:18.710 [raft-server-raft-partition-7] TRACE i.a.p.raft.roles.FollowerRole - RaftServer{raft-partition-7}{role=FOLLOWER} - Received AppendRequest{term=1, leader=2, prevLogIndex=1, prevLogTerm=1, entries=0, commitIndex=1}
21:52:18.710 [raft-server-raft-partition-5] TRACE i.a.p.raft.roles.LeaderAppender - RaftServer{raft-partition-5} - Sending AppendRequest{term=1, leader=3, prevLogIndex=1, prevLogTerm=1, entries=0, commitIndex=1} to 1
21:52:18.710 [raft-server-raft-partition-7] TRACE i.a.p.raft.roles.FollowerRole - RaftServer{raft-partition-7}{role=FOLLOWER} - Sending AppendResponse{status=OK, term=1, succeeded=true, lastLogIndex=1}
21:52:18.710 [raft-server-raft-partition-7] TRACE i.a.p.raft.roles.FollowerRole - RaftServer{raft-partition-7}{role=FOLLOWER} - Received AppendRequest{term=1, leader=2, prevLogIndex=1, prevLogTerm=1, entries=0, commitIndex=1}
21:52:18.710 [raft-server-raft-partition-5] TRACE i.a.p.raft.roles.LeaderAppender - RaftServer{raft-partition-5} - Received AppendResponse{status=OK, term=1, succeeded=true, lastLogIndex=1} from 2
21:52:18.710 [raft-server-raft-partition-7] TRACE i.a.p.raft.roles.FollowerRole - RaftServer{raft-partition-7}{role=FOLLOWER} - Sending AppendResponse{status=OK, term=1, succeeded=true, lastLogIndex=1}
21:52:18.710 [raft-server-raft-partition-5] TRACE i.a.p.raft.roles.FollowerRole - RaftServer{raft-partition-5}{role=FOLLOWER} - Received AppendRequest{term=1, leader=3, prevLogIndex=1, prevLogTerm=1, entries=0, commitIndex=1}
21:52:18.710 [raft-server-raft-partition-7] TRACE i.a.p.raft.roles.LeaderAppender - RaftServer{raft-partition-7} - Received AppendResponse{status=OK, term=1, succeeded=true, lastLogIndex=1} from 3
21:52:18.710 [raft-server-raft-partition-5] TRACE i.a.p.raft.roles.FollowerRole - RaftServer{raft-partition-5}{role=FOLLOWER} - Sending AppendResponse{status=OK, term=1, succeeded=true, lastLogIndex=1}
21:52:18.710 [raft-server-raft-partition-7] TRACE i.a.p.raft.roles.LeaderAppender - RaftServer{raft-partition-7} - Received AppendResponse{status=OK, term=1, succeeded=true, lastLogIndex=1} from 1
21:52:18.710 [raft-server-raft-partition-5] TRACE i.a.p.raft.roles.LeaderAppender - RaftServer{raft-partition-5} - Received AppendResponse{status=OK, term=1, succeeded=true, lastLogIndex=1} from 1
21:52:18.743 [raft-server-raft-partition-4] TRACE i.a.p.raft.roles.LeaderAppender - RaftServer{raft-partition-4} - Sending AppendRequest{term=1, leader=1, prevLogIndex=1, prevLogTerm=1, entries=0, commitIndex=1} to 2
21:52:18.743 [raft-server-raft-partition-4] TRACE i.a.p.raft.roles.LeaderAppender - RaftServer{raft-partition-4} - Sending AppendRequest{term=1, leader=1, prevLogIndex=1, prevLogTerm=1, entries=0, commitIndex=1} to 3
21:52:18.743 [raft-server-raft-partition-4] TRACE i.a.p.raft.roles.FollowerRole - RaftServer{raft-partition-4}{role=FOLLOWER} - Received AppendRequest{term=1, leader=1, prevLogIndex=1, prevLogTerm=1, entries=0, commitIndex=1}
21:52:18.743 [raft-server-raft-partition-4] TRACE i.a.p.raft.roles.FollowerRole - RaftServer{raft-partition-4}{role=FOLLOWER} - Received AppendRequest{term=1, leader=1, prevLogIndex=1, prevLogTerm=1, entries=0, commitIndex=1}
21:52:18.743 [raft-server-raft-partition-4] TRACE i.a.p.raft.roles.FollowerRole - RaftServer{raft-partition-4}{role=FOLLOWER} - Sending AppendResponse{status=OK, term=1, succeeded=true, lastLogIndex=1}
21:52:18.743 [raft-server-raft-partition-4] TRACE i.a.p.raft.roles.FollowerRole - RaftServer{raft-partition-4}{role=FOLLOWER} - Sending AppendResponse{status=OK, term=1, succeeded=true, lastLogIndex=1}
21:52:18.744 [raft-server-raft-partition-4] TRACE i.a.p.raft.roles.LeaderAppender - RaftServer{raft-partition-4} - Received AppendResponse{status=OK, term=1, succeeded=true, lastLogIndex=1} from 2
21:52:18.744 [raft-server-raft-partition-4] TRACE i.a.p.raft.roles.LeaderAppender - RaftServer{raft-partition-4} - Sending AppendRequest{term=1, leader=1, prevLogIndex=1, prevLogTerm=1, entries=0, commitIndex=1} to 2
21:52:18.744 [raft-server-raft-partition-4] TRACE i.a.p.raft.roles.LeaderAppender - RaftServer{raft-partition-4} - Received AppendResponse{status=OK, term=1, succeeded=true, lastLogIndex=1} from 3
21:52:18.744 [raft-server-raft-partition-4] TRACE i.a.p.raft.roles.LeaderAppender - RaftServer{raft-partition-4} - Sending AppendRequest{term=1, leader=1, prevLogIndex=1, prevLogTerm=1, entries=0, commitIndex=1} to 3
21:52:18.744 [raft-server-raft-partition-4] TRACE i.a.p.raft.roles.FollowerRole - RaftServer{raft-partition-4}{role=FOLLOWER} - Received AppendRequest{term=1, leader=1, prevLogIndex=1, prevLogTerm=1, entries=0, commitIndex=1}
21:52:18.744 [raft-server-raft-partition-4] TRACE i.a.p.raft.roles.FollowerRole - RaftServer{raft-partition-4}{role=FOLLOWER} - Sending AppendResponse{status=OK, term=1, succeeded=true, lastLogIndex=1}
21:52:18.744 [raft-server-raft-partition-4] TRACE i.a.p.raft.roles.FollowerRole - RaftServer{raft-partition-4}{role=FOLLOWER} - Received AppendRequest{term=1, leader=1, prevLogIndex=1, prevLogTerm=1, entries=0, commitIndex=1}
21:52:18.744 [raft-server-raft-partition-4] TRACE i.a.p.raft.roles.FollowerRole - RaftServer{raft-partition-4}{role=FOLLOWER} - Sending AppendResponse{status=OK, term=1, succeeded=true, lastLogIndex=1}
21:52:18.744 [raft-server-raft-partition-4] TRACE i.a.p.raft.roles.LeaderAppender - RaftServer{raft-partition-4} - Received AppendResponse{status=OK, term=1, succeeded=true, lastLogIndex=1} from 2
21:52:18.744 [raft-server-raft-partition-4] TRACE i.a.p.raft.roles.LeaderAppender - RaftServer{raft-partition-4} - Received AppendResponse{status=OK, term=1, succeeded=true, lastLogIndex=1} from 3
21:52:18.817 [raft-server-raft-partition-2] TRACE i.a.p.raft.roles.LeaderAppender - RaftServer{raft-partition-2} - Sending AppendRequest{term=1, leader=1, prevLogIndex=1, prevLogTerm=1, entries=0, commitIndex=1} to 2
21:52:18.818 [raft-server-raft-partition-2] TRACE i.a.p.raft.roles.LeaderAppender - RaftServer{raft-partition-2} - Sending AppendRequest{term=1, leader=1, prevLogIndex=1, prevLogTerm=1, entries=0, commitIndex=1} to 3
21:52:18.818 [raft-server-raft-partition-2] TRACE i.a.p.raft.roles.FollowerRole - RaftServer{raft-partition-2}{role=FOLLOWER} - Received AppendRequest{term=1, leader=1, prevLogIndex=1, prevLogTerm=1, entries=0, commitIndex=1}
21:52:18.818 [raft-server-raft-partition-2] TRACE i.a.p.raft.roles.FollowerRole - RaftServer{raft-partition-2}{role=FOLLOWER} - Sending AppendResponse{status=OK, term=1, succeeded=true, lastLogIndex=1}
21:52:18.818 [raft-server-raft-partition-2] TRACE i.a.p.raft.roles.FollowerRole - RaftServer{raft-partition-2}{role=FOLLOWER} - Received AppendRequest{term=1, leader=1, prevLogIndex=1, prevLogTerm=1, entries=0, commitIndex=1}
21:52:18.818 [raft-server-raft-partition-2] TRACE i.a.p.raft.roles.FollowerRole - RaftServer{raft-partition-2}{role=FOLLOWER} - Sending AppendResponse{status=OK, term=1, succeeded=true, lastLogIndex=1}
21:52:18.818 [raft-server-raft-partition-2] TRACE i.a.p.raft.roles.LeaderAppender - RaftServer{raft-partition-2} - Received AppendResponse{status=OK, term=1, succeeded=true, lastLogIndex=1} from 2
21:52:18.818 [raft-server-raft-partition-2] TRACE i.a.p.raft.roles.LeaderAppender - RaftServer{raft-partition-2} - Sending AppendRequest{term=1, leader=1, prevLogIndex=1, prevLogTerm=1, entries=0, commitIndex=1} to 2
21:52:18.818 [raft-server-raft-partition-2] TRACE i.a.p.raft.roles.LeaderAppender - RaftServer{raft-partition-2} - Received AppendResponse{status=OK, term=1, succeeded=true, lastLogIndex=1} from 3
21:52:18.818 [raft-server-raft-partition-2] TRACE i.a.p.raft.roles.FollowerRole - RaftServer{raft-partition-2}{role=FOLLOWER} - Received AppendRequest{term=1, leader=1, prevLogIndex=1, prevLogTerm=1, entries=0, commitIndex=1}
21:52:18.818 [raft-server-raft-partition-2] TRACE i.a.p.raft.roles.FollowerRole - RaftServer{raft-partition-2}{role=FOLLOWER} - Sending AppendResponse{status=OK, term=1, succeeded=true, lastLogIndex=1}
21:52:18.819 [raft-server-raft-partition-2] TRACE i.a.p.raft.roles.LeaderAppender - RaftServer{raft-partition-2} - Received AppendResponse{status=OK, term=1, succeeded=true, lastLogIndex=1} from 2
21:52:18.826 [raft-server-raft-partition-6] TRACE i.a.p.raft.roles.LeaderAppender - RaftServer{raft-partition-6} - Sending AppendRequest{term=1, leader=1, prevLogIndex=1, prevLogTerm=1, entries=0, commitIndex=1} to 2
21:52:18.826 [raft-server-raft-partition-6] TRACE i.a.p.raft.roles.LeaderAppender - RaftServer{raft-partition-6} - Sending AppendRequest{term=1, leader=1, prevLogIndex=1, prevLogTerm=1, entries=0, commitIndex=1} to 3
21:52:18.826 [raft-server-raft-partition-6] TRACE i.a.p.raft.roles.FollowerRole - RaftServer{raft-partition-6}{role=FOLLOWER} - Received AppendRequest{term=1, leader=1, prevLogIndex=1, prevLogTerm=1, entries=0, commitIndex=1}
21:52:18.826 [raft-server-raft-partition-6] TRACE i.a.p.raft.roles.FollowerRole - RaftServer{raft-partition-6}{role=FOLLOWER} - Received AppendRequest{term=1, leader=1, prevLogIndex=1, prevLogTerm=1, entries=0, commitIndex=1}
21:52:18.826 [raft-server-raft-partition-6] TRACE i.a.p.raft.roles.FollowerRole - RaftServer{raft-partition-6}{role=FOLLOWER} - Sending AppendResponse{status=OK, term=1, succeeded=true, lastLogIndex=1}
21:52:18.826 [raft-server-raft-partition-6] TRACE i.a.p.raft.roles.FollowerRole - RaftServer{raft-partition-6}{role=FOLLOWER} - Sending AppendResponse{status=OK, term=1, succeeded=true, lastLogIndex=1}
21:52:18.826 [raft-server-raft-partition-6] TRACE i.a.p.raft.roles.LeaderAppender - RaftServer{raft-partition-6} - Received AppendResponse{status=OK, term=1, succeeded=true, lastLogIndex=1} from 2
21:52:18.826 [raft-server-raft-partition-6] TRACE i.a.p.raft.roles.LeaderAppender - RaftServer{raft-partition-6} - Sending AppendRequest{term=1, leader=1, prevLogIndex=1, prevLogTerm=1, entries=0, commitIndex=1} to 2
21:52:18.826 [raft-server-raft-partition-6] TRACE i.a.p.raft.roles.LeaderAppender - RaftServer{raft-partition-6} - Received AppendResponse{status=OK, term=1, succeeded=true, lastLogIndex=1} from 3
21:52:18.826 [raft-server-raft-partition-6] TRACE i.a.p.raft.roles.LeaderAppender - RaftServer{raft-partition-6} - Sending AppendRequest{term=1, leader=1, prevLogIndex=1, prevLogTerm=1, entries=0, commitIndex=1} to 3
21:52:18.827 [raft-server-raft-partition-6] TRACE i.a.p.raft.roles.FollowerRole - RaftServer{raft-partition-6}{role=FOLLOWER} - Received AppendRequest{term=1, leader=1, prevLogIndex=1, prevLogTerm=1, entries=0, commitIndex=1}
21:52:18.827 [raft-server-raft-partition-6] TRACE i.a.p.raft.roles.FollowerRole - RaftServer{raft-partition-6}{role=FOLLOWER} - Received AppendRequest{term=1, leader=1, prevLogIndex=1, prevLogTerm=1, entries=0, commitIndex=1}
21:52:18.827 [raft-server-raft-partition-6] TRACE i.a.p.raft.roles.FollowerRole - RaftServer{raft-partition-6}{role=FOLLOWER} - Sending AppendResponse{status=OK, term=1, succeeded=true, lastLogIndex=1}
21:52:18.827 [raft-server-raft-partition-6] TRACE i.a.p.raft.roles.FollowerRole - RaftServer{raft-partition-6}{role=FOLLOWER} - Sending AppendResponse{status=OK, term=1, succeeded=true, lastLogIndex=1}
21:52:18.827 [raft-server-raft-partition-6] TRACE i.a.p.raft.roles.LeaderAppender - RaftServer{raft-partition-6} - Received AppendResponse{status=OK, term=1, succeeded=true, lastLogIndex=1} from 2
21:52:18.827 [raft-server-raft-partition-6] TRACE i.a.p.raft.roles.LeaderAppender - RaftServer{raft-partition-6} - Sending AppendRequest{term=1, leader=1, prevLogIndex=1, prevLogTerm=1, entries=0, commitIndex=1} to 2
21:52:18.827 [raft-server-raft-partition-6] TRACE i.a.p.raft.roles.LeaderAppender - RaftServer{raft-partition-6} - Received AppendResponse{status=OK, term=1, succeeded=true, lastLogIndex=1} from 3
21:52:18.827 [raft-server-raft-partition-6] TRACE i.a.p.raft.roles.LeaderAppender - RaftServer{raft-partition-6} - Sending AppendRequest{term=1, leader=1, prevLogIndex=1, prevLogTerm=1, entries=0, commitIndex=1} to 3
21:52:18.827 [raft-server-raft-partition-6] TRACE i.a.p.raft.roles.FollowerRole - RaftServer{raft-partition-6}{role=FOLLOWER} - Received AppendRequest{term=1, leader=1, prevLogIndex=1, prevLogTerm=1, entries=0, commitIndex=1}
21:52:18.827 [raft-server-raft-partition-6] TRACE i.a.p.raft.roles.FollowerRole - RaftServer{raft-partition-6}{role=FOLLOWER} - Sending AppendResponse{status=OK, term=1, succeeded=true, lastLogIndex=1}
21:52:18.827 [raft-server-raft-partition-6] TRACE i.a.p.raft.roles.FollowerRole - RaftServer{raft-partition-6}{role=FOLLOWER} - Received AppendRequest{term=1, leader=1, prevLogIndex=1, prevLogTerm=1, entries=0, commitIndex=1}
21:52:18.827 [raft-server-raft-partition-6] TRACE i.a.p.raft.roles.FollowerRole - RaftServer{raft-partition-6}{role=FOLLOWER} - Sending AppendResponse{status=OK, term=1, succeeded=true, lastLogIndex=1}
21:52:18.827 [raft-server-raft-partition-6] TRACE i.a.p.raft.roles.LeaderAppender - RaftServer{raft-partition-6} - Received AppendResponse{status=OK, term=1, succeeded=true, lastLogIndex=1} from 2
21:52:18.827 [raft-server-raft-partition-6] TRACE i.a.p.raft.roles.LeaderAppender - RaftServer{raft-partition-6} - Received AppendResponse{status=OK, term=1, succeeded=true, lastLogIndex=1} from 3
21:52:18.875 [raft-server-raft-partition-3] TRACE i.a.p.raft.roles.LeaderAppender - RaftServer{raft-partition-3} - Sending AppendRequest{term=3, leader=1, prevLogIndex=1, prevLogTerm=2, entries=0, commitIndex=1} to 2
21:52:18.875 [raft-server-raft-partition-3] TRACE i.a.p.raft.roles.LeaderAppender - RaftServer{raft-partition-3} - Sending AppendRequest{term=3, leader=1, prevLogIndex=1, prevLogTerm=2, entries=0, commitIndex=1} to 3
21:52:18.875 [raft-server-raft-partition-3] TRACE i.a.p.raft.roles.FollowerRole - RaftServer{raft-partition-3}{role=FOLLOWER} - Received AppendRequest{term=3, leader=1, prevLogIndex=1, prevLogTerm=2, entries=0, commitIndex=1}
21:52:18.875 [raft-server-raft-partition-3] TRACE i.a.p.raft.roles.FollowerRole - RaftServer{raft-partition-3}{role=FOLLOWER} - Sending AppendResponse{status=OK, term=3, succeeded=true, lastLogIndex=1}
21:52:18.875 [raft-server-raft-partition-3] TRACE i.a.p.raft.roles.FollowerRole - RaftServer{raft-partition-3}{role=FOLLOWER} - Received AppendRequest{term=3, leader=1, prevLogIndex=1, prevLogTerm=2, entries=0, commitIndex=1}
21:52:18.875 [raft-server-raft-partition-3] TRACE i.a.p.raft.roles.FollowerRole - RaftServer{raft-partition-3}{role=FOLLOWER} - Sending AppendResponse{status=OK, term=3, succeeded=true, lastLogIndex=1}
21:52:18.875 [raft-server-raft-partition-3] TRACE i.a.p.raft.roles.LeaderAppender - RaftServer{raft-partition-3} - Received AppendResponse{status=OK, term=3, succeeded=true, lastLogIndex=1} from 2
21:52:18.875 [raft-server-raft-partition-3] TRACE i.a.p.raft.roles.LeaderAppender - RaftServer{raft-partition-3} - Sending AppendRequest{term=3, leader=1, prevLogIndex=1, prevLogTerm=2, entries=0, commitIndex=1} to 2
21:52:18.875 [raft-server-raft-partition-3] TRACE i.a.p.raft.roles.LeaderAppender - RaftServer{raft-partition-3} - Received AppendResponse{status=OK, term=3, succeeded=true, lastLogIndex=1} from 3
21:52:18.875 [raft-server-raft-partition-3] TRACE i.a.p.raft.roles.LeaderAppender - RaftServer{raft-partition-3} - Sending AppendRequest{term=3, leader=1, prevLogIndex=1, prevLogTerm=2, entries=0, commitIndex=1} to 3
21:52:18.875 [raft-server-raft-partition-3] TRACE i.a.p.raft.roles.FollowerRole - RaftServer{raft-partition-3}{role=FOLLOWER} - Received AppendRequest{term=3, leader=1, prevLogIndex=1, prevLogTerm=2, entries=0, commitIndex=1}
21:52:18.875 [raft-server-raft-partition-3] TRACE i.a.p.raft.roles.FollowerRole - RaftServer{raft-partition-3}{role=FOLLOWER} - Sending AppendResponse{status=OK, term=3, succeeded=true, lastLogIndex=1}
21:52:18.875 [raft-server-raft-partition-3] TRACE i.a.p.raft.roles.FollowerRole - RaftServer{raft-partition-3}{role=FOLLOWER} - Received AppendRequest{term=3, leader=1, prevLogIndex=1, prevLogTerm=2, entries=0, commitIndex=1}
21:52:18.875 [raft-server-raft-partition-3] TRACE i.a.p.raft.roles.FollowerRole - RaftServer{raft-partition-3}{role=FOLLOWER} - Sending AppendResponse{status=OK, term=3, succeeded=true, lastLogIndex=1}
21:52:18.876 [raft-server-raft-partition-3] TRACE i.a.p.raft.roles.LeaderAppender - RaftServer{raft-partition-3} - Received AppendResponse{status=OK, term=3, succeeded=true, lastLogIndex=1} from 2
21:52:18.876 [raft-server-raft-partition-3] TRACE i.a.p.raft.roles.LeaderAppender - RaftServer{raft-partition-3} - Sending AppendRequest{term=3, leader=1, prevLogIndex=1, prevLogTerm=2, entries=0, commitIndex=1} to 2
21:52:18.876 [raft-server-raft-partition-3] TRACE i.a.p.raft.roles.LeaderAppender - RaftServer{raft-partition-3} - Received AppendResponse{status=OK, term=3, succeeded=true, lastLogIndex=1} from 3
21:52:18.876 [raft-server-raft-partition-3] TRACE i.a.p.raft.roles.LeaderAppender - RaftServer{raft-partition-3} - Sending AppendRequest{term=3, leader=1, prevLogIndex=1, prevLogTerm=2, entries=0, commitIndex=1} to 3
21:52:18.876 [raft-server-raft-partition-3] TRACE i.a.p.raft.roles.FollowerRole - RaftServer{raft-partition-3}{role=FOLLOWER} - Received AppendRequest{term=3, leader=1, prevLogIndex=1, prevLogTerm=2, entries=0, commitIndex=1}
21:52:18.876 [raft-server-raft-partition-3] TRACE i.a.p.raft.roles.FollowerRole - RaftServer{raft-partition-3}{role=FOLLOWER} - Sending AppendResponse{status=OK, term=3, succeeded=true, lastLogIndex=1}
21:52:18.876 [raft-server-raft-partition-3] TRACE i.a.p.raft.roles.FollowerRole - RaftServer{raft-partition-3}{role=FOLLOWER} - Received AppendRequest{term=3, leader=1, prevLogIndex=1, prevLogTerm=2, entries=0, commitIndex=1}
21:52:18.876 [raft-server-raft-partition-3] TRACE i.a.p.raft.roles.FollowerRole - RaftServer{raft-partition-3}{role=FOLLOWER} - Sending AppendResponse{status=OK, term=3, succeeded=true, lastLogIndex=1}
21:52:18.876 [raft-server-raft-partition-3] TRACE i.a.p.raft.roles.LeaderAppender - RaftServer{raft-partition-3} - Received AppendResponse{status=OK, term=3, succeeded=true, lastLogIndex=1} from 2
21:52:18.876 [raft-server-raft-partition-3] TRACE i.a.p.raft.roles.LeaderAppender - RaftServer{raft-partition-3} - Received AppendResponse{status=OK, term=3, succeeded=true, lastLogIndex=1} from 3
21:52:18.884 [raft-server-raft-partition-1] TRACE i.a.p.raft.roles.LeaderAppender - RaftServer{raft-partition-1} - Sending AppendRequest{term=1, leader=2, prevLogIndex=1, prevLogTerm=1, entries=0, commitIndex=1} to 3
21:52:18.885 [raft-server-raft-partition-1] TRACE i.a.p.raft.roles.FollowerRole - RaftServer{raft-partition-1}{role=FOLLOWER} - Received AppendRequest{term=1, leader=2, prevLogIndex=1, prevLogTerm=1, entries=0, commitIndex=1}
21:52:18.885 [raft-server-raft-partition-1] TRACE i.a.p.raft.roles.FollowerRole - RaftServer{raft-partition-1}{role=FOLLOWER} - Sending AppendResponse{status=OK, term=1, succeeded=true, lastLogIndex=1}
21:52:18.885 [raft-server-raft-partition-1] TRACE i.a.p.raft.roles.LeaderAppender - RaftServer{raft-partition-1} - Received AppendResponse{status=OK, term=1, succeeded=true, lastLogIndex=1} from 3
21:52:18.885 [raft-server-raft-partition-1] TRACE i.a.p.raft.roles.LeaderAppender - RaftServer{raft-partition-1} - Sending AppendRequest{term=1, leader=2, prevLogIndex=1, prevLogTerm=1, entries=0, commitIndex=1} to 3
21:52:18.885 [raft-server-raft-partition-1] TRACE i.a.p.raft.roles.FollowerRole - RaftServer{raft-partition-1}{role=FOLLOWER} - Received AppendRequest{term=1, leader=2, prevLogIndex=1, prevLogTerm=1, entries=0, commitIndex=1}
21:52:18.885 [raft-server-raft-partition-1] TRACE i.a.p.raft.roles.FollowerRole - RaftServer{raft-partition-1}{role=FOLLOWER} - Sending AppendResponse{status=OK, term=1, succeeded=true, lastLogIndex=1}
21:52:18.885 [raft-server-raft-partition-1] TRACE i.a.p.raft.roles.LeaderAppender - RaftServer{raft-partition-1} - Received AppendResponse{status=OK, term=1, succeeded=true, lastLogIndex=1} from 3
21:52:18.917 [raft-server-system-partition-1] TRACE i.a.p.raft.roles.LeaderAppender - RaftServer{system-partition-1} - Sending AppendRequest{term=1, leader=1, prevLogIndex=16, prevLogTerm=1, entries=0, commitIndex=16} to 2
21:52:18.917 [raft-server-system-partition-1] TRACE i.a.p.raft.roles.LeaderAppender - RaftServer{system-partition-1} - Sending AppendRequest{term=1, leader=1, prevLogIndex=16, prevLogTerm=1, entries=0, commitIndex=16} to 3
21:52:18.917 [raft-server-system-partition-1] TRACE i.a.p.raft.roles.FollowerRole - RaftServer{system-partition-1}{role=FOLLOWER} - Received AppendRequest{term=1, leader=1, prevLogIndex=16, prevLogTerm=1, entries=0, commitIndex=16}
21:52:18.917 [raft-server-system-partition-1] TRACE i.a.p.raft.roles.FollowerRole - RaftServer{system-partition-1}{role=FOLLOWER} - Received AppendRequest{term=1, leader=1, prevLogIndex=16, prevLogTerm=1, entries=0, commitIndex=16}
21:52:18.917 [raft-server-system-partition-1] TRACE i.a.p.raft.roles.FollowerRole - RaftServer{system-partition-1}{role=FOLLOWER} - Sending AppendResponse{status=OK, term=1, succeeded=true, lastLogIndex=16}
21:52:18.917 [raft-server-system-partition-1] TRACE i.a.p.raft.roles.FollowerRole - RaftServer{system-partition-1}{role=FOLLOWER} - Sending AppendResponse{status=OK, term=1, succeeded=true, lastLogIndex=16}
21:52:18.918 [raft-server-system-partition-1] TRACE i.a.p.raft.roles.LeaderAppender - RaftServer{system-partition-1} - Received AppendResponse{status=OK, term=1, succeeded=true, lastLogIndex=16} from 3
21:52:18.918 [raft-server-system-partition-1] TRACE i.a.p.raft.roles.LeaderAppender - RaftServer{system-partition-1} - Sending AppendRequest{term=1, leader=1, prevLogIndex=16, prevLogTerm=1, entries=0, commitIndex=16} to 3
21:52:18.918 [raft-server-system-partition-1] TRACE i.a.p.raft.roles.LeaderAppender - RaftServer{system-partition-1} - Received AppendResponse{status=OK, term=1, succeeded=true, lastLogIndex=16} from 2
21:52:18.918 [raft-server-system-partition-1] TRACE i.a.p.raft.roles.LeaderAppender - RaftServer{system-partition-1} - Sending AppendRequest{term=1, leader=1, prevLogIndex=16, prevLogTerm=1, entries=0, commitIndex=16} to 2
21:52:18.918 [raft-server-system-partition-1] TRACE i.a.p.raft.roles.FollowerRole - RaftServer{system-partition-1}{role=FOLLOWER} - Received AppendRequest{term=1, leader=1, prevLogIndex=16, prevLogTerm=1, entries=0, commitIndex=16}
21:52:18.918 [raft-server-system-partition-1] TRACE i.a.p.raft.roles.FollowerRole - RaftServer{system-partition-1}{role=FOLLOWER} - Sending AppendResponse{status=OK, term=1, succeeded=true, lastLogIndex=16}
21:52:18.918 [raft-server-system-partition-1] TRACE i.a.p.raft.roles.FollowerRole - RaftServer{system-partition-1}{role=FOLLOWER} - Received AppendRequest{term=1, leader=1, prevLogIndex=16, prevLogTerm=1, entries=0, commitIndex=16}
21:52:18.918 [raft-server-system-partition-1] TRACE i.a.p.raft.roles.FollowerRole - RaftServer{system-partition-1}{role=FOLLOWER} - Sending AppendResponse{status=OK, term=1, succeeded=true, lastLogIndex=16}
21:52:18.918 [raft-server-system-partition-1] TRACE i.a.p.raft.roles.LeaderAppender - RaftServer{system-partition-1} - Received AppendResponse{status=OK, term=1, succeeded=true, lastLogIndex=16} from 3
21:52:18.918 [raft-server-system-partition-1] TRACE i.a.p.raft.roles.LeaderAppender - RaftServer{system-partition-1} - Received AppendResponse{status=OK, term=1, succeeded=true, lastLogIndex=16} from 2
21:52:18.959 [raft-server-raft-partition-5] TRACE i.a.p.raft.roles.LeaderAppender - RaftServer{raft-partition-5} - Sending AppendRequest{term=1, leader=3, prevLogIndex=1, prevLogTerm=1, entries=0, commitIndex=1} to 1
21:52:18.959 [raft-server-raft-partition-5] TRACE i.a.p.raft.roles.LeaderAppender - RaftServer{raft-partition-5} - Sending AppendRequest{term=1, leader=3, prevLogIndex=1, prevLogTerm=1, entries=0, commitIndex=1} to 2
21:52:18.959 [raft-server-raft-partition-7] TRACE i.a.p.raft.roles.LeaderAppender - RaftServer{raft-partition-7} - Sending AppendRequest{term=1, leader=2, prevLogIndex=1, prevLogTerm=1, entries=0, commitIndex=1} to 1
21:52:18.959 [raft-server-raft-partition-5] TRACE i.a.p.raft.roles.FollowerRole - RaftServer{raft-partition-5}{role=FOLLOWER} - Received AppendRequest{term=1, leader=3, prevLogIndex=1, prevLogTerm=1, entries=0, commitIndex=1}
21:52:18.959 [raft-server-raft-partition-7] TRACE i.a.p.raft.roles.LeaderAppender - RaftServer{raft-partition-7} - Sending AppendRequest{term=1, leader=2, prevLogIndex=1, prevLogTerm=1, entries=0, commitIndex=1} to 3
21:52:18.959 [raft-server-raft-partition-5] TRACE i.a.p.raft.roles.FollowerRole - RaftServer{raft-partition-5}{role=FOLLOWER} - Received AppendRequest{term=1, leader=3, prevLogIndex=1, prevLogTerm=1, entries=0, commitIndex=1}
21:52:18.959 [raft-server-raft-partition-5] TRACE i.a.p.raft.roles.FollowerRole - RaftServer{raft-partition-5}{role=FOLLOWER} - Sending AppendResponse{status=OK, term=1, succeeded=true, lastLogIndex=1}
21:52:18.959 [raft-server-raft-partition-5] TRACE i.a.p.raft.roles.FollowerRole - RaftServer{raft-partition-5}{role=FOLLOWER} - Sending AppendResponse{status=OK, term=1, succeeded=true, lastLogIndex=1}
21:52:18.959 [raft-server-raft-partition-7] TRACE i.a.p.raft.roles.FollowerRole - RaftServer{raft-partition-7}{role=FOLLOWER} - Received AppendRequest{term=1, leader=2, prevLogIndex=1, prevLogTerm=1, entries=0, commitIndex=1}
21:52:18.959 [raft-server-raft-partition-7] TRACE i.a.p.raft.roles.FollowerRole - RaftServer{raft-partition-7}{role=FOLLOWER} - Received AppendRequest{term=1, leader=2, prevLogIndex=1, prevLogTerm=1, entries=0, commitIndex=1}
21:52:18.959 [raft-server-raft-partition-7] TRACE i.a.p.raft.roles.FollowerRole - RaftServer{raft-partition-7}{role=FOLLOWER} - Sending AppendResponse{status=OK, term=1, succeeded=true, lastLogIndex=1}
21:52:18.959 [raft-server-raft-partition-5] TRACE i.a.p.raft.roles.LeaderAppender - RaftServer{raft-partition-5} - Received AppendResponse{status=OK, term=1, succeeded=true, lastLogIndex=1} from 1
21:52:18.959 [raft-server-raft-partition-7] TRACE i.a.p.raft.roles.FollowerRole - RaftServer{raft-partition-7}{role=FOLLOWER} - Sending AppendResponse{status=OK, term=1, succeeded=true, lastLogIndex=1}
21:52:18.959 [raft-server-raft-partition-5] TRACE i.a.p.raft.roles.LeaderAppender - RaftServer{raft-partition-5} - Sending AppendRequest{term=1, leader=3, prevLogIndex=1, prevLogTerm=1, entries=0, commitIndex=1} to 1
21:52:18.959 [raft-server-raft-partition-7] TRACE i.a.p.raft.roles.LeaderAppender - RaftServer{raft-partition-7} - Received AppendResponse{status=OK, term=1, succeeded=true, lastLogIndex=1} from 1
21:52:18.959 [raft-server-raft-partition-5] TRACE i.a.p.raft.roles.LeaderAppender - RaftServer{raft-partition-5} - Received AppendResponse{status=OK, term=1, succeeded=true, lastLogIndex=1} from 2
21:52:18.959 [raft-server-raft-partition-7] TRACE i.a.p.raft.roles.LeaderAppender - RaftServer{raft-partition-7} - Sending AppendRequest{term=1, leader=2, prevLogIndex=1, prevLogTerm=1, entries=0, commitIndex=1} to 1
21:52:18.960 [raft-server-raft-partition-5] TRACE i.a.p.raft.roles.FollowerRole - RaftServer{raft-partition-5}{role=FOLLOWER} - Received AppendRequest{term=1, leader=3, prevLogIndex=1, prevLogTerm=1, entries=0, commitIndex=1}
21:52:18.960 [raft-server-raft-partition-5] TRACE i.a.p.raft.roles.LeaderAppender - RaftServer{raft-partition-5} - Sending AppendRequest{term=1, leader=3, prevLogIndex=1, prevLogTerm=1, entries=0, commitIndex=1} to 2
21:52:18.960 [raft-server-raft-partition-7] TRACE i.a.p.raft.roles.LeaderAppender - RaftServer{raft-partition-7} - Received AppendResponse{status=OK, term=1, succeeded=true, lastLogIndex=1} from 3
21:52:18.960 [raft-server-raft-partition-5] TRACE i.a.p.raft.roles.FollowerRole - RaftServer{raft-partition-5}{role=FOLLOWER} - Sending AppendResponse{status=OK, term=1, succeeded=true, lastLogIndex=1}
21:52:18.960 [raft-server-raft-partition-7] TRACE i.a.p.raft.roles.FollowerRole - RaftServer{raft-partition-7}{role=FOLLOWER} - Received AppendRequest{term=1, leader=2, prevLogIndex=1, prevLogTerm=1, entries=0, commitIndex=1}
21:52:18.960 [raft-server-raft-partition-7] TRACE i.a.p.raft.roles.LeaderAppender - RaftServer{raft-partition-7} - Sending AppendRequest{term=1, leader=2, prevLogIndex=1, prevLogTerm=1, entries=0, commitIndex=1} to 3
21:52:18.960 [raft-server-raft-partition-5] TRACE i.a.p.raft.roles.FollowerRole - RaftServer{raft-partition-5}{role=FOLLOWER} - Received AppendRequest{term=1, leader=3, prevLogIndex=1, prevLogTerm=1, entries=0, commitIndex=1}
21:52:18.960 [raft-server-raft-partition-7] TRACE i.a.p.raft.roles.FollowerRole - RaftServer{raft-partition-7}{role=FOLLOWER} - Sending AppendResponse{status=OK, term=1, succeeded=true, lastLogIndex=1}
21:52:18.960 [raft-server-raft-partition-5] TRACE i.a.p.raft.roles.LeaderAppender - RaftServer{raft-partition-5} - Received AppendResponse{status=OK, term=1, succeeded=true, lastLogIndex=1} from 1
21:52:18.960 [raft-server-raft-partition-5] TRACE i.a.p.raft.roles.FollowerRole - RaftServer{raft-partition-5}{role=FOLLOWER} - Sending AppendResponse{status=OK, term=1, succeeded=true, lastLogIndex=1}
21:52:18.960 [raft-server-raft-partition-5] TRACE i.a.p.raft.roles.LeaderAppender - RaftServer{raft-partition-5} - Sending AppendRequest{term=1, leader=3, prevLogIndex=1, prevLogTerm=1, entries=0, commitIndex=1} to 1
21:52:18.960 [raft-server-raft-partition-7] TRACE i.a.p.raft.roles.FollowerRole - RaftServer{raft-partition-7}{role=FOLLOWER} - Received AppendRequest{term=1, leader=2, prevLogIndex=1, prevLogTerm=1, entries=0, commitIndex=1}
21:52:18.960 [raft-server-raft-partition-5] TRACE i.a.p.raft.roles.LeaderAppender - RaftServer{raft-partition-5} - Received AppendResponse{status=OK, term=1, succeeded=true, lastLogIndex=1} from 2
21:52:18.960 [raft-server-raft-partition-7] TRACE i.a.p.raft.roles.FollowerRole - RaftServer{raft-partition-7}{role=FOLLOWER} - Sending AppendResponse{status=OK, term=1, succeeded=true, lastLogIndex=1}
21:52:18.960 [raft-server-raft-partition-5] TRACE i.a.p.raft.roles.FollowerRole - RaftServer{raft-partition-5}{role=FOLLOWER} - Received AppendRequest{term=1, leader=3, prevLogIndex=1, prevLogTerm=1, entries=0, commitIndex=1}
21:52:18.960 [raft-server-raft-partition-7] TRACE i.a.p.raft.roles.LeaderAppender - RaftServer{raft-partition-7} - Received AppendResponse{status=OK, term=1, succeeded=true, lastLogIndex=1} from 1
21:52:18.960 [raft-server-raft-partition-5] TRACE i.a.p.raft.roles.FollowerRole - RaftServer{raft-partition-5}{role=FOLLOWER} - Sending AppendResponse{status=OK, term=1, succeeded=true, lastLogIndex=1}
21:52:18.960 [raft-server-raft-partition-7] TRACE i.a.p.raft.roles.LeaderAppender - RaftServer{raft-partition-7} - Sending AppendRequest{term=1, leader=2, prevLogIndex=1, prevLogTerm=1, entries=0, commitIndex=1} to 1
21:52:18.960 [raft-server-raft-partition-7] TRACE i.a.p.raft.roles.LeaderAppender - RaftServer{raft-partition-7} - Received AppendResponse{status=OK, term=1, succeeded=true, lastLogIndex=1} from 3
21:52:18.960 [raft-server-raft-partition-5] TRACE i.a.p.raft.roles.LeaderAppender - RaftServer{raft-partition-5} - Received AppendResponse{status=OK, term=1, succeeded=true, lastLogIndex=1} from 1
21:52:18.960 [raft-server-raft-partition-7] TRACE i.a.p.raft.roles.FollowerRole - RaftServer{raft-partition-7}{role=FOLLOWER} - Received AppendRequest{term=1, leader=2, prevLogIndex=1, prevLogTerm=1, entries=0, commitIndex=1}
21:52:18.960 [raft-server-raft-partition-7] TRACE i.a.p.raft.roles.FollowerRole - RaftServer{raft-partition-7}{role=FOLLOWER} - Sending AppendResponse{status=OK, term=1, succeeded=true, lastLogIndex=1}
21:52:18.960 [raft-server-raft-partition-7] TRACE i.a.p.raft.roles.LeaderAppender - RaftServer{raft-partition-7} - Received AppendResponse{status=OK, term=1, succeeded=true, lastLogIndex=1} from 1
21:52:18.993 [raft-server-raft-partition-4] TRACE i.a.p.raft.roles.LeaderAppender - RaftServer{raft-partition-4} - Sending AppendRequest{term=1, leader=1, prevLogIndex=1, prevLogTerm=1, entries=0, commitIndex=1} to 2
21:52:18.993 [raft-server-raft-partition-4] TRACE i.a.p.raft.roles.LeaderAppender - RaftServer{raft-partition-4} - Sending AppendRequest{term=1, leader=1, prevLogIndex=1, prevLogTerm=1, entries=0, commitIndex=1} to 3
21:52:18.993 [raft-server-raft-partition-4] TRACE i.a.p.raft.roles.FollowerRole - RaftServer{raft-partition-4}{role=FOLLOWER} - Received AppendRequest{term=1, leader=1, prevLogIndex=1, prevLogTerm=1, entries=0, commitIndex=1}
21:52:18.993 [raft-server-raft-partition-4] TRACE i.a.p.raft.roles.FollowerRole - RaftServer{raft-partition-4}{role=FOLLOWER} - Received AppendRequest{term=1, leader=1, prevLogIndex=1, prevLogTerm=1, entries=0, commitIndex=1}
21:52:18.993 [raft-server-raft-partition-4] TRACE i.a.p.raft.roles.FollowerRole - RaftServer{raft-partition-4}{role=FOLLOWER} - Sending AppendResponse{status=OK, term=1, succeeded=true, lastLogIndex=1}
21:52:18.993 [raft-server-raft-partition-4] TRACE i.a.p.raft.roles.FollowerRole - RaftServer{raft-partition-4}{role=FOLLOWER} - Sending AppendResponse{status=OK, term=1, succeeded=true, lastLogIndex=1}
21:52:18.993 [raft-server-raft-partition-4] TRACE i.a.p.raft.roles.LeaderAppender - RaftServer{raft-partition-4} - Received AppendResponse{status=OK, term=1, succeeded=true, lastLogIndex=1} from 3
21:52:18.994 [raft-server-raft-partition-4] TRACE i.a.p.raft.roles.LeaderAppender - RaftServer{raft-partition-4} - Sending AppendRequest{term=1, leader=1, prevLogIndex=1, prevLogTerm=1, entries=0, commitIndex=1} to 3
21:52:18.994 [raft-server-raft-partition-4] TRACE i.a.p.raft.roles.LeaderAppender - RaftServer{raft-partition-4} - Received AppendResponse{status=OK, term=1, succeeded=true, lastLogIndex=1} from 2
21:52:18.994 [raft-server-raft-partition-4] TRACE i.a.p.raft.roles.LeaderAppender - RaftServer{raft-partition-4} - Sending AppendRequest{term=1, leader=1, prevLogIndex=1, prevLogTerm=1, entries=0, commitIndex=1} to 2
21:52:18.994 [raft-server-raft-partition-4] TRACE i.a.p.raft.roles.FollowerRole - RaftServer{raft-partition-4}{role=FOLLOWER} - Received AppendRequest{term=1, leader=1, prevLogIndex=1, prevLogTerm=1, entries=0, commitIndex=1}
21:52:18.994 [raft-server-raft-partition-4] TRACE i.a.p.raft.roles.FollowerRole - RaftServer{raft-partition-4}{role=FOLLOWER} - Sending AppendResponse{status=OK, term=1, succeeded=true, lastLogIndex=1}
21:52:18.994 [raft-server-raft-partition-4] TRACE i.a.p.raft.roles.FollowerRole - RaftServer{raft-partition-4}{role=FOLLOWER} - Received AppendRequest{term=1, leader=1, prevLogIndex=1, prevLogTerm=1, entries=0, commitIndex=1}
21:52:18.994 [raft-server-raft-partition-4] TRACE i.a.p.raft.roles.FollowerRole - RaftServer{raft-partition-4}{role=FOLLOWER} - Sending AppendResponse{status=OK, term=1, succeeded=true, lastLogIndex=1}
21:52:18.994 [raft-server-raft-partition-4] TRACE i.a.p.raft.roles.LeaderAppender - RaftServer{raft-partition-4} - Received AppendResponse{status=OK, term=1, succeeded=true, lastLogIndex=1} from 2
21:52:18.994 [raft-server-raft-partition-4] TRACE i.a.p.raft.roles.LeaderAppender - RaftServer{raft-partition-4} - Received AppendResponse{status=OK, term=1, succeeded=true, lastLogIndex=1} from 3
21:52:19.068 [raft-server-raft-partition-2] TRACE i.a.p.raft.roles.LeaderAppender - RaftServer{raft-partition-2} - Sending AppendRequest{term=1, leader=1, prevLogIndex=1, prevLogTerm=1, entries=0, commitIndex=1} to 2
21:52:19.068 [raft-server-raft-partition-2] TRACE i.a.p.raft.roles.LeaderAppender - RaftServer{raft-partition-2} - Sending AppendRequest{term=1, leader=1, prevLogIndex=1, prevLogTerm=1, entries=0, commitIndex=1} to 3
21:52:19.068 [raft-server-raft-partition-2] TRACE i.a.p.raft.roles.FollowerRole - RaftServer{raft-partition-2}{role=FOLLOWER} - Received AppendRequest{term=1, leader=1, prevLogIndex=1, prevLogTerm=1, entries=0, commitIndex=1}
21:52:19.068 [raft-server-raft-partition-2] TRACE i.a.p.raft.roles.FollowerRole - RaftServer{raft-partition-2}{role=FOLLOWER} - Received AppendRequest{term=1, leader=1, prevLogIndex=1, prevLogTerm=1, entries=0, commitIndex=1}
21:52:19.068 [raft-server-raft-partition-2] TRACE i.a.p.raft.roles.FollowerRole - RaftServer{raft-partition-2}{role=FOLLOWER} - Sending AppendResponse{status=OK, term=1, succeeded=true, lastLogIndex=1}
21:52:19.068 [raft-server-raft-partition-2] TRACE i.a.p.raft.roles.FollowerRole - RaftServer{raft-partition-2}{role=FOLLOWER} - Sending AppendResponse{status=OK, term=1, succeeded=true, lastLogIndex=1}
21:52:19.069 [raft-server-raft-partition-2] TRACE i.a.p.raft.roles.LeaderAppender - RaftServer{raft-partition-2} - Received AppendResponse{status=OK, term=1, succeeded=true, lastLogIndex=1} from 3
21:52:19.069 [raft-server-raft-partition-2] TRACE i.a.p.raft.roles.LeaderAppender - RaftServer{raft-partition-2} - Received AppendResponse{status=OK, term=1, succeeded=true, lastLogIndex=1} from 2
21:52:19.076 [raft-server-raft-partition-6] TRACE i.a.p.raft.roles.LeaderAppender - RaftServer{raft-partition-6} - Sending AppendRequest{term=1, leader=1, prevLogIndex=1, prevLogTerm=1, entries=0, commitIndex=1} to 2
21:52:19.076 [raft-server-raft-partition-6] TRACE i.a.p.raft.roles.LeaderAppender - RaftServer{raft-partition-6} - Sending AppendRequest{term=1, leader=1, prevLogIndex=1, prevLogTerm=1, entries=0, commitIndex=1} to 3
21:52:19.076 [raft-server-raft-partition-6] TRACE i.a.p.raft.roles.FollowerRole - RaftServer{raft-partition-6}{role=FOLLOWER} - Received AppendRequest{term=1, leader=1, prevLogIndex=1, prevLogTerm=1, entries=0, commitIndex=1}
21:52:19.076 [raft-server-raft-partition-6] TRACE i.a.p.raft.roles.FollowerRole - RaftServer{raft-partition-6}{role=FOLLOWER} - Received AppendRequest{term=1, leader=1, prevLogIndex=1, prevLogTerm=1, entries=0, commitIndex=1}
21:52:19.076 [raft-server-raft-partition-6] TRACE i.a.p.raft.roles.FollowerRole - RaftServer{raft-partition-6}{role=FOLLOWER} - Sending AppendResponse{status=OK, term=1, succeeded=true, lastLogIndex=1}
21:52:19.076 [raft-server-raft-partition-6] TRACE i.a.p.raft.roles.FollowerRole - RaftServer{raft-partition-6}{role=FOLLOWER} - Sending AppendResponse{status=OK, term=1, succeeded=true, lastLogIndex=1}
21:52:19.076 [raft-server-raft-partition-6] TRACE i.a.p.raft.roles.LeaderAppender - RaftServer{raft-partition-6} - Received AppendResponse{status=OK, term=1, succeeded=true, lastLogIndex=1} from 2
21:52:19.076 [raft-server-raft-partition-6] TRACE i.a.p.raft.roles.LeaderAppender - RaftServer{raft-partition-6} - Sending AppendRequest{term=1, leader=1, prevLogIndex=1, prevLogTerm=1, entries=0, commitIndex=1} to 2
21:52:19.076 [raft-server-raft-partition-6] TRACE i.a.p.raft.roles.LeaderAppender - RaftServer{raft-partition-6} - Received AppendResponse{status=OK, term=1, succeeded=true, lastLogIndex=1} from 3
21:52:19.076 [raft-server-raft-partition-6] TRACE i.a.p.raft.roles.LeaderAppender - RaftServer{raft-partition-6} - Sending AppendRequest{term=1, leader=1, prevLogIndex=1, prevLogTerm=1, entries=0, commitIndex=1} to 3
21:52:19.076 [raft-server-raft-partition-6] TRACE i.a.p.raft.roles.FollowerRole - RaftServer{raft-partition-6}{role=FOLLOWER} - Received AppendRequest{term=1, leader=1, prevLogIndex=1, prevLogTerm=1, entries=0, commitIndex=1}
21:52:19.077 [raft-server-raft-partition-6] TRACE i.a.p.raft.roles.FollowerRole - RaftServer{raft-partition-6}{role=FOLLOWER} - Sending AppendResponse{status=OK, term=1, succeeded=true, lastLogIndex=1}
21:52:19.077 [raft-server-raft-partition-6] TRACE i.a.p.raft.roles.FollowerRole - RaftServer{raft-partition-6}{role=FOLLOWER} - Received AppendRequest{term=1, leader=1, prevLogIndex=1, prevLogTerm=1, entries=0, commitIndex=1}
21:52:19.077 [raft-server-raft-partition-6] TRACE i.a.p.raft.roles.FollowerRole - RaftServer{raft-partition-6}{role=FOLLOWER} - Sending AppendResponse{status=OK, term=1, succeeded=true, lastLogIndex=1}
21:52:19.077 [raft-server-raft-partition-6] TRACE i.a.p.raft.roles.LeaderAppender - RaftServer{raft-partition-6} - Received AppendResponse{status=OK, term=1, succeeded=true, lastLogIndex=1} from 2
21:52:19.077 [raft-server-raft-partition-6] TRACE i.a.p.raft.roles.LeaderAppender - RaftServer{raft-partition-6} - Sending AppendRequest{term=1, leader=1, prevLogIndex=1, prevLogTerm=1, entries=0, commitIndex=1} to 2
21:52:19.077 [raft-server-raft-partition-6] TRACE i.a.p.raft.roles.LeaderAppender - RaftServer{raft-partition-6} - Received AppendResponse{status=OK, term=1, succeeded=true, lastLogIndex=1} from 3
21:52:19.077 [raft-server-raft-partition-6] TRACE i.a.p.raft.roles.LeaderAppender - RaftServer{raft-partition-6} - Sending AppendRequest{term=1, leader=1, prevLogIndex=1, prevLogTerm=1, entries=0, commitIndex=1} to 3
21:52:19.077 [raft-server-raft-partition-6] TRACE i.a.p.raft.roles.FollowerRole - RaftServer{raft-partition-6}{role=FOLLOWER} - Received AppendRequest{term=1, leader=1, prevLogIndex=1, prevLogTerm=1, entries=0, commitIndex=1}
21:52:19.077 [raft-server-raft-partition-6] TRACE i.a.p.raft.roles.FollowerRole - RaftServer{raft-partition-6}{role=FOLLOWER} - Sending AppendResponse{status=OK, term=1, succeeded=true, lastLogIndex=1}
21:52:19.077 [raft-server-raft-partition-6] TRACE i.a.p.raft.roles.LeaderAppender - RaftServer{raft-partition-6} - Received AppendResponse{status=OK, term=1, succeeded=true, lastLogIndex=1} from 2
21:52:19.077 [raft-server-raft-partition-6] TRACE i.a.p.raft.roles.FollowerRole - RaftServer{raft-partition-6}{role=FOLLOWER} - Received AppendRequest{term=1, leader=1, prevLogIndex=1, prevLogTerm=1, entries=0, commitIndex=1}
21:52:19.077 [raft-server-raft-partition-6] TRACE i.a.p.raft.roles.FollowerRole - RaftServer{raft-partition-6}{role=FOLLOWER} - Sending AppendResponse{status=OK, term=1, succeeded=true, lastLogIndex=1}
21:52:19.077 [raft-server-raft-partition-6] TRACE i.a.p.raft.roles.LeaderAppender - RaftServer{raft-partition-6} - Received AppendResponse{status=OK, term=1, succeeded=true, lastLogIndex=1} from 3
21:52:19.125 [raft-server-raft-partition-3] TRACE i.a.p.raft.roles.LeaderAppender - RaftServer{raft-partition-3} - Sending AppendRequest{term=3, leader=1, prevLogIndex=1, prevLogTerm=2, entries=0, commitIndex=1} to 2
21:52:19.125 [raft-server-raft-partition-3] TRACE i.a.p.raft.roles.LeaderAppender - RaftServer{raft-partition-3} - Sending AppendRequest{term=3, leader=1, prevLogIndex=1, prevLogTerm=2, entries=0, commitIndex=1} to 3
21:52:19.125 [raft-server-raft-partition-3] TRACE i.a.p.raft.roles.FollowerRole - RaftServer{raft-partition-3}{role=FOLLOWER} - Received AppendRequest{term=3, leader=1, prevLogIndex=1, prevLogTerm=2, entries=0, commitIndex=1}
21:52:19.125 [raft-server-raft-partition-3] TRACE i.a.p.raft.roles.FollowerRole - RaftServer{raft-partition-3}{role=FOLLOWER} - Received AppendRequest{term=3, leader=1, prevLogIndex=1, prevLogTerm=2, entries=0, commitIndex=1}
21:52:19.125 [raft-server-raft-partition-3] TRACE i.a.p.raft.roles.FollowerRole - RaftServer{raft-partition-3}{role=FOLLOWER} - Sending AppendResponse{status=OK, term=3, succeeded=true, lastLogIndex=1}
21:52:19.125 [raft-server-raft-partition-3] TRACE i.a.p.raft.roles.FollowerRole - RaftServer{raft-partition-3}{role=FOLLOWER} - Sending AppendResponse{status=OK, term=3, succeeded=true, lastLogIndex=1}
21:52:19.125 [raft-server-raft-partition-3] TRACE i.a.p.raft.roles.LeaderAppender - RaftServer{raft-partition-3} - Received AppendResponse{status=OK, term=3, succeeded=true, lastLogIndex=1} from 3
21:52:19.125 [raft-server-raft-partition-3] TRACE i.a.p.raft.roles.LeaderAppender - RaftServer{raft-partition-3} - Sending AppendRequest{term=3, leader=1, prevLogIndex=1, prevLogTerm=2, entries=0, commitIndex=1} to 3
21:52:19.125 [raft-server-raft-partition-3] TRACE i.a.p.raft.roles.LeaderAppender - RaftServer{raft-partition-3} - Received AppendResponse{status=OK, term=3, succeeded=true, lastLogIndex=1} from 2
21:52:19.125 [raft-server-raft-partition-3] TRACE i.a.p.raft.roles.LeaderAppender - RaftServer{raft-partition-3} - Sending AppendRequest{term=3, leader=1, prevLogIndex=1, prevLogTerm=2, entries=0, commitIndex=1} to 2
21:52:19.125 [raft-server-raft-partition-3] TRACE i.a.p.raft.roles.FollowerRole - RaftServer{raft-partition-3}{role=FOLLOWER} - Received AppendRequest{term=3, leader=1, prevLogIndex=1, prevLogTerm=2, entries=0, commitIndex=1}
21:52:19.125 [raft-server-raft-partition-3] TRACE i.a.p.raft.roles.FollowerRole - RaftServer{raft-partition-3}{role=FOLLOWER} - Received AppendRequest{term=3, leader=1, prevLogIndex=1, prevLogTerm=2, entries=0, commitIndex=1}
21:52:19.125 [raft-server-raft-partition-3] TRACE i.a.p.raft.roles.FollowerRole - RaftServer{raft-partition-3}{role=FOLLOWER} - Sending AppendResponse{status=OK, term=3, succeeded=true, lastLogIndex=1}
21:52:19.126 [raft-server-raft-partition-3] TRACE i.a.p.raft.roles.FollowerRole - RaftServer{raft-partition-3}{role=FOLLOWER} - Sending AppendResponse{status=OK, term=3, succeeded=true, lastLogIndex=1}
21:52:19.126 [raft-server-raft-partition-3] TRACE i.a.p.raft.roles.LeaderAppender - RaftServer{raft-partition-3} - Received AppendResponse{status=OK, term=3, succeeded=true, lastLogIndex=1} from 2
21:52:19.126 [raft-server-raft-partition-3] TRACE i.a.p.raft.roles.LeaderAppender - RaftServer{raft-partition-3} - Sending AppendRequest{term=3, leader=1, prevLogIndex=1, prevLogTerm=2, entries=0, commitIndex=1} to 2
21:52:19.126 [raft-server-raft-partition-3] TRACE i.a.p.raft.roles.LeaderAppender - RaftServer{raft-partition-3} - Received AppendResponse{status=OK, term=3, succeeded=true, lastLogIndex=1} from 3
21:52:19.126 [raft-server-raft-partition-3] TRACE i.a.p.raft.roles.LeaderAppender - RaftServer{raft-partition-3} - Sending AppendRequest{term=3, leader=1, prevLogIndex=1, prevLogTerm=2, entries=0, commitIndex=1} to 3
21:52:19.126 [raft-server-raft-partition-3] TRACE i.a.p.raft.roles.FollowerRole - RaftServer{raft-partition-3}{role=FOLLOWER} - Received AppendRequest{term=3, leader=1, prevLogIndex=1, prevLogTerm=2, entries=0, commitIndex=1}
21:52:19.126 [raft-server-raft-partition-3] TRACE i.a.p.raft.roles.FollowerRole - RaftServer{raft-partition-3}{role=FOLLOWER} - Sending AppendResponse{status=OK, term=3, succeeded=true, lastLogIndex=1}
21:52:19.126 [raft-server-raft-partition-3] TRACE i.a.p.raft.roles.FollowerRole - RaftServer{raft-partition-3}{role=FOLLOWER} - Received AppendRequest{term=3, leader=1, prevLogIndex=1, prevLogTerm=2, entries=0, commitIndex=1}
21:52:19.126 [raft-server-raft-partition-3] TRACE i.a.p.raft.roles.FollowerRole - RaftServer{raft-partition-3}{role=FOLLOWER} - Sending AppendResponse{status=OK, term=3, succeeded=true, lastLogIndex=1}
21:52:19.126 [raft-server-raft-partition-3] TRACE i.a.p.raft.roles.LeaderAppender - RaftServer{raft-partition-3} - Received AppendResponse{status=OK, term=3, succeeded=true, lastLogIndex=1} from 2
21:52:19.126 [raft-server-raft-partition-3] TRACE i.a.p.raft.roles.LeaderAppender - RaftServer{raft-partition-3} - Received AppendResponse{status=OK, term=3, succeeded=true, lastLogIndex=1} from 3
21:52:19.134 [raft-server-raft-partition-1] TRACE i.a.p.raft.roles.LeaderAppender - RaftServer{raft-partition-1} - Sending AppendRequest{term=1, leader=2, prevLogIndex=1, prevLogTerm=1, entries=0, commitIndex=1} to 3
21:52:19.135 [raft-server-raft-partition-1] TRACE i.a.p.raft.roles.FollowerRole - RaftServer{raft-partition-1}{role=FOLLOWER} - Received AppendRequest{term=1, leader=2, prevLogIndex=1, prevLogTerm=1, entries=0, commitIndex=1}
21:52:19.135 [raft-server-raft-partition-1] TRACE i.a.p.raft.roles.FollowerRole - RaftServer{raft-partition-1}{role=FOLLOWER} - Sending AppendResponse{status=OK, term=1, succeeded=true, lastLogIndex=1}
21:52:19.135 [raft-server-raft-partition-1] TRACE i.a.p.raft.roles.LeaderAppender - RaftServer{raft-partition-1} - Received AppendResponse{status=OK, term=1, succeeded=true, lastLogIndex=1} from 3
21:52:19.135 [raft-server-raft-partition-1] TRACE i.a.p.raft.roles.LeaderAppender - RaftServer{raft-partition-1} - Sending AppendRequest{term=1, leader=2, prevLogIndex=1, prevLogTerm=1, entries=0, commitIndex=1} to 3
21:52:19.135 [raft-server-raft-partition-1] TRACE i.a.p.raft.roles.FollowerRole - RaftServer{raft-partition-1}{role=FOLLOWER} - Received AppendRequest{term=1, leader=2, prevLogIndex=1, prevLogTerm=1, entries=0, commitIndex=1}
21:52:19.135 [raft-server-raft-partition-1] TRACE i.a.p.raft.roles.FollowerRole - RaftServer{raft-partition-1}{role=FOLLOWER} - Sending AppendResponse{status=OK, term=1, succeeded=true, lastLogIndex=1}
21:52:19.135 [raft-server-raft-partition-1] TRACE i.a.p.raft.roles.LeaderAppender - RaftServer{raft-partition-1} - Received AppendResponse{status=OK, term=1, succeeded=true, lastLogIndex=1} from 3
21:52:19.167 [raft-server-system-partition-1] TRACE i.a.p.raft.roles.LeaderAppender - RaftServer{system-partition-1} - Sending AppendRequest{term=1, leader=1, prevLogIndex=16, prevLogTerm=1, entries=0, commitIndex=16} to 2
21:52:19.167 [raft-server-system-partition-1] TRACE i.a.p.raft.roles.LeaderAppender - RaftServer{system-partition-1} - Sending AppendRequest{term=1, leader=1, prevLogIndex=16, prevLogTerm=1, entries=0, commitIndex=16} to 3
21:52:19.167 [raft-server-system-partition-1] TRACE i.a.p.raft.roles.FollowerRole - RaftServer{system-partition-1}{role=FOLLOWER} - Received AppendRequest{term=1, leader=1, prevLogIndex=16, prevLogTerm=1, entries=0, commitIndex=16}
21:52:19.167 [raft-server-system-partition-1] TRACE i.a.p.raft.roles.FollowerRole - RaftServer{system-partition-1}{role=FOLLOWER} - Sending AppendResponse{status=OK, term=1, succeeded=true, lastLogIndex=16}
21:52:19.167 [raft-server-system-partition-1] TRACE i.a.p.raft.roles.FollowerRole - RaftServer{system-partition-1}{role=FOLLOWER} - Received AppendRequest{term=1, leader=1, prevLogIndex=16, prevLogTerm=1, entries=0, commitIndex=16}
21:52:19.168 [raft-server-system-partition-1] TRACE i.a.p.raft.roles.FollowerRole - RaftServer{system-partition-1}{role=FOLLOWER} - Sending AppendResponse{status=OK, term=1, succeeded=true, lastLogIndex=16}
21:52:19.168 [raft-server-system-partition-1] TRACE i.a.p.raft.roles.LeaderAppender - RaftServer{system-partition-1} - Received AppendResponse{status=OK, term=1, succeeded=true, lastLogIndex=16} from 3
21:52:19.168 [raft-server-system-partition-1] TRACE i.a.p.raft.roles.LeaderAppender - RaftServer{system-partition-1} - Sending AppendRequest{term=1, leader=1, prevLogIndex=16, prevLogTerm=1, entries=0, commitIndex=16} to 3
21:52:19.168 [raft-server-system-partition-1] TRACE i.a.p.raft.roles.FollowerRole - RaftServer{system-partition-1}{role=FOLLOWER} - Received AppendRequest{term=1, leader=1, prevLogIndex=16, prevLogTerm=1, entries=0, commitIndex=16}
21:52:19.168 [raft-server-system-partition-1] TRACE i.a.p.raft.roles.LeaderAppender - RaftServer{system-partition-1} - Received AppendResponse{status=OK, term=1, succeeded=true, lastLogIndex=16} from 2
21:52:19.168 [raft-server-system-partition-1] TRACE i.a.p.raft.roles.FollowerRole - RaftServer{system-partition-1}{role=FOLLOWER} - Sending AppendResponse{status=OK, term=1, succeeded=true, lastLogIndex=16}
21:52:19.168 [raft-server-system-partition-1] TRACE i.a.p.raft.roles.LeaderAppender - RaftServer{system-partition-1} - Sending AppendRequest{term=1, leader=1, prevLogIndex=16, prevLogTerm=1, entries=0, commitIndex=16} to 2
21:52:19.168 [raft-server-system-partition-1] TRACE i.a.p.raft.roles.LeaderAppender - RaftServer{system-partition-1} - Received AppendResponse{status=OK, term=1, succeeded=true, lastLogIndex=16} from 3
21:52:19.168 [raft-server-system-partition-1] TRACE i.a.p.raft.roles.FollowerRole - RaftServer{system-partition-1}{role=FOLLOWER} - Received AppendRequest{term=1, leader=1, prevLogIndex=16, prevLogTerm=1, entries=0, commitIndex=16}
21:52:19.168 [raft-server-system-partition-1] TRACE i.a.p.raft.roles.FollowerRole - RaftServer{system-partition-1}{role=FOLLOWER} - Sending AppendResponse{status=OK, term=1, succeeded=true, lastLogIndex=16}
21:52:19.168 [raft-server-system-partition-1] TRACE i.a.p.raft.roles.LeaderAppender - RaftServer{system-partition-1} - Received AppendResponse{status=OK, term=1, succeeded=true, lastLogIndex=16} from 2
21:52:19.209 [raft-server-raft-partition-5] TRACE i.a.p.raft.roles.LeaderAppender - RaftServer{raft-partition-5} - Sending AppendRequest{term=1, leader=3, prevLogIndex=1, prevLogTerm=1, entries=0, commitIndex=1} to 1
21:52:19.209 [raft-server-raft-partition-5] TRACE i.a.p.raft.roles.LeaderAppender - RaftServer{raft-partition-5} - Sending AppendRequest{term=1, leader=3, prevLogIndex=1, prevLogTerm=1, entries=0, commitIndex=1} to 2
21:52:19.209 [raft-server-raft-partition-5] TRACE i.a.p.raft.roles.FollowerRole - RaftServer{raft-partition-5}{role=FOLLOWER} - Received AppendRequest{term=1, leader=3, prevLogIndex=1, prevLogTerm=1, entries=0, commitIndex=1}
21:52:19.209 [raft-server-raft-partition-7] TRACE i.a.p.raft.roles.LeaderAppender - RaftServer{raft-partition-7} - Sending AppendRequest{term=1, leader=2, prevLogIndex=1, prevLogTerm=1, entries=0, commitIndex=1} to 1
21:52:19.209 [raft-server-raft-partition-5] TRACE i.a.p.raft.roles.FollowerRole - RaftServer{raft-partition-5}{role=FOLLOWER} - Received AppendRequest{term=1, leader=3, prevLogIndex=1, prevLogTerm=1, entries=0, commitIndex=1}
21:52:19.209 [raft-server-raft-partition-5] TRACE i.a.p.raft.roles.FollowerRole - RaftServer{raft-partition-5}{role=FOLLOWER} - Sending AppendResponse{status=OK, term=1, succeeded=true, lastLogIndex=1}
21:52:19.209 [raft-server-raft-partition-7] TRACE i.a.p.raft.roles.LeaderAppender - RaftServer{raft-partition-7} - Sending AppendRequest{term=1, leader=2, prevLogIndex=1, prevLogTerm=1, entries=0, commitIndex=1} to 3
21:52:19.209 [raft-server-raft-partition-5] TRACE i.a.p.raft.roles.FollowerRole - RaftServer{raft-partition-5}{role=FOLLOWER} - Sending AppendResponse{status=OK, term=1, succeeded=true, lastLogIndex=1}
21:52:19.209 [raft-server-raft-partition-7] TRACE i.a.p.raft.roles.FollowerRole - RaftServer{raft-partition-7}{role=FOLLOWER} - Received AppendRequest{term=1, leader=2, prevLogIndex=1, prevLogTerm=1, entries=0, commitIndex=1}
21:52:19.209 [raft-server-raft-partition-5] TRACE i.a.p.raft.roles.LeaderAppender - RaftServer{raft-partition-5} - Received AppendResponse{status=OK, term=1, succeeded=true, lastLogIndex=1} from 1
21:52:19.209 [raft-server-raft-partition-7] TRACE i.a.p.raft.roles.FollowerRole - RaftServer{raft-partition-7}{role=FOLLOWER} - Sending AppendResponse{status=OK, term=1, succeeded=true, lastLogIndex=1}
21:52:19.209 [raft-server-raft-partition-5] TRACE i.a.p.raft.roles.LeaderAppender - RaftServer{raft-partition-5} - Sending AppendRequest{term=1, leader=3, prevLogIndex=1, prevLogTerm=1, entries=0, commitIndex=1} to 1
21:52:19.209 [raft-server-raft-partition-7] TRACE i.a.p.raft.roles.FollowerRole - RaftServer{raft-partition-7}{role=FOLLOWER} - Received AppendRequest{term=1, leader=2, prevLogIndex=1, prevLogTerm=1, entries=0, commitIndex=1}
21:52:19.209 [raft-server-raft-partition-5] TRACE i.a.p.raft.roles.LeaderAppender - RaftServer{raft-partition-5} - Received AppendResponse{status=OK, term=1, succeeded=true, lastLogIndex=1} from 2
21:52:19.209 [raft-server-raft-partition-7] TRACE i.a.p.raft.roles.LeaderAppender - RaftServer{raft-partition-7} - Received AppendResponse{status=OK, term=1, succeeded=true, lastLogIndex=1} from 1
21:52:19.210 [raft-server-raft-partition-7] TRACE i.a.p.raft.roles.FollowerRole - RaftServer{raft-partition-7}{role=FOLLOWER} - Sending AppendResponse{status=OK, term=1, succeeded=true, lastLogIndex=1}
21:52:19.210 [raft-server-raft-partition-5] TRACE i.a.p.raft.roles.LeaderAppender - RaftServer{raft-partition-5} - Sending AppendRequest{term=1, leader=3, prevLogIndex=1, prevLogTerm=1, entries=0, commitIndex=1} to 2
21:52:19.210 [raft-server-raft-partition-5] TRACE i.a.p.raft.roles.FollowerRole - RaftServer{raft-partition-5}{role=FOLLOWER} - Received AppendRequest{term=1, leader=3, prevLogIndex=1, prevLogTerm=1, entries=0, commitIndex=1}
21:52:19.210 [raft-server-raft-partition-7] TRACE i.a.p.raft.roles.LeaderAppender - RaftServer{raft-partition-7} - Sending AppendRequest{term=1, leader=2, prevLogIndex=1, prevLogTerm=1, entries=0, commitIndex=1} to 1
21:52:19.210 [raft-server-raft-partition-5] TRACE i.a.p.raft.roles.FollowerRole - RaftServer{raft-partition-5}{role=FOLLOWER} - Sending AppendResponse{status=OK, term=1, succeeded=true, lastLogIndex=1}
21:52:19.210 [raft-server-raft-partition-7] TRACE i.a.p.raft.roles.LeaderAppender - RaftServer{raft-partition-7} - Received AppendResponse{status=OK, term=1, succeeded=true, lastLogIndex=1} from 3
21:52:19.210 [raft-server-raft-partition-7] TRACE i.a.p.raft.roles.LeaderAppender - RaftServer{raft-partition-7} - Sending AppendRequest{term=1, leader=2, prevLogIndex=1, prevLogTerm=1, entries=0, commitIndex=1} to 3
21:52:19.210 [raft-server-raft-partition-5] TRACE i.a.p.raft.roles.FollowerRole - RaftServer{raft-partition-5}{role=FOLLOWER} - Received AppendRequest{term=1, leader=3, prevLogIndex=1, prevLogTerm=1, entries=0, commitIndex=1}
21:52:19.210 [raft-server-raft-partition-7] TRACE i.a.p.raft.roles.FollowerRole - RaftServer{raft-partition-7}{role=FOLLOWER} - Received AppendRequest{term=1, leader=2, prevLogIndex=1, prevLogTerm=1, entries=0, commitIndex=1}
21:52:19.210 [raft-server-raft-partition-5] TRACE i.a.p.raft.roles.LeaderAppender - RaftServer{raft-partition-5} - Received AppendResponse{status=OK, term=1, succeeded=true, lastLogIndex=1} from 1
21:52:19.210 [raft-server-raft-partition-5] TRACE i.a.p.raft.roles.FollowerRole - RaftServer{raft-partition-5}{role=FOLLOWER} - Sending AppendResponse{status=OK, term=1, succeeded=true, lastLogIndex=1}
21:52:19.210 [raft-server-raft-partition-7] TRACE i.a.p.raft.roles.FollowerRole - RaftServer{raft-partition-7}{role=FOLLOWER} - Received AppendRequest{term=1, leader=2, prevLogIndex=1, prevLogTerm=1, entries=0, commitIndex=1}
21:52:19.210 [raft-server-raft-partition-7] TRACE i.a.p.raft.roles.FollowerRole - RaftServer{raft-partition-7}{role=FOLLOWER} - Sending AppendResponse{status=OK, term=1, succeeded=true, lastLogIndex=1}
21:52:19.210 [raft-server-raft-partition-5] TRACE i.a.p.raft.roles.LeaderAppender - RaftServer{raft-partition-5} - Sending AppendRequest{term=1, leader=3, prevLogIndex=1, prevLogTerm=1, entries=0, commitIndex=1} to 1
21:52:19.210 [raft-server-raft-partition-7] TRACE i.a.p.raft.roles.FollowerRole - RaftServer{raft-partition-7}{role=FOLLOWER} - Sending AppendResponse{status=OK, term=1, succeeded=true, lastLogIndex=1}
21:52:19.210 [raft-server-raft-partition-5] TRACE i.a.p.raft.roles.LeaderAppender - RaftServer{raft-partition-5} - Received AppendResponse{status=OK, term=1, succeeded=true, lastLogIndex=1} from 2
21:52:19.210 [raft-server-raft-partition-7] TRACE i.a.p.raft.roles.LeaderAppender - RaftServer{raft-partition-7} - Received AppendResponse{status=OK, term=1, succeeded=true, lastLogIndex=1} from 1
21:52:19.210 [raft-server-raft-partition-5] TRACE i.a.p.raft.roles.FollowerRole - RaftServer{raft-partition-5}{role=FOLLOWER} - Received AppendRequest{term=1, leader=3, prevLogIndex=1, prevLogTerm=1, entries=0, commitIndex=1}
21:52:19.210 [raft-server-raft-partition-5] TRACE i.a.p.raft.roles.FollowerRole - RaftServer{raft-partition-5}{role=FOLLOWER} - Sending AppendResponse{status=OK, term=1, succeeded=true, lastLogIndex=1}
21:52:19.210 [raft-server-raft-partition-7] TRACE i.a.p.raft.roles.LeaderAppender - RaftServer{raft-partition-7} - Received AppendResponse{status=OK, term=1, succeeded=true, lastLogIndex=1} from 3
21:52:19.210 [raft-server-raft-partition-5] TRACE i.a.p.raft.roles.LeaderAppender - RaftServer{raft-partition-5} - Received AppendResponse{status=OK, term=1, succeeded=true, lastLogIndex=1} from 1
21:52:19.243 [raft-server-raft-partition-4] TRACE i.a.p.raft.roles.LeaderAppender - RaftServer{raft-partition-4} - Sending AppendRequest{term=1, leader=1, prevLogIndex=1, prevLogTerm=1, entries=0, commitIndex=1} to 2
21:52:19.243 [raft-server-raft-partition-4] TRACE i.a.p.raft.roles.LeaderAppender - RaftServer{raft-partition-4} - Sending AppendRequest{term=1, leader=1, prevLogIndex=1, prevLogTerm=1, entries=0, commitIndex=1} to 3
21:52:19.243 [raft-server-raft-partition-4] TRACE i.a.p.raft.roles.FollowerRole - RaftServer{raft-partition-4}{role=FOLLOWER} - Received AppendRequest{term=1, leader=1, prevLogIndex=1, prevLogTerm=1, entries=0, commitIndex=1}
21:52:19.243 [raft-server-raft-partition-4] TRACE i.a.p.raft.roles.FollowerRole - RaftServer{raft-partition-4}{role=FOLLOWER} - Received AppendRequest{term=1, leader=1, prevLogIndex=1, prevLogTerm=1, entries=0, commitIndex=1}
21:52:19.243 [raft-server-raft-partition-4] TRACE i.a.p.raft.roles.FollowerRole - RaftServer{raft-partition-4}{role=FOLLOWER} - Sending AppendResponse{status=OK, term=1, succeeded=true, lastLogIndex=1}
21:52:19.243 [raft-server-raft-partition-4] TRACE i.a.p.raft.roles.FollowerRole - RaftServer{raft-partition-4}{role=FOLLOWER} - Sending AppendResponse{status=OK, term=1, succeeded=true, lastLogIndex=1}
21:52:19.243 [raft-server-raft-partition-4] TRACE i.a.p.raft.roles.LeaderAppender - RaftServer{raft-partition-4} - Received AppendResponse{status=OK, term=1, succeeded=true, lastLogIndex=1} from 3
21:52:19.244 [raft-server-raft-partition-4] TRACE i.a.p.raft.roles.LeaderAppender - RaftServer{raft-partition-4} - Sending AppendRequest{term=1, leader=1, prevLogIndex=1, prevLogTerm=1, entries=0, commitIndex=1} to 3
21:52:19.244 [raft-server-raft-partition-4] TRACE i.a.p.raft.roles.LeaderAppender - RaftServer{raft-partition-4} - Received AppendResponse{status=OK, term=1, succeeded=true, lastLogIndex=1} from 2
21:52:19.244 [raft-server-raft-partition-4] TRACE i.a.p.raft.roles.LeaderAppender - RaftServer{raft-partition-4} - Sending AppendRequest{term=1, leader=1, prevLogIndex=1, prevLogTerm=1, entries=0, commitIndex=1} to 2
21:52:19.244 [raft-server-raft-partition-4] TRACE i.a.p.raft.roles.FollowerRole - RaftServer{raft-partition-4}{role=FOLLOWER} - Received AppendRequest{term=1, leader=1, prevLogIndex=1, prevLogTerm=1, entries=0, commitIndex=1}
21:52:19.244 [raft-server-raft-partition-4] TRACE i.a.p.raft.roles.FollowerRole - RaftServer{raft-partition-4}{role=FOLLOWER} - Sending AppendResponse{status=OK, term=1, succeeded=true, lastLogIndex=1}
21:52:19.244 [raft-server-raft-partition-4] TRACE i.a.p.raft.roles.FollowerRole - RaftServer{raft-partition-4}{role=FOLLOWER} - Received AppendRequest{term=1, leader=1, prevLogIndex=1, prevLogTerm=1, entries=0, commitIndex=1}
21:52:19.244 [raft-server-raft-partition-4] TRACE i.a.p.raft.roles.FollowerRole - RaftServer{raft-partition-4}{role=FOLLOWER} - Sending AppendResponse{status=OK, term=1, succeeded=true, lastLogIndex=1}
21:52:19.244 [raft-server-raft-partition-4] TRACE i.a.p.raft.roles.LeaderAppender - RaftServer{raft-partition-4} - Received AppendResponse{status=OK, term=1, succeeded=true, lastLogIndex=1} from 3
21:52:19.244 [raft-server-raft-partition-4] TRACE i.a.p.raft.roles.LeaderAppender - RaftServer{raft-partition-4} - Received AppendResponse{status=OK, term=1, succeeded=true, lastLogIndex=1} from 2
21:52:19.318 [raft-server-raft-partition-2] TRACE i.a.p.raft.roles.LeaderAppender - RaftServer{raft-partition-2} - Sending AppendRequest{term=1, leader=1, prevLogIndex=1, prevLogTerm=1, entries=0, commitIndex=1} to 2
21:52:19.318 [raft-server-raft-partition-2] TRACE i.a.p.raft.roles.LeaderAppender - RaftServer{raft-partition-2} - Sending AppendRequest{term=1, leader=1, prevLogIndex=1, prevLogTerm=1, entries=0, commitIndex=1} to 3
21:52:19.318 [raft-server-raft-partition-2] TRACE i.a.p.raft.roles.FollowerRole - RaftServer{raft-partition-2}{role=FOLLOWER} - Received AppendRequest{term=1, leader=1, prevLogIndex=1, prevLogTerm=1, entries=0, commitIndex=1}
21:52:19.318 [raft-server-raft-partition-2] TRACE i.a.p.raft.roles.FollowerRole - RaftServer{raft-partition-2}{role=FOLLOWER} - Received AppendRequest{term=1, leader=1, prevLogIndex=1, prevLogTerm=1, entries=0, commitIndex=1}
21:52:19.318 [raft-server-raft-partition-2] TRACE i.a.p.raft.roles.FollowerRole - RaftServer{raft-partition-2}{role=FOLLOWER} - Sending AppendResponse{status=OK, term=1, succeeded=true, lastLogIndex=1}
21:52:19.318 [raft-server-raft-partition-2] TRACE i.a.p.raft.roles.FollowerRole - RaftServer{raft-partition-2}{role=FOLLOWER} - Sending AppendResponse{status=OK, term=1, succeeded=true, lastLogIndex=1}
21:52:19.318 [raft-server-raft-partition-2] TRACE i.a.p.raft.roles.LeaderAppender - RaftServer{raft-partition-2} - Received AppendResponse{status=OK, term=1, succeeded=true, lastLogIndex=1} from 3
21:52:19.318 [raft-server-raft-partition-2] TRACE i.a.p.raft.roles.LeaderAppender - RaftServer{raft-partition-2} - Received AppendResponse{status=OK, term=1, succeeded=true, lastLogIndex=1} from 2
21:52:19.326 [raft-server-raft-partition-6] TRACE i.a.p.raft.roles.LeaderAppender - RaftServer{raft-partition-6} - Sending AppendRequest{term=1, leader=1, prevLogIndex=1, prevLogTerm=1, entries=0, commitIndex=1} to 2
21:52:19.326 [raft-server-raft-partition-6] TRACE i.a.p.raft.roles.LeaderAppender - RaftServer{raft-partition-6} - Sending AppendRequest{term=1, leader=1, prevLogIndex=1, prevLogTerm=1, entries=0, commitIndex=1} to 3
21:52:19.326 [raft-server-raft-partition-6] TRACE i.a.p.raft.roles.FollowerRole - RaftServer{raft-partition-6}{role=FOLLOWER} - Received AppendRequest{term=1, leader=1, prevLogIndex=1, prevLogTerm=1, entries=0, commitIndex=1}
21:52:19.326 [raft-server-raft-partition-6] TRACE i.a.p.raft.roles.FollowerRole - RaftServer{raft-partition-6}{role=FOLLOWER} - Received AppendRequest{term=1, leader=1, prevLogIndex=1, prevLogTerm=1, entries=0, commitIndex=1}
21:52:19.326 [raft-server-raft-partition-6] TRACE i.a.p.raft.roles.FollowerRole - RaftServer{raft-partition-6}{role=FOLLOWER} - Sending AppendResponse{status=OK, term=1, succeeded=true, lastLogIndex=1}
21:52:19.326 [raft-server-raft-partition-6] TRACE i.a.p.raft.roles.FollowerRole - RaftServer{raft-partition-6}{role=FOLLOWER} - Sending AppendResponse{status=OK, term=1, succeeded=true, lastLogIndex=1}
21:52:19.326 [raft-server-raft-partition-6] TRACE i.a.p.raft.roles.LeaderAppender - RaftServer{raft-partition-6} - Received AppendResponse{status=OK, term=1, succeeded=true, lastLogIndex=1} from 3
21:52:19.326 [raft-server-raft-partition-6] TRACE i.a.p.raft.roles.LeaderAppender - RaftServer{raft-partition-6} - Sending AppendRequest{term=1, leader=1, prevLogIndex=1, prevLogTerm=1, entries=0, commitIndex=1} to 3
21:52:19.326 [raft-server-raft-partition-6] TRACE i.a.p.raft.roles.LeaderAppender - RaftServer{raft-partition-6} - Received AppendResponse{status=OK, term=1, succeeded=true, lastLogIndex=1} from 2
21:52:19.326 [raft-server-raft-partition-6] TRACE i.a.p.raft.roles.LeaderAppender - RaftServer{raft-partition-6} - Sending AppendRequest{term=1, leader=1, prevLogIndex=1, prevLogTerm=1, entries=0, commitIndex=1} to 2
21:52:19.326 [raft-server-raft-partition-6] TRACE i.a.p.raft.roles.FollowerRole - RaftServer{raft-partition-6}{role=FOLLOWER} - Received AppendRequest{term=1, leader=1, prevLogIndex=1, prevLogTerm=1, entries=0, commitIndex=1}
21:52:19.326 [raft-server-raft-partition-6] TRACE i.a.p.raft.roles.FollowerRole - RaftServer{raft-partition-6}{role=FOLLOWER} - Sending AppendResponse{status=OK, term=1, succeeded=true, lastLogIndex=1}
21:52:19.326 [raft-server-raft-partition-6] TRACE i.a.p.raft.roles.FollowerRole - RaftServer{raft-partition-6}{role=FOLLOWER} - Received AppendRequest{term=1, leader=1, prevLogIndex=1, prevLogTerm=1, entries=0, commitIndex=1}
21:52:19.326 [raft-server-raft-partition-6] TRACE i.a.p.raft.roles.FollowerRole - RaftServer{raft-partition-6}{role=FOLLOWER} - Sending AppendResponse{status=OK, term=1, succeeded=true, lastLogIndex=1}
21:52:19.326 [raft-server-raft-partition-6] TRACE i.a.p.raft.roles.LeaderAppender - RaftServer{raft-partition-6} - Received AppendResponse{status=OK, term=1, succeeded=true, lastLogIndex=1} from 3
21:52:19.326 [raft-server-raft-partition-6] TRACE i.a.p.raft.roles.LeaderAppender - RaftServer{raft-partition-6} - Sending AppendRequest{term=1, leader=1, prevLogIndex=1, prevLogTerm=1, entries=0, commitIndex=1} to 3
21:52:19.326 [raft-server-raft-partition-6] TRACE i.a.p.raft.roles.LeaderAppender - RaftServer{raft-partition-6} - Received AppendResponse{status=OK, term=1, succeeded=true, lastLogIndex=1} from 2
21:52:19.326 [raft-server-raft-partition-6] TRACE i.a.p.raft.roles.LeaderAppender - RaftServer{raft-partition-6} - Sending AppendRequest{term=1, leader=1, prevLogIndex=1, prevLogTerm=1, entries=0, commitIndex=1} to 2
21:52:19.327 [raft-server-raft-partition-6] TRACE i.a.p.raft.roles.FollowerRole - RaftServer{raft-partition-6}{role=FOLLOWER} - Received AppendRequest{term=1, leader=1, prevLogIndex=1, prevLogTerm=1, entries=0, commitIndex=1}
21:52:19.327 [raft-server-raft-partition-6] TRACE i.a.p.raft.roles.FollowerRole - RaftServer{raft-partition-6}{role=FOLLOWER} - Received AppendRequest{term=1, leader=1, prevLogIndex=1, prevLogTerm=1, entries=0, commitIndex=1}
21:52:19.327 [raft-server-raft-partition-6] TRACE i.a.p.raft.roles.FollowerRole - RaftServer{raft-partition-6}{role=FOLLOWER} - Sending AppendResponse{status=OK, term=1, succeeded=true, lastLogIndex=1}
21:52:19.327 [raft-server-raft-partition-6] TRACE i.a.p.raft.roles.FollowerRole - RaftServer{raft-partition-6}{role=FOLLOWER} - Sending AppendResponse{status=OK, term=1, succeeded=true, lastLogIndex=1}
21:52:19.327 [raft-server-raft-partition-6] TRACE i.a.p.raft.roles.LeaderAppender - RaftServer{raft-partition-6} - Received AppendResponse{status=OK, term=1, succeeded=true, lastLogIndex=1} from 2
21:52:19.327 [raft-server-raft-partition-6] TRACE i.a.p.raft.roles.LeaderAppender - RaftServer{raft-partition-6} - Sending AppendRequest{term=1, leader=1, prevLogIndex=1, prevLogTerm=1, entries=0, commitIndex=1} to 2
21:52:19.327 [raft-server-raft-partition-6] TRACE i.a.p.raft.roles.LeaderAppender - RaftServer{raft-partition-6} - Received AppendResponse{status=OK, term=1, succeeded=true, lastLogIndex=1} from 3
21:52:19.327 [raft-server-raft-partition-6] TRACE i.a.p.raft.roles.LeaderAppender - RaftServer{raft-partition-6} - Sending AppendRequest{term=1, leader=1, prevLogIndex=1, prevLogTerm=1, entries=0, commitIndex=1} to 3
21:52:19.327 [raft-server-raft-partition-6] TRACE i.a.p.raft.roles.FollowerRole - RaftServer{raft-partition-6}{role=FOLLOWER} - Received AppendRequest{term=1, leader=1, prevLogIndex=1, prevLogTerm=1, entries=0, commitIndex=1}
21:52:19.327 [raft-server-raft-partition-6] TRACE i.a.p.raft.roles.FollowerRole - RaftServer{raft-partition-6}{role=FOLLOWER} - Sending AppendResponse{status=OK, term=1, succeeded=true, lastLogIndex=1}
21:52:19.327 [raft-server-raft-partition-6] TRACE i.a.p.raft.roles.FollowerRole - RaftServer{raft-partition-6}{role=FOLLOWER} - Received AppendRequest{term=1, leader=1, prevLogIndex=1, prevLogTerm=1, entries=0, commitIndex=1}
21:52:19.327 [raft-server-raft-partition-6] TRACE i.a.p.raft.roles.FollowerRole - RaftServer{raft-partition-6}{role=FOLLOWER} - Sending AppendResponse{status=OK, term=1, succeeded=true, lastLogIndex=1}
21:52:19.327 [raft-server-raft-partition-6] TRACE i.a.p.raft.roles.LeaderAppender - RaftServer{raft-partition-6} - Received AppendResponse{status=OK, term=1, succeeded=true, lastLogIndex=1} from 2
21:52:19.327 [raft-server-raft-partition-6] TRACE i.a.p.raft.roles.LeaderAppender - RaftServer{raft-partition-6} - Received AppendResponse{status=OK, term=1, succeeded=true, lastLogIndex=1} from 3
21:52:19.375 [raft-server-raft-partition-3] TRACE i.a.p.raft.roles.LeaderAppender - RaftServer{raft-partition-3} - Sending AppendRequest{term=3, leader=1, prevLogIndex=1, prevLogTerm=2, entries=0, commitIndex=1} to 2
21:52:19.375 [raft-server-raft-partition-3] TRACE i.a.p.raft.roles.LeaderAppender - RaftServer{raft-partition-3} - Sending AppendRequest{term=3, leader=1, prevLogIndex=1, prevLogTerm=2, entries=0, commitIndex=1} to 3
21:52:19.375 [raft-server-raft-partition-3] TRACE i.a.p.raft.roles.FollowerRole - RaftServer{raft-partition-3}{role=FOLLOWER} - Received AppendRequest{term=3, leader=1, prevLogIndex=1, prevLogTerm=2, entries=0, commitIndex=1}
21:52:19.375 [raft-server-raft-partition-3] TRACE i.a.p.raft.roles.FollowerRole - RaftServer{raft-partition-3}{role=FOLLOWER} - Received AppendRequest{term=3, leader=1, prevLogIndex=1, prevLogTerm=2, entries=0, commitIndex=1}
21:52:19.375 [raft-server-raft-partition-3] TRACE i.a.p.raft.roles.FollowerRole - RaftServer{raft-partition-3}{role=FOLLOWER} - Sending AppendResponse{status=OK, term=3, succeeded=true, lastLogIndex=1}
21:52:19.375 [raft-server-raft-partition-3] TRACE i.a.p.raft.roles.FollowerRole - RaftServer{raft-partition-3}{role=FOLLOWER} - Sending AppendResponse{status=OK, term=3, succeeded=true, lastLogIndex=1}
21:52:19.375 [raft-server-raft-partition-3] TRACE i.a.p.raft.roles.LeaderAppender - RaftServer{raft-partition-3} - Received AppendResponse{status=OK, term=3, succeeded=true, lastLogIndex=1} from 3
21:52:19.375 [raft-server-raft-partition-3] TRACE i.a.p.raft.roles.LeaderAppender - RaftServer{raft-partition-3} - Sending AppendRequest{term=3, leader=1, prevLogIndex=1, prevLogTerm=2, entries=0, commitIndex=1} to 3
21:52:19.375 [raft-server-raft-partition-3] TRACE i.a.p.raft.roles.LeaderAppender - RaftServer{raft-partition-3} - Received AppendResponse{status=OK, term=3, succeeded=true, lastLogIndex=1} from 2
21:52:19.375 [raft-server-raft-partition-3] TRACE i.a.p.raft.roles.LeaderAppender - RaftServer{raft-partition-3} - Sending AppendRequest{term=3, leader=1, prevLogIndex=1, prevLogTerm=2, entries=0, commitIndex=1} to 2
21:52:19.375 [raft-server-raft-partition-3] TRACE i.a.p.raft.roles.FollowerRole - RaftServer{raft-partition-3}{role=FOLLOWER} - Received AppendRequest{term=3, leader=1, prevLogIndex=1, prevLogTerm=2, entries=0, commitIndex=1}
21:52:19.375 [raft-server-raft-partition-3] TRACE i.a.p.raft.roles.FollowerRole - RaftServer{raft-partition-3}{role=FOLLOWER} - Received AppendRequest{term=3, leader=1, prevLogIndex=1, prevLogTerm=2, entries=0, commitIndex=1}
21:52:19.375 [raft-server-raft-partition-3] TRACE i.a.p.raft.roles.FollowerRole - RaftServer{raft-partition-3}{role=FOLLOWER} - Sending AppendResponse{status=OK, term=3, succeeded=true, lastLogIndex=1}
21:52:19.375 [raft-server-raft-partition-3] TRACE i.a.p.raft.roles.FollowerRole - RaftServer{raft-partition-3}{role=FOLLOWER} - Sending AppendResponse{status=OK, term=3, succeeded=true, lastLogIndex=1}
21:52:19.376 [raft-server-raft-partition-3] TRACE i.a.p.raft.roles.LeaderAppender - RaftServer{raft-partition-3} - Received AppendResponse{status=OK, term=3, succeeded=true, lastLogIndex=1} from 3
21:52:19.376 [raft-server-raft-partition-3] TRACE i.a.p.raft.roles.LeaderAppender - RaftServer{raft-partition-3} - Sending AppendRequest{term=3, leader=1, prevLogIndex=1, prevLogTerm=2, entries=0, commitIndex=1} to 3
21:52:19.376 [raft-server-raft-partition-3] TRACE i.a.p.raft.roles.LeaderAppender - RaftServer{raft-partition-3} - Received AppendResponse{status=OK, term=3, succeeded=true, lastLogIndex=1} from 2
21:52:19.376 [raft-server-raft-partition-3] TRACE i.a.p.raft.roles.LeaderAppender - RaftServer{raft-partition-3} - Sending AppendRequest{term=3, leader=1, prevLogIndex=1, prevLogTerm=2, entries=0, commitIndex=1} to 2
21:52:19.376 [raft-server-raft-partition-3] TRACE i.a.p.raft.roles.FollowerRole - RaftServer{raft-partition-3}{role=FOLLOWER} - Received AppendRequest{term=3, leader=1, prevLogIndex=1, prevLogTerm=2, entries=0, commitIndex=1}
21:52:19.376 [raft-server-raft-partition-3] TRACE i.a.p.raft.roles.FollowerRole - RaftServer{raft-partition-3}{role=FOLLOWER} - Received AppendRequest{term=3, leader=1, prevLogIndex=1, prevLogTerm=2, entries=0, commitIndex=1}
21:52:19.376 [raft-server-raft-partition-3] TRACE i.a.p.raft.roles.FollowerRole - RaftServer{raft-partition-3}{role=FOLLOWER} - Sending AppendResponse{status=OK, term=3, succeeded=true, lastLogIndex=1}
21:52:19.376 [raft-server-raft-partition-3] TRACE i.a.p.raft.roles.FollowerRole - RaftServer{raft-partition-3}{role=FOLLOWER} - Sending AppendResponse{status=OK, term=3, succeeded=true, lastLogIndex=1}
21:52:19.376 [raft-server-raft-partition-3] TRACE i.a.p.raft.roles.LeaderAppender - RaftServer{raft-partition-3} - Received AppendResponse{status=OK, term=3, succeeded=true, lastLogIndex=1} from 3
21:52:19.376 [raft-server-raft-partition-3] TRACE i.a.p.raft.roles.LeaderAppender - RaftServer{raft-partition-3} - Received AppendResponse{status=OK, term=3, succeeded=true, lastLogIndex=1} from 2
21:52:19.384 [raft-server-raft-partition-1] TRACE i.a.p.raft.roles.LeaderAppender - RaftServer{raft-partition-1} - Sending AppendRequest{term=1, leader=2, prevLogIndex=1, prevLogTerm=1, entries=0, commitIndex=1} to 3
21:52:19.385 [raft-server-raft-partition-1] TRACE i.a.p.raft.roles.FollowerRole - RaftServer{raft-partition-1}{role=FOLLOWER} - Received AppendRequest{term=1, leader=2, prevLogIndex=1, prevLogTerm=1, entries=0, commitIndex=1}
21:52:19.385 [raft-server-raft-partition-1] TRACE i.a.p.raft.roles.FollowerRole - RaftServer{raft-partition-1}{role=FOLLOWER} - Sending AppendResponse{status=OK, term=1, succeeded=true, lastLogIndex=1}
21:52:19.385 [raft-server-raft-partition-1] TRACE i.a.p.raft.roles.LeaderAppender - RaftServer{raft-partition-1} - Received AppendResponse{status=OK, term=1, succeeded=true, lastLogIndex=1} from 3
21:52:19.385 [raft-server-raft-partition-1] TRACE i.a.p.raft.roles.LeaderAppender - RaftServer{raft-partition-1} - Sending AppendRequest{term=1, leader=2, prevLogIndex=1, prevLogTerm=1, entries=0, commitIndex=1} to 3
21:52:19.385 [raft-server-raft-partition-1] TRACE i.a.p.raft.roles.FollowerRole - RaftServer{raft-partition-1}{role=FOLLOWER} - Received AppendRequest{term=1, leader=2, prevLogIndex=1, prevLogTerm=1, entries=0, commitIndex=1}
21:52:19.386 [raft-server-raft-partition-1] TRACE i.a.p.raft.roles.FollowerRole - RaftServer{raft-partition-1}{role=FOLLOWER} - Sending AppendResponse{status=OK, term=1, succeeded=true, lastLogIndex=1}
21:52:19.386 [raft-server-raft-partition-1] TRACE i.a.p.raft.roles.LeaderAppender - RaftServer{raft-partition-1} - Received AppendResponse{status=OK, term=1, succeeded=true, lastLogIndex=1} from 3
21:52:19.417 [raft-server-system-partition-1] TRACE i.a.p.raft.roles.LeaderAppender - RaftServer{system-partition-1} - Sending AppendRequest{term=1, leader=1, prevLogIndex=16, prevLogTerm=1, entries=0, commitIndex=16} to 2
21:52:19.417 [raft-server-system-partition-1] TRACE i.a.p.raft.roles.LeaderAppender - RaftServer{system-partition-1} - Sending AppendRequest{term=1, leader=1, prevLogIndex=16, prevLogTerm=1, entries=0, commitIndex=16} to 3
21:52:19.418 [raft-server-system-partition-1] TRACE i.a.p.raft.roles.FollowerRole - RaftServer{system-partition-1}{role=FOLLOWER} - Received AppendRequest{term=1, leader=1, prevLogIndex=16, prevLogTerm=1, entries=0, commitIndex=16}
21:52:19.418 [raft-server-system-partition-1] TRACE i.a.p.raft.roles.FollowerRole - RaftServer{system-partition-1}{role=FOLLOWER} - Sending AppendResponse{status=OK, term=1, succeeded=true, lastLogIndex=16}
21:52:19.418 [raft-server-system-partition-1] TRACE i.a.p.raft.roles.FollowerRole - RaftServer{system-partition-1}{role=FOLLOWER} - Received AppendRequest{term=1, leader=1, prevLogIndex=16, prevLogTerm=1, entries=0, commitIndex=16}
21:52:19.418 [raft-server-system-partition-1] TRACE i.a.p.raft.roles.FollowerRole - RaftServer{system-partition-1}{role=FOLLOWER} - Sending AppendResponse{status=OK, term=1, succeeded=true, lastLogIndex=16}
21:52:19.418 [raft-server-system-partition-1] TRACE i.a.p.raft.roles.LeaderAppender - RaftServer{system-partition-1} - Received AppendResponse{status=OK, term=1, succeeded=true, lastLogIndex=16} from 2
21:52:19.418 [raft-server-system-partition-1] TRACE i.a.p.raft.roles.LeaderAppender - RaftServer{system-partition-1} - Sending AppendRequest{term=1, leader=1, prevLogIndex=16, prevLogTerm=1, entries=0, commitIndex=16} to 2
21:52:19.418 [raft-server-system-partition-1] TRACE i.a.p.raft.roles.LeaderAppender - RaftServer{system-partition-1} - Received AppendResponse{status=OK, term=1, succeeded=true, lastLogIndex=16} from 3
21:52:19.418 [raft-server-system-partition-1] TRACE i.a.p.raft.roles.LeaderAppender - RaftServer{system-partition-1} - Sending AppendRequest{term=1, leader=1, prevLogIndex=16, prevLogTerm=1, entries=0, commitIndex=16} to 3
21:52:19.418 [raft-server-system-partition-1] TRACE i.a.p.raft.roles.FollowerRole - RaftServer{system-partition-1}{role=FOLLOWER} - Received AppendRequest{term=1, leader=1, prevLogIndex=16, prevLogTerm=1, entries=0, commitIndex=16}
21:52:19.418 [raft-server-system-partition-1] TRACE i.a.p.raft.roles.FollowerRole - RaftServer{system-partition-1}{role=FOLLOWER} - Sending AppendResponse{status=OK, term=1, succeeded=true, lastLogIndex=16}
21:52:19.418 [raft-server-system-partition-1] TRACE i.a.p.raft.roles.FollowerRole - RaftServer{system-partition-1}{role=FOLLOWER} - Received AppendRequest{term=1, leader=1, prevLogIndex=16, prevLogTerm=1, entries=0, commitIndex=16}
21:52:19.418 [raft-server-system-partition-1] TRACE i.a.p.raft.roles.FollowerRole - RaftServer{system-partition-1}{role=FOLLOWER} - Sending AppendResponse{status=OK, term=1, succeeded=true, lastLogIndex=16}
21:52:19.418 [raft-server-system-partition-1] TRACE i.a.p.raft.roles.LeaderAppender - RaftServer{system-partition-1} - Received AppendResponse{status=OK, term=1, succeeded=true, lastLogIndex=16} from 2
21:52:19.418 [raft-server-system-partition-1] TRACE i.a.p.raft.roles.LeaderAppender - RaftServer{system-partition-1} - Received AppendResponse{status=OK, term=1, succeeded=true, lastLogIndex=16} from 3
21:52:19.459 [raft-server-raft-partition-5] TRACE i.a.p.raft.roles.LeaderAppender - RaftServer{raft-partition-5} - Sending AppendRequest{term=1, leader=3, prevLogIndex=1, prevLogTerm=1, entries=0, commitIndex=1} to 1
21:52:19.459 [raft-server-raft-partition-5] TRACE i.a.p.raft.roles.LeaderAppender - RaftServer{raft-partition-5} - Sending AppendRequest{term=1, leader=3, prevLogIndex=1, prevLogTerm=1, entries=0, commitIndex=1} to 2
21:52:19.459 [raft-server-raft-partition-7] TRACE i.a.p.raft.roles.LeaderAppender - RaftServer{raft-partition-7} - Sending AppendRequest{term=1, leader=2, prevLogIndex=1, prevLogTerm=1, entries=0, commitIndex=1} to 1
21:52:19.459 [raft-server-raft-partition-5] TRACE i.a.p.raft.roles.FollowerRole - RaftServer{raft-partition-5}{role=FOLLOWER} - Received AppendRequest{term=1, leader=3, prevLogIndex=1, prevLogTerm=1, entries=0, commitIndex=1}
21:52:19.459 [raft-server-raft-partition-7] TRACE i.a.p.raft.roles.LeaderAppender - RaftServer{raft-partition-7} - Sending AppendRequest{term=1, leader=2, prevLogIndex=1, prevLogTerm=1, entries=0, commitIndex=1} to 3
21:52:19.459 [raft-server-raft-partition-5] TRACE i.a.p.raft.roles.FollowerRole - RaftServer{raft-partition-5}{role=FOLLOWER} - Sending AppendResponse{status=OK, term=1, succeeded=true, lastLogIndex=1}
21:52:19.459 [raft-server-raft-partition-5] TRACE i.a.p.raft.roles.FollowerRole - RaftServer{raft-partition-5}{role=FOLLOWER} - Received AppendRequest{term=1, leader=3, prevLogIndex=1, prevLogTerm=1, entries=0, commitIndex=1}
21:52:19.459 [raft-server-raft-partition-7] TRACE i.a.p.raft.roles.FollowerRole - RaftServer{raft-partition-7}{role=FOLLOWER} - Received AppendRequest{term=1, leader=2, prevLogIndex=1, prevLogTerm=1, entries=0, commitIndex=1}
21:52:19.459 [raft-server-raft-partition-5] TRACE i.a.p.raft.roles.FollowerRole - RaftServer{raft-partition-5}{role=FOLLOWER} - Sending AppendResponse{status=OK, term=1, succeeded=true, lastLogIndex=1}
21:52:19.459 [raft-server-raft-partition-7] TRACE i.a.p.raft.roles.FollowerRole - RaftServer{raft-partition-7}{role=FOLLOWER} - Received AppendRequest{term=1, leader=2, prevLogIndex=1, prevLogTerm=1, entries=0, commitIndex=1}
21:52:19.459 [raft-server-raft-partition-7] TRACE i.a.p.raft.roles.FollowerRole - RaftServer{raft-partition-7}{role=FOLLOWER} - Sending AppendResponse{status=OK, term=1, succeeded=true, lastLogIndex=1}
21:52:19.459 [raft-server-raft-partition-5] TRACE i.a.p.raft.roles.LeaderAppender - RaftServer{raft-partition-5} - Received AppendResponse{status=OK, term=1, succeeded=true, lastLogIndex=1} from 1
21:52:19.459 [raft-server-raft-partition-7] TRACE i.a.p.raft.roles.FollowerRole - RaftServer{raft-partition-7}{role=FOLLOWER} - Sending AppendResponse{status=OK, term=1, succeeded=true, lastLogIndex=1}
21:52:19.460 [raft-server-raft-partition-5] TRACE i.a.p.raft.roles.LeaderAppender - RaftServer{raft-partition-5} - Sending AppendRequest{term=1, leader=3, prevLogIndex=1, prevLogTerm=1, entries=0, commitIndex=1} to 1
21:52:19.460 [raft-server-raft-partition-7] TRACE i.a.p.raft.roles.LeaderAppender - RaftServer{raft-partition-7} - Received AppendResponse{status=OK, term=1, succeeded=true, lastLogIndex=1} from 1
21:52:19.460 [raft-server-raft-partition-5] TRACE i.a.p.raft.roles.LeaderAppender - RaftServer{raft-partition-5} - Received AppendResponse{status=OK, term=1, succeeded=true, lastLogIndex=1} from 2
21:52:19.460 [raft-server-raft-partition-7] TRACE i.a.p.raft.roles.LeaderAppender - RaftServer{raft-partition-7} - Sending AppendRequest{term=1, leader=2, prevLogIndex=1, prevLogTerm=1, entries=0, commitIndex=1} to 1
21:52:19.460 [raft-server-raft-partition-5] TRACE i.a.p.raft.roles.LeaderAppender - RaftServer{raft-partition-5} - Sending AppendRequest{term=1, leader=3, prevLogIndex=1, prevLogTerm=1, entries=0, commitIndex=1} to 2
21:52:19.460 [raft-server-raft-partition-5] TRACE i.a.p.raft.roles.FollowerRole - RaftServer{raft-partition-5}{role=FOLLOWER} - Received AppendRequest{term=1, leader=3, prevLogIndex=1, prevLogTerm=1, entries=0, commitIndex=1}
21:52:19.460 [raft-server-raft-partition-7] TRACE i.a.p.raft.roles.LeaderAppender - RaftServer{raft-partition-7} - Received AppendResponse{status=OK, term=1, succeeded=true, lastLogIndex=1} from 3
21:52:19.460 [raft-server-raft-partition-7] TRACE i.a.p.raft.roles.FollowerRole - RaftServer{raft-partition-7}{role=FOLLOWER} - Received AppendRequest{term=1, leader=2, prevLogIndex=1, prevLogTerm=1, entries=0, commitIndex=1}
21:52:19.460 [raft-server-raft-partition-5] TRACE i.a.p.raft.roles.FollowerRole - RaftServer{raft-partition-5}{role=FOLLOWER} - Sending AppendResponse{status=OK, term=1, succeeded=true, lastLogIndex=1}
21:52:19.460 [raft-server-raft-partition-7] TRACE i.a.p.raft.roles.LeaderAppender - RaftServer{raft-partition-7} - Sending AppendRequest{term=1, leader=2, prevLogIndex=1, prevLogTerm=1, entries=0, commitIndex=1} to 3
21:52:19.460 [raft-server-raft-partition-7] TRACE i.a.p.raft.roles.FollowerRole - RaftServer{raft-partition-7}{role=FOLLOWER} - Sending AppendResponse{status=OK, term=1, succeeded=true, lastLogIndex=1}
21:52:19.460 [raft-server-raft-partition-5] TRACE i.a.p.raft.roles.FollowerRole - RaftServer{raft-partition-5}{role=FOLLOWER} - Received AppendRequest{term=1, leader=3, prevLogIndex=1, prevLogTerm=1, entries=0, commitIndex=1}
21:52:19.460 [raft-server-raft-partition-5] TRACE i.a.p.raft.roles.LeaderAppender - RaftServer{raft-partition-5} - Received AppendResponse{status=OK, term=1, succeeded=true, lastLogIndex=1} from 1
21:52:19.460 [raft-server-raft-partition-5] TRACE i.a.p.raft.roles.FollowerRole - RaftServer{raft-partition-5}{role=FOLLOWER} - Sending AppendResponse{status=OK, term=1, succeeded=true, lastLogIndex=1}
21:52:19.460 [raft-server-raft-partition-7] TRACE i.a.p.raft.roles.LeaderAppender - RaftServer{raft-partition-7} - Received AppendResponse{status=OK, term=1, succeeded=true, lastLogIndex=1} from 1
21:52:19.460 [raft-server-raft-partition-7] TRACE i.a.p.raft.roles.FollowerRole - RaftServer{raft-partition-7}{role=FOLLOWER} - Received AppendRequest{term=1, leader=2, prevLogIndex=1, prevLogTerm=1, entries=0, commitIndex=1}
21:52:19.460 [raft-server-raft-partition-5] TRACE i.a.p.raft.roles.LeaderAppender - RaftServer{raft-partition-5} - Received AppendResponse{status=OK, term=1, succeeded=true, lastLogIndex=1} from 2
21:52:19.460 [raft-server-raft-partition-7] TRACE i.a.p.raft.roles.FollowerRole - RaftServer{raft-partition-7}{role=FOLLOWER} - Sending AppendResponse{status=OK, term=1, succeeded=true, lastLogIndex=1}
21:52:19.460 [raft-server-raft-partition-7] TRACE i.a.p.raft.roles.LeaderAppender - RaftServer{raft-partition-7} - Received AppendResponse{status=OK, term=1, succeeded=true, lastLogIndex=1} from 3
21:52:19.493 [raft-server-raft-partition-4] TRACE i.a.p.raft.roles.LeaderAppender - RaftServer{raft-partition-4} - Sending AppendRequest{term=1, leader=1, prevLogIndex=1, prevLogTerm=1, entries=0, commitIndex=1} to 2
21:52:19.493 [raft-server-raft-partition-4] TRACE i.a.p.raft.roles.LeaderAppender - RaftServer{raft-partition-4} - Sending AppendRequest{term=1, leader=1, prevLogIndex=1, prevLogTerm=1, entries=0, commitIndex=1} to 3
21:52:19.493 [raft-server-raft-partition-4] TRACE i.a.p.raft.roles.FollowerRole - RaftServer{raft-partition-4}{role=FOLLOWER} - Received AppendRequest{term=1, leader=1, prevLogIndex=1, prevLogTerm=1, entries=0, commitIndex=1}
21:52:19.493 [raft-server-raft-partition-4] TRACE i.a.p.raft.roles.FollowerRole - RaftServer{raft-partition-4}{role=FOLLOWER} - Received AppendRequest{term=1, leader=1, prevLogIndex=1, prevLogTerm=1, entries=0, commitIndex=1}
21:52:19.493 [raft-server-raft-partition-4] TRACE i.a.p.raft.roles.FollowerRole - RaftServer{raft-partition-4}{role=FOLLOWER} - Sending AppendResponse{status=OK, term=1, succeeded=true, lastLogIndex=1}
21:52:19.493 [raft-server-raft-partition-4] TRACE i.a.p.raft.roles.FollowerRole - RaftServer{raft-partition-4}{role=FOLLOWER} - Sending AppendResponse{status=OK, term=1, succeeded=true, lastLogIndex=1}
21:52:19.493 [raft-server-raft-partition-4] TRACE i.a.p.raft.roles.LeaderAppender - RaftServer{raft-partition-4} - Received AppendResponse{status=OK, term=1, succeeded=true, lastLogIndex=1} from 3
21:52:19.493 [raft-server-raft-partition-4] TRACE i.a.p.raft.roles.LeaderAppender - RaftServer{raft-partition-4} - Sending AppendRequest{term=1, leader=1, prevLogIndex=1, prevLogTerm=1, entries=0, commitIndex=1} to 3
21:52:19.494 [raft-server-raft-partition-4] TRACE i.a.p.raft.roles.LeaderAppender - RaftServer{raft-partition-4} - Received AppendResponse{status=OK, term=1, succeeded=true, lastLogIndex=1} from 2
21:52:19.494 [raft-server-raft-partition-4] TRACE i.a.p.raft.roles.LeaderAppender - RaftServer{raft-partition-4} - Sending AppendRequest{term=1, leader=1, prevLogIndex=1, prevLogTerm=1, entries=0, commitIndex=1} to 2
21:52:19.494 [raft-server-raft-partition-4] TRACE i.a.p.raft.roles.FollowerRole - RaftServer{raft-partition-4}{role=FOLLOWER} - Received AppendRequest{term=1, leader=1, prevLogIndex=1, prevLogTerm=1, entries=0, commitIndex=1}
21:52:19.494 [raft-server-raft-partition-4] TRACE i.a.p.raft.roles.FollowerRole - RaftServer{raft-partition-4}{role=FOLLOWER} - Sending AppendResponse{status=OK, term=1, succeeded=true, lastLogIndex=1}
21:52:19.494 [raft-server-raft-partition-4] TRACE i.a.p.raft.roles.FollowerRole - RaftServer{raft-partition-4}{role=FOLLOWER} - Received AppendRequest{term=1, leader=1, prevLogIndex=1, prevLogTerm=1, entries=0, commitIndex=1}
21:52:19.494 [raft-server-raft-partition-4] TRACE i.a.p.raft.roles.FollowerRole - RaftServer{raft-partition-4}{role=FOLLOWER} - Sending AppendResponse{status=OK, term=1, succeeded=true, lastLogIndex=1}
21:52:19.494 [raft-server-raft-partition-4] TRACE i.a.p.raft.roles.LeaderAppender - RaftServer{raft-partition-4} - Received AppendResponse{status=OK, term=1, succeeded=true, lastLogIndex=1} from 3
21:52:19.494 [raft-server-raft-partition-4] TRACE i.a.p.raft.roles.LeaderAppender - RaftServer{raft-partition-4} - Sending AppendRequest{term=1, leader=1, prevLogIndex=1, prevLogTerm=1, entries=0, commitIndex=1} to 3
21:52:19.494 [raft-server-raft-partition-4] TRACE i.a.p.raft.roles.LeaderAppender - RaftServer{raft-partition-4} - Received AppendResponse{status=OK, term=1, succeeded=true, lastLogIndex=1} from 2
21:52:19.494 [raft-server-raft-partition-4] TRACE i.a.p.raft.roles.FollowerRole - RaftServer{raft-partition-4}{role=FOLLOWER} - Received AppendRequest{term=1, leader=1, prevLogIndex=1, prevLogTerm=1, entries=0, commitIndex=1}
21:52:19.494 [raft-server-raft-partition-4] TRACE i.a.p.raft.roles.FollowerRole - RaftServer{raft-partition-4}{role=FOLLOWER} - Sending AppendResponse{status=OK, term=1, succeeded=true, lastLogIndex=1}
21:52:19.494 [raft-server-raft-partition-4] TRACE i.a.p.raft.roles.LeaderAppender - RaftServer{raft-partition-4} - Received AppendResponse{status=OK, term=1, succeeded=true, lastLogIndex=1} from 3
21:52:19.568 [raft-server-raft-partition-2] TRACE i.a.p.raft.roles.LeaderAppender - RaftServer{raft-partition-2} - Sending AppendRequest{term=1, leader=1, prevLogIndex=1, prevLogTerm=1, entries=0, commitIndex=1} to 2
21:52:19.568 [raft-server-raft-partition-2] TRACE i.a.p.raft.roles.LeaderAppender - RaftServer{raft-partition-2} - Sending AppendRequest{term=1, leader=1, prevLogIndex=1, prevLogTerm=1, entries=0, commitIndex=1} to 3
21:52:19.568 [raft-server-raft-partition-2] TRACE i.a.p.raft.roles.FollowerRole - RaftServer{raft-partition-2}{role=FOLLOWER} - Received AppendRequest{term=1, leader=1, prevLogIndex=1, prevLogTerm=1, entries=0, commitIndex=1}
21:52:19.568 [raft-server-raft-partition-2] TRACE i.a.p.raft.roles.FollowerRole - RaftServer{raft-partition-2}{role=FOLLOWER} - Received AppendRequest{term=1, leader=1, prevLogIndex=1, prevLogTerm=1, entries=0, commitIndex=1}
21:52:19.568 [raft-server-raft-partition-2] TRACE i.a.p.raft.roles.FollowerRole - RaftServer{raft-partition-2}{role=FOLLOWER} - Sending AppendResponse{status=OK, term=1, succeeded=true, lastLogIndex=1}
21:52:19.568 [raft-server-raft-partition-2] TRACE i.a.p.raft.roles.FollowerRole - RaftServer{raft-partition-2}{role=FOLLOWER} - Sending AppendResponse{status=OK, term=1, succeeded=true, lastLogIndex=1}
21:52:19.568 [raft-server-raft-partition-2] TRACE i.a.p.raft.roles.LeaderAppender - RaftServer{raft-partition-2} - Received AppendResponse{status=OK, term=1, succeeded=true, lastLogIndex=1} from 3
21:52:19.568 [raft-server-raft-partition-2] TRACE i.a.p.raft.roles.LeaderAppender - RaftServer{raft-partition-2} - Received AppendResponse{status=OK, term=1, succeeded=true, lastLogIndex=1} from 2
21:52:19.576 [raft-server-raft-partition-6] TRACE i.a.p.raft.roles.LeaderAppender - RaftServer{raft-partition-6} - Sending AppendRequest{term=1, leader=1, prevLogIndex=1, prevLogTerm=1, entries=0, commitIndex=1} to 2
21:52:19.576 [raft-server-raft-partition-6] TRACE i.a.p.raft.roles.LeaderAppender - RaftServer{raft-partition-6} - Sending AppendRequest{term=1, leader=1, prevLogIndex=1, prevLogTerm=1, entries=0, commitIndex=1} to 3
21:52:19.576 [raft-server-raft-partition-6] TRACE i.a.p.raft.roles.FollowerRole - RaftServer{raft-partition-6}{role=FOLLOWER} - Received AppendRequest{term=1, leader=1, prevLogIndex=1, prevLogTerm=1, entries=0, commitIndex=1}
21:52:19.576 [raft-server-raft-partition-6] TRACE i.a.p.raft.roles.FollowerRole - RaftServer{raft-partition-6}{role=FOLLOWER} - Received AppendRequest{term=1, leader=1, prevLogIndex=1, prevLogTerm=1, entries=0, commitIndex=1}
21:52:19.576 [raft-server-raft-partition-6] TRACE i.a.p.raft.roles.FollowerRole - RaftServer{raft-partition-6}{role=FOLLOWER} - Sending AppendResponse{status=OK, term=1, succeeded=true, lastLogIndex=1}
21:52:19.576 [raft-server-raft-partition-6] TRACE i.a.p.raft.roles.FollowerRole - RaftServer{raft-partition-6}{role=FOLLOWER} - Sending AppendResponse{status=OK, term=1, succeeded=true, lastLogIndex=1}
21:52:19.576 [raft-server-raft-partition-6] TRACE i.a.p.raft.roles.LeaderAppender - RaftServer{raft-partition-6} - Received AppendResponse{status=OK, term=1, succeeded=true, lastLogIndex=1} from 2
21:52:19.576 [raft-server-raft-partition-6] TRACE i.a.p.raft.roles.LeaderAppender - RaftServer{raft-partition-6} - Sending AppendRequest{term=1, leader=1, prevLogIndex=1, prevLogTerm=1, entries=0, commitIndex=1} to 2
21:52:19.576 [raft-server-raft-partition-6] TRACE i.a.p.raft.roles.LeaderAppender - RaftServer{raft-partition-6} - Received AppendResponse{status=OK, term=1, succeeded=true, lastLogIndex=1} from 3
21:52:19.576 [raft-server-raft-partition-6] TRACE i.a.p.raft.roles.LeaderAppender - RaftServer{raft-partition-6} - Sending AppendRequest{term=1, leader=1, prevLogIndex=1, prevLogTerm=1, entries=0, commitIndex=1} to 3
21:52:19.576 [raft-server-raft-partition-6] TRACE i.a.p.raft.roles.FollowerRole - RaftServer{raft-partition-6}{role=FOLLOWER} - Received AppendRequest{term=1, leader=1, prevLogIndex=1, prevLogTerm=1, entries=0, commitIndex=1}
21:52:19.576 [raft-server-raft-partition-6] TRACE i.a.p.raft.roles.FollowerRole - RaftServer{raft-partition-6}{role=FOLLOWER} - Sending AppendResponse{status=OK, term=1, succeeded=true, lastLogIndex=1}
21:52:19.576 [raft-server-raft-partition-6] TRACE i.a.p.raft.roles.FollowerRole - RaftServer{raft-partition-6}{role=FOLLOWER} - Received AppendRequest{term=1, leader=1, prevLogIndex=1, prevLogTerm=1, entries=0, commitIndex=1}
21:52:19.576 [raft-server-raft-partition-6] TRACE i.a.p.raft.roles.FollowerRole - RaftServer{raft-partition-6}{role=FOLLOWER} - Sending AppendResponse{status=OK, term=1, succeeded=true, lastLogIndex=1}
21:52:19.576 [raft-server-raft-partition-6] TRACE i.a.p.raft.roles.LeaderAppender - RaftServer{raft-partition-6} - Received AppendResponse{status=OK, term=1, succeeded=true, lastLogIndex=1} from 2
21:52:19.576 [raft-server-raft-partition-6] TRACE i.a.p.raft.roles.LeaderAppender - RaftServer{raft-partition-6} - Sending AppendRequest{term=1, leader=1, prevLogIndex=1, prevLogTerm=1, entries=0, commitIndex=1} to 2
21:52:19.576 [raft-server-raft-partition-6] TRACE i.a.p.raft.roles.LeaderAppender - RaftServer{raft-partition-6} - Received AppendResponse{status=OK, term=1, succeeded=true, lastLogIndex=1} from 3
21:52:19.576 [raft-server-raft-partition-6] TRACE i.a.p.raft.roles.LeaderAppender - RaftServer{raft-partition-6} - Sending AppendRequest{term=1, leader=1, prevLogIndex=1, prevLogTerm=1, entries=0, commitIndex=1} to 3
21:52:19.576 [raft-server-raft-partition-6] TRACE i.a.p.raft.roles.FollowerRole - RaftServer{raft-partition-6}{role=FOLLOWER} - Received AppendRequest{term=1, leader=1, prevLogIndex=1, prevLogTerm=1, entries=0, commitIndex=1}
21:52:19.577 [raft-server-raft-partition-6] TRACE i.a.p.raft.roles.FollowerRole - RaftServer{raft-partition-6}{role=FOLLOWER} - Sending AppendResponse{status=OK, term=1, succeeded=true, lastLogIndex=1}
21:52:19.577 [raft-server-raft-partition-6] TRACE i.a.p.raft.roles.FollowerRole - RaftServer{raft-partition-6}{role=FOLLOWER} - Received AppendRequest{term=1, leader=1, prevLogIndex=1, prevLogTerm=1, entries=0, commitIndex=1}
21:52:19.577 [raft-server-raft-partition-6] TRACE i.a.p.raft.roles.FollowerRole - RaftServer{raft-partition-6}{role=FOLLOWER} - Sending AppendResponse{status=OK, term=1, succeeded=true, lastLogIndex=1}
21:52:19.577 [raft-server-raft-partition-6] TRACE i.a.p.raft.roles.LeaderAppender - RaftServer{raft-partition-6} - Received AppendResponse{status=OK, term=1, succeeded=true, lastLogIndex=1} from 2
21:52:19.577 [raft-server-raft-partition-6] TRACE i.a.p.raft.roles.LeaderAppender - RaftServer{raft-partition-6} - Sending AppendRequest{term=1, leader=1, prevLogIndex=1, prevLogTerm=1, entries=0, commitIndex=1} to 2
21:52:19.577 [raft-server-raft-partition-6] TRACE i.a.p.raft.roles.LeaderAppender - RaftServer{raft-partition-6} - Received AppendResponse{status=OK, term=1, succeeded=true, lastLogIndex=1} from 3
21:52:19.577 [raft-server-raft-partition-6] TRACE i.a.p.raft.roles.LeaderAppender - RaftServer{raft-partition-6} - Sending AppendRequest{term=1, leader=1, prevLogIndex=1, prevLogTerm=1, entries=0, commitIndex=1} to 3
21:52:19.577 [raft-server-raft-partition-6] TRACE i.a.p.raft.roles.FollowerRole - RaftServer{raft-partition-6}{role=FOLLOWER} - Received AppendRequest{term=1, leader=1, prevLogIndex=1, prevLogTerm=1, entries=0, commitIndex=1}
21:52:19.577 [raft-server-raft-partition-6] TRACE i.a.p.raft.roles.FollowerRole - RaftServer{raft-partition-6}{role=FOLLOWER} - Sending AppendResponse{status=OK, term=1, succeeded=true, lastLogIndex=1}
21:52:19.577 [raft-server-raft-partition-6] TRACE i.a.p.raft.roles.FollowerRole - RaftServer{raft-partition-6}{role=FOLLOWER} - Received AppendRequest{term=1, leader=1, prevLogIndex=1, prevLogTerm=1, entries=0, commitIndex=1}
21:52:19.577 [raft-server-raft-partition-6] TRACE i.a.p.raft.roles.FollowerRole - RaftServer{raft-partition-6}{role=FOLLOWER} - Sending AppendResponse{status=OK, term=1, succeeded=true, lastLogIndex=1}
21:52:19.577 [raft-server-raft-partition-6] TRACE i.a.p.raft.roles.LeaderAppender - RaftServer{raft-partition-6} - Received AppendResponse{status=OK, term=1, succeeded=true, lastLogIndex=1} from 2
21:52:19.577 [raft-server-raft-partition-6] TRACE i.a.p.raft.roles.LeaderAppender - RaftServer{raft-partition-6} - Received AppendResponse{status=OK, term=1, succeeded=true, lastLogIndex=1} from 3
21:52:19.625 [raft-server-raft-partition-3] TRACE i.a.p.raft.roles.LeaderAppender - RaftServer{raft-partition-3} - Sending AppendRequest{term=3, leader=1, prevLogIndex=1, prevLogTerm=2, entries=0, commitIndex=1} to 2
21:52:19.625 [raft-server-raft-partition-3] TRACE i.a.p.raft.roles.LeaderAppender - RaftServer{raft-partition-3} - Sending AppendRequest{term=3, leader=1, prevLogIndex=1, prevLogTerm=2, entries=0, commitIndex=1} to 3
21:52:19.625 [raft-server-raft-partition-3] TRACE i.a.p.raft.roles.FollowerRole - RaftServer{raft-partition-3}{role=FOLLOWER} - Received AppendRequest{term=3, leader=1, prevLogIndex=1, prevLogTerm=2, entries=0, commitIndex=1}
21:52:19.625 [raft-server-raft-partition-3] TRACE i.a.p.raft.roles.FollowerRole - RaftServer{raft-partition-3}{role=FOLLOWER} - Received AppendRequest{term=3, leader=1, prevLogIndex=1, prevLogTerm=2, entries=0, commitIndex=1}
21:52:19.625 [raft-server-raft-partition-3] TRACE i.a.p.raft.roles.FollowerRole - RaftServer{raft-partition-3}{role=FOLLOWER} - Sending AppendResponse{status=OK, term=3, succeeded=true, lastLogIndex=1}
21:52:19.625 [raft-server-raft-partition-3] TRACE i.a.p.raft.roles.FollowerRole - RaftServer{raft-partition-3}{role=FOLLOWER} - Sending AppendResponse{status=OK, term=3, succeeded=true, lastLogIndex=1}
21:52:19.625 [raft-server-raft-partition-3] TRACE i.a.p.raft.roles.LeaderAppender - RaftServer{raft-partition-3} - Received AppendResponse{status=OK, term=3, succeeded=true, lastLogIndex=1} from 2
21:52:19.625 [raft-server-raft-partition-3] TRACE i.a.p.raft.roles.LeaderAppender - RaftServer{raft-partition-3} - Sending AppendRequest{term=3, leader=1, prevLogIndex=1, prevLogTerm=2, entries=0, commitIndex=1} to 2
21:52:19.625 [raft-server-raft-partition-3] TRACE i.a.p.raft.roles.LeaderAppender - RaftServer{raft-partition-3} - Received AppendResponse{status=OK, term=3, succeeded=true, lastLogIndex=1} from 3
21:52:19.625 [raft-server-raft-partition-3] TRACE i.a.p.raft.roles.LeaderAppender - RaftServer{raft-partition-3} - Sending AppendRequest{term=3, leader=1, prevLogIndex=1, prevLogTerm=2, entries=0, commitIndex=1} to 3
21:52:19.625 [raft-server-raft-partition-3] TRACE i.a.p.raft.roles.FollowerRole - RaftServer{raft-partition-3}{role=FOLLOWER} - Received AppendRequest{term=3, leader=1, prevLogIndex=1, prevLogTerm=2, entries=0, commitIndex=1}
21:52:19.625 [raft-server-raft-partition-3] TRACE i.a.p.raft.roles.FollowerRole - RaftServer{raft-partition-3}{role=FOLLOWER} - Received AppendRequest{term=3, leader=1, prevLogIndex=1, prevLogTerm=2, entries=0, commitIndex=1}
21:52:19.625 [raft-server-raft-partition-3] TRACE i.a.p.raft.roles.FollowerRole - RaftServer{raft-partition-3}{role=FOLLOWER} - Sending AppendResponse{status=OK, term=3, succeeded=true, lastLogIndex=1}
21:52:19.625 [raft-server-raft-partition-3] TRACE i.a.p.raft.roles.FollowerRole - RaftServer{raft-partition-3}{role=FOLLOWER} - Sending AppendResponse{status=OK, term=3, succeeded=true, lastLogIndex=1}
21:52:19.626 [raft-server-raft-partition-3] TRACE i.a.p.raft.roles.LeaderAppender - RaftServer{raft-partition-3} - Received AppendResponse{status=OK, term=3, succeeded=true, lastLogIndex=1} from 3
21:52:19.626 [raft-server-raft-partition-3] TRACE i.a.p.raft.roles.LeaderAppender - RaftServer{raft-partition-3} - Sending AppendRequest{term=3, leader=1, prevLogIndex=1, prevLogTerm=2, entries=0, commitIndex=1} to 3
21:52:19.626 [raft-server-raft-partition-3] TRACE i.a.p.raft.roles.LeaderAppender - RaftServer{raft-partition-3} - Received AppendResponse{status=OK, term=3, succeeded=true, lastLogIndex=1} from 2
21:52:19.626 [raft-server-raft-partition-3] TRACE i.a.p.raft.roles.LeaderAppender - RaftServer{raft-partition-3} - Sending AppendRequest{term=3, leader=1, prevLogIndex=1, prevLogTerm=2, entries=0, commitIndex=1} to 2
21:52:19.626 [raft-server-raft-partition-3] TRACE i.a.p.raft.roles.FollowerRole - RaftServer{raft-partition-3}{role=FOLLOWER} - Received AppendRequest{term=3, leader=1, prevLogIndex=1, prevLogTerm=2, entries=0, commitIndex=1}
21:52:19.626 [raft-server-raft-partition-3] TRACE i.a.p.raft.roles.FollowerRole - RaftServer{raft-partition-3}{role=FOLLOWER} - Sending AppendResponse{status=OK, term=3, succeeded=true, lastLogIndex=1}
21:52:19.626 [raft-server-raft-partition-3] TRACE i.a.p.raft.roles.FollowerRole - RaftServer{raft-partition-3}{role=FOLLOWER} - Received AppendRequest{term=3, leader=1, prevLogIndex=1, prevLogTerm=2, entries=0, commitIndex=1}
21:52:19.626 [raft-server-raft-partition-3] TRACE i.a.p.raft.roles.FollowerRole - RaftServer{raft-partition-3}{role=FOLLOWER} - Sending AppendResponse{status=OK, term=3, succeeded=true, lastLogIndex=1}
21:52:19.626 [raft-server-raft-partition-3] TRACE i.a.p.raft.roles.LeaderAppender - RaftServer{raft-partition-3} - Received AppendResponse{status=OK, term=3, succeeded=true, lastLogIndex=1} from 3
21:52:19.626 [raft-server-raft-partition-3] TRACE i.a.p.raft.roles.LeaderAppender - RaftServer{raft-partition-3} - Received AppendResponse{status=OK, term=3, succeeded=true, lastLogIndex=1} from 2
21:52:19.634 [raft-server-raft-partition-1] TRACE i.a.p.raft.roles.LeaderAppender - RaftServer{raft-partition-1} - Sending AppendRequest{term=1, leader=2, prevLogIndex=1, prevLogTerm=1, entries=0, commitIndex=1} to 3
21:52:19.635 [raft-server-raft-partition-1] TRACE i.a.p.raft.roles.FollowerRole - RaftServer{raft-partition-1}{role=FOLLOWER} - Received AppendRequest{term=1, leader=2, prevLogIndex=1, prevLogTerm=1, entries=0, commitIndex=1}
21:52:19.635 [raft-server-raft-partition-1] TRACE i.a.p.raft.roles.FollowerRole - RaftServer{raft-partition-1}{role=FOLLOWER} - Sending AppendResponse{status=OK, term=1, succeeded=true, lastLogIndex=1}
21:52:19.635 [raft-server-raft-partition-1] TRACE i.a.p.raft.roles.LeaderAppender - RaftServer{raft-partition-1} - Received AppendResponse{status=OK, term=1, succeeded=true, lastLogIndex=1} from 3
21:52:19.635 [raft-server-raft-partition-1] TRACE i.a.p.raft.roles.LeaderAppender - RaftServer{raft-partition-1} - Sending AppendRequest{term=1, leader=2, prevLogIndex=1, prevLogTerm=1, entries=0, commitIndex=1} to 3
21:52:19.635 [raft-server-raft-partition-1] TRACE i.a.p.raft.roles.FollowerRole - RaftServer{raft-partition-1}{role=FOLLOWER} - Received AppendRequest{term=1, leader=2, prevLogIndex=1, prevLogTerm=1, entries=0, commitIndex=1}
21:52:19.635 [raft-server-raft-partition-1] TRACE i.a.p.raft.roles.FollowerRole - RaftServer{raft-partition-1}{role=FOLLOWER} - Sending AppendResponse{status=OK, term=1, succeeded=true, lastLogIndex=1}
21:52:19.635 [raft-server-raft-partition-1] TRACE i.a.p.raft.roles.LeaderAppender - RaftServer{raft-partition-1} - Received AppendResponse{status=OK, term=1, succeeded=true, lastLogIndex=1} from 3
21:52:19.667 [raft-server-system-partition-1] TRACE i.a.p.raft.roles.LeaderAppender - RaftServer{system-partition-1} - Sending AppendRequest{term=1, leader=1, prevLogIndex=16, prevLogTerm=1, entries=0, commitIndex=16} to 2
21:52:19.667 [raft-server-system-partition-1] TRACE i.a.p.raft.roles.LeaderAppender - RaftServer{system-partition-1} - Sending AppendRequest{term=1, leader=1, prevLogIndex=16, prevLogTerm=1, entries=0, commitIndex=16} to 3
21:52:19.667 [raft-server-system-partition-1] TRACE i.a.p.raft.roles.FollowerRole - RaftServer{system-partition-1}{role=FOLLOWER} - Received AppendRequest{term=1, leader=1, prevLogIndex=16, prevLogTerm=1, entries=0, commitIndex=16}
21:52:19.667 [raft-server-system-partition-1] TRACE i.a.p.raft.roles.FollowerRole - RaftServer{system-partition-1}{role=FOLLOWER} - Received AppendRequest{term=1, leader=1, prevLogIndex=16, prevLogTerm=1, entries=0, commitIndex=16}
21:52:19.667 [raft-server-system-partition-1] TRACE i.a.p.raft.roles.FollowerRole - RaftServer{system-partition-1}{role=FOLLOWER} - Sending AppendResponse{status=OK, term=1, succeeded=true, lastLogIndex=16}
21:52:19.667 [raft-server-system-partition-1] TRACE i.a.p.raft.roles.FollowerRole - RaftServer{system-partition-1}{role=FOLLOWER} - Sending AppendResponse{status=OK, term=1, succeeded=true, lastLogIndex=16}
21:52:19.668 [raft-server-system-partition-1] TRACE i.a.p.raft.roles.LeaderAppender - RaftServer{system-partition-1} - Received AppendResponse{status=OK, term=1, succeeded=true, lastLogIndex=16} from 3
21:52:19.668 [raft-server-system-partition-1] TRACE i.a.p.raft.roles.LeaderAppender - RaftServer{system-partition-1} - Sending AppendRequest{term=1, leader=1, prevLogIndex=16, prevLogTerm=1, entries=0, commitIndex=16} to 3
21:52:19.668 [raft-server-system-partition-1] TRACE i.a.p.raft.roles.LeaderAppender - RaftServer{system-partition-1} - Received AppendResponse{status=OK, term=1, succeeded=true, lastLogIndex=16} from 2
21:52:19.668 [raft-server-system-partition-1] TRACE i.a.p.raft.roles.LeaderAppender - RaftServer{system-partition-1} - Sending AppendRequest{term=1, leader=1, prevLogIndex=16, prevLogTerm=1, entries=0, commitIndex=16} to 2
21:52:19.668 [raft-server-system-partition-1] TRACE i.a.p.raft.roles.FollowerRole - RaftServer{system-partition-1}{role=FOLLOWER} - Received AppendRequest{term=1, leader=1, prevLogIndex=16, prevLogTerm=1, entries=0, commitIndex=16}
21:52:19.668 [raft-server-system-partition-1] TRACE i.a.p.raft.roles.FollowerRole - RaftServer{system-partition-1}{role=FOLLOWER} - Received AppendRequest{term=1, leader=1, prevLogIndex=16, prevLogTerm=1, entries=0, commitIndex=16}
21:52:19.668 [raft-server-system-partition-1] TRACE i.a.p.raft.roles.FollowerRole - RaftServer{system-partition-1}{role=FOLLOWER} - Sending AppendResponse{status=OK, term=1, succeeded=true, lastLogIndex=16}
21:52:19.668 [raft-server-system-partition-1] TRACE i.a.p.raft.roles.FollowerRole - RaftServer{system-partition-1}{role=FOLLOWER} - Sending AppendResponse{status=OK, term=1, succeeded=true, lastLogIndex=16}
21:52:19.668 [raft-server-system-partition-1] TRACE i.a.p.raft.roles.LeaderAppender - RaftServer{system-partition-1} - Received AppendResponse{status=OK, term=1, succeeded=true, lastLogIndex=16} from 3
21:52:19.668 [raft-server-system-partition-1] TRACE i.a.p.raft.roles.LeaderAppender - RaftServer{system-partition-1} - Received AppendResponse{status=OK, term=1, succeeded=true, lastLogIndex=16} from 2
21:52:19.709 [raft-server-raft-partition-5] TRACE i.a.p.raft.roles.LeaderAppender - RaftServer{raft-partition-5} - Sending AppendRequest{term=1, leader=3, prevLogIndex=1, prevLogTerm=1, entries=0, commitIndex=1} to 1
21:52:19.709 [raft-server-raft-partition-5] TRACE i.a.p.raft.roles.LeaderAppender - RaftServer{raft-partition-5} - Sending AppendRequest{term=1, leader=3, prevLogIndex=1, prevLogTerm=1, entries=0, commitIndex=1} to 2
21:52:19.709 [raft-server-raft-partition-7] TRACE i.a.p.raft.roles.LeaderAppender - RaftServer{raft-partition-7} - Sending AppendRequest{term=1, leader=2, prevLogIndex=1, prevLogTerm=1, entries=0, commitIndex=1} to 1
21:52:19.709 [raft-server-raft-partition-5] TRACE i.a.p.raft.roles.FollowerRole - RaftServer{raft-partition-5}{role=FOLLOWER} - Received AppendRequest{term=1, leader=3, prevLogIndex=1, prevLogTerm=1, entries=0, commitIndex=1}
21:52:19.709 [raft-server-raft-partition-7] TRACE i.a.p.raft.roles.LeaderAppender - RaftServer{raft-partition-7} - Sending AppendRequest{term=1, leader=2, prevLogIndex=1, prevLogTerm=1, entries=0, commitIndex=1} to 3
21:52:19.709 [raft-server-raft-partition-5] TRACE i.a.p.raft.roles.FollowerRole - RaftServer{raft-partition-5}{role=FOLLOWER} - Received AppendRequest{term=1, leader=3, prevLogIndex=1, prevLogTerm=1, entries=0, commitIndex=1}
21:52:19.709 [raft-server-raft-partition-5] TRACE i.a.p.raft.roles.FollowerRole - RaftServer{raft-partition-5}{role=FOLLOWER} - Sending AppendResponse{status=OK, term=1, succeeded=true, lastLogIndex=1}
21:52:19.709 [raft-server-raft-partition-7] TRACE i.a.p.raft.roles.FollowerRole - RaftServer{raft-partition-7}{role=FOLLOWER} - Received AppendRequest{term=1, leader=2, prevLogIndex=1, prevLogTerm=1, entries=0, commitIndex=1}
21:52:19.709 [raft-server-raft-partition-5] TRACE i.a.p.raft.roles.FollowerRole - RaftServer{raft-partition-5}{role=FOLLOWER} - Sending AppendResponse{status=OK, term=1, succeeded=true, lastLogIndex=1}
21:52:19.709 [raft-server-raft-partition-7] TRACE i.a.p.raft.roles.FollowerRole - RaftServer{raft-partition-7}{role=FOLLOWER} - Received AppendRequest{term=1, leader=2, prevLogIndex=1, prevLogTerm=1, entries=0, commitIndex=1}
21:52:19.709 [raft-server-raft-partition-7] TRACE i.a.p.raft.roles.FollowerRole - RaftServer{raft-partition-7}{role=FOLLOWER} - Sending AppendResponse{status=OK, term=1, succeeded=true, lastLogIndex=1}
21:52:19.709 [raft-server-raft-partition-5] TRACE i.a.p.raft.roles.LeaderAppender - RaftServer{raft-partition-5} - Received AppendResponse{status=OK, term=1, succeeded=true, lastLogIndex=1} from 1
21:52:19.709 [raft-server-raft-partition-7] TRACE i.a.p.raft.roles.FollowerRole - RaftServer{raft-partition-7}{role=FOLLOWER} - Sending AppendResponse{status=OK, term=1, succeeded=true, lastLogIndex=1}
21:52:19.710 [raft-server-raft-partition-5] TRACE i.a.p.raft.roles.LeaderAppender - RaftServer{raft-partition-5} - Sending AppendRequest{term=1, leader=3, prevLogIndex=1, prevLogTerm=1, entries=0, commitIndex=1} to 1
21:52:19.710 [raft-server-raft-partition-7] TRACE i.a.p.raft.roles.LeaderAppender - RaftServer{raft-partition-7} - Received AppendResponse{status=OK, term=1, succeeded=true, lastLogIndex=1} from 1
21:52:19.710 [raft-server-raft-partition-5] TRACE i.a.p.raft.roles.LeaderAppender - RaftServer{raft-partition-5} - Received AppendResponse{status=OK, term=1, succeeded=true, lastLogIndex=1} from 2
21:52:19.710 [raft-server-raft-partition-7] TRACE i.a.p.raft.roles.LeaderAppender - RaftServer{raft-partition-7} - Sending AppendRequest{term=1, leader=2, prevLogIndex=1, prevLogTerm=1, entries=0, commitIndex=1} to 1
21:52:19.710 [raft-server-raft-partition-5] TRACE i.a.p.raft.roles.LeaderAppender - RaftServer{raft-partition-5} - Sending AppendRequest{term=1, leader=3, prevLogIndex=1, prevLogTerm=1, entries=0, commitIndex=1} to 2
21:52:19.710 [raft-server-raft-partition-7] TRACE i.a.p.raft.roles.LeaderAppender - RaftServer{raft-partition-7} - Received AppendResponse{status=OK, term=1, succeeded=true, lastLogIndex=1} from 3
21:52:19.710 [raft-server-raft-partition-7] TRACE i.a.p.raft.roles.LeaderAppender - RaftServer{raft-partition-7} - Sending AppendRequest{term=1, leader=2, prevLogIndex=1, prevLogTerm=1, entries=0, commitIndex=1} to 3
21:52:19.710 [raft-server-raft-partition-5] TRACE i.a.p.raft.roles.FollowerRole - RaftServer{raft-partition-5}{role=FOLLOWER} - Received AppendRequest{term=1, leader=3, prevLogIndex=1, prevLogTerm=1, entries=0, commitIndex=1}
21:52:19.710 [raft-server-raft-partition-7] TRACE i.a.p.raft.roles.FollowerRole - RaftServer{raft-partition-7}{role=FOLLOWER} - Received AppendRequest{term=1, leader=2, prevLogIndex=1, prevLogTerm=1, entries=0, commitIndex=1}
21:52:19.710 [raft-server-raft-partition-5] TRACE i.a.p.raft.roles.FollowerRole - RaftServer{raft-partition-5}{role=FOLLOWER} - Received AppendRequest{term=1, leader=3, prevLogIndex=1, prevLogTerm=1, entries=0, commitIndex=1}
21:52:19.710 [raft-server-raft-partition-5] TRACE i.a.p.raft.roles.FollowerRole - RaftServer{raft-partition-5}{role=FOLLOWER} - Sending AppendResponse{status=OK, term=1, succeeded=true, lastLogIndex=1}
21:52:19.710 [raft-server-raft-partition-7] TRACE i.a.p.raft.roles.FollowerRole - RaftServer{raft-partition-7}{role=FOLLOWER} - Sending AppendResponse{status=OK, term=1, succeeded=true, lastLogIndex=1}
21:52:19.710 [raft-server-raft-partition-7] TRACE i.a.p.raft.roles.FollowerRole - RaftServer{raft-partition-7}{role=FOLLOWER} - Received AppendRequest{term=1, leader=2, prevLogIndex=1, prevLogTerm=1, entries=0, commitIndex=1}
21:52:19.710 [raft-server-raft-partition-5] TRACE i.a.p.raft.roles.FollowerRole - RaftServer{raft-partition-5}{role=FOLLOWER} - Sending AppendResponse{status=OK, term=1, succeeded=true, lastLogIndex=1}
21:52:19.710 [raft-server-raft-partition-7] TRACE i.a.p.raft.roles.FollowerRole - RaftServer{raft-partition-7}{role=FOLLOWER} - Sending AppendResponse{status=OK, term=1, succeeded=true, lastLogIndex=1}
21:52:19.710 [raft-server-raft-partition-5] TRACE i.a.p.raft.roles.LeaderAppender - RaftServer{raft-partition-5} - Received AppendResponse{status=OK, term=1, succeeded=true, lastLogIndex=1} from 1
21:52:19.710 [raft-server-raft-partition-7] TRACE i.a.p.raft.roles.LeaderAppender - RaftServer{raft-partition-7} - Received AppendResponse{status=OK, term=1, succeeded=true, lastLogIndex=1} from 1
21:52:19.710 [raft-server-raft-partition-5] TRACE i.a.p.raft.roles.LeaderAppender - RaftServer{raft-partition-5} - Received AppendResponse{status=OK, term=1, succeeded=true, lastLogIndex=1} from 2
21:52:19.710 [raft-server-raft-partition-7] TRACE i.a.p.raft.roles.LeaderAppender - RaftServer{raft-partition-7} - Received AppendResponse{status=OK, term=1, succeeded=true, lastLogIndex=1} from 3
21:52:19.743 [raft-server-raft-partition-4] TRACE i.a.p.raft.roles.LeaderAppender - RaftServer{raft-partition-4} - Sending AppendRequest{term=1, leader=1, prevLogIndex=1, prevLogTerm=1, entries=0, commitIndex=1} to 2
21:52:19.743 [raft-server-raft-partition-4] TRACE i.a.p.raft.roles.LeaderAppender - RaftServer{raft-partition-4} - Sending AppendRequest{term=1, leader=1, prevLogIndex=1, prevLogTerm=1, entries=0, commitIndex=1} to 3
21:52:19.743 [raft-server-raft-partition-4] TRACE i.a.p.raft.roles.FollowerRole - RaftServer{raft-partition-4}{role=FOLLOWER} - Received AppendRequest{term=1, leader=1, prevLogIndex=1, prevLogTerm=1, entries=0, commitIndex=1}
21:52:19.743 [raft-server-raft-partition-4] TRACE i.a.p.raft.roles.FollowerRole - RaftServer{raft-partition-4}{role=FOLLOWER} - Sending AppendResponse{status=OK, term=1, succeeded=true, lastLogIndex=1}
21:52:19.743 [raft-server-raft-partition-4] TRACE i.a.p.raft.roles.FollowerRole - RaftServer{raft-partition-4}{role=FOLLOWER} - Received AppendRequest{term=1, leader=1, prevLogIndex=1, prevLogTerm=1, entries=0, commitIndex=1}
21:52:19.743 [raft-server-raft-partition-4] TRACE i.a.p.raft.roles.LeaderAppender - RaftServer{raft-partition-4} - Received AppendResponse{status=OK, term=1, succeeded=true, lastLogIndex=1} from 2
21:52:19.743 [raft-server-raft-partition-4] TRACE i.a.p.raft.roles.FollowerRole - RaftServer{raft-partition-4}{role=FOLLOWER} - Sending AppendResponse{status=OK, term=1, succeeded=true, lastLogIndex=1}
21:52:19.743 [raft-server-raft-partition-4] TRACE i.a.p.raft.roles.LeaderAppender - RaftServer{raft-partition-4} - Sending AppendRequest{term=1, leader=1, prevLogIndex=1, prevLogTerm=1, entries=0, commitIndex=1} to 2
21:52:19.744 [raft-server-raft-partition-4] TRACE i.a.p.raft.roles.FollowerRole - RaftServer{raft-partition-4}{role=FOLLOWER} - Received AppendRequest{term=1, leader=1, prevLogIndex=1, prevLogTerm=1, entries=0, commitIndex=1}
21:52:19.744 [raft-server-raft-partition-4] TRACE i.a.p.raft.roles.LeaderAppender - RaftServer{raft-partition-4} - Received AppendResponse{status=OK, term=1, succeeded=true, lastLogIndex=1} from 3
21:52:19.744 [raft-server-raft-partition-4] TRACE i.a.p.raft.roles.FollowerRole - RaftServer{raft-partition-4}{role=FOLLOWER} - Sending AppendResponse{status=OK, term=1, succeeded=true, lastLogIndex=1}
21:52:19.744 [raft-server-raft-partition-4] TRACE i.a.p.raft.roles.LeaderAppender - RaftServer{raft-partition-4} - Sending AppendRequest{term=1, leader=1, prevLogIndex=1, prevLogTerm=1, entries=0, commitIndex=1} to 3
21:52:19.744 [raft-server-raft-partition-4] TRACE i.a.p.raft.roles.LeaderAppender - RaftServer{raft-partition-4} - Received AppendResponse{status=OK, term=1, succeeded=true, lastLogIndex=1} from 2
21:52:19.744 [raft-server-raft-partition-4] TRACE i.a.p.raft.roles.LeaderAppender - RaftServer{raft-partition-4} - Sending AppendRequest{term=1, leader=1, prevLogIndex=1, prevLogTerm=1, entries=0, commitIndex=1} to 2
21:52:19.744 [raft-server-raft-partition-4] TRACE i.a.p.raft.roles.FollowerRole - RaftServer{raft-partition-4}{role=FOLLOWER} - Received AppendRequest{term=1, leader=1, prevLogIndex=1, prevLogTerm=1, entries=0, commitIndex=1}
21:52:19.744 [raft-server-raft-partition-4] TRACE i.a.p.raft.roles.FollowerRole - RaftServer{raft-partition-4}{role=FOLLOWER} - Sending AppendResponse{status=OK, term=1, succeeded=true, lastLogIndex=1}
21:52:19.744 [raft-server-raft-partition-4] TRACE i.a.p.raft.roles.FollowerRole - RaftServer{raft-partition-4}{role=FOLLOWER} - Received AppendRequest{term=1, leader=1, prevLogIndex=1, prevLogTerm=1, entries=0, commitIndex=1}
21:52:19.744 [raft-server-raft-partition-4] TRACE i.a.p.raft.roles.FollowerRole - RaftServer{raft-partition-4}{role=FOLLOWER} - Sending AppendResponse{status=OK, term=1, succeeded=true, lastLogIndex=1}
21:52:19.744 [raft-server-raft-partition-4] TRACE i.a.p.raft.roles.LeaderAppender - RaftServer{raft-partition-4} - Received AppendResponse{status=OK, term=1, succeeded=true, lastLogIndex=1} from 3
21:52:19.744 [raft-server-raft-partition-4] TRACE i.a.p.raft.roles.LeaderAppender - RaftServer{raft-partition-4} - Received AppendResponse{status=OK, term=1, succeeded=true, lastLogIndex=1} from 2
21:52:19.818 [raft-server-raft-partition-2] TRACE i.a.p.raft.roles.LeaderAppender - RaftServer{raft-partition-2} - Sending AppendRequest{term=1, leader=1, prevLogIndex=1, prevLogTerm=1, entries=0, commitIndex=1} to 2
21:52:19.818 [raft-server-raft-partition-2] TRACE i.a.p.raft.roles.LeaderAppender - RaftServer{raft-partition-2} - Sending AppendRequest{term=1, leader=1, prevLogIndex=1, prevLogTerm=1, entries=0, commitIndex=1} to 3
21:52:19.818 [raft-server-raft-partition-2] TRACE i.a.p.raft.roles.FollowerRole - RaftServer{raft-partition-2}{role=FOLLOWER} - Received AppendRequest{term=1, leader=1, prevLogIndex=1, prevLogTerm=1, entries=0, commitIndex=1}
21:52:19.818 [raft-server-raft-partition-2] TRACE i.a.p.raft.roles.FollowerRole - RaftServer{raft-partition-2}{role=FOLLOWER} - Received AppendRequest{term=1, leader=1, prevLogIndex=1, prevLogTerm=1, entries=0, commitIndex=1}
21:52:19.818 [raft-server-raft-partition-2] TRACE i.a.p.raft.roles.FollowerRole - RaftServer{raft-partition-2}{role=FOLLOWER} - Sending AppendResponse{status=OK, term=1, succeeded=true, lastLogIndex=1}
21:52:19.818 [raft-server-raft-partition-2] TRACE i.a.p.raft.roles.FollowerRole - RaftServer{raft-partition-2}{role=FOLLOWER} - Sending AppendResponse{status=OK, term=1, succeeded=true, lastLogIndex=1}
21:52:19.818 [raft-server-raft-partition-2] TRACE i.a.p.raft.roles.LeaderAppender - RaftServer{raft-partition-2} - Received AppendResponse{status=OK, term=1, succeeded=true, lastLogIndex=1} from 3
21:52:19.818 [raft-server-raft-partition-2] TRACE i.a.p.raft.roles.LeaderAppender - RaftServer{raft-partition-2} - Received AppendResponse{status=OK, term=1, succeeded=true, lastLogIndex=1} from 2
21:52:19.826 [raft-server-raft-partition-6] TRACE i.a.p.raft.roles.LeaderAppender - RaftServer{raft-partition-6} - Sending AppendRequest{term=1, leader=1, prevLogIndex=1, prevLogTerm=1, entries=0, commitIndex=1} to 2
21:52:19.826 [raft-server-raft-partition-6] TRACE i.a.p.raft.roles.LeaderAppender - RaftServer{raft-partition-6} - Sending AppendRequest{term=1, leader=1, prevLogIndex=1, prevLogTerm=1, entries=0, commitIndex=1} to 3
21:52:19.826 [raft-server-raft-partition-6] TRACE i.a.p.raft.roles.FollowerRole - RaftServer{raft-partition-6}{role=FOLLOWER} - Received AppendRequest{term=1, leader=1, prevLogIndex=1, prevLogTerm=1, entries=0, commitIndex=1}
21:52:19.826 [raft-server-raft-partition-6] TRACE i.a.p.raft.roles.FollowerRole - RaftServer{raft-partition-6}{role=FOLLOWER} - Received AppendRequest{term=1, leader=1, prevLogIndex=1, prevLogTerm=1, entries=0, commitIndex=1}
21:52:19.826 [raft-server-raft-partition-6] TRACE i.a.p.raft.roles.FollowerRole - RaftServer{raft-partition-6}{role=FOLLOWER} - Sending AppendResponse{status=OK, term=1, succeeded=true, lastLogIndex=1}
21:52:19.826 [raft-server-raft-partition-6] TRACE i.a.p.raft.roles.FollowerRole - RaftServer{raft-partition-6}{role=FOLLOWER} - Sending AppendResponse{status=OK, term=1, succeeded=true, lastLogIndex=1}
21:52:19.826 [raft-server-raft-partition-6] TRACE i.a.p.raft.roles.LeaderAppender - RaftServer{raft-partition-6} - Received AppendResponse{status=OK, term=1, succeeded=true, lastLogIndex=1} from 2
21:52:19.826 [raft-server-raft-partition-6] TRACE i.a.p.raft.roles.LeaderAppender - RaftServer{raft-partition-6} - Sending AppendRequest{term=1, leader=1, prevLogIndex=1, prevLogTerm=1, entries=0, commitIndex=1} to 2
21:52:19.826 [raft-server-raft-partition-6] TRACE i.a.p.raft.roles.LeaderAppender - RaftServer{raft-partition-6} - Received AppendResponse{status=OK, term=1, succeeded=true, lastLogIndex=1} from 3
21:52:19.826 [raft-server-raft-partition-6] TRACE i.a.p.raft.roles.LeaderAppender - RaftServer{raft-partition-6} - Sending AppendRequest{term=1, leader=1, prevLogIndex=1, prevLogTerm=1, entries=0, commitIndex=1} to 3
21:52:19.826 [raft-server-raft-partition-6] TRACE i.a.p.raft.roles.FollowerRole - RaftServer{raft-partition-6}{role=FOLLOWER} - Received AppendRequest{term=1, leader=1, prevLogIndex=1, prevLogTerm=1, entries=0, commitIndex=1}
21:52:19.826 [raft-server-raft-partition-6] TRACE i.a.p.raft.roles.FollowerRole - RaftServer{raft-partition-6}{role=FOLLOWER} - Sending AppendResponse{status=OK, term=1, succeeded=true, lastLogIndex=1}
21:52:19.826 [raft-server-raft-partition-6] TRACE i.a.p.raft.roles.LeaderAppender - RaftServer{raft-partition-6} - Received AppendResponse{status=OK, term=1, succeeded=true, lastLogIndex=1} from 2
21:52:19.826 [raft-server-raft-partition-6] TRACE i.a.p.raft.roles.FollowerRole - RaftServer{raft-partition-6}{role=FOLLOWER} - Received AppendRequest{term=1, leader=1, prevLogIndex=1, prevLogTerm=1, entries=0, commitIndex=1}
21:52:19.826 [raft-server-raft-partition-6] TRACE i.a.p.raft.roles.LeaderAppender - RaftServer{raft-partition-6} - Sending AppendRequest{term=1, leader=1, prevLogIndex=1, prevLogTerm=1, entries=0, commitIndex=1} to 2
21:52:19.827 [raft-server-raft-partition-6] TRACE i.a.p.raft.roles.FollowerRole - RaftServer{raft-partition-6}{role=FOLLOWER} - Sending AppendResponse{status=OK, term=1, succeeded=true, lastLogIndex=1}
21:52:19.827 [raft-server-raft-partition-6] TRACE i.a.p.raft.roles.FollowerRole - RaftServer{raft-partition-6}{role=FOLLOWER} - Received AppendRequest{term=1, leader=1, prevLogIndex=1, prevLogTerm=1, entries=0, commitIndex=1}
21:52:19.827 [raft-server-raft-partition-6] TRACE i.a.p.raft.roles.LeaderAppender - RaftServer{raft-partition-6} - Received AppendResponse{status=OK, term=1, succeeded=true, lastLogIndex=1} from 3
21:52:19.827 [raft-server-raft-partition-6] TRACE i.a.p.raft.roles.FollowerRole - RaftServer{raft-partition-6}{role=FOLLOWER} - Sending AppendResponse{status=OK, term=1, succeeded=true, lastLogIndex=1}
21:52:19.827 [raft-server-raft-partition-6] TRACE i.a.p.raft.roles.LeaderAppender - RaftServer{raft-partition-6} - Sending AppendRequest{term=1, leader=1, prevLogIndex=1, prevLogTerm=1, entries=0, commitIndex=1} to 3
21:52:19.827 [raft-server-raft-partition-6] TRACE i.a.p.raft.roles.LeaderAppender - RaftServer{raft-partition-6} - Received AppendResponse{status=OK, term=1, succeeded=true, lastLogIndex=1} from 2
21:52:19.827 [raft-server-raft-partition-6] TRACE i.a.p.raft.roles.LeaderAppender - RaftServer{raft-partition-6} - Sending AppendRequest{term=1, leader=1, prevLogIndex=1, prevLogTerm=1, entries=0, commitIndex=1} to 2
21:52:19.827 [raft-server-raft-partition-6] TRACE i.a.p.raft.roles.FollowerRole - RaftServer{raft-partition-6}{role=FOLLOWER} - Received AppendRequest{term=1, leader=1, prevLogIndex=1, prevLogTerm=1, entries=0, commitIndex=1}
21:52:19.827 [raft-server-raft-partition-6] TRACE i.a.p.raft.roles.FollowerRole - RaftServer{raft-partition-6}{role=FOLLOWER} - Sending AppendResponse{status=OK, term=1, succeeded=true, lastLogIndex=1}
21:52:19.827 [raft-server-raft-partition-6] TRACE i.a.p.raft.roles.FollowerRole - RaftServer{raft-partition-6}{role=FOLLOWER} - Received AppendRequest{term=1, leader=1, prevLogIndex=1, prevLogTerm=1, entries=0, commitIndex=1}
21:52:19.827 [raft-server-raft-partition-6] TRACE i.a.p.raft.roles.FollowerRole - RaftServer{raft-partition-6}{role=FOLLOWER} - Sending AppendResponse{status=OK, term=1, succeeded=true, lastLogIndex=1}
21:52:19.827 [raft-server-raft-partition-6] TRACE i.a.p.raft.roles.LeaderAppender - RaftServer{raft-partition-6} - Received AppendResponse{status=OK, term=1, succeeded=true, lastLogIndex=1} from 3
21:52:19.827 [raft-server-raft-partition-6] TRACE i.a.p.raft.roles.LeaderAppender - RaftServer{raft-partition-6} - Received AppendResponse{status=OK, term=1, succeeded=true, lastLogIndex=1} from 2
21:52:19.875 [raft-server-raft-partition-3] TRACE i.a.p.raft.roles.LeaderAppender - RaftServer{raft-partition-3} - Sending AppendRequest{term=3, leader=1, prevLogIndex=1, prevLogTerm=2, entries=0, commitIndex=1} to 2
21:52:19.875 [raft-server-raft-partition-3] TRACE i.a.p.raft.roles.LeaderAppender - RaftServer{raft-partition-3} - Sending AppendRequest{term=3, leader=1, prevLogIndex=1, prevLogTerm=2, entries=0, commitIndex=1} to 3
21:52:19.875 [raft-server-raft-partition-3] TRACE i.a.p.raft.roles.FollowerRole - RaftServer{raft-partition-3}{role=FOLLOWER} - Received AppendRequest{term=3, leader=1, prevLogIndex=1, prevLogTerm=2, entries=0, commitIndex=1}
21:52:19.875 [raft-server-raft-partition-3] TRACE i.a.p.raft.roles.FollowerRole - RaftServer{raft-partition-3}{role=FOLLOWER} - Received AppendRequest{term=3, leader=1, prevLogIndex=1, prevLogTerm=2, entries=0, commitIndex=1}
21:52:19.875 [raft-server-raft-partition-3] TRACE i.a.p.raft.roles.FollowerRole - RaftServer{raft-partition-3}{role=FOLLOWER} - Sending AppendResponse{status=OK, term=3, succeeded=true, lastLogIndex=1}
21:52:19.875 [raft-server-raft-partition-3] TRACE i.a.p.raft.roles.FollowerRole - RaftServer{raft-partition-3}{role=FOLLOWER} - Sending AppendResponse{status=OK, term=3, succeeded=true, lastLogIndex=1}
21:52:19.875 [raft-server-raft-partition-3] TRACE i.a.p.raft.roles.LeaderAppender - RaftServer{raft-partition-3} - Received AppendResponse{status=OK, term=3, succeeded=true, lastLogIndex=1} from 2
21:52:19.875 [raft-server-raft-partition-3] TRACE i.a.p.raft.roles.LeaderAppender - RaftServer{raft-partition-3} - Sending AppendRequest{term=3, leader=1, prevLogIndex=1, prevLogTerm=2, entries=0, commitIndex=1} to 2
21:52:19.875 [raft-server-raft-partition-3] TRACE i.a.p.raft.roles.LeaderAppender - RaftServer{raft-partition-3} - Received AppendResponse{status=OK, term=3, succeeded=true, lastLogIndex=1} from 3
21:52:19.875 [raft-server-raft-partition-3] TRACE i.a.p.raft.roles.LeaderAppender - RaftServer{raft-partition-3} - Sending AppendRequest{term=3, leader=1, prevLogIndex=1, prevLogTerm=2, entries=0, commitIndex=1} to 3
21:52:19.875 [raft-server-raft-partition-3] TRACE i.a.p.raft.roles.FollowerRole - RaftServer{raft-partition-3}{role=FOLLOWER} - Received AppendRequest{term=3, leader=1, prevLogIndex=1, prevLogTerm=2, entries=0, commitIndex=1}
21:52:19.875 [raft-server-raft-partition-3] TRACE i.a.p.raft.roles.FollowerRole - RaftServer{raft-partition-3}{role=FOLLOWER} - Sending AppendResponse{status=OK, term=3, succeeded=true, lastLogIndex=1}
21:52:19.876 [raft-server-raft-partition-3] TRACE i.a.p.raft.roles.FollowerRole - RaftServer{raft-partition-3}{role=FOLLOWER} - Received AppendRequest{term=3, leader=1, prevLogIndex=1, prevLogTerm=2, entries=0, commitIndex=1}
21:52:19.876 [raft-server-raft-partition-3] TRACE i.a.p.raft.roles.LeaderAppender - RaftServer{raft-partition-3} - Received AppendResponse{status=OK, term=3, succeeded=true, lastLogIndex=1} from 2
21:52:19.876 [raft-server-raft-partition-3] TRACE i.a.p.raft.roles.FollowerRole - RaftServer{raft-partition-3}{role=FOLLOWER} - Sending AppendResponse{status=OK, term=3, succeeded=true, lastLogIndex=1}
21:52:19.876 [raft-server-raft-partition-3] TRACE i.a.p.raft.roles.LeaderAppender - RaftServer{raft-partition-3} - Sending AppendRequest{term=3, leader=1, prevLogIndex=1, prevLogTerm=2, entries=0, commitIndex=1} to 2
21:52:19.876 [raft-server-raft-partition-3] TRACE i.a.p.raft.roles.LeaderAppender - RaftServer{raft-partition-3} - Received AppendResponse{status=OK, term=3, succeeded=true, lastLogIndex=1} from 3
21:52:19.876 [raft-server-raft-partition-3] TRACE i.a.p.raft.roles.LeaderAppender - RaftServer{raft-partition-3} - Sending AppendRequest{term=3, leader=1, prevLogIndex=1, prevLogTerm=2, entries=0, commitIndex=1} to 3
21:52:19.876 [raft-server-raft-partition-3] TRACE i.a.p.raft.roles.FollowerRole - RaftServer{raft-partition-3}{role=FOLLOWER} - Received AppendRequest{term=3, leader=1, prevLogIndex=1, prevLogTerm=2, entries=0, commitIndex=1}
21:52:19.876 [raft-server-raft-partition-3] TRACE i.a.p.raft.roles.FollowerRole - RaftServer{raft-partition-3}{role=FOLLOWER} - Sending AppendResponse{status=OK, term=3, succeeded=true, lastLogIndex=1}
21:52:19.876 [raft-server-raft-partition-3] TRACE i.a.p.raft.roles.FollowerRole - RaftServer{raft-partition-3}{role=FOLLOWER} - Received AppendRequest{term=3, leader=1, prevLogIndex=1, prevLogTerm=2, entries=0, commitIndex=1}
21:52:19.876 [raft-server-raft-partition-3] TRACE i.a.p.raft.roles.FollowerRole - RaftServer{raft-partition-3}{role=FOLLOWER} - Sending AppendResponse{status=OK, term=3, succeeded=true, lastLogIndex=1}
21:52:19.876 [raft-server-raft-partition-3] TRACE i.a.p.raft.roles.LeaderAppender - RaftServer{raft-partition-3} - Received AppendResponse{status=OK, term=3, succeeded=true, lastLogIndex=1} from 2
21:52:19.876 [raft-server-raft-partition-3] TRACE i.a.p.raft.roles.LeaderAppender - RaftServer{raft-partition-3} - Received AppendResponse{status=OK, term=3, succeeded=true, lastLogIndex=1} from 3
21:52:19.884 [raft-server-raft-partition-1] TRACE i.a.p.raft.roles.LeaderAppender - RaftServer{raft-partition-1} - Sending AppendRequest{term=1, leader=2, prevLogIndex=1, prevLogTerm=1, entries=0, commitIndex=1} to 3
21:52:19.885 [raft-server-raft-partition-1] TRACE i.a.p.raft.roles.FollowerRole - RaftServer{raft-partition-1}{role=FOLLOWER} - Received AppendRequest{term=1, leader=2, prevLogIndex=1, prevLogTerm=1, entries=0, commitIndex=1}
21:52:19.885 [raft-server-raft-partition-1] TRACE i.a.p.raft.roles.FollowerRole - RaftServer{raft-partition-1}{role=FOLLOWER} - Sending AppendResponse{status=OK, term=1, succeeded=true, lastLogIndex=1}
21:52:19.885 [raft-server-raft-partition-1] TRACE i.a.p.raft.roles.LeaderAppender - RaftServer{raft-partition-1} - Received AppendResponse{status=OK, term=1, succeeded=true, lastLogIndex=1} from 3
21:52:19.885 [raft-server-raft-partition-1] TRACE i.a.p.raft.roles.LeaderAppender - RaftServer{raft-partition-1} - Sending AppendRequest{term=1, leader=2, prevLogIndex=1, prevLogTerm=1, entries=0, commitIndex=1} to 3
21:52:19.885 [raft-server-raft-partition-1] TRACE i.a.p.raft.roles.FollowerRole - RaftServer{raft-partition-1}{role=FOLLOWER} - Received AppendRequest{term=1, leader=2, prevLogIndex=1, prevLogTerm=1, entries=0, commitIndex=1}
21:52:19.885 [raft-server-raft-partition-1] TRACE i.a.p.raft.roles.FollowerRole - RaftServer{raft-partition-1}{role=FOLLOWER} - Sending AppendResponse{status=OK, term=1, succeeded=true, lastLogIndex=1}
21:52:19.885 [raft-server-raft-partition-1] TRACE i.a.p.raft.roles.LeaderAppender - RaftServer{raft-partition-1} - Received AppendResponse{status=OK, term=1, succeeded=true, lastLogIndex=1} from 3
21:52:19.917 [raft-server-system-partition-1] TRACE i.a.p.raft.roles.LeaderAppender - RaftServer{system-partition-1} - Sending AppendRequest{term=1, leader=1, prevLogIndex=16, prevLogTerm=1, entries=0, commitIndex=16} to 2
21:52:19.917 [raft-server-system-partition-1] TRACE i.a.p.raft.roles.LeaderAppender - RaftServer{system-partition-1} - Sending AppendRequest{term=1, leader=1, prevLogIndex=16, prevLogTerm=1, entries=0, commitIndex=16} to 3
21:52:19.917 [raft-server-system-partition-1] TRACE i.a.p.raft.roles.FollowerRole - RaftServer{system-partition-1}{role=FOLLOWER} - Received AppendRequest{term=1, leader=1, prevLogIndex=16, prevLogTerm=1, entries=0, commitIndex=16}
21:52:19.917 [raft-server-system-partition-1] TRACE i.a.p.raft.roles.FollowerRole - RaftServer{system-partition-1}{role=FOLLOWER} - Received AppendRequest{term=1, leader=1, prevLogIndex=16, prevLogTerm=1, entries=0, commitIndex=16}
21:52:19.917 [raft-server-system-partition-1] TRACE i.a.p.raft.roles.FollowerRole - RaftServer{system-partition-1}{role=FOLLOWER} - Sending AppendResponse{status=OK, term=1, succeeded=true, lastLogIndex=16}
21:52:19.917 [raft-server-system-partition-1] TRACE i.a.p.raft.roles.FollowerRole - RaftServer{system-partition-1}{role=FOLLOWER} - Sending AppendResponse{status=OK, term=1, succeeded=true, lastLogIndex=16}
21:52:19.918 [raft-server-system-partition-1] TRACE i.a.p.raft.roles.LeaderAppender - RaftServer{system-partition-1} - Received AppendResponse{status=OK, term=1, succeeded=true, lastLogIndex=16} from 2
21:52:19.918 [raft-server-system-partition-1] TRACE i.a.p.raft.roles.LeaderAppender - RaftServer{system-partition-1} - Sending AppendRequest{term=1, leader=1, prevLogIndex=16, prevLogTerm=1, entries=0, commitIndex=16} to 2
21:52:19.918 [raft-server-system-partition-1] TRACE i.a.p.raft.roles.LeaderAppender - RaftServer{system-partition-1} - Received AppendResponse{status=OK, term=1, succeeded=true, lastLogIndex=16} from 3
21:52:19.918 [raft-server-system-partition-1] TRACE i.a.p.raft.roles.LeaderAppender - RaftServer{system-partition-1} - Sending AppendRequest{term=1, leader=1, prevLogIndex=16, prevLogTerm=1, entries=0, commitIndex=16} to 3
21:52:19.918 [raft-server-system-partition-1] TRACE i.a.p.raft.roles.FollowerRole - RaftServer{system-partition-1}{role=FOLLOWER} - Received AppendRequest{term=1, leader=1, prevLogIndex=16, prevLogTerm=1, entries=0, commitIndex=16}
21:52:19.918 [raft-server-system-partition-1] TRACE i.a.p.raft.roles.FollowerRole - RaftServer{system-partition-1}{role=FOLLOWER} - Sending AppendResponse{status=OK, term=1, succeeded=true, lastLogIndex=16}
21:52:19.918 [raft-server-system-partition-1] TRACE i.a.p.raft.roles.FollowerRole - RaftServer{system-partition-1}{role=FOLLOWER} - Received AppendRequest{term=1, leader=1, prevLogIndex=16, prevLogTerm=1, entries=0, commitIndex=16}
21:52:19.918 [raft-server-system-partition-1] TRACE i.a.p.raft.roles.FollowerRole - RaftServer{system-partition-1}{role=FOLLOWER} - Sending AppendResponse{status=OK, term=1, succeeded=true, lastLogIndex=16}
21:52:19.918 [raft-server-system-partition-1] TRACE i.a.p.raft.roles.LeaderAppender - RaftServer{system-partition-1} - Received AppendResponse{status=OK, term=1, succeeded=true, lastLogIndex=16} from 2
21:52:19.918 [raft-server-system-partition-1] TRACE i.a.p.raft.roles.LeaderAppender - RaftServer{system-partition-1} - Received AppendResponse{status=OK, term=1, succeeded=true, lastLogIndex=16} from 3
21:52:19.925 [raft-server-raft-partition-1] DEBUG i.a.p.raft.roles.LeaderAppender - RaftServer{raft-partition-1} - AppendRequest{term=1, leader=2, prevLogIndex=0, prevLogTerm=0, entries=1, commitIndex=1} to 1 failed: java.util.concurrent.TimeoutException: Request timed out in 5010 milliseconds
21:52:19.959 [raft-server-raft-partition-5] TRACE i.a.p.raft.roles.LeaderAppender - RaftServer{raft-partition-5} - Sending AppendRequest{term=1, leader=3, prevLogIndex=1, prevLogTerm=1, entries=0, commitIndex=1} to 1
21:52:19.959 [raft-server-raft-partition-5] TRACE i.a.p.raft.roles.LeaderAppender - RaftServer{raft-partition-5} - Sending AppendRequest{term=1, leader=3, prevLogIndex=1, prevLogTerm=1, entries=0, commitIndex=1} to 2
21:52:19.959 [raft-server-raft-partition-5] TRACE i.a.p.raft.roles.FollowerRole - RaftServer{raft-partition-5}{role=FOLLOWER} - Received AppendRequest{term=1, leader=3, prevLogIndex=1, prevLogTerm=1, entries=0, commitIndex=1}
21:52:19.959 [raft-server-raft-partition-7] TRACE i.a.p.raft.roles.LeaderAppender - RaftServer{raft-partition-7} - Sending AppendRequest{term=1, leader=2, prevLogIndex=1, prevLogTerm=1, entries=0, commitIndex=1} to 1
21:52:19.959 [raft-server-raft-partition-5] TRACE i.a.p.raft.roles.FollowerRole - RaftServer{raft-partition-5}{role=FOLLOWER} - Sending AppendResponse{status=OK, term=1, succeeded=true, lastLogIndex=1}
21:52:19.959 [raft-server-raft-partition-5] TRACE i.a.p.raft.roles.FollowerRole - RaftServer{raft-partition-5}{role=FOLLOWER} - Received AppendRequest{term=1, leader=3, prevLogIndex=1, prevLogTerm=1, entries=0, commitIndex=1}
21:52:19.959 [raft-server-raft-partition-7] TRACE i.a.p.raft.roles.LeaderAppender - RaftServer{raft-partition-7} - Sending AppendRequest{term=1, leader=2, prevLogIndex=1, prevLogTerm=1, entries=0, commitIndex=1} to 3
21:52:19.959 [raft-server-raft-partition-5] TRACE i.a.p.raft.roles.FollowerRole - RaftServer{raft-partition-5}{role=FOLLOWER} - Sending AppendResponse{status=OK, term=1, succeeded=true, lastLogIndex=1}
21:52:19.959 [raft-server-raft-partition-7] TRACE i.a.p.raft.roles.FollowerRole - RaftServer{raft-partition-7}{role=FOLLOWER} - Received AppendRequest{term=1, leader=2, prevLogIndex=1, prevLogTerm=1, entries=0, commitIndex=1}
21:52:19.959 [raft-server-raft-partition-7] TRACE i.a.p.raft.roles.FollowerRole - RaftServer{raft-partition-7}{role=FOLLOWER} - Sending AppendResponse{status=OK, term=1, succeeded=true, lastLogIndex=1}
21:52:19.959 [raft-server-raft-partition-5] TRACE i.a.p.raft.roles.LeaderAppender - RaftServer{raft-partition-5} - Received AppendResponse{status=OK, term=1, succeeded=true, lastLogIndex=1} from 1
21:52:19.959 [raft-server-raft-partition-7] TRACE i.a.p.raft.roles.FollowerRole - RaftServer{raft-partition-7}{role=FOLLOWER} - Received AppendRequest{term=1, leader=2, prevLogIndex=1, prevLogTerm=1, entries=0, commitIndex=1}
21:52:19.959 [raft-server-raft-partition-5] TRACE i.a.p.raft.roles.LeaderAppender - RaftServer{raft-partition-5} - Sending AppendRequest{term=1, leader=3, prevLogIndex=1, prevLogTerm=1, entries=0, commitIndex=1} to 1
21:52:19.959 [raft-server-raft-partition-7] TRACE i.a.p.raft.roles.FollowerRole - RaftServer{raft-partition-7}{role=FOLLOWER} - Sending AppendResponse{status=OK, term=1, succeeded=true, lastLogIndex=1}
21:52:19.959 [raft-server-raft-partition-7] TRACE i.a.p.raft.roles.LeaderAppender - RaftServer{raft-partition-7} - Received AppendResponse{status=OK, term=1, succeeded=true, lastLogIndex=1} from 1
21:52:19.959 [raft-server-raft-partition-5] TRACE i.a.p.raft.roles.LeaderAppender - RaftServer{raft-partition-5} - Received AppendResponse{status=OK, term=1, succeeded=true, lastLogIndex=1} from 2
21:52:19.959 [raft-server-raft-partition-7] TRACE i.a.p.raft.roles.LeaderAppender - RaftServer{raft-partition-7} - Sending AppendRequest{term=1, leader=2, prevLogIndex=1, prevLogTerm=1, entries=0, commitIndex=1} to 1
21:52:19.959 [raft-server-raft-partition-5] TRACE i.a.p.raft.roles.FollowerRole - RaftServer{raft-partition-5}{role=FOLLOWER} - Received AppendRequest{term=1, leader=3, prevLogIndex=1, prevLogTerm=1, entries=0, commitIndex=1}
21:52:19.959 [raft-server-raft-partition-5] TRACE i.a.p.raft.roles.LeaderAppender - RaftServer{raft-partition-5} - Sending AppendRequest{term=1, leader=3, prevLogIndex=1, prevLogTerm=1, entries=0, commitIndex=1} to 2
21:52:19.959 [raft-server-raft-partition-7] TRACE i.a.p.raft.roles.LeaderAppender - RaftServer{raft-partition-7} - Received AppendResponse{status=OK, term=1, succeeded=true, lastLogIndex=1} from 3
21:52:19.959 [raft-server-raft-partition-5] TRACE i.a.p.raft.roles.FollowerRole - RaftServer{raft-partition-5}{role=FOLLOWER} - Sending AppendResponse{status=OK, term=1, succeeded=true, lastLogIndex=1}
21:52:19.960 [raft-server-raft-partition-7] TRACE i.a.p.raft.roles.LeaderAppender - RaftServer{raft-partition-7} - Sending AppendRequest{term=1, leader=2, prevLogIndex=1, prevLogTerm=1, entries=0, commitIndex=1} to 3
21:52:19.960 [raft-server-raft-partition-7] TRACE i.a.p.raft.roles.FollowerRole - RaftServer{raft-partition-7}{role=FOLLOWER} - Received AppendRequest{term=1, leader=2, prevLogIndex=1, prevLogTerm=1, entries=0, commitIndex=1}
21:52:19.960 [raft-server-raft-partition-5] TRACE i.a.p.raft.roles.FollowerRole - RaftServer{raft-partition-5}{role=FOLLOWER} - Received AppendRequest{term=1, leader=3, prevLogIndex=1, prevLogTerm=1, entries=0, commitIndex=1}
21:52:19.960 [raft-server-raft-partition-7] TRACE i.a.p.raft.roles.FollowerRole - RaftServer{raft-partition-7}{role=FOLLOWER} - Sending AppendResponse{status=OK, term=1, succeeded=true, lastLogIndex=1}
21:52:19.960 [raft-server-raft-partition-5] TRACE i.a.p.raft.roles.FollowerRole - RaftServer{raft-partition-5}{role=FOLLOWER} - Sending AppendResponse{status=OK, term=1, succeeded=true, lastLogIndex=1}
21:52:19.960 [raft-server-raft-partition-7] TRACE i.a.p.raft.roles.FollowerRole - RaftServer{raft-partition-7}{role=FOLLOWER} - Received AppendRequest{term=1, leader=2, prevLogIndex=1, prevLogTerm=1, entries=0, commitIndex=1}
21:52:19.960 [raft-server-raft-partition-5] TRACE i.a.p.raft.roles.LeaderAppender - RaftServer{raft-partition-5} - Received AppendResponse{status=OK, term=1, succeeded=true, lastLogIndex=1} from 1
21:52:19.960 [raft-server-raft-partition-7] TRACE i.a.p.raft.roles.FollowerRole - RaftServer{raft-partition-7}{role=FOLLOWER} - Sending AppendResponse{status=OK, term=1, succeeded=true, lastLogIndex=1}
21:52:19.960 [raft-server-raft-partition-7] TRACE i.a.p.raft.roles.LeaderAppender - RaftServer{raft-partition-7} - Received AppendResponse{status=OK, term=1, succeeded=true, lastLogIndex=1} from 1
21:52:19.960 [raft-server-raft-partition-5] TRACE i.a.p.raft.roles.LeaderAppender - RaftServer{raft-partition-5} - Sending AppendRequest{term=1, leader=3, prevLogIndex=1, prevLogTerm=1, entries=0, commitIndex=1} to 1
21:52:19.960 [raft-server-raft-partition-7] TRACE i.a.p.raft.roles.LeaderAppender - RaftServer{raft-partition-7} - Sending AppendRequest{term=1, leader=2, prevLogIndex=1, prevLogTerm=1, entries=0, commitIndex=1} to 1
21:52:19.960 [raft-server-raft-partition-5] TRACE i.a.p.raft.roles.LeaderAppender - RaftServer{raft-partition-5} - Received AppendResponse{status=OK, term=1, succeeded=true, lastLogIndex=1} from 2
21:52:19.960 [raft-server-raft-partition-7] TRACE i.a.p.raft.roles.LeaderAppender - RaftServer{raft-partition-7} - Received AppendResponse{status=OK, term=1, succeeded=true, lastLogIndex=1} from 3
21:52:19.960 [raft-server-raft-partition-5] TRACE i.a.p.raft.roles.LeaderAppender - RaftServer{raft-partition-5} - Sending AppendRequest{term=1, leader=3, prevLogIndex=1, prevLogTerm=1, entries=0, commitIndex=1} to 2
21:52:19.960 [raft-server-raft-partition-5] TRACE i.a.p.raft.roles.FollowerRole - RaftServer{raft-partition-5}{role=FOLLOWER} - Received AppendRequest{term=1, leader=3, prevLogIndex=1, prevLogTerm=1, entries=0, commitIndex=1}
21:52:19.960 [raft-server-raft-partition-7] TRACE i.a.p.raft.roles.FollowerRole - RaftServer{raft-partition-7}{role=FOLLOWER} - Received AppendRequest{term=1, leader=2, prevLogIndex=1, prevLogTerm=1, entries=0, commitIndex=1}
21:52:19.960 [raft-server-raft-partition-5] TRACE i.a.p.raft.roles.FollowerRole - RaftServer{raft-partition-5}{role=FOLLOWER} - Sending AppendResponse{status=OK, term=1, succeeded=true, lastLogIndex=1}
21:52:19.960 [raft-server-raft-partition-7] TRACE i.a.p.raft.roles.FollowerRole - RaftServer{raft-partition-7}{role=FOLLOWER} - Sending AppendResponse{status=OK, term=1, succeeded=true, lastLogIndex=1}
21:52:19.960 [raft-server-raft-partition-5] TRACE i.a.p.raft.roles.FollowerRole - RaftServer{raft-partition-5}{role=FOLLOWER} - Received AppendRequest{term=1, leader=3, prevLogIndex=1, prevLogTerm=1, entries=0, commitIndex=1}
21:52:19.960 [raft-server-raft-partition-5] TRACE i.a.p.raft.roles.FollowerRole - RaftServer{raft-partition-5}{role=FOLLOWER} - Sending AppendResponse{status=OK, term=1, succeeded=true, lastLogIndex=1}
21:52:19.960 [raft-server-raft-partition-7] TRACE i.a.p.raft.roles.LeaderAppender - RaftServer{raft-partition-7} - Received AppendResponse{status=OK, term=1, succeeded=true, lastLogIndex=1} from 1
21:52:19.960 [raft-server-raft-partition-5] TRACE i.a.p.raft.roles.LeaderAppender - RaftServer{raft-partition-5} - Received AppendResponse{status=OK, term=1, succeeded=true, lastLogIndex=1} from 1
21:52:19.960 [raft-server-raft-partition-5] TRACE i.a.p.raft.roles.LeaderAppender - RaftServer{raft-partition-5} - Received AppendResponse{status=OK, term=1, succeeded=true, lastLogIndex=1} from 2
21:52:19.993 [raft-server-raft-partition-4] TRACE i.a.p.raft.roles.LeaderAppender - RaftServer{raft-partition-4} - Sending AppendRequest{term=1, leader=1, prevLogIndex=1, prevLogTerm=1, entries=0, commitIndex=1} to 2
21:52:19.993 [raft-server-raft-partition-4] TRACE i.a.p.raft.roles.LeaderAppender - RaftServer{raft-partition-4} - Sending AppendRequest{term=1, leader=1, prevLogIndex=1, prevLogTerm=1, entries=0, commitIndex=1} to 3
21:52:19.993 [raft-server-raft-partition-4] TRACE i.a.p.raft.roles.FollowerRole - RaftServer{raft-partition-4}{role=FOLLOWER} - Received AppendRequest{term=1, leader=1, prevLogIndex=1, prevLogTerm=1, entries=0, commitIndex=1}
21:52:19.993 [raft-server-raft-partition-4] TRACE i.a.p.raft.roles.FollowerRole - RaftServer{raft-partition-4}{role=FOLLOWER} - Received AppendRequest{term=1, leader=1, prevLogIndex=1, prevLogTerm=1, entries=0, commitIndex=1}
21:52:19.993 [raft-server-raft-partition-4] TRACE i.a.p.raft.roles.FollowerRole - RaftServer{raft-partition-4}{role=FOLLOWER} - Sending AppendResponse{status=OK, term=1, succeeded=true, lastLogIndex=1}
21:52:19.993 [raft-server-raft-partition-4] TRACE i.a.p.raft.roles.FollowerRole - RaftServer{raft-partition-4}{role=FOLLOWER} - Sending AppendResponse{status=OK, term=1, succeeded=true, lastLogIndex=1}
21:52:19.993 [raft-server-raft-partition-4] TRACE i.a.p.raft.roles.LeaderAppender - RaftServer{raft-partition-4} - Received AppendResponse{status=OK, term=1, succeeded=true, lastLogIndex=1} from 2
21:52:19.993 [raft-server-raft-partition-4] TRACE i.a.p.raft.roles.LeaderAppender - RaftServer{raft-partition-4} - Sending AppendRequest{term=1, leader=1, prevLogIndex=1, prevLogTerm=1, entries=0, commitIndex=1} to 2
21:52:19.994 [raft-server-raft-partition-4] TRACE i.a.p.raft.roles.LeaderAppender - RaftServer{raft-partition-4} - Received AppendResponse{status=OK, term=1, succeeded=true, lastLogIndex=1} from 3
21:52:19.994 [raft-server-raft-partition-4] TRACE i.a.p.raft.roles.LeaderAppender - RaftServer{raft-partition-4} - Sending AppendRequest{term=1, leader=1, prevLogIndex=1, prevLogTerm=1, entries=0, commitIndex=1} to 3
21:52:19.994 [raft-server-raft-partition-4] TRACE i.a.p.raft.roles.FollowerRole - RaftServer{raft-partition-4}{role=FOLLOWER} - Received AppendRequest{term=1, leader=1, prevLogIndex=1, prevLogTerm=1, entries=0, commitIndex=1}
21:52:19.994 [raft-server-raft-partition-4] TRACE i.a.p.raft.roles.FollowerRole - RaftServer{raft-partition-4}{role=FOLLOWER} - Sending AppendResponse{status=OK, term=1, succeeded=true, lastLogIndex=1}
21:52:19.994 [raft-server-raft-partition-4] TRACE i.a.p.raft.roles.FollowerRole - RaftServer{raft-partition-4}{role=FOLLOWER} - Received AppendRequest{term=1, leader=1, prevLogIndex=1, prevLogTerm=1, entries=0, commitIndex=1}
21:52:19.994 [raft-server-raft-partition-4] TRACE i.a.p.raft.roles.LeaderAppender - RaftServer{raft-partition-4} - Received AppendResponse{status=OK, term=1, succeeded=true, lastLogIndex=1} from 2
21:52:19.994 [raft-server-raft-partition-4] TRACE i.a.p.raft.roles.FollowerRole - RaftServer{raft-partition-4}{role=FOLLOWER} - Sending AppendResponse{status=OK, term=1, succeeded=true, lastLogIndex=1}
21:52:19.994 [raft-server-raft-partition-4] TRACE i.a.p.raft.roles.LeaderAppender - RaftServer{raft-partition-4} - Sending AppendRequest{term=1, leader=1, prevLogIndex=1, prevLogTerm=1, entries=0, commitIndex=1} to 2
21:52:19.994 [raft-server-raft-partition-4] TRACE i.a.p.raft.roles.LeaderAppender - RaftServer{raft-partition-4} - Received AppendResponse{status=OK, term=1, succeeded=true, lastLogIndex=1} from 3
21:52:19.994 [raft-server-raft-partition-4] TRACE i.a.p.raft.roles.FollowerRole - RaftServer{raft-partition-4}{role=FOLLOWER} - Received AppendRequest{term=1, leader=1, prevLogIndex=1, prevLogTerm=1, entries=0, commitIndex=1}
21:52:19.994 [raft-server-raft-partition-4] TRACE i.a.p.raft.roles.FollowerRole - RaftServer{raft-partition-4}{role=FOLLOWER} - Sending AppendResponse{status=OK, term=1, succeeded=true, lastLogIndex=1}
21:52:19.994 [raft-server-raft-partition-4] TRACE i.a.p.raft.roles.LeaderAppender - RaftServer{raft-partition-4} - Received AppendResponse{status=OK, term=1, succeeded=true, lastLogIndex=1} from 2
21:52:20.068 [raft-server-raft-partition-2] TRACE i.a.p.raft.roles.LeaderAppender - RaftServer{raft-partition-2} - Sending AppendRequest{term=1, leader=1, prevLogIndex=1, prevLogTerm=1, entries=0, commitIndex=1} to 2
21:52:20.068 [raft-server-raft-partition-2] TRACE i.a.p.raft.roles.LeaderAppender - RaftServer{raft-partition-2} - Sending AppendRequest{term=1, leader=1, prevLogIndex=1, prevLogTerm=1, entries=0, commitIndex=1} to 3
21:52:20.068 [raft-server-raft-partition-2] TRACE i.a.p.raft.roles.FollowerRole - RaftServer{raft-partition-2}{role=FOLLOWER} - Received AppendRequest{term=1, leader=1, prevLogIndex=1, prevLogTerm=1, entries=0, commitIndex=1}
21:52:20.068 [raft-server-raft-partition-2] TRACE i.a.p.raft.roles.FollowerRole - RaftServer{raft-partition-2}{role=FOLLOWER} - Received AppendRequest{term=1, leader=1, prevLogIndex=1, prevLogTerm=1, entries=0, commitIndex=1}
21:52:20.068 [raft-server-raft-partition-2] TRACE i.a.p.raft.roles.FollowerRole - RaftServer{raft-partition-2}{role=FOLLOWER} - Sending AppendResponse{status=OK, term=1, succeeded=true, lastLogIndex=1}
21:52:20.068 [raft-server-raft-partition-2] TRACE i.a.p.raft.roles.FollowerRole - RaftServer{raft-partition-2}{role=FOLLOWER} - Sending AppendResponse{status=OK, term=1, succeeded=true, lastLogIndex=1}
21:52:20.068 [raft-server-raft-partition-2] TRACE i.a.p.raft.roles.LeaderAppender - RaftServer{raft-partition-2} - Received AppendResponse{status=OK, term=1, succeeded=true, lastLogIndex=1} from 2
21:52:20.068 [raft-server-raft-partition-2] TRACE i.a.p.raft.roles.LeaderAppender - RaftServer{raft-partition-2} - Received AppendResponse{status=OK, term=1, succeeded=true, lastLogIndex=1} from 3
21:52:20.076 [raft-server-raft-partition-6] TRACE i.a.p.raft.roles.LeaderAppender - RaftServer{raft-partition-6} - Sending AppendRequest{term=1, leader=1, prevLogIndex=1, prevLogTerm=1, entries=0, commitIndex=1} to 2
21:52:20.076 [raft-server-raft-partition-6] TRACE i.a.p.raft.roles.LeaderAppender - RaftServer{raft-partition-6} - Sending AppendRequest{term=1, leader=1, prevLogIndex=1, prevLogTerm=1, entries=0, commitIndex=1} to 3
21:52:20.076 [raft-server-raft-partition-6] TRACE i.a.p.raft.roles.FollowerRole - RaftServer{raft-partition-6}{role=FOLLOWER} - Received AppendRequest{term=1, leader=1, prevLogIndex=1, prevLogTerm=1, entries=0, commitIndex=1}
21:52:20.076 [raft-server-raft-partition-6] TRACE i.a.p.raft.roles.FollowerRole - RaftServer{raft-partition-6}{role=FOLLOWER} - Sending AppendResponse{status=OK, term=1, succeeded=true, lastLogIndex=1}
21:52:20.076 [raft-server-raft-partition-6] TRACE i.a.p.raft.roles.FollowerRole - RaftServer{raft-partition-6}{role=FOLLOWER} - Received AppendRequest{term=1, leader=1, prevLogIndex=1, prevLogTerm=1, entries=0, commitIndex=1}
21:52:20.076 [raft-server-raft-partition-6] TRACE i.a.p.raft.roles.FollowerRole - RaftServer{raft-partition-6}{role=FOLLOWER} - Sending AppendResponse{status=OK, term=1, succeeded=true, lastLogIndex=1}
21:52:20.076 [raft-server-raft-partition-6] TRACE i.a.p.raft.roles.LeaderAppender - RaftServer{raft-partition-6} - Received AppendResponse{status=OK, term=1, succeeded=true, lastLogIndex=1} from 2
21:52:20.076 [raft-server-raft-partition-6] TRACE i.a.p.raft.roles.LeaderAppender - RaftServer{raft-partition-6} - Sending AppendRequest{term=1, leader=1, prevLogIndex=1, prevLogTerm=1, entries=0, commitIndex=1} to 2
21:52:20.076 [raft-server-raft-partition-6] TRACE i.a.p.raft.roles.LeaderAppender - RaftServer{raft-partition-6} - Received AppendResponse{status=OK, term=1, succeeded=true, lastLogIndex=1} from 3
21:52:20.076 [raft-server-raft-partition-6] TRACE i.a.p.raft.roles.LeaderAppender - RaftServer{raft-partition-6} - Sending AppendRequest{term=1, leader=1, prevLogIndex=1, prevLogTerm=1, entries=0, commitIndex=1} to 3
21:52:20.076 [raft-server-raft-partition-6] TRACE i.a.p.raft.roles.FollowerRole - RaftServer{raft-partition-6}{role=FOLLOWER} - Received AppendRequest{term=1, leader=1, prevLogIndex=1, prevLogTerm=1, entries=0, commitIndex=1}
21:52:20.076 [raft-server-raft-partition-6] TRACE i.a.p.raft.roles.FollowerRole - RaftServer{raft-partition-6}{role=FOLLOWER} - Sending AppendResponse{status=OK, term=1, succeeded=true, lastLogIndex=1}
21:52:20.077 [raft-server-raft-partition-6] TRACE i.a.p.raft.roles.FollowerRole - RaftServer{raft-partition-6}{role=FOLLOWER} - Received AppendRequest{term=1, leader=1, prevLogIndex=1, prevLogTerm=1, entries=0, commitIndex=1}
21:52:20.077 [raft-server-raft-partition-6] TRACE i.a.p.raft.roles.FollowerRole - RaftServer{raft-partition-6}{role=FOLLOWER} - Sending AppendResponse{status=OK, term=1, succeeded=true, lastLogIndex=1}
21:52:20.077 [raft-server-raft-partition-6] TRACE i.a.p.raft.roles.LeaderAppender - RaftServer{raft-partition-6} - Received AppendResponse{status=OK, term=1, succeeded=true, lastLogIndex=1} from 2
21:52:20.077 [raft-server-raft-partition-6] TRACE i.a.p.raft.roles.LeaderAppender - RaftServer{raft-partition-6} - Sending AppendRequest{term=1, leader=1, prevLogIndex=1, prevLogTerm=1, entries=0, commitIndex=1} to 2
21:52:20.077 [raft-server-raft-partition-6] TRACE i.a.p.raft.roles.LeaderAppender - RaftServer{raft-partition-6} - Received AppendResponse{status=OK, term=1, succeeded=true, lastLogIndex=1} from 3
21:52:20.077 [raft-server-raft-partition-6] TRACE i.a.p.raft.roles.LeaderAppender - RaftServer{raft-partition-6} - Sending AppendRequest{term=1, leader=1, prevLogIndex=1, prevLogTerm=1, entries=0, commitIndex=1} to 3
21:52:20.077 [raft-server-raft-partition-6] TRACE i.a.p.raft.roles.FollowerRole - RaftServer{raft-partition-6}{role=FOLLOWER} - Received AppendRequest{term=1, leader=1, prevLogIndex=1, prevLogTerm=1, entries=0, commitIndex=1}
21:52:20.077 [raft-server-raft-partition-6] TRACE i.a.p.raft.roles.FollowerRole - RaftServer{raft-partition-6}{role=FOLLOWER} - Sending AppendResponse{status=OK, term=1, succeeded=true, lastLogIndex=1}
21:52:20.077 [raft-server-raft-partition-6] TRACE i.a.p.raft.roles.FollowerRole - RaftServer{raft-partition-6}{role=FOLLOWER} - Received AppendRequest{term=1, leader=1, prevLogIndex=1, prevLogTerm=1, entries=0, commitIndex=1}
21:52:20.077 [raft-server-raft-partition-6] TRACE i.a.p.raft.roles.FollowerRole - RaftServer{raft-partition-6}{role=FOLLOWER} - Sending AppendResponse{status=OK, term=1, succeeded=true, lastLogIndex=1}
21:52:20.077 [raft-server-raft-partition-6] TRACE i.a.p.raft.roles.LeaderAppender - RaftServer{raft-partition-6} - Received AppendResponse{status=OK, term=1, succeeded=true, lastLogIndex=1} from 2
21:52:20.077 [raft-server-raft-partition-6] TRACE i.a.p.raft.roles.LeaderAppender - RaftServer{raft-partition-6} - Received AppendResponse{status=OK, term=1, succeeded=true, lastLogIndex=1} from 3
21:52:20.125 [raft-server-raft-partition-3] TRACE i.a.p.raft.roles.LeaderAppender - RaftServer{raft-partition-3} - Sending AppendRequest{term=3, leader=1, prevLogIndex=1, prevLogTerm=2, entries=0, commitIndex=1} to 2
21:52:20.125 [raft-server-raft-partition-3] TRACE i.a.p.raft.roles.LeaderAppender - RaftServer{raft-partition-3} - Sending AppendRequest{term=3, leader=1, prevLogIndex=1, prevLogTerm=2, entries=0, commitIndex=1} to 3
21:52:20.125 [raft-server-raft-partition-3] TRACE i.a.p.raft.roles.FollowerRole - RaftServer{raft-partition-3}{role=FOLLOWER} - Received AppendRequest{term=3, leader=1, prevLogIndex=1, prevLogTerm=2, entries=0, commitIndex=1}
21:52:20.125 [raft-server-raft-partition-3] TRACE i.a.p.raft.roles.FollowerRole - RaftServer{raft-partition-3}{role=FOLLOWER} - Sending AppendResponse{status=OK, term=3, succeeded=true, lastLogIndex=1}
21:52:20.125 [raft-server-raft-partition-3] TRACE i.a.p.raft.roles.FollowerRole - RaftServer{raft-partition-3}{role=FOLLOWER} - Received AppendRequest{term=3, leader=1, prevLogIndex=1, prevLogTerm=2, entries=0, commitIndex=1}
21:52:20.125 [raft-server-raft-partition-3] TRACE i.a.p.raft.roles.FollowerRole - RaftServer{raft-partition-3}{role=FOLLOWER} - Sending AppendResponse{status=OK, term=3, succeeded=true, lastLogIndex=1}
21:52:20.125 [raft-server-raft-partition-3] TRACE i.a.p.raft.roles.LeaderAppender - RaftServer{raft-partition-3} - Received AppendResponse{status=OK, term=3, succeeded=true, lastLogIndex=1} from 2
21:52:20.125 [raft-server-raft-partition-3] TRACE i.a.p.raft.roles.LeaderAppender - RaftServer{raft-partition-3} - Sending AppendRequest{term=3, leader=1, prevLogIndex=1, prevLogTerm=2, entries=0, commitIndex=1} to 2
21:52:20.125 [raft-server-raft-partition-3] TRACE i.a.p.raft.roles.LeaderAppender - RaftServer{raft-partition-3} - Received AppendResponse{status=OK, term=3, succeeded=true, lastLogIndex=1} from 3
21:52:20.125 [raft-server-raft-partition-3] TRACE i.a.p.raft.roles.LeaderAppender - RaftServer{raft-partition-3} - Sending AppendRequest{term=3, leader=1, prevLogIndex=1, prevLogTerm=2, entries=0, commitIndex=1} to 3
21:52:20.125 [raft-server-raft-partition-3] TRACE i.a.p.raft.roles.FollowerRole - RaftServer{raft-partition-3}{role=FOLLOWER} - Received AppendRequest{term=3, leader=1, prevLogIndex=1, prevLogTerm=2, entries=0, commitIndex=1}
21:52:20.125 [raft-server-raft-partition-3] TRACE i.a.p.raft.roles.FollowerRole - RaftServer{raft-partition-3}{role=FOLLOWER} - Received AppendRequest{term=3, leader=1, prevLogIndex=1, prevLogTerm=2, entries=0, commitIndex=1}
21:52:20.125 [raft-server-raft-partition-3] TRACE i.a.p.raft.roles.FollowerRole - RaftServer{raft-partition-3}{role=FOLLOWER} - Sending AppendResponse{status=OK, term=3, succeeded=true, lastLogIndex=1}
21:52:20.125 [raft-server-raft-partition-3] TRACE i.a.p.raft.roles.FollowerRole - RaftServer{raft-partition-3}{role=FOLLOWER} - Sending AppendResponse{status=OK, term=3, succeeded=true, lastLogIndex=1}
21:52:20.125 [raft-server-raft-partition-3] TRACE i.a.p.raft.roles.LeaderAppender - RaftServer{raft-partition-3} - Received AppendResponse{status=OK, term=3, succeeded=true, lastLogIndex=1} from 3
21:52:20.125 [raft-server-raft-partition-3] TRACE i.a.p.raft.roles.LeaderAppender - RaftServer{raft-partition-3} - Sending AppendRequest{term=3, leader=1, prevLogIndex=1, prevLogTerm=2, entries=0, commitIndex=1} to 3
21:52:20.125 [raft-server-raft-partition-3] TRACE i.a.p.raft.roles.LeaderAppender - RaftServer{raft-partition-3} - Received AppendResponse{status=OK, term=3, succeeded=true, lastLogIndex=1} from 2
21:52:20.126 [raft-server-raft-partition-3] TRACE i.a.p.raft.roles.LeaderAppender - RaftServer{raft-partition-3} - Sending AppendRequest{term=3, leader=1, prevLogIndex=1, prevLogTerm=2, entries=0, commitIndex=1} to 2
21:52:20.126 [raft-server-raft-partition-3] TRACE i.a.p.raft.roles.FollowerRole - RaftServer{raft-partition-3}{role=FOLLOWER} - Received AppendRequest{term=3, leader=1, prevLogIndex=1, prevLogTerm=2, entries=0, commitIndex=1}
21:52:20.126 [raft-server-raft-partition-3] TRACE i.a.p.raft.roles.FollowerRole - RaftServer{raft-partition-3}{role=FOLLOWER} - Received AppendRequest{term=3, leader=1, prevLogIndex=1, prevLogTerm=2, entries=0, commitIndex=1}
21:52:20.126 [raft-server-raft-partition-3] TRACE i.a.p.raft.roles.FollowerRole - RaftServer{raft-partition-3}{role=FOLLOWER} - Sending AppendResponse{status=OK, term=3, succeeded=true, lastLogIndex=1}
21:52:20.126 [raft-server-raft-partition-3] TRACE i.a.p.raft.roles.FollowerRole - RaftServer{raft-partition-3}{role=FOLLOWER} - Sending AppendResponse{status=OK, term=3, succeeded=true, lastLogIndex=1}
21:52:20.126 [raft-server-raft-partition-3] TRACE i.a.p.raft.roles.LeaderAppender - RaftServer{raft-partition-3} - Received AppendResponse{status=OK, term=3, succeeded=true, lastLogIndex=1} from 3
21:52:20.126 [raft-server-raft-partition-3] TRACE i.a.p.raft.roles.LeaderAppender - RaftServer{raft-partition-3} - Sending AppendRequest{term=3, leader=1, prevLogIndex=1, prevLogTerm=2, entries=0, commitIndex=1} to 3
21:52:20.126 [raft-server-raft-partition-3] TRACE i.a.p.raft.roles.LeaderAppender - RaftServer{raft-partition-3} - Received AppendResponse{status=OK, term=3, succeeded=true, lastLogIndex=1} from 2
21:52:20.126 [raft-server-raft-partition-3] TRACE i.a.p.raft.roles.FollowerRole - RaftServer{raft-partition-3}{role=FOLLOWER} - Received AppendRequest{term=3, leader=1, prevLogIndex=1, prevLogTerm=2, entries=0, commitIndex=1}
21:52:20.126 [raft-server-raft-partition-3] TRACE i.a.p.raft.roles.FollowerRole - RaftServer{raft-partition-3}{role=FOLLOWER} - Sending AppendResponse{status=OK, term=3, succeeded=true, lastLogIndex=1}
21:52:20.126 [raft-server-raft-partition-3] TRACE i.a.p.raft.roles.LeaderAppender - RaftServer{raft-partition-3} - Received AppendResponse{status=OK, term=3, succeeded=true, lastLogIndex=1} from 3
21:52:20.134 [raft-server-raft-partition-1] TRACE i.a.p.raft.roles.LeaderAppender - RaftServer{raft-partition-1} - Sending AppendRequest{term=1, leader=2, prevLogIndex=1, prevLogTerm=1, entries=0, commitIndex=1} to 1
21:52:20.134 [raft-server-raft-partition-1] TRACE i.a.p.raft.roles.LeaderAppender - RaftServer{raft-partition-1} - Sending AppendRequest{term=1, leader=2, prevLogIndex=1, prevLogTerm=1, entries=0, commitIndex=1} to 3
21:52:20.135 [raft-server-raft-partition-1] TRACE i.a.p.raft.roles.FollowerRole - RaftServer{raft-partition-1}{role=FOLLOWER} - Received AppendRequest{term=1, leader=2, prevLogIndex=1, prevLogTerm=1, entries=0, commitIndex=1}
21:52:20.135 [raft-server-raft-partition-1] INFO  i.a.protocols.raft.impl.RaftContext - RaftServer{raft-partition-1} - Found leader 2
21:52:20.135 [raft-server-raft-partition-1] TRACE i.a.p.raft.storage.system.MetaStore - Store vote null
21:52:20.135 [raft-server-raft-partition-1] TRACE i.a.p.raft.roles.FollowerRole - RaftServer{raft-partition-1}{role=FOLLOWER} - Received AppendRequest{term=1, leader=2, prevLogIndex=1, prevLogTerm=1, entries=0, commitIndex=1}
21:52:20.135 [raft-server-raft-partition-1] TRACE i.a.p.raft.roles.FollowerRole - RaftServer{raft-partition-1}{role=FOLLOWER} - Sending AppendResponse{status=OK, term=1, succeeded=true, lastLogIndex=1}
21:52:20.135 [raft-server-raft-partition-1] TRACE i.a.p.raft.roles.LeaderAppender - RaftServer{raft-partition-1} - Received AppendResponse{status=OK, term=1, succeeded=true, lastLogIndex=1} from 3
21:52:20.135 [raft-server-raft-partition-1] TRACE i.a.p.raft.roles.LeaderAppender - RaftServer{raft-partition-1} - Sending AppendRequest{term=1, leader=2, prevLogIndex=1, prevLogTerm=1, entries=0, commitIndex=1} to 3
21:52:20.135 [raft-server-raft-partition-1] TRACE i.a.p.raft.roles.FollowerRole - RaftServer{raft-partition-1}{role=FOLLOWER} - Received AppendRequest{term=1, leader=2, prevLogIndex=1, prevLogTerm=1, entries=0, commitIndex=1}
21:52:20.135 [raft-server-raft-partition-1] TRACE i.a.p.raft.roles.FollowerRole - RaftServer{raft-partition-1}{role=FOLLOWER} - Sending AppendResponse{status=OK, term=1, succeeded=true, lastLogIndex=1}
21:52:20.135 [raft-server-raft-partition-1] TRACE i.a.p.raft.roles.LeaderAppender - RaftServer{raft-partition-1} - Received AppendResponse{status=OK, term=1, succeeded=true, lastLogIndex=1} from 3
21:52:20.157 [raft-server-raft-partition-1] DEBUG i.a.p.raft.roles.FollowerRole - RaftServer{raft-partition-1}{role=FOLLOWER} - Rejected AppendRequest{term=1, leader=2, prevLogIndex=1, prevLogTerm=1, entries=0, commitIndex=1}: Previous index (1) is greater than the local log's last index (0)
21:52:20.157 [raft-server-raft-partition-1] TRACE i.a.p.raft.roles.FollowerRole - RaftServer{raft-partition-1}{role=FOLLOWER} - Sending AppendResponse{status=OK, term=1, succeeded=false, lastLogIndex=0}
21:52:20.157 [raft-server-raft-partition-1] TRACE i.a.p.raft.roles.LeaderAppender - RaftServer{raft-partition-1} - Received AppendResponse{status=OK, term=1, succeeded=false, lastLogIndex=0} from 1
21:52:20.157 [raft-server-raft-partition-1] TRACE i.a.p.raft.roles.LeaderAppender - RaftServer{raft-partition-1} - Reset next index for RaftMemberContext{member=1, term=1, configIndex=0, snapshotIndex=0, nextSnapshotIndex=0, nextSnapshotOffset=0, matchIndex=0, nextIndex=1, heartbeatTime=1528660334884, appending=0, appendSucceeded=false, appendTime=1528660340134, configuring=false, installing=false, failures=0} to 1
21:52:20.157 [raft-server-raft-partition-1] TRACE i.a.p.raft.roles.LeaderAppender - RaftServer{raft-partition-1} - Sending AppendRequest{term=1, leader=2, prevLogIndex=0, prevLogTerm=0, entries=1, commitIndex=1} to 1
21:52:20.158 [raft-server-raft-partition-1] TRACE i.a.p.raft.roles.FollowerRole - RaftServer{raft-partition-1}{role=FOLLOWER} - Received AppendRequest{term=1, leader=2, prevLogIndex=0, prevLogTerm=0, entries=1, commitIndex=1}
21:52:20.158 [raft-server-raft-partition-1] DEBUG i.a.p.raft.roles.FollowerRole - RaftServer{raft-partition-1}{role=FOLLOWER} - Reset first index to 1
21:52:20.167 [raft-server-system-partition-1] TRACE i.a.p.raft.roles.LeaderAppender - RaftServer{system-partition-1} - Sending AppendRequest{term=1, leader=1, prevLogIndex=16, prevLogTerm=1, entries=0, commitIndex=16} to 2
21:52:20.167 [raft-server-system-partition-1] TRACE i.a.p.raft.roles.LeaderAppender - RaftServer{system-partition-1} - Sending AppendRequest{term=1, leader=1, prevLogIndex=16, prevLogTerm=1, entries=0, commitIndex=16} to 3
21:52:20.167 [raft-server-system-partition-1] TRACE i.a.p.raft.roles.FollowerRole - RaftServer{system-partition-1}{role=FOLLOWER} - Received AppendRequest{term=1, leader=1, prevLogIndex=16, prevLogTerm=1, entries=0, commitIndex=16}
21:52:20.167 [raft-server-system-partition-1] TRACE i.a.p.raft.roles.FollowerRole - RaftServer{system-partition-1}{role=FOLLOWER} - Received AppendRequest{term=1, leader=1, prevLogIndex=16, prevLogTerm=1, entries=0, commitIndex=16}
21:52:20.167 [raft-server-system-partition-1] TRACE i.a.p.raft.roles.FollowerRole - RaftServer{system-partition-1}{role=FOLLOWER} - Sending AppendResponse{status=OK, term=1, succeeded=true, lastLogIndex=16}
21:52:20.167 [raft-server-system-partition-1] TRACE i.a.p.raft.roles.FollowerRole - RaftServer{system-partition-1}{role=FOLLOWER} - Sending AppendResponse{status=OK, term=1, succeeded=true, lastLogIndex=16}
21:52:20.168 [raft-server-system-partition-1] TRACE i.a.p.raft.roles.LeaderAppender - RaftServer{system-partition-1} - Received AppendResponse{status=OK, term=1, succeeded=true, lastLogIndex=16} from 2
21:52:20.168 [raft-server-system-partition-1] TRACE i.a.p.raft.roles.LeaderAppender - RaftServer{system-partition-1} - Sending AppendRequest{term=1, leader=1, prevLogIndex=16, prevLogTerm=1, entries=0, commitIndex=16} to 2
21:52:20.168 [raft-server-system-partition-1] TRACE i.a.p.raft.roles.LeaderAppender - RaftServer{system-partition-1} - Received AppendResponse{status=OK, term=1, succeeded=true, lastLogIndex=16} from 3
21:52:20.168 [raft-server-system-partition-1] TRACE i.a.p.raft.roles.LeaderAppender - RaftServer{system-partition-1} - Sending AppendRequest{term=1, leader=1, prevLogIndex=16, prevLogTerm=1, entries=0, commitIndex=16} to 3
21:52:20.168 [raft-server-system-partition-1] TRACE i.a.p.raft.roles.FollowerRole - RaftServer{system-partition-1}{role=FOLLOWER} - Received AppendRequest{term=1, leader=1, prevLogIndex=16, prevLogTerm=1, entries=0, commitIndex=16}
21:52:20.168 [raft-server-system-partition-1] TRACE i.a.p.raft.roles.FollowerRole - RaftServer{system-partition-1}{role=FOLLOWER} - Sending AppendResponse{status=OK, term=1, succeeded=true, lastLogIndex=16}
21:52:20.168 [raft-server-system-partition-1] TRACE i.a.p.raft.roles.FollowerRole - RaftServer{system-partition-1}{role=FOLLOWER} - Received AppendRequest{term=1, leader=1, prevLogIndex=16, prevLogTerm=1, entries=0, commitIndex=16}
21:52:20.168 [raft-server-system-partition-1] TRACE i.a.p.raft.roles.FollowerRole - RaftServer{system-partition-1}{role=FOLLOWER} - Sending AppendResponse{status=OK, term=1, succeeded=true, lastLogIndex=16}
21:52:20.168 [raft-server-system-partition-1] TRACE i.a.p.raft.roles.LeaderAppender - RaftServer{system-partition-1} - Received AppendResponse{status=OK, term=1, succeeded=true, lastLogIndex=16} from 2
21:52:20.168 [raft-server-system-partition-1] TRACE i.a.p.raft.roles.LeaderAppender - RaftServer{system-partition-1} - Received AppendResponse{status=OK, term=1, succeeded=true, lastLogIndex=16} from 3
21:52:20.209 [raft-server-raft-partition-5] TRACE i.a.p.raft.roles.LeaderAppender - RaftServer{raft-partition-5} - Sending AppendRequest{term=1, leader=3, prevLogIndex=1, prevLogTerm=1, entries=0, commitIndex=1} to 1
21:52:20.209 [raft-server-raft-partition-5] TRACE i.a.p.raft.roles.LeaderAppender - RaftServer{raft-partition-5} - Sending AppendRequest{term=1, leader=3, prevLogIndex=1, prevLogTerm=1, entries=0, commitIndex=1} to 2
21:52:20.209 [raft-server-raft-partition-7] TRACE i.a.p.raft.roles.LeaderAppender - RaftServer{raft-partition-7} - Sending AppendRequest{term=1, leader=2, prevLogIndex=1, prevLogTerm=1, entries=0, commitIndex=1} to 1
21:52:20.209 [raft-server-raft-partition-5] TRACE i.a.p.raft.roles.FollowerRole - RaftServer{raft-partition-5}{role=FOLLOWER} - Received AppendRequest{term=1, leader=3, prevLogIndex=1, prevLogTerm=1, entries=0, commitIndex=1}
21:52:20.209 [raft-server-raft-partition-7] TRACE i.a.p.raft.roles.LeaderAppender - RaftServer{raft-partition-7} - Sending AppendRequest{term=1, leader=2, prevLogIndex=1, prevLogTerm=1, entries=0, commitIndex=1} to 3
21:52:20.209 [raft-server-raft-partition-5] TRACE i.a.p.raft.roles.FollowerRole - RaftServer{raft-partition-5}{role=FOLLOWER} - Received AppendRequest{term=1, leader=3, prevLogIndex=1, prevLogTerm=1, entries=0, commitIndex=1}
21:52:20.209 [raft-server-raft-partition-5] TRACE i.a.p.raft.roles.FollowerRole - RaftServer{raft-partition-5}{role=FOLLOWER} - Sending AppendResponse{status=OK, term=1, succeeded=true, lastLogIndex=1}
21:52:20.209 [raft-server-raft-partition-7] TRACE i.a.p.raft.roles.FollowerRole - RaftServer{raft-partition-7}{role=FOLLOWER} - Received AppendRequest{term=1, leader=2, prevLogIndex=1, prevLogTerm=1, entries=0, commitIndex=1}
21:52:20.209 [raft-server-raft-partition-5] TRACE i.a.p.raft.roles.FollowerRole - RaftServer{raft-partition-5}{role=FOLLOWER} - Sending AppendResponse{status=OK, term=1, succeeded=true, lastLogIndex=1}
21:52:20.209 [raft-server-raft-partition-7] TRACE i.a.p.raft.roles.FollowerRole - RaftServer{raft-partition-7}{role=FOLLOWER} - Sending AppendResponse{status=OK, term=1, succeeded=true, lastLogIndex=1}
21:52:20.209 [raft-server-raft-partition-7] TRACE i.a.p.raft.roles.FollowerRole - RaftServer{raft-partition-7}{role=FOLLOWER} - Received AppendRequest{term=1, leader=2, prevLogIndex=1, prevLogTerm=1, entries=0, commitIndex=1}
21:52:20.209 [raft-server-raft-partition-7] TRACE i.a.p.raft.roles.FollowerRole - RaftServer{raft-partition-7}{role=FOLLOWER} - Sending AppendResponse{status=OK, term=1, succeeded=true, lastLogIndex=1}
21:52:20.209 [raft-server-raft-partition-5] TRACE i.a.p.raft.roles.LeaderAppender - RaftServer{raft-partition-5} - Received AppendResponse{status=OK, term=1, succeeded=true, lastLogIndex=1} from 1
21:52:20.209 [raft-server-raft-partition-7] TRACE i.a.p.raft.roles.LeaderAppender - RaftServer{raft-partition-7} - Received AppendResponse{status=OK, term=1, succeeded=true, lastLogIndex=1} from 1
21:52:20.209 [raft-server-raft-partition-5] TRACE i.a.p.raft.roles.LeaderAppender - RaftServer{raft-partition-5} - Sending AppendRequest{term=1, leader=3, prevLogIndex=1, prevLogTerm=1, entries=0, commitIndex=1} to 1
21:52:20.209 [raft-server-raft-partition-7] TRACE i.a.p.raft.roles.LeaderAppender - RaftServer{raft-partition-7} - Sending AppendRequest{term=1, leader=2, prevLogIndex=1, prevLogTerm=1, entries=0, commitIndex=1} to 1
21:52:20.210 [raft-server-raft-partition-5] TRACE i.a.p.raft.roles.LeaderAppender - RaftServer{raft-partition-5} - Received AppendResponse{status=OK, term=1, succeeded=true, lastLogIndex=1} from 2
21:52:20.210 [raft-server-raft-partition-7] TRACE i.a.p.raft.roles.LeaderAppender - RaftServer{raft-partition-7} - Received AppendResponse{status=OK, term=1, succeeded=true, lastLogIndex=1} from 3
21:52:20.210 [raft-server-raft-partition-5] TRACE i.a.p.raft.roles.FollowerRole - RaftServer{raft-partition-5}{role=FOLLOWER} - Received AppendRequest{term=1, leader=3, prevLogIndex=1, prevLogTerm=1, entries=0, commitIndex=1}
21:52:20.210 [raft-server-raft-partition-5] TRACE i.a.p.raft.roles.LeaderAppender - RaftServer{raft-partition-5} - Sending AppendRequest{term=1, leader=3, prevLogIndex=1, prevLogTerm=1, entries=0, commitIndex=1} to 2
21:52:20.210 [raft-server-raft-partition-7] TRACE i.a.p.raft.roles.FollowerRole - RaftServer{raft-partition-7}{role=FOLLOWER} - Received AppendRequest{term=1, leader=2, prevLogIndex=1, prevLogTerm=1, entries=0, commitIndex=1}
21:52:20.210 [raft-server-raft-partition-7] TRACE i.a.p.raft.roles.LeaderAppender - RaftServer{raft-partition-7} - Sending AppendRequest{term=1, leader=2, prevLogIndex=1, prevLogTerm=1, entries=0, commitIndex=1} to 3
21:52:20.210 [raft-server-raft-partition-5] TRACE i.a.p.raft.roles.FollowerRole - RaftServer{raft-partition-5}{role=FOLLOWER} - Sending AppendResponse{status=OK, term=1, succeeded=true, lastLogIndex=1}
21:52:20.210 [raft-server-raft-partition-7] TRACE i.a.p.raft.roles.FollowerRole - RaftServer{raft-partition-7}{role=FOLLOWER} - Sending AppendResponse{status=OK, term=1, succeeded=true, lastLogIndex=1}
21:52:20.210 [raft-server-raft-partition-5] TRACE i.a.p.raft.roles.FollowerRole - RaftServer{raft-partition-5}{role=FOLLOWER} - Received AppendRequest{term=1, leader=3, prevLogIndex=1, prevLogTerm=1, entries=0, commitIndex=1}
21:52:20.210 [raft-server-raft-partition-5] TRACE i.a.p.raft.roles.FollowerRole - RaftServer{raft-partition-5}{role=FOLLOWER} - Sending AppendResponse{status=OK, term=1, succeeded=true, lastLogIndex=1}
21:52:20.210 [raft-server-raft-partition-7] TRACE i.a.p.raft.roles.FollowerRole - RaftServer{raft-partition-7}{role=FOLLOWER} - Received AppendRequest{term=1, leader=2, prevLogIndex=1, prevLogTerm=1, entries=0, commitIndex=1}
21:52:20.210 [raft-server-raft-partition-7] TRACE i.a.p.raft.roles.FollowerRole - RaftServer{raft-partition-7}{role=FOLLOWER} - Sending AppendResponse{status=OK, term=1, succeeded=true, lastLogIndex=1}
21:52:20.210 [raft-server-raft-partition-5] TRACE i.a.p.raft.roles.LeaderAppender - RaftServer{raft-partition-5} - Received AppendResponse{status=OK, term=1, succeeded=true, lastLogIndex=1} from 2
21:52:20.210 [raft-server-raft-partition-7] TRACE i.a.p.raft.roles.LeaderAppender - RaftServer{raft-partition-7} - Received AppendResponse{status=OK, term=1, succeeded=true, lastLogIndex=1} from 1
21:52:20.210 [raft-server-raft-partition-5] TRACE i.a.p.raft.roles.LeaderAppender - RaftServer{raft-partition-5} - Received AppendResponse{status=OK, term=1, succeeded=true, lastLogIndex=1} from 1
21:52:20.210 [raft-server-raft-partition-7] TRACE i.a.p.raft.roles.LeaderAppender - RaftServer{raft-partition-7} - Sending AppendRequest{term=1, leader=2, prevLogIndex=1, prevLogTerm=1, entries=0, commitIndex=1} to 1
21:52:20.210 [raft-server-raft-partition-7] TRACE i.a.p.raft.roles.LeaderAppender - RaftServer{raft-partition-7} - Received AppendResponse{status=OK, term=1, succeeded=true, lastLogIndex=1} from 3
21:52:20.210 [raft-server-raft-partition-7] TRACE i.a.p.raft.roles.FollowerRole - RaftServer{raft-partition-7}{role=FOLLOWER} - Received AppendRequest{term=1, leader=2, prevLogIndex=1, prevLogTerm=1, entries=0, commitIndex=1}
21:52:20.210 [raft-server-raft-partition-7] TRACE i.a.p.raft.roles.FollowerRole - RaftServer{raft-partition-7}{role=FOLLOWER} - Sending AppendResponse{status=OK, term=1, succeeded=true, lastLogIndex=1}
21:52:20.211 [raft-server-raft-partition-7] TRACE i.a.p.raft.roles.LeaderAppender - RaftServer{raft-partition-7} - Received AppendResponse{status=OK, term=1, succeeded=true, lastLogIndex=1} from 1
21:52:20.243 [raft-server-raft-partition-4] TRACE i.a.p.raft.roles.LeaderAppender - RaftServer{raft-partition-4} - Sending AppendRequest{term=1, leader=1, prevLogIndex=1, prevLogTerm=1, entries=0, commitIndex=1} to 2
21:52:20.243 [raft-server-raft-partition-4] TRACE i.a.p.raft.roles.LeaderAppender - RaftServer{raft-partition-4} - Sending AppendRequest{term=1, leader=1, prevLogIndex=1, prevLogTerm=1, entries=0, commitIndex=1} to 3
21:52:20.243 [raft-server-raft-partition-4] TRACE i.a.p.raft.roles.FollowerRole - RaftServer{raft-partition-4}{role=FOLLOWER} - Received AppendRequest{term=1, leader=1, prevLogIndex=1, prevLogTerm=1, entries=0, commitIndex=1}
21:52:20.243 [raft-server-raft-partition-4] TRACE i.a.p.raft.roles.FollowerRole - RaftServer{raft-partition-4}{role=FOLLOWER} - Received AppendRequest{term=1, leader=1, prevLogIndex=1, prevLogTerm=1, entries=0, commitIndex=1}
21:52:20.243 [raft-server-raft-partition-4] TRACE i.a.p.raft.roles.FollowerRole - RaftServer{raft-partition-4}{role=FOLLOWER} - Sending AppendResponse{status=OK, term=1, succeeded=true, lastLogIndex=1}
21:52:20.243 [raft-server-raft-partition-4] TRACE i.a.p.raft.roles.FollowerRole - RaftServer{raft-partition-4}{role=FOLLOWER} - Sending AppendResponse{status=OK, term=1, succeeded=true, lastLogIndex=1}
21:52:20.243 [raft-server-raft-partition-4] TRACE i.a.p.raft.roles.LeaderAppender - RaftServer{raft-partition-4} - Received AppendResponse{status=OK, term=1, succeeded=true, lastLogIndex=1} from 2
21:52:20.243 [raft-server-raft-partition-4] TRACE i.a.p.raft.roles.LeaderAppender - RaftServer{raft-partition-4} - Sending AppendRequest{term=1, leader=1, prevLogIndex=1, prevLogTerm=1, entries=0, commitIndex=1} to 2
21:52:20.243 [raft-server-raft-partition-4] TRACE i.a.p.raft.roles.LeaderAppender - RaftServer{raft-partition-4} - Received AppendResponse{status=OK, term=1, succeeded=true, lastLogIndex=1} from 3
21:52:20.243 [raft-server-raft-partition-4] TRACE i.a.p.raft.roles.LeaderAppender - RaftServer{raft-partition-4} - Sending AppendRequest{term=1, leader=1, prevLogIndex=1, prevLogTerm=1, entries=0, commitIndex=1} to 3
21:52:20.244 [raft-server-raft-partition-4] TRACE i.a.p.raft.roles.FollowerRole - RaftServer{raft-partition-4}{role=FOLLOWER} - Received AppendRequest{term=1, leader=1, prevLogIndex=1, prevLogTerm=1, entries=0, commitIndex=1}
21:52:20.244 [raft-server-raft-partition-4] TRACE i.a.p.raft.roles.FollowerRole - RaftServer{raft-partition-4}{role=FOLLOWER} - Sending AppendResponse{status=OK, term=1, succeeded=true, lastLogIndex=1}
21:52:20.244 [raft-server-raft-partition-4] TRACE i.a.p.raft.roles.FollowerRole - RaftServer{raft-partition-4}{role=FOLLOWER} - Received AppendRequest{term=1, leader=1, prevLogIndex=1, prevLogTerm=1, entries=0, commitIndex=1}
21:52:20.244 [raft-server-raft-partition-4] TRACE i.a.p.raft.roles.FollowerRole - RaftServer{raft-partition-4}{role=FOLLOWER} - Sending AppendResponse{status=OK, term=1, succeeded=true, lastLogIndex=1}
21:52:20.244 [raft-server-raft-partition-4] TRACE i.a.p.raft.roles.LeaderAppender - RaftServer{raft-partition-4} - Received AppendResponse{status=OK, term=1, succeeded=true, lastLogIndex=1} from 2
21:52:20.244 [raft-server-raft-partition-4] TRACE i.a.p.raft.roles.LeaderAppender - RaftServer{raft-partition-4} - Sending AppendRequest{term=1, leader=1, prevLogIndex=1, prevLogTerm=1, entries=0, commitIndex=1} to 2
21:52:20.244 [raft-server-raft-partition-4] TRACE i.a.p.raft.roles.LeaderAppender - RaftServer{raft-partition-4} - Received AppendResponse{status=OK, term=1, succeeded=true, lastLogIndex=1} from 3
21:52:20.244 [raft-server-raft-partition-4] TRACE i.a.p.raft.roles.LeaderAppender - RaftServer{raft-partition-4} - Sending AppendRequest{term=1, leader=1, prevLogIndex=1, prevLogTerm=1, entries=0, commitIndex=1} to 3
21:52:20.244 [raft-server-raft-partition-4] TRACE i.a.p.raft.roles.FollowerRole - RaftServer{raft-partition-4}{role=FOLLOWER} - Received AppendRequest{term=1, leader=1, prevLogIndex=1, prevLogTerm=1, entries=0, commitIndex=1}
21:52:20.244 [raft-server-raft-partition-4] TRACE i.a.p.raft.roles.FollowerRole - RaftServer{raft-partition-4}{role=FOLLOWER} - Sending AppendResponse{status=OK, term=1, succeeded=true, lastLogIndex=1}
21:52:20.244 [raft-server-raft-partition-4] TRACE i.a.p.raft.roles.FollowerRole - RaftServer{raft-partition-4}{role=FOLLOWER} - Received AppendRequest{term=1, leader=1, prevLogIndex=1, prevLogTerm=1, entries=0, commitIndex=1}
21:52:20.244 [raft-server-raft-partition-4] TRACE i.a.p.raft.roles.FollowerRole - RaftServer{raft-partition-4}{role=FOLLOWER} - Sending AppendResponse{status=OK, term=1, succeeded=true, lastLogIndex=1}
21:52:20.244 [raft-server-raft-partition-4] TRACE i.a.p.raft.roles.LeaderAppender - RaftServer{raft-partition-4} - Received AppendResponse{status=OK, term=1, succeeded=true, lastLogIndex=1} from 2
21:52:20.244 [raft-server-raft-partition-4] TRACE i.a.p.raft.roles.LeaderAppender - RaftServer{raft-partition-4} - Received AppendResponse{status=OK, term=1, succeeded=true, lastLogIndex=1} from 3
21:52:20.317 [raft-server-raft-partition-2] TRACE i.a.p.raft.roles.LeaderAppender - RaftServer{raft-partition-2} - Sending AppendRequest{term=1, leader=1, prevLogIndex=1, prevLogTerm=1, entries=0, commitIndex=1} to 2
21:52:20.318 [raft-server-raft-partition-2] TRACE i.a.p.raft.roles.LeaderAppender - RaftServer{raft-partition-2} - Sending AppendRequest{term=1, leader=1, prevLogIndex=1, prevLogTerm=1, entries=0, commitIndex=1} to 3
21:52:20.318 [raft-server-raft-partition-2] TRACE i.a.p.raft.roles.FollowerRole - RaftServer{raft-partition-2}{role=FOLLOWER} - Received AppendRequest{term=1, leader=1, prevLogIndex=1, prevLogTerm=1, entries=0, commitIndex=1}
21:52:20.318 [raft-server-raft-partition-2] TRACE i.a.p.raft.roles.FollowerRole - RaftServer{raft-partition-2}{role=FOLLOWER} - Sending AppendResponse{status=OK, term=1, succeeded=true, lastLogIndex=1}
21:52:20.318 [raft-server-raft-partition-2] TRACE i.a.p.raft.roles.FollowerRole - RaftServer{raft-partition-2}{role=FOLLOWER} - Received AppendRequest{term=1, leader=1, prevLogIndex=1, prevLogTerm=1, entries=0, commitIndex=1}
21:52:20.318 [raft-server-raft-partition-2] TRACE i.a.p.raft.roles.FollowerRole - RaftServer{raft-partition-2}{role=FOLLOWER} - Sending AppendResponse{status=OK, term=1, succeeded=true, lastLogIndex=1}
21:52:20.318 [raft-server-raft-partition-2] TRACE i.a.p.raft.roles.LeaderAppender - RaftServer{raft-partition-2} - Received AppendResponse{status=OK, term=1, succeeded=true, lastLogIndex=1} from 2
21:52:20.318 [raft-server-raft-partition-2] TRACE i.a.p.raft.roles.LeaderAppender - RaftServer{raft-partition-2} - Sending AppendRequest{term=1, leader=1, prevLogIndex=1, prevLogTerm=1, entries=0, commitIndex=1} to 2
21:52:20.318 [raft-server-raft-partition-2] TRACE i.a.p.raft.roles.LeaderAppender - RaftServer{raft-partition-2} - Received AppendResponse{status=OK, term=1, succeeded=true, lastLogIndex=1} from 3
21:52:20.318 [raft-server-raft-partition-2] TRACE i.a.p.raft.roles.FollowerRole - RaftServer{raft-partition-2}{role=FOLLOWER} - Received AppendRequest{term=1, leader=1, prevLogIndex=1, prevLogTerm=1, entries=0, commitIndex=1}
21:52:20.318 [raft-server-raft-partition-2] TRACE i.a.p.raft.roles.FollowerRole - RaftServer{raft-partition-2}{role=FOLLOWER} - Sending AppendResponse{status=OK, term=1, succeeded=true, lastLogIndex=1}
21:52:20.318 [raft-server-raft-partition-2] TRACE i.a.p.raft.roles.LeaderAppender - RaftServer{raft-partition-2} - Received AppendResponse{status=OK, term=1, succeeded=true, lastLogIndex=1} from 2
21:52:20.326 [raft-server-raft-partition-6] TRACE i.a.p.raft.roles.LeaderAppender - RaftServer{raft-partition-6} - Sending AppendRequest{term=1, leader=1, prevLogIndex=1, prevLogTerm=1, entries=0, commitIndex=1} to 2
21:52:20.326 [raft-server-raft-partition-6] TRACE i.a.p.raft.roles.LeaderAppender - RaftServer{raft-partition-6} - Sending AppendRequest{term=1, leader=1, prevLogIndex=1, prevLogTerm=1, entries=0, commitIndex=1} to 3
21:52:20.326 [raft-server-raft-partition-6] TRACE i.a.p.raft.roles.FollowerRole - RaftServer{raft-partition-6}{role=FOLLOWER} - Received AppendRequest{term=1, leader=1, prevLogIndex=1, prevLogTerm=1, entries=0, commitIndex=1}
21:52:20.326 [raft-server-raft-partition-6] TRACE i.a.p.raft.roles.FollowerRole - RaftServer{raft-partition-6}{role=FOLLOWER} - Received AppendRequest{term=1, leader=1, prevLogIndex=1, prevLogTerm=1, entries=0, commitIndex=1}
21:52:20.326 [raft-server-raft-partition-6] TRACE i.a.p.raft.roles.FollowerRole - RaftServer{raft-partition-6}{role=FOLLOWER} - Sending AppendResponse{status=OK, term=1, succeeded=true, lastLogIndex=1}
21:52:20.326 [raft-server-raft-partition-6] TRACE i.a.p.raft.roles.FollowerRole - RaftServer{raft-partition-6}{role=FOLLOWER} - Sending AppendResponse{status=OK, term=1, succeeded=true, lastLogIndex=1}
21:52:20.326 [raft-server-raft-partition-6] TRACE i.a.p.raft.roles.LeaderAppender - RaftServer{raft-partition-6} - Received AppendResponse{status=OK, term=1, succeeded=true, lastLogIndex=1} from 2
21:52:20.326 [raft-server-raft-partition-6] TRACE i.a.p.raft.roles.LeaderAppender - RaftServer{raft-partition-6} - Sending AppendRequest{term=1, leader=1, prevLogIndex=1, prevLogTerm=1, entries=0, commitIndex=1} to 2
21:52:20.326 [raft-server-raft-partition-6] TRACE i.a.p.raft.roles.LeaderAppender - RaftServer{raft-partition-6} - Received AppendResponse{status=OK, term=1, succeeded=true, lastLogIndex=1} from 3
21:52:20.326 [raft-server-raft-partition-6] TRACE i.a.p.raft.roles.LeaderAppender - RaftServer{raft-partition-6} - Sending AppendRequest{term=1, leader=1, prevLogIndex=1, prevLogTerm=1, entries=0, commitIndex=1} to 3
21:52:20.326 [raft-server-raft-partition-6] TRACE i.a.p.raft.roles.FollowerRole - RaftServer{raft-partition-6}{role=FOLLOWER} - Received AppendRequest{term=1, leader=1, prevLogIndex=1, prevLogTerm=1, entries=0, commitIndex=1}
21:52:20.326 [raft-server-raft-partition-6] TRACE i.a.p.raft.roles.FollowerRole - RaftServer{raft-partition-6}{role=FOLLOWER} - Received AppendRequest{term=1, leader=1, prevLogIndex=1, prevLogTerm=1, entries=0, commitIndex=1}
21:52:20.326 [raft-server-raft-partition-6] TRACE i.a.p.raft.roles.FollowerRole - RaftServer{raft-partition-6}{role=FOLLOWER} - Sending AppendResponse{status=OK, term=1, succeeded=true, lastLogIndex=1}
21:52:20.326 [raft-server-raft-partition-6] TRACE i.a.p.raft.roles.FollowerRole - RaftServer{raft-partition-6}{role=FOLLOWER} - Sending AppendResponse{status=OK, term=1, succeeded=true, lastLogIndex=1}
21:52:20.327 [raft-server-raft-partition-6] TRACE i.a.p.raft.roles.LeaderAppender - RaftServer{raft-partition-6} - Received AppendResponse{status=OK, term=1, succeeded=true, lastLogIndex=1} from 2
21:52:20.327 [raft-server-raft-partition-6] TRACE i.a.p.raft.roles.LeaderAppender - RaftServer{raft-partition-6} - Sending AppendRequest{term=1, leader=1, prevLogIndex=1, prevLogTerm=1, entries=0, commitIndex=1} to 2
21:52:20.327 [raft-server-raft-partition-6] TRACE i.a.p.raft.roles.LeaderAppender - RaftServer{raft-partition-6} - Received AppendResponse{status=OK, term=1, succeeded=true, lastLogIndex=1} from 3
21:52:20.327 [raft-server-raft-partition-6] TRACE i.a.p.raft.roles.LeaderAppender - RaftServer{raft-partition-6} - Sending AppendRequest{term=1, leader=1, prevLogIndex=1, prevLogTerm=1, entries=0, commitIndex=1} to 3
21:52:20.327 [raft-server-raft-partition-6] TRACE i.a.p.raft.roles.FollowerRole - RaftServer{raft-partition-6}{role=FOLLOWER} - Received AppendRequest{term=1, leader=1, prevLogIndex=1, prevLogTerm=1, entries=0, commitIndex=1}
21:52:20.327 [raft-server-raft-partition-6] TRACE i.a.p.raft.roles.FollowerRole - RaftServer{raft-partition-6}{role=FOLLOWER} - Sending AppendResponse{status=OK, term=1, succeeded=true, lastLogIndex=1}
21:52:20.327 [raft-server-raft-partition-6] TRACE i.a.p.raft.roles.FollowerRole - RaftServer{raft-partition-6}{role=FOLLOWER} - Received AppendRequest{term=1, leader=1, prevLogIndex=1, prevLogTerm=1, entries=0, commitIndex=1}
21:52:20.327 [raft-server-raft-partition-6] TRACE i.a.p.raft.roles.FollowerRole - RaftServer{raft-partition-6}{role=FOLLOWER} - Sending AppendResponse{status=OK, term=1, succeeded=true, lastLogIndex=1}
21:52:20.327 [raft-server-raft-partition-6] TRACE i.a.p.raft.roles.LeaderAppender - RaftServer{raft-partition-6} - Received AppendResponse{status=OK, term=1, succeeded=true, lastLogIndex=1} from 2
21:52:20.327 [raft-server-raft-partition-6] TRACE i.a.p.raft.roles.LeaderAppender - RaftServer{raft-partition-6} - Received AppendResponse{status=OK, term=1, succeeded=true, lastLogIndex=1} from 3
21:52:20.375 [raft-server-raft-partition-3] TRACE i.a.p.raft.roles.LeaderAppender - RaftServer{raft-partition-3} - Sending AppendRequest{term=3, leader=1, prevLogIndex=1, prevLogTerm=2, entries=0, commitIndex=1} to 2
21:52:20.375 [raft-server-raft-partition-3] TRACE i.a.p.raft.roles.LeaderAppender - RaftServer{raft-partition-3} - Sending AppendRequest{term=3, leader=1, prevLogIndex=1, prevLogTerm=2, entries=0, commitIndex=1} to 3
21:52:20.375 [raft-server-raft-partition-3] TRACE i.a.p.raft.roles.FollowerRole - RaftServer{raft-partition-3}{role=FOLLOWER} - Received AppendRequest{term=3, leader=1, prevLogIndex=1, prevLogTerm=2, entries=0, commitIndex=1}
21:52:20.375 [raft-server-raft-partition-3] TRACE i.a.p.raft.roles.FollowerRole - RaftServer{raft-partition-3}{role=FOLLOWER} - Received AppendRequest{term=3, leader=1, prevLogIndex=1, prevLogTerm=2, entries=0, commitIndex=1}
21:52:20.375 [raft-server-raft-partition-3] TRACE i.a.p.raft.roles.FollowerRole - RaftServer{raft-partition-3}{role=FOLLOWER} - Sending AppendResponse{status=OK, term=3, succeeded=true, lastLogIndex=1}
21:52:20.375 [raft-server-raft-partition-3] TRACE i.a.p.raft.roles.FollowerRole - RaftServer{raft-partition-3}{role=FOLLOWER} - Sending AppendResponse{status=OK, term=3, succeeded=true, lastLogIndex=1}
21:52:20.375 [raft-server-raft-partition-3] TRACE i.a.p.raft.roles.LeaderAppender - RaftServer{raft-partition-3} - Received AppendResponse{status=OK, term=3, succeeded=true, lastLogIndex=1} from 3
21:52:20.376 [raft-server-raft-partition-3] TRACE i.a.p.raft.roles.LeaderAppender - RaftServer{raft-partition-3} - Sending AppendRequest{term=3, leader=1, prevLogIndex=1, prevLogTerm=2, entries=0, commitIndex=1} to 3
21:52:20.376 [raft-server-raft-partition-3] TRACE i.a.p.raft.roles.LeaderAppender - RaftServer{raft-partition-3} - Received AppendResponse{status=OK, term=3, succeeded=true, lastLogIndex=1} from 2
21:52:20.376 [raft-server-raft-partition-3] TRACE i.a.p.raft.roles.LeaderAppender - RaftServer{raft-partition-3} - Sending AppendRequest{term=3, leader=1, prevLogIndex=1, prevLogTerm=2, entries=0, commitIndex=1} to 2
21:52:20.376 [raft-server-raft-partition-3] TRACE i.a.p.raft.roles.FollowerRole - RaftServer{raft-partition-3}{role=FOLLOWER} - Received AppendRequest{term=3, leader=1, prevLogIndex=1, prevLogTerm=2, entries=0, commitIndex=1}
21:52:20.376 [raft-server-raft-partition-3] TRACE i.a.p.raft.roles.FollowerRole - RaftServer{raft-partition-3}{role=FOLLOWER} - Sending AppendResponse{status=OK, term=3, succeeded=true, lastLogIndex=1}
21:52:20.376 [raft-server-raft-partition-3] TRACE i.a.p.raft.roles.FollowerRole - RaftServer{raft-partition-3}{role=FOLLOWER} - Received AppendRequest{term=3, leader=1, prevLogIndex=1, prevLogTerm=2, entries=0, commitIndex=1}
21:52:20.376 [raft-server-raft-partition-3] TRACE i.a.p.raft.roles.FollowerRole - RaftServer{raft-partition-3}{role=FOLLOWER} - Sending AppendResponse{status=OK, term=3, succeeded=true, lastLogIndex=1}
21:52:20.376 [raft-server-raft-partition-3] TRACE i.a.p.raft.roles.LeaderAppender - RaftServer{raft-partition-3} - Received AppendResponse{status=OK, term=3, succeeded=true, lastLogIndex=1} from 3
21:52:20.376 [raft-server-raft-partition-3] TRACE i.a.p.raft.roles.LeaderAppender - RaftServer{raft-partition-3} - Received AppendResponse{status=OK, term=3, succeeded=true, lastLogIndex=1} from 2
21:52:20.384 [raft-server-raft-partition-1] TRACE i.a.p.raft.roles.LeaderAppender - RaftServer{raft-partition-1} - Sending AppendRequest{term=1, leader=2, prevLogIndex=1, prevLogTerm=1, entries=0, commitIndex=1} to 3
21:52:20.385 [raft-server-raft-partition-1] TRACE i.a.p.raft.roles.FollowerRole - RaftServer{raft-partition-1}{role=FOLLOWER} - Received AppendRequest{term=1, leader=2, prevLogIndex=1, prevLogTerm=1, entries=0, commitIndex=1}
21:52:20.385 [raft-server-raft-partition-1] TRACE i.a.p.raft.roles.FollowerRole - RaftServer{raft-partition-1}{role=FOLLOWER} - Sending AppendResponse{status=OK, term=1, succeeded=true, lastLogIndex=1}
21:52:20.385 [raft-server-raft-partition-1] TRACE i.a.p.raft.roles.LeaderAppender - RaftServer{raft-partition-1} - Received AppendResponse{status=OK, term=1, succeeded=true, lastLogIndex=1} from 3
21:52:20.385 [raft-server-raft-partition-1] TRACE i.a.p.raft.roles.LeaderAppender - RaftServer{raft-partition-1} - Sending AppendRequest{term=1, leader=2, prevLogIndex=1, prevLogTerm=1, entries=0, commitIndex=1} to 3
21:52:20.385 [raft-server-raft-partition-1] TRACE i.a.p.raft.roles.FollowerRole - RaftServer{raft-partition-1}{role=FOLLOWER} - Received AppendRequest{term=1, leader=2, prevLogIndex=1, prevLogTerm=1, entries=0, commitIndex=1}
21:52:20.385 [raft-server-raft-partition-1] TRACE i.a.p.raft.roles.FollowerRole - RaftServer{raft-partition-1}{role=FOLLOWER} - Sending AppendResponse{status=OK, term=1, succeeded=true, lastLogIndex=1}
21:52:20.386 [raft-server-raft-partition-1] TRACE i.a.p.raft.roles.LeaderAppender - RaftServer{raft-partition-1} - Received AppendResponse{status=OK, term=1, succeeded=true, lastLogIndex=1} from 3
21:52:20.417 [raft-server-system-partition-1] TRACE i.a.p.raft.roles.LeaderAppender - RaftServer{system-partition-1} - Sending AppendRequest{term=1, leader=1, prevLogIndex=16, prevLogTerm=1, entries=0, commitIndex=16} to 2
21:52:20.417 [raft-server-system-partition-1] TRACE i.a.p.raft.roles.LeaderAppender - RaftServer{system-partition-1} - Sending AppendRequest{term=1, leader=1, prevLogIndex=16, prevLogTerm=1, entries=0, commitIndex=16} to 3
21:52:20.417 [raft-server-system-partition-1] TRACE i.a.p.raft.roles.FollowerRole - RaftServer{system-partition-1}{role=FOLLOWER} - Received AppendRequest{term=1, leader=1, prevLogIndex=16, prevLogTerm=1, entries=0, commitIndex=16}
21:52:20.417 [raft-server-system-partition-1] TRACE i.a.p.raft.roles.FollowerRole - RaftServer{system-partition-1}{role=FOLLOWER} - Received AppendRequest{term=1, leader=1, prevLogIndex=16, prevLogTerm=1, entries=0, commitIndex=16}
21:52:20.418 [raft-server-system-partition-1] TRACE i.a.p.raft.roles.FollowerRole - RaftServer{system-partition-1}{role=FOLLOWER} - Sending AppendResponse{status=OK, term=1, succeeded=true, lastLogIndex=16}
21:52:20.418 [raft-server-system-partition-1] TRACE i.a.p.raft.roles.FollowerRole - RaftServer{system-partition-1}{role=FOLLOWER} - Sending AppendResponse{status=OK, term=1, succeeded=true, lastLogIndex=16}
21:52:20.418 [raft-server-system-partition-1] TRACE i.a.p.raft.roles.LeaderAppender - RaftServer{system-partition-1} - Received AppendResponse{status=OK, term=1, succeeded=true, lastLogIndex=16} from 3
21:52:20.418 [raft-server-system-partition-1] TRACE i.a.p.raft.roles.LeaderAppender - RaftServer{system-partition-1} - Sending AppendRequest{term=1, leader=1, prevLogIndex=16, prevLogTerm=1, entries=0, commitIndex=16} to 3
21:52:20.418 [raft-server-system-partition-1] TRACE i.a.p.raft.roles.LeaderAppender - RaftServer{system-partition-1} - Received AppendResponse{status=OK, term=1, succeeded=true, lastLogIndex=16} from 2
21:52:20.418 [raft-server-system-partition-1] TRACE i.a.p.raft.roles.LeaderAppender - RaftServer{system-partition-1} - Sending AppendRequest{term=1, leader=1, prevLogIndex=16, prevLogTerm=1, entries=0, commitIndex=16} to 2
21:52:20.418 [raft-server-system-partition-1] TRACE i.a.p.raft.roles.FollowerRole - RaftServer{system-partition-1}{role=FOLLOWER} - Received AppendRequest{term=1, leader=1, prevLogIndex=16, prevLogTerm=1, entries=0, commitIndex=16}
21:52:20.418 [raft-server-system-partition-1] TRACE i.a.p.raft.roles.FollowerRole - RaftServer{system-partition-1}{role=FOLLOWER} - Sending AppendResponse{status=OK, term=1, succeeded=true, lastLogIndex=16}
21:52:20.418 [raft-server-system-partition-1] TRACE i.a.p.raft.roles.FollowerRole - RaftServer{system-partition-1}{role=FOLLOWER} - Received AppendRequest{term=1, leader=1, prevLogIndex=16, prevLogTerm=1, entries=0, commitIndex=16}
21:52:20.418 [raft-server-system-partition-1] TRACE i.a.p.raft.roles.FollowerRole - RaftServer{system-partition-1}{role=FOLLOWER} - Sending AppendResponse{status=OK, term=1, succeeded=true, lastLogIndex=16}
21:52:20.418 [raft-server-system-partition-1] TRACE i.a.p.raft.roles.LeaderAppender - RaftServer{system-partition-1} - Received AppendResponse{status=OK, term=1, succeeded=true, lastLogIndex=16} from 3
21:52:20.418 [raft-server-system-partition-1] TRACE i.a.p.raft.roles.LeaderAppender - RaftServer{system-partition-1} - Received AppendResponse{status=OK, term=1, succeeded=true, lastLogIndex=16} from 2
21:52:20.459 [raft-server-raft-partition-5] TRACE i.a.p.raft.roles.LeaderAppender - RaftServer{raft-partition-5} - Sending AppendRequest{term=1, leader=3, prevLogIndex=1, prevLogTerm=1, entries=0, commitIndex=1} to 1
21:52:20.459 [raft-server-raft-partition-5] TRACE i.a.p.raft.roles.LeaderAppender - RaftServer{raft-partition-5} - Sending AppendRequest{term=1, leader=3, prevLogIndex=1, prevLogTerm=1, entries=0, commitIndex=1} to 2
21:52:20.459 [raft-server-raft-partition-5] TRACE i.a.p.raft.roles.FollowerRole - RaftServer{raft-partition-5}{role=FOLLOWER} - Received AppendRequest{term=1, leader=3, prevLogIndex=1, prevLogTerm=1, entries=0, commitIndex=1}
21:52:20.459 [raft-server-raft-partition-7] TRACE i.a.p.raft.roles.LeaderAppender - RaftServer{raft-partition-7} - Sending AppendRequest{term=1, leader=2, prevLogIndex=1, prevLogTerm=1, entries=0, commitIndex=1} to 1
21:52:20.459 [raft-server-raft-partition-5] TRACE i.a.p.raft.roles.FollowerRole - RaftServer{raft-partition-5}{role=FOLLOWER} - Received AppendRequest{term=1, leader=3, prevLogIndex=1, prevLogTerm=1, entries=0, commitIndex=1}
21:52:20.459 [raft-server-raft-partition-5] TRACE i.a.p.raft.roles.FollowerRole - RaftServer{raft-partition-5}{role=FOLLOWER} - Sending AppendResponse{status=OK, term=1, succeeded=true, lastLogIndex=1}
21:52:20.459 [raft-server-raft-partition-7] TRACE i.a.p.raft.roles.LeaderAppender - RaftServer{raft-partition-7} - Sending AppendRequest{term=1, leader=2, prevLogIndex=1, prevLogTerm=1, entries=0, commitIndex=1} to 3
21:52:20.459 [raft-server-raft-partition-5] TRACE i.a.p.raft.roles.FollowerRole - RaftServer{raft-partition-5}{role=FOLLOWER} - Sending AppendResponse{status=OK, term=1, succeeded=true, lastLogIndex=1}
21:52:20.459 [raft-server-raft-partition-7] TRACE i.a.p.raft.roles.FollowerRole - RaftServer{raft-partition-7}{role=FOLLOWER} - Received AppendRequest{term=1, leader=2, prevLogIndex=1, prevLogTerm=1, entries=0, commitIndex=1}
21:52:20.459 [raft-server-raft-partition-5] TRACE i.a.p.raft.roles.LeaderAppender - RaftServer{raft-partition-5} - Received AppendResponse{status=OK, term=1, succeeded=true, lastLogIndex=1} from 1
21:52:20.459 [raft-server-raft-partition-7] TRACE i.a.p.raft.roles.FollowerRole - RaftServer{raft-partition-7}{role=FOLLOWER} - Sending AppendResponse{status=OK, term=1, succeeded=true, lastLogIndex=1}
21:52:20.460 [raft-server-raft-partition-7] TRACE i.a.p.raft.roles.FollowerRole - RaftServer{raft-partition-7}{role=FOLLOWER} - Received AppendRequest{term=1, leader=2, prevLogIndex=1, prevLogTerm=1, entries=0, commitIndex=1}
21:52:20.460 [raft-server-raft-partition-5] TRACE i.a.p.raft.roles.LeaderAppender - RaftServer{raft-partition-5} - Sending AppendRequest{term=1, leader=3, prevLogIndex=1, prevLogTerm=1, entries=0, commitIndex=1} to 1
21:52:20.460 [raft-server-raft-partition-7] TRACE i.a.p.raft.roles.FollowerRole - RaftServer{raft-partition-7}{role=FOLLOWER} - Sending AppendResponse{status=OK, term=1, succeeded=true, lastLogIndex=1}
21:52:20.460 [raft-server-raft-partition-7] TRACE i.a.p.raft.roles.LeaderAppender - RaftServer{raft-partition-7} - Received AppendResponse{status=OK, term=1, succeeded=true, lastLogIndex=1} from 1
21:52:20.460 [raft-server-raft-partition-5] TRACE i.a.p.raft.roles.LeaderAppender - RaftServer{raft-partition-5} - Received AppendResponse{status=OK, term=1, succeeded=true, lastLogIndex=1} from 2
21:52:20.460 [raft-server-raft-partition-7] TRACE i.a.p.raft.roles.LeaderAppender - RaftServer{raft-partition-7} - Sending AppendRequest{term=1, leader=2, prevLogIndex=1, prevLogTerm=1, entries=0, commitIndex=1} to 1
21:52:20.460 [raft-server-raft-partition-5] TRACE i.a.p.raft.roles.LeaderAppender - RaftServer{raft-partition-5} - Sending AppendRequest{term=1, leader=3, prevLogIndex=1, prevLogTerm=1, entries=0, commitIndex=1} to 2
21:52:20.460 [raft-server-raft-partition-7] TRACE i.a.p.raft.roles.LeaderAppender - RaftServer{raft-partition-7} - Received AppendResponse{status=OK, term=1, succeeded=true, lastLogIndex=1} from 3
21:52:20.460 [raft-server-raft-partition-5] TRACE i.a.p.raft.roles.FollowerRole - RaftServer{raft-partition-5}{role=FOLLOWER} - Received AppendRequest{term=1, leader=3, prevLogIndex=1, prevLogTerm=1, entries=0, commitIndex=1}
21:52:20.460 [raft-server-raft-partition-7] TRACE i.a.p.raft.roles.LeaderAppender - RaftServer{raft-partition-7} - Sending AppendRequest{term=1, leader=2, prevLogIndex=1, prevLogTerm=1, entries=0, commitIndex=1} to 3
21:52:20.460 [raft-server-raft-partition-7] TRACE i.a.p.raft.roles.FollowerRole - RaftServer{raft-partition-7}{role=FOLLOWER} - Received AppendRequest{term=1, leader=2, prevLogIndex=1, prevLogTerm=1, entries=0, commitIndex=1}
21:52:20.460 [raft-server-raft-partition-5] TRACE i.a.p.raft.roles.FollowerRole - RaftServer{raft-partition-5}{role=FOLLOWER} - Sending AppendResponse{status=OK, term=1, succeeded=true, lastLogIndex=1}
21:52:20.460 [raft-server-raft-partition-5] TRACE i.a.p.raft.roles.FollowerRole - RaftServer{raft-partition-5}{role=FOLLOWER} - Received AppendRequest{term=1, leader=3, prevLogIndex=1, prevLogTerm=1, entries=0, commitIndex=1}
21:52:20.460 [raft-server-raft-partition-7] TRACE i.a.p.raft.roles.FollowerRole - RaftServer{raft-partition-7}{role=FOLLOWER} - Sending AppendResponse{status=OK, term=1, succeeded=true, lastLogIndex=1}
21:52:20.460 [raft-server-raft-partition-7] TRACE i.a.p.raft.roles.FollowerRole - RaftServer{raft-partition-7}{role=FOLLOWER} - Received AppendRequest{term=1, leader=2, prevLogIndex=1, prevLogTerm=1, entries=0, commitIndex=1}
21:52:20.460 [raft-server-raft-partition-5] TRACE i.a.p.raft.roles.FollowerRole - RaftServer{raft-partition-5}{role=FOLLOWER} - Sending AppendResponse{status=OK, term=1, succeeded=true, lastLogIndex=1}
21:52:20.460 [raft-server-raft-partition-5] TRACE i.a.p.raft.roles.LeaderAppender - RaftServer{raft-partition-5} - Received AppendResponse{status=OK, term=1, succeeded=true, lastLogIndex=1} from 1
21:52:20.460 [raft-server-raft-partition-7] TRACE i.a.p.raft.roles.FollowerRole - RaftServer{raft-partition-7}{role=FOLLOWER} - Sending AppendResponse{status=OK, term=1, succeeded=true, lastLogIndex=1}
21:52:20.460 [raft-server-raft-partition-7] TRACE i.a.p.raft.roles.LeaderAppender - RaftServer{raft-partition-7} - Received AppendResponse{status=OK, term=1, succeeded=true, lastLogIndex=1} from 1
21:52:20.461 [raft-server-raft-partition-5] TRACE i.a.p.raft.roles.LeaderAppender - RaftServer{raft-partition-5} - Received AppendResponse{status=OK, term=1, succeeded=true, lastLogIndex=1} from 2
21:52:20.461 [raft-server-raft-partition-7] TRACE i.a.p.raft.roles.LeaderAppender - RaftServer{raft-partition-7} - Received AppendResponse{status=OK, term=1, succeeded=true, lastLogIndex=1} from 3
21:52:20.493 [raft-server-raft-partition-4] TRACE i.a.p.raft.roles.LeaderAppender - RaftServer{raft-partition-4} - Sending AppendRequest{term=1, leader=1, prevLogIndex=1, prevLogTerm=1, entries=0, commitIndex=1} to 2
21:52:20.493 [raft-server-raft-partition-4] TRACE i.a.p.raft.roles.LeaderAppender - RaftServer{raft-partition-4} - Sending AppendRequest{term=1, leader=1, prevLogIndex=1, prevLogTerm=1, entries=0, commitIndex=1} to 3
21:52:20.493 [raft-server-raft-partition-4] TRACE i.a.p.raft.roles.FollowerRole - RaftServer{raft-partition-4}{role=FOLLOWER} - Received AppendRequest{term=1, leader=1, prevLogIndex=1, prevLogTerm=1, entries=0, commitIndex=1}
21:52:20.493 [raft-server-raft-partition-4] TRACE i.a.p.raft.roles.FollowerRole - RaftServer{raft-partition-4}{role=FOLLOWER} - Sending AppendResponse{status=OK, term=1, succeeded=true, lastLogIndex=1}
21:52:20.493 [raft-server-raft-partition-4] TRACE i.a.p.raft.roles.FollowerRole - RaftServer{raft-partition-4}{role=FOLLOWER} - Received AppendRequest{term=1, leader=1, prevLogIndex=1, prevLogTerm=1, entries=0, commitIndex=1}
21:52:20.493 [raft-server-raft-partition-4] TRACE i.a.p.raft.roles.FollowerRole - RaftServer{raft-partition-4}{role=FOLLOWER} - Sending AppendResponse{status=OK, term=1, succeeded=true, lastLogIndex=1}
21:52:20.494 [raft-server-raft-partition-4] TRACE i.a.p.raft.roles.LeaderAppender - RaftServer{raft-partition-4} - Received AppendResponse{status=OK, term=1, succeeded=true, lastLogIndex=1} from 2
21:52:20.494 [raft-server-raft-partition-4] TRACE i.a.p.raft.roles.LeaderAppender - RaftServer{raft-partition-4} - Sending AppendRequest{term=1, leader=1, prevLogIndex=1, prevLogTerm=1, entries=0, commitIndex=1} to 2
21:52:20.494 [raft-server-raft-partition-4] TRACE i.a.p.raft.roles.LeaderAppender - RaftServer{raft-partition-4} - Received AppendResponse{status=OK, term=1, succeeded=true, lastLogIndex=1} from 3
21:52:20.494 [raft-server-raft-partition-4] TRACE i.a.p.raft.roles.LeaderAppender - RaftServer{raft-partition-4} - Sending AppendRequest{term=1, leader=1, prevLogIndex=1, prevLogTerm=1, entries=0, commitIndex=1} to 3
21:52:20.494 [raft-server-raft-partition-4] TRACE i.a.p.raft.roles.FollowerRole - RaftServer{raft-partition-4}{role=FOLLOWER} - Received AppendRequest{term=1, leader=1, prevLogIndex=1, prevLogTerm=1, entries=0, commitIndex=1}
21:52:20.494 [raft-server-raft-partition-4] TRACE i.a.p.raft.roles.FollowerRole - RaftServer{raft-partition-4}{role=FOLLOWER} - Sending AppendResponse{status=OK, term=1, succeeded=true, lastLogIndex=1}
21:52:20.494 [raft-server-raft-partition-4] TRACE i.a.p.raft.roles.FollowerRole - RaftServer{raft-partition-4}{role=FOLLOWER} - Received AppendRequest{term=1, leader=1, prevLogIndex=1, prevLogTerm=1, entries=0, commitIndex=1}
21:52:20.494 [raft-server-raft-partition-4] TRACE i.a.p.raft.roles.FollowerRole - RaftServer{raft-partition-4}{role=FOLLOWER} - Sending AppendResponse{status=OK, term=1, succeeded=true, lastLogIndex=1}
21:52:20.494 [raft-server-raft-partition-4] TRACE i.a.p.raft.roles.LeaderAppender - RaftServer{raft-partition-4} - Received AppendResponse{status=OK, term=1, succeeded=true, lastLogIndex=1} from 2
21:52:20.494 [raft-server-raft-partition-4] TRACE i.a.p.raft.roles.LeaderAppender - RaftServer{raft-partition-4} - Received AppendResponse{status=OK, term=1, succeeded=true, lastLogIndex=1} from 3
21:52:20.567 [raft-server-raft-partition-2] TRACE i.a.p.raft.roles.LeaderAppender - RaftServer{raft-partition-2} - Sending AppendRequest{term=1, leader=1, prevLogIndex=1, prevLogTerm=1, entries=0, commitIndex=1} to 2
21:52:20.568 [raft-server-raft-partition-2] TRACE i.a.p.raft.roles.LeaderAppender - RaftServer{raft-partition-2} - Sending AppendRequest{term=1, leader=1, prevLogIndex=1, prevLogTerm=1, entries=0, commitIndex=1} to 3
21:52:20.568 [raft-server-raft-partition-2] TRACE i.a.p.raft.roles.FollowerRole - RaftServer{raft-partition-2}{role=FOLLOWER} - Received AppendRequest{term=1, leader=1, prevLogIndex=1, prevLogTerm=1, entries=0, commitIndex=1}
21:52:20.568 [raft-server-raft-partition-2] TRACE i.a.p.raft.roles.FollowerRole - RaftServer{raft-partition-2}{role=FOLLOWER} - Sending AppendResponse{status=OK, term=1, succeeded=true, lastLogIndex=1}
21:52:20.568 [raft-server-raft-partition-2] TRACE i.a.p.raft.roles.FollowerRole - RaftServer{raft-partition-2}{role=FOLLOWER} - Received AppendRequest{term=1, leader=1, prevLogIndex=1, prevLogTerm=1, entries=0, commitIndex=1}
21:52:20.568 [raft-server-raft-partition-2] TRACE i.a.p.raft.roles.FollowerRole - RaftServer{raft-partition-2}{role=FOLLOWER} - Sending AppendResponse{status=OK, term=1, succeeded=true, lastLogIndex=1}
21:52:20.568 [raft-server-raft-partition-2] TRACE i.a.p.raft.roles.LeaderAppender - RaftServer{raft-partition-2} - Received AppendResponse{status=OK, term=1, succeeded=true, lastLogIndex=1} from 2
21:52:20.568 [raft-server-raft-partition-2] TRACE i.a.p.raft.roles.LeaderAppender - RaftServer{raft-partition-2} - Sending AppendRequest{term=1, leader=1, prevLogIndex=1, prevLogTerm=1, entries=0, commitIndex=1} to 2
21:52:20.568 [raft-server-raft-partition-2] TRACE i.a.p.raft.roles.LeaderAppender - RaftServer{raft-partition-2} - Received AppendResponse{status=OK, term=1, succeeded=true, lastLogIndex=1} from 3
21:52:20.568 [raft-server-raft-partition-2] TRACE i.a.p.raft.roles.FollowerRole - RaftServer{raft-partition-2}{role=FOLLOWER} - Received AppendRequest{term=1, leader=1, prevLogIndex=1, prevLogTerm=1, entries=0, commitIndex=1}
21:52:20.568 [raft-server-raft-partition-2] TRACE i.a.p.raft.roles.FollowerRole - RaftServer{raft-partition-2}{role=FOLLOWER} - Sending AppendResponse{status=OK, term=1, succeeded=true, lastLogIndex=1}
21:52:20.569 [raft-server-raft-partition-2] TRACE i.a.p.raft.roles.LeaderAppender - RaftServer{raft-partition-2} - Received AppendResponse{status=OK, term=1, succeeded=true, lastLogIndex=1} from 2
21:52:20.576 [raft-server-raft-partition-6] TRACE i.a.p.raft.roles.LeaderAppender - RaftServer{raft-partition-6} - Sending AppendRequest{term=1, leader=1, prevLogIndex=1, prevLogTerm=1, entries=0, commitIndex=1} to 2
21:52:20.576 [raft-server-raft-partition-6] TRACE i.a.p.raft.roles.LeaderAppender - RaftServer{raft-partition-6} - Sending AppendRequest{term=1, leader=1, prevLogIndex=1, prevLogTerm=1, entries=0, commitIndex=1} to 3
21:52:20.576 [raft-server-raft-partition-6] TRACE i.a.p.raft.roles.FollowerRole - RaftServer{raft-partition-6}{role=FOLLOWER} - Received AppendRequest{term=1, leader=1, prevLogIndex=1, prevLogTerm=1, entries=0, commitIndex=1}
21:52:20.576 [raft-server-raft-partition-6] TRACE i.a.p.raft.roles.FollowerRole - RaftServer{raft-partition-6}{role=FOLLOWER} - Sending AppendResponse{status=OK, term=1, succeeded=true, lastLogIndex=1}
21:52:20.576 [raft-server-raft-partition-6] TRACE i.a.p.raft.roles.FollowerRole - RaftServer{raft-partition-6}{role=FOLLOWER} - Received AppendRequest{term=1, leader=1, prevLogIndex=1, prevLogTerm=1, entries=0, commitIndex=1}
21:52:20.576 [raft-server-raft-partition-6] TRACE i.a.p.raft.roles.FollowerRole - RaftServer{raft-partition-6}{role=FOLLOWER} - Sending AppendResponse{status=OK, term=1, succeeded=true, lastLogIndex=1}
21:52:20.576 [raft-server-raft-partition-6] TRACE i.a.p.raft.roles.LeaderAppender - RaftServer{raft-partition-6} - Received AppendResponse{status=OK, term=1, succeeded=true, lastLogIndex=1} from 2
21:52:20.576 [raft-server-raft-partition-6] TRACE i.a.p.raft.roles.LeaderAppender - RaftServer{raft-partition-6} - Sending AppendRequest{term=1, leader=1, prevLogIndex=1, prevLogTerm=1, entries=0, commitIndex=1} to 2
21:52:20.576 [raft-server-raft-partition-6] TRACE i.a.p.raft.roles.LeaderAppender - RaftServer{raft-partition-6} - Received AppendResponse{status=OK, term=1, succeeded=true, lastLogIndex=1} from 3
21:52:20.576 [raft-server-raft-partition-6] TRACE i.a.p.raft.roles.LeaderAppender - RaftServer{raft-partition-6} - Sending AppendRequest{term=1, leader=1, prevLogIndex=1, prevLogTerm=1, entries=0, commitIndex=1} to 3
21:52:20.576 [raft-server-raft-partition-6] TRACE i.a.p.raft.roles.FollowerRole - RaftServer{raft-partition-6}{role=FOLLOWER} - Received AppendRequest{term=1, leader=1, prevLogIndex=1, prevLogTerm=1, entries=0, commitIndex=1}
21:52:20.576 [raft-server-raft-partition-6] TRACE i.a.p.raft.roles.FollowerRole - RaftServer{raft-partition-6}{role=FOLLOWER} - Sending AppendResponse{status=OK, term=1, succeeded=true, lastLogIndex=1}
21:52:20.577 [raft-server-raft-partition-6] TRACE i.a.p.raft.roles.FollowerRole - RaftServer{raft-partition-6}{role=FOLLOWER} - Received AppendRequest{term=1, leader=1, prevLogIndex=1, prevLogTerm=1, entries=0, commitIndex=1}
21:52:20.577 [raft-server-raft-partition-6] TRACE i.a.p.raft.roles.FollowerRole - RaftServer{raft-partition-6}{role=FOLLOWER} - Sending AppendResponse{status=OK, term=1, succeeded=true, lastLogIndex=1}
21:52:20.577 [raft-server-raft-partition-6] TRACE i.a.p.raft.roles.LeaderAppender - RaftServer{raft-partition-6} - Received AppendResponse{status=OK, term=1, succeeded=true, lastLogIndex=1} from 2
21:52:20.577 [raft-server-raft-partition-6] TRACE i.a.p.raft.roles.LeaderAppender - RaftServer{raft-partition-6} - Sending AppendRequest{term=1, leader=1, prevLogIndex=1, prevLogTerm=1, entries=0, commitIndex=1} to 2
21:52:20.577 [raft-server-raft-partition-6] TRACE i.a.p.raft.roles.LeaderAppender - RaftServer{raft-partition-6} - Received AppendResponse{status=OK, term=1, succeeded=true, lastLogIndex=1} from 3
21:52:20.577 [raft-server-raft-partition-6] TRACE i.a.p.raft.roles.LeaderAppender - RaftServer{raft-partition-6} - Sending AppendRequest{term=1, leader=1, prevLogIndex=1, prevLogTerm=1, entries=0, commitIndex=1} to 3
21:52:20.577 [raft-server-raft-partition-6] TRACE i.a.p.raft.roles.FollowerRole - RaftServer{raft-partition-6}{role=FOLLOWER} - Received AppendRequest{term=1, leader=1, prevLogIndex=1, prevLogTerm=1, entries=0, commitIndex=1}
21:52:20.577 [raft-server-raft-partition-6] TRACE i.a.p.raft.roles.FollowerRole - RaftServer{raft-partition-6}{role=FOLLOWER} - Received AppendRequest{term=1, leader=1, prevLogIndex=1, prevLogTerm=1, entries=0, commitIndex=1}
21:52:20.577 [raft-server-raft-partition-6] TRACE i.a.p.raft.roles.FollowerRole - RaftServer{raft-partition-6}{role=FOLLOWER} - Sending AppendResponse{status=OK, term=1, succeeded=true, lastLogIndex=1}
21:52:20.577 [raft-server-raft-partition-6] TRACE i.a.p.raft.roles.FollowerRole - RaftServer{raft-partition-6}{role=FOLLOWER} - Sending AppendResponse{status=OK, term=1, succeeded=true, lastLogIndex=1}
21:52:20.577 [raft-server-raft-partition-6] TRACE i.a.p.raft.roles.LeaderAppender - RaftServer{raft-partition-6} - Received AppendResponse{status=OK, term=1, succeeded=true, lastLogIndex=1} from 2
21:52:20.577 [raft-server-raft-partition-6] TRACE i.a.p.raft.roles.LeaderAppender - RaftServer{raft-partition-6} - Received AppendResponse{status=OK, term=1, succeeded=true, lastLogIndex=1} from 3
21:52:20.625 [raft-server-raft-partition-3] TRACE i.a.p.raft.roles.LeaderAppender - RaftServer{raft-partition-3} - Sending AppendRequest{term=3, leader=1, prevLogIndex=1, prevLogTerm=2, entries=0, commitIndex=1} to 2
21:52:20.625 [raft-server-raft-partition-3] TRACE i.a.p.raft.roles.LeaderAppender - RaftServer{raft-partition-3} - Sending AppendRequest{term=3, leader=1, prevLogIndex=1, prevLogTerm=2, entries=0, commitIndex=1} to 3
21:52:20.625 [raft-server-raft-partition-3] TRACE i.a.p.raft.roles.FollowerRole - RaftServer{raft-partition-3}{role=FOLLOWER} - Received AppendRequest{term=3, leader=1, prevLogIndex=1, prevLogTerm=2, entries=0, commitIndex=1}
21:52:20.625 [raft-server-raft-partition-3] TRACE i.a.p.raft.roles.FollowerRole - RaftServer{raft-partition-3}{role=FOLLOWER} - Sending AppendResponse{status=OK, term=3, succeeded=true, lastLogIndex=1}
21:52:20.625 [raft-server-raft-partition-3] TRACE i.a.p.raft.roles.FollowerRole - RaftServer{raft-partition-3}{role=FOLLOWER} - Received AppendRequest{term=3, leader=1, prevLogIndex=1, prevLogTerm=2, entries=0, commitIndex=1}
21:52:20.625 [raft-server-raft-partition-3] TRACE i.a.p.raft.roles.FollowerRole - RaftServer{raft-partition-3}{role=FOLLOWER} - Sending AppendResponse{status=OK, term=3, succeeded=true, lastLogIndex=1}
21:52:20.625 [raft-server-raft-partition-3] TRACE i.a.p.raft.roles.LeaderAppender - RaftServer{raft-partition-3} - Received AppendResponse{status=OK, term=3, succeeded=true, lastLogIndex=1} from 2
21:52:20.625 [raft-server-raft-partition-3] TRACE i.a.p.raft.roles.LeaderAppender - RaftServer{raft-partition-3} - Sending AppendRequest{term=3, leader=1, prevLogIndex=1, prevLogTerm=2, entries=0, commitIndex=1} to 2
21:52:20.625 [raft-server-raft-partition-3] TRACE i.a.p.raft.roles.LeaderAppender - RaftServer{raft-partition-3} - Received AppendResponse{status=OK, term=3, succeeded=true, lastLogIndex=1} from 3
21:52:20.625 [raft-server-raft-partition-3] TRACE i.a.p.raft.roles.LeaderAppender - RaftServer{raft-partition-3} - Sending AppendRequest{term=3, leader=1, prevLogIndex=1, prevLogTerm=2, entries=0, commitIndex=1} to 3
21:52:20.625 [raft-server-raft-partition-3] TRACE i.a.p.raft.roles.FollowerRole - RaftServer{raft-partition-3}{role=FOLLOWER} - Received AppendRequest{term=3, leader=1, prevLogIndex=1, prevLogTerm=2, entries=0, commitIndex=1}
21:52:20.626 [raft-server-raft-partition-3] TRACE i.a.p.raft.roles.FollowerRole - RaftServer{raft-partition-3}{role=FOLLOWER} - Sending AppendResponse{status=OK, term=3, succeeded=true, lastLogIndex=1}
21:52:20.626 [raft-server-raft-partition-3] TRACE i.a.p.raft.roles.FollowerRole - RaftServer{raft-partition-3}{role=FOLLOWER} - Received AppendRequest{term=3, leader=1, prevLogIndex=1, prevLogTerm=2, entries=0, commitIndex=1}
21:52:20.626 [raft-server-raft-partition-3] TRACE i.a.p.raft.roles.FollowerRole - RaftServer{raft-partition-3}{role=FOLLOWER} - Sending AppendResponse{status=OK, term=3, succeeded=true, lastLogIndex=1}
21:52:20.626 [raft-server-raft-partition-3] TRACE i.a.p.raft.roles.LeaderAppender - RaftServer{raft-partition-3} - Received AppendResponse{status=OK, term=3, succeeded=true, lastLogIndex=1} from 3
21:52:20.626 [raft-server-raft-partition-3] TRACE i.a.p.raft.roles.LeaderAppender - RaftServer{raft-partition-3} - Sending AppendRequest{term=3, leader=1, prevLogIndex=1, prevLogTerm=2, entries=0, commitIndex=1} to 3
21:52:20.626 [raft-server-raft-partition-3] TRACE i.a.p.raft.roles.LeaderAppender - RaftServer{raft-partition-3} - Received AppendResponse{status=OK, term=3, succeeded=true, lastLogIndex=1} from 2
21:52:20.626 [raft-server-raft-partition-3] TRACE i.a.p.raft.roles.LeaderAppender - RaftServer{raft-partition-3} - Sending AppendRequest{term=3, leader=1, prevLogIndex=1, prevLogTerm=2, entries=0, commitIndex=1} to 2
21:52:20.626 [raft-server-raft-partition-3] TRACE i.a.p.raft.roles.FollowerRole - RaftServer{raft-partition-3}{role=FOLLOWER} - Received AppendRequest{term=3, leader=1, prevLogIndex=1, prevLogTerm=2, entries=0, commitIndex=1}
21:52:20.626 [raft-server-raft-partition-3] TRACE i.a.p.raft.roles.FollowerRole - RaftServer{raft-partition-3}{role=FOLLOWER} - Sending AppendResponse{status=OK, term=3, succeeded=true, lastLogIndex=1}
21:52:20.626 [raft-server-raft-partition-3] TRACE i.a.p.raft.roles.FollowerRole - RaftServer{raft-partition-3}{role=FOLLOWER} - Received AppendRequest{term=3, leader=1, prevLogIndex=1, prevLogTerm=2, entries=0, commitIndex=1}
21:52:20.626 [raft-server-raft-partition-3] TRACE i.a.p.raft.roles.FollowerRole - RaftServer{raft-partition-3}{role=FOLLOWER} - Sending AppendResponse{status=OK, term=3, succeeded=true, lastLogIndex=1}
21:52:20.626 [raft-server-raft-partition-3] TRACE i.a.p.raft.roles.LeaderAppender - RaftServer{raft-partition-3} - Received AppendResponse{status=OK, term=3, succeeded=true, lastLogIndex=1} from 3
21:52:20.626 [raft-server-raft-partition-3] TRACE i.a.p.raft.roles.LeaderAppender - RaftServer{raft-partition-3} - Received AppendResponse{status=OK, term=3, succeeded=true, lastLogIndex=1} from 2
21:52:20.634 [raft-server-raft-partition-1] TRACE i.a.p.raft.roles.LeaderAppender - RaftServer{raft-partition-1} - Sending AppendRequest{term=1, leader=2, prevLogIndex=1, prevLogTerm=1, entries=0, commitIndex=1} to 3
21:52:20.635 [raft-server-raft-partition-1] TRACE i.a.p.raft.roles.FollowerRole - RaftServer{raft-partition-1}{role=FOLLOWER} - Received AppendRequest{term=1, leader=2, prevLogIndex=1, prevLogTerm=1, entries=0, commitIndex=1}
21:52:20.635 [raft-server-raft-partition-1] TRACE i.a.p.raft.roles.FollowerRole - RaftServer{raft-partition-1}{role=FOLLOWER} - Sending AppendResponse{status=OK, term=1, succeeded=true, lastLogIndex=1}
21:52:20.635 [raft-server-raft-partition-1] TRACE i.a.p.raft.roles.LeaderAppender - RaftServer{raft-partition-1} - Received AppendResponse{status=OK, term=1, succeeded=true, lastLogIndex=1} from 3
21:52:20.635 [raft-server-raft-partition-1] TRACE i.a.p.raft.roles.LeaderAppender - RaftServer{raft-partition-1} - Sending AppendRequest{term=1, leader=2, prevLogIndex=1, prevLogTerm=1, entries=0, commitIndex=1} to 3
21:52:20.636 [raft-server-raft-partition-1] TRACE i.a.p.raft.roles.FollowerRole - RaftServer{raft-partition-1}{role=FOLLOWER} - Received AppendRequest{term=1, leader=2, prevLogIndex=1, prevLogTerm=1, entries=0, commitIndex=1}
21:52:20.636 [raft-server-raft-partition-1] TRACE i.a.p.raft.roles.FollowerRole - RaftServer{raft-partition-1}{role=FOLLOWER} - Sending AppendResponse{status=OK, term=1, succeeded=true, lastLogIndex=1}
21:52:20.636 [raft-server-raft-partition-1] TRACE i.a.p.raft.roles.LeaderAppender - RaftServer{raft-partition-1} - Received AppendResponse{status=OK, term=1, succeeded=true, lastLogIndex=1} from 3
21:52:20.667 [raft-server-system-partition-1] TRACE i.a.p.raft.roles.LeaderAppender - RaftServer{system-partition-1} - Sending AppendRequest{term=1, leader=1, prevLogIndex=16, prevLogTerm=1, entries=0, commitIndex=16} to 2
21:52:20.667 [raft-server-system-partition-1] TRACE i.a.p.raft.roles.LeaderAppender - RaftServer{system-partition-1} - Sending AppendRequest{term=1, leader=1, prevLogIndex=16, prevLogTerm=1, entries=0, commitIndex=16} to 3
21:52:20.667 [raft-server-system-partition-1] TRACE i.a.p.raft.roles.FollowerRole - RaftServer{system-partition-1}{role=FOLLOWER} - Received AppendRequest{term=1, leader=1, prevLogIndex=16, prevLogTerm=1, entries=0, commitIndex=16}
21:52:20.667 [raft-server-system-partition-1] TRACE i.a.p.raft.roles.FollowerRole - RaftServer{system-partition-1}{role=FOLLOWER} - Sending AppendResponse{status=OK, term=1, succeeded=true, lastLogIndex=16}
21:52:20.667 [raft-server-system-partition-1] TRACE i.a.p.raft.roles.FollowerRole - RaftServer{system-partition-1}{role=FOLLOWER} - Received AppendRequest{term=1, leader=1, prevLogIndex=16, prevLogTerm=1, entries=0, commitIndex=16}
21:52:20.667 [raft-server-system-partition-1] TRACE i.a.p.raft.roles.FollowerRole - RaftServer{system-partition-1}{role=FOLLOWER} - Sending AppendResponse{status=OK, term=1, succeeded=true, lastLogIndex=16}
21:52:20.668 [raft-server-system-partition-1] TRACE i.a.p.raft.roles.LeaderAppender - RaftServer{system-partition-1} - Received AppendResponse{status=OK, term=1, succeeded=true, lastLogIndex=16} from 2
21:52:20.668 [raft-server-system-partition-1] TRACE i.a.p.raft.roles.LeaderAppender - RaftServer{system-partition-1} - Sending AppendRequest{term=1, leader=1, prevLogIndex=16, prevLogTerm=1, entries=0, commitIndex=16} to 2
21:52:20.668 [raft-server-system-partition-1] TRACE i.a.p.raft.roles.LeaderAppender - RaftServer{system-partition-1} - Received AppendResponse{status=OK, term=1, succeeded=true, lastLogIndex=16} from 3
21:52:20.668 [raft-server-system-partition-1] TRACE i.a.p.raft.roles.LeaderAppender - RaftServer{system-partition-1} - Sending AppendRequest{term=1, leader=1, prevLogIndex=16, prevLogTerm=1, entries=0, commitIndex=16} to 3
21:52:20.668 [raft-server-system-partition-1] TRACE i.a.p.raft.roles.FollowerRole - RaftServer{system-partition-1}{role=FOLLOWER} - Received AppendRequest{term=1, leader=1, prevLogIndex=16, prevLogTerm=1, entries=0, commitIndex=16}
21:52:20.668 [raft-server-system-partition-1] TRACE i.a.p.raft.roles.FollowerRole - RaftServer{system-partition-1}{role=FOLLOWER} - Sending AppendResponse{status=OK, term=1, succeeded=true, lastLogIndex=16}
21:52:20.668 [raft-server-system-partition-1] TRACE i.a.p.raft.roles.FollowerRole - RaftServer{system-partition-1}{role=FOLLOWER} - Received AppendRequest{term=1, leader=1, prevLogIndex=16, prevLogTerm=1, entries=0, commitIndex=16}
21:52:20.668 [raft-server-system-partition-1] TRACE i.a.p.raft.roles.FollowerRole - RaftServer{system-partition-1}{role=FOLLOWER} - Sending AppendResponse{status=OK, term=1, succeeded=true, lastLogIndex=16}
21:52:20.668 [raft-server-system-partition-1] TRACE i.a.p.raft.roles.LeaderAppender - RaftServer{system-partition-1} - Received AppendResponse{status=OK, term=1, succeeded=true, lastLogIndex=16} from 2
21:52:20.668 [raft-server-system-partition-1] TRACE i.a.p.raft.roles.LeaderAppender - RaftServer{system-partition-1} - Received AppendResponse{status=OK, term=1, succeeded=true, lastLogIndex=16} from 3
21:52:20.709 [raft-server-raft-partition-5] TRACE i.a.p.raft.roles.LeaderAppender - RaftServer{raft-partition-5} - Sending AppendRequest{term=1, leader=3, prevLogIndex=1, prevLogTerm=1, entries=0, commitIndex=1} to 1
21:52:20.709 [raft-server-raft-partition-5] TRACE i.a.p.raft.roles.LeaderAppender - RaftServer{raft-partition-5} - Sending AppendRequest{term=1, leader=3, prevLogIndex=1, prevLogTerm=1, entries=0, commitIndex=1} to 2
21:52:20.709 [raft-server-raft-partition-7] TRACE i.a.p.raft.roles.LeaderAppender - RaftServer{raft-partition-7} - Sending AppendRequest{term=1, leader=2, prevLogIndex=1, prevLogTerm=1, entries=0, commitIndex=1} to 1
21:52:20.709 [raft-server-raft-partition-5] TRACE i.a.p.raft.roles.FollowerRole - RaftServer{raft-partition-5}{role=FOLLOWER} - Received AppendRequest{term=1, leader=3, prevLogIndex=1, prevLogTerm=1, entries=0, commitIndex=1}
21:52:20.709 [raft-server-raft-partition-5] TRACE i.a.p.raft.roles.FollowerRole - RaftServer{raft-partition-5}{role=FOLLOWER} - Sending AppendResponse{status=OK, term=1, succeeded=true, lastLogIndex=1}
21:52:20.709 [raft-server-raft-partition-5] TRACE i.a.p.raft.roles.FollowerRole - RaftServer{raft-partition-5}{role=FOLLOWER} - Received AppendRequest{term=1, leader=3, prevLogIndex=1, prevLogTerm=1, entries=0, commitIndex=1}
21:52:20.709 [raft-server-raft-partition-7] TRACE i.a.p.raft.roles.LeaderAppender - RaftServer{raft-partition-7} - Sending AppendRequest{term=1, leader=2, prevLogIndex=1, prevLogTerm=1, entries=0, commitIndex=1} to 3
21:52:20.709 [raft-server-raft-partition-5] TRACE i.a.p.raft.roles.FollowerRole - RaftServer{raft-partition-5}{role=FOLLOWER} - Sending AppendResponse{status=OK, term=1, succeeded=true, lastLogIndex=1}
21:52:20.709 [raft-server-raft-partition-7] TRACE i.a.p.raft.roles.FollowerRole - RaftServer{raft-partition-7}{role=FOLLOWER} - Received AppendRequest{term=1, leader=2, prevLogIndex=1, prevLogTerm=1, entries=0, commitIndex=1}
21:52:20.709 [raft-server-raft-partition-5] TRACE i.a.p.raft.roles.LeaderAppender - RaftServer{raft-partition-5} - Received AppendResponse{status=OK, term=1, succeeded=true, lastLogIndex=1} from 1
21:52:20.709 [raft-server-raft-partition-7] TRACE i.a.p.raft.roles.FollowerRole - RaftServer{raft-partition-7}{role=FOLLOWER} - Sending AppendResponse{status=OK, term=1, succeeded=true, lastLogIndex=1}
21:52:20.709 [raft-server-raft-partition-7] TRACE i.a.p.raft.roles.FollowerRole - RaftServer{raft-partition-7}{role=FOLLOWER} - Received AppendRequest{term=1, leader=2, prevLogIndex=1, prevLogTerm=1, entries=0, commitIndex=1}
21:52:20.709 [raft-server-raft-partition-5] TRACE i.a.p.raft.roles.LeaderAppender - RaftServer{raft-partition-5} - Sending AppendRequest{term=1, leader=3, prevLogIndex=1, prevLogTerm=1, entries=0, commitIndex=1} to 1
21:52:20.710 [raft-server-raft-partition-7] TRACE i.a.p.raft.roles.FollowerRole - RaftServer{raft-partition-7}{role=FOLLOWER} - Sending AppendResponse{status=OK, term=1, succeeded=true, lastLogIndex=1}
21:52:20.710 [raft-server-raft-partition-5] TRACE i.a.p.raft.roles.LeaderAppender - RaftServer{raft-partition-5} - Received AppendResponse{status=OK, term=1, succeeded=true, lastLogIndex=1} from 2
21:52:20.710 [raft-server-raft-partition-7] TRACE i.a.p.raft.roles.LeaderAppender - RaftServer{raft-partition-7} - Received AppendResponse{status=OK, term=1, succeeded=true, lastLogIndex=1} from 1
21:52:20.710 [raft-server-raft-partition-5] TRACE i.a.p.raft.roles.LeaderAppender - RaftServer{raft-partition-5} - Sending AppendRequest{term=1, leader=3, prevLogIndex=1, prevLogTerm=1, entries=0, commitIndex=1} to 2
21:52:20.710 [raft-server-raft-partition-5] TRACE i.a.p.raft.roles.FollowerRole - RaftServer{raft-partition-5}{role=FOLLOWER} - Received AppendRequest{term=1, leader=3, prevLogIndex=1, prevLogTerm=1, entries=0, commitIndex=1}
21:52:20.710 [raft-server-raft-partition-7] TRACE i.a.p.raft.roles.LeaderAppender - RaftServer{raft-partition-7} - Sending AppendRequest{term=1, leader=2, prevLogIndex=1, prevLogTerm=1, entries=0, commitIndex=1} to 1
21:52:20.710 [raft-server-raft-partition-5] TRACE i.a.p.raft.roles.FollowerRole - RaftServer{raft-partition-5}{role=FOLLOWER} - Sending AppendResponse{status=OK, term=1, succeeded=true, lastLogIndex=1}
21:52:20.710 [raft-server-raft-partition-5] TRACE i.a.p.raft.roles.FollowerRole - RaftServer{raft-partition-5}{role=FOLLOWER} - Received AppendRequest{term=1, leader=3, prevLogIndex=1, prevLogTerm=1, entries=0, commitIndex=1}
21:52:20.710 [raft-server-raft-partition-7] TRACE i.a.p.raft.roles.LeaderAppender - RaftServer{raft-partition-7} - Received AppendResponse{status=OK, term=1, succeeded=true, lastLogIndex=1} from 3
21:52:20.710 [raft-server-raft-partition-5] TRACE i.a.p.raft.roles.FollowerRole - RaftServer{raft-partition-5}{role=FOLLOWER} - Sending AppendResponse{status=OK, term=1, succeeded=true, lastLogIndex=1}
21:52:20.710 [raft-server-raft-partition-7] TRACE i.a.p.raft.roles.FollowerRole - RaftServer{raft-partition-7}{role=FOLLOWER} - Received AppendRequest{term=1, leader=2, prevLogIndex=1, prevLogTerm=1, entries=0, commitIndex=1}
21:52:20.710 [raft-server-raft-partition-5] TRACE i.a.p.raft.roles.LeaderAppender - RaftServer{raft-partition-5} - Received AppendResponse{status=OK, term=1, succeeded=true, lastLogIndex=1} from 1
21:52:20.710 [raft-server-raft-partition-7] TRACE i.a.p.raft.roles.LeaderAppender - RaftServer{raft-partition-7} - Sending AppendRequest{term=1, leader=2, prevLogIndex=1, prevLogTerm=1, entries=0, commitIndex=1} to 3
21:52:20.710 [raft-server-raft-partition-7] TRACE i.a.p.raft.roles.FollowerRole - RaftServer{raft-partition-7}{role=FOLLOWER} - Sending AppendResponse{status=OK, term=1, succeeded=true, lastLogIndex=1}
21:52:20.710 [raft-server-raft-partition-5] TRACE i.a.p.raft.roles.LeaderAppender - RaftServer{raft-partition-5} - Sending AppendRequest{term=1, leader=3, prevLogIndex=1, prevLogTerm=1, entries=0, commitIndex=1} to 1
21:52:20.710 [raft-server-raft-partition-5] TRACE i.a.p.raft.roles.LeaderAppender - RaftServer{raft-partition-5} - Received AppendResponse{status=OK, term=1, succeeded=true, lastLogIndex=1} from 2
21:52:20.711 [raft-server-raft-partition-7] TRACE i.a.p.raft.roles.FollowerRole - RaftServer{raft-partition-7}{role=FOLLOWER} - Received AppendRequest{term=1, leader=2, prevLogIndex=1, prevLogTerm=1, entries=0, commitIndex=1}
21:52:20.711 [raft-server-raft-partition-7] TRACE i.a.p.raft.roles.FollowerRole - RaftServer{raft-partition-7}{role=FOLLOWER} - Sending AppendResponse{status=OK, term=1, succeeded=true, lastLogIndex=1}
21:52:20.711 [raft-server-raft-partition-7] TRACE i.a.p.raft.roles.LeaderAppender - RaftServer{raft-partition-7} - Received AppendResponse{status=OK, term=1, succeeded=true, lastLogIndex=1} from 1
21:52:20.711 [raft-server-raft-partition-5] TRACE i.a.p.raft.roles.FollowerRole - RaftServer{raft-partition-5}{role=FOLLOWER} - Received AppendRequest{term=1, leader=3, prevLogIndex=1, prevLogTerm=1, entries=0, commitIndex=1}
21:52:20.711 [raft-server-raft-partition-5] TRACE i.a.p.raft.roles.FollowerRole - RaftServer{raft-partition-5}{role=FOLLOWER} - Sending AppendResponse{status=OK, term=1, succeeded=true, lastLogIndex=1}
21:52:20.711 [raft-server-raft-partition-7] TRACE i.a.p.raft.roles.LeaderAppender - RaftServer{raft-partition-7} - Received AppendResponse{status=OK, term=1, succeeded=true, lastLogIndex=1} from 3
21:52:20.711 [raft-server-raft-partition-5] TRACE i.a.p.raft.roles.LeaderAppender - RaftServer{raft-partition-5} - Received AppendResponse{status=OK, term=1, succeeded=true, lastLogIndex=1} from 1
21:52:20.743 [raft-server-raft-partition-4] TRACE i.a.p.raft.roles.LeaderAppender - RaftServer{raft-partition-4} - Sending AppendRequest{term=1, leader=1, prevLogIndex=1, prevLogTerm=1, entries=0, commitIndex=1} to 2
21:52:20.743 [raft-server-raft-partition-4] TRACE i.a.p.raft.roles.LeaderAppender - RaftServer{raft-partition-4} - Sending AppendRequest{term=1, leader=1, prevLogIndex=1, prevLogTerm=1, entries=0, commitIndex=1} to 3
21:52:20.743 [raft-server-raft-partition-4] TRACE i.a.p.raft.roles.FollowerRole - RaftServer{raft-partition-4}{role=FOLLOWER} - Received AppendRequest{term=1, leader=1, prevLogIndex=1, prevLogTerm=1, entries=0, commitIndex=1}
21:52:20.743 [raft-server-raft-partition-4] TRACE i.a.p.raft.roles.FollowerRole - RaftServer{raft-partition-4}{role=FOLLOWER} - Received AppendRequest{term=1, leader=1, prevLogIndex=1, prevLogTerm=1, entries=0, commitIndex=1}
21:52:20.743 [raft-server-raft-partition-4] TRACE i.a.p.raft.roles.FollowerRole - RaftServer{raft-partition-4}{role=FOLLOWER} - Sending AppendResponse{status=OK, term=1, succeeded=true, lastLogIndex=1}
21:52:20.743 [raft-server-raft-partition-4] TRACE i.a.p.raft.roles.FollowerRole - RaftServer{raft-partition-4}{role=FOLLOWER} - Sending AppendResponse{status=OK, term=1, succeeded=true, lastLogIndex=1}
21:52:20.744 [raft-server-raft-partition-4] TRACE i.a.p.raft.roles.LeaderAppender - RaftServer{raft-partition-4} - Received AppendResponse{status=OK, term=1, succeeded=true, lastLogIndex=1} from 2
21:52:20.744 [raft-server-raft-partition-4] TRACE i.a.p.raft.roles.LeaderAppender - RaftServer{raft-partition-4} - Sending AppendRequest{term=1, leader=1, prevLogIndex=1, prevLogTerm=1, entries=0, commitIndex=1} to 2
21:52:20.744 [raft-server-raft-partition-4] TRACE i.a.p.raft.roles.LeaderAppender - RaftServer{raft-partition-4} - Received AppendResponse{status=OK, term=1, succeeded=true, lastLogIndex=1} from 3
21:52:20.744 [raft-server-raft-partition-4] TRACE i.a.p.raft.roles.LeaderAppender - RaftServer{raft-partition-4} - Sending AppendRequest{term=1, leader=1, prevLogIndex=1, prevLogTerm=1, entries=0, commitIndex=1} to 3
21:52:20.744 [raft-server-raft-partition-4] TRACE i.a.p.raft.roles.FollowerRole - RaftServer{raft-partition-4}{role=FOLLOWER} - Received AppendRequest{term=1, leader=1, prevLogIndex=1, prevLogTerm=1, entries=0, commitIndex=1}
21:52:20.744 [raft-server-raft-partition-4] TRACE i.a.p.raft.roles.FollowerRole - RaftServer{raft-partition-4}{role=FOLLOWER} - Sending AppendResponse{status=OK, term=1, succeeded=true, lastLogIndex=1}
21:52:20.744 [raft-server-raft-partition-4] TRACE i.a.p.raft.roles.FollowerRole - RaftServer{raft-partition-4}{role=FOLLOWER} - Received AppendRequest{term=1, leader=1, prevLogIndex=1, prevLogTerm=1, entries=0, commitIndex=1}
21:52:20.744 [raft-server-raft-partition-4] TRACE i.a.p.raft.roles.FollowerRole - RaftServer{raft-partition-4}{role=FOLLOWER} - Sending AppendResponse{status=OK, term=1, succeeded=true, lastLogIndex=1}
21:52:20.744 [raft-server-raft-partition-4] TRACE i.a.p.raft.roles.LeaderAppender - RaftServer{raft-partition-4} - Received AppendResponse{status=OK, term=1, succeeded=true, lastLogIndex=1} from 2
21:52:20.744 [raft-server-raft-partition-4] TRACE i.a.p.raft.roles.LeaderAppender - RaftServer{raft-partition-4} - Received AppendResponse{status=OK, term=1, succeeded=true, lastLogIndex=1} from 3
21:52:20.818 [raft-server-raft-partition-2] TRACE i.a.p.raft.roles.LeaderAppender - RaftServer{raft-partition-2} - Sending AppendRequest{term=1, leader=1, prevLogIndex=1, prevLogTerm=1, entries=0, commitIndex=1} to 2
21:52:20.818 [raft-server-raft-partition-2] TRACE i.a.p.raft.roles.LeaderAppender - RaftServer{raft-partition-2} - Sending AppendRequest{term=1, leader=1, prevLogIndex=1, prevLogTerm=1, entries=0, commitIndex=1} to 3
21:52:20.818 [raft-server-raft-partition-2] TRACE i.a.p.raft.roles.FollowerRole - RaftServer{raft-partition-2}{role=FOLLOWER} - Received AppendRequest{term=1, leader=1, prevLogIndex=1, prevLogTerm=1, entries=0, commitIndex=1}
21:52:20.818 [raft-server-raft-partition-2] TRACE i.a.p.raft.roles.FollowerRole - RaftServer{raft-partition-2}{role=FOLLOWER} - Received AppendRequest{term=1, leader=1, prevLogIndex=1, prevLogTerm=1, entries=0, commitIndex=1}
21:52:20.818 [raft-server-raft-partition-2] TRACE i.a.p.raft.roles.FollowerRole - RaftServer{raft-partition-2}{role=FOLLOWER} - Sending AppendResponse{status=OK, term=1, succeeded=true, lastLogIndex=1}
21:52:20.818 [raft-server-raft-partition-2] TRACE i.a.p.raft.roles.FollowerRole - RaftServer{raft-partition-2}{role=FOLLOWER} - Sending AppendResponse{status=OK, term=1, succeeded=true, lastLogIndex=1}
21:52:20.818 [raft-server-raft-partition-2] TRACE i.a.p.raft.roles.LeaderAppender - RaftServer{raft-partition-2} - Received AppendResponse{status=OK, term=1, succeeded=true, lastLogIndex=1} from 3
21:52:20.818 [raft-server-raft-partition-2] TRACE i.a.p.raft.roles.LeaderAppender - RaftServer{raft-partition-2} - Sending AppendRequest{term=1, leader=1, prevLogIndex=1, prevLogTerm=1, entries=0, commitIndex=1} to 3
21:52:20.818 [raft-server-raft-partition-2] TRACE i.a.p.raft.roles.LeaderAppender - RaftServer{raft-partition-2} - Received AppendResponse{status=OK, term=1, succeeded=true, lastLogIndex=1} from 2
21:52:20.818 [raft-server-raft-partition-2] TRACE i.a.p.raft.roles.LeaderAppender - RaftServer{raft-partition-2} - Sending AppendRequest{term=1, leader=1, prevLogIndex=1, prevLogTerm=1, entries=0, commitIndex=1} to 2
21:52:20.819 [raft-server-raft-partition-2] TRACE i.a.p.raft.roles.FollowerRole - RaftServer{raft-partition-2}{role=FOLLOWER} - Received AppendRequest{term=1, leader=1, prevLogIndex=1, prevLogTerm=1, entries=0, commitIndex=1}
21:52:20.819 [raft-server-raft-partition-2] TRACE i.a.p.raft.roles.FollowerRole - RaftServer{raft-partition-2}{role=FOLLOWER} - Received AppendRequest{term=1, leader=1, prevLogIndex=1, prevLogTerm=1, entries=0, commitIndex=1}
21:52:20.819 [raft-server-raft-partition-2] TRACE i.a.p.raft.roles.FollowerRole - RaftServer{raft-partition-2}{role=FOLLOWER} - Sending AppendResponse{status=OK, term=1, succeeded=true, lastLogIndex=1}
21:52:20.819 [raft-server-raft-partition-2] TRACE i.a.p.raft.roles.FollowerRole - RaftServer{raft-partition-2}{role=FOLLOWER} - Sending AppendResponse{status=OK, term=1, succeeded=true, lastLogIndex=1}
21:52:20.819 [raft-server-raft-partition-2] TRACE i.a.p.raft.roles.LeaderAppender - RaftServer{raft-partition-2} - Received AppendResponse{status=OK, term=1, succeeded=true, lastLogIndex=1} from 2
21:52:20.819 [raft-server-raft-partition-2] TRACE i.a.p.raft.roles.LeaderAppender - RaftServer{raft-partition-2} - Sending AppendRequest{term=1, leader=1, prevLogIndex=1, prevLogTerm=1, entries=0, commitIndex=1} to 2
21:52:20.819 [raft-server-raft-partition-2] TRACE i.a.p.raft.roles.LeaderAppender - RaftServer{raft-partition-2} - Received AppendResponse{status=OK, term=1, succeeded=true, lastLogIndex=1} from 3
21:52:20.819 [raft-server-raft-partition-2] TRACE i.a.p.raft.roles.LeaderAppender - RaftServer{raft-partition-2} - Sending AppendRequest{term=1, leader=1, prevLogIndex=1, prevLogTerm=1, entries=0, commitIndex=1} to 3
21:52:20.819 [raft-server-raft-partition-2] TRACE i.a.p.raft.roles.FollowerRole - RaftServer{raft-partition-2}{role=FOLLOWER} - Received AppendRequest{term=1, leader=1, prevLogIndex=1, prevLogTerm=1, entries=0, commitIndex=1}
21:52:20.819 [raft-server-raft-partition-2] TRACE i.a.p.raft.roles.FollowerRole - RaftServer{raft-partition-2}{role=FOLLOWER} - Sending AppendResponse{status=OK, term=1, succeeded=true, lastLogIndex=1}
21:52:20.819 [raft-server-raft-partition-2] TRACE i.a.p.raft.roles.FollowerRole - RaftServer{raft-partition-2}{role=FOLLOWER} - Received AppendRequest{term=1, leader=1, prevLogIndex=1, prevLogTerm=1, entries=0, commitIndex=1}
21:52:20.819 [raft-server-raft-partition-2] TRACE i.a.p.raft.roles.FollowerRole - RaftServer{raft-partition-2}{role=FOLLOWER} - Sending AppendResponse{status=OK, term=1, succeeded=true, lastLogIndex=1}
21:52:20.819 [raft-server-raft-partition-2] TRACE i.a.p.raft.roles.LeaderAppender - RaftServer{raft-partition-2} - Received AppendResponse{status=OK, term=1, succeeded=true, lastLogIndex=1} from 2
21:52:20.820 [raft-server-raft-partition-2] TRACE i.a.p.raft.roles.LeaderAppender - RaftServer{raft-partition-2} - Received AppendResponse{status=OK, term=1, succeeded=true, lastLogIndex=1} from 3
21:52:20.826 [raft-server-raft-partition-6] TRACE i.a.p.raft.roles.LeaderAppender - RaftServer{raft-partition-6} - Sending AppendRequest{term=1, leader=1, prevLogIndex=1, prevLogTerm=1, entries=0, commitIndex=1} to 2
21:52:20.826 [raft-server-raft-partition-6] TRACE i.a.p.raft.roles.LeaderAppender - RaftServer{raft-partition-6} - Sending AppendRequest{term=1, leader=1, prevLogIndex=1, prevLogTerm=1, entries=0, commitIndex=1} to 3
21:52:20.826 [raft-server-raft-partition-6] TRACE i.a.p.raft.roles.FollowerRole - RaftServer{raft-partition-6}{role=FOLLOWER} - Received AppendRequest{term=1, leader=1, prevLogIndex=1, prevLogTerm=1, entries=0, commitIndex=1}
21:52:20.826 [raft-server-raft-partition-6] TRACE i.a.p.raft.roles.FollowerRole - RaftServer{raft-partition-6}{role=FOLLOWER} - Sending AppendResponse{status=OK, term=1, succeeded=true, lastLogIndex=1}
21:52:20.826 [raft-server-raft-partition-6] TRACE i.a.p.raft.roles.FollowerRole - RaftServer{raft-partition-6}{role=FOLLOWER} - Received AppendRequest{term=1, leader=1, prevLogIndex=1, prevLogTerm=1, entries=0, commitIndex=1}
21:52:20.826 [raft-server-raft-partition-6] TRACE i.a.p.raft.roles.FollowerRole - RaftServer{raft-partition-6}{role=FOLLOWER} - Sending AppendResponse{status=OK, term=1, succeeded=true, lastLogIndex=1}
21:52:20.826 [raft-server-raft-partition-6] TRACE i.a.p.raft.roles.LeaderAppender - RaftServer{raft-partition-6} - Received AppendResponse{status=OK, term=1, succeeded=true, lastLogIndex=1} from 2
21:52:20.826 [raft-server-raft-partition-6] TRACE i.a.p.raft.roles.LeaderAppender - RaftServer{raft-partition-6} - Sending AppendRequest{term=1, leader=1, prevLogIndex=1, prevLogTerm=1, entries=0, commitIndex=1} to 2
21:52:20.826 [raft-server-raft-partition-6] TRACE i.a.p.raft.roles.LeaderAppender - RaftServer{raft-partition-6} - Received AppendResponse{status=OK, term=1, succeeded=true, lastLogIndex=1} from 3
21:52:20.826 [raft-server-raft-partition-6] TRACE i.a.p.raft.roles.LeaderAppender - RaftServer{raft-partition-6} - Sending AppendRequest{term=1, leader=1, prevLogIndex=1, prevLogTerm=1, entries=0, commitIndex=1} to 3
21:52:20.826 [raft-server-raft-partition-6] TRACE i.a.p.raft.roles.FollowerRole - RaftServer{raft-partition-6}{role=FOLLOWER} - Received AppendRequest{term=1, leader=1, prevLogIndex=1, prevLogTerm=1, entries=0, commitIndex=1}
21:52:20.826 [raft-server-raft-partition-6] TRACE i.a.p.raft.roles.FollowerRole - RaftServer{raft-partition-6}{role=FOLLOWER} - Sending AppendResponse{status=OK, term=1, succeeded=true, lastLogIndex=1}
21:52:20.826 [raft-server-raft-partition-6] TRACE i.a.p.raft.roles.FollowerRole - RaftServer{raft-partition-6}{role=FOLLOWER} - Received AppendRequest{term=1, leader=1, prevLogIndex=1, prevLogTerm=1, entries=0, commitIndex=1}
21:52:20.827 [raft-server-raft-partition-6] TRACE i.a.p.raft.roles.FollowerRole - RaftServer{raft-partition-6}{role=FOLLOWER} - Sending AppendResponse{status=OK, term=1, succeeded=true, lastLogIndex=1}
21:52:20.827 [raft-server-raft-partition-6] TRACE i.a.p.raft.roles.LeaderAppender - RaftServer{raft-partition-6} - Received AppendResponse{status=OK, term=1, succeeded=true, lastLogIndex=1} from 2
21:52:20.827 [raft-server-raft-partition-6] TRACE i.a.p.raft.roles.LeaderAppender - RaftServer{raft-partition-6} - Sending AppendRequest{term=1, leader=1, prevLogIndex=1, prevLogTerm=1, entries=0, commitIndex=1} to 2
21:52:20.827 [raft-server-raft-partition-6] TRACE i.a.p.raft.roles.LeaderAppender - RaftServer{raft-partition-6} - Received AppendResponse{status=OK, term=1, succeeded=true, lastLogIndex=1} from 3
21:52:20.827 [raft-server-raft-partition-6] TRACE i.a.p.raft.roles.LeaderAppender - RaftServer{raft-partition-6} - Sending AppendRequest{term=1, leader=1, prevLogIndex=1, prevLogTerm=1, entries=0, commitIndex=1} to 3
21:52:20.827 [raft-server-raft-partition-6] TRACE i.a.p.raft.roles.FollowerRole - RaftServer{raft-partition-6}{role=FOLLOWER} - Received AppendRequest{term=1, leader=1, prevLogIndex=1, prevLogTerm=1, entries=0, commitIndex=1}
21:52:20.827 [raft-server-raft-partition-6] TRACE i.a.p.raft.roles.FollowerRole - RaftServer{raft-partition-6}{role=FOLLOWER} - Sending AppendResponse{status=OK, term=1, succeeded=true, lastLogIndex=1}
21:52:20.827 [raft-server-raft-partition-6] TRACE i.a.p.raft.roles.FollowerRole - RaftServer{raft-partition-6}{role=FOLLOWER} - Received AppendRequest{term=1, leader=1, prevLogIndex=1, prevLogTerm=1, entries=0, commitIndex=1}
21:52:20.827 [raft-server-raft-partition-6] TRACE i.a.p.raft.roles.FollowerRole - RaftServer{raft-partition-6}{role=FOLLOWER} - Sending AppendResponse{status=OK, term=1, succeeded=true, lastLogIndex=1}
21:52:20.827 [raft-server-raft-partition-6] TRACE i.a.p.raft.roles.LeaderAppender - RaftServer{raft-partition-6} - Received AppendResponse{status=OK, term=1, succeeded=true, lastLogIndex=1} from 2
21:52:20.827 [raft-server-raft-partition-6] TRACE i.a.p.raft.roles.LeaderAppender - RaftServer{raft-partition-6} - Received AppendResponse{status=OK, term=1, succeeded=true, lastLogIndex=1} from 3
21:52:20.875 [raft-server-raft-partition-3] TRACE i.a.p.raft.roles.LeaderAppender - RaftServer{raft-partition-3} - Sending AppendRequest{term=3, leader=1, prevLogIndex=1, prevLogTerm=2, entries=0, commitIndex=1} to 2
21:52:20.875 [raft-server-raft-partition-3] TRACE i.a.p.raft.roles.LeaderAppender - RaftServer{raft-partition-3} - Sending AppendRequest{term=3, leader=1, prevLogIndex=1, prevLogTerm=2, entries=0, commitIndex=1} to 3
21:52:20.875 [raft-server-raft-partition-3] TRACE i.a.p.raft.roles.FollowerRole - RaftServer{raft-partition-3}{role=FOLLOWER} - Received AppendRequest{term=3, leader=1, prevLogIndex=1, prevLogTerm=2, entries=0, commitIndex=1}
21:52:20.875 [raft-server-raft-partition-3] TRACE i.a.p.raft.roles.FollowerRole - RaftServer{raft-partition-3}{role=FOLLOWER} - Received AppendRequest{term=3, leader=1, prevLogIndex=1, prevLogTerm=2, entries=0, commitIndex=1}
21:52:20.875 [raft-server-raft-partition-3] TRACE i.a.p.raft.roles.FollowerRole - RaftServer{raft-partition-3}{role=FOLLOWER} - Sending AppendResponse{status=OK, term=3, succeeded=true, lastLogIndex=1}
21:52:20.875 [raft-server-raft-partition-3] TRACE i.a.p.raft.roles.FollowerRole - RaftServer{raft-partition-3}{role=FOLLOWER} - Sending AppendResponse{status=OK, term=3, succeeded=true, lastLogIndex=1}
21:52:20.875 [raft-server-raft-partition-3] TRACE i.a.p.raft.roles.LeaderAppender - RaftServer{raft-partition-3} - Received AppendResponse{status=OK, term=3, succeeded=true, lastLogIndex=1} from 3
21:52:20.875 [raft-server-raft-partition-3] TRACE i.a.p.raft.roles.LeaderAppender - RaftServer{raft-partition-3} - Sending AppendRequest{term=3, leader=1, prevLogIndex=1, prevLogTerm=2, entries=0, commitIndex=1} to 3
21:52:20.875 [raft-server-raft-partition-3] TRACE i.a.p.raft.roles.LeaderAppender - RaftServer{raft-partition-3} - Received AppendResponse{status=OK, term=3, succeeded=true, lastLogIndex=1} from 2
21:52:20.875 [raft-server-raft-partition-3] TRACE i.a.p.raft.roles.LeaderAppender - RaftServer{raft-partition-3} - Sending AppendRequest{term=3, leader=1, prevLogIndex=1, prevLogTerm=2, entries=0, commitIndex=1} to 2
21:52:20.876 [raft-server-raft-partition-3] TRACE i.a.p.raft.roles.FollowerRole - RaftServer{raft-partition-3}{role=FOLLOWER} - Received AppendRequest{term=3, leader=1, prevLogIndex=1, prevLogTerm=2, entries=0, commitIndex=1}
21:52:20.876 [raft-server-raft-partition-3] TRACE i.a.p.raft.roles.FollowerRole - RaftServer{raft-partition-3}{role=FOLLOWER} - Sending AppendResponse{status=OK, term=3, succeeded=true, lastLogIndex=1}
21:52:20.876 [raft-server-raft-partition-3] TRACE i.a.p.raft.roles.FollowerRole - RaftServer{raft-partition-3}{role=FOLLOWER} - Received AppendRequest{term=3, leader=1, prevLogIndex=1, prevLogTerm=2, entries=0, commitIndex=1}
21:52:20.876 [raft-server-raft-partition-3] TRACE i.a.p.raft.roles.FollowerRole - RaftServer{raft-partition-3}{role=FOLLOWER} - Sending AppendResponse{status=OK, term=3, succeeded=true, lastLogIndex=1}
21:52:20.876 [raft-server-raft-partition-3] TRACE i.a.p.raft.roles.LeaderAppender - RaftServer{raft-partition-3} - Received AppendResponse{status=OK, term=3, succeeded=true, lastLogIndex=1} from 3
21:52:20.876 [raft-server-raft-partition-3] TRACE i.a.p.raft.roles.LeaderAppender - RaftServer{raft-partition-3} - Sending AppendRequest{term=3, leader=1, prevLogIndex=1, prevLogTerm=2, entries=0, commitIndex=1} to 3
21:52:20.876 [raft-server-raft-partition-3] TRACE i.a.p.raft.roles.LeaderAppender - RaftServer{raft-partition-3} - Received AppendResponse{status=OK, term=3, succeeded=true, lastLogIndex=1} from 2
21:52:20.876 [raft-server-raft-partition-3] TRACE i.a.p.raft.roles.LeaderAppender - RaftServer{raft-partition-3} - Sending AppendRequest{term=3, leader=1, prevLogIndex=1, prevLogTerm=2, entries=0, commitIndex=1} to 2
21:52:20.876 [raft-server-raft-partition-3] TRACE i.a.p.raft.roles.FollowerRole - RaftServer{raft-partition-3}{role=FOLLOWER} - Received AppendRequest{term=3, leader=1, prevLogIndex=1, prevLogTerm=2, entries=0, commitIndex=1}
21:52:20.876 [raft-server-raft-partition-3] TRACE i.a.p.raft.roles.FollowerRole - RaftServer{raft-partition-3}{role=FOLLOWER} - Sending AppendResponse{status=OK, term=3, succeeded=true, lastLogIndex=1}
21:52:20.876 [raft-server-raft-partition-3] TRACE i.a.p.raft.roles.FollowerRole - RaftServer{raft-partition-3}{role=FOLLOWER} - Received AppendRequest{term=3, leader=1, prevLogIndex=1, prevLogTerm=2, entries=0, commitIndex=1}
21:52:20.876 [raft-server-raft-partition-3] TRACE i.a.p.raft.roles.FollowerRole - RaftServer{raft-partition-3}{role=FOLLOWER} - Sending AppendResponse{status=OK, term=3, succeeded=true, lastLogIndex=1}
21:52:20.876 [raft-server-raft-partition-3] TRACE i.a.p.raft.roles.LeaderAppender - RaftServer{raft-partition-3} - Received AppendResponse{status=OK, term=3, succeeded=true, lastLogIndex=1} from 3
21:52:20.877 [raft-server-raft-partition-3] TRACE i.a.p.raft.roles.LeaderAppender - RaftServer{raft-partition-3} - Received AppendResponse{status=OK, term=3, succeeded=true, lastLogIndex=1} from 2
21:52:20.884 [raft-server-raft-partition-1] TRACE i.a.p.raft.roles.LeaderAppender - RaftServer{raft-partition-1} - Sending AppendRequest{term=1, leader=2, prevLogIndex=1, prevLogTerm=1, entries=0, commitIndex=1} to 3
21:52:20.885 [raft-server-raft-partition-1] TRACE i.a.p.raft.roles.FollowerRole - RaftServer{raft-partition-1}{role=FOLLOWER} - Received AppendRequest{term=1, leader=2, prevLogIndex=1, prevLogTerm=1, entries=0, commitIndex=1}
21:52:20.885 [raft-server-raft-partition-1] TRACE i.a.p.raft.roles.FollowerRole - RaftServer{raft-partition-1}{role=FOLLOWER} - Sending AppendResponse{status=OK, term=1, succeeded=true, lastLogIndex=1}
21:52:20.885 [raft-server-raft-partition-1] TRACE i.a.p.raft.roles.LeaderAppender - RaftServer{raft-partition-1} - Received AppendResponse{status=OK, term=1, succeeded=true, lastLogIndex=1} from 3
21:52:20.885 [raft-server-raft-partition-1] TRACE i.a.p.raft.roles.LeaderAppender - RaftServer{raft-partition-1} - Sending AppendRequest{term=1, leader=2, prevLogIndex=1, prevLogTerm=1, entries=0, commitIndex=1} to 3
21:52:20.885 [raft-server-raft-partition-1] TRACE i.a.p.raft.roles.FollowerRole - RaftServer{raft-partition-1}{role=FOLLOWER} - Received AppendRequest{term=1, leader=2, prevLogIndex=1, prevLogTerm=1, entries=0, commitIndex=1}
21:52:20.885 [raft-server-raft-partition-1] TRACE i.a.p.raft.roles.FollowerRole - RaftServer{raft-partition-1}{role=FOLLOWER} - Sending AppendResponse{status=OK, term=1, succeeded=true, lastLogIndex=1}
21:52:20.885 [raft-server-raft-partition-1] TRACE i.a.p.raft.roles.LeaderAppender - RaftServer{raft-partition-1} - Received AppendResponse{status=OK, term=1, succeeded=true, lastLogIndex=1} from 3
21:52:20.917 [raft-server-system-partition-1] TRACE i.a.p.raft.roles.LeaderAppender - RaftServer{system-partition-1} - Sending AppendRequest{term=1, leader=1, prevLogIndex=16, prevLogTerm=1, entries=0, commitIndex=16} to 2
21:52:20.917 [raft-server-system-partition-1] TRACE i.a.p.raft.roles.LeaderAppender - RaftServer{system-partition-1} - Sending AppendRequest{term=1, leader=1, prevLogIndex=16, prevLogTerm=1, entries=0, commitIndex=16} to 3
21:52:20.918 [raft-server-system-partition-1] TRACE i.a.p.raft.roles.FollowerRole - RaftServer{system-partition-1}{role=FOLLOWER} - Received AppendRequest{term=1, leader=1, prevLogIndex=16, prevLogTerm=1, entries=0, commitIndex=16}
21:52:20.918 [raft-server-system-partition-1] TRACE i.a.p.raft.roles.FollowerRole - RaftServer{system-partition-1}{role=FOLLOWER} - Received AppendRequest{term=1, leader=1, prevLogIndex=16, prevLogTerm=1, entries=0, commitIndex=16}
21:52:20.918 [raft-server-system-partition-1] TRACE i.a.p.raft.roles.FollowerRole - RaftServer{system-partition-1}{role=FOLLOWER} - Sending AppendResponse{status=OK, term=1, succeeded=true, lastLogIndex=16}
21:52:20.918 [raft-server-system-partition-1] TRACE i.a.p.raft.roles.FollowerRole - RaftServer{system-partition-1}{role=FOLLOWER} - Sending AppendResponse{status=OK, term=1, succeeded=true, lastLogIndex=16}
21:52:20.918 [raft-server-system-partition-1] TRACE i.a.p.raft.roles.LeaderAppender - RaftServer{system-partition-1} - Received AppendResponse{status=OK, term=1, succeeded=true, lastLogIndex=16} from 3
21:52:20.918 [raft-server-system-partition-1] TRACE i.a.p.raft.roles.LeaderAppender - RaftServer{system-partition-1} - Sending AppendRequest{term=1, leader=1, prevLogIndex=16, prevLogTerm=1, entries=0, commitIndex=16} to 3
21:52:20.918 [raft-server-system-partition-1] TRACE i.a.p.raft.roles.LeaderAppender - RaftServer{system-partition-1} - Received AppendResponse{status=OK, term=1, succeeded=true, lastLogIndex=16} from 2
21:52:20.918 [raft-server-system-partition-1] TRACE i.a.p.raft.roles.LeaderAppender - RaftServer{system-partition-1} - Sending AppendRequest{term=1, leader=1, prevLogIndex=16, prevLogTerm=1, entries=0, commitIndex=16} to 2
21:52:20.918 [raft-server-system-partition-1] TRACE i.a.p.raft.roles.FollowerRole - RaftServer{system-partition-1}{role=FOLLOWER} - Received AppendRequest{term=1, leader=1, prevLogIndex=16, prevLogTerm=1, entries=0, commitIndex=16}
21:52:20.918 [raft-server-system-partition-1] TRACE i.a.p.raft.roles.FollowerRole - RaftServer{system-partition-1}{role=FOLLOWER} - Sending AppendResponse{status=OK, term=1, succeeded=true, lastLogIndex=16}
21:52:20.918 [raft-server-system-partition-1] TRACE i.a.p.raft.roles.FollowerRole - RaftServer{system-partition-1}{role=FOLLOWER} - Received AppendRequest{term=1, leader=1, prevLogIndex=16, prevLogTerm=1, entries=0, commitIndex=16}
21:52:20.918 [raft-server-system-partition-1] TRACE i.a.p.raft.roles.FollowerRole - RaftServer{system-partition-1}{role=FOLLOWER} - Sending AppendResponse{status=OK, term=1, succeeded=true, lastLogIndex=16}
21:52:20.919 [raft-server-system-partition-1] TRACE i.a.p.raft.roles.LeaderAppender - RaftServer{system-partition-1} - Received AppendResponse{status=OK, term=1, succeeded=true, lastLogIndex=16} from 3
21:52:20.919 [raft-server-system-partition-1] TRACE i.a.p.raft.roles.LeaderAppender - RaftServer{system-partition-1} - Received AppendResponse{status=OK, term=1, succeeded=true, lastLogIndex=16} from 2
21:52:20.959 [raft-server-raft-partition-5] TRACE i.a.p.raft.roles.LeaderAppender - RaftServer{raft-partition-5} - Sending AppendRequest{term=1, leader=3, prevLogIndex=1, prevLogTerm=1, entries=0, commitIndex=1} to 1
21:52:20.959 [raft-server-raft-partition-5] TRACE i.a.p.raft.roles.LeaderAppender - RaftServer{raft-partition-5} - Sending AppendRequest{term=1, leader=3, prevLogIndex=1, prevLogTerm=1, entries=0, commitIndex=1} to 2
21:52:20.959 [raft-server-raft-partition-7] TRACE i.a.p.raft.roles.LeaderAppender - RaftServer{raft-partition-7} - Sending AppendRequest{term=1, leader=2, prevLogIndex=1, prevLogTerm=1, entries=0, commitIndex=1} to 1
21:52:20.959 [raft-server-raft-partition-5] TRACE i.a.p.raft.roles.FollowerRole - RaftServer{raft-partition-5}{role=FOLLOWER} - Received AppendRequest{term=1, leader=3, prevLogIndex=1, prevLogTerm=1, entries=0, commitIndex=1}
21:52:20.959 [raft-server-raft-partition-5] TRACE i.a.p.raft.roles.FollowerRole - RaftServer{raft-partition-5}{role=FOLLOWER} - Received AppendRequest{term=1, leader=3, prevLogIndex=1, prevLogTerm=1, entries=0, commitIndex=1}
21:52:20.959 [raft-server-raft-partition-7] TRACE i.a.p.raft.roles.LeaderAppender - RaftServer{raft-partition-7} - Sending AppendRequest{term=1, leader=2, prevLogIndex=1, prevLogTerm=1, entries=0, commitIndex=1} to 3
21:52:20.959 [raft-server-raft-partition-5] TRACE i.a.p.raft.roles.FollowerRole - RaftServer{raft-partition-5}{role=FOLLOWER} - Sending AppendResponse{status=OK, term=1, succeeded=true, lastLogIndex=1}
21:52:20.959 [raft-server-raft-partition-5] TRACE i.a.p.raft.roles.FollowerRole - RaftServer{raft-partition-5}{role=FOLLOWER} - Sending AppendResponse{status=OK, term=1, succeeded=true, lastLogIndex=1}
21:52:20.959 [raft-server-raft-partition-7] TRACE i.a.p.raft.roles.FollowerRole - RaftServer{raft-partition-7}{role=FOLLOWER} - Received AppendRequest{term=1, leader=2, prevLogIndex=1, prevLogTerm=1, entries=0, commitIndex=1}
21:52:20.959 [raft-server-raft-partition-7] TRACE i.a.p.raft.roles.FollowerRole - RaftServer{raft-partition-7}{role=FOLLOWER} - Received AppendRequest{term=1, leader=2, prevLogIndex=1, prevLogTerm=1, entries=0, commitIndex=1}
21:52:20.959 [raft-server-raft-partition-7] TRACE i.a.p.raft.roles.FollowerRole - RaftServer{raft-partition-7}{role=FOLLOWER} - Sending AppendResponse{status=OK, term=1, succeeded=true, lastLogIndex=1}
21:52:20.959 [raft-server-raft-partition-5] TRACE i.a.p.raft.roles.LeaderAppender - RaftServer{raft-partition-5} - Received AppendResponse{status=OK, term=1, succeeded=true, lastLogIndex=1} from 1
21:52:20.960 [raft-server-raft-partition-7] TRACE i.a.p.raft.roles.FollowerRole - RaftServer{raft-partition-7}{role=FOLLOWER} - Sending AppendResponse{status=OK, term=1, succeeded=true, lastLogIndex=1}
21:52:20.960 [raft-server-raft-partition-5] TRACE i.a.p.raft.roles.LeaderAppender - RaftServer{raft-partition-5} - Sending AppendRequest{term=1, leader=3, prevLogIndex=1, prevLogTerm=1, entries=0, commitIndex=1} to 1
21:52:20.960 [raft-server-raft-partition-7] TRACE i.a.p.raft.roles.LeaderAppender - RaftServer{raft-partition-7} - Received AppendResponse{status=OK, term=1, succeeded=true, lastLogIndex=1} from 1
21:52:20.960 [raft-server-raft-partition-5] TRACE i.a.p.raft.roles.LeaderAppender - RaftServer{raft-partition-5} - Received AppendResponse{status=OK, term=1, succeeded=true, lastLogIndex=1} from 2
21:52:20.960 [raft-server-raft-partition-7] TRACE i.a.p.raft.roles.LeaderAppender - RaftServer{raft-partition-7} - Sending AppendRequest{term=1, leader=2, prevLogIndex=1, prevLogTerm=1, entries=0, commitIndex=1} to 1
21:52:20.960 [raft-server-raft-partition-5] TRACE i.a.p.raft.roles.LeaderAppender - RaftServer{raft-partition-5} - Sending AppendRequest{term=1, leader=3, prevLogIndex=1, prevLogTerm=1, entries=0, commitIndex=1} to 2
21:52:20.960 [raft-server-raft-partition-5] TRACE i.a.p.raft.roles.FollowerRole - RaftServer{raft-partition-5}{role=FOLLOWER} - Received AppendRequest{term=1, leader=3, prevLogIndex=1, prevLogTerm=1, entries=0, commitIndex=1}
21:52:20.960 [raft-server-raft-partition-7] TRACE i.a.p.raft.roles.LeaderAppender - RaftServer{raft-partition-7} - Received AppendResponse{status=OK, term=1, succeeded=true, lastLogIndex=1} from 3
21:52:20.960 [raft-server-raft-partition-5] TRACE i.a.p.raft.roles.FollowerRole - RaftServer{raft-partition-5}{role=FOLLOWER} - Sending AppendResponse{status=OK, term=1, succeeded=true, lastLogIndex=1}
21:52:20.960 [raft-server-raft-partition-7] TRACE i.a.p.raft.roles.LeaderAppender - RaftServer{raft-partition-7} - Sending AppendRequest{term=1, leader=2, prevLogIndex=1, prevLogTerm=1, entries=0, commitIndex=1} to 3
21:52:20.960 [raft-server-raft-partition-7] TRACE i.a.p.raft.roles.FollowerRole - RaftServer{raft-partition-7}{role=FOLLOWER} - Received AppendRequest{term=1, leader=2, prevLogIndex=1, prevLogTerm=1, entries=0, commitIndex=1}
21:52:20.960 [raft-server-raft-partition-5] TRACE i.a.p.raft.roles.FollowerRole - RaftServer{raft-partition-5}{role=FOLLOWER} - Received AppendRequest{term=1, leader=3, prevLogIndex=1, prevLogTerm=1, entries=0, commitIndex=1}
21:52:20.960 [raft-server-raft-partition-5] TRACE i.a.p.raft.roles.LeaderAppender - RaftServer{raft-partition-5} - Received AppendResponse{status=OK, term=1, succeeded=true, lastLogIndex=1} from 1
21:52:20.960 [raft-server-raft-partition-7] TRACE i.a.p.raft.roles.FollowerRole - RaftServer{raft-partition-7}{role=FOLLOWER} - Sending AppendResponse{status=OK, term=1, succeeded=true, lastLogIndex=1}
21:52:20.960 [raft-server-raft-partition-5] TRACE i.a.p.raft.roles.FollowerRole - RaftServer{raft-partition-5}{role=FOLLOWER} - Sending AppendResponse{status=OK, term=1, succeeded=true, lastLogIndex=1}
21:52:20.960 [raft-server-raft-partition-7] TRACE i.a.p.raft.roles.FollowerRole - RaftServer{raft-partition-7}{role=FOLLOWER} - Received AppendRequest{term=1, leader=2, prevLogIndex=1, prevLogTerm=1, entries=0, commitIndex=1}
21:52:20.961 [raft-server-raft-partition-7] TRACE i.a.p.raft.roles.FollowerRole - RaftServer{raft-partition-7}{role=FOLLOWER} - Sending AppendResponse{status=OK, term=1, succeeded=true, lastLogIndex=1}
21:52:20.961 [raft-server-raft-partition-7] TRACE i.a.p.raft.roles.LeaderAppender - RaftServer{raft-partition-7} - Received AppendResponse{status=OK, term=1, succeeded=true, lastLogIndex=1} from 1
21:52:20.961 [raft-server-raft-partition-5] TRACE i.a.p.raft.roles.LeaderAppender - RaftServer{raft-partition-5} - Received AppendResponse{status=OK, term=1, succeeded=true, lastLogIndex=1} from 2
21:52:20.961 [raft-server-raft-partition-7] TRACE i.a.p.raft.roles.LeaderAppender - RaftServer{raft-partition-7} - Received AppendResponse{status=OK, term=1, succeeded=true, lastLogIndex=1} from 3
21:52:20.993 [raft-server-raft-partition-4] TRACE i.a.p.raft.roles.LeaderAppender - RaftServer{raft-partition-4} - Sending AppendRequest{term=1, leader=1, prevLogIndex=1, prevLogTerm=1, entries=0, commitIndex=1} to 2
21:52:20.993 [raft-server-raft-partition-4] TRACE i.a.p.raft.roles.LeaderAppender - RaftServer{raft-partition-4} - Sending AppendRequest{term=1, leader=1, prevLogIndex=1, prevLogTerm=1, entries=0, commitIndex=1} to 3
21:52:20.993 [raft-server-raft-partition-4] TRACE i.a.p.raft.roles.FollowerRole - RaftServer{raft-partition-4}{role=FOLLOWER} - Received AppendRequest{term=1, leader=1, prevLogIndex=1, prevLogTerm=1, entries=0, commitIndex=1}
21:52:20.993 [raft-server-raft-partition-4] TRACE i.a.p.raft.roles.FollowerRole - RaftServer{raft-partition-4}{role=FOLLOWER} - Sending AppendResponse{status=OK, term=1, succeeded=true, lastLogIndex=1}
21:52:20.993 [raft-server-raft-partition-4] TRACE i.a.p.raft.roles.FollowerRole - RaftServer{raft-partition-4}{role=FOLLOWER} - Received AppendRequest{term=1, leader=1, prevLogIndex=1, prevLogTerm=1, entries=0, commitIndex=1}
21:52:20.993 [raft-server-raft-partition-4] TRACE i.a.p.raft.roles.FollowerRole - RaftServer{raft-partition-4}{role=FOLLOWER} - Sending AppendResponse{status=OK, term=1, succeeded=true, lastLogIndex=1}
21:52:20.994 [raft-server-raft-partition-4] TRACE i.a.p.raft.roles.LeaderAppender - RaftServer{raft-partition-4} - Received AppendResponse{status=OK, term=1, succeeded=true, lastLogIndex=1} from 2
21:52:20.994 [raft-server-raft-partition-4] TRACE i.a.p.raft.roles.LeaderAppender - RaftServer{raft-partition-4} - Sending AppendRequest{term=1, leader=1, prevLogIndex=1, prevLogTerm=1, entries=0, commitIndex=1} to 2
21:52:20.994 [raft-server-raft-partition-4] TRACE i.a.p.raft.roles.LeaderAppender - RaftServer{raft-partition-4} - Received AppendResponse{status=OK, term=1, succeeded=true, lastLogIndex=1} from 3
21:52:20.994 [raft-server-raft-partition-4] TRACE i.a.p.raft.roles.LeaderAppender - RaftServer{raft-partition-4} - Sending AppendRequest{term=1, leader=1, prevLogIndex=1, prevLogTerm=1, entries=0, commitIndex=1} to 3
21:52:20.994 [raft-server-raft-partition-4] TRACE i.a.p.raft.roles.FollowerRole - RaftServer{raft-partition-4}{role=FOLLOWER} - Received AppendRequest{term=1, leader=1, prevLogIndex=1, prevLogTerm=1, entries=0, commitIndex=1}
21:52:20.994 [raft-server-raft-partition-4] TRACE i.a.p.raft.roles.FollowerRole - RaftServer{raft-partition-4}{role=FOLLOWER} - Received AppendRequest{term=1, leader=1, prevLogIndex=1, prevLogTerm=1, entries=0, commitIndex=1}
21:52:20.994 [raft-server-raft-partition-4] TRACE i.a.p.raft.roles.FollowerRole - RaftServer{raft-partition-4}{role=FOLLOWER} - Sending AppendResponse{status=OK, term=1, succeeded=true, lastLogIndex=1}
21:52:20.994 [raft-server-raft-partition-4] TRACE i.a.p.raft.roles.FollowerRole - RaftServer{raft-partition-4}{role=FOLLOWER} - Sending AppendResponse{status=OK, term=1, succeeded=true, lastLogIndex=1}
21:52:20.994 [raft-server-raft-partition-4] TRACE i.a.p.raft.roles.LeaderAppender - RaftServer{raft-partition-4} - Received AppendResponse{status=OK, term=1, succeeded=true, lastLogIndex=1} from 2
21:52:20.994 [raft-server-raft-partition-4] TRACE i.a.p.raft.roles.LeaderAppender - RaftServer{raft-partition-4} - Received AppendResponse{status=OK, term=1, succeeded=true, lastLogIndex=1} from 3
21:52:21.067 [raft-server-raft-partition-2] TRACE i.a.p.raft.roles.LeaderAppender - RaftServer{raft-partition-2} - Sending AppendRequest{term=1, leader=1, prevLogIndex=1, prevLogTerm=1, entries=0, commitIndex=1} to 2
21:52:21.068 [raft-server-raft-partition-2] TRACE i.a.p.raft.roles.LeaderAppender - RaftServer{raft-partition-2} - Sending AppendRequest{term=1, leader=1, prevLogIndex=1, prevLogTerm=1, entries=0, commitIndex=1} to 3
21:52:21.068 [raft-server-raft-partition-2] TRACE i.a.p.raft.roles.FollowerRole - RaftServer{raft-partition-2}{role=FOLLOWER} - Received AppendRequest{term=1, leader=1, prevLogIndex=1, prevLogTerm=1, entries=0, commitIndex=1}
21:52:21.068 [raft-server-raft-partition-2] TRACE i.a.p.raft.roles.FollowerRole - RaftServer{raft-partition-2}{role=FOLLOWER} - Received AppendRequest{term=1, leader=1, prevLogIndex=1, prevLogTerm=1, entries=0, commitIndex=1}
21:52:21.068 [raft-server-raft-partition-2] TRACE i.a.p.raft.roles.FollowerRole - RaftServer{raft-partition-2}{role=FOLLOWER} - Sending AppendResponse{status=OK, term=1, succeeded=true, lastLogIndex=1}
21:52:21.068 [raft-server-raft-partition-2] TRACE i.a.p.raft.roles.FollowerRole - RaftServer{raft-partition-2}{role=FOLLOWER} - Sending AppendResponse{status=OK, term=1, succeeded=true, lastLogIndex=1}
21:52:21.068 [raft-server-raft-partition-2] TRACE i.a.p.raft.roles.LeaderAppender - RaftServer{raft-partition-2} - Received AppendResponse{status=OK, term=1, succeeded=true, lastLogIndex=1} from 2
21:52:21.068 [raft-server-raft-partition-2] TRACE i.a.p.raft.roles.LeaderAppender - RaftServer{raft-partition-2} - Sending AppendRequest{term=1, leader=1, prevLogIndex=1, prevLogTerm=1, entries=0, commitIndex=1} to 2
21:52:21.068 [raft-server-raft-partition-2] TRACE i.a.p.raft.roles.LeaderAppender - RaftServer{raft-partition-2} - Received AppendResponse{status=OK, term=1, succeeded=true, lastLogIndex=1} from 3
21:52:21.068 [raft-server-raft-partition-2] TRACE i.a.p.raft.roles.FollowerRole - RaftServer{raft-partition-2}{role=FOLLOWER} - Received AppendRequest{term=1, leader=1, prevLogIndex=1, prevLogTerm=1, entries=0, commitIndex=1}
21:52:21.068 [raft-server-raft-partition-2] TRACE i.a.p.raft.roles.FollowerRole - RaftServer{raft-partition-2}{role=FOLLOWER} - Sending AppendResponse{status=OK, term=1, succeeded=true, lastLogIndex=1}
21:52:21.069 [raft-server-raft-partition-2] TRACE i.a.p.raft.roles.LeaderAppender - RaftServer{raft-partition-2} - Received AppendResponse{status=OK, term=1, succeeded=true, lastLogIndex=1} from 2
21:52:21.076 [raft-server-raft-partition-6] TRACE i.a.p.raft.roles.LeaderAppender - RaftServer{raft-partition-6} - Sending AppendRequest{term=1, leader=1, prevLogIndex=1, prevLogTerm=1, entries=0, commitIndex=1} to 2
21:52:21.076 [raft-server-raft-partition-6] TRACE i.a.p.raft.roles.LeaderAppender - RaftServer{raft-partition-6} - Sending AppendRequest{term=1, leader=1, prevLogIndex=1, prevLogTerm=1, entries=0, commitIndex=1} to 3
21:52:21.076 [raft-server-raft-partition-6] TRACE i.a.p.raft.roles.FollowerRole - RaftServer{raft-partition-6}{role=FOLLOWER} - Received AppendRequest{term=1, leader=1, prevLogIndex=1, prevLogTerm=1, entries=0, commitIndex=1}
21:52:21.076 [raft-server-raft-partition-6] TRACE i.a.p.raft.roles.FollowerRole - RaftServer{raft-partition-6}{role=FOLLOWER} - Received AppendRequest{term=1, leader=1, prevLogIndex=1, prevLogTerm=1, entries=0, commitIndex=1}
21:52:21.076 [raft-server-raft-partition-6] TRACE i.a.p.raft.roles.FollowerRole - RaftServer{raft-partition-6}{role=FOLLOWER} - Sending AppendResponse{status=OK, term=1, succeeded=true, lastLogIndex=1}
21:52:21.076 [raft-server-raft-partition-6] TRACE i.a.p.raft.roles.FollowerRole - RaftServer{raft-partition-6}{role=FOLLOWER} - Sending AppendResponse{status=OK, term=1, succeeded=true, lastLogIndex=1}
21:52:21.076 [raft-server-raft-partition-6] TRACE i.a.p.raft.roles.LeaderAppender - RaftServer{raft-partition-6} - Received AppendResponse{status=OK, term=1, succeeded=true, lastLogIndex=1} from 2
21:52:21.076 [raft-server-raft-partition-6] TRACE i.a.p.raft.roles.LeaderAppender - RaftServer{raft-partition-6} - Sending AppendRequest{term=1, leader=1, prevLogIndex=1, prevLogTerm=1, entries=0, commitIndex=1} to 2
21:52:21.076 [raft-server-raft-partition-6] TRACE i.a.p.raft.roles.LeaderAppender - RaftServer{raft-partition-6} - Received AppendResponse{status=OK, term=1, succeeded=true, lastLogIndex=1} from 3
21:52:21.076 [raft-server-raft-partition-6] TRACE i.a.p.raft.roles.LeaderAppender - RaftServer{raft-partition-6} - Sending AppendRequest{term=1, leader=1, prevLogIndex=1, prevLogTerm=1, entries=0, commitIndex=1} to 3
21:52:21.077 [raft-server-raft-partition-6] TRACE i.a.p.raft.roles.FollowerRole - RaftServer{raft-partition-6}{role=FOLLOWER} - Received AppendRequest{term=1, leader=1, prevLogIndex=1, prevLogTerm=1, entries=0, commitIndex=1}
21:52:21.077 [raft-server-raft-partition-6] TRACE i.a.p.raft.roles.FollowerRole - RaftServer{raft-partition-6}{role=FOLLOWER} - Sending AppendResponse{status=OK, term=1, succeeded=true, lastLogIndex=1}
21:52:21.077 [raft-server-raft-partition-6] TRACE i.a.p.raft.roles.FollowerRole - RaftServer{raft-partition-6}{role=FOLLOWER} - Received AppendRequest{term=1, leader=1, prevLogIndex=1, prevLogTerm=1, entries=0, commitIndex=1}
21:52:21.077 [raft-server-raft-partition-6] TRACE i.a.p.raft.roles.FollowerRole - RaftServer{raft-partition-6}{role=FOLLOWER} - Sending AppendResponse{status=OK, term=1, succeeded=true, lastLogIndex=1}
21:52:21.077 [raft-server-raft-partition-6] TRACE i.a.p.raft.roles.LeaderAppender - RaftServer{raft-partition-6} - Received AppendResponse{status=OK, term=1, succeeded=true, lastLogIndex=1} from 2
21:52:21.077 [raft-server-raft-partition-6] TRACE i.a.p.raft.roles.LeaderAppender - RaftServer{raft-partition-6} - Sending AppendRequest{term=1, leader=1, prevLogIndex=1, prevLogTerm=1, entries=0, commitIndex=1} to 2
21:52:21.077 [raft-server-raft-partition-6] TRACE i.a.p.raft.roles.LeaderAppender - RaftServer{raft-partition-6} - Received AppendResponse{status=OK, term=1, succeeded=true, lastLogIndex=1} from 3
21:52:21.077 [raft-server-raft-partition-6] TRACE i.a.p.raft.roles.LeaderAppender - RaftServer{raft-partition-6} - Sending AppendRequest{term=1, leader=1, prevLogIndex=1, prevLogTerm=1, entries=0, commitIndex=1} to 3
21:52:21.077 [raft-server-raft-partition-6] TRACE i.a.p.raft.roles.FollowerRole - RaftServer{raft-partition-6}{role=FOLLOWER} - Received AppendRequest{term=1, leader=1, prevLogIndex=1, prevLogTerm=1, entries=0, commitIndex=1}
21:52:21.077 [raft-server-raft-partition-6] TRACE i.a.p.raft.roles.FollowerRole - RaftServer{raft-partition-6}{role=FOLLOWER} - Received AppendRequest{term=1, leader=1, prevLogIndex=1, prevLogTerm=1, entries=0, commitIndex=1}
21:52:21.077 [raft-server-raft-partition-6] TRACE i.a.p.raft.roles.FollowerRole - RaftServer{raft-partition-6}{role=FOLLOWER} - Sending AppendResponse{status=OK, term=1, succeeded=true, lastLogIndex=1}
21:52:21.077 [raft-server-raft-partition-6] TRACE i.a.p.raft.roles.FollowerRole - RaftServer{raft-partition-6}{role=FOLLOWER} - Sending AppendResponse{status=OK, term=1, succeeded=true, lastLogIndex=1}
21:52:21.077 [raft-server-raft-partition-6] TRACE i.a.p.raft.roles.LeaderAppender - RaftServer{raft-partition-6} - Received AppendResponse{status=OK, term=1, succeeded=true, lastLogIndex=1} from 2
21:52:21.078 [raft-server-raft-partition-6] TRACE i.a.p.raft.roles.LeaderAppender - RaftServer{raft-partition-6} - Received AppendResponse{status=OK, term=1, succeeded=true, lastLogIndex=1} from 3
21:52:21.125 [raft-server-raft-partition-3] TRACE i.a.p.raft.roles.LeaderAppender - RaftServer{raft-partition-3} - Sending AppendRequest{term=3, leader=1, prevLogIndex=1, prevLogTerm=2, entries=0, commitIndex=1} to 2
21:52:21.125 [raft-server-raft-partition-3] TRACE i.a.p.raft.roles.LeaderAppender - RaftServer{raft-partition-3} - Sending AppendRequest{term=3, leader=1, prevLogIndex=1, prevLogTerm=2, entries=0, commitIndex=1} to 3
21:52:21.125 [raft-server-raft-partition-3] TRACE i.a.p.raft.roles.FollowerRole - RaftServer{raft-partition-3}{role=FOLLOWER} - Received AppendRequest{term=3, leader=1, prevLogIndex=1, prevLogTerm=2, entries=0, commitIndex=1}
21:52:21.125 [raft-server-raft-partition-3] TRACE i.a.p.raft.roles.FollowerRole - RaftServer{raft-partition-3}{role=FOLLOWER} - Received AppendRequest{term=3, leader=1, prevLogIndex=1, prevLogTerm=2, entries=0, commitIndex=1}
21:52:21.125 [raft-server-raft-partition-3] TRACE i.a.p.raft.roles.FollowerRole - RaftServer{raft-partition-3}{role=FOLLOWER} - Sending AppendResponse{status=OK, term=3, succeeded=true, lastLogIndex=1}
21:52:21.125 [raft-server-raft-partition-3] TRACE i.a.p.raft.roles.FollowerRole - RaftServer{raft-partition-3}{role=FOLLOWER} - Sending AppendResponse{status=OK, term=3, succeeded=true, lastLogIndex=1}
21:52:21.125 [raft-server-raft-partition-3] TRACE i.a.p.raft.roles.LeaderAppender - RaftServer{raft-partition-3} - Received AppendResponse{status=OK, term=3, succeeded=true, lastLogIndex=1} from 2
21:52:21.125 [raft-server-raft-partition-3] TRACE i.a.p.raft.roles.LeaderAppender - RaftServer{raft-partition-3} - Sending AppendRequest{term=3, leader=1, prevLogIndex=1, prevLogTerm=2, entries=0, commitIndex=1} to 2
21:52:21.126 [raft-server-raft-partition-3] TRACE i.a.p.raft.roles.LeaderAppender - RaftServer{raft-partition-3} - Received AppendResponse{status=OK, term=3, succeeded=true, lastLogIndex=1} from 3
21:52:21.126 [raft-server-raft-partition-3] TRACE i.a.p.raft.roles.LeaderAppender - RaftServer{raft-partition-3} - Sending AppendRequest{term=3, leader=1, prevLogIndex=1, prevLogTerm=2, entries=0, commitIndex=1} to 3
21:52:21.126 [raft-server-raft-partition-3] TRACE i.a.p.raft.roles.FollowerRole - RaftServer{raft-partition-3}{role=FOLLOWER} - Received AppendRequest{term=3, leader=1, prevLogIndex=1, prevLogTerm=2, entries=0, commitIndex=1}
21:52:21.126 [raft-server-raft-partition-3] TRACE i.a.p.raft.roles.FollowerRole - RaftServer{raft-partition-3}{role=FOLLOWER} - Received AppendRequest{term=3, leader=1, prevLogIndex=1, prevLogTerm=2, entries=0, commitIndex=1}
21:52:21.126 [raft-server-raft-partition-3] TRACE i.a.p.raft.roles.FollowerRole - RaftServer{raft-partition-3}{role=FOLLOWER} - Sending AppendResponse{status=OK, term=3, succeeded=true, lastLogIndex=1}
21:52:21.126 [raft-server-raft-partition-3] TRACE i.a.p.raft.roles.FollowerRole - RaftServer{raft-partition-3}{role=FOLLOWER} - Sending AppendResponse{status=OK, term=3, succeeded=true, lastLogIndex=1}
21:52:21.126 [raft-server-raft-partition-3] TRACE i.a.p.raft.roles.LeaderAppender - RaftServer{raft-partition-3} - Received AppendResponse{status=OK, term=3, succeeded=true, lastLogIndex=1} from 2
21:52:21.126 [raft-server-raft-partition-3] TRACE i.a.p.raft.roles.LeaderAppender - RaftServer{raft-partition-3} - Sending AppendRequest{term=3, leader=1, prevLogIndex=1, prevLogTerm=2, entries=0, commitIndex=1} to 2
21:52:21.126 [raft-server-raft-partition-3] TRACE i.a.p.raft.roles.LeaderAppender - RaftServer{raft-partition-3} - Received AppendResponse{status=OK, term=3, succeeded=true, lastLogIndex=1} from 3
21:52:21.126 [raft-server-raft-partition-3] TRACE i.a.p.raft.roles.FollowerRole - RaftServer{raft-partition-3}{role=FOLLOWER} - Received AppendRequest{term=3, leader=1, prevLogIndex=1, prevLogTerm=2, entries=0, commitIndex=1}
21:52:21.126 [raft-server-raft-partition-3] TRACE i.a.p.raft.roles.FollowerRole - RaftServer{raft-partition-3}{role=FOLLOWER} - Sending AppendResponse{status=OK, term=3, succeeded=true, lastLogIndex=1}
21:52:21.126 [raft-server-raft-partition-3] TRACE i.a.p.raft.roles.LeaderAppender - RaftServer{raft-partition-3} - Received AppendResponse{status=OK, term=3, succeeded=true, lastLogIndex=1} from 2
21:52:21.134 [raft-server-raft-partition-1] TRACE i.a.p.raft.roles.LeaderAppender - RaftServer{raft-partition-1} - Sending AppendRequest{term=1, leader=2, prevLogIndex=1, prevLogTerm=1, entries=0, commitIndex=1} to 3
21:52:21.135 [raft-server-raft-partition-1] TRACE i.a.p.raft.roles.FollowerRole - RaftServer{raft-partition-1}{role=FOLLOWER} - Received AppendRequest{term=1, leader=2, prevLogIndex=1, prevLogTerm=1, entries=0, commitIndex=1}
21:52:21.135 [raft-server-raft-partition-1] TRACE i.a.p.raft.roles.FollowerRole - RaftServer{raft-partition-1}{role=FOLLOWER} - Sending AppendResponse{status=OK, term=1, succeeded=true, lastLogIndex=1}
21:52:21.135 [raft-server-raft-partition-1] TRACE i.a.p.raft.roles.LeaderAppender - RaftServer{raft-partition-1} - Received AppendResponse{status=OK, term=1, succeeded=true, lastLogIndex=1} from 3
21:52:21.135 [raft-server-raft-partition-1] TRACE i.a.p.raft.roles.LeaderAppender - RaftServer{raft-partition-1} - Sending AppendRequest{term=1, leader=2, prevLogIndex=1, prevLogTerm=1, entries=0, commitIndex=1} to 3
21:52:21.135 [raft-server-raft-partition-1] TRACE i.a.p.raft.roles.FollowerRole - RaftServer{raft-partition-1}{role=FOLLOWER} - Received AppendRequest{term=1, leader=2, prevLogIndex=1, prevLogTerm=1, entries=0, commitIndex=1}
21:52:21.135 [raft-server-raft-partition-1] TRACE i.a.p.raft.roles.FollowerRole - RaftServer{raft-partition-1}{role=FOLLOWER} - Sending AppendResponse{status=OK, term=1, succeeded=true, lastLogIndex=1}
21:52:21.136 [raft-server-raft-partition-1] TRACE i.a.p.raft.roles.LeaderAppender - RaftServer{raft-partition-1} - Received AppendResponse{status=OK, term=1, succeeded=true, lastLogIndex=1} from 3
21:52:21.167 [raft-server-system-partition-1] TRACE i.a.p.raft.roles.LeaderAppender - RaftServer{system-partition-1} - Sending AppendRequest{term=1, leader=1, prevLogIndex=16, prevLogTerm=1, entries=0, commitIndex=16} to 2
21:52:21.167 [raft-server-system-partition-1] TRACE i.a.p.raft.roles.LeaderAppender - RaftServer{system-partition-1} - Sending AppendRequest{term=1, leader=1, prevLogIndex=16, prevLogTerm=1, entries=0, commitIndex=16} to 3
21:52:21.167 [raft-server-system-partition-1] TRACE i.a.p.raft.roles.FollowerRole - RaftServer{system-partition-1}{role=FOLLOWER} - Received AppendRequest{term=1, leader=1, prevLogIndex=16, prevLogTerm=1, entries=0, commitIndex=16}
21:52:21.167 [raft-server-system-partition-1] TRACE i.a.p.raft.roles.FollowerRole - RaftServer{system-partition-1}{role=FOLLOWER} - Received AppendRequest{term=1, leader=1, prevLogIndex=16, prevLogTerm=1, entries=0, commitIndex=16}
21:52:21.167 [raft-server-system-partition-1] TRACE i.a.p.raft.roles.FollowerRole - RaftServer{system-partition-1}{role=FOLLOWER} - Sending AppendResponse{status=OK, term=1, succeeded=true, lastLogIndex=16}
21:52:21.168 [raft-server-system-partition-1] TRACE i.a.p.raft.roles.FollowerRole - RaftServer{system-partition-1}{role=FOLLOWER} - Sending AppendResponse{status=OK, term=1, succeeded=true, lastLogIndex=16}
21:52:21.168 [raft-server-system-partition-1] TRACE i.a.p.raft.roles.LeaderAppender - RaftServer{system-partition-1} - Received AppendResponse{status=OK, term=1, succeeded=true, lastLogIndex=16} from 3
21:52:21.168 [raft-server-system-partition-1] TRACE i.a.p.raft.roles.LeaderAppender - RaftServer{system-partition-1} - Sending AppendRequest{term=1, leader=1, prevLogIndex=16, prevLogTerm=1, entries=0, commitIndex=16} to 3
21:52:21.168 [raft-server-system-partition-1] TRACE i.a.p.raft.roles.LeaderAppender - RaftServer{system-partition-1} - Received AppendResponse{status=OK, term=1, succeeded=true, lastLogIndex=16} from 2
21:52:21.168 [raft-server-system-partition-1] TRACE i.a.p.raft.roles.LeaderAppender - RaftServer{system-partition-1} - Sending AppendRequest{term=1, leader=1, prevLogIndex=16, prevLogTerm=1, entries=0, commitIndex=16} to 2
21:52:21.168 [raft-server-system-partition-1] TRACE i.a.p.raft.roles.FollowerRole - RaftServer{system-partition-1}{role=FOLLOWER} - Received AppendRequest{term=1, leader=1, prevLogIndex=16, prevLogTerm=1, entries=0, commitIndex=16}
21:52:21.168 [raft-server-system-partition-1] TRACE i.a.p.raft.roles.FollowerRole - RaftServer{system-partition-1}{role=FOLLOWER} - Sending AppendResponse{status=OK, term=1, succeeded=true, lastLogIndex=16}
21:52:21.168 [raft-server-system-partition-1] TRACE i.a.p.raft.roles.FollowerRole - RaftServer{system-partition-1}{role=FOLLOWER} - Received AppendRequest{term=1, leader=1, prevLogIndex=16, prevLogTerm=1, entries=0, commitIndex=16}
21:52:21.168 [raft-server-system-partition-1] TRACE i.a.p.raft.roles.FollowerRole - RaftServer{system-partition-1}{role=FOLLOWER} - Sending AppendResponse{status=OK, term=1, succeeded=true, lastLogIndex=16}
21:52:21.168 [raft-server-system-partition-1] TRACE i.a.p.raft.roles.LeaderAppender - RaftServer{system-partition-1} - Received AppendResponse{status=OK, term=1, succeeded=true, lastLogIndex=16} from 3
21:52:21.168 [raft-server-system-partition-1] TRACE i.a.p.raft.roles.LeaderAppender - RaftServer{system-partition-1} - Received AppendResponse{status=OK, term=1, succeeded=true, lastLogIndex=16} from 2
21:52:21.209 [raft-server-raft-partition-5] TRACE i.a.p.raft.roles.LeaderAppender - RaftServer{raft-partition-5} - Sending AppendRequest{term=1, leader=3, prevLogIndex=1, prevLogTerm=1, entries=0, commitIndex=1} to 1
21:52:21.209 [raft-server-raft-partition-5] TRACE i.a.p.raft.roles.LeaderAppender - RaftServer{raft-partition-5} - Sending AppendRequest{term=1, leader=3, prevLogIndex=1, prevLogTerm=1, entries=0, commitIndex=1} to 2
21:52:21.209 [raft-server-raft-partition-7] TRACE i.a.p.raft.roles.LeaderAppender - RaftServer{raft-partition-7} - Sending AppendRequest{term=1, leader=2, prevLogIndex=1, prevLogTerm=1, entries=0, commitIndex=1} to 1
21:52:21.209 [raft-server-raft-partition-5] TRACE i.a.p.raft.roles.FollowerRole - RaftServer{raft-partition-5}{role=FOLLOWER} - Received AppendRequest{term=1, leader=3, prevLogIndex=1, prevLogTerm=1, entries=0, commitIndex=1}
21:52:21.209 [raft-server-raft-partition-5] TRACE i.a.p.raft.roles.FollowerRole - RaftServer{raft-partition-5}{role=FOLLOWER} - Received AppendRequest{term=1, leader=3, prevLogIndex=1, prevLogTerm=1, entries=0, commitIndex=1}
21:52:21.209 [raft-server-raft-partition-7] TRACE i.a.p.raft.roles.LeaderAppender - RaftServer{raft-partition-7} - Sending AppendRequest{term=1, leader=2, prevLogIndex=1, prevLogTerm=1, entries=0, commitIndex=1} to 3
21:52:21.209 [raft-server-raft-partition-5] TRACE i.a.p.raft.roles.FollowerRole - RaftServer{raft-partition-5}{role=FOLLOWER} - Sending AppendResponse{status=OK, term=1, succeeded=true, lastLogIndex=1}
21:52:21.209 [raft-server-raft-partition-5] TRACE i.a.p.raft.roles.FollowerRole - RaftServer{raft-partition-5}{role=FOLLOWER} - Sending AppendResponse{status=OK, term=1, succeeded=true, lastLogIndex=1}
21:52:21.209 [raft-server-raft-partition-7] TRACE i.a.p.raft.roles.FollowerRole - RaftServer{raft-partition-7}{role=FOLLOWER} - Received AppendRequest{term=1, leader=2, prevLogIndex=1, prevLogTerm=1, entries=0, commitIndex=1}
21:52:21.210 [raft-server-raft-partition-7] TRACE i.a.p.raft.roles.FollowerRole - RaftServer{raft-partition-7}{role=FOLLOWER} - Sending AppendResponse{status=OK, term=1, succeeded=true, lastLogIndex=1}
21:52:21.210 [raft-server-raft-partition-7] TRACE i.a.p.raft.roles.FollowerRole - RaftServer{raft-partition-7}{role=FOLLOWER} - Received AppendRequest{term=1, leader=2, prevLogIndex=1, prevLogTerm=1, entries=0, commitIndex=1}
21:52:21.210 [raft-server-raft-partition-5] TRACE i.a.p.raft.roles.LeaderAppender - RaftServer{raft-partition-5} - Received AppendResponse{status=OK, term=1, succeeded=true, lastLogIndex=1} from 2
21:52:21.210 [raft-server-raft-partition-7] TRACE i.a.p.raft.roles.FollowerRole - RaftServer{raft-partition-7}{role=FOLLOWER} - Sending AppendResponse{status=OK, term=1, succeeded=true, lastLogIndex=1}
21:52:21.210 [raft-server-raft-partition-5] TRACE i.a.p.raft.roles.LeaderAppender - RaftServer{raft-partition-5} - Sending AppendRequest{term=1, leader=3, prevLogIndex=1, prevLogTerm=1, entries=0, commitIndex=1} to 2
21:52:21.210 [raft-server-raft-partition-7] TRACE i.a.p.raft.roles.LeaderAppender - RaftServer{raft-partition-7} - Received AppendResponse{status=OK, term=1, succeeded=true, lastLogIndex=1} from 1
21:52:21.210 [raft-server-raft-partition-5] TRACE i.a.p.raft.roles.LeaderAppender - RaftServer{raft-partition-5} - Received AppendResponse{status=OK, term=1, succeeded=true, lastLogIndex=1} from 1
21:52:21.210 [raft-server-raft-partition-7] TRACE i.a.p.raft.roles.LeaderAppender - RaftServer{raft-partition-7} - Sending AppendRequest{term=1, leader=2, prevLogIndex=1, prevLogTerm=1, entries=0, commitIndex=1} to 1
21:52:21.210 [raft-server-raft-partition-5] TRACE i.a.p.raft.roles.LeaderAppender - RaftServer{raft-partition-5} - Sending AppendRequest{term=1, leader=3, prevLogIndex=1, prevLogTerm=1, entries=0, commitIndex=1} to 1
21:52:21.210 [raft-server-raft-partition-7] TRACE i.a.p.raft.roles.LeaderAppender - RaftServer{raft-partition-7} - Received AppendResponse{status=OK, term=1, succeeded=true, lastLogIndex=1} from 3
21:52:21.210 [raft-server-raft-partition-7] TRACE i.a.p.raft.roles.LeaderAppender - RaftServer{raft-partition-7} - Sending AppendRequest{term=1, leader=2, prevLogIndex=1, prevLogTerm=1, entries=0, commitIndex=1} to 3
21:52:21.210 [raft-server-raft-partition-7] TRACE i.a.p.raft.roles.FollowerRole - RaftServer{raft-partition-7}{role=FOLLOWER} - Received AppendRequest{term=1, leader=2, prevLogIndex=1, prevLogTerm=1, entries=0, commitIndex=1}
21:52:21.210 [raft-server-raft-partition-7] TRACE i.a.p.raft.roles.FollowerRole - RaftServer{raft-partition-7}{role=FOLLOWER} - Sending AppendResponse{status=OK, term=1, succeeded=true, lastLogIndex=1}
21:52:21.210 [raft-server-raft-partition-5] TRACE i.a.p.raft.roles.FollowerRole - RaftServer{raft-partition-5}{role=FOLLOWER} - Received AppendRequest{term=1, leader=3, prevLogIndex=1, prevLogTerm=1, entries=0, commitIndex=1}
21:52:21.210 [raft-server-raft-partition-5] TRACE i.a.p.raft.roles.FollowerRole - RaftServer{raft-partition-5}{role=FOLLOWER} - Received AppendRequest{term=1, leader=3, prevLogIndex=1, prevLogTerm=1, entries=0, commitIndex=1}
21:52:21.210 [raft-server-raft-partition-7] TRACE i.a.p.raft.roles.FollowerRole - RaftServer{raft-partition-7}{role=FOLLOWER} - Received AppendRequest{term=1, leader=2, prevLogIndex=1, prevLogTerm=1, entries=0, commitIndex=1}
21:52:21.210 [raft-server-raft-partition-5] TRACE i.a.p.raft.roles.FollowerRole - RaftServer{raft-partition-5}{role=FOLLOWER} - Sending AppendResponse{status=OK, term=1, succeeded=true, lastLogIndex=1}
21:52:21.210 [raft-server-raft-partition-5] TRACE i.a.p.raft.roles.FollowerRole - RaftServer{raft-partition-5}{role=FOLLOWER} - Sending AppendResponse{status=OK, term=1, succeeded=true, lastLogIndex=1}
21:52:21.210 [raft-server-raft-partition-7] TRACE i.a.p.raft.roles.LeaderAppender - RaftServer{raft-partition-7} - Received AppendResponse{status=OK, term=1, succeeded=true, lastLogIndex=1} from 1
21:52:21.210 [raft-server-raft-partition-7] TRACE i.a.p.raft.roles.FollowerRole - RaftServer{raft-partition-7}{role=FOLLOWER} - Sending AppendResponse{status=OK, term=1, succeeded=true, lastLogIndex=1}
21:52:21.211 [raft-server-raft-partition-5] TRACE i.a.p.raft.roles.LeaderAppender - RaftServer{raft-partition-5} - Received AppendResponse{status=OK, term=1, succeeded=true, lastLogIndex=1} from 1
21:52:21.211 [raft-server-raft-partition-5] TRACE i.a.p.raft.roles.LeaderAppender - RaftServer{raft-partition-5} - Received AppendResponse{status=OK, term=1, succeeded=true, lastLogIndex=1} from 2
21:52:21.211 [raft-server-raft-partition-7] TRACE i.a.p.raft.roles.LeaderAppender - RaftServer{raft-partition-7} - Received AppendResponse{status=OK, term=1, succeeded=true, lastLogIndex=1} from 3
21:52:21.243 [raft-server-raft-partition-4] TRACE i.a.p.raft.roles.LeaderAppender - RaftServer{raft-partition-4} - Sending AppendRequest{term=1, leader=1, prevLogIndex=1, prevLogTerm=1, entries=0, commitIndex=1} to 2
21:52:21.243 [raft-server-raft-partition-4] TRACE i.a.p.raft.roles.LeaderAppender - RaftServer{raft-partition-4} - Sending AppendRequest{term=1, leader=1, prevLogIndex=1, prevLogTerm=1, entries=0, commitIndex=1} to 3
21:52:21.243 [raft-server-raft-partition-4] TRACE i.a.p.raft.roles.FollowerRole - RaftServer{raft-partition-4}{role=FOLLOWER} - Received AppendRequest{term=1, leader=1, prevLogIndex=1, prevLogTerm=1, entries=0, commitIndex=1}
21:52:21.243 [raft-server-raft-partition-4] TRACE i.a.p.raft.roles.FollowerRole - RaftServer{raft-partition-4}{role=FOLLOWER} - Received AppendRequest{term=1, leader=1, prevLogIndex=1, prevLogTerm=1, entries=0, commitIndex=1}
21:52:21.243 [raft-server-raft-partition-4] TRACE i.a.p.raft.roles.FollowerRole - RaftServer{raft-partition-4}{role=FOLLOWER} - Sending AppendResponse{status=OK, term=1, succeeded=true, lastLogIndex=1}
21:52:21.243 [raft-server-raft-partition-4] TRACE i.a.p.raft.roles.FollowerRole - RaftServer{raft-partition-4}{role=FOLLOWER} - Sending AppendResponse{status=OK, term=1, succeeded=true, lastLogIndex=1}
21:52:21.244 [raft-server-raft-partition-4] TRACE i.a.p.raft.roles.LeaderAppender - RaftServer{raft-partition-4} - Received AppendResponse{status=OK, term=1, succeeded=true, lastLogIndex=1} from 2
21:52:21.244 [raft-server-raft-partition-4] TRACE i.a.p.raft.roles.LeaderAppender - RaftServer{raft-partition-4} - Sending AppendRequest{term=1, leader=1, prevLogIndex=1, prevLogTerm=1, entries=0, commitIndex=1} to 2
21:52:21.244 [raft-server-raft-partition-4] TRACE i.a.p.raft.roles.LeaderAppender - RaftServer{raft-partition-4} - Received AppendResponse{status=OK, term=1, succeeded=true, lastLogIndex=1} from 3
21:52:21.244 [raft-server-raft-partition-4] TRACE i.a.p.raft.roles.LeaderAppender - RaftServer{raft-partition-4} - Sending AppendRequest{term=1, leader=1, prevLogIndex=1, prevLogTerm=1, entries=0, commitIndex=1} to 3
21:52:21.244 [raft-server-raft-partition-4] TRACE i.a.p.raft.roles.FollowerRole - RaftServer{raft-partition-4}{role=FOLLOWER} - Received AppendRequest{term=1, leader=1, prevLogIndex=1, prevLogTerm=1, entries=0, commitIndex=1}
21:52:21.244 [raft-server-raft-partition-4] TRACE i.a.p.raft.roles.FollowerRole - RaftServer{raft-partition-4}{role=FOLLOWER} - Sending AppendResponse{status=OK, term=1, succeeded=true, lastLogIndex=1}
21:52:21.244 [raft-server-raft-partition-4] TRACE i.a.p.raft.roles.FollowerRole - RaftServer{raft-partition-4}{role=FOLLOWER} - Received AppendRequest{term=1, leader=1, prevLogIndex=1, prevLogTerm=1, entries=0, commitIndex=1}
21:52:21.244 [raft-server-raft-partition-4] TRACE i.a.p.raft.roles.FollowerRole - RaftServer{raft-partition-4}{role=FOLLOWER} - Sending AppendResponse{status=OK, term=1, succeeded=true, lastLogIndex=1}
21:52:21.244 [raft-server-raft-partition-4] TRACE i.a.p.raft.roles.LeaderAppender - RaftServer{raft-partition-4} - Received AppendResponse{status=OK, term=1, succeeded=true, lastLogIndex=1} from 2
21:52:21.244 [raft-server-raft-partition-4] TRACE i.a.p.raft.roles.LeaderAppender - RaftServer{raft-partition-4} - Received AppendResponse{status=OK, term=1, succeeded=true, lastLogIndex=1} from 3
21:52:21.317 [raft-server-raft-partition-2] TRACE i.a.p.raft.roles.LeaderAppender - RaftServer{raft-partition-2} - Sending AppendRequest{term=1, leader=1, prevLogIndex=1, prevLogTerm=1, entries=0, commitIndex=1} to 2
21:52:21.318 [raft-server-raft-partition-2] TRACE i.a.p.raft.roles.LeaderAppender - RaftServer{raft-partition-2} - Sending AppendRequest{term=1, leader=1, prevLogIndex=1, prevLogTerm=1, entries=0, commitIndex=1} to 3
21:52:21.318 [raft-server-raft-partition-2] TRACE i.a.p.raft.roles.FollowerRole - RaftServer{raft-partition-2}{role=FOLLOWER} - Received AppendRequest{term=1, leader=1, prevLogIndex=1, prevLogTerm=1, entries=0, commitIndex=1}
21:52:21.318 [raft-server-raft-partition-2] TRACE i.a.p.raft.roles.FollowerRole - RaftServer{raft-partition-2}{role=FOLLOWER} - Received AppendRequest{term=1, leader=1, prevLogIndex=1, prevLogTerm=1, entries=0, commitIndex=1}
21:52:21.318 [raft-server-raft-partition-2] TRACE i.a.p.raft.roles.FollowerRole - RaftServer{raft-partition-2}{role=FOLLOWER} - Sending AppendResponse{status=OK, term=1, succeeded=true, lastLogIndex=1}
21:52:21.318 [raft-server-raft-partition-2] TRACE i.a.p.raft.roles.FollowerRole - RaftServer{raft-partition-2}{role=FOLLOWER} - Sending AppendResponse{status=OK, term=1, succeeded=true, lastLogIndex=1}
21:52:21.318 [raft-server-raft-partition-2] TRACE i.a.p.raft.roles.LeaderAppender - RaftServer{raft-partition-2} - Received AppendResponse{status=OK, term=1, succeeded=true, lastLogIndex=1} from 2
21:52:21.318 [raft-server-raft-partition-2] TRACE i.a.p.raft.roles.LeaderAppender - RaftServer{raft-partition-2} - Sending AppendRequest{term=1, leader=1, prevLogIndex=1, prevLogTerm=1, entries=0, commitIndex=1} to 2
21:52:21.318 [raft-server-raft-partition-2] TRACE i.a.p.raft.roles.LeaderAppender - RaftServer{raft-partition-2} - Received AppendResponse{status=OK, term=1, succeeded=true, lastLogIndex=1} from 3
21:52:21.319 [raft-server-raft-partition-2] TRACE i.a.p.raft.roles.FollowerRole - RaftServer{raft-partition-2}{role=FOLLOWER} - Received AppendRequest{term=1, leader=1, prevLogIndex=1, prevLogTerm=1, entries=0, commitIndex=1}
21:52:21.319 [raft-server-raft-partition-2] TRACE i.a.p.raft.roles.FollowerRole - RaftServer{raft-partition-2}{role=FOLLOWER} - Sending AppendResponse{status=OK, term=1, succeeded=true, lastLogIndex=1}
21:52:21.319 [raft-server-raft-partition-2] TRACE i.a.p.raft.roles.LeaderAppender - RaftServer{raft-partition-2} - Received AppendResponse{status=OK, term=1, succeeded=true, lastLogIndex=1} from 2
21:52:21.326 [raft-server-raft-partition-6] TRACE i.a.p.raft.roles.LeaderAppender - RaftServer{raft-partition-6} - Sending AppendRequest{term=1, leader=1, prevLogIndex=1, prevLogTerm=1, entries=0, commitIndex=1} to 2
21:52:21.326 [raft-server-raft-partition-6] TRACE i.a.p.raft.roles.LeaderAppender - RaftServer{raft-partition-6} - Sending AppendRequest{term=1, leader=1, prevLogIndex=1, prevLogTerm=1, entries=0, commitIndex=1} to 3
21:52:21.326 [raft-server-raft-partition-6] TRACE i.a.p.raft.roles.FollowerRole - RaftServer{raft-partition-6}{role=FOLLOWER} - Received AppendRequest{term=1, leader=1, prevLogIndex=1, prevLogTerm=1, entries=0, commitIndex=1}
21:52:21.326 [raft-server-raft-partition-6] TRACE i.a.p.raft.roles.FollowerRole - RaftServer{raft-partition-6}{role=FOLLOWER} - Received AppendRequest{term=1, leader=1, prevLogIndex=1, prevLogTerm=1, entries=0, commitIndex=1}
21:52:21.326 [raft-server-raft-partition-6] TRACE i.a.p.raft.roles.FollowerRole - RaftServer{raft-partition-6}{role=FOLLOWER} - Sending AppendResponse{status=OK, term=1, succeeded=true, lastLogIndex=1}
21:52:21.326 [raft-server-raft-partition-6] TRACE i.a.p.raft.roles.FollowerRole - RaftServer{raft-partition-6}{role=FOLLOWER} - Sending AppendResponse{status=OK, term=1, succeeded=true, lastLogIndex=1}
21:52:21.326 [raft-server-raft-partition-6] TRACE i.a.p.raft.roles.LeaderAppender - RaftServer{raft-partition-6} - Received AppendResponse{status=OK, term=1, succeeded=true, lastLogIndex=1} from 2
21:52:21.326 [raft-server-raft-partition-6] TRACE i.a.p.raft.roles.LeaderAppender - RaftServer{raft-partition-6} - Sending AppendRequest{term=1, leader=1, prevLogIndex=1, prevLogTerm=1, entries=0, commitIndex=1} to 2
21:52:21.326 [raft-server-raft-partition-6] TRACE i.a.p.raft.roles.LeaderAppender - RaftServer{raft-partition-6} - Received AppendResponse{status=OK, term=1, succeeded=true, lastLogIndex=1} from 3
21:52:21.326 [raft-server-raft-partition-6] TRACE i.a.p.raft.roles.LeaderAppender - RaftServer{raft-partition-6} - Sending AppendRequest{term=1, leader=1, prevLogIndex=1, prevLogTerm=1, entries=0, commitIndex=1} to 3
21:52:21.327 [raft-server-raft-partition-6] TRACE i.a.p.raft.roles.FollowerRole - RaftServer{raft-partition-6}{role=FOLLOWER} - Received AppendRequest{term=1, leader=1, prevLogIndex=1, prevLogTerm=1, entries=0, commitIndex=1}
21:52:21.327 [raft-server-raft-partition-6] TRACE i.a.p.raft.roles.FollowerRole - RaftServer{raft-partition-6}{role=FOLLOWER} - Received AppendRequest{term=1, leader=1, prevLogIndex=1, prevLogTerm=1, entries=0, commitIndex=1}
21:52:21.327 [raft-server-raft-partition-6] TRACE i.a.p.raft.roles.FollowerRole - RaftServer{raft-partition-6}{role=FOLLOWER} - Sending AppendResponse{status=OK, term=1, succeeded=true, lastLogIndex=1}
21:52:21.327 [raft-server-raft-partition-6] TRACE i.a.p.raft.roles.FollowerRole - RaftServer{raft-partition-6}{role=FOLLOWER} - Sending AppendResponse{status=OK, term=1, succeeded=true, lastLogIndex=1}
21:52:21.327 [raft-server-raft-partition-6] TRACE i.a.p.raft.roles.LeaderAppender - RaftServer{raft-partition-6} - Received AppendResponse{status=OK, term=1, succeeded=true, lastLogIndex=1} from 3
21:52:21.327 [raft-server-raft-partition-6] TRACE i.a.p.raft.roles.LeaderAppender - RaftServer{raft-partition-6} - Sending AppendRequest{term=1, leader=1, prevLogIndex=1, prevLogTerm=1, entries=0, commitIndex=1} to 3
21:52:21.327 [raft-server-raft-partition-6] TRACE i.a.p.raft.roles.LeaderAppender - RaftServer{raft-partition-6} - Received AppendResponse{status=OK, term=1, succeeded=true, lastLogIndex=1} from 2
21:52:21.327 [raft-server-raft-partition-6] TRACE i.a.p.raft.roles.LeaderAppender - RaftServer{raft-partition-6} - Sending AppendRequest{term=1, leader=1, prevLogIndex=1, prevLogTerm=1, entries=0, commitIndex=1} to 2
21:52:21.327 [raft-server-raft-partition-6] TRACE i.a.p.raft.roles.FollowerRole - RaftServer{raft-partition-6}{role=FOLLOWER} - Received AppendRequest{term=1, leader=1, prevLogIndex=1, prevLogTerm=1, entries=0, commitIndex=1}
21:52:21.327 [raft-server-raft-partition-6] TRACE i.a.p.raft.roles.FollowerRole - RaftServer{raft-partition-6}{role=FOLLOWER} - Sending AppendResponse{status=OK, term=1, succeeded=true, lastLogIndex=1}
21:52:21.327 [raft-server-raft-partition-6] TRACE i.a.p.raft.roles.FollowerRole - RaftServer{raft-partition-6}{role=FOLLOWER} - Received AppendRequest{term=1, leader=1, prevLogIndex=1, prevLogTerm=1, entries=0, commitIndex=1}
21:52:21.327 [raft-server-raft-partition-6] TRACE i.a.p.raft.roles.FollowerRole - RaftServer{raft-partition-6}{role=FOLLOWER} - Sending AppendResponse{status=OK, term=1, succeeded=true, lastLogIndex=1}
21:52:21.327 [raft-server-raft-partition-6] TRACE i.a.p.raft.roles.LeaderAppender - RaftServer{raft-partition-6} - Received AppendResponse{status=OK, term=1, succeeded=true, lastLogIndex=1} from 3
21:52:21.328 [raft-server-raft-partition-6] TRACE i.a.p.raft.roles.LeaderAppender - RaftServer{raft-partition-6} - Received AppendResponse{status=OK, term=1, succeeded=true, lastLogIndex=1} from 2
21:52:21.375 [raft-server-raft-partition-3] TRACE i.a.p.raft.roles.LeaderAppender - RaftServer{raft-partition-3} - Sending AppendRequest{term=3, leader=1, prevLogIndex=1, prevLogTerm=2, entries=0, commitIndex=1} to 2
21:52:21.375 [raft-server-raft-partition-3] TRACE i.a.p.raft.roles.LeaderAppender - RaftServer{raft-partition-3} - Sending AppendRequest{term=3, leader=1, prevLogIndex=1, prevLogTerm=2, entries=0, commitIndex=1} to 3
21:52:21.375 [raft-server-raft-partition-3] TRACE i.a.p.raft.roles.FollowerRole - RaftServer{raft-partition-3}{role=FOLLOWER} - Received AppendRequest{term=3, leader=1, prevLogIndex=1, prevLogTerm=2, entries=0, commitIndex=1}
21:52:21.375 [raft-server-raft-partition-3] TRACE i.a.p.raft.roles.FollowerRole - RaftServer{raft-partition-3}{role=FOLLOWER} - Received AppendRequest{term=3, leader=1, prevLogIndex=1, prevLogTerm=2, entries=0, commitIndex=1}
21:52:21.375 [raft-server-raft-partition-3] TRACE i.a.p.raft.roles.FollowerRole - RaftServer{raft-partition-3}{role=FOLLOWER} - Sending AppendResponse{status=OK, term=3, succeeded=true, lastLogIndex=1}
21:52:21.375 [raft-server-raft-partition-3] TRACE i.a.p.raft.roles.FollowerRole - RaftServer{raft-partition-3}{role=FOLLOWER} - Sending AppendResponse{status=OK, term=3, succeeded=true, lastLogIndex=1}
21:52:21.375 [raft-server-raft-partition-3] TRACE i.a.p.raft.roles.LeaderAppender - RaftServer{raft-partition-3} - Received AppendResponse{status=OK, term=3, succeeded=true, lastLogIndex=1} from 2
21:52:21.375 [raft-server-raft-partition-3] TRACE i.a.p.raft.roles.LeaderAppender - RaftServer{raft-partition-3} - Sending AppendRequest{term=3, leader=1, prevLogIndex=1, prevLogTerm=2, entries=0, commitIndex=1} to 2
21:52:21.375 [raft-server-raft-partition-3] TRACE i.a.p.raft.roles.LeaderAppender - RaftServer{raft-partition-3} - Received AppendResponse{status=OK, term=3, succeeded=true, lastLogIndex=1} from 3
21:52:21.375 [raft-server-raft-partition-3] TRACE i.a.p.raft.roles.LeaderAppender - RaftServer{raft-partition-3} - Sending AppendRequest{term=3, leader=1, prevLogIndex=1, prevLogTerm=2, entries=0, commitIndex=1} to 3
21:52:21.376 [raft-server-raft-partition-3] TRACE i.a.p.raft.roles.FollowerRole - RaftServer{raft-partition-3}{role=FOLLOWER} - Received AppendRequest{term=3, leader=1, prevLogIndex=1, prevLogTerm=2, entries=0, commitIndex=1}
21:52:21.376 [raft-server-raft-partition-3] TRACE i.a.p.raft.roles.FollowerRole - RaftServer{raft-partition-3}{role=FOLLOWER} - Sending AppendResponse{status=OK, term=3, succeeded=true, lastLogIndex=1}
21:52:21.376 [raft-server-raft-partition-3] TRACE i.a.p.raft.roles.FollowerRole - RaftServer{raft-partition-3}{role=FOLLOWER} - Received AppendRequest{term=3, leader=1, prevLogIndex=1, prevLogTerm=2, entries=0, commitIndex=1}
21:52:21.376 [raft-server-raft-partition-3] TRACE i.a.p.raft.roles.FollowerRole - RaftServer{raft-partition-3}{role=FOLLOWER} - Sending AppendResponse{status=OK, term=3, succeeded=true, lastLogIndex=1}
21:52:21.376 [raft-server-raft-partition-3] TRACE i.a.p.raft.roles.LeaderAppender - RaftServer{raft-partition-3} - Received AppendResponse{status=OK, term=3, succeeded=true, lastLogIndex=1} from 2
21:52:21.376 [raft-server-raft-partition-3] TRACE i.a.p.raft.roles.LeaderAppender - RaftServer{raft-partition-3} - Sending AppendRequest{term=3, leader=1, prevLogIndex=1, prevLogTerm=2, entries=0, commitIndex=1} to 2
21:52:21.376 [raft-server-raft-partition-3] TRACE i.a.p.raft.roles.LeaderAppender - RaftServer{raft-partition-3} - Received AppendResponse{status=OK, term=3, succeeded=true, lastLogIndex=1} from 3
21:52:21.376 [raft-server-raft-partition-3] TRACE i.a.p.raft.roles.LeaderAppender - RaftServer{raft-partition-3} - Sending AppendRequest{term=3, leader=1, prevLogIndex=1, prevLogTerm=2, entries=0, commitIndex=1} to 3
21:52:21.376 [raft-server-raft-partition-3] TRACE i.a.p.raft.roles.FollowerRole - RaftServer{raft-partition-3}{role=FOLLOWER} - Received AppendRequest{term=3, leader=1, prevLogIndex=1, prevLogTerm=2, entries=0, commitIndex=1}
21:52:21.376 [raft-server-raft-partition-3] TRACE i.a.p.raft.roles.FollowerRole - RaftServer{raft-partition-3}{role=FOLLOWER} - Sending AppendResponse{status=OK, term=3, succeeded=true, lastLogIndex=1}
21:52:21.376 [raft-server-raft-partition-3] TRACE i.a.p.raft.roles.FollowerRole - RaftServer{raft-partition-3}{role=FOLLOWER} - Received AppendRequest{term=3, leader=1, prevLogIndex=1, prevLogTerm=2, entries=0, commitIndex=1}
21:52:21.376 [raft-server-raft-partition-3] TRACE i.a.p.raft.roles.FollowerRole - RaftServer{raft-partition-3}{role=FOLLOWER} - Sending AppendResponse{status=OK, term=3, succeeded=true, lastLogIndex=1}
21:52:21.376 [raft-server-raft-partition-3] TRACE i.a.p.raft.roles.LeaderAppender - RaftServer{raft-partition-3} - Received AppendResponse{status=OK, term=3, succeeded=true, lastLogIndex=1} from 2
21:52:21.376 [raft-server-raft-partition-3] TRACE i.a.p.raft.roles.LeaderAppender - RaftServer{raft-partition-3} - Received AppendResponse{status=OK, term=3, succeeded=true, lastLogIndex=1} from 3
21:52:21.384 [raft-server-raft-partition-1] TRACE i.a.p.raft.roles.LeaderAppender - RaftServer{raft-partition-1} - Sending AppendRequest{term=1, leader=2, prevLogIndex=1, prevLogTerm=1, entries=0, commitIndex=1} to 3
21:52:21.385 [raft-server-raft-partition-1] TRACE i.a.p.raft.roles.FollowerRole - RaftServer{raft-partition-1}{role=FOLLOWER} - Received AppendRequest{term=1, leader=2, prevLogIndex=1, prevLogTerm=1, entries=0, commitIndex=1}
21:52:21.385 [raft-server-raft-partition-1] TRACE i.a.p.raft.roles.FollowerRole - RaftServer{raft-partition-1}{role=FOLLOWER} - Sending AppendResponse{status=OK, term=1, succeeded=true, lastLogIndex=1}
21:52:21.385 [raft-server-raft-partition-1] TRACE i.a.p.raft.roles.LeaderAppender - RaftServer{raft-partition-1} - Received AppendResponse{status=OK, term=1, succeeded=true, lastLogIndex=1} from 3
21:52:21.385 [raft-server-raft-partition-1] TRACE i.a.p.raft.roles.LeaderAppender - RaftServer{raft-partition-1} - Sending AppendRequest{term=1, leader=2, prevLogIndex=1, prevLogTerm=1, entries=0, commitIndex=1} to 3
21:52:21.385 [raft-server-raft-partition-1] TRACE i.a.p.raft.roles.FollowerRole - RaftServer{raft-partition-1}{role=FOLLOWER} - Received AppendRequest{term=1, leader=2, prevLogIndex=1, prevLogTerm=1, entries=0, commitIndex=1}
21:52:21.385 [raft-server-raft-partition-1] TRACE i.a.p.raft.roles.FollowerRole - RaftServer{raft-partition-1}{role=FOLLOWER} - Sending AppendResponse{status=OK, term=1, succeeded=true, lastLogIndex=1}
21:52:21.386 [raft-server-raft-partition-1] TRACE i.a.p.raft.roles.LeaderAppender - RaftServer{raft-partition-1} - Received AppendResponse{status=OK, term=1, succeeded=true, lastLogIndex=1} from 3
21:52:21.417 [raft-server-system-partition-1] TRACE i.a.p.raft.roles.LeaderAppender - RaftServer{system-partition-1} - Sending AppendRequest{term=1, leader=1, prevLogIndex=16, prevLogTerm=1, entries=0, commitIndex=16} to 2
21:52:21.417 [raft-server-system-partition-1] TRACE i.a.p.raft.roles.LeaderAppender - RaftServer{system-partition-1} - Sending AppendRequest{term=1, leader=1, prevLogIndex=16, prevLogTerm=1, entries=0, commitIndex=16} to 3
21:52:21.417 [raft-server-system-partition-1] TRACE i.a.p.raft.roles.FollowerRole - RaftServer{system-partition-1}{role=FOLLOWER} - Received AppendRequest{term=1, leader=1, prevLogIndex=16, prevLogTerm=1, entries=0, commitIndex=16}
21:52:21.417 [raft-server-system-partition-1] TRACE i.a.p.raft.roles.FollowerRole - RaftServer{system-partition-1}{role=FOLLOWER} - Sending AppendResponse{status=OK, term=1, succeeded=true, lastLogIndex=16}
21:52:21.418 [raft-server-system-partition-1] TRACE i.a.p.raft.roles.FollowerRole - RaftServer{system-partition-1}{role=FOLLOWER} - Received AppendRequest{term=1, leader=1, prevLogIndex=16, prevLogTerm=1, entries=0, commitIndex=16}
21:52:21.418 [raft-server-system-partition-1] TRACE i.a.p.raft.roles.FollowerRole - RaftServer{system-partition-1}{role=FOLLOWER} - Sending AppendResponse{status=OK, term=1, succeeded=true, lastLogIndex=16}
21:52:21.418 [raft-server-system-partition-1] TRACE i.a.p.raft.roles.LeaderAppender - RaftServer{system-partition-1} - Received AppendResponse{status=OK, term=1, succeeded=true, lastLogIndex=16} from 2
21:52:21.418 [raft-server-system-partition-1] TRACE i.a.p.raft.roles.LeaderAppender - RaftServer{system-partition-1} - Sending AppendRequest{term=1, leader=1, prevLogIndex=16, prevLogTerm=1, entries=0, commitIndex=16} to 2
21:52:21.418 [raft-server-system-partition-1] TRACE i.a.p.raft.roles.LeaderAppender - RaftServer{system-partition-1} - Received AppendResponse{status=OK, term=1, succeeded=true, lastLogIndex=16} from 3
21:52:21.418 [raft-server-system-partition-1] TRACE i.a.p.raft.roles.LeaderAppender - RaftServer{system-partition-1} - Sending AppendRequest{term=1, leader=1, prevLogIndex=16, prevLogTerm=1, entries=0, commitIndex=16} to 3
21:52:21.418 [raft-server-system-partition-1] TRACE i.a.p.raft.roles.FollowerRole - RaftServer{system-partition-1}{role=FOLLOWER} - Received AppendRequest{term=1, leader=1, prevLogIndex=16, prevLogTerm=1, entries=0, commitIndex=16}
21:52:21.418 [raft-server-system-partition-1] TRACE i.a.p.raft.roles.FollowerRole - RaftServer{system-partition-1}{role=FOLLOWER} - Received AppendRequest{term=1, leader=1, prevLogIndex=16, prevLogTerm=1, entries=0, commitIndex=16}
21:52:21.418 [raft-server-system-partition-1] TRACE i.a.p.raft.roles.FollowerRole - RaftServer{system-partition-1}{role=FOLLOWER} - Sending AppendResponse{status=OK, term=1, succeeded=true, lastLogIndex=16}
21:52:21.418 [raft-server-system-partition-1] TRACE i.a.p.raft.roles.FollowerRole - RaftServer{system-partition-1}{role=FOLLOWER} - Sending AppendResponse{status=OK, term=1, succeeded=true, lastLogIndex=16}
21:52:21.418 [raft-server-system-partition-1] TRACE i.a.p.raft.roles.LeaderAppender - RaftServer{system-partition-1} - Received AppendResponse{status=OK, term=1, succeeded=true, lastLogIndex=16} from 3
21:52:21.419 [raft-server-system-partition-1] TRACE i.a.p.raft.roles.LeaderAppender - RaftServer{system-partition-1} - Received AppendResponse{status=OK, term=1, succeeded=true, lastLogIndex=16} from 2
21:52:21.459 [raft-server-raft-partition-5] TRACE i.a.p.raft.roles.LeaderAppender - RaftServer{raft-partition-5} - Sending AppendRequest{term=1, leader=3, prevLogIndex=1, prevLogTerm=1, entries=0, commitIndex=1} to 1
21:52:21.459 [raft-server-raft-partition-5] TRACE i.a.p.raft.roles.LeaderAppender - RaftServer{raft-partition-5} - Sending AppendRequest{term=1, leader=3, prevLogIndex=1, prevLogTerm=1, entries=0, commitIndex=1} to 2
21:52:21.459 [raft-server-raft-partition-7] TRACE i.a.p.raft.roles.LeaderAppender - RaftServer{raft-partition-7} - Sending AppendRequest{term=1, leader=2, prevLogIndex=1, prevLogTerm=1, entries=0, commitIndex=1} to 1
21:52:21.459 [raft-server-raft-partition-7] TRACE i.a.p.raft.roles.LeaderAppender - RaftServer{raft-partition-7} - Sending AppendRequest{term=1, leader=2, prevLogIndex=1, prevLogTerm=1, entries=0, commitIndex=1} to 3
21:52:21.459 [raft-server-raft-partition-5] TRACE i.a.p.raft.roles.FollowerRole - RaftServer{raft-partition-5}{role=FOLLOWER} - Received AppendRequest{term=1, leader=3, prevLogIndex=1, prevLogTerm=1, entries=0, commitIndex=1}
21:52:21.459 [raft-server-raft-partition-5] TRACE i.a.p.raft.roles.FollowerRole - RaftServer{raft-partition-5}{role=FOLLOWER} - Received AppendRequest{term=1, leader=3, prevLogIndex=1, prevLogTerm=1, entries=0, commitIndex=1}
21:52:21.459 [raft-server-raft-partition-5] TRACE i.a.p.raft.roles.FollowerRole - RaftServer{raft-partition-5}{role=FOLLOWER} - Sending AppendResponse{status=OK, term=1, succeeded=true, lastLogIndex=1}
21:52:21.459 [raft-server-raft-partition-7] TRACE i.a.p.raft.roles.FollowerRole - RaftServer{raft-partition-7}{role=FOLLOWER} - Received AppendRequest{term=1, leader=2, prevLogIndex=1, prevLogTerm=1, entries=0, commitIndex=1}
21:52:21.459 [raft-server-raft-partition-5] TRACE i.a.p.raft.roles.FollowerRole - RaftServer{raft-partition-5}{role=FOLLOWER} - Sending AppendResponse{status=OK, term=1, succeeded=true, lastLogIndex=1}
21:52:21.459 [raft-server-raft-partition-7] TRACE i.a.p.raft.roles.FollowerRole - RaftServer{raft-partition-7}{role=FOLLOWER} - Received AppendRequest{term=1, leader=2, prevLogIndex=1, prevLogTerm=1, entries=0, commitIndex=1}
21:52:21.459 [raft-server-raft-partition-7] TRACE i.a.p.raft.roles.FollowerRole - RaftServer{raft-partition-7}{role=FOLLOWER} - Sending AppendResponse{status=OK, term=1, succeeded=true, lastLogIndex=1}
21:52:21.459 [raft-server-raft-partition-5] TRACE i.a.p.raft.roles.LeaderAppender - RaftServer{raft-partition-5} - Received AppendResponse{status=OK, term=1, succeeded=true, lastLogIndex=1} from 1
21:52:21.460 [raft-server-raft-partition-7] TRACE i.a.p.raft.roles.FollowerRole - RaftServer{raft-partition-7}{role=FOLLOWER} - Sending AppendResponse{status=OK, term=1, succeeded=true, lastLogIndex=1}
21:52:21.460 [raft-server-raft-partition-5] TRACE i.a.p.raft.roles.LeaderAppender - RaftServer{raft-partition-5} - Sending AppendRequest{term=1, leader=3, prevLogIndex=1, prevLogTerm=1, entries=0, commitIndex=1} to 1
21:52:21.460 [raft-server-raft-partition-7] TRACE i.a.p.raft.roles.LeaderAppender - RaftServer{raft-partition-7} - Received AppendResponse{status=OK, term=1, succeeded=true, lastLogIndex=1} from 1
21:52:21.460 [raft-server-raft-partition-5] TRACE i.a.p.raft.roles.LeaderAppender - RaftServer{raft-partition-5} - Received AppendResponse{status=OK, term=1, succeeded=true, lastLogIndex=1} from 2
21:52:21.460 [raft-server-raft-partition-7] TRACE i.a.p.raft.roles.LeaderAppender - RaftServer{raft-partition-7} - Sending AppendRequest{term=1, leader=2, prevLogIndex=1, prevLogTerm=1, entries=0, commitIndex=1} to 1
21:52:21.460 [raft-server-raft-partition-5] TRACE i.a.p.raft.roles.LeaderAppender - RaftServer{raft-partition-5} - Sending AppendRequest{term=1, leader=3, prevLogIndex=1, prevLogTerm=1, entries=0, commitIndex=1} to 2
21:52:21.460 [raft-server-raft-partition-7] TRACE i.a.p.raft.roles.LeaderAppender - RaftServer{raft-partition-7} - Received AppendResponse{status=OK, term=1, succeeded=true, lastLogIndex=1} from 3
21:52:21.460 [raft-server-raft-partition-5] TRACE i.a.p.raft.roles.FollowerRole - RaftServer{raft-partition-5}{role=FOLLOWER} - Received AppendRequest{term=1, leader=3, prevLogIndex=1, prevLogTerm=1, entries=0, commitIndex=1}
21:52:21.460 [raft-server-raft-partition-7] TRACE i.a.p.raft.roles.LeaderAppender - RaftServer{raft-partition-7} - Sending AppendRequest{term=1, leader=2, prevLogIndex=1, prevLogTerm=1, entries=0, commitIndex=1} to 3
21:52:21.460 [raft-server-raft-partition-7] TRACE i.a.p.raft.roles.FollowerRole - RaftServer{raft-partition-7}{role=FOLLOWER} - Received AppendRequest{term=1, leader=2, prevLogIndex=1, prevLogTerm=1, entries=0, commitIndex=1}
21:52:21.460 [raft-server-raft-partition-5] TRACE i.a.p.raft.roles.FollowerRole - RaftServer{raft-partition-5}{role=FOLLOWER} - Sending AppendResponse{status=OK, term=1, succeeded=true, lastLogIndex=1}
21:52:21.460 [raft-server-raft-partition-5] TRACE i.a.p.raft.roles.FollowerRole - RaftServer{raft-partition-5}{role=FOLLOWER} - Received AppendRequest{term=1, leader=3, prevLogIndex=1, prevLogTerm=1, entries=0, commitIndex=1}
21:52:21.460 [raft-server-raft-partition-7] TRACE i.a.p.raft.roles.FollowerRole - RaftServer{raft-partition-7}{role=FOLLOWER} - Sending AppendResponse{status=OK, term=1, succeeded=true, lastLogIndex=1}
21:52:21.460 [raft-server-raft-partition-7] TRACE i.a.p.raft.roles.FollowerRole - RaftServer{raft-partition-7}{role=FOLLOWER} - Received AppendRequest{term=1, leader=2, prevLogIndex=1, prevLogTerm=1, entries=0, commitIndex=1}
21:52:21.460 [raft-server-raft-partition-5] TRACE i.a.p.raft.roles.FollowerRole - RaftServer{raft-partition-5}{role=FOLLOWER} - Sending AppendResponse{status=OK, term=1, succeeded=true, lastLogIndex=1}
21:52:21.461 [raft-server-raft-partition-5] TRACE i.a.p.raft.roles.LeaderAppender - RaftServer{raft-partition-5} - Received AppendResponse{status=OK, term=1, succeeded=true, lastLogIndex=1} from 1
21:52:21.461 [raft-server-raft-partition-7] TRACE i.a.p.raft.roles.FollowerRole - RaftServer{raft-partition-7}{role=FOLLOWER} - Sending AppendResponse{status=OK, term=1, succeeded=true, lastLogIndex=1}
21:52:21.461 [raft-server-raft-partition-7] TRACE i.a.p.raft.roles.LeaderAppender - RaftServer{raft-partition-7} - Received AppendResponse{status=OK, term=1, succeeded=true, lastLogIndex=1} from 1
21:52:21.461 [raft-server-raft-partition-5] TRACE i.a.p.raft.roles.LeaderAppender - RaftServer{raft-partition-5} - Received AppendResponse{status=OK, term=1, succeeded=true, lastLogIndex=1} from 2
21:52:21.461 [raft-server-raft-partition-7] TRACE i.a.p.raft.roles.LeaderAppender - RaftServer{raft-partition-7} - Received AppendResponse{status=OK, term=1, succeeded=true, lastLogIndex=1} from 3
21:52:21.493 [raft-server-raft-partition-4] TRACE i.a.p.raft.roles.LeaderAppender - RaftServer{raft-partition-4} - Sending AppendRequest{term=1, leader=1, prevLogIndex=1, prevLogTerm=1, entries=0, commitIndex=1} to 2
21:52:21.493 [raft-server-raft-partition-4] TRACE i.a.p.raft.roles.LeaderAppender - RaftServer{raft-partition-4} - Sending AppendRequest{term=1, leader=1, prevLogIndex=1, prevLogTerm=1, entries=0, commitIndex=1} to 3
21:52:21.493 [raft-server-raft-partition-4] TRACE i.a.p.raft.roles.FollowerRole - RaftServer{raft-partition-4}{role=FOLLOWER} - Received AppendRequest{term=1, leader=1, prevLogIndex=1, prevLogTerm=1, entries=0, commitIndex=1}
21:52:21.493 [raft-server-raft-partition-4] TRACE i.a.p.raft.roles.FollowerRole - RaftServer{raft-partition-4}{role=FOLLOWER} - Received AppendRequest{term=1, leader=1, prevLogIndex=1, prevLogTerm=1, entries=0, commitIndex=1}
21:52:21.493 [raft-server-raft-partition-4] TRACE i.a.p.raft.roles.FollowerRole - RaftServer{raft-partition-4}{role=FOLLOWER} - Sending AppendResponse{status=OK, term=1, succeeded=true, lastLogIndex=1}
21:52:21.493 [raft-server-raft-partition-4] TRACE i.a.p.raft.roles.FollowerRole - RaftServer{raft-partition-4}{role=FOLLOWER} - Sending AppendResponse{status=OK, term=1, succeeded=true, lastLogIndex=1}
21:52:21.494 [raft-server-raft-partition-4] TRACE i.a.p.raft.roles.LeaderAppender - RaftServer{raft-partition-4} - Received AppendResponse{status=OK, term=1, succeeded=true, lastLogIndex=1} from 3
21:52:21.494 [raft-server-raft-partition-4] TRACE i.a.p.raft.roles.LeaderAppender - RaftServer{raft-partition-4} - Sending AppendRequest{term=1, leader=1, prevLogIndex=1, prevLogTerm=1, entries=0, commitIndex=1} to 3
21:52:21.494 [raft-server-raft-partition-4] TRACE i.a.p.raft.roles.LeaderAppender - RaftServer{raft-partition-4} - Received AppendResponse{status=OK, term=1, succeeded=true, lastLogIndex=1} from 2
21:52:21.494 [raft-server-raft-partition-4] TRACE i.a.p.raft.roles.LeaderAppender - RaftServer{raft-partition-4} - Sending AppendRequest{term=1, leader=1, prevLogIndex=1, prevLogTerm=1, entries=0, commitIndex=1} to 2
21:52:21.494 [raft-server-raft-partition-4] TRACE i.a.p.raft.roles.FollowerRole - RaftServer{raft-partition-4}{role=FOLLOWER} - Received AppendRequest{term=1, leader=1, prevLogIndex=1, prevLogTerm=1, entries=0, commitIndex=1}
21:52:21.494 [raft-server-raft-partition-4] TRACE i.a.p.raft.roles.FollowerRole - RaftServer{raft-partition-4}{role=FOLLOWER} - Sending AppendResponse{status=OK, term=1, succeeded=true, lastLogIndex=1}
21:52:21.494 [raft-server-raft-partition-4] TRACE i.a.p.raft.roles.FollowerRole - RaftServer{raft-partition-4}{role=FOLLOWER} - Received AppendRequest{term=1, leader=1, prevLogIndex=1, prevLogTerm=1, entries=0, commitIndex=1}
21:52:21.494 [raft-server-raft-partition-4] TRACE i.a.p.raft.roles.FollowerRole - RaftServer{raft-partition-4}{role=FOLLOWER} - Sending AppendResponse{status=OK, term=1, succeeded=true, lastLogIndex=1}
21:52:21.494 [raft-server-raft-partition-4] TRACE i.a.p.raft.roles.LeaderAppender - RaftServer{raft-partition-4} - Received AppendResponse{status=OK, term=1, succeeded=true, lastLogIndex=1} from 2
21:52:21.494 [raft-server-raft-partition-4] TRACE i.a.p.raft.roles.LeaderAppender - RaftServer{raft-partition-4} - Received AppendResponse{status=OK, term=1, succeeded=true, lastLogIndex=1} from 3
21:52:21.568 [raft-server-raft-partition-2] TRACE i.a.p.raft.roles.LeaderAppender - RaftServer{raft-partition-2} - Sending AppendRequest{term=1, leader=1, prevLogIndex=1, prevLogTerm=1, entries=0, commitIndex=1} to 2
21:52:21.568 [raft-server-raft-partition-2] TRACE i.a.p.raft.roles.LeaderAppender - RaftServer{raft-partition-2} - Sending AppendRequest{term=1, leader=1, prevLogIndex=1, prevLogTerm=1, entries=0, commitIndex=1} to 3
21:52:21.568 [raft-server-raft-partition-2] TRACE i.a.p.raft.roles.FollowerRole - RaftServer{raft-partition-2}{role=FOLLOWER} - Received AppendRequest{term=1, leader=1, prevLogIndex=1, prevLogTerm=1, entries=0, commitIndex=1}
21:52:21.568 [raft-server-raft-partition-2] TRACE i.a.p.raft.roles.FollowerRole - RaftServer{raft-partition-2}{role=FOLLOWER} - Sending AppendResponse{status=OK, term=1, succeeded=true, lastLogIndex=1}
21:52:21.568 [raft-server-raft-partition-2] TRACE i.a.p.raft.roles.FollowerRole - RaftServer{raft-partition-2}{role=FOLLOWER} - Received AppendRequest{term=1, leader=1, prevLogIndex=1, prevLogTerm=1, entries=0, commitIndex=1}
21:52:21.568 [raft-server-raft-partition-2] TRACE i.a.p.raft.roles.LeaderAppender - RaftServer{raft-partition-2} - Received AppendResponse{status=OK, term=1, succeeded=true, lastLogIndex=1} from 2
21:52:21.568 [raft-server-raft-partition-2] TRACE i.a.p.raft.roles.FollowerRole - RaftServer{raft-partition-2}{role=FOLLOWER} - Sending AppendResponse{status=OK, term=1, succeeded=true, lastLogIndex=1}
21:52:21.568 [raft-server-raft-partition-2] TRACE i.a.p.raft.roles.LeaderAppender - RaftServer{raft-partition-2} - Sending AppendRequest{term=1, leader=1, prevLogIndex=1, prevLogTerm=1, entries=0, commitIndex=1} to 2
21:52:21.568 [raft-server-raft-partition-2] TRACE i.a.p.raft.roles.LeaderAppender - RaftServer{raft-partition-2} - Received AppendResponse{status=OK, term=1, succeeded=true, lastLogIndex=1} from 3
21:52:21.568 [raft-server-raft-partition-2] TRACE i.a.p.raft.roles.FollowerRole - RaftServer{raft-partition-2}{role=FOLLOWER} - Received AppendRequest{term=1, leader=1, prevLogIndex=1, prevLogTerm=1, entries=0, commitIndex=1}
21:52:21.568 [raft-server-raft-partition-2] TRACE i.a.p.raft.roles.FollowerRole - RaftServer{raft-partition-2}{role=FOLLOWER} - Sending AppendResponse{status=OK, term=1, succeeded=true, lastLogIndex=1}
21:52:21.569 [raft-server-raft-partition-2] TRACE i.a.p.raft.roles.LeaderAppender - RaftServer{raft-partition-2} - Received AppendResponse{status=OK, term=1, succeeded=true, lastLogIndex=1} from 2
21:52:21.576 [raft-server-raft-partition-6] TRACE i.a.p.raft.roles.LeaderAppender - RaftServer{raft-partition-6} - Sending AppendRequest{term=1, leader=1, prevLogIndex=1, prevLogTerm=1, entries=0, commitIndex=1} to 2
21:52:21.576 [raft-server-raft-partition-6] TRACE i.a.p.raft.roles.LeaderAppender - RaftServer{raft-partition-6} - Sending AppendRequest{term=1, leader=1, prevLogIndex=1, prevLogTerm=1, entries=0, commitIndex=1} to 3
21:52:21.576 [raft-server-raft-partition-6] TRACE i.a.p.raft.roles.FollowerRole - RaftServer{raft-partition-6}{role=FOLLOWER} - Received AppendRequest{term=1, leader=1, prevLogIndex=1, prevLogTerm=1, entries=0, commitIndex=1}
21:52:21.576 [raft-server-raft-partition-6] TRACE i.a.p.raft.roles.FollowerRole - RaftServer{raft-partition-6}{role=FOLLOWER} - Sending AppendResponse{status=OK, term=1, succeeded=true, lastLogIndex=1}
21:52:21.576 [raft-server-raft-partition-6] TRACE i.a.p.raft.roles.FollowerRole - RaftServer{raft-partition-6}{role=FOLLOWER} - Received AppendRequest{term=1, leader=1, prevLogIndex=1, prevLogTerm=1, entries=0, commitIndex=1}
21:52:21.576 [raft-server-raft-partition-6] TRACE i.a.p.raft.roles.FollowerRole - RaftServer{raft-partition-6}{role=FOLLOWER} - Sending AppendResponse{status=OK, term=1, succeeded=true, lastLogIndex=1}
21:52:21.576 [raft-server-raft-partition-6] TRACE i.a.p.raft.roles.LeaderAppender - RaftServer{raft-partition-6} - Received AppendResponse{status=OK, term=1, succeeded=true, lastLogIndex=1} from 2
21:52:21.576 [raft-server-raft-partition-6] TRACE i.a.p.raft.roles.LeaderAppender - RaftServer{raft-partition-6} - Sending AppendRequest{term=1, leader=1, prevLogIndex=1, prevLogTerm=1, entries=0, commitIndex=1} to 2
21:52:21.576 [raft-server-raft-partition-6] TRACE i.a.p.raft.roles.LeaderAppender - RaftServer{raft-partition-6} - Received AppendResponse{status=OK, term=1, succeeded=true, lastLogIndex=1} from 3
21:52:21.576 [raft-server-raft-partition-6] TRACE i.a.p.raft.roles.LeaderAppender - RaftServer{raft-partition-6} - Sending AppendRequest{term=1, leader=1, prevLogIndex=1, prevLogTerm=1, entries=0, commitIndex=1} to 3
21:52:21.576 [raft-server-raft-partition-6] TRACE i.a.p.raft.roles.FollowerRole - RaftServer{raft-partition-6}{role=FOLLOWER} - Received AppendRequest{term=1, leader=1, prevLogIndex=1, prevLogTerm=1, entries=0, commitIndex=1}
21:52:21.576 [raft-server-raft-partition-6] TRACE i.a.p.raft.roles.FollowerRole - RaftServer{raft-partition-6}{role=FOLLOWER} - Sending AppendResponse{status=OK, term=1, succeeded=true, lastLogIndex=1}
21:52:21.576 [raft-server-raft-partition-6] TRACE i.a.p.raft.roles.FollowerRole - RaftServer{raft-partition-6}{role=FOLLOWER} - Received AppendRequest{term=1, leader=1, prevLogIndex=1, prevLogTerm=1, entries=0, commitIndex=1}
21:52:21.577 [raft-server-raft-partition-6] TRACE i.a.p.raft.roles.FollowerRole - RaftServer{raft-partition-6}{role=FOLLOWER} - Sending AppendResponse{status=OK, term=1, succeeded=true, lastLogIndex=1}
21:52:21.577 [raft-server-raft-partition-6] TRACE i.a.p.raft.roles.LeaderAppender - RaftServer{raft-partition-6} - Received AppendResponse{status=OK, term=1, succeeded=true, lastLogIndex=1} from 2
21:52:21.577 [raft-server-raft-partition-6] TRACE i.a.p.raft.roles.LeaderAppender - RaftServer{raft-partition-6} - Sending AppendRequest{term=1, leader=1, prevLogIndex=1, prevLogTerm=1, entries=0, commitIndex=1} to 2
21:52:21.577 [raft-server-raft-partition-6] TRACE i.a.p.raft.roles.LeaderAppender - RaftServer{raft-partition-6} - Received AppendResponse{status=OK, term=1, succeeded=true, lastLogIndex=1} from 3
21:52:21.577 [raft-server-raft-partition-6] TRACE i.a.p.raft.roles.LeaderAppender - RaftServer{raft-partition-6} - Sending AppendRequest{term=1, leader=1, prevLogIndex=1, prevLogTerm=1, entries=0, commitIndex=1} to 3
21:52:21.577 [raft-server-raft-partition-6] TRACE i.a.p.raft.roles.FollowerRole - RaftServer{raft-partition-6}{role=FOLLOWER} - Received AppendRequest{term=1, leader=1, prevLogIndex=1, prevLogTerm=1, entries=0, commitIndex=1}
21:52:21.577 [raft-server-raft-partition-6] TRACE i.a.p.raft.roles.FollowerRole - RaftServer{raft-partition-6}{role=FOLLOWER} - Sending AppendResponse{status=OK, term=1, succeeded=true, lastLogIndex=1}
21:52:21.577 [raft-server-raft-partition-6] TRACE i.a.p.raft.roles.FollowerRole - RaftServer{raft-partition-6}{role=FOLLOWER} - Received AppendRequest{term=1, leader=1, prevLogIndex=1, prevLogTerm=1, entries=0, commitIndex=1}
21:52:21.577 [raft-server-raft-partition-6] TRACE i.a.p.raft.roles.FollowerRole - RaftServer{raft-partition-6}{role=FOLLOWER} - Sending AppendResponse{status=OK, term=1, succeeded=true, lastLogIndex=1}
21:52:21.577 [raft-server-raft-partition-6] TRACE i.a.p.raft.roles.LeaderAppender - RaftServer{raft-partition-6} - Received AppendResponse{status=OK, term=1, succeeded=true, lastLogIndex=1} from 2
21:52:21.577 [raft-server-raft-partition-6] TRACE i.a.p.raft.roles.LeaderAppender - RaftServer{raft-partition-6} - Received AppendResponse{status=OK, term=1, succeeded=true, lastLogIndex=1} from 3
21:52:21.625 [raft-server-raft-partition-3] TRACE i.a.p.raft.roles.LeaderAppender - RaftServer{raft-partition-3} - Sending AppendRequest{term=3, leader=1, prevLogIndex=1, prevLogTerm=2, entries=0, commitIndex=1} to 2
21:52:21.625 [raft-server-raft-partition-3] TRACE i.a.p.raft.roles.LeaderAppender - RaftServer{raft-partition-3} - Sending AppendRequest{term=3, leader=1, prevLogIndex=1, prevLogTerm=2, entries=0, commitIndex=1} to 3
21:52:21.625 [raft-server-raft-partition-3] TRACE i.a.p.raft.roles.FollowerRole - RaftServer{raft-partition-3}{role=FOLLOWER} - Received AppendRequest{term=3, leader=1, prevLogIndex=1, prevLogTerm=2, entries=0, commitIndex=1}
21:52:21.625 [raft-server-raft-partition-3] TRACE i.a.p.raft.roles.FollowerRole - RaftServer{raft-partition-3}{role=FOLLOWER} - Received AppendRequest{term=3, leader=1, prevLogIndex=1, prevLogTerm=2, entries=0, commitIndex=1}
21:52:21.625 [raft-server-raft-partition-3] TRACE i.a.p.raft.roles.FollowerRole - RaftServer{raft-partition-3}{role=FOLLOWER} - Sending AppendResponse{status=OK, term=3, succeeded=true, lastLogIndex=1}
21:52:21.625 [raft-server-raft-partition-3] TRACE i.a.p.raft.roles.FollowerRole - RaftServer{raft-partition-3}{role=FOLLOWER} - Sending AppendResponse{status=OK, term=3, succeeded=true, lastLogIndex=1}
21:52:21.625 [raft-server-raft-partition-3] TRACE i.a.p.raft.roles.LeaderAppender - RaftServer{raft-partition-3} - Received AppendResponse{status=OK, term=3, succeeded=true, lastLogIndex=1} from 2
21:52:21.625 [raft-server-raft-partition-3] TRACE i.a.p.raft.roles.LeaderAppender - RaftServer{raft-partition-3} - Sending AppendRequest{term=3, leader=1, prevLogIndex=1, prevLogTerm=2, entries=0, commitIndex=1} to 2
21:52:21.625 [raft-server-raft-partition-3] TRACE i.a.p.raft.roles.LeaderAppender - RaftServer{raft-partition-3} - Received AppendResponse{status=OK, term=3, succeeded=true, lastLogIndex=1} from 3
21:52:21.625 [raft-server-raft-partition-3] TRACE i.a.p.raft.roles.LeaderAppender - RaftServer{raft-partition-3} - Sending AppendRequest{term=3, leader=1, prevLogIndex=1, prevLogTerm=2, entries=0, commitIndex=1} to 3
21:52:21.626 [raft-server-raft-partition-3] TRACE i.a.p.raft.roles.FollowerRole - RaftServer{raft-partition-3}{role=FOLLOWER} - Received AppendRequest{term=3, leader=1, prevLogIndex=1, prevLogTerm=2, entries=0, commitIndex=1}
21:52:21.626 [raft-server-raft-partition-3] TRACE i.a.p.raft.roles.FollowerRole - RaftServer{raft-partition-3}{role=FOLLOWER} - Received AppendRequest{term=3, leader=1, prevLogIndex=1, prevLogTerm=2, entries=0, commitIndex=1}
21:52:21.626 [raft-server-raft-partition-3] TRACE i.a.p.raft.roles.FollowerRole - RaftServer{raft-partition-3}{role=FOLLOWER} - Sending AppendResponse{status=OK, term=3, succeeded=true, lastLogIndex=1}
21:52:21.626 [raft-server-raft-partition-3] TRACE i.a.p.raft.roles.FollowerRole - RaftServer{raft-partition-3}{role=FOLLOWER} - Sending AppendResponse{status=OK, term=3, succeeded=true, lastLogIndex=1}
21:52:21.626 [raft-server-raft-partition-3] TRACE i.a.p.raft.roles.LeaderAppender - RaftServer{raft-partition-3} - Received AppendResponse{status=OK, term=3, succeeded=true, lastLogIndex=1} from 2
21:52:21.626 [raft-server-raft-partition-3] TRACE i.a.p.raft.roles.LeaderAppender - RaftServer{raft-partition-3} - Sending AppendRequest{term=3, leader=1, prevLogIndex=1, prevLogTerm=2, entries=0, commitIndex=1} to 2
21:52:21.626 [raft-server-raft-partition-3] TRACE i.a.p.raft.roles.LeaderAppender - RaftServer{raft-partition-3} - Received AppendResponse{status=OK, term=3, succeeded=true, lastLogIndex=1} from 3
21:52:21.626 [raft-server-raft-partition-3] TRACE i.a.p.raft.roles.LeaderAppender - RaftServer{raft-partition-3} - Sending AppendRequest{term=3, leader=1, prevLogIndex=1, prevLogTerm=2, entries=0, commitIndex=1} to 3
21:52:21.626 [raft-server-raft-partition-3] TRACE i.a.p.raft.roles.FollowerRole - RaftServer{raft-partition-3}{role=FOLLOWER} - Received AppendRequest{term=3, leader=1, prevLogIndex=1, prevLogTerm=2, entries=0, commitIndex=1}
21:52:21.626 [raft-server-raft-partition-3] TRACE i.a.p.raft.roles.FollowerRole - RaftServer{raft-partition-3}{role=FOLLOWER} - Sending AppendResponse{status=OK, term=3, succeeded=true, lastLogIndex=1}
21:52:21.626 [raft-server-raft-partition-3] TRACE i.a.p.raft.roles.FollowerRole - RaftServer{raft-partition-3}{role=FOLLOWER} - Received AppendRequest{term=3, leader=1, prevLogIndex=1, prevLogTerm=2, entries=0, commitIndex=1}
21:52:21.626 [raft-server-raft-partition-3] TRACE i.a.p.raft.roles.FollowerRole - RaftServer{raft-partition-3}{role=FOLLOWER} - Sending AppendResponse{status=OK, term=3, succeeded=true, lastLogIndex=1}
21:52:21.626 [raft-server-raft-partition-3] TRACE i.a.p.raft.roles.LeaderAppender - RaftServer{raft-partition-3} - Received AppendResponse{status=OK, term=3, succeeded=true, lastLogIndex=1} from 2
21:52:21.626 [raft-server-raft-partition-3] TRACE i.a.p.raft.roles.LeaderAppender - RaftServer{raft-partition-3} - Received AppendResponse{status=OK, term=3, succeeded=true, lastLogIndex=1} from 3
21:52:21.634 [raft-server-raft-partition-1] TRACE i.a.p.raft.roles.LeaderAppender - RaftServer{raft-partition-1} - Sending AppendRequest{term=1, leader=2, prevLogIndex=1, prevLogTerm=1, entries=0, commitIndex=1} to 3
21:52:21.635 [raft-server-raft-partition-1] TRACE i.a.p.raft.roles.FollowerRole - RaftServer{raft-partition-1}{role=FOLLOWER} - Received AppendRequest{term=1, leader=2, prevLogIndex=1, prevLogTerm=1, entries=0, commitIndex=1}
21:52:21.635 [raft-server-raft-partition-1] TRACE i.a.p.raft.roles.FollowerRole - RaftServer{raft-partition-1}{role=FOLLOWER} - Sending AppendResponse{status=OK, term=1, succeeded=true, lastLogIndex=1}
21:52:21.635 [raft-server-raft-partition-1] TRACE i.a.p.raft.roles.LeaderAppender - RaftServer{raft-partition-1} - Received AppendResponse{status=OK, term=1, succeeded=true, lastLogIndex=1} from 3
21:52:21.635 [raft-server-raft-partition-1] TRACE i.a.p.raft.roles.LeaderAppender - RaftServer{raft-partition-1} - Sending AppendRequest{term=1, leader=2, prevLogIndex=1, prevLogTerm=1, entries=0, commitIndex=1} to 3
21:52:21.635 [raft-server-raft-partition-1] TRACE i.a.p.raft.roles.FollowerRole - RaftServer{raft-partition-1}{role=FOLLOWER} - Received AppendRequest{term=1, leader=2, prevLogIndex=1, prevLogTerm=1, entries=0, commitIndex=1}
21:52:21.635 [raft-server-raft-partition-1] TRACE i.a.p.raft.roles.FollowerRole - RaftServer{raft-partition-1}{role=FOLLOWER} - Sending AppendResponse{status=OK, term=1, succeeded=true, lastLogIndex=1}
21:52:21.636 [raft-server-raft-partition-1] TRACE i.a.p.raft.roles.LeaderAppender - RaftServer{raft-partition-1} - Received AppendResponse{status=OK, term=1, succeeded=true, lastLogIndex=1} from 3
21:52:21.667 [raft-server-system-partition-1] TRACE i.a.p.raft.roles.LeaderAppender - RaftServer{system-partition-1} - Sending AppendRequest{term=1, leader=1, prevLogIndex=16, prevLogTerm=1, entries=0, commitIndex=16} to 2
21:52:21.667 [raft-server-system-partition-1] TRACE i.a.p.raft.roles.LeaderAppender - RaftServer{system-partition-1} - Sending AppendRequest{term=1, leader=1, prevLogIndex=16, prevLogTerm=1, entries=0, commitIndex=16} to 3
21:52:21.667 [raft-server-system-partition-1] TRACE i.a.p.raft.roles.FollowerRole - RaftServer{system-partition-1}{role=FOLLOWER} - Received AppendRequest{term=1, leader=1, prevLogIndex=16, prevLogTerm=1, entries=0, commitIndex=16}
21:52:21.667 [raft-server-system-partition-1] TRACE i.a.p.raft.roles.FollowerRole - RaftServer{system-partition-1}{role=FOLLOWER} - Received AppendRequest{term=1, leader=1, prevLogIndex=16, prevLogTerm=1, entries=0, commitIndex=16}
21:52:21.668 [raft-server-system-partition-1] TRACE i.a.p.raft.roles.FollowerRole - RaftServer{system-partition-1}{role=FOLLOWER} - Sending AppendResponse{status=OK, term=1, succeeded=true, lastLogIndex=16}
21:52:21.668 [raft-server-system-partition-1] TRACE i.a.p.raft.roles.FollowerRole - RaftServer{system-partition-1}{role=FOLLOWER} - Sending AppendResponse{status=OK, term=1, succeeded=true, lastLogIndex=16}
21:52:21.668 [raft-server-system-partition-1] TRACE i.a.p.raft.roles.LeaderAppender - RaftServer{system-partition-1} - Received AppendResponse{status=OK, term=1, succeeded=true, lastLogIndex=16} from 2
21:52:21.668 [raft-server-system-partition-1] TRACE i.a.p.raft.roles.LeaderAppender - RaftServer{system-partition-1} - Sending AppendRequest{term=1, leader=1, prevLogIndex=16, prevLogTerm=1, entries=0, commitIndex=16} to 2
21:52:21.668 [raft-server-system-partition-1] TRACE i.a.p.raft.roles.LeaderAppender - RaftServer{system-partition-1} - Received AppendResponse{status=OK, term=1, succeeded=true, lastLogIndex=16} from 3
21:52:21.668 [raft-server-system-partition-1] TRACE i.a.p.raft.roles.LeaderAppender - RaftServer{system-partition-1} - Sending AppendRequest{term=1, leader=1, prevLogIndex=16, prevLogTerm=1, entries=0, commitIndex=16} to 3
21:52:21.668 [raft-server-system-partition-1] TRACE i.a.p.raft.roles.FollowerRole - RaftServer{system-partition-1}{role=FOLLOWER} - Received AppendRequest{term=1, leader=1, prevLogIndex=16, prevLogTerm=1, entries=0, commitIndex=16}
21:52:21.668 [raft-server-system-partition-1] TRACE i.a.p.raft.roles.FollowerRole - RaftServer{system-partition-1}{role=FOLLOWER} - Sending AppendResponse{status=OK, term=1, succeeded=true, lastLogIndex=16}
21:52:21.668 [raft-server-system-partition-1] TRACE i.a.p.raft.roles.FollowerRole - RaftServer{system-partition-1}{role=FOLLOWER} - Received AppendRequest{term=1, leader=1, prevLogIndex=16, prevLogTerm=1, entries=0, commitIndex=16}
21:52:21.668 [raft-server-system-partition-1] TRACE i.a.p.raft.roles.FollowerRole - RaftServer{system-partition-1}{role=FOLLOWER} - Sending AppendResponse{status=OK, term=1, succeeded=true, lastLogIndex=16}
21:52:21.668 [raft-server-system-partition-1] TRACE i.a.p.raft.roles.LeaderAppender - RaftServer{system-partition-1} - Received AppendResponse{status=OK, term=1, succeeded=true, lastLogIndex=16} from 2
21:52:21.669 [raft-server-system-partition-1] TRACE i.a.p.raft.roles.LeaderAppender - RaftServer{system-partition-1} - Received AppendResponse{status=OK, term=1, succeeded=true, lastLogIndex=16} from 3
21:52:21.709 [raft-server-raft-partition-5] TRACE i.a.p.raft.roles.LeaderAppender - RaftServer{raft-partition-5} - Sending AppendRequest{term=1, leader=3, prevLogIndex=1, prevLogTerm=1, entries=0, commitIndex=1} to 1
21:52:21.709 [raft-server-raft-partition-5] TRACE i.a.p.raft.roles.LeaderAppender - RaftServer{raft-partition-5} - Sending AppendRequest{term=1, leader=3, prevLogIndex=1, prevLogTerm=1, entries=0, commitIndex=1} to 2
21:52:21.709 [raft-server-raft-partition-7] TRACE i.a.p.raft.roles.LeaderAppender - RaftServer{raft-partition-7} - Sending AppendRequest{term=1, leader=2, prevLogIndex=1, prevLogTerm=1, entries=0, commitIndex=1} to 1
21:52:21.709 [raft-server-raft-partition-5] TRACE i.a.p.raft.roles.FollowerRole - RaftServer{raft-partition-5}{role=FOLLOWER} - Received AppendRequest{term=1, leader=3, prevLogIndex=1, prevLogTerm=1, entries=0, commitIndex=1}
21:52:21.709 [raft-server-raft-partition-5] TRACE i.a.p.raft.roles.FollowerRole - RaftServer{raft-partition-5}{role=FOLLOWER} - Received AppendRequest{term=1, leader=3, prevLogIndex=1, prevLogTerm=1, entries=0, commitIndex=1}
21:52:21.709 [raft-server-raft-partition-7] TRACE i.a.p.raft.roles.LeaderAppender - RaftServer{raft-partition-7} - Sending AppendRequest{term=1, leader=2, prevLogIndex=1, prevLogTerm=1, entries=0, commitIndex=1} to 3
21:52:21.709 [raft-server-raft-partition-5] TRACE i.a.p.raft.roles.FollowerRole - RaftServer{raft-partition-5}{role=FOLLOWER} - Sending AppendResponse{status=OK, term=1, succeeded=true, lastLogIndex=1}
21:52:21.709 [raft-server-raft-partition-5] TRACE i.a.p.raft.roles.FollowerRole - RaftServer{raft-partition-5}{role=FOLLOWER} - Sending AppendResponse{status=OK, term=1, succeeded=true, lastLogIndex=1}
21:52:21.709 [raft-server-raft-partition-7] TRACE i.a.p.raft.roles.FollowerRole - RaftServer{raft-partition-7}{role=FOLLOWER} - Received AppendRequest{term=1, leader=2, prevLogIndex=1, prevLogTerm=1, entries=0, commitIndex=1}
21:52:21.709 [raft-server-raft-partition-7] TRACE i.a.p.raft.roles.FollowerRole - RaftServer{raft-partition-7}{role=FOLLOWER} - Received AppendRequest{term=1, leader=2, prevLogIndex=1, prevLogTerm=1, entries=0, commitIndex=1}
21:52:21.710 [raft-server-raft-partition-5] TRACE i.a.p.raft.roles.LeaderAppender - RaftServer{raft-partition-5} - Received AppendResponse{status=OK, term=1, succeeded=true, lastLogIndex=1} from 2
21:52:21.710 [raft-server-raft-partition-7] TRACE i.a.p.raft.roles.FollowerRole - RaftServer{raft-partition-7}{role=FOLLOWER} - Sending AppendResponse{status=OK, term=1, succeeded=true, lastLogIndex=1}
21:52:21.710 [raft-server-raft-partition-7] TRACE i.a.p.raft.roles.FollowerRole - RaftServer{raft-partition-7}{role=FOLLOWER} - Sending AppendResponse{status=OK, term=1, succeeded=true, lastLogIndex=1}
21:52:21.710 [raft-server-raft-partition-5] TRACE i.a.p.raft.roles.LeaderAppender - RaftServer{raft-partition-5} - Sending AppendRequest{term=1, leader=3, prevLogIndex=1, prevLogTerm=1, entries=0, commitIndex=1} to 2
21:52:21.710 [raft-server-raft-partition-5] TRACE i.a.p.raft.roles.LeaderAppender - RaftServer{raft-partition-5} - Received AppendResponse{status=OK, term=1, succeeded=true, lastLogIndex=1} from 1
21:52:21.710 [raft-server-raft-partition-7] TRACE i.a.p.raft.roles.LeaderAppender - RaftServer{raft-partition-7} - Received AppendResponse{status=OK, term=1, succeeded=true, lastLogIndex=1} from 1
21:52:21.710 [raft-server-raft-partition-5] TRACE i.a.p.raft.roles.LeaderAppender - RaftServer{raft-partition-5} - Sending AppendRequest{term=1, leader=3, prevLogIndex=1, prevLogTerm=1, entries=0, commitIndex=1} to 1
21:52:21.710 [raft-server-raft-partition-7] TRACE i.a.p.raft.roles.LeaderAppender - RaftServer{raft-partition-7} - Sending AppendRequest{term=1, leader=2, prevLogIndex=1, prevLogTerm=1, entries=0, commitIndex=1} to 1
21:52:21.710 [raft-server-raft-partition-7] TRACE i.a.p.raft.roles.LeaderAppender - RaftServer{raft-partition-7} - Received AppendResponse{status=OK, term=1, succeeded=true, lastLogIndex=1} from 3
21:52:21.710 [raft-server-raft-partition-5] TRACE i.a.p.raft.roles.FollowerRole - RaftServer{raft-partition-5}{role=FOLLOWER} - Received AppendRequest{term=1, leader=3, prevLogIndex=1, prevLogTerm=1, entries=0, commitIndex=1}
21:52:21.710 [raft-server-raft-partition-7] TRACE i.a.p.raft.roles.LeaderAppender - RaftServer{raft-partition-7} - Sending AppendRequest{term=1, leader=2, prevLogIndex=1, prevLogTerm=1, entries=0, commitIndex=1} to 3
21:52:21.710 [raft-server-raft-partition-5] TRACE i.a.p.raft.roles.FollowerRole - RaftServer{raft-partition-5}{role=FOLLOWER} - Sending AppendResponse{status=OK, term=1, succeeded=true, lastLogIndex=1}
21:52:21.710 [raft-server-raft-partition-5] TRACE i.a.p.raft.roles.FollowerRole - RaftServer{raft-partition-5}{role=FOLLOWER} - Received AppendRequest{term=1, leader=3, prevLogIndex=1, prevLogTerm=1, entries=0, commitIndex=1}
21:52:21.710 [raft-server-raft-partition-7] TRACE i.a.p.raft.roles.FollowerRole - RaftServer{raft-partition-7}{role=FOLLOWER} - Received AppendRequest{term=1, leader=2, prevLogIndex=1, prevLogTerm=1, entries=0, commitIndex=1}
21:52:21.710 [raft-server-raft-partition-5] TRACE i.a.p.raft.roles.FollowerRole - RaftServer{raft-partition-5}{role=FOLLOWER} - Sending AppendResponse{status=OK, term=1, succeeded=true, lastLogIndex=1}
21:52:21.710 [raft-server-raft-partition-7] TRACE i.a.p.raft.roles.FollowerRole - RaftServer{raft-partition-7}{role=FOLLOWER} - Sending AppendResponse{status=OK, term=1, succeeded=true, lastLogIndex=1}
21:52:21.711 [raft-server-raft-partition-5] TRACE i.a.p.raft.roles.LeaderAppender - RaftServer{raft-partition-5} - Received AppendResponse{status=OK, term=1, succeeded=true, lastLogIndex=1} from 2
21:52:21.711 [raft-server-raft-partition-7] TRACE i.a.p.raft.roles.FollowerRole - RaftServer{raft-partition-7}{role=FOLLOWER} - Received AppendRequest{term=1, leader=2, prevLogIndex=1, prevLogTerm=1, entries=0, commitIndex=1}
21:52:21.711 [raft-server-raft-partition-5] TRACE i.a.p.raft.roles.LeaderAppender - RaftServer{raft-partition-5} - Received AppendResponse{status=OK, term=1, succeeded=true, lastLogIndex=1} from 1
21:52:21.711 [raft-server-raft-partition-7] TRACE i.a.p.raft.roles.FollowerRole - RaftServer{raft-partition-7}{role=FOLLOWER} - Sending AppendResponse{status=OK, term=1, succeeded=true, lastLogIndex=1}
21:52:21.711 [raft-server-raft-partition-7] TRACE i.a.p.raft.roles.LeaderAppender - RaftServer{raft-partition-7} - Received AppendResponse{status=OK, term=1, succeeded=true, lastLogIndex=1} from 1
21:52:21.711 [raft-server-raft-partition-7] TRACE i.a.p.raft.roles.LeaderAppender - RaftServer{raft-partition-7} - Received AppendResponse{status=OK, term=1, succeeded=true, lastLogIndex=1} from 3
21:52:21.743 [raft-server-raft-partition-4] TRACE i.a.p.raft.roles.LeaderAppender - RaftServer{raft-partition-4} - Sending AppendRequest{term=1, leader=1, prevLogIndex=1, prevLogTerm=1, entries=0, commitIndex=1} to 2
21:52:21.743 [raft-server-raft-partition-4] TRACE i.a.p.raft.roles.LeaderAppender - RaftServer{raft-partition-4} - Sending AppendRequest{term=1, leader=1, prevLogIndex=1, prevLogTerm=1, entries=0, commitIndex=1} to 3
21:52:21.743 [raft-server-raft-partition-4] TRACE i.a.p.raft.roles.FollowerRole - RaftServer{raft-partition-4}{role=FOLLOWER} - Received AppendRequest{term=1, leader=1, prevLogIndex=1, prevLogTerm=1, entries=0, commitIndex=1}
21:52:21.743 [raft-server-raft-partition-4] TRACE i.a.p.raft.roles.FollowerRole - RaftServer{raft-partition-4}{role=FOLLOWER} - Received AppendRequest{term=1, leader=1, prevLogIndex=1, prevLogTerm=1, entries=0, commitIndex=1}
21:52:21.743 [raft-server-raft-partition-4] TRACE i.a.p.raft.roles.FollowerRole - RaftServer{raft-partition-4}{role=FOLLOWER} - Sending AppendResponse{status=OK, term=1, succeeded=true, lastLogIndex=1}
21:52:21.743 [raft-server-raft-partition-4] TRACE i.a.p.raft.roles.FollowerRole - RaftServer{raft-partition-4}{role=FOLLOWER} - Sending AppendResponse{status=OK, term=1, succeeded=true, lastLogIndex=1}
21:52:21.744 [raft-server-raft-partition-4] TRACE i.a.p.raft.roles.LeaderAppender - RaftServer{raft-partition-4} - Received AppendResponse{status=OK, term=1, succeeded=true, lastLogIndex=1} from 2
21:52:21.744 [raft-server-raft-partition-4] TRACE i.a.p.raft.roles.LeaderAppender - RaftServer{raft-partition-4} - Sending AppendRequest{term=1, leader=1, prevLogIndex=1, prevLogTerm=1, entries=0, commitIndex=1} to 2
21:52:21.744 [raft-server-raft-partition-4] TRACE i.a.p.raft.roles.LeaderAppender - RaftServer{raft-partition-4} - Received AppendResponse{status=OK, term=1, succeeded=true, lastLogIndex=1} from 3
21:52:21.744 [raft-server-raft-partition-4] TRACE i.a.p.raft.roles.LeaderAppender - RaftServer{raft-partition-4} - Sending AppendRequest{term=1, leader=1, prevLogIndex=1, prevLogTerm=1, entries=0, commitIndex=1} to 3
21:52:21.744 [raft-server-raft-partition-4] TRACE i.a.p.raft.roles.FollowerRole - RaftServer{raft-partition-4}{role=FOLLOWER} - Received AppendRequest{term=1, leader=1, prevLogIndex=1, prevLogTerm=1, entries=0, commitIndex=1}
21:52:21.744 [raft-server-raft-partition-4] TRACE i.a.p.raft.roles.FollowerRole - RaftServer{raft-partition-4}{role=FOLLOWER} - Received AppendRequest{term=1, leader=1, prevLogIndex=1, prevLogTerm=1, entries=0, commitIndex=1}
21:52:21.744 [raft-server-raft-partition-4] TRACE i.a.p.raft.roles.FollowerRole - RaftServer{raft-partition-4}{role=FOLLOWER} - Sending AppendResponse{status=OK, term=1, succeeded=true, lastLogIndex=1}
21:52:21.744 [raft-server-raft-partition-4] TRACE i.a.p.raft.roles.FollowerRole - RaftServer{raft-partition-4}{role=FOLLOWER} - Sending AppendResponse{status=OK, term=1, succeeded=true, lastLogIndex=1}
21:52:21.744 [raft-server-raft-partition-4] TRACE i.a.p.raft.roles.LeaderAppender - RaftServer{raft-partition-4} - Received AppendResponse{status=OK, term=1, succeeded=true, lastLogIndex=1} from 2
21:52:21.744 [raft-server-raft-partition-4] TRACE i.a.p.raft.roles.LeaderAppender - RaftServer{raft-partition-4} - Received AppendResponse{status=OK, term=1, succeeded=true, lastLogIndex=1} from 3
21:52:21.818 [raft-server-raft-partition-2] TRACE i.a.p.raft.roles.LeaderAppender - RaftServer{raft-partition-2} - Sending AppendRequest{term=1, leader=1, prevLogIndex=1, prevLogTerm=1, entries=0, commitIndex=1} to 2
21:52:21.818 [raft-server-raft-partition-2] TRACE i.a.p.raft.roles.LeaderAppender - RaftServer{raft-partition-2} - Sending AppendRequest{term=1, leader=1, prevLogIndex=1, prevLogTerm=1, entries=0, commitIndex=1} to 3
21:52:21.818 [raft-server-raft-partition-2] TRACE i.a.p.raft.roles.FollowerRole - RaftServer{raft-partition-2}{role=FOLLOWER} - Received AppendRequest{term=1, leader=1, prevLogIndex=1, prevLogTerm=1, entries=0, commitIndex=1}
21:52:21.818 [raft-server-raft-partition-2] TRACE i.a.p.raft.roles.FollowerRole - RaftServer{raft-partition-2}{role=FOLLOWER} - Received AppendRequest{term=1, leader=1, prevLogIndex=1, prevLogTerm=1, entries=0, commitIndex=1}
21:52:21.818 [raft-server-raft-partition-2] TRACE i.a.p.raft.roles.FollowerRole - RaftServer{raft-partition-2}{role=FOLLOWER} - Sending AppendResponse{status=OK, term=1, succeeded=true, lastLogIndex=1}
21:52:21.818 [raft-server-raft-partition-2] TRACE i.a.p.raft.roles.FollowerRole - RaftServer{raft-partition-2}{role=FOLLOWER} - Sending AppendResponse{status=OK, term=1, succeeded=true, lastLogIndex=1}
21:52:21.818 [raft-server-raft-partition-2] TRACE i.a.p.raft.roles.LeaderAppender - RaftServer{raft-partition-2} - Received AppendResponse{status=OK, term=1, succeeded=true, lastLogIndex=1} from 2
21:52:21.818 [raft-server-raft-partition-2] TRACE i.a.p.raft.roles.LeaderAppender - RaftServer{raft-partition-2} - Sending AppendRequest{term=1, leader=1, prevLogIndex=1, prevLogTerm=1, entries=0, commitIndex=1} to 2
21:52:21.818 [raft-server-raft-partition-2] TRACE i.a.p.raft.roles.LeaderAppender - RaftServer{raft-partition-2} - Received AppendResponse{status=OK, term=1, succeeded=true, lastLogIndex=1} from 3
21:52:21.819 [raft-server-raft-partition-2] TRACE i.a.p.raft.roles.FollowerRole - RaftServer{raft-partition-2}{role=FOLLOWER} - Received AppendRequest{term=1, leader=1, prevLogIndex=1, prevLogTerm=1, entries=0, commitIndex=1}
21:52:21.819 [raft-server-raft-partition-2] TRACE i.a.p.raft.roles.FollowerRole - RaftServer{raft-partition-2}{role=FOLLOWER} - Sending AppendResponse{status=OK, term=1, succeeded=true, lastLogIndex=1}
21:52:21.819 [raft-server-raft-partition-2] TRACE i.a.p.raft.roles.LeaderAppender - RaftServer{raft-partition-2} - Received AppendResponse{status=OK, term=1, succeeded=true, lastLogIndex=1} from 2
21:52:21.826 [raft-server-raft-partition-6] TRACE i.a.p.raft.roles.LeaderAppender - RaftServer{raft-partition-6} - Sending AppendRequest{term=1, leader=1, prevLogIndex=1, prevLogTerm=1, entries=0, commitIndex=1} to 2
21:52:21.826 [raft-server-raft-partition-6] TRACE i.a.p.raft.roles.LeaderAppender - RaftServer{raft-partition-6} - Sending AppendRequest{term=1, leader=1, prevLogIndex=1, prevLogTerm=1, entries=0, commitIndex=1} to 3
21:52:21.826 [raft-server-raft-partition-6] TRACE i.a.p.raft.roles.FollowerRole - RaftServer{raft-partition-6}{role=FOLLOWER} - Received AppendRequest{term=1, leader=1, prevLogIndex=1, prevLogTerm=1, entries=0, commitIndex=1}
21:52:21.826 [raft-server-raft-partition-6] TRACE i.a.p.raft.roles.FollowerRole - RaftServer{raft-partition-6}{role=FOLLOWER} - Received AppendRequest{term=1, leader=1, prevLogIndex=1, prevLogTerm=1, entries=0, commitIndex=1}
21:52:21.826 [raft-server-raft-partition-6] TRACE i.a.p.raft.roles.FollowerRole - RaftServer{raft-partition-6}{role=FOLLOWER} - Sending AppendResponse{status=OK, term=1, succeeded=true, lastLogIndex=1}
21:52:21.826 [raft-server-raft-partition-6] TRACE i.a.p.raft.roles.FollowerRole - RaftServer{raft-partition-6}{role=FOLLOWER} - Sending AppendResponse{status=OK, term=1, succeeded=true, lastLogIndex=1}
21:52:21.826 [raft-server-raft-partition-6] TRACE i.a.p.raft.roles.LeaderAppender - RaftServer{raft-partition-6} - Received AppendResponse{status=OK, term=1, succeeded=true, lastLogIndex=1} from 3
21:52:21.826 [raft-server-raft-partition-6] TRACE i.a.p.raft.roles.LeaderAppender - RaftServer{raft-partition-6} - Sending AppendRequest{term=1, leader=1, prevLogIndex=1, prevLogTerm=1, entries=0, commitIndex=1} to 3
21:52:21.826 [raft-server-raft-partition-6] TRACE i.a.p.raft.roles.LeaderAppender - RaftServer{raft-partition-6} - Received AppendResponse{status=OK, term=1, succeeded=true, lastLogIndex=1} from 2
21:52:21.826 [raft-server-raft-partition-6] TRACE i.a.p.raft.roles.LeaderAppender - RaftServer{raft-partition-6} - Sending AppendRequest{term=1, leader=1, prevLogIndex=1, prevLogTerm=1, entries=0, commitIndex=1} to 2
21:52:21.826 [raft-server-raft-partition-6] TRACE i.a.p.raft.roles.FollowerRole - RaftServer{raft-partition-6}{role=FOLLOWER} - Received AppendRequest{term=1, leader=1, prevLogIndex=1, prevLogTerm=1, entries=0, commitIndex=1}
21:52:21.826 [raft-server-raft-partition-6] TRACE i.a.p.raft.roles.FollowerRole - RaftServer{raft-partition-6}{role=FOLLOWER} - Sending AppendResponse{status=OK, term=1, succeeded=true, lastLogIndex=1}
21:52:21.827 [raft-server-raft-partition-6] TRACE i.a.p.raft.roles.FollowerRole - RaftServer{raft-partition-6}{role=FOLLOWER} - Received AppendRequest{term=1, leader=1, prevLogIndex=1, prevLogTerm=1, entries=0, commitIndex=1}
21:52:21.827 [raft-server-raft-partition-6] TRACE i.a.p.raft.roles.FollowerRole - RaftServer{raft-partition-6}{role=FOLLOWER} - Sending AppendResponse{status=OK, term=1, succeeded=true, lastLogIndex=1}
21:52:21.827 [raft-server-raft-partition-6] TRACE i.a.p.raft.roles.LeaderAppender - RaftServer{raft-partition-6} - Received AppendResponse{status=OK, term=1, succeeded=true, lastLogIndex=1} from 3
21:52:21.827 [raft-server-raft-partition-6] TRACE i.a.p.raft.roles.LeaderAppender - RaftServer{raft-partition-6} - Sending AppendRequest{term=1, leader=1, prevLogIndex=1, prevLogTerm=1, entries=0, commitIndex=1} to 3
21:52:21.827 [raft-server-raft-partition-6] TRACE i.a.p.raft.roles.LeaderAppender - RaftServer{raft-partition-6} - Received AppendResponse{status=OK, term=1, succeeded=true, lastLogIndex=1} from 2
21:52:21.827 [raft-server-raft-partition-6] TRACE i.a.p.raft.roles.LeaderAppender - RaftServer{raft-partition-6} - Sending AppendRequest{term=1, leader=1, prevLogIndex=1, prevLogTerm=1, entries=0, commitIndex=1} to 2
21:52:21.827 [raft-server-raft-partition-6] TRACE i.a.p.raft.roles.FollowerRole - RaftServer{raft-partition-6}{role=FOLLOWER} - Received AppendRequest{term=1, leader=1, prevLogIndex=1, prevLogTerm=1, entries=0, commitIndex=1}
21:52:21.827 [raft-server-raft-partition-6] TRACE i.a.p.raft.roles.FollowerRole - RaftServer{raft-partition-6}{role=FOLLOWER} - Sending AppendResponse{status=OK, term=1, succeeded=true, lastLogIndex=1}
21:52:21.827 [raft-server-raft-partition-6] TRACE i.a.p.raft.roles.FollowerRole - RaftServer{raft-partition-6}{role=FOLLOWER} - Received AppendRequest{term=1, leader=1, prevLogIndex=1, prevLogTerm=1, entries=0, commitIndex=1}
21:52:21.827 [raft-server-raft-partition-6] TRACE i.a.p.raft.roles.FollowerRole - RaftServer{raft-partition-6}{role=FOLLOWER} - Sending AppendResponse{status=OK, term=1, succeeded=true, lastLogIndex=1}
21:52:21.827 [raft-server-raft-partition-6] TRACE i.a.p.raft.roles.LeaderAppender - RaftServer{raft-partition-6} - Received AppendResponse{status=OK, term=1, succeeded=true, lastLogIndex=1} from 3
21:52:21.827 [raft-server-raft-partition-6] TRACE i.a.p.raft.roles.LeaderAppender - RaftServer{raft-partition-6} - Received AppendResponse{status=OK, term=1, succeeded=true, lastLogIndex=1} from 2
21:52:21.875 [raft-server-raft-partition-3] TRACE i.a.p.raft.roles.LeaderAppender - RaftServer{raft-partition-3} - Sending AppendRequest{term=3, leader=1, prevLogIndex=1, prevLogTerm=2, entries=0, commitIndex=1} to 2
21:52:21.875 [raft-server-raft-partition-3] TRACE i.a.p.raft.roles.LeaderAppender - RaftServer{raft-partition-3} - Sending AppendRequest{term=3, leader=1, prevLogIndex=1, prevLogTerm=2, entries=0, commitIndex=1} to 3
21:52:21.875 [raft-server-raft-partition-3] TRACE i.a.p.raft.roles.FollowerRole - RaftServer{raft-partition-3}{role=FOLLOWER} - Received AppendRequest{term=3, leader=1, prevLogIndex=1, prevLogTerm=2, entries=0, commitIndex=1}
21:52:21.875 [raft-server-raft-partition-3] TRACE i.a.p.raft.roles.FollowerRole - RaftServer{raft-partition-3}{role=FOLLOWER} - Received AppendRequest{term=3, leader=1, prevLogIndex=1, prevLogTerm=2, entries=0, commitIndex=1}
21:52:21.875 [raft-server-raft-partition-3] TRACE i.a.p.raft.roles.FollowerRole - RaftServer{raft-partition-3}{role=FOLLOWER} - Sending AppendResponse{status=OK, term=3, succeeded=true, lastLogIndex=1}
21:52:21.875 [raft-server-raft-partition-3] TRACE i.a.p.raft.roles.FollowerRole - RaftServer{raft-partition-3}{role=FOLLOWER} - Sending AppendResponse{status=OK, term=3, succeeded=true, lastLogIndex=1}
21:52:21.875 [raft-server-raft-partition-3] TRACE i.a.p.raft.roles.LeaderAppender - RaftServer{raft-partition-3} - Received AppendResponse{status=OK, term=3, succeeded=true, lastLogIndex=1} from 3
21:52:21.875 [raft-server-raft-partition-3] TRACE i.a.p.raft.roles.LeaderAppender - RaftServer{raft-partition-3} - Sending AppendRequest{term=3, leader=1, prevLogIndex=1, prevLogTerm=2, entries=0, commitIndex=1} to 3
21:52:21.876 [raft-server-raft-partition-3] TRACE i.a.p.raft.roles.LeaderAppender - RaftServer{raft-partition-3} - Received AppendResponse{status=OK, term=3, succeeded=true, lastLogIndex=1} from 2
21:52:21.876 [raft-server-raft-partition-3] TRACE i.a.p.raft.roles.LeaderAppender - RaftServer{raft-partition-3} - Sending AppendRequest{term=3, leader=1, prevLogIndex=1, prevLogTerm=2, entries=0, commitIndex=1} to 2
21:52:21.876 [raft-server-raft-partition-3] TRACE i.a.p.raft.roles.FollowerRole - RaftServer{raft-partition-3}{role=FOLLOWER} - Received AppendRequest{term=3, leader=1, prevLogIndex=1, prevLogTerm=2, entries=0, commitIndex=1}
21:52:21.876 [raft-server-raft-partition-3] TRACE i.a.p.raft.roles.FollowerRole - RaftServer{raft-partition-3}{role=FOLLOWER} - Received AppendRequest{term=3, leader=1, prevLogIndex=1, prevLogTerm=2, entries=0, commitIndex=1}
21:52:21.876 [raft-server-raft-partition-3] TRACE i.a.p.raft.roles.FollowerRole - RaftServer{raft-partition-3}{role=FOLLOWER} - Sending AppendResponse{status=OK, term=3, succeeded=true, lastLogIndex=1}
21:52:21.876 [raft-server-raft-partition-3] TRACE i.a.p.raft.roles.FollowerRole - RaftServer{raft-partition-3}{role=FOLLOWER} - Sending AppendResponse{status=OK, term=3, succeeded=true, lastLogIndex=1}
21:52:21.876 [raft-server-raft-partition-3] TRACE i.a.p.raft.roles.LeaderAppender - RaftServer{raft-partition-3} - Received AppendResponse{status=OK, term=3, succeeded=true, lastLogIndex=1} from 2
21:52:21.876 [raft-server-raft-partition-3] TRACE i.a.p.raft.roles.LeaderAppender - RaftServer{raft-partition-3} - Received AppendResponse{status=OK, term=3, succeeded=true, lastLogIndex=1} from 3
21:52:21.884 [raft-server-raft-partition-1] TRACE i.a.p.raft.roles.LeaderAppender - RaftServer{raft-partition-1} - Sending AppendRequest{term=1, leader=2, prevLogIndex=1, prevLogTerm=1, entries=0, commitIndex=1} to 3
21:52:21.885 [raft-server-raft-partition-1] TRACE i.a.p.raft.roles.FollowerRole - RaftServer{raft-partition-1}{role=FOLLOWER} - Received AppendRequest{term=1, leader=2, prevLogIndex=1, prevLogTerm=1, entries=0, commitIndex=1}
21:52:21.885 [raft-server-raft-partition-1] TRACE i.a.p.raft.roles.FollowerRole - RaftServer{raft-partition-1}{role=FOLLOWER} - Sending AppendResponse{status=OK, term=1, succeeded=true, lastLogIndex=1}
21:52:21.885 [raft-server-raft-partition-1] TRACE i.a.p.raft.roles.LeaderAppender - RaftServer{raft-partition-1} - Received AppendResponse{status=OK, term=1, succeeded=true, lastLogIndex=1} from 3
21:52:21.885 [raft-server-raft-partition-1] TRACE i.a.p.raft.roles.LeaderAppender - RaftServer{raft-partition-1} - Sending AppendRequest{term=1, leader=2, prevLogIndex=1, prevLogTerm=1, entries=0, commitIndex=1} to 3
21:52:21.885 [raft-server-raft-partition-1] TRACE i.a.p.raft.roles.FollowerRole - RaftServer{raft-partition-1}{role=FOLLOWER} - Received AppendRequest{term=1, leader=2, prevLogIndex=1, prevLogTerm=1, entries=0, commitIndex=1}
21:52:21.885 [raft-server-raft-partition-1] TRACE i.a.p.raft.roles.FollowerRole - RaftServer{raft-partition-1}{role=FOLLOWER} - Sending AppendResponse{status=OK, term=1, succeeded=true, lastLogIndex=1}
21:52:21.886 [raft-server-raft-partition-1] TRACE i.a.p.raft.roles.LeaderAppender - RaftServer{raft-partition-1} - Received AppendResponse{status=OK, term=1, succeeded=true, lastLogIndex=1} from 3
21:52:21.917 [raft-server-system-partition-1] TRACE i.a.p.raft.roles.LeaderAppender - RaftServer{system-partition-1} - Sending AppendRequest{term=1, leader=1, prevLogIndex=16, prevLogTerm=1, entries=0, commitIndex=16} to 2
21:52:21.917 [raft-server-system-partition-1] TRACE i.a.p.raft.roles.LeaderAppender - RaftServer{system-partition-1} - Sending AppendRequest{term=1, leader=1, prevLogIndex=16, prevLogTerm=1, entries=0, commitIndex=16} to 3
21:52:21.917 [raft-server-system-partition-1] TRACE i.a.p.raft.roles.FollowerRole - RaftServer{system-partition-1}{role=FOLLOWER} - Received AppendRequest{term=1, leader=1, prevLogIndex=16, prevLogTerm=1, entries=0, commitIndex=16}
21:52:21.917 [raft-server-system-partition-1] TRACE i.a.p.raft.roles.FollowerRole - RaftServer{system-partition-1}{role=FOLLOWER} - Sending AppendResponse{status=OK, term=1, succeeded=true, lastLogIndex=16}
21:52:21.917 [raft-server-system-partition-1] TRACE i.a.p.raft.roles.FollowerRole - RaftServer{system-partition-1}{role=FOLLOWER} - Received AppendRequest{term=1, leader=1, prevLogIndex=16, prevLogTerm=1, entries=0, commitIndex=16}
21:52:21.918 [raft-server-system-partition-1] TRACE i.a.p.raft.roles.FollowerRole - RaftServer{system-partition-1}{role=FOLLOWER} - Sending AppendResponse{status=OK, term=1, succeeded=true, lastLogIndex=16}
21:52:21.918 [raft-server-system-partition-1] TRACE i.a.p.raft.roles.LeaderAppender - RaftServer{system-partition-1} - Received AppendResponse{status=OK, term=1, succeeded=true, lastLogIndex=16} from 2
21:52:21.918 [raft-server-system-partition-1] TRACE i.a.p.raft.roles.LeaderAppender - RaftServer{system-partition-1} - Sending AppendRequest{term=1, leader=1, prevLogIndex=16, prevLogTerm=1, entries=0, commitIndex=16} to 2
21:52:21.918 [raft-server-system-partition-1] TRACE i.a.p.raft.roles.LeaderAppender - RaftServer{system-partition-1} - Received AppendResponse{status=OK, term=1, succeeded=true, lastLogIndex=16} from 3
21:52:21.918 [raft-server-system-partition-1] TRACE i.a.p.raft.roles.LeaderAppender - RaftServer{system-partition-1} - Sending AppendRequest{term=1, leader=1, prevLogIndex=16, prevLogTerm=1, entries=0, commitIndex=16} to 3
21:52:21.918 [raft-server-system-partition-1] TRACE i.a.p.raft.roles.FollowerRole - RaftServer{system-partition-1}{role=FOLLOWER} - Received AppendRequest{term=1, leader=1, prevLogIndex=16, prevLogTerm=1, entries=0, commitIndex=16}
21:52:21.918 [raft-server-system-partition-1] TRACE i.a.p.raft.roles.FollowerRole - RaftServer{system-partition-1}{role=FOLLOWER} - Received AppendRequest{term=1, leader=1, prevLogIndex=16, prevLogTerm=1, entries=0, commitIndex=16}
21:52:21.918 [raft-server-system-partition-1] TRACE i.a.p.raft.roles.FollowerRole - RaftServer{system-partition-1}{role=FOLLOWER} - Sending AppendResponse{status=OK, term=1, succeeded=true, lastLogIndex=16}
21:52:21.918 [raft-server-system-partition-1] TRACE i.a.p.raft.roles.FollowerRole - RaftServer{system-partition-1}{role=FOLLOWER} - Sending AppendResponse{status=OK, term=1, succeeded=true, lastLogIndex=16}
21:52:21.918 [raft-server-system-partition-1] TRACE i.a.p.raft.roles.LeaderAppender - RaftServer{system-partition-1} - Received AppendResponse{status=OK, term=1, succeeded=true, lastLogIndex=16} from 2
21:52:21.918 [raft-server-system-partition-1] TRACE i.a.p.raft.roles.LeaderAppender - RaftServer{system-partition-1} - Received AppendResponse{status=OK, term=1, succeeded=true, lastLogIndex=16} from 3
21:52:21.959 [raft-server-raft-partition-5] TRACE i.a.p.raft.roles.LeaderAppender - RaftServer{raft-partition-5} - Sending AppendRequest{term=1, leader=3, prevLogIndex=1, prevLogTerm=1, entries=0, commitIndex=1} to 1
21:52:21.959 [raft-server-raft-partition-5] TRACE i.a.p.raft.roles.LeaderAppender - RaftServer{raft-partition-5} - Sending AppendRequest{term=1, leader=3, prevLogIndex=1, prevLogTerm=1, entries=0, commitIndex=1} to 2
21:52:21.959 [raft-server-raft-partition-7] TRACE i.a.p.raft.roles.LeaderAppender - RaftServer{raft-partition-7} - Sending AppendRequest{term=1, leader=2, prevLogIndex=1, prevLogTerm=1, entries=0, commitIndex=1} to 1
21:52:21.959 [raft-server-raft-partition-5] TRACE i.a.p.raft.roles.FollowerRole - RaftServer{raft-partition-5}{role=FOLLOWER} - Received AppendRequest{term=1, leader=3, prevLogIndex=1, prevLogTerm=1, entries=0, commitIndex=1}
21:52:21.959 [raft-server-raft-partition-5] TRACE i.a.p.raft.roles.FollowerRole - RaftServer{raft-partition-5}{role=FOLLOWER} - Received AppendRequest{term=1, leader=3, prevLogIndex=1, prevLogTerm=1, entries=0, commitIndex=1}
21:52:21.959 [raft-server-raft-partition-7] TRACE i.a.p.raft.roles.LeaderAppender - RaftServer{raft-partition-7} - Sending AppendRequest{term=1, leader=2, prevLogIndex=1, prevLogTerm=1, entries=0, commitIndex=1} to 3
21:52:21.959 [raft-server-raft-partition-5] TRACE i.a.p.raft.roles.FollowerRole - RaftServer{raft-partition-5}{role=FOLLOWER} - Sending AppendResponse{status=OK, term=1, succeeded=true, lastLogIndex=1}
21:52:21.959 [raft-server-raft-partition-5] TRACE i.a.p.raft.roles.FollowerRole - RaftServer{raft-partition-5}{role=FOLLOWER} - Sending AppendResponse{status=OK, term=1, succeeded=true, lastLogIndex=1}
21:52:21.959 [raft-server-raft-partition-7] TRACE i.a.p.raft.roles.FollowerRole - RaftServer{raft-partition-7}{role=FOLLOWER} - Received AppendRequest{term=1, leader=2, prevLogIndex=1, prevLogTerm=1, entries=0, commitIndex=1}
21:52:21.959 [raft-server-raft-partition-7] TRACE i.a.p.raft.roles.FollowerRole - RaftServer{raft-partition-7}{role=FOLLOWER} - Received AppendRequest{term=1, leader=2, prevLogIndex=1, prevLogTerm=1, entries=0, commitIndex=1}
21:52:21.959 [raft-server-raft-partition-5] TRACE i.a.p.raft.roles.LeaderAppender - RaftServer{raft-partition-5} - Received AppendResponse{status=OK, term=1, succeeded=true, lastLogIndex=1} from 1
21:52:21.959 [raft-server-raft-partition-7] TRACE i.a.p.raft.roles.FollowerRole - RaftServer{raft-partition-7}{role=FOLLOWER} - Sending AppendResponse{status=OK, term=1, succeeded=true, lastLogIndex=1}
21:52:21.960 [raft-server-raft-partition-7] TRACE i.a.p.raft.roles.FollowerRole - RaftServer{raft-partition-7}{role=FOLLOWER} - Sending AppendResponse{status=OK, term=1, succeeded=true, lastLogIndex=1}
21:52:21.960 [raft-server-raft-partition-5] TRACE i.a.p.raft.roles.LeaderAppender - RaftServer{raft-partition-5} - Sending AppendRequest{term=1, leader=3, prevLogIndex=1, prevLogTerm=1, entries=0, commitIndex=1} to 1
21:52:21.960 [raft-server-raft-partition-7] TRACE i.a.p.raft.roles.LeaderAppender - RaftServer{raft-partition-7} - Received AppendResponse{status=OK, term=1, succeeded=true, lastLogIndex=1} from 1
21:52:21.960 [raft-server-raft-partition-5] TRACE i.a.p.raft.roles.LeaderAppender - RaftServer{raft-partition-5} - Received AppendResponse{status=OK, term=1, succeeded=true, lastLogIndex=1} from 2
21:52:21.960 [raft-server-raft-partition-7] TRACE i.a.p.raft.roles.LeaderAppender - RaftServer{raft-partition-7} - Sending AppendRequest{term=1, leader=2, prevLogIndex=1, prevLogTerm=1, entries=0, commitIndex=1} to 1
21:52:21.960 [raft-server-raft-partition-5] TRACE i.a.p.raft.roles.LeaderAppender - RaftServer{raft-partition-5} - Sending AppendRequest{term=1, leader=3, prevLogIndex=1, prevLogTerm=1, entries=0, commitIndex=1} to 2
21:52:21.960 [raft-server-raft-partition-5] TRACE i.a.p.raft.roles.FollowerRole - RaftServer{raft-partition-5}{role=FOLLOWER} - Received AppendRequest{term=1, leader=3, prevLogIndex=1, prevLogTerm=1, entries=0, commitIndex=1}
21:52:21.960 [raft-server-raft-partition-7] TRACE i.a.p.raft.roles.LeaderAppender - RaftServer{raft-partition-7} - Received AppendResponse{status=OK, term=1, succeeded=true, lastLogIndex=1} from 3
21:52:21.960 [raft-server-raft-partition-7] TRACE i.a.p.raft.roles.FollowerRole - RaftServer{raft-partition-7}{role=FOLLOWER} - Received AppendRequest{term=1, leader=2, prevLogIndex=1, prevLogTerm=1, entries=0, commitIndex=1}
21:52:21.960 [raft-server-raft-partition-5] TRACE i.a.p.raft.roles.FollowerRole - RaftServer{raft-partition-5}{role=FOLLOWER} - Sending AppendResponse{status=OK, term=1, succeeded=true, lastLogIndex=1}
21:52:21.960 [raft-server-raft-partition-5] TRACE i.a.p.raft.roles.FollowerRole - RaftServer{raft-partition-5}{role=FOLLOWER} - Received AppendRequest{term=1, leader=3, prevLogIndex=1, prevLogTerm=1, entries=0, commitIndex=1}
21:52:21.960 [raft-server-raft-partition-7] TRACE i.a.p.raft.roles.LeaderAppender - RaftServer{raft-partition-7} - Sending AppendRequest{term=1, leader=2, prevLogIndex=1, prevLogTerm=1, entries=0, commitIndex=1} to 3
21:52:21.960 [raft-server-raft-partition-7] TRACE i.a.p.raft.roles.FollowerRole - RaftServer{raft-partition-7}{role=FOLLOWER} - Sending AppendResponse{status=OK, term=1, succeeded=true, lastLogIndex=1}
21:52:21.960 [raft-server-raft-partition-5] TRACE i.a.p.raft.roles.FollowerRole - RaftServer{raft-partition-5}{role=FOLLOWER} - Sending AppendResponse{status=OK, term=1, succeeded=true, lastLogIndex=1}
21:52:21.961 [raft-server-raft-partition-5] TRACE i.a.p.raft.roles.LeaderAppender - RaftServer{raft-partition-5} - Received AppendResponse{status=OK, term=1, succeeded=true, lastLogIndex=1} from 1
21:52:21.961 [raft-server-raft-partition-7] TRACE i.a.p.raft.roles.FollowerRole - RaftServer{raft-partition-7}{role=FOLLOWER} - Received AppendRequest{term=1, leader=2, prevLogIndex=1, prevLogTerm=1, entries=0, commitIndex=1}
21:52:21.961 [raft-server-raft-partition-7] TRACE i.a.p.raft.roles.FollowerRole - RaftServer{raft-partition-7}{role=FOLLOWER} - Sending AppendResponse{status=OK, term=1, succeeded=true, lastLogIndex=1}
21:52:21.961 [raft-server-raft-partition-5] TRACE i.a.p.raft.roles.LeaderAppender - RaftServer{raft-partition-5} - Received AppendResponse{status=OK, term=1, succeeded=true, lastLogIndex=1} from 2
21:52:21.961 [raft-server-raft-partition-7] TRACE i.a.p.raft.roles.LeaderAppender - RaftServer{raft-partition-7} - Received AppendResponse{status=OK, term=1, succeeded=true, lastLogIndex=1} from 1
21:52:21.961 [raft-server-raft-partition-7] TRACE i.a.p.raft.roles.LeaderAppender - RaftServer{raft-partition-7} - Received AppendResponse{status=OK, term=1, succeeded=true, lastLogIndex=1} from 3
21:52:21.993 [raft-server-raft-partition-4] TRACE i.a.p.raft.roles.LeaderAppender - RaftServer{raft-partition-4} - Sending AppendRequest{term=1, leader=1, prevLogIndex=1, prevLogTerm=1, entries=0, commitIndex=1} to 2
21:52:21.993 [raft-server-raft-partition-4] TRACE i.a.p.raft.roles.LeaderAppender - RaftServer{raft-partition-4} - Sending AppendRequest{term=1, leader=1, prevLogIndex=1, prevLogTerm=1, entries=0, commitIndex=1} to 3
21:52:21.993 [raft-server-raft-partition-4] TRACE i.a.p.raft.roles.FollowerRole - RaftServer{raft-partition-4}{role=FOLLOWER} - Received AppendRequest{term=1, leader=1, prevLogIndex=1, prevLogTerm=1, entries=0, commitIndex=1}
21:52:21.993 [raft-server-raft-partition-4] TRACE i.a.p.raft.roles.FollowerRole - RaftServer{raft-partition-4}{role=FOLLOWER} - Received AppendRequest{term=1, leader=1, prevLogIndex=1, prevLogTerm=1, entries=0, commitIndex=1}
21:52:21.993 [raft-server-raft-partition-4] TRACE i.a.p.raft.roles.FollowerRole - RaftServer{raft-partition-4}{role=FOLLOWER} - Sending AppendResponse{status=OK, term=1, succeeded=true, lastLogIndex=1}
21:52:21.993 [raft-server-raft-partition-4] TRACE i.a.p.raft.roles.FollowerRole - RaftServer{raft-partition-4}{role=FOLLOWER} - Sending AppendResponse{status=OK, term=1, succeeded=true, lastLogIndex=1}
21:52:21.994 [raft-server-raft-partition-4] TRACE i.a.p.raft.roles.LeaderAppender - RaftServer{raft-partition-4} - Received AppendResponse{status=OK, term=1, succeeded=true, lastLogIndex=1} from 2
21:52:21.994 [raft-server-raft-partition-4] TRACE i.a.p.raft.roles.LeaderAppender - RaftServer{raft-partition-4} - Sending AppendRequest{term=1, leader=1, prevLogIndex=1, prevLogTerm=1, entries=0, commitIndex=1} to 2
21:52:21.994 [raft-server-raft-partition-4] TRACE i.a.p.raft.roles.LeaderAppender - RaftServer{raft-partition-4} - Received AppendResponse{status=OK, term=1, succeeded=true, lastLogIndex=1} from 3
21:52:21.994 [raft-server-raft-partition-4] TRACE i.a.p.raft.roles.LeaderAppender - RaftServer{raft-partition-4} - Sending AppendRequest{term=1, leader=1, prevLogIndex=1, prevLogTerm=1, entries=0, commitIndex=1} to 3
21:52:21.994 [raft-server-raft-partition-4] TRACE i.a.p.raft.roles.FollowerRole - RaftServer{raft-partition-4}{role=FOLLOWER} - Received AppendRequest{term=1, leader=1, prevLogIndex=1, prevLogTerm=1, entries=0, commitIndex=1}
21:52:21.994 [raft-server-raft-partition-4] TRACE i.a.p.raft.roles.FollowerRole - RaftServer{raft-partition-4}{role=FOLLOWER} - Sending AppendResponse{status=OK, term=1, succeeded=true, lastLogIndex=1}
21:52:21.994 [raft-server-raft-partition-4] TRACE i.a.p.raft.roles.FollowerRole - RaftServer{raft-partition-4}{role=FOLLOWER} - Received AppendRequest{term=1, leader=1, prevLogIndex=1, prevLogTerm=1, entries=0, commitIndex=1}
21:52:21.994 [raft-server-raft-partition-4] TRACE i.a.p.raft.roles.FollowerRole - RaftServer{raft-partition-4}{role=FOLLOWER} - Sending AppendResponse{status=OK, term=1, succeeded=true, lastLogIndex=1}
21:52:21.994 [raft-server-raft-partition-4] TRACE i.a.p.raft.roles.LeaderAppender - RaftServer{raft-partition-4} - Received AppendResponse{status=OK, term=1, succeeded=true, lastLogIndex=1} from 2
21:52:21.994 [raft-server-raft-partition-4] TRACE i.a.p.raft.roles.LeaderAppender - RaftServer{raft-partition-4} - Received AppendResponse{status=OK, term=1, succeeded=true, lastLogIndex=1} from 3
21:52:22.068 [raft-server-raft-partition-2] TRACE i.a.p.raft.roles.LeaderAppender - RaftServer{raft-partition-2} - Sending AppendRequest{term=1, leader=1, prevLogIndex=1, prevLogTerm=1, entries=0, commitIndex=1} to 2
21:52:22.068 [raft-server-raft-partition-2] TRACE i.a.p.raft.roles.LeaderAppender - RaftServer{raft-partition-2} - Sending AppendRequest{term=1, leader=1, prevLogIndex=1, prevLogTerm=1, entries=0, commitIndex=1} to 3
21:52:22.068 [raft-server-raft-partition-2] TRACE i.a.p.raft.roles.FollowerRole - RaftServer{raft-partition-2}{role=FOLLOWER} - Received AppendRequest{term=1, leader=1, prevLogIndex=1, prevLogTerm=1, entries=0, commitIndex=1}
21:52:22.068 [raft-server-raft-partition-2] TRACE i.a.p.raft.roles.FollowerRole - RaftServer{raft-partition-2}{role=FOLLOWER} - Sending AppendResponse{status=OK, term=1, succeeded=true, lastLogIndex=1}
21:52:22.068 [raft-server-raft-partition-2] TRACE i.a.p.raft.roles.FollowerRole - RaftServer{raft-partition-2}{role=FOLLOWER} - Received AppendRequest{term=1, leader=1, prevLogIndex=1, prevLogTerm=1, entries=0, commitIndex=1}
21:52:22.068 [raft-server-raft-partition-2] TRACE i.a.p.raft.roles.FollowerRole - RaftServer{raft-partition-2}{role=FOLLOWER} - Sending AppendResponse{status=OK, term=1, succeeded=true, lastLogIndex=1}
21:52:22.068 [raft-server-raft-partition-2] TRACE i.a.p.raft.roles.LeaderAppender - RaftServer{raft-partition-2} - Received AppendResponse{status=OK, term=1, succeeded=true, lastLogIndex=1} from 2
21:52:22.068 [raft-server-raft-partition-2] TRACE i.a.p.raft.roles.LeaderAppender - RaftServer{raft-partition-2} - Sending AppendRequest{term=1, leader=1, prevLogIndex=1, prevLogTerm=1, entries=0, commitIndex=1} to 2
21:52:22.068 [raft-server-raft-partition-2] TRACE i.a.p.raft.roles.LeaderAppender - RaftServer{raft-partition-2} - Received AppendResponse{status=OK, term=1, succeeded=true, lastLogIndex=1} from 3
21:52:22.068 [raft-server-raft-partition-2] TRACE i.a.p.raft.roles.FollowerRole - RaftServer{raft-partition-2}{role=FOLLOWER} - Received AppendRequest{term=1, leader=1, prevLogIndex=1, prevLogTerm=1, entries=0, commitIndex=1}
21:52:22.068 [raft-server-raft-partition-2] TRACE i.a.p.raft.roles.FollowerRole - RaftServer{raft-partition-2}{role=FOLLOWER} - Sending AppendResponse{status=OK, term=1, succeeded=true, lastLogIndex=1}
21:52:22.068 [raft-server-raft-partition-2] TRACE i.a.p.raft.roles.LeaderAppender - RaftServer{raft-partition-2} - Received AppendResponse{status=OK, term=1, succeeded=true, lastLogIndex=1} from 2
21:52:22.076 [raft-server-raft-partition-6] TRACE i.a.p.raft.roles.LeaderAppender - RaftServer{raft-partition-6} - Sending AppendRequest{term=1, leader=1, prevLogIndex=1, prevLogTerm=1, entries=0, commitIndex=1} to 2
21:52:22.076 [raft-server-raft-partition-6] TRACE i.a.p.raft.roles.LeaderAppender - RaftServer{raft-partition-6} - Sending AppendRequest{term=1, leader=1, prevLogIndex=1, prevLogTerm=1, entries=0, commitIndex=1} to 3
21:52:22.076 [raft-server-raft-partition-6] TRACE i.a.p.raft.roles.FollowerRole - RaftServer{raft-partition-6}{role=FOLLOWER} - Received AppendRequest{term=1, leader=1, prevLogIndex=1, prevLogTerm=1, entries=0, commitIndex=1}
21:52:22.076 [raft-server-raft-partition-6] TRACE i.a.p.raft.roles.FollowerRole - RaftServer{raft-partition-6}{role=FOLLOWER} - Sending AppendResponse{status=OK, term=1, succeeded=true, lastLogIndex=1}
21:52:22.076 [raft-server-raft-partition-6] TRACE i.a.p.raft.roles.FollowerRole - RaftServer{raft-partition-6}{role=FOLLOWER} - Received AppendRequest{term=1, leader=1, prevLogIndex=1, prevLogTerm=1, entries=0, commitIndex=1}
21:52:22.076 [raft-server-raft-partition-6] TRACE i.a.p.raft.roles.FollowerRole - RaftServer{raft-partition-6}{role=FOLLOWER} - Sending AppendResponse{status=OK, term=1, succeeded=true, lastLogIndex=1}
21:52:22.076 [raft-server-raft-partition-6] TRACE i.a.p.raft.roles.LeaderAppender - RaftServer{raft-partition-6} - Received AppendResponse{status=OK, term=1, succeeded=true, lastLogIndex=1} from 3
21:52:22.076 [raft-server-raft-partition-6] TRACE i.a.p.raft.roles.LeaderAppender - RaftServer{raft-partition-6} - Sending AppendRequest{term=1, leader=1, prevLogIndex=1, prevLogTerm=1, entries=0, commitIndex=1} to 3
21:52:22.076 [raft-server-raft-partition-6] TRACE i.a.p.raft.roles.LeaderAppender - RaftServer{raft-partition-6} - Received AppendResponse{status=OK, term=1, succeeded=true, lastLogIndex=1} from 2
21:52:22.076 [raft-server-raft-partition-6] TRACE i.a.p.raft.roles.LeaderAppender - RaftServer{raft-partition-6} - Sending AppendRequest{term=1, leader=1, prevLogIndex=1, prevLogTerm=1, entries=0, commitIndex=1} to 2
21:52:22.077 [raft-server-raft-partition-6] TRACE i.a.p.raft.roles.FollowerRole - RaftServer{raft-partition-6}{role=FOLLOWER} - Received AppendRequest{term=1, leader=1, prevLogIndex=1, prevLogTerm=1, entries=0, commitIndex=1}
21:52:22.077 [raft-server-raft-partition-6] TRACE i.a.p.raft.roles.FollowerRole - RaftServer{raft-partition-6}{role=FOLLOWER} - Sending AppendResponse{status=OK, term=1, succeeded=true, lastLogIndex=1}
21:52:22.077 [raft-server-raft-partition-6] TRACE i.a.p.raft.roles.FollowerRole - RaftServer{raft-partition-6}{role=FOLLOWER} - Received AppendRequest{term=1, leader=1, prevLogIndex=1, prevLogTerm=1, entries=0, commitIndex=1}
21:52:22.077 [raft-server-raft-partition-6] TRACE i.a.p.raft.roles.FollowerRole - RaftServer{raft-partition-6}{role=FOLLOWER} - Sending AppendResponse{status=OK, term=1, succeeded=true, lastLogIndex=1}
21:52:22.077 [raft-server-raft-partition-6] TRACE i.a.p.raft.roles.LeaderAppender - RaftServer{raft-partition-6} - Received AppendResponse{status=OK, term=1, succeeded=true, lastLogIndex=1} from 3
21:52:22.077 [raft-server-raft-partition-6] TRACE i.a.p.raft.roles.LeaderAppender - RaftServer{raft-partition-6} - Sending AppendRequest{term=1, leader=1, prevLogIndex=1, prevLogTerm=1, entries=0, commitIndex=1} to 3
21:52:22.077 [raft-server-raft-partition-6] TRACE i.a.p.raft.roles.LeaderAppender - RaftServer{raft-partition-6} - Received AppendResponse{status=OK, term=1, succeeded=true, lastLogIndex=1} from 2
21:52:22.077 [raft-server-raft-partition-6] TRACE i.a.p.raft.roles.LeaderAppender - RaftServer{raft-partition-6} - Sending AppendRequest{term=1, leader=1, prevLogIndex=1, prevLogTerm=1, entries=0, commitIndex=1} to 2
21:52:22.077 [raft-server-raft-partition-6] TRACE i.a.p.raft.roles.FollowerRole - RaftServer{raft-partition-6}{role=FOLLOWER} - Received AppendRequest{term=1, leader=1, prevLogIndex=1, prevLogTerm=1, entries=0, commitIndex=1}
21:52:22.077 [raft-server-raft-partition-6] TRACE i.a.p.raft.roles.FollowerRole - RaftServer{raft-partition-6}{role=FOLLOWER} - Sending AppendResponse{status=OK, term=1, succeeded=true, lastLogIndex=1}
21:52:22.077 [raft-server-raft-partition-6] TRACE i.a.p.raft.roles.FollowerRole - RaftServer{raft-partition-6}{role=FOLLOWER} - Received AppendRequest{term=1, leader=1, prevLogIndex=1, prevLogTerm=1, entries=0, commitIndex=1}
21:52:22.077 [raft-server-raft-partition-6] TRACE i.a.p.raft.roles.FollowerRole - RaftServer{raft-partition-6}{role=FOLLOWER} - Sending AppendResponse{status=OK, term=1, succeeded=true, lastLogIndex=1}
21:52:22.077 [raft-server-raft-partition-6] TRACE i.a.p.raft.roles.LeaderAppender - RaftServer{raft-partition-6} - Received AppendResponse{status=OK, term=1, succeeded=true, lastLogIndex=1} from 3
21:52:22.077 [raft-server-raft-partition-6] TRACE i.a.p.raft.roles.LeaderAppender - RaftServer{raft-partition-6} - Received AppendResponse{status=OK, term=1, succeeded=true, lastLogIndex=1} from 2
21:52:22.125 [raft-server-raft-partition-3] TRACE i.a.p.raft.roles.LeaderAppender - RaftServer{raft-partition-3} - Sending AppendRequest{term=3, leader=1, prevLogIndex=1, prevLogTerm=2, entries=0, commitIndex=1} to 2
21:52:22.125 [raft-server-raft-partition-3] TRACE i.a.p.raft.roles.LeaderAppender - RaftServer{raft-partition-3} - Sending AppendRequest{term=3, leader=1, prevLogIndex=1, prevLogTerm=2, entries=0, commitIndex=1} to 3
21:52:22.125 [raft-server-raft-partition-3] TRACE i.a.p.raft.roles.FollowerRole - RaftServer{raft-partition-3}{role=FOLLOWER} - Received AppendRequest{term=3, leader=1, prevLogIndex=1, prevLogTerm=2, entries=0, commitIndex=1}
21:52:22.125 [raft-server-raft-partition-3] TRACE i.a.p.raft.roles.FollowerRole - RaftServer{raft-partition-3}{role=FOLLOWER} - Received AppendRequest{term=3, leader=1, prevLogIndex=1, prevLogTerm=2, entries=0, commitIndex=1}
21:52:22.125 [raft-server-raft-partition-3] TRACE i.a.p.raft.roles.FollowerRole - RaftServer{raft-partition-3}{role=FOLLOWER} - Sending AppendResponse{status=OK, term=3, succeeded=true, lastLogIndex=1}
21:52:22.125 [raft-server-raft-partition-3] TRACE i.a.p.raft.roles.FollowerRole - RaftServer{raft-partition-3}{role=FOLLOWER} - Sending AppendResponse{status=OK, term=3, succeeded=true, lastLogIndex=1}
21:52:22.125 [raft-server-raft-partition-3] TRACE i.a.p.raft.roles.LeaderAppender - RaftServer{raft-partition-3} - Received AppendResponse{status=OK, term=3, succeeded=true, lastLogIndex=1} from 2
21:52:22.125 [raft-server-raft-partition-3] TRACE i.a.p.raft.roles.LeaderAppender - RaftServer{raft-partition-3} - Sending AppendRequest{term=3, leader=1, prevLogIndex=1, prevLogTerm=2, entries=0, commitIndex=1} to 2
21:52:22.125 [raft-server-raft-partition-3] TRACE i.a.p.raft.roles.LeaderAppender - RaftServer{raft-partition-3} - Received AppendResponse{status=OK, term=3, succeeded=true, lastLogIndex=1} from 3
21:52:22.125 [raft-server-raft-partition-3] TRACE i.a.p.raft.roles.LeaderAppender - RaftServer{raft-partition-3} - Sending AppendRequest{term=3, leader=1, prevLogIndex=1, prevLogTerm=2, entries=0, commitIndex=1} to 3
21:52:22.126 [raft-server-raft-partition-3] TRACE i.a.p.raft.roles.FollowerRole - RaftServer{raft-partition-3}{role=FOLLOWER} - Received AppendRequest{term=3, leader=1, prevLogIndex=1, prevLogTerm=2, entries=0, commitIndex=1}
21:52:22.126 [raft-server-raft-partition-3] TRACE i.a.p.raft.roles.FollowerRole - RaftServer{raft-partition-3}{role=FOLLOWER} - Received AppendRequest{term=3, leader=1, prevLogIndex=1, prevLogTerm=2, entries=0, commitIndex=1}
21:52:22.126 [raft-server-raft-partition-3] TRACE i.a.p.raft.roles.FollowerRole - RaftServer{raft-partition-3}{role=FOLLOWER} - Sending AppendResponse{status=OK, term=3, succeeded=true, lastLogIndex=1}
21:52:22.126 [raft-server-raft-partition-3] TRACE i.a.p.raft.roles.FollowerRole - RaftServer{raft-partition-3}{role=FOLLOWER} - Sending AppendResponse{status=OK, term=3, succeeded=true, lastLogIndex=1}
21:52:22.126 [raft-server-raft-partition-3] TRACE i.a.p.raft.roles.LeaderAppender - RaftServer{raft-partition-3} - Received AppendResponse{status=OK, term=3, succeeded=true, lastLogIndex=1} from 3
21:52:22.126 [raft-server-raft-partition-3] TRACE i.a.p.raft.roles.LeaderAppender - RaftServer{raft-partition-3} - Sending AppendRequest{term=3, leader=1, prevLogIndex=1, prevLogTerm=2, entries=0, commitIndex=1} to 3
21:52:22.126 [raft-server-raft-partition-3] TRACE i.a.p.raft.roles.LeaderAppender - RaftServer{raft-partition-3} - Received AppendResponse{status=OK, term=3, succeeded=true, lastLogIndex=1} from 2
21:52:22.126 [raft-server-raft-partition-3] TRACE i.a.p.raft.roles.LeaderAppender - RaftServer{raft-partition-3} - Sending AppendRequest{term=3, leader=1, prevLogIndex=1, prevLogTerm=2, entries=0, commitIndex=1} to 2
21:52:22.126 [raft-server-raft-partition-3] TRACE i.a.p.raft.roles.FollowerRole - RaftServer{raft-partition-3}{role=FOLLOWER} - Received AppendRequest{term=3, leader=1, prevLogIndex=1, prevLogTerm=2, entries=0, commitIndex=1}
21:52:22.126 [raft-server-raft-partition-3] TRACE i.a.p.raft.roles.FollowerRole - RaftServer{raft-partition-3}{role=FOLLOWER} - Sending AppendResponse{status=OK, term=3, succeeded=true, lastLogIndex=1}
21:52:22.126 [raft-server-raft-partition-3] TRACE i.a.p.raft.roles.FollowerRole - RaftServer{raft-partition-3}{role=FOLLOWER} - Received AppendRequest{term=3, leader=1, prevLogIndex=1, prevLogTerm=2, entries=0, commitIndex=1}
21:52:22.126 [raft-server-raft-partition-3] TRACE i.a.p.raft.roles.FollowerRole - RaftServer{raft-partition-3}{role=FOLLOWER} - Sending AppendResponse{status=OK, term=3, succeeded=true, lastLogIndex=1}
21:52:22.126 [raft-server-raft-partition-3] TRACE i.a.p.raft.roles.LeaderAppender - RaftServer{raft-partition-3} - Received AppendResponse{status=OK, term=3, succeeded=true, lastLogIndex=1} from 3
21:52:22.126 [raft-server-raft-partition-3] TRACE i.a.p.raft.roles.LeaderAppender - RaftServer{raft-partition-3} - Received AppendResponse{status=OK, term=3, succeeded=true, lastLogIndex=1} from 2
21:52:22.134 [raft-server-raft-partition-1] TRACE i.a.p.raft.roles.LeaderAppender - RaftServer{raft-partition-1} - Sending AppendRequest{term=1, leader=2, prevLogIndex=1, prevLogTerm=1, entries=0, commitIndex=1} to 3
21:52:22.135 [raft-server-raft-partition-1] TRACE i.a.p.raft.roles.FollowerRole - RaftServer{raft-partition-1}{role=FOLLOWER} - Received AppendRequest{term=1, leader=2, prevLogIndex=1, prevLogTerm=1, entries=0, commitIndex=1}
21:52:22.135 [raft-server-raft-partition-1] TRACE i.a.p.raft.roles.FollowerRole - RaftServer{raft-partition-1}{role=FOLLOWER} - Sending AppendResponse{status=OK, term=1, succeeded=true, lastLogIndex=1}
21:52:22.135 [raft-server-raft-partition-1] TRACE i.a.p.raft.roles.LeaderAppender - RaftServer{raft-partition-1} - Received AppendResponse{status=OK, term=1, succeeded=true, lastLogIndex=1} from 3
21:52:22.135 [raft-server-raft-partition-1] TRACE i.a.p.raft.roles.LeaderAppender - RaftServer{raft-partition-1} - Sending AppendRequest{term=1, leader=2, prevLogIndex=1, prevLogTerm=1, entries=0, commitIndex=1} to 3
21:52:22.135 [raft-server-raft-partition-1] TRACE i.a.p.raft.roles.FollowerRole - RaftServer{raft-partition-1}{role=FOLLOWER} - Received AppendRequest{term=1, leader=2, prevLogIndex=1, prevLogTerm=1, entries=0, commitIndex=1}
21:52:22.135 [raft-server-raft-partition-1] TRACE i.a.p.raft.roles.FollowerRole - RaftServer{raft-partition-1}{role=FOLLOWER} - Sending AppendResponse{status=OK, term=1, succeeded=true, lastLogIndex=1}
21:52:22.135 [raft-server-raft-partition-1] TRACE i.a.p.raft.roles.LeaderAppender - RaftServer{raft-partition-1} - Received AppendResponse{status=OK, term=1, succeeded=true, lastLogIndex=1} from 3
21:52:22.167 [raft-server-system-partition-1] TRACE i.a.p.raft.roles.LeaderAppender - RaftServer{system-partition-1} - Sending AppendRequest{term=1, leader=1, prevLogIndex=16, prevLogTerm=1, entries=0, commitIndex=16} to 2
21:52:22.167 [raft-server-system-partition-1] TRACE i.a.p.raft.roles.LeaderAppender - RaftServer{system-partition-1} - Sending AppendRequest{term=1, leader=1, prevLogIndex=16, prevLogTerm=1, entries=0, commitIndex=16} to 3
21:52:22.167 [raft-server-system-partition-1] TRACE i.a.p.raft.roles.FollowerRole - RaftServer{system-partition-1}{role=FOLLOWER} - Received AppendRequest{term=1, leader=1, prevLogIndex=16, prevLogTerm=1, entries=0, commitIndex=16}
21:52:22.167 [raft-server-system-partition-1] TRACE i.a.p.raft.roles.FollowerRole - RaftServer{system-partition-1}{role=FOLLOWER} - Received AppendRequest{term=1, leader=1, prevLogIndex=16, prevLogTerm=1, entries=0, commitIndex=16}
21:52:22.167 [raft-server-system-partition-1] TRACE i.a.p.raft.roles.FollowerRole - RaftServer{system-partition-1}{role=FOLLOWER} - Sending AppendResponse{status=OK, term=1, succeeded=true, lastLogIndex=16}
21:52:22.167 [raft-server-system-partition-1] TRACE i.a.p.raft.roles.FollowerRole - RaftServer{system-partition-1}{role=FOLLOWER} - Sending AppendResponse{status=OK, term=1, succeeded=true, lastLogIndex=16}
21:52:22.168 [raft-server-system-partition-1] TRACE i.a.p.raft.roles.LeaderAppender - RaftServer{system-partition-1} - Received AppendResponse{status=OK, term=1, succeeded=true, lastLogIndex=16} from 3
21:52:22.168 [raft-server-system-partition-1] TRACE i.a.p.raft.roles.LeaderAppender - RaftServer{system-partition-1} - Sending AppendRequest{term=1, leader=1, prevLogIndex=16, prevLogTerm=1, entries=0, commitIndex=16} to 3
21:52:22.168 [raft-server-system-partition-1] TRACE i.a.p.raft.roles.LeaderAppender - RaftServer{system-partition-1} - Received AppendResponse{status=OK, term=1, succeeded=true, lastLogIndex=16} from 2
21:52:22.168 [raft-server-system-partition-1] TRACE i.a.p.raft.roles.LeaderAppender - RaftServer{system-partition-1} - Sending AppendRequest{term=1, leader=1, prevLogIndex=16, prevLogTerm=1, entries=0, commitIndex=16} to 2
21:52:22.168 [raft-server-system-partition-1] TRACE i.a.p.raft.roles.FollowerRole - RaftServer{system-partition-1}{role=FOLLOWER} - Received AppendRequest{term=1, leader=1, prevLogIndex=16, prevLogTerm=1, entries=0, commitIndex=16}
21:52:22.168 [raft-server-system-partition-1] TRACE i.a.p.raft.roles.FollowerRole - RaftServer{system-partition-1}{role=FOLLOWER} - Sending AppendResponse{status=OK, term=1, succeeded=true, lastLogIndex=16}
21:52:22.168 [raft-server-system-partition-1] TRACE i.a.p.raft.roles.FollowerRole - RaftServer{system-partition-1}{role=FOLLOWER} - Received AppendRequest{term=1, leader=1, prevLogIndex=16, prevLogTerm=1, entries=0, commitIndex=16}
21:52:22.168 [raft-server-system-partition-1] TRACE i.a.p.raft.roles.FollowerRole - RaftServer{system-partition-1}{role=FOLLOWER} - Sending AppendResponse{status=OK, term=1, succeeded=true, lastLogIndex=16}
21:52:22.168 [raft-server-system-partition-1] TRACE i.a.p.raft.roles.LeaderAppender - RaftServer{system-partition-1} - Received AppendResponse{status=OK, term=1, succeeded=true, lastLogIndex=16} from 3
21:52:22.168 [raft-server-system-partition-1] TRACE i.a.p.raft.roles.LeaderAppender - RaftServer{system-partition-1} - Received AppendResponse{status=OK, term=1, succeeded=true, lastLogIndex=16} from 2
21:52:22.209 [raft-server-raft-partition-5] TRACE i.a.p.raft.roles.LeaderAppender - RaftServer{raft-partition-5} - Sending AppendRequest{term=1, leader=3, prevLogIndex=1, prevLogTerm=1, entries=0, commitIndex=1} to 1
21:52:22.209 [raft-server-raft-partition-5] TRACE i.a.p.raft.roles.LeaderAppender - RaftServer{raft-partition-5} - Sending AppendRequest{term=1, leader=3, prevLogIndex=1, prevLogTerm=1, entries=0, commitIndex=1} to 2
21:52:22.209 [raft-server-raft-partition-7] TRACE i.a.p.raft.roles.LeaderAppender - RaftServer{raft-partition-7} - Sending AppendRequest{term=1, leader=2, prevLogIndex=1, prevLogTerm=1, entries=0, commitIndex=1} to 1
21:52:22.209 [raft-server-raft-partition-5] TRACE i.a.p.raft.roles.FollowerRole - RaftServer{raft-partition-5}{role=FOLLOWER} - Received AppendRequest{term=1, leader=3, prevLogIndex=1, prevLogTerm=1, entries=0, commitIndex=1}
21:52:22.209 [raft-server-raft-partition-5] TRACE i.a.p.raft.roles.FollowerRole - RaftServer{raft-partition-5}{role=FOLLOWER} - Received AppendRequest{term=1, leader=3, prevLogIndex=1, prevLogTerm=1, entries=0, commitIndex=1}
21:52:22.209 [raft-server-raft-partition-7] TRACE i.a.p.raft.roles.LeaderAppender - RaftServer{raft-partition-7} - Sending AppendRequest{term=1, leader=2, prevLogIndex=1, prevLogTerm=1, entries=0, commitIndex=1} to 3
21:52:22.209 [raft-server-raft-partition-5] TRACE i.a.p.raft.roles.FollowerRole - RaftServer{raft-partition-5}{role=FOLLOWER} - Sending AppendResponse{status=OK, term=1, succeeded=true, lastLogIndex=1}
21:52:22.209 [raft-server-raft-partition-5] TRACE i.a.p.raft.roles.FollowerRole - RaftServer{raft-partition-5}{role=FOLLOWER} - Sending AppendResponse{status=OK, term=1, succeeded=true, lastLogIndex=1}
21:52:22.209 [raft-server-raft-partition-7] TRACE i.a.p.raft.roles.FollowerRole - RaftServer{raft-partition-7}{role=FOLLOWER} - Received AppendRequest{term=1, leader=2, prevLogIndex=1, prevLogTerm=1, entries=0, commitIndex=1}
21:52:22.209 [raft-server-raft-partition-7] TRACE i.a.p.raft.roles.FollowerRole - RaftServer{raft-partition-7}{role=FOLLOWER} - Received AppendRequest{term=1, leader=2, prevLogIndex=1, prevLogTerm=1, entries=0, commitIndex=1}
21:52:22.209 [raft-server-raft-partition-7] TRACE i.a.p.raft.roles.FollowerRole - RaftServer{raft-partition-7}{role=FOLLOWER} - Sending AppendResponse{status=OK, term=1, succeeded=true, lastLogIndex=1}
21:52:22.210 [raft-server-raft-partition-7] TRACE i.a.p.raft.roles.FollowerRole - RaftServer{raft-partition-7}{role=FOLLOWER} - Sending AppendResponse{status=OK, term=1, succeeded=true, lastLogIndex=1}
21:52:22.210 [raft-server-raft-partition-5] TRACE i.a.p.raft.roles.LeaderAppender - RaftServer{raft-partition-5} - Received AppendResponse{status=OK, term=1, succeeded=true, lastLogIndex=1} from 1
21:52:22.210 [raft-server-raft-partition-5] TRACE i.a.p.raft.roles.LeaderAppender - RaftServer{raft-partition-5} - Sending AppendRequest{term=1, leader=3, prevLogIndex=1, prevLogTerm=1, entries=0, commitIndex=1} to 1
21:52:22.210 [raft-server-raft-partition-5] TRACE i.a.p.raft.roles.LeaderAppender - RaftServer{raft-partition-5} - Received AppendResponse{status=OK, term=1, succeeded=true, lastLogIndex=1} from 2
21:52:22.210 [raft-server-raft-partition-5] TRACE i.a.p.raft.roles.LeaderAppender - RaftServer{raft-partition-5} - Sending AppendRequest{term=1, leader=3, prevLogIndex=1, prevLogTerm=1, entries=0, commitIndex=1} to 2
21:52:22.210 [raft-server-raft-partition-5] TRACE i.a.p.raft.roles.FollowerRole - RaftServer{raft-partition-5}{role=FOLLOWER} - Received AppendRequest{term=1, leader=3, prevLogIndex=1, prevLogTerm=1, entries=0, commitIndex=1}
21:52:22.210 [raft-server-raft-partition-5] TRACE i.a.p.raft.roles.FollowerRole - RaftServer{raft-partition-5}{role=FOLLOWER} - Sending AppendResponse{status=OK, term=1, succeeded=true, lastLogIndex=1}
21:52:22.210 [raft-server-raft-partition-7] TRACE i.a.p.raft.roles.LeaderAppender - RaftServer{raft-partition-7} - Received AppendResponse{status=OK, term=1, succeeded=true, lastLogIndex=1} from 1
21:52:22.210 [raft-server-raft-partition-7] TRACE i.a.p.raft.roles.LeaderAppender - RaftServer{raft-partition-7} - Sending AppendRequest{term=1, leader=2, prevLogIndex=1, prevLogTerm=1, entries=0, commitIndex=1} to 1
21:52:22.210 [raft-server-raft-partition-7] TRACE i.a.p.raft.roles.LeaderAppender - RaftServer{raft-partition-7} - Received AppendResponse{status=OK, term=1, succeeded=true, lastLogIndex=1} from 3
21:52:22.210 [raft-server-raft-partition-5] TRACE i.a.p.raft.roles.LeaderAppender - RaftServer{raft-partition-5} - Received AppendResponse{status=OK, term=1, succeeded=true, lastLogIndex=1} from 1
21:52:22.210 [raft-server-raft-partition-5] TRACE i.a.p.raft.roles.FollowerRole - RaftServer{raft-partition-5}{role=FOLLOWER} - Received AppendRequest{term=1, leader=3, prevLogIndex=1, prevLogTerm=1, entries=0, commitIndex=1}
21:52:22.210 [raft-server-raft-partition-7] TRACE i.a.p.raft.roles.LeaderAppender - RaftServer{raft-partition-7} - Sending AppendRequest{term=1, leader=2, prevLogIndex=1, prevLogTerm=1, entries=0, commitIndex=1} to 3
21:52:22.210 [raft-server-raft-partition-7] TRACE i.a.p.raft.roles.FollowerRole - RaftServer{raft-partition-7}{role=FOLLOWER} - Received AppendRequest{term=1, leader=2, prevLogIndex=1, prevLogTerm=1, entries=0, commitIndex=1}
21:52:22.210 [raft-server-raft-partition-5] TRACE i.a.p.raft.roles.FollowerRole - RaftServer{raft-partition-5}{role=FOLLOWER} - Sending AppendResponse{status=OK, term=1, succeeded=true, lastLogIndex=1}
21:52:22.210 [raft-server-raft-partition-7] TRACE i.a.p.raft.roles.FollowerRole - RaftServer{raft-partition-7}{role=FOLLOWER} - Sending AppendResponse{status=OK, term=1, succeeded=true, lastLogIndex=1}
21:52:22.210 [raft-server-raft-partition-7] TRACE i.a.p.raft.roles.FollowerRole - RaftServer{raft-partition-7}{role=FOLLOWER} - Received AppendRequest{term=1, leader=2, prevLogIndex=1, prevLogTerm=1, entries=0, commitIndex=1}
21:52:22.211 [raft-server-raft-partition-7] TRACE i.a.p.raft.roles.FollowerRole - RaftServer{raft-partition-7}{role=FOLLOWER} - Sending AppendResponse{status=OK, term=1, succeeded=true, lastLogIndex=1}
21:52:22.211 [raft-server-raft-partition-5] TRACE i.a.p.raft.roles.LeaderAppender - RaftServer{raft-partition-5} - Received AppendResponse{status=OK, term=1, succeeded=true, lastLogIndex=1} from 2
21:52:22.211 [raft-server-raft-partition-7] TRACE i.a.p.raft.roles.LeaderAppender - RaftServer{raft-partition-7} - Received AppendResponse{status=OK, term=1, succeeded=true, lastLogIndex=1} from 3
21:52:22.211 [raft-server-raft-partition-7] TRACE i.a.p.raft.roles.LeaderAppender - RaftServer{raft-partition-7} - Received AppendResponse{status=OK, term=1, succeeded=true, lastLogIndex=1} from 1
21:52:22.243 [raft-server-raft-partition-4] TRACE i.a.p.raft.roles.LeaderAppender - RaftServer{raft-partition-4} - Sending AppendRequest{term=1, leader=1, prevLogIndex=1, prevLogTerm=1, entries=0, commitIndex=1} to 2
21:52:22.243 [raft-server-raft-partition-4] TRACE i.a.p.raft.roles.LeaderAppender - RaftServer{raft-partition-4} - Sending AppendRequest{term=1, leader=1, prevLogIndex=1, prevLogTerm=1, entries=0, commitIndex=1} to 3
21:52:22.243 [raft-server-raft-partition-4] TRACE i.a.p.raft.roles.FollowerRole - RaftServer{raft-partition-4}{role=FOLLOWER} - Received AppendRequest{term=1, leader=1, prevLogIndex=1, prevLogTerm=1, entries=0, commitIndex=1}
21:52:22.243 [raft-server-raft-partition-4] TRACE i.a.p.raft.roles.FollowerRole - RaftServer{raft-partition-4}{role=FOLLOWER} - Received AppendRequest{term=1, leader=1, prevLogIndex=1, prevLogTerm=1, entries=0, commitIndex=1}
21:52:22.244 [raft-server-raft-partition-4] TRACE i.a.p.raft.roles.FollowerRole - RaftServer{raft-partition-4}{role=FOLLOWER} - Sending AppendResponse{status=OK, term=1, succeeded=true, lastLogIndex=1}
21:52:22.244 [raft-server-raft-partition-4] TRACE i.a.p.raft.roles.FollowerRole - RaftServer{raft-partition-4}{role=FOLLOWER} - Sending AppendResponse{status=OK, term=1, succeeded=true, lastLogIndex=1}
21:52:22.244 [raft-server-raft-partition-4] TRACE i.a.p.raft.roles.LeaderAppender - RaftServer{raft-partition-4} - Received AppendResponse{status=OK, term=1, succeeded=true, lastLogIndex=1} from 2
21:52:22.244 [raft-server-raft-partition-4] TRACE i.a.p.raft.roles.LeaderAppender - RaftServer{raft-partition-4} - Sending AppendRequest{term=1, leader=1, prevLogIndex=1, prevLogTerm=1, entries=0, commitIndex=1} to 2
21:52:22.244 [raft-server-raft-partition-4] TRACE i.a.p.raft.roles.LeaderAppender - RaftServer{raft-partition-4} - Received AppendResponse{status=OK, term=1, succeeded=true, lastLogIndex=1} from 3
21:52:22.244 [raft-server-raft-partition-4] TRACE i.a.p.raft.roles.LeaderAppender - RaftServer{raft-partition-4} - Sending AppendRequest{term=1, leader=1, prevLogIndex=1, prevLogTerm=1, entries=0, commitIndex=1} to 3
21:52:22.244 [raft-server-raft-partition-4] TRACE i.a.p.raft.roles.FollowerRole - RaftServer{raft-partition-4}{role=FOLLOWER} - Received AppendRequest{term=1, leader=1, prevLogIndex=1, prevLogTerm=1, entries=0, commitIndex=1}
21:52:22.244 [raft-server-raft-partition-4] TRACE i.a.p.raft.roles.FollowerRole - RaftServer{raft-partition-4}{role=FOLLOWER} - Sending AppendResponse{status=OK, term=1, succeeded=true, lastLogIndex=1}
21:52:22.244 [raft-server-raft-partition-4] TRACE i.a.p.raft.roles.FollowerRole - RaftServer{raft-partition-4}{role=FOLLOWER} - Received AppendRequest{term=1, leader=1, prevLogIndex=1, prevLogTerm=1, entries=0, commitIndex=1}
21:52:22.244 [raft-server-raft-partition-4] TRACE i.a.p.raft.roles.FollowerRole - RaftServer{raft-partition-4}{role=FOLLOWER} - Sending AppendResponse{status=OK, term=1, succeeded=true, lastLogIndex=1}
21:52:22.244 [raft-server-raft-partition-4] TRACE i.a.p.raft.roles.LeaderAppender - RaftServer{raft-partition-4} - Received AppendResponse{status=OK, term=1, succeeded=true, lastLogIndex=1} from 2
21:52:22.245 [raft-server-raft-partition-4] TRACE i.a.p.raft.roles.LeaderAppender - RaftServer{raft-partition-4} - Received AppendResponse{status=OK, term=1, succeeded=true, lastLogIndex=1} from 3
21:52:22.318 [raft-server-raft-partition-2] TRACE i.a.p.raft.roles.LeaderAppender - RaftServer{raft-partition-2} - Sending AppendRequest{term=1, leader=1, prevLogIndex=1, prevLogTerm=1, entries=0, commitIndex=1} to 2
21:52:22.318 [raft-server-raft-partition-2] TRACE i.a.p.raft.roles.LeaderAppender - RaftServer{raft-partition-2} - Sending AppendRequest{term=1, leader=1, prevLogIndex=1, prevLogTerm=1, entries=0, commitIndex=1} to 3
21:52:22.318 [raft-server-raft-partition-2] TRACE i.a.p.raft.roles.FollowerRole - RaftServer{raft-partition-2}{role=FOLLOWER} - Received AppendRequest{term=1, leader=1, prevLogIndex=1, prevLogTerm=1, entries=0, commitIndex=1}
21:52:22.318 [raft-server-raft-partition-2] TRACE i.a.p.raft.roles.FollowerRole - RaftServer{raft-partition-2}{role=FOLLOWER} - Received AppendRequest{term=1, leader=1, prevLogIndex=1, prevLogTerm=1, entries=0, commitIndex=1}
21:52:22.318 [raft-server-raft-partition-2] TRACE i.a.p.raft.roles.FollowerRole - RaftServer{raft-partition-2}{role=FOLLOWER} - Sending AppendResponse{status=OK, term=1, succeeded=true, lastLogIndex=1}
21:52:22.318 [raft-server-raft-partition-2] TRACE i.a.p.raft.roles.FollowerRole - RaftServer{raft-partition-2}{role=FOLLOWER} - Sending AppendResponse{status=OK, term=1, succeeded=true, lastLogIndex=1}
21:52:22.318 [raft-server-raft-partition-2] TRACE i.a.p.raft.roles.LeaderAppender - RaftServer{raft-partition-2} - Received AppendResponse{status=OK, term=1, succeeded=true, lastLogIndex=1} from 3
21:52:22.318 [raft-server-raft-partition-2] TRACE i.a.p.raft.roles.LeaderAppender - RaftServer{raft-partition-2} - Received AppendResponse{status=OK, term=1, succeeded=true, lastLogIndex=1} from 2
21:52:22.326 [raft-server-raft-partition-6] TRACE i.a.p.raft.roles.LeaderAppender - RaftServer{raft-partition-6} - Sending AppendRequest{term=1, leader=1, prevLogIndex=1, prevLogTerm=1, entries=0, commitIndex=1} to 2
21:52:22.326 [raft-server-raft-partition-6] TRACE i.a.p.raft.roles.LeaderAppender - RaftServer{raft-partition-6} - Sending AppendRequest{term=1, leader=1, prevLogIndex=1, prevLogTerm=1, entries=0, commitIndex=1} to 3
21:52:22.326 [raft-server-raft-partition-6] TRACE i.a.p.raft.roles.FollowerRole - RaftServer{raft-partition-6}{role=FOLLOWER} - Received AppendRequest{term=1, leader=1, prevLogIndex=1, prevLogTerm=1, entries=0, commitIndex=1}
21:52:22.326 [raft-server-raft-partition-6] TRACE i.a.p.raft.roles.FollowerRole - RaftServer{raft-partition-6}{role=FOLLOWER} - Received AppendRequest{term=1, leader=1, prevLogIndex=1, prevLogTerm=1, entries=0, commitIndex=1}
21:52:22.326 [raft-server-raft-partition-6] TRACE i.a.p.raft.roles.FollowerRole - RaftServer{raft-partition-6}{role=FOLLOWER} - Sending AppendResponse{status=OK, term=1, succeeded=true, lastLogIndex=1}
21:52:22.326 [raft-server-raft-partition-6] TRACE i.a.p.raft.roles.FollowerRole - RaftServer{raft-partition-6}{role=FOLLOWER} - Sending AppendResponse{status=OK, term=1, succeeded=true, lastLogIndex=1}
21:52:22.326 [raft-server-raft-partition-6] TRACE i.a.p.raft.roles.LeaderAppender - RaftServer{raft-partition-6} - Received AppendResponse{status=OK, term=1, succeeded=true, lastLogIndex=1} from 2
21:52:22.326 [raft-server-raft-partition-6] TRACE i.a.p.raft.roles.LeaderAppender - RaftServer{raft-partition-6} - Sending AppendRequest{term=1, leader=1, prevLogIndex=1, prevLogTerm=1, entries=0, commitIndex=1} to 2
21:52:22.326 [raft-server-raft-partition-6] TRACE i.a.p.raft.roles.LeaderAppender - RaftServer{raft-partition-6} - Received AppendResponse{status=OK, term=1, succeeded=true, lastLogIndex=1} from 3
21:52:22.326 [raft-server-raft-partition-6] TRACE i.a.p.raft.roles.LeaderAppender - RaftServer{raft-partition-6} - Sending AppendRequest{term=1, leader=1, prevLogIndex=1, prevLogTerm=1, entries=0, commitIndex=1} to 3
21:52:22.327 [raft-server-raft-partition-6] TRACE i.a.p.raft.roles.FollowerRole - RaftServer{raft-partition-6}{role=FOLLOWER} - Received AppendRequest{term=1, leader=1, prevLogIndex=1, prevLogTerm=1, entries=0, commitIndex=1}
21:52:22.327 [raft-server-raft-partition-6] TRACE i.a.p.raft.roles.FollowerRole - RaftServer{raft-partition-6}{role=FOLLOWER} - Sending AppendResponse{status=OK, term=1, succeeded=true, lastLogIndex=1}
21:52:22.327 [raft-server-raft-partition-6] TRACE i.a.p.raft.roles.FollowerRole - RaftServer{raft-partition-6}{role=FOLLOWER} - Received AppendRequest{term=1, leader=1, prevLogIndex=1, prevLogTerm=1, entries=0, commitIndex=1}
21:52:22.327 [raft-server-raft-partition-6] TRACE i.a.p.raft.roles.FollowerRole - RaftServer{raft-partition-6}{role=FOLLOWER} - Sending AppendResponse{status=OK, term=1, succeeded=true, lastLogIndex=1}
21:52:22.327 [raft-server-raft-partition-6] TRACE i.a.p.raft.roles.LeaderAppender - RaftServer{raft-partition-6} - Received AppendResponse{status=OK, term=1, succeeded=true, lastLogIndex=1} from 2
21:52:22.327 [raft-server-raft-partition-6] TRACE i.a.p.raft.roles.LeaderAppender - RaftServer{raft-partition-6} - Sending AppendRequest{term=1, leader=1, prevLogIndex=1, prevLogTerm=1, entries=0, commitIndex=1} to 2
21:52:22.327 [raft-server-raft-partition-6] TRACE i.a.p.raft.roles.LeaderAppender - RaftServer{raft-partition-6} - Received AppendResponse{status=OK, term=1, succeeded=true, lastLogIndex=1} from 3
21:52:22.327 [raft-server-raft-partition-6] TRACE i.a.p.raft.roles.LeaderAppender - RaftServer{raft-partition-6} - Sending AppendRequest{term=1, leader=1, prevLogIndex=1, prevLogTerm=1, entries=0, commitIndex=1} to 3
21:52:22.327 [raft-server-raft-partition-6] TRACE i.a.p.raft.roles.FollowerRole - RaftServer{raft-partition-6}{role=FOLLOWER} - Received AppendRequest{term=1, leader=1, prevLogIndex=1, prevLogTerm=1, entries=0, commitIndex=1}
21:52:22.327 [raft-server-raft-partition-6] TRACE i.a.p.raft.roles.FollowerRole - RaftServer{raft-partition-6}{role=FOLLOWER} - Sending AppendResponse{status=OK, term=1, succeeded=true, lastLogIndex=1}
21:52:22.327 [raft-server-raft-partition-6] TRACE i.a.p.raft.roles.FollowerRole - RaftServer{raft-partition-6}{role=FOLLOWER} - Received AppendRequest{term=1, leader=1, prevLogIndex=1, prevLogTerm=1, entries=0, commitIndex=1}
21:52:22.327 [raft-server-raft-partition-6] TRACE i.a.p.raft.roles.FollowerRole - RaftServer{raft-partition-6}{role=FOLLOWER} - Sending AppendResponse{status=OK, term=1, succeeded=true, lastLogIndex=1}
21:52:22.327 [raft-server-raft-partition-6] TRACE i.a.p.raft.roles.LeaderAppender - RaftServer{raft-partition-6} - Received AppendResponse{status=OK, term=1, succeeded=true, lastLogIndex=1} from 2
21:52:22.327 [raft-server-raft-partition-6] TRACE i.a.p.raft.roles.LeaderAppender - RaftServer{raft-partition-6} - Received AppendResponse{status=OK, term=1, succeeded=true, lastLogIndex=1} from 3
21:52:22.375 [raft-server-raft-partition-3] TRACE i.a.p.raft.roles.LeaderAppender - RaftServer{raft-partition-3} - Sending AppendRequest{term=3, leader=1, prevLogIndex=1, prevLogTerm=2, entries=0, commitIndex=1} to 2
21:52:22.375 [raft-server-raft-partition-3] TRACE i.a.p.raft.roles.LeaderAppender - RaftServer{raft-partition-3} - Sending AppendRequest{term=3, leader=1, prevLogIndex=1, prevLogTerm=2, entries=0, commitIndex=1} to 3
21:52:22.375 [raft-server-raft-partition-3] TRACE i.a.p.raft.roles.FollowerRole - RaftServer{raft-partition-3}{role=FOLLOWER} - Received AppendRequest{term=3, leader=1, prevLogIndex=1, prevLogTerm=2, entries=0, commitIndex=1}
21:52:22.375 [raft-server-raft-partition-3] TRACE i.a.p.raft.roles.FollowerRole - RaftServer{raft-partition-3}{role=FOLLOWER} - Received AppendRequest{term=3, leader=1, prevLogIndex=1, prevLogTerm=2, entries=0, commitIndex=1}
21:52:22.375 [raft-server-raft-partition-3] TRACE i.a.p.raft.roles.FollowerRole - RaftServer{raft-partition-3}{role=FOLLOWER} - Sending AppendResponse{status=OK, term=3, succeeded=true, lastLogIndex=1}
21:52:22.375 [raft-server-raft-partition-3] TRACE i.a.p.raft.roles.FollowerRole - RaftServer{raft-partition-3}{role=FOLLOWER} - Sending AppendResponse{status=OK, term=3, succeeded=true, lastLogIndex=1}
21:52:22.375 [raft-server-raft-partition-3] TRACE i.a.p.raft.roles.LeaderAppender - RaftServer{raft-partition-3} - Received AppendResponse{status=OK, term=3, succeeded=true, lastLogIndex=1} from 2
21:52:22.375 [raft-server-raft-partition-3] TRACE i.a.p.raft.roles.LeaderAppender - RaftServer{raft-partition-3} - Sending AppendRequest{term=3, leader=1, prevLogIndex=1, prevLogTerm=2, entries=0, commitIndex=1} to 2
21:52:22.375 [raft-server-raft-partition-3] TRACE i.a.p.raft.roles.LeaderAppender - RaftServer{raft-partition-3} - Received AppendResponse{status=OK, term=3, succeeded=true, lastLogIndex=1} from 3
21:52:22.375 [raft-server-raft-partition-3] TRACE i.a.p.raft.roles.LeaderAppender - RaftServer{raft-partition-3} - Sending AppendRequest{term=3, leader=1, prevLogIndex=1, prevLogTerm=2, entries=0, commitIndex=1} to 3
21:52:22.376 [raft-server-raft-partition-3] TRACE i.a.p.raft.roles.FollowerRole - RaftServer{raft-partition-3}{role=FOLLOWER} - Received AppendRequest{term=3, leader=1, prevLogIndex=1, prevLogTerm=2, entries=0, commitIndex=1}
21:52:22.376 [raft-server-raft-partition-3] TRACE i.a.p.raft.roles.FollowerRole - RaftServer{raft-partition-3}{role=FOLLOWER} - Sending AppendResponse{status=OK, term=3, succeeded=true, lastLogIndex=1}
21:52:22.376 [raft-server-raft-partition-3] TRACE i.a.p.raft.roles.FollowerRole - RaftServer{raft-partition-3}{role=FOLLOWER} - Received AppendRequest{term=3, leader=1, prevLogIndex=1, prevLogTerm=2, entries=0, commitIndex=1}
21:52:22.376 [raft-server-raft-partition-3] TRACE i.a.p.raft.roles.FollowerRole - RaftServer{raft-partition-3}{role=FOLLOWER} - Sending AppendResponse{status=OK, term=3, succeeded=true, lastLogIndex=1}
21:52:22.376 [raft-server-raft-partition-3] TRACE i.a.p.raft.roles.LeaderAppender - RaftServer{raft-partition-3} - Received AppendResponse{status=OK, term=3, succeeded=true, lastLogIndex=1} from 2
21:52:22.376 [raft-server-raft-partition-3] TRACE i.a.p.raft.roles.LeaderAppender - RaftServer{raft-partition-3} - Sending AppendRequest{term=3, leader=1, prevLogIndex=1, prevLogTerm=2, entries=0, commitIndex=1} to 2
21:52:22.376 [raft-server-raft-partition-3] TRACE i.a.p.raft.roles.LeaderAppender - RaftServer{raft-partition-3} - Received AppendResponse{status=OK, term=3, succeeded=true, lastLogIndex=1} from 3
21:52:22.376 [raft-server-raft-partition-3] TRACE i.a.p.raft.roles.LeaderAppender - RaftServer{raft-partition-3} - Sending AppendRequest{term=3, leader=1, prevLogIndex=1, prevLogTerm=2, entries=0, commitIndex=1} to 3
21:52:22.376 [raft-server-raft-partition-3] TRACE i.a.p.raft.roles.FollowerRole - RaftServer{raft-partition-3}{role=FOLLOWER} - Received AppendRequest{term=3, leader=1, prevLogIndex=1, prevLogTerm=2, entries=0, commitIndex=1}
21:52:22.376 [raft-server-raft-partition-3] TRACE i.a.p.raft.roles.FollowerRole - RaftServer{raft-partition-3}{role=FOLLOWER} - Received AppendRequest{term=3, leader=1, prevLogIndex=1, prevLogTerm=2, entries=0, commitIndex=1}
21:52:22.376 [raft-server-raft-partition-3] TRACE i.a.p.raft.roles.FollowerRole - RaftServer{raft-partition-3}{role=FOLLOWER} - Sending AppendResponse{status=OK, term=3, succeeded=true, lastLogIndex=1}
21:52:22.376 [raft-server-raft-partition-3] TRACE i.a.p.raft.roles.FollowerRole - RaftServer{raft-partition-3}{role=FOLLOWER} - Sending AppendResponse{status=OK, term=3, succeeded=true, lastLogIndex=1}
21:52:22.376 [raft-server-raft-partition-3] TRACE i.a.p.raft.roles.LeaderAppender - RaftServer{raft-partition-3} - Received AppendResponse{status=OK, term=3, succeeded=true, lastLogIndex=1} from 2
21:52:22.376 [raft-server-raft-partition-3] TRACE i.a.p.raft.roles.LeaderAppender - RaftServer{raft-partition-3} - Received AppendResponse{status=OK, term=3, succeeded=true, lastLogIndex=1} from 3
21:52:22.384 [raft-server-raft-partition-1] TRACE i.a.p.raft.roles.LeaderAppender - RaftServer{raft-partition-1} - Sending AppendRequest{term=1, leader=2, prevLogIndex=1, prevLogTerm=1, entries=0, commitIndex=1} to 3
21:52:22.385 [raft-server-raft-partition-1] TRACE i.a.p.raft.roles.FollowerRole - RaftServer{raft-partition-1}{role=FOLLOWER} - Received AppendRequest{term=1, leader=2, prevLogIndex=1, prevLogTerm=1, entries=0, commitIndex=1}
21:52:22.385 [raft-server-raft-partition-1] TRACE i.a.p.raft.roles.FollowerRole - RaftServer{raft-partition-1}{role=FOLLOWER} - Sending AppendResponse{status=OK, term=1, succeeded=true, lastLogIndex=1}
21:52:22.385 [raft-server-raft-partition-1] TRACE i.a.p.raft.roles.LeaderAppender - RaftServer{raft-partition-1} - Received AppendResponse{status=OK, term=1, succeeded=true, lastLogIndex=1} from 3
21:52:22.385 [raft-server-raft-partition-1] TRACE i.a.p.raft.roles.LeaderAppender - RaftServer{raft-partition-1} - Sending AppendRequest{term=1, leader=2, prevLogIndex=1, prevLogTerm=1, entries=0, commitIndex=1} to 3
21:52:22.385 [raft-server-raft-partition-1] TRACE i.a.p.raft.roles.FollowerRole - RaftServer{raft-partition-1}{role=FOLLOWER} - Received AppendRequest{term=1, leader=2, prevLogIndex=1, prevLogTerm=1, entries=0, commitIndex=1}
21:52:22.385 [raft-server-raft-partition-1] TRACE i.a.p.raft.roles.FollowerRole - RaftServer{raft-partition-1}{role=FOLLOWER} - Sending AppendResponse{status=OK, term=1, succeeded=true, lastLogIndex=1}
21:52:22.386 [raft-server-raft-partition-1] TRACE i.a.p.raft.roles.LeaderAppender - RaftServer{raft-partition-1} - Received AppendResponse{status=OK, term=1, succeeded=true, lastLogIndex=1} from 3
21:52:22.417 [raft-server-system-partition-1] TRACE i.a.p.raft.roles.LeaderAppender - RaftServer{system-partition-1} - Sending AppendRequest{term=1, leader=1, prevLogIndex=16, prevLogTerm=1, entries=0, commitIndex=16} to 2
21:52:22.417 [raft-server-system-partition-1] TRACE i.a.p.raft.roles.LeaderAppender - RaftServer{system-partition-1} - Sending AppendRequest{term=1, leader=1, prevLogIndex=16, prevLogTerm=1, entries=0, commitIndex=16} to 3
21:52:22.417 [raft-server-system-partition-1] TRACE i.a.p.raft.roles.FollowerRole - RaftServer{system-partition-1}{role=FOLLOWER} - Received AppendRequest{term=1, leader=1, prevLogIndex=16, prevLogTerm=1, entries=0, commitIndex=16}
21:52:22.418 [raft-server-system-partition-1] TRACE i.a.p.raft.roles.FollowerRole - RaftServer{system-partition-1}{role=FOLLOWER} - Sending AppendResponse{status=OK, term=1, succeeded=true, lastLogIndex=16}
21:52:22.418 [raft-server-system-partition-1] TRACE i.a.p.raft.roles.FollowerRole - RaftServer{system-partition-1}{role=FOLLOWER} - Received AppendRequest{term=1, leader=1, prevLogIndex=16, prevLogTerm=1, entries=0, commitIndex=16}
21:52:22.418 [raft-server-system-partition-1] TRACE i.a.p.raft.roles.FollowerRole - RaftServer{system-partition-1}{role=FOLLOWER} - Sending AppendResponse{status=OK, term=1, succeeded=true, lastLogIndex=16}
21:52:22.418 [raft-server-system-partition-1] TRACE i.a.p.raft.roles.LeaderAppender - RaftServer{system-partition-1} - Received AppendResponse{status=OK, term=1, succeeded=true, lastLogIndex=16} from 2
21:52:22.418 [raft-server-system-partition-1] TRACE i.a.p.raft.roles.LeaderAppender - RaftServer{system-partition-1} - Sending AppendRequest{term=1, leader=1, prevLogIndex=16, prevLogTerm=1, entries=0, commitIndex=16} to 2
21:52:22.418 [raft-server-system-partition-1] TRACE i.a.p.raft.roles.LeaderAppender - RaftServer{system-partition-1} - Received AppendResponse{status=OK, term=1, succeeded=true, lastLogIndex=16} from 3
21:52:22.418 [raft-server-system-partition-1] TRACE i.a.p.raft.roles.LeaderAppender - RaftServer{system-partition-1} - Sending AppendRequest{term=1, leader=1, prevLogIndex=16, prevLogTerm=1, entries=0, commitIndex=16} to 3
21:52:22.418 [raft-server-system-partition-1] TRACE i.a.p.raft.roles.FollowerRole - RaftServer{system-partition-1}{role=FOLLOWER} - Received AppendRequest{term=1, leader=1, prevLogIndex=16, prevLogTerm=1, entries=0, commitIndex=16}
21:52:22.418 [raft-server-system-partition-1] TRACE i.a.p.raft.roles.FollowerRole - RaftServer{system-partition-1}{role=FOLLOWER} - Sending AppendResponse{status=OK, term=1, succeeded=true, lastLogIndex=16}
21:52:22.418 [raft-server-system-partition-1] TRACE i.a.p.raft.roles.FollowerRole - RaftServer{system-partition-1}{role=FOLLOWER} - Received AppendRequest{term=1, leader=1, prevLogIndex=16, prevLogTerm=1, entries=0, commitIndex=16}
21:52:22.418 [raft-server-system-partition-1] TRACE i.a.p.raft.roles.FollowerRole - RaftServer{system-partition-1}{role=FOLLOWER} - Sending AppendResponse{status=OK, term=1, succeeded=true, lastLogIndex=16}
21:52:22.418 [raft-server-system-partition-1] TRACE i.a.p.raft.roles.LeaderAppender - RaftServer{system-partition-1} - Received AppendResponse{status=OK, term=1, succeeded=true, lastLogIndex=16} from 2
21:52:22.418 [raft-server-system-partition-1] TRACE i.a.p.raft.roles.LeaderAppender - RaftServer{system-partition-1} - Received AppendResponse{status=OK, term=1, succeeded=true, lastLogIndex=16} from 3
21:52:22.459 [raft-server-raft-partition-5] TRACE i.a.p.raft.roles.LeaderAppender - RaftServer{raft-partition-5} - Sending AppendRequest{term=1, leader=3, prevLogIndex=1, prevLogTerm=1, entries=0, commitIndex=1} to 1
21:52:22.459 [raft-server-raft-partition-5] TRACE i.a.p.raft.roles.LeaderAppender - RaftServer{raft-partition-5} - Sending AppendRequest{term=1, leader=3, prevLogIndex=1, prevLogTerm=1, entries=0, commitIndex=1} to 2
21:52:22.459 [raft-server-raft-partition-7] TRACE i.a.p.raft.roles.LeaderAppender - RaftServer{raft-partition-7} - Sending AppendRequest{term=1, leader=2, prevLogIndex=1, prevLogTerm=1, entries=0, commitIndex=1} to 1
21:52:22.459 [raft-server-raft-partition-5] TRACE i.a.p.raft.roles.FollowerRole - RaftServer{raft-partition-5}{role=FOLLOWER} - Received AppendRequest{term=1, leader=3, prevLogIndex=1, prevLogTerm=1, entries=0, commitIndex=1}
21:52:22.459 [raft-server-raft-partition-7] TRACE i.a.p.raft.roles.LeaderAppender - RaftServer{raft-partition-7} - Sending AppendRequest{term=1, leader=2, prevLogIndex=1, prevLogTerm=1, entries=0, commitIndex=1} to 3
21:52:22.459 [raft-server-raft-partition-5] TRACE i.a.p.raft.roles.FollowerRole - RaftServer{raft-partition-5}{role=FOLLOWER} - Sending AppendResponse{status=OK, term=1, succeeded=true, lastLogIndex=1}
21:52:22.459 [raft-server-raft-partition-5] TRACE i.a.p.raft.roles.FollowerRole - RaftServer{raft-partition-5}{role=FOLLOWER} - Received AppendRequest{term=1, leader=3, prevLogIndex=1, prevLogTerm=1, entries=0, commitIndex=1}
21:52:22.459 [raft-server-raft-partition-7] TRACE i.a.p.raft.roles.FollowerRole - RaftServer{raft-partition-7}{role=FOLLOWER} - Received AppendRequest{term=1, leader=2, prevLogIndex=1, prevLogTerm=1, entries=0, commitIndex=1}
21:52:22.459 [raft-server-raft-partition-5] TRACE i.a.p.raft.roles.FollowerRole - RaftServer{raft-partition-5}{role=FOLLOWER} - Sending AppendResponse{status=OK, term=1, succeeded=true, lastLogIndex=1}
21:52:22.459 [raft-server-raft-partition-7] TRACE i.a.p.raft.roles.FollowerRole - RaftServer{raft-partition-7}{role=FOLLOWER} - Received AppendRequest{term=1, leader=2, prevLogIndex=1, prevLogTerm=1, entries=0, commitIndex=1}
21:52:22.459 [raft-server-raft-partition-7] TRACE i.a.p.raft.roles.FollowerRole - RaftServer{raft-partition-7}{role=FOLLOWER} - Sending AppendResponse{status=OK, term=1, succeeded=true, lastLogIndex=1}
21:52:22.459 [raft-server-raft-partition-5] TRACE i.a.p.raft.roles.LeaderAppender - RaftServer{raft-partition-5} - Received AppendResponse{status=OK, term=1, succeeded=true, lastLogIndex=1} from 2
21:52:22.459 [raft-server-raft-partition-7] TRACE i.a.p.raft.roles.FollowerRole - RaftServer{raft-partition-7}{role=FOLLOWER} - Sending AppendResponse{status=OK, term=1, succeeded=true, lastLogIndex=1}
21:52:22.460 [raft-server-raft-partition-5] TRACE i.a.p.raft.roles.LeaderAppender - RaftServer{raft-partition-5} - Sending AppendRequest{term=1, leader=3, prevLogIndex=1, prevLogTerm=1, entries=0, commitIndex=1} to 2
21:52:22.460 [raft-server-raft-partition-7] TRACE i.a.p.raft.roles.LeaderAppender - RaftServer{raft-partition-7} - Received AppendResponse{status=OK, term=1, succeeded=true, lastLogIndex=1} from 1
21:52:22.460 [raft-server-raft-partition-5] TRACE i.a.p.raft.roles.LeaderAppender - RaftServer{raft-partition-5} - Received AppendResponse{status=OK, term=1, succeeded=true, lastLogIndex=1} from 1
21:52:22.460 [raft-server-raft-partition-7] TRACE i.a.p.raft.roles.LeaderAppender - RaftServer{raft-partition-7} - Sending AppendRequest{term=1, leader=2, prevLogIndex=1, prevLogTerm=1, entries=0, commitIndex=1} to 1
21:52:22.460 [raft-server-raft-partition-5] TRACE i.a.p.raft.roles.LeaderAppender - RaftServer{raft-partition-5} - Sending AppendRequest{term=1, leader=3, prevLogIndex=1, prevLogTerm=1, entries=0, commitIndex=1} to 1
21:52:22.460 [raft-server-raft-partition-7] TRACE i.a.p.raft.roles.LeaderAppender - RaftServer{raft-partition-7} - Received AppendResponse{status=OK, term=1, succeeded=true, lastLogIndex=1} from 3
21:52:22.460 [raft-server-raft-partition-5] TRACE i.a.p.raft.roles.FollowerRole - RaftServer{raft-partition-5}{role=FOLLOWER} - Received AppendRequest{term=1, leader=3, prevLogIndex=1, prevLogTerm=1, entries=0, commitIndex=1}
21:52:22.460 [raft-server-raft-partition-7] TRACE i.a.p.raft.roles.LeaderAppender - RaftServer{raft-partition-7} - Sending AppendRequest{term=1, leader=2, prevLogIndex=1, prevLogTerm=1, entries=0, commitIndex=1} to 3
21:52:22.460 [raft-server-raft-partition-5] TRACE i.a.p.raft.roles.FollowerRole - RaftServer{raft-partition-5}{role=FOLLOWER} - Sending AppendResponse{status=OK, term=1, succeeded=true, lastLogIndex=1}
21:52:22.460 [raft-server-raft-partition-7] TRACE i.a.p.raft.roles.FollowerRole - RaftServer{raft-partition-7}{role=FOLLOWER} - Received AppendRequest{term=1, leader=2, prevLogIndex=1, prevLogTerm=1, entries=0, commitIndex=1}
21:52:22.460 [raft-server-raft-partition-5] TRACE i.a.p.raft.roles.FollowerRole - RaftServer{raft-partition-5}{role=FOLLOWER} - Received AppendRequest{term=1, leader=3, prevLogIndex=1, prevLogTerm=1, entries=0, commitIndex=1}
21:52:22.460 [raft-server-raft-partition-7] TRACE i.a.p.raft.roles.FollowerRole - RaftServer{raft-partition-7}{role=FOLLOWER} - Received AppendRequest{term=1, leader=2, prevLogIndex=1, prevLogTerm=1, entries=0, commitIndex=1}
21:52:22.460 [raft-server-raft-partition-5] TRACE i.a.p.raft.roles.LeaderAppender - RaftServer{raft-partition-5} - Received AppendResponse{status=OK, term=1, succeeded=true, lastLogIndex=1} from 2
21:52:22.460 [raft-server-raft-partition-7] TRACE i.a.p.raft.roles.FollowerRole - RaftServer{raft-partition-7}{role=FOLLOWER} - Sending AppendResponse{status=OK, term=1, succeeded=true, lastLogIndex=1}
21:52:22.460 [raft-server-raft-partition-5] TRACE i.a.p.raft.roles.FollowerRole - RaftServer{raft-partition-5}{role=FOLLOWER} - Sending AppendResponse{status=OK, term=1, succeeded=true, lastLogIndex=1}
21:52:22.461 [raft-server-raft-partition-7] TRACE i.a.p.raft.roles.FollowerRole - RaftServer{raft-partition-7}{role=FOLLOWER} - Sending AppendResponse{status=OK, term=1, succeeded=true, lastLogIndex=1}
21:52:22.461 [raft-server-raft-partition-7] TRACE i.a.p.raft.roles.LeaderAppender - RaftServer{raft-partition-7} - Received AppendResponse{status=OK, term=1, succeeded=true, lastLogIndex=1} from 1
21:52:22.461 [raft-server-raft-partition-5] TRACE i.a.p.raft.roles.LeaderAppender - RaftServer{raft-partition-5} - Received AppendResponse{status=OK, term=1, succeeded=true, lastLogIndex=1} from 1
21:52:22.461 [raft-server-raft-partition-7] TRACE i.a.p.raft.roles.LeaderAppender - RaftServer{raft-partition-7} - Received AppendResponse{status=OK, term=1, succeeded=true, lastLogIndex=1} from 3
21:52:22.493 [raft-server-raft-partition-4] TRACE i.a.p.raft.roles.LeaderAppender - RaftServer{raft-partition-4} - Sending AppendRequest{term=1, leader=1, prevLogIndex=1, prevLogTerm=1, entries=0, commitIndex=1} to 2
21:52:22.493 [raft-server-raft-partition-4] TRACE i.a.p.raft.roles.LeaderAppender - RaftServer{raft-partition-4} - Sending AppendRequest{term=1, leader=1, prevLogIndex=1, prevLogTerm=1, entries=0, commitIndex=1} to 3
21:52:22.493 [raft-server-raft-partition-4] TRACE i.a.p.raft.roles.FollowerRole - RaftServer{raft-partition-4}{role=FOLLOWER} - Received AppendRequest{term=1, leader=1, prevLogIndex=1, prevLogTerm=1, entries=0, commitIndex=1}
21:52:22.493 [raft-server-raft-partition-4] TRACE i.a.p.raft.roles.FollowerRole - RaftServer{raft-partition-4}{role=FOLLOWER} - Sending AppendResponse{status=OK, term=1, succeeded=true, lastLogIndex=1}
21:52:22.493 [raft-server-raft-partition-4] TRACE i.a.p.raft.roles.FollowerRole - RaftServer{raft-partition-4}{role=FOLLOWER} - Received AppendRequest{term=1, leader=1, prevLogIndex=1, prevLogTerm=1, entries=0, commitIndex=1}
21:52:22.493 [raft-server-raft-partition-4] TRACE i.a.p.raft.roles.FollowerRole - RaftServer{raft-partition-4}{role=FOLLOWER} - Sending AppendResponse{status=OK, term=1, succeeded=true, lastLogIndex=1}
21:52:22.494 [raft-server-raft-partition-4] TRACE i.a.p.raft.roles.LeaderAppender - RaftServer{raft-partition-4} - Received AppendResponse{status=OK, term=1, succeeded=true, lastLogIndex=1} from 2
21:52:22.494 [raft-server-raft-partition-4] TRACE i.a.p.raft.roles.LeaderAppender - RaftServer{raft-partition-4} - Sending AppendRequest{term=1, leader=1, prevLogIndex=1, prevLogTerm=1, entries=0, commitIndex=1} to 2
21:52:22.494 [raft-server-raft-partition-4] TRACE i.a.p.raft.roles.LeaderAppender - RaftServer{raft-partition-4} - Received AppendResponse{status=OK, term=1, succeeded=true, lastLogIndex=1} from 3
21:52:22.494 [raft-server-raft-partition-4] TRACE i.a.p.raft.roles.LeaderAppender - RaftServer{raft-partition-4} - Sending AppendRequest{term=1, leader=1, prevLogIndex=1, prevLogTerm=1, entries=0, commitIndex=1} to 3
21:52:22.494 [raft-server-raft-partition-4] TRACE i.a.p.raft.roles.FollowerRole - RaftServer{raft-partition-4}{role=FOLLOWER} - Received AppendRequest{term=1, leader=1, prevLogIndex=1, prevLogTerm=1, entries=0, commitIndex=1}
21:52:22.494 [raft-server-raft-partition-4] TRACE i.a.p.raft.roles.FollowerRole - RaftServer{raft-partition-4}{role=FOLLOWER} - Sending AppendResponse{status=OK, term=1, succeeded=true, lastLogIndex=1}
21:52:22.494 [raft-server-raft-partition-4] TRACE i.a.p.raft.roles.FollowerRole - RaftServer{raft-partition-4}{role=FOLLOWER} - Received AppendRequest{term=1, leader=1, prevLogIndex=1, prevLogTerm=1, entries=0, commitIndex=1}
21:52:22.494 [raft-server-raft-partition-4] TRACE i.a.p.raft.roles.FollowerRole - RaftServer{raft-partition-4}{role=FOLLOWER} - Sending AppendResponse{status=OK, term=1, succeeded=true, lastLogIndex=1}
21:52:22.494 [raft-server-raft-partition-4] TRACE i.a.p.raft.roles.LeaderAppender - RaftServer{raft-partition-4} - Received AppendResponse{status=OK, term=1, succeeded=true, lastLogIndex=1} from 2
21:52:22.494 [raft-server-raft-partition-4] TRACE i.a.p.raft.roles.LeaderAppender - RaftServer{raft-partition-4} - Received AppendResponse{status=OK, term=1, succeeded=true, lastLogIndex=1} from 3
21:52:22.568 [raft-server-raft-partition-2] TRACE i.a.p.raft.roles.LeaderAppender - RaftServer{raft-partition-2} - Sending AppendRequest{term=1, leader=1, prevLogIndex=1, prevLogTerm=1, entries=0, commitIndex=1} to 2
21:52:22.568 [raft-server-raft-partition-2] TRACE i.a.p.raft.roles.LeaderAppender - RaftServer{raft-partition-2} - Sending AppendRequest{term=1, leader=1, prevLogIndex=1, prevLogTerm=1, entries=0, commitIndex=1} to 3
21:52:22.568 [raft-server-raft-partition-2] TRACE i.a.p.raft.roles.FollowerRole - RaftServer{raft-partition-2}{role=FOLLOWER} - Received AppendRequest{term=1, leader=1, prevLogIndex=1, prevLogTerm=1, entries=0, commitIndex=1}
21:52:22.568 [raft-server-raft-partition-2] TRACE i.a.p.raft.roles.FollowerRole - RaftServer{raft-partition-2}{role=FOLLOWER} - Received AppendRequest{term=1, leader=1, prevLogIndex=1, prevLogTerm=1, entries=0, commitIndex=1}
21:52:22.568 [raft-server-raft-partition-2] TRACE i.a.p.raft.roles.FollowerRole - RaftServer{raft-partition-2}{role=FOLLOWER} - Sending AppendResponse{status=OK, term=1, succeeded=true, lastLogIndex=1}
21:52:22.568 [raft-server-raft-partition-2] TRACE i.a.p.raft.roles.FollowerRole - RaftServer{raft-partition-2}{role=FOLLOWER} - Sending AppendResponse{status=OK, term=1, succeeded=true, lastLogIndex=1}
21:52:22.568 [raft-server-raft-partition-2] TRACE i.a.p.raft.roles.LeaderAppender - RaftServer{raft-partition-2} - Received AppendResponse{status=OK, term=1, succeeded=true, lastLogIndex=1} from 2
21:52:22.568 [raft-server-raft-partition-2] TRACE i.a.p.raft.roles.LeaderAppender - RaftServer{raft-partition-2} - Sending AppendRequest{term=1, leader=1, prevLogIndex=1, prevLogTerm=1, entries=0, commitIndex=1} to 2
21:52:22.569 [raft-server-raft-partition-2] TRACE i.a.p.raft.roles.LeaderAppender - RaftServer{raft-partition-2} - Received AppendResponse{status=OK, term=1, succeeded=true, lastLogIndex=1} from 3
21:52:22.569 [raft-server-raft-partition-2] TRACE i.a.p.raft.roles.LeaderAppender - RaftServer{raft-partition-2} - Sending AppendRequest{term=1, leader=1, prevLogIndex=1, prevLogTerm=1, entries=0, commitIndex=1} to 3
21:52:22.569 [raft-server-raft-partition-2] TRACE i.a.p.raft.roles.FollowerRole - RaftServer{raft-partition-2}{role=FOLLOWER} - Received AppendRequest{term=1, leader=1, prevLogIndex=1, prevLogTerm=1, entries=0, commitIndex=1}
21:52:22.569 [raft-server-raft-partition-2] TRACE i.a.p.raft.roles.FollowerRole - RaftServer{raft-partition-2}{role=FOLLOWER} - Received AppendRequest{term=1, leader=1, prevLogIndex=1, prevLogTerm=1, entries=0, commitIndex=1}
21:52:22.569 [raft-server-raft-partition-2] TRACE i.a.p.raft.roles.FollowerRole - RaftServer{raft-partition-2}{role=FOLLOWER} - Sending AppendResponse{status=OK, term=1, succeeded=true, lastLogIndex=1}
21:52:22.569 [raft-server-raft-partition-2] TRACE i.a.p.raft.roles.FollowerRole - RaftServer{raft-partition-2}{role=FOLLOWER} - Sending AppendResponse{status=OK, term=1, succeeded=true, lastLogIndex=1}
21:52:22.569 [raft-server-raft-partition-2] TRACE i.a.p.raft.roles.LeaderAppender - RaftServer{raft-partition-2} - Received AppendResponse{status=OK, term=1, succeeded=true, lastLogIndex=1} from 3
21:52:22.569 [raft-server-raft-partition-2] TRACE i.a.p.raft.roles.LeaderAppender - RaftServer{raft-partition-2} - Received AppendResponse{status=OK, term=1, succeeded=true, lastLogIndex=1} from 2
21:52:22.576 [raft-server-raft-partition-6] TRACE i.a.p.raft.roles.LeaderAppender - RaftServer{raft-partition-6} - Sending AppendRequest{term=1, leader=1, prevLogIndex=1, prevLogTerm=1, entries=0, commitIndex=1} to 2
21:52:22.576 [raft-server-raft-partition-6] TRACE i.a.p.raft.roles.LeaderAppender - RaftServer{raft-partition-6} - Sending AppendRequest{term=1, leader=1, prevLogIndex=1, prevLogTerm=1, entries=0, commitIndex=1} to 3
21:52:22.576 [raft-server-raft-partition-6] TRACE i.a.p.raft.roles.FollowerRole - RaftServer{raft-partition-6}{role=FOLLOWER} - Received AppendRequest{term=1, leader=1, prevLogIndex=1, prevLogTerm=1, entries=0, commitIndex=1}
21:52:22.576 [raft-server-raft-partition-6] TRACE i.a.p.raft.roles.FollowerRole - RaftServer{raft-partition-6}{role=FOLLOWER} - Received AppendRequest{term=1, leader=1, prevLogIndex=1, prevLogTerm=1, entries=0, commitIndex=1}
21:52:22.576 [raft-server-raft-partition-6] TRACE i.a.p.raft.roles.FollowerRole - RaftServer{raft-partition-6}{role=FOLLOWER} - Sending AppendResponse{status=OK, term=1, succeeded=true, lastLogIndex=1}
21:52:22.576 [raft-server-raft-partition-6] TRACE i.a.p.raft.roles.FollowerRole - RaftServer{raft-partition-6}{role=FOLLOWER} - Sending AppendResponse{status=OK, term=1, succeeded=true, lastLogIndex=1}
21:52:22.576 [raft-server-raft-partition-6] TRACE i.a.p.raft.roles.LeaderAppender - RaftServer{raft-partition-6} - Received AppendResponse{status=OK, term=1, succeeded=true, lastLogIndex=1} from 2
21:52:22.576 [raft-server-raft-partition-6] TRACE i.a.p.raft.roles.LeaderAppender - RaftServer{raft-partition-6} - Sending AppendRequest{term=1, leader=1, prevLogIndex=1, prevLogTerm=1, entries=0, commitIndex=1} to 2
21:52:22.576 [raft-server-raft-partition-6] TRACE i.a.p.raft.roles.LeaderAppender - RaftServer{raft-partition-6} - Received AppendResponse{status=OK, term=1, succeeded=true, lastLogIndex=1} from 3
21:52:22.576 [raft-server-raft-partition-6] TRACE i.a.p.raft.roles.LeaderAppender - RaftServer{raft-partition-6} - Sending AppendRequest{term=1, leader=1, prevLogIndex=1, prevLogTerm=1, entries=0, commitIndex=1} to 3
21:52:22.577 [raft-server-raft-partition-6] TRACE i.a.p.raft.roles.FollowerRole - RaftServer{raft-partition-6}{role=FOLLOWER} - Received AppendRequest{term=1, leader=1, prevLogIndex=1, prevLogTerm=1, entries=0, commitIndex=1}
21:52:22.577 [raft-server-raft-partition-6] TRACE i.a.p.raft.roles.FollowerRole - RaftServer{raft-partition-6}{role=FOLLOWER} - Received AppendRequest{term=1, leader=1, prevLogIndex=1, prevLogTerm=1, entries=0, commitIndex=1}
21:52:22.577 [raft-server-raft-partition-6] TRACE i.a.p.raft.roles.FollowerRole - RaftServer{raft-partition-6}{role=FOLLOWER} - Sending AppendResponse{status=OK, term=1, succeeded=true, lastLogIndex=1}
21:52:22.577 [raft-server-raft-partition-6] TRACE i.a.p.raft.roles.FollowerRole - RaftServer{raft-partition-6}{role=FOLLOWER} - Sending AppendResponse{status=OK, term=1, succeeded=true, lastLogIndex=1}
21:52:22.577 [raft-server-raft-partition-6] TRACE i.a.p.raft.roles.LeaderAppender - RaftServer{raft-partition-6} - Received AppendResponse{status=OK, term=1, succeeded=true, lastLogIndex=1} from 2
21:52:22.577 [raft-server-raft-partition-6] TRACE i.a.p.raft.roles.LeaderAppender - RaftServer{raft-partition-6} - Sending AppendRequest{term=1, leader=1, prevLogIndex=1, prevLogTerm=1, entries=0, commitIndex=1} to 2
21:52:22.577 [raft-server-raft-partition-6] TRACE i.a.p.raft.roles.LeaderAppender - RaftServer{raft-partition-6} - Received AppendResponse{status=OK, term=1, succeeded=true, lastLogIndex=1} from 3
21:52:22.577 [raft-server-raft-partition-6] TRACE i.a.p.raft.roles.LeaderAppender - RaftServer{raft-partition-6} - Sending AppendRequest{term=1, leader=1, prevLogIndex=1, prevLogTerm=1, entries=0, commitIndex=1} to 3
21:52:22.577 [raft-server-raft-partition-6] TRACE i.a.p.raft.roles.FollowerRole - RaftServer{raft-partition-6}{role=FOLLOWER} - Received AppendRequest{term=1, leader=1, prevLogIndex=1, prevLogTerm=1, entries=0, commitIndex=1}
21:52:22.577 [raft-server-raft-partition-6] TRACE i.a.p.raft.roles.FollowerRole - RaftServer{raft-partition-6}{role=FOLLOWER} - Sending AppendResponse{status=OK, term=1, succeeded=true, lastLogIndex=1}
21:52:22.577 [raft-server-raft-partition-6] TRACE i.a.p.raft.roles.FollowerRole - RaftServer{raft-partition-6}{role=FOLLOWER} - Received AppendRequest{term=1, leader=1, prevLogIndex=1, prevLogTerm=1, entries=0, commitIndex=1}
21:52:22.577 [raft-server-raft-partition-6] TRACE i.a.p.raft.roles.FollowerRole - RaftServer{raft-partition-6}{role=FOLLOWER} - Sending AppendResponse{status=OK, term=1, succeeded=true, lastLogIndex=1}
21:52:22.577 [raft-server-raft-partition-6] TRACE i.a.p.raft.roles.LeaderAppender - RaftServer{raft-partition-6} - Received AppendResponse{status=OK, term=1, succeeded=true, lastLogIndex=1} from 2
21:52:22.578 [raft-server-raft-partition-6] TRACE i.a.p.raft.roles.LeaderAppender - RaftServer{raft-partition-6} - Received AppendResponse{status=OK, term=1, succeeded=true, lastLogIndex=1} from 3
21:52:22.625 [raft-server-raft-partition-3] TRACE i.a.p.raft.roles.LeaderAppender - RaftServer{raft-partition-3} - Sending AppendRequest{term=3, leader=1, prevLogIndex=1, prevLogTerm=2, entries=0, commitIndex=1} to 2
21:52:22.625 [raft-server-raft-partition-3] TRACE i.a.p.raft.roles.LeaderAppender - RaftServer{raft-partition-3} - Sending AppendRequest{term=3, leader=1, prevLogIndex=1, prevLogTerm=2, entries=0, commitIndex=1} to 3
21:52:22.625 [raft-server-raft-partition-3] TRACE i.a.p.raft.roles.FollowerRole - RaftServer{raft-partition-3}{role=FOLLOWER} - Received AppendRequest{term=3, leader=1, prevLogIndex=1, prevLogTerm=2, entries=0, commitIndex=1}
21:52:22.625 [raft-server-raft-partition-3] TRACE i.a.p.raft.roles.FollowerRole - RaftServer{raft-partition-3}{role=FOLLOWER} - Sending AppendResponse{status=OK, term=3, succeeded=true, lastLogIndex=1}
21:52:22.625 [raft-server-raft-partition-3] TRACE i.a.p.raft.roles.FollowerRole - RaftServer{raft-partition-3}{role=FOLLOWER} - Received AppendRequest{term=3, leader=1, prevLogIndex=1, prevLogTerm=2, entries=0, commitIndex=1}
21:52:22.625 [raft-server-raft-partition-3] TRACE i.a.p.raft.roles.FollowerRole - RaftServer{raft-partition-3}{role=FOLLOWER} - Sending AppendResponse{status=OK, term=3, succeeded=true, lastLogIndex=1}
21:52:22.625 [raft-server-raft-partition-3] TRACE i.a.p.raft.roles.LeaderAppender - RaftServer{raft-partition-3} - Received AppendResponse{status=OK, term=3, succeeded=true, lastLogIndex=1} from 3
21:52:22.625 [raft-server-raft-partition-3] TRACE i.a.p.raft.roles.LeaderAppender - RaftServer{raft-partition-3} - Sending AppendRequest{term=3, leader=1, prevLogIndex=1, prevLogTerm=2, entries=0, commitIndex=1} to 3
21:52:22.625 [raft-server-raft-partition-3] TRACE i.a.p.raft.roles.LeaderAppender - RaftServer{raft-partition-3} - Received AppendResponse{status=OK, term=3, succeeded=true, lastLogIndex=1} from 2
21:52:22.625 [raft-server-raft-partition-3] TRACE i.a.p.raft.roles.LeaderAppender - RaftServer{raft-partition-3} - Sending AppendRequest{term=3, leader=1, prevLogIndex=1, prevLogTerm=2, entries=0, commitIndex=1} to 2
21:52:22.626 [raft-server-raft-partition-3] TRACE i.a.p.raft.roles.FollowerRole - RaftServer{raft-partition-3}{role=FOLLOWER} - Received AppendRequest{term=3, leader=1, prevLogIndex=1, prevLogTerm=2, entries=0, commitIndex=1}
21:52:22.626 [raft-server-raft-partition-3] TRACE i.a.p.raft.roles.FollowerRole - RaftServer{raft-partition-3}{role=FOLLOWER} - Received AppendRequest{term=3, leader=1, prevLogIndex=1, prevLogTerm=2, entries=0, commitIndex=1}
21:52:22.626 [raft-server-raft-partition-3] TRACE i.a.p.raft.roles.FollowerRole - RaftServer{raft-partition-3}{role=FOLLOWER} - Sending AppendResponse{status=OK, term=3, succeeded=true, lastLogIndex=1}
21:52:22.626 [raft-server-raft-partition-3] TRACE i.a.p.raft.roles.FollowerRole - RaftServer{raft-partition-3}{role=FOLLOWER} - Sending AppendResponse{status=OK, term=3, succeeded=true, lastLogIndex=1}
21:52:22.626 [raft-server-raft-partition-3] TRACE i.a.p.raft.roles.LeaderAppender - RaftServer{raft-partition-3} - Received AppendResponse{status=OK, term=3, succeeded=true, lastLogIndex=1} from 3
21:52:22.626 [raft-server-raft-partition-3] TRACE i.a.p.raft.roles.LeaderAppender - RaftServer{raft-partition-3} - Sending AppendRequest{term=3, leader=1, prevLogIndex=1, prevLogTerm=2, entries=0, commitIndex=1} to 3
21:52:22.626 [raft-server-raft-partition-3] TRACE i.a.p.raft.roles.LeaderAppender - RaftServer{raft-partition-3} - Received AppendResponse{status=OK, term=3, succeeded=true, lastLogIndex=1} from 2
21:52:22.626 [raft-server-raft-partition-3] TRACE i.a.p.raft.roles.LeaderAppender - RaftServer{raft-partition-3} - Sending AppendRequest{term=3, leader=1, prevLogIndex=1, prevLogTerm=2, entries=0, commitIndex=1} to 2
21:52:22.626 [raft-server-raft-partition-3] TRACE i.a.p.raft.roles.FollowerRole - RaftServer{raft-partition-3}{role=FOLLOWER} - Received AppendRequest{term=3, leader=1, prevLogIndex=1, prevLogTerm=2, entries=0, commitIndex=1}
21:52:22.626 [raft-server-raft-partition-3] TRACE i.a.p.raft.roles.FollowerRole - RaftServer{raft-partition-3}{role=FOLLOWER} - Sending AppendResponse{status=OK, term=3, succeeded=true, lastLogIndex=1}
21:52:22.626 [raft-server-raft-partition-3] TRACE i.a.p.raft.roles.FollowerRole - RaftServer{raft-partition-3}{role=FOLLOWER} - Received AppendRequest{term=3, leader=1, prevLogIndex=1, prevLogTerm=2, entries=0, commitIndex=1}
21:52:22.626 [raft-server-raft-partition-3] TRACE i.a.p.raft.roles.LeaderAppender - RaftServer{raft-partition-3} - Received AppendResponse{status=OK, term=3, succeeded=true, lastLogIndex=1} from 3
21:52:22.626 [raft-server-raft-partition-3] TRACE i.a.p.raft.roles.FollowerRole - RaftServer{raft-partition-3}{role=FOLLOWER} - Sending AppendResponse{status=OK, term=3, succeeded=true, lastLogIndex=1}
21:52:22.627 [raft-server-raft-partition-3] TRACE i.a.p.raft.roles.LeaderAppender - RaftServer{raft-partition-3} - Received AppendResponse{status=OK, term=3, succeeded=true, lastLogIndex=1} from 2
21:52:22.634 [raft-server-raft-partition-1] TRACE i.a.p.raft.roles.LeaderAppender - RaftServer{raft-partition-1} - Sending AppendRequest{term=1, leader=2, prevLogIndex=1, prevLogTerm=1, entries=0, commitIndex=1} to 3
21:52:22.635 [raft-server-raft-partition-1] TRACE i.a.p.raft.roles.FollowerRole - RaftServer{raft-partition-1}{role=FOLLOWER} - Received AppendRequest{term=1, leader=2, prevLogIndex=1, prevLogTerm=1, entries=0, commitIndex=1}
21:52:22.635 [raft-server-raft-partition-1] TRACE i.a.p.raft.roles.FollowerRole - RaftServer{raft-partition-1}{role=FOLLOWER} - Sending AppendResponse{status=OK, term=1, succeeded=true, lastLogIndex=1}
21:52:22.635 [raft-server-raft-partition-1] TRACE i.a.p.raft.roles.LeaderAppender - RaftServer{raft-partition-1} - Received AppendResponse{status=OK, term=1, succeeded=true, lastLogIndex=1} from 3
21:52:22.635 [raft-server-raft-partition-1] TRACE i.a.p.raft.roles.LeaderAppender - RaftServer{raft-partition-1} - Sending AppendRequest{term=1, leader=2, prevLogIndex=1, prevLogTerm=1, entries=0, commitIndex=1} to 3
21:52:22.635 [raft-server-raft-partition-1] TRACE i.a.p.raft.roles.FollowerRole - RaftServer{raft-partition-1}{role=FOLLOWER} - Received AppendRequest{term=1, leader=2, prevLogIndex=1, prevLogTerm=1, entries=0, commitIndex=1}
21:52:22.635 [raft-server-raft-partition-1] TRACE i.a.p.raft.roles.FollowerRole - RaftServer{raft-partition-1}{role=FOLLOWER} - Sending AppendResponse{status=OK, term=1, succeeded=true, lastLogIndex=1}
21:52:22.636 [raft-server-raft-partition-1] TRACE i.a.p.raft.roles.LeaderAppender - RaftServer{raft-partition-1} - Received AppendResponse{status=OK, term=1, succeeded=true, lastLogIndex=1} from 3
21:52:22.667 [raft-server-system-partition-1] TRACE i.a.p.raft.roles.LeaderAppender - RaftServer{system-partition-1} - Sending AppendRequest{term=1, leader=1, prevLogIndex=16, prevLogTerm=1, entries=0, commitIndex=16} to 2
21:52:22.667 [raft-server-system-partition-1] TRACE i.a.p.raft.roles.LeaderAppender - RaftServer{system-partition-1} - Sending AppendRequest{term=1, leader=1, prevLogIndex=16, prevLogTerm=1, entries=0, commitIndex=16} to 3
21:52:22.667 [raft-server-system-partition-1] TRACE i.a.p.raft.roles.FollowerRole - RaftServer{system-partition-1}{role=FOLLOWER} - Received AppendRequest{term=1, leader=1, prevLogIndex=16, prevLogTerm=1, entries=0, commitIndex=16}
21:52:22.667 [raft-server-system-partition-1] TRACE i.a.p.raft.roles.FollowerRole - RaftServer{system-partition-1}{role=FOLLOWER} - Sending AppendResponse{status=OK, term=1, succeeded=true, lastLogIndex=16}
21:52:22.668 [raft-server-system-partition-1] TRACE i.a.p.raft.roles.FollowerRole - RaftServer{system-partition-1}{role=FOLLOWER} - Received AppendRequest{term=1, leader=1, prevLogIndex=16, prevLogTerm=1, entries=0, commitIndex=16}
21:52:22.668 [raft-server-system-partition-1] TRACE i.a.p.raft.roles.FollowerRole - RaftServer{system-partition-1}{role=FOLLOWER} - Sending AppendResponse{status=OK, term=1, succeeded=true, lastLogIndex=16}
21:52:22.668 [raft-server-system-partition-1] TRACE i.a.p.raft.roles.LeaderAppender - RaftServer{system-partition-1} - Received AppendResponse{status=OK, term=1, succeeded=true, lastLogIndex=16} from 2
21:52:22.668 [raft-server-system-partition-1] TRACE i.a.p.raft.roles.LeaderAppender - RaftServer{system-partition-1} - Sending AppendRequest{term=1, leader=1, prevLogIndex=16, prevLogTerm=1, entries=0, commitIndex=16} to 2
21:52:22.668 [raft-server-system-partition-1] TRACE i.a.p.raft.roles.LeaderAppender - RaftServer{system-partition-1} - Received AppendResponse{status=OK, term=1, succeeded=true, lastLogIndex=16} from 3
21:52:22.668 [raft-server-system-partition-1] TRACE i.a.p.raft.roles.LeaderAppender - RaftServer{system-partition-1} - Sending AppendRequest{term=1, leader=1, prevLogIndex=16, prevLogTerm=1, entries=0, commitIndex=16} to 3
21:52:22.668 [raft-server-system-partition-1] TRACE i.a.p.raft.roles.FollowerRole - RaftServer{system-partition-1}{role=FOLLOWER} - Received AppendRequest{term=1, leader=1, prevLogIndex=16, prevLogTerm=1, entries=0, commitIndex=16}
21:52:22.668 [raft-server-system-partition-1] TRACE i.a.p.raft.roles.FollowerRole - RaftServer{system-partition-1}{role=FOLLOWER} - Sending AppendResponse{status=OK, term=1, succeeded=true, lastLogIndex=16}
21:52:22.668 [raft-server-system-partition-1] TRACE i.a.p.raft.roles.FollowerRole - RaftServer{system-partition-1}{role=FOLLOWER} - Received AppendRequest{term=1, leader=1, prevLogIndex=16, prevLogTerm=1, entries=0, commitIndex=16}
21:52:22.668 [raft-server-system-partition-1] TRACE i.a.p.raft.roles.FollowerRole - RaftServer{system-partition-1}{role=FOLLOWER} - Sending AppendResponse{status=OK, term=1, succeeded=true, lastLogIndex=16}
21:52:22.668 [raft-server-system-partition-1] TRACE i.a.p.raft.roles.LeaderAppender - RaftServer{system-partition-1} - Received AppendResponse{status=OK, term=1, succeeded=true, lastLogIndex=16} from 2
21:52:22.668 [raft-server-system-partition-1] TRACE i.a.p.raft.roles.LeaderAppender - RaftServer{system-partition-1} - Received AppendResponse{status=OK, term=1, succeeded=true, lastLogIndex=16} from 3
21:52:22.709 [raft-server-raft-partition-5] TRACE i.a.p.raft.roles.LeaderAppender - RaftServer{raft-partition-5} - Sending AppendRequest{term=1, leader=3, prevLogIndex=1, prevLogTerm=1, entries=0, commitIndex=1} to 1
21:52:22.709 [raft-server-raft-partition-5] TRACE i.a.p.raft.roles.LeaderAppender - RaftServer{raft-partition-5} - Sending AppendRequest{term=1, leader=3, prevLogIndex=1, prevLogTerm=1, entries=0, commitIndex=1} to 2
21:52:22.709 [raft-server-raft-partition-7] TRACE i.a.p.raft.roles.LeaderAppender - RaftServer{raft-partition-7} - Sending AppendRequest{term=1, leader=2, prevLogIndex=1, prevLogTerm=1, entries=0, commitIndex=1} to 1
21:52:22.709 [raft-server-raft-partition-5] TRACE i.a.p.raft.roles.FollowerRole - RaftServer{raft-partition-5}{role=FOLLOWER} - Received AppendRequest{term=1, leader=3, prevLogIndex=1, prevLogTerm=1, entries=0, commitIndex=1}
21:52:22.709 [raft-server-raft-partition-5] TRACE i.a.p.raft.roles.FollowerRole - RaftServer{raft-partition-5}{role=FOLLOWER} - Received AppendRequest{term=1, leader=3, prevLogIndex=1, prevLogTerm=1, entries=0, commitIndex=1}
21:52:22.709 [raft-server-raft-partition-7] TRACE i.a.p.raft.roles.LeaderAppender - RaftServer{raft-partition-7} - Sending AppendRequest{term=1, leader=2, prevLogIndex=1, prevLogTerm=1, entries=0, commitIndex=1} to 3
21:52:22.709 [raft-server-raft-partition-5] TRACE i.a.p.raft.roles.FollowerRole - RaftServer{raft-partition-5}{role=FOLLOWER} - Sending AppendResponse{status=OK, term=1, succeeded=true, lastLogIndex=1}
21:52:22.709 [raft-server-raft-partition-5] TRACE i.a.p.raft.roles.FollowerRole - RaftServer{raft-partition-5}{role=FOLLOWER} - Sending AppendResponse{status=OK, term=1, succeeded=true, lastLogIndex=1}
21:52:22.709 [raft-server-raft-partition-7] TRACE i.a.p.raft.roles.FollowerRole - RaftServer{raft-partition-7}{role=FOLLOWER} - Received AppendRequest{term=1, leader=2, prevLogIndex=1, prevLogTerm=1, entries=0, commitIndex=1}
21:52:22.709 [raft-server-raft-partition-7] TRACE i.a.p.raft.roles.FollowerRole - RaftServer{raft-partition-7}{role=FOLLOWER} - Received AppendRequest{term=1, leader=2, prevLogIndex=1, prevLogTerm=1, entries=0, commitIndex=1}
21:52:22.709 [raft-server-raft-partition-5] TRACE i.a.p.raft.roles.LeaderAppender - RaftServer{raft-partition-5} - Received AppendResponse{status=OK, term=1, succeeded=true, lastLogIndex=1} from 2
21:52:22.709 [raft-server-raft-partition-7] TRACE i.a.p.raft.roles.FollowerRole - RaftServer{raft-partition-7}{role=FOLLOWER} - Sending AppendResponse{status=OK, term=1, succeeded=true, lastLogIndex=1}
21:52:22.710 [raft-server-raft-partition-7] TRACE i.a.p.raft.roles.FollowerRole - RaftServer{raft-partition-7}{role=FOLLOWER} - Sending AppendResponse{status=OK, term=1, succeeded=true, lastLogIndex=1}
21:52:22.710 [raft-server-raft-partition-5] TRACE i.a.p.raft.roles.LeaderAppender - RaftServer{raft-partition-5} - Sending AppendRequest{term=1, leader=3, prevLogIndex=1, prevLogTerm=1, entries=0, commitIndex=1} to 2
21:52:22.710 [raft-server-raft-partition-5] TRACE i.a.p.raft.roles.LeaderAppender - RaftServer{raft-partition-5} - Received AppendResponse{status=OK, term=1, succeeded=true, lastLogIndex=1} from 1
21:52:22.710 [raft-server-raft-partition-7] TRACE i.a.p.raft.roles.LeaderAppender - RaftServer{raft-partition-7} - Received AppendResponse{status=OK, term=1, succeeded=true, lastLogIndex=1} from 1
21:52:22.710 [raft-server-raft-partition-5] TRACE i.a.p.raft.roles.LeaderAppender - RaftServer{raft-partition-5} - Sending AppendRequest{term=1, leader=3, prevLogIndex=1, prevLogTerm=1, entries=0, commitIndex=1} to 1
21:52:22.710 [raft-server-raft-partition-5] TRACE i.a.p.raft.roles.FollowerRole - RaftServer{raft-partition-5}{role=FOLLOWER} - Received AppendRequest{term=1, leader=3, prevLogIndex=1, prevLogTerm=1, entries=0, commitIndex=1}
21:52:22.710 [raft-server-raft-partition-7] TRACE i.a.p.raft.roles.LeaderAppender - RaftServer{raft-partition-7} - Sending AppendRequest{term=1, leader=2, prevLogIndex=1, prevLogTerm=1, entries=0, commitIndex=1} to 1
21:52:22.710 [raft-server-raft-partition-5] TRACE i.a.p.raft.roles.FollowerRole - RaftServer{raft-partition-5}{role=FOLLOWER} - Sending AppendResponse{status=OK, term=1, succeeded=true, lastLogIndex=1}
21:52:22.710 [raft-server-raft-partition-5] TRACE i.a.p.raft.roles.FollowerRole - RaftServer{raft-partition-5}{role=FOLLOWER} - Received AppendRequest{term=1, leader=3, prevLogIndex=1, prevLogTerm=1, entries=0, commitIndex=1}
21:52:22.710 [raft-server-raft-partition-7] TRACE i.a.p.raft.roles.LeaderAppender - RaftServer{raft-partition-7} - Received AppendResponse{status=OK, term=1, succeeded=true, lastLogIndex=1} from 3
21:52:22.710 [raft-server-raft-partition-5] TRACE i.a.p.raft.roles.FollowerRole - RaftServer{raft-partition-5}{role=FOLLOWER} - Sending AppendResponse{status=OK, term=1, succeeded=true, lastLogIndex=1}
21:52:22.710 [raft-server-raft-partition-7] TRACE i.a.p.raft.roles.LeaderAppender - RaftServer{raft-partition-7} - Sending AppendRequest{term=1, leader=2, prevLogIndex=1, prevLogTerm=1, entries=0, commitIndex=1} to 3
21:52:22.710 [raft-server-raft-partition-5] TRACE i.a.p.raft.roles.LeaderAppender - RaftServer{raft-partition-5} - Received AppendResponse{status=OK, term=1, succeeded=true, lastLogIndex=1} from 2
21:52:22.710 [raft-server-raft-partition-7] TRACE i.a.p.raft.roles.FollowerRole - RaftServer{raft-partition-7}{role=FOLLOWER} - Received AppendRequest{term=1, leader=2, prevLogIndex=1, prevLogTerm=1, entries=0, commitIndex=1}
21:52:22.711 [raft-server-raft-partition-7] TRACE i.a.p.raft.roles.FollowerRole - RaftServer{raft-partition-7}{role=FOLLOWER} - Received AppendRequest{term=1, leader=2, prevLogIndex=1, prevLogTerm=1, entries=0, commitIndex=1}
21:52:22.711 [raft-server-raft-partition-5] TRACE i.a.p.raft.roles.LeaderAppender - RaftServer{raft-partition-5} - Received AppendResponse{status=OK, term=1, succeeded=true, lastLogIndex=1} from 1
21:52:22.711 [raft-server-raft-partition-7] TRACE i.a.p.raft.roles.FollowerRole - RaftServer{raft-partition-7}{role=FOLLOWER} - Sending AppendResponse{status=OK, term=1, succeeded=true, lastLogIndex=1}
21:52:22.711 [raft-server-raft-partition-7] TRACE i.a.p.raft.roles.FollowerRole - RaftServer{raft-partition-7}{role=FOLLOWER} - Sending AppendResponse{status=OK, term=1, succeeded=true, lastLogIndex=1}
21:52:22.711 [raft-server-raft-partition-7] TRACE i.a.p.raft.roles.LeaderAppender - RaftServer{raft-partition-7} - Received AppendResponse{status=OK, term=1, succeeded=true, lastLogIndex=1} from 1
21:52:22.711 [raft-server-raft-partition-7] TRACE i.a.p.raft.roles.LeaderAppender - RaftServer{raft-partition-7} - Received AppendResponse{status=OK, term=1, succeeded=true, lastLogIndex=1} from 3
21:52:22.743 [raft-server-raft-partition-4] TRACE i.a.p.raft.roles.LeaderAppender - RaftServer{raft-partition-4} - Sending AppendRequest{term=1, leader=1, prevLogIndex=1, prevLogTerm=1, entries=0, commitIndex=1} to 2
21:52:22.743 [raft-server-raft-partition-4] TRACE i.a.p.raft.roles.LeaderAppender - RaftServer{raft-partition-4} - Sending AppendRequest{term=1, leader=1, prevLogIndex=1, prevLogTerm=1, entries=0, commitIndex=1} to 3
21:52:22.743 [raft-server-raft-partition-4] TRACE i.a.p.raft.roles.FollowerRole - RaftServer{raft-partition-4}{role=FOLLOWER} - Received AppendRequest{term=1, leader=1, prevLogIndex=1, prevLogTerm=1, entries=0, commitIndex=1}
21:52:22.743 [raft-server-raft-partition-4] TRACE i.a.p.raft.roles.FollowerRole - RaftServer{raft-partition-4}{role=FOLLOWER} - Received AppendRequest{term=1, leader=1, prevLogIndex=1, prevLogTerm=1, entries=0, commitIndex=1}
21:52:22.743 [raft-server-raft-partition-4] TRACE i.a.p.raft.roles.FollowerRole - RaftServer{raft-partition-4}{role=FOLLOWER} - Sending AppendResponse{status=OK, term=1, succeeded=true, lastLogIndex=1}
21:52:22.743 [raft-server-raft-partition-4] TRACE i.a.p.raft.roles.FollowerRole - RaftServer{raft-partition-4}{role=FOLLOWER} - Sending AppendResponse{status=OK, term=1, succeeded=true, lastLogIndex=1}
21:52:22.744 [raft-server-raft-partition-4] TRACE i.a.p.raft.roles.LeaderAppender - RaftServer{raft-partition-4} - Received AppendResponse{status=OK, term=1, succeeded=true, lastLogIndex=1} from 3
21:52:22.744 [raft-server-raft-partition-4] TRACE i.a.p.raft.roles.LeaderAppender - RaftServer{raft-partition-4} - Sending AppendRequest{term=1, leader=1, prevLogIndex=1, prevLogTerm=1, entries=0, commitIndex=1} to 3
21:52:22.744 [raft-server-raft-partition-4] TRACE i.a.p.raft.roles.LeaderAppender - RaftServer{raft-partition-4} - Received AppendResponse{status=OK, term=1, succeeded=true, lastLogIndex=1} from 2
21:52:22.744 [raft-server-raft-partition-4] TRACE i.a.p.raft.roles.LeaderAppender - RaftServer{raft-partition-4} - Sending AppendRequest{term=1, leader=1, prevLogIndex=1, prevLogTerm=1, entries=0, commitIndex=1} to 2
21:52:22.744 [raft-server-raft-partition-4] TRACE i.a.p.raft.roles.FollowerRole - RaftServer{raft-partition-4}{role=FOLLOWER} - Received AppendRequest{term=1, leader=1, prevLogIndex=1, prevLogTerm=1, entries=0, commitIndex=1}
21:52:22.744 [raft-server-raft-partition-4] TRACE i.a.p.raft.roles.FollowerRole - RaftServer{raft-partition-4}{role=FOLLOWER} - Sending AppendResponse{status=OK, term=1, succeeded=true, lastLogIndex=1}
21:52:22.744 [raft-server-raft-partition-4] TRACE i.a.p.raft.roles.FollowerRole - RaftServer{raft-partition-4}{role=FOLLOWER} - Received AppendRequest{term=1, leader=1, prevLogIndex=1, prevLogTerm=1, entries=0, commitIndex=1}
21:52:22.744 [raft-server-raft-partition-4] TRACE i.a.p.raft.roles.FollowerRole - RaftServer{raft-partition-4}{role=FOLLOWER} - Sending AppendResponse{status=OK, term=1, succeeded=true, lastLogIndex=1}
21:52:22.744 [raft-server-raft-partition-4] TRACE i.a.p.raft.roles.LeaderAppender - RaftServer{raft-partition-4} - Received AppendResponse{status=OK, term=1, succeeded=true, lastLogIndex=1} from 3
21:52:22.744 [raft-server-raft-partition-4] TRACE i.a.p.raft.roles.LeaderAppender - RaftServer{raft-partition-4} - Received AppendResponse{status=OK, term=1, succeeded=true, lastLogIndex=1} from 2
21:52:22.818 [raft-server-raft-partition-2] TRACE i.a.p.raft.roles.LeaderAppender - RaftServer{raft-partition-2} - Sending AppendRequest{term=1, leader=1, prevLogIndex=1, prevLogTerm=1, entries=0, commitIndex=1} to 2
21:52:22.818 [raft-server-raft-partition-2] TRACE i.a.p.raft.roles.LeaderAppender - RaftServer{raft-partition-2} - Sending AppendRequest{term=1, leader=1, prevLogIndex=1, prevLogTerm=1, entries=0, commitIndex=1} to 3
21:52:22.818 [raft-server-raft-partition-2] TRACE i.a.p.raft.roles.FollowerRole - RaftServer{raft-partition-2}{role=FOLLOWER} - Received AppendRequest{term=1, leader=1, prevLogIndex=1, prevLogTerm=1, entries=0, commitIndex=1}
21:52:22.818 [raft-server-raft-partition-2] TRACE i.a.p.raft.roles.FollowerRole - RaftServer{raft-partition-2}{role=FOLLOWER} - Received AppendRequest{term=1, leader=1, prevLogIndex=1, prevLogTerm=1, entries=0, commitIndex=1}
21:52:22.818 [raft-server-raft-partition-2] TRACE i.a.p.raft.roles.FollowerRole - RaftServer{raft-partition-2}{role=FOLLOWER} - Sending AppendResponse{status=OK, term=1, succeeded=true, lastLogIndex=1}
21:52:22.818 [raft-server-raft-partition-2] TRACE i.a.p.raft.roles.FollowerRole - RaftServer{raft-partition-2}{role=FOLLOWER} - Sending AppendResponse{status=OK, term=1, succeeded=true, lastLogIndex=1}
21:52:22.818 [raft-server-raft-partition-2] TRACE i.a.p.raft.roles.LeaderAppender - RaftServer{raft-partition-2} - Received AppendResponse{status=OK, term=1, succeeded=true, lastLogIndex=1} from 2
21:52:22.818 [raft-server-raft-partition-2] TRACE i.a.p.raft.roles.LeaderAppender - RaftServer{raft-partition-2} - Received AppendResponse{status=OK, term=1, succeeded=true, lastLogIndex=1} from 3
21:52:22.826 [raft-server-raft-partition-6] TRACE i.a.p.raft.roles.LeaderAppender - RaftServer{raft-partition-6} - Sending AppendRequest{term=1, leader=1, prevLogIndex=1, prevLogTerm=1, entries=0, commitIndex=1} to 2
21:52:22.826 [raft-server-raft-partition-6] TRACE i.a.p.raft.roles.LeaderAppender - RaftServer{raft-partition-6} - Sending AppendRequest{term=1, leader=1, prevLogIndex=1, prevLogTerm=1, entries=0, commitIndex=1} to 3
21:52:22.826 [raft-server-raft-partition-6] TRACE i.a.p.raft.roles.FollowerRole - RaftServer{raft-partition-6}{role=FOLLOWER} - Received AppendRequest{term=1, leader=1, prevLogIndex=1, prevLogTerm=1, entries=0, commitIndex=1}
21:52:22.826 [raft-server-raft-partition-6] TRACE i.a.p.raft.roles.FollowerRole - RaftServer{raft-partition-6}{role=FOLLOWER} - Received AppendRequest{term=1, leader=1, prevLogIndex=1, prevLogTerm=1, entries=0, commitIndex=1}
21:52:22.826 [raft-server-raft-partition-6] TRACE i.a.p.raft.roles.FollowerRole - RaftServer{raft-partition-6}{role=FOLLOWER} - Sending AppendResponse{status=OK, term=1, succeeded=true, lastLogIndex=1}
21:52:22.826 [raft-server-raft-partition-6] TRACE i.a.p.raft.roles.FollowerRole - RaftServer{raft-partition-6}{role=FOLLOWER} - Sending AppendResponse{status=OK, term=1, succeeded=true, lastLogIndex=1}
21:52:22.826 [raft-server-raft-partition-6] TRACE i.a.p.raft.roles.LeaderAppender - RaftServer{raft-partition-6} - Received AppendResponse{status=OK, term=1, succeeded=true, lastLogIndex=1} from 2
21:52:22.826 [raft-server-raft-partition-6] TRACE i.a.p.raft.roles.LeaderAppender - RaftServer{raft-partition-6} - Sending AppendRequest{term=1, leader=1, prevLogIndex=1, prevLogTerm=1, entries=0, commitIndex=1} to 2
21:52:22.826 [raft-server-raft-partition-6] TRACE i.a.p.raft.roles.LeaderAppender - RaftServer{raft-partition-6} - Received AppendResponse{status=OK, term=1, succeeded=true, lastLogIndex=1} from 3
21:52:22.826 [raft-server-raft-partition-6] TRACE i.a.p.raft.roles.LeaderAppender - RaftServer{raft-partition-6} - Sending AppendRequest{term=1, leader=1, prevLogIndex=1, prevLogTerm=1, entries=0, commitIndex=1} to 3
21:52:22.827 [raft-server-raft-partition-6] TRACE i.a.p.raft.roles.FollowerRole - RaftServer{raft-partition-6}{role=FOLLOWER} - Received AppendRequest{term=1, leader=1, prevLogIndex=1, prevLogTerm=1, entries=0, commitIndex=1}
21:52:22.827 [raft-server-raft-partition-6] TRACE i.a.p.raft.roles.FollowerRole - RaftServer{raft-partition-6}{role=FOLLOWER} - Received AppendRequest{term=1, leader=1, prevLogIndex=1, prevLogTerm=1, entries=0, commitIndex=1}
21:52:22.827 [raft-server-raft-partition-6] TRACE i.a.p.raft.roles.FollowerRole - RaftServer{raft-partition-6}{role=FOLLOWER} - Sending AppendResponse{status=OK, term=1, succeeded=true, lastLogIndex=1}
21:52:22.827 [raft-server-raft-partition-6] TRACE i.a.p.raft.roles.FollowerRole - RaftServer{raft-partition-6}{role=FOLLOWER} - Sending AppendResponse{status=OK, term=1, succeeded=true, lastLogIndex=1}
21:52:22.827 [raft-server-raft-partition-6] TRACE i.a.p.raft.roles.LeaderAppender - RaftServer{raft-partition-6} - Received AppendResponse{status=OK, term=1, succeeded=true, lastLogIndex=1} from 2
21:52:22.827 [raft-server-raft-partition-6] TRACE i.a.p.raft.roles.LeaderAppender - RaftServer{raft-partition-6} - Sending AppendRequest{term=1, leader=1, prevLogIndex=1, prevLogTerm=1, entries=0, commitIndex=1} to 2
21:52:22.827 [raft-server-raft-partition-6] TRACE i.a.p.raft.roles.LeaderAppender - RaftServer{raft-partition-6} - Received AppendResponse{status=OK, term=1, succeeded=true, lastLogIndex=1} from 3
21:52:22.827 [raft-server-raft-partition-6] TRACE i.a.p.raft.roles.LeaderAppender - RaftServer{raft-partition-6} - Sending AppendRequest{term=1, leader=1, prevLogIndex=1, prevLogTerm=1, entries=0, commitIndex=1} to 3
21:52:22.827 [raft-server-raft-partition-6] TRACE i.a.p.raft.roles.FollowerRole - RaftServer{raft-partition-6}{role=FOLLOWER} - Received AppendRequest{term=1, leader=1, prevLogIndex=1, prevLogTerm=1, entries=0, commitIndex=1}
21:52:22.827 [raft-server-raft-partition-1] TRACE i.a.p.raft.storage.system.MetaStore - Store vote null
21:52:22.827 [raft-server-raft-partition-6] TRACE i.a.p.raft.roles.FollowerRole - RaftServer{raft-partition-6}{role=FOLLOWER} - Sending AppendResponse{status=OK, term=1, succeeded=true, lastLogIndex=1}
21:52:22.827 [raft-server-raft-partition-6] TRACE i.a.p.raft.roles.FollowerRole - RaftServer{raft-partition-6}{role=FOLLOWER} - Received AppendRequest{term=1, leader=1, prevLogIndex=1, prevLogTerm=1, entries=0, commitIndex=1}
21:52:22.827 [raft-server-raft-partition-6] TRACE i.a.p.raft.roles.FollowerRole - RaftServer{raft-partition-6}{role=FOLLOWER} - Sending AppendResponse{status=OK, term=1, succeeded=true, lastLogIndex=1}
21:52:22.827 [raft-server-raft-partition-6] TRACE i.a.p.raft.roles.LeaderAppender - RaftServer{raft-partition-6} - Received AppendResponse{status=OK, term=1, succeeded=true, lastLogIndex=1} from 2
21:52:22.827 [raft-server-raft-partition-6] TRACE i.a.p.raft.roles.LeaderAppender - RaftServer{raft-partition-6} - Received AppendResponse{status=OK, term=1, succeeded=true, lastLogIndex=1} from 3
21:52:22.857 [raft-server-raft-partition-1] DEBUG i.a.p.raft.roles.FollowerRole - RaftServer{raft-partition-1}{role=FOLLOWER} - Heartbeat timed out in PT2.67S
21:52:22.857 [raft-server-raft-partition-1] DEBUG i.a.p.raft.roles.FollowerRole - RaftServer{raft-partition-1}{role=FOLLOWER} - Polling members [DefaultRaftMember{id=2, type=ACTIVE, updated=2018-06-10T19:52:01.245Z}, DefaultRaftMember{id=3, type=ACTIVE, updated=2018-06-10T19:52:01.245Z}]
21:52:22.857 [raft-server-raft-partition-1] DEBUG i.a.p.raft.roles.FollowerRole - RaftServer{raft-partition-1}{role=FOLLOWER} - Polling DefaultRaftMember{id=2, type=ACTIVE, updated=2018-06-10T19:52:01.245Z} for next term 2
21:52:22.857 [raft-server-raft-partition-1] DEBUG i.a.p.raft.roles.FollowerRole - RaftServer{raft-partition-1}{role=FOLLOWER} - Polling DefaultRaftMember{id=3, type=ACTIVE, updated=2018-06-10T19:52:01.245Z} for next term 2
21:52:22.857 [raft-server-raft-partition-1] TRACE i.a.protocols.raft.roles.LeaderRole - RaftServer{raft-partition-1}{role=LEADER} - Received PollRequest{term=1, candidate=1, lastLogIndex=0, lastLogTerm=0}
21:52:22.857 [raft-server-raft-partition-1] TRACE i.a.p.raft.roles.FollowerRole - RaftServer{raft-partition-1}{role=FOLLOWER} - Received PollRequest{term=1, candidate=1, lastLogIndex=0, lastLogTerm=0}
21:52:22.857 [raft-server-raft-partition-1] TRACE i.a.protocols.raft.roles.LeaderRole - RaftServer{raft-partition-1}{role=LEADER} - Sending PollResponse{status=OK, term=1, accepted=false}
21:52:22.857 [raft-server-raft-partition-1] DEBUG i.a.p.raft.roles.FollowerRole - RaftServer{raft-partition-1}{role=FOLLOWER} - Rejected PollRequest{term=1, candidate=1, lastLogIndex=0, lastLogTerm=0}: candidate's last log entry (0) is at a lower term than the local log (1)
21:52:22.857 [raft-server-raft-partition-1] TRACE i.a.p.raft.roles.FollowerRole - RaftServer{raft-partition-1}{role=FOLLOWER} - Sending PollResponse{status=OK, term=1, accepted=false}
21:52:22.858 [raft-server-raft-partition-1] DEBUG i.a.p.raft.roles.FollowerRole - RaftServer{raft-partition-1}{role=FOLLOWER} - Received rejected poll from DefaultRaftMember{id=2, type=ACTIVE, updated=2018-06-10T19:52:01.245Z}
21:52:22.858 [raft-server-raft-partition-1] DEBUG i.a.p.raft.roles.FollowerRole - RaftServer{raft-partition-1}{role=FOLLOWER} - Received rejected poll from DefaultRaftMember{id=3, type=ACTIVE, updated=2018-06-10T19:52:01.245Z}
21:52:22.875 [raft-server-raft-partition-3] TRACE i.a.p.raft.roles.LeaderAppender - RaftServer{raft-partition-3} - Sending AppendRequest{term=3, leader=1, prevLogIndex=1, prevLogTerm=2, entries=0, commitIndex=1} to 2
21:52:22.875 [raft-server-raft-partition-3] TRACE i.a.p.raft.roles.LeaderAppender - RaftServer{raft-partition-3} - Sending AppendRequest{term=3, leader=1, prevLogIndex=1, prevLogTerm=2, entries=0, commitIndex=1} to 3
21:52:22.875 [raft-server-raft-partition-3] TRACE i.a.p.raft.roles.FollowerRole - RaftServer{raft-partition-3}{role=FOLLOWER} - Received AppendRequest{term=3, leader=1, prevLogIndex=1, prevLogTerm=2, entries=0, commitIndex=1}
21:52:22.875 [raft-server-raft-partition-3] TRACE i.a.p.raft.roles.FollowerRole - RaftServer{raft-partition-3}{role=FOLLOWER} - Received AppendRequest{term=3, leader=1, prevLogIndex=1, prevLogTerm=2, entries=0, commitIndex=1}
21:52:22.875 [raft-server-raft-partition-3] TRACE i.a.p.raft.roles.FollowerRole - RaftServer{raft-partition-3}{role=FOLLOWER} - Sending AppendResponse{status=OK, term=3, succeeded=true, lastLogIndex=1}
21:52:22.875 [raft-server-raft-partition-3] TRACE i.a.p.raft.roles.FollowerRole - RaftServer{raft-partition-3}{role=FOLLOWER} - Sending AppendResponse{status=OK, term=3, succeeded=true, lastLogIndex=1}
21:52:22.875 [raft-server-raft-partition-3] TRACE i.a.p.raft.roles.LeaderAppender - RaftServer{raft-partition-3} - Received AppendResponse{status=OK, term=3, succeeded=true, lastLogIndex=1} from 3
21:52:22.875 [raft-server-raft-partition-3] TRACE i.a.p.raft.roles.LeaderAppender - RaftServer{raft-partition-3} - Sending AppendRequest{term=3, leader=1, prevLogIndex=1, prevLogTerm=2, entries=0, commitIndex=1} to 3
21:52:22.875 [raft-server-raft-partition-3] TRACE i.a.p.raft.roles.LeaderAppender - RaftServer{raft-partition-3} - Received AppendResponse{status=OK, term=3, succeeded=true, lastLogIndex=1} from 2
21:52:22.875 [raft-server-raft-partition-3] TRACE i.a.p.raft.roles.LeaderAppender - RaftServer{raft-partition-3} - Sending AppendRequest{term=3, leader=1, prevLogIndex=1, prevLogTerm=2, entries=0, commitIndex=1} to 2
21:52:22.876 [raft-server-raft-partition-3] TRACE i.a.p.raft.roles.FollowerRole - RaftServer{raft-partition-3}{role=FOLLOWER} - Received AppendRequest{term=3, leader=1, prevLogIndex=1, prevLogTerm=2, entries=0, commitIndex=1}
21:52:22.876 [raft-server-raft-partition-3] TRACE i.a.p.raft.roles.FollowerRole - RaftServer{raft-partition-3}{role=FOLLOWER} - Received AppendRequest{term=3, leader=1, prevLogIndex=1, prevLogTerm=2, entries=0, commitIndex=1}
21:52:22.876 [raft-server-raft-partition-3] TRACE i.a.p.raft.roles.FollowerRole - RaftServer{raft-partition-3}{role=FOLLOWER} - Sending AppendResponse{status=OK, term=3, succeeded=true, lastLogIndex=1}
21:52:22.876 [raft-server-raft-partition-3] TRACE i.a.p.raft.roles.FollowerRole - RaftServer{raft-partition-3}{role=FOLLOWER} - Sending AppendResponse{status=OK, term=3, succeeded=true, lastLogIndex=1}
21:52:22.876 [raft-server-raft-partition-3] TRACE i.a.p.raft.roles.LeaderAppender - RaftServer{raft-partition-3} - Received AppendResponse{status=OK, term=3, succeeded=true, lastLogIndex=1} from 3
21:52:22.876 [raft-server-raft-partition-3] TRACE i.a.p.raft.roles.LeaderAppender - RaftServer{raft-partition-3} - Sending AppendRequest{term=3, leader=1, prevLogIndex=1, prevLogTerm=2, entries=0, commitIndex=1} to 3
21:52:22.876 [raft-server-raft-partition-3] TRACE i.a.p.raft.roles.LeaderAppender - RaftServer{raft-partition-3} - Received AppendResponse{status=OK, term=3, succeeded=true, lastLogIndex=1} from 2
21:52:22.876 [raft-server-raft-partition-3] TRACE i.a.p.raft.roles.LeaderAppender - RaftServer{raft-partition-3} - Sending AppendRequest{term=3, leader=1, prevLogIndex=1, prevLogTerm=2, entries=0, commitIndex=1} to 2
21:52:22.876 [raft-server-raft-partition-3] TRACE i.a.p.raft.roles.FollowerRole - RaftServer{raft-partition-3}{role=FOLLOWER} - Received AppendRequest{term=3, leader=1, prevLogIndex=1, prevLogTerm=2, entries=0, commitIndex=1}
21:52:22.876 [raft-server-raft-partition-3] TRACE i.a.p.raft.roles.FollowerRole - RaftServer{raft-partition-3}{role=FOLLOWER} - Sending AppendResponse{status=OK, term=3, succeeded=true, lastLogIndex=1}
21:52:22.876 [raft-server-raft-partition-3] TRACE i.a.p.raft.roles.FollowerRole - RaftServer{raft-partition-3}{role=FOLLOWER} - Received AppendRequest{term=3, leader=1, prevLogIndex=1, prevLogTerm=2, entries=0, commitIndex=1}
21:52:22.876 [raft-server-raft-partition-3] TRACE i.a.p.raft.roles.FollowerRole - RaftServer{raft-partition-3}{role=FOLLOWER} - Sending AppendResponse{status=OK, term=3, succeeded=true, lastLogIndex=1}
21:52:22.876 [raft-server-raft-partition-3] TRACE i.a.p.raft.roles.LeaderAppender - RaftServer{raft-partition-3} - Received AppendResponse{status=OK, term=3, succeeded=true, lastLogIndex=1} from 3
21:52:22.876 [raft-server-raft-partition-3] TRACE i.a.p.raft.roles.LeaderAppender - RaftServer{raft-partition-3} - Received AppendResponse{status=OK, term=3, succeeded=true, lastLogIndex=1} from 2
21:52:22.884 [raft-server-raft-partition-1] TRACE i.a.p.raft.roles.LeaderAppender - RaftServer{raft-partition-1} - Sending AppendRequest{term=1, leader=2, prevLogIndex=1, prevLogTerm=1, entries=0, commitIndex=1} to 3
21:52:22.885 [raft-server-raft-partition-1] TRACE i.a.p.raft.roles.FollowerRole - RaftServer{raft-partition-1}{role=FOLLOWER} - Received AppendRequest{term=1, leader=2, prevLogIndex=1, prevLogTerm=1, entries=0, commitIndex=1}
21:52:22.885 [raft-server-raft-partition-1] TRACE i.a.p.raft.roles.FollowerRole - RaftServer{raft-partition-1}{role=FOLLOWER} - Sending AppendResponse{status=OK, term=1, succeeded=true, lastLogIndex=1}
21:52:22.885 [raft-server-raft-partition-1] TRACE i.a.p.raft.roles.LeaderAppender - RaftServer{raft-partition-1} - Received AppendResponse{status=OK, term=1, succeeded=true, lastLogIndex=1} from 3
21:52:22.885 [raft-server-raft-partition-1] TRACE i.a.p.raft.roles.LeaderAppender - RaftServer{raft-partition-1} - Sending AppendRequest{term=1, leader=2, prevLogIndex=1, prevLogTerm=1, entries=0, commitIndex=1} to 3
21:52:22.885 [raft-server-raft-partition-1] TRACE i.a.p.raft.roles.FollowerRole - RaftServer{raft-partition-1}{role=FOLLOWER} - Received AppendRequest{term=1, leader=2, prevLogIndex=1, prevLogTerm=1, entries=0, commitIndex=1}
21:52:22.885 [raft-server-raft-partition-1] TRACE i.a.p.raft.roles.FollowerRole - RaftServer{raft-partition-1}{role=FOLLOWER} - Sending AppendResponse{status=OK, term=1, succeeded=true, lastLogIndex=1}
21:52:22.885 [raft-server-raft-partition-1] TRACE i.a.p.raft.roles.LeaderAppender - RaftServer{raft-partition-1} - Received AppendResponse{status=OK, term=1, succeeded=true, lastLogIndex=1} from 3
21:52:22.917 [raft-server-system-partition-1] TRACE i.a.p.raft.roles.LeaderAppender - RaftServer{system-partition-1} - Sending AppendRequest{term=1, leader=1, prevLogIndex=16, prevLogTerm=1, entries=0, commitIndex=16} to 2
21:52:22.917 [raft-server-system-partition-1] TRACE i.a.p.raft.roles.LeaderAppender - RaftServer{system-partition-1} - Sending AppendRequest{term=1, leader=1, prevLogIndex=16, prevLogTerm=1, entries=0, commitIndex=16} to 3
21:52:22.918 [raft-server-system-partition-1] TRACE i.a.p.raft.roles.FollowerRole - RaftServer{system-partition-1}{role=FOLLOWER} - Received AppendRequest{term=1, leader=1, prevLogIndex=16, prevLogTerm=1, entries=0, commitIndex=16}
21:52:22.918 [raft-server-system-partition-1] TRACE i.a.p.raft.roles.FollowerRole - RaftServer{system-partition-1}{role=FOLLOWER} - Received AppendRequest{term=1, leader=1, prevLogIndex=16, prevLogTerm=1, entries=0, commitIndex=16}
21:52:22.918 [raft-server-system-partition-1] TRACE i.a.p.raft.roles.FollowerRole - RaftServer{system-partition-1}{role=FOLLOWER} - Sending AppendResponse{status=OK, term=1, succeeded=true, lastLogIndex=16}
21:52:22.918 [raft-server-system-partition-1] TRACE i.a.p.raft.roles.FollowerRole - RaftServer{system-partition-1}{role=FOLLOWER} - Sending AppendResponse{status=OK, term=1, succeeded=true, lastLogIndex=16}
21:52:22.918 [raft-server-system-partition-1] TRACE i.a.p.raft.roles.LeaderAppender - RaftServer{system-partition-1} - Received AppendResponse{status=OK, term=1, succeeded=true, lastLogIndex=16} from 3
21:52:22.918 [raft-server-system-partition-1] TRACE i.a.p.raft.roles.LeaderAppender - RaftServer{system-partition-1} - Sending AppendRequest{term=1, leader=1, prevLogIndex=16, prevLogTerm=1, entries=0, commitIndex=16} to 3
21:52:22.918 [raft-server-system-partition-1] TRACE i.a.p.raft.roles.LeaderAppender - RaftServer{system-partition-1} - Received AppendResponse{status=OK, term=1, succeeded=true, lastLogIndex=16} from 2
21:52:22.918 [raft-server-system-partition-1] TRACE i.a.p.raft.roles.LeaderAppender - RaftServer{system-partition-1} - Sending AppendRequest{term=1, leader=1, prevLogIndex=16, prevLogTerm=1, entries=0, commitIndex=16} to 2
21:52:22.918 [raft-server-system-partition-1] TRACE i.a.p.raft.roles.FollowerRole - RaftServer{system-partition-1}{role=FOLLOWER} - Received AppendRequest{term=1, leader=1, prevLogIndex=16, prevLogTerm=1, entries=0, commitIndex=16}
21:52:22.918 [raft-server-system-partition-1] TRACE i.a.p.raft.roles.FollowerRole - RaftServer{system-partition-1}{role=FOLLOWER} - Received AppendRequest{term=1, leader=1, prevLogIndex=16, prevLogTerm=1, entries=0, commitIndex=16}
21:52:22.919 [raft-server-system-partition-1] TRACE i.a.p.raft.roles.FollowerRole - RaftServer{system-partition-1}{role=FOLLOWER} - Sending AppendResponse{status=OK, term=1, succeeded=true, lastLogIndex=16}
21:52:22.919 [raft-server-system-partition-1] TRACE i.a.p.raft.roles.FollowerRole - RaftServer{system-partition-1}{role=FOLLOWER} - Sending AppendResponse{status=OK, term=1, succeeded=true, lastLogIndex=16}
21:52:22.919 [raft-server-system-partition-1] TRACE i.a.p.raft.roles.LeaderAppender - RaftServer{system-partition-1} - Received AppendResponse{status=OK, term=1, succeeded=true, lastLogIndex=16} from 3
21:52:22.919 [raft-server-system-partition-1] TRACE i.a.p.raft.roles.LeaderAppender - RaftServer{system-partition-1} - Received AppendResponse{status=OK, term=1, succeeded=true, lastLogIndex=16} from 2
21:52:22.959 [raft-server-raft-partition-5] TRACE i.a.p.raft.roles.LeaderAppender - RaftServer{raft-partition-5} - Sending AppendRequest{term=1, leader=3, prevLogIndex=1, prevLogTerm=1, entries=0, commitIndex=1} to 1
21:52:22.959 [raft-server-raft-partition-5] TRACE i.a.p.raft.roles.LeaderAppender - RaftServer{raft-partition-5} - Sending AppendRequest{term=1, leader=3, prevLogIndex=1, prevLogTerm=1, entries=0, commitIndex=1} to 2
21:52:22.959 [raft-server-raft-partition-7] TRACE i.a.p.raft.roles.LeaderAppender - RaftServer{raft-partition-7} - Sending AppendRequest{term=1, leader=2, prevLogIndex=1, prevLogTerm=1, entries=0, commitIndex=1} to 1
21:52:22.959 [raft-server-raft-partition-5] TRACE i.a.p.raft.roles.FollowerRole - RaftServer{raft-partition-5}{role=FOLLOWER} - Received AppendRequest{term=1, leader=3, prevLogIndex=1, prevLogTerm=1, entries=0, commitIndex=1}
21:52:22.959 [raft-server-raft-partition-5] TRACE i.a.p.raft.roles.FollowerRole - RaftServer{raft-partition-5}{role=FOLLOWER} - Received AppendRequest{term=1, leader=3, prevLogIndex=1, prevLogTerm=1, entries=0, commitIndex=1}
21:52:22.959 [raft-server-raft-partition-7] TRACE i.a.p.raft.roles.LeaderAppender - RaftServer{raft-partition-7} - Sending AppendRequest{term=1, leader=2, prevLogIndex=1, prevLogTerm=1, entries=0, commitIndex=1} to 3
21:52:22.959 [raft-server-raft-partition-5] TRACE i.a.p.raft.roles.FollowerRole - RaftServer{raft-partition-5}{role=FOLLOWER} - Sending AppendResponse{status=OK, term=1, succeeded=true, lastLogIndex=1}
21:52:22.959 [raft-server-raft-partition-5] TRACE i.a.p.raft.roles.FollowerRole - RaftServer{raft-partition-5}{role=FOLLOWER} - Sending AppendResponse{status=OK, term=1, succeeded=true, lastLogIndex=1}
21:52:22.959 [raft-server-raft-partition-7] TRACE i.a.p.raft.roles.FollowerRole - RaftServer{raft-partition-7}{role=FOLLOWER} - Received AppendRequest{term=1, leader=2, prevLogIndex=1, prevLogTerm=1, entries=0, commitIndex=1}
21:52:22.959 [raft-server-raft-partition-7] TRACE i.a.p.raft.roles.FollowerRole - RaftServer{raft-partition-7}{role=FOLLOWER} - Received AppendRequest{term=1, leader=2, prevLogIndex=1, prevLogTerm=1, entries=0, commitIndex=1}
21:52:22.959 [raft-server-raft-partition-7] TRACE i.a.p.raft.roles.FollowerRole - RaftServer{raft-partition-7}{role=FOLLOWER} - Sending AppendResponse{status=OK, term=1, succeeded=true, lastLogIndex=1}
21:52:22.960 [raft-server-raft-partition-7] TRACE i.a.p.raft.roles.FollowerRole - RaftServer{raft-partition-7}{role=FOLLOWER} - Sending AppendResponse{status=OK, term=1, succeeded=true, lastLogIndex=1}
21:52:22.960 [raft-server-raft-partition-5] TRACE i.a.p.raft.roles.LeaderAppender - RaftServer{raft-partition-5} - Received AppendResponse{status=OK, term=1, succeeded=true, lastLogIndex=1} from 2
21:52:22.960 [raft-server-raft-partition-5] TRACE i.a.p.raft.roles.LeaderAppender - RaftServer{raft-partition-5} - Sending AppendRequest{term=1, leader=3, prevLogIndex=1, prevLogTerm=1, entries=0, commitIndex=1} to 2
21:52:22.960 [raft-server-raft-partition-7] TRACE i.a.p.raft.roles.LeaderAppender - RaftServer{raft-partition-7} - Received AppendResponse{status=OK, term=1, succeeded=true, lastLogIndex=1} from 3
21:52:22.960 [raft-server-raft-partition-5] TRACE i.a.p.raft.roles.LeaderAppender - RaftServer{raft-partition-5} - Received AppendResponse{status=OK, term=1, succeeded=true, lastLogIndex=1} from 1
21:52:22.960 [raft-server-raft-partition-7] TRACE i.a.p.raft.roles.LeaderAppender - RaftServer{raft-partition-7} - Sending AppendRequest{term=1, leader=2, prevLogIndex=1, prevLogTerm=1, entries=0, commitIndex=1} to 3
21:52:22.960 [raft-server-raft-partition-5] TRACE i.a.p.raft.roles.FollowerRole - RaftServer{raft-partition-5}{role=FOLLOWER} - Received AppendRequest{term=1, leader=3, prevLogIndex=1, prevLogTerm=1, entries=0, commitIndex=1}
21:52:22.960 [raft-server-raft-partition-5] TRACE i.a.p.raft.roles.LeaderAppender - RaftServer{raft-partition-5} - Sending AppendRequest{term=1, leader=3, prevLogIndex=1, prevLogTerm=1, entries=0, commitIndex=1} to 1
21:52:22.960 [raft-server-raft-partition-7] TRACE i.a.p.raft.roles.LeaderAppender - RaftServer{raft-partition-7} - Received AppendResponse{status=OK, term=1, succeeded=true, lastLogIndex=1} from 1
21:52:22.960 [raft-server-raft-partition-5] TRACE i.a.p.raft.roles.FollowerRole - RaftServer{raft-partition-5}{role=FOLLOWER} - Sending AppendResponse{status=OK, term=1, succeeded=true, lastLogIndex=1}
21:52:22.960 [raft-server-raft-partition-7] TRACE i.a.p.raft.roles.FollowerRole - RaftServer{raft-partition-7}{role=FOLLOWER} - Received AppendRequest{term=1, leader=2, prevLogIndex=1, prevLogTerm=1, entries=0, commitIndex=1}
21:52:22.960 [raft-server-raft-partition-7] TRACE i.a.p.raft.roles.LeaderAppender - RaftServer{raft-partition-7} - Sending AppendRequest{term=1, leader=2, prevLogIndex=1, prevLogTerm=1, entries=0, commitIndex=1} to 1
21:52:22.960 [raft-server-raft-partition-5] TRACE i.a.p.raft.roles.FollowerRole - RaftServer{raft-partition-5}{role=FOLLOWER} - Received AppendRequest{term=1, leader=3, prevLogIndex=1, prevLogTerm=1, entries=0, commitIndex=1}
21:52:22.960 [raft-server-raft-partition-7] TRACE i.a.p.raft.roles.FollowerRole - RaftServer{raft-partition-7}{role=FOLLOWER} - Sending AppendResponse{status=OK, term=1, succeeded=true, lastLogIndex=1}
21:52:22.960 [raft-server-raft-partition-5] TRACE i.a.p.raft.roles.LeaderAppender - RaftServer{raft-partition-5} - Received AppendResponse{status=OK, term=1, succeeded=true, lastLogIndex=1} from 2
21:52:22.960 [raft-server-raft-partition-5] TRACE i.a.p.raft.roles.FollowerRole - RaftServer{raft-partition-5}{role=FOLLOWER} - Sending AppendResponse{status=OK, term=1, succeeded=true, lastLogIndex=1}
21:52:22.960 [raft-server-raft-partition-7] TRACE i.a.p.raft.roles.FollowerRole - RaftServer{raft-partition-7}{role=FOLLOWER} - Received AppendRequest{term=1, leader=2, prevLogIndex=1, prevLogTerm=1, entries=0, commitIndex=1}
21:52:22.961 [raft-server-raft-partition-7] TRACE i.a.p.raft.roles.FollowerRole - RaftServer{raft-partition-7}{role=FOLLOWER} - Sending AppendResponse{status=OK, term=1, succeeded=true, lastLogIndex=1}
21:52:22.961 [raft-server-raft-partition-7] TRACE i.a.p.raft.roles.LeaderAppender - RaftServer{raft-partition-7} - Received AppendResponse{status=OK, term=1, succeeded=true, lastLogIndex=1} from 3
21:52:22.961 [raft-server-raft-partition-5] TRACE i.a.p.raft.roles.LeaderAppender - RaftServer{raft-partition-5} - Received AppendResponse{status=OK, term=1, succeeded=true, lastLogIndex=1} from 1
21:52:22.961 [raft-server-raft-partition-7] TRACE i.a.p.raft.roles.LeaderAppender - RaftServer{raft-partition-7} - Received AppendResponse{status=OK, term=1, succeeded=true, lastLogIndex=1} from 1
21:52:22.993 [raft-server-raft-partition-4] TRACE i.a.p.raft.roles.LeaderAppender - RaftServer{raft-partition-4} - Sending AppendRequest{term=1, leader=1, prevLogIndex=1, prevLogTerm=1, entries=0, commitIndex=1} to 2
21:52:22.993 [raft-server-raft-partition-4] TRACE i.a.p.raft.roles.LeaderAppender - RaftServer{raft-partition-4} - Sending AppendRequest{term=1, leader=1, prevLogIndex=1, prevLogTerm=1, entries=0, commitIndex=1} to 3
21:52:22.993 [raft-server-raft-partition-4] TRACE i.a.p.raft.roles.FollowerRole - RaftServer{raft-partition-4}{role=FOLLOWER} - Received AppendRequest{term=1, leader=1, prevLogIndex=1, prevLogTerm=1, entries=0, commitIndex=1}
21:52:22.993 [raft-server-raft-partition-4] TRACE i.a.p.raft.roles.FollowerRole - RaftServer{raft-partition-4}{role=FOLLOWER} - Received AppendRequest{term=1, leader=1, prevLogIndex=1, prevLogTerm=1, entries=0, commitIndex=1}
21:52:22.993 [raft-server-raft-partition-4] TRACE i.a.p.raft.roles.FollowerRole - RaftServer{raft-partition-4}{role=FOLLOWER} - Sending AppendResponse{status=OK, term=1, succeeded=true, lastLogIndex=1}
21:52:22.993 [raft-server-raft-partition-4] TRACE i.a.p.raft.roles.FollowerRole - RaftServer{raft-partition-4}{role=FOLLOWER} - Sending AppendResponse{status=OK, term=1, succeeded=true, lastLogIndex=1}
21:52:22.994 [raft-server-raft-partition-4] TRACE i.a.p.raft.roles.LeaderAppender - RaftServer{raft-partition-4} - Received AppendResponse{status=OK, term=1, succeeded=true, lastLogIndex=1} from 2
21:52:22.994 [raft-server-raft-partition-4] TRACE i.a.p.raft.roles.LeaderAppender - RaftServer{raft-partition-4} - Sending AppendRequest{term=1, leader=1, prevLogIndex=1, prevLogTerm=1, entries=0, commitIndex=1} to 2
21:52:22.994 [raft-server-raft-partition-4] TRACE i.a.p.raft.roles.LeaderAppender - RaftServer{raft-partition-4} - Received AppendResponse{status=OK, term=1, succeeded=true, lastLogIndex=1} from 3
21:52:22.994 [raft-server-raft-partition-4] TRACE i.a.p.raft.roles.LeaderAppender - RaftServer{raft-partition-4} - Sending AppendRequest{term=1, leader=1, prevLogIndex=1, prevLogTerm=1, entries=0, commitIndex=1} to 3
21:52:22.994 [raft-server-raft-partition-4] TRACE i.a.p.raft.roles.FollowerRole - RaftServer{raft-partition-4}{role=FOLLOWER} - Received AppendRequest{term=1, leader=1, prevLogIndex=1, prevLogTerm=1, entries=0, commitIndex=1}
21:52:22.994 [raft-server-raft-partition-4] TRACE i.a.p.raft.roles.FollowerRole - RaftServer{raft-partition-4}{role=FOLLOWER} - Sending AppendResponse{status=OK, term=1, succeeded=true, lastLogIndex=1}
21:52:22.994 [raft-server-raft-partition-4] TRACE i.a.p.raft.roles.FollowerRole - RaftServer{raft-partition-4}{role=FOLLOWER} - Received AppendRequest{term=1, leader=1, prevLogIndex=1, prevLogTerm=1, entries=0, commitIndex=1}
21:52:22.994 [raft-server-raft-partition-4] TRACE i.a.p.raft.roles.FollowerRole - RaftServer{raft-partition-4}{role=FOLLOWER} - Sending AppendResponse{status=OK, term=1, succeeded=true, lastLogIndex=1}
21:52:22.994 [raft-server-raft-partition-4] TRACE i.a.p.raft.roles.LeaderAppender - RaftServer{raft-partition-4} - Received AppendResponse{status=OK, term=1, succeeded=true, lastLogIndex=1} from 2
21:52:22.994 [raft-server-raft-partition-4] TRACE i.a.p.raft.roles.LeaderAppender - RaftServer{raft-partition-4} - Received AppendResponse{status=OK, term=1, succeeded=true, lastLogIndex=1} from 3
21:52:23.067 [raft-server-raft-partition-2] TRACE i.a.p.raft.roles.LeaderAppender - RaftServer{raft-partition-2} - Sending AppendRequest{term=1, leader=1, prevLogIndex=1, prevLogTerm=1, entries=0, commitIndex=1} to 2
21:52:23.068 [raft-server-raft-partition-2] TRACE i.a.p.raft.roles.LeaderAppender - RaftServer{raft-partition-2} - Sending AppendRequest{term=1, leader=1, prevLogIndex=1, prevLogTerm=1, entries=0, commitIndex=1} to 3
21:52:23.068 [raft-server-raft-partition-2] TRACE i.a.p.raft.roles.FollowerRole - RaftServer{raft-partition-2}{role=FOLLOWER} - Received AppendRequest{term=1, leader=1, prevLogIndex=1, prevLogTerm=1, entries=0, commitIndex=1}
21:52:23.068 [raft-server-raft-partition-2] TRACE i.a.p.raft.roles.FollowerRole - RaftServer{raft-partition-2}{role=FOLLOWER} - Received AppendRequest{term=1, leader=1, prevLogIndex=1, prevLogTerm=1, entries=0, commitIndex=1}
21:52:23.068 [raft-server-raft-partition-2] TRACE i.a.p.raft.roles.FollowerRole - RaftServer{raft-partition-2}{role=FOLLOWER} - Sending AppendResponse{status=OK, term=1, succeeded=true, lastLogIndex=1}
21:52:23.068 [raft-server-raft-partition-2] TRACE i.a.p.raft.roles.FollowerRole - RaftServer{raft-partition-2}{role=FOLLOWER} - Sending AppendResponse{status=OK, term=1, succeeded=true, lastLogIndex=1}
21:52:23.068 [raft-server-raft-partition-2] TRACE i.a.p.raft.roles.LeaderAppender - RaftServer{raft-partition-2} - Received AppendResponse{status=OK, term=1, succeeded=true, lastLogIndex=1} from 2
21:52:23.068 [raft-server-raft-partition-2] TRACE i.a.p.raft.roles.LeaderAppender - RaftServer{raft-partition-2} - Sending AppendRequest{term=1, leader=1, prevLogIndex=1, prevLogTerm=1, entries=0, commitIndex=1} to 2
21:52:23.068 [raft-server-raft-partition-2] TRACE i.a.p.raft.roles.LeaderAppender - RaftServer{raft-partition-2} - Received AppendResponse{status=OK, term=1, succeeded=true, lastLogIndex=1} from 3
21:52:23.069 [raft-server-raft-partition-2] TRACE i.a.p.raft.roles.FollowerRole - RaftServer{raft-partition-2}{role=FOLLOWER} - Received AppendRequest{term=1, leader=1, prevLogIndex=1, prevLogTerm=1, entries=0, commitIndex=1}
21:52:23.069 [raft-server-raft-partition-2] TRACE i.a.p.raft.roles.FollowerRole - RaftServer{raft-partition-2}{role=FOLLOWER} - Sending AppendResponse{status=OK, term=1, succeeded=true, lastLogIndex=1}
21:52:23.069 [raft-server-raft-partition-2] TRACE i.a.p.raft.roles.LeaderAppender - RaftServer{raft-partition-2} - Received AppendResponse{status=OK, term=1, succeeded=true, lastLogIndex=1} from 2
21:52:23.076 [raft-server-raft-partition-6] TRACE i.a.p.raft.roles.LeaderAppender - RaftServer{raft-partition-6} - Sending AppendRequest{term=1, leader=1, prevLogIndex=1, prevLogTerm=1, entries=0, commitIndex=1} to 2
21:52:23.076 [raft-server-raft-partition-6] TRACE i.a.p.raft.roles.LeaderAppender - RaftServer{raft-partition-6} - Sending AppendRequest{term=1, leader=1, prevLogIndex=1, prevLogTerm=1, entries=0, commitIndex=1} to 3
21:52:23.076 [raft-server-raft-partition-6] TRACE i.a.p.raft.roles.FollowerRole - RaftServer{raft-partition-6}{role=FOLLOWER} - Received AppendRequest{term=1, leader=1, prevLogIndex=1, prevLogTerm=1, entries=0, commitIndex=1}
21:52:23.076 [raft-server-raft-partition-6] TRACE i.a.p.raft.roles.FollowerRole - RaftServer{raft-partition-6}{role=FOLLOWER} - Received AppendRequest{term=1, leader=1, prevLogIndex=1, prevLogTerm=1, entries=0, commitIndex=1}
21:52:23.076 [raft-server-raft-partition-6] TRACE i.a.p.raft.roles.FollowerRole - RaftServer{raft-partition-6}{role=FOLLOWER} - Sending AppendResponse{status=OK, term=1, succeeded=true, lastLogIndex=1}
21:52:23.076 [raft-server-raft-partition-6] TRACE i.a.p.raft.roles.FollowerRole - RaftServer{raft-partition-6}{role=FOLLOWER} - Sending AppendResponse{status=OK, term=1, succeeded=true, lastLogIndex=1}
21:52:23.076 [raft-server-raft-partition-6] TRACE i.a.p.raft.roles.LeaderAppender - RaftServer{raft-partition-6} - Received AppendResponse{status=OK, term=1, succeeded=true, lastLogIndex=1} from 2
21:52:23.076 [raft-server-raft-partition-6] TRACE i.a.p.raft.roles.LeaderAppender - RaftServer{raft-partition-6} - Sending AppendRequest{term=1, leader=1, prevLogIndex=1, prevLogTerm=1, entries=0, commitIndex=1} to 2
21:52:23.076 [raft-server-raft-partition-6] TRACE i.a.p.raft.roles.LeaderAppender - RaftServer{raft-partition-6} - Received AppendResponse{status=OK, term=1, succeeded=true, lastLogIndex=1} from 3
21:52:23.076 [raft-server-raft-partition-6] TRACE i.a.p.raft.roles.LeaderAppender - RaftServer{raft-partition-6} - Sending AppendRequest{term=1, leader=1, prevLogIndex=1, prevLogTerm=1, entries=0, commitIndex=1} to 3
21:52:23.077 [raft-server-raft-partition-6] TRACE i.a.p.raft.roles.FollowerRole - RaftServer{raft-partition-6}{role=FOLLOWER} - Received AppendRequest{term=1, leader=1, prevLogIndex=1, prevLogTerm=1, entries=0, commitIndex=1}
21:52:23.077 [raft-server-raft-partition-6] TRACE i.a.p.raft.roles.FollowerRole - RaftServer{raft-partition-6}{role=FOLLOWER} - Received AppendRequest{term=1, leader=1, prevLogIndex=1, prevLogTerm=1, entries=0, commitIndex=1}
21:52:23.077 [raft-server-raft-partition-6] TRACE i.a.p.raft.roles.FollowerRole - RaftServer{raft-partition-6}{role=FOLLOWER} - Sending AppendResponse{status=OK, term=1, succeeded=true, lastLogIndex=1}
21:52:23.077 [raft-server-raft-partition-6] TRACE i.a.p.raft.roles.FollowerRole - RaftServer{raft-partition-6}{role=FOLLOWER} - Sending AppendResponse{status=OK, term=1, succeeded=true, lastLogIndex=1}
21:52:23.077 [raft-server-raft-partition-6] TRACE i.a.p.raft.roles.LeaderAppender - RaftServer{raft-partition-6} - Received AppendResponse{status=OK, term=1, succeeded=true, lastLogIndex=1} from 2
21:52:23.077 [raft-server-raft-partition-6] TRACE i.a.p.raft.roles.LeaderAppender - RaftServer{raft-partition-6} - Sending AppendRequest{term=1, leader=1, prevLogIndex=1, prevLogTerm=1, entries=0, commitIndex=1} to 2
21:52:23.077 [raft-server-raft-partition-6] TRACE i.a.p.raft.roles.LeaderAppender - RaftServer{raft-partition-6} - Received AppendResponse{status=OK, term=1, succeeded=true, lastLogIndex=1} from 3
21:52:23.077 [raft-server-raft-partition-6] TRACE i.a.p.raft.roles.LeaderAppender - RaftServer{raft-partition-6} - Sending AppendRequest{term=1, leader=1, prevLogIndex=1, prevLogTerm=1, entries=0, commitIndex=1} to 3
21:52:23.077 [raft-server-raft-partition-6] TRACE i.a.p.raft.roles.FollowerRole - RaftServer{raft-partition-6}{role=FOLLOWER} - Received AppendRequest{term=1, leader=1, prevLogIndex=1, prevLogTerm=1, entries=0, commitIndex=1}
21:52:23.077 [raft-server-raft-partition-6] TRACE i.a.p.raft.roles.FollowerRole - RaftServer{raft-partition-6}{role=FOLLOWER} - Sending AppendResponse{status=OK, term=1, succeeded=true, lastLogIndex=1}
21:52:23.077 [raft-server-raft-partition-6] TRACE i.a.p.raft.roles.FollowerRole - RaftServer{raft-partition-6}{role=FOLLOWER} - Received AppendRequest{term=1, leader=1, prevLogIndex=1, prevLogTerm=1, entries=0, commitIndex=1}
21:52:23.077 [raft-server-raft-partition-6] TRACE i.a.p.raft.roles.FollowerRole - RaftServer{raft-partition-6}{role=FOLLOWER} - Sending AppendResponse{status=OK, term=1, succeeded=true, lastLogIndex=1}
21:52:23.077 [raft-server-raft-partition-6] TRACE i.a.p.raft.roles.LeaderAppender - RaftServer{raft-partition-6} - Received AppendResponse{status=OK, term=1, succeeded=true, lastLogIndex=1} from 2
21:52:23.077 [raft-server-raft-partition-6] TRACE i.a.p.raft.roles.LeaderAppender - RaftServer{raft-partition-6} - Received AppendResponse{status=OK, term=1, succeeded=true, lastLogIndex=1} from 3
21:52:23.125 [raft-server-raft-partition-3] TRACE i.a.p.raft.roles.LeaderAppender - RaftServer{raft-partition-3} - Sending AppendRequest{term=3, leader=1, prevLogIndex=1, prevLogTerm=2, entries=0, commitIndex=1} to 2
21:52:23.125 [raft-server-raft-partition-3] TRACE i.a.p.raft.roles.LeaderAppender - RaftServer{raft-partition-3} - Sending AppendRequest{term=3, leader=1, prevLogIndex=1, prevLogTerm=2, entries=0, commitIndex=1} to 3
21:52:23.125 [raft-server-raft-partition-3] TRACE i.a.p.raft.roles.FollowerRole - RaftServer{raft-partition-3}{role=FOLLOWER} - Received AppendRequest{term=3, leader=1, prevLogIndex=1, prevLogTerm=2, entries=0, commitIndex=1}
21:52:23.125 [raft-server-raft-partition-3] TRACE i.a.p.raft.roles.FollowerRole - RaftServer{raft-partition-3}{role=FOLLOWER} - Received AppendRequest{term=3, leader=1, prevLogIndex=1, prevLogTerm=2, entries=0, commitIndex=1}
21:52:23.125 [raft-server-raft-partition-3] TRACE i.a.p.raft.roles.FollowerRole - RaftServer{raft-partition-3}{role=FOLLOWER} - Sending AppendResponse{status=OK, term=3, succeeded=true, lastLogIndex=1}
21:52:23.125 [raft-server-raft-partition-3] TRACE i.a.p.raft.roles.FollowerRole - RaftServer{raft-partition-3}{role=FOLLOWER} - Sending AppendResponse{status=OK, term=3, succeeded=true, lastLogIndex=1}
21:52:23.125 [raft-server-raft-partition-3] TRACE i.a.p.raft.roles.LeaderAppender - RaftServer{raft-partition-3} - Received AppendResponse{status=OK, term=3, succeeded=true, lastLogIndex=1} from 3
21:52:23.125 [raft-server-raft-partition-3] TRACE i.a.p.raft.roles.LeaderAppender - RaftServer{raft-partition-3} - Sending AppendRequest{term=3, leader=1, prevLogIndex=1, prevLogTerm=2, entries=0, commitIndex=1} to 3
21:52:23.125 [raft-server-raft-partition-3] TRACE i.a.p.raft.roles.LeaderAppender - RaftServer{raft-partition-3} - Received AppendResponse{status=OK, term=3, succeeded=true, lastLogIndex=1} from 2
21:52:23.125 [raft-server-raft-partition-3] TRACE i.a.p.raft.roles.LeaderAppender - RaftServer{raft-partition-3} - Sending AppendRequest{term=3, leader=1, prevLogIndex=1, prevLogTerm=2, entries=0, commitIndex=1} to 2
21:52:23.126 [raft-server-raft-partition-3] TRACE i.a.p.raft.roles.FollowerRole - RaftServer{raft-partition-3}{role=FOLLOWER} - Received AppendRequest{term=3, leader=1, prevLogIndex=1, prevLogTerm=2, entries=0, commitIndex=1}
21:52:23.126 [raft-server-raft-partition-3] TRACE i.a.p.raft.roles.FollowerRole - RaftServer{raft-partition-3}{role=FOLLOWER} - Sending AppendResponse{status=OK, term=3, succeeded=true, lastLogIndex=1}
21:52:23.126 [raft-server-raft-partition-3] TRACE i.a.p.raft.roles.FollowerRole - RaftServer{raft-partition-3}{role=FOLLOWER} - Received AppendRequest{term=3, leader=1, prevLogIndex=1, prevLogTerm=2, entries=0, commitIndex=1}
21:52:23.126 [raft-server-raft-partition-3] TRACE i.a.p.raft.roles.FollowerRole - RaftServer{raft-partition-3}{role=FOLLOWER} - Sending AppendResponse{status=OK, term=3, succeeded=true, lastLogIndex=1}
21:52:23.126 [raft-server-raft-partition-3] TRACE i.a.p.raft.roles.LeaderAppender - RaftServer{raft-partition-3} - Received AppendResponse{status=OK, term=3, succeeded=true, lastLogIndex=1} from 3
21:52:23.126 [raft-server-raft-partition-3] TRACE i.a.p.raft.roles.LeaderAppender - RaftServer{raft-partition-3} - Sending AppendRequest{term=3, leader=1, prevLogIndex=1, prevLogTerm=2, entries=0, commitIndex=1} to 3
21:52:23.126 [raft-server-raft-partition-3] TRACE i.a.p.raft.roles.LeaderAppender - RaftServer{raft-partition-3} - Received AppendResponse{status=OK, term=3, succeeded=true, lastLogIndex=1} from 2
21:52:23.126 [raft-server-raft-partition-3] TRACE i.a.p.raft.roles.LeaderAppender - RaftServer{raft-partition-3} - Sending AppendRequest{term=3, leader=1, prevLogIndex=1, prevLogTerm=2, entries=0, commitIndex=1} to 2
21:52:23.126 [raft-server-raft-partition-3] TRACE i.a.p.raft.roles.FollowerRole - RaftServer{raft-partition-3}{role=FOLLOWER} - Received AppendRequest{term=3, leader=1, prevLogIndex=1, prevLogTerm=2, entries=0, commitIndex=1}
21:52:23.126 [raft-server-raft-partition-3] TRACE i.a.p.raft.roles.FollowerRole - RaftServer{raft-partition-3}{role=FOLLOWER} - Sending AppendResponse{status=OK, term=3, succeeded=true, lastLogIndex=1}
21:52:23.126 [raft-server-raft-partition-3] TRACE i.a.p.raft.roles.FollowerRole - RaftServer{raft-partition-3}{role=FOLLOWER} - Received AppendRequest{term=3, leader=1, prevLogIndex=1, prevLogTerm=2, entries=0, commitIndex=1}
21:52:23.126 [raft-server-raft-partition-3] TRACE i.a.p.raft.roles.FollowerRole - RaftServer{raft-partition-3}{role=FOLLOWER} - Sending AppendResponse{status=OK, term=3, succeeded=true, lastLogIndex=1}
21:52:23.126 [raft-server-raft-partition-3] TRACE i.a.p.raft.roles.LeaderAppender - RaftServer{raft-partition-3} - Received AppendResponse{status=OK, term=3, succeeded=true, lastLogIndex=1} from 3
21:52:23.126 [raft-server-raft-partition-3] TRACE i.a.p.raft.roles.LeaderAppender - RaftServer{raft-partition-3} - Received AppendResponse{status=OK, term=3, succeeded=true, lastLogIndex=1} from 2
21:52:23.134 [raft-server-raft-partition-1] TRACE i.a.p.raft.roles.LeaderAppender - RaftServer{raft-partition-1} - Sending AppendRequest{term=1, leader=2, prevLogIndex=1, prevLogTerm=1, entries=0, commitIndex=1} to 3
21:52:23.135 [raft-server-raft-partition-1] TRACE i.a.p.raft.roles.FollowerRole - RaftServer{raft-partition-1}{role=FOLLOWER} - Received AppendRequest{term=1, leader=2, prevLogIndex=1, prevLogTerm=1, entries=0, commitIndex=1}
21:52:23.135 [raft-server-raft-partition-1] TRACE i.a.p.raft.roles.FollowerRole - RaftServer{raft-partition-1}{role=FOLLOWER} - Sending AppendResponse{status=OK, term=1, succeeded=true, lastLogIndex=1}
21:52:23.135 [raft-server-raft-partition-1] TRACE i.a.p.raft.roles.LeaderAppender - RaftServer{raft-partition-1} - Received AppendResponse{status=OK, term=1, succeeded=true, lastLogIndex=1} from 3
21:52:23.135 [raft-server-raft-partition-1] TRACE i.a.p.raft.roles.LeaderAppender - RaftServer{raft-partition-1} - Sending AppendRequest{term=1, leader=2, prevLogIndex=1, prevLogTerm=1, entries=0, commitIndex=1} to 3
21:52:23.135 [raft-server-raft-partition-1] TRACE i.a.p.raft.roles.FollowerRole - RaftServer{raft-partition-1}{role=FOLLOWER} - Received AppendRequest{term=1, leader=2, prevLogIndex=1, prevLogTerm=1, entries=0, commitIndex=1}
21:52:23.135 [raft-server-raft-partition-1] TRACE i.a.p.raft.roles.FollowerRole - RaftServer{raft-partition-1}{role=FOLLOWER} - Sending AppendResponse{status=OK, term=1, succeeded=true, lastLogIndex=1}
21:52:23.136 [raft-server-raft-partition-1] TRACE i.a.p.raft.roles.LeaderAppender - RaftServer{raft-partition-1} - Received AppendResponse{status=OK, term=1, succeeded=true, lastLogIndex=1} from 3
21:52:23.167 [raft-server-system-partition-1] TRACE i.a.p.raft.roles.LeaderAppender - RaftServer{system-partition-1} - Sending AppendRequest{term=1, leader=1, prevLogIndex=16, prevLogTerm=1, entries=0, commitIndex=16} to 2
21:52:23.167 [raft-server-system-partition-1] TRACE i.a.p.raft.roles.LeaderAppender - RaftServer{system-partition-1} - Sending AppendRequest{term=1, leader=1, prevLogIndex=16, prevLogTerm=1, entries=0, commitIndex=16} to 3
21:52:23.168 [raft-server-system-partition-1] TRACE i.a.p.raft.roles.FollowerRole - RaftServer{system-partition-1}{role=FOLLOWER} - Received AppendRequest{term=1, leader=1, prevLogIndex=16, prevLogTerm=1, entries=0, commitIndex=16}
21:52:23.168 [raft-server-system-partition-1] TRACE i.a.p.raft.roles.FollowerRole - RaftServer{system-partition-1}{role=FOLLOWER} - Received AppendRequest{term=1, leader=1, prevLogIndex=16, prevLogTerm=1, entries=0, commitIndex=16}
21:52:23.168 [raft-server-system-partition-1] TRACE i.a.p.raft.roles.FollowerRole - RaftServer{system-partition-1}{role=FOLLOWER} - Sending AppendResponse{status=OK, term=1, succeeded=true, lastLogIndex=16}
21:52:23.168 [raft-server-system-partition-1] TRACE i.a.p.raft.roles.FollowerRole - RaftServer{system-partition-1}{role=FOLLOWER} - Sending AppendResponse{status=OK, term=1, succeeded=true, lastLogIndex=16}
21:52:23.168 [raft-server-system-partition-1] TRACE i.a.p.raft.roles.LeaderAppender - RaftServer{system-partition-1} - Received AppendResponse{status=OK, term=1, succeeded=true, lastLogIndex=16} from 2
21:52:23.168 [raft-server-system-partition-1] TRACE i.a.p.raft.roles.LeaderAppender - RaftServer{system-partition-1} - Sending AppendRequest{term=1, leader=1, prevLogIndex=16, prevLogTerm=1, entries=0, commitIndex=16} to 2
21:52:23.168 [raft-server-system-partition-1] TRACE i.a.p.raft.roles.LeaderAppender - RaftServer{system-partition-1} - Received AppendResponse{status=OK, term=1, succeeded=true, lastLogIndex=16} from 3
21:52:23.168 [raft-server-system-partition-1] TRACE i.a.p.raft.roles.LeaderAppender - RaftServer{system-partition-1} - Sending AppendRequest{term=1, leader=1, prevLogIndex=16, prevLogTerm=1, entries=0, commitIndex=16} to 3
21:52:23.168 [raft-server-system-partition-1] TRACE i.a.p.raft.roles.FollowerRole - RaftServer{system-partition-1}{role=FOLLOWER} - Received AppendRequest{term=1, leader=1, prevLogIndex=16, prevLogTerm=1, entries=0, commitIndex=16}
21:52:23.168 [raft-server-system-partition-1] TRACE i.a.p.raft.roles.FollowerRole - RaftServer{system-partition-1}{role=FOLLOWER} - Sending AppendResponse{status=OK, term=1, succeeded=true, lastLogIndex=16}
21:52:23.168 [raft-server-system-partition-1] TRACE i.a.p.raft.roles.FollowerRole - RaftServer{system-partition-1}{role=FOLLOWER} - Received AppendRequest{term=1, leader=1, prevLogIndex=16, prevLogTerm=1, entries=0, commitIndex=16}
21:52:23.168 [raft-server-system-partition-1] TRACE i.a.p.raft.roles.FollowerRole - RaftServer{system-partition-1}{role=FOLLOWER} - Sending AppendResponse{status=OK, term=1, succeeded=true, lastLogIndex=16}
21:52:23.169 [raft-server-system-partition-1] TRACE i.a.p.raft.roles.LeaderAppender - RaftServer{system-partition-1} - Received AppendResponse{status=OK, term=1, succeeded=true, lastLogIndex=16} from 2
21:52:23.169 [raft-server-system-partition-1] TRACE i.a.p.raft.roles.LeaderAppender - RaftServer{system-partition-1} - Received AppendResponse{status=OK, term=1, succeeded=true, lastLogIndex=16} from 3
21:52:23.209 [raft-server-raft-partition-5] TRACE i.a.p.raft.roles.LeaderAppender - RaftServer{raft-partition-5} - Sending AppendRequest{term=1, leader=3, prevLogIndex=1, prevLogTerm=1, entries=0, commitIndex=1} to 1
21:52:23.209 [raft-server-raft-partition-5] TRACE i.a.p.raft.roles.LeaderAppender - RaftServer{raft-partition-5} - Sending AppendRequest{term=1, leader=3, prevLogIndex=1, prevLogTerm=1, entries=0, commitIndex=1} to 2
21:52:23.209 [raft-server-raft-partition-7] TRACE i.a.p.raft.roles.LeaderAppender - RaftServer{raft-partition-7} - Sending AppendRequest{term=1, leader=2, prevLogIndex=1, prevLogTerm=1, entries=0, commitIndex=1} to 1
21:52:23.209 [raft-server-raft-partition-5] TRACE i.a.p.raft.roles.FollowerRole - RaftServer{raft-partition-5}{role=FOLLOWER} - Received AppendRequest{term=1, leader=3, prevLogIndex=1, prevLogTerm=1, entries=0, commitIndex=1}
21:52:23.209 [raft-server-raft-partition-5] TRACE i.a.p.raft.roles.FollowerRole - RaftServer{raft-partition-5}{role=FOLLOWER} - Received AppendRequest{term=1, leader=3, prevLogIndex=1, prevLogTerm=1, entries=0, commitIndex=1}
21:52:23.209 [raft-server-raft-partition-7] TRACE i.a.p.raft.roles.LeaderAppender - RaftServer{raft-partition-7} - Sending AppendRequest{term=1, leader=2, prevLogIndex=1, prevLogTerm=1, entries=0, commitIndex=1} to 3
21:52:23.209 [raft-server-raft-partition-5] TRACE i.a.p.raft.roles.FollowerRole - RaftServer{raft-partition-5}{role=FOLLOWER} - Sending AppendResponse{status=OK, term=1, succeeded=true, lastLogIndex=1}
21:52:23.209 [raft-server-raft-partition-5] TRACE i.a.p.raft.roles.FollowerRole - RaftServer{raft-partition-5}{role=FOLLOWER} - Sending AppendResponse{status=OK, term=1, succeeded=true, lastLogIndex=1}
21:52:23.209 [raft-server-raft-partition-7] TRACE i.a.p.raft.roles.FollowerRole - RaftServer{raft-partition-7}{role=FOLLOWER} - Received AppendRequest{term=1, leader=2, prevLogIndex=1, prevLogTerm=1, entries=0, commitIndex=1}
21:52:23.209 [raft-server-raft-partition-7] TRACE i.a.p.raft.roles.FollowerRole - RaftServer{raft-partition-7}{role=FOLLOWER} - Received AppendRequest{term=1, leader=2, prevLogIndex=1, prevLogTerm=1, entries=0, commitIndex=1}
21:52:23.209 [raft-server-raft-partition-7] TRACE i.a.p.raft.roles.FollowerRole - RaftServer{raft-partition-7}{role=FOLLOWER} - Sending AppendResponse{status=OK, term=1, succeeded=true, lastLogIndex=1}
21:52:23.209 [raft-server-raft-partition-7] TRACE i.a.p.raft.roles.FollowerRole - RaftServer{raft-partition-7}{role=FOLLOWER} - Sending AppendResponse{status=OK, term=1, succeeded=true, lastLogIndex=1}
21:52:23.209 [raft-server-raft-partition-5] TRACE i.a.p.raft.roles.LeaderAppender - RaftServer{raft-partition-5} - Received AppendResponse{status=OK, term=1, succeeded=true, lastLogIndex=1} from 1
21:52:23.210 [raft-server-raft-partition-5] TRACE i.a.p.raft.roles.LeaderAppender - RaftServer{raft-partition-5} - Sending AppendRequest{term=1, leader=3, prevLogIndex=1, prevLogTerm=1, entries=0, commitIndex=1} to 1
21:52:23.210 [raft-server-raft-partition-5] TRACE i.a.p.raft.roles.LeaderAppender - RaftServer{raft-partition-5} - Received AppendResponse{status=OK, term=1, succeeded=true, lastLogIndex=1} from 2
21:52:23.210 [raft-server-raft-partition-7] TRACE i.a.p.raft.roles.LeaderAppender - RaftServer{raft-partition-7} - Received AppendResponse{status=OK, term=1, succeeded=true, lastLogIndex=1} from 1
21:52:23.210 [raft-server-raft-partition-5] TRACE i.a.p.raft.roles.LeaderAppender - RaftServer{raft-partition-5} - Sending AppendRequest{term=1, leader=3, prevLogIndex=1, prevLogTerm=1, entries=0, commitIndex=1} to 2
21:52:23.210 [raft-server-raft-partition-7] TRACE i.a.p.raft.roles.LeaderAppender - RaftServer{raft-partition-7} - Sending AppendRequest{term=1, leader=2, prevLogIndex=1, prevLogTerm=1, entries=0, commitIndex=1} to 1
21:52:23.210 [raft-server-raft-partition-5] TRACE i.a.p.raft.roles.FollowerRole - RaftServer{raft-partition-5}{role=FOLLOWER} - Received AppendRequest{term=1, leader=3, prevLogIndex=1, prevLogTerm=1, entries=0, commitIndex=1}
21:52:23.210 [raft-server-raft-partition-7] TRACE i.a.p.raft.roles.LeaderAppender - RaftServer{raft-partition-7} - Received AppendResponse{status=OK, term=1, succeeded=true, lastLogIndex=1} from 3
21:52:23.210 [raft-server-raft-partition-5] TRACE i.a.p.raft.roles.FollowerRole - RaftServer{raft-partition-5}{role=FOLLOWER} - Sending AppendResponse{status=OK, term=1, succeeded=true, lastLogIndex=1}
21:52:23.210 [raft-server-raft-partition-7] TRACE i.a.p.raft.roles.LeaderAppender - RaftServer{raft-partition-7} - Sending AppendRequest{term=1, leader=2, prevLogIndex=1, prevLogTerm=1, entries=0, commitIndex=1} to 3
21:52:23.210 [raft-server-raft-partition-5] TRACE i.a.p.raft.roles.FollowerRole - RaftServer{raft-partition-5}{role=FOLLOWER} - Received AppendRequest{term=1, leader=3, prevLogIndex=1, prevLogTerm=1, entries=0, commitIndex=1}
21:52:23.210 [raft-server-raft-partition-7] TRACE i.a.p.raft.roles.FollowerRole - RaftServer{raft-partition-7}{role=FOLLOWER} - Received AppendRequest{term=1, leader=2, prevLogIndex=1, prevLogTerm=1, entries=0, commitIndex=1}
21:52:23.210 [raft-server-raft-partition-5] TRACE i.a.p.raft.roles.FollowerRole - RaftServer{raft-partition-5}{role=FOLLOWER} - Sending AppendResponse{status=OK, term=1, succeeded=true, lastLogIndex=1}
21:52:23.210 [raft-server-raft-partition-5] TRACE i.a.p.raft.roles.LeaderAppender - RaftServer{raft-partition-5} - Received AppendResponse{status=OK, term=1, succeeded=true, lastLogIndex=1} from 1
21:52:23.210 [raft-server-raft-partition-7] TRACE i.a.p.raft.roles.FollowerRole - RaftServer{raft-partition-7}{role=FOLLOWER} - Sending AppendResponse{status=OK, term=1, succeeded=true, lastLogIndex=1}
21:52:23.210 [raft-server-raft-partition-7] TRACE i.a.p.raft.roles.FollowerRole - RaftServer{raft-partition-7}{role=FOLLOWER} - Received AppendRequest{term=1, leader=2, prevLogIndex=1, prevLogTerm=1, entries=0, commitIndex=1}
21:52:23.210 [raft-server-raft-partition-5] TRACE i.a.p.raft.roles.LeaderAppender - RaftServer{raft-partition-5} - Received AppendResponse{status=OK, term=1, succeeded=true, lastLogIndex=1} from 2
21:52:23.211 [raft-server-raft-partition-7] TRACE i.a.p.raft.roles.FollowerRole - RaftServer{raft-partition-7}{role=FOLLOWER} - Sending AppendResponse{status=OK, term=1, succeeded=true, lastLogIndex=1}
21:52:23.211 [raft-server-raft-partition-7] TRACE i.a.p.raft.roles.LeaderAppender - RaftServer{raft-partition-7} - Received AppendResponse{status=OK, term=1, succeeded=true, lastLogIndex=1} from 1
21:52:23.211 [raft-server-raft-partition-7] TRACE i.a.p.raft.roles.LeaderAppender - RaftServer{raft-partition-7} - Received AppendResponse{status=OK, term=1, succeeded=true, lastLogIndex=1} from 3
21:52:23.243 [raft-server-raft-partition-4] TRACE i.a.p.raft.roles.LeaderAppender - RaftServer{raft-partition-4} - Sending AppendRequest{term=1, leader=1, prevLogIndex=1, prevLogTerm=1, entries=0, commitIndex=1} to 2
21:52:23.243 [raft-server-raft-partition-4] TRACE i.a.p.raft.roles.LeaderAppender - RaftServer{raft-partition-4} - Sending AppendRequest{term=1, leader=1, prevLogIndex=1, prevLogTerm=1, entries=0, commitIndex=1} to 3
21:52:23.243 [raft-server-raft-partition-4] TRACE i.a.p.raft.roles.FollowerRole - RaftServer{raft-partition-4}{role=FOLLOWER} - Received AppendRequest{term=1, leader=1, prevLogIndex=1, prevLogTerm=1, entries=0, commitIndex=1}
21:52:23.243 [raft-server-raft-partition-4] TRACE i.a.p.raft.roles.FollowerRole - RaftServer{raft-partition-4}{role=FOLLOWER} - Received AppendRequest{term=1, leader=1, prevLogIndex=1, prevLogTerm=1, entries=0, commitIndex=1}
21:52:23.243 [raft-server-raft-partition-4] TRACE i.a.p.raft.roles.FollowerRole - RaftServer{raft-partition-4}{role=FOLLOWER} - Sending AppendResponse{status=OK, term=1, succeeded=true, lastLogIndex=1}
21:52:23.243 [raft-server-raft-partition-4] TRACE i.a.p.raft.roles.FollowerRole - RaftServer{raft-partition-4}{role=FOLLOWER} - Sending AppendResponse{status=OK, term=1, succeeded=true, lastLogIndex=1}
21:52:23.243 [raft-server-raft-partition-4] TRACE i.a.p.raft.roles.LeaderAppender - RaftServer{raft-partition-4} - Received AppendResponse{status=OK, term=1, succeeded=true, lastLogIndex=1} from 2
21:52:23.244 [raft-server-raft-partition-4] TRACE i.a.p.raft.roles.LeaderAppender - RaftServer{raft-partition-4} - Sending AppendRequest{term=1, leader=1, prevLogIndex=1, prevLogTerm=1, entries=0, commitIndex=1} to 2
21:52:23.244 [raft-server-raft-partition-4] TRACE i.a.p.raft.roles.LeaderAppender - RaftServer{raft-partition-4} - Received AppendResponse{status=OK, term=1, succeeded=true, lastLogIndex=1} from 3
21:52:23.244 [raft-server-raft-partition-4] TRACE i.a.p.raft.roles.LeaderAppender - RaftServer{raft-partition-4} - Sending AppendRequest{term=1, leader=1, prevLogIndex=1, prevLogTerm=1, entries=0, commitIndex=1} to 3
21:52:23.244 [raft-server-raft-partition-4] TRACE i.a.p.raft.roles.FollowerRole - RaftServer{raft-partition-4}{role=FOLLOWER} - Received AppendRequest{term=1, leader=1, prevLogIndex=1, prevLogTerm=1, entries=0, commitIndex=1}
21:52:23.244 [raft-server-raft-partition-4] TRACE i.a.p.raft.roles.FollowerRole - RaftServer{raft-partition-4}{role=FOLLOWER} - Received AppendRequest{term=1, leader=1, prevLogIndex=1, prevLogTerm=1, entries=0, commitIndex=1}
21:52:23.244 [raft-server-raft-partition-4] TRACE i.a.p.raft.roles.FollowerRole - RaftServer{raft-partition-4}{role=FOLLOWER} - Sending AppendResponse{status=OK, term=1, succeeded=true, lastLogIndex=1}
21:52:23.244 [raft-server-raft-partition-4] TRACE i.a.p.raft.roles.FollowerRole - RaftServer{raft-partition-4}{role=FOLLOWER} - Sending AppendResponse{status=OK, term=1, succeeded=true, lastLogIndex=1}
21:52:23.244 [raft-server-raft-partition-4] TRACE i.a.p.raft.roles.LeaderAppender - RaftServer{raft-partition-4} - Received AppendResponse{status=OK, term=1, succeeded=true, lastLogIndex=1} from 2
21:52:23.244 [raft-server-raft-partition-4] TRACE i.a.p.raft.roles.LeaderAppender - RaftServer{raft-partition-4} - Received AppendResponse{status=OK, term=1, succeeded=true, lastLogIndex=1} from 3
21:52:23.317 [raft-server-raft-partition-2] TRACE i.a.p.raft.roles.LeaderAppender - RaftServer{raft-partition-2} - Sending AppendRequest{term=1, leader=1, prevLogIndex=1, prevLogTerm=1, entries=0, commitIndex=1} to 2
21:52:23.318 [raft-server-raft-partition-2] TRACE i.a.p.raft.roles.LeaderAppender - RaftServer{raft-partition-2} - Sending AppendRequest{term=1, leader=1, prevLogIndex=1, prevLogTerm=1, entries=0, commitIndex=1} to 3
21:52:23.318 [raft-server-raft-partition-2] TRACE i.a.p.raft.roles.FollowerRole - RaftServer{raft-partition-2}{role=FOLLOWER} - Received AppendRequest{term=1, leader=1, prevLogIndex=1, prevLogTerm=1, entries=0, commitIndex=1}
21:52:23.318 [raft-server-raft-partition-2] TRACE i.a.p.raft.roles.FollowerRole - RaftServer{raft-partition-2}{role=FOLLOWER} - Received AppendRequest{term=1, leader=1, prevLogIndex=1, prevLogTerm=1, entries=0, commitIndex=1}
21:52:23.318 [raft-server-raft-partition-2] TRACE i.a.p.raft.roles.FollowerRole - RaftServer{raft-partition-2}{role=FOLLOWER} - Sending AppendResponse{status=OK, term=1, succeeded=true, lastLogIndex=1}
21:52:23.318 [raft-server-raft-partition-2] TRACE i.a.p.raft.roles.FollowerRole - RaftServer{raft-partition-2}{role=FOLLOWER} - Sending AppendResponse{status=OK, term=1, succeeded=true, lastLogIndex=1}
21:52:23.318 [raft-server-raft-partition-2] TRACE i.a.p.raft.roles.LeaderAppender - RaftServer{raft-partition-2} - Received AppendResponse{status=OK, term=1, succeeded=true, lastLogIndex=1} from 3
21:52:23.318 [raft-server-raft-partition-2] TRACE i.a.p.raft.roles.LeaderAppender - RaftServer{raft-partition-2} - Received AppendResponse{status=OK, term=1, succeeded=true, lastLogIndex=1} from 2
21:52:23.326 [raft-server-raft-partition-6] TRACE i.a.p.raft.roles.LeaderAppender - RaftServer{raft-partition-6} - Sending AppendRequest{term=1, leader=1, prevLogIndex=1, prevLogTerm=1, entries=0, commitIndex=1} to 2
21:52:23.326 [raft-server-raft-partition-6] TRACE i.a.p.raft.roles.LeaderAppender - RaftServer{raft-partition-6} - Sending AppendRequest{term=1, leader=1, prevLogIndex=1, prevLogTerm=1, entries=0, commitIndex=1} to 3
21:52:23.326 [raft-server-raft-partition-6] TRACE i.a.p.raft.roles.FollowerRole - RaftServer{raft-partition-6}{role=FOLLOWER} - Received AppendRequest{term=1, leader=1, prevLogIndex=1, prevLogTerm=1, entries=0, commitIndex=1}
21:52:23.326 [raft-server-raft-partition-6] TRACE i.a.p.raft.roles.FollowerRole - RaftServer{raft-partition-6}{role=FOLLOWER} - Received AppendRequest{term=1, leader=1, prevLogIndex=1, prevLogTerm=1, entries=0, commitIndex=1}
21:52:23.326 [raft-server-raft-partition-6] TRACE i.a.p.raft.roles.FollowerRole - RaftServer{raft-partition-6}{role=FOLLOWER} - Sending AppendResponse{status=OK, term=1, succeeded=true, lastLogIndex=1}
21:52:23.326 [raft-server-raft-partition-6] TRACE i.a.p.raft.roles.FollowerRole - RaftServer{raft-partition-6}{role=FOLLOWER} - Sending AppendResponse{status=OK, term=1, succeeded=true, lastLogIndex=1}
21:52:23.326 [raft-server-raft-partition-6] TRACE i.a.p.raft.roles.LeaderAppender - RaftServer{raft-partition-6} - Received AppendResponse{status=OK, term=1, succeeded=true, lastLogIndex=1} from 2
21:52:23.326 [raft-server-raft-partition-6] TRACE i.a.p.raft.roles.LeaderAppender - RaftServer{raft-partition-6} - Sending AppendRequest{term=1, leader=1, prevLogIndex=1, prevLogTerm=1, entries=0, commitIndex=1} to 2
21:52:23.326 [raft-server-raft-partition-6] TRACE i.a.p.raft.roles.LeaderAppender - RaftServer{raft-partition-6} - Received AppendResponse{status=OK, term=1, succeeded=true, lastLogIndex=1} from 3
21:52:23.326 [raft-server-raft-partition-6] TRACE i.a.p.raft.roles.LeaderAppender - RaftServer{raft-partition-6} - Sending AppendRequest{term=1, leader=1, prevLogIndex=1, prevLogTerm=1, entries=0, commitIndex=1} to 3
21:52:23.327 [raft-server-raft-partition-6] TRACE i.a.p.raft.roles.FollowerRole - RaftServer{raft-partition-6}{role=FOLLOWER} - Received AppendRequest{term=1, leader=1, prevLogIndex=1, prevLogTerm=1, entries=0, commitIndex=1}
21:52:23.327 [raft-server-raft-partition-6] TRACE i.a.p.raft.roles.FollowerRole - RaftServer{raft-partition-6}{role=FOLLOWER} - Sending AppendResponse{status=OK, term=1, succeeded=true, lastLogIndex=1}
21:52:23.327 [raft-server-raft-partition-6] TRACE i.a.p.raft.roles.FollowerRole - RaftServer{raft-partition-6}{role=FOLLOWER} - Received AppendRequest{term=1, leader=1, prevLogIndex=1, prevLogTerm=1, entries=0, commitIndex=1}
21:52:23.327 [raft-server-raft-partition-6] TRACE i.a.p.raft.roles.FollowerRole - RaftServer{raft-partition-6}{role=FOLLOWER} - Sending AppendResponse{status=OK, term=1, succeeded=true, lastLogIndex=1}
21:52:23.327 [raft-server-raft-partition-6] TRACE i.a.p.raft.roles.LeaderAppender - RaftServer{raft-partition-6} - Received AppendResponse{status=OK, term=1, succeeded=true, lastLogIndex=1} from 2
21:52:23.327 [raft-server-raft-partition-6] TRACE i.a.p.raft.roles.LeaderAppender - RaftServer{raft-partition-6} - Sending AppendRequest{term=1, leader=1, prevLogIndex=1, prevLogTerm=1, entries=0, commitIndex=1} to 2
21:52:23.327 [raft-server-raft-partition-6] TRACE i.a.p.raft.roles.LeaderAppender - RaftServer{raft-partition-6} - Received AppendResponse{status=OK, term=1, succeeded=true, lastLogIndex=1} from 3
21:52:23.327 [raft-server-raft-partition-6] TRACE i.a.p.raft.roles.LeaderAppender - RaftServer{raft-partition-6} - Sending AppendRequest{term=1, leader=1, prevLogIndex=1, prevLogTerm=1, entries=0, commitIndex=1} to 3
21:52:23.327 [raft-server-raft-partition-6] TRACE i.a.p.raft.roles.FollowerRole - RaftServer{raft-partition-6}{role=FOLLOWER} - Received AppendRequest{term=1, leader=1, prevLogIndex=1, prevLogTerm=1, entries=0, commitIndex=1}
21:52:23.327 [raft-server-raft-partition-6] TRACE i.a.p.raft.roles.FollowerRole - RaftServer{raft-partition-6}{role=FOLLOWER} - Sending AppendResponse{status=OK, term=1, succeeded=true, lastLogIndex=1}
21:52:23.327 [raft-server-raft-partition-6] TRACE i.a.p.raft.roles.FollowerRole - RaftServer{raft-partition-6}{role=FOLLOWER} - Received AppendRequest{term=1, leader=1, prevLogIndex=1, prevLogTerm=1, entries=0, commitIndex=1}
21:52:23.327 [raft-server-raft-partition-6] TRACE i.a.p.raft.roles.FollowerRole - RaftServer{raft-partition-6}{role=FOLLOWER} - Sending AppendResponse{status=OK, term=1, succeeded=true, lastLogIndex=1}
21:52:23.327 [raft-server-raft-partition-6] TRACE i.a.p.raft.roles.LeaderAppender - RaftServer{raft-partition-6} - Received AppendResponse{status=OK, term=1, succeeded=true, lastLogIndex=1} from 2
21:52:23.327 [raft-server-raft-partition-6] TRACE i.a.p.raft.roles.LeaderAppender - RaftServer{raft-partition-6} - Received AppendResponse{status=OK, term=1, succeeded=true, lastLogIndex=1} from 3
21:52:23.375 [raft-server-raft-partition-3] TRACE i.a.p.raft.roles.LeaderAppender - RaftServer{raft-partition-3} - Sending AppendRequest{term=3, leader=1, prevLogIndex=1, prevLogTerm=2, entries=0, commitIndex=1} to 2
21:52:23.375 [raft-server-raft-partition-3] TRACE i.a.p.raft.roles.LeaderAppender - RaftServer{raft-partition-3} - Sending AppendRequest{term=3, leader=1, prevLogIndex=1, prevLogTerm=2, entries=0, commitIndex=1} to 3
21:52:23.375 [raft-server-raft-partition-3] TRACE i.a.p.raft.roles.FollowerRole - RaftServer{raft-partition-3}{role=FOLLOWER} - Received AppendRequest{term=3, leader=1, prevLogIndex=1, prevLogTerm=2, entries=0, commitIndex=1}
21:52:23.375 [raft-server-raft-partition-3] TRACE i.a.p.raft.roles.FollowerRole - RaftServer{raft-partition-3}{role=FOLLOWER} - Received AppendRequest{term=3, leader=1, prevLogIndex=1, prevLogTerm=2, entries=0, commitIndex=1}
21:52:23.375 [raft-server-raft-partition-3] TRACE i.a.p.raft.roles.FollowerRole - RaftServer{raft-partition-3}{role=FOLLOWER} - Sending AppendResponse{status=OK, term=3, succeeded=true, lastLogIndex=1}
21:52:23.375 [raft-server-raft-partition-3] TRACE i.a.p.raft.roles.FollowerRole - RaftServer{raft-partition-3}{role=FOLLOWER} - Sending AppendResponse{status=OK, term=3, succeeded=true, lastLogIndex=1}
21:52:23.375 [raft-server-raft-partition-3] TRACE i.a.p.raft.roles.LeaderAppender - RaftServer{raft-partition-3} - Received AppendResponse{status=OK, term=3, succeeded=true, lastLogIndex=1} from 2
21:52:23.375 [raft-server-raft-partition-3] TRACE i.a.p.raft.roles.LeaderAppender - RaftServer{raft-partition-3} - Sending AppendRequest{term=3, leader=1, prevLogIndex=1, prevLogTerm=2, entries=0, commitIndex=1} to 2
21:52:23.375 [raft-server-raft-partition-3] TRACE i.a.p.raft.roles.LeaderAppender - RaftServer{raft-partition-3} - Received AppendResponse{status=OK, term=3, succeeded=true, lastLogIndex=1} from 3
21:52:23.375 [raft-server-raft-partition-3] TRACE i.a.p.raft.roles.LeaderAppender - RaftServer{raft-partition-3} - Sending AppendRequest{term=3, leader=1, prevLogIndex=1, prevLogTerm=2, entries=0, commitIndex=1} to 3
21:52:23.376 [raft-server-raft-partition-3] TRACE i.a.p.raft.roles.FollowerRole - RaftServer{raft-partition-3}{role=FOLLOWER} - Received AppendRequest{term=3, leader=1, prevLogIndex=1, prevLogTerm=2, entries=0, commitIndex=1}
21:52:23.376 [raft-server-raft-partition-3] TRACE i.a.p.raft.roles.FollowerRole - RaftServer{raft-partition-3}{role=FOLLOWER} - Sending AppendResponse{status=OK, term=3, succeeded=true, lastLogIndex=1}
21:52:23.376 [raft-server-raft-partition-3] TRACE i.a.p.raft.roles.FollowerRole - RaftServer{raft-partition-3}{role=FOLLOWER} - Received AppendRequest{term=3, leader=1, prevLogIndex=1, prevLogTerm=2, entries=0, commitIndex=1}
21:52:23.376 [raft-server-raft-partition-3] TRACE i.a.p.raft.roles.FollowerRole - RaftServer{raft-partition-3}{role=FOLLOWER} - Sending AppendResponse{status=OK, term=3, succeeded=true, lastLogIndex=1}
21:52:23.376 [raft-server-raft-partition-3] TRACE i.a.p.raft.roles.LeaderAppender - RaftServer{raft-partition-3} - Received AppendResponse{status=OK, term=3, succeeded=true, lastLogIndex=1} from 2
21:52:23.376 [raft-server-raft-partition-3] TRACE i.a.p.raft.roles.LeaderAppender - RaftServer{raft-partition-3} - Sending AppendRequest{term=3, leader=1, prevLogIndex=1, prevLogTerm=2, entries=0, commitIndex=1} to 2
21:52:23.376 [raft-server-raft-partition-3] TRACE i.a.p.raft.roles.LeaderAppender - RaftServer{raft-partition-3} - Received AppendResponse{status=OK, term=3, succeeded=true, lastLogIndex=1} from 3
21:52:23.376 [raft-server-raft-partition-3] TRACE i.a.p.raft.roles.LeaderAppender - RaftServer{raft-partition-3} - Sending AppendRequest{term=3, leader=1, prevLogIndex=1, prevLogTerm=2, entries=0, commitIndex=1} to 3
21:52:23.376 [raft-server-raft-partition-3] TRACE i.a.p.raft.roles.FollowerRole - RaftServer{raft-partition-3}{role=FOLLOWER} - Received AppendRequest{term=3, leader=1, prevLogIndex=1, prevLogTerm=2, entries=0, commitIndex=1}
21:52:23.376 [raft-server-raft-partition-3] TRACE i.a.p.raft.roles.FollowerRole - RaftServer{raft-partition-3}{role=FOLLOWER} - Sending AppendResponse{status=OK, term=3, succeeded=true, lastLogIndex=1}
21:52:23.376 [raft-server-raft-partition-3] TRACE i.a.p.raft.roles.FollowerRole - RaftServer{raft-partition-3}{role=FOLLOWER} - Received AppendRequest{term=3, leader=1, prevLogIndex=1, prevLogTerm=2, entries=0, commitIndex=1}
21:52:23.376 [raft-server-raft-partition-3] TRACE i.a.p.raft.roles.FollowerRole - RaftServer{raft-partition-3}{role=FOLLOWER} - Sending AppendResponse{status=OK, term=3, succeeded=true, lastLogIndex=1}
21:52:23.376 [raft-server-raft-partition-3] TRACE i.a.p.raft.roles.LeaderAppender - RaftServer{raft-partition-3} - Received AppendResponse{status=OK, term=3, succeeded=true, lastLogIndex=1} from 2
21:52:23.376 [raft-server-raft-partition-3] TRACE i.a.p.raft.roles.LeaderAppender - RaftServer{raft-partition-3} - Received AppendResponse{status=OK, term=3, succeeded=true, lastLogIndex=1} from 3
21:52:23.384 [raft-server-raft-partition-1] TRACE i.a.p.raft.roles.LeaderAppender - RaftServer{raft-partition-1} - Sending AppendRequest{term=1, leader=2, prevLogIndex=1, prevLogTerm=1, entries=0, commitIndex=1} to 3
21:52:23.385 [raft-server-raft-partition-1] TRACE i.a.p.raft.roles.FollowerRole - RaftServer{raft-partition-1}{role=FOLLOWER} - Received AppendRequest{term=1, leader=2, prevLogIndex=1, prevLogTerm=1, entries=0, commitIndex=1}
21:52:23.385 [raft-server-raft-partition-1] TRACE i.a.p.raft.roles.FollowerRole - RaftServer{raft-partition-1}{role=FOLLOWER} - Sending AppendResponse{status=OK, term=1, succeeded=true, lastLogIndex=1}
21:52:23.385 [raft-server-raft-partition-1] TRACE i.a.p.raft.roles.LeaderAppender - RaftServer{raft-partition-1} - Received AppendResponse{status=OK, term=1, succeeded=true, lastLogIndex=1} from 3
21:52:23.385 [raft-server-raft-partition-1] TRACE i.a.p.raft.roles.LeaderAppender - RaftServer{raft-partition-1} - Sending AppendRequest{term=1, leader=2, prevLogIndex=1, prevLogTerm=1, entries=0, commitIndex=1} to 3
21:52:23.385 [raft-server-raft-partition-1] TRACE i.a.p.raft.roles.FollowerRole - RaftServer{raft-partition-1}{role=FOLLOWER} - Received AppendRequest{term=1, leader=2, prevLogIndex=1, prevLogTerm=1, entries=0, commitIndex=1}
21:52:23.385 [raft-server-raft-partition-1] TRACE i.a.p.raft.roles.FollowerRole - RaftServer{raft-partition-1}{role=FOLLOWER} - Sending AppendResponse{status=OK, term=1, succeeded=true, lastLogIndex=1}
21:52:23.386 [raft-server-raft-partition-1] TRACE i.a.p.raft.roles.LeaderAppender - RaftServer{raft-partition-1} - Received AppendResponse{status=OK, term=1, succeeded=true, lastLogIndex=1} from 3
21:52:23.417 [raft-server-system-partition-1] TRACE i.a.p.raft.roles.LeaderAppender - RaftServer{system-partition-1} - Sending AppendRequest{term=1, leader=1, prevLogIndex=16, prevLogTerm=1, entries=0, commitIndex=16} to 2
21:52:23.417 [raft-server-system-partition-1] TRACE i.a.p.raft.roles.LeaderAppender - RaftServer{system-partition-1} - Sending AppendRequest{term=1, leader=1, prevLogIndex=16, prevLogTerm=1, entries=0, commitIndex=16} to 3
21:52:23.417 [raft-server-system-partition-1] TRACE i.a.p.raft.roles.FollowerRole - RaftServer{system-partition-1}{role=FOLLOWER} - Received AppendRequest{term=1, leader=1, prevLogIndex=16, prevLogTerm=1, entries=0, commitIndex=16}
21:52:23.417 [raft-server-system-partition-1] TRACE i.a.p.raft.roles.FollowerRole - RaftServer{system-partition-1}{role=FOLLOWER} - Received AppendRequest{term=1, leader=1, prevLogIndex=16, prevLogTerm=1, entries=0, commitIndex=16}
21:52:23.417 [raft-server-system-partition-1] TRACE i.a.p.raft.roles.FollowerRole - RaftServer{system-partition-1}{role=FOLLOWER} - Sending AppendResponse{status=OK, term=1, succeeded=true, lastLogIndex=16}
21:52:23.418 [raft-server-system-partition-1] TRACE i.a.p.raft.roles.FollowerRole - RaftServer{system-partition-1}{role=FOLLOWER} - Sending AppendResponse{status=OK, term=1, succeeded=true, lastLogIndex=16}
21:52:23.418 [raft-server-system-partition-1] TRACE i.a.p.raft.roles.LeaderAppender - RaftServer{system-partition-1} - Received AppendResponse{status=OK, term=1, succeeded=true, lastLogIndex=16} from 2
21:52:23.418 [raft-server-system-partition-1] TRACE i.a.p.raft.roles.LeaderAppender - RaftServer{system-partition-1} - Sending AppendRequest{term=1, leader=1, prevLogIndex=16, prevLogTerm=1, entries=0, commitIndex=16} to 2
21:52:23.418 [raft-server-system-partition-1] TRACE i.a.p.raft.roles.LeaderAppender - RaftServer{system-partition-1} - Received AppendResponse{status=OK, term=1, succeeded=true, lastLogIndex=16} from 3
21:52:23.418 [raft-server-system-partition-1] TRACE i.a.p.raft.roles.LeaderAppender - RaftServer{system-partition-1} - Sending AppendRequest{term=1, leader=1, prevLogIndex=16, prevLogTerm=1, entries=0, commitIndex=16} to 3
21:52:23.418 [raft-server-system-partition-1] TRACE i.a.p.raft.roles.FollowerRole - RaftServer{system-partition-1}{role=FOLLOWER} - Received AppendRequest{term=1, leader=1, prevLogIndex=16, prevLogTerm=1, entries=0, commitIndex=16}
21:52:23.418 [raft-server-system-partition-1] TRACE i.a.p.raft.roles.FollowerRole - RaftServer{system-partition-1}{role=FOLLOWER} - Received AppendRequest{term=1, leader=1, prevLogIndex=16, prevLogTerm=1, entries=0, commitIndex=16}
21:52:23.418 [raft-server-system-partition-1] TRACE i.a.p.raft.roles.FollowerRole - RaftServer{system-partition-1}{role=FOLLOWER} - Sending AppendResponse{status=OK, term=1, succeeded=true, lastLogIndex=16}
21:52:23.418 [raft-server-system-partition-1] TRACE i.a.p.raft.roles.FollowerRole - RaftServer{system-partition-1}{role=FOLLOWER} - Sending AppendResponse{status=OK, term=1, succeeded=true, lastLogIndex=16}
21:52:23.418 [raft-server-system-partition-1] TRACE i.a.p.raft.roles.LeaderAppender - RaftServer{system-partition-1} - Received AppendResponse{status=OK, term=1, succeeded=true, lastLogIndex=16} from 2
21:52:23.418 [raft-server-system-partition-1] TRACE i.a.p.raft.roles.LeaderAppender - RaftServer{system-partition-1} - Received AppendResponse{status=OK, term=1, succeeded=true, lastLogIndex=16} from 3
21:52:23.459 [raft-server-raft-partition-5] TRACE i.a.p.raft.roles.LeaderAppender - RaftServer{raft-partition-5} - Sending AppendRequest{term=1, leader=3, prevLogIndex=1, prevLogTerm=1, entries=0, commitIndex=1} to 1
21:52:23.459 [raft-server-raft-partition-5] TRACE i.a.p.raft.roles.LeaderAppender - RaftServer{raft-partition-5} - Sending AppendRequest{term=1, leader=3, prevLogIndex=1, prevLogTerm=1, entries=0, commitIndex=1} to 2
21:52:23.459 [raft-server-raft-partition-7] TRACE i.a.p.raft.roles.LeaderAppender - RaftServer{raft-partition-7} - Sending AppendRequest{term=1, leader=2, prevLogIndex=1, prevLogTerm=1, entries=0, commitIndex=1} to 1
21:52:23.459 [raft-server-raft-partition-7] TRACE i.a.p.raft.roles.LeaderAppender - RaftServer{raft-partition-7} - Sending AppendRequest{term=1, leader=2, prevLogIndex=1, prevLogTerm=1, entries=0, commitIndex=1} to 3
21:52:23.459 [raft-server-raft-partition-5] TRACE i.a.p.raft.roles.FollowerRole - RaftServer{raft-partition-5}{role=FOLLOWER} - Received AppendRequest{term=1, leader=3, prevLogIndex=1, prevLogTerm=1, entries=0, commitIndex=1}
21:52:23.459 [raft-server-raft-partition-5] TRACE i.a.p.raft.roles.FollowerRole - RaftServer{raft-partition-5}{role=FOLLOWER} - Received AppendRequest{term=1, leader=3, prevLogIndex=1, prevLogTerm=1, entries=0, commitIndex=1}
21:52:23.459 [raft-server-raft-partition-5] TRACE i.a.p.raft.roles.FollowerRole - RaftServer{raft-partition-5}{role=FOLLOWER} - Sending AppendResponse{status=OK, term=1, succeeded=true, lastLogIndex=1}
21:52:23.459 [raft-server-raft-partition-7] TRACE i.a.p.raft.roles.FollowerRole - RaftServer{raft-partition-7}{role=FOLLOWER} - Received AppendRequest{term=1, leader=2, prevLogIndex=1, prevLogTerm=1, entries=0, commitIndex=1}
21:52:23.459 [raft-server-raft-partition-5] TRACE i.a.p.raft.roles.FollowerRole - RaftServer{raft-partition-5}{role=FOLLOWER} - Sending AppendResponse{status=OK, term=1, succeeded=true, lastLogIndex=1}
21:52:23.459 [raft-server-raft-partition-7] TRACE i.a.p.raft.roles.FollowerRole - RaftServer{raft-partition-7}{role=FOLLOWER} - Received AppendRequest{term=1, leader=2, prevLogIndex=1, prevLogTerm=1, entries=0, commitIndex=1}
21:52:23.459 [raft-server-raft-partition-7] TRACE i.a.p.raft.roles.FollowerRole - RaftServer{raft-partition-7}{role=FOLLOWER} - Sending AppendResponse{status=OK, term=1, succeeded=true, lastLogIndex=1}
21:52:23.460 [raft-server-raft-partition-7] TRACE i.a.p.raft.roles.FollowerRole - RaftServer{raft-partition-7}{role=FOLLOWER} - Sending AppendResponse{status=OK, term=1, succeeded=true, lastLogIndex=1}
21:52:23.460 [raft-server-raft-partition-5] TRACE i.a.p.raft.roles.LeaderAppender - RaftServer{raft-partition-5} - Received AppendResponse{status=OK, term=1, succeeded=true, lastLogIndex=1} from 1
21:52:23.460 [raft-server-raft-partition-5] TRACE i.a.p.raft.roles.LeaderAppender - RaftServer{raft-partition-5} - Sending AppendRequest{term=1, leader=3, prevLogIndex=1, prevLogTerm=1, entries=0, commitIndex=1} to 1
21:52:23.460 [raft-server-raft-partition-7] TRACE i.a.p.raft.roles.LeaderAppender - RaftServer{raft-partition-7} - Received AppendResponse{status=OK, term=1, succeeded=true, lastLogIndex=1} from 1
21:52:23.460 [raft-server-raft-partition-5] TRACE i.a.p.raft.roles.LeaderAppender - RaftServer{raft-partition-5} - Received AppendResponse{status=OK, term=1, succeeded=true, lastLogIndex=1} from 2
21:52:23.460 [raft-server-raft-partition-7] TRACE i.a.p.raft.roles.LeaderAppender - RaftServer{raft-partition-7} - Sending AppendRequest{term=1, leader=2, prevLogIndex=1, prevLogTerm=1, entries=0, commitIndex=1} to 1
21:52:23.460 [raft-server-raft-partition-5] TRACE i.a.p.raft.roles.LeaderAppender - RaftServer{raft-partition-5} - Sending AppendRequest{term=1, leader=3, prevLogIndex=1, prevLogTerm=1, entries=0, commitIndex=1} to 2
21:52:23.460 [raft-server-raft-partition-7] TRACE i.a.p.raft.roles.LeaderAppender - RaftServer{raft-partition-7} - Received AppendResponse{status=OK, term=1, succeeded=true, lastLogIndex=1} from 3
21:52:23.460 [raft-server-raft-partition-5] TRACE i.a.p.raft.roles.FollowerRole - RaftServer{raft-partition-5}{role=FOLLOWER} - Received AppendRequest{term=1, leader=3, prevLogIndex=1, prevLogTerm=1, entries=0, commitIndex=1}
21:52:23.460 [raft-server-raft-partition-7] TRACE i.a.p.raft.roles.LeaderAppender - RaftServer{raft-partition-7} - Sending AppendRequest{term=1, leader=2, prevLogIndex=1, prevLogTerm=1, entries=0, commitIndex=1} to 3
21:52:23.460 [raft-server-raft-partition-7] TRACE i.a.p.raft.roles.FollowerRole - RaftServer{raft-partition-7}{role=FOLLOWER} - Received AppendRequest{term=1, leader=2, prevLogIndex=1, prevLogTerm=1, entries=0, commitIndex=1}
21:52:23.460 [raft-server-raft-partition-5] TRACE i.a.p.raft.roles.FollowerRole - RaftServer{raft-partition-5}{role=FOLLOWER} - Sending AppendResponse{status=OK, term=1, succeeded=true, lastLogIndex=1}
21:52:23.460 [raft-server-raft-partition-5] TRACE i.a.p.raft.roles.FollowerRole - RaftServer{raft-partition-5}{role=FOLLOWER} - Received AppendRequest{term=1, leader=3, prevLogIndex=1, prevLogTerm=1, entries=0, commitIndex=1}
21:52:23.460 [raft-server-raft-partition-7] TRACE i.a.p.raft.roles.FollowerRole - RaftServer{raft-partition-7}{role=FOLLOWER} - Sending AppendResponse{status=OK, term=1, succeeded=true, lastLogIndex=1}
21:52:23.460 [raft-server-raft-partition-7] TRACE i.a.p.raft.roles.FollowerRole - RaftServer{raft-partition-7}{role=FOLLOWER} - Received AppendRequest{term=1, leader=2, prevLogIndex=1, prevLogTerm=1, entries=0, commitIndex=1}
21:52:23.460 [raft-server-raft-partition-5] TRACE i.a.p.raft.roles.FollowerRole - RaftServer{raft-partition-5}{role=FOLLOWER} - Sending AppendResponse{status=OK, term=1, succeeded=true, lastLogIndex=1}
21:52:23.460 [raft-server-raft-partition-5] TRACE i.a.p.raft.roles.LeaderAppender - RaftServer{raft-partition-5} - Received AppendResponse{status=OK, term=1, succeeded=true, lastLogIndex=1} from 1
21:52:23.460 [raft-server-raft-partition-7] TRACE i.a.p.raft.roles.LeaderAppender - RaftServer{raft-partition-7} - Received AppendResponse{status=OK, term=1, succeeded=true, lastLogIndex=1} from 1
21:52:23.460 [raft-server-raft-partition-7] TRACE i.a.p.raft.roles.FollowerRole - RaftServer{raft-partition-7}{role=FOLLOWER} - Sending AppendResponse{status=OK, term=1, succeeded=true, lastLogIndex=1}
21:52:23.461 [raft-server-raft-partition-5] TRACE i.a.p.raft.roles.LeaderAppender - RaftServer{raft-partition-5} - Received AppendResponse{status=OK, term=1, succeeded=true, lastLogIndex=1} from 2
21:52:23.461 [raft-server-raft-partition-7] TRACE i.a.p.raft.roles.LeaderAppender - RaftServer{raft-partition-7} - Received AppendResponse{status=OK, term=1, succeeded=true, lastLogIndex=1} from 3
21:52:23.493 [raft-server-raft-partition-4] TRACE i.a.p.raft.roles.LeaderAppender - RaftServer{raft-partition-4} - Sending AppendRequest{term=1, leader=1, prevLogIndex=1, prevLogTerm=1, entries=0, commitIndex=1} to 2
21:52:23.493 [raft-server-raft-partition-4] TRACE i.a.p.raft.roles.LeaderAppender - RaftServer{raft-partition-4} - Sending AppendRequest{term=1, leader=1, prevLogIndex=1, prevLogTerm=1, entries=0, commitIndex=1} to 3
21:52:23.493 [raft-server-raft-partition-4] TRACE i.a.p.raft.roles.FollowerRole - RaftServer{raft-partition-4}{role=FOLLOWER} - Received AppendRequest{term=1, leader=1, prevLogIndex=1, prevLogTerm=1, entries=0, commitIndex=1}
21:52:23.493 [raft-server-raft-partition-4] TRACE i.a.p.raft.roles.FollowerRole - RaftServer{raft-partition-4}{role=FOLLOWER} - Sending AppendResponse{status=OK, term=1, succeeded=true, lastLogIndex=1}
21:52:23.493 [raft-server-raft-partition-4] TRACE i.a.p.raft.roles.FollowerRole - RaftServer{raft-partition-4}{role=FOLLOWER} - Received AppendRequest{term=1, leader=1, prevLogIndex=1, prevLogTerm=1, entries=0, commitIndex=1}
21:52:23.493 [raft-server-raft-partition-4] TRACE i.a.p.raft.roles.FollowerRole - RaftServer{raft-partition-4}{role=FOLLOWER} - Sending AppendResponse{status=OK, term=1, succeeded=true, lastLogIndex=1}
21:52:23.493 [raft-server-raft-partition-4] TRACE i.a.p.raft.roles.LeaderAppender - RaftServer{raft-partition-4} - Received AppendResponse{status=OK, term=1, succeeded=true, lastLogIndex=1} from 2
21:52:23.494 [raft-server-raft-partition-4] TRACE i.a.p.raft.roles.LeaderAppender - RaftServer{raft-partition-4} - Sending AppendRequest{term=1, leader=1, prevLogIndex=1, prevLogTerm=1, entries=0, commitIndex=1} to 2
21:52:23.494 [raft-server-raft-partition-4] TRACE i.a.p.raft.roles.LeaderAppender - RaftServer{raft-partition-4} - Received AppendResponse{status=OK, term=1, succeeded=true, lastLogIndex=1} from 3
21:52:23.494 [raft-server-raft-partition-4] TRACE i.a.p.raft.roles.LeaderAppender - RaftServer{raft-partition-4} - Sending AppendRequest{term=1, leader=1, prevLogIndex=1, prevLogTerm=1, entries=0, commitIndex=1} to 3
21:52:23.494 [raft-server-raft-partition-4] TRACE i.a.p.raft.roles.FollowerRole - RaftServer{raft-partition-4}{role=FOLLOWER} - Received AppendRequest{term=1, leader=1, prevLogIndex=1, prevLogTerm=1, entries=0, commitIndex=1}
21:52:23.494 [raft-server-raft-partition-4] TRACE i.a.p.raft.roles.FollowerRole - RaftServer{raft-partition-4}{role=FOLLOWER} - Sending AppendResponse{status=OK, term=1, succeeded=true, lastLogIndex=1}
21:52:23.494 [raft-server-raft-partition-4] TRACE i.a.p.raft.roles.FollowerRole - RaftServer{raft-partition-4}{role=FOLLOWER} - Received AppendRequest{term=1, leader=1, prevLogIndex=1, prevLogTerm=1, entries=0, commitIndex=1}
21:52:23.494 [raft-server-raft-partition-4] TRACE i.a.p.raft.roles.FollowerRole - RaftServer{raft-partition-4}{role=FOLLOWER} - Sending AppendResponse{status=OK, term=1, succeeded=true, lastLogIndex=1}
21:52:23.494 [raft-server-raft-partition-4] TRACE i.a.p.raft.roles.LeaderAppender - RaftServer{raft-partition-4} - Received AppendResponse{status=OK, term=1, succeeded=true, lastLogIndex=1} from 2
21:52:23.494 [raft-server-raft-partition-4] TRACE i.a.p.raft.roles.LeaderAppender - RaftServer{raft-partition-4} - Received AppendResponse{status=OK, term=1, succeeded=true, lastLogIndex=1} from 3
21:52:23.567 [raft-server-raft-partition-2] TRACE i.a.p.raft.roles.LeaderAppender - RaftServer{raft-partition-2} - Sending AppendRequest{term=1, leader=1, prevLogIndex=1, prevLogTerm=1, entries=0, commitIndex=1} to 2
21:52:23.568 [raft-server-raft-partition-2] TRACE i.a.p.raft.roles.LeaderAppender - RaftServer{raft-partition-2} - Sending AppendRequest{term=1, leader=1, prevLogIndex=1, prevLogTerm=1, entries=0, commitIndex=1} to 3
21:52:23.568 [raft-server-raft-partition-2] TRACE i.a.p.raft.roles.FollowerRole - RaftServer{raft-partition-2}{role=FOLLOWER} - Received AppendRequest{term=1, leader=1, prevLogIndex=1, prevLogTerm=1, entries=0, commitIndex=1}
21:52:23.568 [raft-server-raft-partition-2] TRACE i.a.p.raft.roles.FollowerRole - RaftServer{raft-partition-2}{role=FOLLOWER} - Sending AppendResponse{status=OK, term=1, succeeded=true, lastLogIndex=1}
21:52:23.568 [raft-server-raft-partition-2] TRACE i.a.p.raft.roles.FollowerRole - RaftServer{raft-partition-2}{role=FOLLOWER} - Received AppendRequest{term=1, leader=1, prevLogIndex=1, prevLogTerm=1, entries=0, commitIndex=1}
21:52:23.568 [raft-server-raft-partition-2] TRACE i.a.p.raft.roles.FollowerRole - RaftServer{raft-partition-2}{role=FOLLOWER} - Sending AppendResponse{status=OK, term=1, succeeded=true, lastLogIndex=1}
21:52:23.568 [raft-server-raft-partition-2] TRACE i.a.p.raft.roles.LeaderAppender - RaftServer{raft-partition-2} - Received AppendResponse{status=OK, term=1, succeeded=true, lastLogIndex=1} from 2
21:52:23.568 [raft-server-raft-partition-2] TRACE i.a.p.raft.roles.LeaderAppender - RaftServer{raft-partition-2} - Sending AppendRequest{term=1, leader=1, prevLogIndex=1, prevLogTerm=1, entries=0, commitIndex=1} to 2
21:52:23.568 [raft-server-raft-partition-2] TRACE i.a.p.raft.roles.LeaderAppender - RaftServer{raft-partition-2} - Received AppendResponse{status=OK, term=1, succeeded=true, lastLogIndex=1} from 3
21:52:23.568 [raft-server-raft-partition-2] TRACE i.a.p.raft.roles.FollowerRole - RaftServer{raft-partition-2}{role=FOLLOWER} - Received AppendRequest{term=1, leader=1, prevLogIndex=1, prevLogTerm=1, entries=0, commitIndex=1}
21:52:23.568 [raft-server-raft-partition-2] TRACE i.a.p.raft.roles.FollowerRole - RaftServer{raft-partition-2}{role=FOLLOWER} - Sending AppendResponse{status=OK, term=1, succeeded=true, lastLogIndex=1}
21:52:23.568 [raft-server-raft-partition-2] TRACE i.a.p.raft.roles.LeaderAppender - RaftServer{raft-partition-2} - Received AppendResponse{status=OK, term=1, succeeded=true, lastLogIndex=1} from 2
21:52:23.576 [raft-server-raft-partition-6] TRACE i.a.p.raft.roles.LeaderAppender - RaftServer{raft-partition-6} - Sending AppendRequest{term=1, leader=1, prevLogIndex=1, prevLogTerm=1, entries=0, commitIndex=1} to 2
21:52:23.576 [raft-server-raft-partition-6] TRACE i.a.p.raft.roles.LeaderAppender - RaftServer{raft-partition-6} - Sending AppendRequest{term=1, leader=1, prevLogIndex=1, prevLogTerm=1, entries=0, commitIndex=1} to 3
21:52:23.576 [raft-server-raft-partition-6] TRACE i.a.p.raft.roles.FollowerRole - RaftServer{raft-partition-6}{role=FOLLOWER} - Received AppendRequest{term=1, leader=1, prevLogIndex=1, prevLogTerm=1, entries=0, commitIndex=1}
21:52:23.576 [raft-server-raft-partition-6] TRACE i.a.p.raft.roles.FollowerRole - RaftServer{raft-partition-6}{role=FOLLOWER} - Sending AppendResponse{status=OK, term=1, succeeded=true, lastLogIndex=1}
21:52:23.576 [raft-server-raft-partition-6] TRACE i.a.p.raft.roles.FollowerRole - RaftServer{raft-partition-6}{role=FOLLOWER} - Received AppendRequest{term=1, leader=1, prevLogIndex=1, prevLogTerm=1, entries=0, commitIndex=1}
21:52:23.576 [raft-server-raft-partition-6] TRACE i.a.p.raft.roles.FollowerRole - RaftServer{raft-partition-6}{role=FOLLOWER} - Sending AppendResponse{status=OK, term=1, succeeded=true, lastLogIndex=1}
21:52:23.576 [raft-server-raft-partition-6] TRACE i.a.p.raft.roles.LeaderAppender - RaftServer{raft-partition-6} - Received AppendResponse{status=OK, term=1, succeeded=true, lastLogIndex=1} from 2
21:52:23.576 [raft-server-raft-partition-6] TRACE i.a.p.raft.roles.LeaderAppender - RaftServer{raft-partition-6} - Sending AppendRequest{term=1, leader=1, prevLogIndex=1, prevLogTerm=1, entries=0, commitIndex=1} to 2
21:52:23.576 [raft-server-raft-partition-6] TRACE i.a.p.raft.roles.LeaderAppender - RaftServer{raft-partition-6} - Received AppendResponse{status=OK, term=1, succeeded=true, lastLogIndex=1} from 3
21:52:23.576 [raft-server-raft-partition-6] TRACE i.a.p.raft.roles.LeaderAppender - RaftServer{raft-partition-6} - Sending AppendRequest{term=1, leader=1, prevLogIndex=1, prevLogTerm=1, entries=0, commitIndex=1} to 3
21:52:23.576 [raft-server-raft-partition-6] TRACE i.a.p.raft.roles.FollowerRole - RaftServer{raft-partition-6}{role=FOLLOWER} - Received AppendRequest{term=1, leader=1, prevLogIndex=1, prevLogTerm=1, entries=0, commitIndex=1}
21:52:23.577 [raft-server-raft-partition-6] TRACE i.a.p.raft.roles.FollowerRole - RaftServer{raft-partition-6}{role=FOLLOWER} - Received AppendRequest{term=1, leader=1, prevLogIndex=1, prevLogTerm=1, entries=0, commitIndex=1}
21:52:23.577 [raft-server-raft-partition-6] TRACE i.a.p.raft.roles.FollowerRole - RaftServer{raft-partition-6}{role=FOLLOWER} - Sending AppendResponse{status=OK, term=1, succeeded=true, lastLogIndex=1}
21:52:23.577 [raft-server-raft-partition-6] TRACE i.a.p.raft.roles.FollowerRole - RaftServer{raft-partition-6}{role=FOLLOWER} - Sending AppendResponse{status=OK, term=1, succeeded=true, lastLogIndex=1}
21:52:23.577 [raft-server-raft-partition-6] TRACE i.a.p.raft.roles.LeaderAppender - RaftServer{raft-partition-6} - Received AppendResponse{status=OK, term=1, succeeded=true, lastLogIndex=1} from 2
21:52:23.577 [raft-server-raft-partition-6] TRACE i.a.p.raft.roles.LeaderAppender - RaftServer{raft-partition-6} - Sending AppendRequest{term=1, leader=1, prevLogIndex=1, prevLogTerm=1, entries=0, commitIndex=1} to 2
21:52:23.577 [raft-server-raft-partition-6] TRACE i.a.p.raft.roles.LeaderAppender - RaftServer{raft-partition-6} - Received AppendResponse{status=OK, term=1, succeeded=true, lastLogIndex=1} from 3
21:52:23.577 [raft-server-raft-partition-6] TRACE i.a.p.raft.roles.LeaderAppender - RaftServer{raft-partition-6} - Sending AppendRequest{term=1, leader=1, prevLogIndex=1, prevLogTerm=1, entries=0, commitIndex=1} to 3
21:52:23.577 [raft-server-raft-partition-6] TRACE i.a.p.raft.roles.FollowerRole - RaftServer{raft-partition-6}{role=FOLLOWER} - Received AppendRequest{term=1, leader=1, prevLogIndex=1, prevLogTerm=1, entries=0, commitIndex=1}
21:52:23.577 [raft-server-raft-partition-6] TRACE i.a.p.raft.roles.FollowerRole - RaftServer{raft-partition-6}{role=FOLLOWER} - Sending AppendResponse{status=OK, term=1, succeeded=true, lastLogIndex=1}
21:52:23.577 [raft-server-raft-partition-6] TRACE i.a.p.raft.roles.FollowerRole - RaftServer{raft-partition-6}{role=FOLLOWER} - Received AppendRequest{term=1, leader=1, prevLogIndex=1, prevLogTerm=1, entries=0, commitIndex=1}
21:52:23.577 [raft-server-raft-partition-6] TRACE i.a.p.raft.roles.FollowerRole - RaftServer{raft-partition-6}{role=FOLLOWER} - Sending AppendResponse{status=OK, term=1, succeeded=true, lastLogIndex=1}
21:52:23.577 [raft-server-raft-partition-6] TRACE i.a.p.raft.roles.LeaderAppender - RaftServer{raft-partition-6} - Received AppendResponse{status=OK, term=1, succeeded=true, lastLogIndex=1} from 2
21:52:23.577 [raft-server-raft-partition-6] TRACE i.a.p.raft.roles.LeaderAppender - RaftServer{raft-partition-6} - Received AppendResponse{status=OK, term=1, succeeded=true, lastLogIndex=1} from 3
21:52:23.625 [raft-server-raft-partition-3] TRACE i.a.p.raft.roles.LeaderAppender - RaftServer{raft-partition-3} - Sending AppendRequest{term=3, leader=1, prevLogIndex=1, prevLogTerm=2, entries=0, commitIndex=1} to 2
21:52:23.625 [raft-server-raft-partition-3] TRACE i.a.p.raft.roles.LeaderAppender - RaftServer{raft-partition-3} - Sending AppendRequest{term=3, leader=1, prevLogIndex=1, prevLogTerm=2, entries=0, commitIndex=1} to 3
21:52:23.625 [raft-server-raft-partition-3] TRACE i.a.p.raft.roles.FollowerRole - RaftServer{raft-partition-3}{role=FOLLOWER} - Received AppendRequest{term=3, leader=1, prevLogIndex=1, prevLogTerm=2, entries=0, commitIndex=1}
21:52:23.625 [raft-server-raft-partition-3] TRACE i.a.p.raft.roles.FollowerRole - RaftServer{raft-partition-3}{role=FOLLOWER} - Received AppendRequest{term=3, leader=1, prevLogIndex=1, prevLogTerm=2, entries=0, commitIndex=1}
21:52:23.625 [raft-server-raft-partition-3] TRACE i.a.p.raft.roles.FollowerRole - RaftServer{raft-partition-3}{role=FOLLOWER} - Sending AppendResponse{status=OK, term=3, succeeded=true, lastLogIndex=1}
21:52:23.625 [raft-server-raft-partition-3] TRACE i.a.p.raft.roles.FollowerRole - RaftServer{raft-partition-3}{role=FOLLOWER} - Sending AppendResponse{status=OK, term=3, succeeded=true, lastLogIndex=1}
21:52:23.625 [raft-server-raft-partition-3] TRACE i.a.p.raft.roles.LeaderAppender - RaftServer{raft-partition-3} - Received AppendResponse{status=OK, term=3, succeeded=true, lastLogIndex=1} from 3
21:52:23.625 [raft-server-raft-partition-3] TRACE i.a.p.raft.roles.LeaderAppender - RaftServer{raft-partition-3} - Sending AppendRequest{term=3, leader=1, prevLogIndex=1, prevLogTerm=2, entries=0, commitIndex=1} to 3
21:52:23.625 [raft-server-raft-partition-3] TRACE i.a.p.raft.roles.LeaderAppender - RaftServer{raft-partition-3} - Received AppendResponse{status=OK, term=3, succeeded=true, lastLogIndex=1} from 2
21:52:23.625 [raft-server-raft-partition-3] TRACE i.a.p.raft.roles.LeaderAppender - RaftServer{raft-partition-3} - Sending AppendRequest{term=3, leader=1, prevLogIndex=1, prevLogTerm=2, entries=0, commitIndex=1} to 2
21:52:23.626 [raft-server-raft-partition-3] TRACE i.a.p.raft.roles.FollowerRole - RaftServer{raft-partition-3}{role=FOLLOWER} - Received AppendRequest{term=3, leader=1, prevLogIndex=1, prevLogTerm=2, entries=0, commitIndex=1}
21:52:23.626 [raft-server-raft-partition-3] TRACE i.a.p.raft.roles.FollowerRole - RaftServer{raft-partition-3}{role=FOLLOWER} - Sending AppendResponse{status=OK, term=3, succeeded=true, lastLogIndex=1}
21:52:23.626 [raft-server-raft-partition-3] TRACE i.a.p.raft.roles.FollowerRole - RaftServer{raft-partition-3}{role=FOLLOWER} - Received AppendRequest{term=3, leader=1, prevLogIndex=1, prevLogTerm=2, entries=0, commitIndex=1}
21:52:23.626 [raft-server-raft-partition-3] TRACE i.a.p.raft.roles.FollowerRole - RaftServer{raft-partition-3}{role=FOLLOWER} - Sending AppendResponse{status=OK, term=3, succeeded=true, lastLogIndex=1}
21:52:23.626 [raft-server-raft-partition-3] TRACE i.a.p.raft.roles.LeaderAppender - RaftServer{raft-partition-3} - Received AppendResponse{status=OK, term=3, succeeded=true, lastLogIndex=1} from 3
21:52:23.626 [raft-server-raft-partition-3] TRACE i.a.p.raft.roles.LeaderAppender - RaftServer{raft-partition-3} - Sending AppendRequest{term=3, leader=1, prevLogIndex=1, prevLogTerm=2, entries=0, commitIndex=1} to 3
21:52:23.626 [raft-server-raft-partition-3] TRACE i.a.p.raft.roles.LeaderAppender - RaftServer{raft-partition-3} - Received AppendResponse{status=OK, term=3, succeeded=true, lastLogIndex=1} from 2
21:52:23.626 [raft-server-raft-partition-3] TRACE i.a.p.raft.roles.LeaderAppender - RaftServer{raft-partition-3} - Sending AppendRequest{term=3, leader=1, prevLogIndex=1, prevLogTerm=2, entries=0, commitIndex=1} to 2
21:52:23.626 [raft-server-raft-partition-3] TRACE i.a.p.raft.roles.FollowerRole - RaftServer{raft-partition-3}{role=FOLLOWER} - Received AppendRequest{term=3, leader=1, prevLogIndex=1, prevLogTerm=2, entries=0, commitIndex=1}
21:52:23.626 [raft-server-raft-partition-3] TRACE i.a.p.raft.roles.FollowerRole - RaftServer{raft-partition-3}{role=FOLLOWER} - Sending AppendResponse{status=OK, term=3, succeeded=true, lastLogIndex=1}
21:52:23.626 [raft-server-raft-partition-3] TRACE i.a.p.raft.roles.FollowerRole - RaftServer{raft-partition-3}{role=FOLLOWER} - Received AppendRequest{term=3, leader=1, prevLogIndex=1, prevLogTerm=2, entries=0, commitIndex=1}
21:52:23.626 [raft-server-raft-partition-3] TRACE i.a.p.raft.roles.FollowerRole - RaftServer{raft-partition-3}{role=FOLLOWER} - Sending AppendResponse{status=OK, term=3, succeeded=true, lastLogIndex=1}
21:52:23.626 [raft-server-raft-partition-3] TRACE i.a.p.raft.roles.LeaderAppender - RaftServer{raft-partition-3} - Received AppendResponse{status=OK, term=3, succeeded=true, lastLogIndex=1} from 3
21:52:23.626 [raft-server-raft-partition-3] TRACE i.a.p.raft.roles.LeaderAppender - RaftServer{raft-partition-3} - Received AppendResponse{status=OK, term=3, succeeded=true, lastLogIndex=1} from 2
21:52:23.634 [raft-server-raft-partition-1] TRACE i.a.p.raft.roles.LeaderAppender - RaftServer{raft-partition-1} - Sending AppendRequest{term=1, leader=2, prevLogIndex=1, prevLogTerm=1, entries=0, commitIndex=1} to 3
21:52:23.635 [raft-server-raft-partition-1] TRACE i.a.p.raft.roles.FollowerRole - RaftServer{raft-partition-1}{role=FOLLOWER} - Received AppendRequest{term=1, leader=2, prevLogIndex=1, prevLogTerm=1, entries=0, commitIndex=1}
21:52:23.635 [raft-server-raft-partition-1] TRACE i.a.p.raft.roles.FollowerRole - RaftServer{raft-partition-1}{role=FOLLOWER} - Sending AppendResponse{status=OK, term=1, succeeded=true, lastLogIndex=1}
21:52:23.635 [raft-server-raft-partition-1] TRACE i.a.p.raft.roles.LeaderAppender - RaftServer{raft-partition-1} - Received AppendResponse{status=OK, term=1, succeeded=true, lastLogIndex=1} from 3
21:52:23.635 [raft-server-raft-partition-1] TRACE i.a.p.raft.roles.LeaderAppender - RaftServer{raft-partition-1} - Sending AppendRequest{term=1, leader=2, prevLogIndex=1, prevLogTerm=1, entries=0, commitIndex=1} to 3
21:52:23.635 [raft-server-raft-partition-1] TRACE i.a.p.raft.roles.FollowerRole - RaftServer{raft-partition-1}{role=FOLLOWER} - Received AppendRequest{term=1, leader=2, prevLogIndex=1, prevLogTerm=1, entries=0, commitIndex=1}
21:52:23.635 [raft-server-raft-partition-1] TRACE i.a.p.raft.roles.FollowerRole - RaftServer{raft-partition-1}{role=FOLLOWER} - Sending AppendResponse{status=OK, term=1, succeeded=true, lastLogIndex=1}
21:52:23.636 [raft-server-raft-partition-1] TRACE i.a.p.raft.roles.LeaderAppender - RaftServer{raft-partition-1} - Received AppendResponse{status=OK, term=1, succeeded=true, lastLogIndex=1} from 3
21:52:23.667 [raft-server-system-partition-1] TRACE i.a.p.raft.roles.LeaderAppender - RaftServer{system-partition-1} - Sending AppendRequest{term=1, leader=1, prevLogIndex=16, prevLogTerm=1, entries=0, commitIndex=16} to 2
21:52:23.667 [raft-server-system-partition-1] TRACE i.a.p.raft.roles.LeaderAppender - RaftServer{system-partition-1} - Sending AppendRequest{term=1, leader=1, prevLogIndex=16, prevLogTerm=1, entries=0, commitIndex=16} to 3
21:52:23.667 [raft-server-system-partition-1] TRACE i.a.p.raft.roles.FollowerRole - RaftServer{system-partition-1}{role=FOLLOWER} - Received AppendRequest{term=1, leader=1, prevLogIndex=16, prevLogTerm=1, entries=0, commitIndex=16}
21:52:23.667 [raft-server-system-partition-1] TRACE i.a.p.raft.roles.FollowerRole - RaftServer{system-partition-1}{role=FOLLOWER} - Received AppendRequest{term=1, leader=1, prevLogIndex=16, prevLogTerm=1, entries=0, commitIndex=16}
21:52:23.668 [raft-server-system-partition-1] TRACE i.a.p.raft.roles.FollowerRole - RaftServer{system-partition-1}{role=FOLLOWER} - Sending AppendResponse{status=OK, term=1, succeeded=true, lastLogIndex=16}
21:52:23.668 [raft-server-system-partition-1] TRACE i.a.p.raft.roles.FollowerRole - RaftServer{system-partition-1}{role=FOLLOWER} - Sending AppendResponse{status=OK, term=1, succeeded=true, lastLogIndex=16}
21:52:23.668 [raft-server-system-partition-1] TRACE i.a.p.raft.roles.LeaderAppender - RaftServer{system-partition-1} - Received AppendResponse{status=OK, term=1, succeeded=true, lastLogIndex=16} from 3
21:52:23.668 [raft-server-system-partition-1] TRACE i.a.p.raft.roles.LeaderAppender - RaftServer{system-partition-1} - Sending AppendRequest{term=1, leader=1, prevLogIndex=16, prevLogTerm=1, entries=0, commitIndex=16} to 3
21:52:23.668 [raft-server-system-partition-1] TRACE i.a.p.raft.roles.LeaderAppender - RaftServer{system-partition-1} - Received AppendResponse{status=OK, term=1, succeeded=true, lastLogIndex=16} from 2
21:52:23.668 [raft-server-system-partition-1] TRACE i.a.p.raft.roles.LeaderAppender - RaftServer{system-partition-1} - Sending AppendRequest{term=1, leader=1, prevLogIndex=16, prevLogTerm=1, entries=0, commitIndex=16} to 2
21:52:23.668 [raft-server-system-partition-1] TRACE i.a.p.raft.roles.FollowerRole - RaftServer{system-partition-1}{role=FOLLOWER} - Received AppendRequest{term=1, leader=1, prevLogIndex=16, prevLogTerm=1, entries=0, commitIndex=16}
21:52:23.668 [raft-server-system-partition-1] TRACE i.a.p.raft.roles.FollowerRole - RaftServer{system-partition-1}{role=FOLLOWER} - Sending AppendResponse{status=OK, term=1, succeeded=true, lastLogIndex=16}
21:52:23.668 [raft-server-system-partition-1] TRACE i.a.p.raft.roles.FollowerRole - RaftServer{system-partition-1}{role=FOLLOWER} - Received AppendRequest{term=1, leader=1, prevLogIndex=16, prevLogTerm=1, entries=0, commitIndex=16}
21:52:23.668 [raft-server-system-partition-1] TRACE i.a.p.raft.roles.FollowerRole - RaftServer{system-partition-1}{role=FOLLOWER} - Sending AppendResponse{status=OK, term=1, succeeded=true, lastLogIndex=16}
21:52:23.669 [raft-server-system-partition-1] TRACE i.a.p.raft.roles.LeaderAppender - RaftServer{system-partition-1} - Received AppendResponse{status=OK, term=1, succeeded=true, lastLogIndex=16} from 3
21:52:23.669 [raft-server-system-partition-1] TRACE i.a.p.raft.roles.LeaderAppender - RaftServer{system-partition-1} - Received AppendResponse{status=OK, term=1, succeeded=true, lastLogIndex=16} from 2
21:52:23.709 [raft-server-raft-partition-5] TRACE i.a.p.raft.roles.LeaderAppender - RaftServer{raft-partition-5} - Sending AppendRequest{term=1, leader=3, prevLogIndex=1, prevLogTerm=1, entries=0, commitIndex=1} to 1
21:52:23.709 [raft-server-raft-partition-5] TRACE i.a.p.raft.roles.LeaderAppender - RaftServer{raft-partition-5} - Sending AppendRequest{term=1, leader=3, prevLogIndex=1, prevLogTerm=1, entries=0, commitIndex=1} to 2
21:52:23.709 [raft-server-raft-partition-5] TRACE i.a.p.raft.roles.FollowerRole - RaftServer{raft-partition-5}{role=FOLLOWER} - Received AppendRequest{term=1, leader=3, prevLogIndex=1, prevLogTerm=1, entries=0, commitIndex=1}
21:52:23.709 [raft-server-raft-partition-5] TRACE i.a.p.raft.roles.FollowerRole - RaftServer{raft-partition-5}{role=FOLLOWER} - Received AppendRequest{term=1, leader=3, prevLogIndex=1, prevLogTerm=1, entries=0, commitIndex=1}
21:52:23.709 [raft-server-raft-partition-7] TRACE i.a.p.raft.roles.LeaderAppender - RaftServer{raft-partition-7} - Sending AppendRequest{term=1, leader=2, prevLogIndex=1, prevLogTerm=1, entries=0, commitIndex=1} to 1
21:52:23.709 [raft-server-raft-partition-5] TRACE i.a.p.raft.roles.FollowerRole - RaftServer{raft-partition-5}{role=FOLLOWER} - Sending AppendResponse{status=OK, term=1, succeeded=true, lastLogIndex=1}
21:52:23.709 [raft-server-raft-partition-5] TRACE i.a.p.raft.roles.FollowerRole - RaftServer{raft-partition-5}{role=FOLLOWER} - Sending AppendResponse{status=OK, term=1, succeeded=true, lastLogIndex=1}
21:52:23.709 [raft-server-raft-partition-7] TRACE i.a.p.raft.roles.LeaderAppender - RaftServer{raft-partition-7} - Sending AppendRequest{term=1, leader=2, prevLogIndex=1, prevLogTerm=1, entries=0, commitIndex=1} to 3
21:52:23.709 [raft-server-raft-partition-7] TRACE i.a.p.raft.roles.FollowerRole - RaftServer{raft-partition-7}{role=FOLLOWER} - Received AppendRequest{term=1, leader=2, prevLogIndex=1, prevLogTerm=1, entries=0, commitIndex=1}
21:52:23.709 [raft-server-raft-partition-7] TRACE i.a.p.raft.roles.FollowerRole - RaftServer{raft-partition-7}{role=FOLLOWER} - Sending AppendResponse{status=OK, term=1, succeeded=true, lastLogIndex=1}
21:52:23.709 [raft-server-raft-partition-5] TRACE i.a.p.raft.roles.LeaderAppender - RaftServer{raft-partition-5} - Received AppendResponse{status=OK, term=1, succeeded=true, lastLogIndex=1} from 2
21:52:23.710 [raft-server-raft-partition-5] TRACE i.a.p.raft.roles.LeaderAppender - RaftServer{raft-partition-5} - Sending AppendRequest{term=1, leader=3, prevLogIndex=1, prevLogTerm=1, entries=0, commitIndex=1} to 2
21:52:23.710 [raft-server-raft-partition-7] TRACE i.a.p.raft.roles.FollowerRole - RaftServer{raft-partition-7}{role=FOLLOWER} - Received AppendRequest{term=1, leader=2, prevLogIndex=1, prevLogTerm=1, entries=0, commitIndex=1}
21:52:23.710 [raft-server-raft-partition-5] TRACE i.a.p.raft.roles.LeaderAppender - RaftServer{raft-partition-5} - Received AppendResponse{status=OK, term=1, succeeded=true, lastLogIndex=1} from 1
21:52:23.710 [raft-server-raft-partition-7] TRACE i.a.p.raft.roles.LeaderAppender - RaftServer{raft-partition-7} - Received AppendResponse{status=OK, term=1, succeeded=true, lastLogIndex=1} from 1
21:52:23.710 [raft-server-raft-partition-7] TRACE i.a.p.raft.roles.FollowerRole - RaftServer{raft-partition-7}{role=FOLLOWER} - Sending AppendResponse{status=OK, term=1, succeeded=true, lastLogIndex=1}
21:52:23.710 [raft-server-raft-partition-5] TRACE i.a.p.raft.roles.LeaderAppender - RaftServer{raft-partition-5} - Sending AppendRequest{term=1, leader=3, prevLogIndex=1, prevLogTerm=1, entries=0, commitIndex=1} to 1
21:52:23.710 [raft-server-raft-partition-5] TRACE i.a.p.raft.roles.FollowerRole - RaftServer{raft-partition-5}{role=FOLLOWER} - Received AppendRequest{term=1, leader=3, prevLogIndex=1, prevLogTerm=1, entries=0, commitIndex=1}
21:52:23.710 [raft-server-raft-partition-7] TRACE i.a.p.raft.roles.LeaderAppender - RaftServer{raft-partition-7} - Sending AppendRequest{term=1, leader=2, prevLogIndex=1, prevLogTerm=1, entries=0, commitIndex=1} to 1
21:52:23.710 [raft-server-raft-partition-5] TRACE i.a.p.raft.roles.FollowerRole - RaftServer{raft-partition-5}{role=FOLLOWER} - Sending AppendResponse{status=OK, term=1, succeeded=true, lastLogIndex=1}
21:52:23.710 [raft-server-raft-partition-5] TRACE i.a.p.raft.roles.FollowerRole - RaftServer{raft-partition-5}{role=FOLLOWER} - Received AppendRequest{term=1, leader=3, prevLogIndex=1, prevLogTerm=1, entries=0, commitIndex=1}
21:52:23.710 [raft-server-raft-partition-7] TRACE i.a.p.raft.roles.LeaderAppender - RaftServer{raft-partition-7} - Received AppendResponse{status=OK, term=1, succeeded=true, lastLogIndex=1} from 3
21:52:23.710 [raft-server-raft-partition-5] TRACE i.a.p.raft.roles.FollowerRole - RaftServer{raft-partition-5}{role=FOLLOWER} - Sending AppendResponse{status=OK, term=1, succeeded=true, lastLogIndex=1}
21:52:23.710 [raft-server-raft-partition-7] TRACE i.a.p.raft.roles.LeaderAppender - RaftServer{raft-partition-7} - Sending AppendRequest{term=1, leader=2, prevLogIndex=1, prevLogTerm=1, entries=0, commitIndex=1} to 3
21:52:23.710 [raft-server-raft-partition-5] TRACE i.a.p.raft.roles.LeaderAppender - RaftServer{raft-partition-5} - Received AppendResponse{status=OK, term=1, succeeded=true, lastLogIndex=1} from 2
21:52:23.710 [raft-server-raft-partition-7] TRACE i.a.p.raft.roles.FollowerRole - RaftServer{raft-partition-7}{role=FOLLOWER} - Received AppendRequest{term=1, leader=2, prevLogIndex=1, prevLogTerm=1, entries=0, commitIndex=1}
21:52:23.711 [raft-server-raft-partition-7] TRACE i.a.p.raft.roles.FollowerRole - RaftServer{raft-partition-7}{role=FOLLOWER} - Sending AppendResponse{status=OK, term=1, succeeded=true, lastLogIndex=1}
21:52:23.711 [raft-server-raft-partition-5] TRACE i.a.p.raft.roles.LeaderAppender - RaftServer{raft-partition-5} - Received AppendResponse{status=OK, term=1, succeeded=true, lastLogIndex=1} from 1
21:52:23.711 [raft-server-raft-partition-7] TRACE i.a.p.raft.roles.FollowerRole - RaftServer{raft-partition-7}{role=FOLLOWER} - Received AppendRequest{term=1, leader=2, prevLogIndex=1, prevLogTerm=1, entries=0, commitIndex=1}
21:52:23.711 [raft-server-raft-partition-7] TRACE i.a.p.raft.roles.FollowerRole - RaftServer{raft-partition-7}{role=FOLLOWER} - Sending AppendResponse{status=OK, term=1, succeeded=true, lastLogIndex=1}
21:52:23.711 [raft-server-raft-partition-7] TRACE i.a.p.raft.roles.LeaderAppender - RaftServer{raft-partition-7} - Received AppendResponse{status=OK, term=1, succeeded=true, lastLogIndex=1} from 1
21:52:23.711 [raft-server-raft-partition-7] TRACE i.a.p.raft.roles.LeaderAppender - RaftServer{raft-partition-7} - Received AppendResponse{status=OK, term=1, succeeded=true, lastLogIndex=1} from 3
21:52:23.743 [raft-server-raft-partition-4] TRACE i.a.p.raft.roles.LeaderAppender - RaftServer{raft-partition-4} - Sending AppendRequest{term=1, leader=1, prevLogIndex=1, prevLogTerm=1, entries=0, commitIndex=1} to 2
21:52:23.743 [raft-server-raft-partition-4] TRACE i.a.p.raft.roles.LeaderAppender - RaftServer{raft-partition-4} - Sending AppendRequest{term=1, leader=1, prevLogIndex=1, prevLogTerm=1, entries=0, commitIndex=1} to 3
21:52:23.743 [raft-server-raft-partition-4] TRACE i.a.p.raft.roles.FollowerRole - RaftServer{raft-partition-4}{role=FOLLOWER} - Received AppendRequest{term=1, leader=1, prevLogIndex=1, prevLogTerm=1, entries=0, commitIndex=1}
21:52:23.743 [raft-server-raft-partition-4] TRACE i.a.p.raft.roles.FollowerRole - RaftServer{raft-partition-4}{role=FOLLOWER} - Sending AppendResponse{status=OK, term=1, succeeded=true, lastLogIndex=1}
21:52:23.743 [raft-server-raft-partition-4] TRACE i.a.p.raft.roles.FollowerRole - RaftServer{raft-partition-4}{role=FOLLOWER} - Received AppendRequest{term=1, leader=1, prevLogIndex=1, prevLogTerm=1, entries=0, commitIndex=1}
21:52:23.743 [raft-server-raft-partition-4] TRACE i.a.p.raft.roles.FollowerRole - RaftServer{raft-partition-4}{role=FOLLOWER} - Sending AppendResponse{status=OK, term=1, succeeded=true, lastLogIndex=1}
21:52:23.744 [raft-server-raft-partition-4] TRACE i.a.p.raft.roles.LeaderAppender - RaftServer{raft-partition-4} - Received AppendResponse{status=OK, term=1, succeeded=true, lastLogIndex=1} from 3
21:52:23.744 [raft-server-raft-partition-4] TRACE i.a.p.raft.roles.LeaderAppender - RaftServer{raft-partition-4} - Sending AppendRequest{term=1, leader=1, prevLogIndex=1, prevLogTerm=1, entries=0, commitIndex=1} to 3
21:52:23.744 [raft-server-raft-partition-4] TRACE i.a.p.raft.roles.LeaderAppender - RaftServer{raft-partition-4} - Received AppendResponse{status=OK, term=1, succeeded=true, lastLogIndex=1} from 2
21:52:23.744 [raft-server-raft-partition-4] TRACE i.a.p.raft.roles.LeaderAppender - RaftServer{raft-partition-4} - Sending AppendRequest{term=1, leader=1, prevLogIndex=1, prevLogTerm=1, entries=0, commitIndex=1} to 2
21:52:23.744 [raft-server-raft-partition-4] TRACE i.a.p.raft.roles.FollowerRole - RaftServer{raft-partition-4}{role=FOLLOWER} - Received AppendRequest{term=1, leader=1, prevLogIndex=1, prevLogTerm=1, entries=0, commitIndex=1}
21:52:23.744 [raft-server-raft-partition-4] TRACE i.a.p.raft.roles.FollowerRole - RaftServer{raft-partition-4}{role=FOLLOWER} - Received AppendRequest{term=1, leader=1, prevLogIndex=1, prevLogTerm=1, entries=0, commitIndex=1}
21:52:23.744 [raft-server-raft-partition-4] TRACE i.a.p.raft.roles.FollowerRole - RaftServer{raft-partition-4}{role=FOLLOWER} - Sending AppendResponse{status=OK, term=1, succeeded=true, lastLogIndex=1}
21:52:23.744 [raft-server-raft-partition-4] TRACE i.a.p.raft.roles.FollowerRole - RaftServer{raft-partition-4}{role=FOLLOWER} - Sending AppendResponse{status=OK, term=1, succeeded=true, lastLogIndex=1}
21:52:23.744 [raft-server-raft-partition-4] TRACE i.a.p.raft.roles.LeaderAppender - RaftServer{raft-partition-4} - Received AppendResponse{status=OK, term=1, succeeded=true, lastLogIndex=1} from 3
21:52:23.744 [raft-server-raft-partition-4] TRACE i.a.p.raft.roles.LeaderAppender - RaftServer{raft-partition-4} - Received AppendResponse{status=OK, term=1, succeeded=true, lastLogIndex=1} from 2
21:52:23.817 [raft-server-raft-partition-2] TRACE i.a.p.raft.roles.LeaderAppender - RaftServer{raft-partition-2} - Sending AppendRequest{term=1, leader=1, prevLogIndex=1, prevLogTerm=1, entries=0, commitIndex=1} to 2
21:52:23.817 [raft-server-raft-partition-2] TRACE i.a.p.raft.roles.LeaderAppender - RaftServer{raft-partition-2} - Sending AppendRequest{term=1, leader=1, prevLogIndex=1, prevLogTerm=1, entries=0, commitIndex=1} to 3
21:52:23.818 [raft-server-raft-partition-2] TRACE i.a.p.raft.roles.FollowerRole - RaftServer{raft-partition-2}{role=FOLLOWER} - Received AppendRequest{term=1, leader=1, prevLogIndex=1, prevLogTerm=1, entries=0, commitIndex=1}
21:52:23.818 [raft-server-raft-partition-2] TRACE i.a.p.raft.roles.FollowerRole - RaftServer{raft-partition-2}{role=FOLLOWER} - Sending AppendResponse{status=OK, term=1, succeeded=true, lastLogIndex=1}
21:52:23.818 [raft-server-raft-partition-2] TRACE i.a.p.raft.roles.FollowerRole - RaftServer{raft-partition-2}{role=FOLLOWER} - Received AppendRequest{term=1, leader=1, prevLogIndex=1, prevLogTerm=1, entries=0, commitIndex=1}
21:52:23.818 [raft-server-raft-partition-2] TRACE i.a.p.raft.roles.FollowerRole - RaftServer{raft-partition-2}{role=FOLLOWER} - Sending AppendResponse{status=OK, term=1, succeeded=true, lastLogIndex=1}
21:52:23.818 [raft-server-raft-partition-2] TRACE i.a.p.raft.roles.LeaderAppender - RaftServer{raft-partition-2} - Received AppendResponse{status=OK, term=1, succeeded=true, lastLogIndex=1} from 2
21:52:23.818 [raft-server-raft-partition-2] TRACE i.a.p.raft.roles.LeaderAppender - RaftServer{raft-partition-2} - Sending AppendRequest{term=1, leader=1, prevLogIndex=1, prevLogTerm=1, entries=0, commitIndex=1} to 2
21:52:23.818 [raft-server-raft-partition-2] TRACE i.a.p.raft.roles.LeaderAppender - RaftServer{raft-partition-2} - Received AppendResponse{status=OK, term=1, succeeded=true, lastLogIndex=1} from 3
21:52:23.818 [raft-server-raft-partition-2] TRACE i.a.p.raft.roles.LeaderAppender - RaftServer{raft-partition-2} - Sending AppendRequest{term=1, leader=1, prevLogIndex=1, prevLogTerm=1, entries=0, commitIndex=1} to 3
21:52:23.818 [raft-server-raft-partition-2] TRACE i.a.p.raft.roles.FollowerRole - RaftServer{raft-partition-2}{role=FOLLOWER} - Received AppendRequest{term=1, leader=1, prevLogIndex=1, prevLogTerm=1, entries=0, commitIndex=1}
21:52:23.818 [raft-server-raft-partition-2] TRACE i.a.p.raft.roles.FollowerRole - RaftServer{raft-partition-2}{role=FOLLOWER} - Sending AppendResponse{status=OK, term=1, succeeded=true, lastLogIndex=1}
21:52:23.818 [raft-server-raft-partition-2] TRACE i.a.p.raft.roles.FollowerRole - RaftServer{raft-partition-2}{role=FOLLOWER} - Received AppendRequest{term=1, leader=1, prevLogIndex=1, prevLogTerm=1, entries=0, commitIndex=1}
21:52:23.818 [raft-server-raft-partition-2] TRACE i.a.p.raft.roles.FollowerRole - RaftServer{raft-partition-2}{role=FOLLOWER} - Sending AppendResponse{status=OK, term=1, succeeded=true, lastLogIndex=1}
21:52:23.819 [raft-server-raft-partition-2] TRACE i.a.p.raft.roles.LeaderAppender - RaftServer{raft-partition-2} - Received AppendResponse{status=OK, term=1, succeeded=true, lastLogIndex=1} from 2
21:52:23.819 [raft-server-raft-partition-2] TRACE i.a.p.raft.roles.LeaderAppender - RaftServer{raft-partition-2} - Received AppendResponse{status=OK, term=1, succeeded=true, lastLogIndex=1} from 3
21:52:23.826 [raft-server-raft-partition-6] TRACE i.a.p.raft.roles.LeaderAppender - RaftServer{raft-partition-6} - Sending AppendRequest{term=1, leader=1, prevLogIndex=1, prevLogTerm=1, entries=0, commitIndex=1} to 2
21:52:23.826 [raft-server-raft-partition-6] TRACE i.a.p.raft.roles.LeaderAppender - RaftServer{raft-partition-6} - Sending AppendRequest{term=1, leader=1, prevLogIndex=1, prevLogTerm=1, entries=0, commitIndex=1} to 3
21:52:23.826 [raft-server-raft-partition-6] TRACE i.a.p.raft.roles.FollowerRole - RaftServer{raft-partition-6}{role=FOLLOWER} - Received AppendRequest{term=1, leader=1, prevLogIndex=1, prevLogTerm=1, entries=0, commitIndex=1}
21:52:23.826 [raft-server-raft-partition-6] TRACE i.a.p.raft.roles.FollowerRole - RaftServer{raft-partition-6}{role=FOLLOWER} - Sending AppendResponse{status=OK, term=1, succeeded=true, lastLogIndex=1}
21:52:23.826 [raft-server-raft-partition-6] TRACE i.a.p.raft.roles.FollowerRole - RaftServer{raft-partition-6}{role=FOLLOWER} - Received AppendRequest{term=1, leader=1, prevLogIndex=1, prevLogTerm=1, entries=0, commitIndex=1}
21:52:23.826 [raft-server-raft-partition-6] TRACE i.a.p.raft.roles.FollowerRole - RaftServer{raft-partition-6}{role=FOLLOWER} - Sending AppendResponse{status=OK, term=1, succeeded=true, lastLogIndex=1}
21:52:23.826 [raft-server-raft-partition-6] TRACE i.a.p.raft.roles.LeaderAppender - RaftServer{raft-partition-6} - Received AppendResponse{status=OK, term=1, succeeded=true, lastLogIndex=1} from 2
21:52:23.826 [raft-server-raft-partition-6] TRACE i.a.p.raft.roles.LeaderAppender - RaftServer{raft-partition-6} - Sending AppendRequest{term=1, leader=1, prevLogIndex=1, prevLogTerm=1, entries=0, commitIndex=1} to 2
21:52:23.826 [raft-server-raft-partition-6] TRACE i.a.p.raft.roles.LeaderAppender - RaftServer{raft-partition-6} - Received AppendResponse{status=OK, term=1, succeeded=true, lastLogIndex=1} from 3
21:52:23.826 [raft-server-raft-partition-6] TRACE i.a.p.raft.roles.LeaderAppender - RaftServer{raft-partition-6} - Sending AppendRequest{term=1, leader=1, prevLogIndex=1, prevLogTerm=1, entries=0, commitIndex=1} to 3
21:52:23.827 [raft-server-raft-partition-6] TRACE i.a.p.raft.roles.FollowerRole - RaftServer{raft-partition-6}{role=FOLLOWER} - Received AppendRequest{term=1, leader=1, prevLogIndex=1, prevLogTerm=1, entries=0, commitIndex=1}
21:52:23.827 [raft-server-raft-partition-6] TRACE i.a.p.raft.roles.FollowerRole - RaftServer{raft-partition-6}{role=FOLLOWER} - Received AppendRequest{term=1, leader=1, prevLogIndex=1, prevLogTerm=1, entries=0, commitIndex=1}
21:52:23.827 [raft-server-raft-partition-6] TRACE i.a.p.raft.roles.FollowerRole - RaftServer{raft-partition-6}{role=FOLLOWER} - Sending AppendResponse{status=OK, term=1, succeeded=true, lastLogIndex=1}
21:52:23.827 [raft-server-raft-partition-6] TRACE i.a.p.raft.roles.FollowerRole - RaftServer{raft-partition-6}{role=FOLLOWER} - Sending AppendResponse{status=OK, term=1, succeeded=true, lastLogIndex=1}
21:52:23.827 [raft-server-raft-partition-6] TRACE i.a.p.raft.roles.LeaderAppender - RaftServer{raft-partition-6} - Received AppendResponse{status=OK, term=1, succeeded=true, lastLogIndex=1} from 2
21:52:23.827 [raft-server-raft-partition-6] TRACE i.a.p.raft.roles.LeaderAppender - RaftServer{raft-partition-6} - Sending AppendRequest{term=1, leader=1, prevLogIndex=1, prevLogTerm=1, entries=0, commitIndex=1} to 2
21:52:23.827 [raft-server-raft-partition-6] TRACE i.a.p.raft.roles.LeaderAppender - RaftServer{raft-partition-6} - Received AppendResponse{status=OK, term=1, succeeded=true, lastLogIndex=1} from 3
21:52:23.827 [raft-server-raft-partition-6] TRACE i.a.p.raft.roles.LeaderAppender - RaftServer{raft-partition-6} - Sending AppendRequest{term=1, leader=1, prevLogIndex=1, prevLogTerm=1, entries=0, commitIndex=1} to 3
21:52:23.827 [raft-server-raft-partition-6] TRACE i.a.p.raft.roles.FollowerRole - RaftServer{raft-partition-6}{role=FOLLOWER} - Received AppendRequest{term=1, leader=1, prevLogIndex=1, prevLogTerm=1, entries=0, commitIndex=1}
21:52:23.827 [raft-server-raft-partition-6] TRACE i.a.p.raft.roles.FollowerRole - RaftServer{raft-partition-6}{role=FOLLOWER} - Sending AppendResponse{status=OK, term=1, succeeded=true, lastLogIndex=1}
21:52:23.827 [raft-server-raft-partition-6] TRACE i.a.p.raft.roles.FollowerRole - RaftServer{raft-partition-6}{role=FOLLOWER} - Received AppendRequest{term=1, leader=1, prevLogIndex=1, prevLogTerm=1, entries=0, commitIndex=1}
21:52:23.827 [raft-server-raft-partition-6] TRACE i.a.p.raft.roles.FollowerRole - RaftServer{raft-partition-6}{role=FOLLOWER} - Sending AppendResponse{status=OK, term=1, succeeded=true, lastLogIndex=1}
21:52:23.827 [raft-server-raft-partition-6] TRACE i.a.p.raft.roles.LeaderAppender - RaftServer{raft-partition-6} - Received AppendResponse{status=OK, term=1, succeeded=true, lastLogIndex=1} from 2
21:52:23.827 [raft-server-raft-partition-6] TRACE i.a.p.raft.roles.LeaderAppender - RaftServer{raft-partition-6} - Received AppendResponse{status=OK, term=1, succeeded=true, lastLogIndex=1} from 3
21:52:23.875 [raft-server-raft-partition-3] TRACE i.a.p.raft.roles.LeaderAppender - RaftServer{raft-partition-3} - Sending AppendRequest{term=3, leader=1, prevLogIndex=1, prevLogTerm=2, entries=0, commitIndex=1} to 2
21:52:23.875 [raft-server-raft-partition-3] TRACE i.a.p.raft.roles.LeaderAppender - RaftServer{raft-partition-3} - Sending AppendRequest{term=3, leader=1, prevLogIndex=1, prevLogTerm=2, entries=0, commitIndex=1} to 3
21:52:23.875 [raft-server-raft-partition-3] TRACE i.a.p.raft.roles.FollowerRole - RaftServer{raft-partition-3}{role=FOLLOWER} - Received AppendRequest{term=3, leader=1, prevLogIndex=1, prevLogTerm=2, entries=0, commitIndex=1}
21:52:23.875 [raft-server-raft-partition-3] TRACE i.a.p.raft.roles.FollowerRole - RaftServer{raft-partition-3}{role=FOLLOWER} - Received AppendRequest{term=3, leader=1, prevLogIndex=1, prevLogTerm=2, entries=0, commitIndex=1}
21:52:23.875 [raft-server-raft-partition-3] TRACE i.a.p.raft.roles.FollowerRole - RaftServer{raft-partition-3}{role=FOLLOWER} - Sending AppendResponse{status=OK, term=3, succeeded=true, lastLogIndex=1}
21:52:23.875 [raft-server-raft-partition-3] TRACE i.a.p.raft.roles.FollowerRole - RaftServer{raft-partition-3}{role=FOLLOWER} - Sending AppendResponse{status=OK, term=3, succeeded=true, lastLogIndex=1}
21:52:23.875 [raft-server-raft-partition-3] TRACE i.a.p.raft.roles.LeaderAppender - RaftServer{raft-partition-3} - Received AppendResponse{status=OK, term=3, succeeded=true, lastLogIndex=1} from 2
21:52:23.875 [raft-server-raft-partition-3] TRACE i.a.p.raft.roles.LeaderAppender - RaftServer{raft-partition-3} - Sending AppendRequest{term=3, leader=1, prevLogIndex=1, prevLogTerm=2, entries=0, commitIndex=1} to 2
21:52:23.876 [raft-server-raft-partition-3] TRACE i.a.p.raft.roles.LeaderAppender - RaftServer{raft-partition-3} - Received AppendResponse{status=OK, term=3, succeeded=true, lastLogIndex=1} from 3
21:52:23.876 [raft-server-raft-partition-3] TRACE i.a.p.raft.roles.LeaderAppender - RaftServer{raft-partition-3} - Sending AppendRequest{term=3, leader=1, prevLogIndex=1, prevLogTerm=2, entries=0, commitIndex=1} to 3
21:52:23.876 [raft-server-raft-partition-3] TRACE i.a.p.raft.roles.FollowerRole - RaftServer{raft-partition-3}{role=FOLLOWER} - Received AppendRequest{term=3, leader=1, prevLogIndex=1, prevLogTerm=2, entries=0, commitIndex=1}
21:52:23.876 [raft-server-raft-partition-3] TRACE i.a.p.raft.roles.FollowerRole - RaftServer{raft-partition-3}{role=FOLLOWER} - Sending AppendResponse{status=OK, term=3, succeeded=true, lastLogIndex=1}
21:52:23.876 [raft-server-raft-partition-3] TRACE i.a.p.raft.roles.FollowerRole - RaftServer{raft-partition-3}{role=FOLLOWER} - Received AppendRequest{term=3, leader=1, prevLogIndex=1, prevLogTerm=2, entries=0, commitIndex=1}
21:52:23.876 [raft-server-raft-partition-3] TRACE i.a.p.raft.roles.FollowerRole - RaftServer{raft-partition-3}{role=FOLLOWER} - Sending AppendResponse{status=OK, term=3, succeeded=true, lastLogIndex=1}
21:52:23.876 [raft-server-raft-partition-3] TRACE i.a.p.raft.roles.LeaderAppender - RaftServer{raft-partition-3} - Received AppendResponse{status=OK, term=3, succeeded=true, lastLogIndex=1} from 2
21:52:23.876 [raft-server-raft-partition-3] TRACE i.a.p.raft.roles.LeaderAppender - RaftServer{raft-partition-3} - Sending AppendRequest{term=3, leader=1, prevLogIndex=1, prevLogTerm=2, entries=0, commitIndex=1} to 2
21:52:23.876 [raft-server-raft-partition-3] TRACE i.a.p.raft.roles.LeaderAppender - RaftServer{raft-partition-3} - Received AppendResponse{status=OK, term=3, succeeded=true, lastLogIndex=1} from 3
21:52:23.876 [raft-server-raft-partition-3] TRACE i.a.p.raft.roles.FollowerRole - RaftServer{raft-partition-3}{role=FOLLOWER} - Received AppendRequest{term=3, leader=1, prevLogIndex=1, prevLogTerm=2, entries=0, commitIndex=1}
21:52:23.876 [raft-server-raft-partition-3] TRACE i.a.p.raft.roles.FollowerRole - RaftServer{raft-partition-3}{role=FOLLOWER} - Sending AppendResponse{status=OK, term=3, succeeded=true, lastLogIndex=1}
21:52:23.876 [raft-server-raft-partition-3] TRACE i.a.p.raft.roles.LeaderAppender - RaftServer{raft-partition-3} - Received AppendResponse{status=OK, term=3, succeeded=true, lastLogIndex=1} from 2
21:52:23.884 [raft-server-raft-partition-1] TRACE i.a.p.raft.roles.LeaderAppender - RaftServer{raft-partition-1} - Sending AppendRequest{term=1, leader=2, prevLogIndex=1, prevLogTerm=1, entries=0, commitIndex=1} to 3
21:52:23.885 [raft-server-raft-partition-1] TRACE i.a.p.raft.roles.FollowerRole - RaftServer{raft-partition-1}{role=FOLLOWER} - Received AppendRequest{term=1, leader=2, prevLogIndex=1, prevLogTerm=1, entries=0, commitIndex=1}
21:52:23.885 [raft-server-raft-partition-1] TRACE i.a.p.raft.roles.FollowerRole - RaftServer{raft-partition-1}{role=FOLLOWER} - Sending AppendResponse{status=OK, term=1, succeeded=true, lastLogIndex=1}
21:52:23.885 [raft-server-raft-partition-1] TRACE i.a.p.raft.roles.LeaderAppender - RaftServer{raft-partition-1} - Received AppendResponse{status=OK, term=1, succeeded=true, lastLogIndex=1} from 3
21:52:23.885 [raft-server-raft-partition-1] TRACE i.a.p.raft.roles.LeaderAppender - RaftServer{raft-partition-1} - Sending AppendRequest{term=1, leader=2, prevLogIndex=1, prevLogTerm=1, entries=0, commitIndex=1} to 3
21:52:23.885 [raft-server-raft-partition-1] TRACE i.a.p.raft.roles.FollowerRole - RaftServer{raft-partition-1}{role=FOLLOWER} - Received AppendRequest{term=1, leader=2, prevLogIndex=1, prevLogTerm=1, entries=0, commitIndex=1}
21:52:23.886 [raft-server-raft-partition-1] TRACE i.a.p.raft.roles.FollowerRole - RaftServer{raft-partition-1}{role=FOLLOWER} - Sending AppendResponse{status=OK, term=1, succeeded=true, lastLogIndex=1}
21:52:23.886 [raft-server-raft-partition-1] TRACE i.a.p.raft.roles.LeaderAppender - RaftServer{raft-partition-1} - Received AppendResponse{status=OK, term=1, succeeded=true, lastLogIndex=1} from 3
21:52:23.917 [raft-server-system-partition-1] TRACE i.a.p.raft.roles.LeaderAppender - RaftServer{system-partition-1} - Sending AppendRequest{term=1, leader=1, prevLogIndex=16, prevLogTerm=1, entries=0, commitIndex=16} to 2
21:52:23.917 [raft-server-system-partition-1] TRACE i.a.p.raft.roles.LeaderAppender - RaftServer{system-partition-1} - Sending AppendRequest{term=1, leader=1, prevLogIndex=16, prevLogTerm=1, entries=0, commitIndex=16} to 3
21:52:23.917 [raft-server-system-partition-1] TRACE i.a.p.raft.roles.FollowerRole - RaftServer{system-partition-1}{role=FOLLOWER} - Received AppendRequest{term=1, leader=1, prevLogIndex=16, prevLogTerm=1, entries=0, commitIndex=16}
21:52:23.917 [raft-server-system-partition-1] TRACE i.a.p.raft.roles.FollowerRole - RaftServer{system-partition-1}{role=FOLLOWER} - Received AppendRequest{term=1, leader=1, prevLogIndex=16, prevLogTerm=1, entries=0, commitIndex=16}
21:52:23.917 [raft-server-system-partition-1] TRACE i.a.p.raft.roles.FollowerRole - RaftServer{system-partition-1}{role=FOLLOWER} - Sending AppendResponse{status=OK, term=1, succeeded=true, lastLogIndex=16}
21:52:23.918 [raft-server-system-partition-1] TRACE i.a.p.raft.roles.FollowerRole - RaftServer{system-partition-1}{role=FOLLOWER} - Sending AppendResponse{status=OK, term=1, succeeded=true, lastLogIndex=16}
21:52:23.918 [raft-server-system-partition-1] TRACE i.a.p.raft.roles.LeaderAppender - RaftServer{system-partition-1} - Received AppendResponse{status=OK, term=1, succeeded=true, lastLogIndex=16} from 3
21:52:23.918 [raft-server-system-partition-1] TRACE i.a.p.raft.roles.LeaderAppender - RaftServer{system-partition-1} - Sending AppendRequest{term=1, leader=1, prevLogIndex=16, prevLogTerm=1, entries=0, commitIndex=16} to 3
21:52:23.918 [raft-server-system-partition-1] TRACE i.a.p.raft.roles.LeaderAppender - RaftServer{system-partition-1} - Received AppendResponse{status=OK, term=1, succeeded=true, lastLogIndex=16} from 2
21:52:23.918 [raft-server-system-partition-1] TRACE i.a.p.raft.roles.LeaderAppender - RaftServer{system-partition-1} - Sending AppendRequest{term=1, leader=1, prevLogIndex=16, prevLogTerm=1, entries=0, commitIndex=16} to 2
21:52:23.918 [raft-server-system-partition-1] TRACE i.a.p.raft.roles.FollowerRole - RaftServer{system-partition-1}{role=FOLLOWER} - Received AppendRequest{term=1, leader=1, prevLogIndex=16, prevLogTerm=1, entries=0, commitIndex=16}
21:52:23.918 [raft-server-system-partition-1] TRACE i.a.p.raft.roles.FollowerRole - RaftServer{system-partition-1}{role=FOLLOWER} - Received AppendRequest{term=1, leader=1, prevLogIndex=16, prevLogTerm=1, entries=0, commitIndex=16}
21:52:23.918 [raft-server-system-partition-1] TRACE i.a.p.raft.roles.FollowerRole - RaftServer{system-partition-1}{role=FOLLOWER} - Sending AppendResponse{status=OK, term=1, succeeded=true, lastLogIndex=16}
21:52:23.918 [raft-server-system-partition-1] TRACE i.a.p.raft.roles.FollowerRole - RaftServer{system-partition-1}{role=FOLLOWER} - Sending AppendResponse{status=OK, term=1, succeeded=true, lastLogIndex=16}
21:52:23.919 [raft-server-system-partition-1] TRACE i.a.p.raft.roles.LeaderAppender - RaftServer{system-partition-1} - Received AppendResponse{status=OK, term=1, succeeded=true, lastLogIndex=16} from 2
21:52:23.919 [raft-server-system-partition-1] TRACE i.a.p.raft.roles.LeaderAppender - RaftServer{system-partition-1} - Received AppendResponse{status=OK, term=1, succeeded=true, lastLogIndex=16} from 3
21:52:23.959 [raft-server-raft-partition-5] TRACE i.a.p.raft.roles.LeaderAppender - RaftServer{raft-partition-5} - Sending AppendRequest{term=1, leader=3, prevLogIndex=1, prevLogTerm=1, entries=0, commitIndex=1} to 1
21:52:23.959 [raft-server-raft-partition-5] TRACE i.a.p.raft.roles.LeaderAppender - RaftServer{raft-partition-5} - Sending AppendRequest{term=1, leader=3, prevLogIndex=1, prevLogTerm=1, entries=0, commitIndex=1} to 2
21:52:23.959 [raft-server-raft-partition-7] TRACE i.a.p.raft.roles.LeaderAppender - RaftServer{raft-partition-7} - Sending AppendRequest{term=1, leader=2, prevLogIndex=1, prevLogTerm=1, entries=0, commitIndex=1} to 1
21:52:23.959 [raft-server-raft-partition-5] TRACE i.a.p.raft.roles.FollowerRole - RaftServer{raft-partition-5}{role=FOLLOWER} - Received AppendRequest{term=1, leader=3, prevLogIndex=1, prevLogTerm=1, entries=0, commitIndex=1}
21:52:23.959 [raft-server-raft-partition-5] TRACE i.a.p.raft.roles.FollowerRole - RaftServer{raft-partition-5}{role=FOLLOWER} - Received AppendRequest{term=1, leader=3, prevLogIndex=1, prevLogTerm=1, entries=0, commitIndex=1}
21:52:23.959 [raft-server-raft-partition-7] TRACE i.a.p.raft.roles.LeaderAppender - RaftServer{raft-partition-7} - Sending AppendRequest{term=1, leader=2, prevLogIndex=1, prevLogTerm=1, entries=0, commitIndex=1} to 3
21:52:23.959 [raft-server-raft-partition-5] TRACE i.a.p.raft.roles.FollowerRole - RaftServer{raft-partition-5}{role=FOLLOWER} - Sending AppendResponse{status=OK, term=1, succeeded=true, lastLogIndex=1}
21:52:23.959 [raft-server-raft-partition-5] TRACE i.a.p.raft.roles.FollowerRole - RaftServer{raft-partition-5}{role=FOLLOWER} - Sending AppendResponse{status=OK, term=1, succeeded=true, lastLogIndex=1}
21:52:23.959 [raft-server-raft-partition-7] TRACE i.a.p.raft.roles.FollowerRole - RaftServer{raft-partition-7}{role=FOLLOWER} - Received AppendRequest{term=1, leader=2, prevLogIndex=1, prevLogTerm=1, entries=0, commitIndex=1}
21:52:23.959 [raft-server-raft-partition-7] TRACE i.a.p.raft.roles.FollowerRole - RaftServer{raft-partition-7}{role=FOLLOWER} - Received AppendRequest{term=1, leader=2, prevLogIndex=1, prevLogTerm=1, entries=0, commitIndex=1}
21:52:23.959 [raft-server-raft-partition-5] TRACE i.a.p.raft.roles.LeaderAppender - RaftServer{raft-partition-5} - Received AppendResponse{status=OK, term=1, succeeded=true, lastLogIndex=1} from 2
21:52:23.960 [raft-server-raft-partition-7] TRACE i.a.p.raft.roles.FollowerRole - RaftServer{raft-partition-7}{role=FOLLOWER} - Sending AppendResponse{status=OK, term=1, succeeded=true, lastLogIndex=1}
21:52:23.960 [raft-server-raft-partition-7] TRACE i.a.p.raft.roles.FollowerRole - RaftServer{raft-partition-7}{role=FOLLOWER} - Sending AppendResponse{status=OK, term=1, succeeded=true, lastLogIndex=1}
21:52:23.960 [raft-server-raft-partition-5] TRACE i.a.p.raft.roles.LeaderAppender - RaftServer{raft-partition-5} - Sending AppendRequest{term=1, leader=3, prevLogIndex=1, prevLogTerm=1, entries=0, commitIndex=1} to 2
21:52:23.960 [raft-server-raft-partition-5] TRACE i.a.p.raft.roles.LeaderAppender - RaftServer{raft-partition-5} - Received AppendResponse{status=OK, term=1, succeeded=true, lastLogIndex=1} from 1
21:52:23.960 [raft-server-raft-partition-7] TRACE i.a.p.raft.roles.LeaderAppender - RaftServer{raft-partition-7} - Received AppendResponse{status=OK, term=1, succeeded=true, lastLogIndex=1} from 1
21:52:23.960 [raft-server-raft-partition-5] TRACE i.a.p.raft.roles.LeaderAppender - RaftServer{raft-partition-5} - Sending AppendRequest{term=1, leader=3, prevLogIndex=1, prevLogTerm=1, entries=0, commitIndex=1} to 1
21:52:23.960 [raft-server-raft-partition-7] TRACE i.a.p.raft.roles.LeaderAppender - RaftServer{raft-partition-7} - Sending AppendRequest{term=1, leader=2, prevLogIndex=1, prevLogTerm=1, entries=0, commitIndex=1} to 1
21:52:23.960 [raft-server-raft-partition-5] TRACE i.a.p.raft.roles.FollowerRole - RaftServer{raft-partition-5}{role=FOLLOWER} - Received AppendRequest{term=1, leader=3, prevLogIndex=1, prevLogTerm=1, entries=0, commitIndex=1}
21:52:23.960 [raft-server-raft-partition-7] TRACE i.a.p.raft.roles.LeaderAppender - RaftServer{raft-partition-7} - Received AppendResponse{status=OK, term=1, succeeded=true, lastLogIndex=1} from 3
21:52:23.960 [raft-server-raft-partition-5] TRACE i.a.p.raft.roles.FollowerRole - RaftServer{raft-partition-5}{role=FOLLOWER} - Sending AppendResponse{status=OK, term=1, succeeded=true, lastLogIndex=1}
21:52:23.960 [raft-server-raft-partition-7] TRACE i.a.p.raft.roles.LeaderAppender - RaftServer{raft-partition-7} - Sending AppendRequest{term=1, leader=2, prevLogIndex=1, prevLogTerm=1, entries=0, commitIndex=1} to 3
21:52:23.960 [raft-server-raft-partition-5] TRACE i.a.p.raft.roles.FollowerRole - RaftServer{raft-partition-5}{role=FOLLOWER} - Received AppendRequest{term=1, leader=3, prevLogIndex=1, prevLogTerm=1, entries=0, commitIndex=1}
21:52:23.960 [raft-server-raft-partition-7] TRACE i.a.p.raft.roles.FollowerRole - RaftServer{raft-partition-7}{role=FOLLOWER} - Received AppendRequest{term=1, leader=2, prevLogIndex=1, prevLogTerm=1, entries=0, commitIndex=1}
21:52:23.960 [raft-server-raft-partition-5] TRACE i.a.p.raft.roles.FollowerRole - RaftServer{raft-partition-5}{role=FOLLOWER} - Sending AppendResponse{status=OK, term=1, succeeded=true, lastLogIndex=1}
21:52:23.960 [raft-server-raft-partition-7] TRACE i.a.p.raft.roles.FollowerRole - RaftServer{raft-partition-7}{role=FOLLOWER} - Sending AppendResponse{status=OK, term=1, succeeded=true, lastLogIndex=1}
21:52:23.960 [raft-server-raft-partition-5] TRACE i.a.p.raft.roles.LeaderAppender - RaftServer{raft-partition-5} - Received AppendResponse{status=OK, term=1, succeeded=true, lastLogIndex=1} from 2
21:52:23.960 [raft-server-raft-partition-7] TRACE i.a.p.raft.roles.FollowerRole - RaftServer{raft-partition-7}{role=FOLLOWER} - Received AppendRequest{term=1, leader=2, prevLogIndex=1, prevLogTerm=1, entries=0, commitIndex=1}
21:52:23.961 [raft-server-raft-partition-5] TRACE i.a.p.raft.roles.LeaderAppender - RaftServer{raft-partition-5} - Received AppendResponse{status=OK, term=1, succeeded=true, lastLogIndex=1} from 1
21:52:23.961 [raft-server-raft-partition-7] TRACE i.a.p.raft.roles.LeaderAppender - RaftServer{raft-partition-7} - Received AppendResponse{status=OK, term=1, succeeded=true, lastLogIndex=1} from 1
21:52:23.961 [raft-server-raft-partition-7] TRACE i.a.p.raft.roles.FollowerRole - RaftServer{raft-partition-7}{role=FOLLOWER} - Sending AppendResponse{status=OK, term=1, succeeded=true, lastLogIndex=1}
21:52:23.961 [raft-server-raft-partition-7] TRACE i.a.p.raft.roles.LeaderAppender - RaftServer{raft-partition-7} - Received AppendResponse{status=OK, term=1, succeeded=true, lastLogIndex=1} from 3
21:52:23.993 [raft-server-raft-partition-4] TRACE i.a.p.raft.roles.LeaderAppender - RaftServer{raft-partition-4} - Sending AppendRequest{term=1, leader=1, prevLogIndex=1, prevLogTerm=1, entries=0, commitIndex=1} to 2
21:52:23.993 [raft-server-raft-partition-4] TRACE i.a.p.raft.roles.LeaderAppender - RaftServer{raft-partition-4} - Sending AppendRequest{term=1, leader=1, prevLogIndex=1, prevLogTerm=1, entries=0, commitIndex=1} to 3
21:52:23.993 [raft-server-raft-partition-4] TRACE i.a.p.raft.roles.FollowerRole - RaftServer{raft-partition-4}{role=FOLLOWER} - Received AppendRequest{term=1, leader=1, prevLogIndex=1, prevLogTerm=1, entries=0, commitIndex=1}
21:52:23.993 [raft-server-raft-partition-4] TRACE i.a.p.raft.roles.FollowerRole - RaftServer{raft-partition-4}{role=FOLLOWER} - Received AppendRequest{term=1, leader=1, prevLogIndex=1, prevLogTerm=1, entries=0, commitIndex=1}
21:52:23.993 [raft-server-raft-partition-4] TRACE i.a.p.raft.roles.FollowerRole - RaftServer{raft-partition-4}{role=FOLLOWER} - Sending AppendResponse{status=OK, term=1, succeeded=true, lastLogIndex=1}
21:52:23.993 [raft-server-raft-partition-4] TRACE i.a.p.raft.roles.FollowerRole - RaftServer{raft-partition-4}{role=FOLLOWER} - Sending AppendResponse{status=OK, term=1, succeeded=true, lastLogIndex=1}
21:52:23.994 [raft-server-raft-partition-4] TRACE i.a.p.raft.roles.LeaderAppender - RaftServer{raft-partition-4} - Received AppendResponse{status=OK, term=1, succeeded=true, lastLogIndex=1} from 3
21:52:23.994 [raft-server-raft-partition-4] TRACE i.a.p.raft.roles.LeaderAppender - RaftServer{raft-partition-4} - Sending AppendRequest{term=1, leader=1, prevLogIndex=1, prevLogTerm=1, entries=0, commitIndex=1} to 3
21:52:23.994 [raft-server-raft-partition-4] TRACE i.a.p.raft.roles.LeaderAppender - RaftServer{raft-partition-4} - Received AppendResponse{status=OK, term=1, succeeded=true, lastLogIndex=1} from 2
21:52:23.994 [raft-server-raft-partition-4] TRACE i.a.p.raft.roles.LeaderAppender - RaftServer{raft-partition-4} - Sending AppendRequest{term=1, leader=1, prevLogIndex=1, prevLogTerm=1, entries=0, commitIndex=1} to 2
21:52:23.994 [raft-server-raft-partition-4] TRACE i.a.p.raft.roles.FollowerRole - RaftServer{raft-partition-4}{role=FOLLOWER} - Received AppendRequest{term=1, leader=1, prevLogIndex=1, prevLogTerm=1, entries=0, commitIndex=1}
21:52:23.994 [raft-server-raft-partition-4] TRACE i.a.p.raft.roles.FollowerRole - RaftServer{raft-partition-4}{role=FOLLOWER} - Sending AppendResponse{status=OK, term=1, succeeded=true, lastLogIndex=1}
21:52:23.994 [raft-server-raft-partition-4] TRACE i.a.p.raft.roles.FollowerRole - RaftServer{raft-partition-4}{role=FOLLOWER} - Received AppendRequest{term=1, leader=1, prevLogIndex=1, prevLogTerm=1, entries=0, commitIndex=1}
21:52:23.994 [raft-server-raft-partition-4] TRACE i.a.p.raft.roles.FollowerRole - RaftServer{raft-partition-4}{role=FOLLOWER} - Sending AppendResponse{status=OK, term=1, succeeded=true, lastLogIndex=1}
21:52:23.994 [raft-server-raft-partition-4] TRACE i.a.p.raft.roles.LeaderAppender - RaftServer{raft-partition-4} - Received AppendResponse{status=OK, term=1, succeeded=true, lastLogIndex=1} from 3
21:52:23.994 [raft-server-raft-partition-4] TRACE i.a.p.raft.roles.LeaderAppender - RaftServer{raft-partition-4} - Received AppendResponse{status=OK, term=1, succeeded=true, lastLogIndex=1} from 2
21:52:24.067 [raft-server-raft-partition-2] TRACE i.a.p.raft.roles.LeaderAppender - RaftServer{raft-partition-2} - Sending AppendRequest{term=1, leader=1, prevLogIndex=1, prevLogTerm=1, entries=0, commitIndex=1} to 2
21:52:24.068 [raft-server-raft-partition-2] TRACE i.a.p.raft.roles.LeaderAppender - RaftServer{raft-partition-2} - Sending AppendRequest{term=1, leader=1, prevLogIndex=1, prevLogTerm=1, entries=0, commitIndex=1} to 3
21:52:24.068 [raft-server-raft-partition-2] TRACE i.a.p.raft.roles.FollowerRole - RaftServer{raft-partition-2}{role=FOLLOWER} - Received AppendRequest{term=1, leader=1, prevLogIndex=1, prevLogTerm=1, entries=0, commitIndex=1}
21:52:24.068 [raft-server-raft-partition-2] TRACE i.a.p.raft.roles.FollowerRole - RaftServer{raft-partition-2}{role=FOLLOWER} - Received AppendRequest{term=1, leader=1, prevLogIndex=1, prevLogTerm=1, entries=0, commitIndex=1}
21:52:24.068 [raft-server-raft-partition-2] TRACE i.a.p.raft.roles.FollowerRole - RaftServer{raft-partition-2}{role=FOLLOWER} - Sending AppendResponse{status=OK, term=1, succeeded=true, lastLogIndex=1}
21:52:24.068 [raft-server-raft-partition-2] TRACE i.a.p.raft.roles.FollowerRole - RaftServer{raft-partition-2}{role=FOLLOWER} - Sending AppendResponse{status=OK, term=1, succeeded=true, lastLogIndex=1}
21:52:24.068 [raft-server-raft-partition-2] TRACE i.a.p.raft.roles.LeaderAppender - RaftServer{raft-partition-2} - Received AppendResponse{status=OK, term=1, succeeded=true, lastLogIndex=1} from 3
21:52:24.068 [raft-server-raft-partition-2] TRACE i.a.p.raft.roles.LeaderAppender - RaftServer{raft-partition-2} - Received AppendResponse{status=OK, term=1, succeeded=true, lastLogIndex=1} from 2
21:52:24.076 [raft-server-raft-partition-6] TRACE i.a.p.raft.roles.LeaderAppender - RaftServer{raft-partition-6} - Sending AppendRequest{term=1, leader=1, prevLogIndex=1, prevLogTerm=1, entries=0, commitIndex=1} to 2
21:52:24.076 [raft-server-raft-partition-6] TRACE i.a.p.raft.roles.LeaderAppender - RaftServer{raft-partition-6} - Sending AppendRequest{term=1, leader=1, prevLogIndex=1, prevLogTerm=1, entries=0, commitIndex=1} to 3
21:52:24.076 [raft-server-raft-partition-6] TRACE i.a.p.raft.roles.FollowerRole - RaftServer{raft-partition-6}{role=FOLLOWER} - Received AppendRequest{term=1, leader=1, prevLogIndex=1, prevLogTerm=1, entries=0, commitIndex=1}
21:52:24.076 [raft-server-raft-partition-6] TRACE i.a.p.raft.roles.FollowerRole - RaftServer{raft-partition-6}{role=FOLLOWER} - Sending AppendResponse{status=OK, term=1, succeeded=true, lastLogIndex=1}
21:52:24.076 [raft-server-raft-partition-6] TRACE i.a.p.raft.roles.FollowerRole - RaftServer{raft-partition-6}{role=FOLLOWER} - Received AppendRequest{term=1, leader=1, prevLogIndex=1, prevLogTerm=1, entries=0, commitIndex=1}
21:52:24.076 [raft-server-raft-partition-6] TRACE i.a.p.raft.roles.FollowerRole - RaftServer{raft-partition-6}{role=FOLLOWER} - Sending AppendResponse{status=OK, term=1, succeeded=true, lastLogIndex=1}
21:52:24.076 [raft-server-raft-partition-6] TRACE i.a.p.raft.roles.LeaderAppender - RaftServer{raft-partition-6} - Received AppendResponse{status=OK, term=1, succeeded=true, lastLogIndex=1} from 2
21:52:24.076 [raft-server-raft-partition-6] TRACE i.a.p.raft.roles.LeaderAppender - RaftServer{raft-partition-6} - Sending AppendRequest{term=1, leader=1, prevLogIndex=1, prevLogTerm=1, entries=0, commitIndex=1} to 2
21:52:24.076 [raft-server-raft-partition-6] TRACE i.a.p.raft.roles.LeaderAppender - RaftServer{raft-partition-6} - Received AppendResponse{status=OK, term=1, succeeded=true, lastLogIndex=1} from 3
21:52:24.076 [raft-server-raft-partition-6] TRACE i.a.p.raft.roles.LeaderAppender - RaftServer{raft-partition-6} - Sending AppendRequest{term=1, leader=1, prevLogIndex=1, prevLogTerm=1, entries=0, commitIndex=1} to 3
21:52:24.077 [raft-server-raft-partition-6] TRACE i.a.p.raft.roles.FollowerRole - RaftServer{raft-partition-6}{role=FOLLOWER} - Received AppendRequest{term=1, leader=1, prevLogIndex=1, prevLogTerm=1, entries=0, commitIndex=1}
21:52:24.077 [raft-server-raft-partition-6] TRACE i.a.p.raft.roles.FollowerRole - RaftServer{raft-partition-6}{role=FOLLOWER} - Sending AppendResponse{status=OK, term=1, succeeded=true, lastLogIndex=1}
21:52:24.077 [raft-server-raft-partition-6] TRACE i.a.p.raft.roles.FollowerRole - RaftServer{raft-partition-6}{role=FOLLOWER} - Received AppendRequest{term=1, leader=1, prevLogIndex=1, prevLogTerm=1, entries=0, commitIndex=1}
21:52:24.077 [raft-server-raft-partition-6] TRACE i.a.p.raft.roles.FollowerRole - RaftServer{raft-partition-6}{role=FOLLOWER} - Sending AppendResponse{status=OK, term=1, succeeded=true, lastLogIndex=1}
21:52:24.077 [raft-server-raft-partition-6] TRACE i.a.p.raft.roles.LeaderAppender - RaftServer{raft-partition-6} - Received AppendResponse{status=OK, term=1, succeeded=true, lastLogIndex=1} from 2
21:52:24.077 [raft-server-raft-partition-6] TRACE i.a.p.raft.roles.LeaderAppender - RaftServer{raft-partition-6} - Sending AppendRequest{term=1, leader=1, prevLogIndex=1, prevLogTerm=1, entries=0, commitIndex=1} to 2
21:52:24.077 [raft-server-raft-partition-6] TRACE i.a.p.raft.roles.LeaderAppender - RaftServer{raft-partition-6} - Received AppendResponse{status=OK, term=1, succeeded=true, lastLogIndex=1} from 3
21:52:24.077 [raft-server-raft-partition-6] TRACE i.a.p.raft.roles.LeaderAppender - RaftServer{raft-partition-6} - Sending AppendRequest{term=1, leader=1, prevLogIndex=1, prevLogTerm=1, entries=0, commitIndex=1} to 3
21:52:24.077 [raft-server-raft-partition-6] TRACE i.a.p.raft.roles.FollowerRole - RaftServer{raft-partition-6}{role=FOLLOWER} - Received AppendRequest{term=1, leader=1, prevLogIndex=1, prevLogTerm=1, entries=0, commitIndex=1}
21:52:24.077 [raft-server-raft-partition-6] TRACE i.a.p.raft.roles.FollowerRole - RaftServer{raft-partition-6}{role=FOLLOWER} - Sending AppendResponse{status=OK, term=1, succeeded=true, lastLogIndex=1}
21:52:24.077 [raft-server-raft-partition-6] TRACE i.a.p.raft.roles.FollowerRole - RaftServer{raft-partition-6}{role=FOLLOWER} - Received AppendRequest{term=1, leader=1, prevLogIndex=1, prevLogTerm=1, entries=0, commitIndex=1}
21:52:24.077 [raft-server-raft-partition-6] TRACE i.a.p.raft.roles.FollowerRole - RaftServer{raft-partition-6}{role=FOLLOWER} - Sending AppendResponse{status=OK, term=1, succeeded=true, lastLogIndex=1}
21:52:24.077 [raft-server-raft-partition-6] TRACE i.a.p.raft.roles.LeaderAppender - RaftServer{raft-partition-6} - Received AppendResponse{status=OK, term=1, succeeded=true, lastLogIndex=1} from 2
21:52:24.078 [raft-server-raft-partition-6] TRACE i.a.p.raft.roles.LeaderAppender - RaftServer{raft-partition-6} - Received AppendResponse{status=OK, term=1, succeeded=true, lastLogIndex=1} from 3
21:52:24.125 [raft-server-raft-partition-3] TRACE i.a.p.raft.roles.LeaderAppender - RaftServer{raft-partition-3} - Sending AppendRequest{term=3, leader=1, prevLogIndex=1, prevLogTerm=2, entries=0, commitIndex=1} to 2
21:52:24.125 [raft-server-raft-partition-3] TRACE i.a.p.raft.roles.LeaderAppender - RaftServer{raft-partition-3} - Sending AppendRequest{term=3, leader=1, prevLogIndex=1, prevLogTerm=2, entries=0, commitIndex=1} to 3
21:52:24.125 [raft-server-raft-partition-3] TRACE i.a.p.raft.roles.FollowerRole - RaftServer{raft-partition-3}{role=FOLLOWER} - Received AppendRequest{term=3, leader=1, prevLogIndex=1, prevLogTerm=2, entries=0, commitIndex=1}
21:52:24.125 [raft-server-raft-partition-3] TRACE i.a.p.raft.roles.FollowerRole - RaftServer{raft-partition-3}{role=FOLLOWER} - Received AppendRequest{term=3, leader=1, prevLogIndex=1, prevLogTerm=2, entries=0, commitIndex=1}
21:52:24.125 [raft-server-raft-partition-3] TRACE i.a.p.raft.roles.FollowerRole - RaftServer{raft-partition-3}{role=FOLLOWER} - Sending AppendResponse{status=OK, term=3, succeeded=true, lastLogIndex=1}
21:52:24.125 [raft-server-raft-partition-3] TRACE i.a.p.raft.roles.FollowerRole - RaftServer{raft-partition-3}{role=FOLLOWER} - Sending AppendResponse{status=OK, term=3, succeeded=true, lastLogIndex=1}
21:52:24.125 [raft-server-raft-partition-3] TRACE i.a.p.raft.roles.LeaderAppender - RaftServer{raft-partition-3} - Received AppendResponse{status=OK, term=3, succeeded=true, lastLogIndex=1} from 3
21:52:24.125 [raft-server-raft-partition-3] TRACE i.a.p.raft.roles.LeaderAppender - RaftServer{raft-partition-3} - Sending AppendRequest{term=3, leader=1, prevLogIndex=1, prevLogTerm=2, entries=0, commitIndex=1} to 3
21:52:24.125 [raft-server-raft-partition-3] TRACE i.a.p.raft.roles.LeaderAppender - RaftServer{raft-partition-3} - Received AppendResponse{status=OK, term=3, succeeded=true, lastLogIndex=1} from 2
21:52:24.126 [raft-server-raft-partition-3] TRACE i.a.p.raft.roles.LeaderAppender - RaftServer{raft-partition-3} - Sending AppendRequest{term=3, leader=1, prevLogIndex=1, prevLogTerm=2, entries=0, commitIndex=1} to 2
21:52:24.126 [raft-server-raft-partition-3] TRACE i.a.p.raft.roles.FollowerRole - RaftServer{raft-partition-3}{role=FOLLOWER} - Received AppendRequest{term=3, leader=1, prevLogIndex=1, prevLogTerm=2, entries=0, commitIndex=1}
21:52:24.126 [raft-server-raft-partition-3] TRACE i.a.p.raft.roles.FollowerRole - RaftServer{raft-partition-3}{role=FOLLOWER} - Sending AppendResponse{status=OK, term=3, succeeded=true, lastLogIndex=1}
21:52:24.126 [raft-server-raft-partition-3] TRACE i.a.p.raft.roles.FollowerRole - RaftServer{raft-partition-3}{role=FOLLOWER} - Received AppendRequest{term=3, leader=1, prevLogIndex=1, prevLogTerm=2, entries=0, commitIndex=1}
21:52:24.126 [raft-server-raft-partition-3] TRACE i.a.p.raft.roles.FollowerRole - RaftServer{raft-partition-3}{role=FOLLOWER} - Sending AppendResponse{status=OK, term=3, succeeded=true, lastLogIndex=1}
21:52:24.126 [raft-server-raft-partition-3] TRACE i.a.p.raft.roles.LeaderAppender - RaftServer{raft-partition-3} - Received AppendResponse{status=OK, term=3, succeeded=true, lastLogIndex=1} from 3
21:52:24.126 [raft-server-raft-partition-3] TRACE i.a.p.raft.roles.LeaderAppender - RaftServer{raft-partition-3} - Sending AppendRequest{term=3, leader=1, prevLogIndex=1, prevLogTerm=2, entries=0, commitIndex=1} to 3
21:52:24.126 [raft-server-raft-partition-3] TRACE i.a.p.raft.roles.LeaderAppender - RaftServer{raft-partition-3} - Received AppendResponse{status=OK, term=3, succeeded=true, lastLogIndex=1} from 2
21:52:24.126 [raft-server-raft-partition-3] TRACE i.a.p.raft.roles.FollowerRole - RaftServer{raft-partition-3}{role=FOLLOWER} - Received AppendRequest{term=3, leader=1, prevLogIndex=1, prevLogTerm=2, entries=0, commitIndex=1}
21:52:24.126 [raft-server-raft-partition-3] TRACE i.a.p.raft.roles.FollowerRole - RaftServer{raft-partition-3}{role=FOLLOWER} - Sending AppendResponse{status=OK, term=3, succeeded=true, lastLogIndex=1}
21:52:24.126 [raft-server-raft-partition-3] TRACE i.a.p.raft.roles.LeaderAppender - RaftServer{raft-partition-3} - Received AppendResponse{status=OK, term=3, succeeded=true, lastLogIndex=1} from 3
21:52:24.134 [raft-server-raft-partition-1] TRACE i.a.p.raft.roles.LeaderAppender - RaftServer{raft-partition-1} - Sending AppendRequest{term=1, leader=2, prevLogIndex=1, prevLogTerm=1, entries=0, commitIndex=1} to 3
21:52:24.135 [raft-server-raft-partition-1] TRACE i.a.p.raft.roles.FollowerRole - RaftServer{raft-partition-1}{role=FOLLOWER} - Received AppendRequest{term=1, leader=2, prevLogIndex=1, prevLogTerm=1, entries=0, commitIndex=1}
21:52:24.135 [raft-server-raft-partition-1] TRACE i.a.p.raft.roles.FollowerRole - RaftServer{raft-partition-1}{role=FOLLOWER} - Sending AppendResponse{status=OK, term=1, succeeded=true, lastLogIndex=1}
21:52:24.135 [raft-server-raft-partition-1] TRACE i.a.p.raft.roles.LeaderAppender - RaftServer{raft-partition-1} - Received AppendResponse{status=OK, term=1, succeeded=true, lastLogIndex=1} from 3
21:52:24.135 [raft-server-raft-partition-1] TRACE i.a.p.raft.roles.LeaderAppender - RaftServer{raft-partition-1} - Sending AppendRequest{term=1, leader=2, prevLogIndex=1, prevLogTerm=1, entries=0, commitIndex=1} to 3
21:52:24.135 [raft-server-raft-partition-1] TRACE i.a.p.raft.roles.FollowerRole - RaftServer{raft-partition-1}{role=FOLLOWER} - Received AppendRequest{term=1, leader=2, prevLogIndex=1, prevLogTerm=1, entries=0, commitIndex=1}
21:52:24.135 [raft-server-raft-partition-1] TRACE i.a.p.raft.roles.FollowerRole - RaftServer{raft-partition-1}{role=FOLLOWER} - Sending AppendResponse{status=OK, term=1, succeeded=true, lastLogIndex=1}
21:52:24.136 [raft-server-raft-partition-1] TRACE i.a.p.raft.roles.LeaderAppender - RaftServer{raft-partition-1} - Received AppendResponse{status=OK, term=1, succeeded=true, lastLogIndex=1} from 3
21:52:24.167 [raft-server-system-partition-1] TRACE i.a.p.raft.roles.LeaderAppender - RaftServer{system-partition-1} - Sending AppendRequest{term=1, leader=1, prevLogIndex=16, prevLogTerm=1, entries=0, commitIndex=16} to 2
21:52:24.167 [raft-server-system-partition-1] TRACE i.a.p.raft.roles.LeaderAppender - RaftServer{system-partition-1} - Sending AppendRequest{term=1, leader=1, prevLogIndex=16, prevLogTerm=1, entries=0, commitIndex=16} to 3
21:52:24.167 [raft-server-system-partition-1] TRACE i.a.p.raft.roles.FollowerRole - RaftServer{system-partition-1}{role=FOLLOWER} - Received AppendRequest{term=1, leader=1, prevLogIndex=16, prevLogTerm=1, entries=0, commitIndex=16}
21:52:24.167 [raft-server-system-partition-1] TRACE i.a.p.raft.roles.FollowerRole - RaftServer{system-partition-1}{role=FOLLOWER} - Received AppendRequest{term=1, leader=1, prevLogIndex=16, prevLogTerm=1, entries=0, commitIndex=16}
21:52:24.167 [raft-server-system-partition-1] TRACE i.a.p.raft.roles.FollowerRole - RaftServer{system-partition-1}{role=FOLLOWER} - Sending AppendResponse{status=OK, term=1, succeeded=true, lastLogIndex=16}
21:52:24.168 [raft-server-system-partition-1] TRACE i.a.p.raft.roles.FollowerRole - RaftServer{system-partition-1}{role=FOLLOWER} - Sending AppendResponse{status=OK, term=1, succeeded=true, lastLogIndex=16}
21:52:24.168 [raft-server-system-partition-1] TRACE i.a.p.raft.roles.LeaderAppender - RaftServer{system-partition-1} - Received AppendResponse{status=OK, term=1, succeeded=true, lastLogIndex=16} from 3
21:52:24.168 [raft-server-system-partition-1] TRACE i.a.p.raft.roles.LeaderAppender - RaftServer{system-partition-1} - Sending AppendRequest{term=1, leader=1, prevLogIndex=16, prevLogTerm=1, entries=0, commitIndex=16} to 3
21:52:24.168 [raft-server-system-partition-1] TRACE i.a.p.raft.roles.LeaderAppender - RaftServer{system-partition-1} - Received AppendResponse{status=OK, term=1, succeeded=true, lastLogIndex=16} from 2
21:52:24.168 [raft-server-system-partition-1] TRACE i.a.p.raft.roles.LeaderAppender - RaftServer{system-partition-1} - Sending AppendRequest{term=1, leader=1, prevLogIndex=16, prevLogTerm=1, entries=0, commitIndex=16} to 2
21:52:24.168 [raft-server-system-partition-1] TRACE i.a.p.raft.roles.FollowerRole - RaftServer{system-partition-1}{role=FOLLOWER} - Received AppendRequest{term=1, leader=1, prevLogIndex=16, prevLogTerm=1, entries=0, commitIndex=16}
21:52:24.168 [raft-server-system-partition-1] TRACE i.a.p.raft.roles.FollowerRole - RaftServer{system-partition-1}{role=FOLLOWER} - Sending AppendResponse{status=OK, term=1, succeeded=true, lastLogIndex=16}
21:52:24.168 [raft-server-system-partition-1] TRACE i.a.p.raft.roles.FollowerRole - RaftServer{system-partition-1}{role=FOLLOWER} - Received AppendRequest{term=1, leader=1, prevLogIndex=16, prevLogTerm=1, entries=0, commitIndex=16}
21:52:24.168 [raft-server-system-partition-1] TRACE i.a.p.raft.roles.FollowerRole - RaftServer{system-partition-1}{role=FOLLOWER} - Sending AppendResponse{status=OK, term=1, succeeded=true, lastLogIndex=16}
21:52:24.168 [raft-server-system-partition-1] TRACE i.a.p.raft.roles.LeaderAppender - RaftServer{system-partition-1} - Received AppendResponse{status=OK, term=1, succeeded=true, lastLogIndex=16} from 3
21:52:24.168 [raft-server-system-partition-1] TRACE i.a.p.raft.roles.LeaderAppender - RaftServer{system-partition-1} - Received AppendResponse{status=OK, term=1, succeeded=true, lastLogIndex=16} from 2
21:52:24.209 [raft-server-raft-partition-5] TRACE i.a.p.raft.roles.LeaderAppender - RaftServer{raft-partition-5} - Sending AppendRequest{term=1, leader=3, prevLogIndex=1, prevLogTerm=1, entries=0, commitIndex=1} to 1
21:52:24.209 [raft-server-raft-partition-5] TRACE i.a.p.raft.roles.LeaderAppender - RaftServer{raft-partition-5} - Sending AppendRequest{term=1, leader=3, prevLogIndex=1, prevLogTerm=1, entries=0, commitIndex=1} to 2
21:52:24.209 [raft-server-raft-partition-7] TRACE i.a.p.raft.roles.LeaderAppender - RaftServer{raft-partition-7} - Sending AppendRequest{term=1, leader=2, prevLogIndex=1, prevLogTerm=1, entries=0, commitIndex=1} to 1
21:52:24.209 [raft-server-raft-partition-5] TRACE i.a.p.raft.roles.FollowerRole - RaftServer{raft-partition-5}{role=FOLLOWER} - Received AppendRequest{term=1, leader=3, prevLogIndex=1, prevLogTerm=1, entries=0, commitIndex=1}
21:52:24.209 [raft-server-raft-partition-7] TRACE i.a.p.raft.roles.LeaderAppender - RaftServer{raft-partition-7} - Sending AppendRequest{term=1, leader=2, prevLogIndex=1, prevLogTerm=1, entries=0, commitIndex=1} to 3
21:52:24.209 [raft-server-raft-partition-5] TRACE i.a.p.raft.roles.FollowerRole - RaftServer{raft-partition-5}{role=FOLLOWER} - Received AppendRequest{term=1, leader=3, prevLogIndex=1, prevLogTerm=1, entries=0, commitIndex=1}
21:52:24.209 [raft-server-raft-partition-5] TRACE i.a.p.raft.roles.FollowerRole - RaftServer{raft-partition-5}{role=FOLLOWER} - Sending AppendResponse{status=OK, term=1, succeeded=true, lastLogIndex=1}
21:52:24.209 [raft-server-raft-partition-7] TRACE i.a.p.raft.roles.FollowerRole - RaftServer{raft-partition-7}{role=FOLLOWER} - Received AppendRequest{term=1, leader=2, prevLogIndex=1, prevLogTerm=1, entries=0, commitIndex=1}
21:52:24.209 [raft-server-raft-partition-5] TRACE i.a.p.raft.roles.FollowerRole - RaftServer{raft-partition-5}{role=FOLLOWER} - Sending AppendResponse{status=OK, term=1, succeeded=true, lastLogIndex=1}
21:52:24.209 [raft-server-raft-partition-7] TRACE i.a.p.raft.roles.FollowerRole - RaftServer{raft-partition-7}{role=FOLLOWER} - Sending AppendResponse{status=OK, term=1, succeeded=true, lastLogIndex=1}
21:52:24.209 [raft-server-raft-partition-7] TRACE i.a.p.raft.roles.FollowerRole - RaftServer{raft-partition-7}{role=FOLLOWER} - Received AppendRequest{term=1, leader=2, prevLogIndex=1, prevLogTerm=1, entries=0, commitIndex=1}
21:52:24.209 [raft-server-raft-partition-5] TRACE i.a.p.raft.roles.LeaderAppender - RaftServer{raft-partition-5} - Received AppendResponse{status=OK, term=1, succeeded=true, lastLogIndex=1} from 1
21:52:24.210 [raft-server-raft-partition-7] TRACE i.a.p.raft.roles.FollowerRole - RaftServer{raft-partition-7}{role=FOLLOWER} - Sending AppendResponse{status=OK, term=1, succeeded=true, lastLogIndex=1}
21:52:24.210 [raft-server-raft-partition-7] TRACE i.a.p.raft.roles.LeaderAppender - RaftServer{raft-partition-7} - Received AppendResponse{status=OK, term=1, succeeded=true, lastLogIndex=1} from 1
21:52:24.210 [raft-server-raft-partition-5] TRACE i.a.p.raft.roles.LeaderAppender - RaftServer{raft-partition-5} - Sending AppendRequest{term=1, leader=3, prevLogIndex=1, prevLogTerm=1, entries=0, commitIndex=1} to 1
21:52:24.210 [raft-server-raft-partition-7] TRACE i.a.p.raft.roles.LeaderAppender - RaftServer{raft-partition-7} - Sending AppendRequest{term=1, leader=2, prevLogIndex=1, prevLogTerm=1, entries=0, commitIndex=1} to 1
21:52:24.210 [raft-server-raft-partition-5] TRACE i.a.p.raft.roles.LeaderAppender - RaftServer{raft-partition-5} - Received AppendResponse{status=OK, term=1, succeeded=true, lastLogIndex=1} from 2
21:52:24.210 [raft-server-raft-partition-7] TRACE i.a.p.raft.roles.LeaderAppender - RaftServer{raft-partition-7} - Received AppendResponse{status=OK, term=1, succeeded=true, lastLogIndex=1} from 3
21:52:24.210 [raft-server-raft-partition-5] TRACE i.a.p.raft.roles.LeaderAppender - RaftServer{raft-partition-5} - Sending AppendRequest{term=1, leader=3, prevLogIndex=1, prevLogTerm=1, entries=0, commitIndex=1} to 2
21:52:24.210 [raft-server-raft-partition-5] TRACE i.a.p.raft.roles.FollowerRole - RaftServer{raft-partition-5}{role=FOLLOWER} - Received AppendRequest{term=1, leader=3, prevLogIndex=1, prevLogTerm=1, entries=0, commitIndex=1}
21:52:24.210 [raft-server-raft-partition-7] TRACE i.a.p.raft.roles.LeaderAppender - RaftServer{raft-partition-7} - Sending AppendRequest{term=1, leader=2, prevLogIndex=1, prevLogTerm=1, entries=0, commitIndex=1} to 3
21:52:24.210 [raft-server-raft-partition-7] TRACE i.a.p.raft.roles.FollowerRole - RaftServer{raft-partition-7}{role=FOLLOWER} - Received AppendRequest{term=1, leader=2, prevLogIndex=1, prevLogTerm=1, entries=0, commitIndex=1}
21:52:24.210 [raft-server-raft-partition-5] TRACE i.a.p.raft.roles.FollowerRole - RaftServer{raft-partition-5}{role=FOLLOWER} - Sending AppendResponse{status=OK, term=1, succeeded=true, lastLogIndex=1}
21:52:24.210 [raft-server-raft-partition-5] TRACE i.a.p.raft.roles.FollowerRole - RaftServer{raft-partition-5}{role=FOLLOWER} - Received AppendRequest{term=1, leader=3, prevLogIndex=1, prevLogTerm=1, entries=0, commitIndex=1}
21:52:24.210 [raft-server-raft-partition-7] TRACE i.a.p.raft.roles.FollowerRole - RaftServer{raft-partition-7}{role=FOLLOWER} - Sending AppendResponse{status=OK, term=1, succeeded=true, lastLogIndex=1}
21:52:24.210 [raft-server-raft-partition-7] TRACE i.a.p.raft.roles.FollowerRole - RaftServer{raft-partition-7}{role=FOLLOWER} - Received AppendRequest{term=1, leader=2, prevLogIndex=1, prevLogTerm=1, entries=0, commitIndex=1}
21:52:24.210 [raft-server-raft-partition-5] TRACE i.a.p.raft.roles.FollowerRole - RaftServer{raft-partition-5}{role=FOLLOWER} - Sending AppendResponse{status=OK, term=1, succeeded=true, lastLogIndex=1}
21:52:24.210 [raft-server-raft-partition-5] TRACE i.a.p.raft.roles.LeaderAppender - RaftServer{raft-partition-5} - Received AppendResponse{status=OK, term=1, succeeded=true, lastLogIndex=1} from 1
21:52:24.210 [raft-server-raft-partition-7] TRACE i.a.p.raft.roles.FollowerRole - RaftServer{raft-partition-7}{role=FOLLOWER} - Sending AppendResponse{status=OK, term=1, succeeded=true, lastLogIndex=1}
21:52:24.211 [raft-server-raft-partition-7] TRACE i.a.p.raft.roles.LeaderAppender - RaftServer{raft-partition-7} - Received AppendResponse{status=OK, term=1, succeeded=true, lastLogIndex=1} from 1
21:52:24.211 [raft-server-raft-partition-5] TRACE i.a.p.raft.roles.LeaderAppender - RaftServer{raft-partition-5} - Received AppendResponse{status=OK, term=1, succeeded=true, lastLogIndex=1} from 2
21:52:24.211 [raft-server-raft-partition-7] TRACE i.a.p.raft.roles.LeaderAppender - RaftServer{raft-partition-7} - Received AppendResponse{status=OK, term=1, succeeded=true, lastLogIndex=1} from 3
21:52:24.243 [raft-server-raft-partition-4] TRACE i.a.p.raft.roles.LeaderAppender - RaftServer{raft-partition-4} - Sending AppendRequest{term=1, leader=1, prevLogIndex=1, prevLogTerm=1, entries=0, commitIndex=1} to 2
21:52:24.243 [raft-server-raft-partition-4] TRACE i.a.p.raft.roles.LeaderAppender - RaftServer{raft-partition-4} - Sending AppendRequest{term=1, leader=1, prevLogIndex=1, prevLogTerm=1, entries=0, commitIndex=1} to 3
21:52:24.243 [raft-server-raft-partition-4] TRACE i.a.p.raft.roles.FollowerRole - RaftServer{raft-partition-4}{role=FOLLOWER} - Received AppendRequest{term=1, leader=1, prevLogIndex=1, prevLogTerm=1, entries=0, commitIndex=1}
21:52:24.243 [raft-server-raft-partition-4] TRACE i.a.p.raft.roles.FollowerRole - RaftServer{raft-partition-4}{role=FOLLOWER} - Received AppendRequest{term=1, leader=1, prevLogIndex=1, prevLogTerm=1, entries=0, commitIndex=1}
21:52:24.243 [raft-server-raft-partition-4] TRACE i.a.p.raft.roles.FollowerRole - RaftServer{raft-partition-4}{role=FOLLOWER} - Sending AppendResponse{status=OK, term=1, succeeded=true, lastLogIndex=1}
21:52:24.244 [raft-server-raft-partition-4] TRACE i.a.p.raft.roles.FollowerRole - RaftServer{raft-partition-4}{role=FOLLOWER} - Sending AppendResponse{status=OK, term=1, succeeded=true, lastLogIndex=1}
21:52:24.244 [raft-server-raft-partition-4] TRACE i.a.p.raft.roles.LeaderAppender - RaftServer{raft-partition-4} - Received AppendResponse{status=OK, term=1, succeeded=true, lastLogIndex=1} from 2
21:52:24.244 [raft-server-raft-partition-4] TRACE i.a.p.raft.roles.LeaderAppender - RaftServer{raft-partition-4} - Sending AppendRequest{term=1, leader=1, prevLogIndex=1, prevLogTerm=1, entries=0, commitIndex=1} to 2
21:52:24.244 [raft-server-raft-partition-4] TRACE i.a.p.raft.roles.LeaderAppender - RaftServer{raft-partition-4} - Received AppendResponse{status=OK, term=1, succeeded=true, lastLogIndex=1} from 3
21:52:24.244 [raft-server-raft-partition-4] TRACE i.a.p.raft.roles.LeaderAppender - RaftServer{raft-partition-4} - Sending AppendRequest{term=1, leader=1, prevLogIndex=1, prevLogTerm=1, entries=0, commitIndex=1} to 3
21:52:24.244 [raft-server-raft-partition-4] TRACE i.a.p.raft.roles.FollowerRole - RaftServer{raft-partition-4}{role=FOLLOWER} - Received AppendRequest{term=1, leader=1, prevLogIndex=1, prevLogTerm=1, entries=0, commitIndex=1}
21:52:24.244 [raft-server-raft-partition-4] TRACE i.a.p.raft.roles.FollowerRole - RaftServer{raft-partition-4}{role=FOLLOWER} - Sending AppendResponse{status=OK, term=1, succeeded=true, lastLogIndex=1}
21:52:24.244 [raft-server-raft-partition-4] TRACE i.a.p.raft.roles.FollowerRole - RaftServer{raft-partition-4}{role=FOLLOWER} - Received AppendRequest{term=1, leader=1, prevLogIndex=1, prevLogTerm=1, entries=0, commitIndex=1}
21:52:24.244 [raft-server-raft-partition-4] TRACE i.a.p.raft.roles.FollowerRole - RaftServer{raft-partition-4}{role=FOLLOWER} - Sending AppendResponse{status=OK, term=1, succeeded=true, lastLogIndex=1}
21:52:24.244 [raft-server-raft-partition-4] TRACE i.a.p.raft.roles.LeaderAppender - RaftServer{raft-partition-4} - Received AppendResponse{status=OK, term=1, succeeded=true, lastLogIndex=1} from 2
21:52:24.244 [raft-server-raft-partition-4] TRACE i.a.p.raft.roles.LeaderAppender - RaftServer{raft-partition-4} - Received AppendResponse{status=OK, term=1, succeeded=true, lastLogIndex=1} from 3
21:52:24.317 [raft-server-raft-partition-2] TRACE i.a.p.raft.roles.LeaderAppender - RaftServer{raft-partition-2} - Sending AppendRequest{term=1, leader=1, prevLogIndex=1, prevLogTerm=1, entries=0, commitIndex=1} to 2
21:52:24.317 [raft-server-raft-partition-2] TRACE i.a.p.raft.roles.LeaderAppender - RaftServer{raft-partition-2} - Sending AppendRequest{term=1, leader=1, prevLogIndex=1, prevLogTerm=1, entries=0, commitIndex=1} to 3
21:52:24.318 [raft-server-raft-partition-2] TRACE i.a.p.raft.roles.FollowerRole - RaftServer{raft-partition-2}{role=FOLLOWER} - Received AppendRequest{term=1, leader=1, prevLogIndex=1, prevLogTerm=1, entries=0, commitIndex=1}
21:52:24.318 [raft-server-raft-partition-2] TRACE i.a.p.raft.roles.FollowerRole - RaftServer{raft-partition-2}{role=FOLLOWER} - Sending AppendResponse{status=OK, term=1, succeeded=true, lastLogIndex=1}
21:52:24.318 [raft-server-raft-partition-2] TRACE i.a.p.raft.roles.FollowerRole - RaftServer{raft-partition-2}{role=FOLLOWER} - Received AppendRequest{term=1, leader=1, prevLogIndex=1, prevLogTerm=1, entries=0, commitIndex=1}
21:52:24.318 [raft-server-raft-partition-2] TRACE i.a.p.raft.roles.FollowerRole - RaftServer{raft-partition-2}{role=FOLLOWER} - Sending AppendResponse{status=OK, term=1, succeeded=true, lastLogIndex=1}
21:52:24.318 [raft-server-raft-partition-2] TRACE i.a.p.raft.roles.LeaderAppender - RaftServer{raft-partition-2} - Received AppendResponse{status=OK, term=1, succeeded=true, lastLogIndex=1} from 2
21:52:24.318 [raft-server-raft-partition-2] TRACE i.a.p.raft.roles.LeaderAppender - RaftServer{raft-partition-2} - Sending AppendRequest{term=1, leader=1, prevLogIndex=1, prevLogTerm=1, entries=0, commitIndex=1} to 2
21:52:24.318 [raft-server-raft-partition-2] TRACE i.a.p.raft.roles.LeaderAppender - RaftServer{raft-partition-2} - Received AppendResponse{status=OK, term=1, succeeded=true, lastLogIndex=1} from 3
21:52:24.318 [raft-server-raft-partition-2] TRACE i.a.p.raft.roles.LeaderAppender - RaftServer{raft-partition-2} - Sending AppendRequest{term=1, leader=1, prevLogIndex=1, prevLogTerm=1, entries=0, commitIndex=1} to 3
21:52:24.318 [raft-server-raft-partition-2] TRACE i.a.p.raft.roles.FollowerRole - RaftServer{raft-partition-2}{role=FOLLOWER} - Received AppendRequest{term=1, leader=1, prevLogIndex=1, prevLogTerm=1, entries=0, commitIndex=1}
21:52:24.318 [raft-server-raft-partition-2] TRACE i.a.p.raft.roles.FollowerRole - RaftServer{raft-partition-2}{role=FOLLOWER} - Sending AppendResponse{status=OK, term=1, succeeded=true, lastLogIndex=1}
21:52:24.318 [raft-server-raft-partition-2] TRACE i.a.p.raft.roles.FollowerRole - RaftServer{raft-partition-2}{role=FOLLOWER} - Received AppendRequest{term=1, leader=1, prevLogIndex=1, prevLogTerm=1, entries=0, commitIndex=1}
21:52:24.319 [raft-server-raft-partition-2] TRACE i.a.p.raft.roles.FollowerRole - RaftServer{raft-partition-2}{role=FOLLOWER} - Sending AppendResponse{status=OK, term=1, succeeded=true, lastLogIndex=1}
21:52:24.319 [raft-server-raft-partition-2] TRACE i.a.p.raft.roles.LeaderAppender - RaftServer{raft-partition-2} - Received AppendResponse{status=OK, term=1, succeeded=true, lastLogIndex=1} from 2
21:52:24.319 [raft-server-raft-partition-2] TRACE i.a.p.raft.roles.LeaderAppender - RaftServer{raft-partition-2} - Received AppendResponse{status=OK, term=1, succeeded=true, lastLogIndex=1} from 3
21:52:24.326 [raft-server-raft-partition-6] TRACE i.a.p.raft.roles.LeaderAppender - RaftServer{raft-partition-6} - Sending AppendRequest{term=1, leader=1, prevLogIndex=1, prevLogTerm=1, entries=0, commitIndex=1} to 2
21:52:24.326 [raft-server-raft-partition-6] TRACE i.a.p.raft.roles.LeaderAppender - RaftServer{raft-partition-6} - Sending AppendRequest{term=1, leader=1, prevLogIndex=1, prevLogTerm=1, entries=0, commitIndex=1} to 3
21:52:24.326 [raft-server-raft-partition-6] TRACE i.a.p.raft.roles.FollowerRole - RaftServer{raft-partition-6}{role=FOLLOWER} - Received AppendRequest{term=1, leader=1, prevLogIndex=1, prevLogTerm=1, entries=0, commitIndex=1}
21:52:24.326 [raft-server-raft-partition-6] TRACE i.a.p.raft.roles.FollowerRole - RaftServer{raft-partition-6}{role=FOLLOWER} - Sending AppendResponse{status=OK, term=1, succeeded=true, lastLogIndex=1}
21:52:24.326 [raft-server-raft-partition-6] TRACE i.a.p.raft.roles.FollowerRole - RaftServer{raft-partition-6}{role=FOLLOWER} - Received AppendRequest{term=1, leader=1, prevLogIndex=1, prevLogTerm=1, entries=0, commitIndex=1}
21:52:24.326 [raft-server-raft-partition-6] TRACE i.a.p.raft.roles.FollowerRole - RaftServer{raft-partition-6}{role=FOLLOWER} - Sending AppendResponse{status=OK, term=1, succeeded=true, lastLogIndex=1}
21:52:24.326 [raft-server-raft-partition-6] TRACE i.a.p.raft.roles.LeaderAppender - RaftServer{raft-partition-6} - Received AppendResponse{status=OK, term=1, succeeded=true, lastLogIndex=1} from 2
21:52:24.326 [raft-server-raft-partition-6] TRACE i.a.p.raft.roles.LeaderAppender - RaftServer{raft-partition-6} - Sending AppendRequest{term=1, leader=1, prevLogIndex=1, prevLogTerm=1, entries=0, commitIndex=1} to 2
21:52:24.326 [raft-server-raft-partition-6] TRACE i.a.p.raft.roles.LeaderAppender - RaftServer{raft-partition-6} - Received AppendResponse{status=OK, term=1, succeeded=true, lastLogIndex=1} from 3
21:52:24.327 [raft-server-raft-partition-6] TRACE i.a.p.raft.roles.LeaderAppender - RaftServer{raft-partition-6} - Sending AppendRequest{term=1, leader=1, prevLogIndex=1, prevLogTerm=1, entries=0, commitIndex=1} to 3
21:52:24.327 [raft-server-raft-partition-6] TRACE i.a.p.raft.roles.FollowerRole - RaftServer{raft-partition-6}{role=FOLLOWER} - Received AppendRequest{term=1, leader=1, prevLogIndex=1, prevLogTerm=1, entries=0, commitIndex=1}
21:52:24.327 [raft-server-raft-partition-6] TRACE i.a.p.raft.roles.FollowerRole - RaftServer{raft-partition-6}{role=FOLLOWER} - Sending AppendResponse{status=OK, term=1, succeeded=true, lastLogIndex=1}
21:52:24.327 [raft-server-raft-partition-6] TRACE i.a.p.raft.roles.FollowerRole - RaftServer{raft-partition-6}{role=FOLLOWER} - Received AppendRequest{term=1, leader=1, prevLogIndex=1, prevLogTerm=1, entries=0, commitIndex=1}
21:52:24.327 [raft-server-raft-partition-6] TRACE i.a.p.raft.roles.FollowerRole - RaftServer{raft-partition-6}{role=FOLLOWER} - Sending AppendResponse{status=OK, term=1, succeeded=true, lastLogIndex=1}
21:52:24.327 [raft-server-raft-partition-6] TRACE i.a.p.raft.roles.LeaderAppender - RaftServer{raft-partition-6} - Received AppendResponse{status=OK, term=1, succeeded=true, lastLogIndex=1} from 2
21:52:24.327 [raft-server-raft-partition-6] TRACE i.a.p.raft.roles.LeaderAppender - RaftServer{raft-partition-6} - Sending AppendRequest{term=1, leader=1, prevLogIndex=1, prevLogTerm=1, entries=0, commitIndex=1} to 2
21:52:24.327 [raft-server-raft-partition-6] TRACE i.a.p.raft.roles.LeaderAppender - RaftServer{raft-partition-6} - Received AppendResponse{status=OK, term=1, succeeded=true, lastLogIndex=1} from 3
21:52:24.327 [raft-server-raft-partition-6] TRACE i.a.p.raft.roles.FollowerRole - RaftServer{raft-partition-6}{role=FOLLOWER} - Received AppendRequest{term=1, leader=1, prevLogIndex=1, prevLogTerm=1, entries=0, commitIndex=1}
21:52:24.327 [raft-server-raft-partition-6] TRACE i.a.p.raft.roles.FollowerRole - RaftServer{raft-partition-6}{role=FOLLOWER} - Sending AppendResponse{status=OK, term=1, succeeded=true, lastLogIndex=1}
21:52:24.327 [raft-server-raft-partition-6] TRACE i.a.p.raft.roles.LeaderAppender - RaftServer{raft-partition-6} - Received AppendResponse{status=OK, term=1, succeeded=true, lastLogIndex=1} from 2
21:52:24.375 [raft-server-raft-partition-3] TRACE i.a.p.raft.roles.LeaderAppender - RaftServer{raft-partition-3} - Sending AppendRequest{term=3, leader=1, prevLogIndex=1, prevLogTerm=2, entries=0, commitIndex=1} to 2
21:52:24.375 [raft-server-raft-partition-3] TRACE i.a.p.raft.roles.LeaderAppender - RaftServer{raft-partition-3} - Sending AppendRequest{term=3, leader=1, prevLogIndex=1, prevLogTerm=2, entries=0, commitIndex=1} to 3
21:52:24.375 [raft-server-raft-partition-3] TRACE i.a.p.raft.roles.FollowerRole - RaftServer{raft-partition-3}{role=FOLLOWER} - Received AppendRequest{term=3, leader=1, prevLogIndex=1, prevLogTerm=2, entries=0, commitIndex=1}
21:52:24.375 [raft-server-raft-partition-3] TRACE i.a.p.raft.roles.FollowerRole - RaftServer{raft-partition-3}{role=FOLLOWER} - Sending AppendResponse{status=OK, term=3, succeeded=true, lastLogIndex=1}
21:52:24.375 [raft-server-raft-partition-3] TRACE i.a.p.raft.roles.FollowerRole - RaftServer{raft-partition-3}{role=FOLLOWER} - Received AppendRequest{term=3, leader=1, prevLogIndex=1, prevLogTerm=2, entries=0, commitIndex=1}
21:52:24.375 [raft-server-raft-partition-3] TRACE i.a.p.raft.roles.FollowerRole - RaftServer{raft-partition-3}{role=FOLLOWER} - Sending AppendResponse{status=OK, term=3, succeeded=true, lastLogIndex=1}
21:52:24.375 [raft-server-raft-partition-3] TRACE i.a.p.raft.roles.LeaderAppender - RaftServer{raft-partition-3} - Received AppendResponse{status=OK, term=3, succeeded=true, lastLogIndex=1} from 2
21:52:24.375 [raft-server-raft-partition-3] TRACE i.a.p.raft.roles.LeaderAppender - RaftServer{raft-partition-3} - Sending AppendRequest{term=3, leader=1, prevLogIndex=1, prevLogTerm=2, entries=0, commitIndex=1} to 2
21:52:24.375 [raft-server-raft-partition-3] TRACE i.a.p.raft.roles.LeaderAppender - RaftServer{raft-partition-3} - Received AppendResponse{status=OK, term=3, succeeded=true, lastLogIndex=1} from 3
21:52:24.375 [raft-server-raft-partition-3] TRACE i.a.p.raft.roles.LeaderAppender - RaftServer{raft-partition-3} - Sending AppendRequest{term=3, leader=1, prevLogIndex=1, prevLogTerm=2, entries=0, commitIndex=1} to 3
21:52:24.376 [raft-server-raft-partition-3] TRACE i.a.p.raft.roles.FollowerRole - RaftServer{raft-partition-3}{role=FOLLOWER} - Received AppendRequest{term=3, leader=1, prevLogIndex=1, prevLogTerm=2, entries=0, commitIndex=1}
21:52:24.376 [raft-server-raft-partition-3] TRACE i.a.p.raft.roles.FollowerRole - RaftServer{raft-partition-3}{role=FOLLOWER} - Sending AppendResponse{status=OK, term=3, succeeded=true, lastLogIndex=1}
21:52:24.376 [raft-server-raft-partition-3] TRACE i.a.p.raft.roles.FollowerRole - RaftServer{raft-partition-3}{role=FOLLOWER} - Received AppendRequest{term=3, leader=1, prevLogIndex=1, prevLogTerm=2, entries=0, commitIndex=1}
21:52:24.376 [raft-server-raft-partition-3] TRACE i.a.p.raft.roles.FollowerRole - RaftServer{raft-partition-3}{role=FOLLOWER} - Sending AppendResponse{status=OK, term=3, succeeded=true, lastLogIndex=1}
21:52:24.376 [raft-server-raft-partition-3] TRACE i.a.p.raft.roles.LeaderAppender - RaftServer{raft-partition-3} - Received AppendResponse{status=OK, term=3, succeeded=true, lastLogIndex=1} from 2
21:52:24.376 [raft-server-raft-partition-3] TRACE i.a.p.raft.roles.LeaderAppender - RaftServer{raft-partition-3} - Sending AppendRequest{term=3, leader=1, prevLogIndex=1, prevLogTerm=2, entries=0, commitIndex=1} to 2
21:52:24.376 [raft-server-raft-partition-3] TRACE i.a.p.raft.roles.LeaderAppender - RaftServer{raft-partition-3} - Received AppendResponse{status=OK, term=3, succeeded=true, lastLogIndex=1} from 3
21:52:24.376 [raft-server-raft-partition-3] TRACE i.a.p.raft.roles.LeaderAppender - RaftServer{raft-partition-3} - Sending AppendRequest{term=3, leader=1, prevLogIndex=1, prevLogTerm=2, entries=0, commitIndex=1} to 3
21:52:24.376 [raft-server-raft-partition-3] TRACE i.a.p.raft.roles.FollowerRole - RaftServer{raft-partition-3}{role=FOLLOWER} - Received AppendRequest{term=3, leader=1, prevLogIndex=1, prevLogTerm=2, entries=0, commitIndex=1}
21:52:24.376 [raft-server-raft-partition-3] TRACE i.a.p.raft.roles.FollowerRole - RaftServer{raft-partition-3}{role=FOLLOWER} - Sending AppendResponse{status=OK, term=3, succeeded=true, lastLogIndex=1}
21:52:24.376 [raft-server-raft-partition-3] TRACE i.a.p.raft.roles.FollowerRole - RaftServer{raft-partition-3}{role=FOLLOWER} - Received AppendRequest{term=3, leader=1, prevLogIndex=1, prevLogTerm=2, entries=0, commitIndex=1}
21:52:24.376 [raft-server-raft-partition-3] TRACE i.a.p.raft.roles.FollowerRole - RaftServer{raft-partition-3}{role=FOLLOWER} - Sending AppendResponse{status=OK, term=3, succeeded=true, lastLogIndex=1}
21:52:24.376 [raft-server-raft-partition-3] TRACE i.a.p.raft.roles.LeaderAppender - RaftServer{raft-partition-3} - Received AppendResponse{status=OK, term=3, succeeded=true, lastLogIndex=1} from 3
21:52:24.376 [raft-server-raft-partition-3] TRACE i.a.p.raft.roles.LeaderAppender - RaftServer{raft-partition-3} - Received AppendResponse{status=OK, term=3, succeeded=true, lastLogIndex=1} from 2
21:52:24.384 [raft-server-raft-partition-1] TRACE i.a.p.raft.roles.LeaderAppender - RaftServer{raft-partition-1} - Sending AppendRequest{term=1, leader=2, prevLogIndex=1, prevLogTerm=1, entries=0, commitIndex=1} to 3
21:52:24.385 [raft-server-raft-partition-1] TRACE i.a.p.raft.roles.FollowerRole - RaftServer{raft-partition-1}{role=FOLLOWER} - Received AppendRequest{term=1, leader=2, prevLogIndex=1, prevLogTerm=1, entries=0, commitIndex=1}
21:52:24.385 [raft-server-raft-partition-1] TRACE i.a.p.raft.roles.FollowerRole - RaftServer{raft-partition-1}{role=FOLLOWER} - Sending AppendResponse{status=OK, term=1, succeeded=true, lastLogIndex=1}
21:52:24.385 [raft-server-raft-partition-1] TRACE i.a.p.raft.roles.LeaderAppender - RaftServer{raft-partition-1} - Received AppendResponse{status=OK, term=1, succeeded=true, lastLogIndex=1} from 3
21:52:24.385 [raft-server-raft-partition-1] TRACE i.a.p.raft.roles.LeaderAppender - RaftServer{raft-partition-1} - Sending AppendRequest{term=1, leader=2, prevLogIndex=1, prevLogTerm=1, entries=0, commitIndex=1} to 3
21:52:24.385 [raft-server-raft-partition-1] TRACE i.a.p.raft.roles.FollowerRole - RaftServer{raft-partition-1}{role=FOLLOWER} - Received AppendRequest{term=1, leader=2, prevLogIndex=1, prevLogTerm=1, entries=0, commitIndex=1}
21:52:24.385 [raft-server-raft-partition-1] TRACE i.a.p.raft.roles.FollowerRole - RaftServer{raft-partition-1}{role=FOLLOWER} - Sending AppendResponse{status=OK, term=1, succeeded=true, lastLogIndex=1}
21:52:24.386 [raft-server-raft-partition-1] TRACE i.a.p.raft.roles.LeaderAppender - RaftServer{raft-partition-1} - Received AppendResponse{status=OK, term=1, succeeded=true, lastLogIndex=1} from 3
21:52:24.417 [raft-server-system-partition-1] TRACE i.a.p.raft.roles.LeaderAppender - RaftServer{system-partition-1} - Sending AppendRequest{term=1, leader=1, prevLogIndex=16, prevLogTerm=1, entries=0, commitIndex=16} to 2
21:52:24.417 [raft-server-system-partition-1] TRACE i.a.p.raft.roles.LeaderAppender - RaftServer{system-partition-1} - Sending AppendRequest{term=1, leader=1, prevLogIndex=16, prevLogTerm=1, entries=0, commitIndex=16} to 3
21:52:24.417 [raft-server-system-partition-1] TRACE i.a.p.raft.roles.FollowerRole - RaftServer{system-partition-1}{role=FOLLOWER} - Received AppendRequest{term=1, leader=1, prevLogIndex=16, prevLogTerm=1, entries=0, commitIndex=16}
21:52:24.417 [raft-server-system-partition-1] TRACE i.a.p.raft.roles.FollowerRole - RaftServer{system-partition-1}{role=FOLLOWER} - Received AppendRequest{term=1, leader=1, prevLogIndex=16, prevLogTerm=1, entries=0, commitIndex=16}
21:52:24.417 [raft-server-system-partition-1] TRACE i.a.p.raft.roles.FollowerRole - RaftServer{system-partition-1}{role=FOLLOWER} - Sending AppendResponse{status=OK, term=1, succeeded=true, lastLogIndex=16}
21:52:24.417 [raft-server-system-partition-1] TRACE i.a.p.raft.roles.FollowerRole - RaftServer{system-partition-1}{role=FOLLOWER} - Sending AppendResponse{status=OK, term=1, succeeded=true, lastLogIndex=16}
21:52:24.418 [raft-server-system-partition-1] TRACE i.a.p.raft.roles.LeaderAppender - RaftServer{system-partition-1} - Received AppendResponse{status=OK, term=1, succeeded=true, lastLogIndex=16} from 2
21:52:24.418 [raft-server-system-partition-1] TRACE i.a.p.raft.roles.LeaderAppender - RaftServer{system-partition-1} - Sending AppendRequest{term=1, leader=1, prevLogIndex=16, prevLogTerm=1, entries=0, commitIndex=16} to 2
21:52:24.418 [raft-server-system-partition-1] TRACE i.a.p.raft.roles.LeaderAppender - RaftServer{system-partition-1} - Received AppendResponse{status=OK, term=1, succeeded=true, lastLogIndex=16} from 3
21:52:24.418 [raft-server-system-partition-1] TRACE i.a.p.raft.roles.LeaderAppender - RaftServer{system-partition-1} - Sending AppendRequest{term=1, leader=1, prevLogIndex=16, prevLogTerm=1, entries=0, commitIndex=16} to 3
21:52:24.418 [raft-server-system-partition-1] TRACE i.a.p.raft.roles.FollowerRole - RaftServer{system-partition-1}{role=FOLLOWER} - Received AppendRequest{term=1, leader=1, prevLogIndex=16, prevLogTerm=1, entries=0, commitIndex=16}
21:52:24.418 [raft-server-system-partition-1] TRACE i.a.p.raft.roles.FollowerRole - RaftServer{system-partition-1}{role=FOLLOWER} - Sending AppendResponse{status=OK, term=1, succeeded=true, lastLogIndex=16}
21:52:24.418 [raft-server-system-partition-1] TRACE i.a.p.raft.roles.FollowerRole - RaftServer{system-partition-1}{role=FOLLOWER} - Received AppendRequest{term=1, leader=1, prevLogIndex=16, prevLogTerm=1, entries=0, commitIndex=16}
21:52:24.418 [raft-server-system-partition-1] TRACE i.a.p.raft.roles.FollowerRole - RaftServer{system-partition-1}{role=FOLLOWER} - Sending AppendResponse{status=OK, term=1, succeeded=true, lastLogIndex=16}
21:52:24.418 [raft-server-system-partition-1] TRACE i.a.p.raft.roles.LeaderAppender - RaftServer{system-partition-1} - Received AppendResponse{status=OK, term=1, succeeded=true, lastLogIndex=16} from 2
21:52:24.418 [raft-server-system-partition-1] TRACE i.a.p.raft.roles.LeaderAppender - RaftServer{system-partition-1} - Received AppendResponse{status=OK, term=1, succeeded=true, lastLogIndex=16} from 3
21:52:24.459 [raft-server-raft-partition-5] TRACE i.a.p.raft.roles.LeaderAppender - RaftServer{raft-partition-5} - Sending AppendRequest{term=1, leader=3, prevLogIndex=1, prevLogTerm=1, entries=0, commitIndex=1} to 1
21:52:24.459 [raft-server-raft-partition-5] TRACE i.a.p.raft.roles.LeaderAppender - RaftServer{raft-partition-5} - Sending AppendRequest{term=1, leader=3, prevLogIndex=1, prevLogTerm=1, entries=0, commitIndex=1} to 2
21:52:24.459 [raft-server-raft-partition-7] TRACE i.a.p.raft.roles.LeaderAppender - RaftServer{raft-partition-7} - Sending AppendRequest{term=1, leader=2, prevLogIndex=1, prevLogTerm=1, entries=0, commitIndex=1} to 1
21:52:24.459 [raft-server-raft-partition-5] TRACE i.a.p.raft.roles.FollowerRole - RaftServer{raft-partition-5}{role=FOLLOWER} - Received AppendRequest{term=1, leader=3, prevLogIndex=1, prevLogTerm=1, entries=0, commitIndex=1}
21:52:24.459 [raft-server-raft-partition-5] TRACE i.a.p.raft.roles.FollowerRole - RaftServer{raft-partition-5}{role=FOLLOWER} - Received AppendRequest{term=1, leader=3, prevLogIndex=1, prevLogTerm=1, entries=0, commitIndex=1}
21:52:24.459 [raft-server-raft-partition-7] TRACE i.a.p.raft.roles.LeaderAppender - RaftServer{raft-partition-7} - Sending AppendRequest{term=1, leader=2, prevLogIndex=1, prevLogTerm=1, entries=0, commitIndex=1} to 3
21:52:24.459 [raft-server-raft-partition-5] TRACE i.a.p.raft.roles.FollowerRole - RaftServer{raft-partition-5}{role=FOLLOWER} - Sending AppendResponse{status=OK, term=1, succeeded=true, lastLogIndex=1}
21:52:24.459 [raft-server-raft-partition-5] TRACE i.a.p.raft.roles.FollowerRole - RaftServer{raft-partition-5}{role=FOLLOWER} - Sending AppendResponse{status=OK, term=1, succeeded=true, lastLogIndex=1}
21:52:24.459 [raft-server-raft-partition-7] TRACE i.a.p.raft.roles.FollowerRole - RaftServer{raft-partition-7}{role=FOLLOWER} - Received AppendRequest{term=1, leader=2, prevLogIndex=1, prevLogTerm=1, entries=0, commitIndex=1}
21:52:24.459 [raft-server-raft-partition-7] TRACE i.a.p.raft.roles.FollowerRole - RaftServer{raft-partition-7}{role=FOLLOWER} - Received AppendRequest{term=1, leader=2, prevLogIndex=1, prevLogTerm=1, entries=0, commitIndex=1}
21:52:24.459 [raft-server-raft-partition-7] TRACE i.a.p.raft.roles.FollowerRole - RaftServer{raft-partition-7}{role=FOLLOWER} - Sending AppendResponse{status=OK, term=1, succeeded=true, lastLogIndex=1}
21:52:24.459 [raft-server-raft-partition-5] TRACE i.a.p.raft.roles.LeaderAppender - RaftServer{raft-partition-5} - Received AppendResponse{status=OK, term=1, succeeded=true, lastLogIndex=1} from 1
21:52:24.459 [raft-server-raft-partition-7] TRACE i.a.p.raft.roles.FollowerRole - RaftServer{raft-partition-7}{role=FOLLOWER} - Sending AppendResponse{status=OK, term=1, succeeded=true, lastLogIndex=1}
21:52:24.460 [raft-server-raft-partition-5] TRACE i.a.p.raft.roles.LeaderAppender - RaftServer{raft-partition-5} - Sending AppendRequest{term=1, leader=3, prevLogIndex=1, prevLogTerm=1, entries=0, commitIndex=1} to 1
21:52:24.460 [raft-server-raft-partition-7] TRACE i.a.p.raft.roles.LeaderAppender - RaftServer{raft-partition-7} - Received AppendResponse{status=OK, term=1, succeeded=true, lastLogIndex=1} from 1
21:52:24.460 [raft-server-raft-partition-5] TRACE i.a.p.raft.roles.LeaderAppender - RaftServer{raft-partition-5} - Received AppendResponse{status=OK, term=1, succeeded=true, lastLogIndex=1} from 2
21:52:24.460 [raft-server-raft-partition-7] TRACE i.a.p.raft.roles.LeaderAppender - RaftServer{raft-partition-7} - Sending AppendRequest{term=1, leader=2, prevLogIndex=1, prevLogTerm=1, entries=0, commitIndex=1} to 1
21:52:24.460 [raft-server-raft-partition-5] TRACE i.a.p.raft.roles.LeaderAppender - RaftServer{raft-partition-5} - Sending AppendRequest{term=1, leader=3, prevLogIndex=1, prevLogTerm=1, entries=0, commitIndex=1} to 2
21:52:24.460 [raft-server-raft-partition-5] TRACE i.a.p.raft.roles.FollowerRole - RaftServer{raft-partition-5}{role=FOLLOWER} - Received AppendRequest{term=1, leader=3, prevLogIndex=1, prevLogTerm=1, entries=0, commitIndex=1}
21:52:24.460 [raft-server-raft-partition-7] TRACE i.a.p.raft.roles.LeaderAppender - RaftServer{raft-partition-7} - Received AppendResponse{status=OK, term=1, succeeded=true, lastLogIndex=1} from 3
21:52:24.460 [raft-server-raft-partition-7] TRACE i.a.p.raft.roles.FollowerRole - RaftServer{raft-partition-7}{role=FOLLOWER} - Received AppendRequest{term=1, leader=2, prevLogIndex=1, prevLogTerm=1, entries=0, commitIndex=1}
21:52:24.460 [raft-server-raft-partition-5] TRACE i.a.p.raft.roles.FollowerRole - RaftServer{raft-partition-5}{role=FOLLOWER} - Sending AppendResponse{status=OK, term=1, succeeded=true, lastLogIndex=1}
21:52:24.460 [raft-server-raft-partition-5] TRACE i.a.p.raft.roles.FollowerRole - RaftServer{raft-partition-5}{role=FOLLOWER} - Received AppendRequest{term=1, leader=3, prevLogIndex=1, prevLogTerm=1, entries=0, commitIndex=1}
21:52:24.460 [raft-server-raft-partition-7] TRACE i.a.p.raft.roles.LeaderAppender - RaftServer{raft-partition-7} - Sending AppendRequest{term=1, leader=2, prevLogIndex=1, prevLogTerm=1, entries=0, commitIndex=1} to 3
21:52:24.460 [raft-server-raft-partition-7] TRACE i.a.p.raft.roles.FollowerRole - RaftServer{raft-partition-7}{role=FOLLOWER} - Sending AppendResponse{status=OK, term=1, succeeded=true, lastLogIndex=1}
21:52:24.460 [raft-server-raft-partition-5] TRACE i.a.p.raft.roles.FollowerRole - RaftServer{raft-partition-5}{role=FOLLOWER} - Sending AppendResponse{status=OK, term=1, succeeded=true, lastLogIndex=1}
21:52:24.460 [raft-server-raft-partition-5] TRACE i.a.p.raft.roles.LeaderAppender - RaftServer{raft-partition-5} - Received AppendResponse{status=OK, term=1, succeeded=true, lastLogIndex=1} from 1
21:52:24.460 [raft-server-raft-partition-7] TRACE i.a.p.raft.roles.FollowerRole - RaftServer{raft-partition-7}{role=FOLLOWER} - Received AppendRequest{term=1, leader=2, prevLogIndex=1, prevLogTerm=1, entries=0, commitIndex=1}
21:52:24.461 [raft-server-raft-partition-7] TRACE i.a.p.raft.roles.LeaderAppender - RaftServer{raft-partition-7} - Received AppendResponse{status=OK, term=1, succeeded=true, lastLogIndex=1} from 1
21:52:24.461 [raft-server-raft-partition-7] TRACE i.a.p.raft.roles.FollowerRole - RaftServer{raft-partition-7}{role=FOLLOWER} - Sending AppendResponse{status=OK, term=1, succeeded=true, lastLogIndex=1}
21:52:24.461 [raft-server-raft-partition-5] TRACE i.a.p.raft.roles.LeaderAppender - RaftServer{raft-partition-5} - Received AppendResponse{status=OK, term=1, succeeded=true, lastLogIndex=1} from 2
21:52:24.461 [raft-server-raft-partition-7] TRACE i.a.p.raft.roles.LeaderAppender - RaftServer{raft-partition-7} - Received AppendResponse{status=OK, term=1, succeeded=true, lastLogIndex=1} from 3
21:52:24.493 [raft-server-raft-partition-4] TRACE i.a.p.raft.roles.LeaderAppender - RaftServer{raft-partition-4} - Sending AppendRequest{term=1, leader=1, prevLogIndex=1, prevLogTerm=1, entries=0, commitIndex=1} to 2
21:52:24.493 [raft-server-raft-partition-4] TRACE i.a.p.raft.roles.LeaderAppender - RaftServer{raft-partition-4} - Sending AppendRequest{term=1, leader=1, prevLogIndex=1, prevLogTerm=1, entries=0, commitIndex=1} to 3
21:52:24.493 [raft-server-raft-partition-4] TRACE i.a.p.raft.roles.FollowerRole - RaftServer{raft-partition-4}{role=FOLLOWER} - Received AppendRequest{term=1, leader=1, prevLogIndex=1, prevLogTerm=1, entries=0, commitIndex=1}
21:52:24.493 [raft-server-raft-partition-4] TRACE i.a.p.raft.roles.FollowerRole - RaftServer{raft-partition-4}{role=FOLLOWER} - Sending AppendResponse{status=OK, term=1, succeeded=true, lastLogIndex=1}
21:52:24.493 [raft-server-raft-partition-4] TRACE i.a.p.raft.roles.FollowerRole - RaftServer{raft-partition-4}{role=FOLLOWER} - Received AppendRequest{term=1, leader=1, prevLogIndex=1, prevLogTerm=1, entries=0, commitIndex=1}
21:52:24.493 [raft-server-raft-partition-4] TRACE i.a.p.raft.roles.FollowerRole - RaftServer{raft-partition-4}{role=FOLLOWER} - Sending AppendResponse{status=OK, term=1, succeeded=true, lastLogIndex=1}
21:52:24.493 [raft-server-raft-partition-4] TRACE i.a.p.raft.roles.LeaderAppender - RaftServer{raft-partition-4} - Received AppendResponse{status=OK, term=1, succeeded=true, lastLogIndex=1} from 2
21:52:24.494 [raft-server-raft-partition-4] TRACE i.a.p.raft.roles.LeaderAppender - RaftServer{raft-partition-4} - Sending AppendRequest{term=1, leader=1, prevLogIndex=1, prevLogTerm=1, entries=0, commitIndex=1} to 2
21:52:24.494 [raft-server-raft-partition-4] TRACE i.a.p.raft.roles.LeaderAppender - RaftServer{raft-partition-4} - Received AppendResponse{status=OK, term=1, succeeded=true, lastLogIndex=1} from 3
21:52:24.494 [raft-server-raft-partition-4] TRACE i.a.p.raft.roles.LeaderAppender - RaftServer{raft-partition-4} - Sending AppendRequest{term=1, leader=1, prevLogIndex=1, prevLogTerm=1, entries=0, commitIndex=1} to 3
21:52:24.494 [raft-server-raft-partition-4] TRACE i.a.p.raft.roles.FollowerRole - RaftServer{raft-partition-4}{role=FOLLOWER} - Received AppendRequest{term=1, leader=1, prevLogIndex=1, prevLogTerm=1, entries=0, commitIndex=1}
21:52:24.494 [raft-server-raft-partition-4] TRACE i.a.p.raft.roles.FollowerRole - RaftServer{raft-partition-4}{role=FOLLOWER} - Sending AppendResponse{status=OK, term=1, succeeded=true, lastLogIndex=1}
21:52:24.494 [raft-server-raft-partition-4] TRACE i.a.p.raft.roles.FollowerRole - RaftServer{raft-partition-4}{role=FOLLOWER} - Received AppendRequest{term=1, leader=1, prevLogIndex=1, prevLogTerm=1, entries=0, commitIndex=1}
21:52:24.494 [raft-server-raft-partition-4] TRACE i.a.p.raft.roles.FollowerRole - RaftServer{raft-partition-4}{role=FOLLOWER} - Sending AppendResponse{status=OK, term=1, succeeded=true, lastLogIndex=1}
21:52:24.494 [raft-server-raft-partition-4] TRACE i.a.p.raft.roles.LeaderAppender - RaftServer{raft-partition-4} - Received AppendResponse{status=OK, term=1, succeeded=true, lastLogIndex=1} from 2
21:52:24.494 [raft-server-raft-partition-4] TRACE i.a.p.raft.roles.LeaderAppender - RaftServer{raft-partition-4} - Received AppendResponse{status=OK, term=1, succeeded=true, lastLogIndex=1} from 3
21:52:24.568 [raft-server-raft-partition-2] TRACE i.a.p.raft.roles.LeaderAppender - RaftServer{raft-partition-2} - Sending AppendRequest{term=1, leader=1, prevLogIndex=1, prevLogTerm=1, entries=0, commitIndex=1} to 2
21:52:24.568 [raft-server-raft-partition-2] TRACE i.a.p.raft.roles.LeaderAppender - RaftServer{raft-partition-2} - Sending AppendRequest{term=1, leader=1, prevLogIndex=1, prevLogTerm=1, entries=0, commitIndex=1} to 3
21:52:24.568 [raft-server-raft-partition-2] TRACE i.a.p.raft.roles.FollowerRole - RaftServer{raft-partition-2}{role=FOLLOWER} - Received AppendRequest{term=1, leader=1, prevLogIndex=1, prevLogTerm=1, entries=0, commitIndex=1}
21:52:24.568 [raft-server-raft-partition-2] TRACE i.a.p.raft.roles.FollowerRole - RaftServer{raft-partition-2}{role=FOLLOWER} - Received AppendRequest{term=1, leader=1, prevLogIndex=1, prevLogTerm=1, entries=0, commitIndex=1}
21:52:24.568 [raft-server-raft-partition-2] TRACE i.a.p.raft.roles.FollowerRole - RaftServer{raft-partition-2}{role=FOLLOWER} - Sending AppendResponse{status=OK, term=1, succeeded=true, lastLogIndex=1}
21:52:24.568 [raft-server-raft-partition-2] TRACE i.a.p.raft.roles.FollowerRole - RaftServer{raft-partition-2}{role=FOLLOWER} - Sending AppendResponse{status=OK, term=1, succeeded=true, lastLogIndex=1}
21:52:24.568 [raft-server-raft-partition-2] TRACE i.a.p.raft.roles.LeaderAppender - RaftServer{raft-partition-2} - Received AppendResponse{status=OK, term=1, succeeded=true, lastLogIndex=1} from 3
21:52:24.568 [raft-server-raft-partition-2] TRACE i.a.p.raft.roles.LeaderAppender - RaftServer{raft-partition-2} - Received AppendResponse{status=OK, term=1, succeeded=true, lastLogIndex=1} from 2
21:52:24.576 [raft-server-raft-partition-6] TRACE i.a.p.raft.roles.LeaderAppender - RaftServer{raft-partition-6} - Sending AppendRequest{term=1, leader=1, prevLogIndex=1, prevLogTerm=1, entries=0, commitIndex=1} to 2
21:52:24.576 [raft-server-raft-partition-6] TRACE i.a.p.raft.roles.LeaderAppender - RaftServer{raft-partition-6} - Sending AppendRequest{term=1, leader=1, prevLogIndex=1, prevLogTerm=1, entries=0, commitIndex=1} to 3
21:52:24.576 [raft-server-raft-partition-6] TRACE i.a.p.raft.roles.FollowerRole - RaftServer{raft-partition-6}{role=FOLLOWER} - Received AppendRequest{term=1, leader=1, prevLogIndex=1, prevLogTerm=1, entries=0, commitIndex=1}
21:52:24.576 [raft-server-raft-partition-6] TRACE i.a.p.raft.roles.FollowerRole - RaftServer{raft-partition-6}{role=FOLLOWER} - Sending AppendResponse{status=OK, term=1, succeeded=true, lastLogIndex=1}
21:52:24.576 [raft-server-raft-partition-6] TRACE i.a.p.raft.roles.FollowerRole - RaftServer{raft-partition-6}{role=FOLLOWER} - Received AppendRequest{term=1, leader=1, prevLogIndex=1, prevLogTerm=1, entries=0, commitIndex=1}
21:52:24.576 [raft-server-raft-partition-6] TRACE i.a.p.raft.roles.FollowerRole - RaftServer{raft-partition-6}{role=FOLLOWER} - Sending AppendResponse{status=OK, term=1, succeeded=true, lastLogIndex=1}
21:52:24.576 [raft-server-raft-partition-6] TRACE i.a.p.raft.roles.LeaderAppender - RaftServer{raft-partition-6} - Received AppendResponse{status=OK, term=1, succeeded=true, lastLogIndex=1} from 2
21:52:24.576 [raft-server-raft-partition-6] TRACE i.a.p.raft.roles.LeaderAppender - RaftServer{raft-partition-6} - Sending AppendRequest{term=1, leader=1, prevLogIndex=1, prevLogTerm=1, entries=0, commitIndex=1} to 2
21:52:24.576 [raft-server-raft-partition-6] TRACE i.a.p.raft.roles.LeaderAppender - RaftServer{raft-partition-6} - Received AppendResponse{status=OK, term=1, succeeded=true, lastLogIndex=1} from 3
21:52:24.576 [raft-server-raft-partition-6] TRACE i.a.p.raft.roles.LeaderAppender - RaftServer{raft-partition-6} - Sending AppendRequest{term=1, leader=1, prevLogIndex=1, prevLogTerm=1, entries=0, commitIndex=1} to 3
21:52:24.577 [raft-server-raft-partition-6] TRACE i.a.p.raft.roles.FollowerRole - RaftServer{raft-partition-6}{role=FOLLOWER} - Received AppendRequest{term=1, leader=1, prevLogIndex=1, prevLogTerm=1, entries=0, commitIndex=1}
21:52:24.577 [raft-server-raft-partition-6] TRACE i.a.p.raft.roles.FollowerRole - RaftServer{raft-partition-6}{role=FOLLOWER} - Sending AppendResponse{status=OK, term=1, succeeded=true, lastLogIndex=1}
21:52:24.577 [raft-server-raft-partition-6] TRACE i.a.p.raft.roles.FollowerRole - RaftServer{raft-partition-6}{role=FOLLOWER} - Received AppendRequest{term=1, leader=1, prevLogIndex=1, prevLogTerm=1, entries=0, commitIndex=1}
21:52:24.577 [raft-server-raft-partition-6] TRACE i.a.p.raft.roles.FollowerRole - RaftServer{raft-partition-6}{role=FOLLOWER} - Sending AppendResponse{status=OK, term=1, succeeded=true, lastLogIndex=1}
21:52:24.577 [raft-server-raft-partition-6] TRACE i.a.p.raft.roles.LeaderAppender - RaftServer{raft-partition-6} - Received AppendResponse{status=OK, term=1, succeeded=true, lastLogIndex=1} from 2
21:52:24.577 [raft-server-raft-partition-6] TRACE i.a.p.raft.roles.LeaderAppender - RaftServer{raft-partition-6} - Sending AppendRequest{term=1, leader=1, prevLogIndex=1, prevLogTerm=1, entries=0, commitIndex=1} to 2
21:52:24.577 [raft-server-raft-partition-6] TRACE i.a.p.raft.roles.LeaderAppender - RaftServer{raft-partition-6} - Received AppendResponse{status=OK, term=1, succeeded=true, lastLogIndex=1} from 3
21:52:24.577 [raft-server-raft-partition-6] TRACE i.a.p.raft.roles.LeaderAppender - RaftServer{raft-partition-6} - Sending AppendRequest{term=1, leader=1, prevLogIndex=1, prevLogTerm=1, entries=0, commitIndex=1} to 3
21:52:24.577 [raft-server-raft-partition-6] TRACE i.a.p.raft.roles.FollowerRole - RaftServer{raft-partition-6}{role=FOLLOWER} - Received AppendRequest{term=1, leader=1, prevLogIndex=1, prevLogTerm=1, entries=0, commitIndex=1}
21:52:24.577 [raft-server-raft-partition-6] TRACE i.a.p.raft.roles.FollowerRole - RaftServer{raft-partition-6}{role=FOLLOWER} - Sending AppendResponse{status=OK, term=1, succeeded=true, lastLogIndex=1}
21:52:24.577 [raft-server-raft-partition-6] TRACE i.a.p.raft.roles.FollowerRole - RaftServer{raft-partition-6}{role=FOLLOWER} - Received AppendRequest{term=1, leader=1, prevLogIndex=1, prevLogTerm=1, entries=0, commitIndex=1}
21:52:24.577 [raft-server-raft-partition-6] TRACE i.a.p.raft.roles.FollowerRole - RaftServer{raft-partition-6}{role=FOLLOWER} - Sending AppendResponse{status=OK, term=1, succeeded=true, lastLogIndex=1}
21:52:24.577 [raft-server-raft-partition-6] TRACE i.a.p.raft.roles.LeaderAppender - RaftServer{raft-partition-6} - Received AppendResponse{status=OK, term=1, succeeded=true, lastLogIndex=1} from 2
21:52:24.577 [raft-server-raft-partition-6] TRACE i.a.p.raft.roles.LeaderAppender - RaftServer{raft-partition-6} - Received AppendResponse{status=OK, term=1, succeeded=true, lastLogIndex=1} from 3
21:52:24.625 [raft-server-raft-partition-3] TRACE i.a.p.raft.roles.LeaderAppender - RaftServer{raft-partition-3} - Sending AppendRequest{term=3, leader=1, prevLogIndex=1, prevLogTerm=2, entries=0, commitIndex=1} to 2
21:52:24.625 [raft-server-raft-partition-3] TRACE i.a.p.raft.roles.LeaderAppender - RaftServer{raft-partition-3} - Sending AppendRequest{term=3, leader=1, prevLogIndex=1, prevLogTerm=2, entries=0, commitIndex=1} to 3
21:52:24.625 [raft-server-raft-partition-3] TRACE i.a.p.raft.roles.FollowerRole - RaftServer{raft-partition-3}{role=FOLLOWER} - Received AppendRequest{term=3, leader=1, prevLogIndex=1, prevLogTerm=2, entries=0, commitIndex=1}
21:52:24.625 [raft-server-raft-partition-3] TRACE i.a.p.raft.roles.FollowerRole - RaftServer{raft-partition-3}{role=FOLLOWER} - Received AppendRequest{term=3, leader=1, prevLogIndex=1, prevLogTerm=2, entries=0, commitIndex=1}
21:52:24.625 [raft-server-raft-partition-3] TRACE i.a.p.raft.roles.FollowerRole - RaftServer{raft-partition-3}{role=FOLLOWER} - Sending AppendResponse{status=OK, term=3, succeeded=true, lastLogIndex=1}
21:52:24.625 [raft-server-raft-partition-3] TRACE i.a.p.raft.roles.FollowerRole - RaftServer{raft-partition-3}{role=FOLLOWER} - Sending AppendResponse{status=OK, term=3, succeeded=true, lastLogIndex=1}
21:52:24.625 [raft-server-raft-partition-3] TRACE i.a.p.raft.roles.LeaderAppender - RaftServer{raft-partition-3} - Received AppendResponse{status=OK, term=3, succeeded=true, lastLogIndex=1} from 3
21:52:24.625 [raft-server-raft-partition-3] TRACE i.a.p.raft.roles.LeaderAppender - RaftServer{raft-partition-3} - Sending AppendRequest{term=3, leader=1, prevLogIndex=1, prevLogTerm=2, entries=0, commitIndex=1} to 3
21:52:24.625 [raft-server-raft-partition-3] TRACE i.a.p.raft.roles.LeaderAppender - RaftServer{raft-partition-3} - Received AppendResponse{status=OK, term=3, succeeded=true, lastLogIndex=1} from 2
21:52:24.625 [raft-server-raft-partition-3] TRACE i.a.p.raft.roles.LeaderAppender - RaftServer{raft-partition-3} - Sending AppendRequest{term=3, leader=1, prevLogIndex=1, prevLogTerm=2, entries=0, commitIndex=1} to 2
21:52:24.625 [raft-server-raft-partition-3] TRACE i.a.p.raft.roles.FollowerRole - RaftServer{raft-partition-3}{role=FOLLOWER} - Received AppendRequest{term=3, leader=1, prevLogIndex=1, prevLogTerm=2, entries=0, commitIndex=1}
21:52:24.626 [raft-server-raft-partition-3] TRACE i.a.p.raft.roles.FollowerRole - RaftServer{raft-partition-3}{role=FOLLOWER} - Sending AppendResponse{status=OK, term=3, succeeded=true, lastLogIndex=1}
21:52:24.626 [raft-server-raft-partition-3] TRACE i.a.p.raft.roles.FollowerRole - RaftServer{raft-partition-3}{role=FOLLOWER} - Received AppendRequest{term=3, leader=1, prevLogIndex=1, prevLogTerm=2, entries=0, commitIndex=1}
21:52:24.626 [raft-server-raft-partition-3] TRACE i.a.p.raft.roles.FollowerRole - RaftServer{raft-partition-3}{role=FOLLOWER} - Sending AppendResponse{status=OK, term=3, succeeded=true, lastLogIndex=1}
21:52:24.626 [raft-server-raft-partition-3] TRACE i.a.p.raft.roles.LeaderAppender - RaftServer{raft-partition-3} - Received AppendResponse{status=OK, term=3, succeeded=true, lastLogIndex=1} from 3
21:52:24.626 [raft-server-raft-partition-3] TRACE i.a.p.raft.roles.LeaderAppender - RaftServer{raft-partition-3} - Sending AppendRequest{term=3, leader=1, prevLogIndex=1, prevLogTerm=2, entries=0, commitIndex=1} to 3
21:52:24.626 [raft-server-raft-partition-3] TRACE i.a.p.raft.roles.LeaderAppender - RaftServer{raft-partition-3} - Received AppendResponse{status=OK, term=3, succeeded=true, lastLogIndex=1} from 2
21:52:24.626 [raft-server-raft-partition-3] TRACE i.a.p.raft.roles.LeaderAppender - RaftServer{raft-partition-3} - Sending AppendRequest{term=3, leader=1, prevLogIndex=1, prevLogTerm=2, entries=0, commitIndex=1} to 2
21:52:24.626 [raft-server-raft-partition-3] TRACE i.a.p.raft.roles.FollowerRole - RaftServer{raft-partition-3}{role=FOLLOWER} - Received AppendRequest{term=3, leader=1, prevLogIndex=1, prevLogTerm=2, entries=0, commitIndex=1}
21:52:24.626 [raft-server-raft-partition-3] TRACE i.a.p.raft.roles.FollowerRole - RaftServer{raft-partition-3}{role=FOLLOWER} - Sending AppendResponse{status=OK, term=3, succeeded=true, lastLogIndex=1}
21:52:24.626 [raft-server-raft-partition-3] TRACE i.a.p.raft.roles.FollowerRole - RaftServer{raft-partition-3}{role=FOLLOWER} - Received AppendRequest{term=3, leader=1, prevLogIndex=1, prevLogTerm=2, entries=0, commitIndex=1}
21:52:24.626 [raft-server-raft-partition-3] TRACE i.a.p.raft.roles.LeaderAppender - RaftServer{raft-partition-3} - Received AppendResponse{status=OK, term=3, succeeded=true, lastLogIndex=1} from 3
21:52:24.626 [raft-server-raft-partition-3] TRACE i.a.p.raft.roles.FollowerRole - RaftServer{raft-partition-3}{role=FOLLOWER} - Sending AppendResponse{status=OK, term=3, succeeded=true, lastLogIndex=1}
21:52:24.626 [raft-server-raft-partition-3] TRACE i.a.p.raft.roles.LeaderAppender - RaftServer{raft-partition-3} - Received AppendResponse{status=OK, term=3, succeeded=true, lastLogIndex=1} from 2
21:52:24.634 [raft-server-raft-partition-1] TRACE i.a.p.raft.roles.LeaderAppender - RaftServer{raft-partition-1} - Sending AppendRequest{term=1, leader=2, prevLogIndex=1, prevLogTerm=1, entries=0, commitIndex=1} to 3
21:52:24.635 [raft-server-raft-partition-1] TRACE i.a.p.raft.roles.FollowerRole - RaftServer{raft-partition-1}{role=FOLLOWER} - Received AppendRequest{term=1, leader=2, prevLogIndex=1, prevLogTerm=1, entries=0, commitIndex=1}
21:52:24.635 [raft-server-raft-partition-1] TRACE i.a.p.raft.roles.FollowerRole - RaftServer{raft-partition-1}{role=FOLLOWER} - Sending AppendResponse{status=OK, term=1, succeeded=true, lastLogIndex=1}
21:52:24.635 [raft-server-raft-partition-1] TRACE i.a.p.raft.roles.LeaderAppender - RaftServer{raft-partition-1} - Received AppendResponse{status=OK, term=1, succeeded=true, lastLogIndex=1} from 3
21:52:24.635 [raft-server-raft-partition-1] TRACE i.a.p.raft.roles.LeaderAppender - RaftServer{raft-partition-1} - Sending AppendRequest{term=1, leader=2, prevLogIndex=1, prevLogTerm=1, entries=0, commitIndex=1} to 3
21:52:24.635 [raft-server-raft-partition-1] TRACE i.a.p.raft.roles.FollowerRole - RaftServer{raft-partition-1}{role=FOLLOWER} - Received AppendRequest{term=1, leader=2, prevLogIndex=1, prevLogTerm=1, entries=0, commitIndex=1}
21:52:24.635 [raft-server-raft-partition-1] TRACE i.a.p.raft.roles.FollowerRole - RaftServer{raft-partition-1}{role=FOLLOWER} - Sending AppendResponse{status=OK, term=1, succeeded=true, lastLogIndex=1}
21:52:24.636 [raft-server-raft-partition-1] TRACE i.a.p.raft.roles.LeaderAppender - RaftServer{raft-partition-1} - Received AppendResponse{status=OK, term=1, succeeded=true, lastLogIndex=1} from 3
21:52:24.667 [raft-server-system-partition-1] TRACE i.a.p.raft.roles.LeaderAppender - RaftServer{system-partition-1} - Sending AppendRequest{term=1, leader=1, prevLogIndex=16, prevLogTerm=1, entries=0, commitIndex=16} to 2
21:52:24.667 [raft-server-system-partition-1] TRACE i.a.p.raft.roles.LeaderAppender - RaftServer{system-partition-1} - Sending AppendRequest{term=1, leader=1, prevLogIndex=16, prevLogTerm=1, entries=0, commitIndex=16} to 3
21:52:24.668 [raft-server-system-partition-1] TRACE i.a.p.raft.roles.FollowerRole - RaftServer{system-partition-1}{role=FOLLOWER} - Received AppendRequest{term=1, leader=1, prevLogIndex=16, prevLogTerm=1, entries=0, commitIndex=16}
21:52:24.668 [raft-server-system-partition-1] TRACE i.a.p.raft.roles.FollowerRole - RaftServer{system-partition-1}{role=FOLLOWER} - Received AppendRequest{term=1, leader=1, prevLogIndex=16, prevLogTerm=1, entries=0, commitIndex=16}
21:52:24.668 [raft-server-system-partition-1] TRACE i.a.p.raft.roles.FollowerRole - RaftServer{system-partition-1}{role=FOLLOWER} - Sending AppendResponse{status=OK, term=1, succeeded=true, lastLogIndex=16}
21:52:24.668 [raft-server-system-partition-1] TRACE i.a.p.raft.roles.FollowerRole - RaftServer{system-partition-1}{role=FOLLOWER} - Sending AppendResponse{status=OK, term=1, succeeded=true, lastLogIndex=16}
21:52:24.668 [raft-server-system-partition-1] TRACE i.a.p.raft.roles.LeaderAppender - RaftServer{system-partition-1} - Received AppendResponse{status=OK, term=1, succeeded=true, lastLogIndex=16} from 3
21:52:24.668 [raft-server-system-partition-1] TRACE i.a.p.raft.roles.LeaderAppender - RaftServer{system-partition-1} - Sending AppendRequest{term=1, leader=1, prevLogIndex=16, prevLogTerm=1, entries=0, commitIndex=16} to 3
21:52:24.668 [raft-server-system-partition-1] TRACE i.a.p.raft.roles.LeaderAppender - RaftServer{system-partition-1} - Received AppendResponse{status=OK, term=1, succeeded=true, lastLogIndex=16} from 2
21:52:24.668 [raft-server-system-partition-1] TRACE i.a.p.raft.roles.LeaderAppender - RaftServer{system-partition-1} - Sending AppendRequest{term=1, leader=1, prevLogIndex=16, prevLogTerm=1, entries=0, commitIndex=16} to 2
21:52:24.668 [raft-server-system-partition-1] TRACE i.a.p.raft.roles.FollowerRole - RaftServer{system-partition-1}{role=FOLLOWER} - Received AppendRequest{term=1, leader=1, prevLogIndex=16, prevLogTerm=1, entries=0, commitIndex=16}
21:52:24.668 [raft-server-system-partition-1] TRACE i.a.p.raft.roles.FollowerRole - RaftServer{system-partition-1}{role=FOLLOWER} - Sending AppendResponse{status=OK, term=1, succeeded=true, lastLogIndex=16}
21:52:24.668 [raft-server-system-partition-1] TRACE i.a.p.raft.roles.FollowerRole - RaftServer{system-partition-1}{role=FOLLOWER} - Received AppendRequest{term=1, leader=1, prevLogIndex=16, prevLogTerm=1, entries=0, commitIndex=16}
21:52:24.668 [raft-server-system-partition-1] TRACE i.a.p.raft.roles.FollowerRole - RaftServer{system-partition-1}{role=FOLLOWER} - Sending AppendResponse{status=OK, term=1, succeeded=true, lastLogIndex=16}
21:52:24.669 [raft-server-system-partition-1] TRACE i.a.p.raft.roles.LeaderAppender - RaftServer{system-partition-1} - Received AppendResponse{status=OK, term=1, succeeded=true, lastLogIndex=16} from 3
21:52:24.669 [raft-server-system-partition-1] TRACE i.a.p.raft.roles.LeaderAppender - RaftServer{system-partition-1} - Received AppendResponse{status=OK, term=1, succeeded=true, lastLogIndex=16} from 2
21:52:24.709 [raft-server-raft-partition-5] TRACE i.a.p.raft.roles.LeaderAppender - RaftServer{raft-partition-5} - Sending AppendRequest{term=1, leader=3, prevLogIndex=1, prevLogTerm=1, entries=0, commitIndex=1} to 1
21:52:24.709 [raft-server-raft-partition-5] TRACE i.a.p.raft.roles.LeaderAppender - RaftServer{raft-partition-5} - Sending AppendRequest{term=1, leader=3, prevLogIndex=1, prevLogTerm=1, entries=0, commitIndex=1} to 2
21:52:24.709 [raft-server-raft-partition-7] TRACE i.a.p.raft.roles.LeaderAppender - RaftServer{raft-partition-7} - Sending AppendRequest{term=1, leader=2, prevLogIndex=1, prevLogTerm=1, entries=0, commitIndex=1} to 1
21:52:24.709 [raft-server-raft-partition-5] TRACE i.a.p.raft.roles.FollowerRole - RaftServer{raft-partition-5}{role=FOLLOWER} - Received AppendRequest{term=1, leader=3, prevLogIndex=1, prevLogTerm=1, entries=0, commitIndex=1}
21:52:24.709 [raft-server-raft-partition-7] TRACE i.a.p.raft.roles.LeaderAppender - RaftServer{raft-partition-7} - Sending AppendRequest{term=1, leader=2, prevLogIndex=1, prevLogTerm=1, entries=0, commitIndex=1} to 3
21:52:24.709 [raft-server-raft-partition-5] TRACE i.a.p.raft.roles.FollowerRole - RaftServer{raft-partition-5}{role=FOLLOWER} - Received AppendRequest{term=1, leader=3, prevLogIndex=1, prevLogTerm=1, entries=0, commitIndex=1}
21:52:24.709 [raft-server-raft-partition-5] TRACE i.a.p.raft.roles.FollowerRole - RaftServer{raft-partition-5}{role=FOLLOWER} - Sending AppendResponse{status=OK, term=1, succeeded=true, lastLogIndex=1}
21:52:24.709 [raft-server-raft-partition-7] TRACE i.a.p.raft.roles.FollowerRole - RaftServer{raft-partition-7}{role=FOLLOWER} - Received AppendRequest{term=1, leader=2, prevLogIndex=1, prevLogTerm=1, entries=0, commitIndex=1}
21:52:24.709 [raft-server-raft-partition-5] TRACE i.a.p.raft.roles.FollowerRole - RaftServer{raft-partition-5}{role=FOLLOWER} - Sending AppendResponse{status=OK, term=1, succeeded=true, lastLogIndex=1}
21:52:24.709 [raft-server-raft-partition-7] TRACE i.a.p.raft.roles.FollowerRole - RaftServer{raft-partition-7}{role=FOLLOWER} - Received AppendRequest{term=1, leader=2, prevLogIndex=1, prevLogTerm=1, entries=0, commitIndex=1}
21:52:24.709 [raft-server-raft-partition-7] TRACE i.a.p.raft.roles.FollowerRole - RaftServer{raft-partition-7}{role=FOLLOWER} - Sending AppendResponse{status=OK, term=1, succeeded=true, lastLogIndex=1}
21:52:24.709 [raft-server-raft-partition-5] TRACE i.a.p.raft.roles.LeaderAppender - RaftServer{raft-partition-5} - Received AppendResponse{status=OK, term=1, succeeded=true, lastLogIndex=1} from 1
21:52:24.710 [raft-server-raft-partition-7] TRACE i.a.p.raft.roles.FollowerRole - RaftServer{raft-partition-7}{role=FOLLOWER} - Sending AppendResponse{status=OK, term=1, succeeded=true, lastLogIndex=1}
21:52:24.710 [raft-server-raft-partition-5] TRACE i.a.p.raft.roles.LeaderAppender - RaftServer{raft-partition-5} - Sending AppendRequest{term=1, leader=3, prevLogIndex=1, prevLogTerm=1, entries=0, commitIndex=1} to 1
21:52:24.710 [raft-server-raft-partition-7] TRACE i.a.p.raft.roles.LeaderAppender - RaftServer{raft-partition-7} - Received AppendResponse{status=OK, term=1, succeeded=true, lastLogIndex=1} from 1
21:52:24.710 [raft-server-raft-partition-5] TRACE i.a.p.raft.roles.LeaderAppender - RaftServer{raft-partition-5} - Received AppendResponse{status=OK, term=1, succeeded=true, lastLogIndex=1} from 2
21:52:24.710 [raft-server-raft-partition-7] TRACE i.a.p.raft.roles.LeaderAppender - RaftServer{raft-partition-7} - Sending AppendRequest{term=1, leader=2, prevLogIndex=1, prevLogTerm=1, entries=0, commitIndex=1} to 1
21:52:24.710 [raft-server-raft-partition-5] TRACE i.a.p.raft.roles.LeaderAppender - RaftServer{raft-partition-5} - Sending AppendRequest{term=1, leader=3, prevLogIndex=1, prevLogTerm=1, entries=0, commitIndex=1} to 2
21:52:24.710 [raft-server-raft-partition-7] TRACE i.a.p.raft.roles.LeaderAppender - RaftServer{raft-partition-7} - Received AppendResponse{status=OK, term=1, succeeded=true, lastLogIndex=1} from 3
21:52:24.710 [raft-server-raft-partition-7] TRACE i.a.p.raft.roles.LeaderAppender - RaftServer{raft-partition-7} - Sending AppendRequest{term=1, leader=2, prevLogIndex=1, prevLogTerm=1, entries=0, commitIndex=1} to 3
21:52:24.710 [raft-server-raft-partition-7] TRACE i.a.p.raft.roles.FollowerRole - RaftServer{raft-partition-7}{role=FOLLOWER} - Received AppendRequest{term=1, leader=2, prevLogIndex=1, prevLogTerm=1, entries=0, commitIndex=1}
21:52:24.710 [raft-server-raft-partition-7] TRACE i.a.p.raft.roles.FollowerRole - RaftServer{raft-partition-7}{role=FOLLOWER} - Sending AppendResponse{status=OK, term=1, succeeded=true, lastLogIndex=1}
21:52:24.710 [raft-server-raft-partition-5] TRACE i.a.p.raft.roles.FollowerRole - RaftServer{raft-partition-5}{role=FOLLOWER} - Received AppendRequest{term=1, leader=3, prevLogIndex=1, prevLogTerm=1, entries=0, commitIndex=1}
21:52:24.710 [raft-server-raft-partition-5] TRACE i.a.p.raft.roles.FollowerRole - RaftServer{raft-partition-5}{role=FOLLOWER} - Sending AppendResponse{status=OK, term=1, succeeded=true, lastLogIndex=1}
21:52:24.710 [raft-server-raft-partition-5] TRACE i.a.p.raft.roles.FollowerRole - RaftServer{raft-partition-5}{role=FOLLOWER} - Received AppendRequest{term=1, leader=3, prevLogIndex=1, prevLogTerm=1, entries=0, commitIndex=1}
21:52:24.710 [raft-server-raft-partition-7] TRACE i.a.p.raft.roles.FollowerRole - RaftServer{raft-partition-7}{role=FOLLOWER} - Received AppendRequest{term=1, leader=2, prevLogIndex=1, prevLogTerm=1, entries=0, commitIndex=1}
21:52:24.710 [raft-server-raft-partition-5] TRACE i.a.p.raft.roles.FollowerRole - RaftServer{raft-partition-5}{role=FOLLOWER} - Sending AppendResponse{status=OK, term=1, succeeded=true, lastLogIndex=1}
21:52:24.710 [raft-server-raft-partition-7] TRACE i.a.p.raft.roles.LeaderAppender - RaftServer{raft-partition-7} - Received AppendResponse{status=OK, term=1, succeeded=true, lastLogIndex=1} from 1
21:52:24.710 [raft-server-raft-partition-5] TRACE i.a.p.raft.roles.LeaderAppender - RaftServer{raft-partition-5} - Received AppendResponse{status=OK, term=1, succeeded=true, lastLogIndex=1} from 2
21:52:24.710 [raft-server-raft-partition-7] TRACE i.a.p.raft.roles.FollowerRole - RaftServer{raft-partition-7}{role=FOLLOWER} - Sending AppendResponse{status=OK, term=1, succeeded=true, lastLogIndex=1}
21:52:24.711 [raft-server-raft-partition-5] TRACE i.a.p.raft.roles.LeaderAppender - RaftServer{raft-partition-5} - Received AppendResponse{status=OK, term=1, succeeded=true, lastLogIndex=1} from 1
21:52:24.711 [raft-server-raft-partition-7] TRACE i.a.p.raft.roles.LeaderAppender - RaftServer{raft-partition-7} - Received AppendResponse{status=OK, term=1, succeeded=true, lastLogIndex=1} from 3
21:52:24.743 [raft-server-raft-partition-4] TRACE i.a.p.raft.roles.LeaderAppender - RaftServer{raft-partition-4} - Sending AppendRequest{term=1, leader=1, prevLogIndex=1, prevLogTerm=1, entries=0, commitIndex=1} to 2
21:52:24.743 [raft-server-raft-partition-4] TRACE i.a.p.raft.roles.LeaderAppender - RaftServer{raft-partition-4} - Sending AppendRequest{term=1, leader=1, prevLogIndex=1, prevLogTerm=1, entries=0, commitIndex=1} to 3
21:52:24.743 [raft-server-raft-partition-4] TRACE i.a.p.raft.roles.FollowerRole - RaftServer{raft-partition-4}{role=FOLLOWER} - Received AppendRequest{term=1, leader=1, prevLogIndex=1, prevLogTerm=1, entries=0, commitIndex=1}
21:52:24.743 [raft-server-raft-partition-4] TRACE i.a.p.raft.roles.FollowerRole - RaftServer{raft-partition-4}{role=FOLLOWER} - Sending AppendResponse{status=OK, term=1, succeeded=true, lastLogIndex=1}
21:52:24.743 [raft-server-raft-partition-4] TRACE i.a.p.raft.roles.FollowerRole - RaftServer{raft-partition-4}{role=FOLLOWER} - Received AppendRequest{term=1, leader=1, prevLogIndex=1, prevLogTerm=1, entries=0, commitIndex=1}
21:52:24.743 [raft-server-raft-partition-4] TRACE i.a.p.raft.roles.FollowerRole - RaftServer{raft-partition-4}{role=FOLLOWER} - Sending AppendResponse{status=OK, term=1, succeeded=true, lastLogIndex=1}
21:52:24.744 [raft-server-raft-partition-4] TRACE i.a.p.raft.roles.LeaderAppender - RaftServer{raft-partition-4} - Received AppendResponse{status=OK, term=1, succeeded=true, lastLogIndex=1} from 3
21:52:24.744 [raft-server-raft-partition-4] TRACE i.a.p.raft.roles.LeaderAppender - RaftServer{raft-partition-4} - Sending AppendRequest{term=1, leader=1, prevLogIndex=1, prevLogTerm=1, entries=0, commitIndex=1} to 3
21:52:24.744 [raft-server-raft-partition-4] TRACE i.a.p.raft.roles.LeaderAppender - RaftServer{raft-partition-4} - Received AppendResponse{status=OK, term=1, succeeded=true, lastLogIndex=1} from 2
21:52:24.744 [raft-server-raft-partition-4] TRACE i.a.p.raft.roles.LeaderAppender - RaftServer{raft-partition-4} - Sending AppendRequest{term=1, leader=1, prevLogIndex=1, prevLogTerm=1, entries=0, commitIndex=1} to 2
21:52:24.744 [raft-server-raft-partition-4] TRACE i.a.p.raft.roles.FollowerRole - RaftServer{raft-partition-4}{role=FOLLOWER} - Received AppendRequest{term=1, leader=1, prevLogIndex=1, prevLogTerm=1, entries=0, commitIndex=1}
21:52:24.744 [raft-server-raft-partition-4] TRACE i.a.p.raft.roles.FollowerRole - RaftServer{raft-partition-4}{role=FOLLOWER} - Sending AppendResponse{status=OK, term=1, succeeded=true, lastLogIndex=1}
21:52:24.744 [raft-server-raft-partition-4] TRACE i.a.p.raft.roles.FollowerRole - RaftServer{raft-partition-4}{role=FOLLOWER} - Received AppendRequest{term=1, leader=1, prevLogIndex=1, prevLogTerm=1, entries=0, commitIndex=1}
21:52:24.744 [raft-server-raft-partition-4] TRACE i.a.p.raft.roles.FollowerRole - RaftServer{raft-partition-4}{role=FOLLOWER} - Sending AppendResponse{status=OK, term=1, succeeded=true, lastLogIndex=1}
21:52:24.744 [raft-server-raft-partition-4] TRACE i.a.p.raft.roles.LeaderAppender - RaftServer{raft-partition-4} - Received AppendResponse{status=OK, term=1, succeeded=true, lastLogIndex=1} from 3
21:52:24.744 [raft-server-raft-partition-4] TRACE i.a.p.raft.roles.LeaderAppender - RaftServer{raft-partition-4} - Received AppendResponse{status=OK, term=1, succeeded=true, lastLogIndex=1} from 2
21:52:24.817 [raft-server-raft-partition-2] TRACE i.a.p.raft.roles.LeaderAppender - RaftServer{raft-partition-2} - Sending AppendRequest{term=1, leader=1, prevLogIndex=1, prevLogTerm=1, entries=0, commitIndex=1} to 2
21:52:24.817 [raft-server-raft-partition-2] TRACE i.a.p.raft.roles.LeaderAppender - RaftServer{raft-partition-2} - Sending AppendRequest{term=1, leader=1, prevLogIndex=1, prevLogTerm=1, entries=0, commitIndex=1} to 3
21:52:24.818 [raft-server-raft-partition-2] TRACE i.a.p.raft.roles.FollowerRole - RaftServer{raft-partition-2}{role=FOLLOWER} - Received AppendRequest{term=1, leader=1, prevLogIndex=1, prevLogTerm=1, entries=0, commitIndex=1}
21:52:24.818 [raft-server-raft-partition-2] TRACE i.a.p.raft.roles.FollowerRole - RaftServer{raft-partition-2}{role=FOLLOWER} - Received AppendRequest{term=1, leader=1, prevLogIndex=1, prevLogTerm=1, entries=0, commitIndex=1}
21:52:24.818 [raft-server-raft-partition-2] TRACE i.a.p.raft.roles.FollowerRole - RaftServer{raft-partition-2}{role=FOLLOWER} - Sending AppendResponse{status=OK, term=1, succeeded=true, lastLogIndex=1}
21:52:24.818 [raft-server-raft-partition-2] TRACE i.a.p.raft.roles.FollowerRole - RaftServer{raft-partition-2}{role=FOLLOWER} - Sending AppendResponse{status=OK, term=1, succeeded=true, lastLogIndex=1}
21:52:24.818 [raft-server-raft-partition-2] TRACE i.a.p.raft.roles.LeaderAppender - RaftServer{raft-partition-2} - Received AppendResponse{status=OK, term=1, succeeded=true, lastLogIndex=1} from 3
21:52:24.818 [raft-server-raft-partition-2] TRACE i.a.p.raft.roles.LeaderAppender - RaftServer{raft-partition-2} - Sending AppendRequest{term=1, leader=1, prevLogIndex=1, prevLogTerm=1, entries=0, commitIndex=1} to 3
21:52:24.818 [raft-server-raft-partition-2] TRACE i.a.p.raft.roles.LeaderAppender - RaftServer{raft-partition-2} - Received AppendResponse{status=OK, term=1, succeeded=true, lastLogIndex=1} from 2
21:52:24.818 [raft-server-raft-partition-2] TRACE i.a.p.raft.roles.LeaderAppender - RaftServer{raft-partition-2} - Sending AppendRequest{term=1, leader=1, prevLogIndex=1, prevLogTerm=1, entries=0, commitIndex=1} to 2
21:52:24.818 [raft-server-raft-partition-2] TRACE i.a.p.raft.roles.FollowerRole - RaftServer{raft-partition-2}{role=FOLLOWER} - Received AppendRequest{term=1, leader=1, prevLogIndex=1, prevLogTerm=1, entries=0, commitIndex=1}
21:52:24.818 [raft-server-raft-partition-2] TRACE i.a.p.raft.roles.FollowerRole - RaftServer{raft-partition-2}{role=FOLLOWER} - Received AppendRequest{term=1, leader=1, prevLogIndex=1, prevLogTerm=1, entries=0, commitIndex=1}
21:52:24.818 [raft-server-raft-partition-2] TRACE i.a.p.raft.roles.FollowerRole - RaftServer{raft-partition-2}{role=FOLLOWER} - Sending AppendResponse{status=OK, term=1, succeeded=true, lastLogIndex=1}
21:52:24.818 [raft-server-raft-partition-2] TRACE i.a.p.raft.roles.FollowerRole - RaftServer{raft-partition-2}{role=FOLLOWER} - Sending AppendResponse{status=OK, term=1, succeeded=true, lastLogIndex=1}
21:52:24.819 [raft-server-raft-partition-2] TRACE i.a.p.raft.roles.LeaderAppender - RaftServer{raft-partition-2} - Received AppendResponse{status=OK, term=1, succeeded=true, lastLogIndex=1} from 3
21:52:24.819 [raft-server-raft-partition-2] TRACE i.a.p.raft.roles.LeaderAppender - RaftServer{raft-partition-2} - Received AppendResponse{status=OK, term=1, succeeded=true, lastLogIndex=1} from 2
21:52:24.826 [raft-server-raft-partition-6] TRACE i.a.p.raft.roles.LeaderAppender - RaftServer{raft-partition-6} - Sending AppendRequest{term=1, leader=1, prevLogIndex=1, prevLogTerm=1, entries=0, commitIndex=1} to 2
21:52:24.826 [raft-server-raft-partition-6] TRACE i.a.p.raft.roles.LeaderAppender - RaftServer{raft-partition-6} - Sending AppendRequest{term=1, leader=1, prevLogIndex=1, prevLogTerm=1, entries=0, commitIndex=1} to 3
21:52:24.826 [raft-server-raft-partition-6] TRACE i.a.p.raft.roles.FollowerRole - RaftServer{raft-partition-6}{role=FOLLOWER} - Received AppendRequest{term=1, leader=1, prevLogIndex=1, prevLogTerm=1, entries=0, commitIndex=1}
21:52:24.826 [raft-server-raft-partition-6] TRACE i.a.p.raft.roles.FollowerRole - RaftServer{raft-partition-6}{role=FOLLOWER} - Sending AppendResponse{status=OK, term=1, succeeded=true, lastLogIndex=1}
21:52:24.826 [raft-server-raft-partition-6] TRACE i.a.p.raft.roles.FollowerRole - RaftServer{raft-partition-6}{role=FOLLOWER} - Received AppendRequest{term=1, leader=1, prevLogIndex=1, prevLogTerm=1, entries=0, commitIndex=1}
21:52:24.826 [raft-server-raft-partition-6] TRACE i.a.p.raft.roles.FollowerRole - RaftServer{raft-partition-6}{role=FOLLOWER} - Sending AppendResponse{status=OK, term=1, succeeded=true, lastLogIndex=1}
21:52:24.826 [raft-server-raft-partition-6] TRACE i.a.p.raft.roles.LeaderAppender - RaftServer{raft-partition-6} - Received AppendResponse{status=OK, term=1, succeeded=true, lastLogIndex=1} from 2
21:52:24.826 [raft-server-raft-partition-6] TRACE i.a.p.raft.roles.LeaderAppender - RaftServer{raft-partition-6} - Sending AppendRequest{term=1, leader=1, prevLogIndex=1, prevLogTerm=1, entries=0, commitIndex=1} to 2
21:52:24.826 [raft-server-raft-partition-6] TRACE i.a.p.raft.roles.LeaderAppender - RaftServer{raft-partition-6} - Received AppendResponse{status=OK, term=1, succeeded=true, lastLogIndex=1} from 3
21:52:24.826 [raft-server-raft-partition-6] TRACE i.a.p.raft.roles.LeaderAppender - RaftServer{raft-partition-6} - Sending AppendRequest{term=1, leader=1, prevLogIndex=1, prevLogTerm=1, entries=0, commitIndex=1} to 3
21:52:24.826 [raft-server-raft-partition-6] TRACE i.a.p.raft.roles.FollowerRole - RaftServer{raft-partition-6}{role=FOLLOWER} - Received AppendRequest{term=1, leader=1, prevLogIndex=1, prevLogTerm=1, entries=0, commitIndex=1}
21:52:24.826 [raft-server-raft-partition-6] TRACE i.a.p.raft.roles.FollowerRole - RaftServer{raft-partition-6}{role=FOLLOWER} - Sending AppendResponse{status=OK, term=1, succeeded=true, lastLogIndex=1}
21:52:24.826 [raft-server-raft-partition-6] TRACE i.a.p.raft.roles.FollowerRole - RaftServer{raft-partition-6}{role=FOLLOWER} - Received AppendRequest{term=1, leader=1, prevLogIndex=1, prevLogTerm=1, entries=0, commitIndex=1}
21:52:24.826 [raft-server-raft-partition-6] TRACE i.a.p.raft.roles.FollowerRole - RaftServer{raft-partition-6}{role=FOLLOWER} - Sending AppendResponse{status=OK, term=1, succeeded=true, lastLogIndex=1}
21:52:24.827 [raft-server-raft-partition-6] TRACE i.a.p.raft.roles.LeaderAppender - RaftServer{raft-partition-6} - Received AppendResponse{status=OK, term=1, succeeded=true, lastLogIndex=1} from 2
21:52:24.827 [raft-server-raft-partition-6] TRACE i.a.p.raft.roles.LeaderAppender - RaftServer{raft-partition-6} - Sending AppendRequest{term=1, leader=1, prevLogIndex=1, prevLogTerm=1, entries=0, commitIndex=1} to 2
21:52:24.827 [raft-server-raft-partition-6] TRACE i.a.p.raft.roles.LeaderAppender - RaftServer{raft-partition-6} - Received AppendResponse{status=OK, term=1, succeeded=true, lastLogIndex=1} from 3
21:52:24.827 [raft-server-raft-partition-6] TRACE i.a.p.raft.roles.LeaderAppender - RaftServer{raft-partition-6} - Sending AppendRequest{term=1, leader=1, prevLogIndex=1, prevLogTerm=1, entries=0, commitIndex=1} to 3
21:52:24.827 [raft-server-raft-partition-6] TRACE i.a.p.raft.roles.FollowerRole - RaftServer{raft-partition-6}{role=FOLLOWER} - Received AppendRequest{term=1, leader=1, prevLogIndex=1, prevLogTerm=1, entries=0, commitIndex=1}
21:52:24.827 [raft-server-raft-partition-6] TRACE i.a.p.raft.roles.FollowerRole - RaftServer{raft-partition-6}{role=FOLLOWER} - Sending AppendResponse{status=OK, term=1, succeeded=true, lastLogIndex=1}
21:52:24.827 [raft-server-raft-partition-6] TRACE i.a.p.raft.roles.FollowerRole - RaftServer{raft-partition-6}{role=FOLLOWER} - Received AppendRequest{term=1, leader=1, prevLogIndex=1, prevLogTerm=1, entries=0, commitIndex=1}
21:52:24.827 [raft-server-raft-partition-6] TRACE i.a.p.raft.roles.FollowerRole - RaftServer{raft-partition-6}{role=FOLLOWER} - Sending AppendResponse{status=OK, term=1, succeeded=true, lastLogIndex=1}
21:52:24.827 [raft-server-raft-partition-6] TRACE i.a.p.raft.roles.LeaderAppender - RaftServer{raft-partition-6} - Received AppendResponse{status=OK, term=1, succeeded=true, lastLogIndex=1} from 2
21:52:24.827 [raft-server-raft-partition-6] TRACE i.a.p.raft.roles.LeaderAppender - RaftServer{raft-partition-6} - Received AppendResponse{status=OK, term=1, succeeded=true, lastLogIndex=1} from 3
21:52:24.875 [raft-server-raft-partition-3] TRACE i.a.p.raft.roles.LeaderAppender - RaftServer{raft-partition-3} - Sending AppendRequest{term=3, leader=1, prevLogIndex=1, prevLogTerm=2, entries=0, commitIndex=1} to 2
21:52:24.875 [raft-server-raft-partition-3] TRACE i.a.p.raft.roles.LeaderAppender - RaftServer{raft-partition-3} - Sending AppendRequest{term=3, leader=1, prevLogIndex=1, prevLogTerm=2, entries=0, commitIndex=1} to 3
21:52:24.875 [raft-server-raft-partition-3] TRACE i.a.p.raft.roles.FollowerRole - RaftServer{raft-partition-3}{role=FOLLOWER} - Received AppendRequest{term=3, leader=1, prevLogIndex=1, prevLogTerm=2, entries=0, commitIndex=1}
21:52:24.875 [raft-server-raft-partition-3] TRACE i.a.p.raft.roles.FollowerRole - RaftServer{raft-partition-3}{role=FOLLOWER} - Received AppendRequest{term=3, leader=1, prevLogIndex=1, prevLogTerm=2, entries=0, commitIndex=1}
21:52:24.875 [raft-server-raft-partition-3] TRACE i.a.p.raft.roles.FollowerRole - RaftServer{raft-partition-3}{role=FOLLOWER} - Sending AppendResponse{status=OK, term=3, succeeded=true, lastLogIndex=1}
21:52:24.875 [raft-server-raft-partition-3] TRACE i.a.p.raft.roles.FollowerRole - RaftServer{raft-partition-3}{role=FOLLOWER} - Sending AppendResponse{status=OK, term=3, succeeded=true, lastLogIndex=1}
21:52:24.875 [raft-server-raft-partition-3] TRACE i.a.p.raft.roles.LeaderAppender - RaftServer{raft-partition-3} - Received AppendResponse{status=OK, term=3, succeeded=true, lastLogIndex=1} from 3
21:52:24.875 [raft-server-raft-partition-3] TRACE i.a.p.raft.roles.LeaderAppender - RaftServer{raft-partition-3} - Sending AppendRequest{term=3, leader=1, prevLogIndex=1, prevLogTerm=2, entries=0, commitIndex=1} to 3
21:52:24.875 [raft-server-raft-partition-3] TRACE i.a.p.raft.roles.LeaderAppender - RaftServer{raft-partition-3} - Received AppendResponse{status=OK, term=3, succeeded=true, lastLogIndex=1} from 2
21:52:24.875 [raft-server-raft-partition-3] TRACE i.a.p.raft.roles.LeaderAppender - RaftServer{raft-partition-3} - Sending AppendRequest{term=3, leader=1, prevLogIndex=1, prevLogTerm=2, entries=0, commitIndex=1} to 2
21:52:24.876 [raft-server-raft-partition-3] TRACE i.a.p.raft.roles.FollowerRole - RaftServer{raft-partition-3}{role=FOLLOWER} - Received AppendRequest{term=3, leader=1, prevLogIndex=1, prevLogTerm=2, entries=0, commitIndex=1}
21:52:24.876 [raft-server-raft-partition-3] TRACE i.a.p.raft.roles.FollowerRole - RaftServer{raft-partition-3}{role=FOLLOWER} - Sending AppendResponse{status=OK, term=3, succeeded=true, lastLogIndex=1}
21:52:24.876 [raft-server-raft-partition-3] TRACE i.a.p.raft.roles.FollowerRole - RaftServer{raft-partition-3}{role=FOLLOWER} - Received AppendRequest{term=3, leader=1, prevLogIndex=1, prevLogTerm=2, entries=0, commitIndex=1}
21:52:24.876 [raft-server-raft-partition-3] TRACE i.a.p.raft.roles.FollowerRole - RaftServer{raft-partition-3}{role=FOLLOWER} - Sending AppendResponse{status=OK, term=3, succeeded=true, lastLogIndex=1}
21:52:24.876 [raft-server-raft-partition-3] TRACE i.a.p.raft.roles.LeaderAppender - RaftServer{raft-partition-3} - Received AppendResponse{status=OK, term=3, succeeded=true, lastLogIndex=1} from 3
21:52:24.876 [raft-server-raft-partition-3] TRACE i.a.p.raft.roles.LeaderAppender - RaftServer{raft-partition-3} - Sending AppendRequest{term=3, leader=1, prevLogIndex=1, prevLogTerm=2, entries=0, commitIndex=1} to 3
21:52:24.876 [raft-server-raft-partition-3] TRACE i.a.p.raft.roles.LeaderAppender - RaftServer{raft-partition-3} - Received AppendResponse{status=OK, term=3, succeeded=true, lastLogIndex=1} from 2
21:52:24.876 [raft-server-raft-partition-3] TRACE i.a.p.raft.roles.LeaderAppender - RaftServer{raft-partition-3} - Sending AppendRequest{term=3, leader=1, prevLogIndex=1, prevLogTerm=2, entries=0, commitIndex=1} to 2
21:52:24.876 [raft-server-raft-partition-3] TRACE i.a.p.raft.roles.FollowerRole - RaftServer{raft-partition-3}{role=FOLLOWER} - Received AppendRequest{term=3, leader=1, prevLogIndex=1, prevLogTerm=2, entries=0, commitIndex=1}
21:52:24.876 [raft-server-raft-partition-3] TRACE i.a.p.raft.roles.FollowerRole - RaftServer{raft-partition-3}{role=FOLLOWER} - Sending AppendResponse{status=OK, term=3, succeeded=true, lastLogIndex=1}
21:52:24.876 [raft-server-raft-partition-3] TRACE i.a.p.raft.roles.FollowerRole - RaftServer{raft-partition-3}{role=FOLLOWER} - Received AppendRequest{term=3, leader=1, prevLogIndex=1, prevLogTerm=2, entries=0, commitIndex=1}
21:52:24.876 [raft-server-raft-partition-3] TRACE i.a.p.raft.roles.FollowerRole - RaftServer{raft-partition-3}{role=FOLLOWER} - Sending AppendResponse{status=OK, term=3, succeeded=true, lastLogIndex=1}
21:52:24.876 [raft-server-raft-partition-3] TRACE i.a.p.raft.roles.LeaderAppender - RaftServer{raft-partition-3} - Received AppendResponse{status=OK, term=3, succeeded=true, lastLogIndex=1} from 3
21:52:24.876 [raft-server-raft-partition-3] TRACE i.a.p.raft.roles.LeaderAppender - RaftServer{raft-partition-3} - Received AppendResponse{status=OK, term=3, succeeded=true, lastLogIndex=1} from 2
21:52:24.884 [raft-server-raft-partition-1] TRACE i.a.p.raft.roles.LeaderAppender - RaftServer{raft-partition-1} - Sending AppendRequest{term=1, leader=2, prevLogIndex=1, prevLogTerm=1, entries=0, commitIndex=1} to 3
21:52:24.885 [raft-server-raft-partition-1] TRACE i.a.p.raft.roles.FollowerRole - RaftServer{raft-partition-1}{role=FOLLOWER} - Received AppendRequest{term=1, leader=2, prevLogIndex=1, prevLogTerm=1, entries=0, commitIndex=1}
21:52:24.885 [raft-server-raft-partition-1] TRACE i.a.p.raft.roles.FollowerRole - RaftServer{raft-partition-1}{role=FOLLOWER} - Sending AppendResponse{status=OK, term=1, succeeded=true, lastLogIndex=1}
21:52:24.885 [raft-server-raft-partition-1] TRACE i.a.p.raft.roles.LeaderAppender - RaftServer{raft-partition-1} - Received AppendResponse{status=OK, term=1, succeeded=true, lastLogIndex=1} from 3
21:52:24.885 [raft-server-raft-partition-1] TRACE i.a.p.raft.roles.LeaderAppender - RaftServer{raft-partition-1} - Sending AppendRequest{term=1, leader=2, prevLogIndex=1, prevLogTerm=1, entries=0, commitIndex=1} to 3
21:52:24.885 [raft-server-raft-partition-1] TRACE i.a.p.raft.roles.FollowerRole - RaftServer{raft-partition-1}{role=FOLLOWER} - Received AppendRequest{term=1, leader=2, prevLogIndex=1, prevLogTerm=1, entries=0, commitIndex=1}
21:52:24.885 [raft-server-raft-partition-1] TRACE i.a.p.raft.roles.FollowerRole - RaftServer{raft-partition-1}{role=FOLLOWER} - Sending AppendResponse{status=OK, term=1, succeeded=true, lastLogIndex=1}
21:52:24.886 [raft-server-raft-partition-1] TRACE i.a.p.raft.roles.LeaderAppender - RaftServer{raft-partition-1} - Received AppendResponse{status=OK, term=1, succeeded=true, lastLogIndex=1} from 3
21:52:24.917 [raft-server-system-partition-1] TRACE i.a.p.raft.roles.LeaderAppender - RaftServer{system-partition-1} - Sending AppendRequest{term=1, leader=1, prevLogIndex=16, prevLogTerm=1, entries=0, commitIndex=16} to 2
21:52:24.917 [raft-server-system-partition-1] TRACE i.a.p.raft.roles.LeaderAppender - RaftServer{system-partition-1} - Sending AppendRequest{term=1, leader=1, prevLogIndex=16, prevLogTerm=1, entries=0, commitIndex=16} to 3
21:52:24.917 [raft-server-system-partition-1] TRACE i.a.p.raft.roles.FollowerRole - RaftServer{system-partition-1}{role=FOLLOWER} - Received AppendRequest{term=1, leader=1, prevLogIndex=16, prevLogTerm=1, entries=0, commitIndex=16}
21:52:24.918 [raft-server-system-partition-1] TRACE i.a.p.raft.roles.FollowerRole - RaftServer{system-partition-1}{role=FOLLOWER} - Sending AppendResponse{status=OK, term=1, succeeded=true, lastLogIndex=16}
21:52:24.918 [raft-server-system-partition-1] TRACE i.a.p.raft.roles.FollowerRole - RaftServer{system-partition-1}{role=FOLLOWER} - Received AppendRequest{term=1, leader=1, prevLogIndex=16, prevLogTerm=1, entries=0, commitIndex=16}
21:52:24.918 [raft-server-system-partition-1] TRACE i.a.p.raft.roles.FollowerRole - RaftServer{system-partition-1}{role=FOLLOWER} - Sending AppendResponse{status=OK, term=1, succeeded=true, lastLogIndex=16}
21:52:24.918 [raft-server-system-partition-1] TRACE i.a.p.raft.roles.LeaderAppender - RaftServer{system-partition-1} - Received AppendResponse{status=OK, term=1, succeeded=true, lastLogIndex=16} from 2
21:52:24.918 [raft-server-system-partition-1] TRACE i.a.p.raft.roles.LeaderAppender - RaftServer{system-partition-1} - Sending AppendRequest{term=1, leader=1, prevLogIndex=16, prevLogTerm=1, entries=0, commitIndex=16} to 2
21:52:24.918 [raft-server-system-partition-1] TRACE i.a.p.raft.roles.LeaderAppender - RaftServer{system-partition-1} - Received AppendResponse{status=OK, term=1, succeeded=true, lastLogIndex=16} from 3
21:52:24.918 [raft-server-system-partition-1] TRACE i.a.p.raft.roles.LeaderAppender - RaftServer{system-partition-1} - Sending AppendRequest{term=1, leader=1, prevLogIndex=16, prevLogTerm=1, entries=0, commitIndex=16} to 3
21:52:24.918 [raft-server-system-partition-1] TRACE i.a.p.raft.roles.FollowerRole - RaftServer{system-partition-1}{role=FOLLOWER} - Received AppendRequest{term=1, leader=1, prevLogIndex=16, prevLogTerm=1, entries=0, commitIndex=16}
21:52:24.918 [raft-server-system-partition-1] TRACE i.a.p.raft.roles.FollowerRole - RaftServer{system-partition-1}{role=FOLLOWER} - Received AppendRequest{term=1, leader=1, prevLogIndex=16, prevLogTerm=1, entries=0, commitIndex=16}
21:52:24.918 [raft-server-system-partition-1] TRACE i.a.p.raft.roles.FollowerRole - RaftServer{system-partition-1}{role=FOLLOWER} - Sending AppendResponse{status=OK, term=1, succeeded=true, lastLogIndex=16}
21:52:24.918 [raft-server-system-partition-1] TRACE i.a.p.raft.roles.FollowerRole - RaftServer{system-partition-1}{role=FOLLOWER} - Sending AppendResponse{status=OK, term=1, succeeded=true, lastLogIndex=16}
21:52:24.918 [raft-server-system-partition-1] TRACE i.a.p.raft.roles.LeaderAppender - RaftServer{system-partition-1} - Received AppendResponse{status=OK, term=1, succeeded=true, lastLogIndex=16} from 3
21:52:24.918 [raft-server-system-partition-1] TRACE i.a.p.raft.roles.LeaderAppender - RaftServer{system-partition-1} - Received AppendResponse{status=OK, term=1, succeeded=true, lastLogIndex=16} from 2
21:52:24.959 [raft-server-raft-partition-5] TRACE i.a.p.raft.roles.LeaderAppender - RaftServer{raft-partition-5} - Sending AppendRequest{term=1, leader=3, prevLogIndex=1, prevLogTerm=1, entries=0, commitIndex=1} to 1
21:52:24.959 [raft-server-raft-partition-5] TRACE i.a.p.raft.roles.LeaderAppender - RaftServer{raft-partition-5} - Sending AppendRequest{term=1, leader=3, prevLogIndex=1, prevLogTerm=1, entries=0, commitIndex=1} to 2
21:52:24.959 [raft-server-raft-partition-5] TRACE i.a.p.raft.roles.FollowerRole - RaftServer{raft-partition-5}{role=FOLLOWER} - Received AppendRequest{term=1, leader=3, prevLogIndex=1, prevLogTerm=1, entries=0, commitIndex=1}
21:52:24.959 [raft-server-raft-partition-7] TRACE i.a.p.raft.roles.LeaderAppender - RaftServer{raft-partition-7} - Sending AppendRequest{term=1, leader=2, prevLogIndex=1, prevLogTerm=1, entries=0, commitIndex=1} to 1
21:52:24.959 [raft-server-raft-partition-5] TRACE i.a.p.raft.roles.FollowerRole - RaftServer{raft-partition-5}{role=FOLLOWER} - Sending AppendResponse{status=OK, term=1, succeeded=true, lastLogIndex=1}
21:52:24.959 [raft-server-raft-partition-5] TRACE i.a.p.raft.roles.FollowerRole - RaftServer{raft-partition-5}{role=FOLLOWER} - Received AppendRequest{term=1, leader=3, prevLogIndex=1, prevLogTerm=1, entries=0, commitIndex=1}
21:52:24.959 [raft-server-raft-partition-7] TRACE i.a.p.raft.roles.LeaderAppender - RaftServer{raft-partition-7} - Sending AppendRequest{term=1, leader=2, prevLogIndex=1, prevLogTerm=1, entries=0, commitIndex=1} to 3
21:52:24.959 [raft-server-raft-partition-5] TRACE i.a.p.raft.roles.FollowerRole - RaftServer{raft-partition-5}{role=FOLLOWER} - Sending AppendResponse{status=OK, term=1, succeeded=true, lastLogIndex=1}
21:52:24.959 [raft-server-raft-partition-7] TRACE i.a.p.raft.roles.FollowerRole - RaftServer{raft-partition-7}{role=FOLLOWER} - Received AppendRequest{term=1, leader=2, prevLogIndex=1, prevLogTerm=1, entries=0, commitIndex=1}
21:52:24.959 [raft-server-raft-partition-7] TRACE i.a.p.raft.roles.FollowerRole - RaftServer{raft-partition-7}{role=FOLLOWER} - Sending AppendResponse{status=OK, term=1, succeeded=true, lastLogIndex=1}
21:52:24.959 [raft-server-raft-partition-7] TRACE i.a.p.raft.roles.FollowerRole - RaftServer{raft-partition-7}{role=FOLLOWER} - Received AppendRequest{term=1, leader=2, prevLogIndex=1, prevLogTerm=1, entries=0, commitIndex=1}
21:52:24.959 [raft-server-raft-partition-5] TRACE i.a.p.raft.roles.LeaderAppender - RaftServer{raft-partition-5} - Received AppendResponse{status=OK, term=1, succeeded=true, lastLogIndex=1} from 1
21:52:24.960 [raft-server-raft-partition-7] TRACE i.a.p.raft.roles.FollowerRole - RaftServer{raft-partition-7}{role=FOLLOWER} - Sending AppendResponse{status=OK, term=1, succeeded=true, lastLogIndex=1}
21:52:24.960 [raft-server-raft-partition-5] TRACE i.a.p.raft.roles.LeaderAppender - RaftServer{raft-partition-5} - Sending AppendRequest{term=1, leader=3, prevLogIndex=1, prevLogTerm=1, entries=0, commitIndex=1} to 1
21:52:24.960 [raft-server-raft-partition-7] TRACE i.a.p.raft.roles.LeaderAppender - RaftServer{raft-partition-7} - Received AppendResponse{status=OK, term=1, succeeded=true, lastLogIndex=1} from 1
21:52:24.960 [raft-server-raft-partition-5] TRACE i.a.p.raft.roles.LeaderAppender - RaftServer{raft-partition-5} - Received AppendResponse{status=OK, term=1, succeeded=true, lastLogIndex=1} from 2
21:52:24.960 [raft-server-raft-partition-7] TRACE i.a.p.raft.roles.LeaderAppender - RaftServer{raft-partition-7} - Sending AppendRequest{term=1, leader=2, prevLogIndex=1, prevLogTerm=1, entries=0, commitIndex=1} to 1
21:52:24.960 [raft-server-raft-partition-5] TRACE i.a.p.raft.roles.LeaderAppender - RaftServer{raft-partition-5} - Sending AppendRequest{term=1, leader=3, prevLogIndex=1, prevLogTerm=1, entries=0, commitIndex=1} to 2
21:52:24.960 [raft-server-raft-partition-7] TRACE i.a.p.raft.roles.LeaderAppender - RaftServer{raft-partition-7} - Received AppendResponse{status=OK, term=1, succeeded=true, lastLogIndex=1} from 3
21:52:24.960 [raft-server-raft-partition-5] TRACE i.a.p.raft.roles.FollowerRole - RaftServer{raft-partition-5}{role=FOLLOWER} - Received AppendRequest{term=1, leader=3, prevLogIndex=1, prevLogTerm=1, entries=0, commitIndex=1}
21:52:24.960 [raft-server-raft-partition-7] TRACE i.a.p.raft.roles.LeaderAppender - RaftServer{raft-partition-7} - Sending AppendRequest{term=1, leader=2, prevLogIndex=1, prevLogTerm=1, entries=0, commitIndex=1} to 3
21:52:24.960 [raft-server-raft-partition-7] TRACE i.a.p.raft.roles.FollowerRole - RaftServer{raft-partition-7}{role=FOLLOWER} - Received AppendRequest{term=1, leader=2, prevLogIndex=1, prevLogTerm=1, entries=0, commitIndex=1}
21:52:24.960 [raft-server-raft-partition-5] TRACE i.a.p.raft.roles.FollowerRole - RaftServer{raft-partition-5}{role=FOLLOWER} - Sending AppendResponse{status=OK, term=1, succeeded=true, lastLogIndex=1}
21:52:24.960 [raft-server-raft-partition-5] TRACE i.a.p.raft.roles.FollowerRole - RaftServer{raft-partition-5}{role=FOLLOWER} - Received AppendRequest{term=1, leader=3, prevLogIndex=1, prevLogTerm=1, entries=0, commitIndex=1}
21:52:24.960 [raft-server-raft-partition-7] TRACE i.a.p.raft.roles.FollowerRole - RaftServer{raft-partition-7}{role=FOLLOWER} - Sending AppendResponse{status=OK, term=1, succeeded=true, lastLogIndex=1}
21:52:24.960 [raft-server-raft-partition-7] TRACE i.a.p.raft.roles.FollowerRole - RaftServer{raft-partition-7}{role=FOLLOWER} - Received AppendRequest{term=1, leader=2, prevLogIndex=1, prevLogTerm=1, entries=0, commitIndex=1}
21:52:24.960 [raft-server-raft-partition-5] TRACE i.a.p.raft.roles.FollowerRole - RaftServer{raft-partition-5}{role=FOLLOWER} - Sending AppendResponse{status=OK, term=1, succeeded=true, lastLogIndex=1}
21:52:24.960 [raft-server-raft-partition-5] TRACE i.a.p.raft.roles.LeaderAppender - RaftServer{raft-partition-5} - Received AppendResponse{status=OK, term=1, succeeded=true, lastLogIndex=1} from 1
21:52:24.960 [raft-server-raft-partition-7] TRACE i.a.p.raft.roles.FollowerRole - RaftServer{raft-partition-7}{role=FOLLOWER} - Sending AppendResponse{status=OK, term=1, succeeded=true, lastLogIndex=1}
21:52:24.960 [raft-server-raft-partition-7] TRACE i.a.p.raft.roles.LeaderAppender - RaftServer{raft-partition-7} - Received AppendResponse{status=OK, term=1, succeeded=true, lastLogIndex=1} from 1
21:52:24.961 [raft-server-raft-partition-5] TRACE i.a.p.raft.roles.LeaderAppender - RaftServer{raft-partition-5} - Received AppendResponse{status=OK, term=1, succeeded=true, lastLogIndex=1} from 2
21:52:24.961 [raft-server-raft-partition-7] TRACE i.a.p.raft.roles.LeaderAppender - RaftServer{raft-partition-7} - Received AppendResponse{status=OK, term=1, succeeded=true, lastLogIndex=1} from 3
21:52:24.993 [raft-server-raft-partition-4] TRACE i.a.p.raft.roles.LeaderAppender - RaftServer{raft-partition-4} - Sending AppendRequest{term=1, leader=1, prevLogIndex=1, prevLogTerm=1, entries=0, commitIndex=1} to 2
21:52:24.993 [raft-server-raft-partition-4] TRACE i.a.p.raft.roles.LeaderAppender - RaftServer{raft-partition-4} - Sending AppendRequest{term=1, leader=1, prevLogIndex=1, prevLogTerm=1, entries=0, commitIndex=1} to 3
21:52:24.993 [raft-server-raft-partition-4] TRACE i.a.p.raft.roles.FollowerRole - RaftServer{raft-partition-4}{role=FOLLOWER} - Received AppendRequest{term=1, leader=1, prevLogIndex=1, prevLogTerm=1, entries=0, commitIndex=1}
21:52:24.993 [raft-server-raft-partition-4] TRACE i.a.p.raft.roles.FollowerRole - RaftServer{raft-partition-4}{role=FOLLOWER} - Sending AppendResponse{status=OK, term=1, succeeded=true, lastLogIndex=1}
21:52:24.993 [raft-server-raft-partition-4] TRACE i.a.p.raft.roles.FollowerRole - RaftServer{raft-partition-4}{role=FOLLOWER} - Received AppendRequest{term=1, leader=1, prevLogIndex=1, prevLogTerm=1, entries=0, commitIndex=1}
21:52:24.993 [raft-server-raft-partition-4] TRACE i.a.p.raft.roles.FollowerRole - RaftServer{raft-partition-4}{role=FOLLOWER} - Sending AppendResponse{status=OK, term=1, succeeded=true, lastLogIndex=1}
21:52:24.993 [raft-server-raft-partition-4] TRACE i.a.p.raft.roles.LeaderAppender - RaftServer{raft-partition-4} - Received AppendResponse{status=OK, term=1, succeeded=true, lastLogIndex=1} from 2
21:52:24.993 [raft-server-raft-partition-4] TRACE i.a.p.raft.roles.LeaderAppender - RaftServer{raft-partition-4} - Sending AppendRequest{term=1, leader=1, prevLogIndex=1, prevLogTerm=1, entries=0, commitIndex=1} to 2
21:52:24.994 [raft-server-raft-partition-4] TRACE i.a.p.raft.roles.LeaderAppender - RaftServer{raft-partition-4} - Received AppendResponse{status=OK, term=1, succeeded=true, lastLogIndex=1} from 3
21:52:24.994 [raft-server-raft-partition-4] TRACE i.a.p.raft.roles.LeaderAppender - RaftServer{raft-partition-4} - Sending AppendRequest{term=1, leader=1, prevLogIndex=1, prevLogTerm=1, entries=0, commitIndex=1} to 3
21:52:24.994 [raft-server-raft-partition-4] TRACE i.a.p.raft.roles.FollowerRole - RaftServer{raft-partition-4}{role=FOLLOWER} - Received AppendRequest{term=1, leader=1, prevLogIndex=1, prevLogTerm=1, entries=0, commitIndex=1}
21:52:24.994 [raft-server-raft-partition-4] TRACE i.a.p.raft.roles.FollowerRole - RaftServer{raft-partition-4}{role=FOLLOWER} - Sending AppendResponse{status=OK, term=1, succeeded=true, lastLogIndex=1}
21:52:24.994 [raft-server-raft-partition-4] TRACE i.a.p.raft.roles.FollowerRole - RaftServer{raft-partition-4}{role=FOLLOWER} - Received AppendRequest{term=1, leader=1, prevLogIndex=1, prevLogTerm=1, entries=0, commitIndex=1}
21:52:24.994 [raft-server-raft-partition-4] TRACE i.a.p.raft.roles.FollowerRole - RaftServer{raft-partition-4}{role=FOLLOWER} - Sending AppendResponse{status=OK, term=1, succeeded=true, lastLogIndex=1}
21:52:24.994 [raft-server-raft-partition-4] TRACE i.a.p.raft.roles.LeaderAppender - RaftServer{raft-partition-4} - Received AppendResponse{status=OK, term=1, succeeded=true, lastLogIndex=1} from 2
21:52:24.994 [raft-server-raft-partition-4] TRACE i.a.p.raft.roles.LeaderAppender - RaftServer{raft-partition-4} - Sending AppendRequest{term=1, leader=1, prevLogIndex=1, prevLogTerm=1, entries=0, commitIndex=1} to 2
21:52:24.994 [raft-server-raft-partition-4] TRACE i.a.p.raft.roles.LeaderAppender - RaftServer{raft-partition-4} - Received AppendResponse{status=OK, term=1, succeeded=true, lastLogIndex=1} from 3
21:52:24.994 [raft-server-raft-partition-4] TRACE i.a.p.raft.roles.FollowerRole - RaftServer{raft-partition-4}{role=FOLLOWER} - Received AppendRequest{term=1, leader=1, prevLogIndex=1, prevLogTerm=1, entries=0, commitIndex=1}
21:52:24.994 [raft-server-raft-partition-4] TRACE i.a.p.raft.roles.FollowerRole - RaftServer{raft-partition-4}{role=FOLLOWER} - Sending AppendResponse{status=OK, term=1, succeeded=true, lastLogIndex=1}
21:52:24.995 [raft-server-raft-partition-4] TRACE i.a.p.raft.roles.LeaderAppender - RaftServer{raft-partition-4} - Received AppendResponse{status=OK, term=1, succeeded=true, lastLogIndex=1} from 2
21:52:25.068 [raft-server-raft-partition-2] TRACE i.a.p.raft.roles.LeaderAppender - RaftServer{raft-partition-2} - Sending AppendRequest{term=1, leader=1, prevLogIndex=1, prevLogTerm=1, entries=0, commitIndex=1} to 2
21:52:25.068 [raft-server-raft-partition-2] TRACE i.a.p.raft.roles.LeaderAppender - RaftServer{raft-partition-2} - Sending AppendRequest{term=1, leader=1, prevLogIndex=1, prevLogTerm=1, entries=0, commitIndex=1} to 3
21:52:25.068 [raft-server-raft-partition-2] TRACE i.a.p.raft.roles.FollowerRole - RaftServer{raft-partition-2}{role=FOLLOWER} - Received AppendRequest{term=1, leader=1, prevLogIndex=1, prevLogTerm=1, entries=0, commitIndex=1}
21:52:25.068 [raft-server-raft-partition-2] TRACE i.a.p.raft.roles.FollowerRole - RaftServer{raft-partition-2}{role=FOLLOWER} - Sending AppendResponse{status=OK, term=1, succeeded=true, lastLogIndex=1}
21:52:25.068 [raft-server-raft-partition-2] TRACE i.a.p.raft.roles.FollowerRole - RaftServer{raft-partition-2}{role=FOLLOWER} - Received AppendRequest{term=1, leader=1, prevLogIndex=1, prevLogTerm=1, entries=0, commitIndex=1}
21:52:25.068 [raft-server-raft-partition-2] TRACE i.a.p.raft.roles.FollowerRole - RaftServer{raft-partition-2}{role=FOLLOWER} - Sending AppendResponse{status=OK, term=1, succeeded=true, lastLogIndex=1}
21:52:25.068 [raft-server-raft-partition-2] TRACE i.a.p.raft.roles.LeaderAppender - RaftServer{raft-partition-2} - Received AppendResponse{status=OK, term=1, succeeded=true, lastLogIndex=1} from 2
21:52:25.068 [raft-server-raft-partition-2] TRACE i.a.p.raft.roles.LeaderAppender - RaftServer{raft-partition-2} - Sending AppendRequest{term=1, leader=1, prevLogIndex=1, prevLogTerm=1, entries=0, commitIndex=1} to 2
21:52:25.068 [raft-server-raft-partition-2] TRACE i.a.p.raft.roles.LeaderAppender - RaftServer{raft-partition-2} - Received AppendResponse{status=OK, term=1, succeeded=true, lastLogIndex=1} from 3
21:52:25.068 [raft-server-raft-partition-2] TRACE i.a.p.raft.roles.FollowerRole - RaftServer{raft-partition-2}{role=FOLLOWER} - Received AppendRequest{term=1, leader=1, prevLogIndex=1, prevLogTerm=1, entries=0, commitIndex=1}
21:52:25.068 [raft-server-raft-partition-2] TRACE i.a.p.raft.roles.FollowerRole - RaftServer{raft-partition-2}{role=FOLLOWER} - Sending AppendResponse{status=OK, term=1, succeeded=true, lastLogIndex=1}
21:52:25.069 [raft-server-raft-partition-2] TRACE i.a.p.raft.roles.LeaderAppender - RaftServer{raft-partition-2} - Received AppendResponse{status=OK, term=1, succeeded=true, lastLogIndex=1} from 2
21:52:25.076 [raft-server-raft-partition-6] TRACE i.a.p.raft.roles.LeaderAppender - RaftServer{raft-partition-6} - Sending AppendRequest{term=1, leader=1, prevLogIndex=1, prevLogTerm=1, entries=0, commitIndex=1} to 2
21:52:25.076 [raft-server-raft-partition-6] TRACE i.a.p.raft.roles.LeaderAppender - RaftServer{raft-partition-6} - Sending AppendRequest{term=1, leader=1, prevLogIndex=1, prevLogTerm=1, entries=0, commitIndex=1} to 3
21:52:25.076 [raft-server-raft-partition-6] TRACE i.a.p.raft.roles.FollowerRole - RaftServer{raft-partition-6}{role=FOLLOWER} - Received AppendRequest{term=1, leader=1, prevLogIndex=1, prevLogTerm=1, entries=0, commitIndex=1}
21:52:25.076 [raft-server-raft-partition-6] TRACE i.a.p.raft.roles.FollowerRole - RaftServer{raft-partition-6}{role=FOLLOWER} - Sending AppendResponse{status=OK, term=1, succeeded=true, lastLogIndex=1}
21:52:25.076 [raft-server-raft-partition-6] TRACE i.a.p.raft.roles.FollowerRole - RaftServer{raft-partition-6}{role=FOLLOWER} - Received AppendRequest{term=1, leader=1, prevLogIndex=1, prevLogTerm=1, entries=0, commitIndex=1}
21:52:25.076 [raft-server-raft-partition-6] TRACE i.a.p.raft.roles.FollowerRole - RaftServer{raft-partition-6}{role=FOLLOWER} - Sending AppendResponse{status=OK, term=1, succeeded=true, lastLogIndex=1}
21:52:25.076 [raft-server-raft-partition-6] TRACE i.a.p.raft.roles.LeaderAppender - RaftServer{raft-partition-6} - Received AppendResponse{status=OK, term=1, succeeded=true, lastLogIndex=1} from 2
21:52:25.076 [raft-server-raft-partition-6] TRACE i.a.p.raft.roles.LeaderAppender - RaftServer{raft-partition-6} - Sending AppendRequest{term=1, leader=1, prevLogIndex=1, prevLogTerm=1, entries=0, commitIndex=1} to 2
21:52:25.076 [raft-server-raft-partition-6] TRACE i.a.p.raft.roles.LeaderAppender - RaftServer{raft-partition-6} - Received AppendResponse{status=OK, term=1, succeeded=true, lastLogIndex=1} from 3
21:52:25.076 [raft-server-raft-partition-6] TRACE i.a.p.raft.roles.LeaderAppender - RaftServer{raft-partition-6} - Sending AppendRequest{term=1, leader=1, prevLogIndex=1, prevLogTerm=1, entries=0, commitIndex=1} to 3
21:52:25.077 [raft-server-raft-partition-6] TRACE i.a.p.raft.roles.FollowerRole - RaftServer{raft-partition-6}{role=FOLLOWER} - Received AppendRequest{term=1, leader=1, prevLogIndex=1, prevLogTerm=1, entries=0, commitIndex=1}
21:52:25.077 [raft-server-raft-partition-6] TRACE i.a.p.raft.roles.FollowerRole - RaftServer{raft-partition-6}{role=FOLLOWER} - Sending AppendResponse{status=OK, term=1, succeeded=true, lastLogIndex=1}
21:52:25.077 [raft-server-raft-partition-6] TRACE i.a.p.raft.roles.FollowerRole - RaftServer{raft-partition-6}{role=FOLLOWER} - Received AppendRequest{term=1, leader=1, prevLogIndex=1, prevLogTerm=1, entries=0, commitIndex=1}
21:52:25.077 [raft-server-raft-partition-6] TRACE i.a.p.raft.roles.FollowerRole - RaftServer{raft-partition-6}{role=FOLLOWER} - Sending AppendResponse{status=OK, term=1, succeeded=true, lastLogIndex=1}
21:52:25.077 [raft-server-raft-partition-6] TRACE i.a.p.raft.roles.LeaderAppender - RaftServer{raft-partition-6} - Received AppendResponse{status=OK, term=1, succeeded=true, lastLogIndex=1} from 2
21:52:25.077 [raft-server-raft-partition-6] TRACE i.a.p.raft.roles.LeaderAppender - RaftServer{raft-partition-6} - Sending AppendRequest{term=1, leader=1, prevLogIndex=1, prevLogTerm=1, entries=0, commitIndex=1} to 2
21:52:25.077 [raft-server-raft-partition-6] TRACE i.a.p.raft.roles.LeaderAppender - RaftServer{raft-partition-6} - Received AppendResponse{status=OK, term=1, succeeded=true, lastLogIndex=1} from 3
21:52:25.077 [raft-server-raft-partition-6] TRACE i.a.p.raft.roles.LeaderAppender - RaftServer{raft-partition-6} - Sending AppendRequest{term=1, leader=1, prevLogIndex=1, prevLogTerm=1, entries=0, commitIndex=1} to 3
21:52:25.077 [raft-server-raft-partition-6] TRACE i.a.p.raft.roles.FollowerRole - RaftServer{raft-partition-6}{role=FOLLOWER} - Received AppendRequest{term=1, leader=1, prevLogIndex=1, prevLogTerm=1, entries=0, commitIndex=1}
21:52:25.077 [raft-server-raft-partition-6] TRACE i.a.p.raft.roles.FollowerRole - RaftServer{raft-partition-6}{role=FOLLOWER} - Sending AppendResponse{status=OK, term=1, succeeded=true, lastLogIndex=1}
21:52:25.077 [raft-server-raft-partition-6] TRACE i.a.p.raft.roles.FollowerRole - RaftServer{raft-partition-6}{role=FOLLOWER} - Received AppendRequest{term=1, leader=1, prevLogIndex=1, prevLogTerm=1, entries=0, commitIndex=1}
21:52:25.077 [raft-server-raft-partition-6] TRACE i.a.p.raft.roles.FollowerRole - RaftServer{raft-partition-6}{role=FOLLOWER} - Sending AppendResponse{status=OK, term=1, succeeded=true, lastLogIndex=1}
21:52:25.077 [raft-server-raft-partition-6] TRACE i.a.p.raft.roles.LeaderAppender - RaftServer{raft-partition-6} - Received AppendResponse{status=OK, term=1, succeeded=true, lastLogIndex=1} from 2
21:52:25.077 [raft-server-raft-partition-6] TRACE i.a.p.raft.roles.LeaderAppender - RaftServer{raft-partition-6} - Received AppendResponse{status=OK, term=1, succeeded=true, lastLogIndex=1} from 3
21:52:25.125 [raft-server-raft-partition-3] TRACE i.a.p.raft.roles.LeaderAppender - RaftServer{raft-partition-3} - Sending AppendRequest{term=3, leader=1, prevLogIndex=1, prevLogTerm=2, entries=0, commitIndex=1} to 2
21:52:25.125 [raft-server-raft-partition-3] TRACE i.a.p.raft.roles.LeaderAppender - RaftServer{raft-partition-3} - Sending AppendRequest{term=3, leader=1, prevLogIndex=1, prevLogTerm=2, entries=0, commitIndex=1} to 3
21:52:25.125 [raft-server-raft-partition-3] TRACE i.a.p.raft.roles.FollowerRole - RaftServer{raft-partition-3}{role=FOLLOWER} - Received AppendRequest{term=3, leader=1, prevLogIndex=1, prevLogTerm=2, entries=0, commitIndex=1}
21:52:25.125 [raft-server-raft-partition-3] TRACE i.a.p.raft.roles.FollowerRole - RaftServer{raft-partition-3}{role=FOLLOWER} - Sending AppendResponse{status=OK, term=3, succeeded=true, lastLogIndex=1}
21:52:25.125 [raft-server-raft-partition-3] TRACE i.a.p.raft.roles.FollowerRole - RaftServer{raft-partition-3}{role=FOLLOWER} - Received AppendRequest{term=3, leader=1, prevLogIndex=1, prevLogTerm=2, entries=0, commitIndex=1}
21:52:25.125 [raft-server-raft-partition-3] TRACE i.a.p.raft.roles.FollowerRole - RaftServer{raft-partition-3}{role=FOLLOWER} - Sending AppendResponse{status=OK, term=3, succeeded=true, lastLogIndex=1}
21:52:25.125 [raft-server-raft-partition-3] TRACE i.a.p.raft.roles.LeaderAppender - RaftServer{raft-partition-3} - Received AppendResponse{status=OK, term=3, succeeded=true, lastLogIndex=1} from 2
21:52:25.125 [raft-server-raft-partition-3] TRACE i.a.p.raft.roles.LeaderAppender - RaftServer{raft-partition-3} - Sending AppendRequest{term=3, leader=1, prevLogIndex=1, prevLogTerm=2, entries=0, commitIndex=1} to 2
21:52:25.125 [raft-server-raft-partition-3] TRACE i.a.p.raft.roles.LeaderAppender - RaftServer{raft-partition-3} - Received AppendResponse{status=OK, term=3, succeeded=true, lastLogIndex=1} from 3
21:52:25.125 [raft-server-raft-partition-3] TRACE i.a.p.raft.roles.LeaderAppender - RaftServer{raft-partition-3} - Sending AppendRequest{term=3, leader=1, prevLogIndex=1, prevLogTerm=2, entries=0, commitIndex=1} to 3
21:52:25.125 [raft-server-raft-partition-3] TRACE i.a.p.raft.roles.FollowerRole - RaftServer{raft-partition-3}{role=FOLLOWER} - Received AppendRequest{term=3, leader=1, prevLogIndex=1, prevLogTerm=2, entries=0, commitIndex=1}
21:52:25.126 [raft-server-raft-partition-3] TRACE i.a.p.raft.roles.FollowerRole - RaftServer{raft-partition-3}{role=FOLLOWER} - Sending AppendResponse{status=OK, term=3, succeeded=true, lastLogIndex=1}
21:52:25.126 [raft-server-raft-partition-3] TRACE i.a.p.raft.roles.FollowerRole - RaftServer{raft-partition-3}{role=FOLLOWER} - Received AppendRequest{term=3, leader=1, prevLogIndex=1, prevLogTerm=2, entries=0, commitIndex=1}
21:52:25.126 [raft-server-raft-partition-3] TRACE i.a.p.raft.roles.FollowerRole - RaftServer{raft-partition-3}{role=FOLLOWER} - Sending AppendResponse{status=OK, term=3, succeeded=true, lastLogIndex=1}
21:52:25.126 [raft-server-raft-partition-3] TRACE i.a.p.raft.roles.LeaderAppender - RaftServer{raft-partition-3} - Received AppendResponse{status=OK, term=3, succeeded=true, lastLogIndex=1} from 2
21:52:25.126 [raft-server-raft-partition-3] TRACE i.a.p.raft.roles.LeaderAppender - RaftServer{raft-partition-3} - Sending AppendRequest{term=3, leader=1, prevLogIndex=1, prevLogTerm=2, entries=0, commitIndex=1} to 2
21:52:25.126 [raft-server-raft-partition-3] TRACE i.a.p.raft.roles.LeaderAppender - RaftServer{raft-partition-3} - Received AppendResponse{status=OK, term=3, succeeded=true, lastLogIndex=1} from 3
21:52:25.126 [raft-server-raft-partition-3] TRACE i.a.p.raft.roles.LeaderAppender - RaftServer{raft-partition-3} - Sending AppendRequest{term=3, leader=1, prevLogIndex=1, prevLogTerm=2, entries=0, commitIndex=1} to 3
21:52:25.126 [raft-server-raft-partition-3] TRACE i.a.p.raft.roles.FollowerRole - RaftServer{raft-partition-3}{role=FOLLOWER} - Received AppendRequest{term=3, leader=1, prevLogIndex=1, prevLogTerm=2, entries=0, commitIndex=1}
21:52:25.126 [raft-server-raft-partition-3] TRACE i.a.p.raft.roles.FollowerRole - RaftServer{raft-partition-3}{role=FOLLOWER} - Sending AppendResponse{status=OK, term=3, succeeded=true, lastLogIndex=1}
21:52:25.126 [raft-server-raft-partition-3] TRACE i.a.p.raft.roles.FollowerRole - RaftServer{raft-partition-3}{role=FOLLOWER} - Received AppendRequest{term=3, leader=1, prevLogIndex=1, prevLogTerm=2, entries=0, commitIndex=1}
21:52:25.126 [raft-server-raft-partition-3] TRACE i.a.p.raft.roles.FollowerRole - RaftServer{raft-partition-3}{role=FOLLOWER} - Sending AppendResponse{status=OK, term=3, succeeded=true, lastLogIndex=1}
21:52:25.126 [raft-server-raft-partition-3] TRACE i.a.p.raft.roles.LeaderAppender - RaftServer{raft-partition-3} - Received AppendResponse{status=OK, term=3, succeeded=true, lastLogIndex=1} from 2
21:52:25.126 [raft-server-raft-partition-3] TRACE i.a.p.raft.roles.LeaderAppender - RaftServer{raft-partition-3} - Received AppendResponse{status=OK, term=3, succeeded=true, lastLogIndex=1} from 3
21:52:25.134 [raft-server-raft-partition-1] TRACE i.a.p.raft.roles.LeaderAppender - RaftServer{raft-partition-1} - Sending AppendRequest{term=1, leader=2, prevLogIndex=1, prevLogTerm=1, entries=0, commitIndex=1} to 3
21:52:25.135 [raft-server-raft-partition-1] TRACE i.a.p.raft.roles.FollowerRole - RaftServer{raft-partition-1}{role=FOLLOWER} - Received AppendRequest{term=1, leader=2, prevLogIndex=1, prevLogTerm=1, entries=0, commitIndex=1}
21:52:25.135 [raft-server-raft-partition-1] TRACE i.a.p.raft.roles.FollowerRole - RaftServer{raft-partition-1}{role=FOLLOWER} - Sending AppendResponse{status=OK, term=1, succeeded=true, lastLogIndex=1}
21:52:25.135 [raft-server-raft-partition-1] TRACE i.a.p.raft.roles.LeaderAppender - RaftServer{raft-partition-1} - Received AppendResponse{status=OK, term=1, succeeded=true, lastLogIndex=1} from 3
21:52:25.135 [raft-server-raft-partition-1] TRACE i.a.p.raft.roles.LeaderAppender - RaftServer{raft-partition-1} - Sending AppendRequest{term=1, leader=2, prevLogIndex=1, prevLogTerm=1, entries=0, commitIndex=1} to 3
21:52:25.135 [raft-server-raft-partition-1] TRACE i.a.p.raft.roles.FollowerRole - RaftServer{raft-partition-1}{role=FOLLOWER} - Received AppendRequest{term=1, leader=2, prevLogIndex=1, prevLogTerm=1, entries=0, commitIndex=1}
21:52:25.135 [raft-server-raft-partition-1] TRACE i.a.p.raft.roles.FollowerRole - RaftServer{raft-partition-1}{role=FOLLOWER} - Sending AppendResponse{status=OK, term=1, succeeded=true, lastLogIndex=1}
21:52:25.136 [raft-server-raft-partition-1] TRACE i.a.p.raft.roles.LeaderAppender - RaftServer{raft-partition-1} - Received AppendResponse{status=OK, term=1, succeeded=true, lastLogIndex=1} from 3
21:52:25.167 [raft-server-system-partition-1] TRACE i.a.p.raft.roles.LeaderAppender - RaftServer{system-partition-1} - Sending AppendRequest{term=1, leader=1, prevLogIndex=16, prevLogTerm=1, entries=0, commitIndex=16} to 2
21:52:25.167 [raft-server-system-partition-1] TRACE i.a.p.raft.roles.LeaderAppender - RaftServer{system-partition-1} - Sending AppendRequest{term=1, leader=1, prevLogIndex=16, prevLogTerm=1, entries=0, commitIndex=16} to 3
21:52:25.167 [raft-server-system-partition-1] TRACE i.a.p.raft.roles.FollowerRole - RaftServer{system-partition-1}{role=FOLLOWER} - Received AppendRequest{term=1, leader=1, prevLogIndex=16, prevLogTerm=1, entries=0, commitIndex=16}
21:52:25.167 [raft-server-system-partition-1] TRACE i.a.p.raft.roles.FollowerRole - RaftServer{system-partition-1}{role=FOLLOWER} - Received AppendRequest{term=1, leader=1, prevLogIndex=16, prevLogTerm=1, entries=0, commitIndex=16}
21:52:25.168 [raft-server-system-partition-1] TRACE i.a.p.raft.roles.FollowerRole - RaftServer{system-partition-1}{role=FOLLOWER} - Sending AppendResponse{status=OK, term=1, succeeded=true, lastLogIndex=16}
21:52:25.168 [raft-server-system-partition-1] TRACE i.a.p.raft.roles.FollowerRole - RaftServer{system-partition-1}{role=FOLLOWER} - Sending AppendResponse{status=OK, term=1, succeeded=true, lastLogIndex=16}
21:52:25.168 [raft-server-system-partition-1] TRACE i.a.p.raft.roles.LeaderAppender - RaftServer{system-partition-1} - Received AppendResponse{status=OK, term=1, succeeded=true, lastLogIndex=16} from 2
21:52:25.168 [raft-server-system-partition-1] TRACE i.a.p.raft.roles.LeaderAppender - RaftServer{system-partition-1} - Sending AppendRequest{term=1, leader=1, prevLogIndex=16, prevLogTerm=1, entries=0, commitIndex=16} to 2
21:52:25.168 [raft-server-system-partition-1] TRACE i.a.p.raft.roles.LeaderAppender - RaftServer{system-partition-1} - Received AppendResponse{status=OK, term=1, succeeded=true, lastLogIndex=16} from 3
21:52:25.168 [raft-server-system-partition-1] TRACE i.a.p.raft.roles.LeaderAppender - RaftServer{system-partition-1} - Sending AppendRequest{term=1, leader=1, prevLogIndex=16, prevLogTerm=1, entries=0, commitIndex=16} to 3
21:52:25.168 [raft-server-system-partition-1] TRACE i.a.p.raft.roles.FollowerRole - RaftServer{system-partition-1}{role=FOLLOWER} - Received AppendRequest{term=1, leader=1, prevLogIndex=16, prevLogTerm=1, entries=0, commitIndex=16}
21:52:25.168 [raft-server-system-partition-1] TRACE i.a.p.raft.roles.FollowerRole - RaftServer{system-partition-1}{role=FOLLOWER} - Sending AppendResponse{status=OK, term=1, succeeded=true, lastLogIndex=16}
21:52:25.168 [raft-server-system-partition-1] TRACE i.a.p.raft.roles.FollowerRole - RaftServer{system-partition-1}{role=FOLLOWER} - Received AppendRequest{term=1, leader=1, prevLogIndex=16, prevLogTerm=1, entries=0, commitIndex=16}
21:52:25.168 [raft-server-system-partition-1] TRACE i.a.p.raft.roles.FollowerRole - RaftServer{system-partition-1}{role=FOLLOWER} - Sending AppendResponse{status=OK, term=1, succeeded=true, lastLogIndex=16}
21:52:25.169 [raft-server-system-partition-1] TRACE i.a.p.raft.roles.LeaderAppender - RaftServer{system-partition-1} - Received AppendResponse{status=OK, term=1, succeeded=true, lastLogIndex=16} from 2
21:52:25.169 [raft-server-system-partition-1] TRACE i.a.p.raft.roles.LeaderAppender - RaftServer{system-partition-1} - Received AppendResponse{status=OK, term=1, succeeded=true, lastLogIndex=16} from 3
21:52:25.175 [raft-server-raft-partition-1] DEBUG i.a.p.raft.roles.LeaderAppender - RaftServer{raft-partition-1} - AppendRequest{term=1, leader=2, prevLogIndex=0, prevLogTerm=0, entries=1, commitIndex=1} to 1 failed: java.util.concurrent.TimeoutException: Request timed out in 5018 milliseconds
21:52:25.209 [raft-server-raft-partition-5] TRACE i.a.p.raft.roles.LeaderAppender - RaftServer{raft-partition-5} - Sending AppendRequest{term=1, leader=3, prevLogIndex=1, prevLogTerm=1, entries=0, commitIndex=1} to 1
21:52:25.209 [raft-server-raft-partition-5] TRACE i.a.p.raft.roles.LeaderAppender - RaftServer{raft-partition-5} - Sending AppendRequest{term=1, leader=3, prevLogIndex=1, prevLogTerm=1, entries=0, commitIndex=1} to 2
21:52:25.209 [raft-server-raft-partition-7] TRACE i.a.p.raft.roles.LeaderAppender - RaftServer{raft-partition-7} - Sending AppendRequest{term=1, leader=2, prevLogIndex=1, prevLogTerm=1, entries=0, commitIndex=1} to 1
21:52:25.209 [raft-server-raft-partition-5] TRACE i.a.p.raft.roles.FollowerRole - RaftServer{raft-partition-5}{role=FOLLOWER} - Received AppendRequest{term=1, leader=3, prevLogIndex=1, prevLogTerm=1, entries=0, commitIndex=1}
21:52:25.209 [raft-server-raft-partition-7] TRACE i.a.p.raft.roles.LeaderAppender - RaftServer{raft-partition-7} - Sending AppendRequest{term=1, leader=2, prevLogIndex=1, prevLogTerm=1, entries=0, commitIndex=1} to 3
21:52:25.209 [raft-server-raft-partition-5] TRACE i.a.p.raft.roles.FollowerRole - RaftServer{raft-partition-5}{role=FOLLOWER} - Received AppendRequest{term=1, leader=3, prevLogIndex=1, prevLogTerm=1, entries=0, commitIndex=1}
21:52:25.209 [raft-server-raft-partition-5] TRACE i.a.p.raft.roles.FollowerRole - RaftServer{raft-partition-5}{role=FOLLOWER} - Sending AppendResponse{status=OK, term=1, succeeded=true, lastLogIndex=1}
21:52:25.209 [raft-server-raft-partition-5] TRACE i.a.p.raft.roles.FollowerRole - RaftServer{raft-partition-5}{role=FOLLOWER} - Sending AppendResponse{status=OK, term=1, succeeded=true, lastLogIndex=1}
21:52:25.209 [raft-server-raft-partition-7] TRACE i.a.p.raft.roles.FollowerRole - RaftServer{raft-partition-7}{role=FOLLOWER} - Received AppendRequest{term=1, leader=2, prevLogIndex=1, prevLogTerm=1, entries=0, commitIndex=1}
21:52:25.209 [raft-server-raft-partition-7] TRACE i.a.p.raft.roles.FollowerRole - RaftServer{raft-partition-7}{role=FOLLOWER} - Received AppendRequest{term=1, leader=2, prevLogIndex=1, prevLogTerm=1, entries=0, commitIndex=1}
21:52:25.209 [raft-server-raft-partition-7] TRACE i.a.p.raft.roles.FollowerRole - RaftServer{raft-partition-7}{role=FOLLOWER} - Sending AppendResponse{status=OK, term=1, succeeded=true, lastLogIndex=1}
21:52:25.209 [raft-server-raft-partition-5] TRACE i.a.p.raft.roles.LeaderAppender - RaftServer{raft-partition-5} - Received AppendResponse{status=OK, term=1, succeeded=true, lastLogIndex=1} from 1
21:52:25.209 [raft-server-raft-partition-7] TRACE i.a.p.raft.roles.FollowerRole - RaftServer{raft-partition-7}{role=FOLLOWER} - Sending AppendResponse{status=OK, term=1, succeeded=true, lastLogIndex=1}
21:52:25.210 [raft-server-raft-partition-5] TRACE i.a.p.raft.roles.LeaderAppender - RaftServer{raft-partition-5} - Sending AppendRequest{term=1, leader=3, prevLogIndex=1, prevLogTerm=1, entries=0, commitIndex=1} to 1
21:52:25.210 [raft-server-raft-partition-7] TRACE i.a.p.raft.roles.LeaderAppender - RaftServer{raft-partition-7} - Received AppendResponse{status=OK, term=1, succeeded=true, lastLogIndex=1} from 1
21:52:25.210 [raft-server-raft-partition-5] TRACE i.a.p.raft.roles.LeaderAppender - RaftServer{raft-partition-5} - Received AppendResponse{status=OK, term=1, succeeded=true, lastLogIndex=1} from 2
21:52:25.210 [raft-server-raft-partition-7] TRACE i.a.p.raft.roles.LeaderAppender - RaftServer{raft-partition-7} - Sending AppendRequest{term=1, leader=2, prevLogIndex=1, prevLogTerm=1, entries=0, commitIndex=1} to 1
21:52:25.210 [raft-server-raft-partition-5] TRACE i.a.p.raft.roles.LeaderAppender - RaftServer{raft-partition-5} - Sending AppendRequest{term=1, leader=3, prevLogIndex=1, prevLogTerm=1, entries=0, commitIndex=1} to 2
21:52:25.210 [raft-server-raft-partition-5] TRACE i.a.p.raft.roles.FollowerRole - RaftServer{raft-partition-5}{role=FOLLOWER} - Received AppendRequest{term=1, leader=3, prevLogIndex=1, prevLogTerm=1, entries=0, commitIndex=1}
21:52:25.210 [raft-server-raft-partition-7] TRACE i.a.p.raft.roles.LeaderAppender - RaftServer{raft-partition-7} - Received AppendResponse{status=OK, term=1, succeeded=true, lastLogIndex=1} from 3
21:52:25.210 [raft-server-raft-partition-5] TRACE i.a.p.raft.roles.FollowerRole - RaftServer{raft-partition-5}{role=FOLLOWER} - Sending AppendResponse{status=OK, term=1, succeeded=true, lastLogIndex=1}
21:52:25.210 [raft-server-raft-partition-7] TRACE i.a.p.raft.roles.FollowerRole - RaftServer{raft-partition-7}{role=FOLLOWER} - Received AppendRequest{term=1, leader=2, prevLogIndex=1, prevLogTerm=1, entries=0, commitIndex=1}
21:52:25.210 [raft-server-raft-partition-5] TRACE i.a.p.raft.roles.FollowerRole - RaftServer{raft-partition-5}{role=FOLLOWER} - Received AppendRequest{term=1, leader=3, prevLogIndex=1, prevLogTerm=1, entries=0, commitIndex=1}
21:52:25.210 [raft-server-raft-partition-7] TRACE i.a.p.raft.roles.LeaderAppender - RaftServer{raft-partition-7} - Sending AppendRequest{term=1, leader=2, prevLogIndex=1, prevLogTerm=1, entries=0, commitIndex=1} to 3
21:52:25.210 [raft-server-raft-partition-7] TRACE i.a.p.raft.roles.FollowerRole - RaftServer{raft-partition-7}{role=FOLLOWER} - Sending AppendResponse{status=OK, term=1, succeeded=true, lastLogIndex=1}
21:52:25.210 [raft-server-raft-partition-5] TRACE i.a.p.raft.roles.FollowerRole - RaftServer{raft-partition-5}{role=FOLLOWER} - Sending AppendResponse{status=OK, term=1, succeeded=true, lastLogIndex=1}
21:52:25.210 [raft-server-raft-partition-5] TRACE i.a.p.raft.roles.LeaderAppender - RaftServer{raft-partition-5} - Received AppendResponse{status=OK, term=1, succeeded=true, lastLogIndex=1} from 1
21:52:25.211 [raft-server-raft-partition-7] TRACE i.a.p.raft.roles.FollowerRole - RaftServer{raft-partition-7}{role=FOLLOWER} - Received AppendRequest{term=1, leader=2, prevLogIndex=1, prevLogTerm=1, entries=0, commitIndex=1}
21:52:25.211 [raft-server-raft-partition-7] TRACE i.a.p.raft.roles.LeaderAppender - RaftServer{raft-partition-7} - Received AppendResponse{status=OK, term=1, succeeded=true, lastLogIndex=1} from 1
21:52:25.211 [raft-server-raft-partition-7] TRACE i.a.p.raft.roles.FollowerRole - RaftServer{raft-partition-7}{role=FOLLOWER} - Sending AppendResponse{status=OK, term=1, succeeded=true, lastLogIndex=1}
21:52:25.211 [raft-server-raft-partition-5] TRACE i.a.p.raft.roles.LeaderAppender - RaftServer{raft-partition-5} - Received AppendResponse{status=OK, term=1, succeeded=true, lastLogIndex=1} from 2
21:52:25.211 [raft-server-raft-partition-7] TRACE i.a.p.raft.roles.LeaderAppender - RaftServer{raft-partition-7} - Received AppendResponse{status=OK, term=1, succeeded=true, lastLogIndex=1} from 3
21:52:25.243 [raft-server-raft-partition-4] TRACE i.a.p.raft.roles.LeaderAppender - RaftServer{raft-partition-4} - Sending AppendRequest{term=1, leader=1, prevLogIndex=1, prevLogTerm=1, entries=0, commitIndex=1} to 2
21:52:25.243 [raft-server-raft-partition-4] TRACE i.a.p.raft.roles.LeaderAppender - RaftServer{raft-partition-4} - Sending AppendRequest{term=1, leader=1, prevLogIndex=1, prevLogTerm=1, entries=0, commitIndex=1} to 3
21:52:25.243 [raft-server-raft-partition-4] TRACE i.a.p.raft.roles.FollowerRole - RaftServer{raft-partition-4}{role=FOLLOWER} - Received AppendRequest{term=1, leader=1, prevLogIndex=1, prevLogTerm=1, entries=0, commitIndex=1}
21:52:25.243 [raft-server-raft-partition-4] TRACE i.a.p.raft.roles.FollowerRole - RaftServer{raft-partition-4}{role=FOLLOWER} - Received AppendRequest{term=1, leader=1, prevLogIndex=1, prevLogTerm=1, entries=0, commitIndex=1}
21:52:25.243 [raft-server-raft-partition-4] TRACE i.a.p.raft.roles.FollowerRole - RaftServer{raft-partition-4}{role=FOLLOWER} - Sending AppendResponse{status=OK, term=1, succeeded=true, lastLogIndex=1}
21:52:25.243 [raft-server-raft-partition-4] TRACE i.a.p.raft.roles.FollowerRole - RaftServer{raft-partition-4}{role=FOLLOWER} - Sending AppendResponse{status=OK, term=1, succeeded=true, lastLogIndex=1}
21:52:25.244 [raft-server-raft-partition-4] TRACE i.a.p.raft.roles.LeaderAppender - RaftServer{raft-partition-4} - Received AppendResponse{status=OK, term=1, succeeded=true, lastLogIndex=1} from 2
21:52:25.244 [raft-server-raft-partition-4] TRACE i.a.p.raft.roles.LeaderAppender - RaftServer{raft-partition-4} - Sending AppendRequest{term=1, leader=1, prevLogIndex=1, prevLogTerm=1, entries=0, commitIndex=1} to 2
21:52:25.244 [raft-server-raft-partition-4] TRACE i.a.p.raft.roles.LeaderAppender - RaftServer{raft-partition-4} - Received AppendResponse{status=OK, term=1, succeeded=true, lastLogIndex=1} from 3
21:52:25.244 [raft-server-raft-partition-4] TRACE i.a.p.raft.roles.LeaderAppender - RaftServer{raft-partition-4} - Sending AppendRequest{term=1, leader=1, prevLogIndex=1, prevLogTerm=1, entries=0, commitIndex=1} to 3
21:52:25.244 [raft-server-raft-partition-4] TRACE i.a.p.raft.roles.FollowerRole - RaftServer{raft-partition-4}{role=FOLLOWER} - Received AppendRequest{term=1, leader=1, prevLogIndex=1, prevLogTerm=1, entries=0, commitIndex=1}
21:52:25.244 [raft-server-raft-partition-4] TRACE i.a.p.raft.roles.FollowerRole - RaftServer{raft-partition-4}{role=FOLLOWER} - Sending AppendResponse{status=OK, term=1, succeeded=true, lastLogIndex=1}
21:52:25.244 [raft-server-raft-partition-4] TRACE i.a.p.raft.roles.FollowerRole - RaftServer{raft-partition-4}{role=FOLLOWER} - Received AppendRequest{term=1, leader=1, prevLogIndex=1, prevLogTerm=1, entries=0, commitIndex=1}
21:52:25.244 [raft-server-raft-partition-4] TRACE i.a.p.raft.roles.FollowerRole - RaftServer{raft-partition-4}{role=FOLLOWER} - Sending AppendResponse{status=OK, term=1, succeeded=true, lastLogIndex=1}
21:52:25.244 [raft-server-raft-partition-4] TRACE i.a.p.raft.roles.LeaderAppender - RaftServer{raft-partition-4} - Received AppendResponse{status=OK, term=1, succeeded=true, lastLogIndex=1} from 2
21:52:25.244 [raft-server-raft-partition-4] TRACE i.a.p.raft.roles.LeaderAppender - RaftServer{raft-partition-4} - Received AppendResponse{status=OK, term=1, succeeded=true, lastLogIndex=1} from 3
21:52:25.317 [raft-server-raft-partition-2] TRACE i.a.p.raft.roles.LeaderAppender - RaftServer{raft-partition-2} - Sending AppendRequest{term=1, leader=1, prevLogIndex=1, prevLogTerm=1, entries=0, commitIndex=1} to 2
21:52:25.317 [raft-server-raft-partition-2] TRACE i.a.p.raft.roles.LeaderAppender - RaftServer{raft-partition-2} - Sending AppendRequest{term=1, leader=1, prevLogIndex=1, prevLogTerm=1, entries=0, commitIndex=1} to 3
21:52:25.318 [raft-server-raft-partition-2] TRACE i.a.p.raft.roles.FollowerRole - RaftServer{raft-partition-2}{role=FOLLOWER} - Received AppendRequest{term=1, leader=1, prevLogIndex=1, prevLogTerm=1, entries=0, commitIndex=1}
21:52:25.318 [raft-server-raft-partition-2] TRACE i.a.p.raft.roles.FollowerRole - RaftServer{raft-partition-2}{role=FOLLOWER} - Received AppendRequest{term=1, leader=1, prevLogIndex=1, prevLogTerm=1, entries=0, commitIndex=1}
21:52:25.318 [raft-server-raft-partition-2] TRACE i.a.p.raft.roles.FollowerRole - RaftServer{raft-partition-2}{role=FOLLOWER} - Sending AppendResponse{status=OK, term=1, succeeded=true, lastLogIndex=1}
21:52:25.318 [raft-server-raft-partition-2] TRACE i.a.p.raft.roles.FollowerRole - RaftServer{raft-partition-2}{role=FOLLOWER} - Sending AppendResponse{status=OK, term=1, succeeded=true, lastLogIndex=1}
21:52:25.318 [raft-server-raft-partition-2] TRACE i.a.p.raft.roles.LeaderAppender - RaftServer{raft-partition-2} - Received AppendResponse{status=OK, term=1, succeeded=true, lastLogIndex=1} from 3
21:52:25.318 [raft-server-raft-partition-2] TRACE i.a.p.raft.roles.LeaderAppender - RaftServer{raft-partition-2} - Sending AppendRequest{term=1, leader=1, prevLogIndex=1, prevLogTerm=1, entries=0, commitIndex=1} to 3
21:52:25.318 [raft-server-raft-partition-2] TRACE i.a.p.raft.roles.LeaderAppender - RaftServer{raft-partition-2} - Received AppendResponse{status=OK, term=1, succeeded=true, lastLogIndex=1} from 2
21:52:25.318 [raft-server-raft-partition-2] TRACE i.a.p.raft.roles.LeaderAppender - RaftServer{raft-partition-2} - Sending AppendRequest{term=1, leader=1, prevLogIndex=1, prevLogTerm=1, entries=0, commitIndex=1} to 2
21:52:25.318 [raft-server-raft-partition-2] TRACE i.a.p.raft.roles.FollowerRole - RaftServer{raft-partition-2}{role=FOLLOWER} - Received AppendRequest{term=1, leader=1, prevLogIndex=1, prevLogTerm=1, entries=0, commitIndex=1}
21:52:25.318 [raft-server-raft-partition-2] TRACE i.a.p.raft.roles.FollowerRole - RaftServer{raft-partition-2}{role=FOLLOWER} - Sending AppendResponse{status=OK, term=1, succeeded=true, lastLogIndex=1}
21:52:25.318 [raft-server-raft-partition-2] TRACE i.a.p.raft.roles.FollowerRole - RaftServer{raft-partition-2}{role=FOLLOWER} - Received AppendRequest{term=1, leader=1, prevLogIndex=1, prevLogTerm=1, entries=0, commitIndex=1}
21:52:25.319 [raft-server-raft-partition-2] TRACE i.a.p.raft.roles.FollowerRole - RaftServer{raft-partition-2}{role=FOLLOWER} - Sending AppendResponse{status=OK, term=1, succeeded=true, lastLogIndex=1}
21:52:25.319 [raft-server-raft-partition-2] TRACE i.a.p.raft.roles.LeaderAppender - RaftServer{raft-partition-2} - Received AppendResponse{status=OK, term=1, succeeded=true, lastLogIndex=1} from 3
21:52:25.319 [raft-server-raft-partition-2] TRACE i.a.p.raft.roles.LeaderAppender - RaftServer{raft-partition-2} - Received AppendResponse{status=OK, term=1, succeeded=true, lastLogIndex=1} from 2
21:52:25.326 [raft-server-raft-partition-6] TRACE i.a.p.raft.roles.LeaderAppender - RaftServer{raft-partition-6} - Sending AppendRequest{term=1, leader=1, prevLogIndex=1, prevLogTerm=1, entries=0, commitIndex=1} to 2
21:52:25.326 [raft-server-raft-partition-6] TRACE i.a.p.raft.roles.LeaderAppender - RaftServer{raft-partition-6} - Sending AppendRequest{term=1, leader=1, prevLogIndex=1, prevLogTerm=1, entries=0, commitIndex=1} to 3
21:52:25.326 [raft-server-raft-partition-6] TRACE i.a.p.raft.roles.FollowerRole - RaftServer{raft-partition-6}{role=FOLLOWER} - Received AppendRequest{term=1, leader=1, prevLogIndex=1, prevLogTerm=1, entries=0, commitIndex=1}
21:52:25.326 [raft-server-raft-partition-6] TRACE i.a.p.raft.roles.FollowerRole - RaftServer{raft-partition-6}{role=FOLLOWER} - Received AppendRequest{term=1, leader=1, prevLogIndex=1, prevLogTerm=1, entries=0, commitIndex=1}
21:52:25.326 [raft-server-raft-partition-6] TRACE i.a.p.raft.roles.FollowerRole - RaftServer{raft-partition-6}{role=FOLLOWER} - Sending AppendResponse{status=OK, term=1, succeeded=true, lastLogIndex=1}
21:52:25.326 [raft-server-raft-partition-6] TRACE i.a.p.raft.roles.FollowerRole - RaftServer{raft-partition-6}{role=FOLLOWER} - Sending AppendResponse{status=OK, term=1, succeeded=true, lastLogIndex=1}
21:52:25.326 [raft-server-raft-partition-6] TRACE i.a.p.raft.roles.LeaderAppender - RaftServer{raft-partition-6} - Received AppendResponse{status=OK, term=1, succeeded=true, lastLogIndex=1} from 2
21:52:25.326 [raft-server-raft-partition-6] TRACE i.a.p.raft.roles.LeaderAppender - RaftServer{raft-partition-6} - Sending AppendRequest{term=1, leader=1, prevLogIndex=1, prevLogTerm=1, entries=0, commitIndex=1} to 2
21:52:25.326 [raft-server-raft-partition-6] TRACE i.a.p.raft.roles.LeaderAppender - RaftServer{raft-partition-6} - Received AppendResponse{status=OK, term=1, succeeded=true, lastLogIndex=1} from 3
21:52:25.326 [raft-server-raft-partition-6] TRACE i.a.p.raft.roles.LeaderAppender - RaftServer{raft-partition-6} - Sending AppendRequest{term=1, leader=1, prevLogIndex=1, prevLogTerm=1, entries=0, commitIndex=1} to 3
21:52:25.326 [raft-server-raft-partition-6] TRACE i.a.p.raft.roles.FollowerRole - RaftServer{raft-partition-6}{role=FOLLOWER} - Received AppendRequest{term=1, leader=1, prevLogIndex=1, prevLogTerm=1, entries=0, commitIndex=1}
21:52:25.327 [raft-server-raft-partition-6] TRACE i.a.p.raft.roles.FollowerRole - RaftServer{raft-partition-6}{role=FOLLOWER} - Sending AppendResponse{status=OK, term=1, succeeded=true, lastLogIndex=1}
21:52:25.327 [raft-server-raft-partition-6] TRACE i.a.p.raft.roles.FollowerRole - RaftServer{raft-partition-6}{role=FOLLOWER} - Received AppendRequest{term=1, leader=1, prevLogIndex=1, prevLogTerm=1, entries=0, commitIndex=1}
21:52:25.327 [raft-server-raft-partition-6] TRACE i.a.p.raft.roles.FollowerRole - RaftServer{raft-partition-6}{role=FOLLOWER} - Sending AppendResponse{status=OK, term=1, succeeded=true, lastLogIndex=1}
21:52:25.327 [raft-server-raft-partition-6] TRACE i.a.p.raft.roles.LeaderAppender - RaftServer{raft-partition-6} - Received AppendResponse{status=OK, term=1, succeeded=true, lastLogIndex=1} from 2
21:52:25.327 [raft-server-raft-partition-6] TRACE i.a.p.raft.roles.LeaderAppender - RaftServer{raft-partition-6} - Sending AppendRequest{term=1, leader=1, prevLogIndex=1, prevLogTerm=1, entries=0, commitIndex=1} to 2
21:52:25.327 [raft-server-raft-partition-6] TRACE i.a.p.raft.roles.LeaderAppender - RaftServer{raft-partition-6} - Received AppendResponse{status=OK, term=1, succeeded=true, lastLogIndex=1} from 3
21:52:25.327 [raft-server-raft-partition-6] TRACE i.a.p.raft.roles.LeaderAppender - RaftServer{raft-partition-6} - Sending AppendRequest{term=1, leader=1, prevLogIndex=1, prevLogTerm=1, entries=0, commitIndex=1} to 3
21:52:25.327 [raft-server-raft-partition-6] TRACE i.a.p.raft.roles.FollowerRole - RaftServer{raft-partition-6}{role=FOLLOWER} - Received AppendRequest{term=1, leader=1, prevLogIndex=1, prevLogTerm=1, entries=0, commitIndex=1}
21:52:25.327 [raft-server-raft-partition-6] TRACE i.a.p.raft.roles.FollowerRole - RaftServer{raft-partition-6}{role=FOLLOWER} - Sending AppendResponse{status=OK, term=1, succeeded=true, lastLogIndex=1}
21:52:25.327 [raft-server-raft-partition-6] TRACE i.a.p.raft.roles.FollowerRole - RaftServer{raft-partition-6}{role=FOLLOWER} - Received AppendRequest{term=1, leader=1, prevLogIndex=1, prevLogTerm=1, entries=0, commitIndex=1}
21:52:25.327 [raft-server-raft-partition-6] TRACE i.a.p.raft.roles.FollowerRole - RaftServer{raft-partition-6}{role=FOLLOWER} - Sending AppendResponse{status=OK, term=1, succeeded=true, lastLogIndex=1}
21:52:25.327 [raft-server-raft-partition-6] TRACE i.a.p.raft.roles.LeaderAppender - RaftServer{raft-partition-6} - Received AppendResponse{status=OK, term=1, succeeded=true, lastLogIndex=1} from 2
21:52:25.327 [raft-server-raft-partition-6] TRACE i.a.p.raft.roles.LeaderAppender - RaftServer{raft-partition-6} - Received AppendResponse{status=OK, term=1, succeeded=true, lastLogIndex=1} from 3
21:52:25.375 [raft-server-raft-partition-3] TRACE i.a.p.raft.roles.LeaderAppender - RaftServer{raft-partition-3} - Sending AppendRequest{term=3, leader=1, prevLogIndex=1, prevLogTerm=2, entries=0, commitIndex=1} to 2
21:52:25.375 [raft-server-raft-partition-3] TRACE i.a.p.raft.roles.LeaderAppender - RaftServer{raft-partition-3} - Sending AppendRequest{term=3, leader=1, prevLogIndex=1, prevLogTerm=2, entries=0, commitIndex=1} to 3
21:52:25.375 [raft-server-raft-partition-3] TRACE i.a.p.raft.roles.FollowerRole - RaftServer{raft-partition-3}{role=FOLLOWER} - Received AppendRequest{term=3, leader=1, prevLogIndex=1, prevLogTerm=2, entries=0, commitIndex=1}
21:52:25.375 [raft-server-raft-partition-3] TRACE i.a.p.raft.roles.FollowerRole - RaftServer{raft-partition-3}{role=FOLLOWER} - Sending AppendResponse{status=OK, term=3, succeeded=true, lastLogIndex=1}
21:52:25.375 [raft-server-raft-partition-3] TRACE i.a.p.raft.roles.FollowerRole - RaftServer{raft-partition-3}{role=FOLLOWER} - Received AppendRequest{term=3, leader=1, prevLogIndex=1, prevLogTerm=2, entries=0, commitIndex=1}
21:52:25.375 [raft-server-raft-partition-3] TRACE i.a.p.raft.roles.FollowerRole - RaftServer{raft-partition-3}{role=FOLLOWER} - Sending AppendResponse{status=OK, term=3, succeeded=true, lastLogIndex=1}
21:52:25.375 [raft-server-raft-partition-3] TRACE i.a.p.raft.roles.LeaderAppender - RaftServer{raft-partition-3} - Received AppendResponse{status=OK, term=3, succeeded=true, lastLogIndex=1} from 2
21:52:25.375 [raft-server-raft-partition-3] TRACE i.a.p.raft.roles.LeaderAppender - RaftServer{raft-partition-3} - Sending AppendRequest{term=3, leader=1, prevLogIndex=1, prevLogTerm=2, entries=0, commitIndex=1} to 2
21:52:25.375 [raft-server-raft-partition-3] TRACE i.a.p.raft.roles.LeaderAppender - RaftServer{raft-partition-3} - Received AppendResponse{status=OK, term=3, succeeded=true, lastLogIndex=1} from 3
21:52:25.375 [raft-server-raft-partition-3] TRACE i.a.p.raft.roles.LeaderAppender - RaftServer{raft-partition-3} - Sending AppendRequest{term=3, leader=1, prevLogIndex=1, prevLogTerm=2, entries=0, commitIndex=1} to 3
21:52:25.376 [raft-server-raft-partition-3] TRACE i.a.p.raft.roles.FollowerRole - RaftServer{raft-partition-3}{role=FOLLOWER} - Received AppendRequest{term=3, leader=1, prevLogIndex=1, prevLogTerm=2, entries=0, commitIndex=1}
21:52:25.376 [raft-server-raft-partition-3] TRACE i.a.p.raft.roles.FollowerRole - RaftServer{raft-partition-3}{role=FOLLOWER} - Sending AppendResponse{status=OK, term=3, succeeded=true, lastLogIndex=1}
21:52:25.376 [raft-server-raft-partition-3] TRACE i.a.p.raft.roles.FollowerRole - RaftServer{raft-partition-3}{role=FOLLOWER} - Received AppendRequest{term=3, leader=1, prevLogIndex=1, prevLogTerm=2, entries=0, commitIndex=1}
21:52:25.376 [raft-server-raft-partition-3] TRACE i.a.p.raft.roles.FollowerRole - RaftServer{raft-partition-3}{role=FOLLOWER} - Sending AppendResponse{status=OK, term=3, succeeded=true, lastLogIndex=1}
21:52:25.376 [raft-server-raft-partition-3] TRACE i.a.p.raft.roles.LeaderAppender - RaftServer{raft-partition-3} - Received AppendResponse{status=OK, term=3, succeeded=true, lastLogIndex=1} from 2
21:52:25.376 [raft-server-raft-partition-3] TRACE i.a.p.raft.roles.LeaderAppender - RaftServer{raft-partition-3} - Sending AppendRequest{term=3, leader=1, prevLogIndex=1, prevLogTerm=2, entries=0, commitIndex=1} to 2
21:52:25.376 [raft-server-raft-partition-3] TRACE i.a.p.raft.roles.LeaderAppender - RaftServer{raft-partition-3} - Received AppendResponse{status=OK, term=3, succeeded=true, lastLogIndex=1} from 3
21:52:25.376 [raft-server-raft-partition-3] TRACE i.a.p.raft.roles.LeaderAppender - RaftServer{raft-partition-3} - Sending AppendRequest{term=3, leader=1, prevLogIndex=1, prevLogTerm=2, entries=0, commitIndex=1} to 3
21:52:25.376 [raft-server-raft-partition-3] TRACE i.a.p.raft.roles.FollowerRole - RaftServer{raft-partition-3}{role=FOLLOWER} - Received AppendRequest{term=3, leader=1, prevLogIndex=1, prevLogTerm=2, entries=0, commitIndex=1}
21:52:25.376 [raft-server-raft-partition-3] TRACE i.a.p.raft.roles.FollowerRole - RaftServer{raft-partition-3}{role=FOLLOWER} - Sending AppendResponse{status=OK, term=3, succeeded=true, lastLogIndex=1}
21:52:25.376 [raft-server-raft-partition-3] TRACE i.a.p.raft.roles.FollowerRole - RaftServer{raft-partition-3}{role=FOLLOWER} - Received AppendRequest{term=3, leader=1, prevLogIndex=1, prevLogTerm=2, entries=0, commitIndex=1}
21:52:25.376 [raft-server-raft-partition-3] TRACE i.a.p.raft.roles.FollowerRole - RaftServer{raft-partition-3}{role=FOLLOWER} - Sending AppendResponse{status=OK, term=3, succeeded=true, lastLogIndex=1}
21:52:25.376 [raft-server-raft-partition-3] TRACE i.a.p.raft.roles.LeaderAppender - RaftServer{raft-partition-3} - Received AppendResponse{status=OK, term=3, succeeded=true, lastLogIndex=1} from 2
21:52:25.377 [raft-server-raft-partition-3] TRACE i.a.p.raft.roles.LeaderAppender - RaftServer{raft-partition-3} - Received AppendResponse{status=OK, term=3, succeeded=true, lastLogIndex=1} from 3
21:52:25.384 [raft-server-raft-partition-1] TRACE i.a.p.raft.roles.LeaderAppender - RaftServer{raft-partition-1} - Sending AppendRequest{term=1, leader=2, prevLogIndex=1, prevLogTerm=1, entries=0, commitIndex=1} to 1
21:52:25.384 [raft-server-raft-partition-1] TRACE i.a.p.raft.roles.LeaderAppender - RaftServer{raft-partition-1} - Sending AppendRequest{term=1, leader=2, prevLogIndex=1, prevLogTerm=1, entries=0, commitIndex=1} to 3
21:52:25.385 [raft-server-raft-partition-1] TRACE i.a.p.raft.roles.FollowerRole - RaftServer{raft-partition-1}{role=FOLLOWER} - Received AppendRequest{term=1, leader=2, prevLogIndex=1, prevLogTerm=1, entries=0, commitIndex=1}
21:52:25.385 [raft-server-raft-partition-1] INFO  i.a.protocols.raft.impl.RaftContext - RaftServer{raft-partition-1} - Found leader 2
21:52:25.385 [raft-server-raft-partition-1] TRACE i.a.p.raft.storage.system.MetaStore - Store vote null
21:52:25.385 [raft-server-raft-partition-1] TRACE i.a.p.raft.roles.FollowerRole - RaftServer{raft-partition-1}{role=FOLLOWER} - Received AppendRequest{term=1, leader=2, prevLogIndex=1, prevLogTerm=1, entries=0, commitIndex=1}
21:52:25.385 [raft-server-raft-partition-1] TRACE i.a.p.raft.roles.FollowerRole - RaftServer{raft-partition-1}{role=FOLLOWER} - Sending AppendResponse{status=OK, term=1, succeeded=true, lastLogIndex=1}
21:52:25.385 [raft-server-raft-partition-1] TRACE i.a.p.raft.roles.LeaderAppender - RaftServer{raft-partition-1} - Received AppendResponse{status=OK, term=1, succeeded=true, lastLogIndex=1} from 3
21:52:25.385 [raft-server-raft-partition-1] TRACE i.a.p.raft.roles.LeaderAppender - RaftServer{raft-partition-1} - Sending AppendRequest{term=1, leader=2, prevLogIndex=1, prevLogTerm=1, entries=0, commitIndex=1} to 3
21:52:25.386 [raft-server-raft-partition-1] TRACE i.a.p.raft.roles.FollowerRole - RaftServer{raft-partition-1}{role=FOLLOWER} - Received AppendRequest{term=1, leader=2, prevLogIndex=1, prevLogTerm=1, entries=0, commitIndex=1}
21:52:25.386 [raft-server-raft-partition-1] TRACE i.a.p.raft.roles.FollowerRole - RaftServer{raft-partition-1}{role=FOLLOWER} - Sending AppendResponse{status=OK, term=1, succeeded=true, lastLogIndex=1}
21:52:25.386 [raft-server-raft-partition-1] TRACE i.a.p.raft.roles.LeaderAppender - RaftServer{raft-partition-1} - Received AppendResponse{status=OK, term=1, succeeded=true, lastLogIndex=1} from 3
21:52:25.407 [raft-server-raft-partition-1] DEBUG i.a.p.raft.roles.FollowerRole - RaftServer{raft-partition-1}{role=FOLLOWER} - Rejected AppendRequest{term=1, leader=2, prevLogIndex=1, prevLogTerm=1, entries=0, commitIndex=1}: Previous index (1) is greater than the local log's last index (0)
21:52:25.407 [raft-server-raft-partition-1] TRACE i.a.p.raft.roles.FollowerRole - RaftServer{raft-partition-1}{role=FOLLOWER} - Sending AppendResponse{status=OK, term=1, succeeded=false, lastLogIndex=0}
21:52:25.407 [raft-server-raft-partition-1] TRACE i.a.p.raft.roles.LeaderAppender - RaftServer{raft-partition-1} - Received AppendResponse{status=OK, term=1, succeeded=false, lastLogIndex=0} from 1
21:52:25.407 [raft-server-raft-partition-1] TRACE i.a.p.raft.roles.LeaderAppender - RaftServer{raft-partition-1} - Reset next index for RaftMemberContext{member=1, term=1, configIndex=0, snapshotIndex=0, nextSnapshotIndex=0, nextSnapshotOffset=0, matchIndex=0, nextIndex=1, heartbeatTime=1528660340134, appending=0, appendSucceeded=false, appendTime=1528660345384, configuring=false, installing=false, failures=0} to 1
21:52:25.407 [raft-server-raft-partition-1] TRACE i.a.p.raft.roles.LeaderAppender - RaftServer{raft-partition-1} - Sending AppendRequest{term=1, leader=2, prevLogIndex=0, prevLogTerm=0, entries=1, commitIndex=1} to 1
21:52:25.408 [raft-server-raft-partition-1] TRACE i.a.p.raft.roles.FollowerRole - RaftServer{raft-partition-1}{role=FOLLOWER} - Received AppendRequest{term=1, leader=2, prevLogIndex=0, prevLogTerm=0, entries=1, commitIndex=1}
21:52:25.408 [raft-server-raft-partition-1] DEBUG i.a.p.raft.roles.FollowerRole - RaftServer{raft-partition-1}{role=FOLLOWER} - Reset first index to 1
21:52:25.417 [raft-server-system-partition-1] TRACE i.a.p.raft.roles.LeaderAppender - RaftServer{system-partition-1} - Sending AppendRequest{term=1, leader=1, prevLogIndex=16, prevLogTerm=1, entries=0, commitIndex=16} to 2
21:52:25.417 [raft-server-system-partition-1] TRACE i.a.p.raft.roles.LeaderAppender - RaftServer{system-partition-1} - Sending AppendRequest{term=1, leader=1, prevLogIndex=16, prevLogTerm=1, entries=0, commitIndex=16} to 3
21:52:25.417 [raft-server-system-partition-1] TRACE i.a.p.raft.roles.FollowerRole - RaftServer{system-partition-1}{role=FOLLOWER} - Received AppendRequest{term=1, leader=1, prevLogIndex=16, prevLogTerm=1, entries=0, commitIndex=16}
21:52:25.417 [raft-server-system-partition-1] TRACE i.a.p.raft.roles.FollowerRole - RaftServer{system-partition-1}{role=FOLLOWER} - Sending AppendResponse{status=OK, term=1, succeeded=true, lastLogIndex=16}
21:52:25.418 [raft-server-system-partition-1] TRACE i.a.p.raft.roles.FollowerRole - RaftServer{system-partition-1}{role=FOLLOWER} - Received AppendRequest{term=1, leader=1, prevLogIndex=16, prevLogTerm=1, entries=0, commitIndex=16}
21:52:25.418 [raft-server-system-partition-1] TRACE i.a.p.raft.roles.LeaderAppender - RaftServer{system-partition-1} - Received AppendResponse{status=OK, term=1, succeeded=true, lastLogIndex=16} from 2
21:52:25.418 [raft-server-system-partition-1] TRACE i.a.p.raft.roles.FollowerRole - RaftServer{system-partition-1}{role=FOLLOWER} - Sending AppendResponse{status=OK, term=1, succeeded=true, lastLogIndex=16}
21:52:25.418 [raft-server-system-partition-1] TRACE i.a.p.raft.roles.LeaderAppender - RaftServer{system-partition-1} - Sending AppendRequest{term=1, leader=1, prevLogIndex=16, prevLogTerm=1, entries=0, commitIndex=16} to 2
21:52:25.418 [raft-server-system-partition-1] TRACE i.a.p.raft.roles.LeaderAppender - RaftServer{system-partition-1} - Received AppendResponse{status=OK, term=1, succeeded=true, lastLogIndex=16} from 3
21:52:25.418 [raft-server-system-partition-1] TRACE i.a.p.raft.roles.LeaderAppender - RaftServer{system-partition-1} - Sending AppendRequest{term=1, leader=1, prevLogIndex=16, prevLogTerm=1, entries=0, commitIndex=16} to 3
21:52:25.418 [raft-server-system-partition-1] TRACE i.a.p.raft.roles.FollowerRole - RaftServer{system-partition-1}{role=FOLLOWER} - Received AppendRequest{term=1, leader=1, prevLogIndex=16, prevLogTerm=1, entries=0, commitIndex=16}
21:52:25.418 [raft-server-system-partition-1] TRACE i.a.p.raft.roles.FollowerRole - RaftServer{system-partition-1}{role=FOLLOWER} - Sending AppendResponse{status=OK, term=1, succeeded=true, lastLogIndex=16}
21:52:25.418 [raft-server-system-partition-1] TRACE i.a.p.raft.roles.FollowerRole - RaftServer{system-partition-1}{role=FOLLOWER} - Received AppendRequest{term=1, leader=1, prevLogIndex=16, prevLogTerm=1, entries=0, commitIndex=16}
21:52:25.418 [raft-server-system-partition-1] TRACE i.a.p.raft.roles.FollowerRole - RaftServer{system-partition-1}{role=FOLLOWER} - Sending AppendResponse{status=OK, term=1, succeeded=true, lastLogIndex=16}
21:52:25.418 [raft-server-system-partition-1] TRACE i.a.p.raft.roles.LeaderAppender - RaftServer{system-partition-1} - Received AppendResponse{status=OK, term=1, succeeded=true, lastLogIndex=16} from 2
21:52:25.419 [raft-server-system-partition-1] TRACE i.a.p.raft.roles.LeaderAppender - RaftServer{system-partition-1} - Received AppendResponse{status=OK, term=1, succeeded=true, lastLogIndex=16} from 3
21:52:25.459 [raft-server-raft-partition-5] TRACE i.a.p.raft.roles.LeaderAppender - RaftServer{raft-partition-5} - Sending AppendRequest{term=1, leader=3, prevLogIndex=1, prevLogTerm=1, entries=0, commitIndex=1} to 1
21:52:25.459 [raft-server-raft-partition-5] TRACE i.a.p.raft.roles.LeaderAppender - RaftServer{raft-partition-5} - Sending AppendRequest{term=1, leader=3, prevLogIndex=1, prevLogTerm=1, entries=0, commitIndex=1} to 2
21:52:25.459 [raft-server-raft-partition-7] TRACE i.a.p.raft.roles.LeaderAppender - RaftServer{raft-partition-7} - Sending AppendRequest{term=1, leader=2, prevLogIndex=1, prevLogTerm=1, entries=0, commitIndex=1} to 1
21:52:25.459 [raft-server-raft-partition-5] TRACE i.a.p.raft.roles.FollowerRole - RaftServer{raft-partition-5}{role=FOLLOWER} - Received AppendRequest{term=1, leader=3, prevLogIndex=1, prevLogTerm=1, entries=0, commitIndex=1}
21:52:25.459 [raft-server-raft-partition-5] TRACE i.a.p.raft.roles.FollowerRole - RaftServer{raft-partition-5}{role=FOLLOWER} - Received AppendRequest{term=1, leader=3, prevLogIndex=1, prevLogTerm=1, entries=0, commitIndex=1}
21:52:25.459 [raft-server-raft-partition-7] TRACE i.a.p.raft.roles.LeaderAppender - RaftServer{raft-partition-7} - Sending AppendRequest{term=1, leader=2, prevLogIndex=1, prevLogTerm=1, entries=0, commitIndex=1} to 3
21:52:25.459 [raft-server-raft-partition-5] TRACE i.a.p.raft.roles.FollowerRole - RaftServer{raft-partition-5}{role=FOLLOWER} - Sending AppendResponse{status=OK, term=1, succeeded=true, lastLogIndex=1}
21:52:25.459 [raft-server-raft-partition-5] TRACE i.a.p.raft.roles.FollowerRole - RaftServer{raft-partition-5}{role=FOLLOWER} - Sending AppendResponse{status=OK, term=1, succeeded=true, lastLogIndex=1}
21:52:25.459 [raft-server-raft-partition-7] TRACE i.a.p.raft.roles.FollowerRole - RaftServer{raft-partition-7}{role=FOLLOWER} - Received AppendRequest{term=1, leader=2, prevLogIndex=1, prevLogTerm=1, entries=0, commitIndex=1}
21:52:25.459 [raft-server-raft-partition-7] TRACE i.a.p.raft.roles.FollowerRole - RaftServer{raft-partition-7}{role=FOLLOWER} - Received AppendRequest{term=1, leader=2, prevLogIndex=1, prevLogTerm=1, entries=0, commitIndex=1}
21:52:25.460 [raft-server-raft-partition-7] TRACE i.a.p.raft.roles.FollowerRole - RaftServer{raft-partition-7}{role=FOLLOWER} - Sending AppendResponse{status=OK, term=1, succeeded=true, lastLogIndex=1}
21:52:25.460 [raft-server-raft-partition-5] TRACE i.a.p.raft.roles.LeaderAppender - RaftServer{raft-partition-5} - Received AppendResponse{status=OK, term=1, succeeded=true, lastLogIndex=1} from 1
21:52:25.460 [raft-server-raft-partition-7] TRACE i.a.p.raft.roles.FollowerRole - RaftServer{raft-partition-7}{role=FOLLOWER} - Sending AppendResponse{status=OK, term=1, succeeded=true, lastLogIndex=1}
21:52:25.460 [raft-server-raft-partition-5] TRACE i.a.p.raft.roles.LeaderAppender - RaftServer{raft-partition-5} - Sending AppendRequest{term=1, leader=3, prevLogIndex=1, prevLogTerm=1, entries=0, commitIndex=1} to 1
21:52:25.460 [raft-server-raft-partition-7] TRACE i.a.p.raft.roles.LeaderAppender - RaftServer{raft-partition-7} - Received AppendResponse{status=OK, term=1, succeeded=true, lastLogIndex=1} from 1
21:52:25.460 [raft-server-raft-partition-5] TRACE i.a.p.raft.roles.LeaderAppender - RaftServer{raft-partition-5} - Received AppendResponse{status=OK, term=1, succeeded=true, lastLogIndex=1} from 2
21:52:25.460 [raft-server-raft-partition-7] TRACE i.a.p.raft.roles.LeaderAppender - RaftServer{raft-partition-7} - Sending AppendRequest{term=1, leader=2, prevLogIndex=1, prevLogTerm=1, entries=0, commitIndex=1} to 1
21:52:25.460 [raft-server-raft-partition-5] TRACE i.a.p.raft.roles.LeaderAppender - RaftServer{raft-partition-5} - Sending AppendRequest{term=1, leader=3, prevLogIndex=1, prevLogTerm=1, entries=0, commitIndex=1} to 2
21:52:25.460 [raft-server-raft-partition-5] TRACE i.a.p.raft.roles.FollowerRole - RaftServer{raft-partition-5}{role=FOLLOWER} - Received AppendRequest{term=1, leader=3, prevLogIndex=1, prevLogTerm=1, entries=0, commitIndex=1}
21:52:25.460 [raft-server-raft-partition-7] TRACE i.a.p.raft.roles.LeaderAppender - RaftServer{raft-partition-7} - Received AppendResponse{status=OK, term=1, succeeded=true, lastLogIndex=1} from 3
21:52:25.460 [raft-server-raft-partition-5] TRACE i.a.p.raft.roles.FollowerRole - RaftServer{raft-partition-5}{role=FOLLOWER} - Sending AppendResponse{status=OK, term=1, succeeded=true, lastLogIndex=1}
21:52:25.460 [raft-server-raft-partition-7] TRACE i.a.p.raft.roles.FollowerRole - RaftServer{raft-partition-7}{role=FOLLOWER} - Received AppendRequest{term=1, leader=2, prevLogIndex=1, prevLogTerm=1, entries=0, commitIndex=1}
21:52:25.460 [raft-server-raft-partition-7] TRACE i.a.p.raft.roles.LeaderAppender - RaftServer{raft-partition-7} - Sending AppendRequest{term=1, leader=2, prevLogIndex=1, prevLogTerm=1, entries=0, commitIndex=1} to 3
21:52:25.460 [raft-server-raft-partition-5] TRACE i.a.p.raft.roles.FollowerRole - RaftServer{raft-partition-5}{role=FOLLOWER} - Received AppendRequest{term=1, leader=3, prevLogIndex=1, prevLogTerm=1, entries=0, commitIndex=1}
21:52:25.460 [raft-server-raft-partition-7] TRACE i.a.p.raft.roles.FollowerRole - RaftServer{raft-partition-7}{role=FOLLOWER} - Sending AppendResponse{status=OK, term=1, succeeded=true, lastLogIndex=1}
21:52:25.460 [raft-server-raft-partition-5] TRACE i.a.p.raft.roles.LeaderAppender - RaftServer{raft-partition-5} - Received AppendResponse{status=OK, term=1, succeeded=true, lastLogIndex=1} from 1
21:52:25.460 [raft-server-raft-partition-5] TRACE i.a.p.raft.roles.FollowerRole - RaftServer{raft-partition-5}{role=FOLLOWER} - Sending AppendResponse{status=OK, term=1, succeeded=true, lastLogIndex=1}
21:52:25.460 [raft-server-raft-partition-7] TRACE i.a.p.raft.roles.FollowerRole - RaftServer{raft-partition-7}{role=FOLLOWER} - Received AppendRequest{term=1, leader=2, prevLogIndex=1, prevLogTerm=1, entries=0, commitIndex=1}
21:52:25.461 [raft-server-raft-partition-7] TRACE i.a.p.raft.roles.LeaderAppender - RaftServer{raft-partition-7} - Received AppendResponse{status=OK, term=1, succeeded=true, lastLogIndex=1} from 1
21:52:25.461 [raft-server-raft-partition-7] TRACE i.a.p.raft.roles.FollowerRole - RaftServer{raft-partition-7}{role=FOLLOWER} - Sending AppendResponse{status=OK, term=1, succeeded=true, lastLogIndex=1}
21:52:25.461 [raft-server-raft-partition-5] TRACE i.a.p.raft.roles.LeaderAppender - RaftServer{raft-partition-5} - Received AppendResponse{status=OK, term=1, succeeded=true, lastLogIndex=1} from 2
21:52:25.461 [raft-server-raft-partition-7] TRACE i.a.p.raft.roles.LeaderAppender - RaftServer{raft-partition-7} - Received AppendResponse{status=OK, term=1, succeeded=true, lastLogIndex=1} from 3
21:52:25.493 [raft-server-raft-partition-4] TRACE i.a.p.raft.roles.LeaderAppender - RaftServer{raft-partition-4} - Sending AppendRequest{term=1, leader=1, prevLogIndex=1, prevLogTerm=1, entries=0, commitIndex=1} to 2
21:52:25.493 [raft-server-raft-partition-4] TRACE i.a.p.raft.roles.LeaderAppender - RaftServer{raft-partition-4} - Sending AppendRequest{term=1, leader=1, prevLogIndex=1, prevLogTerm=1, entries=0, commitIndex=1} to 3
21:52:25.493 [raft-server-raft-partition-4] TRACE i.a.p.raft.roles.FollowerRole - RaftServer{raft-partition-4}{role=FOLLOWER} - Received AppendRequest{term=1, leader=1, prevLogIndex=1, prevLogTerm=1, entries=0, commitIndex=1}
21:52:25.493 [raft-server-raft-partition-4] TRACE i.a.p.raft.roles.FollowerRole - RaftServer{raft-partition-4}{role=FOLLOWER} - Received AppendRequest{term=1, leader=1, prevLogIndex=1, prevLogTerm=1, entries=0, commitIndex=1}
21:52:25.493 [raft-server-raft-partition-4] TRACE i.a.p.raft.roles.FollowerRole - RaftServer{raft-partition-4}{role=FOLLOWER} - Sending AppendResponse{status=OK, term=1, succeeded=true, lastLogIndex=1}
21:52:25.493 [raft-server-raft-partition-4] TRACE i.a.p.raft.roles.FollowerRole - RaftServer{raft-partition-4}{role=FOLLOWER} - Sending AppendResponse{status=OK, term=1, succeeded=true, lastLogIndex=1}
21:52:25.494 [raft-server-raft-partition-4] TRACE i.a.p.raft.roles.LeaderAppender - RaftServer{raft-partition-4} - Received AppendResponse{status=OK, term=1, succeeded=true, lastLogIndex=1} from 3
21:52:25.494 [raft-server-raft-partition-4] TRACE i.a.p.raft.roles.LeaderAppender - RaftServer{raft-partition-4} - Sending AppendRequest{term=1, leader=1, prevLogIndex=1, prevLogTerm=1, entries=0, commitIndex=1} to 3
21:52:25.494 [raft-server-raft-partition-4] TRACE i.a.p.raft.roles.LeaderAppender - RaftServer{raft-partition-4} - Received AppendResponse{status=OK, term=1, succeeded=true, lastLogIndex=1} from 2
21:52:25.494 [raft-server-raft-partition-4] TRACE i.a.p.raft.roles.LeaderAppender - RaftServer{raft-partition-4} - Sending AppendRequest{term=1, leader=1, prevLogIndex=1, prevLogTerm=1, entries=0, commitIndex=1} to 2
21:52:25.494 [raft-server-raft-partition-4] TRACE i.a.p.raft.roles.FollowerRole - RaftServer{raft-partition-4}{role=FOLLOWER} - Received AppendRequest{term=1, leader=1, prevLogIndex=1, prevLogTerm=1, entries=0, commitIndex=1}
21:52:25.494 [raft-server-raft-partition-4] TRACE i.a.p.raft.roles.FollowerRole - RaftServer{raft-partition-4}{role=FOLLOWER} - Received AppendRequest{term=1, leader=1, prevLogIndex=1, prevLogTerm=1, entries=0, commitIndex=1}
21:52:25.494 [raft-server-raft-partition-4] TRACE i.a.p.raft.roles.FollowerRole - RaftServer{raft-partition-4}{role=FOLLOWER} - Sending AppendResponse{status=OK, term=1, succeeded=true, lastLogIndex=1}
21:52:25.494 [raft-server-raft-partition-4] TRACE i.a.p.raft.roles.FollowerRole - RaftServer{raft-partition-4}{role=FOLLOWER} - Sending AppendResponse{status=OK, term=1, succeeded=true, lastLogIndex=1}
21:52:25.494 [raft-server-raft-partition-4] TRACE i.a.p.raft.roles.LeaderAppender - RaftServer{raft-partition-4} - Received AppendResponse{status=OK, term=1, succeeded=true, lastLogIndex=1} from 3
21:52:25.494 [raft-server-raft-partition-4] TRACE i.a.p.raft.roles.LeaderAppender - RaftServer{raft-partition-4} - Received AppendResponse{status=OK, term=1, succeeded=true, lastLogIndex=1} from 2
21:52:25.568 [raft-server-raft-partition-2] TRACE i.a.p.raft.roles.LeaderAppender - RaftServer{raft-partition-2} - Sending AppendRequest{term=1, leader=1, prevLogIndex=1, prevLogTerm=1, entries=0, commitIndex=1} to 2
21:52:25.568 [raft-server-raft-partition-2] TRACE i.a.p.raft.roles.LeaderAppender - RaftServer{raft-partition-2} - Sending AppendRequest{term=1, leader=1, prevLogIndex=1, prevLogTerm=1, entries=0, commitIndex=1} to 3
21:52:25.568 [raft-server-raft-partition-2] TRACE i.a.p.raft.roles.FollowerRole - RaftServer{raft-partition-2}{role=FOLLOWER} - Received AppendRequest{term=1, leader=1, prevLogIndex=1, prevLogTerm=1, entries=0, commitIndex=1}
21:52:25.568 [raft-server-raft-partition-2] TRACE i.a.p.raft.roles.FollowerRole - RaftServer{raft-partition-2}{role=FOLLOWER} - Sending AppendResponse{status=OK, term=1, succeeded=true, lastLogIndex=1}
21:52:25.568 [raft-server-raft-partition-2] TRACE i.a.p.raft.roles.FollowerRole - RaftServer{raft-partition-2}{role=FOLLOWER} - Received AppendRequest{term=1, leader=1, prevLogIndex=1, prevLogTerm=1, entries=0, commitIndex=1}
21:52:25.568 [raft-server-raft-partition-2] TRACE i.a.p.raft.roles.FollowerRole - RaftServer{raft-partition-2}{role=FOLLOWER} - Sending AppendResponse{status=OK, term=1, succeeded=true, lastLogIndex=1}
21:52:25.568 [raft-server-raft-partition-2] TRACE i.a.p.raft.roles.LeaderAppender - RaftServer{raft-partition-2} - Received AppendResponse{status=OK, term=1, succeeded=true, lastLogIndex=1} from 2
21:52:25.568 [raft-server-raft-partition-2] TRACE i.a.p.raft.roles.LeaderAppender - RaftServer{raft-partition-2} - Sending AppendRequest{term=1, leader=1, prevLogIndex=1, prevLogTerm=1, entries=0, commitIndex=1} to 2
21:52:25.568 [raft-server-raft-partition-2] TRACE i.a.p.raft.roles.LeaderAppender - RaftServer{raft-partition-2} - Received AppendResponse{status=OK, term=1, succeeded=true, lastLogIndex=1} from 3
21:52:25.568 [raft-server-raft-partition-2] TRACE i.a.p.raft.roles.FollowerRole - RaftServer{raft-partition-2}{role=FOLLOWER} - Received AppendRequest{term=1, leader=1, prevLogIndex=1, prevLogTerm=1, entries=0, commitIndex=1}
21:52:25.568 [raft-server-raft-partition-2] TRACE i.a.p.raft.roles.FollowerRole - RaftServer{raft-partition-2}{role=FOLLOWER} - Sending AppendResponse{status=OK, term=1, succeeded=true, lastLogIndex=1}
21:52:25.569 [raft-server-raft-partition-2] TRACE i.a.p.raft.roles.LeaderAppender - RaftServer{raft-partition-2} - Received AppendResponse{status=OK, term=1, succeeded=true, lastLogIndex=1} from 2
21:52:25.576 [raft-server-raft-partition-6] TRACE i.a.p.raft.roles.LeaderAppender - RaftServer{raft-partition-6} - Sending AppendRequest{term=1, leader=1, prevLogIndex=1, prevLogTerm=1, entries=0, commitIndex=1} to 2
21:52:25.576 [raft-server-raft-partition-6] TRACE i.a.p.raft.roles.LeaderAppender - RaftServer{raft-partition-6} - Sending AppendRequest{term=1, leader=1, prevLogIndex=1, prevLogTerm=1, entries=0, commitIndex=1} to 3
21:52:25.576 [raft-server-raft-partition-6] TRACE i.a.p.raft.roles.FollowerRole - RaftServer{raft-partition-6}{role=FOLLOWER} - Received AppendRequest{term=1, leader=1, prevLogIndex=1, prevLogTerm=1, entries=0, commitIndex=1}
21:52:25.576 [raft-server-raft-partition-6] TRACE i.a.p.raft.roles.FollowerRole - RaftServer{raft-partition-6}{role=FOLLOWER} - Received AppendRequest{term=1, leader=1, prevLogIndex=1, prevLogTerm=1, entries=0, commitIndex=1}
21:52:25.576 [raft-server-raft-partition-6] TRACE i.a.p.raft.roles.FollowerRole - RaftServer{raft-partition-6}{role=FOLLOWER} - Sending AppendResponse{status=OK, term=1, succeeded=true, lastLogIndex=1}
21:52:25.576 [raft-server-raft-partition-6] TRACE i.a.p.raft.roles.FollowerRole - RaftServer{raft-partition-6}{role=FOLLOWER} - Sending AppendResponse{status=OK, term=1, succeeded=true, lastLogIndex=1}
21:52:25.576 [raft-server-raft-partition-6] TRACE i.a.p.raft.roles.LeaderAppender - RaftServer{raft-partition-6} - Received AppendResponse{status=OK, term=1, succeeded=true, lastLogIndex=1} from 3
21:52:25.576 [raft-server-raft-partition-6] TRACE i.a.p.raft.roles.LeaderAppender - RaftServer{raft-partition-6} - Sending AppendRequest{term=1, leader=1, prevLogIndex=1, prevLogTerm=1, entries=0, commitIndex=1} to 3
21:52:25.576 [raft-server-raft-partition-6] TRACE i.a.p.raft.roles.LeaderAppender - RaftServer{raft-partition-6} - Received AppendResponse{status=OK, term=1, succeeded=true, lastLogIndex=1} from 2
21:52:25.576 [raft-server-raft-partition-6] TRACE i.a.p.raft.roles.LeaderAppender - RaftServer{raft-partition-6} - Sending AppendRequest{term=1, leader=1, prevLogIndex=1, prevLogTerm=1, entries=0, commitIndex=1} to 2
21:52:25.577 [raft-server-raft-partition-6] TRACE i.a.p.raft.roles.FollowerRole - RaftServer{raft-partition-6}{role=FOLLOWER} - Received AppendRequest{term=1, leader=1, prevLogIndex=1, prevLogTerm=1, entries=0, commitIndex=1}
21:52:25.577 [raft-server-raft-partition-6] TRACE i.a.p.raft.roles.FollowerRole - RaftServer{raft-partition-6}{role=FOLLOWER} - Sending AppendResponse{status=OK, term=1, succeeded=true, lastLogIndex=1}
21:52:25.577 [raft-server-raft-partition-6] TRACE i.a.p.raft.roles.FollowerRole - RaftServer{raft-partition-6}{role=FOLLOWER} - Received AppendRequest{term=1, leader=1, prevLogIndex=1, prevLogTerm=1, entries=0, commitIndex=1}
21:52:25.577 [raft-server-raft-partition-6] TRACE i.a.p.raft.roles.FollowerRole - RaftServer{raft-partition-6}{role=FOLLOWER} - Sending AppendResponse{status=OK, term=1, succeeded=true, lastLogIndex=1}
21:52:25.577 [raft-server-raft-partition-6] TRACE i.a.p.raft.roles.LeaderAppender - RaftServer{raft-partition-6} - Received AppendResponse{status=OK, term=1, succeeded=true, lastLogIndex=1} from 3
21:52:25.577 [raft-server-raft-partition-6] TRACE i.a.p.raft.roles.LeaderAppender - RaftServer{raft-partition-6} - Sending AppendRequest{term=1, leader=1, prevLogIndex=1, prevLogTerm=1, entries=0, commitIndex=1} to 3
21:52:25.577 [raft-server-raft-partition-6] TRACE i.a.p.raft.roles.LeaderAppender - RaftServer{raft-partition-6} - Received AppendResponse{status=OK, term=1, succeeded=true, lastLogIndex=1} from 2
21:52:25.577 [raft-server-raft-partition-6] TRACE i.a.p.raft.roles.LeaderAppender - RaftServer{raft-partition-6} - Sending AppendRequest{term=1, leader=1, prevLogIndex=1, prevLogTerm=1, entries=0, commitIndex=1} to 2
21:52:25.577 [raft-server-raft-partition-6] TRACE i.a.p.raft.roles.FollowerRole - RaftServer{raft-partition-6}{role=FOLLOWER} - Received AppendRequest{term=1, leader=1, prevLogIndex=1, prevLogTerm=1, entries=0, commitIndex=1}
21:52:25.577 [raft-server-raft-partition-6] TRACE i.a.p.raft.roles.FollowerRole - RaftServer{raft-partition-6}{role=FOLLOWER} - Sending AppendResponse{status=OK, term=1, succeeded=true, lastLogIndex=1}
21:52:25.577 [raft-server-raft-partition-6] TRACE i.a.p.raft.roles.FollowerRole - RaftServer{raft-partition-6}{role=FOLLOWER} - Received AppendRequest{term=1, leader=1, prevLogIndex=1, prevLogTerm=1, entries=0, commitIndex=1}
21:52:25.577 [raft-server-raft-partition-6] TRACE i.a.p.raft.roles.FollowerRole - RaftServer{raft-partition-6}{role=FOLLOWER} - Sending AppendResponse{status=OK, term=1, succeeded=true, lastLogIndex=1}
21:52:25.577 [raft-server-raft-partition-6] TRACE i.a.p.raft.roles.LeaderAppender - RaftServer{raft-partition-6} - Received AppendResponse{status=OK, term=1, succeeded=true, lastLogIndex=1} from 3
21:52:25.577 [raft-server-raft-partition-6] TRACE i.a.p.raft.roles.LeaderAppender - RaftServer{raft-partition-6} - Received AppendResponse{status=OK, term=1, succeeded=true, lastLogIndex=1} from 2
21:52:25.625 [raft-server-raft-partition-3] TRACE i.a.p.raft.roles.LeaderAppender - RaftServer{raft-partition-3} - Sending AppendRequest{term=3, leader=1, prevLogIndex=1, prevLogTerm=2, entries=0, commitIndex=1} to 2
21:52:25.625 [raft-server-raft-partition-3] TRACE i.a.p.raft.roles.LeaderAppender - RaftServer{raft-partition-3} - Sending AppendRequest{term=3, leader=1, prevLogIndex=1, prevLogTerm=2, entries=0, commitIndex=1} to 3
21:52:25.625 [raft-server-raft-partition-3] TRACE i.a.p.raft.roles.FollowerRole - RaftServer{raft-partition-3}{role=FOLLOWER} - Received AppendRequest{term=3, leader=1, prevLogIndex=1, prevLogTerm=2, entries=0, commitIndex=1}
21:52:25.625 [raft-server-raft-partition-3] TRACE i.a.p.raft.roles.FollowerRole - RaftServer{raft-partition-3}{role=FOLLOWER} - Received AppendRequest{term=3, leader=1, prevLogIndex=1, prevLogTerm=2, entries=0, commitIndex=1}
21:52:25.625 [raft-server-raft-partition-3] TRACE i.a.p.raft.roles.FollowerRole - RaftServer{raft-partition-3}{role=FOLLOWER} - Sending AppendResponse{status=OK, term=3, succeeded=true, lastLogIndex=1}
21:52:25.625 [raft-server-raft-partition-3] TRACE i.a.p.raft.roles.FollowerRole - RaftServer{raft-partition-3}{role=FOLLOWER} - Sending AppendResponse{status=OK, term=3, succeeded=true, lastLogIndex=1}
21:52:25.625 [raft-server-raft-partition-3] TRACE i.a.p.raft.roles.LeaderAppender - RaftServer{raft-partition-3} - Received AppendResponse{status=OK, term=3, succeeded=true, lastLogIndex=1} from 3
21:52:25.625 [raft-server-raft-partition-3] TRACE i.a.p.raft.roles.LeaderAppender - RaftServer{raft-partition-3} - Sending AppendRequest{term=3, leader=1, prevLogIndex=1, prevLogTerm=2, entries=0, commitIndex=1} to 3
21:52:25.625 [raft-server-raft-partition-3] TRACE i.a.p.raft.roles.LeaderAppender - RaftServer{raft-partition-3} - Received AppendResponse{status=OK, term=3, succeeded=true, lastLogIndex=1} from 2
21:52:25.625 [raft-server-raft-partition-3] TRACE i.a.p.raft.roles.LeaderAppender - RaftServer{raft-partition-3} - Sending AppendRequest{term=3, leader=1, prevLogIndex=1, prevLogTerm=2, entries=0, commitIndex=1} to 2
21:52:25.626 [raft-server-raft-partition-3] TRACE i.a.p.raft.roles.FollowerRole - RaftServer{raft-partition-3}{role=FOLLOWER} - Received AppendRequest{term=3, leader=1, prevLogIndex=1, prevLogTerm=2, entries=0, commitIndex=1}
21:52:25.626 [raft-server-raft-partition-3] TRACE i.a.p.raft.roles.FollowerRole - RaftServer{raft-partition-3}{role=FOLLOWER} - Received AppendRequest{term=3, leader=1, prevLogIndex=1, prevLogTerm=2, entries=0, commitIndex=1}
21:52:25.626 [raft-server-raft-partition-3] TRACE i.a.p.raft.roles.FollowerRole - RaftServer{raft-partition-3}{role=FOLLOWER} - Sending AppendResponse{status=OK, term=3, succeeded=true, lastLogIndex=1}
21:52:25.626 [raft-server-raft-partition-3] TRACE i.a.p.raft.roles.FollowerRole - RaftServer{raft-partition-3}{role=FOLLOWER} - Sending AppendResponse{status=OK, term=3, succeeded=true, lastLogIndex=1}
21:52:25.626 [raft-server-raft-partition-3] TRACE i.a.p.raft.roles.LeaderAppender - RaftServer{raft-partition-3} - Received AppendResponse{status=OK, term=3, succeeded=true, lastLogIndex=1} from 3
21:52:25.626 [raft-server-raft-partition-3] TRACE i.a.p.raft.roles.LeaderAppender - RaftServer{raft-partition-3} - Sending AppendRequest{term=3, leader=1, prevLogIndex=1, prevLogTerm=2, entries=0, commitIndex=1} to 3
21:52:25.626 [raft-server-raft-partition-3] TRACE i.a.p.raft.roles.LeaderAppender - RaftServer{raft-partition-3} - Received AppendResponse{status=OK, term=3, succeeded=true, lastLogIndex=1} from 2
21:52:25.626 [raft-server-raft-partition-3] TRACE i.a.p.raft.roles.LeaderAppender - RaftServer{raft-partition-3} - Sending AppendRequest{term=3, leader=1, prevLogIndex=1, prevLogTerm=2, entries=0, commitIndex=1} to 2
21:52:25.626 [raft-server-raft-partition-3] TRACE i.a.p.raft.roles.FollowerRole - RaftServer{raft-partition-3}{role=FOLLOWER} - Received AppendRequest{term=3, leader=1, prevLogIndex=1, prevLogTerm=2, entries=0, commitIndex=1}
21:52:25.626 [raft-server-raft-partition-3] TRACE i.a.p.raft.roles.FollowerRole - RaftServer{raft-partition-3}{role=FOLLOWER} - Sending AppendResponse{status=OK, term=3, succeeded=true, lastLogIndex=1}
21:52:25.626 [raft-server-raft-partition-3] TRACE i.a.p.raft.roles.FollowerRole - RaftServer{raft-partition-3}{role=FOLLOWER} - Received AppendRequest{term=3, leader=1, prevLogIndex=1, prevLogTerm=2, entries=0, commitIndex=1}
21:52:25.626 [raft-server-raft-partition-3] TRACE i.a.p.raft.roles.FollowerRole - RaftServer{raft-partition-3}{role=FOLLOWER} - Sending AppendResponse{status=OK, term=3, succeeded=true, lastLogIndex=1}
21:52:25.626 [raft-server-raft-partition-3] TRACE i.a.p.raft.roles.LeaderAppender - RaftServer{raft-partition-3} - Received AppendResponse{status=OK, term=3, succeeded=true, lastLogIndex=1} from 3
21:52:25.626 [raft-server-raft-partition-3] TRACE i.a.p.raft.roles.LeaderAppender - RaftServer{raft-partition-3} - Received AppendResponse{status=OK, term=3, succeeded=true, lastLogIndex=1} from 2
21:52:25.634 [raft-server-raft-partition-1] TRACE i.a.p.raft.roles.LeaderAppender - RaftServer{raft-partition-1} - Sending AppendRequest{term=1, leader=2, prevLogIndex=1, prevLogTerm=1, entries=0, commitIndex=1} to 3
21:52:25.635 [raft-server-raft-partition-1] TRACE i.a.p.raft.roles.FollowerRole - RaftServer{raft-partition-1}{role=FOLLOWER} - Received AppendRequest{term=1, leader=2, prevLogIndex=1, prevLogTerm=1, entries=0, commitIndex=1}
21:52:25.635 [raft-server-raft-partition-1] TRACE i.a.p.raft.roles.FollowerRole - RaftServer{raft-partition-1}{role=FOLLOWER} - Sending AppendResponse{status=OK, term=1, succeeded=true, lastLogIndex=1}
21:52:25.635 [raft-server-raft-partition-1] TRACE i.a.p.raft.roles.LeaderAppender - RaftServer{raft-partition-1} - Received AppendResponse{status=OK, term=1, succeeded=true, lastLogIndex=1} from 3
21:52:25.635 [raft-server-raft-partition-1] TRACE i.a.p.raft.roles.LeaderAppender - RaftServer{raft-partition-1} - Sending AppendRequest{term=1, leader=2, prevLogIndex=1, prevLogTerm=1, entries=0, commitIndex=1} to 3
21:52:25.635 [raft-server-raft-partition-1] TRACE i.a.p.raft.roles.FollowerRole - RaftServer{raft-partition-1}{role=FOLLOWER} - Received AppendRequest{term=1, leader=2, prevLogIndex=1, prevLogTerm=1, entries=0, commitIndex=1}
21:52:25.635 [raft-server-raft-partition-1] TRACE i.a.p.raft.roles.FollowerRole - RaftServer{raft-partition-1}{role=FOLLOWER} - Sending AppendResponse{status=OK, term=1, succeeded=true, lastLogIndex=1}
21:52:25.636 [raft-server-raft-partition-1] TRACE i.a.p.raft.roles.LeaderAppender - RaftServer{raft-partition-1} - Received AppendResponse{status=OK, term=1, succeeded=true, lastLogIndex=1} from 3
21:52:25.667 [raft-server-system-partition-1] TRACE i.a.p.raft.roles.LeaderAppender - RaftServer{system-partition-1} - Sending AppendRequest{term=1, leader=1, prevLogIndex=16, prevLogTerm=1, entries=0, commitIndex=16} to 2
21:52:25.667 [raft-server-system-partition-1] TRACE i.a.p.raft.roles.LeaderAppender - RaftServer{system-partition-1} - Sending AppendRequest{term=1, leader=1, prevLogIndex=16, prevLogTerm=1, entries=0, commitIndex=16} to 3
21:52:25.667 [raft-server-system-partition-1] TRACE i.a.p.raft.roles.FollowerRole - RaftServer{system-partition-1}{role=FOLLOWER} - Received AppendRequest{term=1, leader=1, prevLogIndex=16, prevLogTerm=1, entries=0, commitIndex=16}
21:52:25.668 [raft-server-system-partition-1] TRACE i.a.p.raft.roles.FollowerRole - RaftServer{system-partition-1}{role=FOLLOWER} - Received AppendRequest{term=1, leader=1, prevLogIndex=16, prevLogTerm=1, entries=0, commitIndex=16}
21:52:25.668 [raft-server-system-partition-1] TRACE i.a.p.raft.roles.FollowerRole - RaftServer{system-partition-1}{role=FOLLOWER} - Sending AppendResponse{status=OK, term=1, succeeded=true, lastLogIndex=16}
21:52:25.668 [raft-server-system-partition-1] TRACE i.a.p.raft.roles.FollowerRole - RaftServer{system-partition-1}{role=FOLLOWER} - Sending AppendResponse{status=OK, term=1, succeeded=true, lastLogIndex=16}
21:52:25.668 [raft-server-system-partition-1] TRACE i.a.p.raft.roles.LeaderAppender - RaftServer{system-partition-1} - Received AppendResponse{status=OK, term=1, succeeded=true, lastLogIndex=16} from 2
21:52:25.668 [raft-server-system-partition-1] TRACE i.a.p.raft.roles.LeaderAppender - RaftServer{system-partition-1} - Sending AppendRequest{term=1, leader=1, prevLogIndex=16, prevLogTerm=1, entries=0, commitIndex=16} to 2
21:52:25.668 [raft-server-system-partition-1] TRACE i.a.p.raft.roles.LeaderAppender - RaftServer{system-partition-1} - Received AppendResponse{status=OK, term=1, succeeded=true, lastLogIndex=16} from 3
21:52:25.668 [raft-server-system-partition-1] TRACE i.a.p.raft.roles.LeaderAppender - RaftServer{system-partition-1} - Sending AppendRequest{term=1, leader=1, prevLogIndex=16, prevLogTerm=1, entries=0, commitIndex=16} to 3
21:52:25.668 [raft-server-system-partition-1] TRACE i.a.p.raft.roles.FollowerRole - RaftServer{system-partition-1}{role=FOLLOWER} - Received AppendRequest{term=1, leader=1, prevLogIndex=16, prevLogTerm=1, entries=0, commitIndex=16}
21:52:25.668 [raft-server-system-partition-1] TRACE i.a.p.raft.roles.FollowerRole - RaftServer{system-partition-1}{role=FOLLOWER} - Sending AppendResponse{status=OK, term=1, succeeded=true, lastLogIndex=16}
21:52:25.668 [raft-server-system-partition-1] TRACE i.a.p.raft.roles.FollowerRole - RaftServer{system-partition-1}{role=FOLLOWER} - Received AppendRequest{term=1, leader=1, prevLogIndex=16, prevLogTerm=1, entries=0, commitIndex=16}
21:52:25.668 [raft-server-system-partition-1] TRACE i.a.p.raft.roles.FollowerRole - RaftServer{system-partition-1}{role=FOLLOWER} - Sending AppendResponse{status=OK, term=1, succeeded=true, lastLogIndex=16}
21:52:25.668 [raft-server-system-partition-1] TRACE i.a.p.raft.roles.LeaderAppender - RaftServer{system-partition-1} - Received AppendResponse{status=OK, term=1, succeeded=true, lastLogIndex=16} from 2
21:52:25.668 [raft-server-system-partition-1] TRACE i.a.p.raft.roles.LeaderAppender - RaftServer{system-partition-1} - Received AppendResponse{status=OK, term=1, succeeded=true, lastLogIndex=16} from 3
21:52:25.709 [raft-server-raft-partition-5] TRACE i.a.p.raft.roles.LeaderAppender - RaftServer{raft-partition-5} - Sending AppendRequest{term=1, leader=3, prevLogIndex=1, prevLogTerm=1, entries=0, commitIndex=1} to 1
21:52:25.709 [raft-server-raft-partition-5] TRACE i.a.p.raft.roles.LeaderAppender - RaftServer{raft-partition-5} - Sending AppendRequest{term=1, leader=3, prevLogIndex=1, prevLogTerm=1, entries=0, commitIndex=1} to 2
21:52:25.709 [raft-server-raft-partition-7] TRACE i.a.p.raft.roles.LeaderAppender - RaftServer{raft-partition-7} - Sending AppendRequest{term=1, leader=2, prevLogIndex=1, prevLogTerm=1, entries=0, commitIndex=1} to 1
21:52:25.709 [raft-server-raft-partition-5] TRACE i.a.p.raft.roles.FollowerRole - RaftServer{raft-partition-5}{role=FOLLOWER} - Received AppendRequest{term=1, leader=3, prevLogIndex=1, prevLogTerm=1, entries=0, commitIndex=1}
21:52:25.709 [raft-server-raft-partition-7] TRACE i.a.p.raft.roles.LeaderAppender - RaftServer{raft-partition-7} - Sending AppendRequest{term=1, leader=2, prevLogIndex=1, prevLogTerm=1, entries=0, commitIndex=1} to 3
21:52:25.709 [raft-server-raft-partition-5] TRACE i.a.p.raft.roles.FollowerRole - RaftServer{raft-partition-5}{role=FOLLOWER} - Received AppendRequest{term=1, leader=3, prevLogIndex=1, prevLogTerm=1, entries=0, commitIndex=1}
21:52:25.709 [raft-server-raft-partition-5] TRACE i.a.p.raft.roles.FollowerRole - RaftServer{raft-partition-5}{role=FOLLOWER} - Sending AppendResponse{status=OK, term=1, succeeded=true, lastLogIndex=1}
21:52:25.709 [raft-server-raft-partition-5] TRACE i.a.p.raft.roles.FollowerRole - RaftServer{raft-partition-5}{role=FOLLOWER} - Sending AppendResponse{status=OK, term=1, succeeded=true, lastLogIndex=1}
21:52:25.709 [raft-server-raft-partition-7] TRACE i.a.p.raft.roles.FollowerRole - RaftServer{raft-partition-7}{role=FOLLOWER} - Received AppendRequest{term=1, leader=2, prevLogIndex=1, prevLogTerm=1, entries=0, commitIndex=1}
21:52:25.709 [raft-server-raft-partition-7] TRACE i.a.p.raft.roles.FollowerRole - RaftServer{raft-partition-7}{role=FOLLOWER} - Received AppendRequest{term=1, leader=2, prevLogIndex=1, prevLogTerm=1, entries=0, commitIndex=1}
21:52:25.709 [raft-server-raft-partition-7] TRACE i.a.p.raft.roles.FollowerRole - RaftServer{raft-partition-7}{role=FOLLOWER} - Sending AppendResponse{status=OK, term=1, succeeded=true, lastLogIndex=1}
21:52:25.709 [raft-server-raft-partition-5] TRACE i.a.p.raft.roles.LeaderAppender - RaftServer{raft-partition-5} - Received AppendResponse{status=OK, term=1, succeeded=true, lastLogIndex=1} from 2
21:52:25.709 [raft-server-raft-partition-7] TRACE i.a.p.raft.roles.FollowerRole - RaftServer{raft-partition-7}{role=FOLLOWER} - Sending AppendResponse{status=OK, term=1, succeeded=true, lastLogIndex=1}
21:52:25.710 [raft-server-raft-partition-5] TRACE i.a.p.raft.roles.LeaderAppender - RaftServer{raft-partition-5} - Sending AppendRequest{term=1, leader=3, prevLogIndex=1, prevLogTerm=1, entries=0, commitIndex=1} to 2
21:52:25.710 [raft-server-raft-partition-7] TRACE i.a.p.raft.roles.LeaderAppender - RaftServer{raft-partition-7} - Received AppendResponse{status=OK, term=1, succeeded=true, lastLogIndex=1} from 1
21:52:25.710 [raft-server-raft-partition-5] TRACE i.a.p.raft.roles.LeaderAppender - RaftServer{raft-partition-5} - Received AppendResponse{status=OK, term=1, succeeded=true, lastLogIndex=1} from 1
21:52:25.710 [raft-server-raft-partition-7] TRACE i.a.p.raft.roles.LeaderAppender - RaftServer{raft-partition-7} - Sending AppendRequest{term=1, leader=2, prevLogIndex=1, prevLogTerm=1, entries=0, commitIndex=1} to 1
21:52:25.710 [raft-server-raft-partition-5] TRACE i.a.p.raft.roles.LeaderAppender - RaftServer{raft-partition-5} - Sending AppendRequest{term=1, leader=3, prevLogIndex=1, prevLogTerm=1, entries=0, commitIndex=1} to 1
21:52:25.710 [raft-server-raft-partition-5] TRACE i.a.p.raft.roles.FollowerRole - RaftServer{raft-partition-5}{role=FOLLOWER} - Received AppendRequest{term=1, leader=3, prevLogIndex=1, prevLogTerm=1, entries=0, commitIndex=1}
21:52:25.710 [raft-server-raft-partition-7] TRACE i.a.p.raft.roles.LeaderAppender - RaftServer{raft-partition-7} - Received AppendResponse{status=OK, term=1, succeeded=true, lastLogIndex=1} from 3
21:52:25.710 [raft-server-raft-partition-5] TRACE i.a.p.raft.roles.FollowerRole - RaftServer{raft-partition-5}{role=FOLLOWER} - Sending AppendResponse{status=OK, term=1, succeeded=true, lastLogIndex=1}
21:52:25.710 [raft-server-raft-partition-7] TRACE i.a.p.raft.roles.FollowerRole - RaftServer{raft-partition-7}{role=FOLLOWER} - Received AppendRequest{term=1, leader=2, prevLogIndex=1, prevLogTerm=1, entries=0, commitIndex=1}
21:52:25.710 [raft-server-raft-partition-7] TRACE i.a.p.raft.roles.LeaderAppender - RaftServer{raft-partition-7} - Sending AppendRequest{term=1, leader=2, prevLogIndex=1, prevLogTerm=1, entries=0, commitIndex=1} to 3
21:52:25.710 [raft-server-raft-partition-5] TRACE i.a.p.raft.roles.FollowerRole - RaftServer{raft-partition-5}{role=FOLLOWER} - Received AppendRequest{term=1, leader=3, prevLogIndex=1, prevLogTerm=1, entries=0, commitIndex=1}
21:52:25.710 [raft-server-raft-partition-7] TRACE i.a.p.raft.roles.FollowerRole - RaftServer{raft-partition-7}{role=FOLLOWER} - Sending AppendResponse{status=OK, term=1, succeeded=true, lastLogIndex=1}
21:52:25.710 [raft-server-raft-partition-5] TRACE i.a.p.raft.roles.LeaderAppender - RaftServer{raft-partition-5} - Received AppendResponse{status=OK, term=1, succeeded=true, lastLogIndex=1} from 2
21:52:25.710 [raft-server-raft-partition-5] TRACE i.a.p.raft.roles.FollowerRole - RaftServer{raft-partition-5}{role=FOLLOWER} - Sending AppendResponse{status=OK, term=1, succeeded=true, lastLogIndex=1}
21:52:25.710 [raft-server-raft-partition-7] TRACE i.a.p.raft.roles.FollowerRole - RaftServer{raft-partition-7}{role=FOLLOWER} - Received AppendRequest{term=1, leader=2, prevLogIndex=1, prevLogTerm=1, entries=0, commitIndex=1}
21:52:25.710 [raft-server-raft-partition-7] TRACE i.a.p.raft.roles.FollowerRole - RaftServer{raft-partition-7}{role=FOLLOWER} - Sending AppendResponse{status=OK, term=1, succeeded=true, lastLogIndex=1}
21:52:25.711 [raft-server-raft-partition-7] TRACE i.a.p.raft.roles.LeaderAppender - RaftServer{raft-partition-7} - Received AppendResponse{status=OK, term=1, succeeded=true, lastLogIndex=1} from 1
21:52:25.711 [raft-server-raft-partition-5] TRACE i.a.p.raft.roles.LeaderAppender - RaftServer{raft-partition-5} - Received AppendResponse{status=OK, term=1, succeeded=true, lastLogIndex=1} from 1
21:52:25.711 [raft-server-raft-partition-7] TRACE i.a.p.raft.roles.LeaderAppender - RaftServer{raft-partition-7} - Received AppendResponse{status=OK, term=1, succeeded=true, lastLogIndex=1} from 3
21:52:25.743 [raft-server-raft-partition-4] TRACE i.a.p.raft.roles.LeaderAppender - RaftServer{raft-partition-4} - Sending AppendRequest{term=1, leader=1, prevLogIndex=1, prevLogTerm=1, entries=0, commitIndex=1} to 2
21:52:25.743 [raft-server-raft-partition-4] TRACE i.a.p.raft.roles.LeaderAppender - RaftServer{raft-partition-4} - Sending AppendRequest{term=1, leader=1, prevLogIndex=1, prevLogTerm=1, entries=0, commitIndex=1} to 3
21:52:25.743 [raft-server-raft-partition-4] TRACE i.a.p.raft.roles.FollowerRole - RaftServer{raft-partition-4}{role=FOLLOWER} - Received AppendRequest{term=1, leader=1, prevLogIndex=1, prevLogTerm=1, entries=0, commitIndex=1}
21:52:25.743 [raft-server-raft-partition-4] TRACE i.a.p.raft.roles.FollowerRole - RaftServer{raft-partition-4}{role=FOLLOWER} - Received AppendRequest{term=1, leader=1, prevLogIndex=1, prevLogTerm=1, entries=0, commitIndex=1}
21:52:25.743 [raft-server-raft-partition-4] TRACE i.a.p.raft.roles.FollowerRole - RaftServer{raft-partition-4}{role=FOLLOWER} - Sending AppendResponse{status=OK, term=1, succeeded=true, lastLogIndex=1}
21:52:25.743 [raft-server-raft-partition-4] TRACE i.a.p.raft.roles.FollowerRole - RaftServer{raft-partition-4}{role=FOLLOWER} - Sending AppendResponse{status=OK, term=1, succeeded=true, lastLogIndex=1}
21:52:25.744 [raft-server-raft-partition-4] TRACE i.a.p.raft.roles.LeaderAppender - RaftServer{raft-partition-4} - Received AppendResponse{status=OK, term=1, succeeded=true, lastLogIndex=1} from 3
21:52:25.744 [raft-server-raft-partition-4] TRACE i.a.p.raft.roles.LeaderAppender - RaftServer{raft-partition-4} - Sending AppendRequest{term=1, leader=1, prevLogIndex=1, prevLogTerm=1, entries=0, commitIndex=1} to 3
21:52:25.744 [raft-server-raft-partition-4] TRACE i.a.p.raft.roles.LeaderAppender - RaftServer{raft-partition-4} - Received AppendResponse{status=OK, term=1, succeeded=true, lastLogIndex=1} from 2
21:52:25.744 [raft-server-raft-partition-4] TRACE i.a.p.raft.roles.LeaderAppender - RaftServer{raft-partition-4} - Sending AppendRequest{term=1, leader=1, prevLogIndex=1, prevLogTerm=1, entries=0, commitIndex=1} to 2
21:52:25.744 [raft-server-raft-partition-4] TRACE i.a.p.raft.roles.FollowerRole - RaftServer{raft-partition-4}{role=FOLLOWER} - Received AppendRequest{term=1, leader=1, prevLogIndex=1, prevLogTerm=1, entries=0, commitIndex=1}
21:52:25.744 [raft-server-raft-partition-4] TRACE i.a.p.raft.roles.FollowerRole - RaftServer{raft-partition-4}{role=FOLLOWER} - Received AppendRequest{term=1, leader=1, prevLogIndex=1, prevLogTerm=1, entries=0, commitIndex=1}
21:52:25.744 [raft-server-raft-partition-4] TRACE i.a.p.raft.roles.FollowerRole - RaftServer{raft-partition-4}{role=FOLLOWER} - Sending AppendResponse{status=OK, term=1, succeeded=true, lastLogIndex=1}
21:52:25.744 [raft-server-raft-partition-4] TRACE i.a.p.raft.roles.FollowerRole - RaftServer{raft-partition-4}{role=FOLLOWER} - Sending AppendResponse{status=OK, term=1, succeeded=true, lastLogIndex=1}
21:52:25.744 [raft-server-raft-partition-4] TRACE i.a.p.raft.roles.LeaderAppender - RaftServer{raft-partition-4} - Received AppendResponse{status=OK, term=1, succeeded=true, lastLogIndex=1} from 2
21:52:25.744 [raft-server-raft-partition-4] TRACE i.a.p.raft.roles.LeaderAppender - RaftServer{raft-partition-4} - Received AppendResponse{status=OK, term=1, succeeded=true, lastLogIndex=1} from 3
21:52:25.818 [raft-server-raft-partition-2] TRACE i.a.p.raft.roles.LeaderAppender - RaftServer{raft-partition-2} - Sending AppendRequest{term=1, leader=1, prevLogIndex=1, prevLogTerm=1, entries=0, commitIndex=1} to 2
21:52:25.818 [raft-server-raft-partition-2] TRACE i.a.p.raft.roles.LeaderAppender - RaftServer{raft-partition-2} - Sending AppendRequest{term=1, leader=1, prevLogIndex=1, prevLogTerm=1, entries=0, commitIndex=1} to 3
21:52:25.818 [raft-server-raft-partition-2] TRACE i.a.p.raft.roles.FollowerRole - RaftServer{raft-partition-2}{role=FOLLOWER} - Received AppendRequest{term=1, leader=1, prevLogIndex=1, prevLogTerm=1, entries=0, commitIndex=1}
21:52:25.818 [raft-server-raft-partition-2] TRACE i.a.p.raft.roles.FollowerRole - RaftServer{raft-partition-2}{role=FOLLOWER} - Sending AppendResponse{status=OK, term=1, succeeded=true, lastLogIndex=1}
21:52:25.818 [raft-server-raft-partition-2] TRACE i.a.p.raft.roles.FollowerRole - RaftServer{raft-partition-2}{role=FOLLOWER} - Received AppendRequest{term=1, leader=1, prevLogIndex=1, prevLogTerm=1, entries=0, commitIndex=1}
21:52:25.818 [raft-server-raft-partition-2] TRACE i.a.p.raft.roles.FollowerRole - RaftServer{raft-partition-2}{role=FOLLOWER} - Sending AppendResponse{status=OK, term=1, succeeded=true, lastLogIndex=1}
21:52:25.818 [raft-server-raft-partition-2] TRACE i.a.p.raft.roles.LeaderAppender - RaftServer{raft-partition-2} - Received AppendResponse{status=OK, term=1, succeeded=true, lastLogIndex=1} from 2
21:52:25.818 [raft-server-raft-partition-2] TRACE i.a.p.raft.roles.LeaderAppender - RaftServer{raft-partition-2} - Sending AppendRequest{term=1, leader=1, prevLogIndex=1, prevLogTerm=1, entries=0, commitIndex=1} to 2
21:52:25.818 [raft-server-raft-partition-2] TRACE i.a.p.raft.roles.LeaderAppender - RaftServer{raft-partition-2} - Received AppendResponse{status=OK, term=1, succeeded=true, lastLogIndex=1} from 3
21:52:25.818 [raft-server-raft-partition-2] TRACE i.a.p.raft.roles.FollowerRole - RaftServer{raft-partition-2}{role=FOLLOWER} - Received AppendRequest{term=1, leader=1, prevLogIndex=1, prevLogTerm=1, entries=0, commitIndex=1}
21:52:25.818 [raft-server-raft-partition-2] TRACE i.a.p.raft.roles.FollowerRole - RaftServer{raft-partition-2}{role=FOLLOWER} - Sending AppendResponse{status=OK, term=1, succeeded=true, lastLogIndex=1}
21:52:25.819 [raft-server-raft-partition-2] TRACE i.a.p.raft.roles.LeaderAppender - RaftServer{raft-partition-2} - Received AppendResponse{status=OK, term=1, succeeded=true, lastLogIndex=1} from 2
21:52:25.826 [raft-server-raft-partition-6] TRACE i.a.p.raft.roles.LeaderAppender - RaftServer{raft-partition-6} - Sending AppendRequest{term=1, leader=1, prevLogIndex=1, prevLogTerm=1, entries=0, commitIndex=1} to 2
21:52:25.826 [raft-server-raft-partition-6] TRACE i.a.p.raft.roles.LeaderAppender - RaftServer{raft-partition-6} - Sending AppendRequest{term=1, leader=1, prevLogIndex=1, prevLogTerm=1, entries=0, commitIndex=1} to 3
21:52:25.826 [raft-server-raft-partition-6] TRACE i.a.p.raft.roles.FollowerRole - RaftServer{raft-partition-6}{role=FOLLOWER} - Received AppendRequest{term=1, leader=1, prevLogIndex=1, prevLogTerm=1, entries=0, commitIndex=1}
21:52:25.826 [raft-server-raft-partition-6] TRACE i.a.p.raft.roles.FollowerRole - RaftServer{raft-partition-6}{role=FOLLOWER} - Received AppendRequest{term=1, leader=1, prevLogIndex=1, prevLogTerm=1, entries=0, commitIndex=1}
21:52:25.826 [raft-server-raft-partition-6] TRACE i.a.p.raft.roles.FollowerRole - RaftServer{raft-partition-6}{role=FOLLOWER} - Sending AppendResponse{status=OK, term=1, succeeded=true, lastLogIndex=1}
21:52:25.826 [raft-server-raft-partition-6] TRACE i.a.p.raft.roles.FollowerRole - RaftServer{raft-partition-6}{role=FOLLOWER} - Sending AppendResponse{status=OK, term=1, succeeded=true, lastLogIndex=1}
21:52:25.826 [raft-server-raft-partition-6] TRACE i.a.p.raft.roles.LeaderAppender - RaftServer{raft-partition-6} - Received AppendResponse{status=OK, term=1, succeeded=true, lastLogIndex=1} from 3
21:52:25.826 [raft-server-raft-partition-6] TRACE i.a.p.raft.roles.LeaderAppender - RaftServer{raft-partition-6} - Sending AppendRequest{term=1, leader=1, prevLogIndex=1, prevLogTerm=1, entries=0, commitIndex=1} to 3
21:52:25.826 [raft-server-raft-partition-6] TRACE i.a.p.raft.roles.LeaderAppender - RaftServer{raft-partition-6} - Received AppendResponse{status=OK, term=1, succeeded=true, lastLogIndex=1} from 2
21:52:25.826 [raft-server-raft-partition-6] TRACE i.a.p.raft.roles.LeaderAppender - RaftServer{raft-partition-6} - Sending AppendRequest{term=1, leader=1, prevLogIndex=1, prevLogTerm=1, entries=0, commitIndex=1} to 2
21:52:25.827 [raft-server-raft-partition-6] TRACE i.a.p.raft.roles.FollowerRole - RaftServer{raft-partition-6}{role=FOLLOWER} - Received AppendRequest{term=1, leader=1, prevLogIndex=1, prevLogTerm=1, entries=0, commitIndex=1}
21:52:25.827 [raft-server-raft-partition-6] TRACE i.a.p.raft.roles.FollowerRole - RaftServer{raft-partition-6}{role=FOLLOWER} - Received AppendRequest{term=1, leader=1, prevLogIndex=1, prevLogTerm=1, entries=0, commitIndex=1}
21:52:25.827 [raft-server-raft-partition-6] TRACE i.a.p.raft.roles.FollowerRole - RaftServer{raft-partition-6}{role=FOLLOWER} - Sending AppendResponse{status=OK, term=1, succeeded=true, lastLogIndex=1}
21:52:25.827 [raft-server-raft-partition-6] TRACE i.a.p.raft.roles.FollowerRole - RaftServer{raft-partition-6}{role=FOLLOWER} - Sending AppendResponse{status=OK, term=1, succeeded=true, lastLogIndex=1}
21:52:25.827 [raft-server-raft-partition-6] TRACE i.a.p.raft.roles.LeaderAppender - RaftServer{raft-partition-6} - Received AppendResponse{status=OK, term=1, succeeded=true, lastLogIndex=1} from 3
21:52:25.827 [raft-server-raft-partition-6] TRACE i.a.p.raft.roles.LeaderAppender - RaftServer{raft-partition-6} - Sending AppendRequest{term=1, leader=1, prevLogIndex=1, prevLogTerm=1, entries=0, commitIndex=1} to 3
21:52:25.827 [raft-server-raft-partition-6] TRACE i.a.p.raft.roles.LeaderAppender - RaftServer{raft-partition-6} - Received AppendResponse{status=OK, term=1, succeeded=true, lastLogIndex=1} from 2
21:52:25.827 [raft-server-raft-partition-6] TRACE i.a.p.raft.roles.LeaderAppender - RaftServer{raft-partition-6} - Sending AppendRequest{term=1, leader=1, prevLogIndex=1, prevLogTerm=1, entries=0, commitIndex=1} to 2
21:52:25.827 [raft-server-raft-partition-6] TRACE i.a.p.raft.roles.FollowerRole - RaftServer{raft-partition-6}{role=FOLLOWER} - Received AppendRequest{term=1, leader=1, prevLogIndex=1, prevLogTerm=1, entries=0, commitIndex=1}
21:52:25.827 [raft-server-raft-partition-6] TRACE i.a.p.raft.roles.FollowerRole - RaftServer{raft-partition-6}{role=FOLLOWER} - Sending AppendResponse{status=OK, term=1, succeeded=true, lastLogIndex=1}
21:52:25.827 [raft-server-raft-partition-6] TRACE i.a.p.raft.roles.FollowerRole - RaftServer{raft-partition-6}{role=FOLLOWER} - Received AppendRequest{term=1, leader=1, prevLogIndex=1, prevLogTerm=1, entries=0, commitIndex=1}
21:52:25.827 [raft-server-raft-partition-6] TRACE i.a.p.raft.roles.FollowerRole - RaftServer{raft-partition-6}{role=FOLLOWER} - Sending AppendResponse{status=OK, term=1, succeeded=true, lastLogIndex=1}
21:52:25.827 [raft-server-raft-partition-6] TRACE i.a.p.raft.roles.LeaderAppender - RaftServer{raft-partition-6} - Received AppendResponse{status=OK, term=1, succeeded=true, lastLogIndex=1} from 3
21:52:25.828 [raft-server-raft-partition-6] TRACE i.a.p.raft.roles.LeaderAppender - RaftServer{raft-partition-6} - Received AppendResponse{status=OK, term=1, succeeded=true, lastLogIndex=1} from 2
21:52:25.875 [raft-server-raft-partition-3] TRACE i.a.p.raft.roles.LeaderAppender - RaftServer{raft-partition-3} - Sending AppendRequest{term=3, leader=1, prevLogIndex=1, prevLogTerm=2, entries=0, commitIndex=1} to 2
21:52:25.875 [raft-server-raft-partition-3] TRACE i.a.p.raft.roles.LeaderAppender - RaftServer{raft-partition-3} - Sending AppendRequest{term=3, leader=1, prevLogIndex=1, prevLogTerm=2, entries=0, commitIndex=1} to 3
21:52:25.875 [raft-server-raft-partition-3] TRACE i.a.p.raft.roles.FollowerRole - RaftServer{raft-partition-3}{role=FOLLOWER} - Received AppendRequest{term=3, leader=1, prevLogIndex=1, prevLogTerm=2, entries=0, commitIndex=1}
21:52:25.875 [raft-server-raft-partition-3] TRACE i.a.p.raft.roles.FollowerRole - RaftServer{raft-partition-3}{role=FOLLOWER} - Sending AppendResponse{status=OK, term=3, succeeded=true, lastLogIndex=1}
21:52:25.875 [raft-server-raft-partition-3] TRACE i.a.p.raft.roles.FollowerRole - RaftServer{raft-partition-3}{role=FOLLOWER} - Received AppendRequest{term=3, leader=1, prevLogIndex=1, prevLogTerm=2, entries=0, commitIndex=1}
21:52:25.875 [raft-server-raft-partition-3] TRACE i.a.p.raft.roles.FollowerRole - RaftServer{raft-partition-3}{role=FOLLOWER} - Sending AppendResponse{status=OK, term=3, succeeded=true, lastLogIndex=1}
21:52:25.875 [raft-server-raft-partition-3] TRACE i.a.p.raft.roles.LeaderAppender - RaftServer{raft-partition-3} - Received AppendResponse{status=OK, term=3, succeeded=true, lastLogIndex=1} from 2
21:52:25.875 [raft-server-raft-partition-3] TRACE i.a.p.raft.roles.LeaderAppender - RaftServer{raft-partition-3} - Sending AppendRequest{term=3, leader=1, prevLogIndex=1, prevLogTerm=2, entries=0, commitIndex=1} to 2
21:52:25.875 [raft-server-raft-partition-3] TRACE i.a.p.raft.roles.LeaderAppender - RaftServer{raft-partition-3} - Received AppendResponse{status=OK, term=3, succeeded=true, lastLogIndex=1} from 3
21:52:25.875 [raft-server-raft-partition-3] TRACE i.a.p.raft.roles.LeaderAppender - RaftServer{raft-partition-3} - Sending AppendRequest{term=3, leader=1, prevLogIndex=1, prevLogTerm=2, entries=0, commitIndex=1} to 3
21:52:25.876 [raft-server-raft-partition-3] TRACE i.a.p.raft.roles.FollowerRole - RaftServer{raft-partition-3}{role=FOLLOWER} - Received AppendRequest{term=3, leader=1, prevLogIndex=1, prevLogTerm=2, entries=0, commitIndex=1}
21:52:25.876 [raft-server-raft-partition-3] TRACE i.a.p.raft.roles.FollowerRole - RaftServer{raft-partition-3}{role=FOLLOWER} - Sending AppendResponse{status=OK, term=3, succeeded=true, lastLogIndex=1}
21:52:25.876 [raft-server-raft-partition-3] TRACE i.a.p.raft.roles.FollowerRole - RaftServer{raft-partition-3}{role=FOLLOWER} - Received AppendRequest{term=3, leader=1, prevLogIndex=1, prevLogTerm=2, entries=0, commitIndex=1}
21:52:25.876 [raft-server-raft-partition-3] TRACE i.a.p.raft.roles.FollowerRole - RaftServer{raft-partition-3}{role=FOLLOWER} - Sending AppendResponse{status=OK, term=3, succeeded=true, lastLogIndex=1}
21:52:25.876 [raft-server-raft-partition-3] TRACE i.a.p.raft.roles.LeaderAppender - RaftServer{raft-partition-3} - Received AppendResponse{status=OK, term=3, succeeded=true, lastLogIndex=1} from 2
21:52:25.876 [raft-server-raft-partition-3] TRACE i.a.p.raft.roles.LeaderAppender - RaftServer{raft-partition-3} - Sending AppendRequest{term=3, leader=1, prevLogIndex=1, prevLogTerm=2, entries=0, commitIndex=1} to 2
21:52:25.876 [raft-server-raft-partition-3] TRACE i.a.p.raft.roles.LeaderAppender - RaftServer{raft-partition-3} - Received AppendResponse{status=OK, term=3, succeeded=true, lastLogIndex=1} from 3
21:52:25.876 [raft-server-raft-partition-3] TRACE i.a.p.raft.roles.FollowerRole - RaftServer{raft-partition-3}{role=FOLLOWER} - Received AppendRequest{term=3, leader=1, prevLogIndex=1, prevLogTerm=2, entries=0, commitIndex=1}
21:52:25.876 [raft-server-raft-partition-3] TRACE i.a.p.raft.roles.LeaderAppender - RaftServer{raft-partition-3} - Sending AppendRequest{term=3, leader=1, prevLogIndex=1, prevLogTerm=2, entries=0, commitIndex=1} to 3
21:52:25.876 [raft-server-raft-partition-3] TRACE i.a.p.raft.roles.FollowerRole - RaftServer{raft-partition-3}{role=FOLLOWER} - Sending AppendResponse{status=OK, term=3, succeeded=true, lastLogIndex=1}
21:52:25.876 [raft-server-raft-partition-3] TRACE i.a.p.raft.roles.FollowerRole - RaftServer{raft-partition-3}{role=FOLLOWER} - Received AppendRequest{term=3, leader=1, prevLogIndex=1, prevLogTerm=2, entries=0, commitIndex=1}
21:52:25.876 [raft-server-raft-partition-3] TRACE i.a.p.raft.roles.LeaderAppender - RaftServer{raft-partition-3} - Received AppendResponse{status=OK, term=3, succeeded=true, lastLogIndex=1} from 2
21:52:25.876 [raft-server-raft-partition-3] TRACE i.a.p.raft.roles.FollowerRole - RaftServer{raft-partition-3}{role=FOLLOWER} - Sending AppendResponse{status=OK, term=3, succeeded=true, lastLogIndex=1}
21:52:25.877 [raft-server-raft-partition-3] TRACE i.a.p.raft.roles.LeaderAppender - RaftServer{raft-partition-3} - Received AppendResponse{status=OK, term=3, succeeded=true, lastLogIndex=1} from 3
21:52:25.884 [raft-server-raft-partition-1] TRACE i.a.p.raft.roles.LeaderAppender - RaftServer{raft-partition-1} - Sending AppendRequest{term=1, leader=2, prevLogIndex=1, prevLogTerm=1, entries=0, commitIndex=1} to 3
21:52:25.885 [raft-server-raft-partition-1] TRACE i.a.p.raft.roles.FollowerRole - RaftServer{raft-partition-1}{role=FOLLOWER} - Received AppendRequest{term=1, leader=2, prevLogIndex=1, prevLogTerm=1, entries=0, commitIndex=1}
21:52:25.885 [raft-server-raft-partition-1] TRACE i.a.p.raft.roles.FollowerRole - RaftServer{raft-partition-1}{role=FOLLOWER} - Sending AppendResponse{status=OK, term=1, succeeded=true, lastLogIndex=1}
21:52:25.885 [raft-server-raft-partition-1] TRACE i.a.p.raft.roles.LeaderAppender - RaftServer{raft-partition-1} - Received AppendResponse{status=OK, term=1, succeeded=true, lastLogIndex=1} from 3
21:52:25.885 [raft-server-raft-partition-1] TRACE i.a.p.raft.roles.LeaderAppender - RaftServer{raft-partition-1} - Sending AppendRequest{term=1, leader=2, prevLogIndex=1, prevLogTerm=1, entries=0, commitIndex=1} to 3
21:52:25.885 [raft-server-raft-partition-1] TRACE i.a.p.raft.roles.FollowerRole - RaftServer{raft-partition-1}{role=FOLLOWER} - Received AppendRequest{term=1, leader=2, prevLogIndex=1, prevLogTerm=1, entries=0, commitIndex=1}
21:52:25.885 [raft-server-raft-partition-1] TRACE i.a.p.raft.roles.FollowerRole - RaftServer{raft-partition-1}{role=FOLLOWER} - Sending AppendResponse{status=OK, term=1, succeeded=true, lastLogIndex=1}
21:52:25.886 [raft-server-raft-partition-1] TRACE i.a.p.raft.roles.LeaderAppender - RaftServer{raft-partition-1} - Received AppendResponse{status=OK, term=1, succeeded=true, lastLogIndex=1} from 3
21:52:25.917 [raft-server-system-partition-1] TRACE i.a.p.raft.roles.LeaderAppender - RaftServer{system-partition-1} - Sending AppendRequest{term=1, leader=1, prevLogIndex=16, prevLogTerm=1, entries=0, commitIndex=16} to 2
21:52:25.917 [raft-server-system-partition-1] TRACE i.a.p.raft.roles.LeaderAppender - RaftServer{system-partition-1} - Sending AppendRequest{term=1, leader=1, prevLogIndex=16, prevLogTerm=1, entries=0, commitIndex=16} to 3
21:52:25.917 [raft-server-system-partition-1] TRACE i.a.p.raft.roles.FollowerRole - RaftServer{system-partition-1}{role=FOLLOWER} - Received AppendRequest{term=1, leader=1, prevLogIndex=16, prevLogTerm=1, entries=0, commitIndex=16}
21:52:25.917 [raft-server-system-partition-1] TRACE i.a.p.raft.roles.FollowerRole - RaftServer{system-partition-1}{role=FOLLOWER} - Sending AppendResponse{status=OK, term=1, succeeded=true, lastLogIndex=16}
21:52:25.918 [raft-server-system-partition-1] TRACE i.a.p.raft.roles.FollowerRole - RaftServer{system-partition-1}{role=FOLLOWER} - Received AppendRequest{term=1, leader=1, prevLogIndex=16, prevLogTerm=1, entries=0, commitIndex=16}
21:52:25.918 [raft-server-system-partition-1] TRACE i.a.p.raft.roles.FollowerRole - RaftServer{system-partition-1}{role=FOLLOWER} - Sending AppendResponse{status=OK, term=1, succeeded=true, lastLogIndex=16}
21:52:25.918 [raft-server-system-partition-1] TRACE i.a.p.raft.roles.LeaderAppender - RaftServer{system-partition-1} - Received AppendResponse{status=OK, term=1, succeeded=true, lastLogIndex=16} from 2
21:52:25.918 [raft-server-system-partition-1] TRACE i.a.p.raft.roles.LeaderAppender - RaftServer{system-partition-1} - Sending AppendRequest{term=1, leader=1, prevLogIndex=16, prevLogTerm=1, entries=0, commitIndex=16} to 2
21:52:25.918 [raft-server-system-partition-1] TRACE i.a.p.raft.roles.LeaderAppender - RaftServer{system-partition-1} - Received AppendResponse{status=OK, term=1, succeeded=true, lastLogIndex=16} from 3
21:52:25.918 [raft-server-system-partition-1] TRACE i.a.p.raft.roles.LeaderAppender - RaftServer{system-partition-1} - Sending AppendRequest{term=1, leader=1, prevLogIndex=16, prevLogTerm=1, entries=0, commitIndex=16} to 3
21:52:25.918 [raft-server-system-partition-1] TRACE i.a.p.raft.roles.FollowerRole - RaftServer{system-partition-1}{role=FOLLOWER} - Received AppendRequest{term=1, leader=1, prevLogIndex=16, prevLogTerm=1, entries=0, commitIndex=16}
21:52:25.918 [raft-server-system-partition-1] TRACE i.a.p.raft.roles.FollowerRole - RaftServer{system-partition-1}{role=FOLLOWER} - Sending AppendResponse{status=OK, term=1, succeeded=true, lastLogIndex=16}
21:52:25.918 [raft-server-system-partition-1] TRACE i.a.p.raft.roles.FollowerRole - RaftServer{system-partition-1}{role=FOLLOWER} - Received AppendRequest{term=1, leader=1, prevLogIndex=16, prevLogTerm=1, entries=0, commitIndex=16}
21:52:25.918 [raft-server-system-partition-1] TRACE i.a.p.raft.roles.FollowerRole - RaftServer{system-partition-1}{role=FOLLOWER} - Sending AppendResponse{status=OK, term=1, succeeded=true, lastLogIndex=16}
21:52:25.918 [raft-server-system-partition-1] TRACE i.a.p.raft.roles.LeaderAppender - RaftServer{system-partition-1} - Received AppendResponse{status=OK, term=1, succeeded=true, lastLogIndex=16} from 2
21:52:25.918 [raft-server-system-partition-1] TRACE i.a.p.raft.roles.LeaderAppender - RaftServer{system-partition-1} - Received AppendResponse{status=OK, term=1, succeeded=true, lastLogIndex=16} from 3
21:52:25.939 [main] INFO  i.a.core.impl.CorePrimitivesService - Stopped
21:52:25.939 [main] INFO  i.a.core.impl.CorePrimitivesService - Stopped
21:52:25.940 [raft-client-system-partition-1-7] INFO  i.a.p.r.s.impl.RaftSessionManager - RaftClient{system-partition-1} - Closing session 14
21:52:25.940 [raft-client-system-partition-1-7] TRACE i.a.p.r.s.impl.RaftSessionConnection - RaftClient{system-partition-1} - Sending CloseSessionRequest{session=14} to 2
21:52:25.940 [raft-server-system-partition-1] TRACE i.a.p.raft.roles.FollowerRole - RaftServer{system-partition-1}{role=FOLLOWER} - Received CloseSessionRequest{session=14}
21:52:25.940 [raft-server-system-partition-1] TRACE i.a.protocols.raft.roles.LeaderRole - RaftServer{system-partition-1}{role=LEADER} - Received CloseSessionRequest{session=14}
21:52:25.940 [raft-server-system-partition-1] TRACE i.a.protocols.raft.roles.LeaderRole - RaftServer{system-partition-1}{role=LEADER} - Appended Indexed{index=17, entry=CloseSessionEntry{term=1, timestamp=2018-06-10 09:52:25,940, session=14, expired=false}}
21:52:25.940 [raft-server-system-partition-1] TRACE i.a.p.raft.roles.LeaderAppender - RaftServer{system-partition-1} - Sending AppendRequest{term=1, leader=1, prevLogIndex=16, prevLogTerm=1, entries=1, commitIndex=16} to 2
21:52:25.941 [raft-server-system-partition-1] TRACE i.a.p.raft.roles.LeaderAppender - RaftServer{system-partition-1} - Sending AppendRequest{term=1, leader=1, prevLogIndex=16, prevLogTerm=1, entries=1, commitIndex=16} to 3
21:52:25.941 [raft-server-system-partition-1] TRACE i.a.p.raft.roles.FollowerRole - RaftServer{system-partition-1}{role=FOLLOWER} - Received AppendRequest{term=1, leader=1, prevLogIndex=16, prevLogTerm=1, entries=1, commitIndex=16}
21:52:25.941 [raft-server-system-partition-1] INFO  i.a.protocols.raft.impl.RaftContext - RaftServer{system-partition-1} - Transitioning to INACTIVE
21:52:25.941 [raft-server-system-partition-1] TRACE i.a.p.raft.roles.FollowerRole - RaftServer{system-partition-1}{role=FOLLOWER} - Received AppendRequest{term=1, leader=1, prevLogIndex=16, prevLogTerm=1, entries=1, commitIndex=16}
21:52:25.941 [raft-server-system-partition-1] TRACE i.a.p.raft.roles.FollowerRole - RaftServer{system-partition-1}{role=FOLLOWER} - Appended Indexed{index=17, entry=CloseSessionEntry{term=1, timestamp=2018-06-10 09:52:25,940, session=14, expired=false}}
21:52:25.941 [raft-server-system-partition-1] TRACE i.a.protocols.raft.roles.LeaderRole - RaftServer{system-partition-1}{role=LEADER} - Sending CloseSessionResponse{status=ERROR, error=RaftError{type=ILLEGAL_MEMBER_STATE, message=null}}
21:52:25.941 [raft-server-system-partition-1] TRACE i.a.p.raft.roles.FollowerRole - RaftServer{system-partition-1}{role=FOLLOWER} - Appended Indexed{index=17, entry=CloseSessionEntry{term=1, timestamp=2018-06-10 09:52:25,940, session=14, expired=false}}
21:52:25.941 [raft-server-system-partition-1] TRACE i.a.p.raft.roles.FollowerRole - RaftServer{system-partition-1}{role=FOLLOWER} - Sending AppendResponse{status=OK, term=1, succeeded=true, lastLogIndex=17}
21:52:25.941 [raft-server-system-partition-1] TRACE i.a.p.raft.roles.FollowerRole - RaftServer{system-partition-1}{role=FOLLOWER} - Sending AppendResponse{status=OK, term=1, succeeded=true, lastLogIndex=17}
21:52:25.941 [raft-server-system-partition-1] TRACE i.a.protocols.raft.roles.LeaderRole - RaftServer{system-partition-1}{role=LEADER} - Cancelling append timer
21:52:25.941 [raft-server-system-partition-1] TRACE i.a.p.raft.storage.system.MetaStore - Store vote null
21:52:25.941 [raft-server-system-partition-1] TRACE i.a.p.raft.roles.FollowerRole - RaftServer{system-partition-1}{role=FOLLOWER} - Sending CloseSessionResponse{status=ERROR, error=RaftError{type=ILLEGAL_MEMBER_STATE, message=null}}
21:52:25.942 [raft-client-system-partition-1-0] TRACE i.a.p.r.s.impl.RaftSessionConnection - RaftClient{system-partition-1} - Received CloseSessionResponse{status=ERROR, error=RaftError{type=ILLEGAL_MEMBER_STATE, message=null}} from 2
21:52:25.942 [raft-server-raft-partition-7] INFO  i.a.protocols.raft.impl.RaftContext - RaftServer{raft-partition-7} - Transitioning to INACTIVE
21:52:25.942 [raft-server-raft-partition-7] TRACE i.a.p.raft.roles.FollowerRole - RaftServer{raft-partition-7}{role=FOLLOWER} - Cancelling heartbeat timer
21:52:25.942 [raft-client-system-partition-1-0] TRACE i.a.p.r.s.impl.RaftSessionConnection - RaftClient{system-partition-1} - Resetting connection. Reason: Illegal member state
21:52:25.942 [raft-client-system-partition-1-0] TRACE i.a.p.r.s.impl.RaftSessionConnection - RaftClient{system-partition-1} - Sending CloseSessionRequest{session=14} to 1
21:52:25.942 [raft-server-system-partition-1] INFO  i.a.protocols.raft.impl.RaftContext - RaftServer{system-partition-1} - Transitioning to INACTIVE
21:52:25.943 [raft-server-raft-partition-2] INFO  i.a.protocols.raft.impl.RaftContext - RaftServer{raft-partition-2} - Transitioning to INACTIVE
21:52:25.943 [raft-server-system-partition-1] TRACE i.a.p.raft.roles.FollowerRole - RaftServer{system-partition-1}{role=FOLLOWER} - Cancelling heartbeat timer
21:52:25.943 [raft-server-raft-partition-2] TRACE i.a.p.raft.roles.FollowerRole - RaftServer{raft-partition-2}{role=FOLLOWER} - Cancelling heartbeat timer
21:52:25.945 [raft-server-raft-partition-1] INFO  i.a.protocols.raft.impl.RaftContext - RaftServer{raft-partition-1} - Transitioning to INACTIVE
21:52:25.945 [raft-server-raft-partition-1] TRACE i.a.p.raft.roles.FollowerRole - RaftServer{raft-partition-1}{role=FOLLOWER} - Cancelling heartbeat timer
21:52:25.945 [raft-server-raft-partition-7] INFO  i.a.protocols.raft.impl.RaftContext - RaftServer{raft-partition-7} - Transitioning to INACTIVE
21:52:25.945 [raft-server-raft-partition-7] TRACE i.a.p.raft.roles.FollowerRole - RaftServer{raft-partition-7}{role=FOLLOWER} - Cancelling heartbeat timer
21:52:25.945 [raft-server-raft-partition-5] INFO  i.a.protocols.raft.impl.RaftContext - RaftServer{raft-partition-5} - Transitioning to INACTIVE
21:52:25.946 [raft-server-raft-partition-5] TRACE i.a.protocols.raft.roles.LeaderRole - RaftServer{raft-partition-5}{role=LEADER} - Cancelling append timer
21:52:25.946 [raft-server-raft-partition-5] TRACE i.a.p.raft.storage.system.MetaStore - Store vote null
21:52:25.946 [raft-server-raft-partition-2] INFO  i.a.protocols.raft.impl.RaftContext - RaftServer{raft-partition-2} - Transitioning to INACTIVE
21:52:25.946 [ForkJoinPool.commonPool-worker-5] INFO  i.a.p.r.partition.RaftPartitionGroup - Stopped
21:52:25.946 [raft-server-raft-partition-2] TRACE i.a.protocols.raft.roles.LeaderRole - RaftServer{raft-partition-2}{role=LEADER} - Cancelling append timer
21:52:25.946 [raft-server-raft-partition-2] TRACE i.a.p.raft.storage.system.MetaStore - Store vote null
21:52:25.946 [raft-server-raft-partition-6] INFO  i.a.protocols.raft.impl.RaftContext - RaftServer{raft-partition-6} - Transitioning to INACTIVE
21:52:25.946 [raft-server-raft-partition-6] TRACE i.a.protocols.raft.roles.LeaderRole - RaftServer{raft-partition-6}{role=LEADER} - Cancelling append timer
21:52:25.946 [raft-server-raft-partition-6] TRACE i.a.p.raft.storage.system.MetaStore - Store vote null
21:52:25.946 [raft-server-raft-partition-4] INFO  i.a.protocols.raft.impl.RaftContext - RaftServer{raft-partition-4} - Transitioning to INACTIVE
21:52:25.946 [raft-server-raft-partition-4] TRACE i.a.p.raft.roles.FollowerRole - RaftServer{raft-partition-4}{role=FOLLOWER} - Cancelling heartbeat timer
21:52:25.947 [raft-server-raft-partition-5] INFO  i.a.protocols.raft.impl.RaftContext - RaftServer{raft-partition-5} - Transitioning to INACTIVE
21:52:25.947 [raft-server-raft-partition-5] TRACE i.a.p.raft.roles.FollowerRole - RaftServer{raft-partition-5}{role=FOLLOWER} - Cancelling heartbeat timer
21:52:25.948 [raft-server-raft-partition-6] INFO  i.a.protocols.raft.impl.RaftContext - RaftServer{raft-partition-6} - Transitioning to INACTIVE
21:52:25.948 [raft-server-raft-partition-4] INFO  i.a.protocols.raft.impl.RaftContext - RaftServer{raft-partition-4} - Transitioning to INACTIVE
21:52:25.948 [raft-server-raft-partition-6] TRACE i.a.p.raft.roles.FollowerRole - RaftServer{raft-partition-6}{role=FOLLOWER} - Cancelling heartbeat timer
21:52:25.949 [raft-server-raft-partition-4] TRACE i.a.protocols.raft.roles.LeaderRole - RaftServer{raft-partition-4}{role=LEADER} - Cancelling append timer
21:52:25.949 [raft-server-raft-partition-4] TRACE i.a.p.raft.storage.system.MetaStore - Store vote null
21:52:25.959 [raft-server-raft-partition-7] TRACE i.a.p.raft.roles.LeaderAppender - RaftServer{raft-partition-7} - Sending AppendRequest{term=1, leader=2, prevLogIndex=1, prevLogTerm=1, entries=0, commitIndex=1} to 1
21:52:25.959 [raft-server-raft-partition-7] TRACE i.a.p.raft.roles.LeaderAppender - RaftServer{raft-partition-7} - Sending AppendRequest{term=1, leader=2, prevLogIndex=1, prevLogTerm=1, entries=0, commitIndex=1} to 3
21:52:25.959 [raft-server-raft-partition-7] DEBUG i.a.p.raft.roles.LeaderAppender - RaftServer{raft-partition-7} - AppendRequest{term=1, leader=2, prevLogIndex=1, prevLogTerm=1, entries=0, commitIndex=1} to 1 failed: io.atomix.cluster.messaging.MessagingException$NoRemoteHandler: No remote message handler registered for this message
21:52:25.960 [raft-server-raft-partition-7] DEBUG i.a.p.raft.roles.LeaderAppender - RaftServer{raft-partition-7} - AppendRequest{term=1, leader=2, prevLogIndex=1, prevLogTerm=1, entries=0, commitIndex=1} to 3 failed: io.atomix.cluster.messaging.MessagingException$NoRemoteHandler: No remote message handler registered for this message
21:52:25.965 [raft-server-system-partition-1] TRACE i.a.p.raft.roles.InactiveRole - RaftServer{system-partition-1}{role=INACTIVE} - Received CloseSessionRequest{session=14}
21:52:25.965 [raft-server-system-partition-1] TRACE i.a.p.raft.roles.InactiveRole - RaftServer{system-partition-1}{role=INACTIVE} - Sending CloseSessionResponse{status=ERROR, error=RaftError{type=UNAVAILABLE, message=null}}
21:52:25.966 [ForkJoinPool.commonPool-worker-4] INFO  i.a.p.r.partition.RaftPartitionGroup - Stopped
21:52:25.966 [raft-client-system-partition-1-6] TRACE i.a.p.r.s.impl.RaftSessionConnection - RaftClient{system-partition-1} - Received CloseSessionResponse{status=ERROR, error=RaftError{type=UNAVAILABLE, message=null}} from 1
21:52:25.966 [raft-client-system-partition-1-6] TRACE i.a.p.r.s.impl.RaftSessionConnection - RaftClient{system-partition-1} - Resetting connection. Reason: Service is unavailable
21:52:25.966 [raft-client-system-partition-1-6] TRACE i.a.p.r.s.impl.RaftSessionConnection - RaftClient{system-partition-1} - Sending CloseSessionRequest{session=14} to 3
21:52:25.967 [raft-client-system-partition-1-5] DEBUG i.a.p.r.s.impl.RaftSessionConnection - RaftClient{system-partition-1} - CloseSessionRequest{session=14} failed! Reason: {}
io.atomix.cluster.messaging.MessagingException$NoRemoteHandler: No remote message handler registered for this message
	at io.atomix.cluster.messaging.impl.NettyMessagingService$RemoteClientConnection.dispatch(NettyMessagingService.java:1055) ~[classes/:na]
	at io.atomix.cluster.messaging.impl.NettyMessagingService$RemoteClientConnection.access$1000(NettyMessagingService.java:1004) ~[classes/:na]
	at io.atomix.cluster.messaging.impl.NettyMessagingService$InboundMessageDispatcher.channelRead0(NettyMessagingService.java:738) ~[classes/:na]
	at io.netty.channel.SimpleChannelInboundHandler.channelRead(SimpleChannelInboundHandler.java:105) ~[netty-transport-4.1.24.Final.jar:4.1.24.Final]
	at io.netty.channel.AbstractChannelHandlerContext.invokeChannelRead(AbstractChannelHandlerContext.java:362) ~[netty-transport-4.1.24.Final.jar:4.1.24.Final]
	at io.netty.channel.AbstractChannelHandlerContext.invokeChannelRead(AbstractChannelHandlerContext.java:348) ~[netty-transport-4.1.24.Final.jar:4.1.24.Final]
	at io.netty.channel.AbstractChannelHandlerContext.fireChannelRead(AbstractChannelHandlerContext.java:340) ~[netty-transport-4.1.24.Final.jar:4.1.24.Final]
	at io.netty.handler.codec.ByteToMessageDecoder.fireChannelRead(ByteToMessageDecoder.java:310) ~[netty-codec-4.1.24.Final.jar:4.1.24.Final]
	at io.netty.handler.codec.ByteToMessageDecoder.channelRead(ByteToMessageDecoder.java:284) ~[netty-codec-4.1.24.Final.jar:4.1.24.Final]
	at io.netty.channel.AbstractChannelHandlerContext.invokeChannelRead(AbstractChannelHandlerContext.java:362) ~[netty-transport-4.1.24.Final.jar:4.1.24.Final]
	at io.netty.channel.AbstractChannelHandlerContext.invokeChannelRead(AbstractChannelHandlerContext.java:348) ~[netty-transport-4.1.24.Final.jar:4.1.24.Final]
	at io.netty.channel.AbstractChannelHandlerContext.fireChannelRead(AbstractChannelHandlerContext.java:340) ~[netty-transport-4.1.24.Final.jar:4.1.24.Final]
	at io.netty.channel.DefaultChannelPipeline$HeadContext.channelRead(DefaultChannelPipeline.java:1434) ~[netty-transport-4.1.24.Final.jar:4.1.24.Final]
	at io.netty.channel.AbstractChannelHandlerContext.invokeChannelRead(AbstractChannelHandlerContext.java:362) ~[netty-transport-4.1.24.Final.jar:4.1.24.Final]
	at io.netty.channel.AbstractChannelHandlerContext.invokeChannelRead(AbstractChannelHandlerContext.java:348) ~[netty-transport-4.1.24.Final.jar:4.1.24.Final]
	at io.netty.channel.DefaultChannelPipeline.fireChannelRead(DefaultChannelPipeline.java:965) ~[netty-transport-4.1.24.Final.jar:4.1.24.Final]
	at io.netty.channel.epoll.AbstractEpollStreamChannel$EpollStreamUnsafe.epollInReady(AbstractEpollStreamChannel.java:808) ~[netty-transport-native-epoll-4.1.24.Final-linux-x86_64.jar:4.1.24.Final]
	at io.netty.channel.epoll.EpollEventLoop.processReady(EpollEventLoop.java:404) ~[netty-transport-native-epoll-4.1.24.Final-linux-x86_64.jar:4.1.24.Final]
	at io.netty.channel.epoll.EpollEventLoop.run(EpollEventLoop.java:304) ~[netty-transport-native-epoll-4.1.24.Final-linux-x86_64.jar:4.1.24.Final]
	at io.netty.util.concurrent.SingleThreadEventExecutor$5.run(SingleThreadEventExecutor.java:884) ~[netty-common-4.1.24.Final.jar:4.1.24.Final]
	at java.lang.Thread.run(Thread.java:745) ~[na:1.8.0_121]
21:52:25.968 [raft-client-system-partition-1-5] INFO  i.a.core.impl.CorePrimitivesService - Stopped
21:52:25.968 [raft-server-system-partition-1] INFO  i.a.protocols.raft.impl.RaftContext - RaftServer{system-partition-1} - Transitioning to INACTIVE
21:52:25.968 [raft-server-raft-partition-7] INFO  i.a.protocols.raft.impl.RaftContext - RaftServer{raft-partition-7} - Transitioning to INACTIVE
21:52:25.968 [raft-server-system-partition-1] TRACE i.a.p.raft.roles.FollowerRole - RaftServer{system-partition-1}{role=FOLLOWER} - Cancelling heartbeat timer
21:52:25.968 [raft-server-raft-partition-7] TRACE i.a.protocols.raft.roles.LeaderRole - RaftServer{raft-partition-7}{role=LEADER} - Cancelling append timer
21:52:25.968 [raft-server-raft-partition-7] TRACE i.a.p.raft.storage.system.MetaStore - Store vote null
21:52:25.969 [ForkJoinPool.commonPool-worker-7] INFO  i.a.p.r.partition.RaftPartitionGroup - Stopped
21:52:25.969 [raft-server-raft-partition-1] INFO  i.a.protocols.raft.impl.RaftContext - RaftServer{raft-partition-1} - Transitioning to INACTIVE
21:52:25.970 [raft-server-raft-partition-1] TRACE i.a.protocols.raft.roles.LeaderRole - RaftServer{raft-partition-1}{role=LEADER} - Cancelling append timer
21:52:25.970 [raft-server-raft-partition-1] TRACE i.a.p.raft.storage.system.MetaStore - Store vote null
21:52:25.970 [raft-server-raft-partition-2] INFO  i.a.protocols.raft.impl.RaftContext - RaftServer{raft-partition-2} - Transitioning to INACTIVE
21:52:25.970 [raft-server-raft-partition-2] TRACE i.a.p.raft.roles.FollowerRole - RaftServer{raft-partition-2}{role=FOLLOWER} - Cancelling heartbeat timer
21:52:25.972 [raft-server-raft-partition-5] INFO  i.a.protocols.raft.impl.RaftContext - RaftServer{raft-partition-5} - Transitioning to INACTIVE
21:52:25.972 [raft-server-raft-partition-5] TRACE i.a.p.raft.roles.FollowerRole - RaftServer{raft-partition-5}{role=FOLLOWER} - Cancelling heartbeat timer
21:52:25.972 [raft-server-raft-partition-6] INFO  i.a.protocols.raft.impl.RaftContext - RaftServer{raft-partition-6} - Transitioning to INACTIVE
21:52:25.972 [raft-server-raft-partition-4] INFO  i.a.protocols.raft.impl.RaftContext - RaftServer{raft-partition-4} - Transitioning to INACTIVE
21:52:25.972 [raft-server-raft-partition-6] TRACE i.a.p.raft.roles.FollowerRole - RaftServer{raft-partition-6}{role=FOLLOWER} - Cancelling heartbeat timer
21:52:25.973 [raft-server-raft-partition-4] TRACE i.a.p.raft.roles.FollowerRole - RaftServer{raft-partition-4}{role=FOLLOWER} - Cancelling heartbeat timer
21:52:25.973 [raft-server-raft-partition-3] INFO  i.a.protocols.raft.impl.RaftContext - RaftServer{raft-partition-3} - Transitioning to INACTIVE
21:52:25.973 [raft-server-raft-partition-3] TRACE i.a.p.raft.roles.FollowerRole - RaftServer{raft-partition-3}{role=FOLLOWER} - Cancelling heartbeat timer
21:52:25.993 [ForkJoinPool.commonPool-worker-7] ERROR i.a.p.p.impl.DefaultPartitionService - Failed closing partition group(s)
java.util.concurrent.CompletionException: java.lang.IllegalStateException: context not open
	at java.util.concurrent.CompletableFuture.encodeRelay(CompletableFuture.java:326) ~[na:1.8.0_121]
	at java.util.concurrent.CompletableFuture.uniComposeStage(CompletableFuture.java:984) ~[na:1.8.0_121]
	at java.util.concurrent.CompletableFuture.thenCompose(CompletableFuture.java:2124) ~[na:1.8.0_121]
	at io.atomix.protocols.raft.partition.RaftPartition.close(RaftPartition.java:173) ~[classes/:na]
	at java.util.stream.ReferencePipeline$3$1.accept(ReferencePipeline.java:193) ~[na:1.8.0_121]
	at java.util.concurrent.ConcurrentHashMap$ValueSpliterator.forEachRemaining(ConcurrentHashMap.java:3566) ~[na:1.8.0_121]
	at java.util.stream.AbstractPipeline.copyInto(AbstractPipeline.java:481) ~[na:1.8.0_121]
	at java.util.stream.AbstractPipeline.wrapAndCopyInto(AbstractPipeline.java:471) ~[na:1.8.0_121]
	at java.util.stream.ReduceOps$ReduceOp.evaluateSequential(ReduceOps.java:708) ~[na:1.8.0_121]
	at java.util.stream.AbstractPipeline.evaluate(AbstractPipeline.java:234) ~[na:1.8.0_121]
	at java.util.stream.ReferencePipeline.collect(ReferencePipeline.java:499) ~[na:1.8.0_121]
	at io.atomix.protocols.raft.partition.RaftPartitionGroup.close(RaftPartitionGroup.java:219) ~[classes/:na]
	at java.util.stream.ReferencePipeline$3$1.accept(ReferencePipeline.java:193) ~[na:1.8.0_121]
	at java.util.concurrent.ConcurrentHashMap$ValueSpliterator.forEachRemaining(ConcurrentHashMap.java:3566) ~[na:1.8.0_121]
	at java.util.stream.AbstractPipeline.copyInto(AbstractPipeline.java:481) ~[na:1.8.0_121]
	at java.util.stream.AbstractPipeline.wrapAndCopyInto(AbstractPipeline.java:471) ~[na:1.8.0_121]
	at java.util.stream.StreamSpliterators$WrappingSpliterator.forEachRemaining(StreamSpliterators.java:312) ~[na:1.8.0_121]
	at java.util.stream.Streams$ConcatSpliterator.forEachRemaining(Streams.java:743) ~[na:1.8.0_121]
	at java.util.stream.AbstractPipeline.copyInto(AbstractPipeline.java:481) ~[na:1.8.0_121]
	at java.util.stream.AbstractPipeline.wrapAndCopyInto(AbstractPipeline.java:471) ~[na:1.8.0_121]
	at java.util.stream.ReduceOps$ReduceOp.evaluateSequential(ReduceOps.java:708) ~[na:1.8.0_121]
	at java.util.stream.AbstractPipeline.evaluate(AbstractPipeline.java:234) ~[na:1.8.0_121]
	at java.util.stream.ReferencePipeline.collect(ReferencePipeline.java:499) ~[na:1.8.0_121]
	at io.atomix.primitive.partition.impl.DefaultPartitionService.stop(DefaultPartitionService.java:214) ~[classes/:na]
	at io.atomix.core.Atomix.lambda$stopServices$8(Atomix.java:469) ~[classes/:na]
	at java.util.concurrent.CompletableFuture.uniCompose(CompletableFuture.java:952) ~[na:1.8.0_121]
	at java.util.concurrent.CompletableFuture$UniCompose.tryFire(CompletableFuture.java:926) ~[na:1.8.0_121]
	at java.util.concurrent.CompletableFuture$Completion.run(CompletableFuture.java:442) ~[na:1.8.0_121]
	at java.util.concurrent.Executors$RunnableAdapter.call(Executors.java:511) ~[na:1.8.0_121]
	at java.util.concurrent.FutureTask.run(FutureTask.java:266) ~[na:1.8.0_121]
	at java.util.concurrent.ScheduledThreadPoolExecutor$ScheduledFutureTask.access$201(ScheduledThreadPoolExecutor.java:180) ~[na:1.8.0_121]
	at java.util.concurrent.ScheduledThreadPoolExecutor$ScheduledFutureTask.run(ScheduledThreadPoolExecutor.java:293) ~[na:1.8.0_121]
	at java.util.concurrent.ThreadPoolExecutor.runWorker(ThreadPoolExecutor.java:1142) ~[na:1.8.0_121]
	at java.util.concurrent.ThreadPoolExecutor$Worker.run(ThreadPoolExecutor.java:617) ~[na:1.8.0_121]
	at java.lang.Thread.run(Thread.java:745) ~[na:1.8.0_121]
Caused by: java.lang.IllegalStateException: context not open
	at io.atomix.protocols.raft.impl.DefaultRaftServer.shutdown(DefaultRaftServer.java:154) ~[classes/:na]
	at io.atomix.protocols.raft.partition.impl.RaftPartitionServer.stop(RaftPartitionServer.java:99) ~[classes/:na]
	at io.atomix.protocols.raft.partition.RaftPartition.closeServer(RaftPartition.java:185) ~[classes/:na]
	at io.atomix.protocols.raft.partition.RaftPartition.lambda$close$5(RaftPartition.java:173) ~[classes/:na]
	at java.util.concurrent.CompletableFuture.uniComposeStage(CompletableFuture.java:981) ~[na:1.8.0_121]
	... 33 common frames omitted
21:52:25.993 [ForkJoinPool.commonPool-worker-4] ERROR i.a.p.p.impl.DefaultPartitionService - Failed closing partition group(s)
java.util.concurrent.CompletionException: java.lang.IllegalStateException: context not open
	at java.util.concurrent.CompletableFuture.encodeRelay(CompletableFuture.java:326) ~[na:1.8.0_121]
	at java.util.concurrent.CompletableFuture.uniComposeStage(CompletableFuture.java:984) ~[na:1.8.0_121]
	at java.util.concurrent.CompletableFuture.thenCompose(CompletableFuture.java:2124) ~[na:1.8.0_121]
	at io.atomix.protocols.raft.partition.RaftPartition.close(RaftPartition.java:173) ~[classes/:na]
	at java.util.stream.ReferencePipeline$3$1.accept(ReferencePipeline.java:193) ~[na:1.8.0_121]
	at java.util.concurrent.ConcurrentHashMap$ValueSpliterator.forEachRemaining(ConcurrentHashMap.java:3566) ~[na:1.8.0_121]
	at java.util.stream.AbstractPipeline.copyInto(AbstractPipeline.java:481) ~[na:1.8.0_121]
	at java.util.stream.AbstractPipeline.wrapAndCopyInto(AbstractPipeline.java:471) ~[na:1.8.0_121]
	at java.util.stream.ReduceOps$ReduceOp.evaluateSequential(ReduceOps.java:708) ~[na:1.8.0_121]
	at java.util.stream.AbstractPipeline.evaluate(AbstractPipeline.java:234) ~[na:1.8.0_121]
	at java.util.stream.ReferencePipeline.collect(ReferencePipeline.java:499) ~[na:1.8.0_121]
	at io.atomix.protocols.raft.partition.RaftPartitionGroup.close(RaftPartitionGroup.java:219) ~[classes/:na]
	at java.util.stream.ReferencePipeline$3$1.accept(ReferencePipeline.java:193) ~[na:1.8.0_121]
	at java.util.concurrent.ConcurrentHashMap$ValueSpliterator.forEachRemaining(ConcurrentHashMap.java:3566) ~[na:1.8.0_121]
	at java.util.stream.AbstractPipeline.copyInto(AbstractPipeline.java:481) ~[na:1.8.0_121]
	at java.util.stream.AbstractPipeline.wrapAndCopyInto(AbstractPipeline.java:471) ~[na:1.8.0_121]
	at java.util.stream.StreamSpliterators$WrappingSpliterator.forEachRemaining(StreamSpliterators.java:312) ~[na:1.8.0_121]
	at java.util.stream.Streams$ConcatSpliterator.forEachRemaining(Streams.java:743) ~[na:1.8.0_121]
	at java.util.stream.AbstractPipeline.copyInto(AbstractPipeline.java:481) ~[na:1.8.0_121]
	at java.util.stream.AbstractPipeline.wrapAndCopyInto(AbstractPipeline.java:471) ~[na:1.8.0_121]
	at java.util.stream.ReduceOps$ReduceOp.evaluateSequential(ReduceOps.java:708) ~[na:1.8.0_121]
	at java.util.stream.AbstractPipeline.evaluate(AbstractPipeline.java:234) ~[na:1.8.0_121]
	at java.util.stream.ReferencePipeline.collect(ReferencePipeline.java:499) ~[na:1.8.0_121]
	at io.atomix.primitive.partition.impl.DefaultPartitionService.stop(DefaultPartitionService.java:214) ~[classes/:na]
	at io.atomix.core.Atomix.lambda$stopServices$8(Atomix.java:469) ~[classes/:na]
	at java.util.concurrent.CompletableFuture.uniCompose(CompletableFuture.java:952) ~[na:1.8.0_121]
	at java.util.concurrent.CompletableFuture$UniCompose.tryFire(CompletableFuture.java:926) ~[na:1.8.0_121]
	at java.util.concurrent.CompletableFuture$Completion.run(CompletableFuture.java:442) ~[na:1.8.0_121]
	at java.util.concurrent.Executors$RunnableAdapter.call(Executors.java:511) ~[na:1.8.0_121]
	at java.util.concurrent.FutureTask.run(FutureTask.java:266) ~[na:1.8.0_121]
	at java.util.concurrent.ScheduledThreadPoolExecutor$ScheduledFutureTask.access$201(ScheduledThreadPoolExecutor.java:180) ~[na:1.8.0_121]
	at java.util.concurrent.ScheduledThreadPoolExecutor$ScheduledFutureTask.run(ScheduledThreadPoolExecutor.java:293) ~[na:1.8.0_121]
	at java.util.concurrent.ThreadPoolExecutor.runWorker(ThreadPoolExecutor.java:1142) ~[na:1.8.0_121]
	at java.util.concurrent.ThreadPoolExecutor$Worker.run(ThreadPoolExecutor.java:617) ~[na:1.8.0_121]
	at java.lang.Thread.run(Thread.java:745) ~[na:1.8.0_121]
Caused by: java.lang.IllegalStateException: context not open
	at io.atomix.protocols.raft.impl.DefaultRaftServer.shutdown(DefaultRaftServer.java:154) ~[classes/:na]
	at io.atomix.protocols.raft.partition.impl.RaftPartitionServer.stop(RaftPartitionServer.java:99) ~[classes/:na]
	at io.atomix.protocols.raft.partition.RaftPartition.closeServer(RaftPartition.java:185) ~[classes/:na]
	at io.atomix.protocols.raft.partition.RaftPartition.lambda$close$5(RaftPartition.java:173) ~[classes/:na]
	at java.util.concurrent.CompletableFuture.uniComposeStage(CompletableFuture.java:981) ~[na:1.8.0_121]
	... 33 common frames omitted
21:52:25.994 [ForkJoinPool.commonPool-worker-7] INFO  i.a.p.p.i.DefaultPartitionGroupMembershipService - Stopped
21:52:25.994 [ForkJoinPool.commonPool-worker-4] INFO  i.a.p.p.i.DefaultPartitionGroupMembershipService - Stopped
21:52:25.994 [ForkJoinPool.commonPool-worker-7] INFO  i.a.p.p.impl.DefaultPartitionService - Stopped
21:52:25.994 [ForkJoinPool.commonPool-worker-4] INFO  i.a.p.p.impl.DefaultPartitionService - Stopped
21:52:25.994 [atomix-0] INFO  i.a.c.m.i.DefaultClusterCommunicationService - Stopped
21:52:25.994 [atomix-0] INFO  i.a.c.m.i.DefaultClusterCommunicationService - Stopped
21:52:25.994 [atomix-cluster-0] INFO  i.a.c.m.i.DefaultClusterEventService - Stopped
21:52:25.994 [atomix-cluster-0] INFO  i.a.c.m.i.DefaultClusterEventService - Stopped
21:52:25.994 [atomix-cluster-0] INFO  i.a.c.i.DefaultClusterMembershipService - 1 - Member deactivated: StatefulMember{id=1, address=localhost:5001, metadata={}}
21:52:25.994 [atomix-cluster-0] INFO  i.a.c.i.DefaultClusterMembershipService - 3 - Member deactivated: StatefulMember{id=3, address=localhost:5003, metadata={}}
21:52:25.995 [atomix-cluster-0] INFO  i.a.c.i.DefaultClusterMembershipService - Stopped
21:52:25.995 [atomix-cluster-0] INFO  i.a.c.i.DefaultClusterMembershipService - Stopped
21:52:26.001 [netty-messaging-event-epoll-server-0] INFO  i.a.c.m.impl.NettyMessagingService - Stopped
21:52:26.001 [netty-messaging-event-epoll-server-0] INFO  i.a.c.m.impl.NettyMessagingService - Stopped
21:52:26.002 [atomix-cluster-0] INFO  io.atomix.cluster.AtomixCluster - Stopped
21:52:26.003 [atomix-cluster-0] INFO  io.atomix.cluster.AtomixCluster - Stopped
21:52:26.017 [ForkJoinPool.commonPool-worker-7] INFO  i.a.p.r.partition.RaftPartitionGroup - Stopped
21:52:26.017 [ForkJoinPool.commonPool-worker-7] INFO  i.a.p.p.i.DefaultPartitionGroupMembershipService - Stopped
21:52:26.017 [ForkJoinPool.commonPool-worker-7] INFO  i.a.p.p.impl.DefaultPartitionService - Stopped
21:52:26.017 [atomix-0] INFO  i.a.c.m.i.DefaultClusterCommunicationService - Stopped
21:52:26.017 [atomix-cluster-0] INFO  i.a.c.m.i.DefaultClusterEventService - Stopped
21:52:26.017 [atomix-cluster-0] INFO  i.a.c.i.DefaultClusterMembershipService - 2 - Member deactivated: StatefulMember{id=2, address=localhost:5002, metadata={}}
21:52:26.017 [atomix-cluster-0] INFO  i.a.c.i.DefaultClusterMembershipService - Stopped
21:52:26.021 [netty-messaging-event-epoll-server-0] INFO  i.a.c.m.impl.NettyMessagingService - Stopped
21:52:26.021 [atomix-cluster-0] INFO  io.atomix.cluster.AtomixCluster - Stopped
</system-out>
  </testcase>
  <testcase name="testScaleUpPersistent" classname="io.atomix.core.AtomixTest" time="9.418"/>
  <testcase name="testScaleDownPersistent" classname="io.atomix.core.AtomixTest" time="13.013"/>
  <testcase name="testClientJoinLeaveConsensus" classname="io.atomix.core.AtomixTest" time="28.538"/>
  <testcase name="testScaleUpEphemeral" classname="io.atomix.core.AtomixTest" time="0.821"/>
  <testcase name="testStopStartConsensus" classname="io.atomix.core.AtomixTest" time="9.757"/>
  <testcase name="testClientJoinLeaveDataGrid" classname="io.atomix.core.AtomixTest" time="12.279"/>
  <testcase name="testBootstrapDataGrid" classname="io.atomix.core.AtomixTest" time="0.622"/>
</testsuite>