<?xml version="1.0" encoding="UTF-8"?>
<testsuite name="io.atomix.core.semaphore.impl.RaftSemaphoreTest" time="30.436" tests="15" errors="0" skipped="2" failures="1">
  <properties>
    <property name="java.runtime.name" value="OpenJDK Runtime Environment"/>
    <property name="sun.boot.library.path" value="/usr/lib/jvm/java-8-openjdk-amd64/jre/lib/amd64"/>
    <property name="java.vm.version" value="25.121-b13"/>
    <property name="java.vm.vendor" value="Oracle Corporation"/>
    <property name="maven.multiModuleProjectDirectory" value="/root/workspace/atomix/atomix/389998614"/>
    <property name="java.vendor.url" value="http://java.oracle.com/"/>
    <property name="path.separator" value=":"/>
    <property name="guice.disable.misplaced.annotation.check" value="true"/>
    <property name="skip.gulp" value="true"/>
    <property name="java.vm.name" value="OpenJDK 64-Bit Server VM"/>
    <property name="file.encoding.pkg" value="sun.io"/>
    <property name="sun.java.launcher" value="SUN_STANDARD"/>
    <property name="sun.os.patch.level" value="unknown"/>
    <property name="findbugs.skip" value="true"/>
    <property name="java.vm.specification.name" value="Java Virtual Machine Specification"/>
    <property name="user.dir" value="/root/workspace/atomix/atomix/389998614"/>
    <property name="checkstyle.skip" value="true"/>
    <property name="java.runtime.version" value="1.8.0_121-8u121-b13-1~bpo8+1-b13"/>
    <property name="java.awt.graphicsenv" value="sun.awt.X11GraphicsEnvironment"/>
    <property name="skip.npm" value="true"/>
    <property name="java.endorsed.dirs" value="/usr/lib/jvm/java-8-openjdk-amd64/jre/lib/endorsed"/>
    <property name="os.arch" value="amd64"/>
    <property name="java.io.tmpdir" value="/tmp"/>
    <property name="gpg.skip" value="true"/>
    <property name="line.separator" value="&#10;"/>
    <property name="java.vm.specification.vendor" value="Oracle Corporation"/>
    <property name="cobertura.skip" value="true"/>
    <property name="os.name" value="Linux"/>
    <property name="classworlds.conf" value="/usr/share/maven/bin/m2.conf"/>
    <property name="sun.jnu.encoding" value="UTF-8"/>
    <property name="java.library.path" value="/usr/java/packages/lib/amd64:/usr/lib/x86_64-linux-gnu/jni:/lib/x86_64-linux-gnu:/usr/lib/x86_64-linux-gnu:/usr/lib/jni:/lib:/usr/lib"/>
    <property name="license.skip" value="true"/>
    <property name="java.specification.name" value="Java Platform API Specification"/>
    <property name="java.class.version" value="52.0"/>
    <property name="sun.management.compiler" value="HotSpot 64-Bit Tiered Compilers"/>
    <property name="skip.bower" value="true"/>
    <property name="maven.repo.local" value="/root/./workspace/atomix/atomix/389998614/.m2"/>
    <property name="os.version" value="3.10.0-862.3.2.el7.x86_64"/>
    <property name="user.home" value="/root"/>
    <property name="user.timezone" value="Europe/Paris"/>
    <property name="java.awt.printerjob" value="sun.print.PSPrinterJob"/>
    <property name="java.specification.version" value="1.8"/>
    <property name="file.encoding" value="UTF-8"/>
    <property name="user.name" value="root"/>
    <property name="java.class.path" value="/usr/share/maven/boot/plexus-classworlds-2.5.2.jar"/>
    <property name="skipITs" value="true"/>
    <property name="java.vm.specification.version" value="1.8"/>
    <property name="sun.arch.data.model" value="64"/>
    <property name="java.home" value="/usr/lib/jvm/java-8-openjdk-amd64/jre"/>
    <property name="sun.java.command" value="org.codehaus.plexus.classworlds.launcher.Launcher -B -D enforcer.skip=true -D dependency-check.skip=true -D skipITs=true -D cobertura.skip=true -D maven.repo.local=/root/./workspace/atomix/atomix/389998614/.m2 -D rat.skip=true -D findbugs.skip=true -D skip.bower=true -D gpg.skip=true -D checkstyle.skip=true -D skip.gulp=true -D license.skip=true -D skip.npm=true test"/>
    <property name="java.specification.vendor" value="Oracle Corporation"/>
    <property name="user.language" value="en"/>
    <property name="awt.toolkit" value="sun.awt.X11.XToolkit"/>
    <property name="dependency-check.skip" value="true"/>
    <property name="java.vm.info" value="mixed mode"/>
    <property name="java.version" value="1.8.0_121"/>
    <property name="java.ext.dirs" value="/usr/lib/jvm/java-8-openjdk-amd64/jre/lib/ext:/usr/java/packages/lib/ext"/>
    <property name="securerandom.source" value="file:/dev/./urandom"/>
    <property name="sun.boot.class.path" value="/usr/lib/jvm/java-8-openjdk-amd64/jre/lib/resources.jar:/usr/lib/jvm/java-8-openjdk-amd64/jre/lib/rt.jar:/usr/lib/jvm/java-8-openjdk-amd64/jre/lib/sunrsasign.jar:/usr/lib/jvm/java-8-openjdk-amd64/jre/lib/jsse.jar:/usr/lib/jvm/java-8-openjdk-amd64/jre/lib/jce.jar:/usr/lib/jvm/java-8-openjdk-amd64/jre/lib/charsets.jar:/usr/lib/jvm/java-8-openjdk-amd64/jre/lib/jfr.jar:/usr/lib/jvm/java-8-openjdk-amd64/jre/classes"/>
    <property name="java.vendor" value="Oracle Corporation"/>
    <property name="enforcer.skip" value="true"/>
    <property name="rat.skip" value="true"/>
    <property name="maven.home" value="/usr/share/maven"/>
    <property name="file.separator" value="/"/>
    <property name="java.vendor.url.bug" value="http://bugreport.sun.com/bugreport/"/>
    <property name="sun.cpu.endian" value="little"/>
    <property name="sun.io.unicode.encoding" value="UnicodeLittle"/>
    <property name="sun.cpu.isalist" value=""/>
  </properties>
  <testcase name="testQueueStatus" classname="io.atomix.core.semaphore.impl.RaftSemaphoreTest" time="2.041"/>
  <testcase name="testTimeout" classname="io.atomix.core.semaphore.impl.RaftSemaphoreTest" time="2.755">
    <failure type="java.lang.AssertionError:">java.lang.AssertionError: null
	at org.junit.Assert.fail(Assert.java:86)
	at org.junit.Assert.assertTrue(Assert.java:41)
	at org.junit.Assert.assertTrue(Assert.java:52)
	at io.atomix.core.semaphore.impl.SemaphoreTest.testTimeout(SemaphoreTest.java:147)
	at sun.reflect.NativeMethodAccessorImpl.invoke0(Native Method)
	at sun.reflect.NativeMethodAccessorImpl.invoke(NativeMethodAccessorImpl.java:62)
	at sun.reflect.DelegatingMethodAccessorImpl.invoke(DelegatingMethodAccessorImpl.java:43)
	at java.lang.reflect.Method.invoke(Method.java:498)
	at org.junit.runners.model.FrameworkMethod$1.runReflectiveCall(FrameworkMethod.java:50)
	at org.junit.internal.runners.model.ReflectiveCallable.run(ReflectiveCallable.java:12)
	at org.junit.runners.model.FrameworkMethod.invokeExplosively(FrameworkMethod.java:47)
	at org.junit.internal.runners.statements.InvokeMethod.evaluate(InvokeMethod.java:17)
	at org.junit.internal.runners.statements.FailOnTimeout$CallableStatement.call(FailOnTimeout.java:298)
	at org.junit.internal.runners.statements.FailOnTimeout$CallableStatement.call(FailOnTimeout.java:292)
	at java.util.concurrent.FutureTask.run(FutureTask.java:266)
	at java.lang.Thread.run(Thread.java:745)
</failure>
    <system-out><![CDATA[04:51:28.368 [raft-server-raft-partition-2] TRACE i.a.p.raft.roles.FollowerRole - RaftServer{raft-partition-2}{role=FOLLOWER} - Committed entries up to index 9
04:51:28.368 [raft-server-raft-partition-2] TRACE i.a.p.raft.roles.FollowerRole - RaftServer{raft-partition-2}{role=FOLLOWER} - Sending AppendResponse{status=OK, term=1, succeeded=true, lastLogIndex=9}
04:51:28.368 [raft-server-raft-partition-2-state] TRACE i.a.p.raft.impl.RaftServiceManager - RaftServer{raft-partition-2} - Applying Indexed{index=9, entry=CommandEntry{term=1, timestamp=2018-06-09 04:51:28,302, session=2, sequence=5, operation=PrimitiveOperation{id=DefaultOperationId{id=release, type=COMMAND}, value=byte[]{length=5, hash=77607559}}}}
04:51:28.369 [raft-server-raft-partition-2] TRACE i.a.p.raft.roles.LeaderAppender - RaftServer{raft-partition-2} - Received AppendResponse{status=OK, term=1, succeeded=true, lastLogIndex=9} from 3
04:51:28.397 [raft-server-system-partition-1] TRACE i.a.p.raft.roles.LeaderAppender - RaftServer{system-partition-1} - Received AppendResponse{status=OK, term=1, succeeded=true, lastLogIndex=52} from 1
04:51:28.397 [raft-server-system-partition-1-state] TRACE i.a.p.raft.impl.RaftServiceManager - RaftServer{system-partition-1} - Applying Indexed{index=52, entry=CloseSessionEntry{term=1, timestamp=2018-06-09 04:51:28,344, session=48, expired=false}}
04:51:28.397 [raft-server-system-partition-1-state] DEBUG i.a.p.r.service.RaftServiceContext - PrimitiveService{35}{type=ConsistentMapType{name=consistent-map}, name=primitives} - Closing session 48
04:51:28.398 [raft-server-system-partition-1-state] DEBUG i.a.p.raft.session.RaftSession - Session{48}{type=ConsistentMapType{name=consistent-map}, name=primitives} - State changed: CLOSED
04:51:28.398 [raft-server-system-partition-1-state] TRACE i.a.protocols.raft.roles.LeaderRole - RaftServer{system-partition-1}{role=LEADER} - Sending CloseSessionResponse{status=OK}
04:51:28.407 [raft-server-raft-partition-3] TRACE i.a.p.raft.roles.LeaderAppender - RaftServer{raft-partition-3} - Sending AppendRequest{term=1, leader=2, prevLogIndex=1, prevLogTerm=1, entries=0, commitIndex=1} to 3
04:51:28.407 [raft-server-raft-partition-3] TRACE i.a.p.raft.roles.LeaderAppender - RaftServer{raft-partition-3} - Sending AppendRequest{term=1, leader=2, prevLogIndex=1, prevLogTerm=1, entries=0, commitIndex=1} to 1
04:51:28.407 [raft-server-raft-partition-3] TRACE i.a.p.raft.roles.FollowerRole - RaftServer{raft-partition-3}{role=FOLLOWER} - Received AppendRequest{term=1, leader=2, prevLogIndex=1, prevLogTerm=1, entries=0, commitIndex=1}
04:51:28.407 [raft-server-raft-partition-3] TRACE i.a.p.raft.roles.FollowerRole - RaftServer{raft-partition-3}{role=FOLLOWER} - Received AppendRequest{term=1, leader=2, prevLogIndex=1, prevLogTerm=1, entries=0, commitIndex=1}
04:51:28.407 [raft-server-raft-partition-3] TRACE i.a.p.raft.roles.FollowerRole - RaftServer{raft-partition-3}{role=FOLLOWER} - Sending AppendResponse{status=OK, term=1, succeeded=true, lastLogIndex=1}
04:51:28.407 [raft-server-raft-partition-3] TRACE i.a.p.raft.roles.FollowerRole - RaftServer{raft-partition-3}{role=FOLLOWER} - Sending AppendResponse{status=OK, term=1, succeeded=true, lastLogIndex=1}
04:51:28.408 [raft-server-raft-partition-3] TRACE i.a.p.raft.roles.LeaderAppender - RaftServer{raft-partition-3} - Received AppendResponse{status=OK, term=1, succeeded=true, lastLogIndex=1} from 3
04:51:28.408 [raft-server-raft-partition-3] TRACE i.a.p.raft.roles.LeaderAppender - RaftServer{raft-partition-3} - Sending AppendRequest{term=1, leader=2, prevLogIndex=1, prevLogTerm=1, entries=0, commitIndex=1} to 3
04:51:28.408 [raft-server-raft-partition-3] TRACE i.a.p.raft.roles.LeaderAppender - RaftServer{raft-partition-3} - Received AppendResponse{status=OK, term=1, succeeded=true, lastLogIndex=1} from 1
04:51:28.408 [raft-server-raft-partition-3] TRACE i.a.p.raft.roles.LeaderAppender - RaftServer{raft-partition-3} - Sending AppendRequest{term=1, leader=2, prevLogIndex=1, prevLogTerm=1, entries=0, commitIndex=1} to 1
04:51:28.408 [raft-server-raft-partition-3] TRACE i.a.p.raft.roles.FollowerRole - RaftServer{raft-partition-3}{role=FOLLOWER} - Received AppendRequest{term=1, leader=2, prevLogIndex=1, prevLogTerm=1, entries=0, commitIndex=1}
04:51:28.408 [raft-server-raft-partition-3] TRACE i.a.p.raft.roles.FollowerRole - RaftServer{raft-partition-3}{role=FOLLOWER} - Sending AppendResponse{status=OK, term=1, succeeded=true, lastLogIndex=1}
04:51:28.408 [raft-server-raft-partition-3] TRACE i.a.p.raft.roles.FollowerRole - RaftServer{raft-partition-3}{role=FOLLOWER} - Received AppendRequest{term=1, leader=2, prevLogIndex=1, prevLogTerm=1, entries=0, commitIndex=1}
04:51:28.408 [raft-server-raft-partition-3] TRACE i.a.p.raft.roles.FollowerRole - RaftServer{raft-partition-3}{role=FOLLOWER} - Sending AppendResponse{status=OK, term=1, succeeded=true, lastLogIndex=1}
04:51:28.408 [raft-server-raft-partition-3] TRACE i.a.p.raft.roles.LeaderAppender - RaftServer{raft-partition-3} - Received AppendResponse{status=OK, term=1, succeeded=true, lastLogIndex=1} from 3
04:51:28.408 [raft-server-raft-partition-3] TRACE i.a.p.raft.roles.LeaderAppender - RaftServer{raft-partition-3} - Received AppendResponse{status=OK, term=1, succeeded=true, lastLogIndex=1} from 1
04:51:28.432 [raft-server-raft-partition-1] TRACE i.a.p.raft.roles.LeaderAppender - RaftServer{raft-partition-1} - Sending AppendRequest{term=1, leader=3, prevLogIndex=1, prevLogTerm=1, entries=0, commitIndex=1} to 1
04:51:28.432 [raft-server-raft-partition-1] TRACE i.a.p.raft.roles.LeaderAppender - RaftServer{raft-partition-1} - Sending AppendRequest{term=1, leader=3, prevLogIndex=1, prevLogTerm=1, entries=0, commitIndex=1} to 2
04:51:28.432 [raft-server-raft-partition-1] TRACE i.a.p.raft.roles.FollowerRole - RaftServer{raft-partition-1}{role=FOLLOWER} - Received AppendRequest{term=1, leader=3, prevLogIndex=1, prevLogTerm=1, entries=0, commitIndex=1}
04:51:28.432 [raft-server-raft-partition-1] TRACE i.a.p.raft.roles.FollowerRole - RaftServer{raft-partition-1}{role=FOLLOWER} - Received AppendRequest{term=1, leader=3, prevLogIndex=1, prevLogTerm=1, entries=0, commitIndex=1}
04:51:28.432 [raft-server-raft-partition-1] TRACE i.a.p.raft.roles.FollowerRole - RaftServer{raft-partition-1}{role=FOLLOWER} - Sending AppendResponse{status=OK, term=1, succeeded=true, lastLogIndex=1}
04:51:28.432 [raft-server-raft-partition-1] TRACE i.a.p.raft.roles.FollowerRole - RaftServer{raft-partition-1}{role=FOLLOWER} - Sending AppendResponse{status=OK, term=1, succeeded=true, lastLogIndex=1}
04:51:28.433 [raft-server-raft-partition-1] TRACE i.a.p.raft.roles.LeaderAppender - RaftServer{raft-partition-1} - Received AppendResponse{status=OK, term=1, succeeded=true, lastLogIndex=1} from 1
04:51:28.433 [raft-server-raft-partition-1] TRACE i.a.p.raft.roles.LeaderAppender - RaftServer{raft-partition-1} - Sending AppendRequest{term=1, leader=3, prevLogIndex=1, prevLogTerm=1, entries=0, commitIndex=1} to 1
04:51:28.433 [raft-server-raft-partition-1] TRACE i.a.p.raft.roles.LeaderAppender - RaftServer{raft-partition-1} - Received AppendResponse{status=OK, term=1, succeeded=true, lastLogIndex=1} from 2
04:51:28.433 [raft-server-raft-partition-1] TRACE i.a.p.raft.roles.LeaderAppender - RaftServer{raft-partition-1} - Sending AppendRequest{term=1, leader=3, prevLogIndex=1, prevLogTerm=1, entries=0, commitIndex=1} to 2
04:51:28.433 [raft-server-raft-partition-1] TRACE i.a.p.raft.roles.FollowerRole - RaftServer{raft-partition-1}{role=FOLLOWER} - Received AppendRequest{term=1, leader=3, prevLogIndex=1, prevLogTerm=1, entries=0, commitIndex=1}
04:51:28.433 [raft-server-raft-partition-1] TRACE i.a.p.raft.roles.FollowerRole - RaftServer{raft-partition-1}{role=FOLLOWER} - Received AppendRequest{term=1, leader=3, prevLogIndex=1, prevLogTerm=1, entries=0, commitIndex=1}
04:51:28.433 [raft-server-raft-partition-1] TRACE i.a.p.raft.roles.FollowerRole - RaftServer{raft-partition-1}{role=FOLLOWER} - Sending AppendResponse{status=OK, term=1, succeeded=true, lastLogIndex=1}
04:51:28.433 [raft-server-raft-partition-1] TRACE i.a.p.raft.roles.FollowerRole - RaftServer{raft-partition-1}{role=FOLLOWER} - Sending AppendResponse{status=OK, term=1, succeeded=true, lastLogIndex=1}
04:51:28.433 [raft-server-raft-partition-1] TRACE i.a.p.raft.roles.LeaderAppender - RaftServer{raft-partition-1} - Received AppendResponse{status=OK, term=1, succeeded=true, lastLogIndex=1} from 2
04:51:28.433 [raft-server-raft-partition-1] TRACE i.a.p.raft.roles.LeaderAppender - RaftServer{raft-partition-1} - Received AppendResponse{status=OK, term=1, succeeded=true, lastLogIndex=1} from 1
04:51:28.466 [raft-server-system-partition-1] TRACE i.a.p.raft.roles.LeaderAppender - RaftServer{system-partition-1} - Sending AppendRequest{term=1, leader=3, prevLogIndex=52, prevLogTerm=1, entries=0, commitIndex=52} to 1
04:51:28.466 [raft-server-system-partition-1] TRACE i.a.p.raft.roles.LeaderAppender - RaftServer{system-partition-1} - Sending AppendRequest{term=1, leader=3, prevLogIndex=52, prevLogTerm=1, entries=0, commitIndex=52} to 2
04:51:28.466 [raft-server-system-partition-1] TRACE i.a.p.raft.roles.FollowerRole - RaftServer{system-partition-1}{role=FOLLOWER} - Received AppendRequest{term=1, leader=3, prevLogIndex=52, prevLogTerm=1, entries=0, commitIndex=52}
04:51:28.466 [raft-server-system-partition-1] TRACE i.a.p.raft.roles.FollowerRole - RaftServer{system-partition-1}{role=FOLLOWER} - Received AppendRequest{term=1, leader=3, prevLogIndex=52, prevLogTerm=1, entries=0, commitIndex=52}
04:51:28.466 [raft-server-system-partition-1] TRACE i.a.p.raft.roles.FollowerRole - RaftServer{system-partition-1}{role=FOLLOWER} - Committed entries up to index 52
04:51:28.466 [raft-server-system-partition-1] TRACE i.a.p.raft.roles.FollowerRole - RaftServer{system-partition-1}{role=FOLLOWER} - Sending AppendResponse{status=OK, term=1, succeeded=true, lastLogIndex=52}
04:51:28.466 [raft-server-system-partition-1-state] TRACE i.a.p.raft.impl.RaftServiceManager - RaftServer{system-partition-1} - Applying Indexed{index=52, entry=CloseSessionEntry{term=1, timestamp=2018-06-09 04:51:28,344, session=48, expired=false}}
04:51:28.466 [raft-server-system-partition-1-state] DEBUG i.a.p.r.service.RaftServiceContext - PrimitiveService{35}{type=ConsistentMapType{name=consistent-map}, name=primitives} - Closing session 48
04:51:28.466 [raft-server-system-partition-1-state] DEBUG i.a.p.raft.session.RaftSession - Session{48}{type=ConsistentMapType{name=consistent-map}, name=primitives} - State changed: CLOSED
04:51:28.466 [raft-server-system-partition-1] TRACE i.a.p.raft.roles.LeaderAppender - RaftServer{system-partition-1} - Received AppendResponse{status=OK, term=1, succeeded=true, lastLogIndex=52} from 1
04:51:28.466 [raft-server-system-partition-1] TRACE i.a.p.raft.roles.LeaderAppender - RaftServer{system-partition-1} - Sending AppendRequest{term=1, leader=3, prevLogIndex=52, prevLogTerm=1, entries=0, commitIndex=52} to 1
04:51:28.467 [raft-server-system-partition-1] TRACE i.a.p.raft.roles.FollowerRole - RaftServer{system-partition-1}{role=FOLLOWER} - Received AppendRequest{term=1, leader=3, prevLogIndex=52, prevLogTerm=1, entries=0, commitIndex=52}
04:51:28.467 [raft-server-system-partition-1] TRACE i.a.p.raft.roles.FollowerRole - RaftServer{system-partition-1}{role=FOLLOWER} - Sending AppendResponse{status=OK, term=1, succeeded=true, lastLogIndex=52}
04:51:28.467 [raft-server-system-partition-1] TRACE i.a.p.raft.roles.LeaderAppender - RaftServer{system-partition-1} - Received AppendResponse{status=OK, term=1, succeeded=true, lastLogIndex=52} from 1
04:51:28.467 [raft-server-system-partition-1] TRACE i.a.p.raft.roles.LeaderAppender - RaftServer{system-partition-1} - Sending AppendRequest{term=1, leader=3, prevLogIndex=52, prevLogTerm=1, entries=0, commitIndex=52} to 1
04:51:28.467 [raft-server-system-partition-1] TRACE i.a.p.raft.roles.FollowerRole - RaftServer{system-partition-1}{role=FOLLOWER} - Received AppendRequest{term=1, leader=3, prevLogIndex=52, prevLogTerm=1, entries=0, commitIndex=52}
04:51:28.467 [raft-server-system-partition-1] TRACE i.a.p.raft.roles.FollowerRole - RaftServer{system-partition-1}{role=FOLLOWER} - Sending AppendResponse{status=OK, term=1, succeeded=true, lastLogIndex=52}
04:51:28.467 [raft-server-system-partition-1] TRACE i.a.p.raft.roles.LeaderAppender - RaftServer{system-partition-1} - Received AppendResponse{status=OK, term=1, succeeded=true, lastLogIndex=52} from 1
04:51:28.493 [raft-server-system-partition-1] TRACE i.a.p.raft.roles.FollowerRole - RaftServer{system-partition-1}{role=FOLLOWER} - Committed entries up to index 52
04:51:28.493 [raft-server-system-partition-1] TRACE i.a.p.raft.roles.FollowerRole - RaftServer{system-partition-1}{role=FOLLOWER} - Sending AppendResponse{status=OK, term=1, succeeded=true, lastLogIndex=52}
04:51:28.493 [raft-server-system-partition-1-state] TRACE i.a.p.raft.impl.RaftServiceManager - RaftServer{system-partition-1} - Applying Indexed{index=52, entry=CloseSessionEntry{term=1, timestamp=2018-06-09 04:51:28,344, session=48, expired=false}}
04:51:28.493 [raft-server-system-partition-1] TRACE i.a.p.raft.roles.LeaderAppender - RaftServer{system-partition-1} - Received AppendResponse{status=OK, term=1, succeeded=true, lastLogIndex=52} from 2
04:51:28.493 [raft-server-system-partition-1-state] DEBUG i.a.p.r.service.RaftServiceContext - PrimitiveService{35}{type=ConsistentMapType{name=consistent-map}, name=primitives} - Closing session 48
04:51:28.494 [raft-server-system-partition-1-state] DEBUG i.a.p.raft.session.RaftSession - Session{48}{type=ConsistentMapType{name=consistent-map}, name=primitives} - State changed: CLOSED
04:51:28.537 [Time-limited test] WARN  i.a.c.m.impl.NettyMessagingService - Disabling TLS for intra-cluster messaging; Could not load cluster key store: ../config/atomix.jks (No such file or directory)
04:51:28.540 [netty-messaging-event-epoll-server-0] INFO  i.a.c.m.impl.NettyMessagingService - localhost/127.0.0.1 accepting incoming connections on port 5010
04:51:28.540 [netty-messaging-event-epoll-server-0] INFO  i.a.c.m.impl.NettyMessagingService - Started
04:51:28.540 [atomix-cluster-0] INFO  i.a.c.i.DefaultClusterMembershipService - 10 - Member activated: StatefulMember{id=10, address=localhost:5010, metadata={}}
04:51:28.541 [raft-server-raft-partition-2] TRACE i.a.p.raft.roles.LeaderAppender - RaftServer{raft-partition-2} - Sending AppendRequest{term=1, leader=1, prevLogIndex=9, prevLogTerm=1, entries=0, commitIndex=9} to 3
04:51:28.541 [raft-server-raft-partition-2] TRACE i.a.p.raft.roles.LeaderAppender - RaftServer{raft-partition-2} - Sending AppendRequest{term=1, leader=1, prevLogIndex=9, prevLogTerm=1, entries=0, commitIndex=9} to 2
04:51:28.541 [atomix-cluster-0] INFO  i.a.c.i.DefaultClusterMembershipService - 10 - Member activated: StatefulMember{id=1, address=localhost:5001, metadata={}}
04:51:28.541 [raft-server-raft-partition-2] TRACE i.a.p.raft.roles.FollowerRole - RaftServer{raft-partition-2}{role=FOLLOWER} - Received AppendRequest{term=1, leader=1, prevLogIndex=9, prevLogTerm=1, entries=0, commitIndex=9}
04:51:28.541 [raft-server-raft-partition-2] TRACE i.a.p.raft.roles.FollowerRole - RaftServer{raft-partition-2}{role=FOLLOWER} - Received AppendRequest{term=1, leader=1, prevLogIndex=9, prevLogTerm=1, entries=0, commitIndex=9}
04:51:28.541 [raft-server-raft-partition-2] TRACE i.a.p.raft.roles.FollowerRole - RaftServer{raft-partition-2}{role=FOLLOWER} - Sending AppendResponse{status=OK, term=1, succeeded=true, lastLogIndex=9}
04:51:28.541 [raft-server-raft-partition-2] TRACE i.a.p.raft.roles.FollowerRole - RaftServer{raft-partition-2}{role=FOLLOWER} - Sending AppendResponse{status=OK, term=1, succeeded=true, lastLogIndex=9}
04:51:28.541 [raft-server-raft-partition-2] TRACE i.a.p.raft.roles.LeaderAppender - RaftServer{raft-partition-2} - Received AppendResponse{status=OK, term=1, succeeded=true, lastLogIndex=9} from 3
04:51:28.541 [raft-server-raft-partition-2] TRACE i.a.p.raft.roles.LeaderAppender - RaftServer{raft-partition-2} - Sending AppendRequest{term=1, leader=1, prevLogIndex=9, prevLogTerm=1, entries=0, commitIndex=9} to 3
04:51:28.541 [raft-server-raft-partition-2] TRACE i.a.p.raft.roles.LeaderAppender - RaftServer{raft-partition-2} - Received AppendResponse{status=OK, term=1, succeeded=true, lastLogIndex=9} from 2
04:51:28.541 [raft-server-raft-partition-2] TRACE i.a.p.raft.roles.LeaderAppender - RaftServer{raft-partition-2} - Sending AppendRequest{term=1, leader=1, prevLogIndex=9, prevLogTerm=1, entries=0, commitIndex=9} to 2
04:51:28.541 [atomix-cluster-0] INFO  i.a.c.i.DefaultClusterMembershipService - 10 - Member activated: StatefulMember{id=2, address=localhost:5002, metadata={}}
04:51:28.542 [raft-server-raft-partition-2] TRACE i.a.p.raft.roles.FollowerRole - RaftServer{raft-partition-2}{role=FOLLOWER} - Received AppendRequest{term=1, leader=1, prevLogIndex=9, prevLogTerm=1, entries=0, commitIndex=9}
04:51:28.542 [raft-server-raft-partition-2] TRACE i.a.p.raft.roles.FollowerRole - RaftServer{raft-partition-2}{role=FOLLOWER} - Received AppendRequest{term=1, leader=1, prevLogIndex=9, prevLogTerm=1, entries=0, commitIndex=9}
04:51:28.542 [raft-server-raft-partition-2] TRACE i.a.p.raft.roles.FollowerRole - RaftServer{raft-partition-2}{role=FOLLOWER} - Sending AppendResponse{status=OK, term=1, succeeded=true, lastLogIndex=9}
04:51:28.542 [raft-server-raft-partition-2] TRACE i.a.p.raft.roles.FollowerRole - RaftServer{raft-partition-2}{role=FOLLOWER} - Sending AppendResponse{status=OK, term=1, succeeded=true, lastLogIndex=9}
04:51:28.542 [raft-server-raft-partition-2] TRACE i.a.p.raft.roles.LeaderAppender - RaftServer{raft-partition-2} - Received AppendResponse{status=OK, term=1, succeeded=true, lastLogIndex=9} from 3
04:51:28.542 [raft-server-raft-partition-2] TRACE i.a.p.raft.roles.LeaderAppender - RaftServer{raft-partition-2} - Sending AppendRequest{term=1, leader=1, prevLogIndex=9, prevLogTerm=1, entries=0, commitIndex=9} to 3
04:51:28.542 [raft-server-raft-partition-2] TRACE i.a.p.raft.roles.LeaderAppender - RaftServer{raft-partition-2} - Received AppendResponse{status=OK, term=1, succeeded=true, lastLogIndex=9} from 2
04:51:28.542 [raft-server-raft-partition-2] TRACE i.a.p.raft.roles.LeaderAppender - RaftServer{raft-partition-2} - Sending AppendRequest{term=1, leader=1, prevLogIndex=9, prevLogTerm=1, entries=0, commitIndex=9} to 2
04:51:28.542 [raft-server-raft-partition-2] TRACE i.a.p.raft.roles.FollowerRole - RaftServer{raft-partition-2}{role=FOLLOWER} - Received AppendRequest{term=1, leader=1, prevLogIndex=9, prevLogTerm=1, entries=0, commitIndex=9}
04:51:28.542 [raft-server-raft-partition-2] TRACE i.a.p.raft.roles.FollowerRole - RaftServer{raft-partition-2}{role=FOLLOWER} - Sending AppendResponse{status=OK, term=1, succeeded=true, lastLogIndex=9}
04:51:28.542 [raft-server-raft-partition-2] TRACE i.a.p.raft.roles.FollowerRole - RaftServer{raft-partition-2}{role=FOLLOWER} - Received AppendRequest{term=1, leader=1, prevLogIndex=9, prevLogTerm=1, entries=0, commitIndex=9}
04:51:28.542 [raft-server-raft-partition-2] TRACE i.a.p.raft.roles.LeaderAppender - RaftServer{raft-partition-2} - Received AppendResponse{status=OK, term=1, succeeded=true, lastLogIndex=9} from 3
04:51:28.542 [raft-server-raft-partition-2] TRACE i.a.p.raft.roles.FollowerRole - RaftServer{raft-partition-2}{role=FOLLOWER} - Sending AppendResponse{status=OK, term=1, succeeded=true, lastLogIndex=9}
04:51:28.542 [atomix-cluster-0] INFO  i.a.c.i.DefaultClusterMembershipService - 10 - Member activated: StatefulMember{id=3, address=127.0.0.1:5003, metadata={}}
04:51:28.543 [raft-server-raft-partition-2] TRACE i.a.p.raft.roles.LeaderAppender - RaftServer{raft-partition-2} - Received AppendResponse{status=OK, term=1, succeeded=true, lastLogIndex=9} from 2
04:51:28.543 [netty-messaging-event-epoll-client-2] INFO  i.a.c.i.DefaultClusterMembershipService - Started
04:51:28.543 [atomix-cluster-0] INFO  i.a.c.m.i.DefaultClusterCommunicationService - Started
04:51:28.543 [atomix-cluster-0] INFO  i.a.c.m.i.DefaultClusterEventService - Started
04:51:28.550 [atomix-partition-group-membership-service-0] INFO  i.a.p.p.i.DefaultPartitionGroupMembershipService - Started
04:51:28.550 [atomix-partition-group-membership-service-0] INFO  i.a.p.p.i.HashBasedPrimaryElectionService - Started
04:51:28.550 [raft-client-system-partition-1-0] INFO  i.a.p.r.p.impl.RaftPartitionClient - Successfully started client for partition PartitionId{id=1, group=system}
04:51:28.550 [raft-client-system-partition-1-0] INFO  i.a.p.r.partition.RaftPartitionGroup - Started
04:51:28.551 [raft-client-system-partition-1-0] DEBUG i.a.p.r.proxy.impl.RaftProxyManager - RaftClient{system-partition-1} - Opening session; name: atomix-primary-elector, type: PrimaryElectorType{name=PRIMARY_ELECTOR}
04:51:28.551 [raft-client-system-partition-1-0] TRACE i.a.p.r.p.impl.RaftProxyConnection - RaftClient{system-partition-1} - Sending OpenSessionRequest{node=10, serviceName=atomix-primary-elector, serviceType=PRIMARY_ELECTOR, readConsistency=SEQUENTIAL, minTimeout=250, maxTimeout=30000} to 3
04:51:28.552 [raft-server-system-partition-1] TRACE i.a.protocols.raft.roles.LeaderRole - RaftServer{system-partition-1}{role=LEADER} - Received OpenSessionRequest{node=10, serviceName=atomix-primary-elector, serviceType=PRIMARY_ELECTOR, readConsistency=SEQUENTIAL, minTimeout=250, maxTimeout=30000}
04:51:28.553 [raft-server-system-partition-1] TRACE i.a.protocols.raft.roles.LeaderRole - RaftServer{system-partition-1}{role=LEADER} - Appended Indexed{index=53, entry=OpenSessionEntry{term=1, timestamp=2018-06-09 04:51:28,552, node=10, serviceName=atomix-primary-elector, serviceType=PRIMARY_ELECTOR, serviceConfig=byte[]{length=2, hash=2636}, readConsistency=SEQUENTIAL, minTimeout=250, maxTimeout=30000}}
04:51:28.553 [raft-server-system-partition-1] TRACE i.a.p.raft.roles.LeaderAppender - RaftServer{system-partition-1} - Sending AppendRequest{term=1, leader=3, prevLogIndex=52, prevLogTerm=1, entries=1, commitIndex=52} to 1
04:51:28.553 [raft-server-system-partition-1] TRACE i.a.p.raft.roles.LeaderAppender - RaftServer{system-partition-1} - Sending AppendRequest{term=1, leader=3, prevLogIndex=52, prevLogTerm=1, entries=1, commitIndex=52} to 2
04:51:28.553 [raft-server-system-partition-1] TRACE i.a.p.raft.roles.FollowerRole - RaftServer{system-partition-1}{role=FOLLOWER} - Received AppendRequest{term=1, leader=3, prevLogIndex=52, prevLogTerm=1, entries=1, commitIndex=52}
04:51:28.553 [raft-server-system-partition-1] TRACE i.a.p.raft.roles.FollowerRole - RaftServer{system-partition-1}{role=FOLLOWER} - Received AppendRequest{term=1, leader=3, prevLogIndex=52, prevLogTerm=1, entries=1, commitIndex=52}
04:51:28.553 [raft-server-system-partition-1] TRACE i.a.p.raft.roles.FollowerRole - RaftServer{system-partition-1}{role=FOLLOWER} - Appended Indexed{index=53, entry=OpenSessionEntry{term=1, timestamp=2018-06-09 04:51:28,552, node=10, serviceName=atomix-primary-elector, serviceType=PRIMARY_ELECTOR, serviceConfig=byte[]{length=2, hash=2636}, readConsistency=SEQUENTIAL, minTimeout=250, maxTimeout=30000}}
04:51:28.553 [raft-server-system-partition-1] TRACE i.a.p.raft.roles.FollowerRole - RaftServer{system-partition-1}{role=FOLLOWER} - Sending AppendResponse{status=OK, term=1, succeeded=true, lastLogIndex=53}
04:51:28.553 [raft-server-system-partition-1] TRACE i.a.p.raft.roles.FollowerRole - RaftServer{system-partition-1}{role=FOLLOWER} - Appended Indexed{index=53, entry=OpenSessionEntry{term=1, timestamp=2018-06-09 04:51:28,552, node=10, serviceName=atomix-primary-elector, serviceType=PRIMARY_ELECTOR, serviceConfig=byte[]{length=2, hash=2636}, readConsistency=SEQUENTIAL, minTimeout=250, maxTimeout=30000}}
04:51:28.553 [raft-server-system-partition-1] TRACE i.a.p.raft.roles.FollowerRole - RaftServer{system-partition-1}{role=FOLLOWER} - Sending AppendResponse{status=OK, term=1, succeeded=true, lastLogIndex=53}
04:51:28.553 [raft-server-system-partition-1] TRACE i.a.p.raft.roles.LeaderAppender - RaftServer{system-partition-1} - Received AppendResponse{status=OK, term=1, succeeded=true, lastLogIndex=53} from 1
04:51:28.553 [raft-server-system-partition-1] TRACE i.a.p.raft.roles.LeaderAppender - RaftServer{system-partition-1} - Committed entries up to 53
04:51:28.589 [raft-server-system-partition-1] TRACE i.a.p.raft.roles.LeaderAppender - RaftServer{system-partition-1} - Received AppendResponse{status=OK, term=1, succeeded=true, lastLogIndex=53} from 2
04:51:28.589 [raft-server-system-partition-1-state] TRACE i.a.p.raft.impl.RaftServiceManager - RaftServer{system-partition-1} - Applying Indexed{index=53, entry=OpenSessionEntry{term=1, timestamp=2018-06-09 04:51:28,552, node=10, serviceName=atomix-primary-elector, serviceType=PRIMARY_ELECTOR, serviceConfig=byte[]{length=2, hash=2636}, readConsistency=SEQUENTIAL, minTimeout=250, maxTimeout=30000}}
04:51:28.589 [raft-server-system-partition-1-state] DEBUG i.a.p.r.service.RaftServiceContext - PrimitiveService{2}{type=PrimaryElectorType{name=PRIMARY_ELECTOR}, name=atomix-primary-elector} - Opening session 53
04:51:28.589 [raft-server-system-partition-1-state] DEBUG i.a.p.raft.session.RaftSession - Session{53}{type=PrimaryElectorType{name=PRIMARY_ELECTOR}, name=atomix-primary-elector} - State changed: OPEN
04:51:28.589 [raft-server-system-partition-1-state] TRACE i.a.protocols.raft.roles.LeaderRole - RaftServer{system-partition-1}{role=LEADER} - Sending OpenSessionResponse{status=OK, session=53, timeout=30000}
04:51:28.590 [raft-client-system-partition-1-1] TRACE i.a.p.r.p.impl.RaftProxyConnection - RaftClient{system-partition-1} - Received OpenSessionResponse{status=OK, session=53, timeout=30000} from 3
04:51:28.590 [raft-client-system-partition-1-0] TRACE i.a.p.r.proxy.impl.RaftProxyManager - RaftClient{system-partition-1} - Keeping 1 sessions alive
04:51:28.590 [raft-client-system-partition-1-2] TRACE i.a.p.r.p.impl.RaftProxyConnection - RaftClient{system-partition-1} - Sending KeepAliveRequest{sessionIds=long[]{length=1, hash=84}, commandSequences=long[]{length=1, hash=31}, eventIndexes=long[]{length=1, hash=84}} to 3
04:51:28.591 [raft-client-system-partition-1-1] DEBUG i.a.p.r.proxy.impl.RaftProxyManager - RaftClient{system-partition-1} - Opening session; name: session-id, type: SessionIdGeneratorType{name=SESSION_ID_GENERATOR}
04:51:28.591 [raft-server-system-partition-1] TRACE i.a.protocols.raft.roles.LeaderRole - RaftServer{system-partition-1}{role=LEADER} - Received KeepAliveRequest{sessionIds=long[]{length=1, hash=84}, commandSequences=long[]{length=1, hash=31}, eventIndexes=long[]{length=1, hash=84}}
04:51:28.591 [raft-server-system-partition-1] TRACE i.a.protocols.raft.roles.LeaderRole - RaftServer{system-partition-1}{role=LEADER} - Appended Indexed{index=54, entry=KeepAliveEntry{term=1, timestamp=2018-06-09 04:51:28,591, sessionIds=long[]{length=1, hash=84}, commandSequences=long[]{length=1, hash=31}, eventIndexes=long[]{length=1, hash=84}}}
04:51:28.591 [raft-server-system-partition-1] TRACE i.a.p.raft.roles.LeaderAppender - RaftServer{system-partition-1} - Sending AppendRequest{term=1, leader=3, prevLogIndex=53, prevLogTerm=1, entries=1, commitIndex=53} to 1
04:51:28.592 [raft-server-system-partition-1] TRACE i.a.p.raft.roles.LeaderAppender - RaftServer{system-partition-1} - Sending AppendRequest{term=1, leader=3, prevLogIndex=53, prevLogTerm=1, entries=1, commitIndex=53} to 2
04:51:28.592 [raft-server-system-partition-1] TRACE i.a.p.raft.roles.FollowerRole - RaftServer{system-partition-1}{role=FOLLOWER} - Received AppendRequest{term=1, leader=3, prevLogIndex=53, prevLogTerm=1, entries=1, commitIndex=53}
04:51:28.592 [raft-server-system-partition-1] TRACE i.a.p.raft.roles.FollowerRole - RaftServer{system-partition-1}{role=FOLLOWER} - Received AppendRequest{term=1, leader=3, prevLogIndex=53, prevLogTerm=1, entries=1, commitIndex=53}
04:51:28.592 [raft-server-system-partition-1] TRACE i.a.p.raft.roles.FollowerRole - RaftServer{system-partition-1}{role=FOLLOWER} - Appended Indexed{index=54, entry=KeepAliveEntry{term=1, timestamp=2018-06-09 04:51:28,591, sessionIds=long[]{length=1, hash=84}, commandSequences=long[]{length=1, hash=31}, eventIndexes=long[]{length=1, hash=84}}}
04:51:28.592 [raft-server-system-partition-1] TRACE i.a.p.raft.roles.FollowerRole - RaftServer{system-partition-1}{role=FOLLOWER} - Appended Indexed{index=54, entry=KeepAliveEntry{term=1, timestamp=2018-06-09 04:51:28,591, sessionIds=long[]{length=1, hash=84}, commandSequences=long[]{length=1, hash=31}, eventIndexes=long[]{length=1, hash=84}}}
04:51:28.592 [raft-client-system-partition-1-4] TRACE i.a.p.r.p.impl.RaftProxyConnection - RaftClient{system-partition-1} - Sending OpenSessionRequest{node=10, serviceName=session-id, serviceType=SESSION_ID_GENERATOR, readConsistency=SEQUENTIAL, minTimeout=250, maxTimeout=30000} to 3
04:51:28.592 [raft-server-system-partition-1] TRACE i.a.protocols.raft.roles.LeaderRole - RaftServer{system-partition-1}{role=LEADER} - Received OpenSessionRequest{node=10, serviceName=session-id, serviceType=SESSION_ID_GENERATOR, readConsistency=SEQUENTIAL, minTimeout=250, maxTimeout=30000}
04:51:28.592 [raft-server-system-partition-1] TRACE i.a.protocols.raft.roles.LeaderRole - RaftServer{system-partition-1}{role=LEADER} - Appended Indexed{index=55, entry=OpenSessionEntry{term=1, timestamp=2018-06-09 04:51:28,592, node=10, serviceName=session-id, serviceType=SESSION_ID_GENERATOR, serviceConfig=byte[]{length=2, hash=2636}, readConsistency=SEQUENTIAL, minTimeout=250, maxTimeout=30000}}
04:51:28.635 [raft-server-system-partition-1] TRACE i.a.p.raft.roles.FollowerRole - RaftServer{system-partition-1}{role=FOLLOWER} - Committed entries up to index 53
04:51:28.635 [raft-server-system-partition-1] TRACE i.a.p.raft.roles.FollowerRole - RaftServer{system-partition-1}{role=FOLLOWER} - Sending AppendResponse{status=OK, term=1, succeeded=true, lastLogIndex=54}
04:51:28.635 [raft-server-system-partition-1-state] TRACE i.a.p.raft.impl.RaftServiceManager - RaftServer{system-partition-1} - Applying Indexed{index=53, entry=OpenSessionEntry{term=1, timestamp=2018-06-09 04:51:28,552, node=10, serviceName=atomix-primary-elector, serviceType=PRIMARY_ELECTOR, serviceConfig=byte[]{length=2, hash=2636}, readConsistency=SEQUENTIAL, minTimeout=250, maxTimeout=30000}}
04:51:28.635 [raft-server-system-partition-1-state] DEBUG i.a.p.r.service.RaftServiceContext - PrimitiveService{2}{type=PrimaryElectorType{name=PRIMARY_ELECTOR}, name=atomix-primary-elector} - Opening session 53
04:51:28.635 [raft-server-system-partition-1] TRACE i.a.p.raft.roles.LeaderAppender - RaftServer{system-partition-1} - Received AppendResponse{status=OK, term=1, succeeded=true, lastLogIndex=54} from 2
04:51:28.635 [raft-server-system-partition-1-state] DEBUG i.a.p.raft.session.RaftSession - Session{53}{type=PrimaryElectorType{name=PRIMARY_ELECTOR}, name=atomix-primary-elector} - State changed: OPEN
04:51:28.635 [raft-server-system-partition-1] TRACE i.a.p.raft.roles.LeaderAppender - RaftServer{system-partition-1} - Committed entries up to 54
04:51:28.657 [raft-server-raft-partition-3] TRACE i.a.p.raft.roles.LeaderAppender - RaftServer{raft-partition-3} - Sending AppendRequest{term=1, leader=2, prevLogIndex=1, prevLogTerm=1, entries=0, commitIndex=1} to 3
04:51:28.657 [raft-server-raft-partition-3] TRACE i.a.p.raft.roles.LeaderAppender - RaftServer{raft-partition-3} - Sending AppendRequest{term=1, leader=2, prevLogIndex=1, prevLogTerm=1, entries=0, commitIndex=1} to 1
04:51:28.657 [raft-server-raft-partition-3] TRACE i.a.p.raft.roles.FollowerRole - RaftServer{raft-partition-3}{role=FOLLOWER} - Received AppendRequest{term=1, leader=2, prevLogIndex=1, prevLogTerm=1, entries=0, commitIndex=1}
04:51:28.657 [raft-server-raft-partition-3] TRACE i.a.p.raft.roles.FollowerRole - RaftServer{raft-partition-3}{role=FOLLOWER} - Sending AppendResponse{status=OK, term=1, succeeded=true, lastLogIndex=1}
04:51:28.657 [raft-server-raft-partition-3] TRACE i.a.p.raft.roles.FollowerRole - RaftServer{raft-partition-3}{role=FOLLOWER} - Received AppendRequest{term=1, leader=2, prevLogIndex=1, prevLogTerm=1, entries=0, commitIndex=1}
04:51:28.657 [raft-server-raft-partition-3] TRACE i.a.p.raft.roles.FollowerRole - RaftServer{raft-partition-3}{role=FOLLOWER} - Sending AppendResponse{status=OK, term=1, succeeded=true, lastLogIndex=1}
04:51:28.657 [raft-server-raft-partition-3] TRACE i.a.p.raft.roles.LeaderAppender - RaftServer{raft-partition-3} - Received AppendResponse{status=OK, term=1, succeeded=true, lastLogIndex=1} from 3
04:51:28.657 [raft-server-raft-partition-3] TRACE i.a.p.raft.roles.LeaderAppender - RaftServer{raft-partition-3} - Sending AppendRequest{term=1, leader=2, prevLogIndex=1, prevLogTerm=1, entries=0, commitIndex=1} to 3
04:51:28.657 [raft-server-raft-partition-3] TRACE i.a.p.raft.roles.LeaderAppender - RaftServer{raft-partition-3} - Received AppendResponse{status=OK, term=1, succeeded=true, lastLogIndex=1} from 1
04:51:28.658 [raft-server-raft-partition-3] TRACE i.a.p.raft.roles.LeaderAppender - RaftServer{raft-partition-3} - Sending AppendRequest{term=1, leader=2, prevLogIndex=1, prevLogTerm=1, entries=0, commitIndex=1} to 1
04:51:28.658 [raft-server-raft-partition-3] TRACE i.a.p.raft.roles.FollowerRole - RaftServer{raft-partition-3}{role=FOLLOWER} - Received AppendRequest{term=1, leader=2, prevLogIndex=1, prevLogTerm=1, entries=0, commitIndex=1}
04:51:28.658 [raft-server-raft-partition-3] TRACE i.a.p.raft.roles.FollowerRole - RaftServer{raft-partition-3}{role=FOLLOWER} - Received AppendRequest{term=1, leader=2, prevLogIndex=1, prevLogTerm=1, entries=0, commitIndex=1}
04:51:28.658 [raft-server-raft-partition-3] TRACE i.a.p.raft.roles.FollowerRole - RaftServer{raft-partition-3}{role=FOLLOWER} - Sending AppendResponse{status=OK, term=1, succeeded=true, lastLogIndex=1}
04:51:28.658 [raft-server-raft-partition-3] TRACE i.a.p.raft.roles.FollowerRole - RaftServer{raft-partition-3}{role=FOLLOWER} - Sending AppendResponse{status=OK, term=1, succeeded=true, lastLogIndex=1}
04:51:28.658 [raft-server-raft-partition-3] TRACE i.a.p.raft.roles.LeaderAppender - RaftServer{raft-partition-3} - Received AppendResponse{status=OK, term=1, succeeded=true, lastLogIndex=1} from 3
04:51:28.658 [raft-server-raft-partition-3] TRACE i.a.p.raft.roles.LeaderAppender - RaftServer{raft-partition-3} - Sending AppendRequest{term=1, leader=2, prevLogIndex=1, prevLogTerm=1, entries=0, commitIndex=1} to 3
04:51:28.658 [raft-server-raft-partition-3] TRACE i.a.p.raft.roles.LeaderAppender - RaftServer{raft-partition-3} - Received AppendResponse{status=OK, term=1, succeeded=true, lastLogIndex=1} from 1
04:51:28.658 [raft-server-raft-partition-3] TRACE i.a.p.raft.roles.FollowerRole - RaftServer{raft-partition-3}{role=FOLLOWER} - Received AppendRequest{term=1, leader=2, prevLogIndex=1, prevLogTerm=1, entries=0, commitIndex=1}
04:51:28.658 [raft-server-raft-partition-3] TRACE i.a.p.raft.roles.FollowerRole - RaftServer{raft-partition-3}{role=FOLLOWER} - Sending AppendResponse{status=OK, term=1, succeeded=true, lastLogIndex=1}
04:51:28.658 [raft-server-raft-partition-3] TRACE i.a.p.raft.roles.LeaderAppender - RaftServer{raft-partition-3} - Received AppendResponse{status=OK, term=1, succeeded=true, lastLogIndex=1} from 3
04:51:28.672 [raft-server-system-partition-1] TRACE i.a.p.raft.roles.FollowerRole - RaftServer{system-partition-1}{role=FOLLOWER} - Committed entries up to index 53
04:51:28.672 [raft-server-system-partition-1] TRACE i.a.p.raft.roles.FollowerRole - RaftServer{system-partition-1}{role=FOLLOWER} - Sending AppendResponse{status=OK, term=1, succeeded=true, lastLogIndex=54}
04:51:28.672 [raft-server-system-partition-1-state] TRACE i.a.p.raft.impl.RaftServiceManager - RaftServer{system-partition-1} - Applying Indexed{index=53, entry=OpenSessionEntry{term=1, timestamp=2018-06-09 04:51:28,552, node=10, serviceName=atomix-primary-elector, serviceType=PRIMARY_ELECTOR, serviceConfig=byte[]{length=2, hash=2636}, readConsistency=SEQUENTIAL, minTimeout=250, maxTimeout=30000}}
04:51:28.672 [raft-server-system-partition-1-state] DEBUG i.a.p.r.service.RaftServiceContext - PrimitiveService{2}{type=PrimaryElectorType{name=PRIMARY_ELECTOR}, name=atomix-primary-elector} - Opening session 53
04:51:28.672 [raft-server-system-partition-1-state] DEBUG i.a.p.raft.session.RaftSession - Session{53}{type=PrimaryElectorType{name=PRIMARY_ELECTOR}, name=atomix-primary-elector} - State changed: OPEN
04:51:28.682 [raft-server-raft-partition-1] TRACE i.a.p.raft.roles.LeaderAppender - RaftServer{raft-partition-1} - Sending AppendRequest{term=1, leader=3, prevLogIndex=1, prevLogTerm=1, entries=0, commitIndex=1} to 1
04:51:28.682 [raft-server-raft-partition-1] TRACE i.a.p.raft.roles.LeaderAppender - RaftServer{raft-partition-1} - Sending AppendRequest{term=1, leader=3, prevLogIndex=1, prevLogTerm=1, entries=0, commitIndex=1} to 2
04:51:28.682 [raft-server-raft-partition-1] TRACE i.a.p.raft.roles.FollowerRole - RaftServer{raft-partition-1}{role=FOLLOWER} - Received AppendRequest{term=1, leader=3, prevLogIndex=1, prevLogTerm=1, entries=0, commitIndex=1}
04:51:28.682 [raft-server-raft-partition-1] TRACE i.a.p.raft.roles.FollowerRole - RaftServer{raft-partition-1}{role=FOLLOWER} - Received AppendRequest{term=1, leader=3, prevLogIndex=1, prevLogTerm=1, entries=0, commitIndex=1}
04:51:28.682 [raft-server-raft-partition-1] TRACE i.a.p.raft.roles.FollowerRole - RaftServer{raft-partition-1}{role=FOLLOWER} - Sending AppendResponse{status=OK, term=1, succeeded=true, lastLogIndex=1}
04:51:28.682 [raft-server-raft-partition-1] TRACE i.a.p.raft.roles.FollowerRole - RaftServer{raft-partition-1}{role=FOLLOWER} - Sending AppendResponse{status=OK, term=1, succeeded=true, lastLogIndex=1}
04:51:28.683 [raft-server-raft-partition-1] TRACE i.a.p.raft.roles.LeaderAppender - RaftServer{raft-partition-1} - Received AppendResponse{status=OK, term=1, succeeded=true, lastLogIndex=1} from 1
04:51:28.683 [raft-server-raft-partition-1] TRACE i.a.p.raft.roles.LeaderAppender - RaftServer{raft-partition-1} - Sending AppendRequest{term=1, leader=3, prevLogIndex=1, prevLogTerm=1, entries=0, commitIndex=1} to 1
04:51:28.683 [raft-server-raft-partition-1] TRACE i.a.p.raft.roles.LeaderAppender - RaftServer{raft-partition-1} - Received AppendResponse{status=OK, term=1, succeeded=true, lastLogIndex=1} from 2
04:51:28.683 [raft-server-raft-partition-1] TRACE i.a.p.raft.roles.LeaderAppender - RaftServer{raft-partition-1} - Sending AppendRequest{term=1, leader=3, prevLogIndex=1, prevLogTerm=1, entries=0, commitIndex=1} to 2
04:51:28.683 [raft-server-raft-partition-1] TRACE i.a.p.raft.roles.FollowerRole - RaftServer{raft-partition-1}{role=FOLLOWER} - Received AppendRequest{term=1, leader=3, prevLogIndex=1, prevLogTerm=1, entries=0, commitIndex=1}
04:51:28.683 [raft-server-raft-partition-1] TRACE i.a.p.raft.roles.FollowerRole - RaftServer{raft-partition-1}{role=FOLLOWER} - Sending AppendResponse{status=OK, term=1, succeeded=true, lastLogIndex=1}
04:51:28.683 [raft-server-raft-partition-1] TRACE i.a.p.raft.roles.FollowerRole - RaftServer{raft-partition-1}{role=FOLLOWER} - Received AppendRequest{term=1, leader=3, prevLogIndex=1, prevLogTerm=1, entries=0, commitIndex=1}
04:51:28.683 [raft-server-raft-partition-1] TRACE i.a.p.raft.roles.FollowerRole - RaftServer{raft-partition-1}{role=FOLLOWER} - Sending AppendResponse{status=OK, term=1, succeeded=true, lastLogIndex=1}
04:51:28.683 [raft-server-raft-partition-1] TRACE i.a.p.raft.roles.LeaderAppender - RaftServer{raft-partition-1} - Received AppendResponse{status=OK, term=1, succeeded=true, lastLogIndex=1} from 2
04:51:28.683 [raft-server-raft-partition-1] TRACE i.a.p.raft.roles.LeaderAppender - RaftServer{raft-partition-1} - Received AppendResponse{status=OK, term=1, succeeded=true, lastLogIndex=1} from 1
04:51:28.706 [raft-server-system-partition-1] TRACE i.a.p.raft.roles.LeaderAppender - RaftServer{system-partition-1} - Sending AppendRequest{term=1, leader=3, prevLogIndex=54, prevLogTerm=1, entries=1, commitIndex=54} to 2
04:51:28.706 [raft-server-system-partition-1] TRACE i.a.p.raft.roles.LeaderAppender - RaftServer{system-partition-1} - Received AppendResponse{status=OK, term=1, succeeded=true, lastLogIndex=54} from 1
04:51:28.706 [raft-server-system-partition-1] TRACE i.a.p.raft.roles.LeaderAppender - RaftServer{system-partition-1} - Sending AppendRequest{term=1, leader=3, prevLogIndex=54, prevLogTerm=1, entries=1, commitIndex=54} to 1
04:51:28.706 [raft-server-system-partition-1] TRACE i.a.p.raft.roles.FollowerRole - RaftServer{system-partition-1}{role=FOLLOWER} - Received AppendRequest{term=1, leader=3, prevLogIndex=54, prevLogTerm=1, entries=1, commitIndex=54}
04:51:28.706 [raft-server-system-partition-1-state] TRACE i.a.p.raft.impl.RaftServiceManager - RaftServer{system-partition-1} - Applying Indexed{index=54, entry=KeepAliveEntry{term=1, timestamp=2018-06-09 04:51:28,591, sessionIds=long[]{length=1, hash=84}, commandSequences=long[]{length=1, hash=31}, eventIndexes=long[]{length=1, hash=84}}}
04:51:28.706 [raft-server-system-partition-1] TRACE i.a.p.raft.roles.FollowerRole - RaftServer{system-partition-1}{role=FOLLOWER} - Received AppendRequest{term=1, leader=3, prevLogIndex=54, prevLogTerm=1, entries=1, commitIndex=54}
04:51:28.706 [raft-server-system-partition-1] TRACE i.a.p.raft.roles.FollowerRole - RaftServer{system-partition-1}{role=FOLLOWER} - Appended Indexed{index=55, entry=OpenSessionEntry{term=1, timestamp=2018-06-09 04:51:28,592, node=10, serviceName=session-id, serviceType=SESSION_ID_GENERATOR, serviceConfig=byte[]{length=2, hash=2636}, readConsistency=SEQUENTIAL, minTimeout=250, maxTimeout=30000}}
04:51:28.706 [raft-server-system-partition-1] TRACE i.a.p.raft.roles.FollowerRole - RaftServer{system-partition-1}{role=FOLLOWER} - Appended Indexed{index=55, entry=OpenSessionEntry{term=1, timestamp=2018-06-09 04:51:28,592, node=10, serviceName=session-id, serviceType=SESSION_ID_GENERATOR, serviceConfig=byte[]{length=2, hash=2636}, readConsistency=SEQUENTIAL, minTimeout=250, maxTimeout=30000}}
04:51:28.706 [raft-server-system-partition-1] TRACE i.a.protocols.raft.roles.LeaderRole - RaftServer{system-partition-1}{role=LEADER} - Sending KeepAliveResponse{status=OK, leader=3, members=[3, 1, 2], sessionIds=long[]{length=1, hash=84}}
04:51:28.707 [raft-client-system-partition-1-0] TRACE i.a.p.r.p.impl.RaftProxyConnection - RaftClient{system-partition-1} - Received KeepAliveResponse{status=OK, leader=3, members=[3, 1, 2], sessionIds=long[]{length=1, hash=84}} from 3
04:51:28.739 [raft-server-system-partition-1] TRACE i.a.p.raft.roles.FollowerRole - RaftServer{system-partition-1}{role=FOLLOWER} - Committed entries up to index 54
04:51:28.739 [raft-server-system-partition-1] TRACE i.a.p.raft.roles.FollowerRole - RaftServer{system-partition-1}{role=FOLLOWER} - Sending AppendResponse{status=OK, term=1, succeeded=true, lastLogIndex=55}
04:51:28.739 [raft-server-system-partition-1-state] TRACE i.a.p.raft.impl.RaftServiceManager - RaftServer{system-partition-1} - Applying Indexed{index=54, entry=KeepAliveEntry{term=1, timestamp=2018-06-09 04:51:28,591, sessionIds=long[]{length=1, hash=84}, commandSequences=long[]{length=1, hash=31}, eventIndexes=long[]{length=1, hash=84}}}
04:51:28.739 [raft-server-system-partition-1] TRACE i.a.p.raft.roles.LeaderAppender - RaftServer{system-partition-1} - Received AppendResponse{status=OK, term=1, succeeded=true, lastLogIndex=55} from 1
04:51:28.739 [raft-server-system-partition-1] TRACE i.a.p.raft.roles.LeaderAppender - RaftServer{system-partition-1} - Committed entries up to 55
04:51:28.768 [raft-server-system-partition-1] TRACE i.a.p.raft.roles.FollowerRole - RaftServer{system-partition-1}{role=FOLLOWER} - Committed entries up to index 54
04:51:28.768 [raft-server-system-partition-1] TRACE i.a.p.raft.roles.FollowerRole - RaftServer{system-partition-1}{role=FOLLOWER} - Sending AppendResponse{status=OK, term=1, succeeded=true, lastLogIndex=55}
04:51:28.768 [raft-server-system-partition-1-state] TRACE i.a.p.raft.impl.RaftServiceManager - RaftServer{system-partition-1} - Applying Indexed{index=54, entry=KeepAliveEntry{term=1, timestamp=2018-06-09 04:51:28,591, sessionIds=long[]{length=1, hash=84}, commandSequences=long[]{length=1, hash=31}, eventIndexes=long[]{length=1, hash=84}}}
04:51:28.791 [raft-server-raft-partition-2] TRACE i.a.p.raft.roles.LeaderAppender - RaftServer{raft-partition-2} - Sending AppendRequest{term=1, leader=1, prevLogIndex=9, prevLogTerm=1, entries=0, commitIndex=9} to 3
04:51:28.791 [raft-server-raft-partition-2] TRACE i.a.p.raft.roles.LeaderAppender - RaftServer{raft-partition-2} - Sending AppendRequest{term=1, leader=1, prevLogIndex=9, prevLogTerm=1, entries=0, commitIndex=9} to 2
04:51:28.791 [raft-server-raft-partition-2] TRACE i.a.p.raft.roles.FollowerRole - RaftServer{raft-partition-2}{role=FOLLOWER} - Received AppendRequest{term=1, leader=1, prevLogIndex=9, prevLogTerm=1, entries=0, commitIndex=9}
04:51:28.791 [raft-server-raft-partition-2] TRACE i.a.p.raft.roles.FollowerRole - RaftServer{raft-partition-2}{role=FOLLOWER} - Sending AppendResponse{status=OK, term=1, succeeded=true, lastLogIndex=9}
04:51:28.791 [raft-server-raft-partition-2] TRACE i.a.p.raft.roles.FollowerRole - RaftServer{raft-partition-2}{role=FOLLOWER} - Received AppendRequest{term=1, leader=1, prevLogIndex=9, prevLogTerm=1, entries=0, commitIndex=9}
04:51:28.791 [raft-server-raft-partition-2] TRACE i.a.p.raft.roles.FollowerRole - RaftServer{raft-partition-2}{role=FOLLOWER} - Sending AppendResponse{status=OK, term=1, succeeded=true, lastLogIndex=9}
04:51:28.791 [raft-server-raft-partition-2] TRACE i.a.p.raft.roles.LeaderAppender - RaftServer{raft-partition-2} - Received AppendResponse{status=OK, term=1, succeeded=true, lastLogIndex=9} from 3
04:51:28.791 [raft-server-raft-partition-2] TRACE i.a.p.raft.roles.LeaderAppender - RaftServer{raft-partition-2} - Sending AppendRequest{term=1, leader=1, prevLogIndex=9, prevLogTerm=1, entries=0, commitIndex=9} to 3
04:51:28.791 [raft-server-raft-partition-2] TRACE i.a.p.raft.roles.LeaderAppender - RaftServer{raft-partition-2} - Received AppendResponse{status=OK, term=1, succeeded=true, lastLogIndex=9} from 2
04:51:28.791 [raft-server-raft-partition-2] TRACE i.a.p.raft.roles.LeaderAppender - RaftServer{raft-partition-2} - Sending AppendRequest{term=1, leader=1, prevLogIndex=9, prevLogTerm=1, entries=0, commitIndex=9} to 2
04:51:28.791 [raft-server-raft-partition-2] TRACE i.a.p.raft.roles.FollowerRole - RaftServer{raft-partition-2}{role=FOLLOWER} - Received AppendRequest{term=1, leader=1, prevLogIndex=9, prevLogTerm=1, entries=0, commitIndex=9}
04:51:28.791 [raft-server-raft-partition-2] TRACE i.a.p.raft.roles.FollowerRole - RaftServer{raft-partition-2}{role=FOLLOWER} - Received AppendRequest{term=1, leader=1, prevLogIndex=9, prevLogTerm=1, entries=0, commitIndex=9}
04:51:28.791 [raft-server-raft-partition-2] TRACE i.a.p.raft.roles.FollowerRole - RaftServer{raft-partition-2}{role=FOLLOWER} - Sending AppendResponse{status=OK, term=1, succeeded=true, lastLogIndex=9}
04:51:28.791 [raft-server-raft-partition-2] TRACE i.a.p.raft.roles.FollowerRole - RaftServer{raft-partition-2}{role=FOLLOWER} - Sending AppendResponse{status=OK, term=1, succeeded=true, lastLogIndex=9}
04:51:28.792 [raft-server-raft-partition-2] TRACE i.a.p.raft.roles.LeaderAppender - RaftServer{raft-partition-2} - Received AppendResponse{status=OK, term=1, succeeded=true, lastLogIndex=9} from 2
04:51:28.792 [raft-server-raft-partition-2] TRACE i.a.p.raft.roles.LeaderAppender - RaftServer{raft-partition-2} - Sending AppendRequest{term=1, leader=1, prevLogIndex=9, prevLogTerm=1, entries=0, commitIndex=9} to 2
04:51:28.792 [raft-server-raft-partition-2] TRACE i.a.p.raft.roles.LeaderAppender - RaftServer{raft-partition-2} - Received AppendResponse{status=OK, term=1, succeeded=true, lastLogIndex=9} from 3
04:51:28.792 [raft-server-raft-partition-2] TRACE i.a.p.raft.roles.LeaderAppender - RaftServer{raft-partition-2} - Sending AppendRequest{term=1, leader=1, prevLogIndex=9, prevLogTerm=1, entries=0, commitIndex=9} to 3
04:51:28.792 [raft-server-raft-partition-2] TRACE i.a.p.raft.roles.FollowerRole - RaftServer{raft-partition-2}{role=FOLLOWER} - Received AppendRequest{term=1, leader=1, prevLogIndex=9, prevLogTerm=1, entries=0, commitIndex=9}
04:51:28.792 [raft-server-raft-partition-2] TRACE i.a.p.raft.roles.FollowerRole - RaftServer{raft-partition-2}{role=FOLLOWER} - Sending AppendResponse{status=OK, term=1, succeeded=true, lastLogIndex=9}
04:51:28.792 [raft-server-raft-partition-2] TRACE i.a.p.raft.roles.FollowerRole - RaftServer{raft-partition-2}{role=FOLLOWER} - Received AppendRequest{term=1, leader=1, prevLogIndex=9, prevLogTerm=1, entries=0, commitIndex=9}
04:51:28.792 [raft-server-raft-partition-2] TRACE i.a.p.raft.roles.FollowerRole - RaftServer{raft-partition-2}{role=FOLLOWER} - Sending AppendResponse{status=OK, term=1, succeeded=true, lastLogIndex=9}
04:51:28.792 [raft-server-raft-partition-2] TRACE i.a.p.raft.roles.LeaderAppender - RaftServer{raft-partition-2} - Received AppendResponse{status=OK, term=1, succeeded=true, lastLogIndex=9} from 2
04:51:28.792 [raft-server-raft-partition-2] TRACE i.a.p.raft.roles.LeaderAppender - RaftServer{raft-partition-2} - Received AppendResponse{status=OK, term=1, succeeded=true, lastLogIndex=9} from 3
04:51:28.797 [raft-server-system-partition-1] TRACE i.a.p.raft.roles.LeaderAppender - RaftServer{system-partition-1} - Sending AppendRequest{term=1, leader=3, prevLogIndex=55, prevLogTerm=1, entries=0, commitIndex=55} to 1
04:51:28.797 [raft-server-system-partition-1] TRACE i.a.p.raft.roles.LeaderAppender - RaftServer{system-partition-1} - Received AppendResponse{status=OK, term=1, succeeded=true, lastLogIndex=55} from 2
04:51:28.797 [raft-server-system-partition-1] TRACE i.a.p.raft.roles.LeaderAppender - RaftServer{system-partition-1} - Sending AppendRequest{term=1, leader=3, prevLogIndex=55, prevLogTerm=1, entries=0, commitIndex=55} to 2
04:51:28.797 [raft-server-system-partition-1-state] TRACE i.a.p.raft.impl.RaftServiceManager - RaftServer{system-partition-1} - Applying Indexed{index=55, entry=OpenSessionEntry{term=1, timestamp=2018-06-09 04:51:28,592, node=10, serviceName=session-id, serviceType=SESSION_ID_GENERATOR, serviceConfig=byte[]{length=2, hash=2636}, readConsistency=SEQUENTIAL, minTimeout=250, maxTimeout=30000}}
04:51:28.797 [raft-server-system-partition-1] TRACE i.a.p.raft.roles.FollowerRole - RaftServer{system-partition-1}{role=FOLLOWER} - Received AppendRequest{term=1, leader=3, prevLogIndex=55, prevLogTerm=1, entries=0, commitIndex=55}
04:51:28.797 [raft-server-system-partition-1] TRACE i.a.p.raft.roles.FollowerRole - RaftServer{system-partition-1}{role=FOLLOWER} - Received AppendRequest{term=1, leader=3, prevLogIndex=55, prevLogTerm=1, entries=0, commitIndex=55}
04:51:28.798 [raft-server-system-partition-1-state] DEBUG i.a.p.r.service.RaftServiceContext - PrimitiveService{4}{type=SessionIdGeneratorType{name=SESSION_ID_GENERATOR}, name=session-id} - Opening session 55
04:51:28.798 [raft-server-system-partition-1] TRACE i.a.p.raft.roles.FollowerRole - RaftServer{system-partition-1}{role=FOLLOWER} - Committed entries up to index 55
04:51:28.798 [raft-server-system-partition-1] TRACE i.a.p.raft.roles.FollowerRole - RaftServer{system-partition-1}{role=FOLLOWER} - Committed entries up to index 55
04:51:28.798 [raft-server-system-partition-1-state] DEBUG i.a.p.raft.session.RaftSession - Session{55}{type=SessionIdGeneratorType{name=SESSION_ID_GENERATOR}, name=session-id} - State changed: OPEN
04:51:28.798 [raft-server-system-partition-1] TRACE i.a.p.raft.roles.FollowerRole - RaftServer{system-partition-1}{role=FOLLOWER} - Sending AppendResponse{status=OK, term=1, succeeded=true, lastLogIndex=55}
04:51:28.798 [raft-server-system-partition-1] TRACE i.a.p.raft.roles.FollowerRole - RaftServer{system-partition-1}{role=FOLLOWER} - Sending AppendResponse{status=OK, term=1, succeeded=true, lastLogIndex=55}
04:51:28.798 [raft-server-system-partition-1-state] TRACE i.a.protocols.raft.roles.LeaderRole - RaftServer{system-partition-1}{role=LEADER} - Sending OpenSessionResponse{status=OK, session=55, timeout=30000}
04:51:28.798 [raft-server-system-partition-1-state] TRACE i.a.p.raft.impl.RaftServiceManager - RaftServer{system-partition-1} - Applying Indexed{index=55, entry=OpenSessionEntry{term=1, timestamp=2018-06-09 04:51:28,592, node=10, serviceName=session-id, serviceType=SESSION_ID_GENERATOR, serviceConfig=byte[]{length=2, hash=2636}, readConsistency=SEQUENTIAL, minTimeout=250, maxTimeout=30000}}
04:51:28.798 [raft-server-system-partition-1-state] TRACE i.a.p.raft.impl.RaftServiceManager - RaftServer{system-partition-1} - Applying Indexed{index=55, entry=OpenSessionEntry{term=1, timestamp=2018-06-09 04:51:28,592, node=10, serviceName=session-id, serviceType=SESSION_ID_GENERATOR, serviceConfig=byte[]{length=2, hash=2636}, readConsistency=SEQUENTIAL, minTimeout=250, maxTimeout=30000}}
04:51:28.798 [raft-server-system-partition-1-state] DEBUG i.a.p.r.service.RaftServiceContext - PrimitiveService{4}{type=SessionIdGeneratorType{name=SESSION_ID_GENERATOR}, name=session-id} - Opening session 55
04:51:28.798 [raft-server-system-partition-1-state] DEBUG i.a.p.r.service.RaftServiceContext - PrimitiveService{4}{type=SessionIdGeneratorType{name=SESSION_ID_GENERATOR}, name=session-id} - Opening session 55
04:51:28.798 [raft-server-system-partition-1] TRACE i.a.p.raft.roles.LeaderAppender - RaftServer{system-partition-1} - Received AppendResponse{status=OK, term=1, succeeded=true, lastLogIndex=55} from 2
04:51:28.798 [raft-server-system-partition-1-state] DEBUG i.a.p.raft.session.RaftSession - Session{55}{type=SessionIdGeneratorType{name=SESSION_ID_GENERATOR}, name=session-id} - State changed: OPEN
04:51:28.798 [raft-server-system-partition-1-state] DEBUG i.a.p.raft.session.RaftSession - Session{55}{type=SessionIdGeneratorType{name=SESSION_ID_GENERATOR}, name=session-id} - State changed: OPEN
04:51:28.798 [raft-client-system-partition-1-6] TRACE i.a.p.r.p.impl.RaftProxyConnection - RaftClient{system-partition-1} - Received OpenSessionResponse{status=OK, session=55, timeout=30000} from 3
04:51:28.798 [raft-server-system-partition-1] TRACE i.a.p.raft.roles.LeaderAppender - RaftServer{system-partition-1} - Received AppendResponse{status=OK, term=1, succeeded=true, lastLogIndex=55} from 1
04:51:28.798 [raft-client-system-partition-1-6] TRACE i.a.p.r.proxy.impl.RaftProxyManager - RaftClient{system-partition-1} - Keeping 2 sessions alive
04:51:28.798 [raft-client-system-partition-1-4] TRACE i.a.p.r.p.impl.RaftProxyConnection - RaftClient{system-partition-1} - Sending KeepAliveRequest{sessionIds=long[]{length=2, hash=2659}, commandSequences=long[]{length=2, hash=961}, eventIndexes=long[]{length=2, hash=2659}} to 3
04:51:28.799 [raft-client-system-partition-1-4] INFO  i.a.p.b.p.i.PrimaryBackupPartitionClient - Successfully started client for PartitionId{id=1, group=data}
04:51:28.799 [raft-client-system-partition-1-4] INFO  i.a.p.b.p.i.PrimaryBackupPartitionClient - Successfully started client for PartitionId{id=3, group=data}
04:51:28.799 [raft-client-system-partition-1-4] INFO  i.a.p.b.p.i.PrimaryBackupPartitionClient - Successfully started client for PartitionId{id=2, group=data}
04:51:28.799 [raft-client-system-partition-1-4] INFO  i.a.p.b.p.i.PrimaryBackupPartitionClient - Successfully started client for PartitionId{id=5, group=data}
04:51:28.799 [raft-client-system-partition-1-4] INFO  i.a.p.b.p.i.PrimaryBackupPartitionClient - Successfully started client for PartitionId{id=4, group=data}
04:51:28.799 [raft-client-system-partition-1-4] INFO  i.a.p.b.p.i.PrimaryBackupPartitionClient - Successfully started client for PartitionId{id=7, group=data}
04:51:28.799 [raft-client-system-partition-1-4] INFO  i.a.p.b.p.i.PrimaryBackupPartitionClient - Successfully started client for PartitionId{id=6, group=data}
04:51:28.799 [raft-client-system-partition-1-4] INFO  i.a.p.b.p.PrimaryBackupPartitionGroup - Started
04:51:28.799 [raft-server-system-partition-1] TRACE i.a.protocols.raft.roles.LeaderRole - RaftServer{system-partition-1}{role=LEADER} - Received KeepAliveRequest{sessionIds=long[]{length=2, hash=2659}, commandSequences=long[]{length=2, hash=961}, eventIndexes=long[]{length=2, hash=2659}}
04:51:28.799 [raft-server-system-partition-1] TRACE i.a.protocols.raft.roles.LeaderRole - RaftServer{system-partition-1}{role=LEADER} - Appended Indexed{index=56, entry=KeepAliveEntry{term=1, timestamp=2018-06-09 04:51:28,799, sessionIds=long[]{length=2, hash=2659}, commandSequences=long[]{length=2, hash=961}, eventIndexes=long[]{length=2, hash=2659}}}
04:51:28.799 [raft-client-raft-partition-1-0] INFO  i.a.p.r.p.impl.RaftPartitionClient - Successfully started client for partition PartitionId{id=1, group=raft}
04:51:28.800 [raft-server-system-partition-1] TRACE i.a.p.raft.roles.LeaderAppender - RaftServer{system-partition-1} - Sending AppendRequest{term=1, leader=3, prevLogIndex=55, prevLogTerm=1, entries=1, commitIndex=55} to 1
04:51:28.800 [raft-server-system-partition-1] TRACE i.a.p.raft.roles.LeaderAppender - RaftServer{system-partition-1} - Sending AppendRequest{term=1, leader=3, prevLogIndex=55, prevLogTerm=1, entries=1, commitIndex=55} to 2
04:51:28.800 [raft-server-system-partition-1] TRACE i.a.p.raft.roles.FollowerRole - RaftServer{system-partition-1}{role=FOLLOWER} - Received AppendRequest{term=1, leader=3, prevLogIndex=55, prevLogTerm=1, entries=1, commitIndex=55}
04:51:28.800 [raft-server-system-partition-1] TRACE i.a.p.raft.roles.FollowerRole - RaftServer{system-partition-1}{role=FOLLOWER} - Received AppendRequest{term=1, leader=3, prevLogIndex=55, prevLogTerm=1, entries=1, commitIndex=55}
04:51:28.800 [raft-server-system-partition-1] TRACE i.a.p.raft.roles.FollowerRole - RaftServer{system-partition-1}{role=FOLLOWER} - Appended Indexed{index=56, entry=KeepAliveEntry{term=1, timestamp=2018-06-09 04:51:28,799, sessionIds=long[]{length=2, hash=2659}, commandSequences=long[]{length=2, hash=961}, eventIndexes=long[]{length=2, hash=2659}}}
04:51:28.800 [raft-server-system-partition-1] TRACE i.a.p.raft.roles.FollowerRole - RaftServer{system-partition-1}{role=FOLLOWER} - Appended Indexed{index=56, entry=KeepAliveEntry{term=1, timestamp=2018-06-09 04:51:28,799, sessionIds=long[]{length=2, hash=2659}, commandSequences=long[]{length=2, hash=961}, eventIndexes=long[]{length=2, hash=2659}}}
04:51:28.800 [raft-server-system-partition-1] TRACE i.a.p.raft.roles.FollowerRole - RaftServer{system-partition-1}{role=FOLLOWER} - Sending AppendResponse{status=OK, term=1, succeeded=true, lastLogIndex=56}
04:51:28.800 [raft-client-raft-partition-2-0] INFO  i.a.p.r.p.impl.RaftPartitionClient - Successfully started client for partition PartitionId{id=2, group=raft}
04:51:28.800 [raft-server-system-partition-1] TRACE i.a.p.raft.roles.FollowerRole - RaftServer{system-partition-1}{role=FOLLOWER} - Sending AppendResponse{status=OK, term=1, succeeded=true, lastLogIndex=56}
04:51:28.800 [raft-server-system-partition-1] TRACE i.a.p.raft.roles.LeaderAppender - RaftServer{system-partition-1} - Received AppendResponse{status=OK, term=1, succeeded=true, lastLogIndex=56} from 1
04:51:28.800 [raft-server-system-partition-1] TRACE i.a.p.raft.roles.LeaderAppender - RaftServer{system-partition-1} - Committed entries up to 56
04:51:28.800 [raft-client-raft-partition-3-0] INFO  i.a.p.r.p.impl.RaftPartitionClient - Successfully started client for partition PartitionId{id=3, group=raft}
04:51:28.800 [raft-client-raft-partition-3-0] INFO  i.a.p.r.partition.RaftPartitionGroup - Started
04:51:28.800 [raft-client-raft-partition-3-0] INFO  i.a.p.p.impl.DefaultPartitionService - Started
04:51:28.802 [atomix-0] DEBUG i.a.p.r.proxy.impl.RaftProxyManager - RaftClient{system-partition-1} - Opening session; name: primitives, type: ConsistentMapType{name=consistent-map}
04:51:28.803 [raft-client-system-partition-1-5] TRACE i.a.p.r.p.impl.RaftProxyConnection - RaftClient{system-partition-1} - Sending OpenSessionRequest{node=10, serviceName=primitives, serviceType=consistent-map, readConsistency=SEQUENTIAL, minTimeout=250, maxTimeout=30000} to 3
04:51:28.835 [raft-server-system-partition-1] TRACE i.a.p.raft.roles.LeaderAppender - RaftServer{system-partition-1} - Received AppendResponse{status=OK, term=1, succeeded=true, lastLogIndex=56} from 2
04:51:28.835 [raft-server-system-partition-1] TRACE i.a.protocols.raft.roles.LeaderRole - RaftServer{system-partition-1}{role=LEADER} - Received OpenSessionRequest{node=10, serviceName=primitives, serviceType=consistent-map, readConsistency=SEQUENTIAL, minTimeout=250, maxTimeout=30000}
04:51:28.835 [raft-server-system-partition-1] TRACE i.a.protocols.raft.roles.LeaderRole - RaftServer{system-partition-1}{role=LEADER} - Appended Indexed{index=57, entry=OpenSessionEntry{term=1, timestamp=2018-06-09 04:51:28,835, node=10, serviceName=primitives, serviceType=consistent-map, serviceConfig=byte[]{length=2, hash=2636}, readConsistency=SEQUENTIAL, minTimeout=250, maxTimeout=30000}}
04:51:28.835 [raft-server-system-partition-1] TRACE i.a.p.raft.roles.LeaderAppender - RaftServer{system-partition-1} - Sending AppendRequest{term=1, leader=3, prevLogIndex=56, prevLogTerm=1, entries=1, commitIndex=56} to 1
04:51:28.835 [raft-server-system-partition-1-state] TRACE i.a.p.raft.impl.RaftServiceManager - RaftServer{system-partition-1} - Applying Indexed{index=56, entry=KeepAliveEntry{term=1, timestamp=2018-06-09 04:51:28,799, sessionIds=long[]{length=2, hash=2659}, commandSequences=long[]{length=2, hash=961}, eventIndexes=long[]{length=2, hash=2659}}}
04:51:28.835 [raft-server-system-partition-1] TRACE i.a.p.raft.roles.LeaderAppender - RaftServer{system-partition-1} - Sending AppendRequest{term=1, leader=3, prevLogIndex=56, prevLogTerm=1, entries=1, commitIndex=56} to 2
04:51:28.836 [raft-server-system-partition-1] TRACE i.a.p.raft.roles.FollowerRole - RaftServer{system-partition-1}{role=FOLLOWER} - Received AppendRequest{term=1, leader=3, prevLogIndex=56, prevLogTerm=1, entries=1, commitIndex=56}
04:51:28.836 [raft-server-system-partition-1] TRACE i.a.p.raft.roles.FollowerRole - RaftServer{system-partition-1}{role=FOLLOWER} - Appended Indexed{index=57, entry=OpenSessionEntry{term=1, timestamp=2018-06-09 04:51:28,835, node=10, serviceName=primitives, serviceType=consistent-map, serviceConfig=byte[]{length=2, hash=2636}, readConsistency=SEQUENTIAL, minTimeout=250, maxTimeout=30000}}
04:51:28.836 [raft-server-system-partition-1] TRACE i.a.p.raft.roles.FollowerRole - RaftServer{system-partition-1}{role=FOLLOWER} - Received AppendRequest{term=1, leader=3, prevLogIndex=56, prevLogTerm=1, entries=1, commitIndex=56}
04:51:28.836 [raft-server-system-partition-1] TRACE i.a.protocols.raft.roles.LeaderRole - RaftServer{system-partition-1}{role=LEADER} - Sending KeepAliveResponse{status=OK, leader=3, members=[3, 1, 2], sessionIds=long[]{length=2, hash=2659}}
04:51:28.836 [raft-server-system-partition-1] TRACE i.a.p.raft.roles.FollowerRole - RaftServer{system-partition-1}{role=FOLLOWER} - Appended Indexed{index=57, entry=OpenSessionEntry{term=1, timestamp=2018-06-09 04:51:28,835, node=10, serviceName=primitives, serviceType=consistent-map, serviceConfig=byte[]{length=2, hash=2636}, readConsistency=SEQUENTIAL, minTimeout=250, maxTimeout=30000}}
04:51:28.836 [raft-client-system-partition-1-7] TRACE i.a.p.r.p.impl.RaftProxyConnection - RaftClient{system-partition-1} - Received KeepAliveResponse{status=OK, leader=3, members=[3, 1, 2], sessionIds=long[]{length=2, hash=2659}} from 3
04:51:28.872 [raft-server-system-partition-1] TRACE i.a.p.raft.roles.FollowerRole - RaftServer{system-partition-1}{role=FOLLOWER} - Committed entries up to index 56
04:51:28.872 [raft-server-system-partition-1] TRACE i.a.p.raft.roles.FollowerRole - RaftServer{system-partition-1}{role=FOLLOWER} - Sending AppendResponse{status=OK, term=1, succeeded=true, lastLogIndex=57}
04:51:28.872 [raft-server-system-partition-1-state] TRACE i.a.p.raft.impl.RaftServiceManager - RaftServer{system-partition-1} - Applying Indexed{index=56, entry=KeepAliveEntry{term=1, timestamp=2018-06-09 04:51:28,799, sessionIds=long[]{length=2, hash=2659}, commandSequences=long[]{length=2, hash=961}, eventIndexes=long[]{length=2, hash=2659}}}
04:51:28.872 [raft-server-system-partition-1] TRACE i.a.p.raft.roles.LeaderAppender - RaftServer{system-partition-1} - Received AppendResponse{status=OK, term=1, succeeded=true, lastLogIndex=57} from 1
04:51:28.872 [raft-server-system-partition-1] TRACE i.a.p.raft.roles.LeaderAppender - RaftServer{system-partition-1} - Committed entries up to 57
04:51:28.897 [raft-server-system-partition-1] TRACE i.a.p.raft.roles.FollowerRole - RaftServer{system-partition-1}{role=FOLLOWER} - Committed entries up to index 56
04:51:28.897 [raft-server-system-partition-1] TRACE i.a.p.raft.roles.FollowerRole - RaftServer{system-partition-1}{role=FOLLOWER} - Sending AppendResponse{status=OK, term=1, succeeded=true, lastLogIndex=57}
04:51:28.897 [raft-server-system-partition-1-state] TRACE i.a.p.raft.impl.RaftServiceManager - RaftServer{system-partition-1} - Applying Indexed{index=56, entry=KeepAliveEntry{term=1, timestamp=2018-06-09 04:51:28,799, sessionIds=long[]{length=2, hash=2659}, commandSequences=long[]{length=2, hash=961}, eventIndexes=long[]{length=2, hash=2659}}}
04:51:28.907 [raft-server-raft-partition-3] TRACE i.a.p.raft.roles.LeaderAppender - RaftServer{raft-partition-3} - Sending AppendRequest{term=1, leader=2, prevLogIndex=1, prevLogTerm=1, entries=0, commitIndex=1} to 3
04:51:28.907 [raft-server-raft-partition-3] TRACE i.a.p.raft.roles.LeaderAppender - RaftServer{raft-partition-3} - Sending AppendRequest{term=1, leader=2, prevLogIndex=1, prevLogTerm=1, entries=0, commitIndex=1} to 1
04:51:28.907 [raft-server-raft-partition-3] TRACE i.a.p.raft.roles.FollowerRole - RaftServer{raft-partition-3}{role=FOLLOWER} - Received AppendRequest{term=1, leader=2, prevLogIndex=1, prevLogTerm=1, entries=0, commitIndex=1}
04:51:28.907 [raft-server-raft-partition-3] TRACE i.a.p.raft.roles.FollowerRole - RaftServer{raft-partition-3}{role=FOLLOWER} - Sending AppendResponse{status=OK, term=1, succeeded=true, lastLogIndex=1}
04:51:28.907 [raft-server-raft-partition-3] TRACE i.a.p.raft.roles.FollowerRole - RaftServer{raft-partition-3}{role=FOLLOWER} - Received AppendRequest{term=1, leader=2, prevLogIndex=1, prevLogTerm=1, entries=0, commitIndex=1}
04:51:28.907 [raft-server-raft-partition-3] TRACE i.a.p.raft.roles.FollowerRole - RaftServer{raft-partition-3}{role=FOLLOWER} - Sending AppendResponse{status=OK, term=1, succeeded=true, lastLogIndex=1}
04:51:28.908 [raft-server-raft-partition-3] TRACE i.a.p.raft.roles.LeaderAppender - RaftServer{raft-partition-3} - Received AppendResponse{status=OK, term=1, succeeded=true, lastLogIndex=1} from 3
04:51:28.908 [raft-server-raft-partition-3] TRACE i.a.p.raft.roles.LeaderAppender - RaftServer{raft-partition-3} - Sending AppendRequest{term=1, leader=2, prevLogIndex=1, prevLogTerm=1, entries=0, commitIndex=1} to 3
04:51:28.908 [raft-server-raft-partition-3] TRACE i.a.p.raft.roles.LeaderAppender - RaftServer{raft-partition-3} - Received AppendResponse{status=OK, term=1, succeeded=true, lastLogIndex=1} from 1
04:51:28.908 [raft-server-raft-partition-3] TRACE i.a.p.raft.roles.LeaderAppender - RaftServer{raft-partition-3} - Sending AppendRequest{term=1, leader=2, prevLogIndex=1, prevLogTerm=1, entries=0, commitIndex=1} to 1
04:51:28.908 [raft-server-raft-partition-3] TRACE i.a.p.raft.roles.FollowerRole - RaftServer{raft-partition-3}{role=FOLLOWER} - Received AppendRequest{term=1, leader=2, prevLogIndex=1, prevLogTerm=1, entries=0, commitIndex=1}
04:51:28.908 [raft-server-raft-partition-3] TRACE i.a.p.raft.roles.FollowerRole - RaftServer{raft-partition-3}{role=FOLLOWER} - Sending AppendResponse{status=OK, term=1, succeeded=true, lastLogIndex=1}
04:51:28.908 [raft-server-raft-partition-3] TRACE i.a.p.raft.roles.FollowerRole - RaftServer{raft-partition-3}{role=FOLLOWER} - Received AppendRequest{term=1, leader=2, prevLogIndex=1, prevLogTerm=1, entries=0, commitIndex=1}
04:51:28.908 [raft-server-raft-partition-3] TRACE i.a.p.raft.roles.FollowerRole - RaftServer{raft-partition-3}{role=FOLLOWER} - Sending AppendResponse{status=OK, term=1, succeeded=true, lastLogIndex=1}
04:51:28.908 [raft-server-raft-partition-3] TRACE i.a.p.raft.roles.LeaderAppender - RaftServer{raft-partition-3} - Received AppendResponse{status=OK, term=1, succeeded=true, lastLogIndex=1} from 3
04:51:28.908 [raft-server-raft-partition-3] TRACE i.a.p.raft.roles.LeaderAppender - RaftServer{raft-partition-3} - Received AppendResponse{status=OK, term=1, succeeded=true, lastLogIndex=1} from 1
04:51:28.922 [raft-server-system-partition-1] TRACE i.a.p.raft.roles.LeaderAppender - RaftServer{system-partition-1} - Received AppendResponse{status=OK, term=1, succeeded=true, lastLogIndex=57} from 2
04:51:28.922 [raft-server-system-partition-1-state] TRACE i.a.p.raft.impl.RaftServiceManager - RaftServer{system-partition-1} - Applying Indexed{index=57, entry=OpenSessionEntry{term=1, timestamp=2018-06-09 04:51:28,835, node=10, serviceName=primitives, serviceType=consistent-map, serviceConfig=byte[]{length=2, hash=2636}, readConsistency=SEQUENTIAL, minTimeout=250, maxTimeout=30000}}
04:51:28.922 [raft-server-system-partition-1-state] DEBUG i.a.p.r.service.RaftServiceContext - PrimitiveService{35}{type=ConsistentMapType{name=consistent-map}, name=primitives} - Opening session 57
04:51:28.922 [raft-server-system-partition-1-state] DEBUG i.a.p.raft.session.RaftSession - Session{57}{type=ConsistentMapType{name=consistent-map}, name=primitives} - State changed: OPEN
04:51:28.923 [raft-server-system-partition-1-state] TRACE i.a.protocols.raft.roles.LeaderRole - RaftServer{system-partition-1}{role=LEADER} - Sending OpenSessionResponse{status=OK, session=57, timeout=30000}
04:51:28.923 [raft-client-system-partition-1-6] TRACE i.a.p.r.p.impl.RaftProxyConnection - RaftClient{system-partition-1} - Received OpenSessionResponse{status=OK, session=57, timeout=30000} from 3
04:51:28.923 [raft-client-system-partition-1-6] TRACE i.a.p.r.proxy.impl.RaftProxyManager - RaftClient{system-partition-1} - Keeping 3 sessions alive
04:51:28.923 [raft-client-system-partition-1-6] TRACE i.a.p.r.p.impl.RaftProxyConnection - RaftClient{system-partition-1} - Sending KeepAliveRequest{sessionIds=long[]{length=3, hash=82486}, commandSequences=long[]{length=3, hash=29791}, eventIndexes=long[]{length=3, hash=82486}} to 3
04:51:28.923 [raft-server-system-partition-1] TRACE i.a.protocols.raft.roles.LeaderRole - RaftServer{system-partition-1}{role=LEADER} - Received KeepAliveRequest{sessionIds=long[]{length=3, hash=82486}, commandSequences=long[]{length=3, hash=29791}, eventIndexes=long[]{length=3, hash=82486}}
04:51:28.923 [raft-server-system-partition-1] TRACE i.a.protocols.raft.roles.LeaderRole - RaftServer{system-partition-1}{role=LEADER} - Appended Indexed{index=58, entry=KeepAliveEntry{term=1, timestamp=2018-06-09 04:51:28,923, sessionIds=long[]{length=3, hash=82486}, commandSequences=long[]{length=3, hash=29791}, eventIndexes=long[]{length=3, hash=82486}}}
04:51:28.923 [raft-server-system-partition-1] TRACE i.a.p.raft.roles.LeaderAppender - RaftServer{system-partition-1} - Sending AppendRequest{term=1, leader=3, prevLogIndex=57, prevLogTerm=1, entries=1, commitIndex=57} to 1
04:51:28.923 [raft-server-system-partition-1] TRACE i.a.p.raft.roles.LeaderAppender - RaftServer{system-partition-1} - Sending AppendRequest{term=1, leader=3, prevLogIndex=57, prevLogTerm=1, entries=1, commitIndex=57} to 2
04:51:28.924 [raft-server-system-partition-1] TRACE i.a.p.raft.roles.FollowerRole - RaftServer{system-partition-1}{role=FOLLOWER} - Received AppendRequest{term=1, leader=3, prevLogIndex=57, prevLogTerm=1, entries=1, commitIndex=57}
04:51:28.924 [raft-server-system-partition-1] TRACE i.a.p.raft.roles.FollowerRole - RaftServer{system-partition-1}{role=FOLLOWER} - Appended Indexed{index=58, entry=KeepAliveEntry{term=1, timestamp=2018-06-09 04:51:28,923, sessionIds=long[]{length=3, hash=82486}, commandSequences=long[]{length=3, hash=29791}, eventIndexes=long[]{length=3, hash=82486}}}
04:51:28.924 [raft-server-system-partition-1] TRACE i.a.p.raft.roles.FollowerRole - RaftServer{system-partition-1}{role=FOLLOWER} - Received AppendRequest{term=1, leader=3, prevLogIndex=57, prevLogTerm=1, entries=1, commitIndex=57}
04:51:28.924 [raft-server-system-partition-1] TRACE i.a.p.raft.roles.FollowerRole - RaftServer{system-partition-1}{role=FOLLOWER} - Appended Indexed{index=58, entry=KeepAliveEntry{term=1, timestamp=2018-06-09 04:51:28,923, sessionIds=long[]{length=3, hash=82486}, commandSequences=long[]{length=3, hash=29791}, eventIndexes=long[]{length=3, hash=82486}}}
04:51:28.925 [raft-client-system-partition-1-6] TRACE i.a.p.r.p.impl.RaftProxyConnection - SessionClient{57}{type=ConsistentMapType{name=consistent-map}, name=primitives} - Sending CommandRequest{session=57, sequence=1, operation=PrimitiveOperation{id=DefaultOperationId{id=putIfAbsentWithTtl, type=COMMAND}, value=byte[]{length=45, hash=-655357269}}} to 3
04:51:28.925 [raft-server-system-partition-1] TRACE i.a.protocols.raft.roles.LeaderRole - RaftServer{system-partition-1}{role=LEADER} - Received CommandRequest{session=57, sequence=1, operation=PrimitiveOperation{id=DefaultOperationId{id=putIfAbsentWithTtl, type=COMMAND}, value=byte[]{length=45, hash=-655357269}}}
04:51:28.926 [raft-server-system-partition-1] TRACE i.a.protocols.raft.roles.LeaderRole - RaftServer{system-partition-1}{role=LEADER} - Appended Indexed{index=59, entry=CommandEntry{term=1, timestamp=2018-06-09 04:51:28,926, session=57, sequence=1, operation=PrimitiveOperation{id=DefaultOperationId{id=putIfAbsentWithTtl, type=COMMAND}, value=byte[]{length=45, hash=-655357269}}}}
04:51:28.932 [raft-server-raft-partition-1] TRACE i.a.p.raft.roles.LeaderAppender - RaftServer{raft-partition-1} - Sending AppendRequest{term=1, leader=3, prevLogIndex=1, prevLogTerm=1, entries=0, commitIndex=1} to 1
04:51:28.932 [raft-server-raft-partition-1] TRACE i.a.p.raft.roles.LeaderAppender - RaftServer{raft-partition-1} - Sending AppendRequest{term=1, leader=3, prevLogIndex=1, prevLogTerm=1, entries=0, commitIndex=1} to 2
04:51:28.932 [raft-server-raft-partition-1] TRACE i.a.p.raft.roles.FollowerRole - RaftServer{raft-partition-1}{role=FOLLOWER} - Received AppendRequest{term=1, leader=3, prevLogIndex=1, prevLogTerm=1, entries=0, commitIndex=1}
04:51:28.933 [raft-server-raft-partition-1] TRACE i.a.p.raft.roles.FollowerRole - RaftServer{raft-partition-1}{role=FOLLOWER} - Sending AppendResponse{status=OK, term=1, succeeded=true, lastLogIndex=1}
04:51:28.933 [raft-server-raft-partition-1] TRACE i.a.p.raft.roles.FollowerRole - RaftServer{raft-partition-1}{role=FOLLOWER} - Received AppendRequest{term=1, leader=3, prevLogIndex=1, prevLogTerm=1, entries=0, commitIndex=1}
04:51:28.933 [raft-server-raft-partition-1] TRACE i.a.p.raft.roles.FollowerRole - RaftServer{raft-partition-1}{role=FOLLOWER} - Sending AppendResponse{status=OK, term=1, succeeded=true, lastLogIndex=1}
04:51:28.933 [raft-server-raft-partition-1] TRACE i.a.p.raft.roles.LeaderAppender - RaftServer{raft-partition-1} - Received AppendResponse{status=OK, term=1, succeeded=true, lastLogIndex=1} from 1
04:51:28.933 [raft-server-raft-partition-1] TRACE i.a.p.raft.roles.LeaderAppender - RaftServer{raft-partition-1} - Sending AppendRequest{term=1, leader=3, prevLogIndex=1, prevLogTerm=1, entries=0, commitIndex=1} to 1
04:51:28.933 [raft-server-raft-partition-1] TRACE i.a.p.raft.roles.LeaderAppender - RaftServer{raft-partition-1} - Received AppendResponse{status=OK, term=1, succeeded=true, lastLogIndex=1} from 2
04:51:28.933 [raft-server-raft-partition-1] TRACE i.a.p.raft.roles.LeaderAppender - RaftServer{raft-partition-1} - Sending AppendRequest{term=1, leader=3, prevLogIndex=1, prevLogTerm=1, entries=0, commitIndex=1} to 2
04:51:28.933 [raft-server-raft-partition-1] TRACE i.a.p.raft.roles.FollowerRole - RaftServer{raft-partition-1}{role=FOLLOWER} - Received AppendRequest{term=1, leader=3, prevLogIndex=1, prevLogTerm=1, entries=0, commitIndex=1}
04:51:28.933 [raft-server-raft-partition-1] TRACE i.a.p.raft.roles.FollowerRole - RaftServer{raft-partition-1}{role=FOLLOWER} - Sending AppendResponse{status=OK, term=1, succeeded=true, lastLogIndex=1}
04:51:28.933 [raft-server-raft-partition-1] TRACE i.a.p.raft.roles.FollowerRole - RaftServer{raft-partition-1}{role=FOLLOWER} - Received AppendRequest{term=1, leader=3, prevLogIndex=1, prevLogTerm=1, entries=0, commitIndex=1}
04:51:28.933 [raft-server-raft-partition-1] TRACE i.a.p.raft.roles.FollowerRole - RaftServer{raft-partition-1}{role=FOLLOWER} - Sending AppendResponse{status=OK, term=1, succeeded=true, lastLogIndex=1}
04:51:28.933 [raft-server-raft-partition-1] TRACE i.a.p.raft.roles.LeaderAppender - RaftServer{raft-partition-1} - Received AppendResponse{status=OK, term=1, succeeded=true, lastLogIndex=1} from 1
04:51:28.933 [raft-server-raft-partition-1] TRACE i.a.p.raft.roles.LeaderAppender - RaftServer{raft-partition-1} - Received AppendResponse{status=OK, term=1, succeeded=true, lastLogIndex=1} from 2
04:51:28.951 [raft-server-system-partition-1] TRACE i.a.p.raft.roles.FollowerRole - RaftServer{system-partition-1}{role=FOLLOWER} - Committed entries up to index 57
04:51:28.952 [raft-server-system-partition-1] TRACE i.a.p.raft.roles.FollowerRole - RaftServer{system-partition-1}{role=FOLLOWER} - Sending AppendResponse{status=OK, term=1, succeeded=true, lastLogIndex=58}
04:51:28.952 [raft-server-system-partition-1-state] TRACE i.a.p.raft.impl.RaftServiceManager - RaftServer{system-partition-1} - Applying Indexed{index=57, entry=OpenSessionEntry{term=1, timestamp=2018-06-09 04:51:28,835, node=10, serviceName=primitives, serviceType=consistent-map, serviceConfig=byte[]{length=2, hash=2636}, readConsistency=SEQUENTIAL, minTimeout=250, maxTimeout=30000}}
04:51:28.952 [raft-server-system-partition-1] TRACE i.a.p.raft.roles.LeaderAppender - RaftServer{system-partition-1} - Received AppendResponse{status=OK, term=1, succeeded=true, lastLogIndex=58} from 1
04:51:28.952 [raft-server-system-partition-1-state] DEBUG i.a.p.r.service.RaftServiceContext - PrimitiveService{35}{type=ConsistentMapType{name=consistent-map}, name=primitives} - Opening session 57
04:51:28.952 [raft-server-system-partition-1] TRACE i.a.p.raft.roles.LeaderAppender - RaftServer{system-partition-1} - Committed entries up to 58
04:51:28.952 [raft-server-system-partition-1-state] DEBUG i.a.p.raft.session.RaftSession - Session{57}{type=ConsistentMapType{name=consistent-map}, name=primitives} - State changed: OPEN
04:51:28.993 [raft-server-system-partition-1] TRACE i.a.p.raft.roles.FollowerRole - RaftServer{system-partition-1}{role=FOLLOWER} - Committed entries up to index 57
04:51:28.993 [raft-server-system-partition-1] TRACE i.a.p.raft.roles.FollowerRole - RaftServer{system-partition-1}{role=FOLLOWER} - Sending AppendResponse{status=OK, term=1, succeeded=true, lastLogIndex=58}
04:51:28.993 [raft-server-system-partition-1-state] TRACE i.a.p.raft.impl.RaftServiceManager - RaftServer{system-partition-1} - Applying Indexed{index=57, entry=OpenSessionEntry{term=1, timestamp=2018-06-09 04:51:28,835, node=10, serviceName=primitives, serviceType=consistent-map, serviceConfig=byte[]{length=2, hash=2636}, readConsistency=SEQUENTIAL, minTimeout=250, maxTimeout=30000}}
04:51:28.993 [raft-server-system-partition-1-state] DEBUG i.a.p.r.service.RaftServiceContext - PrimitiveService{35}{type=ConsistentMapType{name=consistent-map}, name=primitives} - Opening session 57
04:51:28.994 [raft-server-system-partition-1-state] DEBUG i.a.p.raft.session.RaftSession - Session{57}{type=ConsistentMapType{name=consistent-map}, name=primitives} - State changed: OPEN
04:51:29.022 [raft-server-system-partition-1] TRACE i.a.p.raft.roles.LeaderAppender - RaftServer{system-partition-1} - Sending AppendRequest{term=1, leader=3, prevLogIndex=58, prevLogTerm=1, entries=1, commitIndex=58} to 1
04:51:29.022 [raft-server-system-partition-1] TRACE i.a.p.raft.roles.LeaderAppender - RaftServer{system-partition-1} - Sending AppendRequest{term=1, leader=3, prevLogIndex=58, prevLogTerm=1, entries=1, commitIndex=58} to 2
04:51:29.022 [raft-server-system-partition-1] TRACE i.a.p.raft.roles.LeaderAppender - RaftServer{system-partition-1} - Received AppendResponse{status=OK, term=1, succeeded=true, lastLogIndex=58} from 2
04:51:29.022 [raft-server-system-partition-1-state] TRACE i.a.p.raft.impl.RaftServiceManager - RaftServer{system-partition-1} - Applying Indexed{index=58, entry=KeepAliveEntry{term=1, timestamp=2018-06-09 04:51:28,923, sessionIds=long[]{length=3, hash=82486}, commandSequences=long[]{length=3, hash=29791}, eventIndexes=long[]{length=3, hash=82486}}}
04:51:29.023 [raft-server-system-partition-1] TRACE i.a.p.raft.roles.FollowerRole - RaftServer{system-partition-1}{role=FOLLOWER} - Received AppendRequest{term=1, leader=3, prevLogIndex=58, prevLogTerm=1, entries=1, commitIndex=58}
04:51:29.023 [raft-server-system-partition-1] TRACE i.a.p.raft.roles.FollowerRole - RaftServer{system-partition-1}{role=FOLLOWER} - Received AppendRequest{term=1, leader=3, prevLogIndex=58, prevLogTerm=1, entries=1, commitIndex=58}
04:51:29.023 [raft-server-system-partition-1] TRACE i.a.protocols.raft.roles.LeaderRole - RaftServer{system-partition-1}{role=LEADER} - Sending KeepAliveResponse{status=OK, leader=3, members=[3, 1, 2], sessionIds=long[]{length=3, hash=82486}}
04:51:29.023 [raft-server-system-partition-1] TRACE i.a.p.raft.roles.FollowerRole - RaftServer{system-partition-1}{role=FOLLOWER} - Appended Indexed{index=59, entry=CommandEntry{term=1, timestamp=2018-06-09 04:51:28,926, session=57, sequence=1, operation=PrimitiveOperation{id=DefaultOperationId{id=putIfAbsentWithTtl, type=COMMAND}, value=byte[]{length=45, hash=-655357269}}}}
04:51:29.023 [raft-server-system-partition-1] TRACE i.a.p.raft.roles.FollowerRole - RaftServer{system-partition-1}{role=FOLLOWER} - Appended Indexed{index=59, entry=CommandEntry{term=1, timestamp=2018-06-09 04:51:28,926, session=57, sequence=1, operation=PrimitiveOperation{id=DefaultOperationId{id=putIfAbsentWithTtl, type=COMMAND}, value=byte[]{length=45, hash=-655357269}}}}
04:51:29.023 [raft-client-system-partition-1-1] TRACE i.a.p.r.p.impl.RaftProxyConnection - RaftClient{system-partition-1} - Received KeepAliveResponse{status=OK, leader=3, members=[3, 1, 2], sessionIds=long[]{length=3, hash=82486}} from 3
04:51:29.041 [raft-server-raft-partition-2] TRACE i.a.p.raft.roles.LeaderAppender - RaftServer{raft-partition-2} - Sending AppendRequest{term=1, leader=1, prevLogIndex=9, prevLogTerm=1, entries=0, commitIndex=9} to 3
04:51:29.041 [raft-server-raft-partition-2] TRACE i.a.p.raft.roles.LeaderAppender - RaftServer{raft-partition-2} - Sending AppendRequest{term=1, leader=1, prevLogIndex=9, prevLogTerm=1, entries=0, commitIndex=9} to 2
04:51:29.041 [raft-server-raft-partition-2] TRACE i.a.p.raft.roles.FollowerRole - RaftServer{raft-partition-2}{role=FOLLOWER} - Received AppendRequest{term=1, leader=1, prevLogIndex=9, prevLogTerm=1, entries=0, commitIndex=9}
04:51:29.041 [raft-server-raft-partition-2] TRACE i.a.p.raft.roles.FollowerRole - RaftServer{raft-partition-2}{role=FOLLOWER} - Sending AppendResponse{status=OK, term=1, succeeded=true, lastLogIndex=9}
04:51:29.041 [raft-server-raft-partition-2] TRACE i.a.p.raft.roles.FollowerRole - RaftServer{raft-partition-2}{role=FOLLOWER} - Received AppendRequest{term=1, leader=1, prevLogIndex=9, prevLogTerm=1, entries=0, commitIndex=9}
04:51:29.041 [raft-server-raft-partition-2] TRACE i.a.p.raft.roles.FollowerRole - RaftServer{raft-partition-2}{role=FOLLOWER} - Sending AppendResponse{status=OK, term=1, succeeded=true, lastLogIndex=9}
04:51:29.041 [raft-server-raft-partition-2] TRACE i.a.p.raft.roles.LeaderAppender - RaftServer{raft-partition-2} - Received AppendResponse{status=OK, term=1, succeeded=true, lastLogIndex=9} from 3
04:51:29.041 [raft-server-raft-partition-2] TRACE i.a.p.raft.roles.LeaderAppender - RaftServer{raft-partition-2} - Sending AppendRequest{term=1, leader=1, prevLogIndex=9, prevLogTerm=1, entries=0, commitIndex=9} to 3
04:51:29.041 [raft-server-raft-partition-2] TRACE i.a.p.raft.roles.LeaderAppender - RaftServer{raft-partition-2} - Received AppendResponse{status=OK, term=1, succeeded=true, lastLogIndex=9} from 2
04:51:29.041 [raft-server-raft-partition-2] TRACE i.a.p.raft.roles.LeaderAppender - RaftServer{raft-partition-2} - Sending AppendRequest{term=1, leader=1, prevLogIndex=9, prevLogTerm=1, entries=0, commitIndex=9} to 2
04:51:29.041 [raft-server-raft-partition-2] TRACE i.a.p.raft.roles.FollowerRole - RaftServer{raft-partition-2}{role=FOLLOWER} - Received AppendRequest{term=1, leader=1, prevLogIndex=9, prevLogTerm=1, entries=0, commitIndex=9}
04:51:29.041 [raft-server-raft-partition-2] TRACE i.a.p.raft.roles.FollowerRole - RaftServer{raft-partition-2}{role=FOLLOWER} - Sending AppendResponse{status=OK, term=1, succeeded=true, lastLogIndex=9}
04:51:29.041 [raft-server-raft-partition-2] TRACE i.a.p.raft.roles.FollowerRole - RaftServer{raft-partition-2}{role=FOLLOWER} - Received AppendRequest{term=1, leader=1, prevLogIndex=9, prevLogTerm=1, entries=0, commitIndex=9}
04:51:29.042 [raft-server-raft-partition-2] TRACE i.a.p.raft.roles.FollowerRole - RaftServer{raft-partition-2}{role=FOLLOWER} - Sending AppendResponse{status=OK, term=1, succeeded=true, lastLogIndex=9}
04:51:29.042 [raft-server-raft-partition-2] TRACE i.a.p.raft.roles.LeaderAppender - RaftServer{raft-partition-2} - Received AppendResponse{status=OK, term=1, succeeded=true, lastLogIndex=9} from 3
04:51:29.042 [raft-server-raft-partition-2] TRACE i.a.p.raft.roles.LeaderAppender - RaftServer{raft-partition-2} - Sending AppendRequest{term=1, leader=1, prevLogIndex=9, prevLogTerm=1, entries=0, commitIndex=9} to 3
04:51:29.042 [raft-server-raft-partition-2] TRACE i.a.p.raft.roles.LeaderAppender - RaftServer{raft-partition-2} - Received AppendResponse{status=OK, term=1, succeeded=true, lastLogIndex=9} from 2
04:51:29.042 [raft-server-raft-partition-2] TRACE i.a.p.raft.roles.LeaderAppender - RaftServer{raft-partition-2} - Sending AppendRequest{term=1, leader=1, prevLogIndex=9, prevLogTerm=1, entries=0, commitIndex=9} to 2
04:51:29.042 [raft-server-raft-partition-2] TRACE i.a.p.raft.roles.FollowerRole - RaftServer{raft-partition-2}{role=FOLLOWER} - Received AppendRequest{term=1, leader=1, prevLogIndex=9, prevLogTerm=1, entries=0, commitIndex=9}
04:51:29.042 [raft-server-raft-partition-2] TRACE i.a.p.raft.roles.FollowerRole - RaftServer{raft-partition-2}{role=FOLLOWER} - Sending AppendResponse{status=OK, term=1, succeeded=true, lastLogIndex=9}
04:51:29.042 [raft-server-raft-partition-2] TRACE i.a.p.raft.roles.FollowerRole - RaftServer{raft-partition-2}{role=FOLLOWER} - Received AppendRequest{term=1, leader=1, prevLogIndex=9, prevLogTerm=1, entries=0, commitIndex=9}
04:51:29.042 [raft-server-raft-partition-2] TRACE i.a.p.raft.roles.FollowerRole - RaftServer{raft-partition-2}{role=FOLLOWER} - Sending AppendResponse{status=OK, term=1, succeeded=true, lastLogIndex=9}
04:51:29.042 [raft-server-raft-partition-2] TRACE i.a.p.raft.roles.LeaderAppender - RaftServer{raft-partition-2} - Received AppendResponse{status=OK, term=1, succeeded=true, lastLogIndex=9} from 3
04:51:29.042 [raft-server-raft-partition-2] TRACE i.a.p.raft.roles.LeaderAppender - RaftServer{raft-partition-2} - Received AppendResponse{status=OK, term=1, succeeded=true, lastLogIndex=9} from 2
04:51:29.060 [raft-server-system-partition-1] TRACE i.a.p.raft.roles.FollowerRole - RaftServer{system-partition-1}{role=FOLLOWER} - Committed entries up to index 58
04:51:29.060 [raft-server-system-partition-1] TRACE i.a.p.raft.roles.FollowerRole - RaftServer{system-partition-1}{role=FOLLOWER} - Committed entries up to index 58
04:51:29.060 [raft-server-system-partition-1] TRACE i.a.p.raft.roles.FollowerRole - RaftServer{system-partition-1}{role=FOLLOWER} - Sending AppendResponse{status=OK, term=1, succeeded=true, lastLogIndex=59}
04:51:29.060 [raft-server-system-partition-1] TRACE i.a.p.raft.roles.FollowerRole - RaftServer{system-partition-1}{role=FOLLOWER} - Sending AppendResponse{status=OK, term=1, succeeded=true, lastLogIndex=59}
04:51:29.060 [raft-server-system-partition-1-state] TRACE i.a.p.raft.impl.RaftServiceManager - RaftServer{system-partition-1} - Applying Indexed{index=58, entry=KeepAliveEntry{term=1, timestamp=2018-06-09 04:51:28,923, sessionIds=long[]{length=3, hash=82486}, commandSequences=long[]{length=3, hash=29791}, eventIndexes=long[]{length=3, hash=82486}}}
04:51:29.060 [raft-server-system-partition-1] TRACE i.a.p.raft.roles.LeaderAppender - RaftServer{system-partition-1} - Received AppendResponse{status=OK, term=1, succeeded=true, lastLogIndex=59} from 2
04:51:29.060 [raft-server-system-partition-1-state] TRACE i.a.p.raft.impl.RaftServiceManager - RaftServer{system-partition-1} - Applying Indexed{index=58, entry=KeepAliveEntry{term=1, timestamp=2018-06-09 04:51:28,923, sessionIds=long[]{length=3, hash=82486}, commandSequences=long[]{length=3, hash=29791}, eventIndexes=long[]{length=3, hash=82486}}}
04:51:29.060 [raft-server-system-partition-1] TRACE i.a.p.raft.roles.LeaderAppender - RaftServer{system-partition-1} - Committed entries up to 59
04:51:29.061 [raft-server-system-partition-1] TRACE i.a.p.raft.roles.LeaderAppender - RaftServer{system-partition-1} - Sending AppendRequest{term=1, leader=3, prevLogIndex=59, prevLogTerm=1, entries=0, commitIndex=59} to 2
04:51:29.061 [raft-server-system-partition-1] TRACE i.a.p.raft.roles.LeaderAppender - RaftServer{system-partition-1} - Received AppendResponse{status=OK, term=1, succeeded=true, lastLogIndex=59} from 1
04:51:29.061 [raft-server-system-partition-1] TRACE i.a.p.raft.roles.LeaderAppender - RaftServer{system-partition-1} - Sending AppendRequest{term=1, leader=3, prevLogIndex=59, prevLogTerm=1, entries=0, commitIndex=59} to 1
04:51:29.061 [raft-server-system-partition-1] TRACE i.a.p.raft.roles.FollowerRole - RaftServer{system-partition-1}{role=FOLLOWER} - Received AppendRequest{term=1, leader=3, prevLogIndex=59, prevLogTerm=1, entries=0, commitIndex=59}
04:51:29.061 [raft-server-system-partition-1] TRACE i.a.p.raft.roles.FollowerRole - RaftServer{system-partition-1}{role=FOLLOWER} - Committed entries up to index 59
04:51:29.061 [raft-server-system-partition-1] TRACE i.a.p.raft.roles.FollowerRole - RaftServer{system-partition-1}{role=FOLLOWER} - Sending AppendResponse{status=OK, term=1, succeeded=true, lastLogIndex=59}
04:51:29.061 [raft-server-system-partition-1-state] TRACE i.a.p.raft.impl.RaftServiceManager - RaftServer{system-partition-1} - Applying Indexed{index=59, entry=CommandEntry{term=1, timestamp=2018-06-09 04:51:28,926, session=57, sequence=1, operation=PrimitiveOperation{id=DefaultOperationId{id=putIfAbsentWithTtl, type=COMMAND}, value=byte[]{length=45, hash=-655357269}}}}
04:51:29.061 [raft-server-system-partition-1] TRACE i.a.p.raft.roles.FollowerRole - RaftServer{system-partition-1}{role=FOLLOWER} - Received AppendRequest{term=1, leader=3, prevLogIndex=59, prevLogTerm=1, entries=0, commitIndex=59}
04:51:29.061 [raft-server-system-partition-1-state] TRACE i.a.p.raft.impl.RaftServiceManager - RaftServer{system-partition-1} - Applying Indexed{index=59, entry=CommandEntry{term=1, timestamp=2018-06-09 04:51:28,926, session=57, sequence=1, operation=PrimitiveOperation{id=DefaultOperationId{id=putIfAbsentWithTtl, type=COMMAND}, value=byte[]{length=45, hash=-655357269}}}}
04:51:29.061 [raft-server-system-partition-1] TRACE i.a.p.raft.roles.FollowerRole - RaftServer{system-partition-1}{role=FOLLOWER} - Committed entries up to index 59
04:51:29.061 [raft-server-system-partition-1-state] TRACE i.a.protocols.raft.roles.LeaderRole - RaftServer{system-partition-1}{role=LEADER} - Sending CommandResponse{status=OK, index=59, eventIndex=57, result=byte[]{length=56, hash=2010430037}}
04:51:29.061 [raft-server-system-partition-1] TRACE i.a.p.raft.roles.FollowerRole - RaftServer{system-partition-1}{role=FOLLOWER} - Sending AppendResponse{status=OK, term=1, succeeded=true, lastLogIndex=59}
04:51:29.061 [raft-server-system-partition-1] TRACE i.a.p.raft.roles.LeaderAppender - RaftServer{system-partition-1} - Received AppendResponse{status=OK, term=1, succeeded=true, lastLogIndex=59} from 2
04:51:29.061 [raft-server-system-partition-1-state] TRACE i.a.p.raft.impl.RaftServiceManager - RaftServer{system-partition-1} - Applying Indexed{index=59, entry=CommandEntry{term=1, timestamp=2018-06-09 04:51:28,926, session=57, sequence=1, operation=PrimitiveOperation{id=DefaultOperationId{id=putIfAbsentWithTtl, type=COMMAND}, value=byte[]{length=45, hash=-655357269}}}}
04:51:29.062 [raft-server-system-partition-1] TRACE i.a.p.raft.roles.LeaderAppender - RaftServer{system-partition-1} - Received AppendResponse{status=OK, term=1, succeeded=true, lastLogIndex=59} from 1
04:51:29.062 [raft-client-system-partition-1-0] TRACE i.a.p.r.p.impl.RaftProxyConnection - SessionClient{57}{type=ConsistentMapType{name=consistent-map}, name=primitives} - Received CommandResponse{status=OK, index=59, eventIndex=57, result=byte[]{length=56, hash=2010430037}} from 3
04:51:29.062 [raft-client-system-partition-1-0] TRACE i.a.p.r.p.impl.RaftProxySequencer - SessionClient{57}{type=ConsistentMapType{name=consistent-map}, name=primitives} - Completing response CommandResponse{status=OK, index=59, eventIndex=57, result=byte[]{length=56, hash=2010430037}}
04:51:29.064 [raft-client-system-partition-1-0] INFO  i.a.core.impl.CoreTransactionService - Started
04:51:29.064 [raft-client-system-partition-1-0] INFO  i.a.core.impl.CorePrimitivesService - Started
04:51:29.064 [atomix-cluster-0] INFO  io.atomix.cluster.AtomixCluster - Started
04:51:29.065 [raft-client-system-partition-1-4] TRACE i.a.p.r.p.impl.RaftProxyConnection - SessionClient{57}{type=ConsistentMapType{name=consistent-map}, name=primitives} - Sending CommandRequest{session=57, sequence=2, operation=PrimitiveOperation{id=DefaultOperationId{id=putIfAbsentWithTtl, type=COMMAND}, value=byte[]{length=43, hash=628892754}}} to 3
04:51:29.065 [raft-server-system-partition-1] TRACE i.a.protocols.raft.roles.LeaderRole - RaftServer{system-partition-1}{role=LEADER} - Received CommandRequest{session=57, sequence=2, operation=PrimitiveOperation{id=DefaultOperationId{id=putIfAbsentWithTtl, type=COMMAND}, value=byte[]{length=43, hash=628892754}}}
04:51:29.065 [raft-server-system-partition-1] TRACE i.a.protocols.raft.roles.LeaderRole - RaftServer{system-partition-1}{role=LEADER} - Appended Indexed{index=60, entry=CommandEntry{term=1, timestamp=2018-06-09 04:51:29,065, session=57, sequence=2, operation=PrimitiveOperation{id=DefaultOperationId{id=putIfAbsentWithTtl, type=COMMAND}, value=byte[]{length=43, hash=628892754}}}}
04:51:29.065 [raft-server-system-partition-1] TRACE i.a.p.raft.roles.LeaderAppender - RaftServer{system-partition-1} - Sending AppendRequest{term=1, leader=3, prevLogIndex=59, prevLogTerm=1, entries=1, commitIndex=59} to 1
04:51:29.065 [raft-server-system-partition-1] TRACE i.a.p.raft.roles.LeaderAppender - RaftServer{system-partition-1} - Sending AppendRequest{term=1, leader=3, prevLogIndex=59, prevLogTerm=1, entries=1, commitIndex=59} to 2
04:51:29.065 [raft-server-system-partition-1] TRACE i.a.p.raft.roles.FollowerRole - RaftServer{system-partition-1}{role=FOLLOWER} - Received AppendRequest{term=1, leader=3, prevLogIndex=59, prevLogTerm=1, entries=1, commitIndex=59}
04:51:29.065 [raft-server-system-partition-1] TRACE i.a.p.raft.roles.FollowerRole - RaftServer{system-partition-1}{role=FOLLOWER} - Received AppendRequest{term=1, leader=3, prevLogIndex=59, prevLogTerm=1, entries=1, commitIndex=59}
04:51:29.065 [raft-server-system-partition-1] TRACE i.a.p.raft.roles.FollowerRole - RaftServer{system-partition-1}{role=FOLLOWER} - Appended Indexed{index=60, entry=CommandEntry{term=1, timestamp=2018-06-09 04:51:29,065, session=57, sequence=2, operation=PrimitiveOperation{id=DefaultOperationId{id=putIfAbsentWithTtl, type=COMMAND}, value=byte[]{length=43, hash=628892754}}}}
04:51:29.066 [raft-server-system-partition-1] TRACE i.a.p.raft.roles.FollowerRole - RaftServer{system-partition-1}{role=FOLLOWER} - Sending AppendResponse{status=OK, term=1, succeeded=true, lastLogIndex=60}
04:51:29.066 [raft-server-system-partition-1] TRACE i.a.p.raft.roles.FollowerRole - RaftServer{system-partition-1}{role=FOLLOWER} - Appended Indexed{index=60, entry=CommandEntry{term=1, timestamp=2018-06-09 04:51:29,065, session=57, sequence=2, operation=PrimitiveOperation{id=DefaultOperationId{id=putIfAbsentWithTtl, type=COMMAND}, value=byte[]{length=43, hash=628892754}}}}
04:51:29.066 [raft-server-system-partition-1] TRACE i.a.p.raft.roles.FollowerRole - RaftServer{system-partition-1}{role=FOLLOWER} - Sending AppendResponse{status=OK, term=1, succeeded=true, lastLogIndex=60}
04:51:29.066 [raft-server-system-partition-1] TRACE i.a.p.raft.roles.LeaderAppender - RaftServer{system-partition-1} - Received AppendResponse{status=OK, term=1, succeeded=true, lastLogIndex=60} from 2
04:51:29.066 [raft-server-system-partition-1] TRACE i.a.p.raft.roles.LeaderAppender - RaftServer{system-partition-1} - Committed entries up to 60
04:51:29.097 [raft-server-system-partition-1] TRACE i.a.p.raft.roles.LeaderAppender - RaftServer{system-partition-1} - Received AppendResponse{status=OK, term=1, succeeded=true, lastLogIndex=60} from 1
04:51:29.097 [raft-server-system-partition-1-state] TRACE i.a.p.raft.impl.RaftServiceManager - RaftServer{system-partition-1} - Applying Indexed{index=60, entry=CommandEntry{term=1, timestamp=2018-06-09 04:51:29,065, session=57, sequence=2, operation=PrimitiveOperation{id=DefaultOperationId{id=putIfAbsentWithTtl, type=COMMAND}, value=byte[]{length=43, hash=628892754}}}}
04:51:29.097 [raft-server-system-partition-1-state] TRACE i.a.protocols.raft.roles.LeaderRole - RaftServer{system-partition-1}{role=LEADER} - Sending CommandResponse{status=OK, index=60, eventIndex=57, result=byte[]{length=31, hash=2031767821}}
04:51:29.098 [raft-client-system-partition-1-5] TRACE i.a.p.r.p.impl.RaftProxyConnection - SessionClient{57}{type=ConsistentMapType{name=consistent-map}, name=primitives} - Received CommandResponse{status=OK, index=60, eventIndex=57, result=byte[]{length=31, hash=2031767821}} from 3
04:51:29.098 [raft-client-system-partition-1-5] TRACE i.a.p.r.p.impl.RaftProxySequencer - SessionClient{57}{type=ConsistentMapType{name=consistent-map}, name=primitives} - Completing response CommandResponse{status=OK, index=60, eventIndex=57, result=byte[]{length=31, hash=2031767821}}
04:51:29.098 [Time-limited test] DEBUG i.a.p.r.proxy.impl.RaftProxyManager - RaftClient{raft-partition-3} - Opening session; name: test-semaphore-timeout, type: DistributedSemaphoreType{name=semaphore}
04:51:29.099 [raft-client-raft-partition-3-0] TRACE i.a.p.r.p.impl.RaftProxyConnection - RaftClient{raft-partition-3} - Sending OpenSessionRequest{node=10, serviceName=test-semaphore-timeout, serviceType=semaphore, readConsistency=LINEARIZABLE, minTimeout=250, maxTimeout=30000} to 1
04:51:29.100 [raft-server-raft-partition-3] TRACE i.a.p.raft.roles.FollowerRole - RaftServer{raft-partition-3}{role=FOLLOWER} - Received OpenSessionRequest{node=10, serviceName=test-semaphore-timeout, serviceType=semaphore, readConsistency=LINEARIZABLE, minTimeout=250, maxTimeout=30000}
04:51:29.101 [raft-server-raft-partition-3] TRACE i.a.protocols.raft.roles.LeaderRole - RaftServer{raft-partition-3}{role=LEADER} - Received OpenSessionRequest{node=10, serviceName=test-semaphore-timeout, serviceType=semaphore, readConsistency=LINEARIZABLE, minTimeout=250, maxTimeout=30000}
04:51:29.101 [raft-server-raft-partition-3] TRACE i.a.protocols.raft.roles.LeaderRole - RaftServer{raft-partition-3}{role=LEADER} - Appended Indexed{index=2, entry=OpenSessionEntry{term=1, timestamp=2018-06-09 04:51:29,101, node=10, serviceName=test-semaphore-timeout, serviceType=semaphore, serviceConfig=byte[]{length=3, hash=81736}, readConsistency=LINEARIZABLE, minTimeout=250, maxTimeout=30000}}
04:51:29.101 [raft-server-raft-partition-3] TRACE i.a.p.raft.roles.LeaderAppender - RaftServer{raft-partition-3} - Sending AppendRequest{term=1, leader=2, prevLogIndex=1, prevLogTerm=1, entries=1, commitIndex=1} to 3
04:51:29.101 [raft-server-raft-partition-3] TRACE i.a.p.raft.roles.LeaderAppender - RaftServer{raft-partition-3} - Sending AppendRequest{term=1, leader=2, prevLogIndex=1, prevLogTerm=1, entries=1, commitIndex=1} to 1
04:51:29.101 [raft-server-raft-partition-3] TRACE i.a.p.raft.roles.FollowerRole - RaftServer{raft-partition-3}{role=FOLLOWER} - Received AppendRequest{term=1, leader=2, prevLogIndex=1, prevLogTerm=1, entries=1, commitIndex=1}
04:51:29.101 [raft-server-raft-partition-3] TRACE i.a.p.raft.roles.FollowerRole - RaftServer{raft-partition-3}{role=FOLLOWER} - Received AppendRequest{term=1, leader=2, prevLogIndex=1, prevLogTerm=1, entries=1, commitIndex=1}
04:51:29.101 [raft-server-raft-partition-3] TRACE i.a.p.raft.roles.FollowerRole - RaftServer{raft-partition-3}{role=FOLLOWER} - Appended Indexed{index=2, entry=OpenSessionEntry{term=1, timestamp=2018-06-09 04:51:29,101, node=10, serviceName=test-semaphore-timeout, serviceType=semaphore, serviceConfig=byte[]{length=3, hash=81736}, readConsistency=LINEARIZABLE, minTimeout=250, maxTimeout=30000}}
04:51:29.101 [raft-server-raft-partition-3] TRACE i.a.p.raft.roles.FollowerRole - RaftServer{raft-partition-3}{role=FOLLOWER} - Appended Indexed{index=2, entry=OpenSessionEntry{term=1, timestamp=2018-06-09 04:51:29,101, node=10, serviceName=test-semaphore-timeout, serviceType=semaphore, serviceConfig=byte[]{length=3, hash=81736}, readConsistency=LINEARIZABLE, minTimeout=250, maxTimeout=30000}}
04:51:29.101 [raft-server-raft-partition-3] TRACE i.a.p.raft.roles.FollowerRole - RaftServer{raft-partition-3}{role=FOLLOWER} - Sending AppendResponse{status=OK, term=1, succeeded=true, lastLogIndex=2}
04:51:29.101 [raft-server-raft-partition-3] TRACE i.a.p.raft.roles.FollowerRole - RaftServer{raft-partition-3}{role=FOLLOWER} - Sending AppendResponse{status=OK, term=1, succeeded=true, lastLogIndex=2}
04:51:29.101 [raft-server-raft-partition-3] TRACE i.a.p.raft.roles.LeaderAppender - RaftServer{raft-partition-3} - Received AppendResponse{status=OK, term=1, succeeded=true, lastLogIndex=2} from 3
04:51:29.101 [raft-server-raft-partition-3] TRACE i.a.p.raft.roles.LeaderAppender - RaftServer{raft-partition-3} - Committed entries up to 2
04:51:29.182 [raft-server-raft-partition-1] TRACE i.a.p.raft.roles.LeaderAppender - RaftServer{raft-partition-1} - Sending AppendRequest{term=1, leader=3, prevLogIndex=1, prevLogTerm=1, entries=0, commitIndex=1} to 1
04:51:29.182 [raft-server-raft-partition-1] TRACE i.a.p.raft.roles.LeaderAppender - RaftServer{raft-partition-1} - Sending AppendRequest{term=1, leader=3, prevLogIndex=1, prevLogTerm=1, entries=0, commitIndex=1} to 2
04:51:29.182 [raft-server-raft-partition-1] TRACE i.a.p.raft.roles.FollowerRole - RaftServer{raft-partition-1}{role=FOLLOWER} - Received AppendRequest{term=1, leader=3, prevLogIndex=1, prevLogTerm=1, entries=0, commitIndex=1}
04:51:29.183 [raft-server-raft-partition-1] TRACE i.a.p.raft.roles.FollowerRole - RaftServer{raft-partition-1}{role=FOLLOWER} - Received AppendRequest{term=1, leader=3, prevLogIndex=1, prevLogTerm=1, entries=0, commitIndex=1}
04:51:29.183 [raft-server-raft-partition-1] TRACE i.a.p.raft.roles.FollowerRole - RaftServer{raft-partition-1}{role=FOLLOWER} - Sending AppendResponse{status=OK, term=1, succeeded=true, lastLogIndex=1}
04:51:29.183 [raft-server-raft-partition-1] TRACE i.a.p.raft.roles.FollowerRole - RaftServer{raft-partition-1}{role=FOLLOWER} - Sending AppendResponse{status=OK, term=1, succeeded=true, lastLogIndex=1}
04:51:29.183 [raft-server-raft-partition-1] TRACE i.a.p.raft.roles.LeaderAppender - RaftServer{raft-partition-1} - Received AppendResponse{status=OK, term=1, succeeded=true, lastLogIndex=1} from 1
04:51:29.183 [raft-server-raft-partition-1] TRACE i.a.p.raft.roles.LeaderAppender - RaftServer{raft-partition-1} - Sending AppendRequest{term=1, leader=3, prevLogIndex=1, prevLogTerm=1, entries=0, commitIndex=1} to 1
04:51:29.183 [raft-server-raft-partition-1] TRACE i.a.p.raft.roles.LeaderAppender - RaftServer{raft-partition-1} - Received AppendResponse{status=OK, term=1, succeeded=true, lastLogIndex=1} from 2
04:51:29.183 [raft-server-raft-partition-1] TRACE i.a.p.raft.roles.LeaderAppender - RaftServer{raft-partition-1} - Sending AppendRequest{term=1, leader=3, prevLogIndex=1, prevLogTerm=1, entries=0, commitIndex=1} to 2
04:51:29.183 [raft-server-raft-partition-1] TRACE i.a.p.raft.roles.FollowerRole - RaftServer{raft-partition-1}{role=FOLLOWER} - Received AppendRequest{term=1, leader=3, prevLogIndex=1, prevLogTerm=1, entries=0, commitIndex=1}
04:51:29.183 [raft-server-raft-partition-1] TRACE i.a.p.raft.roles.FollowerRole - RaftServer{raft-partition-1}{role=FOLLOWER} - Sending AppendResponse{status=OK, term=1, succeeded=true, lastLogIndex=1}
04:51:29.183 [raft-server-raft-partition-1] TRACE i.a.p.raft.roles.FollowerRole - RaftServer{raft-partition-1}{role=FOLLOWER} - Received AppendRequest{term=1, leader=3, prevLogIndex=1, prevLogTerm=1, entries=0, commitIndex=1}
04:51:29.183 [raft-server-raft-partition-1] TRACE i.a.p.raft.roles.FollowerRole - RaftServer{raft-partition-1}{role=FOLLOWER} - Sending AppendResponse{status=OK, term=1, succeeded=true, lastLogIndex=1}
04:51:29.183 [raft-server-raft-partition-1] TRACE i.a.p.raft.roles.LeaderAppender - RaftServer{raft-partition-1} - Received AppendResponse{status=OK, term=1, succeeded=true, lastLogIndex=1} from 1
04:51:29.183 [raft-server-raft-partition-1] TRACE i.a.p.raft.roles.LeaderAppender - RaftServer{raft-partition-1} - Received AppendResponse{status=OK, term=1, succeeded=true, lastLogIndex=1} from 2
04:51:29.216 [raft-server-system-partition-1] TRACE i.a.p.raft.roles.LeaderAppender - RaftServer{system-partition-1} - Sending AppendRequest{term=1, leader=3, prevLogIndex=60, prevLogTerm=1, entries=0, commitIndex=60} to 1
04:51:29.216 [raft-server-system-partition-1] TRACE i.a.p.raft.roles.LeaderAppender - RaftServer{system-partition-1} - Sending AppendRequest{term=1, leader=3, prevLogIndex=60, prevLogTerm=1, entries=0, commitIndex=60} to 2
04:51:29.216 [raft-server-system-partition-1] TRACE i.a.p.raft.roles.FollowerRole - RaftServer{system-partition-1}{role=FOLLOWER} - Received AppendRequest{term=1, leader=3, prevLogIndex=60, prevLogTerm=1, entries=0, commitIndex=60}
04:51:29.216 [raft-server-system-partition-1] TRACE i.a.p.raft.roles.FollowerRole - RaftServer{system-partition-1}{role=FOLLOWER} - Received AppendRequest{term=1, leader=3, prevLogIndex=60, prevLogTerm=1, entries=0, commitIndex=60}
04:51:29.291 [raft-server-raft-partition-2] TRACE i.a.p.raft.roles.LeaderAppender - RaftServer{raft-partition-2} - Sending AppendRequest{term=1, leader=1, prevLogIndex=9, prevLogTerm=1, entries=0, commitIndex=9} to 3
04:51:29.291 [raft-server-raft-partition-2] TRACE i.a.p.raft.roles.LeaderAppender - RaftServer{raft-partition-2} - Sending AppendRequest{term=1, leader=1, prevLogIndex=9, prevLogTerm=1, entries=0, commitIndex=9} to 2
04:51:29.291 [raft-server-raft-partition-2] TRACE i.a.p.raft.roles.FollowerRole - RaftServer{raft-partition-2}{role=FOLLOWER} - Received AppendRequest{term=1, leader=1, prevLogIndex=9, prevLogTerm=1, entries=0, commitIndex=9}
04:51:29.291 [raft-server-raft-partition-2] TRACE i.a.p.raft.roles.FollowerRole - RaftServer{raft-partition-2}{role=FOLLOWER} - Received AppendRequest{term=1, leader=1, prevLogIndex=9, prevLogTerm=1, entries=0, commitIndex=9}
04:51:29.291 [raft-server-raft-partition-2] TRACE i.a.p.raft.roles.FollowerRole - RaftServer{raft-partition-2}{role=FOLLOWER} - Sending AppendResponse{status=OK, term=1, succeeded=true, lastLogIndex=9}
04:51:29.291 [raft-server-raft-partition-2] TRACE i.a.p.raft.roles.FollowerRole - RaftServer{raft-partition-2}{role=FOLLOWER} - Sending AppendResponse{status=OK, term=1, succeeded=true, lastLogIndex=9}
04:51:29.291 [raft-server-raft-partition-2] TRACE i.a.p.raft.roles.LeaderAppender - RaftServer{raft-partition-2} - Received AppendResponse{status=OK, term=1, succeeded=true, lastLogIndex=9} from 3
04:51:29.291 [raft-server-raft-partition-2] TRACE i.a.p.raft.roles.LeaderAppender - RaftServer{raft-partition-2} - Sending AppendRequest{term=1, leader=1, prevLogIndex=9, prevLogTerm=1, entries=0, commitIndex=9} to 3
04:51:29.291 [raft-server-raft-partition-2] TRACE i.a.p.raft.roles.LeaderAppender - RaftServer{raft-partition-2} - Received AppendResponse{status=OK, term=1, succeeded=true, lastLogIndex=9} from 2
04:51:29.291 [raft-server-raft-partition-2] TRACE i.a.p.raft.roles.LeaderAppender - RaftServer{raft-partition-2} - Sending AppendRequest{term=1, leader=1, prevLogIndex=9, prevLogTerm=1, entries=0, commitIndex=9} to 2
04:51:29.291 [raft-server-raft-partition-2] TRACE i.a.p.raft.roles.FollowerRole - RaftServer{raft-partition-2}{role=FOLLOWER} - Received AppendRequest{term=1, leader=1, prevLogIndex=9, prevLogTerm=1, entries=0, commitIndex=9}
04:51:29.291 [raft-server-raft-partition-2] TRACE i.a.p.raft.roles.FollowerRole - RaftServer{raft-partition-2}{role=FOLLOWER} - Sending AppendResponse{status=OK, term=1, succeeded=true, lastLogIndex=9}
04:51:29.291 [raft-server-raft-partition-2] TRACE i.a.p.raft.roles.FollowerRole - RaftServer{raft-partition-2}{role=FOLLOWER} - Received AppendRequest{term=1, leader=1, prevLogIndex=9, prevLogTerm=1, entries=0, commitIndex=9}
04:51:29.292 [raft-server-raft-partition-2] TRACE i.a.p.raft.roles.FollowerRole - RaftServer{raft-partition-2}{role=FOLLOWER} - Sending AppendResponse{status=OK, term=1, succeeded=true, lastLogIndex=9}
04:51:29.292 [raft-server-raft-partition-2] TRACE i.a.p.raft.roles.LeaderAppender - RaftServer{raft-partition-2} - Received AppendResponse{status=OK, term=1, succeeded=true, lastLogIndex=9} from 3
04:51:29.292 [raft-server-raft-partition-2] TRACE i.a.p.raft.roles.LeaderAppender - RaftServer{raft-partition-2} - Sending AppendRequest{term=1, leader=1, prevLogIndex=9, prevLogTerm=1, entries=0, commitIndex=9} to 3
04:51:29.292 [raft-server-raft-partition-2] TRACE i.a.p.raft.roles.LeaderAppender - RaftServer{raft-partition-2} - Received AppendResponse{status=OK, term=1, succeeded=true, lastLogIndex=9} from 2
04:51:29.292 [raft-server-raft-partition-2] TRACE i.a.p.raft.roles.LeaderAppender - RaftServer{raft-partition-2} - Sending AppendRequest{term=1, leader=1, prevLogIndex=9, prevLogTerm=1, entries=0, commitIndex=9} to 2
04:51:29.292 [raft-server-raft-partition-2] TRACE i.a.p.raft.roles.FollowerRole - RaftServer{raft-partition-2}{role=FOLLOWER} - Received AppendRequest{term=1, leader=1, prevLogIndex=9, prevLogTerm=1, entries=0, commitIndex=9}
04:51:29.292 [raft-server-raft-partition-2] TRACE i.a.p.raft.roles.FollowerRole - RaftServer{raft-partition-2}{role=FOLLOWER} - Sending AppendResponse{status=OK, term=1, succeeded=true, lastLogIndex=9}
04:51:29.292 [raft-server-raft-partition-2] TRACE i.a.p.raft.roles.FollowerRole - RaftServer{raft-partition-2}{role=FOLLOWER} - Received AppendRequest{term=1, leader=1, prevLogIndex=9, prevLogTerm=1, entries=0, commitIndex=9}
04:51:29.292 [raft-server-raft-partition-2] TRACE i.a.p.raft.roles.FollowerRole - RaftServer{raft-partition-2}{role=FOLLOWER} - Sending AppendResponse{status=OK, term=1, succeeded=true, lastLogIndex=9}
04:51:29.292 [raft-server-raft-partition-2] TRACE i.a.p.raft.roles.LeaderAppender - RaftServer{raft-partition-2} - Received AppendResponse{status=OK, term=1, succeeded=true, lastLogIndex=9} from 3
04:51:29.292 [raft-server-raft-partition-2] TRACE i.a.p.raft.roles.LeaderAppender - RaftServer{raft-partition-2} - Received AppendResponse{status=OK, term=1, succeeded=true, lastLogIndex=9} from 2
04:51:29.432 [raft-server-raft-partition-1] TRACE i.a.p.raft.roles.LeaderAppender - RaftServer{raft-partition-1} - Sending AppendRequest{term=1, leader=3, prevLogIndex=1, prevLogTerm=1, entries=0, commitIndex=1} to 1
04:51:29.432 [raft-server-raft-partition-1] TRACE i.a.p.raft.roles.LeaderAppender - RaftServer{raft-partition-1} - Sending AppendRequest{term=1, leader=3, prevLogIndex=1, prevLogTerm=1, entries=0, commitIndex=1} to 2
04:51:29.432 [raft-server-raft-partition-1] TRACE i.a.p.raft.roles.FollowerRole - RaftServer{raft-partition-1}{role=FOLLOWER} - Received AppendRequest{term=1, leader=3, prevLogIndex=1, prevLogTerm=1, entries=0, commitIndex=1}
04:51:29.432 [raft-server-raft-partition-1] TRACE i.a.p.raft.roles.FollowerRole - RaftServer{raft-partition-1}{role=FOLLOWER} - Received AppendRequest{term=1, leader=3, prevLogIndex=1, prevLogTerm=1, entries=0, commitIndex=1}
04:51:29.432 [raft-server-raft-partition-1] TRACE i.a.p.raft.roles.FollowerRole - RaftServer{raft-partition-1}{role=FOLLOWER} - Sending AppendResponse{status=OK, term=1, succeeded=true, lastLogIndex=1}
04:51:29.432 [raft-server-raft-partition-1] TRACE i.a.p.raft.roles.FollowerRole - RaftServer{raft-partition-1}{role=FOLLOWER} - Sending AppendResponse{status=OK, term=1, succeeded=true, lastLogIndex=1}
04:51:29.433 [raft-server-raft-partition-1] TRACE i.a.p.raft.roles.LeaderAppender - RaftServer{raft-partition-1} - Received AppendResponse{status=OK, term=1, succeeded=true, lastLogIndex=1} from 2
04:51:29.433 [raft-server-raft-partition-1] TRACE i.a.p.raft.roles.LeaderAppender - RaftServer{raft-partition-1} - Sending AppendRequest{term=1, leader=3, prevLogIndex=1, prevLogTerm=1, entries=0, commitIndex=1} to 2
04:51:29.433 [raft-server-raft-partition-1] TRACE i.a.p.raft.roles.LeaderAppender - RaftServer{raft-partition-1} - Received AppendResponse{status=OK, term=1, succeeded=true, lastLogIndex=1} from 1
04:51:29.433 [raft-server-raft-partition-1] TRACE i.a.p.raft.roles.LeaderAppender - RaftServer{raft-partition-1} - Sending AppendRequest{term=1, leader=3, prevLogIndex=1, prevLogTerm=1, entries=0, commitIndex=1} to 1
04:51:29.433 [raft-server-raft-partition-1] TRACE i.a.p.raft.roles.FollowerRole - RaftServer{raft-partition-1}{role=FOLLOWER} - Received AppendRequest{term=1, leader=3, prevLogIndex=1, prevLogTerm=1, entries=0, commitIndex=1}
04:51:29.433 [raft-server-raft-partition-1] TRACE i.a.p.raft.roles.FollowerRole - RaftServer{raft-partition-1}{role=FOLLOWER} - Sending AppendResponse{status=OK, term=1, succeeded=true, lastLogIndex=1}
04:51:29.433 [raft-server-raft-partition-1] TRACE i.a.p.raft.roles.FollowerRole - RaftServer{raft-partition-1}{role=FOLLOWER} - Received AppendRequest{term=1, leader=3, prevLogIndex=1, prevLogTerm=1, entries=0, commitIndex=1}
04:51:29.433 [raft-server-raft-partition-1] TRACE i.a.p.raft.roles.FollowerRole - RaftServer{raft-partition-1}{role=FOLLOWER} - Sending AppendResponse{status=OK, term=1, succeeded=true, lastLogIndex=1}
04:51:29.433 [raft-server-raft-partition-1] TRACE i.a.p.raft.roles.LeaderAppender - RaftServer{raft-partition-1} - Received AppendResponse{status=OK, term=1, succeeded=true, lastLogIndex=1} from 2
04:51:29.433 [raft-server-raft-partition-1] TRACE i.a.p.raft.roles.LeaderAppender - RaftServer{raft-partition-1} - Received AppendResponse{status=OK, term=1, succeeded=true, lastLogIndex=1} from 1
04:51:29.541 [raft-server-raft-partition-2] TRACE i.a.p.raft.roles.LeaderAppender - RaftServer{raft-partition-2} - Sending AppendRequest{term=1, leader=1, prevLogIndex=9, prevLogTerm=1, entries=0, commitIndex=9} to 3
04:51:29.541 [raft-server-raft-partition-2] TRACE i.a.p.raft.roles.LeaderAppender - RaftServer{raft-partition-2} - Sending AppendRequest{term=1, leader=1, prevLogIndex=9, prevLogTerm=1, entries=0, commitIndex=9} to 2
04:51:29.541 [raft-server-raft-partition-2] TRACE i.a.p.raft.roles.FollowerRole - RaftServer{raft-partition-2}{role=FOLLOWER} - Received AppendRequest{term=1, leader=1, prevLogIndex=9, prevLogTerm=1, entries=0, commitIndex=9}
04:51:29.541 [raft-server-raft-partition-2] TRACE i.a.p.raft.roles.FollowerRole - RaftServer{raft-partition-2}{role=FOLLOWER} - Received AppendRequest{term=1, leader=1, prevLogIndex=9, prevLogTerm=1, entries=0, commitIndex=9}
04:51:29.541 [raft-server-raft-partition-2] TRACE i.a.p.raft.roles.FollowerRole - RaftServer{raft-partition-2}{role=FOLLOWER} - Sending AppendResponse{status=OK, term=1, succeeded=true, lastLogIndex=9}
04:51:29.541 [raft-server-raft-partition-2] TRACE i.a.p.raft.roles.FollowerRole - RaftServer{raft-partition-2}{role=FOLLOWER} - Sending AppendResponse{status=OK, term=1, succeeded=true, lastLogIndex=9}
04:51:29.541 [raft-server-raft-partition-2] TRACE i.a.p.raft.roles.LeaderAppender - RaftServer{raft-partition-2} - Received AppendResponse{status=OK, term=1, succeeded=true, lastLogIndex=9} from 3
04:51:29.541 [raft-server-raft-partition-2] TRACE i.a.p.raft.roles.LeaderAppender - RaftServer{raft-partition-2} - Sending AppendRequest{term=1, leader=1, prevLogIndex=9, prevLogTerm=1, entries=0, commitIndex=9} to 3
04:51:29.541 [raft-server-raft-partition-2] TRACE i.a.p.raft.roles.LeaderAppender - RaftServer{raft-partition-2} - Received AppendResponse{status=OK, term=1, succeeded=true, lastLogIndex=9} from 2
04:51:29.541 [raft-server-raft-partition-2] TRACE i.a.p.raft.roles.LeaderAppender - RaftServer{raft-partition-2} - Sending AppendRequest{term=1, leader=1, prevLogIndex=9, prevLogTerm=1, entries=0, commitIndex=9} to 2
04:51:29.541 [raft-server-raft-partition-2] TRACE i.a.p.raft.roles.FollowerRole - RaftServer{raft-partition-2}{role=FOLLOWER} - Received AppendRequest{term=1, leader=1, prevLogIndex=9, prevLogTerm=1, entries=0, commitIndex=9}
04:51:29.542 [raft-server-raft-partition-2] TRACE i.a.p.raft.roles.FollowerRole - RaftServer{raft-partition-2}{role=FOLLOWER} - Received AppendRequest{term=1, leader=1, prevLogIndex=9, prevLogTerm=1, entries=0, commitIndex=9}
04:51:29.542 [raft-server-raft-partition-2] TRACE i.a.p.raft.roles.FollowerRole - RaftServer{raft-partition-2}{role=FOLLOWER} - Sending AppendResponse{status=OK, term=1, succeeded=true, lastLogIndex=9}
04:51:29.542 [raft-server-raft-partition-2] TRACE i.a.p.raft.roles.FollowerRole - RaftServer{raft-partition-2}{role=FOLLOWER} - Sending AppendResponse{status=OK, term=1, succeeded=true, lastLogIndex=9}
04:51:29.542 [raft-server-raft-partition-2] TRACE i.a.p.raft.roles.LeaderAppender - RaftServer{raft-partition-2} - Received AppendResponse{status=OK, term=1, succeeded=true, lastLogIndex=9} from 3
04:51:29.542 [raft-server-raft-partition-2] TRACE i.a.p.raft.roles.LeaderAppender - RaftServer{raft-partition-2} - Sending AppendRequest{term=1, leader=1, prevLogIndex=9, prevLogTerm=1, entries=0, commitIndex=9} to 3
04:51:29.542 [raft-server-raft-partition-2] TRACE i.a.p.raft.roles.LeaderAppender - RaftServer{raft-partition-2} - Received AppendResponse{status=OK, term=1, succeeded=true, lastLogIndex=9} from 2
04:51:29.542 [raft-server-raft-partition-2] TRACE i.a.p.raft.roles.LeaderAppender - RaftServer{raft-partition-2} - Sending AppendRequest{term=1, leader=1, prevLogIndex=9, prevLogTerm=1, entries=0, commitIndex=9} to 2
04:51:29.542 [raft-server-raft-partition-2] TRACE i.a.p.raft.roles.FollowerRole - RaftServer{raft-partition-2}{role=FOLLOWER} - Received AppendRequest{term=1, leader=1, prevLogIndex=9, prevLogTerm=1, entries=0, commitIndex=9}
04:51:29.542 [raft-server-raft-partition-2] TRACE i.a.p.raft.roles.FollowerRole - RaftServer{raft-partition-2}{role=FOLLOWER} - Sending AppendResponse{status=OK, term=1, succeeded=true, lastLogIndex=9}
04:51:29.542 [raft-server-raft-partition-2] TRACE i.a.p.raft.roles.FollowerRole - RaftServer{raft-partition-2}{role=FOLLOWER} - Received AppendRequest{term=1, leader=1, prevLogIndex=9, prevLogTerm=1, entries=0, commitIndex=9}
04:51:29.542 [raft-server-raft-partition-2] TRACE i.a.p.raft.roles.FollowerRole - RaftServer{raft-partition-2}{role=FOLLOWER} - Sending AppendResponse{status=OK, term=1, succeeded=true, lastLogIndex=9}
04:51:29.542 [raft-server-raft-partition-2] TRACE i.a.p.raft.roles.LeaderAppender - RaftServer{raft-partition-2} - Received AppendResponse{status=OK, term=1, succeeded=true, lastLogIndex=9} from 3
04:51:29.542 [raft-server-raft-partition-2] TRACE i.a.p.raft.roles.LeaderAppender - RaftServer{raft-partition-2} - Received AppendResponse{status=OK, term=1, succeeded=true, lastLogIndex=9} from 2
04:51:29.571 [raft-server-raft-partition-3] TRACE i.a.p.raft.roles.LeaderAppender - RaftServer{raft-partition-3} - Received AppendResponse{status=OK, term=1, succeeded=true, lastLogIndex=2} from 1
04:51:29.572 [raft-server-raft-partition-3] TRACE i.a.p.raft.roles.LeaderAppender - RaftServer{raft-partition-3} - Sending AppendRequest{term=1, leader=2, prevLogIndex=2, prevLogTerm=1, entries=0, commitIndex=2} to 3
04:51:29.572 [raft-server-raft-partition-3] TRACE i.a.p.raft.roles.LeaderAppender - RaftServer{raft-partition-3} - Sending AppendRequest{term=1, leader=2, prevLogIndex=2, prevLogTerm=1, entries=0, commitIndex=2} to 1
04:51:29.572 [raft-server-raft-partition-3-state] TRACE i.a.p.raft.impl.RaftServiceManager - RaftServer{raft-partition-3} - Applying Indexed{index=2, entry=OpenSessionEntry{term=1, timestamp=2018-06-09 04:51:29,101, node=10, serviceName=test-semaphore-timeout, serviceType=semaphore, serviceConfig=byte[]{length=3, hash=81736}, readConsistency=LINEARIZABLE, minTimeout=250, maxTimeout=30000}}
04:51:29.572 [raft-server-raft-partition-3] TRACE i.a.p.raft.roles.FollowerRole - RaftServer{raft-partition-3}{role=FOLLOWER} - Received AppendRequest{term=1, leader=2, prevLogIndex=2, prevLogTerm=1, entries=0, commitIndex=2}
04:51:29.572 [raft-server-raft-partition-3] TRACE i.a.p.raft.roles.FollowerRole - RaftServer{raft-partition-3}{role=FOLLOWER} - Received AppendRequest{term=1, leader=2, prevLogIndex=2, prevLogTerm=1, entries=0, commitIndex=2}
04:51:29.572 [raft-server-raft-partition-3] TRACE i.a.p.raft.roles.FollowerRole - RaftServer{raft-partition-3}{role=FOLLOWER} - Committed entries up to index 2
04:51:29.572 [raft-server-raft-partition-3] TRACE i.a.p.raft.roles.FollowerRole - RaftServer{raft-partition-3}{role=FOLLOWER} - Committed entries up to index 2
04:51:29.572 [raft-server-raft-partition-3] TRACE i.a.p.raft.roles.FollowerRole - RaftServer{raft-partition-3}{role=FOLLOWER} - Sending AppendResponse{status=OK, term=1, succeeded=true, lastLogIndex=2}
04:51:29.572 [raft-server-raft-partition-3] TRACE i.a.p.raft.roles.FollowerRole - RaftServer{raft-partition-3}{role=FOLLOWER} - Sending AppendResponse{status=OK, term=1, succeeded=true, lastLogIndex=2}
04:51:29.572 [raft-server-raft-partition-3-state] TRACE i.a.p.raft.impl.RaftServiceManager - RaftServer{raft-partition-3} - Applying Indexed{index=2, entry=OpenSessionEntry{term=1, timestamp=2018-06-09 04:51:29,101, node=10, serviceName=test-semaphore-timeout, serviceType=semaphore, serviceConfig=byte[]{length=3, hash=81736}, readConsistency=LINEARIZABLE, minTimeout=250, maxTimeout=30000}}
04:51:29.572 [raft-server-raft-partition-3-state] TRACE i.a.p.raft.impl.RaftServiceManager - RaftServer{raft-partition-3} - Applying Indexed{index=2, entry=OpenSessionEntry{term=1, timestamp=2018-06-09 04:51:29,101, node=10, serviceName=test-semaphore-timeout, serviceType=semaphore, serviceConfig=byte[]{length=3, hash=81736}, readConsistency=LINEARIZABLE, minTimeout=250, maxTimeout=30000}}
04:51:29.573 [raft-server-raft-partition-3] TRACE i.a.p.raft.roles.LeaderAppender - RaftServer{raft-partition-3} - Received AppendResponse{status=OK, term=1, succeeded=true, lastLogIndex=2} from 1
04:51:29.573 [raft-server-raft-partition-3] TRACE i.a.p.raft.roles.LeaderAppender - RaftServer{raft-partition-3} - Sending AppendRequest{term=1, leader=2, prevLogIndex=2, prevLogTerm=1, entries=0, commitIndex=2} to 1
04:51:29.573 [raft-server-raft-partition-3] TRACE i.a.p.raft.roles.FollowerRole - RaftServer{raft-partition-3}{role=FOLLOWER} - Received AppendRequest{term=1, leader=2, prevLogIndex=2, prevLogTerm=1, entries=0, commitIndex=2}
04:51:29.573 [raft-server-raft-partition-3] TRACE i.a.p.raft.roles.FollowerRole - RaftServer{raft-partition-3}{role=FOLLOWER} - Sending AppendResponse{status=OK, term=1, succeeded=true, lastLogIndex=2}
04:51:29.574 [raft-server-raft-partition-3-state] DEBUG i.a.p.r.service.RaftServiceContext - PrimitiveService{2}{type=DistributedSemaphoreType{name=semaphore}, name=test-semaphore-timeout} - Opening session 2
04:51:29.574 [raft-server-raft-partition-3-state] DEBUG i.a.p.raft.session.RaftSession - Session{2}{type=DistributedSemaphoreType{name=semaphore}, name=test-semaphore-timeout} - State changed: OPEN
04:51:29.574 [raft-server-raft-partition-3-state] TRACE i.a.protocols.raft.roles.LeaderRole - RaftServer{raft-partition-3}{role=LEADER} - Sending OpenSessionResponse{status=OK, session=2, timeout=30000}
04:51:29.574 [raft-server-raft-partition-3] TRACE i.a.p.raft.roles.LeaderAppender - RaftServer{raft-partition-3} - Received AppendResponse{status=OK, term=1, succeeded=true, lastLogIndex=2} from 3
04:51:29.574 [raft-server-raft-partition-3] TRACE i.a.p.raft.roles.LeaderAppender - RaftServer{raft-partition-3} - Sending AppendRequest{term=1, leader=2, prevLogIndex=2, prevLogTerm=1, entries=0, commitIndex=2} to 3
04:51:29.574 [raft-server-raft-partition-3] TRACE i.a.p.raft.roles.LeaderAppender - RaftServer{raft-partition-3} - Received AppendResponse{status=OK, term=1, succeeded=true, lastLogIndex=2} from 1
04:51:29.574 [raft-server-raft-partition-3] TRACE i.a.p.raft.roles.FollowerRole - RaftServer{raft-partition-3}{role=FOLLOWER} - Received AppendRequest{term=1, leader=2, prevLogIndex=2, prevLogTerm=1, entries=0, commitIndex=2}
04:51:29.574 [raft-server-raft-partition-3] TRACE i.a.p.raft.roles.FollowerRole - RaftServer{raft-partition-3}{role=FOLLOWER} - Sending AppendResponse{status=OK, term=1, succeeded=true, lastLogIndex=2}
04:51:29.574 [raft-server-raft-partition-3-state] DEBUG i.a.p.r.service.RaftServiceContext - PrimitiveService{2}{type=DistributedSemaphoreType{name=semaphore}, name=test-semaphore-timeout} - Opening session 2
04:51:29.574 [raft-server-raft-partition-3-state] DEBUG i.a.p.r.service.RaftServiceContext - PrimitiveService{2}{type=DistributedSemaphoreType{name=semaphore}, name=test-semaphore-timeout} - Opening session 2
04:51:29.574 [raft-server-raft-partition-3] TRACE i.a.p.raft.roles.FollowerRole - RaftServer{raft-partition-3}{role=FOLLOWER} - Sending OpenSessionResponse{status=OK, session=2, timeout=30000}
04:51:29.574 [raft-server-raft-partition-3-state] DEBUG i.a.p.raft.session.RaftSession - Session{2}{type=DistributedSemaphoreType{name=semaphore}, name=test-semaphore-timeout} - State changed: OPEN
04:51:29.574 [raft-server-raft-partition-3-state] DEBUG i.a.p.raft.session.RaftSession - Session{2}{type=DistributedSemaphoreType{name=semaphore}, name=test-semaphore-timeout} - State changed: OPEN
04:51:29.574 [raft-server-raft-partition-3] TRACE i.a.p.raft.roles.LeaderAppender - RaftServer{raft-partition-3} - Received AppendResponse{status=OK, term=1, succeeded=true, lastLogIndex=2} from 3
04:51:29.575 [raft-client-raft-partition-3-1] TRACE i.a.p.r.p.impl.RaftProxyConnection - RaftClient{raft-partition-3} - Received OpenSessionResponse{status=OK, session=2, timeout=30000} from 1
04:51:29.575 [raft-client-raft-partition-3-0] TRACE i.a.p.r.proxy.impl.RaftProxyManager - RaftClient{raft-partition-3} - Keeping 1 sessions alive
04:51:29.575 [raft-client-raft-partition-3-2] TRACE i.a.p.r.p.impl.RaftProxyConnection - RaftClient{raft-partition-3} - Sending KeepAliveRequest{sessionIds=long[]{length=1, hash=33}, commandSequences=long[]{length=1, hash=31}, eventIndexes=long[]{length=1, hash=33}} to 1
04:51:29.576 [raft-client-raft-partition-3-4] TRACE i.a.p.r.p.impl.RaftProxyConnection - SessionClient{2}{type=DistributedSemaphoreType{name=semaphore}, name=test-semaphore-timeout} - Sending CommandRequest{session=2, sequence=1, operation=PrimitiveOperation{id=DefaultOperationId{id=acquire, type=COMMAND}, value=byte[]{length=9, hash=-244871365}}} to 3
04:51:29.576 [raft-server-raft-partition-3] TRACE i.a.p.raft.roles.FollowerRole - RaftServer{raft-partition-3}{role=FOLLOWER} - Received KeepAliveRequest{sessionIds=long[]{length=1, hash=33}, commandSequences=long[]{length=1, hash=31}, eventIndexes=long[]{length=1, hash=33}}
04:51:29.577 [raft-server-raft-partition-3] TRACE i.a.p.raft.roles.FollowerRole - RaftServer{raft-partition-3}{role=FOLLOWER} - Received CommandRequest{session=2, sequence=1, operation=PrimitiveOperation{id=DefaultOperationId{id=acquire, type=COMMAND}, value=byte[]{length=9, hash=-244871365}}}
04:51:29.577 [raft-server-raft-partition-3] TRACE i.a.protocols.raft.roles.LeaderRole - RaftServer{raft-partition-3}{role=LEADER} - Received KeepAliveRequest{sessionIds=long[]{length=1, hash=33}, commandSequences=long[]{length=1, hash=31}, eventIndexes=long[]{length=1, hash=33}}
04:51:29.586 [raft-server-raft-partition-3] TRACE i.a.protocols.raft.roles.LeaderRole - RaftServer{raft-partition-3}{role=LEADER} - Appended Indexed{index=3, entry=KeepAliveEntry{term=1, timestamp=2018-06-09 04:51:29,577, sessionIds=long[]{length=1, hash=33}, commandSequences=long[]{length=1, hash=31}, eventIndexes=long[]{length=1, hash=33}}}
04:51:29.586 [raft-server-raft-partition-3] TRACE i.a.protocols.raft.roles.LeaderRole - RaftServer{raft-partition-3}{role=LEADER} - Received CommandRequest{session=2, sequence=1, operation=PrimitiveOperation{id=DefaultOperationId{id=acquire, type=COMMAND}, value=byte[]{length=9, hash=-244871365}}}
04:51:29.586 [raft-server-raft-partition-3] TRACE i.a.protocols.raft.roles.LeaderRole - RaftServer{raft-partition-3}{role=LEADER} - Appended Indexed{index=4, entry=CommandEntry{term=1, timestamp=2018-06-09 04:51:29,586, session=2, sequence=1, operation=PrimitiveOperation{id=DefaultOperationId{id=acquire, type=COMMAND}, value=byte[]{length=9, hash=-244871365}}}}
04:51:29.586 [raft-server-raft-partition-3] TRACE i.a.p.raft.roles.LeaderAppender - RaftServer{raft-partition-3} - Sending AppendRequest{term=1, leader=2, prevLogIndex=2, prevLogTerm=1, entries=2, commitIndex=2} to 3
04:51:29.586 [raft-server-raft-partition-3] TRACE i.a.p.raft.roles.LeaderAppender - RaftServer{raft-partition-3} - Sending AppendRequest{term=1, leader=2, prevLogIndex=2, prevLogTerm=1, entries=2, commitIndex=2} to 1
04:51:29.586 [raft-server-raft-partition-3] TRACE i.a.p.raft.roles.FollowerRole - RaftServer{raft-partition-3}{role=FOLLOWER} - Received AppendRequest{term=1, leader=2, prevLogIndex=2, prevLogTerm=1, entries=2, commitIndex=2}
04:51:29.586 [raft-server-raft-partition-3] TRACE i.a.p.raft.roles.FollowerRole - RaftServer{raft-partition-3}{role=FOLLOWER} - Received AppendRequest{term=1, leader=2, prevLogIndex=2, prevLogTerm=1, entries=2, commitIndex=2}
04:51:29.587 [raft-server-raft-partition-3] TRACE i.a.p.raft.roles.FollowerRole - RaftServer{raft-partition-3}{role=FOLLOWER} - Appended Indexed{index=3, entry=KeepAliveEntry{term=1, timestamp=2018-06-09 04:51:29,577, sessionIds=long[]{length=1, hash=33}, commandSequences=long[]{length=1, hash=31}, eventIndexes=long[]{length=1, hash=33}}}
04:51:29.587 [raft-server-raft-partition-3] TRACE i.a.p.raft.roles.FollowerRole - RaftServer{raft-partition-3}{role=FOLLOWER} - Appended Indexed{index=3, entry=KeepAliveEntry{term=1, timestamp=2018-06-09 04:51:29,577, sessionIds=long[]{length=1, hash=33}, commandSequences=long[]{length=1, hash=31}, eventIndexes=long[]{length=1, hash=33}}}
04:51:29.587 [raft-server-raft-partition-3] TRACE i.a.p.raft.roles.FollowerRole - RaftServer{raft-partition-3}{role=FOLLOWER} - Appended Indexed{index=4, entry=CommandEntry{term=1, timestamp=2018-06-09 04:51:29,586, session=2, sequence=1, operation=PrimitiveOperation{id=DefaultOperationId{id=acquire, type=COMMAND}, value=byte[]{length=9, hash=-244871365}}}}
04:51:29.587 [raft-server-raft-partition-3] TRACE i.a.p.raft.roles.FollowerRole - RaftServer{raft-partition-3}{role=FOLLOWER} - Appended Indexed{index=4, entry=CommandEntry{term=1, timestamp=2018-06-09 04:51:29,586, session=2, sequence=1, operation=PrimitiveOperation{id=DefaultOperationId{id=acquire, type=COMMAND}, value=byte[]{length=9, hash=-244871365}}}}
04:51:29.587 [raft-server-raft-partition-3] TRACE i.a.p.raft.roles.FollowerRole - RaftServer{raft-partition-3}{role=FOLLOWER} - Sending AppendResponse{status=OK, term=1, succeeded=true, lastLogIndex=4}
04:51:29.587 [raft-server-raft-partition-3] TRACE i.a.p.raft.roles.FollowerRole - RaftServer{raft-partition-3}{role=FOLLOWER} - Sending AppendResponse{status=OK, term=1, succeeded=true, lastLogIndex=4}
04:51:29.587 [raft-server-raft-partition-3] TRACE i.a.p.raft.roles.LeaderAppender - RaftServer{raft-partition-3} - Received AppendResponse{status=OK, term=1, succeeded=true, lastLogIndex=4} from 3
04:51:29.587 [raft-server-raft-partition-3] TRACE i.a.p.raft.roles.LeaderAppender - RaftServer{raft-partition-3} - Committed entries up to 4
04:51:29.682 [raft-server-raft-partition-1] TRACE i.a.p.raft.roles.LeaderAppender - RaftServer{raft-partition-1} - Sending AppendRequest{term=1, leader=3, prevLogIndex=1, prevLogTerm=1, entries=0, commitIndex=1} to 1
04:51:29.682 [raft-server-raft-partition-1] TRACE i.a.p.raft.roles.LeaderAppender - RaftServer{raft-partition-1} - Sending AppendRequest{term=1, leader=3, prevLogIndex=1, prevLogTerm=1, entries=0, commitIndex=1} to 2
04:51:29.683 [raft-server-raft-partition-1] TRACE i.a.p.raft.roles.FollowerRole - RaftServer{raft-partition-1}{role=FOLLOWER} - Received AppendRequest{term=1, leader=3, prevLogIndex=1, prevLogTerm=1, entries=0, commitIndex=1}
04:51:29.683 [raft-server-raft-partition-1] TRACE i.a.p.raft.roles.FollowerRole - RaftServer{raft-partition-1}{role=FOLLOWER} - Received AppendRequest{term=1, leader=3, prevLogIndex=1, prevLogTerm=1, entries=0, commitIndex=1}
04:51:29.683 [raft-server-raft-partition-1] TRACE i.a.p.raft.roles.FollowerRole - RaftServer{raft-partition-1}{role=FOLLOWER} - Sending AppendResponse{status=OK, term=1, succeeded=true, lastLogIndex=1}
04:51:29.683 [raft-server-raft-partition-1] TRACE i.a.p.raft.roles.FollowerRole - RaftServer{raft-partition-1}{role=FOLLOWER} - Sending AppendResponse{status=OK, term=1, succeeded=true, lastLogIndex=1}
04:51:29.683 [raft-server-raft-partition-1] TRACE i.a.p.raft.roles.LeaderAppender - RaftServer{raft-partition-1} - Received AppendResponse{status=OK, term=1, succeeded=true, lastLogIndex=1} from 2
04:51:29.683 [raft-server-raft-partition-1] TRACE i.a.p.raft.roles.LeaderAppender - RaftServer{raft-partition-1} - Sending AppendRequest{term=1, leader=3, prevLogIndex=1, prevLogTerm=1, entries=0, commitIndex=1} to 2
04:51:29.683 [raft-server-raft-partition-1] TRACE i.a.p.raft.roles.LeaderAppender - RaftServer{raft-partition-1} - Received AppendResponse{status=OK, term=1, succeeded=true, lastLogIndex=1} from 1
04:51:29.683 [raft-server-raft-partition-1] TRACE i.a.p.raft.roles.LeaderAppender - RaftServer{raft-partition-1} - Sending AppendRequest{term=1, leader=3, prevLogIndex=1, prevLogTerm=1, entries=0, commitIndex=1} to 1
04:51:29.683 [raft-server-raft-partition-1] TRACE i.a.p.raft.roles.FollowerRole - RaftServer{raft-partition-1}{role=FOLLOWER} - Received AppendRequest{term=1, leader=3, prevLogIndex=1, prevLogTerm=1, entries=0, commitIndex=1}
04:51:29.683 [raft-server-raft-partition-1] TRACE i.a.p.raft.roles.FollowerRole - RaftServer{raft-partition-1}{role=FOLLOWER} - Received AppendRequest{term=1, leader=3, prevLogIndex=1, prevLogTerm=1, entries=0, commitIndex=1}
04:51:29.683 [raft-server-raft-partition-1] TRACE i.a.p.raft.roles.FollowerRole - RaftServer{raft-partition-1}{role=FOLLOWER} - Sending AppendResponse{status=OK, term=1, succeeded=true, lastLogIndex=1}
04:51:29.683 [raft-server-raft-partition-1] TRACE i.a.p.raft.roles.FollowerRole - RaftServer{raft-partition-1}{role=FOLLOWER} - Sending AppendResponse{status=OK, term=1, succeeded=true, lastLogIndex=1}
04:51:29.684 [raft-server-raft-partition-1] TRACE i.a.p.raft.roles.LeaderAppender - RaftServer{raft-partition-1} - Received AppendResponse{status=OK, term=1, succeeded=true, lastLogIndex=1} from 2
04:51:29.684 [raft-server-raft-partition-1] TRACE i.a.p.raft.roles.LeaderAppender - RaftServer{raft-partition-1} - Received AppendResponse{status=OK, term=1, succeeded=true, lastLogIndex=1} from 1
04:51:29.723 [raft-server-system-partition-1] TRACE i.a.p.raft.roles.FollowerRole - RaftServer{system-partition-1}{role=FOLLOWER} - Committed entries up to index 60
04:51:29.723 [raft-server-system-partition-1] TRACE i.a.p.raft.roles.FollowerRole - RaftServer{system-partition-1}{role=FOLLOWER} - Sending AppendResponse{status=OK, term=1, succeeded=true, lastLogIndex=60}
04:51:29.723 [raft-server-system-partition-1] TRACE i.a.p.raft.roles.FollowerRole - RaftServer{system-partition-1}{role=FOLLOWER} - Committed entries up to index 60
04:51:29.723 [raft-server-system-partition-1] TRACE i.a.p.raft.roles.FollowerRole - RaftServer{system-partition-1}{role=FOLLOWER} - Sending AppendResponse{status=OK, term=1, succeeded=true, lastLogIndex=60}
04:51:29.723 [raft-server-system-partition-1-state] TRACE i.a.p.raft.impl.RaftServiceManager - RaftServer{system-partition-1} - Applying Indexed{index=60, entry=CommandEntry{term=1, timestamp=2018-06-09 04:51:29,065, session=57, sequence=2, operation=PrimitiveOperation{id=DefaultOperationId{id=putIfAbsentWithTtl, type=COMMAND}, value=byte[]{length=43, hash=628892754}}}}
04:51:29.723 [raft-server-system-partition-1-state] TRACE i.a.p.raft.impl.RaftServiceManager - RaftServer{system-partition-1} - Applying Indexed{index=60, entry=CommandEntry{term=1, timestamp=2018-06-09 04:51:29,065, session=57, sequence=2, operation=PrimitiveOperation{id=DefaultOperationId{id=putIfAbsentWithTtl, type=COMMAND}, value=byte[]{length=43, hash=628892754}}}}
04:51:29.723 [raft-server-system-partition-1] TRACE i.a.p.raft.roles.LeaderAppender - RaftServer{system-partition-1} - Received AppendResponse{status=OK, term=1, succeeded=true, lastLogIndex=60} from 2
04:51:29.723 [raft-server-system-partition-1] TRACE i.a.p.raft.roles.LeaderAppender - RaftServer{system-partition-1} - Sending AppendRequest{term=1, leader=3, prevLogIndex=60, prevLogTerm=1, entries=0, commitIndex=60} to 2
04:51:29.723 [raft-server-system-partition-1] TRACE i.a.p.raft.roles.LeaderAppender - RaftServer{system-partition-1} - Received AppendResponse{status=OK, term=1, succeeded=true, lastLogIndex=60} from 1
04:51:29.723 [raft-server-system-partition-1] TRACE i.a.p.raft.roles.LeaderAppender - RaftServer{system-partition-1} - Sending AppendRequest{term=1, leader=3, prevLogIndex=60, prevLogTerm=1, entries=0, commitIndex=60} to 1
04:51:29.723 [raft-server-system-partition-1] TRACE i.a.p.raft.roles.FollowerRole - RaftServer{system-partition-1}{role=FOLLOWER} - Received AppendRequest{term=1, leader=3, prevLogIndex=60, prevLogTerm=1, entries=0, commitIndex=60}
04:51:29.723 [raft-server-system-partition-1] TRACE i.a.p.raft.roles.FollowerRole - RaftServer{system-partition-1}{role=FOLLOWER} - Sending AppendResponse{status=OK, term=1, succeeded=true, lastLogIndex=60}
04:51:29.724 [raft-server-system-partition-1] TRACE i.a.p.raft.roles.FollowerRole - RaftServer{system-partition-1}{role=FOLLOWER} - Received AppendRequest{term=1, leader=3, prevLogIndex=60, prevLogTerm=1, entries=0, commitIndex=60}
04:51:29.724 [raft-server-system-partition-1] TRACE i.a.p.raft.roles.FollowerRole - RaftServer{system-partition-1}{role=FOLLOWER} - Sending AppendResponse{status=OK, term=1, succeeded=true, lastLogIndex=60}
04:51:29.724 [raft-server-system-partition-1] TRACE i.a.p.raft.roles.LeaderAppender - RaftServer{system-partition-1} - Received AppendResponse{status=OK, term=1, succeeded=true, lastLogIndex=60} from 2
04:51:29.724 [raft-server-system-partition-1] TRACE i.a.p.raft.roles.LeaderAppender - RaftServer{system-partition-1} - Received AppendResponse{status=OK, term=1, succeeded=true, lastLogIndex=60} from 1
04:51:29.752 [raft-server-raft-partition-3] TRACE i.a.p.raft.roles.LeaderAppender - RaftServer{raft-partition-3} - Received AppendResponse{status=OK, term=1, succeeded=true, lastLogIndex=4} from 1
04:51:29.752 [raft-server-raft-partition-3] TRACE i.a.p.raft.roles.LeaderAppender - RaftServer{raft-partition-3} - Sending AppendRequest{term=1, leader=2, prevLogIndex=4, prevLogTerm=1, entries=0, commitIndex=4} to 3
04:51:29.752 [raft-server-raft-partition-3] TRACE i.a.p.raft.roles.LeaderAppender - RaftServer{raft-partition-3} - Sending AppendRequest{term=1, leader=2, prevLogIndex=4, prevLogTerm=1, entries=0, commitIndex=4} to 1
04:51:29.752 [raft-server-raft-partition-3-state] TRACE i.a.p.raft.impl.RaftServiceManager - RaftServer{raft-partition-3} - Applying Indexed{index=3, entry=KeepAliveEntry{term=1, timestamp=2018-06-09 04:51:29,577, sessionIds=long[]{length=1, hash=33}, commandSequences=long[]{length=1, hash=31}, eventIndexes=long[]{length=1, hash=33}}}
04:51:29.752 [raft-server-raft-partition-3-state] TRACE i.a.p.raft.impl.RaftServiceManager - RaftServer{raft-partition-3} - Applying Indexed{index=4, entry=CommandEntry{term=1, timestamp=2018-06-09 04:51:29,586, session=2, sequence=1, operation=PrimitiveOperation{id=DefaultOperationId{id=acquire, type=COMMAND}, value=byte[]{length=9, hash=-244871365}}}}
04:51:29.752 [raft-server-raft-partition-3] TRACE i.a.p.raft.roles.FollowerRole - RaftServer{raft-partition-3}{role=FOLLOWER} - Received AppendRequest{term=1, leader=2, prevLogIndex=4, prevLogTerm=1, entries=0, commitIndex=4}
04:51:29.752 [raft-server-raft-partition-3] TRACE i.a.protocols.raft.roles.LeaderRole - RaftServer{raft-partition-3}{role=LEADER} - Sending KeepAliveResponse{status=OK, leader=2, members=[3, 1, 2], sessionIds=long[]{length=1, hash=33}}
04:51:29.752 [raft-server-raft-partition-3] TRACE i.a.p.raft.roles.FollowerRole - RaftServer{raft-partition-3}{role=FOLLOWER} - Received AppendRequest{term=1, leader=2, prevLogIndex=4, prevLogTerm=1, entries=0, commitIndex=4}
04:51:29.754 [raft-server-raft-partition-3-state] TRACE i.a.protocols.raft.roles.LeaderRole - RaftServer{raft-partition-3}{role=LEADER} - Sending CommandResponse{status=OK, index=4, eventIndex=2, result=null}
04:51:29.754 [raft-server-raft-partition-3-0] TRACE i.a.p.raft.session.RaftSession - Session{2}{type=DistributedSemaphoreType{name=semaphore}, name=test-semaphore-timeout} - Sending PublishRequest{session=2, eventIndex=4, previousIndex=2, events=[PrimitiveEvent{type=failed, value=byte[]{length=5, hash=77607758}}]}
04:51:29.754 [raft-client-raft-partition-3-3] TRACE i.a.p.r.proxy.impl.RaftProxyListener - SessionClient{2}{type=DistributedSemaphoreType{name=semaphore}, name=test-semaphore-timeout} - Received PublishRequest{session=2, eventIndex=4, previousIndex=2, events=[PrimitiveEvent{type=failed, value=byte[]{length=5, hash=77607758}}]}
04:51:29.781 [raft-server-raft-partition-3] TRACE i.a.p.raft.roles.FollowerRole - RaftServer{raft-partition-3}{role=FOLLOWER} - Committed entries up to index 4
04:51:29.781 [raft-server-raft-partition-3] TRACE i.a.p.raft.roles.FollowerRole - RaftServer{raft-partition-3}{role=FOLLOWER} - Sending AppendResponse{status=OK, term=1, succeeded=true, lastLogIndex=4}
04:51:29.781 [raft-server-raft-partition-3] TRACE i.a.p.raft.roles.FollowerRole - RaftServer{raft-partition-3}{role=FOLLOWER} - Sending CommandResponse{status=OK, index=4, eventIndex=2, result=null}
04:51:29.781 [raft-server-raft-partition-3-state] TRACE i.a.p.raft.impl.RaftServiceManager - RaftServer{raft-partition-3} - Applying Indexed{index=3, entry=KeepAliveEntry{term=1, timestamp=2018-06-09 04:51:29,577, sessionIds=long[]{length=1, hash=33}, commandSequences=long[]{length=1, hash=31}, eventIndexes=long[]{length=1, hash=33}}}
04:51:29.781 [raft-server-raft-partition-3-state] TRACE i.a.p.raft.impl.RaftServiceManager - RaftServer{raft-partition-3} - Applying Indexed{index=4, entry=CommandEntry{term=1, timestamp=2018-06-09 04:51:29,586, session=2, sequence=1, operation=PrimitiveOperation{id=DefaultOperationId{id=acquire, type=COMMAND}, value=byte[]{length=9, hash=-244871365}}}}
04:51:29.781 [raft-server-raft-partition-3] TRACE i.a.p.raft.roles.LeaderAppender - RaftServer{raft-partition-3} - Received AppendResponse{status=OK, term=1, succeeded=true, lastLogIndex=4} from 3
04:51:29.781 [raft-client-raft-partition-3-5] TRACE i.a.p.r.p.impl.RaftProxyConnection - SessionClient{2}{type=DistributedSemaphoreType{name=semaphore}, name=test-semaphore-timeout} - Received CommandResponse{status=OK, index=4, eventIndex=2, result=null} from 3
04:51:29.781 [raft-server-raft-partition-3] TRACE i.a.p.raft.roles.LeaderAppender - RaftServer{raft-partition-3} - Sending AppendRequest{term=1, leader=2, prevLogIndex=4, prevLogTerm=1, entries=0, commitIndex=4} to 3
04:51:29.781 [raft-client-raft-partition-3-5] TRACE i.a.p.r.p.impl.RaftProxySequencer - SessionClient{2}{type=DistributedSemaphoreType{name=semaphore}, name=test-semaphore-timeout} - Completing response CommandResponse{status=OK, index=4, eventIndex=2, result=null}
04:51:29.781 [raft-client-raft-partition-3-5] TRACE i.a.p.r.p.impl.RaftProxySequencer - SessionClient{2}{type=DistributedSemaphoreType{name=semaphore}, name=test-semaphore-timeout} - Completing PublishRequest{session=2, eventIndex=4, previousIndex=2, events=[PrimitiveEvent{type=failed, value=byte[]{length=5, hash=77607758}}]}
04:51:29.781 [raft-server-raft-partition-3] TRACE i.a.p.raft.roles.FollowerRole - RaftServer{raft-partition-3}{role=FOLLOWER} - Received AppendRequest{term=1, leader=2, prevLogIndex=4, prevLogTerm=1, entries=0, commitIndex=4}
04:51:29.781 [raft-server-raft-partition-3] TRACE i.a.p.raft.roles.FollowerRole - RaftServer{raft-partition-3}{role=FOLLOWER} - Sending AppendResponse{status=OK, term=1, succeeded=true, lastLogIndex=4}
04:51:29.782 [raft-server-raft-partition-3] TRACE i.a.p.raft.roles.LeaderAppender - RaftServer{raft-partition-3} - Received AppendResponse{status=OK, term=1, succeeded=true, lastLogIndex=4} from 3
04:51:29.782 [raft-client-raft-partition-3-6] TRACE i.a.p.r.p.impl.RaftProxyConnection - SessionClient{2}{type=DistributedSemaphoreType{name=semaphore}, name=test-semaphore-timeout} - Sending CommandRequest{session=2, sequence=2, operation=PrimitiveOperation{id=DefaultOperationId{id=acquire, type=COMMAND}, value=byte[]{length=9, hash=-243026245}}} to 3
04:51:29.782 [raft-server-raft-partition-3] TRACE i.a.p.raft.roles.FollowerRole - RaftServer{raft-partition-3}{role=FOLLOWER} - Received CommandRequest{session=2, sequence=2, operation=PrimitiveOperation{id=DefaultOperationId{id=acquire, type=COMMAND}, value=byte[]{length=9, hash=-243026245}}}
04:51:29.782 [raft-server-raft-partition-3] TRACE i.a.protocols.raft.roles.LeaderRole - RaftServer{raft-partition-3}{role=LEADER} - Received CommandRequest{session=2, sequence=2, operation=PrimitiveOperation{id=DefaultOperationId{id=acquire, type=COMMAND}, value=byte[]{length=9, hash=-243026245}}}
04:51:29.782 [raft-server-raft-partition-3] TRACE i.a.protocols.raft.roles.LeaderRole - RaftServer{raft-partition-3}{role=LEADER} - Appended Indexed{index=5, entry=CommandEntry{term=1, timestamp=2018-06-09 04:51:29,782, session=2, sequence=2, operation=PrimitiveOperation{id=DefaultOperationId{id=acquire, type=COMMAND}, value=byte[]{length=9, hash=-243026245}}}}
04:51:29.782 [raft-server-raft-partition-3] TRACE i.a.p.raft.roles.LeaderAppender - RaftServer{raft-partition-3} - Sending AppendRequest{term=1, leader=2, prevLogIndex=4, prevLogTerm=1, entries=1, commitIndex=4} to 3
04:51:29.782 [raft-server-raft-partition-3] TRACE i.a.p.raft.roles.FollowerRole - RaftServer{raft-partition-3}{role=FOLLOWER} - Received AppendRequest{term=1, leader=2, prevLogIndex=4, prevLogTerm=1, entries=1, commitIndex=4}
04:51:29.783 [raft-server-raft-partition-3] TRACE i.a.p.raft.roles.FollowerRole - RaftServer{raft-partition-3}{role=FOLLOWER} - Appended Indexed{index=5, entry=CommandEntry{term=1, timestamp=2018-06-09 04:51:29,782, session=2, sequence=2, operation=PrimitiveOperation{id=DefaultOperationId{id=acquire, type=COMMAND}, value=byte[]{length=9, hash=-243026245}}}}
04:51:29.783 [raft-server-raft-partition-3] TRACE i.a.p.raft.roles.FollowerRole - RaftServer{raft-partition-3}{role=FOLLOWER} - Sending AppendResponse{status=OK, term=1, succeeded=true, lastLogIndex=5}
04:51:29.783 [raft-server-raft-partition-3] TRACE i.a.p.raft.roles.LeaderAppender - RaftServer{raft-partition-3} - Received AppendResponse{status=OK, term=1, succeeded=true, lastLogIndex=5} from 3
04:51:29.783 [raft-server-raft-partition-3] TRACE i.a.p.raft.roles.LeaderAppender - RaftServer{raft-partition-3} - Committed entries up to 5
04:51:29.791 [raft-server-raft-partition-2] TRACE i.a.p.raft.roles.LeaderAppender - RaftServer{raft-partition-2} - Sending AppendRequest{term=1, leader=1, prevLogIndex=9, prevLogTerm=1, entries=0, commitIndex=9} to 3
04:51:29.791 [raft-server-raft-partition-2] TRACE i.a.p.raft.roles.LeaderAppender - RaftServer{raft-partition-2} - Sending AppendRequest{term=1, leader=1, prevLogIndex=9, prevLogTerm=1, entries=0, commitIndex=9} to 2
04:51:29.791 [raft-server-raft-partition-2] TRACE i.a.p.raft.roles.FollowerRole - RaftServer{raft-partition-2}{role=FOLLOWER} - Received AppendRequest{term=1, leader=1, prevLogIndex=9, prevLogTerm=1, entries=0, commitIndex=9}
04:51:29.791 [raft-server-raft-partition-2] TRACE i.a.p.raft.roles.FollowerRole - RaftServer{raft-partition-2}{role=FOLLOWER} - Received AppendRequest{term=1, leader=1, prevLogIndex=9, prevLogTerm=1, entries=0, commitIndex=9}
04:51:29.791 [raft-server-raft-partition-2] TRACE i.a.p.raft.roles.FollowerRole - RaftServer{raft-partition-2}{role=FOLLOWER} - Sending AppendResponse{status=OK, term=1, succeeded=true, lastLogIndex=9}
04:51:29.791 [raft-server-raft-partition-2] TRACE i.a.p.raft.roles.FollowerRole - RaftServer{raft-partition-2}{role=FOLLOWER} - Sending AppendResponse{status=OK, term=1, succeeded=true, lastLogIndex=9}
04:51:29.791 [raft-server-raft-partition-2] TRACE i.a.p.raft.roles.LeaderAppender - RaftServer{raft-partition-2} - Received AppendResponse{status=OK, term=1, succeeded=true, lastLogIndex=9} from 2
04:51:29.791 [raft-server-raft-partition-2] TRACE i.a.p.raft.roles.LeaderAppender - RaftServer{raft-partition-2} - Sending AppendRequest{term=1, leader=1, prevLogIndex=9, prevLogTerm=1, entries=0, commitIndex=9} to 2
04:51:29.791 [raft-server-raft-partition-2] TRACE i.a.p.raft.roles.LeaderAppender - RaftServer{raft-partition-2} - Received AppendResponse{status=OK, term=1, succeeded=true, lastLogIndex=9} from 3
04:51:29.791 [raft-server-raft-partition-2] TRACE i.a.p.raft.roles.LeaderAppender - RaftServer{raft-partition-2} - Sending AppendRequest{term=1, leader=1, prevLogIndex=9, prevLogTerm=1, entries=0, commitIndex=9} to 3
04:51:29.792 [raft-server-raft-partition-2] TRACE i.a.p.raft.roles.FollowerRole - RaftServer{raft-partition-2}{role=FOLLOWER} - Received AppendRequest{term=1, leader=1, prevLogIndex=9, prevLogTerm=1, entries=0, commitIndex=9}
04:51:29.792 [raft-server-raft-partition-2] TRACE i.a.p.raft.roles.FollowerRole - RaftServer{raft-partition-2}{role=FOLLOWER} - Received AppendRequest{term=1, leader=1, prevLogIndex=9, prevLogTerm=1, entries=0, commitIndex=9}
04:51:29.792 [raft-server-raft-partition-2] TRACE i.a.p.raft.roles.FollowerRole - RaftServer{raft-partition-2}{role=FOLLOWER} - Sending AppendResponse{status=OK, term=1, succeeded=true, lastLogIndex=9}
04:51:29.792 [raft-server-raft-partition-2] TRACE i.a.p.raft.roles.FollowerRole - RaftServer{raft-partition-2}{role=FOLLOWER} - Sending AppendResponse{status=OK, term=1, succeeded=true, lastLogIndex=9}
04:51:29.792 [raft-server-raft-partition-2] TRACE i.a.p.raft.roles.LeaderAppender - RaftServer{raft-partition-2} - Received AppendResponse{status=OK, term=1, succeeded=true, lastLogIndex=9} from 2
04:51:29.792 [raft-server-raft-partition-2] TRACE i.a.p.raft.roles.LeaderAppender - RaftServer{raft-partition-2} - Sending AppendRequest{term=1, leader=1, prevLogIndex=9, prevLogTerm=1, entries=0, commitIndex=9} to 2
04:51:29.792 [raft-server-raft-partition-2] TRACE i.a.p.raft.roles.LeaderAppender - RaftServer{raft-partition-2} - Received AppendResponse{status=OK, term=1, succeeded=true, lastLogIndex=9} from 3
04:51:29.792 [raft-server-raft-partition-2] TRACE i.a.p.raft.roles.LeaderAppender - RaftServer{raft-partition-2} - Sending AppendRequest{term=1, leader=1, prevLogIndex=9, prevLogTerm=1, entries=0, commitIndex=9} to 3
04:51:29.792 [raft-server-raft-partition-2] TRACE i.a.p.raft.roles.FollowerRole - RaftServer{raft-partition-2}{role=FOLLOWER} - Received AppendRequest{term=1, leader=1, prevLogIndex=9, prevLogTerm=1, entries=0, commitIndex=9}
04:51:29.792 [raft-server-raft-partition-2] TRACE i.a.p.raft.roles.FollowerRole - RaftServer{raft-partition-2}{role=FOLLOWER} - Sending AppendResponse{status=OK, term=1, succeeded=true, lastLogIndex=9}
04:51:29.792 [raft-server-raft-partition-2] TRACE i.a.p.raft.roles.FollowerRole - RaftServer{raft-partition-2}{role=FOLLOWER} - Received AppendRequest{term=1, leader=1, prevLogIndex=9, prevLogTerm=1, entries=0, commitIndex=9}
04:51:29.792 [raft-server-raft-partition-2] TRACE i.a.p.raft.roles.FollowerRole - RaftServer{raft-partition-2}{role=FOLLOWER} - Sending AppendResponse{status=OK, term=1, succeeded=true, lastLogIndex=9}
04:51:29.792 [raft-server-raft-partition-2] TRACE i.a.p.raft.roles.LeaderAppender - RaftServer{raft-partition-2} - Received AppendResponse{status=OK, term=1, succeeded=true, lastLogIndex=9} from 2
04:51:29.792 [raft-server-raft-partition-2] TRACE i.a.p.raft.roles.LeaderAppender - RaftServer{raft-partition-2} - Received AppendResponse{status=OK, term=1, succeeded=true, lastLogIndex=9} from 3
04:51:29.818 [raft-server-raft-partition-3] TRACE i.a.p.raft.roles.FollowerRole - RaftServer{raft-partition-3}{role=FOLLOWER} - Committed entries up to index 4
04:51:29.818 [raft-server-raft-partition-3] TRACE i.a.p.raft.roles.FollowerRole - RaftServer{raft-partition-3}{role=FOLLOWER} - Sending AppendResponse{status=OK, term=1, succeeded=true, lastLogIndex=4}
04:51:29.818 [raft-server-raft-partition-3] TRACE i.a.p.raft.roles.FollowerRole - RaftServer{raft-partition-3}{role=FOLLOWER} - Sending KeepAliveResponse{status=OK, leader=2, members=[3, 1, 2], sessionIds=long[]{length=1, hash=33}}
04:51:29.818 [raft-server-raft-partition-3-state] TRACE i.a.p.raft.impl.RaftServiceManager - RaftServer{raft-partition-3} - Applying Indexed{index=3, entry=KeepAliveEntry{term=1, timestamp=2018-06-09 04:51:29,577, sessionIds=long[]{length=1, hash=33}, commandSequences=long[]{length=1, hash=31}, eventIndexes=long[]{length=1, hash=33}}}
04:51:29.819 [raft-server-raft-partition-3-state] TRACE i.a.p.raft.impl.RaftServiceManager - RaftServer{raft-partition-3} - Applying Indexed{index=4, entry=CommandEntry{term=1, timestamp=2018-06-09 04:51:29,586, session=2, sequence=1, operation=PrimitiveOperation{id=DefaultOperationId{id=acquire, type=COMMAND}, value=byte[]{length=9, hash=-244871365}}}}
04:51:29.819 [raft-client-raft-partition-3-1] TRACE i.a.p.r.p.impl.RaftProxyConnection - RaftClient{raft-partition-3} - Received KeepAliveResponse{status=OK, leader=2, members=[3, 1, 2], sessionIds=long[]{length=1, hash=33}} from 1
04:51:29.819 [raft-client-raft-partition-3-7] TRACE i.a.p.r.p.impl.RaftProxyConnection - SessionClient{2}{type=DistributedSemaphoreType{name=semaphore}, name=test-semaphore-timeout} - Sending CommandRequest{session=2, sequence=2, operation=PrimitiveOperation{id=DefaultOperationId{id=acquire, type=COMMAND}, value=byte[]{length=9, hash=-243026245}}} to 3
04:51:29.819 [raft-server-raft-partition-3] TRACE i.a.p.raft.roles.FollowerRole - RaftServer{raft-partition-3}{role=FOLLOWER} - Received CommandRequest{session=2, sequence=2, operation=PrimitiveOperation{id=DefaultOperationId{id=acquire, type=COMMAND}, value=byte[]{length=9, hash=-243026245}}}
04:51:29.852 [raft-server-raft-partition-3] TRACE i.a.p.raft.roles.LeaderAppender - RaftServer{raft-partition-3} - Received AppendResponse{status=OK, term=1, succeeded=true, lastLogIndex=4} from 1
04:51:29.852 [raft-server-raft-partition-3] TRACE i.a.p.raft.roles.LeaderAppender - RaftServer{raft-partition-3} - Sending AppendRequest{term=1, leader=2, prevLogIndex=4, prevLogTerm=1, entries=1, commitIndex=5} to 1
04:51:29.852 [raft-server-raft-partition-3] TRACE i.a.protocols.raft.roles.LeaderRole - RaftServer{raft-partition-3}{role=LEADER} - Received CommandRequest{session=2, sequence=2, operation=PrimitiveOperation{id=DefaultOperationId{id=acquire, type=COMMAND}, value=byte[]{length=9, hash=-243026245}}}
04:51:29.852 [raft-server-raft-partition-3] TRACE i.a.protocols.raft.roles.LeaderRole - RaftServer{raft-partition-3}{role=LEADER} - Appended Indexed{index=6, entry=CommandEntry{term=1, timestamp=2018-06-09 04:51:29,852, session=2, sequence=2, operation=PrimitiveOperation{id=DefaultOperationId{id=acquire, type=COMMAND}, value=byte[]{length=9, hash=-243026245}}}}
04:51:29.852 [raft-server-raft-partition-3] TRACE i.a.p.raft.roles.FollowerRole - RaftServer{raft-partition-3}{role=FOLLOWER} - Received AppendRequest{term=1, leader=2, prevLogIndex=4, prevLogTerm=1, entries=1, commitIndex=5}
04:51:29.852 [raft-server-raft-partition-3] TRACE i.a.p.raft.roles.LeaderAppender - RaftServer{raft-partition-3} - Sending AppendRequest{term=1, leader=2, prevLogIndex=5, prevLogTerm=1, entries=1, commitIndex=5} to 3
04:51:29.852 [raft-server-raft-partition-3-state] TRACE i.a.p.raft.impl.RaftServiceManager - RaftServer{raft-partition-3} - Applying Indexed{index=5, entry=CommandEntry{term=1, timestamp=2018-06-09 04:51:29,782, session=2, sequence=2, operation=PrimitiveOperation{id=DefaultOperationId{id=acquire, type=COMMAND}, value=byte[]{length=9, hash=-243026245}}}}
04:51:29.852 [raft-server-raft-partition-3] TRACE i.a.p.raft.roles.FollowerRole - RaftServer{raft-partition-3}{role=FOLLOWER} - Appended Indexed{index=5, entry=CommandEntry{term=1, timestamp=2018-06-09 04:51:29,782, session=2, sequence=2, operation=PrimitiveOperation{id=DefaultOperationId{id=acquire, type=COMMAND}, value=byte[]{length=9, hash=-243026245}}}}
04:51:29.852 [raft-server-raft-partition-3] TRACE i.a.p.raft.roles.FollowerRole - RaftServer{raft-partition-3}{role=FOLLOWER} - Received AppendRequest{term=1, leader=2, prevLogIndex=5, prevLogTerm=1, entries=1, commitIndex=5}
04:51:29.867 [raft-server-raft-partition-3] TRACE i.a.p.raft.roles.FollowerRole - RaftServer{raft-partition-3}{role=FOLLOWER} - Appended Indexed{index=6, entry=CommandEntry{term=1, timestamp=2018-06-09 04:51:29,852, session=2, sequence=2, operation=PrimitiveOperation{id=DefaultOperationId{id=acquire, type=COMMAND}, value=byte[]{length=9, hash=-243026245}}}}
04:51:29.867 [raft-server-raft-partition-3-state] TRACE i.a.protocols.raft.roles.LeaderRole - RaftServer{raft-partition-3}{role=LEADER} - Sending CommandResponse{status=OK, index=5, eventIndex=4, result=null}
04:51:29.867 [raft-server-raft-partition-3-0] TRACE i.a.p.raft.session.RaftSession - Session{2}{type=DistributedSemaphoreType{name=semaphore}, name=test-semaphore-timeout} - Sending PublishRequest{session=2, eventIndex=5, previousIndex=4, events=[PrimitiveEvent{type=succeeded, value=byte[]{length=9, hash=-242827515}}]}
04:51:29.868 [raft-client-raft-partition-3-3] TRACE i.a.p.r.proxy.impl.RaftProxyListener - SessionClient{2}{type=DistributedSemaphoreType{name=semaphore}, name=test-semaphore-timeout} - Received PublishRequest{session=2, eventIndex=5, previousIndex=4, events=[PrimitiveEvent{type=succeeded, value=byte[]{length=9, hash=-242827515}}]}
04:51:29.927 [raft-server-raft-partition-3] TRACE i.a.p.raft.roles.FollowerRole - RaftServer{raft-partition-3}{role=FOLLOWER} - Committed entries up to index 5
04:51:29.927 [raft-server-raft-partition-3] TRACE i.a.p.raft.roles.FollowerRole - RaftServer{raft-partition-3}{role=FOLLOWER} - Sending AppendResponse{status=OK, term=1, succeeded=true, lastLogIndex=5}
04:51:29.927 [raft-server-raft-partition-3-state] TRACE i.a.p.raft.impl.RaftServiceManager - RaftServer{raft-partition-3} - Applying Indexed{index=5, entry=CommandEntry{term=1, timestamp=2018-06-09 04:51:29,782, session=2, sequence=2, operation=PrimitiveOperation{id=DefaultOperationId{id=acquire, type=COMMAND}, value=byte[]{length=9, hash=-243026245}}}}
04:51:29.927 [raft-server-raft-partition-3] TRACE i.a.p.raft.roles.LeaderAppender - RaftServer{raft-partition-3} - Received AppendResponse{status=OK, term=1, succeeded=true, lastLogIndex=5} from 1
04:51:29.927 [raft-server-raft-partition-3] TRACE i.a.p.raft.roles.LeaderAppender - RaftServer{raft-partition-3} - Sending AppendRequest{term=1, leader=2, prevLogIndex=5, prevLogTerm=1, entries=1, commitIndex=5} to 1
04:51:29.927 [raft-server-raft-partition-3] TRACE i.a.p.raft.roles.FollowerRole - RaftServer{raft-partition-3}{role=FOLLOWER} - Received AppendRequest{term=1, leader=2, prevLogIndex=5, prevLogTerm=1, entries=1, commitIndex=5}
04:51:29.927 [raft-server-raft-partition-3] TRACE i.a.p.raft.roles.FollowerRole - RaftServer{raft-partition-3}{role=FOLLOWER} - Appended Indexed{index=6, entry=CommandEntry{term=1, timestamp=2018-06-09 04:51:29,852, session=2, sequence=2, operation=PrimitiveOperation{id=DefaultOperationId{id=acquire, type=COMMAND}, value=byte[]{length=9, hash=-243026245}}}}
04:51:29.927 [raft-server-raft-partition-3] TRACE i.a.p.raft.roles.FollowerRole - RaftServer{raft-partition-3}{role=FOLLOWER} - Sending AppendResponse{status=OK, term=1, succeeded=true, lastLogIndex=6}
04:51:29.928 [raft-server-raft-partition-3] TRACE i.a.p.raft.roles.LeaderAppender - RaftServer{raft-partition-3} - Received AppendResponse{status=OK, term=1, succeeded=true, lastLogIndex=6} from 1
04:51:29.928 [raft-server-raft-partition-3] TRACE i.a.p.raft.roles.LeaderAppender - RaftServer{raft-partition-3} - Committed entries up to 6
04:51:29.932 [raft-server-raft-partition-1] TRACE i.a.p.raft.roles.LeaderAppender - RaftServer{raft-partition-1} - Sending AppendRequest{term=1, leader=3, prevLogIndex=1, prevLogTerm=1, entries=0, commitIndex=1} to 1
04:51:29.932 [raft-server-raft-partition-1] TRACE i.a.p.raft.roles.LeaderAppender - RaftServer{raft-partition-1} - Sending AppendRequest{term=1, leader=3, prevLogIndex=1, prevLogTerm=1, entries=0, commitIndex=1} to 2
04:51:29.932 [raft-server-raft-partition-1] TRACE i.a.p.raft.roles.FollowerRole - RaftServer{raft-partition-1}{role=FOLLOWER} - Received AppendRequest{term=1, leader=3, prevLogIndex=1, prevLogTerm=1, entries=0, commitIndex=1}
04:51:29.932 [raft-server-raft-partition-1] TRACE i.a.p.raft.roles.FollowerRole - RaftServer{raft-partition-1}{role=FOLLOWER} - Received AppendRequest{term=1, leader=3, prevLogIndex=1, prevLogTerm=1, entries=0, commitIndex=1}
04:51:29.932 [raft-server-raft-partition-1] TRACE i.a.p.raft.roles.FollowerRole - RaftServer{raft-partition-1}{role=FOLLOWER} - Sending AppendResponse{status=OK, term=1, succeeded=true, lastLogIndex=1}
04:51:29.933 [raft-server-raft-partition-1] TRACE i.a.p.raft.roles.FollowerRole - RaftServer{raft-partition-1}{role=FOLLOWER} - Sending AppendResponse{status=OK, term=1, succeeded=true, lastLogIndex=1}
04:51:29.933 [raft-server-raft-partition-1] TRACE i.a.p.raft.roles.LeaderAppender - RaftServer{raft-partition-1} - Received AppendResponse{status=OK, term=1, succeeded=true, lastLogIndex=1} from 1
04:51:29.933 [raft-server-raft-partition-1] TRACE i.a.p.raft.roles.LeaderAppender - RaftServer{raft-partition-1} - Sending AppendRequest{term=1, leader=3, prevLogIndex=1, prevLogTerm=1, entries=0, commitIndex=1} to 1
04:51:29.933 [raft-server-raft-partition-1] TRACE i.a.p.raft.roles.LeaderAppender - RaftServer{raft-partition-1} - Received AppendResponse{status=OK, term=1, succeeded=true, lastLogIndex=1} from 2
04:51:29.933 [raft-server-raft-partition-1] TRACE i.a.p.raft.roles.LeaderAppender - RaftServer{raft-partition-1} - Sending AppendRequest{term=1, leader=3, prevLogIndex=1, prevLogTerm=1, entries=0, commitIndex=1} to 2
04:51:29.933 [raft-server-raft-partition-1] TRACE i.a.p.raft.roles.FollowerRole - RaftServer{raft-partition-1}{role=FOLLOWER} - Received AppendRequest{term=1, leader=3, prevLogIndex=1, prevLogTerm=1, entries=0, commitIndex=1}
04:51:29.933 [raft-server-raft-partition-1] TRACE i.a.p.raft.roles.FollowerRole - RaftServer{raft-partition-1}{role=FOLLOWER} - Sending AppendResponse{status=OK, term=1, succeeded=true, lastLogIndex=1}
04:51:29.933 [raft-server-raft-partition-1] TRACE i.a.p.raft.roles.FollowerRole - RaftServer{raft-partition-1}{role=FOLLOWER} - Received AppendRequest{term=1, leader=3, prevLogIndex=1, prevLogTerm=1, entries=0, commitIndex=1}
04:51:29.933 [raft-server-raft-partition-1] TRACE i.a.p.raft.roles.FollowerRole - RaftServer{raft-partition-1}{role=FOLLOWER} - Sending AppendResponse{status=OK, term=1, succeeded=true, lastLogIndex=1}
04:51:29.933 [raft-server-raft-partition-1] TRACE i.a.p.raft.roles.LeaderAppender - RaftServer{raft-partition-1} - Received AppendResponse{status=OK, term=1, succeeded=true, lastLogIndex=1} from 1
04:51:29.933 [raft-server-raft-partition-1] TRACE i.a.p.raft.roles.LeaderAppender - RaftServer{raft-partition-1} - Received AppendResponse{status=OK, term=1, succeeded=true, lastLogIndex=1} from 2
04:51:29.960 [raft-server-raft-partition-3] TRACE i.a.p.raft.roles.FollowerRole - RaftServer{raft-partition-3}{role=FOLLOWER} - Committed entries up to index 5
04:51:29.960 [raft-server-raft-partition-3] TRACE i.a.p.raft.roles.FollowerRole - RaftServer{raft-partition-3}{role=FOLLOWER} - Sending AppendResponse{status=OK, term=1, succeeded=true, lastLogIndex=6}
04:51:29.960 [raft-server-raft-partition-3] TRACE i.a.p.raft.roles.FollowerRole - RaftServer{raft-partition-3}{role=FOLLOWER} - Sending CommandResponse{status=OK, index=5, eventIndex=4, result=null}
04:51:29.960 [raft-server-raft-partition-3-state] TRACE i.a.p.raft.impl.RaftServiceManager - RaftServer{raft-partition-3} - Applying Indexed{index=5, entry=CommandEntry{term=1, timestamp=2018-06-09 04:51:29,782, session=2, sequence=2, operation=PrimitiveOperation{id=DefaultOperationId{id=acquire, type=COMMAND}, value=byte[]{length=9, hash=-243026245}}}}
04:51:29.960 [raft-client-raft-partition-3-0] TRACE i.a.p.r.p.impl.RaftProxyConnection - SessionClient{2}{type=DistributedSemaphoreType{name=semaphore}, name=test-semaphore-timeout} - Received CommandResponse{status=OK, index=5, eventIndex=4, result=null} from 3
04:51:29.960 [raft-client-raft-partition-3-0] TRACE i.a.p.r.p.impl.RaftProxySequencer - SessionClient{2}{type=DistributedSemaphoreType{name=semaphore}, name=test-semaphore-timeout} - Completing response CommandResponse{status=OK, index=5, eventIndex=4, result=null}
04:51:29.960 [raft-client-raft-partition-3-0] TRACE i.a.p.r.p.impl.RaftProxySequencer - SessionClient{2}{type=DistributedSemaphoreType{name=semaphore}, name=test-semaphore-timeout} - Completing PublishRequest{session=2, eventIndex=5, previousIndex=4, events=[PrimitiveEvent{type=succeeded, value=byte[]{length=9, hash=-242827515}}]}
04:51:29.962 [raft-client-raft-partition-3-2] TRACE i.a.p.r.p.impl.RaftProxyConnection - SessionClient{2}{type=DistributedSemaphoreType{name=semaphore}, name=test-semaphore-timeout} - Sending CommandRequest{session=2, sequence=3, operation=PrimitiveOperation{id=DefaultOperationId{id=acquire, type=COMMAND}, value=byte[]{length=10, hash=1112841588}}} to 3
04:51:29.962 [raft-server-raft-partition-3] TRACE i.a.p.raft.roles.FollowerRole - RaftServer{raft-partition-3}{role=FOLLOWER} - Received CommandRequest{session=2, sequence=3, operation=PrimitiveOperation{id=DefaultOperationId{id=acquire, type=COMMAND}, value=byte[]{length=10, hash=1112841588}}}
04:51:29.966 [raft-server-system-partition-1] TRACE i.a.p.raft.roles.LeaderAppender - RaftServer{system-partition-1} - Sending AppendRequest{term=1, leader=3, prevLogIndex=60, prevLogTerm=1, entries=0, commitIndex=60} to 1
04:51:29.966 [raft-server-system-partition-1] TRACE i.a.p.raft.roles.LeaderAppender - RaftServer{system-partition-1} - Sending AppendRequest{term=1, leader=3, prevLogIndex=60, prevLogTerm=1, entries=0, commitIndex=60} to 2
04:51:29.966 [raft-server-system-partition-1] TRACE i.a.p.raft.roles.FollowerRole - RaftServer{system-partition-1}{role=FOLLOWER} - Received AppendRequest{term=1, leader=3, prevLogIndex=60, prevLogTerm=1, entries=0, commitIndex=60}
04:51:29.966 [raft-server-system-partition-1] TRACE i.a.p.raft.roles.FollowerRole - RaftServer{system-partition-1}{role=FOLLOWER} - Received AppendRequest{term=1, leader=3, prevLogIndex=60, prevLogTerm=1, entries=0, commitIndex=60}
04:51:29.966 [raft-server-system-partition-1] TRACE i.a.p.raft.roles.FollowerRole - RaftServer{system-partition-1}{role=FOLLOWER} - Sending AppendResponse{status=OK, term=1, succeeded=true, lastLogIndex=60}
04:51:29.966 [raft-server-system-partition-1] TRACE i.a.p.raft.roles.FollowerRole - RaftServer{system-partition-1}{role=FOLLOWER} - Sending AppendResponse{status=OK, term=1, succeeded=true, lastLogIndex=60}
04:51:29.966 [raft-server-system-partition-1] TRACE i.a.p.raft.roles.LeaderAppender - RaftServer{system-partition-1} - Received AppendResponse{status=OK, term=1, succeeded=true, lastLogIndex=60} from 1
04:51:29.966 [raft-server-system-partition-1] TRACE i.a.p.raft.roles.LeaderAppender - RaftServer{system-partition-1} - Sending AppendRequest{term=1, leader=3, prevLogIndex=60, prevLogTerm=1, entries=0, commitIndex=60} to 1
04:51:29.966 [raft-server-system-partition-1] TRACE i.a.p.raft.roles.LeaderAppender - RaftServer{system-partition-1} - Received AppendResponse{status=OK, term=1, succeeded=true, lastLogIndex=60} from 2
04:51:29.966 [raft-server-system-partition-1] TRACE i.a.p.raft.roles.LeaderAppender - RaftServer{system-partition-1} - Sending AppendRequest{term=1, leader=3, prevLogIndex=60, prevLogTerm=1, entries=0, commitIndex=60} to 2
04:51:29.966 [raft-server-system-partition-1] TRACE i.a.p.raft.roles.FollowerRole - RaftServer{system-partition-1}{role=FOLLOWER} - Received AppendRequest{term=1, leader=3, prevLogIndex=60, prevLogTerm=1, entries=0, commitIndex=60}
04:51:29.967 [raft-server-system-partition-1] TRACE i.a.p.raft.roles.FollowerRole - RaftServer{system-partition-1}{role=FOLLOWER} - Sending AppendResponse{status=OK, term=1, succeeded=true, lastLogIndex=60}
04:51:29.967 [raft-server-system-partition-1] TRACE i.a.p.raft.roles.FollowerRole - RaftServer{system-partition-1}{role=FOLLOWER} - Received AppendRequest{term=1, leader=3, prevLogIndex=60, prevLogTerm=1, entries=0, commitIndex=60}
04:51:29.967 [raft-server-system-partition-1] TRACE i.a.p.raft.roles.FollowerRole - RaftServer{system-partition-1}{role=FOLLOWER} - Sending AppendResponse{status=OK, term=1, succeeded=true, lastLogIndex=60}
04:51:29.967 [raft-server-system-partition-1] TRACE i.a.p.raft.roles.LeaderAppender - RaftServer{system-partition-1} - Received AppendResponse{status=OK, term=1, succeeded=true, lastLogIndex=60} from 1
04:51:29.967 [raft-server-system-partition-1] TRACE i.a.p.raft.roles.LeaderAppender - RaftServer{system-partition-1} - Sending AppendRequest{term=1, leader=3, prevLogIndex=60, prevLogTerm=1, entries=0, commitIndex=60} to 1
04:51:29.967 [raft-server-system-partition-1] TRACE i.a.p.raft.roles.LeaderAppender - RaftServer{system-partition-1} - Received AppendResponse{status=OK, term=1, succeeded=true, lastLogIndex=60} from 2
04:51:29.967 [raft-server-system-partition-1] TRACE i.a.p.raft.roles.LeaderAppender - RaftServer{system-partition-1} - Sending AppendRequest{term=1, leader=3, prevLogIndex=60, prevLogTerm=1, entries=0, commitIndex=60} to 2
04:51:29.967 [raft-server-system-partition-1] TRACE i.a.p.raft.roles.FollowerRole - RaftServer{system-partition-1}{role=FOLLOWER} - Received AppendRequest{term=1, leader=3, prevLogIndex=60, prevLogTerm=1, entries=0, commitIndex=60}
04:51:29.967 [raft-server-system-partition-1] TRACE i.a.p.raft.roles.FollowerRole - RaftServer{system-partition-1}{role=FOLLOWER} - Sending AppendResponse{status=OK, term=1, succeeded=true, lastLogIndex=60}
04:51:29.967 [raft-server-system-partition-1] TRACE i.a.p.raft.roles.FollowerRole - RaftServer{system-partition-1}{role=FOLLOWER} - Received AppendRequest{term=1, leader=3, prevLogIndex=60, prevLogTerm=1, entries=0, commitIndex=60}
04:51:29.967 [raft-server-system-partition-1] TRACE i.a.p.raft.roles.FollowerRole - RaftServer{system-partition-1}{role=FOLLOWER} - Sending AppendResponse{status=OK, term=1, succeeded=true, lastLogIndex=60}
04:51:29.967 [raft-server-system-partition-1] TRACE i.a.p.raft.roles.LeaderAppender - RaftServer{system-partition-1} - Received AppendResponse{status=OK, term=1, succeeded=true, lastLogIndex=60} from 1
04:51:29.967 [raft-server-system-partition-1] TRACE i.a.p.raft.roles.LeaderAppender - RaftServer{system-partition-1} - Received AppendResponse{status=OK, term=1, succeeded=true, lastLogIndex=60} from 2
04:51:29.985 [raft-server-raft-partition-3] TRACE i.a.p.raft.roles.LeaderAppender - RaftServer{raft-partition-3} - Received AppendResponse{status=OK, term=1, succeeded=true, lastLogIndex=6} from 3
04:51:29.985 [raft-server-raft-partition-3] TRACE i.a.protocols.raft.roles.LeaderRole - RaftServer{raft-partition-3}{role=LEADER} - Received CommandRequest{session=2, sequence=3, operation=PrimitiveOperation{id=DefaultOperationId{id=acquire, type=COMMAND}, value=byte[]{length=10, hash=1112841588}}}
04:51:29.985 [raft-server-raft-partition-3] TRACE i.a.protocols.raft.roles.LeaderRole - RaftServer{raft-partition-3}{role=LEADER} - Appended Indexed{index=7, entry=CommandEntry{term=1, timestamp=2018-06-09 04:51:29,985, session=2, sequence=3, operation=PrimitiveOperation{id=DefaultOperationId{id=acquire, type=COMMAND}, value=byte[]{length=10, hash=1112841588}}}}
04:51:29.985 [raft-server-raft-partition-3] TRACE i.a.p.raft.roles.LeaderAppender - RaftServer{raft-partition-3} - Sending AppendRequest{term=1, leader=2, prevLogIndex=6, prevLogTerm=1, entries=1, commitIndex=6} to 3
04:51:29.985 [raft-server-raft-partition-3] TRACE i.a.p.raft.roles.LeaderAppender - RaftServer{raft-partition-3} - Sending AppendRequest{term=1, leader=2, prevLogIndex=6, prevLogTerm=1, entries=1, commitIndex=6} to 1
04:51:29.985 [raft-server-raft-partition-3-state] TRACE i.a.p.raft.impl.RaftServiceManager - RaftServer{raft-partition-3} - Applying Indexed{index=6, entry=CommandEntry{term=1, timestamp=2018-06-09 04:51:29,852, session=2, sequence=2, operation=PrimitiveOperation{id=DefaultOperationId{id=acquire, type=COMMAND}, value=byte[]{length=9, hash=-243026245}}}}
04:51:29.985 [raft-server-raft-partition-3-state] TRACE i.a.p.r.service.RaftServiceContext - PrimitiveService{2}{type=DistributedSemaphoreType{name=semaphore}, name=test-semaphore-timeout} - Returning cached result for command with sequence number 2 < 3
04:51:29.985 [raft-server-raft-partition-3-state] TRACE i.a.protocols.raft.roles.LeaderRole - RaftServer{raft-partition-3}{role=LEADER} - Sending CommandResponse{status=OK, index=5, eventIndex=4, result=null}
04:51:29.985 [raft-server-raft-partition-3] TRACE i.a.p.raft.roles.FollowerRole - RaftServer{raft-partition-3}{role=FOLLOWER} - Received AppendRequest{term=1, leader=2, prevLogIndex=6, prevLogTerm=1, entries=1, commitIndex=6}
04:51:29.986 [raft-server-raft-partition-3] TRACE i.a.p.raft.roles.FollowerRole - RaftServer{raft-partition-3}{role=FOLLOWER} - Received AppendRequest{term=1, leader=2, prevLogIndex=6, prevLogTerm=1, entries=1, commitIndex=6}
04:51:29.986 [raft-server-raft-partition-3] TRACE i.a.p.raft.roles.FollowerRole - RaftServer{raft-partition-3}{role=FOLLOWER} - Appended Indexed{index=7, entry=CommandEntry{term=1, timestamp=2018-06-09 04:51:29,985, session=2, sequence=3, operation=PrimitiveOperation{id=DefaultOperationId{id=acquire, type=COMMAND}, value=byte[]{length=10, hash=1112841588}}}}
04:51:29.986 [raft-server-raft-partition-3] TRACE i.a.p.raft.roles.FollowerRole - RaftServer{raft-partition-3}{role=FOLLOWER} - Appended Indexed{index=7, entry=CommandEntry{term=1, timestamp=2018-06-09 04:51:29,985, session=2, sequence=3, operation=PrimitiveOperation{id=DefaultOperationId{id=acquire, type=COMMAND}, value=byte[]{length=10, hash=1112841588}}}}
04:51:30.018 [raft-server-raft-partition-3] TRACE i.a.p.raft.roles.FollowerRole - RaftServer{raft-partition-3}{role=FOLLOWER} - Committed entries up to index 6
04:51:30.018 [raft-server-raft-partition-3] TRACE i.a.p.raft.roles.FollowerRole - RaftServer{raft-partition-3}{role=FOLLOWER} - Sending AppendResponse{status=OK, term=1, succeeded=true, lastLogIndex=7}
04:51:30.018 [raft-server-raft-partition-3-state] TRACE i.a.p.raft.impl.RaftServiceManager - RaftServer{raft-partition-3} - Applying Indexed{index=6, entry=CommandEntry{term=1, timestamp=2018-06-09 04:51:29,852, session=2, sequence=2, operation=PrimitiveOperation{id=DefaultOperationId{id=acquire, type=COMMAND}, value=byte[]{length=9, hash=-243026245}}}}
04:51:30.018 [raft-server-raft-partition-3-state] TRACE i.a.p.r.service.RaftServiceContext - PrimitiveService{2}{type=DistributedSemaphoreType{name=semaphore}, name=test-semaphore-timeout} - Returning cached result for command with sequence number 2 < 3
04:51:30.019 [raft-server-raft-partition-3] TRACE i.a.p.raft.roles.LeaderAppender - RaftServer{raft-partition-3} - Received AppendResponse{status=OK, term=1, succeeded=true, lastLogIndex=7} from 1
04:51:30.019 [raft-server-raft-partition-3] TRACE i.a.p.raft.roles.LeaderAppender - RaftServer{raft-partition-3} - Committed entries up to 7
04:51:30.019 [raft-server-raft-partition-3-state] TRACE i.a.p.raft.impl.RaftServiceManager - RaftServer{raft-partition-3} - Applying Indexed{index=7, entry=CommandEntry{term=1, timestamp=2018-06-09 04:51:29,985, session=2, sequence=3, operation=PrimitiveOperation{id=DefaultOperationId{id=acquire, type=COMMAND}, value=byte[]{length=10, hash=1112841588}}}}
04:51:30.021 [raft-server-raft-partition-3-state] TRACE i.a.protocols.raft.roles.LeaderRole - RaftServer{raft-partition-3}{role=LEADER} - Sending CommandResponse{status=OK, index=7, eventIndex=5, result=null}
04:51:30.041 [raft-server-raft-partition-2] TRACE i.a.p.raft.roles.LeaderAppender - RaftServer{raft-partition-2} - Sending AppendRequest{term=1, leader=1, prevLogIndex=9, prevLogTerm=1, entries=0, commitIndex=9} to 3
04:51:30.041 [raft-server-raft-partition-2] TRACE i.a.p.raft.roles.LeaderAppender - RaftServer{raft-partition-2} - Sending AppendRequest{term=1, leader=1, prevLogIndex=9, prevLogTerm=1, entries=0, commitIndex=9} to 2
04:51:30.041 [raft-server-raft-partition-2] TRACE i.a.p.raft.roles.FollowerRole - RaftServer{raft-partition-2}{role=FOLLOWER} - Received AppendRequest{term=1, leader=1, prevLogIndex=9, prevLogTerm=1, entries=0, commitIndex=9}
04:51:30.041 [raft-server-raft-partition-2] TRACE i.a.p.raft.roles.FollowerRole - RaftServer{raft-partition-2}{role=FOLLOWER} - Sending AppendResponse{status=OK, term=1, succeeded=true, lastLogIndex=9}
04:51:30.041 [raft-server-raft-partition-2] TRACE i.a.p.raft.roles.FollowerRole - RaftServer{raft-partition-2}{role=FOLLOWER} - Received AppendRequest{term=1, leader=1, prevLogIndex=9, prevLogTerm=1, entries=0, commitIndex=9}
04:51:30.041 [raft-server-raft-partition-2] TRACE i.a.p.raft.roles.FollowerRole - RaftServer{raft-partition-2}{role=FOLLOWER} - Sending AppendResponse{status=OK, term=1, succeeded=true, lastLogIndex=9}
04:51:30.041 [raft-server-raft-partition-2] TRACE i.a.p.raft.roles.LeaderAppender - RaftServer{raft-partition-2} - Received AppendResponse{status=OK, term=1, succeeded=true, lastLogIndex=9} from 3
04:51:30.041 [raft-server-raft-partition-2] TRACE i.a.p.raft.roles.LeaderAppender - RaftServer{raft-partition-2} - Sending AppendRequest{term=1, leader=1, prevLogIndex=9, prevLogTerm=1, entries=0, commitIndex=9} to 3
04:51:30.041 [raft-server-raft-partition-2] TRACE i.a.p.raft.roles.LeaderAppender - RaftServer{raft-partition-2} - Received AppendResponse{status=OK, term=1, succeeded=true, lastLogIndex=9} from 2
04:51:30.041 [raft-server-raft-partition-2] TRACE i.a.p.raft.roles.LeaderAppender - RaftServer{raft-partition-2} - Sending AppendRequest{term=1, leader=1, prevLogIndex=9, prevLogTerm=1, entries=0, commitIndex=9} to 2
04:51:30.041 [raft-server-raft-partition-2] TRACE i.a.p.raft.roles.FollowerRole - RaftServer{raft-partition-2}{role=FOLLOWER} - Received AppendRequest{term=1, leader=1, prevLogIndex=9, prevLogTerm=1, entries=0, commitIndex=9}
04:51:30.041 [raft-server-raft-partition-2] TRACE i.a.p.raft.roles.FollowerRole - RaftServer{raft-partition-2}{role=FOLLOWER} - Sending AppendResponse{status=OK, term=1, succeeded=true, lastLogIndex=9}
04:51:30.042 [raft-server-raft-partition-2] TRACE i.a.p.raft.roles.FollowerRole - RaftServer{raft-partition-2}{role=FOLLOWER} - Received AppendRequest{term=1, leader=1, prevLogIndex=9, prevLogTerm=1, entries=0, commitIndex=9}
04:51:30.042 [raft-server-raft-partition-2] TRACE i.a.p.raft.roles.FollowerRole - RaftServer{raft-partition-2}{role=FOLLOWER} - Sending AppendResponse{status=OK, term=1, succeeded=true, lastLogIndex=9}
04:51:30.042 [raft-server-raft-partition-2] TRACE i.a.p.raft.roles.LeaderAppender - RaftServer{raft-partition-2} - Received AppendResponse{status=OK, term=1, succeeded=true, lastLogIndex=9} from 3
04:51:30.042 [raft-server-raft-partition-2] TRACE i.a.p.raft.roles.LeaderAppender - RaftServer{raft-partition-2} - Sending AppendRequest{term=1, leader=1, prevLogIndex=9, prevLogTerm=1, entries=0, commitIndex=9} to 3
04:51:30.042 [raft-server-raft-partition-2] TRACE i.a.p.raft.roles.LeaderAppender - RaftServer{raft-partition-2} - Received AppendResponse{status=OK, term=1, succeeded=true, lastLogIndex=9} from 2
04:51:30.042 [raft-server-raft-partition-2] TRACE i.a.p.raft.roles.LeaderAppender - RaftServer{raft-partition-2} - Sending AppendRequest{term=1, leader=1, prevLogIndex=9, prevLogTerm=1, entries=0, commitIndex=9} to 2
04:51:30.042 [raft-server-raft-partition-2] TRACE i.a.p.raft.roles.FollowerRole - RaftServer{raft-partition-2}{role=FOLLOWER} - Received AppendRequest{term=1, leader=1, prevLogIndex=9, prevLogTerm=1, entries=0, commitIndex=9}
04:51:30.042 [raft-server-raft-partition-2] TRACE i.a.p.raft.roles.FollowerRole - RaftServer{raft-partition-2}{role=FOLLOWER} - Sending AppendResponse{status=OK, term=1, succeeded=true, lastLogIndex=9}
04:51:30.042 [raft-server-raft-partition-2] TRACE i.a.p.raft.roles.FollowerRole - RaftServer{raft-partition-2}{role=FOLLOWER} - Received AppendRequest{term=1, leader=1, prevLogIndex=9, prevLogTerm=1, entries=0, commitIndex=9}
04:51:30.042 [raft-server-raft-partition-2] TRACE i.a.p.raft.roles.FollowerRole - RaftServer{raft-partition-2}{role=FOLLOWER} - Sending AppendResponse{status=OK, term=1, succeeded=true, lastLogIndex=9}
04:51:30.042 [raft-server-raft-partition-2] TRACE i.a.p.raft.roles.LeaderAppender - RaftServer{raft-partition-2} - Received AppendResponse{status=OK, term=1, succeeded=true, lastLogIndex=9} from 3
04:51:30.042 [raft-server-raft-partition-2] TRACE i.a.p.raft.roles.LeaderAppender - RaftServer{raft-partition-2} - Received AppendResponse{status=OK, term=1, succeeded=true, lastLogIndex=9} from 2
04:51:30.043 [raft-server-raft-partition-3] TRACE i.a.p.raft.roles.FollowerRole - RaftServer{raft-partition-3}{role=FOLLOWER} - Committed entries up to index 6
04:51:30.043 [raft-server-raft-partition-3] TRACE i.a.p.raft.roles.FollowerRole - RaftServer{raft-partition-3}{role=FOLLOWER} - Sending AppendResponse{status=OK, term=1, succeeded=true, lastLogIndex=7}
04:51:30.043 [raft-server-raft-partition-3] TRACE i.a.p.raft.roles.FollowerRole - RaftServer{raft-partition-3}{role=FOLLOWER} - Sending CommandResponse{status=OK, index=5, eventIndex=4, result=null}
04:51:30.043 [raft-server-raft-partition-3] TRACE i.a.p.raft.roles.FollowerRole - RaftServer{raft-partition-3}{role=FOLLOWER} - Sending CommandResponse{status=OK, index=7, eventIndex=5, result=null}
04:51:30.043 [raft-server-raft-partition-3-state] TRACE i.a.p.raft.impl.RaftServiceManager - RaftServer{raft-partition-3} - Applying Indexed{index=6, entry=CommandEntry{term=1, timestamp=2018-06-09 04:51:29,852, session=2, sequence=2, operation=PrimitiveOperation{id=DefaultOperationId{id=acquire, type=COMMAND}, value=byte[]{length=9, hash=-243026245}}}}
04:51:30.043 [raft-server-raft-partition-3-state] TRACE i.a.p.r.service.RaftServiceContext - PrimitiveService{2}{type=DistributedSemaphoreType{name=semaphore}, name=test-semaphore-timeout} - Returning cached result for command with sequence number 2 < 3
04:51:30.043 [raft-client-raft-partition-3-5] TRACE i.a.p.r.p.impl.RaftProxyConnection - SessionClient{2}{type=DistributedSemaphoreType{name=semaphore}, name=test-semaphore-timeout} - Received CommandResponse{status=OK, index=5, eventIndex=4, result=null} from 3
04:51:30.043 [raft-server-raft-partition-3] TRACE i.a.p.raft.roles.LeaderAppender - RaftServer{raft-partition-3} - Received AppendResponse{status=OK, term=1, succeeded=true, lastLogIndex=7} from 3
04:51:30.044 [raft-client-raft-partition-3-5] TRACE i.a.p.r.p.impl.RaftProxyConnection - SessionClient{2}{type=DistributedSemaphoreType{name=semaphore}, name=test-semaphore-timeout} - Received CommandResponse{status=OK, index=7, eventIndex=5, result=null} from 3
04:51:30.044 [raft-client-raft-partition-3-5] TRACE i.a.p.r.p.impl.RaftProxySequencer - SessionClient{2}{type=DistributedSemaphoreType{name=semaphore}, name=test-semaphore-timeout} - Completing response CommandResponse{status=OK, index=7, eventIndex=5, result=null}
04:51:30.157 [raft-server-raft-partition-3] TRACE i.a.p.raft.roles.LeaderAppender - RaftServer{raft-partition-3} - Sending AppendRequest{term=1, leader=2, prevLogIndex=7, prevLogTerm=1, entries=0, commitIndex=7} to 3
04:51:30.157 [raft-server-raft-partition-3] TRACE i.a.p.raft.roles.LeaderAppender - RaftServer{raft-partition-3} - Sending AppendRequest{term=1, leader=2, prevLogIndex=7, prevLogTerm=1, entries=0, commitIndex=7} to 1
04:51:30.157 [raft-server-raft-partition-3] TRACE i.a.p.raft.roles.FollowerRole - RaftServer{raft-partition-3}{role=FOLLOWER} - Received AppendRequest{term=1, leader=2, prevLogIndex=7, prevLogTerm=1, entries=0, commitIndex=7}
04:51:30.157 [raft-server-raft-partition-3] TRACE i.a.p.raft.roles.FollowerRole - RaftServer{raft-partition-3}{role=FOLLOWER} - Received AppendRequest{term=1, leader=2, prevLogIndex=7, prevLogTerm=1, entries=0, commitIndex=7}
04:51:30.157 [raft-server-raft-partition-3] TRACE i.a.p.raft.roles.FollowerRole - RaftServer{raft-partition-3}{role=FOLLOWER} - Committed entries up to index 7
04:51:30.158 [raft-server-raft-partition-3] TRACE i.a.p.raft.roles.FollowerRole - RaftServer{raft-partition-3}{role=FOLLOWER} - Committed entries up to index 7
04:51:30.158 [raft-server-raft-partition-3] TRACE i.a.p.raft.roles.FollowerRole - RaftServer{raft-partition-3}{role=FOLLOWER} - Sending AppendResponse{status=OK, term=1, succeeded=true, lastLogIndex=7}
04:51:30.158 [raft-server-raft-partition-3] TRACE i.a.p.raft.roles.FollowerRole - RaftServer{raft-partition-3}{role=FOLLOWER} - Sending AppendResponse{status=OK, term=1, succeeded=true, lastLogIndex=7}
04:51:30.158 [raft-server-raft-partition-3-state] TRACE i.a.p.raft.impl.RaftServiceManager - RaftServer{raft-partition-3} - Applying Indexed{index=7, entry=CommandEntry{term=1, timestamp=2018-06-09 04:51:29,985, session=2, sequence=3, operation=PrimitiveOperation{id=DefaultOperationId{id=acquire, type=COMMAND}, value=byte[]{length=10, hash=1112841588}}}}
04:51:30.158 [raft-server-raft-partition-3-state] TRACE i.a.p.raft.impl.RaftServiceManager - RaftServer{raft-partition-3} - Applying Indexed{index=7, entry=CommandEntry{term=1, timestamp=2018-06-09 04:51:29,985, session=2, sequence=3, operation=PrimitiveOperation{id=DefaultOperationId{id=acquire, type=COMMAND}, value=byte[]{length=10, hash=1112841588}}}}
04:51:30.158 [raft-server-raft-partition-3] TRACE i.a.p.raft.roles.LeaderAppender - RaftServer{raft-partition-3} - Received AppendResponse{status=OK, term=1, succeeded=true, lastLogIndex=7} from 1
04:51:30.158 [raft-server-raft-partition-3] TRACE i.a.p.raft.roles.LeaderAppender - RaftServer{raft-partition-3} - Sending AppendRequest{term=1, leader=2, prevLogIndex=7, prevLogTerm=1, entries=0, commitIndex=7} to 1
04:51:30.158 [raft-server-raft-partition-3] TRACE i.a.p.raft.roles.LeaderAppender - RaftServer{raft-partition-3} - Received AppendResponse{status=OK, term=1, succeeded=true, lastLogIndex=7} from 3
04:51:30.158 [raft-server-raft-partition-3] TRACE i.a.p.raft.roles.LeaderAppender - RaftServer{raft-partition-3} - Sending AppendRequest{term=1, leader=2, prevLogIndex=7, prevLogTerm=1, entries=0, commitIndex=7} to 3
04:51:30.158 [raft-server-raft-partition-3] TRACE i.a.p.raft.roles.FollowerRole - RaftServer{raft-partition-3}{role=FOLLOWER} - Received AppendRequest{term=1, leader=2, prevLogIndex=7, prevLogTerm=1, entries=0, commitIndex=7}
04:51:30.158 [raft-server-raft-partition-3] TRACE i.a.p.raft.roles.FollowerRole - RaftServer{raft-partition-3}{role=FOLLOWER} - Sending AppendResponse{status=OK, term=1, succeeded=true, lastLogIndex=7}
04:51:30.158 [raft-server-raft-partition-3] TRACE i.a.p.raft.roles.FollowerRole - RaftServer{raft-partition-3}{role=FOLLOWER} - Received AppendRequest{term=1, leader=2, prevLogIndex=7, prevLogTerm=1, entries=0, commitIndex=7}
04:51:30.158 [raft-server-raft-partition-3] TRACE i.a.p.raft.roles.FollowerRole - RaftServer{raft-partition-3}{role=FOLLOWER} - Sending AppendResponse{status=OK, term=1, succeeded=true, lastLogIndex=7}
04:51:30.158 [raft-server-raft-partition-3] TRACE i.a.p.raft.roles.LeaderAppender - RaftServer{raft-partition-3} - Received AppendResponse{status=OK, term=1, succeeded=true, lastLogIndex=7} from 1
04:51:30.158 [raft-server-raft-partition-3] TRACE i.a.p.raft.roles.LeaderAppender - RaftServer{raft-partition-3} - Received AppendResponse{status=OK, term=1, succeeded=true, lastLogIndex=7} from 3
04:51:30.182 [raft-server-raft-partition-1] TRACE i.a.p.raft.roles.LeaderAppender - RaftServer{raft-partition-1} - Sending AppendRequest{term=1, leader=3, prevLogIndex=1, prevLogTerm=1, entries=0, commitIndex=1} to 1
04:51:30.182 [raft-server-raft-partition-1] TRACE i.a.p.raft.roles.LeaderAppender - RaftServer{raft-partition-1} - Sending AppendRequest{term=1, leader=3, prevLogIndex=1, prevLogTerm=1, entries=0, commitIndex=1} to 2
04:51:30.182 [raft-server-raft-partition-1] TRACE i.a.p.raft.roles.FollowerRole - RaftServer{raft-partition-1}{role=FOLLOWER} - Received AppendRequest{term=1, leader=3, prevLogIndex=1, prevLogTerm=1, entries=0, commitIndex=1}
04:51:30.182 [raft-server-raft-partition-1] TRACE i.a.p.raft.roles.FollowerRole - RaftServer{raft-partition-1}{role=FOLLOWER} - Sending AppendResponse{status=OK, term=1, succeeded=true, lastLogIndex=1}
04:51:30.183 [raft-server-raft-partition-1] TRACE i.a.p.raft.roles.FollowerRole - RaftServer{raft-partition-1}{role=FOLLOWER} - Received AppendRequest{term=1, leader=3, prevLogIndex=1, prevLogTerm=1, entries=0, commitIndex=1}
04:51:30.183 [raft-server-raft-partition-1] TRACE i.a.p.raft.roles.FollowerRole - RaftServer{raft-partition-1}{role=FOLLOWER} - Sending AppendResponse{status=OK, term=1, succeeded=true, lastLogIndex=1}
04:51:30.183 [raft-server-raft-partition-1] TRACE i.a.p.raft.roles.LeaderAppender - RaftServer{raft-partition-1} - Received AppendResponse{status=OK, term=1, succeeded=true, lastLogIndex=1} from 2
04:51:30.183 [raft-server-raft-partition-1] TRACE i.a.p.raft.roles.LeaderAppender - RaftServer{raft-partition-1} - Sending AppendRequest{term=1, leader=3, prevLogIndex=1, prevLogTerm=1, entries=0, commitIndex=1} to 2
04:51:30.183 [raft-server-raft-partition-1] TRACE i.a.p.raft.roles.LeaderAppender - RaftServer{raft-partition-1} - Received AppendResponse{status=OK, term=1, succeeded=true, lastLogIndex=1} from 1
04:51:30.183 [raft-server-raft-partition-1] TRACE i.a.p.raft.roles.LeaderAppender - RaftServer{raft-partition-1} - Sending AppendRequest{term=1, leader=3, prevLogIndex=1, prevLogTerm=1, entries=0, commitIndex=1} to 1
04:51:30.183 [raft-server-raft-partition-1] TRACE i.a.p.raft.roles.FollowerRole - RaftServer{raft-partition-1}{role=FOLLOWER} - Received AppendRequest{term=1, leader=3, prevLogIndex=1, prevLogTerm=1, entries=0, commitIndex=1}
04:51:30.183 [raft-server-raft-partition-1] TRACE i.a.p.raft.roles.FollowerRole - RaftServer{raft-partition-1}{role=FOLLOWER} - Sending AppendResponse{status=OK, term=1, succeeded=true, lastLogIndex=1}
04:51:30.183 [raft-server-raft-partition-1] TRACE i.a.p.raft.roles.FollowerRole - RaftServer{raft-partition-1}{role=FOLLOWER} - Received AppendRequest{term=1, leader=3, prevLogIndex=1, prevLogTerm=1, entries=0, commitIndex=1}
04:51:30.183 [raft-server-raft-partition-1] TRACE i.a.p.raft.roles.FollowerRole - RaftServer{raft-partition-1}{role=FOLLOWER} - Sending AppendResponse{status=OK, term=1, succeeded=true, lastLogIndex=1}
04:51:30.183 [raft-server-raft-partition-1] TRACE i.a.p.raft.roles.LeaderAppender - RaftServer{raft-partition-1} - Received AppendResponse{status=OK, term=1, succeeded=true, lastLogIndex=1} from 2
04:51:30.183 [raft-server-raft-partition-1] TRACE i.a.p.raft.roles.LeaderAppender - RaftServer{raft-partition-1} - Received AppendResponse{status=OK, term=1, succeeded=true, lastLogIndex=1} from 1
04:51:30.216 [raft-server-system-partition-1] TRACE i.a.p.raft.roles.LeaderAppender - RaftServer{system-partition-1} - Sending AppendRequest{term=1, leader=3, prevLogIndex=60, prevLogTerm=1, entries=0, commitIndex=60} to 1
04:51:30.216 [raft-server-system-partition-1] TRACE i.a.p.raft.roles.LeaderAppender - RaftServer{system-partition-1} - Sending AppendRequest{term=1, leader=3, prevLogIndex=60, prevLogTerm=1, entries=0, commitIndex=60} to 2
04:51:30.216 [raft-server-system-partition-1] TRACE i.a.p.raft.roles.FollowerRole - RaftServer{system-partition-1}{role=FOLLOWER} - Received AppendRequest{term=1, leader=3, prevLogIndex=60, prevLogTerm=1, entries=0, commitIndex=60}
04:51:30.216 [raft-server-system-partition-1] TRACE i.a.p.raft.roles.FollowerRole - RaftServer{system-partition-1}{role=FOLLOWER} - Sending AppendResponse{status=OK, term=1, succeeded=true, lastLogIndex=60}
04:51:30.216 [raft-server-system-partition-1] TRACE i.a.p.raft.roles.FollowerRole - RaftServer{system-partition-1}{role=FOLLOWER} - Received AppendRequest{term=1, leader=3, prevLogIndex=60, prevLogTerm=1, entries=0, commitIndex=60}
04:51:30.216 [raft-server-system-partition-1] TRACE i.a.p.raft.roles.FollowerRole - RaftServer{system-partition-1}{role=FOLLOWER} - Sending AppendResponse{status=OK, term=1, succeeded=true, lastLogIndex=60}
04:51:30.216 [raft-server-system-partition-1] TRACE i.a.p.raft.roles.LeaderAppender - RaftServer{system-partition-1} - Received AppendResponse{status=OK, term=1, succeeded=true, lastLogIndex=60} from 1
04:51:30.216 [raft-server-system-partition-1] TRACE i.a.p.raft.roles.LeaderAppender - RaftServer{system-partition-1} - Sending AppendRequest{term=1, leader=3, prevLogIndex=60, prevLogTerm=1, entries=0, commitIndex=60} to 1
04:51:30.216 [raft-server-system-partition-1] TRACE i.a.p.raft.roles.LeaderAppender - RaftServer{system-partition-1} - Received AppendResponse{status=OK, term=1, succeeded=true, lastLogIndex=60} from 2
04:51:30.216 [raft-server-system-partition-1] TRACE i.a.p.raft.roles.LeaderAppender - RaftServer{system-partition-1} - Sending AppendRequest{term=1, leader=3, prevLogIndex=60, prevLogTerm=1, entries=0, commitIndex=60} to 2
04:51:30.217 [raft-server-system-partition-1] TRACE i.a.p.raft.roles.FollowerRole - RaftServer{system-partition-1}{role=FOLLOWER} - Received AppendRequest{term=1, leader=3, prevLogIndex=60, prevLogTerm=1, entries=0, commitIndex=60}
04:51:30.217 [raft-server-system-partition-1] TRACE i.a.p.raft.roles.FollowerRole - RaftServer{system-partition-1}{role=FOLLOWER} - Sending AppendResponse{status=OK, term=1, succeeded=true, lastLogIndex=60}
04:51:30.217 [raft-server-system-partition-1] TRACE i.a.p.raft.roles.FollowerRole - RaftServer{system-partition-1}{role=FOLLOWER} - Received AppendRequest{term=1, leader=3, prevLogIndex=60, prevLogTerm=1, entries=0, commitIndex=60}
04:51:30.217 [raft-server-system-partition-1] TRACE i.a.p.raft.roles.FollowerRole - RaftServer{system-partition-1}{role=FOLLOWER} - Sending AppendResponse{status=OK, term=1, succeeded=true, lastLogIndex=60}
04:51:30.217 [raft-server-system-partition-1] TRACE i.a.p.raft.roles.LeaderAppender - RaftServer{system-partition-1} - Received AppendResponse{status=OK, term=1, succeeded=true, lastLogIndex=60} from 1
04:51:30.217 [raft-server-system-partition-1] TRACE i.a.p.raft.roles.LeaderAppender - RaftServer{system-partition-1} - Sending AppendRequest{term=1, leader=3, prevLogIndex=60, prevLogTerm=1, entries=0, commitIndex=60} to 1
04:51:30.217 [raft-server-system-partition-1] TRACE i.a.p.raft.roles.LeaderAppender - RaftServer{system-partition-1} - Received AppendResponse{status=OK, term=1, succeeded=true, lastLogIndex=60} from 2
04:51:30.217 [raft-server-system-partition-1] TRACE i.a.p.raft.roles.LeaderAppender - RaftServer{system-partition-1} - Sending AppendRequest{term=1, leader=3, prevLogIndex=60, prevLogTerm=1, entries=0, commitIndex=60} to 2
04:51:30.217 [raft-server-system-partition-1] TRACE i.a.p.raft.roles.FollowerRole - RaftServer{system-partition-1}{role=FOLLOWER} - Received AppendRequest{term=1, leader=3, prevLogIndex=60, prevLogTerm=1, entries=0, commitIndex=60}
04:51:30.217 [raft-server-system-partition-1] TRACE i.a.p.raft.roles.FollowerRole - RaftServer{system-partition-1}{role=FOLLOWER} - Sending AppendResponse{status=OK, term=1, succeeded=true, lastLogIndex=60}
04:51:30.217 [raft-server-system-partition-1] TRACE i.a.p.raft.roles.FollowerRole - RaftServer{system-partition-1}{role=FOLLOWER} - Received AppendRequest{term=1, leader=3, prevLogIndex=60, prevLogTerm=1, entries=0, commitIndex=60}
04:51:30.217 [raft-server-system-partition-1] TRACE i.a.p.raft.roles.FollowerRole - RaftServer{system-partition-1}{role=FOLLOWER} - Sending AppendResponse{status=OK, term=1, succeeded=true, lastLogIndex=60}
04:51:30.217 [raft-server-system-partition-1] TRACE i.a.p.raft.roles.LeaderAppender - RaftServer{system-partition-1} - Received AppendResponse{status=OK, term=1, succeeded=true, lastLogIndex=60} from 1
04:51:30.218 [raft-server-system-partition-1] TRACE i.a.p.raft.roles.LeaderAppender - RaftServer{system-partition-1} - Received AppendResponse{status=OK, term=1, succeeded=true, lastLogIndex=60} from 2
04:51:30.291 [raft-server-raft-partition-2] TRACE i.a.p.raft.roles.LeaderAppender - RaftServer{raft-partition-2} - Sending AppendRequest{term=1, leader=1, prevLogIndex=9, prevLogTerm=1, entries=0, commitIndex=9} to 3
04:51:30.291 [raft-server-raft-partition-2] TRACE i.a.p.raft.roles.LeaderAppender - RaftServer{raft-partition-2} - Sending AppendRequest{term=1, leader=1, prevLogIndex=9, prevLogTerm=1, entries=0, commitIndex=9} to 2
04:51:30.291 [raft-server-raft-partition-2] TRACE i.a.p.raft.roles.FollowerRole - RaftServer{raft-partition-2}{role=FOLLOWER} - Received AppendRequest{term=1, leader=1, prevLogIndex=9, prevLogTerm=1, entries=0, commitIndex=9}
04:51:30.291 [raft-server-raft-partition-2] TRACE i.a.p.raft.roles.FollowerRole - RaftServer{raft-partition-2}{role=FOLLOWER} - Received AppendRequest{term=1, leader=1, prevLogIndex=9, prevLogTerm=1, entries=0, commitIndex=9}
04:51:30.291 [raft-server-raft-partition-2] TRACE i.a.p.raft.roles.FollowerRole - RaftServer{raft-partition-2}{role=FOLLOWER} - Sending AppendResponse{status=OK, term=1, succeeded=true, lastLogIndex=9}
04:51:30.291 [raft-server-raft-partition-2] TRACE i.a.p.raft.roles.FollowerRole - RaftServer{raft-partition-2}{role=FOLLOWER} - Sending AppendResponse{status=OK, term=1, succeeded=true, lastLogIndex=9}
04:51:30.291 [raft-server-raft-partition-2] TRACE i.a.p.raft.roles.LeaderAppender - RaftServer{raft-partition-2} - Received AppendResponse{status=OK, term=1, succeeded=true, lastLogIndex=9} from 3
04:51:30.291 [raft-server-raft-partition-2] TRACE i.a.p.raft.roles.LeaderAppender - RaftServer{raft-partition-2} - Sending AppendRequest{term=1, leader=1, prevLogIndex=9, prevLogTerm=1, entries=0, commitIndex=9} to 3
04:51:30.292 [raft-server-raft-partition-2] TRACE i.a.p.raft.roles.LeaderAppender - RaftServer{raft-partition-2} - Received AppendResponse{status=OK, term=1, succeeded=true, lastLogIndex=9} from 2
04:51:30.292 [raft-server-raft-partition-2] TRACE i.a.p.raft.roles.LeaderAppender - RaftServer{raft-partition-2} - Sending AppendRequest{term=1, leader=1, prevLogIndex=9, prevLogTerm=1, entries=0, commitIndex=9} to 2
04:51:30.292 [raft-server-raft-partition-2] TRACE i.a.p.raft.roles.FollowerRole - RaftServer{raft-partition-2}{role=FOLLOWER} - Received AppendRequest{term=1, leader=1, prevLogIndex=9, prevLogTerm=1, entries=0, commitIndex=9}
04:51:30.292 [raft-server-raft-partition-2] TRACE i.a.p.raft.roles.FollowerRole - RaftServer{raft-partition-2}{role=FOLLOWER} - Sending AppendResponse{status=OK, term=1, succeeded=true, lastLogIndex=9}
04:51:30.292 [raft-server-raft-partition-2] TRACE i.a.p.raft.roles.FollowerRole - RaftServer{raft-partition-2}{role=FOLLOWER} - Received AppendRequest{term=1, leader=1, prevLogIndex=9, prevLogTerm=1, entries=0, commitIndex=9}
04:51:30.292 [raft-server-raft-partition-2] TRACE i.a.p.raft.roles.FollowerRole - RaftServer{raft-partition-2}{role=FOLLOWER} - Sending AppendResponse{status=OK, term=1, succeeded=true, lastLogIndex=9}
04:51:30.292 [raft-server-raft-partition-2] TRACE i.a.p.raft.roles.LeaderAppender - RaftServer{raft-partition-2} - Received AppendResponse{status=OK, term=1, succeeded=true, lastLogIndex=9} from 3
04:51:30.292 [raft-server-raft-partition-2] TRACE i.a.p.raft.roles.LeaderAppender - RaftServer{raft-partition-2} - Sending AppendRequest{term=1, leader=1, prevLogIndex=9, prevLogTerm=1, entries=0, commitIndex=9} to 3
04:51:30.292 [raft-server-raft-partition-2] TRACE i.a.p.raft.roles.LeaderAppender - RaftServer{raft-partition-2} - Received AppendResponse{status=OK, term=1, succeeded=true, lastLogIndex=9} from 2
04:51:30.292 [raft-server-raft-partition-2] TRACE i.a.p.raft.roles.FollowerRole - RaftServer{raft-partition-2}{role=FOLLOWER} - Received AppendRequest{term=1, leader=1, prevLogIndex=9, prevLogTerm=1, entries=0, commitIndex=9}
04:51:30.292 [raft-server-raft-partition-2] TRACE i.a.p.raft.roles.FollowerRole - RaftServer{raft-partition-2}{role=FOLLOWER} - Sending AppendResponse{status=OK, term=1, succeeded=true, lastLogIndex=9}
04:51:30.292 [raft-server-raft-partition-2] TRACE i.a.p.raft.roles.LeaderAppender - RaftServer{raft-partition-2} - Received AppendResponse{status=OK, term=1, succeeded=true, lastLogIndex=9} from 3
04:51:30.407 [raft-server-raft-partition-3] TRACE i.a.p.raft.roles.LeaderAppender - RaftServer{raft-partition-3} - Sending AppendRequest{term=1, leader=2, prevLogIndex=7, prevLogTerm=1, entries=0, commitIndex=7} to 3
04:51:30.407 [raft-server-raft-partition-3] TRACE i.a.p.raft.roles.LeaderAppender - RaftServer{raft-partition-3} - Sending AppendRequest{term=1, leader=2, prevLogIndex=7, prevLogTerm=1, entries=0, commitIndex=7} to 1
04:51:30.407 [raft-server-raft-partition-3] TRACE i.a.p.raft.roles.FollowerRole - RaftServer{raft-partition-3}{role=FOLLOWER} - Received AppendRequest{term=1, leader=2, prevLogIndex=7, prevLogTerm=1, entries=0, commitIndex=7}
04:51:30.407 [raft-server-raft-partition-3] TRACE i.a.p.raft.roles.FollowerRole - RaftServer{raft-partition-3}{role=FOLLOWER} - Sending AppendResponse{status=OK, term=1, succeeded=true, lastLogIndex=7}
04:51:30.407 [raft-server-raft-partition-3] TRACE i.a.p.raft.roles.FollowerRole - RaftServer{raft-partition-3}{role=FOLLOWER} - Received AppendRequest{term=1, leader=2, prevLogIndex=7, prevLogTerm=1, entries=0, commitIndex=7}
04:51:30.407 [raft-server-raft-partition-3] TRACE i.a.p.raft.roles.FollowerRole - RaftServer{raft-partition-3}{role=FOLLOWER} - Sending AppendResponse{status=OK, term=1, succeeded=true, lastLogIndex=7}
04:51:30.408 [raft-server-raft-partition-3] TRACE i.a.p.raft.roles.LeaderAppender - RaftServer{raft-partition-3} - Received AppendResponse{status=OK, term=1, succeeded=true, lastLogIndex=7} from 3
04:51:30.408 [raft-server-raft-partition-3] TRACE i.a.p.raft.roles.LeaderAppender - RaftServer{raft-partition-3} - Sending AppendRequest{term=1, leader=2, prevLogIndex=7, prevLogTerm=1, entries=0, commitIndex=7} to 3
04:51:30.408 [raft-server-raft-partition-3] TRACE i.a.p.raft.roles.LeaderAppender - RaftServer{raft-partition-3} - Received AppendResponse{status=OK, term=1, succeeded=true, lastLogIndex=7} from 1
04:51:30.408 [raft-server-raft-partition-3] TRACE i.a.p.raft.roles.LeaderAppender - RaftServer{raft-partition-3} - Sending AppendRequest{term=1, leader=2, prevLogIndex=7, prevLogTerm=1, entries=0, commitIndex=7} to 1
04:51:30.408 [raft-server-raft-partition-3] TRACE i.a.p.raft.roles.FollowerRole - RaftServer{raft-partition-3}{role=FOLLOWER} - Received AppendRequest{term=1, leader=2, prevLogIndex=7, prevLogTerm=1, entries=0, commitIndex=7}
04:51:30.408 [raft-server-raft-partition-3] TRACE i.a.p.raft.roles.FollowerRole - RaftServer{raft-partition-3}{role=FOLLOWER} - Sending AppendResponse{status=OK, term=1, succeeded=true, lastLogIndex=7}
04:51:30.408 [raft-server-raft-partition-3] TRACE i.a.p.raft.roles.FollowerRole - RaftServer{raft-partition-3}{role=FOLLOWER} - Received AppendRequest{term=1, leader=2, prevLogIndex=7, prevLogTerm=1, entries=0, commitIndex=7}
04:51:30.408 [raft-server-raft-partition-3] TRACE i.a.p.raft.roles.FollowerRole - RaftServer{raft-partition-3}{role=FOLLOWER} - Sending AppendResponse{status=OK, term=1, succeeded=true, lastLogIndex=7}
04:51:30.408 [raft-server-raft-partition-3] TRACE i.a.p.raft.roles.LeaderAppender - RaftServer{raft-partition-3} - Received AppendResponse{status=OK, term=1, succeeded=true, lastLogIndex=7} from 3
04:51:30.408 [raft-server-raft-partition-3] TRACE i.a.p.raft.roles.LeaderAppender - RaftServer{raft-partition-3} - Received AppendResponse{status=OK, term=1, succeeded=true, lastLogIndex=7} from 1
04:51:30.432 [raft-server-raft-partition-1] TRACE i.a.p.raft.roles.LeaderAppender - RaftServer{raft-partition-1} - Sending AppendRequest{term=1, leader=3, prevLogIndex=1, prevLogTerm=1, entries=0, commitIndex=1} to 1
04:51:30.432 [raft-server-raft-partition-1] TRACE i.a.p.raft.roles.LeaderAppender - RaftServer{raft-partition-1} - Sending AppendRequest{term=1, leader=3, prevLogIndex=1, prevLogTerm=1, entries=0, commitIndex=1} to 2
04:51:30.432 [raft-server-raft-partition-1] TRACE i.a.p.raft.roles.FollowerRole - RaftServer{raft-partition-1}{role=FOLLOWER} - Received AppendRequest{term=1, leader=3, prevLogIndex=1, prevLogTerm=1, entries=0, commitIndex=1}
04:51:30.432 [raft-server-raft-partition-1] TRACE i.a.p.raft.roles.FollowerRole - RaftServer{raft-partition-1}{role=FOLLOWER} - Sending AppendResponse{status=OK, term=1, succeeded=true, lastLogIndex=1}
04:51:30.432 [raft-server-raft-partition-1] TRACE i.a.p.raft.roles.FollowerRole - RaftServer{raft-partition-1}{role=FOLLOWER} - Received AppendRequest{term=1, leader=3, prevLogIndex=1, prevLogTerm=1, entries=0, commitIndex=1}
04:51:30.433 [raft-server-raft-partition-1] TRACE i.a.p.raft.roles.FollowerRole - RaftServer{raft-partition-1}{role=FOLLOWER} - Sending AppendResponse{status=OK, term=1, succeeded=true, lastLogIndex=1}
04:51:30.433 [raft-server-raft-partition-1] TRACE i.a.p.raft.roles.LeaderAppender - RaftServer{raft-partition-1} - Received AppendResponse{status=OK, term=1, succeeded=true, lastLogIndex=1} from 1
04:51:30.433 [raft-server-raft-partition-1] TRACE i.a.p.raft.roles.LeaderAppender - RaftServer{raft-partition-1} - Sending AppendRequest{term=1, leader=3, prevLogIndex=1, prevLogTerm=1, entries=0, commitIndex=1} to 1
04:51:30.433 [raft-server-raft-partition-1] TRACE i.a.p.raft.roles.LeaderAppender - RaftServer{raft-partition-1} - Received AppendResponse{status=OK, term=1, succeeded=true, lastLogIndex=1} from 2
04:51:30.433 [raft-server-raft-partition-1] TRACE i.a.p.raft.roles.LeaderAppender - RaftServer{raft-partition-1} - Sending AppendRequest{term=1, leader=3, prevLogIndex=1, prevLogTerm=1, entries=0, commitIndex=1} to 2
04:51:30.433 [raft-server-raft-partition-1] TRACE i.a.p.raft.roles.FollowerRole - RaftServer{raft-partition-1}{role=FOLLOWER} - Received AppendRequest{term=1, leader=3, prevLogIndex=1, prevLogTerm=1, entries=0, commitIndex=1}
04:51:30.433 [raft-server-raft-partition-1] TRACE i.a.p.raft.roles.FollowerRole - RaftServer{raft-partition-1}{role=FOLLOWER} - Received AppendRequest{term=1, leader=3, prevLogIndex=1, prevLogTerm=1, entries=0, commitIndex=1}
04:51:30.433 [raft-server-raft-partition-1] TRACE i.a.p.raft.roles.FollowerRole - RaftServer{raft-partition-1}{role=FOLLOWER} - Sending AppendResponse{status=OK, term=1, succeeded=true, lastLogIndex=1}
04:51:30.433 [raft-server-raft-partition-1] TRACE i.a.p.raft.roles.FollowerRole - RaftServer{raft-partition-1}{role=FOLLOWER} - Sending AppendResponse{status=OK, term=1, succeeded=true, lastLogIndex=1}
04:51:30.433 [raft-server-raft-partition-1] TRACE i.a.p.raft.roles.LeaderAppender - RaftServer{raft-partition-1} - Received AppendResponse{status=OK, term=1, succeeded=true, lastLogIndex=1} from 2
04:51:30.433 [raft-server-raft-partition-1] TRACE i.a.p.raft.roles.LeaderAppender - RaftServer{raft-partition-1} - Received AppendResponse{status=OK, term=1, succeeded=true, lastLogIndex=1} from 1
04:51:30.466 [raft-server-system-partition-1] TRACE i.a.p.raft.roles.LeaderAppender - RaftServer{system-partition-1} - Sending AppendRequest{term=1, leader=3, prevLogIndex=60, prevLogTerm=1, entries=0, commitIndex=60} to 1
04:51:30.466 [raft-server-system-partition-1] TRACE i.a.p.raft.roles.LeaderAppender - RaftServer{system-partition-1} - Sending AppendRequest{term=1, leader=3, prevLogIndex=60, prevLogTerm=1, entries=0, commitIndex=60} to 2
04:51:30.466 [raft-server-system-partition-1] TRACE i.a.p.raft.roles.FollowerRole - RaftServer{system-partition-1}{role=FOLLOWER} - Received AppendRequest{term=1, leader=3, prevLogIndex=60, prevLogTerm=1, entries=0, commitIndex=60}
04:51:30.466 [raft-server-system-partition-1] TRACE i.a.p.raft.roles.FollowerRole - RaftServer{system-partition-1}{role=FOLLOWER} - Sending AppendResponse{status=OK, term=1, succeeded=true, lastLogIndex=60}
04:51:30.466 [raft-server-system-partition-1] TRACE i.a.p.raft.roles.FollowerRole - RaftServer{system-partition-1}{role=FOLLOWER} - Received AppendRequest{term=1, leader=3, prevLogIndex=60, prevLogTerm=1, entries=0, commitIndex=60}
04:51:30.466 [raft-server-system-partition-1] TRACE i.a.p.raft.roles.FollowerRole - RaftServer{system-partition-1}{role=FOLLOWER} - Sending AppendResponse{status=OK, term=1, succeeded=true, lastLogIndex=60}
04:51:30.466 [raft-server-system-partition-1] TRACE i.a.p.raft.roles.LeaderAppender - RaftServer{system-partition-1} - Received AppendResponse{status=OK, term=1, succeeded=true, lastLogIndex=60} from 1
04:51:30.466 [raft-server-system-partition-1] TRACE i.a.p.raft.roles.LeaderAppender - RaftServer{system-partition-1} - Sending AppendRequest{term=1, leader=3, prevLogIndex=60, prevLogTerm=1, entries=0, commitIndex=60} to 1
04:51:30.466 [raft-server-system-partition-1] TRACE i.a.p.raft.roles.LeaderAppender - RaftServer{system-partition-1} - Received AppendResponse{status=OK, term=1, succeeded=true, lastLogIndex=60} from 2
04:51:30.466 [raft-server-system-partition-1] TRACE i.a.p.raft.roles.LeaderAppender - RaftServer{system-partition-1} - Sending AppendRequest{term=1, leader=3, prevLogIndex=60, prevLogTerm=1, entries=0, commitIndex=60} to 2
04:51:30.467 [raft-server-system-partition-1] TRACE i.a.p.raft.roles.FollowerRole - RaftServer{system-partition-1}{role=FOLLOWER} - Received AppendRequest{term=1, leader=3, prevLogIndex=60, prevLogTerm=1, entries=0, commitIndex=60}
04:51:30.467 [raft-server-system-partition-1] TRACE i.a.p.raft.roles.FollowerRole - RaftServer{system-partition-1}{role=FOLLOWER} - Sending AppendResponse{status=OK, term=1, succeeded=true, lastLogIndex=60}
04:51:30.467 [raft-server-system-partition-1] TRACE i.a.p.raft.roles.FollowerRole - RaftServer{system-partition-1}{role=FOLLOWER} - Received AppendRequest{term=1, leader=3, prevLogIndex=60, prevLogTerm=1, entries=0, commitIndex=60}
04:51:30.467 [raft-server-system-partition-1] TRACE i.a.p.raft.roles.FollowerRole - RaftServer{system-partition-1}{role=FOLLOWER} - Sending AppendResponse{status=OK, term=1, succeeded=true, lastLogIndex=60}
04:51:30.467 [raft-server-system-partition-1] TRACE i.a.p.raft.roles.LeaderAppender - RaftServer{system-partition-1} - Received AppendResponse{status=OK, term=1, succeeded=true, lastLogIndex=60} from 1
04:51:30.467 [raft-server-system-partition-1] TRACE i.a.p.raft.roles.LeaderAppender - RaftServer{system-partition-1} - Sending AppendRequest{term=1, leader=3, prevLogIndex=60, prevLogTerm=1, entries=0, commitIndex=60} to 1
04:51:30.467 [raft-server-system-partition-1] TRACE i.a.p.raft.roles.LeaderAppender - RaftServer{system-partition-1} - Received AppendResponse{status=OK, term=1, succeeded=true, lastLogIndex=60} from 2
04:51:30.467 [raft-server-system-partition-1] TRACE i.a.p.raft.roles.LeaderAppender - RaftServer{system-partition-1} - Sending AppendRequest{term=1, leader=3, prevLogIndex=60, prevLogTerm=1, entries=0, commitIndex=60} to 2
04:51:30.467 [raft-server-system-partition-1] TRACE i.a.p.raft.roles.FollowerRole - RaftServer{system-partition-1}{role=FOLLOWER} - Received AppendRequest{term=1, leader=3, prevLogIndex=60, prevLogTerm=1, entries=0, commitIndex=60}
04:51:30.467 [raft-server-system-partition-1] TRACE i.a.p.raft.roles.FollowerRole - RaftServer{system-partition-1}{role=FOLLOWER} - Sending AppendResponse{status=OK, term=1, succeeded=true, lastLogIndex=60}
04:51:30.467 [raft-server-system-partition-1] TRACE i.a.p.raft.roles.FollowerRole - RaftServer{system-partition-1}{role=FOLLOWER} - Received AppendRequest{term=1, leader=3, prevLogIndex=60, prevLogTerm=1, entries=0, commitIndex=60}
04:51:30.467 [raft-server-system-partition-1] TRACE i.a.p.raft.roles.FollowerRole - RaftServer{system-partition-1}{role=FOLLOWER} - Sending AppendResponse{status=OK, term=1, succeeded=true, lastLogIndex=60}
04:51:30.467 [raft-server-system-partition-1] TRACE i.a.p.raft.roles.LeaderAppender - RaftServer{system-partition-1} - Received AppendResponse{status=OK, term=1, succeeded=true, lastLogIndex=60} from 1
04:51:30.468 [raft-server-system-partition-1] TRACE i.a.p.raft.roles.LeaderAppender - RaftServer{system-partition-1} - Received AppendResponse{status=OK, term=1, succeeded=true, lastLogIndex=60} from 2
04:51:30.541 [raft-server-raft-partition-2] TRACE i.a.p.raft.roles.LeaderAppender - RaftServer{raft-partition-2} - Sending AppendRequest{term=1, leader=1, prevLogIndex=9, prevLogTerm=1, entries=0, commitIndex=9} to 3
04:51:30.541 [raft-server-raft-partition-2] TRACE i.a.p.raft.roles.LeaderAppender - RaftServer{raft-partition-2} - Sending AppendRequest{term=1, leader=1, prevLogIndex=9, prevLogTerm=1, entries=0, commitIndex=9} to 2
04:51:30.541 [raft-server-raft-partition-2] TRACE i.a.p.raft.roles.FollowerRole - RaftServer{raft-partition-2}{role=FOLLOWER} - Received AppendRequest{term=1, leader=1, prevLogIndex=9, prevLogTerm=1, entries=0, commitIndex=9}
04:51:30.541 [raft-server-raft-partition-2] TRACE i.a.p.raft.roles.FollowerRole - RaftServer{raft-partition-2}{role=FOLLOWER} - Received AppendRequest{term=1, leader=1, prevLogIndex=9, prevLogTerm=1, entries=0, commitIndex=9}
04:51:30.541 [raft-server-raft-partition-2] TRACE i.a.p.raft.roles.FollowerRole - RaftServer{raft-partition-2}{role=FOLLOWER} - Sending AppendResponse{status=OK, term=1, succeeded=true, lastLogIndex=9}
04:51:30.541 [raft-server-raft-partition-2] TRACE i.a.p.raft.roles.FollowerRole - RaftServer{raft-partition-2}{role=FOLLOWER} - Sending AppendResponse{status=OK, term=1, succeeded=true, lastLogIndex=9}
04:51:30.541 [raft-server-raft-partition-2] TRACE i.a.p.raft.roles.LeaderAppender - RaftServer{raft-partition-2} - Received AppendResponse{status=OK, term=1, succeeded=true, lastLogIndex=9} from 2
04:51:30.541 [raft-server-raft-partition-2] TRACE i.a.p.raft.roles.LeaderAppender - RaftServer{raft-partition-2} - Sending AppendRequest{term=1, leader=1, prevLogIndex=9, prevLogTerm=1, entries=0, commitIndex=9} to 2
04:51:30.541 [raft-server-raft-partition-2] TRACE i.a.p.raft.roles.LeaderAppender - RaftServer{raft-partition-2} - Received AppendResponse{status=OK, term=1, succeeded=true, lastLogIndex=9} from 3
04:51:30.541 [raft-server-raft-partition-2] TRACE i.a.p.raft.roles.LeaderAppender - RaftServer{raft-partition-2} - Sending AppendRequest{term=1, leader=1, prevLogIndex=9, prevLogTerm=1, entries=0, commitIndex=9} to 3
04:51:30.542 [raft-server-raft-partition-2] TRACE i.a.p.raft.roles.FollowerRole - RaftServer{raft-partition-2}{role=FOLLOWER} - Received AppendRequest{term=1, leader=1, prevLogIndex=9, prevLogTerm=1, entries=0, commitIndex=9}
04:51:30.542 [raft-server-raft-partition-2] TRACE i.a.p.raft.roles.FollowerRole - RaftServer{raft-partition-2}{role=FOLLOWER} - Sending AppendResponse{status=OK, term=1, succeeded=true, lastLogIndex=9}
04:51:30.542 [raft-server-raft-partition-2] TRACE i.a.p.raft.roles.FollowerRole - RaftServer{raft-partition-2}{role=FOLLOWER} - Received AppendRequest{term=1, leader=1, prevLogIndex=9, prevLogTerm=1, entries=0, commitIndex=9}
04:51:30.542 [raft-server-raft-partition-2] TRACE i.a.p.raft.roles.FollowerRole - RaftServer{raft-partition-2}{role=FOLLOWER} - Sending AppendResponse{status=OK, term=1, succeeded=true, lastLogIndex=9}
04:51:30.542 [raft-server-raft-partition-2] TRACE i.a.p.raft.roles.LeaderAppender - RaftServer{raft-partition-2} - Received AppendResponse{status=OK, term=1, succeeded=true, lastLogIndex=9} from 2
04:51:30.542 [raft-server-raft-partition-2] TRACE i.a.p.raft.roles.LeaderAppender - RaftServer{raft-partition-2} - Sending AppendRequest{term=1, leader=1, prevLogIndex=9, prevLogTerm=1, entries=0, commitIndex=9} to 2
04:51:30.542 [raft-server-raft-partition-2] TRACE i.a.p.raft.roles.LeaderAppender - RaftServer{raft-partition-2} - Received AppendResponse{status=OK, term=1, succeeded=true, lastLogIndex=9} from 3
04:51:30.542 [raft-server-raft-partition-2] TRACE i.a.p.raft.roles.LeaderAppender - RaftServer{raft-partition-2} - Sending AppendRequest{term=1, leader=1, prevLogIndex=9, prevLogTerm=1, entries=0, commitIndex=9} to 3
04:51:30.542 [raft-server-raft-partition-2] TRACE i.a.p.raft.roles.FollowerRole - RaftServer{raft-partition-2}{role=FOLLOWER} - Received AppendRequest{term=1, leader=1, prevLogIndex=9, prevLogTerm=1, entries=0, commitIndex=9}
04:51:30.542 [raft-server-raft-partition-2] TRACE i.a.p.raft.roles.FollowerRole - RaftServer{raft-partition-2}{role=FOLLOWER} - Sending AppendResponse{status=OK, term=1, succeeded=true, lastLogIndex=9}
04:51:30.542 [raft-server-raft-partition-2] TRACE i.a.p.raft.roles.FollowerRole - RaftServer{raft-partition-2}{role=FOLLOWER} - Received AppendRequest{term=1, leader=1, prevLogIndex=9, prevLogTerm=1, entries=0, commitIndex=9}
04:51:30.542 [raft-server-raft-partition-2] TRACE i.a.p.raft.roles.FollowerRole - RaftServer{raft-partition-2}{role=FOLLOWER} - Sending AppendResponse{status=OK, term=1, succeeded=true, lastLogIndex=9}
04:51:30.542 [raft-server-raft-partition-2] TRACE i.a.p.raft.roles.LeaderAppender - RaftServer{raft-partition-2} - Received AppendResponse{status=OK, term=1, succeeded=true, lastLogIndex=9} from 2
04:51:30.542 [raft-server-raft-partition-2] TRACE i.a.p.raft.roles.LeaderAppender - RaftServer{raft-partition-2} - Received AppendResponse{status=OK, term=1, succeeded=true, lastLogIndex=9} from 3
04:51:30.657 [raft-server-raft-partition-3] TRACE i.a.p.raft.roles.LeaderAppender - RaftServer{raft-partition-3} - Sending AppendRequest{term=1, leader=2, prevLogIndex=7, prevLogTerm=1, entries=0, commitIndex=7} to 3
04:51:30.657 [raft-server-raft-partition-3] TRACE i.a.p.raft.roles.LeaderAppender - RaftServer{raft-partition-3} - Sending AppendRequest{term=1, leader=2, prevLogIndex=7, prevLogTerm=1, entries=0, commitIndex=7} to 1
04:51:30.657 [raft-server-raft-partition-3] TRACE i.a.p.raft.roles.FollowerRole - RaftServer{raft-partition-3}{role=FOLLOWER} - Received AppendRequest{term=1, leader=2, prevLogIndex=7, prevLogTerm=1, entries=0, commitIndex=7}
04:51:30.657 [raft-server-raft-partition-3] TRACE i.a.p.raft.roles.FollowerRole - RaftServer{raft-partition-3}{role=FOLLOWER} - Received AppendRequest{term=1, leader=2, prevLogIndex=7, prevLogTerm=1, entries=0, commitIndex=7}
04:51:30.657 [raft-server-raft-partition-3] TRACE i.a.p.raft.roles.FollowerRole - RaftServer{raft-partition-3}{role=FOLLOWER} - Sending AppendResponse{status=OK, term=1, succeeded=true, lastLogIndex=7}
04:51:30.657 [raft-server-raft-partition-3] TRACE i.a.p.raft.roles.FollowerRole - RaftServer{raft-partition-3}{role=FOLLOWER} - Sending AppendResponse{status=OK, term=1, succeeded=true, lastLogIndex=7}
04:51:30.658 [raft-server-raft-partition-3] TRACE i.a.p.raft.roles.LeaderAppender - RaftServer{raft-partition-3} - Received AppendResponse{status=OK, term=1, succeeded=true, lastLogIndex=7} from 3
04:51:30.658 [raft-server-raft-partition-3] TRACE i.a.p.raft.roles.LeaderAppender - RaftServer{raft-partition-3} - Sending AppendRequest{term=1, leader=2, prevLogIndex=7, prevLogTerm=1, entries=0, commitIndex=7} to 3
04:51:30.658 [raft-server-raft-partition-3] TRACE i.a.p.raft.roles.LeaderAppender - RaftServer{raft-partition-3} - Received AppendResponse{status=OK, term=1, succeeded=true, lastLogIndex=7} from 1
04:51:30.658 [raft-server-raft-partition-3] TRACE i.a.p.raft.roles.LeaderAppender - RaftServer{raft-partition-3} - Sending AppendRequest{term=1, leader=2, prevLogIndex=7, prevLogTerm=1, entries=0, commitIndex=7} to 1
04:51:30.658 [raft-server-raft-partition-3] TRACE i.a.p.raft.roles.FollowerRole - RaftServer{raft-partition-3}{role=FOLLOWER} - Received AppendRequest{term=1, leader=2, prevLogIndex=7, prevLogTerm=1, entries=0, commitIndex=7}
04:51:30.658 [raft-server-raft-partition-3] TRACE i.a.p.raft.roles.FollowerRole - RaftServer{raft-partition-3}{role=FOLLOWER} - Sending AppendResponse{status=OK, term=1, succeeded=true, lastLogIndex=7}
04:51:30.658 [raft-server-raft-partition-3] TRACE i.a.p.raft.roles.FollowerRole - RaftServer{raft-partition-3}{role=FOLLOWER} - Received AppendRequest{term=1, leader=2, prevLogIndex=7, prevLogTerm=1, entries=0, commitIndex=7}
04:51:30.658 [raft-server-raft-partition-3] TRACE i.a.p.raft.roles.FollowerRole - RaftServer{raft-partition-3}{role=FOLLOWER} - Sending AppendResponse{status=OK, term=1, succeeded=true, lastLogIndex=7}
04:51:30.658 [raft-server-raft-partition-3] TRACE i.a.p.raft.roles.LeaderAppender - RaftServer{raft-partition-3} - Received AppendResponse{status=OK, term=1, succeeded=true, lastLogIndex=7} from 3
04:51:30.658 [raft-server-raft-partition-3] TRACE i.a.p.raft.roles.LeaderAppender - RaftServer{raft-partition-3} - Received AppendResponse{status=OK, term=1, succeeded=true, lastLogIndex=7} from 1
04:51:30.682 [raft-server-raft-partition-1] TRACE i.a.p.raft.roles.LeaderAppender - RaftServer{raft-partition-1} - Sending AppendRequest{term=1, leader=3, prevLogIndex=1, prevLogTerm=1, entries=0, commitIndex=1} to 1
04:51:30.682 [raft-server-raft-partition-1] TRACE i.a.p.raft.roles.LeaderAppender - RaftServer{raft-partition-1} - Sending AppendRequest{term=1, leader=3, prevLogIndex=1, prevLogTerm=1, entries=0, commitIndex=1} to 2
04:51:30.682 [raft-server-raft-partition-1] TRACE i.a.p.raft.roles.FollowerRole - RaftServer{raft-partition-1}{role=FOLLOWER} - Received AppendRequest{term=1, leader=3, prevLogIndex=1, prevLogTerm=1, entries=0, commitIndex=1}
04:51:30.682 [raft-server-raft-partition-1] TRACE i.a.p.raft.roles.FollowerRole - RaftServer{raft-partition-1}{role=FOLLOWER} - Received AppendRequest{term=1, leader=3, prevLogIndex=1, prevLogTerm=1, entries=0, commitIndex=1}
04:51:30.682 [raft-server-raft-partition-1] TRACE i.a.p.raft.roles.FollowerRole - RaftServer{raft-partition-1}{role=FOLLOWER} - Sending AppendResponse{status=OK, term=1, succeeded=true, lastLogIndex=1}
04:51:30.683 [raft-server-raft-partition-1] TRACE i.a.p.raft.roles.FollowerRole - RaftServer{raft-partition-1}{role=FOLLOWER} - Sending AppendResponse{status=OK, term=1, succeeded=true, lastLogIndex=1}
04:51:30.683 [raft-server-raft-partition-1] TRACE i.a.p.raft.roles.LeaderAppender - RaftServer{raft-partition-1} - Received AppendResponse{status=OK, term=1, succeeded=true, lastLogIndex=1} from 1
04:51:30.683 [raft-server-raft-partition-1] TRACE i.a.p.raft.roles.LeaderAppender - RaftServer{raft-partition-1} - Sending AppendRequest{term=1, leader=3, prevLogIndex=1, prevLogTerm=1, entries=0, commitIndex=1} to 1
04:51:30.683 [raft-server-raft-partition-1] TRACE i.a.p.raft.roles.LeaderAppender - RaftServer{raft-partition-1} - Received AppendResponse{status=OK, term=1, succeeded=true, lastLogIndex=1} from 2
04:51:30.683 [raft-server-raft-partition-1] TRACE i.a.p.raft.roles.LeaderAppender - RaftServer{raft-partition-1} - Sending AppendRequest{term=1, leader=3, prevLogIndex=1, prevLogTerm=1, entries=0, commitIndex=1} to 2
04:51:30.683 [raft-server-raft-partition-1] TRACE i.a.p.raft.roles.FollowerRole - RaftServer{raft-partition-1}{role=FOLLOWER} - Received AppendRequest{term=1, leader=3, prevLogIndex=1, prevLogTerm=1, entries=0, commitIndex=1}
04:51:30.683 [raft-server-raft-partition-1] TRACE i.a.p.raft.roles.FollowerRole - RaftServer{raft-partition-1}{role=FOLLOWER} - Sending AppendResponse{status=OK, term=1, succeeded=true, lastLogIndex=1}
04:51:30.683 [raft-server-raft-partition-1] TRACE i.a.p.raft.roles.FollowerRole - RaftServer{raft-partition-1}{role=FOLLOWER} - Received AppendRequest{term=1, leader=3, prevLogIndex=1, prevLogTerm=1, entries=0, commitIndex=1}
04:51:30.683 [raft-server-raft-partition-1] TRACE i.a.p.raft.roles.FollowerRole - RaftServer{raft-partition-1}{role=FOLLOWER} - Sending AppendResponse{status=OK, term=1, succeeded=true, lastLogIndex=1}
04:51:30.683 [raft-server-raft-partition-1] TRACE i.a.p.raft.roles.LeaderAppender - RaftServer{raft-partition-1} - Received AppendResponse{status=OK, term=1, succeeded=true, lastLogIndex=1} from 1
04:51:30.683 [raft-server-raft-partition-1] TRACE i.a.p.raft.roles.LeaderAppender - RaftServer{raft-partition-1} - Received AppendResponse{status=OK, term=1, succeeded=true, lastLogIndex=1} from 2
04:51:30.716 [raft-server-system-partition-1] TRACE i.a.p.raft.roles.LeaderAppender - RaftServer{system-partition-1} - Sending AppendRequest{term=1, leader=3, prevLogIndex=60, prevLogTerm=1, entries=0, commitIndex=60} to 1
04:51:30.716 [raft-server-system-partition-1] TRACE i.a.p.raft.roles.LeaderAppender - RaftServer{system-partition-1} - Sending AppendRequest{term=1, leader=3, prevLogIndex=60, prevLogTerm=1, entries=0, commitIndex=60} to 2
04:51:30.716 [raft-server-system-partition-1] TRACE i.a.p.raft.roles.FollowerRole - RaftServer{system-partition-1}{role=FOLLOWER} - Received AppendRequest{term=1, leader=3, prevLogIndex=60, prevLogTerm=1, entries=0, commitIndex=60}
04:51:30.716 [raft-server-system-partition-1] TRACE i.a.p.raft.roles.FollowerRole - RaftServer{system-partition-1}{role=FOLLOWER} - Sending AppendResponse{status=OK, term=1, succeeded=true, lastLogIndex=60}
04:51:30.716 [raft-server-system-partition-1] TRACE i.a.p.raft.roles.FollowerRole - RaftServer{system-partition-1}{role=FOLLOWER} - Received AppendRequest{term=1, leader=3, prevLogIndex=60, prevLogTerm=1, entries=0, commitIndex=60}
04:51:30.716 [raft-server-system-partition-1] TRACE i.a.p.raft.roles.FollowerRole - RaftServer{system-partition-1}{role=FOLLOWER} - Sending AppendResponse{status=OK, term=1, succeeded=true, lastLogIndex=60}
04:51:30.716 [raft-server-system-partition-1] TRACE i.a.p.raft.roles.LeaderAppender - RaftServer{system-partition-1} - Received AppendResponse{status=OK, term=1, succeeded=true, lastLogIndex=60} from 2
04:51:30.716 [raft-server-system-partition-1] TRACE i.a.p.raft.roles.LeaderAppender - RaftServer{system-partition-1} - Sending AppendRequest{term=1, leader=3, prevLogIndex=60, prevLogTerm=1, entries=0, commitIndex=60} to 2
04:51:30.716 [raft-server-system-partition-1] TRACE i.a.p.raft.roles.LeaderAppender - RaftServer{system-partition-1} - Received AppendResponse{status=OK, term=1, succeeded=true, lastLogIndex=60} from 1
04:51:30.716 [raft-server-system-partition-1] TRACE i.a.p.raft.roles.LeaderAppender - RaftServer{system-partition-1} - Sending AppendRequest{term=1, leader=3, prevLogIndex=60, prevLogTerm=1, entries=0, commitIndex=60} to 1
04:51:30.717 [raft-server-system-partition-1] TRACE i.a.p.raft.roles.FollowerRole - RaftServer{system-partition-1}{role=FOLLOWER} - Received AppendRequest{term=1, leader=3, prevLogIndex=60, prevLogTerm=1, entries=0, commitIndex=60}
04:51:30.717 [raft-server-system-partition-1] TRACE i.a.p.raft.roles.FollowerRole - RaftServer{system-partition-1}{role=FOLLOWER} - Sending AppendResponse{status=OK, term=1, succeeded=true, lastLogIndex=60}
04:51:30.717 [raft-server-system-partition-1] TRACE i.a.p.raft.roles.FollowerRole - RaftServer{system-partition-1}{role=FOLLOWER} - Received AppendRequest{term=1, leader=3, prevLogIndex=60, prevLogTerm=1, entries=0, commitIndex=60}
04:51:30.717 [raft-server-system-partition-1] TRACE i.a.p.raft.roles.FollowerRole - RaftServer{system-partition-1}{role=FOLLOWER} - Sending AppendResponse{status=OK, term=1, succeeded=true, lastLogIndex=60}
04:51:30.717 [raft-server-system-partition-1] TRACE i.a.p.raft.roles.LeaderAppender - RaftServer{system-partition-1} - Received AppendResponse{status=OK, term=1, succeeded=true, lastLogIndex=60} from 1
04:51:30.717 [raft-server-system-partition-1] TRACE i.a.p.raft.roles.LeaderAppender - RaftServer{system-partition-1} - Sending AppendRequest{term=1, leader=3, prevLogIndex=60, prevLogTerm=1, entries=0, commitIndex=60} to 1
04:51:30.717 [raft-server-system-partition-1] TRACE i.a.p.raft.roles.LeaderAppender - RaftServer{system-partition-1} - Received AppendResponse{status=OK, term=1, succeeded=true, lastLogIndex=60} from 2
04:51:30.717 [raft-server-system-partition-1] TRACE i.a.p.raft.roles.LeaderAppender - RaftServer{system-partition-1} - Sending AppendRequest{term=1, leader=3, prevLogIndex=60, prevLogTerm=1, entries=0, commitIndex=60} to 2
04:51:30.717 [raft-server-system-partition-1] TRACE i.a.p.raft.roles.FollowerRole - RaftServer{system-partition-1}{role=FOLLOWER} - Received AppendRequest{term=1, leader=3, prevLogIndex=60, prevLogTerm=1, entries=0, commitIndex=60}
04:51:30.717 [raft-server-system-partition-1] TRACE i.a.p.raft.roles.FollowerRole - RaftServer{system-partition-1}{role=FOLLOWER} - Received AppendRequest{term=1, leader=3, prevLogIndex=60, prevLogTerm=1, entries=0, commitIndex=60}
04:51:30.717 [raft-server-system-partition-1] TRACE i.a.p.raft.roles.FollowerRole - RaftServer{system-partition-1}{role=FOLLOWER} - Sending AppendResponse{status=OK, term=1, succeeded=true, lastLogIndex=60}
04:51:30.717 [raft-server-system-partition-1] TRACE i.a.p.raft.roles.FollowerRole - RaftServer{system-partition-1}{role=FOLLOWER} - Sending AppendResponse{status=OK, term=1, succeeded=true, lastLogIndex=60}
04:51:30.717 [raft-server-system-partition-1] TRACE i.a.p.raft.roles.LeaderAppender - RaftServer{system-partition-1} - Received AppendResponse{status=OK, term=1, succeeded=true, lastLogIndex=60} from 1
04:51:30.718 [raft-server-system-partition-1] TRACE i.a.p.raft.roles.LeaderAppender - RaftServer{system-partition-1} - Received AppendResponse{status=OK, term=1, succeeded=true, lastLogIndex=60} from 2
04:51:30.791 [raft-server-raft-partition-2] TRACE i.a.p.raft.roles.LeaderAppender - RaftServer{raft-partition-2} - Sending AppendRequest{term=1, leader=1, prevLogIndex=9, prevLogTerm=1, entries=0, commitIndex=9} to 3
04:51:30.791 [raft-server-raft-partition-2] TRACE i.a.p.raft.roles.LeaderAppender - RaftServer{raft-partition-2} - Sending AppendRequest{term=1, leader=1, prevLogIndex=9, prevLogTerm=1, entries=0, commitIndex=9} to 2
04:51:30.791 [raft-server-raft-partition-2] TRACE i.a.p.raft.roles.FollowerRole - RaftServer{raft-partition-2}{role=FOLLOWER} - Received AppendRequest{term=1, leader=1, prevLogIndex=9, prevLogTerm=1, entries=0, commitIndex=9}
04:51:30.791 [raft-server-raft-partition-2] TRACE i.a.p.raft.roles.FollowerRole - RaftServer{raft-partition-2}{role=FOLLOWER} - Received AppendRequest{term=1, leader=1, prevLogIndex=9, prevLogTerm=1, entries=0, commitIndex=9}
04:51:30.791 [raft-server-raft-partition-2] TRACE i.a.p.raft.roles.FollowerRole - RaftServer{raft-partition-2}{role=FOLLOWER} - Sending AppendResponse{status=OK, term=1, succeeded=true, lastLogIndex=9}
04:51:30.791 [raft-server-raft-partition-2] TRACE i.a.p.raft.roles.FollowerRole - RaftServer{raft-partition-2}{role=FOLLOWER} - Sending AppendResponse{status=OK, term=1, succeeded=true, lastLogIndex=9}
04:51:30.791 [raft-server-raft-partition-2] TRACE i.a.p.raft.roles.LeaderAppender - RaftServer{raft-partition-2} - Received AppendResponse{status=OK, term=1, succeeded=true, lastLogIndex=9} from 3
04:51:30.791 [raft-server-raft-partition-2] TRACE i.a.p.raft.roles.LeaderAppender - RaftServer{raft-partition-2} - Sending AppendRequest{term=1, leader=1, prevLogIndex=9, prevLogTerm=1, entries=0, commitIndex=9} to 3
04:51:30.791 [raft-server-raft-partition-2] TRACE i.a.p.raft.roles.LeaderAppender - RaftServer{raft-partition-2} - Received AppendResponse{status=OK, term=1, succeeded=true, lastLogIndex=9} from 2
04:51:30.792 [raft-server-raft-partition-2] TRACE i.a.p.raft.roles.LeaderAppender - RaftServer{raft-partition-2} - Sending AppendRequest{term=1, leader=1, prevLogIndex=9, prevLogTerm=1, entries=0, commitIndex=9} to 2
04:51:30.792 [raft-server-raft-partition-2] TRACE i.a.p.raft.roles.FollowerRole - RaftServer{raft-partition-2}{role=FOLLOWER} - Received AppendRequest{term=1, leader=1, prevLogIndex=9, prevLogTerm=1, entries=0, commitIndex=9}
04:51:30.792 [raft-server-raft-partition-2] TRACE i.a.p.raft.roles.FollowerRole - RaftServer{raft-partition-2}{role=FOLLOWER} - Received AppendRequest{term=1, leader=1, prevLogIndex=9, prevLogTerm=1, entries=0, commitIndex=9}
04:51:30.792 [raft-server-raft-partition-2] TRACE i.a.p.raft.roles.FollowerRole - RaftServer{raft-partition-2}{role=FOLLOWER} - Sending AppendResponse{status=OK, term=1, succeeded=true, lastLogIndex=9}
04:51:30.792 [raft-server-raft-partition-2] TRACE i.a.p.raft.roles.FollowerRole - RaftServer{raft-partition-2}{role=FOLLOWER} - Sending AppendResponse{status=OK, term=1, succeeded=true, lastLogIndex=9}
04:51:30.792 [raft-server-raft-partition-2] TRACE i.a.p.raft.roles.LeaderAppender - RaftServer{raft-partition-2} - Received AppendResponse{status=OK, term=1, succeeded=true, lastLogIndex=9} from 3
04:51:30.792 [raft-server-raft-partition-2] TRACE i.a.p.raft.roles.LeaderAppender - RaftServer{raft-partition-2} - Sending AppendRequest{term=1, leader=1, prevLogIndex=9, prevLogTerm=1, entries=0, commitIndex=9} to 3
04:51:30.792 [raft-server-raft-partition-2] TRACE i.a.p.raft.roles.LeaderAppender - RaftServer{raft-partition-2} - Received AppendResponse{status=OK, term=1, succeeded=true, lastLogIndex=9} from 2
04:51:30.792 [raft-server-raft-partition-2] TRACE i.a.p.raft.roles.FollowerRole - RaftServer{raft-partition-2}{role=FOLLOWER} - Received AppendRequest{term=1, leader=1, prevLogIndex=9, prevLogTerm=1, entries=0, commitIndex=9}
04:51:30.792 [raft-server-raft-partition-2] TRACE i.a.p.raft.roles.FollowerRole - RaftServer{raft-partition-2}{role=FOLLOWER} - Sending AppendResponse{status=OK, term=1, succeeded=true, lastLogIndex=9}
04:51:30.793 [raft-server-raft-partition-2] TRACE i.a.p.raft.roles.LeaderAppender - RaftServer{raft-partition-2} - Received AppendResponse{status=OK, term=1, succeeded=true, lastLogIndex=9} from 3
04:51:30.907 [raft-server-raft-partition-3] TRACE i.a.p.raft.roles.LeaderAppender - RaftServer{raft-partition-3} - Sending AppendRequest{term=1, leader=2, prevLogIndex=7, prevLogTerm=1, entries=0, commitIndex=7} to 3
04:51:30.907 [raft-server-raft-partition-3] TRACE i.a.p.raft.roles.LeaderAppender - RaftServer{raft-partition-3} - Sending AppendRequest{term=1, leader=2, prevLogIndex=7, prevLogTerm=1, entries=0, commitIndex=7} to 1
04:51:30.907 [raft-server-raft-partition-3] TRACE i.a.p.raft.roles.FollowerRole - RaftServer{raft-partition-3}{role=FOLLOWER} - Received AppendRequest{term=1, leader=2, prevLogIndex=7, prevLogTerm=1, entries=0, commitIndex=7}
04:51:30.907 [raft-server-raft-partition-3] TRACE i.a.p.raft.roles.FollowerRole - RaftServer{raft-partition-3}{role=FOLLOWER} - Sending AppendResponse{status=OK, term=1, succeeded=true, lastLogIndex=7}
04:51:30.907 [raft-server-raft-partition-3] TRACE i.a.p.raft.roles.FollowerRole - RaftServer{raft-partition-3}{role=FOLLOWER} - Received AppendRequest{term=1, leader=2, prevLogIndex=7, prevLogTerm=1, entries=0, commitIndex=7}
04:51:30.907 [raft-server-raft-partition-3] TRACE i.a.p.raft.roles.FollowerRole - RaftServer{raft-partition-3}{role=FOLLOWER} - Sending AppendResponse{status=OK, term=1, succeeded=true, lastLogIndex=7}
04:51:30.908 [raft-server-raft-partition-3] TRACE i.a.p.raft.roles.LeaderAppender - RaftServer{raft-partition-3} - Received AppendResponse{status=OK, term=1, succeeded=true, lastLogIndex=7} from 3
04:51:30.908 [raft-server-raft-partition-3] TRACE i.a.p.raft.roles.LeaderAppender - RaftServer{raft-partition-3} - Sending AppendRequest{term=1, leader=2, prevLogIndex=7, prevLogTerm=1, entries=0, commitIndex=7} to 3
04:51:30.908 [raft-server-raft-partition-3] TRACE i.a.p.raft.roles.LeaderAppender - RaftServer{raft-partition-3} - Received AppendResponse{status=OK, term=1, succeeded=true, lastLogIndex=7} from 1
04:51:30.908 [raft-server-raft-partition-3] TRACE i.a.p.raft.roles.LeaderAppender - RaftServer{raft-partition-3} - Sending AppendRequest{term=1, leader=2, prevLogIndex=7, prevLogTerm=1, entries=0, commitIndex=7} to 1
04:51:30.908 [raft-server-raft-partition-3] TRACE i.a.p.raft.roles.FollowerRole - RaftServer{raft-partition-3}{role=FOLLOWER} - Received AppendRequest{term=1, leader=2, prevLogIndex=7, prevLogTerm=1, entries=0, commitIndex=7}
04:51:30.908 [raft-server-raft-partition-3] TRACE i.a.p.raft.roles.FollowerRole - RaftServer{raft-partition-3}{role=FOLLOWER} - Sending AppendResponse{status=OK, term=1, succeeded=true, lastLogIndex=7}
04:51:30.908 [raft-server-raft-partition-3] TRACE i.a.p.raft.roles.FollowerRole - RaftServer{raft-partition-3}{role=FOLLOWER} - Received AppendRequest{term=1, leader=2, prevLogIndex=7, prevLogTerm=1, entries=0, commitIndex=7}
04:51:30.908 [raft-server-raft-partition-3] TRACE i.a.p.raft.roles.FollowerRole - RaftServer{raft-partition-3}{role=FOLLOWER} - Sending AppendResponse{status=OK, term=1, succeeded=true, lastLogIndex=7}
04:51:30.908 [raft-server-raft-partition-3] TRACE i.a.p.raft.roles.LeaderAppender - RaftServer{raft-partition-3} - Received AppendResponse{status=OK, term=1, succeeded=true, lastLogIndex=7} from 3
04:51:30.908 [raft-server-raft-partition-3] TRACE i.a.p.raft.roles.LeaderAppender - RaftServer{raft-partition-3} - Received AppendResponse{status=OK, term=1, succeeded=true, lastLogIndex=7} from 1
04:51:30.932 [raft-server-raft-partition-1] TRACE i.a.p.raft.roles.LeaderAppender - RaftServer{raft-partition-1} - Sending AppendRequest{term=1, leader=3, prevLogIndex=1, prevLogTerm=1, entries=0, commitIndex=1} to 1
04:51:30.932 [raft-server-raft-partition-1] TRACE i.a.p.raft.roles.LeaderAppender - RaftServer{raft-partition-1} - Sending AppendRequest{term=1, leader=3, prevLogIndex=1, prevLogTerm=1, entries=0, commitIndex=1} to 2
04:51:30.932 [raft-server-raft-partition-1] TRACE i.a.p.raft.roles.FollowerRole - RaftServer{raft-partition-1}{role=FOLLOWER} - Received AppendRequest{term=1, leader=3, prevLogIndex=1, prevLogTerm=1, entries=0, commitIndex=1}
04:51:30.932 [raft-server-raft-partition-1] TRACE i.a.p.raft.roles.FollowerRole - RaftServer{raft-partition-1}{role=FOLLOWER} - Sending AppendResponse{status=OK, term=1, succeeded=true, lastLogIndex=1}
04:51:30.932 [raft-server-raft-partition-1] TRACE i.a.p.raft.roles.FollowerRole - RaftServer{raft-partition-1}{role=FOLLOWER} - Received AppendRequest{term=1, leader=3, prevLogIndex=1, prevLogTerm=1, entries=0, commitIndex=1}
04:51:30.933 [raft-server-raft-partition-1] TRACE i.a.p.raft.roles.FollowerRole - RaftServer{raft-partition-1}{role=FOLLOWER} - Sending AppendResponse{status=OK, term=1, succeeded=true, lastLogIndex=1}
04:51:30.933 [raft-server-raft-partition-1] TRACE i.a.p.raft.roles.LeaderAppender - RaftServer{raft-partition-1} - Received AppendResponse{status=OK, term=1, succeeded=true, lastLogIndex=1} from 2
04:51:30.933 [raft-server-raft-partition-1] TRACE i.a.p.raft.roles.LeaderAppender - RaftServer{raft-partition-1} - Sending AppendRequest{term=1, leader=3, prevLogIndex=1, prevLogTerm=1, entries=0, commitIndex=1} to 2
04:51:30.933 [raft-server-raft-partition-1] TRACE i.a.p.raft.roles.LeaderAppender - RaftServer{raft-partition-1} - Received AppendResponse{status=OK, term=1, succeeded=true, lastLogIndex=1} from 1
04:51:30.933 [raft-server-raft-partition-1] TRACE i.a.p.raft.roles.LeaderAppender - RaftServer{raft-partition-1} - Sending AppendRequest{term=1, leader=3, prevLogIndex=1, prevLogTerm=1, entries=0, commitIndex=1} to 1
04:51:30.933 [raft-server-raft-partition-1] TRACE i.a.p.raft.roles.FollowerRole - RaftServer{raft-partition-1}{role=FOLLOWER} - Received AppendRequest{term=1, leader=3, prevLogIndex=1, prevLogTerm=1, entries=0, commitIndex=1}
04:51:30.933 [raft-server-raft-partition-1] TRACE i.a.p.raft.roles.FollowerRole - RaftServer{raft-partition-1}{role=FOLLOWER} - Sending AppendResponse{status=OK, term=1, succeeded=true, lastLogIndex=1}
04:51:30.933 [raft-server-raft-partition-1] TRACE i.a.p.raft.roles.FollowerRole - RaftServer{raft-partition-1}{role=FOLLOWER} - Received AppendRequest{term=1, leader=3, prevLogIndex=1, prevLogTerm=1, entries=0, commitIndex=1}
04:51:30.933 [raft-server-raft-partition-1] TRACE i.a.p.raft.roles.FollowerRole - RaftServer{raft-partition-1}{role=FOLLOWER} - Sending AppendResponse{status=OK, term=1, succeeded=true, lastLogIndex=1}
04:51:30.933 [raft-server-raft-partition-1] TRACE i.a.p.raft.roles.LeaderAppender - RaftServer{raft-partition-1} - Received AppendResponse{status=OK, term=1, succeeded=true, lastLogIndex=1} from 2
04:51:30.933 [raft-server-raft-partition-1] TRACE i.a.p.raft.roles.LeaderAppender - RaftServer{raft-partition-1} - Received AppendResponse{status=OK, term=1, succeeded=true, lastLogIndex=1} from 1
04:51:30.962 [raft-client-raft-partition-3-7] TRACE i.a.p.r.p.impl.RaftProxyConnection - SessionClient{2}{type=DistributedSemaphoreType{name=semaphore}, name=test-semaphore-timeout} - Sending CommandRequest{session=2, sequence=4, operation=PrimitiveOperation{id=DefaultOperationId{id=release, type=COMMAND}, value=byte[]{length=5, hash=77607541}}} to 3
04:51:30.962 [raft-server-raft-partition-3] TRACE i.a.p.raft.roles.FollowerRole - RaftServer{raft-partition-3}{role=FOLLOWER} - Received CommandRequest{session=2, sequence=4, operation=PrimitiveOperation{id=DefaultOperationId{id=release, type=COMMAND}, value=byte[]{length=5, hash=77607541}}}
04:51:30.962 [raft-server-raft-partition-3] TRACE i.a.protocols.raft.roles.LeaderRole - RaftServer{raft-partition-3}{role=LEADER} - Received CommandRequest{session=2, sequence=4, operation=PrimitiveOperation{id=DefaultOperationId{id=release, type=COMMAND}, value=byte[]{length=5, hash=77607541}}}
04:51:30.963 [raft-server-raft-partition-3] TRACE i.a.protocols.raft.roles.LeaderRole - RaftServer{raft-partition-3}{role=LEADER} - Appended Indexed{index=8, entry=CommandEntry{term=1, timestamp=2018-06-09 04:51:30,963, session=2, sequence=4, operation=PrimitiveOperation{id=DefaultOperationId{id=release, type=COMMAND}, value=byte[]{length=5, hash=77607541}}}}
04:51:30.963 [raft-server-raft-partition-3] TRACE i.a.p.raft.roles.LeaderAppender - RaftServer{raft-partition-3} - Sending AppendRequest{term=1, leader=2, prevLogIndex=7, prevLogTerm=1, entries=1, commitIndex=7} to 3
04:51:30.963 [raft-server-raft-partition-3] TRACE i.a.p.raft.roles.LeaderAppender - RaftServer{raft-partition-3} - Sending AppendRequest{term=1, leader=2, prevLogIndex=7, prevLogTerm=1, entries=1, commitIndex=7} to 1
04:51:30.963 [raft-server-raft-partition-3] TRACE i.a.p.raft.roles.FollowerRole - RaftServer{raft-partition-3}{role=FOLLOWER} - Received AppendRequest{term=1, leader=2, prevLogIndex=7, prevLogTerm=1, entries=1, commitIndex=7}
04:51:30.963 [raft-server-raft-partition-3] TRACE i.a.p.raft.roles.FollowerRole - RaftServer{raft-partition-3}{role=FOLLOWER} - Received AppendRequest{term=1, leader=2, prevLogIndex=7, prevLogTerm=1, entries=1, commitIndex=7}
04:51:30.963 [raft-server-raft-partition-3] TRACE i.a.p.raft.roles.FollowerRole - RaftServer{raft-partition-3}{role=FOLLOWER} - Appended Indexed{index=8, entry=CommandEntry{term=1, timestamp=2018-06-09 04:51:30,963, session=2, sequence=4, operation=PrimitiveOperation{id=DefaultOperationId{id=release, type=COMMAND}, value=byte[]{length=5, hash=77607541}}}}
04:51:30.963 [raft-server-raft-partition-3] TRACE i.a.p.raft.roles.FollowerRole - RaftServer{raft-partition-3}{role=FOLLOWER} - Sending AppendResponse{status=OK, term=1, succeeded=true, lastLogIndex=8}
04:51:30.963 [raft-server-raft-partition-3] TRACE i.a.p.raft.roles.FollowerRole - RaftServer{raft-partition-3}{role=FOLLOWER} - Appended Indexed{index=8, entry=CommandEntry{term=1, timestamp=2018-06-09 04:51:30,963, session=2, sequence=4, operation=PrimitiveOperation{id=DefaultOperationId{id=release, type=COMMAND}, value=byte[]{length=5, hash=77607541}}}}
04:51:30.963 [raft-server-raft-partition-3] TRACE i.a.p.raft.roles.FollowerRole - RaftServer{raft-partition-3}{role=FOLLOWER} - Sending AppendResponse{status=OK, term=1, succeeded=true, lastLogIndex=8}
04:51:30.963 [raft-server-raft-partition-3] TRACE i.a.p.raft.roles.LeaderAppender - RaftServer{raft-partition-3} - Received AppendResponse{status=OK, term=1, succeeded=true, lastLogIndex=8} from 3
04:51:30.963 [raft-server-raft-partition-3] TRACE i.a.p.raft.roles.LeaderAppender - RaftServer{raft-partition-3} - Committed entries up to 8
04:51:30.966 [raft-server-system-partition-1] TRACE i.a.p.raft.roles.LeaderAppender - RaftServer{system-partition-1} - Sending AppendRequest{term=1, leader=3, prevLogIndex=60, prevLogTerm=1, entries=0, commitIndex=60} to 1
04:51:30.966 [raft-server-system-partition-1] TRACE i.a.p.raft.roles.LeaderAppender - RaftServer{system-partition-1} - Sending AppendRequest{term=1, leader=3, prevLogIndex=60, prevLogTerm=1, entries=0, commitIndex=60} to 2
04:51:30.966 [raft-server-system-partition-1] TRACE i.a.p.raft.roles.FollowerRole - RaftServer{system-partition-1}{role=FOLLOWER} - Received AppendRequest{term=1, leader=3, prevLogIndex=60, prevLogTerm=1, entries=0, commitIndex=60}
04:51:30.966 [raft-server-system-partition-1] TRACE i.a.p.raft.roles.FollowerRole - RaftServer{system-partition-1}{role=FOLLOWER} - Sending AppendResponse{status=OK, term=1, succeeded=true, lastLogIndex=60}
04:51:30.966 [raft-server-system-partition-1] TRACE i.a.p.raft.roles.FollowerRole - RaftServer{system-partition-1}{role=FOLLOWER} - Received AppendRequest{term=1, leader=3, prevLogIndex=60, prevLogTerm=1, entries=0, commitIndex=60}
04:51:30.966 [raft-server-system-partition-1] TRACE i.a.p.raft.roles.FollowerRole - RaftServer{system-partition-1}{role=FOLLOWER} - Sending AppendResponse{status=OK, term=1, succeeded=true, lastLogIndex=60}
04:51:30.966 [raft-server-system-partition-1] TRACE i.a.p.raft.roles.LeaderAppender - RaftServer{system-partition-1} - Received AppendResponse{status=OK, term=1, succeeded=true, lastLogIndex=60} from 1
04:51:30.966 [raft-server-system-partition-1] TRACE i.a.p.raft.roles.LeaderAppender - RaftServer{system-partition-1} - Sending AppendRequest{term=1, leader=3, prevLogIndex=60, prevLogTerm=1, entries=0, commitIndex=60} to 1
04:51:30.966 [raft-server-system-partition-1] TRACE i.a.p.raft.roles.LeaderAppender - RaftServer{system-partition-1} - Received AppendResponse{status=OK, term=1, succeeded=true, lastLogIndex=60} from 2
04:51:30.966 [raft-server-system-partition-1] TRACE i.a.p.raft.roles.LeaderAppender - RaftServer{system-partition-1} - Sending AppendRequest{term=1, leader=3, prevLogIndex=60, prevLogTerm=1, entries=0, commitIndex=60} to 2
04:51:30.966 [raft-server-system-partition-1] TRACE i.a.p.raft.roles.FollowerRole - RaftServer{system-partition-1}{role=FOLLOWER} - Received AppendRequest{term=1, leader=3, prevLogIndex=60, prevLogTerm=1, entries=0, commitIndex=60}
04:51:30.966 [raft-server-system-partition-1] TRACE i.a.p.raft.roles.FollowerRole - RaftServer{system-partition-1}{role=FOLLOWER} - Sending AppendResponse{status=OK, term=1, succeeded=true, lastLogIndex=60}
04:51:30.966 [raft-server-system-partition-1] TRACE i.a.p.raft.roles.FollowerRole - RaftServer{system-partition-1}{role=FOLLOWER} - Received AppendRequest{term=1, leader=3, prevLogIndex=60, prevLogTerm=1, entries=0, commitIndex=60}
04:51:30.966 [raft-server-system-partition-1] TRACE i.a.p.raft.roles.FollowerRole - RaftServer{system-partition-1}{role=FOLLOWER} - Sending AppendResponse{status=OK, term=1, succeeded=true, lastLogIndex=60}
04:51:30.966 [raft-server-system-partition-1] TRACE i.a.p.raft.roles.LeaderAppender - RaftServer{system-partition-1} - Received AppendResponse{status=OK, term=1, succeeded=true, lastLogIndex=60} from 1
04:51:30.967 [raft-server-system-partition-1] TRACE i.a.p.raft.roles.LeaderAppender - RaftServer{system-partition-1} - Sending AppendRequest{term=1, leader=3, prevLogIndex=60, prevLogTerm=1, entries=0, commitIndex=60} to 1
04:51:30.967 [raft-server-system-partition-1] TRACE i.a.p.raft.roles.LeaderAppender - RaftServer{system-partition-1} - Received AppendResponse{status=OK, term=1, succeeded=true, lastLogIndex=60} from 2
04:51:30.967 [raft-server-system-partition-1] TRACE i.a.p.raft.roles.LeaderAppender - RaftServer{system-partition-1} - Sending AppendRequest{term=1, leader=3, prevLogIndex=60, prevLogTerm=1, entries=0, commitIndex=60} to 2
04:51:30.967 [raft-server-system-partition-1] TRACE i.a.p.raft.roles.FollowerRole - RaftServer{system-partition-1}{role=FOLLOWER} - Received AppendRequest{term=1, leader=3, prevLogIndex=60, prevLogTerm=1, entries=0, commitIndex=60}
04:51:30.967 [raft-server-system-partition-1] TRACE i.a.p.raft.roles.FollowerRole - RaftServer{system-partition-1}{role=FOLLOWER} - Sending AppendResponse{status=OK, term=1, succeeded=true, lastLogIndex=60}
04:51:30.967 [raft-server-system-partition-1] TRACE i.a.p.raft.roles.FollowerRole - RaftServer{system-partition-1}{role=FOLLOWER} - Received AppendRequest{term=1, leader=3, prevLogIndex=60, prevLogTerm=1, entries=0, commitIndex=60}
04:51:30.967 [raft-server-system-partition-1] TRACE i.a.p.raft.roles.FollowerRole - RaftServer{system-partition-1}{role=FOLLOWER} - Sending AppendResponse{status=OK, term=1, succeeded=true, lastLogIndex=60}
04:51:30.967 [raft-server-system-partition-1] TRACE i.a.p.raft.roles.LeaderAppender - RaftServer{system-partition-1} - Received AppendResponse{status=OK, term=1, succeeded=true, lastLogIndex=60} from 1
04:51:30.967 [raft-server-system-partition-1] TRACE i.a.p.raft.roles.LeaderAppender - RaftServer{system-partition-1} - Received AppendResponse{status=OK, term=1, succeeded=true, lastLogIndex=60} from 2
04:51:30.997 [raft-server-raft-partition-3] TRACE i.a.p.raft.roles.LeaderAppender - RaftServer{raft-partition-3} - Received AppendResponse{status=OK, term=1, succeeded=true, lastLogIndex=8} from 1
04:51:30.997 [raft-server-raft-partition-3-state] TRACE i.a.p.raft.impl.RaftServiceManager - RaftServer{raft-partition-3} - Applying Indexed{index=8, entry=CommandEntry{term=1, timestamp=2018-06-09 04:51:30,963, session=2, sequence=4, operation=PrimitiveOperation{id=DefaultOperationId{id=release, type=COMMAND}, value=byte[]{length=5, hash=77607541}}}}
04:51:30.998 [raft-server-raft-partition-3-state] TRACE i.a.protocols.raft.roles.LeaderRole - RaftServer{raft-partition-3}{role=LEADER} - Sending CommandResponse{status=OK, index=8, eventIndex=5, result=null}
04:51:30.998 [raft-server-raft-partition-3-1] TRACE i.a.p.raft.session.RaftSession - Session{2}{type=DistributedSemaphoreType{name=semaphore}, name=test-semaphore-timeout} - Sending PublishRequest{session=2, eventIndex=8, previousIndex=5, events=[PrimitiveEvent{type=succeeded, value=byte[]{length=9, hash=-240976647}}]}
04:51:30.998 [raft-server-raft-partition-3] TRACE i.a.p.raft.roles.FollowerRole - RaftServer{raft-partition-3}{role=FOLLOWER} - Sending CommandResponse{status=OK, index=8, eventIndex=5, result=null}
04:51:30.998 [raft-client-raft-partition-3-3] TRACE i.a.p.r.proxy.impl.RaftProxyListener - SessionClient{2}{type=DistributedSemaphoreType{name=semaphore}, name=test-semaphore-timeout} - Received PublishRequest{session=2, eventIndex=8, previousIndex=5, events=[PrimitiveEvent{type=succeeded, value=byte[]{length=9, hash=-240976647}}]}
04:51:30.998 [raft-client-raft-partition-3-3] TRACE i.a.p.r.p.impl.RaftProxyConnection - SessionClient{2}{type=DistributedSemaphoreType{name=semaphore}, name=test-semaphore-timeout} - Received CommandResponse{status=OK, index=8, eventIndex=5, result=null} from 3
04:51:30.999 [raft-client-raft-partition-3-3] TRACE i.a.p.r.p.impl.RaftProxySequencer - SessionClient{2}{type=DistributedSemaphoreType{name=semaphore}, name=test-semaphore-timeout} - Completing response CommandResponse{status=OK, index=8, eventIndex=5, result=null}
04:51:30.999 [raft-client-raft-partition-3-3] TRACE i.a.p.r.p.impl.RaftProxySequencer - SessionClient{2}{type=DistributedSemaphoreType{name=semaphore}, name=test-semaphore-timeout} - Completing PublishRequest{session=2, eventIndex=8, previousIndex=5, events=[PrimitiveEvent{type=succeeded, value=byte[]{length=9, hash=-240976647}}]}
04:51:30.999 [raft-client-raft-partition-3-1] TRACE i.a.p.r.p.impl.RaftProxyConnection - SessionClient{2}{type=DistributedSemaphoreType{name=semaphore}, name=test-semaphore-timeout} - Sending CommandRequest{session=2, sequence=5, operation=PrimitiveOperation{id=DefaultOperationId{id=release, type=COMMAND}, value=byte[]{length=5, hash=77607541}}} to 3
04:51:30.999 [raft-server-raft-partition-3] TRACE i.a.p.raft.roles.FollowerRole - RaftServer{raft-partition-3}{role=FOLLOWER} - Received CommandRequest{session=2, sequence=5, operation=PrimitiveOperation{id=DefaultOperationId{id=release, type=COMMAND}, value=byte[]{length=5, hash=77607541}}}
04:51:30.999 [raft-client-raft-partition-3-0] TRACE i.a.p.r.p.impl.RaftProxyConnection - SessionClient{2}{type=DistributedSemaphoreType{name=semaphore}, name=test-semaphore-timeout} - Sending CommandRequest{session=2, sequence=6, operation=PrimitiveOperation{id=DefaultOperationId{id=acquire, type=COMMAND}, value=byte[]{length=10, hash=1170099628}}} to 3
04:51:30.999 [raft-server-raft-partition-3] TRACE i.a.protocols.raft.roles.LeaderRole - RaftServer{raft-partition-3}{role=LEADER} - Received CommandRequest{session=2, sequence=5, operation=PrimitiveOperation{id=DefaultOperationId{id=release, type=COMMAND}, value=byte[]{length=5, hash=77607541}}}
04:51:30.999 [raft-server-raft-partition-3] TRACE i.a.p.raft.roles.FollowerRole - RaftServer{raft-partition-3}{role=FOLLOWER} - Received CommandRequest{session=2, sequence=6, operation=PrimitiveOperation{id=DefaultOperationId{id=acquire, type=COMMAND}, value=byte[]{length=10, hash=1170099628}}}
04:51:30.999 [raft-server-raft-partition-3] TRACE i.a.protocols.raft.roles.LeaderRole - RaftServer{raft-partition-3}{role=LEADER} - Appended Indexed{index=9, entry=CommandEntry{term=1, timestamp=2018-06-09 04:51:30,999, session=2, sequence=5, operation=PrimitiveOperation{id=DefaultOperationId{id=release, type=COMMAND}, value=byte[]{length=5, hash=77607541}}}}
04:51:30.999 [raft-server-raft-partition-3] TRACE i.a.p.raft.roles.LeaderAppender - RaftServer{raft-partition-3} - Sending AppendRequest{term=1, leader=2, prevLogIndex=8, prevLogTerm=1, entries=1, commitIndex=8} to 3
04:51:31.000 [raft-server-raft-partition-3] TRACE i.a.p.raft.roles.LeaderAppender - RaftServer{raft-partition-3} - Sending AppendRequest{term=1, leader=2, prevLogIndex=8, prevLogTerm=1, entries=1, commitIndex=8} to 1
04:51:31.000 [raft-server-raft-partition-3] TRACE i.a.protocols.raft.roles.LeaderRole - RaftServer{raft-partition-3}{role=LEADER} - Received CommandRequest{session=2, sequence=6, operation=PrimitiveOperation{id=DefaultOperationId{id=acquire, type=COMMAND}, value=byte[]{length=10, hash=1170099628}}}
04:51:31.000 [raft-server-raft-partition-3] TRACE i.a.p.raft.roles.FollowerRole - RaftServer{raft-partition-3}{role=FOLLOWER} - Received AppendRequest{term=1, leader=2, prevLogIndex=8, prevLogTerm=1, entries=1, commitIndex=8}
04:51:31.000 [raft-server-raft-partition-3] TRACE i.a.protocols.raft.roles.LeaderRole - RaftServer{raft-partition-3}{role=LEADER} - Appended Indexed{index=10, entry=CommandEntry{term=1, timestamp=2018-06-09 04:51:31,000, session=2, sequence=6, operation=PrimitiveOperation{id=DefaultOperationId{id=acquire, type=COMMAND}, value=byte[]{length=10, hash=1170099628}}}}
04:51:31.000 [raft-server-raft-partition-3] TRACE i.a.p.raft.roles.FollowerRole - RaftServer{raft-partition-3}{role=FOLLOWER} - Received AppendRequest{term=1, leader=2, prevLogIndex=8, prevLogTerm=1, entries=1, commitIndex=8}
04:51:31.000 [raft-server-raft-partition-3] TRACE i.a.p.raft.roles.FollowerRole - RaftServer{raft-partition-3}{role=FOLLOWER} - Appended Indexed{index=9, entry=CommandEntry{term=1, timestamp=2018-06-09 04:51:30,999, session=2, sequence=5, operation=PrimitiveOperation{id=DefaultOperationId{id=release, type=COMMAND}, value=byte[]{length=5, hash=77607541}}}}
04:51:31.000 [raft-server-raft-partition-3] TRACE i.a.p.raft.roles.FollowerRole - RaftServer{raft-partition-3}{role=FOLLOWER} - Appended Indexed{index=9, entry=CommandEntry{term=1, timestamp=2018-06-09 04:51:30,999, session=2, sequence=5, operation=PrimitiveOperation{id=DefaultOperationId{id=release, type=COMMAND}, value=byte[]{length=5, hash=77607541}}}}
04:51:31.035 [raft-server-raft-partition-3] TRACE i.a.p.raft.roles.FollowerRole - RaftServer{raft-partition-3}{role=FOLLOWER} - Committed entries up to index 8
04:51:31.035 [raft-server-raft-partition-3] TRACE i.a.p.raft.roles.FollowerRole - RaftServer{raft-partition-3}{role=FOLLOWER} - Sending AppendResponse{status=OK, term=1, succeeded=true, lastLogIndex=9}
04:51:31.035 [raft-server-raft-partition-3-state] TRACE i.a.p.raft.impl.RaftServiceManager - RaftServer{raft-partition-3} - Applying Indexed{index=8, entry=CommandEntry{term=1, timestamp=2018-06-09 04:51:30,963, session=2, sequence=4, operation=PrimitiveOperation{id=DefaultOperationId{id=release, type=COMMAND}, value=byte[]{length=5, hash=77607541}}}}
04:51:31.035 [raft-server-raft-partition-3] TRACE i.a.p.raft.roles.LeaderAppender - RaftServer{raft-partition-3} - Received AppendResponse{status=OK, term=1, succeeded=true, lastLogIndex=9} from 3
04:51:31.035 [raft-server-raft-partition-3] TRACE i.a.p.raft.roles.LeaderAppender - RaftServer{raft-partition-3} - Committed entries up to 9
04:51:31.035 [raft-server-raft-partition-3] TRACE i.a.p.raft.roles.LeaderAppender - RaftServer{raft-partition-3} - Sending AppendRequest{term=1, leader=2, prevLogIndex=9, prevLogTerm=1, entries=1, commitIndex=9} to 3
04:51:31.035 [raft-server-raft-partition-3-state] TRACE i.a.p.raft.impl.RaftServiceManager - RaftServer{raft-partition-3} - Applying Indexed{index=9, entry=CommandEntry{term=1, timestamp=2018-06-09 04:51:30,999, session=2, sequence=5, operation=PrimitiveOperation{id=DefaultOperationId{id=release, type=COMMAND}, value=byte[]{length=5, hash=77607541}}}}
04:51:31.035 [raft-server-raft-partition-3] TRACE i.a.p.raft.roles.FollowerRole - RaftServer{raft-partition-3}{role=FOLLOWER} - Received AppendRequest{term=1, leader=2, prevLogIndex=9, prevLogTerm=1, entries=1, commitIndex=9}
04:51:31.035 [raft-server-raft-partition-3-state] TRACE i.a.protocols.raft.roles.LeaderRole - RaftServer{raft-partition-3}{role=LEADER} - Sending CommandResponse{status=OK, index=9, eventIndex=8, result=null}
04:51:31.036 [raft-server-raft-partition-3] TRACE i.a.p.raft.roles.FollowerRole - RaftServer{raft-partition-3}{role=FOLLOWER} - Appended Indexed{index=10, entry=CommandEntry{term=1, timestamp=2018-06-09 04:51:31,000, session=2, sequence=6, operation=PrimitiveOperation{id=DefaultOperationId{id=acquire, type=COMMAND}, value=byte[]{length=10, hash=1170099628}}}}
04:51:31.041 [raft-server-raft-partition-2] TRACE i.a.p.raft.roles.LeaderAppender - RaftServer{raft-partition-2} - Sending AppendRequest{term=1, leader=1, prevLogIndex=9, prevLogTerm=1, entries=0, commitIndex=9} to 3
04:51:31.041 [raft-server-raft-partition-2] TRACE i.a.p.raft.roles.LeaderAppender - RaftServer{raft-partition-2} - Sending AppendRequest{term=1, leader=1, prevLogIndex=9, prevLogTerm=1, entries=0, commitIndex=9} to 2
04:51:31.041 [raft-server-raft-partition-2] TRACE i.a.p.raft.roles.FollowerRole - RaftServer{raft-partition-2}{role=FOLLOWER} - Received AppendRequest{term=1, leader=1, prevLogIndex=9, prevLogTerm=1, entries=0, commitIndex=9}
04:51:31.041 [raft-server-raft-partition-2] TRACE i.a.p.raft.roles.FollowerRole - RaftServer{raft-partition-2}{role=FOLLOWER} - Received AppendRequest{term=1, leader=1, prevLogIndex=9, prevLogTerm=1, entries=0, commitIndex=9}
04:51:31.041 [raft-server-raft-partition-2] TRACE i.a.p.raft.roles.FollowerRole - RaftServer{raft-partition-2}{role=FOLLOWER} - Sending AppendResponse{status=OK, term=1, succeeded=true, lastLogIndex=9}
04:51:31.041 [raft-server-raft-partition-2] TRACE i.a.p.raft.roles.FollowerRole - RaftServer{raft-partition-2}{role=FOLLOWER} - Sending AppendResponse{status=OK, term=1, succeeded=true, lastLogIndex=9}
04:51:31.041 [raft-server-raft-partition-2] TRACE i.a.p.raft.roles.LeaderAppender - RaftServer{raft-partition-2} - Received AppendResponse{status=OK, term=1, succeeded=true, lastLogIndex=9} from 3
04:51:31.041 [raft-server-raft-partition-2] TRACE i.a.p.raft.roles.LeaderAppender - RaftServer{raft-partition-2} - Sending AppendRequest{term=1, leader=1, prevLogIndex=9, prevLogTerm=1, entries=0, commitIndex=9} to 3
04:51:31.041 [raft-server-raft-partition-2] TRACE i.a.p.raft.roles.LeaderAppender - RaftServer{raft-partition-2} - Received AppendResponse{status=OK, term=1, succeeded=true, lastLogIndex=9} from 2
04:51:31.041 [raft-server-raft-partition-2] TRACE i.a.p.raft.roles.LeaderAppender - RaftServer{raft-partition-2} - Sending AppendRequest{term=1, leader=1, prevLogIndex=9, prevLogTerm=1, entries=0, commitIndex=9} to 2
04:51:31.041 [raft-server-raft-partition-2] TRACE i.a.p.raft.roles.FollowerRole - RaftServer{raft-partition-2}{role=FOLLOWER} - Received AppendRequest{term=1, leader=1, prevLogIndex=9, prevLogTerm=1, entries=0, commitIndex=9}
04:51:31.041 [raft-server-raft-partition-2] TRACE i.a.p.raft.roles.FollowerRole - RaftServer{raft-partition-2}{role=FOLLOWER} - Sending AppendResponse{status=OK, term=1, succeeded=true, lastLogIndex=9}
04:51:31.042 [raft-server-raft-partition-2] TRACE i.a.p.raft.roles.FollowerRole - RaftServer{raft-partition-2}{role=FOLLOWER} - Received AppendRequest{term=1, leader=1, prevLogIndex=9, prevLogTerm=1, entries=0, commitIndex=9}
04:51:31.042 [raft-server-raft-partition-2] TRACE i.a.p.raft.roles.FollowerRole - RaftServer{raft-partition-2}{role=FOLLOWER} - Sending AppendResponse{status=OK, term=1, succeeded=true, lastLogIndex=9}
04:51:31.042 [raft-server-raft-partition-2] TRACE i.a.p.raft.roles.LeaderAppender - RaftServer{raft-partition-2} - Received AppendResponse{status=OK, term=1, succeeded=true, lastLogIndex=9} from 3
04:51:31.042 [raft-server-raft-partition-2] TRACE i.a.p.raft.roles.LeaderAppender - RaftServer{raft-partition-2} - Sending AppendRequest{term=1, leader=1, prevLogIndex=9, prevLogTerm=1, entries=0, commitIndex=9} to 3
04:51:31.042 [raft-server-raft-partition-2] TRACE i.a.p.raft.roles.LeaderAppender - RaftServer{raft-partition-2} - Received AppendResponse{status=OK, term=1, succeeded=true, lastLogIndex=9} from 2
04:51:31.042 [raft-server-raft-partition-2] TRACE i.a.p.raft.roles.LeaderAppender - RaftServer{raft-partition-2} - Sending AppendRequest{term=1, leader=1, prevLogIndex=9, prevLogTerm=1, entries=0, commitIndex=9} to 2
04:51:31.042 [raft-server-raft-partition-2] TRACE i.a.p.raft.roles.FollowerRole - RaftServer{raft-partition-2}{role=FOLLOWER} - Received AppendRequest{term=1, leader=1, prevLogIndex=9, prevLogTerm=1, entries=0, commitIndex=9}
04:51:31.042 [raft-server-raft-partition-2] TRACE i.a.p.raft.roles.FollowerRole - RaftServer{raft-partition-2}{role=FOLLOWER} - Sending AppendResponse{status=OK, term=1, succeeded=true, lastLogIndex=9}
04:51:31.042 [raft-server-raft-partition-2] TRACE i.a.p.raft.roles.FollowerRole - RaftServer{raft-partition-2}{role=FOLLOWER} - Received AppendRequest{term=1, leader=1, prevLogIndex=9, prevLogTerm=1, entries=0, commitIndex=9}
04:51:31.042 [raft-server-raft-partition-2] TRACE i.a.p.raft.roles.FollowerRole - RaftServer{raft-partition-2}{role=FOLLOWER} - Sending AppendResponse{status=OK, term=1, succeeded=true, lastLogIndex=9}
04:51:31.042 [raft-server-raft-partition-2] TRACE i.a.p.raft.roles.LeaderAppender - RaftServer{raft-partition-2} - Received AppendResponse{status=OK, term=1, succeeded=true, lastLogIndex=9} from 3
04:51:31.042 [raft-server-raft-partition-2] TRACE i.a.p.raft.roles.LeaderAppender - RaftServer{raft-partition-2} - Received AppendResponse{status=OK, term=1, succeeded=true, lastLogIndex=9} from 2
04:51:31.062 [raft-server-raft-partition-3] TRACE i.a.p.raft.roles.FollowerRole - RaftServer{raft-partition-3}{role=FOLLOWER} - Committed entries up to index 8
04:51:31.062 [raft-server-raft-partition-3] TRACE i.a.p.raft.roles.FollowerRole - RaftServer{raft-partition-3}{role=FOLLOWER} - Sending AppendResponse{status=OK, term=1, succeeded=true, lastLogIndex=9}
04:51:31.062 [raft-server-raft-partition-3-state] TRACE i.a.p.raft.impl.RaftServiceManager - RaftServer{raft-partition-3} - Applying Indexed{index=8, entry=CommandEntry{term=1, timestamp=2018-06-09 04:51:30,963, session=2, sequence=4, operation=PrimitiveOperation{id=DefaultOperationId{id=release, type=COMMAND}, value=byte[]{length=5, hash=77607541}}}}
04:51:31.062 [raft-server-raft-partition-3] TRACE i.a.p.raft.roles.LeaderAppender - RaftServer{raft-partition-3} - Received AppendResponse{status=OK, term=1, succeeded=true, lastLogIndex=9} from 1
04:51:31.062 [raft-server-raft-partition-3] TRACE i.a.p.raft.roles.LeaderAppender - RaftServer{raft-partition-3} - Sending AppendRequest{term=1, leader=2, prevLogIndex=9, prevLogTerm=1, entries=1, commitIndex=9} to 1
04:51:31.063 [raft-server-raft-partition-3] TRACE i.a.p.raft.roles.FollowerRole - RaftServer{raft-partition-3}{role=FOLLOWER} - Received AppendRequest{term=1, leader=2, prevLogIndex=9, prevLogTerm=1, entries=1, commitIndex=9}
04:51:31.063 [raft-server-raft-partition-3] TRACE i.a.p.raft.roles.FollowerRole - RaftServer{raft-partition-3}{role=FOLLOWER} - Appended Indexed{index=10, entry=CommandEntry{term=1, timestamp=2018-06-09 04:51:31,000, session=2, sequence=6, operation=PrimitiveOperation{id=DefaultOperationId{id=acquire, type=COMMAND}, value=byte[]{length=10, hash=1170099628}}}}
04:51:31.093 [raft-server-raft-partition-3] TRACE i.a.p.raft.roles.FollowerRole - RaftServer{raft-partition-3}{role=FOLLOWER} - Committed entries up to index 9
04:51:31.093 [raft-server-raft-partition-3] TRACE i.a.p.raft.roles.FollowerRole - RaftServer{raft-partition-3}{role=FOLLOWER} - Sending AppendResponse{status=OK, term=1, succeeded=true, lastLogIndex=10}
04:51:31.093 [raft-server-raft-partition-3] TRACE i.a.p.raft.roles.FollowerRole - RaftServer{raft-partition-3}{role=FOLLOWER} - Sending CommandResponse{status=OK, index=9, eventIndex=8, result=null}
04:51:31.093 [raft-server-raft-partition-3-state] TRACE i.a.p.raft.impl.RaftServiceManager - RaftServer{raft-partition-3} - Applying Indexed{index=9, entry=CommandEntry{term=1, timestamp=2018-06-09 04:51:30,999, session=2, sequence=5, operation=PrimitiveOperation{id=DefaultOperationId{id=release, type=COMMAND}, value=byte[]{length=5, hash=77607541}}}}
04:51:31.093 [raft-server-raft-partition-3] TRACE i.a.p.raft.roles.LeaderAppender - RaftServer{raft-partition-3} - Received AppendResponse{status=OK, term=1, succeeded=true, lastLogIndex=10} from 3
04:51:31.093 [raft-server-raft-partition-3] TRACE i.a.p.raft.roles.LeaderAppender - RaftServer{raft-partition-3} - Committed entries up to 10
04:51:31.094 [raft-client-raft-partition-3-2] TRACE i.a.p.r.p.impl.RaftProxyConnection - SessionClient{2}{type=DistributedSemaphoreType{name=semaphore}, name=test-semaphore-timeout} - Received CommandResponse{status=OK, index=9, eventIndex=8, result=null} from 3
04:51:31.094 [raft-client-raft-partition-3-2] TRACE i.a.p.r.p.impl.RaftProxySequencer - SessionClient{2}{type=DistributedSemaphoreType{name=semaphore}, name=test-semaphore-timeout} - Completing response CommandResponse{status=OK, index=9, eventIndex=8, result=null}
04:51:31.101 [main] INFO  i.a.p.r.proxy.impl.RaftProxyManager - RaftClient{system-partition-1} - Closing session 57
04:51:31.101 [main] INFO  i.a.core.impl.CorePrimitivesService - Stopped
04:51:31.101 [raft-client-system-partition-1-2] TRACE i.a.p.r.p.impl.RaftProxyConnection - RaftClient{system-partition-1} - Sending CloseSessionRequest{session=57} to 3
04:51:31.101 [atomix-0] INFO  i.a.p.b.p.PrimaryBackupPartitionGroup - Stopped
04:51:31.101 [ForkJoinPool.commonPool-worker-3] INFO  i.a.p.r.partition.RaftPartitionGroup - Stopped
04:51:31.102 [raft-server-system-partition-1] TRACE i.a.protocols.raft.roles.LeaderRole - RaftServer{system-partition-1}{role=LEADER} - Received CloseSessionRequest{session=57}
04:51:31.102 [raft-server-system-partition-1] TRACE i.a.protocols.raft.roles.LeaderRole - RaftServer{system-partition-1}{role=LEADER} - Appended Indexed{index=61, entry=CloseSessionEntry{term=1, timestamp=2018-06-09 04:51:31,102, session=57, expired=false}}
04:51:31.102 [raft-server-system-partition-1] TRACE i.a.p.raft.roles.LeaderAppender - RaftServer{system-partition-1} - Sending AppendRequest{term=1, leader=3, prevLogIndex=60, prevLogTerm=1, entries=1, commitIndex=60} to 1
04:51:31.102 [raft-server-system-partition-1] TRACE i.a.p.raft.roles.LeaderAppender - RaftServer{system-partition-1} - Sending AppendRequest{term=1, leader=3, prevLogIndex=60, prevLogTerm=1, entries=1, commitIndex=60} to 2
04:51:31.102 [raft-server-system-partition-1] TRACE i.a.p.raft.roles.FollowerRole - RaftServer{system-partition-1}{role=FOLLOWER} - Received AppendRequest{term=1, leader=3, prevLogIndex=60, prevLogTerm=1, entries=1, commitIndex=60}
04:51:31.102 [ForkJoinPool.commonPool-worker-3] INFO  i.a.p.r.partition.RaftPartitionGroup - Stopped
04:51:31.102 [raft-server-system-partition-1] TRACE i.a.p.raft.roles.FollowerRole - RaftServer{system-partition-1}{role=FOLLOWER} - Received AppendRequest{term=1, leader=3, prevLogIndex=60, prevLogTerm=1, entries=1, commitIndex=60}
04:51:31.102 [raft-server-system-partition-1] TRACE i.a.p.raft.roles.FollowerRole - RaftServer{system-partition-1}{role=FOLLOWER} - Appended Indexed{index=61, entry=CloseSessionEntry{term=1, timestamp=2018-06-09 04:51:31,102, session=57, expired=false}}
04:51:31.103 [ForkJoinPool.commonPool-worker-3] INFO  i.a.p.p.i.DefaultPartitionGroupMembershipService - Stopped
04:51:31.103 [raft-server-system-partition-1] TRACE i.a.p.raft.roles.FollowerRole - RaftServer{system-partition-1}{role=FOLLOWER} - Sending AppendResponse{status=OK, term=1, succeeded=true, lastLogIndex=61}
04:51:31.103 [ForkJoinPool.commonPool-worker-3] INFO  i.a.p.p.impl.DefaultPartitionService - Stopped
04:51:31.103 [raft-server-system-partition-1] TRACE i.a.p.raft.roles.FollowerRole - RaftServer{system-partition-1}{role=FOLLOWER} - Appended Indexed{index=61, entry=CloseSessionEntry{term=1, timestamp=2018-06-09 04:51:31,102, session=57, expired=false}}
04:51:31.103 [atomix-0] INFO  i.a.c.m.i.DefaultClusterCommunicationService - Stopped
04:51:31.103 [raft-server-system-partition-1] TRACE i.a.p.raft.roles.FollowerRole - RaftServer{system-partition-1}{role=FOLLOWER} - Sending AppendResponse{status=OK, term=1, succeeded=true, lastLogIndex=61}
04:51:31.103 [raft-server-system-partition-1] TRACE i.a.p.raft.roles.LeaderAppender - RaftServer{system-partition-1} - Received AppendResponse{status=OK, term=1, succeeded=true, lastLogIndex=61} from 1
04:51:31.103 [atomix-cluster-0] INFO  i.a.c.m.i.DefaultClusterEventService - Stopped
04:51:31.103 [raft-server-system-partition-1] TRACE i.a.p.raft.roles.LeaderAppender - RaftServer{system-partition-1} - Committed entries up to 61
04:51:31.103 [atomix-cluster-0] INFO  i.a.c.i.DefaultClusterMembershipService - 10 - Member deactivated: StatefulMember{id=10, address=localhost:5010, metadata={}}
04:51:31.103 [atomix-cluster-0] INFO  i.a.c.i.DefaultClusterMembershipService - Stopped
04:51:31.106 [netty-messaging-event-epoll-server-0] INFO  i.a.c.m.impl.NettyMessagingService - Stopped
04:51:31.107 [atomix-cluster-0] INFO  io.atomix.cluster.AtomixCluster - Stopped
]]></system-out>
  </testcase>
  <testcase name="testExpireRace" classname="io.atomix.core.semaphore.impl.RaftSemaphoreTest" time="2.756">
    <skipped message="depends on performance"/>
  </testcase>
  <testcase name="testQueue" classname="io.atomix.core.semaphore.impl.RaftSemaphoreTest" time="1.305"/>
  <testcase name="testInit" classname="io.atomix.core.semaphore.impl.RaftSemaphoreTest" time="1.329"/>
  <testcase name="testBlockTimeout" classname="io.atomix.core.semaphore.impl.RaftSemaphoreTest" time="6.964"/>
  <testcase name="testAcquireRelease" classname="io.atomix.core.semaphore.impl.RaftSemaphoreTest" time="1.257"/>
  <testcase name="testIncreaseReduceDrain" classname="io.atomix.core.semaphore.impl.RaftSemaphoreTest" time="1.08"/>
  <testcase name="testBlocking" classname="io.atomix.core.semaphore.impl.RaftSemaphoreTest" time="2.58"/>
  <testcase name="testHolderStatus" classname="io.atomix.core.semaphore.impl.RaftSemaphoreTest" time="1.447"/>
  <testcase name="testSnapshot" classname="io.atomix.core.semaphore.impl.RaftSemaphoreTest" time="1.448">
    <skipped/>
  </testcase>
  <testcase name="testInterrupt" classname="io.atomix.core.semaphore.impl.RaftSemaphoreTest" time="2.053"/>
  <testcase name="testOverflow" classname="io.atomix.core.semaphore.impl.RaftSemaphoreTest" time="1.112"/>
  <testcase name="testExpire" classname="io.atomix.core.semaphore.impl.RaftSemaphoreTest" time="1.299"/>
  <testcase name="testReleaseSession" classname="io.atomix.core.semaphore.impl.RaftSemaphoreTest" time="1.01"/>
</testsuite>