<?xml version="1.0" encoding="UTF-8"?>
<testsuite xmlns:xsi="http://www.w3.org/2001/XMLSchema-instance" xsi:schemaLocation="https://maven.apache.org/surefire/maven-surefire-plugin/xsd/surefire-test-report.xsd" name="com.google.errorprone.bugpatterns.apidiff.ApiDiffCheckerTest" time="2.492" tests="5" errors="0" skipped="0" failures="3">
  <properties>
    <property name="java.vendor" value="Oracle Corporation"/>
    <property name="sun.java.launcher" value="SUN_STANDARD"/>
    <property name="sun.management.compiler" value="HotSpot 64-Bit Tiered Compilers"/>
    <property name="os.name" value="Linux"/>
    <property name="sun.boot.class.path" value="/usr/lib/jvm/java-8-openjdk-amd64/jre/lib/resources.jar:/usr/lib/jvm/java-8-openjdk-amd64/jre/lib/rt.jar:/usr/lib/jvm/java-8-openjdk-amd64/jre/lib/sunrsasign.jar:/usr/lib/jvm/java-8-openjdk-amd64/jre/lib/jsse.jar:/usr/lib/jvm/java-8-openjdk-amd64/jre/lib/jce.jar:/usr/lib/jvm/java-8-openjdk-amd64/jre/lib/charsets.jar:/usr/lib/jvm/java-8-openjdk-amd64/jre/lib/jfr.jar:/usr/lib/jvm/java-8-openjdk-amd64/jre/classes"/>
    <property name="cobertura.skip" value="true"/>
    <property name="findbugs.skip" value="true"/>
    <property name="java.vm.specification.vendor" value="Oracle Corporation"/>
    <property name="java.runtime.version" value="1.8.0_121-8u121-b13-1~bpo8+1-b13"/>
    <property name="user.name" value="root"/>
    <property name="guice.disable.misplaced.annotation.check" value="true"/>
    <property name="maven.repo.local" value="/root/./workspace/google/error-prone/389476630/.m2"/>
    <property name="user.language" value="en"/>
    <property name="sun.boot.library.path" value="/usr/lib/jvm/java-8-openjdk-amd64/jre/lib/amd64"/>
    <property name="classworlds.conf" value="/usr/share/maven/bin/m2.conf"/>
    <property name="java.version" value="1.8.0_121"/>
    <property name="user.timezone" value="Europe/Paris"/>
    <property name="rat.skip" value="true"/>
    <property name="sun.arch.data.model" value="64"/>
    <property name="java.endorsed.dirs" value="/usr/lib/jvm/java-8-openjdk-amd64/jre/lib/endorsed"/>
    <property name="sun.cpu.isalist" value=""/>
    <property name="sun.jnu.encoding" value="UTF-8"/>
    <property name="file.encoding.pkg" value="sun.io"/>
    <property name="file.separator" value="/"/>
    <property name="java.specification.name" value="Java Platform API Specification"/>
    <property name="java.class.version" value="52.0"/>
    <property name="checkstyle.skip" value="true"/>
    <property name="securerandom.source" value="file:/dev/./urandom"/>
    <property name="java.home" value="/usr/lib/jvm/java-8-openjdk-amd64/jre"/>
    <property name="java.vm.info" value="mixed mode"/>
    <property name="os.version" value="3.10.0-862.3.2.el7.x86_64"/>
    <property name="path.separator" value=":"/>
    <property name="java.vm.version" value="25.121-b13"/>
    <property name="gpg.skip" value="true"/>
    <property name="java.awt.printerjob" value="sun.print.PSPrinterJob"/>
    <property name="sun.io.unicode.encoding" value="UnicodeLittle"/>
    <property name="awt.toolkit" value="sun.awt.X11.XToolkit"/>
    <property name="os.detected.release" value="debian"/>
    <property name="user.home" value="/root"/>
    <property name="java.specification.vendor" value="Oracle Corporation"/>
    <property name="java.library.path" value="/usr/java/packages/lib/amd64:/usr/lib/x86_64-linux-gnu/jni:/lib/x86_64-linux-gnu:/usr/lib/x86_64-linux-gnu:/usr/lib/jni:/lib:/usr/lib"/>
    <property name="java.vendor.url" value="http://java.oracle.com/"/>
    <property name="java.vm.vendor" value="Oracle Corporation"/>
    <property name="os.detected.release.like.debian" value="true"/>
    <property name="dependency-check.skip" value="true"/>
    <property name="maven.home" value="/usr/share/maven"/>
    <property name="java.runtime.name" value="OpenJDK Runtime Environment"/>
    <property name="sun.java.command" value="org.codehaus.plexus.classworlds.launcher.Launcher -B -D enforcer.skip=true -D dependency-check.skip=true -D skipITs=true -D cobertura.skip=true -D maven.repo.local=/root/./workspace/google/error-prone/389476630/.m2 -D rat.skip=true -D findbugs.skip=true -D skip.bower=true -D gpg.skip=true -D checkstyle.skip=true -D skip.gulp=true -D license.skip=true -D skip.npm=true test"/>
    <property name="java.class.path" value="/usr/share/maven/boot/plexus-classworlds-2.5.2.jar"/>
    <property name="os.detected.arch" value="x86_64"/>
    <property name="java.vm.specification.name" value="Java Virtual Machine Specification"/>
    <property name="java.vm.specification.version" value="1.8"/>
    <property name="sun.cpu.endian" value="little"/>
    <property name="sun.os.patch.level" value="unknown"/>
    <property name="os.detected.classifier" value="linux-x86_64"/>
    <property name="java.io.tmpdir" value="/tmp"/>
    <property name="java.vendor.url.bug" value="http://bugreport.sun.com/bugreport/"/>
    <property name="maven.multiModuleProjectDirectory" value="/root/workspace/google/error-prone/389476630"/>
    <property name="os.arch" value="amd64"/>
    <property name="java.awt.graphicsenv" value="sun.awt.X11GraphicsEnvironment"/>
    <property name="java.ext.dirs" value="/usr/lib/jvm/java-8-openjdk-amd64/jre/lib/ext:/usr/java/packages/lib/ext"/>
    <property name="os.detected.release.version" value="8"/>
    <property name="user.dir" value="/root/workspace/google/error-prone/389476630"/>
    <property name="skipITs" value="true"/>
    <property name="line.separator" value="&#10;"/>
    <property name="java.vm.name" value="OpenJDK 64-Bit Server VM"/>
    <property name="enforcer.skip" value="true"/>
    <property name="skip.gulp" value="true"/>
    <property name="skip.bower" value="true"/>
    <property name="skip.npm" value="true"/>
    <property name="file.encoding" value="UTF-8"/>
    <property name="os.detected.name" value="linux"/>
    <property name="license.skip" value="true"/>
    <property name="java.specification.version" value="1.8"/>
  </properties>
  <testcase name="subType" classname="com.google.errorprone.bugpatterns.apidiff.ApiDiffCheckerTest" time="1.235">
    <failure message="Compilation failed unexpectedly: [parsing started SimpleFileObject[/tmp/junit8472590308973418530/junit5660402871807796852/Test.java]]&#10;[parsing completed 1ms]&#10;[search path for source files: ]&#10;[search path for class files: /root/./workspace/google/error-prone/389476630/.m2/com/google/errorprone/javac/9+181-r4173-1/javac-9+181-r4173-1.jar,/usr/lib/jvm/java-8-openjdk-amd64/jre/lib/resources.jar,/usr/lib/jvm/java-8-openjdk-amd64/jre/lib/rt.jar,/usr/lib/jvm/java-8-openjdk-amd64/jre/lib/sunrsasign.jar,/usr/lib/jvm/java-8-openjdk-amd64/jre/lib/jsse.jar,/usr/lib/jvm/java-8-openjdk-amd64/jre/lib/jce.jar,/usr/lib/jvm/java-8-openjdk-amd64/jre/lib/charsets.jar,/usr/lib/jvm/java-8-openjdk-amd64/jre/lib/jfr.jar,/usr/lib/jvm/java-8-openjdk-amd64/jre/classes,/usr/lib/jvm/java-8-openjdk-amd64/jre/lib/ext/cldrdata.jar,/usr/lib/jvm/java-8-openjdk-amd64/jre/lib/ext/dnsns.jar,/usr/lib/jvm/java-8-openjdk-amd64/jre/lib/ext/icedtea-sound.jar,/usr/lib/jvm/java-8-openjdk-amd64/jre/lib/ext/jaccess.jar,/usr/lib/jvm/java-8-openjdk-amd64/jre/lib/ext/java-atk-wrapper.jar,/usr/lib/jvm/java-8-openjdk-amd64/jre/lib/ext/localedata.jar,/usr/lib/jvm/java-8-openjdk-amd64/jre/lib/ext/nashorn.jar,/usr/lib/jvm/java-8-openjdk-amd64/jre/lib/ext/sunec.jar,/usr/lib/jvm/java-8-openjdk-amd64/jre/lib/ext/sunjce_provider.jar,/usr/lib/jvm/java-8-openjdk-amd64/jre/lib/ext/sunpkcs11.jar,/usr/lib/jvm/java-8-openjdk-amd64/jre/lib/ext/zipfs.jar,/root/workspace/google/error-prone/389476630/core/target/test-classes,/root/workspace/google/error-prone/389476630/core/target/classes,/root/workspace/google/error-prone/389476630/annotation/target/classes,/root/workspace/google/error-prone/389476630/type_annotations/target/classes,/root/workspace/google/error-prone/389476630/check_api/target/classes,/root/./workspace/google/error-prone/389476630/.m2/com/googlecode/java-diff-utils/diffutils/1.3.0/diffutils-1.3.0.jar,/root/./workspace/google/error-prone/389476630/.m2/com/github/kevinstern/software-and-algorithms/1.0/software-and-algorithms-1.0.jar,/root/workspace/google/error-prone/389476630/test_helpers/target/classes,/root/./workspace/google/error-prone/389476630/.m2/com/google/googlejavaformat/google-java-format/1.4/google-java-format-1.4.jar,/root/./workspace/google/error-prone/389476630/.m2/com/google/errorprone/javac-shaded/9-dev-r4023-3/javac-shaded-9-dev-r4023-3.jar,/root/./workspace/google/error-prone/389476630/.m2/com/google/jimfs/jimfs/1.1/jimfs-1.1.jar,/root/./workspace/google/error-prone/389476630/.m2/com/github/stephenc/jcip/jcip-annotations/1.0-1/jcip-annotations-1.0-1.jar,/root/./workspace/google/error-prone/389476630/.m2/org/pcollections/pcollections/2.1.2/pcollections-2.1.2.jar,/root/./workspace/google/error-prone/389476630/.m2/com/google/guava/guava/23.5-jre/guava-23.5-jre.jar,/root/./workspace/google/error-prone/389476630/.m2/org/checkerframework/checker-qual/2.0.0/checker-qual-2.0.0.jar,/root/./workspace/google/error-prone/389476630/.m2/com/google/j2objc/j2objc-annotations/1.1/j2objc-annotations-1.1.jar,/root/./workspace/google/error-prone/389476630/.m2/org/codehaus/mojo/animal-sniffer-annotations/1.14/animal-sniffer-annotations-1.14.jar,/root/./workspace/google/error-prone/389476630/.m2/com/google/auto/auto-common/0.10/auto-common-0.10.jar,/root/./workspace/google/error-prone/389476630/.m2/com/google/code/findbugs/jFormatString/3.0.0/jFormatString-3.0.0.jar,/root/./workspace/google/error-prone/389476630/.m2/com/google/code/findbugs/jsr305/3.0.0/jsr305-3.0.0.jar,/root/./workspace/google/error-prone/389476630/.m2/org/checkerframework/dataflow/2.5.0/dataflow-2.5.0.jar,/root/./workspace/google/error-prone/389476630/.m2/org/checkerframework/javacutil/2.5.0/javacutil-2.5.0.jar,/root/./workspace/google/error-prone/389476630/.m2/com/google/errorprone/javac/9+181-r4173-1/javac-9+181-r4173-1.jar,/root/./workspace/google/error-prone/389476630/.m2/com/google/auto/value/auto-value/1.5.3/auto-value-1.5.3.jar,/root/workspace/google/error-prone/389476630/annotations/target/classes,/root/./workspace/google/error-prone/389476630/.m2/junit/junit/4.13-SNAPSHOT/junit-4.13-SNAPSHOT.jar,/root/./workspace/google/error-prone/389476630/.m2/org/hamcrest/hamcrest-core/1.3/hamcrest-core-1.3.jar,/root/./workspace/google/error-prone/389476630/.m2/org/hamcrest/hamcrest-library/1.3/hamcrest-library-1.3.jar,/root/./workspace/google/error-prone/389476630/.m2/com/google/truth/truth/0.36/truth-0.36.jar,/root/./workspace/google/error-prone/389476630/.m2/com/google/truth/extensions/truth-java8-extension/0.36/truth-java8-extension-0.36.jar,/root/./workspace/google/error-prone/389476630/.m2/com/google/inject/guice/4.0-beta5/guice-4.0-beta5.jar,/root/./workspace/google/error-prone/389476630/.m2/javax/inject/javax.inject/1/javax.inject-1.jar,/root/./workspace/google/error-prone/389476630/.m2/aopalliance/aopalliance/1.0/aopalliance-1.0.jar,/root/./workspace/google/error-prone/389476630/.m2/com/google/inject/extensions/guice-assistedinject/4.0-beta5/guice-assistedinject-4.0-beta5.jar,/root/./workspace/google/error-prone/389476630/.m2/com/google/inject/extensions/guice-servlet/4.0-beta5/guice-servlet-4.0-beta5.jar,/root/./workspace/google/error-prone/389476630/.m2/com/google/gwt/inject/gin/2.1.2/gin-2.1.2.jar,/root/./workspace/google/error-prone/389476630/.m2/org/mockito/mockito-core/2.0.3-beta/mockito-core-2.0.3-beta.jar,/root/./workspace/google/error-prone/389476630/.m2/org/objenesis/objenesis/2.1/objenesis-2.1.jar,/root/./workspace/google/error-prone/389476630/.m2/org/jmock/jmock/2.8.0/jmock-2.8.0.jar,/root/./workspace/google/error-prone/389476630/.m2/cglib/cglib-nodep/3.1/cglib-nodep-3.1.jar,/root/./workspace/google/error-prone/389476630/.m2/org/ow2/asm/asm/5.0.3/asm-5.0.3.jar,/root/./workspace/google/error-prone/389476630/.m2/org/beanshell/bsh/1.3.0/bsh-1.3.0.jar,/root/./workspace/google/error-prone/389476630/.m2/org/jmock/jmock-junit4/2.8.0/jmock-junit4-2.8.0.jar,/root/./workspace/google/error-prone/389476630/.m2/com/google/protobuf/protobuf-java/3.4.0/protobuf-java-3.4.0.jar,/root/./workspace/google/error-prone/389476630/.m2/com/google/dagger/dagger/2.14.1/dagger-2.14.1.jar,/root/./workspace/google/error-prone/389476630/.m2/com/google/dagger/dagger-producers/2.14.1/dagger-producers-2.14.1.jar,/root/./workspace/google/error-prone/389476630/.m2/org/checkerframework/checker-compat-qual/2.3.0/checker-compat-qual-2.3.0.jar,/root/./workspace/google/error-prone/389476630/.m2/com/google/auto/factory/auto-factory/1.0-beta5/auto-factory-1.0-beta5.jar,/root/./workspace/google/error-prone/389476630/.m2/com/squareup/javapoet/1.7.0/javapoet-1.7.0.jar,/root/./workspace/google/error-prone/389476630/.m2/com/google/guava/guava-testlib/23.5-jre/guava-testlib-23.5-jre.jar,/root/./workspace/google/error-prone/389476630/.m2/com/google/testing/compile/compile-testing/0.15/compile-testing-0.15.jar,/usr/lib/jvm/java-8-openjdk-amd64/jre/../lib/tools.jar,/root/./workspace/google/error-prone/389476630/.m2/com/ibm/icu/icu4j/56.1/icu4j-56.1.jar,/root/./workspace/google/error-prone/389476630/.m2/com/google/auto/service/auto-service/1.0-rc4/auto-service-1.0-rc4.jar,/root/./workspace/google/error-prone/389476630/.m2/io/netty/netty-all/4.1.12.Final/netty-all-4.1.12.Final.jar,/root/./workspace/google/error-prone/389476630/.m2/joda-time/joda-time/2.9.4/joda-time-2.9.4.jar,/root/./workspace/google/error-prone/389476630/.m2/com/google/common/html/types/proto/1.0.0/proto-1.0.0.jar,/root/./workspace/google/error-prone/389476630/.m2/com/google/common/html/types/types/1.0.5/types-1.0.5.jar,/root/./workspace/google/error-prone/389476630/.m2/com/google/gwt/gwt-user/2.8.0-beta1/gwt-user-2.8.0-beta1.jar,/root/./workspace/google/error-prone/389476630/.m2/javax/validation/validation-api/1.0.0.GA/validation-api-1.0.0.GA.jar,/root/./workspace/google/error-prone/389476630/.m2/javax/validation/validation-api/1.0.0.GA/validation-api-1.0.0.GA-sources.jar,/root/./workspace/google/error-prone/389476630/.m2/javax/annotation/jsr250-api/1.0/jsr250-api-1.0.jar,/root/./workspace/google/error-prone/389476630/.m2/com/android/support/support-annotations/27.0.0/support-annotations-27.0.0.jar,/root/./workspace/google/error-prone/389476630/.m2/org/assertj/assertj-core/3.9.0/assertj-core-3.9.0.jar,.,doesnotexist.jar,/tmp/junit8472590308973418530/junit8898434597381648823/output.jar]&#10;[loading /tmp/junit8472590308973418530/junit8898434597381648823/output.jar(/lib/A.class)]&#10;[loading /usr/lib/jvm/java-8-openjdk-amd64/jre/lib/rt.jar(/java/lang/Object.class)]&#10;[checking Test]&#10;[loading /usr/lib/jvm/java-8-openjdk-amd64/jre/lib/rt.jar(/java/io/Serializable.class)]&#10;[loading /usr/lib/jvm/java-8-openjdk-amd64/jre/lib/rt.jar(/java/lang/AutoCloseable.class)]&#10;[loading /usr/lib/jvm/java-8-openjdk-amd64/jre/lib/rt.jar(/javax/annotation/Generated.class)]&#10;[loading /usr/lib/jvm/java-8-openjdk-amd64/jre/lib/rt.jar(/java/lang/annotation/Retention.class)]&#10;[loading /usr/lib/jvm/java-8-openjdk-amd64/jre/lib/rt.jar(/java/lang/annotation/RetentionPolicy.class)]&#10;[loading /usr/lib/jvm/java-8-openjdk-amd64/jre/lib/rt.jar(/java/lang/annotation/Target.class)]&#10;[loading /usr/lib/jvm/java-8-openjdk-amd64/jre/lib/rt.jar(/java/lang/annotation/ElementType.class)]&#10;[loading /root/./workspace/google/error-prone/389476630/.m2/com/google/errorprone/javac/9+181-r4173-1/javac-9+181-r4173-1.jar(/javax/annotation/processing/Generated.class)]&#10;[total 100ms]&#10;: /tmp/junit8472590308973418530/junit5660402871807796852/Test.java:4: error: [SampleChecker] lib.A#f() is not available in &lt;anonymous Test$1&gt;&#10;    new A() {}.f();&#10;              ^&#10;    (see https://errorprone.info/bugpattern/SampleChecker.md) (&lt;false&gt;) was expected to be true, but was false" type="java.lang.AssertionError"><![CDATA[java.lang.AssertionError: 
Compilation failed unexpectedly: [parsing started SimpleFileObject[/tmp/junit8472590308973418530/junit5660402871807796852/Test.java]]
[parsing completed 1ms]
[search path for source files: ]
[search path for class files: /root/./workspace/google/error-prone/389476630/.m2/com/google/errorprone/javac/9+181-r4173-1/javac-9+181-r4173-1.jar,/usr/lib/jvm/java-8-openjdk-amd64/jre/lib/resources.jar,/usr/lib/jvm/java-8-openjdk-amd64/jre/lib/rt.jar,/usr/lib/jvm/java-8-openjdk-amd64/jre/lib/sunrsasign.jar,/usr/lib/jvm/java-8-openjdk-amd64/jre/lib/jsse.jar,/usr/lib/jvm/java-8-openjdk-amd64/jre/lib/jce.jar,/usr/lib/jvm/java-8-openjdk-amd64/jre/lib/charsets.jar,/usr/lib/jvm/java-8-openjdk-amd64/jre/lib/jfr.jar,/usr/lib/jvm/java-8-openjdk-amd64/jre/classes,/usr/lib/jvm/java-8-openjdk-amd64/jre/lib/ext/cldrdata.jar,/usr/lib/jvm/java-8-openjdk-amd64/jre/lib/ext/dnsns.jar,/usr/lib/jvm/java-8-openjdk-amd64/jre/lib/ext/icedtea-sound.jar,/usr/lib/jvm/java-8-openjdk-amd64/jre/lib/ext/jaccess.jar,/usr/lib/jvm/java-8-openjdk-amd64/jre/lib/ext/java-atk-wrapper.jar,/usr/lib/jvm/java-8-openjdk-amd64/jre/lib/ext/localedata.jar,/usr/lib/jvm/java-8-openjdk-amd64/jre/lib/ext/nashorn.jar,/usr/lib/jvm/java-8-openjdk-amd64/jre/lib/ext/sunec.jar,/usr/lib/jvm/java-8-openjdk-amd64/jre/lib/ext/sunjce_provider.jar,/usr/lib/jvm/java-8-openjdk-amd64/jre/lib/ext/sunpkcs11.jar,/usr/lib/jvm/java-8-openjdk-amd64/jre/lib/ext/zipfs.jar,/root/workspace/google/error-prone/389476630/core/target/test-classes,/root/workspace/google/error-prone/389476630/core/target/classes,/root/workspace/google/error-prone/389476630/annotation/target/classes,/root/workspace/google/error-prone/389476630/type_annotations/target/classes,/root/workspace/google/error-prone/389476630/check_api/target/classes,/root/./workspace/google/error-prone/389476630/.m2/com/googlecode/java-diff-utils/diffutils/1.3.0/diffutils-1.3.0.jar,/root/./workspace/google/error-prone/389476630/.m2/com/github/kevinstern/software-and-algorithms/1.0/software-and-algorithms-1.0.jar,/root/workspace/google/error-prone/389476630/test_helpers/target/classes,/root/./workspace/google/error-prone/389476630/.m2/com/google/googlejavaformat/google-java-format/1.4/google-java-format-1.4.jar,/root/./workspace/google/error-prone/389476630/.m2/com/google/errorprone/javac-shaded/9-dev-r4023-3/javac-shaded-9-dev-r4023-3.jar,/root/./workspace/google/error-prone/389476630/.m2/com/google/jimfs/jimfs/1.1/jimfs-1.1.jar,/root/./workspace/google/error-prone/389476630/.m2/com/github/stephenc/jcip/jcip-annotations/1.0-1/jcip-annotations-1.0-1.jar,/root/./workspace/google/error-prone/389476630/.m2/org/pcollections/pcollections/2.1.2/pcollections-2.1.2.jar,/root/./workspace/google/error-prone/389476630/.m2/com/google/guava/guava/23.5-jre/guava-23.5-jre.jar,/root/./workspace/google/error-prone/389476630/.m2/org/checkerframework/checker-qual/2.0.0/checker-qual-2.0.0.jar,/root/./workspace/google/error-prone/389476630/.m2/com/google/j2objc/j2objc-annotations/1.1/j2objc-annotations-1.1.jar,/root/./workspace/google/error-prone/389476630/.m2/org/codehaus/mojo/animal-sniffer-annotations/1.14/animal-sniffer-annotations-1.14.jar,/root/./workspace/google/error-prone/389476630/.m2/com/google/auto/auto-common/0.10/auto-common-0.10.jar,/root/./workspace/google/error-prone/389476630/.m2/com/google/code/findbugs/jFormatString/3.0.0/jFormatString-3.0.0.jar,/root/./workspace/google/error-prone/389476630/.m2/com/google/code/findbugs/jsr305/3.0.0/jsr305-3.0.0.jar,/root/./workspace/google/error-prone/389476630/.m2/org/checkerframework/dataflow/2.5.0/dataflow-2.5.0.jar,/root/./workspace/google/error-prone/389476630/.m2/org/checkerframework/javacutil/2.5.0/javacutil-2.5.0.jar,/root/./workspace/google/error-prone/389476630/.m2/com/google/errorprone/javac/9+181-r4173-1/javac-9+181-r4173-1.jar,/root/./workspace/google/error-prone/389476630/.m2/com/google/auto/value/auto-value/1.5.3/auto-value-1.5.3.jar,/root/workspace/google/error-prone/389476630/annotations/target/classes,/root/./workspace/google/error-prone/389476630/.m2/junit/junit/4.13-SNAPSHOT/junit-4.13-SNAPSHOT.jar,/root/./workspace/google/error-prone/389476630/.m2/org/hamcrest/hamcrest-core/1.3/hamcrest-core-1.3.jar,/root/./workspace/google/error-prone/389476630/.m2/org/hamcrest/hamcrest-library/1.3/hamcrest-library-1.3.jar,/root/./workspace/google/error-prone/389476630/.m2/com/google/truth/truth/0.36/truth-0.36.jar,/root/./workspace/google/error-prone/389476630/.m2/com/google/truth/extensions/truth-java8-extension/0.36/truth-java8-extension-0.36.jar,/root/./workspace/google/error-prone/389476630/.m2/com/google/inject/guice/4.0-beta5/guice-4.0-beta5.jar,/root/./workspace/google/error-prone/389476630/.m2/javax/inject/javax.inject/1/javax.inject-1.jar,/root/./workspace/google/error-prone/389476630/.m2/aopalliance/aopalliance/1.0/aopalliance-1.0.jar,/root/./workspace/google/error-prone/389476630/.m2/com/google/inject/extensions/guice-assistedinject/4.0-beta5/guice-assistedinject-4.0-beta5.jar,/root/./workspace/google/error-prone/389476630/.m2/com/google/inject/extensions/guice-servlet/4.0-beta5/guice-servlet-4.0-beta5.jar,/root/./workspace/google/error-prone/389476630/.m2/com/google/gwt/inject/gin/2.1.2/gin-2.1.2.jar,/root/./workspace/google/error-prone/389476630/.m2/org/mockito/mockito-core/2.0.3-beta/mockito-core-2.0.3-beta.jar,/root/./workspace/google/error-prone/389476630/.m2/org/objenesis/objenesis/2.1/objenesis-2.1.jar,/root/./workspace/google/error-prone/389476630/.m2/org/jmock/jmock/2.8.0/jmock-2.8.0.jar,/root/./workspace/google/error-prone/389476630/.m2/cglib/cglib-nodep/3.1/cglib-nodep-3.1.jar,/root/./workspace/google/error-prone/389476630/.m2/org/ow2/asm/asm/5.0.3/asm-5.0.3.jar,/root/./workspace/google/error-prone/389476630/.m2/org/beanshell/bsh/1.3.0/bsh-1.3.0.jar,/root/./workspace/google/error-prone/389476630/.m2/org/jmock/jmock-junit4/2.8.0/jmock-junit4-2.8.0.jar,/root/./workspace/google/error-prone/389476630/.m2/com/google/protobuf/protobuf-java/3.4.0/protobuf-java-3.4.0.jar,/root/./workspace/google/error-prone/389476630/.m2/com/google/dagger/dagger/2.14.1/dagger-2.14.1.jar,/root/./workspace/google/error-prone/389476630/.m2/com/google/dagger/dagger-producers/2.14.1/dagger-producers-2.14.1.jar,/root/./workspace/google/error-prone/389476630/.m2/org/checkerframework/checker-compat-qual/2.3.0/checker-compat-qual-2.3.0.jar,/root/./workspace/google/error-prone/389476630/.m2/com/google/auto/factory/auto-factory/1.0-beta5/auto-factory-1.0-beta5.jar,/root/./workspace/google/error-prone/389476630/.m2/com/squareup/javapoet/1.7.0/javapoet-1.7.0.jar,/root/./workspace/google/error-prone/389476630/.m2/com/google/guava/guava-testlib/23.5-jre/guava-testlib-23.5-jre.jar,/root/./workspace/google/error-prone/389476630/.m2/com/google/testing/compile/compile-testing/0.15/compile-testing-0.15.jar,/usr/lib/jvm/java-8-openjdk-amd64/jre/../lib/tools.jar,/root/./workspace/google/error-prone/389476630/.m2/com/ibm/icu/icu4j/56.1/icu4j-56.1.jar,/root/./workspace/google/error-prone/389476630/.m2/com/google/auto/service/auto-service/1.0-rc4/auto-service-1.0-rc4.jar,/root/./workspace/google/error-prone/389476630/.m2/io/netty/netty-all/4.1.12.Final/netty-all-4.1.12.Final.jar,/root/./workspace/google/error-prone/389476630/.m2/joda-time/joda-time/2.9.4/joda-time-2.9.4.jar,/root/./workspace/google/error-prone/389476630/.m2/com/google/common/html/types/proto/1.0.0/proto-1.0.0.jar,/root/./workspace/google/error-prone/389476630/.m2/com/google/common/html/types/types/1.0.5/types-1.0.5.jar,/root/./workspace/google/error-prone/389476630/.m2/com/google/gwt/gwt-user/2.8.0-beta1/gwt-user-2.8.0-beta1.jar,/root/./workspace/google/error-prone/389476630/.m2/javax/validation/validation-api/1.0.0.GA/validation-api-1.0.0.GA.jar,/root/./workspace/google/error-prone/389476630/.m2/javax/validation/validation-api/1.0.0.GA/validation-api-1.0.0.GA-sources.jar,/root/./workspace/google/error-prone/389476630/.m2/javax/annotation/jsr250-api/1.0/jsr250-api-1.0.jar,/root/./workspace/google/error-prone/389476630/.m2/com/android/support/support-annotations/27.0.0/support-annotations-27.0.0.jar,/root/./workspace/google/error-prone/389476630/.m2/org/assertj/assertj-core/3.9.0/assertj-core-3.9.0.jar,.,doesnotexist.jar,/tmp/junit8472590308973418530/junit8898434597381648823/output.jar]
[loading /tmp/junit8472590308973418530/junit8898434597381648823/output.jar(/lib/A.class)]
[loading /usr/lib/jvm/java-8-openjdk-amd64/jre/lib/rt.jar(/java/lang/Object.class)]
[checking Test]
[loading /usr/lib/jvm/java-8-openjdk-amd64/jre/lib/rt.jar(/java/io/Serializable.class)]
[loading /usr/lib/jvm/java-8-openjdk-amd64/jre/lib/rt.jar(/java/lang/AutoCloseable.class)]
[loading /usr/lib/jvm/java-8-openjdk-amd64/jre/lib/rt.jar(/javax/annotation/Generated.class)]
[loading /usr/lib/jvm/java-8-openjdk-amd64/jre/lib/rt.jar(/java/lang/annotation/Retention.class)]
[loading /usr/lib/jvm/java-8-openjdk-amd64/jre/lib/rt.jar(/java/lang/annotation/RetentionPolicy.class)]
[loading /usr/lib/jvm/java-8-openjdk-amd64/jre/lib/rt.jar(/java/lang/annotation/Target.class)]
[loading /usr/lib/jvm/java-8-openjdk-amd64/jre/lib/rt.jar(/java/lang/annotation/ElementType.class)]
[loading /root/./workspace/google/error-prone/389476630/.m2/com/google/errorprone/javac/9+181-r4173-1/javac-9+181-r4173-1.jar(/javax/annotation/processing/Generated.class)]
[total 100ms]
: /tmp/junit8472590308973418530/junit5660402871807796852/Test.java:4: error: [SampleChecker] lib.A#f() is not available in <anonymous Test$1>
    new A() {}.f();
              ^
    (see https://errorprone.info/bugpattern/SampleChecker.md) (<false>) was expected to be true, but was false
	at com.google.errorprone.bugpatterns.apidiff.ApiDiffCheckerTest.subType(ApiDiffCheckerTest.java:379)
]]></failure>
    <system-err><![CDATA[was [/root/workspace/google/error-prone/389476630/core/target/test-classes, /root/workspace/google/error-prone/389476630/core/target/classes, /root/workspace/google/error-prone/389476630/annotation/target/classes, /root/workspace/google/error-prone/389476630/type_annotations/target/classes, /root/workspace/google/error-prone/389476630/check_api/target/classes, /root/./workspace/google/error-prone/389476630/.m2/com/googlecode/java-diff-utils/diffutils/1.3.0/diffutils-1.3.0.jar, /root/./workspace/google/error-prone/389476630/.m2/com/github/kevinstern/software-and-algorithms/1.0/software-and-algorithms-1.0.jar, /root/workspace/google/error-prone/389476630/test_helpers/target/classes, /root/./workspace/google/error-prone/389476630/.m2/com/google/googlejavaformat/google-java-format/1.4/google-java-format-1.4.jar, /root/./workspace/google/error-prone/389476630/.m2/com/google/errorprone/javac-shaded/9-dev-r4023-3/javac-shaded-9-dev-r4023-3.jar, /root/./workspace/google/error-prone/389476630/.m2/com/google/jimfs/jimfs/1.1/jimfs-1.1.jar, /root/./workspace/google/error-prone/389476630/.m2/com/github/stephenc/jcip/jcip-annotations/1.0-1/jcip-annotations-1.0-1.jar, /root/./workspace/google/error-prone/389476630/.m2/org/pcollections/pcollections/2.1.2/pcollections-2.1.2.jar, /root/./workspace/google/error-prone/389476630/.m2/com/google/guava/guava/23.5-jre/guava-23.5-jre.jar, /root/./workspace/google/error-prone/389476630/.m2/org/checkerframework/checker-qual/2.0.0/checker-qual-2.0.0.jar, /root/./workspace/google/error-prone/389476630/.m2/com/google/j2objc/j2objc-annotations/1.1/j2objc-annotations-1.1.jar, /root/./workspace/google/error-prone/389476630/.m2/org/codehaus/mojo/animal-sniffer-annotations/1.14/animal-sniffer-annotations-1.14.jar, /root/./workspace/google/error-prone/389476630/.m2/com/google/auto/auto-common/0.10/auto-common-0.10.jar, /root/./workspace/google/error-prone/389476630/.m2/com/google/code/findbugs/jFormatString/3.0.0/jFormatString-3.0.0.jar, /root/./workspace/google/error-prone/389476630/.m2/com/google/code/findbugs/jsr305/3.0.0/jsr305-3.0.0.jar, /root/./workspace/google/error-prone/389476630/.m2/org/checkerframework/dataflow/2.5.0/dataflow-2.5.0.jar, /root/./workspace/google/error-prone/389476630/.m2/org/checkerframework/javacutil/2.5.0/javacutil-2.5.0.jar, /root/./workspace/google/error-prone/389476630/.m2/com/google/errorprone/javac/9+181-r4173-1/javac-9+181-r4173-1.jar, /root/./workspace/google/error-prone/389476630/.m2/com/google/auto/value/auto-value/1.5.3/auto-value-1.5.3.jar, /root/workspace/google/error-prone/389476630/annotations/target/classes, /root/./workspace/google/error-prone/389476630/.m2/junit/junit/4.13-SNAPSHOT/junit-4.13-SNAPSHOT.jar, /root/./workspace/google/error-prone/389476630/.m2/org/hamcrest/hamcrest-core/1.3/hamcrest-core-1.3.jar, /root/./workspace/google/error-prone/389476630/.m2/org/hamcrest/hamcrest-library/1.3/hamcrest-library-1.3.jar, /root/./workspace/google/error-prone/389476630/.m2/com/google/truth/truth/0.36/truth-0.36.jar, /root/./workspace/google/error-prone/389476630/.m2/com/google/truth/extensions/truth-java8-extension/0.36/truth-java8-extension-0.36.jar, /root/./workspace/google/error-prone/389476630/.m2/com/google/inject/guice/4.0-beta5/guice-4.0-beta5.jar, /root/./workspace/google/error-prone/389476630/.m2/javax/inject/javax.inject/1/javax.inject-1.jar, /root/./workspace/google/error-prone/389476630/.m2/aopalliance/aopalliance/1.0/aopalliance-1.0.jar, /root/./workspace/google/error-prone/389476630/.m2/com/google/inject/extensions/guice-assistedinject/4.0-beta5/guice-assistedinject-4.0-beta5.jar, /root/./workspace/google/error-prone/389476630/.m2/com/google/inject/extensions/guice-servlet/4.0-beta5/guice-servlet-4.0-beta5.jar, /root/./workspace/google/error-prone/389476630/.m2/com/google/gwt/inject/gin/2.1.2/gin-2.1.2.jar, /root/./workspace/google/error-prone/389476630/.m2/org/mockito/mockito-core/2.0.3-beta/mockito-core-2.0.3-beta.jar, /root/./workspace/google/error-prone/389476630/.m2/org/objenesis/objenesis/2.1/objenesis-2.1.jar, /root/./workspace/google/error-prone/389476630/.m2/org/jmock/jmock/2.8.0/jmock-2.8.0.jar, /root/./workspace/google/error-prone/389476630/.m2/cglib/cglib-nodep/3.1/cglib-nodep-3.1.jar, /root/./workspace/google/error-prone/389476630/.m2/org/ow2/asm/asm/5.0.3/asm-5.0.3.jar, /root/./workspace/google/error-prone/389476630/.m2/org/beanshell/bsh/1.3.0/bsh-1.3.0.jar, /root/./workspace/google/error-prone/389476630/.m2/org/jmock/jmock-junit4/2.8.0/jmock-junit4-2.8.0.jar, /root/./workspace/google/error-prone/389476630/.m2/com/google/protobuf/protobuf-java/3.4.0/protobuf-java-3.4.0.jar, /root/./workspace/google/error-prone/389476630/.m2/com/google/dagger/dagger/2.14.1/dagger-2.14.1.jar, /root/./workspace/google/error-prone/389476630/.m2/com/google/dagger/dagger-producers/2.14.1/dagger-producers-2.14.1.jar, /root/./workspace/google/error-prone/389476630/.m2/org/checkerframework/checker-compat-qual/2.3.0/checker-compat-qual-2.3.0.jar, /root/./workspace/google/error-prone/389476630/.m2/com/google/auto/factory/auto-factory/1.0-beta5/auto-factory-1.0-beta5.jar, /root/./workspace/google/error-prone/389476630/.m2/com/squareup/javapoet/1.7.0/javapoet-1.7.0.jar, /root/./workspace/google/error-prone/389476630/.m2/com/google/guava/guava-testlib/23.5-jre/guava-testlib-23.5-jre.jar, /root/./workspace/google/error-prone/389476630/.m2/com/google/testing/compile/compile-testing/0.15/compile-testing-0.15.jar, /usr/lib/jvm/java-8-openjdk-amd64/jre/../lib/tools.jar, /root/./workspace/google/error-prone/389476630/.m2/com/ibm/icu/icu4j/56.1/icu4j-56.1.jar, /root/./workspace/google/error-prone/389476630/.m2/com/google/auto/service/auto-service/1.0-rc4/auto-service-1.0-rc4.jar, /root/./workspace/google/error-prone/389476630/.m2/io/netty/netty-all/4.1.12.Final/netty-all-4.1.12.Final.jar, /root/./workspace/google/error-prone/389476630/.m2/joda-time/joda-time/2.9.4/joda-time-2.9.4.jar, /root/./workspace/google/error-prone/389476630/.m2/com/google/common/html/types/proto/1.0.0/proto-1.0.0.jar, /root/./workspace/google/error-prone/389476630/.m2/com/google/common/html/types/types/1.0.5/types-1.0.5.jar, /root/./workspace/google/error-prone/389476630/.m2/com/google/gwt/gwt-user/2.8.0-beta1/gwt-user-2.8.0-beta1.jar, /root/./workspace/google/error-prone/389476630/.m2/javax/validation/validation-api/1.0.0.GA/validation-api-1.0.0.GA.jar, /root/./workspace/google/error-prone/389476630/.m2/javax/validation/validation-api/1.0.0.GA/validation-api-1.0.0.GA-sources.jar, /root/./workspace/google/error-prone/389476630/.m2/javax/annotation/jsr250-api/1.0/jsr250-api-1.0.jar, /root/./workspace/google/error-prone/389476630/.m2/com/android/support/support-annotations/27.0.0/support-annotations-27.0.0.jar, /root/./workspace/google/error-prone/389476630/.m2/org/assertj/assertj-core/3.9.0/assertj-core-3.9.0.jar, .]
now [/root/workspace/google/error-prone/389476630/core/target/test-classes, /root/workspace/google/error-prone/389476630/core/target/classes, /root/workspace/google/error-prone/389476630/annotation/target/classes, /root/workspace/google/error-prone/389476630/type_annotations/target/classes, /root/workspace/google/error-prone/389476630/check_api/target/classes, /root/./workspace/google/error-prone/389476630/.m2/com/googlecode/java-diff-utils/diffutils/1.3.0/diffutils-1.3.0.jar, /root/./workspace/google/error-prone/389476630/.m2/com/github/kevinstern/software-and-algorithms/1.0/software-and-algorithms-1.0.jar, /root/workspace/google/error-prone/389476630/test_helpers/target/classes, /root/./workspace/google/error-prone/389476630/.m2/com/google/googlejavaformat/google-java-format/1.4/google-java-format-1.4.jar, /root/./workspace/google/error-prone/389476630/.m2/com/google/errorprone/javac-shaded/9-dev-r4023-3/javac-shaded-9-dev-r4023-3.jar, /root/./workspace/google/error-prone/389476630/.m2/com/google/jimfs/jimfs/1.1/jimfs-1.1.jar, /root/./workspace/google/error-prone/389476630/.m2/com/github/stephenc/jcip/jcip-annotations/1.0-1/jcip-annotations-1.0-1.jar, /root/./workspace/google/error-prone/389476630/.m2/org/pcollections/pcollections/2.1.2/pcollections-2.1.2.jar, /root/./workspace/google/error-prone/389476630/.m2/com/google/guava/guava/23.5-jre/guava-23.5-jre.jar, /root/./workspace/google/error-prone/389476630/.m2/org/checkerframework/checker-qual/2.0.0/checker-qual-2.0.0.jar, /root/./workspace/google/error-prone/389476630/.m2/com/google/j2objc/j2objc-annotations/1.1/j2objc-annotations-1.1.jar, /root/./workspace/google/error-prone/389476630/.m2/org/codehaus/mojo/animal-sniffer-annotations/1.14/animal-sniffer-annotations-1.14.jar, /root/./workspace/google/error-prone/389476630/.m2/com/google/auto/auto-common/0.10/auto-common-0.10.jar, /root/./workspace/google/error-prone/389476630/.m2/com/google/code/findbugs/jFormatString/3.0.0/jFormatString-3.0.0.jar, /root/./workspace/google/error-prone/389476630/.m2/com/google/code/findbugs/jsr305/3.0.0/jsr305-3.0.0.jar, /root/./workspace/google/error-prone/389476630/.m2/org/checkerframework/dataflow/2.5.0/dataflow-2.5.0.jar, /root/./workspace/google/error-prone/389476630/.m2/org/checkerframework/javacutil/2.5.0/javacutil-2.5.0.jar, /root/./workspace/google/error-prone/389476630/.m2/com/google/errorprone/javac/9+181-r4173-1/javac-9+181-r4173-1.jar, /root/./workspace/google/error-prone/389476630/.m2/com/google/auto/value/auto-value/1.5.3/auto-value-1.5.3.jar, /root/workspace/google/error-prone/389476630/annotations/target/classes, /root/./workspace/google/error-prone/389476630/.m2/junit/junit/4.13-SNAPSHOT/junit-4.13-SNAPSHOT.jar, /root/./workspace/google/error-prone/389476630/.m2/org/hamcrest/hamcrest-core/1.3/hamcrest-core-1.3.jar, /root/./workspace/google/error-prone/389476630/.m2/org/hamcrest/hamcrest-library/1.3/hamcrest-library-1.3.jar, /root/./workspace/google/error-prone/389476630/.m2/com/google/truth/truth/0.36/truth-0.36.jar, /root/./workspace/google/error-prone/389476630/.m2/com/google/truth/extensions/truth-java8-extension/0.36/truth-java8-extension-0.36.jar, /root/./workspace/google/error-prone/389476630/.m2/com/google/inject/guice/4.0-beta5/guice-4.0-beta5.jar, /root/./workspace/google/error-prone/389476630/.m2/javax/inject/javax.inject/1/javax.inject-1.jar, /root/./workspace/google/error-prone/389476630/.m2/aopalliance/aopalliance/1.0/aopalliance-1.0.jar, /root/./workspace/google/error-prone/389476630/.m2/com/google/inject/extensions/guice-assistedinject/4.0-beta5/guice-assistedinject-4.0-beta5.jar, /root/./workspace/google/error-prone/389476630/.m2/com/google/inject/extensions/guice-servlet/4.0-beta5/guice-servlet-4.0-beta5.jar, /root/./workspace/google/error-prone/389476630/.m2/com/google/gwt/inject/gin/2.1.2/gin-2.1.2.jar, /root/./workspace/google/error-prone/389476630/.m2/org/mockito/mockito-core/2.0.3-beta/mockito-core-2.0.3-beta.jar, /root/./workspace/google/error-prone/389476630/.m2/org/objenesis/objenesis/2.1/objenesis-2.1.jar, /root/./workspace/google/error-prone/389476630/.m2/org/jmock/jmock/2.8.0/jmock-2.8.0.jar, /root/./workspace/google/error-prone/389476630/.m2/cglib/cglib-nodep/3.1/cglib-nodep-3.1.jar, /root/./workspace/google/error-prone/389476630/.m2/org/ow2/asm/asm/5.0.3/asm-5.0.3.jar, /root/./workspace/google/error-prone/389476630/.m2/org/beanshell/bsh/1.3.0/bsh-1.3.0.jar, /root/./workspace/google/error-prone/389476630/.m2/org/jmock/jmock-junit4/2.8.0/jmock-junit4-2.8.0.jar, /root/./workspace/google/error-prone/389476630/.m2/com/google/protobuf/protobuf-java/3.4.0/protobuf-java-3.4.0.jar, /root/./workspace/google/error-prone/389476630/.m2/com/google/dagger/dagger/2.14.1/dagger-2.14.1.jar, /root/./workspace/google/error-prone/389476630/.m2/com/google/dagger/dagger-producers/2.14.1/dagger-producers-2.14.1.jar, /root/./workspace/google/error-prone/389476630/.m2/org/checkerframework/checker-compat-qual/2.3.0/checker-compat-qual-2.3.0.jar, /root/./workspace/google/error-prone/389476630/.m2/com/google/auto/factory/auto-factory/1.0-beta5/auto-factory-1.0-beta5.jar, /root/./workspace/google/error-prone/389476630/.m2/com/squareup/javapoet/1.7.0/javapoet-1.7.0.jar, /root/./workspace/google/error-prone/389476630/.m2/com/google/guava/guava-testlib/23.5-jre/guava-testlib-23.5-jre.jar, /root/./workspace/google/error-prone/389476630/.m2/com/google/testing/compile/compile-testing/0.15/compile-testing-0.15.jar, /usr/lib/jvm/java-8-openjdk-amd64/jre/../lib/tools.jar, /root/./workspace/google/error-prone/389476630/.m2/com/ibm/icu/icu4j/56.1/icu4j-56.1.jar, /root/./workspace/google/error-prone/389476630/.m2/com/google/auto/service/auto-service/1.0-rc4/auto-service-1.0-rc4.jar, /root/./workspace/google/error-prone/389476630/.m2/io/netty/netty-all/4.1.12.Final/netty-all-4.1.12.Final.jar, /root/./workspace/google/error-prone/389476630/.m2/joda-time/joda-time/2.9.4/joda-time-2.9.4.jar, /root/./workspace/google/error-prone/389476630/.m2/com/google/common/html/types/proto/1.0.0/proto-1.0.0.jar, /root/./workspace/google/error-prone/389476630/.m2/com/google/common/html/types/types/1.0.5/types-1.0.5.jar, /root/./workspace/google/error-prone/389476630/.m2/com/google/gwt/gwt-user/2.8.0-beta1/gwt-user-2.8.0-beta1.jar, /root/./workspace/google/error-prone/389476630/.m2/javax/validation/validation-api/1.0.0.GA/validation-api-1.0.0.GA.jar, /root/./workspace/google/error-prone/389476630/.m2/javax/validation/validation-api/1.0.0.GA/validation-api-1.0.0.GA-sources.jar, /root/./workspace/google/error-prone/389476630/.m2/javax/annotation/jsr250-api/1.0/jsr250-api-1.0.jar, /root/./workspace/google/error-prone/389476630/.m2/com/android/support/support-annotations/27.0.0/support-annotations-27.0.0.jar, /root/./workspace/google/error-prone/389476630/.m2/org/assertj/assertj-core/3.9.0/assertj-core-3.9.0.jar, ., doesnotexist.jar]
was [/root/workspace/google/error-prone/389476630/core/target/test-classes, /root/workspace/google/error-prone/389476630/core/target/classes, /root/workspace/google/error-prone/389476630/annotation/target/classes, /root/workspace/google/error-prone/389476630/type_annotations/target/classes, /root/workspace/google/error-prone/389476630/check_api/target/classes, /root/./workspace/google/error-prone/389476630/.m2/com/googlecode/java-diff-utils/diffutils/1.3.0/diffutils-1.3.0.jar, /root/./workspace/google/error-prone/389476630/.m2/com/github/kevinstern/software-and-algorithms/1.0/software-and-algorithms-1.0.jar, /root/workspace/google/error-prone/389476630/test_helpers/target/classes, /root/./workspace/google/error-prone/389476630/.m2/com/google/googlejavaformat/google-java-format/1.4/google-java-format-1.4.jar, /root/./workspace/google/error-prone/389476630/.m2/com/google/errorprone/javac-shaded/9-dev-r4023-3/javac-shaded-9-dev-r4023-3.jar, /root/./workspace/google/error-prone/389476630/.m2/com/google/jimfs/jimfs/1.1/jimfs-1.1.jar, /root/./workspace/google/error-prone/389476630/.m2/com/github/stephenc/jcip/jcip-annotations/1.0-1/jcip-annotations-1.0-1.jar, /root/./workspace/google/error-prone/389476630/.m2/org/pcollections/pcollections/2.1.2/pcollections-2.1.2.jar, /root/./workspace/google/error-prone/389476630/.m2/com/google/guava/guava/23.5-jre/guava-23.5-jre.jar, /root/./workspace/google/error-prone/389476630/.m2/org/checkerframework/checker-qual/2.0.0/checker-qual-2.0.0.jar, /root/./workspace/google/error-prone/389476630/.m2/com/google/j2objc/j2objc-annotations/1.1/j2objc-annotations-1.1.jar, /root/./workspace/google/error-prone/389476630/.m2/org/codehaus/mojo/animal-sniffer-annotations/1.14/animal-sniffer-annotations-1.14.jar, /root/./workspace/google/error-prone/389476630/.m2/com/google/auto/auto-common/0.10/auto-common-0.10.jar, /root/./workspace/google/error-prone/389476630/.m2/com/google/code/findbugs/jFormatString/3.0.0/jFormatString-3.0.0.jar, /root/./workspace/google/error-prone/389476630/.m2/com/google/code/findbugs/jsr305/3.0.0/jsr305-3.0.0.jar, /root/./workspace/google/error-prone/389476630/.m2/org/checkerframework/dataflow/2.5.0/dataflow-2.5.0.jar, /root/./workspace/google/error-prone/389476630/.m2/org/checkerframework/javacutil/2.5.0/javacutil-2.5.0.jar, /root/./workspace/google/error-prone/389476630/.m2/com/google/errorprone/javac/9+181-r4173-1/javac-9+181-r4173-1.jar, /root/./workspace/google/error-prone/389476630/.m2/com/google/auto/value/auto-value/1.5.3/auto-value-1.5.3.jar, /root/workspace/google/error-prone/389476630/annotations/target/classes, /root/./workspace/google/error-prone/389476630/.m2/junit/junit/4.13-SNAPSHOT/junit-4.13-SNAPSHOT.jar, /root/./workspace/google/error-prone/389476630/.m2/org/hamcrest/hamcrest-core/1.3/hamcrest-core-1.3.jar, /root/./workspace/google/error-prone/389476630/.m2/org/hamcrest/hamcrest-library/1.3/hamcrest-library-1.3.jar, /root/./workspace/google/error-prone/389476630/.m2/com/google/truth/truth/0.36/truth-0.36.jar, /root/./workspace/google/error-prone/389476630/.m2/com/google/truth/extensions/truth-java8-extension/0.36/truth-java8-extension-0.36.jar, /root/./workspace/google/error-prone/389476630/.m2/com/google/inject/guice/4.0-beta5/guice-4.0-beta5.jar, /root/./workspace/google/error-prone/389476630/.m2/javax/inject/javax.inject/1/javax.inject-1.jar, /root/./workspace/google/error-prone/389476630/.m2/aopalliance/aopalliance/1.0/aopalliance-1.0.jar, /root/./workspace/google/error-prone/389476630/.m2/com/google/inject/extensions/guice-assistedinject/4.0-beta5/guice-assistedinject-4.0-beta5.jar, /root/./workspace/google/error-prone/389476630/.m2/com/google/inject/extensions/guice-servlet/4.0-beta5/guice-servlet-4.0-beta5.jar, /root/./workspace/google/error-prone/389476630/.m2/com/google/gwt/inject/gin/2.1.2/gin-2.1.2.jar, /root/./workspace/google/error-prone/389476630/.m2/org/mockito/mockito-core/2.0.3-beta/mockito-core-2.0.3-beta.jar, /root/./workspace/google/error-prone/389476630/.m2/org/objenesis/objenesis/2.1/objenesis-2.1.jar, /root/./workspace/google/error-prone/389476630/.m2/org/jmock/jmock/2.8.0/jmock-2.8.0.jar, /root/./workspace/google/error-prone/389476630/.m2/cglib/cglib-nodep/3.1/cglib-nodep-3.1.jar, /root/./workspace/google/error-prone/389476630/.m2/org/ow2/asm/asm/5.0.3/asm-5.0.3.jar, /root/./workspace/google/error-prone/389476630/.m2/org/beanshell/bsh/1.3.0/bsh-1.3.0.jar, /root/./workspace/google/error-prone/389476630/.m2/org/jmock/jmock-junit4/2.8.0/jmock-junit4-2.8.0.jar, /root/./workspace/google/error-prone/389476630/.m2/com/google/protobuf/protobuf-java/3.4.0/protobuf-java-3.4.0.jar, /root/./workspace/google/error-prone/389476630/.m2/com/google/dagger/dagger/2.14.1/dagger-2.14.1.jar, /root/./workspace/google/error-prone/389476630/.m2/com/google/dagger/dagger-producers/2.14.1/dagger-producers-2.14.1.jar, /root/./workspace/google/error-prone/389476630/.m2/org/checkerframework/checker-compat-qual/2.3.0/checker-compat-qual-2.3.0.jar, /root/./workspace/google/error-prone/389476630/.m2/com/google/auto/factory/auto-factory/1.0-beta5/auto-factory-1.0-beta5.jar, /root/./workspace/google/error-prone/389476630/.m2/com/squareup/javapoet/1.7.0/javapoet-1.7.0.jar, /root/./workspace/google/error-prone/389476630/.m2/com/google/guava/guava-testlib/23.5-jre/guava-testlib-23.5-jre.jar, /root/./workspace/google/error-prone/389476630/.m2/com/google/testing/compile/compile-testing/0.15/compile-testing-0.15.jar, /usr/lib/jvm/java-8-openjdk-amd64/jre/../lib/tools.jar, /root/./workspace/google/error-prone/389476630/.m2/com/ibm/icu/icu4j/56.1/icu4j-56.1.jar, /root/./workspace/google/error-prone/389476630/.m2/com/google/auto/service/auto-service/1.0-rc4/auto-service-1.0-rc4.jar, /root/./workspace/google/error-prone/389476630/.m2/io/netty/netty-all/4.1.12.Final/netty-all-4.1.12.Final.jar, /root/./workspace/google/error-prone/389476630/.m2/joda-time/joda-time/2.9.4/joda-time-2.9.4.jar, /root/./workspace/google/error-prone/389476630/.m2/com/google/common/html/types/proto/1.0.0/proto-1.0.0.jar, /root/./workspace/google/error-prone/389476630/.m2/com/google/common/html/types/types/1.0.5/types-1.0.5.jar, /root/./workspace/google/error-prone/389476630/.m2/com/google/gwt/gwt-user/2.8.0-beta1/gwt-user-2.8.0-beta1.jar, /root/./workspace/google/error-prone/389476630/.m2/javax/validation/validation-api/1.0.0.GA/validation-api-1.0.0.GA.jar, /root/./workspace/google/error-prone/389476630/.m2/javax/validation/validation-api/1.0.0.GA/validation-api-1.0.0.GA-sources.jar, /root/./workspace/google/error-prone/389476630/.m2/javax/annotation/jsr250-api/1.0/jsr250-api-1.0.jar, /root/./workspace/google/error-prone/389476630/.m2/com/android/support/support-annotations/27.0.0/support-annotations-27.0.0.jar, /root/./workspace/google/error-prone/389476630/.m2/org/assertj/assertj-core/3.9.0/assertj-core-3.9.0.jar, ., doesnotexist.jar]
now [/root/workspace/google/error-prone/389476630/core/target/test-classes, /root/workspace/google/error-prone/389476630/core/target/classes, /root/workspace/google/error-prone/389476630/annotation/target/classes, /root/workspace/google/error-prone/389476630/type_annotations/target/classes, /root/workspace/google/error-prone/389476630/check_api/target/classes, /root/./workspace/google/error-prone/389476630/.m2/com/googlecode/java-diff-utils/diffutils/1.3.0/diffutils-1.3.0.jar, /root/./workspace/google/error-prone/389476630/.m2/com/github/kevinstern/software-and-algorithms/1.0/software-and-algorithms-1.0.jar, /root/workspace/google/error-prone/389476630/test_helpers/target/classes, /root/./workspace/google/error-prone/389476630/.m2/com/google/googlejavaformat/google-java-format/1.4/google-java-format-1.4.jar, /root/./workspace/google/error-prone/389476630/.m2/com/google/errorprone/javac-shaded/9-dev-r4023-3/javac-shaded-9-dev-r4023-3.jar, /root/./workspace/google/error-prone/389476630/.m2/com/google/jimfs/jimfs/1.1/jimfs-1.1.jar, /root/./workspace/google/error-prone/389476630/.m2/com/github/stephenc/jcip/jcip-annotations/1.0-1/jcip-annotations-1.0-1.jar, /root/./workspace/google/error-prone/389476630/.m2/org/pcollections/pcollections/2.1.2/pcollections-2.1.2.jar, /root/./workspace/google/error-prone/389476630/.m2/com/google/guava/guava/23.5-jre/guava-23.5-jre.jar, /root/./workspace/google/error-prone/389476630/.m2/org/checkerframework/checker-qual/2.0.0/checker-qual-2.0.0.jar, /root/./workspace/google/error-prone/389476630/.m2/com/google/j2objc/j2objc-annotations/1.1/j2objc-annotations-1.1.jar, /root/./workspace/google/error-prone/389476630/.m2/org/codehaus/mojo/animal-sniffer-annotations/1.14/animal-sniffer-annotations-1.14.jar, /root/./workspace/google/error-prone/389476630/.m2/com/google/auto/auto-common/0.10/auto-common-0.10.jar, /root/./workspace/google/error-prone/389476630/.m2/com/google/code/findbugs/jFormatString/3.0.0/jFormatString-3.0.0.jar, /root/./workspace/google/error-prone/389476630/.m2/com/google/code/findbugs/jsr305/3.0.0/jsr305-3.0.0.jar, /root/./workspace/google/error-prone/389476630/.m2/org/checkerframework/dataflow/2.5.0/dataflow-2.5.0.jar, /root/./workspace/google/error-prone/389476630/.m2/org/checkerframework/javacutil/2.5.0/javacutil-2.5.0.jar, /root/./workspace/google/error-prone/389476630/.m2/com/google/errorprone/javac/9+181-r4173-1/javac-9+181-r4173-1.jar, /root/./workspace/google/error-prone/389476630/.m2/com/google/auto/value/auto-value/1.5.3/auto-value-1.5.3.jar, /root/workspace/google/error-prone/389476630/annotations/target/classes, /root/./workspace/google/error-prone/389476630/.m2/junit/junit/4.13-SNAPSHOT/junit-4.13-SNAPSHOT.jar, /root/./workspace/google/error-prone/389476630/.m2/org/hamcrest/hamcrest-core/1.3/hamcrest-core-1.3.jar, /root/./workspace/google/error-prone/389476630/.m2/org/hamcrest/hamcrest-library/1.3/hamcrest-library-1.3.jar, /root/./workspace/google/error-prone/389476630/.m2/com/google/truth/truth/0.36/truth-0.36.jar, /root/./workspace/google/error-prone/389476630/.m2/com/google/truth/extensions/truth-java8-extension/0.36/truth-java8-extension-0.36.jar, /root/./workspace/google/error-prone/389476630/.m2/com/google/inject/guice/4.0-beta5/guice-4.0-beta5.jar, /root/./workspace/google/error-prone/389476630/.m2/javax/inject/javax.inject/1/javax.inject-1.jar, /root/./workspace/google/error-prone/389476630/.m2/aopalliance/aopalliance/1.0/aopalliance-1.0.jar, /root/./workspace/google/error-prone/389476630/.m2/com/google/inject/extensions/guice-assistedinject/4.0-beta5/guice-assistedinject-4.0-beta5.jar, /root/./workspace/google/error-prone/389476630/.m2/com/google/inject/extensions/guice-servlet/4.0-beta5/guice-servlet-4.0-beta5.jar, /root/./workspace/google/error-prone/389476630/.m2/com/google/gwt/inject/gin/2.1.2/gin-2.1.2.jar, /root/./workspace/google/error-prone/389476630/.m2/org/mockito/mockito-core/2.0.3-beta/mockito-core-2.0.3-beta.jar, /root/./workspace/google/error-prone/389476630/.m2/org/objenesis/objenesis/2.1/objenesis-2.1.jar, /root/./workspace/google/error-prone/389476630/.m2/org/jmock/jmock/2.8.0/jmock-2.8.0.jar, /root/./workspace/google/error-prone/389476630/.m2/cglib/cglib-nodep/3.1/cglib-nodep-3.1.jar, /root/./workspace/google/error-prone/389476630/.m2/org/ow2/asm/asm/5.0.3/asm-5.0.3.jar, /root/./workspace/google/error-prone/389476630/.m2/org/beanshell/bsh/1.3.0/bsh-1.3.0.jar, /root/./workspace/google/error-prone/389476630/.m2/org/jmock/jmock-junit4/2.8.0/jmock-junit4-2.8.0.jar, /root/./workspace/google/error-prone/389476630/.m2/com/google/protobuf/protobuf-java/3.4.0/protobuf-java-3.4.0.jar, /root/./workspace/google/error-prone/389476630/.m2/com/google/dagger/dagger/2.14.1/dagger-2.14.1.jar, /root/./workspace/google/error-prone/389476630/.m2/com/google/dagger/dagger-producers/2.14.1/dagger-producers-2.14.1.jar, /root/./workspace/google/error-prone/389476630/.m2/org/checkerframework/checker-compat-qual/2.3.0/checker-compat-qual-2.3.0.jar, /root/./workspace/google/error-prone/389476630/.m2/com/google/auto/factory/auto-factory/1.0-beta5/auto-factory-1.0-beta5.jar, /root/./workspace/google/error-prone/389476630/.m2/com/squareup/javapoet/1.7.0/javapoet-1.7.0.jar, /root/./workspace/google/error-prone/389476630/.m2/com/google/guava/guava-testlib/23.5-jre/guava-testlib-23.5-jre.jar, /root/./workspace/google/error-prone/389476630/.m2/com/google/testing/compile/compile-testing/0.15/compile-testing-0.15.jar, /usr/lib/jvm/java-8-openjdk-amd64/jre/../lib/tools.jar, /root/./workspace/google/error-prone/389476630/.m2/com/ibm/icu/icu4j/56.1/icu4j-56.1.jar, /root/./workspace/google/error-prone/389476630/.m2/com/google/auto/service/auto-service/1.0-rc4/auto-service-1.0-rc4.jar, /root/./workspace/google/error-prone/389476630/.m2/io/netty/netty-all/4.1.12.Final/netty-all-4.1.12.Final.jar, /root/./workspace/google/error-prone/389476630/.m2/joda-time/joda-time/2.9.4/joda-time-2.9.4.jar, /root/./workspace/google/error-prone/389476630/.m2/com/google/common/html/types/proto/1.0.0/proto-1.0.0.jar, /root/./workspace/google/error-prone/389476630/.m2/com/google/common/html/types/types/1.0.5/types-1.0.5.jar, /root/./workspace/google/error-prone/389476630/.m2/com/google/gwt/gwt-user/2.8.0-beta1/gwt-user-2.8.0-beta1.jar, /root/./workspace/google/error-prone/389476630/.m2/javax/validation/validation-api/1.0.0.GA/validation-api-1.0.0.GA.jar, /root/./workspace/google/error-prone/389476630/.m2/javax/validation/validation-api/1.0.0.GA/validation-api-1.0.0.GA-sources.jar, /root/./workspace/google/error-prone/389476630/.m2/javax/annotation/jsr250-api/1.0/jsr250-api-1.0.jar, /root/./workspace/google/error-prone/389476630/.m2/com/android/support/support-annotations/27.0.0/support-annotations-27.0.0.jar, /root/./workspace/google/error-prone/389476630/.m2/org/assertj/assertj-core/3.9.0/assertj-core-3.9.0.jar, ., doesnotexist.jar]
was [/root/workspace/google/error-prone/389476630/core/target/test-classes, /root/workspace/google/error-prone/389476630/core/target/classes, /root/workspace/google/error-prone/389476630/annotation/target/classes, /root/workspace/google/error-prone/389476630/type_annotations/target/classes, /root/workspace/google/error-prone/389476630/check_api/target/classes, /root/./workspace/google/error-prone/389476630/.m2/com/googlecode/java-diff-utils/diffutils/1.3.0/diffutils-1.3.0.jar, /root/./workspace/google/error-prone/389476630/.m2/com/github/kevinstern/software-and-algorithms/1.0/software-and-algorithms-1.0.jar, /root/workspace/google/error-prone/389476630/test_helpers/target/classes, /root/./workspace/google/error-prone/389476630/.m2/com/google/googlejavaformat/google-java-format/1.4/google-java-format-1.4.jar, /root/./workspace/google/error-prone/389476630/.m2/com/google/errorprone/javac-shaded/9-dev-r4023-3/javac-shaded-9-dev-r4023-3.jar, /root/./workspace/google/error-prone/389476630/.m2/com/google/jimfs/jimfs/1.1/jimfs-1.1.jar, /root/./workspace/google/error-prone/389476630/.m2/com/github/stephenc/jcip/jcip-annotations/1.0-1/jcip-annotations-1.0-1.jar, /root/./workspace/google/error-prone/389476630/.m2/org/pcollections/pcollections/2.1.2/pcollections-2.1.2.jar, /root/./workspace/google/error-prone/389476630/.m2/com/google/guava/guava/23.5-jre/guava-23.5-jre.jar, /root/./workspace/google/error-prone/389476630/.m2/org/checkerframework/checker-qual/2.0.0/checker-qual-2.0.0.jar, /root/./workspace/google/error-prone/389476630/.m2/com/google/j2objc/j2objc-annotations/1.1/j2objc-annotations-1.1.jar, /root/./workspace/google/error-prone/389476630/.m2/org/codehaus/mojo/animal-sniffer-annotations/1.14/animal-sniffer-annotations-1.14.jar, /root/./workspace/google/error-prone/389476630/.m2/com/google/auto/auto-common/0.10/auto-common-0.10.jar, /root/./workspace/google/error-prone/389476630/.m2/com/google/code/findbugs/jFormatString/3.0.0/jFormatString-3.0.0.jar, /root/./workspace/google/error-prone/389476630/.m2/com/google/code/findbugs/jsr305/3.0.0/jsr305-3.0.0.jar, /root/./workspace/google/error-prone/389476630/.m2/org/checkerframework/dataflow/2.5.0/dataflow-2.5.0.jar, /root/./workspace/google/error-prone/389476630/.m2/org/checkerframework/javacutil/2.5.0/javacutil-2.5.0.jar, /root/./workspace/google/error-prone/389476630/.m2/com/google/errorprone/javac/9+181-r4173-1/javac-9+181-r4173-1.jar, /root/./workspace/google/error-prone/389476630/.m2/com/google/auto/value/auto-value/1.5.3/auto-value-1.5.3.jar, /root/workspace/google/error-prone/389476630/annotations/target/classes, /root/./workspace/google/error-prone/389476630/.m2/junit/junit/4.13-SNAPSHOT/junit-4.13-SNAPSHOT.jar, /root/./workspace/google/error-prone/389476630/.m2/org/hamcrest/hamcrest-core/1.3/hamcrest-core-1.3.jar, /root/./workspace/google/error-prone/389476630/.m2/org/hamcrest/hamcrest-library/1.3/hamcrest-library-1.3.jar, /root/./workspace/google/error-prone/389476630/.m2/com/google/truth/truth/0.36/truth-0.36.jar, /root/./workspace/google/error-prone/389476630/.m2/com/google/truth/extensions/truth-java8-extension/0.36/truth-java8-extension-0.36.jar, /root/./workspace/google/error-prone/389476630/.m2/com/google/inject/guice/4.0-beta5/guice-4.0-beta5.jar, /root/./workspace/google/error-prone/389476630/.m2/javax/inject/javax.inject/1/javax.inject-1.jar, /root/./workspace/google/error-prone/389476630/.m2/aopalliance/aopalliance/1.0/aopalliance-1.0.jar, /root/./workspace/google/error-prone/389476630/.m2/com/google/inject/extensions/guice-assistedinject/4.0-beta5/guice-assistedinject-4.0-beta5.jar, /root/./workspace/google/error-prone/389476630/.m2/com/google/inject/extensions/guice-servlet/4.0-beta5/guice-servlet-4.0-beta5.jar, /root/./workspace/google/error-prone/389476630/.m2/com/google/gwt/inject/gin/2.1.2/gin-2.1.2.jar, /root/./workspace/google/error-prone/389476630/.m2/org/mockito/mockito-core/2.0.3-beta/mockito-core-2.0.3-beta.jar, /root/./workspace/google/error-prone/389476630/.m2/org/objenesis/objenesis/2.1/objenesis-2.1.jar, /root/./workspace/google/error-prone/389476630/.m2/org/jmock/jmock/2.8.0/jmock-2.8.0.jar, /root/./workspace/google/error-prone/389476630/.m2/cglib/cglib-nodep/3.1/cglib-nodep-3.1.jar, /root/./workspace/google/error-prone/389476630/.m2/org/ow2/asm/asm/5.0.3/asm-5.0.3.jar, /root/./workspace/google/error-prone/389476630/.m2/org/beanshell/bsh/1.3.0/bsh-1.3.0.jar, /root/./workspace/google/error-prone/389476630/.m2/org/jmock/jmock-junit4/2.8.0/jmock-junit4-2.8.0.jar, /root/./workspace/google/error-prone/389476630/.m2/com/google/protobuf/protobuf-java/3.4.0/protobuf-java-3.4.0.jar, /root/./workspace/google/error-prone/389476630/.m2/com/google/dagger/dagger/2.14.1/dagger-2.14.1.jar, /root/./workspace/google/error-prone/389476630/.m2/com/google/dagger/dagger-producers/2.14.1/dagger-producers-2.14.1.jar, /root/./workspace/google/error-prone/389476630/.m2/org/checkerframework/checker-compat-qual/2.3.0/checker-compat-qual-2.3.0.jar, /root/./workspace/google/error-prone/389476630/.m2/com/google/auto/factory/auto-factory/1.0-beta5/auto-factory-1.0-beta5.jar, /root/./workspace/google/error-prone/389476630/.m2/com/squareup/javapoet/1.7.0/javapoet-1.7.0.jar, /root/./workspace/google/error-prone/389476630/.m2/com/google/guava/guava-testlib/23.5-jre/guava-testlib-23.5-jre.jar, /root/./workspace/google/error-prone/389476630/.m2/com/google/testing/compile/compile-testing/0.15/compile-testing-0.15.jar, /usr/lib/jvm/java-8-openjdk-amd64/jre/../lib/tools.jar, /root/./workspace/google/error-prone/389476630/.m2/com/ibm/icu/icu4j/56.1/icu4j-56.1.jar, /root/./workspace/google/error-prone/389476630/.m2/com/google/auto/service/auto-service/1.0-rc4/auto-service-1.0-rc4.jar, /root/./workspace/google/error-prone/389476630/.m2/io/netty/netty-all/4.1.12.Final/netty-all-4.1.12.Final.jar, /root/./workspace/google/error-prone/389476630/.m2/joda-time/joda-time/2.9.4/joda-time-2.9.4.jar, /root/./workspace/google/error-prone/389476630/.m2/com/google/common/html/types/proto/1.0.0/proto-1.0.0.jar, /root/./workspace/google/error-prone/389476630/.m2/com/google/common/html/types/types/1.0.5/types-1.0.5.jar, /root/./workspace/google/error-prone/389476630/.m2/com/google/gwt/gwt-user/2.8.0-beta1/gwt-user-2.8.0-beta1.jar, /root/./workspace/google/error-prone/389476630/.m2/javax/validation/validation-api/1.0.0.GA/validation-api-1.0.0.GA.jar, /root/./workspace/google/error-prone/389476630/.m2/javax/validation/validation-api/1.0.0.GA/validation-api-1.0.0.GA-sources.jar, /root/./workspace/google/error-prone/389476630/.m2/javax/annotation/jsr250-api/1.0/jsr250-api-1.0.jar, /root/./workspace/google/error-prone/389476630/.m2/com/android/support/support-annotations/27.0.0/support-annotations-27.0.0.jar, /root/./workspace/google/error-prone/389476630/.m2/org/assertj/assertj-core/3.9.0/assertj-core-3.9.0.jar, ., doesnotexist.jar]
now [/root/workspace/google/error-prone/389476630/core/target/test-classes, /root/workspace/google/error-prone/389476630/core/target/classes, /root/workspace/google/error-prone/389476630/annotation/target/classes, /root/workspace/google/error-prone/389476630/type_annotations/target/classes, /root/workspace/google/error-prone/389476630/check_api/target/classes, /root/./workspace/google/error-prone/389476630/.m2/com/googlecode/java-diff-utils/diffutils/1.3.0/diffutils-1.3.0.jar, /root/./workspace/google/error-prone/389476630/.m2/com/github/kevinstern/software-and-algorithms/1.0/software-and-algorithms-1.0.jar, /root/workspace/google/error-prone/389476630/test_helpers/target/classes, /root/./workspace/google/error-prone/389476630/.m2/com/google/googlejavaformat/google-java-format/1.4/google-java-format-1.4.jar, /root/./workspace/google/error-prone/389476630/.m2/com/google/errorprone/javac-shaded/9-dev-r4023-3/javac-shaded-9-dev-r4023-3.jar, /root/./workspace/google/error-prone/389476630/.m2/com/google/jimfs/jimfs/1.1/jimfs-1.1.jar, /root/./workspace/google/error-prone/389476630/.m2/com/github/stephenc/jcip/jcip-annotations/1.0-1/jcip-annotations-1.0-1.jar, /root/./workspace/google/error-prone/389476630/.m2/org/pcollections/pcollections/2.1.2/pcollections-2.1.2.jar, /root/./workspace/google/error-prone/389476630/.m2/com/google/guava/guava/23.5-jre/guava-23.5-jre.jar, /root/./workspace/google/error-prone/389476630/.m2/org/checkerframework/checker-qual/2.0.0/checker-qual-2.0.0.jar, /root/./workspace/google/error-prone/389476630/.m2/com/google/j2objc/j2objc-annotations/1.1/j2objc-annotations-1.1.jar, /root/./workspace/google/error-prone/389476630/.m2/org/codehaus/mojo/animal-sniffer-annotations/1.14/animal-sniffer-annotations-1.14.jar, /root/./workspace/google/error-prone/389476630/.m2/com/google/auto/auto-common/0.10/auto-common-0.10.jar, /root/./workspace/google/error-prone/389476630/.m2/com/google/code/findbugs/jFormatString/3.0.0/jFormatString-3.0.0.jar, /root/./workspace/google/error-prone/389476630/.m2/com/google/code/findbugs/jsr305/3.0.0/jsr305-3.0.0.jar, /root/./workspace/google/error-prone/389476630/.m2/org/checkerframework/dataflow/2.5.0/dataflow-2.5.0.jar, /root/./workspace/google/error-prone/389476630/.m2/org/checkerframework/javacutil/2.5.0/javacutil-2.5.0.jar, /root/./workspace/google/error-prone/389476630/.m2/com/google/errorprone/javac/9+181-r4173-1/javac-9+181-r4173-1.jar, /root/./workspace/google/error-prone/389476630/.m2/com/google/auto/value/auto-value/1.5.3/auto-value-1.5.3.jar, /root/workspace/google/error-prone/389476630/annotations/target/classes, /root/./workspace/google/error-prone/389476630/.m2/junit/junit/4.13-SNAPSHOT/junit-4.13-SNAPSHOT.jar, /root/./workspace/google/error-prone/389476630/.m2/org/hamcrest/hamcrest-core/1.3/hamcrest-core-1.3.jar, /root/./workspace/google/error-prone/389476630/.m2/org/hamcrest/hamcrest-library/1.3/hamcrest-library-1.3.jar, /root/./workspace/google/error-prone/389476630/.m2/com/google/truth/truth/0.36/truth-0.36.jar, /root/./workspace/google/error-prone/389476630/.m2/com/google/truth/extensions/truth-java8-extension/0.36/truth-java8-extension-0.36.jar, /root/./workspace/google/error-prone/389476630/.m2/com/google/inject/guice/4.0-beta5/guice-4.0-beta5.jar, /root/./workspace/google/error-prone/389476630/.m2/javax/inject/javax.inject/1/javax.inject-1.jar, /root/./workspace/google/error-prone/389476630/.m2/aopalliance/aopalliance/1.0/aopalliance-1.0.jar, /root/./workspace/google/error-prone/389476630/.m2/com/google/inject/extensions/guice-assistedinject/4.0-beta5/guice-assistedinject-4.0-beta5.jar, /root/./workspace/google/error-prone/389476630/.m2/com/google/inject/extensions/guice-servlet/4.0-beta5/guice-servlet-4.0-beta5.jar, /root/./workspace/google/error-prone/389476630/.m2/com/google/gwt/inject/gin/2.1.2/gin-2.1.2.jar, /root/./workspace/google/error-prone/389476630/.m2/org/mockito/mockito-core/2.0.3-beta/mockito-core-2.0.3-beta.jar, /root/./workspace/google/error-prone/389476630/.m2/org/objenesis/objenesis/2.1/objenesis-2.1.jar, /root/./workspace/google/error-prone/389476630/.m2/org/jmock/jmock/2.8.0/jmock-2.8.0.jar, /root/./workspace/google/error-prone/389476630/.m2/cglib/cglib-nodep/3.1/cglib-nodep-3.1.jar, /root/./workspace/google/error-prone/389476630/.m2/org/ow2/asm/asm/5.0.3/asm-5.0.3.jar, /root/./workspace/google/error-prone/389476630/.m2/org/beanshell/bsh/1.3.0/bsh-1.3.0.jar, /root/./workspace/google/error-prone/389476630/.m2/org/jmock/jmock-junit4/2.8.0/jmock-junit4-2.8.0.jar, /root/./workspace/google/error-prone/389476630/.m2/com/google/protobuf/protobuf-java/3.4.0/protobuf-java-3.4.0.jar, /root/./workspace/google/error-prone/389476630/.m2/com/google/dagger/dagger/2.14.1/dagger-2.14.1.jar, /root/./workspace/google/error-prone/389476630/.m2/com/google/dagger/dagger-producers/2.14.1/dagger-producers-2.14.1.jar, /root/./workspace/google/error-prone/389476630/.m2/org/checkerframework/checker-compat-qual/2.3.0/checker-compat-qual-2.3.0.jar, /root/./workspace/google/error-prone/389476630/.m2/com/google/auto/factory/auto-factory/1.0-beta5/auto-factory-1.0-beta5.jar, /root/./workspace/google/error-prone/389476630/.m2/com/squareup/javapoet/1.7.0/javapoet-1.7.0.jar, /root/./workspace/google/error-prone/389476630/.m2/com/google/guava/guava-testlib/23.5-jre/guava-testlib-23.5-jre.jar, /root/./workspace/google/error-prone/389476630/.m2/com/google/testing/compile/compile-testing/0.15/compile-testing-0.15.jar, /usr/lib/jvm/java-8-openjdk-amd64/jre/../lib/tools.jar, /root/./workspace/google/error-prone/389476630/.m2/com/ibm/icu/icu4j/56.1/icu4j-56.1.jar, /root/./workspace/google/error-prone/389476630/.m2/com/google/auto/service/auto-service/1.0-rc4/auto-service-1.0-rc4.jar, /root/./workspace/google/error-prone/389476630/.m2/io/netty/netty-all/4.1.12.Final/netty-all-4.1.12.Final.jar, /root/./workspace/google/error-prone/389476630/.m2/joda-time/joda-time/2.9.4/joda-time-2.9.4.jar, /root/./workspace/google/error-prone/389476630/.m2/com/google/common/html/types/proto/1.0.0/proto-1.0.0.jar, /root/./workspace/google/error-prone/389476630/.m2/com/google/common/html/types/types/1.0.5/types-1.0.5.jar, /root/./workspace/google/error-prone/389476630/.m2/com/google/gwt/gwt-user/2.8.0-beta1/gwt-user-2.8.0-beta1.jar, /root/./workspace/google/error-prone/389476630/.m2/javax/validation/validation-api/1.0.0.GA/validation-api-1.0.0.GA.jar, /root/./workspace/google/error-prone/389476630/.m2/javax/validation/validation-api/1.0.0.GA/validation-api-1.0.0.GA-sources.jar, /root/./workspace/google/error-prone/389476630/.m2/javax/annotation/jsr250-api/1.0/jsr250-api-1.0.jar, /root/./workspace/google/error-prone/389476630/.m2/com/android/support/support-annotations/27.0.0/support-annotations-27.0.0.jar, /root/./workspace/google/error-prone/389476630/.m2/org/assertj/assertj-core/3.9.0/assertj-core-3.9.0.jar, ., doesnotexist.jar, /tmp/junit8472590308973418530/junit8898434597381648823/output.jar]
]]></system-err>
  </testcase>
  <testcase name="newDerivedMethod" classname="com.google.errorprone.bugpatterns.apidiff.ApiDiffCheckerTest" time="0.331">
    <failure message="Compilation failed unexpectedly: [parsing started SimpleFileObject[/tmp/junit2343026105963872370/junit4996820142336468534/Test.java]]&#10;[parsing completed 0ms]&#10;[search path for source files: ]&#10;[search path for class files: /root/./workspace/google/error-prone/389476630/.m2/com/google/errorprone/javac/9+181-r4173-1/javac-9+181-r4173-1.jar,/usr/lib/jvm/java-8-openjdk-amd64/jre/lib/resources.jar,/usr/lib/jvm/java-8-openjdk-amd64/jre/lib/rt.jar,/usr/lib/jvm/java-8-openjdk-amd64/jre/lib/sunrsasign.jar,/usr/lib/jvm/java-8-openjdk-amd64/jre/lib/jsse.jar,/usr/lib/jvm/java-8-openjdk-amd64/jre/lib/jce.jar,/usr/lib/jvm/java-8-openjdk-amd64/jre/lib/charsets.jar,/usr/lib/jvm/java-8-openjdk-amd64/jre/lib/jfr.jar,/usr/lib/jvm/java-8-openjdk-amd64/jre/classes,/usr/lib/jvm/java-8-openjdk-amd64/jre/lib/ext/cldrdata.jar,/usr/lib/jvm/java-8-openjdk-amd64/jre/lib/ext/dnsns.jar,/usr/lib/jvm/java-8-openjdk-amd64/jre/lib/ext/icedtea-sound.jar,/usr/lib/jvm/java-8-openjdk-amd64/jre/lib/ext/jaccess.jar,/usr/lib/jvm/java-8-openjdk-amd64/jre/lib/ext/java-atk-wrapper.jar,/usr/lib/jvm/java-8-openjdk-amd64/jre/lib/ext/localedata.jar,/usr/lib/jvm/java-8-openjdk-amd64/jre/lib/ext/nashorn.jar,/usr/lib/jvm/java-8-openjdk-amd64/jre/lib/ext/sunec.jar,/usr/lib/jvm/java-8-openjdk-amd64/jre/lib/ext/sunjce_provider.jar,/usr/lib/jvm/java-8-openjdk-amd64/jre/lib/ext/sunpkcs11.jar,/usr/lib/jvm/java-8-openjdk-amd64/jre/lib/ext/zipfs.jar,/root/workspace/google/error-prone/389476630/core/target/test-classes,/root/workspace/google/error-prone/389476630/core/target/classes,/root/workspace/google/error-prone/389476630/annotation/target/classes,/root/workspace/google/error-prone/389476630/type_annotations/target/classes,/root/workspace/google/error-prone/389476630/check_api/target/classes,/root/./workspace/google/error-prone/389476630/.m2/com/googlecode/java-diff-utils/diffutils/1.3.0/diffutils-1.3.0.jar,/root/./workspace/google/error-prone/389476630/.m2/com/github/kevinstern/software-and-algorithms/1.0/software-and-algorithms-1.0.jar,/root/workspace/google/error-prone/389476630/test_helpers/target/classes,/root/./workspace/google/error-prone/389476630/.m2/com/google/googlejavaformat/google-java-format/1.4/google-java-format-1.4.jar,/root/./workspace/google/error-prone/389476630/.m2/com/google/errorprone/javac-shaded/9-dev-r4023-3/javac-shaded-9-dev-r4023-3.jar,/root/./workspace/google/error-prone/389476630/.m2/com/google/jimfs/jimfs/1.1/jimfs-1.1.jar,/root/./workspace/google/error-prone/389476630/.m2/com/github/stephenc/jcip/jcip-annotations/1.0-1/jcip-annotations-1.0-1.jar,/root/./workspace/google/error-prone/389476630/.m2/org/pcollections/pcollections/2.1.2/pcollections-2.1.2.jar,/root/./workspace/google/error-prone/389476630/.m2/com/google/guava/guava/23.5-jre/guava-23.5-jre.jar,/root/./workspace/google/error-prone/389476630/.m2/org/checkerframework/checker-qual/2.0.0/checker-qual-2.0.0.jar,/root/./workspace/google/error-prone/389476630/.m2/com/google/j2objc/j2objc-annotations/1.1/j2objc-annotations-1.1.jar,/root/./workspace/google/error-prone/389476630/.m2/org/codehaus/mojo/animal-sniffer-annotations/1.14/animal-sniffer-annotations-1.14.jar,/root/./workspace/google/error-prone/389476630/.m2/com/google/auto/auto-common/0.10/auto-common-0.10.jar,/root/./workspace/google/error-prone/389476630/.m2/com/google/code/findbugs/jFormatString/3.0.0/jFormatString-3.0.0.jar,/root/./workspace/google/error-prone/389476630/.m2/com/google/code/findbugs/jsr305/3.0.0/jsr305-3.0.0.jar,/root/./workspace/google/error-prone/389476630/.m2/org/checkerframework/dataflow/2.5.0/dataflow-2.5.0.jar,/root/./workspace/google/error-prone/389476630/.m2/org/checkerframework/javacutil/2.5.0/javacutil-2.5.0.jar,/root/./workspace/google/error-prone/389476630/.m2/com/google/errorprone/javac/9+181-r4173-1/javac-9+181-r4173-1.jar,/root/./workspace/google/error-prone/389476630/.m2/com/google/auto/value/auto-value/1.5.3/auto-value-1.5.3.jar,/root/workspace/google/error-prone/389476630/annotations/target/classes,/root/./workspace/google/error-prone/389476630/.m2/junit/junit/4.13-SNAPSHOT/junit-4.13-SNAPSHOT.jar,/root/./workspace/google/error-prone/389476630/.m2/org/hamcrest/hamcrest-core/1.3/hamcrest-core-1.3.jar,/root/./workspace/google/error-prone/389476630/.m2/org/hamcrest/hamcrest-library/1.3/hamcrest-library-1.3.jar,/root/./workspace/google/error-prone/389476630/.m2/com/google/truth/truth/0.36/truth-0.36.jar,/root/./workspace/google/error-prone/389476630/.m2/com/google/truth/extensions/truth-java8-extension/0.36/truth-java8-extension-0.36.jar,/root/./workspace/google/error-prone/389476630/.m2/com/google/inject/guice/4.0-beta5/guice-4.0-beta5.jar,/root/./workspace/google/error-prone/389476630/.m2/javax/inject/javax.inject/1/javax.inject-1.jar,/root/./workspace/google/error-prone/389476630/.m2/aopalliance/aopalliance/1.0/aopalliance-1.0.jar,/root/./workspace/google/error-prone/389476630/.m2/com/google/inject/extensions/guice-assistedinject/4.0-beta5/guice-assistedinject-4.0-beta5.jar,/root/./workspace/google/error-prone/389476630/.m2/com/google/inject/extensions/guice-servlet/4.0-beta5/guice-servlet-4.0-beta5.jar,/root/./workspace/google/error-prone/389476630/.m2/com/google/gwt/inject/gin/2.1.2/gin-2.1.2.jar,/root/./workspace/google/error-prone/389476630/.m2/org/mockito/mockito-core/2.0.3-beta/mockito-core-2.0.3-beta.jar,/root/./workspace/google/error-prone/389476630/.m2/org/objenesis/objenesis/2.1/objenesis-2.1.jar,/root/./workspace/google/error-prone/389476630/.m2/org/jmock/jmock/2.8.0/jmock-2.8.0.jar,/root/./workspace/google/error-prone/389476630/.m2/cglib/cglib-nodep/3.1/cglib-nodep-3.1.jar,/root/./workspace/google/error-prone/389476630/.m2/org/ow2/asm/asm/5.0.3/asm-5.0.3.jar,/root/./workspace/google/error-prone/389476630/.m2/org/beanshell/bsh/1.3.0/bsh-1.3.0.jar,/root/./workspace/google/error-prone/389476630/.m2/org/jmock/jmock-junit4/2.8.0/jmock-junit4-2.8.0.jar,/root/./workspace/google/error-prone/389476630/.m2/com/google/protobuf/protobuf-java/3.4.0/protobuf-java-3.4.0.jar,/root/./workspace/google/error-prone/389476630/.m2/com/google/dagger/dagger/2.14.1/dagger-2.14.1.jar,/root/./workspace/google/error-prone/389476630/.m2/com/google/dagger/dagger-producers/2.14.1/dagger-producers-2.14.1.jar,/root/./workspace/google/error-prone/389476630/.m2/org/checkerframework/checker-compat-qual/2.3.0/checker-compat-qual-2.3.0.jar,/root/./workspace/google/error-prone/389476630/.m2/com/google/auto/factory/auto-factory/1.0-beta5/auto-factory-1.0-beta5.jar,/root/./workspace/google/error-prone/389476630/.m2/com/squareup/javapoet/1.7.0/javapoet-1.7.0.jar,/root/./workspace/google/error-prone/389476630/.m2/com/google/guava/guava-testlib/23.5-jre/guava-testlib-23.5-jre.jar,/root/./workspace/google/error-prone/389476630/.m2/com/google/testing/compile/compile-testing/0.15/compile-testing-0.15.jar,/usr/lib/jvm/java-8-openjdk-amd64/jre/../lib/tools.jar,/root/./workspace/google/error-prone/389476630/.m2/com/ibm/icu/icu4j/56.1/icu4j-56.1.jar,/root/./workspace/google/error-prone/389476630/.m2/com/google/auto/service/auto-service/1.0-rc4/auto-service-1.0-rc4.jar,/root/./workspace/google/error-prone/389476630/.m2/io/netty/netty-all/4.1.12.Final/netty-all-4.1.12.Final.jar,/root/./workspace/google/error-prone/389476630/.m2/joda-time/joda-time/2.9.4/joda-time-2.9.4.jar,/root/./workspace/google/error-prone/389476630/.m2/com/google/common/html/types/proto/1.0.0/proto-1.0.0.jar,/root/./workspace/google/error-prone/389476630/.m2/com/google/common/html/types/types/1.0.5/types-1.0.5.jar,/root/./workspace/google/error-prone/389476630/.m2/com/google/gwt/gwt-user/2.8.0-beta1/gwt-user-2.8.0-beta1.jar,/root/./workspace/google/error-prone/389476630/.m2/javax/validation/validation-api/1.0.0.GA/validation-api-1.0.0.GA.jar,/root/./workspace/google/error-prone/389476630/.m2/javax/validation/validation-api/1.0.0.GA/validation-api-1.0.0.GA-sources.jar,/root/./workspace/google/error-prone/389476630/.m2/javax/annotation/jsr250-api/1.0/jsr250-api-1.0.jar,/root/./workspace/google/error-prone/389476630/.m2/com/android/support/support-annotations/27.0.0/support-annotations-27.0.0.jar,/root/./workspace/google/error-prone/389476630/.m2/org/assertj/assertj-core/3.9.0/assertj-core-3.9.0.jar,.,doesnotexist.jar,/tmp/junit2343026105963872370/junit9075865434496157382/output.jar,/tmp/junit2343026105963872370/junit2681638697510765213/output.jar]&#10;[loading /usr/lib/jvm/java-8-openjdk-amd64/jre/lib/rt.jar(/java/lang/Object.class)]&#10;[checking Test]&#10;[loading /usr/lib/jvm/java-8-openjdk-amd64/jre/lib/rt.jar(/java/io/Serializable.class)]&#10;[loading /usr/lib/jvm/java-8-openjdk-amd64/jre/lib/rt.jar(/java/lang/AutoCloseable.class)]&#10;[loading /tmp/junit2343026105963872370/junit9075865434496157382/output.jar(/lib/Derived.class)]&#10;[loading /tmp/junit2343026105963872370/junit9075865434496157382/output.jar(/lib/Base.class)]&#10;[total 25ms]&#10;: /tmp/junit2343026105963872370/junit4996820142336468534/Test.java:5: error: cannot find symbol&#10;    new Derived().g();&#10;                 ^&#10;  symbol:   method g()&#10;  location: class lib.Derived (&lt;false&gt;) was expected to be true, but was false" type="java.lang.AssertionError"><![CDATA[java.lang.AssertionError: 
Compilation failed unexpectedly: [parsing started SimpleFileObject[/tmp/junit2343026105963872370/junit4996820142336468534/Test.java]]
[parsing completed 0ms]
[search path for source files: ]
[search path for class files: /root/./workspace/google/error-prone/389476630/.m2/com/google/errorprone/javac/9+181-r4173-1/javac-9+181-r4173-1.jar,/usr/lib/jvm/java-8-openjdk-amd64/jre/lib/resources.jar,/usr/lib/jvm/java-8-openjdk-amd64/jre/lib/rt.jar,/usr/lib/jvm/java-8-openjdk-amd64/jre/lib/sunrsasign.jar,/usr/lib/jvm/java-8-openjdk-amd64/jre/lib/jsse.jar,/usr/lib/jvm/java-8-openjdk-amd64/jre/lib/jce.jar,/usr/lib/jvm/java-8-openjdk-amd64/jre/lib/charsets.jar,/usr/lib/jvm/java-8-openjdk-amd64/jre/lib/jfr.jar,/usr/lib/jvm/java-8-openjdk-amd64/jre/classes,/usr/lib/jvm/java-8-openjdk-amd64/jre/lib/ext/cldrdata.jar,/usr/lib/jvm/java-8-openjdk-amd64/jre/lib/ext/dnsns.jar,/usr/lib/jvm/java-8-openjdk-amd64/jre/lib/ext/icedtea-sound.jar,/usr/lib/jvm/java-8-openjdk-amd64/jre/lib/ext/jaccess.jar,/usr/lib/jvm/java-8-openjdk-amd64/jre/lib/ext/java-atk-wrapper.jar,/usr/lib/jvm/java-8-openjdk-amd64/jre/lib/ext/localedata.jar,/usr/lib/jvm/java-8-openjdk-amd64/jre/lib/ext/nashorn.jar,/usr/lib/jvm/java-8-openjdk-amd64/jre/lib/ext/sunec.jar,/usr/lib/jvm/java-8-openjdk-amd64/jre/lib/ext/sunjce_provider.jar,/usr/lib/jvm/java-8-openjdk-amd64/jre/lib/ext/sunpkcs11.jar,/usr/lib/jvm/java-8-openjdk-amd64/jre/lib/ext/zipfs.jar,/root/workspace/google/error-prone/389476630/core/target/test-classes,/root/workspace/google/error-prone/389476630/core/target/classes,/root/workspace/google/error-prone/389476630/annotation/target/classes,/root/workspace/google/error-prone/389476630/type_annotations/target/classes,/root/workspace/google/error-prone/389476630/check_api/target/classes,/root/./workspace/google/error-prone/389476630/.m2/com/googlecode/java-diff-utils/diffutils/1.3.0/diffutils-1.3.0.jar,/root/./workspace/google/error-prone/389476630/.m2/com/github/kevinstern/software-and-algorithms/1.0/software-and-algorithms-1.0.jar,/root/workspace/google/error-prone/389476630/test_helpers/target/classes,/root/./workspace/google/error-prone/389476630/.m2/com/google/googlejavaformat/google-java-format/1.4/google-java-format-1.4.jar,/root/./workspace/google/error-prone/389476630/.m2/com/google/errorprone/javac-shaded/9-dev-r4023-3/javac-shaded-9-dev-r4023-3.jar,/root/./workspace/google/error-prone/389476630/.m2/com/google/jimfs/jimfs/1.1/jimfs-1.1.jar,/root/./workspace/google/error-prone/389476630/.m2/com/github/stephenc/jcip/jcip-annotations/1.0-1/jcip-annotations-1.0-1.jar,/root/./workspace/google/error-prone/389476630/.m2/org/pcollections/pcollections/2.1.2/pcollections-2.1.2.jar,/root/./workspace/google/error-prone/389476630/.m2/com/google/guava/guava/23.5-jre/guava-23.5-jre.jar,/root/./workspace/google/error-prone/389476630/.m2/org/checkerframework/checker-qual/2.0.0/checker-qual-2.0.0.jar,/root/./workspace/google/error-prone/389476630/.m2/com/google/j2objc/j2objc-annotations/1.1/j2objc-annotations-1.1.jar,/root/./workspace/google/error-prone/389476630/.m2/org/codehaus/mojo/animal-sniffer-annotations/1.14/animal-sniffer-annotations-1.14.jar,/root/./workspace/google/error-prone/389476630/.m2/com/google/auto/auto-common/0.10/auto-common-0.10.jar,/root/./workspace/google/error-prone/389476630/.m2/com/google/code/findbugs/jFormatString/3.0.0/jFormatString-3.0.0.jar,/root/./workspace/google/error-prone/389476630/.m2/com/google/code/findbugs/jsr305/3.0.0/jsr305-3.0.0.jar,/root/./workspace/google/error-prone/389476630/.m2/org/checkerframework/dataflow/2.5.0/dataflow-2.5.0.jar,/root/./workspace/google/error-prone/389476630/.m2/org/checkerframework/javacutil/2.5.0/javacutil-2.5.0.jar,/root/./workspace/google/error-prone/389476630/.m2/com/google/errorprone/javac/9+181-r4173-1/javac-9+181-r4173-1.jar,/root/./workspace/google/error-prone/389476630/.m2/com/google/auto/value/auto-value/1.5.3/auto-value-1.5.3.jar,/root/workspace/google/error-prone/389476630/annotations/target/classes,/root/./workspace/google/error-prone/389476630/.m2/junit/junit/4.13-SNAPSHOT/junit-4.13-SNAPSHOT.jar,/root/./workspace/google/error-prone/389476630/.m2/org/hamcrest/hamcrest-core/1.3/hamcrest-core-1.3.jar,/root/./workspace/google/error-prone/389476630/.m2/org/hamcrest/hamcrest-library/1.3/hamcrest-library-1.3.jar,/root/./workspace/google/error-prone/389476630/.m2/com/google/truth/truth/0.36/truth-0.36.jar,/root/./workspace/google/error-prone/389476630/.m2/com/google/truth/extensions/truth-java8-extension/0.36/truth-java8-extension-0.36.jar,/root/./workspace/google/error-prone/389476630/.m2/com/google/inject/guice/4.0-beta5/guice-4.0-beta5.jar,/root/./workspace/google/error-prone/389476630/.m2/javax/inject/javax.inject/1/javax.inject-1.jar,/root/./workspace/google/error-prone/389476630/.m2/aopalliance/aopalliance/1.0/aopalliance-1.0.jar,/root/./workspace/google/error-prone/389476630/.m2/com/google/inject/extensions/guice-assistedinject/4.0-beta5/guice-assistedinject-4.0-beta5.jar,/root/./workspace/google/error-prone/389476630/.m2/com/google/inject/extensions/guice-servlet/4.0-beta5/guice-servlet-4.0-beta5.jar,/root/./workspace/google/error-prone/389476630/.m2/com/google/gwt/inject/gin/2.1.2/gin-2.1.2.jar,/root/./workspace/google/error-prone/389476630/.m2/org/mockito/mockito-core/2.0.3-beta/mockito-core-2.0.3-beta.jar,/root/./workspace/google/error-prone/389476630/.m2/org/objenesis/objenesis/2.1/objenesis-2.1.jar,/root/./workspace/google/error-prone/389476630/.m2/org/jmock/jmock/2.8.0/jmock-2.8.0.jar,/root/./workspace/google/error-prone/389476630/.m2/cglib/cglib-nodep/3.1/cglib-nodep-3.1.jar,/root/./workspace/google/error-prone/389476630/.m2/org/ow2/asm/asm/5.0.3/asm-5.0.3.jar,/root/./workspace/google/error-prone/389476630/.m2/org/beanshell/bsh/1.3.0/bsh-1.3.0.jar,/root/./workspace/google/error-prone/389476630/.m2/org/jmock/jmock-junit4/2.8.0/jmock-junit4-2.8.0.jar,/root/./workspace/google/error-prone/389476630/.m2/com/google/protobuf/protobuf-java/3.4.0/protobuf-java-3.4.0.jar,/root/./workspace/google/error-prone/389476630/.m2/com/google/dagger/dagger/2.14.1/dagger-2.14.1.jar,/root/./workspace/google/error-prone/389476630/.m2/com/google/dagger/dagger-producers/2.14.1/dagger-producers-2.14.1.jar,/root/./workspace/google/error-prone/389476630/.m2/org/checkerframework/checker-compat-qual/2.3.0/checker-compat-qual-2.3.0.jar,/root/./workspace/google/error-prone/389476630/.m2/com/google/auto/factory/auto-factory/1.0-beta5/auto-factory-1.0-beta5.jar,/root/./workspace/google/error-prone/389476630/.m2/com/squareup/javapoet/1.7.0/javapoet-1.7.0.jar,/root/./workspace/google/error-prone/389476630/.m2/com/google/guava/guava-testlib/23.5-jre/guava-testlib-23.5-jre.jar,/root/./workspace/google/error-prone/389476630/.m2/com/google/testing/compile/compile-testing/0.15/compile-testing-0.15.jar,/usr/lib/jvm/java-8-openjdk-amd64/jre/../lib/tools.jar,/root/./workspace/google/error-prone/389476630/.m2/com/ibm/icu/icu4j/56.1/icu4j-56.1.jar,/root/./workspace/google/error-prone/389476630/.m2/com/google/auto/service/auto-service/1.0-rc4/auto-service-1.0-rc4.jar,/root/./workspace/google/error-prone/389476630/.m2/io/netty/netty-all/4.1.12.Final/netty-all-4.1.12.Final.jar,/root/./workspace/google/error-prone/389476630/.m2/joda-time/joda-time/2.9.4/joda-time-2.9.4.jar,/root/./workspace/google/error-prone/389476630/.m2/com/google/common/html/types/proto/1.0.0/proto-1.0.0.jar,/root/./workspace/google/error-prone/389476630/.m2/com/google/common/html/types/types/1.0.5/types-1.0.5.jar,/root/./workspace/google/error-prone/389476630/.m2/com/google/gwt/gwt-user/2.8.0-beta1/gwt-user-2.8.0-beta1.jar,/root/./workspace/google/error-prone/389476630/.m2/javax/validation/validation-api/1.0.0.GA/validation-api-1.0.0.GA.jar,/root/./workspace/google/error-prone/389476630/.m2/javax/validation/validation-api/1.0.0.GA/validation-api-1.0.0.GA-sources.jar,/root/./workspace/google/error-prone/389476630/.m2/javax/annotation/jsr250-api/1.0/jsr250-api-1.0.jar,/root/./workspace/google/error-prone/389476630/.m2/com/android/support/support-annotations/27.0.0/support-annotations-27.0.0.jar,/root/./workspace/google/error-prone/389476630/.m2/org/assertj/assertj-core/3.9.0/assertj-core-3.9.0.jar,.,doesnotexist.jar,/tmp/junit2343026105963872370/junit9075865434496157382/output.jar,/tmp/junit2343026105963872370/junit2681638697510765213/output.jar]
[loading /usr/lib/jvm/java-8-openjdk-amd64/jre/lib/rt.jar(/java/lang/Object.class)]
[checking Test]
[loading /usr/lib/jvm/java-8-openjdk-amd64/jre/lib/rt.jar(/java/io/Serializable.class)]
[loading /usr/lib/jvm/java-8-openjdk-amd64/jre/lib/rt.jar(/java/lang/AutoCloseable.class)]
[loading /tmp/junit2343026105963872370/junit9075865434496157382/output.jar(/lib/Derived.class)]
[loading /tmp/junit2343026105963872370/junit9075865434496157382/output.jar(/lib/Base.class)]
[total 25ms]
: /tmp/junit2343026105963872370/junit4996820142336468534/Test.java:5: error: cannot find symbol
    new Derived().g();
                 ^
  symbol:   method g()
  location: class lib.Derived (<false>) was expected to be true, but was false
	at com.google.errorprone.bugpatterns.apidiff.ApiDiffCheckerTest.newDerivedMethod(ApiDiffCheckerTest.java:132)
]]></failure>
    <system-err><![CDATA[was [/root/workspace/google/error-prone/389476630/core/target/test-classes, /root/workspace/google/error-prone/389476630/core/target/classes, /root/workspace/google/error-prone/389476630/annotation/target/classes, /root/workspace/google/error-prone/389476630/type_annotations/target/classes, /root/workspace/google/error-prone/389476630/check_api/target/classes, /root/./workspace/google/error-prone/389476630/.m2/com/googlecode/java-diff-utils/diffutils/1.3.0/diffutils-1.3.0.jar, /root/./workspace/google/error-prone/389476630/.m2/com/github/kevinstern/software-and-algorithms/1.0/software-and-algorithms-1.0.jar, /root/workspace/google/error-prone/389476630/test_helpers/target/classes, /root/./workspace/google/error-prone/389476630/.m2/com/google/googlejavaformat/google-java-format/1.4/google-java-format-1.4.jar, /root/./workspace/google/error-prone/389476630/.m2/com/google/errorprone/javac-shaded/9-dev-r4023-3/javac-shaded-9-dev-r4023-3.jar, /root/./workspace/google/error-prone/389476630/.m2/com/google/jimfs/jimfs/1.1/jimfs-1.1.jar, /root/./workspace/google/error-prone/389476630/.m2/com/github/stephenc/jcip/jcip-annotations/1.0-1/jcip-annotations-1.0-1.jar, /root/./workspace/google/error-prone/389476630/.m2/org/pcollections/pcollections/2.1.2/pcollections-2.1.2.jar, /root/./workspace/google/error-prone/389476630/.m2/com/google/guava/guava/23.5-jre/guava-23.5-jre.jar, /root/./workspace/google/error-prone/389476630/.m2/org/checkerframework/checker-qual/2.0.0/checker-qual-2.0.0.jar, /root/./workspace/google/error-prone/389476630/.m2/com/google/j2objc/j2objc-annotations/1.1/j2objc-annotations-1.1.jar, /root/./workspace/google/error-prone/389476630/.m2/org/codehaus/mojo/animal-sniffer-annotations/1.14/animal-sniffer-annotations-1.14.jar, /root/./workspace/google/error-prone/389476630/.m2/com/google/auto/auto-common/0.10/auto-common-0.10.jar, /root/./workspace/google/error-prone/389476630/.m2/com/google/code/findbugs/jFormatString/3.0.0/jFormatString-3.0.0.jar, /root/./workspace/google/error-prone/389476630/.m2/com/google/code/findbugs/jsr305/3.0.0/jsr305-3.0.0.jar, /root/./workspace/google/error-prone/389476630/.m2/org/checkerframework/dataflow/2.5.0/dataflow-2.5.0.jar, /root/./workspace/google/error-prone/389476630/.m2/org/checkerframework/javacutil/2.5.0/javacutil-2.5.0.jar, /root/./workspace/google/error-prone/389476630/.m2/com/google/errorprone/javac/9+181-r4173-1/javac-9+181-r4173-1.jar, /root/./workspace/google/error-prone/389476630/.m2/com/google/auto/value/auto-value/1.5.3/auto-value-1.5.3.jar, /root/workspace/google/error-prone/389476630/annotations/target/classes, /root/./workspace/google/error-prone/389476630/.m2/junit/junit/4.13-SNAPSHOT/junit-4.13-SNAPSHOT.jar, /root/./workspace/google/error-prone/389476630/.m2/org/hamcrest/hamcrest-core/1.3/hamcrest-core-1.3.jar, /root/./workspace/google/error-prone/389476630/.m2/org/hamcrest/hamcrest-library/1.3/hamcrest-library-1.3.jar, /root/./workspace/google/error-prone/389476630/.m2/com/google/truth/truth/0.36/truth-0.36.jar, /root/./workspace/google/error-prone/389476630/.m2/com/google/truth/extensions/truth-java8-extension/0.36/truth-java8-extension-0.36.jar, /root/./workspace/google/error-prone/389476630/.m2/com/google/inject/guice/4.0-beta5/guice-4.0-beta5.jar, /root/./workspace/google/error-prone/389476630/.m2/javax/inject/javax.inject/1/javax.inject-1.jar, /root/./workspace/google/error-prone/389476630/.m2/aopalliance/aopalliance/1.0/aopalliance-1.0.jar, /root/./workspace/google/error-prone/389476630/.m2/com/google/inject/extensions/guice-assistedinject/4.0-beta5/guice-assistedinject-4.0-beta5.jar, /root/./workspace/google/error-prone/389476630/.m2/com/google/inject/extensions/guice-servlet/4.0-beta5/guice-servlet-4.0-beta5.jar, /root/./workspace/google/error-prone/389476630/.m2/com/google/gwt/inject/gin/2.1.2/gin-2.1.2.jar, /root/./workspace/google/error-prone/389476630/.m2/org/mockito/mockito-core/2.0.3-beta/mockito-core-2.0.3-beta.jar, /root/./workspace/google/error-prone/389476630/.m2/org/objenesis/objenesis/2.1/objenesis-2.1.jar, /root/./workspace/google/error-prone/389476630/.m2/org/jmock/jmock/2.8.0/jmock-2.8.0.jar, /root/./workspace/google/error-prone/389476630/.m2/cglib/cglib-nodep/3.1/cglib-nodep-3.1.jar, /root/./workspace/google/error-prone/389476630/.m2/org/ow2/asm/asm/5.0.3/asm-5.0.3.jar, /root/./workspace/google/error-prone/389476630/.m2/org/beanshell/bsh/1.3.0/bsh-1.3.0.jar, /root/./workspace/google/error-prone/389476630/.m2/org/jmock/jmock-junit4/2.8.0/jmock-junit4-2.8.0.jar, /root/./workspace/google/error-prone/389476630/.m2/com/google/protobuf/protobuf-java/3.4.0/protobuf-java-3.4.0.jar, /root/./workspace/google/error-prone/389476630/.m2/com/google/dagger/dagger/2.14.1/dagger-2.14.1.jar, /root/./workspace/google/error-prone/389476630/.m2/com/google/dagger/dagger-producers/2.14.1/dagger-producers-2.14.1.jar, /root/./workspace/google/error-prone/389476630/.m2/org/checkerframework/checker-compat-qual/2.3.0/checker-compat-qual-2.3.0.jar, /root/./workspace/google/error-prone/389476630/.m2/com/google/auto/factory/auto-factory/1.0-beta5/auto-factory-1.0-beta5.jar, /root/./workspace/google/error-prone/389476630/.m2/com/squareup/javapoet/1.7.0/javapoet-1.7.0.jar, /root/./workspace/google/error-prone/389476630/.m2/com/google/guava/guava-testlib/23.5-jre/guava-testlib-23.5-jre.jar, /root/./workspace/google/error-prone/389476630/.m2/com/google/testing/compile/compile-testing/0.15/compile-testing-0.15.jar, /usr/lib/jvm/java-8-openjdk-amd64/jre/../lib/tools.jar, /root/./workspace/google/error-prone/389476630/.m2/com/ibm/icu/icu4j/56.1/icu4j-56.1.jar, /root/./workspace/google/error-prone/389476630/.m2/com/google/auto/service/auto-service/1.0-rc4/auto-service-1.0-rc4.jar, /root/./workspace/google/error-prone/389476630/.m2/io/netty/netty-all/4.1.12.Final/netty-all-4.1.12.Final.jar, /root/./workspace/google/error-prone/389476630/.m2/joda-time/joda-time/2.9.4/joda-time-2.9.4.jar, /root/./workspace/google/error-prone/389476630/.m2/com/google/common/html/types/proto/1.0.0/proto-1.0.0.jar, /root/./workspace/google/error-prone/389476630/.m2/com/google/common/html/types/types/1.0.5/types-1.0.5.jar, /root/./workspace/google/error-prone/389476630/.m2/com/google/gwt/gwt-user/2.8.0-beta1/gwt-user-2.8.0-beta1.jar, /root/./workspace/google/error-prone/389476630/.m2/javax/validation/validation-api/1.0.0.GA/validation-api-1.0.0.GA.jar, /root/./workspace/google/error-prone/389476630/.m2/javax/validation/validation-api/1.0.0.GA/validation-api-1.0.0.GA-sources.jar, /root/./workspace/google/error-prone/389476630/.m2/javax/annotation/jsr250-api/1.0/jsr250-api-1.0.jar, /root/./workspace/google/error-prone/389476630/.m2/com/android/support/support-annotations/27.0.0/support-annotations-27.0.0.jar, /root/./workspace/google/error-prone/389476630/.m2/org/assertj/assertj-core/3.9.0/assertj-core-3.9.0.jar, .]
now [/root/workspace/google/error-prone/389476630/core/target/test-classes, /root/workspace/google/error-prone/389476630/core/target/classes, /root/workspace/google/error-prone/389476630/annotation/target/classes, /root/workspace/google/error-prone/389476630/type_annotations/target/classes, /root/workspace/google/error-prone/389476630/check_api/target/classes, /root/./workspace/google/error-prone/389476630/.m2/com/googlecode/java-diff-utils/diffutils/1.3.0/diffutils-1.3.0.jar, /root/./workspace/google/error-prone/389476630/.m2/com/github/kevinstern/software-and-algorithms/1.0/software-and-algorithms-1.0.jar, /root/workspace/google/error-prone/389476630/test_helpers/target/classes, /root/./workspace/google/error-prone/389476630/.m2/com/google/googlejavaformat/google-java-format/1.4/google-java-format-1.4.jar, /root/./workspace/google/error-prone/389476630/.m2/com/google/errorprone/javac-shaded/9-dev-r4023-3/javac-shaded-9-dev-r4023-3.jar, /root/./workspace/google/error-prone/389476630/.m2/com/google/jimfs/jimfs/1.1/jimfs-1.1.jar, /root/./workspace/google/error-prone/389476630/.m2/com/github/stephenc/jcip/jcip-annotations/1.0-1/jcip-annotations-1.0-1.jar, /root/./workspace/google/error-prone/389476630/.m2/org/pcollections/pcollections/2.1.2/pcollections-2.1.2.jar, /root/./workspace/google/error-prone/389476630/.m2/com/google/guava/guava/23.5-jre/guava-23.5-jre.jar, /root/./workspace/google/error-prone/389476630/.m2/org/checkerframework/checker-qual/2.0.0/checker-qual-2.0.0.jar, /root/./workspace/google/error-prone/389476630/.m2/com/google/j2objc/j2objc-annotations/1.1/j2objc-annotations-1.1.jar, /root/./workspace/google/error-prone/389476630/.m2/org/codehaus/mojo/animal-sniffer-annotations/1.14/animal-sniffer-annotations-1.14.jar, /root/./workspace/google/error-prone/389476630/.m2/com/google/auto/auto-common/0.10/auto-common-0.10.jar, /root/./workspace/google/error-prone/389476630/.m2/com/google/code/findbugs/jFormatString/3.0.0/jFormatString-3.0.0.jar, /root/./workspace/google/error-prone/389476630/.m2/com/google/code/findbugs/jsr305/3.0.0/jsr305-3.0.0.jar, /root/./workspace/google/error-prone/389476630/.m2/org/checkerframework/dataflow/2.5.0/dataflow-2.5.0.jar, /root/./workspace/google/error-prone/389476630/.m2/org/checkerframework/javacutil/2.5.0/javacutil-2.5.0.jar, /root/./workspace/google/error-prone/389476630/.m2/com/google/errorprone/javac/9+181-r4173-1/javac-9+181-r4173-1.jar, /root/./workspace/google/error-prone/389476630/.m2/com/google/auto/value/auto-value/1.5.3/auto-value-1.5.3.jar, /root/workspace/google/error-prone/389476630/annotations/target/classes, /root/./workspace/google/error-prone/389476630/.m2/junit/junit/4.13-SNAPSHOT/junit-4.13-SNAPSHOT.jar, /root/./workspace/google/error-prone/389476630/.m2/org/hamcrest/hamcrest-core/1.3/hamcrest-core-1.3.jar, /root/./workspace/google/error-prone/389476630/.m2/org/hamcrest/hamcrest-library/1.3/hamcrest-library-1.3.jar, /root/./workspace/google/error-prone/389476630/.m2/com/google/truth/truth/0.36/truth-0.36.jar, /root/./workspace/google/error-prone/389476630/.m2/com/google/truth/extensions/truth-java8-extension/0.36/truth-java8-extension-0.36.jar, /root/./workspace/google/error-prone/389476630/.m2/com/google/inject/guice/4.0-beta5/guice-4.0-beta5.jar, /root/./workspace/google/error-prone/389476630/.m2/javax/inject/javax.inject/1/javax.inject-1.jar, /root/./workspace/google/error-prone/389476630/.m2/aopalliance/aopalliance/1.0/aopalliance-1.0.jar, /root/./workspace/google/error-prone/389476630/.m2/com/google/inject/extensions/guice-assistedinject/4.0-beta5/guice-assistedinject-4.0-beta5.jar, /root/./workspace/google/error-prone/389476630/.m2/com/google/inject/extensions/guice-servlet/4.0-beta5/guice-servlet-4.0-beta5.jar, /root/./workspace/google/error-prone/389476630/.m2/com/google/gwt/inject/gin/2.1.2/gin-2.1.2.jar, /root/./workspace/google/error-prone/389476630/.m2/org/mockito/mockito-core/2.0.3-beta/mockito-core-2.0.3-beta.jar, /root/./workspace/google/error-prone/389476630/.m2/org/objenesis/objenesis/2.1/objenesis-2.1.jar, /root/./workspace/google/error-prone/389476630/.m2/org/jmock/jmock/2.8.0/jmock-2.8.0.jar, /root/./workspace/google/error-prone/389476630/.m2/cglib/cglib-nodep/3.1/cglib-nodep-3.1.jar, /root/./workspace/google/error-prone/389476630/.m2/org/ow2/asm/asm/5.0.3/asm-5.0.3.jar, /root/./workspace/google/error-prone/389476630/.m2/org/beanshell/bsh/1.3.0/bsh-1.3.0.jar, /root/./workspace/google/error-prone/389476630/.m2/org/jmock/jmock-junit4/2.8.0/jmock-junit4-2.8.0.jar, /root/./workspace/google/error-prone/389476630/.m2/com/google/protobuf/protobuf-java/3.4.0/protobuf-java-3.4.0.jar, /root/./workspace/google/error-prone/389476630/.m2/com/google/dagger/dagger/2.14.1/dagger-2.14.1.jar, /root/./workspace/google/error-prone/389476630/.m2/com/google/dagger/dagger-producers/2.14.1/dagger-producers-2.14.1.jar, /root/./workspace/google/error-prone/389476630/.m2/org/checkerframework/checker-compat-qual/2.3.0/checker-compat-qual-2.3.0.jar, /root/./workspace/google/error-prone/389476630/.m2/com/google/auto/factory/auto-factory/1.0-beta5/auto-factory-1.0-beta5.jar, /root/./workspace/google/error-prone/389476630/.m2/com/squareup/javapoet/1.7.0/javapoet-1.7.0.jar, /root/./workspace/google/error-prone/389476630/.m2/com/google/guava/guava-testlib/23.5-jre/guava-testlib-23.5-jre.jar, /root/./workspace/google/error-prone/389476630/.m2/com/google/testing/compile/compile-testing/0.15/compile-testing-0.15.jar, /usr/lib/jvm/java-8-openjdk-amd64/jre/../lib/tools.jar, /root/./workspace/google/error-prone/389476630/.m2/com/ibm/icu/icu4j/56.1/icu4j-56.1.jar, /root/./workspace/google/error-prone/389476630/.m2/com/google/auto/service/auto-service/1.0-rc4/auto-service-1.0-rc4.jar, /root/./workspace/google/error-prone/389476630/.m2/io/netty/netty-all/4.1.12.Final/netty-all-4.1.12.Final.jar, /root/./workspace/google/error-prone/389476630/.m2/joda-time/joda-time/2.9.4/joda-time-2.9.4.jar, /root/./workspace/google/error-prone/389476630/.m2/com/google/common/html/types/proto/1.0.0/proto-1.0.0.jar, /root/./workspace/google/error-prone/389476630/.m2/com/google/common/html/types/types/1.0.5/types-1.0.5.jar, /root/./workspace/google/error-prone/389476630/.m2/com/google/gwt/gwt-user/2.8.0-beta1/gwt-user-2.8.0-beta1.jar, /root/./workspace/google/error-prone/389476630/.m2/javax/validation/validation-api/1.0.0.GA/validation-api-1.0.0.GA.jar, /root/./workspace/google/error-prone/389476630/.m2/javax/validation/validation-api/1.0.0.GA/validation-api-1.0.0.GA-sources.jar, /root/./workspace/google/error-prone/389476630/.m2/javax/annotation/jsr250-api/1.0/jsr250-api-1.0.jar, /root/./workspace/google/error-prone/389476630/.m2/com/android/support/support-annotations/27.0.0/support-annotations-27.0.0.jar, /root/./workspace/google/error-prone/389476630/.m2/org/assertj/assertj-core/3.9.0/assertj-core-3.9.0.jar, ., doesnotexist.jar]
was [/root/workspace/google/error-prone/389476630/core/target/test-classes, /root/workspace/google/error-prone/389476630/core/target/classes, /root/workspace/google/error-prone/389476630/annotation/target/classes, /root/workspace/google/error-prone/389476630/type_annotations/target/classes, /root/workspace/google/error-prone/389476630/check_api/target/classes, /root/./workspace/google/error-prone/389476630/.m2/com/googlecode/java-diff-utils/diffutils/1.3.0/diffutils-1.3.0.jar, /root/./workspace/google/error-prone/389476630/.m2/com/github/kevinstern/software-and-algorithms/1.0/software-and-algorithms-1.0.jar, /root/workspace/google/error-prone/389476630/test_helpers/target/classes, /root/./workspace/google/error-prone/389476630/.m2/com/google/googlejavaformat/google-java-format/1.4/google-java-format-1.4.jar, /root/./workspace/google/error-prone/389476630/.m2/com/google/errorprone/javac-shaded/9-dev-r4023-3/javac-shaded-9-dev-r4023-3.jar, /root/./workspace/google/error-prone/389476630/.m2/com/google/jimfs/jimfs/1.1/jimfs-1.1.jar, /root/./workspace/google/error-prone/389476630/.m2/com/github/stephenc/jcip/jcip-annotations/1.0-1/jcip-annotations-1.0-1.jar, /root/./workspace/google/error-prone/389476630/.m2/org/pcollections/pcollections/2.1.2/pcollections-2.1.2.jar, /root/./workspace/google/error-prone/389476630/.m2/com/google/guava/guava/23.5-jre/guava-23.5-jre.jar, /root/./workspace/google/error-prone/389476630/.m2/org/checkerframework/checker-qual/2.0.0/checker-qual-2.0.0.jar, /root/./workspace/google/error-prone/389476630/.m2/com/google/j2objc/j2objc-annotations/1.1/j2objc-annotations-1.1.jar, /root/./workspace/google/error-prone/389476630/.m2/org/codehaus/mojo/animal-sniffer-annotations/1.14/animal-sniffer-annotations-1.14.jar, /root/./workspace/google/error-prone/389476630/.m2/com/google/auto/auto-common/0.10/auto-common-0.10.jar, /root/./workspace/google/error-prone/389476630/.m2/com/google/code/findbugs/jFormatString/3.0.0/jFormatString-3.0.0.jar, /root/./workspace/google/error-prone/389476630/.m2/com/google/code/findbugs/jsr305/3.0.0/jsr305-3.0.0.jar, /root/./workspace/google/error-prone/389476630/.m2/org/checkerframework/dataflow/2.5.0/dataflow-2.5.0.jar, /root/./workspace/google/error-prone/389476630/.m2/org/checkerframework/javacutil/2.5.0/javacutil-2.5.0.jar, /root/./workspace/google/error-prone/389476630/.m2/com/google/errorprone/javac/9+181-r4173-1/javac-9+181-r4173-1.jar, /root/./workspace/google/error-prone/389476630/.m2/com/google/auto/value/auto-value/1.5.3/auto-value-1.5.3.jar, /root/workspace/google/error-prone/389476630/annotations/target/classes, /root/./workspace/google/error-prone/389476630/.m2/junit/junit/4.13-SNAPSHOT/junit-4.13-SNAPSHOT.jar, /root/./workspace/google/error-prone/389476630/.m2/org/hamcrest/hamcrest-core/1.3/hamcrest-core-1.3.jar, /root/./workspace/google/error-prone/389476630/.m2/org/hamcrest/hamcrest-library/1.3/hamcrest-library-1.3.jar, /root/./workspace/google/error-prone/389476630/.m2/com/google/truth/truth/0.36/truth-0.36.jar, /root/./workspace/google/error-prone/389476630/.m2/com/google/truth/extensions/truth-java8-extension/0.36/truth-java8-extension-0.36.jar, /root/./workspace/google/error-prone/389476630/.m2/com/google/inject/guice/4.0-beta5/guice-4.0-beta5.jar, /root/./workspace/google/error-prone/389476630/.m2/javax/inject/javax.inject/1/javax.inject-1.jar, /root/./workspace/google/error-prone/389476630/.m2/aopalliance/aopalliance/1.0/aopalliance-1.0.jar, /root/./workspace/google/error-prone/389476630/.m2/com/google/inject/extensions/guice-assistedinject/4.0-beta5/guice-assistedinject-4.0-beta5.jar, /root/./workspace/google/error-prone/389476630/.m2/com/google/inject/extensions/guice-servlet/4.0-beta5/guice-servlet-4.0-beta5.jar, /root/./workspace/google/error-prone/389476630/.m2/com/google/gwt/inject/gin/2.1.2/gin-2.1.2.jar, /root/./workspace/google/error-prone/389476630/.m2/org/mockito/mockito-core/2.0.3-beta/mockito-core-2.0.3-beta.jar, /root/./workspace/google/error-prone/389476630/.m2/org/objenesis/objenesis/2.1/objenesis-2.1.jar, /root/./workspace/google/error-prone/389476630/.m2/org/jmock/jmock/2.8.0/jmock-2.8.0.jar, /root/./workspace/google/error-prone/389476630/.m2/cglib/cglib-nodep/3.1/cglib-nodep-3.1.jar, /root/./workspace/google/error-prone/389476630/.m2/org/ow2/asm/asm/5.0.3/asm-5.0.3.jar, /root/./workspace/google/error-prone/389476630/.m2/org/beanshell/bsh/1.3.0/bsh-1.3.0.jar, /root/./workspace/google/error-prone/389476630/.m2/org/jmock/jmock-junit4/2.8.0/jmock-junit4-2.8.0.jar, /root/./workspace/google/error-prone/389476630/.m2/com/google/protobuf/protobuf-java/3.4.0/protobuf-java-3.4.0.jar, /root/./workspace/google/error-prone/389476630/.m2/com/google/dagger/dagger/2.14.1/dagger-2.14.1.jar, /root/./workspace/google/error-prone/389476630/.m2/com/google/dagger/dagger-producers/2.14.1/dagger-producers-2.14.1.jar, /root/./workspace/google/error-prone/389476630/.m2/org/checkerframework/checker-compat-qual/2.3.0/checker-compat-qual-2.3.0.jar, /root/./workspace/google/error-prone/389476630/.m2/com/google/auto/factory/auto-factory/1.0-beta5/auto-factory-1.0-beta5.jar, /root/./workspace/google/error-prone/389476630/.m2/com/squareup/javapoet/1.7.0/javapoet-1.7.0.jar, /root/./workspace/google/error-prone/389476630/.m2/com/google/guava/guava-testlib/23.5-jre/guava-testlib-23.5-jre.jar, /root/./workspace/google/error-prone/389476630/.m2/com/google/testing/compile/compile-testing/0.15/compile-testing-0.15.jar, /usr/lib/jvm/java-8-openjdk-amd64/jre/../lib/tools.jar, /root/./workspace/google/error-prone/389476630/.m2/com/ibm/icu/icu4j/56.1/icu4j-56.1.jar, /root/./workspace/google/error-prone/389476630/.m2/com/google/auto/service/auto-service/1.0-rc4/auto-service-1.0-rc4.jar, /root/./workspace/google/error-prone/389476630/.m2/io/netty/netty-all/4.1.12.Final/netty-all-4.1.12.Final.jar, /root/./workspace/google/error-prone/389476630/.m2/joda-time/joda-time/2.9.4/joda-time-2.9.4.jar, /root/./workspace/google/error-prone/389476630/.m2/com/google/common/html/types/proto/1.0.0/proto-1.0.0.jar, /root/./workspace/google/error-prone/389476630/.m2/com/google/common/html/types/types/1.0.5/types-1.0.5.jar, /root/./workspace/google/error-prone/389476630/.m2/com/google/gwt/gwt-user/2.8.0-beta1/gwt-user-2.8.0-beta1.jar, /root/./workspace/google/error-prone/389476630/.m2/javax/validation/validation-api/1.0.0.GA/validation-api-1.0.0.GA.jar, /root/./workspace/google/error-prone/389476630/.m2/javax/validation/validation-api/1.0.0.GA/validation-api-1.0.0.GA-sources.jar, /root/./workspace/google/error-prone/389476630/.m2/javax/annotation/jsr250-api/1.0/jsr250-api-1.0.jar, /root/./workspace/google/error-prone/389476630/.m2/com/android/support/support-annotations/27.0.0/support-annotations-27.0.0.jar, /root/./workspace/google/error-prone/389476630/.m2/org/assertj/assertj-core/3.9.0/assertj-core-3.9.0.jar, ., doesnotexist.jar]
now [/root/workspace/google/error-prone/389476630/core/target/test-classes, /root/workspace/google/error-prone/389476630/core/target/classes, /root/workspace/google/error-prone/389476630/annotation/target/classes, /root/workspace/google/error-prone/389476630/type_annotations/target/classes, /root/workspace/google/error-prone/389476630/check_api/target/classes, /root/./workspace/google/error-prone/389476630/.m2/com/googlecode/java-diff-utils/diffutils/1.3.0/diffutils-1.3.0.jar, /root/./workspace/google/error-prone/389476630/.m2/com/github/kevinstern/software-and-algorithms/1.0/software-and-algorithms-1.0.jar, /root/workspace/google/error-prone/389476630/test_helpers/target/classes, /root/./workspace/google/error-prone/389476630/.m2/com/google/googlejavaformat/google-java-format/1.4/google-java-format-1.4.jar, /root/./workspace/google/error-prone/389476630/.m2/com/google/errorprone/javac-shaded/9-dev-r4023-3/javac-shaded-9-dev-r4023-3.jar, /root/./workspace/google/error-prone/389476630/.m2/com/google/jimfs/jimfs/1.1/jimfs-1.1.jar, /root/./workspace/google/error-prone/389476630/.m2/com/github/stephenc/jcip/jcip-annotations/1.0-1/jcip-annotations-1.0-1.jar, /root/./workspace/google/error-prone/389476630/.m2/org/pcollections/pcollections/2.1.2/pcollections-2.1.2.jar, /root/./workspace/google/error-prone/389476630/.m2/com/google/guava/guava/23.5-jre/guava-23.5-jre.jar, /root/./workspace/google/error-prone/389476630/.m2/org/checkerframework/checker-qual/2.0.0/checker-qual-2.0.0.jar, /root/./workspace/google/error-prone/389476630/.m2/com/google/j2objc/j2objc-annotations/1.1/j2objc-annotations-1.1.jar, /root/./workspace/google/error-prone/389476630/.m2/org/codehaus/mojo/animal-sniffer-annotations/1.14/animal-sniffer-annotations-1.14.jar, /root/./workspace/google/error-prone/389476630/.m2/com/google/auto/auto-common/0.10/auto-common-0.10.jar, /root/./workspace/google/error-prone/389476630/.m2/com/google/code/findbugs/jFormatString/3.0.0/jFormatString-3.0.0.jar, /root/./workspace/google/error-prone/389476630/.m2/com/google/code/findbugs/jsr305/3.0.0/jsr305-3.0.0.jar, /root/./workspace/google/error-prone/389476630/.m2/org/checkerframework/dataflow/2.5.0/dataflow-2.5.0.jar, /root/./workspace/google/error-prone/389476630/.m2/org/checkerframework/javacutil/2.5.0/javacutil-2.5.0.jar, /root/./workspace/google/error-prone/389476630/.m2/com/google/errorprone/javac/9+181-r4173-1/javac-9+181-r4173-1.jar, /root/./workspace/google/error-prone/389476630/.m2/com/google/auto/value/auto-value/1.5.3/auto-value-1.5.3.jar, /root/workspace/google/error-prone/389476630/annotations/target/classes, /root/./workspace/google/error-prone/389476630/.m2/junit/junit/4.13-SNAPSHOT/junit-4.13-SNAPSHOT.jar, /root/./workspace/google/error-prone/389476630/.m2/org/hamcrest/hamcrest-core/1.3/hamcrest-core-1.3.jar, /root/./workspace/google/error-prone/389476630/.m2/org/hamcrest/hamcrest-library/1.3/hamcrest-library-1.3.jar, /root/./workspace/google/error-prone/389476630/.m2/com/google/truth/truth/0.36/truth-0.36.jar, /root/./workspace/google/error-prone/389476630/.m2/com/google/truth/extensions/truth-java8-extension/0.36/truth-java8-extension-0.36.jar, /root/./workspace/google/error-prone/389476630/.m2/com/google/inject/guice/4.0-beta5/guice-4.0-beta5.jar, /root/./workspace/google/error-prone/389476630/.m2/javax/inject/javax.inject/1/javax.inject-1.jar, /root/./workspace/google/error-prone/389476630/.m2/aopalliance/aopalliance/1.0/aopalliance-1.0.jar, /root/./workspace/google/error-prone/389476630/.m2/com/google/inject/extensions/guice-assistedinject/4.0-beta5/guice-assistedinject-4.0-beta5.jar, /root/./workspace/google/error-prone/389476630/.m2/com/google/inject/extensions/guice-servlet/4.0-beta5/guice-servlet-4.0-beta5.jar, /root/./workspace/google/error-prone/389476630/.m2/com/google/gwt/inject/gin/2.1.2/gin-2.1.2.jar, /root/./workspace/google/error-prone/389476630/.m2/org/mockito/mockito-core/2.0.3-beta/mockito-core-2.0.3-beta.jar, /root/./workspace/google/error-prone/389476630/.m2/org/objenesis/objenesis/2.1/objenesis-2.1.jar, /root/./workspace/google/error-prone/389476630/.m2/org/jmock/jmock/2.8.0/jmock-2.8.0.jar, /root/./workspace/google/error-prone/389476630/.m2/cglib/cglib-nodep/3.1/cglib-nodep-3.1.jar, /root/./workspace/google/error-prone/389476630/.m2/org/ow2/asm/asm/5.0.3/asm-5.0.3.jar, /root/./workspace/google/error-prone/389476630/.m2/org/beanshell/bsh/1.3.0/bsh-1.3.0.jar, /root/./workspace/google/error-prone/389476630/.m2/org/jmock/jmock-junit4/2.8.0/jmock-junit4-2.8.0.jar, /root/./workspace/google/error-prone/389476630/.m2/com/google/protobuf/protobuf-java/3.4.0/protobuf-java-3.4.0.jar, /root/./workspace/google/error-prone/389476630/.m2/com/google/dagger/dagger/2.14.1/dagger-2.14.1.jar, /root/./workspace/google/error-prone/389476630/.m2/com/google/dagger/dagger-producers/2.14.1/dagger-producers-2.14.1.jar, /root/./workspace/google/error-prone/389476630/.m2/org/checkerframework/checker-compat-qual/2.3.0/checker-compat-qual-2.3.0.jar, /root/./workspace/google/error-prone/389476630/.m2/com/google/auto/factory/auto-factory/1.0-beta5/auto-factory-1.0-beta5.jar, /root/./workspace/google/error-prone/389476630/.m2/com/squareup/javapoet/1.7.0/javapoet-1.7.0.jar, /root/./workspace/google/error-prone/389476630/.m2/com/google/guava/guava-testlib/23.5-jre/guava-testlib-23.5-jre.jar, /root/./workspace/google/error-prone/389476630/.m2/com/google/testing/compile/compile-testing/0.15/compile-testing-0.15.jar, /usr/lib/jvm/java-8-openjdk-amd64/jre/../lib/tools.jar, /root/./workspace/google/error-prone/389476630/.m2/com/ibm/icu/icu4j/56.1/icu4j-56.1.jar, /root/./workspace/google/error-prone/389476630/.m2/com/google/auto/service/auto-service/1.0-rc4/auto-service-1.0-rc4.jar, /root/./workspace/google/error-prone/389476630/.m2/io/netty/netty-all/4.1.12.Final/netty-all-4.1.12.Final.jar, /root/./workspace/google/error-prone/389476630/.m2/joda-time/joda-time/2.9.4/joda-time-2.9.4.jar, /root/./workspace/google/error-prone/389476630/.m2/com/google/common/html/types/proto/1.0.0/proto-1.0.0.jar, /root/./workspace/google/error-prone/389476630/.m2/com/google/common/html/types/types/1.0.5/types-1.0.5.jar, /root/./workspace/google/error-prone/389476630/.m2/com/google/gwt/gwt-user/2.8.0-beta1/gwt-user-2.8.0-beta1.jar, /root/./workspace/google/error-prone/389476630/.m2/javax/validation/validation-api/1.0.0.GA/validation-api-1.0.0.GA.jar, /root/./workspace/google/error-prone/389476630/.m2/javax/validation/validation-api/1.0.0.GA/validation-api-1.0.0.GA-sources.jar, /root/./workspace/google/error-prone/389476630/.m2/javax/annotation/jsr250-api/1.0/jsr250-api-1.0.jar, /root/./workspace/google/error-prone/389476630/.m2/com/android/support/support-annotations/27.0.0/support-annotations-27.0.0.jar, /root/./workspace/google/error-prone/389476630/.m2/org/assertj/assertj-core/3.9.0/assertj-core-3.9.0.jar, ., doesnotexist.jar, /tmp/junit2343026105963872370/junit9075865434496157382/output.jar]
was [/root/workspace/google/error-prone/389476630/core/target/test-classes, /root/workspace/google/error-prone/389476630/core/target/classes, /root/workspace/google/error-prone/389476630/annotation/target/classes, /root/workspace/google/error-prone/389476630/type_annotations/target/classes, /root/workspace/google/error-prone/389476630/check_api/target/classes, /root/./workspace/google/error-prone/389476630/.m2/com/googlecode/java-diff-utils/diffutils/1.3.0/diffutils-1.3.0.jar, /root/./workspace/google/error-prone/389476630/.m2/com/github/kevinstern/software-and-algorithms/1.0/software-and-algorithms-1.0.jar, /root/workspace/google/error-prone/389476630/test_helpers/target/classes, /root/./workspace/google/error-prone/389476630/.m2/com/google/googlejavaformat/google-java-format/1.4/google-java-format-1.4.jar, /root/./workspace/google/error-prone/389476630/.m2/com/google/errorprone/javac-shaded/9-dev-r4023-3/javac-shaded-9-dev-r4023-3.jar, /root/./workspace/google/error-prone/389476630/.m2/com/google/jimfs/jimfs/1.1/jimfs-1.1.jar, /root/./workspace/google/error-prone/389476630/.m2/com/github/stephenc/jcip/jcip-annotations/1.0-1/jcip-annotations-1.0-1.jar, /root/./workspace/google/error-prone/389476630/.m2/org/pcollections/pcollections/2.1.2/pcollections-2.1.2.jar, /root/./workspace/google/error-prone/389476630/.m2/com/google/guava/guava/23.5-jre/guava-23.5-jre.jar, /root/./workspace/google/error-prone/389476630/.m2/org/checkerframework/checker-qual/2.0.0/checker-qual-2.0.0.jar, /root/./workspace/google/error-prone/389476630/.m2/com/google/j2objc/j2objc-annotations/1.1/j2objc-annotations-1.1.jar, /root/./workspace/google/error-prone/389476630/.m2/org/codehaus/mojo/animal-sniffer-annotations/1.14/animal-sniffer-annotations-1.14.jar, /root/./workspace/google/error-prone/389476630/.m2/com/google/auto/auto-common/0.10/auto-common-0.10.jar, /root/./workspace/google/error-prone/389476630/.m2/com/google/code/findbugs/jFormatString/3.0.0/jFormatString-3.0.0.jar, /root/./workspace/google/error-prone/389476630/.m2/com/google/code/findbugs/jsr305/3.0.0/jsr305-3.0.0.jar, /root/./workspace/google/error-prone/389476630/.m2/org/checkerframework/dataflow/2.5.0/dataflow-2.5.0.jar, /root/./workspace/google/error-prone/389476630/.m2/org/checkerframework/javacutil/2.5.0/javacutil-2.5.0.jar, /root/./workspace/google/error-prone/389476630/.m2/com/google/errorprone/javac/9+181-r4173-1/javac-9+181-r4173-1.jar, /root/./workspace/google/error-prone/389476630/.m2/com/google/auto/value/auto-value/1.5.3/auto-value-1.5.3.jar, /root/workspace/google/error-prone/389476630/annotations/target/classes, /root/./workspace/google/error-prone/389476630/.m2/junit/junit/4.13-SNAPSHOT/junit-4.13-SNAPSHOT.jar, /root/./workspace/google/error-prone/389476630/.m2/org/hamcrest/hamcrest-core/1.3/hamcrest-core-1.3.jar, /root/./workspace/google/error-prone/389476630/.m2/org/hamcrest/hamcrest-library/1.3/hamcrest-library-1.3.jar, /root/./workspace/google/error-prone/389476630/.m2/com/google/truth/truth/0.36/truth-0.36.jar, /root/./workspace/google/error-prone/389476630/.m2/com/google/truth/extensions/truth-java8-extension/0.36/truth-java8-extension-0.36.jar, /root/./workspace/google/error-prone/389476630/.m2/com/google/inject/guice/4.0-beta5/guice-4.0-beta5.jar, /root/./workspace/google/error-prone/389476630/.m2/javax/inject/javax.inject/1/javax.inject-1.jar, /root/./workspace/google/error-prone/389476630/.m2/aopalliance/aopalliance/1.0/aopalliance-1.0.jar, /root/./workspace/google/error-prone/389476630/.m2/com/google/inject/extensions/guice-assistedinject/4.0-beta5/guice-assistedinject-4.0-beta5.jar, /root/./workspace/google/error-prone/389476630/.m2/com/google/inject/extensions/guice-servlet/4.0-beta5/guice-servlet-4.0-beta5.jar, /root/./workspace/google/error-prone/389476630/.m2/com/google/gwt/inject/gin/2.1.2/gin-2.1.2.jar, /root/./workspace/google/error-prone/389476630/.m2/org/mockito/mockito-core/2.0.3-beta/mockito-core-2.0.3-beta.jar, /root/./workspace/google/error-prone/389476630/.m2/org/objenesis/objenesis/2.1/objenesis-2.1.jar, /root/./workspace/google/error-prone/389476630/.m2/org/jmock/jmock/2.8.0/jmock-2.8.0.jar, /root/./workspace/google/error-prone/389476630/.m2/cglib/cglib-nodep/3.1/cglib-nodep-3.1.jar, /root/./workspace/google/error-prone/389476630/.m2/org/ow2/asm/asm/5.0.3/asm-5.0.3.jar, /root/./workspace/google/error-prone/389476630/.m2/org/beanshell/bsh/1.3.0/bsh-1.3.0.jar, /root/./workspace/google/error-prone/389476630/.m2/org/jmock/jmock-junit4/2.8.0/jmock-junit4-2.8.0.jar, /root/./workspace/google/error-prone/389476630/.m2/com/google/protobuf/protobuf-java/3.4.0/protobuf-java-3.4.0.jar, /root/./workspace/google/error-prone/389476630/.m2/com/google/dagger/dagger/2.14.1/dagger-2.14.1.jar, /root/./workspace/google/error-prone/389476630/.m2/com/google/dagger/dagger-producers/2.14.1/dagger-producers-2.14.1.jar, /root/./workspace/google/error-prone/389476630/.m2/org/checkerframework/checker-compat-qual/2.3.0/checker-compat-qual-2.3.0.jar, /root/./workspace/google/error-prone/389476630/.m2/com/google/auto/factory/auto-factory/1.0-beta5/auto-factory-1.0-beta5.jar, /root/./workspace/google/error-prone/389476630/.m2/com/squareup/javapoet/1.7.0/javapoet-1.7.0.jar, /root/./workspace/google/error-prone/389476630/.m2/com/google/guava/guava-testlib/23.5-jre/guava-testlib-23.5-jre.jar, /root/./workspace/google/error-prone/389476630/.m2/com/google/testing/compile/compile-testing/0.15/compile-testing-0.15.jar, /usr/lib/jvm/java-8-openjdk-amd64/jre/../lib/tools.jar, /root/./workspace/google/error-prone/389476630/.m2/com/ibm/icu/icu4j/56.1/icu4j-56.1.jar, /root/./workspace/google/error-prone/389476630/.m2/com/google/auto/service/auto-service/1.0-rc4/auto-service-1.0-rc4.jar, /root/./workspace/google/error-prone/389476630/.m2/io/netty/netty-all/4.1.12.Final/netty-all-4.1.12.Final.jar, /root/./workspace/google/error-prone/389476630/.m2/joda-time/joda-time/2.9.4/joda-time-2.9.4.jar, /root/./workspace/google/error-prone/389476630/.m2/com/google/common/html/types/proto/1.0.0/proto-1.0.0.jar, /root/./workspace/google/error-prone/389476630/.m2/com/google/common/html/types/types/1.0.5/types-1.0.5.jar, /root/./workspace/google/error-prone/389476630/.m2/com/google/gwt/gwt-user/2.8.0-beta1/gwt-user-2.8.0-beta1.jar, /root/./workspace/google/error-prone/389476630/.m2/javax/validation/validation-api/1.0.0.GA/validation-api-1.0.0.GA.jar, /root/./workspace/google/error-prone/389476630/.m2/javax/validation/validation-api/1.0.0.GA/validation-api-1.0.0.GA-sources.jar, /root/./workspace/google/error-prone/389476630/.m2/javax/annotation/jsr250-api/1.0/jsr250-api-1.0.jar, /root/./workspace/google/error-prone/389476630/.m2/com/android/support/support-annotations/27.0.0/support-annotations-27.0.0.jar, /root/./workspace/google/error-prone/389476630/.m2/org/assertj/assertj-core/3.9.0/assertj-core-3.9.0.jar, ., doesnotexist.jar, /tmp/junit2343026105963872370/junit9075865434496157382/output.jar]
now [/root/workspace/google/error-prone/389476630/core/target/test-classes, /root/workspace/google/error-prone/389476630/core/target/classes, /root/workspace/google/error-prone/389476630/annotation/target/classes, /root/workspace/google/error-prone/389476630/type_annotations/target/classes, /root/workspace/google/error-prone/389476630/check_api/target/classes, /root/./workspace/google/error-prone/389476630/.m2/com/googlecode/java-diff-utils/diffutils/1.3.0/diffutils-1.3.0.jar, /root/./workspace/google/error-prone/389476630/.m2/com/github/kevinstern/software-and-algorithms/1.0/software-and-algorithms-1.0.jar, /root/workspace/google/error-prone/389476630/test_helpers/target/classes, /root/./workspace/google/error-prone/389476630/.m2/com/google/googlejavaformat/google-java-format/1.4/google-java-format-1.4.jar, /root/./workspace/google/error-prone/389476630/.m2/com/google/errorprone/javac-shaded/9-dev-r4023-3/javac-shaded-9-dev-r4023-3.jar, /root/./workspace/google/error-prone/389476630/.m2/com/google/jimfs/jimfs/1.1/jimfs-1.1.jar, /root/./workspace/google/error-prone/389476630/.m2/com/github/stephenc/jcip/jcip-annotations/1.0-1/jcip-annotations-1.0-1.jar, /root/./workspace/google/error-prone/389476630/.m2/org/pcollections/pcollections/2.1.2/pcollections-2.1.2.jar, /root/./workspace/google/error-prone/389476630/.m2/com/google/guava/guava/23.5-jre/guava-23.5-jre.jar, /root/./workspace/google/error-prone/389476630/.m2/org/checkerframework/checker-qual/2.0.0/checker-qual-2.0.0.jar, /root/./workspace/google/error-prone/389476630/.m2/com/google/j2objc/j2objc-annotations/1.1/j2objc-annotations-1.1.jar, /root/./workspace/google/error-prone/389476630/.m2/org/codehaus/mojo/animal-sniffer-annotations/1.14/animal-sniffer-annotations-1.14.jar, /root/./workspace/google/error-prone/389476630/.m2/com/google/auto/auto-common/0.10/auto-common-0.10.jar, /root/./workspace/google/error-prone/389476630/.m2/com/google/code/findbugs/jFormatString/3.0.0/jFormatString-3.0.0.jar, /root/./workspace/google/error-prone/389476630/.m2/com/google/code/findbugs/jsr305/3.0.0/jsr305-3.0.0.jar, /root/./workspace/google/error-prone/389476630/.m2/org/checkerframework/dataflow/2.5.0/dataflow-2.5.0.jar, /root/./workspace/google/error-prone/389476630/.m2/org/checkerframework/javacutil/2.5.0/javacutil-2.5.0.jar, /root/./workspace/google/error-prone/389476630/.m2/com/google/errorprone/javac/9+181-r4173-1/javac-9+181-r4173-1.jar, /root/./workspace/google/error-prone/389476630/.m2/com/google/auto/value/auto-value/1.5.3/auto-value-1.5.3.jar, /root/workspace/google/error-prone/389476630/annotations/target/classes, /root/./workspace/google/error-prone/389476630/.m2/junit/junit/4.13-SNAPSHOT/junit-4.13-SNAPSHOT.jar, /root/./workspace/google/error-prone/389476630/.m2/org/hamcrest/hamcrest-core/1.3/hamcrest-core-1.3.jar, /root/./workspace/google/error-prone/389476630/.m2/org/hamcrest/hamcrest-library/1.3/hamcrest-library-1.3.jar, /root/./workspace/google/error-prone/389476630/.m2/com/google/truth/truth/0.36/truth-0.36.jar, /root/./workspace/google/error-prone/389476630/.m2/com/google/truth/extensions/truth-java8-extension/0.36/truth-java8-extension-0.36.jar, /root/./workspace/google/error-prone/389476630/.m2/com/google/inject/guice/4.0-beta5/guice-4.0-beta5.jar, /root/./workspace/google/error-prone/389476630/.m2/javax/inject/javax.inject/1/javax.inject-1.jar, /root/./workspace/google/error-prone/389476630/.m2/aopalliance/aopalliance/1.0/aopalliance-1.0.jar, /root/./workspace/google/error-prone/389476630/.m2/com/google/inject/extensions/guice-assistedinject/4.0-beta5/guice-assistedinject-4.0-beta5.jar, /root/./workspace/google/error-prone/389476630/.m2/com/google/inject/extensions/guice-servlet/4.0-beta5/guice-servlet-4.0-beta5.jar, /root/./workspace/google/error-prone/389476630/.m2/com/google/gwt/inject/gin/2.1.2/gin-2.1.2.jar, /root/./workspace/google/error-prone/389476630/.m2/org/mockito/mockito-core/2.0.3-beta/mockito-core-2.0.3-beta.jar, /root/./workspace/google/error-prone/389476630/.m2/org/objenesis/objenesis/2.1/objenesis-2.1.jar, /root/./workspace/google/error-prone/389476630/.m2/org/jmock/jmock/2.8.0/jmock-2.8.0.jar, /root/./workspace/google/error-prone/389476630/.m2/cglib/cglib-nodep/3.1/cglib-nodep-3.1.jar, /root/./workspace/google/error-prone/389476630/.m2/org/ow2/asm/asm/5.0.3/asm-5.0.3.jar, /root/./workspace/google/error-prone/389476630/.m2/org/beanshell/bsh/1.3.0/bsh-1.3.0.jar, /root/./workspace/google/error-prone/389476630/.m2/org/jmock/jmock-junit4/2.8.0/jmock-junit4-2.8.0.jar, /root/./workspace/google/error-prone/389476630/.m2/com/google/protobuf/protobuf-java/3.4.0/protobuf-java-3.4.0.jar, /root/./workspace/google/error-prone/389476630/.m2/com/google/dagger/dagger/2.14.1/dagger-2.14.1.jar, /root/./workspace/google/error-prone/389476630/.m2/com/google/dagger/dagger-producers/2.14.1/dagger-producers-2.14.1.jar, /root/./workspace/google/error-prone/389476630/.m2/org/checkerframework/checker-compat-qual/2.3.0/checker-compat-qual-2.3.0.jar, /root/./workspace/google/error-prone/389476630/.m2/com/google/auto/factory/auto-factory/1.0-beta5/auto-factory-1.0-beta5.jar, /root/./workspace/google/error-prone/389476630/.m2/com/squareup/javapoet/1.7.0/javapoet-1.7.0.jar, /root/./workspace/google/error-prone/389476630/.m2/com/google/guava/guava-testlib/23.5-jre/guava-testlib-23.5-jre.jar, /root/./workspace/google/error-prone/389476630/.m2/com/google/testing/compile/compile-testing/0.15/compile-testing-0.15.jar, /usr/lib/jvm/java-8-openjdk-amd64/jre/../lib/tools.jar, /root/./workspace/google/error-prone/389476630/.m2/com/ibm/icu/icu4j/56.1/icu4j-56.1.jar, /root/./workspace/google/error-prone/389476630/.m2/com/google/auto/service/auto-service/1.0-rc4/auto-service-1.0-rc4.jar, /root/./workspace/google/error-prone/389476630/.m2/io/netty/netty-all/4.1.12.Final/netty-all-4.1.12.Final.jar, /root/./workspace/google/error-prone/389476630/.m2/joda-time/joda-time/2.9.4/joda-time-2.9.4.jar, /root/./workspace/google/error-prone/389476630/.m2/com/google/common/html/types/proto/1.0.0/proto-1.0.0.jar, /root/./workspace/google/error-prone/389476630/.m2/com/google/common/html/types/types/1.0.5/types-1.0.5.jar, /root/./workspace/google/error-prone/389476630/.m2/com/google/gwt/gwt-user/2.8.0-beta1/gwt-user-2.8.0-beta1.jar, /root/./workspace/google/error-prone/389476630/.m2/javax/validation/validation-api/1.0.0.GA/validation-api-1.0.0.GA.jar, /root/./workspace/google/error-prone/389476630/.m2/javax/validation/validation-api/1.0.0.GA/validation-api-1.0.0.GA-sources.jar, /root/./workspace/google/error-prone/389476630/.m2/javax/annotation/jsr250-api/1.0/jsr250-api-1.0.jar, /root/./workspace/google/error-prone/389476630/.m2/com/android/support/support-annotations/27.0.0/support-annotations-27.0.0.jar, /root/./workspace/google/error-prone/389476630/.m2/org/assertj/assertj-core/3.9.0/assertj-core-3.9.0.jar, ., doesnotexist.jar, /tmp/junit2343026105963872370/junit9075865434496157382/output.jar, /tmp/junit2343026105963872370/junit2681638697510765213/output.jar, /tmp/junit2343026105963872370/junit9075865434496157382/output.jar]
]]></system-err>
  </testcase>
  <testcase name="movedToSuperMethodFromMiddle" classname="com.google.errorprone.bugpatterns.apidiff.ApiDiffCheckerTest" time="0.355">
    <failure message="Compilation failed unexpectedly: [parsing started SimpleFileObject[/tmp/junit1386018282301380868/junit3661016683768653512/Test.java]]&#10;[parsing completed 0ms]&#10;[search path for source files: ]&#10;[search path for class files: /root/./workspace/google/error-prone/389476630/.m2/com/google/errorprone/javac/9+181-r4173-1/javac-9+181-r4173-1.jar,/usr/lib/jvm/java-8-openjdk-amd64/jre/lib/resources.jar,/usr/lib/jvm/java-8-openjdk-amd64/jre/lib/rt.jar,/usr/lib/jvm/java-8-openjdk-amd64/jre/lib/sunrsasign.jar,/usr/lib/jvm/java-8-openjdk-amd64/jre/lib/jsse.jar,/usr/lib/jvm/java-8-openjdk-amd64/jre/lib/jce.jar,/usr/lib/jvm/java-8-openjdk-amd64/jre/lib/charsets.jar,/usr/lib/jvm/java-8-openjdk-amd64/jre/lib/jfr.jar,/usr/lib/jvm/java-8-openjdk-amd64/jre/classes,/usr/lib/jvm/java-8-openjdk-amd64/jre/lib/ext/cldrdata.jar,/usr/lib/jvm/java-8-openjdk-amd64/jre/lib/ext/dnsns.jar,/usr/lib/jvm/java-8-openjdk-amd64/jre/lib/ext/icedtea-sound.jar,/usr/lib/jvm/java-8-openjdk-amd64/jre/lib/ext/jaccess.jar,/usr/lib/jvm/java-8-openjdk-amd64/jre/lib/ext/java-atk-wrapper.jar,/usr/lib/jvm/java-8-openjdk-amd64/jre/lib/ext/localedata.jar,/usr/lib/jvm/java-8-openjdk-amd64/jre/lib/ext/nashorn.jar,/usr/lib/jvm/java-8-openjdk-amd64/jre/lib/ext/sunec.jar,/usr/lib/jvm/java-8-openjdk-amd64/jre/lib/ext/sunjce_provider.jar,/usr/lib/jvm/java-8-openjdk-amd64/jre/lib/ext/sunpkcs11.jar,/usr/lib/jvm/java-8-openjdk-amd64/jre/lib/ext/zipfs.jar,/root/workspace/google/error-prone/389476630/core/target/test-classes,/root/workspace/google/error-prone/389476630/core/target/classes,/root/workspace/google/error-prone/389476630/annotation/target/classes,/root/workspace/google/error-prone/389476630/type_annotations/target/classes,/root/workspace/google/error-prone/389476630/check_api/target/classes,/root/./workspace/google/error-prone/389476630/.m2/com/googlecode/java-diff-utils/diffutils/1.3.0/diffutils-1.3.0.jar,/root/./workspace/google/error-prone/389476630/.m2/com/github/kevinstern/software-and-algorithms/1.0/software-and-algorithms-1.0.jar,/root/workspace/google/error-prone/389476630/test_helpers/target/classes,/root/./workspace/google/error-prone/389476630/.m2/com/google/googlejavaformat/google-java-format/1.4/google-java-format-1.4.jar,/root/./workspace/google/error-prone/389476630/.m2/com/google/errorprone/javac-shaded/9-dev-r4023-3/javac-shaded-9-dev-r4023-3.jar,/root/./workspace/google/error-prone/389476630/.m2/com/google/jimfs/jimfs/1.1/jimfs-1.1.jar,/root/./workspace/google/error-prone/389476630/.m2/com/github/stephenc/jcip/jcip-annotations/1.0-1/jcip-annotations-1.0-1.jar,/root/./workspace/google/error-prone/389476630/.m2/org/pcollections/pcollections/2.1.2/pcollections-2.1.2.jar,/root/./workspace/google/error-prone/389476630/.m2/com/google/guava/guava/23.5-jre/guava-23.5-jre.jar,/root/./workspace/google/error-prone/389476630/.m2/org/checkerframework/checker-qual/2.0.0/checker-qual-2.0.0.jar,/root/./workspace/google/error-prone/389476630/.m2/com/google/j2objc/j2objc-annotations/1.1/j2objc-annotations-1.1.jar,/root/./workspace/google/error-prone/389476630/.m2/org/codehaus/mojo/animal-sniffer-annotations/1.14/animal-sniffer-annotations-1.14.jar,/root/./workspace/google/error-prone/389476630/.m2/com/google/auto/auto-common/0.10/auto-common-0.10.jar,/root/./workspace/google/error-prone/389476630/.m2/com/google/code/findbugs/jFormatString/3.0.0/jFormatString-3.0.0.jar,/root/./workspace/google/error-prone/389476630/.m2/com/google/code/findbugs/jsr305/3.0.0/jsr305-3.0.0.jar,/root/./workspace/google/error-prone/389476630/.m2/org/checkerframework/dataflow/2.5.0/dataflow-2.5.0.jar,/root/./workspace/google/error-prone/389476630/.m2/org/checkerframework/javacutil/2.5.0/javacutil-2.5.0.jar,/root/./workspace/google/error-prone/389476630/.m2/com/google/errorprone/javac/9+181-r4173-1/javac-9+181-r4173-1.jar,/root/./workspace/google/error-prone/389476630/.m2/com/google/auto/value/auto-value/1.5.3/auto-value-1.5.3.jar,/root/workspace/google/error-prone/389476630/annotations/target/classes,/root/./workspace/google/error-prone/389476630/.m2/junit/junit/4.13-SNAPSHOT/junit-4.13-SNAPSHOT.jar,/root/./workspace/google/error-prone/389476630/.m2/org/hamcrest/hamcrest-core/1.3/hamcrest-core-1.3.jar,/root/./workspace/google/error-prone/389476630/.m2/org/hamcrest/hamcrest-library/1.3/hamcrest-library-1.3.jar,/root/./workspace/google/error-prone/389476630/.m2/com/google/truth/truth/0.36/truth-0.36.jar,/root/./workspace/google/error-prone/389476630/.m2/com/google/truth/extensions/truth-java8-extension/0.36/truth-java8-extension-0.36.jar,/root/./workspace/google/error-prone/389476630/.m2/com/google/inject/guice/4.0-beta5/guice-4.0-beta5.jar,/root/./workspace/google/error-prone/389476630/.m2/javax/inject/javax.inject/1/javax.inject-1.jar,/root/./workspace/google/error-prone/389476630/.m2/aopalliance/aopalliance/1.0/aopalliance-1.0.jar,/root/./workspace/google/error-prone/389476630/.m2/com/google/inject/extensions/guice-assistedinject/4.0-beta5/guice-assistedinject-4.0-beta5.jar,/root/./workspace/google/error-prone/389476630/.m2/com/google/inject/extensions/guice-servlet/4.0-beta5/guice-servlet-4.0-beta5.jar,/root/./workspace/google/error-prone/389476630/.m2/com/google/gwt/inject/gin/2.1.2/gin-2.1.2.jar,/root/./workspace/google/error-prone/389476630/.m2/org/mockito/mockito-core/2.0.3-beta/mockito-core-2.0.3-beta.jar,/root/./workspace/google/error-prone/389476630/.m2/org/objenesis/objenesis/2.1/objenesis-2.1.jar,/root/./workspace/google/error-prone/389476630/.m2/org/jmock/jmock/2.8.0/jmock-2.8.0.jar,/root/./workspace/google/error-prone/389476630/.m2/cglib/cglib-nodep/3.1/cglib-nodep-3.1.jar,/root/./workspace/google/error-prone/389476630/.m2/org/ow2/asm/asm/5.0.3/asm-5.0.3.jar,/root/./workspace/google/error-prone/389476630/.m2/org/beanshell/bsh/1.3.0/bsh-1.3.0.jar,/root/./workspace/google/error-prone/389476630/.m2/org/jmock/jmock-junit4/2.8.0/jmock-junit4-2.8.0.jar,/root/./workspace/google/error-prone/389476630/.m2/com/google/protobuf/protobuf-java/3.4.0/protobuf-java-3.4.0.jar,/root/./workspace/google/error-prone/389476630/.m2/com/google/dagger/dagger/2.14.1/dagger-2.14.1.jar,/root/./workspace/google/error-prone/389476630/.m2/com/google/dagger/dagger-producers/2.14.1/dagger-producers-2.14.1.jar,/root/./workspace/google/error-prone/389476630/.m2/org/checkerframework/checker-compat-qual/2.3.0/checker-compat-qual-2.3.0.jar,/root/./workspace/google/error-prone/389476630/.m2/com/google/auto/factory/auto-factory/1.0-beta5/auto-factory-1.0-beta5.jar,/root/./workspace/google/error-prone/389476630/.m2/com/squareup/javapoet/1.7.0/javapoet-1.7.0.jar,/root/./workspace/google/error-prone/389476630/.m2/com/google/guava/guava-testlib/23.5-jre/guava-testlib-23.5-jre.jar,/root/./workspace/google/error-prone/389476630/.m2/com/google/testing/compile/compile-testing/0.15/compile-testing-0.15.jar,/usr/lib/jvm/java-8-openjdk-amd64/jre/../lib/tools.jar,/root/./workspace/google/error-prone/389476630/.m2/com/ibm/icu/icu4j/56.1/icu4j-56.1.jar,/root/./workspace/google/error-prone/389476630/.m2/com/google/auto/service/auto-service/1.0-rc4/auto-service-1.0-rc4.jar,/root/./workspace/google/error-prone/389476630/.m2/io/netty/netty-all/4.1.12.Final/netty-all-4.1.12.Final.jar,/root/./workspace/google/error-prone/389476630/.m2/joda-time/joda-time/2.9.4/joda-time-2.9.4.jar,/root/./workspace/google/error-prone/389476630/.m2/com/google/common/html/types/proto/1.0.0/proto-1.0.0.jar,/root/./workspace/google/error-prone/389476630/.m2/com/google/common/html/types/types/1.0.5/types-1.0.5.jar,/root/./workspace/google/error-prone/389476630/.m2/com/google/gwt/gwt-user/2.8.0-beta1/gwt-user-2.8.0-beta1.jar,/root/./workspace/google/error-prone/389476630/.m2/javax/validation/validation-api/1.0.0.GA/validation-api-1.0.0.GA.jar,/root/./workspace/google/error-prone/389476630/.m2/javax/validation/validation-api/1.0.0.GA/validation-api-1.0.0.GA-sources.jar,/root/./workspace/google/error-prone/389476630/.m2/javax/annotation/jsr250-api/1.0/jsr250-api-1.0.jar,/root/./workspace/google/error-prone/389476630/.m2/com/android/support/support-annotations/27.0.0/support-annotations-27.0.0.jar,/root/./workspace/google/error-prone/389476630/.m2/org/assertj/assertj-core/3.9.0/assertj-core-3.9.0.jar,.,doesnotexist.jar,/tmp/junit1386018282301380868/junit3293961757028746230/output.jar]&#10;[loading /usr/lib/jvm/java-8-openjdk-amd64/jre/lib/rt.jar(/java/lang/Object.class)]&#10;[loading /tmp/junit1386018282301380868/junit3293961757028746230/output.jar(/lib/C.class)]&#10;[checking Test]&#10;[loading /usr/lib/jvm/java-8-openjdk-amd64/jre/lib/rt.jar(/java/io/Serializable.class)]&#10;[loading /usr/lib/jvm/java-8-openjdk-amd64/jre/lib/rt.jar(/java/lang/AutoCloseable.class)]&#10;[loading /usr/lib/jvm/java-8-openjdk-amd64/jre/lib/rt.jar(/java/lang/Deprecated.class)]&#10;[loading /usr/lib/jvm/java-8-openjdk-amd64/jre/lib/rt.jar(/java/lang/annotation/Retention.class)]&#10;[loading /usr/lib/jvm/java-8-openjdk-amd64/jre/lib/rt.jar(/java/lang/annotation/RetentionPolicy.class)]&#10;[loading /usr/lib/jvm/java-8-openjdk-amd64/jre/lib/rt.jar(/java/lang/annotation/Target.class)]&#10;[loading /usr/lib/jvm/java-8-openjdk-amd64/jre/lib/rt.jar(/java/lang/annotation/ElementType.class)]&#10;[loading /tmp/junit1386018282301380868/junit3293961757028746230/output.jar(/lib/B.class)]&#10;[loading /tmp/junit1386018282301380868/junit3293961757028746230/output.jar(/lib/A.class)]&#10;[loading /usr/lib/jvm/java-8-openjdk-amd64/jre/lib/rt.jar(/javax/annotation/Generated.class)]&#10;[loading /root/./workspace/google/error-prone/389476630/.m2/com/google/errorprone/javac/9+181-r4173-1/javac-9+181-r4173-1.jar(/javax/annotation/processing/Generated.class)]&#10;[total 22ms]&#10;: /tmp/junit1386018282301380868/junit3661016683768653512/Test.java:4: error: [SampleChecker] lib.A#f() is not available in lib.C&#10;    c.f();&#10;     ^&#10;    (see https://errorprone.info/bugpattern/SampleChecker.md) (&lt;false&gt;) was expected to be true, but was false" type="java.lang.AssertionError"><![CDATA[java.lang.AssertionError: 
Compilation failed unexpectedly: [parsing started SimpleFileObject[/tmp/junit1386018282301380868/junit3661016683768653512/Test.java]]
[parsing completed 0ms]
[search path for source files: ]
[search path for class files: /root/./workspace/google/error-prone/389476630/.m2/com/google/errorprone/javac/9+181-r4173-1/javac-9+181-r4173-1.jar,/usr/lib/jvm/java-8-openjdk-amd64/jre/lib/resources.jar,/usr/lib/jvm/java-8-openjdk-amd64/jre/lib/rt.jar,/usr/lib/jvm/java-8-openjdk-amd64/jre/lib/sunrsasign.jar,/usr/lib/jvm/java-8-openjdk-amd64/jre/lib/jsse.jar,/usr/lib/jvm/java-8-openjdk-amd64/jre/lib/jce.jar,/usr/lib/jvm/java-8-openjdk-amd64/jre/lib/charsets.jar,/usr/lib/jvm/java-8-openjdk-amd64/jre/lib/jfr.jar,/usr/lib/jvm/java-8-openjdk-amd64/jre/classes,/usr/lib/jvm/java-8-openjdk-amd64/jre/lib/ext/cldrdata.jar,/usr/lib/jvm/java-8-openjdk-amd64/jre/lib/ext/dnsns.jar,/usr/lib/jvm/java-8-openjdk-amd64/jre/lib/ext/icedtea-sound.jar,/usr/lib/jvm/java-8-openjdk-amd64/jre/lib/ext/jaccess.jar,/usr/lib/jvm/java-8-openjdk-amd64/jre/lib/ext/java-atk-wrapper.jar,/usr/lib/jvm/java-8-openjdk-amd64/jre/lib/ext/localedata.jar,/usr/lib/jvm/java-8-openjdk-amd64/jre/lib/ext/nashorn.jar,/usr/lib/jvm/java-8-openjdk-amd64/jre/lib/ext/sunec.jar,/usr/lib/jvm/java-8-openjdk-amd64/jre/lib/ext/sunjce_provider.jar,/usr/lib/jvm/java-8-openjdk-amd64/jre/lib/ext/sunpkcs11.jar,/usr/lib/jvm/java-8-openjdk-amd64/jre/lib/ext/zipfs.jar,/root/workspace/google/error-prone/389476630/core/target/test-classes,/root/workspace/google/error-prone/389476630/core/target/classes,/root/workspace/google/error-prone/389476630/annotation/target/classes,/root/workspace/google/error-prone/389476630/type_annotations/target/classes,/root/workspace/google/error-prone/389476630/check_api/target/classes,/root/./workspace/google/error-prone/389476630/.m2/com/googlecode/java-diff-utils/diffutils/1.3.0/diffutils-1.3.0.jar,/root/./workspace/google/error-prone/389476630/.m2/com/github/kevinstern/software-and-algorithms/1.0/software-and-algorithms-1.0.jar,/root/workspace/google/error-prone/389476630/test_helpers/target/classes,/root/./workspace/google/error-prone/389476630/.m2/com/google/googlejavaformat/google-java-format/1.4/google-java-format-1.4.jar,/root/./workspace/google/error-prone/389476630/.m2/com/google/errorprone/javac-shaded/9-dev-r4023-3/javac-shaded-9-dev-r4023-3.jar,/root/./workspace/google/error-prone/389476630/.m2/com/google/jimfs/jimfs/1.1/jimfs-1.1.jar,/root/./workspace/google/error-prone/389476630/.m2/com/github/stephenc/jcip/jcip-annotations/1.0-1/jcip-annotations-1.0-1.jar,/root/./workspace/google/error-prone/389476630/.m2/org/pcollections/pcollections/2.1.2/pcollections-2.1.2.jar,/root/./workspace/google/error-prone/389476630/.m2/com/google/guava/guava/23.5-jre/guava-23.5-jre.jar,/root/./workspace/google/error-prone/389476630/.m2/org/checkerframework/checker-qual/2.0.0/checker-qual-2.0.0.jar,/root/./workspace/google/error-prone/389476630/.m2/com/google/j2objc/j2objc-annotations/1.1/j2objc-annotations-1.1.jar,/root/./workspace/google/error-prone/389476630/.m2/org/codehaus/mojo/animal-sniffer-annotations/1.14/animal-sniffer-annotations-1.14.jar,/root/./workspace/google/error-prone/389476630/.m2/com/google/auto/auto-common/0.10/auto-common-0.10.jar,/root/./workspace/google/error-prone/389476630/.m2/com/google/code/findbugs/jFormatString/3.0.0/jFormatString-3.0.0.jar,/root/./workspace/google/error-prone/389476630/.m2/com/google/code/findbugs/jsr305/3.0.0/jsr305-3.0.0.jar,/root/./workspace/google/error-prone/389476630/.m2/org/checkerframework/dataflow/2.5.0/dataflow-2.5.0.jar,/root/./workspace/google/error-prone/389476630/.m2/org/checkerframework/javacutil/2.5.0/javacutil-2.5.0.jar,/root/./workspace/google/error-prone/389476630/.m2/com/google/errorprone/javac/9+181-r4173-1/javac-9+181-r4173-1.jar,/root/./workspace/google/error-prone/389476630/.m2/com/google/auto/value/auto-value/1.5.3/auto-value-1.5.3.jar,/root/workspace/google/error-prone/389476630/annotations/target/classes,/root/./workspace/google/error-prone/389476630/.m2/junit/junit/4.13-SNAPSHOT/junit-4.13-SNAPSHOT.jar,/root/./workspace/google/error-prone/389476630/.m2/org/hamcrest/hamcrest-core/1.3/hamcrest-core-1.3.jar,/root/./workspace/google/error-prone/389476630/.m2/org/hamcrest/hamcrest-library/1.3/hamcrest-library-1.3.jar,/root/./workspace/google/error-prone/389476630/.m2/com/google/truth/truth/0.36/truth-0.36.jar,/root/./workspace/google/error-prone/389476630/.m2/com/google/truth/extensions/truth-java8-extension/0.36/truth-java8-extension-0.36.jar,/root/./workspace/google/error-prone/389476630/.m2/com/google/inject/guice/4.0-beta5/guice-4.0-beta5.jar,/root/./workspace/google/error-prone/389476630/.m2/javax/inject/javax.inject/1/javax.inject-1.jar,/root/./workspace/google/error-prone/389476630/.m2/aopalliance/aopalliance/1.0/aopalliance-1.0.jar,/root/./workspace/google/error-prone/389476630/.m2/com/google/inject/extensions/guice-assistedinject/4.0-beta5/guice-assistedinject-4.0-beta5.jar,/root/./workspace/google/error-prone/389476630/.m2/com/google/inject/extensions/guice-servlet/4.0-beta5/guice-servlet-4.0-beta5.jar,/root/./workspace/google/error-prone/389476630/.m2/com/google/gwt/inject/gin/2.1.2/gin-2.1.2.jar,/root/./workspace/google/error-prone/389476630/.m2/org/mockito/mockito-core/2.0.3-beta/mockito-core-2.0.3-beta.jar,/root/./workspace/google/error-prone/389476630/.m2/org/objenesis/objenesis/2.1/objenesis-2.1.jar,/root/./workspace/google/error-prone/389476630/.m2/org/jmock/jmock/2.8.0/jmock-2.8.0.jar,/root/./workspace/google/error-prone/389476630/.m2/cglib/cglib-nodep/3.1/cglib-nodep-3.1.jar,/root/./workspace/google/error-prone/389476630/.m2/org/ow2/asm/asm/5.0.3/asm-5.0.3.jar,/root/./workspace/google/error-prone/389476630/.m2/org/beanshell/bsh/1.3.0/bsh-1.3.0.jar,/root/./workspace/google/error-prone/389476630/.m2/org/jmock/jmock-junit4/2.8.0/jmock-junit4-2.8.0.jar,/root/./workspace/google/error-prone/389476630/.m2/com/google/protobuf/protobuf-java/3.4.0/protobuf-java-3.4.0.jar,/root/./workspace/google/error-prone/389476630/.m2/com/google/dagger/dagger/2.14.1/dagger-2.14.1.jar,/root/./workspace/google/error-prone/389476630/.m2/com/google/dagger/dagger-producers/2.14.1/dagger-producers-2.14.1.jar,/root/./workspace/google/error-prone/389476630/.m2/org/checkerframework/checker-compat-qual/2.3.0/checker-compat-qual-2.3.0.jar,/root/./workspace/google/error-prone/389476630/.m2/com/google/auto/factory/auto-factory/1.0-beta5/auto-factory-1.0-beta5.jar,/root/./workspace/google/error-prone/389476630/.m2/com/squareup/javapoet/1.7.0/javapoet-1.7.0.jar,/root/./workspace/google/error-prone/389476630/.m2/com/google/guava/guava-testlib/23.5-jre/guava-testlib-23.5-jre.jar,/root/./workspace/google/error-prone/389476630/.m2/com/google/testing/compile/compile-testing/0.15/compile-testing-0.15.jar,/usr/lib/jvm/java-8-openjdk-amd64/jre/../lib/tools.jar,/root/./workspace/google/error-prone/389476630/.m2/com/ibm/icu/icu4j/56.1/icu4j-56.1.jar,/root/./workspace/google/error-prone/389476630/.m2/com/google/auto/service/auto-service/1.0-rc4/auto-service-1.0-rc4.jar,/root/./workspace/google/error-prone/389476630/.m2/io/netty/netty-all/4.1.12.Final/netty-all-4.1.12.Final.jar,/root/./workspace/google/error-prone/389476630/.m2/joda-time/joda-time/2.9.4/joda-time-2.9.4.jar,/root/./workspace/google/error-prone/389476630/.m2/com/google/common/html/types/proto/1.0.0/proto-1.0.0.jar,/root/./workspace/google/error-prone/389476630/.m2/com/google/common/html/types/types/1.0.5/types-1.0.5.jar,/root/./workspace/google/error-prone/389476630/.m2/com/google/gwt/gwt-user/2.8.0-beta1/gwt-user-2.8.0-beta1.jar,/root/./workspace/google/error-prone/389476630/.m2/javax/validation/validation-api/1.0.0.GA/validation-api-1.0.0.GA.jar,/root/./workspace/google/error-prone/389476630/.m2/javax/validation/validation-api/1.0.0.GA/validation-api-1.0.0.GA-sources.jar,/root/./workspace/google/error-prone/389476630/.m2/javax/annotation/jsr250-api/1.0/jsr250-api-1.0.jar,/root/./workspace/google/error-prone/389476630/.m2/com/android/support/support-annotations/27.0.0/support-annotations-27.0.0.jar,/root/./workspace/google/error-prone/389476630/.m2/org/assertj/assertj-core/3.9.0/assertj-core-3.9.0.jar,.,doesnotexist.jar,/tmp/junit1386018282301380868/junit3293961757028746230/output.jar]
[loading /usr/lib/jvm/java-8-openjdk-amd64/jre/lib/rt.jar(/java/lang/Object.class)]
[loading /tmp/junit1386018282301380868/junit3293961757028746230/output.jar(/lib/C.class)]
[checking Test]
[loading /usr/lib/jvm/java-8-openjdk-amd64/jre/lib/rt.jar(/java/io/Serializable.class)]
[loading /usr/lib/jvm/java-8-openjdk-amd64/jre/lib/rt.jar(/java/lang/AutoCloseable.class)]
[loading /usr/lib/jvm/java-8-openjdk-amd64/jre/lib/rt.jar(/java/lang/Deprecated.class)]
[loading /usr/lib/jvm/java-8-openjdk-amd64/jre/lib/rt.jar(/java/lang/annotation/Retention.class)]
[loading /usr/lib/jvm/java-8-openjdk-amd64/jre/lib/rt.jar(/java/lang/annotation/RetentionPolicy.class)]
[loading /usr/lib/jvm/java-8-openjdk-amd64/jre/lib/rt.jar(/java/lang/annotation/Target.class)]
[loading /usr/lib/jvm/java-8-openjdk-amd64/jre/lib/rt.jar(/java/lang/annotation/ElementType.class)]
[loading /tmp/junit1386018282301380868/junit3293961757028746230/output.jar(/lib/B.class)]
[loading /tmp/junit1386018282301380868/junit3293961757028746230/output.jar(/lib/A.class)]
[loading /usr/lib/jvm/java-8-openjdk-amd64/jre/lib/rt.jar(/javax/annotation/Generated.class)]
[loading /root/./workspace/google/error-prone/389476630/.m2/com/google/errorprone/javac/9+181-r4173-1/javac-9+181-r4173-1.jar(/javax/annotation/processing/Generated.class)]
[total 22ms]
: /tmp/junit1386018282301380868/junit3661016683768653512/Test.java:4: error: [SampleChecker] lib.A#f() is not available in lib.C
    c.f();
     ^
    (see https://errorprone.info/bugpattern/SampleChecker.md) (<false>) was expected to be true, but was false
	at com.google.errorprone.bugpatterns.apidiff.ApiDiffCheckerTest.movedToSuperMethodFromMiddle(ApiDiffCheckerTest.java:323)
]]></failure>
    <system-err><![CDATA[was [/root/workspace/google/error-prone/389476630/core/target/test-classes, /root/workspace/google/error-prone/389476630/core/target/classes, /root/workspace/google/error-prone/389476630/annotation/target/classes, /root/workspace/google/error-prone/389476630/type_annotations/target/classes, /root/workspace/google/error-prone/389476630/check_api/target/classes, /root/./workspace/google/error-prone/389476630/.m2/com/googlecode/java-diff-utils/diffutils/1.3.0/diffutils-1.3.0.jar, /root/./workspace/google/error-prone/389476630/.m2/com/github/kevinstern/software-and-algorithms/1.0/software-and-algorithms-1.0.jar, /root/workspace/google/error-prone/389476630/test_helpers/target/classes, /root/./workspace/google/error-prone/389476630/.m2/com/google/googlejavaformat/google-java-format/1.4/google-java-format-1.4.jar, /root/./workspace/google/error-prone/389476630/.m2/com/google/errorprone/javac-shaded/9-dev-r4023-3/javac-shaded-9-dev-r4023-3.jar, /root/./workspace/google/error-prone/389476630/.m2/com/google/jimfs/jimfs/1.1/jimfs-1.1.jar, /root/./workspace/google/error-prone/389476630/.m2/com/github/stephenc/jcip/jcip-annotations/1.0-1/jcip-annotations-1.0-1.jar, /root/./workspace/google/error-prone/389476630/.m2/org/pcollections/pcollections/2.1.2/pcollections-2.1.2.jar, /root/./workspace/google/error-prone/389476630/.m2/com/google/guava/guava/23.5-jre/guava-23.5-jre.jar, /root/./workspace/google/error-prone/389476630/.m2/org/checkerframework/checker-qual/2.0.0/checker-qual-2.0.0.jar, /root/./workspace/google/error-prone/389476630/.m2/com/google/j2objc/j2objc-annotations/1.1/j2objc-annotations-1.1.jar, /root/./workspace/google/error-prone/389476630/.m2/org/codehaus/mojo/animal-sniffer-annotations/1.14/animal-sniffer-annotations-1.14.jar, /root/./workspace/google/error-prone/389476630/.m2/com/google/auto/auto-common/0.10/auto-common-0.10.jar, /root/./workspace/google/error-prone/389476630/.m2/com/google/code/findbugs/jFormatString/3.0.0/jFormatString-3.0.0.jar, /root/./workspace/google/error-prone/389476630/.m2/com/google/code/findbugs/jsr305/3.0.0/jsr305-3.0.0.jar, /root/./workspace/google/error-prone/389476630/.m2/org/checkerframework/dataflow/2.5.0/dataflow-2.5.0.jar, /root/./workspace/google/error-prone/389476630/.m2/org/checkerframework/javacutil/2.5.0/javacutil-2.5.0.jar, /root/./workspace/google/error-prone/389476630/.m2/com/google/errorprone/javac/9+181-r4173-1/javac-9+181-r4173-1.jar, /root/./workspace/google/error-prone/389476630/.m2/com/google/auto/value/auto-value/1.5.3/auto-value-1.5.3.jar, /root/workspace/google/error-prone/389476630/annotations/target/classes, /root/./workspace/google/error-prone/389476630/.m2/junit/junit/4.13-SNAPSHOT/junit-4.13-SNAPSHOT.jar, /root/./workspace/google/error-prone/389476630/.m2/org/hamcrest/hamcrest-core/1.3/hamcrest-core-1.3.jar, /root/./workspace/google/error-prone/389476630/.m2/org/hamcrest/hamcrest-library/1.3/hamcrest-library-1.3.jar, /root/./workspace/google/error-prone/389476630/.m2/com/google/truth/truth/0.36/truth-0.36.jar, /root/./workspace/google/error-prone/389476630/.m2/com/google/truth/extensions/truth-java8-extension/0.36/truth-java8-extension-0.36.jar, /root/./workspace/google/error-prone/389476630/.m2/com/google/inject/guice/4.0-beta5/guice-4.0-beta5.jar, /root/./workspace/google/error-prone/389476630/.m2/javax/inject/javax.inject/1/javax.inject-1.jar, /root/./workspace/google/error-prone/389476630/.m2/aopalliance/aopalliance/1.0/aopalliance-1.0.jar, /root/./workspace/google/error-prone/389476630/.m2/com/google/inject/extensions/guice-assistedinject/4.0-beta5/guice-assistedinject-4.0-beta5.jar, /root/./workspace/google/error-prone/389476630/.m2/com/google/inject/extensions/guice-servlet/4.0-beta5/guice-servlet-4.0-beta5.jar, /root/./workspace/google/error-prone/389476630/.m2/com/google/gwt/inject/gin/2.1.2/gin-2.1.2.jar, /root/./workspace/google/error-prone/389476630/.m2/org/mockito/mockito-core/2.0.3-beta/mockito-core-2.0.3-beta.jar, /root/./workspace/google/error-prone/389476630/.m2/org/objenesis/objenesis/2.1/objenesis-2.1.jar, /root/./workspace/google/error-prone/389476630/.m2/org/jmock/jmock/2.8.0/jmock-2.8.0.jar, /root/./workspace/google/error-prone/389476630/.m2/cglib/cglib-nodep/3.1/cglib-nodep-3.1.jar, /root/./workspace/google/error-prone/389476630/.m2/org/ow2/asm/asm/5.0.3/asm-5.0.3.jar, /root/./workspace/google/error-prone/389476630/.m2/org/beanshell/bsh/1.3.0/bsh-1.3.0.jar, /root/./workspace/google/error-prone/389476630/.m2/org/jmock/jmock-junit4/2.8.0/jmock-junit4-2.8.0.jar, /root/./workspace/google/error-prone/389476630/.m2/com/google/protobuf/protobuf-java/3.4.0/protobuf-java-3.4.0.jar, /root/./workspace/google/error-prone/389476630/.m2/com/google/dagger/dagger/2.14.1/dagger-2.14.1.jar, /root/./workspace/google/error-prone/389476630/.m2/com/google/dagger/dagger-producers/2.14.1/dagger-producers-2.14.1.jar, /root/./workspace/google/error-prone/389476630/.m2/org/checkerframework/checker-compat-qual/2.3.0/checker-compat-qual-2.3.0.jar, /root/./workspace/google/error-prone/389476630/.m2/com/google/auto/factory/auto-factory/1.0-beta5/auto-factory-1.0-beta5.jar, /root/./workspace/google/error-prone/389476630/.m2/com/squareup/javapoet/1.7.0/javapoet-1.7.0.jar, /root/./workspace/google/error-prone/389476630/.m2/com/google/guava/guava-testlib/23.5-jre/guava-testlib-23.5-jre.jar, /root/./workspace/google/error-prone/389476630/.m2/com/google/testing/compile/compile-testing/0.15/compile-testing-0.15.jar, /usr/lib/jvm/java-8-openjdk-amd64/jre/../lib/tools.jar, /root/./workspace/google/error-prone/389476630/.m2/com/ibm/icu/icu4j/56.1/icu4j-56.1.jar, /root/./workspace/google/error-prone/389476630/.m2/com/google/auto/service/auto-service/1.0-rc4/auto-service-1.0-rc4.jar, /root/./workspace/google/error-prone/389476630/.m2/io/netty/netty-all/4.1.12.Final/netty-all-4.1.12.Final.jar, /root/./workspace/google/error-prone/389476630/.m2/joda-time/joda-time/2.9.4/joda-time-2.9.4.jar, /root/./workspace/google/error-prone/389476630/.m2/com/google/common/html/types/proto/1.0.0/proto-1.0.0.jar, /root/./workspace/google/error-prone/389476630/.m2/com/google/common/html/types/types/1.0.5/types-1.0.5.jar, /root/./workspace/google/error-prone/389476630/.m2/com/google/gwt/gwt-user/2.8.0-beta1/gwt-user-2.8.0-beta1.jar, /root/./workspace/google/error-prone/389476630/.m2/javax/validation/validation-api/1.0.0.GA/validation-api-1.0.0.GA.jar, /root/./workspace/google/error-prone/389476630/.m2/javax/validation/validation-api/1.0.0.GA/validation-api-1.0.0.GA-sources.jar, /root/./workspace/google/error-prone/389476630/.m2/javax/annotation/jsr250-api/1.0/jsr250-api-1.0.jar, /root/./workspace/google/error-prone/389476630/.m2/com/android/support/support-annotations/27.0.0/support-annotations-27.0.0.jar, /root/./workspace/google/error-prone/389476630/.m2/org/assertj/assertj-core/3.9.0/assertj-core-3.9.0.jar, .]
now [/root/workspace/google/error-prone/389476630/core/target/test-classes, /root/workspace/google/error-prone/389476630/core/target/classes, /root/workspace/google/error-prone/389476630/annotation/target/classes, /root/workspace/google/error-prone/389476630/type_annotations/target/classes, /root/workspace/google/error-prone/389476630/check_api/target/classes, /root/./workspace/google/error-prone/389476630/.m2/com/googlecode/java-diff-utils/diffutils/1.3.0/diffutils-1.3.0.jar, /root/./workspace/google/error-prone/389476630/.m2/com/github/kevinstern/software-and-algorithms/1.0/software-and-algorithms-1.0.jar, /root/workspace/google/error-prone/389476630/test_helpers/target/classes, /root/./workspace/google/error-prone/389476630/.m2/com/google/googlejavaformat/google-java-format/1.4/google-java-format-1.4.jar, /root/./workspace/google/error-prone/389476630/.m2/com/google/errorprone/javac-shaded/9-dev-r4023-3/javac-shaded-9-dev-r4023-3.jar, /root/./workspace/google/error-prone/389476630/.m2/com/google/jimfs/jimfs/1.1/jimfs-1.1.jar, /root/./workspace/google/error-prone/389476630/.m2/com/github/stephenc/jcip/jcip-annotations/1.0-1/jcip-annotations-1.0-1.jar, /root/./workspace/google/error-prone/389476630/.m2/org/pcollections/pcollections/2.1.2/pcollections-2.1.2.jar, /root/./workspace/google/error-prone/389476630/.m2/com/google/guava/guava/23.5-jre/guava-23.5-jre.jar, /root/./workspace/google/error-prone/389476630/.m2/org/checkerframework/checker-qual/2.0.0/checker-qual-2.0.0.jar, /root/./workspace/google/error-prone/389476630/.m2/com/google/j2objc/j2objc-annotations/1.1/j2objc-annotations-1.1.jar, /root/./workspace/google/error-prone/389476630/.m2/org/codehaus/mojo/animal-sniffer-annotations/1.14/animal-sniffer-annotations-1.14.jar, /root/./workspace/google/error-prone/389476630/.m2/com/google/auto/auto-common/0.10/auto-common-0.10.jar, /root/./workspace/google/error-prone/389476630/.m2/com/google/code/findbugs/jFormatString/3.0.0/jFormatString-3.0.0.jar, /root/./workspace/google/error-prone/389476630/.m2/com/google/code/findbugs/jsr305/3.0.0/jsr305-3.0.0.jar, /root/./workspace/google/error-prone/389476630/.m2/org/checkerframework/dataflow/2.5.0/dataflow-2.5.0.jar, /root/./workspace/google/error-prone/389476630/.m2/org/checkerframework/javacutil/2.5.0/javacutil-2.5.0.jar, /root/./workspace/google/error-prone/389476630/.m2/com/google/errorprone/javac/9+181-r4173-1/javac-9+181-r4173-1.jar, /root/./workspace/google/error-prone/389476630/.m2/com/google/auto/value/auto-value/1.5.3/auto-value-1.5.3.jar, /root/workspace/google/error-prone/389476630/annotations/target/classes, /root/./workspace/google/error-prone/389476630/.m2/junit/junit/4.13-SNAPSHOT/junit-4.13-SNAPSHOT.jar, /root/./workspace/google/error-prone/389476630/.m2/org/hamcrest/hamcrest-core/1.3/hamcrest-core-1.3.jar, /root/./workspace/google/error-prone/389476630/.m2/org/hamcrest/hamcrest-library/1.3/hamcrest-library-1.3.jar, /root/./workspace/google/error-prone/389476630/.m2/com/google/truth/truth/0.36/truth-0.36.jar, /root/./workspace/google/error-prone/389476630/.m2/com/google/truth/extensions/truth-java8-extension/0.36/truth-java8-extension-0.36.jar, /root/./workspace/google/error-prone/389476630/.m2/com/google/inject/guice/4.0-beta5/guice-4.0-beta5.jar, /root/./workspace/google/error-prone/389476630/.m2/javax/inject/javax.inject/1/javax.inject-1.jar, /root/./workspace/google/error-prone/389476630/.m2/aopalliance/aopalliance/1.0/aopalliance-1.0.jar, /root/./workspace/google/error-prone/389476630/.m2/com/google/inject/extensions/guice-assistedinject/4.0-beta5/guice-assistedinject-4.0-beta5.jar, /root/./workspace/google/error-prone/389476630/.m2/com/google/inject/extensions/guice-servlet/4.0-beta5/guice-servlet-4.0-beta5.jar, /root/./workspace/google/error-prone/389476630/.m2/com/google/gwt/inject/gin/2.1.2/gin-2.1.2.jar, /root/./workspace/google/error-prone/389476630/.m2/org/mockito/mockito-core/2.0.3-beta/mockito-core-2.0.3-beta.jar, /root/./workspace/google/error-prone/389476630/.m2/org/objenesis/objenesis/2.1/objenesis-2.1.jar, /root/./workspace/google/error-prone/389476630/.m2/org/jmock/jmock/2.8.0/jmock-2.8.0.jar, /root/./workspace/google/error-prone/389476630/.m2/cglib/cglib-nodep/3.1/cglib-nodep-3.1.jar, /root/./workspace/google/error-prone/389476630/.m2/org/ow2/asm/asm/5.0.3/asm-5.0.3.jar, /root/./workspace/google/error-prone/389476630/.m2/org/beanshell/bsh/1.3.0/bsh-1.3.0.jar, /root/./workspace/google/error-prone/389476630/.m2/org/jmock/jmock-junit4/2.8.0/jmock-junit4-2.8.0.jar, /root/./workspace/google/error-prone/389476630/.m2/com/google/protobuf/protobuf-java/3.4.0/protobuf-java-3.4.0.jar, /root/./workspace/google/error-prone/389476630/.m2/com/google/dagger/dagger/2.14.1/dagger-2.14.1.jar, /root/./workspace/google/error-prone/389476630/.m2/com/google/dagger/dagger-producers/2.14.1/dagger-producers-2.14.1.jar, /root/./workspace/google/error-prone/389476630/.m2/org/checkerframework/checker-compat-qual/2.3.0/checker-compat-qual-2.3.0.jar, /root/./workspace/google/error-prone/389476630/.m2/com/google/auto/factory/auto-factory/1.0-beta5/auto-factory-1.0-beta5.jar, /root/./workspace/google/error-prone/389476630/.m2/com/squareup/javapoet/1.7.0/javapoet-1.7.0.jar, /root/./workspace/google/error-prone/389476630/.m2/com/google/guava/guava-testlib/23.5-jre/guava-testlib-23.5-jre.jar, /root/./workspace/google/error-prone/389476630/.m2/com/google/testing/compile/compile-testing/0.15/compile-testing-0.15.jar, /usr/lib/jvm/java-8-openjdk-amd64/jre/../lib/tools.jar, /root/./workspace/google/error-prone/389476630/.m2/com/ibm/icu/icu4j/56.1/icu4j-56.1.jar, /root/./workspace/google/error-prone/389476630/.m2/com/google/auto/service/auto-service/1.0-rc4/auto-service-1.0-rc4.jar, /root/./workspace/google/error-prone/389476630/.m2/io/netty/netty-all/4.1.12.Final/netty-all-4.1.12.Final.jar, /root/./workspace/google/error-prone/389476630/.m2/joda-time/joda-time/2.9.4/joda-time-2.9.4.jar, /root/./workspace/google/error-prone/389476630/.m2/com/google/common/html/types/proto/1.0.0/proto-1.0.0.jar, /root/./workspace/google/error-prone/389476630/.m2/com/google/common/html/types/types/1.0.5/types-1.0.5.jar, /root/./workspace/google/error-prone/389476630/.m2/com/google/gwt/gwt-user/2.8.0-beta1/gwt-user-2.8.0-beta1.jar, /root/./workspace/google/error-prone/389476630/.m2/javax/validation/validation-api/1.0.0.GA/validation-api-1.0.0.GA.jar, /root/./workspace/google/error-prone/389476630/.m2/javax/validation/validation-api/1.0.0.GA/validation-api-1.0.0.GA-sources.jar, /root/./workspace/google/error-prone/389476630/.m2/javax/annotation/jsr250-api/1.0/jsr250-api-1.0.jar, /root/./workspace/google/error-prone/389476630/.m2/com/android/support/support-annotations/27.0.0/support-annotations-27.0.0.jar, /root/./workspace/google/error-prone/389476630/.m2/org/assertj/assertj-core/3.9.0/assertj-core-3.9.0.jar, ., doesnotexist.jar]
was [/root/workspace/google/error-prone/389476630/core/target/test-classes, /root/workspace/google/error-prone/389476630/core/target/classes, /root/workspace/google/error-prone/389476630/annotation/target/classes, /root/workspace/google/error-prone/389476630/type_annotations/target/classes, /root/workspace/google/error-prone/389476630/check_api/target/classes, /root/./workspace/google/error-prone/389476630/.m2/com/googlecode/java-diff-utils/diffutils/1.3.0/diffutils-1.3.0.jar, /root/./workspace/google/error-prone/389476630/.m2/com/github/kevinstern/software-and-algorithms/1.0/software-and-algorithms-1.0.jar, /root/workspace/google/error-prone/389476630/test_helpers/target/classes, /root/./workspace/google/error-prone/389476630/.m2/com/google/googlejavaformat/google-java-format/1.4/google-java-format-1.4.jar, /root/./workspace/google/error-prone/389476630/.m2/com/google/errorprone/javac-shaded/9-dev-r4023-3/javac-shaded-9-dev-r4023-3.jar, /root/./workspace/google/error-prone/389476630/.m2/com/google/jimfs/jimfs/1.1/jimfs-1.1.jar, /root/./workspace/google/error-prone/389476630/.m2/com/github/stephenc/jcip/jcip-annotations/1.0-1/jcip-annotations-1.0-1.jar, /root/./workspace/google/error-prone/389476630/.m2/org/pcollections/pcollections/2.1.2/pcollections-2.1.2.jar, /root/./workspace/google/error-prone/389476630/.m2/com/google/guava/guava/23.5-jre/guava-23.5-jre.jar, /root/./workspace/google/error-prone/389476630/.m2/org/checkerframework/checker-qual/2.0.0/checker-qual-2.0.0.jar, /root/./workspace/google/error-prone/389476630/.m2/com/google/j2objc/j2objc-annotations/1.1/j2objc-annotations-1.1.jar, /root/./workspace/google/error-prone/389476630/.m2/org/codehaus/mojo/animal-sniffer-annotations/1.14/animal-sniffer-annotations-1.14.jar, /root/./workspace/google/error-prone/389476630/.m2/com/google/auto/auto-common/0.10/auto-common-0.10.jar, /root/./workspace/google/error-prone/389476630/.m2/com/google/code/findbugs/jFormatString/3.0.0/jFormatString-3.0.0.jar, /root/./workspace/google/error-prone/389476630/.m2/com/google/code/findbugs/jsr305/3.0.0/jsr305-3.0.0.jar, /root/./workspace/google/error-prone/389476630/.m2/org/checkerframework/dataflow/2.5.0/dataflow-2.5.0.jar, /root/./workspace/google/error-prone/389476630/.m2/org/checkerframework/javacutil/2.5.0/javacutil-2.5.0.jar, /root/./workspace/google/error-prone/389476630/.m2/com/google/errorprone/javac/9+181-r4173-1/javac-9+181-r4173-1.jar, /root/./workspace/google/error-prone/389476630/.m2/com/google/auto/value/auto-value/1.5.3/auto-value-1.5.3.jar, /root/workspace/google/error-prone/389476630/annotations/target/classes, /root/./workspace/google/error-prone/389476630/.m2/junit/junit/4.13-SNAPSHOT/junit-4.13-SNAPSHOT.jar, /root/./workspace/google/error-prone/389476630/.m2/org/hamcrest/hamcrest-core/1.3/hamcrest-core-1.3.jar, /root/./workspace/google/error-prone/389476630/.m2/org/hamcrest/hamcrest-library/1.3/hamcrest-library-1.3.jar, /root/./workspace/google/error-prone/389476630/.m2/com/google/truth/truth/0.36/truth-0.36.jar, /root/./workspace/google/error-prone/389476630/.m2/com/google/truth/extensions/truth-java8-extension/0.36/truth-java8-extension-0.36.jar, /root/./workspace/google/error-prone/389476630/.m2/com/google/inject/guice/4.0-beta5/guice-4.0-beta5.jar, /root/./workspace/google/error-prone/389476630/.m2/javax/inject/javax.inject/1/javax.inject-1.jar, /root/./workspace/google/error-prone/389476630/.m2/aopalliance/aopalliance/1.0/aopalliance-1.0.jar, /root/./workspace/google/error-prone/389476630/.m2/com/google/inject/extensions/guice-assistedinject/4.0-beta5/guice-assistedinject-4.0-beta5.jar, /root/./workspace/google/error-prone/389476630/.m2/com/google/inject/extensions/guice-servlet/4.0-beta5/guice-servlet-4.0-beta5.jar, /root/./workspace/google/error-prone/389476630/.m2/com/google/gwt/inject/gin/2.1.2/gin-2.1.2.jar, /root/./workspace/google/error-prone/389476630/.m2/org/mockito/mockito-core/2.0.3-beta/mockito-core-2.0.3-beta.jar, /root/./workspace/google/error-prone/389476630/.m2/org/objenesis/objenesis/2.1/objenesis-2.1.jar, /root/./workspace/google/error-prone/389476630/.m2/org/jmock/jmock/2.8.0/jmock-2.8.0.jar, /root/./workspace/google/error-prone/389476630/.m2/cglib/cglib-nodep/3.1/cglib-nodep-3.1.jar, /root/./workspace/google/error-prone/389476630/.m2/org/ow2/asm/asm/5.0.3/asm-5.0.3.jar, /root/./workspace/google/error-prone/389476630/.m2/org/beanshell/bsh/1.3.0/bsh-1.3.0.jar, /root/./workspace/google/error-prone/389476630/.m2/org/jmock/jmock-junit4/2.8.0/jmock-junit4-2.8.0.jar, /root/./workspace/google/error-prone/389476630/.m2/com/google/protobuf/protobuf-java/3.4.0/protobuf-java-3.4.0.jar, /root/./workspace/google/error-prone/389476630/.m2/com/google/dagger/dagger/2.14.1/dagger-2.14.1.jar, /root/./workspace/google/error-prone/389476630/.m2/com/google/dagger/dagger-producers/2.14.1/dagger-producers-2.14.1.jar, /root/./workspace/google/error-prone/389476630/.m2/org/checkerframework/checker-compat-qual/2.3.0/checker-compat-qual-2.3.0.jar, /root/./workspace/google/error-prone/389476630/.m2/com/google/auto/factory/auto-factory/1.0-beta5/auto-factory-1.0-beta5.jar, /root/./workspace/google/error-prone/389476630/.m2/com/squareup/javapoet/1.7.0/javapoet-1.7.0.jar, /root/./workspace/google/error-prone/389476630/.m2/com/google/guava/guava-testlib/23.5-jre/guava-testlib-23.5-jre.jar, /root/./workspace/google/error-prone/389476630/.m2/com/google/testing/compile/compile-testing/0.15/compile-testing-0.15.jar, /usr/lib/jvm/java-8-openjdk-amd64/jre/../lib/tools.jar, /root/./workspace/google/error-prone/389476630/.m2/com/ibm/icu/icu4j/56.1/icu4j-56.1.jar, /root/./workspace/google/error-prone/389476630/.m2/com/google/auto/service/auto-service/1.0-rc4/auto-service-1.0-rc4.jar, /root/./workspace/google/error-prone/389476630/.m2/io/netty/netty-all/4.1.12.Final/netty-all-4.1.12.Final.jar, /root/./workspace/google/error-prone/389476630/.m2/joda-time/joda-time/2.9.4/joda-time-2.9.4.jar, /root/./workspace/google/error-prone/389476630/.m2/com/google/common/html/types/proto/1.0.0/proto-1.0.0.jar, /root/./workspace/google/error-prone/389476630/.m2/com/google/common/html/types/types/1.0.5/types-1.0.5.jar, /root/./workspace/google/error-prone/389476630/.m2/com/google/gwt/gwt-user/2.8.0-beta1/gwt-user-2.8.0-beta1.jar, /root/./workspace/google/error-prone/389476630/.m2/javax/validation/validation-api/1.0.0.GA/validation-api-1.0.0.GA.jar, /root/./workspace/google/error-prone/389476630/.m2/javax/validation/validation-api/1.0.0.GA/validation-api-1.0.0.GA-sources.jar, /root/./workspace/google/error-prone/389476630/.m2/javax/annotation/jsr250-api/1.0/jsr250-api-1.0.jar, /root/./workspace/google/error-prone/389476630/.m2/com/android/support/support-annotations/27.0.0/support-annotations-27.0.0.jar, /root/./workspace/google/error-prone/389476630/.m2/org/assertj/assertj-core/3.9.0/assertj-core-3.9.0.jar, ., doesnotexist.jar]
now [/root/workspace/google/error-prone/389476630/core/target/test-classes, /root/workspace/google/error-prone/389476630/core/target/classes, /root/workspace/google/error-prone/389476630/annotation/target/classes, /root/workspace/google/error-prone/389476630/type_annotations/target/classes, /root/workspace/google/error-prone/389476630/check_api/target/classes, /root/./workspace/google/error-prone/389476630/.m2/com/googlecode/java-diff-utils/diffutils/1.3.0/diffutils-1.3.0.jar, /root/./workspace/google/error-prone/389476630/.m2/com/github/kevinstern/software-and-algorithms/1.0/software-and-algorithms-1.0.jar, /root/workspace/google/error-prone/389476630/test_helpers/target/classes, /root/./workspace/google/error-prone/389476630/.m2/com/google/googlejavaformat/google-java-format/1.4/google-java-format-1.4.jar, /root/./workspace/google/error-prone/389476630/.m2/com/google/errorprone/javac-shaded/9-dev-r4023-3/javac-shaded-9-dev-r4023-3.jar, /root/./workspace/google/error-prone/389476630/.m2/com/google/jimfs/jimfs/1.1/jimfs-1.1.jar, /root/./workspace/google/error-prone/389476630/.m2/com/github/stephenc/jcip/jcip-annotations/1.0-1/jcip-annotations-1.0-1.jar, /root/./workspace/google/error-prone/389476630/.m2/org/pcollections/pcollections/2.1.2/pcollections-2.1.2.jar, /root/./workspace/google/error-prone/389476630/.m2/com/google/guava/guava/23.5-jre/guava-23.5-jre.jar, /root/./workspace/google/error-prone/389476630/.m2/org/checkerframework/checker-qual/2.0.0/checker-qual-2.0.0.jar, /root/./workspace/google/error-prone/389476630/.m2/com/google/j2objc/j2objc-annotations/1.1/j2objc-annotations-1.1.jar, /root/./workspace/google/error-prone/389476630/.m2/org/codehaus/mojo/animal-sniffer-annotations/1.14/animal-sniffer-annotations-1.14.jar, /root/./workspace/google/error-prone/389476630/.m2/com/google/auto/auto-common/0.10/auto-common-0.10.jar, /root/./workspace/google/error-prone/389476630/.m2/com/google/code/findbugs/jFormatString/3.0.0/jFormatString-3.0.0.jar, /root/./workspace/google/error-prone/389476630/.m2/com/google/code/findbugs/jsr305/3.0.0/jsr305-3.0.0.jar, /root/./workspace/google/error-prone/389476630/.m2/org/checkerframework/dataflow/2.5.0/dataflow-2.5.0.jar, /root/./workspace/google/error-prone/389476630/.m2/org/checkerframework/javacutil/2.5.0/javacutil-2.5.0.jar, /root/./workspace/google/error-prone/389476630/.m2/com/google/errorprone/javac/9+181-r4173-1/javac-9+181-r4173-1.jar, /root/./workspace/google/error-prone/389476630/.m2/com/google/auto/value/auto-value/1.5.3/auto-value-1.5.3.jar, /root/workspace/google/error-prone/389476630/annotations/target/classes, /root/./workspace/google/error-prone/389476630/.m2/junit/junit/4.13-SNAPSHOT/junit-4.13-SNAPSHOT.jar, /root/./workspace/google/error-prone/389476630/.m2/org/hamcrest/hamcrest-core/1.3/hamcrest-core-1.3.jar, /root/./workspace/google/error-prone/389476630/.m2/org/hamcrest/hamcrest-library/1.3/hamcrest-library-1.3.jar, /root/./workspace/google/error-prone/389476630/.m2/com/google/truth/truth/0.36/truth-0.36.jar, /root/./workspace/google/error-prone/389476630/.m2/com/google/truth/extensions/truth-java8-extension/0.36/truth-java8-extension-0.36.jar, /root/./workspace/google/error-prone/389476630/.m2/com/google/inject/guice/4.0-beta5/guice-4.0-beta5.jar, /root/./workspace/google/error-prone/389476630/.m2/javax/inject/javax.inject/1/javax.inject-1.jar, /root/./workspace/google/error-prone/389476630/.m2/aopalliance/aopalliance/1.0/aopalliance-1.0.jar, /root/./workspace/google/error-prone/389476630/.m2/com/google/inject/extensions/guice-assistedinject/4.0-beta5/guice-assistedinject-4.0-beta5.jar, /root/./workspace/google/error-prone/389476630/.m2/com/google/inject/extensions/guice-servlet/4.0-beta5/guice-servlet-4.0-beta5.jar, /root/./workspace/google/error-prone/389476630/.m2/com/google/gwt/inject/gin/2.1.2/gin-2.1.2.jar, /root/./workspace/google/error-prone/389476630/.m2/org/mockito/mockito-core/2.0.3-beta/mockito-core-2.0.3-beta.jar, /root/./workspace/google/error-prone/389476630/.m2/org/objenesis/objenesis/2.1/objenesis-2.1.jar, /root/./workspace/google/error-prone/389476630/.m2/org/jmock/jmock/2.8.0/jmock-2.8.0.jar, /root/./workspace/google/error-prone/389476630/.m2/cglib/cglib-nodep/3.1/cglib-nodep-3.1.jar, /root/./workspace/google/error-prone/389476630/.m2/org/ow2/asm/asm/5.0.3/asm-5.0.3.jar, /root/./workspace/google/error-prone/389476630/.m2/org/beanshell/bsh/1.3.0/bsh-1.3.0.jar, /root/./workspace/google/error-prone/389476630/.m2/org/jmock/jmock-junit4/2.8.0/jmock-junit4-2.8.0.jar, /root/./workspace/google/error-prone/389476630/.m2/com/google/protobuf/protobuf-java/3.4.0/protobuf-java-3.4.0.jar, /root/./workspace/google/error-prone/389476630/.m2/com/google/dagger/dagger/2.14.1/dagger-2.14.1.jar, /root/./workspace/google/error-prone/389476630/.m2/com/google/dagger/dagger-producers/2.14.1/dagger-producers-2.14.1.jar, /root/./workspace/google/error-prone/389476630/.m2/org/checkerframework/checker-compat-qual/2.3.0/checker-compat-qual-2.3.0.jar, /root/./workspace/google/error-prone/389476630/.m2/com/google/auto/factory/auto-factory/1.0-beta5/auto-factory-1.0-beta5.jar, /root/./workspace/google/error-prone/389476630/.m2/com/squareup/javapoet/1.7.0/javapoet-1.7.0.jar, /root/./workspace/google/error-prone/389476630/.m2/com/google/guava/guava-testlib/23.5-jre/guava-testlib-23.5-jre.jar, /root/./workspace/google/error-prone/389476630/.m2/com/google/testing/compile/compile-testing/0.15/compile-testing-0.15.jar, /usr/lib/jvm/java-8-openjdk-amd64/jre/../lib/tools.jar, /root/./workspace/google/error-prone/389476630/.m2/com/ibm/icu/icu4j/56.1/icu4j-56.1.jar, /root/./workspace/google/error-prone/389476630/.m2/com/google/auto/service/auto-service/1.0-rc4/auto-service-1.0-rc4.jar, /root/./workspace/google/error-prone/389476630/.m2/io/netty/netty-all/4.1.12.Final/netty-all-4.1.12.Final.jar, /root/./workspace/google/error-prone/389476630/.m2/joda-time/joda-time/2.9.4/joda-time-2.9.4.jar, /root/./workspace/google/error-prone/389476630/.m2/com/google/common/html/types/proto/1.0.0/proto-1.0.0.jar, /root/./workspace/google/error-prone/389476630/.m2/com/google/common/html/types/types/1.0.5/types-1.0.5.jar, /root/./workspace/google/error-prone/389476630/.m2/com/google/gwt/gwt-user/2.8.0-beta1/gwt-user-2.8.0-beta1.jar, /root/./workspace/google/error-prone/389476630/.m2/javax/validation/validation-api/1.0.0.GA/validation-api-1.0.0.GA.jar, /root/./workspace/google/error-prone/389476630/.m2/javax/validation/validation-api/1.0.0.GA/validation-api-1.0.0.GA-sources.jar, /root/./workspace/google/error-prone/389476630/.m2/javax/annotation/jsr250-api/1.0/jsr250-api-1.0.jar, /root/./workspace/google/error-prone/389476630/.m2/com/android/support/support-annotations/27.0.0/support-annotations-27.0.0.jar, /root/./workspace/google/error-prone/389476630/.m2/org/assertj/assertj-core/3.9.0/assertj-core-3.9.0.jar, ., doesnotexist.jar]
was [/root/workspace/google/error-prone/389476630/core/target/test-classes, /root/workspace/google/error-prone/389476630/core/target/classes, /root/workspace/google/error-prone/389476630/annotation/target/classes, /root/workspace/google/error-prone/389476630/type_annotations/target/classes, /root/workspace/google/error-prone/389476630/check_api/target/classes, /root/./workspace/google/error-prone/389476630/.m2/com/googlecode/java-diff-utils/diffutils/1.3.0/diffutils-1.3.0.jar, /root/./workspace/google/error-prone/389476630/.m2/com/github/kevinstern/software-and-algorithms/1.0/software-and-algorithms-1.0.jar, /root/workspace/google/error-prone/389476630/test_helpers/target/classes, /root/./workspace/google/error-prone/389476630/.m2/com/google/googlejavaformat/google-java-format/1.4/google-java-format-1.4.jar, /root/./workspace/google/error-prone/389476630/.m2/com/google/errorprone/javac-shaded/9-dev-r4023-3/javac-shaded-9-dev-r4023-3.jar, /root/./workspace/google/error-prone/389476630/.m2/com/google/jimfs/jimfs/1.1/jimfs-1.1.jar, /root/./workspace/google/error-prone/389476630/.m2/com/github/stephenc/jcip/jcip-annotations/1.0-1/jcip-annotations-1.0-1.jar, /root/./workspace/google/error-prone/389476630/.m2/org/pcollections/pcollections/2.1.2/pcollections-2.1.2.jar, /root/./workspace/google/error-prone/389476630/.m2/com/google/guava/guava/23.5-jre/guava-23.5-jre.jar, /root/./workspace/google/error-prone/389476630/.m2/org/checkerframework/checker-qual/2.0.0/checker-qual-2.0.0.jar, /root/./workspace/google/error-prone/389476630/.m2/com/google/j2objc/j2objc-annotations/1.1/j2objc-annotations-1.1.jar, /root/./workspace/google/error-prone/389476630/.m2/org/codehaus/mojo/animal-sniffer-annotations/1.14/animal-sniffer-annotations-1.14.jar, /root/./workspace/google/error-prone/389476630/.m2/com/google/auto/auto-common/0.10/auto-common-0.10.jar, /root/./workspace/google/error-prone/389476630/.m2/com/google/code/findbugs/jFormatString/3.0.0/jFormatString-3.0.0.jar, /root/./workspace/google/error-prone/389476630/.m2/com/google/code/findbugs/jsr305/3.0.0/jsr305-3.0.0.jar, /root/./workspace/google/error-prone/389476630/.m2/org/checkerframework/dataflow/2.5.0/dataflow-2.5.0.jar, /root/./workspace/google/error-prone/389476630/.m2/org/checkerframework/javacutil/2.5.0/javacutil-2.5.0.jar, /root/./workspace/google/error-prone/389476630/.m2/com/google/errorprone/javac/9+181-r4173-1/javac-9+181-r4173-1.jar, /root/./workspace/google/error-prone/389476630/.m2/com/google/auto/value/auto-value/1.5.3/auto-value-1.5.3.jar, /root/workspace/google/error-prone/389476630/annotations/target/classes, /root/./workspace/google/error-prone/389476630/.m2/junit/junit/4.13-SNAPSHOT/junit-4.13-SNAPSHOT.jar, /root/./workspace/google/error-prone/389476630/.m2/org/hamcrest/hamcrest-core/1.3/hamcrest-core-1.3.jar, /root/./workspace/google/error-prone/389476630/.m2/org/hamcrest/hamcrest-library/1.3/hamcrest-library-1.3.jar, /root/./workspace/google/error-prone/389476630/.m2/com/google/truth/truth/0.36/truth-0.36.jar, /root/./workspace/google/error-prone/389476630/.m2/com/google/truth/extensions/truth-java8-extension/0.36/truth-java8-extension-0.36.jar, /root/./workspace/google/error-prone/389476630/.m2/com/google/inject/guice/4.0-beta5/guice-4.0-beta5.jar, /root/./workspace/google/error-prone/389476630/.m2/javax/inject/javax.inject/1/javax.inject-1.jar, /root/./workspace/google/error-prone/389476630/.m2/aopalliance/aopalliance/1.0/aopalliance-1.0.jar, /root/./workspace/google/error-prone/389476630/.m2/com/google/inject/extensions/guice-assistedinject/4.0-beta5/guice-assistedinject-4.0-beta5.jar, /root/./workspace/google/error-prone/389476630/.m2/com/google/inject/extensions/guice-servlet/4.0-beta5/guice-servlet-4.0-beta5.jar, /root/./workspace/google/error-prone/389476630/.m2/com/google/gwt/inject/gin/2.1.2/gin-2.1.2.jar, /root/./workspace/google/error-prone/389476630/.m2/org/mockito/mockito-core/2.0.3-beta/mockito-core-2.0.3-beta.jar, /root/./workspace/google/error-prone/389476630/.m2/org/objenesis/objenesis/2.1/objenesis-2.1.jar, /root/./workspace/google/error-prone/389476630/.m2/org/jmock/jmock/2.8.0/jmock-2.8.0.jar, /root/./workspace/google/error-prone/389476630/.m2/cglib/cglib-nodep/3.1/cglib-nodep-3.1.jar, /root/./workspace/google/error-prone/389476630/.m2/org/ow2/asm/asm/5.0.3/asm-5.0.3.jar, /root/./workspace/google/error-prone/389476630/.m2/org/beanshell/bsh/1.3.0/bsh-1.3.0.jar, /root/./workspace/google/error-prone/389476630/.m2/org/jmock/jmock-junit4/2.8.0/jmock-junit4-2.8.0.jar, /root/./workspace/google/error-prone/389476630/.m2/com/google/protobuf/protobuf-java/3.4.0/protobuf-java-3.4.0.jar, /root/./workspace/google/error-prone/389476630/.m2/com/google/dagger/dagger/2.14.1/dagger-2.14.1.jar, /root/./workspace/google/error-prone/389476630/.m2/com/google/dagger/dagger-producers/2.14.1/dagger-producers-2.14.1.jar, /root/./workspace/google/error-prone/389476630/.m2/org/checkerframework/checker-compat-qual/2.3.0/checker-compat-qual-2.3.0.jar, /root/./workspace/google/error-prone/389476630/.m2/com/google/auto/factory/auto-factory/1.0-beta5/auto-factory-1.0-beta5.jar, /root/./workspace/google/error-prone/389476630/.m2/com/squareup/javapoet/1.7.0/javapoet-1.7.0.jar, /root/./workspace/google/error-prone/389476630/.m2/com/google/guava/guava-testlib/23.5-jre/guava-testlib-23.5-jre.jar, /root/./workspace/google/error-prone/389476630/.m2/com/google/testing/compile/compile-testing/0.15/compile-testing-0.15.jar, /usr/lib/jvm/java-8-openjdk-amd64/jre/../lib/tools.jar, /root/./workspace/google/error-prone/389476630/.m2/com/ibm/icu/icu4j/56.1/icu4j-56.1.jar, /root/./workspace/google/error-prone/389476630/.m2/com/google/auto/service/auto-service/1.0-rc4/auto-service-1.0-rc4.jar, /root/./workspace/google/error-prone/389476630/.m2/io/netty/netty-all/4.1.12.Final/netty-all-4.1.12.Final.jar, /root/./workspace/google/error-prone/389476630/.m2/joda-time/joda-time/2.9.4/joda-time-2.9.4.jar, /root/./workspace/google/error-prone/389476630/.m2/com/google/common/html/types/proto/1.0.0/proto-1.0.0.jar, /root/./workspace/google/error-prone/389476630/.m2/com/google/common/html/types/types/1.0.5/types-1.0.5.jar, /root/./workspace/google/error-prone/389476630/.m2/com/google/gwt/gwt-user/2.8.0-beta1/gwt-user-2.8.0-beta1.jar, /root/./workspace/google/error-prone/389476630/.m2/javax/validation/validation-api/1.0.0.GA/validation-api-1.0.0.GA.jar, /root/./workspace/google/error-prone/389476630/.m2/javax/validation/validation-api/1.0.0.GA/validation-api-1.0.0.GA-sources.jar, /root/./workspace/google/error-prone/389476630/.m2/javax/annotation/jsr250-api/1.0/jsr250-api-1.0.jar, /root/./workspace/google/error-prone/389476630/.m2/com/android/support/support-annotations/27.0.0/support-annotations-27.0.0.jar, /root/./workspace/google/error-prone/389476630/.m2/org/assertj/assertj-core/3.9.0/assertj-core-3.9.0.jar, ., doesnotexist.jar]
now [/root/workspace/google/error-prone/389476630/core/target/test-classes, /root/workspace/google/error-prone/389476630/core/target/classes, /root/workspace/google/error-prone/389476630/annotation/target/classes, /root/workspace/google/error-prone/389476630/type_annotations/target/classes, /root/workspace/google/error-prone/389476630/check_api/target/classes, /root/./workspace/google/error-prone/389476630/.m2/com/googlecode/java-diff-utils/diffutils/1.3.0/diffutils-1.3.0.jar, /root/./workspace/google/error-prone/389476630/.m2/com/github/kevinstern/software-and-algorithms/1.0/software-and-algorithms-1.0.jar, /root/workspace/google/error-prone/389476630/test_helpers/target/classes, /root/./workspace/google/error-prone/389476630/.m2/com/google/googlejavaformat/google-java-format/1.4/google-java-format-1.4.jar, /root/./workspace/google/error-prone/389476630/.m2/com/google/errorprone/javac-shaded/9-dev-r4023-3/javac-shaded-9-dev-r4023-3.jar, /root/./workspace/google/error-prone/389476630/.m2/com/google/jimfs/jimfs/1.1/jimfs-1.1.jar, /root/./workspace/google/error-prone/389476630/.m2/com/github/stephenc/jcip/jcip-annotations/1.0-1/jcip-annotations-1.0-1.jar, /root/./workspace/google/error-prone/389476630/.m2/org/pcollections/pcollections/2.1.2/pcollections-2.1.2.jar, /root/./workspace/google/error-prone/389476630/.m2/com/google/guava/guava/23.5-jre/guava-23.5-jre.jar, /root/./workspace/google/error-prone/389476630/.m2/org/checkerframework/checker-qual/2.0.0/checker-qual-2.0.0.jar, /root/./workspace/google/error-prone/389476630/.m2/com/google/j2objc/j2objc-annotations/1.1/j2objc-annotations-1.1.jar, /root/./workspace/google/error-prone/389476630/.m2/org/codehaus/mojo/animal-sniffer-annotations/1.14/animal-sniffer-annotations-1.14.jar, /root/./workspace/google/error-prone/389476630/.m2/com/google/auto/auto-common/0.10/auto-common-0.10.jar, /root/./workspace/google/error-prone/389476630/.m2/com/google/code/findbugs/jFormatString/3.0.0/jFormatString-3.0.0.jar, /root/./workspace/google/error-prone/389476630/.m2/com/google/code/findbugs/jsr305/3.0.0/jsr305-3.0.0.jar, /root/./workspace/google/error-prone/389476630/.m2/org/checkerframework/dataflow/2.5.0/dataflow-2.5.0.jar, /root/./workspace/google/error-prone/389476630/.m2/org/checkerframework/javacutil/2.5.0/javacutil-2.5.0.jar, /root/./workspace/google/error-prone/389476630/.m2/com/google/errorprone/javac/9+181-r4173-1/javac-9+181-r4173-1.jar, /root/./workspace/google/error-prone/389476630/.m2/com/google/auto/value/auto-value/1.5.3/auto-value-1.5.3.jar, /root/workspace/google/error-prone/389476630/annotations/target/classes, /root/./workspace/google/error-prone/389476630/.m2/junit/junit/4.13-SNAPSHOT/junit-4.13-SNAPSHOT.jar, /root/./workspace/google/error-prone/389476630/.m2/org/hamcrest/hamcrest-core/1.3/hamcrest-core-1.3.jar, /root/./workspace/google/error-prone/389476630/.m2/org/hamcrest/hamcrest-library/1.3/hamcrest-library-1.3.jar, /root/./workspace/google/error-prone/389476630/.m2/com/google/truth/truth/0.36/truth-0.36.jar, /root/./workspace/google/error-prone/389476630/.m2/com/google/truth/extensions/truth-java8-extension/0.36/truth-java8-extension-0.36.jar, /root/./workspace/google/error-prone/389476630/.m2/com/google/inject/guice/4.0-beta5/guice-4.0-beta5.jar, /root/./workspace/google/error-prone/389476630/.m2/javax/inject/javax.inject/1/javax.inject-1.jar, /root/./workspace/google/error-prone/389476630/.m2/aopalliance/aopalliance/1.0/aopalliance-1.0.jar, /root/./workspace/google/error-prone/389476630/.m2/com/google/inject/extensions/guice-assistedinject/4.0-beta5/guice-assistedinject-4.0-beta5.jar, /root/./workspace/google/error-prone/389476630/.m2/com/google/inject/extensions/guice-servlet/4.0-beta5/guice-servlet-4.0-beta5.jar, /root/./workspace/google/error-prone/389476630/.m2/com/google/gwt/inject/gin/2.1.2/gin-2.1.2.jar, /root/./workspace/google/error-prone/389476630/.m2/org/mockito/mockito-core/2.0.3-beta/mockito-core-2.0.3-beta.jar, /root/./workspace/google/error-prone/389476630/.m2/org/objenesis/objenesis/2.1/objenesis-2.1.jar, /root/./workspace/google/error-prone/389476630/.m2/org/jmock/jmock/2.8.0/jmock-2.8.0.jar, /root/./workspace/google/error-prone/389476630/.m2/cglib/cglib-nodep/3.1/cglib-nodep-3.1.jar, /root/./workspace/google/error-prone/389476630/.m2/org/ow2/asm/asm/5.0.3/asm-5.0.3.jar, /root/./workspace/google/error-prone/389476630/.m2/org/beanshell/bsh/1.3.0/bsh-1.3.0.jar, /root/./workspace/google/error-prone/389476630/.m2/org/jmock/jmock-junit4/2.8.0/jmock-junit4-2.8.0.jar, /root/./workspace/google/error-prone/389476630/.m2/com/google/protobuf/protobuf-java/3.4.0/protobuf-java-3.4.0.jar, /root/./workspace/google/error-prone/389476630/.m2/com/google/dagger/dagger/2.14.1/dagger-2.14.1.jar, /root/./workspace/google/error-prone/389476630/.m2/com/google/dagger/dagger-producers/2.14.1/dagger-producers-2.14.1.jar, /root/./workspace/google/error-prone/389476630/.m2/org/checkerframework/checker-compat-qual/2.3.0/checker-compat-qual-2.3.0.jar, /root/./workspace/google/error-prone/389476630/.m2/com/google/auto/factory/auto-factory/1.0-beta5/auto-factory-1.0-beta5.jar, /root/./workspace/google/error-prone/389476630/.m2/com/squareup/javapoet/1.7.0/javapoet-1.7.0.jar, /root/./workspace/google/error-prone/389476630/.m2/com/google/guava/guava-testlib/23.5-jre/guava-testlib-23.5-jre.jar, /root/./workspace/google/error-prone/389476630/.m2/com/google/testing/compile/compile-testing/0.15/compile-testing-0.15.jar, /usr/lib/jvm/java-8-openjdk-amd64/jre/../lib/tools.jar, /root/./workspace/google/error-prone/389476630/.m2/com/ibm/icu/icu4j/56.1/icu4j-56.1.jar, /root/./workspace/google/error-prone/389476630/.m2/com/google/auto/service/auto-service/1.0-rc4/auto-service-1.0-rc4.jar, /root/./workspace/google/error-prone/389476630/.m2/io/netty/netty-all/4.1.12.Final/netty-all-4.1.12.Final.jar, /root/./workspace/google/error-prone/389476630/.m2/joda-time/joda-time/2.9.4/joda-time-2.9.4.jar, /root/./workspace/google/error-prone/389476630/.m2/com/google/common/html/types/proto/1.0.0/proto-1.0.0.jar, /root/./workspace/google/error-prone/389476630/.m2/com/google/common/html/types/types/1.0.5/types-1.0.5.jar, /root/./workspace/google/error-prone/389476630/.m2/com/google/gwt/gwt-user/2.8.0-beta1/gwt-user-2.8.0-beta1.jar, /root/./workspace/google/error-prone/389476630/.m2/javax/validation/validation-api/1.0.0.GA/validation-api-1.0.0.GA.jar, /root/./workspace/google/error-prone/389476630/.m2/javax/validation/validation-api/1.0.0.GA/validation-api-1.0.0.GA-sources.jar, /root/./workspace/google/error-prone/389476630/.m2/javax/annotation/jsr250-api/1.0/jsr250-api-1.0.jar, /root/./workspace/google/error-prone/389476630/.m2/com/android/support/support-annotations/27.0.0/support-annotations-27.0.0.jar, /root/./workspace/google/error-prone/389476630/.m2/org/assertj/assertj-core/3.9.0/assertj-core-3.9.0.jar, ., doesnotexist.jar, /tmp/junit1386018282301380868/junit3293961757028746230/output.jar]
]]></system-err>
  </testcase>
  <testcase name="addedSuperAndMethod" classname="com.google.errorprone.bugpatterns.apidiff.ApiDiffCheckerTest" time="0.215"/>
  <testcase name="movedMethodToNewSuper" classname="com.google.errorprone.bugpatterns.apidiff.ApiDiffCheckerTest" time="0.287"/>
</testsuite>