<?xml version="1.0" encoding="UTF-8"?>
<testsuite name="io.atomix.core.AtomixTest" time="109.156" tests="9" errors="5" skipped="0" failures="0">
  <properties>
    <property name="java.runtime.name" value="OpenJDK Runtime Environment"/>
    <property name="sun.boot.library.path" value="/usr/lib/jvm/java-8-openjdk-amd64/jre/lib/amd64"/>
    <property name="java.vm.version" value="25.121-b13"/>
    <property name="java.vm.vendor" value="Oracle Corporation"/>
    <property name="maven.multiModuleProjectDirectory" value="/root/workspace/atomix/atomix/390512593"/>
    <property name="java.vendor.url" value="http://java.oracle.com/"/>
    <property name="path.separator" value=":"/>
    <property name="guice.disable.misplaced.annotation.check" value="true"/>
    <property name="skip.gulp" value="true"/>
    <property name="java.vm.name" value="OpenJDK 64-Bit Server VM"/>
    <property name="file.encoding.pkg" value="sun.io"/>
    <property name="sun.java.launcher" value="SUN_STANDARD"/>
    <property name="sun.os.patch.level" value="unknown"/>
    <property name="findbugs.skip" value="true"/>
    <property name="java.vm.specification.name" value="Java Virtual Machine Specification"/>
    <property name="user.dir" value="/root/workspace/atomix/atomix/390512593"/>
    <property name="checkstyle.skip" value="true"/>
    <property name="java.runtime.version" value="1.8.0_121-8u121-b13-1~bpo8+1-b13"/>
    <property name="java.awt.graphicsenv" value="sun.awt.X11GraphicsEnvironment"/>
    <property name="skip.npm" value="true"/>
    <property name="java.endorsed.dirs" value="/usr/lib/jvm/java-8-openjdk-amd64/jre/lib/endorsed"/>
    <property name="os.arch" value="amd64"/>
    <property name="java.io.tmpdir" value="/tmp"/>
    <property name="gpg.skip" value="true"/>
    <property name="line.separator" value="&#10;"/>
    <property name="java.vm.specification.vendor" value="Oracle Corporation"/>
    <property name="cobertura.skip" value="true"/>
    <property name="os.name" value="Linux"/>
    <property name="classworlds.conf" value="/usr/share/maven/bin/m2.conf"/>
    <property name="sun.jnu.encoding" value="UTF-8"/>
    <property name="java.library.path" value="/usr/java/packages/lib/amd64:/usr/lib/x86_64-linux-gnu/jni:/lib/x86_64-linux-gnu:/usr/lib/x86_64-linux-gnu:/usr/lib/jni:/lib:/usr/lib"/>
    <property name="license.skip" value="true"/>
    <property name="java.specification.name" value="Java Platform API Specification"/>
    <property name="java.class.version" value="52.0"/>
    <property name="sun.management.compiler" value="HotSpot 64-Bit Tiered Compilers"/>
    <property name="skip.bower" value="true"/>
    <property name="maven.repo.local" value="/root/./workspace/atomix/atomix/390512593/.m2"/>
    <property name="os.version" value="3.10.0-862.3.2.el7.x86_64"/>
    <property name="user.home" value="/root"/>
    <property name="user.timezone" value="Europe/Paris"/>
    <property name="java.awt.printerjob" value="sun.print.PSPrinterJob"/>
    <property name="java.specification.version" value="1.8"/>
    <property name="file.encoding" value="UTF-8"/>
    <property name="user.name" value="root"/>
    <property name="java.class.path" value="/usr/share/maven/boot/plexus-classworlds-2.5.2.jar"/>
    <property name="skipITs" value="true"/>
    <property name="java.vm.specification.version" value="1.8"/>
    <property name="sun.arch.data.model" value="64"/>
    <property name="java.home" value="/usr/lib/jvm/java-8-openjdk-amd64/jre"/>
    <property name="sun.java.command" value="org.codehaus.plexus.classworlds.launcher.Launcher -B -D enforcer.skip=true -D dependency-check.skip=true -D skipITs=true -D cobertura.skip=true -D maven.repo.local=/root/./workspace/atomix/atomix/390512593/.m2 -D rat.skip=true -D findbugs.skip=true -D skip.bower=true -D gpg.skip=true -D checkstyle.skip=true -D skip.gulp=true -D license.skip=true -D skip.npm=true test"/>
    <property name="java.specification.vendor" value="Oracle Corporation"/>
    <property name="user.language" value="en"/>
    <property name="awt.toolkit" value="sun.awt.X11.XToolkit"/>
    <property name="dependency-check.skip" value="true"/>
    <property name="java.vm.info" value="mixed mode"/>
    <property name="java.version" value="1.8.0_121"/>
    <property name="java.ext.dirs" value="/usr/lib/jvm/java-8-openjdk-amd64/jre/lib/ext:/usr/java/packages/lib/ext"/>
    <property name="securerandom.source" value="file:/dev/./urandom"/>
    <property name="sun.boot.class.path" value="/usr/lib/jvm/java-8-openjdk-amd64/jre/lib/resources.jar:/usr/lib/jvm/java-8-openjdk-amd64/jre/lib/rt.jar:/usr/lib/jvm/java-8-openjdk-amd64/jre/lib/sunrsasign.jar:/usr/lib/jvm/java-8-openjdk-amd64/jre/lib/jsse.jar:/usr/lib/jvm/java-8-openjdk-amd64/jre/lib/jce.jar:/usr/lib/jvm/java-8-openjdk-amd64/jre/lib/charsets.jar:/usr/lib/jvm/java-8-openjdk-amd64/jre/lib/jfr.jar:/usr/lib/jvm/java-8-openjdk-amd64/jre/classes"/>
    <property name="java.vendor" value="Oracle Corporation"/>
    <property name="enforcer.skip" value="true"/>
    <property name="rat.skip" value="true"/>
    <property name="maven.home" value="/usr/share/maven"/>
    <property name="file.separator" value="/"/>
    <property name="java.vendor.url.bug" value="http://bugreport.sun.com/bugreport/"/>
    <property name="sun.cpu.endian" value="little"/>
    <property name="sun.io.unicode.encoding" value="UnicodeLittle"/>
    <property name="sun.cpu.isalist" value=""/>
  </properties>
  <testcase name="testDiscoverData" classname="io.atomix.core.AtomixTest" time="33.221"/>
  <testcase name="testClientMetadata" classname="io.atomix.core.AtomixTest" time="1.039">
    <error message="io.atomix.utils.config.ConfigurationException: Duplicate system group detected" type="java.util.concurrent.ExecutionException">java.util.concurrent.ExecutionException: io.atomix.utils.config.ConfigurationException: Duplicate system group detected
	at io.atomix.primitive.partition.impl.DefaultPartitionGroupMembershipService.updatePartitionGroups(DefaultPartitionGroupMembershipService.java:248)
	at io.atomix.primitive.partition.impl.DefaultPartitionGroupMembershipService.lambda$bootstrap$7(DefaultPartitionGroupMembershipService.java:223)
	at java.util.concurrent.CompletableFuture.uniWhenComplete(CompletableFuture.java:760)
	at java.util.concurrent.CompletableFuture$UniWhenComplete.tryFire(CompletableFuture.java:736)
	at java.util.concurrent.CompletableFuture$Completion.run(CompletableFuture.java:442)
	at java.util.concurrent.Executors$RunnableAdapter.call(Executors.java:511)
	at java.util.concurrent.FutureTask.run(FutureTask.java:266)
	at java.util.concurrent.ScheduledThreadPoolExecutor$ScheduledFutureTask.access$201(ScheduledThreadPoolExecutor.java:180)
	at java.util.concurrent.ScheduledThreadPoolExecutor$ScheduledFutureTask.run(ScheduledThreadPoolExecutor.java:293)
	at java.util.concurrent.ThreadPoolExecutor.runWorker(ThreadPoolExecutor.java:1142)
	at java.util.concurrent.ThreadPoolExecutor$Worker.run(ThreadPoolExecutor.java:617)
	at java.lang.Thread.run(Thread.java:745)
</error>
    <system-out>00:16:46.740 [main] WARN  i.a.c.m.impl.NettyMessagingService - Disabling TLS for intra-cluster messaging; Could not load cluster key store: ../config/atomix.jks (No such file or directory)
00:16:46.742 [netty-messaging-event-epoll-server-0] INFO  i.a.c.m.impl.NettyMessagingService - localhost/127.0.0.1 accepting incoming connections on port 5001
00:16:46.742 [netty-messaging-event-epoll-server-0] INFO  i.a.c.m.impl.NettyMessagingService - Started
00:16:46.742 [atomix-cluster-0] INFO  i.a.c.i.DefaultClusterMembershipService - 1 - Member activated: StatefulMember{id=1, address=localhost:5001, metadata={}}
00:16:46.743 [atomix-cluster-0] INFO  i.a.c.i.DefaultClusterMembershipService - 1 - Member activated: StatefulMember{id=2, address=localhost:5002, metadata={}}
00:16:46.743 [atomix-cluster-0] INFO  i.a.c.i.DefaultClusterMembershipService - 1 - Member activated: StatefulMember{id=3, address=localhost:5003, metadata={}}
00:16:46.744 [atomix-cluster-heartbeat-receiver] INFO  i.a.c.i.DefaultClusterMembershipService - 3 - Member activated: StatefulMember{id=1, address=localhost:5001, metadata={}}
00:16:46.748 [atomix-cluster-0] INFO  i.a.c.i.DefaultClusterMembershipService - Started
00:16:46.748 [atomix-cluster-0] INFO  i.a.c.m.i.DefaultClusterCommunicationService - Started
00:16:46.757 [atomix-cluster-0] INFO  i.a.c.m.i.DefaultClusterEventService - Started
00:16:46.767 [atomix-partition-group-membership-service-0] WARN  i.a.p.p.i.DefaultPartitionGroupMembershipService - Duplicate system group detected
00:16:46.961 [main] WARN  i.a.c.m.impl.NettyMessagingService - Disabling TLS for intra-cluster messaging; Could not load cluster key store: ../config/atomix.jks (No such file or directory)
00:16:46.968 [netty-messaging-event-epoll-server-0] INFO  i.a.c.m.impl.NettyMessagingService - localhost/127.0.0.1 accepting incoming connections on port 5002
00:16:46.969 [netty-messaging-event-epoll-server-0] INFO  i.a.c.m.impl.NettyMessagingService - Started
00:16:46.969 [atomix-cluster-0] INFO  i.a.c.i.DefaultClusterMembershipService - 2 - Member activated: StatefulMember{id=2, address=localhost:5002, metadata={}}
00:16:46.969 [atomix-cluster-0] INFO  i.a.c.i.DefaultClusterMembershipService - 2 - Member activated: StatefulMember{id=1, address=localhost:5001, metadata={}}
00:16:46.970 [atomix-cluster-0] INFO  i.a.c.i.DefaultClusterMembershipService - 2 - Member activated: StatefulMember{id=3, address=localhost:5003, metadata={}}
00:16:46.971 [atomix-cluster-heartbeat-receiver] INFO  i.a.c.i.DefaultClusterMembershipService - 3 - Member activated: StatefulMember{id=2, address=localhost:5002, metadata={}}
00:16:46.973 [netty-messaging-event-epoll-client-1] INFO  i.a.c.i.DefaultClusterMembershipService - Started
00:16:46.974 [atomix-cluster-0] INFO  i.a.c.m.i.DefaultClusterCommunicationService - Started
00:16:46.974 [atomix-cluster-0] INFO  i.a.c.m.i.DefaultClusterEventService - Started
00:16:46.981 [atomix-partition-group-membership-service-0] WARN  i.a.p.p.i.DefaultPartitionGroupMembershipService - Duplicate system group detected
00:16:47.149 [main] WARN  i.a.c.m.impl.NettyMessagingService - Disabling TLS for intra-cluster messaging; Could not load cluster key store: ../config/atomix.jks (No such file or directory)
00:16:47.151 [netty-messaging-event-epoll-server-0] WARN  i.a.c.m.impl.NettyMessagingService - localhost/127.0.0.1 failed to bind to port 5003 due to {}
io.netty.channel.unix.Errors$NativeIoException: bind(..) failed: Address already in use
	at io.netty.channel.unix.Errors.newIOException(Errors.java:122) ~[netty-transport-native-unix-common-4.1.24.Final.jar:4.1.24.Final]
	at io.netty.channel.unix.Socket.bind(Socket.java:287) ~[netty-transport-native-unix-common-4.1.24.Final.jar:4.1.24.Final]
	at io.netty.channel.epoll.AbstractEpollChannel.doBind(AbstractEpollChannel.java:688) ~[netty-transport-native-epoll-4.1.24.Final-linux-x86_64.jar:4.1.24.Final]
	at io.netty.channel.epoll.EpollServerSocketChannel.doBind(EpollServerSocketChannel.java:70) ~[netty-transport-native-epoll-4.1.24.Final-linux-x86_64.jar:4.1.24.Final]
	at io.netty.channel.AbstractChannel$AbstractUnsafe.bind(AbstractChannel.java:558) ~[netty-transport-4.1.24.Final.jar:4.1.24.Final]
	at io.netty.channel.DefaultChannelPipeline$HeadContext.bind(DefaultChannelPipeline.java:1358) ~[netty-transport-4.1.24.Final.jar:4.1.24.Final]
	at io.netty.channel.AbstractChannelHandlerContext.invokeBind(AbstractChannelHandlerContext.java:501) ~[netty-transport-4.1.24.Final.jar:4.1.24.Final]
	at io.netty.channel.AbstractChannelHandlerContext.bind(AbstractChannelHandlerContext.java:486) ~[netty-transport-4.1.24.Final.jar:4.1.24.Final]
	at io.netty.channel.DefaultChannelPipeline.bind(DefaultChannelPipeline.java:1019) ~[netty-transport-4.1.24.Final.jar:4.1.24.Final]
	at io.netty.channel.AbstractChannel.bind(AbstractChannel.java:254) ~[netty-transport-4.1.24.Final.jar:4.1.24.Final]
	at io.netty.bootstrap.AbstractBootstrap$2.run(AbstractBootstrap.java:366) ~[netty-transport-4.1.24.Final.jar:4.1.24.Final]
	at io.netty.util.concurrent.AbstractEventExecutor.safeExecute(AbstractEventExecutor.java:163) ~[netty-common-4.1.24.Final.jar:4.1.24.Final]
	at io.netty.util.concurrent.SingleThreadEventExecutor.runAllTasks(SingleThreadEventExecutor.java:404) ~[netty-common-4.1.24.Final.jar:4.1.24.Final]
	at io.netty.channel.epoll.EpollEventLoop.run(EpollEventLoop.java:309) ~[netty-transport-native-epoll-4.1.24.Final-linux-x86_64.jar:4.1.24.Final]
	at io.netty.util.concurrent.SingleThreadEventExecutor$5.run(SingleThreadEventExecutor.java:884) ~[netty-common-4.1.24.Final.jar:4.1.24.Final]
	at java.lang.Thread.run(Thread.java:745) ~[na:1.8.0_121]
00:16:47.152 [main] INFO  i.a.core.impl.CorePrimitivesService - Stopped
00:16:47.152 [main] INFO  i.a.core.impl.CorePrimitivesService - Stopped
00:16:47.152 [atomix-0] INFO  i.a.p.r.partition.RaftPartitionGroup - Stopped
00:16:47.152 [atomix-0] INFO  i.a.p.r.partition.RaftPartitionGroup - Stopped
00:16:47.152 [main] INFO  i.a.core.impl.CorePrimitivesService - Stopped
00:16:47.152 [atomix-0] INFO  i.a.p.r.partition.RaftPartitionGroup - Stopped
00:16:47.152 [atomix-0] INFO  i.a.p.r.partition.RaftPartitionGroup - Stopped
00:16:47.153 [atomix-0] WARN  i.a.utils.event.ListenerRegistry - Listener io.atomix.primitive.partition.impl.DefaultPartitionService$$Lambda$51/1607792885@136b439 not registered
00:16:47.153 [atomix-0] INFO  i.a.p.p.i.DefaultPartitionGroupMembershipService - Stopped
00:16:47.153 [atomix-0] INFO  i.a.p.p.i.DefaultPartitionGroupMembershipService - Stopped
00:16:47.153 [atomix-0] INFO  i.a.p.r.partition.RaftPartitionGroup - Stopped
00:16:47.153 [atomix-0] INFO  i.a.p.p.impl.DefaultPartitionService - Stopped
00:16:47.153 [atomix-0] INFO  i.a.p.p.impl.DefaultPartitionService - Stopped
00:16:47.153 [atomix-0] INFO  i.a.p.r.partition.RaftPartitionGroup - Stopped
00:16:47.153 [atomix-0] INFO  i.a.c.m.i.DefaultClusterCommunicationService - Stopped
00:16:47.153 [atomix-0] INFO  i.a.c.m.i.DefaultClusterCommunicationService - Stopped
00:16:47.153 [atomix-0] WARN  i.a.utils.event.ListenerRegistry - Listener io.atomix.primitive.partition.impl.DefaultPartitionGroupMembershipService$$Lambda$52/737945227@ff15a6f not registered
00:16:47.153 [atomix-cluster-0] INFO  i.a.c.m.i.DefaultClusterEventService - Stopped
00:16:47.153 [atomix-cluster-0] INFO  i.a.c.m.i.DefaultClusterEventService - Stopped
00:16:47.153 [atomix-0] INFO  i.a.p.p.i.DefaultPartitionGroupMembershipService - Stopped
00:16:47.153 [atomix-cluster-0] INFO  i.a.c.i.DefaultClusterMembershipService - 1 - Member deactivated: StatefulMember{id=1, address=localhost:5001, metadata={}}
00:16:47.153 [atomix-cluster-0] INFO  i.a.c.i.DefaultClusterMembershipService - 2 - Member deactivated: StatefulMember{id=2, address=localhost:5002, metadata={}}
00:16:47.154 [atomix-0] INFO  i.a.p.p.impl.DefaultPartitionService - Stopped
00:16:47.154 [atomix-cluster-0] INFO  i.a.c.i.DefaultClusterMembershipService - Stopped
00:16:47.154 [atomix-cluster-0] INFO  i.a.c.i.DefaultClusterMembershipService - Stopped
00:16:47.154 [atomix-cluster-0] INFO  i.a.c.m.impl.NettyMessagingService - Stopped
00:16:47.154 [atomix-cluster-0] INFO  io.atomix.cluster.AtomixCluster - Stopped
00:16:47.159 [netty-messaging-event-epoll-server-0] INFO  i.a.c.m.impl.NettyMessagingService - Stopped
00:16:47.159 [atomix-cluster-0] INFO  io.atomix.cluster.AtomixCluster - Stopped
00:16:47.160 [netty-messaging-event-epoll-server-0] INFO  i.a.c.m.impl.NettyMessagingService - Stopped
00:16:47.160 [atomix-cluster-0] INFO  io.atomix.cluster.AtomixCluster - Stopped
</system-out>
  </testcase>
  <testcase name="testScaleUpPersistent" classname="io.atomix.core.AtomixTest" time="12.171">
    <error message="io.atomix.utils.config.ConfigurationException: Duplicate system group detected" type="java.util.concurrent.ExecutionException">java.util.concurrent.ExecutionException: io.atomix.utils.config.ConfigurationException: Duplicate system group detected
	at io.atomix.primitive.partition.impl.DefaultPartitionGroupMembershipService.updatePartitionGroups(DefaultPartitionGroupMembershipService.java:248)
	at io.atomix.primitive.partition.impl.DefaultPartitionGroupMembershipService.lambda$bootstrap$7(DefaultPartitionGroupMembershipService.java:223)
	at java.util.concurrent.CompletableFuture.uniWhenComplete(CompletableFuture.java:760)
	at java.util.concurrent.CompletableFuture$UniWhenComplete.tryFire(CompletableFuture.java:736)
	at java.util.concurrent.CompletableFuture$Completion.run(CompletableFuture.java:442)
	at java.util.concurrent.Executors$RunnableAdapter.call(Executors.java:511)
	at java.util.concurrent.FutureTask.run(FutureTask.java:266)
	at java.util.concurrent.ScheduledThreadPoolExecutor$ScheduledFutureTask.access$201(ScheduledThreadPoolExecutor.java:180)
	at java.util.concurrent.ScheduledThreadPoolExecutor$ScheduledFutureTask.run(ScheduledThreadPoolExecutor.java:293)
	at java.util.concurrent.ThreadPoolExecutor.runWorker(ThreadPoolExecutor.java:1142)
	at java.util.concurrent.ThreadPoolExecutor$Worker.run(ThreadPoolExecutor.java:617)
	at java.lang.Thread.run(Thread.java:745)
</error>
    <system-out>00:16:47.364 [main] WARN  i.a.c.m.impl.NettyMessagingService - Disabling TLS for intra-cluster messaging; Could not load cluster key store: ../config/atomix.jks (No such file or directory)
00:16:47.366 [netty-messaging-event-epoll-server-0] INFO  i.a.c.m.impl.NettyMessagingService - localhost/127.0.0.1 accepting incoming connections on port 5001
00:16:47.366 [netty-messaging-event-epoll-server-0] INFO  i.a.c.m.impl.NettyMessagingService - Started
00:16:47.366 [atomix-cluster-0] INFO  i.a.c.i.DefaultClusterMembershipService - 1 - Member activated: StatefulMember{id=1, address=localhost:5001, metadata={}}
00:16:47.367 [atomix-cluster-0] INFO  i.a.c.i.DefaultClusterMembershipService - Started
00:16:47.367 [atomix-cluster-0] INFO  i.a.c.m.i.DefaultClusterCommunicationService - Started
00:16:47.367 [atomix-cluster-0] INFO  i.a.c.m.i.DefaultClusterEventService - Started
00:16:47.367 [atomix-0] INFO  i.a.p.p.i.DefaultPartitionGroupMembershipService - Started
00:16:47.367 [atomix-0] INFO  i.a.p.p.i.HashBasedPrimaryElectionService - Started
00:16:47.367 [atomix-0] INFO  i.a.p.r.p.impl.RaftPartitionServer - Starting server for partition PartitionId{id=1, group=system}
00:16:47.455 [atomix-cluster-heartbeat-receiver] INFO  i.a.c.i.DefaultClusterMembershipService - 1 - Member activated: StatefulMember{id=3, address=localhost:5003, metadata={}}
00:16:47.456 [atomix-partition-group-membership-service-0] WARN  i.a.p.p.i.DefaultPartitionGroupMembershipService - Duplicate system group detected
00:16:47.457 [netty-messaging-event-epoll-client-3] INFO  i.a.c.i.DefaultClusterMembershipService - 1 - Member activated: StatefulMember{id=2, address=127.0.0.1:5002, metadata={}}
00:16:47.501 [atomix-0] TRACE i.a.p.raft.storage.system.MetaStore - Store configuration Configuration{index=0, time=2018-06-11 12:16:47,501, members=[DefaultRaftMember{id=1, type=ACTIVE, updated=2018-06-10T22:16:47.501Z}]}
00:16:47.605 [raft-server-system-partition-1] INFO  i.a.protocols.raft.impl.RaftContext - RaftServer{system-partition-1} - Transitioning to FOLLOWER
00:16:47.762 [atomix-partition-group-membership-service-0] WARN  i.a.p.p.i.DefaultPartitionGroupMembershipService - Duplicate system group detected
00:16:51.347 [raft-server-system-partition-1] DEBUG i.a.p.raft.roles.FollowerRole - RaftServer{system-partition-1}{role=FOLLOWER} - Heartbeat timed out in PT3.741S
00:16:51.347 [raft-server-system-partition-1] INFO  i.a.protocols.raft.impl.RaftContext - RaftServer{system-partition-1} - Transitioning to CANDIDATE
00:16:51.347 [raft-server-system-partition-1] TRACE i.a.p.raft.roles.FollowerRole - RaftServer{system-partition-1}{role=FOLLOWER} - Cancelling heartbeat timer
00:16:51.347 [raft-server-system-partition-1] INFO  i.a.p.raft.roles.CandidateRole - RaftServer{system-partition-1}{role=CANDIDATE} - Starting election
00:16:51.347 [raft-server-system-partition-1] TRACE i.a.p.raft.storage.system.MetaStore - Store term 1
00:16:51.369 [raft-server-system-partition-1] TRACE i.a.p.raft.storage.system.MetaStore - Store vote null
00:16:51.402 [raft-server-system-partition-1] DEBUG i.a.protocols.raft.impl.RaftContext - RaftServer{system-partition-1} - Set term 1
00:16:51.402 [raft-server-system-partition-1] TRACE i.a.p.raft.storage.system.MetaStore - Store vote 1
00:16:51.430 [raft-server-system-partition-1] DEBUG i.a.protocols.raft.impl.RaftContext - RaftServer{system-partition-1} - Voted for 1
00:16:51.430 [raft-server-system-partition-1] DEBUG i.a.p.raft.roles.CandidateRole - RaftServer{system-partition-1}{role=CANDIDATE} - Single member cluster. Transitioning directly to leader.
00:16:51.430 [raft-server-system-partition-1] INFO  i.a.protocols.raft.impl.RaftContext - RaftServer{system-partition-1} - Transitioning to LEADER
00:16:51.431 [raft-server-system-partition-1] INFO  i.a.protocols.raft.impl.RaftContext - RaftServer{system-partition-1} - Found leader 1
00:16:51.431 [raft-server-system-partition-1] TRACE i.a.p.raft.storage.system.MetaStore - Store vote null
00:16:51.497 [raft-server-system-partition-1] TRACE i.a.protocols.raft.roles.LeaderRole - RaftServer{system-partition-1}{role=LEADER} - Appended Indexed{index=1, entry=InitializeEntry{term=1, timestamp=2018-06-11 12:16:51,431}}
00:16:51.564 [raft-server-system-partition-1] TRACE i.a.protocols.raft.roles.LeaderRole - RaftServer{system-partition-1}{role=LEADER} - Starting append timer
00:16:51.564 [raft-server-system-partition-1] INFO  i.a.p.raft.impl.DefaultRaftServer - RaftServer{system-partition-1} - Server started successfully!
00:16:51.564 [raft-server-system-partition-1-state] TRACE i.a.p.raft.impl.RaftServiceManager - RaftServer{system-partition-1} - Applying Indexed{index=1, entry=InitializeEntry{term=1, timestamp=2018-06-11 12:16:51,431}}
00:16:51.564 [raft-server-system-partition-1] INFO  i.a.p.r.p.impl.RaftPartitionServer - Successfully started server for partition PartitionId{id=1, group=system}
00:16:51.564 [raft-client-system-partition-1-0] INFO  i.a.p.r.p.impl.RaftPartitionClient - Successfully started client for partition PartitionId{id=1, group=system}
00:16:51.565 [raft-client-system-partition-1-0] INFO  i.a.p.r.partition.RaftPartitionGroup - Started
00:16:51.565 [raft-client-system-partition-1-0] DEBUG i.a.p.r.s.impl.RaftSessionManager - RaftClient{system-partition-1} - Opening session; name: atomix-primary-elector, type: PrimaryElectorType{name=PRIMARY_ELECTOR}
00:16:51.565 [raft-client-system-partition-1-1] TRACE i.a.p.r.s.impl.RaftSessionConnection - RaftClient{system-partition-1} - Sending OpenSessionRequest{node=1, serviceName=atomix-primary-elector, serviceType=PRIMARY_ELECTOR, readConsistency=SEQUENTIAL, minTimeout=250, maxTimeout=30000} to 1
00:16:51.566 [raft-server-system-partition-1] TRACE i.a.protocols.raft.roles.LeaderRole - RaftServer{system-partition-1}{role=LEADER} - Received OpenSessionRequest{node=1, serviceName=atomix-primary-elector, serviceType=PRIMARY_ELECTOR, readConsistency=SEQUENTIAL, minTimeout=250, maxTimeout=30000}
00:16:51.566 [raft-server-system-partition-1] TRACE i.a.protocols.raft.roles.LeaderRole - RaftServer{system-partition-1}{role=LEADER} - Appended Indexed{index=2, entry=OpenSessionEntry{term=1, timestamp=2018-06-11 12:16:51,566, node=1, serviceName=atomix-primary-elector, serviceType=PRIMARY_ELECTOR, serviceConfig=byte[]{length=2, hash=2636}, readConsistency=SEQUENTIAL, minTimeout=250, maxTimeout=30000}}
00:16:51.602 [raft-server-system-partition-1-state] TRACE i.a.p.raft.impl.RaftServiceManager - RaftServer{system-partition-1} - Applying Indexed{index=2, entry=OpenSessionEntry{term=1, timestamp=2018-06-11 12:16:51,566, node=1, serviceName=atomix-primary-elector, serviceType=PRIMARY_ELECTOR, serviceConfig=byte[]{length=2, hash=2636}, readConsistency=SEQUENTIAL, minTimeout=250, maxTimeout=30000}}
00:16:51.604 [raft-server-system-partition-1-state] DEBUG i.a.p.r.service.RaftServiceContext - PrimitiveService{2}{type=PrimaryElectorType{name=PRIMARY_ELECTOR}, name=atomix-primary-elector} - Opening session 2
00:16:51.604 [raft-server-system-partition-1-state] DEBUG i.a.p.raft.session.RaftSession - Session{2}{type=PrimaryElectorType{name=PRIMARY_ELECTOR}, name=atomix-primary-elector} - State changed: OPEN
00:16:51.604 [raft-server-system-partition-1-state] TRACE i.a.protocols.raft.roles.LeaderRole - RaftServer{system-partition-1}{role=LEADER} - Sending OpenSessionResponse{status=OK, session=2, timeout=30000}
00:16:51.604 [raft-client-system-partition-1-0] TRACE i.a.p.r.s.impl.RaftSessionConnection - RaftClient{system-partition-1} - Received OpenSessionResponse{status=OK, session=2, timeout=30000} from 1
00:16:51.605 [raft-client-system-partition-1-1] TRACE i.a.p.r.s.impl.RaftSessionManager - RaftClient{system-partition-1} - Keeping 1 sessions alive
00:16:51.612 [raft-client-system-partition-1-2] TRACE i.a.p.r.s.impl.RaftSessionConnection - RaftClient{system-partition-1} - Sending KeepAliveRequest{sessionIds=long[]{length=1, hash=33}, commandSequences=long[]{length=1, hash=31}, eventIndexes=long[]{length=1, hash=33}} to 1
00:16:51.612 [raft-server-system-partition-1] TRACE i.a.protocols.raft.roles.LeaderRole - RaftServer{system-partition-1}{role=LEADER} - Received KeepAliveRequest{sessionIds=long[]{length=1, hash=33}, commandSequences=long[]{length=1, hash=31}, eventIndexes=long[]{length=1, hash=33}}
00:16:51.612 [raft-server-system-partition-1] TRACE i.a.protocols.raft.roles.LeaderRole - RaftServer{system-partition-1}{role=LEADER} - Appended Indexed{index=3, entry=KeepAliveEntry{term=1, timestamp=2018-06-11 12:16:51,612, sessionIds=long[]{length=1, hash=33}, commandSequences=long[]{length=1, hash=31}, eventIndexes=long[]{length=1, hash=33}}}
00:16:51.612 [raft-client-system-partition-1-4] DEBUG i.a.p.r.s.impl.RaftSessionManager - RaftClient{system-partition-1} - Opening session; name: session-id, type: SessionIdGeneratorType{name=SESSION_ID_GENERATOR}
00:16:51.614 [raft-client-system-partition-1-1] TRACE i.a.p.r.s.impl.RaftSessionConnection - RaftClient{system-partition-1} - Sending OpenSessionRequest{node=1, serviceName=session-id, serviceType=SESSION_ID_GENERATOR, readConsistency=SEQUENTIAL, minTimeout=250, maxTimeout=30000} to 1
00:16:51.672 [raft-server-system-partition-1] TRACE i.a.protocols.raft.roles.LeaderRole - RaftServer{system-partition-1}{role=LEADER} - Received OpenSessionRequest{node=1, serviceName=session-id, serviceType=SESSION_ID_GENERATOR, readConsistency=SEQUENTIAL, minTimeout=250, maxTimeout=30000}
00:16:51.672 [raft-server-system-partition-1] TRACE i.a.protocols.raft.roles.LeaderRole - RaftServer{system-partition-1}{role=LEADER} - Appended Indexed{index=4, entry=OpenSessionEntry{term=1, timestamp=2018-06-11 12:16:51,672, node=1, serviceName=session-id, serviceType=SESSION_ID_GENERATOR, serviceConfig=byte[]{length=2, hash=2636}, readConsistency=SEQUENTIAL, minTimeout=250, maxTimeout=30000}}
00:16:51.672 [raft-server-system-partition-1-state] TRACE i.a.p.raft.impl.RaftServiceManager - RaftServer{system-partition-1} - Applying Indexed{index=3, entry=KeepAliveEntry{term=1, timestamp=2018-06-11 12:16:51,612, sessionIds=long[]{length=1, hash=33}, commandSequences=long[]{length=1, hash=31}, eventIndexes=long[]{length=1, hash=33}}}
00:16:51.836 [raft-server-system-partition-1] TRACE i.a.protocols.raft.roles.LeaderRole - RaftServer{system-partition-1}{role=LEADER} - Sending KeepAliveResponse{status=OK, leader=1, members=[1], sessionIds=long[]{length=1, hash=33}}
00:16:51.836 [raft-client-system-partition-1-0] TRACE i.a.p.r.s.impl.RaftSessionConnection - RaftClient{system-partition-1} - Received KeepAliveResponse{status=OK, leader=1, members=[1], sessionIds=long[]{length=1, hash=33}} from 1
00:16:51.836 [raft-server-system-partition-1-state] TRACE i.a.p.raft.impl.RaftServiceManager - RaftServer{system-partition-1} - Applying Indexed{index=4, entry=OpenSessionEntry{term=1, timestamp=2018-06-11 12:16:51,672, node=1, serviceName=session-id, serviceType=SESSION_ID_GENERATOR, serviceConfig=byte[]{length=2, hash=2636}, readConsistency=SEQUENTIAL, minTimeout=250, maxTimeout=30000}}
00:16:51.837 [raft-server-system-partition-1-state] DEBUG i.a.p.r.service.RaftServiceContext - PrimitiveService{4}{type=SessionIdGeneratorType{name=SESSION_ID_GENERATOR}, name=session-id} - Opening session 4
00:16:51.837 [raft-server-system-partition-1-state] DEBUG i.a.p.raft.session.RaftSession - Session{4}{type=SessionIdGeneratorType{name=SESSION_ID_GENERATOR}, name=session-id} - State changed: OPEN
00:16:51.838 [raft-server-system-partition-1-state] TRACE i.a.protocols.raft.roles.LeaderRole - RaftServer{system-partition-1}{role=LEADER} - Sending OpenSessionResponse{status=OK, session=4, timeout=30000}
00:16:51.838 [raft-client-system-partition-1-4] TRACE i.a.p.r.s.impl.RaftSessionConnection - RaftClient{system-partition-1} - Received OpenSessionResponse{status=OK, session=4, timeout=30000} from 1
00:16:51.838 [raft-client-system-partition-1-4] TRACE i.a.p.r.s.impl.RaftSessionManager - RaftClient{system-partition-1} - Keeping 2 sessions alive
00:16:51.838 [raft-client-system-partition-1-6] TRACE i.a.p.r.s.impl.RaftSessionConnection - RaftClient{system-partition-1} - Sending KeepAliveRequest{sessionIds=long[]{length=2, hash=1027}, commandSequences=long[]{length=2, hash=961}, eventIndexes=long[]{length=2, hash=1027}} to 1
00:16:51.838 [raft-client-system-partition-1-4] INFO  i.a.p.r.p.impl.RaftPartitionServer - Starting server for partition PartitionId{id=1, group=raft}
00:16:51.838 [raft-server-system-partition-1] TRACE i.a.protocols.raft.roles.LeaderRole - RaftServer{system-partition-1}{role=LEADER} - Received KeepAliveRequest{sessionIds=long[]{length=2, hash=1027}, commandSequences=long[]{length=2, hash=961}, eventIndexes=long[]{length=2, hash=1027}}
00:16:51.838 [raft-server-system-partition-1] TRACE i.a.protocols.raft.roles.LeaderRole - RaftServer{system-partition-1}{role=LEADER} - Appended Indexed{index=5, entry=KeepAliveEntry{term=1, timestamp=2018-06-11 12:16:51,838, sessionIds=long[]{length=2, hash=1027}, commandSequences=long[]{length=2, hash=961}, eventIndexes=long[]{length=2, hash=1027}}}
00:16:51.897 [raft-server-system-partition-1-state] TRACE i.a.p.raft.impl.RaftServiceManager - RaftServer{system-partition-1} - Applying Indexed{index=5, entry=KeepAliveEntry{term=1, timestamp=2018-06-11 12:16:51,838, sessionIds=long[]{length=2, hash=1027}, commandSequences=long[]{length=2, hash=961}, eventIndexes=long[]{length=2, hash=1027}}}
00:16:51.897 [raft-server-system-partition-1] TRACE i.a.protocols.raft.roles.LeaderRole - RaftServer{system-partition-1}{role=LEADER} - Sending KeepAliveResponse{status=OK, leader=1, members=[1], sessionIds=long[]{length=2, hash=1027}}
00:16:51.898 [raft-client-system-partition-1-7] TRACE i.a.p.r.s.impl.RaftSessionConnection - RaftClient{system-partition-1} - Received KeepAliveResponse{status=OK, leader=1, members=[1], sessionIds=long[]{length=2, hash=1027}} from 1
00:16:51.939 [raft-client-system-partition-1-4] TRACE i.a.p.raft.storage.system.MetaStore - Store configuration Configuration{index=0, time=2018-06-11 12:16:51,939, members=[DefaultRaftMember{id=1, type=ACTIVE, updated=2018-06-10T22:16:51.939Z}]}
00:16:51.989 [raft-client-system-partition-1-4] INFO  i.a.p.r.p.impl.RaftPartitionServer - Starting server for partition PartitionId{id=7, group=raft}
00:16:51.989 [raft-server-raft-partition-1] INFO  i.a.protocols.raft.impl.RaftContext - RaftServer{raft-partition-1} - Transitioning to FOLLOWER
00:16:52.047 [raft-client-system-partition-1-4] TRACE i.a.p.raft.storage.system.MetaStore - Store configuration Configuration{index=0, time=2018-06-11 12:16:52,047, members=[DefaultRaftMember{id=1, type=ACTIVE, updated=2018-06-10T22:16:52.047Z}]}
00:16:52.122 [raft-server-raft-partition-7] INFO  i.a.protocols.raft.impl.RaftContext - RaftServer{raft-partition-7} - Transitioning to FOLLOWER
00:16:52.122 [raft-client-system-partition-1-4] INFO  i.a.p.r.p.impl.RaftPartitionServer - Starting server for partition PartitionId{id=6, group=raft}
00:16:52.214 [raft-client-system-partition-1-4] TRACE i.a.p.raft.storage.system.MetaStore - Store configuration Configuration{index=0, time=2018-06-11 12:16:52,214, members=[DefaultRaftMember{id=1, type=ACTIVE, updated=2018-06-10T22:16:52.214Z}]}
00:16:52.272 [raft-client-system-partition-1-4] INFO  i.a.p.r.p.impl.RaftPartitionServer - Starting server for partition PartitionId{id=3, group=raft}
00:16:52.272 [raft-server-raft-partition-6] INFO  i.a.protocols.raft.impl.RaftContext - RaftServer{raft-partition-6} - Transitioning to FOLLOWER
00:16:52.349 [raft-client-system-partition-1-4] TRACE i.a.p.raft.storage.system.MetaStore - Store configuration Configuration{index=0, time=2018-06-11 12:16:52,349, members=[DefaultRaftMember{id=1, type=ACTIVE, updated=2018-06-10T22:16:52.349Z}]}
00:16:52.405 [raft-client-system-partition-1-4] INFO  i.a.p.r.p.impl.RaftPartitionServer - Starting server for partition PartitionId{id=2, group=raft}
00:16:52.405 [raft-server-raft-partition-3] INFO  i.a.protocols.raft.impl.RaftContext - RaftServer{raft-partition-3} - Transitioning to FOLLOWER
00:16:52.478 [raft-client-system-partition-1-4] TRACE i.a.p.raft.storage.system.MetaStore - Store configuration Configuration{index=0, time=2018-06-11 12:16:52,478, members=[DefaultRaftMember{id=1, type=ACTIVE, updated=2018-06-10T22:16:52.478Z}]}
00:16:52.547 [raft-server-raft-partition-2] INFO  i.a.protocols.raft.impl.RaftContext - RaftServer{raft-partition-2} - Transitioning to FOLLOWER
00:16:52.547 [raft-client-system-partition-1-4] INFO  i.a.p.r.p.impl.RaftPartitionServer - Starting server for partition PartitionId{id=5, group=raft}
00:16:52.632 [raft-client-system-partition-1-4] TRACE i.a.p.raft.storage.system.MetaStore - Store configuration Configuration{index=0, time=2018-06-11 12:16:52,632, members=[DefaultRaftMember{id=1, type=ACTIVE, updated=2018-06-10T22:16:52.632Z}]}
00:16:52.764 [raft-server-raft-partition-5] INFO  i.a.protocols.raft.impl.RaftContext - RaftServer{raft-partition-5} - Transitioning to FOLLOWER
00:16:52.764 [raft-client-system-partition-1-4] INFO  i.a.p.r.p.impl.RaftPartitionServer - Starting server for partition PartitionId{id=4, group=raft}
00:16:52.831 [raft-client-system-partition-1-4] TRACE i.a.p.raft.storage.system.MetaStore - Store configuration Configuration{index=0, time=2018-06-11 12:16:52,830, members=[DefaultRaftMember{id=1, type=ACTIVE, updated=2018-06-10T22:16:52.830Z}]}
00:16:52.864 [raft-server-raft-partition-4] INFO  i.a.protocols.raft.impl.RaftContext - RaftServer{raft-partition-4} - Transitioning to FOLLOWER
00:16:55.293 [raft-server-raft-partition-5] DEBUG i.a.p.raft.roles.FollowerRole - RaftServer{raft-partition-5}{role=FOLLOWER} - Heartbeat timed out in PT2.528S
00:16:55.293 [raft-server-raft-partition-5] INFO  i.a.protocols.raft.impl.RaftContext - RaftServer{raft-partition-5} - Transitioning to CANDIDATE
00:16:55.293 [raft-server-raft-partition-5] TRACE i.a.p.raft.roles.FollowerRole - RaftServer{raft-partition-5}{role=FOLLOWER} - Cancelling heartbeat timer
00:16:55.293 [raft-server-raft-partition-5] INFO  i.a.p.raft.roles.CandidateRole - RaftServer{raft-partition-5}{role=CANDIDATE} - Starting election
00:16:55.293 [raft-server-raft-partition-5] TRACE i.a.p.raft.storage.system.MetaStore - Store term 1
00:16:55.409 [raft-server-raft-partition-5] TRACE i.a.p.raft.storage.system.MetaStore - Store vote null
00:16:55.547 [raft-server-raft-partition-5] DEBUG i.a.protocols.raft.impl.RaftContext - RaftServer{raft-partition-5} - Set term 1
00:16:55.547 [raft-server-raft-partition-5] TRACE i.a.p.raft.storage.system.MetaStore - Store vote 1
00:16:55.605 [raft-server-raft-partition-5] DEBUG i.a.protocols.raft.impl.RaftContext - RaftServer{raft-partition-5} - Voted for 1
00:16:55.605 [raft-server-raft-partition-5] DEBUG i.a.p.raft.roles.CandidateRole - RaftServer{raft-partition-5}{role=CANDIDATE} - Single member cluster. Transitioning directly to leader.
00:16:55.605 [raft-server-raft-partition-5] INFO  i.a.protocols.raft.impl.RaftContext - RaftServer{raft-partition-5} - Transitioning to LEADER
00:16:55.605 [raft-server-raft-partition-5] INFO  i.a.protocols.raft.impl.RaftContext - RaftServer{raft-partition-5} - Found leader 1
00:16:55.605 [raft-server-raft-partition-5] TRACE i.a.p.raft.storage.system.MetaStore - Store vote null
00:16:55.676 [raft-server-raft-partition-5] TRACE i.a.protocols.raft.roles.LeaderRole - RaftServer{raft-partition-5}{role=LEADER} - Appended Indexed{index=1, entry=InitializeEntry{term=1, timestamp=2018-06-11 12:16:55,605}}
00:16:55.721 [raft-server-raft-partition-2] DEBUG i.a.p.raft.roles.FollowerRole - RaftServer{raft-partition-2}{role=FOLLOWER} - Heartbeat timed out in PT3.174S
00:16:55.721 [raft-server-raft-partition-2] INFO  i.a.protocols.raft.impl.RaftContext - RaftServer{raft-partition-2} - Transitioning to CANDIDATE
00:16:55.721 [raft-server-raft-partition-2] TRACE i.a.p.raft.roles.FollowerRole - RaftServer{raft-partition-2}{role=FOLLOWER} - Cancelling heartbeat timer
00:16:55.722 [raft-server-raft-partition-2] INFO  i.a.p.raft.roles.CandidateRole - RaftServer{raft-partition-2}{role=CANDIDATE} - Starting election
00:16:55.722 [raft-server-raft-partition-2] TRACE i.a.p.raft.storage.system.MetaStore - Store term 1
00:16:55.775 [raft-server-raft-partition-5] TRACE i.a.protocols.raft.roles.LeaderRole - RaftServer{raft-partition-5}{role=LEADER} - Starting append timer
00:16:55.775 [raft-server-raft-partition-5] INFO  i.a.p.raft.impl.DefaultRaftServer - RaftServer{raft-partition-5} - Server started successfully!
00:16:55.775 [raft-server-raft-partition-5] INFO  i.a.p.r.p.impl.RaftPartitionServer - Successfully started server for partition PartitionId{id=5, group=raft}
00:16:55.775 [raft-server-raft-partition-5-state] TRACE i.a.p.raft.impl.RaftServiceManager - RaftServer{raft-partition-5} - Applying Indexed{index=1, entry=InitializeEntry{term=1, timestamp=2018-06-11 12:16:55,605}}
00:16:55.776 [raft-client-raft-partition-5-0] INFO  i.a.p.r.p.impl.RaftPartitionClient - Successfully started client for partition PartitionId{id=5, group=raft}
00:16:55.793 [raft-server-raft-partition-1] DEBUG i.a.p.raft.roles.FollowerRole - RaftServer{raft-partition-1}{role=FOLLOWER} - Heartbeat timed out in PT3.804S
00:16:55.793 [raft-server-raft-partition-1] INFO  i.a.protocols.raft.impl.RaftContext - RaftServer{raft-partition-1} - Transitioning to CANDIDATE
00:16:55.793 [raft-server-raft-partition-1] TRACE i.a.p.raft.roles.FollowerRole - RaftServer{raft-partition-1}{role=FOLLOWER} - Cancelling heartbeat timer
00:16:55.793 [raft-server-raft-partition-1] INFO  i.a.p.raft.roles.CandidateRole - RaftServer{raft-partition-1}{role=CANDIDATE} - Starting election
00:16:55.793 [raft-server-raft-partition-1] TRACE i.a.p.raft.storage.system.MetaStore - Store term 1
00:16:55.843 [raft-server-raft-partition-2] TRACE i.a.p.raft.storage.system.MetaStore - Store vote null
00:16:55.931 [raft-server-raft-partition-1] TRACE i.a.p.raft.storage.system.MetaStore - Store vote null
00:16:56.088 [raft-server-raft-partition-2] DEBUG i.a.protocols.raft.impl.RaftContext - RaftServer{raft-partition-2} - Set term 1
00:16:56.089 [raft-server-raft-partition-2] TRACE i.a.p.raft.storage.system.MetaStore - Store vote 1
00:16:56.233 [raft-server-raft-partition-1] DEBUG i.a.protocols.raft.impl.RaftContext - RaftServer{raft-partition-1} - Set term 1
00:16:56.233 [raft-server-raft-partition-1] TRACE i.a.p.raft.storage.system.MetaStore - Store vote 1
00:16:56.294 [raft-server-raft-partition-2] DEBUG i.a.protocols.raft.impl.RaftContext - RaftServer{raft-partition-2} - Voted for 1
00:16:56.294 [raft-server-raft-partition-2] DEBUG i.a.p.raft.roles.CandidateRole - RaftServer{raft-partition-2}{role=CANDIDATE} - Single member cluster. Transitioning directly to leader.
00:16:56.294 [raft-server-raft-partition-2] INFO  i.a.protocols.raft.impl.RaftContext - RaftServer{raft-partition-2} - Transitioning to LEADER
00:16:56.294 [raft-server-raft-partition-2] INFO  i.a.protocols.raft.impl.RaftContext - RaftServer{raft-partition-2} - Found leader 1
00:16:56.294 [raft-server-raft-partition-2] TRACE i.a.p.raft.storage.system.MetaStore - Store vote null
00:16:56.420 [raft-server-raft-partition-1] DEBUG i.a.protocols.raft.impl.RaftContext - RaftServer{raft-partition-1} - Voted for 1
00:16:56.420 [raft-server-raft-partition-1] DEBUG i.a.p.raft.roles.CandidateRole - RaftServer{raft-partition-1}{role=CANDIDATE} - Single member cluster. Transitioning directly to leader.
00:16:56.420 [raft-server-raft-partition-1] INFO  i.a.protocols.raft.impl.RaftContext - RaftServer{raft-partition-1} - Transitioning to LEADER
00:16:56.420 [raft-server-raft-partition-1] INFO  i.a.protocols.raft.impl.RaftContext - RaftServer{raft-partition-1} - Found leader 1
00:16:56.420 [raft-server-raft-partition-1] TRACE i.a.p.raft.storage.system.MetaStore - Store vote null
00:16:56.452 [raft-server-raft-partition-2] TRACE i.a.protocols.raft.roles.LeaderRole - RaftServer{raft-partition-2}{role=LEADER} - Appended Indexed{index=1, entry=InitializeEntry{term=1, timestamp=2018-06-11 12:16:56,294}}
00:16:56.498 [raft-server-raft-partition-1] TRACE i.a.protocols.raft.roles.LeaderRole - RaftServer{raft-partition-1}{role=LEADER} - Appended Indexed{index=1, entry=InitializeEntry{term=1, timestamp=2018-06-11 12:16:56,420}}
00:16:56.588 [raft-server-raft-partition-2] TRACE i.a.protocols.raft.roles.LeaderRole - RaftServer{raft-partition-2}{role=LEADER} - Starting append timer
00:16:56.589 [raft-server-raft-partition-2] INFO  i.a.p.raft.impl.DefaultRaftServer - RaftServer{raft-partition-2} - Server started successfully!
00:16:56.589 [raft-server-raft-partition-2] INFO  i.a.p.r.p.impl.RaftPartitionServer - Successfully started server for partition PartitionId{id=2, group=raft}
00:16:56.589 [raft-server-raft-partition-2-state] TRACE i.a.p.raft.impl.RaftServiceManager - RaftServer{raft-partition-2} - Applying Indexed{index=1, entry=InitializeEntry{term=1, timestamp=2018-06-11 12:16:56,294}}
00:16:56.589 [raft-client-raft-partition-2-0] INFO  i.a.p.r.p.impl.RaftPartitionClient - Successfully started client for partition PartitionId{id=2, group=raft}
00:16:56.788 [raft-server-raft-partition-1] TRACE i.a.protocols.raft.roles.LeaderRole - RaftServer{raft-partition-1}{role=LEADER} - Starting append timer
00:16:56.789 [raft-server-raft-partition-1] INFO  i.a.p.raft.impl.DefaultRaftServer - RaftServer{raft-partition-1} - Server started successfully!
00:16:56.789 [raft-server-raft-partition-1] INFO  i.a.p.r.p.impl.RaftPartitionServer - Successfully started server for partition PartitionId{id=1, group=raft}
00:16:56.789 [raft-server-raft-partition-1-state] TRACE i.a.p.raft.impl.RaftServiceManager - RaftServer{raft-partition-1} - Applying Indexed{index=1, entry=InitializeEntry{term=1, timestamp=2018-06-11 12:16:56,420}}
00:16:56.789 [raft-client-raft-partition-1-0] INFO  i.a.p.r.p.impl.RaftPartitionClient - Successfully started client for partition PartitionId{id=1, group=raft}
00:16:56.808 [raft-server-raft-partition-7] DEBUG i.a.p.raft.roles.FollowerRole - RaftServer{raft-partition-7}{role=FOLLOWER} - Heartbeat timed out in PT4.686S
00:16:56.808 [raft-server-raft-partition-7] INFO  i.a.protocols.raft.impl.RaftContext - RaftServer{raft-partition-7} - Transitioning to CANDIDATE
00:16:56.808 [raft-server-raft-partition-7] TRACE i.a.p.raft.roles.FollowerRole - RaftServer{raft-partition-7}{role=FOLLOWER} - Cancelling heartbeat timer
00:16:56.808 [raft-server-raft-partition-7] INFO  i.a.p.raft.roles.CandidateRole - RaftServer{raft-partition-7}{role=CANDIDATE} - Starting election
00:16:56.808 [raft-server-raft-partition-7] TRACE i.a.p.raft.storage.system.MetaStore - Store term 1
00:16:56.824 [raft-server-raft-partition-6] DEBUG i.a.p.raft.roles.FollowerRole - RaftServer{raft-partition-6}{role=FOLLOWER} - Heartbeat timed out in PT4.551S
00:16:56.824 [raft-server-raft-partition-6] INFO  i.a.protocols.raft.impl.RaftContext - RaftServer{raft-partition-6} - Transitioning to CANDIDATE
00:16:56.824 [raft-server-raft-partition-6] TRACE i.a.p.raft.roles.FollowerRole - RaftServer{raft-partition-6}{role=FOLLOWER} - Cancelling heartbeat timer
00:16:56.824 [raft-server-raft-partition-6] INFO  i.a.p.raft.roles.CandidateRole - RaftServer{raft-partition-6}{role=CANDIDATE} - Starting election
00:16:56.824 [raft-server-raft-partition-6] TRACE i.a.p.raft.storage.system.MetaStore - Store term 1
00:16:56.872 [raft-server-raft-partition-7] TRACE i.a.p.raft.storage.system.MetaStore - Store vote null
00:16:56.998 [raft-server-raft-partition-6] TRACE i.a.p.raft.storage.system.MetaStore - Store vote null
00:16:57.094 [atomix-cluster-heartbeat-sender] INFO  i.a.c.i.DefaultClusterMembershipService - 3 - Member deactivated: StatefulMember{id=2, address=localhost:5002, metadata={}}
00:16:57.110 [raft-server-raft-partition-7] DEBUG i.a.protocols.raft.impl.RaftContext - RaftServer{raft-partition-7} - Set term 1
00:16:57.110 [raft-server-raft-partition-7] TRACE i.a.p.raft.storage.system.MetaStore - Store vote 1
00:16:57.180 [raft-server-raft-partition-6] DEBUG i.a.protocols.raft.impl.RaftContext - RaftServer{raft-partition-6} - Set term 1
00:16:57.180 [raft-server-raft-partition-6] TRACE i.a.p.raft.storage.system.MetaStore - Store vote 1
00:16:57.237 [raft-server-raft-partition-3] DEBUG i.a.p.raft.roles.FollowerRole - RaftServer{raft-partition-3}{role=FOLLOWER} - Heartbeat timed out in PT4.831S
00:16:57.237 [raft-server-raft-partition-3] INFO  i.a.protocols.raft.impl.RaftContext - RaftServer{raft-partition-3} - Transitioning to CANDIDATE
00:16:57.237 [raft-server-raft-partition-3] TRACE i.a.p.raft.roles.FollowerRole - RaftServer{raft-partition-3}{role=FOLLOWER} - Cancelling heartbeat timer
00:16:57.237 [raft-server-raft-partition-3] INFO  i.a.p.raft.roles.CandidateRole - RaftServer{raft-partition-3}{role=CANDIDATE} - Starting election
00:16:57.237 [raft-server-raft-partition-3] TRACE i.a.p.raft.storage.system.MetaStore - Store term 1
00:16:57.355 [raft-server-raft-partition-7] DEBUG i.a.protocols.raft.impl.RaftContext - RaftServer{raft-partition-7} - Voted for 1
00:16:57.355 [raft-server-raft-partition-7] DEBUG i.a.p.raft.roles.CandidateRole - RaftServer{raft-partition-7}{role=CANDIDATE} - Single member cluster. Transitioning directly to leader.
00:16:57.355 [raft-server-raft-partition-7] INFO  i.a.protocols.raft.impl.RaftContext - RaftServer{raft-partition-7} - Transitioning to LEADER
00:16:57.355 [raft-server-raft-partition-7] INFO  i.a.protocols.raft.impl.RaftContext - RaftServer{raft-partition-7} - Found leader 1
00:16:57.355 [raft-server-raft-partition-7] TRACE i.a.p.raft.storage.system.MetaStore - Store vote null
00:16:57.444 [raft-server-raft-partition-6] DEBUG i.a.protocols.raft.impl.RaftContext - RaftServer{raft-partition-6} - Voted for 1
00:16:57.444 [raft-server-raft-partition-3] TRACE i.a.p.raft.storage.system.MetaStore - Store vote null
00:16:57.444 [raft-server-raft-partition-6] DEBUG i.a.p.raft.roles.CandidateRole - RaftServer{raft-partition-6}{role=CANDIDATE} - Single member cluster. Transitioning directly to leader.
00:16:57.444 [raft-server-raft-partition-7] TRACE i.a.protocols.raft.roles.LeaderRole - RaftServer{raft-partition-7}{role=LEADER} - Appended Indexed{index=1, entry=InitializeEntry{term=1, timestamp=2018-06-11 12:16:57,355}}
00:16:57.444 [raft-server-raft-partition-6] INFO  i.a.protocols.raft.impl.RaftContext - RaftServer{raft-partition-6} - Transitioning to LEADER
00:16:57.444 [raft-server-raft-partition-6] INFO  i.a.protocols.raft.impl.RaftContext - RaftServer{raft-partition-6} - Found leader 1
00:16:57.444 [raft-server-raft-partition-6] TRACE i.a.p.raft.storage.system.MetaStore - Store vote null
00:16:57.588 [raft-server-raft-partition-3] DEBUG i.a.protocols.raft.impl.RaftContext - RaftServer{raft-partition-3} - Set term 1
00:16:57.588 [raft-server-raft-partition-3] TRACE i.a.p.raft.storage.system.MetaStore - Store vote 1
00:16:57.588 [raft-server-raft-partition-7] TRACE i.a.protocols.raft.roles.LeaderRole - RaftServer{raft-partition-7}{role=LEADER} - Starting append timer
00:16:57.588 [raft-server-raft-partition-6] TRACE i.a.protocols.raft.roles.LeaderRole - RaftServer{raft-partition-6}{role=LEADER} - Appended Indexed{index=1, entry=InitializeEntry{term=1, timestamp=2018-06-11 12:16:57,444}}
00:16:57.589 [raft-server-raft-partition-7] INFO  i.a.p.raft.impl.DefaultRaftServer - RaftServer{raft-partition-7} - Server started successfully!
00:16:57.589 [raft-server-raft-partition-7] INFO  i.a.p.r.p.impl.RaftPartitionServer - Successfully started server for partition PartitionId{id=7, group=raft}
00:16:57.589 [raft-server-raft-partition-7-state] TRACE i.a.p.raft.impl.RaftServiceManager - RaftServer{raft-partition-7} - Applying Indexed{index=1, entry=InitializeEntry{term=1, timestamp=2018-06-11 12:16:57,355}}
00:16:57.589 [raft-client-raft-partition-7-0] INFO  i.a.p.r.p.impl.RaftPartitionClient - Successfully started client for partition PartitionId{id=7, group=raft}
00:16:57.660 [raft-server-raft-partition-4] DEBUG i.a.p.raft.roles.FollowerRole - RaftServer{raft-partition-4}{role=FOLLOWER} - Heartbeat timed out in PT4.796S
00:16:57.660 [raft-server-raft-partition-4] INFO  i.a.protocols.raft.impl.RaftContext - RaftServer{raft-partition-4} - Transitioning to CANDIDATE
00:16:57.660 [raft-server-raft-partition-4] TRACE i.a.p.raft.roles.FollowerRole - RaftServer{raft-partition-4}{role=FOLLOWER} - Cancelling heartbeat timer
00:16:57.660 [raft-server-raft-partition-4] INFO  i.a.p.raft.roles.CandidateRole - RaftServer{raft-partition-4}{role=CANDIDATE} - Starting election
00:16:57.660 [raft-server-raft-partition-4] TRACE i.a.p.raft.storage.system.MetaStore - Store term 1
00:16:57.771 [raft-server-raft-partition-3] DEBUG i.a.protocols.raft.impl.RaftContext - RaftServer{raft-partition-3} - Voted for 1
00:16:57.771 [raft-server-raft-partition-3] DEBUG i.a.p.raft.roles.CandidateRole - RaftServer{raft-partition-3}{role=CANDIDATE} - Single member cluster. Transitioning directly to leader.
00:16:57.771 [raft-server-raft-partition-6] TRACE i.a.protocols.raft.roles.LeaderRole - RaftServer{raft-partition-6}{role=LEADER} - Starting append timer
00:16:57.771 [raft-server-raft-partition-3] INFO  i.a.protocols.raft.impl.RaftContext - RaftServer{raft-partition-3} - Transitioning to LEADER
00:16:57.771 [raft-server-raft-partition-6] INFO  i.a.p.raft.impl.DefaultRaftServer - RaftServer{raft-partition-6} - Server started successfully!
00:16:57.771 [raft-server-raft-partition-3] INFO  i.a.protocols.raft.impl.RaftContext - RaftServer{raft-partition-3} - Found leader 1
00:16:57.771 [raft-server-raft-partition-6] INFO  i.a.p.r.p.impl.RaftPartitionServer - Successfully started server for partition PartitionId{id=6, group=raft}
00:16:57.771 [raft-server-raft-partition-6-state] TRACE i.a.p.raft.impl.RaftServiceManager - RaftServer{raft-partition-6} - Applying Indexed{index=1, entry=InitializeEntry{term=1, timestamp=2018-06-11 12:16:57,444}}
00:16:57.771 [raft-server-raft-partition-3] TRACE i.a.p.raft.storage.system.MetaStore - Store vote null
00:16:57.772 [raft-client-raft-partition-6-0] INFO  i.a.p.r.p.impl.RaftPartitionClient - Successfully started client for partition PartitionId{id=6, group=raft}
00:16:57.919 [raft-server-raft-partition-4] TRACE i.a.p.raft.storage.system.MetaStore - Store vote null
00:16:58.072 [raft-server-raft-partition-3] TRACE i.a.protocols.raft.roles.LeaderRole - RaftServer{raft-partition-3}{role=LEADER} - Appended Indexed{index=1, entry=InitializeEntry{term=1, timestamp=2018-06-11 12:16:57,771}}
00:16:58.219 [raft-server-raft-partition-4] DEBUG i.a.protocols.raft.impl.RaftContext - RaftServer{raft-partition-4} - Set term 1
00:16:58.219 [raft-server-raft-partition-4] TRACE i.a.p.raft.storage.system.MetaStore - Store vote 1
00:16:58.333 [raft-server-raft-partition-3] TRACE i.a.protocols.raft.roles.LeaderRole - RaftServer{raft-partition-3}{role=LEADER} - Starting append timer
00:16:58.333 [raft-server-raft-partition-3] INFO  i.a.p.raft.impl.DefaultRaftServer - RaftServer{raft-partition-3} - Server started successfully!
00:16:58.333 [raft-server-raft-partition-3] INFO  i.a.p.r.p.impl.RaftPartitionServer - Successfully started server for partition PartitionId{id=3, group=raft}
00:16:58.333 [raft-server-raft-partition-3-state] TRACE i.a.p.raft.impl.RaftServiceManager - RaftServer{raft-partition-3} - Applying Indexed{index=1, entry=InitializeEntry{term=1, timestamp=2018-06-11 12:16:57,771}}
00:16:58.334 [raft-client-raft-partition-3-0] INFO  i.a.p.r.p.impl.RaftPartitionClient - Successfully started client for partition PartitionId{id=3, group=raft}
00:16:58.355 [raft-server-raft-partition-4] DEBUG i.a.protocols.raft.impl.RaftContext - RaftServer{raft-partition-4} - Voted for 1
00:16:58.355 [raft-server-raft-partition-4] DEBUG i.a.p.raft.roles.CandidateRole - RaftServer{raft-partition-4}{role=CANDIDATE} - Single member cluster. Transitioning directly to leader.
00:16:58.355 [raft-server-raft-partition-4] INFO  i.a.protocols.raft.impl.RaftContext - RaftServer{raft-partition-4} - Transitioning to LEADER
00:16:58.355 [raft-server-raft-partition-4] INFO  i.a.protocols.raft.impl.RaftContext - RaftServer{raft-partition-4} - Found leader 1
00:16:58.355 [raft-server-raft-partition-4] TRACE i.a.p.raft.storage.system.MetaStore - Store vote null
00:16:58.399 [raft-server-raft-partition-4] TRACE i.a.protocols.raft.roles.LeaderRole - RaftServer{raft-partition-4}{role=LEADER} - Appended Indexed{index=1, entry=InitializeEntry{term=1, timestamp=2018-06-11 12:16:58,355}}
00:16:58.640 [raft-server-raft-partition-4] TRACE i.a.protocols.raft.roles.LeaderRole - RaftServer{raft-partition-4}{role=LEADER} - Starting append timer
00:16:58.640 [raft-server-raft-partition-4] INFO  i.a.p.raft.impl.DefaultRaftServer - RaftServer{raft-partition-4} - Server started successfully!
00:16:58.640 [raft-server-raft-partition-4] INFO  i.a.p.r.p.impl.RaftPartitionServer - Successfully started server for partition PartitionId{id=4, group=raft}
00:16:58.640 [raft-server-raft-partition-4-state] TRACE i.a.p.raft.impl.RaftServiceManager - RaftServer{raft-partition-4} - Applying Indexed{index=1, entry=InitializeEntry{term=1, timestamp=2018-06-11 12:16:58,355}}
00:16:58.641 [raft-client-raft-partition-4-0] INFO  i.a.p.r.p.impl.RaftPartitionClient - Successfully started client for partition PartitionId{id=4, group=raft}
00:16:58.641 [raft-client-raft-partition-4-0] INFO  i.a.p.r.partition.RaftPartitionGroup - Started
00:16:58.641 [raft-client-raft-partition-4-0] INFO  i.a.p.p.impl.DefaultPartitionService - Started
00:16:58.642 [atomix-0] DEBUG i.a.p.r.s.impl.RaftSessionManager - RaftClient{system-partition-1} - Opening session; name: primitives, type: ConsistentMapType{name=consistent-map}
00:16:58.644 [raft-client-system-partition-1-5] TRACE i.a.p.r.s.impl.RaftSessionConnection - RaftClient{system-partition-1} - Sending OpenSessionRequest{node=1, serviceName=primitives, serviceType=consistent-map, readConsistency=SEQUENTIAL, minTimeout=250, maxTimeout=30000} to 1
00:16:58.645 [raft-server-system-partition-1] TRACE i.a.protocols.raft.roles.LeaderRole - RaftServer{system-partition-1}{role=LEADER} - Received OpenSessionRequest{node=1, serviceName=primitives, serviceType=consistent-map, readConsistency=SEQUENTIAL, minTimeout=250, maxTimeout=30000}
00:16:58.645 [raft-server-system-partition-1] TRACE i.a.protocols.raft.roles.LeaderRole - RaftServer{system-partition-1}{role=LEADER} - Appended Indexed{index=6, entry=OpenSessionEntry{term=1, timestamp=2018-06-11 12:16:58,645, node=1, serviceName=primitives, serviceType=consistent-map, serviceConfig=byte[]{length=2, hash=2636}, readConsistency=SEQUENTIAL, minTimeout=250, maxTimeout=30000}}
00:16:58.850 [raft-server-system-partition-1-state] TRACE i.a.p.raft.impl.RaftServiceManager - RaftServer{system-partition-1} - Applying Indexed{index=6, entry=OpenSessionEntry{term=1, timestamp=2018-06-11 12:16:58,645, node=1, serviceName=primitives, serviceType=consistent-map, serviceConfig=byte[]{length=2, hash=2636}, readConsistency=SEQUENTIAL, minTimeout=250, maxTimeout=30000}}
00:16:58.855 [raft-server-system-partition-1-state] DEBUG i.a.p.r.service.RaftServiceContext - PrimitiveService{6}{type=ConsistentMapType{name=consistent-map}, name=primitives} - Opening session 6
00:16:58.855 [raft-server-system-partition-1-state] DEBUG i.a.p.raft.session.RaftSession - Session{6}{type=ConsistentMapType{name=consistent-map}, name=primitives} - State changed: OPEN
00:16:58.855 [raft-server-system-partition-1-state] TRACE i.a.protocols.raft.roles.LeaderRole - RaftServer{system-partition-1}{role=LEADER} - Sending OpenSessionResponse{status=OK, session=6, timeout=30000}
00:16:58.855 [raft-client-system-partition-1-0] TRACE i.a.p.r.s.impl.RaftSessionConnection - RaftClient{system-partition-1} - Received OpenSessionResponse{status=OK, session=6, timeout=30000} from 1
00:16:58.855 [raft-client-system-partition-1-0] TRACE i.a.p.r.s.impl.RaftSessionManager - RaftClient{system-partition-1} - Keeping 3 sessions alive
00:16:58.855 [raft-client-system-partition-1-6] TRACE i.a.p.r.s.impl.RaftSessionConnection - RaftClient{system-partition-1} - Sending KeepAliveRequest{sessionIds=long[]{length=3, hash=31843}, commandSequences=long[]{length=3, hash=29791}, eventIndexes=long[]{length=3, hash=31843}} to 1
00:16:58.855 [raft-server-system-partition-1] TRACE i.a.protocols.raft.roles.LeaderRole - RaftServer{system-partition-1}{role=LEADER} - Received KeepAliveRequest{sessionIds=long[]{length=3, hash=31843}, commandSequences=long[]{length=3, hash=29791}, eventIndexes=long[]{length=3, hash=31843}}
00:16:58.856 [raft-server-system-partition-1] TRACE i.a.protocols.raft.roles.LeaderRole - RaftServer{system-partition-1}{role=LEADER} - Appended Indexed{index=7, entry=KeepAliveEntry{term=1, timestamp=2018-06-11 12:16:58,855, sessionIds=long[]{length=3, hash=31843}, commandSequences=long[]{length=3, hash=29791}, eventIndexes=long[]{length=3, hash=31843}}}
00:16:58.858 [raft-client-system-partition-1-0] TRACE i.a.p.r.s.impl.RaftSessionConnection - SessionClient{6}{type=ConsistentMapType{name=consistent-map}, name=primitives} - Sending CommandRequest{session=6, sequence=1, operation=PrimitiveOperation{id=DefaultOperationId{id=putIfAbsentWithTtl, type=COMMAND}, value=byte[]{length=45, hash=-655357269}}} to 1
00:16:59.050 [raft-server-system-partition-1] TRACE i.a.protocols.raft.roles.LeaderRole - RaftServer{system-partition-1}{role=LEADER} - Received CommandRequest{session=6, sequence=1, operation=PrimitiveOperation{id=DefaultOperationId{id=putIfAbsentWithTtl, type=COMMAND}, value=byte[]{length=45, hash=-655357269}}}
00:16:59.050 [raft-server-system-partition-1] TRACE i.a.protocols.raft.roles.LeaderRole - RaftServer{system-partition-1}{role=LEADER} - Appended Indexed{index=8, entry=CommandEntry{term=1, timestamp=2018-06-11 12:16:59,050, session=6, sequence=1, operation=PrimitiveOperation{id=DefaultOperationId{id=putIfAbsentWithTtl, type=COMMAND}, value=byte[]{length=45, hash=-655357269}}}}
00:16:59.051 [raft-server-system-partition-1-state] TRACE i.a.p.raft.impl.RaftServiceManager - RaftServer{system-partition-1} - Applying Indexed{index=7, entry=KeepAliveEntry{term=1, timestamp=2018-06-11 12:16:58,855, sessionIds=long[]{length=3, hash=31843}, commandSequences=long[]{length=3, hash=29791}, eventIndexes=long[]{length=3, hash=31843}}}
00:16:59.140 [raft-server-system-partition-1] TRACE i.a.protocols.raft.roles.LeaderRole - RaftServer{system-partition-1}{role=LEADER} - Sending KeepAliveResponse{status=OK, leader=1, members=[1], sessionIds=long[]{length=3, hash=31843}}
00:16:59.140 [raft-server-system-partition-1-state] TRACE i.a.p.raft.impl.RaftServiceManager - RaftServer{system-partition-1} - Applying Indexed{index=8, entry=CommandEntry{term=1, timestamp=2018-06-11 12:16:59,050, session=6, sequence=1, operation=PrimitiveOperation{id=DefaultOperationId{id=putIfAbsentWithTtl, type=COMMAND}, value=byte[]{length=45, hash=-655357269}}}}
00:16:59.140 [raft-client-system-partition-1-6] TRACE i.a.p.r.s.impl.RaftSessionConnection - RaftClient{system-partition-1} - Received KeepAliveResponse{status=OK, leader=1, members=[1], sessionIds=long[]{length=3, hash=31843}} from 1
00:16:59.141 [raft-server-system-partition-1-state] TRACE i.a.protocols.raft.roles.LeaderRole - RaftServer{system-partition-1}{role=LEADER} - Sending CommandResponse{status=OK, index=8, eventIndex=6, result=byte[]{length=28, hash=2049530842}}
00:16:59.141 [raft-client-system-partition-1-5] TRACE i.a.p.r.s.impl.RaftSessionConnection - SessionClient{6}{type=ConsistentMapType{name=consistent-map}, name=primitives} - Received CommandResponse{status=OK, index=8, eventIndex=6, result=byte[]{length=28, hash=2049530842}} from 1
00:16:59.141 [raft-client-system-partition-1-5] TRACE i.a.p.r.s.impl.RaftSessionSequencer - SessionClient{6}{type=ConsistentMapType{name=consistent-map}, name=primitives} - Completing response CommandResponse{status=OK, index=8, eventIndex=6, result=byte[]{length=28, hash=2049530842}}
00:16:59.142 [raft-client-system-partition-1-5] INFO  i.a.core.impl.CoreTransactionService - Started
00:16:59.142 [raft-client-system-partition-1-5] INFO  i.a.core.impl.CorePrimitivesService - Started
00:16:59.143 [atomix-cluster-0] INFO  io.atomix.cluster.AtomixCluster - Started
00:16:59.358 [main] WARN  i.a.c.m.impl.NettyMessagingService - Disabling TLS for intra-cluster messaging; Could not load cluster key store: ../config/atomix.jks (No such file or directory)
00:16:59.360 [netty-messaging-event-epoll-server-0] INFO  i.a.c.m.impl.NettyMessagingService - localhost/127.0.0.1 accepting incoming connections on port 5002
00:16:59.360 [netty-messaging-event-epoll-server-0] INFO  i.a.c.m.impl.NettyMessagingService - Started
00:16:59.361 [atomix-cluster-0] INFO  i.a.c.i.DefaultClusterMembershipService - 2 - Member activated: StatefulMember{id=2, address=localhost:5002, metadata={}}
00:16:59.361 [atomix-cluster-0] INFO  i.a.c.i.DefaultClusterMembershipService - 2 - Member activated: StatefulMember{id=1, address=localhost:5001, metadata={}}
00:16:59.363 [netty-messaging-event-epoll-client-0] INFO  i.a.c.i.DefaultClusterMembershipService - 2 - Member activated: StatefulMember{id=3, address=127.0.0.1:5003, metadata={}}
00:16:59.363 [netty-messaging-event-epoll-client-0] INFO  i.a.c.i.DefaultClusterMembershipService - Started
00:16:59.363 [atomix-cluster-0] INFO  i.a.c.m.i.DefaultClusterCommunicationService - Started
00:16:59.363 [atomix-cluster-heartbeat-receiver] INFO  i.a.c.i.DefaultClusterMembershipService - 3 - Member activated: StatefulMember{id=2, address=localhost:5002, metadata={}}
00:16:59.364 [atomix-cluster-0] INFO  i.a.c.m.i.DefaultClusterEventService - Started
00:16:59.370 [main] INFO  i.a.core.impl.CorePrimitivesService - Stopped
00:16:59.371 [raft-client-system-partition-1-4] INFO  i.a.p.r.s.impl.RaftSessionManager - RaftClient{system-partition-1} - Closing session 6
00:16:59.371 [atomix-0] INFO  i.a.p.p.i.DefaultPartitionGroupMembershipService - Stopped
00:16:59.371 [atomix-0] INFO  i.a.p.p.impl.DefaultPartitionService - Stopped
00:16:59.371 [raft-client-system-partition-1-4] TRACE i.a.p.r.s.impl.RaftSessionConnection - RaftClient{system-partition-1} - Sending CloseSessionRequest{session=6} to 1
00:16:59.371 [atomix-0] INFO  i.a.c.m.i.DefaultClusterCommunicationService - Stopped
00:16:59.371 [raft-server-system-partition-1] TRACE i.a.protocols.raft.roles.LeaderRole - RaftServer{system-partition-1}{role=LEADER} - Received CloseSessionRequest{session=6}
00:16:59.371 [atomix-cluster-0] INFO  i.a.c.m.i.DefaultClusterEventService - Stopped
00:16:59.371 [atomix-cluster-0] INFO  i.a.c.i.DefaultClusterMembershipService - 2 - Member deactivated: StatefulMember{id=2, address=localhost:5002, metadata={}}
00:16:59.371 [raft-server-system-partition-1] TRACE i.a.protocols.raft.roles.LeaderRole - RaftServer{system-partition-1}{role=LEADER} - Appended Indexed{index=9, entry=CloseSessionEntry{term=1, timestamp=2018-06-11 12:16:59,371, session=6, expired=false}}
00:16:59.371 [atomix-cluster-0] INFO  i.a.c.i.DefaultClusterMembershipService - Stopped
00:16:59.375 [netty-messaging-event-epoll-server-0] INFO  i.a.c.m.impl.NettyMessagingService - Stopped
00:16:59.375 [atomix-cluster-0] INFO  io.atomix.cluster.AtomixCluster - Stopped
00:16:59.564 [raft-server-system-partition-1-state] TRACE i.a.p.raft.impl.RaftServiceManager - RaftServer{system-partition-1} - Applying Indexed{index=9, entry=CloseSessionEntry{term=1, timestamp=2018-06-11 12:16:59,371, session=6, expired=false}}
00:16:59.564 [raft-server-system-partition-1-state] DEBUG i.a.p.r.service.RaftServiceContext - PrimitiveService{6}{type=ConsistentMapType{name=consistent-map}, name=primitives} - Closing session 6
00:16:59.565 [raft-server-system-partition-1-state] DEBUG i.a.p.raft.session.RaftSession - Session{6}{type=ConsistentMapType{name=consistent-map}, name=primitives} - State changed: CLOSED
00:16:59.565 [raft-server-system-partition-1-state] TRACE i.a.protocols.raft.roles.LeaderRole - RaftServer{system-partition-1}{role=LEADER} - Sending CloseSessionResponse{status=OK}
00:16:59.565 [raft-client-system-partition-1-3] TRACE i.a.p.r.s.impl.RaftSessionConnection - RaftClient{system-partition-1} - Received CloseSessionResponse{status=OK} from 1
00:16:59.566 [raft-client-system-partition-1-3] INFO  i.a.core.impl.CorePrimitivesService - Stopped
00:16:59.567 [raft-server-raft-partition-7] INFO  i.a.protocols.raft.impl.RaftContext - RaftServer{raft-partition-7} - Transitioning to INACTIVE
00:16:59.567 [raft-server-raft-partition-7] TRACE i.a.protocols.raft.roles.LeaderRole - RaftServer{raft-partition-7}{role=LEADER} - Cancelling append timer
00:16:59.567 [raft-server-raft-partition-1] INFO  i.a.protocols.raft.impl.RaftContext - RaftServer{raft-partition-1} - Transitioning to INACTIVE
00:16:59.567 [raft-server-raft-partition-7] TRACE i.a.p.raft.storage.system.MetaStore - Store vote null
00:16:59.567 [raft-server-raft-partition-1] TRACE i.a.protocols.raft.roles.LeaderRole - RaftServer{raft-partition-1}{role=LEADER} - Cancelling append timer
00:16:59.567 [raft-server-raft-partition-1] TRACE i.a.p.raft.storage.system.MetaStore - Store vote null
00:16:59.567 [raft-server-raft-partition-2] INFO  i.a.protocols.raft.impl.RaftContext - RaftServer{raft-partition-2} - Transitioning to INACTIVE
00:16:59.567 [raft-server-system-partition-1] INFO  i.a.protocols.raft.impl.RaftContext - RaftServer{system-partition-1} - Transitioning to INACTIVE
00:16:59.567 [raft-server-raft-partition-2] TRACE i.a.protocols.raft.roles.LeaderRole - RaftServer{raft-partition-2}{role=LEADER} - Cancelling append timer
00:16:59.567 [raft-server-system-partition-1] TRACE i.a.protocols.raft.roles.LeaderRole - RaftServer{system-partition-1}{role=LEADER} - Cancelling append timer
00:16:59.567 [raft-server-raft-partition-2] TRACE i.a.p.raft.storage.system.MetaStore - Store vote null
00:16:59.567 [raft-server-system-partition-1] TRACE i.a.p.raft.storage.system.MetaStore - Store vote null
00:16:59.568 [raft-server-raft-partition-6] INFO  i.a.protocols.raft.impl.RaftContext - RaftServer{raft-partition-6} - Transitioning to INACTIVE
00:16:59.568 [raft-server-raft-partition-6] TRACE i.a.protocols.raft.roles.LeaderRole - RaftServer{raft-partition-6}{role=LEADER} - Cancelling append timer
00:16:59.568 [raft-server-raft-partition-6] TRACE i.a.p.raft.storage.system.MetaStore - Store vote null
00:16:59.568 [raft-server-raft-partition-3] INFO  i.a.protocols.raft.impl.RaftContext - RaftServer{raft-partition-3} - Transitioning to INACTIVE
00:16:59.568 [raft-server-raft-partition-3] TRACE i.a.protocols.raft.roles.LeaderRole - RaftServer{raft-partition-3}{role=LEADER} - Cancelling append timer
00:16:59.568 [raft-server-raft-partition-3] TRACE i.a.p.raft.storage.system.MetaStore - Store vote null
00:16:59.568 [raft-server-raft-partition-5] INFO  i.a.protocols.raft.impl.RaftContext - RaftServer{raft-partition-5} - Transitioning to INACTIVE
00:16:59.568 [raft-server-raft-partition-5] TRACE i.a.protocols.raft.roles.LeaderRole - RaftServer{raft-partition-5}{role=LEADER} - Cancelling append timer
00:16:59.568 [raft-server-raft-partition-5] TRACE i.a.p.raft.storage.system.MetaStore - Store vote null
00:16:59.569 [raft-server-raft-partition-4] INFO  i.a.protocols.raft.impl.RaftContext - RaftServer{raft-partition-4} - Transitioning to INACTIVE
00:16:59.569 [raft-server-raft-partition-4] TRACE i.a.protocols.raft.roles.LeaderRole - RaftServer{raft-partition-4}{role=LEADER} - Cancelling append timer
00:16:59.569 [raft-server-raft-partition-4] TRACE i.a.p.raft.storage.system.MetaStore - Store vote null
00:16:59.693 [ForkJoinPool.commonPool-worker-2] INFO  i.a.p.r.partition.RaftPartitionGroup - Stopped
00:16:59.693 [ForkJoinPool.commonPool-worker-3] INFO  i.a.p.r.partition.RaftPartitionGroup - Stopped
00:16:59.693 [ForkJoinPool.commonPool-worker-3] INFO  i.a.p.p.i.DefaultPartitionGroupMembershipService - Stopped
00:16:59.694 [ForkJoinPool.commonPool-worker-3] INFO  i.a.p.p.impl.DefaultPartitionService - Stopped
00:16:59.694 [atomix-0] INFO  i.a.c.m.i.DefaultClusterCommunicationService - Stopped
00:16:59.694 [atomix-cluster-0] INFO  i.a.c.m.i.DefaultClusterEventService - Stopped
00:16:59.694 [atomix-cluster-0] INFO  i.a.c.i.DefaultClusterMembershipService - 1 - Member deactivated: StatefulMember{id=1, address=localhost:5001, metadata={}}
00:16:59.694 [atomix-cluster-0] INFO  i.a.c.i.DefaultClusterMembershipService - Stopped
00:16:59.696 [netty-messaging-event-epoll-server-0] INFO  i.a.c.m.impl.NettyMessagingService - Stopped
00:16:59.697 [atomix-cluster-0] INFO  io.atomix.cluster.AtomixCluster - Stopped
</system-out>
  </testcase>
  <testcase name="testScaleDownPersistent" classname="io.atomix.core.AtomixTest" time="36.035">
    <error message="io.netty.channel.AbstractChannel$AnnotatedConnectException: syscall:getsockopt(..) failed: Connection refused: localhost/127.0.0.1:5003" type="java.util.concurrent.ExecutionException">java.util.concurrent.ExecutionException: io.netty.channel.AbstractChannel$AnnotatedConnectException: syscall:getsockopt(..) failed: Connection refused: localhost/127.0.0.1:5003
	at io.netty.channel.unix.Socket.finishConnect(..)(Unknown Source)
</error>
    <system-out>00:17:00.125 [main] WARN  i.a.c.m.impl.NettyMessagingService - Disabling TLS for intra-cluster messaging; Could not load cluster key store: ../config/atomix.jks (No such file or directory)
00:17:00.127 [netty-messaging-event-epoll-server-0] INFO  i.a.c.m.impl.NettyMessagingService - localhost/127.0.0.1 accepting incoming connections on port 5001
00:17:00.127 [netty-messaging-event-epoll-server-0] INFO  i.a.c.m.impl.NettyMessagingService - Started
00:17:00.127 [atomix-cluster-0] INFO  i.a.c.i.DefaultClusterMembershipService - 1 - Member activated: StatefulMember{id=1, address=localhost:5001, metadata={}}
00:17:00.127 [atomix-cluster-0] INFO  i.a.c.i.DefaultClusterMembershipService - 1 - Member activated: StatefulMember{id=2, address=localhost:5002, metadata={}}
00:17:00.128 [atomix-cluster-0] INFO  i.a.c.i.DefaultClusterMembershipService - 1 - Member activated: StatefulMember{id=3, address=localhost:5003, metadata={}}
00:17:00.128 [netty-messaging-event-epoll-client-1] INFO  i.a.c.i.DefaultClusterMembershipService - Started
00:17:00.128 [atomix-cluster-0] INFO  i.a.c.m.i.DefaultClusterCommunicationService - Started
00:17:00.129 [atomix-cluster-0] INFO  i.a.c.m.i.DefaultClusterEventService - Started
00:17:00.130 [atomix-partition-group-membership-service-0] DEBUG i.a.p.b.s.i.PrimaryBackupServiceContext - PrimitiveService{system-partition-1}{type=PRIMARY_ELECTOR, name=atomix-primary-elector} - Term changed: PrimaryTerm{term=12, primary=GroupMember{memberId=3, groupId=3}, candidates=[GroupMember{memberId=1, groupId=1}]}
00:17:00.130 [atomix-partition-group-membership-service-0] DEBUG i.a.p.b.s.i.PrimaryBackupServiceContext - PrimitiveService{system-partition-1}{type=consistent-map, name=primitives} - Term changed: PrimaryTerm{term=12, primary=GroupMember{memberId=3, groupId=3}, candidates=[GroupMember{memberId=1, groupId=1}]}
00:17:00.133 [atomix-partition-group-membership-service-0] INFO  i.a.p.p.i.DefaultPartitionGroupMembershipService - Started
00:17:00.133 [atomix-partition-group-membership-service-0] INFO  i.a.p.p.i.HashBasedPrimaryElectionService - Started
00:17:00.134 [atomix-partition-group-membership-service-0] INFO  i.a.p.b.p.i.PrimaryBackupPartitionServer - Successfully started server for PartitionId{id=1, group=system}
00:17:00.134 [atomix-partition-group-membership-service-0] INFO  i.a.p.b.p.i.PrimaryBackupPartitionClient - Successfully started client for PartitionId{id=1, group=system}
00:17:00.134 [atomix-partition-group-membership-service-0] INFO  i.a.p.b.p.PrimaryBackupPartitionGroup - Started
00:17:00.137 [atomix-system-2] TRACE i.a.p.b.s.PrimaryBackupSessionClient - SessionClient{system-partition-1}{type=PRIMARY_ELECTOR, name=atomix-primary-elector} - Sending ExecuteRequest{session=4822208371359517296, node=1, primitive=PrimitiveDescriptor{name=atomix-primary-elector, type=PRIMARY_ELECTOR, backups=1, replication=ASYNCHRONOUS}, operation=PrimitiveOperation{id=DefaultOperationId{id=ENTER, type=COMMAND}, value=byte[]{length=28, hash=479217703}}} to GroupMember{memberId=3, groupId=3}
00:17:00.137 [atomix-system-2] TRACE i.a.p.b.s.PrimaryBackupSessionClient - SessionClient{system-partition-1}{type=PRIMARY_ELECTOR, name=atomix-primary-elector} - Sending ExecuteRequest{session=4822208371359517296, node=1, primitive=PrimitiveDescriptor{name=atomix-primary-elector, type=PRIMARY_ELECTOR, backups=1, replication=ASYNCHRONOUS}, operation=PrimitiveOperation{id=DefaultOperationId{id=ENTER, type=COMMAND}, value=byte[]{length=28, hash=479217645}}} to GroupMember{memberId=3, groupId=3}
00:17:00.137 [atomix-system-2] TRACE i.a.p.b.s.PrimaryBackupSessionClient - SessionClient{system-partition-1}{type=PRIMARY_ELECTOR, name=atomix-primary-elector} - Sending ExecuteRequest{session=4822208371359517296, node=1, primitive=PrimitiveDescriptor{name=atomix-primary-elector, type=PRIMARY_ELECTOR, backups=1, replication=ASYNCHRONOUS}, operation=PrimitiveOperation{id=DefaultOperationId{id=ENTER, type=COMMAND}, value=byte[]{length=29, hash=1970839218}}} to GroupMember{memberId=3, groupId=3}
00:17:00.137 [atomix-system-2] TRACE i.a.p.b.s.PrimaryBackupSessionClient - SessionClient{system-partition-1}{type=PRIMARY_ELECTOR, name=atomix-primary-elector} - Sending ExecuteRequest{session=4822208371359517296, node=1, primitive=PrimitiveDescriptor{name=atomix-primary-elector, type=PRIMARY_ELECTOR, backups=1, replication=ASYNCHRONOUS}, operation=PrimitiveOperation{id=DefaultOperationId{id=ENTER, type=COMMAND}, value=byte[]{length=28, hash=479217653}}} to GroupMember{memberId=3, groupId=3}
00:17:00.137 [atomix-system-2] TRACE i.a.p.b.s.PrimaryBackupSessionClient - SessionClient{system-partition-1}{type=PRIMARY_ELECTOR, name=atomix-primary-elector} - Sending ExecuteRequest{session=4822208371359517296, node=1, primitive=PrimitiveDescriptor{name=atomix-primary-elector, type=PRIMARY_ELECTOR, backups=1, replication=ASYNCHRONOUS}, operation=PrimitiveOperation{id=DefaultOperationId{id=ENTER, type=COMMAND}, value=byte[]{length=28, hash=479217587}}} to GroupMember{memberId=3, groupId=3}
00:17:00.138 [atomix-system-2] TRACE i.a.p.b.s.PrimaryBackupSessionClient - SessionClient{system-partition-1}{type=PRIMARY_ELECTOR, name=atomix-primary-elector} - Sending ExecuteRequest{session=4822208371359517296, node=1, primitive=PrimitiveDescriptor{name=atomix-primary-elector, type=PRIMARY_ELECTOR, backups=1, replication=ASYNCHRONOUS}, operation=PrimitiveOperation{id=DefaultOperationId{id=ENTER, type=COMMAND}, value=byte[]{length=29, hash=1970839466}}} to GroupMember{memberId=3, groupId=3}
00:17:00.138 [atomix-system-2] TRACE i.a.p.b.s.PrimaryBackupSessionClient - SessionClient{system-partition-1}{type=PRIMARY_ELECTOR, name=atomix-primary-elector} - Sending ExecuteRequest{session=4822208371359517296, node=1, primitive=PrimitiveDescriptor{name=atomix-primary-elector, type=PRIMARY_ELECTOR, backups=1, replication=ASYNCHRONOUS}, operation=PrimitiveOperation{id=DefaultOperationId{id=ENTER, type=COMMAND}, value=byte[]{length=28, hash=479217661}}} to GroupMember{memberId=3, groupId=3}
00:17:00.138 [atomix-system-2] TRACE i.a.p.b.s.PrimaryBackupSessionClient - SessionClient{system-partition-1}{type=PRIMARY_ELECTOR, name=atomix-primary-elector} - Sending ExecuteRequest{session=4822208371359517296, node=1, primitive=PrimitiveDescriptor{name=atomix-primary-elector, type=PRIMARY_ELECTOR, backups=1, replication=ASYNCHRONOUS}, operation=PrimitiveOperation{id=DefaultOperationId{id=ENTER, type=COMMAND}, value=byte[]{length=28, hash=479217595}}} to GroupMember{memberId=3, groupId=3}
00:17:00.138 [atomix-system-2] TRACE i.a.p.b.s.PrimaryBackupSessionClient - SessionClient{system-partition-1}{type=PRIMARY_ELECTOR, name=atomix-primary-elector} - Sending ExecuteRequest{session=4822208371359517296, node=1, primitive=PrimitiveDescriptor{name=atomix-primary-elector, type=PRIMARY_ELECTOR, backups=1, replication=ASYNCHRONOUS}, operation=PrimitiveOperation{id=DefaultOperationId{id=ENTER, type=COMMAND}, value=byte[]{length=28, hash=479217669}}} to GroupMember{memberId=3, groupId=3}
00:17:00.138 [atomix-system-7] TRACE i.a.p.backup.roles.PrimaryRole - PrimaryRole{system-partition-1}{role=PRIMARY} - Received ExecuteRequest{session=4822208371359517296, node=1, primitive=PrimitiveDescriptor{name=atomix-primary-elector, type=PRIMARY_ELECTOR, backups=1, replication=ASYNCHRONOUS}, operation=PrimitiveOperation{id=DefaultOperationId{id=ENTER, type=COMMAND}, value=byte[]{length=28, hash=479217653}}}
00:17:00.138 [atomix-system-2] TRACE i.a.p.b.s.PrimaryBackupSessionClient - SessionClient{system-partition-1}{type=PRIMARY_ELECTOR, name=atomix-primary-elector} - Sending ExecuteRequest{session=4822208371359517296, node=1, primitive=PrimitiveDescriptor{name=atomix-primary-elector, type=PRIMARY_ELECTOR, backups=1, replication=ASYNCHRONOUS}, operation=PrimitiveOperation{id=DefaultOperationId{id=ENTER, type=COMMAND}, value=byte[]{length=28, hash=479217603}}} to GroupMember{memberId=3, groupId=3}
00:17:00.138 [atomix-system-2] TRACE i.a.p.b.s.PrimaryBackupSessionClient - SessionClient{system-partition-1}{type=PRIMARY_ELECTOR, name=atomix-primary-elector} - Sending ExecuteRequest{session=4822208371359517296, node=1, primitive=PrimitiveDescriptor{name=atomix-primary-elector, type=PRIMARY_ELECTOR, backups=1, replication=ASYNCHRONOUS}, operation=PrimitiveOperation{id=DefaultOperationId{id=ENTER, type=COMMAND}, value=byte[]{length=28, hash=479217671}}} to GroupMember{memberId=3, groupId=3}
00:17:00.138 [atomix-system-2] TRACE i.a.p.b.s.PrimaryBackupSessionClient - SessionClient{system-partition-1}{type=PRIMARY_ELECTOR, name=atomix-primary-elector} - Sending ExecuteRequest{session=4822208371359517296, node=1, primitive=PrimitiveDescriptor{name=atomix-primary-elector, type=PRIMARY_ELECTOR, backups=1, replication=ASYNCHRONOUS}, operation=PrimitiveOperation{id=DefaultOperationId{id=ENTER, type=COMMAND}, value=byte[]{length=28, hash=479217613}}} to GroupMember{memberId=3, groupId=3}
00:17:00.138 [atomix-system-2] TRACE i.a.p.b.s.PrimaryBackupSessionClient - SessionClient{system-partition-1}{type=PRIMARY_ELECTOR, name=atomix-primary-elector} - Sending ExecuteRequest{session=4822208371359517296, node=1, primitive=PrimitiveDescriptor{name=atomix-primary-elector, type=PRIMARY_ELECTOR, backups=1, replication=ASYNCHRONOUS}, operation=PrimitiveOperation{id=DefaultOperationId{id=ENTER, type=COMMAND}, value=byte[]{length=28, hash=479217679}}} to GroupMember{memberId=3, groupId=3}
00:17:00.138 [atomix-system-2] TRACE i.a.p.b.s.PrimaryBackupSessionClient - SessionClient{system-partition-1}{type=PRIMARY_ELECTOR, name=atomix-primary-elector} - Sending ExecuteRequest{session=4822208371359517296, node=1, primitive=PrimitiveDescriptor{name=atomix-primary-elector, type=PRIMARY_ELECTOR, backups=1, replication=ASYNCHRONOUS}, operation=PrimitiveOperation{id=DefaultOperationId{id=ENTER, type=COMMAND}, value=byte[]{length=28, hash=479217621}}} to GroupMember{memberId=3, groupId=3}
00:17:00.139 [atomix-system-7] TRACE i.a.p.backup.roles.PrimaryRole - PrimaryRole{system-partition-1}{role=PRIMARY} - Sending ExecuteResponse{status=OK, result=byte[]{length=25, hash=362903976}}
00:17:00.139 [atomix-system-2] TRACE i.a.p.b.s.PrimaryBackupSessionClient - SessionClient{system-partition-1}{type=PRIMARY_ELECTOR, name=atomix-primary-elector} - Sending ExecuteRequest{session=4822208371359517296, node=1, primitive=PrimitiveDescriptor{name=atomix-primary-elector, type=PRIMARY_ELECTOR, backups=1, replication=ASYNCHRONOUS}, operation=PrimitiveOperation{id=DefaultOperationId{id=ENTER, type=COMMAND}, value=byte[]{length=28, hash=479217687}}} to GroupMember{memberId=3, groupId=3}
00:17:00.139 [atomix-system-7] TRACE i.a.p.backup.roles.PrimaryRole - PrimaryRole{system-partition-1}{role=PRIMARY} - Received ExecuteRequest{session=4822208371359517296, node=1, primitive=PrimitiveDescriptor{name=atomix-primary-elector, type=PRIMARY_ELECTOR, backups=1, replication=ASYNCHRONOUS}, operation=PrimitiveOperation{id=DefaultOperationId{id=ENTER, type=COMMAND}, value=byte[]{length=29, hash=1970839218}}}
00:17:00.139 [atomix-system-2] TRACE i.a.p.b.s.PrimaryBackupSessionClient - SessionClient{system-partition-1}{type=PRIMARY_ELECTOR, name=atomix-primary-elector} - Sending ExecuteRequest{session=4822208371359517296, node=1, primitive=PrimitiveDescriptor{name=atomix-primary-elector, type=PRIMARY_ELECTOR, backups=1, replication=ASYNCHRONOUS}, operation=PrimitiveOperation{id=DefaultOperationId{id=ENTER, type=COMMAND}, value=byte[]{length=28, hash=479217629}}} to GroupMember{memberId=3, groupId=3}
00:17:00.139 [atomix-system-2] TRACE i.a.p.b.s.PrimaryBackupSessionClient - SessionClient{system-partition-1}{type=PRIMARY_ELECTOR, name=atomix-primary-elector} - Sending ExecuteRequest{session=4822208371359517296, node=1, primitive=PrimitiveDescriptor{name=atomix-primary-elector, type=PRIMARY_ELECTOR, backups=1, replication=ASYNCHRONOUS}, operation=PrimitiveOperation{id=DefaultOperationId{id=ENTER, type=COMMAND}, value=byte[]{length=28, hash=479217695}}} to GroupMember{memberId=3, groupId=3}
00:17:00.139 [atomix-system-2] TRACE i.a.p.b.s.PrimaryBackupSessionClient - SessionClient{system-partition-1}{type=PRIMARY_ELECTOR, name=atomix-primary-elector} - Sending ExecuteRequest{session=4822208371359517296, node=1, primitive=PrimitiveDescriptor{name=atomix-primary-elector, type=PRIMARY_ELECTOR, backups=1, replication=ASYNCHRONOUS}, operation=PrimitiveOperation{id=DefaultOperationId{id=ENTER, type=COMMAND}, value=byte[]{length=28, hash=479217637}}} to GroupMember{memberId=3, groupId=3}
00:17:00.139 [atomix-system-2] TRACE i.a.p.b.s.PrimaryBackupSessionClient - SessionClient{system-partition-1}{type=PRIMARY_ELECTOR, name=atomix-primary-elector} - Sending ExecuteRequest{session=4822208371359517296, node=1, primitive=PrimitiveDescriptor{name=atomix-primary-elector, type=PRIMARY_ELECTOR, backups=1, replication=ASYNCHRONOUS}, operation=PrimitiveOperation{id=DefaultOperationId{id=ENTER, type=COMMAND}, value=byte[]{length=28, hash=479217709}}} to GroupMember{memberId=3, groupId=3}
00:17:00.139 [atomix-system-7] TRACE i.a.p.backup.roles.PrimaryRole - PrimaryRole{system-partition-1}{role=PRIMARY} - Sending ExecuteResponse{status=OK, result=byte[]{length=25, hash=362903976}}
00:17:00.139 [atomix-system-2] TRACE i.a.p.b.s.PrimaryBackupSessionClient - SessionClient{system-partition-1}{type=PRIMARY_ELECTOR, name=atomix-primary-elector} - Sending ExecuteRequest{session=4822208371359517296, node=1, primitive=PrimitiveDescriptor{name=atomix-primary-elector, type=PRIMARY_ELECTOR, backups=1, replication=ASYNCHRONOUS}, operation=PrimitiveOperation{id=DefaultOperationId{id=ENTER, type=COMMAND}, value=byte[]{length=28, hash=479217643}}} to GroupMember{memberId=3, groupId=3}
00:17:00.139 [atomix-system-7] TRACE i.a.p.backup.roles.PrimaryRole - PrimaryRole{system-partition-1}{role=PRIMARY} - Received ExecuteRequest{session=4822208371359517296, node=1, primitive=PrimitiveDescriptor{name=atomix-primary-elector, type=PRIMARY_ELECTOR, backups=1, replication=ASYNCHRONOUS}, operation=PrimitiveOperation{id=DefaultOperationId{id=ENTER, type=COMMAND}, value=byte[]{length=28, hash=479217645}}}
00:17:00.139 [atomix-system-2] TRACE i.a.p.b.s.PrimaryBackupSessionClient - SessionClient{system-partition-1}{type=PRIMARY_ELECTOR, name=atomix-primary-elector} - Sending ExecuteRequest{session=4822208371359517296, node=1, primitive=PrimitiveDescriptor{name=atomix-primary-elector, type=PRIMARY_ELECTOR, backups=1, replication=ASYNCHRONOUS}, operation=PrimitiveOperation{id=DefaultOperationId{id=ENTER, type=COMMAND}, value=byte[]{length=28, hash=479217585}}} to GroupMember{memberId=3, groupId=3}
00:17:00.139 [atomix-system-2] TRACE i.a.p.b.s.PrimaryBackupSessionClient - SessionClient{system-partition-1}{type=PRIMARY_ELECTOR, name=atomix-primary-elector} - Received ExecuteResponse{status=OK, result=byte[]{length=25, hash=362903976}}
00:17:00.139 [atomix-system-7] TRACE i.a.p.backup.roles.PrimaryRole - PrimaryRole{system-partition-1}{role=PRIMARY} - Sending ExecuteResponse{status=OK, result=byte[]{length=25, hash=362903976}}
00:17:00.139 [atomix-system-7] TRACE i.a.p.backup.roles.PrimaryRole - PrimaryRole{system-partition-1}{role=PRIMARY} - Received ExecuteRequest{session=4822208371359517296, node=1, primitive=PrimitiveDescriptor{name=atomix-primary-elector, type=PRIMARY_ELECTOR, backups=1, replication=ASYNCHRONOUS}, operation=PrimitiveOperation{id=DefaultOperationId{id=ENTER, type=COMMAND}, value=byte[]{length=28, hash=479217703}}}
00:17:00.139 [atomix-system-1] INFO  i.a.p.b.p.i.PrimaryBackupPartitionServer - Successfully started server for PartitionId{id=35, group=data}
00:17:00.139 [atomix-system-2] TRACE i.a.p.b.s.PrimaryBackupSessionClient - SessionClient{system-partition-1}{type=PRIMARY_ELECTOR, name=atomix-primary-elector} - Sending ExecuteRequest{session=4822208371359517296, node=1, primitive=PrimitiveDescriptor{name=atomix-primary-elector, type=PRIMARY_ELECTOR, backups=1, replication=ASYNCHRONOUS}, operation=PrimitiveOperation{id=DefaultOperationId{id=ENTER, type=COMMAND}, value=byte[]{length=29, hash=1970839404}}} to GroupMember{memberId=3, groupId=3}
00:17:00.139 [atomix-system-1] INFO  i.a.p.b.p.i.PrimaryBackupPartitionClient - Successfully started client for PartitionId{id=35, group=data}
00:17:00.140 [atomix-system-2] TRACE i.a.p.b.s.PrimaryBackupSessionClient - SessionClient{system-partition-1}{type=PRIMARY_ELECTOR, name=atomix-primary-elector} - Sending ExecuteRequest{session=4822208371359517296, node=1, primitive=PrimitiveDescriptor{name=atomix-primary-elector, type=PRIMARY_ELECTOR, backups=1, replication=ASYNCHRONOUS}, operation=PrimitiveOperation{id=DefaultOperationId{id=ENTER, type=COMMAND}, value=byte[]{length=28, hash=479217651}}} to GroupMember{memberId=3, groupId=3}
00:17:00.140 [atomix-system-2] TRACE i.a.p.b.s.PrimaryBackupSessionClient - SessionClient{system-partition-1}{type=PRIMARY_ELECTOR, name=atomix-primary-elector} - Sending ExecuteRequest{session=4822208371359517296, node=1, primitive=PrimitiveDescriptor{name=atomix-primary-elector, type=PRIMARY_ELECTOR, backups=1, replication=ASYNCHRONOUS}, operation=PrimitiveOperation{id=DefaultOperationId{id=ENTER, type=COMMAND}, value=byte[]{length=28, hash=479217593}}} to GroupMember{memberId=3, groupId=3}
00:17:00.140 [atomix-system-7] TRACE i.a.p.backup.roles.PrimaryRole - PrimaryRole{system-partition-1}{role=PRIMARY} - Sending ExecuteResponse{status=OK, result=byte[]{length=25, hash=362903976}}
00:17:00.140 [atomix-system-2] TRACE i.a.p.b.s.PrimaryBackupSessionClient - SessionClient{system-partition-1}{type=PRIMARY_ELECTOR, name=atomix-primary-elector} - Sending ExecuteRequest{session=4822208371359517296, node=1, primitive=PrimitiveDescriptor{name=atomix-primary-elector, type=PRIMARY_ELECTOR, backups=1, replication=ASYNCHRONOUS}, operation=PrimitiveOperation{id=DefaultOperationId{id=ENTER, type=COMMAND}, value=byte[]{length=29, hash=1970839652}}} to GroupMember{memberId=3, groupId=3}
00:17:00.140 [atomix-system-7] TRACE i.a.p.backup.roles.PrimaryRole - PrimaryRole{system-partition-1}{role=PRIMARY} - Received ExecuteRequest{session=4822208371359517296, node=1, primitive=PrimitiveDescriptor{name=atomix-primary-elector, type=PRIMARY_ELECTOR, backups=1, replication=ASYNCHRONOUS}, operation=PrimitiveOperation{id=DefaultOperationId{id=ENTER, type=COMMAND}, value=byte[]{length=28, hash=479217587}}}
00:17:00.140 [atomix-system-2] TRACE i.a.p.b.s.PrimaryBackupSessionClient - SessionClient{system-partition-1}{type=PRIMARY_ELECTOR, name=atomix-primary-elector} - Received ExecuteResponse{status=OK, result=byte[]{length=25, hash=362903976}}
00:17:00.140 [atomix-system-2] TRACE i.a.p.b.s.PrimaryBackupSessionClient - SessionClient{system-partition-1}{type=PRIMARY_ELECTOR, name=atomix-primary-elector} - Sending ExecuteRequest{session=4822208371359517296, node=1, primitive=PrimitiveDescriptor{name=atomix-primary-elector, type=PRIMARY_ELECTOR, backups=1, replication=ASYNCHRONOUS}, operation=PrimitiveOperation{id=DefaultOperationId{id=ENTER, type=COMMAND}, value=byte[]{length=28, hash=479217659}}} to GroupMember{memberId=3, groupId=3}
00:17:00.140 [atomix-system-2] TRACE i.a.p.b.s.PrimaryBackupSessionClient - SessionClient{system-partition-1}{type=PRIMARY_ELECTOR, name=atomix-primary-elector} - Received ExecuteResponse{status=OK, result=byte[]{length=25, hash=362903976}}
00:17:00.140 [atomix-system-2] TRACE i.a.p.b.s.PrimaryBackupSessionClient - SessionClient{system-partition-1}{type=PRIMARY_ELECTOR, name=atomix-primary-elector} - Sending ExecuteRequest{session=4822208371359517296, node=1, primitive=PrimitiveDescriptor{name=atomix-primary-elector, type=PRIMARY_ELECTOR, backups=1, replication=ASYNCHRONOUS}, operation=PrimitiveOperation{id=DefaultOperationId{id=ENTER, type=COMMAND}, value=byte[]{length=28, hash=479217601}}} to GroupMember{memberId=3, groupId=3}
00:17:00.140 [atomix-system-7] TRACE i.a.p.backup.roles.PrimaryRole - PrimaryRole{system-partition-1}{role=PRIMARY} - Sending ExecuteResponse{status=OK, result=byte[]{length=25, hash=362903976}}
00:17:00.140 [atomix-system-2] TRACE i.a.p.b.s.PrimaryBackupSessionClient - SessionClient{system-partition-1}{type=PRIMARY_ELECTOR, name=atomix-primary-elector} - Sending ExecuteRequest{session=4822208371359517296, node=1, primitive=PrimitiveDescriptor{name=atomix-primary-elector, type=PRIMARY_ELECTOR, backups=1, replication=ASYNCHRONOUS}, operation=PrimitiveOperation{id=DefaultOperationId{id=ENTER, type=COMMAND}, value=byte[]{length=28, hash=479217667}}} to GroupMember{memberId=3, groupId=3}
00:17:00.140 [atomix-system-7] TRACE i.a.p.backup.roles.PrimaryRole - PrimaryRole{system-partition-1}{role=PRIMARY} - Received ExecuteRequest{session=4822208371359517296, node=1, primitive=PrimitiveDescriptor{name=atomix-primary-elector, type=PRIMARY_ELECTOR, backups=1, replication=ASYNCHRONOUS}, operation=PrimitiveOperation{id=DefaultOperationId{id=ENTER, type=COMMAND}, value=byte[]{length=29, hash=1970839466}}}
00:17:00.140 [atomix-system-3] INFO  i.a.p.b.p.i.PrimaryBackupPartitionServer - Successfully started server for PartitionId{id=64, group=data}
00:17:00.140 [atomix-system-2] TRACE i.a.p.b.s.PrimaryBackupSessionClient - SessionClient{system-partition-1}{type=PRIMARY_ELECTOR, name=atomix-primary-elector} - Received ExecuteResponse{status=OK, result=byte[]{length=25, hash=362903976}}
00:17:00.140 [atomix-system-2] TRACE i.a.p.b.s.PrimaryBackupSessionClient - SessionClient{system-partition-1}{type=PRIMARY_ELECTOR, name=atomix-primary-elector} - Sending ExecuteRequest{session=4822208371359517296, node=1, primitive=PrimitiveDescriptor{name=atomix-primary-elector, type=PRIMARY_ELECTOR, backups=1, replication=ASYNCHRONOUS}, operation=PrimitiveOperation{id=DefaultOperationId{id=ENTER, type=COMMAND}, value=byte[]{length=28, hash=479217677}}} to GroupMember{memberId=3, groupId=3}
00:17:00.140 [atomix-system-2] TRACE i.a.p.b.s.PrimaryBackupSessionClient - SessionClient{system-partition-1}{type=PRIMARY_ELECTOR, name=atomix-primary-elector} - Sending ExecuteRequest{session=4822208371359517296, node=1, primitive=PrimitiveDescriptor{name=atomix-primary-elector, type=PRIMARY_ELECTOR, backups=1, replication=ASYNCHRONOUS}, operation=PrimitiveOperation{id=DefaultOperationId{id=ENTER, type=COMMAND}, value=byte[]{length=28, hash=479217611}}} to GroupMember{memberId=3, groupId=3}
00:17:00.140 [atomix-system-7] TRACE i.a.p.backup.roles.PrimaryRole - PrimaryRole{system-partition-1}{role=PRIMARY} - Sending ExecuteResponse{status=OK, result=byte[]{length=25, hash=362903976}}
00:17:00.140 [atomix-system-2] TRACE i.a.p.b.s.PrimaryBackupSessionClient - SessionClient{system-partition-1}{type=PRIMARY_ELECTOR, name=atomix-primary-elector} - Sending ExecuteRequest{session=4822208371359517296, node=1, primitive=PrimitiveDescriptor{name=atomix-primary-elector, type=PRIMARY_ELECTOR, backups=1, replication=ASYNCHRONOUS}, operation=PrimitiveOperation{id=DefaultOperationId{id=ENTER, type=COMMAND}, value=byte[]{length=28, hash=479217685}}} to GroupMember{memberId=3, groupId=3}
00:17:00.140 [atomix-system-7] TRACE i.a.p.backup.roles.PrimaryRole - PrimaryRole{system-partition-1}{role=PRIMARY} - Received ExecuteRequest{session=4822208371359517296, node=1, primitive=PrimitiveDescriptor{name=atomix-primary-elector, type=PRIMARY_ELECTOR, backups=1, replication=ASYNCHRONOUS}, operation=PrimitiveOperation{id=DefaultOperationId{id=ENTER, type=COMMAND}, value=byte[]{length=28, hash=479217661}}}
00:17:00.141 [atomix-system-2] TRACE i.a.p.b.s.PrimaryBackupSessionClient - SessionClient{system-partition-1}{type=PRIMARY_ELECTOR, name=atomix-primary-elector} - Sending ExecuteRequest{session=4822208371359517296, node=1, primitive=PrimitiveDescriptor{name=atomix-primary-elector, type=PRIMARY_ELECTOR, backups=1, replication=ASYNCHRONOUS}, operation=PrimitiveOperation{id=DefaultOperationId{id=ENTER, type=COMMAND}, value=byte[]{length=28, hash=479217619}}} to GroupMember{memberId=3, groupId=3}
00:17:00.141 [atomix-system-2] TRACE i.a.p.b.s.PrimaryBackupSessionClient - SessionClient{system-partition-1}{type=PRIMARY_ELECTOR, name=atomix-primary-elector} - Sending ExecuteRequest{session=4822208371359517296, node=1, primitive=PrimitiveDescriptor{name=atomix-primary-elector, type=PRIMARY_ELECTOR, backups=1, replication=ASYNCHRONOUS}, operation=PrimitiveOperation{id=DefaultOperationId{id=ENTER, type=COMMAND}, value=byte[]{length=28, hash=479217693}}} to GroupMember{memberId=3, groupId=3}
00:17:00.141 [atomix-system-7] TRACE i.a.p.backup.roles.PrimaryRole - PrimaryRole{system-partition-1}{role=PRIMARY} - Sending ExecuteResponse{status=OK, result=byte[]{length=25, hash=362903976}}
00:17:00.141 [atomix-system-2] TRACE i.a.p.b.s.PrimaryBackupSessionClient - SessionClient{system-partition-1}{type=PRIMARY_ELECTOR, name=atomix-primary-elector} - Sending ExecuteRequest{session=4822208371359517296, node=1, primitive=PrimitiveDescriptor{name=atomix-primary-elector, type=PRIMARY_ELECTOR, backups=1, replication=ASYNCHRONOUS}, operation=PrimitiveOperation{id=DefaultOperationId{id=ENTER, type=COMMAND}, value=byte[]{length=28, hash=479217627}}} to GroupMember{memberId=3, groupId=3}
00:17:00.141 [atomix-system-7] TRACE i.a.p.backup.roles.PrimaryRole - PrimaryRole{system-partition-1}{role=PRIMARY} - Received ExecuteRequest{session=4822208371359517296, node=1, primitive=PrimitiveDescriptor{name=atomix-primary-elector, type=PRIMARY_ELECTOR, backups=1, replication=ASYNCHRONOUS}, operation=PrimitiveOperation{id=DefaultOperationId{id=ENTER, type=COMMAND}, value=byte[]{length=28, hash=479217595}}}
00:17:00.141 [atomix-system-2] TRACE i.a.p.b.s.PrimaryBackupSessionClient - SessionClient{system-partition-1}{type=PRIMARY_ELECTOR, name=atomix-primary-elector} - Received ExecuteResponse{status=OK, result=byte[]{length=25, hash=362903976}}
00:17:00.141 [atomix-system-2] TRACE i.a.p.b.s.PrimaryBackupSessionClient - SessionClient{system-partition-1}{type=PRIMARY_ELECTOR, name=atomix-primary-elector} - Received ExecuteResponse{status=OK, result=byte[]{length=25, hash=362903976}}
00:17:00.141 [atomix-system-2] TRACE i.a.p.b.s.PrimaryBackupSessionClient - SessionClient{system-partition-1}{type=PRIMARY_ELECTOR, name=atomix-primary-elector} - Received ExecuteResponse{status=OK, result=byte[]{length=25, hash=362903976}}
00:17:00.141 [atomix-system-7] TRACE i.a.p.backup.roles.PrimaryRole - PrimaryRole{system-partition-1}{role=PRIMARY} - Sending ExecuteResponse{status=OK, result=byte[]{length=25, hash=362903976}}
00:17:00.141 [atomix-system-7] TRACE i.a.p.backup.roles.PrimaryRole - PrimaryRole{system-partition-1}{role=PRIMARY} - Received ExecuteRequest{session=4822208371359517296, node=1, primitive=PrimitiveDescriptor{name=atomix-primary-elector, type=PRIMARY_ELECTOR, backups=1, replication=ASYNCHRONOUS}, operation=PrimitiveOperation{id=DefaultOperationId{id=ENTER, type=COMMAND}, value=byte[]{length=28, hash=479217669}}}
00:17:00.141 [atomix-system-7] TRACE i.a.p.backup.roles.PrimaryRole - PrimaryRole{system-partition-1}{role=PRIMARY} - Sending ExecuteResponse{status=OK, result=byte[]{length=25, hash=362903976}}
00:17:00.141 [atomix-system-7] TRACE i.a.p.backup.roles.PrimaryRole - PrimaryRole{system-partition-1}{role=PRIMARY} - Received ExecuteRequest{session=4822208371359517296, node=1, primitive=PrimitiveDescriptor{name=atomix-primary-elector, type=PRIMARY_ELECTOR, backups=1, replication=ASYNCHRONOUS}, operation=PrimitiveOperation{id=DefaultOperationId{id=ENTER, type=COMMAND}, value=byte[]{length=28, hash=479217603}}}
00:17:00.142 [atomix-system-7] TRACE i.a.p.backup.roles.PrimaryRole - PrimaryRole{system-partition-1}{role=PRIMARY} - Sending ExecuteResponse{status=OK, result=byte[]{length=25, hash=362903976}}
00:17:00.142 [atomix-system-7] TRACE i.a.p.backup.roles.PrimaryRole - PrimaryRole{system-partition-1}{role=PRIMARY} - Received ExecuteRequest{session=4822208371359517296, node=1, primitive=PrimitiveDescriptor{name=atomix-primary-elector, type=PRIMARY_ELECTOR, backups=1, replication=ASYNCHRONOUS}, operation=PrimitiveOperation{id=DefaultOperationId{id=ENTER, type=COMMAND}, value=byte[]{length=28, hash=479217671}}}
00:17:00.142 [atomix-system-7] TRACE i.a.p.backup.roles.PrimaryRole - PrimaryRole{system-partition-1}{role=PRIMARY} - Sending ExecuteResponse{status=OK, result=byte[]{length=25, hash=362903976}}
00:17:00.142 [atomix-system-7] TRACE i.a.p.b.impl.PrimaryBackupSession - PrimaryBackupSession{system-partition-1}{session=4332313565502807635} - Sending PrimitiveEvent{type=change, value=byte[]{length=48, hash=940271997}} to 3
00:17:00.142 [atomix-system-7] TRACE i.a.p.b.impl.PrimaryBackupSession - PrimaryBackupSession{system-partition-1}{session=4822208371359517296} - Sending PrimitiveEvent{type=change, value=byte[]{length=48, hash=940271997}} to 1
00:17:00.142 [atomix-system-15] TRACE i.a.p.b.s.PrimaryBackupSessionClient - SessionClient{system-partition-1}{type=PRIMARY_ELECTOR, name=atomix-primary-elector} - Received PrimitiveEvent{type=change, value=byte[]{length=48, hash=940271997}}
00:17:00.142 [atomix-system-7] TRACE i.a.p.backup.roles.PrimaryRole - PrimaryRole{system-partition-1}{role=PRIMARY} - Received ExecuteRequest{session=4822208371359517296, node=1, primitive=PrimitiveDescriptor{name=atomix-primary-elector, type=PRIMARY_ELECTOR, backups=1, replication=ASYNCHRONOUS}, operation=PrimitiveOperation{id=DefaultOperationId{id=ENTER, type=COMMAND}, value=byte[]{length=28, hash=479217613}}}
00:17:00.142 [atomix-system-7] TRACE i.a.p.backup.roles.PrimaryRole - PrimaryRole{system-partition-1}{role=PRIMARY} - Sending ExecuteResponse{status=OK, result=byte[]{length=25, hash=362903976}}
00:17:00.143 [atomix-system-7] TRACE i.a.p.backup.roles.PrimaryRole - PrimaryRole{system-partition-1}{role=PRIMARY} - Received ExecuteRequest{session=4822208371359517296, node=1, primitive=PrimitiveDescriptor{name=atomix-primary-elector, type=PRIMARY_ELECTOR, backups=1, replication=ASYNCHRONOUS}, operation=PrimitiveOperation{id=DefaultOperationId{id=ENTER, type=COMMAND}, value=byte[]{length=28, hash=479217679}}}
00:17:00.143 [atomix-system-7] TRACE i.a.p.backup.roles.PrimaryRole - PrimaryRole{system-partition-1}{role=PRIMARY} - Sending ExecuteResponse{status=OK, result=byte[]{length=25, hash=362903976}}
00:17:00.143 [atomix-system-7] TRACE i.a.p.backup.roles.PrimaryRole - PrimaryRole{system-partition-1}{role=PRIMARY} - Received ExecuteRequest{session=4822208371359517296, node=1, primitive=PrimitiveDescriptor{name=atomix-primary-elector, type=PRIMARY_ELECTOR, backups=1, replication=ASYNCHRONOUS}, operation=PrimitiveOperation{id=DefaultOperationId{id=ENTER, type=COMMAND}, value=byte[]{length=28, hash=479217621}}}
00:17:00.143 [atomix-system-7] TRACE i.a.p.backup.roles.PrimaryRole - PrimaryRole{system-partition-1}{role=PRIMARY} - Sending ExecuteResponse{status=OK, result=byte[]{length=25, hash=362903976}}
00:17:00.143 [atomix-system-3] INFO  i.a.p.b.p.i.PrimaryBackupPartitionClient - Successfully started client for PartitionId{id=64, group=data}
00:17:00.143 [atomix-system-7] TRACE i.a.p.backup.roles.PrimaryRole - PrimaryRole{system-partition-1}{role=PRIMARY} - Received ExecuteRequest{session=4822208371359517296, node=1, primitive=PrimitiveDescriptor{name=atomix-primary-elector, type=PRIMARY_ELECTOR, backups=1, replication=ASYNCHRONOUS}, operation=PrimitiveOperation{id=DefaultOperationId{id=ENTER, type=COMMAND}, value=byte[]{length=28, hash=479217687}}}
00:17:00.143 [atomix-system-3] INFO  i.a.p.b.p.i.PrimaryBackupPartitionServer - Successfully started server for PartitionId{id=31, group=data}
00:17:00.143 [atomix-system-3] INFO  i.a.p.b.p.i.PrimaryBackupPartitionClient - Successfully started client for PartitionId{id=31, group=data}
00:17:00.143 [atomix-system-7] TRACE i.a.p.backup.roles.PrimaryRole - PrimaryRole{system-partition-1}{role=PRIMARY} - Sending ExecuteResponse{status=OK, result=byte[]{length=25, hash=362903976}}
00:17:00.144 [atomix-system-7] TRACE i.a.p.backup.roles.PrimaryRole - PrimaryRole{system-partition-1}{role=PRIMARY} - Received ExecuteRequest{session=4822208371359517296, node=1, primitive=PrimitiveDescriptor{name=atomix-primary-elector, type=PRIMARY_ELECTOR, backups=1, replication=ASYNCHRONOUS}, operation=PrimitiveOperation{id=DefaultOperationId{id=ENTER, type=COMMAND}, value=byte[]{length=28, hash=479217629}}}
00:17:00.144 [atomix-system-3] INFO  i.a.p.b.p.i.PrimaryBackupPartitionServer - Successfully started server for PartitionId{id=60, group=data}
00:17:00.144 [atomix-system-7] TRACE i.a.p.backup.roles.PrimaryRole - PrimaryRole{system-partition-1}{role=PRIMARY} - Sending ExecuteResponse{status=OK, result=byte[]{length=25, hash=362903976}}
00:17:00.144 [atomix-system-4] TRACE i.a.p.b.s.PrimaryBackupSessionClient - SessionClient{system-partition-1}{type=PRIMARY_ELECTOR, name=atomix-primary-elector} - Received ExecuteResponse{status=OK, result=byte[]{length=25, hash=362903976}}
00:17:00.145 [atomix-system-4] TRACE i.a.p.b.s.PrimaryBackupSessionClient - SessionClient{system-partition-1}{type=PRIMARY_ELECTOR, name=atomix-primary-elector} - Received PrimitiveEvent{type=change, value=byte[]{length=48, hash=940271997}}
00:17:00.145 [atomix-system-4] TRACE i.a.p.b.s.PrimaryBackupSessionClient - SessionClient{system-partition-1}{type=PRIMARY_ELECTOR, name=atomix-primary-elector} - Received ExecuteResponse{status=OK, result=byte[]{length=25, hash=362903976}}
00:17:00.145 [atomix-system-7] TRACE i.a.p.b.impl.PrimaryBackupSession - PrimaryBackupSession{system-partition-1}{session=4332313565502807635} - Sending PrimitiveEvent{type=change, value=byte[]{length=49, hash=844915494}} to 3
00:17:00.145 [atomix-system-4] TRACE i.a.p.b.s.PrimaryBackupSessionClient - SessionClient{system-partition-1}{type=PRIMARY_ELECTOR, name=atomix-primary-elector} - Received ExecuteResponse{status=OK, result=byte[]{length=25, hash=362903976}}
00:17:00.145 [atomix-system-7] TRACE i.a.p.b.impl.PrimaryBackupSession - PrimaryBackupSession{system-partition-1}{session=4822208371359517296} - Sending PrimitiveEvent{type=change, value=byte[]{length=49, hash=844915494}} to 1
00:17:00.145 [atomix-system-4] TRACE i.a.p.b.s.PrimaryBackupSessionClient - SessionClient{system-partition-1}{type=PRIMARY_ELECTOR, name=atomix-primary-elector} - Received ExecuteResponse{status=OK, result=byte[]{length=25, hash=362903976}}
00:17:00.146 [atomix-system-4] TRACE i.a.p.b.s.PrimaryBackupSessionClient - SessionClient{system-partition-1}{type=PRIMARY_ELECTOR, name=atomix-primary-elector} - Received ExecuteResponse{status=OK, result=byte[]{length=25, hash=362903976}}
00:17:00.146 [atomix-system-7] TRACE i.a.p.backup.roles.PrimaryRole - PrimaryRole{system-partition-1}{role=PRIMARY} - Received ExecuteRequest{session=4822208371359517296, node=1, primitive=PrimitiveDescriptor{name=atomix-primary-elector, type=PRIMARY_ELECTOR, backups=1, replication=ASYNCHRONOUS}, operation=PrimitiveOperation{id=DefaultOperationId{id=ENTER, type=COMMAND}, value=byte[]{length=28, hash=479217695}}}
00:17:00.146 [atomix-system-4] TRACE i.a.p.b.s.PrimaryBackupSessionClient - SessionClient{system-partition-1}{type=PRIMARY_ELECTOR, name=atomix-primary-elector} - Received ExecuteResponse{status=OK, result=byte[]{length=25, hash=362903976}}
00:17:00.146 [atomix-system-4] TRACE i.a.p.b.s.PrimaryBackupSessionClient - SessionClient{system-partition-1}{type=PRIMARY_ELECTOR, name=atomix-primary-elector} - Received ExecuteResponse{status=OK, result=byte[]{length=25, hash=362903976}}
00:17:00.146 [atomix-system-4] TRACE i.a.p.b.s.PrimaryBackupSessionClient - SessionClient{system-partition-1}{type=PRIMARY_ELECTOR, name=atomix-primary-elector} - Received ExecuteResponse{status=OK, result=byte[]{length=25, hash=362903976}}
00:17:00.146 [atomix-system-4] TRACE i.a.p.b.s.PrimaryBackupSessionClient - SessionClient{system-partition-1}{type=PRIMARY_ELECTOR, name=atomix-primary-elector} - Sending ExecuteRequest{session=4822208371359517296, node=1, primitive=PrimitiveDescriptor{name=atomix-primary-elector, type=PRIMARY_ELECTOR, backups=1, replication=ASYNCHRONOUS}, operation=PrimitiveOperation{id=DefaultOperationId{id=ENTER, type=COMMAND}, value=byte[]{length=28, hash=479217701}}} to GroupMember{memberId=3, groupId=3}
00:17:00.146 [atomix-system-7] TRACE i.a.p.backup.roles.PrimaryRole - PrimaryRole{system-partition-1}{role=PRIMARY} - Sending ExecuteResponse{status=OK, result=byte[]{length=25, hash=362903976}}
00:17:00.146 [atomix-system-7] TRACE i.a.p.backup.roles.PrimaryRole - PrimaryRole{system-partition-1}{role=PRIMARY} - Received ExecuteRequest{session=4822208371359517296, node=1, primitive=PrimitiveDescriptor{name=atomix-primary-elector, type=PRIMARY_ELECTOR, backups=1, replication=ASYNCHRONOUS}, operation=PrimitiveOperation{id=DefaultOperationId{id=ENTER, type=COMMAND}, value=byte[]{length=28, hash=479217637}}}
00:17:00.146 [atomix-system-7] TRACE i.a.p.backup.roles.PrimaryRole - PrimaryRole{system-partition-1}{role=PRIMARY} - Sending ExecuteResponse{status=OK, result=byte[]{length=25, hash=362903976}}
00:17:00.146 [atomix-system-7] TRACE i.a.p.backup.roles.PrimaryRole - PrimaryRole{system-partition-1}{role=PRIMARY} - Received ExecuteRequest{session=4822208371359517296, node=1, primitive=PrimitiveDescriptor{name=atomix-primary-elector, type=PRIMARY_ELECTOR, backups=1, replication=ASYNCHRONOUS}, operation=PrimitiveOperation{id=DefaultOperationId{id=ENTER, type=COMMAND}, value=byte[]{length=28, hash=479217709}}}
00:17:00.146 [atomix-system-3] TRACE i.a.p.b.s.PrimaryBackupSessionClient - SessionClient{system-partition-1}{type=PRIMARY_ELECTOR, name=atomix-primary-elector} - Received PrimitiveEvent{type=change, value=byte[]{length=49, hash=844915494}}
00:17:00.147 [atomix-system-7] TRACE i.a.p.backup.roles.PrimaryRole - PrimaryRole{system-partition-1}{role=PRIMARY} - Sending ExecuteResponse{status=OK, result=byte[]{length=25, hash=362903976}}
00:17:00.147 [atomix-system-3] INFO  i.a.p.b.p.i.PrimaryBackupPartitionClient - Successfully started client for PartitionId{id=60, group=data}
00:17:00.147 [atomix-system-7] TRACE i.a.p.backup.roles.PrimaryRole - PrimaryRole{system-partition-1}{role=PRIMARY} - Received ExecuteRequest{session=4822208371359517296, node=1, primitive=PrimitiveDescriptor{name=atomix-primary-elector, type=PRIMARY_ELECTOR, backups=1, replication=ASYNCHRONOUS}, operation=PrimitiveOperation{id=DefaultOperationId{id=ENTER, type=COMMAND}, value=byte[]{length=28, hash=479217643}}}
00:17:00.147 [atomix-system-7] TRACE i.a.p.backup.roles.PrimaryRole - PrimaryRole{system-partition-1}{role=PRIMARY} - Sending ExecuteResponse{status=OK, result=byte[]{length=25, hash=362903976}}
00:17:00.148 [atomix-system-7] TRACE i.a.p.b.impl.PrimaryBackupSession - PrimaryBackupSession{system-partition-1}{session=4332313565502807635} - Sending PrimitiveEvent{type=change, value=byte[]{length=48, hash=2124712131}} to 3
00:17:00.148 [atomix-system-7] TRACE i.a.p.b.impl.PrimaryBackupSession - PrimaryBackupSession{system-partition-1}{session=4822208371359517296} - Sending PrimitiveEvent{type=change, value=byte[]{length=48, hash=2124712131}} to 1
00:17:00.148 [atomix-system-7] TRACE i.a.p.backup.roles.PrimaryRole - PrimaryRole{system-partition-1}{role=PRIMARY} - Received ExecuteRequest{session=4822208371359517296, node=1, primitive=PrimitiveDescriptor{name=atomix-primary-elector, type=PRIMARY_ELECTOR, backups=1, replication=ASYNCHRONOUS}, operation=PrimitiveOperation{id=DefaultOperationId{id=ENTER, type=COMMAND}, value=byte[]{length=28, hash=479217585}}}
00:17:00.148 [atomix-system-7] TRACE i.a.p.backup.roles.PrimaryRole - PrimaryRole{system-partition-1}{role=PRIMARY} - Sending ExecuteResponse{status=OK, result=byte[]{length=25, hash=362903976}}
00:17:00.148 [atomix-system-7] TRACE i.a.p.b.impl.PrimaryBackupSession - PrimaryBackupSession{system-partition-1}{session=4332313565502807635} - Sending PrimitiveEvent{type=change, value=byte[]{length=48, hash=-1115017081}} to 3
00:17:00.148 [atomix-system-7] TRACE i.a.p.b.impl.PrimaryBackupSession - PrimaryBackupSession{system-partition-1}{session=4822208371359517296} - Sending PrimitiveEvent{type=change, value=byte[]{length=48, hash=-1115017081}} to 1
00:17:00.148 [atomix-system-7] TRACE i.a.p.backup.roles.PrimaryRole - PrimaryRole{system-partition-1}{role=PRIMARY} - Received ExecuteRequest{session=4822208371359517296, node=1, primitive=PrimitiveDescriptor{name=atomix-primary-elector, type=PRIMARY_ELECTOR, backups=1, replication=ASYNCHRONOUS}, operation=PrimitiveOperation{id=DefaultOperationId{id=ENTER, type=COMMAND}, value=byte[]{length=29, hash=1970839404}}}
00:17:00.148 [atomix-system-7] TRACE i.a.p.backup.roles.PrimaryRole - PrimaryRole{system-partition-1}{role=PRIMARY} - Sending ExecuteResponse{status=OK, result=byte[]{length=25, hash=362903976}}
00:17:00.148 [atomix-system-7] TRACE i.a.p.backup.roles.PrimaryRole - PrimaryRole{system-partition-1}{role=PRIMARY} - Received ExecuteRequest{session=4822208371359517296, node=1, primitive=PrimitiveDescriptor{name=atomix-primary-elector, type=PRIMARY_ELECTOR, backups=1, replication=ASYNCHRONOUS}, operation=PrimitiveOperation{id=DefaultOperationId{id=ENTER, type=COMMAND}, value=byte[]{length=28, hash=479217651}}}
00:17:00.150 [atomix-system-5] TRACE i.a.p.b.s.PrimaryBackupSessionClient - SessionClient{system-partition-1}{type=PRIMARY_ELECTOR, name=atomix-primary-elector} - Sending ExecuteRequest{session=4822208371359517296, node=1, primitive=PrimitiveDescriptor{name=atomix-primary-elector, type=PRIMARY_ELECTOR, backups=1, replication=ASYNCHRONOUS}, operation=PrimitiveOperation{id=DefaultOperationId{id=ENTER, type=COMMAND}, value=byte[]{length=28, hash=479217635}}} to GroupMember{memberId=3, groupId=3}
00:17:00.150 [atomix-system-5] TRACE i.a.p.b.s.PrimaryBackupSessionClient - SessionClient{system-partition-1}{type=PRIMARY_ELECTOR, name=atomix-primary-elector} - Received PrimitiveEvent{type=change, value=byte[]{length=49, hash=844915494}}
00:17:00.150 [atomix-system-5] TRACE i.a.p.b.s.PrimaryBackupSessionClient - SessionClient{system-partition-1}{type=PRIMARY_ELECTOR, name=atomix-primary-elector} - Sending ExecuteRequest{session=4822208371359517296, node=1, primitive=PrimitiveDescriptor{name=atomix-primary-elector, type=PRIMARY_ELECTOR, backups=1, replication=ASYNCHRONOUS}, operation=PrimitiveOperation{id=DefaultOperationId{id=ENTER, type=COMMAND}, value=byte[]{length=28, hash=479217641}}} to GroupMember{memberId=3, groupId=3}
00:17:00.150 [atomix-system-5] TRACE i.a.p.b.s.PrimaryBackupSessionClient - SessionClient{system-partition-1}{type=PRIMARY_ELECTOR, name=atomix-primary-elector} - Sending ExecuteRequest{session=4822208371359517296, node=1, primitive=PrimitiveDescriptor{name=atomix-primary-elector, type=PRIMARY_ELECTOR, backups=1, replication=ASYNCHRONOUS}, operation=PrimitiveOperation{id=DefaultOperationId{id=ENTER, type=COMMAND}, value=byte[]{length=28, hash=479217707}}} to GroupMember{memberId=3, groupId=3}
00:17:00.151 [atomix-system-5] TRACE i.a.p.b.s.PrimaryBackupSessionClient - SessionClient{system-partition-1}{type=PRIMARY_ELECTOR, name=atomix-primary-elector} - Sending ExecuteRequest{session=4822208371359517296, node=1, primitive=PrimitiveDescriptor{name=atomix-primary-elector, type=PRIMARY_ELECTOR, backups=1, replication=ASYNCHRONOUS}, operation=PrimitiveOperation{id=DefaultOperationId{id=ENTER, type=COMMAND}, value=byte[]{length=28, hash=479217649}}} to GroupMember{memberId=3, groupId=3}
00:17:00.151 [atomix-system-5] TRACE i.a.p.b.s.PrimaryBackupSessionClient - SessionClient{system-partition-1}{type=PRIMARY_ELECTOR, name=atomix-primary-elector} - Sending ExecuteRequest{session=4822208371359517296, node=1, primitive=PrimitiveDescriptor{name=atomix-primary-elector, type=PRIMARY_ELECTOR, backups=1, replication=ASYNCHRONOUS}, operation=PrimitiveOperation{id=DefaultOperationId{id=ENTER, type=COMMAND}, value=byte[]{length=29, hash=1970839342}}} to GroupMember{memberId=3, groupId=3}
00:17:00.151 [atomix-system-5] TRACE i.a.p.b.s.PrimaryBackupSessionClient - SessionClient{system-partition-1}{type=PRIMARY_ELECTOR, name=atomix-primary-elector} - Received ExecuteResponse{status=OK, result=byte[]{length=25, hash=362903976}}
00:17:00.151 [atomix-system-5] TRACE i.a.p.b.s.PrimaryBackupSessionClient - SessionClient{system-partition-1}{type=PRIMARY_ELECTOR, name=atomix-primary-elector} - Received ExecuteResponse{status=OK, result=byte[]{length=25, hash=362903976}}
00:17:00.151 [atomix-system-5] TRACE i.a.p.b.s.PrimaryBackupSessionClient - SessionClient{system-partition-1}{type=PRIMARY_ELECTOR, name=atomix-primary-elector} - Sending ExecuteRequest{session=4822208371359517296, node=1, primitive=PrimitiveDescriptor{name=atomix-primary-elector, type=PRIMARY_ELECTOR, backups=1, replication=ASYNCHRONOUS}, operation=PrimitiveOperation{id=DefaultOperationId{id=ENTER, type=COMMAND}, value=byte[]{length=28, hash=479217657}}} to GroupMember{memberId=3, groupId=3}
00:17:00.151 [atomix-system-5] TRACE i.a.p.b.s.PrimaryBackupSessionClient - SessionClient{system-partition-1}{type=PRIMARY_ELECTOR, name=atomix-primary-elector} - Received ExecuteResponse{status=OK, result=byte[]{length=25, hash=362903976}}
00:17:00.151 [atomix-system-5] TRACE i.a.p.b.s.PrimaryBackupSessionClient - SessionClient{system-partition-1}{type=PRIMARY_ELECTOR, name=atomix-primary-elector} - Received ExecuteResponse{status=OK, result=byte[]{length=25, hash=362903976}}
00:17:00.151 [atomix-system-5] TRACE i.a.p.b.s.PrimaryBackupSessionClient - SessionClient{system-partition-1}{type=PRIMARY_ELECTOR, name=atomix-primary-elector} - Sending ExecuteRequest{session=4822208371359517296, node=1, primitive=PrimitiveDescriptor{name=atomix-primary-elector, type=PRIMARY_ELECTOR, backups=1, replication=ASYNCHRONOUS}, operation=PrimitiveOperation{id=DefaultOperationId{id=ENTER, type=COMMAND}, value=byte[]{length=28, hash=479217591}}} to GroupMember{memberId=3, groupId=3}
00:17:00.151 [atomix-system-5] TRACE i.a.p.b.s.PrimaryBackupSessionClient - SessionClient{system-partition-1}{type=PRIMARY_ELECTOR, name=atomix-primary-elector} - Sending ExecuteRequest{session=4822208371359517296, node=1, primitive=PrimitiveDescriptor{name=atomix-primary-elector, type=PRIMARY_ELECTOR, backups=1, replication=ASYNCHRONOUS}, operation=PrimitiveOperation{id=DefaultOperationId{id=ENTER, type=COMMAND}, value=byte[]{length=29, hash=1970839590}}} to GroupMember{memberId=3, groupId=3}
00:17:00.151 [atomix-system-5] TRACE i.a.p.b.s.PrimaryBackupSessionClient - SessionClient{system-partition-1}{type=PRIMARY_ELECTOR, name=atomix-primary-elector} - Sending ExecuteRequest{session=4822208371359517296, node=1, primitive=PrimitiveDescriptor{name=atomix-primary-elector, type=PRIMARY_ELECTOR, backups=1, replication=ASYNCHRONOUS}, operation=PrimitiveOperation{id=DefaultOperationId{id=ENTER, type=COMMAND}, value=byte[]{length=28, hash=479217665}}} to GroupMember{memberId=3, groupId=3}
00:17:00.151 [atomix-system-4] TRACE i.a.p.b.s.PrimaryBackupSessionClient - SessionClient{system-partition-1}{type=PRIMARY_ELECTOR, name=atomix-primary-elector} - Received PrimitiveEvent{type=change, value=byte[]{length=48, hash=2124712131}}
00:17:00.151 [atomix-system-5] TRACE i.a.p.b.s.PrimaryBackupSessionClient - SessionClient{system-partition-1}{type=PRIMARY_ELECTOR, name=atomix-primary-elector} - Sending ExecuteRequest{session=4822208371359517296, node=1, primitive=PrimitiveDescriptor{name=atomix-primary-elector, type=PRIMARY_ELECTOR, backups=1, replication=ASYNCHRONOUS}, operation=PrimitiveOperation{id=DefaultOperationId{id=ENTER, type=COMMAND}, value=byte[]{length=28, hash=479217599}}} to GroupMember{memberId=3, groupId=3}
00:17:00.151 [atomix-system-4] TRACE i.a.p.b.s.PrimaryBackupSessionClient - SessionClient{system-partition-1}{type=PRIMARY_ELECTOR, name=atomix-primary-elector} - Received PrimitiveEvent{type=change, value=byte[]{length=48, hash=-1115017081}}
00:17:00.151 [atomix-system-5] TRACE i.a.p.b.s.PrimaryBackupSessionClient - SessionClient{system-partition-1}{type=PRIMARY_ELECTOR, name=atomix-primary-elector} - Sending ExecuteRequest{session=4822208371359517296, node=1, primitive=PrimitiveDescriptor{name=atomix-primary-elector, type=PRIMARY_ELECTOR, backups=1, replication=ASYNCHRONOUS}, operation=PrimitiveOperation{id=DefaultOperationId{id=ENTER, type=COMMAND}, value=byte[]{length=28, hash=479217609}}} to GroupMember{memberId=3, groupId=3}
00:17:00.151 [atomix-system-5] TRACE i.a.p.b.s.PrimaryBackupSessionClient - SessionClient{system-partition-1}{type=PRIMARY_ELECTOR, name=atomix-primary-elector} - Sending ExecuteRequest{session=4822208371359517296, node=1, primitive=PrimitiveDescriptor{name=atomix-primary-elector, type=PRIMARY_ELECTOR, backups=1, replication=ASYNCHRONOUS}, operation=PrimitiveOperation{id=DefaultOperationId{id=ENTER, type=COMMAND}, value=byte[]{length=28, hash=479217675}}} to GroupMember{memberId=3, groupId=3}
00:17:00.151 [atomix-system-5] TRACE i.a.p.b.s.PrimaryBackupSessionClient - SessionClient{system-partition-1}{type=PRIMARY_ELECTOR, name=atomix-primary-elector} - Sending ExecuteRequest{session=4822208371359517296, node=1, primitive=PrimitiveDescriptor{name=atomix-primary-elector, type=PRIMARY_ELECTOR, backups=1, replication=ASYNCHRONOUS}, operation=PrimitiveOperation{id=DefaultOperationId{id=ENTER, type=COMMAND}, value=byte[]{length=28, hash=479217617}}} to GroupMember{memberId=3, groupId=3}
00:17:00.151 [atomix-system-5] TRACE i.a.p.b.s.PrimaryBackupSessionClient - SessionClient{system-partition-1}{type=PRIMARY_ELECTOR, name=atomix-primary-elector} - Sending ExecuteRequest{session=4822208371359517296, node=1, primitive=PrimitiveDescriptor{name=atomix-primary-elector, type=PRIMARY_ELECTOR, backups=1, replication=ASYNCHRONOUS}, operation=PrimitiveOperation{id=DefaultOperationId{id=ENTER, type=COMMAND}, value=byte[]{length=28, hash=479217683}}} to GroupMember{memberId=3, groupId=3}
00:17:00.152 [atomix-system-5] TRACE i.a.p.b.s.PrimaryBackupSessionClient - SessionClient{system-partition-1}{type=PRIMARY_ELECTOR, name=atomix-primary-elector} - Sending ExecuteRequest{session=4822208371359517296, node=1, primitive=PrimitiveDescriptor{name=atomix-primary-elector, type=PRIMARY_ELECTOR, backups=1, replication=ASYNCHRONOUS}, operation=PrimitiveOperation{id=DefaultOperationId{id=ENTER, type=COMMAND}, value=byte[]{length=28, hash=479217625}}} to GroupMember{memberId=3, groupId=3}
00:17:00.152 [atomix-system-5] TRACE i.a.p.b.s.PrimaryBackupSessionClient - SessionClient{system-partition-1}{type=PRIMARY_ELECTOR, name=atomix-primary-elector} - Sending ExecuteRequest{session=4822208371359517296, node=1, primitive=PrimitiveDescriptor{name=atomix-primary-elector, type=PRIMARY_ELECTOR, backups=1, replication=ASYNCHRONOUS}, operation=PrimitiveOperation{id=DefaultOperationId{id=ENTER, type=COMMAND}, value=byte[]{length=28, hash=479217691}}} to GroupMember{memberId=3, groupId=3}
00:17:00.152 [atomix-system-5] TRACE i.a.p.b.s.PrimaryBackupSessionClient - SessionClient{system-partition-1}{type=PRIMARY_ELECTOR, name=atomix-primary-elector} - Sending ExecuteRequest{session=4822208371359517296, node=1, primitive=PrimitiveDescriptor{name=atomix-primary-elector, type=PRIMARY_ELECTOR, backups=1, replication=ASYNCHRONOUS}, operation=PrimitiveOperation{id=DefaultOperationId{id=ENTER, type=COMMAND}, value=byte[]{length=28, hash=479217633}}} to GroupMember{memberId=3, groupId=3}
00:17:00.152 [atomix-system-5] TRACE i.a.p.b.s.PrimaryBackupSessionClient - SessionClient{system-partition-1}{type=PRIMARY_ELECTOR, name=atomix-primary-elector} - Sending ExecuteRequest{session=4822208371359517296, node=1, primitive=PrimitiveDescriptor{name=atomix-primary-elector, type=PRIMARY_ELECTOR, backups=1, replication=ASYNCHRONOUS}, operation=PrimitiveOperation{id=DefaultOperationId{id=ENTER, type=COMMAND}, value=byte[]{length=28, hash=479217699}}} to GroupMember{memberId=3, groupId=3}
00:17:00.152 [atomix-system-5] TRACE i.a.p.b.s.PrimaryBackupSessionClient - SessionClient{system-partition-1}{type=PRIMARY_ELECTOR, name=atomix-primary-elector} - Sending ExecuteRequest{session=4822208371359517296, node=1, primitive=PrimitiveDescriptor{name=atomix-primary-elector, type=PRIMARY_ELECTOR, backups=1, replication=ASYNCHRONOUS}, operation=PrimitiveOperation{id=DefaultOperationId{id=ENTER, type=COMMAND}, value=byte[]{length=28, hash=479217705}}} to GroupMember{memberId=3, groupId=3}
00:17:00.152 [atomix-system-5] TRACE i.a.p.b.s.PrimaryBackupSessionClient - SessionClient{system-partition-1}{type=PRIMARY_ELECTOR, name=atomix-primary-elector} - Sending ExecuteRequest{session=4822208371359517296, node=1, primitive=PrimitiveDescriptor{name=atomix-primary-elector, type=PRIMARY_ELECTOR, backups=1, replication=ASYNCHRONOUS}, operation=PrimitiveOperation{id=DefaultOperationId{id=ENTER, type=COMMAND}, value=byte[]{length=28, hash=479217639}}} to GroupMember{memberId=3, groupId=3}
00:17:00.152 [atomix-system-5] TRACE i.a.p.b.s.PrimaryBackupSessionClient - SessionClient{system-partition-1}{type=PRIMARY_ELECTOR, name=atomix-primary-elector} - Sending ExecuteRequest{session=4822208371359517296, node=1, primitive=PrimitiveDescriptor{name=atomix-primary-elector, type=PRIMARY_ELECTOR, backups=1, replication=ASYNCHRONOUS}, operation=PrimitiveOperation{id=DefaultOperationId{id=ENTER, type=COMMAND}, value=byte[]{length=29, hash=1970839280}}} to GroupMember{memberId=3, groupId=3}
00:17:00.152 [atomix-system-5] TRACE i.a.p.b.s.PrimaryBackupSessionClient - SessionClient{system-partition-1}{type=PRIMARY_ELECTOR, name=atomix-primary-elector} - Sending ExecuteRequest{session=4822208371359517296, node=1, primitive=PrimitiveDescriptor{name=atomix-primary-elector, type=PRIMARY_ELECTOR, backups=1, replication=ASYNCHRONOUS}, operation=PrimitiveOperation{id=DefaultOperationId{id=ENTER, type=COMMAND}, value=byte[]{length=28, hash=479217647}}} to GroupMember{memberId=3, groupId=3}
00:17:00.152 [atomix-system-5] TRACE i.a.p.b.s.PrimaryBackupSessionClient - SessionClient{system-partition-1}{type=PRIMARY_ELECTOR, name=atomix-primary-elector} - Sending ExecuteRequest{session=4822208371359517296, node=1, primitive=PrimitiveDescriptor{name=atomix-primary-elector, type=PRIMARY_ELECTOR, backups=1, replication=ASYNCHRONOUS}, operation=PrimitiveOperation{id=DefaultOperationId{id=ENTER, type=COMMAND}, value=byte[]{length=28, hash=479217589}}} to GroupMember{memberId=3, groupId=3}
00:17:00.152 [atomix-system-5] TRACE i.a.p.b.s.PrimaryBackupSessionClient - SessionClient{system-partition-1}{type=PRIMARY_ELECTOR, name=atomix-primary-elector} - Sending ExecuteRequest{session=4822208371359517296, node=1, primitive=PrimitiveDescriptor{name=atomix-primary-elector, type=PRIMARY_ELECTOR, backups=1, replication=ASYNCHRONOUS}, operation=PrimitiveOperation{id=DefaultOperationId{id=ENTER, type=COMMAND}, value=byte[]{length=29, hash=1970839528}}} to GroupMember{memberId=3, groupId=3}
00:17:00.152 [atomix-system-5] TRACE i.a.p.b.s.PrimaryBackupSessionClient - SessionClient{system-partition-1}{type=PRIMARY_ELECTOR, name=atomix-primary-elector} - Sending ExecuteRequest{session=4822208371359517296, node=1, primitive=PrimitiveDescriptor{name=atomix-primary-elector, type=PRIMARY_ELECTOR, backups=1, replication=ASYNCHRONOUS}, operation=PrimitiveOperation{id=DefaultOperationId{id=ENTER, type=COMMAND}, value=byte[]{length=28, hash=479217655}}} to GroupMember{memberId=3, groupId=3}
00:17:00.152 [atomix-system-5] TRACE i.a.p.b.s.PrimaryBackupSessionClient - SessionClient{system-partition-1}{type=PRIMARY_ELECTOR, name=atomix-primary-elector} - Sending ExecuteRequest{session=4822208371359517296, node=1, primitive=PrimitiveDescriptor{name=atomix-primary-elector, type=PRIMARY_ELECTOR, backups=1, replication=ASYNCHRONOUS}, operation=PrimitiveOperation{id=DefaultOperationId{id=ENTER, type=COMMAND}, value=byte[]{length=28, hash=479217597}}} to GroupMember{memberId=3, groupId=3}
00:17:00.152 [atomix-system-5] TRACE i.a.p.b.s.PrimaryBackupSessionClient - SessionClient{system-partition-1}{type=PRIMARY_ELECTOR, name=atomix-primary-elector} - Sending ExecuteRequest{session=4822208371359517296, node=1, primitive=PrimitiveDescriptor{name=atomix-primary-elector, type=PRIMARY_ELECTOR, backups=1, replication=ASYNCHRONOUS}, operation=PrimitiveOperation{id=DefaultOperationId{id=ENTER, type=COMMAND}, value=byte[]{length=28, hash=479217663}}} to GroupMember{memberId=3, groupId=3}
00:17:00.152 [atomix-system-5] TRACE i.a.p.b.s.PrimaryBackupSessionClient - SessionClient{system-partition-1}{type=PRIMARY_ELECTOR, name=atomix-primary-elector} - Sending ExecuteRequest{session=4822208371359517296, node=1, primitive=PrimitiveDescriptor{name=atomix-primary-elector, type=PRIMARY_ELECTOR, backups=1, replication=ASYNCHRONOUS}, operation=PrimitiveOperation{id=DefaultOperationId{id=ENTER, type=COMMAND}, value=byte[]{length=28, hash=479217605}}} to GroupMember{memberId=3, groupId=3}
00:17:00.153 [atomix-system-5] TRACE i.a.p.b.s.PrimaryBackupSessionClient - SessionClient{system-partition-1}{type=PRIMARY_ELECTOR, name=atomix-primary-elector} - Sending ExecuteRequest{session=4822208371359517296, node=1, primitive=PrimitiveDescriptor{name=atomix-primary-elector, type=PRIMARY_ELECTOR, backups=1, replication=ASYNCHRONOUS}, operation=PrimitiveOperation{id=DefaultOperationId{id=ENTER, type=COMMAND}, value=byte[]{length=28, hash=479217673}}} to GroupMember{memberId=3, groupId=3}
00:17:00.153 [atomix-system-5] TRACE i.a.p.b.s.PrimaryBackupSessionClient - SessionClient{system-partition-1}{type=PRIMARY_ELECTOR, name=atomix-primary-elector} - Sending ExecuteRequest{session=4822208371359517296, node=1, primitive=PrimitiveDescriptor{name=atomix-primary-elector, type=PRIMARY_ELECTOR, backups=1, replication=ASYNCHRONOUS}, operation=PrimitiveOperation{id=DefaultOperationId{id=ENTER, type=COMMAND}, value=byte[]{length=28, hash=479217607}}} to GroupMember{memberId=3, groupId=3}
00:17:00.153 [atomix-system-5] TRACE i.a.p.b.s.PrimaryBackupSessionClient - SessionClient{system-partition-1}{type=PRIMARY_ELECTOR, name=atomix-primary-elector} - Sending ExecuteRequest{session=4822208371359517296, node=1, primitive=PrimitiveDescriptor{name=atomix-primary-elector, type=PRIMARY_ELECTOR, backups=1, replication=ASYNCHRONOUS}, operation=PrimitiveOperation{id=DefaultOperationId{id=ENTER, type=COMMAND}, value=byte[]{length=28, hash=479217681}}} to GroupMember{memberId=3, groupId=3}
00:17:00.153 [atomix-system-5] TRACE i.a.p.b.s.PrimaryBackupSessionClient - SessionClient{system-partition-1}{type=PRIMARY_ELECTOR, name=atomix-primary-elector} - Sending ExecuteRequest{session=4822208371359517296, node=1, primitive=PrimitiveDescriptor{name=atomix-primary-elector, type=PRIMARY_ELECTOR, backups=1, replication=ASYNCHRONOUS}, operation=PrimitiveOperation{id=DefaultOperationId{id=ENTER, type=COMMAND}, value=byte[]{length=28, hash=479217615}}} to GroupMember{memberId=3, groupId=3}
00:17:00.153 [atomix-system-5] TRACE i.a.p.b.s.PrimaryBackupSessionClient - SessionClient{system-partition-1}{type=PRIMARY_ELECTOR, name=atomix-primary-elector} - Sending ExecuteRequest{session=4822208371359517296, node=1, primitive=PrimitiveDescriptor{name=atomix-primary-elector, type=PRIMARY_ELECTOR, backups=1, replication=ASYNCHRONOUS}, operation=PrimitiveOperation{id=DefaultOperationId{id=ENTER, type=COMMAND}, value=byte[]{length=28, hash=479217689}}} to GroupMember{memberId=3, groupId=3}
00:17:00.153 [atomix-system-5] TRACE i.a.p.b.s.PrimaryBackupSessionClient - SessionClient{system-partition-1}{type=PRIMARY_ELECTOR, name=atomix-primary-elector} - Sending ExecuteRequest{session=4822208371359517296, node=1, primitive=PrimitiveDescriptor{name=atomix-primary-elector, type=PRIMARY_ELECTOR, backups=1, replication=ASYNCHRONOUS}, operation=PrimitiveOperation{id=DefaultOperationId{id=ENTER, type=COMMAND}, value=byte[]{length=28, hash=479217623}}} to GroupMember{memberId=3, groupId=3}
00:17:00.153 [atomix-system-5] TRACE i.a.p.b.s.PrimaryBackupSessionClient - SessionClient{system-partition-1}{type=PRIMARY_ELECTOR, name=atomix-primary-elector} - Sending ExecuteRequest{session=4822208371359517296, node=1, primitive=PrimitiveDescriptor{name=atomix-primary-elector, type=PRIMARY_ELECTOR, backups=1, replication=ASYNCHRONOUS}, operation=PrimitiveOperation{id=DefaultOperationId{id=ENTER, type=COMMAND}, value=byte[]{length=28, hash=479217697}}} to GroupMember{memberId=3, groupId=3}
00:17:00.153 [atomix-system-5] TRACE i.a.p.b.s.PrimaryBackupSessionClient - SessionClient{system-partition-1}{type=PRIMARY_ELECTOR, name=atomix-primary-elector} - Sending ExecuteRequest{session=4822208371359517296, node=1, primitive=PrimitiveDescriptor{name=atomix-primary-elector, type=PRIMARY_ELECTOR, backups=1, replication=ASYNCHRONOUS}, operation=PrimitiveOperation{id=DefaultOperationId{id=ENTER, type=COMMAND}, value=byte[]{length=28, hash=479217631}}} to GroupMember{memberId=3, groupId=3}
00:17:00.153 [atomix-system-5] TRACE i.a.p.b.s.PrimaryBackupSessionClient - SessionClient{system-partition-1}{type=PRIMARY_ELECTOR, name=atomix-primary-elector} - Received ExecuteResponse{status=OK, result=byte[]{length=25, hash=362903976}}
00:17:00.153 [atomix-system-5] TRACE i.a.p.b.s.PrimaryBackupSessionClient - SessionClient{system-partition-1}{type=PRIMARY_ELECTOR, name=atomix-primary-elector} - Received ExecuteResponse{status=OK, result=byte[]{length=25, hash=362903976}}
00:17:00.153 [atomix-system-5] TRACE i.a.p.b.s.PrimaryBackupSessionClient - SessionClient{system-partition-1}{type=PRIMARY_ELECTOR, name=atomix-primary-elector} - Received ExecuteResponse{status=OK, result=byte[]{length=25, hash=362903976}}
00:17:00.153 [atomix-system-5] TRACE i.a.p.b.s.PrimaryBackupSessionClient - SessionClient{system-partition-1}{type=PRIMARY_ELECTOR, name=atomix-primary-elector} - Received PrimitiveEvent{type=change, value=byte[]{length=48, hash=2124712131}}
00:17:00.153 [atomix-system-5] TRACE i.a.p.b.s.PrimaryBackupSessionClient - SessionClient{system-partition-1}{type=PRIMARY_ELECTOR, name=atomix-primary-elector} - Received PrimitiveEvent{type=change, value=byte[]{length=48, hash=-1115017081}}
00:17:00.154 [atomix-system-7] TRACE i.a.p.backup.roles.PrimaryRole - PrimaryRole{system-partition-1}{role=PRIMARY} - Sending ExecuteResponse{status=OK, result=byte[]{length=25, hash=362903976}}
00:17:00.154 [atomix-system-7] TRACE i.a.p.backup.roles.PrimaryRole - PrimaryRole{system-partition-1}{role=PRIMARY} - Received ExecuteRequest{session=4822208371359517296, node=1, primitive=PrimitiveDescriptor{name=atomix-primary-elector, type=PRIMARY_ELECTOR, backups=1, replication=ASYNCHRONOUS}, operation=PrimitiveOperation{id=DefaultOperationId{id=ENTER, type=COMMAND}, value=byte[]{length=28, hash=479217593}}}
00:17:00.155 [atomix-system-7] TRACE i.a.p.backup.roles.PrimaryRole - PrimaryRole{system-partition-1}{role=PRIMARY} - Sending ExecuteResponse{status=OK, result=byte[]{length=25, hash=362903976}}
00:17:00.155 [atomix-system-7] TRACE i.a.p.backup.roles.PrimaryRole - PrimaryRole{system-partition-1}{role=PRIMARY} - Received ExecuteRequest{session=4822208371359517296, node=1, primitive=PrimitiveDescriptor{name=atomix-primary-elector, type=PRIMARY_ELECTOR, backups=1, replication=ASYNCHRONOUS}, operation=PrimitiveOperation{id=DefaultOperationId{id=ENTER, type=COMMAND}, value=byte[]{length=29, hash=1970839652}}}
00:17:00.155 [atomix-system-7] TRACE i.a.p.backup.roles.PrimaryRole - PrimaryRole{system-partition-1}{role=PRIMARY} - Sending ExecuteResponse{status=OK, result=byte[]{length=25, hash=362903976}}
00:17:00.155 [atomix-system-7] TRACE i.a.p.b.impl.PrimaryBackupSession - PrimaryBackupSession{system-partition-1}{session=4332313565502807635} - Sending PrimitiveEvent{type=change, value=byte[]{length=48, hash=283420027}} to 3
00:17:00.155 [atomix-system-7] TRACE i.a.p.b.impl.PrimaryBackupSession - PrimaryBackupSession{system-partition-1}{session=4822208371359517296} - Sending PrimitiveEvent{type=change, value=byte[]{length=48, hash=283420027}} to 1
00:17:00.155 [atomix-system-8] TRACE i.a.p.b.s.PrimaryBackupSessionClient - SessionClient{system-partition-1}{type=PRIMARY_ELECTOR, name=atomix-primary-elector} - Received PrimitiveEvent{type=change, value=byte[]{length=48, hash=283420027}}
00:17:00.155 [atomix-system-7] TRACE i.a.p.b.impl.PrimaryBackupSession - PrimaryBackupSession{system-partition-1}{session=4332313565502807635} - Sending PrimitiveEvent{type=change, value=byte[]{length=49, hash=-1204952724}} to 3
00:17:00.156 [atomix-system-7] TRACE i.a.p.b.impl.PrimaryBackupSession - PrimaryBackupSession{system-partition-1}{session=4822208371359517296} - Sending PrimitiveEvent{type=change, value=byte[]{length=49, hash=-1204952724}} to 1
00:17:00.156 [atomix-system-15] TRACE i.a.p.b.s.PrimaryBackupSessionClient - SessionClient{system-partition-1}{type=PRIMARY_ELECTOR, name=atomix-primary-elector} - Received PrimitiveEvent{type=change, value=byte[]{length=49, hash=-1204952724}}
00:17:00.156 [atomix-system-7] TRACE i.a.p.backup.roles.PrimaryRole - PrimaryRole{system-partition-1}{role=PRIMARY} - Received ExecuteRequest{session=4822208371359517296, node=1, primitive=PrimitiveDescriptor{name=atomix-primary-elector, type=PRIMARY_ELECTOR, backups=1, replication=ASYNCHRONOUS}, operation=PrimitiveOperation{id=DefaultOperationId{id=ENTER, type=COMMAND}, value=byte[]{length=28, hash=479217659}}}
00:17:00.156 [atomix-system-7] TRACE i.a.p.backup.roles.PrimaryRole - PrimaryRole{system-partition-1}{role=PRIMARY} - Sending ExecuteResponse{status=OK, result=byte[]{length=25, hash=362903976}}
00:17:00.156 [atomix-system-7] TRACE i.a.p.backup.roles.PrimaryRole - PrimaryRole{system-partition-1}{role=PRIMARY} - Received ExecuteRequest{session=4822208371359517296, node=1, primitive=PrimitiveDescriptor{name=atomix-primary-elector, type=PRIMARY_ELECTOR, backups=1, replication=ASYNCHRONOUS}, operation=PrimitiveOperation{id=DefaultOperationId{id=ENTER, type=COMMAND}, value=byte[]{length=28, hash=479217601}}}
00:17:00.156 [atomix-system-7] TRACE i.a.p.backup.roles.PrimaryRole - PrimaryRole{system-partition-1}{role=PRIMARY} - Sending ExecuteResponse{status=OK, result=byte[]{length=25, hash=362903976}}
00:17:00.157 [atomix-system-7] TRACE i.a.p.backup.roles.PrimaryRole - PrimaryRole{system-partition-1}{role=PRIMARY} - Received ExecuteRequest{session=4822208371359517296, node=1, primitive=PrimitiveDescriptor{name=atomix-primary-elector, type=PRIMARY_ELECTOR, backups=1, replication=ASYNCHRONOUS}, operation=PrimitiveOperation{id=DefaultOperationId{id=ENTER, type=COMMAND}, value=byte[]{length=28, hash=479217667}}}
00:17:00.157 [atomix-system-7] TRACE i.a.p.backup.roles.PrimaryRole - PrimaryRole{system-partition-1}{role=PRIMARY} - Sending ExecuteResponse{status=OK, result=byte[]{length=25, hash=362903976}}
00:17:00.157 [atomix-system-7] TRACE i.a.p.backup.roles.PrimaryRole - PrimaryRole{system-partition-1}{role=PRIMARY} - Received ExecuteRequest{session=4822208371359517296, node=1, primitive=PrimitiveDescriptor{name=atomix-primary-elector, type=PRIMARY_ELECTOR, backups=1, replication=ASYNCHRONOUS}, operation=PrimitiveOperation{id=DefaultOperationId{id=ENTER, type=COMMAND}, value=byte[]{length=28, hash=479217677}}}
00:17:00.157 [atomix-system-7] TRACE i.a.p.backup.roles.PrimaryRole - PrimaryRole{system-partition-1}{role=PRIMARY} - Sending ExecuteResponse{status=OK, result=byte[]{length=25, hash=362903976}}
00:17:00.157 [atomix-system-7] TRACE i.a.p.backup.roles.PrimaryRole - PrimaryRole{system-partition-1}{role=PRIMARY} - Received ExecuteRequest{session=4822208371359517296, node=1, primitive=PrimitiveDescriptor{name=atomix-primary-elector, type=PRIMARY_ELECTOR, backups=1, replication=ASYNCHRONOUS}, operation=PrimitiveOperation{id=DefaultOperationId{id=ENTER, type=COMMAND}, value=byte[]{length=28, hash=479217611}}}
00:17:00.158 [atomix-system-7] TRACE i.a.p.backup.roles.PrimaryRole - PrimaryRole{system-partition-1}{role=PRIMARY} - Sending ExecuteResponse{status=OK, result=byte[]{length=25, hash=362903976}}
00:17:00.158 [atomix-system-7] TRACE i.a.p.b.impl.PrimaryBackupSession - PrimaryBackupSession{system-partition-1}{session=4332313565502807635} - Sending PrimitiveEvent{type=change, value=byte[]{length=48, hash=-1816276177}} to 3
00:17:00.158 [atomix-system-7] TRACE i.a.p.b.impl.PrimaryBackupSession - PrimaryBackupSession{system-partition-1}{session=4822208371359517296} - Sending PrimitiveEvent{type=change, value=byte[]{length=48, hash=-1816276177}} to 1
00:17:00.158 [atomix-system-9] TRACE i.a.p.b.s.PrimaryBackupSessionClient - SessionClient{system-partition-1}{type=PRIMARY_ELECTOR, name=atomix-primary-elector} - Received PrimitiveEvent{type=change, value=byte[]{length=48, hash=-1816276177}}
00:17:00.158 [atomix-system-7] TRACE i.a.p.backup.roles.PrimaryRole - PrimaryRole{system-partition-1}{role=PRIMARY} - Received ExecuteRequest{session=4822208371359517296, node=1, primitive=PrimitiveDescriptor{name=atomix-primary-elector, type=PRIMARY_ELECTOR, backups=1, replication=ASYNCHRONOUS}, operation=PrimitiveOperation{id=DefaultOperationId{id=ENTER, type=COMMAND}, value=byte[]{length=28, hash=479217685}}}
00:17:00.158 [atomix-system-7] TRACE i.a.p.backup.roles.PrimaryRole - PrimaryRole{system-partition-1}{role=PRIMARY} - Sending ExecuteResponse{status=OK, result=byte[]{length=25, hash=362903976}}
00:17:00.158 [atomix-system-7] TRACE i.a.p.backup.roles.PrimaryRole - PrimaryRole{system-partition-1}{role=PRIMARY} - Received ExecuteRequest{session=4822208371359517296, node=1, primitive=PrimitiveDescriptor{name=atomix-primary-elector, type=PRIMARY_ELECTOR, backups=1, replication=ASYNCHRONOUS}, operation=PrimitiveOperation{id=DefaultOperationId{id=ENTER, type=COMMAND}, value=byte[]{length=28, hash=479217619}}}
00:17:00.159 [atomix-system-3] INFO  i.a.p.b.p.i.PrimaryBackupPartitionServer - Successfully started server for PartitionId{id=2, group=data}
00:17:00.159 [atomix-system-7] TRACE i.a.p.backup.roles.PrimaryRole - PrimaryRole{system-partition-1}{role=PRIMARY} - Sending ExecuteResponse{status=OK, result=byte[]{length=25, hash=362903976}}
00:17:00.159 [atomix-system-7] TRACE i.a.p.backup.roles.PrimaryRole - PrimaryRole{system-partition-1}{role=PRIMARY} - Received ExecuteRequest{session=4822208371359517296, node=1, primitive=PrimitiveDescriptor{name=atomix-primary-elector, type=PRIMARY_ELECTOR, backups=1, replication=ASYNCHRONOUS}, operation=PrimitiveOperation{id=DefaultOperationId{id=ENTER, type=COMMAND}, value=byte[]{length=28, hash=479217693}}}
00:17:00.159 [atomix-system-7] TRACE i.a.p.backup.roles.PrimaryRole - PrimaryRole{system-partition-1}{role=PRIMARY} - Sending ExecuteResponse{status=OK, result=byte[]{length=25, hash=362903976}}
00:17:00.159 [atomix-system-7] TRACE i.a.p.backup.roles.PrimaryRole - PrimaryRole{system-partition-1}{role=PRIMARY} - Received ExecuteRequest{session=4822208371359517296, node=1, primitive=PrimitiveDescriptor{name=atomix-primary-elector, type=PRIMARY_ELECTOR, backups=1, replication=ASYNCHRONOUS}, operation=PrimitiveOperation{id=DefaultOperationId{id=ENTER, type=COMMAND}, value=byte[]{length=28, hash=479217627}}}
00:17:00.160 [atomix-system-7] TRACE i.a.p.backup.roles.PrimaryRole - PrimaryRole{system-partition-1}{role=PRIMARY} - Sending ExecuteResponse{status=OK, result=byte[]{length=25, hash=362903976}}
00:17:00.160 [atomix-system-7] TRACE i.a.p.b.impl.PrimaryBackupSession - PrimaryBackupSession{system-partition-1}{session=4332313565502807635} - Sending PrimitiveEvent{type=change, value=byte[]{length=48, hash=-1687074127}} to 3
00:17:00.160 [atomix-system-7] TRACE i.a.p.b.impl.PrimaryBackupSession - PrimaryBackupSession{system-partition-1}{session=4822208371359517296} - Sending PrimitiveEvent{type=change, value=byte[]{length=48, hash=-1687074127}} to 1
00:17:00.160 [atomix-system-4] TRACE i.a.p.b.s.PrimaryBackupSessionClient - SessionClient{system-partition-1}{type=PRIMARY_ELECTOR, name=atomix-primary-elector} - Received PrimitiveEvent{type=change, value=byte[]{length=48, hash=-1687074127}}
00:17:00.160 [atomix-system-7] TRACE i.a.p.b.impl.PrimaryBackupSession - PrimaryBackupSession{system-partition-1}{session=4332313565502807635} - Sending PrimitiveEvent{type=change, value=byte[]{length=48, hash=901223975}} to 3
00:17:00.160 [atomix-system-7] TRACE i.a.p.b.impl.PrimaryBackupSession - PrimaryBackupSession{system-partition-1}{session=4822208371359517296} - Sending PrimitiveEvent{type=change, value=byte[]{length=48, hash=901223975}} to 1
00:17:00.160 [atomix-system-14] TRACE i.a.p.b.s.PrimaryBackupSessionClient - SessionClient{system-partition-1}{type=PRIMARY_ELECTOR, name=atomix-primary-elector} - Received PrimitiveEvent{type=change, value=byte[]{length=48, hash=901223975}}
00:17:00.160 [atomix-system-7] TRACE i.a.p.b.impl.PrimaryBackupSession - PrimaryBackupSession{system-partition-1}{session=4332313565502807635} - Sending PrimitiveEvent{type=change, value=byte[]{length=48, hash=637399015}} to 3
00:17:00.160 [atomix-system-7] TRACE i.a.p.b.impl.PrimaryBackupSession - PrimaryBackupSession{system-partition-1}{session=4822208371359517296} - Sending PrimitiveEvent{type=change, value=byte[]{length=48, hash=637399015}} to 1
00:17:00.160 [atomix-system-5] TRACE i.a.p.b.s.PrimaryBackupSessionClient - SessionClient{system-partition-1}{type=PRIMARY_ELECTOR, name=atomix-primary-elector} - Received PrimitiveEvent{type=change, value=byte[]{length=48, hash=637399015}}
00:17:00.161 [atomix-system-7] TRACE i.a.p.b.impl.PrimaryBackupSession - PrimaryBackupSession{system-partition-1}{session=4332313565502807635} - Sending PrimitiveEvent{type=change, value=byte[]{length=48, hash=113830179}} to 3
00:17:00.161 [atomix-system-3] INFO  i.a.p.b.p.i.PrimaryBackupPartitionClient - Successfully started client for PartitionId{id=2, group=data}
00:17:00.161 [atomix-system-7] TRACE i.a.p.b.impl.PrimaryBackupSession - PrimaryBackupSession{system-partition-1}{session=4822208371359517296} - Sending PrimitiveEvent{type=change, value=byte[]{length=48, hash=113830179}} to 1
00:17:00.161 [atomix-system-2] TRACE i.a.p.b.s.PrimaryBackupSessionClient - SessionClient{system-partition-1}{type=PRIMARY_ELECTOR, name=atomix-primary-elector} - Received PrimitiveEvent{type=change, value=byte[]{length=48, hash=113830179}}
00:17:00.161 [atomix-system-3] INFO  i.a.p.b.p.i.PrimaryBackupPartitionServer - Successfully started server for PartitionId{id=68, group=data}
00:17:00.161 [atomix-system-7] TRACE i.a.p.b.impl.PrimaryBackupSession - PrimaryBackupSession{system-partition-1}{session=4332313565502807635} - Sending PrimitiveEvent{type=change, value=byte[]{length=48, hash=-1334434915}} to 3
00:17:00.161 [atomix-system-3] INFO  i.a.p.b.p.i.PrimaryBackupPartitionClient - Successfully started client for PartitionId{id=68, group=data}
00:17:00.161 [atomix-system-7] TRACE i.a.p.b.impl.PrimaryBackupSession - PrimaryBackupSession{system-partition-1}{session=4822208371359517296} - Sending PrimitiveEvent{type=change, value=byte[]{length=48, hash=-1334434915}} to 1
00:17:00.161 [atomix-system-4] TRACE i.a.p.b.s.PrimaryBackupSessionClient - SessionClient{system-partition-1}{type=PRIMARY_ELECTOR, name=atomix-primary-elector} - Received PrimitiveEvent{type=change, value=byte[]{length=48, hash=-1334434915}}
00:17:00.161 [atomix-system-3] INFO  i.a.p.b.p.i.PrimaryBackupPartitionServer - Successfully started server for PartitionId{id=39, group=data}
00:17:00.161 [atomix-system-7] TRACE i.a.p.b.impl.PrimaryBackupSession - PrimaryBackupSession{system-partition-1}{session=4332313565502807635} - Sending PrimitiveEvent{type=change, value=byte[]{length=48, hash=-1856663975}} to 3
00:17:00.161 [atomix-system-3] INFO  i.a.p.b.p.i.PrimaryBackupPartitionClient - Successfully started client for PartitionId{id=39, group=data}
00:17:00.162 [atomix-system-7] TRACE i.a.p.b.impl.PrimaryBackupSession - PrimaryBackupSession{system-partition-1}{session=4822208371359517296} - Sending PrimitiveEvent{type=change, value=byte[]{length=48, hash=-1856663975}} to 1
00:17:00.162 [atomix-system-10] TRACE i.a.p.b.s.PrimaryBackupSessionClient - SessionClient{system-partition-1}{type=PRIMARY_ELECTOR, name=atomix-primary-elector} - Received PrimitiveEvent{type=change, value=byte[]{length=48, hash=-1856663975}}
00:17:00.162 [atomix-system-3] INFO  i.a.p.b.p.i.PrimaryBackupPartitionServer - Successfully started server for PartitionId{id=6, group=data}
00:17:00.162 [atomix-system-7] TRACE i.a.p.b.impl.PrimaryBackupSession - PrimaryBackupSession{system-partition-1}{session=4332313565502807635} - Sending PrimitiveEvent{type=change, value=byte[]{length=48, hash=990038227}} to 3
00:17:00.162 [atomix-system-1] TRACE i.a.p.b.s.PrimaryBackupSessionClient - SessionClient{system-partition-1}{type=PRIMARY_ELECTOR, name=atomix-primary-elector} - Received PrimitiveEvent{type=change, value=byte[]{length=48, hash=283420027}}
00:17:00.162 [atomix-system-3] INFO  i.a.p.b.p.i.PrimaryBackupPartitionClient - Successfully started client for PartitionId{id=6, group=data}
00:17:00.162 [atomix-system-1] TRACE i.a.p.b.s.PrimaryBackupSessionClient - SessionClient{system-partition-1}{type=PRIMARY_ELECTOR, name=atomix-primary-elector} - Received ExecuteResponse{status=OK, result=byte[]{length=25, hash=362903976}}
00:17:00.162 [atomix-system-7] TRACE i.a.p.b.impl.PrimaryBackupSession - PrimaryBackupSession{system-partition-1}{session=4822208371359517296} - Sending PrimitiveEvent{type=change, value=byte[]{length=48, hash=990038227}} to 1
00:17:00.162 [atomix-system-6] TRACE i.a.p.b.s.PrimaryBackupSessionClient - SessionClient{system-partition-1}{type=PRIMARY_ELECTOR, name=atomix-primary-elector} - Received PrimitiveEvent{type=change, value=byte[]{length=48, hash=990038227}}
00:17:00.162 [atomix-system-3] INFO  i.a.p.b.p.i.PrimaryBackupPartitionServer - Successfully started server for PartitionId{id=43, group=data}
00:17:00.162 [atomix-system-1] TRACE i.a.p.b.s.PrimaryBackupSessionClient - SessionClient{system-partition-1}{type=PRIMARY_ELECTOR, name=atomix-primary-elector} - Received ExecuteResponse{status=OK, result=byte[]{length=25, hash=362903976}}
00:17:00.162 [atomix-system-7] TRACE i.a.p.b.impl.PrimaryBackupSession - PrimaryBackupSession{system-partition-1}{session=4332313565502807635} - Sending PrimitiveEvent{type=change, value=byte[]{length=48, hash=860836177}} to 3
00:17:00.162 [atomix-system-3] INFO  i.a.p.b.p.i.PrimaryBackupPartitionClient - Successfully started client for PartitionId{id=43, group=data}
00:17:00.162 [atomix-system-1] TRACE i.a.p.b.s.PrimaryBackupSessionClient - SessionClient{system-partition-1}{type=PRIMARY_ELECTOR, name=atomix-primary-elector} - Received ExecuteResponse{status=OK, result=byte[]{length=25, hash=362903976}}
00:17:00.163 [atomix-system-7] TRACE i.a.p.b.impl.PrimaryBackupSession - PrimaryBackupSession{system-partition-1}{session=4822208371359517296} - Sending PrimitiveEvent{type=change, value=byte[]{length=48, hash=860836177}} to 1
00:17:00.163 [atomix-system-11] TRACE i.a.p.b.s.PrimaryBackupSessionClient - SessionClient{system-partition-1}{type=PRIMARY_ELECTOR, name=atomix-primary-elector} - Received PrimitiveEvent{type=change, value=byte[]{length=48, hash=860836177}}
00:17:00.163 [atomix-system-3] INFO  i.a.p.b.p.i.PrimaryBackupPartitionServer - Successfully started server for PartitionId{id=10, group=data}
00:17:00.163 [atomix-system-1] TRACE i.a.p.b.s.PrimaryBackupSessionClient - SessionClient{system-partition-1}{type=PRIMARY_ELECTOR, name=atomix-primary-elector} - Received ExecuteResponse{status=OK, result=byte[]{length=25, hash=362903976}}
00:17:00.163 [atomix-system-7] TRACE i.a.p.b.impl.PrimaryBackupSession - PrimaryBackupSession{system-partition-1}{session=4332313565502807635} - Sending PrimitiveEvent{type=change, value=byte[]{length=48, hash=-980455927}} to 3
00:17:00.163 [atomix-system-1] TRACE i.a.p.b.s.PrimaryBackupSessionClient - SessionClient{system-partition-1}{type=PRIMARY_ELECTOR, name=atomix-primary-elector} - Received ExecuteResponse{status=OK, result=byte[]{length=25, hash=362903976}}
00:17:00.163 [atomix-system-3] INFO  i.a.p.b.p.i.PrimaryBackupPartitionClient - Successfully started client for PartitionId{id=10, group=data}
00:17:00.163 [atomix-system-1] TRACE i.a.p.b.s.PrimaryBackupSessionClient - SessionClient{system-partition-1}{type=PRIMARY_ELECTOR, name=atomix-primary-elector} - Received ExecuteResponse{status=OK, result=byte[]{length=25, hash=362903976}}
00:17:00.163 [atomix-system-3] INFO  i.a.p.b.p.i.PrimaryBackupPartitionServer - Successfully started server for PartitionId{id=44, group=data}
00:17:00.163 [atomix-system-4] TRACE i.a.p.b.s.PrimaryBackupSessionClient - SessionClient{system-partition-1}{type=PRIMARY_ELECTOR, name=atomix-primary-elector} - Received PrimitiveEvent{type=change, value=byte[]{length=48, hash=-980455927}}
00:17:00.163 [atomix-system-1] TRACE i.a.p.b.s.PrimaryBackupSessionClient - SessionClient{system-partition-1}{type=PRIMARY_ELECTOR, name=atomix-primary-elector} - Received ExecuteResponse{status=OK, result=byte[]{length=25, hash=362903976}}
00:17:00.163 [atomix-system-7] TRACE i.a.p.b.impl.PrimaryBackupSession - PrimaryBackupSession{system-partition-1}{session=4822208371359517296} - Sending PrimitiveEvent{type=change, value=byte[]{length=48, hash=-980455927}} to 1
00:17:00.163 [atomix-system-3] INFO  i.a.p.b.p.i.PrimaryBackupPartitionClient - Successfully started client for PartitionId{id=44, group=data}
00:17:00.163 [atomix-system-1] TRACE i.a.p.b.s.PrimaryBackupSessionClient - SessionClient{system-partition-1}{type=PRIMARY_ELECTOR, name=atomix-primary-elector} - Received PrimitiveEvent{type=change, value=byte[]{length=49, hash=-1204952724}}
00:17:00.164 [atomix-system-3] INFO  i.a.p.b.p.i.PrimaryBackupPartitionServer - Successfully started server for PartitionId{id=15, group=data}
00:17:00.164 [atomix-system-1] TRACE i.a.p.b.s.PrimaryBackupSessionClient - SessionClient{system-partition-1}{type=PRIMARY_ELECTOR, name=atomix-primary-elector} - Received PrimitiveEvent{type=change, value=byte[]{length=48, hash=-1816276177}}
00:17:00.164 [atomix-system-3] INFO  i.a.p.b.p.i.PrimaryBackupPartitionClient - Successfully started client for PartitionId{id=15, group=data}
00:17:00.164 [atomix-system-1] TRACE i.a.p.b.s.PrimaryBackupSessionClient - SessionClient{system-partition-1}{type=PRIMARY_ELECTOR, name=atomix-primary-elector} - Received PrimitiveEvent{type=change, value=byte[]{length=48, hash=-1687074127}}
00:17:00.164 [atomix-system-7] TRACE i.a.p.b.impl.PrimaryBackupSession - PrimaryBackupSession{system-partition-1}{session=4332313565502807635} - Sending PrimitiveEvent{type=change, value=byte[]{length=48, hash=-1895711997}} to 3
00:17:00.164 [atomix-system-1] TRACE i.a.p.b.s.PrimaryBackupSessionClient - SessionClient{system-partition-1}{type=PRIMARY_ELECTOR, name=atomix-primary-elector} - Received PrimitiveEvent{type=change, value=byte[]{length=48, hash=901223975}}
00:17:00.164 [atomix-system-1] TRACE i.a.p.b.s.PrimaryBackupSessionClient - SessionClient{system-partition-1}{type=PRIMARY_ELECTOR, name=atomix-primary-elector} - Received PrimitiveEvent{type=change, value=byte[]{length=48, hash=637399015}}
00:17:00.164 [atomix-system-7] TRACE i.a.p.b.impl.PrimaryBackupSession - PrimaryBackupSession{system-partition-1}{session=4822208371359517296} - Sending PrimitiveEvent{type=change, value=byte[]{length=48, hash=-1895711997}} to 1
00:17:00.164 [atomix-system-1] TRACE i.a.p.b.s.PrimaryBackupSessionClient - SessionClient{system-partition-1}{type=PRIMARY_ELECTOR, name=atomix-primary-elector} - Received PrimitiveEvent{type=change, value=byte[]{length=48, hash=-1895711997}}
00:17:00.164 [atomix-system-1] TRACE i.a.p.b.s.PrimaryBackupSessionClient - SessionClient{system-partition-1}{type=PRIMARY_ELECTOR, name=atomix-primary-elector} - Received PrimitiveEvent{type=change, value=byte[]{length=48, hash=113830179}}
00:17:00.164 [atomix-system-3] INFO  i.a.p.b.p.i.PrimaryBackupPartitionServer - Successfully started server for PartitionId{id=48, group=data}
00:17:00.164 [atomix-system-7] TRACE i.a.p.b.impl.PrimaryBackupSession - PrimaryBackupSession{system-partition-1}{session=4332313565502807635} - Sending PrimitiveEvent{type=change, value=byte[]{length=48, hash=950990205}} to 3
00:17:00.164 [atomix-system-1] TRACE i.a.p.b.s.PrimaryBackupSessionClient - SessionClient{system-partition-1}{type=PRIMARY_ELECTOR, name=atomix-primary-elector} - Received PrimitiveEvent{type=change, value=byte[]{length=48, hash=-1334434915}}
00:17:00.164 [atomix-system-3] INFO  i.a.p.b.p.i.PrimaryBackupPartitionClient - Successfully started client for PartitionId{id=48, group=data}
00:17:00.164 [atomix-system-7] TRACE i.a.p.b.impl.PrimaryBackupSession - PrimaryBackupSession{system-partition-1}{session=4822208371359517296} - Sending PrimitiveEvent{type=change, value=byte[]{length=48, hash=950990205}} to 1
00:17:00.164 [atomix-system-1] TRACE i.a.p.b.s.PrimaryBackupSessionClient - SessionClient{system-partition-1}{type=PRIMARY_ELECTOR, name=atomix-primary-elector} - Received PrimitiveEvent{type=change, value=byte[]{length=48, hash=-1856663975}}
00:17:00.164 [atomix-system-6] TRACE i.a.p.b.s.PrimaryBackupSessionClient - SessionClient{system-partition-1}{type=PRIMARY_ELECTOR, name=atomix-primary-elector} - Received PrimitiveEvent{type=change, value=byte[]{length=48, hash=950990205}}
00:17:00.164 [atomix-system-3] INFO  i.a.p.b.p.i.PrimaryBackupPartitionServer - Successfully started server for PartitionId{id=19, group=data}
00:17:00.164 [atomix-system-7] TRACE i.a.p.b.impl.PrimaryBackupSession - PrimaryBackupSession{system-partition-1}{session=4332313565502807635} - Sending PrimitiveEvent{type=change, value=byte[]{length=48, hash=-754339213}} to 3
00:17:00.164 [atomix-system-1] TRACE i.a.p.b.s.PrimaryBackupSessionClient - SessionClient{system-partition-1}{type=PRIMARY_ELECTOR, name=atomix-primary-elector} - Received ExecuteResponse{status=OK, result=byte[]{length=25, hash=362903976}}
00:17:00.165 [atomix-system-7] TRACE i.a.p.b.impl.PrimaryBackupSession - PrimaryBackupSession{system-partition-1}{session=4822208371359517296} - Sending PrimitiveEvent{type=change, value=byte[]{length=48, hash=-754339213}} to 1
00:17:00.165 [atomix-system-1] TRACE i.a.p.b.s.PrimaryBackupSessionClient - SessionClient{system-partition-1}{type=PRIMARY_ELECTOR, name=atomix-primary-elector} - Received ExecuteResponse{status=OK, result=byte[]{length=25, hash=362903976}}
00:17:00.165 [atomix-system-3] TRACE i.a.p.b.s.PrimaryBackupSessionClient - SessionClient{system-partition-1}{type=PRIMARY_ELECTOR, name=atomix-primary-elector} - Received PrimitiveEvent{type=change, value=byte[]{length=48, hash=-754339213}}
00:17:00.164 [atomix-system-3] INFO  i.a.p.b.p.i.PrimaryBackupPartitionClient - Successfully started client for PartitionId{id=19, group=data}
00:17:00.165 [atomix-system-1] TRACE i.a.p.b.s.PrimaryBackupSessionClient - SessionClient{system-partition-1}{type=PRIMARY_ELECTOR, name=atomix-primary-elector} - Received ExecuteResponse{status=OK, result=byte[]{length=25, hash=362903976}}
00:17:00.165 [atomix-system-7] TRACE i.a.p.backup.roles.PrimaryRole - PrimaryRole{system-partition-1}{role=PRIMARY} - Received ExecuteRequest{session=4822208371359517296, node=1, primitive=PrimitiveDescriptor{name=atomix-primary-elector, type=PRIMARY_ELECTOR, backups=1, replication=ASYNCHRONOUS}, operation=PrimitiveOperation{id=DefaultOperationId{id=ENTER, type=COMMAND}, value=byte[]{length=28, hash=479217701}}}
00:17:00.165 [atomix-system-3] INFO  i.a.p.b.p.i.PrimaryBackupPartitionServer - Successfully started server for PartitionId{id=52, group=data}
00:17:00.165 [atomix-system-1] TRACE i.a.p.b.s.PrimaryBackupSessionClient - SessionClient{system-partition-1}{type=PRIMARY_ELECTOR, name=atomix-primary-elector} - Received ExecuteResponse{status=OK, result=byte[]{length=25, hash=362903976}}
00:17:00.165 [atomix-system-7] TRACE i.a.p.backup.roles.PrimaryRole - PrimaryRole{system-partition-1}{role=PRIMARY} - Sending ExecuteResponse{status=OK, result=byte[]{length=25, hash=362903976}}
00:17:00.165 [atomix-system-3] INFO  i.a.p.b.p.i.PrimaryBackupPartitionClient - Successfully started client for PartitionId{id=52, group=data}
00:17:00.165 [atomix-system-1] TRACE i.a.p.b.s.PrimaryBackupSessionClient - SessionClient{system-partition-1}{type=PRIMARY_ELECTOR, name=atomix-primary-elector} - Received ExecuteResponse{status=OK, result=byte[]{length=25, hash=362903976}}
00:17:00.165 [atomix-system-7] TRACE i.a.p.b.impl.PrimaryBackupSession - PrimaryBackupSession{system-partition-1}{session=4332313565502807635} - Sending PrimitiveEvent{type=change, value=byte[]{length=48, hash=-625137163}} to 3
00:17:00.165 [atomix-system-3] INFO  i.a.p.b.p.i.PrimaryBackupPartitionServer - Successfully started server for PartitionId{id=23, group=data}
00:17:00.166 [atomix-system-1] TRACE i.a.p.b.s.PrimaryBackupSessionClient - SessionClient{system-partition-1}{type=PRIMARY_ELECTOR, name=atomix-primary-elector} - Received PrimitiveEvent{type=change, value=byte[]{length=48, hash=990038227}}
00:17:00.166 [atomix-system-7] TRACE i.a.p.b.impl.PrimaryBackupSession - PrimaryBackupSession{system-partition-1}{session=4822208371359517296} - Sending PrimitiveEvent{type=change, value=byte[]{length=48, hash=-625137163}} to 1
00:17:00.166 [atomix-system-3] INFO  i.a.p.b.p.i.PrimaryBackupPartitionClient - Successfully started client for PartitionId{id=23, group=data}
00:17:00.166 [atomix-system-1] TRACE i.a.p.b.s.PrimaryBackupSessionClient - SessionClient{system-partition-1}{type=PRIMARY_ELECTOR, name=atomix-primary-elector} - Received PrimitiveEvent{type=change, value=byte[]{length=48, hash=860836177}}
00:17:00.166 [atomix-system-7] TRACE i.a.p.b.impl.PrimaryBackupSession - PrimaryBackupSession{system-partition-1}{session=4332313565502807635} - Sending PrimitiveEvent{type=change, value=byte[]{length=48, hash=1828538029}} to 3
00:17:00.166 [atomix-system-3] INFO  i.a.p.b.p.i.PrimaryBackupPartitionServer - Successfully started server for PartitionId{id=56, group=data}
00:17:00.166 [atomix-system-1] TRACE i.a.p.b.s.PrimaryBackupSessionClient - SessionClient{system-partition-1}{type=PRIMARY_ELECTOR, name=atomix-primary-elector} - Received PrimitiveEvent{type=change, value=byte[]{length=48, hash=-980455927}}
00:17:00.166 [atomix-system-7] TRACE i.a.p.b.impl.PrimaryBackupSession - PrimaryBackupSession{system-partition-1}{session=4822208371359517296} - Sending PrimitiveEvent{type=change, value=byte[]{length=48, hash=1828538029}} to 1
00:17:00.166 [atomix-system-3] INFO  i.a.p.b.p.i.PrimaryBackupPartitionClient - Successfully started client for PartitionId{id=56, group=data}
00:17:00.166 [atomix-system-1] TRACE i.a.p.b.s.PrimaryBackupSessionClient - SessionClient{system-partition-1}{type=PRIMARY_ELECTOR, name=atomix-primary-elector} - Received PrimitiveEvent{type=change, value=byte[]{length=48, hash=-1895711997}}
00:17:00.166 [atomix-system-7] TRACE i.a.p.b.impl.PrimaryBackupSession - PrimaryBackupSession{system-partition-1}{session=4332313565502807635} - Sending PrimitiveEvent{type=change, value=byte[]{length=49, hash=-713733030}} to 3
00:17:00.166 [atomix-system-3] INFO  i.a.p.b.p.i.PrimaryBackupPartitionServer - Successfully started server for PartitionId{id=27, group=data}
00:17:00.166 [atomix-system-1] TRACE i.a.p.b.s.PrimaryBackupSessionClient - SessionClient{system-partition-1}{type=PRIMARY_ELECTOR, name=atomix-primary-elector} - Received PrimitiveEvent{type=change, value=byte[]{length=48, hash=950990205}}
00:17:00.166 [atomix-system-7] TRACE i.a.p.b.impl.PrimaryBackupSession - PrimaryBackupSession{system-partition-1}{session=4822208371359517296} - Sending PrimitiveEvent{type=change, value=byte[]{length=49, hash=-713733030}} to 1
00:17:00.166 [atomix-system-3] INFO  i.a.p.b.p.i.PrimaryBackupPartitionClient - Successfully started client for PartitionId{id=27, group=data}
00:17:00.166 [atomix-system-1] TRACE i.a.p.b.s.PrimaryBackupSessionClient - SessionClient{system-partition-1}{type=PRIMARY_ELECTOR, name=atomix-primary-elector} - Received PrimitiveEvent{type=change, value=byte[]{length=48, hash=-754339213}}
00:17:00.166 [atomix-system-7] TRACE i.a.p.backup.roles.PrimaryRole - PrimaryRole{system-partition-1}{role=PRIMARY} - Received ExecuteRequest{session=4822208371359517296, node=1, primitive=PrimitiveDescriptor{name=atomix-primary-elector, type=PRIMARY_ELECTOR, backups=1, replication=ASYNCHRONOUS}, operation=PrimitiveOperation{id=DefaultOperationId{id=ENTER, type=COMMAND}, value=byte[]{length=28, hash=479217635}}}
00:17:00.166 [atomix-system-3] INFO  i.a.p.b.p.i.PrimaryBackupPartitionServer - Successfully started server for PartitionId{id=63, group=data}
00:17:00.166 [atomix-system-1] TRACE i.a.p.b.s.PrimaryBackupSessionClient - SessionClient{system-partition-1}{type=PRIMARY_ELECTOR, name=atomix-primary-elector} - Received ExecuteResponse{status=OK, result=byte[]{length=25, hash=362903976}}
00:17:00.166 [atomix-system-3] INFO  i.a.p.b.p.i.PrimaryBackupPartitionClient - Successfully started client for PartitionId{id=63, group=data}
00:17:00.166 [atomix-system-1] TRACE i.a.p.b.s.PrimaryBackupSessionClient - SessionClient{system-partition-1}{type=PRIMARY_ELECTOR, name=atomix-primary-elector} - Received PrimitiveEvent{type=change, value=byte[]{length=48, hash=-625137163}}
00:17:00.167 [atomix-system-3] INFO  i.a.p.b.p.i.PrimaryBackupPartitionServer - Successfully started server for PartitionId{id=30, group=data}
00:17:00.167 [atomix-system-1] TRACE i.a.p.b.s.PrimaryBackupSessionClient - SessionClient{system-partition-1}{type=PRIMARY_ELECTOR, name=atomix-primary-elector} - Received PrimitiveEvent{type=change, value=byte[]{length=48, hash=1828538029}}
00:17:00.167 [atomix-system-3] INFO  i.a.p.b.p.i.PrimaryBackupPartitionClient - Successfully started client for PartitionId{id=30, group=data}
00:17:00.167 [atomix-system-1] TRACE i.a.p.b.s.PrimaryBackupSessionClient - SessionClient{system-partition-1}{type=PRIMARY_ELECTOR, name=atomix-primary-elector} - Received PrimitiveEvent{type=change, value=byte[]{length=49, hash=-713733030}}
00:17:00.167 [atomix-system-7] TRACE i.a.p.backup.roles.PrimaryRole - PrimaryRole{system-partition-1}{role=PRIMARY} - Sending ExecuteResponse{status=OK, result=byte[]{length=39, hash=-1147278830}}
00:17:00.167 [atomix-system-3] INFO  i.a.p.b.p.i.PrimaryBackupPartitionServer - Successfully started server for PartitionId{id=1, group=data}
00:17:00.167 [atomix-system-7] TRACE i.a.p.backup.roles.PrimaryRole - PrimaryRole{system-partition-1}{role=PRIMARY} - Received ExecuteRequest{session=4822208371359517296, node=1, primitive=PrimitiveDescriptor{name=atomix-primary-elector, type=PRIMARY_ELECTOR, backups=1, replication=ASYNCHRONOUS}, operation=PrimitiveOperation{id=DefaultOperationId{id=ENTER, type=COMMAND}, value=byte[]{length=28, hash=479217641}}}
00:17:00.167 [atomix-system-3] INFO  i.a.p.b.p.i.PrimaryBackupPartitionClient - Successfully started client for PartitionId{id=1, group=data}
00:17:00.167 [atomix-system-3] INFO  i.a.p.b.p.i.PrimaryBackupPartitionServer - Successfully started server for PartitionId{id=67, group=data}
00:17:00.167 [atomix-system-3] INFO  i.a.p.b.p.i.PrimaryBackupPartitionClient - Successfully started client for PartitionId{id=67, group=data}
00:17:00.167 [atomix-system-3] INFO  i.a.p.b.p.i.PrimaryBackupPartitionServer - Successfully started server for PartitionId{id=34, group=data}
00:17:00.167 [atomix-system-7] TRACE i.a.p.backup.roles.PrimaryRole - PrimaryRole{system-partition-1}{role=PRIMARY} - Sending ExecuteResponse{status=OK, result=byte[]{length=39, hash=-1147278830}}
00:17:00.167 [atomix-system-3] INFO  i.a.p.b.p.i.PrimaryBackupPartitionClient - Successfully started client for PartitionId{id=34, group=data}
00:17:00.167 [atomix-system-7] TRACE i.a.p.backup.roles.PrimaryRole - PrimaryRole{system-partition-1}{role=PRIMARY} - Received ExecuteRequest{session=4822208371359517296, node=1, primitive=PrimitiveDescriptor{name=atomix-primary-elector, type=PRIMARY_ELECTOR, backups=1, replication=ASYNCHRONOUS}, operation=PrimitiveOperation{id=DefaultOperationId{id=ENTER, type=COMMAND}, value=byte[]{length=28, hash=479217707}}}
00:17:00.167 [atomix-system-3] INFO  i.a.p.b.p.i.PrimaryBackupPartitionServer - Successfully started server for PartitionId{id=5, group=data}
00:17:00.167 [atomix-system-14] TRACE i.a.p.b.s.PrimaryBackupSessionClient - SessionClient{system-partition-1}{type=PRIMARY_ELECTOR, name=atomix-primary-elector} - Received PrimitiveEvent{type=change, value=byte[]{length=48, hash=-625137163}}
00:17:00.167 [atomix-system-3] INFO  i.a.p.b.p.i.PrimaryBackupPartitionClient - Successfully started client for PartitionId{id=5, group=data}
00:17:00.167 [atomix-system-6] TRACE i.a.p.b.s.PrimaryBackupSessionClient - SessionClient{system-partition-1}{type=PRIMARY_ELECTOR, name=atomix-primary-elector} - Received ExecuteResponse{status=OK, result=byte[]{length=39, hash=-1147278830}}
00:17:00.167 [atomix-system-7] TRACE i.a.p.backup.roles.PrimaryRole - PrimaryRole{system-partition-1}{role=PRIMARY} - Sending ExecuteResponse{status=OK, result=byte[]{length=39, hash=-1147278830}}
00:17:00.168 [atomix-system-14] TRACE i.a.p.b.s.PrimaryBackupSessionClient - SessionClient{system-partition-1}{type=PRIMARY_ELECTOR, name=atomix-primary-elector} - Received PrimitiveEvent{type=change, value=byte[]{length=48, hash=1828538029}}
00:17:00.168 [atomix-system-3] INFO  i.a.p.b.p.i.PrimaryBackupPartitionServer - Successfully started server for PartitionId{id=71, group=data}
00:17:00.169 [atomix-system-6] TRACE i.a.p.b.s.PrimaryBackupSessionClient - SessionClient{system-partition-1}{type=PRIMARY_ELECTOR, name=atomix-primary-elector} - Received ExecuteResponse{status=OK, result=byte[]{length=39, hash=-1147278830}}
00:17:00.169 [atomix-system-7] TRACE i.a.p.backup.roles.PrimaryRole - PrimaryRole{system-partition-1}{role=PRIMARY} - Received ExecuteRequest{session=4822208371359517296, node=1, primitive=PrimitiveDescriptor{name=atomix-primary-elector, type=PRIMARY_ELECTOR, backups=1, replication=ASYNCHRONOUS}, operation=PrimitiveOperation{id=DefaultOperationId{id=ENTER, type=COMMAND}, value=byte[]{length=28, hash=479217649}}}
00:17:00.169 [atomix-system-14] TRACE i.a.p.b.s.PrimaryBackupSessionClient - SessionClient{system-partition-1}{type=PRIMARY_ELECTOR, name=atomix-primary-elector} - Received PrimitiveEvent{type=change, value=byte[]{length=49, hash=-713733030}}
00:17:00.169 [atomix-system-3] INFO  i.a.p.b.p.i.PrimaryBackupPartitionClient - Successfully started client for PartitionId{id=71, group=data}
00:17:00.169 [atomix-system-6] TRACE i.a.p.b.s.PrimaryBackupSessionClient - SessionClient{system-partition-1}{type=PRIMARY_ELECTOR, name=atomix-primary-elector} - Received ExecuteResponse{status=OK, result=byte[]{length=39, hash=-1147278830}}
00:17:00.169 [atomix-system-3] INFO  i.a.p.b.p.i.PrimaryBackupPartitionServer - Successfully started server for PartitionId{id=38, group=data}
00:17:00.169 [atomix-system-3] INFO  i.a.p.b.p.i.PrimaryBackupPartitionClient - Successfully started client for PartitionId{id=38, group=data}
00:17:00.169 [atomix-system-7] TRACE i.a.p.backup.roles.PrimaryRole - PrimaryRole{system-partition-1}{role=PRIMARY} - Sending ExecuteResponse{status=OK, result=byte[]{length=39, hash=-1147278830}}
00:17:00.169 [atomix-system-3] INFO  i.a.p.b.p.i.PrimaryBackupPartitionServer - Successfully started server for PartitionId{id=9, group=data}
00:17:00.170 [atomix-system-7] TRACE i.a.p.backup.roles.PrimaryRole - PrimaryRole{system-partition-1}{role=PRIMARY} - Received ExecuteRequest{session=4822208371359517296, node=1, primitive=PrimitiveDescriptor{name=atomix-primary-elector, type=PRIMARY_ELECTOR, backups=1, replication=ASYNCHRONOUS}, operation=PrimitiveOperation{id=DefaultOperationId{id=ENTER, type=COMMAND}, value=byte[]{length=29, hash=1970839342}}}
00:17:00.170 [atomix-system-3] INFO  i.a.p.b.p.i.PrimaryBackupPartitionClient - Successfully started client for PartitionId{id=9, group=data}
00:17:00.170 [atomix-system-3] INFO  i.a.p.b.p.i.PrimaryBackupPartitionServer - Successfully started server for PartitionId{id=42, group=data}
00:17:00.170 [atomix-system-3] INFO  i.a.p.b.p.i.PrimaryBackupPartitionClient - Successfully started client for PartitionId{id=42, group=data}
00:17:00.170 [atomix-system-7] TRACE i.a.p.backup.roles.PrimaryRole - PrimaryRole{system-partition-1}{role=PRIMARY} - Sending ExecuteResponse{status=OK, result=byte[]{length=39, hash=-1147278830}}
00:17:00.170 [atomix-system-3] INFO  i.a.p.b.p.i.PrimaryBackupPartitionServer - Successfully started server for PartitionId{id=47, group=data}
00:17:00.170 [atomix-system-7] TRACE i.a.p.backup.roles.PrimaryRole - PrimaryRole{system-partition-1}{role=PRIMARY} - Received ExecuteRequest{session=4822208371359517296, node=1, primitive=PrimitiveDescriptor{name=atomix-primary-elector, type=PRIMARY_ELECTOR, backups=1, replication=ASYNCHRONOUS}, operation=PrimitiveOperation{id=DefaultOperationId{id=ENTER, type=COMMAND}, value=byte[]{length=28, hash=479217657}}}
00:17:00.170 [atomix-system-3] INFO  i.a.p.b.p.i.PrimaryBackupPartitionClient - Successfully started client for PartitionId{id=47, group=data}
00:17:00.170 [atomix-system-2] TRACE i.a.p.b.s.PrimaryBackupSessionClient - SessionClient{system-partition-1}{type=PRIMARY_ELECTOR, name=atomix-primary-elector} - Received ExecuteResponse{status=OK, result=byte[]{length=39, hash=-1147278830}}
00:17:00.170 [atomix-system-2] TRACE i.a.p.b.s.PrimaryBackupSessionClient - SessionClient{system-partition-1}{type=PRIMARY_ELECTOR, name=atomix-primary-elector} - Received ExecuteResponse{status=OK, result=byte[]{length=39, hash=-1147278830}}
00:17:00.170 [atomix-system-3] INFO  i.a.p.b.p.i.PrimaryBackupPartitionServer - Successfully started server for PartitionId{id=14, group=data}
00:17:00.170 [atomix-system-7] TRACE i.a.p.backup.roles.PrimaryRole - PrimaryRole{system-partition-1}{role=PRIMARY} - Sending ExecuteResponse{status=OK, result=byte[]{length=39, hash=-1147278830}}
00:17:00.170 [atomix-system-3] INFO  i.a.p.b.p.i.PrimaryBackupPartitionClient - Successfully started client for PartitionId{id=14, group=data}
00:17:00.170 [atomix-system-7] TRACE i.a.p.backup.roles.PrimaryRole - PrimaryRole{system-partition-1}{role=PRIMARY} - Received ExecuteRequest{session=4822208371359517296, node=1, primitive=PrimitiveDescriptor{name=atomix-primary-elector, type=PRIMARY_ELECTOR, backups=1, replication=ASYNCHRONOUS}, operation=PrimitiveOperation{id=DefaultOperationId{id=ENTER, type=COMMAND}, value=byte[]{length=28, hash=479217591}}}
00:17:00.170 [atomix-system-3] INFO  i.a.p.b.p.i.PrimaryBackupPartitionServer - Successfully started server for PartitionId{id=51, group=data}
00:17:00.170 [atomix-system-3] INFO  i.a.p.b.p.i.PrimaryBackupPartitionClient - Successfully started client for PartitionId{id=51, group=data}
00:17:00.170 [atomix-system-3] INFO  i.a.p.b.p.i.PrimaryBackupPartitionServer - Successfully started server for PartitionId{id=18, group=data}
00:17:00.170 [atomix-system-7] TRACE i.a.p.backup.roles.PrimaryRole - PrimaryRole{system-partition-1}{role=PRIMARY} - Sending ExecuteResponse{status=OK, result=byte[]{length=39, hash=-1147278830}}
00:17:00.170 [atomix-system-3] INFO  i.a.p.b.p.i.PrimaryBackupPartitionClient - Successfully started client for PartitionId{id=18, group=data}
00:17:00.170 [atomix-system-7] TRACE i.a.p.backup.roles.PrimaryRole - PrimaryRole{system-partition-1}{role=PRIMARY} - Received ExecuteRequest{session=4822208371359517296, node=1, primitive=PrimitiveDescriptor{name=atomix-primary-elector, type=PRIMARY_ELECTOR, backups=1, replication=ASYNCHRONOUS}, operation=PrimitiveOperation{id=DefaultOperationId{id=ENTER, type=COMMAND}, value=byte[]{length=29, hash=1970839590}}}
00:17:00.170 [atomix-system-3] INFO  i.a.p.b.p.i.PrimaryBackupPartitionServer - Successfully started server for PartitionId{id=55, group=data}
00:17:00.170 [atomix-system-3] INFO  i.a.p.b.p.i.PrimaryBackupPartitionClient - Successfully started client for PartitionId{id=55, group=data}
00:17:00.170 [atomix-system-3] INFO  i.a.p.b.p.i.PrimaryBackupPartitionServer - Successfully started server for PartitionId{id=22, group=data}
00:17:00.170 [atomix-system-3] INFO  i.a.p.b.p.i.PrimaryBackupPartitionClient - Successfully started client for PartitionId{id=22, group=data}
00:17:00.170 [atomix-system-7] TRACE i.a.p.backup.roles.PrimaryRole - PrimaryRole{system-partition-1}{role=PRIMARY} - Sending ExecuteResponse{status=OK, result=byte[]{length=39, hash=-1147278830}}
00:17:00.170 [atomix-system-7] TRACE i.a.p.b.s.PrimaryBackupSessionClient - SessionClient{system-partition-1}{type=PRIMARY_ELECTOR, name=atomix-primary-elector} - Received ExecuteResponse{status=OK, result=byte[]{length=39, hash=-1147278830}}
00:17:00.171 [atomix-system-3] INFO  i.a.p.b.p.i.PrimaryBackupPartitionServer - Successfully started server for PartitionId{id=59, group=data}
00:17:00.171 [atomix-system-7] TRACE i.a.p.backup.roles.PrimaryRole - PrimaryRole{system-partition-1}{role=PRIMARY} - Received ExecuteRequest{session=4822208371359517296, node=1, primitive=PrimitiveDescriptor{name=atomix-primary-elector, type=PRIMARY_ELECTOR, backups=1, replication=ASYNCHRONOUS}, operation=PrimitiveOperation{id=DefaultOperationId{id=ENTER, type=COMMAND}, value=byte[]{length=28, hash=479217665}}}
00:17:00.171 [atomix-system-7] TRACE i.a.p.b.s.PrimaryBackupSessionClient - SessionClient{system-partition-1}{type=PRIMARY_ELECTOR, name=atomix-primary-elector} - Received ExecuteResponse{status=OK, result=byte[]{length=39, hash=-1147278830}}
00:17:00.171 [atomix-system-3] INFO  i.a.p.b.p.i.PrimaryBackupPartitionClient - Successfully started client for PartitionId{id=59, group=data}
00:17:00.171 [atomix-system-7] TRACE i.a.p.b.s.PrimaryBackupSessionClient - SessionClient{system-partition-1}{type=PRIMARY_ELECTOR, name=atomix-primary-elector} - Received ExecuteResponse{status=OK, result=byte[]{length=39, hash=-1147278830}}
00:17:00.171 [atomix-system-3] INFO  i.a.p.b.p.i.PrimaryBackupPartitionServer - Successfully started server for PartitionId{id=26, group=data}
00:17:00.171 [atomix-system-7] TRACE i.a.p.backup.roles.PrimaryRole - PrimaryRole{system-partition-1}{role=PRIMARY} - Sending ExecuteResponse{status=OK, result=byte[]{length=39, hash=-1147278830}}
00:17:00.171 [atomix-system-3] INFO  i.a.p.b.p.i.PrimaryBackupPartitionClient - Successfully started client for PartitionId{id=26, group=data}
00:17:00.171 [atomix-system-7] TRACE i.a.p.backup.roles.PrimaryRole - PrimaryRole{system-partition-1}{role=PRIMARY} - Received ExecuteRequest{session=4822208371359517296, node=1, primitive=PrimitiveDescriptor{name=atomix-primary-elector, type=PRIMARY_ELECTOR, backups=1, replication=ASYNCHRONOUS}, operation=PrimitiveOperation{id=DefaultOperationId{id=ENTER, type=COMMAND}, value=byte[]{length=28, hash=479217599}}}
00:17:00.171 [atomix-system-3] INFO  i.a.p.b.p.i.PrimaryBackupPartitionServer - Successfully started server for PartitionId{id=29, group=data}
00:17:00.171 [atomix-system-3] INFO  i.a.p.b.p.i.PrimaryBackupPartitionClient - Successfully started client for PartitionId{id=29, group=data}
00:17:00.171 [atomix-system-3] INFO  i.a.p.b.p.i.PrimaryBackupPartitionServer - Successfully started server for PartitionId{id=62, group=data}
00:17:00.171 [atomix-system-3] INFO  i.a.p.b.p.i.PrimaryBackupPartitionClient - Successfully started client for PartitionId{id=62, group=data}
00:17:00.171 [atomix-system-7] TRACE i.a.p.backup.roles.PrimaryRole - PrimaryRole{system-partition-1}{role=PRIMARY} - Sending ExecuteResponse{status=OK, result=byte[]{length=39, hash=-1147278830}}
00:17:00.171 [atomix-system-3] INFO  i.a.p.b.p.i.PrimaryBackupPartitionServer - Successfully started server for PartitionId{id=33, group=data}
00:17:00.171 [atomix-system-7] TRACE i.a.p.backup.roles.PrimaryRole - PrimaryRole{system-partition-1}{role=PRIMARY} - Received ExecuteRequest{session=4822208371359517296, node=1, primitive=PrimitiveDescriptor{name=atomix-primary-elector, type=PRIMARY_ELECTOR, backups=1, replication=ASYNCHRONOUS}, operation=PrimitiveOperation{id=DefaultOperationId{id=ENTER, type=COMMAND}, value=byte[]{length=28, hash=479217609}}}
00:17:00.171 [atomix-system-4] TRACE i.a.p.b.s.PrimaryBackupSessionClient - SessionClient{system-partition-1}{type=PRIMARY_ELECTOR, name=atomix-primary-elector} - Received ExecuteResponse{status=OK, result=byte[]{length=39, hash=-1147278830}}
00:17:00.171 [atomix-system-3] INFO  i.a.p.b.p.i.PrimaryBackupPartitionClient - Successfully started client for PartitionId{id=33, group=data}
00:17:00.171 [atomix-system-3] INFO  i.a.p.b.p.i.PrimaryBackupPartitionServer - Successfully started server for PartitionId{id=66, group=data}
00:17:00.171 [atomix-system-3] INFO  i.a.p.b.p.i.PrimaryBackupPartitionClient - Successfully started client for PartitionId{id=66, group=data}
00:17:00.171 [atomix-system-3] INFO  i.a.p.b.p.i.PrimaryBackupPartitionServer - Successfully started server for PartitionId{id=37, group=data}
00:17:00.171 [atomix-system-7] TRACE i.a.p.backup.roles.PrimaryRole - PrimaryRole{system-partition-1}{role=PRIMARY} - Sending ExecuteResponse{status=OK, result=byte[]{length=39, hash=-1147278830}}
00:17:00.171 [atomix-system-0] TRACE i.a.p.b.s.PrimaryBackupSessionClient - SessionClient{system-partition-1}{type=PRIMARY_ELECTOR, name=atomix-primary-elector} - Received ExecuteResponse{status=OK, result=byte[]{length=39, hash=-1147278830}}
00:17:00.171 [atomix-system-3] INFO  i.a.p.b.p.i.PrimaryBackupPartitionClient - Successfully started client for PartitionId{id=37, group=data}
00:17:00.172 [atomix-system-7] TRACE i.a.p.b.impl.PrimaryBackupSession - PrimaryBackupSession{system-partition-1}{session=4332313565502807635} - Sending PrimitiveEvent{type=change, value=byte[]{length=48, hash=-658826081}} to 3
00:17:00.172 [atomix-system-3] INFO  i.a.p.b.p.i.PrimaryBackupPartitionServer - Successfully started server for PartitionId{id=4, group=data}
00:17:00.172 [atomix-system-3] INFO  i.a.p.b.p.i.PrimaryBackupPartitionClient - Successfully started client for PartitionId{id=4, group=data}
00:17:00.172 [atomix-system-7] TRACE i.a.p.b.impl.PrimaryBackupSession - PrimaryBackupSession{system-partition-1}{session=4822208371359517296} - Sending PrimitiveEvent{type=change, value=byte[]{length=48, hash=-658826081}} to 1
00:17:00.172 [atomix-system-2] TRACE i.a.p.b.s.PrimaryBackupSessionClient - SessionClient{system-partition-1}{type=PRIMARY_ELECTOR, name=atomix-primary-elector} - Received PrimitiveEvent{type=change, value=byte[]{length=48, hash=-658826081}}
00:17:00.172 [atomix-system-3] INFO  i.a.p.b.p.i.PrimaryBackupPartitionServer - Successfully started server for PartitionId{id=70, group=data}
00:17:00.172 [atomix-system-5] TRACE i.a.p.b.s.PrimaryBackupSessionClient - SessionClient{system-partition-1}{type=PRIMARY_ELECTOR, name=atomix-primary-elector} - Received ExecuteResponse{status=OK, result=byte[]{length=39, hash=-1147278830}}
00:17:00.172 [atomix-system-7] TRACE i.a.p.b.impl.PrimaryBackupSession - PrimaryBackupSession{system-partition-1}{session=4332313565502807635} - Sending PrimitiveEvent{type=change, value=byte[]{length=48, hash=1794849111}} to 3
00:17:00.172 [atomix-system-3] INFO  i.a.p.b.p.i.PrimaryBackupPartitionClient - Successfully started client for PartitionId{id=70, group=data}
00:17:00.172 [atomix-system-7] TRACE i.a.p.b.impl.PrimaryBackupSession - PrimaryBackupSession{system-partition-1}{session=4822208371359517296} - Sending PrimitiveEvent{type=change, value=byte[]{length=48, hash=1794849111}} to 1
00:17:00.172 [atomix-system-8] TRACE i.a.p.b.s.PrimaryBackupSessionClient - SessionClient{system-partition-1}{type=PRIMARY_ELECTOR, name=atomix-primary-elector} - Received PrimitiveEvent{type=change, value=byte[]{length=48, hash=-658826081}}
00:17:00.172 [atomix-system-3] INFO  i.a.p.b.p.i.PrimaryBackupPartitionServer - Successfully started server for PartitionId{id=41, group=data}
00:17:00.172 [atomix-system-0] TRACE i.a.p.b.s.PrimaryBackupSessionClient - SessionClient{system-partition-1}{type=PRIMARY_ELECTOR, name=atomix-primary-elector} - Received PrimitiveEvent{type=change, value=byte[]{length=48, hash=1794849111}}
00:17:00.172 [atomix-system-7] TRACE i.a.p.b.impl.PrimaryBackupSession - PrimaryBackupSession{system-partition-1}{session=4332313565502807635} - Sending PrimitiveEvent{type=change, value=byte[]{length=49, hash=-826796012}} to 3
00:17:00.172 [atomix-system-3] INFO  i.a.p.b.p.i.PrimaryBackupPartitionClient - Successfully started client for PartitionId{id=41, group=data}
00:17:00.172 [atomix-system-3] INFO  i.a.p.b.p.i.PrimaryBackupPartitionServer - Successfully started server for PartitionId{id=8, group=data}
00:17:00.172 [atomix-system-7] TRACE i.a.p.b.impl.PrimaryBackupSession - PrimaryBackupSession{system-partition-1}{session=4822208371359517296} - Sending PrimitiveEvent{type=change, value=byte[]{length=49, hash=-826796012}} to 1
00:17:00.172 [atomix-system-13] TRACE i.a.p.b.s.PrimaryBackupSessionClient - SessionClient{system-partition-1}{type=PRIMARY_ELECTOR, name=atomix-primary-elector} - Received PrimitiveEvent{type=change, value=byte[]{length=49, hash=-826796012}}
00:17:00.172 [atomix-system-9] TRACE i.a.p.b.s.PrimaryBackupSessionClient - SessionClient{system-partition-1}{type=PRIMARY_ELECTOR, name=atomix-primary-elector} - Received PrimitiveEvent{type=change, value=byte[]{length=48, hash=1794849111}}
00:17:00.172 [atomix-system-3] INFO  i.a.p.b.p.i.PrimaryBackupPartitionClient - Successfully started client for PartitionId{id=8, group=data}
00:17:00.172 [atomix-system-7] TRACE i.a.p.b.impl.PrimaryBackupSession - PrimaryBackupSession{system-partition-1}{session=4332313565502807635} - Sending PrimitiveEvent{type=change, value=byte[]{length=48, hash=1272620051}} to 3
00:17:00.172 [atomix-system-9] TRACE i.a.p.b.s.PrimaryBackupSessionClient - SessionClient{system-partition-1}{type=PRIMARY_ELECTOR, name=atomix-primary-elector} - Received PrimitiveEvent{type=change, value=byte[]{length=49, hash=-826796012}}
00:17:00.172 [atomix-system-3] INFO  i.a.p.b.p.i.PrimaryBackupPartitionServer - Successfully started server for PartitionId{id=13, group=data}
00:17:00.172 [atomix-system-7] TRACE i.a.p.b.impl.PrimaryBackupSession - PrimaryBackupSession{system-partition-1}{session=4822208371359517296} - Sending PrimitiveEvent{type=change, value=byte[]{length=48, hash=1272620051}} to 1
00:17:00.172 [atomix-system-14] TRACE i.a.p.b.s.PrimaryBackupSessionClient - SessionClient{system-partition-1}{type=PRIMARY_ELECTOR, name=atomix-primary-elector} - Received PrimitiveEvent{type=change, value=byte[]{length=48, hash=1272620051}}
00:17:00.173 [atomix-system-3] INFO  i.a.p.b.p.i.PrimaryBackupPartitionClient - Successfully started client for PartitionId{id=13, group=data}
00:17:00.173 [atomix-system-7] TRACE i.a.p.b.impl.PrimaryBackupSession - PrimaryBackupSession{system-partition-1}{session=4332313565502807635} - Sending PrimitiveEvent{type=change, value=byte[]{length=48, hash=-175645043}} to 3
00:17:00.173 [atomix-system-3] TRACE i.a.p.b.s.PrimaryBackupSessionClient - SessionClient{system-partition-1}{type=PRIMARY_ELECTOR, name=atomix-primary-elector} - Received PrimitiveEvent{type=change, value=byte[]{length=48, hash=1272620051}}
00:17:00.173 [atomix-system-7] TRACE i.a.p.b.impl.PrimaryBackupSession - PrimaryBackupSession{system-partition-1}{session=4822208371359517296} - Sending PrimitiveEvent{type=change, value=byte[]{length=48, hash=-175645043}} to 1
00:17:00.173 [atomix-system-12] TRACE i.a.p.b.s.PrimaryBackupSessionClient - SessionClient{system-partition-1}{type=PRIMARY_ELECTOR, name=atomix-primary-elector} - Received PrimitiveEvent{type=change, value=byte[]{length=48, hash=-175645043}}
00:17:00.173 [atomix-system-7] TRACE i.a.p.b.impl.PrimaryBackupSession - PrimaryBackupSession{system-partition-1}{session=4332313565502807635} - Sending PrimitiveEvent{type=change, value=byte[]{length=48, hash=-697874103}} to 3
00:17:00.173 [atomix-system-7] TRACE i.a.p.b.impl.PrimaryBackupSession - PrimaryBackupSession{system-partition-1}{session=4822208371359517296} - Sending PrimitiveEvent{type=change, value=byte[]{length=48, hash=-697874103}} to 1
00:17:00.173 [atomix-system-9] TRACE i.a.p.b.s.PrimaryBackupSessionClient - SessionClient{system-partition-1}{type=PRIMARY_ELECTOR, name=atomix-primary-elector} - Received PrimitiveEvent{type=change, value=byte[]{length=48, hash=-697874103}}
00:17:00.173 [atomix-system-7] TRACE i.a.p.b.impl.PrimaryBackupSession - PrimaryBackupSession{system-partition-1}{session=4332313565502807635} - Sending PrimitiveEvent{type=change, value=byte[]{length=48, hash=1625259263}} to 3
00:17:00.173 [atomix-system-7] TRACE i.a.p.b.impl.PrimaryBackupSession - PrimaryBackupSession{system-partition-1}{session=4822208371359517296} - Sending PrimitiveEvent{type=change, value=byte[]{length=48, hash=1625259263}} to 1
00:17:00.173 [atomix-system-3] TRACE i.a.p.b.s.PrimaryBackupSessionClient - SessionClient{system-partition-1}{type=PRIMARY_ELECTOR, name=atomix-primary-elector} - Received PrimitiveEvent{type=change, value=byte[]{length=48, hash=1625259263}}
00:17:00.173 [atomix-system-7] TRACE i.a.p.b.impl.PrimaryBackupSession - PrimaryBackupSession{system-partition-1}{session=4332313565502807635} - Sending PrimitiveEvent{type=change, value=byte[]{length=48, hash=1361434303}} to 3
00:17:00.173 [atomix-system-7] TRACE i.a.p.b.impl.PrimaryBackupSession - PrimaryBackupSession{system-partition-1}{session=4822208371359517296} - Sending PrimitiveEvent{type=change, value=byte[]{length=48, hash=1361434303}} to 1
00:17:00.173 [atomix-system-5] TRACE i.a.p.b.s.PrimaryBackupSessionClient - SessionClient{system-partition-1}{type=PRIMARY_ELECTOR, name=atomix-primary-elector} - Received PrimitiveEvent{type=change, value=byte[]{length=48, hash=1361434303}}
00:17:00.173 [atomix-system-7] TRACE i.a.p.b.impl.PrimaryBackupSession - PrimaryBackupSession{system-partition-1}{session=4332313565502807635} - Sending PrimitiveEvent{type=change, value=byte[]{length=48, hash=-345234891}} to 3
00:17:00.173 [atomix-system-2] TRACE i.a.p.b.s.PrimaryBackupSessionClient - SessionClient{system-partition-1}{type=PRIMARY_ELECTOR, name=atomix-primary-elector} - Received PrimitiveEvent{type=change, value=byte[]{length=48, hash=-345234891}}
00:17:00.173 [atomix-system-7] TRACE i.a.p.b.impl.PrimaryBackupSession - PrimaryBackupSession{system-partition-1}{session=4822208371359517296} - Sending PrimitiveEvent{type=change, value=byte[]{length=48, hash=-345234891}} to 1
00:17:00.173 [atomix-system-7] TRACE i.a.p.b.impl.PrimaryBackupSession - PrimaryBackupSession{system-partition-1}{session=4332313565502807635} - Sending PrimitiveEvent{type=change, value=byte[]{length=48, hash=-609059851}} to 3
00:17:00.173 [atomix-system-7] TRACE i.a.p.b.impl.PrimaryBackupSession - PrimaryBackupSession{system-partition-1}{session=4822208371359517296} - Sending PrimitiveEvent{type=change, value=byte[]{length=48, hash=-609059851}} to 1
00:17:00.173 [atomix-system-9] TRACE i.a.p.b.s.PrimaryBackupSessionClient - SessionClient{system-partition-1}{type=PRIMARY_ELECTOR, name=atomix-primary-elector} - Received PrimitiveEvent{type=change, value=byte[]{length=48, hash=-609059851}}
00:17:00.174 [atomix-system-7] TRACE i.a.p.b.impl.PrimaryBackupSession - PrimaryBackupSession{system-partition-1}{session=4332313565502807635} - Sending PrimitiveEvent{type=change, value=byte[]{length=48, hash=1979238251}} to 3
00:17:00.174 [atomix-system-10] TRACE i.a.p.b.s.PrimaryBackupSessionClient - SessionClient{system-partition-1}{type=PRIMARY_ELECTOR, name=atomix-primary-elector} - Received PrimitiveEvent{type=change, value=byte[]{length=48, hash=-175645043}}
00:17:00.174 [atomix-system-15] TRACE i.a.p.b.s.PrimaryBackupSessionClient - SessionClient{system-partition-1}{type=PRIMARY_ELECTOR, name=atomix-primary-elector} - Received PrimitiveEvent{type=change, value=byte[]{length=48, hash=1979238251}}
00:17:00.174 [atomix-system-10] TRACE i.a.p.b.s.PrimaryBackupSessionClient - SessionClient{system-partition-1}{type=PRIMARY_ELECTOR, name=atomix-primary-elector} - Received PrimitiveEvent{type=change, value=byte[]{length=48, hash=-697874103}}
00:17:00.174 [atomix-system-7] TRACE i.a.p.b.impl.PrimaryBackupSession - PrimaryBackupSession{system-partition-1}{session=4822208371359517296} - Sending PrimitiveEvent{type=change, value=byte[]{length=48, hash=1979238251}} to 1
00:17:00.174 [atomix-system-10] TRACE i.a.p.b.s.PrimaryBackupSessionClient - SessionClient{system-partition-1}{type=PRIMARY_ELECTOR, name=atomix-primary-elector} - Received PrimitiveEvent{type=change, value=byte[]{length=48, hash=1625259263}}
00:17:00.174 [atomix-system-7] TRACE i.a.p.b.impl.PrimaryBackupSession - PrimaryBackupSession{system-partition-1}{session=4332313565502807635} - Sending PrimitiveEvent{type=change, value=byte[]{length=48, hash=460631307}} to 3
00:17:00.174 [atomix-system-10] TRACE i.a.p.b.s.PrimaryBackupSessionClient - SessionClient{system-partition-1}{type=PRIMARY_ELECTOR, name=atomix-primary-elector} - Received PrimitiveEvent{type=change, value=byte[]{length=48, hash=1361434303}}
00:17:00.175 [atomix-system-10] TRACE i.a.p.b.s.PrimaryBackupSessionClient - SessionClient{system-partition-1}{type=PRIMARY_ELECTOR, name=atomix-primary-elector} - Received PrimitiveEvent{type=change, value=byte[]{length=48, hash=-345234891}}
00:17:00.175 [atomix-system-7] TRACE i.a.p.b.impl.PrimaryBackupSession - PrimaryBackupSession{system-partition-1}{session=4822208371359517296} - Sending PrimitiveEvent{type=change, value=byte[]{length=48, hash=460631307}} to 1
00:17:00.175 [atomix-system-10] TRACE i.a.p.b.s.PrimaryBackupSessionClient - SessionClient{system-partition-1}{type=PRIMARY_ELECTOR, name=atomix-primary-elector} - Received PrimitiveEvent{type=change, value=byte[]{length=48, hash=460631307}}
00:17:00.175 [atomix-system-10] TRACE i.a.p.b.s.PrimaryBackupSessionClient - SessionClient{system-partition-1}{type=PRIMARY_ELECTOR, name=atomix-primary-elector} - Received PrimitiveEvent{type=change, value=byte[]{length=48, hash=-609059851}}
00:17:00.175 [atomix-system-7] TRACE i.a.p.backup.roles.PrimaryRole - PrimaryRole{system-partition-1}{role=PRIMARY} - Received ExecuteRequest{session=4822208371359517296, node=1, primitive=PrimitiveDescriptor{name=atomix-primary-elector, type=PRIMARY_ELECTOR, backups=1, replication=ASYNCHRONOUS}, operation=PrimitiveOperation{id=DefaultOperationId{id=ENTER, type=COMMAND}, value=byte[]{length=28, hash=479217675}}}
00:17:00.175 [atomix-system-10] TRACE i.a.p.b.s.PrimaryBackupSessionClient - SessionClient{system-partition-1}{type=PRIMARY_ELECTOR, name=atomix-primary-elector} - Received PrimitiveEvent{type=change, value=byte[]{length=48, hash=1979238251}}
00:17:00.175 [atomix-system-7] TRACE i.a.p.backup.roles.PrimaryRole - PrimaryRole{system-partition-1}{role=PRIMARY} - Sending ExecuteResponse{status=OK, result=byte[]{length=39, hash=-1147278830}}
00:17:00.175 [atomix-system-10] TRACE i.a.p.b.s.PrimaryBackupSessionClient - SessionClient{system-partition-1}{type=PRIMARY_ELECTOR, name=atomix-primary-elector} - Received PrimitiveEvent{type=change, value=byte[]{length=48, hash=460631307}}
00:17:00.175 [atomix-system-7] TRACE i.a.p.backup.roles.PrimaryRole - PrimaryRole{system-partition-1}{role=PRIMARY} - Received ExecuteRequest{session=4822208371359517296, node=1, primitive=PrimitiveDescriptor{name=atomix-primary-elector, type=PRIMARY_ELECTOR, backups=1, replication=ASYNCHRONOUS}, operation=PrimitiveOperation{id=DefaultOperationId{id=ENTER, type=COMMAND}, value=byte[]{length=28, hash=479217617}}}
00:17:00.175 [atomix-system-14] TRACE i.a.p.b.s.PrimaryBackupSessionClient - SessionClient{system-partition-1}{type=PRIMARY_ELECTOR, name=atomix-primary-elector} - Received ExecuteResponse{status=OK, result=byte[]{length=39, hash=-1147278830}}
00:17:00.175 [atomix-system-14] INFO  i.a.p.b.p.i.PrimaryBackupPartitionServer - Successfully started server for PartitionId{id=46, group=data}
00:17:00.175 [atomix-system-7] TRACE i.a.p.backup.roles.PrimaryRole - PrimaryRole{system-partition-1}{role=PRIMARY} - Sending ExecuteResponse{status=OK, result=byte[]{length=39, hash=-1147278830}}
00:17:00.175 [atomix-system-14] INFO  i.a.p.b.p.i.PrimaryBackupPartitionClient - Successfully started client for PartitionId{id=46, group=data}
00:17:00.175 [atomix-system-7] TRACE i.a.p.backup.roles.PrimaryRole - PrimaryRole{system-partition-1}{role=PRIMARY} - Received ExecuteRequest{session=4822208371359517296, node=1, primitive=PrimitiveDescriptor{name=atomix-primary-elector, type=PRIMARY_ELECTOR, backups=1, replication=ASYNCHRONOUS}, operation=PrimitiveOperation{id=DefaultOperationId{id=ENTER, type=COMMAND}, value=byte[]{length=28, hash=479217683}}}
00:17:00.176 [atomix-system-14] TRACE i.a.p.b.s.PrimaryBackupSessionClient - SessionClient{system-partition-1}{type=PRIMARY_ELECTOR, name=atomix-primary-elector} - Received ExecuteResponse{status=OK, result=byte[]{length=39, hash=-1147278830}}
00:17:00.176 [atomix-system-14] INFO  i.a.p.b.p.i.PrimaryBackupPartitionServer - Successfully started server for PartitionId{id=17, group=data}
00:17:00.176 [atomix-system-14] INFO  i.a.p.b.p.i.PrimaryBackupPartitionClient - Successfully started client for PartitionId{id=17, group=data}
00:17:00.176 [atomix-system-7] TRACE i.a.p.backup.roles.PrimaryRole - PrimaryRole{system-partition-1}{role=PRIMARY} - Sending ExecuteResponse{status=OK, result=byte[]{length=39, hash=-1147278830}}
00:17:00.176 [atomix-system-7] TRACE i.a.p.backup.roles.PrimaryRole - PrimaryRole{system-partition-1}{role=PRIMARY} - Received ExecuteRequest{session=4822208371359517296, node=1, primitive=PrimitiveDescriptor{name=atomix-primary-elector, type=PRIMARY_ELECTOR, backups=1, replication=ASYNCHRONOUS}, operation=PrimitiveOperation{id=DefaultOperationId{id=ENTER, type=COMMAND}, value=byte[]{length=28, hash=479217625}}}
00:17:00.176 [atomix-system-8] TRACE i.a.p.b.s.PrimaryBackupSessionClient - SessionClient{system-partition-1}{type=PRIMARY_ELECTOR, name=atomix-primary-elector} - Received ExecuteResponse{status=OK, result=byte[]{length=39, hash=-1147278830}}
00:17:00.176 [atomix-system-8] INFO  i.a.p.b.p.i.PrimaryBackupPartitionServer - Successfully started server for PartitionId{id=50, group=data}
00:17:00.176 [atomix-system-8] INFO  i.a.p.b.p.i.PrimaryBackupPartitionClient - Successfully started client for PartitionId{id=50, group=data}
00:17:00.176 [atomix-system-7] TRACE i.a.p.backup.roles.PrimaryRole - PrimaryRole{system-partition-1}{role=PRIMARY} - Sending ExecuteResponse{status=OK, result=byte[]{length=39, hash=-1147278830}}
00:17:00.176 [atomix-system-7] TRACE i.a.p.backup.roles.PrimaryRole - PrimaryRole{system-partition-1}{role=PRIMARY} - Received ExecuteRequest{session=4822208371359517296, node=1, primitive=PrimitiveDescriptor{name=atomix-primary-elector, type=PRIMARY_ELECTOR, backups=1, replication=ASYNCHRONOUS}, operation=PrimitiveOperation{id=DefaultOperationId{id=ENTER, type=COMMAND}, value=byte[]{length=28, hash=479217691}}}
00:17:00.176 [atomix-system-1] TRACE i.a.p.b.s.PrimaryBackupSessionClient - SessionClient{system-partition-1}{type=PRIMARY_ELECTOR, name=atomix-primary-elector} - Received ExecuteResponse{status=OK, result=byte[]{length=39, hash=-1147278830}}
00:17:00.176 [atomix-system-1] INFO  i.a.p.b.p.i.PrimaryBackupPartitionServer - Successfully started server for PartitionId{id=21, group=data}
00:17:00.176 [atomix-system-1] INFO  i.a.p.b.p.i.PrimaryBackupPartitionClient - Successfully started client for PartitionId{id=21, group=data}
00:17:00.176 [atomix-system-7] TRACE i.a.p.backup.roles.PrimaryRole - PrimaryRole{system-partition-1}{role=PRIMARY} - Sending ExecuteResponse{status=OK, result=byte[]{length=39, hash=-1147278830}}
00:17:00.177 [atomix-system-7] TRACE i.a.p.backup.roles.PrimaryRole - PrimaryRole{system-partition-1}{role=PRIMARY} - Received ExecuteRequest{session=4822208371359517296, node=1, primitive=PrimitiveDescriptor{name=atomix-primary-elector, type=PRIMARY_ELECTOR, backups=1, replication=ASYNCHRONOUS}, operation=PrimitiveOperation{id=DefaultOperationId{id=ENTER, type=COMMAND}, value=byte[]{length=28, hash=479217633}}}
00:17:00.177 [atomix-system-6] TRACE i.a.p.b.s.PrimaryBackupSessionClient - SessionClient{system-partition-1}{type=PRIMARY_ELECTOR, name=atomix-primary-elector} - Received ExecuteResponse{status=OK, result=byte[]{length=39, hash=-1147278830}}
00:17:00.177 [atomix-system-6] INFO  i.a.p.b.p.i.PrimaryBackupPartitionServer - Successfully started server for PartitionId{id=54, group=data}
00:17:00.177 [atomix-system-6] INFO  i.a.p.b.p.i.PrimaryBackupPartitionClient - Successfully started client for PartitionId{id=54, group=data}
00:17:00.177 [atomix-system-7] TRACE i.a.p.backup.roles.PrimaryRole - PrimaryRole{system-partition-1}{role=PRIMARY} - Sending ExecuteResponse{status=OK, result=byte[]{length=39, hash=-1147278830}}
00:17:00.177 [atomix-system-7] TRACE i.a.p.backup.roles.PrimaryRole - PrimaryRole{system-partition-1}{role=PRIMARY} - Received ExecuteRequest{session=4822208371359517296, node=1, primitive=PrimitiveDescriptor{name=atomix-primary-elector, type=PRIMARY_ELECTOR, backups=1, replication=ASYNCHRONOUS}, operation=PrimitiveOperation{id=DefaultOperationId{id=ENTER, type=COMMAND}, value=byte[]{length=28, hash=479217699}}}
00:17:00.177 [atomix-system-2] TRACE i.a.p.b.s.PrimaryBackupSessionClient - SessionClient{system-partition-1}{type=PRIMARY_ELECTOR, name=atomix-primary-elector} - Received ExecuteResponse{status=OK, result=byte[]{length=39, hash=-1147278830}}
00:17:00.177 [atomix-system-2] INFO  i.a.p.b.p.i.PrimaryBackupPartitionServer - Successfully started server for PartitionId{id=25, group=data}
00:17:00.177 [atomix-system-2] INFO  i.a.p.b.p.i.PrimaryBackupPartitionClient - Successfully started client for PartitionId{id=25, group=data}
00:17:00.177 [atomix-system-7] TRACE i.a.p.backup.roles.PrimaryRole - PrimaryRole{system-partition-1}{role=PRIMARY} - Sending ExecuteResponse{status=OK, result=byte[]{length=39, hash=-1147278830}}
00:17:00.177 [atomix-system-7] TRACE i.a.p.backup.roles.PrimaryRole - PrimaryRole{system-partition-1}{role=PRIMARY} - Received ExecuteRequest{session=4822208371359517296, node=1, primitive=PrimitiveDescriptor{name=atomix-primary-elector, type=PRIMARY_ELECTOR, backups=1, replication=ASYNCHRONOUS}, operation=PrimitiveOperation{id=DefaultOperationId{id=ENTER, type=COMMAND}, value=byte[]{length=28, hash=479217705}}}
00:17:00.177 [atomix-system-7] TRACE i.a.p.b.s.PrimaryBackupSessionClient - SessionClient{system-partition-1}{type=PRIMARY_ELECTOR, name=atomix-primary-elector} - Received ExecuteResponse{status=OK, result=byte[]{length=39, hash=-1147278830}}
00:17:00.177 [atomix-system-7] INFO  i.a.p.b.p.i.PrimaryBackupPartitionServer - Successfully started server for PartitionId{id=58, group=data}
00:17:00.178 [atomix-system-7] TRACE i.a.p.backup.roles.PrimaryRole - PrimaryRole{system-partition-1}{role=PRIMARY} - Sending ExecuteResponse{status=OK, result=byte[]{length=39, hash=-1147278830}}
00:17:00.178 [atomix-system-7] INFO  i.a.p.b.p.i.PrimaryBackupPartitionClient - Successfully started client for PartitionId{id=58, group=data}
00:17:00.178 [atomix-system-7] TRACE i.a.p.backup.roles.PrimaryRole - PrimaryRole{system-partition-1}{role=PRIMARY} - Received ExecuteRequest{session=4822208371359517296, node=1, primitive=PrimitiveDescriptor{name=atomix-primary-elector, type=PRIMARY_ELECTOR, backups=1, replication=ASYNCHRONOUS}, operation=PrimitiveOperation{id=DefaultOperationId{id=ENTER, type=COMMAND}, value=byte[]{length=28, hash=479217639}}}
00:17:00.178 [atomix-system-4] TRACE i.a.p.b.s.PrimaryBackupSessionClient - SessionClient{system-partition-1}{type=PRIMARY_ELECTOR, name=atomix-primary-elector} - Received ExecuteResponse{status=OK, result=byte[]{length=39, hash=-1147278830}}
00:17:00.178 [atomix-system-4] INFO  i.a.p.b.p.i.PrimaryBackupPartitionServer - Successfully started server for PartitionId{id=61, group=data}
00:17:00.178 [atomix-system-4] INFO  i.a.p.b.p.i.PrimaryBackupPartitionClient - Successfully started client for PartitionId{id=61, group=data}
00:17:00.178 [atomix-system-7] TRACE i.a.p.backup.roles.PrimaryRole - PrimaryRole{system-partition-1}{role=PRIMARY} - Sending ExecuteResponse{status=OK, result=byte[]{length=39, hash=-1147278830}}
00:17:00.178 [atomix-system-7] TRACE i.a.p.backup.roles.PrimaryRole - PrimaryRole{system-partition-1}{role=PRIMARY} - Received ExecuteRequest{session=4822208371359517296, node=1, primitive=PrimitiveDescriptor{name=atomix-primary-elector, type=PRIMARY_ELECTOR, backups=1, replication=ASYNCHRONOUS}, operation=PrimitiveOperation{id=DefaultOperationId{id=ENTER, type=COMMAND}, value=byte[]{length=29, hash=1970839280}}}
00:17:00.178 [atomix-system-0] TRACE i.a.p.b.s.PrimaryBackupSessionClient - SessionClient{system-partition-1}{type=PRIMARY_ELECTOR, name=atomix-primary-elector} - Received ExecuteResponse{status=OK, result=byte[]{length=39, hash=-1147278830}}
00:17:00.178 [atomix-system-0] INFO  i.a.p.b.p.i.PrimaryBackupPartitionServer - Successfully started server for PartitionId{id=28, group=data}
00:17:00.178 [atomix-system-7] TRACE i.a.p.backup.roles.PrimaryRole - PrimaryRole{system-partition-1}{role=PRIMARY} - Sending ExecuteResponse{status=OK, result=byte[]{length=39, hash=-1147278830}}
00:17:00.178 [atomix-system-0] INFO  i.a.p.b.p.i.PrimaryBackupPartitionClient - Successfully started client for PartitionId{id=28, group=data}
00:17:00.178 [atomix-system-7] TRACE i.a.p.backup.roles.PrimaryRole - PrimaryRole{system-partition-1}{role=PRIMARY} - Received ExecuteRequest{session=4822208371359517296, node=1, primitive=PrimitiveDescriptor{name=atomix-primary-elector, type=PRIMARY_ELECTOR, backups=1, replication=ASYNCHRONOUS}, operation=PrimitiveOperation{id=DefaultOperationId{id=ENTER, type=COMMAND}, value=byte[]{length=28, hash=479217647}}}
00:17:00.178 [atomix-system-7] TRACE i.a.p.backup.roles.PrimaryRole - PrimaryRole{system-partition-1}{role=PRIMARY} - Sending ExecuteResponse{status=OK, result=byte[]{length=39, hash=-1147278830}}
00:17:00.178 [atomix-system-7] TRACE i.a.p.backup.roles.PrimaryRole - PrimaryRole{system-partition-1}{role=PRIMARY} - Received ExecuteRequest{session=4822208371359517296, node=1, primitive=PrimitiveDescriptor{name=atomix-primary-elector, type=PRIMARY_ELECTOR, backups=1, replication=ASYNCHRONOUS}, operation=PrimitiveOperation{id=DefaultOperationId{id=ENTER, type=COMMAND}, value=byte[]{length=28, hash=479217589}}}
00:17:00.179 [atomix-system-7] TRACE i.a.p.backup.roles.PrimaryRole - PrimaryRole{system-partition-1}{role=PRIMARY} - Sending ExecuteResponse{status=OK, result=byte[]{length=39, hash=-1147278830}}
00:17:00.179 [atomix-system-7] TRACE i.a.p.backup.roles.PrimaryRole - PrimaryRole{system-partition-1}{role=PRIMARY} - Received ExecuteRequest{session=4822208371359517296, node=1, primitive=PrimitiveDescriptor{name=atomix-primary-elector, type=PRIMARY_ELECTOR, backups=1, replication=ASYNCHRONOUS}, operation=PrimitiveOperation{id=DefaultOperationId{id=ENTER, type=COMMAND}, value=byte[]{length=29, hash=1970839528}}}
00:17:00.179 [atomix-system-7] TRACE i.a.p.backup.roles.PrimaryRole - PrimaryRole{system-partition-1}{role=PRIMARY} - Sending ExecuteResponse{status=OK, result=byte[]{length=39, hash=-1147278830}}
00:17:00.179 [atomix-system-7] TRACE i.a.p.backup.roles.PrimaryRole - PrimaryRole{system-partition-1}{role=PRIMARY} - Received ExecuteRequest{session=4822208371359517296, node=1, primitive=PrimitiveDescriptor{name=atomix-primary-elector, type=PRIMARY_ELECTOR, backups=1, replication=ASYNCHRONOUS}, operation=PrimitiveOperation{id=DefaultOperationId{id=ENTER, type=COMMAND}, value=byte[]{length=28, hash=479217655}}}
00:17:00.179 [atomix-system-7] TRACE i.a.p.backup.roles.PrimaryRole - PrimaryRole{system-partition-1}{role=PRIMARY} - Sending ExecuteResponse{status=OK, result=byte[]{length=39, hash=-1147278830}}
00:17:00.179 [atomix-system-7] TRACE i.a.p.backup.roles.PrimaryRole - PrimaryRole{system-partition-1}{role=PRIMARY} - Received ExecuteRequest{session=4822208371359517296, node=1, primitive=PrimitiveDescriptor{name=atomix-primary-elector, type=PRIMARY_ELECTOR, backups=1, replication=ASYNCHRONOUS}, operation=PrimitiveOperation{id=DefaultOperationId{id=ENTER, type=COMMAND}, value=byte[]{length=28, hash=479217597}}}
00:17:00.179 [atomix-system-7] TRACE i.a.p.backup.roles.PrimaryRole - PrimaryRole{system-partition-1}{role=PRIMARY} - Sending ExecuteResponse{status=OK, result=byte[]{length=39, hash=-1147278830}}
00:17:00.179 [atomix-system-7] TRACE i.a.p.backup.roles.PrimaryRole - PrimaryRole{system-partition-1}{role=PRIMARY} - Received ExecuteRequest{session=4822208371359517296, node=1, primitive=PrimitiveDescriptor{name=atomix-primary-elector, type=PRIMARY_ELECTOR, backups=1, replication=ASYNCHRONOUS}, operation=PrimitiveOperation{id=DefaultOperationId{id=ENTER, type=COMMAND}, value=byte[]{length=28, hash=479217663}}}
00:17:00.180 [atomix-system-7] TRACE i.a.p.backup.roles.PrimaryRole - PrimaryRole{system-partition-1}{role=PRIMARY} - Sending ExecuteResponse{status=OK, result=byte[]{length=39, hash=-1147278830}}
00:17:00.180 [atomix-system-7] TRACE i.a.p.backup.roles.PrimaryRole - PrimaryRole{system-partition-1}{role=PRIMARY} - Received ExecuteRequest{session=4822208371359517296, node=1, primitive=PrimitiveDescriptor{name=atomix-primary-elector, type=PRIMARY_ELECTOR, backups=1, replication=ASYNCHRONOUS}, operation=PrimitiveOperation{id=DefaultOperationId{id=ENTER, type=COMMAND}, value=byte[]{length=28, hash=479217605}}}
00:17:00.180 [atomix-system-7] TRACE i.a.p.backup.roles.PrimaryRole - PrimaryRole{system-partition-1}{role=PRIMARY} - Sending ExecuteResponse{status=OK, result=byte[]{length=39, hash=-1147278830}}
00:17:00.180 [atomix-system-7] TRACE i.a.p.backup.roles.PrimaryRole - PrimaryRole{system-partition-1}{role=PRIMARY} - Received ExecuteRequest{session=4822208371359517296, node=1, primitive=PrimitiveDescriptor{name=atomix-primary-elector, type=PRIMARY_ELECTOR, backups=1, replication=ASYNCHRONOUS}, operation=PrimitiveOperation{id=DefaultOperationId{id=ENTER, type=COMMAND}, value=byte[]{length=28, hash=479217673}}}
00:17:00.180 [atomix-system-7] TRACE i.a.p.backup.roles.PrimaryRole - PrimaryRole{system-partition-1}{role=PRIMARY} - Sending ExecuteResponse{status=OK, result=byte[]{length=39, hash=-1147278830}}
00:17:00.180 [atomix-system-7] TRACE i.a.p.backup.roles.PrimaryRole - PrimaryRole{system-partition-1}{role=PRIMARY} - Received ExecuteRequest{session=4822208371359517296, node=1, primitive=PrimitiveDescriptor{name=atomix-primary-elector, type=PRIMARY_ELECTOR, backups=1, replication=ASYNCHRONOUS}, operation=PrimitiveOperation{id=DefaultOperationId{id=ENTER, type=COMMAND}, value=byte[]{length=28, hash=479217607}}}
00:17:00.181 [atomix-system-7] TRACE i.a.p.backup.roles.PrimaryRole - PrimaryRole{system-partition-1}{role=PRIMARY} - Sending ExecuteResponse{status=OK, result=byte[]{length=39, hash=-1147278830}}
00:17:00.181 [atomix-system-7] TRACE i.a.p.backup.roles.PrimaryRole - PrimaryRole{system-partition-1}{role=PRIMARY} - Received ExecuteRequest{session=4822208371359517296, node=1, primitive=PrimitiveDescriptor{name=atomix-primary-elector, type=PRIMARY_ELECTOR, backups=1, replication=ASYNCHRONOUS}, operation=PrimitiveOperation{id=DefaultOperationId{id=ENTER, type=COMMAND}, value=byte[]{length=28, hash=479217681}}}
00:17:00.181 [atomix-system-7] TRACE i.a.p.backup.roles.PrimaryRole - PrimaryRole{system-partition-1}{role=PRIMARY} - Sending ExecuteResponse{status=OK, result=byte[]{length=39, hash=-1147278830}}
00:17:00.181 [atomix-system-7] TRACE i.a.p.backup.roles.PrimaryRole - PrimaryRole{system-partition-1}{role=PRIMARY} - Received ExecuteRequest{session=4822208371359517296, node=1, primitive=PrimitiveDescriptor{name=atomix-primary-elector, type=PRIMARY_ELECTOR, backups=1, replication=ASYNCHRONOUS}, operation=PrimitiveOperation{id=DefaultOperationId{id=ENTER, type=COMMAND}, value=byte[]{length=28, hash=479217615}}}
00:17:00.181 [atomix-system-7] TRACE i.a.p.backup.roles.PrimaryRole - PrimaryRole{system-partition-1}{role=PRIMARY} - Sending ExecuteResponse{status=OK, result=byte[]{length=39, hash=-1147278830}}
00:17:00.181 [atomix-system-7] TRACE i.a.p.backup.roles.PrimaryRole - PrimaryRole{system-partition-1}{role=PRIMARY} - Received ExecuteRequest{session=4822208371359517296, node=1, primitive=PrimitiveDescriptor{name=atomix-primary-elector, type=PRIMARY_ELECTOR, backups=1, replication=ASYNCHRONOUS}, operation=PrimitiveOperation{id=DefaultOperationId{id=ENTER, type=COMMAND}, value=byte[]{length=28, hash=479217689}}}
00:17:00.182 [atomix-system-7] TRACE i.a.p.backup.roles.PrimaryRole - PrimaryRole{system-partition-1}{role=PRIMARY} - Sending ExecuteResponse{status=OK, result=byte[]{length=39, hash=-1147278830}}
00:17:00.182 [atomix-system-7] TRACE i.a.p.backup.roles.PrimaryRole - PrimaryRole{system-partition-1}{role=PRIMARY} - Received ExecuteRequest{session=4822208371359517296, node=1, primitive=PrimitiveDescriptor{name=atomix-primary-elector, type=PRIMARY_ELECTOR, backups=1, replication=ASYNCHRONOUS}, operation=PrimitiveOperation{id=DefaultOperationId{id=ENTER, type=COMMAND}, value=byte[]{length=28, hash=479217623}}}
00:17:00.182 [atomix-system-7] TRACE i.a.p.backup.roles.PrimaryRole - PrimaryRole{system-partition-1}{role=PRIMARY} - Sending ExecuteResponse{status=OK, result=byte[]{length=39, hash=-1147278830}}
00:17:00.182 [atomix-system-7] TRACE i.a.p.backup.roles.PrimaryRole - PrimaryRole{system-partition-1}{role=PRIMARY} - Received ExecuteRequest{session=4822208371359517296, node=1, primitive=PrimitiveDescriptor{name=atomix-primary-elector, type=PRIMARY_ELECTOR, backups=1, replication=ASYNCHRONOUS}, operation=PrimitiveOperation{id=DefaultOperationId{id=ENTER, type=COMMAND}, value=byte[]{length=28, hash=479217697}}}
00:17:00.182 [atomix-system-7] TRACE i.a.p.backup.roles.PrimaryRole - PrimaryRole{system-partition-1}{role=PRIMARY} - Sending ExecuteResponse{status=OK, result=byte[]{length=39, hash=-1147278830}}
00:17:00.183 [atomix-system-7] TRACE i.a.p.backup.roles.PrimaryRole - PrimaryRole{system-partition-1}{role=PRIMARY} - Received ExecuteRequest{session=4822208371359517296, node=1, primitive=PrimitiveDescriptor{name=atomix-primary-elector, type=PRIMARY_ELECTOR, backups=1, replication=ASYNCHRONOUS}, operation=PrimitiveOperation{id=DefaultOperationId{id=ENTER, type=COMMAND}, value=byte[]{length=28, hash=479217631}}}
00:17:00.183 [atomix-system-7] TRACE i.a.p.backup.roles.PrimaryRole - PrimaryRole{system-partition-1}{role=PRIMARY} - Sending ExecuteResponse{status=OK, result=byte[]{length=39, hash=-1147278830}}
00:17:00.183 [atomix-system-7] TRACE i.a.p.backup.roles.PrimaryRole - PrimaryRole{system-partition-1}{role=PRIMARY} - Sending BackupRequest{primary=3, term=12, index=186, primitive=PrimitiveDescriptor{name=atomix-primary-elector, type=PRIMARY_ELECTOR, backups=1, replication=ASYNCHRONOUS}, operations=[ExecuteOperation{index=116, timestamp=1528669020138, session=4822208371359517296, node=1, operation=PrimitiveOperation{id=DefaultOperationId{id=ENTER, type=COMMAND}, value=byte[]{length=28, hash=479217653}}}, ExecuteOperation{index=117, timestamp=1528669020139, session=4822208371359517296, node=1, operation=PrimitiveOperation{id=DefaultOperationId{id=ENTER, type=COMMAND}, value=byte[]{length=29, hash=1970839218}}}, ExecuteOperation{index=118, timestamp=1528669020139, session=4822208371359517296, node=1, operation=PrimitiveOperation{id=DefaultOperationId{id=ENTER, type=COMMAND}, value=byte[]{length=28, hash=479217645}}}, ExecuteOperation{index=119, timestamp=1528669020139, session=4822208371359517296, node=1, operation=PrimitiveOperation{id=DefaultOperationId{id=ENTER, type=COMMAND}, value=byte[]{length=28, hash=479217703}}}, ExecuteOperation{index=120, timestamp=1528669020140, session=4822208371359517296, node=1, operation=PrimitiveOperation{id=DefaultOperationId{id=ENTER, type=COMMAND}, value=byte[]{length=28, hash=479217587}}}, ExecuteOperation{index=121, timestamp=1528669020140, session=4822208371359517296, node=1, operation=PrimitiveOperation{id=DefaultOperationId{id=ENTER, type=COMMAND}, value=byte[]{length=29, hash=1970839466}}}, ExecuteOperation{index=122, timestamp=1528669020141, session=4822208371359517296, node=1, operation=PrimitiveOperation{id=DefaultOperationId{id=ENTER, type=COMMAND}, value=byte[]{length=28, hash=479217661}}}, ExecuteOperation{index=123, timestamp=1528669020141, session=4822208371359517296, node=1, operation=PrimitiveOperation{id=DefaultOperationId{id=ENTER, type=COMMAND}, value=byte[]{length=28, hash=479217595}}}, ExecuteOperation{index=124, timestamp=1528669020141, session=4822208371359517296, node=1, operation=PrimitiveOperation{id=DefaultOperationId{id=ENTER, type=COMMAND}, value=byte[]{length=28, hash=479217669}}}, ExecuteOperation{index=125, timestamp=1528669020141, session=4822208371359517296, node=1, operation=PrimitiveOperation{id=DefaultOperationId{id=ENTER, type=COMMAND}, value=byte[]{length=28, hash=479217603}}}, ExecuteOperation{index=126, timestamp=1528669020142, session=4822208371359517296, node=1, operation=PrimitiveOperation{id=DefaultOperationId{id=ENTER, type=COMMAND}, value=byte[]{length=28, hash=479217671}}}, ExecuteOperation{index=127, timestamp=1528669020142, session=4822208371359517296, node=1, operation=PrimitiveOperation{id=DefaultOperationId{id=ENTER, type=COMMAND}, value=byte[]{length=28, hash=479217613}}}, ExecuteOperation{index=128, timestamp=1528669020143, session=4822208371359517296, node=1, operation=PrimitiveOperation{id=DefaultOperationId{id=ENTER, type=COMMAND}, value=byte[]{length=28, hash=479217679}}}, ExecuteOperation{index=129, timestamp=1528669020143, session=4822208371359517296, node=1, operation=PrimitiveOperation{id=DefaultOperationId{id=ENTER, type=COMMAND}, value=byte[]{length=28, hash=479217621}}}, ExecuteOperation{index=130, timestamp=1528669020143, session=4822208371359517296, node=1, operation=PrimitiveOperation{id=DefaultOperationId{id=ENTER, type=COMMAND}, value=byte[]{length=28, hash=479217687}}}, ExecuteOperation{index=131, timestamp=1528669020144, session=4822208371359517296, node=1, operation=PrimitiveOperation{id=DefaultOperationId{id=ENTER, type=COMMAND}, value=byte[]{length=28, hash=479217629}}}, ExecuteOperation{index=132, timestamp=1528669020146, session=4822208371359517296, node=1, operation=PrimitiveOperation{id=DefaultOperationId{id=ENTER, type=COMMAND}, value=byte[]{length=28, hash=479217695}}}, ExecuteOperation{index=133, timestamp=1528669020146, session=4822208371359517296, node=1, operation=PrimitiveOperation{id=DefaultOperationId{id=ENTER, type=COMMAND}, value=byte[]{length=28, hash=479217637}}}, ExecuteOperation{index=134, timestamp=1528669020146, session=4822208371359517296, node=1, operation=PrimitiveOperation{id=DefaultOperationId{id=ENTER, type=COMMAND}, value=byte[]{length=28, hash=479217709}}}, ExecuteOperation{index=135, timestamp=1528669020147, session=4822208371359517296, node=1, operation=PrimitiveOperation{id=DefaultOperationId{id=ENTER, type=COMMAND}, value=byte[]{length=28, hash=479217643}}}, ExecuteOperation{index=136, timestamp=1528669020148, session=4822208371359517296, node=1, operation=PrimitiveOperation{id=DefaultOperationId{id=ENTER, type=COMMAND}, value=byte[]{length=28, hash=479217585}}}, ExecuteOperation{index=137, timestamp=1528669020148, session=4822208371359517296, node=1, operation=PrimitiveOperation{id=DefaultOperationId{id=ENTER, type=COMMAND}, value=byte[]{length=29, hash=1970839404}}}, ExecuteOperation{index=138, timestamp=1528669020149, session=4822208371359517296, node=1, operation=PrimitiveOperation{id=DefaultOperationId{id=ENTER, type=COMMAND}, value=byte[]{length=28, hash=479217651}}}, ExecuteOperation{index=139, timestamp=1528669020154, session=4822208371359517296, node=1, operation=PrimitiveOperation{id=DefaultOperationId{id=ENTER, type=COMMAND}, value=byte[]{length=28, hash=479217593}}}, ExecuteOperation{index=140, timestamp=1528669020155, session=4822208371359517296, node=1, operation=PrimitiveOperation{id=DefaultOperationId{id=ENTER, type=COMMAND}, value=byte[]{length=29, hash=1970839652}}}, ExecuteOperation{index=141, timestamp=1528669020156, session=4822208371359517296, node=1, operation=PrimitiveOperation{id=DefaultOperationId{id=ENTER, type=COMMAND}, value=byte[]{length=28, hash=479217659}}}, ExecuteOperation{index=142, timestamp=1528669020156, session=4822208371359517296, node=1, operation=PrimitiveOperation{id=DefaultOperationId{id=ENTER, type=COMMAND}, value=byte[]{length=28, hash=479217601}}}, ExecuteOperation{index=143, timestamp=1528669020157, session=4822208371359517296, node=1, operation=PrimitiveOperation{id=DefaultOperationId{id=ENTER, type=COMMAND}, value=byte[]{length=28, hash=479217667}}}, ExecuteOperation{index=144, timestamp=1528669020157, session=4822208371359517296, node=1, operation=PrimitiveOperation{id=DefaultOperationId{id=ENTER, type=COMMAND}, value=byte[]{length=28, hash=479217677}}}, ExecuteOperation{index=145, timestamp=1528669020157, session=4822208371359517296, node=1, operation=PrimitiveOperation{id=DefaultOperationId{id=ENTER, type=COMMAND}, value=byte[]{length=28, hash=479217611}}}, ExecuteOperation{index=146, timestamp=1528669020158, session=4822208371359517296, node=1, operation=PrimitiveOperation{id=DefaultOperationId{id=ENTER, type=COMMAND}, value=byte[]{length=28, hash=479217685}}}, ExecuteOperation{index=147, timestamp=1528669020159, session=4822208371359517296, node=1, operation=PrimitiveOperation{id=DefaultOperationId{id=ENTER, type=COMMAND}, value=byte[]{length=28, hash=479217619}}}, ExecuteOperation{index=148, timestamp=1528669020159, session=4822208371359517296, node=1, operation=PrimitiveOperation{id=DefaultOperationId{id=ENTER, type=COMMAND}, value=byte[]{length=28, hash=479217693}}}, ExecuteOperation{index=149, timestamp=1528669020159, session=4822208371359517296, node=1, operation=PrimitiveOperation{id=DefaultOperationId{id=ENTER, type=COMMAND}, value=byte[]{length=28, hash=479217627}}}, ExecuteOperation{index=150, timestamp=1528669020165, session=4822208371359517296, node=1, operation=PrimitiveOperation{id=DefaultOperationId{id=ENTER, type=COMMAND}, value=byte[]{length=28, hash=479217701}}}, ExecuteOperation{index=151, timestamp=1528669020166, session=4822208371359517296, node=1, operation=PrimitiveOperation{id=DefaultOperationId{id=ENTER, type=COMMAND}, value=byte[]{length=28, hash=479217635}}}, ExecuteOperation{index=152, timestamp=1528669020167, session=4822208371359517296, node=1, operation=PrimitiveOperation{id=DefaultOperationId{id=ENTER, type=COMMAND}, value=byte[]{length=28, hash=479217641}}}, ExecuteOperation{index=153, timestamp=1528669020167, session=4822208371359517296, node=1, operation=PrimitiveOperation{id=DefaultOperationId{id=ENTER, type=COMMAND}, value=byte[]{length=28, hash=479217707}}}, ExecuteOperation{index=154, timestamp=1528669020169, session=4822208371359517296, node=1, operation=PrimitiveOperation{id=DefaultOperationId{id=ENTER, type=COMMAND}, value=byte[]{length=28, hash=479217649}}}, ExecuteOperation{index=155, timestamp=1528669020170, session=4822208371359517296, node=1, operation=PrimitiveOperation{id=DefaultOperationId{id=ENTER, type=COMMAND}, value=byte[]{length=29, hash=1970839342}}}, ExecuteOperation{index=156, timestamp=1528669020170, session=4822208371359517296, node=1, operation=PrimitiveOperation{id=DefaultOperationId{id=ENTER, type=COMMAND}, value=byte[]{length=28, hash=479217657}}}, ExecuteOperation{index=157, timestamp=1528669020170, session=4822208371359517296, node=1, operation=PrimitiveOperation{id=DefaultOperationId{id=ENTER, type=COMMAND}, value=byte[]{length=28, hash=479217591}}}, ExecuteOperation{index=158, timestamp=1528669020170, session=4822208371359517296, node=1, operation=PrimitiveOperation{id=DefaultOperationId{id=ENTER, type=COMMAND}, value=byte[]{length=29, hash=1970839590}}}, ExecuteOperation{index=159, timestamp=1528669020171, session=4822208371359517296, node=1, operation=PrimitiveOperation{id=DefaultOperationId{id=ENTER, type=COMMAND}, value=byte[]{length=28, hash=479217665}}}, ExecuteOperation{index=160, timestamp=1528669020171, session=4822208371359517296, node=1, operation=PrimitiveOperation{id=DefaultOperationId{id=ENTER, type=COMMAND}, value=byte[]{length=28, hash=479217599}}}, ExecuteOperation{index=161, timestamp=1528669020171, session=4822208371359517296, node=1, operation=PrimitiveOperation{id=DefaultOperationId{id=ENTER, type=COMMAND}, value=byte[]{length=28, hash=479217609}}}, ExecuteOperation{index=162, timestamp=1528669020175, session=4822208371359517296, node=1, operation=PrimitiveOperation{id=DefaultOperationId{id=ENTER, type=COMMAND}, value=byte[]{length=28, hash=479217675}}}, ExecuteOperation{index=163, timestamp=1528669020175, session=4822208371359517296, node=1, operation=PrimitiveOperation{id=DefaultOperationId{id=ENTER, type=COMMAND}, value=byte[]{length=28, hash=479217617}}}, ExecuteOperation{index=164, timestamp=1528669020176, session=4822208371359517296, node=1, operation=PrimitiveOperation{id=DefaultOperationId{id=ENTER, type=COMMAND}, value=byte[]{length=28, hash=479217683}}}, ExecuteOperation{index=165, timestamp=1528669020176, session=4822208371359517296, node=1, operation=PrimitiveOperation{id=DefaultOperationId{id=ENTER, type=COMMAND}, value=byte[]{length=28, hash=479217625}}}, ExecuteOperation{index=166, timestamp=1528669020176, session=4822208371359517296, node=1, operation=PrimitiveOperation{id=DefaultOperationId{id=ENTER, type=COMMAND}, value=byte[]{length=28, hash=479217691}}}, ExecuteOperation{index=167, timestamp=1528669020177, session=4822208371359517296, node=1, operation=PrimitiveOperation{id=DefaultOperationId{id=ENTER, type=COMMAND}, value=byte[]{length=28, hash=479217633}}}, ExecuteOperation{index=168, timestamp=1528669020177, session=4822208371359517296, node=1, operation=PrimitiveOperation{id=DefaultOperationId{id=ENTER, type=COMMAND}, value=byte[]{length=28, hash=479217699}}}, ExecuteOperation{index=169, timestamp=1528669020177, session=4822208371359517296, node=1, operation=PrimitiveOperation{id=DefaultOperationId{id=ENTER, type=COMMAND}, value=byte[]{length=28, hash=479217705}}}, ExecuteOperation{index=170, timestamp=1528669020178, session=4822208371359517296, node=1, operation=PrimitiveOperation{id=DefaultOperationId{id=ENTER, type=COMMAND}, value=byte[]{length=28, hash=479217639}}}, ExecuteOperation{index=171, timestamp=1528669020178, session=4822208371359517296, node=1, operation=PrimitiveOperation{id=DefaultOperationId{id=ENTER, type=COMMAND}, value=byte[]{length=29, hash=1970839280}}}, ExecuteOperation{index=172, timestamp=1528669020178, session=4822208371359517296, node=1, operation=PrimitiveOperation{id=DefaultOperationId{id=ENTER, type=COMMAND}, value=byte[]{length=28, hash=479217647}}}, ExecuteOperation{index=173, timestamp=1528669020179, session=4822208371359517296, node=1, operation=PrimitiveOperation{id=DefaultOperationId{id=ENTER, type=COMMAND}, value=byte[]{length=28, hash=479217589}}}, ExecuteOperation{index=174, timestamp=1528669020179, session=4822208371359517296, node=1, operation=PrimitiveOperation{id=DefaultOperationId{id=ENTER, type=COMMAND}, value=byte[]{length=29, hash=1970839528}}}, ExecuteOperation{index=175, timestamp=1528669020179, session=4822208371359517296, node=1, operation=PrimitiveOperation{id=DefaultOperationId{id=ENTER, type=COMMAND}, value=byte[]{length=28, hash=479217655}}}, ExecuteOperation{index=176, timestamp=1528669020179, session=4822208371359517296, node=1, operation=PrimitiveOperation{id=DefaultOperationId{id=ENTER, type=COMMAND}, value=byte[]{length=28, hash=479217597}}}, ExecuteOperation{index=177, timestamp=1528669020180, session=4822208371359517296, node=1, operation=PrimitiveOperation{id=DefaultOperationId{id=ENTER, type=COMMAND}, value=byte[]{length=28, hash=479217663}}}, ExecuteOperation{index=178, timestamp=1528669020180, session=4822208371359517296, node=1, operation=PrimitiveOperation{id=DefaultOperationId{id=ENTER, type=COMMAND}, value=byte[]{length=28, hash=479217605}}}, ExecuteOperation{index=179, timestamp=1528669020180, session=4822208371359517296, node=1, operation=PrimitiveOperation{id=DefaultOperationId{id=ENTER, type=COMMAND}, value=byte[]{length=28, hash=479217673}}}, ExecuteOperation{index=180, timestamp=1528669020180, session=4822208371359517296, node=1, operation=PrimitiveOperation{id=DefaultOperationId{id=ENTER, type=COMMAND}, value=byte[]{length=28, hash=479217607}}}, ExecuteOperation{index=181, timestamp=1528669020181, session=4822208371359517296, node=1, operation=PrimitiveOperation{id=DefaultOperationId{id=ENTER, type=COMMAND}, value=byte[]{length=28, hash=479217681}}}, ExecuteOperation{index=182, timestamp=1528669020181, session=4822208371359517296, node=1, operation=PrimitiveOperation{id=DefaultOperationId{id=ENTER, type=COMMAND}, value=byte[]{length=28, hash=479217615}}}, ExecuteOperation{index=183, timestamp=1528669020181, session=4822208371359517296, node=1, operation=PrimitiveOperation{id=DefaultOperationId{id=ENTER, type=COMMAND}, value=byte[]{length=28, hash=479217689}}}, ExecuteOperation{index=184, timestamp=1528669020182, session=4822208371359517296, node=1, operation=PrimitiveOperation{id=DefaultOperationId{id=ENTER, type=COMMAND}, value=byte[]{length=28, hash=479217623}}}, ExecuteOperation{index=185, timestamp=1528669020182, session=4822208371359517296, node=1, operation=PrimitiveOperation{id=DefaultOperationId{id=ENTER, type=COMMAND}, value=byte[]{length=28, hash=479217697}}}, ExecuteOperation{index=186, timestamp=1528669020183, session=4822208371359517296, node=1, operation=PrimitiveOperation{id=DefaultOperationId{id=ENTER, type=COMMAND}, value=byte[]{length=28, hash=479217631}}}]} to 1
00:17:00.185 [atomix-system-7] TRACE i.a.p.b.impl.PrimaryBackupSession - PrimaryBackupSession{system-partition-1}{session=4332313565502807635} - Sending PrimitiveEvent{type=change, value=byte[]{length=48, hash=1083794359}} to 3
00:17:00.185 [atomix-system-7] TRACE i.a.p.b.impl.PrimaryBackupSession - PrimaryBackupSession{system-partition-1}{session=4822208371359517296} - Sending PrimitiveEvent{type=change, value=byte[]{length=48, hash=1083794359}} to 1
00:17:00.186 [atomix-system-7] TRACE i.a.p.b.impl.PrimaryBackupSession - PrimaryBackupSession{system-partition-1}{session=4332313565502807635} - Sending PrimitiveEvent{type=change, value=byte[]{length=62, hash=-1086788289}} to 3
00:17:00.186 [atomix-system-7] TRACE i.a.p.b.impl.PrimaryBackupSession - PrimaryBackupSession{system-partition-1}{session=4822208371359517296} - Sending PrimitiveEvent{type=change, value=byte[]{length=62, hash=-1086788289}} to 1
00:17:00.186 [atomix-system-7] TRACE i.a.p.b.impl.PrimaryBackupSession - PrimaryBackupSession{system-partition-1}{session=4332313565502807635} - Sending PrimitiveEvent{type=change, value=byte[]{length=62, hash=1764938233}} to 3
00:17:00.186 [atomix-system-7] TRACE i.a.p.b.impl.PrimaryBackupSession - PrimaryBackupSession{system-partition-1}{session=4822208371359517296} - Sending PrimitiveEvent{type=change, value=byte[]{length=62, hash=1764938233}} to 1
00:17:00.186 [atomix-system-7] TRACE i.a.p.b.impl.PrimaryBackupSession - PrimaryBackupSession{system-partition-1}{session=4332313565502807635} - Sending PrimitiveEvent{type=change, value=byte[]{length=62, hash=-1225808393}} to 3
00:17:00.186 [atomix-system-7] TRACE i.a.p.b.impl.PrimaryBackupSession - PrimaryBackupSession{system-partition-1}{session=4822208371359517296} - Sending PrimitiveEvent{type=change, value=byte[]{length=62, hash=-1225808393}} to 1
00:17:00.187 [atomix-system-7] TRACE i.a.p.b.impl.PrimaryBackupSession - PrimaryBackupSession{system-partition-1}{session=4332313565502807635} - Sending PrimitiveEvent{type=change, value=byte[]{length=62, hash=-945436819}} to 3
00:17:00.187 [atomix-system-7] TRACE i.a.p.b.impl.PrimaryBackupSession - PrimaryBackupSession{system-partition-1}{session=4822208371359517296} - Sending PrimitiveEvent{type=change, value=byte[]{length=62, hash=-945436819}} to 1
00:17:00.187 [atomix-system-7] TRACE i.a.p.b.impl.PrimaryBackupSession - PrimaryBackupSession{system-partition-1}{session=4332313565502807635} - Sending PrimitiveEvent{type=change, value=byte[]{length=63, hash=-141887146}} to 3
00:17:00.187 [atomix-system-7] TRACE i.a.p.b.impl.PrimaryBackupSession - PrimaryBackupSession{system-partition-1}{session=4822208371359517296} - Sending PrimitiveEvent{type=change, value=byte[]{length=63, hash=-141887146}} to 1
00:17:00.187 [atomix-system-7] TRACE i.a.p.b.impl.PrimaryBackupSession - PrimaryBackupSession{system-partition-1}{session=4332313565502807635} - Sending PrimitiveEvent{type=change, value=byte[]{length=62, hash=1032182435}} to 3
00:17:00.187 [atomix-system-7] TRACE i.a.p.b.impl.PrimaryBackupSession - PrimaryBackupSession{system-partition-1}{session=4822208371359517296} - Sending PrimitiveEvent{type=change, value=byte[]{length=62, hash=1032182435}} to 1
00:17:00.188 [atomix-system-7] TRACE i.a.p.b.impl.PrimaryBackupSession - PrimaryBackupSession{system-partition-1}{session=4332313565502807635} - Sending PrimitiveEvent{type=change, value=byte[]{length=62, hash=-272038235}} to 3
00:17:00.188 [atomix-system-7] TRACE i.a.p.b.impl.PrimaryBackupSession - PrimaryBackupSession{system-partition-1}{session=4822208371359517296} - Sending PrimitiveEvent{type=change, value=byte[]{length=62, hash=-272038235}} to 1
00:17:00.188 [atomix-system-7] TRACE i.a.p.b.impl.PrimaryBackupSession - PrimaryBackupSession{system-partition-1}{session=4332313565502807635} - Sending PrimitiveEvent{type=change, value=byte[]{length=63, hash=333703006}} to 3
00:17:00.188 [atomix-system-7] TRACE i.a.p.b.impl.PrimaryBackupSession - PrimaryBackupSession{system-partition-1}{session=4822208371359517296} - Sending PrimitiveEvent{type=change, value=byte[]{length=63, hash=333703006}} to 1
00:17:00.188 [atomix-system-7] TRACE i.a.p.b.impl.PrimaryBackupSession - PrimaryBackupSession{system-partition-1}{session=4332313565502807635} - Sending PrimitiveEvent{type=change, value=byte[]{length=62, hash=-1285165607}} to 3
00:17:00.188 [atomix-system-7] TRACE i.a.p.b.impl.PrimaryBackupSession - PrimaryBackupSession{system-partition-1}{session=4822208371359517296} - Sending PrimitiveEvent{type=change, value=byte[]{length=62, hash=-1285165607}} to 1
00:17:00.189 [atomix-system-7] TRACE i.a.p.b.impl.PrimaryBackupSession - PrimaryBackupSession{system-partition-1}{session=4332313565502807635} - Sending PrimitiveEvent{type=change, value=byte[]{length=62, hash=1705581019}} to 3
00:17:00.189 [atomix-system-7] TRACE i.a.p.b.impl.PrimaryBackupSession - PrimaryBackupSession{system-partition-1}{session=4822208371359517296} - Sending PrimitiveEvent{type=change, value=byte[]{length=62, hash=1705581019}} to 1
00:17:00.189 [atomix-system-7] TRACE i.a.p.b.impl.PrimaryBackupSession - PrimaryBackupSession{system-partition-1}{session=4332313565502807635} - Sending PrimitiveEvent{type=change, value=byte[]{length=62, hash=-699820271}} to 3
00:17:00.189 [atomix-system-7] TRACE i.a.p.b.impl.PrimaryBackupSession - PrimaryBackupSession{system-partition-1}{session=4822208371359517296} - Sending PrimitiveEvent{type=change, value=byte[]{length=62, hash=-699820271}} to 1
00:17:00.189 [atomix-system-7] TRACE i.a.p.b.impl.PrimaryBackupSession - PrimaryBackupSession{system-partition-1}{session=4332313565502807635} - Sending PrimitiveEvent{type=change, value=byte[]{length=62, hash=-967707641}} to 3
00:17:00.189 [atomix-system-7] TRACE i.a.p.b.impl.PrimaryBackupSession - PrimaryBackupSession{system-partition-1}{session=4822208371359517296} - Sending PrimitiveEvent{type=change, value=byte[]{length=62, hash=-967707641}} to 1
00:17:00.189 [atomix-system-7] TRACE i.a.p.b.impl.PrimaryBackupSession - PrimaryBackupSession{system-partition-1}{session=4332313565502807635} - Sending PrimitiveEvent{type=change, value=byte[]{length=62, hash=98717953}} to 3
00:17:00.190 [atomix-system-7] TRACE i.a.p.b.impl.PrimaryBackupSession - PrimaryBackupSession{system-partition-1}{session=4822208371359517296} - Sending PrimitiveEvent{type=change, value=byte[]{length=62, hash=98717953}} to 1
00:17:00.190 [atomix-system-7] TRACE i.a.p.b.impl.PrimaryBackupSession - PrimaryBackupSession{system-partition-1}{session=4332313565502807635} - Sending PrimitiveEvent{type=change, value=byte[]{length=62, hash=1009911613}} to 3
00:17:00.190 [atomix-system-7] TRACE i.a.p.b.impl.PrimaryBackupSession - PrimaryBackupSession{system-partition-1}{session=4822208371359517296} - Sending PrimitiveEvent{type=change, value=byte[]{length=62, hash=1009911613}} to 1
00:17:00.190 [atomix-system-7] TRACE i.a.p.b.impl.PrimaryBackupSession - PrimaryBackupSession{system-partition-1}{session=4332313565502807635} - Sending PrimitiveEvent{type=change, value=byte[]{length=62, hash=2076337207}} to 3
00:17:00.190 [atomix-system-7] TRACE i.a.p.b.impl.PrimaryBackupSession - PrimaryBackupSession{system-partition-1}{session=4822208371359517296} - Sending PrimitiveEvent{type=change, value=byte[]{length=62, hash=2076337207}} to 1
00:17:00.190 [atomix-system-7] TRACE i.a.p.b.impl.PrimaryBackupSession - PrimaryBackupSession{system-partition-1}{session=4332313565502807635} - Sending PrimitiveEvent{type=change, value=byte[]{length=62, hash=-914409419}} to 3
00:17:00.191 [atomix-system-7] TRACE i.a.p.b.impl.PrimaryBackupSession - PrimaryBackupSession{system-partition-1}{session=4822208371359517296} - Sending PrimitiveEvent{type=change, value=byte[]{length=62, hash=-914409419}} to 1
00:17:00.191 [atomix-system-7] TRACE i.a.p.b.impl.PrimaryBackupSession - PrimaryBackupSession{system-partition-1}{session=4332313565502807635} - Sending PrimitiveEvent{type=change, value=byte[]{length=62, hash=-241010835}} to 3
00:17:00.191 [atomix-system-7] TRACE i.a.p.b.impl.PrimaryBackupSession - PrimaryBackupSession{system-partition-1}{session=4822208371359517296} - Sending PrimitiveEvent{type=change, value=byte[]{length=62, hash=-241010835}} to 1
00:17:00.191 [atomix-system-7] TRACE i.a.p.b.impl.PrimaryBackupSession - PrimaryBackupSession{system-partition-1}{session=4332313565502807635} - Sending PrimitiveEvent{type=change, value=byte[]{length=62, hash=1063209835}} to 3
00:17:00.191 [atomix-system-7] TRACE i.a.p.b.impl.PrimaryBackupSession - PrimaryBackupSession{system-partition-1}{session=4822208371359517296} - Sending PrimitiveEvent{type=change, value=byte[]{length=62, hash=1063209835}} to 1
00:17:00.191 [atomix-system-7] TRACE i.a.p.b.impl.PrimaryBackupSession - PrimaryBackupSession{system-partition-1}{session=4332313565502807635} - Sending PrimitiveEvent{type=change, value=byte[]{length=62, hash=-380030939}} to 3
00:17:00.192 [atomix-system-7] TRACE i.a.p.b.impl.PrimaryBackupSession - PrimaryBackupSession{system-partition-1}{session=4822208371359517296} - Sending PrimitiveEvent{type=change, value=byte[]{length=62, hash=-773057949}} to 1
00:17:00.192 [atomix-system-7] TRACE i.a.p.b.impl.PrimaryBackupSession - PrimaryBackupSession{system-partition-1}{session=4332313565502807635} - Sending PrimitiveEvent{type=change, value=byte[]{length=62, hash=-2077278619}} to 3
00:17:00.192 [atomix-system-7] TRACE i.a.p.b.impl.PrimaryBackupSession - PrimaryBackupSession{system-partition-1}{session=4822208371359517296} - Sending PrimitiveEvent{type=change, value=byte[]{length=62, hash=-2077278619}} to 1
00:17:00.192 [atomix-system-7] TRACE i.a.p.b.impl.PrimaryBackupSession - PrimaryBackupSession{system-partition-1}{session=4332313565502807635} - Sending PrimitiveEvent{type=change, value=byte[]{length=63, hash=-1257517116}} to 3
00:17:00.192 [atomix-system-7] TRACE i.a.p.b.impl.PrimaryBackupSession - PrimaryBackupSession{system-partition-1}{session=4822208371359517296} - Sending PrimitiveEvent{type=change, value=byte[]{length=63, hash=-1257517116}} to 1
00:17:00.192 [atomix-system-7] TRACE i.a.p.b.impl.PrimaryBackupSession - PrimaryBackupSession{system-partition-1}{session=4332313565502807635} - Sending PrimitiveEvent{type=change, value=byte[]{length=62, hash=293367645}} to 3
00:17:00.193 [atomix-system-1] TRACE i.a.p.b.s.PrimaryBackupSessionClient - SessionClient{system-partition-1}{type=PRIMARY_ELECTOR, name=atomix-primary-elector} - Received PrimitiveEvent{type=change, value=byte[]{length=48, hash=1083794359}}
00:17:00.193 [atomix-system-7] TRACE i.a.p.b.impl.PrimaryBackupSession - PrimaryBackupSession{system-partition-1}{session=4822208371359517296} - Sending PrimitiveEvent{type=change, value=byte[]{length=62, hash=293367645}} to 1
00:17:00.193 [atomix-system-1] TRACE i.a.p.b.s.PrimaryBackupSessionClient - SessionClient{system-partition-1}{type=PRIMARY_ELECTOR, name=atomix-primary-elector} - Received PrimitiveEvent{type=change, value=byte[]{length=62, hash=-1086788289}}
00:17:00.193 [atomix-system-1] TRACE i.a.p.b.s.PrimaryBackupSessionClient - SessionClient{system-partition-1}{type=PRIMARY_ELECTOR, name=atomix-primary-elector} - Received PrimitiveEvent{type=change, value=byte[]{length=62, hash=1764938233}}
00:17:00.193 [atomix-system-1] TRACE i.a.p.b.s.PrimaryBackupSessionClient - SessionClient{system-partition-1}{type=PRIMARY_ELECTOR, name=atomix-primary-elector} - Received PrimitiveEvent{type=change, value=byte[]{length=62, hash=-1225808393}}
00:17:00.193 [atomix-system-1] TRACE i.a.p.b.s.PrimaryBackupSessionClient - SessionClient{system-partition-1}{type=PRIMARY_ELECTOR, name=atomix-primary-elector} - Received PrimitiveEvent{type=change, value=byte[]{length=62, hash=-945436819}}
00:17:00.193 [atomix-system-1] TRACE i.a.p.b.s.PrimaryBackupSessionClient - SessionClient{system-partition-1}{type=PRIMARY_ELECTOR, name=atomix-primary-elector} - Received PrimitiveEvent{type=change, value=byte[]{length=63, hash=-141887146}}
00:17:00.193 [atomix-system-7] TRACE i.a.p.b.impl.PrimaryBackupSession - PrimaryBackupSession{system-partition-1}{session=4332313565502807635} - Sending PrimitiveEvent{type=change, value=byte[]{length=62, hash=966766229}} to 3
00:17:00.193 [atomix-system-1] TRACE i.a.p.b.s.PrimaryBackupSessionClient - SessionClient{system-partition-1}{type=PRIMARY_ELECTOR, name=atomix-primary-elector} - Received PrimitiveEvent{type=change, value=byte[]{length=62, hash=1032182435}}
00:17:00.193 [atomix-system-7] TRACE i.a.p.b.impl.PrimaryBackupSession - PrimaryBackupSession{system-partition-1}{session=4822208371359517296} - Sending PrimitiveEvent{type=change, value=byte[]{length=62, hash=966766229}} to 1
00:17:00.193 [atomix-system-15] TRACE i.a.p.b.s.PrimaryBackupSessionClient - SessionClient{system-partition-1}{type=PRIMARY_ELECTOR, name=atomix-primary-elector} - Received ExecuteResponse{status=OK, result=byte[]{length=39, hash=-1147278830}}
00:17:00.193 [atomix-system-1] TRACE i.a.p.b.s.PrimaryBackupSessionClient - SessionClient{system-partition-1}{type=PRIMARY_ELECTOR, name=atomix-primary-elector} - Received PrimitiveEvent{type=change, value=byte[]{length=62, hash=-272038235}}
00:17:00.193 [atomix-system-7] TRACE i.a.p.b.impl.PrimaryBackupSession - PrimaryBackupSession{system-partition-1}{session=4332313565502807635} - Sending PrimitiveEvent{type=change, value=byte[]{length=63, hash=-1174953974}} to 3
00:17:00.195 [atomix-system-1] TRACE i.a.p.b.s.PrimaryBackupSessionClient - SessionClient{system-partition-1}{type=PRIMARY_ELECTOR, name=atomix-primary-elector} - Received PrimitiveEvent{type=change, value=byte[]{length=63, hash=333703006}}
00:17:00.195 [atomix-system-14] INFO  i.a.p.b.p.i.PrimaryBackupPartitionServer - Successfully started server for PartitionId{id=65, group=data}
00:17:00.195 [atomix-system-15] TRACE i.a.p.b.s.PrimaryBackupSessionClient - SessionClient{system-partition-1}{type=PRIMARY_ELECTOR, name=atomix-primary-elector} - Received ExecuteResponse{status=OK, result=byte[]{length=39, hash=-1147278830}}
00:17:00.196 [atomix-system-1] TRACE i.a.p.b.s.PrimaryBackupSessionClient - SessionClient{system-partition-1}{type=PRIMARY_ELECTOR, name=atomix-primary-elector} - Received PrimitiveEvent{type=change, value=byte[]{length=62, hash=-1285165607}}
00:17:00.196 [atomix-system-14] INFO  i.a.p.b.p.i.PrimaryBackupPartitionClient - Successfully started client for PartitionId{id=65, group=data}
00:17:00.196 [atomix-system-15] TRACE i.a.p.b.s.PrimaryBackupSessionClient - SessionClient{system-partition-1}{type=PRIMARY_ELECTOR, name=atomix-primary-elector} - Received ExecuteResponse{status=OK, result=byte[]{length=39, hash=-1147278830}}
00:17:00.196 [atomix-system-1] TRACE i.a.p.b.s.PrimaryBackupSessionClient - SessionClient{system-partition-1}{type=PRIMARY_ELECTOR, name=atomix-primary-elector} - Received PrimitiveEvent{type=change, value=byte[]{length=62, hash=1705581019}}
00:17:00.196 [atomix-system-14] INFO  i.a.p.b.p.i.PrimaryBackupPartitionServer - Successfully started server for PartitionId{id=32, group=data}
00:17:00.196 [atomix-system-15] TRACE i.a.p.b.s.PrimaryBackupSessionClient - SessionClient{system-partition-1}{type=PRIMARY_ELECTOR, name=atomix-primary-elector} - Received ExecuteResponse{status=OK, result=byte[]{length=39, hash=-1147278830}}
00:17:00.196 [atomix-system-1] TRACE i.a.p.b.s.PrimaryBackupSessionClient - SessionClient{system-partition-1}{type=PRIMARY_ELECTOR, name=atomix-primary-elector} - Received PrimitiveEvent{type=change, value=byte[]{length=62, hash=-699820271}}
00:17:00.196 [atomix-system-14] INFO  i.a.p.b.p.i.PrimaryBackupPartitionClient - Successfully started client for PartitionId{id=32, group=data}
00:17:00.196 [atomix-system-15] TRACE i.a.p.b.s.PrimaryBackupSessionClient - SessionClient{system-partition-1}{type=PRIMARY_ELECTOR, name=atomix-primary-elector} - Received ExecuteResponse{status=OK, result=byte[]{length=39, hash=-1147278830}}
00:17:00.196 [atomix-system-1] TRACE i.a.p.b.s.PrimaryBackupSessionClient - SessionClient{system-partition-1}{type=PRIMARY_ELECTOR, name=atomix-primary-elector} - Received PrimitiveEvent{type=change, value=byte[]{length=62, hash=-967707641}}
00:17:00.196 [atomix-system-14] INFO  i.a.p.b.p.i.PrimaryBackupPartitionServer - Successfully started server for PartitionId{id=3, group=data}
00:17:00.196 [atomix-system-15] TRACE i.a.p.b.s.PrimaryBackupSessionClient - SessionClient{system-partition-1}{type=PRIMARY_ELECTOR, name=atomix-primary-elector} - Received ExecuteResponse{status=OK, result=byte[]{length=39, hash=-1147278830}}
00:17:00.196 [atomix-system-1] TRACE i.a.p.b.s.PrimaryBackupSessionClient - SessionClient{system-partition-1}{type=PRIMARY_ELECTOR, name=atomix-primary-elector} - Received PrimitiveEvent{type=change, value=byte[]{length=62, hash=98717953}}
00:17:00.197 [atomix-system-14] INFO  i.a.p.b.p.i.PrimaryBackupPartitionClient - Successfully started client for PartitionId{id=3, group=data}
00:17:00.197 [atomix-system-15] TRACE i.a.p.b.s.PrimaryBackupSessionClient - SessionClient{system-partition-1}{type=PRIMARY_ELECTOR, name=atomix-primary-elector} - Received ExecuteResponse{status=OK, result=byte[]{length=39, hash=-1147278830}}
00:17:00.197 [atomix-system-1] TRACE i.a.p.b.s.PrimaryBackupSessionClient - SessionClient{system-partition-1}{type=PRIMARY_ELECTOR, name=atomix-primary-elector} - Received PrimitiveEvent{type=change, value=byte[]{length=62, hash=1009911613}}
00:17:00.197 [atomix-system-14] INFO  i.a.p.b.p.i.PrimaryBackupPartitionServer - Successfully started server for PartitionId{id=69, group=data}
00:17:00.197 [atomix-system-15] TRACE i.a.p.b.s.PrimaryBackupSessionClient - SessionClient{system-partition-1}{type=PRIMARY_ELECTOR, name=atomix-primary-elector} - Received ExecuteResponse{status=OK, result=byte[]{length=39, hash=-1147278830}}
00:17:00.196 [atomix-system-7] TRACE i.a.p.b.impl.PrimaryBackupSession - PrimaryBackupSession{system-partition-1}{session=4822208371359517296} - Sending PrimitiveEvent{type=change, value=byte[]{length=63, hash=-1174953974}} to 1
00:17:00.197 [atomix-system-1] TRACE i.a.p.b.s.PrimaryBackupSessionClient - SessionClient{system-partition-1}{type=PRIMARY_ELECTOR, name=atomix-primary-elector} - Received PrimitiveEvent{type=change, value=byte[]{length=62, hash=2076337207}}
00:17:00.197 [atomix-system-14] INFO  i.a.p.b.p.i.PrimaryBackupPartitionClient - Successfully started client for PartitionId{id=69, group=data}
00:17:00.197 [atomix-system-15] TRACE i.a.p.b.s.PrimaryBackupSessionClient - SessionClient{system-partition-1}{type=PRIMARY_ELECTOR, name=atomix-primary-elector} - Received ExecuteResponse{status=OK, result=byte[]{length=39, hash=-1147278830}}
00:17:00.197 [atomix-system-1] TRACE i.a.p.b.s.PrimaryBackupSessionClient - SessionClient{system-partition-1}{type=PRIMARY_ELECTOR, name=atomix-primary-elector} - Received PrimitiveEvent{type=change, value=byte[]{length=62, hash=-914409419}}
00:17:00.197 [atomix-system-14] INFO  i.a.p.b.p.i.PrimaryBackupPartitionServer - Successfully started server for PartitionId{id=36, group=data}
00:17:00.197 [atomix-system-15] TRACE i.a.p.b.s.PrimaryBackupSessionClient - SessionClient{system-partition-1}{type=PRIMARY_ELECTOR, name=atomix-primary-elector} - Received ExecuteResponse{status=OK, result=byte[]{length=39, hash=-1147278830}}
00:17:00.197 [atomix-system-1] TRACE i.a.p.b.s.PrimaryBackupSessionClient - SessionClient{system-partition-1}{type=PRIMARY_ELECTOR, name=atomix-primary-elector} - Received PrimitiveEvent{type=change, value=byte[]{length=62, hash=-241010835}}
00:17:00.197 [atomix-system-14] INFO  i.a.p.b.p.i.PrimaryBackupPartitionClient - Successfully started client for PartitionId{id=36, group=data}
00:17:00.197 [atomix-system-15] TRACE i.a.p.b.s.PrimaryBackupSessionClient - SessionClient{system-partition-1}{type=PRIMARY_ELECTOR, name=atomix-primary-elector} - Received ExecuteResponse{status=OK, result=byte[]{length=39, hash=-1147278830}}
00:17:00.198 [atomix-system-1] TRACE i.a.p.b.s.PrimaryBackupSessionClient - SessionClient{system-partition-1}{type=PRIMARY_ELECTOR, name=atomix-primary-elector} - Received PrimitiveEvent{type=change, value=byte[]{length=62, hash=1063209835}}
00:17:00.198 [atomix-system-14] INFO  i.a.p.b.p.i.PrimaryBackupPartitionServer - Successfully started server for PartitionId{id=7, group=data}
00:17:00.198 [atomix-system-15] TRACE i.a.p.b.s.PrimaryBackupSessionClient - SessionClient{system-partition-1}{type=PRIMARY_ELECTOR, name=atomix-primary-elector} - Received ExecuteResponse{status=OK, result=byte[]{length=39, hash=-1147278830}}
00:17:00.198 [atomix-system-1] TRACE i.a.p.b.s.PrimaryBackupSessionClient - SessionClient{system-partition-1}{type=PRIMARY_ELECTOR, name=atomix-primary-elector} - Received PrimitiveEvent{type=change, value=byte[]{length=62, hash=-380030939}}
00:17:00.198 [atomix-system-14] INFO  i.a.p.b.p.i.PrimaryBackupPartitionClient - Successfully started client for PartitionId{id=7, group=data}
00:17:00.198 [atomix-system-15] TRACE i.a.p.b.s.PrimaryBackupSessionClient - SessionClient{system-partition-1}{type=PRIMARY_ELECTOR, name=atomix-primary-elector} - Received ExecuteResponse{status=OK, result=byte[]{length=39, hash=-1147278830}}
00:17:00.198 [atomix-system-1] TRACE i.a.p.b.s.PrimaryBackupSessionClient - SessionClient{system-partition-1}{type=PRIMARY_ELECTOR, name=atomix-primary-elector} - Received PrimitiveEvent{type=change, value=byte[]{length=62, hash=-2077278619}}
00:17:00.198 [atomix-system-14] INFO  i.a.p.b.p.i.PrimaryBackupPartitionServer - Successfully started server for PartitionId{id=40, group=data}
00:17:00.198 [atomix-system-15] TRACE i.a.p.b.s.PrimaryBackupSessionClient - SessionClient{system-partition-1}{type=PRIMARY_ELECTOR, name=atomix-primary-elector} - Received ExecuteResponse{status=OK, result=byte[]{length=39, hash=-1147278830}}
00:17:00.198 [atomix-system-7] TRACE i.a.p.b.impl.PrimaryBackupSession - PrimaryBackupSession{system-partition-1}{session=4332313565502807635} - Sending PrimitiveEvent{type=change, value=byte[]{length=62, hash=-2023980397}} to 3
00:17:00.198 [atomix-system-1] TRACE i.a.p.b.s.PrimaryBackupSessionClient - SessionClient{system-partition-1}{type=PRIMARY_ELECTOR, name=atomix-primary-elector} - Received PrimitiveEvent{type=change, value=byte[]{length=63, hash=-1257517116}}
00:17:00.198 [atomix-system-14] INFO  i.a.p.b.p.i.PrimaryBackupPartitionClient - Successfully started client for PartitionId{id=40, group=data}
00:17:00.198 [atomix-system-15] TRACE i.a.p.b.s.PrimaryBackupSessionClient - SessionClient{system-partition-1}{type=PRIMARY_ELECTOR, name=atomix-primary-elector} - Received ExecuteResponse{status=OK, result=byte[]{length=39, hash=-1147278830}}
00:17:00.199 [atomix-system-1] TRACE i.a.p.b.s.PrimaryBackupSessionClient - SessionClient{system-partition-1}{type=PRIMARY_ELECTOR, name=atomix-primary-elector} - Received PrimitiveEvent{type=change, value=byte[]{length=62, hash=293367645}}
00:17:00.199 [atomix-system-14] INFO  i.a.p.b.p.i.PrimaryBackupPartitionServer - Successfully started server for PartitionId{id=11, group=data}
00:17:00.199 [atomix-system-15] TRACE i.a.p.b.s.PrimaryBackupSessionClient - SessionClient{system-partition-1}{type=PRIMARY_ELECTOR, name=atomix-primary-elector} - Received ExecuteResponse{status=OK, result=byte[]{length=39, hash=-1147278830}}
00:17:00.199 [atomix-system-1] TRACE i.a.p.b.s.PrimaryBackupSessionClient - SessionClient{system-partition-1}{type=PRIMARY_ELECTOR, name=atomix-primary-elector} - Received PrimitiveEvent{type=change, value=byte[]{length=62, hash=966766229}}
00:17:00.199 [atomix-system-14] INFO  i.a.p.b.p.i.PrimaryBackupPartitionClient - Successfully started client for PartitionId{id=11, group=data}
00:17:00.199 [atomix-system-15] TRACE i.a.p.b.s.PrimaryBackupSessionClient - SessionClient{system-partition-1}{type=PRIMARY_ELECTOR, name=atomix-primary-elector} - Received PrimitiveEvent{type=change, value=byte[]{length=48, hash=1083794359}}
00:17:00.199 [atomix-system-1] TRACE i.a.p.b.s.PrimaryBackupSessionClient - SessionClient{system-partition-1}{type=PRIMARY_ELECTOR, name=atomix-primary-elector} - Received PrimitiveEvent{type=change, value=byte[]{length=63, hash=-1174953974}}
00:17:00.199 [atomix-system-14] INFO  i.a.p.b.p.i.PrimaryBackupPartitionServer - Successfully started server for PartitionId{id=45, group=data}
00:17:00.199 [atomix-system-15] TRACE i.a.p.b.s.PrimaryBackupSessionClient - SessionClient{system-partition-1}{type=PRIMARY_ELECTOR, name=atomix-primary-elector} - Received PrimitiveEvent{type=change, value=byte[]{length=62, hash=-1086788289}}
00:17:00.199 [atomix-system-1] TRACE i.a.p.b.s.PrimaryBackupSessionClient - SessionClient{system-partition-1}{type=PRIMARY_ELECTOR, name=atomix-primary-elector} - Received PrimitiveEvent{type=change, value=byte[]{length=62, hash=-2023980397}}
00:17:00.199 [atomix-system-14] INFO  i.a.p.b.p.i.PrimaryBackupPartitionClient - Successfully started client for PartitionId{id=45, group=data}
00:17:00.199 [atomix-system-15] TRACE i.a.p.b.s.PrimaryBackupSessionClient - SessionClient{system-partition-1}{type=PRIMARY_ELECTOR, name=atomix-primary-elector} - Received PrimitiveEvent{type=change, value=byte[]{length=62, hash=1764938233}}
00:17:00.199 [atomix-system-14] INFO  i.a.p.b.p.i.PrimaryBackupPartitionServer - Successfully started server for PartitionId{id=12, group=data}
00:17:00.199 [netty-messaging-event-epoll-client-9] DEBUG i.a.p.b.s.i.PrimaryBackupServiceContext - PrimitiveService{system-partition-1}{type=PRIMARY_ELECTOR, name=atomix-primary-elector} - Term changed: PrimaryTerm{term=1, primary=GroupMember{memberId=3, groupId=3}, candidates=[GroupMember{memberId=1, groupId=1}]}
00:17:00.199 [atomix-system-14] INFO  i.a.p.b.p.i.PrimaryBackupPartitionClient - Successfully started client for PartitionId{id=12, group=data}
00:17:00.199 [netty-messaging-event-epoll-client-9] DEBUG i.a.p.b.s.i.PrimaryBackupServiceContext - PrimitiveService{system-partition-1}{type=PRIMARY_ELECTOR, name=atomix-primary-elector} - 1 transitioning to BACKUP
00:17:00.199 [atomix-system-14] INFO  i.a.p.b.p.i.PrimaryBackupPartitionServer - Successfully started server for PartitionId{id=49, group=data}
00:17:00.200 [atomix-system-14] INFO  i.a.p.b.p.i.PrimaryBackupPartitionClient - Successfully started client for PartitionId{id=49, group=data}
00:17:00.200 [atomix-system-14] INFO  i.a.p.b.p.i.PrimaryBackupPartitionServer - Successfully started server for PartitionId{id=16, group=data}
00:17:00.200 [atomix-system-14] INFO  i.a.p.b.p.i.PrimaryBackupPartitionClient - Successfully started client for PartitionId{id=16, group=data}
00:17:00.200 [atomix-system-14] INFO  i.a.p.b.p.i.PrimaryBackupPartitionServer - Successfully started server for PartitionId{id=53, group=data}
00:17:00.200 [atomix-system-14] INFO  i.a.p.b.p.i.PrimaryBackupPartitionClient - Successfully started client for PartitionId{id=53, group=data}
00:17:00.200 [atomix-system-14] INFO  i.a.p.b.p.i.PrimaryBackupPartitionServer - Successfully started server for PartitionId{id=20, group=data}
00:17:00.200 [atomix-system-14] INFO  i.a.p.b.p.i.PrimaryBackupPartitionClient - Successfully started client for PartitionId{id=20, group=data}
00:17:00.200 [atomix-system-14] INFO  i.a.p.b.p.i.PrimaryBackupPartitionServer - Successfully started server for PartitionId{id=57, group=data}
00:17:00.200 [atomix-system-14] INFO  i.a.p.b.p.i.PrimaryBackupPartitionClient - Successfully started client for PartitionId{id=57, group=data}
00:17:00.200 [atomix-system-14] INFO  i.a.p.b.p.i.PrimaryBackupPartitionServer - Successfully started server for PartitionId{id=24, group=data}
00:17:00.200 [atomix-system-14] INFO  i.a.p.b.p.i.PrimaryBackupPartitionClient - Successfully started client for PartitionId{id=24, group=data}
00:17:00.200 [atomix-system-14] INFO  i.a.p.b.p.PrimaryBackupPartitionGroup - Started
00:17:00.200 [atomix-system-14] INFO  i.a.p.p.impl.DefaultPartitionService - Started
00:17:00.200 [atomix-system-15] TRACE i.a.p.b.s.PrimaryBackupSessionClient - SessionClient{system-partition-1}{type=PRIMARY_ELECTOR, name=atomix-primary-elector} - Received PrimitiveEvent{type=change, value=byte[]{length=62, hash=-1225808393}}
00:17:00.200 [atomix-system-15] TRACE i.a.p.b.s.PrimaryBackupSessionClient - SessionClient{system-partition-1}{type=PRIMARY_ELECTOR, name=atomix-primary-elector} - Received PrimitiveEvent{type=change, value=byte[]{length=62, hash=-945436819}}
00:17:00.200 [atomix-system-15] TRACE i.a.p.b.s.PrimaryBackupSessionClient - SessionClient{system-partition-1}{type=PRIMARY_ELECTOR, name=atomix-primary-elector} - Received PrimitiveEvent{type=change, value=byte[]{length=63, hash=-141887146}}
00:17:00.200 [atomix-system-15] TRACE i.a.p.b.s.PrimaryBackupSessionClient - SessionClient{system-partition-1}{type=PRIMARY_ELECTOR, name=atomix-primary-elector} - Received PrimitiveEvent{type=change, value=byte[]{length=62, hash=1032182435}}
00:17:00.200 [atomix-system-9] TRACE i.a.p.backup.roles.BackupRole - BackupRole{system-partition-1}{role=BACKUP} - Received BackupRequest{primary=3, term=12, index=186, primitive=PrimitiveDescriptor{name=atomix-primary-elector, type=PRIMARY_ELECTOR, backups=1, replication=ASYNCHRONOUS}, operations=[ExecuteOperation{index=116, timestamp=1528669020138, session=4822208371359517296, node=1, operation=PrimitiveOperation{id=DefaultOperationId{id=ENTER, type=COMMAND}, value=byte[]{length=28, hash=479217653}}}, ExecuteOperation{index=117, timestamp=1528669020139, session=4822208371359517296, node=1, operation=PrimitiveOperation{id=DefaultOperationId{id=ENTER, type=COMMAND}, value=byte[]{length=29, hash=1970839218}}}, ExecuteOperation{index=118, timestamp=1528669020139, session=4822208371359517296, node=1, operation=PrimitiveOperation{id=DefaultOperationId{id=ENTER, type=COMMAND}, value=byte[]{length=28, hash=479217645}}}, ExecuteOperation{index=119, timestamp=1528669020139, session=4822208371359517296, node=1, operation=PrimitiveOperation{id=DefaultOperationId{id=ENTER, type=COMMAND}, value=byte[]{length=28, hash=479217703}}}, ExecuteOperation{index=120, timestamp=1528669020140, session=4822208371359517296, node=1, operation=PrimitiveOperation{id=DefaultOperationId{id=ENTER, type=COMMAND}, value=byte[]{length=28, hash=479217587}}}, ExecuteOperation{index=121, timestamp=1528669020140, session=4822208371359517296, node=1, operation=PrimitiveOperation{id=DefaultOperationId{id=ENTER, type=COMMAND}, value=byte[]{length=29, hash=1970839466}}}, ExecuteOperation{index=122, timestamp=1528669020141, session=4822208371359517296, node=1, operation=PrimitiveOperation{id=DefaultOperationId{id=ENTER, type=COMMAND}, value=byte[]{length=28, hash=479217661}}}, ExecuteOperation{index=123, timestamp=1528669020141, session=4822208371359517296, node=1, operation=PrimitiveOperation{id=DefaultOperationId{id=ENTER, type=COMMAND}, value=byte[]{length=28, hash=479217595}}}, ExecuteOperation{index=124, timestamp=1528669020141, session=4822208371359517296, node=1, operation=PrimitiveOperation{id=DefaultOperationId{id=ENTER, type=COMMAND}, value=byte[]{length=28, hash=479217669}}}, ExecuteOperation{index=125, timestamp=1528669020141, session=4822208371359517296, node=1, operation=PrimitiveOperation{id=DefaultOperationId{id=ENTER, type=COMMAND}, value=byte[]{length=28, hash=479217603}}}, ExecuteOperation{index=126, timestamp=1528669020142, session=4822208371359517296, node=1, operation=PrimitiveOperation{id=DefaultOperationId{id=ENTER, type=COMMAND}, value=byte[]{length=28, hash=479217671}}}, ExecuteOperation{index=127, timestamp=1528669020142, session=4822208371359517296, node=1, operation=PrimitiveOperation{id=DefaultOperationId{id=ENTER, type=COMMAND}, value=byte[]{length=28, hash=479217613}}}, ExecuteOperation{index=128, timestamp=1528669020143, session=4822208371359517296, node=1, operation=PrimitiveOperation{id=DefaultOperationId{id=ENTER, type=COMMAND}, value=byte[]{length=28, hash=479217679}}}, ExecuteOperation{index=129, timestamp=1528669020143, session=4822208371359517296, node=1, operation=PrimitiveOperation{id=DefaultOperationId{id=ENTER, type=COMMAND}, value=byte[]{length=28, hash=479217621}}}, ExecuteOperation{index=130, timestamp=1528669020143, session=4822208371359517296, node=1, operation=PrimitiveOperation{id=DefaultOperationId{id=ENTER, type=COMMAND}, value=byte[]{length=28, hash=479217687}}}, ExecuteOperation{index=131, timestamp=1528669020144, session=4822208371359517296, node=1, operation=PrimitiveOperation{id=DefaultOperationId{id=ENTER, type=COMMAND}, value=byte[]{length=28, hash=479217629}}}, ExecuteOperation{index=132, timestamp=1528669020146, session=4822208371359517296, node=1, operation=PrimitiveOperation{id=DefaultOperationId{id=ENTER, type=COMMAND}, value=byte[]{length=28, hash=479217695}}}, ExecuteOperation{index=133, timestamp=1528669020146, session=4822208371359517296, node=1, operation=PrimitiveOperation{id=DefaultOperationId{id=ENTER, type=COMMAND}, value=byte[]{length=28, hash=479217637}}}, ExecuteOperation{index=134, timestamp=1528669020146, session=4822208371359517296, node=1, operation=PrimitiveOperation{id=DefaultOperationId{id=ENTER, type=COMMAND}, value=byte[]{length=28, hash=479217709}}}, ExecuteOperation{index=135, timestamp=1528669020147, session=4822208371359517296, node=1, operation=PrimitiveOperation{id=DefaultOperationId{id=ENTER, type=COMMAND}, value=byte[]{length=28, hash=479217643}}}, ExecuteOperation{index=136, timestamp=1528669020148, session=4822208371359517296, node=1, operation=PrimitiveOperation{id=DefaultOperationId{id=ENTER, type=COMMAND}, value=byte[]{length=28, hash=479217585}}}, ExecuteOperation{index=137, timestamp=1528669020148, session=4822208371359517296, node=1, operation=PrimitiveOperation{id=DefaultOperationId{id=ENTER, type=COMMAND}, value=byte[]{length=29, hash=1970839404}}}, ExecuteOperation{index=138, timestamp=1528669020149, session=4822208371359517296, node=1, operation=PrimitiveOperation{id=DefaultOperationId{id=ENTER, type=COMMAND}, value=byte[]{length=28, hash=479217651}}}, ExecuteOperation{index=139, timestamp=1528669020154, session=4822208371359517296, node=1, operation=PrimitiveOperation{id=DefaultOperationId{id=ENTER, type=COMMAND}, value=byte[]{length=28, hash=479217593}}}, ExecuteOperation{index=140, timestamp=1528669020155, session=4822208371359517296, node=1, operation=PrimitiveOperation{id=DefaultOperationId{id=ENTER, type=COMMAND}, value=byte[]{length=29, hash=1970839652}}}, ExecuteOperation{index=141, timestamp=1528669020156, session=4822208371359517296, node=1, operation=PrimitiveOperation{id=DefaultOperationId{id=ENTER, type=COMMAND}, value=byte[]{length=28, hash=479217659}}}, ExecuteOperation{index=142, timestamp=1528669020156, session=4822208371359517296, node=1, operation=PrimitiveOperation{id=DefaultOperationId{id=ENTER, type=COMMAND}, value=byte[]{length=28, hash=479217601}}}, ExecuteOperation{index=143, timestamp=1528669020157, session=4822208371359517296, node=1, operation=PrimitiveOperation{id=DefaultOperationId{id=ENTER, type=COMMAND}, value=byte[]{length=28, hash=479217667}}}, ExecuteOperation{index=144, timestamp=1528669020157, session=4822208371359517296, node=1, operation=PrimitiveOperation{id=DefaultOperationId{id=ENTER, type=COMMAND}, value=byte[]{length=28, hash=479217677}}}, ExecuteOperation{index=145, timestamp=1528669020157, session=4822208371359517296, node=1, operation=PrimitiveOperation{id=DefaultOperationId{id=ENTER, type=COMMAND}, value=byte[]{length=28, hash=479217611}}}, ExecuteOperation{index=146, timestamp=1528669020158, session=4822208371359517296, node=1, operation=PrimitiveOperation{id=DefaultOperationId{id=ENTER, type=COMMAND}, value=byte[]{length=28, hash=479217685}}}, ExecuteOperation{index=147, timestamp=1528669020159, session=4822208371359517296, node=1, operation=PrimitiveOperation{id=DefaultOperationId{id=ENTER, type=COMMAND}, value=byte[]{length=28, hash=479217619}}}, ExecuteOperation{index=148, timestamp=1528669020159, session=4822208371359517296, node=1, operation=PrimitiveOperation{id=DefaultOperationId{id=ENTER, type=COMMAND}, value=byte[]{length=28, hash=479217693}}}, ExecuteOperation{index=149, timestamp=1528669020159, session=4822208371359517296, node=1, operation=PrimitiveOperation{id=DefaultOperationId{id=ENTER, type=COMMAND}, value=byte[]{length=28, hash=479217627}}}, ExecuteOperation{index=150, timestamp=1528669020165, session=4822208371359517296, node=1, operation=PrimitiveOperation{id=DefaultOperationId{id=ENTER, type=COMMAND}, value=byte[]{length=28, hash=479217701}}}, ExecuteOperation{index=151, timestamp=1528669020166, session=4822208371359517296, node=1, operation=PrimitiveOperation{id=DefaultOperationId{id=ENTER, type=COMMAND}, value=byte[]{length=28, hash=479217635}}}, ExecuteOperation{index=152, timestamp=1528669020167, session=4822208371359517296, node=1, operation=PrimitiveOperation{id=DefaultOperationId{id=ENTER, type=COMMAND}, value=byte[]{length=28, hash=479217641}}}, ExecuteOperation{index=153, timestamp=1528669020167, session=4822208371359517296, node=1, operation=PrimitiveOperation{id=DefaultOperationId{id=ENTER, type=COMMAND}, value=byte[]{length=28, hash=479217707}}}, ExecuteOperation{index=154, timestamp=1528669020169, session=4822208371359517296, node=1, operation=PrimitiveOperation{id=DefaultOperationId{id=ENTER, type=COMMAND}, value=byte[]{length=28, hash=479217649}}}, ExecuteOperation{index=155, timestamp=1528669020170, session=4822208371359517296, node=1, operation=PrimitiveOperation{id=DefaultOperationId{id=ENTER, type=COMMAND}, value=byte[]{length=29, hash=1970839342}}}, ExecuteOperation{index=156, timestamp=1528669020170, session=4822208371359517296, node=1, operation=PrimitiveOperation{id=DefaultOperationId{id=ENTER, type=COMMAND}, value=byte[]{length=28, hash=479217657}}}, ExecuteOperation{index=157, timestamp=1528669020170, session=4822208371359517296, node=1, operation=PrimitiveOperation{id=DefaultOperationId{id=ENTER, type=COMMAND}, value=byte[]{length=28, hash=479217591}}}, ExecuteOperation{index=158, timestamp=1528669020170, session=4822208371359517296, node=1, operation=PrimitiveOperation{id=DefaultOperationId{id=ENTER, type=COMMAND}, value=byte[]{length=29, hash=1970839590}}}, ExecuteOperation{index=159, timestamp=1528669020171, session=4822208371359517296, node=1, operation=PrimitiveOperation{id=DefaultOperationId{id=ENTER, type=COMMAND}, value=byte[]{length=28, hash=479217665}}}, ExecuteOperation{index=160, timestamp=1528669020171, session=4822208371359517296, node=1, operation=PrimitiveOperation{id=DefaultOperationId{id=ENTER, type=COMMAND}, value=byte[]{length=28, hash=479217599}}}, ExecuteOperation{index=161, timestamp=1528669020171, session=4822208371359517296, node=1, operation=PrimitiveOperation{id=DefaultOperationId{id=ENTER, type=COMMAND}, value=byte[]{length=28, hash=479217609}}}, ExecuteOperation{index=162, timestamp=1528669020175, session=4822208371359517296, node=1, operation=PrimitiveOperation{id=DefaultOperationId{id=ENTER, type=COMMAND}, value=byte[]{length=28, hash=479217675}}}, ExecuteOperation{index=163, timestamp=1528669020175, session=4822208371359517296, node=1, operation=PrimitiveOperation{id=DefaultOperationId{id=ENTER, type=COMMAND}, value=byte[]{length=28, hash=479217617}}}, ExecuteOperation{index=164, timestamp=1528669020176, session=4822208371359517296, node=1, operation=PrimitiveOperation{id=DefaultOperationId{id=ENTER, type=COMMAND}, value=byte[]{length=28, hash=479217683}}}, ExecuteOperation{index=165, timestamp=1528669020176, session=4822208371359517296, node=1, operation=PrimitiveOperation{id=DefaultOperationId{id=ENTER, type=COMMAND}, value=byte[]{length=28, hash=479217625}}}, ExecuteOperation{index=166, timestamp=1528669020176, session=4822208371359517296, node=1, operation=PrimitiveOperation{id=DefaultOperationId{id=ENTER, type=COMMAND}, value=byte[]{length=28, hash=479217691}}}, ExecuteOperation{index=167, timestamp=1528669020177, session=4822208371359517296, node=1, operation=PrimitiveOperation{id=DefaultOperationId{id=ENTER, type=COMMAND}, value=byte[]{length=28, hash=479217633}}}, ExecuteOperation{index=168, timestamp=1528669020177, session=4822208371359517296, node=1, operation=PrimitiveOperation{id=DefaultOperationId{id=ENTER, type=COMMAND}, value=byte[]{length=28, hash=479217699}}}, ExecuteOperation{index=169, timestamp=1528669020177, session=4822208371359517296, node=1, operation=PrimitiveOperation{id=DefaultOperationId{id=ENTER, type=COMMAND}, value=byte[]{length=28, hash=479217705}}}, ExecuteOperation{index=170, timestamp=1528669020178, session=4822208371359517296, node=1, operation=PrimitiveOperation{id=DefaultOperationId{id=ENTER, type=COMMAND}, value=byte[]{length=28, hash=479217639}}}, ExecuteOperation{index=171, timestamp=1528669020178, session=4822208371359517296, node=1, operation=PrimitiveOperation{id=DefaultOperationId{id=ENTER, type=COMMAND}, value=byte[]{length=29, hash=1970839280}}}, ExecuteOperation{index=172, timestamp=1528669020178, session=4822208371359517296, node=1, operation=PrimitiveOperation{id=DefaultOperationId{id=ENTER, type=COMMAND}, value=byte[]{length=28, hash=479217647}}}, ExecuteOperation{index=173, timestamp=1528669020179, session=4822208371359517296, node=1, operation=PrimitiveOperation{id=DefaultOperationId{id=ENTER, type=COMMAND}, value=byte[]{length=28, hash=479217589}}}, ExecuteOperation{index=174, timestamp=1528669020179, session=4822208371359517296, node=1, operation=PrimitiveOperation{id=DefaultOperationId{id=ENTER, type=COMMAND}, value=byte[]{length=29, hash=1970839528}}}, ExecuteOperation{index=175, timestamp=1528669020179, session=4822208371359517296, node=1, operation=PrimitiveOperation{id=DefaultOperationId{id=ENTER, type=COMMAND}, value=byte[]{length=28, hash=479217655}}}, ExecuteOperation{index=176, timestamp=1528669020179, session=4822208371359517296, node=1, operation=PrimitiveOperation{id=DefaultOperationId{id=ENTER, type=COMMAND}, value=byte[]{length=28, hash=479217597}}}, ExecuteOperation{index=177, timestamp=1528669020180, session=4822208371359517296, node=1, operation=PrimitiveOperation{id=DefaultOperationId{id=ENTER, type=COMMAND}, value=byte[]{length=28, hash=479217663}}}, ExecuteOperation{index=178, timestamp=1528669020180, session=4822208371359517296, node=1, operation=PrimitiveOperation{id=DefaultOperationId{id=ENTER, type=COMMAND}, value=byte[]{length=28, hash=479217605}}}, ExecuteOperation{index=179, timestamp=1528669020180, session=4822208371359517296, node=1, operation=PrimitiveOperation{id=DefaultOperationId{id=ENTER, type=COMMAND}, value=byte[]{length=28, hash=479217673}}}, ExecuteOperation{index=180, timestamp=1528669020180, session=4822208371359517296, node=1, operation=PrimitiveOperation{id=DefaultOperationId{id=ENTER, type=COMMAND}, value=byte[]{length=28, hash=479217607}}}, ExecuteOperation{index=181, timestamp=1528669020181, session=4822208371359517296, node=1, operation=PrimitiveOperation{id=DefaultOperationId{id=ENTER, type=COMMAND}, value=byte[]{length=28, hash=479217681}}}, ExecuteOperation{index=182, timestamp=1528669020181, session=4822208371359517296, node=1, operation=PrimitiveOperation{id=DefaultOperationId{id=ENTER, type=COMMAND}, value=byte[]{length=28, hash=479217615}}}, ExecuteOperation{index=183, timestamp=1528669020181, session=4822208371359517296, node=1, operation=PrimitiveOperation{id=DefaultOperationId{id=ENTER, type=COMMAND}, value=byte[]{length=28, hash=479217689}}}, ExecuteOperation{index=184, timestamp=1528669020182, session=4822208371359517296, node=1, operation=PrimitiveOperation{id=DefaultOperationId{id=ENTER, type=COMMAND}, value=byte[]{length=28, hash=479217623}}}, ExecuteOperation{index=185, timestamp=1528669020182, session=4822208371359517296, node=1, operation=PrimitiveOperation{id=DefaultOperationId{id=ENTER, type=COMMAND}, value=byte[]{length=28, hash=479217697}}}, ExecuteOperation{index=186, timestamp=1528669020183, session=4822208371359517296, node=1, operation=PrimitiveOperation{id=DefaultOperationId{id=ENTER, type=COMMAND}, value=byte[]{length=28, hash=479217631}}}]}
00:17:00.201 [atomix-system-15] TRACE i.a.p.b.s.PrimaryBackupSessionClient - SessionClient{system-partition-1}{type=PRIMARY_ELECTOR, name=atomix-primary-elector} - Received PrimitiveEvent{type=change, value=byte[]{length=62, hash=-272038235}}
00:17:00.199 [atomix-system-7] TRACE i.a.p.b.impl.PrimaryBackupSession - PrimaryBackupSession{system-partition-1}{session=4822208371359517296} - Sending PrimitiveEvent{type=change, value=byte[]{length=62, hash=-2023980397}} to 1
00:17:00.201 [atomix-system-9] TRACE i.a.p.backup.roles.BackupRole - BackupRole{system-partition-1}{role=BACKUP} - Sending BackupResponse{status=OK}
00:17:00.201 [atomix-system-15] TRACE i.a.p.b.s.PrimaryBackupSessionClient - SessionClient{system-partition-1}{type=PRIMARY_ELECTOR, name=atomix-primary-elector} - Received PrimitiveEvent{type=change, value=byte[]{length=63, hash=333703006}}
00:17:00.202 [atomix-system-15] TRACE i.a.p.b.s.PrimaryBackupSessionClient - SessionClient{system-partition-1}{type=PRIMARY_ELECTOR, name=atomix-primary-elector} - Received PrimitiveEvent{type=change, value=byte[]{length=62, hash=-1285165607}}
00:17:00.202 [atomix-system-15] TRACE i.a.p.b.s.PrimaryBackupSessionClient - SessionClient{system-partition-1}{type=PRIMARY_ELECTOR, name=atomix-primary-elector} - Received PrimitiveEvent{type=change, value=byte[]{length=62, hash=1705581019}}
00:17:00.202 [atomix-system-15] TRACE i.a.p.b.s.PrimaryBackupSessionClient - SessionClient{system-partition-1}{type=PRIMARY_ELECTOR, name=atomix-primary-elector} - Received PrimitiveEvent{type=change, value=byte[]{length=62, hash=-699820271}}
00:17:00.202 [atomix-system-15] TRACE i.a.p.b.s.PrimaryBackupSessionClient - SessionClient{system-partition-1}{type=PRIMARY_ELECTOR, name=atomix-primary-elector} - Received PrimitiveEvent{type=change, value=byte[]{length=62, hash=-967707641}}
00:17:00.202 [atomix-system-15] TRACE i.a.p.b.s.PrimaryBackupSessionClient - SessionClient{system-partition-1}{type=PRIMARY_ELECTOR, name=atomix-primary-elector} - Received PrimitiveEvent{type=change, value=byte[]{length=62, hash=98717953}}
00:17:00.202 [atomix-system-15] TRACE i.a.p.b.s.PrimaryBackupSessionClient - SessionClient{system-partition-1}{type=PRIMARY_ELECTOR, name=atomix-primary-elector} - Received PrimitiveEvent{type=change, value=byte[]{length=62, hash=1009911613}}
00:17:00.202 [atomix-system-15] TRACE i.a.p.b.s.PrimaryBackupSessionClient - SessionClient{system-partition-1}{type=PRIMARY_ELECTOR, name=atomix-primary-elector} - Received PrimitiveEvent{type=change, value=byte[]{length=62, hash=2076337207}}
00:17:00.203 [atomix-system-15] TRACE i.a.p.b.s.PrimaryBackupSessionClient - SessionClient{system-partition-1}{type=PRIMARY_ELECTOR, name=atomix-primary-elector} - Received PrimitiveEvent{type=change, value=byte[]{length=62, hash=-914409419}}
00:17:00.203 [atomix-system-15] TRACE i.a.p.b.s.PrimaryBackupSessionClient - SessionClient{system-partition-1}{type=PRIMARY_ELECTOR, name=atomix-primary-elector} - Received PrimitiveEvent{type=change, value=byte[]{length=62, hash=-241010835}}
00:17:00.203 [atomix-system-15] TRACE i.a.p.b.s.PrimaryBackupSessionClient - SessionClient{system-partition-1}{type=PRIMARY_ELECTOR, name=atomix-primary-elector} - Received PrimitiveEvent{type=change, value=byte[]{length=62, hash=1063209835}}
00:17:00.203 [atomix-system-15] TRACE i.a.p.b.s.PrimaryBackupSessionClient - SessionClient{system-partition-1}{type=PRIMARY_ELECTOR, name=atomix-primary-elector} - Received PrimitiveEvent{type=change, value=byte[]{length=62, hash=-773057949}}
00:17:00.203 [atomix-system-15] TRACE i.a.p.b.s.PrimaryBackupSessionClient - SessionClient{system-partition-1}{type=PRIMARY_ELECTOR, name=atomix-primary-elector} - Received PrimitiveEvent{type=change, value=byte[]{length=62, hash=-2077278619}}
00:17:00.203 [atomix-system-15] TRACE i.a.p.b.s.PrimaryBackupSessionClient - SessionClient{system-partition-1}{type=PRIMARY_ELECTOR, name=atomix-primary-elector} - Received PrimitiveEvent{type=change, value=byte[]{length=63, hash=-1257517116}}
00:17:00.203 [atomix-system-15] TRACE i.a.p.b.s.PrimaryBackupSessionClient - SessionClient{system-partition-1}{type=PRIMARY_ELECTOR, name=atomix-primary-elector} - Received PrimitiveEvent{type=change, value=byte[]{length=62, hash=293367645}}
00:17:00.203 [atomix-system-15] TRACE i.a.p.b.s.PrimaryBackupSessionClient - SessionClient{system-partition-1}{type=PRIMARY_ELECTOR, name=atomix-primary-elector} - Received PrimitiveEvent{type=change, value=byte[]{length=62, hash=966766229}}
00:17:00.203 [atomix-system-15] TRACE i.a.p.b.s.PrimaryBackupSessionClient - SessionClient{system-partition-1}{type=PRIMARY_ELECTOR, name=atomix-primary-elector} - Received PrimitiveEvent{type=change, value=byte[]{length=63, hash=-1174953974}}
00:17:00.204 [atomix-system-11] TRACE i.a.p.b.s.PrimaryBackupSessionClient - SessionClient{system-partition-1}{type=PRIMARY_ELECTOR, name=atomix-primary-elector} - Received PrimitiveEvent{type=change, value=byte[]{length=62, hash=-2023980397}}
00:17:00.204 [atomix-system-7] TRACE i.a.p.b.impl.PrimaryBackupSession - PrimaryBackupSession{system-partition-1}{session=4332313565502807635} - Sending PrimitiveEvent{type=change, value=byte[]{length=62, hash=-957554803}} to 3
00:17:00.209 [atomix-system-12] TRACE i.a.p.b.s.PrimaryBackupSessionClient - SessionClient{system-partition-1}{type=consistent-map, name=primitives} - Sending ExecuteRequest{session=1938042748411775896, node=1, primitive=PrimitiveDescriptor{name=primitives, type=consistent-map, backups=2, replication=SYNCHRONOUS}, operation=PrimitiveOperation{id=DefaultOperationId{id=putIfAbsentWithTtl, type=COMMAND}, value=byte[]{length=45, hash=-655357269}}} to GroupMember{memberId=3, groupId=3}
00:17:00.210 [atomix-system-7] TRACE i.a.p.b.impl.PrimaryBackupSession - PrimaryBackupSession{system-partition-1}{session=4822208371359517296} - Sending PrimitiveEvent{type=change, value=byte[]{length=62, hash=-957554803}} to 1
00:17:00.210 [atomix-system-9] TRACE i.a.p.b.s.PrimaryBackupSessionClient - SessionClient{system-partition-1}{type=PRIMARY_ELECTOR, name=atomix-primary-elector} - Received PrimitiveEvent{type=change, value=byte[]{length=62, hash=-957554803}}
00:17:00.210 [atomix-system-13] TRACE i.a.p.backup.roles.PrimaryRole - PrimaryRole{system-partition-1}{role=PRIMARY} - Received ExecuteRequest{session=1938042748411775896, node=1, primitive=PrimitiveDescriptor{name=primitives, type=consistent-map, backups=2, replication=SYNCHRONOUS}, operation=PrimitiveOperation{id=DefaultOperationId{id=putIfAbsentWithTtl, type=COMMAND}, value=byte[]{length=45, hash=-655357269}}}
00:17:00.210 [atomix-system-13] TRACE i.a.p.backup.roles.PrimaryRole - PrimaryRole{system-partition-1}{role=PRIMARY} - Sending BackupRequest{primary=3, term=12, index=2, primitive=PrimitiveDescriptor{name=primitives, type=consistent-map, backups=2, replication=SYNCHRONOUS}, operations=[ExecuteOperation{index=47, timestamp=1528669020210, session=1938042748411775896, node=1, operation=PrimitiveOperation{id=DefaultOperationId{id=putIfAbsentWithTtl, type=COMMAND}, value=byte[]{length=45, hash=-655357269}}}]} to 1
00:17:00.210 [atomix-system-7] TRACE i.a.p.b.s.PrimaryBackupSessionClient - SessionClient{system-partition-1}{type=PRIMARY_ELECTOR, name=atomix-primary-elector} - Received PrimitiveEvent{type=change, value=byte[]{length=62, hash=-957554803}}
00:17:00.210 [atomix-system-7] TRACE i.a.p.b.impl.PrimaryBackupSession - PrimaryBackupSession{system-partition-1}{session=4332313565502807635} - Sending PrimitiveEvent{type=change, value=byte[]{length=62, hash=-46361143}} to 3
00:17:00.210 [atomix-system-7] TRACE i.a.p.b.impl.PrimaryBackupSession - PrimaryBackupSession{system-partition-1}{session=4822208371359517296} - Sending PrimitiveEvent{type=change, value=byte[]{length=62, hash=-46361143}} to 1
00:17:00.210 [atomix-system-5] TRACE i.a.p.b.s.PrimaryBackupSessionClient - SessionClient{system-partition-1}{type=PRIMARY_ELECTOR, name=atomix-primary-elector} - Received PrimitiveEvent{type=change, value=byte[]{length=62, hash=-46361143}}
00:17:00.211 [atomix-system-4] TRACE i.a.p.b.s.PrimaryBackupSessionClient - SessionClient{system-partition-1}{type=PRIMARY_ELECTOR, name=atomix-primary-elector} - Received PrimitiveEvent{type=change, value=byte[]{length=62, hash=-46361143}}
00:17:00.211 [atomix-system-7] TRACE i.a.p.b.impl.PrimaryBackupSession - PrimaryBackupSession{system-partition-1}{session=4332313565502807635} - Sending PrimitiveEvent{type=change, value=byte[]{length=62, hash=1020064451}} to 3
00:17:00.211 [atomix-system-7] TRACE i.a.p.b.impl.PrimaryBackupSession - PrimaryBackupSession{system-partition-1}{session=4822208371359517296} - Sending PrimitiveEvent{type=change, value=byte[]{length=62, hash=1020064451}} to 1
00:17:00.211 [atomix-system-2] TRACE i.a.p.b.s.PrimaryBackupSessionClient - SessionClient{system-partition-1}{type=PRIMARY_ELECTOR, name=atomix-primary-elector} - Received PrimitiveEvent{type=change, value=byte[]{length=62, hash=1020064451}}
00:17:00.211 [atomix-system-5] TRACE i.a.p.b.s.PrimaryBackupSessionClient - SessionClient{system-partition-1}{type=PRIMARY_ELECTOR, name=atomix-primary-elector} - Received PrimitiveEvent{type=change, value=byte[]{length=62, hash=1020064451}}
00:17:00.211 [atomix-system-7] TRACE i.a.p.b.impl.PrimaryBackupSession - PrimaryBackupSession{system-partition-1}{session=4332313565502807635} - Sending PrimitiveEvent{type=change, value=byte[]{length=62, hash=1843204863}} to 3
00:17:00.211 [atomix-system-11] TRACE i.a.p.b.s.PrimaryBackupSessionClient - SessionClient{system-partition-1}{type=PRIMARY_ELECTOR, name=atomix-primary-elector} - Received PrimitiveEvent{type=change, value=byte[]{length=62, hash=1843204863}}
00:17:00.212 [atomix-system-7] TRACE i.a.p.b.impl.PrimaryBackupSession - PrimaryBackupSession{system-partition-1}{session=4822208371359517296} - Sending PrimitiveEvent{type=change, value=byte[]{length=62, hash=1843204863}} to 1
00:17:00.212 [atomix-system-9] TRACE i.a.p.b.s.PrimaryBackupSessionClient - SessionClient{system-partition-1}{type=PRIMARY_ELECTOR, name=atomix-primary-elector} - Received PrimitiveEvent{type=change, value=byte[]{length=62, hash=1843204863}}
00:17:00.212 [atomix-system-7] TRACE i.a.p.b.impl.PrimaryBackupSession - PrimaryBackupSession{system-partition-1}{session=4332313565502807635} - Sending PrimitiveEvent{type=change, value=byte[]{length=62, hash=145957183}} to 3
00:17:00.212 [atomix-system-7] TRACE i.a.p.b.impl.PrimaryBackupSession - PrimaryBackupSession{system-partition-1}{session=4822208371359517296} - Sending PrimitiveEvent{type=change, value=byte[]{length=62, hash=145957183}} to 1
00:17:00.212 [atomix-system-9] TRACE i.a.p.b.s.PrimaryBackupSessionClient - SessionClient{system-partition-1}{type=PRIMARY_ELECTOR, name=atomix-primary-elector} - Received PrimitiveEvent{type=change, value=byte[]{length=62, hash=145957183}}
00:17:00.212 [atomix-system-3] TRACE i.a.p.b.s.PrimaryBackupSessionClient - SessionClient{system-partition-1}{type=PRIMARY_ELECTOR, name=atomix-primary-elector} - Received PrimitiveEvent{type=change, value=byte[]{length=62, hash=145957183}}
00:17:00.212 [atomix-system-7] TRACE i.a.p.b.impl.PrimaryBackupSession - PrimaryBackupSession{system-partition-1}{session=4332313565502807635} - Sending PrimitiveEvent{type=change, value=byte[]{length=62, hash=-474143179}} to 3
00:17:00.212 [atomix-system-7] TRACE i.a.p.b.impl.PrimaryBackupSession - PrimaryBackupSession{system-partition-1}{session=4822208371359517296} - Sending PrimitiveEvent{type=change, value=byte[]{length=62, hash=-474143179}} to 1
00:17:00.212 [atomix-system-5] TRACE i.a.p.b.s.PrimaryBackupSessionClient - SessionClient{system-partition-1}{type=PRIMARY_ELECTOR, name=atomix-primary-elector} - Received PrimitiveEvent{type=change, value=byte[]{length=62, hash=-474143179}}
00:17:00.213 [atomix-system-1] TRACE i.a.p.b.s.PrimaryBackupSessionClient - SessionClient{system-partition-1}{type=PRIMARY_ELECTOR, name=atomix-primary-elector} - Received PrimitiveEvent{type=change, value=byte[]{length=62, hash=-474143179}}
00:17:00.213 [atomix-system-7] TRACE i.a.p.b.impl.PrimaryBackupSession - PrimaryBackupSession{system-partition-1}{session=4332313565502807635} - Sending PrimitiveEvent{type=change, value=byte[]{length=62, hash=-1778363849}} to 3
00:17:00.213 [atomix-system-7] TRACE i.a.p.b.impl.PrimaryBackupSession - PrimaryBackupSession{system-partition-1}{session=4822208371359517296} - Sending PrimitiveEvent{type=change, value=byte[]{length=62, hash=-1778363849}} to 1
00:17:00.213 [atomix-system-0] TRACE i.a.p.b.s.PrimaryBackupSessionClient - SessionClient{system-partition-1}{type=PRIMARY_ELECTOR, name=atomix-primary-elector} - Received PrimitiveEvent{type=change, value=byte[]{length=62, hash=-1778363849}}
00:17:00.213 [atomix-system-11] TRACE i.a.p.b.s.PrimaryBackupSessionClient - SessionClient{system-partition-1}{type=PRIMARY_ELECTOR, name=atomix-primary-elector} - Received PrimitiveEvent{type=change, value=byte[]{length=62, hash=-1778363849}}
00:17:00.213 [atomix-system-7] TRACE i.a.p.b.impl.PrimaryBackupSession - PrimaryBackupSession{system-partition-1}{session=4332313565502807635} - Sending PrimitiveEvent{type=change, value=byte[]{length=62, hash=1503476075}} to 3
00:17:00.214 [atomix-system-11] TRACE i.a.p.b.s.PrimaryBackupSessionClient - SessionClient{system-partition-1}{type=PRIMARY_ELECTOR, name=atomix-primary-elector} - Received PrimitiveEvent{type=change, value=byte[]{length=62, hash=1503476075}}
00:17:00.214 [atomix-system-7] TRACE i.a.p.b.impl.PrimaryBackupSession - PrimaryBackupSession{system-partition-1}{session=4822208371359517296} - Sending PrimitiveEvent{type=change, value=byte[]{length=62, hash=1503476075}} to 1
00:17:00.214 [atomix-system-13] TRACE i.a.p.b.s.PrimaryBackupSessionClient - SessionClient{system-partition-1}{type=PRIMARY_ELECTOR, name=atomix-primary-elector} - Received PrimitiveEvent{type=change, value=byte[]{length=62, hash=1503476075}}
00:17:00.214 [atomix-system-7] TRACE i.a.p.b.impl.PrimaryBackupSession - PrimaryBackupSession{system-partition-1}{session=4332313565502807635} - Sending PrimitiveEvent{type=change, value=byte[]{length=62, hash=199255405}} to 3
00:17:00.214 [atomix-system-7] TRACE i.a.p.b.impl.PrimaryBackupSession - PrimaryBackupSession{system-partition-1}{session=4822208371359517296} - Sending PrimitiveEvent{type=change, value=byte[]{length=62, hash=199255405}} to 1
00:17:00.214 [atomix-system-9] TRACE i.a.p.b.s.PrimaryBackupSessionClient - SessionClient{system-partition-1}{type=PRIMARY_ELECTOR, name=atomix-primary-elector} - Received PrimitiveEvent{type=change, value=byte[]{length=62, hash=199255405}}
00:17:00.215 [atomix-system-7] TRACE i.a.p.b.s.PrimaryBackupSessionClient - SessionClient{system-partition-1}{type=PRIMARY_ELECTOR, name=atomix-primary-elector} - Received PrimitiveEvent{type=change, value=byte[]{length=62, hash=199255405}}
00:17:00.215 [atomix-system-7] TRACE i.a.p.b.impl.PrimaryBackupSession - PrimaryBackupSession{system-partition-1}{session=4332313565502807635} - Sending PrimitiveEvent{type=change, value=byte[]{length=62, hash=-420844957}} to 3
00:17:00.215 [atomix-system-7] TRACE i.a.p.b.impl.PrimaryBackupSession - PrimaryBackupSession{system-partition-1}{session=4822208371359517296} - Sending PrimitiveEvent{type=change, value=byte[]{length=62, hash=-420844957}} to 1
00:17:00.215 [atomix-system-6] TRACE i.a.p.b.s.PrimaryBackupSessionClient - SessionClient{system-partition-1}{type=PRIMARY_ELECTOR, name=atomix-primary-elector} - Received PrimitiveEvent{type=change, value=byte[]{length=62, hash=-420844957}}
00:17:00.215 [atomix-system-4] TRACE i.a.p.b.s.PrimaryBackupSessionClient - SessionClient{system-partition-1}{type=PRIMARY_ELECTOR, name=atomix-primary-elector} - Received PrimitiveEvent{type=change, value=byte[]{length=62, hash=-420844957}}
00:17:00.215 [atomix-system-7] TRACE i.a.p.b.impl.PrimaryBackupSession - PrimaryBackupSession{system-partition-1}{session=4332313565502807635} - Sending PrimitiveEvent{type=change, value=byte[]{length=62, hash=-2118092637}} to 3
00:17:00.216 [atomix-system-15] TRACE i.a.p.b.s.PrimaryBackupSessionClient - SessionClient{system-partition-1}{type=PRIMARY_ELECTOR, name=atomix-primary-elector} - Received PrimitiveEvent{type=change, value=byte[]{length=62, hash=-2118092637}}
00:17:00.216 [atomix-system-7] TRACE i.a.p.b.impl.PrimaryBackupSession - PrimaryBackupSession{system-partition-1}{session=4822208371359517296} - Sending PrimitiveEvent{type=change, value=byte[]{length=62, hash=-2118092637}} to 1
00:17:00.216 [atomix-system-5] TRACE i.a.p.b.s.PrimaryBackupSessionClient - SessionClient{system-partition-1}{type=PRIMARY_ELECTOR, name=atomix-primary-elector} - Received PrimitiveEvent{type=change, value=byte[]{length=62, hash=-2118092637}}
00:17:00.216 [atomix-system-7] TRACE i.a.p.backup.roles.PrimaryRole - PrimaryRole{system-partition-1}{role=PRIMARY} - Received RestoreRequest{primitive=PrimitiveDescriptor{name=atomix-primary-elector, type=PRIMARY_ELECTOR, backups=1, replication=ASYNCHRONOUS}, term=12}
00:17:00.217 [netty-messaging-event-epoll-client-9] DEBUG i.a.p.b.s.i.PrimaryBackupServiceContext - PrimitiveService{system-partition-1}{type=consistent-map, name=primitives} - Term changed: PrimaryTerm{term=1, primary=GroupMember{memberId=3, groupId=3}, candidates=[GroupMember{memberId=1, groupId=1}]}
00:17:00.217 [netty-messaging-event-epoll-client-9] DEBUG i.a.p.b.s.i.PrimaryBackupServiceContext - PrimitiveService{system-partition-1}{type=consistent-map, name=primitives} - 1 transitioning to BACKUP
00:17:00.218 [atomix-system-7] TRACE i.a.p.backup.roles.PrimaryRole - PrimaryRole{system-partition-1}{role=PRIMARY} - Sending RestoreResponse{status=OK, index=186, timestamp=1528669020183, data=byte[]{length=5119, hash=647510718}}
00:17:00.219 [atomix-system-9] TRACE i.a.p.backup.roles.BackupRole - BackupRole{system-partition-1}{role=BACKUP} - Received BackupRequest{primary=3, term=12, index=2, primitive=PrimitiveDescriptor{name=primitives, type=consistent-map, backups=2, replication=SYNCHRONOUS}, operations=[ExecuteOperation{index=47, timestamp=1528669020210, session=1938042748411775896, node=1, operation=PrimitiveOperation{id=DefaultOperationId{id=putIfAbsentWithTtl, type=COMMAND}, value=byte[]{length=45, hash=-655357269}}}]}
00:17:00.219 [atomix-system-9] TRACE i.a.p.backup.roles.BackupRole - BackupRole{system-partition-1}{role=BACKUP} - Sending BackupResponse{status=OK}
00:17:00.221 [atomix-system-2] TRACE i.a.p.backup.roles.PrimaryRole - PrimaryRole{system-partition-1}{role=PRIMARY} - Received RestoreRequest{primitive=PrimitiveDescriptor{name=primitives, type=consistent-map, backups=2, replication=SYNCHRONOUS}, term=12}
00:17:00.221 [atomix-system-2] TRACE i.a.p.backup.roles.PrimaryRole - PrimaryRole{system-partition-1}{role=PRIMARY} - Sending RestoreResponse{status=OK, index=1, timestamp=1528669019484, data=byte[]{length=116, hash=2101233216}}
00:17:00.221 [atomix-system-2] TRACE i.a.p.backup.roles.PrimaryRole - PrimaryRole{system-partition-1}{role=PRIMARY} - Received BackupResponse{status=OK} from 1
00:17:00.396 [main] WARN  i.a.c.m.impl.NettyMessagingService - Disabling TLS for intra-cluster messaging; Could not load cluster key store: ../config/atomix.jks (No such file or directory)
00:17:00.397 [netty-messaging-event-epoll-server-0] INFO  i.a.c.m.impl.NettyMessagingService - localhost/127.0.0.1 accepting incoming connections on port 5002
00:17:00.397 [netty-messaging-event-epoll-server-0] INFO  i.a.c.m.impl.NettyMessagingService - Started
00:17:00.398 [atomix-cluster-0] INFO  i.a.c.i.DefaultClusterMembershipService - 2 - Member activated: StatefulMember{id=2, address=localhost:5002, metadata={}}
00:17:00.398 [atomix-cluster-0] INFO  i.a.c.i.DefaultClusterMembershipService - 2 - Member activated: StatefulMember{id=1, address=localhost:5001, metadata={}}
00:17:00.399 [atomix-cluster-0] INFO  i.a.c.i.DefaultClusterMembershipService - 2 - Member activated: StatefulMember{id=3, address=localhost:5003, metadata={}}
00:17:00.402 [netty-messaging-event-epoll-client-0] INFO  i.a.c.i.DefaultClusterMembershipService - Started
00:17:00.402 [atomix-cluster-0] INFO  i.a.c.m.i.DefaultClusterCommunicationService - Started
00:17:00.402 [atomix-cluster-0] INFO  i.a.c.m.i.DefaultClusterEventService - Started
00:17:00.409 [atomix-partition-group-membership-service-0] DEBUG i.a.p.b.s.i.PrimaryBackupServiceContext - PrimitiveService{system-partition-1}{type=PRIMARY_ELECTOR, name=atomix-primary-elector} - Term changed: PrimaryTerm{term=13, primary=GroupMember{memberId=3, groupId=3}, candidates=[GroupMember{memberId=1, groupId=1}, GroupMember{memberId=2, groupId=2}]}
00:17:00.409 [atomix-partition-group-membership-service-0] DEBUG i.a.p.b.s.i.PrimaryBackupServiceContext - PrimitiveService{system-partition-1}{type=consistent-map, name=primitives} - Term changed: PrimaryTerm{term=13, primary=GroupMember{memberId=3, groupId=3}, candidates=[GroupMember{memberId=1, groupId=1}, GroupMember{memberId=2, groupId=2}]}
00:17:00.409 [primary-election-0] DEBUG i.a.p.b.s.i.PrimaryBackupServiceContext - PrimitiveService{system-partition-1}{type=PRIMARY_ELECTOR, name=atomix-primary-elector} - Term changed: PrimaryTerm{term=13, primary=GroupMember{memberId=3, groupId=3}, candidates=[GroupMember{memberId=1, groupId=1}]}
00:17:00.409 [primary-election-0] DEBUG i.a.p.b.s.i.PrimaryBackupServiceContext - PrimitiveService{system-partition-1}{type=consistent-map, name=primitives} - Term changed: PrimaryTerm{term=13, primary=GroupMember{memberId=3, groupId=3}, candidates=[GroupMember{memberId=1, groupId=1}]}
00:17:00.410 [atomix-partition-group-membership-service-0] DEBUG i.a.p.b.s.i.PrimaryBackupServiceContext - PrimitiveService{system-partition-1}{type=PRIMARY_ELECTOR, name=atomix-primary-elector} - Term changed: PrimaryTerm{term=14, primary=GroupMember{memberId=3, groupId=3}, candidates=[GroupMember{memberId=1, groupId=1}, GroupMember{memberId=2, groupId=2}]}
00:17:00.410 [atomix-partition-group-membership-service-0] DEBUG i.a.p.b.s.i.PrimaryBackupServiceContext - PrimitiveService{system-partition-1}{type=consistent-map, name=primitives} - Term changed: PrimaryTerm{term=14, primary=GroupMember{memberId=3, groupId=3}, candidates=[GroupMember{memberId=1, groupId=1}, GroupMember{memberId=2, groupId=2}]}
00:17:00.413 [primary-election-0] DEBUG i.a.p.b.s.i.PrimaryBackupServiceContext - PrimitiveService{system-partition-1}{type=PRIMARY_ELECTOR, name=atomix-primary-elector} - Term changed: PrimaryTerm{term=14, primary=GroupMember{memberId=3, groupId=3}, candidates=[GroupMember{memberId=1, groupId=1}, GroupMember{memberId=2, groupId=2}]}
00:17:00.413 [primary-election-0] DEBUG i.a.p.b.s.i.PrimaryBackupServiceContext - PrimitiveService{system-partition-1}{type=consistent-map, name=primitives} - Term changed: PrimaryTerm{term=14, primary=GroupMember{memberId=3, groupId=3}, candidates=[GroupMember{memberId=1, groupId=1}, GroupMember{memberId=2, groupId=2}]}
00:17:00.414 [atomix-system-3] TRACE i.a.p.backup.roles.PrimaryRole - PrimaryRole{system-partition-1}{role=PRIMARY} - Sending BackupRequest{primary=3, term=14, index=186, primitive=PrimitiveDescriptor{name=atomix-primary-elector, type=PRIMARY_ELECTOR, backups=1, replication=ASYNCHRONOUS}, operations=[HeartbeatOperation{index=187, timestamp=1528669020413}]} to 1
00:17:00.415 [atomix-system-4] TRACE i.a.p.backup.roles.BackupRole - BackupRole{system-partition-1}{role=BACKUP} - Received BackupRequest{primary=3, term=14, index=186, primitive=PrimitiveDescriptor{name=atomix-primary-elector, type=PRIMARY_ELECTOR, backups=1, replication=ASYNCHRONOUS}, operations=[HeartbeatOperation{index=187, timestamp=1528669020413}]}
00:17:00.415 [atomix-system-4] TRACE i.a.p.backup.roles.BackupRole - BackupRole{system-partition-1}{role=BACKUP} - Sending BackupResponse{status=OK}
00:17:00.416 [atomix-partition-group-membership-service-0] INFO  i.a.p.p.i.DefaultPartitionGroupMembershipService - Started
00:17:00.416 [atomix-partition-group-membership-service-0] INFO  i.a.p.p.i.HashBasedPrimaryElectionService - Started
00:17:00.428 [atomix-partition-group-membership-service-0] INFO  i.a.p.b.p.i.PrimaryBackupPartitionServer - Successfully started server for PartitionId{id=1, group=system}
00:17:00.428 [atomix-partition-group-membership-service-0] INFO  i.a.p.b.p.i.PrimaryBackupPartitionClient - Successfully started client for PartitionId{id=1, group=system}
00:17:00.428 [atomix-partition-group-membership-service-0] INFO  i.a.p.b.p.PrimaryBackupPartitionGroup - Started
00:17:00.437 [atomix-system-2] TRACE i.a.p.b.s.PrimaryBackupSessionClient - SessionClient{system-partition-1}{type=PRIMARY_ELECTOR, name=atomix-primary-elector} - Sending ExecuteRequest{session=2917001958600377164, node=2, primitive=PrimitiveDescriptor{name=atomix-primary-elector, type=PRIMARY_ELECTOR, backups=1, replication=ASYNCHRONOUS}, operation=PrimitiveOperation{id=DefaultOperationId{id=ENTER, type=COMMAND}, value=byte[]{length=28, hash=-31316474}}} to GroupMember{memberId=3, groupId=3}
00:17:00.437 [atomix-system-2] TRACE i.a.p.b.s.PrimaryBackupSessionClient - SessionClient{system-partition-1}{type=PRIMARY_ELECTOR, name=atomix-primary-elector} - Sending ExecuteRequest{session=2917001958600377164, node=2, primitive=PrimitiveDescriptor{name=atomix-primary-elector, type=PRIMARY_ELECTOR, backups=1, replication=ASYNCHRONOUS}, operation=PrimitiveOperation{id=DefaultOperationId{id=ENTER, type=COMMAND}, value=byte[]{length=28, hash=-31316532}}} to GroupMember{memberId=3, groupId=3}
00:17:00.437 [atomix-system-2] TRACE i.a.p.b.s.PrimaryBackupSessionClient - SessionClient{system-partition-1}{type=PRIMARY_ELECTOR, name=atomix-primary-elector} - Sending ExecuteRequest{session=2917001958600377164, node=2, primitive=PrimitiveDescriptor{name=atomix-primary-elector, type=PRIMARY_ELECTOR, backups=1, replication=ASYNCHRONOUS}, operation=PrimitiveOperation{id=DefaultOperationId{id=ENTER, type=COMMAND}, value=byte[]{length=29, hash=-970818381}}} to GroupMember{memberId=3, groupId=3}
00:17:00.437 [atomix-system-2] TRACE i.a.p.b.s.PrimaryBackupSessionClient - SessionClient{system-partition-1}{type=PRIMARY_ELECTOR, name=atomix-primary-elector} - Sending ExecuteRequest{session=2917001958600377164, node=2, primitive=PrimitiveDescriptor{name=atomix-primary-elector, type=PRIMARY_ELECTOR, backups=1, replication=ASYNCHRONOUS}, operation=PrimitiveOperation{id=DefaultOperationId{id=ENTER, type=COMMAND}, value=byte[]{length=28, hash=-31316524}}} to GroupMember{memberId=3, groupId=3}
00:17:00.438 [atomix-system-2] TRACE i.a.p.b.s.PrimaryBackupSessionClient - SessionClient{system-partition-1}{type=PRIMARY_ELECTOR, name=atomix-primary-elector} - Sending ExecuteRequest{session=2917001958600377164, node=2, primitive=PrimitiveDescriptor{name=atomix-primary-elector, type=PRIMARY_ELECTOR, backups=1, replication=ASYNCHRONOUS}, operation=PrimitiveOperation{id=DefaultOperationId{id=ENTER, type=COMMAND}, value=byte[]{length=28, hash=-31316590}}} to GroupMember{memberId=3, groupId=3}
00:17:00.438 [atomix-system-2] TRACE i.a.p.b.s.PrimaryBackupSessionClient - SessionClient{system-partition-1}{type=PRIMARY_ELECTOR, name=atomix-primary-elector} - Sending ExecuteRequest{session=2917001958600377164, node=2, primitive=PrimitiveDescriptor{name=atomix-primary-elector, type=PRIMARY_ELECTOR, backups=1, replication=ASYNCHRONOUS}, operation=PrimitiveOperation{id=DefaultOperationId{id=ENTER, type=COMMAND}, value=byte[]{length=29, hash=-970818133}}} to GroupMember{memberId=3, groupId=3}
00:17:00.438 [atomix-system-2] TRACE i.a.p.b.s.PrimaryBackupSessionClient - SessionClient{system-partition-1}{type=PRIMARY_ELECTOR, name=atomix-primary-elector} - Sending ExecuteRequest{session=2917001958600377164, node=2, primitive=PrimitiveDescriptor{name=atomix-primary-elector, type=PRIMARY_ELECTOR, backups=1, replication=ASYNCHRONOUS}, operation=PrimitiveOperation{id=DefaultOperationId{id=ENTER, type=COMMAND}, value=byte[]{length=28, hash=-31316516}}} to GroupMember{memberId=3, groupId=3}
00:17:00.438 [atomix-system-2] TRACE i.a.p.b.s.PrimaryBackupSessionClient - SessionClient{system-partition-1}{type=PRIMARY_ELECTOR, name=atomix-primary-elector} - Sending ExecuteRequest{session=2917001958600377164, node=2, primitive=PrimitiveDescriptor{name=atomix-primary-elector, type=PRIMARY_ELECTOR, backups=1, replication=ASYNCHRONOUS}, operation=PrimitiveOperation{id=DefaultOperationId{id=ENTER, type=COMMAND}, value=byte[]{length=28, hash=-31316582}}} to GroupMember{memberId=3, groupId=3}
00:17:00.438 [atomix-system-2] TRACE i.a.p.b.s.PrimaryBackupSessionClient - SessionClient{system-partition-1}{type=PRIMARY_ELECTOR, name=atomix-primary-elector} - Sending ExecuteRequest{session=2917001958600377164, node=2, primitive=PrimitiveDescriptor{name=atomix-primary-elector, type=PRIMARY_ELECTOR, backups=1, replication=ASYNCHRONOUS}, operation=PrimitiveOperation{id=DefaultOperationId{id=ENTER, type=COMMAND}, value=byte[]{length=28, hash=-31316508}}} to GroupMember{memberId=3, groupId=3}
00:17:00.438 [atomix-system-2] TRACE i.a.p.b.s.PrimaryBackupSessionClient - SessionClient{system-partition-1}{type=PRIMARY_ELECTOR, name=atomix-primary-elector} - Sending ExecuteRequest{session=2917001958600377164, node=2, primitive=PrimitiveDescriptor{name=atomix-primary-elector, type=PRIMARY_ELECTOR, backups=1, replication=ASYNCHRONOUS}, operation=PrimitiveOperation{id=DefaultOperationId{id=ENTER, type=COMMAND}, value=byte[]{length=28, hash=-31316574}}} to GroupMember{memberId=3, groupId=3}
00:17:00.438 [atomix-system-2] TRACE i.a.p.b.s.PrimaryBackupSessionClient - SessionClient{system-partition-1}{type=PRIMARY_ELECTOR, name=atomix-primary-elector} - Sending ExecuteRequest{session=2917001958600377164, node=2, primitive=PrimitiveDescriptor{name=atomix-primary-elector, type=PRIMARY_ELECTOR, backups=1, replication=ASYNCHRONOUS}, operation=PrimitiveOperation{id=DefaultOperationId{id=ENTER, type=COMMAND}, value=byte[]{length=28, hash=-31316506}}} to GroupMember{memberId=3, groupId=3}
00:17:00.438 [atomix-system-2] TRACE i.a.p.b.s.PrimaryBackupSessionClient - SessionClient{system-partition-1}{type=PRIMARY_ELECTOR, name=atomix-primary-elector} - Sending ExecuteRequest{session=2917001958600377164, node=2, primitive=PrimitiveDescriptor{name=atomix-primary-elector, type=PRIMARY_ELECTOR, backups=1, replication=ASYNCHRONOUS}, operation=PrimitiveOperation{id=DefaultOperationId{id=ENTER, type=COMMAND}, value=byte[]{length=28, hash=-31316564}}} to GroupMember{memberId=3, groupId=3}
00:17:00.439 [atomix-system-2] TRACE i.a.p.b.s.PrimaryBackupSessionClient - SessionClient{system-partition-1}{type=PRIMARY_ELECTOR, name=atomix-primary-elector} - Sending ExecuteRequest{session=2917001958600377164, node=2, primitive=PrimitiveDescriptor{name=atomix-primary-elector, type=PRIMARY_ELECTOR, backups=1, replication=ASYNCHRONOUS}, operation=PrimitiveOperation{id=DefaultOperationId{id=ENTER, type=COMMAND}, value=byte[]{length=28, hash=-31316498}}} to GroupMember{memberId=3, groupId=3}
00:17:00.439 [atomix-system-2] TRACE i.a.p.b.s.PrimaryBackupSessionClient - SessionClient{system-partition-1}{type=PRIMARY_ELECTOR, name=atomix-primary-elector} - Sending ExecuteRequest{session=2917001958600377164, node=2, primitive=PrimitiveDescriptor{name=atomix-primary-elector, type=PRIMARY_ELECTOR, backups=1, replication=ASYNCHRONOUS}, operation=PrimitiveOperation{id=DefaultOperationId{id=ENTER, type=COMMAND}, value=byte[]{length=28, hash=-31316556}}} to GroupMember{memberId=3, groupId=3}
00:17:00.439 [atomix-system-2] TRACE i.a.p.b.s.PrimaryBackupSessionClient - SessionClient{system-partition-1}{type=PRIMARY_ELECTOR, name=atomix-primary-elector} - Sending ExecuteRequest{session=2917001958600377164, node=2, primitive=PrimitiveDescriptor{name=atomix-primary-elector, type=PRIMARY_ELECTOR, backups=1, replication=ASYNCHRONOUS}, operation=PrimitiveOperation{id=DefaultOperationId{id=ENTER, type=COMMAND}, value=byte[]{length=28, hash=-31316490}}} to GroupMember{memberId=3, groupId=3}
00:17:00.439 [atomix-system-2] TRACE i.a.p.b.s.PrimaryBackupSessionClient - SessionClient{system-partition-1}{type=PRIMARY_ELECTOR, name=atomix-primary-elector} - Sending ExecuteRequest{session=2917001958600377164, node=2, primitive=PrimitiveDescriptor{name=atomix-primary-elector, type=PRIMARY_ELECTOR, backups=1, replication=ASYNCHRONOUS}, operation=PrimitiveOperation{id=DefaultOperationId{id=ENTER, type=COMMAND}, value=byte[]{length=28, hash=-31316548}}} to GroupMember{memberId=3, groupId=3}
00:17:00.439 [atomix-system-2] TRACE i.a.p.b.s.PrimaryBackupSessionClient - SessionClient{system-partition-1}{type=PRIMARY_ELECTOR, name=atomix-primary-elector} - Sending ExecuteRequest{session=2917001958600377164, node=2, primitive=PrimitiveDescriptor{name=atomix-primary-elector, type=PRIMARY_ELECTOR, backups=1, replication=ASYNCHRONOUS}, operation=PrimitiveOperation{id=DefaultOperationId{id=ENTER, type=COMMAND}, value=byte[]{length=28, hash=-31316482}}} to GroupMember{memberId=3, groupId=3}
00:17:00.439 [atomix-system-2] TRACE i.a.p.b.s.PrimaryBackupSessionClient - SessionClient{system-partition-1}{type=PRIMARY_ELECTOR, name=atomix-primary-elector} - Sending ExecuteRequest{session=2917001958600377164, node=2, primitive=PrimitiveDescriptor{name=atomix-primary-elector, type=PRIMARY_ELECTOR, backups=1, replication=ASYNCHRONOUS}, operation=PrimitiveOperation{id=DefaultOperationId{id=ENTER, type=COMMAND}, value=byte[]{length=28, hash=-31316540}}} to GroupMember{memberId=3, groupId=3}
00:17:00.439 [atomix-system-2] TRACE i.a.p.b.s.PrimaryBackupSessionClient - SessionClient{system-partition-1}{type=PRIMARY_ELECTOR, name=atomix-primary-elector} - Sending ExecuteRequest{session=2917001958600377164, node=2, primitive=PrimitiveDescriptor{name=atomix-primary-elector, type=PRIMARY_ELECTOR, backups=1, replication=ASYNCHRONOUS}, operation=PrimitiveOperation{id=DefaultOperationId{id=ENTER, type=COMMAND}, value=byte[]{length=28, hash=-31316468}}} to GroupMember{memberId=3, groupId=3}
00:17:00.440 [atomix-system-9] TRACE i.a.p.backup.roles.PrimaryRole - PrimaryRole{system-partition-1}{role=PRIMARY} - Received ExecuteRequest{session=2917001958600377164, node=2, primitive=PrimitiveDescriptor{name=atomix-primary-elector, type=PRIMARY_ELECTOR, backups=1, replication=ASYNCHRONOUS}, operation=PrimitiveOperation{id=DefaultOperationId{id=ENTER, type=COMMAND}, value=byte[]{length=29, hash=-970818381}}}
00:17:00.440 [atomix-system-2] TRACE i.a.p.b.s.PrimaryBackupSessionClient - SessionClient{system-partition-1}{type=PRIMARY_ELECTOR, name=atomix-primary-elector} - Sending ExecuteRequest{session=2917001958600377164, node=2, primitive=PrimitiveDescriptor{name=atomix-primary-elector, type=PRIMARY_ELECTOR, backups=1, replication=ASYNCHRONOUS}, operation=PrimitiveOperation{id=DefaultOperationId{id=ENTER, type=COMMAND}, value=byte[]{length=28, hash=-31316534}}} to GroupMember{memberId=3, groupId=3}
00:17:00.440 [atomix-system-2] TRACE i.a.p.b.s.PrimaryBackupSessionClient - SessionClient{system-partition-1}{type=PRIMARY_ELECTOR, name=atomix-primary-elector} - Sending ExecuteRequest{session=2917001958600377164, node=2, primitive=PrimitiveDescriptor{name=atomix-primary-elector, type=PRIMARY_ELECTOR, backups=1, replication=ASYNCHRONOUS}, operation=PrimitiveOperation{id=DefaultOperationId{id=ENTER, type=COMMAND}, value=byte[]{length=28, hash=-31316592}}} to GroupMember{memberId=3, groupId=3}
00:17:00.440 [atomix-system-2] TRACE i.a.p.b.s.PrimaryBackupSessionClient - SessionClient{system-partition-1}{type=PRIMARY_ELECTOR, name=atomix-primary-elector} - Sending ExecuteRequest{session=2917001958600377164, node=2, primitive=PrimitiveDescriptor{name=atomix-primary-elector, type=PRIMARY_ELECTOR, backups=1, replication=ASYNCHRONOUS}, operation=PrimitiveOperation{id=DefaultOperationId{id=ENTER, type=COMMAND}, value=byte[]{length=29, hash=-970818195}}} to GroupMember{memberId=3, groupId=3}
00:17:00.440 [atomix-system-2] TRACE i.a.p.b.s.PrimaryBackupSessionClient - SessionClient{system-partition-1}{type=PRIMARY_ELECTOR, name=atomix-primary-elector} - Sending ExecuteRequest{session=2917001958600377164, node=2, primitive=PrimitiveDescriptor{name=atomix-primary-elector, type=PRIMARY_ELECTOR, backups=1, replication=ASYNCHRONOUS}, operation=PrimitiveOperation{id=DefaultOperationId{id=ENTER, type=COMMAND}, value=byte[]{length=28, hash=-31316526}}} to GroupMember{memberId=3, groupId=3}
00:17:00.440 [atomix-system-2] TRACE i.a.p.b.s.PrimaryBackupSessionClient - SessionClient{system-partition-1}{type=PRIMARY_ELECTOR, name=atomix-primary-elector} - Sending ExecuteRequest{session=2917001958600377164, node=2, primitive=PrimitiveDescriptor{name=atomix-primary-elector, type=PRIMARY_ELECTOR, backups=1, replication=ASYNCHRONOUS}, operation=PrimitiveOperation{id=DefaultOperationId{id=ENTER, type=COMMAND}, value=byte[]{length=28, hash=-31316584}}} to GroupMember{memberId=3, groupId=3}
00:17:00.440 [atomix-system-2] TRACE i.a.p.b.s.PrimaryBackupSessionClient - SessionClient{system-partition-1}{type=PRIMARY_ELECTOR, name=atomix-primary-elector} - Sending ExecuteRequest{session=2917001958600377164, node=2, primitive=PrimitiveDescriptor{name=atomix-primary-elector, type=PRIMARY_ELECTOR, backups=1, replication=ASYNCHRONOUS}, operation=PrimitiveOperation{id=DefaultOperationId{id=ENTER, type=COMMAND}, value=byte[]{length=29, hash=-970817947}}} to GroupMember{memberId=3, groupId=3}
00:17:00.440 [atomix-system-9] TRACE i.a.p.backup.roles.PrimaryRole - PrimaryRole{system-partition-1}{role=PRIMARY} - Sending ExecuteResponse{status=OK, result=byte[]{length=25, hash=166390473}}
00:17:00.440 [atomix-system-2] TRACE i.a.p.b.s.PrimaryBackupSessionClient - SessionClient{system-partition-1}{type=PRIMARY_ELECTOR, name=atomix-primary-elector} - Sending ExecuteRequest{session=2917001958600377164, node=2, primitive=PrimitiveDescriptor{name=atomix-primary-elector, type=PRIMARY_ELECTOR, backups=1, replication=ASYNCHRONOUS}, operation=PrimitiveOperation{id=DefaultOperationId{id=ENTER, type=COMMAND}, value=byte[]{length=28, hash=-31316518}}} to GroupMember{memberId=3, groupId=3}
00:17:00.440 [atomix-system-9] TRACE i.a.p.backup.roles.PrimaryRole - PrimaryRole{system-partition-1}{role=PRIMARY} - Received ExecuteRequest{session=2917001958600377164, node=2, primitive=PrimitiveDescriptor{name=atomix-primary-elector, type=PRIMARY_ELECTOR, backups=1, replication=ASYNCHRONOUS}, operation=PrimitiveOperation{id=DefaultOperationId{id=ENTER, type=COMMAND}, value=byte[]{length=28, hash=-31316532}}}
00:17:00.440 [atomix-system-2] TRACE i.a.p.b.s.PrimaryBackupSessionClient - SessionClient{system-partition-1}{type=PRIMARY_ELECTOR, name=atomix-primary-elector} - Sending ExecuteRequest{session=2917001958600377164, node=2, primitive=PrimitiveDescriptor{name=atomix-primary-elector, type=PRIMARY_ELECTOR, backups=1, replication=ASYNCHRONOUS}, operation=PrimitiveOperation{id=DefaultOperationId{id=ENTER, type=COMMAND}, value=byte[]{length=28, hash=-31316576}}} to GroupMember{memberId=3, groupId=3}
00:17:00.440 [atomix-system-2] TRACE i.a.p.b.s.PrimaryBackupSessionClient - SessionClient{system-partition-1}{type=PRIMARY_ELECTOR, name=atomix-primary-elector} - Sending ExecuteRequest{session=2917001958600377164, node=2, primitive=PrimitiveDescriptor{name=atomix-primary-elector, type=PRIMARY_ELECTOR, backups=1, replication=ASYNCHRONOUS}, operation=PrimitiveOperation{id=DefaultOperationId{id=ENTER, type=COMMAND}, value=byte[]{length=28, hash=-31316510}}} to GroupMember{memberId=3, groupId=3}
00:17:00.440 [atomix-system-2] TRACE i.a.p.b.s.PrimaryBackupSessionClient - SessionClient{system-partition-1}{type=PRIMARY_ELECTOR, name=atomix-primary-elector} - Sending ExecuteRequest{session=2917001958600377164, node=2, primitive=PrimitiveDescriptor{name=atomix-primary-elector, type=PRIMARY_ELECTOR, backups=1, replication=ASYNCHRONOUS}, operation=PrimitiveOperation{id=DefaultOperationId{id=ENTER, type=COMMAND}, value=byte[]{length=28, hash=-31316500}}} to GroupMember{memberId=3, groupId=3}
00:17:00.440 [atomix-system-2] TRACE i.a.p.b.s.PrimaryBackupSessionClient - SessionClient{system-partition-1}{type=PRIMARY_ELECTOR, name=atomix-primary-elector} - Sending ExecuteRequest{session=2917001958600377164, node=2, primitive=PrimitiveDescriptor{name=atomix-primary-elector, type=PRIMARY_ELECTOR, backups=1, replication=ASYNCHRONOUS}, operation=PrimitiveOperation{id=DefaultOperationId{id=ENTER, type=COMMAND}, value=byte[]{length=28, hash=-31316566}}} to GroupMember{memberId=3, groupId=3}
00:17:00.440 [atomix-system-9] TRACE i.a.p.backup.roles.PrimaryRole - PrimaryRole{system-partition-1}{role=PRIMARY} - Sending ExecuteResponse{status=OK, result=byte[]{length=25, hash=166390473}}
00:17:00.440 [atomix-system-2] TRACE i.a.p.b.s.PrimaryBackupSessionClient - SessionClient{system-partition-1}{type=PRIMARY_ELECTOR, name=atomix-primary-elector} - Sending ExecuteRequest{session=2917001958600377164, node=2, primitive=PrimitiveDescriptor{name=atomix-primary-elector, type=PRIMARY_ELECTOR, backups=1, replication=ASYNCHRONOUS}, operation=PrimitiveOperation{id=DefaultOperationId{id=ENTER, type=COMMAND}, value=byte[]{length=28, hash=-31316492}}} to GroupMember{memberId=3, groupId=3}
00:17:00.441 [atomix-system-9] TRACE i.a.p.backup.roles.PrimaryRole - PrimaryRole{system-partition-1}{role=PRIMARY} - Received ExecuteRequest{session=2917001958600377164, node=2, primitive=PrimitiveDescriptor{name=atomix-primary-elector, type=PRIMARY_ELECTOR, backups=1, replication=ASYNCHRONOUS}, operation=PrimitiveOperation{id=DefaultOperationId{id=ENTER, type=COMMAND}, value=byte[]{length=28, hash=-31316474}}}
00:17:00.441 [atomix-system-2] TRACE i.a.p.b.s.PrimaryBackupSessionClient - SessionClient{system-partition-1}{type=PRIMARY_ELECTOR, name=atomix-primary-elector} - Sending ExecuteRequest{session=2917001958600377164, node=2, primitive=PrimitiveDescriptor{name=atomix-primary-elector, type=PRIMARY_ELECTOR, backups=1, replication=ASYNCHRONOUS}, operation=PrimitiveOperation{id=DefaultOperationId{id=ENTER, type=COMMAND}, value=byte[]{length=28, hash=-31316558}}} to GroupMember{memberId=3, groupId=3}
00:17:00.441 [atomix-system-2] TRACE i.a.p.b.s.PrimaryBackupSessionClient - SessionClient{system-partition-1}{type=PRIMARY_ELECTOR, name=atomix-primary-elector} - Sending ExecuteRequest{session=2917001958600377164, node=2, primitive=PrimitiveDescriptor{name=atomix-primary-elector, type=PRIMARY_ELECTOR, backups=1, replication=ASYNCHRONOUS}, operation=PrimitiveOperation{id=DefaultOperationId{id=ENTER, type=COMMAND}, value=byte[]{length=28, hash=-31316484}}} to GroupMember{memberId=3, groupId=3}
00:17:00.441 [atomix-system-2] TRACE i.a.p.b.s.PrimaryBackupSessionClient - SessionClient{system-partition-1}{type=PRIMARY_ELECTOR, name=atomix-primary-elector} - Sending ExecuteRequest{session=2917001958600377164, node=2, primitive=PrimitiveDescriptor{name=atomix-primary-elector, type=PRIMARY_ELECTOR, backups=1, replication=ASYNCHRONOUS}, operation=PrimitiveOperation{id=DefaultOperationId{id=ENTER, type=COMMAND}, value=byte[]{length=28, hash=-31316550}}} to GroupMember{memberId=3, groupId=3}
00:17:00.441 [atomix-system-2] TRACE i.a.p.b.s.PrimaryBackupSessionClient - SessionClient{system-partition-1}{type=PRIMARY_ELECTOR, name=atomix-primary-elector} - Sending ExecuteRequest{session=2917001958600377164, node=2, primitive=PrimitiveDescriptor{name=atomix-primary-elector, type=PRIMARY_ELECTOR, backups=1, replication=ASYNCHRONOUS}, operation=PrimitiveOperation{id=DefaultOperationId{id=ENTER, type=COMMAND}, value=byte[]{length=28, hash=-31316476}}} to GroupMember{memberId=3, groupId=3}
00:17:00.441 [atomix-system-9] TRACE i.a.p.backup.roles.PrimaryRole - PrimaryRole{system-partition-1}{role=PRIMARY} - Sending ExecuteResponse{status=OK, result=byte[]{length=25, hash=166390473}}
00:17:00.441 [atomix-system-2] TRACE i.a.p.b.s.PrimaryBackupSessionClient - SessionClient{system-partition-1}{type=PRIMARY_ELECTOR, name=atomix-primary-elector} - Sending ExecuteRequest{session=2917001958600377164, node=2, primitive=PrimitiveDescriptor{name=atomix-primary-elector, type=PRIMARY_ELECTOR, backups=1, replication=ASYNCHRONOUS}, operation=PrimitiveOperation{id=DefaultOperationId{id=ENTER, type=COMMAND}, value=byte[]{length=28, hash=-31316542}}} to GroupMember{memberId=3, groupId=3}
00:17:00.441 [atomix-system-9] TRACE i.a.p.backup.roles.PrimaryRole - PrimaryRole{system-partition-1}{role=PRIMARY} - Received ExecuteRequest{session=2917001958600377164, node=2, primitive=PrimitiveDescriptor{name=atomix-primary-elector, type=PRIMARY_ELECTOR, backups=1, replication=ASYNCHRONOUS}, operation=PrimitiveOperation{id=DefaultOperationId{id=ENTER, type=COMMAND}, value=byte[]{length=28, hash=-31316524}}}
00:17:00.441 [atomix-system-2] TRACE i.a.p.b.s.PrimaryBackupSessionClient - SessionClient{system-partition-1}{type=PRIMARY_ELECTOR, name=atomix-primary-elector} - Sending ExecuteRequest{session=2917001958600377164, node=2, primitive=PrimitiveDescriptor{name=atomix-primary-elector, type=PRIMARY_ELECTOR, backups=1, replication=ASYNCHRONOUS}, operation=PrimitiveOperation{id=DefaultOperationId{id=ENTER, type=COMMAND}, value=byte[]{length=28, hash=-31316536}}} to GroupMember{memberId=3, groupId=3}
00:17:00.441 [atomix-system-2] TRACE i.a.p.b.s.PrimaryBackupSessionClient - SessionClient{system-partition-1}{type=PRIMARY_ELECTOR, name=atomix-primary-elector} - Sending ExecuteRequest{session=2917001958600377164, node=2, primitive=PrimitiveDescriptor{name=atomix-primary-elector, type=PRIMARY_ELECTOR, backups=1, replication=ASYNCHRONOUS}, operation=PrimitiveOperation{id=DefaultOperationId{id=ENTER, type=COMMAND}, value=byte[]{length=28, hash=-31316470}}} to GroupMember{memberId=3, groupId=3}
00:17:00.441 [atomix-system-2] TRACE i.a.p.b.s.PrimaryBackupSessionClient - SessionClient{system-partition-1}{type=PRIMARY_ELECTOR, name=atomix-primary-elector} - Sending ExecuteRequest{session=2917001958600377164, node=2, primitive=PrimitiveDescriptor{name=atomix-primary-elector, type=PRIMARY_ELECTOR, backups=1, replication=ASYNCHRONOUS}, operation=PrimitiveOperation{id=DefaultOperationId{id=ENTER, type=COMMAND}, value=byte[]{length=28, hash=-31316528}}} to GroupMember{memberId=3, groupId=3}
00:17:00.441 [atomix-system-9] TRACE i.a.p.backup.roles.PrimaryRole - PrimaryRole{system-partition-1}{role=PRIMARY} - Sending ExecuteResponse{status=OK, result=byte[]{length=25, hash=166390473}}
00:17:00.441 [atomix-system-2] TRACE i.a.p.b.s.PrimaryBackupSessionClient - SessionClient{system-partition-1}{type=PRIMARY_ELECTOR, name=atomix-primary-elector} - Sending ExecuteRequest{session=2917001958600377164, node=2, primitive=PrimitiveDescriptor{name=atomix-primary-elector, type=PRIMARY_ELECTOR, backups=1, replication=ASYNCHRONOUS}, operation=PrimitiveOperation{id=DefaultOperationId{id=ENTER, type=COMMAND}, value=byte[]{length=29, hash=-970818257}}} to GroupMember{memberId=3, groupId=3}
00:17:00.441 [atomix-system-9] TRACE i.a.p.backup.roles.PrimaryRole - PrimaryRole{system-partition-1}{role=PRIMARY} - Received ExecuteRequest{session=2917001958600377164, node=2, primitive=PrimitiveDescriptor{name=atomix-primary-elector, type=PRIMARY_ELECTOR, backups=1, replication=ASYNCHRONOUS}, operation=PrimitiveOperation{id=DefaultOperationId{id=ENTER, type=COMMAND}, value=byte[]{length=28, hash=-31316590}}}
00:17:00.441 [atomix-system-2] TRACE i.a.p.b.s.PrimaryBackupSessionClient - SessionClient{system-partition-1}{type=PRIMARY_ELECTOR, name=atomix-primary-elector} - Sending ExecuteRequest{session=2917001958600377164, node=2, primitive=PrimitiveDescriptor{name=atomix-primary-elector, type=PRIMARY_ELECTOR, backups=1, replication=ASYNCHRONOUS}, operation=PrimitiveOperation{id=DefaultOperationId{id=ENTER, type=COMMAND}, value=byte[]{length=28, hash=-31316520}}} to GroupMember{memberId=3, groupId=3}
00:17:00.441 [atomix-system-2] TRACE i.a.p.b.s.PrimaryBackupSessionClient - SessionClient{system-partition-1}{type=PRIMARY_ELECTOR, name=atomix-primary-elector} - Sending ExecuteRequest{session=2917001958600377164, node=2, primitive=PrimitiveDescriptor{name=atomix-primary-elector, type=PRIMARY_ELECTOR, backups=1, replication=ASYNCHRONOUS}, operation=PrimitiveOperation{id=DefaultOperationId{id=ENTER, type=COMMAND}, value=byte[]{length=28, hash=-31316586}}} to GroupMember{memberId=3, groupId=3}
00:17:00.441 [atomix-system-2] TRACE i.a.p.b.s.PrimaryBackupSessionClient - SessionClient{system-partition-1}{type=PRIMARY_ELECTOR, name=atomix-primary-elector} - Sending ExecuteRequest{session=2917001958600377164, node=2, primitive=PrimitiveDescriptor{name=atomix-primary-elector, type=PRIMARY_ELECTOR, backups=1, replication=ASYNCHRONOUS}, operation=PrimitiveOperation{id=DefaultOperationId{id=ENTER, type=COMMAND}, value=byte[]{length=29, hash=-970818009}}} to GroupMember{memberId=3, groupId=3}
00:17:00.442 [atomix-system-9] TRACE i.a.p.backup.roles.PrimaryRole - PrimaryRole{system-partition-1}{role=PRIMARY} - Sending ExecuteResponse{status=OK, result=byte[]{length=25, hash=166390473}}
00:17:00.442 [atomix-system-2] TRACE i.a.p.b.s.PrimaryBackupSessionClient - SessionClient{system-partition-1}{type=PRIMARY_ELECTOR, name=atomix-primary-elector} - Sending ExecuteRequest{session=2917001958600377164, node=2, primitive=PrimitiveDescriptor{name=atomix-primary-elector, type=PRIMARY_ELECTOR, backups=1, replication=ASYNCHRONOUS}, operation=PrimitiveOperation{id=DefaultOperationId{id=ENTER, type=COMMAND}, value=byte[]{length=28, hash=-31316512}}} to GroupMember{memberId=3, groupId=3}
00:17:00.442 [atomix-system-9] TRACE i.a.p.backup.roles.PrimaryRole - PrimaryRole{system-partition-1}{role=PRIMARY} - Received ExecuteRequest{session=2917001958600377164, node=2, primitive=PrimitiveDescriptor{name=atomix-primary-elector, type=PRIMARY_ELECTOR, backups=1, replication=ASYNCHRONOUS}, operation=PrimitiveOperation{id=DefaultOperationId{id=ENTER, type=COMMAND}, value=byte[]{length=29, hash=-970818133}}}
00:17:00.442 [atomix-system-2] TRACE i.a.p.b.s.PrimaryBackupSessionClient - SessionClient{system-partition-1}{type=PRIMARY_ELECTOR, name=atomix-primary-elector} - Sending ExecuteRequest{session=2917001958600377164, node=2, primitive=PrimitiveDescriptor{name=atomix-primary-elector, type=PRIMARY_ELECTOR, backups=1, replication=ASYNCHRONOUS}, operation=PrimitiveOperation{id=DefaultOperationId{id=ENTER, type=COMMAND}, value=byte[]{length=28, hash=-31316578}}} to GroupMember{memberId=3, groupId=3}
00:17:00.442 [atomix-system-2] TRACE i.a.p.b.s.PrimaryBackupSessionClient - SessionClient{system-partition-1}{type=PRIMARY_ELECTOR, name=atomix-primary-elector} - Sending ExecuteRequest{session=2917001958600377164, node=2, primitive=PrimitiveDescriptor{name=atomix-primary-elector, type=PRIMARY_ELECTOR, backups=1, replication=ASYNCHRONOUS}, operation=PrimitiveOperation{id=DefaultOperationId{id=ENTER, type=COMMAND}, value=byte[]{length=28, hash=-31316568}}} to GroupMember{memberId=3, groupId=3}
00:17:00.442 [atomix-system-2] TRACE i.a.p.b.s.PrimaryBackupSessionClient - SessionClient{system-partition-1}{type=PRIMARY_ELECTOR, name=atomix-primary-elector} - Sending ExecuteRequest{session=2917001958600377164, node=2, primitive=PrimitiveDescriptor{name=atomix-primary-elector, type=PRIMARY_ELECTOR, backups=1, replication=ASYNCHRONOUS}, operation=PrimitiveOperation{id=DefaultOperationId{id=ENTER, type=COMMAND}, value=byte[]{length=28, hash=-31316502}}} to GroupMember{memberId=3, groupId=3}
00:17:00.442 [atomix-system-9] TRACE i.a.p.backup.roles.PrimaryRole - PrimaryRole{system-partition-1}{role=PRIMARY} - Sending ExecuteResponse{status=OK, result=byte[]{length=25, hash=166390473}}
00:17:00.442 [atomix-system-2] TRACE i.a.p.b.s.PrimaryBackupSessionClient - SessionClient{system-partition-1}{type=PRIMARY_ELECTOR, name=atomix-primary-elector} - Sending ExecuteRequest{session=2917001958600377164, node=2, primitive=PrimitiveDescriptor{name=atomix-primary-elector, type=PRIMARY_ELECTOR, backups=1, replication=ASYNCHRONOUS}, operation=PrimitiveOperation{id=DefaultOperationId{id=ENTER, type=COMMAND}, value=byte[]{length=28, hash=-31316560}}} to GroupMember{memberId=3, groupId=3}
00:17:00.442 [atomix-system-9] TRACE i.a.p.backup.roles.PrimaryRole - PrimaryRole{system-partition-1}{role=PRIMARY} - Received ExecuteRequest{session=2917001958600377164, node=2, primitive=PrimitiveDescriptor{name=atomix-primary-elector, type=PRIMARY_ELECTOR, backups=1, replication=ASYNCHRONOUS}, operation=PrimitiveOperation{id=DefaultOperationId{id=ENTER, type=COMMAND}, value=byte[]{length=28, hash=-31316516}}}
00:17:00.442 [atomix-system-2] TRACE i.a.p.b.s.PrimaryBackupSessionClient - SessionClient{system-partition-1}{type=PRIMARY_ELECTOR, name=atomix-primary-elector} - Sending ExecuteRequest{session=2917001958600377164, node=2, primitive=PrimitiveDescriptor{name=atomix-primary-elector, type=PRIMARY_ELECTOR, backups=1, replication=ASYNCHRONOUS}, operation=PrimitiveOperation{id=DefaultOperationId{id=ENTER, type=COMMAND}, value=byte[]{length=28, hash=-31316494}}} to GroupMember{memberId=3, groupId=3}
00:17:00.442 [atomix-system-2] TRACE i.a.p.b.s.PrimaryBackupSessionClient - SessionClient{system-partition-1}{type=PRIMARY_ELECTOR, name=atomix-primary-elector} - Sending ExecuteRequest{session=2917001958600377164, node=2, primitive=PrimitiveDescriptor{name=atomix-primary-elector, type=PRIMARY_ELECTOR, backups=1, replication=ASYNCHRONOUS}, operation=PrimitiveOperation{id=DefaultOperationId{id=ENTER, type=COMMAND}, value=byte[]{length=28, hash=-31316552}}} to GroupMember{memberId=3, groupId=3}
00:17:00.442 [atomix-system-2] TRACE i.a.p.b.s.PrimaryBackupSessionClient - SessionClient{system-partition-1}{type=PRIMARY_ELECTOR, name=atomix-primary-elector} - Sending ExecuteRequest{session=2917001958600377164, node=2, primitive=PrimitiveDescriptor{name=atomix-primary-elector, type=PRIMARY_ELECTOR, backups=1, replication=ASYNCHRONOUS}, operation=PrimitiveOperation{id=DefaultOperationId{id=ENTER, type=COMMAND}, value=byte[]{length=28, hash=-31316486}}} to GroupMember{memberId=3, groupId=3}
00:17:00.442 [atomix-system-9] TRACE i.a.p.backup.roles.PrimaryRole - PrimaryRole{system-partition-1}{role=PRIMARY} - Sending ExecuteResponse{status=OK, result=byte[]{length=25, hash=166390473}}
00:17:00.442 [atomix-system-2] TRACE i.a.p.b.s.PrimaryBackupSessionClient - SessionClient{system-partition-1}{type=PRIMARY_ELECTOR, name=atomix-primary-elector} - Sending ExecuteRequest{session=2917001958600377164, node=2, primitive=PrimitiveDescriptor{name=atomix-primary-elector, type=PRIMARY_ELECTOR, backups=1, replication=ASYNCHRONOUS}, operation=PrimitiveOperation{id=DefaultOperationId{id=ENTER, type=COMMAND}, value=byte[]{length=28, hash=-31316544}}} to GroupMember{memberId=3, groupId=3}
00:17:00.442 [atomix-system-9] TRACE i.a.p.backup.roles.PrimaryRole - PrimaryRole{system-partition-1}{role=PRIMARY} - Received ExecuteRequest{session=2917001958600377164, node=2, primitive=PrimitiveDescriptor{name=atomix-primary-elector, type=PRIMARY_ELECTOR, backups=1, replication=ASYNCHRONOUS}, operation=PrimitiveOperation{id=DefaultOperationId{id=ENTER, type=COMMAND}, value=byte[]{length=28, hash=-31316582}}}
00:17:00.442 [atomix-system-2] TRACE i.a.p.b.s.PrimaryBackupSessionClient - SessionClient{system-partition-1}{type=PRIMARY_ELECTOR, name=atomix-primary-elector} - Sending ExecuteRequest{session=2917001958600377164, node=2, primitive=PrimitiveDescriptor{name=atomix-primary-elector, type=PRIMARY_ELECTOR, backups=1, replication=ASYNCHRONOUS}, operation=PrimitiveOperation{id=DefaultOperationId{id=ENTER, type=COMMAND}, value=byte[]{length=28, hash=-31316478}}} to GroupMember{memberId=3, groupId=3}
00:17:00.442 [atomix-system-2] TRACE i.a.p.b.s.PrimaryBackupSessionClient - SessionClient{system-partition-1}{type=PRIMARY_ELECTOR, name=atomix-primary-elector} - Sending ExecuteRequest{session=2917001958600377164, node=2, primitive=PrimitiveDescriptor{name=atomix-primary-elector, type=PRIMARY_ELECTOR, backups=1, replication=ASYNCHRONOUS}, operation=PrimitiveOperation{id=DefaultOperationId{id=ENTER, type=COMMAND}, value=byte[]{length=28, hash=-31316472}}} to GroupMember{memberId=3, groupId=3}
00:17:00.442 [atomix-system-2] TRACE i.a.p.b.s.PrimaryBackupSessionClient - SessionClient{system-partition-1}{type=PRIMARY_ELECTOR, name=atomix-primary-elector} - Sending ExecuteRequest{session=2917001958600377164, node=2, primitive=PrimitiveDescriptor{name=atomix-primary-elector, type=PRIMARY_ELECTOR, backups=1, replication=ASYNCHRONOUS}, operation=PrimitiveOperation{id=DefaultOperationId{id=ENTER, type=COMMAND}, value=byte[]{length=28, hash=-31316538}}} to GroupMember{memberId=3, groupId=3}
00:17:00.443 [atomix-system-9] TRACE i.a.p.backup.roles.PrimaryRole - PrimaryRole{system-partition-1}{role=PRIMARY} - Sending ExecuteResponse{status=OK, result=byte[]{length=25, hash=166390473}}
00:17:00.443 [atomix-system-2] TRACE i.a.p.b.s.PrimaryBackupSessionClient - SessionClient{system-partition-1}{type=PRIMARY_ELECTOR, name=atomix-primary-elector} - Sending ExecuteRequest{session=2917001958600377164, node=2, primitive=PrimitiveDescriptor{name=atomix-primary-elector, type=PRIMARY_ELECTOR, backups=1, replication=ASYNCHRONOUS}, operation=PrimitiveOperation{id=DefaultOperationId{id=ENTER, type=COMMAND}, value=byte[]{length=29, hash=-970818319}}} to GroupMember{memberId=3, groupId=3}
00:17:00.444 [atomix-system-9] TRACE i.a.p.backup.roles.PrimaryRole - PrimaryRole{system-partition-1}{role=PRIMARY} - Received ExecuteRequest{session=2917001958600377164, node=2, primitive=PrimitiveDescriptor{name=atomix-primary-elector, type=PRIMARY_ELECTOR, backups=1, replication=ASYNCHRONOUS}, operation=PrimitiveOperation{id=DefaultOperationId{id=ENTER, type=COMMAND}, value=byte[]{length=28, hash=-31316508}}}
00:17:00.444 [atomix-system-2] TRACE i.a.p.b.s.PrimaryBackupSessionClient - SessionClient{system-partition-1}{type=PRIMARY_ELECTOR, name=atomix-primary-elector} - Sending ExecuteRequest{session=2917001958600377164, node=2, primitive=PrimitiveDescriptor{name=atomix-primary-elector, type=PRIMARY_ELECTOR, backups=1, replication=ASYNCHRONOUS}, operation=PrimitiveOperation{id=DefaultOperationId{id=ENTER, type=COMMAND}, value=byte[]{length=28, hash=-31316530}}} to GroupMember{memberId=3, groupId=3}
00:17:00.444 [atomix-system-2] TRACE i.a.p.b.s.PrimaryBackupSessionClient - SessionClient{system-partition-1}{type=PRIMARY_ELECTOR, name=atomix-primary-elector} - Sending ExecuteRequest{session=2917001958600377164, node=2, primitive=PrimitiveDescriptor{name=atomix-primary-elector, type=PRIMARY_ELECTOR, backups=1, replication=ASYNCHRONOUS}, operation=PrimitiveOperation{id=DefaultOperationId{id=ENTER, type=COMMAND}, value=byte[]{length=28, hash=-31316588}}} to GroupMember{memberId=3, groupId=3}
00:17:00.444 [atomix-system-2] TRACE i.a.p.b.s.PrimaryBackupSessionClient - SessionClient{system-partition-1}{type=PRIMARY_ELECTOR, name=atomix-primary-elector} - Sending ExecuteRequest{session=2917001958600377164, node=2, primitive=PrimitiveDescriptor{name=atomix-primary-elector, type=PRIMARY_ELECTOR, backups=1, replication=ASYNCHRONOUS}, operation=PrimitiveOperation{id=DefaultOperationId{id=ENTER, type=COMMAND}, value=byte[]{length=29, hash=-970818071}}} to GroupMember{memberId=3, groupId=3}
00:17:00.445 [atomix-system-2] TRACE i.a.p.b.s.PrimaryBackupSessionClient - SessionClient{system-partition-1}{type=PRIMARY_ELECTOR, name=atomix-primary-elector} - Sending ExecuteRequest{session=2917001958600377164, node=2, primitive=PrimitiveDescriptor{name=atomix-primary-elector, type=PRIMARY_ELECTOR, backups=1, replication=ASYNCHRONOUS}, operation=PrimitiveOperation{id=DefaultOperationId{id=ENTER, type=COMMAND}, value=byte[]{length=28, hash=-31316522}}} to GroupMember{memberId=3, groupId=3}
00:17:00.445 [atomix-system-2] TRACE i.a.p.b.s.PrimaryBackupSessionClient - SessionClient{system-partition-1}{type=PRIMARY_ELECTOR, name=atomix-primary-elector} - Sending ExecuteRequest{session=2917001958600377164, node=2, primitive=PrimitiveDescriptor{name=atomix-primary-elector, type=PRIMARY_ELECTOR, backups=1, replication=ASYNCHRONOUS}, operation=PrimitiveOperation{id=DefaultOperationId{id=ENTER, type=COMMAND}, value=byte[]{length=28, hash=-31316580}}} to GroupMember{memberId=3, groupId=3}
00:17:00.445 [atomix-system-9] TRACE i.a.p.backup.roles.PrimaryRole - PrimaryRole{system-partition-1}{role=PRIMARY} - Sending ExecuteResponse{status=OK, result=byte[]{length=25, hash=166390473}}
00:17:00.445 [atomix-system-2] TRACE i.a.p.b.s.PrimaryBackupSessionClient - SessionClient{system-partition-1}{type=PRIMARY_ELECTOR, name=atomix-primary-elector} - Sending ExecuteRequest{session=2917001958600377164, node=2, primitive=PrimitiveDescriptor{name=atomix-primary-elector, type=PRIMARY_ELECTOR, backups=1, replication=ASYNCHRONOUS}, operation=PrimitiveOperation{id=DefaultOperationId{id=ENTER, type=COMMAND}, value=byte[]{length=28, hash=-31316514}}} to GroupMember{memberId=3, groupId=3}
00:17:00.445 [atomix-system-9] TRACE i.a.p.backup.roles.PrimaryRole - PrimaryRole{system-partition-1}{role=PRIMARY} - Received ExecuteRequest{session=2917001958600377164, node=2, primitive=PrimitiveDescriptor{name=atomix-primary-elector, type=PRIMARY_ELECTOR, backups=1, replication=ASYNCHRONOUS}, operation=PrimitiveOperation{id=DefaultOperationId{id=ENTER, type=COMMAND}, value=byte[]{length=28, hash=-31316574}}}
00:17:00.445 [atomix-system-2] TRACE i.a.p.b.s.PrimaryBackupSessionClient - SessionClient{system-partition-1}{type=PRIMARY_ELECTOR, name=atomix-primary-elector} - Sending ExecuteRequest{session=2917001958600377164, node=2, primitive=PrimitiveDescriptor{name=atomix-primary-elector, type=PRIMARY_ELECTOR, backups=1, replication=ASYNCHRONOUS}, operation=PrimitiveOperation{id=DefaultOperationId{id=ENTER, type=COMMAND}, value=byte[]{length=28, hash=-31316572}}} to GroupMember{memberId=3, groupId=3}
00:17:00.446 [atomix-system-9] TRACE i.a.p.backup.roles.PrimaryRole - PrimaryRole{system-partition-1}{role=PRIMARY} - Sending ExecuteResponse{status=OK, result=byte[]{length=25, hash=166390473}}
00:17:00.446 [atomix-system-2] TRACE i.a.p.b.s.PrimaryBackupSessionClient - SessionClient{system-partition-1}{type=PRIMARY_ELECTOR, name=atomix-primary-elector} - Sending ExecuteRequest{session=2917001958600377164, node=2, primitive=PrimitiveDescriptor{name=atomix-primary-elector, type=PRIMARY_ELECTOR, backups=1, replication=ASYNCHRONOUS}, operation=PrimitiveOperation{id=DefaultOperationId{id=ENTER, type=COMMAND}, value=byte[]{length=28, hash=-31316504}}} to GroupMember{memberId=3, groupId=3}
00:17:00.446 [atomix-system-9] TRACE i.a.p.backup.roles.PrimaryRole - PrimaryRole{system-partition-1}{role=PRIMARY} - Received ExecuteRequest{session=2917001958600377164, node=2, primitive=PrimitiveDescriptor{name=atomix-primary-elector, type=PRIMARY_ELECTOR, backups=1, replication=ASYNCHRONOUS}, operation=PrimitiveOperation{id=DefaultOperationId{id=ENTER, type=COMMAND}, value=byte[]{length=28, hash=-31316506}}}
00:17:00.446 [atomix-system-2] TRACE i.a.p.b.s.PrimaryBackupSessionClient - SessionClient{system-partition-1}{type=PRIMARY_ELECTOR, name=atomix-primary-elector} - Sending ExecuteRequest{session=2917001958600377164, node=2, primitive=PrimitiveDescriptor{name=atomix-primary-elector, type=PRIMARY_ELECTOR, backups=1, replication=ASYNCHRONOUS}, operation=PrimitiveOperation{id=DefaultOperationId{id=ENTER, type=COMMAND}, value=byte[]{length=28, hash=-31316570}}} to GroupMember{memberId=3, groupId=3}
00:17:00.446 [atomix-system-9] TRACE i.a.p.backup.roles.PrimaryRole - PrimaryRole{system-partition-1}{role=PRIMARY} - Sending ExecuteResponse{status=OK, result=byte[]{length=25, hash=166390473}}
00:17:00.447 [atomix-system-2] TRACE i.a.p.b.s.PrimaryBackupSessionClient - SessionClient{system-partition-1}{type=PRIMARY_ELECTOR, name=atomix-primary-elector} - Sending ExecuteRequest{session=2917001958600377164, node=2, primitive=PrimitiveDescriptor{name=atomix-primary-elector, type=PRIMARY_ELECTOR, backups=1, replication=ASYNCHRONOUS}, operation=PrimitiveOperation{id=DefaultOperationId{id=ENTER, type=COMMAND}, value=byte[]{length=28, hash=-31316496}}} to GroupMember{memberId=3, groupId=3}
00:17:00.447 [atomix-system-9] TRACE i.a.p.backup.roles.PrimaryRole - PrimaryRole{system-partition-1}{role=PRIMARY} - Received ExecuteRequest{session=2917001958600377164, node=2, primitive=PrimitiveDescriptor{name=atomix-primary-elector, type=PRIMARY_ELECTOR, backups=1, replication=ASYNCHRONOUS}, operation=PrimitiveOperation{id=DefaultOperationId{id=ENTER, type=COMMAND}, value=byte[]{length=28, hash=-31316564}}}
00:17:00.447 [atomix-system-2] TRACE i.a.p.b.s.PrimaryBackupSessionClient - SessionClient{system-partition-1}{type=PRIMARY_ELECTOR, name=atomix-primary-elector} - Sending ExecuteRequest{session=2917001958600377164, node=2, primitive=PrimitiveDescriptor{name=atomix-primary-elector, type=PRIMARY_ELECTOR, backups=1, replication=ASYNCHRONOUS}, operation=PrimitiveOperation{id=DefaultOperationId{id=ENTER, type=COMMAND}, value=byte[]{length=28, hash=-31316562}}} to GroupMember{memberId=3, groupId=3}
00:17:00.447 [atomix-system-9] TRACE i.a.p.backup.roles.PrimaryRole - PrimaryRole{system-partition-1}{role=PRIMARY} - Sending ExecuteResponse{status=OK, result=byte[]{length=25, hash=166390473}}
00:17:00.447 [atomix-system-2] TRACE i.a.p.b.s.PrimaryBackupSessionClient - SessionClient{system-partition-1}{type=PRIMARY_ELECTOR, name=atomix-primary-elector} - Sending ExecuteRequest{session=2917001958600377164, node=2, primitive=PrimitiveDescriptor{name=atomix-primary-elector, type=PRIMARY_ELECTOR, backups=1, replication=ASYNCHRONOUS}, operation=PrimitiveOperation{id=DefaultOperationId{id=ENTER, type=COMMAND}, value=byte[]{length=28, hash=-31316488}}} to GroupMember{memberId=3, groupId=3}
00:17:00.448 [atomix-system-9] TRACE i.a.p.backup.roles.PrimaryRole - PrimaryRole{system-partition-1}{role=PRIMARY} - Received ExecuteRequest{session=2917001958600377164, node=2, primitive=PrimitiveDescriptor{name=atomix-primary-elector, type=PRIMARY_ELECTOR, backups=1, replication=ASYNCHRONOUS}, operation=PrimitiveOperation{id=DefaultOperationId{id=ENTER, type=COMMAND}, value=byte[]{length=28, hash=-31316498}}}
00:17:00.448 [atomix-system-2] TRACE i.a.p.b.s.PrimaryBackupSessionClient - SessionClient{system-partition-1}{type=PRIMARY_ELECTOR, name=atomix-primary-elector} - Sending ExecuteRequest{session=2917001958600377164, node=2, primitive=PrimitiveDescriptor{name=atomix-primary-elector, type=PRIMARY_ELECTOR, backups=1, replication=ASYNCHRONOUS}, operation=PrimitiveOperation{id=DefaultOperationId{id=ENTER, type=COMMAND}, value=byte[]{length=28, hash=-31316554}}} to GroupMember{memberId=3, groupId=3}
00:17:00.448 [atomix-system-9] TRACE i.a.p.backup.roles.PrimaryRole - PrimaryRole{system-partition-1}{role=PRIMARY} - Sending ExecuteResponse{status=OK, result=byte[]{length=25, hash=166390473}}
00:17:00.448 [atomix-system-2] TRACE i.a.p.b.s.PrimaryBackupSessionClient - SessionClient{system-partition-1}{type=PRIMARY_ELECTOR, name=atomix-primary-elector} - Sending ExecuteRequest{session=2917001958600377164, node=2, primitive=PrimitiveDescriptor{name=atomix-primary-elector, type=PRIMARY_ELECTOR, backups=1, replication=ASYNCHRONOUS}, operation=PrimitiveOperation{id=DefaultOperationId{id=ENTER, type=COMMAND}, value=byte[]{length=28, hash=-31316480}}} to GroupMember{memberId=3, groupId=3}
00:17:00.448 [atomix-system-9] TRACE i.a.p.backup.roles.PrimaryRole - PrimaryRole{system-partition-1}{role=PRIMARY} - Received ExecuteRequest{session=2917001958600377164, node=2, primitive=PrimitiveDescriptor{name=atomix-primary-elector, type=PRIMARY_ELECTOR, backups=1, replication=ASYNCHRONOUS}, operation=PrimitiveOperation{id=DefaultOperationId{id=ENTER, type=COMMAND}, value=byte[]{length=28, hash=-31316556}}}
00:17:00.449 [atomix-system-2] TRACE i.a.p.b.s.PrimaryBackupSessionClient - SessionClient{system-partition-1}{type=PRIMARY_ELECTOR, name=atomix-primary-elector} - Sending ExecuteRequest{session=2917001958600377164, node=2, primitive=PrimitiveDescriptor{name=atomix-primary-elector, type=PRIMARY_ELECTOR, backups=1, replication=ASYNCHRONOUS}, operation=PrimitiveOperation{id=DefaultOperationId{id=ENTER, type=COMMAND}, value=byte[]{length=28, hash=-31316546}}} to GroupMember{memberId=3, groupId=3}
00:17:00.449 [atomix-system-9] TRACE i.a.p.backup.roles.PrimaryRole - PrimaryRole{system-partition-1}{role=PRIMARY} - Sending ExecuteResponse{status=OK, result=byte[]{length=25, hash=166390473}}
00:17:00.449 [atomix-system-2] TRACE i.a.p.b.s.PrimaryBackupSessionClient - SessionClient{system-partition-1}{type=PRIMARY_ELECTOR, name=atomix-primary-elector} - Received ExecuteResponse{status=OK, result=byte[]{length=25, hash=166390473}}
00:17:00.449 [atomix-system-9] TRACE i.a.p.backup.roles.PrimaryRole - PrimaryRole{system-partition-1}{role=PRIMARY} - Received ExecuteRequest{session=2917001958600377164, node=2, primitive=PrimitiveDescriptor{name=atomix-primary-elector, type=PRIMARY_ELECTOR, backups=1, replication=ASYNCHRONOUS}, operation=PrimitiveOperation{id=DefaultOperationId{id=ENTER, type=COMMAND}, value=byte[]{length=28, hash=-31316490}}}
00:17:00.450 [atomix-system-2] TRACE i.a.p.b.s.PrimaryBackupSessionClient - SessionClient{system-partition-1}{type=PRIMARY_ELECTOR, name=atomix-primary-elector} - Received ExecuteResponse{status=OK, result=byte[]{length=25, hash=166390473}}
00:17:00.450 [atomix-system-5] INFO  i.a.p.b.p.i.PrimaryBackupPartitionServer - Successfully started server for PartitionId{id=64, group=data}
00:17:00.450 [atomix-system-2] TRACE i.a.p.b.s.PrimaryBackupSessionClient - SessionClient{system-partition-1}{type=PRIMARY_ELECTOR, name=atomix-primary-elector} - Received ExecuteResponse{status=OK, result=byte[]{length=25, hash=166390473}}
00:17:00.450 [atomix-system-2] TRACE i.a.p.b.s.PrimaryBackupSessionClient - SessionClient{system-partition-1}{type=PRIMARY_ELECTOR, name=atomix-primary-elector} - Received ExecuteResponse{status=OK, result=byte[]{length=25, hash=166390473}}
00:17:00.450 [atomix-system-2] TRACE i.a.p.b.s.PrimaryBackupSessionClient - SessionClient{system-partition-1}{type=PRIMARY_ELECTOR, name=atomix-primary-elector} - Received ExecuteResponse{status=OK, result=byte[]{length=25, hash=166390473}}
00:17:00.450 [atomix-system-9] TRACE i.a.p.backup.roles.PrimaryRole - PrimaryRole{system-partition-1}{role=PRIMARY} - Sending ExecuteResponse{status=OK, result=byte[]{length=25, hash=166390473}}
00:17:00.450 [atomix-system-2] TRACE i.a.p.b.s.PrimaryBackupSessionClient - SessionClient{system-partition-1}{type=PRIMARY_ELECTOR, name=atomix-primary-elector} - Received ExecuteResponse{status=OK, result=byte[]{length=25, hash=166390473}}
00:17:00.450 [atomix-system-2] TRACE i.a.p.b.s.PrimaryBackupSessionClient - SessionClient{system-partition-1}{type=PRIMARY_ELECTOR, name=atomix-primary-elector} - Received ExecuteResponse{status=OK, result=byte[]{length=25, hash=166390473}}
00:17:00.450 [atomix-system-2] TRACE i.a.p.b.s.PrimaryBackupSessionClient - SessionClient{system-partition-1}{type=PRIMARY_ELECTOR, name=atomix-primary-elector} - Received ExecuteResponse{status=OK, result=byte[]{length=25, hash=166390473}}
00:17:00.450 [atomix-system-2] TRACE i.a.p.b.s.PrimaryBackupSessionClient - SessionClient{system-partition-1}{type=PRIMARY_ELECTOR, name=atomix-primary-elector} - Received ExecuteResponse{status=OK, result=byte[]{length=25, hash=166390473}}
00:17:00.450 [atomix-system-2] TRACE i.a.p.b.s.PrimaryBackupSessionClient - SessionClient{system-partition-1}{type=PRIMARY_ELECTOR, name=atomix-primary-elector} - Received ExecuteResponse{status=OK, result=byte[]{length=25, hash=166390473}}
00:17:00.451 [atomix-system-2] TRACE i.a.p.b.s.PrimaryBackupSessionClient - SessionClient{system-partition-1}{type=PRIMARY_ELECTOR, name=atomix-primary-elector} - Received ExecuteResponse{status=OK, result=byte[]{length=25, hash=166390473}}
00:17:00.450 [atomix-system-5] INFO  i.a.p.b.p.i.PrimaryBackupPartitionClient - Successfully started client for PartitionId{id=64, group=data}
00:17:00.451 [atomix-system-2] TRACE i.a.p.b.s.PrimaryBackupSessionClient - SessionClient{system-partition-1}{type=PRIMARY_ELECTOR, name=atomix-primary-elector} - Received ExecuteResponse{status=OK, result=byte[]{length=25, hash=166390473}}
00:17:00.451 [atomix-system-2] TRACE i.a.p.b.s.PrimaryBackupSessionClient - SessionClient{system-partition-1}{type=PRIMARY_ELECTOR, name=atomix-primary-elector} - Received ExecuteResponse{status=OK, result=byte[]{length=25, hash=166390473}}
00:17:00.451 [atomix-system-2] TRACE i.a.p.b.s.PrimaryBackupSessionClient - SessionClient{system-partition-1}{type=PRIMARY_ELECTOR, name=atomix-primary-elector} - Received ExecuteResponse{status=OK, result=byte[]{length=25, hash=166390473}}
00:17:00.451 [atomix-system-2] TRACE i.a.p.b.s.PrimaryBackupSessionClient - SessionClient{system-partition-1}{type=PRIMARY_ELECTOR, name=atomix-primary-elector} - Received ExecuteResponse{status=OK, result=byte[]{length=25, hash=166390473}}
00:17:00.451 [atomix-system-9] TRACE i.a.p.b.impl.PrimaryBackupSession - PrimaryBackupSession{system-partition-1}{session=4332313565502807635} - Sending PrimitiveEvent{type=change, value=byte[]{length=49, hash=736144337}} to 3
00:17:00.451 [atomix-system-5] INFO  i.a.p.b.p.i.PrimaryBackupPartitionServer - Successfully started server for PartitionId{id=31, group=data}
00:17:00.451 [atomix-system-9] TRACE i.a.p.b.impl.PrimaryBackupSession - PrimaryBackupSession{system-partition-1}{session=4822208371359517296} - Sending PrimitiveEvent{type=change, value=byte[]{length=49, hash=736144337}} to 1
00:17:00.451 [atomix-system-2] TRACE i.a.p.b.s.PrimaryBackupSessionClient - SessionClient{system-partition-1}{type=PRIMARY_ELECTOR, name=atomix-primary-elector} - Received PrimitiveEvent{type=change, value=byte[]{length=49, hash=736144337}}
00:17:00.451 [atomix-system-5] INFO  i.a.p.b.p.i.PrimaryBackupPartitionClient - Successfully started client for PartitionId{id=31, group=data}
00:17:00.451 [atomix-system-9] TRACE i.a.p.b.impl.PrimaryBackupSession - PrimaryBackupSession{system-partition-1}{session=2917001958600377164} - Sending PrimitiveEvent{type=change, value=byte[]{length=49, hash=736144337}} to 2
00:17:00.451 [atomix-system-0] TRACE i.a.p.b.s.PrimaryBackupSessionClient - SessionClient{system-partition-1}{type=PRIMARY_ELECTOR, name=atomix-primary-elector} - Received PrimitiveEvent{type=change, value=byte[]{length=49, hash=736144337}}
00:17:00.451 [atomix-system-5] INFO  i.a.p.b.p.i.PrimaryBackupPartitionServer - Successfully started server for PartitionId{id=60, group=data}
00:17:00.452 [atomix-system-5] INFO  i.a.p.b.p.i.PrimaryBackupPartitionClient - Successfully started client for PartitionId{id=60, group=data}
00:17:00.452 [atomix-system-5] INFO  i.a.p.b.p.i.PrimaryBackupPartitionServer - Successfully started server for PartitionId{id=35, group=data}
00:17:00.452 [atomix-system-5] INFO  i.a.p.b.p.i.PrimaryBackupPartitionClient - Successfully started client for PartitionId{id=35, group=data}
00:17:00.452 [atomix-system-5] INFO  i.a.p.b.p.i.PrimaryBackupPartitionServer - Successfully started server for PartitionId{id=2, group=data}
00:17:00.452 [atomix-system-5] INFO  i.a.p.b.p.i.PrimaryBackupPartitionClient - Successfully started client for PartitionId{id=2, group=data}
00:17:00.452 [atomix-system-5] INFO  i.a.p.b.p.i.PrimaryBackupPartitionServer - Successfully started server for PartitionId{id=68, group=data}
00:17:00.452 [atomix-system-5] INFO  i.a.p.b.p.i.PrimaryBackupPartitionClient - Successfully started client for PartitionId{id=68, group=data}
00:17:00.452 [atomix-system-5] INFO  i.a.p.b.p.i.PrimaryBackupPartitionServer - Successfully started server for PartitionId{id=39, group=data}
00:17:00.452 [atomix-system-9] TRACE i.a.p.b.impl.PrimaryBackupSession - PrimaryBackupSession{system-partition-1}{session=4332313565502807635} - Sending PrimitiveEvent{type=change, value=byte[]{length=48, hash=2015940974}} to 3
00:17:00.453 [atomix-system-5] INFO  i.a.p.b.p.i.PrimaryBackupPartitionClient - Successfully started client for PartitionId{id=39, group=data}
00:17:00.453 [atomix-system-5] INFO  i.a.p.b.p.i.PrimaryBackupPartitionServer - Successfully started server for PartitionId{id=6, group=data}
00:17:00.453 [atomix-system-5] INFO  i.a.p.b.p.i.PrimaryBackupPartitionClient - Successfully started client for PartitionId{id=6, group=data}
00:17:00.453 [atomix-system-9] TRACE i.a.p.b.impl.PrimaryBackupSession - PrimaryBackupSession{system-partition-1}{session=4822208371359517296} - Sending PrimitiveEvent{type=change, value=byte[]{length=48, hash=2015940974}} to 1
00:17:00.453 [atomix-system-5] INFO  i.a.p.b.p.i.PrimaryBackupPartitionServer - Successfully started server for PartitionId{id=43, group=data}
00:17:00.453 [atomix-system-5] INFO  i.a.p.b.p.i.PrimaryBackupPartitionClient - Successfully started client for PartitionId{id=43, group=data}
00:17:00.453 [atomix-system-5] INFO  i.a.p.b.p.i.PrimaryBackupPartitionServer - Successfully started server for PartitionId{id=10, group=data}
00:17:00.453 [atomix-system-14] TRACE i.a.p.b.s.PrimaryBackupSessionClient - SessionClient{system-partition-1}{type=PRIMARY_ELECTOR, name=atomix-primary-elector} - Received PrimitiveEvent{type=change, value=byte[]{length=48, hash=2015940974}}
00:17:00.453 [atomix-system-5] INFO  i.a.p.b.p.i.PrimaryBackupPartitionClient - Successfully started client for PartitionId{id=10, group=data}
00:17:00.453 [atomix-system-5] INFO  i.a.p.b.p.i.PrimaryBackupPartitionServer - Successfully started server for PartitionId{id=44, group=data}
00:17:00.453 [atomix-system-5] INFO  i.a.p.b.p.i.PrimaryBackupPartitionClient - Successfully started client for PartitionId{id=44, group=data}
00:17:00.453 [atomix-system-5] INFO  i.a.p.b.p.i.PrimaryBackupPartitionServer - Successfully started server for PartitionId{id=15, group=data}
00:17:00.453 [atomix-system-5] INFO  i.a.p.b.p.i.PrimaryBackupPartitionClient - Successfully started client for PartitionId{id=15, group=data}
00:17:00.453 [atomix-system-5] INFO  i.a.p.b.p.i.PrimaryBackupPartitionServer - Successfully started server for PartitionId{id=48, group=data}
00:17:00.453 [atomix-system-5] INFO  i.a.p.b.p.i.PrimaryBackupPartitionClient - Successfully started client for PartitionId{id=48, group=data}
00:17:00.453 [atomix-system-5] INFO  i.a.p.b.p.i.PrimaryBackupPartitionServer - Successfully started server for PartitionId{id=19, group=data}
00:17:00.453 [atomix-system-5] INFO  i.a.p.b.p.i.PrimaryBackupPartitionClient - Successfully started client for PartitionId{id=19, group=data}
00:17:00.454 [atomix-system-5] INFO  i.a.p.b.p.i.PrimaryBackupPartitionServer - Successfully started server for PartitionId{id=52, group=data}
00:17:00.454 [atomix-system-5] INFO  i.a.p.b.p.i.PrimaryBackupPartitionClient - Successfully started client for PartitionId{id=52, group=data}
00:17:00.454 [atomix-system-5] TRACE i.a.p.b.s.PrimaryBackupSessionClient - SessionClient{system-partition-1}{type=PRIMARY_ELECTOR, name=atomix-primary-elector} - Received PrimitiveEvent{type=change, value=byte[]{length=49, hash=736144337}}
00:17:00.454 [atomix-system-9] TRACE i.a.p.b.impl.PrimaryBackupSession - PrimaryBackupSession{system-partition-1}{session=2917001958600377164} - Sending PrimitiveEvent{type=change, value=byte[]{length=48, hash=2015940974}} to 2
00:17:00.454 [atomix-system-9] TRACE i.a.p.b.impl.PrimaryBackupSession - PrimaryBackupSession{system-partition-1}{session=4332313565502807635} - Sending PrimitiveEvent{type=change, value=byte[]{length=48, hash=-1223788238}} to 3
00:17:00.455 [atomix-system-9] TRACE i.a.p.b.impl.PrimaryBackupSession - PrimaryBackupSession{system-partition-1}{session=4822208371359517296} - Sending PrimitiveEvent{type=change, value=byte[]{length=48, hash=-1223788238}} to 1
00:17:00.455 [atomix-system-8] TRACE i.a.p.b.s.PrimaryBackupSessionClient - SessionClient{system-partition-1}{type=PRIMARY_ELECTOR, name=atomix-primary-elector} - Received PrimitiveEvent{type=change, value=byte[]{length=48, hash=2015940974}}
00:17:00.455 [atomix-system-9] TRACE i.a.p.b.impl.PrimaryBackupSession - PrimaryBackupSession{system-partition-1}{session=2917001958600377164} - Sending PrimitiveEvent{type=change, value=byte[]{length=48, hash=-1223788238}} to 2
00:17:00.455 [atomix-system-8] TRACE i.a.p.b.s.PrimaryBackupSessionClient - SessionClient{system-partition-1}{type=PRIMARY_ELECTOR, name=atomix-primary-elector} - Received PrimitiveEvent{type=change, value=byte[]{length=48, hash=-1223788238}}
00:17:00.455 [atomix-system-9] TRACE i.a.p.b.impl.PrimaryBackupSession - PrimaryBackupSession{system-partition-1}{session=4332313565502807635} - Sending PrimitiveEvent{type=change, value=byte[]{length=48, hash=45446820}} to 3
00:17:00.455 [atomix-system-9] TRACE i.a.p.b.impl.PrimaryBackupSession - PrimaryBackupSession{system-partition-1}{session=4822208371359517296} - Sending PrimitiveEvent{type=change, value=byte[]{length=48, hash=45446820}} to 1
00:17:00.455 [atomix-system-9] TRACE i.a.p.b.impl.PrimaryBackupSession - PrimaryBackupSession{system-partition-1}{session=2917001958600377164} - Sending PrimitiveEvent{type=change, value=byte[]{length=48, hash=45446820}} to 2
00:17:00.455 [atomix-system-1] TRACE i.a.p.b.s.PrimaryBackupSessionClient - SessionClient{system-partition-1}{type=PRIMARY_ELECTOR, name=atomix-primary-elector} - Received PrimitiveEvent{type=change, value=byte[]{length=48, hash=45446820}}
00:17:00.456 [atomix-system-9] TRACE i.a.p.b.impl.PrimaryBackupSession - PrimaryBackupSession{system-partition-1}{session=4332313565502807635} - Sending PrimitiveEvent{type=change, value=byte[]{length=48, hash=-218378140}} to 3
00:17:00.456 [atomix-system-9] TRACE i.a.p.b.impl.PrimaryBackupSession - PrimaryBackupSession{system-partition-1}{session=4822208371359517296} - Sending PrimitiveEvent{type=change, value=byte[]{length=48, hash=-218378140}} to 1
00:17:00.456 [atomix-system-9] TRACE i.a.p.b.impl.PrimaryBackupSession - PrimaryBackupSession{system-partition-1}{session=2917001958600377164} - Sending PrimitiveEvent{type=change, value=byte[]{length=48, hash=-218378140}} to 2
00:17:00.456 [atomix-system-6] TRACE i.a.p.b.s.PrimaryBackupSessionClient - SessionClient{system-partition-1}{type=PRIMARY_ELECTOR, name=atomix-primary-elector} - Received PrimitiveEvent{type=change, value=byte[]{length=48, hash=-218378140}}
00:17:00.456 [atomix-system-1] TRACE i.a.p.b.s.PrimaryBackupSessionClient - SessionClient{system-partition-1}{type=PRIMARY_ELECTOR, name=atomix-primary-elector} - Received PrimitiveEvent{type=change, value=byte[]{length=48, hash=2015940974}}
00:17:00.456 [atomix-system-9] TRACE i.a.p.b.impl.PrimaryBackupSession - PrimaryBackupSession{system-partition-1}{session=4332313565502807635} - Sending PrimitiveEvent{type=change, value=byte[]{length=49, hash=-1706750891}} to 3
00:17:00.463 [atomix-system-1] TRACE i.a.p.b.s.PrimaryBackupSessionClient - SessionClient{system-partition-1}{type=PRIMARY_ELECTOR, name=atomix-primary-elector} - Received PrimitiveEvent{type=change, value=byte[]{length=48, hash=-1223788238}}
00:17:00.463 [atomix-system-1] TRACE i.a.p.b.s.PrimaryBackupSessionClient - SessionClient{system-partition-1}{type=PRIMARY_ELECTOR, name=atomix-primary-elector} - Received PrimitiveEvent{type=change, value=byte[]{length=48, hash=45446820}}
00:17:00.463 [atomix-system-9] TRACE i.a.p.b.impl.PrimaryBackupSession - PrimaryBackupSession{system-partition-1}{session=4822208371359517296} - Sending PrimitiveEvent{type=change, value=byte[]{length=49, hash=-1706750891}} to 1
00:17:00.463 [atomix-system-1] TRACE i.a.p.b.s.PrimaryBackupSessionClient - SessionClient{system-partition-1}{type=PRIMARY_ELECTOR, name=atomix-primary-elector} - Received PrimitiveEvent{type=change, value=byte[]{length=48, hash=-218378140}}
00:17:00.463 [atomix-system-1] TRACE i.a.p.b.s.PrimaryBackupSessionClient - SessionClient{system-partition-1}{type=PRIMARY_ELECTOR, name=atomix-primary-elector} - Received PrimitiveEvent{type=change, value=byte[]{length=49, hash=-1706750891}}
00:17:00.464 [atomix-system-9] TRACE i.a.p.b.impl.PrimaryBackupSession - PrimaryBackupSession{system-partition-1}{session=2917001958600377164} - Sending PrimitiveEvent{type=change, value=byte[]{length=49, hash=-1706750891}} to 2
00:17:00.464 [atomix-system-9] TRACE i.a.p.b.impl.PrimaryBackupSession - PrimaryBackupSession{system-partition-1}{session=4332313565502807635} - Sending PrimitiveEvent{type=change, value=byte[]{length=48, hash=-1925047334}} to 3
00:17:00.464 [atomix-system-3] TRACE i.a.p.b.s.PrimaryBackupSessionClient - SessionClient{system-partition-1}{type=PRIMARY_ELECTOR, name=atomix-primary-elector} - Received PrimitiveEvent{type=change, value=byte[]{length=48, hash=-1223788238}}
00:17:00.464 [atomix-system-9] TRACE i.a.p.b.impl.PrimaryBackupSession - PrimaryBackupSession{system-partition-1}{session=4822208371359517296} - Sending PrimitiveEvent{type=change, value=byte[]{length=48, hash=-1925047334}} to 1
00:17:00.464 [atomix-system-11] TRACE i.a.p.b.s.PrimaryBackupSessionClient - SessionClient{system-partition-1}{type=PRIMARY_ELECTOR, name=atomix-primary-elector} - Received PrimitiveEvent{type=change, value=byte[]{length=48, hash=-1925047334}}
00:17:00.464 [atomix-system-11] TRACE i.a.p.b.s.PrimaryBackupSessionClient - SessionClient{system-partition-1}{type=PRIMARY_ELECTOR, name=atomix-primary-elector} - Received PrimitiveEvent{type=change, value=byte[]{length=49, hash=-1706750891}}
00:17:00.464 [atomix-system-9] TRACE i.a.p.b.impl.PrimaryBackupSession - PrimaryBackupSession{system-partition-1}{session=2917001958600377164} - Sending PrimitiveEvent{type=change, value=byte[]{length=48, hash=-1925047334}} to 2
00:17:00.465 [atomix-system-9] TRACE i.a.p.backup.roles.PrimaryRole - PrimaryRole{system-partition-1}{role=PRIMARY} - Received ExecuteRequest{session=2917001958600377164, node=2, primitive=PrimitiveDescriptor{name=atomix-primary-elector, type=PRIMARY_ELECTOR, backups=1, replication=ASYNCHRONOUS}, operation=PrimitiveOperation{id=DefaultOperationId{id=ENTER, type=COMMAND}, value=byte[]{length=28, hash=-31316548}}}
00:17:00.465 [atomix-system-9] TRACE i.a.p.backup.roles.PrimaryRole - PrimaryRole{system-partition-1}{role=PRIMARY} - Sending ExecuteResponse{status=OK, result=byte[]{length=25, hash=166390473}}
00:17:00.465 [atomix-system-12] TRACE i.a.p.b.s.PrimaryBackupSessionClient - SessionClient{system-partition-1}{type=PRIMARY_ELECTOR, name=atomix-primary-elector} - Received PrimitiveEvent{type=change, value=byte[]{length=48, hash=-1925047334}}
00:17:00.465 [atomix-system-9] TRACE i.a.p.b.impl.PrimaryBackupSession - PrimaryBackupSession{system-partition-1}{session=4332313565502807635} - Sending PrimitiveEvent{type=change, value=byte[]{length=48, hash=-1795845284}} to 3
00:17:00.466 [atomix-system-2] TRACE i.a.p.b.s.PrimaryBackupSessionClient - SessionClient{system-partition-1}{type=PRIMARY_ELECTOR, name=atomix-primary-elector} - Received PrimitiveEvent{type=change, value=byte[]{length=48, hash=-1795845284}}
00:17:00.466 [atomix-system-9] TRACE i.a.p.b.impl.PrimaryBackupSession - PrimaryBackupSession{system-partition-1}{session=4822208371359517296} - Sending PrimitiveEvent{type=change, value=byte[]{length=48, hash=-1795845284}} to 1
00:17:00.466 [atomix-system-9] TRACE i.a.p.b.impl.PrimaryBackupSession - PrimaryBackupSession{system-partition-1}{session=2917001958600377164} - Sending PrimitiveEvent{type=change, value=byte[]{length=48, hash=2106095002}} to 2
00:17:00.466 [atomix-system-9] TRACE i.a.p.backup.roles.PrimaryRole - PrimaryRole{system-partition-1}{role=PRIMARY} - Received ExecuteRequest{session=2917001958600377164, node=2, primitive=PrimitiveDescriptor{name=atomix-primary-elector, type=PRIMARY_ELECTOR, backups=1, replication=ASYNCHRONOUS}, operation=PrimitiveOperation{id=DefaultOperationId{id=ENTER, type=COMMAND}, value=byte[]{length=28, hash=-31316482}}}
00:17:00.467 [atomix-system-9] TRACE i.a.p.backup.roles.PrimaryRole - PrimaryRole{system-partition-1}{role=PRIMARY} - Sending ExecuteResponse{status=OK, result=byte[]{length=25, hash=166390473}}
00:17:00.467 [atomix-system-9] TRACE i.a.p.backup.roles.PrimaryRole - PrimaryRole{system-partition-1}{role=PRIMARY} - Received ExecuteRequest{session=2917001958600377164, node=2, primitive=PrimitiveDescriptor{name=atomix-primary-elector, type=PRIMARY_ELECTOR, backups=1, replication=ASYNCHRONOUS}, operation=PrimitiveOperation{id=DefaultOperationId{id=ENTER, type=COMMAND}, value=byte[]{length=28, hash=-31316540}}}
00:17:00.467 [atomix-system-3] TRACE i.a.p.b.s.PrimaryBackupSessionClient - SessionClient{system-partition-1}{type=PRIMARY_ELECTOR, name=atomix-primary-elector} - Received PrimitiveEvent{type=change, value=byte[]{length=48, hash=45446820}}
00:17:00.467 [atomix-system-10] TRACE i.a.p.b.s.PrimaryBackupSessionClient - SessionClient{system-partition-1}{type=PRIMARY_ELECTOR, name=atomix-primary-elector} - Received PrimitiveEvent{type=change, value=byte[]{length=48, hash=-1795845284}}
00:17:00.467 [atomix-system-9] TRACE i.a.p.backup.roles.PrimaryRole - PrimaryRole{system-partition-1}{role=PRIMARY} - Sending ExecuteResponse{status=OK, result=byte[]{length=39, hash=1474247511}}
00:17:00.467 [atomix-system-9] TRACE i.a.p.backup.roles.PrimaryRole - PrimaryRole{system-partition-1}{role=PRIMARY} - Received ExecuteRequest{session=2917001958600377164, node=2, primitive=PrimitiveDescriptor{name=atomix-primary-elector, type=PRIMARY_ELECTOR, backups=1, replication=ASYNCHRONOUS}, operation=PrimitiveOperation{id=DefaultOperationId{id=ENTER, type=COMMAND}, value=byte[]{length=28, hash=-31316468}}}
00:17:00.468 [atomix-system-9] TRACE i.a.p.backup.roles.PrimaryRole - PrimaryRole{system-partition-1}{role=PRIMARY} - Sending ExecuteResponse{status=OK, result=byte[]{length=39, hash=1474247511}}
00:17:00.468 [atomix-system-9] TRACE i.a.p.backup.roles.PrimaryRole - PrimaryRole{system-partition-1}{role=PRIMARY} - Received ExecuteRequest{session=2917001958600377164, node=2, primitive=PrimitiveDescriptor{name=atomix-primary-elector, type=PRIMARY_ELECTOR, backups=1, replication=ASYNCHRONOUS}, operation=PrimitiveOperation{id=DefaultOperationId{id=ENTER, type=COMMAND}, value=byte[]{length=28, hash=-31316534}}}
00:17:00.468 [atomix-system-9] TRACE i.a.p.backup.roles.PrimaryRole - PrimaryRole{system-partition-1}{role=PRIMARY} - Sending ExecuteResponse{status=OK, result=byte[]{length=39, hash=1474247511}}
00:17:00.468 [atomix-system-9] TRACE i.a.p.backup.roles.PrimaryRole - PrimaryRole{system-partition-1}{role=PRIMARY} - Received ExecuteRequest{session=2917001958600377164, node=2, primitive=PrimitiveDescriptor{name=atomix-primary-elector, type=PRIMARY_ELECTOR, backups=1, replication=ASYNCHRONOUS}, operation=PrimitiveOperation{id=DefaultOperationId{id=ENTER, type=COMMAND}, value=byte[]{length=28, hash=-31316592}}}
00:17:00.468 [atomix-system-9] TRACE i.a.p.backup.roles.PrimaryRole - PrimaryRole{system-partition-1}{role=PRIMARY} - Sending ExecuteResponse{status=OK, result=byte[]{length=39, hash=1474247511}}
00:17:00.469 [atomix-system-9] TRACE i.a.p.backup.roles.PrimaryRole - PrimaryRole{system-partition-1}{role=PRIMARY} - Received ExecuteRequest{session=2917001958600377164, node=2, primitive=PrimitiveDescriptor{name=atomix-primary-elector, type=PRIMARY_ELECTOR, backups=1, replication=ASYNCHRONOUS}, operation=PrimitiveOperation{id=DefaultOperationId{id=ENTER, type=COMMAND}, value=byte[]{length=29, hash=-970818195}}}
00:17:00.469 [atomix-system-9] TRACE i.a.p.backup.roles.PrimaryRole - PrimaryRole{system-partition-1}{role=PRIMARY} - Sending ExecuteResponse{status=OK, result=byte[]{length=39, hash=1474247511}}
00:17:00.469 [atomix-system-9] TRACE i.a.p.backup.roles.PrimaryRole - PrimaryRole{system-partition-1}{role=PRIMARY} - Received ExecuteRequest{session=2917001958600377164, node=2, primitive=PrimitiveDescriptor{name=atomix-primary-elector, type=PRIMARY_ELECTOR, backups=1, replication=ASYNCHRONOUS}, operation=PrimitiveOperation{id=DefaultOperationId{id=ENTER, type=COMMAND}, value=byte[]{length=28, hash=-31316526}}}
00:17:00.469 [atomix-system-9] TRACE i.a.p.backup.roles.PrimaryRole - PrimaryRole{system-partition-1}{role=PRIMARY} - Sending ExecuteResponse{status=OK, result=byte[]{length=39, hash=1474247511}}
00:17:00.470 [atomix-system-9] TRACE i.a.p.backup.roles.PrimaryRole - PrimaryRole{system-partition-1}{role=PRIMARY} - Received ExecuteRequest{session=2917001958600377164, node=2, primitive=PrimitiveDescriptor{name=atomix-primary-elector, type=PRIMARY_ELECTOR, backups=1, replication=ASYNCHRONOUS}, operation=PrimitiveOperation{id=DefaultOperationId{id=ENTER, type=COMMAND}, value=byte[]{length=28, hash=-31316584}}}
00:17:00.470 [atomix-system-9] TRACE i.a.p.backup.roles.PrimaryRole - PrimaryRole{system-partition-1}{role=PRIMARY} - Sending ExecuteResponse{status=OK, result=byte[]{length=39, hash=1474247511}}
00:17:00.470 [atomix-system-9] TRACE i.a.p.b.impl.PrimaryBackupSession - PrimaryBackupSession{system-partition-1}{session=4332313565502807635} - Sending PrimitiveEvent{type=change, value=byte[]{length=48, hash=-386628212}} to 3
00:17:00.471 [atomix-system-9] TRACE i.a.p.b.impl.PrimaryBackupSession - PrimaryBackupSession{system-partition-1}{session=4822208371359517296} - Sending PrimitiveEvent{type=change, value=byte[]{length=48, hash=-386628212}} to 1
00:17:00.471 [atomix-system-3] TRACE i.a.p.b.s.PrimaryBackupSessionClient - SessionClient{system-partition-1}{type=PRIMARY_ELECTOR, name=atomix-primary-elector} - Received PrimitiveEvent{type=change, value=byte[]{length=48, hash=-386628212}}
00:17:00.471 [atomix-system-9] TRACE i.a.p.b.impl.PrimaryBackupSession - PrimaryBackupSession{system-partition-1}{session=2917001958600377164} - Sending PrimitiveEvent{type=change, value=byte[]{length=48, hash=-386628212}} to 2
00:17:00.471 [atomix-system-0] TRACE i.a.p.b.s.PrimaryBackupSessionClient - SessionClient{system-partition-1}{type=PRIMARY_ELECTOR, name=atomix-primary-elector} - Received PrimitiveEvent{type=change, value=byte[]{length=48, hash=-386628212}}
00:17:00.471 [atomix-system-9] TRACE i.a.p.backup.roles.PrimaryRole - PrimaryRole{system-partition-1}{role=PRIMARY} - Received ExecuteRequest{session=2917001958600377164, node=2, primitive=PrimitiveDescriptor{name=atomix-primary-elector, type=PRIMARY_ELECTOR, backups=1, replication=ASYNCHRONOUS}, operation=PrimitiveOperation{id=DefaultOperationId{id=ENTER, type=COMMAND}, value=byte[]{length=29, hash=-970817947}}}
00:17:00.472 [atomix-system-9] TRACE i.a.p.backup.roles.PrimaryRole - PrimaryRole{system-partition-1}{role=PRIMARY} - Sending ExecuteResponse{status=OK, result=byte[]{length=39, hash=1474247511}}
00:17:00.472 [atomix-system-9] TRACE i.a.p.backup.roles.PrimaryRole - PrimaryRole{system-partition-1}{role=PRIMARY} - Received ExecuteRequest{session=2917001958600377164, node=2, primitive=PrimitiveDescriptor{name=atomix-primary-elector, type=PRIMARY_ELECTOR, backups=1, replication=ASYNCHRONOUS}, operation=PrimitiveOperation{id=DefaultOperationId{id=ENTER, type=COMMAND}, value=byte[]{length=28, hash=-31316518}}}
00:17:00.472 [atomix-system-9] TRACE i.a.p.backup.roles.PrimaryRole - PrimaryRole{system-partition-1}{role=PRIMARY} - Sending ExecuteResponse{status=OK, result=byte[]{length=39, hash=1474247511}}
00:17:00.473 [atomix-system-9] TRACE i.a.p.backup.roles.PrimaryRole - PrimaryRole{system-partition-1}{role=PRIMARY} - Received ExecuteRequest{session=2917001958600377164, node=2, primitive=PrimitiveDescriptor{name=atomix-primary-elector, type=PRIMARY_ELECTOR, backups=1, replication=ASYNCHRONOUS}, operation=PrimitiveOperation{id=DefaultOperationId{id=ENTER, type=COMMAND}, value=byte[]{length=28, hash=-31316576}}}
00:17:00.473 [atomix-system-9] TRACE i.a.p.backup.roles.PrimaryRole - PrimaryRole{system-partition-1}{role=PRIMARY} - Sending ExecuteResponse{status=OK, result=byte[]{length=39, hash=1474247511}}
00:17:00.473 [atomix-system-9] TRACE i.a.p.backup.roles.PrimaryRole - PrimaryRole{system-partition-1}{role=PRIMARY} - Received ExecuteRequest{session=2917001958600377164, node=2, primitive=PrimitiveDescriptor{name=atomix-primary-elector, type=PRIMARY_ELECTOR, backups=1, replication=ASYNCHRONOUS}, operation=PrimitiveOperation{id=DefaultOperationId{id=ENTER, type=COMMAND}, value=byte[]{length=28, hash=-31316510}}}
00:17:00.473 [atomix-system-9] TRACE i.a.p.backup.roles.PrimaryRole - PrimaryRole{system-partition-1}{role=PRIMARY} - Sending ExecuteResponse{status=OK, result=byte[]{length=39, hash=1474247511}}
00:17:00.474 [atomix-system-9] TRACE i.a.p.backup.roles.PrimaryRole - PrimaryRole{system-partition-1}{role=PRIMARY} - Received ExecuteRequest{session=2917001958600377164, node=2, primitive=PrimitiveDescriptor{name=atomix-primary-elector, type=PRIMARY_ELECTOR, backups=1, replication=ASYNCHRONOUS}, operation=PrimitiveOperation{id=DefaultOperationId{id=ENTER, type=COMMAND}, value=byte[]{length=28, hash=-31316500}}}
00:17:00.474 [atomix-system-9] TRACE i.a.p.backup.roles.PrimaryRole - PrimaryRole{system-partition-1}{role=PRIMARY} - Sending ExecuteResponse{status=OK, result=byte[]{length=39, hash=1474247511}}
00:17:00.475 [atomix-system-9] TRACE i.a.p.backup.roles.PrimaryRole - PrimaryRole{system-partition-1}{role=PRIMARY} - Received ExecuteRequest{session=2917001958600377164, node=2, primitive=PrimitiveDescriptor{name=atomix-primary-elector, type=PRIMARY_ELECTOR, backups=1, replication=ASYNCHRONOUS}, operation=PrimitiveOperation{id=DefaultOperationId{id=ENTER, type=COMMAND}, value=byte[]{length=28, hash=-31316566}}}
00:17:00.475 [atomix-system-9] TRACE i.a.p.backup.roles.PrimaryRole - PrimaryRole{system-partition-1}{role=PRIMARY} - Sending ExecuteResponse{status=OK, result=byte[]{length=39, hash=1474247511}}
00:17:00.475 [atomix-system-9] TRACE i.a.p.backup.roles.PrimaryRole - PrimaryRole{system-partition-1}{role=PRIMARY} - Received ExecuteRequest{session=2917001958600377164, node=2, primitive=PrimitiveDescriptor{name=atomix-primary-elector, type=PRIMARY_ELECTOR, backups=1, replication=ASYNCHRONOUS}, operation=PrimitiveOperation{id=DefaultOperationId{id=ENTER, type=COMMAND}, value=byte[]{length=28, hash=-31316492}}}
00:17:00.476 [atomix-system-9] TRACE i.a.p.backup.roles.PrimaryRole - PrimaryRole{system-partition-1}{role=PRIMARY} - Sending ExecuteResponse{status=OK, result=byte[]{length=39, hash=1474247511}}
00:17:00.476 [atomix-system-9] TRACE i.a.p.backup.roles.PrimaryRole - PrimaryRole{system-partition-1}{role=PRIMARY} - Received ExecuteRequest{session=2917001958600377164, node=2, primitive=PrimitiveDescriptor{name=atomix-primary-elector, type=PRIMARY_ELECTOR, backups=1, replication=ASYNCHRONOUS}, operation=PrimitiveOperation{id=DefaultOperationId{id=ENTER, type=COMMAND}, value=byte[]{length=28, hash=-31316558}}}
00:17:00.476 [atomix-system-9] TRACE i.a.p.backup.roles.PrimaryRole - PrimaryRole{system-partition-1}{role=PRIMARY} - Sending ExecuteResponse{status=OK, result=byte[]{length=39, hash=1474247511}}
00:17:00.477 [atomix-system-9] TRACE i.a.p.backup.roles.PrimaryRole - PrimaryRole{system-partition-1}{role=PRIMARY} - Received ExecuteRequest{session=2917001958600377164, node=2, primitive=PrimitiveDescriptor{name=atomix-primary-elector, type=PRIMARY_ELECTOR, backups=1, replication=ASYNCHRONOUS}, operation=PrimitiveOperation{id=DefaultOperationId{id=ENTER, type=COMMAND}, value=byte[]{length=28, hash=-31316484}}}
00:17:00.477 [atomix-system-3] TRACE i.a.p.b.s.PrimaryBackupSessionClient - SessionClient{system-partition-1}{type=PRIMARY_ELECTOR, name=atomix-primary-elector} - Received PrimitiveEvent{type=change, value=byte[]{length=48, hash=-218378140}}
00:17:00.477 [atomix-system-9] TRACE i.a.p.backup.roles.PrimaryRole - PrimaryRole{system-partition-1}{role=PRIMARY} - Sending ExecuteResponse{status=OK, result=byte[]{length=39, hash=1474247511}}
00:17:00.477 [atomix-system-9] TRACE i.a.p.backup.roles.PrimaryRole - PrimaryRole{system-partition-1}{role=PRIMARY} - Received ExecuteRequest{session=2917001958600377164, node=2, primitive=PrimitiveDescriptor{name=atomix-primary-elector, type=PRIMARY_ELECTOR, backups=1, replication=ASYNCHRONOUS}, operation=PrimitiveOperation{id=DefaultOperationId{id=ENTER, type=COMMAND}, value=byte[]{length=28, hash=-31316550}}}
00:17:00.478 [atomix-system-9] TRACE i.a.p.backup.roles.PrimaryRole - PrimaryRole{system-partition-1}{role=PRIMARY} - Sending ExecuteResponse{status=OK, result=byte[]{length=39, hash=1474247511}}
00:17:00.478 [atomix-system-9] TRACE i.a.p.backup.roles.PrimaryRole - PrimaryRole{system-partition-1}{role=PRIMARY} - Received ExecuteRequest{session=2917001958600377164, node=2, primitive=PrimitiveDescriptor{name=atomix-primary-elector, type=PRIMARY_ELECTOR, backups=1, replication=ASYNCHRONOUS}, operation=PrimitiveOperation{id=DefaultOperationId{id=ENTER, type=COMMAND}, value=byte[]{length=28, hash=-31316476}}}
00:17:00.478 [atomix-system-9] TRACE i.a.p.backup.roles.PrimaryRole - PrimaryRole{system-partition-1}{role=PRIMARY} - Sending ExecuteResponse{status=OK, result=byte[]{length=39, hash=1474247511}}
00:17:00.478 [atomix-system-9] TRACE i.a.p.backup.roles.PrimaryRole - PrimaryRole{system-partition-1}{role=PRIMARY} - Received ExecuteRequest{session=2917001958600377164, node=2, primitive=PrimitiveDescriptor{name=atomix-primary-elector, type=PRIMARY_ELECTOR, backups=1, replication=ASYNCHRONOUS}, operation=PrimitiveOperation{id=DefaultOperationId{id=ENTER, type=COMMAND}, value=byte[]{length=28, hash=-31316542}}}
00:17:00.479 [atomix-system-9] TRACE i.a.p.backup.roles.PrimaryRole - PrimaryRole{system-partition-1}{role=PRIMARY} - Sending ExecuteResponse{status=OK, result=byte[]{length=39, hash=-1080272075}}
00:17:00.479 [atomix-system-9] TRACE i.a.p.backup.roles.PrimaryRole - PrimaryRole{system-partition-1}{role=PRIMARY} - Received ExecuteRequest{session=2917001958600377164, node=2, primitive=PrimitiveDescriptor{name=atomix-primary-elector, type=PRIMARY_ELECTOR, backups=1, replication=ASYNCHRONOUS}, operation=PrimitiveOperation{id=DefaultOperationId{id=ENTER, type=COMMAND}, value=byte[]{length=28, hash=-31316536}}}
00:17:00.479 [atomix-system-9] TRACE i.a.p.backup.roles.PrimaryRole - PrimaryRole{system-partition-1}{role=PRIMARY} - Sending ExecuteResponse{status=OK, result=byte[]{length=39, hash=-1080272075}}
00:17:00.480 [atomix-system-9] TRACE i.a.p.backup.roles.PrimaryRole - PrimaryRole{system-partition-1}{role=PRIMARY} - Received ExecuteRequest{session=2917001958600377164, node=2, primitive=PrimitiveDescriptor{name=atomix-primary-elector, type=PRIMARY_ELECTOR, backups=1, replication=ASYNCHRONOUS}, operation=PrimitiveOperation{id=DefaultOperationId{id=ENTER, type=COMMAND}, value=byte[]{length=28, hash=-31316470}}}
00:17:00.480 [atomix-system-9] TRACE i.a.p.backup.roles.PrimaryRole - PrimaryRole{system-partition-1}{role=PRIMARY} - Sending ExecuteResponse{status=OK, result=byte[]{length=39, hash=-1080272075}}
00:17:00.480 [atomix-system-9] TRACE i.a.p.backup.roles.PrimaryRole - PrimaryRole{system-partition-1}{role=PRIMARY} - Received ExecuteRequest{session=2917001958600377164, node=2, primitive=PrimitiveDescriptor{name=atomix-primary-elector, type=PRIMARY_ELECTOR, backups=1, replication=ASYNCHRONOUS}, operation=PrimitiveOperation{id=DefaultOperationId{id=ENTER, type=COMMAND}, value=byte[]{length=28, hash=-31316528}}}
00:17:00.480 [atomix-system-9] TRACE i.a.p.backup.roles.PrimaryRole - PrimaryRole{system-partition-1}{role=PRIMARY} - Sending ExecuteResponse{status=OK, result=byte[]{length=39, hash=-1080272075}}
00:17:00.481 [atomix-system-9] TRACE i.a.p.backup.roles.PrimaryRole - PrimaryRole{system-partition-1}{role=PRIMARY} - Received ExecuteRequest{session=2917001958600377164, node=2, primitive=PrimitiveDescriptor{name=atomix-primary-elector, type=PRIMARY_ELECTOR, backups=1, replication=ASYNCHRONOUS}, operation=PrimitiveOperation{id=DefaultOperationId{id=ENTER, type=COMMAND}, value=byte[]{length=29, hash=-970818257}}}
00:17:00.481 [atomix-system-9] TRACE i.a.p.backup.roles.PrimaryRole - PrimaryRole{system-partition-1}{role=PRIMARY} - Sending ExecuteResponse{status=OK, result=byte[]{length=39, hash=-1080272075}}
00:17:00.481 [atomix-system-9] TRACE i.a.p.backup.roles.PrimaryRole - PrimaryRole{system-partition-1}{role=PRIMARY} - Received ExecuteRequest{session=2917001958600377164, node=2, primitive=PrimitiveDescriptor{name=atomix-primary-elector, type=PRIMARY_ELECTOR, backups=1, replication=ASYNCHRONOUS}, operation=PrimitiveOperation{id=DefaultOperationId{id=ENTER, type=COMMAND}, value=byte[]{length=28, hash=-31316520}}}
00:17:00.482 [atomix-system-9] TRACE i.a.p.backup.roles.PrimaryRole - PrimaryRole{system-partition-1}{role=PRIMARY} - Sending ExecuteResponse{status=OK, result=byte[]{length=39, hash=-1080272075}}
00:17:00.482 [atomix-system-9] TRACE i.a.p.backup.roles.PrimaryRole - PrimaryRole{system-partition-1}{role=PRIMARY} - Received ExecuteRequest{session=2917001958600377164, node=2, primitive=PrimitiveDescriptor{name=atomix-primary-elector, type=PRIMARY_ELECTOR, backups=1, replication=ASYNCHRONOUS}, operation=PrimitiveOperation{id=DefaultOperationId{id=ENTER, type=COMMAND}, value=byte[]{length=28, hash=-31316586}}}
00:17:00.482 [atomix-system-9] TRACE i.a.p.backup.roles.PrimaryRole - PrimaryRole{system-partition-1}{role=PRIMARY} - Sending ExecuteResponse{status=OK, result=byte[]{length=39, hash=-1080272075}}
00:17:00.482 [atomix-system-9] TRACE i.a.p.backup.roles.PrimaryRole - PrimaryRole{system-partition-1}{role=PRIMARY} - Received ExecuteRequest{session=2917001958600377164, node=2, primitive=PrimitiveDescriptor{name=atomix-primary-elector, type=PRIMARY_ELECTOR, backups=1, replication=ASYNCHRONOUS}, operation=PrimitiveOperation{id=DefaultOperationId{id=ENTER, type=COMMAND}, value=byte[]{length=29, hash=-970818009}}}
00:17:00.483 [atomix-system-9] TRACE i.a.p.backup.roles.PrimaryRole - PrimaryRole{system-partition-1}{role=PRIMARY} - Sending ExecuteResponse{status=OK, result=byte[]{length=39, hash=-1080272075}}
00:17:00.483 [atomix-system-9] TRACE i.a.p.backup.roles.PrimaryRole - PrimaryRole{system-partition-1}{role=PRIMARY} - Received ExecuteRequest{session=2917001958600377164, node=2, primitive=PrimitiveDescriptor{name=atomix-primary-elector, type=PRIMARY_ELECTOR, backups=1, replication=ASYNCHRONOUS}, operation=PrimitiveOperation{id=DefaultOperationId{id=ENTER, type=COMMAND}, value=byte[]{length=28, hash=-31316512}}}
00:17:00.483 [atomix-system-9] TRACE i.a.p.backup.roles.PrimaryRole - PrimaryRole{system-partition-1}{role=PRIMARY} - Sending ExecuteResponse{status=OK, result=byte[]{length=39, hash=-1080272075}}
00:17:00.484 [atomix-system-9] TRACE i.a.p.backup.roles.PrimaryRole - PrimaryRole{system-partition-1}{role=PRIMARY} - Received ExecuteRequest{session=2917001958600377164, node=2, primitive=PrimitiveDescriptor{name=atomix-primary-elector, type=PRIMARY_ELECTOR, backups=1, replication=ASYNCHRONOUS}, operation=PrimitiveOperation{id=DefaultOperationId{id=ENTER, type=COMMAND}, value=byte[]{length=28, hash=-31316578}}}
00:17:00.484 [atomix-system-0] TRACE i.a.p.backup.roles.PrimaryRole - PrimaryRole{system-partition-1}{role=PRIMARY} - Sending BackupRequest{primary=3, term=14, index=2, primitive=PrimitiveDescriptor{name=primitives, type=consistent-map, backups=2, replication=SYNCHRONOUS}, operations=[HeartbeatOperation{index=48, timestamp=1528669020484}]} to 1
00:17:00.484 [atomix-system-0] TRACE i.a.p.backup.roles.PrimaryRole - PrimaryRole{system-partition-1}{role=PRIMARY} - Sending BackupRequest{primary=3, term=14, index=2, primitive=PrimitiveDescriptor{name=primitives, type=consistent-map, backups=2, replication=SYNCHRONOUS}, operations=[HeartbeatOperation{index=48, timestamp=1528669020484}]} to 2
00:17:00.484 [atomix-system-9] TRACE i.a.p.backup.roles.BackupRole - BackupRole{system-partition-1}{role=BACKUP} - Received BackupRequest{primary=3, term=14, index=2, primitive=PrimitiveDescriptor{name=primitives, type=consistent-map, backups=2, replication=SYNCHRONOUS}, operations=[HeartbeatOperation{index=48, timestamp=1528669020484}]}
00:17:00.484 [atomix-system-9] TRACE i.a.p.backup.roles.PrimaryRole - PrimaryRole{system-partition-1}{role=PRIMARY} - Sending ExecuteResponse{status=OK, result=byte[]{length=53, hash=-1083785475}}
00:17:00.484 [atomix-system-9] TRACE i.a.p.backup.roles.BackupRole - BackupRole{system-partition-1}{role=BACKUP} - Sending BackupResponse{status=OK}
00:17:00.485 [atomix-system-12] TRACE i.a.p.backup.roles.PrimaryRole - PrimaryRole{system-partition-1}{role=PRIMARY} - Received BackupResponse{status=OK} from 1
00:17:00.485 [atomix-system-9] TRACE i.a.p.b.impl.PrimaryBackupSession - PrimaryBackupSession{system-partition-1}{session=4332313565502807635} - Sending PrimitiveEvent{type=change, value=byte[]{length=48, hash=-650453172}} to 3
00:17:00.485 [atomix-system-9] TRACE i.a.p.b.impl.PrimaryBackupSession - PrimaryBackupSession{system-partition-1}{session=4822208371359517296} - Sending PrimitiveEvent{type=change, value=byte[]{length=48, hash=-650453172}} to 1
00:17:00.485 [atomix-system-13] TRACE i.a.p.b.s.PrimaryBackupSessionClient - SessionClient{system-partition-1}{type=PRIMARY_ELECTOR, name=atomix-primary-elector} - Received PrimitiveEvent{type=change, value=byte[]{length=48, hash=-650453172}}
00:17:00.485 [atomix-system-9] TRACE i.a.p.backup.roles.PrimaryRole - PrimaryRole{system-partition-1}{role=PRIMARY} - Received ExecuteRequest{session=2917001958600377164, node=2, primitive=PrimitiveDescriptor{name=atomix-primary-elector, type=PRIMARY_ELECTOR, backups=1, replication=ASYNCHRONOUS}, operation=PrimitiveOperation{id=DefaultOperationId{id=ENTER, type=COMMAND}, value=byte[]{length=28, hash=-31316568}}}
00:17:00.485 [atomix-system-14] TRACE i.a.p.b.s.PrimaryBackupSessionClient - SessionClient{system-partition-1}{type=PRIMARY_ELECTOR, name=atomix-primary-elector} - Received PrimitiveEvent{type=change, value=byte[]{length=48, hash=-650453172}}
00:17:00.486 [atomix-system-9] TRACE i.a.p.backup.roles.PrimaryRole - PrimaryRole{system-partition-1}{role=PRIMARY} - Sending ExecuteResponse{status=OK, result=byte[]{length=53, hash=-1083785475}}
00:17:00.486 [atomix-system-9] TRACE i.a.p.b.impl.PrimaryBackupSession - PrimaryBackupSession{system-partition-1}{session=2917001958600377164} - Sending PrimitiveEvent{type=change, value=byte[]{length=48, hash=-650453172}} to 2
00:17:00.486 [atomix-system-9] TRACE i.a.p.b.impl.PrimaryBackupSession - PrimaryBackupSession{system-partition-1}{session=4332313565502807635} - Sending PrimitiveEvent{type=change, value=byte[]{length=48, hash=-1174022008}} to 3
00:17:00.486 [atomix-system-9] TRACE i.a.p.b.impl.PrimaryBackupSession - PrimaryBackupSession{system-partition-1}{session=4822208371359517296} - Sending PrimitiveEvent{type=change, value=byte[]{length=48, hash=-1174022008}} to 1
00:17:00.486 [atomix-system-3] TRACE i.a.p.b.s.PrimaryBackupSessionClient - SessionClient{system-partition-1}{type=PRIMARY_ELECTOR, name=atomix-primary-elector} - Received PrimitiveEvent{type=change, value=byte[]{length=48, hash=-1174022008}}
00:17:00.486 [atomix-system-8] TRACE i.a.p.b.s.PrimaryBackupSessionClient - SessionClient{system-partition-1}{type=PRIMARY_ELECTOR, name=atomix-primary-elector} - Received PrimitiveEvent{type=change, value=byte[]{length=48, hash=-1174022008}}
00:17:00.486 [atomix-system-3] TRACE i.a.p.b.s.PrimaryBackupSessionClient - SessionClient{system-partition-1}{type=PRIMARY_ELECTOR, name=atomix-primary-elector} - Received PrimitiveEvent{type=change, value=byte[]{length=49, hash=-1706750891}}
00:17:00.486 [atomix-system-9] TRACE i.a.p.b.impl.PrimaryBackupSession - PrimaryBackupSession{system-partition-1}{session=2917001958600377164} - Sending PrimitiveEvent{type=change, value=byte[]{length=48, hash=-1174022008}} to 2
00:17:00.487 [atomix-system-9] TRACE i.a.p.b.impl.PrimaryBackupSession - PrimaryBackupSession{system-partition-1}{session=4332313565502807635} - Sending PrimitiveEvent{type=change, value=byte[]{length=48, hash=1279653184}} to 3
00:17:00.487 [atomix-system-9] TRACE i.a.p.b.impl.PrimaryBackupSession - PrimaryBackupSession{system-partition-1}{session=4822208371359517296} - Sending PrimitiveEvent{type=change, value=byte[]{length=48, hash=1279653184}} to 1
00:17:00.487 [atomix-system-11] TRACE i.a.p.b.s.PrimaryBackupSessionClient - SessionClient{system-partition-1}{type=PRIMARY_ELECTOR, name=atomix-primary-elector} - Received PrimitiveEvent{type=change, value=byte[]{length=48, hash=1279653184}}
00:17:00.487 [atomix-system-9] TRACE i.a.p.b.impl.PrimaryBackupSession - PrimaryBackupSession{system-partition-1}{session=2917001958600377164} - Sending PrimitiveEvent{type=change, value=byte[]{length=48, hash=1279653184}} to 2
00:17:00.487 [atomix-system-1] TRACE i.a.p.b.s.PrimaryBackupSessionClient - SessionClient{system-partition-1}{type=PRIMARY_ELECTOR, name=atomix-primary-elector} - Received PrimitiveEvent{type=change, value=byte[]{length=48, hash=1279653184}}
00:17:00.487 [atomix-system-9] TRACE i.a.p.backup.roles.PrimaryRole - PrimaryRole{system-partition-1}{role=PRIMARY} - Received ExecuteRequest{session=2917001958600377164, node=2, primitive=PrimitiveDescriptor{name=atomix-primary-elector, type=PRIMARY_ELECTOR, backups=1, replication=ASYNCHRONOUS}, operation=PrimitiveOperation{id=DefaultOperationId{id=ENTER, type=COMMAND}, value=byte[]{length=28, hash=-31316502}}}
00:17:00.488 [atomix-system-9] TRACE i.a.p.backup.roles.PrimaryRole - PrimaryRole{system-partition-1}{role=PRIMARY} - Sending ExecuteResponse{status=OK, result=byte[]{length=53, hash=-1083785475}}
00:17:00.488 [atomix-system-9] TRACE i.a.p.backup.roles.PrimaryRole - PrimaryRole{system-partition-1}{role=PRIMARY} - Received ExecuteRequest{session=2917001958600377164, node=2, primitive=PrimitiveDescriptor{name=atomix-primary-elector, type=PRIMARY_ELECTOR, backups=1, replication=ASYNCHRONOUS}, operation=PrimitiveOperation{id=DefaultOperationId{id=ENTER, type=COMMAND}, value=byte[]{length=28, hash=-31316560}}}
00:17:00.488 [atomix-system-9] TRACE i.a.p.backup.roles.PrimaryRole - PrimaryRole{system-partition-1}{role=PRIMARY} - Sending ExecuteResponse{status=OK, result=byte[]{length=53, hash=-1083785475}}
00:17:00.489 [atomix-system-9] TRACE i.a.p.backup.roles.PrimaryRole - PrimaryRole{system-partition-1}{role=PRIMARY} - Received ExecuteRequest{session=2917001958600377164, node=2, primitive=PrimitiveDescriptor{name=atomix-primary-elector, type=PRIMARY_ELECTOR, backups=1, replication=ASYNCHRONOUS}, operation=PrimitiveOperation{id=DefaultOperationId{id=ENTER, type=COMMAND}, value=byte[]{length=28, hash=-31316494}}}
00:17:00.489 [atomix-system-9] TRACE i.a.p.backup.roles.PrimaryRole - PrimaryRole{system-partition-1}{role=PRIMARY} - Sending ExecuteResponse{status=OK, result=byte[]{length=53, hash=-1083785475}}
00:17:00.489 [atomix-system-9] TRACE i.a.p.backup.roles.PrimaryRole - PrimaryRole{system-partition-1}{role=PRIMARY} - Received ExecuteRequest{session=2917001958600377164, node=2, primitive=PrimitiveDescriptor{name=atomix-primary-elector, type=PRIMARY_ELECTOR, backups=1, replication=ASYNCHRONOUS}, operation=PrimitiveOperation{id=DefaultOperationId{id=ENTER, type=COMMAND}, value=byte[]{length=28, hash=-31316552}}}
00:17:00.490 [atomix-system-9] TRACE i.a.p.backup.roles.PrimaryRole - PrimaryRole{system-partition-1}{role=PRIMARY} - Sending ExecuteResponse{status=OK, result=byte[]{length=53, hash=-1083785475}}
00:17:00.490 [atomix-system-9] TRACE i.a.p.backup.roles.PrimaryRole - PrimaryRole{system-partition-1}{role=PRIMARY} - Received ExecuteRequest{session=2917001958600377164, node=2, primitive=PrimitiveDescriptor{name=atomix-primary-elector, type=PRIMARY_ELECTOR, backups=1, replication=ASYNCHRONOUS}, operation=PrimitiveOperation{id=DefaultOperationId{id=ENTER, type=COMMAND}, value=byte[]{length=28, hash=-31316486}}}
00:17:00.490 [atomix-system-9] TRACE i.a.p.backup.roles.PrimaryRole - PrimaryRole{system-partition-1}{role=PRIMARY} - Sending ExecuteResponse{status=OK, result=byte[]{length=53, hash=-1083785475}}
00:17:00.490 [atomix-system-9] TRACE i.a.p.backup.roles.PrimaryRole - PrimaryRole{system-partition-1}{role=PRIMARY} - Received ExecuteRequest{session=2917001958600377164, node=2, primitive=PrimitiveDescriptor{name=atomix-primary-elector, type=PRIMARY_ELECTOR, backups=1, replication=ASYNCHRONOUS}, operation=PrimitiveOperation{id=DefaultOperationId{id=ENTER, type=COMMAND}, value=byte[]{length=28, hash=-31316544}}}
00:17:00.491 [atomix-system-9] TRACE i.a.p.backup.roles.PrimaryRole - PrimaryRole{system-partition-1}{role=PRIMARY} - Sending ExecuteResponse{status=OK, result=byte[]{length=53, hash=-1083785475}}
00:17:00.491 [atomix-system-9] TRACE i.a.p.backup.roles.PrimaryRole - PrimaryRole{system-partition-1}{role=PRIMARY} - Received ExecuteRequest{session=2917001958600377164, node=2, primitive=PrimitiveDescriptor{name=atomix-primary-elector, type=PRIMARY_ELECTOR, backups=1, replication=ASYNCHRONOUS}, operation=PrimitiveOperation{id=DefaultOperationId{id=ENTER, type=COMMAND}, value=byte[]{length=28, hash=-31316478}}}
00:17:00.491 [atomix-system-9] TRACE i.a.p.backup.roles.PrimaryRole - PrimaryRole{system-partition-1}{role=PRIMARY} - Sending ExecuteResponse{status=OK, result=byte[]{length=53, hash=-1083785475}}
00:17:00.491 [atomix-system-9] TRACE i.a.p.b.impl.PrimaryBackupSession - PrimaryBackupSession{system-partition-1}{session=4332313565502807635} - Sending PrimitiveEvent{type=change, value=byte[]{length=48, hash=757424124}} to 3
00:17:00.491 [atomix-system-9] TRACE i.a.p.b.impl.PrimaryBackupSession - PrimaryBackupSession{system-partition-1}{session=4822208371359517296} - Sending PrimitiveEvent{type=change, value=byte[]{length=48, hash=757424124}} to 1
00:17:00.491 [atomix-system-0] TRACE i.a.p.b.s.PrimaryBackupSessionClient - SessionClient{system-partition-1}{type=PRIMARY_ELECTOR, name=atomix-primary-elector} - Received PrimitiveEvent{type=change, value=byte[]{length=48, hash=757424124}}
00:17:00.492 [atomix-system-6] TRACE i.a.p.b.s.PrimaryBackupSessionClient - SessionClient{system-partition-1}{type=PRIMARY_ELECTOR, name=atomix-primary-elector} - Received PrimitiveEvent{type=change, value=byte[]{length=48, hash=757424124}}
00:17:00.492 [atomix-system-9] TRACE i.a.p.backup.roles.PrimaryRole - PrimaryRole{system-partition-1}{role=PRIMARY} - Received ExecuteRequest{session=2917001958600377164, node=2, primitive=PrimitiveDescriptor{name=atomix-primary-elector, type=PRIMARY_ELECTOR, backups=1, replication=ASYNCHRONOUS}, operation=PrimitiveOperation{id=DefaultOperationId{id=ENTER, type=COMMAND}, value=byte[]{length=28, hash=-31316472}}}
00:17:00.492 [atomix-system-9] TRACE i.a.p.backup.roles.PrimaryRole - PrimaryRole{system-partition-1}{role=PRIMARY} - Sending ExecuteResponse{status=OK, result=byte[]{length=53, hash=-1083785475}}
00:17:00.492 [atomix-system-9] TRACE i.a.p.b.impl.PrimaryBackupSession - PrimaryBackupSession{system-partition-1}{session=2917001958600377164} - Sending PrimitiveEvent{type=change, value=byte[]{length=48, hash=757424124}} to 2
00:17:00.492 [atomix-system-9] TRACE i.a.p.backup.roles.PrimaryRole - PrimaryRole{system-partition-1}{role=PRIMARY} - Received ExecuteRequest{session=2917001958600377164, node=2, primitive=PrimitiveDescriptor{name=atomix-primary-elector, type=PRIMARY_ELECTOR, backups=1, replication=ASYNCHRONOUS}, operation=PrimitiveOperation{id=DefaultOperationId{id=ENTER, type=COMMAND}, value=byte[]{length=28, hash=-31316538}}}
00:17:00.493 [atomix-system-9] TRACE i.a.p.backup.roles.PrimaryRole - PrimaryRole{system-partition-1}{role=PRIMARY} - Sending ExecuteResponse{status=OK, result=byte[]{length=53, hash=-1083785475}}
00:17:00.493 [atomix-system-9] TRACE i.a.p.backup.roles.PrimaryRole - PrimaryRole{system-partition-1}{role=PRIMARY} - Received ExecuteRequest{session=2917001958600377164, node=2, primitive=PrimitiveDescriptor{name=atomix-primary-elector, type=PRIMARY_ELECTOR, backups=1, replication=ASYNCHRONOUS}, operation=PrimitiveOperation{id=DefaultOperationId{id=ENTER, type=COMMAND}, value=byte[]{length=29, hash=-970818319}}}
00:17:00.493 [atomix-system-9] TRACE i.a.p.backup.roles.PrimaryRole - PrimaryRole{system-partition-1}{role=PRIMARY} - Sending ExecuteResponse{status=OK, result=byte[]{length=53, hash=-1083785475}}
00:17:00.494 [atomix-system-9] TRACE i.a.p.backup.roles.PrimaryRole - PrimaryRole{system-partition-1}{role=PRIMARY} - Received ExecuteRequest{session=2917001958600377164, node=2, primitive=PrimitiveDescriptor{name=atomix-primary-elector, type=PRIMARY_ELECTOR, backups=1, replication=ASYNCHRONOUS}, operation=PrimitiveOperation{id=DefaultOperationId{id=ENTER, type=COMMAND}, value=byte[]{length=28, hash=-31316530}}}
00:17:00.494 [atomix-system-9] TRACE i.a.p.backup.roles.PrimaryRole - PrimaryRole{system-partition-1}{role=PRIMARY} - Sending ExecuteResponse{status=OK, result=byte[]{length=53, hash=-1083785475}}
00:17:00.494 [atomix-system-9] TRACE i.a.p.backup.roles.PrimaryRole - PrimaryRole{system-partition-1}{role=PRIMARY} - Received ExecuteRequest{session=2917001958600377164, node=2, primitive=PrimitiveDescriptor{name=atomix-primary-elector, type=PRIMARY_ELECTOR, backups=1, replication=ASYNCHRONOUS}, operation=PrimitiveOperation{id=DefaultOperationId{id=ENTER, type=COMMAND}, value=byte[]{length=28, hash=-31316588}}}
00:17:00.494 [atomix-system-9] TRACE i.a.p.backup.roles.PrimaryRole - PrimaryRole{system-partition-1}{role=PRIMARY} - Sending ExecuteResponse{status=OK, result=byte[]{length=53, hash=-1083785475}}
00:17:00.495 [atomix-system-9] TRACE i.a.p.backup.roles.PrimaryRole - PrimaryRole{system-partition-1}{role=PRIMARY} - Received ExecuteRequest{session=2917001958600377164, node=2, primitive=PrimitiveDescriptor{name=atomix-primary-elector, type=PRIMARY_ELECTOR, backups=1, replication=ASYNCHRONOUS}, operation=PrimitiveOperation{id=DefaultOperationId{id=ENTER, type=COMMAND}, value=byte[]{length=29, hash=-970818071}}}
00:17:00.495 [atomix-system-9] TRACE i.a.p.backup.roles.PrimaryRole - PrimaryRole{system-partition-1}{role=PRIMARY} - Sending ExecuteResponse{status=OK, result=byte[]{length=53, hash=-1083785475}}
00:17:00.495 [atomix-system-9] TRACE i.a.p.backup.roles.PrimaryRole - PrimaryRole{system-partition-1}{role=PRIMARY} - Received ExecuteRequest{session=2917001958600377164, node=2, primitive=PrimitiveDescriptor{name=atomix-primary-elector, type=PRIMARY_ELECTOR, backups=1, replication=ASYNCHRONOUS}, operation=PrimitiveOperation{id=DefaultOperationId{id=ENTER, type=COMMAND}, value=byte[]{length=28, hash=-31316522}}}
00:17:00.495 [atomix-system-9] TRACE i.a.p.backup.roles.PrimaryRole - PrimaryRole{system-partition-1}{role=PRIMARY} - Sending ExecuteResponse{status=OK, result=byte[]{length=53, hash=-1083785475}}
00:17:00.496 [atomix-system-9] TRACE i.a.p.backup.roles.PrimaryRole - PrimaryRole{system-partition-1}{role=PRIMARY} - Received ExecuteRequest{session=2917001958600377164, node=2, primitive=PrimitiveDescriptor{name=atomix-primary-elector, type=PRIMARY_ELECTOR, backups=1, replication=ASYNCHRONOUS}, operation=PrimitiveOperation{id=DefaultOperationId{id=ENTER, type=COMMAND}, value=byte[]{length=28, hash=-31316580}}}
00:17:00.496 [atomix-system-9] TRACE i.a.p.backup.roles.PrimaryRole - PrimaryRole{system-partition-1}{role=PRIMARY} - Sending ExecuteResponse{status=OK, result=byte[]{length=53, hash=-1083785475}}
00:17:00.496 [atomix-system-9] TRACE i.a.p.b.impl.PrimaryBackupSession - PrimaryBackupSession{system-partition-1}{session=4332313565502807635} - Sending PrimitiveEvent{type=change, value=byte[]{length=48, hash=-1083867980}} to 3
00:17:00.496 [atomix-system-9] TRACE i.a.p.b.impl.PrimaryBackupSession - PrimaryBackupSession{system-partition-1}{session=4822208371359517296} - Sending PrimitiveEvent{type=change, value=byte[]{length=48, hash=-1083867980}} to 1
00:17:00.496 [atomix-system-13] TRACE i.a.p.b.s.PrimaryBackupSessionClient - SessionClient{system-partition-1}{type=PRIMARY_ELECTOR, name=atomix-primary-elector} - Received PrimitiveEvent{type=change, value=byte[]{length=48, hash=-1083867980}}
00:17:00.497 [atomix-system-9] TRACE i.a.p.b.impl.PrimaryBackupSession - PrimaryBackupSession{system-partition-1}{session=2917001958600377164} - Sending PrimitiveEvent{type=change, value=byte[]{length=48, hash=-1083867980}} to 2
00:17:00.497 [atomix-system-13] TRACE i.a.p.b.s.PrimaryBackupSessionClient - SessionClient{system-partition-1}{type=PRIMARY_ELECTOR, name=atomix-primary-elector} - Received PrimitiveEvent{type=change, value=byte[]{length=48, hash=-1083867980}}
00:17:00.497 [atomix-system-9] TRACE i.a.p.backup.roles.PrimaryRole - PrimaryRole{system-partition-1}{role=PRIMARY} - Received ExecuteRequest{session=2917001958600377164, node=2, primitive=PrimitiveDescriptor{name=atomix-primary-elector, type=PRIMARY_ELECTOR, backups=1, replication=ASYNCHRONOUS}, operation=PrimitiveOperation{id=DefaultOperationId{id=ENTER, type=COMMAND}, value=byte[]{length=28, hash=-31316514}}}
00:17:00.497 [atomix-system-9] TRACE i.a.p.backup.roles.PrimaryRole - PrimaryRole{system-partition-1}{role=PRIMARY} - Sending ExecuteResponse{status=OK, result=byte[]{length=53, hash=-1083785475}}
00:17:00.497 [atomix-system-9] TRACE i.a.p.backup.roles.PrimaryRole - PrimaryRole{system-partition-1}{role=PRIMARY} - Received ExecuteRequest{session=2917001958600377164, node=2, primitive=PrimitiveDescriptor{name=atomix-primary-elector, type=PRIMARY_ELECTOR, backups=1, replication=ASYNCHRONOUS}, operation=PrimitiveOperation{id=DefaultOperationId{id=ENTER, type=COMMAND}, value=byte[]{length=28, hash=-31316572}}}
00:17:00.498 [atomix-system-9] TRACE i.a.p.backup.roles.PrimaryRole - PrimaryRole{system-partition-1}{role=PRIMARY} - Sending ExecuteResponse{status=OK, result=byte[]{length=53, hash=-1083785475}}
00:17:00.498 [atomix-system-9] TRACE i.a.p.backup.roles.PrimaryRole - PrimaryRole{system-partition-1}{role=PRIMARY} - Received ExecuteRequest{session=2917001958600377164, node=2, primitive=PrimitiveDescriptor{name=atomix-primary-elector, type=PRIMARY_ELECTOR, backups=1, replication=ASYNCHRONOUS}, operation=PrimitiveOperation{id=DefaultOperationId{id=ENTER, type=COMMAND}, value=byte[]{length=28, hash=-31316504}}}
00:17:00.498 [atomix-system-9] TRACE i.a.p.backup.roles.PrimaryRole - PrimaryRole{system-partition-1}{role=PRIMARY} - Sending ExecuteResponse{status=OK, result=byte[]{length=53, hash=-1083785475}}
00:17:00.499 [atomix-system-9] TRACE i.a.p.backup.roles.PrimaryRole - PrimaryRole{system-partition-1}{role=PRIMARY} - Received ExecuteRequest{session=2917001958600377164, node=2, primitive=PrimitiveDescriptor{name=atomix-primary-elector, type=PRIMARY_ELECTOR, backups=1, replication=ASYNCHRONOUS}, operation=PrimitiveOperation{id=DefaultOperationId{id=ENTER, type=COMMAND}, value=byte[]{length=28, hash=-31316570}}}
00:17:00.499 [atomix-system-9] TRACE i.a.p.backup.roles.PrimaryRole - PrimaryRole{system-partition-1}{role=PRIMARY} - Sending ExecuteResponse{status=OK, result=byte[]{length=53, hash=-1083785475}}
00:17:00.499 [atomix-system-9] TRACE i.a.p.backup.roles.PrimaryRole - PrimaryRole{system-partition-1}{role=PRIMARY} - Received ExecuteRequest{session=2917001958600377164, node=2, primitive=PrimitiveDescriptor{name=atomix-primary-elector, type=PRIMARY_ELECTOR, backups=1, replication=ASYNCHRONOUS}, operation=PrimitiveOperation{id=DefaultOperationId{id=ENTER, type=COMMAND}, value=byte[]{length=28, hash=-31316496}}}
00:17:00.499 [atomix-system-9] TRACE i.a.p.backup.roles.PrimaryRole - PrimaryRole{system-partition-1}{role=PRIMARY} - Sending ExecuteResponse{status=OK, result=byte[]{length=53, hash=-1083785475}}
00:17:00.500 [atomix-system-9] TRACE i.a.p.backup.roles.PrimaryRole - PrimaryRole{system-partition-1}{role=PRIMARY} - Received ExecuteRequest{session=2917001958600377164, node=2, primitive=PrimitiveDescriptor{name=atomix-primary-elector, type=PRIMARY_ELECTOR, backups=1, replication=ASYNCHRONOUS}, operation=PrimitiveOperation{id=DefaultOperationId{id=ENTER, type=COMMAND}, value=byte[]{length=28, hash=-31316562}}}
00:17:00.500 [atomix-system-9] TRACE i.a.p.backup.roles.PrimaryRole - PrimaryRole{system-partition-1}{role=PRIMARY} - Sending ExecuteResponse{status=OK, result=byte[]{length=53, hash=-1083785475}}
00:17:00.500 [atomix-system-9] TRACE i.a.p.backup.roles.PrimaryRole - PrimaryRole{system-partition-1}{role=PRIMARY} - Received ExecuteRequest{session=2917001958600377164, node=2, primitive=PrimitiveDescriptor{name=atomix-primary-elector, type=PRIMARY_ELECTOR, backups=1, replication=ASYNCHRONOUS}, operation=PrimitiveOperation{id=DefaultOperationId{id=ENTER, type=COMMAND}, value=byte[]{length=28, hash=-31316488}}}
00:17:00.501 [atomix-system-9] TRACE i.a.p.backup.roles.PrimaryRole - PrimaryRole{system-partition-1}{role=PRIMARY} - Sending ExecuteResponse{status=OK, result=byte[]{length=53, hash=-1083785475}}
00:17:00.501 [atomix-system-9] TRACE i.a.p.backup.roles.PrimaryRole - PrimaryRole{system-partition-1}{role=PRIMARY} - Received ExecuteRequest{session=2917001958600377164, node=2, primitive=PrimitiveDescriptor{name=atomix-primary-elector, type=PRIMARY_ELECTOR, backups=1, replication=ASYNCHRONOUS}, operation=PrimitiveOperation{id=DefaultOperationId{id=ENTER, type=COMMAND}, value=byte[]{length=28, hash=-31316554}}}
00:17:00.501 [atomix-system-9] TRACE i.a.p.backup.roles.PrimaryRole - PrimaryRole{system-partition-1}{role=PRIMARY} - Sending ExecuteResponse{status=OK, result=byte[]{length=53, hash=-1083785475}}
00:17:00.501 [atomix-system-9] TRACE i.a.p.backup.roles.PrimaryRole - PrimaryRole{system-partition-1}{role=PRIMARY} - Received ExecuteRequest{session=2917001958600377164, node=2, primitive=PrimitiveDescriptor{name=atomix-primary-elector, type=PRIMARY_ELECTOR, backups=1, replication=ASYNCHRONOUS}, operation=PrimitiveOperation{id=DefaultOperationId{id=ENTER, type=COMMAND}, value=byte[]{length=28, hash=-31316480}}}
00:17:00.502 [atomix-system-9] TRACE i.a.p.backup.roles.PrimaryRole - PrimaryRole{system-partition-1}{role=PRIMARY} - Sending ExecuteResponse{status=OK, result=byte[]{length=53, hash=-1083785475}}
00:17:00.502 [atomix-system-9] TRACE i.a.p.backup.roles.PrimaryRole - PrimaryRole{system-partition-1}{role=PRIMARY} - Received ExecuteRequest{session=2917001958600377164, node=2, primitive=PrimitiveDescriptor{name=atomix-primary-elector, type=PRIMARY_ELECTOR, backups=1, replication=ASYNCHRONOUS}, operation=PrimitiveOperation{id=DefaultOperationId{id=ENTER, type=COMMAND}, value=byte[]{length=28, hash=-31316546}}}
00:17:00.502 [atomix-system-9] TRACE i.a.p.backup.roles.PrimaryRole - PrimaryRole{system-partition-1}{role=PRIMARY} - Sending ExecuteResponse{status=OK, result=byte[]{length=53, hash=-1083785475}}
00:17:00.503 [atomix-system-9] TRACE i.a.p.b.impl.PrimaryBackupSession - PrimaryBackupSession{system-partition-1}{session=4332313565502807635} - Sending PrimitiveEvent{type=change, value=byte[]{length=48, hash=-1606097040}} to 3
00:17:00.503 [atomix-system-9] TRACE i.a.p.b.impl.PrimaryBackupSession - PrimaryBackupSession{system-partition-1}{session=4822208371359517296} - Sending PrimitiveEvent{type=change, value=byte[]{length=48, hash=-1606097040}} to 1
00:17:00.503 [atomix-system-6] TRACE i.a.p.b.s.PrimaryBackupSessionClient - SessionClient{system-partition-1}{type=PRIMARY_ELECTOR, name=atomix-primary-elector} - Received PrimitiveEvent{type=change, value=byte[]{length=48, hash=-1606097040}}
00:17:00.503 [atomix-system-12] TRACE i.a.p.b.s.PrimaryBackupSessionClient - SessionClient{system-partition-1}{type=PRIMARY_ELECTOR, name=atomix-primary-elector} - Received PrimitiveEvent{type=change, value=byte[]{length=48, hash=-1606097040}}
00:17:00.503 [atomix-system-9] TRACE i.a.p.b.impl.PrimaryBackupSession - PrimaryBackupSession{system-partition-1}{session=2917001958600377164} - Sending PrimitiveEvent{type=change, value=byte[]{length=48, hash=-1606097040}} to 2
00:17:00.503 [atomix-system-9] TRACE i.a.p.b.impl.PrimaryBackupSession - PrimaryBackupSession{system-partition-1}{session=4332313565502807635} - Sending PrimitiveEvent{type=change, value=byte[]{length=48, hash=-359832692}} to 3
00:17:00.503 [atomix-system-9] TRACE i.a.p.b.impl.PrimaryBackupSession - PrimaryBackupSession{system-partition-1}{session=4822208371359517296} - Sending PrimitiveEvent{type=change, value=byte[]{length=48, hash=-359832692}} to 1
00:17:00.503 [atomix-system-7] TRACE i.a.p.b.s.PrimaryBackupSessionClient - SessionClient{system-partition-1}{type=PRIMARY_ELECTOR, name=atomix-primary-elector} - Received PrimitiveEvent{type=change, value=byte[]{length=48, hash=-359832692}}
00:17:00.504 [atomix-system-9] TRACE i.a.p.b.impl.PrimaryBackupSession - PrimaryBackupSession{system-partition-1}{session=2917001958600377164} - Sending PrimitiveEvent{type=change, value=byte[]{length=48, hash=-359832692}} to 2
00:17:00.504 [atomix-system-4] TRACE i.a.p.b.s.PrimaryBackupSessionClient - SessionClient{system-partition-1}{type=PRIMARY_ELECTOR, name=atomix-primary-elector} - Received PrimitiveEvent{type=change, value=byte[]{length=48, hash=-359832692}}
00:17:00.504 [atomix-system-9] TRACE i.a.p.b.impl.PrimaryBackupSession - PrimaryBackupSession{system-partition-1}{session=4332313565502807635} - Sending PrimitiveEvent{type=change, value=byte[]{length=48, hash=-1275088762}} to 3
00:17:00.504 [atomix-system-9] TRACE i.a.p.b.impl.PrimaryBackupSession - PrimaryBackupSession{system-partition-1}{session=4822208371359517296} - Sending PrimitiveEvent{type=change, value=byte[]{length=48, hash=-1275088762}} to 1
00:17:00.504 [atomix-system-12] TRACE i.a.p.b.s.PrimaryBackupSessionClient - SessionClient{system-partition-1}{type=PRIMARY_ELECTOR, name=atomix-primary-elector} - Received PrimitiveEvent{type=change, value=byte[]{length=48, hash=-1275088762}}
00:17:00.504 [atomix-system-5] TRACE i.a.p.b.s.PrimaryBackupSessionClient - SessionClient{system-partition-1}{type=PRIMARY_ELECTOR, name=atomix-primary-elector} - Received PrimitiveEvent{type=change, value=byte[]{length=48, hash=-1275088762}}
00:17:00.504 [atomix-system-9] TRACE i.a.p.b.impl.PrimaryBackupSession - PrimaryBackupSession{system-partition-1}{session=2917001958600377164} - Sending PrimitiveEvent{type=change, value=byte[]{length=48, hash=-1275088762}} to 2
00:17:00.505 [atomix-system-9] TRACE i.a.p.b.impl.PrimaryBackupSession - PrimaryBackupSession{system-partition-1}{session=4332313565502807635} - Sending PrimitiveEvent{type=change, value=byte[]{length=62, hash=1779504942}} to 3
00:17:00.505 [atomix-system-9] TRACE i.a.p.b.impl.PrimaryBackupSession - PrimaryBackupSession{system-partition-1}{session=4822208371359517296} - Sending PrimitiveEvent{type=change, value=byte[]{length=62, hash=1779504942}} to 1
00:17:00.505 [atomix-system-13] TRACE i.a.p.b.s.PrimaryBackupSessionClient - SessionClient{system-partition-1}{type=PRIMARY_ELECTOR, name=atomix-primary-elector} - Received PrimitiveEvent{type=change, value=byte[]{length=62, hash=1779504942}}
00:17:00.505 [atomix-system-9] TRACE i.a.p.b.impl.PrimaryBackupSession - PrimaryBackupSession{system-partition-1}{session=2917001958600377164} - Sending PrimitiveEvent{type=change, value=byte[]{length=62, hash=1779504942}} to 2
00:17:00.505 [atomix-system-3] TRACE i.a.p.b.s.PrimaryBackupSessionClient - SessionClient{system-partition-1}{type=PRIMARY_ELECTOR, name=atomix-primary-elector} - Received PrimitiveEvent{type=change, value=byte[]{length=62, hash=1779504942}}
00:17:00.505 [atomix-system-9] TRACE i.a.p.b.impl.PrimaryBackupSession - PrimaryBackupSession{system-partition-1}{session=4332313565502807635} - Sending PrimitiveEvent{type=change, value=byte[]{length=62, hash=1247457828}} to 3
00:17:00.505 [atomix-system-9] TRACE i.a.p.b.impl.PrimaryBackupSession - PrimaryBackupSession{system-partition-1}{session=4822208371359517296} - Sending PrimitiveEvent{type=change, value=byte[]{length=62, hash=1247457828}} to 1
00:17:00.505 [atomix-system-15] TRACE i.a.p.b.s.PrimaryBackupSessionClient - SessionClient{system-partition-1}{type=PRIMARY_ELECTOR, name=atomix-primary-elector} - Received PrimitiveEvent{type=change, value=byte[]{length=62, hash=1247457828}}
00:17:00.506 [atomix-system-15] TRACE i.a.p.b.s.PrimaryBackupSessionClient - SessionClient{system-partition-1}{type=PRIMARY_ELECTOR, name=atomix-primary-elector} - Received PrimitiveEvent{type=change, value=byte[]{length=62, hash=1247457828}}
00:17:00.506 [atomix-system-9] TRACE i.a.p.b.impl.PrimaryBackupSession - PrimaryBackupSession{system-partition-1}{session=2917001958600377164} - Sending PrimitiveEvent{type=change, value=byte[]{length=62, hash=1247457828}} to 2
00:17:00.506 [atomix-system-9] TRACE i.a.p.b.impl.PrimaryBackupSession - PrimaryBackupSession{system-partition-1}{session=4332313565502807635} - Sending PrimitiveEvent{type=change, value=byte[]{length=62, hash=-56762842}} to 3
00:17:00.506 [atomix-system-9] TRACE i.a.p.b.impl.PrimaryBackupSession - PrimaryBackupSession{system-partition-1}{session=4822208371359517296} - Sending PrimitiveEvent{type=change, value=byte[]{length=62, hash=-56762842}} to 1
00:17:00.506 [atomix-system-10] TRACE i.a.p.b.s.PrimaryBackupSessionClient - SessionClient{system-partition-1}{type=PRIMARY_ELECTOR, name=atomix-primary-elector} - Received PrimitiveEvent{type=change, value=byte[]{length=62, hash=-56762842}}
00:17:00.506 [atomix-system-9] TRACE i.a.p.b.impl.PrimaryBackupSession - PrimaryBackupSession{system-partition-1}{session=2917001958600377164} - Sending PrimitiveEvent{type=change, value=byte[]{length=62, hash=-56762842}} to 2
00:17:00.506 [atomix-system-9] TRACE i.a.p.b.impl.PrimaryBackupSession - PrimaryBackupSession{system-partition-1}{session=4332313565502807635} - Sending PrimitiveEvent{type=change, value=byte[]{length=62, hash=1009662752}} to 3
00:17:00.506 [atomix-system-9] TRACE i.a.p.b.impl.PrimaryBackupSession - PrimaryBackupSession{system-partition-1}{session=4822208371359517296} - Sending PrimitiveEvent{type=change, value=byte[]{length=62, hash=1009662752}} to 1
00:17:00.506 [atomix-system-4] TRACE i.a.p.b.s.PrimaryBackupSessionClient - SessionClient{system-partition-1}{type=PRIMARY_ELECTOR, name=atomix-primary-elector} - Received PrimitiveEvent{type=change, value=byte[]{length=62, hash=1009662752}}
00:17:00.506 [atomix-system-8] TRACE i.a.p.b.s.PrimaryBackupSessionClient - SessionClient{system-partition-1}{type=PRIMARY_ELECTOR, name=atomix-primary-elector} - Received PrimitiveEvent{type=change, value=byte[]{length=62, hash=-56762842}}
00:17:00.507 [atomix-system-8] TRACE i.a.p.b.s.PrimaryBackupSessionClient - SessionClient{system-partition-1}{type=PRIMARY_ELECTOR, name=atomix-primary-elector} - Received PrimitiveEvent{type=change, value=byte[]{length=62, hash=1009662752}}
00:17:00.507 [atomix-system-9] TRACE i.a.p.b.impl.PrimaryBackupSession - PrimaryBackupSession{system-partition-1}{session=2917001958600377164} - Sending PrimitiveEvent{type=change, value=byte[]{length=62, hash=1009662752}} to 2
00:17:00.507 [atomix-system-9] TRACE i.a.p.b.impl.PrimaryBackupSession - PrimaryBackupSession{system-partition-1}{session=4332313565502807635} - Sending PrimitiveEvent{type=change, value=byte[]{length=63, hash=1569927243}} to 3
00:17:00.507 [atomix-system-9] TRACE i.a.p.b.impl.PrimaryBackupSession - PrimaryBackupSession{system-partition-1}{session=4822208371359517296} - Sending PrimitiveEvent{type=change, value=byte[]{length=63, hash=1569927243}} to 1
00:17:00.507 [atomix-system-5] TRACE i.a.p.b.s.PrimaryBackupSessionClient - SessionClient{system-partition-1}{type=PRIMARY_ELECTOR, name=atomix-primary-elector} - Received PrimitiveEvent{type=change, value=byte[]{length=63, hash=1569927243}}
00:17:00.507 [atomix-system-9] TRACE i.a.p.b.impl.PrimaryBackupSession - PrimaryBackupSession{system-partition-1}{session=2917001958600377164} - Sending PrimitiveEvent{type=change, value=byte[]{length=63, hash=1569927243}} to 2
00:17:00.507 [atomix-system-7] TRACE i.a.p.b.s.PrimaryBackupSessionClient - SessionClient{system-partition-1}{type=PRIMARY_ELECTOR, name=atomix-primary-elector} - Received PrimitiveEvent{type=change, value=byte[]{length=63, hash=1569927243}}
00:17:00.507 [atomix-system-9] TRACE i.a.p.b.impl.PrimaryBackupSession - PrimaryBackupSession{system-partition-1}{session=4332313565502807635} - Sending PrimitiveEvent{type=change, value=byte[]{length=62, hash=1920856412}} to 3
00:17:00.507 [atomix-system-9] TRACE i.a.p.b.impl.PrimaryBackupSession - PrimaryBackupSession{system-partition-1}{session=4822208371359517296} - Sending PrimitiveEvent{type=change, value=byte[]{length=62, hash=1920856412}} to 1
00:17:00.508 [atomix-system-15] TRACE i.a.p.b.s.PrimaryBackupSessionClient - SessionClient{system-partition-1}{type=PRIMARY_ELECTOR, name=atomix-primary-elector} - Received PrimitiveEvent{type=change, value=byte[]{length=62, hash=1920856412}}
00:17:00.508 [atomix-system-10] TRACE i.a.p.b.s.PrimaryBackupSessionClient - SessionClient{system-partition-1}{type=PRIMARY_ELECTOR, name=atomix-primary-elector} - Received PrimitiveEvent{type=change, value=byte[]{length=62, hash=1920856412}}
00:17:00.508 [atomix-system-9] TRACE i.a.p.b.impl.PrimaryBackupSession - PrimaryBackupSession{system-partition-1}{session=2917001958600377164} - Sending PrimitiveEvent{type=change, value=byte[]{length=62, hash=1920856412}} to 2
00:17:00.508 [atomix-system-9] TRACE i.a.p.b.impl.PrimaryBackupSession - PrimaryBackupSession{system-partition-1}{session=4332313565502807635} - Sending PrimitiveEvent{type=change, value=byte[]{length=62, hash=-1700712300}} to 3
00:17:00.508 [atomix-system-9] TRACE i.a.p.b.impl.PrimaryBackupSession - PrimaryBackupSession{system-partition-1}{session=4822208371359517296} - Sending PrimitiveEvent{type=change, value=byte[]{length=62, hash=-1700712300}} to 1
00:17:00.508 [atomix-system-10] TRACE i.a.p.b.s.PrimaryBackupSessionClient - SessionClient{system-partition-1}{type=PRIMARY_ELECTOR, name=atomix-primary-elector} - Received PrimitiveEvent{type=change, value=byte[]{length=62, hash=-1700712300}}
00:17:00.508 [atomix-system-9] TRACE i.a.p.b.impl.PrimaryBackupSession - PrimaryBackupSession{system-partition-1}{session=2917001958600377164} - Sending PrimitiveEvent{type=change, value=byte[]{length=62, hash=-1700712300}} to 2
00:17:00.508 [atomix-system-4] TRACE i.a.p.b.s.PrimaryBackupSessionClient - SessionClient{system-partition-1}{type=PRIMARY_ELECTOR, name=atomix-primary-elector} - Received PrimitiveEvent{type=change, value=byte[]{length=62, hash=-1700712300}}
00:17:00.509 [atomix-system-9] TRACE i.a.p.b.impl.PrimaryBackupSession - PrimaryBackupSession{system-partition-1}{session=4332313565502807635} - Sending PrimitiveEvent{type=change, value=byte[]{length=63, hash=866436365}} to 3
00:17:00.509 [atomix-system-9] TRACE i.a.p.b.impl.PrimaryBackupSession - PrimaryBackupSession{system-partition-1}{session=4822208371359517296} - Sending PrimitiveEvent{type=change, value=byte[]{length=63, hash=866436365}} to 1
00:17:00.509 [atomix-system-4] TRACE i.a.p.b.s.PrimaryBackupSessionClient - SessionClient{system-partition-1}{type=PRIMARY_ELECTOR, name=atomix-primary-elector} - Received PrimitiveEvent{type=change, value=byte[]{length=63, hash=866436365}}
00:17:00.509 [atomix-system-5] TRACE i.a.p.b.s.PrimaryBackupSessionClient - SessionClient{system-partition-1}{type=PRIMARY_ELECTOR, name=atomix-primary-elector} - Received PrimitiveEvent{type=change, value=byte[]{length=63, hash=866436365}}
00:17:00.509 [atomix-system-9] TRACE i.a.p.b.impl.PrimaryBackupSession - PrimaryBackupSession{system-partition-1}{session=2917001958600377164} - Sending PrimitiveEvent{type=change, value=byte[]{length=63, hash=866436365}} to 2
00:17:00.509 [atomix-system-9] TRACE i.a.p.b.impl.PrimaryBackupSession - PrimaryBackupSession{system-partition-1}{session=4332313565502807635} - Sending PrimitiveEvent{type=change, value=byte[]{length=62, hash=-1182545650}} to 3
00:17:00.509 [atomix-system-9] TRACE i.a.p.b.impl.PrimaryBackupSession - PrimaryBackupSession{system-partition-1}{session=4822208371359517296} - Sending PrimitiveEvent{type=change, value=byte[]{length=62, hash=-1182545650}} to 1
00:17:00.509 [atomix-system-8] TRACE i.a.p.b.s.PrimaryBackupSessionClient - SessionClient{system-partition-1}{type=PRIMARY_ELECTOR, name=atomix-primary-elector} - Received PrimitiveEvent{type=change, value=byte[]{length=62, hash=-1182545650}}
00:17:00.509 [atomix-system-3] TRACE i.a.p.b.s.PrimaryBackupSessionClient - SessionClient{system-partition-1}{type=PRIMARY_ELECTOR, name=atomix-primary-elector} - Received PrimitiveEvent{type=change, value=byte[]{length=62, hash=-1182545650}}
00:17:00.509 [atomix-system-9] TRACE i.a.p.b.impl.PrimaryBackupSession - PrimaryBackupSession{system-partition-1}{session=2917001958600377164} - Sending PrimitiveEvent{type=change, value=byte[]{length=62, hash=-1182545650}} to 2
00:17:00.510 [atomix-system-9] TRACE i.a.p.b.impl.PrimaryBackupSession - PrimaryBackupSession{system-partition-1}{session=4332313565502807635} - Sending PrimitiveEvent{type=change, value=byte[]{length=62, hash=-509147066}} to 3
00:17:00.510 [atomix-system-9] TRACE i.a.p.b.impl.PrimaryBackupSession - PrimaryBackupSession{system-partition-1}{session=4822208371359517296} - Sending PrimitiveEvent{type=change, value=byte[]{length=62, hash=-509147066}} to 1
00:17:00.510 [atomix-system-15] TRACE i.a.p.b.s.PrimaryBackupSessionClient - SessionClient{system-partition-1}{type=PRIMARY_ELECTOR, name=atomix-primary-elector} - Received PrimitiveEvent{type=change, value=byte[]{length=62, hash=-509147066}}
00:17:00.510 [atomix-system-15] TRACE i.a.p.b.s.PrimaryBackupSessionClient - SessionClient{system-partition-1}{type=PRIMARY_ELECTOR, name=atomix-primary-elector} - Received PrimitiveEvent{type=change, value=byte[]{length=62, hash=-509147066}}
00:17:00.510 [atomix-system-9] TRACE i.a.p.b.impl.PrimaryBackupSession - PrimaryBackupSession{system-partition-1}{session=2917001958600377164} - Sending PrimitiveEvent{type=change, value=byte[]{length=62, hash=-509147066}} to 2
00:17:00.510 [atomix-system-9] TRACE i.a.p.b.impl.PrimaryBackupSession - PrimaryBackupSession{system-partition-1}{session=4332313565502807635} - Sending PrimitiveEvent{type=change, value=byte[]{length=62, hash=795073604}} to 3
00:17:00.510 [atomix-system-9] TRACE i.a.p.b.impl.PrimaryBackupSession - PrimaryBackupSession{system-partition-1}{session=4822208371359517296} - Sending PrimitiveEvent{type=change, value=byte[]{length=62, hash=795073604}} to 1
00:17:00.510 [atomix-system-14] TRACE i.a.p.b.s.PrimaryBackupSessionClient - SessionClient{system-partition-1}{type=PRIMARY_ELECTOR, name=atomix-primary-elector} - Received PrimitiveEvent{type=change, value=byte[]{length=62, hash=795073604}}
00:17:00.511 [atomix-system-1] TRACE i.a.p.b.s.PrimaryBackupSessionClient - SessionClient{system-partition-1}{type=PRIMARY_ELECTOR, name=atomix-primary-elector} - Received PrimitiveEvent{type=change, value=byte[]{length=62, hash=795073604}}
00:17:00.511 [atomix-system-9] TRACE i.a.p.b.impl.PrimaryBackupSession - PrimaryBackupSession{system-partition-1}{session=2917001958600377164} - Sending PrimitiveEvent{type=change, value=byte[]{length=62, hash=795073604}} to 2
00:17:00.511 [atomix-system-9] TRACE i.a.p.b.impl.PrimaryBackupSession - PrimaryBackupSession{system-partition-1}{session=4332313565502807635} - Sending PrimitiveEvent{type=change, value=byte[]{length=62, hash=-2003354696}} to 3
00:17:00.511 [atomix-system-9] TRACE i.a.p.b.impl.PrimaryBackupSession - PrimaryBackupSession{system-partition-1}{session=4822208371359517296} - Sending PrimitiveEvent{type=change, value=byte[]{length=62, hash=-2003354696}} to 1
00:17:00.511 [atomix-system-13] TRACE i.a.p.b.s.PrimaryBackupSessionClient - SessionClient{system-partition-1}{type=PRIMARY_ELECTOR, name=atomix-primary-elector} - Received PrimitiveEvent{type=change, value=byte[]{length=62, hash=-2003354696}}
00:17:00.511 [atomix-system-6] TRACE i.a.p.b.s.PrimaryBackupSessionClient - SessionClient{system-partition-1}{type=PRIMARY_ELECTOR, name=atomix-primary-elector} - Received PrimitiveEvent{type=change, value=byte[]{length=62, hash=-2003354696}}
00:17:00.511 [atomix-system-9] TRACE i.a.p.b.impl.PrimaryBackupSession - PrimaryBackupSession{system-partition-1}{session=2917001958600377164} - Sending PrimitiveEvent{type=change, value=byte[]{length=62, hash=-2003354696}} to 2
00:17:00.512 [atomix-system-9] TRACE i.a.p.b.impl.PrimaryBackupSession - PrimaryBackupSession{system-partition-1}{session=4332313565502807635} - Sending PrimitiveEvent{type=change, value=byte[]{length=62, hash=594364920}} to 3
00:17:00.512 [atomix-system-9] TRACE i.a.p.b.impl.PrimaryBackupSession - PrimaryBackupSession{system-partition-1}{session=4822208371359517296} - Sending PrimitiveEvent{type=change, value=byte[]{length=62, hash=594364920}} to 1
00:17:00.512 [atomix-system-3] TRACE i.a.p.b.s.PrimaryBackupSessionClient - SessionClient{system-partition-1}{type=PRIMARY_ELECTOR, name=atomix-primary-elector} - Received PrimitiveEvent{type=change, value=byte[]{length=62, hash=594364920}}
00:17:00.512 [atomix-system-13] TRACE i.a.p.b.s.PrimaryBackupSessionClient - SessionClient{system-partition-1}{type=PRIMARY_ELECTOR, name=atomix-primary-elector} - Received PrimitiveEvent{type=change, value=byte[]{length=62, hash=594364920}}
00:17:00.512 [atomix-system-9] TRACE i.a.p.b.impl.PrimaryBackupSession - PrimaryBackupSession{system-partition-1}{session=2917001958600377164} - Sending PrimitiveEvent{type=change, value=byte[]{length=62, hash=594364920}} to 2
00:17:00.512 [atomix-system-9] TRACE i.a.p.b.impl.PrimaryBackupSession - PrimaryBackupSession{system-partition-1}{session=4332313565502807635} - Sending PrimitiveEvent{type=change, value=byte[]{length=62, hash=-418762452}} to 3
00:17:00.513 [atomix-system-9] TRACE i.a.p.b.impl.PrimaryBackupSession - PrimaryBackupSession{system-partition-1}{session=4822208371359517296} - Sending PrimitiveEvent{type=change, value=byte[]{length=62, hash=-418762452}} to 1
00:17:00.513 [atomix-system-15] TRACE i.a.p.b.s.PrimaryBackupSessionClient - SessionClient{system-partition-1}{type=PRIMARY_ELECTOR, name=atomix-primary-elector} - Received PrimitiveEvent{type=change, value=byte[]{length=62, hash=-418762452}}
00:17:00.513 [atomix-system-12] TRACE i.a.p.b.s.PrimaryBackupSessionClient - SessionClient{system-partition-1}{type=PRIMARY_ELECTOR, name=atomix-primary-elector} - Received PrimitiveEvent{type=change, value=byte[]{length=62, hash=-418762452}}
00:17:00.513 [atomix-system-9] TRACE i.a.p.b.impl.PrimaryBackupSession - PrimaryBackupSession{system-partition-1}{session=2917001958600377164} - Sending PrimitiveEvent{type=change, value=byte[]{length=62, hash=-418762452}} to 2
00:17:00.513 [atomix-system-3] TRACE i.a.p.b.s.PrimaryBackupSessionClient - SessionClient{system-partition-1}{type=PRIMARY_ELECTOR, name=atomix-primary-elector} - Received PrimitiveEvent{type=change, value=byte[]{length=48, hash=-1925047334}}
00:17:00.513 [atomix-system-9] TRACE i.a.p.b.impl.PrimaryBackupSession - PrimaryBackupSession{system-partition-1}{session=4332313565502807635} - Sending PrimitiveEvent{type=change, value=byte[]{length=62, hash=-1722983122}} to 3
00:17:00.513 [atomix-system-9] TRACE i.a.p.b.impl.PrimaryBackupSession - PrimaryBackupSession{system-partition-1}{session=4822208371359517296} - Sending PrimitiveEvent{type=change, value=byte[]{length=62, hash=-1722983122}} to 1
00:17:00.513 [atomix-system-12] TRACE i.a.p.b.s.PrimaryBackupSessionClient - SessionClient{system-partition-1}{type=PRIMARY_ELECTOR, name=atomix-primary-elector} - Received PrimitiveEvent{type=change, value=byte[]{length=62, hash=-1722983122}}
00:17:00.513 [atomix-system-4] TRACE i.a.p.b.s.PrimaryBackupSessionClient - SessionClient{system-partition-1}{type=PRIMARY_ELECTOR, name=atomix-primary-elector} - Received PrimitiveEvent{type=change, value=byte[]{length=62, hash=-1722983122}}
00:17:00.514 [atomix-system-9] TRACE i.a.p.b.impl.PrimaryBackupSession - PrimaryBackupSession{system-partition-1}{session=2917001958600377164} - Sending PrimitiveEvent{type=change, value=byte[]{length=62, hash=-1722983122}} to 2
00:17:00.514 [atomix-system-9] TRACE i.a.p.b.impl.PrimaryBackupSession - PrimaryBackupSession{system-partition-1}{session=4332313565502807635} - Sending PrimitiveEvent{type=change, value=byte[]{length=62, hash=1558856802}} to 3
00:17:00.514 [atomix-system-9] TRACE i.a.p.b.impl.PrimaryBackupSession - PrimaryBackupSession{system-partition-1}{session=4822208371359517296} - Sending PrimitiveEvent{type=change, value=byte[]{length=62, hash=1558856802}} to 1
00:17:00.514 [atomix-system-13] TRACE i.a.p.b.s.PrimaryBackupSessionClient - SessionClient{system-partition-1}{type=PRIMARY_ELECTOR, name=atomix-primary-elector} - Received PrimitiveEvent{type=change, value=byte[]{length=62, hash=1558856802}}
00:17:00.514 [atomix-system-9] TRACE i.a.p.b.s.PrimaryBackupSessionClient - SessionClient{system-partition-1}{type=PRIMARY_ELECTOR, name=atomix-primary-elector} - Received PrimitiveEvent{type=change, value=byte[]{length=62, hash=1558856802}}
00:17:00.514 [atomix-system-9] TRACE i.a.p.b.impl.PrimaryBackupSession - PrimaryBackupSession{system-partition-1}{session=2917001958600377164} - Sending PrimitiveEvent{type=change, value=byte[]{length=62, hash=1558856802}} to 2
00:17:00.514 [atomix-system-9] TRACE i.a.p.b.impl.PrimaryBackupSession - PrimaryBackupSession{system-partition-1}{session=4332313565502807635} - Sending PrimitiveEvent{type=change, value=byte[]{length=62, hash=-138390878}} to 3
00:17:00.514 [atomix-system-9] TRACE i.a.p.b.impl.PrimaryBackupSession - PrimaryBackupSession{system-partition-1}{session=4822208371359517296} - Sending PrimitiveEvent{type=change, value=byte[]{length=62, hash=-138390878}} to 1
00:17:00.514 [atomix-system-6] TRACE i.a.p.b.s.PrimaryBackupSessionClient - SessionClient{system-partition-1}{type=PRIMARY_ELECTOR, name=atomix-primary-elector} - Received PrimitiveEvent{type=change, value=byte[]{length=62, hash=-138390878}}
00:17:00.515 [atomix-system-14] TRACE i.a.p.b.s.PrimaryBackupSessionClient - SessionClient{system-partition-1}{type=PRIMARY_ELECTOR, name=atomix-primary-elector} - Received PrimitiveEvent{type=change, value=byte[]{length=62, hash=-138390878}}
00:17:00.515 [atomix-system-9] TRACE i.a.p.b.impl.PrimaryBackupSession - PrimaryBackupSession{system-partition-1}{session=2917001958600377164} - Sending PrimitiveEvent{type=change, value=byte[]{length=62, hash=-138390878}} to 2
00:17:00.515 [atomix-system-9] TRACE i.a.p.b.impl.PrimaryBackupSession - PrimaryBackupSession{system-partition-1}{session=4332313565502807635} - Sending PrimitiveEvent{type=change, value=byte[]{length=62, hash=-758491240}} to 3
00:17:00.515 [atomix-system-11] TRACE i.a.p.b.s.PrimaryBackupSessionClient - SessionClient{system-partition-1}{type=PRIMARY_ELECTOR, name=atomix-primary-elector} - Received PrimitiveEvent{type=change, value=byte[]{length=62, hash=-758491240}}
00:17:00.515 [atomix-system-9] TRACE i.a.p.b.impl.PrimaryBackupSession - PrimaryBackupSession{system-partition-1}{session=4822208371359517296} - Sending PrimitiveEvent{type=change, value=byte[]{length=62, hash=-758491240}} to 1
00:17:00.515 [netty-messaging-event-epoll-client-10] DEBUG i.a.p.b.s.i.PrimaryBackupServiceContext - PrimitiveService{system-partition-1}{type=consistent-map, name=primitives} - Term changed: PrimaryTerm{term=1, primary=GroupMember{memberId=3, groupId=3}, candidates=[GroupMember{memberId=1, groupId=1}, GroupMember{memberId=2, groupId=2}]}
00:17:00.516 [atomix-system-15] TRACE i.a.p.b.s.PrimaryBackupSessionClient - SessionClient{system-partition-1}{type=PRIMARY_ELECTOR, name=atomix-primary-elector} - Received PrimitiveEvent{type=change, value=byte[]{length=62, hash=-758491240}}
00:17:00.516 [netty-messaging-event-epoll-client-10] DEBUG i.a.p.b.s.i.PrimaryBackupServiceContext - PrimitiveService{system-partition-1}{type=consistent-map, name=primitives} - 2 transitioning to BACKUP
00:17:00.516 [atomix-system-9] TRACE i.a.p.b.impl.PrimaryBackupSession - PrimaryBackupSession{system-partition-1}{session=2917001958600377164} - Sending PrimitiveEvent{type=change, value=byte[]{length=62, hash=-758491240}} to 2
00:17:00.516 [atomix-system-9] TRACE i.a.p.b.impl.PrimaryBackupSession - PrimaryBackupSession{system-partition-1}{session=4332313565502807635} - Sending PrimitiveEvent{type=change, value=byte[]{length=62, hash=-585775050}} to 3
00:17:00.516 [atomix-system-2] TRACE i.a.p.b.s.PrimaryBackupSessionClient - SessionClient{system-partition-1}{type=PRIMARY_ELECTOR, name=atomix-primary-elector} - Received PrimitiveEvent{type=change, value=byte[]{length=62, hash=-585775050}}
00:17:00.516 [atomix-system-9] TRACE i.a.p.b.impl.PrimaryBackupSession - PrimaryBackupSession{system-partition-1}{session=4822208371359517296} - Sending PrimitiveEvent{type=change, value=byte[]{length=62, hash=-585775050}} to 1
00:17:00.516 [atomix-system-11] TRACE i.a.p.b.s.PrimaryBackupSessionClient - SessionClient{system-partition-1}{type=PRIMARY_ELECTOR, name=atomix-primary-elector} - Received PrimitiveEvent{type=change, value=byte[]{length=62, hash=-585775050}}
00:17:00.516 [atomix-system-9] TRACE i.a.p.b.impl.PrimaryBackupSession - PrimaryBackupSession{system-partition-1}{session=2917001958600377164} - Sending PrimitiveEvent{type=change, value=byte[]{length=62, hash=-585775050}} to 2
00:17:00.517 [atomix-system-9] TRACE i.a.p.b.impl.PrimaryBackupSession - PrimaryBackupSession{system-partition-1}{session=4332313565502807635} - Sending PrimitiveEvent{type=change, value=byte[]{length=62, hash=-2029015824}} to 3
00:17:00.517 [atomix-system-9] TRACE i.a.p.b.impl.PrimaryBackupSession - PrimaryBackupSession{system-partition-1}{session=4822208371359517296} - Sending PrimitiveEvent{type=change, value=byte[]{length=62, hash=-2029015824}} to 1
00:17:00.517 [atomix-system-3] TRACE i.a.p.b.s.PrimaryBackupSessionClient - SessionClient{system-partition-1}{type=PRIMARY_ELECTOR, name=atomix-primary-elector} - Received PrimitiveEvent{type=change, value=byte[]{length=62, hash=-2029015824}}
00:17:00.517 [atomix-system-8] TRACE i.a.p.b.s.PrimaryBackupSessionClient - SessionClient{system-partition-1}{type=PRIMARY_ELECTOR, name=atomix-primary-elector} - Received PrimitiveEvent{type=change, value=byte[]{length=62, hash=-2029015824}}
00:17:00.517 [atomix-system-9] TRACE i.a.p.b.impl.PrimaryBackupSession - PrimaryBackupSession{system-partition-1}{session=2917001958600377164} - Sending PrimitiveEvent{type=change, value=byte[]{length=62, hash=-2029015824}} to 2
00:17:00.517 [atomix-system-9] TRACE i.a.p.b.impl.PrimaryBackupSession - PrimaryBackupSession{system-partition-1}{session=4332313565502807635} - Sending PrimitiveEvent{type=change, value=byte[]{length=62, hash=753615533}} to 3
00:17:00.517 [atomix-system-9] TRACE i.a.p.b.impl.PrimaryBackupSession - PrimaryBackupSession{system-partition-1}{session=4822208371359517296} - Sending PrimitiveEvent{type=change, value=byte[]{length=62, hash=753615533}} to 1
00:17:00.517 [atomix-system-10] TRACE i.a.p.b.s.PrimaryBackupSessionClient - SessionClient{system-partition-1}{type=PRIMARY_ELECTOR, name=atomix-primary-elector} - Received PrimitiveEvent{type=change, value=byte[]{length=62, hash=753615533}}
00:17:00.518 [atomix-system-13] TRACE i.a.p.b.s.PrimaryBackupSessionClient - SessionClient{system-partition-1}{type=PRIMARY_ELECTOR, name=atomix-primary-elector} - Received PrimitiveEvent{type=change, value=byte[]{length=62, hash=753615533}}
00:17:00.518 [atomix-system-9] TRACE i.a.p.b.impl.PrimaryBackupSession - PrimaryBackupSession{system-partition-1}{session=2917001958600377164} - Sending PrimitiveEvent{type=change, value=byte[]{length=62, hash=753615533}} to 2
00:17:00.518 [atomix-system-9] TRACE i.a.p.b.impl.PrimaryBackupSession - PrimaryBackupSession{system-partition-1}{session=4332313565502807635} - Sending PrimitiveEvent{type=change, value=byte[]{length=62, hash=1820041127}} to 3
00:17:00.518 [atomix-system-9] TRACE i.a.p.b.impl.PrimaryBackupSession - PrimaryBackupSession{system-partition-1}{session=4822208371359517296} - Sending PrimitiveEvent{type=change, value=byte[]{length=62, hash=1820041127}} to 1
00:17:00.518 [atomix-system-0] TRACE i.a.p.b.s.PrimaryBackupSessionClient - SessionClient{system-partition-1}{type=PRIMARY_ELECTOR, name=atomix-primary-elector} - Received PrimitiveEvent{type=change, value=byte[]{length=62, hash=1820041127}}
00:17:00.518 [atomix-system-12] TRACE i.a.p.b.s.PrimaryBackupSessionClient - SessionClient{system-partition-1}{type=PRIMARY_ELECTOR, name=atomix-primary-elector} - Received PrimitiveEvent{type=change, value=byte[]{length=62, hash=1820041127}}
00:17:00.518 [atomix-system-9] TRACE i.a.p.b.impl.PrimaryBackupSession - PrimaryBackupSession{system-partition-1}{session=2917001958600377164} - Sending PrimitiveEvent{type=change, value=byte[]{length=62, hash=1820041127}} to 2
00:17:00.518 [atomix-system-9] TRACE i.a.p.b.impl.PrimaryBackupSession - PrimaryBackupSession{system-partition-1}{session=4332313565502807635} - Sending PrimitiveEvent{type=change, value=byte[]{length=63, hash=-1671376496}} to 3
00:17:00.519 [atomix-system-2] TRACE i.a.p.b.s.PrimaryBackupSessionClient - SessionClient{system-partition-1}{type=PRIMARY_ELECTOR, name=atomix-primary-elector} - Received PrimitiveEvent{type=change, value=byte[]{length=63, hash=-1671376496}}
00:17:00.519 [atomix-system-9] TRACE i.a.p.b.impl.PrimaryBackupSession - PrimaryBackupSession{system-partition-1}{session=4822208371359517296} - Sending PrimitiveEvent{type=change, value=byte[]{length=63, hash=-1671376496}} to 1
00:17:00.519 [atomix-system-0] TRACE i.a.p.b.s.PrimaryBackupSessionClient - SessionClient{system-partition-1}{type=PRIMARY_ELECTOR, name=atomix-primary-elector} - Received PrimitiveEvent{type=change, value=byte[]{length=63, hash=-1671376496}}
00:17:00.519 [atomix-system-9] TRACE i.a.p.b.impl.PrimaryBackupSession - PrimaryBackupSession{system-partition-1}{session=2917001958600377164} - Sending PrimitiveEvent{type=change, value=byte[]{length=63, hash=-1671376496}} to 2
00:17:00.520 [atomix-system-9] TRACE i.a.p.b.impl.PrimaryBackupSession - PrimaryBackupSession{system-partition-1}{session=4332313565502807635} - Sending PrimitiveEvent{type=change, value=byte[]{length=62, hash=-890333925}} to 3
00:17:00.520 [atomix-system-9] TRACE i.a.p.b.impl.PrimaryBackupSession - PrimaryBackupSession{system-partition-1}{session=4822208371359517296} - Sending PrimitiveEvent{type=change, value=byte[]{length=62, hash=-890333925}} to 1
00:17:00.520 [atomix-system-3] TRACE i.a.p.b.s.PrimaryBackupSessionClient - SessionClient{system-partition-1}{type=PRIMARY_ELECTOR, name=atomix-primary-elector} - Received PrimitiveEvent{type=change, value=byte[]{length=62, hash=-890333925}}
00:17:00.520 [atomix-system-5] TRACE i.a.p.b.s.PrimaryBackupSessionClient - SessionClient{system-partition-1}{type=PRIMARY_ELECTOR, name=atomix-primary-elector} - Received PrimitiveEvent{type=change, value=byte[]{length=62, hash=-890333925}}
00:17:00.520 [atomix-system-9] TRACE i.a.p.b.impl.PrimaryBackupSession - PrimaryBackupSession{system-partition-1}{session=2917001958600377164} - Sending PrimitiveEvent{type=change, value=byte[]{length=62, hash=-890333925}} to 2
00:17:00.520 [atomix-system-9] TRACE i.a.p.b.impl.PrimaryBackupSession - PrimaryBackupSession{system-partition-1}{session=4332313565502807635} - Sending PrimitiveEvent{type=change, value=byte[]{length=62, hash=2100412701}} to 3
00:17:00.521 [atomix-system-9] TRACE i.a.p.b.impl.PrimaryBackupSession - PrimaryBackupSession{system-partition-1}{session=4822208371359517296} - Sending PrimitiveEvent{type=change, value=byte[]{length=62, hash=2100412701}} to 1
00:17:00.521 [atomix-system-10] TRACE i.a.p.b.s.PrimaryBackupSessionClient - SessionClient{system-partition-1}{type=PRIMARY_ELECTOR, name=atomix-primary-elector} - Received PrimitiveEvent{type=change, value=byte[]{length=62, hash=2100412701}}
00:17:00.521 [atomix-system-3] TRACE i.a.p.b.s.PrimaryBackupSessionClient - SessionClient{system-partition-1}{type=PRIMARY_ELECTOR, name=atomix-primary-elector} - Received PrimitiveEvent{type=change, value=byte[]{length=62, hash=2100412701}}
00:17:00.521 [atomix-system-9] TRACE i.a.p.b.impl.PrimaryBackupSession - PrimaryBackupSession{system-partition-1}{session=2917001958600377164} - Sending PrimitiveEvent{type=change, value=byte[]{length=62, hash=2100412701}} to 2
00:17:00.521 [atomix-system-9] TRACE i.a.p.b.impl.PrimaryBackupSession - PrimaryBackupSession{system-partition-1}{session=4332313565502807635} - Sending PrimitiveEvent{type=change, value=byte[]{length=63, hash=-1981840364}} to 3
00:17:00.521 [atomix-system-9] TRACE i.a.p.b.impl.PrimaryBackupSession - PrimaryBackupSession{system-partition-1}{session=4822208371359517296} - Sending PrimitiveEvent{type=change, value=byte[]{length=63, hash=-1981840364}} to 1
00:17:00.521 [atomix-system-14] TRACE i.a.p.b.s.PrimaryBackupSessionClient - SessionClient{system-partition-1}{type=PRIMARY_ELECTOR, name=atomix-primary-elector} - Received PrimitiveEvent{type=change, value=byte[]{length=63, hash=-1981840364}}
00:17:00.521 [atomix-system-15] TRACE i.a.p.b.s.PrimaryBackupSessionClient - SessionClient{system-partition-1}{type=PRIMARY_ELECTOR, name=atomix-primary-elector} - Received PrimitiveEvent{type=change, value=byte[]{length=63, hash=-1981840364}}
00:17:00.522 [atomix-system-9] TRACE i.a.p.b.impl.PrimaryBackupSession - PrimaryBackupSession{system-partition-1}{session=2917001958600377164} - Sending PrimitiveEvent{type=change, value=byte[]{length=63, hash=-1981840364}} to 2
00:17:00.522 [atomix-system-9] TRACE i.a.p.b.impl.PrimaryBackupSession - PrimaryBackupSession{system-partition-1}{session=4332313565502807635} - Sending PrimitiveEvent{type=change, value=byte[]{length=62, hash=1087285329}} to 3
00:17:00.522 [atomix-system-9] TRACE i.a.p.b.impl.PrimaryBackupSession - PrimaryBackupSession{system-partition-1}{session=4822208371359517296} - Sending PrimitiveEvent{type=change, value=byte[]{length=62, hash=1087285329}} to 1
00:17:00.522 [atomix-system-8] TRACE i.a.p.b.s.PrimaryBackupSessionClient - SessionClient{system-partition-1}{type=PRIMARY_ELECTOR, name=atomix-primary-elector} - Received PrimitiveEvent{type=change, value=byte[]{length=62, hash=1087285329}}
00:17:00.522 [atomix-system-1] TRACE i.a.p.b.s.PrimaryBackupSessionClient - SessionClient{system-partition-1}{type=PRIMARY_ELECTOR, name=atomix-primary-elector} - Received PrimitiveEvent{type=change, value=byte[]{length=62, hash=1087285329}}
00:17:00.522 [atomix-system-9] TRACE i.a.p.b.impl.PrimaryBackupSession - PrimaryBackupSession{system-partition-1}{session=2917001958600377164} - Sending PrimitiveEvent{type=change, value=byte[]{length=62, hash=1087285329}} to 2
00:17:00.523 [atomix-system-9] TRACE i.a.p.b.impl.PrimaryBackupSession - PrimaryBackupSession{system-partition-1}{session=4332313565502807635} - Sending PrimitiveEvent{type=change, value=byte[]{length=76, hash=1405637369}} to 3
00:17:00.523 [atomix-system-3] TRACE i.a.p.b.s.PrimaryBackupSessionClient - SessionClient{system-partition-1}{type=PRIMARY_ELECTOR, name=atomix-primary-elector} - Received PrimitiveEvent{type=change, value=byte[]{length=48, hash=2106095002}}
00:17:00.523 [atomix-system-14] TRACE i.a.p.backup.roles.BackupRole - BackupRole{system-partition-1}{role=BACKUP} - Received BackupRequest{primary=3, term=14, index=2, primitive=PrimitiveDescriptor{name=primitives, type=consistent-map, backups=2, replication=SYNCHRONOUS}, operations=[HeartbeatOperation{index=48, timestamp=1528669020484}]}
00:17:00.523 [atomix-system-9] TRACE i.a.p.b.impl.PrimaryBackupSession - PrimaryBackupSession{system-partition-1}{session=4822208371359517296} - Sending PrimitiveEvent{type=change, value=byte[]{length=76, hash=1405637369}} to 1
00:17:00.523 [atomix-system-3] TRACE i.a.p.b.s.PrimaryBackupSessionClient - SessionClient{system-partition-1}{type=PRIMARY_ELECTOR, name=atomix-primary-elector} - Received ExecuteResponse{status=OK, result=byte[]{length=25, hash=166390473}}
00:17:00.523 [atomix-system-14] TRACE i.a.p.backup.roles.BackupRole - BackupRole{system-partition-1}{role=BACKUP} - Sending BackupResponse{status=OK}
00:17:00.523 [atomix-system-6] TRACE i.a.p.b.s.PrimaryBackupSessionClient - SessionClient{system-partition-1}{type=PRIMARY_ELECTOR, name=atomix-primary-elector} - Received PrimitiveEvent{type=change, value=byte[]{length=76, hash=1405637369}}
00:17:00.523 [atomix-system-3] TRACE i.a.p.b.s.PrimaryBackupSessionClient - SessionClient{system-partition-1}{type=PRIMARY_ELECTOR, name=atomix-primary-elector} - Received ExecuteResponse{status=OK, result=byte[]{length=25, hash=166390473}}
00:17:00.523 [atomix-system-2] INFO  i.a.p.b.p.i.PrimaryBackupPartitionServer - Successfully started server for PartitionId{id=23, group=data}
00:17:00.523 [atomix-system-3] TRACE i.a.p.b.s.PrimaryBackupSessionClient - SessionClient{system-partition-1}{type=PRIMARY_ELECTOR, name=atomix-primary-elector} - Received ExecuteResponse{status=OK, result=byte[]{length=39, hash=1474247511}}
00:17:00.523 [atomix-system-2] INFO  i.a.p.b.p.i.PrimaryBackupPartitionClient - Successfully started client for PartitionId{id=23, group=data}
00:17:00.523 [atomix-system-3] TRACE i.a.p.b.s.PrimaryBackupSessionClient - SessionClient{system-partition-1}{type=PRIMARY_ELECTOR, name=atomix-primary-elector} - Received ExecuteResponse{status=OK, result=byte[]{length=39, hash=1474247511}}
00:17:00.523 [atomix-system-15] TRACE i.a.p.backup.roles.PrimaryRole - PrimaryRole{system-partition-1}{role=PRIMARY} - Received BackupResponse{status=OK} from 2
00:17:00.523 [atomix-system-2] INFO  i.a.p.b.p.i.PrimaryBackupPartitionServer - Successfully started server for PartitionId{id=56, group=data}
00:17:00.523 [atomix-system-3] TRACE i.a.p.b.s.PrimaryBackupSessionClient - SessionClient{system-partition-1}{type=PRIMARY_ELECTOR, name=atomix-primary-elector} - Received ExecuteResponse{status=OK, result=byte[]{length=39, hash=1474247511}}
00:17:00.524 [atomix-system-2] INFO  i.a.p.b.p.i.PrimaryBackupPartitionClient - Successfully started client for PartitionId{id=56, group=data}
00:17:00.524 [atomix-system-3] TRACE i.a.p.b.s.PrimaryBackupSessionClient - SessionClient{system-partition-1}{type=PRIMARY_ELECTOR, name=atomix-primary-elector} - Received ExecuteResponse{status=OK, result=byte[]{length=39, hash=1474247511}}
00:17:00.524 [atomix-system-15] TRACE i.a.p.backup.roles.PrimaryRole - PrimaryRole{system-partition-1}{role=PRIMARY} - Sending ExecuteResponse{status=OK, result=byte[]{length=56, hash=1766345748}}
00:17:00.524 [atomix-system-11] WARN  i.a.utils.event.ListenerRegistry - Listener io.atomix.protocols.backup.session.PrimaryBackupSessionClient$$Lambda$632/551016187@61ce125f not registered
00:17:00.524 [atomix-system-2] INFO  i.a.p.b.p.i.PrimaryBackupPartitionServer - Successfully started server for PartitionId{id=27, group=data}
00:17:00.524 [atomix-system-3] TRACE i.a.p.b.s.PrimaryBackupSessionClient - SessionClient{system-partition-1}{type=PRIMARY_ELECTOR, name=atomix-primary-elector} - Received ExecuteResponse{status=OK, result=byte[]{length=39, hash=1474247511}}
00:17:00.524 [atomix-system-11] INFO  i.a.core.impl.CorePrimitivesService - Stopped
00:17:00.524 [atomix-system-2] INFO  i.a.p.b.p.i.PrimaryBackupPartitionClient - Successfully started client for PartitionId{id=27, group=data}
00:17:00.524 [atomix-system-6] TRACE i.a.p.b.s.PrimaryBackupSessionClient - SessionClient{system-partition-1}{type=consistent-map, name=primitives} - Received ExecuteResponse{status=OK, result=byte[]{length=56, hash=1766345748}}
00:17:00.524 [atomix-system-3] TRACE i.a.p.b.s.PrimaryBackupSessionClient - SessionClient{system-partition-1}{type=PRIMARY_ELECTOR, name=atomix-primary-elector} - Received ExecuteResponse{status=OK, result=byte[]{length=39, hash=1474247511}}
00:17:00.524 [atomix-system-2] INFO  i.a.p.b.p.i.PrimaryBackupPartitionServer - Successfully started server for PartitionId{id=63, group=data}
00:17:00.524 [atomix-system-3] TRACE i.a.p.b.s.PrimaryBackupSessionClient - SessionClient{system-partition-1}{type=PRIMARY_ELECTOR, name=atomix-primary-elector} - Received ExecuteResponse{status=OK, result=byte[]{length=39, hash=1474247511}}
00:17:00.525 [atomix-system-2] INFO  i.a.p.b.p.i.PrimaryBackupPartitionClient - Successfully started client for PartitionId{id=63, group=data}
00:17:00.525 [atomix-system-3] TRACE i.a.p.b.s.PrimaryBackupSessionClient - SessionClient{system-partition-1}{type=PRIMARY_ELECTOR, name=atomix-primary-elector} - Received PrimitiveEvent{type=change, value=byte[]{length=48, hash=-386628212}}
00:17:00.525 [atomix-system-2] INFO  i.a.p.b.p.i.PrimaryBackupPartitionServer - Successfully started server for PartitionId{id=30, group=data}
00:17:00.525 [atomix-0] INFO  i.a.p.b.p.PrimaryBackupPartitionGroup - Stopped
00:17:00.525 [atomix-system-3] TRACE i.a.p.b.s.PrimaryBackupSessionClient - SessionClient{system-partition-1}{type=PRIMARY_ELECTOR, name=atomix-primary-elector} - Received ExecuteResponse{status=OK, result=byte[]{length=39, hash=1474247511}}
00:17:00.525 [atomix-system-2] INFO  i.a.p.b.p.i.PrimaryBackupPartitionClient - Successfully started client for PartitionId{id=30, group=data}
00:17:00.525 [atomix-system-3] TRACE i.a.p.b.s.PrimaryBackupSessionClient - SessionClient{system-partition-1}{type=PRIMARY_ELECTOR, name=atomix-primary-elector} - Received ExecuteResponse{status=OK, result=byte[]{length=39, hash=1474247511}}
00:17:00.525 [atomix-system-2] INFO  i.a.p.b.p.i.PrimaryBackupPartitionServer - Successfully started server for PartitionId{id=1, group=data}
00:17:00.525 [atomix-system-3] TRACE i.a.p.b.s.PrimaryBackupSessionClient - SessionClient{system-partition-1}{type=PRIMARY_ELECTOR, name=atomix-primary-elector} - Received ExecuteResponse{status=OK, result=byte[]{length=39, hash=1474247511}}
00:17:00.525 [atomix-system-2] INFO  i.a.p.b.p.i.PrimaryBackupPartitionClient - Successfully started client for PartitionId{id=1, group=data}
00:17:00.525 [atomix-system-3] TRACE i.a.p.b.s.PrimaryBackupSessionClient - SessionClient{system-partition-1}{type=PRIMARY_ELECTOR, name=atomix-primary-elector} - Received ExecuteResponse{status=OK, result=byte[]{length=39, hash=1474247511}}
00:17:00.526 [atomix-system-2] INFO  i.a.p.b.p.i.PrimaryBackupPartitionServer - Successfully started server for PartitionId{id=67, group=data}
00:17:00.526 [atomix-system-3] TRACE i.a.p.b.s.PrimaryBackupSessionClient - SessionClient{system-partition-1}{type=PRIMARY_ELECTOR, name=atomix-primary-elector} - Received ExecuteResponse{status=OK, result=byte[]{length=39, hash=1474247511}}
00:17:00.526 [atomix-system-2] INFO  i.a.p.b.p.i.PrimaryBackupPartitionClient - Successfully started client for PartitionId{id=67, group=data}
00:17:00.526 [atomix-system-3] TRACE i.a.p.b.s.PrimaryBackupSessionClient - SessionClient{system-partition-1}{type=PRIMARY_ELECTOR, name=atomix-primary-elector} - Received ExecuteResponse{status=OK, result=byte[]{length=39, hash=1474247511}}
00:17:00.526 [atomix-system-2] INFO  i.a.p.b.p.i.PrimaryBackupPartitionServer - Successfully started server for PartitionId{id=34, group=data}
00:17:00.526 [atomix-system-3] TRACE i.a.p.b.s.PrimaryBackupSessionClient - SessionClient{system-partition-1}{type=PRIMARY_ELECTOR, name=atomix-primary-elector} - Received ExecuteResponse{status=OK, result=byte[]{length=39, hash=1474247511}}
00:17:00.526 [atomix-system-2] INFO  i.a.p.b.p.i.PrimaryBackupPartitionClient - Successfully started client for PartitionId{id=34, group=data}
00:17:00.526 [atomix-system-3] TRACE i.a.p.b.s.PrimaryBackupSessionClient - SessionClient{system-partition-1}{type=PRIMARY_ELECTOR, name=atomix-primary-elector} - Received ExecuteResponse{status=OK, result=byte[]{length=39, hash=1474247511}}
00:17:00.526 [atomix-system-2] INFO  i.a.p.b.p.i.PrimaryBackupPartitionServer - Successfully started server for PartitionId{id=5, group=data}
00:17:00.526 [atomix-system-3] TRACE i.a.p.b.s.PrimaryBackupSessionClient - SessionClient{system-partition-1}{type=PRIMARY_ELECTOR, name=atomix-primary-elector} - Received ExecuteResponse{status=OK, result=byte[]{length=39, hash=1474247511}}
00:17:00.526 [atomix-system-6] INFO  i.a.core.impl.CoreTransactionService - Started
00:17:00.527 [atomix-system-2] INFO  i.a.p.b.p.i.PrimaryBackupPartitionClient - Successfully started client for PartitionId{id=5, group=data}
00:17:00.527 [atomix-system-3] TRACE i.a.p.b.s.PrimaryBackupSessionClient - SessionClient{system-partition-1}{type=PRIMARY_ELECTOR, name=atomix-primary-elector} - Received ExecuteResponse{status=OK, result=byte[]{length=39, hash=1474247511}}
00:17:00.527 [atomix-system-6] INFO  i.a.core.impl.CorePrimitivesService - Started
00:17:00.527 [atomix-system-7] TRACE i.a.p.b.s.PrimaryBackupSessionClient - SessionClient{system-partition-1}{type=PRIMARY_ELECTOR, name=atomix-primary-elector} - Received PrimitiveEvent{type=change, value=byte[]{length=76, hash=1405637369}}
00:17:00.527 [atomix-system-2] INFO  i.a.p.b.p.i.PrimaryBackupPartitionServer - Successfully started server for PartitionId{id=71, group=data}
00:17:00.527 [atomix-system-3] TRACE i.a.p.b.s.PrimaryBackupSessionClient - SessionClient{system-partition-1}{type=PRIMARY_ELECTOR, name=atomix-primary-elector} - Received ExecuteResponse{status=OK, result=byte[]{length=39, hash=1474247511}}
00:17:00.527 [atomix-cluster-0] INFO  io.atomix.cluster.AtomixCluster - Started
00:17:00.527 [atomix-system-9] TRACE i.a.p.b.impl.PrimaryBackupSession - PrimaryBackupSession{system-partition-1}{session=2917001958600377164} - Sending PrimitiveEvent{type=change, value=byte[]{length=76, hash=1405637369}} to 2
00:17:00.527 [atomix-system-2] INFO  i.a.p.b.p.i.PrimaryBackupPartitionClient - Successfully started client for PartitionId{id=71, group=data}
00:17:00.527 [atomix-system-3] TRACE i.a.p.b.s.PrimaryBackupSessionClient - SessionClient{system-partition-1}{type=PRIMARY_ELECTOR, name=atomix-primary-elector} - Received ExecuteResponse{status=OK, result=byte[]{length=39, hash=-1080272075}}
00:17:00.528 [atomix-system-2] INFO  i.a.p.b.p.i.PrimaryBackupPartitionServer - Successfully started server for PartitionId{id=38, group=data}
00:17:00.528 [atomix-system-3] TRACE i.a.p.b.s.PrimaryBackupSessionClient - SessionClient{system-partition-1}{type=PRIMARY_ELECTOR, name=atomix-primary-elector} - Received ExecuteResponse{status=OK, result=byte[]{length=39, hash=-1080272075}}
00:17:00.528 [atomix-system-2] INFO  i.a.p.b.p.i.PrimaryBackupPartitionClient - Successfully started client for PartitionId{id=38, group=data}
00:17:00.528 [atomix-system-3] TRACE i.a.p.b.s.PrimaryBackupSessionClient - SessionClient{system-partition-1}{type=PRIMARY_ELECTOR, name=atomix-primary-elector} - Received ExecuteResponse{status=OK, result=byte[]{length=39, hash=-1080272075}}
00:17:00.528 [atomix-system-2] INFO  i.a.p.b.p.i.PrimaryBackupPartitionServer - Successfully started server for PartitionId{id=9, group=data}
00:17:00.528 [atomix-system-3] TRACE i.a.p.b.s.PrimaryBackupSessionClient - SessionClient{system-partition-1}{type=PRIMARY_ELECTOR, name=atomix-primary-elector} - Received ExecuteResponse{status=OK, result=byte[]{length=39, hash=-1080272075}}
00:17:00.528 [atomix-system-2] INFO  i.a.p.b.p.i.PrimaryBackupPartitionClient - Successfully started client for PartitionId{id=9, group=data}
00:17:00.528 [atomix-system-3] TRACE i.a.p.b.s.PrimaryBackupSessionClient - SessionClient{system-partition-1}{type=PRIMARY_ELECTOR, name=atomix-primary-elector} - Received ExecuteResponse{status=OK, result=byte[]{length=39, hash=-1080272075}}
00:17:00.528 [atomix-system-2] INFO  i.a.p.b.p.i.PrimaryBackupPartitionServer - Successfully started server for PartitionId{id=42, group=data}
00:17:00.528 [atomix-system-3] TRACE i.a.p.b.s.PrimaryBackupSessionClient - SessionClient{system-partition-1}{type=PRIMARY_ELECTOR, name=atomix-primary-elector} - Received ExecuteResponse{status=OK, result=byte[]{length=39, hash=-1080272075}}
00:17:00.529 [atomix-system-2] INFO  i.a.p.b.p.i.PrimaryBackupPartitionClient - Successfully started client for PartitionId{id=42, group=data}
00:17:00.529 [atomix-system-3] TRACE i.a.p.b.s.PrimaryBackupSessionClient - SessionClient{system-partition-1}{type=PRIMARY_ELECTOR, name=atomix-primary-elector} - Received ExecuteResponse{status=OK, result=byte[]{length=39, hash=-1080272075}}
00:17:00.529 [atomix-system-2] INFO  i.a.p.b.p.i.PrimaryBackupPartitionServer - Successfully started server for PartitionId{id=47, group=data}
00:17:00.529 [atomix-system-3] TRACE i.a.p.b.s.PrimaryBackupSessionClient - SessionClient{system-partition-1}{type=PRIMARY_ELECTOR, name=atomix-primary-elector} - Received ExecuteResponse{status=OK, result=byte[]{length=39, hash=-1080272075}}
00:17:00.529 [atomix-system-2] INFO  i.a.p.b.p.i.PrimaryBackupPartitionClient - Successfully started client for PartitionId{id=47, group=data}
00:17:00.529 [atomix-system-3] TRACE i.a.p.b.s.PrimaryBackupSessionClient - SessionClient{system-partition-1}{type=PRIMARY_ELECTOR, name=atomix-primary-elector} - Received ExecuteResponse{status=OK, result=byte[]{length=39, hash=-1080272075}}
00:17:00.529 [atomix-system-2] INFO  i.a.p.b.p.i.PrimaryBackupPartitionServer - Successfully started server for PartitionId{id=14, group=data}
00:17:00.529 [atomix-system-3] TRACE i.a.p.b.s.PrimaryBackupSessionClient - SessionClient{system-partition-1}{type=PRIMARY_ELECTOR, name=atomix-primary-elector} - Received ExecuteResponse{status=OK, result=byte[]{length=53, hash=-1083785475}}
00:17:00.529 [atomix-system-2] INFO  i.a.p.b.p.i.PrimaryBackupPartitionClient - Successfully started client for PartitionId{id=14, group=data}
00:17:00.529 [atomix-system-3] TRACE i.a.p.b.s.PrimaryBackupSessionClient - SessionClient{system-partition-1}{type=PRIMARY_ELECTOR, name=atomix-primary-elector} - Received ExecuteResponse{status=OK, result=byte[]{length=53, hash=-1083785475}}
00:17:00.530 [atomix-system-2] INFO  i.a.p.b.p.i.PrimaryBackupPartitionServer - Successfully started server for PartitionId{id=51, group=data}
00:17:00.530 [atomix-system-3] TRACE i.a.p.b.s.PrimaryBackupSessionClient - SessionClient{system-partition-1}{type=PRIMARY_ELECTOR, name=atomix-primary-elector} - Received PrimitiveEvent{type=change, value=byte[]{length=48, hash=-650453172}}
00:17:00.530 [atomix-system-2] INFO  i.a.p.b.p.i.PrimaryBackupPartitionClient - Successfully started client for PartitionId{id=51, group=data}
00:17:00.530 [atomix-system-3] TRACE i.a.p.b.s.PrimaryBackupSessionClient - SessionClient{system-partition-1}{type=PRIMARY_ELECTOR, name=atomix-primary-elector} - Received PrimitiveEvent{type=change, value=byte[]{length=48, hash=-1174022008}}
00:17:00.530 [atomix-system-2] INFO  i.a.p.b.p.i.PrimaryBackupPartitionServer - Successfully started server for PartitionId{id=18, group=data}
00:17:00.530 [atomix-system-3] TRACE i.a.p.b.s.PrimaryBackupSessionClient - SessionClient{system-partition-1}{type=PRIMARY_ELECTOR, name=atomix-primary-elector} - Received PrimitiveEvent{type=change, value=byte[]{length=48, hash=1279653184}}
00:17:00.530 [atomix-system-2] INFO  i.a.p.b.p.i.PrimaryBackupPartitionClient - Successfully started client for PartitionId{id=18, group=data}
00:17:00.530 [atomix-system-3] TRACE i.a.p.b.s.PrimaryBackupSessionClient - SessionClient{system-partition-1}{type=PRIMARY_ELECTOR, name=atomix-primary-elector} - Received ExecuteResponse{status=OK, result=byte[]{length=53, hash=-1083785475}}
00:17:00.530 [atomix-system-2] INFO  i.a.p.b.p.i.PrimaryBackupPartitionServer - Successfully started server for PartitionId{id=55, group=data}
00:17:00.531 [atomix-system-3] TRACE i.a.p.b.s.PrimaryBackupSessionClient - SessionClient{system-partition-1}{type=PRIMARY_ELECTOR, name=atomix-primary-elector} - Received ExecuteResponse{status=OK, result=byte[]{length=53, hash=-1083785475}}
00:17:00.531 [atomix-system-2] INFO  i.a.p.b.p.i.PrimaryBackupPartitionClient - Successfully started client for PartitionId{id=55, group=data}
00:17:00.531 [atomix-system-3] TRACE i.a.p.b.s.PrimaryBackupSessionClient - SessionClient{system-partition-1}{type=PRIMARY_ELECTOR, name=atomix-primary-elector} - Received ExecuteResponse{status=OK, result=byte[]{length=53, hash=-1083785475}}
00:17:00.531 [atomix-system-2] INFO  i.a.p.b.p.i.PrimaryBackupPartitionServer - Successfully started server for PartitionId{id=22, group=data}
00:17:00.531 [atomix-system-3] TRACE i.a.p.b.s.PrimaryBackupSessionClient - SessionClient{system-partition-1}{type=PRIMARY_ELECTOR, name=atomix-primary-elector} - Received ExecuteResponse{status=OK, result=byte[]{length=53, hash=-1083785475}}
00:17:00.531 [atomix-system-2] INFO  i.a.p.b.p.i.PrimaryBackupPartitionClient - Successfully started client for PartitionId{id=22, group=data}
00:17:00.531 [atomix-system-3] TRACE i.a.p.b.s.PrimaryBackupSessionClient - SessionClient{system-partition-1}{type=PRIMARY_ELECTOR, name=atomix-primary-elector} - Received ExecuteResponse{status=OK, result=byte[]{length=53, hash=-1083785475}}
00:17:00.531 [atomix-system-2] INFO  i.a.p.b.p.i.PrimaryBackupPartitionServer - Successfully started server for PartitionId{id=59, group=data}
00:17:00.531 [atomix-system-3] TRACE i.a.p.b.s.PrimaryBackupSessionClient - SessionClient{system-partition-1}{type=PRIMARY_ELECTOR, name=atomix-primary-elector} - Received ExecuteResponse{status=OK, result=byte[]{length=53, hash=-1083785475}}
00:17:00.531 [atomix-system-2] INFO  i.a.p.b.p.i.PrimaryBackupPartitionClient - Successfully started client for PartitionId{id=59, group=data}
00:17:00.531 [atomix-system-3] TRACE i.a.p.b.s.PrimaryBackupSessionClient - SessionClient{system-partition-1}{type=PRIMARY_ELECTOR, name=atomix-primary-elector} - Received ExecuteResponse{status=OK, result=byte[]{length=53, hash=-1083785475}}
00:17:00.532 [atomix-system-2] INFO  i.a.p.b.p.i.PrimaryBackupPartitionServer - Successfully started server for PartitionId{id=26, group=data}
00:17:00.532 [atomix-system-3] TRACE i.a.p.b.s.PrimaryBackupSessionClient - SessionClient{system-partition-1}{type=PRIMARY_ELECTOR, name=atomix-primary-elector} - Received ExecuteResponse{status=OK, result=byte[]{length=53, hash=-1083785475}}
00:17:00.532 [atomix-system-2] INFO  i.a.p.b.p.i.PrimaryBackupPartitionClient - Successfully started client for PartitionId{id=26, group=data}
00:17:00.532 [atomix-system-3] TRACE i.a.p.b.s.PrimaryBackupSessionClient - SessionClient{system-partition-1}{type=PRIMARY_ELECTOR, name=atomix-primary-elector} - Received PrimitiveEvent{type=change, value=byte[]{length=48, hash=757424124}}
00:17:00.532 [atomix-system-2] INFO  i.a.p.b.p.i.PrimaryBackupPartitionServer - Successfully started server for PartitionId{id=29, group=data}
00:17:00.532 [atomix-system-3] TRACE i.a.p.b.s.PrimaryBackupSessionClient - SessionClient{system-partition-1}{type=PRIMARY_ELECTOR, name=atomix-primary-elector} - Received ExecuteResponse{status=OK, result=byte[]{length=53, hash=-1083785475}}
00:17:00.532 [atomix-system-2] INFO  i.a.p.b.p.i.PrimaryBackupPartitionClient - Successfully started client for PartitionId{id=29, group=data}
00:17:00.532 [atomix-system-3] TRACE i.a.p.b.s.PrimaryBackupSessionClient - SessionClient{system-partition-1}{type=PRIMARY_ELECTOR, name=atomix-primary-elector} - Received ExecuteResponse{status=OK, result=byte[]{length=53, hash=-1083785475}}
00:17:00.532 [atomix-system-2] INFO  i.a.p.b.p.i.PrimaryBackupPartitionServer - Successfully started server for PartitionId{id=62, group=data}
00:17:00.532 [atomix-system-3] TRACE i.a.p.b.s.PrimaryBackupSessionClient - SessionClient{system-partition-1}{type=PRIMARY_ELECTOR, name=atomix-primary-elector} - Received ExecuteResponse{status=OK, result=byte[]{length=53, hash=-1083785475}}
00:17:00.533 [atomix-system-2] INFO  i.a.p.b.p.i.PrimaryBackupPartitionClient - Successfully started client for PartitionId{id=62, group=data}
00:17:00.533 [atomix-system-3] TRACE i.a.p.b.s.PrimaryBackupSessionClient - SessionClient{system-partition-1}{type=PRIMARY_ELECTOR, name=atomix-primary-elector} - Received ExecuteResponse{status=OK, result=byte[]{length=53, hash=-1083785475}}
00:17:00.533 [atomix-system-2] INFO  i.a.p.b.p.i.PrimaryBackupPartitionServer - Successfully started server for PartitionId{id=33, group=data}
00:17:00.533 [atomix-system-3] TRACE i.a.p.b.s.PrimaryBackupSessionClient - SessionClient{system-partition-1}{type=PRIMARY_ELECTOR, name=atomix-primary-elector} - Received ExecuteResponse{status=OK, result=byte[]{length=53, hash=-1083785475}}
00:17:00.533 [atomix-system-2] INFO  i.a.p.b.p.i.PrimaryBackupPartitionClient - Successfully started client for PartitionId{id=33, group=data}
00:17:00.533 [atomix-system-3] TRACE i.a.p.b.s.PrimaryBackupSessionClient - SessionClient{system-partition-1}{type=PRIMARY_ELECTOR, name=atomix-primary-elector} - Received ExecuteResponse{status=OK, result=byte[]{length=53, hash=-1083785475}}
00:17:00.533 [atomix-system-2] INFO  i.a.p.b.p.i.PrimaryBackupPartitionServer - Successfully started server for PartitionId{id=66, group=data}
00:17:00.533 [atomix-system-3] TRACE i.a.p.b.s.PrimaryBackupSessionClient - SessionClient{system-partition-1}{type=PRIMARY_ELECTOR, name=atomix-primary-elector} - Received ExecuteResponse{status=OK, result=byte[]{length=53, hash=-1083785475}}
00:17:00.533 [atomix-system-2] INFO  i.a.p.b.p.i.PrimaryBackupPartitionClient - Successfully started client for PartitionId{id=66, group=data}
00:17:00.533 [atomix-system-3] TRACE i.a.p.b.s.PrimaryBackupSessionClient - SessionClient{system-partition-1}{type=PRIMARY_ELECTOR, name=atomix-primary-elector} - Received PrimitiveEvent{type=change, value=byte[]{length=48, hash=-1083867980}}
00:17:00.533 [atomix-system-2] INFO  i.a.p.b.p.i.PrimaryBackupPartitionServer - Successfully started server for PartitionId{id=37, group=data}
00:17:00.534 [atomix-system-3] TRACE i.a.p.b.s.PrimaryBackupSessionClient - SessionClient{system-partition-1}{type=PRIMARY_ELECTOR, name=atomix-primary-elector} - Received ExecuteResponse{status=OK, result=byte[]{length=53, hash=-1083785475}}
00:17:00.534 [atomix-system-2] INFO  i.a.p.b.p.i.PrimaryBackupPartitionClient - Successfully started client for PartitionId{id=37, group=data}
00:17:00.534 [atomix-system-3] TRACE i.a.p.b.s.PrimaryBackupSessionClient - SessionClient{system-partition-1}{type=PRIMARY_ELECTOR, name=atomix-primary-elector} - Received ExecuteResponse{status=OK, result=byte[]{length=53, hash=-1083785475}}
00:17:00.534 [atomix-system-2] INFO  i.a.p.b.p.i.PrimaryBackupPartitionServer - Successfully started server for PartitionId{id=4, group=data}
00:17:00.534 [atomix-system-3] TRACE i.a.p.b.s.PrimaryBackupSessionClient - SessionClient{system-partition-1}{type=PRIMARY_ELECTOR, name=atomix-primary-elector} - Received ExecuteResponse{status=OK, result=byte[]{length=53, hash=-1083785475}}
00:17:00.534 [atomix-system-2] INFO  i.a.p.b.p.i.PrimaryBackupPartitionClient - Successfully started client for PartitionId{id=4, group=data}
00:17:00.534 [atomix-system-3] TRACE i.a.p.b.s.PrimaryBackupSessionClient - SessionClient{system-partition-1}{type=PRIMARY_ELECTOR, name=atomix-primary-elector} - Received ExecuteResponse{status=OK, result=byte[]{length=53, hash=-1083785475}}
00:17:00.534 [atomix-system-2] INFO  i.a.p.b.p.i.PrimaryBackupPartitionServer - Successfully started server for PartitionId{id=70, group=data}
00:17:00.534 [atomix-system-3] TRACE i.a.p.b.s.PrimaryBackupSessionClient - SessionClient{system-partition-1}{type=PRIMARY_ELECTOR, name=atomix-primary-elector} - Received ExecuteResponse{status=OK, result=byte[]{length=53, hash=-1083785475}}
00:17:00.534 [atomix-system-2] INFO  i.a.p.b.p.i.PrimaryBackupPartitionClient - Successfully started client for PartitionId{id=70, group=data}
00:17:00.535 [atomix-system-3] TRACE i.a.p.b.s.PrimaryBackupSessionClient - SessionClient{system-partition-1}{type=PRIMARY_ELECTOR, name=atomix-primary-elector} - Received ExecuteResponse{status=OK, result=byte[]{length=53, hash=-1083785475}}
00:17:00.535 [atomix-system-2] INFO  i.a.p.b.p.i.PrimaryBackupPartitionServer - Successfully started server for PartitionId{id=41, group=data}
00:17:00.535 [atomix-system-3] TRACE i.a.p.b.s.PrimaryBackupSessionClient - SessionClient{system-partition-1}{type=PRIMARY_ELECTOR, name=atomix-primary-elector} - Received ExecuteResponse{status=OK, result=byte[]{length=53, hash=-1083785475}}
00:17:00.535 [atomix-system-2] INFO  i.a.p.b.p.i.PrimaryBackupPartitionClient - Successfully started client for PartitionId{id=41, group=data}
00:17:00.535 [atomix-system-3] TRACE i.a.p.b.s.PrimaryBackupSessionClient - SessionClient{system-partition-1}{type=PRIMARY_ELECTOR, name=atomix-primary-elector} - Received ExecuteResponse{status=OK, result=byte[]{length=53, hash=-1083785475}}
00:17:00.535 [atomix-system-2] INFO  i.a.p.b.p.i.PrimaryBackupPartitionServer - Successfully started server for PartitionId{id=8, group=data}
00:17:00.535 [atomix-system-3] TRACE i.a.p.b.s.PrimaryBackupSessionClient - SessionClient{system-partition-1}{type=PRIMARY_ELECTOR, name=atomix-primary-elector} - Received ExecuteResponse{status=OK, result=byte[]{length=53, hash=-1083785475}}
00:17:00.535 [atomix-system-2] INFO  i.a.p.b.p.i.PrimaryBackupPartitionClient - Successfully started client for PartitionId{id=8, group=data}
00:17:00.535 [atomix-system-3] TRACE i.a.p.b.s.PrimaryBackupSessionClient - SessionClient{system-partition-1}{type=PRIMARY_ELECTOR, name=atomix-primary-elector} - Received ExecuteResponse{status=OK, result=byte[]{length=53, hash=-1083785475}}
00:17:00.535 [atomix-system-2] INFO  i.a.p.b.p.i.PrimaryBackupPartitionServer - Successfully started server for PartitionId{id=13, group=data}
00:17:00.535 [atomix-system-3] TRACE i.a.p.b.s.PrimaryBackupSessionClient - SessionClient{system-partition-1}{type=PRIMARY_ELECTOR, name=atomix-primary-elector} - Received PrimitiveEvent{type=change, value=byte[]{length=48, hash=-1606097040}}
00:17:00.536 [atomix-system-2] INFO  i.a.p.b.p.i.PrimaryBackupPartitionClient - Successfully started client for PartitionId{id=13, group=data}
00:17:00.536 [atomix-system-3] TRACE i.a.p.b.s.PrimaryBackupSessionClient - SessionClient{system-partition-1}{type=PRIMARY_ELECTOR, name=atomix-primary-elector} - Received PrimitiveEvent{type=change, value=byte[]{length=48, hash=-359832692}}
00:17:00.536 [atomix-system-2] INFO  i.a.p.b.p.i.PrimaryBackupPartitionServer - Successfully started server for PartitionId{id=46, group=data}
00:17:00.536 [atomix-system-3] TRACE i.a.p.b.s.PrimaryBackupSessionClient - SessionClient{system-partition-1}{type=PRIMARY_ELECTOR, name=atomix-primary-elector} - Received PrimitiveEvent{type=change, value=byte[]{length=48, hash=-1275088762}}
00:17:00.536 [atomix-system-2] INFO  i.a.p.b.p.i.PrimaryBackupPartitionClient - Successfully started client for PartitionId{id=46, group=data}
00:17:00.536 [atomix-system-3] TRACE i.a.p.b.s.PrimaryBackupSessionClient - SessionClient{system-partition-1}{type=PRIMARY_ELECTOR, name=atomix-primary-elector} - Received PrimitiveEvent{type=change, value=byte[]{length=62, hash=1779504942}}
00:17:00.536 [atomix-system-2] INFO  i.a.p.b.p.i.PrimaryBackupPartitionServer - Successfully started server for PartitionId{id=17, group=data}
00:17:00.536 [atomix-system-3] TRACE i.a.p.b.s.PrimaryBackupSessionClient - SessionClient{system-partition-1}{type=PRIMARY_ELECTOR, name=atomix-primary-elector} - Received PrimitiveEvent{type=change, value=byte[]{length=62, hash=1247457828}}
00:17:00.536 [atomix-system-2] INFO  i.a.p.b.p.i.PrimaryBackupPartitionClient - Successfully started client for PartitionId{id=17, group=data}
00:17:00.537 [atomix-system-3] TRACE i.a.p.b.s.PrimaryBackupSessionClient - SessionClient{system-partition-1}{type=PRIMARY_ELECTOR, name=atomix-primary-elector} - Received PrimitiveEvent{type=change, value=byte[]{length=62, hash=-56762842}}
00:17:00.537 [atomix-system-2] INFO  i.a.p.b.p.i.PrimaryBackupPartitionServer - Successfully started server for PartitionId{id=50, group=data}
00:17:00.537 [atomix-system-3] TRACE i.a.p.b.s.PrimaryBackupSessionClient - SessionClient{system-partition-1}{type=PRIMARY_ELECTOR, name=atomix-primary-elector} - Received PrimitiveEvent{type=change, value=byte[]{length=62, hash=1009662752}}
00:17:00.537 [atomix-system-2] INFO  i.a.p.b.p.i.PrimaryBackupPartitionClient - Successfully started client for PartitionId{id=50, group=data}
00:17:00.537 [atomix-system-3] TRACE i.a.p.b.s.PrimaryBackupSessionClient - SessionClient{system-partition-1}{type=PRIMARY_ELECTOR, name=atomix-primary-elector} - Received PrimitiveEvent{type=change, value=byte[]{length=63, hash=1569927243}}
00:17:00.537 [atomix-system-2] INFO  i.a.p.b.p.i.PrimaryBackupPartitionServer - Successfully started server for PartitionId{id=21, group=data}
00:17:00.537 [atomix-system-3] TRACE i.a.p.b.s.PrimaryBackupSessionClient - SessionClient{system-partition-1}{type=PRIMARY_ELECTOR, name=atomix-primary-elector} - Received PrimitiveEvent{type=change, value=byte[]{length=62, hash=1920856412}}
00:17:00.537 [atomix-system-2] INFO  i.a.p.b.p.i.PrimaryBackupPartitionClient - Successfully started client for PartitionId{id=21, group=data}
00:17:00.537 [atomix-system-3] TRACE i.a.p.b.s.PrimaryBackupSessionClient - SessionClient{system-partition-1}{type=PRIMARY_ELECTOR, name=atomix-primary-elector} - Received PrimitiveEvent{type=change, value=byte[]{length=62, hash=-1700712300}}
00:17:00.537 [atomix-system-2] INFO  i.a.p.b.p.i.PrimaryBackupPartitionServer - Successfully started server for PartitionId{id=54, group=data}
00:17:00.537 [atomix-system-3] TRACE i.a.p.b.s.PrimaryBackupSessionClient - SessionClient{system-partition-1}{type=PRIMARY_ELECTOR, name=atomix-primary-elector} - Received PrimitiveEvent{type=change, value=byte[]{length=63, hash=866436365}}
00:17:00.538 [atomix-system-2] INFO  i.a.p.b.p.i.PrimaryBackupPartitionClient - Successfully started client for PartitionId{id=54, group=data}
00:17:00.538 [atomix-system-3] TRACE i.a.p.b.s.PrimaryBackupSessionClient - SessionClient{system-partition-1}{type=PRIMARY_ELECTOR, name=atomix-primary-elector} - Received PrimitiveEvent{type=change, value=byte[]{length=62, hash=-1182545650}}
00:17:00.538 [atomix-system-2] INFO  i.a.p.b.p.i.PrimaryBackupPartitionServer - Successfully started server for PartitionId{id=25, group=data}
00:17:00.538 [atomix-system-3] TRACE i.a.p.b.s.PrimaryBackupSessionClient - SessionClient{system-partition-1}{type=PRIMARY_ELECTOR, name=atomix-primary-elector} - Received PrimitiveEvent{type=change, value=byte[]{length=62, hash=-509147066}}
00:17:00.538 [atomix-system-2] INFO  i.a.p.b.p.i.PrimaryBackupPartitionClient - Successfully started client for PartitionId{id=25, group=data}
00:17:00.538 [atomix-system-3] TRACE i.a.p.b.s.PrimaryBackupSessionClient - SessionClient{system-partition-1}{type=PRIMARY_ELECTOR, name=atomix-primary-elector} - Received PrimitiveEvent{type=change, value=byte[]{length=62, hash=795073604}}
00:17:00.538 [atomix-system-2] INFO  i.a.p.b.p.i.PrimaryBackupPartitionServer - Successfully started server for PartitionId{id=58, group=data}
00:17:00.538 [atomix-system-3] TRACE i.a.p.b.s.PrimaryBackupSessionClient - SessionClient{system-partition-1}{type=PRIMARY_ELECTOR, name=atomix-primary-elector} - Received PrimitiveEvent{type=change, value=byte[]{length=62, hash=-2003354696}}
00:17:00.538 [atomix-system-2] INFO  i.a.p.b.p.i.PrimaryBackupPartitionClient - Successfully started client for PartitionId{id=58, group=data}
00:17:00.538 [atomix-system-3] TRACE i.a.p.b.s.PrimaryBackupSessionClient - SessionClient{system-partition-1}{type=PRIMARY_ELECTOR, name=atomix-primary-elector} - Received PrimitiveEvent{type=change, value=byte[]{length=62, hash=594364920}}
00:17:00.538 [atomix-system-2] INFO  i.a.p.b.p.i.PrimaryBackupPartitionServer - Successfully started server for PartitionId{id=61, group=data}
00:17:00.539 [atomix-system-3] TRACE i.a.p.b.s.PrimaryBackupSessionClient - SessionClient{system-partition-1}{type=PRIMARY_ELECTOR, name=atomix-primary-elector} - Received PrimitiveEvent{type=change, value=byte[]{length=62, hash=-418762452}}
00:17:00.539 [atomix-system-2] INFO  i.a.p.b.p.i.PrimaryBackupPartitionClient - Successfully started client for PartitionId{id=61, group=data}
00:17:00.539 [atomix-system-3] TRACE i.a.p.b.s.PrimaryBackupSessionClient - SessionClient{system-partition-1}{type=PRIMARY_ELECTOR, name=atomix-primary-elector} - Received PrimitiveEvent{type=change, value=byte[]{length=62, hash=-1722983122}}
00:17:00.539 [atomix-system-2] INFO  i.a.p.b.p.i.PrimaryBackupPartitionServer - Successfully started server for PartitionId{id=28, group=data}
00:17:00.539 [atomix-system-3] TRACE i.a.p.b.s.PrimaryBackupSessionClient - SessionClient{system-partition-1}{type=PRIMARY_ELECTOR, name=atomix-primary-elector} - Received PrimitiveEvent{type=change, value=byte[]{length=62, hash=1558856802}}
00:17:00.539 [atomix-system-2] INFO  i.a.p.b.p.i.PrimaryBackupPartitionClient - Successfully started client for PartitionId{id=28, group=data}
00:17:00.539 [atomix-system-3] TRACE i.a.p.b.s.PrimaryBackupSessionClient - SessionClient{system-partition-1}{type=PRIMARY_ELECTOR, name=atomix-primary-elector} - Received PrimitiveEvent{type=change, value=byte[]{length=62, hash=-138390878}}
00:17:00.539 [atomix-system-2] INFO  i.a.p.b.p.i.PrimaryBackupPartitionServer - Successfully started server for PartitionId{id=65, group=data}
00:17:00.539 [atomix-system-3] TRACE i.a.p.b.s.PrimaryBackupSessionClient - SessionClient{system-partition-1}{type=PRIMARY_ELECTOR, name=atomix-primary-elector} - Received PrimitiveEvent{type=change, value=byte[]{length=62, hash=-758491240}}
00:17:00.539 [atomix-system-2] INFO  i.a.p.b.p.i.PrimaryBackupPartitionClient - Successfully started client for PartitionId{id=65, group=data}
00:17:00.540 [atomix-system-3] TRACE i.a.p.b.s.PrimaryBackupSessionClient - SessionClient{system-partition-1}{type=PRIMARY_ELECTOR, name=atomix-primary-elector} - Received PrimitiveEvent{type=change, value=byte[]{length=62, hash=-585775050}}
00:17:00.540 [atomix-system-2] INFO  i.a.p.b.p.i.PrimaryBackupPartitionServer - Successfully started server for PartitionId{id=32, group=data}
00:17:00.540 [atomix-system-3] TRACE i.a.p.b.s.PrimaryBackupSessionClient - SessionClient{system-partition-1}{type=PRIMARY_ELECTOR, name=atomix-primary-elector} - Received PrimitiveEvent{type=change, value=byte[]{length=62, hash=-2029015824}}
00:17:00.540 [atomix-system-2] INFO  i.a.p.b.p.i.PrimaryBackupPartitionClient - Successfully started client for PartitionId{id=32, group=data}
00:17:00.540 [atomix-system-3] TRACE i.a.p.b.s.PrimaryBackupSessionClient - SessionClient{system-partition-1}{type=PRIMARY_ELECTOR, name=atomix-primary-elector} - Received PrimitiveEvent{type=change, value=byte[]{length=62, hash=753615533}}
00:17:00.540 [atomix-system-2] INFO  i.a.p.b.p.i.PrimaryBackupPartitionServer - Successfully started server for PartitionId{id=3, group=data}
00:17:00.540 [atomix-system-3] TRACE i.a.p.b.s.PrimaryBackupSessionClient - SessionClient{system-partition-1}{type=PRIMARY_ELECTOR, name=atomix-primary-elector} - Received PrimitiveEvent{type=change, value=byte[]{length=62, hash=1820041127}}
00:17:00.540 [atomix-system-2] INFO  i.a.p.b.p.i.PrimaryBackupPartitionClient - Successfully started client for PartitionId{id=3, group=data}
00:17:00.540 [atomix-system-3] TRACE i.a.p.b.s.PrimaryBackupSessionClient - SessionClient{system-partition-1}{type=PRIMARY_ELECTOR, name=atomix-primary-elector} - Received PrimitiveEvent{type=change, value=byte[]{length=63, hash=-1671376496}}
00:17:00.540 [atomix-system-2] INFO  i.a.p.b.p.i.PrimaryBackupPartitionServer - Successfully started server for PartitionId{id=69, group=data}
00:17:00.540 [atomix-system-3] TRACE i.a.p.b.s.PrimaryBackupSessionClient - SessionClient{system-partition-1}{type=PRIMARY_ELECTOR, name=atomix-primary-elector} - Received PrimitiveEvent{type=change, value=byte[]{length=62, hash=-890333925}}
00:17:00.540 [atomix-system-2] INFO  i.a.p.b.p.i.PrimaryBackupPartitionClient - Successfully started client for PartitionId{id=69, group=data}
00:17:00.541 [atomix-system-3] TRACE i.a.p.b.s.PrimaryBackupSessionClient - SessionClient{system-partition-1}{type=PRIMARY_ELECTOR, name=atomix-primary-elector} - Received PrimitiveEvent{type=change, value=byte[]{length=62, hash=2100412701}}
00:17:00.541 [atomix-system-2] INFO  i.a.p.b.p.i.PrimaryBackupPartitionServer - Successfully started server for PartitionId{id=36, group=data}
00:17:00.541 [atomix-system-3] TRACE i.a.p.b.s.PrimaryBackupSessionClient - SessionClient{system-partition-1}{type=PRIMARY_ELECTOR, name=atomix-primary-elector} - Received PrimitiveEvent{type=change, value=byte[]{length=63, hash=-1981840364}}
00:17:00.541 [atomix-system-2] INFO  i.a.p.b.p.i.PrimaryBackupPartitionClient - Successfully started client for PartitionId{id=36, group=data}
00:17:00.541 [atomix-system-3] TRACE i.a.p.b.s.PrimaryBackupSessionClient - SessionClient{system-partition-1}{type=PRIMARY_ELECTOR, name=atomix-primary-elector} - Received PrimitiveEvent{type=change, value=byte[]{length=62, hash=1087285329}}
00:17:00.541 [atomix-system-2] INFO  i.a.p.b.p.i.PrimaryBackupPartitionServer - Successfully started server for PartitionId{id=7, group=data}
00:17:00.541 [atomix-system-2] INFO  i.a.p.b.p.i.PrimaryBackupPartitionClient - Successfully started client for PartitionId{id=7, group=data}
00:17:00.541 [atomix-system-2] INFO  i.a.p.b.p.i.PrimaryBackupPartitionServer - Successfully started server for PartitionId{id=40, group=data}
00:17:00.541 [atomix-system-2] INFO  i.a.p.b.p.i.PrimaryBackupPartitionClient - Successfully started client for PartitionId{id=40, group=data}
00:17:00.541 [atomix-system-2] INFO  i.a.p.b.p.i.PrimaryBackupPartitionServer - Successfully started server for PartitionId{id=11, group=data}
00:17:00.541 [atomix-system-2] INFO  i.a.p.b.p.i.PrimaryBackupPartitionClient - Successfully started client for PartitionId{id=11, group=data}
00:17:00.541 [atomix-system-2] INFO  i.a.p.b.p.i.PrimaryBackupPartitionServer - Successfully started server for PartitionId{id=45, group=data}
00:17:00.541 [atomix-system-2] INFO  i.a.p.b.p.i.PrimaryBackupPartitionClient - Successfully started client for PartitionId{id=45, group=data}
00:17:00.541 [atomix-system-2] INFO  i.a.p.b.p.i.PrimaryBackupPartitionServer - Successfully started server for PartitionId{id=12, group=data}
00:17:00.541 [atomix-system-2] INFO  i.a.p.b.p.i.PrimaryBackupPartitionClient - Successfully started client for PartitionId{id=12, group=data}
00:17:00.542 [atomix-system-2] INFO  i.a.p.b.p.i.PrimaryBackupPartitionServer - Successfully started server for PartitionId{id=49, group=data}
00:17:00.542 [atomix-system-2] INFO  i.a.p.b.p.i.PrimaryBackupPartitionClient - Successfully started client for PartitionId{id=49, group=data}
00:17:00.542 [atomix-system-2] INFO  i.a.p.b.p.i.PrimaryBackupPartitionServer - Successfully started server for PartitionId{id=16, group=data}
00:17:00.542 [atomix-system-2] INFO  i.a.p.b.p.i.PrimaryBackupPartitionClient - Successfully started client for PartitionId{id=16, group=data}
00:17:00.542 [atomix-system-2] INFO  i.a.p.b.p.i.PrimaryBackupPartitionServer - Successfully started server for PartitionId{id=53, group=data}
00:17:00.542 [atomix-system-2] INFO  i.a.p.b.p.i.PrimaryBackupPartitionClient - Successfully started client for PartitionId{id=53, group=data}
00:17:00.542 [atomix-system-2] INFO  i.a.p.b.p.i.PrimaryBackupPartitionServer - Successfully started server for PartitionId{id=20, group=data}
00:17:00.542 [atomix-system-2] INFO  i.a.p.b.p.i.PrimaryBackupPartitionClient - Successfully started client for PartitionId{id=20, group=data}
00:17:00.542 [atomix-system-2] INFO  i.a.p.b.p.i.PrimaryBackupPartitionServer - Successfully started server for PartitionId{id=57, group=data}
00:17:00.542 [atomix-system-2] INFO  i.a.p.b.p.i.PrimaryBackupPartitionClient - Successfully started client for PartitionId{id=57, group=data}
00:17:00.542 [atomix-system-2] INFO  i.a.p.b.p.i.PrimaryBackupPartitionServer - Successfully started server for PartitionId{id=24, group=data}
00:17:00.542 [atomix-system-2] INFO  i.a.p.b.p.i.PrimaryBackupPartitionClient - Successfully started client for PartitionId{id=24, group=data}
00:17:00.542 [atomix-system-2] INFO  i.a.p.b.p.PrimaryBackupPartitionGroup - Started
00:17:00.543 [atomix-system-2] INFO  i.a.p.p.impl.DefaultPartitionService - Started
00:17:00.547 [atomix-system-4] TRACE i.a.p.b.s.PrimaryBackupSessionClient - SessionClient{system-partition-1}{type=PRIMARY_ELECTOR, name=atomix-primary-elector} - Received PrimitiveEvent{type=change, value=byte[]{length=76, hash=1405637369}}
00:17:00.547 [atomix-system-9] TRACE i.a.p.b.impl.PrimaryBackupSession - PrimaryBackupSession{system-partition-1}{session=4332313565502807635} - Sending PrimitiveEvent{type=change, value=byte[]{length=76, hash=740645869}} to 3
00:17:00.547 [atomix-system-9] TRACE i.a.p.b.impl.PrimaryBackupSession - PrimaryBackupSession{system-partition-1}{session=4822208371359517296} - Sending PrimitiveEvent{type=change, value=byte[]{length=76, hash=740645869}} to 1
00:17:00.547 [atomix-system-12] TRACE i.a.p.b.s.PrimaryBackupSessionClient - SessionClient{system-partition-1}{type=PRIMARY_ELECTOR, name=atomix-primary-elector} - Received PrimitiveEvent{type=change, value=byte[]{length=76, hash=740645869}}
00:17:00.547 [atomix-system-9] TRACE i.a.p.b.impl.PrimaryBackupSession - PrimaryBackupSession{system-partition-1}{session=2917001958600377164} - Sending PrimitiveEvent{type=change, value=byte[]{length=76, hash=740645869}} to 2
00:17:00.547 [atomix-system-10] TRACE i.a.p.b.s.PrimaryBackupSessionClient - SessionClient{system-partition-1}{type=PRIMARY_ELECTOR, name=atomix-primary-elector} - Received PrimitiveEvent{type=change, value=byte[]{length=76, hash=740645869}}
00:17:00.548 [atomix-system-12] TRACE i.a.p.b.s.PrimaryBackupSessionClient - SessionClient{system-partition-1}{type=PRIMARY_ELECTOR, name=atomix-primary-elector} - Received PrimitiveEvent{type=change, value=byte[]{length=76, hash=740645869}}
00:17:00.548 [atomix-system-9] TRACE i.a.p.b.impl.PrimaryBackupSession - PrimaryBackupSession{system-partition-1}{session=4332313565502807635} - Sending PrimitiveEvent{type=change, value=byte[]{length=76, hash=2061566501}} to 3
00:17:00.548 [atomix-system-9] TRACE i.a.p.b.impl.PrimaryBackupSession - PrimaryBackupSession{system-partition-1}{session=4822208371359517296} - Sending PrimitiveEvent{type=change, value=byte[]{length=76, hash=2061566501}} to 1
00:17:00.548 [atomix-system-6] TRACE i.a.p.b.s.PrimaryBackupSessionClient - SessionClient{system-partition-1}{type=PRIMARY_ELECTOR, name=atomix-primary-elector} - Received PrimitiveEvent{type=change, value=byte[]{length=76, hash=2061566501}}
00:17:00.548 [atomix-system-9] TRACE i.a.p.b.impl.PrimaryBackupSession - PrimaryBackupSession{system-partition-1}{session=2917001958600377164} - Sending PrimitiveEvent{type=change, value=byte[]{length=76, hash=2061566501}} to 2
00:17:00.548 [atomix-system-0] TRACE i.a.p.b.s.PrimaryBackupSessionClient - SessionClient{system-partition-1}{type=PRIMARY_ELECTOR, name=atomix-primary-elector} - Received PrimitiveEvent{type=change, value=byte[]{length=76, hash=2061566501}}
00:17:00.548 [atomix-system-9] TRACE i.a.p.b.s.PrimaryBackupSessionClient - SessionClient{system-partition-1}{type=PRIMARY_ELECTOR, name=atomix-primary-elector} - Received PrimitiveEvent{type=change, value=byte[]{length=76, hash=2061566501}}
00:17:00.548 [atomix-system-9] TRACE i.a.p.b.impl.PrimaryBackupSession - PrimaryBackupSession{system-partition-1}{session=4332313565502807635} - Sending PrimitiveEvent{type=change, value=byte[]{length=76, hash=-656006753}} to 3
00:17:00.549 [atomix-system-9] TRACE i.a.p.b.impl.PrimaryBackupSession - PrimaryBackupSession{system-partition-1}{session=4822208371359517296} - Sending PrimitiveEvent{type=change, value=byte[]{length=76, hash=-656006753}} to 1
00:17:00.549 [atomix-system-0] TRACE i.a.p.b.s.PrimaryBackupSessionClient - SessionClient{system-partition-1}{type=PRIMARY_ELECTOR, name=atomix-primary-elector} - Received PrimitiveEvent{type=change, value=byte[]{length=76, hash=-656006753}}
00:17:00.549 [atomix-system-9] TRACE i.a.p.b.impl.PrimaryBackupSession - PrimaryBackupSession{system-partition-1}{session=2917001958600377164} - Sending PrimitiveEvent{type=change, value=byte[]{length=76, hash=-656006753}} to 2
00:17:00.549 [atomix-system-10] TRACE i.a.p.b.s.PrimaryBackupSessionClient - SessionClient{system-partition-1}{type=PRIMARY_ELECTOR, name=atomix-primary-elector} - Received PrimitiveEvent{type=change, value=byte[]{length=76, hash=-656006753}}
00:17:00.549 [atomix-system-9] TRACE i.a.p.b.s.PrimaryBackupSessionClient - SessionClient{system-partition-1}{type=PRIMARY_ELECTOR, name=atomix-primary-elector} - Received PrimitiveEvent{type=change, value=byte[]{length=76, hash=-656006753}}
00:17:00.549 [atomix-system-9] TRACE i.a.p.b.impl.PrimaryBackupSession - PrimaryBackupSession{system-partition-1}{session=4332313565502807635} - Sending PrimitiveEvent{type=change, value=byte[]{length=76, hash=1450967899}} to 3
00:17:00.549 [atomix-system-11] TRACE i.a.p.b.s.PrimaryBackupSessionClient - SessionClient{system-partition-1}{type=PRIMARY_ELECTOR, name=atomix-primary-elector} - Received PrimitiveEvent{type=change, value=byte[]{length=76, hash=1450967899}}
00:17:00.549 [atomix-system-9] TRACE i.a.p.b.impl.PrimaryBackupSession - PrimaryBackupSession{system-partition-1}{session=4822208371359517296} - Sending PrimitiveEvent{type=change, value=byte[]{length=76, hash=1450967899}} to 1
00:17:00.549 [atomix-system-9] TRACE i.a.p.b.impl.PrimaryBackupSession - PrimaryBackupSession{system-partition-1}{session=2917001958600377164} - Sending PrimitiveEvent{type=change, value=byte[]{length=76, hash=1450967899}} to 2
00:17:00.550 [atomix-system-0] TRACE i.a.p.b.s.PrimaryBackupSessionClient - SessionClient{system-partition-1}{type=PRIMARY_ELECTOR, name=atomix-primary-elector} - Received PrimitiveEvent{type=change, value=byte[]{length=76, hash=1450967899}}
00:17:00.550 [atomix-system-9] TRACE i.a.p.b.impl.PrimaryBackupSession - PrimaryBackupSession{system-partition-1}{session=4332313565502807635} - Sending PrimitiveEvent{type=change, value=byte[]{length=76, hash=-1266605355}} to 3
00:17:00.550 [atomix-system-5] TRACE i.a.p.b.s.PrimaryBackupSessionClient - SessionClient{system-partition-1}{type=PRIMARY_ELECTOR, name=atomix-primary-elector} - Received PrimitiveEvent{type=change, value=byte[]{length=76, hash=1450967899}}
00:17:00.550 [atomix-system-9] TRACE i.a.p.b.impl.PrimaryBackupSession - PrimaryBackupSession{system-partition-1}{session=4822208371359517296} - Sending PrimitiveEvent{type=change, value=byte[]{length=76, hash=-1266605355}} to 1
00:17:00.550 [atomix-system-3] TRACE i.a.p.b.s.PrimaryBackupSessionClient - SessionClient{system-partition-1}{type=PRIMARY_ELECTOR, name=atomix-primary-elector} - Received PrimitiveEvent{type=change, value=byte[]{length=76, hash=-1266605355}}
00:17:00.550 [atomix-system-9] TRACE i.a.p.b.impl.PrimaryBackupSession - PrimaryBackupSession{system-partition-1}{session=2917001958600377164} - Sending PrimitiveEvent{type=change, value=byte[]{length=76, hash=-1266605355}} to 2
00:17:00.550 [atomix-system-2] TRACE i.a.p.b.s.PrimaryBackupSessionClient - SessionClient{system-partition-1}{type=PRIMARY_ELECTOR, name=atomix-primary-elector} - Received PrimitiveEvent{type=change, value=byte[]{length=76, hash=-1266605355}}
00:17:00.550 [atomix-system-14] TRACE i.a.p.b.s.PrimaryBackupSessionClient - SessionClient{system-partition-1}{type=PRIMARY_ELECTOR, name=atomix-primary-elector} - Received PrimitiveEvent{type=change, value=byte[]{length=76, hash=-1266605355}}
00:17:00.550 [atomix-system-9] TRACE i.a.p.b.impl.PrimaryBackupSession - PrimaryBackupSession{system-partition-1}{session=4332313565502807635} - Sending PrimitiveEvent{type=change, value=byte[]{length=76, hash=840369297}} to 3
00:17:00.551 [atomix-system-9] TRACE i.a.p.b.impl.PrimaryBackupSession - PrimaryBackupSession{system-partition-1}{session=4822208371359517296} - Sending PrimitiveEvent{type=change, value=byte[]{length=76, hash=840369297}} to 1
00:17:00.551 [atomix-system-1] TRACE i.a.p.b.s.PrimaryBackupSessionClient - SessionClient{system-partition-1}{type=PRIMARY_ELECTOR, name=atomix-primary-elector} - Received PrimitiveEvent{type=change, value=byte[]{length=76, hash=840369297}}
00:17:00.551 [atomix-system-9] TRACE i.a.p.b.impl.PrimaryBackupSession - PrimaryBackupSession{system-partition-1}{session=2917001958600377164} - Sending PrimitiveEvent{type=change, value=byte[]{length=76, hash=840369297}} to 2
00:17:00.551 [atomix-system-11] TRACE i.a.p.b.s.PrimaryBackupSessionClient - SessionClient{system-partition-1}{type=PRIMARY_ELECTOR, name=atomix-primary-elector} - Received PrimitiveEvent{type=change, value=byte[]{length=76, hash=840369297}}
00:17:00.551 [atomix-system-3] TRACE i.a.p.b.s.PrimaryBackupSessionClient - SessionClient{system-partition-1}{type=PRIMARY_ELECTOR, name=atomix-primary-elector} - Received PrimitiveEvent{type=change, value=byte[]{length=76, hash=840369297}}
00:17:00.551 [atomix-system-9] TRACE i.a.p.b.impl.PrimaryBackupSession - PrimaryBackupSession{system-partition-1}{session=4332313565502807635} - Sending PrimitiveEvent{type=change, value=byte[]{length=76, hash=2024736329}} to 3
00:17:00.551 [atomix-system-9] TRACE i.a.p.b.impl.PrimaryBackupSession - PrimaryBackupSession{system-partition-1}{session=4822208371359517296} - Sending PrimitiveEvent{type=change, value=byte[]{length=76, hash=2024736329}} to 1
00:17:00.551 [atomix-system-14] TRACE i.a.p.b.s.PrimaryBackupSessionClient - SessionClient{system-partition-1}{type=PRIMARY_ELECTOR, name=atomix-primary-elector} - Received PrimitiveEvent{type=change, value=byte[]{length=76, hash=2024736329}}
00:17:00.551 [atomix-system-9] TRACE i.a.p.b.impl.PrimaryBackupSession - PrimaryBackupSession{system-partition-1}{session=2917001958600377164} - Sending PrimitiveEvent{type=change, value=byte[]{length=76, hash=2024736329}} to 2
00:17:00.552 [atomix-system-8] TRACE i.a.p.b.s.PrimaryBackupSessionClient - SessionClient{system-partition-1}{type=PRIMARY_ELECTOR, name=atomix-primary-elector} - Received PrimitiveEvent{type=change, value=byte[]{length=76, hash=2024736329}}
00:17:00.552 [atomix-system-2] TRACE i.a.p.b.s.PrimaryBackupSessionClient - SessionClient{system-partition-1}{type=PRIMARY_ELECTOR, name=atomix-primary-elector} - Received PrimitiveEvent{type=change, value=byte[]{length=76, hash=2024736329}}
00:17:00.552 [atomix-system-9] TRACE i.a.p.b.impl.PrimaryBackupSession - PrimaryBackupSession{system-partition-1}{session=4332313565502807635} - Sending PrimitiveEvent{type=change, value=byte[]{length=76, hash=229770695}} to 3
00:17:00.552 [atomix-system-9] TRACE i.a.p.b.impl.PrimaryBackupSession - PrimaryBackupSession{system-partition-1}{session=4822208371359517296} - Sending PrimitiveEvent{type=change, value=byte[]{length=76, hash=229770695}} to 1
00:17:00.552 [atomix-system-2] TRACE i.a.p.b.s.PrimaryBackupSessionClient - SessionClient{system-partition-1}{type=PRIMARY_ELECTOR, name=atomix-primary-elector} - Received PrimitiveEvent{type=change, value=byte[]{length=76, hash=229770695}}
00:17:00.552 [atomix-system-9] TRACE i.a.p.b.impl.PrimaryBackupSession - PrimaryBackupSession{system-partition-1}{session=2917001958600377164} - Sending PrimitiveEvent{type=change, value=byte[]{length=76, hash=229770695}} to 2
00:17:00.552 [atomix-system-7] TRACE i.a.p.b.s.PrimaryBackupSessionClient - SessionClient{system-partition-1}{type=consistent-map, name=primitives} - Sending ExecuteRequest{session=-8331905905311357818, node=2, primitive=PrimitiveDescriptor{name=primitives, type=consistent-map, backups=2, replication=SYNCHRONOUS}, operation=PrimitiveOperation{id=DefaultOperationId{id=putIfAbsentWithTtl, type=COMMAND}, value=byte[]{length=45, hash=-655357269}}} to GroupMember{memberId=3, groupId=3}
00:17:00.552 [atomix-system-7] TRACE i.a.p.b.s.PrimaryBackupSessionClient - SessionClient{system-partition-1}{type=PRIMARY_ELECTOR, name=atomix-primary-elector} - Received PrimitiveEvent{type=change, value=byte[]{length=76, hash=229770695}}
00:17:00.552 [atomix-system-7] TRACE i.a.p.b.s.PrimaryBackupSessionClient - SessionClient{system-partition-1}{type=PRIMARY_ELECTOR, name=atomix-primary-elector} - Received PrimitiveEvent{type=change, value=byte[]{length=76, hash=229770695}}
00:17:00.553 [atomix-system-9] TRACE i.a.p.b.impl.PrimaryBackupSession - PrimaryBackupSession{system-partition-1}{session=4332313565502807635} - Sending PrimitiveEvent{type=change, value=byte[]{length=76, hash=-326435009}} to 3
00:17:00.554 [atomix-system-9] TRACE i.a.p.b.impl.PrimaryBackupSession - PrimaryBackupSession{system-partition-1}{session=4822208371359517296} - Sending PrimitiveEvent{type=change, value=byte[]{length=76, hash=-326435009}} to 1
00:17:00.554 [atomix-system-3] TRACE i.a.p.b.s.PrimaryBackupSessionClient - SessionClient{system-partition-1}{type=PRIMARY_ELECTOR, name=atomix-primary-elector} - Received PrimitiveEvent{type=change, value=byte[]{length=76, hash=-326435009}}
00:17:00.554 [atomix-system-9] TRACE i.a.p.b.impl.PrimaryBackupSession - PrimaryBackupSession{system-partition-1}{session=2917001958600377164} - Sending PrimitiveEvent{type=change, value=byte[]{length=76, hash=-326435009}} to 2
00:17:00.554 [atomix-system-9] TRACE i.a.p.b.s.PrimaryBackupSessionClient - SessionClient{system-partition-1}{type=PRIMARY_ELECTOR, name=atomix-primary-elector} - Received PrimitiveEvent{type=change, value=byte[]{length=76, hash=-326435009}}
00:17:00.554 [atomix-system-9] TRACE i.a.p.b.impl.PrimaryBackupSession - PrimaryBackupSession{system-partition-1}{session=4332313565502807635} - Sending PrimitiveEvent{type=change, value=byte[]{length=76, hash=1075503615}} to 3
00:17:00.554 [atomix-system-10] TRACE i.a.p.b.s.PrimaryBackupSessionClient - SessionClient{system-partition-1}{type=PRIMARY_ELECTOR, name=atomix-primary-elector} - Received PrimitiveEvent{type=change, value=byte[]{length=76, hash=-326435009}}
00:17:00.554 [atomix-system-9] TRACE i.a.p.b.impl.PrimaryBackupSession - PrimaryBackupSession{system-partition-1}{session=4822208371359517296} - Sending PrimitiveEvent{type=change, value=byte[]{length=76, hash=1075503615}} to 1
00:17:00.554 [atomix-system-7] TRACE i.a.p.b.s.PrimaryBackupSessionClient - SessionClient{system-partition-1}{type=PRIMARY_ELECTOR, name=atomix-primary-elector} - Received PrimitiveEvent{type=change, value=byte[]{length=76, hash=1075503615}}
00:17:00.554 [atomix-system-9] TRACE i.a.p.b.impl.PrimaryBackupSession - PrimaryBackupSession{system-partition-1}{session=2917001958600377164} - Sending PrimitiveEvent{type=change, value=byte[]{length=76, hash=1075503615}} to 2
00:17:00.555 [atomix-system-1] TRACE i.a.p.b.s.PrimaryBackupSessionClient - SessionClient{system-partition-1}{type=PRIMARY_ELECTOR, name=atomix-primary-elector} - Received PrimitiveEvent{type=change, value=byte[]{length=76, hash=1075503615}}
00:17:00.555 [atomix-system-9] TRACE i.a.p.b.impl.PrimaryBackupSession - PrimaryBackupSession{system-partition-1}{session=4332313565502807635} - Sending PrimitiveEvent{type=change, value=byte[]{length=77, hash=1603412254}} to 3
00:17:00.555 [atomix-system-9] TRACE i.a.p.b.impl.PrimaryBackupSession - PrimaryBackupSession{system-partition-1}{session=4822208371359517296} - Sending PrimitiveEvent{type=change, value=byte[]{length=77, hash=1603412254}} to 1
00:17:00.555 [atomix-system-14] TRACE i.a.p.b.s.PrimaryBackupSessionClient - SessionClient{system-partition-1}{type=PRIMARY_ELECTOR, name=atomix-primary-elector} - Received PrimitiveEvent{type=change, value=byte[]{length=77, hash=1603412254}}
00:17:00.555 [atomix-system-9] TRACE i.a.p.b.impl.PrimaryBackupSession - PrimaryBackupSession{system-partition-1}{session=2917001958600377164} - Sending PrimitiveEvent{type=change, value=byte[]{length=77, hash=1603412254}} to 2
00:17:00.555 [atomix-system-15] TRACE i.a.p.b.s.PrimaryBackupSessionClient - SessionClient{system-partition-1}{type=PRIMARY_ELECTOR, name=atomix-primary-elector} - Received PrimitiveEvent{type=change, value=byte[]{length=77, hash=1603412254}}
00:17:00.557 [atomix-system-9] TRACE i.a.p.b.impl.PrimaryBackupSession - PrimaryBackupSession{system-partition-1}{session=4332313565502807635} - Sending PrimitiveEvent{type=change, value=byte[]{length=76, hash=464905013}} to 3
00:17:00.557 [atomix-system-9] TRACE i.a.p.b.impl.PrimaryBackupSession - PrimaryBackupSession{system-partition-1}{session=4822208371359517296} - Sending PrimitiveEvent{type=change, value=byte[]{length=76, hash=464905013}} to 1
00:17:00.557 [atomix-system-8] TRACE i.a.p.b.s.PrimaryBackupSessionClient - SessionClient{system-partition-1}{type=PRIMARY_ELECTOR, name=atomix-primary-elector} - Received PrimitiveEvent{type=change, value=byte[]{length=76, hash=464905013}}
00:17:00.557 [atomix-system-9] TRACE i.a.p.b.impl.PrimaryBackupSession - PrimaryBackupSession{system-partition-1}{session=2917001958600377164} - Sending PrimitiveEvent{type=change, value=byte[]{length=76, hash=464905013}} to 2
00:17:00.558 [atomix-system-5] TRACE i.a.p.b.s.PrimaryBackupSessionClient - SessionClient{system-partition-1}{type=PRIMARY_ELECTOR, name=atomix-primary-elector} - Received PrimitiveEvent{type=change, value=byte[]{length=76, hash=464905013}}
00:17:00.558 [atomix-system-9] TRACE i.a.p.b.impl.PrimaryBackupSession - PrimaryBackupSession{system-partition-1}{session=4332313565502807635} - Sending PrimitiveEvent{type=change, value=byte[]{length=76, hash=2042299055}} to 3
00:17:00.558 [atomix-system-0] TRACE i.a.p.b.s.PrimaryBackupSessionClient - SessionClient{system-partition-1}{type=PRIMARY_ELECTOR, name=atomix-primary-elector} - Received PrimitiveEvent{type=change, value=byte[]{length=76, hash=1075503615}}
00:17:00.558 [atomix-system-0] TRACE i.a.p.b.s.PrimaryBackupSessionClient - SessionClient{system-partition-1}{type=PRIMARY_ELECTOR, name=atomix-primary-elector} - Received PrimitiveEvent{type=change, value=byte[]{length=77, hash=1603412254}}
00:17:00.558 [atomix-system-0] TRACE i.a.p.b.s.PrimaryBackupSessionClient - SessionClient{system-partition-1}{type=PRIMARY_ELECTOR, name=atomix-primary-elector} - Received PrimitiveEvent{type=change, value=byte[]{length=76, hash=464905013}}
00:17:00.558 [atomix-system-9] TRACE i.a.p.b.impl.PrimaryBackupSession - PrimaryBackupSession{system-partition-1}{session=4822208371359517296} - Sending PrimitiveEvent{type=change, value=byte[]{length=76, hash=2042299055}} to 1
00:17:00.558 [atomix-system-13] TRACE i.a.p.b.s.PrimaryBackupSessionClient - SessionClient{system-partition-1}{type=PRIMARY_ELECTOR, name=atomix-primary-elector} - Received PrimitiveEvent{type=change, value=byte[]{length=76, hash=2042299055}}
00:17:00.559 [atomix-system-9] TRACE i.a.p.b.impl.PrimaryBackupSession - PrimaryBackupSession{system-partition-1}{session=2917001958600377164} - Sending PrimitiveEvent{type=change, value=byte[]{length=76, hash=2042299055}} to 2
00:17:00.559 [atomix-system-3] TRACE i.a.p.b.s.PrimaryBackupSessionClient - SessionClient{system-partition-1}{type=PRIMARY_ELECTOR, name=atomix-primary-elector} - Received PrimitiveEvent{type=change, value=byte[]{length=76, hash=2042299055}}
00:17:00.559 [atomix-system-8] TRACE i.a.p.b.s.PrimaryBackupSessionClient - SessionClient{system-partition-1}{type=PRIMARY_ELECTOR, name=atomix-primary-elector} - Received PrimitiveEvent{type=change, value=byte[]{length=76, hash=2042299055}}
00:17:00.559 [atomix-system-9] TRACE i.a.p.b.impl.PrimaryBackupSession - PrimaryBackupSession{system-partition-1}{session=4332313565502807635} - Sending PrimitiveEvent{type=change, value=byte[]{length=77, hash=-1632393822}} to 3
00:17:00.559 [atomix-system-9] TRACE i.a.p.b.impl.PrimaryBackupSession - PrimaryBackupSession{system-partition-1}{session=4822208371359517296} - Sending PrimitiveEvent{type=change, value=byte[]{length=77, hash=-1632393822}} to 1
00:17:00.559 [atomix-system-10] TRACE i.a.p.b.s.PrimaryBackupSessionClient - SessionClient{system-partition-1}{type=PRIMARY_ELECTOR, name=atomix-primary-elector} - Received PrimitiveEvent{type=change, value=byte[]{length=77, hash=-1632393822}}
00:17:00.559 [atomix-system-9] TRACE i.a.p.b.impl.PrimaryBackupSession - PrimaryBackupSession{system-partition-1}{session=2917001958600377164} - Sending PrimitiveEvent{type=change, value=byte[]{length=77, hash=-1632393822}} to 2
00:17:00.559 [atomix-system-2] TRACE i.a.p.b.s.PrimaryBackupSessionClient - SessionClient{system-partition-1}{type=PRIMARY_ELECTOR, name=atomix-primary-elector} - Received PrimitiveEvent{type=change, value=byte[]{length=77, hash=-1632393822}}
00:17:00.559 [atomix-system-9] TRACE i.a.p.b.s.PrimaryBackupSessionClient - SessionClient{system-partition-1}{type=PRIMARY_ELECTOR, name=atomix-primary-elector} - Received PrimitiveEvent{type=change, value=byte[]{length=77, hash=-1632393822}}
00:17:00.559 [atomix-system-9] TRACE i.a.p.b.impl.PrimaryBackupSession - PrimaryBackupSession{system-partition-1}{session=4332313565502807635} - Sending PrimitiveEvent{type=change, value=byte[]{length=76, hash=-145693589}} to 3
00:17:00.560 [atomix-system-9] TRACE i.a.p.b.impl.PrimaryBackupSession - PrimaryBackupSession{system-partition-1}{session=4822208371359517296} - Sending PrimitiveEvent{type=change, value=byte[]{length=76, hash=-145693589}} to 1
00:17:00.560 [atomix-system-4] TRACE i.a.p.b.s.PrimaryBackupSessionClient - SessionClient{system-partition-1}{type=PRIMARY_ELECTOR, name=atomix-primary-elector} - Received PrimitiveEvent{type=change, value=byte[]{length=76, hash=-145693589}}
00:17:00.560 [atomix-system-9] TRACE i.a.p.b.impl.PrimaryBackupSession - PrimaryBackupSession{system-partition-1}{session=2917001958600377164} - Sending PrimitiveEvent{type=change, value=byte[]{length=76, hash=-145693589}} to 2
00:17:00.560 [atomix-system-11] TRACE i.a.p.b.s.PrimaryBackupSessionClient - SessionClient{system-partition-1}{type=PRIMARY_ELECTOR, name=atomix-primary-elector} - Received PrimitiveEvent{type=change, value=byte[]{length=76, hash=-145693589}}
00:17:00.560 [atomix-system-11] TRACE i.a.p.b.s.PrimaryBackupSessionClient - SessionClient{system-partition-1}{type=PRIMARY_ELECTOR, name=atomix-primary-elector} - Received PrimitiveEvent{type=change, value=byte[]{length=76, hash=-145693589}}
00:17:00.560 [atomix-system-9] TRACE i.a.p.b.impl.PrimaryBackupSession - PrimaryBackupSession{system-partition-1}{session=4332313565502807635} - Sending PrimitiveEvent{type=change, value=byte[]{length=76, hash=1038673443}} to 3
00:17:00.560 [atomix-system-9] TRACE i.a.p.b.impl.PrimaryBackupSession - PrimaryBackupSession{system-partition-1}{session=4822208371359517296} - Sending PrimitiveEvent{type=change, value=byte[]{length=76, hash=1038673443}} to 1
00:17:00.560 [atomix-system-2] TRACE i.a.p.b.s.PrimaryBackupSessionClient - SessionClient{system-partition-1}{type=PRIMARY_ELECTOR, name=atomix-primary-elector} - Received PrimitiveEvent{type=change, value=byte[]{length=76, hash=1038673443}}
00:17:00.560 [atomix-system-9] TRACE i.a.p.b.impl.PrimaryBackupSession - PrimaryBackupSession{system-partition-1}{session=2917001958600377164} - Sending PrimitiveEvent{type=change, value=byte[]{length=76, hash=1038673443}} to 2
00:17:00.560 [atomix-system-6] TRACE i.a.p.b.s.PrimaryBackupSessionClient - SessionClient{system-partition-1}{type=PRIMARY_ELECTOR, name=atomix-primary-elector} - Received PrimitiveEvent{type=change, value=byte[]{length=76, hash=1038673443}}
00:17:00.561 [atomix-system-5] TRACE i.a.p.b.s.PrimaryBackupSessionClient - SessionClient{system-partition-1}{type=PRIMARY_ELECTOR, name=atomix-primary-elector} - Received PrimitiveEvent{type=change, value=byte[]{length=76, hash=1038673443}}
00:17:00.561 [atomix-system-9] TRACE i.a.p.b.impl.PrimaryBackupSession - PrimaryBackupSession{system-partition-1}{session=4332313565502807635} - Sending PrimitiveEvent{type=change, value=byte[]{length=76, hash=-1149319201}} to 3
00:17:00.561 [atomix-system-9] TRACE i.a.p.b.impl.PrimaryBackupSession - PrimaryBackupSession{system-partition-1}{session=4822208371359517296} - Sending PrimitiveEvent{type=change, value=byte[]{length=76, hash=-1149319201}} to 1
00:17:00.561 [atomix-system-1] TRACE i.a.p.b.s.PrimaryBackupSessionClient - SessionClient{system-partition-1}{type=PRIMARY_ELECTOR, name=atomix-primary-elector} - Received PrimitiveEvent{type=change, value=byte[]{length=76, hash=-1149319201}}
00:17:00.561 [atomix-system-9] TRACE i.a.p.b.impl.PrimaryBackupSession - PrimaryBackupSession{system-partition-1}{session=2917001958600377164} - Sending PrimitiveEvent{type=change, value=byte[]{length=76, hash=-1149319201}} to 2
00:17:00.561 [atomix-system-7] TRACE i.a.p.b.s.PrimaryBackupSessionClient - SessionClient{system-partition-1}{type=PRIMARY_ELECTOR, name=atomix-primary-elector} - Received PrimitiveEvent{type=change, value=byte[]{length=76, hash=-1149319201}}
00:17:00.561 [atomix-system-12] TRACE i.a.p.b.s.PrimaryBackupSessionClient - SessionClient{system-partition-1}{type=PRIMARY_ELECTOR, name=atomix-primary-elector} - Received PrimitiveEvent{type=change, value=byte[]{length=76, hash=-1149319201}}
00:17:00.561 [atomix-system-9] TRACE i.a.p.b.impl.PrimaryBackupSession - PrimaryBackupSession{system-partition-1}{session=4332313565502807635} - Sending PrimitiveEvent{type=change, value=byte[]{length=76, hash=35047831}} to 3
00:17:00.561 [atomix-system-9] TRACE i.a.p.b.impl.PrimaryBackupSession - PrimaryBackupSession{system-partition-1}{session=4822208371359517296} - Sending PrimitiveEvent{type=change, value=byte[]{length=76, hash=35047831}} to 1
00:17:00.561 [atomix-system-0] TRACE i.a.p.b.s.PrimaryBackupSessionClient - SessionClient{system-partition-1}{type=PRIMARY_ELECTOR, name=atomix-primary-elector} - Received PrimitiveEvent{type=change, value=byte[]{length=76, hash=35047831}}
00:17:00.561 [atomix-system-9] TRACE i.a.p.b.impl.PrimaryBackupSession - PrimaryBackupSession{system-partition-1}{session=2917001958600377164} - Sending PrimitiveEvent{type=change, value=byte[]{length=76, hash=35047831}} to 2
00:17:00.561 [atomix-system-12] TRACE i.a.p.b.s.PrimaryBackupSessionClient - SessionClient{system-partition-1}{type=PRIMARY_ELECTOR, name=atomix-primary-elector} - Received PrimitiveEvent{type=change, value=byte[]{length=76, hash=35047831}}
00:17:00.562 [atomix-system-9] TRACE i.a.p.b.impl.PrimaryBackupSession - PrimaryBackupSession{system-partition-1}{session=4332313565502807635} - Sending PrimitiveEvent{type=change, value=byte[]{length=76, hash=-1814310701}} to 3
00:17:00.562 [atomix-system-11] TRACE i.a.p.b.s.PrimaryBackupSessionClient - SessionClient{system-partition-1}{type=PRIMARY_ELECTOR, name=atomix-primary-elector} - Received PrimitiveEvent{type=change, value=byte[]{length=76, hash=-1814310701}}
00:17:00.562 [atomix-system-9] TRACE i.a.p.b.impl.PrimaryBackupSession - PrimaryBackupSession{system-partition-1}{session=4822208371359517296} - Sending PrimitiveEvent{type=change, value=byte[]{length=76, hash=-1814310701}} to 1
00:17:00.562 [atomix-system-9] TRACE i.a.p.b.impl.PrimaryBackupSession - PrimaryBackupSession{system-partition-1}{session=2917001958600377164} - Sending PrimitiveEvent{type=change, value=byte[]{length=76, hash=-1814310701}} to 2
00:17:00.562 [atomix-system-4] TRACE i.a.p.b.s.PrimaryBackupSessionClient - SessionClient{system-partition-1}{type=PRIMARY_ELECTOR, name=atomix-primary-elector} - Received PrimitiveEvent{type=change, value=byte[]{length=76, hash=-1814310701}}
00:17:00.563 [atomix-system-9] TRACE i.a.p.b.impl.PrimaryBackupSession - PrimaryBackupSession{system-partition-1}{session=4332313565502807635} - Sending PrimitiveEvent{type=change, value=byte[]{length=76, hash=-412372077}} to 3
00:17:00.563 [atomix-system-9] TRACE i.a.p.b.impl.PrimaryBackupSession - PrimaryBackupSession{system-partition-1}{session=4822208371359517296} - Sending PrimitiveEvent{type=change, value=byte[]{length=76, hash=-412372077}} to 1
00:17:00.563 [atomix-system-3] TRACE i.a.p.b.s.PrimaryBackupSessionClient - SessionClient{system-partition-1}{type=PRIMARY_ELECTOR, name=atomix-primary-elector} - Received PrimitiveEvent{type=change, value=byte[]{length=76, hash=-412372077}}
00:17:00.563 [atomix-system-9] TRACE i.a.p.b.impl.PrimaryBackupSession - PrimaryBackupSession{system-partition-1}{session=2917001958600377164} - Sending PrimitiveEvent{type=change, value=byte[]{length=76, hash=-412372077}} to 2
00:17:00.563 [atomix-system-14] TRACE i.a.p.b.s.PrimaryBackupSessionClient - SessionClient{system-partition-1}{type=PRIMARY_ELECTOR, name=atomix-primary-elector} - Received PrimitiveEvent{type=change, value=byte[]{length=76, hash=-412372077}}
00:17:00.563 [atomix-system-9] TRACE i.a.p.b.impl.PrimaryBackupSession - PrimaryBackupSession{system-partition-1}{session=4332313565502807635} - Sending PrimitiveEvent{type=change, value=byte[]{length=76, hash=1870057993}} to 3
00:17:00.563 [atomix-system-9] TRACE i.a.p.b.impl.PrimaryBackupSession - PrimaryBackupSession{system-partition-1}{session=4822208371359517296} - Sending PrimitiveEvent{type=change, value=byte[]{length=76, hash=1870057993}} to 1
00:17:00.563 [atomix-system-1] TRACE i.a.p.b.s.PrimaryBackupSessionClient - SessionClient{system-partition-1}{type=PRIMARY_ELECTOR, name=atomix-primary-elector} - Received PrimitiveEvent{type=change, value=byte[]{length=76, hash=1870057993}}
00:17:00.563 [atomix-system-9] TRACE i.a.p.b.impl.PrimaryBackupSession - PrimaryBackupSession{system-partition-1}{session=2917001958600377164} - Sending PrimitiveEvent{type=change, value=byte[]{length=76, hash=1870057993}} to 2
00:17:00.563 [atomix-system-5] TRACE i.a.p.b.s.PrimaryBackupSessionClient - SessionClient{system-partition-1}{type=PRIMARY_ELECTOR, name=atomix-primary-elector} - Received PrimitiveEvent{type=change, value=byte[]{length=76, hash=1870057993}}
00:17:00.564 [atomix-system-7] TRACE i.a.p.b.s.PrimaryBackupSessionClient - SessionClient{system-partition-1}{type=PRIMARY_ELECTOR, name=atomix-primary-elector} - Received PrimitiveEvent{type=change, value=byte[]{length=76, hash=35047831}}
00:17:00.564 [atomix-system-9] TRACE i.a.p.b.impl.PrimaryBackupSession - PrimaryBackupSession{system-partition-1}{session=4332313565502807635} - Sending PrimitiveEvent{type=change, value=byte[]{length=76, hash=-1022970679}} to 3
00:17:00.564 [atomix-system-7] TRACE i.a.p.b.s.PrimaryBackupSessionClient - SessionClient{system-partition-1}{type=PRIMARY_ELECTOR, name=atomix-primary-elector} - Received PrimitiveEvent{type=change, value=byte[]{length=76, hash=-1814310701}}
00:17:00.564 [atomix-system-9] TRACE i.a.p.b.impl.PrimaryBackupSession - PrimaryBackupSession{system-partition-1}{session=4822208371359517296} - Sending PrimitiveEvent{type=change, value=byte[]{length=76, hash=-1022970679}} to 1
00:17:00.564 [atomix-system-7] TRACE i.a.p.b.s.PrimaryBackupSessionClient - SessionClient{system-partition-1}{type=PRIMARY_ELECTOR, name=atomix-primary-elector} - Received PrimitiveEvent{type=change, value=byte[]{length=76, hash=-412372077}}
00:17:00.564 [atomix-system-14] TRACE i.a.p.b.s.PrimaryBackupSessionClient - SessionClient{system-partition-1}{type=PRIMARY_ELECTOR, name=atomix-primary-elector} - Received PrimitiveEvent{type=change, value=byte[]{length=76, hash=-1022970679}}
00:17:00.564 [atomix-system-9] TRACE i.a.p.b.impl.PrimaryBackupSession - PrimaryBackupSession{system-partition-1}{session=2917001958600377164} - Sending PrimitiveEvent{type=change, value=byte[]{length=76, hash=-1022970679}} to 2
00:17:00.564 [atomix-system-7] TRACE i.a.p.b.s.PrimaryBackupSessionClient - SessionClient{system-partition-1}{type=PRIMARY_ELECTOR, name=atomix-primary-elector} - Received PrimitiveEvent{type=change, value=byte[]{length=76, hash=1870057993}}
00:17:00.564 [atomix-system-2] TRACE i.a.p.b.s.PrimaryBackupSessionClient - SessionClient{system-partition-1}{type=PRIMARY_ELECTOR, name=atomix-primary-elector} - Received PrimitiveEvent{type=change, value=byte[]{length=76, hash=-1022970679}}
00:17:00.564 [atomix-system-11] TRACE i.a.p.b.s.PrimaryBackupSessionClient - SessionClient{system-partition-1}{type=PRIMARY_ELECTOR, name=atomix-primary-elector} - Received PrimitiveEvent{type=change, value=byte[]{length=76, hash=-1022970679}}
00:17:00.564 [atomix-system-9] TRACE i.a.p.b.impl.PrimaryBackupSession - PrimaryBackupSession{system-partition-1}{session=4332313565502807635} - Sending PrimitiveEvent{type=change, value=byte[]{length=76, hash=866432381}} to 3
00:17:00.565 [atomix-system-9] TRACE i.a.p.b.impl.PrimaryBackupSession - PrimaryBackupSession{system-partition-1}{session=4822208371359517296} - Sending PrimitiveEvent{type=change, value=byte[]{length=76, hash=866432381}} to 1
00:17:00.565 [atomix-system-3] TRACE i.a.p.b.s.PrimaryBackupSessionClient - SessionClient{system-partition-1}{type=PRIMARY_ELECTOR, name=atomix-primary-elector} - Received PrimitiveEvent{type=change, value=byte[]{length=76, hash=866432381}}
00:17:00.565 [atomix-system-9] TRACE i.a.p.b.impl.PrimaryBackupSession - PrimaryBackupSession{system-partition-1}{session=2917001958600377164} - Sending PrimitiveEvent{type=change, value=byte[]{length=76, hash=866432381}} to 2
00:17:00.565 [atomix-system-11] TRACE i.a.p.b.s.PrimaryBackupSessionClient - SessionClient{system-partition-1}{type=PRIMARY_ELECTOR, name=atomix-primary-elector} - Received PrimitiveEvent{type=change, value=byte[]{length=76, hash=866432381}}
00:17:00.565 [atomix-system-4] TRACE i.a.p.b.s.PrimaryBackupSessionClient - SessionClient{system-partition-1}{type=PRIMARY_ELECTOR, name=atomix-primary-elector} - Received PrimitiveEvent{type=change, value=byte[]{length=76, hash=866432381}}
00:17:00.565 [atomix-system-9] TRACE i.a.p.b.impl.PrimaryBackupSession - PrimaryBackupSession{system-partition-1}{session=4332313565502807635} - Sending PrimitiveEvent{type=change, value=byte[]{length=76, hash=-1633569281}} to 3
00:17:00.565 [atomix-system-9] TRACE i.a.p.b.impl.PrimaryBackupSession - PrimaryBackupSession{system-partition-1}{session=4822208371359517296} - Sending PrimitiveEvent{type=change, value=byte[]{length=76, hash=-1633569281}} to 1
00:17:00.565 [atomix-system-15] TRACE i.a.p.b.s.PrimaryBackupSessionClient - SessionClient{system-partition-1}{type=PRIMARY_ELECTOR, name=atomix-primary-elector} - Received PrimitiveEvent{type=change, value=byte[]{length=76, hash=-1633569281}}
00:17:00.565 [atomix-system-9] TRACE i.a.p.b.impl.PrimaryBackupSession - PrimaryBackupSession{system-partition-1}{session=2917001958600377164} - Sending PrimitiveEvent{type=change, value=byte[]{length=76, hash=-1633569281}} to 2
00:17:00.565 [atomix-system-8] TRACE i.a.p.b.s.PrimaryBackupSessionClient - SessionClient{system-partition-1}{type=PRIMARY_ELECTOR, name=atomix-primary-elector} - Received PrimitiveEvent{type=change, value=byte[]{length=76, hash=-1633569281}}
00:17:00.565 [atomix-system-9] TRACE i.a.p.b.s.PrimaryBackupSessionClient - SessionClient{system-partition-1}{type=PRIMARY_ELECTOR, name=atomix-primary-elector} - Received PrimitiveEvent{type=change, value=byte[]{length=76, hash=-1633569281}}
00:17:00.565 [atomix-system-9] TRACE i.a.p.b.impl.PrimaryBackupSession - PrimaryBackupSession{system-partition-1}{session=4332313565502807635} - Sending PrimitiveEvent{type=change, value=byte[]{length=76, hash=255833779}} to 3
00:17:00.566 [atomix-system-11] TRACE i.a.p.b.s.PrimaryBackupSessionClient - SessionClient{system-partition-1}{type=PRIMARY_ELECTOR, name=atomix-primary-elector} - Received PrimitiveEvent{type=change, value=byte[]{length=76, hash=255833779}}
00:17:00.566 [atomix-system-9] TRACE i.a.p.b.impl.PrimaryBackupSession - PrimaryBackupSession{system-partition-1}{session=4822208371359517296} - Sending PrimitiveEvent{type=change, value=byte[]{length=76, hash=255833779}} to 1
00:17:00.566 [atomix-system-9] TRACE i.a.p.b.impl.PrimaryBackupSession - PrimaryBackupSession{system-partition-1}{session=2917001958600377164} - Sending PrimitiveEvent{type=change, value=byte[]{length=76, hash=255833779}} to 2
00:17:00.566 [atomix-system-7] TRACE i.a.p.b.s.PrimaryBackupSessionClient - SessionClient{system-partition-1}{type=PRIMARY_ELECTOR, name=atomix-primary-elector} - Received PrimitiveEvent{type=change, value=byte[]{length=76, hash=255833779}}
00:17:00.566 [atomix-system-6] TRACE i.a.p.b.s.PrimaryBackupSessionClient - SessionClient{system-partition-1}{type=PRIMARY_ELECTOR, name=atomix-primary-elector} - Received PrimitiveEvent{type=change, value=byte[]{length=76, hash=255833779}}
00:17:00.566 [atomix-system-9] TRACE i.a.p.b.impl.PrimaryBackupSession - PrimaryBackupSession{system-partition-1}{session=4332313565502807635} - Sending PrimitiveEvent{type=change, value=byte[]{length=76, hash=2050799413}} to 3
00:17:00.566 [atomix-system-9] TRACE i.a.p.b.impl.PrimaryBackupSession - PrimaryBackupSession{system-partition-1}{session=4822208371359517296} - Sending PrimitiveEvent{type=change, value=byte[]{length=76, hash=2050799413}} to 1
00:17:00.566 [atomix-system-0] TRACE i.a.p.b.s.PrimaryBackupSessionClient - SessionClient{system-partition-1}{type=PRIMARY_ELECTOR, name=atomix-primary-elector} - Received PrimitiveEvent{type=change, value=byte[]{length=76, hash=2050799413}}
00:17:00.566 [atomix-system-9] TRACE i.a.p.b.impl.PrimaryBackupSession - PrimaryBackupSession{system-partition-1}{session=2917001958600377164} - Sending PrimitiveEvent{type=change, value=byte[]{length=76, hash=2050799413}} to 2
00:17:00.567 [atomix-system-12] TRACE i.a.p.b.s.PrimaryBackupSessionClient - SessionClient{system-partition-1}{type=PRIMARY_ELECTOR, name=atomix-primary-elector} - Received PrimitiveEvent{type=change, value=byte[]{length=76, hash=2050799413}}
00:17:00.567 [atomix-system-13] TRACE i.a.p.b.s.PrimaryBackupSessionClient - SessionClient{system-partition-1}{type=PRIMARY_ELECTOR, name=atomix-primary-elector} - Received PrimitiveEvent{type=change, value=byte[]{length=76, hash=2050799413}}
00:17:00.567 [atomix-system-9] TRACE i.a.p.backup.roles.PrimaryRole - PrimaryRole{system-partition-1}{role=PRIMARY} - Sending BackupRequest{primary=3, term=14, index=258, primitive=PrimitiveDescriptor{name=atomix-primary-elector, type=PRIMARY_ELECTOR, backups=1, replication=ASYNCHRONOUS}, operations=[ExecuteOperation{index=188, timestamp=1528669020440, session=2917001958600377164, node=2, operation=PrimitiveOperation{id=DefaultOperationId{id=ENTER, type=COMMAND}, value=byte[]{length=29, hash=-970818381}}}, ExecuteOperation{index=189, timestamp=1528669020440, session=2917001958600377164, node=2, operation=PrimitiveOperation{id=DefaultOperationId{id=ENTER, type=COMMAND}, value=byte[]{length=28, hash=-31316532}}}, ExecuteOperation{index=190, timestamp=1528669020441, session=2917001958600377164, node=2, operation=PrimitiveOperation{id=DefaultOperationId{id=ENTER, type=COMMAND}, value=byte[]{length=28, hash=-31316474}}}, ExecuteOperation{index=191, timestamp=1528669020441, session=2917001958600377164, node=2, operation=PrimitiveOperation{id=DefaultOperationId{id=ENTER, type=COMMAND}, value=byte[]{length=28, hash=-31316524}}}, ExecuteOperation{index=192, timestamp=1528669020441, session=2917001958600377164, node=2, operation=PrimitiveOperation{id=DefaultOperationId{id=ENTER, type=COMMAND}, value=byte[]{length=28, hash=-31316590}}}, ExecuteOperation{index=193, timestamp=1528669020442, session=2917001958600377164, node=2, operation=PrimitiveOperation{id=DefaultOperationId{id=ENTER, type=COMMAND}, value=byte[]{length=29, hash=-970818133}}}, ExecuteOperation{index=194, timestamp=1528669020442, session=2917001958600377164, node=2, operation=PrimitiveOperation{id=DefaultOperationId{id=ENTER, type=COMMAND}, value=byte[]{length=28, hash=-31316516}}}, ExecuteOperation{index=195, timestamp=1528669020442, session=2917001958600377164, node=2, operation=PrimitiveOperation{id=DefaultOperationId{id=ENTER, type=COMMAND}, value=byte[]{length=28, hash=-31316582}}}, ExecuteOperation{index=196, timestamp=1528669020444, session=2917001958600377164, node=2, operation=PrimitiveOperation{id=DefaultOperationId{id=ENTER, type=COMMAND}, value=byte[]{length=28, hash=-31316508}}}, ExecuteOperation{index=197, timestamp=1528669020445, session=2917001958600377164, node=2, operation=PrimitiveOperation{id=DefaultOperationId{id=ENTER, type=COMMAND}, value=byte[]{length=28, hash=-31316574}}}, ExecuteOperation{index=198, timestamp=1528669020446, session=2917001958600377164, node=2, operation=PrimitiveOperation{id=DefaultOperationId{id=ENTER, type=COMMAND}, value=byte[]{length=28, hash=-31316506}}}, ExecuteOperation{index=199, timestamp=1528669020447, session=2917001958600377164, node=2, operation=PrimitiveOperation{id=DefaultOperationId{id=ENTER, type=COMMAND}, value=byte[]{length=28, hash=-31316564}}}, ExecuteOperation{index=200, timestamp=1528669020448, session=2917001958600377164, node=2, operation=PrimitiveOperation{id=DefaultOperationId{id=ENTER, type=COMMAND}, value=byte[]{length=28, hash=-31316498}}}, ExecuteOperation{index=201, timestamp=1528669020449, session=2917001958600377164, node=2, operation=PrimitiveOperation{id=DefaultOperationId{id=ENTER, type=COMMAND}, value=byte[]{length=28, hash=-31316556}}}, ExecuteOperation{index=202, timestamp=1528669020450, session=2917001958600377164, node=2, operation=PrimitiveOperation{id=DefaultOperationId{id=ENTER, type=COMMAND}, value=byte[]{length=28, hash=-31316490}}}, ExecuteOperation{index=203, timestamp=1528669020465, session=2917001958600377164, node=2, operation=PrimitiveOperation{id=DefaultOperationId{id=ENTER, type=COMMAND}, value=byte[]{length=28, hash=-31316548}}}, ExecuteOperation{index=204, timestamp=1528669020466, session=2917001958600377164, node=2, operation=PrimitiveOperation{id=DefaultOperationId{id=ENTER, type=COMMAND}, value=byte[]{length=28, hash=-31316482}}}, ExecuteOperation{index=205, timestamp=1528669020467, session=2917001958600377164, node=2, operation=PrimitiveOperation{id=DefaultOperationId{id=ENTER, type=COMMAND}, value=byte[]{length=28, hash=-31316540}}}, ExecuteOperation{index=206, timestamp=1528669020467, session=2917001958600377164, node=2, operation=PrimitiveOperation{id=DefaultOperationId{id=ENTER, type=COMMAND}, value=byte[]{length=28, hash=-31316468}}}, ExecuteOperation{index=207, timestamp=1528669020468, session=2917001958600377164, node=2, operation=PrimitiveOperation{id=DefaultOperationId{id=ENTER, type=COMMAND}, value=byte[]{length=28, hash=-31316534}}}, ExecuteOperation{index=208, timestamp=1528669020468, session=2917001958600377164, node=2, operation=PrimitiveOperation{id=DefaultOperationId{id=ENTER, type=COMMAND}, value=byte[]{length=28, hash=-31316592}}}, ExecuteOperation{index=209, timestamp=1528669020469, session=2917001958600377164, node=2, operation=PrimitiveOperation{id=DefaultOperationId{id=ENTER, type=COMMAND}, value=byte[]{length=29, hash=-970818195}}}, ExecuteOperation{index=210, timestamp=1528669020469, session=2917001958600377164, node=2, operation=PrimitiveOperation{id=DefaultOperationId{id=ENTER, type=COMMAND}, value=byte[]{length=28, hash=-31316526}}}, ExecuteOperation{index=211, timestamp=1528669020470, session=2917001958600377164, node=2, operation=PrimitiveOperation{id=DefaultOperationId{id=ENTER, type=COMMAND}, value=byte[]{length=28, hash=-31316584}}}, ExecuteOperation{index=212, timestamp=1528669020471, session=2917001958600377164, node=2, operation=PrimitiveOperation{id=DefaultOperationId{id=ENTER, type=COMMAND}, value=byte[]{length=29, hash=-970817947}}}, ExecuteOperation{index=213, timestamp=1528669020472, session=2917001958600377164, node=2, operation=PrimitiveOperation{id=DefaultOperationId{id=ENTER, type=COMMAND}, value=byte[]{length=28, hash=-31316518}}}, ExecuteOperation{index=214, timestamp=1528669020473, session=2917001958600377164, node=2, operation=PrimitiveOperation{id=DefaultOperationId{id=ENTER, type=COMMAND}, value=byte[]{length=28, hash=-31316576}}}, ExecuteOperation{index=215, timestamp=1528669020473, session=2917001958600377164, node=2, operation=PrimitiveOperation{id=DefaultOperationId{id=ENTER, type=COMMAND}, value=byte[]{length=28, hash=-31316510}}}, ExecuteOperation{index=216, timestamp=1528669020474, session=2917001958600377164, node=2, operation=PrimitiveOperation{id=DefaultOperationId{id=ENTER, type=COMMAND}, value=byte[]{length=28, hash=-31316500}}}, ExecuteOperation{index=217, timestamp=1528669020475, session=2917001958600377164, node=2, operation=PrimitiveOperation{id=DefaultOperationId{id=ENTER, type=COMMAND}, value=byte[]{length=28, hash=-31316566}}}, ExecuteOperation{index=218, timestamp=1528669020475, session=2917001958600377164, node=2, operation=PrimitiveOperation{id=DefaultOperationId{id=ENTER, type=COMMAND}, value=byte[]{length=28, hash=-31316492}}}, ExecuteOperation{index=219, timestamp=1528669020476, session=2917001958600377164, node=2, operation=PrimitiveOperation{id=DefaultOperationId{id=ENTER, type=COMMAND}, value=byte[]{length=28, hash=-31316558}}}, ExecuteOperation{index=220, timestamp=1528669020477, session=2917001958600377164, node=2, operation=PrimitiveOperation{id=DefaultOperationId{id=ENTER, type=COMMAND}, value=byte[]{length=28, hash=-31316484}}}, ExecuteOperation{index=221, timestamp=1528669020477, session=2917001958600377164, node=2, operation=PrimitiveOperation{id=DefaultOperationId{id=ENTER, type=COMMAND}, value=byte[]{length=28, hash=-31316550}}}, ExecuteOperation{index=222, timestamp=1528669020478, session=2917001958600377164, node=2, operation=PrimitiveOperation{id=DefaultOperationId{id=ENTER, type=COMMAND}, value=byte[]{length=28, hash=-31316476}}}, ExecuteOperation{index=223, timestamp=1528669020478, session=2917001958600377164, node=2, operation=PrimitiveOperation{id=DefaultOperationId{id=ENTER, type=COMMAND}, value=byte[]{length=28, hash=-31316542}}}, ExecuteOperation{index=224, timestamp=1528669020479, session=2917001958600377164, node=2, operation=PrimitiveOperation{id=DefaultOperationId{id=ENTER, type=COMMAND}, value=byte[]{length=28, hash=-31316536}}}, ExecuteOperation{index=225, timestamp=1528669020480, session=2917001958600377164, node=2, operation=PrimitiveOperation{id=DefaultOperationId{id=ENTER, type=COMMAND}, value=byte[]{length=28, hash=-31316470}}}, ExecuteOperation{index=226, timestamp=1528669020480, session=2917001958600377164, node=2, operation=PrimitiveOperation{id=DefaultOperationId{id=ENTER, type=COMMAND}, value=byte[]{length=28, hash=-31316528}}}, ExecuteOperation{index=227, timestamp=1528669020481, session=2917001958600377164, node=2, operation=PrimitiveOperation{id=DefaultOperationId{id=ENTER, type=COMMAND}, value=byte[]{length=29, hash=-970818257}}}, ExecuteOperation{index=228, timestamp=1528669020481, session=2917001958600377164, node=2, operation=PrimitiveOperation{id=DefaultOperationId{id=ENTER, type=COMMAND}, value=byte[]{length=28, hash=-31316520}}}, ExecuteOperation{index=229, timestamp=1528669020482, session=2917001958600377164, node=2, operation=PrimitiveOperation{id=DefaultOperationId{id=ENTER, type=COMMAND}, value=byte[]{length=28, hash=-31316586}}}, ExecuteOperation{index=230, timestamp=1528669020483, session=2917001958600377164, node=2, operation=PrimitiveOperation{id=DefaultOperationId{id=ENTER, type=COMMAND}, value=byte[]{length=29, hash=-970818009}}}, ExecuteOperation{index=231, timestamp=1528669020483, session=2917001958600377164, node=2, operation=PrimitiveOperation{id=DefaultOperationId{id=ENTER, type=COMMAND}, value=byte[]{length=28, hash=-31316512}}}, ExecuteOperation{index=232, timestamp=1528669020484, session=2917001958600377164, node=2, operation=PrimitiveOperation{id=DefaultOperationId{id=ENTER, type=COMMAND}, value=byte[]{length=28, hash=-31316578}}}, ExecuteOperation{index=233, timestamp=1528669020485, session=2917001958600377164, node=2, operation=PrimitiveOperation{id=DefaultOperationId{id=ENTER, type=COMMAND}, value=byte[]{length=28, hash=-31316568}}}, ExecuteOperation{index=234, timestamp=1528669020487, session=2917001958600377164, node=2, operation=PrimitiveOperation{id=DefaultOperationId{id=ENTER, type=COMMAND}, value=byte[]{length=28, hash=-31316502}}}, ExecuteOperation{index=235, timestamp=1528669020488, session=2917001958600377164, node=2, operation=PrimitiveOperation{id=DefaultOperationId{id=ENTER, type=COMMAND}, value=byte[]{length=28, hash=-31316560}}}, ExecuteOperation{index=236, timestamp=1528669020489, session=2917001958600377164, node=2, operation=PrimitiveOperation{id=DefaultOperationId{id=ENTER, type=COMMAND}, value=byte[]{length=28, hash=-31316494}}}, ExecuteOperation{index=237, timestamp=1528669020489, session=2917001958600377164, node=2, operation=PrimitiveOperation{id=DefaultOperationId{id=ENTER, type=COMMAND}, value=byte[]{length=28, hash=-31316552}}}, ExecuteOperation{index=238, timestamp=1528669020490, session=2917001958600377164, node=2, operation=PrimitiveOperation{id=DefaultOperationId{id=ENTER, type=COMMAND}, value=byte[]{length=28, hash=-31316486}}}, ExecuteOperation{index=239, timestamp=1528669020490, session=2917001958600377164, node=2, operation=PrimitiveOperation{id=DefaultOperationId{id=ENTER, type=COMMAND}, value=byte[]{length=28, hash=-31316544}}}, ExecuteOperation{index=240, timestamp=1528669020491, session=2917001958600377164, node=2, operation=PrimitiveOperation{id=DefaultOperationId{id=ENTER, type=COMMAND}, value=byte[]{length=28, hash=-31316478}}}, ExecuteOperation{index=241, timestamp=1528669020492, session=2917001958600377164, node=2, operation=PrimitiveOperation{id=DefaultOperationId{id=ENTER, type=COMMAND}, value=byte[]{length=28, hash=-31316472}}}, ExecuteOperation{index=242, timestamp=1528669020493, session=2917001958600377164, node=2, operation=PrimitiveOperation{id=DefaultOperationId{id=ENTER, type=COMMAND}, value=byte[]{length=28, hash=-31316538}}}, ExecuteOperation{index=243, timestamp=1528669020493, session=2917001958600377164, node=2, operation=PrimitiveOperation{id=DefaultOperationId{id=ENTER, type=COMMAND}, value=byte[]{length=29, hash=-970818319}}}, ExecuteOperation{index=244, timestamp=1528669020494, session=2917001958600377164, node=2, operation=PrimitiveOperation{id=DefaultOperationId{id=ENTER, type=COMMAND}, value=byte[]{length=28, hash=-31316530}}}, ExecuteOperation{index=245, timestamp=1528669020494, session=2917001958600377164, node=2, operation=PrimitiveOperation{id=DefaultOperationId{id=ENTER, type=COMMAND}, value=byte[]{length=28, hash=-31316588}}}, ExecuteOperation{index=246, timestamp=1528669020495, session=2917001958600377164, node=2, operation=PrimitiveOperation{id=DefaultOperationId{id=ENTER, type=COMMAND}, value=byte[]{length=29, hash=-970818071}}}, ExecuteOperation{index=247, timestamp=1528669020495, session=2917001958600377164, node=2, operation=PrimitiveOperation{id=DefaultOperationId{id=ENTER, type=COMMAND}, value=byte[]{length=28, hash=-31316522}}}, ExecuteOperation{index=248, timestamp=1528669020496, session=2917001958600377164, node=2, operation=PrimitiveOperation{id=DefaultOperationId{id=ENTER, type=COMMAND}, value=byte[]{length=28, hash=-31316580}}}, ExecuteOperation{index=249, timestamp=1528669020497, session=2917001958600377164, node=2, operation=PrimitiveOperation{id=DefaultOperationId{id=ENTER, type=COMMAND}, value=byte[]{length=28, hash=-31316514}}}, ExecuteOperation{index=250, timestamp=1528669020497, session=2917001958600377164, node=2, operation=PrimitiveOperation{id=DefaultOperationId{id=ENTER, type=COMMAND}, value=byte[]{length=28, hash=-31316572}}}, ExecuteOperation{index=251, timestamp=1528669020498, session=2917001958600377164, node=2, operation=PrimitiveOperation{id=DefaultOperationId{id=ENTER, type=COMMAND}, value=byte[]{length=28, hash=-31316504}}}, ExecuteOperation{index=252, timestamp=1528669020499, session=2917001958600377164, node=2, operation=PrimitiveOperation{id=DefaultOperationId{id=ENTER, type=COMMAND}, value=byte[]{length=28, hash=-31316570}}}, ExecuteOperation{index=253, timestamp=1528669020499, session=2917001958600377164, node=2, operation=PrimitiveOperation{id=DefaultOperationId{id=ENTER, type=COMMAND}, value=byte[]{length=28, hash=-31316496}}}, ExecuteOperation{index=254, timestamp=1528669020500, session=2917001958600377164, node=2, operation=PrimitiveOperation{id=DefaultOperationId{id=ENTER, type=COMMAND}, value=byte[]{length=28, hash=-31316562}}}, ExecuteOperation{index=255, timestamp=1528669020500, session=2917001958600377164, node=2, operation=PrimitiveOperation{id=DefaultOperationId{id=ENTER, type=COMMAND}, value=byte[]{length=28, hash=-31316488}}}, ExecuteOperation{index=256, timestamp=1528669020501, session=2917001958600377164, node=2, operation=PrimitiveOperation{id=DefaultOperationId{id=ENTER, type=COMMAND}, value=byte[]{length=28, hash=-31316554}}}, ExecuteOperation{index=257, timestamp=1528669020502, session=2917001958600377164, node=2, operation=PrimitiveOperation{id=DefaultOperationId{id=ENTER, type=COMMAND}, value=byte[]{length=28, hash=-31316480}}}, ExecuteOperation{index=258, timestamp=1528669020502, session=2917001958600377164, node=2, operation=PrimitiveOperation{id=DefaultOperationId{id=ENTER, type=COMMAND}, value=byte[]{length=28, hash=-31316546}}}]} to 1
00:17:00.569 [atomix-system-9] TRACE i.a.p.backup.roles.BackupRole - BackupRole{system-partition-1}{role=BACKUP} - Received BackupRequest{primary=3, term=14, index=258, primitive=PrimitiveDescriptor{name=atomix-primary-elector, type=PRIMARY_ELECTOR, backups=1, replication=ASYNCHRONOUS}, operations=[ExecuteOperation{index=188, timestamp=1528669020440, session=2917001958600377164, node=2, operation=PrimitiveOperation{id=DefaultOperationId{id=ENTER, type=COMMAND}, value=byte[]{length=29, hash=-970818381}}}, ExecuteOperation{index=189, timestamp=1528669020440, session=2917001958600377164, node=2, operation=PrimitiveOperation{id=DefaultOperationId{id=ENTER, type=COMMAND}, value=byte[]{length=28, hash=-31316532}}}, ExecuteOperation{index=190, timestamp=1528669020441, session=2917001958600377164, node=2, operation=PrimitiveOperation{id=DefaultOperationId{id=ENTER, type=COMMAND}, value=byte[]{length=28, hash=-31316474}}}, ExecuteOperation{index=191, timestamp=1528669020441, session=2917001958600377164, node=2, operation=PrimitiveOperation{id=DefaultOperationId{id=ENTER, type=COMMAND}, value=byte[]{length=28, hash=-31316524}}}, ExecuteOperation{index=192, timestamp=1528669020441, session=2917001958600377164, node=2, operation=PrimitiveOperation{id=DefaultOperationId{id=ENTER, type=COMMAND}, value=byte[]{length=28, hash=-31316590}}}, ExecuteOperation{index=193, timestamp=1528669020442, session=2917001958600377164, node=2, operation=PrimitiveOperation{id=DefaultOperationId{id=ENTER, type=COMMAND}, value=byte[]{length=29, hash=-970818133}}}, ExecuteOperation{index=194, timestamp=1528669020442, session=2917001958600377164, node=2, operation=PrimitiveOperation{id=DefaultOperationId{id=ENTER, type=COMMAND}, value=byte[]{length=28, hash=-31316516}}}, ExecuteOperation{index=195, timestamp=1528669020442, session=2917001958600377164, node=2, operation=PrimitiveOperation{id=DefaultOperationId{id=ENTER, type=COMMAND}, value=byte[]{length=28, hash=-31316582}}}, ExecuteOperation{index=196, timestamp=1528669020444, session=2917001958600377164, node=2, operation=PrimitiveOperation{id=DefaultOperationId{id=ENTER, type=COMMAND}, value=byte[]{length=28, hash=-31316508}}}, ExecuteOperation{index=197, timestamp=1528669020445, session=2917001958600377164, node=2, operation=PrimitiveOperation{id=DefaultOperationId{id=ENTER, type=COMMAND}, value=byte[]{length=28, hash=-31316574}}}, ExecuteOperation{index=198, timestamp=1528669020446, session=2917001958600377164, node=2, operation=PrimitiveOperation{id=DefaultOperationId{id=ENTER, type=COMMAND}, value=byte[]{length=28, hash=-31316506}}}, ExecuteOperation{index=199, timestamp=1528669020447, session=2917001958600377164, node=2, operation=PrimitiveOperation{id=DefaultOperationId{id=ENTER, type=COMMAND}, value=byte[]{length=28, hash=-31316564}}}, ExecuteOperation{index=200, timestamp=1528669020448, session=2917001958600377164, node=2, operation=PrimitiveOperation{id=DefaultOperationId{id=ENTER, type=COMMAND}, value=byte[]{length=28, hash=-31316498}}}, ExecuteOperation{index=201, timestamp=1528669020449, session=2917001958600377164, node=2, operation=PrimitiveOperation{id=DefaultOperationId{id=ENTER, type=COMMAND}, value=byte[]{length=28, hash=-31316556}}}, ExecuteOperation{index=202, timestamp=1528669020450, session=2917001958600377164, node=2, operation=PrimitiveOperation{id=DefaultOperationId{id=ENTER, type=COMMAND}, value=byte[]{length=28, hash=-31316490}}}, ExecuteOperation{index=203, timestamp=1528669020465, session=2917001958600377164, node=2, operation=PrimitiveOperation{id=DefaultOperationId{id=ENTER, type=COMMAND}, value=byte[]{length=28, hash=-31316548}}}, ExecuteOperation{index=204, timestamp=1528669020466, session=2917001958600377164, node=2, operation=PrimitiveOperation{id=DefaultOperationId{id=ENTER, type=COMMAND}, value=byte[]{length=28, hash=-31316482}}}, ExecuteOperation{index=205, timestamp=1528669020467, session=2917001958600377164, node=2, operation=PrimitiveOperation{id=DefaultOperationId{id=ENTER, type=COMMAND}, value=byte[]{length=28, hash=-31316540}}}, ExecuteOperation{index=206, timestamp=1528669020467, session=2917001958600377164, node=2, operation=PrimitiveOperation{id=DefaultOperationId{id=ENTER, type=COMMAND}, value=byte[]{length=28, hash=-31316468}}}, ExecuteOperation{index=207, timestamp=1528669020468, session=2917001958600377164, node=2, operation=PrimitiveOperation{id=DefaultOperationId{id=ENTER, type=COMMAND}, value=byte[]{length=28, hash=-31316534}}}, ExecuteOperation{index=208, timestamp=1528669020468, session=2917001958600377164, node=2, operation=PrimitiveOperation{id=DefaultOperationId{id=ENTER, type=COMMAND}, value=byte[]{length=28, hash=-31316592}}}, ExecuteOperation{index=209, timestamp=1528669020469, session=2917001958600377164, node=2, operation=PrimitiveOperation{id=DefaultOperationId{id=ENTER, type=COMMAND}, value=byte[]{length=29, hash=-970818195}}}, ExecuteOperation{index=210, timestamp=1528669020469, session=2917001958600377164, node=2, operation=PrimitiveOperation{id=DefaultOperationId{id=ENTER, type=COMMAND}, value=byte[]{length=28, hash=-31316526}}}, ExecuteOperation{index=211, timestamp=1528669020470, session=2917001958600377164, node=2, operation=PrimitiveOperation{id=DefaultOperationId{id=ENTER, type=COMMAND}, value=byte[]{length=28, hash=-31316584}}}, ExecuteOperation{index=212, timestamp=1528669020471, session=2917001958600377164, node=2, operation=PrimitiveOperation{id=DefaultOperationId{id=ENTER, type=COMMAND}, value=byte[]{length=29, hash=-970817947}}}, ExecuteOperation{index=213, timestamp=1528669020472, session=2917001958600377164, node=2, operation=PrimitiveOperation{id=DefaultOperationId{id=ENTER, type=COMMAND}, value=byte[]{length=28, hash=-31316518}}}, ExecuteOperation{index=214, timestamp=1528669020473, session=2917001958600377164, node=2, operation=PrimitiveOperation{id=DefaultOperationId{id=ENTER, type=COMMAND}, value=byte[]{length=28, hash=-31316576}}}, ExecuteOperation{index=215, timestamp=1528669020473, session=2917001958600377164, node=2, operation=PrimitiveOperation{id=DefaultOperationId{id=ENTER, type=COMMAND}, value=byte[]{length=28, hash=-31316510}}}, ExecuteOperation{index=216, timestamp=1528669020474, session=2917001958600377164, node=2, operation=PrimitiveOperation{id=DefaultOperationId{id=ENTER, type=COMMAND}, value=byte[]{length=28, hash=-31316500}}}, ExecuteOperation{index=217, timestamp=1528669020475, session=2917001958600377164, node=2, operation=PrimitiveOperation{id=DefaultOperationId{id=ENTER, type=COMMAND}, value=byte[]{length=28, hash=-31316566}}}, ExecuteOperation{index=218, timestamp=1528669020475, session=2917001958600377164, node=2, operation=PrimitiveOperation{id=DefaultOperationId{id=ENTER, type=COMMAND}, value=byte[]{length=28, hash=-31316492}}}, ExecuteOperation{index=219, timestamp=1528669020476, session=2917001958600377164, node=2, operation=PrimitiveOperation{id=DefaultOperationId{id=ENTER, type=COMMAND}, value=byte[]{length=28, hash=-31316558}}}, ExecuteOperation{index=220, timestamp=1528669020477, session=2917001958600377164, node=2, operation=PrimitiveOperation{id=DefaultOperationId{id=ENTER, type=COMMAND}, value=byte[]{length=28, hash=-31316484}}}, ExecuteOperation{index=221, timestamp=1528669020477, session=2917001958600377164, node=2, operation=PrimitiveOperation{id=DefaultOperationId{id=ENTER, type=COMMAND}, value=byte[]{length=28, hash=-31316550}}}, ExecuteOperation{index=222, timestamp=1528669020478, session=2917001958600377164, node=2, operation=PrimitiveOperation{id=DefaultOperationId{id=ENTER, type=COMMAND}, value=byte[]{length=28, hash=-31316476}}}, ExecuteOperation{index=223, timestamp=1528669020478, session=2917001958600377164, node=2, operation=PrimitiveOperation{id=DefaultOperationId{id=ENTER, type=COMMAND}, value=byte[]{length=28, hash=-31316542}}}, ExecuteOperation{index=224, timestamp=1528669020479, session=2917001958600377164, node=2, operation=PrimitiveOperation{id=DefaultOperationId{id=ENTER, type=COMMAND}, value=byte[]{length=28, hash=-31316536}}}, ExecuteOperation{index=225, timestamp=1528669020480, session=2917001958600377164, node=2, operation=PrimitiveOperation{id=DefaultOperationId{id=ENTER, type=COMMAND}, value=byte[]{length=28, hash=-31316470}}}, ExecuteOperation{index=226, timestamp=1528669020480, session=2917001958600377164, node=2, operation=PrimitiveOperation{id=DefaultOperationId{id=ENTER, type=COMMAND}, value=byte[]{length=28, hash=-31316528}}}, ExecuteOperation{index=227, timestamp=1528669020481, session=2917001958600377164, node=2, operation=PrimitiveOperation{id=DefaultOperationId{id=ENTER, type=COMMAND}, value=byte[]{length=29, hash=-970818257}}}, ExecuteOperation{index=228, timestamp=1528669020481, session=2917001958600377164, node=2, operation=PrimitiveOperation{id=DefaultOperationId{id=ENTER, type=COMMAND}, value=byte[]{length=28, hash=-31316520}}}, ExecuteOperation{index=229, timestamp=1528669020482, session=2917001958600377164, node=2, operation=PrimitiveOperation{id=DefaultOperationId{id=ENTER, type=COMMAND}, value=byte[]{length=28, hash=-31316586}}}, ExecuteOperation{index=230, timestamp=1528669020483, session=2917001958600377164, node=2, operation=PrimitiveOperation{id=DefaultOperationId{id=ENTER, type=COMMAND}, value=byte[]{length=29, hash=-970818009}}}, ExecuteOperation{index=231, timestamp=1528669020483, session=2917001958600377164, node=2, operation=PrimitiveOperation{id=DefaultOperationId{id=ENTER, type=COMMAND}, value=byte[]{length=28, hash=-31316512}}}, ExecuteOperation{index=232, timestamp=1528669020484, session=2917001958600377164, node=2, operation=PrimitiveOperation{id=DefaultOperationId{id=ENTER, type=COMMAND}, value=byte[]{length=28, hash=-31316578}}}, ExecuteOperation{index=233, timestamp=1528669020485, session=2917001958600377164, node=2, operation=PrimitiveOperation{id=DefaultOperationId{id=ENTER, type=COMMAND}, value=byte[]{length=28, hash=-31316568}}}, ExecuteOperation{index=234, timestamp=1528669020487, session=2917001958600377164, node=2, operation=PrimitiveOperation{id=DefaultOperationId{id=ENTER, type=COMMAND}, value=byte[]{length=28, hash=-31316502}}}, ExecuteOperation{index=235, timestamp=1528669020488, session=2917001958600377164, node=2, operation=PrimitiveOperation{id=DefaultOperationId{id=ENTER, type=COMMAND}, value=byte[]{length=28, hash=-31316560}}}, ExecuteOperation{index=236, timestamp=1528669020489, session=2917001958600377164, node=2, operation=PrimitiveOperation{id=DefaultOperationId{id=ENTER, type=COMMAND}, value=byte[]{length=28, hash=-31316494}}}, ExecuteOperation{index=237, timestamp=1528669020489, session=2917001958600377164, node=2, operation=PrimitiveOperation{id=DefaultOperationId{id=ENTER, type=COMMAND}, value=byte[]{length=28, hash=-31316552}}}, ExecuteOperation{index=238, timestamp=1528669020490, session=2917001958600377164, node=2, operation=PrimitiveOperation{id=DefaultOperationId{id=ENTER, type=COMMAND}, value=byte[]{length=28, hash=-31316486}}}, ExecuteOperation{index=239, timestamp=1528669020490, session=2917001958600377164, node=2, operation=PrimitiveOperation{id=DefaultOperationId{id=ENTER, type=COMMAND}, value=byte[]{length=28, hash=-31316544}}}, ExecuteOperation{index=240, timestamp=1528669020491, session=2917001958600377164, node=2, operation=PrimitiveOperation{id=DefaultOperationId{id=ENTER, type=COMMAND}, value=byte[]{length=28, hash=-31316478}}}, ExecuteOperation{index=241, timestamp=1528669020492, session=2917001958600377164, node=2, operation=PrimitiveOperation{id=DefaultOperationId{id=ENTER, type=COMMAND}, value=byte[]{length=28, hash=-31316472}}}, ExecuteOperation{index=242, timestamp=1528669020493, session=2917001958600377164, node=2, operation=PrimitiveOperation{id=DefaultOperationId{id=ENTER, type=COMMAND}, value=byte[]{length=28, hash=-31316538}}}, ExecuteOperation{index=243, timestamp=1528669020493, session=2917001958600377164, node=2, operation=PrimitiveOperation{id=DefaultOperationId{id=ENTER, type=COMMAND}, value=byte[]{length=29, hash=-970818319}}}, ExecuteOperation{index=244, timestamp=1528669020494, session=2917001958600377164, node=2, operation=PrimitiveOperation{id=DefaultOperationId{id=ENTER, type=COMMAND}, value=byte[]{length=28, hash=-31316530}}}, ExecuteOperation{index=245, timestamp=1528669020494, session=2917001958600377164, node=2, operation=PrimitiveOperation{id=DefaultOperationId{id=ENTER, type=COMMAND}, value=byte[]{length=28, hash=-31316588}}}, ExecuteOperation{index=246, timestamp=1528669020495, session=2917001958600377164, node=2, operation=PrimitiveOperation{id=DefaultOperationId{id=ENTER, type=COMMAND}, value=byte[]{length=29, hash=-970818071}}}, ExecuteOperation{index=247, timestamp=1528669020495, session=2917001958600377164, node=2, operation=PrimitiveOperation{id=DefaultOperationId{id=ENTER, type=COMMAND}, value=byte[]{length=28, hash=-31316522}}}, ExecuteOperation{index=248, timestamp=1528669020496, session=2917001958600377164, node=2, operation=PrimitiveOperation{id=DefaultOperationId{id=ENTER, type=COMMAND}, value=byte[]{length=28, hash=-31316580}}}, ExecuteOperation{index=249, timestamp=1528669020497, session=2917001958600377164, node=2, operation=PrimitiveOperation{id=DefaultOperationId{id=ENTER, type=COMMAND}, value=byte[]{length=28, hash=-31316514}}}, ExecuteOperation{index=250, timestamp=1528669020497, session=2917001958600377164, node=2, operation=PrimitiveOperation{id=DefaultOperationId{id=ENTER, type=COMMAND}, value=byte[]{length=28, hash=-31316572}}}, ExecuteOperation{index=251, timestamp=1528669020498, session=2917001958600377164, node=2, operation=PrimitiveOperation{id=DefaultOperationId{id=ENTER, type=COMMAND}, value=byte[]{length=28, hash=-31316504}}}, ExecuteOperation{index=252, timestamp=1528669020499, session=2917001958600377164, node=2, operation=PrimitiveOperation{id=DefaultOperationId{id=ENTER, type=COMMAND}, value=byte[]{length=28, hash=-31316570}}}, ExecuteOperation{index=253, timestamp=1528669020499, session=2917001958600377164, node=2, operation=PrimitiveOperation{id=DefaultOperationId{id=ENTER, type=COMMAND}, value=byte[]{length=28, hash=-31316496}}}, ExecuteOperation{index=254, timestamp=1528669020500, session=2917001958600377164, node=2, operation=PrimitiveOperation{id=DefaultOperationId{id=ENTER, type=COMMAND}, value=byte[]{length=28, hash=-31316562}}}, ExecuteOperation{index=255, timestamp=1528669020500, session=2917001958600377164, node=2, operation=PrimitiveOperation{id=DefaultOperationId{id=ENTER, type=COMMAND}, value=byte[]{length=28, hash=-31316488}}}, ExecuteOperation{index=256, timestamp=1528669020501, session=2917001958600377164, node=2, operation=PrimitiveOperation{id=DefaultOperationId{id=ENTER, type=COMMAND}, value=byte[]{length=28, hash=-31316554}}}, ExecuteOperation{index=257, timestamp=1528669020502, session=2917001958600377164, node=2, operation=PrimitiveOperation{id=DefaultOperationId{id=ENTER, type=COMMAND}, value=byte[]{length=28, hash=-31316480}}}, ExecuteOperation{index=258, timestamp=1528669020502, session=2917001958600377164, node=2, operation=PrimitiveOperation{id=DefaultOperationId{id=ENTER, type=COMMAND}, value=byte[]{length=28, hash=-31316546}}}]}
00:17:00.571 [atomix-system-9] TRACE i.a.p.backup.roles.BackupRole - BackupRole{system-partition-1}{role=BACKUP} - Sending BackupResponse{status=OK}
00:17:00.573 [atomix-system-9] INFO  i.a.p.b.p.PrimaryBackupPartitionGroup - Stopped
00:17:00.574 [atomix-system-9] INFO  i.a.p.p.i.DefaultPartitionGroupMembershipService - Stopped
00:17:00.574 [atomix-system-9] INFO  i.a.p.p.impl.DefaultPartitionService - Stopped
00:17:00.574 [atomix-0] INFO  i.a.c.m.i.DefaultClusterCommunicationService - Stopped
00:17:00.574 [atomix-cluster-0] INFO  i.a.c.m.i.DefaultClusterEventService - Stopped
00:17:00.574 [atomix-cluster-0] INFO  i.a.c.i.DefaultClusterMembershipService - 3 - Member deactivated: StatefulMember{id=3, address=localhost:5003, metadata={}}
00:17:00.574 [atomix-cluster-0] INFO  i.a.c.i.DefaultClusterMembershipService - Stopped
00:17:00.611 [netty-messaging-event-epoll-server-0] INFO  i.a.c.m.impl.NettyMessagingService - Stopped
00:17:00.612 [atomix-cluster-0] INFO  io.atomix.cluster.AtomixCluster - Stopped
00:17:00.657 [atomix-system-13] TRACE i.a.p.b.s.PrimaryBackupSessionClient - SessionClient{system-partition-1}{type=consistent-map, name=primitives} - Sending ExecuteRequest{session=-8331905905311357818, node=2, primitive=PrimitiveDescriptor{name=primitives, type=consistent-map, backups=2, replication=SYNCHRONOUS}, operation=PrimitiveOperation{id=DefaultOperationId{id=putIfAbsentWithTtl, type=COMMAND}, value=byte[]{length=45, hash=-655357269}}} to GroupMember{memberId=3, groupId=3}
00:17:00.679 [main] WARN  i.a.c.m.impl.NettyMessagingService - Disabling TLS for intra-cluster messaging; Could not load cluster key store: ../config/atomix.jks (No such file or directory)
00:17:00.680 [netty-messaging-event-epoll-server-0] INFO  i.a.c.m.impl.NettyMessagingService - localhost/127.0.0.1 accepting incoming connections on port 5003
00:17:00.681 [netty-messaging-event-epoll-server-0] INFO  i.a.c.m.impl.NettyMessagingService - Started
00:17:00.681 [atomix-cluster-0] INFO  i.a.c.i.DefaultClusterMembershipService - 3 - Member activated: StatefulMember{id=3, address=localhost:5003, metadata={}}
00:17:00.681 [atomix-cluster-0] INFO  i.a.c.i.DefaultClusterMembershipService - 3 - Member activated: StatefulMember{id=1, address=localhost:5001, metadata={}}
00:17:00.681 [atomix-cluster-0] INFO  i.a.c.i.DefaultClusterMembershipService - 3 - Member activated: StatefulMember{id=2, address=localhost:5002, metadata={}}
00:17:00.683 [netty-messaging-event-epoll-client-1] INFO  i.a.c.i.DefaultClusterMembershipService - Started
00:17:00.683 [atomix-cluster-0] INFO  i.a.c.m.i.DefaultClusterCommunicationService - Started
00:17:00.684 [atomix-cluster-0] INFO  i.a.c.m.i.DefaultClusterEventService - Started
00:17:00.688 [atomix-partition-group-membership-service-0] INFO  i.a.p.p.i.DefaultPartitionGroupMembershipService - Started
00:17:00.688 [atomix-partition-group-membership-service-0] INFO  i.a.p.p.i.HashBasedPrimaryElectionService - Started
00:17:00.691 [atomix-partition-group-membership-service-0] INFO  i.a.p.b.p.i.PrimaryBackupPartitionServer - Successfully started server for PartitionId{id=1, group=system}
00:17:00.692 [atomix-partition-group-membership-service-0] INFO  i.a.p.b.p.i.PrimaryBackupPartitionClient - Successfully started client for PartitionId{id=1, group=system}
00:17:00.692 [atomix-partition-group-membership-service-0] INFO  i.a.p.b.p.PrimaryBackupPartitionGroup - Started
00:17:00.695 [atomix-system-3] TRACE i.a.p.b.s.PrimaryBackupSessionClient - SessionClient{system-partition-1}{type=PRIMARY_ELECTOR, name=atomix-primary-elector} - Sending ExecuteRequest{session=-3929230760396962268, node=3, primitive=PrimitiveDescriptor{name=atomix-primary-elector, type=PRIMARY_ELECTOR, backups=1, replication=ASYNCHRONOUS}, operation=PrimitiveOperation{id=DefaultOperationId{id=ENTER, type=COMMAND}, value=byte[]{length=28, hash=-541850651}}} to GroupMember{memberId=3, groupId=3}
00:17:00.696 [atomix-system-3] DEBUG i.a.p.b.s.i.PrimaryBackupServiceContext - PrimitiveService{system-partition-1}{type=PRIMARY_ELECTOR, name=atomix-primary-elector} - Term changed: PrimaryTerm{term=2, primary=GroupMember{memberId=3, groupId=3}, candidates=[GroupMember{memberId=1, groupId=1}, GroupMember{memberId=2, groupId=2}]}
00:17:00.697 [atomix-system-3] DEBUG i.a.p.b.s.i.PrimaryBackupServiceContext - PrimitiveService{system-partition-1}{type=PRIMARY_ELECTOR, name=atomix-primary-elector} - 3 transitioning to PRIMARY
00:17:00.697 [atomix-system-2] TRACE i.a.p.backup.roles.PrimaryRole - PrimaryRole{system-partition-1}{role=PRIMARY} - Received ExecuteRequest{session=-3929230760396962268, node=3, primitive=PrimitiveDescriptor{name=atomix-primary-elector, type=PRIMARY_ELECTOR, backups=1, replication=ASYNCHRONOUS}, operation=PrimitiveOperation{id=DefaultOperationId{id=ENTER, type=COMMAND}, value=byte[]{length=28, hash=-541850651}}}
00:17:00.697 [atomix-system-3] TRACE i.a.p.b.s.PrimaryBackupSessionClient - SessionClient{system-partition-1}{type=PRIMARY_ELECTOR, name=atomix-primary-elector} - Sending ExecuteRequest{session=-3929230760396962268, node=3, primitive=PrimitiveDescriptor{name=atomix-primary-elector, type=PRIMARY_ELECTOR, backups=1, replication=ASYNCHRONOUS}, operation=PrimitiveOperation{id=DefaultOperationId{id=ENTER, type=COMMAND}, value=byte[]{length=28, hash=-541850709}}} to GroupMember{memberId=3, groupId=3}
00:17:00.697 [atomix-system-3] TRACE i.a.p.b.s.PrimaryBackupSessionClient - SessionClient{system-partition-1}{type=PRIMARY_ELECTOR, name=atomix-primary-elector} - Sending ExecuteRequest{session=-3929230760396962268, node=3, primitive=PrimitiveDescriptor{name=atomix-primary-elector, type=PRIMARY_ELECTOR, backups=1, replication=ASYNCHRONOUS}, operation=PrimitiveOperation{id=DefaultOperationId{id=ENTER, type=COMMAND}, value=byte[]{length=29, hash=382491316}}} to GroupMember{memberId=3, groupId=3}
00:17:00.697 [atomix-system-3] TRACE i.a.p.b.s.PrimaryBackupSessionClient - SessionClient{system-partition-1}{type=PRIMARY_ELECTOR, name=atomix-primary-elector} - Sending ExecuteRequest{session=-3929230760396962268, node=3, primitive=PrimitiveDescriptor{name=atomix-primary-elector, type=PRIMARY_ELECTOR, backups=1, replication=ASYNCHRONOUS}, operation=PrimitiveOperation{id=DefaultOperationId{id=ENTER, type=COMMAND}, value=byte[]{length=28, hash=-541850701}}} to GroupMember{memberId=3, groupId=3}
00:17:00.697 [atomix-system-3] TRACE i.a.p.b.s.PrimaryBackupSessionClient - SessionClient{system-partition-1}{type=PRIMARY_ELECTOR, name=atomix-primary-elector} - Sending ExecuteRequest{session=-3929230760396962268, node=3, primitive=PrimitiveDescriptor{name=atomix-primary-elector, type=PRIMARY_ELECTOR, backups=1, replication=ASYNCHRONOUS}, operation=PrimitiveOperation{id=DefaultOperationId{id=ENTER, type=COMMAND}, value=byte[]{length=28, hash=-541850767}}} to GroupMember{memberId=3, groupId=3}
00:17:00.697 [atomix-system-2] TRACE i.a.p.backup.roles.PrimaryRole - PrimaryRole{system-partition-1}{role=PRIMARY} - Sending ExecuteResponse{status=OK, result=byte[]{length=25, hash=-30123036}}
00:17:00.697 [atomix-system-3] TRACE i.a.p.b.s.PrimaryBackupSessionClient - SessionClient{system-partition-1}{type=PRIMARY_ELECTOR, name=atomix-primary-elector} - Sending ExecuteRequest{session=-3929230760396962268, node=3, primitive=PrimitiveDescriptor{name=atomix-primary-elector, type=PRIMARY_ELECTOR, backups=1, replication=ASYNCHRONOUS}, operation=PrimitiveOperation{id=DefaultOperationId{id=ENTER, type=COMMAND}, value=byte[]{length=29, hash=382491564}}} to GroupMember{memberId=3, groupId=3}
00:17:00.697 [atomix-system-2] TRACE i.a.p.backup.roles.PrimaryRole - PrimaryRole{system-partition-1}{role=PRIMARY} - Received ExecuteRequest{session=-3929230760396962268, node=3, primitive=PrimitiveDescriptor{name=atomix-primary-elector, type=PRIMARY_ELECTOR, backups=1, replication=ASYNCHRONOUS}, operation=PrimitiveOperation{id=DefaultOperationId{id=ENTER, type=COMMAND}, value=byte[]{length=28, hash=-541850709}}}
00:17:00.697 [atomix-system-3] TRACE i.a.p.b.s.PrimaryBackupSessionClient - SessionClient{system-partition-1}{type=PRIMARY_ELECTOR, name=atomix-primary-elector} - Sending ExecuteRequest{session=-3929230760396962268, node=3, primitive=PrimitiveDescriptor{name=atomix-primary-elector, type=PRIMARY_ELECTOR, backups=1, replication=ASYNCHRONOUS}, operation=PrimitiveOperation{id=DefaultOperationId{id=ENTER, type=COMMAND}, value=byte[]{length=28, hash=-541850693}}} to GroupMember{memberId=3, groupId=3}
00:17:00.697 [atomix-system-2] TRACE i.a.p.backup.roles.PrimaryRole - PrimaryRole{system-partition-1}{role=PRIMARY} - Sending ExecuteResponse{status=OK, result=byte[]{length=25, hash=-30123036}}
00:17:00.697 [atomix-system-3] TRACE i.a.p.b.s.PrimaryBackupSessionClient - SessionClient{system-partition-1}{type=PRIMARY_ELECTOR, name=atomix-primary-elector} - Sending ExecuteRequest{session=-3929230760396962268, node=3, primitive=PrimitiveDescriptor{name=atomix-primary-elector, type=PRIMARY_ELECTOR, backups=1, replication=ASYNCHRONOUS}, operation=PrimitiveOperation{id=DefaultOperationId{id=ENTER, type=COMMAND}, value=byte[]{length=28, hash=-541850759}}} to GroupMember{memberId=3, groupId=3}
00:17:00.697 [atomix-system-2] TRACE i.a.p.backup.roles.PrimaryRole - PrimaryRole{system-partition-1}{role=PRIMARY} - Received ExecuteRequest{session=-3929230760396962268, node=3, primitive=PrimitiveDescriptor{name=atomix-primary-elector, type=PRIMARY_ELECTOR, backups=1, replication=ASYNCHRONOUS}, operation=PrimitiveOperation{id=DefaultOperationId{id=ENTER, type=COMMAND}, value=byte[]{length=29, hash=382491316}}}
00:17:00.698 [atomix-system-3] TRACE i.a.p.b.s.PrimaryBackupSessionClient - SessionClient{system-partition-1}{type=PRIMARY_ELECTOR, name=atomix-primary-elector} - Sending ExecuteRequest{session=-3929230760396962268, node=3, primitive=PrimitiveDescriptor{name=atomix-primary-elector, type=PRIMARY_ELECTOR, backups=1, replication=ASYNCHRONOUS}, operation=PrimitiveOperation{id=DefaultOperationId{id=ENTER, type=COMMAND}, value=byte[]{length=28, hash=-541850685}}} to GroupMember{memberId=3, groupId=3}
00:17:00.698 [atomix-system-2] TRACE i.a.p.backup.roles.PrimaryRole - PrimaryRole{system-partition-1}{role=PRIMARY} - Sending ExecuteResponse{status=OK, result=byte[]{length=25, hash=-30123036}}
00:17:00.698 [atomix-system-3] TRACE i.a.p.b.s.PrimaryBackupSessionClient - SessionClient{system-partition-1}{type=PRIMARY_ELECTOR, name=atomix-primary-elector} - Sending ExecuteRequest{session=-3929230760396962268, node=3, primitive=PrimitiveDescriptor{name=atomix-primary-elector, type=PRIMARY_ELECTOR, backups=1, replication=ASYNCHRONOUS}, operation=PrimitiveOperation{id=DefaultOperationId{id=ENTER, type=COMMAND}, value=byte[]{length=28, hash=-541850751}}} to GroupMember{memberId=3, groupId=3}
00:17:00.698 [atomix-system-2] TRACE i.a.p.b.impl.PrimaryBackupSession - PrimaryBackupSession{system-partition-1}{session=-3929230760396962268} - Sending PrimitiveEvent{type=change, value=byte[]{length=48, hash=-1674624879}} to 3
00:17:00.698 [atomix-system-3] TRACE i.a.p.b.s.PrimaryBackupSessionClient - SessionClient{system-partition-1}{type=PRIMARY_ELECTOR, name=atomix-primary-elector} - Sending ExecuteRequest{session=-3929230760396962268, node=3, primitive=PrimitiveDescriptor{name=atomix-primary-elector, type=PRIMARY_ELECTOR, backups=1, replication=ASYNCHRONOUS}, operation=PrimitiveOperation{id=DefaultOperationId{id=ENTER, type=COMMAND}, value=byte[]{length=28, hash=-541850683}}} to GroupMember{memberId=3, groupId=3}
00:17:00.698 [atomix-system-2] TRACE i.a.p.backup.roles.PrimaryRole - PrimaryRole{system-partition-1}{role=PRIMARY} - Received ExecuteRequest{session=-3929230760396962268, node=3, primitive=PrimitiveDescriptor{name=atomix-primary-elector, type=PRIMARY_ELECTOR, backups=1, replication=ASYNCHRONOUS}, operation=PrimitiveOperation{id=DefaultOperationId{id=ENTER, type=COMMAND}, value=byte[]{length=28, hash=-541850701}}}
00:17:00.698 [atomix-system-3] TRACE i.a.p.b.s.PrimaryBackupSessionClient - SessionClient{system-partition-1}{type=PRIMARY_ELECTOR, name=atomix-primary-elector} - Sending ExecuteRequest{session=-3929230760396962268, node=3, primitive=PrimitiveDescriptor{name=atomix-primary-elector, type=PRIMARY_ELECTOR, backups=1, replication=ASYNCHRONOUS}, operation=PrimitiveOperation{id=DefaultOperationId{id=ENTER, type=COMMAND}, value=byte[]{length=28, hash=-541850741}}} to GroupMember{memberId=3, groupId=3}
00:17:00.698 [atomix-system-2] TRACE i.a.p.backup.roles.PrimaryRole - PrimaryRole{system-partition-1}{role=PRIMARY} - Sending ExecuteResponse{status=OK, result=byte[]{length=25, hash=-30123036}}
00:17:00.698 [atomix-system-3] TRACE i.a.p.b.s.PrimaryBackupSessionClient - SessionClient{system-partition-1}{type=PRIMARY_ELECTOR, name=atomix-primary-elector} - Sending ExecuteRequest{session=-3929230760396962268, node=3, primitive=PrimitiveDescriptor{name=atomix-primary-elector, type=PRIMARY_ELECTOR, backups=1, replication=ASYNCHRONOUS}, operation=PrimitiveOperation{id=DefaultOperationId{id=ENTER, type=COMMAND}, value=byte[]{length=28, hash=-541850675}}} to GroupMember{memberId=3, groupId=3}
00:17:00.698 [atomix-system-2] TRACE i.a.p.backup.roles.PrimaryRole - PrimaryRole{system-partition-1}{role=PRIMARY} - Received ExecuteRequest{session=-3929230760396962268, node=3, primitive=PrimitiveDescriptor{name=atomix-primary-elector, type=PRIMARY_ELECTOR, backups=1, replication=ASYNCHRONOUS}, operation=PrimitiveOperation{id=DefaultOperationId{id=ENTER, type=COMMAND}, value=byte[]{length=28, hash=-541850767}}}
00:17:00.698 [atomix-system-3] TRACE i.a.p.b.s.PrimaryBackupSessionClient - SessionClient{system-partition-1}{type=PRIMARY_ELECTOR, name=atomix-primary-elector} - Sending ExecuteRequest{session=-3929230760396962268, node=3, primitive=PrimitiveDescriptor{name=atomix-primary-elector, type=PRIMARY_ELECTOR, backups=1, replication=ASYNCHRONOUS}, operation=PrimitiveOperation{id=DefaultOperationId{id=ENTER, type=COMMAND}, value=byte[]{length=28, hash=-541850733}}} to GroupMember{memberId=3, groupId=3}
00:17:00.698 [atomix-system-2] TRACE i.a.p.backup.roles.PrimaryRole - PrimaryRole{system-partition-1}{role=PRIMARY} - Sending ExecuteResponse{status=OK, result=byte[]{length=25, hash=-30123036}}
00:17:00.698 [atomix-system-3] TRACE i.a.p.b.s.PrimaryBackupSessionClient - SessionClient{system-partition-1}{type=PRIMARY_ELECTOR, name=atomix-primary-elector} - Sending ExecuteRequest{session=-3929230760396962268, node=3, primitive=PrimitiveDescriptor{name=atomix-primary-elector, type=PRIMARY_ELECTOR, backups=1, replication=ASYNCHRONOUS}, operation=PrimitiveOperation{id=DefaultOperationId{id=ENTER, type=COMMAND}, value=byte[]{length=28, hash=-541850667}}} to GroupMember{memberId=3, groupId=3}
00:17:00.698 [atomix-system-2] TRACE i.a.p.backup.roles.PrimaryRole - PrimaryRole{system-partition-1}{role=PRIMARY} - Received ExecuteRequest{session=-3929230760396962268, node=3, primitive=PrimitiveDescriptor{name=atomix-primary-elector, type=PRIMARY_ELECTOR, backups=1, replication=ASYNCHRONOUS}, operation=PrimitiveOperation{id=DefaultOperationId{id=ENTER, type=COMMAND}, value=byte[]{length=29, hash=382491564}}}
00:17:00.698 [atomix-system-3] TRACE i.a.p.b.s.PrimaryBackupSessionClient - SessionClient{system-partition-1}{type=PRIMARY_ELECTOR, name=atomix-primary-elector} - Sending ExecuteRequest{session=-3929230760396962268, node=3, primitive=PrimitiveDescriptor{name=atomix-primary-elector, type=PRIMARY_ELECTOR, backups=1, replication=ASYNCHRONOUS}, operation=PrimitiveOperation{id=DefaultOperationId{id=ENTER, type=COMMAND}, value=byte[]{length=28, hash=-541850725}}} to GroupMember{memberId=3, groupId=3}
00:17:00.698 [atomix-system-2] TRACE i.a.p.backup.roles.PrimaryRole - PrimaryRole{system-partition-1}{role=PRIMARY} - Sending ExecuteResponse{status=OK, result=byte[]{length=25, hash=-30123036}}
00:17:00.698 [atomix-system-3] TRACE i.a.p.b.s.PrimaryBackupSessionClient - SessionClient{system-partition-1}{type=PRIMARY_ELECTOR, name=atomix-primary-elector} - Sending ExecuteRequest{session=-3929230760396962268, node=3, primitive=PrimitiveDescriptor{name=atomix-primary-elector, type=PRIMARY_ELECTOR, backups=1, replication=ASYNCHRONOUS}, operation=PrimitiveOperation{id=DefaultOperationId{id=ENTER, type=COMMAND}, value=byte[]{length=28, hash=-541850659}}} to GroupMember{memberId=3, groupId=3}
00:17:00.698 [atomix-system-2] TRACE i.a.p.b.impl.PrimaryBackupSession - PrimaryBackupSession{system-partition-1}{session=-3929230760396962268} - Sending PrimitiveEvent{type=change, value=byte[]{length=48, hash=1172077323}} to 3
00:17:00.698 [atomix-system-3] TRACE i.a.p.b.s.PrimaryBackupSessionClient - SessionClient{system-partition-1}{type=PRIMARY_ELECTOR, name=atomix-primary-elector} - Sending ExecuteRequest{session=-3929230760396962268, node=3, primitive=PrimitiveDescriptor{name=atomix-primary-elector, type=PRIMARY_ELECTOR, backups=1, replication=ASYNCHRONOUS}, operation=PrimitiveOperation{id=DefaultOperationId{id=ENTER, type=COMMAND}, value=byte[]{length=28, hash=-541850717}}} to GroupMember{memberId=3, groupId=3}
00:17:00.698 [atomix-system-2] TRACE i.a.p.backup.roles.PrimaryRole - PrimaryRole{system-partition-1}{role=PRIMARY} - Received ExecuteRequest{session=-3929230760396962268, node=3, primitive=PrimitiveDescriptor{name=atomix-primary-elector, type=PRIMARY_ELECTOR, backups=1, replication=ASYNCHRONOUS}, operation=PrimitiveOperation{id=DefaultOperationId{id=ENTER, type=COMMAND}, value=byte[]{length=28, hash=-541850693}}}
00:17:00.698 [atomix-system-3] TRACE i.a.p.b.s.PrimaryBackupSessionClient - SessionClient{system-partition-1}{type=PRIMARY_ELECTOR, name=atomix-primary-elector} - Sending ExecuteRequest{session=-3929230760396962268, node=3, primitive=PrimitiveDescriptor{name=atomix-primary-elector, type=PRIMARY_ELECTOR, backups=1, replication=ASYNCHRONOUS}, operation=PrimitiveOperation{id=DefaultOperationId{id=ENTER, type=COMMAND}, value=byte[]{length=28, hash=-541850645}}} to GroupMember{memberId=3, groupId=3}
00:17:00.698 [atomix-system-2] TRACE i.a.p.backup.roles.PrimaryRole - PrimaryRole{system-partition-1}{role=PRIMARY} - Sending ExecuteResponse{status=OK, result=byte[]{length=25, hash=-30123036}}
00:17:00.699 [atomix-system-3] TRACE i.a.p.b.s.PrimaryBackupSessionClient - SessionClient{system-partition-1}{type=PRIMARY_ELECTOR, name=atomix-primary-elector} - Sending ExecuteRequest{session=-3929230760396962268, node=3, primitive=PrimitiveDescriptor{name=atomix-primary-elector, type=PRIMARY_ELECTOR, backups=1, replication=ASYNCHRONOUS}, operation=PrimitiveOperation{id=DefaultOperationId{id=ENTER, type=COMMAND}, value=byte[]{length=28, hash=-541850711}}} to GroupMember{memberId=3, groupId=3}
00:17:00.699 [atomix-system-2] TRACE i.a.p.backup.roles.PrimaryRole - PrimaryRole{system-partition-1}{role=PRIMARY} - Received ExecuteRequest{session=-3929230760396962268, node=3, primitive=PrimitiveDescriptor{name=atomix-primary-elector, type=PRIMARY_ELECTOR, backups=1, replication=ASYNCHRONOUS}, operation=PrimitiveOperation{id=DefaultOperationId{id=ENTER, type=COMMAND}, value=byte[]{length=28, hash=-541850759}}}
00:17:00.699 [atomix-system-3] TRACE i.a.p.b.s.PrimaryBackupSessionClient - SessionClient{system-partition-1}{type=PRIMARY_ELECTOR, name=atomix-primary-elector} - Sending ExecuteRequest{session=-3929230760396962268, node=3, primitive=PrimitiveDescriptor{name=atomix-primary-elector, type=PRIMARY_ELECTOR, backups=1, replication=ASYNCHRONOUS}, operation=PrimitiveOperation{id=DefaultOperationId{id=ENTER, type=COMMAND}, value=byte[]{length=28, hash=-541850769}}} to GroupMember{memberId=3, groupId=3}
00:17:00.699 [atomix-system-2] TRACE i.a.p.backup.roles.PrimaryRole - PrimaryRole{system-partition-1}{role=PRIMARY} - Sending ExecuteResponse{status=OK, result=byte[]{length=25, hash=-30123036}}
00:17:00.699 [atomix-system-3] TRACE i.a.p.b.s.PrimaryBackupSessionClient - SessionClient{system-partition-1}{type=PRIMARY_ELECTOR, name=atomix-primary-elector} - Sending ExecuteRequest{session=-3929230760396962268, node=3, primitive=PrimitiveDescriptor{name=atomix-primary-elector, type=PRIMARY_ELECTOR, backups=1, replication=ASYNCHRONOUS}, operation=PrimitiveOperation{id=DefaultOperationId{id=ENTER, type=COMMAND}, value=byte[]{length=29, hash=382491502}}} to GroupMember{memberId=3, groupId=3}
00:17:00.699 [atomix-system-2] TRACE i.a.p.b.impl.PrimaryBackupSession - PrimaryBackupSession{system-partition-1}{session=-3929230760396962268} - Sending PrimitiveEvent{type=change, value=byte[]{length=49, hash=-500746324}} to 3
00:17:00.699 [atomix-system-3] TRACE i.a.p.b.s.PrimaryBackupSessionClient - SessionClient{system-partition-1}{type=PRIMARY_ELECTOR, name=atomix-primary-elector} - Sending ExecuteRequest{session=-3929230760396962268, node=3, primitive=PrimitiveDescriptor{name=atomix-primary-elector, type=PRIMARY_ELECTOR, backups=1, replication=ASYNCHRONOUS}, operation=PrimitiveOperation{id=DefaultOperationId{id=ENTER, type=COMMAND}, value=byte[]{length=28, hash=-541850703}}} to GroupMember{memberId=3, groupId=3}
00:17:00.699 [atomix-system-2] TRACE i.a.p.backup.roles.PrimaryRole - PrimaryRole{system-partition-1}{role=PRIMARY} - Received ExecuteRequest{session=-3929230760396962268, node=3, primitive=PrimitiveDescriptor{name=atomix-primary-elector, type=PRIMARY_ELECTOR, backups=1, replication=ASYNCHRONOUS}, operation=PrimitiveOperation{id=DefaultOperationId{id=ENTER, type=COMMAND}, value=byte[]{length=28, hash=-541850685}}}
00:17:00.699 [atomix-system-3] TRACE i.a.p.b.s.PrimaryBackupSessionClient - SessionClient{system-partition-1}{type=PRIMARY_ELECTOR, name=atomix-primary-elector} - Sending ExecuteRequest{session=-3929230760396962268, node=3, primitive=PrimitiveDescriptor{name=atomix-primary-elector, type=PRIMARY_ELECTOR, backups=1, replication=ASYNCHRONOUS}, operation=PrimitiveOperation{id=DefaultOperationId{id=ENTER, type=COMMAND}, value=byte[]{length=28, hash=-541850761}}} to GroupMember{memberId=3, groupId=3}
00:17:00.699 [atomix-system-2] TRACE i.a.p.backup.roles.PrimaryRole - PrimaryRole{system-partition-1}{role=PRIMARY} - Sending ExecuteResponse{status=OK, result=byte[]{length=25, hash=-30123036}}
00:17:00.699 [atomix-system-3] TRACE i.a.p.b.s.PrimaryBackupSessionClient - SessionClient{system-partition-1}{type=PRIMARY_ELECTOR, name=atomix-primary-elector} - Sending ExecuteRequest{session=-3929230760396962268, node=3, primitive=PrimitiveDescriptor{name=atomix-primary-elector, type=PRIMARY_ELECTOR, backups=1, replication=ASYNCHRONOUS}, operation=PrimitiveOperation{id=DefaultOperationId{id=ENTER, type=COMMAND}, value=byte[]{length=29, hash=382491750}}} to GroupMember{memberId=3, groupId=3}
00:17:00.699 [atomix-system-2] TRACE i.a.p.backup.roles.PrimaryRole - PrimaryRole{system-partition-1}{role=PRIMARY} - Received ExecuteRequest{session=-3929230760396962268, node=3, primitive=PrimitiveDescriptor{name=atomix-primary-elector, type=PRIMARY_ELECTOR, backups=1, replication=ASYNCHRONOUS}, operation=PrimitiveOperation{id=DefaultOperationId{id=ENTER, type=COMMAND}, value=byte[]{length=28, hash=-541850751}}}
00:17:00.699 [atomix-system-3] TRACE i.a.p.b.s.PrimaryBackupSessionClient - SessionClient{system-partition-1}{type=PRIMARY_ELECTOR, name=atomix-primary-elector} - Sending ExecuteRequest{session=-3929230760396962268, node=3, primitive=PrimitiveDescriptor{name=atomix-primary-elector, type=PRIMARY_ELECTOR, backups=1, replication=ASYNCHRONOUS}, operation=PrimitiveOperation{id=DefaultOperationId{id=ENTER, type=COMMAND}, value=byte[]{length=28, hash=-541850695}}} to GroupMember{memberId=3, groupId=3}
00:17:00.699 [atomix-system-2] TRACE i.a.p.backup.roles.PrimaryRole - PrimaryRole{system-partition-1}{role=PRIMARY} - Sending ExecuteResponse{status=OK, result=byte[]{length=25, hash=-30123036}}
00:17:00.699 [atomix-system-3] TRACE i.a.p.b.s.PrimaryBackupSessionClient - SessionClient{system-partition-1}{type=PRIMARY_ELECTOR, name=atomix-primary-elector} - Sending ExecuteRequest{session=-3929230760396962268, node=3, primitive=PrimitiveDescriptor{name=atomix-primary-elector, type=PRIMARY_ELECTOR, backups=1, replication=ASYNCHRONOUS}, operation=PrimitiveOperation{id=DefaultOperationId{id=ENTER, type=COMMAND}, value=byte[]{length=28, hash=-541850753}}} to GroupMember{memberId=3, groupId=3}
00:17:00.699 [atomix-system-2] TRACE i.a.p.backup.roles.PrimaryRole - PrimaryRole{system-partition-1}{role=PRIMARY} - Received ExecuteRequest{session=-3929230760396962268, node=3, primitive=PrimitiveDescriptor{name=atomix-primary-elector, type=PRIMARY_ELECTOR, backups=1, replication=ASYNCHRONOUS}, operation=PrimitiveOperation{id=DefaultOperationId{id=ENTER, type=COMMAND}, value=byte[]{length=28, hash=-541850683}}}
00:17:00.699 [atomix-system-3] TRACE i.a.p.b.s.PrimaryBackupSessionClient - SessionClient{system-partition-1}{type=PRIMARY_ELECTOR, name=atomix-primary-elector} - Sending ExecuteRequest{session=-3929230760396962268, node=3, primitive=PrimitiveDescriptor{name=atomix-primary-elector, type=PRIMARY_ELECTOR, backups=1, replication=ASYNCHRONOUS}, operation=PrimitiveOperation{id=DefaultOperationId{id=ENTER, type=COMMAND}, value=byte[]{length=28, hash=-541850687}}} to GroupMember{memberId=3, groupId=3}
00:17:00.699 [atomix-system-2] TRACE i.a.p.backup.roles.PrimaryRole - PrimaryRole{system-partition-1}{role=PRIMARY} - Sending ExecuteResponse{status=OK, result=byte[]{length=25, hash=-30123036}}
00:17:00.699 [atomix-system-3] TRACE i.a.p.b.s.PrimaryBackupSessionClient - SessionClient{system-partition-1}{type=PRIMARY_ELECTOR, name=atomix-primary-elector} - Sending ExecuteRequest{session=-3929230760396962268, node=3, primitive=PrimitiveDescriptor{name=atomix-primary-elector, type=PRIMARY_ELECTOR, backups=1, replication=ASYNCHRONOUS}, operation=PrimitiveOperation{id=DefaultOperationId{id=ENTER, type=COMMAND}, value=byte[]{length=28, hash=-541850677}}} to GroupMember{memberId=3, groupId=3}
00:17:00.699 [atomix-system-2] TRACE i.a.p.b.impl.PrimaryBackupSession - PrimaryBackupSession{system-partition-1}{session=-3929230760396962268} - Sending PrimitiveEvent{type=change, value=byte[]{length=48, hash=-798416831}} to 3
00:17:00.699 [atomix-system-3] TRACE i.a.p.b.s.PrimaryBackupSessionClient - SessionClient{system-partition-1}{type=PRIMARY_ELECTOR, name=atomix-primary-elector} - Sending ExecuteRequest{session=-3929230760396962268, node=3, primitive=PrimitiveDescriptor{name=atomix-primary-elector, type=PRIMARY_ELECTOR, backups=1, replication=ASYNCHRONOUS}, operation=PrimitiveOperation{id=DefaultOperationId{id=ENTER, type=COMMAND}, value=byte[]{length=28, hash=-541850743}}} to GroupMember{memberId=3, groupId=3}
00:17:00.699 [atomix-system-2] TRACE i.a.p.backup.roles.PrimaryRole - PrimaryRole{system-partition-1}{role=PRIMARY} - Received ExecuteRequest{session=-3929230760396962268, node=3, primitive=PrimitiveDescriptor{name=atomix-primary-elector, type=PRIMARY_ELECTOR, backups=1, replication=ASYNCHRONOUS}, operation=PrimitiveOperation{id=DefaultOperationId{id=ENTER, type=COMMAND}, value=byte[]{length=28, hash=-541850741}}}
00:17:00.699 [atomix-system-3] TRACE i.a.p.b.s.PrimaryBackupSessionClient - SessionClient{system-partition-1}{type=PRIMARY_ELECTOR, name=atomix-primary-elector} - Sending ExecuteRequest{session=-3929230760396962268, node=3, primitive=PrimitiveDescriptor{name=atomix-primary-elector, type=PRIMARY_ELECTOR, backups=1, replication=ASYNCHRONOUS}, operation=PrimitiveOperation{id=DefaultOperationId{id=ENTER, type=COMMAND}, value=byte[]{length=28, hash=-541850669}}} to GroupMember{memberId=3, groupId=3}
00:17:00.700 [atomix-system-2] TRACE i.a.p.backup.roles.PrimaryRole - PrimaryRole{system-partition-1}{role=PRIMARY} - Sending ExecuteResponse{status=OK, result=byte[]{length=25, hash=-30123036}}
00:17:00.700 [atomix-system-3] TRACE i.a.p.b.s.PrimaryBackupSessionClient - SessionClient{system-partition-1}{type=PRIMARY_ELECTOR, name=atomix-primary-elector} - Sending ExecuteRequest{session=-3929230760396962268, node=3, primitive=PrimitiveDescriptor{name=atomix-primary-elector, type=PRIMARY_ELECTOR, backups=1, replication=ASYNCHRONOUS}, operation=PrimitiveOperation{id=DefaultOperationId{id=ENTER, type=COMMAND}, value=byte[]{length=28, hash=-541850735}}} to GroupMember{memberId=3, groupId=3}
00:17:00.700 [atomix-system-2] TRACE i.a.p.backup.roles.PrimaryRole - PrimaryRole{system-partition-1}{role=PRIMARY} - Received ExecuteRequest{session=-3929230760396962268, node=3, primitive=PrimitiveDescriptor{name=atomix-primary-elector, type=PRIMARY_ELECTOR, backups=1, replication=ASYNCHRONOUS}, operation=PrimitiveOperation{id=DefaultOperationId{id=ENTER, type=COMMAND}, value=byte[]{length=28, hash=-541850675}}}
00:17:00.700 [atomix-system-3] TRACE i.a.p.b.s.PrimaryBackupSessionClient - SessionClient{system-partition-1}{type=PRIMARY_ELECTOR, name=atomix-primary-elector} - Sending ExecuteRequest{session=-3929230760396962268, node=3, primitive=PrimitiveDescriptor{name=atomix-primary-elector, type=PRIMARY_ELECTOR, backups=1, replication=ASYNCHRONOUS}, operation=PrimitiveOperation{id=DefaultOperationId{id=ENTER, type=COMMAND}, value=byte[]{length=28, hash=-541850661}}} to GroupMember{memberId=3, groupId=3}
00:17:00.700 [atomix-system-2] TRACE i.a.p.backup.roles.PrimaryRole - PrimaryRole{system-partition-1}{role=PRIMARY} - Sending ExecuteResponse{status=OK, result=byte[]{length=25, hash=-30123036}}
00:17:00.700 [atomix-system-3] TRACE i.a.p.b.s.PrimaryBackupSessionClient - SessionClient{system-partition-1}{type=PRIMARY_ELECTOR, name=atomix-primary-elector} - Sending ExecuteRequest{session=-3929230760396962268, node=3, primitive=PrimitiveDescriptor{name=atomix-primary-elector, type=PRIMARY_ELECTOR, backups=1, replication=ASYNCHRONOUS}, operation=PrimitiveOperation{id=DefaultOperationId{id=ENTER, type=COMMAND}, value=byte[]{length=28, hash=-541850727}}} to GroupMember{memberId=3, groupId=3}
00:17:00.700 [atomix-system-2] TRACE i.a.p.b.impl.PrimaryBackupSession - PrimaryBackupSession{system-partition-1}{session=-3929230760396962268} - Sending PrimitiveEvent{type=change, value=byte[]{length=48, hash=-669214781}} to 3
00:17:00.700 [atomix-system-2] TRACE i.a.p.backup.roles.PrimaryRole - PrimaryRole{system-partition-1}{role=PRIMARY} - Received ExecuteRequest{session=-3929230760396962268, node=3, primitive=PrimitiveDescriptor{name=atomix-primary-elector, type=PRIMARY_ELECTOR, backups=1, replication=ASYNCHRONOUS}, operation=PrimitiveOperation{id=DefaultOperationId{id=ENTER, type=COMMAND}, value=byte[]{length=28, hash=-541850733}}}
00:17:00.700 [atomix-system-3] TRACE i.a.p.b.s.PrimaryBackupSessionClient - SessionClient{system-partition-1}{type=PRIMARY_ELECTOR, name=atomix-primary-elector} - Sending ExecuteRequest{session=-3929230760396962268, node=3, primitive=PrimitiveDescriptor{name=atomix-primary-elector, type=PRIMARY_ELECTOR, backups=1, replication=ASYNCHRONOUS}, operation=PrimitiveOperation{id=DefaultOperationId{id=ENTER, type=COMMAND}, value=byte[]{length=28, hash=-541850653}}} to GroupMember{memberId=3, groupId=3}
00:17:00.700 [atomix-system-2] TRACE i.a.p.backup.roles.PrimaryRole - PrimaryRole{system-partition-1}{role=PRIMARY} - Sending ExecuteResponse{status=OK, result=byte[]{length=25, hash=-30123036}}
00:17:00.700 [atomix-system-3] TRACE i.a.p.b.s.PrimaryBackupSessionClient - SessionClient{system-partition-1}{type=PRIMARY_ELECTOR, name=atomix-primary-elector} - Sending ExecuteRequest{session=-3929230760396962268, node=3, primitive=PrimitiveDescriptor{name=atomix-primary-elector, type=PRIMARY_ELECTOR, backups=1, replication=ASYNCHRONOUS}, operation=PrimitiveOperation{id=DefaultOperationId{id=ENTER, type=COMMAND}, value=byte[]{length=28, hash=-541850719}}} to GroupMember{memberId=3, groupId=3}
00:17:00.700 [atomix-system-2] TRACE i.a.p.backup.roles.PrimaryRole - PrimaryRole{system-partition-1}{role=PRIMARY} - Received ExecuteRequest{session=-3929230760396962268, node=3, primitive=PrimitiveDescriptor{name=atomix-primary-elector, type=PRIMARY_ELECTOR, backups=1, replication=ASYNCHRONOUS}, operation=PrimitiveOperation{id=DefaultOperationId{id=ENTER, type=COMMAND}, value=byte[]{length=28, hash=-541850667}}}
00:17:00.700 [atomix-system-3] TRACE i.a.p.b.s.PrimaryBackupSessionClient - SessionClient{system-partition-1}{type=PRIMARY_ELECTOR, name=atomix-primary-elector} - Sending ExecuteRequest{session=-3929230760396962268, node=3, primitive=PrimitiveDescriptor{name=atomix-primary-elector, type=PRIMARY_ELECTOR, backups=1, replication=ASYNCHRONOUS}, operation=PrimitiveOperation{id=DefaultOperationId{id=ENTER, type=COMMAND}, value=byte[]{length=28, hash=-541850713}}} to GroupMember{memberId=3, groupId=3}
00:17:00.700 [atomix-system-2] TRACE i.a.p.backup.roles.PrimaryRole - PrimaryRole{system-partition-1}{role=PRIMARY} - Sending ExecuteResponse{status=OK, result=byte[]{length=25, hash=-30123036}}
00:17:00.700 [atomix-system-3] TRACE i.a.p.b.s.PrimaryBackupSessionClient - SessionClient{system-partition-1}{type=PRIMARY_ELECTOR, name=atomix-primary-elector} - Sending ExecuteRequest{session=-3929230760396962268, node=3, primitive=PrimitiveDescriptor{name=atomix-primary-elector, type=PRIMARY_ELECTOR, backups=1, replication=ASYNCHRONOUS}, operation=PrimitiveOperation{id=DefaultOperationId{id=ENTER, type=COMMAND}, value=byte[]{length=28, hash=-541850647}}} to GroupMember{memberId=3, groupId=3}
00:17:00.700 [atomix-system-2] TRACE i.a.p.b.impl.PrimaryBackupSession - PrimaryBackupSession{system-partition-1}{session=-3929230760396962268} - Sending PrimitiveEvent{type=change, value=byte[]{length=49, hash=2137379764}} to 3
00:17:00.700 [atomix-system-3] TRACE i.a.p.b.s.PrimaryBackupSessionClient - SessionClient{system-partition-1}{type=PRIMARY_ELECTOR, name=atomix-primary-elector} - Sending ExecuteRequest{session=-3929230760396962268, node=3, primitive=PrimitiveDescriptor{name=atomix-primary-elector, type=PRIMARY_ELECTOR, backups=1, replication=ASYNCHRONOUS}, operation=PrimitiveOperation{id=DefaultOperationId{id=ENTER, type=COMMAND}, value=byte[]{length=28, hash=-541850705}}} to GroupMember{memberId=3, groupId=3}
00:17:00.700 [atomix-system-2] TRACE i.a.p.backup.roles.PrimaryRole - PrimaryRole{system-partition-1}{role=PRIMARY} - Received ExecuteRequest{session=-3929230760396962268, node=3, primitive=PrimitiveDescriptor{name=atomix-primary-elector, type=PRIMARY_ELECTOR, backups=1, replication=ASYNCHRONOUS}, operation=PrimitiveOperation{id=DefaultOperationId{id=ENTER, type=COMMAND}, value=byte[]{length=28, hash=-541850725}}}
00:17:00.700 [atomix-system-3] TRACE i.a.p.b.s.PrimaryBackupSessionClient - SessionClient{system-partition-1}{type=PRIMARY_ELECTOR, name=atomix-primary-elector} - Sending ExecuteRequest{session=-3929230760396962268, node=3, primitive=PrimitiveDescriptor{name=atomix-primary-elector, type=PRIMARY_ELECTOR, backups=1, replication=ASYNCHRONOUS}, operation=PrimitiveOperation{id=DefaultOperationId{id=ENTER, type=COMMAND}, value=byte[]{length=29, hash=382491440}}} to GroupMember{memberId=3, groupId=3}
00:17:00.700 [atomix-system-2] TRACE i.a.p.backup.roles.PrimaryRole - PrimaryRole{system-partition-1}{role=PRIMARY} - Sending ExecuteResponse{status=OK, result=byte[]{length=25, hash=-30123036}}
00:17:00.700 [atomix-system-3] TRACE i.a.p.b.s.PrimaryBackupSessionClient - SessionClient{system-partition-1}{type=PRIMARY_ELECTOR, name=atomix-primary-elector} - Sending ExecuteRequest{session=-3929230760396962268, node=3, primitive=PrimitiveDescriptor{name=atomix-primary-elector, type=PRIMARY_ELECTOR, backups=1, replication=ASYNCHRONOUS}, operation=PrimitiveOperation{id=DefaultOperationId{id=ENTER, type=COMMAND}, value=byte[]{length=28, hash=-541850697}}} to GroupMember{memberId=3, groupId=3}
00:17:00.700 [atomix-system-2] TRACE i.a.p.backup.roles.PrimaryRole - PrimaryRole{system-partition-1}{role=PRIMARY} - Received ExecuteRequest{session=-3929230760396962268, node=3, primitive=PrimitiveDescriptor{name=atomix-primary-elector, type=PRIMARY_ELECTOR, backups=1, replication=ASYNCHRONOUS}, operation=PrimitiveOperation{id=DefaultOperationId{id=ENTER, type=COMMAND}, value=byte[]{length=28, hash=-541850659}}}
00:17:00.701 [atomix-system-3] TRACE i.a.p.b.s.PrimaryBackupSessionClient - SessionClient{system-partition-1}{type=PRIMARY_ELECTOR, name=atomix-primary-elector} - Sending ExecuteRequest{session=-3929230760396962268, node=3, primitive=PrimitiveDescriptor{name=atomix-primary-elector, type=PRIMARY_ELECTOR, backups=1, replication=ASYNCHRONOUS}, operation=PrimitiveOperation{id=DefaultOperationId{id=ENTER, type=COMMAND}, value=byte[]{length=28, hash=-541850763}}} to GroupMember{memberId=3, groupId=3}
00:17:00.701 [atomix-system-2] TRACE i.a.p.backup.roles.PrimaryRole - PrimaryRole{system-partition-1}{role=PRIMARY} - Sending ExecuteResponse{status=OK, result=byte[]{length=25, hash=-30123036}}
00:17:00.701 [atomix-system-3] TRACE i.a.p.b.s.PrimaryBackupSessionClient - SessionClient{system-partition-1}{type=PRIMARY_ELECTOR, name=atomix-primary-elector} - Received ExecuteResponse{status=OK, result=byte[]{length=25, hash=-30123036}}
00:17:00.701 [atomix-system-2] TRACE i.a.p.backup.roles.PrimaryRole - PrimaryRole{system-partition-1}{role=PRIMARY} - Received ExecuteRequest{session=-3929230760396962268, node=3, primitive=PrimitiveDescriptor{name=atomix-primary-elector, type=PRIMARY_ELECTOR, backups=1, replication=ASYNCHRONOUS}, operation=PrimitiveOperation{id=DefaultOperationId{id=ENTER, type=COMMAND}, value=byte[]{length=28, hash=-541850717}}}
00:17:00.701 [atomix-system-2] TRACE i.a.p.backup.roles.PrimaryRole - PrimaryRole{system-partition-1}{role=PRIMARY} - Sending ExecuteResponse{status=OK, result=byte[]{length=25, hash=-30123036}}
00:17:00.701 [atomix-system-2] TRACE i.a.p.b.impl.PrimaryBackupSession - PrimaryBackupSession{system-partition-1}{session=-3929230760396962268} - Sending PrimitiveEvent{type=change, value=byte[]{length=48, hash=1919083321}} to 3
00:17:00.701 [atomix-system-3] TRACE i.a.p.b.s.PrimaryBackupSessionClient - SessionClient{system-partition-1}{type=PRIMARY_ELECTOR, name=atomix-primary-elector} - Sending ExecuteRequest{session=-3929230760396962268, node=3, primitive=PrimitiveDescriptor{name=atomix-primary-elector, type=PRIMARY_ELECTOR, backups=1, replication=ASYNCHRONOUS}, operation=PrimitiveOperation{id=DefaultOperationId{id=ENTER, type=COMMAND}, value=byte[]{length=29, hash=382491688}}} to GroupMember{memberId=3, groupId=3}
00:17:00.701 [atomix-system-2] TRACE i.a.p.backup.roles.PrimaryRole - PrimaryRole{system-partition-1}{role=PRIMARY} - Received ExecuteRequest{session=-3929230760396962268, node=3, primitive=PrimitiveDescriptor{name=atomix-primary-elector, type=PRIMARY_ELECTOR, backups=1, replication=ASYNCHRONOUS}, operation=PrimitiveOperation{id=DefaultOperationId{id=ENTER, type=COMMAND}, value=byte[]{length=28, hash=-541850645}}}
00:17:00.701 [atomix-system-0] INFO  i.a.p.b.p.i.PrimaryBackupPartitionServer - Successfully started server for PartitionId{id=60, group=data}
00:17:00.701 [atomix-system-3] TRACE i.a.p.b.s.PrimaryBackupSessionClient - SessionClient{system-partition-1}{type=PRIMARY_ELECTOR, name=atomix-primary-elector} - Sending ExecuteRequest{session=-3929230760396962268, node=3, primitive=PrimitiveDescriptor{name=atomix-primary-elector, type=PRIMARY_ELECTOR, backups=1, replication=ASYNCHRONOUS}, operation=PrimitiveOperation{id=DefaultOperationId{id=ENTER, type=COMMAND}, value=byte[]{length=28, hash=-541850689}}} to GroupMember{memberId=3, groupId=3}
00:17:00.701 [atomix-system-2] TRACE i.a.p.backup.roles.PrimaryRole - PrimaryRole{system-partition-1}{role=PRIMARY} - Sending ExecuteResponse{status=OK, result=byte[]{length=25, hash=-30123036}}
00:17:00.701 [atomix-system-0] INFO  i.a.p.b.p.i.PrimaryBackupPartitionClient - Successfully started client for PartitionId{id=60, group=data}
00:17:00.701 [atomix-system-3] TRACE i.a.p.b.s.PrimaryBackupSessionClient - SessionClient{system-partition-1}{type=PRIMARY_ELECTOR, name=atomix-primary-elector} - Sending ExecuteRequest{session=-3929230760396962268, node=3, primitive=PrimitiveDescriptor{name=atomix-primary-elector, type=PRIMARY_ELECTOR, backups=1, replication=ASYNCHRONOUS}, operation=PrimitiveOperation{id=DefaultOperationId{id=ENTER, type=COMMAND}, value=byte[]{length=28, hash=-541850755}}} to GroupMember{memberId=3, groupId=3}
00:17:00.701 [atomix-system-2] TRACE i.a.p.backup.roles.PrimaryRole - PrimaryRole{system-partition-1}{role=PRIMARY} - Received ExecuteRequest{session=-3929230760396962268, node=3, primitive=PrimitiveDescriptor{name=atomix-primary-elector, type=PRIMARY_ELECTOR, backups=1, replication=ASYNCHRONOUS}, operation=PrimitiveOperation{id=DefaultOperationId{id=ENTER, type=COMMAND}, value=byte[]{length=28, hash=-541850711}}}
00:17:00.701 [atomix-system-3] TRACE i.a.p.b.s.PrimaryBackupSessionClient - SessionClient{system-partition-1}{type=PRIMARY_ELECTOR, name=atomix-primary-elector} - Received ExecuteResponse{status=OK, result=byte[]{length=25, hash=-30123036}}
00:17:00.701 [atomix-system-2] TRACE i.a.p.backup.roles.PrimaryRole - PrimaryRole{system-partition-1}{role=PRIMARY} - Sending ExecuteResponse{status=OK, result=byte[]{length=25, hash=-30123036}}
00:17:00.701 [atomix-system-2] TRACE i.a.p.b.impl.PrimaryBackupSession - PrimaryBackupSession{system-partition-1}{session=-3929230760396962268} - Sending PrimitiveEvent{type=change, value=byte[]{length=48, hash=1655258361}} to 3
00:17:00.701 [atomix-system-2] TRACE i.a.p.backup.roles.PrimaryRole - PrimaryRole{system-partition-1}{role=PRIMARY} - Received ExecuteRequest{session=-3929230760396962268, node=3, primitive=PrimitiveDescriptor{name=atomix-primary-elector, type=PRIMARY_ELECTOR, backups=1, replication=ASYNCHRONOUS}, operation=PrimitiveOperation{id=DefaultOperationId{id=ENTER, type=COMMAND}, value=byte[]{length=28, hash=-541850769}}}
00:17:00.701 [atomix-system-3] TRACE i.a.p.b.s.PrimaryBackupSessionClient - SessionClient{system-partition-1}{type=PRIMARY_ELECTOR, name=atomix-primary-elector} - Sending ExecuteRequest{session=-3929230760396962268, node=3, primitive=PrimitiveDescriptor{name=atomix-primary-elector, type=PRIMARY_ELECTOR, backups=1, replication=ASYNCHRONOUS}, operation=PrimitiveOperation{id=DefaultOperationId{id=ENTER, type=COMMAND}, value=byte[]{length=28, hash=-541850745}}} to GroupMember{memberId=3, groupId=3}
00:17:00.701 [atomix-system-4] INFO  i.a.p.b.p.i.PrimaryBackupPartitionServer - Successfully started server for PartitionId{id=31, group=data}
00:17:00.702 [atomix-system-2] TRACE i.a.p.backup.roles.PrimaryRole - PrimaryRole{system-partition-1}{role=PRIMARY} - Sending ExecuteResponse{status=OK, result=byte[]{length=25, hash=-30123036}}
00:17:00.702 [atomix-system-3] TRACE i.a.p.b.s.PrimaryBackupSessionClient - SessionClient{system-partition-1}{type=PRIMARY_ELECTOR, name=atomix-primary-elector} - Sending ExecuteRequest{session=-3929230760396962268, node=3, primitive=PrimitiveDescriptor{name=atomix-primary-elector, type=PRIMARY_ELECTOR, backups=1, replication=ASYNCHRONOUS}, operation=PrimitiveOperation{id=DefaultOperationId{id=ENTER, type=COMMAND}, value=byte[]{length=28, hash=-541850679}}} to GroupMember{memberId=3, groupId=3}
00:17:00.702 [atomix-system-4] INFO  i.a.p.b.p.i.PrimaryBackupPartitionClient - Successfully started client for PartitionId{id=31, group=data}
00:17:00.702 [atomix-system-2] TRACE i.a.p.backup.roles.PrimaryRole - PrimaryRole{system-partition-1}{role=PRIMARY} - Received ExecuteRequest{session=-3929230760396962268, node=3, primitive=PrimitiveDescriptor{name=atomix-primary-elector, type=PRIMARY_ELECTOR, backups=1, replication=ASYNCHRONOUS}, operation=PrimitiveOperation{id=DefaultOperationId{id=ENTER, type=COMMAND}, value=byte[]{length=29, hash=382491502}}}
00:17:00.702 [atomix-system-3] TRACE i.a.p.b.s.PrimaryBackupSessionClient - SessionClient{system-partition-1}{type=PRIMARY_ELECTOR, name=atomix-primary-elector} - Sending ExecuteRequest{session=-3929230760396962268, node=3, primitive=PrimitiveDescriptor{name=atomix-primary-elector, type=PRIMARY_ELECTOR, backups=1, replication=ASYNCHRONOUS}, operation=PrimitiveOperation{id=DefaultOperationId{id=ENTER, type=COMMAND}, value=byte[]{length=28, hash=-541850737}}} to GroupMember{memberId=3, groupId=3}
00:17:00.702 [atomix-system-2] TRACE i.a.p.backup.roles.PrimaryRole - PrimaryRole{system-partition-1}{role=PRIMARY} - Sending ExecuteResponse{status=OK, result=byte[]{length=25, hash=-30123036}}
00:17:00.702 [atomix-system-3] TRACE i.a.p.b.s.PrimaryBackupSessionClient - SessionClient{system-partition-1}{type=PRIMARY_ELECTOR, name=atomix-primary-elector} - Received ExecuteResponse{status=OK, result=byte[]{length=25, hash=-30123036}}
00:17:00.702 [atomix-system-2] TRACE i.a.p.backup.roles.PrimaryRole - PrimaryRole{system-partition-1}{role=PRIMARY} - Received ExecuteRequest{session=-3929230760396962268, node=3, primitive=PrimitiveDescriptor{name=atomix-primary-elector, type=PRIMARY_ELECTOR, backups=1, replication=ASYNCHRONOUS}, operation=PrimitiveOperation{id=DefaultOperationId{id=ENTER, type=COMMAND}, value=byte[]{length=28, hash=-541850703}}}
00:17:00.702 [atomix-system-2] TRACE i.a.p.backup.roles.PrimaryRole - PrimaryRole{system-partition-1}{role=PRIMARY} - Sending ExecuteResponse{status=OK, result=byte[]{length=25, hash=-30123036}}
00:17:00.702 [atomix-system-2] TRACE i.a.p.b.impl.PrimaryBackupSession - PrimaryBackupSession{system-partition-1}{session=-3929230760396962268} - Sending PrimitiveEvent{type=change, value=byte[]{length=48, hash=-51410833}} to 3
00:17:00.702 [atomix-system-3] TRACE i.a.p.b.s.PrimaryBackupSessionClient - SessionClient{system-partition-1}{type=PRIMARY_ELECTOR, name=atomix-primary-elector} - Sending ExecuteRequest{session=-3929230760396962268, node=3, primitive=PrimitiveDescriptor{name=atomix-primary-elector, type=PRIMARY_ELECTOR, backups=1, replication=ASYNCHRONOUS}, operation=PrimitiveOperation{id=DefaultOperationId{id=ENTER, type=COMMAND}, value=byte[]{length=28, hash=-541850671}}} to GroupMember{memberId=3, groupId=3}
00:17:00.702 [atomix-system-5] INFO  i.a.p.b.p.i.PrimaryBackupPartitionServer - Successfully started server for PartitionId{id=64, group=data}
00:17:00.702 [atomix-system-2] TRACE i.a.p.backup.roles.PrimaryRole - PrimaryRole{system-partition-1}{role=PRIMARY} - Received ExecuteRequest{session=-3929230760396962268, node=3, primitive=PrimitiveDescriptor{name=atomix-primary-elector, type=PRIMARY_ELECTOR, backups=1, replication=ASYNCHRONOUS}, operation=PrimitiveOperation{id=DefaultOperationId{id=ENTER, type=COMMAND}, value=byte[]{length=28, hash=-541850761}}}
00:17:00.702 [atomix-system-3] TRACE i.a.p.b.s.PrimaryBackupSessionClient - SessionClient{system-partition-1}{type=PRIMARY_ELECTOR, name=atomix-primary-elector} - Sending ExecuteRequest{session=-3929230760396962268, node=3, primitive=PrimitiveDescriptor{name=atomix-primary-elector, type=PRIMARY_ELECTOR, backups=1, replication=ASYNCHRONOUS}, operation=PrimitiveOperation{id=DefaultOperationId{id=ENTER, type=COMMAND}, value=byte[]{length=28, hash=-541850729}}} to GroupMember{memberId=3, groupId=3}
00:17:00.702 [atomix-system-5] INFO  i.a.p.b.p.i.PrimaryBackupPartitionClient - Successfully started client for PartitionId{id=64, group=data}
00:17:00.702 [atomix-system-2] TRACE i.a.p.backup.roles.PrimaryRole - PrimaryRole{system-partition-1}{role=PRIMARY} - Sending ExecuteResponse{status=OK, result=byte[]{length=25, hash=-30123036}}
00:17:00.702 [atomix-system-3] TRACE i.a.p.b.s.PrimaryBackupSessionClient - SessionClient{system-partition-1}{type=PRIMARY_ELECTOR, name=atomix-primary-elector} - Received PrimitiveEvent{type=change, value=byte[]{length=48, hash=-1674624879}}
00:17:00.702 [atomix-system-2] TRACE i.a.p.backup.roles.PrimaryRole - PrimaryRole{system-partition-1}{role=PRIMARY} - Received ExecuteRequest{session=-3929230760396962268, node=3, primitive=PrimitiveDescriptor{name=atomix-primary-elector, type=PRIMARY_ELECTOR, backups=1, replication=ASYNCHRONOUS}, operation=PrimitiveOperation{id=DefaultOperationId{id=ENTER, type=COMMAND}, value=byte[]{length=29, hash=382491750}}}
00:17:00.703 [atomix-system-2] TRACE i.a.p.backup.roles.PrimaryRole - PrimaryRole{system-partition-1}{role=PRIMARY} - Sending ExecuteResponse{status=OK, result=byte[]{length=25, hash=-30123036}}
00:17:00.703 [atomix-system-2] TRACE i.a.p.b.impl.PrimaryBackupSession - PrimaryBackupSession{system-partition-1}{session=-3929230760396962268} - Sending PrimitiveEvent{type=change, value=byte[]{length=48, hash=77791217}} to 3
00:17:00.703 [atomix-system-3] TRACE i.a.p.b.s.PrimaryBackupSessionClient - SessionClient{system-partition-1}{type=PRIMARY_ELECTOR, name=atomix-primary-elector} - Sending ExecuteRequest{session=-3929230760396962268, node=3, primitive=PrimitiveDescriptor{name=atomix-primary-elector, type=PRIMARY_ELECTOR, backups=1, replication=ASYNCHRONOUS}, operation=PrimitiveOperation{id=DefaultOperationId{id=ENTER, type=COMMAND}, value=byte[]{length=28, hash=-541850663}}} to GroupMember{memberId=3, groupId=3}
00:17:00.703 [atomix-system-2] TRACE i.a.p.backup.roles.PrimaryRole - PrimaryRole{system-partition-1}{role=PRIMARY} - Received ExecuteRequest{session=-3929230760396962268, node=3, primitive=PrimitiveDescriptor{name=atomix-primary-elector, type=PRIMARY_ELECTOR, backups=1, replication=ASYNCHRONOUS}, operation=PrimitiveOperation{id=DefaultOperationId{id=ENTER, type=COMMAND}, value=byte[]{length=28, hash=-541850695}}}
00:17:00.703 [atomix-system-3] TRACE i.a.p.b.s.PrimaryBackupSessionClient - SessionClient{system-partition-1}{type=PRIMARY_ELECTOR, name=atomix-primary-elector} - Sending ExecuteRequest{session=-3929230760396962268, node=3, primitive=PrimitiveDescriptor{name=atomix-primary-elector, type=PRIMARY_ELECTOR, backups=1, replication=ASYNCHRONOUS}, operation=PrimitiveOperation{id=DefaultOperationId{id=ENTER, type=COMMAND}, value=byte[]{length=28, hash=-541850721}}} to GroupMember{memberId=3, groupId=3}
00:17:00.703 [atomix-system-2] TRACE i.a.p.backup.roles.PrimaryRole - PrimaryRole{system-partition-1}{role=PRIMARY} - Sending ExecuteResponse{status=OK, result=byte[]{length=25, hash=-30123036}}
00:17:00.703 [atomix-system-3] TRACE i.a.p.b.s.PrimaryBackupSessionClient - SessionClient{system-partition-1}{type=PRIMARY_ELECTOR, name=atomix-primary-elector} - Received ExecuteResponse{status=OK, result=byte[]{length=25, hash=-30123036}}
00:17:00.703 [atomix-system-2] TRACE i.a.p.backup.roles.PrimaryRole - PrimaryRole{system-partition-1}{role=PRIMARY} - Received ExecuteRequest{session=-3929230760396962268, node=3, primitive=PrimitiveDescriptor{name=atomix-primary-elector, type=PRIMARY_ELECTOR, backups=1, replication=ASYNCHRONOUS}, operation=PrimitiveOperation{id=DefaultOperationId{id=ENTER, type=COMMAND}, value=byte[]{length=28, hash=-541850753}}}
00:17:00.703 [atomix-system-2] TRACE i.a.p.backup.roles.PrimaryRole - PrimaryRole{system-partition-1}{role=PRIMARY} - Sending ExecuteResponse{status=OK, result=byte[]{length=25, hash=-30123036}}
00:17:00.703 [atomix-system-2] TRACE i.a.p.b.impl.PrimaryBackupSession - PrimaryBackupSession{system-partition-1}{session=-3929230760396962268} - Sending PrimitiveEvent{type=change, value=byte[]{length=48, hash=-445777619}} to 3
00:17:00.703 [atomix-system-3] TRACE i.a.p.b.s.PrimaryBackupSessionClient - SessionClient{system-partition-1}{type=PRIMARY_ELECTOR, name=atomix-primary-elector} - Sending ExecuteRequest{session=-3929230760396962268, node=3, primitive=PrimitiveDescriptor{name=atomix-primary-elector, type=PRIMARY_ELECTOR, backups=1, replication=ASYNCHRONOUS}, operation=PrimitiveOperation{id=DefaultOperationId{id=ENTER, type=COMMAND}, value=byte[]{length=28, hash=-541850655}}} to GroupMember{memberId=3, groupId=3}
00:17:00.703 [atomix-system-9] INFO  i.a.p.b.p.i.PrimaryBackupPartitionServer - Successfully started server for PartitionId{id=35, group=data}
00:17:00.703 [atomix-system-2] TRACE i.a.p.backup.roles.PrimaryRole - PrimaryRole{system-partition-1}{role=PRIMARY} - Received ExecuteRequest{session=-3929230760396962268, node=3, primitive=PrimitiveDescriptor{name=atomix-primary-elector, type=PRIMARY_ELECTOR, backups=1, replication=ASYNCHRONOUS}, operation=PrimitiveOperation{id=DefaultOperationId{id=ENTER, type=COMMAND}, value=byte[]{length=28, hash=-541850687}}}
00:17:00.703 [atomix-system-3] TRACE i.a.p.b.s.PrimaryBackupSessionClient - SessionClient{system-partition-1}{type=PRIMARY_ELECTOR, name=atomix-primary-elector} - Sending ExecuteRequest{session=-3929230760396962268, node=3, primitive=PrimitiveDescriptor{name=atomix-primary-elector, type=PRIMARY_ELECTOR, backups=1, replication=ASYNCHRONOUS}, operation=PrimitiveOperation{id=DefaultOperationId{id=ENTER, type=COMMAND}, value=byte[]{length=28, hash=-541850649}}} to GroupMember{memberId=3, groupId=3}
00:17:00.703 [atomix-system-9] INFO  i.a.p.b.p.i.PrimaryBackupPartitionClient - Successfully started client for PartitionId{id=35, group=data}
00:17:00.703 [atomix-system-2] TRACE i.a.p.backup.roles.PrimaryRole - PrimaryRole{system-partition-1}{role=PRIMARY} - Sending ExecuteResponse{status=OK, result=byte[]{length=25, hash=-30123036}}
00:17:00.703 [atomix-system-3] TRACE i.a.p.b.s.PrimaryBackupSessionClient - SessionClient{system-partition-1}{type=PRIMARY_ELECTOR, name=atomix-primary-elector} - Sending ExecuteRequest{session=-3929230760396962268, node=3, primitive=PrimitiveDescriptor{name=atomix-primary-elector, type=PRIMARY_ELECTOR, backups=1, replication=ASYNCHRONOUS}, operation=PrimitiveOperation{id=DefaultOperationId{id=ENTER, type=COMMAND}, value=byte[]{length=28, hash=-541850715}}} to GroupMember{memberId=3, groupId=3}
00:17:00.703 [atomix-system-2] TRACE i.a.p.backup.roles.PrimaryRole - PrimaryRole{system-partition-1}{role=PRIMARY} - Received ExecuteRequest{session=-3929230760396962268, node=3, primitive=PrimitiveDescriptor{name=atomix-primary-elector, type=PRIMARY_ELECTOR, backups=1, replication=ASYNCHRONOUS}, operation=PrimitiveOperation{id=DefaultOperationId{id=ENTER, type=COMMAND}, value=byte[]{length=28, hash=-541850677}}}
00:17:00.703 [atomix-system-3] TRACE i.a.p.b.s.PrimaryBackupSessionClient - SessionClient{system-partition-1}{type=PRIMARY_ELECTOR, name=atomix-primary-elector} - Sending ExecuteRequest{session=-3929230760396962268, node=3, primitive=PrimitiveDescriptor{name=atomix-primary-elector, type=PRIMARY_ELECTOR, backups=1, replication=ASYNCHRONOUS}, operation=PrimitiveOperation{id=DefaultOperationId{id=ENTER, type=COMMAND}, value=byte[]{length=29, hash=382491378}}} to GroupMember{memberId=3, groupId=3}
00:17:00.703 [atomix-system-2] TRACE i.a.p.backup.roles.PrimaryRole - PrimaryRole{system-partition-1}{role=PRIMARY} - Sending ExecuteResponse{status=OK, result=byte[]{length=25, hash=-30123036}}
00:17:00.704 [atomix-system-3] TRACE i.a.p.b.s.PrimaryBackupSessionClient - SessionClient{system-partition-1}{type=PRIMARY_ELECTOR, name=atomix-primary-elector} - Received ExecuteResponse{status=OK, result=byte[]{length=25, hash=-30123036}}
00:17:00.704 [atomix-system-2] TRACE i.a.p.backup.roles.PrimaryRole - PrimaryRole{system-partition-1}{role=PRIMARY} - Received ExecuteRequest{session=-3929230760396962268, node=3, primitive=PrimitiveDescriptor{name=atomix-primary-elector, type=PRIMARY_ELECTOR, backups=1, replication=ASYNCHRONOUS}, operation=PrimitiveOperation{id=DefaultOperationId{id=ENTER, type=COMMAND}, value=byte[]{length=28, hash=-541850743}}}
00:17:00.704 [atomix-system-2] TRACE i.a.p.backup.roles.PrimaryRole - PrimaryRole{system-partition-1}{role=PRIMARY} - Sending ExecuteResponse{status=OK, result=byte[]{length=25, hash=-30123036}}
00:17:00.704 [atomix-system-2] TRACE i.a.p.b.impl.PrimaryBackupSession - PrimaryBackupSession{system-partition-1}{session=-3929230760396962268} - Sending PrimitiveEvent{type=change, value=byte[]{length=48, hash=2007897573}} to 3
00:17:00.704 [atomix-system-2] TRACE i.a.p.backup.roles.PrimaryRole - PrimaryRole{system-partition-1}{role=PRIMARY} - Received ExecuteRequest{session=-3929230760396962268, node=3, primitive=PrimitiveDescriptor{name=atomix-primary-elector, type=PRIMARY_ELECTOR, backups=1, replication=ASYNCHRONOUS}, operation=PrimitiveOperation{id=DefaultOperationId{id=ENTER, type=COMMAND}, value=byte[]{length=28, hash=-541850669}}}
00:17:00.704 [atomix-system-2] TRACE i.a.p.backup.roles.PrimaryRole - PrimaryRole{system-partition-1}{role=PRIMARY} - Sending ExecuteResponse{status=OK, result=byte[]{length=25, hash=-30123036}}
00:17:00.704 [atomix-system-3] TRACE i.a.p.b.s.PrimaryBackupSessionClient - SessionClient{system-partition-1}{type=PRIMARY_ELECTOR, name=atomix-primary-elector} - Sending ExecuteRequest{session=-3929230760396962268, node=3, primitive=PrimitiveDescriptor{name=atomix-primary-elector, type=PRIMARY_ELECTOR, backups=1, replication=ASYNCHRONOUS}, operation=PrimitiveOperation{id=DefaultOperationId{id=ENTER, type=COMMAND}, value=byte[]{length=28, hash=-541850707}}} to GroupMember{memberId=3, groupId=3}
00:17:00.704 [atomix-system-7] INFO  i.a.p.b.p.i.PrimaryBackupPartitionServer - Successfully started server for PartitionId{id=2, group=data}
00:17:00.704 [atomix-system-2] TRACE i.a.p.backup.roles.PrimaryRole - PrimaryRole{system-partition-1}{role=PRIMARY} - Received ExecuteRequest{session=-3929230760396962268, node=3, primitive=PrimitiveDescriptor{name=atomix-primary-elector, type=PRIMARY_ELECTOR, backups=1, replication=ASYNCHRONOUS}, operation=PrimitiveOperation{id=DefaultOperationId{id=ENTER, type=COMMAND}, value=byte[]{length=28, hash=-541850735}}}
00:17:00.704 [atomix-system-3] TRACE i.a.p.b.s.PrimaryBackupSessionClient - SessionClient{system-partition-1}{type=PRIMARY_ELECTOR, name=atomix-primary-elector} - Sending ExecuteRequest{session=-3929230760396962268, node=3, primitive=PrimitiveDescriptor{name=atomix-primary-elector, type=PRIMARY_ELECTOR, backups=1, replication=ASYNCHRONOUS}, operation=PrimitiveOperation{id=DefaultOperationId{id=ENTER, type=COMMAND}, value=byte[]{length=28, hash=-541850765}}} to GroupMember{memberId=3, groupId=3}
00:17:00.704 [atomix-system-7] INFO  i.a.p.b.p.i.PrimaryBackupPartitionClient - Successfully started client for PartitionId{id=2, group=data}
00:17:00.704 [atomix-system-2] TRACE i.a.p.backup.roles.PrimaryRole - PrimaryRole{system-partition-1}{role=PRIMARY} - Sending ExecuteResponse{status=OK, result=byte[]{length=25, hash=-30123036}}
00:17:00.704 [atomix-system-3] TRACE i.a.p.b.s.PrimaryBackupSessionClient - SessionClient{system-partition-1}{type=PRIMARY_ELECTOR, name=atomix-primary-elector} - Sending ExecuteRequest{session=-3929230760396962268, node=3, primitive=PrimitiveDescriptor{name=atomix-primary-elector, type=PRIMARY_ELECTOR, backups=1, replication=ASYNCHRONOUS}, operation=PrimitiveOperation{id=DefaultOperationId{id=ENTER, type=COMMAND}, value=byte[]{length=29, hash=382491626}}} to GroupMember{memberId=3, groupId=3}
00:17:00.704 [atomix-system-2] TRACE i.a.p.b.impl.PrimaryBackupSession - PrimaryBackupSession{system-partition-1}{session=-3929230760396962268} - Sending PrimitiveEvent{type=change, value=byte[]{length=48, hash=1878695523}} to 3
00:17:00.704 [atomix-system-3] TRACE i.a.p.b.s.PrimaryBackupSessionClient - SessionClient{system-partition-1}{type=PRIMARY_ELECTOR, name=atomix-primary-elector} - Received ExecuteResponse{status=OK, result=byte[]{length=25, hash=-30123036}}
00:17:00.704 [atomix-system-2] TRACE i.a.p.backup.roles.PrimaryRole - PrimaryRole{system-partition-1}{role=PRIMARY} - Received ExecuteRequest{session=-3929230760396962268, node=3, primitive=PrimitiveDescriptor{name=atomix-primary-elector, type=PRIMARY_ELECTOR, backups=1, replication=ASYNCHRONOUS}, operation=PrimitiveOperation{id=DefaultOperationId{id=ENTER, type=COMMAND}, value=byte[]{length=28, hash=-541850661}}}
00:17:00.704 [atomix-system-2] TRACE i.a.p.backup.roles.PrimaryRole - PrimaryRole{system-partition-1}{role=PRIMARY} - Sending ExecuteResponse{status=OK, result=byte[]{length=25, hash=-30123036}}
00:17:00.705 [atomix-system-2] TRACE i.a.p.backup.roles.PrimaryRole - PrimaryRole{system-partition-1}{role=PRIMARY} - Received ExecuteRequest{session=-3929230760396962268, node=3, primitive=PrimitiveDescriptor{name=atomix-primary-elector, type=PRIMARY_ELECTOR, backups=1, replication=ASYNCHRONOUS}, operation=PrimitiveOperation{id=DefaultOperationId{id=ENTER, type=COMMAND}, value=byte[]{length=28, hash=-541850727}}}
00:17:00.705 [atomix-system-2] TRACE i.a.p.backup.roles.PrimaryRole - PrimaryRole{system-partition-1}{role=PRIMARY} - Sending ExecuteResponse{status=OK, result=byte[]{length=25, hash=-30123036}}
00:17:00.705 [atomix-system-2] TRACE i.a.p.b.impl.PrimaryBackupSession - PrimaryBackupSession{system-partition-1}{session=-3929230760396962268} - Sending PrimitiveEvent{type=change, value=byte[]{length=48, hash=430430429}} to 3
00:17:00.705 [atomix-system-3] TRACE i.a.p.b.s.PrimaryBackupSessionClient - SessionClient{system-partition-1}{type=PRIMARY_ELECTOR, name=atomix-primary-elector} - Sending ExecuteRequest{session=-3929230760396962268, node=3, primitive=PrimitiveDescriptor{name=atomix-primary-elector, type=PRIMARY_ELECTOR, backups=1, replication=ASYNCHRONOUS}, operation=PrimitiveOperation{id=DefaultOperationId{id=ENTER, type=COMMAND}, value=byte[]{length=28, hash=-541850699}}} to GroupMember{memberId=3, groupId=3}
00:17:00.705 [atomix-system-4] INFO  i.a.p.b.p.i.PrimaryBackupPartitionServer - Successfully started server for PartitionId{id=68, group=data}
00:17:00.705 [atomix-system-2] TRACE i.a.p.backup.roles.PrimaryRole - PrimaryRole{system-partition-1}{role=PRIMARY} - Received ExecuteRequest{session=-3929230760396962268, node=3, primitive=PrimitiveDescriptor{name=atomix-primary-elector, type=PRIMARY_ELECTOR, backups=1, replication=ASYNCHRONOUS}, operation=PrimitiveOperation{id=DefaultOperationId{id=ENTER, type=COMMAND}, value=byte[]{length=28, hash=-541850653}}}
00:17:00.705 [atomix-system-4] INFO  i.a.p.b.p.i.PrimaryBackupPartitionClient - Successfully started client for PartitionId{id=68, group=data}
00:17:00.705 [atomix-system-3] TRACE i.a.p.b.s.PrimaryBackupSessionClient - SessionClient{system-partition-1}{type=PRIMARY_ELECTOR, name=atomix-primary-elector} - Sending ExecuteRequest{session=-3929230760396962268, node=3, primitive=PrimitiveDescriptor{name=atomix-primary-elector, type=PRIMARY_ELECTOR, backups=1, replication=ASYNCHRONOUS}, operation=PrimitiveOperation{id=DefaultOperationId{id=ENTER, type=COMMAND}, value=byte[]{length=28, hash=-541850757}}} to GroupMember{memberId=3, groupId=3}
00:17:00.705 [atomix-system-2] TRACE i.a.p.backup.roles.PrimaryRole - PrimaryRole{system-partition-1}{role=PRIMARY} - Sending ExecuteResponse{status=OK, result=byte[]{length=25, hash=-30123036}}
00:17:00.705 [atomix-system-2] TRACE i.a.p.backup.roles.PrimaryRole - PrimaryRole{system-partition-1}{role=PRIMARY} - Received ExecuteRequest{session=-3929230760396962268, node=3, primitive=PrimitiveDescriptor{name=atomix-primary-elector, type=PRIMARY_ELECTOR, backups=1, replication=ASYNCHRONOUS}, operation=PrimitiveOperation{id=DefaultOperationId{id=ENTER, type=COMMAND}, value=byte[]{length=28, hash=-541850719}}}
00:17:00.705 [atomix-system-3] TRACE i.a.p.b.s.PrimaryBackupSessionClient - SessionClient{system-partition-1}{type=PRIMARY_ELECTOR, name=atomix-primary-elector} - Received PrimitiveEvent{type=change, value=byte[]{length=48, hash=1172077323}}
00:17:00.706 [atomix-system-3] TRACE i.a.p.b.s.PrimaryBackupSessionClient - SessionClient{system-partition-1}{type=PRIMARY_ELECTOR, name=atomix-primary-elector} - Sending ExecuteRequest{session=-3929230760396962268, node=3, primitive=PrimitiveDescriptor{name=atomix-primary-elector, type=PRIMARY_ELECTOR, backups=1, replication=ASYNCHRONOUS}, operation=PrimitiveOperation{id=DefaultOperationId{id=ENTER, type=COMMAND}, value=byte[]{length=28, hash=-541850691}}} to GroupMember{memberId=3, groupId=3}
00:17:00.705 [atomix-system-2] TRACE i.a.p.backup.roles.PrimaryRole - PrimaryRole{system-partition-1}{role=PRIMARY} - Sending ExecuteResponse{status=OK, result=byte[]{length=25, hash=-30123036}}
00:17:00.706 [atomix-system-3] TRACE i.a.p.b.s.PrimaryBackupSessionClient - SessionClient{system-partition-1}{type=PRIMARY_ELECTOR, name=atomix-primary-elector} - Sending ExecuteRequest{session=-3929230760396962268, node=3, primitive=PrimitiveDescriptor{name=atomix-primary-elector, type=PRIMARY_ELECTOR, backups=1, replication=ASYNCHRONOUS}, operation=PrimitiveOperation{id=DefaultOperationId{id=ENTER, type=COMMAND}, value=byte[]{length=28, hash=-541850749}}} to GroupMember{memberId=3, groupId=3}
00:17:00.706 [atomix-system-2] TRACE i.a.p.b.impl.PrimaryBackupSession - PrimaryBackupSession{system-partition-1}{session=-3929230760396962268} - Sending PrimitiveEvent{type=change, value=byte[]{length=48, hash=301228379}} to 3
00:17:00.706 [atomix-system-3] TRACE i.a.p.b.s.PrimaryBackupSessionClient - SessionClient{system-partition-1}{type=PRIMARY_ELECTOR, name=atomix-primary-elector} - Received ExecuteResponse{status=OK, result=byte[]{length=25, hash=-30123036}}
00:17:00.706 [atomix-system-2] TRACE i.a.p.backup.roles.PrimaryRole - PrimaryRole{system-partition-1}{role=PRIMARY} - Received ExecuteRequest{session=-3929230760396962268, node=3, primitive=PrimitiveDescriptor{name=atomix-primary-elector, type=PRIMARY_ELECTOR, backups=1, replication=ASYNCHRONOUS}, operation=PrimitiveOperation{id=DefaultOperationId{id=ENTER, type=COMMAND}, value=byte[]{length=28, hash=-541850713}}}
00:17:00.706 [atomix-system-3] TRACE i.a.p.b.s.PrimaryBackupSessionClient - SessionClient{system-partition-1}{type=PRIMARY_ELECTOR, name=atomix-primary-elector} - Sending ExecuteRequest{session=-3929230760396962268, node=3, primitive=PrimitiveDescriptor{name=atomix-primary-elector, type=PRIMARY_ELECTOR, backups=1, replication=ASYNCHRONOUS}, operation=PrimitiveOperation{id=DefaultOperationId{id=ENTER, type=COMMAND}, value=byte[]{length=28, hash=-541850681}}} to GroupMember{memberId=3, groupId=3}
00:17:00.706 [atomix-system-6] INFO  i.a.p.b.p.i.PrimaryBackupPartitionServer - Successfully started server for PartitionId{id=39, group=data}
00:17:00.706 [atomix-system-2] TRACE i.a.p.backup.roles.PrimaryRole - PrimaryRole{system-partition-1}{role=PRIMARY} - Sending ExecuteResponse{status=OK, result=byte[]{length=25, hash=-30123036}}
00:17:00.706 [atomix-system-3] TRACE i.a.p.b.s.PrimaryBackupSessionClient - SessionClient{system-partition-1}{type=PRIMARY_ELECTOR, name=atomix-primary-elector} - Sending ExecuteRequest{session=-3929230760396962268, node=3, primitive=PrimitiveDescriptor{name=atomix-primary-elector, type=PRIMARY_ELECTOR, backups=1, replication=ASYNCHRONOUS}, operation=PrimitiveOperation{id=DefaultOperationId{id=ENTER, type=COMMAND}, value=byte[]{length=28, hash=-541850747}}} to GroupMember{memberId=3, groupId=3}
00:17:00.706 [atomix-system-6] INFO  i.a.p.b.p.i.PrimaryBackupPartitionClient - Successfully started client for PartitionId{id=39, group=data}
00:17:00.706 [atomix-system-2] TRACE i.a.p.backup.roles.PrimaryRole - PrimaryRole{system-partition-1}{role=PRIMARY} - Received ExecuteRequest{session=-3929230760396962268, node=3, primitive=PrimitiveDescriptor{name=atomix-primary-elector, type=PRIMARY_ELECTOR, backups=1, replication=ASYNCHRONOUS}, operation=PrimitiveOperation{id=DefaultOperationId{id=ENTER, type=COMMAND}, value=byte[]{length=28, hash=-541850647}}}
00:17:00.706 [atomix-system-3] TRACE i.a.p.b.s.PrimaryBackupSessionClient - SessionClient{system-partition-1}{type=PRIMARY_ELECTOR, name=atomix-primary-elector} - Sending ExecuteRequest{session=-3929230760396962268, node=3, primitive=PrimitiveDescriptor{name=atomix-primary-elector, type=PRIMARY_ELECTOR, backups=1, replication=ASYNCHRONOUS}, operation=PrimitiveOperation{id=DefaultOperationId{id=ENTER, type=COMMAND}, value=byte[]{length=28, hash=-541850673}}} to GroupMember{memberId=3, groupId=3}
00:17:00.706 [atomix-system-2] TRACE i.a.p.backup.roles.PrimaryRole - PrimaryRole{system-partition-1}{role=PRIMARY} - Sending ExecuteResponse{status=OK, result=byte[]{length=25, hash=-30123036}}
00:17:00.706 [atomix-system-3] TRACE i.a.p.b.s.PrimaryBackupSessionClient - SessionClient{system-partition-1}{type=PRIMARY_ELECTOR, name=atomix-primary-elector} - Received ExecuteResponse{status=OK, result=byte[]{length=25, hash=-30123036}}
00:17:00.706 [atomix-system-2] TRACE i.a.p.backup.roles.PrimaryRole - PrimaryRole{system-partition-1}{role=PRIMARY} - Received ExecuteRequest{session=-3929230760396962268, node=3, primitive=PrimitiveDescriptor{name=atomix-primary-elector, type=PRIMARY_ELECTOR, backups=1, replication=ASYNCHRONOUS}, operation=PrimitiveOperation{id=DefaultOperationId{id=ENTER, type=COMMAND}, value=byte[]{length=28, hash=-541850705}}}
00:17:00.706 [atomix-system-3] TRACE i.a.p.b.s.PrimaryBackupSessionClient - SessionClient{system-partition-1}{type=PRIMARY_ELECTOR, name=atomix-primary-elector} - Sending ExecuteRequest{session=-3929230760396962268, node=3, primitive=PrimitiveDescriptor{name=atomix-primary-elector, type=PRIMARY_ELECTOR, backups=1, replication=ASYNCHRONOUS}, operation=PrimitiveOperation{id=DefaultOperationId{id=ENTER, type=COMMAND}, value=byte[]{length=28, hash=-541850739}}} to GroupMember{memberId=3, groupId=3}
00:17:00.706 [atomix-system-12] INFO  i.a.p.b.p.i.PrimaryBackupPartitionServer - Successfully started server for PartitionId{id=6, group=data}
00:17:00.706 [atomix-system-2] TRACE i.a.p.backup.roles.PrimaryRole - PrimaryRole{system-partition-1}{role=PRIMARY} - Sending ExecuteResponse{status=OK, result=byte[]{length=25, hash=-30123036}}
00:17:00.706 [atomix-system-3] TRACE i.a.p.b.s.PrimaryBackupSessionClient - SessionClient{system-partition-1}{type=PRIMARY_ELECTOR, name=atomix-primary-elector} - Sending ExecuteRequest{session=-3929230760396962268, node=3, primitive=PrimitiveDescriptor{name=atomix-primary-elector, type=PRIMARY_ELECTOR, backups=1, replication=ASYNCHRONOUS}, operation=PrimitiveOperation{id=DefaultOperationId{id=ENTER, type=COMMAND}, value=byte[]{length=28, hash=-541850665}}} to GroupMember{memberId=3, groupId=3}
00:17:00.707 [atomix-system-12] INFO  i.a.p.b.p.i.PrimaryBackupPartitionClient - Successfully started client for PartitionId{id=6, group=data}
00:17:00.707 [atomix-system-2] TRACE i.a.p.b.impl.PrimaryBackupSession - PrimaryBackupSession{system-partition-1}{session=-3929230760396962268} - Sending PrimitiveEvent{type=change, value=byte[]{length=48, hash=-1147036715}} to 3
00:17:00.707 [atomix-system-3] TRACE i.a.p.b.s.PrimaryBackupSessionClient - SessionClient{system-partition-1}{type=PRIMARY_ELECTOR, name=atomix-primary-elector} - Received PrimitiveEvent{type=change, value=byte[]{length=49, hash=-500746324}}
00:17:00.707 [atomix-system-2] TRACE i.a.p.backup.roles.PrimaryRole - PrimaryRole{system-partition-1}{role=PRIMARY} - Received ExecuteRequest{session=-3929230760396962268, node=3, primitive=PrimitiveDescriptor{name=atomix-primary-elector, type=PRIMARY_ELECTOR, backups=1, replication=ASYNCHRONOUS}, operation=PrimitiveOperation{id=DefaultOperationId{id=ENTER, type=COMMAND}, value=byte[]{length=29, hash=382491440}}}
00:17:00.707 [atomix-system-3] TRACE i.a.p.b.s.PrimaryBackupSessionClient - SessionClient{system-partition-1}{type=PRIMARY_ELECTOR, name=atomix-primary-elector} - Sending ExecuteRequest{session=-3929230760396962268, node=3, primitive=PrimitiveDescriptor{name=atomix-primary-elector, type=PRIMARY_ELECTOR, backups=1, replication=ASYNCHRONOUS}, operation=PrimitiveOperation{id=DefaultOperationId{id=ENTER, type=COMMAND}, value=byte[]{length=28, hash=-541850731}}} to GroupMember{memberId=3, groupId=3}
00:17:00.707 [atomix-system-2] TRACE i.a.p.backup.roles.PrimaryRole - PrimaryRole{system-partition-1}{role=PRIMARY} - Sending ExecuteResponse{status=OK, result=byte[]{length=25, hash=-30123036}}
00:17:00.707 [atomix-system-3] TRACE i.a.p.b.s.PrimaryBackupSessionClient - SessionClient{system-partition-1}{type=PRIMARY_ELECTOR, name=atomix-primary-elector} - Sending ExecuteRequest{session=-3929230760396962268, node=3, primitive=PrimitiveDescriptor{name=atomix-primary-elector, type=PRIMARY_ELECTOR, backups=1, replication=ASYNCHRONOUS}, operation=PrimitiveOperation{id=DefaultOperationId{id=ENTER, type=COMMAND}, value=byte[]{length=28, hash=-541850657}}} to GroupMember{memberId=3, groupId=3}
00:17:00.707 [atomix-system-2] TRACE i.a.p.backup.roles.PrimaryRole - PrimaryRole{system-partition-1}{role=PRIMARY} - Received ExecuteRequest{session=-3929230760396962268, node=3, primitive=PrimitiveDescriptor{name=atomix-primary-elector, type=PRIMARY_ELECTOR, backups=1, replication=ASYNCHRONOUS}, operation=PrimitiveOperation{id=DefaultOperationId{id=ENTER, type=COMMAND}, value=byte[]{length=28, hash=-541850697}}}
00:17:00.707 [atomix-system-3] TRACE i.a.p.b.s.PrimaryBackupSessionClient - SessionClient{system-partition-1}{type=PRIMARY_ELECTOR, name=atomix-primary-elector} - Received ExecuteResponse{status=OK, result=byte[]{length=25, hash=-30123036}}
00:17:00.707 [atomix-system-2] TRACE i.a.p.backup.roles.PrimaryRole - PrimaryRole{system-partition-1}{role=PRIMARY} - Sending ExecuteResponse{status=OK, result=byte[]{length=25, hash=-30123036}}
00:17:00.707 [atomix-system-3] TRACE i.a.p.b.s.PrimaryBackupSessionClient - SessionClient{system-partition-1}{type=PRIMARY_ELECTOR, name=atomix-primary-elector} - Sending ExecuteRequest{session=-3929230760396962268, node=3, primitive=PrimitiveDescriptor{name=atomix-primary-elector, type=PRIMARY_ELECTOR, backups=1, replication=ASYNCHRONOUS}, operation=PrimitiveOperation{id=DefaultOperationId{id=ENTER, type=COMMAND}, value=byte[]{length=28, hash=-541850723}}} to GroupMember{memberId=3, groupId=3}
00:17:00.707 [atomix-system-10] INFO  i.a.p.b.p.i.PrimaryBackupPartitionServer - Successfully started server for PartitionId{id=43, group=data}
00:17:00.707 [atomix-system-2] TRACE i.a.p.b.impl.PrimaryBackupSession - PrimaryBackupSession{system-partition-1}{session=-3929230760396962268} - Sending PrimitiveEvent{type=change, value=byte[]{length=48, hash=-1669265775}} to 3
00:17:00.707 [atomix-system-3] TRACE i.a.p.b.s.PrimaryBackupSessionClient - SessionClient{system-partition-1}{type=PRIMARY_ELECTOR, name=atomix-primary-elector} - Received ExecuteResponse{status=OK, result=byte[]{length=25, hash=-30123036}}
00:17:00.707 [atomix-system-10] INFO  i.a.p.b.p.i.PrimaryBackupPartitionClient - Successfully started client for PartitionId{id=43, group=data}
00:17:00.707 [atomix-system-2] TRACE i.a.p.backup.roles.PrimaryRole - PrimaryRole{system-partition-1}{role=PRIMARY} - Received ExecuteRequest{session=-3929230760396962268, node=3, primitive=PrimitiveDescriptor{name=atomix-primary-elector, type=PRIMARY_ELECTOR, backups=1, replication=ASYNCHRONOUS}, operation=PrimitiveOperation{id=DefaultOperationId{id=ENTER, type=COMMAND}, value=byte[]{length=28, hash=-541850763}}}
00:17:00.707 [atomix-system-3] TRACE i.a.p.b.s.PrimaryBackupSessionClient - SessionClient{system-partition-1}{type=PRIMARY_ELECTOR, name=atomix-primary-elector} - Received ExecuteResponse{status=OK, result=byte[]{length=25, hash=-30123036}}
00:17:00.707 [atomix-system-10] INFO  i.a.p.b.p.i.PrimaryBackupPartitionServer - Successfully started server for PartitionId{id=10, group=data}
00:17:00.707 [atomix-system-2] TRACE i.a.p.backup.roles.PrimaryRole - PrimaryRole{system-partition-1}{role=PRIMARY} - Sending ExecuteResponse{status=OK, result=byte[]{length=25, hash=-30123036}}
00:17:00.707 [atomix-system-3] TRACE i.a.p.b.s.PrimaryBackupSessionClient - SessionClient{system-partition-1}{type=PRIMARY_ELECTOR, name=atomix-primary-elector} - Received PrimitiveEvent{type=change, value=byte[]{length=48, hash=-798416831}}
00:17:00.707 [atomix-system-10] INFO  i.a.p.b.p.i.PrimaryBackupPartitionClient - Successfully started client for PartitionId{id=10, group=data}
00:17:00.707 [atomix-system-2] TRACE i.a.p.b.impl.PrimaryBackupSession - PrimaryBackupSession{system-partition-1}{session=-3929230760396962268} - Sending PrimitiveEvent{type=change, value=byte[]{length=48, hash=1177436427}} to 3
00:17:00.707 [atomix-system-3] TRACE i.a.p.b.s.PrimaryBackupSessionClient - SessionClient{system-partition-1}{type=PRIMARY_ELECTOR, name=atomix-primary-elector} - Received ExecuteResponse{status=OK, result=byte[]{length=25, hash=-30123036}}
00:17:00.707 [atomix-system-10] INFO  i.a.p.b.p.i.PrimaryBackupPartitionServer - Successfully started server for PartitionId{id=44, group=data}
00:17:00.707 [atomix-system-2] TRACE i.a.p.backup.roles.PrimaryRole - PrimaryRole{system-partition-1}{role=PRIMARY} - Received ExecuteRequest{session=-3929230760396962268, node=3, primitive=PrimitiveDescriptor{name=atomix-primary-elector, type=PRIMARY_ELECTOR, backups=1, replication=ASYNCHRONOUS}, operation=PrimitiveOperation{id=DefaultOperationId{id=ENTER, type=COMMAND}, value=byte[]{length=29, hash=382491688}}}
00:17:00.707 [atomix-system-3] TRACE i.a.p.b.s.PrimaryBackupSessionClient - SessionClient{system-partition-1}{type=PRIMARY_ELECTOR, name=atomix-primary-elector} - Received ExecuteResponse{status=OK, result=byte[]{length=25, hash=-30123036}}
00:17:00.708 [atomix-system-10] INFO  i.a.p.b.p.i.PrimaryBackupPartitionClient - Successfully started client for PartitionId{id=44, group=data}
00:17:00.708 [atomix-system-2] TRACE i.a.p.backup.roles.PrimaryRole - PrimaryRole{system-partition-1}{role=PRIMARY} - Sending ExecuteResponse{status=OK, result=byte[]{length=25, hash=-30123036}}
00:17:00.708 [atomix-system-3] TRACE i.a.p.b.s.PrimaryBackupSessionClient - SessionClient{system-partition-1}{type=PRIMARY_ELECTOR, name=atomix-primary-elector} - Received PrimitiveEvent{type=change, value=byte[]{length=48, hash=-669214781}}
00:17:00.708 [atomix-system-10] INFO  i.a.p.b.p.i.PrimaryBackupPartitionServer - Successfully started server for PartitionId{id=15, group=data}
00:17:00.708 [atomix-system-2] TRACE i.a.p.b.impl.PrimaryBackupSession - PrimaryBackupSession{system-partition-1}{session=-3929230760396962268} - Sending PrimitiveEvent{type=change, value=byte[]{length=48, hash=-134865981}} to 3
00:17:00.708 [atomix-system-3] TRACE i.a.p.b.s.PrimaryBackupSessionClient - SessionClient{system-partition-1}{type=PRIMARY_ELECTOR, name=atomix-primary-elector} - Received ExecuteResponse{status=OK, result=byte[]{length=25, hash=-30123036}}
00:17:00.708 [atomix-system-10] INFO  i.a.p.b.p.i.PrimaryBackupPartitionClient - Successfully started client for PartitionId{id=15, group=data}
00:17:00.708 [atomix-system-2] TRACE i.a.p.backup.roles.PrimaryRole - PrimaryRole{system-partition-1}{role=PRIMARY} - Received ExecuteRequest{session=-3929230760396962268, node=3, primitive=PrimitiveDescriptor{name=atomix-primary-elector, type=PRIMARY_ELECTOR, backups=1, replication=ASYNCHRONOUS}, operation=PrimitiveOperation{id=DefaultOperationId{id=ENTER, type=COMMAND}, value=byte[]{length=28, hash=-541850689}}}
00:17:00.708 [atomix-system-3] TRACE i.a.p.b.s.PrimaryBackupSessionClient - SessionClient{system-partition-1}{type=PRIMARY_ELECTOR, name=atomix-primary-elector} - Received ExecuteResponse{status=OK, result=byte[]{length=25, hash=-30123036}}
00:17:00.708 [atomix-system-10] INFO  i.a.p.b.p.i.PrimaryBackupPartitionServer - Successfully started server for PartitionId{id=48, group=data}
00:17:00.708 [atomix-system-2] TRACE i.a.p.backup.roles.PrimaryRole - PrimaryRole{system-partition-1}{role=PRIMARY} - Sending ExecuteResponse{status=OK, result=byte[]{length=25, hash=-30123036}}
00:17:00.708 [atomix-system-3] TRACE i.a.p.b.s.PrimaryBackupSessionClient - SessionClient{system-partition-1}{type=PRIMARY_ELECTOR, name=atomix-primary-elector} - Received PrimitiveEvent{type=change, value=byte[]{length=49, hash=2137379764}}
00:17:00.708 [atomix-system-10] INFO  i.a.p.b.p.i.PrimaryBackupPartitionClient - Successfully started client for PartitionId{id=48, group=data}
00:17:00.708 [atomix-system-2] TRACE i.a.p.backup.roles.PrimaryRole - PrimaryRole{system-partition-1}{role=PRIMARY} - Received ExecuteRequest{session=-3929230760396962268, node=3, primitive=PrimitiveDescriptor{name=atomix-primary-elector, type=PRIMARY_ELECTOR, backups=1, replication=ASYNCHRONOUS}, operation=PrimitiveOperation{id=DefaultOperationId{id=ENTER, type=COMMAND}, value=byte[]{length=28, hash=-541850755}}}
00:17:00.708 [atomix-system-3] TRACE i.a.p.b.s.PrimaryBackupSessionClient - SessionClient{system-partition-1}{type=PRIMARY_ELECTOR, name=atomix-primary-elector} - Received ExecuteResponse{status=OK, result=byte[]{length=25, hash=-30123036}}
00:17:00.708 [atomix-system-10] INFO  i.a.p.b.p.i.PrimaryBackupPartitionServer - Successfully started server for PartitionId{id=19, group=data}
00:17:00.708 [atomix-system-3] TRACE i.a.p.b.s.PrimaryBackupSessionClient - SessionClient{system-partition-1}{type=PRIMARY_ELECTOR, name=atomix-primary-elector} - Received ExecuteResponse{status=OK, result=byte[]{length=25, hash=-30123036}}
00:17:00.708 [atomix-system-2] TRACE i.a.p.backup.roles.PrimaryRole - PrimaryRole{system-partition-1}{role=PRIMARY} - Sending ExecuteResponse{status=OK, result=byte[]{length=25, hash=-30123036}}
00:17:00.708 [atomix-system-10] INFO  i.a.p.b.p.i.PrimaryBackupPartitionClient - Successfully started client for PartitionId{id=19, group=data}
00:17:00.708 [atomix-system-3] TRACE i.a.p.b.s.PrimaryBackupSessionClient - SessionClient{system-partition-1}{type=PRIMARY_ELECTOR, name=atomix-primary-elector} - Received ExecuteResponse{status=OK, result=byte[]{length=25, hash=-30123036}}
00:17:00.708 [atomix-system-2] TRACE i.a.p.b.impl.PrimaryBackupSession - PrimaryBackupSession{system-partition-1}{session=-3929230760396962268} - Sending PrimitiveEvent{type=change, value=byte[]{length=48, hash=-5663931}} to 3
00:17:00.708 [atomix-system-10] INFO  i.a.p.b.p.i.PrimaryBackupPartitionServer - Successfully started server for PartitionId{id=52, group=data}
00:17:00.708 [atomix-system-3] TRACE i.a.p.b.s.PrimaryBackupSessionClient - SessionClient{system-partition-1}{type=PRIMARY_ELECTOR, name=atomix-primary-elector} - Received PrimitiveEvent{type=change, value=byte[]{length=48, hash=1919083321}}
00:17:00.708 [atomix-system-2] TRACE i.a.p.b.impl.PrimaryBackupSession - PrimaryBackupSession{system-partition-1}{session=-3929230760396962268} - Sending PrimitiveEvent{type=change, value=byte[]{length=48, hash=-1453929025}} to 3
00:17:00.708 [atomix-system-10] INFO  i.a.p.b.p.i.PrimaryBackupPartitionClient - Successfully started client for PartitionId{id=52, group=data}
00:17:00.708 [atomix-system-3] TRACE i.a.p.b.s.PrimaryBackupSessionClient - SessionClient{system-partition-1}{type=PRIMARY_ELECTOR, name=atomix-primary-elector} - Received ExecuteResponse{status=OK, result=byte[]{length=25, hash=-30123036}}
00:17:00.708 [atomix-system-2] TRACE i.a.p.backup.roles.PrimaryRole - PrimaryRole{system-partition-1}{role=PRIMARY} - Received ExecuteRequest{session=-3929230760396962268, node=3, primitive=PrimitiveDescriptor{name=atomix-primary-elector, type=PRIMARY_ELECTOR, backups=1, replication=ASYNCHRONOUS}, operation=PrimitiveOperation{id=DefaultOperationId{id=ENTER, type=COMMAND}, value=byte[]{length=28, hash=-541850745}}}
00:17:00.708 [atomix-system-10] INFO  i.a.p.b.p.i.PrimaryBackupPartitionServer - Successfully started server for PartitionId{id=23, group=data}
00:17:00.708 [atomix-system-3] TRACE i.a.p.b.s.PrimaryBackupSessionClient - SessionClient{system-partition-1}{type=PRIMARY_ELECTOR, name=atomix-primary-elector} - Received ExecuteResponse{status=OK, result=byte[]{length=25, hash=-30123036}}
00:17:00.709 [atomix-system-2] TRACE i.a.p.backup.roles.PrimaryRole - PrimaryRole{system-partition-1}{role=PRIMARY} - Sending ExecuteResponse{status=OK, result=byte[]{length=25, hash=-30123036}}
00:17:00.709 [atomix-system-10] INFO  i.a.p.b.p.i.PrimaryBackupPartitionClient - Successfully started client for PartitionId{id=23, group=data}
00:17:00.709 [atomix-system-3] TRACE i.a.p.b.s.PrimaryBackupSessionClient - SessionClient{system-partition-1}{type=PRIMARY_ELECTOR, name=atomix-primary-elector} - Received PrimitiveEvent{type=change, value=byte[]{length=48, hash=1655258361}}
00:17:00.709 [atomix-system-2] TRACE i.a.p.backup.roles.PrimaryRole - PrimaryRole{system-partition-1}{role=PRIMARY} - Received ExecuteRequest{session=-3929230760396962268, node=3, primitive=PrimitiveDescriptor{name=atomix-primary-elector, type=PRIMARY_ELECTOR, backups=1, replication=ASYNCHRONOUS}, operation=PrimitiveOperation{id=DefaultOperationId{id=ENTER, type=COMMAND}, value=byte[]{length=28, hash=-541850679}}}
00:17:00.709 [atomix-system-10] INFO  i.a.p.b.p.i.PrimaryBackupPartitionServer - Successfully started server for PartitionId{id=56, group=data}
00:17:00.709 [atomix-system-3] TRACE i.a.p.b.s.PrimaryBackupSessionClient - SessionClient{system-partition-1}{type=PRIMARY_ELECTOR, name=atomix-primary-elector} - Received ExecuteResponse{status=OK, result=byte[]{length=25, hash=-30123036}}
00:17:00.709 [atomix-system-2] TRACE i.a.p.backup.roles.PrimaryRole - PrimaryRole{system-partition-1}{role=PRIMARY} - Sending ExecuteResponse{status=OK, result=byte[]{length=25, hash=-30123036}}
00:17:00.709 [atomix-system-10] INFO  i.a.p.b.p.i.PrimaryBackupPartitionClient - Successfully started client for PartitionId{id=56, group=data}
00:17:00.709 [atomix-system-3] TRACE i.a.p.b.s.PrimaryBackupSessionClient - SessionClient{system-partition-1}{type=PRIMARY_ELECTOR, name=atomix-primary-elector} - Received ExecuteResponse{status=OK, result=byte[]{length=25, hash=-30123036}}
00:17:00.709 [atomix-system-2] TRACE i.a.p.b.impl.PrimaryBackupSession - PrimaryBackupSession{system-partition-1}{session=-3929230760396962268} - Sending PrimitiveEvent{type=change, value=byte[]{length=49, hash=-94259798}} to 3
00:17:00.709 [atomix-system-10] INFO  i.a.p.b.p.i.PrimaryBackupPartitionServer - Successfully started server for PartitionId{id=27, group=data}
00:17:00.709 [atomix-system-3] TRACE i.a.p.b.s.PrimaryBackupSessionClient - SessionClient{system-partition-1}{type=PRIMARY_ELECTOR, name=atomix-primary-elector} - Received ExecuteResponse{status=OK, result=byte[]{length=25, hash=-30123036}}
00:17:00.709 [atomix-system-2] TRACE i.a.p.backup.roles.PrimaryRole - PrimaryRole{system-partition-1}{role=PRIMARY} - Received ExecuteRequest{session=-3929230760396962268, node=3, primitive=PrimitiveDescriptor{name=atomix-primary-elector, type=PRIMARY_ELECTOR, backups=1, replication=ASYNCHRONOUS}, operation=PrimitiveOperation{id=DefaultOperationId{id=ENTER, type=COMMAND}, value=byte[]{length=28, hash=-541850737}}}
00:17:00.709 [atomix-system-10] INFO  i.a.p.b.p.i.PrimaryBackupPartitionClient - Successfully started client for PartitionId{id=27, group=data}
00:17:00.709 [atomix-system-3] TRACE i.a.p.b.s.PrimaryBackupSessionClient - SessionClient{system-partition-1}{type=PRIMARY_ELECTOR, name=atomix-primary-elector} - Received PrimitiveEvent{type=change, value=byte[]{length=48, hash=-51410833}}
00:17:00.709 [atomix-system-2] TRACE i.a.p.backup.roles.PrimaryRole - PrimaryRole{system-partition-1}{role=PRIMARY} - Sending ExecuteResponse{status=OK, result=byte[]{length=25, hash=-30123036}}
00:17:00.709 [atomix-system-10] INFO  i.a.p.b.p.i.PrimaryBackupPartitionServer - Successfully started server for PartitionId{id=63, group=data}
00:17:00.709 [atomix-system-3] TRACE i.a.p.b.s.PrimaryBackupSessionClient - SessionClient{system-partition-1}{type=PRIMARY_ELECTOR, name=atomix-primary-elector} - Received ExecuteResponse{status=OK, result=byte[]{length=25, hash=-30123036}}
00:17:00.709 [atomix-system-2] TRACE i.a.p.b.impl.PrimaryBackupSession - PrimaryBackupSession{system-partition-1}{session=-3929230760396962268} - Sending PrimitiveEvent{type=change, value=byte[]{length=48, hash=-1976158085}} to 3
00:17:00.709 [atomix-system-10] INFO  i.a.p.b.p.i.PrimaryBackupPartitionClient - Successfully started client for PartitionId{id=63, group=data}
00:17:00.709 [atomix-system-3] TRACE i.a.p.b.s.PrimaryBackupSessionClient - SessionClient{system-partition-1}{type=PRIMARY_ELECTOR, name=atomix-primary-elector} - Received ExecuteResponse{status=OK, result=byte[]{length=25, hash=-30123036}}
00:17:00.709 [atomix-system-2] TRACE i.a.p.backup.roles.PrimaryRole - PrimaryRole{system-partition-1}{role=PRIMARY} - Received ExecuteRequest{session=-3929230760396962268, node=3, primitive=PrimitiveDescriptor{name=atomix-primary-elector, type=PRIMARY_ELECTOR, backups=1, replication=ASYNCHRONOUS}, operation=PrimitiveOperation{id=DefaultOperationId{id=ENTER, type=COMMAND}, value=byte[]{length=28, hash=-541850671}}}
00:17:00.709 [atomix-system-10] INFO  i.a.p.b.p.i.PrimaryBackupPartitionServer - Successfully started server for PartitionId{id=30, group=data}
00:17:00.709 [atomix-system-3] TRACE i.a.p.b.s.PrimaryBackupSessionClient - SessionClient{system-partition-1}{type=PRIMARY_ELECTOR, name=atomix-primary-elector} - Received PrimitiveEvent{type=change, value=byte[]{length=48, hash=77791217}}
00:17:00.709 [atomix-system-2] TRACE i.a.p.backup.roles.PrimaryRole - PrimaryRole{system-partition-1}{role=PRIMARY} - Sending ExecuteResponse{status=OK, result=byte[]{length=25, hash=-30123036}}
00:17:00.709 [atomix-system-10] INFO  i.a.p.b.p.i.PrimaryBackupPartitionClient - Successfully started client for PartitionId{id=30, group=data}
00:17:00.709 [atomix-system-3] TRACE i.a.p.b.s.PrimaryBackupSessionClient - SessionClient{system-partition-1}{type=PRIMARY_ELECTOR, name=atomix-primary-elector} - Received ExecuteResponse{status=OK, result=byte[]{length=25, hash=-30123036}}
00:17:00.709 [atomix-system-2] TRACE i.a.p.b.impl.PrimaryBackupSession - PrimaryBackupSession{system-partition-1}{session=-3929230760396962268} - Sending PrimitiveEvent{type=change, value=byte[]{length=48, hash=870544117}} to 3
00:17:00.709 [atomix-system-10] INFO  i.a.p.b.p.i.PrimaryBackupPartitionServer - Successfully started server for PartitionId{id=1, group=data}
00:17:00.710 [atomix-system-3] TRACE i.a.p.b.s.PrimaryBackupSessionClient - SessionClient{system-partition-1}{type=PRIMARY_ELECTOR, name=atomix-primary-elector} - Received ExecuteResponse{status=OK, result=byte[]{length=25, hash=-30123036}}
00:17:00.710 [atomix-system-2] TRACE i.a.p.backup.roles.PrimaryRole - PrimaryRole{system-partition-1}{role=PRIMARY} - Received ExecuteRequest{session=-3929230760396962268, node=3, primitive=PrimitiveDescriptor{name=atomix-primary-elector, type=PRIMARY_ELECTOR, backups=1, replication=ASYNCHRONOUS}, operation=PrimitiveOperation{id=DefaultOperationId{id=ENTER, type=COMMAND}, value=byte[]{length=28, hash=-541850729}}}
00:17:00.710 [atomix-system-10] INFO  i.a.p.b.p.i.PrimaryBackupPartitionClient - Successfully started client for PartitionId{id=1, group=data}
00:17:00.710 [atomix-system-3] TRACE i.a.p.b.s.PrimaryBackupSessionClient - SessionClient{system-partition-1}{type=PRIMARY_ELECTOR, name=atomix-primary-elector} - Received PrimitiveEvent{type=change, value=byte[]{length=48, hash=-445777619}}
00:17:00.710 [atomix-system-10] INFO  i.a.p.b.p.i.PrimaryBackupPartitionServer - Successfully started server for PartitionId{id=67, group=data}
00:17:00.710 [atomix-system-2] TRACE i.a.p.backup.roles.PrimaryRole - PrimaryRole{system-partition-1}{role=PRIMARY} - Sending ExecuteResponse{status=OK, result=byte[]{length=25, hash=-30123036}}
00:17:00.710 [atomix-system-3] TRACE i.a.p.b.s.PrimaryBackupSessionClient - SessionClient{system-partition-1}{type=PRIMARY_ELECTOR, name=atomix-primary-elector} - Received ExecuteResponse{status=OK, result=byte[]{length=25, hash=-30123036}}
00:17:00.710 [atomix-system-10] INFO  i.a.p.b.p.i.PrimaryBackupPartitionClient - Successfully started client for PartitionId{id=67, group=data}
00:17:00.710 [atomix-system-2] TRACE i.a.p.b.impl.PrimaryBackupSession - PrimaryBackupSession{system-partition-1}{session=-3929230760396962268} - Sending PrimitiveEvent{type=change, value=byte[]{length=49, hash=-2144128016}} to 3
00:17:00.710 [atomix-system-3] TRACE i.a.p.b.s.PrimaryBackupSessionClient - SessionClient{system-partition-1}{type=PRIMARY_ELECTOR, name=atomix-primary-elector} - Received ExecuteResponse{status=OK, result=byte[]{length=25, hash=-30123036}}
00:17:00.710 [atomix-system-10] INFO  i.a.p.b.p.i.PrimaryBackupPartitionServer - Successfully started server for PartitionId{id=34, group=data}
00:17:00.710 [atomix-system-2] TRACE i.a.p.backup.roles.PrimaryRole - PrimaryRole{system-partition-1}{role=PRIMARY} - Received ExecuteRequest{session=-3929230760396962268, node=3, primitive=PrimitiveDescriptor{name=atomix-primary-elector, type=PRIMARY_ELECTOR, backups=1, replication=ASYNCHRONOUS}, operation=PrimitiveOperation{id=DefaultOperationId{id=ENTER, type=COMMAND}, value=byte[]{length=28, hash=-541850663}}}
00:17:00.710 [atomix-system-3] TRACE i.a.p.b.s.PrimaryBackupSessionClient - SessionClient{system-partition-1}{type=PRIMARY_ELECTOR, name=atomix-primary-elector} - Received ExecuteResponse{status=OK, result=byte[]{length=25, hash=-30123036}}
00:17:00.710 [atomix-system-10] INFO  i.a.p.b.p.i.PrimaryBackupPartitionClient - Successfully started client for PartitionId{id=34, group=data}
00:17:00.710 [atomix-system-2] TRACE i.a.p.backup.roles.PrimaryRole - PrimaryRole{system-partition-1}{role=PRIMARY} - Sending ExecuteResponse{status=OK, result=byte[]{length=25, hash=-30123036}}
00:17:00.710 [atomix-system-3] TRACE i.a.p.b.s.PrimaryBackupSessionClient - SessionClient{system-partition-1}{type=PRIMARY_ELECTOR, name=atomix-primary-elector} - Received PrimitiveEvent{type=change, value=byte[]{length=48, hash=2007897573}}
00:17:00.710 [atomix-system-10] INFO  i.a.p.b.p.i.PrimaryBackupPartitionServer - Successfully started server for PartitionId{id=5, group=data}
00:17:00.710 [atomix-system-2] TRACE i.a.p.b.impl.PrimaryBackupSession - PrimaryBackupSession{system-partition-1}{session=-3929230760396962268} - Sending PrimitiveEvent{type=change, value=byte[]{length=48, hash=348315057}} to 3
00:17:00.710 [atomix-system-3] TRACE i.a.p.b.s.PrimaryBackupSessionClient - SessionClient{system-partition-1}{type=PRIMARY_ELECTOR, name=atomix-primary-elector} - Received ExecuteResponse{status=OK, result=byte[]{length=25, hash=-30123036}}
00:17:00.710 [atomix-system-10] INFO  i.a.p.b.p.i.PrimaryBackupPartitionClient - Successfully started client for PartitionId{id=5, group=data}
00:17:00.710 [atomix-system-2] TRACE i.a.p.backup.roles.PrimaryRole - PrimaryRole{system-partition-1}{role=PRIMARY} - Received ExecuteRequest{session=-3929230760396962268, node=3, primitive=PrimitiveDescriptor{name=atomix-primary-elector, type=PRIMARY_ELECTOR, backups=1, replication=ASYNCHRONOUS}, operation=PrimitiveOperation{id=DefaultOperationId{id=ENTER, type=COMMAND}, value=byte[]{length=28, hash=-541850721}}}
00:17:00.710 [atomix-system-3] TRACE i.a.p.b.s.PrimaryBackupSessionClient - SessionClient{system-partition-1}{type=PRIMARY_ELECTOR, name=atomix-primary-elector} - Received ExecuteResponse{status=OK, result=byte[]{length=25, hash=-30123036}}
00:17:00.710 [atomix-system-10] INFO  i.a.p.b.p.i.PrimaryBackupPartitionServer - Successfully started server for PartitionId{id=71, group=data}
00:17:00.710 [atomix-system-2] TRACE i.a.p.backup.roles.PrimaryRole - PrimaryRole{system-partition-1}{role=PRIMARY} - Sending ExecuteResponse{status=OK, result=byte[]{length=25, hash=-30123036}}
00:17:00.710 [atomix-system-3] TRACE i.a.p.b.s.PrimaryBackupSessionClient - SessionClient{system-partition-1}{type=PRIMARY_ELECTOR, name=atomix-primary-elector} - Received PrimitiveEvent{type=change, value=byte[]{length=48, hash=1878695523}}
00:17:00.710 [atomix-system-10] INFO  i.a.p.b.p.i.PrimaryBackupPartitionClient - Successfully started client for PartitionId{id=71, group=data}
00:17:00.711 [atomix-system-3] TRACE i.a.p.b.s.PrimaryBackupSessionClient - SessionClient{system-partition-1}{type=PRIMARY_ELECTOR, name=atomix-primary-elector} - Received ExecuteResponse{status=OK, result=byte[]{length=25, hash=-30123036}}
00:17:00.711 [atomix-system-10] INFO  i.a.p.b.p.i.PrimaryBackupPartitionServer - Successfully started server for PartitionId{id=38, group=data}
00:17:00.711 [atomix-system-3] TRACE i.a.p.b.s.PrimaryBackupSessionClient - SessionClient{system-partition-1}{type=PRIMARY_ELECTOR, name=atomix-primary-elector} - Received ExecuteResponse{status=OK, result=byte[]{length=25, hash=-30123036}}
00:17:00.711 [atomix-system-10] INFO  i.a.p.b.p.i.PrimaryBackupPartitionClient - Successfully started client for PartitionId{id=38, group=data}
00:17:00.711 [atomix-system-3] TRACE i.a.p.b.s.PrimaryBackupSessionClient - SessionClient{system-partition-1}{type=PRIMARY_ELECTOR, name=atomix-primary-elector} - Received PrimitiveEvent{type=change, value=byte[]{length=48, hash=430430429}}
00:17:00.711 [atomix-system-10] INFO  i.a.p.b.p.i.PrimaryBackupPartitionServer - Successfully started server for PartitionId{id=9, group=data}
00:17:00.710 [atomix-system-2] TRACE i.a.p.b.impl.PrimaryBackupSession - PrimaryBackupSession{system-partition-1}{session=-3929230760396962268} - Sending PrimitiveEvent{type=change, value=byte[]{length=48, hash=-1099950037}} to 3
00:17:00.711 [atomix-system-3] TRACE i.a.p.b.s.PrimaryBackupSessionClient - SessionClient{system-partition-1}{type=PRIMARY_ELECTOR, name=atomix-primary-elector} - Received ExecuteResponse{status=OK, result=byte[]{length=25, hash=-30123036}}
00:17:00.711 [atomix-system-10] INFO  i.a.p.b.p.i.PrimaryBackupPartitionClient - Successfully started client for PartitionId{id=9, group=data}
00:17:00.711 [atomix-system-3] TRACE i.a.p.b.s.PrimaryBackupSessionClient - SessionClient{system-partition-1}{type=PRIMARY_ELECTOR, name=atomix-primary-elector} - Received ExecuteResponse{status=OK, result=byte[]{length=25, hash=-30123036}}
00:17:00.711 [atomix-system-10] INFO  i.a.p.b.p.i.PrimaryBackupPartitionServer - Successfully started server for PartitionId{id=42, group=data}
00:17:00.711 [atomix-system-2] TRACE i.a.p.backup.roles.PrimaryRole - PrimaryRole{system-partition-1}{role=PRIMARY} - Received ExecuteRequest{session=-3929230760396962268, node=3, primitive=PrimitiveDescriptor{name=atomix-primary-elector, type=PRIMARY_ELECTOR, backups=1, replication=ASYNCHRONOUS}, operation=PrimitiveOperation{id=DefaultOperationId{id=ENTER, type=COMMAND}, value=byte[]{length=28, hash=-541850655}}}
00:17:00.711 [atomix-system-3] TRACE i.a.p.b.s.PrimaryBackupSessionClient - SessionClient{system-partition-1}{type=PRIMARY_ELECTOR, name=atomix-primary-elector} - Received PrimitiveEvent{type=change, value=byte[]{length=48, hash=301228379}}
00:17:00.711 [atomix-system-10] INFO  i.a.p.b.p.i.PrimaryBackupPartitionClient - Successfully started client for PartitionId{id=42, group=data}
00:17:00.711 [atomix-system-3] TRACE i.a.p.b.s.PrimaryBackupSessionClient - SessionClient{system-partition-1}{type=PRIMARY_ELECTOR, name=atomix-primary-elector} - Received ExecuteResponse{status=OK, result=byte[]{length=25, hash=-30123036}}
00:17:00.711 [atomix-system-10] INFO  i.a.p.b.p.i.PrimaryBackupPartitionServer - Successfully started server for PartitionId{id=47, group=data}
00:17:00.711 [atomix-system-3] TRACE i.a.p.b.s.PrimaryBackupSessionClient - SessionClient{system-partition-1}{type=PRIMARY_ELECTOR, name=atomix-primary-elector} - Received ExecuteResponse{status=OK, result=byte[]{length=25, hash=-30123036}}
00:17:00.711 [atomix-system-10] INFO  i.a.p.b.p.i.PrimaryBackupPartitionClient - Successfully started client for PartitionId{id=47, group=data}
00:17:00.711 [atomix-system-3] TRACE i.a.p.b.s.PrimaryBackupSessionClient - SessionClient{system-partition-1}{type=PRIMARY_ELECTOR, name=atomix-primary-elector} - Received ExecuteResponse{status=OK, result=byte[]{length=25, hash=-30123036}}
00:17:00.711 [atomix-system-10] INFO  i.a.p.b.p.i.PrimaryBackupPartitionServer - Successfully started server for PartitionId{id=14, group=data}
00:17:00.711 [atomix-system-3] TRACE i.a.p.b.s.PrimaryBackupSessionClient - SessionClient{system-partition-1}{type=PRIMARY_ELECTOR, name=atomix-primary-elector} - Received PrimitiveEvent{type=change, value=byte[]{length=48, hash=-1147036715}}
00:17:00.711 [atomix-system-10] INFO  i.a.p.b.p.i.PrimaryBackupPartitionClient - Successfully started client for PartitionId{id=14, group=data}
00:17:00.711 [atomix-system-3] TRACE i.a.p.b.s.PrimaryBackupSessionClient - SessionClient{system-partition-1}{type=PRIMARY_ELECTOR, name=atomix-primary-elector} - Received ExecuteResponse{status=OK, result=byte[]{length=25, hash=-30123036}}
00:17:00.711 [atomix-system-10] INFO  i.a.p.b.p.i.PrimaryBackupPartitionServer - Successfully started server for PartitionId{id=51, group=data}
00:17:00.711 [atomix-system-3] TRACE i.a.p.b.s.PrimaryBackupSessionClient - SessionClient{system-partition-1}{type=PRIMARY_ELECTOR, name=atomix-primary-elector} - Received ExecuteResponse{status=OK, result=byte[]{length=25, hash=-30123036}}
00:17:00.711 [atomix-system-10] INFO  i.a.p.b.p.i.PrimaryBackupPartitionClient - Successfully started client for PartitionId{id=51, group=data}
00:17:00.712 [atomix-system-3] TRACE i.a.p.b.s.PrimaryBackupSessionClient - SessionClient{system-partition-1}{type=PRIMARY_ELECTOR, name=atomix-primary-elector} - Received PrimitiveEvent{type=change, value=byte[]{length=48, hash=-1669265775}}
00:17:00.712 [atomix-system-10] INFO  i.a.p.b.p.i.PrimaryBackupPartitionServer - Successfully started server for PartitionId{id=18, group=data}
00:17:00.712 [atomix-system-3] TRACE i.a.p.b.s.PrimaryBackupSessionClient - SessionClient{system-partition-1}{type=PRIMARY_ELECTOR, name=atomix-primary-elector} - Received ExecuteResponse{status=OK, result=byte[]{length=25, hash=-30123036}}
00:17:00.712 [atomix-system-10] INFO  i.a.p.b.p.i.PrimaryBackupPartitionClient - Successfully started client for PartitionId{id=18, group=data}
00:17:00.712 [atomix-system-3] TRACE i.a.p.b.s.PrimaryBackupSessionClient - SessionClient{system-partition-1}{type=PRIMARY_ELECTOR, name=atomix-primary-elector} - Received PrimitiveEvent{type=change, value=byte[]{length=48, hash=1177436427}}
00:17:00.712 [atomix-system-10] INFO  i.a.p.b.p.i.PrimaryBackupPartitionServer - Successfully started server for PartitionId{id=55, group=data}
00:17:00.712 [atomix-system-3] TRACE i.a.p.b.s.PrimaryBackupSessionClient - SessionClient{system-partition-1}{type=PRIMARY_ELECTOR, name=atomix-primary-elector} - Received ExecuteResponse{status=OK, result=byte[]{length=25, hash=-30123036}}
00:17:00.712 [atomix-system-10] INFO  i.a.p.b.p.i.PrimaryBackupPartitionClient - Successfully started client for PartitionId{id=55, group=data}
00:17:00.712 [atomix-system-10] INFO  i.a.p.b.p.i.PrimaryBackupPartitionServer - Successfully started server for PartitionId{id=22, group=data}
00:17:00.712 [atomix-system-3] TRACE i.a.p.b.s.PrimaryBackupSessionClient - SessionClient{system-partition-1}{type=PRIMARY_ELECTOR, name=atomix-primary-elector} - Received PrimitiveEvent{type=change, value=byte[]{length=48, hash=-134865981}}
00:17:00.712 [atomix-system-10] INFO  i.a.p.b.p.i.PrimaryBackupPartitionClient - Successfully started client for PartitionId{id=22, group=data}
00:17:00.712 [atomix-system-3] TRACE i.a.p.b.s.PrimaryBackupSessionClient - SessionClient{system-partition-1}{type=PRIMARY_ELECTOR, name=atomix-primary-elector} - Received ExecuteResponse{status=OK, result=byte[]{length=25, hash=-30123036}}
00:17:00.712 [atomix-system-10] INFO  i.a.p.b.p.i.PrimaryBackupPartitionServer - Successfully started server for PartitionId{id=59, group=data}
00:17:00.712 [atomix-system-3] TRACE i.a.p.b.s.PrimaryBackupSessionClient - SessionClient{system-partition-1}{type=PRIMARY_ELECTOR, name=atomix-primary-elector} - Received ExecuteResponse{status=OK, result=byte[]{length=25, hash=-30123036}}
00:17:00.712 [atomix-system-10] INFO  i.a.p.b.p.i.PrimaryBackupPartitionClient - Successfully started client for PartitionId{id=59, group=data}
00:17:00.712 [atomix-system-3] TRACE i.a.p.b.s.PrimaryBackupSessionClient - SessionClient{system-partition-1}{type=PRIMARY_ELECTOR, name=atomix-primary-elector} - Received PrimitiveEvent{type=change, value=byte[]{length=48, hash=-5663931}}
00:17:00.712 [atomix-system-10] INFO  i.a.p.b.p.i.PrimaryBackupPartitionServer - Successfully started server for PartitionId{id=26, group=data}
00:17:00.712 [atomix-system-2] TRACE i.a.p.backup.roles.PrimaryRole - PrimaryRole{system-partition-1}{role=PRIMARY} - Sending ExecuteResponse{status=OK, result=byte[]{length=25, hash=-30123036}}
00:17:00.712 [atomix-system-3] TRACE i.a.p.b.s.PrimaryBackupSessionClient - SessionClient{system-partition-1}{type=PRIMARY_ELECTOR, name=atomix-primary-elector} - Received PrimitiveEvent{type=change, value=byte[]{length=48, hash=-1453929025}}
00:17:00.712 [atomix-system-10] INFO  i.a.p.b.p.i.PrimaryBackupPartitionClient - Successfully started client for PartitionId{id=26, group=data}
00:17:00.712 [atomix-system-2] TRACE i.a.p.b.impl.PrimaryBackupSession - PrimaryBackupSession{system-partition-1}{session=-3929230760396962268} - Sending PrimitiveEvent{type=change, value=byte[]{length=48, hash=-1229152087}} to 3
00:17:00.712 [atomix-system-3] TRACE i.a.p.b.s.PrimaryBackupSessionClient - SessionClient{system-partition-1}{type=PRIMARY_ELECTOR, name=atomix-primary-elector} - Received ExecuteResponse{status=OK, result=byte[]{length=25, hash=-30123036}}
00:17:00.712 [atomix-system-10] INFO  i.a.p.b.p.i.PrimaryBackupPartitionServer - Successfully started server for PartitionId{id=29, group=data}
00:17:00.712 [atomix-system-2] TRACE i.a.p.backup.roles.PrimaryRole - PrimaryRole{system-partition-1}{role=PRIMARY} - Received ExecuteRequest{session=-3929230760396962268, node=3, primitive=PrimitiveDescriptor{name=atomix-primary-elector, type=PRIMARY_ELECTOR, backups=1, replication=ASYNCHRONOUS}, operation=PrimitiveOperation{id=DefaultOperationId{id=ENTER, type=COMMAND}, value=byte[]{length=28, hash=-541850649}}}
00:17:00.712 [atomix-system-3] TRACE i.a.p.b.s.PrimaryBackupSessionClient - SessionClient{system-partition-1}{type=PRIMARY_ELECTOR, name=atomix-primary-elector} - Received ExecuteResponse{status=OK, result=byte[]{length=25, hash=-30123036}}
00:17:00.712 [atomix-system-10] INFO  i.a.p.b.p.i.PrimaryBackupPartitionClient - Successfully started client for PartitionId{id=29, group=data}
00:17:00.713 [atomix-system-3] TRACE i.a.p.b.s.PrimaryBackupSessionClient - SessionClient{system-partition-1}{type=PRIMARY_ELECTOR, name=atomix-primary-elector} - Received PrimitiveEvent{type=change, value=byte[]{length=49, hash=-94259798}}
00:17:00.713 [atomix-system-2] TRACE i.a.p.backup.roles.PrimaryRole - PrimaryRole{system-partition-1}{role=PRIMARY} - Sending ExecuteResponse{status=OK, result=byte[]{length=25, hash=-30123036}}
00:17:00.713 [atomix-system-10] INFO  i.a.p.b.p.i.PrimaryBackupPartitionServer - Successfully started server for PartitionId{id=62, group=data}
00:17:00.713 [atomix-system-3] TRACE i.a.p.b.s.PrimaryBackupSessionClient - SessionClient{system-partition-1}{type=PRIMARY_ELECTOR, name=atomix-primary-elector} - Received ExecuteResponse{status=OK, result=byte[]{length=25, hash=-30123036}}
00:17:00.713 [atomix-system-2] TRACE i.a.p.backup.roles.PrimaryRole - PrimaryRole{system-partition-1}{role=PRIMARY} - Received ExecuteRequest{session=-3929230760396962268, node=3, primitive=PrimitiveDescriptor{name=atomix-primary-elector, type=PRIMARY_ELECTOR, backups=1, replication=ASYNCHRONOUS}, operation=PrimitiveOperation{id=DefaultOperationId{id=ENTER, type=COMMAND}, value=byte[]{length=28, hash=-541850715}}}
00:17:00.713 [atomix-system-10] INFO  i.a.p.b.p.i.PrimaryBackupPartitionClient - Successfully started client for PartitionId{id=62, group=data}
00:17:00.713 [atomix-system-3] TRACE i.a.p.b.s.PrimaryBackupSessionClient - SessionClient{system-partition-1}{type=PRIMARY_ELECTOR, name=atomix-primary-elector} - Received PrimitiveEvent{type=change, value=byte[]{length=48, hash=-1976158085}}
00:17:00.713 [atomix-system-2] TRACE i.a.p.backup.roles.PrimaryRole - PrimaryRole{system-partition-1}{role=PRIMARY} - Sending ExecuteResponse{status=OK, result=byte[]{length=25, hash=-30123036}}
00:17:00.713 [atomix-system-10] INFO  i.a.p.b.p.i.PrimaryBackupPartitionServer - Successfully started server for PartitionId{id=33, group=data}
00:17:00.713 [atomix-system-3] TRACE i.a.p.b.s.PrimaryBackupSessionClient - SessionClient{system-partition-1}{type=PRIMARY_ELECTOR, name=atomix-primary-elector} - Received ExecuteResponse{status=OK, result=byte[]{length=25, hash=-30123036}}
00:17:00.713 [atomix-system-2] TRACE i.a.p.b.impl.PrimaryBackupSession - PrimaryBackupSession{system-partition-1}{session=-3929230760396962268} - Sending PrimitiveEvent{type=change, value=byte[]{length=48, hash=1093981279}} to 3
00:17:00.713 [atomix-system-10] INFO  i.a.p.b.p.i.PrimaryBackupPartitionClient - Successfully started client for PartitionId{id=33, group=data}
00:17:00.713 [atomix-system-3] TRACE i.a.p.b.s.PrimaryBackupSessionClient - SessionClient{system-partition-1}{type=PRIMARY_ELECTOR, name=atomix-primary-elector} - Received PrimitiveEvent{type=change, value=byte[]{length=48, hash=870544117}}
00:17:00.713 [atomix-system-2] TRACE i.a.p.backup.roles.PrimaryRole - PrimaryRole{system-partition-1}{role=PRIMARY} - Received ExecuteRequest{session=-3929230760396962268, node=3, primitive=PrimitiveDescriptor{name=atomix-primary-elector, type=PRIMARY_ELECTOR, backups=1, replication=ASYNCHRONOUS}, operation=PrimitiveOperation{id=DefaultOperationId{id=ENTER, type=COMMAND}, value=byte[]{length=29, hash=382491378}}}
00:17:00.713 [atomix-system-10] INFO  i.a.p.b.p.i.PrimaryBackupPartitionServer - Successfully started server for PartitionId{id=66, group=data}
00:17:00.713 [atomix-system-3] TRACE i.a.p.b.s.PrimaryBackupSessionClient - SessionClient{system-partition-1}{type=PRIMARY_ELECTOR, name=atomix-primary-elector} - Received ExecuteResponse{status=OK, result=byte[]{length=25, hash=-30123036}}
00:17:00.713 [atomix-system-2] TRACE i.a.p.backup.roles.PrimaryRole - PrimaryRole{system-partition-1}{role=PRIMARY} - Sending ExecuteResponse{status=OK, result=byte[]{length=25, hash=-30123036}}
00:17:00.713 [atomix-system-10] INFO  i.a.p.b.p.i.PrimaryBackupPartitionClient - Successfully started client for PartitionId{id=66, group=data}
00:17:00.714 [atomix-system-3] TRACE i.a.p.b.s.PrimaryBackupSessionClient - SessionClient{system-partition-1}{type=PRIMARY_ELECTOR, name=atomix-primary-elector} - Received PrimitiveEvent{type=change, value=byte[]{length=49, hash=-2144128016}}
00:17:00.714 [atomix-system-2] TRACE i.a.p.b.impl.PrimaryBackupSession - PrimaryBackupSession{system-partition-1}{session=-3929230760396962268} - Sending PrimitiveEvent{type=change, value=byte[]{length=48, hash=830156319}} to 3
00:17:00.714 [atomix-system-10] INFO  i.a.p.b.p.i.PrimaryBackupPartitionServer - Successfully started server for PartitionId{id=37, group=data}
00:17:00.714 [atomix-system-3] TRACE i.a.p.b.s.PrimaryBackupSessionClient - SessionClient{system-partition-1}{type=PRIMARY_ELECTOR, name=atomix-primary-elector} - Received ExecuteResponse{status=OK, result=byte[]{length=25, hash=-30123036}}
00:17:00.714 [atomix-system-2] TRACE i.a.p.b.impl.PrimaryBackupSession - PrimaryBackupSession{system-partition-1}{session=-3929230760396962268} - Sending PrimitiveEvent{type=change, value=byte[]{length=48, hash=-876512875}} to 3
00:17:00.714 [atomix-system-10] INFO  i.a.p.b.p.i.PrimaryBackupPartitionClient - Successfully started client for PartitionId{id=37, group=data}
00:17:00.714 [atomix-system-3] TRACE i.a.p.b.s.PrimaryBackupSessionClient - SessionClient{system-partition-1}{type=PRIMARY_ELECTOR, name=atomix-primary-elector} - Received PrimitiveEvent{type=change, value=byte[]{length=48, hash=348315057}}
00:17:00.714 [atomix-system-2] TRACE i.a.p.backup.roles.PrimaryRole - PrimaryRole{system-partition-1}{role=PRIMARY} - Received ExecuteRequest{session=-3929230760396962268, node=3, primitive=PrimitiveDescriptor{name=atomix-primary-elector, type=PRIMARY_ELECTOR, backups=1, replication=ASYNCHRONOUS}, operation=PrimitiveOperation{id=DefaultOperationId{id=ENTER, type=COMMAND}, value=byte[]{length=28, hash=-541850707}}}
00:17:00.714 [atomix-system-10] INFO  i.a.p.b.p.i.PrimaryBackupPartitionServer - Successfully started server for PartitionId{id=4, group=data}
00:17:00.714 [atomix-system-3] TRACE i.a.p.b.s.PrimaryBackupSessionClient - SessionClient{system-partition-1}{type=PRIMARY_ELECTOR, name=atomix-primary-elector} - Received ExecuteResponse{status=OK, result=byte[]{length=25, hash=-30123036}}
00:17:00.714 [atomix-system-2] TRACE i.a.p.backup.roles.PrimaryRole - PrimaryRole{system-partition-1}{role=PRIMARY} - Sending ExecuteResponse{status=OK, result=byte[]{length=25, hash=-30123036}}
00:17:00.714 [atomix-system-10] INFO  i.a.p.b.p.i.PrimaryBackupPartitionClient - Successfully started client for PartitionId{id=4, group=data}
00:17:00.714 [atomix-system-3] TRACE i.a.p.b.s.PrimaryBackupSessionClient - SessionClient{system-partition-1}{type=PRIMARY_ELECTOR, name=atomix-primary-elector} - Received PrimitiveEvent{type=change, value=byte[]{length=48, hash=-1099950037}}
00:17:00.714 [atomix-system-2] TRACE i.a.p.b.impl.PrimaryBackupSession - PrimaryBackupSession{system-partition-1}{session=-3929230760396962268} - Sending PrimitiveEvent{type=change, value=byte[]{length=48, hash=-747310825}} to 3
00:17:00.714 [atomix-system-10] INFO  i.a.p.b.p.i.PrimaryBackupPartitionServer - Successfully started server for PartitionId{id=70, group=data}
00:17:00.714 [atomix-system-3] TRACE i.a.p.b.s.PrimaryBackupSessionClient - SessionClient{system-partition-1}{type=PRIMARY_ELECTOR, name=atomix-primary-elector} - Received ExecuteResponse{status=OK, result=byte[]{length=25, hash=-30123036}}
00:17:00.714 [atomix-system-2] TRACE i.a.p.backup.roles.PrimaryRole - PrimaryRole{system-partition-1}{role=PRIMARY} - Received ExecuteRequest{session=-3929230760396962268, node=3, primitive=PrimitiveDescriptor{name=atomix-primary-elector, type=PRIMARY_ELECTOR, backups=1, replication=ASYNCHRONOUS}, operation=PrimitiveOperation{id=DefaultOperationId{id=ENTER, type=COMMAND}, value=byte[]{length=28, hash=-541850765}}}
00:17:00.714 [atomix-system-10] INFO  i.a.p.b.p.i.PrimaryBackupPartitionClient - Successfully started client for PartitionId{id=70, group=data}
00:17:00.715 [atomix-system-3] TRACE i.a.p.b.s.PrimaryBackupSessionClient - SessionClient{system-partition-1}{type=PRIMARY_ELECTOR, name=atomix-primary-elector} - Received PrimitiveEvent{type=change, value=byte[]{length=48, hash=-1229152087}}
00:17:00.715 [atomix-system-2] TRACE i.a.p.backup.roles.PrimaryRole - PrimaryRole{system-partition-1}{role=PRIMARY} - Sending ExecuteResponse{status=OK, result=byte[]{length=25, hash=-30123036}}
00:17:00.715 [atomix-system-10] INFO  i.a.p.b.p.i.PrimaryBackupPartitionServer - Successfully started server for PartitionId{id=41, group=data}
00:17:00.715 [atomix-system-3] TRACE i.a.p.b.s.PrimaryBackupSessionClient - SessionClient{system-partition-1}{type=PRIMARY_ELECTOR, name=atomix-primary-elector} - Received ExecuteResponse{status=OK, result=byte[]{length=25, hash=-30123036}}
00:17:00.715 [atomix-system-2] TRACE i.a.p.backup.roles.PrimaryRole - PrimaryRole{system-partition-1}{role=PRIMARY} - Received ExecuteRequest{session=-3929230760396962268, node=3, primitive=PrimitiveDescriptor{name=atomix-primary-elector, type=PRIMARY_ELECTOR, backups=1, replication=ASYNCHRONOUS}, operation=PrimitiveOperation{id=DefaultOperationId{id=ENTER, type=COMMAND}, value=byte[]{length=29, hash=382491626}}}
00:17:00.715 [atomix-system-10] INFO  i.a.p.b.p.i.PrimaryBackupPartitionClient - Successfully started client for PartitionId{id=41, group=data}
00:17:00.715 [atomix-system-3] TRACE i.a.p.b.s.PrimaryBackupSessionClient - SessionClient{system-partition-1}{type=PRIMARY_ELECTOR, name=atomix-primary-elector} - Received ExecuteResponse{status=OK, result=byte[]{length=25, hash=-30123036}}
00:17:00.715 [atomix-system-2] TRACE i.a.p.backup.roles.PrimaryRole - PrimaryRole{system-partition-1}{role=PRIMARY} - Sending ExecuteResponse{status=OK, result=byte[]{length=25, hash=-30123036}}
00:17:00.715 [atomix-system-10] INFO  i.a.p.b.p.i.PrimaryBackupPartitionServer - Successfully started server for PartitionId{id=8, group=data}
00:17:00.715 [atomix-system-3] TRACE i.a.p.b.s.PrimaryBackupSessionClient - SessionClient{system-partition-1}{type=PRIMARY_ELECTOR, name=atomix-primary-elector} - Received PrimitiveEvent{type=change, value=byte[]{length=48, hash=1093981279}}
00:17:00.715 [atomix-system-2] TRACE i.a.p.b.impl.PrimaryBackupSession - PrimaryBackupSession{system-partition-1}{session=-3929230760396962268} - Sending PrimitiveEvent{type=change, value=byte[]{length=48, hash=1840987277}} to 3
00:17:00.715 [atomix-system-10] INFO  i.a.p.b.p.i.PrimaryBackupPartitionClient - Successfully started client for PartitionId{id=8, group=data}
00:17:00.715 [atomix-system-3] TRACE i.a.p.b.s.PrimaryBackupSessionClient - SessionClient{system-partition-1}{type=PRIMARY_ELECTOR, name=atomix-primary-elector} - Received ExecuteResponse{status=OK, result=byte[]{length=25, hash=-30123036}}
00:17:00.715 [atomix-system-2] TRACE i.a.p.b.impl.PrimaryBackupSession - PrimaryBackupSession{system-partition-1}{session=-3929230760396962268} - Sending PrimitiveEvent{type=change, value=byte[]{length=48, hash=1577162317}} to 3
00:17:00.715 [atomix-system-10] INFO  i.a.p.b.p.i.PrimaryBackupPartitionServer - Successfully started server for PartitionId{id=13, group=data}
00:17:00.715 [atomix-system-3] TRACE i.a.p.b.s.PrimaryBackupSessionClient - SessionClient{system-partition-1}{type=PRIMARY_ELECTOR, name=atomix-primary-elector} - Received PrimitiveEvent{type=change, value=byte[]{length=48, hash=830156319}}
00:17:00.715 [atomix-system-2] TRACE i.a.p.backup.roles.PrimaryRole - PrimaryRole{system-partition-1}{role=PRIMARY} - Received ExecuteRequest{session=-3929230760396962268, node=3, primitive=PrimitiveDescriptor{name=atomix-primary-elector, type=PRIMARY_ELECTOR, backups=1, replication=ASYNCHRONOUS}, operation=PrimitiveOperation{id=DefaultOperationId{id=ENTER, type=COMMAND}, value=byte[]{length=28, hash=-541850699}}}
00:17:00.715 [atomix-system-10] INFO  i.a.p.b.p.i.PrimaryBackupPartitionClient - Successfully started client for PartitionId{id=13, group=data}
00:17:00.715 [atomix-system-3] TRACE i.a.p.b.s.PrimaryBackupSessionClient - SessionClient{system-partition-1}{type=PRIMARY_ELECTOR, name=atomix-primary-elector} - Received PrimitiveEvent{type=change, value=byte[]{length=48, hash=-876512875}}
00:17:00.715 [atomix-system-10] INFO  i.a.p.b.p.i.PrimaryBackupPartitionServer - Successfully started server for PartitionId{id=46, group=data}
00:17:00.715 [atomix-system-2] TRACE i.a.p.backup.roles.PrimaryRole - PrimaryRole{system-partition-1}{role=PRIMARY} - Sending ExecuteResponse{status=OK, result=byte[]{length=25, hash=-30123036}}
00:17:00.716 [atomix-system-3] TRACE i.a.p.b.s.PrimaryBackupSessionClient - SessionClient{system-partition-1}{type=PRIMARY_ELECTOR, name=atomix-primary-elector} - Received ExecuteResponse{status=OK, result=byte[]{length=25, hash=-30123036}}
00:17:00.716 [atomix-system-10] INFO  i.a.p.b.p.i.PrimaryBackupPartitionClient - Successfully started client for PartitionId{id=46, group=data}
00:17:00.716 [atomix-system-2] TRACE i.a.p.b.impl.PrimaryBackupSession - PrimaryBackupSession{system-partition-1}{session=-3929230760396962268} - Sending PrimitiveEvent{type=change, value=byte[]{length=48, hash=-129506877}} to 3
00:17:00.716 [atomix-system-3] TRACE i.a.p.b.s.PrimaryBackupSessionClient - SessionClient{system-partition-1}{type=PRIMARY_ELECTOR, name=atomix-primary-elector} - Received PrimitiveEvent{type=change, value=byte[]{length=48, hash=-747310825}}
00:17:00.716 [atomix-system-10] INFO  i.a.p.b.p.i.PrimaryBackupPartitionServer - Successfully started server for PartitionId{id=17, group=data}
00:17:00.716 [atomix-system-2] TRACE i.a.p.backup.roles.PrimaryRole - PrimaryRole{system-partition-1}{role=PRIMARY} - Received ExecuteRequest{session=-3929230760396962268, node=3, primitive=PrimitiveDescriptor{name=atomix-primary-elector, type=PRIMARY_ELECTOR, backups=1, replication=ASYNCHRONOUS}, operation=PrimitiveOperation{id=DefaultOperationId{id=ENTER, type=COMMAND}, value=byte[]{length=28, hash=-541850757}}}
00:17:00.716 [atomix-system-3] TRACE i.a.p.b.s.PrimaryBackupSessionClient - SessionClient{system-partition-1}{type=PRIMARY_ELECTOR, name=atomix-primary-elector} - Received ExecuteResponse{status=OK, result=byte[]{length=25, hash=-30123036}}
00:17:00.716 [atomix-system-10] INFO  i.a.p.b.p.i.PrimaryBackupPartitionClient - Successfully started client for PartitionId{id=17, group=data}
00:17:00.716 [atomix-system-2] TRACE i.a.p.backup.roles.PrimaryRole - PrimaryRole{system-partition-1}{role=PRIMARY} - Sending ExecuteResponse{status=OK, result=byte[]{length=25, hash=-30123036}}
00:17:00.716 [atomix-system-3] TRACE i.a.p.b.s.PrimaryBackupSessionClient - SessionClient{system-partition-1}{type=PRIMARY_ELECTOR, name=atomix-primary-elector} - Received ExecuteResponse{status=OK, result=byte[]{length=25, hash=-30123036}}
00:17:00.716 [atomix-system-10] INFO  i.a.p.b.p.i.PrimaryBackupPartitionServer - Successfully started server for PartitionId{id=50, group=data}
00:17:00.716 [atomix-system-2] TRACE i.a.p.b.impl.PrimaryBackupSession - PrimaryBackupSession{system-partition-1}{session=-3929230760396962268} - Sending PrimitiveEvent{type=change, value=byte[]{length=48, hash=-304827}} to 3
00:17:00.716 [atomix-system-3] TRACE i.a.p.b.s.PrimaryBackupSessionClient - SessionClient{system-partition-1}{type=PRIMARY_ELECTOR, name=atomix-primary-elector} - Received PrimitiveEvent{type=change, value=byte[]{length=48, hash=1840987277}}
00:17:00.716 [atomix-system-10] INFO  i.a.p.b.p.i.PrimaryBackupPartitionClient - Successfully started client for PartitionId{id=50, group=data}
00:17:00.716 [atomix-system-2] TRACE i.a.p.backup.roles.PrimaryRole - PrimaryRole{system-partition-1}{role=PRIMARY} - Received ExecuteRequest{session=-3929230760396962268, node=3, primitive=PrimitiveDescriptor{name=atomix-primary-elector, type=PRIMARY_ELECTOR, backups=1, replication=ASYNCHRONOUS}, operation=PrimitiveOperation{id=DefaultOperationId{id=ENTER, type=COMMAND}, value=byte[]{length=28, hash=-541850691}}}
00:17:00.716 [atomix-system-3] TRACE i.a.p.b.s.PrimaryBackupSessionClient - SessionClient{system-partition-1}{type=PRIMARY_ELECTOR, name=atomix-primary-elector} - Received PrimitiveEvent{type=change, value=byte[]{length=48, hash=1577162317}}
00:17:00.716 [atomix-system-10] INFO  i.a.p.b.p.i.PrimaryBackupPartitionServer - Successfully started server for PartitionId{id=21, group=data}
00:17:00.717 [atomix-system-2] TRACE i.a.p.backup.roles.PrimaryRole - PrimaryRole{system-partition-1}{role=PRIMARY} - Sending ExecuteResponse{status=OK, result=byte[]{length=25, hash=-30123036}}
00:17:00.717 [atomix-system-3] TRACE i.a.p.b.s.PrimaryBackupSessionClient - SessionClient{system-partition-1}{type=PRIMARY_ELECTOR, name=atomix-primary-elector} - Received ExecuteResponse{status=OK, result=byte[]{length=25, hash=-30123036}}
00:17:00.717 [atomix-system-10] INFO  i.a.p.b.p.i.PrimaryBackupPartitionClient - Successfully started client for PartitionId{id=21, group=data}
00:17:00.717 [atomix-system-2] TRACE i.a.p.backup.roles.PrimaryRole - PrimaryRole{system-partition-1}{role=PRIMARY} - Received ExecuteRequest{session=-3929230760396962268, node=3, primitive=PrimitiveDescriptor{name=atomix-primary-elector, type=PRIMARY_ELECTOR, backups=1, replication=ASYNCHRONOUS}, operation=PrimitiveOperation{id=DefaultOperationId{id=ENTER, type=COMMAND}, value=byte[]{length=28, hash=-541850749}}}
00:17:00.717 [atomix-system-3] TRACE i.a.p.b.s.PrimaryBackupSessionClient - SessionClient{system-partition-1}{type=PRIMARY_ELECTOR, name=atomix-primary-elector} - Received PrimitiveEvent{type=change, value=byte[]{length=48, hash=-129506877}}
00:17:00.717 [atomix-system-10] INFO  i.a.p.b.p.i.PrimaryBackupPartitionServer - Successfully started server for PartitionId{id=54, group=data}
00:17:00.717 [atomix-system-2] TRACE i.a.p.backup.roles.PrimaryRole - PrimaryRole{system-partition-1}{role=PRIMARY} - Sending ExecuteResponse{status=OK, result=byte[]{length=25, hash=-30123036}}
00:17:00.717 [atomix-system-3] TRACE i.a.p.b.s.PrimaryBackupSessionClient - SessionClient{system-partition-1}{type=PRIMARY_ELECTOR, name=atomix-primary-elector} - Received ExecuteResponse{status=OK, result=byte[]{length=25, hash=-30123036}}
00:17:00.717 [atomix-system-10] INFO  i.a.p.b.p.i.PrimaryBackupPartitionClient - Successfully started client for PartitionId{id=54, group=data}
00:17:00.717 [atomix-system-2] TRACE i.a.p.b.impl.PrimaryBackupSession - PrimaryBackupSession{system-partition-1}{session=-3929230760396962268} - Sending PrimitiveEvent{type=change, value=byte[]{length=48, hash=-1576432195}} to 3
00:17:00.717 [atomix-system-3] TRACE i.a.p.b.s.PrimaryBackupSessionClient - SessionClient{system-partition-1}{type=PRIMARY_ELECTOR, name=atomix-primary-elector} - Received PrimitiveEvent{type=change, value=byte[]{length=48, hash=-304827}}
00:17:00.717 [atomix-system-10] INFO  i.a.p.b.p.i.PrimaryBackupPartitionServer - Successfully started server for PartitionId{id=25, group=data}
00:17:00.717 [atomix-system-2] TRACE i.a.p.backup.roles.PrimaryRole - PrimaryRole{system-partition-1}{role=PRIMARY} - Received ExecuteRequest{session=-3929230760396962268, node=3, primitive=PrimitiveDescriptor{name=atomix-primary-elector, type=PRIMARY_ELECTOR, backups=1, replication=ASYNCHRONOUS}, operation=PrimitiveOperation{id=DefaultOperationId{id=ENTER, type=COMMAND}, value=byte[]{length=28, hash=-541850681}}}
00:17:00.717 [atomix-system-3] TRACE i.a.p.b.s.PrimaryBackupSessionClient - SessionClient{system-partition-1}{type=PRIMARY_ELECTOR, name=atomix-primary-elector} - Received ExecuteResponse{status=OK, result=byte[]{length=25, hash=-30123036}}
00:17:00.717 [atomix-system-10] INFO  i.a.p.b.p.i.PrimaryBackupPartitionClient - Successfully started client for PartitionId{id=25, group=data}
00:17:00.717 [atomix-system-2] TRACE i.a.p.backup.roles.PrimaryRole - PrimaryRole{system-partition-1}{role=PRIMARY} - Sending ExecuteResponse{status=OK, result=byte[]{length=25, hash=-30123036}}
00:17:00.718 [atomix-system-3] TRACE i.a.p.b.s.PrimaryBackupSessionClient - SessionClient{system-partition-1}{type=PRIMARY_ELECTOR, name=atomix-primary-elector} - Received ExecuteResponse{status=OK, result=byte[]{length=25, hash=-30123036}}
00:17:00.718 [atomix-system-10] INFO  i.a.p.b.p.i.PrimaryBackupPartitionServer - Successfully started server for PartitionId{id=58, group=data}
00:17:00.718 [atomix-system-2] TRACE i.a.p.backup.roles.PrimaryRole - PrimaryRole{system-partition-1}{role=PRIMARY} - Received ExecuteRequest{session=-3929230760396962268, node=3, primitive=PrimitiveDescriptor{name=atomix-primary-elector, type=PRIMARY_ELECTOR, backups=1, replication=ASYNCHRONOUS}, operation=PrimitiveOperation{id=DefaultOperationId{id=ENTER, type=COMMAND}, value=byte[]{length=28, hash=-541850747}}}
00:17:00.718 [atomix-system-3] TRACE i.a.p.b.s.PrimaryBackupSessionClient - SessionClient{system-partition-1}{type=PRIMARY_ELECTOR, name=atomix-primary-elector} - Received PrimitiveEvent{type=change, value=byte[]{length=48, hash=-1576432195}}
00:17:00.718 [atomix-system-10] INFO  i.a.p.b.p.i.PrimaryBackupPartitionClient - Successfully started client for PartitionId{id=58, group=data}
00:17:00.718 [atomix-system-2] TRACE i.a.p.backup.roles.PrimaryRole - PrimaryRole{system-partition-1}{role=PRIMARY} - Sending ExecuteResponse{status=OK, result=byte[]{length=25, hash=-30123036}}
00:17:00.718 [atomix-system-3] TRACE i.a.p.b.s.PrimaryBackupSessionClient - SessionClient{system-partition-1}{type=PRIMARY_ELECTOR, name=atomix-primary-elector} - Received ExecuteResponse{status=OK, result=byte[]{length=25, hash=-30123036}}
00:17:00.718 [atomix-system-10] INFO  i.a.p.b.p.i.PrimaryBackupPartitionServer - Successfully started server for PartitionId{id=61, group=data}
00:17:00.718 [atomix-system-3] TRACE i.a.p.b.s.PrimaryBackupSessionClient - SessionClient{system-partition-1}{type=PRIMARY_ELECTOR, name=atomix-primary-elector} - Received ExecuteResponse{status=OK, result=byte[]{length=25, hash=-30123036}}
00:17:00.718 [atomix-system-2] TRACE i.a.p.b.impl.PrimaryBackupSession - PrimaryBackupSession{system-partition-1}{session=-3929230760396962268} - Sending PrimitiveEvent{type=change, value=byte[]{length=48, hash=-1705634245}} to 3
00:17:00.718 [atomix-system-10] INFO  i.a.p.b.p.i.PrimaryBackupPartitionClient - Successfully started client for PartitionId{id=61, group=data}
00:17:00.718 [atomix-system-10] INFO  i.a.p.b.p.i.PrimaryBackupPartitionServer - Successfully started server for PartitionId{id=28, group=data}
00:17:00.718 [atomix-system-2] TRACE i.a.p.backup.roles.PrimaryRole - PrimaryRole{system-partition-1}{role=PRIMARY} - Received ExecuteRequest{session=-3929230760396962268, node=3, primitive=PrimitiveDescriptor{name=atomix-primary-elector, type=PRIMARY_ELECTOR, backups=1, replication=ASYNCHRONOUS}, operation=PrimitiveOperation{id=DefaultOperationId{id=ENTER, type=COMMAND}, value=byte[]{length=28, hash=-541850673}}}
00:17:00.718 [atomix-system-10] INFO  i.a.p.b.p.i.PrimaryBackupPartitionClient - Successfully started client for PartitionId{id=28, group=data}
00:17:00.718 [atomix-system-7] TRACE i.a.p.b.s.PrimaryBackupSessionClient - SessionClient{system-partition-1}{type=PRIMARY_ELECTOR, name=atomix-primary-elector} - Received PrimitiveEvent{type=change, value=byte[]{length=48, hash=-1705634245}}
00:17:00.718 [atomix-system-10] INFO  i.a.p.b.p.i.PrimaryBackupPartitionServer - Successfully started server for PartitionId{id=65, group=data}
00:17:00.718 [atomix-system-2] TRACE i.a.p.backup.roles.PrimaryRole - PrimaryRole{system-partition-1}{role=PRIMARY} - Sending ExecuteResponse{status=OK, result=byte[]{length=25, hash=-30123036}}
00:17:00.718 [atomix-system-10] INFO  i.a.p.b.p.i.PrimaryBackupPartitionClient - Successfully started client for PartitionId{id=65, group=data}
00:17:00.718 [atomix-system-2] TRACE i.a.p.b.impl.PrimaryBackupSession - PrimaryBackupSession{system-partition-1}{session=-3929230760396962268} - Sending PrimitiveEvent{type=change, value=byte[]{length=48, hash=1141067957}} to 3
00:17:00.718 [atomix-system-10] INFO  i.a.p.b.p.i.PrimaryBackupPartitionServer - Successfully started server for PartitionId{id=32, group=data}
00:17:00.718 [atomix-system-15] TRACE i.a.p.b.s.PrimaryBackupSessionClient - SessionClient{system-partition-1}{type=PRIMARY_ELECTOR, name=atomix-primary-elector} - Received ExecuteResponse{status=OK, result=byte[]{length=25, hash=-30123036}}
00:17:00.718 [atomix-system-2] TRACE i.a.p.backup.roles.PrimaryRole - PrimaryRole{system-partition-1}{role=PRIMARY} - Received ExecuteRequest{session=-3929230760396962268, node=3, primitive=PrimitiveDescriptor{name=atomix-primary-elector, type=PRIMARY_ELECTOR, backups=1, replication=ASYNCHRONOUS}, operation=PrimitiveOperation{id=DefaultOperationId{id=ENTER, type=COMMAND}, value=byte[]{length=28, hash=-541850739}}}
00:17:00.718 [atomix-system-10] INFO  i.a.p.b.p.i.PrimaryBackupPartitionClient - Successfully started client for PartitionId{id=32, group=data}
00:17:00.718 [atomix-system-15] TRACE i.a.p.b.s.PrimaryBackupSessionClient - SessionClient{system-partition-1}{type=PRIMARY_ELECTOR, name=atomix-primary-elector} - Received PrimitiveEvent{type=change, value=byte[]{length=48, hash=1141067957}}
00:17:00.718 [atomix-system-10] INFO  i.a.p.b.p.i.PrimaryBackupPartitionServer - Successfully started server for PartitionId{id=3, group=data}
00:17:00.718 [atomix-system-2] TRACE i.a.p.backup.roles.PrimaryRole - PrimaryRole{system-partition-1}{role=PRIMARY} - Sending ExecuteResponse{status=OK, result=byte[]{length=25, hash=-30123036}}
00:17:00.719 [atomix-system-10] INFO  i.a.p.b.p.i.PrimaryBackupPartitionClient - Successfully started client for PartitionId{id=3, group=data}
00:17:00.719 [atomix-system-10] INFO  i.a.p.b.p.i.PrimaryBackupPartitionServer - Successfully started server for PartitionId{id=69, group=data}
00:17:00.719 [atomix-system-2] TRACE i.a.p.backup.roles.PrimaryRole - PrimaryRole{system-partition-1}{role=PRIMARY} - Received ExecuteRequest{session=-3929230760396962268, node=3, primitive=PrimitiveDescriptor{name=atomix-primary-elector, type=PRIMARY_ELECTOR, backups=1, replication=ASYNCHRONOUS}, operation=PrimitiveOperation{id=DefaultOperationId{id=ENTER, type=COMMAND}, value=byte[]{length=28, hash=-541850665}}}
00:17:00.719 [atomix-system-5] TRACE i.a.p.b.s.PrimaryBackupSessionClient - SessionClient{system-partition-1}{type=PRIMARY_ELECTOR, name=atomix-primary-elector} - Received ExecuteResponse{status=OK, result=byte[]{length=25, hash=-30123036}}
00:17:00.719 [atomix-system-10] INFO  i.a.p.b.p.i.PrimaryBackupPartitionClient - Successfully started client for PartitionId{id=69, group=data}
00:17:00.719 [atomix-system-2] TRACE i.a.p.backup.roles.PrimaryRole - PrimaryRole{system-partition-1}{role=PRIMARY} - Sending ExecuteResponse{status=OK, result=byte[]{length=25, hash=-30123036}}
00:17:00.719 [atomix-system-10] INFO  i.a.p.b.p.i.PrimaryBackupPartitionServer - Successfully started server for PartitionId{id=36, group=data}
00:17:00.719 [atomix-system-10] INFO  i.a.p.b.p.i.PrimaryBackupPartitionClient - Successfully started client for PartitionId{id=36, group=data}
00:17:00.719 [atomix-system-2] TRACE i.a.p.b.impl.PrimaryBackupSession - PrimaryBackupSession{system-partition-1}{session=-3929230760396962268} - Sending PrimitiveEvent{type=change, value=byte[]{length=49, hash=1576040926}} to 3
00:17:00.719 [atomix-system-1] TRACE i.a.p.b.s.PrimaryBackupSessionClient - SessionClient{system-partition-1}{type=PRIMARY_ELECTOR, name=atomix-primary-elector} - Received ExecuteResponse{status=OK, result=byte[]{length=25, hash=-30123036}}
00:17:00.719 [atomix-system-10] INFO  i.a.p.b.p.i.PrimaryBackupPartitionServer - Successfully started server for PartitionId{id=7, group=data}
00:17:00.719 [atomix-system-2] TRACE i.a.p.backup.roles.PrimaryRole - PrimaryRole{system-partition-1}{role=PRIMARY} - Received ExecuteRequest{session=-3929230760396962268, node=3, primitive=PrimitiveDescriptor{name=atomix-primary-elector, type=PRIMARY_ELECTOR, backups=1, replication=ASYNCHRONOUS}, operation=PrimitiveOperation{id=DefaultOperationId{id=ENTER, type=COMMAND}, value=byte[]{length=28, hash=-541850731}}}
00:17:00.719 [atomix-system-1] TRACE i.a.p.b.s.PrimaryBackupSessionClient - SessionClient{system-partition-1}{type=PRIMARY_ELECTOR, name=atomix-primary-elector} - Received PrimitiveEvent{type=change, value=byte[]{length=49, hash=1576040926}}
00:17:00.719 [atomix-system-10] INFO  i.a.p.b.p.i.PrimaryBackupPartitionClient - Successfully started client for PartitionId{id=7, group=data}
00:17:00.719 [atomix-system-2] TRACE i.a.p.backup.roles.PrimaryRole - PrimaryRole{system-partition-1}{role=PRIMARY} - Sending ExecuteResponse{status=OK, result=byte[]{length=25, hash=-30123036}}
00:17:00.719 [atomix-system-10] INFO  i.a.p.b.p.i.PrimaryBackupPartitionServer - Successfully started server for PartitionId{id=40, group=data}
00:17:00.719 [atomix-system-10] INFO  i.a.p.b.p.i.PrimaryBackupPartitionClient - Successfully started client for PartitionId{id=40, group=data}
00:17:00.719 [atomix-system-2] TRACE i.a.p.backup.roles.PrimaryRole - PrimaryRole{system-partition-1}{role=PRIMARY} - Received ExecuteRequest{session=-3929230760396962268, node=3, primitive=PrimitiveDescriptor{name=atomix-primary-elector, type=PRIMARY_ELECTOR, backups=1, replication=ASYNCHRONOUS}, operation=PrimitiveOperation{id=DefaultOperationId{id=ENTER, type=COMMAND}, value=byte[]{length=28, hash=-541850657}}}
00:17:00.719 [atomix-system-10] INFO  i.a.p.b.p.i.PrimaryBackupPartitionServer - Successfully started server for PartitionId{id=11, group=data}
00:17:00.719 [atomix-system-0] TRACE i.a.p.b.s.PrimaryBackupSessionClient - SessionClient{system-partition-1}{type=PRIMARY_ELECTOR, name=atomix-primary-elector} - Received ExecuteResponse{status=OK, result=byte[]{length=25, hash=-30123036}}
00:17:00.719 [atomix-system-10] INFO  i.a.p.b.p.i.PrimaryBackupPartitionClient - Successfully started client for PartitionId{id=11, group=data}
00:17:00.719 [atomix-system-2] TRACE i.a.p.backup.roles.PrimaryRole - PrimaryRole{system-partition-1}{role=PRIMARY} - Sending ExecuteResponse{status=OK, result=byte[]{length=25, hash=-30123036}}
00:17:00.719 [atomix-system-10] INFO  i.a.p.b.p.i.PrimaryBackupPartitionServer - Successfully started server for PartitionId{id=45, group=data}
00:17:00.719 [atomix-system-10] INFO  i.a.p.b.p.i.PrimaryBackupPartitionClient - Successfully started client for PartitionId{id=45, group=data}
00:17:00.719 [atomix-system-2] TRACE i.a.p.b.impl.PrimaryBackupSession - PrimaryBackupSession{system-partition-1}{session=-3929230760396962268} - Sending PrimitiveEvent{type=change, value=byte[]{length=48, hash=-829426197}} to 3
00:17:00.719 [atomix-system-9] TRACE i.a.p.b.s.PrimaryBackupSessionClient - SessionClient{system-partition-1}{type=PRIMARY_ELECTOR, name=atomix-primary-elector} - Received ExecuteResponse{status=OK, result=byte[]{length=25, hash=-30123036}}
00:17:00.719 [atomix-system-10] INFO  i.a.p.b.p.i.PrimaryBackupPartitionServer - Successfully started server for PartitionId{id=12, group=data}
00:17:00.720 [atomix-system-2] TRACE i.a.p.backup.roles.PrimaryRole - PrimaryRole{system-partition-1}{role=PRIMARY} - Received ExecuteRequest{session=-3929230760396962268, node=3, primitive=PrimitiveDescriptor{name=atomix-primary-elector, type=PRIMARY_ELECTOR, backups=1, replication=ASYNCHRONOUS}, operation=PrimitiveOperation{id=DefaultOperationId{id=ENTER, type=COMMAND}, value=byte[]{length=28, hash=-541850723}}}
00:17:00.720 [atomix-system-9] TRACE i.a.p.b.s.PrimaryBackupSessionClient - SessionClient{system-partition-1}{type=PRIMARY_ELECTOR, name=atomix-primary-elector} - Received PrimitiveEvent{type=change, value=byte[]{length=48, hash=-829426197}}
00:17:00.720 [atomix-system-10] INFO  i.a.p.b.p.i.PrimaryBackupPartitionClient - Successfully started client for PartitionId{id=12, group=data}
00:17:00.720 [atomix-system-2] TRACE i.a.p.backup.roles.PrimaryRole - PrimaryRole{system-partition-1}{role=PRIMARY} - Sending ExecuteResponse{status=OK, result=byte[]{length=25, hash=-30123036}}
00:17:00.720 [atomix-system-10] INFO  i.a.p.b.p.i.PrimaryBackupPartitionServer - Successfully started server for PartitionId{id=49, group=data}
00:17:00.720 [atomix-system-10] INFO  i.a.p.b.p.i.PrimaryBackupPartitionClient - Successfully started client for PartitionId{id=49, group=data}
00:17:00.720 [atomix-system-2] TRACE i.a.p.b.impl.PrimaryBackupSession - PrimaryBackupSession{system-partition-1}{session=-3929230760396962268} - Sending PrimitiveEvent{type=change, value=byte[]{length=48, hash=-700224147}} to 3
00:17:00.720 [atomix-system-14] TRACE i.a.p.b.s.PrimaryBackupSessionClient - SessionClient{system-partition-1}{type=PRIMARY_ELECTOR, name=atomix-primary-elector} - Received ExecuteResponse{status=OK, result=byte[]{length=25, hash=-30123036}}
00:17:00.720 [atomix-system-10] INFO  i.a.p.b.p.i.PrimaryBackupPartitionServer - Successfully started server for PartitionId{id=16, group=data}
00:17:00.720 [atomix-system-2] TRACE i.a.p.b.impl.PrimaryBackupSession - PrimaryBackupSession{system-partition-1}{session=-3929230760396962268} - Sending PrimitiveEvent{type=change, value=byte[]{length=49, hash=-473827292}} to 3
00:17:00.720 [atomix-system-14] TRACE i.a.p.b.s.PrimaryBackupSessionClient - SessionClient{system-partition-1}{type=PRIMARY_ELECTOR, name=atomix-primary-elector} - Received PrimitiveEvent{type=change, value=byte[]{length=48, hash=-700224147}}
00:17:00.720 [atomix-system-10] INFO  i.a.p.b.p.i.PrimaryBackupPartitionClient - Successfully started client for PartitionId{id=16, group=data}
00:17:00.720 [atomix-system-2] TRACE i.a.p.b.impl.PrimaryBackupSession - PrimaryBackupSession{system-partition-1}{session=-3929230760396962268} - Sending PrimitiveEvent{type=change, value=byte[]{length=48, hash=1495046945}} to 3
00:17:00.720 [atomix-system-14] TRACE i.a.p.b.s.PrimaryBackupSessionClient - SessionClient{system-partition-1}{type=PRIMARY_ELECTOR, name=atomix-primary-elector} - Received PrimitiveEvent{type=change, value=byte[]{length=49, hash=-473827292}}
00:17:00.720 [atomix-system-10] INFO  i.a.p.b.p.i.PrimaryBackupPartitionServer - Successfully started server for PartitionId{id=53, group=data}
00:17:00.720 [atomix-system-2] TRACE i.a.p.b.impl.PrimaryBackupSession - PrimaryBackupSession{system-partition-1}{session=-3929230760396962268} - Sending PrimitiveEvent{type=change, value=byte[]{length=48, hash=1624248995}} to 3
00:17:00.720 [atomix-system-14] TRACE i.a.p.b.s.PrimaryBackupSessionClient - SessionClient{system-partition-1}{type=PRIMARY_ELECTOR, name=atomix-primary-elector} - Received PrimitiveEvent{type=change, value=byte[]{length=48, hash=1495046945}}
00:17:00.720 [atomix-system-10] INFO  i.a.p.b.p.i.PrimaryBackupPartitionClient - Successfully started client for PartitionId{id=53, group=data}
00:17:00.720 [atomix-system-2] TRACE i.a.p.b.impl.PrimaryBackupSession - PrimaryBackupSession{system-partition-1}{session=-3929230760396962268} - Sending PrimitiveEvent{type=change, value=byte[]{length=48, hash=-740611945}} to 3
00:17:00.720 [atomix-system-14] TRACE i.a.p.b.s.PrimaryBackupSessionClient - SessionClient{system-partition-1}{type=PRIMARY_ELECTOR, name=atomix-primary-elector} - Received PrimitiveEvent{type=change, value=byte[]{length=48, hash=1624248995}}
00:17:00.720 [atomix-system-10] INFO  i.a.p.b.p.i.PrimaryBackupPartitionServer - Successfully started server for PartitionId{id=20, group=data}
00:17:00.720 [atomix-system-2] TRACE i.a.p.b.impl.PrimaryBackupSession - PrimaryBackupSession{system-partition-1}{session=-3929230760396962268} - Sending PrimitiveEvent{type=change, value=byte[]{length=48, hash=-869813995}} to 3
00:17:00.720 [atomix-system-14] TRACE i.a.p.b.s.PrimaryBackupSessionClient - SessionClient{system-partition-1}{type=PRIMARY_ELECTOR, name=atomix-primary-elector} - Received PrimitiveEvent{type=change, value=byte[]{length=48, hash=-740611945}}
00:17:00.720 [atomix-system-10] INFO  i.a.p.b.p.i.PrimaryBackupPartitionClient - Successfully started client for PartitionId{id=20, group=data}
00:17:00.720 [atomix-system-14] TRACE i.a.p.b.s.PrimaryBackupSessionClient - SessionClient{system-partition-1}{type=PRIMARY_ELECTOR, name=atomix-primary-elector} - Received PrimitiveEvent{type=change, value=byte[]{length=48, hash=-869813995}}
00:17:00.720 [atomix-system-2] TRACE i.a.p.b.impl.PrimaryBackupSession - PrimaryBackupSession{system-partition-1}{session=-3929230760396962268} - Sending PrimitiveEvent{type=change, value=byte[]{length=48, hash=1976888207}} to 3
00:17:00.720 [atomix-system-10] INFO  i.a.p.b.p.i.PrimaryBackupPartitionServer - Successfully started server for PartitionId{id=57, group=data}
00:17:00.720 [atomix-system-10] INFO  i.a.p.b.p.i.PrimaryBackupPartitionClient - Successfully started client for PartitionId{id=57, group=data}
00:17:00.720 [atomix-system-2] TRACE i.a.p.b.impl.PrimaryBackupSession - PrimaryBackupSession{system-partition-1}{session=-3929230760396962268} - Sending PrimitiveEvent{type=change, value=byte[]{length=48, hash=1847686157}} to 3
00:17:00.720 [atomix-system-8] TRACE i.a.p.b.s.PrimaryBackupSessionClient - SessionClient{system-partition-1}{type=PRIMARY_ELECTOR, name=atomix-primary-elector} - Received PrimitiveEvent{type=change, value=byte[]{length=48, hash=1976888207}}
00:17:00.721 [atomix-system-10] INFO  i.a.p.b.p.i.PrimaryBackupPartitionServer - Successfully started server for PartitionId{id=24, group=data}
00:17:00.721 [atomix-system-2] TRACE i.a.p.b.impl.PrimaryBackupSession - PrimaryBackupSession{system-partition-1}{session=-3929230760396962268} - Sending PrimitiveEvent{type=change, value=byte[]{length=48, hash=6394053}} to 3
00:17:00.721 [atomix-system-8] TRACE i.a.p.b.s.PrimaryBackupSessionClient - SessionClient{system-partition-1}{type=PRIMARY_ELECTOR, name=atomix-primary-elector} - Received PrimitiveEvent{type=change, value=byte[]{length=48, hash=1847686157}}
00:17:00.721 [atomix-system-10] INFO  i.a.p.b.p.i.PrimaryBackupPartitionClient - Successfully started client for PartitionId{id=24, group=data}
00:17:00.721 [atomix-system-10] INFO  i.a.p.b.p.PrimaryBackupPartitionGroup - Started
00:17:00.721 [atomix-system-10] INFO  i.a.p.p.impl.DefaultPartitionService - Started
00:17:00.721 [atomix-system-2] TRACE i.a.p.b.impl.PrimaryBackupSession - PrimaryBackupSession{system-partition-1}{session=-3929230760396962268} - Sending PrimitiveEvent{type=change, value=byte[]{length=48, hash=-122807997}} to 3
00:17:00.721 [atomix-system-4] TRACE i.a.p.b.s.PrimaryBackupSessionClient - SessionClient{system-partition-1}{type=PRIMARY_ELECTOR, name=atomix-primary-elector} - Received PrimitiveEvent{type=change, value=byte[]{length=48, hash=6394053}}
00:17:00.721 [atomix-system-2] TRACE i.a.p.b.impl.PrimaryBackupSession - PrimaryBackupSession{system-partition-1}{session=-3929230760396962268} - Sending PrimitiveEvent{type=change, value=byte[]{length=48, hash=-1571073091}} to 3
00:17:00.721 [atomix-system-4] TRACE i.a.p.b.s.PrimaryBackupSessionClient - SessionClient{system-partition-1}{type=PRIMARY_ELECTOR, name=atomix-primary-elector} - Received PrimitiveEvent{type=change, value=byte[]{length=48, hash=-122807997}}
00:17:00.721 [atomix-system-2] TRACE i.a.p.b.impl.PrimaryBackupSession - PrimaryBackupSession{system-partition-1}{session=-3929230760396962268} - Sending PrimitiveEvent{type=change, value=byte[]{length=48, hash=-2093302151}} to 3
00:17:00.721 [atomix-system-4] TRACE i.a.p.b.s.PrimaryBackupSessionClient - SessionClient{system-partition-1}{type=PRIMARY_ELECTOR, name=atomix-primary-elector} - Received PrimitiveEvent{type=change, value=byte[]{length=48, hash=-1571073091}}
00:17:00.721 [atomix-system-2] TRACE i.a.p.b.impl.PrimaryBackupSession - PrimaryBackupSession{system-partition-1}{session=-3929230760396962268} - Sending PrimitiveEvent{type=change, value=byte[]{length=48, hash=232510767}} to 3
00:17:00.721 [atomix-system-4] TRACE i.a.p.b.s.PrimaryBackupSessionClient - SessionClient{system-partition-1}{type=PRIMARY_ELECTOR, name=atomix-primary-elector} - Received PrimitiveEvent{type=change, value=byte[]{length=48, hash=-2093302151}}
00:17:00.721 [atomix-system-2] TRACE i.a.p.b.impl.PrimaryBackupSession - PrimaryBackupSession{system-partition-1}{session=-3929230760396962268} - Sending PrimitiveEvent{type=change, value=byte[]{length=48, hash=361712817}} to 3
00:17:00.721 [atomix-system-4] TRACE i.a.p.b.s.PrimaryBackupSessionClient - SessionClient{system-partition-1}{type=PRIMARY_ELECTOR, name=atomix-primary-elector} - Received PrimitiveEvent{type=change, value=byte[]{length=48, hash=232510767}}
00:17:00.721 [atomix-system-2] TRACE i.a.p.b.impl.PrimaryBackupSession - PrimaryBackupSession{system-partition-1}{session=-3929230760396962268} - Sending PrimitiveEvent{type=change, value=byte[]{length=49, hash=-1441652656}} to 3
00:17:00.721 [atomix-system-4] TRACE i.a.p.b.s.PrimaryBackupSessionClient - SessionClient{system-partition-1}{type=PRIMARY_ELECTOR, name=atomix-primary-elector} - Received PrimitiveEvent{type=change, value=byte[]{length=48, hash=361712817}}
00:17:00.722 [atomix-system-2] TRACE i.a.p.b.impl.PrimaryBackupSession - PrimaryBackupSession{system-partition-1}{session=-3929230760396962268} - Sending PrimitiveEvent{type=change, value=byte[]{length=48, hash=-1608781337}} to 3
00:17:00.722 [atomix-system-4] TRACE i.a.p.b.s.PrimaryBackupSessionClient - SessionClient{system-partition-1}{type=PRIMARY_ELECTOR, name=atomix-primary-elector} - Received PrimitiveEvent{type=change, value=byte[]{length=49, hash=-1441652656}}
00:17:00.722 [atomix-system-2] TRACE i.a.p.b.impl.PrimaryBackupSession - PrimaryBackupSession{system-partition-1}{session=-3929230760396962268} - Sending PrimitiveEvent{type=change, value=byte[]{length=48, hash=844893855}} to 3
00:17:00.722 [atomix-system-4] TRACE i.a.p.b.s.PrimaryBackupSessionClient - SessionClient{system-partition-1}{type=PRIMARY_ELECTOR, name=atomix-primary-elector} - Received PrimitiveEvent{type=change, value=byte[]{length=48, hash=-1608781337}}
00:17:00.722 [atomix-system-2] TRACE i.a.p.b.impl.PrimaryBackupSession - PrimaryBackupSession{system-partition-1}{session=-3929230760396962268} - Sending PrimitiveEvent{type=change, value=byte[]{length=49, hash=410419412}} to 3
00:17:00.722 [atomix-system-4] TRACE i.a.p.b.s.PrimaryBackupSessionClient - SessionClient{system-partition-1}{type=PRIMARY_ELECTOR, name=atomix-primary-elector} - Received PrimitiveEvent{type=change, value=byte[]{length=48, hash=844893855}}
00:17:00.722 [atomix-system-2] TRACE i.a.p.b.impl.PrimaryBackupSession - PrimaryBackupSession{system-partition-1}{session=-3929230760396962268} - Sending PrimitiveEvent{type=change, value=byte[]{length=48, hash=715691805}} to 3
00:17:00.722 [atomix-system-4] TRACE i.a.p.b.s.PrimaryBackupSessionClient - SessionClient{system-partition-1}{type=PRIMARY_ELECTOR, name=atomix-primary-elector} - Received PrimitiveEvent{type=change, value=byte[]{length=49, hash=410419412}}
00:17:00.722 [atomix-system-2] TRACE i.a.p.b.impl.PrimaryBackupSession - PrimaryBackupSession{system-partition-1}{session=-3929230760396962268} - Sending PrimitiveEvent{type=change, value=byte[]{length=48, hash=-1125600299}} to 3
00:17:00.722 [atomix-system-4] TRACE i.a.p.b.s.PrimaryBackupSessionClient - SessionClient{system-partition-1}{type=PRIMARY_ELECTOR, name=atomix-primary-elector} - Received PrimitiveEvent{type=change, value=byte[]{length=48, hash=715691805}}
00:17:00.722 [atomix-system-2] TRACE i.a.p.b.impl.PrimaryBackupSession - PrimaryBackupSession{system-partition-1}{session=-3929230760396962268} - Sending PrimitiveEvent{type=change, value=byte[]{length=48, hash=-1647829359}} to 3
00:17:00.722 [atomix-system-4] TRACE i.a.p.b.s.PrimaryBackupSessionClient - SessionClient{system-partition-1}{type=PRIMARY_ELECTOR, name=atomix-primary-elector} - Received PrimitiveEvent{type=change, value=byte[]{length=48, hash=-1125600299}}
00:17:00.722 [atomix-system-2] TRACE i.a.p.b.impl.PrimaryBackupSession - PrimaryBackupSession{system-partition-1}{session=-3929230760396962268} - Sending PrimitiveEvent{type=change, value=byte[]{length=48, hash=1198872843}} to 3
00:17:00.722 [atomix-system-4] TRACE i.a.p.b.s.PrimaryBackupSessionClient - SessionClient{system-partition-1}{type=PRIMARY_ELECTOR, name=atomix-primary-elector} - Received PrimitiveEvent{type=change, value=byte[]{length=48, hash=-1647829359}}
00:17:00.722 [atomix-system-2] TRACE i.a.p.b.impl.PrimaryBackupSession - PrimaryBackupSession{system-partition-1}{session=-3929230760396962268} - Sending PrimitiveEvent{type=change, value=byte[]{length=48, hash=675304007}} to 3
00:17:00.722 [atomix-system-4] TRACE i.a.p.b.s.PrimaryBackupSessionClient - SessionClient{system-partition-1}{type=PRIMARY_ELECTOR, name=atomix-primary-elector} - Received PrimitiveEvent{type=change, value=byte[]{length=48, hash=1198872843}}
00:17:00.722 [atomix-system-2] TRACE i.a.p.b.impl.PrimaryBackupSession - PrimaryBackupSession{system-partition-1}{session=-3929230760396962268} - Sending PrimitiveEvent{type=change, value=byte[]{length=48, hash=411479047}} to 3
00:17:00.722 [atomix-system-4] TRACE i.a.p.b.s.PrimaryBackupSessionClient - SessionClient{system-partition-1}{type=PRIMARY_ELECTOR, name=atomix-primary-elector} - Received PrimitiveEvent{type=change, value=byte[]{length=48, hash=675304007}}
00:17:00.722 [atomix-system-2] TRACE i.a.p.b.impl.PrimaryBackupSession - PrimaryBackupSession{system-partition-1}{session=-3929230760396962268} - Sending PrimitiveEvent{type=change, value=byte[]{length=48, hash=-1295190147}} to 3
00:17:00.722 [atomix-system-4] TRACE i.a.p.b.s.PrimaryBackupSessionClient - SessionClient{system-partition-1}{type=PRIMARY_ELECTOR, name=atomix-primary-elector} - Received PrimitiveEvent{type=change, value=byte[]{length=48, hash=411479047}}
00:17:00.722 [atomix-system-2] TRACE i.a.p.b.impl.PrimaryBackupSession - PrimaryBackupSession{system-partition-1}{session=-3929230760396962268} - Sending PrimitiveEvent{type=change, value=byte[]{length=48, hash=-1165988097}} to 3
00:17:00.722 [atomix-system-4] TRACE i.a.p.b.s.PrimaryBackupSessionClient - SessionClient{system-partition-1}{type=PRIMARY_ELECTOR, name=atomix-primary-elector} - Received PrimitiveEvent{type=change, value=byte[]{length=48, hash=-1295190147}}
00:17:00.722 [atomix-system-2] TRACE i.a.p.b.impl.PrimaryBackupSession - PrimaryBackupSession{system-partition-1}{session=-3929230760396962268} - Sending PrimitiveEvent{type=change, value=byte[]{length=48, hash=1029282995}} to 3
00:17:00.722 [atomix-system-4] TRACE i.a.p.b.s.PrimaryBackupSessionClient - SessionClient{system-partition-1}{type=PRIMARY_ELECTOR, name=atomix-primary-elector} - Received PrimitiveEvent{type=change, value=byte[]{length=48, hash=-1165988097}}
00:17:00.722 [atomix-system-2] TRACE i.a.p.b.impl.PrimaryBackupSession - PrimaryBackupSession{system-partition-1}{session=-3929230760396962268} - Sending PrimitiveEvent{type=change, value=byte[]{length=48, hash=1158485045}} to 3
00:17:00.722 [atomix-system-4] TRACE i.a.p.b.s.PrimaryBackupSessionClient - SessionClient{system-partition-1}{type=PRIMARY_ELECTOR, name=atomix-primary-elector} - Received PrimitiveEvent{type=change, value=byte[]{length=48, hash=1029282995}}
00:17:00.723 [atomix-system-2] TRACE i.a.p.b.impl.PrimaryBackupSession - PrimaryBackupSession{system-partition-1}{session=-3929230760396962268} - Sending PrimitiveEvent{type=change, value=byte[]{length=48, hash=-548184149}} to 3
00:17:00.723 [atomix-system-4] TRACE i.a.p.b.s.PrimaryBackupSessionClient - SessionClient{system-partition-1}{type=PRIMARY_ELECTOR, name=atomix-primary-elector} - Received PrimitiveEvent{type=change, value=byte[]{length=48, hash=1158485045}}
00:17:00.723 [atomix-system-2] TRACE i.a.p.b.impl.PrimaryBackupSession - PrimaryBackupSession{system-partition-1}{session=-3929230760396962268} - Sending PrimitiveEvent{type=change, value=byte[]{length=48, hash=-812009109}} to 3
00:17:00.723 [atomix-system-4] TRACE i.a.p.b.s.PrimaryBackupSessionClient - SessionClient{system-partition-1}{type=PRIMARY_ELECTOR, name=atomix-primary-elector} - Received PrimitiveEvent{type=change, value=byte[]{length=48, hash=-548184149}}
00:17:00.723 [atomix-system-4] TRACE i.a.p.b.s.PrimaryBackupSessionClient - SessionClient{system-partition-1}{type=PRIMARY_ELECTOR, name=atomix-primary-elector} - Received PrimitiveEvent{type=change, value=byte[]{length=48, hash=-812009109}}
00:17:00.726 [atomix-system-15] TRACE i.a.p.b.s.PrimaryBackupSessionClient - SessionClient{system-partition-1}{type=consistent-map, name=primitives} - Sending ExecuteRequest{session=3671813663619727830, node=3, primitive=PrimitiveDescriptor{name=primitives, type=consistent-map, backups=2, replication=SYNCHRONOUS}, operation=PrimitiveOperation{id=DefaultOperationId{id=putIfAbsentWithTtl, type=COMMAND}, value=byte[]{length=45, hash=-655357269}}} to GroupMember{memberId=3, groupId=3}
00:17:00.730 [atomix-system-15] DEBUG i.a.p.b.s.i.PrimaryBackupServiceContext - PrimitiveService{system-partition-1}{type=consistent-map, name=primitives} - Term changed: PrimaryTerm{term=2, primary=GroupMember{memberId=3, groupId=3}, candidates=[GroupMember{memberId=1, groupId=1}, GroupMember{memberId=2, groupId=2}]}
00:17:00.730 [atomix-system-15] DEBUG i.a.p.b.s.i.PrimaryBackupServiceContext - PrimitiveService{system-partition-1}{type=consistent-map, name=primitives} - 3 transitioning to PRIMARY
00:17:00.730 [atomix-system-15] TRACE i.a.p.backup.roles.PrimaryRole - PrimaryRole{system-partition-1}{role=PRIMARY} - Received ExecuteRequest{session=3671813663619727830, node=3, primitive=PrimitiveDescriptor{name=primitives, type=consistent-map, backups=2, replication=SYNCHRONOUS}, operation=PrimitiveOperation{id=DefaultOperationId{id=putIfAbsentWithTtl, type=COMMAND}, value=byte[]{length=45, hash=-655357269}}}
00:17:00.730 [atomix-system-15] TRACE i.a.p.backup.roles.PrimaryRole - PrimaryRole{system-partition-1}{role=PRIMARY} - Sending BackupRequest{primary=3, term=2, index=0, primitive=PrimitiveDescriptor{name=primitives, type=consistent-map, backups=2, replication=SYNCHRONOUS}, operations=[ExecuteOperation{index=1, timestamp=1528669020730, session=3671813663619727830, node=3, operation=PrimitiveOperation{id=DefaultOperationId{id=putIfAbsentWithTtl, type=COMMAND}, value=byte[]{length=45, hash=-655357269}}}]} to 1
00:17:00.730 [atomix-system-15] TRACE i.a.p.backup.roles.PrimaryRole - PrimaryRole{system-partition-1}{role=PRIMARY} - Sending BackupRequest{primary=3, term=2, index=0, primitive=PrimitiveDescriptor{name=primitives, type=consistent-map, backups=2, replication=SYNCHRONOUS}, operations=[ExecuteOperation{index=1, timestamp=1528669020730, session=3671813663619727830, node=3, operation=PrimitiveOperation{id=DefaultOperationId{id=putIfAbsentWithTtl, type=COMMAND}, value=byte[]{length=45, hash=-655357269}}}]} to 2
00:17:00.731 [atomix-system-4] TRACE i.a.p.backup.roles.BackupRole - BackupRole{system-partition-1}{role=BACKUP} - Received BackupRequest{primary=3, term=2, index=0, primitive=PrimitiveDescriptor{name=primitives, type=consistent-map, backups=2, replication=SYNCHRONOUS}, operations=[ExecuteOperation{index=1, timestamp=1528669020730, session=3671813663619727830, node=3, operation=PrimitiveOperation{id=DefaultOperationId{id=putIfAbsentWithTtl, type=COMMAND}, value=byte[]{length=45, hash=-655357269}}}]}
00:17:00.731 [atomix-system-6] TRACE i.a.p.backup.roles.BackupRole - BackupRole{system-partition-1}{role=BACKUP} - Received BackupRequest{primary=3, term=2, index=0, primitive=PrimitiveDescriptor{name=primitives, type=consistent-map, backups=2, replication=SYNCHRONOUS}, operations=[ExecuteOperation{index=1, timestamp=1528669020730, session=3671813663619727830, node=3, operation=PrimitiveOperation{id=DefaultOperationId{id=putIfAbsentWithTtl, type=COMMAND}, value=byte[]{length=45, hash=-655357269}}}]}
00:17:00.731 [atomix-system-7] TRACE i.a.p.backup.roles.PrimaryRole - PrimaryRole{system-partition-1}{role=PRIMARY} - Received BackupResponse{status=ERROR} from 1
00:17:00.731 [atomix-system-7] TRACE i.a.p.backup.roles.PrimaryRole - PrimaryRole{system-partition-1}{role=PRIMARY} - Replication to 1 failed!
00:17:00.731 [atomix-system-7] TRACE i.a.p.backup.roles.PrimaryRole - PrimaryRole{system-partition-1}{role=PRIMARY} - Received BackupResponse{status=ERROR} from 2
00:17:00.731 [atomix-system-7] TRACE i.a.p.backup.roles.PrimaryRole - PrimaryRole{system-partition-1}{role=PRIMARY} - Replication to 2 failed!
00:17:00.747 [atomix-system-8] TRACE i.a.p.backup.roles.PrimaryRole - PrimaryRole{system-partition-1}{role=PRIMARY} - Sending BackupRequest{primary=3, term=2, index=71, primitive=PrimitiveDescriptor{name=atomix-primary-elector, type=PRIMARY_ELECTOR, backups=1, replication=ASYNCHRONOUS}, operations=[ExecuteOperation{index=1, timestamp=1528669020697, session=-3929230760396962268, node=3, operation=PrimitiveOperation{id=DefaultOperationId{id=ENTER, type=COMMAND}, value=byte[]{length=28, hash=-541850651}}}, ExecuteOperation{index=2, timestamp=1528669020697, session=-3929230760396962268, node=3, operation=PrimitiveOperation{id=DefaultOperationId{id=ENTER, type=COMMAND}, value=byte[]{length=28, hash=-541850709}}}, ExecuteOperation{index=3, timestamp=1528669020698, session=-3929230760396962268, node=3, operation=PrimitiveOperation{id=DefaultOperationId{id=ENTER, type=COMMAND}, value=byte[]{length=29, hash=382491316}}}, ExecuteOperation{index=4, timestamp=1528669020698, session=-3929230760396962268, node=3, operation=PrimitiveOperation{id=DefaultOperationId{id=ENTER, type=COMMAND}, value=byte[]{length=28, hash=-541850701}}}, ExecuteOperation{index=5, timestamp=1528669020698, session=-3929230760396962268, node=3, operation=PrimitiveOperation{id=DefaultOperationId{id=ENTER, type=COMMAND}, value=byte[]{length=28, hash=-541850767}}}, ExecuteOperation{index=6, timestamp=1528669020698, session=-3929230760396962268, node=3, operation=PrimitiveOperation{id=DefaultOperationId{id=ENTER, type=COMMAND}, value=byte[]{length=29, hash=382491564}}}, ExecuteOperation{index=7, timestamp=1528669020698, session=-3929230760396962268, node=3, operation=PrimitiveOperation{id=DefaultOperationId{id=ENTER, type=COMMAND}, value=byte[]{length=28, hash=-541850693}}}, ExecuteOperation{index=8, timestamp=1528669020699, session=-3929230760396962268, node=3, operation=PrimitiveOperation{id=DefaultOperationId{id=ENTER, type=COMMAND}, value=byte[]{length=28, hash=-541850759}}}, ExecuteOperation{index=9, timestamp=1528669020699, session=-3929230760396962268, node=3, operation=PrimitiveOperation{id=DefaultOperationId{id=ENTER, type=COMMAND}, value=byte[]{length=28, hash=-541850685}}}, ExecuteOperation{index=10, timestamp=1528669020699, session=-3929230760396962268, node=3, operation=PrimitiveOperation{id=DefaultOperationId{id=ENTER, type=COMMAND}, value=byte[]{length=28, hash=-541850751}}}, ExecuteOperation{index=11, timestamp=1528669020699, session=-3929230760396962268, node=3, operation=PrimitiveOperation{id=DefaultOperationId{id=ENTER, type=COMMAND}, value=byte[]{length=28, hash=-541850683}}}, ExecuteOperation{index=12, timestamp=1528669020699, session=-3929230760396962268, node=3, operation=PrimitiveOperation{id=DefaultOperationId{id=ENTER, type=COMMAND}, value=byte[]{length=28, hash=-541850741}}}, ExecuteOperation{index=13, timestamp=1528669020700, session=-3929230760396962268, node=3, operation=PrimitiveOperation{id=DefaultOperationId{id=ENTER, type=COMMAND}, value=byte[]{length=28, hash=-541850675}}}, ExecuteOperation{index=14, timestamp=1528669020700, session=-3929230760396962268, node=3, operation=PrimitiveOperation{id=DefaultOperationId{id=ENTER, type=COMMAND}, value=byte[]{length=28, hash=-541850733}}}, ExecuteOperation{index=15, timestamp=1528669020700, session=-3929230760396962268, node=3, operation=PrimitiveOperation{id=DefaultOperationId{id=ENTER, type=COMMAND}, value=byte[]{length=28, hash=-541850667}}}, ExecuteOperation{index=16, timestamp=1528669020700, session=-3929230760396962268, node=3, operation=PrimitiveOperation{id=DefaultOperationId{id=ENTER, type=COMMAND}, value=byte[]{length=28, hash=-541850725}}}, ExecuteOperation{index=17, timestamp=1528669020701, session=-3929230760396962268, node=3, operation=PrimitiveOperation{id=DefaultOperationId{id=ENTER, type=COMMAND}, value=byte[]{length=28, hash=-541850659}}}, ExecuteOperation{index=18, timestamp=1528669020701, session=-3929230760396962268, node=3, operation=PrimitiveOperation{id=DefaultOperationId{id=ENTER, type=COMMAND}, value=byte[]{length=28, hash=-541850717}}}, ExecuteOperation{index=19, timestamp=1528669020701, session=-3929230760396962268, node=3, operation=PrimitiveOperation{id=DefaultOperationId{id=ENTER, type=COMMAND}, value=byte[]{length=28, hash=-541850645}}}, ExecuteOperation{index=20, timestamp=1528669020701, session=-3929230760396962268, node=3, operation=PrimitiveOperation{id=DefaultOperationId{id=ENTER, type=COMMAND}, value=byte[]{length=28, hash=-541850711}}}, ExecuteOperation{index=21, timestamp=1528669020701, session=-3929230760396962268, node=3, operation=PrimitiveOperation{id=DefaultOperationId{id=ENTER, type=COMMAND}, value=byte[]{length=28, hash=-541850769}}}, ExecuteOperation{index=22, timestamp=1528669020702, session=-3929230760396962268, node=3, operation=PrimitiveOperation{id=DefaultOperationId{id=ENTER, type=COMMAND}, value=byte[]{length=29, hash=382491502}}}, ExecuteOperation{index=23, timestamp=1528669020702, session=-3929230760396962268, node=3, operation=PrimitiveOperation{id=DefaultOperationId{id=ENTER, type=COMMAND}, value=byte[]{length=28, hash=-541850703}}}, ExecuteOperation{index=24, timestamp=1528669020702, session=-3929230760396962268, node=3, operation=PrimitiveOperation{id=DefaultOperationId{id=ENTER, type=COMMAND}, value=byte[]{length=28, hash=-541850761}}}, ExecuteOperation{index=25, timestamp=1528669020702, session=-3929230760396962268, node=3, operation=PrimitiveOperation{id=DefaultOperationId{id=ENTER, type=COMMAND}, value=byte[]{length=29, hash=382491750}}}, ExecuteOperation{index=26, timestamp=1528669020703, session=-3929230760396962268, node=3, operation=PrimitiveOperation{id=DefaultOperationId{id=ENTER, type=COMMAND}, value=byte[]{length=28, hash=-541850695}}}, ExecuteOperation{index=27, timestamp=1528669020703, session=-3929230760396962268, node=3, operation=PrimitiveOperation{id=DefaultOperationId{id=ENTER, type=COMMAND}, value=byte[]{length=28, hash=-541850753}}}, ExecuteOperation{index=28, timestamp=1528669020703, session=-3929230760396962268, node=3, operation=PrimitiveOperation{id=DefaultOperationId{id=ENTER, type=COMMAND}, value=byte[]{length=28, hash=-541850687}}}, ExecuteOperation{index=29, timestamp=1528669020703, session=-3929230760396962268, node=3, operation=PrimitiveOperation{id=DefaultOperationId{id=ENTER, type=COMMAND}, value=byte[]{length=28, hash=-541850677}}}, ExecuteOperation{index=30, timestamp=1528669020704, session=-3929230760396962268, node=3, operation=PrimitiveOperation{id=DefaultOperationId{id=ENTER, type=COMMAND}, value=byte[]{length=28, hash=-541850743}}}, ExecuteOperation{index=31, timestamp=1528669020704, session=-3929230760396962268, node=3, operation=PrimitiveOperation{id=DefaultOperationId{id=ENTER, type=COMMAND}, value=byte[]{length=28, hash=-541850669}}}, ExecuteOperation{index=32, timestamp=1528669020704, session=-3929230760396962268, node=3, operation=PrimitiveOperation{id=DefaultOperationId{id=ENTER, type=COMMAND}, value=byte[]{length=28, hash=-541850735}}}, ExecuteOperation{index=33, timestamp=1528669020704, session=-3929230760396962268, node=3, operation=PrimitiveOperation{id=DefaultOperationId{id=ENTER, type=COMMAND}, value=byte[]{length=28, hash=-541850661}}}, ExecuteOperation{index=34, timestamp=1528669020705, session=-3929230760396962268, node=3, operation=PrimitiveOperation{id=DefaultOperationId{id=ENTER, type=COMMAND}, value=byte[]{length=28, hash=-541850727}}}, ExecuteOperation{index=35, timestamp=1528669020705, session=-3929230760396962268, node=3, operation=PrimitiveOperation{id=DefaultOperationId{id=ENTER, type=COMMAND}, value=byte[]{length=28, hash=-541850653}}}, ExecuteOperation{index=36, timestamp=1528669020705, session=-3929230760396962268, node=3, operation=PrimitiveOperation{id=DefaultOperationId{id=ENTER, type=COMMAND}, value=byte[]{length=28, hash=-541850719}}}, ExecuteOperation{index=37, timestamp=1528669020706, session=-3929230760396962268, node=3, operation=PrimitiveOperation{id=DefaultOperationId{id=ENTER, type=COMMAND}, value=byte[]{length=28, hash=-541850713}}}, ExecuteOperation{index=38, timestamp=1528669020706, session=-3929230760396962268, node=3, operation=PrimitiveOperation{id=DefaultOperationId{id=ENTER, type=COMMAND}, value=byte[]{length=28, hash=-541850647}}}, ExecuteOperation{index=39, timestamp=1528669020706, session=-3929230760396962268, node=3, operation=PrimitiveOperation{id=DefaultOperationId{id=ENTER, type=COMMAND}, value=byte[]{length=28, hash=-541850705}}}, ExecuteOperation{index=40, timestamp=1528669020707, session=-3929230760396962268, node=3, operation=PrimitiveOperation{id=DefaultOperationId{id=ENTER, type=COMMAND}, value=byte[]{length=29, hash=382491440}}}, ExecuteOperation{index=41, timestamp=1528669020707, session=-3929230760396962268, node=3, operation=PrimitiveOperation{id=DefaultOperationId{id=ENTER, type=COMMAND}, value=byte[]{length=28, hash=-541850697}}}, ExecuteOperation{index=42, timestamp=1528669020707, session=-3929230760396962268, node=3, operation=PrimitiveOperation{id=DefaultOperationId{id=ENTER, type=COMMAND}, value=byte[]{length=28, hash=-541850763}}}, ExecuteOperation{index=43, timestamp=1528669020708, session=-3929230760396962268, node=3, operation=PrimitiveOperation{id=DefaultOperationId{id=ENTER, type=COMMAND}, value=byte[]{length=29, hash=382491688}}}, ExecuteOperation{index=44, timestamp=1528669020708, session=-3929230760396962268, node=3, operation=PrimitiveOperation{id=DefaultOperationId{id=ENTER, type=COMMAND}, value=byte[]{length=28, hash=-541850689}}}, ExecuteOperation{index=45, timestamp=1528669020708, session=-3929230760396962268, node=3, operation=PrimitiveOperation{id=DefaultOperationId{id=ENTER, type=COMMAND}, value=byte[]{length=28, hash=-541850755}}}, ExecuteOperation{index=46, timestamp=1528669020708, session=-3929230760396962268, node=3, operation=PrimitiveOperation{id=DefaultOperationId{id=ENTER, type=COMMAND}, value=byte[]{length=28, hash=-541850745}}}, ExecuteOperation{index=47, timestamp=1528669020709, session=-3929230760396962268, node=3, operation=PrimitiveOperation{id=DefaultOperationId{id=ENTER, type=COMMAND}, value=byte[]{length=28, hash=-541850679}}}, ExecuteOperation{index=48, timestamp=1528669020709, session=-3929230760396962268, node=3, operation=PrimitiveOperation{id=DefaultOperationId{id=ENTER, type=COMMAND}, value=byte[]{length=28, hash=-541850737}}}, ExecuteOperation{index=49, timestamp=1528669020709, session=-3929230760396962268, node=3, operation=PrimitiveOperation{id=DefaultOperationId{id=ENTER, type=COMMAND}, value=byte[]{length=28, hash=-541850671}}}, ExecuteOperation{index=50, timestamp=1528669020710, session=-3929230760396962268, node=3, operation=PrimitiveOperation{id=DefaultOperationId{id=ENTER, type=COMMAND}, value=byte[]{length=28, hash=-541850729}}}, ExecuteOperation{index=51, timestamp=1528669020710, session=-3929230760396962268, node=3, operation=PrimitiveOperation{id=DefaultOperationId{id=ENTER, type=COMMAND}, value=byte[]{length=28, hash=-541850663}}}, ExecuteOperation{index=52, timestamp=1528669020710, session=-3929230760396962268, node=3, operation=PrimitiveOperation{id=DefaultOperationId{id=ENTER, type=COMMAND}, value=byte[]{length=28, hash=-541850721}}}, ExecuteOperation{index=53, timestamp=1528669020711, session=-3929230760396962268, node=3, operation=PrimitiveOperation{id=DefaultOperationId{id=ENTER, type=COMMAND}, value=byte[]{length=28, hash=-541850655}}}, ExecuteOperation{index=54, timestamp=1528669020713, session=-3929230760396962268, node=3, operation=PrimitiveOperation{id=DefaultOperationId{id=ENTER, type=COMMAND}, value=byte[]{length=28, hash=-541850649}}}, ExecuteOperation{index=55, timestamp=1528669020713, session=-3929230760396962268, node=3, operation=PrimitiveOperation{id=DefaultOperationId{id=ENTER, type=COMMAND}, value=byte[]{length=28, hash=-541850715}}}, ExecuteOperation{index=56, timestamp=1528669020713, session=-3929230760396962268, node=3, operation=PrimitiveOperation{id=DefaultOperationId{id=ENTER, type=COMMAND}, value=byte[]{length=29, hash=382491378}}}, ExecuteOperation{index=57, timestamp=1528669020714, session=-3929230760396962268, node=3, operation=PrimitiveOperation{id=DefaultOperationId{id=ENTER, type=COMMAND}, value=byte[]{length=28, hash=-541850707}}}, ExecuteOperation{index=58, timestamp=1528669020715, session=-3929230760396962268, node=3, operation=PrimitiveOperation{id=DefaultOperationId{id=ENTER, type=COMMAND}, value=byte[]{length=28, hash=-541850765}}}, ExecuteOperation{index=59, timestamp=1528669020715, session=-3929230760396962268, node=3, operation=PrimitiveOperation{id=DefaultOperationId{id=ENTER, type=COMMAND}, value=byte[]{length=29, hash=382491626}}}, ExecuteOperation{index=60, timestamp=1528669020715, session=-3929230760396962268, node=3, operation=PrimitiveOperation{id=DefaultOperationId{id=ENTER, type=COMMAND}, value=byte[]{length=28, hash=-541850699}}}, ExecuteOperation{index=61, timestamp=1528669020716, session=-3929230760396962268, node=3, operation=PrimitiveOperation{id=DefaultOperationId{id=ENTER, type=COMMAND}, value=byte[]{length=28, hash=-541850757}}}, ExecuteOperation{index=62, timestamp=1528669020717, session=-3929230760396962268, node=3, operation=PrimitiveOperation{id=DefaultOperationId{id=ENTER, type=COMMAND}, value=byte[]{length=28, hash=-541850691}}}, ExecuteOperation{index=63, timestamp=1528669020717, session=-3929230760396962268, node=3, operation=PrimitiveOperation{id=DefaultOperationId{id=ENTER, type=COMMAND}, value=byte[]{length=28, hash=-541850749}}}, ExecuteOperation{index=64, timestamp=1528669020717, session=-3929230760396962268, node=3, operation=PrimitiveOperation{id=DefaultOperationId{id=ENTER, type=COMMAND}, value=byte[]{length=28, hash=-541850681}}}, ExecuteOperation{index=65, timestamp=1528669020718, session=-3929230760396962268, node=3, operation=PrimitiveOperation{id=DefaultOperationId{id=ENTER, type=COMMAND}, value=byte[]{length=28, hash=-541850747}}}, ExecuteOperation{index=66, timestamp=1528669020718, session=-3929230760396962268, node=3, operation=PrimitiveOperation{id=DefaultOperationId{id=ENTER, type=COMMAND}, value=byte[]{length=28, hash=-541850673}}}, ExecuteOperation{index=67, timestamp=1528669020718, session=-3929230760396962268, node=3, operation=PrimitiveOperation{id=DefaultOperationId{id=ENTER, type=COMMAND}, value=byte[]{length=28, hash=-541850739}}}, ExecuteOperation{index=68, timestamp=1528669020719, session=-3929230760396962268, node=3, operation=PrimitiveOperation{id=DefaultOperationId{id=ENTER, type=COMMAND}, value=byte[]{length=28, hash=-541850665}}}, ExecuteOperation{index=69, timestamp=1528669020719, session=-3929230760396962268, node=3, operation=PrimitiveOperation{id=DefaultOperationId{id=ENTER, type=COMMAND}, value=byte[]{length=28, hash=-541850731}}}, ExecuteOperation{index=70, timestamp=1528669020719, session=-3929230760396962268, node=3, operation=PrimitiveOperation{id=DefaultOperationId{id=ENTER, type=COMMAND}, value=byte[]{length=28, hash=-541850657}}}, ExecuteOperation{index=71, timestamp=1528669020720, session=-3929230760396962268, node=3, operation=PrimitiveOperation{id=DefaultOperationId{id=ENTER, type=COMMAND}, value=byte[]{length=28, hash=-541850723}}}]} to 1
00:17:00.749 [atomix-system-0] TRACE i.a.p.backup.roles.BackupRole - BackupRole{system-partition-1}{role=BACKUP} - Received BackupRequest{primary=3, term=2, index=71, primitive=PrimitiveDescriptor{name=atomix-primary-elector, type=PRIMARY_ELECTOR, backups=1, replication=ASYNCHRONOUS}, operations=[ExecuteOperation{index=1, timestamp=1528669020697, session=-3929230760396962268, node=3, operation=PrimitiveOperation{id=DefaultOperationId{id=ENTER, type=COMMAND}, value=byte[]{length=28, hash=-541850651}}}, ExecuteOperation{index=2, timestamp=1528669020697, session=-3929230760396962268, node=3, operation=PrimitiveOperation{id=DefaultOperationId{id=ENTER, type=COMMAND}, value=byte[]{length=28, hash=-541850709}}}, ExecuteOperation{index=3, timestamp=1528669020698, session=-3929230760396962268, node=3, operation=PrimitiveOperation{id=DefaultOperationId{id=ENTER, type=COMMAND}, value=byte[]{length=29, hash=382491316}}}, ExecuteOperation{index=4, timestamp=1528669020698, session=-3929230760396962268, node=3, operation=PrimitiveOperation{id=DefaultOperationId{id=ENTER, type=COMMAND}, value=byte[]{length=28, hash=-541850701}}}, ExecuteOperation{index=5, timestamp=1528669020698, session=-3929230760396962268, node=3, operation=PrimitiveOperation{id=DefaultOperationId{id=ENTER, type=COMMAND}, value=byte[]{length=28, hash=-541850767}}}, ExecuteOperation{index=6, timestamp=1528669020698, session=-3929230760396962268, node=3, operation=PrimitiveOperation{id=DefaultOperationId{id=ENTER, type=COMMAND}, value=byte[]{length=29, hash=382491564}}}, ExecuteOperation{index=7, timestamp=1528669020698, session=-3929230760396962268, node=3, operation=PrimitiveOperation{id=DefaultOperationId{id=ENTER, type=COMMAND}, value=byte[]{length=28, hash=-541850693}}}, ExecuteOperation{index=8, timestamp=1528669020699, session=-3929230760396962268, node=3, operation=PrimitiveOperation{id=DefaultOperationId{id=ENTER, type=COMMAND}, value=byte[]{length=28, hash=-541850759}}}, ExecuteOperation{index=9, timestamp=1528669020699, session=-3929230760396962268, node=3, operation=PrimitiveOperation{id=DefaultOperationId{id=ENTER, type=COMMAND}, value=byte[]{length=28, hash=-541850685}}}, ExecuteOperation{index=10, timestamp=1528669020699, session=-3929230760396962268, node=3, operation=PrimitiveOperation{id=DefaultOperationId{id=ENTER, type=COMMAND}, value=byte[]{length=28, hash=-541850751}}}, ExecuteOperation{index=11, timestamp=1528669020699, session=-3929230760396962268, node=3, operation=PrimitiveOperation{id=DefaultOperationId{id=ENTER, type=COMMAND}, value=byte[]{length=28, hash=-541850683}}}, ExecuteOperation{index=12, timestamp=1528669020699, session=-3929230760396962268, node=3, operation=PrimitiveOperation{id=DefaultOperationId{id=ENTER, type=COMMAND}, value=byte[]{length=28, hash=-541850741}}}, ExecuteOperation{index=13, timestamp=1528669020700, session=-3929230760396962268, node=3, operation=PrimitiveOperation{id=DefaultOperationId{id=ENTER, type=COMMAND}, value=byte[]{length=28, hash=-541850675}}}, ExecuteOperation{index=14, timestamp=1528669020700, session=-3929230760396962268, node=3, operation=PrimitiveOperation{id=DefaultOperationId{id=ENTER, type=COMMAND}, value=byte[]{length=28, hash=-541850733}}}, ExecuteOperation{index=15, timestamp=1528669020700, session=-3929230760396962268, node=3, operation=PrimitiveOperation{id=DefaultOperationId{id=ENTER, type=COMMAND}, value=byte[]{length=28, hash=-541850667}}}, ExecuteOperation{index=16, timestamp=1528669020700, session=-3929230760396962268, node=3, operation=PrimitiveOperation{id=DefaultOperationId{id=ENTER, type=COMMAND}, value=byte[]{length=28, hash=-541850725}}}, ExecuteOperation{index=17, timestamp=1528669020701, session=-3929230760396962268, node=3, operation=PrimitiveOperation{id=DefaultOperationId{id=ENTER, type=COMMAND}, value=byte[]{length=28, hash=-541850659}}}, ExecuteOperation{index=18, timestamp=1528669020701, session=-3929230760396962268, node=3, operation=PrimitiveOperation{id=DefaultOperationId{id=ENTER, type=COMMAND}, value=byte[]{length=28, hash=-541850717}}}, ExecuteOperation{index=19, timestamp=1528669020701, session=-3929230760396962268, node=3, operation=PrimitiveOperation{id=DefaultOperationId{id=ENTER, type=COMMAND}, value=byte[]{length=28, hash=-541850645}}}, ExecuteOperation{index=20, timestamp=1528669020701, session=-3929230760396962268, node=3, operation=PrimitiveOperation{id=DefaultOperationId{id=ENTER, type=COMMAND}, value=byte[]{length=28, hash=-541850711}}}, ExecuteOperation{index=21, timestamp=1528669020701, session=-3929230760396962268, node=3, operation=PrimitiveOperation{id=DefaultOperationId{id=ENTER, type=COMMAND}, value=byte[]{length=28, hash=-541850769}}}, ExecuteOperation{index=22, timestamp=1528669020702, session=-3929230760396962268, node=3, operation=PrimitiveOperation{id=DefaultOperationId{id=ENTER, type=COMMAND}, value=byte[]{length=29, hash=382491502}}}, ExecuteOperation{index=23, timestamp=1528669020702, session=-3929230760396962268, node=3, operation=PrimitiveOperation{id=DefaultOperationId{id=ENTER, type=COMMAND}, value=byte[]{length=28, hash=-541850703}}}, ExecuteOperation{index=24, timestamp=1528669020702, session=-3929230760396962268, node=3, operation=PrimitiveOperation{id=DefaultOperationId{id=ENTER, type=COMMAND}, value=byte[]{length=28, hash=-541850761}}}, ExecuteOperation{index=25, timestamp=1528669020702, session=-3929230760396962268, node=3, operation=PrimitiveOperation{id=DefaultOperationId{id=ENTER, type=COMMAND}, value=byte[]{length=29, hash=382491750}}}, ExecuteOperation{index=26, timestamp=1528669020703, session=-3929230760396962268, node=3, operation=PrimitiveOperation{id=DefaultOperationId{id=ENTER, type=COMMAND}, value=byte[]{length=28, hash=-541850695}}}, ExecuteOperation{index=27, timestamp=1528669020703, session=-3929230760396962268, node=3, operation=PrimitiveOperation{id=DefaultOperationId{id=ENTER, type=COMMAND}, value=byte[]{length=28, hash=-541850753}}}, ExecuteOperation{index=28, timestamp=1528669020703, session=-3929230760396962268, node=3, operation=PrimitiveOperation{id=DefaultOperationId{id=ENTER, type=COMMAND}, value=byte[]{length=28, hash=-541850687}}}, ExecuteOperation{index=29, timestamp=1528669020703, session=-3929230760396962268, node=3, operation=PrimitiveOperation{id=DefaultOperationId{id=ENTER, type=COMMAND}, value=byte[]{length=28, hash=-541850677}}}, ExecuteOperation{index=30, timestamp=1528669020704, session=-3929230760396962268, node=3, operation=PrimitiveOperation{id=DefaultOperationId{id=ENTER, type=COMMAND}, value=byte[]{length=28, hash=-541850743}}}, ExecuteOperation{index=31, timestamp=1528669020704, session=-3929230760396962268, node=3, operation=PrimitiveOperation{id=DefaultOperationId{id=ENTER, type=COMMAND}, value=byte[]{length=28, hash=-541850669}}}, ExecuteOperation{index=32, timestamp=1528669020704, session=-3929230760396962268, node=3, operation=PrimitiveOperation{id=DefaultOperationId{id=ENTER, type=COMMAND}, value=byte[]{length=28, hash=-541850735}}}, ExecuteOperation{index=33, timestamp=1528669020704, session=-3929230760396962268, node=3, operation=PrimitiveOperation{id=DefaultOperationId{id=ENTER, type=COMMAND}, value=byte[]{length=28, hash=-541850661}}}, ExecuteOperation{index=34, timestamp=1528669020705, session=-3929230760396962268, node=3, operation=PrimitiveOperation{id=DefaultOperationId{id=ENTER, type=COMMAND}, value=byte[]{length=28, hash=-541850727}}}, ExecuteOperation{index=35, timestamp=1528669020705, session=-3929230760396962268, node=3, operation=PrimitiveOperation{id=DefaultOperationId{id=ENTER, type=COMMAND}, value=byte[]{length=28, hash=-541850653}}}, ExecuteOperation{index=36, timestamp=1528669020705, session=-3929230760396962268, node=3, operation=PrimitiveOperation{id=DefaultOperationId{id=ENTER, type=COMMAND}, value=byte[]{length=28, hash=-541850719}}}, ExecuteOperation{index=37, timestamp=1528669020706, session=-3929230760396962268, node=3, operation=PrimitiveOperation{id=DefaultOperationId{id=ENTER, type=COMMAND}, value=byte[]{length=28, hash=-541850713}}}, ExecuteOperation{index=38, timestamp=1528669020706, session=-3929230760396962268, node=3, operation=PrimitiveOperation{id=DefaultOperationId{id=ENTER, type=COMMAND}, value=byte[]{length=28, hash=-541850647}}}, ExecuteOperation{index=39, timestamp=1528669020706, session=-3929230760396962268, node=3, operation=PrimitiveOperation{id=DefaultOperationId{id=ENTER, type=COMMAND}, value=byte[]{length=28, hash=-541850705}}}, ExecuteOperation{index=40, timestamp=1528669020707, session=-3929230760396962268, node=3, operation=PrimitiveOperation{id=DefaultOperationId{id=ENTER, type=COMMAND}, value=byte[]{length=29, hash=382491440}}}, ExecuteOperation{index=41, timestamp=1528669020707, session=-3929230760396962268, node=3, operation=PrimitiveOperation{id=DefaultOperationId{id=ENTER, type=COMMAND}, value=byte[]{length=28, hash=-541850697}}}, ExecuteOperation{index=42, timestamp=1528669020707, session=-3929230760396962268, node=3, operation=PrimitiveOperation{id=DefaultOperationId{id=ENTER, type=COMMAND}, value=byte[]{length=28, hash=-541850763}}}, ExecuteOperation{index=43, timestamp=1528669020708, session=-3929230760396962268, node=3, operation=PrimitiveOperation{id=DefaultOperationId{id=ENTER, type=COMMAND}, value=byte[]{length=29, hash=382491688}}}, ExecuteOperation{index=44, timestamp=1528669020708, session=-3929230760396962268, node=3, operation=PrimitiveOperation{id=DefaultOperationId{id=ENTER, type=COMMAND}, value=byte[]{length=28, hash=-541850689}}}, ExecuteOperation{index=45, timestamp=1528669020708, session=-3929230760396962268, node=3, operation=PrimitiveOperation{id=DefaultOperationId{id=ENTER, type=COMMAND}, value=byte[]{length=28, hash=-541850755}}}, ExecuteOperation{index=46, timestamp=1528669020708, session=-3929230760396962268, node=3, operation=PrimitiveOperation{id=DefaultOperationId{id=ENTER, type=COMMAND}, value=byte[]{length=28, hash=-541850745}}}, ExecuteOperation{index=47, timestamp=1528669020709, session=-3929230760396962268, node=3, operation=PrimitiveOperation{id=DefaultOperationId{id=ENTER, type=COMMAND}, value=byte[]{length=28, hash=-541850679}}}, ExecuteOperation{index=48, timestamp=1528669020709, session=-3929230760396962268, node=3, operation=PrimitiveOperation{id=DefaultOperationId{id=ENTER, type=COMMAND}, value=byte[]{length=28, hash=-541850737}}}, ExecuteOperation{index=49, timestamp=1528669020709, session=-3929230760396962268, node=3, operation=PrimitiveOperation{id=DefaultOperationId{id=ENTER, type=COMMAND}, value=byte[]{length=28, hash=-541850671}}}, ExecuteOperation{index=50, timestamp=1528669020710, session=-3929230760396962268, node=3, operation=PrimitiveOperation{id=DefaultOperationId{id=ENTER, type=COMMAND}, value=byte[]{length=28, hash=-541850729}}}, ExecuteOperation{index=51, timestamp=1528669020710, session=-3929230760396962268, node=3, operation=PrimitiveOperation{id=DefaultOperationId{id=ENTER, type=COMMAND}, value=byte[]{length=28, hash=-541850663}}}, ExecuteOperation{index=52, timestamp=1528669020710, session=-3929230760396962268, node=3, operation=PrimitiveOperation{id=DefaultOperationId{id=ENTER, type=COMMAND}, value=byte[]{length=28, hash=-541850721}}}, ExecuteOperation{index=53, timestamp=1528669020711, session=-3929230760396962268, node=3, operation=PrimitiveOperation{id=DefaultOperationId{id=ENTER, type=COMMAND}, value=byte[]{length=28, hash=-541850655}}}, ExecuteOperation{index=54, timestamp=1528669020713, session=-3929230760396962268, node=3, operation=PrimitiveOperation{id=DefaultOperationId{id=ENTER, type=COMMAND}, value=byte[]{length=28, hash=-541850649}}}, ExecuteOperation{index=55, timestamp=1528669020713, session=-3929230760396962268, node=3, operation=PrimitiveOperation{id=DefaultOperationId{id=ENTER, type=COMMAND}, value=byte[]{length=28, hash=-541850715}}}, ExecuteOperation{index=56, timestamp=1528669020713, session=-3929230760396962268, node=3, operation=PrimitiveOperation{id=DefaultOperationId{id=ENTER, type=COMMAND}, value=byte[]{length=29, hash=382491378}}}, ExecuteOperation{index=57, timestamp=1528669020714, session=-3929230760396962268, node=3, operation=PrimitiveOperation{id=DefaultOperationId{id=ENTER, type=COMMAND}, value=byte[]{length=28, hash=-541850707}}}, ExecuteOperation{index=58, timestamp=1528669020715, session=-3929230760396962268, node=3, operation=PrimitiveOperation{id=DefaultOperationId{id=ENTER, type=COMMAND}, value=byte[]{length=28, hash=-541850765}}}, ExecuteOperation{index=59, timestamp=1528669020715, session=-3929230760396962268, node=3, operation=PrimitiveOperation{id=DefaultOperationId{id=ENTER, type=COMMAND}, value=byte[]{length=29, hash=382491626}}}, ExecuteOperation{index=60, timestamp=1528669020715, session=-3929230760396962268, node=3, operation=PrimitiveOperation{id=DefaultOperationId{id=ENTER, type=COMMAND}, value=byte[]{length=28, hash=-541850699}}}, ExecuteOperation{index=61, timestamp=1528669020716, session=-3929230760396962268, node=3, operation=PrimitiveOperation{id=DefaultOperationId{id=ENTER, type=COMMAND}, value=byte[]{length=28, hash=-541850757}}}, ExecuteOperation{index=62, timestamp=1528669020717, session=-3929230760396962268, node=3, operation=PrimitiveOperation{id=DefaultOperationId{id=ENTER, type=COMMAND}, value=byte[]{length=28, hash=-541850691}}}, ExecuteOperation{index=63, timestamp=1528669020717, session=-3929230760396962268, node=3, operation=PrimitiveOperation{id=DefaultOperationId{id=ENTER, type=COMMAND}, value=byte[]{length=28, hash=-541850749}}}, ExecuteOperation{index=64, timestamp=1528669020717, session=-3929230760396962268, node=3, operation=PrimitiveOperation{id=DefaultOperationId{id=ENTER, type=COMMAND}, value=byte[]{length=28, hash=-541850681}}}, ExecuteOperation{index=65, timestamp=1528669020718, session=-3929230760396962268, node=3, operation=PrimitiveOperation{id=DefaultOperationId{id=ENTER, type=COMMAND}, value=byte[]{length=28, hash=-541850747}}}, ExecuteOperation{index=66, timestamp=1528669020718, session=-3929230760396962268, node=3, operation=PrimitiveOperation{id=DefaultOperationId{id=ENTER, type=COMMAND}, value=byte[]{length=28, hash=-541850673}}}, ExecuteOperation{index=67, timestamp=1528669020718, session=-3929230760396962268, node=3, operation=PrimitiveOperation{id=DefaultOperationId{id=ENTER, type=COMMAND}, value=byte[]{length=28, hash=-541850739}}}, ExecuteOperation{index=68, timestamp=1528669020719, session=-3929230760396962268, node=3, operation=PrimitiveOperation{id=DefaultOperationId{id=ENTER, type=COMMAND}, value=byte[]{length=28, hash=-541850665}}}, ExecuteOperation{index=69, timestamp=1528669020719, session=-3929230760396962268, node=3, operation=PrimitiveOperation{id=DefaultOperationId{id=ENTER, type=COMMAND}, value=byte[]{length=28, hash=-541850731}}}, ExecuteOperation{index=70, timestamp=1528669020719, session=-3929230760396962268, node=3, operation=PrimitiveOperation{id=DefaultOperationId{id=ENTER, type=COMMAND}, value=byte[]{length=28, hash=-541850657}}}, ExecuteOperation{index=71, timestamp=1528669020720, session=-3929230760396962268, node=3, operation=PrimitiveOperation{id=DefaultOperationId{id=ENTER, type=COMMAND}, value=byte[]{length=28, hash=-541850723}}}]}
00:17:01.697 [atomix-system-11] TRACE i.a.p.backup.roles.PrimaryRole - PrimaryRole{system-partition-1}{role=PRIMARY} - Sending BackupRequest{primary=3, term=2, index=71, primitive=PrimitiveDescriptor{name=atomix-primary-elector, type=PRIMARY_ELECTOR, backups=1, replication=ASYNCHRONOUS}, operations=[HeartbeatOperation{index=72, timestamp=1528669021697}]} to 1
00:17:01.697 [atomix-system-14] TRACE i.a.p.backup.roles.BackupRole - BackupRole{system-partition-1}{role=BACKUP} - Received BackupRequest{primary=3, term=2, index=71, primitive=PrimitiveDescriptor{name=atomix-primary-elector, type=PRIMARY_ELECTOR, backups=1, replication=ASYNCHRONOUS}, operations=[HeartbeatOperation{index=72, timestamp=1528669021697}]}
00:17:01.730 [atomix-system-5] TRACE i.a.p.backup.roles.PrimaryRole - PrimaryRole{system-partition-1}{role=PRIMARY} - Sending BackupRequest{primary=3, term=2, index=0, primitive=PrimitiveDescriptor{name=primitives, type=consistent-map, backups=2, replication=SYNCHRONOUS}, operations=[HeartbeatOperation{index=2, timestamp=1528669021730}]} to 1
00:17:01.730 [atomix-system-5] TRACE i.a.p.backup.roles.PrimaryRole - PrimaryRole{system-partition-1}{role=PRIMARY} - Sending BackupRequest{primary=3, term=2, index=0, primitive=PrimitiveDescriptor{name=primitives, type=consistent-map, backups=2, replication=SYNCHRONOUS}, operations=[HeartbeatOperation{index=2, timestamp=1528669021730}]} to 2
00:17:01.730 [atomix-system-3] TRACE i.a.p.backup.roles.BackupRole - BackupRole{system-partition-1}{role=BACKUP} - Received BackupRequest{primary=3, term=2, index=0, primitive=PrimitiveDescriptor{name=primitives, type=consistent-map, backups=2, replication=SYNCHRONOUS}, operations=[HeartbeatOperation{index=2, timestamp=1528669021730}]}
00:17:01.730 [atomix-system-14] TRACE i.a.p.backup.roles.BackupRole - BackupRole{system-partition-1}{role=BACKUP} - Received BackupRequest{primary=3, term=2, index=0, primitive=PrimitiveDescriptor{name=primitives, type=consistent-map, backups=2, replication=SYNCHRONOUS}, operations=[HeartbeatOperation{index=2, timestamp=1528669021730}]}
00:17:01.731 [atomix-system-9] TRACE i.a.p.backup.roles.PrimaryRole - PrimaryRole{system-partition-1}{role=PRIMARY} - Received BackupResponse{status=ERROR} from 1
00:17:01.731 [atomix-system-9] TRACE i.a.p.backup.roles.PrimaryRole - PrimaryRole{system-partition-1}{role=PRIMARY} - Replication to 1 failed!
00:17:01.731 [atomix-system-9] TRACE i.a.p.backup.roles.PrimaryRole - PrimaryRole{system-partition-1}{role=PRIMARY} - Received BackupResponse{status=ERROR} from 2
00:17:01.731 [atomix-system-9] TRACE i.a.p.backup.roles.PrimaryRole - PrimaryRole{system-partition-1}{role=PRIMARY} - Replication to 2 failed!
00:17:02.697 [atomix-system-14] TRACE i.a.p.backup.roles.PrimaryRole - PrimaryRole{system-partition-1}{role=PRIMARY} - Sending BackupRequest{primary=3, term=2, index=71, primitive=PrimitiveDescriptor{name=atomix-primary-elector, type=PRIMARY_ELECTOR, backups=1, replication=ASYNCHRONOUS}, operations=[HeartbeatOperation{index=73, timestamp=1528669022697}]} to 1
00:17:02.698 [atomix-system-5] TRACE i.a.p.backup.roles.BackupRole - BackupRole{system-partition-1}{role=BACKUP} - Received BackupRequest{primary=3, term=2, index=71, primitive=PrimitiveDescriptor{name=atomix-primary-elector, type=PRIMARY_ELECTOR, backups=1, replication=ASYNCHRONOUS}, operations=[HeartbeatOperation{index=73, timestamp=1528669022697}]}
00:17:02.730 [atomix-system-7] TRACE i.a.p.backup.roles.PrimaryRole - PrimaryRole{system-partition-1}{role=PRIMARY} - Sending BackupRequest{primary=3, term=2, index=0, primitive=PrimitiveDescriptor{name=primitives, type=consistent-map, backups=2, replication=SYNCHRONOUS}, operations=[HeartbeatOperation{index=3, timestamp=1528669022730}]} to 1
00:17:02.730 [atomix-system-7] TRACE i.a.p.backup.roles.PrimaryRole - PrimaryRole{system-partition-1}{role=PRIMARY} - Sending BackupRequest{primary=3, term=2, index=0, primitive=PrimitiveDescriptor{name=primitives, type=consistent-map, backups=2, replication=SYNCHRONOUS}, operations=[HeartbeatOperation{index=3, timestamp=1528669022730}]} to 2
00:17:02.730 [atomix-system-2] TRACE i.a.p.backup.roles.BackupRole - BackupRole{system-partition-1}{role=BACKUP} - Received BackupRequest{primary=3, term=2, index=0, primitive=PrimitiveDescriptor{name=primitives, type=consistent-map, backups=2, replication=SYNCHRONOUS}, operations=[HeartbeatOperation{index=3, timestamp=1528669022730}]}
00:17:02.730 [atomix-system-11] TRACE i.a.p.backup.roles.BackupRole - BackupRole{system-partition-1}{role=BACKUP} - Received BackupRequest{primary=3, term=2, index=0, primitive=PrimitiveDescriptor{name=primitives, type=consistent-map, backups=2, replication=SYNCHRONOUS}, operations=[HeartbeatOperation{index=3, timestamp=1528669022730}]}
00:17:02.731 [atomix-system-2] TRACE i.a.p.backup.roles.PrimaryRole - PrimaryRole{system-partition-1}{role=PRIMARY} - Received BackupResponse{status=ERROR} from 2
00:17:02.731 [atomix-system-2] TRACE i.a.p.backup.roles.PrimaryRole - PrimaryRole{system-partition-1}{role=PRIMARY} - Replication to 2 failed!
00:17:02.731 [atomix-system-2] TRACE i.a.p.backup.roles.PrimaryRole - PrimaryRole{system-partition-1}{role=PRIMARY} - Received BackupResponse{status=ERROR} from 1
00:17:02.731 [atomix-system-2] TRACE i.a.p.backup.roles.PrimaryRole - PrimaryRole{system-partition-1}{role=PRIMARY} - Replication to 1 failed!
00:17:03.697 [atomix-system-10] TRACE i.a.p.backup.roles.PrimaryRole - PrimaryRole{system-partition-1}{role=PRIMARY} - Sending BackupRequest{primary=3, term=2, index=71, primitive=PrimitiveDescriptor{name=atomix-primary-elector, type=PRIMARY_ELECTOR, backups=1, replication=ASYNCHRONOUS}, operations=[HeartbeatOperation{index=74, timestamp=1528669023697}]} to 1
00:17:03.698 [atomix-system-15] TRACE i.a.p.backup.roles.BackupRole - BackupRole{system-partition-1}{role=BACKUP} - Received BackupRequest{primary=3, term=2, index=71, primitive=PrimitiveDescriptor{name=atomix-primary-elector, type=PRIMARY_ELECTOR, backups=1, replication=ASYNCHRONOUS}, operations=[HeartbeatOperation{index=74, timestamp=1528669023697}]}
00:17:03.730 [atomix-system-3] TRACE i.a.p.backup.roles.PrimaryRole - PrimaryRole{system-partition-1}{role=PRIMARY} - Sending BackupRequest{primary=3, term=2, index=0, primitive=PrimitiveDescriptor{name=primitives, type=consistent-map, backups=2, replication=SYNCHRONOUS}, operations=[HeartbeatOperation{index=4, timestamp=1528669023730}]} to 1
00:17:03.730 [atomix-system-3] TRACE i.a.p.backup.roles.PrimaryRole - PrimaryRole{system-partition-1}{role=PRIMARY} - Sending BackupRequest{primary=3, term=2, index=0, primitive=PrimitiveDescriptor{name=primitives, type=consistent-map, backups=2, replication=SYNCHRONOUS}, operations=[HeartbeatOperation{index=4, timestamp=1528669023730}]} to 2
00:17:03.730 [atomix-system-11] TRACE i.a.p.backup.roles.BackupRole - BackupRole{system-partition-1}{role=BACKUP} - Received BackupRequest{primary=3, term=2, index=0, primitive=PrimitiveDescriptor{name=primitives, type=consistent-map, backups=2, replication=SYNCHRONOUS}, operations=[HeartbeatOperation{index=4, timestamp=1528669023730}]}
00:17:03.730 [atomix-system-3] TRACE i.a.p.backup.roles.BackupRole - BackupRole{system-partition-1}{role=BACKUP} - Received BackupRequest{primary=3, term=2, index=0, primitive=PrimitiveDescriptor{name=primitives, type=consistent-map, backups=2, replication=SYNCHRONOUS}, operations=[HeartbeatOperation{index=4, timestamp=1528669023730}]}
00:17:03.730 [atomix-system-9] TRACE i.a.p.backup.roles.PrimaryRole - PrimaryRole{system-partition-1}{role=PRIMARY} - Received BackupResponse{status=ERROR} from 1
00:17:03.731 [atomix-system-9] TRACE i.a.p.backup.roles.PrimaryRole - PrimaryRole{system-partition-1}{role=PRIMARY} - Replication to 1 failed!
00:17:03.731 [atomix-system-14] TRACE i.a.p.backup.roles.PrimaryRole - PrimaryRole{system-partition-1}{role=PRIMARY} - Received BackupResponse{status=ERROR} from 2
00:17:03.731 [atomix-system-14] TRACE i.a.p.backup.roles.PrimaryRole - PrimaryRole{system-partition-1}{role=PRIMARY} - Replication to 2 failed!
00:17:04.697 [atomix-system-12] TRACE i.a.p.backup.roles.PrimaryRole - PrimaryRole{system-partition-1}{role=PRIMARY} - Sending BackupRequest{primary=3, term=2, index=71, primitive=PrimitiveDescriptor{name=atomix-primary-elector, type=PRIMARY_ELECTOR, backups=1, replication=ASYNCHRONOUS}, operations=[HeartbeatOperation{index=75, timestamp=1528669024697}]} to 1
00:17:04.697 [atomix-system-1] TRACE i.a.p.backup.roles.BackupRole - BackupRole{system-partition-1}{role=BACKUP} - Received BackupRequest{primary=3, term=2, index=71, primitive=PrimitiveDescriptor{name=atomix-primary-elector, type=PRIMARY_ELECTOR, backups=1, replication=ASYNCHRONOUS}, operations=[HeartbeatOperation{index=75, timestamp=1528669024697}]}
00:17:04.730 [atomix-system-15] TRACE i.a.p.backup.roles.PrimaryRole - PrimaryRole{system-partition-1}{role=PRIMARY} - Sending BackupRequest{primary=3, term=2, index=0, primitive=PrimitiveDescriptor{name=primitives, type=consistent-map, backups=2, replication=SYNCHRONOUS}, operations=[HeartbeatOperation{index=5, timestamp=1528669024730}]} to 1
00:17:04.730 [atomix-system-15] TRACE i.a.p.backup.roles.PrimaryRole - PrimaryRole{system-partition-1}{role=PRIMARY} - Sending BackupRequest{primary=3, term=2, index=0, primitive=PrimitiveDescriptor{name=primitives, type=consistent-map, backups=2, replication=SYNCHRONOUS}, operations=[HeartbeatOperation{index=5, timestamp=1528669024730}]} to 2
00:17:04.730 [atomix-system-8] TRACE i.a.p.backup.roles.BackupRole - BackupRole{system-partition-1}{role=BACKUP} - Received BackupRequest{primary=3, term=2, index=0, primitive=PrimitiveDescriptor{name=primitives, type=consistent-map, backups=2, replication=SYNCHRONOUS}, operations=[HeartbeatOperation{index=5, timestamp=1528669024730}]}
00:17:04.730 [atomix-system-2] TRACE i.a.p.backup.roles.BackupRole - BackupRole{system-partition-1}{role=BACKUP} - Received BackupRequest{primary=3, term=2, index=0, primitive=PrimitiveDescriptor{name=primitives, type=consistent-map, backups=2, replication=SYNCHRONOUS}, operations=[HeartbeatOperation{index=5, timestamp=1528669024730}]}
00:17:04.731 [atomix-system-10] TRACE i.a.p.backup.roles.PrimaryRole - PrimaryRole{system-partition-1}{role=PRIMARY} - Received BackupResponse{status=ERROR} from 1
00:17:04.731 [atomix-system-10] TRACE i.a.p.backup.roles.PrimaryRole - PrimaryRole{system-partition-1}{role=PRIMARY} - Replication to 1 failed!
00:17:04.731 [atomix-system-0] TRACE i.a.p.backup.roles.PrimaryRole - PrimaryRole{system-partition-1}{role=PRIMARY} - Received BackupResponse{status=ERROR} from 2
00:17:04.731 [atomix-system-0] TRACE i.a.p.backup.roles.PrimaryRole - PrimaryRole{system-partition-1}{role=PRIMARY} - Replication to 2 failed!
00:17:05.135 [primary-election-0] DEBUG i.a.p.b.s.i.PrimaryBackupServiceContext - PrimitiveService{system-partition-1}{type=PRIMARY_ELECTOR, name=atomix-primary-elector} - Term changed: PrimaryTerm{term=14, primary=GroupMember{memberId=3, groupId=3}, candidates=[GroupMember{memberId=1, groupId=1}, GroupMember{memberId=2, groupId=2}]}
00:17:05.135 [primary-election-0] DEBUG i.a.p.b.s.i.PrimaryBackupServiceContext - PrimitiveService{system-partition-1}{type=consistent-map, name=primitives} - Term changed: PrimaryTerm{term=14, primary=GroupMember{memberId=3, groupId=3}, candidates=[GroupMember{memberId=1, groupId=1}, GroupMember{memberId=2, groupId=2}]}
00:17:05.697 [atomix-system-8] TRACE i.a.p.backup.roles.PrimaryRole - PrimaryRole{system-partition-1}{role=PRIMARY} - Sending BackupRequest{primary=3, term=14, index=71, primitive=PrimitiveDescriptor{name=atomix-primary-elector, type=PRIMARY_ELECTOR, backups=1, replication=ASYNCHRONOUS}, operations=[HeartbeatOperation{index=76, timestamp=1528669025697}]} to 1
00:17:05.698 [atomix-system-6] TRACE i.a.p.backup.roles.BackupRole - BackupRole{system-partition-1}{role=BACKUP} - Received BackupRequest{primary=3, term=14, index=71, primitive=PrimitiveDescriptor{name=atomix-primary-elector, type=PRIMARY_ELECTOR, backups=1, replication=ASYNCHRONOUS}, operations=[HeartbeatOperation{index=76, timestamp=1528669025697}]}
00:17:05.698 [atomix-system-6] TRACE i.a.p.backup.roles.BackupRole - BackupRole{system-partition-1}{role=BACKUP} - Sending BackupResponse{status=OK}
00:17:05.730 [atomix-system-4] TRACE i.a.p.backup.roles.PrimaryRole - PrimaryRole{system-partition-1}{role=PRIMARY} - Sending BackupRequest{primary=3, term=14, index=0, primitive=PrimitiveDescriptor{name=primitives, type=consistent-map, backups=2, replication=SYNCHRONOUS}, operations=[HeartbeatOperation{index=6, timestamp=1528669025730}]} to 1
00:17:05.730 [atomix-system-4] TRACE i.a.p.backup.roles.PrimaryRole - PrimaryRole{system-partition-1}{role=PRIMARY} - Sending BackupRequest{primary=3, term=14, index=0, primitive=PrimitiveDescriptor{name=primitives, type=consistent-map, backups=2, replication=SYNCHRONOUS}, operations=[HeartbeatOperation{index=6, timestamp=1528669025730}]} to 2
00:17:05.730 [atomix-system-7] TRACE i.a.p.backup.roles.BackupRole - BackupRole{system-partition-1}{role=BACKUP} - Received BackupRequest{primary=3, term=14, index=0, primitive=PrimitiveDescriptor{name=primitives, type=consistent-map, backups=2, replication=SYNCHRONOUS}, operations=[HeartbeatOperation{index=6, timestamp=1528669025730}]}
00:17:05.730 [atomix-system-5] TRACE i.a.p.backup.roles.BackupRole - BackupRole{system-partition-1}{role=BACKUP} - Received BackupRequest{primary=3, term=14, index=0, primitive=PrimitiveDescriptor{name=primitives, type=consistent-map, backups=2, replication=SYNCHRONOUS}, operations=[HeartbeatOperation{index=6, timestamp=1528669025730}]}
00:17:05.730 [atomix-system-7] TRACE i.a.p.backup.roles.BackupRole - BackupRole{system-partition-1}{role=BACKUP} - Sending BackupResponse{status=OK}
00:17:05.730 [atomix-system-5] TRACE i.a.p.backup.roles.BackupRole - BackupRole{system-partition-1}{role=BACKUP} - Sending BackupResponse{status=OK}
00:17:05.731 [atomix-system-7] TRACE i.a.p.backup.roles.PrimaryRole - PrimaryRole{system-partition-1}{role=PRIMARY} - Received BackupResponse{status=OK} from 1
00:17:05.731 [atomix-system-7] TRACE i.a.p.backup.roles.PrimaryRole - PrimaryRole{system-partition-1}{role=PRIMARY} - Received BackupResponse{status=OK} from 2
00:17:05.731 [atomix-system-7] TRACE i.a.p.backup.roles.PrimaryRole - PrimaryRole{system-partition-1}{role=PRIMARY} - Sending ExecuteResponse{status=OK, result=byte[]{length=28, hash=2049530828}}
00:17:05.731 [atomix-system-9] TRACE i.a.p.b.s.PrimaryBackupSessionClient - SessionClient{system-partition-1}{type=consistent-map, name=primitives} - Sending ExecuteRequest{session=3671813663619727830, node=3, primitive=PrimitiveDescriptor{name=primitives, type=consistent-map, backups=2, replication=SYNCHRONOUS}, operation=PrimitiveOperation{id=DefaultOperationId{id=putIfAbsentWithTtl, type=COMMAND}, value=byte[]{length=45, hash=-655357269}}} to GroupMember{memberId=3, groupId=3}
00:17:05.732 [atomix-system-9] TRACE i.a.p.backup.roles.PrimaryRole - PrimaryRole{system-partition-1}{role=PRIMARY} - Received ExecuteRequest{session=3671813663619727830, node=3, primitive=PrimitiveDescriptor{name=primitives, type=consistent-map, backups=2, replication=SYNCHRONOUS}, operation=PrimitiveOperation{id=DefaultOperationId{id=putIfAbsentWithTtl, type=COMMAND}, value=byte[]{length=45, hash=-655357269}}}
00:17:05.732 [atomix-system-9] TRACE i.a.p.backup.roles.PrimaryRole - PrimaryRole{system-partition-1}{role=PRIMARY} - Sending BackupRequest{primary=3, term=14, index=6, primitive=PrimitiveDescriptor{name=primitives, type=consistent-map, backups=2, replication=SYNCHRONOUS}, operations=[ExecuteOperation{index=7, timestamp=1528669025732, session=3671813663619727830, node=3, operation=PrimitiveOperation{id=DefaultOperationId{id=putIfAbsentWithTtl, type=COMMAND}, value=byte[]{length=45, hash=-655357269}}}]} to 1
00:17:05.732 [atomix-system-9] TRACE i.a.p.backup.roles.PrimaryRole - PrimaryRole{system-partition-1}{role=PRIMARY} - Sending BackupRequest{primary=3, term=14, index=6, primitive=PrimitiveDescriptor{name=primitives, type=consistent-map, backups=2, replication=SYNCHRONOUS}, operations=[ExecuteOperation{index=7, timestamp=1528669025732, session=3671813663619727830, node=3, operation=PrimitiveOperation{id=DefaultOperationId{id=putIfAbsentWithTtl, type=COMMAND}, value=byte[]{length=45, hash=-655357269}}}]} to 2
00:17:05.732 [atomix-system-13] TRACE i.a.p.backup.roles.BackupRole - BackupRole{system-partition-1}{role=BACKUP} - Received BackupRequest{primary=3, term=14, index=6, primitive=PrimitiveDescriptor{name=primitives, type=consistent-map, backups=2, replication=SYNCHRONOUS}, operations=[ExecuteOperation{index=7, timestamp=1528669025732, session=3671813663619727830, node=3, operation=PrimitiveOperation{id=DefaultOperationId{id=putIfAbsentWithTtl, type=COMMAND}, value=byte[]{length=45, hash=-655357269}}}]}
00:17:05.732 [atomix-system-13] TRACE i.a.p.backup.roles.BackupRole - BackupRole{system-partition-1}{role=BACKUP} - Sending BackupResponse{status=OK}
00:17:05.732 [atomix-system-15] TRACE i.a.p.backup.roles.BackupRole - BackupRole{system-partition-1}{role=BACKUP} - Received BackupRequest{primary=3, term=14, index=6, primitive=PrimitiveDescriptor{name=primitives, type=consistent-map, backups=2, replication=SYNCHRONOUS}, operations=[ExecuteOperation{index=7, timestamp=1528669025732, session=3671813663619727830, node=3, operation=PrimitiveOperation{id=DefaultOperationId{id=putIfAbsentWithTtl, type=COMMAND}, value=byte[]{length=45, hash=-655357269}}}]}
00:17:05.732 [atomix-system-15] TRACE i.a.p.backup.roles.BackupRole - BackupRole{system-partition-1}{role=BACKUP} - Sending BackupResponse{status=OK}
00:17:05.732 [atomix-system-11] TRACE i.a.p.backup.roles.PrimaryRole - PrimaryRole{system-partition-1}{role=PRIMARY} - Received BackupResponse{status=OK} from 1
00:17:05.732 [atomix-system-11] TRACE i.a.p.backup.roles.PrimaryRole - PrimaryRole{system-partition-1}{role=PRIMARY} - Received BackupResponse{status=OK} from 2
00:17:05.733 [atomix-system-11] TRACE i.a.p.backup.roles.PrimaryRole - PrimaryRole{system-partition-1}{role=PRIMARY} - Sending ExecuteResponse{status=OK, result=byte[]{length=56, hash=-1555742750}}
00:17:05.733 [atomix-system-6] TRACE i.a.p.b.s.PrimaryBackupSessionClient - SessionClient{system-partition-1}{type=consistent-map, name=primitives} - Received ExecuteResponse{status=OK, result=byte[]{length=56, hash=-1555742750}}
00:17:05.733 [atomix-system-2] TRACE i.a.p.backup.roles.PrimaryRole - PrimaryRole{system-partition-1}{role=PRIMARY} - Received RestoreRequest{primitive=PrimitiveDescriptor{name=primitives, type=consistent-map, backups=2, replication=SYNCHRONOUS}, term=14}
00:17:05.734 [atomix-system-2] TRACE i.a.p.backup.roles.PrimaryRole - PrimaryRole{system-partition-1}{role=PRIMARY} - Sending RestoreResponse{status=OK, index=7, timestamp=1528669025732, data=byte[]{length=104, hash=-2016110518}}
00:17:05.734 [atomix-system-0] TRACE i.a.p.backup.roles.PrimaryRole - PrimaryRole{system-partition-1}{role=PRIMARY} - Received RestoreRequest{primitive=PrimitiveDescriptor{name=primitives, type=consistent-map, backups=2, replication=SYNCHRONOUS}, term=14}
00:17:05.735 [atomix-system-0] TRACE i.a.p.backup.roles.PrimaryRole - PrimaryRole{system-partition-1}{role=PRIMARY} - Sending RestoreResponse{status=OK, index=7, timestamp=1528669025732, data=byte[]{length=104, hash=-2016110518}}
00:17:05.736 [atomix-system-6] INFO  i.a.core.impl.CoreTransactionService - Started
00:17:05.736 [atomix-system-6] INFO  i.a.core.impl.CorePrimitivesService - Started
00:17:05.736 [atomix-cluster-0] INFO  io.atomix.cluster.AtomixCluster - Started
00:17:05.738 [atomix-system-14] TRACE i.a.p.backup.roles.PrimaryRole - PrimaryRole{system-partition-1}{role=PRIMARY} - Sending BackupRequest{primary=3, term=14, index=7, primitive=PrimitiveDescriptor{name=primitives, type=consistent-map, backups=2, replication=SYNCHRONOUS}, operations=[CloseOperation{index=8, timestamp=1528669025738, session=3671813663619727830}]} to 1
00:17:05.739 [atomix-system-9] WARN  i.a.utils.event.ListenerRegistry - Listener io.atomix.protocols.backup.session.PrimaryBackupSessionClient$$Lambda$632/551016187@443f3be2 not registered
00:17:05.739 [atomix-system-9] INFO  i.a.core.impl.CorePrimitivesService - Stopped
00:17:05.739 [atomix-system-14] TRACE i.a.p.backup.roles.PrimaryRole - PrimaryRole{system-partition-1}{role=PRIMARY} - Sending BackupRequest{primary=3, term=14, index=7, primitive=PrimitiveDescriptor{name=primitives, type=consistent-map, backups=2, replication=SYNCHRONOUS}, operations=[CloseOperation{index=8, timestamp=1528669025738, session=3671813663619727830}]} to 2
00:17:05.739 [atomix-system-4] TRACE i.a.p.backup.roles.BackupRole - BackupRole{system-partition-1}{role=BACKUP} - Received BackupRequest{primary=3, term=14, index=7, primitive=PrimitiveDescriptor{name=primitives, type=consistent-map, backups=2, replication=SYNCHRONOUS}, operations=[CloseOperation{index=8, timestamp=1528669025738, session=3671813663619727830}]}
00:17:05.739 [atomix-system-8] WARN  i.a.utils.event.ListenerRegistry - Listener io.atomix.protocols.backup.session.PrimaryBackupSessionClient$$Lambda$632/551016187@7f6d89e5 not registered
00:17:05.739 [atomix-system-14] INFO  i.a.p.b.p.PrimaryBackupPartitionGroup - Stopped
00:17:05.739 [atomix-system-4] TRACE i.a.p.backup.roles.BackupRole - BackupRole{system-partition-1}{role=BACKUP} - Sending BackupResponse{status=OK}
00:17:05.739 [atomix-system-8] INFO  i.a.core.impl.CorePrimitivesService - Stopped
00:17:05.740 [atomix-0] INFO  i.a.p.b.p.PrimaryBackupPartitionGroup - Stopped
00:17:05.741 [atomix-system-1] TRACE i.a.p.backup.roles.PrimaryRole - PrimaryRole{system-partition-1}{role=PRIMARY} - Replication to 1 failed! {}
java.util.concurrent.CompletionException: io.atomix.cluster.messaging.MessagingException$NoRemoteHandler: No remote message handler registered for this message
	at java.util.concurrent.CompletableFuture.encodeThrowable(CompletableFuture.java:292) ~[na:1.8.0_121]
	at java.util.concurrent.CompletableFuture.completeThrowable(CompletableFuture.java:308) ~[na:1.8.0_121]
	at java.util.concurrent.CompletableFuture.uniApply(CompletableFuture.java:593) ~[na:1.8.0_121]
	at java.util.concurrent.CompletableFuture$UniApply.tryFire(CompletableFuture.java:577) ~[na:1.8.0_121]
	at java.util.concurrent.CompletableFuture.postComplete(CompletableFuture.java:474) ~[na:1.8.0_121]
	at java.util.concurrent.CompletableFuture.completeExceptionally(CompletableFuture.java:1977) ~[na:1.8.0_121]
	at io.atomix.cluster.messaging.impl.NettyMessagingService.lambda$null$13(NettyMessagingService.java:499) ~[classes/:na]
	at com.google.common.util.concurrent.MoreExecutors$DirectExecutor.execute(MoreExecutors.java:399) ~[guava-22.0.jar:na]
	at io.atomix.cluster.messaging.impl.NettyMessagingService.lambda$null$14(NettyMessagingService.java:499) ~[classes/:na]
	at java.util.concurrent.CompletableFuture.uniWhenComplete(CompletableFuture.java:760) ~[na:1.8.0_121]
	at java.util.concurrent.CompletableFuture$UniWhenComplete.tryFire(CompletableFuture.java:736) ~[na:1.8.0_121]
	at java.util.concurrent.CompletableFuture.postComplete(CompletableFuture.java:474) ~[na:1.8.0_121]
	at java.util.concurrent.CompletableFuture.completeExceptionally(CompletableFuture.java:1977) ~[na:1.8.0_121]
	at io.atomix.cluster.messaging.impl.NettyMessagingService$Callback.completeExceptionally(NettyMessagingService.java:808) ~[classes/:na]
	at io.atomix.cluster.messaging.impl.NettyMessagingService$RemoteClientConnection.dispatch(NettyMessagingService.java:1055) ~[classes/:na]
	at io.atomix.cluster.messaging.impl.NettyMessagingService$RemoteClientConnection.access$1000(NettyMessagingService.java:1004) ~[classes/:na]
	at io.atomix.cluster.messaging.impl.NettyMessagingService$InboundMessageDispatcher.channelRead0(NettyMessagingService.java:738) ~[classes/:na]
	at io.netty.channel.SimpleChannelInboundHandler.channelRead(SimpleChannelInboundHandler.java:105) ~[netty-transport-4.1.24.Final.jar:4.1.24.Final]
	at io.netty.channel.AbstractChannelHandlerContext.invokeChannelRead(AbstractChannelHandlerContext.java:362) ~[netty-transport-4.1.24.Final.jar:4.1.24.Final]
	at io.netty.channel.AbstractChannelHandlerContext.invokeChannelRead(AbstractChannelHandlerContext.java:348) ~[netty-transport-4.1.24.Final.jar:4.1.24.Final]
	at io.netty.channel.AbstractChannelHandlerContext.fireChannelRead(AbstractChannelHandlerContext.java:340) ~[netty-transport-4.1.24.Final.jar:4.1.24.Final]
	at io.netty.handler.codec.ByteToMessageDecoder.fireChannelRead(ByteToMessageDecoder.java:310) ~[netty-codec-4.1.24.Final.jar:4.1.24.Final]
	at io.netty.handler.codec.ByteToMessageDecoder.channelRead(ByteToMessageDecoder.java:284) ~[netty-codec-4.1.24.Final.jar:4.1.24.Final]
	at io.netty.channel.AbstractChannelHandlerContext.invokeChannelRead(AbstractChannelHandlerContext.java:362) ~[netty-transport-4.1.24.Final.jar:4.1.24.Final]
	at io.netty.channel.AbstractChannelHandlerContext.invokeChannelRead(AbstractChannelHandlerContext.java:348) ~[netty-transport-4.1.24.Final.jar:4.1.24.Final]
	at io.netty.channel.AbstractChannelHandlerContext.fireChannelRead(AbstractChannelHandlerContext.java:340) ~[netty-transport-4.1.24.Final.jar:4.1.24.Final]
	at io.netty.channel.DefaultChannelPipeline$HeadContext.channelRead(DefaultChannelPipeline.java:1434) ~[netty-transport-4.1.24.Final.jar:4.1.24.Final]
	at io.netty.channel.AbstractChannelHandlerContext.invokeChannelRead(AbstractChannelHandlerContext.java:362) ~[netty-transport-4.1.24.Final.jar:4.1.24.Final]
	at io.netty.channel.AbstractChannelHandlerContext.invokeChannelRead(AbstractChannelHandlerContext.java:348) ~[netty-transport-4.1.24.Final.jar:4.1.24.Final]
	at io.netty.channel.DefaultChannelPipeline.fireChannelRead(DefaultChannelPipeline.java:965) ~[netty-transport-4.1.24.Final.jar:4.1.24.Final]
	at io.netty.channel.epoll.AbstractEpollStreamChannel$EpollStreamUnsafe.epollInReady(AbstractEpollStreamChannel.java:808) ~[netty-transport-native-epoll-4.1.24.Final-linux-x86_64.jar:4.1.24.Final]
	at io.netty.channel.epoll.EpollEventLoop.processReady(EpollEventLoop.java:404) ~[netty-transport-native-epoll-4.1.24.Final-linux-x86_64.jar:4.1.24.Final]
	at io.netty.channel.epoll.EpollEventLoop.run(EpollEventLoop.java:304) ~[netty-transport-native-epoll-4.1.24.Final-linux-x86_64.jar:4.1.24.Final]
	at io.netty.util.concurrent.SingleThreadEventExecutor$5.run(SingleThreadEventExecutor.java:884) ~[netty-common-4.1.24.Final.jar:4.1.24.Final]
	at java.lang.Thread.run(Thread.java:745) ~[na:1.8.0_121]
Caused by: io.atomix.cluster.messaging.MessagingException$NoRemoteHandler: No remote message handler registered for this message
	... 21 common frames omitted
00:17:05.741 [atomix-system-10] INFO  i.a.p.b.p.PrimaryBackupPartitionGroup - Stopped
00:17:05.741 [atomix-0] INFO  i.a.p.b.p.PrimaryBackupPartitionGroup - Stopped
00:17:05.741 [atomix-0] INFO  i.a.p.p.i.DefaultPartitionGroupMembershipService - Stopped
00:17:05.742 [atomix-0] INFO  i.a.p.p.impl.DefaultPartitionService - Stopped
00:17:05.742 [atomix-0] INFO  i.a.c.m.i.DefaultClusterCommunicationService - Stopped
00:17:05.742 [atomix-0] INFO  i.a.p.p.i.DefaultPartitionGroupMembershipService - Stopped
00:17:05.742 [atomix-0] INFO  i.a.p.p.impl.DefaultPartitionService - Stopped
00:17:05.742 [atomix-0] INFO  i.a.c.m.i.DefaultClusterCommunicationService - Stopped
00:17:05.742 [atomix-cluster-0] INFO  i.a.c.m.i.DefaultClusterEventService - Stopped
00:17:05.742 [atomix-cluster-0] INFO  i.a.c.m.i.DefaultClusterEventService - Stopped
00:17:05.742 [atomix-cluster-0] INFO  i.a.c.i.DefaultClusterMembershipService - 2 - Member deactivated: StatefulMember{id=2, address=localhost:5002, metadata={}}
00:17:05.742 [atomix-cluster-0] INFO  i.a.c.i.DefaultClusterMembershipService - 1 - Member deactivated: StatefulMember{id=1, address=localhost:5001, metadata={}}
00:17:05.742 [atomix-cluster-0] INFO  i.a.c.i.DefaultClusterMembershipService - Stopped
00:17:05.742 [atomix-cluster-0] INFO  i.a.c.i.DefaultClusterMembershipService - Stopped
00:17:05.743 [atomix-system-13] TRACE i.a.p.backup.roles.PrimaryRole - PrimaryRole{system-partition-1}{role=PRIMARY} - Received BackupResponse{status=OK} from 2
00:17:05.748 [netty-messaging-event-epoll-server-0] INFO  i.a.c.m.impl.NettyMessagingService - Stopped
00:17:05.749 [atomix-cluster-0] INFO  io.atomix.cluster.AtomixCluster - Stopped
00:17:05.749 [netty-messaging-event-epoll-server-0] INFO  i.a.c.m.impl.NettyMessagingService - Stopped
00:17:05.749 [atomix-cluster-0] INFO  io.atomix.cluster.AtomixCluster - Stopped
00:17:06.697 [atomix-system-10] TRACE i.a.p.backup.roles.PrimaryRole - PrimaryRole{system-partition-1}{role=PRIMARY} - Sending BackupRequest{primary=3, term=14, index=71, primitive=PrimitiveDescriptor{name=atomix-primary-elector, type=PRIMARY_ELECTOR, backups=1, replication=ASYNCHRONOUS}, operations=[HeartbeatOperation{index=77, timestamp=1528669026697}]} to 1
00:17:06.730 [atomix-system-2] TRACE i.a.p.backup.roles.PrimaryRole - PrimaryRole{system-partition-1}{role=PRIMARY} - Sending BackupRequest{primary=3, term=14, index=7, primitive=PrimitiveDescriptor{name=primitives, type=consistent-map, backups=2, replication=SYNCHRONOUS}, operations=[HeartbeatOperation{index=9, timestamp=1528669026730}]} to 1
00:17:06.730 [atomix-system-2] TRACE i.a.p.backup.roles.PrimaryRole - PrimaryRole{system-partition-1}{role=PRIMARY} - Sending BackupRequest{primary=3, term=14, index=7, primitive=PrimitiveDescriptor{name=primitives, type=consistent-map, backups=2, replication=SYNCHRONOUS}, operations=[HeartbeatOperation{index=9, timestamp=1528669026730}]} to 2
00:17:06.731 [atomix-system-9] TRACE i.a.p.backup.roles.PrimaryRole - PrimaryRole{system-partition-1}{role=PRIMARY} - Replication to 1 failed! {}
java.util.concurrent.CompletionException: io.netty.channel.AbstractChannel$AnnotatedConnectException: syscall:getsockopt(..) failed: Connection refused: localhost/127.0.0.1:5001
	at java.util.concurrent.CompletableFuture.encodeThrowable(CompletableFuture.java:292) ~[na:1.8.0_121]
	at java.util.concurrent.CompletableFuture.completeThrowable(CompletableFuture.java:308) ~[na:1.8.0_121]
	at java.util.concurrent.CompletableFuture.uniApply(CompletableFuture.java:593) ~[na:1.8.0_121]
	at java.util.concurrent.CompletableFuture$UniApply.tryFire(CompletableFuture.java:577) ~[na:1.8.0_121]
	at java.util.concurrent.CompletableFuture.postComplete(CompletableFuture.java:474) ~[na:1.8.0_121]
	at java.util.concurrent.CompletableFuture.completeExceptionally(CompletableFuture.java:1977) ~[na:1.8.0_121]
	at io.atomix.cluster.messaging.impl.NettyMessagingService.lambda$null$15(NettyMessagingService.java:503) ~[classes/:na]
	at com.google.common.util.concurrent.MoreExecutors$DirectExecutor.execute(MoreExecutors.java:399) ~[guava-22.0.jar:na]
	at io.atomix.cluster.messaging.impl.NettyMessagingService.lambda$executeOnPooledConnection$16(NettyMessagingService.java:503) ~[classes/:na]
	at java.util.concurrent.CompletableFuture.uniWhenComplete(CompletableFuture.java:760) ~[na:1.8.0_121]
	at java.util.concurrent.CompletableFuture$UniWhenComplete.tryFire(CompletableFuture.java:736) ~[na:1.8.0_121]
	at java.util.concurrent.CompletableFuture.postComplete(CompletableFuture.java:474) ~[na:1.8.0_121]
	at java.util.concurrent.CompletableFuture.completeExceptionally(CompletableFuture.java:1977) ~[na:1.8.0_121]
	at io.atomix.cluster.messaging.impl.NettyMessagingService.lambda$getChannel$7(NettyMessagingService.java:452) ~[classes/:na]
	at java.util.concurrent.CompletableFuture.uniWhenComplete(CompletableFuture.java:760) ~[na:1.8.0_121]
	at java.util.concurrent.CompletableFuture$UniWhenComplete.tryFire(CompletableFuture.java:736) ~[na:1.8.0_121]
	at java.util.concurrent.CompletableFuture.postComplete(CompletableFuture.java:474) ~[na:1.8.0_121]
	at java.util.concurrent.CompletableFuture.completeExceptionally(CompletableFuture.java:1977) ~[na:1.8.0_121]
	at io.atomix.cluster.messaging.impl.NettyMessagingService.lambda$openChannel$25(NettyMessagingService.java:626) ~[classes/:na]
	at io.netty.util.concurrent.DefaultPromise.notifyListener0(DefaultPromise.java:511) ~[netty-common-4.1.24.Final.jar:4.1.24.Final]
	at io.netty.util.concurrent.DefaultPromise.notifyListeners0(DefaultPromise.java:504) ~[netty-common-4.1.24.Final.jar:4.1.24.Final]
	at io.netty.util.concurrent.DefaultPromise.notifyListenersNow(DefaultPromise.java:483) ~[netty-common-4.1.24.Final.jar:4.1.24.Final]
	at io.netty.util.concurrent.DefaultPromise.notifyListeners(DefaultPromise.java:424) ~[netty-common-4.1.24.Final.jar:4.1.24.Final]
	at io.netty.util.concurrent.DefaultPromise.tryFailure(DefaultPromise.java:121) ~[netty-common-4.1.24.Final.jar:4.1.24.Final]
	at io.netty.channel.epoll.AbstractEpollChannel$AbstractEpollUnsafe.fulfillConnectPromise(AbstractEpollChannel.java:633) ~[netty-transport-native-epoll-4.1.24.Final-linux-x86_64.jar:4.1.24.Final]
	at io.netty.channel.epoll.AbstractEpollChannel$AbstractEpollUnsafe.finishConnect(AbstractEpollChannel.java:652) ~[netty-transport-native-epoll-4.1.24.Final-linux-x86_64.jar:4.1.24.Final]
	at io.netty.channel.epoll.AbstractEpollChannel$AbstractEpollUnsafe.epollOutReady(AbstractEpollChannel.java:526) ~[netty-transport-native-epoll-4.1.24.Final-linux-x86_64.jar:4.1.24.Final]
	at io.netty.channel.epoll.EpollEventLoop.processReady(EpollEventLoop.java:394) ~[netty-transport-native-epoll-4.1.24.Final-linux-x86_64.jar:4.1.24.Final]
	at io.netty.channel.epoll.EpollEventLoop.run(EpollEventLoop.java:304) ~[netty-transport-native-epoll-4.1.24.Final-linux-x86_64.jar:4.1.24.Final]
	at io.netty.util.concurrent.SingleThreadEventExecutor$5.run(SingleThreadEventExecutor.java:884) ~[netty-common-4.1.24.Final.jar:4.1.24.Final]
	at java.lang.Thread.run(Thread.java:745) ~[na:1.8.0_121]
Caused by: io.netty.channel.AbstractChannel$AnnotatedConnectException: syscall:getsockopt(..) failed: Connection refused: localhost/127.0.0.1:5001
	at io.netty.channel.unix.Socket.finishConnect(..)(Unknown Source) ~[netty-transport-native-unix-common-4.1.24.Final.jar:4.1.24.Final]
Caused by: io.netty.channel.unix.Errors$NativeConnectException: syscall:getsockopt(..) failed: Connection refused
	... 1 common frames omitted
00:17:06.732 [atomix-system-9] TRACE i.a.p.backup.roles.PrimaryRole - PrimaryRole{system-partition-1}{role=PRIMARY} - Replication to 2 failed! {}
java.util.concurrent.CompletionException: io.netty.channel.AbstractChannel$AnnotatedConnectException: syscall:getsockopt(..) failed: Connection refused: localhost/127.0.0.1:5002
	at java.util.concurrent.CompletableFuture.encodeThrowable(CompletableFuture.java:292) ~[na:1.8.0_121]
	at java.util.concurrent.CompletableFuture.completeThrowable(CompletableFuture.java:308) ~[na:1.8.0_121]
	at java.util.concurrent.CompletableFuture.uniApply(CompletableFuture.java:593) ~[na:1.8.0_121]
	at java.util.concurrent.CompletableFuture$UniApply.tryFire(CompletableFuture.java:577) ~[na:1.8.0_121]
	at java.util.concurrent.CompletableFuture.postComplete(CompletableFuture.java:474) ~[na:1.8.0_121]
	at java.util.concurrent.CompletableFuture.completeExceptionally(CompletableFuture.java:1977) ~[na:1.8.0_121]
	at io.atomix.cluster.messaging.impl.NettyMessagingService.lambda$null$15(NettyMessagingService.java:503) ~[classes/:na]
	at com.google.common.util.concurrent.MoreExecutors$DirectExecutor.execute(MoreExecutors.java:399) ~[guava-22.0.jar:na]
	at io.atomix.cluster.messaging.impl.NettyMessagingService.lambda$executeOnPooledConnection$16(NettyMessagingService.java:503) ~[classes/:na]
	at java.util.concurrent.CompletableFuture.uniWhenComplete(CompletableFuture.java:760) ~[na:1.8.0_121]
	at java.util.concurrent.CompletableFuture$UniWhenComplete.tryFire(CompletableFuture.java:736) ~[na:1.8.0_121]
	at java.util.concurrent.CompletableFuture.postComplete(CompletableFuture.java:474) ~[na:1.8.0_121]
	at java.util.concurrent.CompletableFuture.completeExceptionally(CompletableFuture.java:1977) ~[na:1.8.0_121]
	at io.atomix.cluster.messaging.impl.NettyMessagingService.lambda$null$5(NettyMessagingService.java:436) ~[classes/:na]
	at java.util.concurrent.CompletableFuture.uniWhenComplete(CompletableFuture.java:760) ~[na:1.8.0_121]
	at java.util.concurrent.CompletableFuture$UniWhenComplete.tryFire(CompletableFuture.java:736) ~[na:1.8.0_121]
	at java.util.concurrent.CompletableFuture.postComplete(CompletableFuture.java:474) ~[na:1.8.0_121]
	at java.util.concurrent.CompletableFuture.completeExceptionally(CompletableFuture.java:1977) ~[na:1.8.0_121]
	at io.atomix.cluster.messaging.impl.NettyMessagingService.lambda$getChannel$7(NettyMessagingService.java:452) ~[classes/:na]
	at java.util.concurrent.CompletableFuture.uniWhenComplete(CompletableFuture.java:760) ~[na:1.8.0_121]
	at java.util.concurrent.CompletableFuture$UniWhenComplete.tryFire(CompletableFuture.java:736) ~[na:1.8.0_121]
	at java.util.concurrent.CompletableFuture.postComplete(CompletableFuture.java:474) ~[na:1.8.0_121]
	at java.util.concurrent.CompletableFuture.completeExceptionally(CompletableFuture.java:1977) ~[na:1.8.0_121]
	at io.atomix.cluster.messaging.impl.NettyMessagingService.lambda$openChannel$25(NettyMessagingService.java:626) ~[classes/:na]
	at io.netty.util.concurrent.DefaultPromise.notifyListener0(DefaultPromise.java:511) ~[netty-common-4.1.24.Final.jar:4.1.24.Final]
	at io.netty.util.concurrent.DefaultPromise.notifyListeners0(DefaultPromise.java:504) ~[netty-common-4.1.24.Final.jar:4.1.24.Final]
	at io.netty.util.concurrent.DefaultPromise.notifyListenersNow(DefaultPromise.java:483) ~[netty-common-4.1.24.Final.jar:4.1.24.Final]
	at io.netty.util.concurrent.DefaultPromise.notifyListeners(DefaultPromise.java:424) ~[netty-common-4.1.24.Final.jar:4.1.24.Final]
	at io.netty.util.concurrent.DefaultPromise.tryFailure(DefaultPromise.java:121) ~[netty-common-4.1.24.Final.jar:4.1.24.Final]
	at io.netty.channel.epoll.AbstractEpollChannel$AbstractEpollUnsafe.fulfillConnectPromise(AbstractEpollChannel.java:633) ~[netty-transport-native-epoll-4.1.24.Final-linux-x86_64.jar:4.1.24.Final]
	at io.netty.channel.epoll.AbstractEpollChannel$AbstractEpollUnsafe.finishConnect(AbstractEpollChannel.java:652) ~[netty-transport-native-epoll-4.1.24.Final-linux-x86_64.jar:4.1.24.Final]
	at io.netty.channel.epoll.AbstractEpollChannel$AbstractEpollUnsafe.epollOutReady(AbstractEpollChannel.java:526) ~[netty-transport-native-epoll-4.1.24.Final-linux-x86_64.jar:4.1.24.Final]
	at io.netty.channel.epoll.EpollEventLoop.processReady(EpollEventLoop.java:394) ~[netty-transport-native-epoll-4.1.24.Final-linux-x86_64.jar:4.1.24.Final]
	at io.netty.channel.epoll.EpollEventLoop.run(EpollEventLoop.java:304) ~[netty-transport-native-epoll-4.1.24.Final-linux-x86_64.jar:4.1.24.Final]
	at io.netty.util.concurrent.SingleThreadEventExecutor$5.run(SingleThreadEventExecutor.java:884) ~[netty-common-4.1.24.Final.jar:4.1.24.Final]
	at java.lang.Thread.run(Thread.java:745) ~[na:1.8.0_121]
Caused by: io.netty.channel.AbstractChannel$AnnotatedConnectException: syscall:getsockopt(..) failed: Connection refused: localhost/127.0.0.1:5002
	at io.netty.channel.unix.Socket.finishConnect(..)(Unknown Source) ~[netty-transport-native-unix-common-4.1.24.Final.jar:4.1.24.Final]
Caused by: io.netty.channel.unix.Errors$NativeConnectException: syscall:getsockopt(..) failed: Connection refused
	... 1 common frames omitted
00:17:07.697 [atomix-system-14] TRACE i.a.p.backup.roles.PrimaryRole - PrimaryRole{system-partition-1}{role=PRIMARY} - Sending BackupRequest{primary=3, term=14, index=71, primitive=PrimitiveDescriptor{name=atomix-primary-elector, type=PRIMARY_ELECTOR, backups=1, replication=ASYNCHRONOUS}, operations=[HeartbeatOperation{index=78, timestamp=1528669027697}]} to 1
00:17:07.730 [atomix-system-0] TRACE i.a.p.backup.roles.PrimaryRole - PrimaryRole{system-partition-1}{role=PRIMARY} - Sending BackupRequest{primary=3, term=14, index=7, primitive=PrimitiveDescriptor{name=primitives, type=consistent-map, backups=2, replication=SYNCHRONOUS}, operations=[HeartbeatOperation{index=10, timestamp=1528669027730}]} to 1
00:17:07.730 [atomix-system-0] TRACE i.a.p.backup.roles.PrimaryRole - PrimaryRole{system-partition-1}{role=PRIMARY} - Sending BackupRequest{primary=3, term=14, index=7, primitive=PrimitiveDescriptor{name=primitives, type=consistent-map, backups=2, replication=SYNCHRONOUS}, operations=[HeartbeatOperation{index=10, timestamp=1528669027730}]} to 2
00:17:07.731 [atomix-system-5] TRACE i.a.p.backup.roles.PrimaryRole - PrimaryRole{system-partition-1}{role=PRIMARY} - Replication to 1 failed! {}
java.util.concurrent.CompletionException: io.netty.channel.AbstractChannel$AnnotatedConnectException: syscall:getsockopt(..) failed: Connection refused: localhost/127.0.0.1:5001
	at java.util.concurrent.CompletableFuture.encodeThrowable(CompletableFuture.java:292) ~[na:1.8.0_121]
	at java.util.concurrent.CompletableFuture.completeThrowable(CompletableFuture.java:308) ~[na:1.8.0_121]
	at java.util.concurrent.CompletableFuture.uniApply(CompletableFuture.java:593) ~[na:1.8.0_121]
	at java.util.concurrent.CompletableFuture$UniApply.tryFire(CompletableFuture.java:577) ~[na:1.8.0_121]
	at java.util.concurrent.CompletableFuture.postComplete(CompletableFuture.java:474) ~[na:1.8.0_121]
	at java.util.concurrent.CompletableFuture.completeExceptionally(CompletableFuture.java:1977) ~[na:1.8.0_121]
	at io.atomix.cluster.messaging.impl.NettyMessagingService.lambda$null$15(NettyMessagingService.java:503) ~[classes/:na]
	at com.google.common.util.concurrent.MoreExecutors$DirectExecutor.execute(MoreExecutors.java:399) ~[guava-22.0.jar:na]
	at io.atomix.cluster.messaging.impl.NettyMessagingService.lambda$executeOnPooledConnection$16(NettyMessagingService.java:503) ~[classes/:na]
	at java.util.concurrent.CompletableFuture.uniWhenComplete(CompletableFuture.java:760) ~[na:1.8.0_121]
	at java.util.concurrent.CompletableFuture$UniWhenComplete.tryFire(CompletableFuture.java:736) ~[na:1.8.0_121]
	at java.util.concurrent.CompletableFuture.postComplete(CompletableFuture.java:474) ~[na:1.8.0_121]
	at java.util.concurrent.CompletableFuture.completeExceptionally(CompletableFuture.java:1977) ~[na:1.8.0_121]
	at io.atomix.cluster.messaging.impl.NettyMessagingService.lambda$getChannel$7(NettyMessagingService.java:452) ~[classes/:na]
	at java.util.concurrent.CompletableFuture.uniWhenComplete(CompletableFuture.java:760) ~[na:1.8.0_121]
	at java.util.concurrent.CompletableFuture$UniWhenComplete.tryFire(CompletableFuture.java:736) ~[na:1.8.0_121]
	at java.util.concurrent.CompletableFuture.postComplete(CompletableFuture.java:474) ~[na:1.8.0_121]
	at java.util.concurrent.CompletableFuture.completeExceptionally(CompletableFuture.java:1977) ~[na:1.8.0_121]
	at io.atomix.cluster.messaging.impl.NettyMessagingService.lambda$openChannel$25(NettyMessagingService.java:626) ~[classes/:na]
	at io.netty.util.concurrent.DefaultPromise.notifyListener0(DefaultPromise.java:511) ~[netty-common-4.1.24.Final.jar:4.1.24.Final]
	at io.netty.util.concurrent.DefaultPromise.notifyListeners0(DefaultPromise.java:504) ~[netty-common-4.1.24.Final.jar:4.1.24.Final]
	at io.netty.util.concurrent.DefaultPromise.notifyListenersNow(DefaultPromise.java:483) ~[netty-common-4.1.24.Final.jar:4.1.24.Final]
	at io.netty.util.concurrent.DefaultPromise.notifyListeners(DefaultPromise.java:424) ~[netty-common-4.1.24.Final.jar:4.1.24.Final]
	at io.netty.util.concurrent.DefaultPromise.tryFailure(DefaultPromise.java:121) ~[netty-common-4.1.24.Final.jar:4.1.24.Final]
	at io.netty.channel.epoll.AbstractEpollChannel$AbstractEpollUnsafe.fulfillConnectPromise(AbstractEpollChannel.java:633) ~[netty-transport-native-epoll-4.1.24.Final-linux-x86_64.jar:4.1.24.Final]
	at io.netty.channel.epoll.AbstractEpollChannel$AbstractEpollUnsafe.finishConnect(AbstractEpollChannel.java:652) ~[netty-transport-native-epoll-4.1.24.Final-linux-x86_64.jar:4.1.24.Final]
	at io.netty.channel.epoll.AbstractEpollChannel$AbstractEpollUnsafe.epollOutReady(AbstractEpollChannel.java:526) ~[netty-transport-native-epoll-4.1.24.Final-linux-x86_64.jar:4.1.24.Final]
	at io.netty.channel.epoll.EpollEventLoop.processReady(EpollEventLoop.java:394) ~[netty-transport-native-epoll-4.1.24.Final-linux-x86_64.jar:4.1.24.Final]
	at io.netty.channel.epoll.EpollEventLoop.run(EpollEventLoop.java:304) ~[netty-transport-native-epoll-4.1.24.Final-linux-x86_64.jar:4.1.24.Final]
	at io.netty.util.concurrent.SingleThreadEventExecutor$5.run(SingleThreadEventExecutor.java:884) ~[netty-common-4.1.24.Final.jar:4.1.24.Final]
	at java.lang.Thread.run(Thread.java:745) ~[na:1.8.0_121]
Caused by: io.netty.channel.AbstractChannel$AnnotatedConnectException: syscall:getsockopt(..) failed: Connection refused: localhost/127.0.0.1:5001
	at io.netty.channel.unix.Socket.finishConnect(..)(Unknown Source) ~[netty-transport-native-unix-common-4.1.24.Final.jar:4.1.24.Final]
Caused by: io.netty.channel.unix.Errors$NativeConnectException: syscall:getsockopt(..) failed: Connection refused
	... 1 common frames omitted
00:17:07.732 [atomix-system-5] TRACE i.a.p.backup.roles.PrimaryRole - PrimaryRole{system-partition-1}{role=PRIMARY} - Replication to 2 failed! {}
java.util.concurrent.CompletionException: io.netty.channel.AbstractChannel$AnnotatedConnectException: syscall:getsockopt(..) failed: Connection refused: localhost/127.0.0.1:5002
	at java.util.concurrent.CompletableFuture.encodeThrowable(CompletableFuture.java:292) ~[na:1.8.0_121]
	at java.util.concurrent.CompletableFuture.completeThrowable(CompletableFuture.java:308) ~[na:1.8.0_121]
	at java.util.concurrent.CompletableFuture.uniApply(CompletableFuture.java:593) ~[na:1.8.0_121]
	at java.util.concurrent.CompletableFuture$UniApply.tryFire(CompletableFuture.java:577) ~[na:1.8.0_121]
	at java.util.concurrent.CompletableFuture.postComplete(CompletableFuture.java:474) ~[na:1.8.0_121]
	at java.util.concurrent.CompletableFuture.completeExceptionally(CompletableFuture.java:1977) ~[na:1.8.0_121]
	at io.atomix.cluster.messaging.impl.NettyMessagingService.lambda$null$15(NettyMessagingService.java:503) ~[classes/:na]
	at com.google.common.util.concurrent.MoreExecutors$DirectExecutor.execute(MoreExecutors.java:399) ~[guava-22.0.jar:na]
	at io.atomix.cluster.messaging.impl.NettyMessagingService.lambda$executeOnPooledConnection$16(NettyMessagingService.java:503) ~[classes/:na]
	at java.util.concurrent.CompletableFuture.uniWhenComplete(CompletableFuture.java:760) ~[na:1.8.0_121]
	at java.util.concurrent.CompletableFuture$UniWhenComplete.tryFire(CompletableFuture.java:736) ~[na:1.8.0_121]
	at java.util.concurrent.CompletableFuture.postComplete(CompletableFuture.java:474) ~[na:1.8.0_121]
	at java.util.concurrent.CompletableFuture.completeExceptionally(CompletableFuture.java:1977) ~[na:1.8.0_121]
	at io.atomix.cluster.messaging.impl.NettyMessagingService.lambda$getChannel$7(NettyMessagingService.java:452) ~[classes/:na]
	at java.util.concurrent.CompletableFuture.uniWhenComplete(CompletableFuture.java:760) ~[na:1.8.0_121]
	at java.util.concurrent.CompletableFuture$UniWhenComplete.tryFire(CompletableFuture.java:736) ~[na:1.8.0_121]
	at java.util.concurrent.CompletableFuture.postComplete(CompletableFuture.java:474) ~[na:1.8.0_121]
	at java.util.concurrent.CompletableFuture.completeExceptionally(CompletableFuture.java:1977) ~[na:1.8.0_121]
	at io.atomix.cluster.messaging.impl.NettyMessagingService.lambda$openChannel$25(NettyMessagingService.java:626) ~[classes/:na]
	at io.netty.util.concurrent.DefaultPromise.notifyListener0(DefaultPromise.java:511) ~[netty-common-4.1.24.Final.jar:4.1.24.Final]
	at io.netty.util.concurrent.DefaultPromise.notifyListeners0(DefaultPromise.java:504) ~[netty-common-4.1.24.Final.jar:4.1.24.Final]
	at io.netty.util.concurrent.DefaultPromise.notifyListenersNow(DefaultPromise.java:483) ~[netty-common-4.1.24.Final.jar:4.1.24.Final]
	at io.netty.util.concurrent.DefaultPromise.notifyListeners(DefaultPromise.java:424) ~[netty-common-4.1.24.Final.jar:4.1.24.Final]
	at io.netty.util.concurrent.DefaultPromise.tryFailure(DefaultPromise.java:121) ~[netty-common-4.1.24.Final.jar:4.1.24.Final]
	at io.netty.channel.epoll.AbstractEpollChannel$AbstractEpollUnsafe.fulfillConnectPromise(AbstractEpollChannel.java:633) ~[netty-transport-native-epoll-4.1.24.Final-linux-x86_64.jar:4.1.24.Final]
	at io.netty.channel.epoll.AbstractEpollChannel$AbstractEpollUnsafe.finishConnect(AbstractEpollChannel.java:652) ~[netty-transport-native-epoll-4.1.24.Final-linux-x86_64.jar:4.1.24.Final]
	at io.netty.channel.epoll.AbstractEpollChannel$AbstractEpollUnsafe.epollOutReady(AbstractEpollChannel.java:526) ~[netty-transport-native-epoll-4.1.24.Final-linux-x86_64.jar:4.1.24.Final]
	at io.netty.channel.epoll.EpollEventLoop.processReady(EpollEventLoop.java:394) ~[netty-transport-native-epoll-4.1.24.Final-linux-x86_64.jar:4.1.24.Final]
	at io.netty.channel.epoll.EpollEventLoop.run(EpollEventLoop.java:304) ~[netty-transport-native-epoll-4.1.24.Final-linux-x86_64.jar:4.1.24.Final]
	at io.netty.util.concurrent.SingleThreadEventExecutor$5.run(SingleThreadEventExecutor.java:884) ~[netty-common-4.1.24.Final.jar:4.1.24.Final]
	at java.lang.Thread.run(Thread.java:745) ~[na:1.8.0_121]
Caused by: io.netty.channel.AbstractChannel$AnnotatedConnectException: syscall:getsockopt(..) failed: Connection refused: localhost/127.0.0.1:5002
	at io.netty.channel.unix.Socket.finishConnect(..)(Unknown Source) ~[netty-transport-native-unix-common-4.1.24.Final.jar:4.1.24.Final]
Caused by: io.netty.channel.unix.Errors$NativeConnectException: syscall:getsockopt(..) failed: Connection refused
	... 1 common frames omitted
00:17:08.002 [atomix-cluster-heartbeat-sender] INFO  i.a.c.i.DefaultClusterMembershipService - 3 - Member deactivated: StatefulMember{id=1, address=localhost:5001, metadata={}}
00:17:08.002 [atomix-cluster-heartbeat-sender] DEBUG i.a.p.b.s.i.PrimaryBackupServiceContext - PrimitiveService{system-partition-1}{type=PRIMARY_ELECTOR, name=atomix-primary-elector} - Term changed: PrimaryTerm{term=15, primary=GroupMember{memberId=3, groupId=3}, candidates=[GroupMember{memberId=2, groupId=2}]}
00:17:08.002 [atomix-cluster-heartbeat-sender] DEBUG i.a.p.b.s.i.PrimaryBackupServiceContext - PrimitiveService{system-partition-1}{type=consistent-map, name=primitives} - Term changed: PrimaryTerm{term=15, primary=GroupMember{memberId=3, groupId=3}, candidates=[GroupMember{memberId=2, groupId=2}]}
00:17:08.104 [atomix-cluster-heartbeat-sender] INFO  i.a.c.i.DefaultClusterMembershipService - 3 - Member deactivated: StatefulMember{id=2, address=localhost:5002, metadata={}}
00:17:08.104 [atomix-cluster-heartbeat-sender] DEBUG i.a.p.b.s.i.PrimaryBackupServiceContext - PrimitiveService{system-partition-1}{type=PRIMARY_ELECTOR, name=atomix-primary-elector} - Term changed: PrimaryTerm{term=16, primary=GroupMember{memberId=3, groupId=3}, candidates=[]}
00:17:08.104 [atomix-cluster-heartbeat-sender] DEBUG i.a.p.b.s.i.PrimaryBackupServiceContext - PrimitiveService{system-partition-1}{type=consistent-map, name=primitives} - Term changed: PrimaryTerm{term=16, primary=GroupMember{memberId=3, groupId=3}, candidates=[]}
</system-out>
  </testcase>
  <testcase name="testClientJoinLeaveConsensus" classname="io.atomix.core.AtomixTest" time="0.544">
    <error message="io.atomix.utils.config.ConfigurationException: Duplicate system group detected" type="java.util.concurrent.ExecutionException">java.util.concurrent.ExecutionException: io.atomix.utils.config.ConfigurationException: Duplicate system group detected
	at io.atomix.primitive.partition.impl.DefaultPartitionGroupMembershipService.updatePartitionGroups(DefaultPartitionGroupMembershipService.java:248)
	at io.atomix.primitive.partition.impl.DefaultPartitionGroupMembershipService.lambda$bootstrap$7(DefaultPartitionGroupMembershipService.java:223)
	at java.util.concurrent.CompletableFuture.uniWhenComplete(CompletableFuture.java:760)
	at java.util.concurrent.CompletableFuture$UniWhenComplete.tryFire(CompletableFuture.java:736)
	at java.util.concurrent.CompletableFuture$Completion.run(CompletableFuture.java:442)
	at java.util.concurrent.Executors$RunnableAdapter.call(Executors.java:511)
	at java.util.concurrent.FutureTask.run(FutureTask.java:266)
	at java.util.concurrent.ScheduledThreadPoolExecutor$ScheduledFutureTask.access$201(ScheduledThreadPoolExecutor.java:180)
	at java.util.concurrent.ScheduledThreadPoolExecutor$ScheduledFutureTask.run(ScheduledThreadPoolExecutor.java:293)
	at java.util.concurrent.ThreadPoolExecutor.runWorker(ThreadPoolExecutor.java:1142)
	at java.util.concurrent.ThreadPoolExecutor$Worker.run(ThreadPoolExecutor.java:617)
	at java.lang.Thread.run(Thread.java:745)
</error>
    <system-out>00:17:35.946 [main] WARN  i.a.c.m.impl.NettyMessagingService - Disabling TLS for intra-cluster messaging; Could not load cluster key store: ../config/atomix.jks (No such file or directory)
00:17:35.947 [netty-messaging-event-epoll-server-0] INFO  i.a.c.m.impl.NettyMessagingService - localhost/127.0.0.1 accepting incoming connections on port 5001
00:17:35.948 [netty-messaging-event-epoll-server-0] INFO  i.a.c.m.impl.NettyMessagingService - Started
00:17:35.948 [atomix-cluster-0] INFO  i.a.c.i.DefaultClusterMembershipService - 1 - Member activated: StatefulMember{id=1, address=localhost:5001, metadata={}}
00:17:35.948 [atomix-cluster-0] INFO  i.a.c.i.DefaultClusterMembershipService - 1 - Member activated: StatefulMember{id=2, address=localhost:5002, metadata={}}
00:17:35.948 [atomix-cluster-0] INFO  i.a.c.i.DefaultClusterMembershipService - 1 - Member activated: StatefulMember{id=3, address=localhost:5003, metadata={}}
00:17:35.949 [atomix-cluster-heartbeat-receiver] INFO  i.a.c.i.DefaultClusterMembershipService - 3 - Member activated: StatefulMember{id=1, address=localhost:5001, metadata={}}
00:17:35.950 [netty-messaging-event-epoll-client-1] INFO  i.a.c.i.DefaultClusterMembershipService - Started
00:17:35.950 [atomix-cluster-0] INFO  i.a.c.m.i.DefaultClusterCommunicationService - Started
00:17:35.950 [atomix-cluster-0] INFO  i.a.c.m.i.DefaultClusterEventService - Started
00:17:35.952 [atomix-partition-group-membership-service-0] WARN  i.a.p.p.i.DefaultPartitionGroupMembershipService - Duplicate system group detected
00:17:36.113 [main] WARN  i.a.c.m.impl.NettyMessagingService - Disabling TLS for intra-cluster messaging; Could not load cluster key store: ../config/atomix.jks (No such file or directory)
00:17:36.114 [netty-messaging-event-epoll-server-0] INFO  i.a.c.m.impl.NettyMessagingService - localhost/127.0.0.1 accepting incoming connections on port 5002
00:17:36.114 [netty-messaging-event-epoll-server-0] INFO  i.a.c.m.impl.NettyMessagingService - Started
00:17:36.115 [atomix-cluster-0] INFO  i.a.c.i.DefaultClusterMembershipService - 2 - Member activated: StatefulMember{id=2, address=localhost:5002, metadata={}}
00:17:36.115 [atomix-cluster-0] INFO  i.a.c.i.DefaultClusterMembershipService - 2 - Member activated: StatefulMember{id=1, address=localhost:5001, metadata={}}
00:17:36.115 [atomix-cluster-0] INFO  i.a.c.i.DefaultClusterMembershipService - 2 - Member activated: StatefulMember{id=3, address=localhost:5003, metadata={}}
00:17:36.116 [atomix-cluster-heartbeat-receiver] INFO  i.a.c.i.DefaultClusterMembershipService - 3 - Member activated: StatefulMember{id=2, address=localhost:5002, metadata={}}
00:17:36.117 [netty-messaging-event-epoll-client-1] INFO  i.a.c.i.DefaultClusterMembershipService - Started
00:17:36.117 [atomix-cluster-0] INFO  i.a.c.m.i.DefaultClusterCommunicationService - Started
00:17:36.117 [atomix-cluster-0] INFO  i.a.c.m.i.DefaultClusterEventService - Started
00:17:36.118 [atomix-partition-group-membership-service-0] WARN  i.a.p.p.i.DefaultPartitionGroupMembershipService - Duplicate system group detected
00:17:36.277 [main] WARN  i.a.c.m.impl.NettyMessagingService - Disabling TLS for intra-cluster messaging; Could not load cluster key store: ../config/atomix.jks (No such file or directory)
00:17:36.279 [netty-messaging-event-epoll-server-0] WARN  i.a.c.m.impl.NettyMessagingService - localhost/127.0.0.1 failed to bind to port 5003 due to {}
io.netty.channel.unix.Errors$NativeIoException: bind(..) failed: Address already in use
	at io.netty.channel.unix.Errors.newIOException(Errors.java:122) ~[netty-transport-native-unix-common-4.1.24.Final.jar:4.1.24.Final]
	at io.netty.channel.unix.Socket.bind(Socket.java:287) ~[netty-transport-native-unix-common-4.1.24.Final.jar:4.1.24.Final]
	at io.netty.channel.epoll.AbstractEpollChannel.doBind(AbstractEpollChannel.java:688) ~[netty-transport-native-epoll-4.1.24.Final-linux-x86_64.jar:4.1.24.Final]
	at io.netty.channel.epoll.EpollServerSocketChannel.doBind(EpollServerSocketChannel.java:70) ~[netty-transport-native-epoll-4.1.24.Final-linux-x86_64.jar:4.1.24.Final]
	at io.netty.channel.AbstractChannel$AbstractUnsafe.bind(AbstractChannel.java:558) ~[netty-transport-4.1.24.Final.jar:4.1.24.Final]
	at io.netty.channel.DefaultChannelPipeline$HeadContext.bind(DefaultChannelPipeline.java:1358) ~[netty-transport-4.1.24.Final.jar:4.1.24.Final]
	at io.netty.channel.AbstractChannelHandlerContext.invokeBind(AbstractChannelHandlerContext.java:501) ~[netty-transport-4.1.24.Final.jar:4.1.24.Final]
	at io.netty.channel.AbstractChannelHandlerContext.bind(AbstractChannelHandlerContext.java:486) ~[netty-transport-4.1.24.Final.jar:4.1.24.Final]
	at io.netty.channel.DefaultChannelPipeline.bind(DefaultChannelPipeline.java:1019) ~[netty-transport-4.1.24.Final.jar:4.1.24.Final]
	at io.netty.channel.AbstractChannel.bind(AbstractChannel.java:254) ~[netty-transport-4.1.24.Final.jar:4.1.24.Final]
	at io.netty.bootstrap.AbstractBootstrap$2.run(AbstractBootstrap.java:366) ~[netty-transport-4.1.24.Final.jar:4.1.24.Final]
	at io.netty.util.concurrent.AbstractEventExecutor.safeExecute(AbstractEventExecutor.java:163) ~[netty-common-4.1.24.Final.jar:4.1.24.Final]
	at io.netty.util.concurrent.SingleThreadEventExecutor.runAllTasks(SingleThreadEventExecutor.java:404) ~[netty-common-4.1.24.Final.jar:4.1.24.Final]
	at io.netty.channel.epoll.EpollEventLoop.run(EpollEventLoop.java:309) ~[netty-transport-native-epoll-4.1.24.Final-linux-x86_64.jar:4.1.24.Final]
	at io.netty.util.concurrent.SingleThreadEventExecutor$5.run(SingleThreadEventExecutor.java:884) ~[netty-common-4.1.24.Final.jar:4.1.24.Final]
	at java.lang.Thread.run(Thread.java:745) ~[na:1.8.0_121]
00:17:36.279 [main] INFO  i.a.core.impl.CorePrimitivesService - Stopped
00:17:36.279 [main] INFO  i.a.core.impl.CorePrimitivesService - Stopped
00:17:36.279 [main] INFO  i.a.core.impl.CorePrimitivesService - Stopped
00:17:36.279 [atomix-0] INFO  i.a.p.r.partition.RaftPartitionGroup - Stopped
00:17:36.279 [atomix-0] INFO  i.a.p.r.partition.RaftPartitionGroup - Stopped
00:17:36.279 [atomix-0] INFO  i.a.p.r.partition.RaftPartitionGroup - Stopped
00:17:36.279 [atomix-0] WARN  i.a.utils.event.ListenerRegistry - Listener io.atomix.primitive.partition.impl.DefaultPartitionService$$Lambda$51/1607792885@7447b226 not registered
00:17:36.279 [atomix-0] INFO  i.a.p.r.partition.RaftPartitionGroup - Stopped
00:17:36.279 [atomix-0] INFO  i.a.p.p.i.DefaultPartitionGroupMembershipService - Stopped
00:17:36.279 [atomix-0] INFO  i.a.p.r.partition.RaftPartitionGroup - Stopped
00:17:36.279 [atomix-0] INFO  i.a.p.p.i.DefaultPartitionGroupMembershipService - Stopped
00:17:36.279 [atomix-0] INFO  i.a.p.p.impl.DefaultPartitionService - Stopped
00:17:36.280 [atomix-0] INFO  i.a.p.r.partition.RaftPartitionGroup - Stopped
00:17:36.280 [atomix-0] INFO  i.a.p.p.impl.DefaultPartitionService - Stopped
00:17:36.280 [atomix-0] INFO  i.a.c.m.i.DefaultClusterCommunicationService - Stopped
00:17:36.280 [atomix-0] WARN  i.a.utils.event.ListenerRegistry - Listener io.atomix.primitive.partition.impl.DefaultPartitionGroupMembershipService$$Lambda$52/737945227@7a8042de not registered
00:17:36.280 [atomix-0] INFO  i.a.c.m.i.DefaultClusterCommunicationService - Stopped
00:17:36.280 [atomix-cluster-0] INFO  i.a.c.m.i.DefaultClusterEventService - Stopped
00:17:36.280 [atomix-0] INFO  i.a.p.p.i.DefaultPartitionGroupMembershipService - Stopped
00:17:36.280 [atomix-cluster-0] INFO  i.a.c.m.i.DefaultClusterEventService - Stopped
00:17:36.280 [atomix-0] INFO  i.a.p.p.impl.DefaultPartitionService - Stopped
00:17:36.280 [atomix-cluster-0] INFO  i.a.c.i.DefaultClusterMembershipService - 1 - Member deactivated: StatefulMember{id=1, address=localhost:5001, metadata={}}
00:17:36.280 [atomix-cluster-0] INFO  i.a.c.i.DefaultClusterMembershipService - 2 - Member deactivated: StatefulMember{id=2, address=localhost:5002, metadata={}}
00:17:36.280 [atomix-cluster-0] INFO  i.a.c.i.DefaultClusterMembershipService - Stopped
00:17:36.280 [atomix-cluster-0] INFO  i.a.c.m.impl.NettyMessagingService - Stopped
00:17:36.280 [atomix-cluster-0] INFO  i.a.c.i.DefaultClusterMembershipService - Stopped
00:17:36.280 [atomix-cluster-0] INFO  io.atomix.cluster.AtomixCluster - Stopped
00:17:36.284 [netty-messaging-event-epoll-server-0] INFO  i.a.c.m.impl.NettyMessagingService - Stopped
00:17:36.284 [atomix-cluster-0] INFO  io.atomix.cluster.AtomixCluster - Stopped
00:17:36.285 [netty-messaging-event-epoll-server-0] INFO  i.a.c.m.impl.NettyMessagingService - Stopped
00:17:36.285 [atomix-cluster-0] INFO  io.atomix.cluster.AtomixCluster - Stopped
</system-out>
  </testcase>
  <testcase name="testScaleUpEphemeral" classname="io.atomix.core.AtomixTest" time="1.019">
    <error message="io.netty.channel.AbstractChannel$AnnotatedConnectException: syscall:getsockopt(..) failed: Connection refused: /127.0.0.1:5003" type="java.util.concurrent.ExecutionException">java.util.concurrent.ExecutionException: io.netty.channel.AbstractChannel$AnnotatedConnectException: syscall:getsockopt(..) failed: Connection refused: /127.0.0.1:5003
	at io.netty.channel.unix.Socket.finishConnect(..)(Unknown Source)
</error>
    <system-out>00:17:36.600 [main] WARN  i.a.c.m.impl.NettyMessagingService - Disabling TLS for intra-cluster messaging; Could not load cluster key store: ../config/atomix.jks (No such file or directory)
00:17:36.602 [netty-messaging-event-epoll-server-0] INFO  i.a.c.m.impl.NettyMessagingService - localhost/127.0.0.1 accepting incoming connections on port 5001
00:17:36.602 [netty-messaging-event-epoll-server-0] INFO  i.a.c.m.impl.NettyMessagingService - Started
00:17:36.602 [atomix-cluster-0] INFO  i.a.c.i.DefaultClusterMembershipService - 1 - Member activated: StatefulMember{id=1, address=localhost:5001, metadata={}}
00:17:36.603 [atomix-cluster-0] INFO  i.a.c.i.DefaultClusterMembershipService - Started
00:17:36.603 [atomix-cluster-0] INFO  i.a.c.m.i.DefaultClusterCommunicationService - Started
00:17:36.603 [atomix-cluster-0] INFO  i.a.c.m.i.DefaultClusterEventService - Started
00:17:36.603 [atomix-0] INFO  i.a.p.p.i.DefaultPartitionGroupMembershipService - Started
00:17:36.603 [atomix-0] INFO  i.a.p.p.i.HashBasedPrimaryElectionService - Started
00:17:36.604 [atomix-0] INFO  i.a.p.b.p.i.PrimaryBackupPartitionServer - Successfully started server for PartitionId{id=1, group=system}
00:17:36.604 [atomix-0] INFO  i.a.p.b.p.i.PrimaryBackupPartitionClient - Successfully started client for PartitionId{id=1, group=system}
00:17:36.604 [atomix-0] INFO  i.a.p.b.p.PrimaryBackupPartitionGroup - Started
00:17:36.606 [atomix-system-2] TRACE i.a.p.b.s.PrimaryBackupSessionClient - SessionClient{system-partition-1}{type=PRIMARY_ELECTOR, name=atomix-primary-elector} - Sending ExecuteRequest{session=-9052977181953038708, node=1, primitive=PrimitiveDescriptor{name=atomix-primary-elector, type=PRIMARY_ELECTOR, backups=1, replication=ASYNCHRONOUS}, operation=PrimitiveOperation{id=DefaultOperationId{id=ENTER, type=COMMAND}, value=byte[]{length=28, hash=479217703}}} to GroupMember{memberId=1, groupId=1}
00:17:36.608 [atomix-system-2] DEBUG i.a.p.b.s.i.PrimaryBackupServiceContext - PrimitiveService{system-partition-1}{type=PRIMARY_ELECTOR, name=atomix-primary-elector} - Term changed: PrimaryTerm{term=1, primary=GroupMember{memberId=1, groupId=1}, candidates=[]}
00:17:36.608 [atomix-system-2] DEBUG i.a.p.b.s.i.PrimaryBackupServiceContext - PrimitiveService{system-partition-1}{type=PRIMARY_ELECTOR, name=atomix-primary-elector} - 1 transitioning to PRIMARY
00:17:36.608 [atomix-system-2] TRACE i.a.p.b.s.PrimaryBackupSessionClient - SessionClient{system-partition-1}{type=PRIMARY_ELECTOR, name=atomix-primary-elector} - Sending ExecuteRequest{session=-9052977181953038708, node=1, primitive=PrimitiveDescriptor{name=atomix-primary-elector, type=PRIMARY_ELECTOR, backups=1, replication=ASYNCHRONOUS}, operation=PrimitiveOperation{id=DefaultOperationId{id=ENTER, type=COMMAND}, value=byte[]{length=28, hash=479217645}}} to GroupMember{memberId=1, groupId=1}
00:17:36.608 [atomix-system-3] TRACE i.a.p.backup.roles.PrimaryRole - PrimaryRole{system-partition-1}{role=PRIMARY} - Received ExecuteRequest{session=-9052977181953038708, node=1, primitive=PrimitiveDescriptor{name=atomix-primary-elector, type=PRIMARY_ELECTOR, backups=1, replication=ASYNCHRONOUS}, operation=PrimitiveOperation{id=DefaultOperationId{id=ENTER, type=COMMAND}, value=byte[]{length=28, hash=479217703}}}
00:17:36.608 [atomix-system-2] TRACE i.a.p.b.s.PrimaryBackupSessionClient - SessionClient{system-partition-1}{type=PRIMARY_ELECTOR, name=atomix-primary-elector} - Sending ExecuteRequest{session=-9052977181953038708, node=1, primitive=PrimitiveDescriptor{name=atomix-primary-elector, type=PRIMARY_ELECTOR, backups=1, replication=ASYNCHRONOUS}, operation=PrimitiveOperation{id=DefaultOperationId{id=ENTER, type=COMMAND}, value=byte[]{length=29, hash=1970839218}}} to GroupMember{memberId=1, groupId=1}
00:17:36.608 [atomix-system-2] TRACE i.a.p.b.s.PrimaryBackupSessionClient - SessionClient{system-partition-1}{type=PRIMARY_ELECTOR, name=atomix-primary-elector} - Sending ExecuteRequest{session=-9052977181953038708, node=1, primitive=PrimitiveDescriptor{name=atomix-primary-elector, type=PRIMARY_ELECTOR, backups=1, replication=ASYNCHRONOUS}, operation=PrimitiveOperation{id=DefaultOperationId{id=ENTER, type=COMMAND}, value=byte[]{length=28, hash=479217653}}} to GroupMember{memberId=1, groupId=1}
00:17:36.608 [atomix-system-3] TRACE i.a.p.backup.roles.PrimaryRole - PrimaryRole{system-partition-1}{role=PRIMARY} - Sending ExecuteResponse{status=OK, result=byte[]{length=25, hash=362903974}}
00:17:36.608 [atomix-system-2] TRACE i.a.p.b.s.PrimaryBackupSessionClient - SessionClient{system-partition-1}{type=PRIMARY_ELECTOR, name=atomix-primary-elector} - Sending ExecuteRequest{session=-9052977181953038708, node=1, primitive=PrimitiveDescriptor{name=atomix-primary-elector, type=PRIMARY_ELECTOR, backups=1, replication=ASYNCHRONOUS}, operation=PrimitiveOperation{id=DefaultOperationId{id=ENTER, type=COMMAND}, value=byte[]{length=28, hash=479217587}}} to GroupMember{memberId=1, groupId=1}
00:17:36.608 [atomix-system-3] TRACE i.a.p.backup.roles.PrimaryRole - PrimaryRole{system-partition-1}{role=PRIMARY} - Received ExecuteRequest{session=-9052977181953038708, node=1, primitive=PrimitiveDescriptor{name=atomix-primary-elector, type=PRIMARY_ELECTOR, backups=1, replication=ASYNCHRONOUS}, operation=PrimitiveOperation{id=DefaultOperationId{id=ENTER, type=COMMAND}, value=byte[]{length=28, hash=479217645}}}
00:17:36.608 [atomix-system-2] TRACE i.a.p.b.s.PrimaryBackupSessionClient - SessionClient{system-partition-1}{type=PRIMARY_ELECTOR, name=atomix-primary-elector} - Sending ExecuteRequest{session=-9052977181953038708, node=1, primitive=PrimitiveDescriptor{name=atomix-primary-elector, type=PRIMARY_ELECTOR, backups=1, replication=ASYNCHRONOUS}, operation=PrimitiveOperation{id=DefaultOperationId{id=ENTER, type=COMMAND}, value=byte[]{length=29, hash=1970839466}}} to GroupMember{memberId=1, groupId=1}
00:17:36.609 [atomix-system-3] TRACE i.a.p.backup.roles.PrimaryRole - PrimaryRole{system-partition-1}{role=PRIMARY} - Sending ExecuteResponse{status=OK, result=byte[]{length=25, hash=362903974}}
00:17:36.609 [atomix-system-2] TRACE i.a.p.b.s.PrimaryBackupSessionClient - SessionClient{system-partition-1}{type=PRIMARY_ELECTOR, name=atomix-primary-elector} - Sending ExecuteRequest{session=-9052977181953038708, node=1, primitive=PrimitiveDescriptor{name=atomix-primary-elector, type=PRIMARY_ELECTOR, backups=1, replication=ASYNCHRONOUS}, operation=PrimitiveOperation{id=DefaultOperationId{id=ENTER, type=COMMAND}, value=byte[]{length=28, hash=479217661}}} to GroupMember{memberId=1, groupId=1}
00:17:36.609 [atomix-system-3] TRACE i.a.p.backup.roles.PrimaryRole - PrimaryRole{system-partition-1}{role=PRIMARY} - Received ExecuteRequest{session=-9052977181953038708, node=1, primitive=PrimitiveDescriptor{name=atomix-primary-elector, type=PRIMARY_ELECTOR, backups=1, replication=ASYNCHRONOUS}, operation=PrimitiveOperation{id=DefaultOperationId{id=ENTER, type=COMMAND}, value=byte[]{length=29, hash=1970839218}}}
00:17:36.609 [atomix-system-2] TRACE i.a.p.b.s.PrimaryBackupSessionClient - SessionClient{system-partition-1}{type=PRIMARY_ELECTOR, name=atomix-primary-elector} - Sending ExecuteRequest{session=-9052977181953038708, node=1, primitive=PrimitiveDescriptor{name=atomix-primary-elector, type=PRIMARY_ELECTOR, backups=1, replication=ASYNCHRONOUS}, operation=PrimitiveOperation{id=DefaultOperationId{id=ENTER, type=COMMAND}, value=byte[]{length=28, hash=479217595}}} to GroupMember{memberId=1, groupId=1}
00:17:36.609 [atomix-system-3] TRACE i.a.p.backup.roles.PrimaryRole - PrimaryRole{system-partition-1}{role=PRIMARY} - Sending ExecuteResponse{status=OK, result=byte[]{length=25, hash=362903974}}
00:17:36.609 [atomix-system-2] TRACE i.a.p.b.s.PrimaryBackupSessionClient - SessionClient{system-partition-1}{type=PRIMARY_ELECTOR, name=atomix-primary-elector} - Sending ExecuteRequest{session=-9052977181953038708, node=1, primitive=PrimitiveDescriptor{name=atomix-primary-elector, type=PRIMARY_ELECTOR, backups=1, replication=ASYNCHRONOUS}, operation=PrimitiveOperation{id=DefaultOperationId{id=ENTER, type=COMMAND}, value=byte[]{length=28, hash=479217669}}} to GroupMember{memberId=1, groupId=1}
00:17:36.609 [atomix-system-3] TRACE i.a.p.b.impl.PrimaryBackupSession - PrimaryBackupSession{system-partition-1}{session=-9052977181953038708} - Sending PrimitiveEvent{type=change, value=byte[]{length=48, hash=697153074}} to 1
00:17:36.609 [atomix-system-2] TRACE i.a.p.b.s.PrimaryBackupSessionClient - SessionClient{system-partition-1}{type=PRIMARY_ELECTOR, name=atomix-primary-elector} - Sending ExecuteRequest{session=-9052977181953038708, node=1, primitive=PrimitiveDescriptor{name=atomix-primary-elector, type=PRIMARY_ELECTOR, backups=1, replication=ASYNCHRONOUS}, operation=PrimitiveOperation{id=DefaultOperationId{id=ENTER, type=COMMAND}, value=byte[]{length=28, hash=479217603}}} to GroupMember{memberId=1, groupId=1}
00:17:36.609 [atomix-system-3] TRACE i.a.p.backup.roles.PrimaryRole - PrimaryRole{system-partition-1}{role=PRIMARY} - Received ExecuteRequest{session=-9052977181953038708, node=1, primitive=PrimitiveDescriptor{name=atomix-primary-elector, type=PRIMARY_ELECTOR, backups=1, replication=ASYNCHRONOUS}, operation=PrimitiveOperation{id=DefaultOperationId{id=ENTER, type=COMMAND}, value=byte[]{length=28, hash=479217653}}}
00:17:36.609 [atomix-system-2] TRACE i.a.p.b.s.PrimaryBackupSessionClient - SessionClient{system-partition-1}{type=PRIMARY_ELECTOR, name=atomix-primary-elector} - Sending ExecuteRequest{session=-9052977181953038708, node=1, primitive=PrimitiveDescriptor{name=atomix-primary-elector, type=PRIMARY_ELECTOR, backups=1, replication=ASYNCHRONOUS}, operation=PrimitiveOperation{id=DefaultOperationId{id=ENTER, type=COMMAND}, value=byte[]{length=28, hash=479217671}}} to GroupMember{memberId=1, groupId=1}
00:17:36.609 [atomix-system-3] TRACE i.a.p.backup.roles.PrimaryRole - PrimaryRole{system-partition-1}{role=PRIMARY} - Sending ExecuteResponse{status=OK, result=byte[]{length=25, hash=362903974}}
00:17:36.609 [atomix-system-2] TRACE i.a.p.b.s.PrimaryBackupSessionClient - SessionClient{system-partition-1}{type=PRIMARY_ELECTOR, name=atomix-primary-elector} - Sending ExecuteRequest{session=-9052977181953038708, node=1, primitive=PrimitiveDescriptor{name=atomix-primary-elector, type=PRIMARY_ELECTOR, backups=1, replication=ASYNCHRONOUS}, operation=PrimitiveOperation{id=DefaultOperationId{id=ENTER, type=COMMAND}, value=byte[]{length=28, hash=479217613}}} to GroupMember{memberId=1, groupId=1}
00:17:36.609 [atomix-system-3] TRACE i.a.p.backup.roles.PrimaryRole - PrimaryRole{system-partition-1}{role=PRIMARY} - Received ExecuteRequest{session=-9052977181953038708, node=1, primitive=PrimitiveDescriptor{name=atomix-primary-elector, type=PRIMARY_ELECTOR, backups=1, replication=ASYNCHRONOUS}, operation=PrimitiveOperation{id=DefaultOperationId{id=ENTER, type=COMMAND}, value=byte[]{length=28, hash=479217587}}}
00:17:36.609 [atomix-system-2] TRACE i.a.p.b.s.PrimaryBackupSessionClient - SessionClient{system-partition-1}{type=PRIMARY_ELECTOR, name=atomix-primary-elector} - Sending ExecuteRequest{session=-9052977181953038708, node=1, primitive=PrimitiveDescriptor{name=atomix-primary-elector, type=PRIMARY_ELECTOR, backups=1, replication=ASYNCHRONOUS}, operation=PrimitiveOperation{id=DefaultOperationId{id=ENTER, type=COMMAND}, value=byte[]{length=28, hash=479217679}}} to GroupMember{memberId=1, groupId=1}
00:17:36.609 [atomix-system-3] TRACE i.a.p.backup.roles.PrimaryRole - PrimaryRole{system-partition-1}{role=PRIMARY} - Sending ExecuteResponse{status=OK, result=byte[]{length=25, hash=362903974}}
00:17:36.609 [atomix-system-2] TRACE i.a.p.b.s.PrimaryBackupSessionClient - SessionClient{system-partition-1}{type=PRIMARY_ELECTOR, name=atomix-primary-elector} - Sending ExecuteRequest{session=-9052977181953038708, node=1, primitive=PrimitiveDescriptor{name=atomix-primary-elector, type=PRIMARY_ELECTOR, backups=1, replication=ASYNCHRONOUS}, operation=PrimitiveOperation{id=DefaultOperationId{id=ENTER, type=COMMAND}, value=byte[]{length=28, hash=479217621}}} to GroupMember{memberId=1, groupId=1}
00:17:36.609 [atomix-system-3] TRACE i.a.p.b.impl.PrimaryBackupSession - PrimaryBackupSession{system-partition-1}{session=-9052977181953038708} - Sending PrimitiveEvent{type=change, value=byte[]{length=48, hash=-1144139030}} to 1
00:17:36.609 [atomix-system-2] TRACE i.a.p.b.s.PrimaryBackupSessionClient - SessionClient{system-partition-1}{type=PRIMARY_ELECTOR, name=atomix-primary-elector} - Sending ExecuteRequest{session=-9052977181953038708, node=1, primitive=PrimitiveDescriptor{name=atomix-primary-elector, type=PRIMARY_ELECTOR, backups=1, replication=ASYNCHRONOUS}, operation=PrimitiveOperation{id=DefaultOperationId{id=ENTER, type=COMMAND}, value=byte[]{length=28, hash=479217687}}} to GroupMember{memberId=1, groupId=1}
00:17:36.609 [atomix-system-3] TRACE i.a.p.backup.roles.PrimaryRole - PrimaryRole{system-partition-1}{role=PRIMARY} - Received ExecuteRequest{session=-9052977181953038708, node=1, primitive=PrimitiveDescriptor{name=atomix-primary-elector, type=PRIMARY_ELECTOR, backups=1, replication=ASYNCHRONOUS}, operation=PrimitiveOperation{id=DefaultOperationId{id=ENTER, type=COMMAND}, value=byte[]{length=29, hash=1970839466}}}
00:17:36.609 [atomix-system-2] TRACE i.a.p.b.s.PrimaryBackupSessionClient - SessionClient{system-partition-1}{type=PRIMARY_ELECTOR, name=atomix-primary-elector} - Sending ExecuteRequest{session=-9052977181953038708, node=1, primitive=PrimitiveDescriptor{name=atomix-primary-elector, type=PRIMARY_ELECTOR, backups=1, replication=ASYNCHRONOUS}, operation=PrimitiveOperation{id=DefaultOperationId{id=ENTER, type=COMMAND}, value=byte[]{length=28, hash=479217629}}} to GroupMember{memberId=1, groupId=1}
00:17:36.609 [atomix-system-3] TRACE i.a.p.backup.roles.PrimaryRole - PrimaryRole{system-partition-1}{role=PRIMARY} - Sending ExecuteResponse{status=OK, result=byte[]{length=25, hash=362903974}}
00:17:36.609 [atomix-system-2] TRACE i.a.p.b.s.PrimaryBackupSessionClient - SessionClient{system-partition-1}{type=PRIMARY_ELECTOR, name=atomix-primary-elector} - Sending ExecuteRequest{session=-9052977181953038708, node=1, primitive=PrimitiveDescriptor{name=atomix-primary-elector, type=PRIMARY_ELECTOR, backups=1, replication=ASYNCHRONOUS}, operation=PrimitiveOperation{id=DefaultOperationId{id=ENTER, type=COMMAND}, value=byte[]{length=28, hash=479217695}}} to GroupMember{memberId=1, groupId=1}
00:17:36.609 [atomix-system-3] TRACE i.a.p.backup.roles.PrimaryRole - PrimaryRole{system-partition-1}{role=PRIMARY} - Received ExecuteRequest{session=-9052977181953038708, node=1, primitive=PrimitiveDescriptor{name=atomix-primary-elector, type=PRIMARY_ELECTOR, backups=1, replication=ASYNCHRONOUS}, operation=PrimitiveOperation{id=DefaultOperationId{id=ENTER, type=COMMAND}, value=byte[]{length=28, hash=479217661}}}
00:17:36.609 [atomix-system-2] TRACE i.a.p.b.s.PrimaryBackupSessionClient - SessionClient{system-partition-1}{type=PRIMARY_ELECTOR, name=atomix-primary-elector} - Sending ExecuteRequest{session=-9052977181953038708, node=1, primitive=PrimitiveDescriptor{name=atomix-primary-elector, type=PRIMARY_ELECTOR, backups=1, replication=ASYNCHRONOUS}, operation=PrimitiveOperation{id=DefaultOperationId{id=ENTER, type=COMMAND}, value=byte[]{length=28, hash=479217637}}} to GroupMember{memberId=1, groupId=1}
00:17:36.610 [atomix-system-3] TRACE i.a.p.backup.roles.PrimaryRole - PrimaryRole{system-partition-1}{role=PRIMARY} - Sending ExecuteResponse{status=OK, result=byte[]{length=25, hash=362903974}}
00:17:36.610 [atomix-system-2] TRACE i.a.p.b.s.PrimaryBackupSessionClient - SessionClient{system-partition-1}{type=PRIMARY_ELECTOR, name=atomix-primary-elector} - Sending ExecuteRequest{session=-9052977181953038708, node=1, primitive=PrimitiveDescriptor{name=atomix-primary-elector, type=PRIMARY_ELECTOR, backups=1, replication=ASYNCHRONOUS}, operation=PrimitiveOperation{id=DefaultOperationId{id=ENTER, type=COMMAND}, value=byte[]{length=28, hash=479217709}}} to GroupMember{memberId=1, groupId=1}
00:17:36.610 [atomix-system-3] TRACE i.a.p.b.impl.PrimaryBackupSession - PrimaryBackupSession{system-partition-1}{session=-9052977181953038708} - Sending PrimitiveEvent{type=change, value=byte[]{length=49, hash=1871031629}} to 1
00:17:36.610 [atomix-system-2] TRACE i.a.p.b.s.PrimaryBackupSessionClient - SessionClient{system-partition-1}{type=PRIMARY_ELECTOR, name=atomix-primary-elector} - Sending ExecuteRequest{session=-9052977181953038708, node=1, primitive=PrimitiveDescriptor{name=atomix-primary-elector, type=PRIMARY_ELECTOR, backups=1, replication=ASYNCHRONOUS}, operation=PrimitiveOperation{id=DefaultOperationId{id=ENTER, type=COMMAND}, value=byte[]{length=28, hash=479217643}}} to GroupMember{memberId=1, groupId=1}
00:17:36.610 [atomix-system-3] TRACE i.a.p.backup.roles.PrimaryRole - PrimaryRole{system-partition-1}{role=PRIMARY} - Received ExecuteRequest{session=-9052977181953038708, node=1, primitive=PrimitiveDescriptor{name=atomix-primary-elector, type=PRIMARY_ELECTOR, backups=1, replication=ASYNCHRONOUS}, operation=PrimitiveOperation{id=DefaultOperationId{id=ENTER, type=COMMAND}, value=byte[]{length=28, hash=479217595}}}
00:17:36.610 [atomix-system-2] TRACE i.a.p.b.s.PrimaryBackupSessionClient - SessionClient{system-partition-1}{type=PRIMARY_ELECTOR, name=atomix-primary-elector} - Sending ExecuteRequest{session=-9052977181953038708, node=1, primitive=PrimitiveDescriptor{name=atomix-primary-elector, type=PRIMARY_ELECTOR, backups=1, replication=ASYNCHRONOUS}, operation=PrimitiveOperation{id=DefaultOperationId{id=ENTER, type=COMMAND}, value=byte[]{length=28, hash=479217585}}} to GroupMember{memberId=1, groupId=1}
00:17:36.610 [atomix-system-3] TRACE i.a.p.backup.roles.PrimaryRole - PrimaryRole{system-partition-1}{role=PRIMARY} - Sending ExecuteResponse{status=OK, result=byte[]{length=25, hash=362903974}}
00:17:36.610 [atomix-system-2] TRACE i.a.p.b.s.PrimaryBackupSessionClient - SessionClient{system-partition-1}{type=PRIMARY_ELECTOR, name=atomix-primary-elector} - Sending ExecuteRequest{session=-9052977181953038708, node=1, primitive=PrimitiveDescriptor{name=atomix-primary-elector, type=PRIMARY_ELECTOR, backups=1, replication=ASYNCHRONOUS}, operation=PrimitiveOperation{id=DefaultOperationId{id=ENTER, type=COMMAND}, value=byte[]{length=29, hash=1970839404}}} to GroupMember{memberId=1, groupId=1}
00:17:36.610 [atomix-system-3] TRACE i.a.p.backup.roles.PrimaryRole - PrimaryRole{system-partition-1}{role=PRIMARY} - Received ExecuteRequest{session=-9052977181953038708, node=1, primitive=PrimitiveDescriptor{name=atomix-primary-elector, type=PRIMARY_ELECTOR, backups=1, replication=ASYNCHRONOUS}, operation=PrimitiveOperation{id=DefaultOperationId{id=ENTER, type=COMMAND}, value=byte[]{length=28, hash=479217669}}}
00:17:36.610 [atomix-system-2] TRACE i.a.p.b.s.PrimaryBackupSessionClient - SessionClient{system-partition-1}{type=PRIMARY_ELECTOR, name=atomix-primary-elector} - Sending ExecuteRequest{session=-9052977181953038708, node=1, primitive=PrimitiveDescriptor{name=atomix-primary-elector, type=PRIMARY_ELECTOR, backups=1, replication=ASYNCHRONOUS}, operation=PrimitiveOperation{id=DefaultOperationId{id=ENTER, type=COMMAND}, value=byte[]{length=28, hash=479217651}}} to GroupMember{memberId=1, groupId=1}
00:17:36.610 [atomix-system-2] TRACE i.a.p.b.s.PrimaryBackupSessionClient - SessionClient{system-partition-1}{type=PRIMARY_ELECTOR, name=atomix-primary-elector} - Sending ExecuteRequest{session=-9052977181953038708, node=1, primitive=PrimitiveDescriptor{name=atomix-primary-elector, type=PRIMARY_ELECTOR, backups=1, replication=ASYNCHRONOUS}, operation=PrimitiveOperation{id=DefaultOperationId{id=ENTER, type=COMMAND}, value=byte[]{length=28, hash=479217593}}} to GroupMember{memberId=1, groupId=1}
00:17:36.610 [atomix-system-3] TRACE i.a.p.backup.roles.PrimaryRole - PrimaryRole{system-partition-1}{role=PRIMARY} - Sending ExecuteResponse{status=OK, result=byte[]{length=25, hash=362903974}}
00:17:36.610 [atomix-system-2] TRACE i.a.p.b.s.PrimaryBackupSessionClient - SessionClient{system-partition-1}{type=PRIMARY_ELECTOR, name=atomix-primary-elector} - Sending ExecuteRequest{session=-9052977181953038708, node=1, primitive=PrimitiveDescriptor{name=atomix-primary-elector, type=PRIMARY_ELECTOR, backups=1, replication=ASYNCHRONOUS}, operation=PrimitiveOperation{id=DefaultOperationId{id=ENTER, type=COMMAND}, value=byte[]{length=29, hash=1970839652}}} to GroupMember{memberId=1, groupId=1}
00:17:36.610 [atomix-system-3] TRACE i.a.p.backup.roles.PrimaryRole - PrimaryRole{system-partition-1}{role=PRIMARY} - Received ExecuteRequest{session=-9052977181953038708, node=1, primitive=PrimitiveDescriptor{name=atomix-primary-elector, type=PRIMARY_ELECTOR, backups=1, replication=ASYNCHRONOUS}, operation=PrimitiveOperation{id=DefaultOperationId{id=ENTER, type=COMMAND}, value=byte[]{length=28, hash=479217603}}}
00:17:36.610 [atomix-system-2] TRACE i.a.p.b.s.PrimaryBackupSessionClient - SessionClient{system-partition-1}{type=PRIMARY_ELECTOR, name=atomix-primary-elector} - Sending ExecuteRequest{session=-9052977181953038708, node=1, primitive=PrimitiveDescriptor{name=atomix-primary-elector, type=PRIMARY_ELECTOR, backups=1, replication=ASYNCHRONOUS}, operation=PrimitiveOperation{id=DefaultOperationId{id=ENTER, type=COMMAND}, value=byte[]{length=28, hash=479217659}}} to GroupMember{memberId=1, groupId=1}
00:17:36.610 [atomix-system-3] TRACE i.a.p.backup.roles.PrimaryRole - PrimaryRole{system-partition-1}{role=PRIMARY} - Sending ExecuteResponse{status=OK, result=byte[]{length=25, hash=362903974}}
00:17:36.610 [atomix-system-2] TRACE i.a.p.b.s.PrimaryBackupSessionClient - SessionClient{system-partition-1}{type=PRIMARY_ELECTOR, name=atomix-primary-elector} - Sending ExecuteRequest{session=-9052977181953038708, node=1, primitive=PrimitiveDescriptor{name=atomix-primary-elector, type=PRIMARY_ELECTOR, backups=1, replication=ASYNCHRONOUS}, operation=PrimitiveOperation{id=DefaultOperationId{id=ENTER, type=COMMAND}, value=byte[]{length=28, hash=479217601}}} to GroupMember{memberId=1, groupId=1}
00:17:36.610 [atomix-system-3] TRACE i.a.p.b.impl.PrimaryBackupSession - PrimaryBackupSession{system-partition-1}{session=-9052977181953038708} - Sending PrimitiveEvent{type=change, value=byte[]{length=48, hash=1573361122}} to 1
00:17:36.610 [atomix-system-2] TRACE i.a.p.b.s.PrimaryBackupSessionClient - SessionClient{system-partition-1}{type=PRIMARY_ELECTOR, name=atomix-primary-elector} - Sending ExecuteRequest{session=-9052977181953038708, node=1, primitive=PrimitiveDescriptor{name=atomix-primary-elector, type=PRIMARY_ELECTOR, backups=1, replication=ASYNCHRONOUS}, operation=PrimitiveOperation{id=DefaultOperationId{id=ENTER, type=COMMAND}, value=byte[]{length=28, hash=479217667}}} to GroupMember{memberId=1, groupId=1}
00:17:36.610 [atomix-system-3] TRACE i.a.p.backup.roles.PrimaryRole - PrimaryRole{system-partition-1}{role=PRIMARY} - Received ExecuteRequest{session=-9052977181953038708, node=1, primitive=PrimitiveDescriptor{name=atomix-primary-elector, type=PRIMARY_ELECTOR, backups=1, replication=ASYNCHRONOUS}, operation=PrimitiveOperation{id=DefaultOperationId{id=ENTER, type=COMMAND}, value=byte[]{length=28, hash=479217671}}}
00:17:36.610 [atomix-system-2] TRACE i.a.p.b.s.PrimaryBackupSessionClient - SessionClient{system-partition-1}{type=PRIMARY_ELECTOR, name=atomix-primary-elector} - Sending ExecuteRequest{session=-9052977181953038708, node=1, primitive=PrimitiveDescriptor{name=atomix-primary-elector, type=PRIMARY_ELECTOR, backups=1, replication=ASYNCHRONOUS}, operation=PrimitiveOperation{id=DefaultOperationId{id=ENTER, type=COMMAND}, value=byte[]{length=28, hash=479217677}}} to GroupMember{memberId=1, groupId=1}
00:17:36.610 [atomix-system-3] TRACE i.a.p.backup.roles.PrimaryRole - PrimaryRole{system-partition-1}{role=PRIMARY} - Sending ExecuteResponse{status=OK, result=byte[]{length=25, hash=362903974}}
00:17:36.610 [atomix-system-2] TRACE i.a.p.b.s.PrimaryBackupSessionClient - SessionClient{system-partition-1}{type=PRIMARY_ELECTOR, name=atomix-primary-elector} - Sending ExecuteRequest{session=-9052977181953038708, node=1, primitive=PrimitiveDescriptor{name=atomix-primary-elector, type=PRIMARY_ELECTOR, backups=1, replication=ASYNCHRONOUS}, operation=PrimitiveOperation{id=DefaultOperationId{id=ENTER, type=COMMAND}, value=byte[]{length=28, hash=479217611}}} to GroupMember{memberId=1, groupId=1}
00:17:36.611 [atomix-system-3] TRACE i.a.p.backup.roles.PrimaryRole - PrimaryRole{system-partition-1}{role=PRIMARY} - Received ExecuteRequest{session=-9052977181953038708, node=1, primitive=PrimitiveDescriptor{name=atomix-primary-elector, type=PRIMARY_ELECTOR, backups=1, replication=ASYNCHRONOUS}, operation=PrimitiveOperation{id=DefaultOperationId{id=ENTER, type=COMMAND}, value=byte[]{length=28, hash=479217613}}}
00:17:36.611 [atomix-system-2] TRACE i.a.p.b.s.PrimaryBackupSessionClient - SessionClient{system-partition-1}{type=PRIMARY_ELECTOR, name=atomix-primary-elector} - Sending ExecuteRequest{session=-9052977181953038708, node=1, primitive=PrimitiveDescriptor{name=atomix-primary-elector, type=PRIMARY_ELECTOR, backups=1, replication=ASYNCHRONOUS}, operation=PrimitiveOperation{id=DefaultOperationId{id=ENTER, type=COMMAND}, value=byte[]{length=28, hash=479217685}}} to GroupMember{memberId=1, groupId=1}
00:17:36.611 [atomix-system-3] TRACE i.a.p.backup.roles.PrimaryRole - PrimaryRole{system-partition-1}{role=PRIMARY} - Sending ExecuteResponse{status=OK, result=byte[]{length=25, hash=362903974}}
00:17:36.611 [atomix-system-2] TRACE i.a.p.b.s.PrimaryBackupSessionClient - SessionClient{system-partition-1}{type=PRIMARY_ELECTOR, name=atomix-primary-elector} - Sending ExecuteRequest{session=-9052977181953038708, node=1, primitive=PrimitiveDescriptor{name=atomix-primary-elector, type=PRIMARY_ELECTOR, backups=1, replication=ASYNCHRONOUS}, operation=PrimitiveOperation{id=DefaultOperationId{id=ENTER, type=COMMAND}, value=byte[]{length=28, hash=479217619}}} to GroupMember{memberId=1, groupId=1}
00:17:36.611 [atomix-system-3] TRACE i.a.p.b.impl.PrimaryBackupSession - PrimaryBackupSession{system-partition-1}{session=-9052977181953038708} - Sending PrimitiveEvent{type=change, value=byte[]{length=48, hash=1702563172}} to 1
00:17:36.611 [atomix-system-2] TRACE i.a.p.b.s.PrimaryBackupSessionClient - SessionClient{system-partition-1}{type=PRIMARY_ELECTOR, name=atomix-primary-elector} - Sending ExecuteRequest{session=-9052977181953038708, node=1, primitive=PrimitiveDescriptor{name=atomix-primary-elector, type=PRIMARY_ELECTOR, backups=1, replication=ASYNCHRONOUS}, operation=PrimitiveOperation{id=DefaultOperationId{id=ENTER, type=COMMAND}, value=byte[]{length=28, hash=479217693}}} to GroupMember{memberId=1, groupId=1}
00:17:36.611 [atomix-system-3] TRACE i.a.p.backup.roles.PrimaryRole - PrimaryRole{system-partition-1}{role=PRIMARY} - Received ExecuteRequest{session=-9052977181953038708, node=1, primitive=PrimitiveDescriptor{name=atomix-primary-elector, type=PRIMARY_ELECTOR, backups=1, replication=ASYNCHRONOUS}, operation=PrimitiveOperation{id=DefaultOperationId{id=ENTER, type=COMMAND}, value=byte[]{length=28, hash=479217679}}}
00:17:36.611 [atomix-system-2] TRACE i.a.p.b.s.PrimaryBackupSessionClient - SessionClient{system-partition-1}{type=PRIMARY_ELECTOR, name=atomix-primary-elector} - Sending ExecuteRequest{session=-9052977181953038708, node=1, primitive=PrimitiveDescriptor{name=atomix-primary-elector, type=PRIMARY_ELECTOR, backups=1, replication=ASYNCHRONOUS}, operation=PrimitiveOperation{id=DefaultOperationId{id=ENTER, type=COMMAND}, value=byte[]{length=28, hash=479217627}}} to GroupMember{memberId=1, groupId=1}
00:17:36.611 [atomix-system-3] TRACE i.a.p.backup.roles.PrimaryRole - PrimaryRole{system-partition-1}{role=PRIMARY} - Sending ExecuteResponse{status=OK, result=byte[]{length=25, hash=362903974}}
00:17:36.611 [atomix-system-2] TRACE i.a.p.b.s.PrimaryBackupSessionClient - SessionClient{system-partition-1}{type=PRIMARY_ELECTOR, name=atomix-primary-elector} - Sending ExecuteRequest{session=-9052977181953038708, node=1, primitive=PrimitiveDescriptor{name=atomix-primary-elector, type=PRIMARY_ELECTOR, backups=1, replication=ASYNCHRONOUS}, operation=PrimitiveOperation{id=DefaultOperationId{id=ENTER, type=COMMAND}, value=byte[]{length=28, hash=479217701}}} to GroupMember{memberId=1, groupId=1}
00:17:36.611 [atomix-system-3] TRACE i.a.p.backup.roles.PrimaryRole - PrimaryRole{system-partition-1}{role=PRIMARY} - Received ExecuteRequest{session=-9052977181953038708, node=1, primitive=PrimitiveDescriptor{name=atomix-primary-elector, type=PRIMARY_ELECTOR, backups=1, replication=ASYNCHRONOUS}, operation=PrimitiveOperation{id=DefaultOperationId{id=ENTER, type=COMMAND}, value=byte[]{length=28, hash=479217621}}}
00:17:36.611 [atomix-system-2] TRACE i.a.p.b.s.PrimaryBackupSessionClient - SessionClient{system-partition-1}{type=PRIMARY_ELECTOR, name=atomix-primary-elector} - Sending ExecuteRequest{session=-9052977181953038708, node=1, primitive=PrimitiveDescriptor{name=atomix-primary-elector, type=PRIMARY_ELECTOR, backups=1, replication=ASYNCHRONOUS}, operation=PrimitiveOperation{id=DefaultOperationId{id=ENTER, type=COMMAND}, value=byte[]{length=28, hash=479217635}}} to GroupMember{memberId=1, groupId=1}
00:17:36.611 [atomix-system-3] TRACE i.a.p.backup.roles.PrimaryRole - PrimaryRole{system-partition-1}{role=PRIMARY} - Sending ExecuteResponse{status=OK, result=byte[]{length=25, hash=362903974}}
00:17:36.611 [atomix-system-2] TRACE i.a.p.b.s.PrimaryBackupSessionClient - SessionClient{system-partition-1}{type=PRIMARY_ELECTOR, name=atomix-primary-elector} - Sending ExecuteRequest{session=-9052977181953038708, node=1, primitive=PrimitiveDescriptor{name=atomix-primary-elector, type=PRIMARY_ELECTOR, backups=1, replication=ASYNCHRONOUS}, operation=PrimitiveOperation{id=DefaultOperationId{id=ENTER, type=COMMAND}, value=byte[]{length=28, hash=479217641}}} to GroupMember{memberId=1, groupId=1}
00:17:36.611 [atomix-system-3] TRACE i.a.p.backup.roles.PrimaryRole - PrimaryRole{system-partition-1}{role=PRIMARY} - Received ExecuteRequest{session=-9052977181953038708, node=1, primitive=PrimitiveDescriptor{name=atomix-primary-elector, type=PRIMARY_ELECTOR, backups=1, replication=ASYNCHRONOUS}, operation=PrimitiveOperation{id=DefaultOperationId{id=ENTER, type=COMMAND}, value=byte[]{length=28, hash=479217687}}}
00:17:36.611 [atomix-system-2] TRACE i.a.p.b.s.PrimaryBackupSessionClient - SessionClient{system-partition-1}{type=PRIMARY_ELECTOR, name=atomix-primary-elector} - Sending ExecuteRequest{session=-9052977181953038708, node=1, primitive=PrimitiveDescriptor{name=atomix-primary-elector, type=PRIMARY_ELECTOR, backups=1, replication=ASYNCHRONOUS}, operation=PrimitiveOperation{id=DefaultOperationId{id=ENTER, type=COMMAND}, value=byte[]{length=28, hash=479217707}}} to GroupMember{memberId=1, groupId=1}
00:17:36.611 [atomix-system-3] TRACE i.a.p.backup.roles.PrimaryRole - PrimaryRole{system-partition-1}{role=PRIMARY} - Sending ExecuteResponse{status=OK, result=byte[]{length=25, hash=362903974}}
00:17:36.611 [atomix-system-2] TRACE i.a.p.b.s.PrimaryBackupSessionClient - SessionClient{system-partition-1}{type=PRIMARY_ELECTOR, name=atomix-primary-elector} - Sending ExecuteRequest{session=-9052977181953038708, node=1, primitive=PrimitiveDescriptor{name=atomix-primary-elector, type=PRIMARY_ELECTOR, backups=1, replication=ASYNCHRONOUS}, operation=PrimitiveOperation{id=DefaultOperationId{id=ENTER, type=COMMAND}, value=byte[]{length=28, hash=479217649}}} to GroupMember{memberId=1, groupId=1}
00:17:36.611 [atomix-system-3] TRACE i.a.p.b.impl.PrimaryBackupSession - PrimaryBackupSession{system-partition-1}{session=-9052977181953038708} - Sending PrimitiveEvent{type=change, value=byte[]{length=49, hash=214190421}} to 1
00:17:36.611 [atomix-system-2] TRACE i.a.p.b.s.PrimaryBackupSessionClient - SessionClient{system-partition-1}{type=PRIMARY_ELECTOR, name=atomix-primary-elector} - Received ExecuteResponse{status=OK, result=byte[]{length=25, hash=362903974}}
00:17:36.611 [atomix-system-3] TRACE i.a.p.backup.roles.PrimaryRole - PrimaryRole{system-partition-1}{role=PRIMARY} - Received ExecuteRequest{session=-9052977181953038708, node=1, primitive=PrimitiveDescriptor{name=atomix-primary-elector, type=PRIMARY_ELECTOR, backups=1, replication=ASYNCHRONOUS}, operation=PrimitiveOperation{id=DefaultOperationId{id=ENTER, type=COMMAND}, value=byte[]{length=28, hash=479217629}}}
00:17:36.611 [atomix-system-3] TRACE i.a.p.backup.roles.PrimaryRole - PrimaryRole{system-partition-1}{role=PRIMARY} - Sending ExecuteResponse{status=OK, result=byte[]{length=25, hash=362903974}}
00:17:36.611 [atomix-system-2] TRACE i.a.p.b.s.PrimaryBackupSessionClient - SessionClient{system-partition-1}{type=PRIMARY_ELECTOR, name=atomix-primary-elector} - Sending ExecuteRequest{session=-9052977181953038708, node=1, primitive=PrimitiveDescriptor{name=atomix-primary-elector, type=PRIMARY_ELECTOR, backups=1, replication=ASYNCHRONOUS}, operation=PrimitiveOperation{id=DefaultOperationId{id=ENTER, type=COMMAND}, value=byte[]{length=29, hash=1970839342}}} to GroupMember{memberId=1, groupId=1}
00:17:36.612 [atomix-system-1] INFO  i.a.p.b.p.i.PrimaryBackupPartitionServer - Successfully started server for PartitionId{id=60, group=data}
00:17:36.612 [atomix-system-3] TRACE i.a.p.backup.roles.PrimaryRole - PrimaryRole{system-partition-1}{role=PRIMARY} - Received ExecuteRequest{session=-9052977181953038708, node=1, primitive=PrimitiveDescriptor{name=atomix-primary-elector, type=PRIMARY_ELECTOR, backups=1, replication=ASYNCHRONOUS}, operation=PrimitiveOperation{id=DefaultOperationId{id=ENTER, type=COMMAND}, value=byte[]{length=28, hash=479217695}}}
00:17:36.612 [atomix-system-2] TRACE i.a.p.b.s.PrimaryBackupSessionClient - SessionClient{system-partition-1}{type=PRIMARY_ELECTOR, name=atomix-primary-elector} - Sending ExecuteRequest{session=-9052977181953038708, node=1, primitive=PrimitiveDescriptor{name=atomix-primary-elector, type=PRIMARY_ELECTOR, backups=1, replication=ASYNCHRONOUS}, operation=PrimitiveOperation{id=DefaultOperationId{id=ENTER, type=COMMAND}, value=byte[]{length=28, hash=479217657}}} to GroupMember{memberId=1, groupId=1}
00:17:36.612 [atomix-system-1] INFO  i.a.p.b.p.i.PrimaryBackupPartitionClient - Successfully started client for PartitionId{id=60, group=data}
00:17:36.612 [atomix-system-3] TRACE i.a.p.backup.roles.PrimaryRole - PrimaryRole{system-partition-1}{role=PRIMARY} - Sending ExecuteResponse{status=OK, result=byte[]{length=25, hash=362903974}}
00:17:36.612 [atomix-system-2] TRACE i.a.p.b.s.PrimaryBackupSessionClient - SessionClient{system-partition-1}{type=PRIMARY_ELECTOR, name=atomix-primary-elector} - Sending ExecuteRequest{session=-9052977181953038708, node=1, primitive=PrimitiveDescriptor{name=atomix-primary-elector, type=PRIMARY_ELECTOR, backups=1, replication=ASYNCHRONOUS}, operation=PrimitiveOperation{id=DefaultOperationId{id=ENTER, type=COMMAND}, value=byte[]{length=28, hash=479217591}}} to GroupMember{memberId=1, groupId=1}
00:17:36.612 [atomix-system-3] TRACE i.a.p.b.impl.PrimaryBackupSession - PrimaryBackupSession{system-partition-1}{session=-9052977181953038708} - Sending PrimitiveEvent{type=change, value=byte[]{length=48, hash=-397133032}} to 1
00:17:36.612 [atomix-system-2] TRACE i.a.p.b.s.PrimaryBackupSessionClient - SessionClient{system-partition-1}{type=PRIMARY_ELECTOR, name=atomix-primary-elector} - Received ExecuteResponse{status=OK, result=byte[]{length=25, hash=362903974}}
00:17:36.612 [atomix-system-3] TRACE i.a.p.backup.roles.PrimaryRole - PrimaryRole{system-partition-1}{role=PRIMARY} - Received ExecuteRequest{session=-9052977181953038708, node=1, primitive=PrimitiveDescriptor{name=atomix-primary-elector, type=PRIMARY_ELECTOR, backups=1, replication=ASYNCHRONOUS}, operation=PrimitiveOperation{id=DefaultOperationId{id=ENTER, type=COMMAND}, value=byte[]{length=28, hash=479217637}}}
00:17:36.612 [atomix-system-3] TRACE i.a.p.backup.roles.PrimaryRole - PrimaryRole{system-partition-1}{role=PRIMARY} - Sending ExecuteResponse{status=OK, result=byte[]{length=25, hash=362903974}}
00:17:36.612 [atomix-system-2] TRACE i.a.p.b.s.PrimaryBackupSessionClient - SessionClient{system-partition-1}{type=PRIMARY_ELECTOR, name=atomix-primary-elector} - Sending ExecuteRequest{session=-9052977181953038708, node=1, primitive=PrimitiveDescriptor{name=atomix-primary-elector, type=PRIMARY_ELECTOR, backups=1, replication=ASYNCHRONOUS}, operation=PrimitiveOperation{id=DefaultOperationId{id=ENTER, type=COMMAND}, value=byte[]{length=29, hash=1970839590}}} to GroupMember{memberId=1, groupId=1}
00:17:36.612 [atomix-system-4] INFO  i.a.p.b.p.i.PrimaryBackupPartitionServer - Successfully started server for PartitionId{id=31, group=data}
00:17:36.612 [atomix-system-3] TRACE i.a.p.backup.roles.PrimaryRole - PrimaryRole{system-partition-1}{role=PRIMARY} - Received ExecuteRequest{session=-9052977181953038708, node=1, primitive=PrimitiveDescriptor{name=atomix-primary-elector, type=PRIMARY_ELECTOR, backups=1, replication=ASYNCHRONOUS}, operation=PrimitiveOperation{id=DefaultOperationId{id=ENTER, type=COMMAND}, value=byte[]{length=28, hash=479217709}}}
00:17:36.612 [atomix-system-2] TRACE i.a.p.b.s.PrimaryBackupSessionClient - SessionClient{system-partition-1}{type=PRIMARY_ELECTOR, name=atomix-primary-elector} - Sending ExecuteRequest{session=-9052977181953038708, node=1, primitive=PrimitiveDescriptor{name=atomix-primary-elector, type=PRIMARY_ELECTOR, backups=1, replication=ASYNCHRONOUS}, operation=PrimitiveOperation{id=DefaultOperationId{id=ENTER, type=COMMAND}, value=byte[]{length=28, hash=479217665}}} to GroupMember{memberId=1, groupId=1}
00:17:36.612 [atomix-system-4] INFO  i.a.p.b.p.i.PrimaryBackupPartitionClient - Successfully started client for PartitionId{id=31, group=data}
00:17:36.612 [atomix-system-3] TRACE i.a.p.backup.roles.PrimaryRole - PrimaryRole{system-partition-1}{role=PRIMARY} - Sending ExecuteResponse{status=OK, result=byte[]{length=25, hash=362903974}}
00:17:36.612 [atomix-system-2] TRACE i.a.p.b.s.PrimaryBackupSessionClient - SessionClient{system-partition-1}{type=PRIMARY_ELECTOR, name=atomix-primary-elector} - Received ExecuteResponse{status=OK, result=byte[]{length=25, hash=362903974}}
00:17:36.612 [atomix-system-3] TRACE i.a.p.backup.roles.PrimaryRole - PrimaryRole{system-partition-1}{role=PRIMARY} - Received ExecuteRequest{session=-9052977181953038708, node=1, primitive=PrimitiveDescriptor{name=atomix-primary-elector, type=PRIMARY_ELECTOR, backups=1, replication=ASYNCHRONOUS}, operation=PrimitiveOperation{id=DefaultOperationId{id=ENTER, type=COMMAND}, value=byte[]{length=28, hash=479217643}}}
00:17:36.612 [atomix-system-3] TRACE i.a.p.backup.roles.PrimaryRole - PrimaryRole{system-partition-1}{role=PRIMARY} - Sending ExecuteResponse{status=OK, result=byte[]{length=25, hash=362903974}}
00:17:36.612 [atomix-system-2] TRACE i.a.p.b.s.PrimaryBackupSessionClient - SessionClient{system-partition-1}{type=PRIMARY_ELECTOR, name=atomix-primary-elector} - Sending ExecuteRequest{session=-9052977181953038708, node=1, primitive=PrimitiveDescriptor{name=atomix-primary-elector, type=PRIMARY_ELECTOR, backups=1, replication=ASYNCHRONOUS}, operation=PrimitiveOperation{id=DefaultOperationId{id=ENTER, type=COMMAND}, value=byte[]{length=28, hash=479217599}}} to GroupMember{memberId=1, groupId=1}
00:17:36.612 [atomix-system-0] INFO  i.a.p.b.p.i.PrimaryBackupPartitionServer - Successfully started server for PartitionId{id=64, group=data}
00:17:36.612 [atomix-system-3] TRACE i.a.p.b.impl.PrimaryBackupSession - PrimaryBackupSession{system-partition-1}{session=-9052977181953038708} - Sending PrimitiveEvent{type=change, value=byte[]{length=48, hash=-267930982}} to 1
00:17:36.612 [atomix-system-2] TRACE i.a.p.b.s.PrimaryBackupSessionClient - SessionClient{system-partition-1}{type=PRIMARY_ELECTOR, name=atomix-primary-elector} - Received PrimitiveEvent{type=change, value=byte[]{length=48, hash=697153074}}
00:17:36.612 [atomix-system-0] INFO  i.a.p.b.p.i.PrimaryBackupPartitionClient - Successfully started client for PartitionId{id=64, group=data}
00:17:36.613 [atomix-system-3] TRACE i.a.p.backup.roles.PrimaryRole - PrimaryRole{system-partition-1}{role=PRIMARY} - Received ExecuteRequest{session=-9052977181953038708, node=1, primitive=PrimitiveDescriptor{name=atomix-primary-elector, type=PRIMARY_ELECTOR, backups=1, replication=ASYNCHRONOUS}, operation=PrimitiveOperation{id=DefaultOperationId{id=ENTER, type=COMMAND}, value=byte[]{length=28, hash=479217585}}}
00:17:36.613 [atomix-system-2] TRACE i.a.p.b.s.PrimaryBackupSessionClient - SessionClient{system-partition-1}{type=PRIMARY_ELECTOR, name=atomix-primary-elector} - Sending ExecuteRequest{session=-9052977181953038708, node=1, primitive=PrimitiveDescriptor{name=atomix-primary-elector, type=PRIMARY_ELECTOR, backups=1, replication=ASYNCHRONOUS}, operation=PrimitiveOperation{id=DefaultOperationId{id=ENTER, type=COMMAND}, value=byte[]{length=28, hash=479217609}}} to GroupMember{memberId=1, groupId=1}
00:17:36.613 [atomix-system-3] TRACE i.a.p.backup.roles.PrimaryRole - PrimaryRole{system-partition-1}{role=PRIMARY} - Sending ExecuteResponse{status=OK, result=byte[]{length=25, hash=362903974}}
00:17:36.613 [atomix-system-2] TRACE i.a.p.b.s.PrimaryBackupSessionClient - SessionClient{system-partition-1}{type=PRIMARY_ELECTOR, name=atomix-primary-elector} - Sending ExecuteRequest{session=-9052977181953038708, node=1, primitive=PrimitiveDescriptor{name=atomix-primary-elector, type=PRIMARY_ELECTOR, backups=1, replication=ASYNCHRONOUS}, operation=PrimitiveOperation{id=DefaultOperationId{id=ENTER, type=COMMAND}, value=byte[]{length=28, hash=479217675}}} to GroupMember{memberId=1, groupId=1}
00:17:36.613 [atomix-system-3] TRACE i.a.p.backup.roles.PrimaryRole - PrimaryRole{system-partition-1}{role=PRIMARY} - Received ExecuteRequest{session=-9052977181953038708, node=1, primitive=PrimitiveDescriptor{name=atomix-primary-elector, type=PRIMARY_ELECTOR, backups=1, replication=ASYNCHRONOUS}, operation=PrimitiveOperation{id=DefaultOperationId{id=ENTER, type=COMMAND}, value=byte[]{length=29, hash=1970839404}}}
00:17:36.613 [atomix-system-2] TRACE i.a.p.b.s.PrimaryBackupSessionClient - SessionClient{system-partition-1}{type=PRIMARY_ELECTOR, name=atomix-primary-elector} - Sending ExecuteRequest{session=-9052977181953038708, node=1, primitive=PrimitiveDescriptor{name=atomix-primary-elector, type=PRIMARY_ELECTOR, backups=1, replication=ASYNCHRONOUS}, operation=PrimitiveOperation{id=DefaultOperationId{id=ENTER, type=COMMAND}, value=byte[]{length=28, hash=479217617}}} to GroupMember{memberId=1, groupId=1}
00:17:36.613 [atomix-system-3] TRACE i.a.p.backup.roles.PrimaryRole - PrimaryRole{system-partition-1}{role=PRIMARY} - Sending ExecuteResponse{status=OK, result=byte[]{length=25, hash=362903974}}
00:17:36.613 [atomix-system-2] TRACE i.a.p.b.s.PrimaryBackupSessionClient - SessionClient{system-partition-1}{type=PRIMARY_ELECTOR, name=atomix-primary-elector} - Received ExecuteResponse{status=OK, result=byte[]{length=25, hash=362903974}}
00:17:36.613 [atomix-system-3] TRACE i.a.p.b.impl.PrimaryBackupSession - PrimaryBackupSession{system-partition-1}{session=-9052977181953038708} - Sending PrimitiveEvent{type=change, value=byte[]{length=48, hash=-1974600176}} to 1
00:17:36.613 [atomix-system-3] TRACE i.a.p.backup.roles.PrimaryRole - PrimaryRole{system-partition-1}{role=PRIMARY} - Received ExecuteRequest{session=-9052977181953038708, node=1, primitive=PrimitiveDescriptor{name=atomix-primary-elector, type=PRIMARY_ELECTOR, backups=1, replication=ASYNCHRONOUS}, operation=PrimitiveOperation{id=DefaultOperationId{id=ENTER, type=COMMAND}, value=byte[]{length=28, hash=479217651}}}
00:17:36.613 [atomix-system-2] TRACE i.a.p.b.s.PrimaryBackupSessionClient - SessionClient{system-partition-1}{type=PRIMARY_ELECTOR, name=atomix-primary-elector} - Sending ExecuteRequest{session=-9052977181953038708, node=1, primitive=PrimitiveDescriptor{name=atomix-primary-elector, type=PRIMARY_ELECTOR, backups=1, replication=ASYNCHRONOUS}, operation=PrimitiveOperation{id=DefaultOperationId{id=ENTER, type=COMMAND}, value=byte[]{length=28, hash=479217683}}} to GroupMember{memberId=1, groupId=1}
00:17:36.613 [atomix-system-7] INFO  i.a.p.b.p.i.PrimaryBackupPartitionServer - Successfully started server for PartitionId{id=35, group=data}
00:17:36.613 [atomix-system-3] TRACE i.a.p.backup.roles.PrimaryRole - PrimaryRole{system-partition-1}{role=PRIMARY} - Sending ExecuteResponse{status=OK, result=byte[]{length=25, hash=362903974}}
00:17:36.613 [atomix-system-2] TRACE i.a.p.b.s.PrimaryBackupSessionClient - SessionClient{system-partition-1}{type=PRIMARY_ELECTOR, name=atomix-primary-elector} - Sending ExecuteRequest{session=-9052977181953038708, node=1, primitive=PrimitiveDescriptor{name=atomix-primary-elector, type=PRIMARY_ELECTOR, backups=1, replication=ASYNCHRONOUS}, operation=PrimitiveOperation{id=DefaultOperationId{id=ENTER, type=COMMAND}, value=byte[]{length=28, hash=479217625}}} to GroupMember{memberId=1, groupId=1}
00:17:36.613 [atomix-system-7] INFO  i.a.p.b.p.i.PrimaryBackupPartitionClient - Successfully started client for PartitionId{id=35, group=data}
00:17:36.613 [atomix-system-3] TRACE i.a.p.backup.roles.PrimaryRole - PrimaryRole{system-partition-1}{role=PRIMARY} - Received ExecuteRequest{session=-9052977181953038708, node=1, primitive=PrimitiveDescriptor{name=atomix-primary-elector, type=PRIMARY_ELECTOR, backups=1, replication=ASYNCHRONOUS}, operation=PrimitiveOperation{id=DefaultOperationId{id=ENTER, type=COMMAND}, value=byte[]{length=28, hash=479217593}}}
00:17:36.613 [atomix-system-2] TRACE i.a.p.b.s.PrimaryBackupSessionClient - SessionClient{system-partition-1}{type=PRIMARY_ELECTOR, name=atomix-primary-elector} - Received ExecuteResponse{status=OK, result=byte[]{length=25, hash=362903974}}
00:17:36.613 [atomix-system-3] TRACE i.a.p.backup.roles.PrimaryRole - PrimaryRole{system-partition-1}{role=PRIMARY} - Sending ExecuteResponse{status=OK, result=byte[]{length=25, hash=362903974}}
00:17:36.613 [atomix-system-3] TRACE i.a.p.backup.roles.PrimaryRole - PrimaryRole{system-partition-1}{role=PRIMARY} - Received ExecuteRequest{session=-9052977181953038708, node=1, primitive=PrimitiveDescriptor{name=atomix-primary-elector, type=PRIMARY_ELECTOR, backups=1, replication=ASYNCHRONOUS}, operation=PrimitiveOperation{id=DefaultOperationId{id=ENTER, type=COMMAND}, value=byte[]{length=29, hash=1970839652}}}
00:17:36.613 [atomix-system-6] INFO  i.a.p.b.p.i.PrimaryBackupPartitionServer - Successfully started server for PartitionId{id=2, group=data}
00:17:36.613 [atomix-system-2] TRACE i.a.p.b.s.PrimaryBackupSessionClient - SessionClient{system-partition-1}{type=PRIMARY_ELECTOR, name=atomix-primary-elector} - Sending ExecuteRequest{session=-9052977181953038708, node=1, primitive=PrimitiveDescriptor{name=atomix-primary-elector, type=PRIMARY_ELECTOR, backups=1, replication=ASYNCHRONOUS}, operation=PrimitiveOperation{id=DefaultOperationId{id=ENTER, type=COMMAND}, value=byte[]{length=28, hash=479217691}}} to GroupMember{memberId=1, groupId=1}
00:17:36.614 [atomix-system-3] TRACE i.a.p.backup.roles.PrimaryRole - PrimaryRole{system-partition-1}{role=PRIMARY} - Sending ExecuteResponse{status=OK, result=byte[]{length=25, hash=362903974}}
00:17:36.614 [atomix-system-6] INFO  i.a.p.b.p.i.PrimaryBackupPartitionClient - Successfully started client for PartitionId{id=2, group=data}
00:17:36.614 [atomix-system-2] TRACE i.a.p.b.s.PrimaryBackupSessionClient - SessionClient{system-partition-1}{type=PRIMARY_ELECTOR, name=atomix-primary-elector} - Received PrimitiveEvent{type=change, value=byte[]{length=48, hash=-1144139030}}
00:17:36.614 [atomix-system-3] TRACE i.a.p.b.impl.PrimaryBackupSession - PrimaryBackupSession{system-partition-1}{session=-9052977181953038708} - Sending PrimitiveEvent{type=change, value=byte[]{length=48, hash=-1845398126}} to 1
00:17:36.614 [atomix-system-3] TRACE i.a.p.backup.roles.PrimaryRole - PrimaryRole{system-partition-1}{role=PRIMARY} - Received ExecuteRequest{session=-9052977181953038708, node=1, primitive=PrimitiveDescriptor{name=atomix-primary-elector, type=PRIMARY_ELECTOR, backups=1, replication=ASYNCHRONOUS}, operation=PrimitiveOperation{id=DefaultOperationId{id=ENTER, type=COMMAND}, value=byte[]{length=28, hash=479217659}}}
00:17:36.614 [atomix-system-2] TRACE i.a.p.b.s.PrimaryBackupSessionClient - SessionClient{system-partition-1}{type=PRIMARY_ELECTOR, name=atomix-primary-elector} - Sending ExecuteRequest{session=-9052977181953038708, node=1, primitive=PrimitiveDescriptor{name=atomix-primary-elector, type=PRIMARY_ELECTOR, backups=1, replication=ASYNCHRONOUS}, operation=PrimitiveOperation{id=DefaultOperationId{id=ENTER, type=COMMAND}, value=byte[]{length=28, hash=479217633}}} to GroupMember{memberId=1, groupId=1}
00:17:36.614 [atomix-system-3] TRACE i.a.p.backup.roles.PrimaryRole - PrimaryRole{system-partition-1}{role=PRIMARY} - Sending ExecuteResponse{status=OK, result=byte[]{length=25, hash=362903974}}
00:17:36.614 [atomix-system-2] TRACE i.a.p.b.s.PrimaryBackupSessionClient - SessionClient{system-partition-1}{type=PRIMARY_ELECTOR, name=atomix-primary-elector} - Sending ExecuteRequest{session=-9052977181953038708, node=1, primitive=PrimitiveDescriptor{name=atomix-primary-elector, type=PRIMARY_ELECTOR, backups=1, replication=ASYNCHRONOUS}, operation=PrimitiveOperation{id=DefaultOperationId{id=ENTER, type=COMMAND}, value=byte[]{length=28, hash=479217699}}} to GroupMember{memberId=1, groupId=1}
00:17:36.614 [atomix-system-3] TRACE i.a.p.backup.roles.PrimaryRole - PrimaryRole{system-partition-1}{role=PRIMARY} - Received ExecuteRequest{session=-9052977181953038708, node=1, primitive=PrimitiveDescriptor{name=atomix-primary-elector, type=PRIMARY_ELECTOR, backups=1, replication=ASYNCHRONOUS}, operation=PrimitiveOperation{id=DefaultOperationId{id=ENTER, type=COMMAND}, value=byte[]{length=28, hash=479217601}}}
00:17:36.614 [atomix-system-2] TRACE i.a.p.b.s.PrimaryBackupSessionClient - SessionClient{system-partition-1}{type=PRIMARY_ELECTOR, name=atomix-primary-elector} - Sending ExecuteRequest{session=-9052977181953038708, node=1, primitive=PrimitiveDescriptor{name=atomix-primary-elector, type=PRIMARY_ELECTOR, backups=1, replication=ASYNCHRONOUS}, operation=PrimitiveOperation{id=DefaultOperationId{id=ENTER, type=COMMAND}, value=byte[]{length=28, hash=479217705}}} to GroupMember{memberId=1, groupId=1}
00:17:36.614 [atomix-system-2] TRACE i.a.p.b.s.PrimaryBackupSessionClient - SessionClient{system-partition-1}{type=PRIMARY_ELECTOR, name=atomix-primary-elector} - Received ExecuteResponse{status=OK, result=byte[]{length=25, hash=362903974}}
00:17:36.614 [atomix-system-3] TRACE i.a.p.backup.roles.PrimaryRole - PrimaryRole{system-partition-1}{role=PRIMARY} - Sending ExecuteResponse{status=OK, result=byte[]{length=25, hash=362903974}}
00:17:36.614 [atomix-system-3] TRACE i.a.p.backup.roles.PrimaryRole - PrimaryRole{system-partition-1}{role=PRIMARY} - Received ExecuteRequest{session=-9052977181953038708, node=1, primitive=PrimitiveDescriptor{name=atomix-primary-elector, type=PRIMARY_ELECTOR, backups=1, replication=ASYNCHRONOUS}, operation=PrimitiveOperation{id=DefaultOperationId{id=ENTER, type=COMMAND}, value=byte[]{length=28, hash=479217667}}}
00:17:36.614 [atomix-system-2] TRACE i.a.p.b.s.PrimaryBackupSessionClient - SessionClient{system-partition-1}{type=PRIMARY_ELECTOR, name=atomix-primary-elector} - Sending ExecuteRequest{session=-9052977181953038708, node=1, primitive=PrimitiveDescriptor{name=atomix-primary-elector, type=PRIMARY_ELECTOR, backups=1, replication=ASYNCHRONOUS}, operation=PrimitiveOperation{id=DefaultOperationId{id=ENTER, type=COMMAND}, value=byte[]{length=28, hash=479217639}}} to GroupMember{memberId=1, groupId=1}
00:17:36.614 [atomix-system-9] INFO  i.a.p.b.p.i.PrimaryBackupPartitionServer - Successfully started server for PartitionId{id=68, group=data}
00:17:36.614 [atomix-system-3] TRACE i.a.p.backup.roles.PrimaryRole - PrimaryRole{system-partition-1}{role=PRIMARY} - Sending ExecuteResponse{status=OK, result=byte[]{length=25, hash=362903974}}
00:17:36.614 [atomix-system-2] TRACE i.a.p.b.s.PrimaryBackupSessionClient - SessionClient{system-partition-1}{type=PRIMARY_ELECTOR, name=atomix-primary-elector} - Sending ExecuteRequest{session=-9052977181953038708, node=1, primitive=PrimitiveDescriptor{name=atomix-primary-elector, type=PRIMARY_ELECTOR, backups=1, replication=ASYNCHRONOUS}, operation=PrimitiveOperation{id=DefaultOperationId{id=ENTER, type=COMMAND}, value=byte[]{length=29, hash=1970839280}}} to GroupMember{memberId=1, groupId=1}
00:17:36.614 [atomix-system-9] INFO  i.a.p.b.p.i.PrimaryBackupPartitionClient - Successfully started client for PartitionId{id=68, group=data}
00:17:36.614 [atomix-system-3] TRACE i.a.p.b.impl.PrimaryBackupSession - PrimaryBackupSession{system-partition-1}{session=-9052977181953038708} - Sending PrimitiveEvent{type=change, value=byte[]{length=48, hash=1926000334}} to 1
00:17:36.614 [atomix-system-2] TRACE i.a.p.b.s.PrimaryBackupSessionClient - SessionClient{system-partition-1}{type=PRIMARY_ELECTOR, name=atomix-primary-elector} - Sending ExecuteRequest{session=-9052977181953038708, node=1, primitive=PrimitiveDescriptor{name=atomix-primary-elector, type=PRIMARY_ELECTOR, backups=1, replication=ASYNCHRONOUS}, operation=PrimitiveOperation{id=DefaultOperationId{id=ENTER, type=COMMAND}, value=byte[]{length=28, hash=479217647}}} to GroupMember{memberId=1, groupId=1}
00:17:36.614 [atomix-system-3] TRACE i.a.p.backup.roles.PrimaryRole - PrimaryRole{system-partition-1}{role=PRIMARY} - Received ExecuteRequest{session=-9052977181953038708, node=1, primitive=PrimitiveDescriptor{name=atomix-primary-elector, type=PRIMARY_ELECTOR, backups=1, replication=ASYNCHRONOUS}, operation=PrimitiveOperation{id=DefaultOperationId{id=ENTER, type=COMMAND}, value=byte[]{length=28, hash=479217677}}}
00:17:36.614 [atomix-system-2] TRACE i.a.p.b.s.PrimaryBackupSessionClient - SessionClient{system-partition-1}{type=PRIMARY_ELECTOR, name=atomix-primary-elector} - Received ExecuteResponse{status=OK, result=byte[]{length=25, hash=362903974}}
00:17:36.614 [atomix-system-3] TRACE i.a.p.backup.roles.PrimaryRole - PrimaryRole{system-partition-1}{role=PRIMARY} - Sending ExecuteResponse{status=OK, result=byte[]{length=25, hash=362903974}}
00:17:36.614 [atomix-system-3] TRACE i.a.p.backup.roles.PrimaryRole - PrimaryRole{system-partition-1}{role=PRIMARY} - Received ExecuteRequest{session=-9052977181953038708, node=1, primitive=PrimitiveDescriptor{name=atomix-primary-elector, type=PRIMARY_ELECTOR, backups=1, replication=ASYNCHRONOUS}, operation=PrimitiveOperation{id=DefaultOperationId{id=ENTER, type=COMMAND}, value=byte[]{length=28, hash=479217611}}}
00:17:36.615 [atomix-system-3] TRACE i.a.p.backup.roles.PrimaryRole - PrimaryRole{system-partition-1}{role=PRIMARY} - Sending ExecuteResponse{status=OK, result=byte[]{length=25, hash=362903974}}
00:17:36.615 [atomix-system-2] TRACE i.a.p.b.s.PrimaryBackupSessionClient - SessionClient{system-partition-1}{type=PRIMARY_ELECTOR, name=atomix-primary-elector} - Sending ExecuteRequest{session=-9052977181953038708, node=1, primitive=PrimitiveDescriptor{name=atomix-primary-elector, type=PRIMARY_ELECTOR, backups=1, replication=ASYNCHRONOUS}, operation=PrimitiveOperation{id=DefaultOperationId{id=ENTER, type=COMMAND}, value=byte[]{length=28, hash=479217589}}} to GroupMember{memberId=1, groupId=1}
00:17:36.615 [atomix-system-1] INFO  i.a.p.b.p.i.PrimaryBackupPartitionServer - Successfully started server for PartitionId{id=39, group=data}
00:17:36.615 [atomix-system-3] TRACE i.a.p.b.impl.PrimaryBackupSession - PrimaryBackupSession{system-partition-1}{session=-9052977181953038708} - Sending PrimitiveEvent{type=change, value=byte[]{length=48, hash=84708230}} to 1
00:17:36.615 [atomix-system-2] TRACE i.a.p.b.s.PrimaryBackupSessionClient - SessionClient{system-partition-1}{type=PRIMARY_ELECTOR, name=atomix-primary-elector} - Received PrimitiveEvent{type=change, value=byte[]{length=49, hash=1871031629}}
00:17:36.615 [atomix-system-1] INFO  i.a.p.b.p.i.PrimaryBackupPartitionClient - Successfully started client for PartitionId{id=39, group=data}
00:17:36.615 [atomix-system-3] TRACE i.a.p.backup.roles.PrimaryRole - PrimaryRole{system-partition-1}{role=PRIMARY} - Received ExecuteRequest{session=-9052977181953038708, node=1, primitive=PrimitiveDescriptor{name=atomix-primary-elector, type=PRIMARY_ELECTOR, backups=1, replication=ASYNCHRONOUS}, operation=PrimitiveOperation{id=DefaultOperationId{id=ENTER, type=COMMAND}, value=byte[]{length=28, hash=479217685}}}
00:17:36.615 [atomix-system-2] TRACE i.a.p.b.s.PrimaryBackupSessionClient - SessionClient{system-partition-1}{type=PRIMARY_ELECTOR, name=atomix-primary-elector} - Sending ExecuteRequest{session=-9052977181953038708, node=1, primitive=PrimitiveDescriptor{name=atomix-primary-elector, type=PRIMARY_ELECTOR, backups=1, replication=ASYNCHRONOUS}, operation=PrimitiveOperation{id=DefaultOperationId{id=ENTER, type=COMMAND}, value=byte[]{length=29, hash=1970839528}}} to GroupMember{memberId=1, groupId=1}
00:17:36.615 [atomix-system-3] TRACE i.a.p.backup.roles.PrimaryRole - PrimaryRole{system-partition-1}{role=PRIMARY} - Sending ExecuteResponse{status=OK, result=byte[]{length=25, hash=362903974}}
00:17:36.615 [atomix-system-2] TRACE i.a.p.b.s.PrimaryBackupSessionClient - SessionClient{system-partition-1}{type=PRIMARY_ELECTOR, name=atomix-primary-elector} - Sending ExecuteRequest{session=-9052977181953038708, node=1, primitive=PrimitiveDescriptor{name=atomix-primary-elector, type=PRIMARY_ELECTOR, backups=1, replication=ASYNCHRONOUS}, operation=PrimitiveOperation{id=DefaultOperationId{id=ENTER, type=COMMAND}, value=byte[]{length=28, hash=479217655}}} to GroupMember{memberId=1, groupId=1}
00:17:36.615 [atomix-system-3] TRACE i.a.p.backup.roles.PrimaryRole - PrimaryRole{system-partition-1}{role=PRIMARY} - Received ExecuteRequest{session=-9052977181953038708, node=1, primitive=PrimitiveDescriptor{name=atomix-primary-elector, type=PRIMARY_ELECTOR, backups=1, replication=ASYNCHRONOUS}, operation=PrimitiveOperation{id=DefaultOperationId{id=ENTER, type=COMMAND}, value=byte[]{length=28, hash=479217619}}}
00:17:36.615 [atomix-system-2] TRACE i.a.p.b.s.PrimaryBackupSessionClient - SessionClient{system-partition-1}{type=PRIMARY_ELECTOR, name=atomix-primary-elector} - Received ExecuteResponse{status=OK, result=byte[]{length=25, hash=362903974}}
00:17:36.615 [atomix-system-3] TRACE i.a.p.backup.roles.PrimaryRole - PrimaryRole{system-partition-1}{role=PRIMARY} - Sending ExecuteResponse{status=OK, result=byte[]{length=25, hash=362903974}}
00:17:36.615 [atomix-system-3] TRACE i.a.p.backup.roles.PrimaryRole - PrimaryRole{system-partition-1}{role=PRIMARY} - Received ExecuteRequest{session=-9052977181953038708, node=1, primitive=PrimitiveDescriptor{name=atomix-primary-elector, type=PRIMARY_ELECTOR, backups=1, replication=ASYNCHRONOUS}, operation=PrimitiveOperation{id=DefaultOperationId{id=ENTER, type=COMMAND}, value=byte[]{length=28, hash=479217693}}}
00:17:36.615 [atomix-system-3] TRACE i.a.p.backup.roles.PrimaryRole - PrimaryRole{system-partition-1}{role=PRIMARY} - Sending ExecuteResponse{status=OK, result=byte[]{length=25, hash=362903974}}
00:17:36.615 [atomix-system-2] TRACE i.a.p.b.s.PrimaryBackupSessionClient - SessionClient{system-partition-1}{type=PRIMARY_ELECTOR, name=atomix-primary-elector} - Sending ExecuteRequest{session=-9052977181953038708, node=1, primitive=PrimitiveDescriptor{name=atomix-primary-elector, type=PRIMARY_ELECTOR, backups=1, replication=ASYNCHRONOUS}, operation=PrimitiveOperation{id=DefaultOperationId{id=ENTER, type=COMMAND}, value=byte[]{length=28, hash=479217597}}} to GroupMember{memberId=1, groupId=1}
00:17:36.615 [atomix-system-7] INFO  i.a.p.b.p.i.PrimaryBackupPartitionServer - Successfully started server for PartitionId{id=6, group=data}
00:17:36.615 [atomix-system-3] TRACE i.a.p.b.impl.PrimaryBackupSession - PrimaryBackupSession{system-partition-1}{session=-9052977181953038708} - Sending PrimitiveEvent{type=change, value=byte[]{length=48, hash=-44493820}} to 1
00:17:36.615 [atomix-system-2] TRACE i.a.p.b.s.PrimaryBackupSessionClient - SessionClient{system-partition-1}{type=PRIMARY_ELECTOR, name=atomix-primary-elector} - Sending ExecuteRequest{session=-9052977181953038708, node=1, primitive=PrimitiveDescriptor{name=atomix-primary-elector, type=PRIMARY_ELECTOR, backups=1, replication=ASYNCHRONOUS}, operation=PrimitiveOperation{id=DefaultOperationId{id=ENTER, type=COMMAND}, value=byte[]{length=28, hash=479217663}}} to GroupMember{memberId=1, groupId=1}
00:17:36.615 [atomix-system-7] INFO  i.a.p.b.p.i.PrimaryBackupPartitionClient - Successfully started client for PartitionId{id=6, group=data}
00:17:36.615 [atomix-system-3] TRACE i.a.p.backup.roles.PrimaryRole - PrimaryRole{system-partition-1}{role=PRIMARY} - Received ExecuteRequest{session=-9052977181953038708, node=1, primitive=PrimitiveDescriptor{name=atomix-primary-elector, type=PRIMARY_ELECTOR, backups=1, replication=ASYNCHRONOUS}, operation=PrimitiveOperation{id=DefaultOperationId{id=ENTER, type=COMMAND}, value=byte[]{length=28, hash=479217627}}}
00:17:36.615 [atomix-system-2] TRACE i.a.p.b.s.PrimaryBackupSessionClient - SessionClient{system-partition-1}{type=PRIMARY_ELECTOR, name=atomix-primary-elector} - Sending ExecuteRequest{session=-9052977181953038708, node=1, primitive=PrimitiveDescriptor{name=atomix-primary-elector, type=PRIMARY_ELECTOR, backups=1, replication=ASYNCHRONOUS}, operation=PrimitiveOperation{id=DefaultOperationId{id=ENTER, type=COMMAND}, value=byte[]{length=28, hash=479217605}}} to GroupMember{memberId=1, groupId=1}
00:17:36.615 [atomix-system-3] TRACE i.a.p.backup.roles.PrimaryRole - PrimaryRole{system-partition-1}{role=PRIMARY} - Sending ExecuteResponse{status=OK, result=byte[]{length=25, hash=362903974}}
00:17:36.615 [atomix-system-2] TRACE i.a.p.b.s.PrimaryBackupSessionClient - SessionClient{system-partition-1}{type=PRIMARY_ELECTOR, name=atomix-primary-elector} - Sending ExecuteRequest{session=-9052977181953038708, node=1, primitive=PrimitiveDescriptor{name=atomix-primary-elector, type=PRIMARY_ELECTOR, backups=1, replication=ASYNCHRONOUS}, operation=PrimitiveOperation{id=DefaultOperationId{id=ENTER, type=COMMAND}, value=byte[]{length=28, hash=479217673}}} to GroupMember{memberId=1, groupId=1}
00:17:36.616 [atomix-system-3] TRACE i.a.p.backup.roles.PrimaryRole - PrimaryRole{system-partition-1}{role=PRIMARY} - Received ExecuteRequest{session=-9052977181953038708, node=1, primitive=PrimitiveDescriptor{name=atomix-primary-elector, type=PRIMARY_ELECTOR, backups=1, replication=ASYNCHRONOUS}, operation=PrimitiveOperation{id=DefaultOperationId{id=ENTER, type=COMMAND}, value=byte[]{length=28, hash=479217701}}}
00:17:36.616 [atomix-system-2] TRACE i.a.p.b.s.PrimaryBackupSessionClient - SessionClient{system-partition-1}{type=PRIMARY_ELECTOR, name=atomix-primary-elector} - Received ExecuteResponse{status=OK, result=byte[]{length=25, hash=362903974}}
00:17:36.616 [atomix-system-3] TRACE i.a.p.backup.roles.PrimaryRole - PrimaryRole{system-partition-1}{role=PRIMARY} - Sending ExecuteResponse{status=OK, result=byte[]{length=25, hash=362903974}}
00:17:36.616 [atomix-system-2] TRACE i.a.p.b.s.PrimaryBackupSessionClient - SessionClient{system-partition-1}{type=PRIMARY_ELECTOR, name=atomix-primary-elector} - Sending ExecuteRequest{session=-9052977181953038708, node=1, primitive=PrimitiveDescriptor{name=atomix-primary-elector, type=PRIMARY_ELECTOR, backups=1, replication=ASYNCHRONOUS}, operation=PrimitiveOperation{id=DefaultOperationId{id=ENTER, type=COMMAND}, value=byte[]{length=28, hash=479217607}}} to GroupMember{memberId=1, groupId=1}
00:17:36.616 [atomix-system-11] INFO  i.a.p.b.p.i.PrimaryBackupPartitionServer - Successfully started server for PartitionId{id=43, group=data}
00:17:36.616 [atomix-system-3] TRACE i.a.p.b.impl.PrimaryBackupSession - PrimaryBackupSession{system-partition-1}{session=-9052977181953038708} - Sending PrimitiveEvent{type=change, value=byte[]{length=48, hash=-1492758914}} to 1
00:17:36.616 [atomix-system-2] TRACE i.a.p.b.s.PrimaryBackupSessionClient - SessionClient{system-partition-1}{type=PRIMARY_ELECTOR, name=atomix-primary-elector} - Sending ExecuteRequest{session=-9052977181953038708, node=1, primitive=PrimitiveDescriptor{name=atomix-primary-elector, type=PRIMARY_ELECTOR, backups=1, replication=ASYNCHRONOUS}, operation=PrimitiveOperation{id=DefaultOperationId{id=ENTER, type=COMMAND}, value=byte[]{length=28, hash=479217681}}} to GroupMember{memberId=1, groupId=1}
00:17:36.616 [atomix-system-11] INFO  i.a.p.b.p.i.PrimaryBackupPartitionClient - Successfully started client for PartitionId{id=43, group=data}
00:17:36.616 [atomix-system-3] TRACE i.a.p.backup.roles.PrimaryRole - PrimaryRole{system-partition-1}{role=PRIMARY} - Received ExecuteRequest{session=-9052977181953038708, node=1, primitive=PrimitiveDescriptor{name=atomix-primary-elector, type=PRIMARY_ELECTOR, backups=1, replication=ASYNCHRONOUS}, operation=PrimitiveOperation{id=DefaultOperationId{id=ENTER, type=COMMAND}, value=byte[]{length=28, hash=479217635}}}
00:17:36.616 [atomix-system-2] TRACE i.a.p.b.s.PrimaryBackupSessionClient - SessionClient{system-partition-1}{type=PRIMARY_ELECTOR, name=atomix-primary-elector} - Received ExecuteResponse{status=OK, result=byte[]{length=25, hash=362903974}}
00:17:36.616 [atomix-system-3] TRACE i.a.p.backup.roles.PrimaryRole - PrimaryRole{system-partition-1}{role=PRIMARY} - Sending ExecuteResponse{status=OK, result=byte[]{length=25, hash=362903974}}
00:17:36.616 [atomix-system-2] TRACE i.a.p.b.s.PrimaryBackupSessionClient - SessionClient{system-partition-1}{type=PRIMARY_ELECTOR, name=atomix-primary-elector} - Sending ExecuteRequest{session=-9052977181953038708, node=1, primitive=PrimitiveDescriptor{name=atomix-primary-elector, type=PRIMARY_ELECTOR, backups=1, replication=ASYNCHRONOUS}, operation=PrimitiveOperation{id=DefaultOperationId{id=ENTER, type=COMMAND}, value=byte[]{length=28, hash=479217615}}} to GroupMember{memberId=1, groupId=1}
00:17:36.616 [atomix-system-5] INFO  i.a.p.b.p.i.PrimaryBackupPartitionServer - Successfully started server for PartitionId{id=10, group=data}
00:17:36.616 [atomix-system-3] TRACE i.a.p.backup.roles.PrimaryRole - PrimaryRole{system-partition-1}{role=PRIMARY} - Received ExecuteRequest{session=-9052977181953038708, node=1, primitive=PrimitiveDescriptor{name=atomix-primary-elector, type=PRIMARY_ELECTOR, backups=1, replication=ASYNCHRONOUS}, operation=PrimitiveOperation{id=DefaultOperationId{id=ENTER, type=COMMAND}, value=byte[]{length=28, hash=479217641}}}
00:17:36.616 [atomix-system-2] TRACE i.a.p.b.s.PrimaryBackupSessionClient - SessionClient{system-partition-1}{type=PRIMARY_ELECTOR, name=atomix-primary-elector} - Received PrimitiveEvent{type=change, value=byte[]{length=48, hash=1573361122}}
00:17:36.616 [atomix-system-5] INFO  i.a.p.b.p.i.PrimaryBackupPartitionClient - Successfully started client for PartitionId{id=10, group=data}
00:17:36.616 [atomix-system-3] TRACE i.a.p.backup.roles.PrimaryRole - PrimaryRole{system-partition-1}{role=PRIMARY} - Sending ExecuteResponse{status=OK, result=byte[]{length=25, hash=362903974}}
00:17:36.616 [atomix-system-2] TRACE i.a.p.b.s.PrimaryBackupSessionClient - SessionClient{system-partition-1}{type=PRIMARY_ELECTOR, name=atomix-primary-elector} - Sending ExecuteRequest{session=-9052977181953038708, node=1, primitive=PrimitiveDescriptor{name=atomix-primary-elector, type=PRIMARY_ELECTOR, backups=1, replication=ASYNCHRONOUS}, operation=PrimitiveOperation{id=DefaultOperationId{id=ENTER, type=COMMAND}, value=byte[]{length=28, hash=479217689}}} to GroupMember{memberId=1, groupId=1}
00:17:36.616 [atomix-system-3] TRACE i.a.p.b.impl.PrimaryBackupSession - PrimaryBackupSession{system-partition-1}{session=-9052977181953038708} - Sending PrimitiveEvent{type=change, value=byte[]{length=48, hash=-1621960964}} to 1
00:17:36.616 [atomix-system-2] TRACE i.a.p.b.s.PrimaryBackupSessionClient - SessionClient{system-partition-1}{type=PRIMARY_ELECTOR, name=atomix-primary-elector} - Sending ExecuteRequest{session=-9052977181953038708, node=1, primitive=PrimitiveDescriptor{name=atomix-primary-elector, type=PRIMARY_ELECTOR, backups=1, replication=ASYNCHRONOUS}, operation=PrimitiveOperation{id=DefaultOperationId{id=ENTER, type=COMMAND}, value=byte[]{length=28, hash=479217623}}} to GroupMember{memberId=1, groupId=1}
00:17:36.616 [atomix-system-3] TRACE i.a.p.backup.roles.PrimaryRole - PrimaryRole{system-partition-1}{role=PRIMARY} - Received ExecuteRequest{session=-9052977181953038708, node=1, primitive=PrimitiveDescriptor{name=atomix-primary-elector, type=PRIMARY_ELECTOR, backups=1, replication=ASYNCHRONOUS}, operation=PrimitiveOperation{id=DefaultOperationId{id=ENTER, type=COMMAND}, value=byte[]{length=28, hash=479217707}}}
00:17:36.616 [atomix-system-2] TRACE i.a.p.b.s.PrimaryBackupSessionClient - SessionClient{system-partition-1}{type=PRIMARY_ELECTOR, name=atomix-primary-elector} - Sending ExecuteRequest{session=-9052977181953038708, node=1, primitive=PrimitiveDescriptor{name=atomix-primary-elector, type=PRIMARY_ELECTOR, backups=1, replication=ASYNCHRONOUS}, operation=PrimitiveOperation{id=DefaultOperationId{id=ENTER, type=COMMAND}, value=byte[]{length=28, hash=479217697}}} to GroupMember{memberId=1, groupId=1}
00:17:36.616 [atomix-system-3] TRACE i.a.p.backup.roles.PrimaryRole - PrimaryRole{system-partition-1}{role=PRIMARY} - Sending ExecuteResponse{status=OK, result=byte[]{length=25, hash=362903974}}
00:17:36.616 [atomix-system-2] TRACE i.a.p.b.s.PrimaryBackupSessionClient - SessionClient{system-partition-1}{type=PRIMARY_ELECTOR, name=atomix-primary-elector} - Received ExecuteResponse{status=OK, result=byte[]{length=25, hash=362903974}}
00:17:36.616 [atomix-system-3] TRACE i.a.p.backup.roles.PrimaryRole - PrimaryRole{system-partition-1}{role=PRIMARY} - Received ExecuteRequest{session=-9052977181953038708, node=1, primitive=PrimitiveDescriptor{name=atomix-primary-elector, type=PRIMARY_ELECTOR, backups=1, replication=ASYNCHRONOUS}, operation=PrimitiveOperation{id=DefaultOperationId{id=ENTER, type=COMMAND}, value=byte[]{length=28, hash=479217649}}}
00:17:36.617 [atomix-system-2] TRACE i.a.p.b.s.PrimaryBackupSessionClient - SessionClient{system-partition-1}{type=PRIMARY_ELECTOR, name=atomix-primary-elector} - Sending ExecuteRequest{session=-9052977181953038708, node=1, primitive=PrimitiveDescriptor{name=atomix-primary-elector, type=PRIMARY_ELECTOR, backups=1, replication=ASYNCHRONOUS}, operation=PrimitiveOperation{id=DefaultOperationId{id=ENTER, type=COMMAND}, value=byte[]{length=28, hash=479217631}}} to GroupMember{memberId=1, groupId=1}
00:17:36.617 [atomix-system-12] INFO  i.a.p.b.p.i.PrimaryBackupPartitionServer - Successfully started server for PartitionId{id=44, group=data}
00:17:36.617 [atomix-system-2] TRACE i.a.p.b.s.PrimaryBackupSessionClient - SessionClient{system-partition-1}{type=PRIMARY_ELECTOR, name=atomix-primary-elector} - Received ExecuteResponse{status=OK, result=byte[]{length=25, hash=362903974}}
00:17:36.617 [atomix-system-3] TRACE i.a.p.backup.roles.PrimaryRole - PrimaryRole{system-partition-1}{role=PRIMARY} - Sending ExecuteResponse{status=OK, result=byte[]{length=25, hash=362903974}}
00:17:36.617 [atomix-system-12] INFO  i.a.p.b.p.i.PrimaryBackupPartitionClient - Successfully started client for PartitionId{id=44, group=data}
00:17:36.617 [atomix-system-2] TRACE i.a.p.b.s.PrimaryBackupSessionClient - SessionClient{system-partition-1}{type=PRIMARY_ELECTOR, name=atomix-primary-elector} - Received PrimitiveEvent{type=change, value=byte[]{length=48, hash=1702563172}}
00:17:36.617 [atomix-system-12] INFO  i.a.p.b.p.i.PrimaryBackupPartitionServer - Successfully started server for PartitionId{id=15, group=data}
00:17:36.617 [atomix-system-3] TRACE i.a.p.b.impl.PrimaryBackupSession - PrimaryBackupSession{system-partition-1}{session=-9052977181953038708} - Sending PrimitiveEvent{type=change, value=byte[]{length=48, hash=1224741238}} to 1
00:17:36.617 [atomix-system-2] TRACE i.a.p.b.s.PrimaryBackupSessionClient - SessionClient{system-partition-1}{type=PRIMARY_ELECTOR, name=atomix-primary-elector} - Received ExecuteResponse{status=OK, result=byte[]{length=25, hash=362903974}}
00:17:36.617 [atomix-system-12] INFO  i.a.p.b.p.i.PrimaryBackupPartitionClient - Successfully started client for PartitionId{id=15, group=data}
00:17:36.617 [atomix-system-3] TRACE i.a.p.backup.roles.PrimaryRole - PrimaryRole{system-partition-1}{role=PRIMARY} - Received ExecuteRequest{session=-9052977181953038708, node=1, primitive=PrimitiveDescriptor{name=atomix-primary-elector, type=PRIMARY_ELECTOR, backups=1, replication=ASYNCHRONOUS}, operation=PrimitiveOperation{id=DefaultOperationId{id=ENTER, type=COMMAND}, value=byte[]{length=29, hash=1970839342}}}
00:17:36.617 [atomix-system-2] TRACE i.a.p.b.s.PrimaryBackupSessionClient - SessionClient{system-partition-1}{type=PRIMARY_ELECTOR, name=atomix-primary-elector} - Received ExecuteResponse{status=OK, result=byte[]{length=25, hash=362903974}}
00:17:36.617 [atomix-system-12] INFO  i.a.p.b.p.i.PrimaryBackupPartitionServer - Successfully started server for PartitionId{id=48, group=data}
00:17:36.617 [atomix-system-2] TRACE i.a.p.b.s.PrimaryBackupSessionClient - SessionClient{system-partition-1}{type=PRIMARY_ELECTOR, name=atomix-primary-elector} - Received ExecuteResponse{status=OK, result=byte[]{length=25, hash=362903974}}
00:17:36.617 [atomix-system-3] TRACE i.a.p.backup.roles.PrimaryRole - PrimaryRole{system-partition-1}{role=PRIMARY} - Sending ExecuteResponse{status=OK, result=byte[]{length=25, hash=362903974}}
00:17:36.617 [atomix-system-12] INFO  i.a.p.b.p.i.PrimaryBackupPartitionClient - Successfully started client for PartitionId{id=48, group=data}
00:17:36.617 [atomix-system-2] TRACE i.a.p.b.s.PrimaryBackupSessionClient - SessionClient{system-partition-1}{type=PRIMARY_ELECTOR, name=atomix-primary-elector} - Received PrimitiveEvent{type=change, value=byte[]{length=49, hash=214190421}}
00:17:36.617 [atomix-system-3] TRACE i.a.p.b.impl.PrimaryBackupSession - PrimaryBackupSession{system-partition-1}{session=-9052977181953038708} - Sending PrimitiveEvent{type=change, value=byte[]{length=48, hash=702512178}} to 1
00:17:36.617 [atomix-system-12] INFO  i.a.p.b.p.i.PrimaryBackupPartitionServer - Successfully started server for PartitionId{id=19, group=data}
00:17:36.617 [atomix-system-2] TRACE i.a.p.b.s.PrimaryBackupSessionClient - SessionClient{system-partition-1}{type=PRIMARY_ELECTOR, name=atomix-primary-elector} - Received ExecuteResponse{status=OK, result=byte[]{length=25, hash=362903974}}
00:17:36.617 [atomix-system-3] TRACE i.a.p.backup.roles.PrimaryRole - PrimaryRole{system-partition-1}{role=PRIMARY} - Received ExecuteRequest{session=-9052977181953038708, node=1, primitive=PrimitiveDescriptor{name=atomix-primary-elector, type=PRIMARY_ELECTOR, backups=1, replication=ASYNCHRONOUS}, operation=PrimitiveOperation{id=DefaultOperationId{id=ENTER, type=COMMAND}, value=byte[]{length=28, hash=479217657}}}
00:17:36.617 [atomix-system-12] INFO  i.a.p.b.p.i.PrimaryBackupPartitionClient - Successfully started client for PartitionId{id=19, group=data}
00:17:36.617 [atomix-system-2] TRACE i.a.p.b.s.PrimaryBackupSessionClient - SessionClient{system-partition-1}{type=PRIMARY_ELECTOR, name=atomix-primary-elector} - Received ExecuteResponse{status=OK, result=byte[]{length=25, hash=362903974}}
00:17:36.617 [atomix-system-3] TRACE i.a.p.backup.roles.PrimaryRole - PrimaryRole{system-partition-1}{role=PRIMARY} - Sending ExecuteResponse{status=OK, result=byte[]{length=25, hash=362903974}}
00:17:36.617 [atomix-system-12] INFO  i.a.p.b.p.i.PrimaryBackupPartitionServer - Successfully started server for PartitionId{id=52, group=data}
00:17:36.617 [atomix-system-2] TRACE i.a.p.b.s.PrimaryBackupSessionClient - SessionClient{system-partition-1}{type=PRIMARY_ELECTOR, name=atomix-primary-elector} - Received PrimitiveEvent{type=change, value=byte[]{length=48, hash=-397133032}}
00:17:36.617 [atomix-system-3] TRACE i.a.p.backup.roles.PrimaryRole - PrimaryRole{system-partition-1}{role=PRIMARY} - Received ExecuteRequest{session=-9052977181953038708, node=1, primitive=PrimitiveDescriptor{name=atomix-primary-elector, type=PRIMARY_ELECTOR, backups=1, replication=ASYNCHRONOUS}, operation=PrimitiveOperation{id=DefaultOperationId{id=ENTER, type=COMMAND}, value=byte[]{length=28, hash=479217591}}}
00:17:36.617 [atomix-system-12] INFO  i.a.p.b.p.i.PrimaryBackupPartitionClient - Successfully started client for PartitionId{id=52, group=data}
00:17:36.617 [atomix-system-2] TRACE i.a.p.b.s.PrimaryBackupSessionClient - SessionClient{system-partition-1}{type=PRIMARY_ELECTOR, name=atomix-primary-elector} - Received ExecuteResponse{status=OK, result=byte[]{length=25, hash=362903974}}
00:17:36.618 [atomix-system-3] TRACE i.a.p.backup.roles.PrimaryRole - PrimaryRole{system-partition-1}{role=PRIMARY} - Sending ExecuteResponse{status=OK, result=byte[]{length=25, hash=362903974}}
00:17:36.618 [atomix-system-12] INFO  i.a.p.b.p.i.PrimaryBackupPartitionServer - Successfully started server for PartitionId{id=23, group=data}
00:17:36.618 [atomix-system-2] TRACE i.a.p.b.s.PrimaryBackupSessionClient - SessionClient{system-partition-1}{type=PRIMARY_ELECTOR, name=atomix-primary-elector} - Received ExecuteResponse{status=OK, result=byte[]{length=25, hash=362903974}}
00:17:36.618 [atomix-system-3] TRACE i.a.p.b.impl.PrimaryBackupSession - PrimaryBackupSession{system-partition-1}{session=-9052977181953038708} - Sending PrimitiveEvent{type=change, value=byte[]{length=48, hash=-745752916}} to 1
00:17:36.618 [atomix-system-12] INFO  i.a.p.b.p.i.PrimaryBackupPartitionClient - Successfully started client for PartitionId{id=23, group=data}
00:17:36.618 [atomix-system-2] TRACE i.a.p.b.s.PrimaryBackupSessionClient - SessionClient{system-partition-1}{type=PRIMARY_ELECTOR, name=atomix-primary-elector} - Received ExecuteResponse{status=OK, result=byte[]{length=25, hash=362903974}}
00:17:36.618 [atomix-system-3] TRACE i.a.p.backup.roles.PrimaryRole - PrimaryRole{system-partition-1}{role=PRIMARY} - Received ExecuteRequest{session=-9052977181953038708, node=1, primitive=PrimitiveDescriptor{name=atomix-primary-elector, type=PRIMARY_ELECTOR, backups=1, replication=ASYNCHRONOUS}, operation=PrimitiveOperation{id=DefaultOperationId{id=ENTER, type=COMMAND}, value=byte[]{length=29, hash=1970839590}}}
00:17:36.618 [atomix-system-12] INFO  i.a.p.b.p.i.PrimaryBackupPartitionServer - Successfully started server for PartitionId{id=56, group=data}
00:17:36.618 [atomix-system-2] TRACE i.a.p.b.s.PrimaryBackupSessionClient - SessionClient{system-partition-1}{type=PRIMARY_ELECTOR, name=atomix-primary-elector} - Received PrimitiveEvent{type=change, value=byte[]{length=48, hash=-267930982}}
00:17:36.618 [atomix-system-3] TRACE i.a.p.backup.roles.PrimaryRole - PrimaryRole{system-partition-1}{role=PRIMARY} - Sending ExecuteResponse{status=OK, result=byte[]{length=25, hash=362903974}}
00:17:36.618 [atomix-system-12] INFO  i.a.p.b.p.i.PrimaryBackupPartitionClient - Successfully started client for PartitionId{id=56, group=data}
00:17:36.618 [atomix-system-2] TRACE i.a.p.b.s.PrimaryBackupSessionClient - SessionClient{system-partition-1}{type=PRIMARY_ELECTOR, name=atomix-primary-elector} - Received ExecuteResponse{status=OK, result=byte[]{length=25, hash=362903974}}
00:17:36.618 [atomix-system-3] TRACE i.a.p.b.impl.PrimaryBackupSession - PrimaryBackupSession{system-partition-1}{session=-9052977181953038708} - Sending PrimitiveEvent{type=change, value=byte[]{length=48, hash=-2058055324}} to 1
00:17:36.618 [atomix-system-12] INFO  i.a.p.b.p.i.PrimaryBackupPartitionServer - Successfully started server for PartitionId{id=27, group=data}
00:17:36.618 [atomix-system-2] TRACE i.a.p.b.s.PrimaryBackupSessionClient - SessionClient{system-partition-1}{type=PRIMARY_ELECTOR, name=atomix-primary-elector} - Received ExecuteResponse{status=OK, result=byte[]{length=25, hash=362903974}}
00:17:36.618 [atomix-system-3] TRACE i.a.p.backup.roles.PrimaryRole - PrimaryRole{system-partition-1}{role=PRIMARY} - Received ExecuteRequest{session=-9052977181953038708, node=1, primitive=PrimitiveDescriptor{name=atomix-primary-elector, type=PRIMARY_ELECTOR, backups=1, replication=ASYNCHRONOUS}, operation=PrimitiveOperation{id=DefaultOperationId{id=ENTER, type=COMMAND}, value=byte[]{length=28, hash=479217665}}}
00:17:36.618 [atomix-system-12] INFO  i.a.p.b.p.i.PrimaryBackupPartitionClient - Successfully started client for PartitionId{id=27, group=data}
00:17:36.618 [atomix-system-2] TRACE i.a.p.b.s.PrimaryBackupSessionClient - SessionClient{system-partition-1}{type=PRIMARY_ELECTOR, name=atomix-primary-elector} - Received PrimitiveEvent{type=change, value=byte[]{length=48, hash=-1974600176}}
00:17:36.618 [atomix-system-3] TRACE i.a.p.backup.roles.PrimaryRole - PrimaryRole{system-partition-1}{role=PRIMARY} - Sending ExecuteResponse{status=OK, result=byte[]{length=25, hash=362903974}}
00:17:36.618 [atomix-system-12] INFO  i.a.p.b.p.i.PrimaryBackupPartitionServer - Successfully started server for PartitionId{id=63, group=data}
00:17:36.618 [atomix-system-2] TRACE i.a.p.b.s.PrimaryBackupSessionClient - SessionClient{system-partition-1}{type=PRIMARY_ELECTOR, name=atomix-primary-elector} - Received ExecuteResponse{status=OK, result=byte[]{length=25, hash=362903974}}
00:17:36.618 [atomix-system-3] TRACE i.a.p.b.impl.PrimaryBackupSession - PrimaryBackupSession{system-partition-1}{session=-9052977181953038708} - Sending PrimitiveEvent{type=change, value=byte[]{length=48, hash=-1928853274}} to 1
00:17:36.618 [atomix-system-12] INFO  i.a.p.b.p.i.PrimaryBackupPartitionClient - Successfully started client for PartitionId{id=63, group=data}
00:17:36.618 [atomix-system-2] TRACE i.a.p.b.s.PrimaryBackupSessionClient - SessionClient{system-partition-1}{type=PRIMARY_ELECTOR, name=atomix-primary-elector} - Received ExecuteResponse{status=OK, result=byte[]{length=25, hash=362903974}}
00:17:36.618 [atomix-system-3] TRACE i.a.p.backup.roles.PrimaryRole - PrimaryRole{system-partition-1}{role=PRIMARY} - Received ExecuteRequest{session=-9052977181953038708, node=1, primitive=PrimitiveDescriptor{name=atomix-primary-elector, type=PRIMARY_ELECTOR, backups=1, replication=ASYNCHRONOUS}, operation=PrimitiveOperation{id=DefaultOperationId{id=ENTER, type=COMMAND}, value=byte[]{length=28, hash=479217599}}}
00:17:36.618 [atomix-system-12] INFO  i.a.p.b.p.i.PrimaryBackupPartitionServer - Successfully started server for PartitionId{id=30, group=data}
00:17:36.618 [atomix-system-2] TRACE i.a.p.b.s.PrimaryBackupSessionClient - SessionClient{system-partition-1}{type=PRIMARY_ELECTOR, name=atomix-primary-elector} - Received ExecuteResponse{status=OK, result=byte[]{length=25, hash=362903974}}
00:17:36.618 [atomix-system-3] TRACE i.a.p.backup.roles.PrimaryRole - PrimaryRole{system-partition-1}{role=PRIMARY} - Sending ExecuteResponse{status=OK, result=byte[]{length=25, hash=362903974}}
00:17:36.618 [atomix-system-12] INFO  i.a.p.b.p.i.PrimaryBackupPartitionClient - Successfully started client for PartitionId{id=30, group=data}
00:17:36.618 [atomix-system-2] TRACE i.a.p.b.s.PrimaryBackupSessionClient - SessionClient{system-partition-1}{type=PRIMARY_ELECTOR, name=atomix-primary-elector} - Received PrimitiveEvent{type=change, value=byte[]{length=48, hash=-1845398126}}
00:17:36.619 [atomix-system-3] TRACE i.a.p.b.impl.PrimaryBackupSession - PrimaryBackupSession{system-partition-1}{session=-9052977181953038708} - Sending PrimitiveEvent{type=change, value=byte[]{length=48, hash=524821918}} to 1
00:17:36.619 [atomix-system-12] INFO  i.a.p.b.p.i.PrimaryBackupPartitionServer - Successfully started server for PartitionId{id=1, group=data}
00:17:36.619 [atomix-system-2] TRACE i.a.p.b.s.PrimaryBackupSessionClient - SessionClient{system-partition-1}{type=PRIMARY_ELECTOR, name=atomix-primary-elector} - Received ExecuteResponse{status=OK, result=byte[]{length=25, hash=362903974}}
00:17:36.619 [atomix-system-3] TRACE i.a.p.backup.roles.PrimaryRole - PrimaryRole{system-partition-1}{role=PRIMARY} - Received ExecuteRequest{session=-9052977181953038708, node=1, primitive=PrimitiveDescriptor{name=atomix-primary-elector, type=PRIMARY_ELECTOR, backups=1, replication=ASYNCHRONOUS}, operation=PrimitiveOperation{id=DefaultOperationId{id=ENTER, type=COMMAND}, value=byte[]{length=28, hash=479217609}}}
00:17:36.619 [atomix-system-12] INFO  i.a.p.b.p.i.PrimaryBackupPartitionClient - Successfully started client for PartitionId{id=1, group=data}
00:17:36.619 [atomix-system-2] TRACE i.a.p.b.s.PrimaryBackupSessionClient - SessionClient{system-partition-1}{type=PRIMARY_ELECTOR, name=atomix-primary-elector} - Received ExecuteResponse{status=OK, result=byte[]{length=25, hash=362903974}}
00:17:36.619 [atomix-system-3] TRACE i.a.p.backup.roles.PrimaryRole - PrimaryRole{system-partition-1}{role=PRIMARY} - Sending ExecuteResponse{status=OK, result=byte[]{length=25, hash=362903974}}
00:17:36.619 [atomix-system-12] INFO  i.a.p.b.p.i.PrimaryBackupPartitionServer - Successfully started server for PartitionId{id=67, group=data}
00:17:36.619 [atomix-system-2] TRACE i.a.p.b.s.PrimaryBackupSessionClient - SessionClient{system-partition-1}{type=PRIMARY_ELECTOR, name=atomix-primary-elector} - Received ExecuteResponse{status=OK, result=byte[]{length=25, hash=362903974}}
00:17:36.619 [atomix-system-3] TRACE i.a.p.backup.roles.PrimaryRole - PrimaryRole{system-partition-1}{role=PRIMARY} - Received ExecuteRequest{session=-9052977181953038708, node=1, primitive=PrimitiveDescriptor{name=atomix-primary-elector, type=PRIMARY_ELECTOR, backups=1, replication=ASYNCHRONOUS}, operation=PrimitiveOperation{id=DefaultOperationId{id=ENTER, type=COMMAND}, value=byte[]{length=28, hash=479217675}}}
00:17:36.619 [atomix-system-12] INFO  i.a.p.b.p.i.PrimaryBackupPartitionClient - Successfully started client for PartitionId{id=67, group=data}
00:17:36.619 [atomix-system-2] TRACE i.a.p.b.s.PrimaryBackupSessionClient - SessionClient{system-partition-1}{type=PRIMARY_ELECTOR, name=atomix-primary-elector} - Received PrimitiveEvent{type=change, value=byte[]{length=48, hash=1926000334}}
00:17:36.619 [atomix-system-3] TRACE i.a.p.backup.roles.PrimaryRole - PrimaryRole{system-partition-1}{role=PRIMARY} - Sending ExecuteResponse{status=OK, result=byte[]{length=25, hash=362903974}}
00:17:36.619 [atomix-system-12] INFO  i.a.p.b.p.i.PrimaryBackupPartitionServer - Successfully started server for PartitionId{id=34, group=data}
00:17:36.619 [atomix-system-2] TRACE i.a.p.b.s.PrimaryBackupSessionClient - SessionClient{system-partition-1}{type=PRIMARY_ELECTOR, name=atomix-primary-elector} - Received ExecuteResponse{status=OK, result=byte[]{length=25, hash=362903974}}
00:17:36.619 [atomix-system-3] TRACE i.a.p.b.impl.PrimaryBackupSession - PrimaryBackupSession{system-partition-1}{session=-9052977181953038708} - Sending PrimitiveEvent{type=change, value=byte[]{length=49, hash=-2017449141}} to 1
00:17:36.619 [atomix-system-12] INFO  i.a.p.b.p.i.PrimaryBackupPartitionClient - Successfully started client for PartitionId{id=34, group=data}
00:17:36.619 [atomix-system-2] TRACE i.a.p.b.s.PrimaryBackupSessionClient - SessionClient{system-partition-1}{type=PRIMARY_ELECTOR, name=atomix-primary-elector} - Received ExecuteResponse{status=OK, result=byte[]{length=25, hash=362903974}}
00:17:36.619 [atomix-system-3] TRACE i.a.p.backup.roles.PrimaryRole - PrimaryRole{system-partition-1}{role=PRIMARY} - Received ExecuteRequest{session=-9052977181953038708, node=1, primitive=PrimitiveDescriptor{name=atomix-primary-elector, type=PRIMARY_ELECTOR, backups=1, replication=ASYNCHRONOUS}, operation=PrimitiveOperation{id=DefaultOperationId{id=ENTER, type=COMMAND}, value=byte[]{length=28, hash=479217617}}}
00:17:36.619 [atomix-system-12] INFO  i.a.p.b.p.i.PrimaryBackupPartitionServer - Successfully started server for PartitionId{id=5, group=data}
00:17:36.619 [atomix-system-2] TRACE i.a.p.b.s.PrimaryBackupSessionClient - SessionClient{system-partition-1}{type=PRIMARY_ELECTOR, name=atomix-primary-elector} - Received PrimitiveEvent{type=change, value=byte[]{length=48, hash=84708230}}
00:17:36.619 [atomix-system-3] TRACE i.a.p.backup.roles.PrimaryRole - PrimaryRole{system-partition-1}{role=PRIMARY} - Sending ExecuteResponse{status=OK, result=byte[]{length=25, hash=362903974}}
00:17:36.619 [atomix-system-12] INFO  i.a.p.b.p.i.PrimaryBackupPartitionClient - Successfully started client for PartitionId{id=5, group=data}
00:17:36.619 [atomix-system-2] TRACE i.a.p.b.s.PrimaryBackupSessionClient - SessionClient{system-partition-1}{type=PRIMARY_ELECTOR, name=atomix-primary-elector} - Received ExecuteResponse{status=OK, result=byte[]{length=25, hash=362903974}}
00:17:36.619 [atomix-system-3] TRACE i.a.p.b.impl.PrimaryBackupSession - PrimaryBackupSession{system-partition-1}{session=-9052977181953038708} - Sending PrimitiveEvent{type=change, value=byte[]{length=48, hash=395619868}} to 1
00:17:36.619 [atomix-system-12] INFO  i.a.p.b.p.i.PrimaryBackupPartitionServer - Successfully started server for PartitionId{id=71, group=data}
00:17:36.619 [atomix-system-2] TRACE i.a.p.b.s.PrimaryBackupSessionClient - SessionClient{system-partition-1}{type=PRIMARY_ELECTOR, name=atomix-primary-elector} - Received ExecuteResponse{status=OK, result=byte[]{length=25, hash=362903974}}
00:17:36.619 [atomix-system-3] TRACE i.a.p.backup.roles.PrimaryRole - PrimaryRole{system-partition-1}{role=PRIMARY} - Received ExecuteRequest{session=-9052977181953038708, node=1, primitive=PrimitiveDescriptor{name=atomix-primary-elector, type=PRIMARY_ELECTOR, backups=1, replication=ASYNCHRONOUS}, operation=PrimitiveOperation{id=DefaultOperationId{id=ENTER, type=COMMAND}, value=byte[]{length=28, hash=479217683}}}
00:17:36.620 [atomix-system-12] INFO  i.a.p.b.p.i.PrimaryBackupPartitionClient - Successfully started client for PartitionId{id=71, group=data}
00:17:36.620 [atomix-system-2] TRACE i.a.p.b.s.PrimaryBackupSessionClient - SessionClient{system-partition-1}{type=PRIMARY_ELECTOR, name=atomix-primary-elector} - Received ExecuteResponse{status=OK, result=byte[]{length=25, hash=362903974}}
00:17:36.620 [atomix-system-3] TRACE i.a.p.backup.roles.PrimaryRole - PrimaryRole{system-partition-1}{role=PRIMARY} - Sending ExecuteResponse{status=OK, result=byte[]{length=25, hash=362903974}}
00:17:36.620 [atomix-system-12] INFO  i.a.p.b.p.i.PrimaryBackupPartitionServer - Successfully started server for PartitionId{id=38, group=data}
00:17:36.620 [atomix-system-2] TRACE i.a.p.b.s.PrimaryBackupSessionClient - SessionClient{system-partition-1}{type=PRIMARY_ELECTOR, name=atomix-primary-elector} - Received PrimitiveEvent{type=change, value=byte[]{length=48, hash=-44493820}}
00:17:36.620 [atomix-system-3] TRACE i.a.p.backup.roles.PrimaryRole - PrimaryRole{system-partition-1}{role=PRIMARY} - Received ExecuteRequest{session=-9052977181953038708, node=1, primitive=PrimitiveDescriptor{name=atomix-primary-elector, type=PRIMARY_ELECTOR, backups=1, replication=ASYNCHRONOUS}, operation=PrimitiveOperation{id=DefaultOperationId{id=ENTER, type=COMMAND}, value=byte[]{length=28, hash=479217625}}}
00:17:36.620 [atomix-system-12] INFO  i.a.p.b.p.i.PrimaryBackupPartitionClient - Successfully started client for PartitionId{id=38, group=data}
00:17:36.620 [atomix-system-2] TRACE i.a.p.b.s.PrimaryBackupSessionClient - SessionClient{system-partition-1}{type=PRIMARY_ELECTOR, name=atomix-primary-elector} - Received ExecuteResponse{status=OK, result=byte[]{length=25, hash=362903974}}
00:17:36.620 [atomix-system-12] INFO  i.a.p.b.p.i.PrimaryBackupPartitionServer - Successfully started server for PartitionId{id=9, group=data}
00:17:36.620 [atomix-system-3] TRACE i.a.p.backup.roles.PrimaryRole - PrimaryRole{system-partition-1}{role=PRIMARY} - Sending ExecuteResponse{status=OK, result=byte[]{length=25, hash=362903974}}
00:17:36.620 [atomix-system-2] TRACE i.a.p.b.s.PrimaryBackupSessionClient - SessionClient{system-partition-1}{type=PRIMARY_ELECTOR, name=atomix-primary-elector} - Received ExecuteResponse{status=OK, result=byte[]{length=25, hash=362903974}}
00:17:36.620 [atomix-system-12] INFO  i.a.p.b.p.i.PrimaryBackupPartitionClient - Successfully started client for PartitionId{id=9, group=data}
00:17:36.620 [atomix-system-3] TRACE i.a.p.b.impl.PrimaryBackupSession - PrimaryBackupSession{system-partition-1}{session=-9052977181953038708} - Sending PrimitiveEvent{type=change, value=byte[]{length=48, hash=-1052645226}} to 1
00:17:36.620 [atomix-system-2] TRACE i.a.p.b.s.PrimaryBackupSessionClient - SessionClient{system-partition-1}{type=PRIMARY_ELECTOR, name=atomix-primary-elector} - Received PrimitiveEvent{type=change, value=byte[]{length=48, hash=-1492758914}}
00:17:36.620 [atomix-system-12] INFO  i.a.p.b.p.i.PrimaryBackupPartitionServer - Successfully started server for PartitionId{id=42, group=data}
00:17:36.620 [atomix-system-3] TRACE i.a.p.b.impl.PrimaryBackupSession - PrimaryBackupSession{system-partition-1}{session=-9052977181953038708} - Sending PrimitiveEvent{type=change, value=byte[]{length=49, hash=620676947}} to 1
00:17:36.620 [atomix-system-2] TRACE i.a.p.b.s.PrimaryBackupSessionClient - SessionClient{system-partition-1}{type=PRIMARY_ELECTOR, name=atomix-primary-elector} - Received ExecuteResponse{status=OK, result=byte[]{length=25, hash=362903974}}
00:17:36.620 [atomix-system-12] INFO  i.a.p.b.p.i.PrimaryBackupPartitionClient - Successfully started client for PartitionId{id=42, group=data}
00:17:36.620 [atomix-system-3] TRACE i.a.p.backup.roles.PrimaryRole - PrimaryRole{system-partition-1}{role=PRIMARY} - Received ExecuteRequest{session=-9052977181953038708, node=1, primitive=PrimitiveDescriptor{name=atomix-primary-elector, type=PRIMARY_ELECTOR, backups=1, replication=ASYNCHRONOUS}, operation=PrimitiveOperation{id=DefaultOperationId{id=ENTER, type=COMMAND}, value=byte[]{length=28, hash=479217691}}}
00:17:36.620 [atomix-system-2] TRACE i.a.p.b.s.PrimaryBackupSessionClient - SessionClient{system-partition-1}{type=PRIMARY_ELECTOR, name=atomix-primary-elector} - Received ExecuteResponse{status=OK, result=byte[]{length=25, hash=362903974}}
00:17:36.620 [atomix-system-12] INFO  i.a.p.b.p.i.PrimaryBackupPartitionServer - Successfully started server for PartitionId{id=47, group=data}
00:17:36.620 [atomix-system-3] TRACE i.a.p.backup.roles.PrimaryRole - PrimaryRole{system-partition-1}{role=PRIMARY} - Sending ExecuteResponse{status=OK, result=byte[]{length=25, hash=362903974}}
00:17:36.620 [atomix-system-2] TRACE i.a.p.b.s.PrimaryBackupSessionClient - SessionClient{system-partition-1}{type=PRIMARY_ELECTOR, name=atomix-primary-elector} - Received PrimitiveEvent{type=change, value=byte[]{length=48, hash=-1621960964}}
00:17:36.621 [atomix-system-12] INFO  i.a.p.b.p.i.PrimaryBackupPartitionClient - Successfully started client for PartitionId{id=47, group=data}
00:17:36.621 [atomix-system-3] TRACE i.a.p.b.impl.PrimaryBackupSession - PrimaryBackupSession{system-partition-1}{session=-9052977181953038708} - Sending PrimitiveEvent{type=change, value=byte[]{length=48, hash=-1574874286}} to 1
00:17:36.621 [atomix-system-2] TRACE i.a.p.b.s.PrimaryBackupSessionClient - SessionClient{system-partition-1}{type=PRIMARY_ELECTOR, name=atomix-primary-elector} - Received ExecuteResponse{status=OK, result=byte[]{length=25, hash=362903974}}
00:17:36.621 [atomix-system-12] INFO  i.a.p.b.p.i.PrimaryBackupPartitionServer - Successfully started server for PartitionId{id=14, group=data}
00:17:36.621 [atomix-system-3] TRACE i.a.p.backup.roles.PrimaryRole - PrimaryRole{system-partition-1}{role=PRIMARY} - Received ExecuteRequest{session=-9052977181953038708, node=1, primitive=PrimitiveDescriptor{name=atomix-primary-elector, type=PRIMARY_ELECTOR, backups=1, replication=ASYNCHRONOUS}, operation=PrimitiveOperation{id=DefaultOperationId{id=ENTER, type=COMMAND}, value=byte[]{length=28, hash=479217633}}}
00:17:36.621 [atomix-system-2] TRACE i.a.p.b.s.PrimaryBackupSessionClient - SessionClient{system-partition-1}{type=PRIMARY_ELECTOR, name=atomix-primary-elector} - Received ExecuteResponse{status=OK, result=byte[]{length=25, hash=362903974}}
00:17:36.621 [atomix-system-12] INFO  i.a.p.b.p.i.PrimaryBackupPartitionClient - Successfully started client for PartitionId{id=14, group=data}
00:17:36.621 [atomix-system-3] TRACE i.a.p.backup.roles.PrimaryRole - PrimaryRole{system-partition-1}{role=PRIMARY} - Sending ExecuteResponse{status=OK, result=byte[]{length=25, hash=362903974}}
00:17:36.621 [atomix-system-2] TRACE i.a.p.b.s.PrimaryBackupSessionClient - SessionClient{system-partition-1}{type=PRIMARY_ELECTOR, name=atomix-primary-elector} - Received PrimitiveEvent{type=change, value=byte[]{length=48, hash=1224741238}}
00:17:36.621 [atomix-system-12] INFO  i.a.p.b.p.i.PrimaryBackupPartitionServer - Successfully started server for PartitionId{id=51, group=data}
00:17:36.621 [atomix-system-3] TRACE i.a.p.backup.roles.PrimaryRole - PrimaryRole{system-partition-1}{role=PRIMARY} - Received ExecuteRequest{session=-9052977181953038708, node=1, primitive=PrimitiveDescriptor{name=atomix-primary-elector, type=PRIMARY_ELECTOR, backups=1, replication=ASYNCHRONOUS}, operation=PrimitiveOperation{id=DefaultOperationId{id=ENTER, type=COMMAND}, value=byte[]{length=28, hash=479217699}}}
00:17:36.621 [atomix-system-2] TRACE i.a.p.b.s.PrimaryBackupSessionClient - SessionClient{system-partition-1}{type=PRIMARY_ELECTOR, name=atomix-primary-elector} - Received ExecuteResponse{status=OK, result=byte[]{length=25, hash=362903974}}
00:17:36.621 [atomix-system-12] INFO  i.a.p.b.p.i.PrimaryBackupPartitionClient - Successfully started client for PartitionId{id=51, group=data}
00:17:36.621 [atomix-system-3] TRACE i.a.p.backup.roles.PrimaryRole - PrimaryRole{system-partition-1}{role=PRIMARY} - Sending ExecuteResponse{status=OK, result=byte[]{length=25, hash=362903974}}
00:17:36.621 [atomix-system-2] TRACE i.a.p.b.s.PrimaryBackupSessionClient - SessionClient{system-partition-1}{type=PRIMARY_ELECTOR, name=atomix-primary-elector} - Received PrimitiveEvent{type=change, value=byte[]{length=48, hash=702512178}}
00:17:36.621 [atomix-system-12] INFO  i.a.p.b.p.i.PrimaryBackupPartitionServer - Successfully started server for PartitionId{id=18, group=data}
00:17:36.621 [atomix-system-3] TRACE i.a.p.b.impl.PrimaryBackupSession - PrimaryBackupSession{system-partition-1}{session=-9052977181953038708} - Sending PrimitiveEvent{type=change, value=byte[]{length=48, hash=1271827916}} to 1
00:17:36.621 [atomix-system-2] TRACE i.a.p.b.s.PrimaryBackupSessionClient - SessionClient{system-partition-1}{type=PRIMARY_ELECTOR, name=atomix-primary-elector} - Received ExecuteResponse{status=OK, result=byte[]{length=25, hash=362903974}}
00:17:36.621 [atomix-system-12] INFO  i.a.p.b.p.i.PrimaryBackupPartitionClient - Successfully started client for PartitionId{id=18, group=data}
00:17:36.621 [atomix-system-3] TRACE i.a.p.backup.roles.PrimaryRole - PrimaryRole{system-partition-1}{role=PRIMARY} - Received ExecuteRequest{session=-9052977181953038708, node=1, primitive=PrimitiveDescriptor{name=atomix-primary-elector, type=PRIMARY_ELECTOR, backups=1, replication=ASYNCHRONOUS}, operation=PrimitiveOperation{id=DefaultOperationId{id=ENTER, type=COMMAND}, value=byte[]{length=28, hash=479217705}}}
00:17:36.621 [atomix-system-2] TRACE i.a.p.b.s.PrimaryBackupSessionClient - SessionClient{system-partition-1}{type=PRIMARY_ELECTOR, name=atomix-primary-elector} - Received ExecuteResponse{status=OK, result=byte[]{length=25, hash=362903974}}
00:17:36.621 [atomix-system-12] INFO  i.a.p.b.p.i.PrimaryBackupPartitionServer - Successfully started server for PartitionId{id=55, group=data}
00:17:36.621 [atomix-system-3] TRACE i.a.p.backup.roles.PrimaryRole - PrimaryRole{system-partition-1}{role=PRIMARY} - Sending ExecuteResponse{status=OK, result=byte[]{length=25, hash=362903974}}
00:17:36.621 [atomix-system-2] TRACE i.a.p.b.s.PrimaryBackupSessionClient - SessionClient{system-partition-1}{type=PRIMARY_ELECTOR, name=atomix-primary-elector} - Received PrimitiveEvent{type=change, value=byte[]{length=48, hash=-745752916}}
00:17:36.622 [atomix-system-12] INFO  i.a.p.b.p.i.PrimaryBackupPartitionClient - Successfully started client for PartitionId{id=55, group=data}
00:17:36.622 [atomix-system-3] TRACE i.a.p.b.impl.PrimaryBackupSession - PrimaryBackupSession{system-partition-1}{session=-9052977181953038708} - Sending PrimitiveEvent{type=change, value=byte[]{length=48, hash=1142625866}} to 1
00:17:36.622 [atomix-system-2] TRACE i.a.p.b.s.PrimaryBackupSessionClient - SessionClient{system-partition-1}{type=PRIMARY_ELECTOR, name=atomix-primary-elector} - Received ExecuteResponse{status=OK, result=byte[]{length=25, hash=362903974}}
00:17:36.622 [atomix-system-12] INFO  i.a.p.b.p.i.PrimaryBackupPartitionServer - Successfully started server for PartitionId{id=22, group=data}
00:17:36.622 [atomix-system-3] TRACE i.a.p.backup.roles.PrimaryRole - PrimaryRole{system-partition-1}{role=PRIMARY} - Received ExecuteRequest{session=-9052977181953038708, node=1, primitive=PrimitiveDescriptor{name=atomix-primary-elector, type=PRIMARY_ELECTOR, backups=1, replication=ASYNCHRONOUS}, operation=PrimitiveOperation{id=DefaultOperationId{id=ENTER, type=COMMAND}, value=byte[]{length=28, hash=479217639}}}
00:17:36.622 [atomix-system-2] TRACE i.a.p.b.s.PrimaryBackupSessionClient - SessionClient{system-partition-1}{type=PRIMARY_ELECTOR, name=atomix-primary-elector} - Received PrimitiveEvent{type=change, value=byte[]{length=48, hash=-2058055324}}
00:17:36.622 [atomix-system-12] INFO  i.a.p.b.p.i.PrimaryBackupPartitionClient - Successfully started client for PartitionId{id=22, group=data}
00:17:36.622 [atomix-system-3] TRACE i.a.p.backup.roles.PrimaryRole - PrimaryRole{system-partition-1}{role=PRIMARY} - Sending ExecuteResponse{status=OK, result=byte[]{length=25, hash=362903974}}
00:17:36.622 [atomix-system-2] TRACE i.a.p.b.s.PrimaryBackupSessionClient - SessionClient{system-partition-1}{type=PRIMARY_ELECTOR, name=atomix-primary-elector} - Received ExecuteResponse{status=OK, result=byte[]{length=25, hash=362903974}}
00:17:36.622 [atomix-system-12] INFO  i.a.p.b.p.i.PrimaryBackupPartitionServer - Successfully started server for PartitionId{id=59, group=data}
00:17:36.622 [atomix-system-3] TRACE i.a.p.backup.roles.PrimaryRole - PrimaryRole{system-partition-1}{role=PRIMARY} - Received ExecuteRequest{session=-9052977181953038708, node=1, primitive=PrimitiveDescriptor{name=atomix-primary-elector, type=PRIMARY_ELECTOR, backups=1, replication=ASYNCHRONOUS}, operation=PrimitiveOperation{id=DefaultOperationId{id=ENTER, type=COMMAND}, value=byte[]{length=29, hash=1970839280}}}
00:17:36.622 [atomix-system-2] TRACE i.a.p.b.s.PrimaryBackupSessionClient - SessionClient{system-partition-1}{type=PRIMARY_ELECTOR, name=atomix-primary-elector} - Received PrimitiveEvent{type=change, value=byte[]{length=48, hash=-1928853274}}
00:17:36.622 [atomix-system-12] INFO  i.a.p.b.p.i.PrimaryBackupPartitionClient - Successfully started client for PartitionId{id=59, group=data}
00:17:36.622 [atomix-system-3] TRACE i.a.p.backup.roles.PrimaryRole - PrimaryRole{system-partition-1}{role=PRIMARY} - Sending ExecuteResponse{status=OK, result=byte[]{length=25, hash=362903974}}
00:17:36.622 [atomix-system-2] TRACE i.a.p.b.s.PrimaryBackupSessionClient - SessionClient{system-partition-1}{type=PRIMARY_ELECTOR, name=atomix-primary-elector} - Received ExecuteResponse{status=OK, result=byte[]{length=25, hash=362903974}}
00:17:36.622 [atomix-system-12] INFO  i.a.p.b.p.i.PrimaryBackupPartitionServer - Successfully started server for PartitionId{id=26, group=data}
00:17:36.622 [atomix-system-3] TRACE i.a.p.backup.roles.PrimaryRole - PrimaryRole{system-partition-1}{role=PRIMARY} - Received ExecuteRequest{session=-9052977181953038708, node=1, primitive=PrimitiveDescriptor{name=atomix-primary-elector, type=PRIMARY_ELECTOR, backups=1, replication=ASYNCHRONOUS}, operation=PrimitiveOperation{id=DefaultOperationId{id=ENTER, type=COMMAND}, value=byte[]{length=28, hash=479217647}}}
00:17:36.622 [atomix-system-2] TRACE i.a.p.b.s.PrimaryBackupSessionClient - SessionClient{system-partition-1}{type=PRIMARY_ELECTOR, name=atomix-primary-elector} - Received PrimitiveEvent{type=change, value=byte[]{length=48, hash=524821918}}
00:17:36.622 [atomix-system-12] INFO  i.a.p.b.p.i.PrimaryBackupPartitionClient - Successfully started client for PartitionId{id=26, group=data}
00:17:36.622 [atomix-system-3] TRACE i.a.p.backup.roles.PrimaryRole - PrimaryRole{system-partition-1}{role=PRIMARY} - Sending ExecuteResponse{status=OK, result=byte[]{length=25, hash=362903974}}
00:17:36.622 [atomix-system-2] TRACE i.a.p.b.s.PrimaryBackupSessionClient - SessionClient{system-partition-1}{type=PRIMARY_ELECTOR, name=atomix-primary-elector} - Received ExecuteResponse{status=OK, result=byte[]{length=25, hash=362903974}}
00:17:36.622 [atomix-system-12] INFO  i.a.p.b.p.i.PrimaryBackupPartitionServer - Successfully started server for PartitionId{id=29, group=data}
00:17:36.622 [atomix-system-3] TRACE i.a.p.b.impl.PrimaryBackupSession - PrimaryBackupSession{system-partition-1}{session=-9052977181953038708} - Sending PrimitiveEvent{type=change, value=byte[]{length=48, hash=-829208064}} to 1
00:17:36.622 [atomix-system-2] TRACE i.a.p.b.s.PrimaryBackupSessionClient - SessionClient{system-partition-1}{type=PRIMARY_ELECTOR, name=atomix-primary-elector} - Received ExecuteResponse{status=OK, result=byte[]{length=25, hash=362903974}}
00:17:36.622 [atomix-system-12] INFO  i.a.p.b.p.i.PrimaryBackupPartitionClient - Successfully started client for PartitionId{id=29, group=data}
00:17:36.623 [atomix-system-3] TRACE i.a.p.b.impl.PrimaryBackupSession - PrimaryBackupSession{system-partition-1}{session=-9052977181953038708} - Sending PrimitiveEvent{type=change, value=byte[]{length=48, hash=-1093033024}} to 1
00:17:36.623 [atomix-system-2] TRACE i.a.p.b.s.PrimaryBackupSessionClient - SessionClient{system-partition-1}{type=PRIMARY_ELECTOR, name=atomix-primary-elector} - Received PrimitiveEvent{type=change, value=byte[]{length=49, hash=-2017449141}}
00:17:36.623 [atomix-system-12] INFO  i.a.p.b.p.i.PrimaryBackupPartitionServer - Successfully started server for PartitionId{id=62, group=data}
00:17:36.623 [atomix-system-3] TRACE i.a.p.backup.roles.PrimaryRole - PrimaryRole{system-partition-1}{role=PRIMARY} - Received ExecuteRequest{session=-9052977181953038708, node=1, primitive=PrimitiveDescriptor{name=atomix-primary-elector, type=PRIMARY_ELECTOR, backups=1, replication=ASYNCHRONOUS}, operation=PrimitiveOperation{id=DefaultOperationId{id=ENTER, type=COMMAND}, value=byte[]{length=28, hash=479217589}}}
00:17:36.623 [atomix-system-2] TRACE i.a.p.b.s.PrimaryBackupSessionClient - SessionClient{system-partition-1}{type=PRIMARY_ELECTOR, name=atomix-primary-elector} - Received ExecuteResponse{status=OK, result=byte[]{length=25, hash=362903974}}
00:17:36.623 [atomix-system-12] INFO  i.a.p.b.p.i.PrimaryBackupPartitionClient - Successfully started client for PartitionId{id=62, group=data}
00:17:36.623 [atomix-system-3] TRACE i.a.p.backup.roles.PrimaryRole - PrimaryRole{system-partition-1}{role=PRIMARY} - Sending ExecuteResponse{status=OK, result=byte[]{length=25, hash=362903974}}
00:17:36.623 [atomix-system-2] TRACE i.a.p.b.s.PrimaryBackupSessionClient - SessionClient{system-partition-1}{type=PRIMARY_ELECTOR, name=atomix-primary-elector} - Received PrimitiveEvent{type=change, value=byte[]{length=48, hash=395619868}}
00:17:36.623 [atomix-system-12] INFO  i.a.p.b.p.i.PrimaryBackupPartitionServer - Successfully started server for PartitionId{id=33, group=data}
00:17:36.623 [atomix-system-3] TRACE i.a.p.b.impl.PrimaryBackupSession - PrimaryBackupSession{system-partition-1}{session=-9052977181953038708} - Sending PrimitiveEvent{type=change, value=byte[]{length=48, hash=1495265078}} to 1
00:17:36.623 [atomix-system-2] TRACE i.a.p.b.s.PrimaryBackupSessionClient - SessionClient{system-partition-1}{type=PRIMARY_ELECTOR, name=atomix-primary-elector} - Received ExecuteResponse{status=OK, result=byte[]{length=25, hash=362903974}}
00:17:36.623 [atomix-system-12] INFO  i.a.p.b.p.i.PrimaryBackupPartitionClient - Successfully started client for PartitionId{id=33, group=data}
00:17:36.623 [atomix-system-3] TRACE i.a.p.backup.roles.PrimaryRole - PrimaryRole{system-partition-1}{role=PRIMARY} - Received ExecuteRequest{session=-9052977181953038708, node=1, primitive=PrimitiveDescriptor{name=atomix-primary-elector, type=PRIMARY_ELECTOR, backups=1, replication=ASYNCHRONOUS}, operation=PrimitiveOperation{id=DefaultOperationId{id=ENTER, type=COMMAND}, value=byte[]{length=29, hash=1970839528}}}
00:17:36.623 [atomix-system-2] TRACE i.a.p.b.s.PrimaryBackupSessionClient - SessionClient{system-partition-1}{type=PRIMARY_ELECTOR, name=atomix-primary-elector} - Received ExecuteResponse{status=OK, result=byte[]{length=25, hash=362903974}}
00:17:36.623 [atomix-system-12] INFO  i.a.p.b.p.i.PrimaryBackupPartitionServer - Successfully started server for PartitionId{id=66, group=data}
00:17:36.623 [atomix-system-3] TRACE i.a.p.backup.roles.PrimaryRole - PrimaryRole{system-partition-1}{role=PRIMARY} - Sending ExecuteResponse{status=OK, result=byte[]{length=25, hash=362903974}}
00:17:36.623 [atomix-system-2] TRACE i.a.p.b.s.PrimaryBackupSessionClient - SessionClient{system-partition-1}{type=PRIMARY_ELECTOR, name=atomix-primary-elector} - Received PrimitiveEvent{type=change, value=byte[]{length=48, hash=-1052645226}}
00:17:36.623 [atomix-system-12] INFO  i.a.p.b.p.i.PrimaryBackupPartitionClient - Successfully started client for PartitionId{id=66, group=data}
00:17:36.623 [atomix-system-3] TRACE i.a.p.backup.roles.PrimaryRole - PrimaryRole{system-partition-1}{role=PRIMARY} - Received ExecuteRequest{session=-9052977181953038708, node=1, primitive=PrimitiveDescriptor{name=atomix-primary-elector, type=PRIMARY_ELECTOR, backups=1, replication=ASYNCHRONOUS}, operation=PrimitiveOperation{id=DefaultOperationId{id=ENTER, type=COMMAND}, value=byte[]{length=28, hash=479217655}}}
00:17:36.623 [atomix-system-2] TRACE i.a.p.b.s.PrimaryBackupSessionClient - SessionClient{system-partition-1}{type=PRIMARY_ELECTOR, name=atomix-primary-elector} - Received PrimitiveEvent{type=change, value=byte[]{length=49, hash=620676947}}
00:17:36.623 [atomix-system-12] INFO  i.a.p.b.p.i.PrimaryBackupPartitionServer - Successfully started server for PartitionId{id=37, group=data}
00:17:36.623 [atomix-system-3] TRACE i.a.p.backup.roles.PrimaryRole - PrimaryRole{system-partition-1}{role=PRIMARY} - Sending ExecuteResponse{status=OK, result=byte[]{length=25, hash=362903974}}
00:17:36.623 [atomix-system-2] TRACE i.a.p.b.s.PrimaryBackupSessionClient - SessionClient{system-partition-1}{type=PRIMARY_ELECTOR, name=atomix-primary-elector} - Received ExecuteResponse{status=OK, result=byte[]{length=25, hash=362903974}}
00:17:36.623 [atomix-system-12] INFO  i.a.p.b.p.i.PrimaryBackupPartitionClient - Successfully started client for PartitionId{id=37, group=data}
00:17:36.623 [atomix-system-3] TRACE i.a.p.b.impl.PrimaryBackupSession - PrimaryBackupSession{system-partition-1}{session=-9052977181953038708} - Sending PrimitiveEvent{type=change, value=byte[]{length=48, hash=1624467128}} to 1
00:17:36.623 [atomix-system-2] TRACE i.a.p.b.s.PrimaryBackupSessionClient - SessionClient{system-partition-1}{type=PRIMARY_ELECTOR, name=atomix-primary-elector} - Received PrimitiveEvent{type=change, value=byte[]{length=48, hash=-1574874286}}
00:17:36.624 [atomix-system-12] INFO  i.a.p.b.p.i.PrimaryBackupPartitionServer - Successfully started server for PartitionId{id=4, group=data}
00:17:36.624 [atomix-system-3] TRACE i.a.p.b.impl.PrimaryBackupSession - PrimaryBackupSession{system-partition-1}{session=-9052977181953038708} - Sending PrimitiveEvent{type=change, value=byte[]{length=48, hash=-82202066}} to 1
00:17:36.624 [atomix-system-2] TRACE i.a.p.b.s.PrimaryBackupSessionClient - SessionClient{system-partition-1}{type=PRIMARY_ELECTOR, name=atomix-primary-elector} - Received ExecuteResponse{status=OK, result=byte[]{length=25, hash=362903974}}
00:17:36.624 [atomix-system-12] INFO  i.a.p.b.p.i.PrimaryBackupPartitionClient - Successfully started client for PartitionId{id=4, group=data}
00:17:36.624 [atomix-system-3] TRACE i.a.p.backup.roles.PrimaryRole - PrimaryRole{system-partition-1}{role=PRIMARY} - Received ExecuteRequest{session=-9052977181953038708, node=1, primitive=PrimitiveDescriptor{name=atomix-primary-elector, type=PRIMARY_ELECTOR, backups=1, replication=ASYNCHRONOUS}, operation=PrimitiveOperation{id=DefaultOperationId{id=ENTER, type=COMMAND}, value=byte[]{length=28, hash=479217597}}}
00:17:36.624 [atomix-system-2] TRACE i.a.p.b.s.PrimaryBackupSessionClient - SessionClient{system-partition-1}{type=PRIMARY_ELECTOR, name=atomix-primary-elector} - Received ExecuteResponse{status=OK, result=byte[]{length=25, hash=362903974}}
00:17:36.624 [atomix-system-12] INFO  i.a.p.b.p.i.PrimaryBackupPartitionServer - Successfully started server for PartitionId{id=70, group=data}
00:17:36.624 [atomix-system-3] TRACE i.a.p.backup.roles.PrimaryRole - PrimaryRole{system-partition-1}{role=PRIMARY} - Sending ExecuteResponse{status=OK, result=byte[]{length=25, hash=362903974}}
00:17:36.624 [atomix-system-2] TRACE i.a.p.b.s.PrimaryBackupSessionClient - SessionClient{system-partition-1}{type=PRIMARY_ELECTOR, name=atomix-primary-elector} - Received PrimitiveEvent{type=change, value=byte[]{length=48, hash=1271827916}}
00:17:36.624 [atomix-system-12] INFO  i.a.p.b.p.i.PrimaryBackupPartitionClient - Successfully started client for PartitionId{id=70, group=data}
00:17:36.624 [atomix-system-3] TRACE i.a.p.backup.roles.PrimaryRole - PrimaryRole{system-partition-1}{role=PRIMARY} - Received ExecuteRequest{session=-9052977181953038708, node=1, primitive=PrimitiveDescriptor{name=atomix-primary-elector, type=PRIMARY_ELECTOR, backups=1, replication=ASYNCHRONOUS}, operation=PrimitiveOperation{id=DefaultOperationId{id=ENTER, type=COMMAND}, value=byte[]{length=28, hash=479217663}}}
00:17:36.624 [atomix-system-2] TRACE i.a.p.b.s.PrimaryBackupSessionClient - SessionClient{system-partition-1}{type=PRIMARY_ELECTOR, name=atomix-primary-elector} - Received ExecuteResponse{status=OK, result=byte[]{length=25, hash=362903974}}
00:17:36.624 [atomix-system-12] INFO  i.a.p.b.p.i.PrimaryBackupPartitionServer - Successfully started server for PartitionId{id=41, group=data}
00:17:36.624 [atomix-system-3] TRACE i.a.p.backup.roles.PrimaryRole - PrimaryRole{system-partition-1}{role=PRIMARY} - Sending ExecuteResponse{status=OK, result=byte[]{length=25, hash=362903974}}
00:17:36.624 [atomix-system-2] TRACE i.a.p.b.s.PrimaryBackupSessionClient - SessionClient{system-partition-1}{type=PRIMARY_ELECTOR, name=atomix-primary-elector} - Received PrimitiveEvent{type=change, value=byte[]{length=48, hash=1142625866}}
00:17:36.624 [atomix-system-12] INFO  i.a.p.b.p.i.PrimaryBackupPartitionClient - Successfully started client for PartitionId{id=41, group=data}
00:17:36.624 [atomix-system-3] TRACE i.a.p.b.impl.PrimaryBackupSession - PrimaryBackupSession{system-partition-1}{session=-9052977181953038708} - Sending PrimitiveEvent{type=change, value=byte[]{length=48, hash=46999984}} to 1
00:17:36.624 [atomix-system-2] TRACE i.a.p.b.s.PrimaryBackupSessionClient - SessionClient{system-partition-1}{type=PRIMARY_ELECTOR, name=atomix-primary-elector} - Received ExecuteResponse{status=OK, result=byte[]{length=25, hash=362903974}}
00:17:36.624 [atomix-system-12] INFO  i.a.p.b.p.i.PrimaryBackupPartitionServer - Successfully started server for PartitionId{id=8, group=data}
00:17:36.624 [atomix-system-2] TRACE i.a.p.b.s.PrimaryBackupSessionClient - SessionClient{system-partition-1}{type=PRIMARY_ELECTOR, name=atomix-primary-elector} - Received ExecuteResponse{status=OK, result=byte[]{length=25, hash=362903974}}
00:17:36.624 [atomix-system-3] TRACE i.a.p.backup.roles.PrimaryRole - PrimaryRole{system-partition-1}{role=PRIMARY} - Received ExecuteRequest{session=-9052977181953038708, node=1, primitive=PrimitiveDescriptor{name=atomix-primary-elector, type=PRIMARY_ELECTOR, backups=1, replication=ASYNCHRONOUS}, operation=PrimitiveOperation{id=DefaultOperationId{id=ENTER, type=COMMAND}, value=byte[]{length=28, hash=479217605}}}
00:17:36.624 [atomix-system-12] INFO  i.a.p.b.p.i.PrimaryBackupPartitionClient - Successfully started client for PartitionId{id=8, group=data}
00:17:36.625 [atomix-system-2] TRACE i.a.p.b.s.PrimaryBackupSessionClient - SessionClient{system-partition-1}{type=PRIMARY_ELECTOR, name=atomix-primary-elector} - Received ExecuteResponse{status=OK, result=byte[]{length=25, hash=362903974}}
00:17:36.625 [atomix-system-12] INFO  i.a.p.b.p.i.PrimaryBackupPartitionServer - Successfully started server for PartitionId{id=13, group=data}
00:17:36.625 [atomix-system-3] TRACE i.a.p.backup.roles.PrimaryRole - PrimaryRole{system-partition-1}{role=PRIMARY} - Sending ExecuteResponse{status=OK, result=byte[]{length=25, hash=362903974}}
00:17:36.625 [atomix-system-2] TRACE i.a.p.b.s.PrimaryBackupSessionClient - SessionClient{system-partition-1}{type=PRIMARY_ELECTOR, name=atomix-primary-elector} - Received PrimitiveEvent{type=change, value=byte[]{length=48, hash=-829208064}}
00:17:36.625 [atomix-system-12] INFO  i.a.p.b.p.i.PrimaryBackupPartitionClient - Successfully started client for PartitionId{id=13, group=data}
00:17:36.625 [atomix-system-3] TRACE i.a.p.backup.roles.PrimaryRole - PrimaryRole{system-partition-1}{role=PRIMARY} - Received ExecuteRequest{session=-9052977181953038708, node=1, primitive=PrimitiveDescriptor{name=atomix-primary-elector, type=PRIMARY_ELECTOR, backups=1, replication=ASYNCHRONOUS}, operation=PrimitiveOperation{id=DefaultOperationId{id=ENTER, type=COMMAND}, value=byte[]{length=28, hash=479217673}}}
00:17:36.625 [atomix-system-2] TRACE i.a.p.b.s.PrimaryBackupSessionClient - SessionClient{system-partition-1}{type=PRIMARY_ELECTOR, name=atomix-primary-elector} - Received PrimitiveEvent{type=change, value=byte[]{length=48, hash=-1093033024}}
00:17:36.625 [atomix-system-12] INFO  i.a.p.b.p.i.PrimaryBackupPartitionServer - Successfully started server for PartitionId{id=46, group=data}
00:17:36.625 [atomix-system-2] TRACE i.a.p.b.s.PrimaryBackupSessionClient - SessionClient{system-partition-1}{type=PRIMARY_ELECTOR, name=atomix-primary-elector} - Received ExecuteResponse{status=OK, result=byte[]{length=25, hash=362903974}}
00:17:36.625 [atomix-system-3] TRACE i.a.p.backup.roles.PrimaryRole - PrimaryRole{system-partition-1}{role=PRIMARY} - Sending ExecuteResponse{status=OK, result=byte[]{length=25, hash=362903974}}
00:17:36.625 [atomix-system-2] TRACE i.a.p.b.s.PrimaryBackupSessionClient - SessionClient{system-partition-1}{type=PRIMARY_ELECTOR, name=atomix-primary-elector} - Received PrimitiveEvent{type=change, value=byte[]{length=48, hash=1495265078}}
00:17:36.625 [atomix-system-12] INFO  i.a.p.b.p.i.PrimaryBackupPartitionClient - Successfully started client for PartitionId{id=46, group=data}
00:17:36.625 [atomix-system-3] TRACE i.a.p.b.impl.PrimaryBackupSession - PrimaryBackupSession{system-partition-1}{session=-9052977181953038708} - Sending PrimitiveEvent{type=change, value=byte[]{length=48, hash=-2052696220}} to 1
00:17:36.625 [atomix-system-2] TRACE i.a.p.b.s.PrimaryBackupSessionClient - SessionClient{system-partition-1}{type=PRIMARY_ELECTOR, name=atomix-primary-elector} - Received ExecuteResponse{status=OK, result=byte[]{length=25, hash=362903974}}
00:17:36.625 [atomix-system-12] INFO  i.a.p.b.p.i.PrimaryBackupPartitionServer - Successfully started server for PartitionId{id=17, group=data}
00:17:36.625 [atomix-system-3] TRACE i.a.p.backup.roles.PrimaryRole - PrimaryRole{system-partition-1}{role=PRIMARY} - Received ExecuteRequest{session=-9052977181953038708, node=1, primitive=PrimitiveDescriptor{name=atomix-primary-elector, type=PRIMARY_ELECTOR, backups=1, replication=ASYNCHRONOUS}, operation=PrimitiveOperation{id=DefaultOperationId{id=ENTER, type=COMMAND}, value=byte[]{length=28, hash=479217607}}}
00:17:36.625 [atomix-system-2] TRACE i.a.p.b.s.PrimaryBackupSessionClient - SessionClient{system-partition-1}{type=PRIMARY_ELECTOR, name=atomix-primary-elector} - Received ExecuteResponse{status=OK, result=byte[]{length=25, hash=362903974}}
00:17:36.626 [atomix-system-12] INFO  i.a.p.b.p.i.PrimaryBackupPartitionClient - Successfully started client for PartitionId{id=17, group=data}
00:17:36.626 [atomix-system-3] TRACE i.a.p.backup.roles.PrimaryRole - PrimaryRole{system-partition-1}{role=PRIMARY} - Sending ExecuteResponse{status=OK, result=byte[]{length=25, hash=362903974}}
00:17:36.626 [atomix-system-2] TRACE i.a.p.b.s.PrimaryBackupSessionClient - SessionClient{system-partition-1}{type=PRIMARY_ELECTOR, name=atomix-primary-elector} - Received PrimitiveEvent{type=change, value=byte[]{length=48, hash=1624467128}}
00:17:36.626 [atomix-system-12] INFO  i.a.p.b.p.i.PrimaryBackupPartitionServer - Successfully started server for PartitionId{id=50, group=data}
00:17:36.626 [atomix-system-3] TRACE i.a.p.backup.roles.PrimaryRole - PrimaryRole{system-partition-1}{role=PRIMARY} - Received ExecuteRequest{session=-9052977181953038708, node=1, primitive=PrimitiveDescriptor{name=atomix-primary-elector, type=PRIMARY_ELECTOR, backups=1, replication=ASYNCHRONOUS}, operation=PrimitiveOperation{id=DefaultOperationId{id=ENTER, type=COMMAND}, value=byte[]{length=28, hash=479217681}}}
00:17:36.626 [atomix-system-2] TRACE i.a.p.b.s.PrimaryBackupSessionClient - SessionClient{system-partition-1}{type=PRIMARY_ELECTOR, name=atomix-primary-elector} - Received PrimitiveEvent{type=change, value=byte[]{length=48, hash=-82202066}}
00:17:36.626 [atomix-system-12] INFO  i.a.p.b.p.i.PrimaryBackupPartitionClient - Successfully started client for PartitionId{id=50, group=data}
00:17:36.626 [atomix-system-3] TRACE i.a.p.backup.roles.PrimaryRole - PrimaryRole{system-partition-1}{role=PRIMARY} - Sending ExecuteResponse{status=OK, result=byte[]{length=25, hash=362903974}}
00:17:36.626 [atomix-system-2] TRACE i.a.p.b.s.PrimaryBackupSessionClient - SessionClient{system-partition-1}{type=PRIMARY_ELECTOR, name=atomix-primary-elector} - Received ExecuteResponse{status=OK, result=byte[]{length=25, hash=362903974}}
00:17:36.626 [atomix-system-12] INFO  i.a.p.b.p.i.PrimaryBackupPartitionServer - Successfully started server for PartitionId{id=21, group=data}
00:17:36.626 [atomix-system-3] TRACE i.a.p.b.impl.PrimaryBackupSession - PrimaryBackupSession{system-partition-1}{session=-9052977181953038708} - Sending PrimitiveEvent{type=change, value=byte[]{length=48, hash=-1923494170}} to 1
00:17:36.626 [atomix-system-2] TRACE i.a.p.b.s.PrimaryBackupSessionClient - SessionClient{system-partition-1}{type=PRIMARY_ELECTOR, name=atomix-primary-elector} - Received ExecuteResponse{status=OK, result=byte[]{length=25, hash=362903974}}
00:17:36.627 [atomix-system-12] INFO  i.a.p.b.p.i.PrimaryBackupPartitionClient - Successfully started client for PartitionId{id=21, group=data}
00:17:36.627 [atomix-system-3] TRACE i.a.p.backup.roles.PrimaryRole - PrimaryRole{system-partition-1}{role=PRIMARY} - Received ExecuteRequest{session=-9052977181953038708, node=1, primitive=PrimitiveDescriptor{name=atomix-primary-elector, type=PRIMARY_ELECTOR, backups=1, replication=ASYNCHRONOUS}, operation=PrimitiveOperation{id=DefaultOperationId{id=ENTER, type=COMMAND}, value=byte[]{length=28, hash=479217615}}}
00:17:36.627 [atomix-system-2] TRACE i.a.p.b.s.PrimaryBackupSessionClient - SessionClient{system-partition-1}{type=PRIMARY_ELECTOR, name=atomix-primary-elector} - Received PrimitiveEvent{type=change, value=byte[]{length=48, hash=46999984}}
00:17:36.627 [atomix-system-12] INFO  i.a.p.b.p.i.PrimaryBackupPartitionServer - Successfully started server for PartitionId{id=54, group=data}
00:17:36.627 [atomix-system-3] TRACE i.a.p.backup.roles.PrimaryRole - PrimaryRole{system-partition-1}{role=PRIMARY} - Sending ExecuteResponse{status=OK, result=byte[]{length=25, hash=362903974}}
00:17:36.627 [atomix-system-2] TRACE i.a.p.b.s.PrimaryBackupSessionClient - SessionClient{system-partition-1}{type=PRIMARY_ELECTOR, name=atomix-primary-elector} - Received ExecuteResponse{status=OK, result=byte[]{length=25, hash=362903974}}
00:17:36.627 [atomix-system-12] INFO  i.a.p.b.p.i.PrimaryBackupPartitionClient - Successfully started client for PartitionId{id=54, group=data}
00:17:36.627 [atomix-system-3] TRACE i.a.p.b.impl.PrimaryBackupSession - PrimaryBackupSession{system-partition-1}{session=-9052977181953038708} - Sending PrimitiveEvent{type=change, value=byte[]{length=48, hash=1188372768}} to 1
00:17:36.627 [atomix-system-2] TRACE i.a.p.b.s.PrimaryBackupSessionClient - SessionClient{system-partition-1}{type=PRIMARY_ELECTOR, name=atomix-primary-elector} - Received ExecuteResponse{status=OK, result=byte[]{length=25, hash=362903974}}
00:17:36.627 [atomix-system-12] INFO  i.a.p.b.p.i.PrimaryBackupPartitionServer - Successfully started server for PartitionId{id=25, group=data}
00:17:36.627 [atomix-system-3] TRACE i.a.p.backup.roles.PrimaryRole - PrimaryRole{system-partition-1}{role=PRIMARY} - Received ExecuteRequest{session=-9052977181953038708, node=1, primitive=PrimitiveDescriptor{name=atomix-primary-elector, type=PRIMARY_ELECTOR, backups=1, replication=ASYNCHRONOUS}, operation=PrimitiveOperation{id=DefaultOperationId{id=ENTER, type=COMMAND}, value=byte[]{length=28, hash=479217689}}}
00:17:36.627 [atomix-system-2] TRACE i.a.p.b.s.PrimaryBackupSessionClient - SessionClient{system-partition-1}{type=PRIMARY_ELECTOR, name=atomix-primary-elector} - Received PrimitiveEvent{type=change, value=byte[]{length=48, hash=-2052696220}}
00:17:36.627 [atomix-system-12] INFO  i.a.p.b.p.i.PrimaryBackupPartitionClient - Successfully started client for PartitionId{id=25, group=data}
00:17:36.627 [atomix-system-3] TRACE i.a.p.backup.roles.PrimaryRole - PrimaryRole{system-partition-1}{role=PRIMARY} - Sending ExecuteResponse{status=OK, result=byte[]{length=25, hash=362903974}}
00:17:36.627 [atomix-system-2] TRACE i.a.p.b.s.PrimaryBackupSessionClient - SessionClient{system-partition-1}{type=PRIMARY_ELECTOR, name=atomix-primary-elector} - Received ExecuteResponse{status=OK, result=byte[]{length=25, hash=362903974}}
00:17:36.627 [atomix-system-12] INFO  i.a.p.b.p.i.PrimaryBackupPartitionServer - Successfully started server for PartitionId{id=58, group=data}
00:17:36.627 [atomix-system-3] TRACE i.a.p.backup.roles.PrimaryRole - PrimaryRole{system-partition-1}{role=PRIMARY} - Received ExecuteRequest{session=-9052977181953038708, node=1, primitive=PrimitiveDescriptor{name=atomix-primary-elector, type=PRIMARY_ELECTOR, backups=1, replication=ASYNCHRONOUS}, operation=PrimitiveOperation{id=DefaultOperationId{id=ENTER, type=COMMAND}, value=byte[]{length=28, hash=479217623}}}
00:17:36.627 [atomix-system-2] TRACE i.a.p.b.s.PrimaryBackupSessionClient - SessionClient{system-partition-1}{type=PRIMARY_ELECTOR, name=atomix-primary-elector} - Received ExecuteResponse{status=OK, result=byte[]{length=25, hash=362903974}}
00:17:36.627 [atomix-system-12] INFO  i.a.p.b.p.i.PrimaryBackupPartitionClient - Successfully started client for PartitionId{id=58, group=data}
00:17:36.627 [atomix-system-3] TRACE i.a.p.backup.roles.PrimaryRole - PrimaryRole{system-partition-1}{role=PRIMARY} - Sending ExecuteResponse{status=OK, result=byte[]{length=25, hash=362903974}}
00:17:36.627 [atomix-system-2] TRACE i.a.p.b.s.PrimaryBackupSessionClient - SessionClient{system-partition-1}{type=PRIMARY_ELECTOR, name=atomix-primary-elector} - Received PrimitiveEvent{type=change, value=byte[]{length=48, hash=-1923494170}}
00:17:36.627 [atomix-system-12] INFO  i.a.p.b.p.i.PrimaryBackupPartitionServer - Successfully started server for PartitionId{id=61, group=data}
00:17:36.627 [atomix-system-3] TRACE i.a.p.b.impl.PrimaryBackupSession - PrimaryBackupSession{system-partition-1}{session=-9052977181953038708} - Sending PrimitiveEvent{type=change, value=byte[]{length=48, hash=1059170718}} to 1
00:17:36.627 [atomix-system-2] TRACE i.a.p.b.s.PrimaryBackupSessionClient - SessionClient{system-partition-1}{type=PRIMARY_ELECTOR, name=atomix-primary-elector} - Received ExecuteResponse{status=OK, result=byte[]{length=25, hash=362903974}}
00:17:36.627 [atomix-system-12] INFO  i.a.p.b.p.i.PrimaryBackupPartitionClient - Successfully started client for PartitionId{id=61, group=data}
00:17:36.627 [atomix-system-3] TRACE i.a.p.backup.roles.PrimaryRole - PrimaryRole{system-partition-1}{role=PRIMARY} - Received ExecuteRequest{session=-9052977181953038708, node=1, primitive=PrimitiveDescriptor{name=atomix-primary-elector, type=PRIMARY_ELECTOR, backups=1, replication=ASYNCHRONOUS}, operation=PrimitiveOperation{id=DefaultOperationId{id=ENTER, type=COMMAND}, value=byte[]{length=28, hash=479217697}}}
00:17:36.627 [atomix-system-2] TRACE i.a.p.b.s.PrimaryBackupSessionClient - SessionClient{system-partition-1}{type=PRIMARY_ELECTOR, name=atomix-primary-elector} - Received PrimitiveEvent{type=change, value=byte[]{length=48, hash=1188372768}}
00:17:36.627 [atomix-system-12] INFO  i.a.p.b.p.i.PrimaryBackupPartitionServer - Successfully started server for PartitionId{id=28, group=data}
00:17:36.628 [atomix-system-2] TRACE i.a.p.b.s.PrimaryBackupSessionClient - SessionClient{system-partition-1}{type=PRIMARY_ELECTOR, name=atomix-primary-elector} - Received ExecuteResponse{status=OK, result=byte[]{length=25, hash=362903974}}
00:17:36.628 [atomix-system-3] TRACE i.a.p.backup.roles.PrimaryRole - PrimaryRole{system-partition-1}{role=PRIMARY} - Sending ExecuteResponse{status=OK, result=byte[]{length=25, hash=362903974}}
00:17:36.628 [atomix-system-12] INFO  i.a.p.b.p.i.PrimaryBackupPartitionClient - Successfully started client for PartitionId{id=28, group=data}
00:17:36.628 [atomix-system-2] TRACE i.a.p.b.s.PrimaryBackupSessionClient - SessionClient{system-partition-1}{type=PRIMARY_ELECTOR, name=atomix-primary-elector} - Received ExecuteResponse{status=OK, result=byte[]{length=25, hash=362903974}}
00:17:36.628 [atomix-system-3] TRACE i.a.p.b.impl.PrimaryBackupSession - PrimaryBackupSession{system-partition-1}{session=-9052977181953038708} - Sending PrimitiveEvent{type=change, value=byte[]{length=48, hash=-782121386}} to 1
00:17:36.628 [atomix-system-12] INFO  i.a.p.b.p.i.PrimaryBackupPartitionServer - Successfully started server for PartitionId{id=65, group=data}
00:17:36.628 [atomix-system-2] TRACE i.a.p.b.s.PrimaryBackupSessionClient - SessionClient{system-partition-1}{type=PRIMARY_ELECTOR, name=atomix-primary-elector} - Received PrimitiveEvent{type=change, value=byte[]{length=48, hash=1059170718}}
00:17:36.628 [atomix-system-3] TRACE i.a.p.backup.roles.PrimaryRole - PrimaryRole{system-partition-1}{role=PRIMARY} - Received ExecuteRequest{session=-9052977181953038708, node=1, primitive=PrimitiveDescriptor{name=atomix-primary-elector, type=PRIMARY_ELECTOR, backups=1, replication=ASYNCHRONOUS}, operation=PrimitiveOperation{id=DefaultOperationId{id=ENTER, type=COMMAND}, value=byte[]{length=28, hash=479217631}}}
00:17:36.628 [atomix-system-12] INFO  i.a.p.b.p.i.PrimaryBackupPartitionClient - Successfully started client for PartitionId{id=65, group=data}
00:17:36.628 [atomix-system-2] TRACE i.a.p.b.s.PrimaryBackupSessionClient - SessionClient{system-partition-1}{type=PRIMARY_ELECTOR, name=atomix-primary-elector} - Received ExecuteResponse{status=OK, result=byte[]{length=25, hash=362903974}}
00:17:36.628 [atomix-system-12] INFO  i.a.p.b.p.i.PrimaryBackupPartitionServer - Successfully started server for PartitionId{id=32, group=data}
00:17:36.628 [atomix-system-3] TRACE i.a.p.backup.roles.PrimaryRole - PrimaryRole{system-partition-1}{role=PRIMARY} - Sending ExecuteResponse{status=OK, result=byte[]{length=25, hash=362903974}}
00:17:36.628 [atomix-system-2] TRACE i.a.p.b.s.PrimaryBackupSessionClient - SessionClient{system-partition-1}{type=PRIMARY_ELECTOR, name=atomix-primary-elector} - Received PrimitiveEvent{type=change, value=byte[]{length=48, hash=-782121386}}
00:17:36.628 [atomix-system-12] INFO  i.a.p.b.p.i.PrimaryBackupPartitionClient - Successfully started client for PartitionId{id=32, group=data}
00:17:36.628 [atomix-system-3] TRACE i.a.p.b.impl.PrimaryBackupSession - PrimaryBackupSession{system-partition-1}{session=-9052977181953038708} - Sending PrimitiveEvent{type=change, value=byte[]{length=49, hash=45878593}} to 1
00:17:36.628 [atomix-system-2] TRACE i.a.p.b.s.PrimaryBackupSessionClient - SessionClient{system-partition-1}{type=PRIMARY_ELECTOR, name=atomix-primary-elector} - Received ExecuteResponse{status=OK, result=byte[]{length=25, hash=362903974}}
00:17:36.628 [atomix-system-12] INFO  i.a.p.b.p.i.PrimaryBackupPartitionServer - Successfully started server for PartitionId{id=3, group=data}
00:17:36.628 [atomix-system-3] TRACE i.a.p.b.impl.PrimaryBackupSession - PrimaryBackupSession{system-partition-1}{session=-9052977181953038708} - Sending PrimitiveEvent{type=change, value=byte[]{length=48, hash=1935378766}} to 1
00:17:36.628 [atomix-system-2] TRACE i.a.p.b.s.PrimaryBackupSessionClient - SessionClient{system-partition-1}{type=PRIMARY_ELECTOR, name=atomix-primary-elector} - Received PrimitiveEvent{type=change, value=byte[]{length=49, hash=45878593}}
00:17:36.628 [atomix-system-12] INFO  i.a.p.b.p.i.PrimaryBackupPartitionClient - Successfully started client for PartitionId{id=3, group=data}
00:17:36.628 [atomix-system-3] TRACE i.a.p.b.impl.PrimaryBackupSession - PrimaryBackupSession{system-partition-1}{session=-9052977181953038708} - Sending PrimitiveEvent{type=change, value=byte[]{length=48, hash=2064580816}} to 1
00:17:36.628 [atomix-system-2] TRACE i.a.p.b.s.PrimaryBackupSessionClient - SessionClient{system-partition-1}{type=PRIMARY_ELECTOR, name=atomix-primary-elector} - Received PrimitiveEvent{type=change, value=byte[]{length=48, hash=1935378766}}
00:17:36.628 [atomix-system-12] INFO  i.a.p.b.p.i.PrimaryBackupPartitionServer - Successfully started server for PartitionId{id=69, group=data}
00:17:36.628 [atomix-system-3] TRACE i.a.p.b.impl.PrimaryBackupSession - PrimaryBackupSession{system-partition-1}{session=-9052977181953038708} - Sending PrimitiveEvent{type=change, value=byte[]{length=49, hash=-2003989625}} to 1
00:17:36.628 [atomix-system-2] TRACE i.a.p.b.s.PrimaryBackupSessionClient - SessionClient{system-partition-1}{type=PRIMARY_ELECTOR, name=atomix-primary-elector} - Received PrimitiveEvent{type=change, value=byte[]{length=48, hash=2064580816}}
00:17:36.628 [atomix-system-12] INFO  i.a.p.b.p.i.PrimaryBackupPartitionClient - Successfully started client for PartitionId{id=69, group=data}
00:17:36.628 [atomix-system-3] TRACE i.a.p.b.impl.PrimaryBackupSession - PrimaryBackupSession{system-partition-1}{session=-9052977181953038708} - Sending PrimitiveEvent{type=change, value=byte[]{length=48, hash=-35115388}} to 1
00:17:36.628 [atomix-system-2] TRACE i.a.p.b.s.PrimaryBackupSessionClient - SessionClient{system-partition-1}{type=PRIMARY_ELECTOR, name=atomix-primary-elector} - Received PrimitiveEvent{type=change, value=byte[]{length=49, hash=-2003989625}}
00:17:36.629 [atomix-system-12] INFO  i.a.p.b.p.i.PrimaryBackupPartitionServer - Successfully started server for PartitionId{id=36, group=data}
00:17:36.629 [atomix-system-3] TRACE i.a.p.b.impl.PrimaryBackupSession - PrimaryBackupSession{system-partition-1}{session=-9052977181953038708} - Sending PrimitiveEvent{type=change, value=byte[]{length=48, hash=94086662}} to 1
00:17:36.629 [atomix-system-2] TRACE i.a.p.b.s.PrimaryBackupSessionClient - SessionClient{system-partition-1}{type=PRIMARY_ELECTOR, name=atomix-primary-elector} - Received PrimitiveEvent{type=change, value=byte[]{length=48, hash=-35115388}}
00:17:36.629 [atomix-system-12] INFO  i.a.p.b.p.i.PrimaryBackupPartitionClient - Successfully started client for PartitionId{id=36, group=data}
00:17:36.629 [atomix-system-3] TRACE i.a.p.b.impl.PrimaryBackupSession - PrimaryBackupSession{system-partition-1}{session=-9052977181953038708} - Sending PrimitiveEvent{type=change, value=byte[]{length=48, hash=2024193018}} to 1
00:17:36.629 [atomix-system-2] TRACE i.a.p.b.s.PrimaryBackupSessionClient - SessionClient{system-partition-1}{type=PRIMARY_ELECTOR, name=atomix-primary-elector} - Received PrimitiveEvent{type=change, value=byte[]{length=48, hash=94086662}}
00:17:36.629 [atomix-system-12] INFO  i.a.p.b.p.i.PrimaryBackupPartitionServer - Successfully started server for PartitionId{id=7, group=data}
00:17:36.629 [atomix-system-3] TRACE i.a.p.b.impl.PrimaryBackupSession - PrimaryBackupSession{system-partition-1}{session=-9052977181953038708} - Sending PrimitiveEvent{type=change, value=byte[]{length=48, hash=1894990968}} to 1
00:17:36.629 [atomix-system-2] TRACE i.a.p.b.s.PrimaryBackupSessionClient - SessionClient{system-partition-1}{type=PRIMARY_ELECTOR, name=atomix-primary-elector} - Received PrimitiveEvent{type=change, value=byte[]{length=48, hash=2024193018}}
00:17:36.629 [atomix-system-12] INFO  i.a.p.b.p.i.PrimaryBackupPartitionClient - Successfully started client for PartitionId{id=7, group=data}
00:17:36.629 [atomix-system-3] TRACE i.a.p.b.impl.PrimaryBackupSession - PrimaryBackupSession{system-partition-1}{session=-9052977181953038708} - Sending PrimitiveEvent{type=change, value=byte[]{length=48, hash=446725874}} to 1
00:17:36.629 [atomix-system-2] TRACE i.a.p.b.s.PrimaryBackupSessionClient - SessionClient{system-partition-1}{type=PRIMARY_ELECTOR, name=atomix-primary-elector} - Received PrimitiveEvent{type=change, value=byte[]{length=48, hash=1894990968}}
00:17:36.629 [atomix-system-12] INFO  i.a.p.b.p.i.PrimaryBackupPartitionServer - Successfully started server for PartitionId{id=40, group=data}
00:17:36.629 [atomix-system-3] TRACE i.a.p.b.impl.PrimaryBackupSession - PrimaryBackupSession{system-partition-1}{session=-9052977181953038708} - Sending PrimitiveEvent{type=change, value=byte[]{length=48, hash=-75503186}} to 1
00:17:36.629 [atomix-system-2] TRACE i.a.p.b.s.PrimaryBackupSessionClient - SessionClient{system-partition-1}{type=PRIMARY_ELECTOR, name=atomix-primary-elector} - Received PrimitiveEvent{type=change, value=byte[]{length=48, hash=446725874}}
00:17:36.629 [atomix-system-12] INFO  i.a.p.b.p.i.PrimaryBackupPartitionClient - Successfully started client for PartitionId{id=40, group=data}
00:17:36.629 [atomix-system-3] TRACE i.a.p.b.impl.PrimaryBackupSession - PrimaryBackupSession{system-partition-1}{session=-9052977181953038708} - Sending PrimitiveEvent{type=change, value=byte[]{length=48, hash=-1523768280}} to 1
00:17:36.629 [atomix-system-2] TRACE i.a.p.b.s.PrimaryBackupSessionClient - SessionClient{system-partition-1}{type=PRIMARY_ELECTOR, name=atomix-primary-elector} - Received PrimitiveEvent{type=change, value=byte[]{length=48, hash=-75503186}}
00:17:36.629 [atomix-system-12] INFO  i.a.p.b.p.i.PrimaryBackupPartitionServer - Successfully started server for PartitionId{id=11, group=data}
00:17:36.629 [atomix-system-3] TRACE i.a.p.b.impl.PrimaryBackupSession - PrimaryBackupSession{system-partition-1}{session=-9052977181953038708} - Sending PrimitiveEvent{type=change, value=byte[]{length=48, hash=-1652970330}} to 1
00:17:36.629 [atomix-system-2] TRACE i.a.p.b.s.PrimaryBackupSessionClient - SessionClient{system-partition-1}{type=PRIMARY_ELECTOR, name=atomix-primary-elector} - Received PrimitiveEvent{type=change, value=byte[]{length=48, hash=-1523768280}}
00:17:36.629 [atomix-system-12] INFO  i.a.p.b.p.i.PrimaryBackupPartitionClient - Successfully started client for PartitionId{id=11, group=data}
00:17:36.629 [atomix-system-3] TRACE i.a.p.b.impl.PrimaryBackupSession - PrimaryBackupSession{system-partition-1}{session=-9052977181953038708} - Sending PrimitiveEvent{type=change, value=byte[]{length=48, hash=800704862}} to 1
00:17:36.629 [atomix-system-2] TRACE i.a.p.b.s.PrimaryBackupSessionClient - SessionClient{system-partition-1}{type=PRIMARY_ELECTOR, name=atomix-primary-elector} - Received PrimitiveEvent{type=change, value=byte[]{length=48, hash=-1652970330}}
00:17:36.629 [atomix-system-12] INFO  i.a.p.b.p.i.PrimaryBackupPartitionServer - Successfully started server for PartitionId{id=45, group=data}
00:17:36.629 [atomix-system-3] TRACE i.a.p.b.impl.PrimaryBackupSession - PrimaryBackupSession{system-partition-1}{session=-9052977181953038708} - Sending PrimitiveEvent{type=change, value=byte[]{length=48, hash=671502812}} to 1
00:17:36.629 [atomix-system-2] TRACE i.a.p.b.s.PrimaryBackupSessionClient - SessionClient{system-partition-1}{type=PRIMARY_ELECTOR, name=atomix-primary-elector} - Received PrimitiveEvent{type=change, value=byte[]{length=48, hash=800704862}}
00:17:36.629 [atomix-system-12] INFO  i.a.p.b.p.i.PrimaryBackupPartitionClient - Successfully started client for PartitionId{id=45, group=data}
00:17:36.630 [atomix-system-3] TRACE i.a.p.b.impl.PrimaryBackupSession - PrimaryBackupSession{system-partition-1}{session=-9052977181953038708} - Sending PrimitiveEvent{type=change, value=byte[]{length=48, hash=-511597546}} to 1
00:17:36.630 [atomix-system-2] TRACE i.a.p.b.s.PrimaryBackupSessionClient - SessionClient{system-partition-1}{type=PRIMARY_ELECTOR, name=atomix-primary-elector} - Received PrimitiveEvent{type=change, value=byte[]{length=48, hash=671502812}}
00:17:36.630 [atomix-system-12] INFO  i.a.p.b.p.i.PrimaryBackupPartitionServer - Successfully started server for PartitionId{id=12, group=data}
00:17:36.630 [atomix-system-3] TRACE i.a.p.b.impl.PrimaryBackupSession - PrimaryBackupSession{system-partition-1}{session=-9052977181953038708} - Sending PrimitiveEvent{type=change, value=byte[]{length=48, hash=-775422506}} to 1
00:17:36.630 [atomix-system-2] TRACE i.a.p.b.s.PrimaryBackupSessionClient - SessionClient{system-partition-1}{type=PRIMARY_ELECTOR, name=atomix-primary-elector} - Received PrimitiveEvent{type=change, value=byte[]{length=48, hash=-511597546}}
00:17:36.630 [atomix-system-12] INFO  i.a.p.b.p.i.PrimaryBackupPartitionClient - Successfully started client for PartitionId{id=12, group=data}
00:17:36.630 [atomix-system-3] TRACE i.a.p.b.impl.PrimaryBackupSession - PrimaryBackupSession{system-partition-1}{session=-9052977181953038708} - Sending PrimitiveEvent{type=change, value=byte[]{length=49, hash=1716179317}} to 1
00:17:36.630 [atomix-system-2] TRACE i.a.p.b.s.PrimaryBackupSessionClient - SessionClient{system-partition-1}{type=PRIMARY_ELECTOR, name=atomix-primary-elector} - Received PrimitiveEvent{type=change, value=byte[]{length=48, hash=-775422506}}
00:17:36.630 [atomix-system-12] INFO  i.a.p.b.p.i.PrimaryBackupPartitionServer - Successfully started server for PartitionId{id=49, group=data}
00:17:36.630 [atomix-system-3] TRACE i.a.p.b.impl.PrimaryBackupSession - PrimaryBackupSession{system-partition-1}{session=-9052977181953038708} - Sending PrimitiveEvent{type=change, value=byte[]{length=48, hash=1942077646}} to 1
00:17:36.630 [atomix-system-2] TRACE i.a.p.b.s.PrimaryBackupSessionClient - SessionClient{system-partition-1}{type=PRIMARY_ELECTOR, name=atomix-primary-elector} - Received PrimitiveEvent{type=change, value=byte[]{length=49, hash=1716179317}}
00:17:36.630 [atomix-system-3] TRACE i.a.p.b.impl.PrimaryBackupSession - PrimaryBackupSession{system-partition-1}{session=-9052977181953038708} - Sending PrimitiveEvent{type=change, value=byte[]{length=48, hash=100785542}} to 1
00:17:36.630 [atomix-system-12] INFO  i.a.p.b.p.i.PrimaryBackupPartitionClient - Successfully started client for PartitionId{id=49, group=data}
00:17:36.630 [atomix-system-2] TRACE i.a.p.b.s.PrimaryBackupSessionClient - SessionClient{system-partition-1}{type=PRIMARY_ELECTOR, name=atomix-primary-elector} - Received PrimitiveEvent{type=change, value=byte[]{length=48, hash=1942077646}}
00:17:36.630 [atomix-system-3] TRACE i.a.p.b.impl.PrimaryBackupSession - PrimaryBackupSession{system-partition-1}{session=-9052977181953038708} - Sending PrimitiveEvent{type=change, value=byte[]{length=49, hash=-333688901}} to 1
00:17:36.630 [atomix-system-12] INFO  i.a.p.b.p.i.PrimaryBackupPartitionServer - Successfully started server for PartitionId{id=16, group=data}
00:17:36.630 [atomix-system-2] TRACE i.a.p.b.s.PrimaryBackupSessionClient - SessionClient{system-partition-1}{type=PRIMARY_ELECTOR, name=atomix-primary-elector} - Received PrimitiveEvent{type=change, value=byte[]{length=48, hash=100785542}}
00:17:36.630 [atomix-system-3] TRACE i.a.p.b.impl.PrimaryBackupSession - PrimaryBackupSession{system-partition-1}{session=-9052977181953038708} - Sending PrimitiveEvent{type=change, value=byte[]{length=48, hash=-28416508}} to 1
00:17:36.630 [atomix-system-12] INFO  i.a.p.b.p.i.PrimaryBackupPartitionClient - Successfully started client for PartitionId{id=16, group=data}
00:17:36.630 [atomix-system-2] TRACE i.a.p.b.s.PrimaryBackupSessionClient - SessionClient{system-partition-1}{type=PRIMARY_ELECTOR, name=atomix-primary-elector} - Received PrimitiveEvent{type=change, value=byte[]{length=49, hash=-333688901}}
00:17:36.630 [atomix-system-3] TRACE i.a.p.b.impl.PrimaryBackupSession - PrimaryBackupSession{system-partition-1}{session=-9052977181953038708} - Sending PrimitiveEvent{type=change, value=byte[]{length=48, hash=-1869708612}} to 1
00:17:36.630 [atomix-system-12] INFO  i.a.p.b.p.i.PrimaryBackupPartitionServer - Successfully started server for PartitionId{id=53, group=data}
00:17:36.630 [atomix-system-2] TRACE i.a.p.b.s.PrimaryBackupSessionClient - SessionClient{system-partition-1}{type=PRIMARY_ELECTOR, name=atomix-primary-elector} - Received PrimitiveEvent{type=change, value=byte[]{length=48, hash=-28416508}}
00:17:36.630 [atomix-system-3] TRACE i.a.p.b.impl.PrimaryBackupSession - PrimaryBackupSession{system-partition-1}{session=-9052977181953038708} - Sending PrimitiveEvent{type=change, value=byte[]{length=48, hash=-1998910662}} to 1
00:17:36.630 [atomix-system-12] INFO  i.a.p.b.p.i.PrimaryBackupPartitionClient - Successfully started client for PartitionId{id=53, group=data}
00:17:36.630 [atomix-system-2] TRACE i.a.p.b.s.PrimaryBackupSessionClient - SessionClient{system-partition-1}{type=PRIMARY_ELECTOR, name=atomix-primary-elector} - Received PrimitiveEvent{type=change, value=byte[]{length=48, hash=-1869708612}}
00:17:36.630 [atomix-system-3] TRACE i.a.p.b.impl.PrimaryBackupSession - PrimaryBackupSession{system-partition-1}{session=-9052977181953038708} - Sending PrimitiveEvent{type=change, value=byte[]{length=48, hash=454764530}} to 1
00:17:36.630 [atomix-system-12] INFO  i.a.p.b.p.i.PrimaryBackupPartitionServer - Successfully started server for PartitionId{id=20, group=data}
00:17:36.630 [atomix-system-2] TRACE i.a.p.b.s.PrimaryBackupSessionClient - SessionClient{system-partition-1}{type=PRIMARY_ELECTOR, name=atomix-primary-elector} - Received PrimitiveEvent{type=change, value=byte[]{length=48, hash=-1998910662}}
00:17:36.630 [atomix-system-3] TRACE i.a.p.b.impl.PrimaryBackupSession - PrimaryBackupSession{system-partition-1}{session=-9052977181953038708} - Sending PrimitiveEvent{type=change, value=byte[]{length=48, hash=-68804306}} to 1
00:17:36.631 [atomix-system-12] INFO  i.a.p.b.p.i.PrimaryBackupPartitionClient - Successfully started client for PartitionId{id=20, group=data}
00:17:36.631 [atomix-system-2] TRACE i.a.p.b.s.PrimaryBackupSessionClient - SessionClient{system-partition-1}{type=PRIMARY_ELECTOR, name=atomix-primary-elector} - Received PrimitiveEvent{type=change, value=byte[]{length=48, hash=454764530}}
00:17:36.631 [atomix-system-3] TRACE i.a.p.b.impl.PrimaryBackupSession - PrimaryBackupSession{system-partition-1}{session=-9052977181953038708} - Sending PrimitiveEvent{type=change, value=byte[]{length=48, hash=-332629266}} to 1
00:17:36.631 [atomix-system-12] INFO  i.a.p.b.p.i.PrimaryBackupPartitionServer - Successfully started server for PartitionId{id=57, group=data}
00:17:36.631 [atomix-system-2] TRACE i.a.p.b.s.PrimaryBackupSessionClient - SessionClient{system-partition-1}{type=PRIMARY_ELECTOR, name=atomix-primary-elector} - Received PrimitiveEvent{type=change, value=byte[]{length=48, hash=-68804306}}
00:17:36.631 [atomix-system-3] TRACE i.a.p.b.impl.PrimaryBackupSession - PrimaryBackupSession{system-partition-1}{session=-9052977181953038708} - Sending PrimitiveEvent{type=change, value=byte[]{length=48, hash=-2039298460}} to 1
00:17:36.631 [atomix-system-12] INFO  i.a.p.b.p.i.PrimaryBackupPartitionClient - Successfully started client for PartitionId{id=57, group=data}
00:17:36.631 [atomix-system-2] TRACE i.a.p.b.s.PrimaryBackupSessionClient - SessionClient{system-partition-1}{type=PRIMARY_ELECTOR, name=atomix-primary-elector} - Received PrimitiveEvent{type=change, value=byte[]{length=48, hash=-332629266}}
00:17:36.631 [atomix-system-3] TRACE i.a.p.b.impl.PrimaryBackupSession - PrimaryBackupSession{system-partition-1}{session=-9052977181953038708} - Sending PrimitiveEvent{type=change, value=byte[]{length=48, hash=1991843876}} to 1
00:17:36.631 [atomix-system-12] INFO  i.a.p.b.p.i.PrimaryBackupPartitionServer - Successfully started server for PartitionId{id=24, group=data}
00:17:36.631 [atomix-system-2] TRACE i.a.p.b.s.PrimaryBackupSessionClient - SessionClient{system-partition-1}{type=PRIMARY_ELECTOR, name=atomix-primary-elector} - Received PrimitiveEvent{type=change, value=byte[]{length=48, hash=-2039298460}}
00:17:36.631 [atomix-system-3] TRACE i.a.p.b.impl.PrimaryBackupSession - PrimaryBackupSession{system-partition-1}{session=-9052977181953038708} - Sending PrimitiveEvent{type=change, value=byte[]{length=48, hash=285174682}} to 1
00:17:36.631 [atomix-system-12] INFO  i.a.p.b.p.i.PrimaryBackupPartitionClient - Successfully started client for PartitionId{id=24, group=data}
00:17:36.631 [atomix-system-2] TRACE i.a.p.b.s.PrimaryBackupSessionClient - SessionClient{system-partition-1}{type=PRIMARY_ELECTOR, name=atomix-primary-elector} - Received PrimitiveEvent{type=change, value=byte[]{length=48, hash=1991843876}}
00:17:36.631 [atomix-system-3] TRACE i.a.p.b.impl.PrimaryBackupSession - PrimaryBackupSession{system-partition-1}{session=-9052977181953038708} - Sending PrimitiveEvent{type=change, value=byte[]{length=48, hash=414376732}} to 1
00:17:36.631 [atomix-system-2] TRACE i.a.p.b.s.PrimaryBackupSessionClient - SessionClient{system-partition-1}{type=PRIMARY_ELECTOR, name=atomix-primary-elector} - Received PrimitiveEvent{type=change, value=byte[]{length=48, hash=285174682}}
00:17:36.631 [atomix-system-12] INFO  i.a.p.b.p.PrimaryBackupPartitionGroup - Started
00:17:36.631 [atomix-system-3] TRACE i.a.p.b.impl.PrimaryBackupSession - PrimaryBackupSession{system-partition-1}{session=-9052977181953038708} - Sending PrimitiveEvent{type=change, value=byte[]{length=48, hash=-1685319472}} to 1
00:17:36.631 [atomix-system-2] TRACE i.a.p.b.s.PrimaryBackupSessionClient - SessionClient{system-partition-1}{type=PRIMARY_ELECTOR, name=atomix-primary-elector} - Received PrimitiveEvent{type=change, value=byte[]{length=48, hash=414376732}}
00:17:36.631 [atomix-system-12] INFO  i.a.p.p.impl.DefaultPartitionService - Started
00:17:36.631 [atomix-system-3] TRACE i.a.p.b.impl.PrimaryBackupSession - PrimaryBackupSession{system-partition-1}{session=-9052977181953038708} - Sending PrimitiveEvent{type=change, value=byte[]{length=48, hash=-1556117422}} to 1
00:17:36.631 [atomix-system-2] TRACE i.a.p.b.s.PrimaryBackupSessionClient - SessionClient{system-partition-1}{type=PRIMARY_ELECTOR, name=atomix-primary-elector} - Received PrimitiveEvent{type=change, value=byte[]{length=48, hash=-1685319472}}
00:17:36.631 [atomix-system-2] TRACE i.a.p.b.s.PrimaryBackupSessionClient - SessionClient{system-partition-1}{type=PRIMARY_ELECTOR, name=atomix-primary-elector} - Received PrimitiveEvent{type=change, value=byte[]{length=48, hash=-1556117422}}
00:17:36.638 [atomix-system-13] TRACE i.a.p.b.s.PrimaryBackupSessionClient - SessionClient{system-partition-1}{type=consistent-map, name=primitives} - Sending ExecuteRequest{session=-7487534878976531558, node=1, primitive=PrimitiveDescriptor{name=primitives, type=consistent-map, backups=2, replication=SYNCHRONOUS}, operation=PrimitiveOperation{id=DefaultOperationId{id=putIfAbsentWithTtl, type=COMMAND}, value=byte[]{length=45, hash=-655357269}}} to GroupMember{memberId=1, groupId=1}
00:17:36.641 [atomix-system-13] DEBUG i.a.p.b.s.i.PrimaryBackupServiceContext - PrimitiveService{system-partition-1}{type=consistent-map, name=primitives} - Term changed: PrimaryTerm{term=1, primary=GroupMember{memberId=1, groupId=1}, candidates=[]}
00:17:36.641 [atomix-system-13] DEBUG i.a.p.b.s.i.PrimaryBackupServiceContext - PrimitiveService{system-partition-1}{type=consistent-map, name=primitives} - 1 transitioning to PRIMARY
00:17:36.642 [atomix-system-15] TRACE i.a.p.backup.roles.PrimaryRole - PrimaryRole{system-partition-1}{role=PRIMARY} - Received ExecuteRequest{session=-7487534878976531558, node=1, primitive=PrimitiveDescriptor{name=primitives, type=consistent-map, backups=2, replication=SYNCHRONOUS}, operation=PrimitiveOperation{id=DefaultOperationId{id=putIfAbsentWithTtl, type=COMMAND}, value=byte[]{length=45, hash=-655357269}}}
00:17:36.642 [atomix-system-15] TRACE i.a.p.backup.roles.PrimaryRole - PrimaryRole{system-partition-1}{role=PRIMARY} - Sending ExecuteResponse{status=OK, result=byte[]{length=28, hash=2049530828}}
00:17:36.642 [atomix-system-15] TRACE i.a.p.b.s.PrimaryBackupSessionClient - SessionClient{system-partition-1}{type=consistent-map, name=primitives} - Received ExecuteResponse{status=OK, result=byte[]{length=28, hash=2049530828}}
00:17:36.643 [atomix-system-15] INFO  i.a.core.impl.CoreTransactionService - Started
00:17:36.643 [atomix-system-15] INFO  i.a.core.impl.CorePrimitivesService - Started
00:17:36.643 [atomix-cluster-0] INFO  io.atomix.cluster.AtomixCluster - Started
00:17:36.668 [atomix-cluster-heartbeat-receiver] INFO  i.a.c.i.DefaultClusterMembershipService - 1 - Member activated: StatefulMember{id=3, address=localhost:5003, metadata={}}
00:17:36.671 [atomix-partition-group-membership-service-0] DEBUG i.a.p.b.s.i.PrimaryBackupServiceContext - PrimitiveService{system-partition-1}{type=PRIMARY_ELECTOR, name=atomix-primary-elector} - Term changed: PrimaryTerm{term=17, primary=GroupMember{memberId=3, groupId=3}, candidates=[GroupMember{memberId=1, groupId=1}]}
00:17:36.671 [atomix-partition-group-membership-service-0] DEBUG i.a.p.b.s.i.PrimaryBackupServiceContext - PrimitiveService{system-partition-1}{type=consistent-map, name=primitives} - Term changed: PrimaryTerm{term=17, primary=GroupMember{memberId=3, groupId=3}, candidates=[GroupMember{memberId=1, groupId=1}]}
00:17:36.675 [atomix-partition-group-membership-service-0] DEBUG i.a.p.b.s.i.PrimaryBackupServiceContext - PrimitiveService{system-partition-1}{type=PRIMARY_ELECTOR, name=atomix-primary-elector} - Term changed: PrimaryTerm{term=2, primary=GroupMember{memberId=3, groupId=3}, candidates=[GroupMember{memberId=1, groupId=1}]}
00:17:36.675 [atomix-partition-group-membership-service-0] DEBUG i.a.p.b.s.i.PrimaryBackupServiceContext - PrimitiveService{system-partition-1}{type=PRIMARY_ELECTOR, name=atomix-primary-elector} - 1 transitioning to BACKUP
00:17:36.675 [atomix-partition-group-membership-service-0] DEBUG i.a.p.b.s.i.PrimaryBackupServiceContext - PrimitiveService{system-partition-1}{type=consistent-map, name=primitives} - Term changed: PrimaryTerm{term=2, primary=GroupMember{memberId=3, groupId=3}, candidates=[GroupMember{memberId=1, groupId=1}]}
00:17:36.675 [atomix-partition-group-membership-service-0] DEBUG i.a.p.b.s.i.PrimaryBackupServiceContext - PrimitiveService{system-partition-1}{type=consistent-map, name=primitives} - 1 transitioning to BACKUP
00:17:36.675 [netty-messaging-event-epoll-client-2] INFO  i.a.c.i.DefaultClusterMembershipService - 1 - Member activated: StatefulMember{id=2, address=127.0.0.1:5002, metadata={}}
00:17:36.676 [primary-election-0] DEBUG i.a.p.b.s.i.PrimaryBackupServiceContext - PrimitiveService{system-partition-1}{type=PRIMARY_ELECTOR, name=atomix-primary-elector} - Term changed: PrimaryTerm{term=17, primary=GroupMember{memberId=3, groupId=3}, candidates=[GroupMember{memberId=1, groupId=1}]}
00:17:36.677 [primary-election-0] DEBUG i.a.p.b.s.i.PrimaryBackupServiceContext - PrimitiveService{system-partition-1}{type=consistent-map, name=primitives} - Term changed: PrimaryTerm{term=17, primary=GroupMember{memberId=3, groupId=3}, candidates=[GroupMember{memberId=1, groupId=1}]}
00:17:36.697 [atomix-system-14] TRACE i.a.p.backup.roles.PrimaryRole - PrimaryRole{system-partition-1}{role=PRIMARY} - Sending BackupRequest{primary=3, term=17, index=71, primitive=PrimitiveDescriptor{name=atomix-primary-elector, type=PRIMARY_ELECTOR, backups=1, replication=ASYNCHRONOUS}, operations=[HeartbeatOperation{index=107, timestamp=1528669056696}]} to 1
00:17:36.698 [atomix-system-1] TRACE i.a.p.backup.roles.BackupRole - BackupRole{system-partition-1}{role=BACKUP} - Received BackupRequest{primary=3, term=17, index=71, primitive=PrimitiveDescriptor{name=atomix-primary-elector, type=PRIMARY_ELECTOR, backups=1, replication=ASYNCHRONOUS}, operations=[HeartbeatOperation{index=107, timestamp=1528669056696}]}
00:17:36.698 [atomix-system-1] TRACE i.a.p.backup.roles.BackupRole - BackupRole{system-partition-1}{role=BACKUP} - Sending BackupResponse{status=OK}
00:17:36.730 [atomix-system-1] TRACE i.a.p.backup.roles.PrimaryRole - PrimaryRole{system-partition-1}{role=PRIMARY} - Sending BackupRequest{primary=3, term=17, index=7, primitive=PrimitiveDescriptor{name=primitives, type=consistent-map, backups=2, replication=SYNCHRONOUS}, operations=[HeartbeatOperation{index=39, timestamp=1528669056730}]} to 1
00:17:36.730 [atomix-system-13] TRACE i.a.p.backup.roles.BackupRole - BackupRole{system-partition-1}{role=BACKUP} - Received BackupRequest{primary=3, term=17, index=7, primitive=PrimitiveDescriptor{name=primitives, type=consistent-map, backups=2, replication=SYNCHRONOUS}, operations=[HeartbeatOperation{index=39, timestamp=1528669056730}]}
00:17:36.731 [atomix-system-13] TRACE i.a.p.backup.roles.BackupRole - BackupRole{system-partition-1}{role=BACKUP} - Sending BackupResponse{status=OK}
00:17:36.731 [atomix-system-13] TRACE i.a.p.backup.roles.PrimaryRole - PrimaryRole{system-partition-1}{role=PRIMARY} - Received BackupResponse{status=OK} from 1
00:17:36.731 [atomix-system-3] WARN  i.a.utils.event.ListenerRegistry - Listener io.atomix.protocols.backup.session.PrimaryBackupSessionClient$$Lambda$632/551016187@46735c21 not registered
00:17:36.731 [atomix-system-3] INFO  i.a.core.impl.CorePrimitivesService - Stopped
00:17:36.732 [atomix-system-6] INFO  i.a.p.b.p.PrimaryBackupPartitionGroup - Stopped
00:17:36.732 [atomix-0] INFO  i.a.p.b.p.PrimaryBackupPartitionGroup - Stopped
00:17:36.732 [atomix-0] INFO  i.a.p.p.i.DefaultPartitionGroupMembershipService - Stopped
00:17:36.732 [atomix-0] INFO  i.a.p.p.impl.DefaultPartitionService - Stopped
00:17:36.732 [atomix-0] INFO  i.a.c.m.i.DefaultClusterCommunicationService - Stopped
00:17:36.732 [atomix-cluster-0] INFO  i.a.c.m.i.DefaultClusterEventService - Stopped
00:17:36.732 [atomix-cluster-0] INFO  i.a.c.i.DefaultClusterMembershipService - 3 - Member deactivated: StatefulMember{id=3, address=localhost:5003, metadata={}}
00:17:36.732 [atomix-cluster-0] INFO  i.a.c.i.DefaultClusterMembershipService - Stopped
00:17:36.752 [netty-messaging-event-epoll-server-0] INFO  i.a.c.m.impl.NettyMessagingService - Stopped
00:17:36.752 [atomix-cluster-0] INFO  io.atomix.cluster.AtomixCluster - Stopped
00:17:36.812 [main] WARN  i.a.c.m.impl.NettyMessagingService - Disabling TLS for intra-cluster messaging; Could not load cluster key store: ../config/atomix.jks (No such file or directory)
00:17:36.814 [netty-messaging-event-epoll-server-0] INFO  i.a.c.m.impl.NettyMessagingService - localhost/127.0.0.1 accepting incoming connections on port 5002
00:17:36.814 [netty-messaging-event-epoll-server-0] INFO  i.a.c.m.impl.NettyMessagingService - Started
00:17:36.814 [atomix-cluster-0] INFO  i.a.c.i.DefaultClusterMembershipService - 2 - Member activated: StatefulMember{id=2, address=localhost:5002, metadata={}}
00:17:36.814 [atomix-cluster-0] INFO  i.a.c.i.DefaultClusterMembershipService - 2 - Member activated: StatefulMember{id=1, address=localhost:5001, metadata={}}
00:17:36.816 [netty-messaging-event-epoll-client-0] INFO  i.a.c.i.DefaultClusterMembershipService - 2 - Member activated: StatefulMember{id=3, address=127.0.0.1:5003, metadata={}}
00:17:36.817 [netty-messaging-event-epoll-client-0] INFO  i.a.c.i.DefaultClusterMembershipService - Started
00:17:36.817 [atomix-cluster-0] INFO  i.a.c.m.i.DefaultClusterCommunicationService - Started
00:17:36.817 [atomix-cluster-0] INFO  i.a.c.m.i.DefaultClusterEventService - Started
00:17:36.819 [atomix-partition-group-membership-service-0] DEBUG i.a.p.b.s.i.PrimaryBackupServiceContext - PrimitiveService{system-partition-1}{type=PRIMARY_ELECTOR, name=atomix-primary-elector} - Term changed: PrimaryTerm{term=18, primary=GroupMember{memberId=3, groupId=3}, candidates=[GroupMember{memberId=1, groupId=1}, GroupMember{memberId=2, groupId=2}]}
00:17:36.819 [atomix-partition-group-membership-service-0] DEBUG i.a.p.b.s.i.PrimaryBackupServiceContext - PrimitiveService{system-partition-1}{type=consistent-map, name=primitives} - Term changed: PrimaryTerm{term=18, primary=GroupMember{memberId=3, groupId=3}, candidates=[GroupMember{memberId=1, groupId=1}, GroupMember{memberId=2, groupId=2}]}
00:17:36.822 [atomix-partition-group-membership-service-0] INFO  i.a.p.p.i.DefaultPartitionGroupMembershipService - Started
00:17:36.822 [atomix-partition-group-membership-service-0] INFO  i.a.p.p.i.HashBasedPrimaryElectionService - Started
00:17:36.822 [atomix-partition-group-membership-service-0] INFO  i.a.p.b.p.i.PrimaryBackupPartitionServer - Successfully started server for PartitionId{id=1, group=system}
00:17:36.822 [atomix-partition-group-membership-service-0] INFO  i.a.p.b.p.i.PrimaryBackupPartitionClient - Successfully started client for PartitionId{id=1, group=system}
00:17:36.823 [atomix-partition-group-membership-service-0] INFO  i.a.p.b.p.PrimaryBackupPartitionGroup - Started
00:17:36.825 [atomix-system-2] TRACE i.a.p.b.s.PrimaryBackupSessionClient - SessionClient{system-partition-1}{type=PRIMARY_ELECTOR, name=atomix-primary-elector} - Sending ExecuteRequest{session=6088161488933870871, node=2, primitive=PrimitiveDescriptor{name=atomix-primary-elector, type=PRIMARY_ELECTOR, backups=1, replication=ASYNCHRONOUS}, operation=PrimitiveOperation{id=DefaultOperationId{id=ENTER, type=COMMAND}, value=byte[]{length=28, hash=-31316474}}} to GroupMember{memberId=3, groupId=3}
00:17:36.826 [atomix-system-2] TRACE i.a.p.b.s.PrimaryBackupSessionClient - SessionClient{system-partition-1}{type=PRIMARY_ELECTOR, name=atomix-primary-elector} - Sending ExecuteRequest{session=6088161488933870871, node=2, primitive=PrimitiveDescriptor{name=atomix-primary-elector, type=PRIMARY_ELECTOR, backups=1, replication=ASYNCHRONOUS}, operation=PrimitiveOperation{id=DefaultOperationId{id=ENTER, type=COMMAND}, value=byte[]{length=28, hash=-31316532}}} to GroupMember{memberId=3, groupId=3}
00:17:36.826 [atomix-system-2] TRACE i.a.p.b.s.PrimaryBackupSessionClient - SessionClient{system-partition-1}{type=PRIMARY_ELECTOR, name=atomix-primary-elector} - Sending ExecuteRequest{session=6088161488933870871, node=2, primitive=PrimitiveDescriptor{name=atomix-primary-elector, type=PRIMARY_ELECTOR, backups=1, replication=ASYNCHRONOUS}, operation=PrimitiveOperation{id=DefaultOperationId{id=ENTER, type=COMMAND}, value=byte[]{length=29, hash=-970818381}}} to GroupMember{memberId=3, groupId=3}
00:17:36.826 [atomix-system-2] TRACE i.a.p.b.s.PrimaryBackupSessionClient - SessionClient{system-partition-1}{type=PRIMARY_ELECTOR, name=atomix-primary-elector} - Sending ExecuteRequest{session=6088161488933870871, node=2, primitive=PrimitiveDescriptor{name=atomix-primary-elector, type=PRIMARY_ELECTOR, backups=1, replication=ASYNCHRONOUS}, operation=PrimitiveOperation{id=DefaultOperationId{id=ENTER, type=COMMAND}, value=byte[]{length=28, hash=-31316524}}} to GroupMember{memberId=3, groupId=3}
00:17:36.826 [atomix-system-2] TRACE i.a.p.b.s.PrimaryBackupSessionClient - SessionClient{system-partition-1}{type=PRIMARY_ELECTOR, name=atomix-primary-elector} - Sending ExecuteRequest{session=6088161488933870871, node=2, primitive=PrimitiveDescriptor{name=atomix-primary-elector, type=PRIMARY_ELECTOR, backups=1, replication=ASYNCHRONOUS}, operation=PrimitiveOperation{id=DefaultOperationId{id=ENTER, type=COMMAND}, value=byte[]{length=28, hash=-31316590}}} to GroupMember{memberId=3, groupId=3}
00:17:36.826 [atomix-system-2] TRACE i.a.p.b.s.PrimaryBackupSessionClient - SessionClient{system-partition-1}{type=PRIMARY_ELECTOR, name=atomix-primary-elector} - Sending ExecuteRequest{session=6088161488933870871, node=2, primitive=PrimitiveDescriptor{name=atomix-primary-elector, type=PRIMARY_ELECTOR, backups=1, replication=ASYNCHRONOUS}, operation=PrimitiveOperation{id=DefaultOperationId{id=ENTER, type=COMMAND}, value=byte[]{length=29, hash=-970818133}}} to GroupMember{memberId=3, groupId=3}
00:17:36.826 [atomix-system-2] TRACE i.a.p.b.s.PrimaryBackupSessionClient - SessionClient{system-partition-1}{type=PRIMARY_ELECTOR, name=atomix-primary-elector} - Sending ExecuteRequest{session=6088161488933870871, node=2, primitive=PrimitiveDescriptor{name=atomix-primary-elector, type=PRIMARY_ELECTOR, backups=1, replication=ASYNCHRONOUS}, operation=PrimitiveOperation{id=DefaultOperationId{id=ENTER, type=COMMAND}, value=byte[]{length=28, hash=-31316516}}} to GroupMember{memberId=3, groupId=3}
00:17:36.826 [atomix-system-2] TRACE i.a.p.b.s.PrimaryBackupSessionClient - SessionClient{system-partition-1}{type=PRIMARY_ELECTOR, name=atomix-primary-elector} - Sending ExecuteRequest{session=6088161488933870871, node=2, primitive=PrimitiveDescriptor{name=atomix-primary-elector, type=PRIMARY_ELECTOR, backups=1, replication=ASYNCHRONOUS}, operation=PrimitiveOperation{id=DefaultOperationId{id=ENTER, type=COMMAND}, value=byte[]{length=28, hash=-31316582}}} to GroupMember{memberId=3, groupId=3}
00:17:36.826 [atomix-system-2] TRACE i.a.p.b.s.PrimaryBackupSessionClient - SessionClient{system-partition-1}{type=PRIMARY_ELECTOR, name=atomix-primary-elector} - Sending ExecuteRequest{session=6088161488933870871, node=2, primitive=PrimitiveDescriptor{name=atomix-primary-elector, type=PRIMARY_ELECTOR, backups=1, replication=ASYNCHRONOUS}, operation=PrimitiveOperation{id=DefaultOperationId{id=ENTER, type=COMMAND}, value=byte[]{length=28, hash=-31316508}}} to GroupMember{memberId=3, groupId=3}
00:17:36.826 [atomix-system-2] TRACE i.a.p.b.s.PrimaryBackupSessionClient - SessionClient{system-partition-1}{type=PRIMARY_ELECTOR, name=atomix-primary-elector} - Sending ExecuteRequest{session=6088161488933870871, node=2, primitive=PrimitiveDescriptor{name=atomix-primary-elector, type=PRIMARY_ELECTOR, backups=1, replication=ASYNCHRONOUS}, operation=PrimitiveOperation{id=DefaultOperationId{id=ENTER, type=COMMAND}, value=byte[]{length=28, hash=-31316574}}} to GroupMember{memberId=3, groupId=3}
00:17:36.826 [atomix-system-2] TRACE i.a.p.b.s.PrimaryBackupSessionClient - SessionClient{system-partition-1}{type=PRIMARY_ELECTOR, name=atomix-primary-elector} - Sending ExecuteRequest{session=6088161488933870871, node=2, primitive=PrimitiveDescriptor{name=atomix-primary-elector, type=PRIMARY_ELECTOR, backups=1, replication=ASYNCHRONOUS}, operation=PrimitiveOperation{id=DefaultOperationId{id=ENTER, type=COMMAND}, value=byte[]{length=28, hash=-31316506}}} to GroupMember{memberId=3, groupId=3}
00:17:36.827 [atomix-system-2] TRACE i.a.p.b.s.PrimaryBackupSessionClient - SessionClient{system-partition-1}{type=PRIMARY_ELECTOR, name=atomix-primary-elector} - Sending ExecuteRequest{session=6088161488933870871, node=2, primitive=PrimitiveDescriptor{name=atomix-primary-elector, type=PRIMARY_ELECTOR, backups=1, replication=ASYNCHRONOUS}, operation=PrimitiveOperation{id=DefaultOperationId{id=ENTER, type=COMMAND}, value=byte[]{length=28, hash=-31316564}}} to GroupMember{memberId=3, groupId=3}
00:17:36.827 [atomix-system-2] TRACE i.a.p.b.s.PrimaryBackupSessionClient - SessionClient{system-partition-1}{type=PRIMARY_ELECTOR, name=atomix-primary-elector} - Sending ExecuteRequest{session=6088161488933870871, node=2, primitive=PrimitiveDescriptor{name=atomix-primary-elector, type=PRIMARY_ELECTOR, backups=1, replication=ASYNCHRONOUS}, operation=PrimitiveOperation{id=DefaultOperationId{id=ENTER, type=COMMAND}, value=byte[]{length=28, hash=-31316498}}} to GroupMember{memberId=3, groupId=3}
00:17:36.827 [atomix-system-2] TRACE i.a.p.b.s.PrimaryBackupSessionClient - SessionClient{system-partition-1}{type=PRIMARY_ELECTOR, name=atomix-primary-elector} - Sending ExecuteRequest{session=6088161488933870871, node=2, primitive=PrimitiveDescriptor{name=atomix-primary-elector, type=PRIMARY_ELECTOR, backups=1, replication=ASYNCHRONOUS}, operation=PrimitiveOperation{id=DefaultOperationId{id=ENTER, type=COMMAND}, value=byte[]{length=28, hash=-31316556}}} to GroupMember{memberId=3, groupId=3}
00:17:36.827 [atomix-system-2] TRACE i.a.p.b.s.PrimaryBackupSessionClient - SessionClient{system-partition-1}{type=PRIMARY_ELECTOR, name=atomix-primary-elector} - Sending ExecuteRequest{session=6088161488933870871, node=2, primitive=PrimitiveDescriptor{name=atomix-primary-elector, type=PRIMARY_ELECTOR, backups=1, replication=ASYNCHRONOUS}, operation=PrimitiveOperation{id=DefaultOperationId{id=ENTER, type=COMMAND}, value=byte[]{length=28, hash=-31316490}}} to GroupMember{memberId=3, groupId=3}
00:17:36.827 [atomix-system-2] TRACE i.a.p.b.s.PrimaryBackupSessionClient - SessionClient{system-partition-1}{type=PRIMARY_ELECTOR, name=atomix-primary-elector} - Sending ExecuteRequest{session=6088161488933870871, node=2, primitive=PrimitiveDescriptor{name=atomix-primary-elector, type=PRIMARY_ELECTOR, backups=1, replication=ASYNCHRONOUS}, operation=PrimitiveOperation{id=DefaultOperationId{id=ENTER, type=COMMAND}, value=byte[]{length=28, hash=-31316548}}} to GroupMember{memberId=3, groupId=3}
00:17:36.828 [atomix-system-2] TRACE i.a.p.b.s.PrimaryBackupSessionClient - SessionClient{system-partition-1}{type=PRIMARY_ELECTOR, name=atomix-primary-elector} - Sending ExecuteRequest{session=6088161488933870871, node=2, primitive=PrimitiveDescriptor{name=atomix-primary-elector, type=PRIMARY_ELECTOR, backups=1, replication=ASYNCHRONOUS}, operation=PrimitiveOperation{id=DefaultOperationId{id=ENTER, type=COMMAND}, value=byte[]{length=28, hash=-31316482}}} to GroupMember{memberId=3, groupId=3}
00:17:36.828 [atomix-system-2] TRACE i.a.p.b.s.PrimaryBackupSessionClient - SessionClient{system-partition-1}{type=PRIMARY_ELECTOR, name=atomix-primary-elector} - Sending ExecuteRequest{session=6088161488933870871, node=2, primitive=PrimitiveDescriptor{name=atomix-primary-elector, type=PRIMARY_ELECTOR, backups=1, replication=ASYNCHRONOUS}, operation=PrimitiveOperation{id=DefaultOperationId{id=ENTER, type=COMMAND}, value=byte[]{length=28, hash=-31316540}}} to GroupMember{memberId=3, groupId=3}
00:17:36.828 [atomix-system-2] TRACE i.a.p.b.s.PrimaryBackupSessionClient - SessionClient{system-partition-1}{type=PRIMARY_ELECTOR, name=atomix-primary-elector} - Sending ExecuteRequest{session=6088161488933870871, node=2, primitive=PrimitiveDescriptor{name=atomix-primary-elector, type=PRIMARY_ELECTOR, backups=1, replication=ASYNCHRONOUS}, operation=PrimitiveOperation{id=DefaultOperationId{id=ENTER, type=COMMAND}, value=byte[]{length=28, hash=-31316468}}} to GroupMember{memberId=3, groupId=3}
00:17:36.828 [atomix-system-2] TRACE i.a.p.b.s.PrimaryBackupSessionClient - SessionClient{system-partition-1}{type=PRIMARY_ELECTOR, name=atomix-primary-elector} - Sending ExecuteRequest{session=6088161488933870871, node=2, primitive=PrimitiveDescriptor{name=atomix-primary-elector, type=PRIMARY_ELECTOR, backups=1, replication=ASYNCHRONOUS}, operation=PrimitiveOperation{id=DefaultOperationId{id=ENTER, type=COMMAND}, value=byte[]{length=28, hash=-31316534}}} to GroupMember{memberId=3, groupId=3}
00:17:36.828 [atomix-system-2] TRACE i.a.p.b.s.PrimaryBackupSessionClient - SessionClient{system-partition-1}{type=PRIMARY_ELECTOR, name=atomix-primary-elector} - Sending ExecuteRequest{session=6088161488933870871, node=2, primitive=PrimitiveDescriptor{name=atomix-primary-elector, type=PRIMARY_ELECTOR, backups=1, replication=ASYNCHRONOUS}, operation=PrimitiveOperation{id=DefaultOperationId{id=ENTER, type=COMMAND}, value=byte[]{length=28, hash=-31316592}}} to GroupMember{memberId=3, groupId=3}
00:17:36.828 [atomix-system-2] TRACE i.a.p.b.s.PrimaryBackupSessionClient - SessionClient{system-partition-1}{type=PRIMARY_ELECTOR, name=atomix-primary-elector} - Sending ExecuteRequest{session=6088161488933870871, node=2, primitive=PrimitiveDescriptor{name=atomix-primary-elector, type=PRIMARY_ELECTOR, backups=1, replication=ASYNCHRONOUS}, operation=PrimitiveOperation{id=DefaultOperationId{id=ENTER, type=COMMAND}, value=byte[]{length=29, hash=-970818195}}} to GroupMember{memberId=3, groupId=3}
00:17:36.829 [atomix-system-2] TRACE i.a.p.b.s.PrimaryBackupSessionClient - SessionClient{system-partition-1}{type=PRIMARY_ELECTOR, name=atomix-primary-elector} - Sending ExecuteRequest{session=6088161488933870871, node=2, primitive=PrimitiveDescriptor{name=atomix-primary-elector, type=PRIMARY_ELECTOR, backups=1, replication=ASYNCHRONOUS}, operation=PrimitiveOperation{id=DefaultOperationId{id=ENTER, type=COMMAND}, value=byte[]{length=28, hash=-31316526}}} to GroupMember{memberId=3, groupId=3}
00:17:36.829 [atomix-system-2] TRACE i.a.p.b.s.PrimaryBackupSessionClient - SessionClient{system-partition-1}{type=PRIMARY_ELECTOR, name=atomix-primary-elector} - Sending ExecuteRequest{session=6088161488933870871, node=2, primitive=PrimitiveDescriptor{name=atomix-primary-elector, type=PRIMARY_ELECTOR, backups=1, replication=ASYNCHRONOUS}, operation=PrimitiveOperation{id=DefaultOperationId{id=ENTER, type=COMMAND}, value=byte[]{length=28, hash=-31316584}}} to GroupMember{memberId=3, groupId=3}
00:17:36.829 [atomix-system-2] TRACE i.a.p.b.s.PrimaryBackupSessionClient - SessionClient{system-partition-1}{type=PRIMARY_ELECTOR, name=atomix-primary-elector} - Sending ExecuteRequest{session=6088161488933870871, node=2, primitive=PrimitiveDescriptor{name=atomix-primary-elector, type=PRIMARY_ELECTOR, backups=1, replication=ASYNCHRONOUS}, operation=PrimitiveOperation{id=DefaultOperationId{id=ENTER, type=COMMAND}, value=byte[]{length=29, hash=-970817947}}} to GroupMember{memberId=3, groupId=3}
00:17:36.829 [atomix-system-2] TRACE i.a.p.b.s.PrimaryBackupSessionClient - SessionClient{system-partition-1}{type=PRIMARY_ELECTOR, name=atomix-primary-elector} - Sending ExecuteRequest{session=6088161488933870871, node=2, primitive=PrimitiveDescriptor{name=atomix-primary-elector, type=PRIMARY_ELECTOR, backups=1, replication=ASYNCHRONOUS}, operation=PrimitiveOperation{id=DefaultOperationId{id=ENTER, type=COMMAND}, value=byte[]{length=28, hash=-31316518}}} to GroupMember{memberId=3, groupId=3}
00:17:36.829 [atomix-system-2] TRACE i.a.p.b.s.PrimaryBackupSessionClient - SessionClient{system-partition-1}{type=PRIMARY_ELECTOR, name=atomix-primary-elector} - Sending ExecuteRequest{session=6088161488933870871, node=2, primitive=PrimitiveDescriptor{name=atomix-primary-elector, type=PRIMARY_ELECTOR, backups=1, replication=ASYNCHRONOUS}, operation=PrimitiveOperation{id=DefaultOperationId{id=ENTER, type=COMMAND}, value=byte[]{length=28, hash=-31316576}}} to GroupMember{memberId=3, groupId=3}
00:17:36.829 [atomix-system-2] TRACE i.a.p.b.s.PrimaryBackupSessionClient - SessionClient{system-partition-1}{type=PRIMARY_ELECTOR, name=atomix-primary-elector} - Sending ExecuteRequest{session=6088161488933870871, node=2, primitive=PrimitiveDescriptor{name=atomix-primary-elector, type=PRIMARY_ELECTOR, backups=1, replication=ASYNCHRONOUS}, operation=PrimitiveOperation{id=DefaultOperationId{id=ENTER, type=COMMAND}, value=byte[]{length=28, hash=-31316510}}} to GroupMember{memberId=3, groupId=3}
00:17:36.829 [atomix-system-2] TRACE i.a.p.b.s.PrimaryBackupSessionClient - SessionClient{system-partition-1}{type=PRIMARY_ELECTOR, name=atomix-primary-elector} - Sending ExecuteRequest{session=6088161488933870871, node=2, primitive=PrimitiveDescriptor{name=atomix-primary-elector, type=PRIMARY_ELECTOR, backups=1, replication=ASYNCHRONOUS}, operation=PrimitiveOperation{id=DefaultOperationId{id=ENTER, type=COMMAND}, value=byte[]{length=28, hash=-31316500}}} to GroupMember{memberId=3, groupId=3}
00:17:36.829 [atomix-system-2] TRACE i.a.p.b.s.PrimaryBackupSessionClient - SessionClient{system-partition-1}{type=PRIMARY_ELECTOR, name=atomix-primary-elector} - Sending ExecuteRequest{session=6088161488933870871, node=2, primitive=PrimitiveDescriptor{name=atomix-primary-elector, type=PRIMARY_ELECTOR, backups=1, replication=ASYNCHRONOUS}, operation=PrimitiveOperation{id=DefaultOperationId{id=ENTER, type=COMMAND}, value=byte[]{length=28, hash=-31316566}}} to GroupMember{memberId=3, groupId=3}
00:17:36.829 [atomix-system-2] TRACE i.a.p.b.s.PrimaryBackupSessionClient - SessionClient{system-partition-1}{type=PRIMARY_ELECTOR, name=atomix-primary-elector} - Sending ExecuteRequest{session=6088161488933870871, node=2, primitive=PrimitiveDescriptor{name=atomix-primary-elector, type=PRIMARY_ELECTOR, backups=1, replication=ASYNCHRONOUS}, operation=PrimitiveOperation{id=DefaultOperationId{id=ENTER, type=COMMAND}, value=byte[]{length=28, hash=-31316492}}} to GroupMember{memberId=3, groupId=3}
00:17:36.829 [atomix-system-2] TRACE i.a.p.b.s.PrimaryBackupSessionClient - SessionClient{system-partition-1}{type=PRIMARY_ELECTOR, name=atomix-primary-elector} - Sending ExecuteRequest{session=6088161488933870871, node=2, primitive=PrimitiveDescriptor{name=atomix-primary-elector, type=PRIMARY_ELECTOR, backups=1, replication=ASYNCHRONOUS}, operation=PrimitiveOperation{id=DefaultOperationId{id=ENTER, type=COMMAND}, value=byte[]{length=28, hash=-31316558}}} to GroupMember{memberId=3, groupId=3}
00:17:36.829 [atomix-system-2] TRACE i.a.p.b.s.PrimaryBackupSessionClient - SessionClient{system-partition-1}{type=PRIMARY_ELECTOR, name=atomix-primary-elector} - Sending ExecuteRequest{session=6088161488933870871, node=2, primitive=PrimitiveDescriptor{name=atomix-primary-elector, type=PRIMARY_ELECTOR, backups=1, replication=ASYNCHRONOUS}, operation=PrimitiveOperation{id=DefaultOperationId{id=ENTER, type=COMMAND}, value=byte[]{length=28, hash=-31316484}}} to GroupMember{memberId=3, groupId=3}
00:17:36.829 [atomix-system-2] TRACE i.a.p.b.s.PrimaryBackupSessionClient - SessionClient{system-partition-1}{type=PRIMARY_ELECTOR, name=atomix-primary-elector} - Sending ExecuteRequest{session=6088161488933870871, node=2, primitive=PrimitiveDescriptor{name=atomix-primary-elector, type=PRIMARY_ELECTOR, backups=1, replication=ASYNCHRONOUS}, operation=PrimitiveOperation{id=DefaultOperationId{id=ENTER, type=COMMAND}, value=byte[]{length=28, hash=-31316550}}} to GroupMember{memberId=3, groupId=3}
00:17:36.830 [atomix-system-2] TRACE i.a.p.b.s.PrimaryBackupSessionClient - SessionClient{system-partition-1}{type=PRIMARY_ELECTOR, name=atomix-primary-elector} - Sending ExecuteRequest{session=6088161488933870871, node=2, primitive=PrimitiveDescriptor{name=atomix-primary-elector, type=PRIMARY_ELECTOR, backups=1, replication=ASYNCHRONOUS}, operation=PrimitiveOperation{id=DefaultOperationId{id=ENTER, type=COMMAND}, value=byte[]{length=28, hash=-31316476}}} to GroupMember{memberId=3, groupId=3}
00:17:36.830 [atomix-system-2] TRACE i.a.p.b.s.PrimaryBackupSessionClient - SessionClient{system-partition-1}{type=PRIMARY_ELECTOR, name=atomix-primary-elector} - Sending ExecuteRequest{session=6088161488933870871, node=2, primitive=PrimitiveDescriptor{name=atomix-primary-elector, type=PRIMARY_ELECTOR, backups=1, replication=ASYNCHRONOUS}, operation=PrimitiveOperation{id=DefaultOperationId{id=ENTER, type=COMMAND}, value=byte[]{length=28, hash=-31316542}}} to GroupMember{memberId=3, groupId=3}
00:17:36.830 [atomix-system-2] TRACE i.a.p.b.s.PrimaryBackupSessionClient - SessionClient{system-partition-1}{type=PRIMARY_ELECTOR, name=atomix-primary-elector} - Sending ExecuteRequest{session=6088161488933870871, node=2, primitive=PrimitiveDescriptor{name=atomix-primary-elector, type=PRIMARY_ELECTOR, backups=1, replication=ASYNCHRONOUS}, operation=PrimitiveOperation{id=DefaultOperationId{id=ENTER, type=COMMAND}, value=byte[]{length=28, hash=-31316536}}} to GroupMember{memberId=3, groupId=3}
00:17:36.830 [atomix-system-2] TRACE i.a.p.b.s.PrimaryBackupSessionClient - SessionClient{system-partition-1}{type=PRIMARY_ELECTOR, name=atomix-primary-elector} - Sending ExecuteRequest{session=6088161488933870871, node=2, primitive=PrimitiveDescriptor{name=atomix-primary-elector, type=PRIMARY_ELECTOR, backups=1, replication=ASYNCHRONOUS}, operation=PrimitiveOperation{id=DefaultOperationId{id=ENTER, type=COMMAND}, value=byte[]{length=28, hash=-31316470}}} to GroupMember{memberId=3, groupId=3}
00:17:36.830 [atomix-system-2] TRACE i.a.p.b.s.PrimaryBackupSessionClient - SessionClient{system-partition-1}{type=PRIMARY_ELECTOR, name=atomix-primary-elector} - Sending ExecuteRequest{session=6088161488933870871, node=2, primitive=PrimitiveDescriptor{name=atomix-primary-elector, type=PRIMARY_ELECTOR, backups=1, replication=ASYNCHRONOUS}, operation=PrimitiveOperation{id=DefaultOperationId{id=ENTER, type=COMMAND}, value=byte[]{length=28, hash=-31316528}}} to GroupMember{memberId=3, groupId=3}
00:17:36.830 [atomix-system-2] TRACE i.a.p.b.s.PrimaryBackupSessionClient - SessionClient{system-partition-1}{type=PRIMARY_ELECTOR, name=atomix-primary-elector} - Sending ExecuteRequest{session=6088161488933870871, node=2, primitive=PrimitiveDescriptor{name=atomix-primary-elector, type=PRIMARY_ELECTOR, backups=1, replication=ASYNCHRONOUS}, operation=PrimitiveOperation{id=DefaultOperationId{id=ENTER, type=COMMAND}, value=byte[]{length=29, hash=-970818257}}} to GroupMember{memberId=3, groupId=3}
00:17:36.830 [atomix-system-2] TRACE i.a.p.b.s.PrimaryBackupSessionClient - SessionClient{system-partition-1}{type=PRIMARY_ELECTOR, name=atomix-primary-elector} - Sending ExecuteRequest{session=6088161488933870871, node=2, primitive=PrimitiveDescriptor{name=atomix-primary-elector, type=PRIMARY_ELECTOR, backups=1, replication=ASYNCHRONOUS}, operation=PrimitiveOperation{id=DefaultOperationId{id=ENTER, type=COMMAND}, value=byte[]{length=28, hash=-31316520}}} to GroupMember{memberId=3, groupId=3}
00:17:36.830 [atomix-system-2] TRACE i.a.p.b.s.PrimaryBackupSessionClient - SessionClient{system-partition-1}{type=PRIMARY_ELECTOR, name=atomix-primary-elector} - Sending ExecuteRequest{session=6088161488933870871, node=2, primitive=PrimitiveDescriptor{name=atomix-primary-elector, type=PRIMARY_ELECTOR, backups=1, replication=ASYNCHRONOUS}, operation=PrimitiveOperation{id=DefaultOperationId{id=ENTER, type=COMMAND}, value=byte[]{length=28, hash=-31316586}}} to GroupMember{memberId=3, groupId=3}
00:17:36.830 [atomix-system-2] TRACE i.a.p.b.s.PrimaryBackupSessionClient - SessionClient{system-partition-1}{type=PRIMARY_ELECTOR, name=atomix-primary-elector} - Sending ExecuteRequest{session=6088161488933870871, node=2, primitive=PrimitiveDescriptor{name=atomix-primary-elector, type=PRIMARY_ELECTOR, backups=1, replication=ASYNCHRONOUS}, operation=PrimitiveOperation{id=DefaultOperationId{id=ENTER, type=COMMAND}, value=byte[]{length=29, hash=-970818009}}} to GroupMember{memberId=3, groupId=3}
00:17:36.830 [atomix-system-2] TRACE i.a.p.b.s.PrimaryBackupSessionClient - SessionClient{system-partition-1}{type=PRIMARY_ELECTOR, name=atomix-primary-elector} - Sending ExecuteRequest{session=6088161488933870871, node=2, primitive=PrimitiveDescriptor{name=atomix-primary-elector, type=PRIMARY_ELECTOR, backups=1, replication=ASYNCHRONOUS}, operation=PrimitiveOperation{id=DefaultOperationId{id=ENTER, type=COMMAND}, value=byte[]{length=28, hash=-31316512}}} to GroupMember{memberId=3, groupId=3}
00:17:36.830 [atomix-system-2] TRACE i.a.p.b.s.PrimaryBackupSessionClient - SessionClient{system-partition-1}{type=PRIMARY_ELECTOR, name=atomix-primary-elector} - Sending ExecuteRequest{session=6088161488933870871, node=2, primitive=PrimitiveDescriptor{name=atomix-primary-elector, type=PRIMARY_ELECTOR, backups=1, replication=ASYNCHRONOUS}, operation=PrimitiveOperation{id=DefaultOperationId{id=ENTER, type=COMMAND}, value=byte[]{length=28, hash=-31316578}}} to GroupMember{memberId=3, groupId=3}
00:17:36.831 [atomix-system-2] TRACE i.a.p.b.s.PrimaryBackupSessionClient - SessionClient{system-partition-1}{type=PRIMARY_ELECTOR, name=atomix-primary-elector} - Sending ExecuteRequest{session=6088161488933870871, node=2, primitive=PrimitiveDescriptor{name=atomix-primary-elector, type=PRIMARY_ELECTOR, backups=1, replication=ASYNCHRONOUS}, operation=PrimitiveOperation{id=DefaultOperationId{id=ENTER, type=COMMAND}, value=byte[]{length=28, hash=-31316568}}} to GroupMember{memberId=3, groupId=3}
00:17:36.831 [atomix-system-2] TRACE i.a.p.b.s.PrimaryBackupSessionClient - SessionClient{system-partition-1}{type=PRIMARY_ELECTOR, name=atomix-primary-elector} - Sending ExecuteRequest{session=6088161488933870871, node=2, primitive=PrimitiveDescriptor{name=atomix-primary-elector, type=PRIMARY_ELECTOR, backups=1, replication=ASYNCHRONOUS}, operation=PrimitiveOperation{id=DefaultOperationId{id=ENTER, type=COMMAND}, value=byte[]{length=28, hash=-31316502}}} to GroupMember{memberId=3, groupId=3}
00:17:36.831 [atomix-system-2] TRACE i.a.p.b.s.PrimaryBackupSessionClient - SessionClient{system-partition-1}{type=PRIMARY_ELECTOR, name=atomix-primary-elector} - Sending ExecuteRequest{session=6088161488933870871, node=2, primitive=PrimitiveDescriptor{name=atomix-primary-elector, type=PRIMARY_ELECTOR, backups=1, replication=ASYNCHRONOUS}, operation=PrimitiveOperation{id=DefaultOperationId{id=ENTER, type=COMMAND}, value=byte[]{length=28, hash=-31316560}}} to GroupMember{memberId=3, groupId=3}
00:17:36.831 [atomix-system-2] TRACE i.a.p.b.s.PrimaryBackupSessionClient - SessionClient{system-partition-1}{type=PRIMARY_ELECTOR, name=atomix-primary-elector} - Sending ExecuteRequest{session=6088161488933870871, node=2, primitive=PrimitiveDescriptor{name=atomix-primary-elector, type=PRIMARY_ELECTOR, backups=1, replication=ASYNCHRONOUS}, operation=PrimitiveOperation{id=DefaultOperationId{id=ENTER, type=COMMAND}, value=byte[]{length=28, hash=-31316494}}} to GroupMember{memberId=3, groupId=3}
00:17:36.831 [atomix-system-2] TRACE i.a.p.b.s.PrimaryBackupSessionClient - SessionClient{system-partition-1}{type=PRIMARY_ELECTOR, name=atomix-primary-elector} - Sending ExecuteRequest{session=6088161488933870871, node=2, primitive=PrimitiveDescriptor{name=atomix-primary-elector, type=PRIMARY_ELECTOR, backups=1, replication=ASYNCHRONOUS}, operation=PrimitiveOperation{id=DefaultOperationId{id=ENTER, type=COMMAND}, value=byte[]{length=28, hash=-31316552}}} to GroupMember{memberId=3, groupId=3}
00:17:36.831 [atomix-system-2] TRACE i.a.p.b.s.PrimaryBackupSessionClient - SessionClient{system-partition-1}{type=PRIMARY_ELECTOR, name=atomix-primary-elector} - Sending ExecuteRequest{session=6088161488933870871, node=2, primitive=PrimitiveDescriptor{name=atomix-primary-elector, type=PRIMARY_ELECTOR, backups=1, replication=ASYNCHRONOUS}, operation=PrimitiveOperation{id=DefaultOperationId{id=ENTER, type=COMMAND}, value=byte[]{length=28, hash=-31316486}}} to GroupMember{memberId=3, groupId=3}
00:17:36.831 [atomix-system-2] TRACE i.a.p.b.s.PrimaryBackupSessionClient - SessionClient{system-partition-1}{type=PRIMARY_ELECTOR, name=atomix-primary-elector} - Sending ExecuteRequest{session=6088161488933870871, node=2, primitive=PrimitiveDescriptor{name=atomix-primary-elector, type=PRIMARY_ELECTOR, backups=1, replication=ASYNCHRONOUS}, operation=PrimitiveOperation{id=DefaultOperationId{id=ENTER, type=COMMAND}, value=byte[]{length=28, hash=-31316544}}} to GroupMember{memberId=3, groupId=3}
00:17:36.831 [atomix-system-2] TRACE i.a.p.b.s.PrimaryBackupSessionClient - SessionClient{system-partition-1}{type=PRIMARY_ELECTOR, name=atomix-primary-elector} - Sending ExecuteRequest{session=6088161488933870871, node=2, primitive=PrimitiveDescriptor{name=atomix-primary-elector, type=PRIMARY_ELECTOR, backups=1, replication=ASYNCHRONOUS}, operation=PrimitiveOperation{id=DefaultOperationId{id=ENTER, type=COMMAND}, value=byte[]{length=28, hash=-31316478}}} to GroupMember{memberId=3, groupId=3}
00:17:36.831 [atomix-system-2] TRACE i.a.p.b.s.PrimaryBackupSessionClient - SessionClient{system-partition-1}{type=PRIMARY_ELECTOR, name=atomix-primary-elector} - Sending ExecuteRequest{session=6088161488933870871, node=2, primitive=PrimitiveDescriptor{name=atomix-primary-elector, type=PRIMARY_ELECTOR, backups=1, replication=ASYNCHRONOUS}, operation=PrimitiveOperation{id=DefaultOperationId{id=ENTER, type=COMMAND}, value=byte[]{length=28, hash=-31316472}}} to GroupMember{memberId=3, groupId=3}
00:17:36.831 [atomix-system-2] TRACE i.a.p.b.s.PrimaryBackupSessionClient - SessionClient{system-partition-1}{type=PRIMARY_ELECTOR, name=atomix-primary-elector} - Sending ExecuteRequest{session=6088161488933870871, node=2, primitive=PrimitiveDescriptor{name=atomix-primary-elector, type=PRIMARY_ELECTOR, backups=1, replication=ASYNCHRONOUS}, operation=PrimitiveOperation{id=DefaultOperationId{id=ENTER, type=COMMAND}, value=byte[]{length=28, hash=-31316538}}} to GroupMember{memberId=3, groupId=3}
00:17:36.832 [atomix-system-2] TRACE i.a.p.b.s.PrimaryBackupSessionClient - SessionClient{system-partition-1}{type=PRIMARY_ELECTOR, name=atomix-primary-elector} - Sending ExecuteRequest{session=6088161488933870871, node=2, primitive=PrimitiveDescriptor{name=atomix-primary-elector, type=PRIMARY_ELECTOR, backups=1, replication=ASYNCHRONOUS}, operation=PrimitiveOperation{id=DefaultOperationId{id=ENTER, type=COMMAND}, value=byte[]{length=29, hash=-970818319}}} to GroupMember{memberId=3, groupId=3}
00:17:36.832 [atomix-system-2] TRACE i.a.p.b.s.PrimaryBackupSessionClient - SessionClient{system-partition-1}{type=PRIMARY_ELECTOR, name=atomix-primary-elector} - Sending ExecuteRequest{session=6088161488933870871, node=2, primitive=PrimitiveDescriptor{name=atomix-primary-elector, type=PRIMARY_ELECTOR, backups=1, replication=ASYNCHRONOUS}, operation=PrimitiveOperation{id=DefaultOperationId{id=ENTER, type=COMMAND}, value=byte[]{length=28, hash=-31316530}}} to GroupMember{memberId=3, groupId=3}
00:17:36.832 [atomix-system-2] TRACE i.a.p.b.s.PrimaryBackupSessionClient - SessionClient{system-partition-1}{type=PRIMARY_ELECTOR, name=atomix-primary-elector} - Sending ExecuteRequest{session=6088161488933870871, node=2, primitive=PrimitiveDescriptor{name=atomix-primary-elector, type=PRIMARY_ELECTOR, backups=1, replication=ASYNCHRONOUS}, operation=PrimitiveOperation{id=DefaultOperationId{id=ENTER, type=COMMAND}, value=byte[]{length=28, hash=-31316588}}} to GroupMember{memberId=3, groupId=3}
00:17:36.832 [atomix-system-2] TRACE i.a.p.b.s.PrimaryBackupSessionClient - SessionClient{system-partition-1}{type=PRIMARY_ELECTOR, name=atomix-primary-elector} - Sending ExecuteRequest{session=6088161488933870871, node=2, primitive=PrimitiveDescriptor{name=atomix-primary-elector, type=PRIMARY_ELECTOR, backups=1, replication=ASYNCHRONOUS}, operation=PrimitiveOperation{id=DefaultOperationId{id=ENTER, type=COMMAND}, value=byte[]{length=29, hash=-970818071}}} to GroupMember{memberId=3, groupId=3}
00:17:36.832 [atomix-system-2] TRACE i.a.p.b.s.PrimaryBackupSessionClient - SessionClient{system-partition-1}{type=PRIMARY_ELECTOR, name=atomix-primary-elector} - Sending ExecuteRequest{session=6088161488933870871, node=2, primitive=PrimitiveDescriptor{name=atomix-primary-elector, type=PRIMARY_ELECTOR, backups=1, replication=ASYNCHRONOUS}, operation=PrimitiveOperation{id=DefaultOperationId{id=ENTER, type=COMMAND}, value=byte[]{length=28, hash=-31316522}}} to GroupMember{memberId=3, groupId=3}
00:17:36.832 [atomix-system-2] TRACE i.a.p.b.s.PrimaryBackupSessionClient - SessionClient{system-partition-1}{type=PRIMARY_ELECTOR, name=atomix-primary-elector} - Sending ExecuteRequest{session=6088161488933870871, node=2, primitive=PrimitiveDescriptor{name=atomix-primary-elector, type=PRIMARY_ELECTOR, backups=1, replication=ASYNCHRONOUS}, operation=PrimitiveOperation{id=DefaultOperationId{id=ENTER, type=COMMAND}, value=byte[]{length=28, hash=-31316580}}} to GroupMember{memberId=3, groupId=3}
00:17:36.832 [atomix-system-2] TRACE i.a.p.b.s.PrimaryBackupSessionClient - SessionClient{system-partition-1}{type=PRIMARY_ELECTOR, name=atomix-primary-elector} - Sending ExecuteRequest{session=6088161488933870871, node=2, primitive=PrimitiveDescriptor{name=atomix-primary-elector, type=PRIMARY_ELECTOR, backups=1, replication=ASYNCHRONOUS}, operation=PrimitiveOperation{id=DefaultOperationId{id=ENTER, type=COMMAND}, value=byte[]{length=28, hash=-31316514}}} to GroupMember{memberId=3, groupId=3}
00:17:36.832 [atomix-system-2] TRACE i.a.p.b.s.PrimaryBackupSessionClient - SessionClient{system-partition-1}{type=PRIMARY_ELECTOR, name=atomix-primary-elector} - Sending ExecuteRequest{session=6088161488933870871, node=2, primitive=PrimitiveDescriptor{name=atomix-primary-elector, type=PRIMARY_ELECTOR, backups=1, replication=ASYNCHRONOUS}, operation=PrimitiveOperation{id=DefaultOperationId{id=ENTER, type=COMMAND}, value=byte[]{length=28, hash=-31316572}}} to GroupMember{memberId=3, groupId=3}
00:17:36.832 [atomix-system-2] TRACE i.a.p.b.s.PrimaryBackupSessionClient - SessionClient{system-partition-1}{type=PRIMARY_ELECTOR, name=atomix-primary-elector} - Sending ExecuteRequest{session=6088161488933870871, node=2, primitive=PrimitiveDescriptor{name=atomix-primary-elector, type=PRIMARY_ELECTOR, backups=1, replication=ASYNCHRONOUS}, operation=PrimitiveOperation{id=DefaultOperationId{id=ENTER, type=COMMAND}, value=byte[]{length=28, hash=-31316504}}} to GroupMember{memberId=3, groupId=3}
00:17:36.832 [atomix-system-2] TRACE i.a.p.b.s.PrimaryBackupSessionClient - SessionClient{system-partition-1}{type=PRIMARY_ELECTOR, name=atomix-primary-elector} - Sending ExecuteRequest{session=6088161488933870871, node=2, primitive=PrimitiveDescriptor{name=atomix-primary-elector, type=PRIMARY_ELECTOR, backups=1, replication=ASYNCHRONOUS}, operation=PrimitiveOperation{id=DefaultOperationId{id=ENTER, type=COMMAND}, value=byte[]{length=28, hash=-31316570}}} to GroupMember{memberId=3, groupId=3}
00:17:36.832 [atomix-system-2] TRACE i.a.p.b.s.PrimaryBackupSessionClient - SessionClient{system-partition-1}{type=PRIMARY_ELECTOR, name=atomix-primary-elector} - Sending ExecuteRequest{session=6088161488933870871, node=2, primitive=PrimitiveDescriptor{name=atomix-primary-elector, type=PRIMARY_ELECTOR, backups=1, replication=ASYNCHRONOUS}, operation=PrimitiveOperation{id=DefaultOperationId{id=ENTER, type=COMMAND}, value=byte[]{length=28, hash=-31316496}}} to GroupMember{memberId=3, groupId=3}
00:17:36.833 [atomix-system-2] TRACE i.a.p.b.s.PrimaryBackupSessionClient - SessionClient{system-partition-1}{type=PRIMARY_ELECTOR, name=atomix-primary-elector} - Sending ExecuteRequest{session=6088161488933870871, node=2, primitive=PrimitiveDescriptor{name=atomix-primary-elector, type=PRIMARY_ELECTOR, backups=1, replication=ASYNCHRONOUS}, operation=PrimitiveOperation{id=DefaultOperationId{id=ENTER, type=COMMAND}, value=byte[]{length=28, hash=-31316562}}} to GroupMember{memberId=3, groupId=3}
00:17:36.833 [atomix-system-2] TRACE i.a.p.b.s.PrimaryBackupSessionClient - SessionClient{system-partition-1}{type=PRIMARY_ELECTOR, name=atomix-primary-elector} - Sending ExecuteRequest{session=6088161488933870871, node=2, primitive=PrimitiveDescriptor{name=atomix-primary-elector, type=PRIMARY_ELECTOR, backups=1, replication=ASYNCHRONOUS}, operation=PrimitiveOperation{id=DefaultOperationId{id=ENTER, type=COMMAND}, value=byte[]{length=28, hash=-31316488}}} to GroupMember{memberId=3, groupId=3}
00:17:36.833 [atomix-system-2] TRACE i.a.p.b.s.PrimaryBackupSessionClient - SessionClient{system-partition-1}{type=PRIMARY_ELECTOR, name=atomix-primary-elector} - Sending ExecuteRequest{session=6088161488933870871, node=2, primitive=PrimitiveDescriptor{name=atomix-primary-elector, type=PRIMARY_ELECTOR, backups=1, replication=ASYNCHRONOUS}, operation=PrimitiveOperation{id=DefaultOperationId{id=ENTER, type=COMMAND}, value=byte[]{length=28, hash=-31316554}}} to GroupMember{memberId=3, groupId=3}
00:17:36.833 [atomix-system-2] TRACE i.a.p.b.s.PrimaryBackupSessionClient - SessionClient{system-partition-1}{type=PRIMARY_ELECTOR, name=atomix-primary-elector} - Sending ExecuteRequest{session=6088161488933870871, node=2, primitive=PrimitiveDescriptor{name=atomix-primary-elector, type=PRIMARY_ELECTOR, backups=1, replication=ASYNCHRONOUS}, operation=PrimitiveOperation{id=DefaultOperationId{id=ENTER, type=COMMAND}, value=byte[]{length=28, hash=-31316480}}} to GroupMember{memberId=3, groupId=3}
00:17:36.833 [atomix-system-2] TRACE i.a.p.b.s.PrimaryBackupSessionClient - SessionClient{system-partition-1}{type=PRIMARY_ELECTOR, name=atomix-primary-elector} - Sending ExecuteRequest{session=6088161488933870871, node=2, primitive=PrimitiveDescriptor{name=atomix-primary-elector, type=PRIMARY_ELECTOR, backups=1, replication=ASYNCHRONOUS}, operation=PrimitiveOperation{id=DefaultOperationId{id=ENTER, type=COMMAND}, value=byte[]{length=28, hash=-31316546}}} to GroupMember{memberId=3, groupId=3}
00:17:36.833 [main] INFO  i.a.core.impl.CorePrimitivesService - Stopped
00:17:36.834 [atomix-0] INFO  i.a.p.b.p.PrimaryBackupPartitionGroup - Stopped
00:17:36.834 [atomix-system-9] WARN  i.a.utils.event.ListenerRegistry - Listener io.atomix.protocols.backup.session.PrimaryBackupSessionClient$$Lambda$632/551016187@4695ed3f not registered
00:17:36.834 [atomix-system-9] INFO  i.a.core.impl.CorePrimitivesService - Stopped
00:17:36.834 [atomix-0] INFO  i.a.p.b.p.PrimaryBackupPartitionGroup - Stopped
00:17:36.834 [atomix-system-1] INFO  i.a.p.b.p.PrimaryBackupPartitionGroup - Stopped
00:17:36.835 [atomix-0] INFO  i.a.p.p.i.DefaultPartitionGroupMembershipService - Stopped
00:17:36.835 [atomix-0] INFO  i.a.p.p.impl.DefaultPartitionService - Stopped
00:17:36.835 [atomix-0] INFO  i.a.c.m.i.DefaultClusterCommunicationService - Stopped
00:17:36.835 [atomix-0] INFO  i.a.p.b.p.PrimaryBackupPartitionGroup - Stopped
00:17:36.835 [atomix-0] INFO  i.a.p.p.i.DefaultPartitionGroupMembershipService - Stopped
00:17:36.835 [atomix-0] INFO  i.a.p.p.impl.DefaultPartitionService - Stopped
00:17:36.835 [atomix-0] INFO  i.a.c.m.i.DefaultClusterCommunicationService - Stopped
00:17:36.835 [atomix-cluster-0] INFO  i.a.c.m.i.DefaultClusterEventService - Stopped
00:17:36.835 [atomix-cluster-0] INFO  i.a.c.m.i.DefaultClusterEventService - Stopped
00:17:36.835 [atomix-cluster-0] INFO  i.a.c.i.DefaultClusterMembershipService - 1 - Member deactivated: StatefulMember{id=1, address=localhost:5001, metadata={}}
00:17:36.835 [atomix-cluster-0] INFO  i.a.c.i.DefaultClusterMembershipService - Stopped
00:17:36.835 [atomix-cluster-0] INFO  i.a.c.i.DefaultClusterMembershipService - 2 - Member deactivated: StatefulMember{id=2, address=localhost:5002, metadata={}}
00:17:36.835 [atomix-cluster-0] INFO  i.a.c.i.DefaultClusterMembershipService - Stopped
00:17:36.838 [netty-messaging-event-epoll-server-0] INFO  i.a.c.m.impl.NettyMessagingService - Stopped
00:17:36.838 [atomix-cluster-0] INFO  io.atomix.cluster.AtomixCluster - Stopped
00:17:36.838 [netty-messaging-event-epoll-server-0] INFO  i.a.c.m.impl.NettyMessagingService - Stopped
00:17:36.838 [atomix-cluster-0] INFO  io.atomix.cluster.AtomixCluster - Stopped
</system-out>
  </testcase>
  <testcase name="testStopStartConsensus" classname="io.atomix.core.AtomixTest" time="12.202"/>
  <testcase name="testClientJoinLeaveDataGrid" classname="io.atomix.core.AtomixTest" time="12.318"/>
  <testcase name="testBootstrapDataGrid" classname="io.atomix.core.AtomixTest" time="0.607"/>
</testsuite>