<?xml version="1.0" encoding="UTF-8"?>
<testsuite name="io.atomix.core.queue.impl.DefaultWorkQueueServiceTest" time="0.168" tests="1" errors="1" skipped="0" failures="0">
  <properties>
    <property name="java.runtime.name" value="OpenJDK Runtime Environment"/>
    <property name="sun.boot.library.path" value="/usr/lib/jvm/java-8-openjdk-amd64/jre/lib/amd64"/>
    <property name="java.vm.version" value="25.121-b13"/>
    <property name="java.vm.vendor" value="Oracle Corporation"/>
    <property name="maven.multiModuleProjectDirectory" value="/root/workspace/atomix/atomix/389998614"/>
    <property name="java.vendor.url" value="http://java.oracle.com/"/>
    <property name="path.separator" value=":"/>
    <property name="guice.disable.misplaced.annotation.check" value="true"/>
    <property name="skip.gulp" value="true"/>
    <property name="java.vm.name" value="OpenJDK 64-Bit Server VM"/>
    <property name="file.encoding.pkg" value="sun.io"/>
    <property name="sun.java.launcher" value="SUN_STANDARD"/>
    <property name="sun.os.patch.level" value="unknown"/>
    <property name="findbugs.skip" value="true"/>
    <property name="java.vm.specification.name" value="Java Virtual Machine Specification"/>
    <property name="user.dir" value="/root/workspace/atomix/atomix/389998614"/>
    <property name="checkstyle.skip" value="true"/>
    <property name="java.runtime.version" value="1.8.0_121-8u121-b13-1~bpo8+1-b13"/>
    <property name="java.awt.graphicsenv" value="sun.awt.X11GraphicsEnvironment"/>
    <property name="skip.npm" value="true"/>
    <property name="java.endorsed.dirs" value="/usr/lib/jvm/java-8-openjdk-amd64/jre/lib/endorsed"/>
    <property name="os.arch" value="amd64"/>
    <property name="java.io.tmpdir" value="/tmp"/>
    <property name="gpg.skip" value="true"/>
    <property name="line.separator" value="&#10;"/>
    <property name="java.vm.specification.vendor" value="Oracle Corporation"/>
    <property name="cobertura.skip" value="true"/>
    <property name="os.name" value="Linux"/>
    <property name="classworlds.conf" value="/usr/share/maven/bin/m2.conf"/>
    <property name="sun.jnu.encoding" value="UTF-8"/>
    <property name="java.library.path" value="/usr/java/packages/lib/amd64:/usr/lib/x86_64-linux-gnu/jni:/lib/x86_64-linux-gnu:/usr/lib/x86_64-linux-gnu:/usr/lib/jni:/lib:/usr/lib"/>
    <property name="license.skip" value="true"/>
    <property name="java.specification.name" value="Java Platform API Specification"/>
    <property name="java.class.version" value="52.0"/>
    <property name="sun.management.compiler" value="HotSpot 64-Bit Tiered Compilers"/>
    <property name="skip.bower" value="true"/>
    <property name="maven.repo.local" value="/root/./workspace/atomix/atomix/389998614/.m2"/>
    <property name="os.version" value="3.10.0-862.3.2.el7.x86_64"/>
    <property name="user.home" value="/root"/>
    <property name="user.timezone" value="Europe/Paris"/>
    <property name="java.awt.printerjob" value="sun.print.PSPrinterJob"/>
    <property name="java.specification.version" value="1.8"/>
    <property name="file.encoding" value="UTF-8"/>
    <property name="user.name" value="root"/>
    <property name="java.class.path" value="/usr/share/maven/boot/plexus-classworlds-2.5.2.jar"/>
    <property name="skipITs" value="true"/>
    <property name="java.vm.specification.version" value="1.8"/>
    <property name="sun.arch.data.model" value="64"/>
    <property name="java.home" value="/usr/lib/jvm/java-8-openjdk-amd64/jre"/>
    <property name="sun.java.command" value="org.codehaus.plexus.classworlds.launcher.Launcher -B -D enforcer.skip=true -D dependency-check.skip=true -D skipITs=true -D cobertura.skip=true -D maven.repo.local=/root/./workspace/atomix/atomix/389998614/.m2 -D rat.skip=true -D findbugs.skip=true -D skip.bower=true -D gpg.skip=true -D checkstyle.skip=true -D skip.gulp=true -D license.skip=true -D skip.npm=true test"/>
    <property name="java.specification.vendor" value="Oracle Corporation"/>
    <property name="user.language" value="en"/>
    <property name="awt.toolkit" value="sun.awt.X11.XToolkit"/>
    <property name="dependency-check.skip" value="true"/>
    <property name="java.vm.info" value="mixed mode"/>
    <property name="java.version" value="1.8.0_121"/>
    <property name="java.ext.dirs" value="/usr/lib/jvm/java-8-openjdk-amd64/jre/lib/ext:/usr/java/packages/lib/ext"/>
    <property name="securerandom.source" value="file:/dev/./urandom"/>
    <property name="sun.boot.class.path" value="/usr/lib/jvm/java-8-openjdk-amd64/jre/lib/resources.jar:/usr/lib/jvm/java-8-openjdk-amd64/jre/lib/rt.jar:/usr/lib/jvm/java-8-openjdk-amd64/jre/lib/sunrsasign.jar:/usr/lib/jvm/java-8-openjdk-amd64/jre/lib/jsse.jar:/usr/lib/jvm/java-8-openjdk-amd64/jre/lib/jce.jar:/usr/lib/jvm/java-8-openjdk-amd64/jre/lib/charsets.jar:/usr/lib/jvm/java-8-openjdk-amd64/jre/lib/jfr.jar:/usr/lib/jvm/java-8-openjdk-amd64/jre/classes"/>
    <property name="java.vendor" value="Oracle Corporation"/>
    <property name="enforcer.skip" value="true"/>
    <property name="rat.skip" value="true"/>
    <property name="maven.home" value="/usr/share/maven"/>
    <property name="file.separator" value="/"/>
    <property name="java.vendor.url.bug" value="http://bugreport.sun.com/bugreport/"/>
    <property name="sun.cpu.endian" value="little"/>
    <property name="sun.io.unicode.encoding" value="UnicodeLittle"/>
    <property name="sun.cpu.isalist" value=""/>
  </properties>
  <testcase name="testSnapshot" classname="io.atomix.core.queue.impl.DefaultWorkQueueServiceTest" time="0.168">
    <error type="java.lang.NullPointerException:">java.lang.NullPointerException: null
	at io.atomix.core.queue.impl.DefaultWorkQueueService.lambda$add$0(DefaultWorkQueueService.java:124)
	at java.util.Arrays$ArrayList.forEach(Arrays.java:3880)
	at io.atomix.core.queue.impl.DefaultWorkQueueService.add(DefaultWorkQueueService.java:122)
	at io.atomix.core.queue.impl.DefaultWorkQueueServiceTest.testSnapshot(DefaultWorkQueueServiceTest.java:57)
</error>
    <system-out>04:48:01.525 [main] INFO  i.a.p.r.proxy.impl.RaftProxyManager - RaftClient{system-partition-1} - Closing session 38
04:48:01.525 [main] INFO  i.a.core.impl.CorePrimitivesService - Stopped
04:48:01.525 [main] INFO  i.a.p.r.proxy.impl.RaftProxyManager - RaftClient{system-partition-1} - Closing session 41
04:48:01.525 [raft-client-system-partition-1-1] TRACE i.a.p.r.p.impl.RaftProxyConnection - RaftClient{system-partition-1} - Sending CloseSessionRequest{session=38} to 3
04:48:01.525 [main] INFO  i.a.core.impl.CorePrimitivesService - Stopped
04:48:01.525 [raft-client-system-partition-1-7] TRACE i.a.p.r.p.impl.RaftProxyConnection - RaftClient{system-partition-1} - Sending CloseSessionRequest{session=41} to 2
04:48:01.526 [main] INFO  i.a.p.r.proxy.impl.RaftProxyManager - RaftClient{system-partition-1} - Closing session 35
04:48:01.526 [main] INFO  i.a.core.impl.CorePrimitivesService - Stopped
04:48:01.526 [raft-server-system-partition-1] TRACE i.a.p.raft.roles.FollowerRole - RaftServer{system-partition-1}{role=FOLLOWER} - Received CloseSessionRequest{session=41}
04:48:01.526 [raft-client-system-partition-1-0] TRACE i.a.p.r.p.impl.RaftProxyConnection - RaftClient{system-partition-1} - Sending CloseSessionRequest{session=35} to 1
04:48:01.526 [atomix-0] INFO  i.a.p.b.p.PrimaryBackupPartitionGroup - Stopped
04:48:01.526 [atomix-0] INFO  i.a.p.b.p.PrimaryBackupPartitionGroup - Stopped
04:48:01.526 [raft-server-system-partition-1] INFO  i.a.protocols.raft.impl.RaftContext - RaftServer{system-partition-1} - Transitioning to INACTIVE
04:48:01.526 [raft-server-system-partition-1] TRACE i.a.p.raft.roles.FollowerRole - RaftServer{system-partition-1}{role=FOLLOWER} - Cancelling heartbeat timer
04:48:01.526 [raft-server-system-partition-1] INFO  i.a.protocols.raft.impl.RaftContext - RaftServer{system-partition-1} - Transitioning to INACTIVE
04:48:01.526 [atomix-0] INFO  i.a.p.b.p.PrimaryBackupPartitionGroup - Stopped
04:48:01.526 [raft-server-system-partition-1] TRACE i.a.p.raft.roles.FollowerRole - RaftServer{system-partition-1}{role=FOLLOWER} - Cancelling heartbeat timer
04:48:01.528 [raft-server-raft-partition-1] INFO  i.a.protocols.raft.impl.RaftContext - RaftServer{raft-partition-1} - Transitioning to INACTIVE
04:48:01.528 [raft-server-raft-partition-1] TRACE i.a.p.raft.roles.FollowerRole - RaftServer{raft-partition-1}{role=FOLLOWER} - Cancelling heartbeat timer
04:48:01.528 [raft-server-raft-partition-1] INFO  i.a.protocols.raft.impl.RaftContext - RaftServer{raft-partition-1} - Transitioning to INACTIVE
04:48:01.528 [raft-server-raft-partition-1] TRACE i.a.p.raft.roles.FollowerRole - RaftServer{raft-partition-1}{role=FOLLOWER} - Cancelling heartbeat timer
04:48:01.529 [raft-server-system-partition-1] TRACE i.a.p.raft.roles.InactiveRole - RaftServer{system-partition-1}{role=INACTIVE} - Received CloseSessionRequest{session=35}
04:48:01.529 [raft-server-system-partition-1] TRACE i.a.p.raft.roles.InactiveRole - RaftServer{system-partition-1}{role=INACTIVE} - Sending CloseSessionResponse{status=ERROR, error=RaftError{type=UNAVAILABLE, message=null}}
04:48:01.529 [raft-server-raft-partition-2] INFO  i.a.protocols.raft.impl.RaftContext - RaftServer{raft-partition-2} - Transitioning to INACTIVE
04:48:01.531 [raft-server-raft-partition-2] TRACE i.a.protocols.raft.roles.LeaderRole - RaftServer{raft-partition-2}{role=LEADER} - Cancelling append timer
04:48:01.531 [raft-server-raft-partition-2] TRACE i.a.p.raft.storage.system.MetaStore - Store vote null
04:48:01.532 [raft-server-raft-partition-3] INFO  i.a.protocols.raft.impl.RaftContext - RaftServer{raft-partition-3} - Transitioning to INACTIVE
04:48:01.532 [raft-server-raft-partition-2] INFO  i.a.protocols.raft.impl.RaftContext - RaftServer{raft-partition-2} - Transitioning to INACTIVE
04:48:01.532 [raft-server-raft-partition-3] TRACE i.a.p.raft.roles.FollowerRole - RaftServer{raft-partition-3}{role=FOLLOWER} - Cancelling heartbeat timer
04:48:01.532 [raft-server-raft-partition-2] TRACE i.a.p.raft.roles.FollowerRole - RaftServer{raft-partition-2}{role=FOLLOWER} - Cancelling heartbeat timer
04:48:01.533 [raft-server-raft-partition-2] INFO  i.a.protocols.raft.impl.RaftContext - RaftServer{raft-partition-2} - Transitioning to INACTIVE
04:48:01.533 [raft-server-raft-partition-2] TRACE i.a.p.raft.roles.FollowerRole - RaftServer{raft-partition-2}{role=FOLLOWER} - Cancelling heartbeat timer
04:48:01.533 [raft-server-raft-partition-3] INFO  i.a.protocols.raft.impl.RaftContext - RaftServer{raft-partition-3} - Transitioning to INACTIVE
04:48:01.533 [raft-server-raft-partition-3] TRACE i.a.protocols.raft.roles.LeaderRole - RaftServer{raft-partition-3}{role=LEADER} - Cancelling append timer
04:48:01.533 [raft-server-raft-partition-3] TRACE i.a.p.raft.storage.system.MetaStore - Store vote null
04:48:01.534 [raft-server-raft-partition-1] INFO  i.a.protocols.raft.impl.RaftContext - RaftServer{raft-partition-1} - Transitioning to INACTIVE
04:48:01.534 [raft-server-raft-partition-1] TRACE i.a.protocols.raft.roles.LeaderRole - RaftServer{raft-partition-1}{role=LEADER} - Cancelling append timer
04:48:01.534 [raft-server-raft-partition-1] TRACE i.a.p.raft.storage.system.MetaStore - Store vote null
04:48:01.534 [raft-server-raft-partition-3] INFO  i.a.protocols.raft.impl.RaftContext - RaftServer{raft-partition-3} - Transitioning to INACTIVE
04:48:01.534 [raft-server-raft-partition-3] TRACE i.a.p.raft.roles.FollowerRole - RaftServer{raft-partition-3}{role=FOLLOWER} - Cancelling heartbeat timer
04:48:01.534 [ForkJoinPool.commonPool-worker-0] INFO  i.a.p.r.partition.RaftPartitionGroup - Stopped
04:48:01.535 [ForkJoinPool.commonPool-worker-4] INFO  i.a.p.r.partition.RaftPartitionGroup - Stopped
04:48:01.536 [ForkJoinPool.commonPool-worker-0] INFO  i.a.p.r.partition.RaftPartitionGroup - Stopped
04:48:01.536 [ForkJoinPool.commonPool-worker-0] INFO  i.a.p.p.i.DefaultPartitionGroupMembershipService - Stopped
04:48:01.536 [ForkJoinPool.commonPool-worker-0] INFO  i.a.p.p.impl.DefaultPartitionService - Stopped
04:48:01.536 [atomix-0] INFO  i.a.c.m.i.DefaultClusterCommunicationService - Stopped
04:48:01.536 [atomix-cluster-0] INFO  i.a.c.m.i.DefaultClusterEventService - Stopped
04:48:01.537 [ForkJoinPool.commonPool-worker-1] INFO  i.a.p.r.partition.RaftPartitionGroup - Stopped
04:48:01.537 [ForkJoinPool.commonPool-worker-1] INFO  i.a.p.p.i.DefaultPartitionGroupMembershipService - Stopped
04:48:01.537 [ForkJoinPool.commonPool-worker-1] INFO  i.a.p.p.impl.DefaultPartitionService - Stopped
04:48:01.537 [atomix-cluster-0] INFO  i.a.c.i.DefaultClusterMembershipService - 1 - Member deactivated: StatefulMember{id=1, address=localhost:5001, metadata={}}
04:48:01.537 [atomix-cluster-0] INFO  i.a.c.i.DefaultClusterMembershipService - Stopped
04:48:01.537 [atomix-0] INFO  i.a.c.m.i.DefaultClusterCommunicationService - Stopped
04:48:01.538 [atomix-cluster-0] INFO  i.a.c.m.i.DefaultClusterEventService - Stopped
04:48:01.539 [atomix-cluster-0] INFO  i.a.c.i.DefaultClusterMembershipService - 2 - Member deactivated: StatefulMember{id=2, address=localhost:5002, metadata={}}
04:48:01.539 [atomix-cluster-0] INFO  i.a.c.i.DefaultClusterMembershipService - Stopped
04:48:01.540 [netty-messaging-event-epoll-server-0] INFO  i.a.c.m.impl.NettyMessagingService - Stopped
04:48:01.541 [atomix-cluster-0] INFO  io.atomix.cluster.AtomixCluster - Stopped
04:48:01.542 [raft-server-system-partition-1] TRACE i.a.p.raft.roles.LeaderAppender - RaftServer{system-partition-1} - Received AppendResponse{status=OK, term=1, succeeded=true, lastLogIndex=160} from 2
04:48:01.542 [raft-server-system-partition-1] INFO  i.a.protocols.raft.impl.RaftContext - RaftServer{system-partition-1} - Transitioning to INACTIVE
04:48:01.542 [raft-server-system-partition-1] TRACE i.a.protocols.raft.roles.LeaderRole - RaftServer{system-partition-1}{role=LEADER} - Cancelling append timer
04:48:01.542 [raft-server-system-partition-1] TRACE i.a.p.raft.storage.system.MetaStore - Store vote null
04:48:01.544 [netty-messaging-event-epoll-server-0] INFO  i.a.c.m.impl.NettyMessagingService - Stopped
04:48:01.544 [atomix-cluster-0] INFO  io.atomix.cluster.AtomixCluster - Stopped
04:48:01.567 [raft-server-system-partition-1] TRACE i.a.p.raft.roles.InactiveRole - RaftServer{system-partition-1}{role=INACTIVE} - Received CloseSessionRequest{session=41}
04:48:01.567 [raft-server-system-partition-1] TRACE i.a.p.raft.roles.InactiveRole - RaftServer{system-partition-1}{role=INACTIVE} - Sending CloseSessionResponse{status=ERROR, error=RaftError{type=UNAVAILABLE, message=null}}
04:48:01.568 [raft-server-system-partition-1] TRACE i.a.p.raft.roles.InactiveRole - RaftServer{system-partition-1}{role=INACTIVE} - Received CloseSessionRequest{session=38}
04:48:01.568 [raft-server-system-partition-1] TRACE i.a.p.raft.roles.InactiveRole - RaftServer{system-partition-1}{role=INACTIVE} - Sending CloseSessionResponse{status=ERROR, error=RaftError{type=UNAVAILABLE, message=null}}
04:48:01.570 [ForkJoinPool.commonPool-worker-4] INFO  i.a.p.r.partition.RaftPartitionGroup - Stopped
04:48:01.570 [ForkJoinPool.commonPool-worker-5] INFO  i.a.p.r.partition.RaftPartitionGroup - Stopped
04:48:01.570 [ForkJoinPool.commonPool-worker-5] INFO  i.a.p.p.i.DefaultPartitionGroupMembershipService - Stopped
04:48:01.570 [ForkJoinPool.commonPool-worker-5] INFO  i.a.p.p.impl.DefaultPartitionService - Stopped
04:48:01.570 [atomix-0] INFO  i.a.c.m.i.DefaultClusterCommunicationService - Stopped
04:48:01.570 [atomix-cluster-0] INFO  i.a.c.m.i.DefaultClusterEventService - Stopped
04:48:01.570 [atomix-cluster-0] INFO  i.a.c.i.DefaultClusterMembershipService - 3 - Member deactivated: StatefulMember{id=3, address=localhost:5003, metadata={}}
04:48:01.570 [atomix-cluster-0] INFO  i.a.c.i.DefaultClusterMembershipService - Stopped
04:48:01.573 [netty-messaging-event-epoll-server-0] INFO  i.a.c.m.impl.NettyMessagingService - Stopped
04:48:01.573 [atomix-cluster-0] INFO  io.atomix.cluster.AtomixCluster - Stopped
</system-out>
  </testcase>
</testsuite>