<?xml version="1.0" encoding="UTF-8"?>
<testsuite name="io.atomix.core.map.impl.PrimaryBackupConsistentTreeMapTest" time="2.665" tests="3" errors="2" skipped="0" failures="0">
  <properties>
    <property name="java.runtime.name" value="OpenJDK Runtime Environment"/>
    <property name="sun.boot.library.path" value="/usr/lib/jvm/java-8-openjdk-amd64/jre/lib/amd64"/>
    <property name="java.vm.version" value="25.121-b13"/>
    <property name="java.vm.vendor" value="Oracle Corporation"/>
    <property name="maven.multiModuleProjectDirectory" value="/root/workspace/atomix/atomix/390531931"/>
    <property name="java.vendor.url" value="http://java.oracle.com/"/>
    <property name="path.separator" value=":"/>
    <property name="guice.disable.misplaced.annotation.check" value="true"/>
    <property name="skip.gulp" value="true"/>
    <property name="java.vm.name" value="OpenJDK 64-Bit Server VM"/>
    <property name="file.encoding.pkg" value="sun.io"/>
    <property name="sun.java.launcher" value="SUN_STANDARD"/>
    <property name="sun.os.patch.level" value="unknown"/>
    <property name="findbugs.skip" value="true"/>
    <property name="java.vm.specification.name" value="Java Virtual Machine Specification"/>
    <property name="user.dir" value="/root/workspace/atomix/atomix/390531931"/>
    <property name="checkstyle.skip" value="true"/>
    <property name="java.runtime.version" value="1.8.0_121-8u121-b13-1~bpo8+1-b13"/>
    <property name="java.awt.graphicsenv" value="sun.awt.X11GraphicsEnvironment"/>
    <property name="skip.npm" value="true"/>
    <property name="java.endorsed.dirs" value="/usr/lib/jvm/java-8-openjdk-amd64/jre/lib/endorsed"/>
    <property name="os.arch" value="amd64"/>
    <property name="java.io.tmpdir" value="/tmp"/>
    <property name="gpg.skip" value="true"/>
    <property name="line.separator" value="&#10;"/>
    <property name="java.vm.specification.vendor" value="Oracle Corporation"/>
    <property name="cobertura.skip" value="true"/>
    <property name="os.name" value="Linux"/>
    <property name="classworlds.conf" value="/usr/share/maven/bin/m2.conf"/>
    <property name="sun.jnu.encoding" value="UTF-8"/>
    <property name="java.library.path" value="/usr/java/packages/lib/amd64:/usr/lib/x86_64-linux-gnu/jni:/lib/x86_64-linux-gnu:/usr/lib/x86_64-linux-gnu:/usr/lib/jni:/lib:/usr/lib"/>
    <property name="license.skip" value="true"/>
    <property name="java.specification.name" value="Java Platform API Specification"/>
    <property name="java.class.version" value="52.0"/>
    <property name="sun.management.compiler" value="HotSpot 64-Bit Tiered Compilers"/>
    <property name="skip.bower" value="true"/>
    <property name="maven.repo.local" value="/root/./workspace/atomix/atomix/390531931/.m2"/>
    <property name="os.version" value="3.10.0-862.3.2.el7.x86_64"/>
    <property name="user.home" value="/root"/>
    <property name="user.timezone" value="Europe/Paris"/>
    <property name="java.awt.printerjob" value="sun.print.PSPrinterJob"/>
    <property name="java.specification.version" value="1.8"/>
    <property name="file.encoding" value="UTF-8"/>
    <property name="user.name" value="root"/>
    <property name="java.class.path" value="/usr/share/maven/boot/plexus-classworlds-2.5.2.jar"/>
    <property name="skipITs" value="true"/>
    <property name="java.vm.specification.version" value="1.8"/>
    <property name="sun.arch.data.model" value="64"/>
    <property name="java.home" value="/usr/lib/jvm/java-8-openjdk-amd64/jre"/>
    <property name="sun.java.command" value="org.codehaus.plexus.classworlds.launcher.Launcher -B -D enforcer.skip=true -D dependency-check.skip=true -D skipITs=true -D cobertura.skip=true -D maven.repo.local=/root/./workspace/atomix/atomix/390531931/.m2 -D rat.skip=true -D findbugs.skip=true -D skip.bower=true -D gpg.skip=true -D checkstyle.skip=true -D skip.gulp=true -D license.skip=true -D skip.npm=true test"/>
    <property name="java.specification.vendor" value="Oracle Corporation"/>
    <property name="user.language" value="en"/>
    <property name="awt.toolkit" value="sun.awt.X11.XToolkit"/>
    <property name="dependency-check.skip" value="true"/>
    <property name="java.vm.info" value="mixed mode"/>
    <property name="java.version" value="1.8.0_121"/>
    <property name="java.ext.dirs" value="/usr/lib/jvm/java-8-openjdk-amd64/jre/lib/ext:/usr/java/packages/lib/ext"/>
    <property name="securerandom.source" value="file:/dev/./urandom"/>
    <property name="sun.boot.class.path" value="/usr/lib/jvm/java-8-openjdk-amd64/jre/lib/resources.jar:/usr/lib/jvm/java-8-openjdk-amd64/jre/lib/rt.jar:/usr/lib/jvm/java-8-openjdk-amd64/jre/lib/sunrsasign.jar:/usr/lib/jvm/java-8-openjdk-amd64/jre/lib/jsse.jar:/usr/lib/jvm/java-8-openjdk-amd64/jre/lib/jce.jar:/usr/lib/jvm/java-8-openjdk-amd64/jre/lib/charsets.jar:/usr/lib/jvm/java-8-openjdk-amd64/jre/lib/jfr.jar:/usr/lib/jvm/java-8-openjdk-amd64/jre/classes"/>
    <property name="java.vendor" value="Oracle Corporation"/>
    <property name="enforcer.skip" value="true"/>
    <property name="rat.skip" value="true"/>
    <property name="maven.home" value="/usr/share/maven"/>
    <property name="file.separator" value="/"/>
    <property name="java.vendor.url.bug" value="http://bugreport.sun.com/bugreport/"/>
    <property name="sun.cpu.endian" value="little"/>
    <property name="sun.io.unicode.encoding" value="UnicodeLittle"/>
    <property name="sun.cpu.isalist" value=""/>
  </properties>
  <testcase name="testBasicMapOperations" classname="io.atomix.core.map.impl.PrimaryBackupConsistentTreeMapTest" time="2.148"/>
  <testcase name="mapListenerTests" classname="io.atomix.core.map.impl.PrimaryBackupConsistentTreeMapTest" time="0.275">
    <error message="java.util.concurrent.ExecutionException: io.netty.channel.unix.Errors$NativeIoException: bind(..) failed: Address already in use" type="java.lang.RuntimeException">java.lang.RuntimeException: java.util.concurrent.ExecutionException: io.netty.channel.unix.Errors$NativeIoException: bind(..) failed: Address already in use
	at io.atomix.core.map.impl.ConsistentTreeMapTest.createResource(ConsistentTreeMapTest.java:414)
	at io.atomix.core.map.impl.ConsistentTreeMapTest.mapListenerTests(ConsistentTreeMapTest.java:245)
	at sun.reflect.NativeMethodAccessorImpl.invoke0(Native Method)
	at sun.reflect.NativeMethodAccessorImpl.invoke(NativeMethodAccessorImpl.java:62)
	at sun.reflect.DelegatingMethodAccessorImpl.invoke(DelegatingMethodAccessorImpl.java:43)
	at java.lang.reflect.Method.invoke(Method.java:498)
	at org.junit.runners.model.FrameworkMethod$1.runReflectiveCall(FrameworkMethod.java:50)
	at org.junit.internal.runners.model.ReflectiveCallable.run(ReflectiveCallable.java:12)
	at org.junit.runners.model.FrameworkMethod.invokeExplosively(FrameworkMethod.java:47)
	at org.junit.internal.runners.statements.InvokeMethod.evaluate(InvokeMethod.java:17)
	at org.junit.internal.runners.statements.RunBefores.evaluate(RunBefores.java:26)
	at org.junit.internal.runners.statements.RunAfters.evaluate(RunAfters.java:27)
	at org.junit.runners.ParentRunner.runLeaf(ParentRunner.java:325)
	at org.junit.runners.BlockJUnit4ClassRunner.runChild(BlockJUnit4ClassRunner.java:78)
	at org.junit.runners.BlockJUnit4ClassRunner.runChild(BlockJUnit4ClassRunner.java:57)
	at org.junit.runners.ParentRunner$3.run(ParentRunner.java:290)
	at org.junit.runners.ParentRunner$1.schedule(ParentRunner.java:71)
	at org.junit.runners.ParentRunner.runChildren(ParentRunner.java:288)
	at org.junit.runners.ParentRunner.access$000(ParentRunner.java:58)
	at org.junit.runners.ParentRunner$2.evaluate(ParentRunner.java:268)
	at org.junit.internal.runners.statements.RunBefores.evaluate(RunBefores.java:26)
	at org.junit.internal.runners.statements.RunAfters.evaluate(RunAfters.java:27)
	at org.junit.runners.ParentRunner.run(ParentRunner.java:363)
	at org.apache.maven.surefire.junit4.JUnit4Provider.execute(JUnit4Provider.java:264)
	at org.apache.maven.surefire.junit4.JUnit4Provider.executeTestSet(JUnit4Provider.java:153)
	at org.apache.maven.surefire.junit4.JUnit4Provider.invoke(JUnit4Provider.java:124)
	at sun.reflect.NativeMethodAccessorImpl.invoke0(Native Method)
	at sun.reflect.NativeMethodAccessorImpl.invoke(NativeMethodAccessorImpl.java:62)
	at sun.reflect.DelegatingMethodAccessorImpl.invoke(DelegatingMethodAccessorImpl.java:43)
	at java.lang.reflect.Method.invoke(Method.java:498)
	at org.apache.maven.surefire.util.ReflectionUtils.invokeMethodWithArray2(ReflectionUtils.java:208)
	at org.apache.maven.surefire.booter.ProviderFactory$ProviderProxy.invoke(ProviderFactory.java:158)
	at org.apache.maven.surefire.booter.ProviderFactory.invokeProvider(ProviderFactory.java:86)
	at org.apache.maven.surefire.booter.ForkedBooter.runSuitesInProcess(ForkedBooter.java:153)
	at org.apache.maven.surefire.booter.ForkedBooter.main(ForkedBooter.java:95)
</error>
    <system-out>01:10:46.893 [atomix-data-6] TRACE i.a.p.backup.roles.BackupRole - BackupRole{data-partition-2}{role=BACKUP} - Received BackupRequest{primary=3, term=2, index=25, primitive=PrimitiveDescriptor{name=basicTestMap, type=consistent-tree-map, backups=2, replication=ASYNCHRONOUS}, operations=[ExecuteOperation{index=19, timestamp=1528672246748, session=3, node=10, operation=PrimitiveOperation{id=DefaultOperationId{id=replace, type=COMMAND}, value=byte[]{length=20, hash=-1322038390}}}, ExecuteOperation{index=20, timestamp=1528672246759, session=3, node=10, operation=PrimitiveOperation{id=DefaultOperationId{id=replaceValue, type=COMMAND}, value=byte[]{length=26, hash=-13254526}}}, ExecuteOperation{index=21, timestamp=1528672246770, session=3, node=10, operation=PrimitiveOperation{id=DefaultOperationId{id=replaceValue, type=COMMAND}, value=byte[]{length=28, hash=1452946042}}}, ExecuteOperation{index=22, timestamp=1528672246779, session=3, node=10, operation=PrimitiveOperation{id=DefaultOperationId{id=clear, type=COMMAND}, value=null}}, ExecuteOperation{index=23, timestamp=1528672246787, session=3, node=10, operation=PrimitiveOperation{id=DefaultOperationId{id=putAndGetWithTtl, type=COMMAND}, value=byte[]{length=22, hash=422602880}}}, ExecuteOperation{index=24, timestamp=1528672246795, session=3, node=10, operation=PrimitiveOperation{id=DefaultOperationId{id=replaceVersion, type=COMMAND}, value=byte[]{length=18, hash=-452676423}}}, ExecuteOperation{index=25, timestamp=1528672246801, session=3, node=10, operation=PrimitiveOperation{id=DefaultOperationId{id=replaceVersion, type=COMMAND}, value=byte[]{length=18, hash=-1991203097}}}]}
01:10:46.894 [atomix-data-6] TRACE i.a.p.backup.roles.BackupRole - BackupRole{data-partition-2}{role=BACKUP} - Sending BackupResponse{status=OK}
01:10:46.951 [atomix-data-0] TRACE i.a.p.backup.roles.PrimaryRole - PrimaryRole{data-partition-7}{role=PRIMARY} - Sending BackupRequest{primary=2, term=1, index=24, primitive=PrimitiveDescriptor{name=basicTestMap, type=consistent-tree-map, backups=2, replication=ASYNCHRONOUS}, operations=[ExecuteOperation{index=24, timestamp=1528672246807, session=6, node=10, operation=PrimitiveOperation{id=DefaultOperationId{id=replaceVersion, type=COMMAND}, value=byte[]{length=22, hash=-1629112773}}}]} to 3
01:10:46.952 [atomix-data-0] TRACE i.a.p.backup.roles.PrimaryRole - PrimaryRole{data-partition-7}{role=PRIMARY} - Sending BackupRequest{primary=2, term=1, index=24, primitive=PrimitiveDescriptor{name=basicTestMap, type=consistent-tree-map, backups=2, replication=ASYNCHRONOUS}, operations=[ExecuteOperation{index=24, timestamp=1528672246807, session=6, node=10, operation=PrimitiveOperation{id=DefaultOperationId{id=replaceVersion, type=COMMAND}, value=byte[]{length=22, hash=-1629112773}}}]} to 1
01:10:46.952 [atomix-data-5] TRACE i.a.p.backup.roles.BackupRole - BackupRole{data-partition-7}{role=BACKUP} - Received BackupRequest{primary=2, term=1, index=24, primitive=PrimitiveDescriptor{name=basicTestMap, type=consistent-tree-map, backups=2, replication=ASYNCHRONOUS}, operations=[ExecuteOperation{index=24, timestamp=1528672246807, session=6, node=10, operation=PrimitiveOperation{id=DefaultOperationId{id=replaceVersion, type=COMMAND}, value=byte[]{length=22, hash=-1629112773}}}]}
01:10:46.952 [atomix-data-15] TRACE i.a.p.backup.roles.BackupRole - BackupRole{data-partition-7}{role=BACKUP} - Received BackupRequest{primary=2, term=1, index=24, primitive=PrimitiveDescriptor{name=basicTestMap, type=consistent-tree-map, backups=2, replication=ASYNCHRONOUS}, operations=[ExecuteOperation{index=24, timestamp=1528672246807, session=6, node=10, operation=PrimitiveOperation{id=DefaultOperationId{id=replaceVersion, type=COMMAND}, value=byte[]{length=22, hash=-1629112773}}}]}
01:10:46.953 [atomix-data-5] TRACE i.a.p.backup.roles.BackupRole - BackupRole{data-partition-7}{role=BACKUP} - Sending BackupResponse{status=OK}
01:10:46.953 [atomix-data-15] TRACE i.a.p.backup.roles.BackupRole - BackupRole{data-partition-7}{role=BACKUP} - Sending BackupResponse{status=OK}
01:10:46.953 [raft-server-raft-partition-1] TRACE i.a.p.raft.roles.LeaderAppender - RaftServer{raft-partition-1} - Sending AppendRequest{term=1, leader=3, prevLogIndex=1, prevLogTerm=1, entries=0, commitIndex=1} to 2
01:10:46.954 [raft-server-raft-partition-1] TRACE i.a.p.raft.roles.LeaderAppender - RaftServer{raft-partition-1} - Sending AppendRequest{term=1, leader=3, prevLogIndex=1, prevLogTerm=1, entries=0, commitIndex=1} to 1
01:10:46.954 [raft-server-raft-partition-1] TRACE i.a.p.raft.roles.FollowerRole - RaftServer{raft-partition-1}{role=FOLLOWER} - Received AppendRequest{term=1, leader=3, prevLogIndex=1, prevLogTerm=1, entries=0, commitIndex=1}
01:10:46.954 [raft-server-raft-partition-1] TRACE i.a.p.raft.roles.FollowerRole - RaftServer{raft-partition-1}{role=FOLLOWER} - Received AppendRequest{term=1, leader=3, prevLogIndex=1, prevLogTerm=1, entries=0, commitIndex=1}
01:10:46.954 [raft-server-raft-partition-1] TRACE i.a.p.raft.roles.FollowerRole - RaftServer{raft-partition-1}{role=FOLLOWER} - Sending AppendResponse{status=OK, term=1, succeeded=true, lastLogIndex=1}
01:10:46.954 [raft-server-raft-partition-1] TRACE i.a.p.raft.roles.FollowerRole - RaftServer{raft-partition-1}{role=FOLLOWER} - Sending AppendResponse{status=OK, term=1, succeeded=true, lastLogIndex=1}
01:10:46.954 [raft-server-raft-partition-1] TRACE i.a.p.raft.roles.LeaderAppender - RaftServer{raft-partition-1} - Received AppendResponse{status=OK, term=1, succeeded=true, lastLogIndex=1} from 2
01:10:46.954 [raft-server-raft-partition-1] TRACE i.a.p.raft.roles.LeaderAppender - RaftServer{raft-partition-1} - Sending AppendRequest{term=1, leader=3, prevLogIndex=1, prevLogTerm=1, entries=0, commitIndex=1} to 2
01:10:46.955 [raft-server-raft-partition-1] TRACE i.a.p.raft.roles.FollowerRole - RaftServer{raft-partition-1}{role=FOLLOWER} - Received AppendRequest{term=1, leader=3, prevLogIndex=1, prevLogTerm=1, entries=0, commitIndex=1}
01:10:46.955 [raft-server-raft-partition-1] TRACE i.a.p.raft.roles.FollowerRole - RaftServer{raft-partition-1}{role=FOLLOWER} - Sending AppendResponse{status=OK, term=1, succeeded=true, lastLogIndex=1}
01:10:46.955 [raft-server-raft-partition-1] TRACE i.a.p.raft.roles.LeaderAppender - RaftServer{raft-partition-1} - Received AppendResponse{status=OK, term=1, succeeded=true, lastLogIndex=1} from 2
01:10:46.956 [raft-server-raft-partition-1] TRACE i.a.p.raft.roles.LeaderAppender - RaftServer{raft-partition-1} - Received AppendResponse{status=OK, term=1, succeeded=true, lastLogIndex=1} from 1
01:10:46.959 [atomix-data-12] TRACE i.a.p.backup.roles.PrimaryRole - PrimaryRole{data-partition-3}{role=PRIMARY} - Sending BackupRequest{primary=3, term=2, index=3, primitive=PrimitiveDescriptor{name=basicTestMap, type=consistent-tree-map, backups=2, replication=ASYNCHRONOUS}, operations=[HeartbeatOperation{index=4, timestamp=1528672246849}]} to 1
01:10:46.962 [atomix-data-0] TRACE i.a.p.backup.roles.BackupRole - BackupRole{data-partition-3}{role=BACKUP} - Received BackupRequest{primary=3, term=2, index=3, primitive=PrimitiveDescriptor{name=basicTestMap, type=consistent-tree-map, backups=2, replication=ASYNCHRONOUS}, operations=[HeartbeatOperation{index=4, timestamp=1528672246849}]}
01:10:46.962 [atomix-data-0] TRACE i.a.p.backup.roles.BackupRole - BackupRole{data-partition-3}{role=BACKUP} - Sending BackupResponse{status=OK}
01:10:46.978 [raft-server-system-partition-1] TRACE i.a.p.raft.roles.LeaderAppender - RaftServer{system-partition-1} - Sending AppendRequest{term=1, leader=1, prevLogIndex=59, prevLogTerm=1, entries=0, commitIndex=59} to 2
01:10:46.978 [raft-server-system-partition-1] TRACE i.a.p.raft.roles.LeaderAppender - RaftServer{system-partition-1} - Sending AppendRequest{term=1, leader=1, prevLogIndex=59, prevLogTerm=1, entries=0, commitIndex=59} to 3
01:10:46.978 [raft-server-system-partition-1] TRACE i.a.p.raft.roles.FollowerRole - RaftServer{system-partition-1}{role=FOLLOWER} - Received AppendRequest{term=1, leader=1, prevLogIndex=59, prevLogTerm=1, entries=0, commitIndex=59}
01:10:46.978 [raft-server-system-partition-1] TRACE i.a.p.raft.roles.FollowerRole - RaftServer{system-partition-1}{role=FOLLOWER} - Received AppendRequest{term=1, leader=1, prevLogIndex=59, prevLogTerm=1, entries=0, commitIndex=59}
01:10:46.979 [raft-server-system-partition-1] TRACE i.a.p.raft.roles.FollowerRole - RaftServer{system-partition-1}{role=FOLLOWER} - Committed entries up to index 59
01:10:46.979 [raft-server-system-partition-1] TRACE i.a.p.raft.roles.FollowerRole - RaftServer{system-partition-1}{role=FOLLOWER} - Sending AppendResponse{status=OK, term=1, succeeded=true, lastLogIndex=59}
01:10:46.979 [raft-server-system-partition-1-state] TRACE i.a.p.raft.impl.RaftServiceManager - RaftServer{system-partition-1} - Applying Indexed{index=59, entry=CloseSessionEntry{term=1, timestamp=2018-06-11 01:10:46,819, session=48, expired=false}}
01:10:46.980 [raft-server-system-partition-1-state] DEBUG i.a.p.r.service.RaftServiceContext - PrimitiveService{35}{type=ConsistentMapType{name=consistent-map}, name=primitives} - Closing session 48
01:10:46.980 [raft-server-system-partition-1] TRACE i.a.p.raft.roles.LeaderAppender - RaftServer{system-partition-1} - Received AppendResponse{status=OK, term=1, succeeded=true, lastLogIndex=59} from 2
01:10:46.980 [raft-server-system-partition-1-state] DEBUG i.a.p.raft.session.RaftSession - Session{48}{type=ConsistentMapType{name=consistent-map}, name=primitives} - State changed: CLOSED
01:10:46.980 [raft-server-system-partition-1] TRACE i.a.p.raft.roles.LeaderAppender - RaftServer{system-partition-1} - Sending AppendRequest{term=1, leader=1, prevLogIndex=59, prevLogTerm=1, entries=0, commitIndex=59} to 2
01:10:46.980 [raft-server-system-partition-1] TRACE i.a.p.raft.roles.FollowerRole - RaftServer{system-partition-1}{role=FOLLOWER} - Received AppendRequest{term=1, leader=1, prevLogIndex=59, prevLogTerm=1, entries=0, commitIndex=59}
01:10:46.980 [raft-server-system-partition-1] TRACE i.a.p.raft.roles.FollowerRole - RaftServer{system-partition-1}{role=FOLLOWER} - Sending AppendResponse{status=OK, term=1, succeeded=true, lastLogIndex=59}
01:10:46.981 [raft-server-system-partition-1] TRACE i.a.p.raft.roles.LeaderAppender - RaftServer{system-partition-1} - Received AppendResponse{status=OK, term=1, succeeded=true, lastLogIndex=59} from 2
01:10:46.995 [raft-server-raft-partition-3] TRACE i.a.p.raft.roles.LeaderAppender - RaftServer{raft-partition-3} - Sending AppendRequest{term=1, leader=1, prevLogIndex=1, prevLogTerm=1, entries=0, commitIndex=1} to 2
01:10:46.995 [raft-server-raft-partition-3] TRACE i.a.p.raft.roles.LeaderAppender - RaftServer{raft-partition-3} - Sending AppendRequest{term=1, leader=1, prevLogIndex=1, prevLogTerm=1, entries=0, commitIndex=1} to 3
01:10:46.995 [raft-server-raft-partition-3] TRACE i.a.p.raft.roles.FollowerRole - RaftServer{raft-partition-3}{role=FOLLOWER} - Received AppendRequest{term=1, leader=1, prevLogIndex=1, prevLogTerm=1, entries=0, commitIndex=1}
01:10:46.995 [raft-server-raft-partition-3] TRACE i.a.p.raft.roles.FollowerRole - RaftServer{raft-partition-3}{role=FOLLOWER} - Received AppendRequest{term=1, leader=1, prevLogIndex=1, prevLogTerm=1, entries=0, commitIndex=1}
01:10:46.995 [raft-server-raft-partition-3] TRACE i.a.p.raft.roles.FollowerRole - RaftServer{raft-partition-3}{role=FOLLOWER} - Sending AppendResponse{status=OK, term=1, succeeded=true, lastLogIndex=1}
01:10:46.995 [raft-server-raft-partition-3] TRACE i.a.p.raft.roles.FollowerRole - RaftServer{raft-partition-3}{role=FOLLOWER} - Sending AppendResponse{status=OK, term=1, succeeded=true, lastLogIndex=1}
01:10:46.996 [raft-server-raft-partition-3] TRACE i.a.p.raft.roles.LeaderAppender - RaftServer{raft-partition-3} - Received AppendResponse{status=OK, term=1, succeeded=true, lastLogIndex=1} from 3
01:10:46.996 [raft-server-raft-partition-3] TRACE i.a.p.raft.roles.LeaderAppender - RaftServer{raft-partition-3} - Sending AppendRequest{term=1, leader=1, prevLogIndex=1, prevLogTerm=1, entries=0, commitIndex=1} to 3
01:10:46.996 [raft-server-raft-partition-3] TRACE i.a.p.raft.roles.LeaderAppender - RaftServer{raft-partition-3} - Received AppendResponse{status=OK, term=1, succeeded=true, lastLogIndex=1} from 2
01:10:46.996 [raft-server-raft-partition-3] TRACE i.a.p.raft.roles.LeaderAppender - RaftServer{raft-partition-3} - Sending AppendRequest{term=1, leader=1, prevLogIndex=1, prevLogTerm=1, entries=0, commitIndex=1} to 2
01:10:46.996 [raft-server-raft-partition-3] TRACE i.a.p.raft.roles.FollowerRole - RaftServer{raft-partition-3}{role=FOLLOWER} - Received AppendRequest{term=1, leader=1, prevLogIndex=1, prevLogTerm=1, entries=0, commitIndex=1}
01:10:46.996 [raft-server-raft-partition-3] TRACE i.a.p.raft.roles.FollowerRole - RaftServer{raft-partition-3}{role=FOLLOWER} - Sending AppendResponse{status=OK, term=1, succeeded=true, lastLogIndex=1}
01:10:46.996 [raft-server-raft-partition-3] TRACE i.a.p.raft.roles.FollowerRole - RaftServer{raft-partition-3}{role=FOLLOWER} - Received AppendRequest{term=1, leader=1, prevLogIndex=1, prevLogTerm=1, entries=0, commitIndex=1}
01:10:46.996 [raft-server-raft-partition-3] TRACE i.a.p.raft.roles.FollowerRole - RaftServer{raft-partition-3}{role=FOLLOWER} - Sending AppendResponse{status=OK, term=1, succeeded=true, lastLogIndex=1}
01:10:46.997 [raft-server-raft-partition-3] TRACE i.a.p.raft.roles.LeaderAppender - RaftServer{raft-partition-3} - Received AppendResponse{status=OK, term=1, succeeded=true, lastLogIndex=1} from 2
01:10:46.997 [raft-server-raft-partition-3] TRACE i.a.p.raft.roles.LeaderAppender - RaftServer{raft-partition-3} - Received AppendResponse{status=OK, term=1, succeeded=true, lastLogIndex=1} from 3
01:10:47.014 [raft-server-system-partition-1] TRACE i.a.p.raft.roles.FollowerRole - RaftServer{system-partition-1}{role=FOLLOWER} - Committed entries up to index 59
01:10:47.014 [raft-server-system-partition-1] TRACE i.a.p.raft.roles.FollowerRole - RaftServer{system-partition-1}{role=FOLLOWER} - Sending AppendResponse{status=OK, term=1, succeeded=true, lastLogIndex=59}
01:10:47.015 [raft-server-system-partition-1-state] TRACE i.a.p.raft.impl.RaftServiceManager - RaftServer{system-partition-1} - Applying Indexed{index=59, entry=CloseSessionEntry{term=1, timestamp=2018-06-11 01:10:46,819, session=48, expired=false}}
01:10:47.015 [raft-server-system-partition-1-state] DEBUG i.a.p.r.service.RaftServiceContext - PrimitiveService{35}{type=ConsistentMapType{name=consistent-map}, name=primitives} - Closing session 48
01:10:47.015 [raft-server-system-partition-1] TRACE i.a.p.raft.roles.LeaderAppender - RaftServer{system-partition-1} - Received AppendResponse{status=OK, term=1, succeeded=true, lastLogIndex=59} from 3
01:10:47.015 [raft-server-system-partition-1-state] DEBUG i.a.p.raft.session.RaftSession - Session{48}{type=ConsistentMapType{name=consistent-map}, name=primitives} - State changed: CLOSED
01:10:47.042 [atomix-data-9] TRACE i.a.p.backup.roles.PrimaryRole - PrimaryRole{data-partition-2}{role=PRIMARY} - Sending BackupRequest{primary=3, term=2, index=25, primitive=PrimitiveDescriptor{name=basicTestMap, type=consistent-tree-map, backups=2, replication=ASYNCHRONOUS}, operations=[HeartbeatOperation{index=26, timestamp=1528672247040}]} to 1
01:10:47.043 [atomix-data-1] TRACE i.a.p.backup.roles.BackupRole - BackupRole{data-partition-2}{role=BACKUP} - Received BackupRequest{primary=3, term=2, index=25, primitive=PrimitiveDescriptor{name=basicTestMap, type=consistent-tree-map, backups=2, replication=ASYNCHRONOUS}, operations=[HeartbeatOperation{index=26, timestamp=1528672247040}]}
01:10:47.043 [atomix-data-1] TRACE i.a.p.backup.roles.BackupRole - BackupRole{data-partition-2}{role=BACKUP} - Sending BackupResponse{status=OK}
01:10:47.059 [raft-server-raft-partition-2] TRACE i.a.p.raft.roles.LeaderAppender - RaftServer{raft-partition-2} - Sending AppendRequest{term=1, leader=3, prevLogIndex=1, prevLogTerm=1, entries=0, commitIndex=1} to 2
01:10:47.059 [raft-server-raft-partition-2] TRACE i.a.p.raft.roles.LeaderAppender - RaftServer{raft-partition-2} - Sending AppendRequest{term=1, leader=3, prevLogIndex=1, prevLogTerm=1, entries=0, commitIndex=1} to 1
01:10:47.060 [raft-server-raft-partition-2] TRACE i.a.p.raft.roles.FollowerRole - RaftServer{raft-partition-2}{role=FOLLOWER} - Received AppendRequest{term=1, leader=3, prevLogIndex=1, prevLogTerm=1, entries=0, commitIndex=1}
01:10:47.060 [raft-server-raft-partition-2] TRACE i.a.p.raft.roles.FollowerRole - RaftServer{raft-partition-2}{role=FOLLOWER} - Sending AppendResponse{status=OK, term=1, succeeded=true, lastLogIndex=1}
01:10:47.060 [raft-server-raft-partition-2] TRACE i.a.p.raft.roles.LeaderAppender - RaftServer{raft-partition-2} - Received AppendResponse{status=OK, term=1, succeeded=true, lastLogIndex=1} from 1
01:10:47.060 [raft-server-raft-partition-2] TRACE i.a.p.raft.roles.LeaderAppender - RaftServer{raft-partition-2} - Sending AppendRequest{term=1, leader=3, prevLogIndex=1, prevLogTerm=1, entries=0, commitIndex=1} to 1
01:10:47.060 [raft-server-raft-partition-2] TRACE i.a.p.raft.roles.FollowerRole - RaftServer{raft-partition-2}{role=FOLLOWER} - Received AppendRequest{term=1, leader=3, prevLogIndex=1, prevLogTerm=1, entries=0, commitIndex=1}
01:10:47.060 [raft-server-raft-partition-2] TRACE i.a.p.raft.roles.FollowerRole - RaftServer{raft-partition-2}{role=FOLLOWER} - Sending AppendResponse{status=OK, term=1, succeeded=true, lastLogIndex=1}
01:10:47.060 [raft-server-raft-partition-2] TRACE i.a.p.raft.roles.FollowerRole - RaftServer{raft-partition-2}{role=FOLLOWER} - Received AppendRequest{term=1, leader=3, prevLogIndex=1, prevLogTerm=1, entries=0, commitIndex=1}
01:10:47.061 [raft-server-raft-partition-2] TRACE i.a.p.raft.roles.FollowerRole - RaftServer{raft-partition-2}{role=FOLLOWER} - Sending AppendResponse{status=OK, term=1, succeeded=true, lastLogIndex=1}
01:10:47.061 [raft-server-raft-partition-2] TRACE i.a.p.raft.roles.LeaderAppender - RaftServer{raft-partition-2} - Received AppendResponse{status=OK, term=1, succeeded=true, lastLogIndex=1} from 1
01:10:47.063 [raft-server-raft-partition-2] TRACE i.a.p.raft.roles.LeaderAppender - RaftServer{raft-partition-2} - Received AppendResponse{status=OK, term=1, succeeded=true, lastLogIndex=1} from 2
01:10:47.154 [main] WARN  i.a.c.m.impl.NettyMessagingService - Disabling TLS for intra-cluster messaging; Could not load cluster key store: ../config/atomix.jks (No such file or directory)
01:10:47.155 [netty-messaging-event-epoll-client-2] WARN  i.a.c.m.impl.NettyMessagingService - Unable to dispatch message due to Task java.util.concurrent.ScheduledThreadPoolExecutor$ScheduledFutureTask@323f6bb4 rejected from java.util.concurrent.ScheduledThreadPoolExecutor@654975b0[Terminated, pool size = 0, active threads = 0, queued tasks = 0, completed tasks = 3]
01:10:47.158 [netty-messaging-event-epoll-client-6] WARN  i.a.c.m.impl.NettyMessagingService - Unable to dispatch message due to Task java.util.concurrent.ScheduledThreadPoolExecutor$ScheduledFutureTask@2c74f88d rejected from java.util.concurrent.ScheduledThreadPoolExecutor@654975b0[Terminated, pool size = 0, active threads = 0, queued tasks = 0, completed tasks = 3]
01:10:47.164 [netty-messaging-event-epoll-server-0] WARN  i.a.c.m.impl.NettyMessagingService - localhost/127.0.0.1 failed to bind to port 5010 due to {}
io.netty.channel.unix.Errors$NativeIoException: bind(..) failed: Address already in use
	at io.netty.channel.unix.Errors.newIOException(Errors.java:122) ~[netty-transport-native-unix-common-4.1.24.Final.jar:4.1.24.Final]
	at io.netty.channel.unix.Socket.bind(Socket.java:287) ~[netty-transport-native-unix-common-4.1.24.Final.jar:4.1.24.Final]
	at io.netty.channel.epoll.AbstractEpollChannel.doBind(AbstractEpollChannel.java:688) ~[netty-transport-native-epoll-4.1.24.Final-linux-x86_64.jar:4.1.24.Final]
	at io.netty.channel.epoll.EpollServerSocketChannel.doBind(EpollServerSocketChannel.java:70) ~[netty-transport-native-epoll-4.1.24.Final-linux-x86_64.jar:4.1.24.Final]
	at io.netty.channel.AbstractChannel$AbstractUnsafe.bind(AbstractChannel.java:558) ~[netty-transport-4.1.24.Final.jar:4.1.24.Final]
	at io.netty.channel.DefaultChannelPipeline$HeadContext.bind(DefaultChannelPipeline.java:1358) ~[netty-transport-4.1.24.Final.jar:4.1.24.Final]
	at io.netty.channel.AbstractChannelHandlerContext.invokeBind(AbstractChannelHandlerContext.java:501) ~[netty-transport-4.1.24.Final.jar:4.1.24.Final]
	at io.netty.channel.AbstractChannelHandlerContext.bind(AbstractChannelHandlerContext.java:486) ~[netty-transport-4.1.24.Final.jar:4.1.24.Final]
	at io.netty.channel.DefaultChannelPipeline.bind(DefaultChannelPipeline.java:1019) ~[netty-transport-4.1.24.Final.jar:4.1.24.Final]
	at io.netty.channel.AbstractChannel.bind(AbstractChannel.java:254) ~[netty-transport-4.1.24.Final.jar:4.1.24.Final]
	at io.netty.bootstrap.AbstractBootstrap$2.run(AbstractBootstrap.java:366) ~[netty-transport-4.1.24.Final.jar:4.1.24.Final]
	at io.netty.util.concurrent.AbstractEventExecutor.safeExecute(AbstractEventExecutor.java:163) ~[netty-common-4.1.24.Final.jar:4.1.24.Final]
	at io.netty.util.concurrent.SingleThreadEventExecutor.runAllTasks(SingleThreadEventExecutor.java:404) ~[netty-common-4.1.24.Final.jar:4.1.24.Final]
	at io.netty.channel.epoll.EpollEventLoop.run(EpollEventLoop.java:309) ~[netty-transport-native-epoll-4.1.24.Final-linux-x86_64.jar:4.1.24.Final]
	at io.netty.util.concurrent.SingleThreadEventExecutor$5.run(SingleThreadEventExecutor.java:884) ~[netty-common-4.1.24.Final.jar:4.1.24.Final]
	at java.lang.Thread.run(Thread.java:745) ~[na:1.8.0_121]
01:10:47.166 [main] INFO  i.a.core.impl.CorePrimitivesService - Stopped
01:10:47.166 [atomix-0] WARN  i.a.utils.event.ListenerRegistry - Listener io.atomix.primitive.partition.impl.DefaultPartitionService$$Lambda$30/168366@2eebcfe not registered
01:10:47.166 [atomix-0] WARN  i.a.utils.event.ListenerRegistry - Listener io.atomix.primitive.partition.impl.DefaultPartitionGroupMembershipService$$Lambda$31/49752459@c2952d3 not registered
01:10:47.166 [atomix-0] INFO  i.a.p.p.i.DefaultPartitionGroupMembershipService - Stopped
01:10:47.166 [atomix-0] INFO  i.a.p.p.impl.DefaultPartitionService - Stopped
01:10:47.166 [atomix-cluster-0] INFO  io.atomix.cluster.AtomixCluster - Stopped
01:10:47.170 [atomix-data-3] TRACE i.a.p.backup.roles.PrimaryRole - PrimaryRole{data-partition-5}{role=PRIMARY} - Sending BackupRequest{primary=1, term=2, index=25, primitive=PrimitiveDescriptor{name=basicTestMap, type=consistent-tree-map, backups=2, replication=ASYNCHRONOUS}, operations=[HeartbeatOperation{index=26, timestamp=1528672247162}]} to 3
01:10:47.170 [atomix-data-1] TRACE i.a.p.backup.roles.BackupRole - BackupRole{data-partition-5}{role=BACKUP} - Received BackupRequest{primary=1, term=2, index=25, primitive=PrimitiveDescriptor{name=basicTestMap, type=consistent-tree-map, backups=2, replication=ASYNCHRONOUS}, operations=[HeartbeatOperation{index=26, timestamp=1528672247162}]}
01:10:47.170 [atomix-data-1] TRACE i.a.p.backup.roles.BackupRole - BackupRole{data-partition-5}{role=BACKUP} - Sending BackupResponse{status=OK}
</system-out>
  </testcase>
  <testcase name="treeMapFunctionsTest" classname="io.atomix.core.map.impl.PrimaryBackupConsistentTreeMapTest" time="0.242">
    <error message="java.util.concurrent.ExecutionException: io.netty.channel.unix.Errors$NativeIoException: bind(..) failed: Address already in use" type="java.lang.RuntimeException">java.lang.RuntimeException: java.util.concurrent.ExecutionException: io.netty.channel.unix.Errors$NativeIoException: bind(..) failed: Address already in use
	at io.atomix.core.map.impl.ConsistentTreeMapTest.createResource(ConsistentTreeMapTest.java:414)
	at io.atomix.core.map.impl.ConsistentTreeMapTest.treeMapFunctionsTest(ConsistentTreeMapTest.java:308)
	at sun.reflect.NativeMethodAccessorImpl.invoke0(Native Method)
	at sun.reflect.NativeMethodAccessorImpl.invoke(NativeMethodAccessorImpl.java:62)
	at sun.reflect.DelegatingMethodAccessorImpl.invoke(DelegatingMethodAccessorImpl.java:43)
	at java.lang.reflect.Method.invoke(Method.java:498)
	at org.junit.runners.model.FrameworkMethod$1.runReflectiveCall(FrameworkMethod.java:50)
	at org.junit.internal.runners.model.ReflectiveCallable.run(ReflectiveCallable.java:12)
	at org.junit.runners.model.FrameworkMethod.invokeExplosively(FrameworkMethod.java:47)
	at org.junit.internal.runners.statements.InvokeMethod.evaluate(InvokeMethod.java:17)
	at org.junit.internal.runners.statements.RunBefores.evaluate(RunBefores.java:26)
	at org.junit.internal.runners.statements.RunAfters.evaluate(RunAfters.java:27)
	at org.junit.runners.ParentRunner.runLeaf(ParentRunner.java:325)
	at org.junit.runners.BlockJUnit4ClassRunner.runChild(BlockJUnit4ClassRunner.java:78)
	at org.junit.runners.BlockJUnit4ClassRunner.runChild(BlockJUnit4ClassRunner.java:57)
	at org.junit.runners.ParentRunner$3.run(ParentRunner.java:290)
	at org.junit.runners.ParentRunner$1.schedule(ParentRunner.java:71)
	at org.junit.runners.ParentRunner.runChildren(ParentRunner.java:288)
	at org.junit.runners.ParentRunner.access$000(ParentRunner.java:58)
	at org.junit.runners.ParentRunner$2.evaluate(ParentRunner.java:268)
	at org.junit.internal.runners.statements.RunBefores.evaluate(RunBefores.java:26)
	at org.junit.internal.runners.statements.RunAfters.evaluate(RunAfters.java:27)
	at org.junit.runners.ParentRunner.run(ParentRunner.java:363)
	at org.apache.maven.surefire.junit4.JUnit4Provider.execute(JUnit4Provider.java:264)
	at org.apache.maven.surefire.junit4.JUnit4Provider.executeTestSet(JUnit4Provider.java:153)
	at org.apache.maven.surefire.junit4.JUnit4Provider.invoke(JUnit4Provider.java:124)
	at sun.reflect.NativeMethodAccessorImpl.invoke0(Native Method)
	at sun.reflect.NativeMethodAccessorImpl.invoke(NativeMethodAccessorImpl.java:62)
	at sun.reflect.DelegatingMethodAccessorImpl.invoke(DelegatingMethodAccessorImpl.java:43)
	at java.lang.reflect.Method.invoke(Method.java:498)
	at org.apache.maven.surefire.util.ReflectionUtils.invokeMethodWithArray2(ReflectionUtils.java:208)
	at org.apache.maven.surefire.booter.ProviderFactory$ProviderProxy.invoke(ProviderFactory.java:158)
	at org.apache.maven.surefire.booter.ProviderFactory.invokeProvider(ProviderFactory.java:86)
	at org.apache.maven.surefire.booter.ForkedBooter.runSuitesInProcess(ForkedBooter.java:153)
	at org.apache.maven.surefire.booter.ForkedBooter.main(ForkedBooter.java:95)
</error>
    <system-out>01:10:47.188 [atomix-data-13] TRACE i.a.p.backup.roles.PrimaryRole - PrimaryRole{data-partition-4}{role=PRIMARY} - Sending BackupRequest{primary=2, term=1, index=24, primitive=PrimitiveDescriptor{name=basicTestMap, type=consistent-tree-map, backups=2, replication=ASYNCHRONOUS}, operations=[HeartbeatOperation{index=25, timestamp=1528672247186}]} to 3
01:10:47.188 [atomix-data-13] TRACE i.a.p.backup.roles.PrimaryRole - PrimaryRole{data-partition-4}{role=PRIMARY} - Sending BackupRequest{primary=2, term=1, index=24, primitive=PrimitiveDescriptor{name=basicTestMap, type=consistent-tree-map, backups=2, replication=ASYNCHRONOUS}, operations=[HeartbeatOperation{index=25, timestamp=1528672247186}]} to 1
01:10:47.190 [atomix-data-10] TRACE i.a.p.backup.roles.BackupRole - BackupRole{data-partition-4}{role=BACKUP} - Received BackupRequest{primary=2, term=1, index=24, primitive=PrimitiveDescriptor{name=basicTestMap, type=consistent-tree-map, backups=2, replication=ASYNCHRONOUS}, operations=[HeartbeatOperation{index=25, timestamp=1528672247186}]}
01:10:47.190 [atomix-data-10] TRACE i.a.p.backup.roles.BackupRole - BackupRole{data-partition-4}{role=BACKUP} - Sending BackupResponse{status=OK}
01:10:47.191 [atomix-data-10] TRACE i.a.p.backup.roles.BackupRole - BackupRole{data-partition-4}{role=BACKUP} - Received BackupRequest{primary=2, term=1, index=24, primitive=PrimitiveDescriptor{name=basicTestMap, type=consistent-tree-map, backups=2, replication=ASYNCHRONOUS}, operations=[HeartbeatOperation{index=25, timestamp=1528672247186}]}
01:10:47.191 [atomix-data-10] TRACE i.a.p.backup.roles.BackupRole - BackupRole{data-partition-4}{role=BACKUP} - Sending BackupResponse{status=OK}
01:10:47.204 [raft-server-raft-partition-1] TRACE i.a.p.raft.roles.LeaderAppender - RaftServer{raft-partition-1} - Sending AppendRequest{term=1, leader=3, prevLogIndex=1, prevLogTerm=1, entries=0, commitIndex=1} to 2
01:10:47.204 [raft-server-raft-partition-1] TRACE i.a.p.raft.roles.LeaderAppender - RaftServer{raft-partition-1} - Sending AppendRequest{term=1, leader=3, prevLogIndex=1, prevLogTerm=1, entries=0, commitIndex=1} to 1
01:10:47.204 [raft-server-raft-partition-1] TRACE i.a.p.raft.roles.FollowerRole - RaftServer{raft-partition-1}{role=FOLLOWER} - Received AppendRequest{term=1, leader=3, prevLogIndex=1, prevLogTerm=1, entries=0, commitIndex=1}
01:10:47.204 [raft-server-raft-partition-1] TRACE i.a.p.raft.roles.FollowerRole - RaftServer{raft-partition-1}{role=FOLLOWER} - Sending AppendResponse{status=OK, term=1, succeeded=true, lastLogIndex=1}
01:10:47.204 [raft-server-raft-partition-1] TRACE i.a.p.raft.roles.FollowerRole - RaftServer{raft-partition-1}{role=FOLLOWER} - Received AppendRequest{term=1, leader=3, prevLogIndex=1, prevLogTerm=1, entries=0, commitIndex=1}
01:10:47.205 [raft-server-raft-partition-1] TRACE i.a.p.raft.roles.FollowerRole - RaftServer{raft-partition-1}{role=FOLLOWER} - Sending AppendResponse{status=OK, term=1, succeeded=true, lastLogIndex=1}
01:10:47.205 [raft-server-raft-partition-1] TRACE i.a.p.raft.roles.LeaderAppender - RaftServer{raft-partition-1} - Received AppendResponse{status=OK, term=1, succeeded=true, lastLogIndex=1} from 1
01:10:47.205 [raft-server-raft-partition-1] TRACE i.a.p.raft.roles.LeaderAppender - RaftServer{raft-partition-1} - Sending AppendRequest{term=1, leader=3, prevLogIndex=1, prevLogTerm=1, entries=0, commitIndex=1} to 1
01:10:47.205 [raft-server-raft-partition-1] TRACE i.a.p.raft.roles.LeaderAppender - RaftServer{raft-partition-1} - Received AppendResponse{status=OK, term=1, succeeded=true, lastLogIndex=1} from 2
01:10:47.205 [raft-server-raft-partition-1] TRACE i.a.p.raft.roles.LeaderAppender - RaftServer{raft-partition-1} - Sending AppendRequest{term=1, leader=3, prevLogIndex=1, prevLogTerm=1, entries=0, commitIndex=1} to 2
01:10:47.205 [raft-server-raft-partition-1] TRACE i.a.p.raft.roles.FollowerRole - RaftServer{raft-partition-1}{role=FOLLOWER} - Received AppendRequest{term=1, leader=3, prevLogIndex=1, prevLogTerm=1, entries=0, commitIndex=1}
01:10:47.205 [raft-server-raft-partition-1] TRACE i.a.p.raft.roles.FollowerRole - RaftServer{raft-partition-1}{role=FOLLOWER} - Sending AppendResponse{status=OK, term=1, succeeded=true, lastLogIndex=1}
01:10:47.205 [raft-server-raft-partition-1] TRACE i.a.p.raft.roles.FollowerRole - RaftServer{raft-partition-1}{role=FOLLOWER} - Received AppendRequest{term=1, leader=3, prevLogIndex=1, prevLogTerm=1, entries=0, commitIndex=1}
01:10:47.205 [raft-server-raft-partition-1] TRACE i.a.p.raft.roles.FollowerRole - RaftServer{raft-partition-1}{role=FOLLOWER} - Sending AppendResponse{status=OK, term=1, succeeded=true, lastLogIndex=1}
01:10:47.206 [raft-server-raft-partition-1] TRACE i.a.p.raft.roles.LeaderAppender - RaftServer{raft-partition-1} - Received AppendResponse{status=OK, term=1, succeeded=true, lastLogIndex=1} from 1
01:10:47.206 [raft-server-raft-partition-1] TRACE i.a.p.raft.roles.LeaderAppender - RaftServer{raft-partition-1} - Received AppendResponse{status=OK, term=1, succeeded=true, lastLogIndex=1} from 2
01:10:47.228 [raft-server-system-partition-1] TRACE i.a.p.raft.roles.LeaderAppender - RaftServer{system-partition-1} - Sending AppendRequest{term=1, leader=1, prevLogIndex=59, prevLogTerm=1, entries=0, commitIndex=59} to 2
01:10:47.228 [raft-server-system-partition-1] TRACE i.a.p.raft.roles.LeaderAppender - RaftServer{system-partition-1} - Sending AppendRequest{term=1, leader=1, prevLogIndex=59, prevLogTerm=1, entries=0, commitIndex=59} to 3
01:10:47.228 [raft-server-system-partition-1] TRACE i.a.p.raft.roles.FollowerRole - RaftServer{system-partition-1}{role=FOLLOWER} - Received AppendRequest{term=1, leader=1, prevLogIndex=59, prevLogTerm=1, entries=0, commitIndex=59}
01:10:47.228 [raft-server-system-partition-1] TRACE i.a.p.raft.roles.FollowerRole - RaftServer{system-partition-1}{role=FOLLOWER} - Sending AppendResponse{status=OK, term=1, succeeded=true, lastLogIndex=59}
01:10:47.229 [raft-server-system-partition-1] TRACE i.a.p.raft.roles.FollowerRole - RaftServer{system-partition-1}{role=FOLLOWER} - Received AppendRequest{term=1, leader=1, prevLogIndex=59, prevLogTerm=1, entries=0, commitIndex=59}
01:10:47.229 [raft-server-system-partition-1] TRACE i.a.p.raft.roles.FollowerRole - RaftServer{system-partition-1}{role=FOLLOWER} - Sending AppendResponse{status=OK, term=1, succeeded=true, lastLogIndex=59}
01:10:47.229 [raft-server-system-partition-1] TRACE i.a.p.raft.roles.LeaderAppender - RaftServer{system-partition-1} - Received AppendResponse{status=OK, term=1, succeeded=true, lastLogIndex=59} from 3
01:10:47.229 [raft-server-system-partition-1] TRACE i.a.p.raft.roles.LeaderAppender - RaftServer{system-partition-1} - Sending AppendRequest{term=1, leader=1, prevLogIndex=59, prevLogTerm=1, entries=0, commitIndex=59} to 3
01:10:47.229 [raft-server-system-partition-1] TRACE i.a.p.raft.roles.FollowerRole - RaftServer{system-partition-1}{role=FOLLOWER} - Received AppendRequest{term=1, leader=1, prevLogIndex=59, prevLogTerm=1, entries=0, commitIndex=59}
01:10:47.229 [raft-server-system-partition-1] TRACE i.a.p.raft.roles.LeaderAppender - RaftServer{system-partition-1} - Received AppendResponse{status=OK, term=1, succeeded=true, lastLogIndex=59} from 2
01:10:47.229 [raft-server-system-partition-1] TRACE i.a.p.raft.roles.FollowerRole - RaftServer{system-partition-1}{role=FOLLOWER} - Sending AppendResponse{status=OK, term=1, succeeded=true, lastLogIndex=59}
01:10:47.229 [raft-server-system-partition-1] TRACE i.a.p.raft.roles.LeaderAppender - RaftServer{system-partition-1} - Sending AppendRequest{term=1, leader=1, prevLogIndex=59, prevLogTerm=1, entries=0, commitIndex=59} to 2
01:10:47.229 [raft-server-system-partition-1] TRACE i.a.p.raft.roles.FollowerRole - RaftServer{system-partition-1}{role=FOLLOWER} - Received AppendRequest{term=1, leader=1, prevLogIndex=59, prevLogTerm=1, entries=0, commitIndex=59}
01:10:47.229 [raft-server-system-partition-1] TRACE i.a.p.raft.roles.LeaderAppender - RaftServer{system-partition-1} - Received AppendResponse{status=OK, term=1, succeeded=true, lastLogIndex=59} from 3
01:10:47.229 [raft-server-system-partition-1] TRACE i.a.p.raft.roles.FollowerRole - RaftServer{system-partition-1}{role=FOLLOWER} - Sending AppendResponse{status=OK, term=1, succeeded=true, lastLogIndex=59}
01:10:47.230 [raft-server-system-partition-1] TRACE i.a.p.raft.roles.LeaderAppender - RaftServer{system-partition-1} - Received AppendResponse{status=OK, term=1, succeeded=true, lastLogIndex=59} from 2
01:10:47.245 [raft-server-raft-partition-3] TRACE i.a.p.raft.roles.LeaderAppender - RaftServer{raft-partition-3} - Sending AppendRequest{term=1, leader=1, prevLogIndex=1, prevLogTerm=1, entries=0, commitIndex=1} to 2
01:10:47.245 [raft-server-raft-partition-3] TRACE i.a.p.raft.roles.LeaderAppender - RaftServer{raft-partition-3} - Sending AppendRequest{term=1, leader=1, prevLogIndex=1, prevLogTerm=1, entries=0, commitIndex=1} to 3
01:10:47.245 [raft-server-raft-partition-3] TRACE i.a.p.raft.roles.FollowerRole - RaftServer{raft-partition-3}{role=FOLLOWER} - Received AppendRequest{term=1, leader=1, prevLogIndex=1, prevLogTerm=1, entries=0, commitIndex=1}
01:10:47.245 [raft-server-raft-partition-3] TRACE i.a.p.raft.roles.FollowerRole - RaftServer{raft-partition-3}{role=FOLLOWER} - Sending AppendResponse{status=OK, term=1, succeeded=true, lastLogIndex=1}
01:10:47.245 [raft-server-raft-partition-3] TRACE i.a.p.raft.roles.FollowerRole - RaftServer{raft-partition-3}{role=FOLLOWER} - Received AppendRequest{term=1, leader=1, prevLogIndex=1, prevLogTerm=1, entries=0, commitIndex=1}
01:10:47.245 [raft-server-raft-partition-3] TRACE i.a.p.raft.roles.FollowerRole - RaftServer{raft-partition-3}{role=FOLLOWER} - Sending AppendResponse{status=OK, term=1, succeeded=true, lastLogIndex=1}
01:10:47.246 [raft-server-raft-partition-3] TRACE i.a.p.raft.roles.LeaderAppender - RaftServer{raft-partition-3} - Received AppendResponse{status=OK, term=1, succeeded=true, lastLogIndex=1} from 2
01:10:47.246 [raft-server-raft-partition-3] TRACE i.a.p.raft.roles.LeaderAppender - RaftServer{raft-partition-3} - Sending AppendRequest{term=1, leader=1, prevLogIndex=1, prevLogTerm=1, entries=0, commitIndex=1} to 2
01:10:47.246 [raft-server-raft-partition-3] TRACE i.a.p.raft.roles.LeaderAppender - RaftServer{raft-partition-3} - Received AppendResponse{status=OK, term=1, succeeded=true, lastLogIndex=1} from 3
01:10:47.246 [raft-server-raft-partition-3] TRACE i.a.p.raft.roles.LeaderAppender - RaftServer{raft-partition-3} - Sending AppendRequest{term=1, leader=1, prevLogIndex=1, prevLogTerm=1, entries=0, commitIndex=1} to 3
01:10:47.246 [raft-server-raft-partition-3] TRACE i.a.p.raft.roles.FollowerRole - RaftServer{raft-partition-3}{role=FOLLOWER} - Received AppendRequest{term=1, leader=1, prevLogIndex=1, prevLogTerm=1, entries=0, commitIndex=1}
01:10:47.246 [raft-server-raft-partition-3] TRACE i.a.p.raft.roles.FollowerRole - RaftServer{raft-partition-3}{role=FOLLOWER} - Sending AppendResponse{status=OK, term=1, succeeded=true, lastLogIndex=1}
01:10:47.246 [raft-server-raft-partition-3] TRACE i.a.p.raft.roles.FollowerRole - RaftServer{raft-partition-3}{role=FOLLOWER} - Received AppendRequest{term=1, leader=1, prevLogIndex=1, prevLogTerm=1, entries=0, commitIndex=1}
01:10:47.246 [raft-server-raft-partition-3] TRACE i.a.p.raft.roles.FollowerRole - RaftServer{raft-partition-3}{role=FOLLOWER} - Sending AppendResponse{status=OK, term=1, succeeded=true, lastLogIndex=1}
01:10:47.246 [raft-server-raft-partition-3] TRACE i.a.p.raft.roles.LeaderAppender - RaftServer{raft-partition-3} - Received AppendResponse{status=OK, term=1, succeeded=true, lastLogIndex=1} from 2
01:10:47.246 [raft-server-raft-partition-3] TRACE i.a.p.raft.roles.LeaderAppender - RaftServer{raft-partition-3} - Received AppendResponse{status=OK, term=1, succeeded=true, lastLogIndex=1} from 3
01:10:47.301 [atomix-data-9] TRACE i.a.p.backup.roles.PrimaryRole - PrimaryRole{data-partition-7}{role=PRIMARY} - Sending BackupRequest{primary=2, term=1, index=24, primitive=PrimitiveDescriptor{name=basicTestMap, type=consistent-tree-map, backups=2, replication=ASYNCHRONOUS}, operations=[HeartbeatOperation{index=25, timestamp=1528672247300}]} to 3
01:10:47.301 [atomix-data-9] TRACE i.a.p.backup.roles.PrimaryRole - PrimaryRole{data-partition-7}{role=PRIMARY} - Sending BackupRequest{primary=2, term=1, index=24, primitive=PrimitiveDescriptor{name=basicTestMap, type=consistent-tree-map, backups=2, replication=ASYNCHRONOUS}, operations=[HeartbeatOperation{index=25, timestamp=1528672247300}]} to 1
01:10:47.302 [atomix-data-2] TRACE i.a.p.backup.roles.BackupRole - BackupRole{data-partition-7}{role=BACKUP} - Received BackupRequest{primary=2, term=1, index=24, primitive=PrimitiveDescriptor{name=basicTestMap, type=consistent-tree-map, backups=2, replication=ASYNCHRONOUS}, operations=[HeartbeatOperation{index=25, timestamp=1528672247300}]}
01:10:47.302 [atomix-data-2] TRACE i.a.p.backup.roles.BackupRole - BackupRole{data-partition-7}{role=BACKUP} - Sending BackupResponse{status=OK}
01:10:47.303 [atomix-data-5] TRACE i.a.p.backup.roles.BackupRole - BackupRole{data-partition-7}{role=BACKUP} - Received BackupRequest{primary=2, term=1, index=24, primitive=PrimitiveDescriptor{name=basicTestMap, type=consistent-tree-map, backups=2, replication=ASYNCHRONOUS}, operations=[HeartbeatOperation{index=25, timestamp=1528672247300}]}
01:10:47.303 [atomix-data-5] TRACE i.a.p.backup.roles.BackupRole - BackupRole{data-partition-7}{role=BACKUP} - Sending BackupResponse{status=OK}
01:10:47.304 [raft-server-raft-partition-2] TRACE i.a.p.raft.roles.LeaderAppender - RaftServer{raft-partition-2} - Sending AppendRequest{term=1, leader=3, prevLogIndex=1, prevLogTerm=1, entries=0, commitIndex=1} to 2
01:10:47.304 [raft-server-raft-partition-2] TRACE i.a.p.raft.roles.LeaderAppender - RaftServer{raft-partition-2} - Sending AppendRequest{term=1, leader=3, prevLogIndex=1, prevLogTerm=1, entries=0, commitIndex=1} to 1
01:10:47.304 [raft-server-raft-partition-2] TRACE i.a.p.raft.roles.FollowerRole - RaftServer{raft-partition-2}{role=FOLLOWER} - Received AppendRequest{term=1, leader=3, prevLogIndex=1, prevLogTerm=1, entries=0, commitIndex=1}
01:10:47.304 [raft-server-raft-partition-2] TRACE i.a.p.raft.roles.FollowerRole - RaftServer{raft-partition-2}{role=FOLLOWER} - Sending AppendResponse{status=OK, term=1, succeeded=true, lastLogIndex=1}
01:10:47.304 [raft-server-raft-partition-2] TRACE i.a.p.raft.roles.FollowerRole - RaftServer{raft-partition-2}{role=FOLLOWER} - Received AppendRequest{term=1, leader=3, prevLogIndex=1, prevLogTerm=1, entries=0, commitIndex=1}
01:10:47.304 [raft-server-raft-partition-2] TRACE i.a.p.raft.roles.LeaderAppender - RaftServer{raft-partition-2} - Received AppendResponse{status=OK, term=1, succeeded=true, lastLogIndex=1} from 2
01:10:47.304 [raft-server-raft-partition-2] TRACE i.a.p.raft.roles.FollowerRole - RaftServer{raft-partition-2}{role=FOLLOWER} - Sending AppendResponse{status=OK, term=1, succeeded=true, lastLogIndex=1}
01:10:47.304 [raft-server-raft-partition-2] TRACE i.a.p.raft.roles.LeaderAppender - RaftServer{raft-partition-2} - Sending AppendRequest{term=1, leader=3, prevLogIndex=1, prevLogTerm=1, entries=0, commitIndex=1} to 2
01:10:47.304 [raft-server-raft-partition-2] TRACE i.a.p.raft.roles.LeaderAppender - RaftServer{raft-partition-2} - Received AppendResponse{status=OK, term=1, succeeded=true, lastLogIndex=1} from 1
01:10:47.304 [raft-server-raft-partition-2] TRACE i.a.p.raft.roles.FollowerRole - RaftServer{raft-partition-2}{role=FOLLOWER} - Received AppendRequest{term=1, leader=3, prevLogIndex=1, prevLogTerm=1, entries=0, commitIndex=1}
01:10:47.304 [raft-server-raft-partition-2] TRACE i.a.p.raft.roles.FollowerRole - RaftServer{raft-partition-2}{role=FOLLOWER} - Sending AppendResponse{status=OK, term=1, succeeded=true, lastLogIndex=1}
01:10:47.305 [raft-server-raft-partition-2] TRACE i.a.p.raft.roles.LeaderAppender - RaftServer{raft-partition-2} - Received AppendResponse{status=OK, term=1, succeeded=true, lastLogIndex=1} from 2
01:10:47.318 [atomix-data-4] TRACE i.a.p.backup.roles.PrimaryRole - PrimaryRole{data-partition-6}{role=PRIMARY} - Sending BackupRequest{primary=2, term=1, index=3, primitive=PrimitiveDescriptor{name=basicTestMap, type=consistent-tree-map, backups=2, replication=ASYNCHRONOUS}, operations=[HeartbeatOperation{index=4, timestamp=1528672247316}]} to 3
01:10:47.318 [atomix-data-4] TRACE i.a.p.backup.roles.PrimaryRole - PrimaryRole{data-partition-6}{role=PRIMARY} - Sending BackupRequest{primary=2, term=1, index=3, primitive=PrimitiveDescriptor{name=basicTestMap, type=consistent-tree-map, backups=2, replication=ASYNCHRONOUS}, operations=[HeartbeatOperation{index=4, timestamp=1528672247316}]} to 1
01:10:47.318 [atomix-data-11] TRACE i.a.p.backup.roles.BackupRole - BackupRole{data-partition-6}{role=BACKUP} - Received BackupRequest{primary=2, term=1, index=3, primitive=PrimitiveDescriptor{name=basicTestMap, type=consistent-tree-map, backups=2, replication=ASYNCHRONOUS}, operations=[HeartbeatOperation{index=4, timestamp=1528672247316}]}
01:10:47.318 [atomix-data-11] TRACE i.a.p.backup.roles.BackupRole - BackupRole{data-partition-6}{role=BACKUP} - Sending BackupResponse{status=OK}
01:10:47.319 [atomix-data-8] TRACE i.a.p.backup.roles.BackupRole - BackupRole{data-partition-6}{role=BACKUP} - Received BackupRequest{primary=2, term=1, index=3, primitive=PrimitiveDescriptor{name=basicTestMap, type=consistent-tree-map, backups=2, replication=ASYNCHRONOUS}, operations=[HeartbeatOperation{index=4, timestamp=1528672247316}]}
01:10:47.319 [atomix-data-8] TRACE i.a.p.backup.roles.BackupRole - BackupRole{data-partition-6}{role=BACKUP} - Sending BackupResponse{status=OK}
01:10:47.411 [main] WARN  i.a.c.m.impl.NettyMessagingService - Disabling TLS for intra-cluster messaging; Could not load cluster key store: ../config/atomix.jks (No such file or directory)
01:10:47.414 [netty-messaging-event-epoll-server-0] WARN  i.a.c.m.impl.NettyMessagingService - localhost/127.0.0.1 failed to bind to port 5010 due to {}
io.netty.channel.unix.Errors$NativeIoException: bind(..) failed: Address already in use
	at io.netty.channel.unix.Errors.newIOException(Errors.java:122) ~[netty-transport-native-unix-common-4.1.24.Final.jar:4.1.24.Final]
	at io.netty.channel.unix.Socket.bind(Socket.java:287) ~[netty-transport-native-unix-common-4.1.24.Final.jar:4.1.24.Final]
	at io.netty.channel.epoll.AbstractEpollChannel.doBind(AbstractEpollChannel.java:688) ~[netty-transport-native-epoll-4.1.24.Final-linux-x86_64.jar:4.1.24.Final]
	at io.netty.channel.epoll.EpollServerSocketChannel.doBind(EpollServerSocketChannel.java:70) ~[netty-transport-native-epoll-4.1.24.Final-linux-x86_64.jar:4.1.24.Final]
	at io.netty.channel.AbstractChannel$AbstractUnsafe.bind(AbstractChannel.java:558) ~[netty-transport-4.1.24.Final.jar:4.1.24.Final]
	at io.netty.channel.DefaultChannelPipeline$HeadContext.bind(DefaultChannelPipeline.java:1358) ~[netty-transport-4.1.24.Final.jar:4.1.24.Final]
	at io.netty.channel.AbstractChannelHandlerContext.invokeBind(AbstractChannelHandlerContext.java:501) ~[netty-transport-4.1.24.Final.jar:4.1.24.Final]
	at io.netty.channel.AbstractChannelHandlerContext.bind(AbstractChannelHandlerContext.java:486) ~[netty-transport-4.1.24.Final.jar:4.1.24.Final]
	at io.netty.channel.DefaultChannelPipeline.bind(DefaultChannelPipeline.java:1019) ~[netty-transport-4.1.24.Final.jar:4.1.24.Final]
	at io.netty.channel.AbstractChannel.bind(AbstractChannel.java:254) ~[netty-transport-4.1.24.Final.jar:4.1.24.Final]
	at io.netty.bootstrap.AbstractBootstrap$2.run(AbstractBootstrap.java:366) ~[netty-transport-4.1.24.Final.jar:4.1.24.Final]
	at io.netty.util.concurrent.AbstractEventExecutor.safeExecute(AbstractEventExecutor.java:163) ~[netty-common-4.1.24.Final.jar:4.1.24.Final]
	at io.netty.util.concurrent.SingleThreadEventExecutor.runAllTasks(SingleThreadEventExecutor.java:404) ~[netty-common-4.1.24.Final.jar:4.1.24.Final]
	at io.netty.channel.epoll.EpollEventLoop.run(EpollEventLoop.java:309) ~[netty-transport-native-epoll-4.1.24.Final-linux-x86_64.jar:4.1.24.Final]
	at io.netty.util.concurrent.SingleThreadEventExecutor$5.run(SingleThreadEventExecutor.java:884) ~[netty-common-4.1.24.Final.jar:4.1.24.Final]
	at java.lang.Thread.run(Thread.java:745) ~[na:1.8.0_121]
01:10:47.415 [main] INFO  i.a.core.impl.CorePrimitivesService - Stopped
01:10:47.416 [atomix-0] WARN  i.a.utils.event.ListenerRegistry - Listener io.atomix.primitive.partition.impl.DefaultPartitionService$$Lambda$30/168366@35986df3 not registered
01:10:47.416 [atomix-0] WARN  i.a.utils.event.ListenerRegistry - Listener io.atomix.primitive.partition.impl.DefaultPartitionGroupMembershipService$$Lambda$31/49752459@3b5f8530 not registered
01:10:47.416 [atomix-0] INFO  i.a.p.p.i.DefaultPartitionGroupMembershipService - Stopped
01:10:47.416 [atomix-0] INFO  i.a.p.p.impl.DefaultPartitionService - Stopped
01:10:47.416 [atomix-cluster-0] INFO  io.atomix.cluster.AtomixCluster - Stopped
</system-out>
  </testcase>
</testsuite>