<?xml version="1.0" encoding="UTF-8"?>
<testsuite name="io.atomix.core.semaphore.impl.RaftSemaphoreTest" time="29.29" tests="15" errors="0" skipped="2" failures="1">
  <properties>
    <property name="java.runtime.name" value="OpenJDK Runtime Environment"/>
    <property name="sun.boot.library.path" value="/usr/lib/jvm/java-8-openjdk-amd64/jre/lib/amd64"/>
    <property name="java.vm.version" value="25.121-b13"/>
    <property name="java.vm.vendor" value="Oracle Corporation"/>
    <property name="maven.multiModuleProjectDirectory" value="/root/workspace/atomix/atomix/390477068"/>
    <property name="java.vendor.url" value="http://java.oracle.com/"/>
    <property name="path.separator" value=":"/>
    <property name="guice.disable.misplaced.annotation.check" value="true"/>
    <property name="skip.gulp" value="true"/>
    <property name="java.vm.name" value="OpenJDK 64-Bit Server VM"/>
    <property name="file.encoding.pkg" value="sun.io"/>
    <property name="sun.java.launcher" value="SUN_STANDARD"/>
    <property name="sun.os.patch.level" value="unknown"/>
    <property name="findbugs.skip" value="true"/>
    <property name="java.vm.specification.name" value="Java Virtual Machine Specification"/>
    <property name="user.dir" value="/root/workspace/atomix/atomix/390477068"/>
    <property name="checkstyle.skip" value="true"/>
    <property name="java.runtime.version" value="1.8.0_121-8u121-b13-1~bpo8+1-b13"/>
    <property name="java.awt.graphicsenv" value="sun.awt.X11GraphicsEnvironment"/>
    <property name="skip.npm" value="true"/>
    <property name="java.endorsed.dirs" value="/usr/lib/jvm/java-8-openjdk-amd64/jre/lib/endorsed"/>
    <property name="os.arch" value="amd64"/>
    <property name="java.io.tmpdir" value="/tmp"/>
    <property name="gpg.skip" value="true"/>
    <property name="line.separator" value="&#10;"/>
    <property name="java.vm.specification.vendor" value="Oracle Corporation"/>
    <property name="cobertura.skip" value="true"/>
    <property name="os.name" value="Linux"/>
    <property name="classworlds.conf" value="/usr/share/maven/bin/m2.conf"/>
    <property name="sun.jnu.encoding" value="UTF-8"/>
    <property name="java.library.path" value="/usr/java/packages/lib/amd64:/usr/lib/x86_64-linux-gnu/jni:/lib/x86_64-linux-gnu:/usr/lib/x86_64-linux-gnu:/usr/lib/jni:/lib:/usr/lib"/>
    <property name="license.skip" value="true"/>
    <property name="java.specification.name" value="Java Platform API Specification"/>
    <property name="java.class.version" value="52.0"/>
    <property name="sun.management.compiler" value="HotSpot 64-Bit Tiered Compilers"/>
    <property name="skip.bower" value="true"/>
    <property name="maven.repo.local" value="/root/./workspace/atomix/atomix/390477068/.m2"/>
    <property name="os.version" value="3.10.0-862.3.2.el7.x86_64"/>
    <property name="user.home" value="/root"/>
    <property name="user.timezone" value="Europe/Paris"/>
    <property name="java.awt.printerjob" value="sun.print.PSPrinterJob"/>
    <property name="java.specification.version" value="1.8"/>
    <property name="file.encoding" value="UTF-8"/>
    <property name="user.name" value="root"/>
    <property name="java.class.path" value="/usr/share/maven/boot/plexus-classworlds-2.5.2.jar"/>
    <property name="skipITs" value="true"/>
    <property name="java.vm.specification.version" value="1.8"/>
    <property name="sun.arch.data.model" value="64"/>
    <property name="java.home" value="/usr/lib/jvm/java-8-openjdk-amd64/jre"/>
    <property name="sun.java.command" value="org.codehaus.plexus.classworlds.launcher.Launcher -B -D enforcer.skip=true -D dependency-check.skip=true -D skipITs=true -D cobertura.skip=true -D maven.repo.local=/root/./workspace/atomix/atomix/390477068/.m2 -D rat.skip=true -D findbugs.skip=true -D skip.bower=true -D gpg.skip=true -D checkstyle.skip=true -D skip.gulp=true -D license.skip=true -D skip.npm=true test"/>
    <property name="java.specification.vendor" value="Oracle Corporation"/>
    <property name="user.language" value="en"/>
    <property name="awt.toolkit" value="sun.awt.X11.XToolkit"/>
    <property name="dependency-check.skip" value="true"/>
    <property name="java.vm.info" value="mixed mode"/>
    <property name="java.version" value="1.8.0_121"/>
    <property name="java.ext.dirs" value="/usr/lib/jvm/java-8-openjdk-amd64/jre/lib/ext:/usr/java/packages/lib/ext"/>
    <property name="securerandom.source" value="file:/dev/./urandom"/>
    <property name="sun.boot.class.path" value="/usr/lib/jvm/java-8-openjdk-amd64/jre/lib/resources.jar:/usr/lib/jvm/java-8-openjdk-amd64/jre/lib/rt.jar:/usr/lib/jvm/java-8-openjdk-amd64/jre/lib/sunrsasign.jar:/usr/lib/jvm/java-8-openjdk-amd64/jre/lib/jsse.jar:/usr/lib/jvm/java-8-openjdk-amd64/jre/lib/jce.jar:/usr/lib/jvm/java-8-openjdk-amd64/jre/lib/charsets.jar:/usr/lib/jvm/java-8-openjdk-amd64/jre/lib/jfr.jar:/usr/lib/jvm/java-8-openjdk-amd64/jre/classes"/>
    <property name="java.vendor" value="Oracle Corporation"/>
    <property name="enforcer.skip" value="true"/>
    <property name="rat.skip" value="true"/>
    <property name="maven.home" value="/usr/share/maven"/>
    <property name="file.separator" value="/"/>
    <property name="java.vendor.url.bug" value="http://bugreport.sun.com/bugreport/"/>
    <property name="sun.cpu.endian" value="little"/>
    <property name="sun.io.unicode.encoding" value="UnicodeLittle"/>
    <property name="sun.cpu.isalist" value=""/>
  </properties>
  <testcase name="testQueueStatus" classname="io.atomix.core.semaphore.impl.RaftSemaphoreTest" time="1.442"/>
  <testcase name="testTimeout" classname="io.atomix.core.semaphore.impl.RaftSemaphoreTest" time="2.318">
    <failure type="java.lang.AssertionError:">java.lang.AssertionError: null
	at org.junit.Assert.fail(Assert.java:86)
	at org.junit.Assert.assertTrue(Assert.java:41)
	at org.junit.Assert.assertTrue(Assert.java:52)
	at io.atomix.core.semaphore.impl.SemaphoreTest.testTimeout(SemaphoreTest.java:147)
	at sun.reflect.NativeMethodAccessorImpl.invoke0(Native Method)
	at sun.reflect.NativeMethodAccessorImpl.invoke(NativeMethodAccessorImpl.java:62)
	at sun.reflect.DelegatingMethodAccessorImpl.invoke(DelegatingMethodAccessorImpl.java:43)
	at java.lang.reflect.Method.invoke(Method.java:498)
	at org.junit.runners.model.FrameworkMethod$1.runReflectiveCall(FrameworkMethod.java:50)
	at org.junit.internal.runners.model.ReflectiveCallable.run(ReflectiveCallable.java:12)
	at org.junit.runners.model.FrameworkMethod.invokeExplosively(FrameworkMethod.java:47)
	at org.junit.internal.runners.statements.InvokeMethod.evaluate(InvokeMethod.java:17)
	at org.junit.internal.runners.statements.FailOnTimeout$CallableStatement.call(FailOnTimeout.java:298)
	at org.junit.internal.runners.statements.FailOnTimeout$CallableStatement.call(FailOnTimeout.java:292)
	at java.util.concurrent.FutureTask.run(FutureTask.java:266)
	at java.lang.Thread.run(Thread.java:745)
</failure>
    <system-out><![CDATA[21:47:02.535 [raft-server-system-partition-1] TRACE i.a.p.raft.roles.FollowerRole - RaftServer{system-partition-1}{role=FOLLOWER} - Committed entries up to index 52
21:47:02.535 [raft-server-system-partition-1] TRACE i.a.p.raft.roles.FollowerRole - RaftServer{system-partition-1}{role=FOLLOWER} - Sending AppendResponse{status=OK, term=1, succeeded=true, lastLogIndex=52}
21:47:02.535 [raft-server-system-partition-1-state] TRACE i.a.p.raft.impl.RaftServiceManager - RaftServer{system-partition-1} - Applying Indexed{index=52, entry=CloseSessionEntry{term=1, timestamp=2018-06-10 09:47:02,458, session=48, expired=false}}
21:47:02.535 [raft-server-system-partition-1-state] DEBUG i.a.p.r.service.RaftServiceContext - PrimitiveService{35}{type=ConsistentMapType{name=consistent-map}, name=primitives} - Closing session 48
21:47:02.535 [raft-server-system-partition-1-state] DEBUG i.a.p.raft.session.RaftSession - Session{48}{type=ConsistentMapType{name=consistent-map}, name=primitives} - State changed: CLOSED
21:47:02.535 [raft-server-system-partition-1] TRACE i.a.p.raft.roles.LeaderAppender - RaftServer{system-partition-1} - Received AppendResponse{status=OK, term=1, succeeded=true, lastLogIndex=52} from 3
21:47:02.577 [raft-server-raft-partition-1] TRACE i.a.p.raft.roles.LeaderAppender - RaftServer{raft-partition-1} - Sending AppendRequest{term=1, leader=2, prevLogIndex=1, prevLogTerm=1, entries=0, commitIndex=1} to 1
21:47:02.578 [raft-server-raft-partition-1] TRACE i.a.p.raft.roles.LeaderAppender - RaftServer{raft-partition-1} - Sending AppendRequest{term=1, leader=2, prevLogIndex=1, prevLogTerm=1, entries=0, commitIndex=1} to 3
21:47:02.578 [raft-server-raft-partition-1] TRACE i.a.p.raft.roles.FollowerRole - RaftServer{raft-partition-1}{role=FOLLOWER} - Received AppendRequest{term=1, leader=2, prevLogIndex=1, prevLogTerm=1, entries=0, commitIndex=1}
21:47:02.578 [raft-server-raft-partition-1] TRACE i.a.p.raft.roles.FollowerRole - RaftServer{raft-partition-1}{role=FOLLOWER} - Received AppendRequest{term=1, leader=2, prevLogIndex=1, prevLogTerm=1, entries=0, commitIndex=1}
21:47:02.578 [raft-server-raft-partition-1] TRACE i.a.p.raft.roles.FollowerRole - RaftServer{raft-partition-1}{role=FOLLOWER} - Sending AppendResponse{status=OK, term=1, succeeded=true, lastLogIndex=1}
21:47:02.578 [raft-server-raft-partition-1] TRACE i.a.p.raft.roles.FollowerRole - RaftServer{raft-partition-1}{role=FOLLOWER} - Sending AppendResponse{status=OK, term=1, succeeded=true, lastLogIndex=1}
21:47:02.578 [raft-server-raft-partition-1] TRACE i.a.p.raft.roles.LeaderAppender - RaftServer{raft-partition-1} - Received AppendResponse{status=OK, term=1, succeeded=true, lastLogIndex=1} from 3
21:47:02.578 [raft-server-raft-partition-1] TRACE i.a.p.raft.roles.LeaderAppender - RaftServer{raft-partition-1} - Received AppendResponse{status=OK, term=1, succeeded=true, lastLogIndex=1} from 1
21:47:02.675 [raft-server-raft-partition-3] TRACE i.a.p.raft.roles.LeaderAppender - RaftServer{raft-partition-3} - Sending AppendRequest{term=1, leader=3, prevLogIndex=1, prevLogTerm=1, entries=0, commitIndex=1} to 1
21:47:02.676 [raft-server-raft-partition-3] TRACE i.a.p.raft.roles.LeaderAppender - RaftServer{raft-partition-3} - Sending AppendRequest{term=1, leader=3, prevLogIndex=1, prevLogTerm=1, entries=0, commitIndex=1} to 2
21:47:02.676 [raft-server-raft-partition-3] TRACE i.a.p.raft.roles.FollowerRole - RaftServer{raft-partition-3}{role=FOLLOWER} - Received AppendRequest{term=1, leader=3, prevLogIndex=1, prevLogTerm=1, entries=0, commitIndex=1}
21:47:02.676 [raft-server-raft-partition-3] TRACE i.a.p.raft.roles.FollowerRole - RaftServer{raft-partition-3}{role=FOLLOWER} - Received AppendRequest{term=1, leader=3, prevLogIndex=1, prevLogTerm=1, entries=0, commitIndex=1}
21:47:02.676 [raft-server-raft-partition-3] TRACE i.a.p.raft.roles.FollowerRole - RaftServer{raft-partition-3}{role=FOLLOWER} - Sending AppendResponse{status=OK, term=1, succeeded=true, lastLogIndex=1}
21:47:02.676 [raft-server-raft-partition-3] TRACE i.a.p.raft.roles.FollowerRole - RaftServer{raft-partition-3}{role=FOLLOWER} - Sending AppendResponse{status=OK, term=1, succeeded=true, lastLogIndex=1}
21:47:02.676 [raft-server-raft-partition-3] TRACE i.a.p.raft.roles.LeaderAppender - RaftServer{raft-partition-3} - Received AppendResponse{status=OK, term=1, succeeded=true, lastLogIndex=1} from 2
21:47:02.676 [raft-server-raft-partition-3] TRACE i.a.p.raft.roles.LeaderAppender - RaftServer{raft-partition-3} - Received AppendResponse{status=OK, term=1, succeeded=true, lastLogIndex=1} from 1
21:47:02.719 [raft-server-system-partition-1] TRACE i.a.p.raft.roles.LeaderAppender - RaftServer{system-partition-1} - Sending AppendRequest{term=1, leader=2, prevLogIndex=52, prevLogTerm=1, entries=0, commitIndex=52} to 1
21:47:02.720 [raft-server-system-partition-1] TRACE i.a.p.raft.roles.LeaderAppender - RaftServer{system-partition-1} - Sending AppendRequest{term=1, leader=2, prevLogIndex=52, prevLogTerm=1, entries=0, commitIndex=52} to 3
21:47:02.720 [raft-server-system-partition-1] TRACE i.a.p.raft.roles.FollowerRole - RaftServer{system-partition-1}{role=FOLLOWER} - Received AppendRequest{term=1, leader=2, prevLogIndex=52, prevLogTerm=1, entries=0, commitIndex=52}
21:47:02.720 [raft-server-system-partition-1] TRACE i.a.p.raft.roles.FollowerRole - RaftServer{system-partition-1}{role=FOLLOWER} - Received AppendRequest{term=1, leader=2, prevLogIndex=52, prevLogTerm=1, entries=0, commitIndex=52}
21:47:02.720 [raft-server-system-partition-1] TRACE i.a.p.raft.roles.FollowerRole - RaftServer{system-partition-1}{role=FOLLOWER} - Sending AppendResponse{status=OK, term=1, succeeded=true, lastLogIndex=52}
21:47:02.720 [raft-server-system-partition-1] TRACE i.a.p.raft.roles.FollowerRole - RaftServer{system-partition-1}{role=FOLLOWER} - Sending AppendResponse{status=OK, term=1, succeeded=true, lastLogIndex=52}
21:47:02.720 [raft-server-system-partition-1] TRACE i.a.p.raft.roles.LeaderAppender - RaftServer{system-partition-1} - Received AppendResponse{status=OK, term=1, succeeded=true, lastLogIndex=52} from 1
21:47:02.720 [raft-server-system-partition-1] TRACE i.a.p.raft.roles.LeaderAppender - RaftServer{system-partition-1} - Sending AppendRequest{term=1, leader=2, prevLogIndex=52, prevLogTerm=1, entries=0, commitIndex=52} to 1
21:47:02.720 [raft-server-system-partition-1] TRACE i.a.p.raft.roles.LeaderAppender - RaftServer{system-partition-1} - Received AppendResponse{status=OK, term=1, succeeded=true, lastLogIndex=52} from 3
21:47:02.720 [raft-server-system-partition-1] TRACE i.a.p.raft.roles.FollowerRole - RaftServer{system-partition-1}{role=FOLLOWER} - Received AppendRequest{term=1, leader=2, prevLogIndex=52, prevLogTerm=1, entries=0, commitIndex=52}
21:47:02.720 [raft-server-system-partition-1] TRACE i.a.p.raft.roles.FollowerRole - RaftServer{system-partition-1}{role=FOLLOWER} - Sending AppendResponse{status=OK, term=1, succeeded=true, lastLogIndex=52}
21:47:02.720 [raft-server-system-partition-1] TRACE i.a.p.raft.roles.LeaderAppender - RaftServer{system-partition-1} - Received AppendResponse{status=OK, term=1, succeeded=true, lastLogIndex=52} from 1
21:47:02.721 [Time-limited test] WARN  i.a.c.m.impl.NettyMessagingService - Disabling TLS for intra-cluster messaging; Could not load cluster key store: ../config/atomix.jks (No such file or directory)
21:47:02.723 [netty-messaging-event-epoll-server-0] INFO  i.a.c.m.impl.NettyMessagingService - localhost/127.0.0.1 accepting incoming connections on port 5010
21:47:02.723 [netty-messaging-event-epoll-server-0] INFO  i.a.c.m.impl.NettyMessagingService - Started
21:47:02.724 [atomix-cluster-0] INFO  i.a.c.i.DefaultClusterMembershipService - 10 - Member activated: StatefulMember{id=10, address=localhost:5010, metadata={}}
21:47:02.724 [atomix-cluster-0] INFO  i.a.c.i.DefaultClusterMembershipService - 10 - Member activated: StatefulMember{id=1, address=localhost:5001, metadata={}}
21:47:02.724 [atomix-cluster-0] INFO  i.a.c.i.DefaultClusterMembershipService - 10 - Member activated: StatefulMember{id=2, address=localhost:5002, metadata={}}
21:47:02.725 [atomix-cluster-0] INFO  i.a.c.i.DefaultClusterMembershipService - 10 - Member activated: StatefulMember{id=3, address=localhost:5003, metadata={}}
21:47:02.725 [netty-messaging-event-epoll-client-2] INFO  i.a.c.i.DefaultClusterMembershipService - Started
21:47:02.726 [atomix-cluster-0] INFO  i.a.c.m.i.DefaultClusterCommunicationService - Started
21:47:02.726 [atomix-cluster-0] INFO  i.a.c.m.i.DefaultClusterEventService - Started
21:47:02.733 [atomix-partition-group-membership-service-0] INFO  i.a.p.p.i.DefaultPartitionGroupMembershipService - Started
21:47:02.733 [atomix-partition-group-membership-service-0] INFO  i.a.p.p.i.HashBasedPrimaryElectionService - Started
21:47:02.733 [raft-client-system-partition-1-0] INFO  i.a.p.r.p.impl.RaftPartitionClient - Successfully started client for partition PartitionId{id=1, group=system}
21:47:02.733 [raft-client-system-partition-1-0] INFO  i.a.p.r.partition.RaftPartitionGroup - Started
21:47:02.734 [raft-client-system-partition-1-0] DEBUG i.a.p.r.s.impl.RaftSessionManager - RaftClient{system-partition-1} - Opening session; name: atomix-primary-elector, type: PrimaryElectorType{name=PRIMARY_ELECTOR}
21:47:02.735 [raft-client-system-partition-1-0] TRACE i.a.p.r.s.impl.RaftSessionConnection - RaftClient{system-partition-1} - Sending OpenSessionRequest{node=10, serviceName=atomix-primary-elector, serviceType=PRIMARY_ELECTOR, readConsistency=SEQUENTIAL, minTimeout=250, maxTimeout=30000} to 3
21:47:02.736 [raft-server-system-partition-1] TRACE i.a.p.raft.roles.FollowerRole - RaftServer{system-partition-1}{role=FOLLOWER} - Received OpenSessionRequest{node=10, serviceName=atomix-primary-elector, serviceType=PRIMARY_ELECTOR, readConsistency=SEQUENTIAL, minTimeout=250, maxTimeout=30000}
21:47:02.736 [raft-server-system-partition-1] TRACE i.a.protocols.raft.roles.LeaderRole - RaftServer{system-partition-1}{role=LEADER} - Received OpenSessionRequest{node=10, serviceName=atomix-primary-elector, serviceType=PRIMARY_ELECTOR, readConsistency=SEQUENTIAL, minTimeout=250, maxTimeout=30000}
21:47:02.736 [raft-server-system-partition-1] TRACE i.a.protocols.raft.roles.LeaderRole - RaftServer{system-partition-1}{role=LEADER} - Appended Indexed{index=53, entry=OpenSessionEntry{term=1, timestamp=2018-06-10 09:47:02,736, node=10, serviceName=atomix-primary-elector, serviceType=PRIMARY_ELECTOR, serviceConfig=byte[]{length=2, hash=2636}, readConsistency=SEQUENTIAL, minTimeout=250, maxTimeout=30000}}
21:47:02.736 [raft-server-system-partition-1] TRACE i.a.p.raft.roles.LeaderAppender - RaftServer{system-partition-1} - Sending AppendRequest{term=1, leader=2, prevLogIndex=52, prevLogTerm=1, entries=1, commitIndex=52} to 1
21:47:02.736 [raft-server-system-partition-1] TRACE i.a.p.raft.roles.LeaderAppender - RaftServer{system-partition-1} - Sending AppendRequest{term=1, leader=2, prevLogIndex=52, prevLogTerm=1, entries=1, commitIndex=52} to 3
21:47:02.736 [raft-server-system-partition-1] TRACE i.a.p.raft.roles.FollowerRole - RaftServer{system-partition-1}{role=FOLLOWER} - Received AppendRequest{term=1, leader=2, prevLogIndex=52, prevLogTerm=1, entries=1, commitIndex=52}
21:47:02.736 [raft-server-system-partition-1] TRACE i.a.p.raft.roles.FollowerRole - RaftServer{system-partition-1}{role=FOLLOWER} - Received AppendRequest{term=1, leader=2, prevLogIndex=52, prevLogTerm=1, entries=1, commitIndex=52}
21:47:02.736 [raft-server-system-partition-1] TRACE i.a.p.raft.roles.FollowerRole - RaftServer{system-partition-1}{role=FOLLOWER} - Appended Indexed{index=53, entry=OpenSessionEntry{term=1, timestamp=2018-06-10 09:47:02,736, node=10, serviceName=atomix-primary-elector, serviceType=PRIMARY_ELECTOR, serviceConfig=byte[]{length=2, hash=2636}, readConsistency=SEQUENTIAL, minTimeout=250, maxTimeout=30000}}
21:47:02.737 [raft-server-system-partition-1] TRACE i.a.p.raft.roles.FollowerRole - RaftServer{system-partition-1}{role=FOLLOWER} - Appended Indexed{index=53, entry=OpenSessionEntry{term=1, timestamp=2018-06-10 09:47:02,736, node=10, serviceName=atomix-primary-elector, serviceType=PRIMARY_ELECTOR, serviceConfig=byte[]{length=2, hash=2636}, readConsistency=SEQUENTIAL, minTimeout=250, maxTimeout=30000}}
21:47:02.737 [raft-server-system-partition-1] TRACE i.a.p.raft.roles.FollowerRole - RaftServer{system-partition-1}{role=FOLLOWER} - Sending AppendResponse{status=OK, term=1, succeeded=true, lastLogIndex=53}
21:47:02.737 [raft-server-system-partition-1] TRACE i.a.p.raft.roles.FollowerRole - RaftServer{system-partition-1}{role=FOLLOWER} - Sending AppendResponse{status=OK, term=1, succeeded=true, lastLogIndex=53}
21:47:02.737 [raft-server-system-partition-1] TRACE i.a.p.raft.roles.LeaderAppender - RaftServer{system-partition-1} - Received AppendResponse{status=OK, term=1, succeeded=true, lastLogIndex=53} from 3
21:47:02.737 [raft-server-system-partition-1] TRACE i.a.p.raft.roles.LeaderAppender - RaftServer{system-partition-1} - Committed entries up to 53
21:47:02.753 [raft-server-raft-partition-2] TRACE i.a.p.raft.roles.LeaderAppender - RaftServer{raft-partition-2} - Sending AppendRequest{term=1, leader=3, prevLogIndex=9, prevLogTerm=1, entries=0, commitIndex=9} to 1
21:47:02.753 [raft-server-raft-partition-2] TRACE i.a.p.raft.roles.LeaderAppender - RaftServer{raft-partition-2} - Sending AppendRequest{term=1, leader=3, prevLogIndex=9, prevLogTerm=1, entries=0, commitIndex=9} to 2
21:47:02.753 [raft-server-raft-partition-2] TRACE i.a.p.raft.roles.FollowerRole - RaftServer{raft-partition-2}{role=FOLLOWER} - Received AppendRequest{term=1, leader=3, prevLogIndex=9, prevLogTerm=1, entries=0, commitIndex=9}
21:47:02.753 [raft-server-raft-partition-2] TRACE i.a.p.raft.roles.FollowerRole - RaftServer{raft-partition-2}{role=FOLLOWER} - Sending AppendResponse{status=OK, term=1, succeeded=true, lastLogIndex=9}
21:47:02.753 [raft-server-raft-partition-2] TRACE i.a.p.raft.roles.FollowerRole - RaftServer{raft-partition-2}{role=FOLLOWER} - Received AppendRequest{term=1, leader=3, prevLogIndex=9, prevLogTerm=1, entries=0, commitIndex=9}
21:47:02.753 [raft-server-raft-partition-2] TRACE i.a.p.raft.roles.FollowerRole - RaftServer{raft-partition-2}{role=FOLLOWER} - Sending AppendResponse{status=OK, term=1, succeeded=true, lastLogIndex=9}
21:47:02.753 [raft-server-raft-partition-2] TRACE i.a.p.raft.roles.LeaderAppender - RaftServer{raft-partition-2} - Received AppendResponse{status=OK, term=1, succeeded=true, lastLogIndex=9} from 1
21:47:02.753 [raft-server-raft-partition-2] TRACE i.a.p.raft.roles.LeaderAppender - RaftServer{raft-partition-2} - Sending AppendRequest{term=1, leader=3, prevLogIndex=9, prevLogTerm=1, entries=0, commitIndex=9} to 1
21:47:02.753 [raft-server-raft-partition-2] TRACE i.a.p.raft.roles.LeaderAppender - RaftServer{raft-partition-2} - Received AppendResponse{status=OK, term=1, succeeded=true, lastLogIndex=9} from 2
21:47:02.753 [raft-server-raft-partition-2] TRACE i.a.p.raft.roles.LeaderAppender - RaftServer{raft-partition-2} - Sending AppendRequest{term=1, leader=3, prevLogIndex=9, prevLogTerm=1, entries=0, commitIndex=9} to 2
21:47:02.754 [raft-server-raft-partition-2] TRACE i.a.p.raft.roles.FollowerRole - RaftServer{raft-partition-2}{role=FOLLOWER} - Received AppendRequest{term=1, leader=3, prevLogIndex=9, prevLogTerm=1, entries=0, commitIndex=9}
21:47:02.754 [raft-server-raft-partition-2] TRACE i.a.p.raft.roles.FollowerRole - RaftServer{raft-partition-2}{role=FOLLOWER} - Sending AppendResponse{status=OK, term=1, succeeded=true, lastLogIndex=9}
21:47:02.754 [raft-server-raft-partition-2] TRACE i.a.p.raft.roles.FollowerRole - RaftServer{raft-partition-2}{role=FOLLOWER} - Received AppendRequest{term=1, leader=3, prevLogIndex=9, prevLogTerm=1, entries=0, commitIndex=9}
21:47:02.754 [raft-server-raft-partition-2] TRACE i.a.p.raft.roles.FollowerRole - RaftServer{raft-partition-2}{role=FOLLOWER} - Sending AppendResponse{status=OK, term=1, succeeded=true, lastLogIndex=9}
21:47:02.754 [raft-server-raft-partition-2] TRACE i.a.p.raft.roles.LeaderAppender - RaftServer{raft-partition-2} - Received AppendResponse{status=OK, term=1, succeeded=true, lastLogIndex=9} from 1
21:47:02.754 [raft-server-raft-partition-2] TRACE i.a.p.raft.roles.LeaderAppender - RaftServer{raft-partition-2} - Sending AppendRequest{term=1, leader=3, prevLogIndex=9, prevLogTerm=1, entries=0, commitIndex=9} to 1
21:47:02.754 [raft-server-raft-partition-2] TRACE i.a.p.raft.roles.LeaderAppender - RaftServer{raft-partition-2} - Received AppendResponse{status=OK, term=1, succeeded=true, lastLogIndex=9} from 2
21:47:02.754 [raft-server-raft-partition-2] TRACE i.a.p.raft.roles.LeaderAppender - RaftServer{raft-partition-2} - Sending AppendRequest{term=1, leader=3, prevLogIndex=9, prevLogTerm=1, entries=0, commitIndex=9} to 2
21:47:02.754 [raft-server-raft-partition-2] TRACE i.a.p.raft.roles.FollowerRole - RaftServer{raft-partition-2}{role=FOLLOWER} - Received AppendRequest{term=1, leader=3, prevLogIndex=9, prevLogTerm=1, entries=0, commitIndex=9}
21:47:02.754 [raft-server-raft-partition-2] TRACE i.a.p.raft.roles.FollowerRole - RaftServer{raft-partition-2}{role=FOLLOWER} - Sending AppendResponse{status=OK, term=1, succeeded=true, lastLogIndex=9}
21:47:02.754 [raft-server-raft-partition-2] TRACE i.a.p.raft.roles.FollowerRole - RaftServer{raft-partition-2}{role=FOLLOWER} - Received AppendRequest{term=1, leader=3, prevLogIndex=9, prevLogTerm=1, entries=0, commitIndex=9}
21:47:02.754 [raft-server-raft-partition-2] TRACE i.a.p.raft.roles.FollowerRole - RaftServer{raft-partition-2}{role=FOLLOWER} - Sending AppendResponse{status=OK, term=1, succeeded=true, lastLogIndex=9}
21:47:02.755 [raft-server-raft-partition-2] TRACE i.a.p.raft.roles.LeaderAppender - RaftServer{raft-partition-2} - Received AppendResponse{status=OK, term=1, succeeded=true, lastLogIndex=9} from 1
21:47:02.755 [raft-server-raft-partition-2] TRACE i.a.p.raft.roles.LeaderAppender - RaftServer{raft-partition-2} - Received AppendResponse{status=OK, term=1, succeeded=true, lastLogIndex=9} from 2
21:47:02.768 [raft-server-system-partition-1] TRACE i.a.p.raft.roles.LeaderAppender - RaftServer{system-partition-1} - Received AppendResponse{status=OK, term=1, succeeded=true, lastLogIndex=53} from 1
21:47:02.768 [raft-server-system-partition-1-state] TRACE i.a.p.raft.impl.RaftServiceManager - RaftServer{system-partition-1} - Applying Indexed{index=53, entry=OpenSessionEntry{term=1, timestamp=2018-06-10 09:47:02,736, node=10, serviceName=atomix-primary-elector, serviceType=PRIMARY_ELECTOR, serviceConfig=byte[]{length=2, hash=2636}, readConsistency=SEQUENTIAL, minTimeout=250, maxTimeout=30000}}
21:47:02.768 [raft-server-system-partition-1-state] DEBUG i.a.p.r.service.RaftServiceContext - PrimitiveService{2}{type=PrimaryElectorType{name=PRIMARY_ELECTOR}, name=atomix-primary-elector} - Opening session 53
21:47:02.768 [raft-server-system-partition-1-state] DEBUG i.a.p.raft.session.RaftSession - Session{53}{type=PrimaryElectorType{name=PRIMARY_ELECTOR}, name=atomix-primary-elector} - State changed: OPEN
21:47:02.768 [raft-server-system-partition-1-state] TRACE i.a.protocols.raft.roles.LeaderRole - RaftServer{system-partition-1}{role=LEADER} - Sending OpenSessionResponse{status=OK, session=53, timeout=30000}
21:47:02.769 [raft-server-system-partition-1] TRACE i.a.p.raft.roles.FollowerRole - RaftServer{system-partition-1}{role=FOLLOWER} - Sending OpenSessionResponse{status=OK, session=53, timeout=30000}
21:47:02.769 [raft-client-system-partition-1-1] TRACE i.a.p.r.s.impl.RaftSessionConnection - RaftClient{system-partition-1} - Received OpenSessionResponse{status=OK, session=53, timeout=30000} from 3
21:47:02.770 [raft-client-system-partition-1-0] TRACE i.a.p.r.s.impl.RaftSessionManager - RaftClient{system-partition-1} - Keeping 1 sessions alive
21:47:02.770 [raft-client-system-partition-1-2] TRACE i.a.p.r.s.impl.RaftSessionConnection - RaftClient{system-partition-1} - Sending KeepAliveRequest{sessionIds=long[]{length=1, hash=84}, commandSequences=long[]{length=1, hash=31}, eventIndexes=long[]{length=1, hash=84}} to 3
21:47:02.770 [raft-client-system-partition-1-1] DEBUG i.a.p.r.s.impl.RaftSessionManager - RaftClient{system-partition-1} - Opening session; name: session-id, type: SessionIdGeneratorType{name=SESSION_ID_GENERATOR}
21:47:02.771 [raft-server-system-partition-1] TRACE i.a.p.raft.roles.FollowerRole - RaftServer{system-partition-1}{role=FOLLOWER} - Received KeepAliveRequest{sessionIds=long[]{length=1, hash=84}, commandSequences=long[]{length=1, hash=31}, eventIndexes=long[]{length=1, hash=84}}
21:47:02.771 [raft-server-system-partition-1] TRACE i.a.protocols.raft.roles.LeaderRole - RaftServer{system-partition-1}{role=LEADER} - Received KeepAliveRequest{sessionIds=long[]{length=1, hash=84}, commandSequences=long[]{length=1, hash=31}, eventIndexes=long[]{length=1, hash=84}}
21:47:02.771 [raft-server-system-partition-1] TRACE i.a.protocols.raft.roles.LeaderRole - RaftServer{system-partition-1}{role=LEADER} - Appended Indexed{index=54, entry=KeepAliveEntry{term=1, timestamp=2018-06-10 09:47:02,771, sessionIds=long[]{length=1, hash=84}, commandSequences=long[]{length=1, hash=31}, eventIndexes=long[]{length=1, hash=84}}}
21:47:02.771 [raft-server-system-partition-1] TRACE i.a.p.raft.roles.LeaderAppender - RaftServer{system-partition-1} - Sending AppendRequest{term=1, leader=2, prevLogIndex=53, prevLogTerm=1, entries=1, commitIndex=53} to 1
21:47:02.771 [raft-server-system-partition-1] TRACE i.a.p.raft.roles.LeaderAppender - RaftServer{system-partition-1} - Sending AppendRequest{term=1, leader=2, prevLogIndex=53, prevLogTerm=1, entries=1, commitIndex=53} to 3
21:47:02.771 [raft-server-system-partition-1] TRACE i.a.p.raft.roles.FollowerRole - RaftServer{system-partition-1}{role=FOLLOWER} - Received AppendRequest{term=1, leader=2, prevLogIndex=53, prevLogTerm=1, entries=1, commitIndex=53}
21:47:02.771 [raft-server-system-partition-1] TRACE i.a.p.raft.roles.FollowerRole - RaftServer{system-partition-1}{role=FOLLOWER} - Received AppendRequest{term=1, leader=2, prevLogIndex=53, prevLogTerm=1, entries=1, commitIndex=53}
21:47:02.772 [raft-server-system-partition-1] TRACE i.a.p.raft.roles.FollowerRole - RaftServer{system-partition-1}{role=FOLLOWER} - Appended Indexed{index=54, entry=KeepAliveEntry{term=1, timestamp=2018-06-10 09:47:02,771, sessionIds=long[]{length=1, hash=84}, commandSequences=long[]{length=1, hash=31}, eventIndexes=long[]{length=1, hash=84}}}
21:47:02.772 [raft-server-system-partition-1] TRACE i.a.p.raft.roles.FollowerRole - RaftServer{system-partition-1}{role=FOLLOWER} - Appended Indexed{index=54, entry=KeepAliveEntry{term=1, timestamp=2018-06-10 09:47:02,771, sessionIds=long[]{length=1, hash=84}, commandSequences=long[]{length=1, hash=31}, eventIndexes=long[]{length=1, hash=84}}}
21:47:02.772 [raft-client-system-partition-1-4] TRACE i.a.p.r.s.impl.RaftSessionConnection - RaftClient{system-partition-1} - Sending OpenSessionRequest{node=10, serviceName=session-id, serviceType=SESSION_ID_GENERATOR, readConsistency=SEQUENTIAL, minTimeout=250, maxTimeout=30000} to 3
21:47:02.805 [raft-server-system-partition-1] TRACE i.a.p.raft.roles.FollowerRole - RaftServer{system-partition-1}{role=FOLLOWER} - Committed entries up to index 53
21:47:02.805 [raft-server-system-partition-1] TRACE i.a.p.raft.roles.FollowerRole - RaftServer{system-partition-1}{role=FOLLOWER} - Sending AppendResponse{status=OK, term=1, succeeded=true, lastLogIndex=54}
21:47:02.805 [raft-server-system-partition-1-state] TRACE i.a.p.raft.impl.RaftServiceManager - RaftServer{system-partition-1} - Applying Indexed{index=53, entry=OpenSessionEntry{term=1, timestamp=2018-06-10 09:47:02,736, node=10, serviceName=atomix-primary-elector, serviceType=PRIMARY_ELECTOR, serviceConfig=byte[]{length=2, hash=2636}, readConsistency=SEQUENTIAL, minTimeout=250, maxTimeout=30000}}
21:47:02.805 [raft-server-system-partition-1-state] DEBUG i.a.p.r.service.RaftServiceContext - PrimitiveService{2}{type=PrimaryElectorType{name=PRIMARY_ELECTOR}, name=atomix-primary-elector} - Opening session 53
21:47:02.805 [raft-server-system-partition-1] TRACE i.a.p.raft.roles.LeaderAppender - RaftServer{system-partition-1} - Received AppendResponse{status=OK, term=1, succeeded=true, lastLogIndex=54} from 1
21:47:02.805 [raft-server-system-partition-1-state] DEBUG i.a.p.raft.session.RaftSession - Session{53}{type=PrimaryElectorType{name=PRIMARY_ELECTOR}, name=atomix-primary-elector} - State changed: OPEN
21:47:02.805 [raft-server-system-partition-1] TRACE i.a.p.raft.roles.LeaderAppender - RaftServer{system-partition-1} - Committed entries up to 54
21:47:02.826 [raft-server-system-partition-1] TRACE i.a.p.raft.roles.FollowerRole - RaftServer{system-partition-1}{role=FOLLOWER} - Committed entries up to index 53
21:47:02.826 [raft-server-system-partition-1] TRACE i.a.p.raft.roles.FollowerRole - RaftServer{system-partition-1}{role=FOLLOWER} - Sending AppendResponse{status=OK, term=1, succeeded=true, lastLogIndex=54}
21:47:02.826 [raft-server-system-partition-1] TRACE i.a.p.raft.roles.FollowerRole - RaftServer{system-partition-1}{role=FOLLOWER} - Received OpenSessionRequest{node=10, serviceName=session-id, serviceType=SESSION_ID_GENERATOR, readConsistency=SEQUENTIAL, minTimeout=250, maxTimeout=30000}
21:47:02.827 [raft-server-system-partition-1-state] TRACE i.a.p.raft.impl.RaftServiceManager - RaftServer{system-partition-1} - Applying Indexed{index=53, entry=OpenSessionEntry{term=1, timestamp=2018-06-10 09:47:02,736, node=10, serviceName=atomix-primary-elector, serviceType=PRIMARY_ELECTOR, serviceConfig=byte[]{length=2, hash=2636}, readConsistency=SEQUENTIAL, minTimeout=250, maxTimeout=30000}}
21:47:02.827 [raft-server-system-partition-1-state] DEBUG i.a.p.r.service.RaftServiceContext - PrimitiveService{2}{type=PrimaryElectorType{name=PRIMARY_ELECTOR}, name=atomix-primary-elector} - Opening session 53
21:47:02.827 [raft-server-system-partition-1-state] DEBUG i.a.p.raft.session.RaftSession - Session{53}{type=PrimaryElectorType{name=PRIMARY_ELECTOR}, name=atomix-primary-elector} - State changed: OPEN
21:47:02.828 [raft-server-raft-partition-1] TRACE i.a.p.raft.roles.LeaderAppender - RaftServer{raft-partition-1} - Sending AppendRequest{term=1, leader=2, prevLogIndex=1, prevLogTerm=1, entries=0, commitIndex=1} to 1
21:47:02.828 [raft-server-raft-partition-1] TRACE i.a.p.raft.roles.LeaderAppender - RaftServer{raft-partition-1} - Sending AppendRequest{term=1, leader=2, prevLogIndex=1, prevLogTerm=1, entries=0, commitIndex=1} to 3
21:47:02.828 [raft-server-raft-partition-1] TRACE i.a.p.raft.roles.FollowerRole - RaftServer{raft-partition-1}{role=FOLLOWER} - Received AppendRequest{term=1, leader=2, prevLogIndex=1, prevLogTerm=1, entries=0, commitIndex=1}
21:47:02.828 [raft-server-raft-partition-1] TRACE i.a.p.raft.roles.FollowerRole - RaftServer{raft-partition-1}{role=FOLLOWER} - Received AppendRequest{term=1, leader=2, prevLogIndex=1, prevLogTerm=1, entries=0, commitIndex=1}
21:47:02.828 [raft-server-raft-partition-1] TRACE i.a.p.raft.roles.FollowerRole - RaftServer{raft-partition-1}{role=FOLLOWER} - Sending AppendResponse{status=OK, term=1, succeeded=true, lastLogIndex=1}
21:47:02.828 [raft-server-raft-partition-1] TRACE i.a.p.raft.roles.FollowerRole - RaftServer{raft-partition-1}{role=FOLLOWER} - Sending AppendResponse{status=OK, term=1, succeeded=true, lastLogIndex=1}
21:47:02.828 [raft-server-raft-partition-1] TRACE i.a.p.raft.roles.LeaderAppender - RaftServer{raft-partition-1} - Received AppendResponse{status=OK, term=1, succeeded=true, lastLogIndex=1} from 3
21:47:02.828 [raft-server-raft-partition-1] TRACE i.a.p.raft.roles.LeaderAppender - RaftServer{raft-partition-1} - Sending AppendRequest{term=1, leader=2, prevLogIndex=1, prevLogTerm=1, entries=0, commitIndex=1} to 3
21:47:02.828 [raft-server-raft-partition-1] TRACE i.a.p.raft.roles.LeaderAppender - RaftServer{raft-partition-1} - Received AppendResponse{status=OK, term=1, succeeded=true, lastLogIndex=1} from 1
21:47:02.828 [raft-server-raft-partition-1] TRACE i.a.p.raft.roles.LeaderAppender - RaftServer{raft-partition-1} - Sending AppendRequest{term=1, leader=2, prevLogIndex=1, prevLogTerm=1, entries=0, commitIndex=1} to 1
21:47:02.828 [raft-server-raft-partition-1] TRACE i.a.p.raft.roles.FollowerRole - RaftServer{raft-partition-1}{role=FOLLOWER} - Received AppendRequest{term=1, leader=2, prevLogIndex=1, prevLogTerm=1, entries=0, commitIndex=1}
21:47:02.828 [raft-server-raft-partition-1] TRACE i.a.p.raft.roles.FollowerRole - RaftServer{raft-partition-1}{role=FOLLOWER} - Sending AppendResponse{status=OK, term=1, succeeded=true, lastLogIndex=1}
21:47:02.828 [raft-server-raft-partition-1] TRACE i.a.p.raft.roles.FollowerRole - RaftServer{raft-partition-1}{role=FOLLOWER} - Received AppendRequest{term=1, leader=2, prevLogIndex=1, prevLogTerm=1, entries=0, commitIndex=1}
21:47:02.828 [raft-server-raft-partition-1] TRACE i.a.p.raft.roles.FollowerRole - RaftServer{raft-partition-1}{role=FOLLOWER} - Sending AppendResponse{status=OK, term=1, succeeded=true, lastLogIndex=1}
21:47:02.829 [raft-server-raft-partition-1] TRACE i.a.p.raft.roles.LeaderAppender - RaftServer{raft-partition-1} - Received AppendResponse{status=OK, term=1, succeeded=true, lastLogIndex=1} from 3
21:47:02.829 [raft-server-raft-partition-1] TRACE i.a.p.raft.roles.LeaderAppender - RaftServer{raft-partition-1} - Sending AppendRequest{term=1, leader=2, prevLogIndex=1, prevLogTerm=1, entries=0, commitIndex=1} to 3
21:47:02.829 [raft-server-raft-partition-1] TRACE i.a.p.raft.roles.FollowerRole - RaftServer{raft-partition-1}{role=FOLLOWER} - Received AppendRequest{term=1, leader=2, prevLogIndex=1, prevLogTerm=1, entries=0, commitIndex=1}
21:47:02.829 [raft-server-raft-partition-1] TRACE i.a.p.raft.roles.LeaderAppender - RaftServer{raft-partition-1} - Received AppendResponse{status=OK, term=1, succeeded=true, lastLogIndex=1} from 1
21:47:02.829 [raft-server-raft-partition-1] TRACE i.a.p.raft.roles.FollowerRole - RaftServer{raft-partition-1}{role=FOLLOWER} - Sending AppendResponse{status=OK, term=1, succeeded=true, lastLogIndex=1}
21:47:02.829 [raft-server-raft-partition-1] TRACE i.a.p.raft.roles.LeaderAppender - RaftServer{raft-partition-1} - Sending AppendRequest{term=1, leader=2, prevLogIndex=1, prevLogTerm=1, entries=0, commitIndex=1} to 1
21:47:02.829 [raft-server-raft-partition-1] TRACE i.a.p.raft.roles.LeaderAppender - RaftServer{raft-partition-1} - Received AppendResponse{status=OK, term=1, succeeded=true, lastLogIndex=1} from 3
21:47:02.829 [raft-server-raft-partition-1] TRACE i.a.p.raft.roles.FollowerRole - RaftServer{raft-partition-1}{role=FOLLOWER} - Received AppendRequest{term=1, leader=2, prevLogIndex=1, prevLogTerm=1, entries=0, commitIndex=1}
21:47:02.829 [raft-server-raft-partition-1] TRACE i.a.p.raft.roles.FollowerRole - RaftServer{raft-partition-1}{role=FOLLOWER} - Sending AppendResponse{status=OK, term=1, succeeded=true, lastLogIndex=1}
21:47:02.829 [raft-server-raft-partition-1] TRACE i.a.p.raft.roles.LeaderAppender - RaftServer{raft-partition-1} - Received AppendResponse{status=OK, term=1, succeeded=true, lastLogIndex=1} from 1
21:47:02.855 [raft-server-system-partition-1] TRACE i.a.p.raft.roles.LeaderAppender - RaftServer{system-partition-1} - Received AppendResponse{status=OK, term=1, succeeded=true, lastLogIndex=54} from 3
21:47:02.855 [raft-server-system-partition-1] TRACE i.a.protocols.raft.roles.LeaderRole - RaftServer{system-partition-1}{role=LEADER} - Received OpenSessionRequest{node=10, serviceName=session-id, serviceType=SESSION_ID_GENERATOR, readConsistency=SEQUENTIAL, minTimeout=250, maxTimeout=30000}
21:47:02.855 [raft-server-system-partition-1] TRACE i.a.protocols.raft.roles.LeaderRole - RaftServer{system-partition-1}{role=LEADER} - Appended Indexed{index=55, entry=OpenSessionEntry{term=1, timestamp=2018-06-10 09:47:02,855, node=10, serviceName=session-id, serviceType=SESSION_ID_GENERATOR, serviceConfig=byte[]{length=2, hash=2636}, readConsistency=SEQUENTIAL, minTimeout=250, maxTimeout=30000}}
21:47:02.855 [raft-server-system-partition-1] TRACE i.a.p.raft.roles.LeaderAppender - RaftServer{system-partition-1} - Sending AppendRequest{term=1, leader=2, prevLogIndex=54, prevLogTerm=1, entries=1, commitIndex=54} to 1
21:47:02.855 [raft-server-system-partition-1-state] TRACE i.a.p.raft.impl.RaftServiceManager - RaftServer{system-partition-1} - Applying Indexed{index=54, entry=KeepAliveEntry{term=1, timestamp=2018-06-10 09:47:02,771, sessionIds=long[]{length=1, hash=84}, commandSequences=long[]{length=1, hash=31}, eventIndexes=long[]{length=1, hash=84}}}
21:47:02.855 [raft-server-system-partition-1] TRACE i.a.p.raft.roles.LeaderAppender - RaftServer{system-partition-1} - Sending AppendRequest{term=1, leader=2, prevLogIndex=54, prevLogTerm=1, entries=1, commitIndex=54} to 3
21:47:02.856 [raft-server-system-partition-1] TRACE i.a.protocols.raft.roles.LeaderRole - RaftServer{system-partition-1}{role=LEADER} - Sending KeepAliveResponse{status=OK, leader=2, members=[1, 2, 3], sessionIds=long[]{length=1, hash=84}}
21:47:02.856 [raft-server-system-partition-1] TRACE i.a.p.raft.roles.FollowerRole - RaftServer{system-partition-1}{role=FOLLOWER} - Sending KeepAliveResponse{status=OK, leader=2, members=[1, 2, 3], sessionIds=long[]{length=1, hash=84}}
21:47:02.856 [raft-server-system-partition-1] TRACE i.a.p.raft.roles.FollowerRole - RaftServer{system-partition-1}{role=FOLLOWER} - Received AppendRequest{term=1, leader=2, prevLogIndex=54, prevLogTerm=1, entries=1, commitIndex=54}
21:47:02.856 [raft-server-system-partition-1] TRACE i.a.p.raft.roles.FollowerRole - RaftServer{system-partition-1}{role=FOLLOWER} - Received AppendRequest{term=1, leader=2, prevLogIndex=54, prevLogTerm=1, entries=1, commitIndex=54}
21:47:02.856 [raft-server-system-partition-1] TRACE i.a.p.raft.roles.FollowerRole - RaftServer{system-partition-1}{role=FOLLOWER} - Appended Indexed{index=55, entry=OpenSessionEntry{term=1, timestamp=2018-06-10 09:47:02,855, node=10, serviceName=session-id, serviceType=SESSION_ID_GENERATOR, serviceConfig=byte[]{length=2, hash=2636}, readConsistency=SEQUENTIAL, minTimeout=250, maxTimeout=30000}}
21:47:02.856 [raft-server-system-partition-1] TRACE i.a.p.raft.roles.FollowerRole - RaftServer{system-partition-1}{role=FOLLOWER} - Appended Indexed{index=55, entry=OpenSessionEntry{term=1, timestamp=2018-06-10 09:47:02,855, node=10, serviceName=session-id, serviceType=SESSION_ID_GENERATOR, serviceConfig=byte[]{length=2, hash=2636}, readConsistency=SEQUENTIAL, minTimeout=250, maxTimeout=30000}}
21:47:02.856 [raft-client-system-partition-1-0] TRACE i.a.p.r.s.impl.RaftSessionConnection - RaftClient{system-partition-1} - Received KeepAliveResponse{status=OK, leader=2, members=[1, 2, 3], sessionIds=long[]{length=1, hash=84}} from 3
21:47:02.888 [raft-server-system-partition-1] TRACE i.a.p.raft.roles.FollowerRole - RaftServer{system-partition-1}{role=FOLLOWER} - Committed entries up to index 54
21:47:02.888 [raft-server-system-partition-1] TRACE i.a.p.raft.roles.FollowerRole - RaftServer{system-partition-1}{role=FOLLOWER} - Sending AppendResponse{status=OK, term=1, succeeded=true, lastLogIndex=55}
21:47:02.889 [raft-server-system-partition-1-state] TRACE i.a.p.raft.impl.RaftServiceManager - RaftServer{system-partition-1} - Applying Indexed{index=54, entry=KeepAliveEntry{term=1, timestamp=2018-06-10 09:47:02,771, sessionIds=long[]{length=1, hash=84}, commandSequences=long[]{length=1, hash=31}, eventIndexes=long[]{length=1, hash=84}}}
21:47:02.889 [raft-server-system-partition-1] TRACE i.a.p.raft.roles.LeaderAppender - RaftServer{system-partition-1} - Received AppendResponse{status=OK, term=1, succeeded=true, lastLogIndex=55} from 1
21:47:02.889 [raft-server-system-partition-1] TRACE i.a.p.raft.roles.LeaderAppender - RaftServer{system-partition-1} - Committed entries up to 55
21:47:02.889 [raft-server-system-partition-1-state] TRACE i.a.p.raft.impl.RaftServiceManager - RaftServer{system-partition-1} - Applying Indexed{index=55, entry=OpenSessionEntry{term=1, timestamp=2018-06-10 09:47:02,855, node=10, serviceName=session-id, serviceType=SESSION_ID_GENERATOR, serviceConfig=byte[]{length=2, hash=2636}, readConsistency=SEQUENTIAL, minTimeout=250, maxTimeout=30000}}
21:47:02.889 [raft-server-system-partition-1-state] DEBUG i.a.p.r.service.RaftServiceContext - PrimitiveService{4}{type=SessionIdGeneratorType{name=SESSION_ID_GENERATOR}, name=session-id} - Opening session 55
21:47:02.889 [raft-server-system-partition-1-state] DEBUG i.a.p.raft.session.RaftSession - Session{55}{type=SessionIdGeneratorType{name=SESSION_ID_GENERATOR}, name=session-id} - State changed: OPEN
21:47:02.889 [raft-server-system-partition-1-state] TRACE i.a.protocols.raft.roles.LeaderRole - RaftServer{system-partition-1}{role=LEADER} - Sending OpenSessionResponse{status=OK, session=55, timeout=30000}
21:47:02.913 [raft-server-system-partition-1] TRACE i.a.p.raft.roles.FollowerRole - RaftServer{system-partition-1}{role=FOLLOWER} - Committed entries up to index 54
21:47:02.913 [raft-server-system-partition-1] TRACE i.a.p.raft.roles.FollowerRole - RaftServer{system-partition-1}{role=FOLLOWER} - Sending AppendResponse{status=OK, term=1, succeeded=true, lastLogIndex=55}
21:47:02.914 [raft-server-system-partition-1] TRACE i.a.p.raft.roles.FollowerRole - RaftServer{system-partition-1}{role=FOLLOWER} - Sending OpenSessionResponse{status=OK, session=55, timeout=30000}
21:47:02.914 [raft-server-system-partition-1-state] TRACE i.a.p.raft.impl.RaftServiceManager - RaftServer{system-partition-1} - Applying Indexed{index=54, entry=KeepAliveEntry{term=1, timestamp=2018-06-10 09:47:02,771, sessionIds=long[]{length=1, hash=84}, commandSequences=long[]{length=1, hash=31}, eventIndexes=long[]{length=1, hash=84}}}
21:47:02.914 [raft-server-system-partition-1] TRACE i.a.p.raft.roles.LeaderAppender - RaftServer{system-partition-1} - Received AppendResponse{status=OK, term=1, succeeded=true, lastLogIndex=55} from 3
21:47:02.914 [raft-client-system-partition-1-5] TRACE i.a.p.r.s.impl.RaftSessionConnection - RaftClient{system-partition-1} - Received OpenSessionResponse{status=OK, session=55, timeout=30000} from 3
21:47:02.914 [raft-client-system-partition-1-1] TRACE i.a.p.r.s.impl.RaftSessionManager - RaftClient{system-partition-1} - Keeping 2 sessions alive
21:47:02.914 [raft-client-system-partition-1-4] TRACE i.a.p.r.s.impl.RaftSessionConnection - RaftClient{system-partition-1} - Sending KeepAliveRequest{sessionIds=long[]{length=2, hash=2659}, commandSequences=long[]{length=2, hash=961}, eventIndexes=long[]{length=2, hash=2659}} to 3
21:47:02.915 [raft-client-system-partition-1-2] INFO  i.a.p.b.p.i.PrimaryBackupPartitionClient - Successfully started client for PartitionId{id=1, group=data}
21:47:02.915 [raft-client-system-partition-1-2] INFO  i.a.p.b.p.i.PrimaryBackupPartitionClient - Successfully started client for PartitionId{id=3, group=data}
21:47:02.915 [raft-client-system-partition-1-2] INFO  i.a.p.b.p.i.PrimaryBackupPartitionClient - Successfully started client for PartitionId{id=2, group=data}
21:47:02.915 [raft-server-system-partition-1] TRACE i.a.p.raft.roles.FollowerRole - RaftServer{system-partition-1}{role=FOLLOWER} - Received KeepAliveRequest{sessionIds=long[]{length=2, hash=2659}, commandSequences=long[]{length=2, hash=961}, eventIndexes=long[]{length=2, hash=2659}}
21:47:02.915 [raft-client-system-partition-1-2] INFO  i.a.p.b.p.i.PrimaryBackupPartitionClient - Successfully started client for PartitionId{id=5, group=data}
21:47:02.915 [raft-client-system-partition-1-2] INFO  i.a.p.b.p.i.PrimaryBackupPartitionClient - Successfully started client for PartitionId{id=4, group=data}
21:47:02.915 [raft-client-system-partition-1-2] INFO  i.a.p.b.p.i.PrimaryBackupPartitionClient - Successfully started client for PartitionId{id=7, group=data}
21:47:02.915 [raft-client-system-partition-1-2] INFO  i.a.p.b.p.i.PrimaryBackupPartitionClient - Successfully started client for PartitionId{id=6, group=data}
21:47:02.915 [raft-client-system-partition-1-2] INFO  i.a.p.b.p.PrimaryBackupPartitionGroup - Started
21:47:02.915 [raft-server-system-partition-1] TRACE i.a.protocols.raft.roles.LeaderRole - RaftServer{system-partition-1}{role=LEADER} - Received KeepAliveRequest{sessionIds=long[]{length=2, hash=2659}, commandSequences=long[]{length=2, hash=961}, eventIndexes=long[]{length=2, hash=2659}}
21:47:02.915 [raft-server-system-partition-1] TRACE i.a.protocols.raft.roles.LeaderRole - RaftServer{system-partition-1}{role=LEADER} - Appended Indexed{index=56, entry=KeepAliveEntry{term=1, timestamp=2018-06-10 09:47:02,915, sessionIds=long[]{length=2, hash=2659}, commandSequences=long[]{length=2, hash=961}, eventIndexes=long[]{length=2, hash=2659}}}
21:47:02.915 [raft-server-system-partition-1] TRACE i.a.p.raft.roles.LeaderAppender - RaftServer{system-partition-1} - Sending AppendRequest{term=1, leader=2, prevLogIndex=55, prevLogTerm=1, entries=1, commitIndex=55} to 1
21:47:02.915 [raft-server-system-partition-1] TRACE i.a.p.raft.roles.LeaderAppender - RaftServer{system-partition-1} - Sending AppendRequest{term=1, leader=2, prevLogIndex=55, prevLogTerm=1, entries=1, commitIndex=55} to 3
21:47:02.915 [raft-server-system-partition-1] TRACE i.a.p.raft.roles.FollowerRole - RaftServer{system-partition-1}{role=FOLLOWER} - Received AppendRequest{term=1, leader=2, prevLogIndex=55, prevLogTerm=1, entries=1, commitIndex=55}
21:47:02.915 [raft-server-system-partition-1] TRACE i.a.p.raft.roles.FollowerRole - RaftServer{system-partition-1}{role=FOLLOWER} - Appended Indexed{index=56, entry=KeepAliveEntry{term=1, timestamp=2018-06-10 09:47:02,915, sessionIds=long[]{length=2, hash=2659}, commandSequences=long[]{length=2, hash=961}, eventIndexes=long[]{length=2, hash=2659}}}
21:47:02.915 [raft-server-system-partition-1] TRACE i.a.p.raft.roles.FollowerRole - RaftServer{system-partition-1}{role=FOLLOWER} - Received AppendRequest{term=1, leader=2, prevLogIndex=55, prevLogTerm=1, entries=1, commitIndex=55}
21:47:02.916 [raft-server-system-partition-1] TRACE i.a.p.raft.roles.FollowerRole - RaftServer{system-partition-1}{role=FOLLOWER} - Appended Indexed{index=56, entry=KeepAliveEntry{term=1, timestamp=2018-06-10 09:47:02,915, sessionIds=long[]{length=2, hash=2659}, commandSequences=long[]{length=2, hash=961}, eventIndexes=long[]{length=2, hash=2659}}}
21:47:02.916 [raft-client-raft-partition-2-0] INFO  i.a.p.r.p.impl.RaftPartitionClient - Successfully started client for partition PartitionId{id=2, group=raft}
21:47:02.916 [raft-client-raft-partition-1-0] INFO  i.a.p.r.p.impl.RaftPartitionClient - Successfully started client for partition PartitionId{id=1, group=raft}
21:47:02.916 [raft-client-raft-partition-3-0] INFO  i.a.p.r.p.impl.RaftPartitionClient - Successfully started client for partition PartitionId{id=3, group=raft}
21:47:02.916 [raft-client-raft-partition-3-0] INFO  i.a.p.r.partition.RaftPartitionGroup - Started
21:47:02.916 [raft-client-raft-partition-3-0] INFO  i.a.p.p.impl.DefaultPartitionService - Started
21:47:02.917 [atomix-0] DEBUG i.a.p.r.s.impl.RaftSessionManager - RaftClient{system-partition-1} - Opening session; name: primitives, type: ConsistentMapType{name=consistent-map}
21:47:02.919 [raft-client-system-partition-1-6] TRACE i.a.p.r.s.impl.RaftSessionConnection - RaftClient{system-partition-1} - Sending OpenSessionRequest{node=10, serviceName=primitives, serviceType=consistent-map, readConsistency=SEQUENTIAL, minTimeout=250, maxTimeout=30000} to 3
21:47:02.925 [raft-server-raft-partition-3] TRACE i.a.p.raft.roles.LeaderAppender - RaftServer{raft-partition-3} - Sending AppendRequest{term=1, leader=3, prevLogIndex=1, prevLogTerm=1, entries=0, commitIndex=1} to 1
21:47:02.926 [raft-server-raft-partition-3] TRACE i.a.p.raft.roles.LeaderAppender - RaftServer{raft-partition-3} - Sending AppendRequest{term=1, leader=3, prevLogIndex=1, prevLogTerm=1, entries=0, commitIndex=1} to 2
21:47:02.926 [raft-server-raft-partition-3] TRACE i.a.p.raft.roles.FollowerRole - RaftServer{raft-partition-3}{role=FOLLOWER} - Received AppendRequest{term=1, leader=3, prevLogIndex=1, prevLogTerm=1, entries=0, commitIndex=1}
21:47:02.926 [raft-server-raft-partition-3] TRACE i.a.p.raft.roles.FollowerRole - RaftServer{raft-partition-3}{role=FOLLOWER} - Sending AppendResponse{status=OK, term=1, succeeded=true, lastLogIndex=1}
21:47:02.926 [raft-server-raft-partition-3] TRACE i.a.p.raft.roles.FollowerRole - RaftServer{raft-partition-3}{role=FOLLOWER} - Received AppendRequest{term=1, leader=3, prevLogIndex=1, prevLogTerm=1, entries=0, commitIndex=1}
21:47:02.926 [raft-server-raft-partition-3] TRACE i.a.p.raft.roles.FollowerRole - RaftServer{raft-partition-3}{role=FOLLOWER} - Sending AppendResponse{status=OK, term=1, succeeded=true, lastLogIndex=1}
21:47:02.926 [raft-server-raft-partition-3] TRACE i.a.p.raft.roles.LeaderAppender - RaftServer{raft-partition-3} - Received AppendResponse{status=OK, term=1, succeeded=true, lastLogIndex=1} from 1
21:47:02.926 [raft-server-raft-partition-3] TRACE i.a.p.raft.roles.LeaderAppender - RaftServer{raft-partition-3} - Sending AppendRequest{term=1, leader=3, prevLogIndex=1, prevLogTerm=1, entries=0, commitIndex=1} to 1
21:47:02.926 [raft-server-raft-partition-3] TRACE i.a.p.raft.roles.LeaderAppender - RaftServer{raft-partition-3} - Received AppendResponse{status=OK, term=1, succeeded=true, lastLogIndex=1} from 2
21:47:02.926 [raft-server-raft-partition-3] TRACE i.a.p.raft.roles.FollowerRole - RaftServer{raft-partition-3}{role=FOLLOWER} - Received AppendRequest{term=1, leader=3, prevLogIndex=1, prevLogTerm=1, entries=0, commitIndex=1}
21:47:02.926 [raft-server-raft-partition-3] TRACE i.a.p.raft.roles.FollowerRole - RaftServer{raft-partition-3}{role=FOLLOWER} - Sending AppendResponse{status=OK, term=1, succeeded=true, lastLogIndex=1}
21:47:02.926 [raft-server-raft-partition-3] TRACE i.a.p.raft.roles.LeaderAppender - RaftServer{raft-partition-3} - Received AppendResponse{status=OK, term=1, succeeded=true, lastLogIndex=1} from 1
21:47:02.943 [raft-server-system-partition-1] TRACE i.a.p.raft.roles.FollowerRole - RaftServer{system-partition-1}{role=FOLLOWER} - Committed entries up to index 55
21:47:02.943 [raft-server-system-partition-1] TRACE i.a.p.raft.roles.FollowerRole - RaftServer{system-partition-1}{role=FOLLOWER} - Sending AppendResponse{status=OK, term=1, succeeded=true, lastLogIndex=56}
21:47:02.943 [raft-server-system-partition-1-state] TRACE i.a.p.raft.impl.RaftServiceManager - RaftServer{system-partition-1} - Applying Indexed{index=55, entry=OpenSessionEntry{term=1, timestamp=2018-06-10 09:47:02,855, node=10, serviceName=session-id, serviceType=SESSION_ID_GENERATOR, serviceConfig=byte[]{length=2, hash=2636}, readConsistency=SEQUENTIAL, minTimeout=250, maxTimeout=30000}}
21:47:02.943 [raft-server-system-partition-1-state] DEBUG i.a.p.r.service.RaftServiceContext - PrimitiveService{4}{type=SessionIdGeneratorType{name=SESSION_ID_GENERATOR}, name=session-id} - Opening session 55
21:47:02.943 [raft-server-system-partition-1] TRACE i.a.p.raft.roles.LeaderAppender - RaftServer{system-partition-1} - Received AppendResponse{status=OK, term=1, succeeded=true, lastLogIndex=56} from 1
21:47:02.943 [raft-server-system-partition-1-state] DEBUG i.a.p.raft.session.RaftSession - Session{55}{type=SessionIdGeneratorType{name=SESSION_ID_GENERATOR}, name=session-id} - State changed: OPEN
21:47:02.943 [raft-server-system-partition-1] TRACE i.a.p.raft.roles.LeaderAppender - RaftServer{system-partition-1} - Committed entries up to 56
21:47:02.972 [raft-server-system-partition-1] TRACE i.a.p.raft.roles.FollowerRole - RaftServer{system-partition-1}{role=FOLLOWER} - Committed entries up to index 55
21:47:02.972 [raft-server-system-partition-1] TRACE i.a.p.raft.roles.FollowerRole - RaftServer{system-partition-1}{role=FOLLOWER} - Sending AppendResponse{status=OK, term=1, succeeded=true, lastLogIndex=56}
21:47:02.972 [raft-server-system-partition-1] TRACE i.a.p.raft.roles.FollowerRole - RaftServer{system-partition-1}{role=FOLLOWER} - Received OpenSessionRequest{node=10, serviceName=primitives, serviceType=consistent-map, readConsistency=SEQUENTIAL, minTimeout=250, maxTimeout=30000}
21:47:02.972 [raft-server-system-partition-1-state] TRACE i.a.p.raft.impl.RaftServiceManager - RaftServer{system-partition-1} - Applying Indexed{index=55, entry=OpenSessionEntry{term=1, timestamp=2018-06-10 09:47:02,855, node=10, serviceName=session-id, serviceType=SESSION_ID_GENERATOR, serviceConfig=byte[]{length=2, hash=2636}, readConsistency=SEQUENTIAL, minTimeout=250, maxTimeout=30000}}
21:47:02.972 [raft-server-system-partition-1-state] DEBUG i.a.p.r.service.RaftServiceContext - PrimitiveService{4}{type=SessionIdGeneratorType{name=SESSION_ID_GENERATOR}, name=session-id} - Opening session 55
21:47:02.972 [raft-server-system-partition-1-state] DEBUG i.a.p.raft.session.RaftSession - Session{55}{type=SessionIdGeneratorType{name=SESSION_ID_GENERATOR}, name=session-id} - State changed: OPEN
21:47:02.997 [raft-server-system-partition-1] TRACE i.a.p.raft.roles.LeaderAppender - RaftServer{system-partition-1} - Sending AppendRequest{term=1, leader=2, prevLogIndex=56, prevLogTerm=1, entries=0, commitIndex=56} to 1
21:47:02.997 [raft-server-system-partition-1] TRACE i.a.p.raft.roles.LeaderAppender - RaftServer{system-partition-1} - Received AppendResponse{status=OK, term=1, succeeded=true, lastLogIndex=56} from 3
21:47:02.997 [raft-server-system-partition-1] TRACE i.a.p.raft.roles.LeaderAppender - RaftServer{system-partition-1} - Sending AppendRequest{term=1, leader=2, prevLogIndex=56, prevLogTerm=1, entries=0, commitIndex=56} to 3
21:47:02.997 [raft-server-system-partition-1] TRACE i.a.protocols.raft.roles.LeaderRole - RaftServer{system-partition-1}{role=LEADER} - Received OpenSessionRequest{node=10, serviceName=primitives, serviceType=consistent-map, readConsistency=SEQUENTIAL, minTimeout=250, maxTimeout=30000}
21:47:02.997 [raft-server-system-partition-1] TRACE i.a.protocols.raft.roles.LeaderRole - RaftServer{system-partition-1}{role=LEADER} - Appended Indexed{index=57, entry=OpenSessionEntry{term=1, timestamp=2018-06-10 09:47:02,997, node=10, serviceName=primitives, serviceType=consistent-map, serviceConfig=byte[]{length=2, hash=2636}, readConsistency=SEQUENTIAL, minTimeout=250, maxTimeout=30000}}
21:47:02.997 [raft-server-system-partition-1-state] TRACE i.a.p.raft.impl.RaftServiceManager - RaftServer{system-partition-1} - Applying Indexed{index=56, entry=KeepAliveEntry{term=1, timestamp=2018-06-10 09:47:02,915, sessionIds=long[]{length=2, hash=2659}, commandSequences=long[]{length=2, hash=961}, eventIndexes=long[]{length=2, hash=2659}}}
21:47:02.997 [raft-server-system-partition-1] TRACE i.a.p.raft.roles.FollowerRole - RaftServer{system-partition-1}{role=FOLLOWER} - Received AppendRequest{term=1, leader=2, prevLogIndex=56, prevLogTerm=1, entries=0, commitIndex=56}
21:47:02.997 [raft-server-system-partition-1] TRACE i.a.p.raft.roles.FollowerRole - RaftServer{system-partition-1}{role=FOLLOWER} - Received AppendRequest{term=1, leader=2, prevLogIndex=56, prevLogTerm=1, entries=0, commitIndex=56}
21:47:02.997 [raft-server-system-partition-1] TRACE i.a.protocols.raft.roles.LeaderRole - RaftServer{system-partition-1}{role=LEADER} - Sending KeepAliveResponse{status=OK, leader=2, members=[1, 2, 3], sessionIds=long[]{length=2, hash=2659}}
21:47:03.003 [raft-server-raft-partition-2] TRACE i.a.p.raft.roles.LeaderAppender - RaftServer{raft-partition-2} - Sending AppendRequest{term=1, leader=3, prevLogIndex=9, prevLogTerm=1, entries=0, commitIndex=9} to 1
21:47:03.003 [raft-server-raft-partition-2] TRACE i.a.p.raft.roles.LeaderAppender - RaftServer{raft-partition-2} - Sending AppendRequest{term=1, leader=3, prevLogIndex=9, prevLogTerm=1, entries=0, commitIndex=9} to 2
21:47:03.003 [raft-server-raft-partition-2] TRACE i.a.p.raft.roles.FollowerRole - RaftServer{raft-partition-2}{role=FOLLOWER} - Received AppendRequest{term=1, leader=3, prevLogIndex=9, prevLogTerm=1, entries=0, commitIndex=9}
21:47:03.003 [raft-server-raft-partition-2] TRACE i.a.p.raft.roles.FollowerRole - RaftServer{raft-partition-2}{role=FOLLOWER} - Received AppendRequest{term=1, leader=3, prevLogIndex=9, prevLogTerm=1, entries=0, commitIndex=9}
21:47:03.003 [raft-server-raft-partition-2] TRACE i.a.p.raft.roles.FollowerRole - RaftServer{raft-partition-2}{role=FOLLOWER} - Sending AppendResponse{status=OK, term=1, succeeded=true, lastLogIndex=9}
21:47:03.003 [raft-server-raft-partition-2] TRACE i.a.p.raft.roles.FollowerRole - RaftServer{raft-partition-2}{role=FOLLOWER} - Sending AppendResponse{status=OK, term=1, succeeded=true, lastLogIndex=9}
21:47:03.003 [raft-server-raft-partition-2] TRACE i.a.p.raft.roles.LeaderAppender - RaftServer{raft-partition-2} - Received AppendResponse{status=OK, term=1, succeeded=true, lastLogIndex=9} from 2
21:47:03.003 [raft-server-raft-partition-2] TRACE i.a.p.raft.roles.LeaderAppender - RaftServer{raft-partition-2} - Sending AppendRequest{term=1, leader=3, prevLogIndex=9, prevLogTerm=1, entries=0, commitIndex=9} to 2
21:47:03.004 [raft-server-raft-partition-2] TRACE i.a.p.raft.roles.LeaderAppender - RaftServer{raft-partition-2} - Received AppendResponse{status=OK, term=1, succeeded=true, lastLogIndex=9} from 1
21:47:03.004 [raft-server-raft-partition-2] TRACE i.a.p.raft.roles.LeaderAppender - RaftServer{raft-partition-2} - Sending AppendRequest{term=1, leader=3, prevLogIndex=9, prevLogTerm=1, entries=0, commitIndex=9} to 1
21:47:03.004 [raft-server-raft-partition-2] TRACE i.a.p.raft.roles.FollowerRole - RaftServer{raft-partition-2}{role=FOLLOWER} - Received AppendRequest{term=1, leader=3, prevLogIndex=9, prevLogTerm=1, entries=0, commitIndex=9}
21:47:03.004 [raft-server-raft-partition-2] TRACE i.a.p.raft.roles.FollowerRole - RaftServer{raft-partition-2}{role=FOLLOWER} - Sending AppendResponse{status=OK, term=1, succeeded=true, lastLogIndex=9}
21:47:03.004 [raft-server-raft-partition-2] TRACE i.a.p.raft.roles.FollowerRole - RaftServer{raft-partition-2}{role=FOLLOWER} - Received AppendRequest{term=1, leader=3, prevLogIndex=9, prevLogTerm=1, entries=0, commitIndex=9}
21:47:03.004 [raft-server-raft-partition-2] TRACE i.a.p.raft.roles.FollowerRole - RaftServer{raft-partition-2}{role=FOLLOWER} - Sending AppendResponse{status=OK, term=1, succeeded=true, lastLogIndex=9}
21:47:03.004 [raft-server-raft-partition-2] TRACE i.a.p.raft.roles.LeaderAppender - RaftServer{raft-partition-2} - Received AppendResponse{status=OK, term=1, succeeded=true, lastLogIndex=9} from 2
21:47:03.004 [raft-server-raft-partition-2] TRACE i.a.p.raft.roles.LeaderAppender - RaftServer{raft-partition-2} - Sending AppendRequest{term=1, leader=3, prevLogIndex=9, prevLogTerm=1, entries=0, commitIndex=9} to 2
21:47:03.004 [raft-server-raft-partition-2] TRACE i.a.p.raft.roles.LeaderAppender - RaftServer{raft-partition-2} - Received AppendResponse{status=OK, term=1, succeeded=true, lastLogIndex=9} from 1
21:47:03.004 [raft-server-raft-partition-2] TRACE i.a.p.raft.roles.FollowerRole - RaftServer{raft-partition-2}{role=FOLLOWER} - Received AppendRequest{term=1, leader=3, prevLogIndex=9, prevLogTerm=1, entries=0, commitIndex=9}
21:47:03.004 [raft-server-raft-partition-2] TRACE i.a.p.raft.roles.FollowerRole - RaftServer{raft-partition-2}{role=FOLLOWER} - Sending AppendResponse{status=OK, term=1, succeeded=true, lastLogIndex=9}
21:47:03.005 [raft-server-raft-partition-2] TRACE i.a.p.raft.roles.LeaderAppender - RaftServer{raft-partition-2} - Received AppendResponse{status=OK, term=1, succeeded=true, lastLogIndex=9} from 2
21:47:03.026 [raft-server-system-partition-1] TRACE i.a.p.raft.roles.FollowerRole - RaftServer{system-partition-1}{role=FOLLOWER} - Committed entries up to index 56
21:47:03.026 [raft-server-system-partition-1] TRACE i.a.p.raft.roles.FollowerRole - RaftServer{system-partition-1}{role=FOLLOWER} - Sending AppendResponse{status=OK, term=1, succeeded=true, lastLogIndex=56}
21:47:03.026 [raft-server-system-partition-1] TRACE i.a.p.raft.roles.FollowerRole - RaftServer{system-partition-1}{role=FOLLOWER} - Sending KeepAliveResponse{status=OK, leader=2, members=[1, 2, 3], sessionIds=long[]{length=2, hash=2659}}
21:47:03.027 [raft-server-system-partition-1] TRACE i.a.p.raft.roles.LeaderAppender - RaftServer{system-partition-1} - Received AppendResponse{status=OK, term=1, succeeded=true, lastLogIndex=56} from 3
21:47:03.027 [raft-server-system-partition-1-state] TRACE i.a.p.raft.impl.RaftServiceManager - RaftServer{system-partition-1} - Applying Indexed{index=56, entry=KeepAliveEntry{term=1, timestamp=2018-06-10 09:47:02,915, sessionIds=long[]{length=2, hash=2659}, commandSequences=long[]{length=2, hash=961}, eventIndexes=long[]{length=2, hash=2659}}}
21:47:03.027 [raft-server-system-partition-1] TRACE i.a.p.raft.roles.LeaderAppender - RaftServer{system-partition-1} - Sending AppendRequest{term=1, leader=2, prevLogIndex=56, prevLogTerm=1, entries=1, commitIndex=56} to 3
21:47:03.027 [raft-client-system-partition-1-5] TRACE i.a.p.r.s.impl.RaftSessionConnection - RaftClient{system-partition-1} - Received KeepAliveResponse{status=OK, leader=2, members=[1, 2, 3], sessionIds=long[]{length=2, hash=2659}} from 3
21:47:03.027 [raft-server-system-partition-1] TRACE i.a.p.raft.roles.LeaderAppender - RaftServer{system-partition-1} - Sending AppendRequest{term=1, leader=2, prevLogIndex=56, prevLogTerm=1, entries=1, commitIndex=56} to 1
21:47:03.027 [raft-server-system-partition-1] TRACE i.a.p.raft.roles.FollowerRole - RaftServer{system-partition-1}{role=FOLLOWER} - Received AppendRequest{term=1, leader=2, prevLogIndex=56, prevLogTerm=1, entries=1, commitIndex=56}
21:47:03.027 [raft-server-system-partition-1] TRACE i.a.p.raft.roles.FollowerRole - RaftServer{system-partition-1}{role=FOLLOWER} - Appended Indexed{index=57, entry=OpenSessionEntry{term=1, timestamp=2018-06-10 09:47:02,997, node=10, serviceName=primitives, serviceType=consistent-map, serviceConfig=byte[]{length=2, hash=2636}, readConsistency=SEQUENTIAL, minTimeout=250, maxTimeout=30000}}
21:47:03.027 [raft-server-system-partition-1] TRACE i.a.p.raft.roles.FollowerRole - RaftServer{system-partition-1}{role=FOLLOWER} - Sending AppendResponse{status=OK, term=1, succeeded=true, lastLogIndex=57}
21:47:03.027 [raft-server-system-partition-1] TRACE i.a.p.raft.roles.LeaderAppender - RaftServer{system-partition-1} - Received AppendResponse{status=OK, term=1, succeeded=true, lastLogIndex=57} from 3
21:47:03.027 [raft-server-system-partition-1] TRACE i.a.p.raft.roles.LeaderAppender - RaftServer{system-partition-1} - Committed entries up to 57
21:47:03.055 [raft-server-system-partition-1] TRACE i.a.p.raft.roles.FollowerRole - RaftServer{system-partition-1}{role=FOLLOWER} - Committed entries up to index 56
21:47:03.055 [raft-server-system-partition-1] TRACE i.a.p.raft.roles.FollowerRole - RaftServer{system-partition-1}{role=FOLLOWER} - Sending AppendResponse{status=OK, term=1, succeeded=true, lastLogIndex=56}
21:47:03.055 [raft-server-system-partition-1] TRACE i.a.p.raft.roles.FollowerRole - RaftServer{system-partition-1}{role=FOLLOWER} - Received AppendRequest{term=1, leader=2, prevLogIndex=56, prevLogTerm=1, entries=1, commitIndex=56}
21:47:03.055 [raft-server-system-partition-1] TRACE i.a.p.raft.roles.FollowerRole - RaftServer{system-partition-1}{role=FOLLOWER} - Appended Indexed{index=57, entry=OpenSessionEntry{term=1, timestamp=2018-06-10 09:47:02,997, node=10, serviceName=primitives, serviceType=consistent-map, serviceConfig=byte[]{length=2, hash=2636}, readConsistency=SEQUENTIAL, minTimeout=250, maxTimeout=30000}}
21:47:03.055 [raft-server-system-partition-1] TRACE i.a.p.raft.roles.FollowerRole - RaftServer{system-partition-1}{role=FOLLOWER} - Sending AppendResponse{status=OK, term=1, succeeded=true, lastLogIndex=57}
21:47:03.056 [raft-server-system-partition-1-state] TRACE i.a.p.raft.impl.RaftServiceManager - RaftServer{system-partition-1} - Applying Indexed{index=56, entry=KeepAliveEntry{term=1, timestamp=2018-06-10 09:47:02,915, sessionIds=long[]{length=2, hash=2659}, commandSequences=long[]{length=2, hash=961}, eventIndexes=long[]{length=2, hash=2659}}}
21:47:03.078 [raft-server-raft-partition-1] TRACE i.a.p.raft.roles.LeaderAppender - RaftServer{raft-partition-1} - Sending AppendRequest{term=1, leader=2, prevLogIndex=1, prevLogTerm=1, entries=0, commitIndex=1} to 1
21:47:03.078 [raft-server-raft-partition-1] TRACE i.a.p.raft.roles.LeaderAppender - RaftServer{raft-partition-1} - Sending AppendRequest{term=1, leader=2, prevLogIndex=1, prevLogTerm=1, entries=0, commitIndex=1} to 3
21:47:03.078 [raft-server-raft-partition-1] TRACE i.a.p.raft.roles.FollowerRole - RaftServer{raft-partition-1}{role=FOLLOWER} - Received AppendRequest{term=1, leader=2, prevLogIndex=1, prevLogTerm=1, entries=0, commitIndex=1}
21:47:03.078 [raft-server-raft-partition-1] TRACE i.a.p.raft.roles.FollowerRole - RaftServer{raft-partition-1}{role=FOLLOWER} - Received AppendRequest{term=1, leader=2, prevLogIndex=1, prevLogTerm=1, entries=0, commitIndex=1}
21:47:03.078 [raft-server-raft-partition-1] TRACE i.a.p.raft.roles.FollowerRole - RaftServer{raft-partition-1}{role=FOLLOWER} - Sending AppendResponse{status=OK, term=1, succeeded=true, lastLogIndex=1}
21:47:03.078 [raft-server-raft-partition-1] TRACE i.a.p.raft.roles.FollowerRole - RaftServer{raft-partition-1}{role=FOLLOWER} - Sending AppendResponse{status=OK, term=1, succeeded=true, lastLogIndex=1}
21:47:03.078 [raft-server-raft-partition-1] TRACE i.a.p.raft.roles.LeaderAppender - RaftServer{raft-partition-1} - Received AppendResponse{status=OK, term=1, succeeded=true, lastLogIndex=1} from 1
21:47:03.078 [raft-server-raft-partition-1] TRACE i.a.p.raft.roles.LeaderAppender - RaftServer{raft-partition-1} - Sending AppendRequest{term=1, leader=2, prevLogIndex=1, prevLogTerm=1, entries=0, commitIndex=1} to 1
21:47:03.078 [raft-server-raft-partition-1] TRACE i.a.p.raft.roles.LeaderAppender - RaftServer{raft-partition-1} - Received AppendResponse{status=OK, term=1, succeeded=true, lastLogIndex=1} from 3
21:47:03.078 [raft-server-raft-partition-1] TRACE i.a.p.raft.roles.LeaderAppender - RaftServer{raft-partition-1} - Sending AppendRequest{term=1, leader=2, prevLogIndex=1, prevLogTerm=1, entries=0, commitIndex=1} to 3
21:47:03.078 [raft-server-raft-partition-1] TRACE i.a.p.raft.roles.FollowerRole - RaftServer{raft-partition-1}{role=FOLLOWER} - Received AppendRequest{term=1, leader=2, prevLogIndex=1, prevLogTerm=1, entries=0, commitIndex=1}
21:47:03.078 [raft-server-raft-partition-1] TRACE i.a.p.raft.roles.FollowerRole - RaftServer{raft-partition-1}{role=FOLLOWER} - Sending AppendResponse{status=OK, term=1, succeeded=true, lastLogIndex=1}
21:47:03.078 [raft-server-raft-partition-1] TRACE i.a.p.raft.roles.FollowerRole - RaftServer{raft-partition-1}{role=FOLLOWER} - Received AppendRequest{term=1, leader=2, prevLogIndex=1, prevLogTerm=1, entries=0, commitIndex=1}
21:47:03.078 [raft-server-raft-partition-1] TRACE i.a.p.raft.roles.FollowerRole - RaftServer{raft-partition-1}{role=FOLLOWER} - Sending AppendResponse{status=OK, term=1, succeeded=true, lastLogIndex=1}
21:47:03.079 [raft-server-raft-partition-1] TRACE i.a.p.raft.roles.LeaderAppender - RaftServer{raft-partition-1} - Received AppendResponse{status=OK, term=1, succeeded=true, lastLogIndex=1} from 1
21:47:03.079 [raft-server-raft-partition-1] TRACE i.a.p.raft.roles.LeaderAppender - RaftServer{raft-partition-1} - Sending AppendRequest{term=1, leader=2, prevLogIndex=1, prevLogTerm=1, entries=0, commitIndex=1} to 1
21:47:03.079 [raft-server-raft-partition-1] TRACE i.a.p.raft.roles.LeaderAppender - RaftServer{raft-partition-1} - Received AppendResponse{status=OK, term=1, succeeded=true, lastLogIndex=1} from 3
21:47:03.079 [raft-server-raft-partition-1] TRACE i.a.p.raft.roles.FollowerRole - RaftServer{raft-partition-1}{role=FOLLOWER} - Received AppendRequest{term=1, leader=2, prevLogIndex=1, prevLogTerm=1, entries=0, commitIndex=1}
21:47:03.079 [raft-server-raft-partition-1] TRACE i.a.p.raft.roles.LeaderAppender - RaftServer{raft-partition-1} - Sending AppendRequest{term=1, leader=2, prevLogIndex=1, prevLogTerm=1, entries=0, commitIndex=1} to 3
21:47:03.079 [raft-server-raft-partition-1] TRACE i.a.p.raft.roles.FollowerRole - RaftServer{raft-partition-1}{role=FOLLOWER} - Sending AppendResponse{status=OK, term=1, succeeded=true, lastLogIndex=1}
21:47:03.079 [raft-server-raft-partition-1] TRACE i.a.p.raft.roles.LeaderAppender - RaftServer{raft-partition-1} - Received AppendResponse{status=OK, term=1, succeeded=true, lastLogIndex=1} from 1
21:47:03.079 [raft-server-raft-partition-1] TRACE i.a.p.raft.roles.FollowerRole - RaftServer{raft-partition-1}{role=FOLLOWER} - Received AppendRequest{term=1, leader=2, prevLogIndex=1, prevLogTerm=1, entries=0, commitIndex=1}
21:47:03.079 [raft-server-raft-partition-1] TRACE i.a.p.raft.roles.FollowerRole - RaftServer{raft-partition-1}{role=FOLLOWER} - Sending AppendResponse{status=OK, term=1, succeeded=true, lastLogIndex=1}
21:47:03.079 [raft-server-raft-partition-1] TRACE i.a.p.raft.roles.LeaderAppender - RaftServer{raft-partition-1} - Received AppendResponse{status=OK, term=1, succeeded=true, lastLogIndex=1} from 3
21:47:03.080 [raft-server-system-partition-1] TRACE i.a.p.raft.roles.LeaderAppender - RaftServer{system-partition-1} - Received AppendResponse{status=OK, term=1, succeeded=true, lastLogIndex=56} from 1
21:47:03.080 [raft-server-system-partition-1] TRACE i.a.p.raft.roles.LeaderAppender - RaftServer{system-partition-1} - Received AppendResponse{status=OK, term=1, succeeded=true, lastLogIndex=57} from 1
21:47:03.080 [raft-server-system-partition-1-state] TRACE i.a.p.raft.impl.RaftServiceManager - RaftServer{system-partition-1} - Applying Indexed{index=57, entry=OpenSessionEntry{term=1, timestamp=2018-06-10 09:47:02,997, node=10, serviceName=primitives, serviceType=consistent-map, serviceConfig=byte[]{length=2, hash=2636}, readConsistency=SEQUENTIAL, minTimeout=250, maxTimeout=30000}}
21:47:03.080 [raft-server-system-partition-1-state] DEBUG i.a.p.r.service.RaftServiceContext - PrimitiveService{35}{type=ConsistentMapType{name=consistent-map}, name=primitives} - Opening session 57
21:47:03.080 [raft-server-system-partition-1-state] DEBUG i.a.p.raft.session.RaftSession - Session{57}{type=ConsistentMapType{name=consistent-map}, name=primitives} - State changed: OPEN
21:47:03.080 [raft-server-system-partition-1-state] TRACE i.a.protocols.raft.roles.LeaderRole - RaftServer{system-partition-1}{role=LEADER} - Sending OpenSessionResponse{status=OK, session=57, timeout=30000}
21:47:03.081 [raft-server-system-partition-1] TRACE i.a.p.raft.roles.FollowerRole - RaftServer{system-partition-1}{role=FOLLOWER} - Sending OpenSessionResponse{status=OK, session=57, timeout=30000}
21:47:03.081 [raft-client-system-partition-1-1] TRACE i.a.p.r.s.impl.RaftSessionConnection - RaftClient{system-partition-1} - Received OpenSessionResponse{status=OK, session=57, timeout=30000} from 3
21:47:03.081 [raft-client-system-partition-1-1] TRACE i.a.p.r.s.impl.RaftSessionManager - RaftClient{system-partition-1} - Keeping 3 sessions alive
21:47:03.081 [raft-client-system-partition-1-7] TRACE i.a.p.r.s.impl.RaftSessionConnection - RaftClient{system-partition-1} - Sending KeepAliveRequest{sessionIds=long[]{length=3, hash=82486}, commandSequences=long[]{length=3, hash=29791}, eventIndexes=long[]{length=3, hash=82486}} to 3
21:47:03.081 [raft-server-system-partition-1] TRACE i.a.p.raft.roles.FollowerRole - RaftServer{system-partition-1}{role=FOLLOWER} - Received KeepAliveRequest{sessionIds=long[]{length=3, hash=82486}, commandSequences=long[]{length=3, hash=29791}, eventIndexes=long[]{length=3, hash=82486}}
21:47:03.081 [raft-server-system-partition-1] TRACE i.a.protocols.raft.roles.LeaderRole - RaftServer{system-partition-1}{role=LEADER} - Received KeepAliveRequest{sessionIds=long[]{length=3, hash=82486}, commandSequences=long[]{length=3, hash=29791}, eventIndexes=long[]{length=3, hash=82486}}
21:47:03.081 [raft-server-system-partition-1] TRACE i.a.protocols.raft.roles.LeaderRole - RaftServer{system-partition-1}{role=LEADER} - Appended Indexed{index=58, entry=KeepAliveEntry{term=1, timestamp=2018-06-10 09:47:03,081, sessionIds=long[]{length=3, hash=82486}, commandSequences=long[]{length=3, hash=29791}, eventIndexes=long[]{length=3, hash=82486}}}
21:47:03.082 [raft-server-system-partition-1] TRACE i.a.p.raft.roles.LeaderAppender - RaftServer{system-partition-1} - Sending AppendRequest{term=1, leader=2, prevLogIndex=57, prevLogTerm=1, entries=1, commitIndex=57} to 1
21:47:03.082 [raft-server-system-partition-1] TRACE i.a.p.raft.roles.LeaderAppender - RaftServer{system-partition-1} - Sending AppendRequest{term=1, leader=2, prevLogIndex=57, prevLogTerm=1, entries=1, commitIndex=57} to 3
21:47:03.082 [raft-server-system-partition-1] TRACE i.a.p.raft.roles.FollowerRole - RaftServer{system-partition-1}{role=FOLLOWER} - Received AppendRequest{term=1, leader=2, prevLogIndex=57, prevLogTerm=1, entries=1, commitIndex=57}
21:47:03.082 [raft-server-system-partition-1] TRACE i.a.p.raft.roles.FollowerRole - RaftServer{system-partition-1}{role=FOLLOWER} - Appended Indexed{index=58, entry=KeepAliveEntry{term=1, timestamp=2018-06-10 09:47:03,081, sessionIds=long[]{length=3, hash=82486}, commandSequences=long[]{length=3, hash=29791}, eventIndexes=long[]{length=3, hash=82486}}}
21:47:03.084 [raft-server-system-partition-1] TRACE i.a.p.raft.roles.FollowerRole - RaftServer{system-partition-1}{role=FOLLOWER} - Received AppendRequest{term=1, leader=2, prevLogIndex=57, prevLogTerm=1, entries=1, commitIndex=57}
21:47:03.084 [raft-server-system-partition-1] TRACE i.a.p.raft.roles.FollowerRole - RaftServer{system-partition-1}{role=FOLLOWER} - Appended Indexed{index=58, entry=KeepAliveEntry{term=1, timestamp=2018-06-10 09:47:03,081, sessionIds=long[]{length=3, hash=82486}, commandSequences=long[]{length=3, hash=29791}, eventIndexes=long[]{length=3, hash=82486}}}
21:47:03.085 [raft-client-system-partition-1-1] TRACE i.a.p.r.s.impl.RaftSessionConnection - SessionClient{57}{type=ConsistentMapType{name=consistent-map}, name=primitives} - Sending CommandRequest{session=57, sequence=1, operation=PrimitiveOperation{id=DefaultOperationId{id=putIfAbsentWithTtl, type=COMMAND}, value=byte[]{length=45, hash=-655357269}}} to 2
21:47:03.086 [raft-server-system-partition-1] TRACE i.a.protocols.raft.roles.LeaderRole - RaftServer{system-partition-1}{role=LEADER} - Received CommandRequest{session=57, sequence=1, operation=PrimitiveOperation{id=DefaultOperationId{id=putIfAbsentWithTtl, type=COMMAND}, value=byte[]{length=45, hash=-655357269}}}
21:47:03.092 [raft-server-system-partition-1] TRACE i.a.protocols.raft.roles.LeaderRole - RaftServer{system-partition-1}{role=LEADER} - Appended Indexed{index=59, entry=CommandEntry{term=1, timestamp=2018-06-10 09:47:03,086, session=57, sequence=1, operation=PrimitiveOperation{id=DefaultOperationId{id=putIfAbsentWithTtl, type=COMMAND}, value=byte[]{length=45, hash=-655357269}}}}
21:47:03.118 [raft-server-system-partition-1] TRACE i.a.p.raft.roles.FollowerRole - RaftServer{system-partition-1}{role=FOLLOWER} - Committed entries up to index 57
21:47:03.118 [raft-server-system-partition-1] TRACE i.a.p.raft.roles.FollowerRole - RaftServer{system-partition-1}{role=FOLLOWER} - Sending AppendResponse{status=OK, term=1, succeeded=true, lastLogIndex=58}
21:47:03.118 [raft-server-system-partition-1-state] TRACE i.a.p.raft.impl.RaftServiceManager - RaftServer{system-partition-1} - Applying Indexed{index=57, entry=OpenSessionEntry{term=1, timestamp=2018-06-10 09:47:02,997, node=10, serviceName=primitives, serviceType=consistent-map, serviceConfig=byte[]{length=2, hash=2636}, readConsistency=SEQUENTIAL, minTimeout=250, maxTimeout=30000}}
21:47:03.118 [raft-server-system-partition-1-state] DEBUG i.a.p.r.service.RaftServiceContext - PrimitiveService{35}{type=ConsistentMapType{name=consistent-map}, name=primitives} - Opening session 57
21:47:03.118 [raft-server-system-partition-1] TRACE i.a.p.raft.roles.LeaderAppender - RaftServer{system-partition-1} - Received AppendResponse{status=OK, term=1, succeeded=true, lastLogIndex=58} from 1
21:47:03.118 [raft-server-system-partition-1-state] DEBUG i.a.p.raft.session.RaftSession - Session{57}{type=ConsistentMapType{name=consistent-map}, name=primitives} - State changed: OPEN
21:47:03.118 [raft-server-system-partition-1] TRACE i.a.p.raft.roles.LeaderAppender - RaftServer{system-partition-1} - Committed entries up to 58
21:47:03.154 [raft-server-system-partition-1] TRACE i.a.p.raft.roles.FollowerRole - RaftServer{system-partition-1}{role=FOLLOWER} - Committed entries up to index 57
21:47:03.154 [raft-server-system-partition-1] TRACE i.a.p.raft.roles.FollowerRole - RaftServer{system-partition-1}{role=FOLLOWER} - Sending AppendResponse{status=OK, term=1, succeeded=true, lastLogIndex=58}
21:47:03.154 [raft-server-system-partition-1-state] TRACE i.a.p.raft.impl.RaftServiceManager - RaftServer{system-partition-1} - Applying Indexed{index=57, entry=OpenSessionEntry{term=1, timestamp=2018-06-10 09:47:02,997, node=10, serviceName=primitives, serviceType=consistent-map, serviceConfig=byte[]{length=2, hash=2636}, readConsistency=SEQUENTIAL, minTimeout=250, maxTimeout=30000}}
21:47:03.155 [raft-server-system-partition-1-state] DEBUG i.a.p.r.service.RaftServiceContext - PrimitiveService{35}{type=ConsistentMapType{name=consistent-map}, name=primitives} - Opening session 57
21:47:03.155 [raft-server-system-partition-1-state] DEBUG i.a.p.raft.session.RaftSession - Session{57}{type=ConsistentMapType{name=consistent-map}, name=primitives} - State changed: OPEN
21:47:03.176 [raft-server-raft-partition-3] TRACE i.a.p.raft.roles.LeaderAppender - RaftServer{raft-partition-3} - Sending AppendRequest{term=1, leader=3, prevLogIndex=1, prevLogTerm=1, entries=0, commitIndex=1} to 1
21:47:03.176 [raft-server-raft-partition-3] TRACE i.a.p.raft.roles.LeaderAppender - RaftServer{raft-partition-3} - Sending AppendRequest{term=1, leader=3, prevLogIndex=1, prevLogTerm=1, entries=0, commitIndex=1} to 2
21:47:03.176 [raft-server-raft-partition-3] TRACE i.a.p.raft.roles.FollowerRole - RaftServer{raft-partition-3}{role=FOLLOWER} - Received AppendRequest{term=1, leader=3, prevLogIndex=1, prevLogTerm=1, entries=0, commitIndex=1}
21:47:03.176 [raft-server-raft-partition-3] TRACE i.a.p.raft.roles.FollowerRole - RaftServer{raft-partition-3}{role=FOLLOWER} - Sending AppendResponse{status=OK, term=1, succeeded=true, lastLogIndex=1}
21:47:03.176 [raft-server-raft-partition-3] TRACE i.a.p.raft.roles.FollowerRole - RaftServer{raft-partition-3}{role=FOLLOWER} - Received AppendRequest{term=1, leader=3, prevLogIndex=1, prevLogTerm=1, entries=0, commitIndex=1}
21:47:03.176 [raft-server-raft-partition-3] TRACE i.a.p.raft.roles.FollowerRole - RaftServer{raft-partition-3}{role=FOLLOWER} - Sending AppendResponse{status=OK, term=1, succeeded=true, lastLogIndex=1}
21:47:03.176 [raft-server-raft-partition-3] TRACE i.a.p.raft.roles.LeaderAppender - RaftServer{raft-partition-3} - Received AppendResponse{status=OK, term=1, succeeded=true, lastLogIndex=1} from 1
21:47:03.176 [raft-server-raft-partition-3] TRACE i.a.p.raft.roles.LeaderAppender - RaftServer{raft-partition-3} - Received AppendResponse{status=OK, term=1, succeeded=true, lastLogIndex=1} from 2
21:47:03.180 [raft-server-system-partition-1] TRACE i.a.p.raft.roles.LeaderAppender - RaftServer{system-partition-1} - Sending AppendRequest{term=1, leader=2, prevLogIndex=58, prevLogTerm=1, entries=1, commitIndex=58} to 1
21:47:03.180 [raft-server-system-partition-1] TRACE i.a.p.raft.roles.LeaderAppender - RaftServer{system-partition-1} - Received AppendResponse{status=OK, term=1, succeeded=true, lastLogIndex=58} from 3
21:47:03.180 [raft-server-system-partition-1] TRACE i.a.p.raft.roles.LeaderAppender - RaftServer{system-partition-1} - Sending AppendRequest{term=1, leader=2, prevLogIndex=58, prevLogTerm=1, entries=1, commitIndex=58} to 3
21:47:03.180 [raft-server-system-partition-1-state] TRACE i.a.p.raft.impl.RaftServiceManager - RaftServer{system-partition-1} - Applying Indexed{index=58, entry=KeepAliveEntry{term=1, timestamp=2018-06-10 09:47:03,081, sessionIds=long[]{length=3, hash=82486}, commandSequences=long[]{length=3, hash=29791}, eventIndexes=long[]{length=3, hash=82486}}}
21:47:03.180 [raft-server-system-partition-1] TRACE i.a.p.raft.roles.FollowerRole - RaftServer{system-partition-1}{role=FOLLOWER} - Received AppendRequest{term=1, leader=2, prevLogIndex=58, prevLogTerm=1, entries=1, commitIndex=58}
21:47:03.180 [raft-server-system-partition-1] TRACE i.a.p.raft.roles.FollowerRole - RaftServer{system-partition-1}{role=FOLLOWER} - Received AppendRequest{term=1, leader=2, prevLogIndex=58, prevLogTerm=1, entries=1, commitIndex=58}
21:47:03.180 [raft-server-system-partition-1] TRACE i.a.p.raft.roles.FollowerRole - RaftServer{system-partition-1}{role=FOLLOWER} - Appended Indexed{index=59, entry=CommandEntry{term=1, timestamp=2018-06-10 09:47:03,086, session=57, sequence=1, operation=PrimitiveOperation{id=DefaultOperationId{id=putIfAbsentWithTtl, type=COMMAND}, value=byte[]{length=45, hash=-655357269}}}}
21:47:03.180 [raft-server-system-partition-1] TRACE i.a.p.raft.roles.FollowerRole - RaftServer{system-partition-1}{role=FOLLOWER} - Appended Indexed{index=59, entry=CommandEntry{term=1, timestamp=2018-06-10 09:47:03,086, session=57, sequence=1, operation=PrimitiveOperation{id=DefaultOperationId{id=putIfAbsentWithTtl, type=COMMAND}, value=byte[]{length=45, hash=-655357269}}}}
21:47:03.181 [raft-server-system-partition-1] TRACE i.a.protocols.raft.roles.LeaderRole - RaftServer{system-partition-1}{role=LEADER} - Sending KeepAliveResponse{status=OK, leader=2, members=[1, 2, 3], sessionIds=long[]{length=3, hash=82486}}
21:47:03.247 [raft-server-system-partition-1] TRACE i.a.p.raft.roles.FollowerRole - RaftServer{system-partition-1}{role=FOLLOWER} - Committed entries up to index 58
21:47:03.247 [raft-server-system-partition-1] TRACE i.a.p.raft.roles.FollowerRole - RaftServer{system-partition-1}{role=FOLLOWER} - Sending AppendResponse{status=OK, term=1, succeeded=true, lastLogIndex=59}
21:47:03.247 [raft-server-system-partition-1-state] TRACE i.a.p.raft.impl.RaftServiceManager - RaftServer{system-partition-1} - Applying Indexed{index=58, entry=KeepAliveEntry{term=1, timestamp=2018-06-10 09:47:03,081, sessionIds=long[]{length=3, hash=82486}, commandSequences=long[]{length=3, hash=29791}, eventIndexes=long[]{length=3, hash=82486}}}
21:47:03.247 [raft-server-system-partition-1] TRACE i.a.p.raft.roles.LeaderAppender - RaftServer{system-partition-1} - Received AppendResponse{status=OK, term=1, succeeded=true, lastLogIndex=59} from 1
21:47:03.247 [raft-server-system-partition-1] TRACE i.a.p.raft.roles.LeaderAppender - RaftServer{system-partition-1} - Committed entries up to 59
21:47:03.253 [raft-server-raft-partition-2] TRACE i.a.p.raft.roles.LeaderAppender - RaftServer{raft-partition-2} - Sending AppendRequest{term=1, leader=3, prevLogIndex=9, prevLogTerm=1, entries=0, commitIndex=9} to 1
21:47:03.253 [raft-server-raft-partition-2] TRACE i.a.p.raft.roles.LeaderAppender - RaftServer{raft-partition-2} - Sending AppendRequest{term=1, leader=3, prevLogIndex=9, prevLogTerm=1, entries=0, commitIndex=9} to 2
21:47:03.253 [raft-server-raft-partition-2] TRACE i.a.p.raft.roles.FollowerRole - RaftServer{raft-partition-2}{role=FOLLOWER} - Received AppendRequest{term=1, leader=3, prevLogIndex=9, prevLogTerm=1, entries=0, commitIndex=9}
21:47:03.253 [raft-server-raft-partition-2] TRACE i.a.p.raft.roles.FollowerRole - RaftServer{raft-partition-2}{role=FOLLOWER} - Received AppendRequest{term=1, leader=3, prevLogIndex=9, prevLogTerm=1, entries=0, commitIndex=9}
21:47:03.253 [raft-server-raft-partition-2] TRACE i.a.p.raft.roles.FollowerRole - RaftServer{raft-partition-2}{role=FOLLOWER} - Sending AppendResponse{status=OK, term=1, succeeded=true, lastLogIndex=9}
21:47:03.253 [raft-server-raft-partition-2] TRACE i.a.p.raft.roles.FollowerRole - RaftServer{raft-partition-2}{role=FOLLOWER} - Sending AppendResponse{status=OK, term=1, succeeded=true, lastLogIndex=9}
21:47:03.253 [raft-server-raft-partition-2] TRACE i.a.p.raft.roles.LeaderAppender - RaftServer{raft-partition-2} - Received AppendResponse{status=OK, term=1, succeeded=true, lastLogIndex=9} from 2
21:47:03.254 [raft-server-raft-partition-2] TRACE i.a.p.raft.roles.LeaderAppender - RaftServer{raft-partition-2} - Sending AppendRequest{term=1, leader=3, prevLogIndex=9, prevLogTerm=1, entries=0, commitIndex=9} to 2
21:47:03.254 [raft-server-raft-partition-2] TRACE i.a.p.raft.roles.LeaderAppender - RaftServer{raft-partition-2} - Received AppendResponse{status=OK, term=1, succeeded=true, lastLogIndex=9} from 1
21:47:03.254 [raft-server-raft-partition-2] TRACE i.a.p.raft.roles.LeaderAppender - RaftServer{raft-partition-2} - Sending AppendRequest{term=1, leader=3, prevLogIndex=9, prevLogTerm=1, entries=0, commitIndex=9} to 1
21:47:03.254 [raft-server-raft-partition-2] TRACE i.a.p.raft.roles.FollowerRole - RaftServer{raft-partition-2}{role=FOLLOWER} - Received AppendRequest{term=1, leader=3, prevLogIndex=9, prevLogTerm=1, entries=0, commitIndex=9}
21:47:03.254 [raft-server-raft-partition-2] TRACE i.a.p.raft.roles.FollowerRole - RaftServer{raft-partition-2}{role=FOLLOWER} - Sending AppendResponse{status=OK, term=1, succeeded=true, lastLogIndex=9}
21:47:03.254 [raft-server-raft-partition-2] TRACE i.a.p.raft.roles.FollowerRole - RaftServer{raft-partition-2}{role=FOLLOWER} - Received AppendRequest{term=1, leader=3, prevLogIndex=9, prevLogTerm=1, entries=0, commitIndex=9}
21:47:03.254 [raft-server-raft-partition-2] TRACE i.a.p.raft.roles.FollowerRole - RaftServer{raft-partition-2}{role=FOLLOWER} - Sending AppendResponse{status=OK, term=1, succeeded=true, lastLogIndex=9}
21:47:03.254 [raft-server-raft-partition-2] TRACE i.a.p.raft.roles.LeaderAppender - RaftServer{raft-partition-2} - Received AppendResponse{status=OK, term=1, succeeded=true, lastLogIndex=9} from 2
21:47:03.254 [raft-server-raft-partition-2] TRACE i.a.p.raft.roles.LeaderAppender - RaftServer{raft-partition-2} - Received AppendResponse{status=OK, term=1, succeeded=true, lastLogIndex=9} from 1
21:47:03.276 [raft-server-system-partition-1] TRACE i.a.p.raft.roles.FollowerRole - RaftServer{system-partition-1}{role=FOLLOWER} - Committed entries up to index 58
21:47:03.276 [raft-server-system-partition-1] TRACE i.a.p.raft.roles.FollowerRole - RaftServer{system-partition-1}{role=FOLLOWER} - Sending AppendResponse{status=OK, term=1, succeeded=true, lastLogIndex=59}
21:47:03.276 [raft-server-system-partition-1] TRACE i.a.p.raft.roles.FollowerRole - RaftServer{system-partition-1}{role=FOLLOWER} - Sending KeepAliveResponse{status=OK, leader=2, members=[1, 2, 3], sessionIds=long[]{length=3, hash=82486}}
21:47:03.276 [raft-server-system-partition-1-state] TRACE i.a.p.raft.impl.RaftServiceManager - RaftServer{system-partition-1} - Applying Indexed{index=58, entry=KeepAliveEntry{term=1, timestamp=2018-06-10 09:47:03,081, sessionIds=long[]{length=3, hash=82486}, commandSequences=long[]{length=3, hash=29791}, eventIndexes=long[]{length=3, hash=82486}}}
21:47:03.277 [raft-client-system-partition-1-0] TRACE i.a.p.r.s.impl.RaftSessionConnection - RaftClient{system-partition-1} - Received KeepAliveResponse{status=OK, leader=2, members=[1, 2, 3], sessionIds=long[]{length=3, hash=82486}} from 3
21:47:03.305 [raft-server-system-partition-1] TRACE i.a.p.raft.roles.LeaderAppender - RaftServer{system-partition-1} - Sending AppendRequest{term=1, leader=2, prevLogIndex=59, prevLogTerm=1, entries=0, commitIndex=59} to 1
21:47:03.305 [raft-server-system-partition-1] TRACE i.a.p.raft.roles.LeaderAppender - RaftServer{system-partition-1} - Received AppendResponse{status=OK, term=1, succeeded=true, lastLogIndex=59} from 3
21:47:03.305 [raft-server-system-partition-1] TRACE i.a.p.raft.roles.LeaderAppender - RaftServer{system-partition-1} - Sending AppendRequest{term=1, leader=2, prevLogIndex=59, prevLogTerm=1, entries=0, commitIndex=59} to 3
21:47:03.305 [raft-server-system-partition-1-state] TRACE i.a.p.raft.impl.RaftServiceManager - RaftServer{system-partition-1} - Applying Indexed{index=59, entry=CommandEntry{term=1, timestamp=2018-06-10 09:47:03,086, session=57, sequence=1, operation=PrimitiveOperation{id=DefaultOperationId{id=putIfAbsentWithTtl, type=COMMAND}, value=byte[]{length=45, hash=-655357269}}}}
21:47:03.305 [raft-server-system-partition-1] TRACE i.a.p.raft.roles.FollowerRole - RaftServer{system-partition-1}{role=FOLLOWER} - Received AppendRequest{term=1, leader=2, prevLogIndex=59, prevLogTerm=1, entries=0, commitIndex=59}
21:47:03.306 [raft-server-system-partition-1] TRACE i.a.p.raft.roles.FollowerRole - RaftServer{system-partition-1}{role=FOLLOWER} - Received AppendRequest{term=1, leader=2, prevLogIndex=59, prevLogTerm=1, entries=0, commitIndex=59}
21:47:03.306 [raft-server-system-partition-1-state] TRACE i.a.protocols.raft.roles.LeaderRole - RaftServer{system-partition-1}{role=LEADER} - Sending CommandResponse{status=OK, index=59, eventIndex=57, result=byte[]{length=56, hash=-2063419839}}
21:47:03.306 [raft-server-system-partition-1] TRACE i.a.p.raft.roles.FollowerRole - RaftServer{system-partition-1}{role=FOLLOWER} - Committed entries up to index 59
21:47:03.306 [raft-server-system-partition-1] TRACE i.a.p.raft.roles.FollowerRole - RaftServer{system-partition-1}{role=FOLLOWER} - Committed entries up to index 59
21:47:03.306 [raft-server-system-partition-1] TRACE i.a.p.raft.roles.FollowerRole - RaftServer{system-partition-1}{role=FOLLOWER} - Sending AppendResponse{status=OK, term=1, succeeded=true, lastLogIndex=59}
21:47:03.306 [raft-server-system-partition-1] TRACE i.a.p.raft.roles.FollowerRole - RaftServer{system-partition-1}{role=FOLLOWER} - Sending AppendResponse{status=OK, term=1, succeeded=true, lastLogIndex=59}
21:47:03.306 [raft-server-system-partition-1-state] TRACE i.a.p.raft.impl.RaftServiceManager - RaftServer{system-partition-1} - Applying Indexed{index=59, entry=CommandEntry{term=1, timestamp=2018-06-10 09:47:03,086, session=57, sequence=1, operation=PrimitiveOperation{id=DefaultOperationId{id=putIfAbsentWithTtl, type=COMMAND}, value=byte[]{length=45, hash=-655357269}}}}
21:47:03.306 [raft-server-system-partition-1] TRACE i.a.p.raft.roles.LeaderAppender - RaftServer{system-partition-1} - Received AppendResponse{status=OK, term=1, succeeded=true, lastLogIndex=59} from 3
21:47:03.306 [raft-server-system-partition-1-state] TRACE i.a.p.raft.impl.RaftServiceManager - RaftServer{system-partition-1} - Applying Indexed{index=59, entry=CommandEntry{term=1, timestamp=2018-06-10 09:47:03,086, session=57, sequence=1, operation=PrimitiveOperation{id=DefaultOperationId{id=putIfAbsentWithTtl, type=COMMAND}, value=byte[]{length=45, hash=-655357269}}}}
21:47:03.306 [raft-server-system-partition-1] TRACE i.a.p.raft.roles.LeaderAppender - RaftServer{system-partition-1} - Received AppendResponse{status=OK, term=1, succeeded=true, lastLogIndex=59} from 1
21:47:03.306 [raft-client-system-partition-1-5] TRACE i.a.p.r.s.impl.RaftSessionConnection - SessionClient{57}{type=ConsistentMapType{name=consistent-map}, name=primitives} - Received CommandResponse{status=OK, index=59, eventIndex=57, result=byte[]{length=56, hash=-2063419839}} from 2
21:47:03.306 [raft-client-system-partition-1-5] TRACE i.a.p.r.s.impl.RaftSessionSequencer - SessionClient{57}{type=ConsistentMapType{name=consistent-map}, name=primitives} - Completing response CommandResponse{status=OK, index=59, eventIndex=57, result=byte[]{length=56, hash=-2063419839}}
21:47:03.307 [raft-client-system-partition-1-4] INFO  i.a.core.impl.CoreTransactionService - Started
21:47:03.308 [raft-client-system-partition-1-4] INFO  i.a.core.impl.CorePrimitivesService - Started
21:47:03.308 [atomix-cluster-0] INFO  io.atomix.cluster.AtomixCluster - Started
21:47:03.309 [raft-client-system-partition-1-1] TRACE i.a.p.r.s.impl.RaftSessionConnection - SessionClient{57}{type=ConsistentMapType{name=consistent-map}, name=primitives} - Sending CommandRequest{session=57, sequence=2, operation=PrimitiveOperation{id=DefaultOperationId{id=putIfAbsentWithTtl, type=COMMAND}, value=byte[]{length=43, hash=628892754}}} to 2
21:47:03.309 [raft-server-system-partition-1] TRACE i.a.protocols.raft.roles.LeaderRole - RaftServer{system-partition-1}{role=LEADER} - Received CommandRequest{session=57, sequence=2, operation=PrimitiveOperation{id=DefaultOperationId{id=putIfAbsentWithTtl, type=COMMAND}, value=byte[]{length=43, hash=628892754}}}
21:47:03.309 [raft-server-system-partition-1] TRACE i.a.protocols.raft.roles.LeaderRole - RaftServer{system-partition-1}{role=LEADER} - Appended Indexed{index=60, entry=CommandEntry{term=1, timestamp=2018-06-10 09:47:03,309, session=57, sequence=2, operation=PrimitiveOperation{id=DefaultOperationId{id=putIfAbsentWithTtl, type=COMMAND}, value=byte[]{length=43, hash=628892754}}}}
21:47:03.309 [raft-server-system-partition-1] TRACE i.a.p.raft.roles.LeaderAppender - RaftServer{system-partition-1} - Sending AppendRequest{term=1, leader=2, prevLogIndex=59, prevLogTerm=1, entries=1, commitIndex=59} to 1
21:47:03.309 [raft-server-system-partition-1] TRACE i.a.p.raft.roles.LeaderAppender - RaftServer{system-partition-1} - Sending AppendRequest{term=1, leader=2, prevLogIndex=59, prevLogTerm=1, entries=1, commitIndex=59} to 3
21:47:03.309 [raft-server-system-partition-1] TRACE i.a.p.raft.roles.FollowerRole - RaftServer{system-partition-1}{role=FOLLOWER} - Received AppendRequest{term=1, leader=2, prevLogIndex=59, prevLogTerm=1, entries=1, commitIndex=59}
21:47:03.309 [raft-server-system-partition-1] TRACE i.a.p.raft.roles.FollowerRole - RaftServer{system-partition-1}{role=FOLLOWER} - Received AppendRequest{term=1, leader=2, prevLogIndex=59, prevLogTerm=1, entries=1, commitIndex=59}
21:47:03.310 [raft-server-system-partition-1] TRACE i.a.p.raft.roles.FollowerRole - RaftServer{system-partition-1}{role=FOLLOWER} - Appended Indexed{index=60, entry=CommandEntry{term=1, timestamp=2018-06-10 09:47:03,309, session=57, sequence=2, operation=PrimitiveOperation{id=DefaultOperationId{id=putIfAbsentWithTtl, type=COMMAND}, value=byte[]{length=43, hash=628892754}}}}
21:47:03.310 [raft-server-system-partition-1] TRACE i.a.p.raft.roles.FollowerRole - RaftServer{system-partition-1}{role=FOLLOWER} - Appended Indexed{index=60, entry=CommandEntry{term=1, timestamp=2018-06-10 09:47:03,309, session=57, sequence=2, operation=PrimitiveOperation{id=DefaultOperationId{id=putIfAbsentWithTtl, type=COMMAND}, value=byte[]{length=43, hash=628892754}}}}
21:47:03.310 [raft-server-system-partition-1] TRACE i.a.p.raft.roles.FollowerRole - RaftServer{system-partition-1}{role=FOLLOWER} - Sending AppendResponse{status=OK, term=1, succeeded=true, lastLogIndex=60}
21:47:03.310 [raft-server-system-partition-1] TRACE i.a.p.raft.roles.FollowerRole - RaftServer{system-partition-1}{role=FOLLOWER} - Sending AppendResponse{status=OK, term=1, succeeded=true, lastLogIndex=60}
21:47:03.310 [raft-server-system-partition-1] TRACE i.a.p.raft.roles.LeaderAppender - RaftServer{system-partition-1} - Received AppendResponse{status=OK, term=1, succeeded=true, lastLogIndex=60} from 1
21:47:03.310 [raft-server-system-partition-1] TRACE i.a.p.raft.roles.LeaderAppender - RaftServer{system-partition-1} - Committed entries up to 60
21:47:03.328 [raft-server-raft-partition-1] TRACE i.a.p.raft.roles.LeaderAppender - RaftServer{raft-partition-1} - Sending AppendRequest{term=1, leader=2, prevLogIndex=1, prevLogTerm=1, entries=0, commitIndex=1} to 1
21:47:03.328 [raft-server-raft-partition-1] TRACE i.a.p.raft.roles.LeaderAppender - RaftServer{raft-partition-1} - Sending AppendRequest{term=1, leader=2, prevLogIndex=1, prevLogTerm=1, entries=0, commitIndex=1} to 3
21:47:03.328 [raft-server-raft-partition-1] TRACE i.a.p.raft.roles.FollowerRole - RaftServer{raft-partition-1}{role=FOLLOWER} - Received AppendRequest{term=1, leader=2, prevLogIndex=1, prevLogTerm=1, entries=0, commitIndex=1}
21:47:03.328 [raft-server-raft-partition-1] TRACE i.a.p.raft.roles.FollowerRole - RaftServer{raft-partition-1}{role=FOLLOWER} - Sending AppendResponse{status=OK, term=1, succeeded=true, lastLogIndex=1}
21:47:03.328 [raft-server-raft-partition-1] TRACE i.a.p.raft.roles.FollowerRole - RaftServer{raft-partition-1}{role=FOLLOWER} - Received AppendRequest{term=1, leader=2, prevLogIndex=1, prevLogTerm=1, entries=0, commitIndex=1}
21:47:03.328 [raft-server-raft-partition-1] TRACE i.a.p.raft.roles.FollowerRole - RaftServer{raft-partition-1}{role=FOLLOWER} - Sending AppendResponse{status=OK, term=1, succeeded=true, lastLogIndex=1}
21:47:03.328 [raft-server-raft-partition-1] TRACE i.a.p.raft.roles.LeaderAppender - RaftServer{raft-partition-1} - Received AppendResponse{status=OK, term=1, succeeded=true, lastLogIndex=1} from 1
21:47:03.328 [raft-server-raft-partition-1] TRACE i.a.p.raft.roles.LeaderAppender - RaftServer{raft-partition-1} - Sending AppendRequest{term=1, leader=2, prevLogIndex=1, prevLogTerm=1, entries=0, commitIndex=1} to 1
21:47:03.328 [raft-server-raft-partition-1] TRACE i.a.p.raft.roles.LeaderAppender - RaftServer{raft-partition-1} - Received AppendResponse{status=OK, term=1, succeeded=true, lastLogIndex=1} from 3
21:47:03.328 [raft-server-raft-partition-1] TRACE i.a.p.raft.roles.FollowerRole - RaftServer{raft-partition-1}{role=FOLLOWER} - Received AppendRequest{term=1, leader=2, prevLogIndex=1, prevLogTerm=1, entries=0, commitIndex=1}
21:47:03.328 [raft-server-raft-partition-1] TRACE i.a.p.raft.roles.LeaderAppender - RaftServer{raft-partition-1} - Sending AppendRequest{term=1, leader=2, prevLogIndex=1, prevLogTerm=1, entries=0, commitIndex=1} to 3
21:47:03.328 [raft-server-raft-partition-1] TRACE i.a.p.raft.roles.FollowerRole - RaftServer{raft-partition-1}{role=FOLLOWER} - Sending AppendResponse{status=OK, term=1, succeeded=true, lastLogIndex=1}
21:47:03.329 [raft-server-raft-partition-1] TRACE i.a.p.raft.roles.LeaderAppender - RaftServer{raft-partition-1} - Received AppendResponse{status=OK, term=1, succeeded=true, lastLogIndex=1} from 1
21:47:03.329 [raft-server-raft-partition-1] TRACE i.a.p.raft.roles.FollowerRole - RaftServer{raft-partition-1}{role=FOLLOWER} - Received AppendRequest{term=1, leader=2, prevLogIndex=1, prevLogTerm=1, entries=0, commitIndex=1}
21:47:03.329 [raft-server-raft-partition-1] TRACE i.a.p.raft.roles.LeaderAppender - RaftServer{raft-partition-1} - Sending AppendRequest{term=1, leader=2, prevLogIndex=1, prevLogTerm=1, entries=0, commitIndex=1} to 1
21:47:03.329 [raft-server-raft-partition-1] TRACE i.a.p.raft.roles.FollowerRole - RaftServer{raft-partition-1}{role=FOLLOWER} - Sending AppendResponse{status=OK, term=1, succeeded=true, lastLogIndex=1}
21:47:03.329 [raft-server-raft-partition-1] TRACE i.a.p.raft.roles.FollowerRole - RaftServer{raft-partition-1}{role=FOLLOWER} - Received AppendRequest{term=1, leader=2, prevLogIndex=1, prevLogTerm=1, entries=0, commitIndex=1}
21:47:03.329 [raft-server-raft-partition-1] TRACE i.a.p.raft.roles.FollowerRole - RaftServer{raft-partition-1}{role=FOLLOWER} - Sending AppendResponse{status=OK, term=1, succeeded=true, lastLogIndex=1}
21:47:03.329 [raft-server-raft-partition-1] TRACE i.a.p.raft.roles.LeaderAppender - RaftServer{raft-partition-1} - Received AppendResponse{status=OK, term=1, succeeded=true, lastLogIndex=1} from 3
21:47:03.329 [raft-server-raft-partition-1] TRACE i.a.p.raft.roles.LeaderAppender - RaftServer{raft-partition-1} - Sending AppendRequest{term=1, leader=2, prevLogIndex=1, prevLogTerm=1, entries=0, commitIndex=1} to 3
21:47:03.329 [raft-server-raft-partition-1] TRACE i.a.p.raft.roles.LeaderAppender - RaftServer{raft-partition-1} - Received AppendResponse{status=OK, term=1, succeeded=true, lastLogIndex=1} from 1
21:47:03.329 [raft-server-raft-partition-1] TRACE i.a.p.raft.roles.FollowerRole - RaftServer{raft-partition-1}{role=FOLLOWER} - Received AppendRequest{term=1, leader=2, prevLogIndex=1, prevLogTerm=1, entries=0, commitIndex=1}
21:47:03.329 [raft-server-raft-partition-1] TRACE i.a.p.raft.roles.FollowerRole - RaftServer{raft-partition-1}{role=FOLLOWER} - Sending AppendResponse{status=OK, term=1, succeeded=true, lastLogIndex=1}
21:47:03.330 [raft-server-raft-partition-1] TRACE i.a.p.raft.roles.LeaderAppender - RaftServer{raft-partition-1} - Received AppendResponse{status=OK, term=1, succeeded=true, lastLogIndex=1} from 3
21:47:03.347 [raft-server-system-partition-1] TRACE i.a.p.raft.roles.LeaderAppender - RaftServer{system-partition-1} - Received AppendResponse{status=OK, term=1, succeeded=true, lastLogIndex=60} from 3
21:47:03.347 [raft-server-system-partition-1-state] TRACE i.a.p.raft.impl.RaftServiceManager - RaftServer{system-partition-1} - Applying Indexed{index=60, entry=CommandEntry{term=1, timestamp=2018-06-10 09:47:03,309, session=57, sequence=2, operation=PrimitiveOperation{id=DefaultOperationId{id=putIfAbsentWithTtl, type=COMMAND}, value=byte[]{length=43, hash=628892754}}}}
21:47:03.347 [raft-server-system-partition-1-state] TRACE i.a.protocols.raft.roles.LeaderRole - RaftServer{system-partition-1}{role=LEADER} - Sending CommandResponse{status=OK, index=60, eventIndex=57, result=byte[]{length=31, hash=2031767821}}
21:47:03.347 [raft-client-system-partition-1-7] TRACE i.a.p.r.s.impl.RaftSessionConnection - SessionClient{57}{type=ConsistentMapType{name=consistent-map}, name=primitives} - Received CommandResponse{status=OK, index=60, eventIndex=57, result=byte[]{length=31, hash=2031767821}} from 2
21:47:03.347 [raft-client-system-partition-1-7] TRACE i.a.p.r.s.impl.RaftSessionSequencer - SessionClient{57}{type=ConsistentMapType{name=consistent-map}, name=primitives} - Completing response CommandResponse{status=OK, index=60, eventIndex=57, result=byte[]{length=31, hash=2031767821}}
21:47:03.348 [Time-limited test] DEBUG i.a.p.r.s.impl.RaftSessionManager - RaftClient{raft-partition-3} - Opening session; name: test-semaphore-timeout, type: DistributedSemaphoreType{name=semaphore}
21:47:03.349 [raft-client-raft-partition-3-0] TRACE i.a.p.r.s.impl.RaftSessionConnection - RaftClient{raft-partition-3} - Sending OpenSessionRequest{node=10, serviceName=test-semaphore-timeout, serviceType=semaphore, readConsistency=LINEARIZABLE, minTimeout=250, maxTimeout=30000} to 1
21:47:03.350 [raft-server-raft-partition-3] TRACE i.a.p.raft.roles.FollowerRole - RaftServer{raft-partition-3}{role=FOLLOWER} - Received OpenSessionRequest{node=10, serviceName=test-semaphore-timeout, serviceType=semaphore, readConsistency=LINEARIZABLE, minTimeout=250, maxTimeout=30000}
21:47:03.350 [raft-server-raft-partition-3] TRACE i.a.protocols.raft.roles.LeaderRole - RaftServer{raft-partition-3}{role=LEADER} - Received OpenSessionRequest{node=10, serviceName=test-semaphore-timeout, serviceType=semaphore, readConsistency=LINEARIZABLE, minTimeout=250, maxTimeout=30000}
21:47:03.350 [raft-server-raft-partition-3] TRACE i.a.protocols.raft.roles.LeaderRole - RaftServer{raft-partition-3}{role=LEADER} - Appended Indexed{index=2, entry=OpenSessionEntry{term=1, timestamp=2018-06-10 09:47:03,350, node=10, serviceName=test-semaphore-timeout, serviceType=semaphore, serviceConfig=byte[]{length=3, hash=81736}, readConsistency=LINEARIZABLE, minTimeout=250, maxTimeout=30000}}
21:47:03.350 [raft-server-raft-partition-3] TRACE i.a.p.raft.roles.LeaderAppender - RaftServer{raft-partition-3} - Sending AppendRequest{term=1, leader=3, prevLogIndex=1, prevLogTerm=1, entries=1, commitIndex=1} to 1
21:47:03.351 [raft-server-raft-partition-3] TRACE i.a.p.raft.roles.LeaderAppender - RaftServer{raft-partition-3} - Sending AppendRequest{term=1, leader=3, prevLogIndex=1, prevLogTerm=1, entries=1, commitIndex=1} to 2
21:47:03.351 [raft-server-raft-partition-3] TRACE i.a.p.raft.roles.FollowerRole - RaftServer{raft-partition-3}{role=FOLLOWER} - Received AppendRequest{term=1, leader=3, prevLogIndex=1, prevLogTerm=1, entries=1, commitIndex=1}
21:47:03.351 [raft-server-raft-partition-3] TRACE i.a.p.raft.roles.FollowerRole - RaftServer{raft-partition-3}{role=FOLLOWER} - Received AppendRequest{term=1, leader=3, prevLogIndex=1, prevLogTerm=1, entries=1, commitIndex=1}
21:47:03.351 [raft-server-raft-partition-3] TRACE i.a.p.raft.roles.FollowerRole - RaftServer{raft-partition-3}{role=FOLLOWER} - Appended Indexed{index=2, entry=OpenSessionEntry{term=1, timestamp=2018-06-10 09:47:03,350, node=10, serviceName=test-semaphore-timeout, serviceType=semaphore, serviceConfig=byte[]{length=3, hash=81736}, readConsistency=LINEARIZABLE, minTimeout=250, maxTimeout=30000}}
21:47:03.351 [raft-server-raft-partition-3] TRACE i.a.p.raft.roles.FollowerRole - RaftServer{raft-partition-3}{role=FOLLOWER} - Appended Indexed{index=2, entry=OpenSessionEntry{term=1, timestamp=2018-06-10 09:47:03,350, node=10, serviceName=test-semaphore-timeout, serviceType=semaphore, serviceConfig=byte[]{length=3, hash=81736}, readConsistency=LINEARIZABLE, minTimeout=250, maxTimeout=30000}}
21:47:03.351 [raft-server-raft-partition-3] TRACE i.a.p.raft.roles.FollowerRole - RaftServer{raft-partition-3}{role=FOLLOWER} - Sending AppendResponse{status=OK, term=1, succeeded=true, lastLogIndex=2}
21:47:03.351 [raft-server-raft-partition-3] TRACE i.a.p.raft.roles.FollowerRole - RaftServer{raft-partition-3}{role=FOLLOWER} - Sending AppendResponse{status=OK, term=1, succeeded=true, lastLogIndex=2}
21:47:03.351 [raft-server-raft-partition-3] TRACE i.a.p.raft.roles.LeaderAppender - RaftServer{raft-partition-3} - Received AppendResponse{status=OK, term=1, succeeded=true, lastLogIndex=2} from 1
21:47:03.351 [raft-server-raft-partition-3] TRACE i.a.p.raft.roles.LeaderAppender - RaftServer{raft-partition-3} - Committed entries up to 2
21:47:03.380 [raft-server-raft-partition-3] TRACE i.a.p.raft.roles.LeaderAppender - RaftServer{raft-partition-3} - Received AppendResponse{status=OK, term=1, succeeded=true, lastLogIndex=2} from 2
21:47:03.380 [raft-server-raft-partition-3-state] TRACE i.a.p.raft.impl.RaftServiceManager - RaftServer{raft-partition-3} - Applying Indexed{index=2, entry=OpenSessionEntry{term=1, timestamp=2018-06-10 09:47:03,350, node=10, serviceName=test-semaphore-timeout, serviceType=semaphore, serviceConfig=byte[]{length=3, hash=81736}, readConsistency=LINEARIZABLE, minTimeout=250, maxTimeout=30000}}
21:47:03.382 [raft-server-raft-partition-3-state] DEBUG i.a.p.r.service.RaftServiceContext - PrimitiveService{2}{type=DistributedSemaphoreType{name=semaphore}, name=test-semaphore-timeout} - Opening session 2
21:47:03.382 [raft-server-raft-partition-3-state] DEBUG i.a.p.raft.session.RaftSession - Session{2}{type=DistributedSemaphoreType{name=semaphore}, name=test-semaphore-timeout} - State changed: OPEN
21:47:03.382 [raft-server-raft-partition-3-state] TRACE i.a.protocols.raft.roles.LeaderRole - RaftServer{raft-partition-3}{role=LEADER} - Sending OpenSessionResponse{status=OK, session=2, timeout=30000}
21:47:03.382 [raft-server-raft-partition-3] TRACE i.a.p.raft.roles.FollowerRole - RaftServer{raft-partition-3}{role=FOLLOWER} - Sending OpenSessionResponse{status=OK, session=2, timeout=30000}
21:47:03.383 [raft-client-raft-partition-3-1] TRACE i.a.p.r.s.impl.RaftSessionConnection - RaftClient{raft-partition-3} - Received OpenSessionResponse{status=OK, session=2, timeout=30000} from 1
21:47:03.383 [raft-client-raft-partition-3-0] TRACE i.a.p.r.s.impl.RaftSessionManager - RaftClient{raft-partition-3} - Keeping 1 sessions alive
21:47:03.384 [raft-client-raft-partition-3-2] TRACE i.a.p.r.s.impl.RaftSessionConnection - RaftClient{raft-partition-3} - Sending KeepAliveRequest{sessionIds=long[]{length=1, hash=33}, commandSequences=long[]{length=1, hash=31}, eventIndexes=long[]{length=1, hash=33}} to 1
21:47:03.384 [raft-client-raft-partition-3-6] TRACE i.a.p.r.s.impl.RaftSessionConnection - SessionClient{2}{type=DistributedSemaphoreType{name=semaphore}, name=test-semaphore-timeout} - Sending CommandRequest{session=2, sequence=1, operation=PrimitiveOperation{id=DefaultOperationId{id=acquire, type=COMMAND}, value=byte[]{length=9, hash=-244871365}}} to 1
21:47:03.385 [raft-server-raft-partition-3] TRACE i.a.p.raft.roles.FollowerRole - RaftServer{raft-partition-3}{role=FOLLOWER} - Received CommandRequest{session=2, sequence=1, operation=PrimitiveOperation{id=DefaultOperationId{id=acquire, type=COMMAND}, value=byte[]{length=9, hash=-244871365}}}
21:47:03.385 [raft-server-raft-partition-3] TRACE i.a.p.raft.roles.FollowerRole - RaftServer{raft-partition-3}{role=FOLLOWER} - Received KeepAliveRequest{sessionIds=long[]{length=1, hash=33}, commandSequences=long[]{length=1, hash=31}, eventIndexes=long[]{length=1, hash=33}}
21:47:03.385 [raft-server-raft-partition-3] TRACE i.a.protocols.raft.roles.LeaderRole - RaftServer{raft-partition-3}{role=LEADER} - Received CommandRequest{session=2, sequence=1, operation=PrimitiveOperation{id=DefaultOperationId{id=acquire, type=COMMAND}, value=byte[]{length=9, hash=-244871365}}}
21:47:03.385 [raft-server-raft-partition-3] TRACE i.a.protocols.raft.roles.LeaderRole - RaftServer{raft-partition-3}{role=LEADER} - Appended Indexed{index=3, entry=CommandEntry{term=1, timestamp=2018-06-10 09:47:03,385, session=2, sequence=1, operation=PrimitiveOperation{id=DefaultOperationId{id=acquire, type=COMMAND}, value=byte[]{length=9, hash=-244871365}}}}
21:47:03.385 [raft-server-raft-partition-3] TRACE i.a.p.raft.roles.LeaderAppender - RaftServer{raft-partition-3} - Sending AppendRequest{term=1, leader=3, prevLogIndex=2, prevLogTerm=1, entries=1, commitIndex=2} to 1
21:47:03.386 [raft-server-raft-partition-3] TRACE i.a.p.raft.roles.LeaderAppender - RaftServer{raft-partition-3} - Sending AppendRequest{term=1, leader=3, prevLogIndex=2, prevLogTerm=1, entries=1, commitIndex=2} to 2
21:47:03.386 [raft-server-raft-partition-3] TRACE i.a.protocols.raft.roles.LeaderRole - RaftServer{raft-partition-3}{role=LEADER} - Received KeepAliveRequest{sessionIds=long[]{length=1, hash=33}, commandSequences=long[]{length=1, hash=31}, eventIndexes=long[]{length=1, hash=33}}
21:47:03.386 [raft-server-raft-partition-3] TRACE i.a.p.raft.roles.FollowerRole - RaftServer{raft-partition-3}{role=FOLLOWER} - Received AppendRequest{term=1, leader=3, prevLogIndex=2, prevLogTerm=1, entries=1, commitIndex=2}
21:47:03.386 [raft-server-raft-partition-3] TRACE i.a.protocols.raft.roles.LeaderRole - RaftServer{raft-partition-3}{role=LEADER} - Appended Indexed{index=4, entry=KeepAliveEntry{term=1, timestamp=2018-06-10 09:47:03,386, sessionIds=long[]{length=1, hash=33}, commandSequences=long[]{length=1, hash=31}, eventIndexes=long[]{length=1, hash=33}}}
21:47:03.386 [raft-server-raft-partition-3] TRACE i.a.p.raft.roles.FollowerRole - RaftServer{raft-partition-3}{role=FOLLOWER} - Appended Indexed{index=3, entry=CommandEntry{term=1, timestamp=2018-06-10 09:47:03,385, session=2, sequence=1, operation=PrimitiveOperation{id=DefaultOperationId{id=acquire, type=COMMAND}, value=byte[]{length=9, hash=-244871365}}}}
21:47:03.386 [raft-server-raft-partition-3] TRACE i.a.p.raft.roles.FollowerRole - RaftServer{raft-partition-3}{role=FOLLOWER} - Received AppendRequest{term=1, leader=3, prevLogIndex=2, prevLogTerm=1, entries=1, commitIndex=2}
21:47:03.386 [raft-server-raft-partition-3] TRACE i.a.p.raft.roles.FollowerRole - RaftServer{raft-partition-3}{role=FOLLOWER} - Appended Indexed{index=3, entry=CommandEntry{term=1, timestamp=2018-06-10 09:47:03,385, session=2, sequence=1, operation=PrimitiveOperation{id=DefaultOperationId{id=acquire, type=COMMAND}, value=byte[]{length=9, hash=-244871365}}}}
21:47:03.422 [raft-server-raft-partition-3] TRACE i.a.p.raft.roles.FollowerRole - RaftServer{raft-partition-3}{role=FOLLOWER} - Committed entries up to index 2
21:47:03.422 [raft-server-raft-partition-3] TRACE i.a.p.raft.roles.FollowerRole - RaftServer{raft-partition-3}{role=FOLLOWER} - Sending AppendResponse{status=OK, term=1, succeeded=true, lastLogIndex=3}
21:47:03.422 [raft-server-raft-partition-3-state] TRACE i.a.p.raft.impl.RaftServiceManager - RaftServer{raft-partition-3} - Applying Indexed{index=2, entry=OpenSessionEntry{term=1, timestamp=2018-06-10 09:47:03,350, node=10, serviceName=test-semaphore-timeout, serviceType=semaphore, serviceConfig=byte[]{length=3, hash=81736}, readConsistency=LINEARIZABLE, minTimeout=250, maxTimeout=30000}}
21:47:03.422 [raft-server-raft-partition-3] TRACE i.a.p.raft.roles.LeaderAppender - RaftServer{raft-partition-3} - Received AppendResponse{status=OK, term=1, succeeded=true, lastLogIndex=3} from 1
21:47:03.422 [raft-server-raft-partition-3] TRACE i.a.p.raft.roles.LeaderAppender - RaftServer{raft-partition-3} - Committed entries up to 3
21:47:03.424 [raft-server-raft-partition-3-state] DEBUG i.a.p.r.service.RaftServiceContext - PrimitiveService{2}{type=DistributedSemaphoreType{name=semaphore}, name=test-semaphore-timeout} - Opening session 2
21:47:03.424 [raft-server-raft-partition-3-state] DEBUG i.a.p.raft.session.RaftSession - Session{2}{type=DistributedSemaphoreType{name=semaphore}, name=test-semaphore-timeout} - State changed: OPEN
21:47:03.451 [raft-server-raft-partition-3] TRACE i.a.p.raft.roles.FollowerRole - RaftServer{raft-partition-3}{role=FOLLOWER} - Committed entries up to index 2
21:47:03.451 [raft-server-raft-partition-3] TRACE i.a.p.raft.roles.FollowerRole - RaftServer{raft-partition-3}{role=FOLLOWER} - Sending AppendResponse{status=OK, term=1, succeeded=true, lastLogIndex=3}
21:47:03.452 [raft-server-raft-partition-3-state] TRACE i.a.p.raft.impl.RaftServiceManager - RaftServer{raft-partition-3} - Applying Indexed{index=2, entry=OpenSessionEntry{term=1, timestamp=2018-06-10 09:47:03,350, node=10, serviceName=test-semaphore-timeout, serviceType=semaphore, serviceConfig=byte[]{length=3, hash=81736}, readConsistency=LINEARIZABLE, minTimeout=250, maxTimeout=30000}}
21:47:03.453 [raft-server-raft-partition-3-state] DEBUG i.a.p.r.service.RaftServiceContext - PrimitiveService{2}{type=DistributedSemaphoreType{name=semaphore}, name=test-semaphore-timeout} - Opening session 2
21:47:03.453 [raft-server-raft-partition-3-state] DEBUG i.a.p.raft.session.RaftSession - Session{2}{type=DistributedSemaphoreType{name=semaphore}, name=test-semaphore-timeout} - State changed: OPEN
21:47:03.470 [raft-server-system-partition-1] TRACE i.a.p.raft.roles.LeaderAppender - RaftServer{system-partition-1} - Sending AppendRequest{term=1, leader=2, prevLogIndex=60, prevLogTerm=1, entries=0, commitIndex=60} to 1
21:47:03.470 [raft-server-system-partition-1] TRACE i.a.p.raft.roles.LeaderAppender - RaftServer{system-partition-1} - Sending AppendRequest{term=1, leader=2, prevLogIndex=60, prevLogTerm=1, entries=0, commitIndex=60} to 3
21:47:03.470 [raft-server-system-partition-1] TRACE i.a.p.raft.roles.FollowerRole - RaftServer{system-partition-1}{role=FOLLOWER} - Received AppendRequest{term=1, leader=2, prevLogIndex=60, prevLogTerm=1, entries=0, commitIndex=60}
21:47:03.470 [raft-server-system-partition-1] TRACE i.a.p.raft.roles.FollowerRole - RaftServer{system-partition-1}{role=FOLLOWER} - Received AppendRequest{term=1, leader=2, prevLogIndex=60, prevLogTerm=1, entries=0, commitIndex=60}
21:47:03.470 [raft-server-system-partition-1] TRACE i.a.p.raft.roles.FollowerRole - RaftServer{system-partition-1}{role=FOLLOWER} - Committed entries up to index 60
21:47:03.470 [raft-server-system-partition-1] TRACE i.a.p.raft.roles.FollowerRole - RaftServer{system-partition-1}{role=FOLLOWER} - Sending AppendResponse{status=OK, term=1, succeeded=true, lastLogIndex=60}
21:47:03.470 [raft-server-system-partition-1-state] TRACE i.a.p.raft.impl.RaftServiceManager - RaftServer{system-partition-1} - Applying Indexed{index=60, entry=CommandEntry{term=1, timestamp=2018-06-10 09:47:03,309, session=57, sequence=2, operation=PrimitiveOperation{id=DefaultOperationId{id=putIfAbsentWithTtl, type=COMMAND}, value=byte[]{length=43, hash=628892754}}}}
21:47:03.470 [raft-server-system-partition-1] TRACE i.a.p.raft.roles.LeaderAppender - RaftServer{system-partition-1} - Received AppendResponse{status=OK, term=1, succeeded=true, lastLogIndex=60} from 1
21:47:03.470 [raft-server-system-partition-1] TRACE i.a.p.raft.roles.LeaderAppender - RaftServer{system-partition-1} - Sending AppendRequest{term=1, leader=2, prevLogIndex=60, prevLogTerm=1, entries=0, commitIndex=60} to 1
21:47:03.471 [raft-server-system-partition-1] TRACE i.a.p.raft.roles.FollowerRole - RaftServer{system-partition-1}{role=FOLLOWER} - Received AppendRequest{term=1, leader=2, prevLogIndex=60, prevLogTerm=1, entries=0, commitIndex=60}
21:47:03.471 [raft-server-system-partition-1] TRACE i.a.p.raft.roles.FollowerRole - RaftServer{system-partition-1}{role=FOLLOWER} - Sending AppendResponse{status=OK, term=1, succeeded=true, lastLogIndex=60}
21:47:03.471 [raft-server-system-partition-1] TRACE i.a.p.raft.roles.LeaderAppender - RaftServer{system-partition-1} - Received AppendResponse{status=OK, term=1, succeeded=true, lastLogIndex=60} from 1
21:47:03.476 [raft-server-raft-partition-3] TRACE i.a.p.raft.roles.LeaderAppender - RaftServer{raft-partition-3} - Sending AppendRequest{term=1, leader=3, prevLogIndex=3, prevLogTerm=1, entries=1, commitIndex=3} to 1
21:47:03.476 [raft-server-raft-partition-3] TRACE i.a.p.raft.roles.LeaderAppender - RaftServer{raft-partition-3} - Sending AppendRequest{term=1, leader=3, prevLogIndex=3, prevLogTerm=1, entries=1, commitIndex=3} to 2
21:47:03.476 [raft-server-raft-partition-3] TRACE i.a.p.raft.roles.LeaderAppender - RaftServer{raft-partition-3} - Received AppendResponse{status=OK, term=1, succeeded=true, lastLogIndex=3} from 2
21:47:03.477 [raft-server-raft-partition-3] TRACE i.a.p.raft.roles.FollowerRole - RaftServer{raft-partition-3}{role=FOLLOWER} - Received AppendRequest{term=1, leader=3, prevLogIndex=3, prevLogTerm=1, entries=1, commitIndex=3}
21:47:03.477 [raft-server-raft-partition-3-state] TRACE i.a.p.raft.impl.RaftServiceManager - RaftServer{raft-partition-3} - Applying Indexed{index=3, entry=CommandEntry{term=1, timestamp=2018-06-10 09:47:03,385, session=2, sequence=1, operation=PrimitiveOperation{id=DefaultOperationId{id=acquire, type=COMMAND}, value=byte[]{length=9, hash=-244871365}}}}
21:47:03.477 [raft-server-raft-partition-3] TRACE i.a.p.raft.roles.FollowerRole - RaftServer{raft-partition-3}{role=FOLLOWER} - Received AppendRequest{term=1, leader=3, prevLogIndex=3, prevLogTerm=1, entries=1, commitIndex=3}
21:47:03.477 [raft-server-raft-partition-3] TRACE i.a.p.raft.roles.FollowerRole - RaftServer{raft-partition-3}{role=FOLLOWER} - Appended Indexed{index=4, entry=KeepAliveEntry{term=1, timestamp=2018-06-10 09:47:03,386, sessionIds=long[]{length=1, hash=33}, commandSequences=long[]{length=1, hash=31}, eventIndexes=long[]{length=1, hash=33}}}
21:47:03.477 [raft-server-raft-partition-3] TRACE i.a.p.raft.roles.FollowerRole - RaftServer{raft-partition-3}{role=FOLLOWER} - Appended Indexed{index=4, entry=KeepAliveEntry{term=1, timestamp=2018-06-10 09:47:03,386, sessionIds=long[]{length=1, hash=33}, commandSequences=long[]{length=1, hash=31}, eventIndexes=long[]{length=1, hash=33}}}
21:47:03.478 [raft-server-raft-partition-3-state] TRACE i.a.protocols.raft.roles.LeaderRole - RaftServer{raft-partition-3}{role=LEADER} - Sending CommandResponse{status=OK, index=3, eventIndex=2, result=null}
21:47:03.478 [raft-server-raft-partition-3-0] TRACE i.a.p.raft.session.RaftSession - Session{2}{type=DistributedSemaphoreType{name=semaphore}, name=test-semaphore-timeout} - Sending PublishRequest{session=2, eventIndex=3, previousIndex=2, events=[PrimitiveEvent{type=failed, value=byte[]{length=5, hash=77607758}}]}
21:47:03.479 [raft-client-raft-partition-3-3] TRACE i.a.p.r.s.impl.RaftSessionListener - SessionClient{2}{type=DistributedSemaphoreType{name=semaphore}, name=test-semaphore-timeout} - Received PublishRequest{session=2, eventIndex=3, previousIndex=2, events=[PrimitiveEvent{type=failed, value=byte[]{length=5, hash=77607758}}]}
21:47:03.503 [raft-server-raft-partition-2] TRACE i.a.p.raft.roles.LeaderAppender - RaftServer{raft-partition-2} - Sending AppendRequest{term=1, leader=3, prevLogIndex=9, prevLogTerm=1, entries=0, commitIndex=9} to 1
21:47:03.503 [raft-server-raft-partition-2] TRACE i.a.p.raft.roles.LeaderAppender - RaftServer{raft-partition-2} - Sending AppendRequest{term=1, leader=3, prevLogIndex=9, prevLogTerm=1, entries=0, commitIndex=9} to 2
21:47:03.503 [raft-server-raft-partition-2] TRACE i.a.p.raft.roles.FollowerRole - RaftServer{raft-partition-2}{role=FOLLOWER} - Received AppendRequest{term=1, leader=3, prevLogIndex=9, prevLogTerm=1, entries=0, commitIndex=9}
21:47:03.503 [raft-server-raft-partition-2] TRACE i.a.p.raft.roles.FollowerRole - RaftServer{raft-partition-2}{role=FOLLOWER} - Received AppendRequest{term=1, leader=3, prevLogIndex=9, prevLogTerm=1, entries=0, commitIndex=9}
21:47:03.503 [raft-server-raft-partition-2] TRACE i.a.p.raft.roles.FollowerRole - RaftServer{raft-partition-2}{role=FOLLOWER} - Sending AppendResponse{status=OK, term=1, succeeded=true, lastLogIndex=9}
21:47:03.503 [raft-server-raft-partition-2] TRACE i.a.p.raft.roles.FollowerRole - RaftServer{raft-partition-2}{role=FOLLOWER} - Sending AppendResponse{status=OK, term=1, succeeded=true, lastLogIndex=9}
21:47:03.503 [raft-server-raft-partition-2] TRACE i.a.p.raft.roles.LeaderAppender - RaftServer{raft-partition-2} - Received AppendResponse{status=OK, term=1, succeeded=true, lastLogIndex=9} from 2
21:47:03.504 [raft-server-raft-partition-2] TRACE i.a.p.raft.roles.LeaderAppender - RaftServer{raft-partition-2} - Sending AppendRequest{term=1, leader=3, prevLogIndex=9, prevLogTerm=1, entries=0, commitIndex=9} to 2
21:47:03.504 [raft-server-raft-partition-2] TRACE i.a.p.raft.roles.LeaderAppender - RaftServer{raft-partition-2} - Received AppendResponse{status=OK, term=1, succeeded=true, lastLogIndex=9} from 1
21:47:03.504 [raft-server-raft-partition-2] TRACE i.a.p.raft.roles.LeaderAppender - RaftServer{raft-partition-2} - Sending AppendRequest{term=1, leader=3, prevLogIndex=9, prevLogTerm=1, entries=0, commitIndex=9} to 1
21:47:03.504 [raft-server-raft-partition-2] TRACE i.a.p.raft.roles.FollowerRole - RaftServer{raft-partition-2}{role=FOLLOWER} - Received AppendRequest{term=1, leader=3, prevLogIndex=9, prevLogTerm=1, entries=0, commitIndex=9}
21:47:03.504 [raft-server-raft-partition-2] TRACE i.a.p.raft.roles.FollowerRole - RaftServer{raft-partition-2}{role=FOLLOWER} - Received AppendRequest{term=1, leader=3, prevLogIndex=9, prevLogTerm=1, entries=0, commitIndex=9}
21:47:03.504 [raft-server-raft-partition-2] TRACE i.a.p.raft.roles.FollowerRole - RaftServer{raft-partition-2}{role=FOLLOWER} - Sending AppendResponse{status=OK, term=1, succeeded=true, lastLogIndex=9}
21:47:03.504 [raft-server-raft-partition-2] TRACE i.a.p.raft.roles.FollowerRole - RaftServer{raft-partition-2}{role=FOLLOWER} - Sending AppendResponse{status=OK, term=1, succeeded=true, lastLogIndex=9}
21:47:03.504 [raft-server-raft-partition-2] TRACE i.a.p.raft.roles.LeaderAppender - RaftServer{raft-partition-2} - Received AppendResponse{status=OK, term=1, succeeded=true, lastLogIndex=9} from 2
21:47:03.504 [raft-server-raft-partition-2] TRACE i.a.p.raft.roles.LeaderAppender - RaftServer{raft-partition-2} - Received AppendResponse{status=OK, term=1, succeeded=true, lastLogIndex=9} from 1
21:47:03.510 [raft-server-system-partition-1] TRACE i.a.p.raft.roles.FollowerRole - RaftServer{system-partition-1}{role=FOLLOWER} - Committed entries up to index 60
21:47:03.510 [raft-server-system-partition-1] TRACE i.a.p.raft.roles.FollowerRole - RaftServer{system-partition-1}{role=FOLLOWER} - Sending AppendResponse{status=OK, term=1, succeeded=true, lastLogIndex=60}
21:47:03.510 [raft-server-system-partition-1-state] TRACE i.a.p.raft.impl.RaftServiceManager - RaftServer{system-partition-1} - Applying Indexed{index=60, entry=CommandEntry{term=1, timestamp=2018-06-10 09:47:03,309, session=57, sequence=2, operation=PrimitiveOperation{id=DefaultOperationId{id=putIfAbsentWithTtl, type=COMMAND}, value=byte[]{length=43, hash=628892754}}}}
21:47:03.510 [raft-server-system-partition-1] TRACE i.a.p.raft.roles.LeaderAppender - RaftServer{system-partition-1} - Received AppendResponse{status=OK, term=1, succeeded=true, lastLogIndex=60} from 3
21:47:03.535 [raft-server-raft-partition-3] TRACE i.a.p.raft.roles.FollowerRole - RaftServer{raft-partition-3}{role=FOLLOWER} - Committed entries up to index 3
21:47:03.535 [raft-server-raft-partition-3] TRACE i.a.p.raft.roles.FollowerRole - RaftServer{raft-partition-3}{role=FOLLOWER} - Sending AppendResponse{status=OK, term=1, succeeded=true, lastLogIndex=4}
21:47:03.535 [raft-server-raft-partition-3] TRACE i.a.p.raft.roles.FollowerRole - RaftServer{raft-partition-3}{role=FOLLOWER} - Committed entries up to index 3
21:47:03.535 [raft-server-raft-partition-3] TRACE i.a.p.raft.roles.FollowerRole - RaftServer{raft-partition-3}{role=FOLLOWER} - Sending AppendResponse{status=OK, term=1, succeeded=true, lastLogIndex=4}
21:47:03.535 [raft-server-raft-partition-3-state] TRACE i.a.p.raft.impl.RaftServiceManager - RaftServer{raft-partition-3} - Applying Indexed{index=3, entry=CommandEntry{term=1, timestamp=2018-06-10 09:47:03,385, session=2, sequence=1, operation=PrimitiveOperation{id=DefaultOperationId{id=acquire, type=COMMAND}, value=byte[]{length=9, hash=-244871365}}}}
21:47:03.535 [raft-server-raft-partition-3] TRACE i.a.p.raft.roles.FollowerRole - RaftServer{raft-partition-3}{role=FOLLOWER} - Sending CommandResponse{status=OK, index=3, eventIndex=2, result=null}
21:47:03.535 [raft-server-raft-partition-3] TRACE i.a.p.raft.roles.LeaderAppender - RaftServer{raft-partition-3} - Received AppendResponse{status=OK, term=1, succeeded=true, lastLogIndex=4} from 2
21:47:03.535 [raft-server-raft-partition-3] TRACE i.a.p.raft.roles.LeaderAppender - RaftServer{raft-partition-3} - Committed entries up to 4
21:47:03.535 [raft-server-raft-partition-3-state] TRACE i.a.p.raft.impl.RaftServiceManager - RaftServer{raft-partition-3} - Applying Indexed{index=3, entry=CommandEntry{term=1, timestamp=2018-06-10 09:47:03,385, session=2, sequence=1, operation=PrimitiveOperation{id=DefaultOperationId{id=acquire, type=COMMAND}, value=byte[]{length=9, hash=-244871365}}}}
21:47:03.535 [raft-server-raft-partition-3] TRACE i.a.p.raft.roles.LeaderAppender - RaftServer{raft-partition-3} - Sending AppendRequest{term=1, leader=3, prevLogIndex=4, prevLogTerm=1, entries=0, commitIndex=4} to 2
21:47:03.535 [raft-server-raft-partition-3] TRACE i.a.p.raft.roles.LeaderAppender - RaftServer{raft-partition-3} - Received AppendResponse{status=OK, term=1, succeeded=true, lastLogIndex=4} from 1
21:47:03.535 [raft-client-raft-partition-3-5] TRACE i.a.p.r.s.impl.RaftSessionConnection - SessionClient{2}{type=DistributedSemaphoreType{name=semaphore}, name=test-semaphore-timeout} - Received CommandResponse{status=OK, index=3, eventIndex=2, result=null} from 1
21:47:03.535 [raft-server-raft-partition-3] TRACE i.a.p.raft.roles.LeaderAppender - RaftServer{raft-partition-3} - Sending AppendRequest{term=1, leader=3, prevLogIndex=4, prevLogTerm=1, entries=0, commitIndex=4} to 1
21:47:03.535 [raft-client-raft-partition-3-5] TRACE i.a.p.r.s.impl.RaftSessionSequencer - SessionClient{2}{type=DistributedSemaphoreType{name=semaphore}, name=test-semaphore-timeout} - Completing response CommandResponse{status=OK, index=3, eventIndex=2, result=null}
21:47:03.535 [raft-server-raft-partition-3] TRACE i.a.p.raft.roles.FollowerRole - RaftServer{raft-partition-3}{role=FOLLOWER} - Received AppendRequest{term=1, leader=3, prevLogIndex=4, prevLogTerm=1, entries=0, commitIndex=4}
21:47:03.536 [raft-server-raft-partition-3-state] TRACE i.a.p.raft.impl.RaftServiceManager - RaftServer{raft-partition-3} - Applying Indexed{index=4, entry=KeepAliveEntry{term=1, timestamp=2018-06-10 09:47:03,386, sessionIds=long[]{length=1, hash=33}, commandSequences=long[]{length=1, hash=31}, eventIndexes=long[]{length=1, hash=33}}}
21:47:03.536 [raft-client-raft-partition-3-5] TRACE i.a.p.r.s.impl.RaftSessionSequencer - SessionClient{2}{type=DistributedSemaphoreType{name=semaphore}, name=test-semaphore-timeout} - Completing PublishRequest{session=2, eventIndex=3, previousIndex=2, events=[PrimitiveEvent{type=failed, value=byte[]{length=5, hash=77607758}}]}
21:47:03.536 [raft-server-raft-partition-3] TRACE i.a.p.raft.roles.FollowerRole - RaftServer{raft-partition-3}{role=FOLLOWER} - Received AppendRequest{term=1, leader=3, prevLogIndex=4, prevLogTerm=1, entries=0, commitIndex=4}
21:47:03.536 [raft-server-raft-partition-3] TRACE i.a.p.raft.roles.FollowerRole - RaftServer{raft-partition-3}{role=FOLLOWER} - Committed entries up to index 4
21:47:03.536 [raft-server-raft-partition-3] TRACE i.a.p.raft.roles.FollowerRole - RaftServer{raft-partition-3}{role=FOLLOWER} - Committed entries up to index 4
21:47:03.536 [raft-server-raft-partition-3] TRACE i.a.p.raft.roles.FollowerRole - RaftServer{raft-partition-3}{role=FOLLOWER} - Sending AppendResponse{status=OK, term=1, succeeded=true, lastLogIndex=4}
21:47:03.536 [raft-server-raft-partition-3] TRACE i.a.p.raft.roles.FollowerRole - RaftServer{raft-partition-3}{role=FOLLOWER} - Sending AppendResponse{status=OK, term=1, succeeded=true, lastLogIndex=4}
21:47:03.536 [raft-server-raft-partition-3] TRACE i.a.protocols.raft.roles.LeaderRole - RaftServer{raft-partition-3}{role=LEADER} - Sending KeepAliveResponse{status=OK, leader=3, members=[1, 2, 3], sessionIds=long[]{length=1, hash=33}}
21:47:03.536 [raft-server-raft-partition-3-state] TRACE i.a.p.raft.impl.RaftServiceManager - RaftServer{raft-partition-3} - Applying Indexed{index=4, entry=KeepAliveEntry{term=1, timestamp=2018-06-10 09:47:03,386, sessionIds=long[]{length=1, hash=33}, commandSequences=long[]{length=1, hash=31}, eventIndexes=long[]{length=1, hash=33}}}
21:47:03.536 [raft-server-raft-partition-3-state] TRACE i.a.p.raft.impl.RaftServiceManager - RaftServer{raft-partition-3} - Applying Indexed{index=4, entry=KeepAliveEntry{term=1, timestamp=2018-06-10 09:47:03,386, sessionIds=long[]{length=1, hash=33}, commandSequences=long[]{length=1, hash=31}, eventIndexes=long[]{length=1, hash=33}}}
21:47:03.536 [raft-server-raft-partition-3-0] TRACE i.a.p.raft.session.RaftSession - Session{2}{type=DistributedSemaphoreType{name=semaphore}, name=test-semaphore-timeout} - Sending PublishRequest{session=2, eventIndex=3, previousIndex=2, events=[PrimitiveEvent{type=failed, value=byte[]{length=5, hash=77607758}}]}
21:47:03.536 [raft-client-raft-partition-3-4] TRACE i.a.p.r.s.impl.RaftSessionConnection - SessionClient{2}{type=DistributedSemaphoreType{name=semaphore}, name=test-semaphore-timeout} - Sending CommandRequest{session=2, sequence=2, operation=PrimitiveOperation{id=DefaultOperationId{id=acquire, type=COMMAND}, value=byte[]{length=9, hash=-243026245}}} to 1
21:47:03.537 [raft-server-raft-partition-3] TRACE i.a.p.raft.roles.FollowerRole - RaftServer{raft-partition-3}{role=FOLLOWER} - Sending KeepAliveResponse{status=OK, leader=3, members=[1, 2, 3], sessionIds=long[]{length=1, hash=33}}
21:47:03.537 [raft-server-raft-partition-3] TRACE i.a.p.raft.roles.FollowerRole - RaftServer{raft-partition-3}{role=FOLLOWER} - Received CommandRequest{session=2, sequence=2, operation=PrimitiveOperation{id=DefaultOperationId{id=acquire, type=COMMAND}, value=byte[]{length=9, hash=-243026245}}}
21:47:03.537 [raft-client-raft-partition-3-1] TRACE i.a.p.r.s.impl.RaftSessionListener - SessionClient{2}{type=DistributedSemaphoreType{name=semaphore}, name=test-semaphore-timeout} - Received PublishRequest{session=2, eventIndex=3, previousIndex=2, events=[PrimitiveEvent{type=failed, value=byte[]{length=5, hash=77607758}}]}
21:47:03.537 [raft-server-raft-partition-3] TRACE i.a.p.raft.roles.LeaderAppender - RaftServer{raft-partition-3} - Received AppendResponse{status=OK, term=1, succeeded=true, lastLogIndex=4} from 2
21:47:03.537 [raft-client-raft-partition-3-1] TRACE i.a.p.r.s.impl.RaftSessionListener - SessionClient{2}{type=DistributedSemaphoreType{name=semaphore}, name=test-semaphore-timeout} - Duplicate event index 3
21:47:03.537 [raft-server-raft-partition-3] TRACE i.a.p.raft.roles.LeaderAppender - RaftServer{raft-partition-3} - Received AppendResponse{status=OK, term=1, succeeded=true, lastLogIndex=4} from 1
21:47:03.537 [raft-client-raft-partition-3-7] TRACE i.a.p.r.s.impl.RaftSessionConnection - RaftClient{raft-partition-3} - Received KeepAliveResponse{status=OK, leader=3, members=[1, 2, 3], sessionIds=long[]{length=1, hash=33}} from 1
21:47:03.537 [raft-server-raft-partition-3] TRACE i.a.protocols.raft.roles.LeaderRole - RaftServer{raft-partition-3}{role=LEADER} - Received CommandRequest{session=2, sequence=2, operation=PrimitiveOperation{id=DefaultOperationId{id=acquire, type=COMMAND}, value=byte[]{length=9, hash=-243026245}}}
21:47:03.537 [raft-client-raft-partition-3-6] TRACE i.a.p.r.s.impl.RaftSessionConnection - SessionClient{2}{type=DistributedSemaphoreType{name=semaphore}, name=test-semaphore-timeout} - Sending CommandRequest{session=2, sequence=2, operation=PrimitiveOperation{id=DefaultOperationId{id=acquire, type=COMMAND}, value=byte[]{length=9, hash=-243026245}}} to 1
21:47:03.537 [raft-server-raft-partition-3] TRACE i.a.protocols.raft.roles.LeaderRole - RaftServer{raft-partition-3}{role=LEADER} - Appended Indexed{index=5, entry=CommandEntry{term=1, timestamp=2018-06-10 09:47:03,537, session=2, sequence=2, operation=PrimitiveOperation{id=DefaultOperationId{id=acquire, type=COMMAND}, value=byte[]{length=9, hash=-243026245}}}}
21:47:03.537 [raft-server-raft-partition-3] TRACE i.a.p.raft.roles.LeaderAppender - RaftServer{raft-partition-3} - Sending AppendRequest{term=1, leader=3, prevLogIndex=4, prevLogTerm=1, entries=1, commitIndex=4} to 1
21:47:03.537 [raft-server-raft-partition-3] TRACE i.a.p.raft.roles.LeaderAppender - RaftServer{raft-partition-3} - Sending AppendRequest{term=1, leader=3, prevLogIndex=4, prevLogTerm=1, entries=1, commitIndex=4} to 2
21:47:03.538 [raft-server-raft-partition-3] TRACE i.a.p.raft.roles.FollowerRole - RaftServer{raft-partition-3}{role=FOLLOWER} - Received CommandRequest{session=2, sequence=2, operation=PrimitiveOperation{id=DefaultOperationId{id=acquire, type=COMMAND}, value=byte[]{length=9, hash=-243026245}}}
21:47:03.538 [raft-server-raft-partition-3] TRACE i.a.p.raft.roles.FollowerRole - RaftServer{raft-partition-3}{role=FOLLOWER} - Received AppendRequest{term=1, leader=3, prevLogIndex=4, prevLogTerm=1, entries=1, commitIndex=4}
21:47:03.538 [raft-server-raft-partition-3] TRACE i.a.p.raft.roles.FollowerRole - RaftServer{raft-partition-3}{role=FOLLOWER} - Received AppendRequest{term=1, leader=3, prevLogIndex=4, prevLogTerm=1, entries=1, commitIndex=4}
21:47:03.538 [raft-server-raft-partition-3] TRACE i.a.p.raft.roles.FollowerRole - RaftServer{raft-partition-3}{role=FOLLOWER} - Appended Indexed{index=5, entry=CommandEntry{term=1, timestamp=2018-06-10 09:47:03,537, session=2, sequence=2, operation=PrimitiveOperation{id=DefaultOperationId{id=acquire, type=COMMAND}, value=byte[]{length=9, hash=-243026245}}}}
21:47:03.538 [raft-server-raft-partition-3] TRACE i.a.protocols.raft.roles.LeaderRole - RaftServer{raft-partition-3}{role=LEADER} - Received CommandRequest{session=2, sequence=2, operation=PrimitiveOperation{id=DefaultOperationId{id=acquire, type=COMMAND}, value=byte[]{length=9, hash=-243026245}}}
21:47:03.538 [raft-server-raft-partition-3] TRACE i.a.p.raft.roles.FollowerRole - RaftServer{raft-partition-3}{role=FOLLOWER} - Appended Indexed{index=5, entry=CommandEntry{term=1, timestamp=2018-06-10 09:47:03,537, session=2, sequence=2, operation=PrimitiveOperation{id=DefaultOperationId{id=acquire, type=COMMAND}, value=byte[]{length=9, hash=-243026245}}}}
21:47:03.538 [raft-server-raft-partition-3] TRACE i.a.p.raft.roles.FollowerRole - RaftServer{raft-partition-3}{role=FOLLOWER} - Sending AppendResponse{status=OK, term=1, succeeded=true, lastLogIndex=5}
21:47:03.538 [raft-server-raft-partition-3] TRACE i.a.protocols.raft.roles.LeaderRole - RaftServer{raft-partition-3}{role=LEADER} - Appended Indexed{index=6, entry=CommandEntry{term=1, timestamp=2018-06-10 09:47:03,538, session=2, sequence=2, operation=PrimitiveOperation{id=DefaultOperationId{id=acquire, type=COMMAND}, value=byte[]{length=9, hash=-243026245}}}}
21:47:03.538 [raft-server-raft-partition-3] TRACE i.a.p.raft.roles.FollowerRole - RaftServer{raft-partition-3}{role=FOLLOWER} - Sending AppendResponse{status=OK, term=1, succeeded=true, lastLogIndex=5}
21:47:03.538 [raft-server-raft-partition-3] TRACE i.a.p.raft.roles.LeaderAppender - RaftServer{raft-partition-3} - Received AppendResponse{status=OK, term=1, succeeded=true, lastLogIndex=5} from 1
21:47:03.538 [raft-server-raft-partition-3] TRACE i.a.p.raft.roles.LeaderAppender - RaftServer{raft-partition-3} - Committed entries up to 5
21:47:03.572 [raft-server-raft-partition-3] TRACE i.a.p.raft.roles.LeaderAppender - RaftServer{raft-partition-3} - Sending AppendRequest{term=1, leader=3, prevLogIndex=5, prevLogTerm=1, entries=1, commitIndex=5} to 1
21:47:03.572 [raft-server-raft-partition-3] TRACE i.a.p.raft.roles.LeaderAppender - RaftServer{raft-partition-3} - Received AppendResponse{status=OK, term=1, succeeded=true, lastLogIndex=5} from 2
21:47:03.572 [raft-server-raft-partition-3] TRACE i.a.p.raft.roles.LeaderAppender - RaftServer{raft-partition-3} - Sending AppendRequest{term=1, leader=3, prevLogIndex=5, prevLogTerm=1, entries=1, commitIndex=5} to 2
21:47:03.572 [raft-server-raft-partition-3-state] TRACE i.a.p.raft.impl.RaftServiceManager - RaftServer{raft-partition-3} - Applying Indexed{index=5, entry=CommandEntry{term=1, timestamp=2018-06-10 09:47:03,537, session=2, sequence=2, operation=PrimitiveOperation{id=DefaultOperationId{id=acquire, type=COMMAND}, value=byte[]{length=9, hash=-243026245}}}}
21:47:03.572 [raft-server-raft-partition-3] TRACE i.a.p.raft.roles.FollowerRole - RaftServer{raft-partition-3}{role=FOLLOWER} - Received AppendRequest{term=1, leader=3, prevLogIndex=5, prevLogTerm=1, entries=1, commitIndex=5}
21:47:03.572 [raft-server-raft-partition-3] TRACE i.a.p.raft.roles.FollowerRole - RaftServer{raft-partition-3}{role=FOLLOWER} - Received AppendRequest{term=1, leader=3, prevLogIndex=5, prevLogTerm=1, entries=1, commitIndex=5}
21:47:03.572 [raft-server-raft-partition-3] TRACE i.a.p.raft.roles.FollowerRole - RaftServer{raft-partition-3}{role=FOLLOWER} - Appended Indexed{index=6, entry=CommandEntry{term=1, timestamp=2018-06-10 09:47:03,538, session=2, sequence=2, operation=PrimitiveOperation{id=DefaultOperationId{id=acquire, type=COMMAND}, value=byte[]{length=9, hash=-243026245}}}}
21:47:03.572 [raft-server-raft-partition-3] TRACE i.a.p.raft.roles.FollowerRole - RaftServer{raft-partition-3}{role=FOLLOWER} - Appended Indexed{index=6, entry=CommandEntry{term=1, timestamp=2018-06-10 09:47:03,538, session=2, sequence=2, operation=PrimitiveOperation{id=DefaultOperationId{id=acquire, type=COMMAND}, value=byte[]{length=9, hash=-243026245}}}}
21:47:03.572 [raft-server-raft-partition-3-state] TRACE i.a.protocols.raft.roles.LeaderRole - RaftServer{raft-partition-3}{role=LEADER} - Sending CommandResponse{status=OK, index=5, eventIndex=3, result=null}
21:47:03.572 [raft-server-raft-partition-3-1] TRACE i.a.p.raft.session.RaftSession - Session{2}{type=DistributedSemaphoreType{name=semaphore}, name=test-semaphore-timeout} - Sending PublishRequest{session=2, eventIndex=5, previousIndex=3, events=[PrimitiveEvent{type=succeeded, value=byte[]{length=9, hash=-242827515}}]}
21:47:03.573 [raft-client-raft-partition-3-0] TRACE i.a.p.r.s.impl.RaftSessionListener - SessionClient{2}{type=DistributedSemaphoreType{name=semaphore}, name=test-semaphore-timeout} - Received PublishRequest{session=2, eventIndex=5, previousIndex=3, events=[PrimitiveEvent{type=succeeded, value=byte[]{length=9, hash=-242827515}}]}
21:47:03.578 [raft-server-raft-partition-1] TRACE i.a.p.raft.roles.LeaderAppender - RaftServer{raft-partition-1} - Sending AppendRequest{term=1, leader=2, prevLogIndex=1, prevLogTerm=1, entries=0, commitIndex=1} to 1
21:47:03.578 [raft-server-raft-partition-1] TRACE i.a.p.raft.roles.LeaderAppender - RaftServer{raft-partition-1} - Sending AppendRequest{term=1, leader=2, prevLogIndex=1, prevLogTerm=1, entries=0, commitIndex=1} to 3
21:47:03.578 [raft-server-raft-partition-1] TRACE i.a.p.raft.roles.FollowerRole - RaftServer{raft-partition-1}{role=FOLLOWER} - Received AppendRequest{term=1, leader=2, prevLogIndex=1, prevLogTerm=1, entries=0, commitIndex=1}
21:47:03.578 [raft-server-raft-partition-1] TRACE i.a.p.raft.roles.FollowerRole - RaftServer{raft-partition-1}{role=FOLLOWER} - Sending AppendResponse{status=OK, term=1, succeeded=true, lastLogIndex=1}
21:47:03.578 [raft-server-raft-partition-1] TRACE i.a.p.raft.roles.FollowerRole - RaftServer{raft-partition-1}{role=FOLLOWER} - Received AppendRequest{term=1, leader=2, prevLogIndex=1, prevLogTerm=1, entries=0, commitIndex=1}
21:47:03.578 [raft-server-raft-partition-1] TRACE i.a.p.raft.roles.FollowerRole - RaftServer{raft-partition-1}{role=FOLLOWER} - Sending AppendResponse{status=OK, term=1, succeeded=true, lastLogIndex=1}
21:47:03.578 [raft-server-raft-partition-1] TRACE i.a.p.raft.roles.LeaderAppender - RaftServer{raft-partition-1} - Received AppendResponse{status=OK, term=1, succeeded=true, lastLogIndex=1} from 1
21:47:03.578 [raft-server-raft-partition-1] TRACE i.a.p.raft.roles.LeaderAppender - RaftServer{raft-partition-1} - Sending AppendRequest{term=1, leader=2, prevLogIndex=1, prevLogTerm=1, entries=0, commitIndex=1} to 1
21:47:03.578 [raft-server-raft-partition-1] TRACE i.a.p.raft.roles.LeaderAppender - RaftServer{raft-partition-1} - Received AppendResponse{status=OK, term=1, succeeded=true, lastLogIndex=1} from 3
21:47:03.578 [raft-server-raft-partition-1] TRACE i.a.p.raft.roles.LeaderAppender - RaftServer{raft-partition-1} - Sending AppendRequest{term=1, leader=2, prevLogIndex=1, prevLogTerm=1, entries=0, commitIndex=1} to 3
21:47:03.579 [raft-server-raft-partition-1] TRACE i.a.p.raft.roles.FollowerRole - RaftServer{raft-partition-1}{role=FOLLOWER} - Received AppendRequest{term=1, leader=2, prevLogIndex=1, prevLogTerm=1, entries=0, commitIndex=1}
21:47:03.579 [raft-server-raft-partition-1] TRACE i.a.p.raft.roles.FollowerRole - RaftServer{raft-partition-1}{role=FOLLOWER} - Sending AppendResponse{status=OK, term=1, succeeded=true, lastLogIndex=1}
21:47:03.579 [raft-server-raft-partition-1] TRACE i.a.p.raft.roles.FollowerRole - RaftServer{raft-partition-1}{role=FOLLOWER} - Received AppendRequest{term=1, leader=2, prevLogIndex=1, prevLogTerm=1, entries=0, commitIndex=1}
21:47:03.579 [raft-server-raft-partition-1] TRACE i.a.p.raft.roles.FollowerRole - RaftServer{raft-partition-1}{role=FOLLOWER} - Sending AppendResponse{status=OK, term=1, succeeded=true, lastLogIndex=1}
21:47:03.579 [raft-server-raft-partition-1] TRACE i.a.p.raft.roles.LeaderAppender - RaftServer{raft-partition-1} - Received AppendResponse{status=OK, term=1, succeeded=true, lastLogIndex=1} from 3
21:47:03.579 [raft-server-raft-partition-1] TRACE i.a.p.raft.roles.LeaderAppender - RaftServer{raft-partition-1} - Sending AppendRequest{term=1, leader=2, prevLogIndex=1, prevLogTerm=1, entries=0, commitIndex=1} to 3
21:47:03.579 [raft-server-raft-partition-1] TRACE i.a.p.raft.roles.LeaderAppender - RaftServer{raft-partition-1} - Received AppendResponse{status=OK, term=1, succeeded=true, lastLogIndex=1} from 1
21:47:03.579 [raft-server-raft-partition-1] TRACE i.a.p.raft.roles.LeaderAppender - RaftServer{raft-partition-1} - Sending AppendRequest{term=1, leader=2, prevLogIndex=1, prevLogTerm=1, entries=0, commitIndex=1} to 1
21:47:03.579 [raft-server-raft-partition-1] TRACE i.a.p.raft.roles.FollowerRole - RaftServer{raft-partition-1}{role=FOLLOWER} - Received AppendRequest{term=1, leader=2, prevLogIndex=1, prevLogTerm=1, entries=0, commitIndex=1}
21:47:03.579 [raft-server-raft-partition-1] TRACE i.a.p.raft.roles.FollowerRole - RaftServer{raft-partition-1}{role=FOLLOWER} - Sending AppendResponse{status=OK, term=1, succeeded=true, lastLogIndex=1}
21:47:03.579 [raft-server-raft-partition-1] TRACE i.a.p.raft.roles.FollowerRole - RaftServer{raft-partition-1}{role=FOLLOWER} - Received AppendRequest{term=1, leader=2, prevLogIndex=1, prevLogTerm=1, entries=0, commitIndex=1}
21:47:03.579 [raft-server-raft-partition-1] TRACE i.a.p.raft.roles.FollowerRole - RaftServer{raft-partition-1}{role=FOLLOWER} - Sending AppendResponse{status=OK, term=1, succeeded=true, lastLogIndex=1}
21:47:03.580 [raft-server-raft-partition-1] TRACE i.a.p.raft.roles.LeaderAppender - RaftServer{raft-partition-1} - Received AppendResponse{status=OK, term=1, succeeded=true, lastLogIndex=1} from 3
21:47:03.580 [raft-server-raft-partition-1] TRACE i.a.p.raft.roles.LeaderAppender - RaftServer{raft-partition-1} - Received AppendResponse{status=OK, term=1, succeeded=true, lastLogIndex=1} from 1
21:47:03.605 [raft-server-raft-partition-3] TRACE i.a.p.raft.roles.FollowerRole - RaftServer{raft-partition-3}{role=FOLLOWER} - Committed entries up to index 5
21:47:03.605 [raft-server-raft-partition-3] TRACE i.a.p.raft.roles.FollowerRole - RaftServer{raft-partition-3}{role=FOLLOWER} - Sending AppendResponse{status=OK, term=1, succeeded=true, lastLogIndex=6}
21:47:03.605 [raft-server-raft-partition-3] TRACE i.a.p.raft.roles.LeaderAppender - RaftServer{raft-partition-3} - Received AppendResponse{status=OK, term=1, succeeded=true, lastLogIndex=6} from 2
21:47:03.605 [raft-server-raft-partition-3-state] TRACE i.a.p.raft.impl.RaftServiceManager - RaftServer{raft-partition-3} - Applying Indexed{index=5, entry=CommandEntry{term=1, timestamp=2018-06-10 09:47:03,537, session=2, sequence=2, operation=PrimitiveOperation{id=DefaultOperationId{id=acquire, type=COMMAND}, value=byte[]{length=9, hash=-243026245}}}}
21:47:03.605 [raft-server-raft-partition-3] TRACE i.a.p.raft.roles.LeaderAppender - RaftServer{raft-partition-3} - Committed entries up to 6
21:47:03.605 [raft-server-raft-partition-3-state] TRACE i.a.p.raft.impl.RaftServiceManager - RaftServer{raft-partition-3} - Applying Indexed{index=6, entry=CommandEntry{term=1, timestamp=2018-06-10 09:47:03,538, session=2, sequence=2, operation=PrimitiveOperation{id=DefaultOperationId{id=acquire, type=COMMAND}, value=byte[]{length=9, hash=-243026245}}}}
21:47:03.606 [raft-server-raft-partition-3-state] TRACE i.a.p.r.service.RaftServiceContext - PrimitiveService{2}{type=DistributedSemaphoreType{name=semaphore}, name=test-semaphore-timeout} - Returning cached result for command with sequence number 2 < 3
21:47:03.606 [raft-server-raft-partition-3-state] TRACE i.a.protocols.raft.roles.LeaderRole - RaftServer{raft-partition-3}{role=LEADER} - Sending CommandResponse{status=OK, index=5, eventIndex=3, result=null}
21:47:03.635 [raft-server-raft-partition-3] TRACE i.a.p.raft.roles.FollowerRole - RaftServer{raft-partition-3}{role=FOLLOWER} - Committed entries up to index 5
21:47:03.635 [raft-server-raft-partition-3] TRACE i.a.p.raft.roles.FollowerRole - RaftServer{raft-partition-3}{role=FOLLOWER} - Sending AppendResponse{status=OK, term=1, succeeded=true, lastLogIndex=6}
21:47:03.635 [raft-server-raft-partition-3] TRACE i.a.p.raft.roles.FollowerRole - RaftServer{raft-partition-3}{role=FOLLOWER} - Sending CommandResponse{status=OK, index=5, eventIndex=3, result=null}
21:47:03.635 [raft-server-raft-partition-3] TRACE i.a.p.raft.roles.FollowerRole - RaftServer{raft-partition-3}{role=FOLLOWER} - Sending CommandResponse{status=OK, index=5, eventIndex=3, result=null}
21:47:03.635 [raft-server-raft-partition-3-state] TRACE i.a.p.raft.impl.RaftServiceManager - RaftServer{raft-partition-3} - Applying Indexed{index=5, entry=CommandEntry{term=1, timestamp=2018-06-10 09:47:03,537, session=2, sequence=2, operation=PrimitiveOperation{id=DefaultOperationId{id=acquire, type=COMMAND}, value=byte[]{length=9, hash=-243026245}}}}
21:47:03.635 [raft-client-raft-partition-3-5] TRACE i.a.p.r.s.impl.RaftSessionConnection - SessionClient{2}{type=DistributedSemaphoreType{name=semaphore}, name=test-semaphore-timeout} - Received CommandResponse{status=OK, index=5, eventIndex=3, result=null} from 1
21:47:03.635 [raft-server-raft-partition-3] TRACE i.a.p.raft.roles.LeaderAppender - RaftServer{raft-partition-3} - Received AppendResponse{status=OK, term=1, succeeded=true, lastLogIndex=6} from 1
21:47:03.635 [raft-client-raft-partition-3-5] TRACE i.a.p.r.s.impl.RaftSessionSequencer - SessionClient{2}{type=DistributedSemaphoreType{name=semaphore}, name=test-semaphore-timeout} - Completing response CommandResponse{status=OK, index=5, eventIndex=3, result=null}
21:47:03.635 [raft-client-raft-partition-3-5] TRACE i.a.p.r.s.impl.RaftSessionSequencer - SessionClient{2}{type=DistributedSemaphoreType{name=semaphore}, name=test-semaphore-timeout} - Completing PublishRequest{session=2, eventIndex=5, previousIndex=3, events=[PrimitiveEvent{type=succeeded, value=byte[]{length=9, hash=-242827515}}]}
21:47:03.635 [raft-client-raft-partition-3-5] TRACE i.a.p.r.s.impl.RaftSessionConnection - SessionClient{2}{type=DistributedSemaphoreType{name=semaphore}, name=test-semaphore-timeout} - Received CommandResponse{status=OK, index=5, eventIndex=3, result=null} from 1
21:47:03.636 [raft-client-raft-partition-3-2] TRACE i.a.p.r.s.impl.RaftSessionConnection - SessionClient{2}{type=DistributedSemaphoreType{name=semaphore}, name=test-semaphore-timeout} - Sending CommandRequest{session=2, sequence=3, operation=PrimitiveOperation{id=DefaultOperationId{id=acquire, type=COMMAND}, value=byte[]{length=10, hash=1112841588}}} to 1
21:47:03.637 [raft-server-raft-partition-3] TRACE i.a.p.raft.roles.FollowerRole - RaftServer{raft-partition-3}{role=FOLLOWER} - Received CommandRequest{session=2, sequence=3, operation=PrimitiveOperation{id=DefaultOperationId{id=acquire, type=COMMAND}, value=byte[]{length=10, hash=1112841588}}}
21:47:03.637 [raft-server-raft-partition-3] TRACE i.a.protocols.raft.roles.LeaderRole - RaftServer{raft-partition-3}{role=LEADER} - Received CommandRequest{session=2, sequence=3, operation=PrimitiveOperation{id=DefaultOperationId{id=acquire, type=COMMAND}, value=byte[]{length=10, hash=1112841588}}}
21:47:03.637 [raft-server-raft-partition-3] TRACE i.a.protocols.raft.roles.LeaderRole - RaftServer{raft-partition-3}{role=LEADER} - Appended Indexed{index=7, entry=CommandEntry{term=1, timestamp=2018-06-10 09:47:03,637, session=2, sequence=3, operation=PrimitiveOperation{id=DefaultOperationId{id=acquire, type=COMMAND}, value=byte[]{length=10, hash=1112841588}}}}
21:47:03.637 [raft-server-raft-partition-3] TRACE i.a.p.raft.roles.LeaderAppender - RaftServer{raft-partition-3} - Sending AppendRequest{term=1, leader=3, prevLogIndex=6, prevLogTerm=1, entries=1, commitIndex=6} to 1
21:47:03.637 [raft-server-raft-partition-3] TRACE i.a.p.raft.roles.LeaderAppender - RaftServer{raft-partition-3} - Sending AppendRequest{term=1, leader=3, prevLogIndex=6, prevLogTerm=1, entries=1, commitIndex=6} to 2
21:47:03.637 [raft-server-raft-partition-3] TRACE i.a.p.raft.roles.FollowerRole - RaftServer{raft-partition-3}{role=FOLLOWER} - Received AppendRequest{term=1, leader=3, prevLogIndex=6, prevLogTerm=1, entries=1, commitIndex=6}
21:47:03.638 [raft-server-raft-partition-3] TRACE i.a.p.raft.roles.FollowerRole - RaftServer{raft-partition-3}{role=FOLLOWER} - Received AppendRequest{term=1, leader=3, prevLogIndex=6, prevLogTerm=1, entries=1, commitIndex=6}
21:47:03.638 [raft-server-raft-partition-3] TRACE i.a.p.raft.roles.FollowerRole - RaftServer{raft-partition-3}{role=FOLLOWER} - Appended Indexed{index=7, entry=CommandEntry{term=1, timestamp=2018-06-10 09:47:03,637, session=2, sequence=3, operation=PrimitiveOperation{id=DefaultOperationId{id=acquire, type=COMMAND}, value=byte[]{length=10, hash=1112841588}}}}
21:47:03.638 [raft-server-raft-partition-3] TRACE i.a.p.raft.roles.FollowerRole - RaftServer{raft-partition-3}{role=FOLLOWER} - Appended Indexed{index=7, entry=CommandEntry{term=1, timestamp=2018-06-10 09:47:03,637, session=2, sequence=3, operation=PrimitiveOperation{id=DefaultOperationId{id=acquire, type=COMMAND}, value=byte[]{length=10, hash=1112841588}}}}
21:47:03.672 [raft-server-raft-partition-3] TRACE i.a.p.raft.roles.FollowerRole - RaftServer{raft-partition-3}{role=FOLLOWER} - Committed entries up to index 6
21:47:03.672 [raft-server-raft-partition-3] TRACE i.a.p.raft.roles.FollowerRole - RaftServer{raft-partition-3}{role=FOLLOWER} - Sending AppendResponse{status=OK, term=1, succeeded=true, lastLogIndex=7}
21:47:03.672 [raft-server-raft-partition-3] TRACE i.a.p.raft.roles.LeaderAppender - RaftServer{raft-partition-3} - Received AppendResponse{status=OK, term=1, succeeded=true, lastLogIndex=7} from 2
21:47:03.672 [raft-server-raft-partition-3-state] TRACE i.a.p.raft.impl.RaftServiceManager - RaftServer{raft-partition-3} - Applying Indexed{index=6, entry=CommandEntry{term=1, timestamp=2018-06-10 09:47:03,538, session=2, sequence=2, operation=PrimitiveOperation{id=DefaultOperationId{id=acquire, type=COMMAND}, value=byte[]{length=9, hash=-243026245}}}}
21:47:03.672 [raft-server-raft-partition-3] TRACE i.a.p.raft.roles.LeaderAppender - RaftServer{raft-partition-3} - Committed entries up to 7
21:47:03.672 [raft-server-raft-partition-3-state] TRACE i.a.p.r.service.RaftServiceContext - PrimitiveService{2}{type=DistributedSemaphoreType{name=semaphore}, name=test-semaphore-timeout} - Returning cached result for command with sequence number 2 < 3
21:47:03.701 [raft-server-raft-partition-3] TRACE i.a.p.raft.roles.FollowerRole - RaftServer{raft-partition-3}{role=FOLLOWER} - Committed entries up to index 6
21:47:03.701 [raft-server-raft-partition-3] TRACE i.a.p.raft.roles.FollowerRole - RaftServer{raft-partition-3}{role=FOLLOWER} - Sending AppendResponse{status=OK, term=1, succeeded=true, lastLogIndex=7}
21:47:03.701 [raft-server-raft-partition-3-state] TRACE i.a.p.raft.impl.RaftServiceManager - RaftServer{raft-partition-3} - Applying Indexed{index=6, entry=CommandEntry{term=1, timestamp=2018-06-10 09:47:03,538, session=2, sequence=2, operation=PrimitiveOperation{id=DefaultOperationId{id=acquire, type=COMMAND}, value=byte[]{length=9, hash=-243026245}}}}
21:47:03.702 [raft-server-raft-partition-3-state] TRACE i.a.p.r.service.RaftServiceContext - PrimitiveService{2}{type=DistributedSemaphoreType{name=semaphore}, name=test-semaphore-timeout} - Returning cached result for command with sequence number 2 < 3
21:47:03.720 [raft-server-system-partition-1] TRACE i.a.p.raft.roles.LeaderAppender - RaftServer{system-partition-1} - Sending AppendRequest{term=1, leader=2, prevLogIndex=60, prevLogTerm=1, entries=0, commitIndex=60} to 1
21:47:03.720 [raft-server-system-partition-1] TRACE i.a.p.raft.roles.LeaderAppender - RaftServer{system-partition-1} - Sending AppendRequest{term=1, leader=2, prevLogIndex=60, prevLogTerm=1, entries=0, commitIndex=60} to 3
21:47:03.720 [raft-server-system-partition-1] TRACE i.a.p.raft.roles.FollowerRole - RaftServer{system-partition-1}{role=FOLLOWER} - Received AppendRequest{term=1, leader=2, prevLogIndex=60, prevLogTerm=1, entries=0, commitIndex=60}
21:47:03.720 [raft-server-system-partition-1] TRACE i.a.p.raft.roles.FollowerRole - RaftServer{system-partition-1}{role=FOLLOWER} - Sending AppendResponse{status=OK, term=1, succeeded=true, lastLogIndex=60}
21:47:03.720 [raft-server-system-partition-1] TRACE i.a.p.raft.roles.FollowerRole - RaftServer{system-partition-1}{role=FOLLOWER} - Received AppendRequest{term=1, leader=2, prevLogIndex=60, prevLogTerm=1, entries=0, commitIndex=60}
21:47:03.720 [raft-server-system-partition-1] TRACE i.a.p.raft.roles.FollowerRole - RaftServer{system-partition-1}{role=FOLLOWER} - Sending AppendResponse{status=OK, term=1, succeeded=true, lastLogIndex=60}
21:47:03.720 [raft-server-system-partition-1] TRACE i.a.p.raft.roles.LeaderAppender - RaftServer{system-partition-1} - Received AppendResponse{status=OK, term=1, succeeded=true, lastLogIndex=60} from 1
21:47:03.720 [raft-server-system-partition-1] TRACE i.a.p.raft.roles.LeaderAppender - RaftServer{system-partition-1} - Sending AppendRequest{term=1, leader=2, prevLogIndex=60, prevLogTerm=1, entries=0, commitIndex=60} to 1
21:47:03.720 [raft-server-system-partition-1] TRACE i.a.p.raft.roles.LeaderAppender - RaftServer{system-partition-1} - Received AppendResponse{status=OK, term=1, succeeded=true, lastLogIndex=60} from 3
21:47:03.720 [raft-server-system-partition-1] TRACE i.a.p.raft.roles.FollowerRole - RaftServer{system-partition-1}{role=FOLLOWER} - Received AppendRequest{term=1, leader=2, prevLogIndex=60, prevLogTerm=1, entries=0, commitIndex=60}
21:47:03.720 [raft-server-system-partition-1] TRACE i.a.p.raft.roles.LeaderAppender - RaftServer{system-partition-1} - Sending AppendRequest{term=1, leader=2, prevLogIndex=60, prevLogTerm=1, entries=0, commitIndex=60} to 3
21:47:03.720 [raft-server-system-partition-1] TRACE i.a.p.raft.roles.FollowerRole - RaftServer{system-partition-1}{role=FOLLOWER} - Sending AppendResponse{status=OK, term=1, succeeded=true, lastLogIndex=60}
21:47:03.721 [raft-server-system-partition-1] TRACE i.a.p.raft.roles.LeaderAppender - RaftServer{system-partition-1} - Received AppendResponse{status=OK, term=1, succeeded=true, lastLogIndex=60} from 1
21:47:03.721 [raft-server-system-partition-1] TRACE i.a.p.raft.roles.FollowerRole - RaftServer{system-partition-1}{role=FOLLOWER} - Received AppendRequest{term=1, leader=2, prevLogIndex=60, prevLogTerm=1, entries=0, commitIndex=60}
21:47:03.721 [raft-server-system-partition-1] TRACE i.a.p.raft.roles.LeaderAppender - RaftServer{system-partition-1} - Sending AppendRequest{term=1, leader=2, prevLogIndex=60, prevLogTerm=1, entries=0, commitIndex=60} to 1
21:47:03.721 [raft-server-system-partition-1] TRACE i.a.p.raft.roles.FollowerRole - RaftServer{system-partition-1}{role=FOLLOWER} - Sending AppendResponse{status=OK, term=1, succeeded=true, lastLogIndex=60}
21:47:03.721 [raft-server-system-partition-1] TRACE i.a.p.raft.roles.FollowerRole - RaftServer{system-partition-1}{role=FOLLOWER} - Received AppendRequest{term=1, leader=2, prevLogIndex=60, prevLogTerm=1, entries=0, commitIndex=60}
21:47:03.721 [raft-server-system-partition-1] TRACE i.a.p.raft.roles.LeaderAppender - RaftServer{system-partition-1} - Received AppendResponse{status=OK, term=1, succeeded=true, lastLogIndex=60} from 3
21:47:03.721 [raft-server-system-partition-1] TRACE i.a.p.raft.roles.FollowerRole - RaftServer{system-partition-1}{role=FOLLOWER} - Sending AppendResponse{status=OK, term=1, succeeded=true, lastLogIndex=60}
21:47:03.721 [raft-server-system-partition-1] TRACE i.a.p.raft.roles.LeaderAppender - RaftServer{system-partition-1} - Sending AppendRequest{term=1, leader=2, prevLogIndex=60, prevLogTerm=1, entries=0, commitIndex=60} to 3
21:47:03.721 [raft-server-system-partition-1] TRACE i.a.p.raft.roles.LeaderAppender - RaftServer{system-partition-1} - Received AppendResponse{status=OK, term=1, succeeded=true, lastLogIndex=60} from 1
21:47:03.721 [raft-server-system-partition-1] TRACE i.a.p.raft.roles.FollowerRole - RaftServer{system-partition-1}{role=FOLLOWER} - Received AppendRequest{term=1, leader=2, prevLogIndex=60, prevLogTerm=1, entries=0, commitIndex=60}
21:47:03.721 [raft-server-system-partition-1] TRACE i.a.p.raft.roles.FollowerRole - RaftServer{system-partition-1}{role=FOLLOWER} - Sending AppendResponse{status=OK, term=1, succeeded=true, lastLogIndex=60}
21:47:03.722 [raft-server-system-partition-1] TRACE i.a.p.raft.roles.LeaderAppender - RaftServer{system-partition-1} - Received AppendResponse{status=OK, term=1, succeeded=true, lastLogIndex=60} from 3
21:47:03.726 [raft-server-raft-partition-3] TRACE i.a.p.raft.roles.LeaderAppender - RaftServer{raft-partition-3} - Sending AppendRequest{term=1, leader=3, prevLogIndex=7, prevLogTerm=1, entries=0, commitIndex=7} to 2
21:47:03.726 [raft-server-raft-partition-3] TRACE i.a.p.raft.roles.LeaderAppender - RaftServer{raft-partition-3} - Received AppendResponse{status=OK, term=1, succeeded=true, lastLogIndex=7} from 1
21:47:03.726 [raft-server-raft-partition-3] TRACE i.a.p.raft.roles.LeaderAppender - RaftServer{raft-partition-3} - Sending AppendRequest{term=1, leader=3, prevLogIndex=7, prevLogTerm=1, entries=0, commitIndex=7} to 1
21:47:03.726 [raft-server-raft-partition-3] TRACE i.a.p.raft.roles.FollowerRole - RaftServer{raft-partition-3}{role=FOLLOWER} - Received AppendRequest{term=1, leader=3, prevLogIndex=7, prevLogTerm=1, entries=0, commitIndex=7}
21:47:03.726 [raft-server-raft-partition-3-state] TRACE i.a.p.raft.impl.RaftServiceManager - RaftServer{raft-partition-3} - Applying Indexed{index=7, entry=CommandEntry{term=1, timestamp=2018-06-10 09:47:03,637, session=2, sequence=3, operation=PrimitiveOperation{id=DefaultOperationId{id=acquire, type=COMMAND}, value=byte[]{length=10, hash=1112841588}}}}
21:47:03.727 [raft-server-raft-partition-3] TRACE i.a.p.raft.roles.FollowerRole - RaftServer{raft-partition-3}{role=FOLLOWER} - Received AppendRequest{term=1, leader=3, prevLogIndex=7, prevLogTerm=1, entries=0, commitIndex=7}
21:47:03.727 [raft-server-raft-partition-3] TRACE i.a.p.raft.roles.FollowerRole - RaftServer{raft-partition-3}{role=FOLLOWER} - Committed entries up to index 7
21:47:03.727 [raft-server-raft-partition-3] TRACE i.a.p.raft.roles.FollowerRole - RaftServer{raft-partition-3}{role=FOLLOWER} - Committed entries up to index 7
21:47:03.727 [raft-server-raft-partition-3] TRACE i.a.p.raft.roles.FollowerRole - RaftServer{raft-partition-3}{role=FOLLOWER} - Sending AppendResponse{status=OK, term=1, succeeded=true, lastLogIndex=7}
21:47:03.727 [raft-server-raft-partition-3] TRACE i.a.p.raft.roles.FollowerRole - RaftServer{raft-partition-3}{role=FOLLOWER} - Sending AppendResponse{status=OK, term=1, succeeded=true, lastLogIndex=7}
21:47:03.727 [raft-server-raft-partition-3-state] TRACE i.a.p.raft.impl.RaftServiceManager - RaftServer{raft-partition-3} - Applying Indexed{index=7, entry=CommandEntry{term=1, timestamp=2018-06-10 09:47:03,637, session=2, sequence=3, operation=PrimitiveOperation{id=DefaultOperationId{id=acquire, type=COMMAND}, value=byte[]{length=10, hash=1112841588}}}}
21:47:03.727 [raft-server-raft-partition-3] TRACE i.a.p.raft.roles.LeaderAppender - RaftServer{raft-partition-3} - Received AppendResponse{status=OK, term=1, succeeded=true, lastLogIndex=7} from 2
21:47:03.727 [raft-server-raft-partition-3] TRACE i.a.p.raft.roles.LeaderAppender - RaftServer{raft-partition-3} - Sending AppendRequest{term=1, leader=3, prevLogIndex=7, prevLogTerm=1, entries=0, commitIndex=7} to 2
21:47:03.727 [raft-server-raft-partition-3-state] TRACE i.a.p.raft.impl.RaftServiceManager - RaftServer{raft-partition-3} - Applying Indexed{index=7, entry=CommandEntry{term=1, timestamp=2018-06-10 09:47:03,637, session=2, sequence=3, operation=PrimitiveOperation{id=DefaultOperationId{id=acquire, type=COMMAND}, value=byte[]{length=10, hash=1112841588}}}}
21:47:03.727 [raft-server-raft-partition-3] TRACE i.a.p.raft.roles.LeaderAppender - RaftServer{raft-partition-3} - Received AppendResponse{status=OK, term=1, succeeded=true, lastLogIndex=7} from 1
21:47:03.727 [raft-server-raft-partition-3] TRACE i.a.p.raft.roles.LeaderAppender - RaftServer{raft-partition-3} - Sending AppendRequest{term=1, leader=3, prevLogIndex=7, prevLogTerm=1, entries=0, commitIndex=7} to 1
21:47:03.728 [raft-server-raft-partition-3] TRACE i.a.p.raft.roles.FollowerRole - RaftServer{raft-partition-3}{role=FOLLOWER} - Received AppendRequest{term=1, leader=3, prevLogIndex=7, prevLogTerm=1, entries=0, commitIndex=7}
21:47:03.728 [raft-server-raft-partition-3] TRACE i.a.p.raft.roles.FollowerRole - RaftServer{raft-partition-3}{role=FOLLOWER} - Sending AppendResponse{status=OK, term=1, succeeded=true, lastLogIndex=7}
21:47:03.728 [raft-server-raft-partition-3] TRACE i.a.p.raft.roles.FollowerRole - RaftServer{raft-partition-3}{role=FOLLOWER} - Received AppendRequest{term=1, leader=3, prevLogIndex=7, prevLogTerm=1, entries=0, commitIndex=7}
21:47:03.728 [raft-server-raft-partition-3] TRACE i.a.p.raft.roles.FollowerRole - RaftServer{raft-partition-3}{role=FOLLOWER} - Sending AppendResponse{status=OK, term=1, succeeded=true, lastLogIndex=7}
21:47:03.729 [raft-server-raft-partition-3] TRACE i.a.p.raft.roles.LeaderAppender - RaftServer{raft-partition-3} - Received AppendResponse{status=OK, term=1, succeeded=true, lastLogIndex=7} from 2
21:47:03.729 [raft-server-raft-partition-3] TRACE i.a.p.raft.roles.LeaderAppender - RaftServer{raft-partition-3} - Received AppendResponse{status=OK, term=1, succeeded=true, lastLogIndex=7} from 1
21:47:03.730 [raft-server-raft-partition-3-state] TRACE i.a.protocols.raft.roles.LeaderRole - RaftServer{raft-partition-3}{role=LEADER} - Sending CommandResponse{status=OK, index=7, eventIndex=5, result=null}
21:47:03.730 [raft-server-raft-partition-3] TRACE i.a.p.raft.roles.FollowerRole - RaftServer{raft-partition-3}{role=FOLLOWER} - Sending CommandResponse{status=OK, index=7, eventIndex=5, result=null}
21:47:03.730 [raft-client-raft-partition-3-4] TRACE i.a.p.r.s.impl.RaftSessionConnection - SessionClient{2}{type=DistributedSemaphoreType{name=semaphore}, name=test-semaphore-timeout} - Received CommandResponse{status=OK, index=7, eventIndex=5, result=null} from 1
21:47:03.730 [raft-client-raft-partition-3-4] TRACE i.a.p.r.s.impl.RaftSessionSequencer - SessionClient{2}{type=DistributedSemaphoreType{name=semaphore}, name=test-semaphore-timeout} - Completing response CommandResponse{status=OK, index=7, eventIndex=5, result=null}
21:47:03.753 [raft-server-raft-partition-2] TRACE i.a.p.raft.roles.LeaderAppender - RaftServer{raft-partition-2} - Sending AppendRequest{term=1, leader=3, prevLogIndex=9, prevLogTerm=1, entries=0, commitIndex=9} to 1
21:47:03.753 [raft-server-raft-partition-2] TRACE i.a.p.raft.roles.LeaderAppender - RaftServer{raft-partition-2} - Sending AppendRequest{term=1, leader=3, prevLogIndex=9, prevLogTerm=1, entries=0, commitIndex=9} to 2
21:47:03.753 [raft-server-raft-partition-2] TRACE i.a.p.raft.roles.FollowerRole - RaftServer{raft-partition-2}{role=FOLLOWER} - Received AppendRequest{term=1, leader=3, prevLogIndex=9, prevLogTerm=1, entries=0, commitIndex=9}
21:47:03.753 [raft-server-raft-partition-2] TRACE i.a.p.raft.roles.FollowerRole - RaftServer{raft-partition-2}{role=FOLLOWER} - Sending AppendResponse{status=OK, term=1, succeeded=true, lastLogIndex=9}
21:47:03.753 [raft-server-raft-partition-2] TRACE i.a.p.raft.roles.FollowerRole - RaftServer{raft-partition-2}{role=FOLLOWER} - Received AppendRequest{term=1, leader=3, prevLogIndex=9, prevLogTerm=1, entries=0, commitIndex=9}
21:47:03.753 [raft-server-raft-partition-2] TRACE i.a.p.raft.roles.FollowerRole - RaftServer{raft-partition-2}{role=FOLLOWER} - Sending AppendResponse{status=OK, term=1, succeeded=true, lastLogIndex=9}
21:47:03.753 [raft-server-raft-partition-2] TRACE i.a.p.raft.roles.LeaderAppender - RaftServer{raft-partition-2} - Received AppendResponse{status=OK, term=1, succeeded=true, lastLogIndex=9} from 1
21:47:03.753 [raft-server-raft-partition-2] TRACE i.a.p.raft.roles.LeaderAppender - RaftServer{raft-partition-2} - Sending AppendRequest{term=1, leader=3, prevLogIndex=9, prevLogTerm=1, entries=0, commitIndex=9} to 1
21:47:03.753 [raft-server-raft-partition-2] TRACE i.a.p.raft.roles.LeaderAppender - RaftServer{raft-partition-2} - Received AppendResponse{status=OK, term=1, succeeded=true, lastLogIndex=9} from 2
21:47:03.753 [raft-server-raft-partition-2] TRACE i.a.p.raft.roles.LeaderAppender - RaftServer{raft-partition-2} - Sending AppendRequest{term=1, leader=3, prevLogIndex=9, prevLogTerm=1, entries=0, commitIndex=9} to 2
21:47:03.754 [raft-server-raft-partition-2] TRACE i.a.p.raft.roles.FollowerRole - RaftServer{raft-partition-2}{role=FOLLOWER} - Received AppendRequest{term=1, leader=3, prevLogIndex=9, prevLogTerm=1, entries=0, commitIndex=9}
21:47:03.754 [raft-server-raft-partition-2] TRACE i.a.p.raft.roles.FollowerRole - RaftServer{raft-partition-2}{role=FOLLOWER} - Sending AppendResponse{status=OK, term=1, succeeded=true, lastLogIndex=9}
21:47:03.754 [raft-server-raft-partition-2] TRACE i.a.p.raft.roles.FollowerRole - RaftServer{raft-partition-2}{role=FOLLOWER} - Received AppendRequest{term=1, leader=3, prevLogIndex=9, prevLogTerm=1, entries=0, commitIndex=9}
21:47:03.754 [raft-server-raft-partition-2] TRACE i.a.p.raft.roles.FollowerRole - RaftServer{raft-partition-2}{role=FOLLOWER} - Sending AppendResponse{status=OK, term=1, succeeded=true, lastLogIndex=9}
21:47:03.754 [raft-server-raft-partition-2] TRACE i.a.p.raft.roles.LeaderAppender - RaftServer{raft-partition-2} - Received AppendResponse{status=OK, term=1, succeeded=true, lastLogIndex=9} from 1
21:47:03.754 [raft-server-raft-partition-2] TRACE i.a.p.raft.roles.LeaderAppender - RaftServer{raft-partition-2} - Sending AppendRequest{term=1, leader=3, prevLogIndex=9, prevLogTerm=1, entries=0, commitIndex=9} to 1
21:47:03.754 [raft-server-raft-partition-2] TRACE i.a.p.raft.roles.LeaderAppender - RaftServer{raft-partition-2} - Received AppendResponse{status=OK, term=1, succeeded=true, lastLogIndex=9} from 2
21:47:03.754 [raft-server-raft-partition-2] TRACE i.a.p.raft.roles.LeaderAppender - RaftServer{raft-partition-2} - Sending AppendRequest{term=1, leader=3, prevLogIndex=9, prevLogTerm=1, entries=0, commitIndex=9} to 2
21:47:03.754 [raft-server-raft-partition-2] TRACE i.a.p.raft.roles.FollowerRole - RaftServer{raft-partition-2}{role=FOLLOWER} - Received AppendRequest{term=1, leader=3, prevLogIndex=9, prevLogTerm=1, entries=0, commitIndex=9}
21:47:03.754 [raft-server-raft-partition-2] TRACE i.a.p.raft.roles.FollowerRole - RaftServer{raft-partition-2}{role=FOLLOWER} - Received AppendRequest{term=1, leader=3, prevLogIndex=9, prevLogTerm=1, entries=0, commitIndex=9}
21:47:03.754 [raft-server-raft-partition-2] TRACE i.a.p.raft.roles.FollowerRole - RaftServer{raft-partition-2}{role=FOLLOWER} - Sending AppendResponse{status=OK, term=1, succeeded=true, lastLogIndex=9}
21:47:03.754 [raft-server-raft-partition-2] TRACE i.a.p.raft.roles.FollowerRole - RaftServer{raft-partition-2}{role=FOLLOWER} - Sending AppendResponse{status=OK, term=1, succeeded=true, lastLogIndex=9}
21:47:03.754 [raft-server-raft-partition-2] TRACE i.a.p.raft.roles.LeaderAppender - RaftServer{raft-partition-2} - Received AppendResponse{status=OK, term=1, succeeded=true, lastLogIndex=9} from 1
21:47:03.755 [raft-server-raft-partition-2] TRACE i.a.p.raft.roles.LeaderAppender - RaftServer{raft-partition-2} - Received AppendResponse{status=OK, term=1, succeeded=true, lastLogIndex=9} from 2
21:47:03.828 [raft-server-raft-partition-1] TRACE i.a.p.raft.roles.LeaderAppender - RaftServer{raft-partition-1} - Sending AppendRequest{term=1, leader=2, prevLogIndex=1, prevLogTerm=1, entries=0, commitIndex=1} to 1
21:47:03.828 [raft-server-raft-partition-1] TRACE i.a.p.raft.roles.LeaderAppender - RaftServer{raft-partition-1} - Sending AppendRequest{term=1, leader=2, prevLogIndex=1, prevLogTerm=1, entries=0, commitIndex=1} to 3
21:47:03.828 [raft-server-raft-partition-1] TRACE i.a.p.raft.roles.FollowerRole - RaftServer{raft-partition-1}{role=FOLLOWER} - Received AppendRequest{term=1, leader=2, prevLogIndex=1, prevLogTerm=1, entries=0, commitIndex=1}
21:47:03.828 [raft-server-raft-partition-1] TRACE i.a.p.raft.roles.FollowerRole - RaftServer{raft-partition-1}{role=FOLLOWER} - Received AppendRequest{term=1, leader=2, prevLogIndex=1, prevLogTerm=1, entries=0, commitIndex=1}
21:47:03.828 [raft-server-raft-partition-1] TRACE i.a.p.raft.roles.FollowerRole - RaftServer{raft-partition-1}{role=FOLLOWER} - Sending AppendResponse{status=OK, term=1, succeeded=true, lastLogIndex=1}
21:47:03.828 [raft-server-raft-partition-1] TRACE i.a.p.raft.roles.FollowerRole - RaftServer{raft-partition-1}{role=FOLLOWER} - Sending AppendResponse{status=OK, term=1, succeeded=true, lastLogIndex=1}
21:47:03.828 [raft-server-raft-partition-1] TRACE i.a.p.raft.roles.LeaderAppender - RaftServer{raft-partition-1} - Received AppendResponse{status=OK, term=1, succeeded=true, lastLogIndex=1} from 1
21:47:03.828 [raft-server-raft-partition-1] TRACE i.a.p.raft.roles.LeaderAppender - RaftServer{raft-partition-1} - Sending AppendRequest{term=1, leader=2, prevLogIndex=1, prevLogTerm=1, entries=0, commitIndex=1} to 1
21:47:03.828 [raft-server-raft-partition-1] TRACE i.a.p.raft.roles.LeaderAppender - RaftServer{raft-partition-1} - Received AppendResponse{status=OK, term=1, succeeded=true, lastLogIndex=1} from 3
21:47:03.828 [raft-server-raft-partition-1] TRACE i.a.p.raft.roles.LeaderAppender - RaftServer{raft-partition-1} - Sending AppendRequest{term=1, leader=2, prevLogIndex=1, prevLogTerm=1, entries=0, commitIndex=1} to 3
21:47:03.828 [raft-server-raft-partition-1] TRACE i.a.p.raft.roles.FollowerRole - RaftServer{raft-partition-1}{role=FOLLOWER} - Received AppendRequest{term=1, leader=2, prevLogIndex=1, prevLogTerm=1, entries=0, commitIndex=1}
21:47:03.828 [raft-server-raft-partition-1] TRACE i.a.p.raft.roles.FollowerRole - RaftServer{raft-partition-1}{role=FOLLOWER} - Sending AppendResponse{status=OK, term=1, succeeded=true, lastLogIndex=1}
21:47:03.828 [raft-server-raft-partition-1] TRACE i.a.p.raft.roles.FollowerRole - RaftServer{raft-partition-1}{role=FOLLOWER} - Received AppendRequest{term=1, leader=2, prevLogIndex=1, prevLogTerm=1, entries=0, commitIndex=1}
21:47:03.828 [raft-server-raft-partition-1] TRACE i.a.p.raft.roles.FollowerRole - RaftServer{raft-partition-1}{role=FOLLOWER} - Sending AppendResponse{status=OK, term=1, succeeded=true, lastLogIndex=1}
21:47:03.829 [raft-server-raft-partition-1] TRACE i.a.p.raft.roles.LeaderAppender - RaftServer{raft-partition-1} - Received AppendResponse{status=OK, term=1, succeeded=true, lastLogIndex=1} from 1
21:47:03.829 [raft-server-raft-partition-1] TRACE i.a.p.raft.roles.LeaderAppender - RaftServer{raft-partition-1} - Sending AppendRequest{term=1, leader=2, prevLogIndex=1, prevLogTerm=1, entries=0, commitIndex=1} to 1
21:47:03.829 [raft-server-raft-partition-1] TRACE i.a.p.raft.roles.LeaderAppender - RaftServer{raft-partition-1} - Received AppendResponse{status=OK, term=1, succeeded=true, lastLogIndex=1} from 3
21:47:03.829 [raft-server-raft-partition-1] TRACE i.a.p.raft.roles.LeaderAppender - RaftServer{raft-partition-1} - Sending AppendRequest{term=1, leader=2, prevLogIndex=1, prevLogTerm=1, entries=0, commitIndex=1} to 3
21:47:03.829 [raft-server-raft-partition-1] TRACE i.a.p.raft.roles.FollowerRole - RaftServer{raft-partition-1}{role=FOLLOWER} - Received AppendRequest{term=1, leader=2, prevLogIndex=1, prevLogTerm=1, entries=0, commitIndex=1}
21:47:03.829 [raft-server-raft-partition-1] TRACE i.a.p.raft.roles.FollowerRole - RaftServer{raft-partition-1}{role=FOLLOWER} - Sending AppendResponse{status=OK, term=1, succeeded=true, lastLogIndex=1}
21:47:03.829 [raft-server-raft-partition-1] TRACE i.a.p.raft.roles.FollowerRole - RaftServer{raft-partition-1}{role=FOLLOWER} - Received AppendRequest{term=1, leader=2, prevLogIndex=1, prevLogTerm=1, entries=0, commitIndex=1}
21:47:03.829 [raft-server-raft-partition-1] TRACE i.a.p.raft.roles.FollowerRole - RaftServer{raft-partition-1}{role=FOLLOWER} - Sending AppendResponse{status=OK, term=1, succeeded=true, lastLogIndex=1}
21:47:03.829 [raft-server-raft-partition-1] TRACE i.a.p.raft.roles.LeaderAppender - RaftServer{raft-partition-1} - Received AppendResponse{status=OK, term=1, succeeded=true, lastLogIndex=1} from 1
21:47:03.829 [raft-server-raft-partition-1] TRACE i.a.p.raft.roles.LeaderAppender - RaftServer{raft-partition-1} - Received AppendResponse{status=OK, term=1, succeeded=true, lastLogIndex=1} from 3
21:47:03.926 [raft-server-raft-partition-3] TRACE i.a.p.raft.roles.LeaderAppender - RaftServer{raft-partition-3} - Sending AppendRequest{term=1, leader=3, prevLogIndex=7, prevLogTerm=1, entries=0, commitIndex=7} to 1
21:47:03.926 [raft-server-raft-partition-3] TRACE i.a.p.raft.roles.LeaderAppender - RaftServer{raft-partition-3} - Sending AppendRequest{term=1, leader=3, prevLogIndex=7, prevLogTerm=1, entries=0, commitIndex=7} to 2
21:47:03.926 [raft-server-raft-partition-3] TRACE i.a.p.raft.roles.FollowerRole - RaftServer{raft-partition-3}{role=FOLLOWER} - Received AppendRequest{term=1, leader=3, prevLogIndex=7, prevLogTerm=1, entries=0, commitIndex=7}
21:47:03.926 [raft-server-raft-partition-3] TRACE i.a.p.raft.roles.FollowerRole - RaftServer{raft-partition-3}{role=FOLLOWER} - Received AppendRequest{term=1, leader=3, prevLogIndex=7, prevLogTerm=1, entries=0, commitIndex=7}
21:47:03.926 [raft-server-raft-partition-3] TRACE i.a.p.raft.roles.FollowerRole - RaftServer{raft-partition-3}{role=FOLLOWER} - Sending AppendResponse{status=OK, term=1, succeeded=true, lastLogIndex=7}
21:47:03.926 [raft-server-raft-partition-3] TRACE i.a.p.raft.roles.FollowerRole - RaftServer{raft-partition-3}{role=FOLLOWER} - Sending AppendResponse{status=OK, term=1, succeeded=true, lastLogIndex=7}
21:47:03.926 [raft-server-raft-partition-3] TRACE i.a.p.raft.roles.LeaderAppender - RaftServer{raft-partition-3} - Received AppendResponse{status=OK, term=1, succeeded=true, lastLogIndex=7} from 1
21:47:03.926 [raft-server-raft-partition-3] TRACE i.a.p.raft.roles.LeaderAppender - RaftServer{raft-partition-3} - Sending AppendRequest{term=1, leader=3, prevLogIndex=7, prevLogTerm=1, entries=0, commitIndex=7} to 1
21:47:03.926 [raft-server-raft-partition-3] TRACE i.a.p.raft.roles.LeaderAppender - RaftServer{raft-partition-3} - Received AppendResponse{status=OK, term=1, succeeded=true, lastLogIndex=7} from 2
21:47:03.926 [raft-server-raft-partition-3] TRACE i.a.p.raft.roles.LeaderAppender - RaftServer{raft-partition-3} - Sending AppendRequest{term=1, leader=3, prevLogIndex=7, prevLogTerm=1, entries=0, commitIndex=7} to 2
21:47:03.927 [raft-server-raft-partition-3] TRACE i.a.p.raft.roles.FollowerRole - RaftServer{raft-partition-3}{role=FOLLOWER} - Received AppendRequest{term=1, leader=3, prevLogIndex=7, prevLogTerm=1, entries=0, commitIndex=7}
21:47:03.927 [raft-server-raft-partition-3] TRACE i.a.p.raft.roles.FollowerRole - RaftServer{raft-partition-3}{role=FOLLOWER} - Sending AppendResponse{status=OK, term=1, succeeded=true, lastLogIndex=7}
21:47:03.927 [raft-server-raft-partition-3] TRACE i.a.p.raft.roles.FollowerRole - RaftServer{raft-partition-3}{role=FOLLOWER} - Received AppendRequest{term=1, leader=3, prevLogIndex=7, prevLogTerm=1, entries=0, commitIndex=7}
21:47:03.927 [raft-server-raft-partition-3] TRACE i.a.p.raft.roles.FollowerRole - RaftServer{raft-partition-3}{role=FOLLOWER} - Sending AppendResponse{status=OK, term=1, succeeded=true, lastLogIndex=7}
21:47:03.927 [raft-server-raft-partition-3] TRACE i.a.p.raft.roles.LeaderAppender - RaftServer{raft-partition-3} - Received AppendResponse{status=OK, term=1, succeeded=true, lastLogIndex=7} from 1
21:47:03.927 [raft-server-raft-partition-3] TRACE i.a.p.raft.roles.LeaderAppender - RaftServer{raft-partition-3} - Sending AppendRequest{term=1, leader=3, prevLogIndex=7, prevLogTerm=1, entries=0, commitIndex=7} to 1
21:47:03.927 [raft-server-raft-partition-3] TRACE i.a.p.raft.roles.LeaderAppender - RaftServer{raft-partition-3} - Received AppendResponse{status=OK, term=1, succeeded=true, lastLogIndex=7} from 2
21:47:03.927 [raft-server-raft-partition-3] TRACE i.a.p.raft.roles.LeaderAppender - RaftServer{raft-partition-3} - Sending AppendRequest{term=1, leader=3, prevLogIndex=7, prevLogTerm=1, entries=0, commitIndex=7} to 2
21:47:03.927 [raft-server-raft-partition-3] TRACE i.a.p.raft.roles.FollowerRole - RaftServer{raft-partition-3}{role=FOLLOWER} - Received AppendRequest{term=1, leader=3, prevLogIndex=7, prevLogTerm=1, entries=0, commitIndex=7}
21:47:03.927 [raft-server-raft-partition-3] TRACE i.a.p.raft.roles.FollowerRole - RaftServer{raft-partition-3}{role=FOLLOWER} - Sending AppendResponse{status=OK, term=1, succeeded=true, lastLogIndex=7}
21:47:03.927 [raft-server-raft-partition-3] TRACE i.a.p.raft.roles.FollowerRole - RaftServer{raft-partition-3}{role=FOLLOWER} - Received AppendRequest{term=1, leader=3, prevLogIndex=7, prevLogTerm=1, entries=0, commitIndex=7}
21:47:03.927 [raft-server-raft-partition-3] TRACE i.a.p.raft.roles.FollowerRole - RaftServer{raft-partition-3}{role=FOLLOWER} - Sending AppendResponse{status=OK, term=1, succeeded=true, lastLogIndex=7}
21:47:03.927 [raft-server-raft-partition-3] TRACE i.a.p.raft.roles.LeaderAppender - RaftServer{raft-partition-3} - Received AppendResponse{status=OK, term=1, succeeded=true, lastLogIndex=7} from 1
21:47:03.927 [raft-server-raft-partition-3] TRACE i.a.p.raft.roles.LeaderAppender - RaftServer{raft-partition-3} - Received AppendResponse{status=OK, term=1, succeeded=true, lastLogIndex=7} from 2
21:47:03.970 [raft-server-system-partition-1] TRACE i.a.p.raft.roles.LeaderAppender - RaftServer{system-partition-1} - Sending AppendRequest{term=1, leader=2, prevLogIndex=60, prevLogTerm=1, entries=0, commitIndex=60} to 1
21:47:03.970 [raft-server-system-partition-1] TRACE i.a.p.raft.roles.LeaderAppender - RaftServer{system-partition-1} - Sending AppendRequest{term=1, leader=2, prevLogIndex=60, prevLogTerm=1, entries=0, commitIndex=60} to 3
21:47:03.970 [raft-server-system-partition-1] TRACE i.a.p.raft.roles.FollowerRole - RaftServer{system-partition-1}{role=FOLLOWER} - Received AppendRequest{term=1, leader=2, prevLogIndex=60, prevLogTerm=1, entries=0, commitIndex=60}
21:47:03.970 [raft-server-system-partition-1] TRACE i.a.p.raft.roles.FollowerRole - RaftServer{system-partition-1}{role=FOLLOWER} - Received AppendRequest{term=1, leader=2, prevLogIndex=60, prevLogTerm=1, entries=0, commitIndex=60}
21:47:03.970 [raft-server-system-partition-1] TRACE i.a.p.raft.roles.FollowerRole - RaftServer{system-partition-1}{role=FOLLOWER} - Sending AppendResponse{status=OK, term=1, succeeded=true, lastLogIndex=60}
21:47:03.970 [raft-server-system-partition-1] TRACE i.a.p.raft.roles.FollowerRole - RaftServer{system-partition-1}{role=FOLLOWER} - Sending AppendResponse{status=OK, term=1, succeeded=true, lastLogIndex=60}
21:47:03.970 [raft-server-system-partition-1] TRACE i.a.p.raft.roles.LeaderAppender - RaftServer{system-partition-1} - Received AppendResponse{status=OK, term=1, succeeded=true, lastLogIndex=60} from 3
21:47:03.970 [raft-server-system-partition-1] TRACE i.a.p.raft.roles.LeaderAppender - RaftServer{system-partition-1} - Received AppendResponse{status=OK, term=1, succeeded=true, lastLogIndex=60} from 1
21:47:04.003 [raft-server-raft-partition-2] TRACE i.a.p.raft.roles.LeaderAppender - RaftServer{raft-partition-2} - Sending AppendRequest{term=1, leader=3, prevLogIndex=9, prevLogTerm=1, entries=0, commitIndex=9} to 1
21:47:04.003 [raft-server-raft-partition-2] TRACE i.a.p.raft.roles.LeaderAppender - RaftServer{raft-partition-2} - Sending AppendRequest{term=1, leader=3, prevLogIndex=9, prevLogTerm=1, entries=0, commitIndex=9} to 2
21:47:04.003 [raft-server-raft-partition-2] TRACE i.a.p.raft.roles.FollowerRole - RaftServer{raft-partition-2}{role=FOLLOWER} - Received AppendRequest{term=1, leader=3, prevLogIndex=9, prevLogTerm=1, entries=0, commitIndex=9}
21:47:04.003 [raft-server-raft-partition-2] TRACE i.a.p.raft.roles.FollowerRole - RaftServer{raft-partition-2}{role=FOLLOWER} - Received AppendRequest{term=1, leader=3, prevLogIndex=9, prevLogTerm=1, entries=0, commitIndex=9}
21:47:04.003 [raft-server-raft-partition-2] TRACE i.a.p.raft.roles.FollowerRole - RaftServer{raft-partition-2}{role=FOLLOWER} - Sending AppendResponse{status=OK, term=1, succeeded=true, lastLogIndex=9}
21:47:04.003 [raft-server-raft-partition-2] TRACE i.a.p.raft.roles.FollowerRole - RaftServer{raft-partition-2}{role=FOLLOWER} - Sending AppendResponse{status=OK, term=1, succeeded=true, lastLogIndex=9}
21:47:04.004 [raft-server-raft-partition-2] TRACE i.a.p.raft.roles.LeaderAppender - RaftServer{raft-partition-2} - Received AppendResponse{status=OK, term=1, succeeded=true, lastLogIndex=9} from 1
21:47:04.004 [raft-server-raft-partition-2] TRACE i.a.p.raft.roles.LeaderAppender - RaftServer{raft-partition-2} - Sending AppendRequest{term=1, leader=3, prevLogIndex=9, prevLogTerm=1, entries=0, commitIndex=9} to 1
21:47:04.004 [raft-server-raft-partition-2] TRACE i.a.p.raft.roles.LeaderAppender - RaftServer{raft-partition-2} - Received AppendResponse{status=OK, term=1, succeeded=true, lastLogIndex=9} from 2
21:47:04.004 [raft-server-raft-partition-2] TRACE i.a.p.raft.roles.LeaderAppender - RaftServer{raft-partition-2} - Sending AppendRequest{term=1, leader=3, prevLogIndex=9, prevLogTerm=1, entries=0, commitIndex=9} to 2
21:47:04.004 [raft-server-raft-partition-2] TRACE i.a.p.raft.roles.FollowerRole - RaftServer{raft-partition-2}{role=FOLLOWER} - Received AppendRequest{term=1, leader=3, prevLogIndex=9, prevLogTerm=1, entries=0, commitIndex=9}
21:47:04.004 [raft-server-raft-partition-2] TRACE i.a.p.raft.roles.FollowerRole - RaftServer{raft-partition-2}{role=FOLLOWER} - Sending AppendResponse{status=OK, term=1, succeeded=true, lastLogIndex=9}
21:47:04.004 [raft-server-raft-partition-2] TRACE i.a.p.raft.roles.FollowerRole - RaftServer{raft-partition-2}{role=FOLLOWER} - Received AppendRequest{term=1, leader=3, prevLogIndex=9, prevLogTerm=1, entries=0, commitIndex=9}
21:47:04.004 [raft-server-raft-partition-2] TRACE i.a.p.raft.roles.FollowerRole - RaftServer{raft-partition-2}{role=FOLLOWER} - Sending AppendResponse{status=OK, term=1, succeeded=true, lastLogIndex=9}
21:47:04.004 [raft-server-raft-partition-2] TRACE i.a.p.raft.roles.LeaderAppender - RaftServer{raft-partition-2} - Received AppendResponse{status=OK, term=1, succeeded=true, lastLogIndex=9} from 1
21:47:04.004 [raft-server-raft-partition-2] TRACE i.a.p.raft.roles.LeaderAppender - RaftServer{raft-partition-2} - Received AppendResponse{status=OK, term=1, succeeded=true, lastLogIndex=9} from 2
21:47:04.078 [raft-server-raft-partition-1] TRACE i.a.p.raft.roles.LeaderAppender - RaftServer{raft-partition-1} - Sending AppendRequest{term=1, leader=2, prevLogIndex=1, prevLogTerm=1, entries=0, commitIndex=1} to 1
21:47:04.078 [raft-server-raft-partition-1] TRACE i.a.p.raft.roles.LeaderAppender - RaftServer{raft-partition-1} - Sending AppendRequest{term=1, leader=2, prevLogIndex=1, prevLogTerm=1, entries=0, commitIndex=1} to 3
21:47:04.078 [raft-server-raft-partition-1] TRACE i.a.p.raft.roles.FollowerRole - RaftServer{raft-partition-1}{role=FOLLOWER} - Received AppendRequest{term=1, leader=2, prevLogIndex=1, prevLogTerm=1, entries=0, commitIndex=1}
21:47:04.078 [raft-server-raft-partition-1] TRACE i.a.p.raft.roles.FollowerRole - RaftServer{raft-partition-1}{role=FOLLOWER} - Sending AppendResponse{status=OK, term=1, succeeded=true, lastLogIndex=1}
21:47:04.078 [raft-server-raft-partition-1] TRACE i.a.p.raft.roles.FollowerRole - RaftServer{raft-partition-1}{role=FOLLOWER} - Received AppendRequest{term=1, leader=2, prevLogIndex=1, prevLogTerm=1, entries=0, commitIndex=1}
21:47:04.078 [raft-server-raft-partition-1] TRACE i.a.p.raft.roles.FollowerRole - RaftServer{raft-partition-1}{role=FOLLOWER} - Sending AppendResponse{status=OK, term=1, succeeded=true, lastLogIndex=1}
21:47:04.078 [raft-server-raft-partition-1] TRACE i.a.p.raft.roles.LeaderAppender - RaftServer{raft-partition-1} - Received AppendResponse{status=OK, term=1, succeeded=true, lastLogIndex=1} from 3
21:47:04.078 [raft-server-raft-partition-1] TRACE i.a.p.raft.roles.LeaderAppender - RaftServer{raft-partition-1} - Sending AppendRequest{term=1, leader=2, prevLogIndex=1, prevLogTerm=1, entries=0, commitIndex=1} to 3
21:47:04.078 [raft-server-raft-partition-1] TRACE i.a.p.raft.roles.LeaderAppender - RaftServer{raft-partition-1} - Received AppendResponse{status=OK, term=1, succeeded=true, lastLogIndex=1} from 1
21:47:04.078 [raft-server-raft-partition-1] TRACE i.a.p.raft.roles.LeaderAppender - RaftServer{raft-partition-1} - Sending AppendRequest{term=1, leader=2, prevLogIndex=1, prevLogTerm=1, entries=0, commitIndex=1} to 1
21:47:04.079 [raft-server-raft-partition-1] TRACE i.a.p.raft.roles.FollowerRole - RaftServer{raft-partition-1}{role=FOLLOWER} - Received AppendRequest{term=1, leader=2, prevLogIndex=1, prevLogTerm=1, entries=0, commitIndex=1}
21:47:04.079 [raft-server-raft-partition-1] TRACE i.a.p.raft.roles.FollowerRole - RaftServer{raft-partition-1}{role=FOLLOWER} - Received AppendRequest{term=1, leader=2, prevLogIndex=1, prevLogTerm=1, entries=0, commitIndex=1}
21:47:04.079 [raft-server-raft-partition-1] TRACE i.a.p.raft.roles.FollowerRole - RaftServer{raft-partition-1}{role=FOLLOWER} - Sending AppendResponse{status=OK, term=1, succeeded=true, lastLogIndex=1}
21:47:04.079 [raft-server-raft-partition-1] TRACE i.a.p.raft.roles.FollowerRole - RaftServer{raft-partition-1}{role=FOLLOWER} - Sending AppendResponse{status=OK, term=1, succeeded=true, lastLogIndex=1}
21:47:04.079 [raft-server-raft-partition-1] TRACE i.a.p.raft.roles.LeaderAppender - RaftServer{raft-partition-1} - Received AppendResponse{status=OK, term=1, succeeded=true, lastLogIndex=1} from 1
21:47:04.079 [raft-server-raft-partition-1] TRACE i.a.p.raft.roles.LeaderAppender - RaftServer{raft-partition-1} - Sending AppendRequest{term=1, leader=2, prevLogIndex=1, prevLogTerm=1, entries=0, commitIndex=1} to 1
21:47:04.079 [raft-server-raft-partition-1] TRACE i.a.p.raft.roles.LeaderAppender - RaftServer{raft-partition-1} - Received AppendResponse{status=OK, term=1, succeeded=true, lastLogIndex=1} from 3
21:47:04.079 [raft-server-raft-partition-1] TRACE i.a.p.raft.roles.LeaderAppender - RaftServer{raft-partition-1} - Sending AppendRequest{term=1, leader=2, prevLogIndex=1, prevLogTerm=1, entries=0, commitIndex=1} to 3
21:47:04.079 [raft-server-raft-partition-1] TRACE i.a.p.raft.roles.FollowerRole - RaftServer{raft-partition-1}{role=FOLLOWER} - Received AppendRequest{term=1, leader=2, prevLogIndex=1, prevLogTerm=1, entries=0, commitIndex=1}
21:47:04.079 [raft-server-raft-partition-1] TRACE i.a.p.raft.roles.FollowerRole - RaftServer{raft-partition-1}{role=FOLLOWER} - Received AppendRequest{term=1, leader=2, prevLogIndex=1, prevLogTerm=1, entries=0, commitIndex=1}
21:47:04.079 [raft-server-raft-partition-1] TRACE i.a.p.raft.roles.FollowerRole - RaftServer{raft-partition-1}{role=FOLLOWER} - Sending AppendResponse{status=OK, term=1, succeeded=true, lastLogIndex=1}
21:47:04.079 [raft-server-raft-partition-1] TRACE i.a.p.raft.roles.FollowerRole - RaftServer{raft-partition-1}{role=FOLLOWER} - Sending AppendResponse{status=OK, term=1, succeeded=true, lastLogIndex=1}
21:47:04.080 [raft-server-raft-partition-1] TRACE i.a.p.raft.roles.LeaderAppender - RaftServer{raft-partition-1} - Received AppendResponse{status=OK, term=1, succeeded=true, lastLogIndex=1} from 3
21:47:04.080 [raft-server-raft-partition-1] TRACE i.a.p.raft.roles.LeaderAppender - RaftServer{raft-partition-1} - Received AppendResponse{status=OK, term=1, succeeded=true, lastLogIndex=1} from 1
21:47:04.176 [raft-server-raft-partition-3] TRACE i.a.p.raft.roles.LeaderAppender - RaftServer{raft-partition-3} - Sending AppendRequest{term=1, leader=3, prevLogIndex=7, prevLogTerm=1, entries=0, commitIndex=7} to 1
21:47:04.176 [raft-server-raft-partition-3] TRACE i.a.p.raft.roles.LeaderAppender - RaftServer{raft-partition-3} - Sending AppendRequest{term=1, leader=3, prevLogIndex=7, prevLogTerm=1, entries=0, commitIndex=7} to 2
21:47:04.176 [raft-server-raft-partition-3] TRACE i.a.p.raft.roles.FollowerRole - RaftServer{raft-partition-3}{role=FOLLOWER} - Received AppendRequest{term=1, leader=3, prevLogIndex=7, prevLogTerm=1, entries=0, commitIndex=7}
21:47:04.176 [raft-server-raft-partition-3] TRACE i.a.p.raft.roles.FollowerRole - RaftServer{raft-partition-3}{role=FOLLOWER} - Sending AppendResponse{status=OK, term=1, succeeded=true, lastLogIndex=7}
21:47:04.176 [raft-server-raft-partition-3] TRACE i.a.p.raft.roles.FollowerRole - RaftServer{raft-partition-3}{role=FOLLOWER} - Received AppendRequest{term=1, leader=3, prevLogIndex=7, prevLogTerm=1, entries=0, commitIndex=7}
21:47:04.176 [raft-server-raft-partition-3] TRACE i.a.p.raft.roles.FollowerRole - RaftServer{raft-partition-3}{role=FOLLOWER} - Sending AppendResponse{status=OK, term=1, succeeded=true, lastLogIndex=7}
21:47:04.176 [raft-server-raft-partition-3] TRACE i.a.p.raft.roles.LeaderAppender - RaftServer{raft-partition-3} - Received AppendResponse{status=OK, term=1, succeeded=true, lastLogIndex=7} from 1
21:47:04.176 [raft-server-raft-partition-3] TRACE i.a.p.raft.roles.LeaderAppender - RaftServer{raft-partition-3} - Sending AppendRequest{term=1, leader=3, prevLogIndex=7, prevLogTerm=1, entries=0, commitIndex=7} to 1
21:47:04.176 [raft-server-raft-partition-3] TRACE i.a.p.raft.roles.LeaderAppender - RaftServer{raft-partition-3} - Received AppendResponse{status=OK, term=1, succeeded=true, lastLogIndex=7} from 2
21:47:04.176 [raft-server-raft-partition-3] TRACE i.a.p.raft.roles.LeaderAppender - RaftServer{raft-partition-3} - Sending AppendRequest{term=1, leader=3, prevLogIndex=7, prevLogTerm=1, entries=0, commitIndex=7} to 2
21:47:04.177 [raft-server-raft-partition-3] TRACE i.a.p.raft.roles.FollowerRole - RaftServer{raft-partition-3}{role=FOLLOWER} - Received AppendRequest{term=1, leader=3, prevLogIndex=7, prevLogTerm=1, entries=0, commitIndex=7}
21:47:04.177 [raft-server-raft-partition-3] TRACE i.a.p.raft.roles.FollowerRole - RaftServer{raft-partition-3}{role=FOLLOWER} - Sending AppendResponse{status=OK, term=1, succeeded=true, lastLogIndex=7}
21:47:04.177 [raft-server-raft-partition-3] TRACE i.a.p.raft.roles.FollowerRole - RaftServer{raft-partition-3}{role=FOLLOWER} - Received AppendRequest{term=1, leader=3, prevLogIndex=7, prevLogTerm=1, entries=0, commitIndex=7}
21:47:04.177 [raft-server-raft-partition-3] TRACE i.a.p.raft.roles.FollowerRole - RaftServer{raft-partition-3}{role=FOLLOWER} - Sending AppendResponse{status=OK, term=1, succeeded=true, lastLogIndex=7}
21:47:04.177 [raft-server-raft-partition-3] TRACE i.a.p.raft.roles.LeaderAppender - RaftServer{raft-partition-3} - Received AppendResponse{status=OK, term=1, succeeded=true, lastLogIndex=7} from 1
21:47:04.177 [raft-server-raft-partition-3] TRACE i.a.p.raft.roles.LeaderAppender - RaftServer{raft-partition-3} - Sending AppendRequest{term=1, leader=3, prevLogIndex=7, prevLogTerm=1, entries=0, commitIndex=7} to 1
21:47:04.177 [raft-server-raft-partition-3] TRACE i.a.p.raft.roles.LeaderAppender - RaftServer{raft-partition-3} - Received AppendResponse{status=OK, term=1, succeeded=true, lastLogIndex=7} from 2
21:47:04.177 [raft-server-raft-partition-3] TRACE i.a.p.raft.roles.LeaderAppender - RaftServer{raft-partition-3} - Sending AppendRequest{term=1, leader=3, prevLogIndex=7, prevLogTerm=1, entries=0, commitIndex=7} to 2
21:47:04.177 [raft-server-raft-partition-3] TRACE i.a.p.raft.roles.FollowerRole - RaftServer{raft-partition-3}{role=FOLLOWER} - Received AppendRequest{term=1, leader=3, prevLogIndex=7, prevLogTerm=1, entries=0, commitIndex=7}
21:47:04.177 [raft-server-raft-partition-3] TRACE i.a.p.raft.roles.FollowerRole - RaftServer{raft-partition-3}{role=FOLLOWER} - Sending AppendResponse{status=OK, term=1, succeeded=true, lastLogIndex=7}
21:47:04.177 [raft-server-raft-partition-3] TRACE i.a.p.raft.roles.FollowerRole - RaftServer{raft-partition-3}{role=FOLLOWER} - Received AppendRequest{term=1, leader=3, prevLogIndex=7, prevLogTerm=1, entries=0, commitIndex=7}
21:47:04.177 [raft-server-raft-partition-3] TRACE i.a.p.raft.roles.FollowerRole - RaftServer{raft-partition-3}{role=FOLLOWER} - Sending AppendResponse{status=OK, term=1, succeeded=true, lastLogIndex=7}
21:47:04.177 [raft-server-raft-partition-3] TRACE i.a.p.raft.roles.LeaderAppender - RaftServer{raft-partition-3} - Received AppendResponse{status=OK, term=1, succeeded=true, lastLogIndex=7} from 1
21:47:04.177 [raft-server-raft-partition-3] TRACE i.a.p.raft.roles.LeaderAppender - RaftServer{raft-partition-3} - Received AppendResponse{status=OK, term=1, succeeded=true, lastLogIndex=7} from 2
21:47:04.220 [raft-server-system-partition-1] TRACE i.a.p.raft.roles.LeaderAppender - RaftServer{system-partition-1} - Sending AppendRequest{term=1, leader=2, prevLogIndex=60, prevLogTerm=1, entries=0, commitIndex=60} to 1
21:47:04.220 [raft-server-system-partition-1] TRACE i.a.p.raft.roles.LeaderAppender - RaftServer{system-partition-1} - Sending AppendRequest{term=1, leader=2, prevLogIndex=60, prevLogTerm=1, entries=0, commitIndex=60} to 3
21:47:04.220 [raft-server-system-partition-1] TRACE i.a.p.raft.roles.FollowerRole - RaftServer{system-partition-1}{role=FOLLOWER} - Received AppendRequest{term=1, leader=2, prevLogIndex=60, prevLogTerm=1, entries=0, commitIndex=60}
21:47:04.220 [raft-server-system-partition-1] TRACE i.a.p.raft.roles.FollowerRole - RaftServer{system-partition-1}{role=FOLLOWER} - Received AppendRequest{term=1, leader=2, prevLogIndex=60, prevLogTerm=1, entries=0, commitIndex=60}
21:47:04.220 [raft-server-system-partition-1] TRACE i.a.p.raft.roles.FollowerRole - RaftServer{system-partition-1}{role=FOLLOWER} - Sending AppendResponse{status=OK, term=1, succeeded=true, lastLogIndex=60}
21:47:04.220 [raft-server-system-partition-1] TRACE i.a.p.raft.roles.FollowerRole - RaftServer{system-partition-1}{role=FOLLOWER} - Sending AppendResponse{status=OK, term=1, succeeded=true, lastLogIndex=60}
21:47:04.220 [raft-server-system-partition-1] TRACE i.a.p.raft.roles.LeaderAppender - RaftServer{system-partition-1} - Received AppendResponse{status=OK, term=1, succeeded=true, lastLogIndex=60} from 1
21:47:04.220 [raft-server-system-partition-1] TRACE i.a.p.raft.roles.LeaderAppender - RaftServer{system-partition-1} - Sending AppendRequest{term=1, leader=2, prevLogIndex=60, prevLogTerm=1, entries=0, commitIndex=60} to 1
21:47:04.220 [raft-server-system-partition-1] TRACE i.a.p.raft.roles.LeaderAppender - RaftServer{system-partition-1} - Received AppendResponse{status=OK, term=1, succeeded=true, lastLogIndex=60} from 3
21:47:04.220 [raft-server-system-partition-1] TRACE i.a.p.raft.roles.LeaderAppender - RaftServer{system-partition-1} - Sending AppendRequest{term=1, leader=2, prevLogIndex=60, prevLogTerm=1, entries=0, commitIndex=60} to 3
21:47:04.220 [raft-server-system-partition-1] TRACE i.a.p.raft.roles.FollowerRole - RaftServer{system-partition-1}{role=FOLLOWER} - Received AppendRequest{term=1, leader=2, prevLogIndex=60, prevLogTerm=1, entries=0, commitIndex=60}
21:47:04.221 [raft-server-system-partition-1] TRACE i.a.p.raft.roles.FollowerRole - RaftServer{system-partition-1}{role=FOLLOWER} - Sending AppendResponse{status=OK, term=1, succeeded=true, lastLogIndex=60}
21:47:04.221 [raft-server-system-partition-1] TRACE i.a.p.raft.roles.LeaderAppender - RaftServer{system-partition-1} - Received AppendResponse{status=OK, term=1, succeeded=true, lastLogIndex=60} from 1
21:47:04.221 [raft-server-system-partition-1] TRACE i.a.p.raft.roles.FollowerRole - RaftServer{system-partition-1}{role=FOLLOWER} - Received AppendRequest{term=1, leader=2, prevLogIndex=60, prevLogTerm=1, entries=0, commitIndex=60}
21:47:04.221 [raft-server-system-partition-1] TRACE i.a.p.raft.roles.LeaderAppender - RaftServer{system-partition-1} - Sending AppendRequest{term=1, leader=2, prevLogIndex=60, prevLogTerm=1, entries=0, commitIndex=60} to 1
21:47:04.221 [raft-server-system-partition-1] TRACE i.a.p.raft.roles.FollowerRole - RaftServer{system-partition-1}{role=FOLLOWER} - Sending AppendResponse{status=OK, term=1, succeeded=true, lastLogIndex=60}
21:47:04.221 [raft-server-system-partition-1] TRACE i.a.p.raft.roles.FollowerRole - RaftServer{system-partition-1}{role=FOLLOWER} - Received AppendRequest{term=1, leader=2, prevLogIndex=60, prevLogTerm=1, entries=0, commitIndex=60}
21:47:04.221 [raft-server-system-partition-1] TRACE i.a.p.raft.roles.LeaderAppender - RaftServer{system-partition-1} - Received AppendResponse{status=OK, term=1, succeeded=true, lastLogIndex=60} from 3
21:47:04.221 [raft-server-system-partition-1] TRACE i.a.p.raft.roles.FollowerRole - RaftServer{system-partition-1}{role=FOLLOWER} - Sending AppendResponse{status=OK, term=1, succeeded=true, lastLogIndex=60}
21:47:04.221 [raft-server-system-partition-1] TRACE i.a.p.raft.roles.LeaderAppender - RaftServer{system-partition-1} - Sending AppendRequest{term=1, leader=2, prevLogIndex=60, prevLogTerm=1, entries=0, commitIndex=60} to 3
21:47:04.221 [raft-server-system-partition-1] TRACE i.a.p.raft.roles.LeaderAppender - RaftServer{system-partition-1} - Received AppendResponse{status=OK, term=1, succeeded=true, lastLogIndex=60} from 1
21:47:04.221 [raft-server-system-partition-1] TRACE i.a.p.raft.roles.FollowerRole - RaftServer{system-partition-1}{role=FOLLOWER} - Received AppendRequest{term=1, leader=2, prevLogIndex=60, prevLogTerm=1, entries=0, commitIndex=60}
21:47:04.221 [raft-server-system-partition-1] TRACE i.a.p.raft.roles.FollowerRole - RaftServer{system-partition-1}{role=FOLLOWER} - Sending AppendResponse{status=OK, term=1, succeeded=true, lastLogIndex=60}
21:47:04.222 [raft-server-system-partition-1] TRACE i.a.p.raft.roles.LeaderAppender - RaftServer{system-partition-1} - Received AppendResponse{status=OK, term=1, succeeded=true, lastLogIndex=60} from 3
21:47:04.253 [raft-server-raft-partition-2] TRACE i.a.p.raft.roles.LeaderAppender - RaftServer{raft-partition-2} - Sending AppendRequest{term=1, leader=3, prevLogIndex=9, prevLogTerm=1, entries=0, commitIndex=9} to 1
21:47:04.253 [raft-server-raft-partition-2] TRACE i.a.p.raft.roles.LeaderAppender - RaftServer{raft-partition-2} - Sending AppendRequest{term=1, leader=3, prevLogIndex=9, prevLogTerm=1, entries=0, commitIndex=9} to 2
21:47:04.253 [raft-server-raft-partition-2] TRACE i.a.p.raft.roles.FollowerRole - RaftServer{raft-partition-2}{role=FOLLOWER} - Received AppendRequest{term=1, leader=3, prevLogIndex=9, prevLogTerm=1, entries=0, commitIndex=9}
21:47:04.253 [raft-server-raft-partition-2] TRACE i.a.p.raft.roles.FollowerRole - RaftServer{raft-partition-2}{role=FOLLOWER} - Sending AppendResponse{status=OK, term=1, succeeded=true, lastLogIndex=9}
21:47:04.253 [raft-server-raft-partition-2] TRACE i.a.p.raft.roles.FollowerRole - RaftServer{raft-partition-2}{role=FOLLOWER} - Received AppendRequest{term=1, leader=3, prevLogIndex=9, prevLogTerm=1, entries=0, commitIndex=9}
21:47:04.253 [raft-server-raft-partition-2] TRACE i.a.p.raft.roles.FollowerRole - RaftServer{raft-partition-2}{role=FOLLOWER} - Sending AppendResponse{status=OK, term=1, succeeded=true, lastLogIndex=9}
21:47:04.253 [raft-server-raft-partition-2] TRACE i.a.p.raft.roles.LeaderAppender - RaftServer{raft-partition-2} - Received AppendResponse{status=OK, term=1, succeeded=true, lastLogIndex=9} from 1
21:47:04.253 [raft-server-raft-partition-2] TRACE i.a.p.raft.roles.LeaderAppender - RaftServer{raft-partition-2} - Sending AppendRequest{term=1, leader=3, prevLogIndex=9, prevLogTerm=1, entries=0, commitIndex=9} to 1
21:47:04.253 [raft-server-raft-partition-2] TRACE i.a.p.raft.roles.LeaderAppender - RaftServer{raft-partition-2} - Received AppendResponse{status=OK, term=1, succeeded=true, lastLogIndex=9} from 2
21:47:04.254 [raft-server-raft-partition-2] TRACE i.a.p.raft.roles.LeaderAppender - RaftServer{raft-partition-2} - Sending AppendRequest{term=1, leader=3, prevLogIndex=9, prevLogTerm=1, entries=0, commitIndex=9} to 2
21:47:04.254 [raft-server-raft-partition-2] TRACE i.a.p.raft.roles.FollowerRole - RaftServer{raft-partition-2}{role=FOLLOWER} - Received AppendRequest{term=1, leader=3, prevLogIndex=9, prevLogTerm=1, entries=0, commitIndex=9}
21:47:04.254 [raft-server-raft-partition-2] TRACE i.a.p.raft.roles.FollowerRole - RaftServer{raft-partition-2}{role=FOLLOWER} - Sending AppendResponse{status=OK, term=1, succeeded=true, lastLogIndex=9}
21:47:04.254 [raft-server-raft-partition-2] TRACE i.a.p.raft.roles.FollowerRole - RaftServer{raft-partition-2}{role=FOLLOWER} - Received AppendRequest{term=1, leader=3, prevLogIndex=9, prevLogTerm=1, entries=0, commitIndex=9}
21:47:04.254 [raft-server-raft-partition-2] TRACE i.a.p.raft.roles.FollowerRole - RaftServer{raft-partition-2}{role=FOLLOWER} - Sending AppendResponse{status=OK, term=1, succeeded=true, lastLogIndex=9}
21:47:04.254 [raft-server-raft-partition-2] TRACE i.a.p.raft.roles.LeaderAppender - RaftServer{raft-partition-2} - Received AppendResponse{status=OK, term=1, succeeded=true, lastLogIndex=9} from 1
21:47:04.254 [raft-server-raft-partition-2] TRACE i.a.p.raft.roles.LeaderAppender - RaftServer{raft-partition-2} - Sending AppendRequest{term=1, leader=3, prevLogIndex=9, prevLogTerm=1, entries=0, commitIndex=9} to 1
21:47:04.254 [raft-server-raft-partition-2] TRACE i.a.p.raft.roles.LeaderAppender - RaftServer{raft-partition-2} - Received AppendResponse{status=OK, term=1, succeeded=true, lastLogIndex=9} from 2
21:47:04.254 [raft-server-raft-partition-2] TRACE i.a.p.raft.roles.FollowerRole - RaftServer{raft-partition-2}{role=FOLLOWER} - Received AppendRequest{term=1, leader=3, prevLogIndex=9, prevLogTerm=1, entries=0, commitIndex=9}
21:47:04.254 [raft-server-raft-partition-2] TRACE i.a.p.raft.roles.FollowerRole - RaftServer{raft-partition-2}{role=FOLLOWER} - Sending AppendResponse{status=OK, term=1, succeeded=true, lastLogIndex=9}
21:47:04.254 [raft-server-raft-partition-2] TRACE i.a.p.raft.roles.LeaderAppender - RaftServer{raft-partition-2} - Received AppendResponse{status=OK, term=1, succeeded=true, lastLogIndex=9} from 1
21:47:04.328 [raft-server-raft-partition-1] TRACE i.a.p.raft.roles.LeaderAppender - RaftServer{raft-partition-1} - Sending AppendRequest{term=1, leader=2, prevLogIndex=1, prevLogTerm=1, entries=0, commitIndex=1} to 1
21:47:04.328 [raft-server-raft-partition-1] TRACE i.a.p.raft.roles.LeaderAppender - RaftServer{raft-partition-1} - Sending AppendRequest{term=1, leader=2, prevLogIndex=1, prevLogTerm=1, entries=0, commitIndex=1} to 3
21:47:04.328 [raft-server-raft-partition-1] TRACE i.a.p.raft.roles.FollowerRole - RaftServer{raft-partition-1}{role=FOLLOWER} - Received AppendRequest{term=1, leader=2, prevLogIndex=1, prevLogTerm=1, entries=0, commitIndex=1}
21:47:04.328 [raft-server-raft-partition-1] TRACE i.a.p.raft.roles.FollowerRole - RaftServer{raft-partition-1}{role=FOLLOWER} - Received AppendRequest{term=1, leader=2, prevLogIndex=1, prevLogTerm=1, entries=0, commitIndex=1}
21:47:04.328 [raft-server-raft-partition-1] TRACE i.a.p.raft.roles.FollowerRole - RaftServer{raft-partition-1}{role=FOLLOWER} - Sending AppendResponse{status=OK, term=1, succeeded=true, lastLogIndex=1}
21:47:04.328 [raft-server-raft-partition-1] TRACE i.a.p.raft.roles.FollowerRole - RaftServer{raft-partition-1}{role=FOLLOWER} - Sending AppendResponse{status=OK, term=1, succeeded=true, lastLogIndex=1}
21:47:04.328 [raft-server-raft-partition-1] TRACE i.a.p.raft.roles.LeaderAppender - RaftServer{raft-partition-1} - Received AppendResponse{status=OK, term=1, succeeded=true, lastLogIndex=1} from 3
21:47:04.328 [raft-server-raft-partition-1] TRACE i.a.p.raft.roles.LeaderAppender - RaftServer{raft-partition-1} - Sending AppendRequest{term=1, leader=2, prevLogIndex=1, prevLogTerm=1, entries=0, commitIndex=1} to 3
21:47:04.328 [raft-server-raft-partition-1] TRACE i.a.p.raft.roles.LeaderAppender - RaftServer{raft-partition-1} - Received AppendResponse{status=OK, term=1, succeeded=true, lastLogIndex=1} from 1
21:47:04.328 [raft-server-raft-partition-1] TRACE i.a.p.raft.roles.LeaderAppender - RaftServer{raft-partition-1} - Sending AppendRequest{term=1, leader=2, prevLogIndex=1, prevLogTerm=1, entries=0, commitIndex=1} to 1
21:47:04.329 [raft-server-raft-partition-1] TRACE i.a.p.raft.roles.FollowerRole - RaftServer{raft-partition-1}{role=FOLLOWER} - Received AppendRequest{term=1, leader=2, prevLogIndex=1, prevLogTerm=1, entries=0, commitIndex=1}
21:47:04.329 [raft-server-raft-partition-1] TRACE i.a.p.raft.roles.FollowerRole - RaftServer{raft-partition-1}{role=FOLLOWER} - Sending AppendResponse{status=OK, term=1, succeeded=true, lastLogIndex=1}
21:47:04.329 [raft-server-raft-partition-1] TRACE i.a.p.raft.roles.FollowerRole - RaftServer{raft-partition-1}{role=FOLLOWER} - Received AppendRequest{term=1, leader=2, prevLogIndex=1, prevLogTerm=1, entries=0, commitIndex=1}
21:47:04.329 [raft-server-raft-partition-1] TRACE i.a.p.raft.roles.FollowerRole - RaftServer{raft-partition-1}{role=FOLLOWER} - Sending AppendResponse{status=OK, term=1, succeeded=true, lastLogIndex=1}
21:47:04.329 [raft-server-raft-partition-1] TRACE i.a.p.raft.roles.LeaderAppender - RaftServer{raft-partition-1} - Received AppendResponse{status=OK, term=1, succeeded=true, lastLogIndex=1} from 3
21:47:04.329 [raft-server-raft-partition-1] TRACE i.a.p.raft.roles.LeaderAppender - RaftServer{raft-partition-1} - Sending AppendRequest{term=1, leader=2, prevLogIndex=1, prevLogTerm=1, entries=0, commitIndex=1} to 3
21:47:04.329 [raft-server-raft-partition-1] TRACE i.a.p.raft.roles.LeaderAppender - RaftServer{raft-partition-1} - Received AppendResponse{status=OK, term=1, succeeded=true, lastLogIndex=1} from 1
21:47:04.329 [raft-server-raft-partition-1] TRACE i.a.p.raft.roles.LeaderAppender - RaftServer{raft-partition-1} - Sending AppendRequest{term=1, leader=2, prevLogIndex=1, prevLogTerm=1, entries=0, commitIndex=1} to 1
21:47:04.329 [raft-server-raft-partition-1] TRACE i.a.p.raft.roles.FollowerRole - RaftServer{raft-partition-1}{role=FOLLOWER} - Received AppendRequest{term=1, leader=2, prevLogIndex=1, prevLogTerm=1, entries=0, commitIndex=1}
21:47:04.329 [raft-server-raft-partition-1] TRACE i.a.p.raft.roles.FollowerRole - RaftServer{raft-partition-1}{role=FOLLOWER} - Sending AppendResponse{status=OK, term=1, succeeded=true, lastLogIndex=1}
21:47:04.329 [raft-server-raft-partition-1] TRACE i.a.p.raft.roles.FollowerRole - RaftServer{raft-partition-1}{role=FOLLOWER} - Received AppendRequest{term=1, leader=2, prevLogIndex=1, prevLogTerm=1, entries=0, commitIndex=1}
21:47:04.329 [raft-server-raft-partition-1] TRACE i.a.p.raft.roles.LeaderAppender - RaftServer{raft-partition-1} - Received AppendResponse{status=OK, term=1, succeeded=true, lastLogIndex=1} from 3
21:47:04.329 [raft-server-raft-partition-1] TRACE i.a.p.raft.roles.FollowerRole - RaftServer{raft-partition-1}{role=FOLLOWER} - Sending AppendResponse{status=OK, term=1, succeeded=true, lastLogIndex=1}
21:47:04.330 [raft-server-raft-partition-1] TRACE i.a.p.raft.roles.LeaderAppender - RaftServer{raft-partition-1} - Received AppendResponse{status=OK, term=1, succeeded=true, lastLogIndex=1} from 1
21:47:04.426 [raft-server-raft-partition-3] TRACE i.a.p.raft.roles.LeaderAppender - RaftServer{raft-partition-3} - Sending AppendRequest{term=1, leader=3, prevLogIndex=7, prevLogTerm=1, entries=0, commitIndex=7} to 1
21:47:04.426 [raft-server-raft-partition-3] TRACE i.a.p.raft.roles.LeaderAppender - RaftServer{raft-partition-3} - Sending AppendRequest{term=1, leader=3, prevLogIndex=7, prevLogTerm=1, entries=0, commitIndex=7} to 2
21:47:04.426 [raft-server-raft-partition-3] TRACE i.a.p.raft.roles.FollowerRole - RaftServer{raft-partition-3}{role=FOLLOWER} - Received AppendRequest{term=1, leader=3, prevLogIndex=7, prevLogTerm=1, entries=0, commitIndex=7}
21:47:04.426 [raft-server-raft-partition-3] TRACE i.a.p.raft.roles.FollowerRole - RaftServer{raft-partition-3}{role=FOLLOWER} - Sending AppendResponse{status=OK, term=1, succeeded=true, lastLogIndex=7}
21:47:04.426 [raft-server-raft-partition-3] TRACE i.a.p.raft.roles.FollowerRole - RaftServer{raft-partition-3}{role=FOLLOWER} - Received AppendRequest{term=1, leader=3, prevLogIndex=7, prevLogTerm=1, entries=0, commitIndex=7}
21:47:04.426 [raft-server-raft-partition-3] TRACE i.a.p.raft.roles.FollowerRole - RaftServer{raft-partition-3}{role=FOLLOWER} - Sending AppendResponse{status=OK, term=1, succeeded=true, lastLogIndex=7}
21:47:04.426 [raft-server-raft-partition-3] TRACE i.a.p.raft.roles.LeaderAppender - RaftServer{raft-partition-3} - Received AppendResponse{status=OK, term=1, succeeded=true, lastLogIndex=7} from 1
21:47:04.426 [raft-server-raft-partition-3] TRACE i.a.p.raft.roles.LeaderAppender - RaftServer{raft-partition-3} - Sending AppendRequest{term=1, leader=3, prevLogIndex=7, prevLogTerm=1, entries=0, commitIndex=7} to 1
21:47:04.426 [raft-server-raft-partition-3] TRACE i.a.p.raft.roles.LeaderAppender - RaftServer{raft-partition-3} - Received AppendResponse{status=OK, term=1, succeeded=true, lastLogIndex=7} from 2
21:47:04.426 [raft-server-raft-partition-3] TRACE i.a.p.raft.roles.LeaderAppender - RaftServer{raft-partition-3} - Sending AppendRequest{term=1, leader=3, prevLogIndex=7, prevLogTerm=1, entries=0, commitIndex=7} to 2
21:47:04.426 [raft-server-raft-partition-3] TRACE i.a.p.raft.roles.FollowerRole - RaftServer{raft-partition-3}{role=FOLLOWER} - Received AppendRequest{term=1, leader=3, prevLogIndex=7, prevLogTerm=1, entries=0, commitIndex=7}
21:47:04.426 [raft-server-raft-partition-3] TRACE i.a.p.raft.roles.FollowerRole - RaftServer{raft-partition-3}{role=FOLLOWER} - Sending AppendResponse{status=OK, term=1, succeeded=true, lastLogIndex=7}
21:47:04.427 [raft-server-raft-partition-3] TRACE i.a.p.raft.roles.FollowerRole - RaftServer{raft-partition-3}{role=FOLLOWER} - Received AppendRequest{term=1, leader=3, prevLogIndex=7, prevLogTerm=1, entries=0, commitIndex=7}
21:47:04.427 [raft-server-raft-partition-3] TRACE i.a.p.raft.roles.FollowerRole - RaftServer{raft-partition-3}{role=FOLLOWER} - Sending AppendResponse{status=OK, term=1, succeeded=true, lastLogIndex=7}
21:47:04.427 [raft-server-raft-partition-3] TRACE i.a.p.raft.roles.LeaderAppender - RaftServer{raft-partition-3} - Received AppendResponse{status=OK, term=1, succeeded=true, lastLogIndex=7} from 1
21:47:04.427 [raft-server-raft-partition-3] TRACE i.a.p.raft.roles.LeaderAppender - RaftServer{raft-partition-3} - Sending AppendRequest{term=1, leader=3, prevLogIndex=7, prevLogTerm=1, entries=0, commitIndex=7} to 1
21:47:04.427 [raft-server-raft-partition-3] TRACE i.a.p.raft.roles.LeaderAppender - RaftServer{raft-partition-3} - Received AppendResponse{status=OK, term=1, succeeded=true, lastLogIndex=7} from 2
21:47:04.427 [raft-server-raft-partition-3] TRACE i.a.p.raft.roles.LeaderAppender - RaftServer{raft-partition-3} - Sending AppendRequest{term=1, leader=3, prevLogIndex=7, prevLogTerm=1, entries=0, commitIndex=7} to 2
21:47:04.427 [raft-server-raft-partition-3] TRACE i.a.p.raft.roles.FollowerRole - RaftServer{raft-partition-3}{role=FOLLOWER} - Received AppendRequest{term=1, leader=3, prevLogIndex=7, prevLogTerm=1, entries=0, commitIndex=7}
21:47:04.427 [raft-server-raft-partition-3] TRACE i.a.p.raft.roles.FollowerRole - RaftServer{raft-partition-3}{role=FOLLOWER} - Sending AppendResponse{status=OK, term=1, succeeded=true, lastLogIndex=7}
21:47:04.427 [raft-server-raft-partition-3] TRACE i.a.p.raft.roles.FollowerRole - RaftServer{raft-partition-3}{role=FOLLOWER} - Received AppendRequest{term=1, leader=3, prevLogIndex=7, prevLogTerm=1, entries=0, commitIndex=7}
21:47:04.427 [raft-server-raft-partition-3] TRACE i.a.p.raft.roles.FollowerRole - RaftServer{raft-partition-3}{role=FOLLOWER} - Sending AppendResponse{status=OK, term=1, succeeded=true, lastLogIndex=7}
21:47:04.427 [raft-server-raft-partition-3] TRACE i.a.p.raft.roles.LeaderAppender - RaftServer{raft-partition-3} - Received AppendResponse{status=OK, term=1, succeeded=true, lastLogIndex=7} from 1
21:47:04.427 [raft-server-raft-partition-3] TRACE i.a.p.raft.roles.LeaderAppender - RaftServer{raft-partition-3} - Received AppendResponse{status=OK, term=1, succeeded=true, lastLogIndex=7} from 2
21:47:04.469 [raft-server-system-partition-1] TRACE i.a.p.raft.roles.LeaderAppender - RaftServer{system-partition-1} - Sending AppendRequest{term=1, leader=2, prevLogIndex=60, prevLogTerm=1, entries=0, commitIndex=60} to 1
21:47:04.470 [raft-server-system-partition-1] TRACE i.a.p.raft.roles.LeaderAppender - RaftServer{system-partition-1} - Sending AppendRequest{term=1, leader=2, prevLogIndex=60, prevLogTerm=1, entries=0, commitIndex=60} to 3
21:47:04.470 [raft-server-system-partition-1] TRACE i.a.p.raft.roles.FollowerRole - RaftServer{system-partition-1}{role=FOLLOWER} - Received AppendRequest{term=1, leader=2, prevLogIndex=60, prevLogTerm=1, entries=0, commitIndex=60}
21:47:04.470 [raft-server-system-partition-1] TRACE i.a.p.raft.roles.FollowerRole - RaftServer{system-partition-1}{role=FOLLOWER} - Received AppendRequest{term=1, leader=2, prevLogIndex=60, prevLogTerm=1, entries=0, commitIndex=60}
21:47:04.470 [raft-server-system-partition-1] TRACE i.a.p.raft.roles.FollowerRole - RaftServer{system-partition-1}{role=FOLLOWER} - Sending AppendResponse{status=OK, term=1, succeeded=true, lastLogIndex=60}
21:47:04.470 [raft-server-system-partition-1] TRACE i.a.p.raft.roles.FollowerRole - RaftServer{system-partition-1}{role=FOLLOWER} - Sending AppendResponse{status=OK, term=1, succeeded=true, lastLogIndex=60}
21:47:04.470 [raft-server-system-partition-1] TRACE i.a.p.raft.roles.LeaderAppender - RaftServer{system-partition-1} - Received AppendResponse{status=OK, term=1, succeeded=true, lastLogIndex=60} from 1
21:47:04.470 [raft-server-system-partition-1] TRACE i.a.p.raft.roles.LeaderAppender - RaftServer{system-partition-1} - Sending AppendRequest{term=1, leader=2, prevLogIndex=60, prevLogTerm=1, entries=0, commitIndex=60} to 1
21:47:04.470 [raft-server-system-partition-1] TRACE i.a.p.raft.roles.LeaderAppender - RaftServer{system-partition-1} - Received AppendResponse{status=OK, term=1, succeeded=true, lastLogIndex=60} from 3
21:47:04.470 [raft-server-system-partition-1] TRACE i.a.p.raft.roles.FollowerRole - RaftServer{system-partition-1}{role=FOLLOWER} - Received AppendRequest{term=1, leader=2, prevLogIndex=60, prevLogTerm=1, entries=0, commitIndex=60}
21:47:04.470 [raft-server-system-partition-1] TRACE i.a.p.raft.roles.FollowerRole - RaftServer{system-partition-1}{role=FOLLOWER} - Sending AppendResponse{status=OK, term=1, succeeded=true, lastLogIndex=60}
21:47:04.471 [raft-server-system-partition-1] TRACE i.a.p.raft.roles.LeaderAppender - RaftServer{system-partition-1} - Received AppendResponse{status=OK, term=1, succeeded=true, lastLogIndex=60} from 1
21:47:04.503 [raft-server-raft-partition-2] TRACE i.a.p.raft.roles.LeaderAppender - RaftServer{raft-partition-2} - Sending AppendRequest{term=1, leader=3, prevLogIndex=9, prevLogTerm=1, entries=0, commitIndex=9} to 1
21:47:04.503 [raft-server-raft-partition-2] TRACE i.a.p.raft.roles.LeaderAppender - RaftServer{raft-partition-2} - Sending AppendRequest{term=1, leader=3, prevLogIndex=9, prevLogTerm=1, entries=0, commitIndex=9} to 2
21:47:04.503 [raft-server-raft-partition-2] TRACE i.a.p.raft.roles.FollowerRole - RaftServer{raft-partition-2}{role=FOLLOWER} - Received AppendRequest{term=1, leader=3, prevLogIndex=9, prevLogTerm=1, entries=0, commitIndex=9}
21:47:04.503 [raft-server-raft-partition-2] TRACE i.a.p.raft.roles.FollowerRole - RaftServer{raft-partition-2}{role=FOLLOWER} - Received AppendRequest{term=1, leader=3, prevLogIndex=9, prevLogTerm=1, entries=0, commitIndex=9}
21:47:04.503 [raft-server-raft-partition-2] TRACE i.a.p.raft.roles.FollowerRole - RaftServer{raft-partition-2}{role=FOLLOWER} - Sending AppendResponse{status=OK, term=1, succeeded=true, lastLogIndex=9}
21:47:04.503 [raft-server-raft-partition-2] TRACE i.a.p.raft.roles.FollowerRole - RaftServer{raft-partition-2}{role=FOLLOWER} - Sending AppendResponse{status=OK, term=1, succeeded=true, lastLogIndex=9}
21:47:04.503 [raft-server-raft-partition-2] TRACE i.a.p.raft.roles.LeaderAppender - RaftServer{raft-partition-2} - Received AppendResponse{status=OK, term=1, succeeded=true, lastLogIndex=9} from 2
21:47:04.504 [raft-server-raft-partition-2] TRACE i.a.p.raft.roles.LeaderAppender - RaftServer{raft-partition-2} - Sending AppendRequest{term=1, leader=3, prevLogIndex=9, prevLogTerm=1, entries=0, commitIndex=9} to 2
21:47:04.504 [raft-server-raft-partition-2] TRACE i.a.p.raft.roles.LeaderAppender - RaftServer{raft-partition-2} - Received AppendResponse{status=OK, term=1, succeeded=true, lastLogIndex=9} from 1
21:47:04.504 [raft-server-raft-partition-2] TRACE i.a.p.raft.roles.LeaderAppender - RaftServer{raft-partition-2} - Sending AppendRequest{term=1, leader=3, prevLogIndex=9, prevLogTerm=1, entries=0, commitIndex=9} to 1
21:47:04.504 [raft-server-raft-partition-2] TRACE i.a.p.raft.roles.FollowerRole - RaftServer{raft-partition-2}{role=FOLLOWER} - Received AppendRequest{term=1, leader=3, prevLogIndex=9, prevLogTerm=1, entries=0, commitIndex=9}
21:47:04.504 [raft-server-raft-partition-2] TRACE i.a.p.raft.roles.FollowerRole - RaftServer{raft-partition-2}{role=FOLLOWER} - Sending AppendResponse{status=OK, term=1, succeeded=true, lastLogIndex=9}
21:47:04.504 [raft-server-raft-partition-2] TRACE i.a.p.raft.roles.FollowerRole - RaftServer{raft-partition-2}{role=FOLLOWER} - Received AppendRequest{term=1, leader=3, prevLogIndex=9, prevLogTerm=1, entries=0, commitIndex=9}
21:47:04.504 [raft-server-raft-partition-2] TRACE i.a.p.raft.roles.FollowerRole - RaftServer{raft-partition-2}{role=FOLLOWER} - Sending AppendResponse{status=OK, term=1, succeeded=true, lastLogIndex=9}
21:47:04.504 [raft-server-raft-partition-2] TRACE i.a.p.raft.roles.LeaderAppender - RaftServer{raft-partition-2} - Received AppendResponse{status=OK, term=1, succeeded=true, lastLogIndex=9} from 2
21:47:04.504 [raft-server-raft-partition-2] TRACE i.a.p.raft.roles.LeaderAppender - RaftServer{raft-partition-2} - Received AppendResponse{status=OK, term=1, succeeded=true, lastLogIndex=9} from 1
21:47:04.578 [raft-server-raft-partition-1] TRACE i.a.p.raft.roles.LeaderAppender - RaftServer{raft-partition-1} - Sending AppendRequest{term=1, leader=2, prevLogIndex=1, prevLogTerm=1, entries=0, commitIndex=1} to 1
21:47:04.578 [raft-server-raft-partition-1] TRACE i.a.p.raft.roles.LeaderAppender - RaftServer{raft-partition-1} - Sending AppendRequest{term=1, leader=2, prevLogIndex=1, prevLogTerm=1, entries=0, commitIndex=1} to 3
21:47:04.578 [raft-server-raft-partition-1] TRACE i.a.p.raft.roles.FollowerRole - RaftServer{raft-partition-1}{role=FOLLOWER} - Received AppendRequest{term=1, leader=2, prevLogIndex=1, prevLogTerm=1, entries=0, commitIndex=1}
21:47:04.578 [raft-server-raft-partition-1] TRACE i.a.p.raft.roles.FollowerRole - RaftServer{raft-partition-1}{role=FOLLOWER} - Received AppendRequest{term=1, leader=2, prevLogIndex=1, prevLogTerm=1, entries=0, commitIndex=1}
21:47:04.578 [raft-server-raft-partition-1] TRACE i.a.p.raft.roles.FollowerRole - RaftServer{raft-partition-1}{role=FOLLOWER} - Sending AppendResponse{status=OK, term=1, succeeded=true, lastLogIndex=1}
21:47:04.578 [raft-server-raft-partition-1] TRACE i.a.p.raft.roles.FollowerRole - RaftServer{raft-partition-1}{role=FOLLOWER} - Sending AppendResponse{status=OK, term=1, succeeded=true, lastLogIndex=1}
21:47:04.578 [raft-server-raft-partition-1] TRACE i.a.p.raft.roles.LeaderAppender - RaftServer{raft-partition-1} - Received AppendResponse{status=OK, term=1, succeeded=true, lastLogIndex=1} from 3
21:47:04.578 [raft-server-raft-partition-1] TRACE i.a.p.raft.roles.LeaderAppender - RaftServer{raft-partition-1} - Sending AppendRequest{term=1, leader=2, prevLogIndex=1, prevLogTerm=1, entries=0, commitIndex=1} to 3
21:47:04.578 [raft-server-raft-partition-1] TRACE i.a.p.raft.roles.LeaderAppender - RaftServer{raft-partition-1} - Received AppendResponse{status=OK, term=1, succeeded=true, lastLogIndex=1} from 1
21:47:04.578 [raft-server-raft-partition-1] TRACE i.a.p.raft.roles.LeaderAppender - RaftServer{raft-partition-1} - Sending AppendRequest{term=1, leader=2, prevLogIndex=1, prevLogTerm=1, entries=0, commitIndex=1} to 1
21:47:04.578 [raft-server-raft-partition-1] TRACE i.a.p.raft.roles.FollowerRole - RaftServer{raft-partition-1}{role=FOLLOWER} - Received AppendRequest{term=1, leader=2, prevLogIndex=1, prevLogTerm=1, entries=0, commitIndex=1}
21:47:04.579 [raft-server-raft-partition-1] TRACE i.a.p.raft.roles.FollowerRole - RaftServer{raft-partition-1}{role=FOLLOWER} - Sending AppendResponse{status=OK, term=1, succeeded=true, lastLogIndex=1}
21:47:04.579 [raft-server-raft-partition-1] TRACE i.a.p.raft.roles.FollowerRole - RaftServer{raft-partition-1}{role=FOLLOWER} - Received AppendRequest{term=1, leader=2, prevLogIndex=1, prevLogTerm=1, entries=0, commitIndex=1}
21:47:04.579 [raft-server-raft-partition-1] TRACE i.a.p.raft.roles.FollowerRole - RaftServer{raft-partition-1}{role=FOLLOWER} - Sending AppendResponse{status=OK, term=1, succeeded=true, lastLogIndex=1}
21:47:04.579 [raft-server-raft-partition-1] TRACE i.a.p.raft.roles.LeaderAppender - RaftServer{raft-partition-1} - Received AppendResponse{status=OK, term=1, succeeded=true, lastLogIndex=1} from 3
21:47:04.579 [raft-server-raft-partition-1] TRACE i.a.p.raft.roles.LeaderAppender - RaftServer{raft-partition-1} - Sending AppendRequest{term=1, leader=2, prevLogIndex=1, prevLogTerm=1, entries=0, commitIndex=1} to 3
21:47:04.579 [raft-server-raft-partition-1] TRACE i.a.p.raft.roles.LeaderAppender - RaftServer{raft-partition-1} - Received AppendResponse{status=OK, term=1, succeeded=true, lastLogIndex=1} from 1
21:47:04.579 [raft-server-raft-partition-1] TRACE i.a.p.raft.roles.LeaderAppender - RaftServer{raft-partition-1} - Sending AppendRequest{term=1, leader=2, prevLogIndex=1, prevLogTerm=1, entries=0, commitIndex=1} to 1
21:47:04.579 [raft-server-raft-partition-1] TRACE i.a.p.raft.roles.FollowerRole - RaftServer{raft-partition-1}{role=FOLLOWER} - Received AppendRequest{term=1, leader=2, prevLogIndex=1, prevLogTerm=1, entries=0, commitIndex=1}
21:47:04.579 [raft-server-raft-partition-1] TRACE i.a.p.raft.roles.FollowerRole - RaftServer{raft-partition-1}{role=FOLLOWER} - Sending AppendResponse{status=OK, term=1, succeeded=true, lastLogIndex=1}
21:47:04.579 [raft-server-raft-partition-1] TRACE i.a.p.raft.roles.FollowerRole - RaftServer{raft-partition-1}{role=FOLLOWER} - Received AppendRequest{term=1, leader=2, prevLogIndex=1, prevLogTerm=1, entries=0, commitIndex=1}
21:47:04.579 [raft-server-raft-partition-1] TRACE i.a.p.raft.roles.FollowerRole - RaftServer{raft-partition-1}{role=FOLLOWER} - Sending AppendResponse{status=OK, term=1, succeeded=true, lastLogIndex=1}
21:47:04.579 [raft-server-raft-partition-1] TRACE i.a.p.raft.roles.LeaderAppender - RaftServer{raft-partition-1} - Received AppendResponse{status=OK, term=1, succeeded=true, lastLogIndex=1} from 3
21:47:04.579 [raft-server-raft-partition-1] TRACE i.a.p.raft.roles.LeaderAppender - RaftServer{raft-partition-1} - Received AppendResponse{status=OK, term=1, succeeded=true, lastLogIndex=1} from 1
21:47:04.637 [raft-client-raft-partition-3-5] TRACE i.a.p.r.s.impl.RaftSessionConnection - SessionClient{2}{type=DistributedSemaphoreType{name=semaphore}, name=test-semaphore-timeout} - Sending CommandRequest{session=2, sequence=4, operation=PrimitiveOperation{id=DefaultOperationId{id=release, type=COMMAND}, value=byte[]{length=5, hash=77607541}}} to 1
21:47:04.637 [raft-server-raft-partition-3] TRACE i.a.p.raft.roles.FollowerRole - RaftServer{raft-partition-3}{role=FOLLOWER} - Received CommandRequest{session=2, sequence=4, operation=PrimitiveOperation{id=DefaultOperationId{id=release, type=COMMAND}, value=byte[]{length=5, hash=77607541}}}
21:47:04.637 [raft-server-raft-partition-3] TRACE i.a.protocols.raft.roles.LeaderRole - RaftServer{raft-partition-3}{role=LEADER} - Received CommandRequest{session=2, sequence=4, operation=PrimitiveOperation{id=DefaultOperationId{id=release, type=COMMAND}, value=byte[]{length=5, hash=77607541}}}
21:47:04.637 [raft-server-raft-partition-3] TRACE i.a.protocols.raft.roles.LeaderRole - RaftServer{raft-partition-3}{role=LEADER} - Appended Indexed{index=8, entry=CommandEntry{term=1, timestamp=2018-06-10 09:47:04,637, session=2, sequence=4, operation=PrimitiveOperation{id=DefaultOperationId{id=release, type=COMMAND}, value=byte[]{length=5, hash=77607541}}}}
21:47:04.637 [raft-server-raft-partition-3] TRACE i.a.p.raft.roles.LeaderAppender - RaftServer{raft-partition-3} - Sending AppendRequest{term=1, leader=3, prevLogIndex=7, prevLogTerm=1, entries=1, commitIndex=7} to 1
21:47:04.637 [raft-server-raft-partition-3] TRACE i.a.p.raft.roles.LeaderAppender - RaftServer{raft-partition-3} - Sending AppendRequest{term=1, leader=3, prevLogIndex=7, prevLogTerm=1, entries=1, commitIndex=7} to 2
21:47:04.638 [raft-server-raft-partition-3] TRACE i.a.p.raft.roles.FollowerRole - RaftServer{raft-partition-3}{role=FOLLOWER} - Received AppendRequest{term=1, leader=3, prevLogIndex=7, prevLogTerm=1, entries=1, commitIndex=7}
21:47:04.638 [raft-server-raft-partition-3] TRACE i.a.p.raft.roles.FollowerRole - RaftServer{raft-partition-3}{role=FOLLOWER} - Received AppendRequest{term=1, leader=3, prevLogIndex=7, prevLogTerm=1, entries=1, commitIndex=7}
21:47:04.638 [raft-server-raft-partition-3] TRACE i.a.p.raft.roles.FollowerRole - RaftServer{raft-partition-3}{role=FOLLOWER} - Appended Indexed{index=8, entry=CommandEntry{term=1, timestamp=2018-06-10 09:47:04,637, session=2, sequence=4, operation=PrimitiveOperation{id=DefaultOperationId{id=release, type=COMMAND}, value=byte[]{length=5, hash=77607541}}}}
21:47:04.638 [raft-server-raft-partition-3] TRACE i.a.p.raft.roles.FollowerRole - RaftServer{raft-partition-3}{role=FOLLOWER} - Appended Indexed{index=8, entry=CommandEntry{term=1, timestamp=2018-06-10 09:47:04,637, session=2, sequence=4, operation=PrimitiveOperation{id=DefaultOperationId{id=release, type=COMMAND}, value=byte[]{length=5, hash=77607541}}}}
21:47:04.638 [raft-server-raft-partition-3] TRACE i.a.p.raft.roles.FollowerRole - RaftServer{raft-partition-3}{role=FOLLOWER} - Sending AppendResponse{status=OK, term=1, succeeded=true, lastLogIndex=8}
21:47:04.638 [raft-server-raft-partition-3] TRACE i.a.p.raft.roles.FollowerRole - RaftServer{raft-partition-3}{role=FOLLOWER} - Sending AppendResponse{status=OK, term=1, succeeded=true, lastLogIndex=8}
21:47:04.638 [raft-server-raft-partition-3] TRACE i.a.p.raft.roles.LeaderAppender - RaftServer{raft-partition-3} - Received AppendResponse{status=OK, term=1, succeeded=true, lastLogIndex=8} from 1
21:47:04.638 [raft-server-raft-partition-3] TRACE i.a.p.raft.roles.LeaderAppender - RaftServer{raft-partition-3} - Committed entries up to 8
21:47:04.668 [raft-server-raft-partition-3] TRACE i.a.p.raft.roles.LeaderAppender - RaftServer{raft-partition-3} - Received AppendResponse{status=OK, term=1, succeeded=true, lastLogIndex=8} from 2
21:47:04.668 [raft-server-raft-partition-3-state] TRACE i.a.p.raft.impl.RaftServiceManager - RaftServer{raft-partition-3} - Applying Indexed{index=8, entry=CommandEntry{term=1, timestamp=2018-06-10 09:47:04,637, session=2, sequence=4, operation=PrimitiveOperation{id=DefaultOperationId{id=release, type=COMMAND}, value=byte[]{length=5, hash=77607541}}}}
21:47:04.669 [raft-server-raft-partition-3-state] TRACE i.a.protocols.raft.roles.LeaderRole - RaftServer{raft-partition-3}{role=LEADER} - Sending CommandResponse{status=OK, index=8, eventIndex=5, result=null}
21:47:04.669 [raft-server-raft-partition-3-0] TRACE i.a.p.raft.session.RaftSession - Session{2}{type=DistributedSemaphoreType{name=semaphore}, name=test-semaphore-timeout} - Sending PublishRequest{session=2, eventIndex=8, previousIndex=5, events=[PrimitiveEvent{type=succeeded, value=byte[]{length=9, hash=-240976647}}]}
21:47:04.669 [raft-server-raft-partition-3] TRACE i.a.p.raft.roles.FollowerRole - RaftServer{raft-partition-3}{role=FOLLOWER} - Sending CommandResponse{status=OK, index=8, eventIndex=5, result=null}
21:47:04.669 [raft-client-raft-partition-3-0] TRACE i.a.p.r.s.impl.RaftSessionListener - SessionClient{2}{type=DistributedSemaphoreType{name=semaphore}, name=test-semaphore-timeout} - Received PublishRequest{session=2, eventIndex=8, previousIndex=5, events=[PrimitiveEvent{type=succeeded, value=byte[]{length=9, hash=-240976647}}]}
21:47:04.669 [raft-client-raft-partition-3-0] TRACE i.a.p.r.s.impl.RaftSessionConnection - SessionClient{2}{type=DistributedSemaphoreType{name=semaphore}, name=test-semaphore-timeout} - Received CommandResponse{status=OK, index=8, eventIndex=5, result=null} from 1
21:47:04.669 [raft-client-raft-partition-3-0] TRACE i.a.p.r.s.impl.RaftSessionSequencer - SessionClient{2}{type=DistributedSemaphoreType{name=semaphore}, name=test-semaphore-timeout} - Completing response CommandResponse{status=OK, index=8, eventIndex=5, result=null}
21:47:04.669 [raft-client-raft-partition-3-0] TRACE i.a.p.r.s.impl.RaftSessionSequencer - SessionClient{2}{type=DistributedSemaphoreType{name=semaphore}, name=test-semaphore-timeout} - Completing PublishRequest{session=2, eventIndex=8, previousIndex=5, events=[PrimitiveEvent{type=succeeded, value=byte[]{length=9, hash=-240976647}}]}
21:47:04.669 [raft-client-raft-partition-3-7] TRACE i.a.p.r.s.impl.RaftSessionConnection - SessionClient{2}{type=DistributedSemaphoreType{name=semaphore}, name=test-semaphore-timeout} - Sending CommandRequest{session=2, sequence=5, operation=PrimitiveOperation{id=DefaultOperationId{id=release, type=COMMAND}, value=byte[]{length=5, hash=77607541}}} to 1
21:47:04.670 [raft-server-raft-partition-3] TRACE i.a.p.raft.roles.FollowerRole - RaftServer{raft-partition-3}{role=FOLLOWER} - Received CommandRequest{session=2, sequence=5, operation=PrimitiveOperation{id=DefaultOperationId{id=release, type=COMMAND}, value=byte[]{length=5, hash=77607541}}}
21:47:04.670 [raft-client-raft-partition-3-3] TRACE i.a.p.r.s.impl.RaftSessionConnection - SessionClient{2}{type=DistributedSemaphoreType{name=semaphore}, name=test-semaphore-timeout} - Sending CommandRequest{session=2, sequence=6, operation=PrimitiveOperation{id=DefaultOperationId{id=acquire, type=COMMAND}, value=byte[]{length=10, hash=1170099628}}} to 1
21:47:04.670 [raft-server-raft-partition-3] TRACE i.a.protocols.raft.roles.LeaderRole - RaftServer{raft-partition-3}{role=LEADER} - Received CommandRequest{session=2, sequence=5, operation=PrimitiveOperation{id=DefaultOperationId{id=release, type=COMMAND}, value=byte[]{length=5, hash=77607541}}}
21:47:04.670 [raft-server-raft-partition-3] TRACE i.a.p.raft.roles.FollowerRole - RaftServer{raft-partition-3}{role=FOLLOWER} - Received CommandRequest{session=2, sequence=6, operation=PrimitiveOperation{id=DefaultOperationId{id=acquire, type=COMMAND}, value=byte[]{length=10, hash=1170099628}}}
21:47:04.670 [raft-server-raft-partition-3] TRACE i.a.protocols.raft.roles.LeaderRole - RaftServer{raft-partition-3}{role=LEADER} - Appended Indexed{index=9, entry=CommandEntry{term=1, timestamp=2018-06-10 09:47:04,670, session=2, sequence=5, operation=PrimitiveOperation{id=DefaultOperationId{id=release, type=COMMAND}, value=byte[]{length=5, hash=77607541}}}}
21:47:04.670 [raft-server-raft-partition-3] TRACE i.a.p.raft.roles.LeaderAppender - RaftServer{raft-partition-3} - Sending AppendRequest{term=1, leader=3, prevLogIndex=8, prevLogTerm=1, entries=1, commitIndex=8} to 1
21:47:04.670 [raft-server-raft-partition-3] TRACE i.a.p.raft.roles.LeaderAppender - RaftServer{raft-partition-3} - Sending AppendRequest{term=1, leader=3, prevLogIndex=8, prevLogTerm=1, entries=1, commitIndex=8} to 2
21:47:04.670 [raft-server-raft-partition-3] TRACE i.a.protocols.raft.roles.LeaderRole - RaftServer{raft-partition-3}{role=LEADER} - Received CommandRequest{session=2, sequence=6, operation=PrimitiveOperation{id=DefaultOperationId{id=acquire, type=COMMAND}, value=byte[]{length=10, hash=1170099628}}}
21:47:04.670 [raft-server-raft-partition-3] TRACE i.a.protocols.raft.roles.LeaderRole - RaftServer{raft-partition-3}{role=LEADER} - Appended Indexed{index=10, entry=CommandEntry{term=1, timestamp=2018-06-10 09:47:04,670, session=2, sequence=6, operation=PrimitiveOperation{id=DefaultOperationId{id=acquire, type=COMMAND}, value=byte[]{length=10, hash=1170099628}}}}
21:47:04.670 [raft-server-raft-partition-3] TRACE i.a.p.raft.roles.FollowerRole - RaftServer{raft-partition-3}{role=FOLLOWER} - Received AppendRequest{term=1, leader=3, prevLogIndex=8, prevLogTerm=1, entries=1, commitIndex=8}
21:47:04.670 [raft-server-raft-partition-3] TRACE i.a.p.raft.roles.FollowerRole - RaftServer{raft-partition-3}{role=FOLLOWER} - Received AppendRequest{term=1, leader=3, prevLogIndex=8, prevLogTerm=1, entries=1, commitIndex=8}
21:47:04.670 [raft-server-raft-partition-3] TRACE i.a.p.raft.roles.FollowerRole - RaftServer{raft-partition-3}{role=FOLLOWER} - Appended Indexed{index=9, entry=CommandEntry{term=1, timestamp=2018-06-10 09:47:04,670, session=2, sequence=5, operation=PrimitiveOperation{id=DefaultOperationId{id=release, type=COMMAND}, value=byte[]{length=5, hash=77607541}}}}
21:47:04.671 [raft-server-raft-partition-3] TRACE i.a.p.raft.roles.FollowerRole - RaftServer{raft-partition-3}{role=FOLLOWER} - Appended Indexed{index=9, entry=CommandEntry{term=1, timestamp=2018-06-10 09:47:04,670, session=2, sequence=5, operation=PrimitiveOperation{id=DefaultOperationId{id=release, type=COMMAND}, value=byte[]{length=5, hash=77607541}}}}
21:47:04.705 [raft-server-raft-partition-3] TRACE i.a.p.raft.roles.FollowerRole - RaftServer{raft-partition-3}{role=FOLLOWER} - Committed entries up to index 8
21:47:04.705 [raft-server-raft-partition-3] TRACE i.a.p.raft.roles.FollowerRole - RaftServer{raft-partition-3}{role=FOLLOWER} - Sending AppendResponse{status=OK, term=1, succeeded=true, lastLogIndex=9}
21:47:04.705 [raft-server-raft-partition-3-state] TRACE i.a.p.raft.impl.RaftServiceManager - RaftServer{raft-partition-3} - Applying Indexed{index=8, entry=CommandEntry{term=1, timestamp=2018-06-10 09:47:04,637, session=2, sequence=4, operation=PrimitiveOperation{id=DefaultOperationId{id=release, type=COMMAND}, value=byte[]{length=5, hash=77607541}}}}
21:47:04.705 [raft-server-raft-partition-3] TRACE i.a.p.raft.roles.LeaderAppender - RaftServer{raft-partition-3} - Received AppendResponse{status=OK, term=1, succeeded=true, lastLogIndex=9} from 1
21:47:04.705 [raft-server-raft-partition-3] TRACE i.a.p.raft.roles.LeaderAppender - RaftServer{raft-partition-3} - Committed entries up to 9
21:47:04.705 [raft-server-raft-partition-3] TRACE i.a.p.raft.roles.LeaderAppender - RaftServer{raft-partition-3} - Sending AppendRequest{term=1, leader=3, prevLogIndex=9, prevLogTerm=1, entries=1, commitIndex=9} to 1
21:47:04.705 [raft-server-raft-partition-3] TRACE i.a.p.raft.roles.LeaderAppender - RaftServer{raft-partition-3} - Sending AppendRequest{term=1, leader=3, prevLogIndex=9, prevLogTerm=1, entries=1, commitIndex=9} to 2
21:47:04.706 [raft-server-raft-partition-3-state] TRACE i.a.p.raft.impl.RaftServiceManager - RaftServer{raft-partition-3} - Applying Indexed{index=9, entry=CommandEntry{term=1, timestamp=2018-06-10 09:47:04,670, session=2, sequence=5, operation=PrimitiveOperation{id=DefaultOperationId{id=release, type=COMMAND}, value=byte[]{length=5, hash=77607541}}}}
21:47:04.706 [raft-server-raft-partition-3] TRACE i.a.p.raft.roles.FollowerRole - RaftServer{raft-partition-3}{role=FOLLOWER} - Received AppendRequest{term=1, leader=3, prevLogIndex=9, prevLogTerm=1, entries=1, commitIndex=9}
21:47:04.706 [raft-server-raft-partition-3-state] TRACE i.a.protocols.raft.roles.LeaderRole - RaftServer{raft-partition-3}{role=LEADER} - Sending CommandResponse{status=OK, index=9, eventIndex=8, result=null}
21:47:04.706 [raft-server-raft-partition-3] TRACE i.a.p.raft.roles.FollowerRole - RaftServer{raft-partition-3}{role=FOLLOWER} - Appended Indexed{index=10, entry=CommandEntry{term=1, timestamp=2018-06-10 09:47:04,670, session=2, sequence=6, operation=PrimitiveOperation{id=DefaultOperationId{id=acquire, type=COMMAND}, value=byte[]{length=10, hash=1170099628}}}}
21:47:04.719 [raft-server-system-partition-1] TRACE i.a.p.raft.roles.LeaderAppender - RaftServer{system-partition-1} - Sending AppendRequest{term=1, leader=2, prevLogIndex=60, prevLogTerm=1, entries=0, commitIndex=60} to 1
21:47:04.720 [raft-server-system-partition-1] TRACE i.a.p.raft.roles.LeaderAppender - RaftServer{system-partition-1} - Sending AppendRequest{term=1, leader=2, prevLogIndex=60, prevLogTerm=1, entries=0, commitIndex=60} to 3
21:47:04.720 [raft-server-system-partition-1] TRACE i.a.p.raft.roles.FollowerRole - RaftServer{system-partition-1}{role=FOLLOWER} - Received AppendRequest{term=1, leader=2, prevLogIndex=60, prevLogTerm=1, entries=0, commitIndex=60}
21:47:04.720 [raft-server-system-partition-1] TRACE i.a.p.raft.roles.FollowerRole - RaftServer{system-partition-1}{role=FOLLOWER} - Received AppendRequest{term=1, leader=2, prevLogIndex=60, prevLogTerm=1, entries=0, commitIndex=60}
21:47:04.720 [raft-server-system-partition-1] TRACE i.a.p.raft.roles.FollowerRole - RaftServer{system-partition-1}{role=FOLLOWER} - Sending AppendResponse{status=OK, term=1, succeeded=true, lastLogIndex=60}
21:47:04.720 [raft-server-system-partition-1] TRACE i.a.p.raft.roles.FollowerRole - RaftServer{system-partition-1}{role=FOLLOWER} - Sending AppendResponse{status=OK, term=1, succeeded=true, lastLogIndex=60}
21:47:04.720 [raft-server-system-partition-1] TRACE i.a.p.raft.roles.LeaderAppender - RaftServer{system-partition-1} - Received AppendResponse{status=OK, term=1, succeeded=true, lastLogIndex=60} from 3
21:47:04.720 [raft-server-system-partition-1] TRACE i.a.p.raft.roles.LeaderAppender - RaftServer{system-partition-1} - Received AppendResponse{status=OK, term=1, succeeded=true, lastLogIndex=60} from 1
21:47:04.730 [raft-server-raft-partition-3] TRACE i.a.p.raft.roles.FollowerRole - RaftServer{raft-partition-3}{role=FOLLOWER} - Committed entries up to index 8
21:47:04.730 [raft-server-raft-partition-3] TRACE i.a.p.raft.roles.FollowerRole - RaftServer{raft-partition-3}{role=FOLLOWER} - Sending AppendResponse{status=OK, term=1, succeeded=true, lastLogIndex=9}
21:47:04.730 [raft-server-raft-partition-3] TRACE i.a.p.raft.roles.FollowerRole - RaftServer{raft-partition-3}{role=FOLLOWER} - Received AppendRequest{term=1, leader=3, prevLogIndex=9, prevLogTerm=1, entries=1, commitIndex=9}
21:47:04.730 [raft-server-raft-partition-3] TRACE i.a.p.raft.roles.FollowerRole - RaftServer{raft-partition-3}{role=FOLLOWER} - Appended Indexed{index=10, entry=CommandEntry{term=1, timestamp=2018-06-10 09:47:04,670, session=2, sequence=6, operation=PrimitiveOperation{id=DefaultOperationId{id=acquire, type=COMMAND}, value=byte[]{length=10, hash=1170099628}}}}
21:47:04.730 [raft-server-raft-partition-3] TRACE i.a.p.raft.roles.LeaderAppender - RaftServer{raft-partition-3} - Received AppendResponse{status=OK, term=1, succeeded=true, lastLogIndex=9} from 2
21:47:04.753 [raft-server-raft-partition-2] TRACE i.a.p.raft.roles.LeaderAppender - RaftServer{raft-partition-2} - Sending AppendRequest{term=1, leader=3, prevLogIndex=9, prevLogTerm=1, entries=0, commitIndex=9} to 1
21:47:04.753 [raft-server-raft-partition-2] TRACE i.a.p.raft.roles.LeaderAppender - RaftServer{raft-partition-2} - Sending AppendRequest{term=1, leader=3, prevLogIndex=9, prevLogTerm=1, entries=0, commitIndex=9} to 2
21:47:04.753 [raft-server-raft-partition-2] TRACE i.a.p.raft.roles.FollowerRole - RaftServer{raft-partition-2}{role=FOLLOWER} - Received AppendRequest{term=1, leader=3, prevLogIndex=9, prevLogTerm=1, entries=0, commitIndex=9}
21:47:04.753 [raft-server-raft-partition-2] TRACE i.a.p.raft.roles.FollowerRole - RaftServer{raft-partition-2}{role=FOLLOWER} - Sending AppendResponse{status=OK, term=1, succeeded=true, lastLogIndex=9}
21:47:04.753 [raft-server-raft-partition-2] TRACE i.a.p.raft.roles.FollowerRole - RaftServer{raft-partition-2}{role=FOLLOWER} - Received AppendRequest{term=1, leader=3, prevLogIndex=9, prevLogTerm=1, entries=0, commitIndex=9}
21:47:04.753 [raft-server-raft-partition-2] TRACE i.a.p.raft.roles.FollowerRole - RaftServer{raft-partition-2}{role=FOLLOWER} - Sending AppendResponse{status=OK, term=1, succeeded=true, lastLogIndex=9}
21:47:04.753 [raft-server-raft-partition-2] TRACE i.a.p.raft.roles.LeaderAppender - RaftServer{raft-partition-2} - Received AppendResponse{status=OK, term=1, succeeded=true, lastLogIndex=9} from 1
21:47:04.754 [raft-server-raft-partition-2] TRACE i.a.p.raft.roles.LeaderAppender - RaftServer{raft-partition-2} - Sending AppendRequest{term=1, leader=3, prevLogIndex=9, prevLogTerm=1, entries=0, commitIndex=9} to 1
21:47:04.754 [raft-server-raft-partition-2] TRACE i.a.p.raft.roles.LeaderAppender - RaftServer{raft-partition-2} - Received AppendResponse{status=OK, term=1, succeeded=true, lastLogIndex=9} from 2
21:47:04.754 [raft-server-raft-partition-2] TRACE i.a.p.raft.roles.LeaderAppender - RaftServer{raft-partition-2} - Sending AppendRequest{term=1, leader=3, prevLogIndex=9, prevLogTerm=1, entries=0, commitIndex=9} to 2
21:47:04.754 [raft-server-raft-partition-2] TRACE i.a.p.raft.roles.FollowerRole - RaftServer{raft-partition-2}{role=FOLLOWER} - Received AppendRequest{term=1, leader=3, prevLogIndex=9, prevLogTerm=1, entries=0, commitIndex=9}
21:47:04.754 [raft-server-raft-partition-2] TRACE i.a.p.raft.roles.FollowerRole - RaftServer{raft-partition-2}{role=FOLLOWER} - Sending AppendResponse{status=OK, term=1, succeeded=true, lastLogIndex=9}
21:47:04.754 [raft-server-raft-partition-2] TRACE i.a.p.raft.roles.FollowerRole - RaftServer{raft-partition-2}{role=FOLLOWER} - Received AppendRequest{term=1, leader=3, prevLogIndex=9, prevLogTerm=1, entries=0, commitIndex=9}
21:47:04.754 [raft-server-raft-partition-2] TRACE i.a.p.raft.roles.FollowerRole - RaftServer{raft-partition-2}{role=FOLLOWER} - Sending AppendResponse{status=OK, term=1, succeeded=true, lastLogIndex=9}
21:47:04.754 [raft-server-raft-partition-2] TRACE i.a.p.raft.roles.LeaderAppender - RaftServer{raft-partition-2} - Received AppendResponse{status=OK, term=1, succeeded=true, lastLogIndex=9} from 1
21:47:04.754 [raft-server-raft-partition-2] TRACE i.a.p.raft.roles.LeaderAppender - RaftServer{raft-partition-2} - Received AppendResponse{status=OK, term=1, succeeded=true, lastLogIndex=9} from 2
21:47:04.763 [raft-server-raft-partition-3] TRACE i.a.p.raft.roles.FollowerRole - RaftServer{raft-partition-3}{role=FOLLOWER} - Committed entries up to index 9
21:47:04.763 [raft-server-raft-partition-3] TRACE i.a.p.raft.roles.FollowerRole - RaftServer{raft-partition-3}{role=FOLLOWER} - Sending AppendResponse{status=OK, term=1, succeeded=true, lastLogIndex=10}
21:47:04.763 [raft-server-raft-partition-3] TRACE i.a.p.raft.roles.FollowerRole - RaftServer{raft-partition-3}{role=FOLLOWER} - Sending CommandResponse{status=OK, index=9, eventIndex=8, result=null}
21:47:04.764 [raft-server-raft-partition-3-state] TRACE i.a.p.raft.impl.RaftServiceManager - RaftServer{raft-partition-3} - Applying Indexed{index=9, entry=CommandEntry{term=1, timestamp=2018-06-10 09:47:04,670, session=2, sequence=5, operation=PrimitiveOperation{id=DefaultOperationId{id=release, type=COMMAND}, value=byte[]{length=5, hash=77607541}}}}
21:47:04.764 [raft-server-raft-partition-3] TRACE i.a.p.raft.roles.LeaderAppender - RaftServer{raft-partition-3} - Received AppendResponse{status=OK, term=1, succeeded=true, lastLogIndex=10} from 1
21:47:04.764 [raft-client-raft-partition-3-2] TRACE i.a.p.r.s.impl.RaftSessionConnection - SessionClient{2}{type=DistributedSemaphoreType{name=semaphore}, name=test-semaphore-timeout} - Received CommandResponse{status=OK, index=9, eventIndex=8, result=null} from 1
21:47:04.764 [raft-server-raft-partition-3] TRACE i.a.p.raft.roles.LeaderAppender - RaftServer{raft-partition-3} - Committed entries up to 10
21:47:04.764 [raft-client-raft-partition-3-2] TRACE i.a.p.r.s.impl.RaftSessionSequencer - SessionClient{2}{type=DistributedSemaphoreType{name=semaphore}, name=test-semaphore-timeout} - Completing response CommandResponse{status=OK, index=9, eventIndex=8, result=null}
21:47:04.772 [raft-client-system-partition-1-2] INFO  i.a.p.r.s.impl.RaftSessionManager - RaftClient{system-partition-1} - Closing session 57
21:47:04.772 [raft-client-system-partition-1-2] TRACE i.a.p.r.s.impl.RaftSessionConnection - RaftClient{system-partition-1} - Sending CloseSessionRequest{session=57} to 3
21:47:04.773 [raft-server-system-partition-1] TRACE i.a.p.raft.roles.FollowerRole - RaftServer{system-partition-1}{role=FOLLOWER} - Received CloseSessionRequest{session=57}
21:47:04.773 [raft-server-system-partition-1] TRACE i.a.protocols.raft.roles.LeaderRole - RaftServer{system-partition-1}{role=LEADER} - Received CloseSessionRequest{session=57}
21:47:04.773 [raft-server-system-partition-1] TRACE i.a.protocols.raft.roles.LeaderRole - RaftServer{system-partition-1}{role=LEADER} - Appended Indexed{index=61, entry=CloseSessionEntry{term=1, timestamp=2018-06-10 09:47:04,773, session=57, expired=false}}
21:47:04.773 [raft-server-system-partition-1] TRACE i.a.p.raft.roles.LeaderAppender - RaftServer{system-partition-1} - Sending AppendRequest{term=1, leader=2, prevLogIndex=60, prevLogTerm=1, entries=1, commitIndex=60} to 1
21:47:04.773 [raft-server-system-partition-1] TRACE i.a.p.raft.roles.LeaderAppender - RaftServer{system-partition-1} - Sending AppendRequest{term=1, leader=2, prevLogIndex=60, prevLogTerm=1, entries=1, commitIndex=60} to 3
21:47:04.773 [raft-server-system-partition-1] TRACE i.a.p.raft.roles.FollowerRole - RaftServer{system-partition-1}{role=FOLLOWER} - Received AppendRequest{term=1, leader=2, prevLogIndex=60, prevLogTerm=1, entries=1, commitIndex=60}
21:47:04.773 [raft-server-system-partition-1] TRACE i.a.p.raft.roles.FollowerRole - RaftServer{system-partition-1}{role=FOLLOWER} - Appended Indexed{index=61, entry=CloseSessionEntry{term=1, timestamp=2018-06-10 09:47:04,773, session=57, expired=false}}
21:47:04.773 [raft-server-system-partition-1] TRACE i.a.p.raft.roles.FollowerRole - RaftServer{system-partition-1}{role=FOLLOWER} - Received AppendRequest{term=1, leader=2, prevLogIndex=60, prevLogTerm=1, entries=1, commitIndex=60}
21:47:04.773 [raft-server-system-partition-1] TRACE i.a.p.raft.roles.FollowerRole - RaftServer{system-partition-1}{role=FOLLOWER} - Sending AppendResponse{status=OK, term=1, succeeded=true, lastLogIndex=61}
21:47:04.774 [raft-server-system-partition-1] TRACE i.a.p.raft.roles.FollowerRole - RaftServer{system-partition-1}{role=FOLLOWER} - Appended Indexed{index=61, entry=CloseSessionEntry{term=1, timestamp=2018-06-10 09:47:04,773, session=57, expired=false}}
21:47:04.774 [raft-server-system-partition-1] TRACE i.a.p.raft.roles.FollowerRole - RaftServer{system-partition-1}{role=FOLLOWER} - Sending AppendResponse{status=OK, term=1, succeeded=true, lastLogIndex=61}
21:47:04.774 [raft-server-system-partition-1] TRACE i.a.p.raft.roles.LeaderAppender - RaftServer{system-partition-1} - Received AppendResponse{status=OK, term=1, succeeded=true, lastLogIndex=61} from 1
21:47:04.774 [raft-server-system-partition-1] TRACE i.a.p.raft.roles.LeaderAppender - RaftServer{system-partition-1} - Committed entries up to 61
21:47:04.793 [raft-server-raft-partition-3] TRACE i.a.p.raft.roles.FollowerRole - RaftServer{raft-partition-3}{role=FOLLOWER} - Committed entries up to index 9
21:47:04.793 [raft-server-raft-partition-3] TRACE i.a.p.raft.roles.FollowerRole - RaftServer{raft-partition-3}{role=FOLLOWER} - Sending AppendResponse{status=OK, term=1, succeeded=true, lastLogIndex=10}
21:47:04.793 [raft-server-raft-partition-3-state] TRACE i.a.p.raft.impl.RaftServiceManager - RaftServer{raft-partition-3} - Applying Indexed{index=8, entry=CommandEntry{term=1, timestamp=2018-06-10 09:47:04,637, session=2, sequence=4, operation=PrimitiveOperation{id=DefaultOperationId{id=release, type=COMMAND}, value=byte[]{length=5, hash=77607541}}}}
21:47:04.793 [raft-server-raft-partition-3-state] TRACE i.a.p.raft.impl.RaftServiceManager - RaftServer{raft-partition-3} - Applying Indexed{index=9, entry=CommandEntry{term=1, timestamp=2018-06-10 09:47:04,670, session=2, sequence=5, operation=PrimitiveOperation{id=DefaultOperationId{id=release, type=COMMAND}, value=byte[]{length=5, hash=77607541}}}}
21:47:04.822 [raft-server-raft-partition-3] TRACE i.a.p.raft.roles.LeaderAppender - RaftServer{raft-partition-3} - Received AppendResponse{status=OK, term=1, succeeded=true, lastLogIndex=10} from 2
21:47:04.822 [raft-server-system-partition-1] TRACE i.a.p.raft.roles.LeaderAppender - RaftServer{system-partition-1} - Received AppendResponse{status=OK, term=1, succeeded=true, lastLogIndex=61} from 3
21:47:04.822 [raft-server-system-partition-1-state] TRACE i.a.p.raft.impl.RaftServiceManager - RaftServer{system-partition-1} - Applying Indexed{index=61, entry=CloseSessionEntry{term=1, timestamp=2018-06-10 09:47:04,773, session=57, expired=false}}
21:47:04.822 [raft-server-raft-partition-3-state] TRACE i.a.p.raft.impl.RaftServiceManager - RaftServer{raft-partition-3} - Applying Indexed{index=10, entry=CommandEntry{term=1, timestamp=2018-06-10 09:47:04,670, session=2, sequence=6, operation=PrimitiveOperation{id=DefaultOperationId{id=acquire, type=COMMAND}, value=byte[]{length=10, hash=1170099628}}}}
21:47:04.822 [raft-server-system-partition-1-state] DEBUG i.a.p.r.service.RaftServiceContext - PrimitiveService{35}{type=ConsistentMapType{name=consistent-map}, name=primitives} - Closing session 57
21:47:04.822 [raft-server-system-partition-1-state] DEBUG i.a.p.raft.session.RaftSession - Session{57}{type=ConsistentMapType{name=consistent-map}, name=primitives} - State changed: CLOSED
21:47:04.822 [raft-server-system-partition-1-state] TRACE i.a.protocols.raft.roles.LeaderRole - RaftServer{system-partition-1}{role=LEADER} - Sending CloseSessionResponse{status=OK}
21:47:04.822 [raft-server-system-partition-1] TRACE i.a.p.raft.roles.FollowerRole - RaftServer{system-partition-1}{role=FOLLOWER} - Sending CloseSessionResponse{status=OK}
21:47:04.822 [raft-server-raft-partition-3-state] TRACE i.a.protocols.raft.roles.LeaderRole - RaftServer{raft-partition-3}{role=LEADER} - Sending CommandResponse{status=OK, index=10, eventIndex=8, result=null}
21:47:04.823 [raft-server-raft-partition-3-2] TRACE i.a.p.raft.session.RaftSession - Session{2}{type=DistributedSemaphoreType{name=semaphore}, name=test-semaphore-timeout} - Sending PublishRequest{session=2, eventIndex=10, previousIndex=8, events=[PrimitiveEvent{type=succeeded, value=byte[]{length=9, hash=-239123839}}]}
21:47:04.823 [raft-server-raft-partition-3] TRACE i.a.p.raft.roles.FollowerRole - RaftServer{raft-partition-3}{role=FOLLOWER} - Sending CommandResponse{status=OK, index=10, eventIndex=8, result=null}
21:47:04.823 [raft-client-system-partition-1-0] TRACE i.a.p.r.s.impl.RaftSessionConnection - RaftClient{system-partition-1} - Received CloseSessionResponse{status=OK} from 3
21:47:04.824 [raft-client-system-partition-1-0] INFO  i.a.core.impl.CorePrimitivesService - Stopped
21:47:04.824 [raft-client-raft-partition-3-6] TRACE i.a.p.r.s.impl.RaftSessionListener - SessionClient{2}{type=DistributedSemaphoreType{name=semaphore}, name=test-semaphore-timeout} - Received PublishRequest{session=2, eventIndex=10, previousIndex=8, events=[PrimitiveEvent{type=succeeded, value=byte[]{length=9, hash=-239123839}}]}
21:47:04.824 [raft-client-raft-partition-3-6] TRACE i.a.p.r.s.impl.RaftSessionConnection - SessionClient{2}{type=DistributedSemaphoreType{name=semaphore}, name=test-semaphore-timeout} - Received CommandResponse{status=OK, index=10, eventIndex=8, result=null} from 1
21:47:04.824 [raft-client-raft-partition-3-6] TRACE i.a.p.r.s.impl.RaftSessionSequencer - SessionClient{2}{type=DistributedSemaphoreType{name=semaphore}, name=test-semaphore-timeout} - Completing response CommandResponse{status=OK, index=10, eventIndex=8, result=null}
21:47:04.824 [atomix-0] INFO  i.a.p.b.p.PrimaryBackupPartitionGroup - Stopped
21:47:04.824 [raft-client-raft-partition-3-6] TRACE i.a.p.r.s.impl.RaftSessionSequencer - SessionClient{2}{type=DistributedSemaphoreType{name=semaphore}, name=test-semaphore-timeout} - Completing PublishRequest{session=2, eventIndex=10, previousIndex=8, events=[PrimitiveEvent{type=succeeded, value=byte[]{length=9, hash=-239123839}}]}
21:47:04.824 [raft-client-raft-partition-3-2] TRACE i.a.p.r.s.impl.RaftSessionConnection - SessionClient{2}{type=DistributedSemaphoreType{name=semaphore}, name=test-semaphore-timeout} - Sending CommandRequest{session=2, sequence=7, operation=PrimitiveOperation{id=DefaultOperationId{id=release, type=COMMAND}, value=byte[]{length=5, hash=77607541}}} to 1
21:47:04.824 [ForkJoinPool.commonPool-worker-6] INFO  i.a.p.r.partition.RaftPartitionGroup - Stopped
21:47:04.825 [raft-server-raft-partition-3] TRACE i.a.p.raft.roles.FollowerRole - RaftServer{raft-partition-3}{role=FOLLOWER} - Received CommandRequest{session=2, sequence=7, operation=PrimitiveOperation{id=DefaultOperationId{id=release, type=COMMAND}, value=byte[]{length=5, hash=77607541}}}
21:47:04.825 [raft-server-raft-partition-3] TRACE i.a.protocols.raft.roles.LeaderRole - RaftServer{raft-partition-3}{role=LEADER} - Received CommandRequest{session=2, sequence=7, operation=PrimitiveOperation{id=DefaultOperationId{id=release, type=COMMAND}, value=byte[]{length=5, hash=77607541}}}
21:47:04.825 [raft-server-raft-partition-3] TRACE i.a.protocols.raft.roles.LeaderRole - RaftServer{raft-partition-3}{role=LEADER} - Appended Indexed{index=11, entry=CommandEntry{term=1, timestamp=2018-06-10 09:47:04,825, session=2, sequence=7, operation=PrimitiveOperation{id=DefaultOperationId{id=release, type=COMMAND}, value=byte[]{length=5, hash=77607541}}}}
21:47:04.825 [raft-server-raft-partition-3] TRACE i.a.p.raft.roles.LeaderAppender - RaftServer{raft-partition-3} - Sending AppendRequest{term=1, leader=3, prevLogIndex=10, prevLogTerm=1, entries=1, commitIndex=10} to 1
21:47:04.825 [raft-server-raft-partition-3] TRACE i.a.p.raft.roles.LeaderAppender - RaftServer{raft-partition-3} - Sending AppendRequest{term=1, leader=3, prevLogIndex=10, prevLogTerm=1, entries=1, commitIndex=10} to 2
21:47:04.825 [raft-server-raft-partition-3] TRACE i.a.p.raft.roles.FollowerRole - RaftServer{raft-partition-3}{role=FOLLOWER} - Received AppendRequest{term=1, leader=3, prevLogIndex=10, prevLogTerm=1, entries=1, commitIndex=10}
21:47:04.825 [raft-server-raft-partition-3] TRACE i.a.p.raft.roles.FollowerRole - RaftServer{raft-partition-3}{role=FOLLOWER} - Received AppendRequest{term=1, leader=3, prevLogIndex=10, prevLogTerm=1, entries=1, commitIndex=10}
21:47:04.825 [ForkJoinPool.commonPool-worker-6] INFO  i.a.p.r.partition.RaftPartitionGroup - Stopped
21:47:04.825 [raft-server-raft-partition-3] TRACE i.a.p.raft.roles.FollowerRole - RaftServer{raft-partition-3}{role=FOLLOWER} - Appended Indexed{index=11, entry=CommandEntry{term=1, timestamp=2018-06-10 09:47:04,825, session=2, sequence=7, operation=PrimitiveOperation{id=DefaultOperationId{id=release, type=COMMAND}, value=byte[]{length=5, hash=77607541}}}}
21:47:04.825 [raft-server-raft-partition-3] TRACE i.a.p.raft.roles.FollowerRole - RaftServer{raft-partition-3}{role=FOLLOWER} - Appended Indexed{index=11, entry=CommandEntry{term=1, timestamp=2018-06-10 09:47:04,825, session=2, sequence=7, operation=PrimitiveOperation{id=DefaultOperationId{id=release, type=COMMAND}, value=byte[]{length=5, hash=77607541}}}}
21:47:04.826 [ForkJoinPool.commonPool-worker-6] INFO  i.a.p.p.i.DefaultPartitionGroupMembershipService - Stopped
21:47:04.826 [ForkJoinPool.commonPool-worker-6] INFO  i.a.p.p.impl.DefaultPartitionService - Stopped
21:47:04.826 [atomix-0] INFO  i.a.c.m.i.DefaultClusterCommunicationService - Stopped
21:47:04.826 [atomix-cluster-0] INFO  i.a.c.m.i.DefaultClusterEventService - Stopped
21:47:04.826 [atomix-cluster-0] INFO  i.a.c.i.DefaultClusterMembershipService - 10 - Member deactivated: StatefulMember{id=10, address=localhost:5010, metadata={}}
21:47:04.826 [atomix-cluster-0] INFO  i.a.c.i.DefaultClusterMembershipService - Stopped
21:47:04.827 [raft-server-raft-partition-1] TRACE i.a.p.raft.roles.LeaderAppender - RaftServer{raft-partition-1} - Sending AppendRequest{term=1, leader=2, prevLogIndex=1, prevLogTerm=1, entries=0, commitIndex=1} to 1
21:47:04.828 [raft-server-raft-partition-1] TRACE i.a.p.raft.roles.LeaderAppender - RaftServer{raft-partition-1} - Sending AppendRequest{term=1, leader=2, prevLogIndex=1, prevLogTerm=1, entries=0, commitIndex=1} to 3
21:47:04.828 [raft-server-raft-partition-1] TRACE i.a.p.raft.roles.FollowerRole - RaftServer{raft-partition-1}{role=FOLLOWER} - Received AppendRequest{term=1, leader=2, prevLogIndex=1, prevLogTerm=1, entries=0, commitIndex=1}
21:47:04.828 [raft-server-raft-partition-1] TRACE i.a.p.raft.roles.FollowerRole - RaftServer{raft-partition-1}{role=FOLLOWER} - Sending AppendResponse{status=OK, term=1, succeeded=true, lastLogIndex=1}
21:47:04.828 [raft-server-raft-partition-1] TRACE i.a.p.raft.roles.FollowerRole - RaftServer{raft-partition-1}{role=FOLLOWER} - Received AppendRequest{term=1, leader=2, prevLogIndex=1, prevLogTerm=1, entries=0, commitIndex=1}
21:47:04.828 [raft-server-raft-partition-1] TRACE i.a.p.raft.roles.FollowerRole - RaftServer{raft-partition-1}{role=FOLLOWER} - Sending AppendResponse{status=OK, term=1, succeeded=true, lastLogIndex=1}
21:47:04.828 [raft-server-raft-partition-1] TRACE i.a.p.raft.roles.LeaderAppender - RaftServer{raft-partition-1} - Received AppendResponse{status=OK, term=1, succeeded=true, lastLogIndex=1} from 1
21:47:04.828 [raft-server-raft-partition-1] TRACE i.a.p.raft.roles.LeaderAppender - RaftServer{raft-partition-1} - Sending AppendRequest{term=1, leader=2, prevLogIndex=1, prevLogTerm=1, entries=0, commitIndex=1} to 1
21:47:04.828 [raft-server-raft-partition-1] TRACE i.a.p.raft.roles.LeaderAppender - RaftServer{raft-partition-1} - Received AppendResponse{status=OK, term=1, succeeded=true, lastLogIndex=1} from 3
21:47:04.828 [raft-server-raft-partition-1] TRACE i.a.p.raft.roles.FollowerRole - RaftServer{raft-partition-1}{role=FOLLOWER} - Received AppendRequest{term=1, leader=2, prevLogIndex=1, prevLogTerm=1, entries=0, commitIndex=1}
21:47:04.828 [raft-server-raft-partition-1] TRACE i.a.p.raft.roles.FollowerRole - RaftServer{raft-partition-1}{role=FOLLOWER} - Sending AppendResponse{status=OK, term=1, succeeded=true, lastLogIndex=1}
21:47:04.828 [netty-messaging-event-epoll-server-0] INFO  i.a.c.m.impl.NettyMessagingService - Stopped
21:47:04.829 [raft-server-raft-partition-1] TRACE i.a.p.raft.roles.LeaderAppender - RaftServer{raft-partition-1} - Received AppendResponse{status=OK, term=1, succeeded=true, lastLogIndex=1} from 1
21:47:04.829 [atomix-cluster-0] INFO  io.atomix.cluster.AtomixCluster - Stopped
]]></system-out>
  </testcase>
  <testcase name="testExpireRace" classname="io.atomix.core.semaphore.impl.RaftSemaphoreTest" time="2.32">
    <skipped message="depends on performance"/>
  </testcase>
  <testcase name="testQueue" classname="io.atomix.core.semaphore.impl.RaftSemaphoreTest" time="1.076"/>
  <testcase name="testInit" classname="io.atomix.core.semaphore.impl.RaftSemaphoreTest" time="1.339"/>
  <testcase name="testBlockTimeout" classname="io.atomix.core.semaphore.impl.RaftSemaphoreTest" time="7.131"/>
  <testcase name="testAcquireRelease" classname="io.atomix.core.semaphore.impl.RaftSemaphoreTest" time="1.494"/>
  <testcase name="testIncreaseReduceDrain" classname="io.atomix.core.semaphore.impl.RaftSemaphoreTest" time="1.136"/>
  <testcase name="testBlocking" classname="io.atomix.core.semaphore.impl.RaftSemaphoreTest" time="1.612"/>
  <testcase name="testHolderStatus" classname="io.atomix.core.semaphore.impl.RaftSemaphoreTest" time="1.542"/>
  <testcase name="testSnapshot" classname="io.atomix.core.semaphore.impl.RaftSemaphoreTest" time="1.543">
    <skipped/>
  </testcase>
  <testcase name="testInterrupt" classname="io.atomix.core.semaphore.impl.RaftSemaphoreTest" time="2.082"/>
  <testcase name="testOverflow" classname="io.atomix.core.semaphore.impl.RaftSemaphoreTest" time="1.651"/>
  <testcase name="testExpire" classname="io.atomix.core.semaphore.impl.RaftSemaphoreTest" time="1.317"/>
  <testcase name="testReleaseSession" classname="io.atomix.core.semaphore.impl.RaftSemaphoreTest" time="1.287"/>
</testsuite>