<?xml version="1.0" encoding="UTF-8"?>
<testsuite name="io.atomix.core.tree.impl.PrimaryBackupDocumentTreeTest" time="11.874" tests="14" errors="0" skipped="0" failures="1">
  <properties>
    <property name="java.runtime.name" value="OpenJDK Runtime Environment"/>
    <property name="sun.boot.library.path" value="/usr/lib/jvm/java-8-openjdk-amd64/jre/lib/amd64"/>
    <property name="java.vm.version" value="25.121-b13"/>
    <property name="java.vm.vendor" value="Oracle Corporation"/>
    <property name="maven.multiModuleProjectDirectory" value="/root/workspace/atomix/atomix/389998614"/>
    <property name="java.vendor.url" value="http://java.oracle.com/"/>
    <property name="path.separator" value=":"/>
    <property name="guice.disable.misplaced.annotation.check" value="true"/>
    <property name="skip.gulp" value="true"/>
    <property name="java.vm.name" value="OpenJDK 64-Bit Server VM"/>
    <property name="file.encoding.pkg" value="sun.io"/>
    <property name="sun.java.launcher" value="SUN_STANDARD"/>
    <property name="sun.os.patch.level" value="unknown"/>
    <property name="findbugs.skip" value="true"/>
    <property name="java.vm.specification.name" value="Java Virtual Machine Specification"/>
    <property name="user.dir" value="/root/workspace/atomix/atomix/389998614"/>
    <property name="checkstyle.skip" value="true"/>
    <property name="java.runtime.version" value="1.8.0_121-8u121-b13-1~bpo8+1-b13"/>
    <property name="java.awt.graphicsenv" value="sun.awt.X11GraphicsEnvironment"/>
    <property name="skip.npm" value="true"/>
    <property name="java.endorsed.dirs" value="/usr/lib/jvm/java-8-openjdk-amd64/jre/lib/endorsed"/>
    <property name="os.arch" value="amd64"/>
    <property name="java.io.tmpdir" value="/tmp"/>
    <property name="gpg.skip" value="true"/>
    <property name="line.separator" value="&#10;"/>
    <property name="java.vm.specification.vendor" value="Oracle Corporation"/>
    <property name="cobertura.skip" value="true"/>
    <property name="os.name" value="Linux"/>
    <property name="classworlds.conf" value="/usr/share/maven/bin/m2.conf"/>
    <property name="sun.jnu.encoding" value="UTF-8"/>
    <property name="java.library.path" value="/usr/java/packages/lib/amd64:/usr/lib/x86_64-linux-gnu/jni:/lib/x86_64-linux-gnu:/usr/lib/x86_64-linux-gnu:/usr/lib/jni:/lib:/usr/lib"/>
    <property name="license.skip" value="true"/>
    <property name="java.specification.name" value="Java Platform API Specification"/>
    <property name="java.class.version" value="52.0"/>
    <property name="sun.management.compiler" value="HotSpot 64-Bit Tiered Compilers"/>
    <property name="skip.bower" value="true"/>
    <property name="maven.repo.local" value="/root/./workspace/atomix/atomix/389998614/.m2"/>
    <property name="os.version" value="3.10.0-862.3.2.el7.x86_64"/>
    <property name="user.home" value="/root"/>
    <property name="user.timezone" value="Europe/Paris"/>
    <property name="java.awt.printerjob" value="sun.print.PSPrinterJob"/>
    <property name="java.specification.version" value="1.8"/>
    <property name="file.encoding" value="UTF-8"/>
    <property name="user.name" value="root"/>
    <property name="java.class.path" value="/usr/share/maven/boot/plexus-classworlds-2.5.2.jar"/>
    <property name="skipITs" value="true"/>
    <property name="java.vm.specification.version" value="1.8"/>
    <property name="sun.arch.data.model" value="64"/>
    <property name="java.home" value="/usr/lib/jvm/java-8-openjdk-amd64/jre"/>
    <property name="sun.java.command" value="org.codehaus.plexus.classworlds.launcher.Launcher -B -D enforcer.skip=true -D dependency-check.skip=true -D skipITs=true -D cobertura.skip=true -D maven.repo.local=/root/./workspace/atomix/atomix/389998614/.m2 -D rat.skip=true -D findbugs.skip=true -D skip.bower=true -D gpg.skip=true -D checkstyle.skip=true -D skip.gulp=true -D license.skip=true -D skip.npm=true test"/>
    <property name="java.specification.vendor" value="Oracle Corporation"/>
    <property name="user.language" value="en"/>
    <property name="awt.toolkit" value="sun.awt.X11.XToolkit"/>
    <property name="dependency-check.skip" value="true"/>
    <property name="java.vm.info" value="mixed mode"/>
    <property name="java.version" value="1.8.0_121"/>
    <property name="java.ext.dirs" value="/usr/lib/jvm/java-8-openjdk-amd64/jre/lib/ext:/usr/java/packages/lib/ext"/>
    <property name="securerandom.source" value="file:/dev/./urandom"/>
    <property name="sun.boot.class.path" value="/usr/lib/jvm/java-8-openjdk-amd64/jre/lib/resources.jar:/usr/lib/jvm/java-8-openjdk-amd64/jre/lib/rt.jar:/usr/lib/jvm/java-8-openjdk-amd64/jre/lib/sunrsasign.jar:/usr/lib/jvm/java-8-openjdk-amd64/jre/lib/jsse.jar:/usr/lib/jvm/java-8-openjdk-amd64/jre/lib/jce.jar:/usr/lib/jvm/java-8-openjdk-amd64/jre/lib/charsets.jar:/usr/lib/jvm/java-8-openjdk-amd64/jre/lib/jfr.jar:/usr/lib/jvm/java-8-openjdk-amd64/jre/classes"/>
    <property name="java.vendor" value="Oracle Corporation"/>
    <property name="enforcer.skip" value="true"/>
    <property name="rat.skip" value="true"/>
    <property name="maven.home" value="/usr/share/maven"/>
    <property name="file.separator" value="/"/>
    <property name="java.vendor.url.bug" value="http://bugreport.sun.com/bugreport/"/>
    <property name="sun.cpu.endian" value="little"/>
    <property name="sun.io.unicode.encoding" value="UnicodeLittle"/>
    <property name="sun.cpu.isalist" value=""/>
  </properties>
  <testcase name="testSet" classname="io.atomix.core.tree.impl.PrimaryBackupDocumentTreeTest" time="0.739"/>
  <testcase name="testGetChildren" classname="io.atomix.core.tree.impl.PrimaryBackupDocumentTreeTest" time="0.843"/>
  <testcase name="testClear" classname="io.atomix.core.tree.impl.PrimaryBackupDocumentTreeTest" time="0.706"/>
  <testcase name="testNotifications" classname="io.atomix.core.tree.impl.PrimaryBackupDocumentTreeTest" time="0.85"/>
  <testcase name="testRecursiveCreate" classname="io.atomix.core.tree.impl.PrimaryBackupDocumentTreeTest" time="0.712"/>
  <testcase name="testReplaceVersion" classname="io.atomix.core.tree.impl.PrimaryBackupDocumentTreeTest" time="0.765"/>
  <testcase name="testQueries" classname="io.atomix.core.tree.impl.PrimaryBackupDocumentTreeTest" time="1.019"/>
  <testcase name="testCreateFailures" classname="io.atomix.core.tree.impl.PrimaryBackupDocumentTreeTest" time="0.719"/>
  <testcase name="testCreate" classname="io.atomix.core.tree.impl.PrimaryBackupDocumentTreeTest" time="0.804"/>
  <testcase name="testFilteredNotifications" classname="io.atomix.core.tree.impl.PrimaryBackupDocumentTreeTest" time="1.519">
    <failure message="expected:&lt;root|a&gt; but was:&lt;root|a|b|c&gt;" type="java.lang.AssertionError"><![CDATA[java.lang.AssertionError: expected:<root|a> but was:<root|a|b|c>
	at org.junit.Assert.fail(Assert.java:88)
	at org.junit.Assert.failNotEquals(Assert.java:834)
	at org.junit.Assert.assertEquals(Assert.java:118)
	at org.junit.Assert.assertEquals(Assert.java:144)
	at io.atomix.core.tree.impl.DocumentTreeTest.testFilteredNotifications(DocumentTreeTest.java:353)
	at sun.reflect.NativeMethodAccessorImpl.invoke0(Native Method)
	at sun.reflect.NativeMethodAccessorImpl.invoke(NativeMethodAccessorImpl.java:62)
	at sun.reflect.DelegatingMethodAccessorImpl.invoke(DelegatingMethodAccessorImpl.java:43)
	at java.lang.reflect.Method.invoke(Method.java:498)
	at org.junit.runners.model.FrameworkMethod$1.runReflectiveCall(FrameworkMethod.java:50)
	at org.junit.internal.runners.model.ReflectiveCallable.run(ReflectiveCallable.java:12)
	at org.junit.runners.model.FrameworkMethod.invokeExplosively(FrameworkMethod.java:47)
	at org.junit.internal.runners.statements.InvokeMethod.evaluate(InvokeMethod.java:17)
	at org.junit.internal.runners.statements.FailOnTimeout$CallableStatement.call(FailOnTimeout.java:298)
	at org.junit.internal.runners.statements.FailOnTimeout$CallableStatement.call(FailOnTimeout.java:292)
	at java.util.concurrent.FutureTask.run(FutureTask.java:266)
	at java.lang.Thread.run(Thread.java:745)
]]></failure>
    <system-out>04:56:21.876 [raft-server-raft-partition-3] TRACE i.a.p.raft.roles.LeaderAppender - RaftServer{raft-partition-3} - Sending AppendRequest{term=1, leader=1, prevLogIndex=1, prevLogTerm=1, entries=0, commitIndex=1} to 3
04:56:21.876 [raft-server-raft-partition-3] TRACE i.a.p.raft.roles.LeaderAppender - RaftServer{raft-partition-3} - Sending AppendRequest{term=1, leader=1, prevLogIndex=1, prevLogTerm=1, entries=0, commitIndex=1} to 2
04:56:21.876 [raft-server-raft-partition-3] TRACE i.a.p.raft.roles.FollowerRole - RaftServer{raft-partition-3}{role=FOLLOWER} - Received AppendRequest{term=1, leader=1, prevLogIndex=1, prevLogTerm=1, entries=0, commitIndex=1}
04:56:21.876 [raft-server-raft-partition-3] TRACE i.a.p.raft.roles.FollowerRole - RaftServer{raft-partition-3}{role=FOLLOWER} - Received AppendRequest{term=1, leader=1, prevLogIndex=1, prevLogTerm=1, entries=0, commitIndex=1}
04:56:21.876 [raft-server-raft-partition-3] TRACE i.a.p.raft.roles.FollowerRole - RaftServer{raft-partition-3}{role=FOLLOWER} - Sending AppendResponse{status=OK, term=1, succeeded=true, lastLogIndex=1}
04:56:21.876 [raft-server-raft-partition-3] TRACE i.a.p.raft.roles.FollowerRole - RaftServer{raft-partition-3}{role=FOLLOWER} - Sending AppendResponse{status=OK, term=1, succeeded=true, lastLogIndex=1}
04:56:21.877 [raft-server-raft-partition-3] TRACE i.a.p.raft.roles.LeaderAppender - RaftServer{raft-partition-3} - Received AppendResponse{status=OK, term=1, succeeded=true, lastLogIndex=1} from 3
04:56:21.877 [raft-server-raft-partition-3] TRACE i.a.p.raft.roles.LeaderAppender - RaftServer{raft-partition-3} - Sending AppendRequest{term=1, leader=1, prevLogIndex=1, prevLogTerm=1, entries=0, commitIndex=1} to 3
04:56:21.877 [raft-server-raft-partition-3] TRACE i.a.p.raft.roles.LeaderAppender - RaftServer{raft-partition-3} - Received AppendResponse{status=OK, term=1, succeeded=true, lastLogIndex=1} from 2
04:56:21.877 [raft-server-raft-partition-3] TRACE i.a.p.raft.roles.LeaderAppender - RaftServer{raft-partition-3} - Sending AppendRequest{term=1, leader=1, prevLogIndex=1, prevLogTerm=1, entries=0, commitIndex=1} to 2
04:56:21.877 [raft-server-raft-partition-3] TRACE i.a.p.raft.roles.FollowerRole - RaftServer{raft-partition-3}{role=FOLLOWER} - Received AppendRequest{term=1, leader=1, prevLogIndex=1, prevLogTerm=1, entries=0, commitIndex=1}
04:56:21.877 [raft-server-raft-partition-3] TRACE i.a.p.raft.roles.FollowerRole - RaftServer{raft-partition-3}{role=FOLLOWER} - Sending AppendResponse{status=OK, term=1, succeeded=true, lastLogIndex=1}
04:56:21.877 [raft-server-raft-partition-3] TRACE i.a.p.raft.roles.FollowerRole - RaftServer{raft-partition-3}{role=FOLLOWER} - Received AppendRequest{term=1, leader=1, prevLogIndex=1, prevLogTerm=1, entries=0, commitIndex=1}
04:56:21.877 [raft-server-raft-partition-3] TRACE i.a.p.raft.roles.LeaderAppender - RaftServer{raft-partition-3} - Received AppendResponse{status=OK, term=1, succeeded=true, lastLogIndex=1} from 3
04:56:21.877 [raft-server-raft-partition-3] TRACE i.a.p.raft.roles.FollowerRole - RaftServer{raft-partition-3}{role=FOLLOWER} - Sending AppendResponse{status=OK, term=1, succeeded=true, lastLogIndex=1}
04:56:21.877 [raft-server-raft-partition-3] TRACE i.a.p.raft.roles.LeaderAppender - RaftServer{raft-partition-3} - Received AppendResponse{status=OK, term=1, succeeded=true, lastLogIndex=1} from 2
04:56:21.883 [raft-server-system-partition-1] TRACE i.a.p.raft.roles.LeaderAppender - RaftServer{system-partition-1} - Received AppendResponse{status=OK, term=1, succeeded=true, lastLogIndex=133} from 2
04:56:21.883 [raft-server-system-partition-1-state] TRACE i.a.p.raft.impl.RaftServiceManager - RaftServer{system-partition-1} - Applying Indexed{index=133, entry=CloseSessionEntry{term=1, timestamp=2018-06-09 04:56:21,856, session=128, expired=false}}
04:56:21.883 [raft-server-system-partition-1-state] DEBUG i.a.p.r.service.RaftServiceContext - PrimitiveService{35}{type=ConsistentMapType{name=consistent-map}, name=primitives} - Closing session 128
04:56:21.883 [raft-server-system-partition-1-state] DEBUG i.a.p.raft.session.RaftSession - Session{128}{type=ConsistentMapType{name=consistent-map}, name=primitives} - State changed: CLOSED
04:56:21.884 [raft-server-system-partition-1-state] TRACE i.a.protocols.raft.roles.LeaderRole - RaftServer{system-partition-1}{role=LEADER} - Sending CloseSessionResponse{status=OK}
04:56:21.884 [raft-server-system-partition-1] TRACE i.a.p.raft.roles.FollowerRole - RaftServer{system-partition-1}{role=FOLLOWER} - Sending CloseSessionResponse{status=OK}
04:56:21.889 [atomix-data-10] TRACE i.a.p.backup.roles.PrimaryRole - PrimaryRole{data-partition-5}{role=PRIMARY} - Sending BackupRequest{primary=1, term=2, index=4, primitive=PrimitiveDescriptor{name=578de6e2-6341-4088-9f06-899bcc29f8d0, type=document-tree, backups=2, replication=ASYNCHRONOUS}, operations=[ExecuteOperation{index=1, timestamp=1528512981839, session=9, node=10, operation=PrimitiveOperation{id=DefaultOperationId{id=create, type=COMMAND}, value=byte[]{length=26, hash=1478597054}}}, ExecuteOperation{index=2, timestamp=1528512981843, session=9, node=10, operation=PrimitiveOperation{id=DefaultOperationId{id=create, type=COMMAND}, value=byte[]{length=30, hash=-1480653407}}}, ExecuteOperation{index=3, timestamp=1528512981845, session=9, node=10, operation=PrimitiveOperation{id=DefaultOperationId{id=create, type=COMMAND}, value=byte[]{length=30, hash=262156929}}}, ExecuteOperation{index=4, timestamp=1528512981851, session=9, node=10, operation=PrimitiveOperation{id=DefaultOperationId{id=create, type=COMMAND}, value=byte[]{length=23, hash=1083823129}}}]} to 2
04:56:21.902 [raft-client-system-partition-1-7] TRACE i.a.p.r.p.impl.RaftProxyConnection - SessionClient{14}{type=PrimaryElectorType{name=PRIMARY_ELECTOR}, name=atomix-primary-elector} - Sending QueryRequest{session=14, sequence=7, operation=PrimitiveOperation{id=DefaultOperationId{id=GET_TERM, type=QUERY}, value=byte[]{length=13, hash=1675292557}}, index=119} to 3
04:56:21.903 [raft-server-system-partition-1] TRACE i.a.protocols.raft.roles.LeaderRole - RaftServer{system-partition-1}{role=LEADER} - Received QueryRequest{session=14, sequence=7, operation=PrimitiveOperation{id=DefaultOperationId{id=GET_TERM, type=QUERY}, value=byte[]{length=13, hash=1675292557}}, index=119}
04:56:21.903 [raft-server-system-partition-1-state] TRACE i.a.p.raft.impl.RaftServiceManager - RaftServer{system-partition-1} - Applying Indexed{index=119, entry=QueryEntry{term=1, timestamp=2018-06-09 04:56:21,903, session=14, sequence=7, operation=PrimitiveOperation{id=DefaultOperationId{id=GET_TERM, type=QUERY}, value=byte[]{length=13, hash=1675292557}}}}
04:56:21.903 [raft-server-system-partition-1-state] TRACE i.a.protocols.raft.roles.LeaderRole - RaftServer{system-partition-1}{role=LEADER} - Sending QueryResponse{status=OK, index=129, eventIndex=33, result=byte[]{length=39, hash=1474247511}}
04:56:21.903 [raft-client-system-partition-1-0] TRACE i.a.p.r.p.impl.RaftProxyConnection - SessionClient{14}{type=PrimaryElectorType{name=PRIMARY_ELECTOR}, name=atomix-primary-elector} - Received QueryResponse{status=OK, index=129, eventIndex=33, result=byte[]{length=39, hash=1474247511}} from 3
04:56:21.903 [raft-client-system-partition-1-0] TRACE i.a.p.r.p.impl.RaftProxySequencer - SessionClient{14}{type=PrimaryElectorType{name=PRIMARY_ELECTOR}, name=atomix-primary-elector} - Completing response QueryResponse{status=OK, index=129, eventIndex=33, result=byte[]{length=39, hash=1474247511}}
04:56:21.903 [raft-client-system-partition-1-0] DEBUG i.a.p.b.s.i.PrimaryBackupServiceContext - PrimitiveService{data-partition-5}{type=document-tree, name=578de6e2-6341-4088-9f06-899bcc29f8d0} - Term changed: PrimaryTerm{term=2, primary=GroupMember{memberId=1, groupId=1}, candidates=[GroupMember{memberId=1, groupId=1}, GroupMember{memberId=2, groupId=2}]}
04:56:21.904 [raft-client-system-partition-1-0] DEBUG i.a.p.b.s.i.PrimaryBackupServiceContext - PrimitiveService{data-partition-5}{type=document-tree, name=578de6e2-6341-4088-9f06-899bcc29f8d0} - 2 transitioning to BACKUP
04:56:21.904 [atomix-data-15] TRACE i.a.p.backup.roles.BackupRole - BackupRole{data-partition-5}{role=BACKUP} - Received BackupRequest{primary=1, term=2, index=4, primitive=PrimitiveDescriptor{name=578de6e2-6341-4088-9f06-899bcc29f8d0, type=document-tree, backups=2, replication=ASYNCHRONOUS}, operations=[ExecuteOperation{index=1, timestamp=1528512981839, session=9, node=10, operation=PrimitiveOperation{id=DefaultOperationId{id=create, type=COMMAND}, value=byte[]{length=26, hash=1478597054}}}, ExecuteOperation{index=2, timestamp=1528512981843, session=9, node=10, operation=PrimitiveOperation{id=DefaultOperationId{id=create, type=COMMAND}, value=byte[]{length=30, hash=-1480653407}}}, ExecuteOperation{index=3, timestamp=1528512981845, session=9, node=10, operation=PrimitiveOperation{id=DefaultOperationId{id=create, type=COMMAND}, value=byte[]{length=30, hash=262156929}}}, ExecuteOperation{index=4, timestamp=1528512981851, session=9, node=10, operation=PrimitiveOperation{id=DefaultOperationId{id=create, type=COMMAND}, value=byte[]{length=23, hash=1083823129}}}]}
04:56:21.904 [atomix-data-15] TRACE i.a.p.backup.roles.BackupRole - BackupRole{data-partition-5}{role=BACKUP} - Sending BackupResponse{status=OK}
04:56:21.940 [atomix-data-10] TRACE i.a.p.backup.roles.PrimaryRole - PrimaryRole{data-partition-4}{role=PRIMARY} - Sending BackupRequest{primary=3, term=1, index=4, primitive=PrimitiveDescriptor{name=62c03df9-5d5d-4ddc-92c9-a8a069509deb, type=document-tree, backups=2, replication=ASYNCHRONOUS}, operations=[HeartbeatOperation{index=9, timestamp=1528512981940}]} to 2
04:56:21.941 [atomix-data-10] TRACE i.a.p.backup.roles.PrimaryRole - PrimaryRole{data-partition-4}{role=PRIMARY} - Sending BackupRequest{primary=3, term=1, index=4, primitive=PrimitiveDescriptor{name=62c03df9-5d5d-4ddc-92c9-a8a069509deb, type=document-tree, backups=2, replication=ASYNCHRONOUS}, operations=[HeartbeatOperation{index=9, timestamp=1528512981940}]} to 1
04:56:21.941 [atomix-data-12] TRACE i.a.p.backup.roles.BackupRole - BackupRole{data-partition-4}{role=BACKUP} - Received BackupRequest{primary=3, term=1, index=4, primitive=PrimitiveDescriptor{name=62c03df9-5d5d-4ddc-92c9-a8a069509deb, type=document-tree, backups=2, replication=ASYNCHRONOUS}, operations=[HeartbeatOperation{index=9, timestamp=1528512981940}]}
04:56:21.941 [atomix-data-12] TRACE i.a.p.backup.roles.BackupRole - BackupRole{data-partition-4}{role=BACKUP} - Sending BackupResponse{status=OK}
04:56:21.941 [atomix-data-14] TRACE i.a.p.backup.roles.BackupRole - BackupRole{data-partition-4}{role=BACKUP} - Received BackupRequest{primary=3, term=1, index=4, primitive=PrimitiveDescriptor{name=62c03df9-5d5d-4ddc-92c9-a8a069509deb, type=document-tree, backups=2, replication=ASYNCHRONOUS}, operations=[HeartbeatOperation{index=9, timestamp=1528512981940}]}
04:56:21.941 [atomix-data-14] TRACE i.a.p.backup.roles.BackupRole - BackupRole{data-partition-4}{role=BACKUP} - Sending BackupResponse{status=OK}
04:56:21.951 [raft-server-raft-partition-2] TRACE i.a.p.raft.roles.LeaderAppender - RaftServer{raft-partition-2} - Sending AppendRequest{term=1, leader=3, prevLogIndex=1, prevLogTerm=1, entries=0, commitIndex=1} to 1
04:56:21.951 [raft-server-raft-partition-2] TRACE i.a.p.raft.roles.LeaderAppender - RaftServer{raft-partition-2} - Sending AppendRequest{term=1, leader=3, prevLogIndex=1, prevLogTerm=1, entries=0, commitIndex=1} to 2
04:56:21.951 [raft-server-raft-partition-2] TRACE i.a.p.raft.roles.FollowerRole - RaftServer{raft-partition-2}{role=FOLLOWER} - Received AppendRequest{term=1, leader=3, prevLogIndex=1, prevLogTerm=1, entries=0, commitIndex=1}
04:56:21.951 [raft-server-raft-partition-2] TRACE i.a.p.raft.roles.FollowerRole - RaftServer{raft-partition-2}{role=FOLLOWER} - Received AppendRequest{term=1, leader=3, prevLogIndex=1, prevLogTerm=1, entries=0, commitIndex=1}
04:56:21.952 [raft-server-raft-partition-2] TRACE i.a.p.raft.roles.FollowerRole - RaftServer{raft-partition-2}{role=FOLLOWER} - Sending AppendResponse{status=OK, term=1, succeeded=true, lastLogIndex=1}
04:56:21.952 [raft-server-raft-partition-2] TRACE i.a.p.raft.roles.FollowerRole - RaftServer{raft-partition-2}{role=FOLLOWER} - Sending AppendResponse{status=OK, term=1, succeeded=true, lastLogIndex=1}
04:56:21.952 [raft-server-raft-partition-2] TRACE i.a.p.raft.roles.LeaderAppender - RaftServer{raft-partition-2} - Received AppendResponse{status=OK, term=1, succeeded=true, lastLogIndex=1} from 1
04:56:21.952 [raft-server-raft-partition-2] TRACE i.a.p.raft.roles.LeaderAppender - RaftServer{raft-partition-2} - Sending AppendRequest{term=1, leader=3, prevLogIndex=1, prevLogTerm=1, entries=0, commitIndex=1} to 1
04:56:21.952 [raft-server-raft-partition-2] TRACE i.a.p.raft.roles.LeaderAppender - RaftServer{raft-partition-2} - Received AppendResponse{status=OK, term=1, succeeded=true, lastLogIndex=1} from 2
04:56:21.952 [raft-server-raft-partition-2] TRACE i.a.p.raft.roles.LeaderAppender - RaftServer{raft-partition-2} - Sending AppendRequest{term=1, leader=3, prevLogIndex=1, prevLogTerm=1, entries=0, commitIndex=1} to 2
04:56:21.952 [raft-server-raft-partition-2] TRACE i.a.p.raft.roles.FollowerRole - RaftServer{raft-partition-2}{role=FOLLOWER} - Received AppendRequest{term=1, leader=3, prevLogIndex=1, prevLogTerm=1, entries=0, commitIndex=1}
04:56:21.952 [raft-server-raft-partition-2] TRACE i.a.p.raft.roles.FollowerRole - RaftServer{raft-partition-2}{role=FOLLOWER} - Received AppendRequest{term=1, leader=3, prevLogIndex=1, prevLogTerm=1, entries=0, commitIndex=1}
04:56:21.952 [raft-server-raft-partition-2] TRACE i.a.p.raft.roles.FollowerRole - RaftServer{raft-partition-2}{role=FOLLOWER} - Sending AppendResponse{status=OK, term=1, succeeded=true, lastLogIndex=1}
04:56:21.952 [raft-server-raft-partition-2] TRACE i.a.p.raft.roles.FollowerRole - RaftServer{raft-partition-2}{role=FOLLOWER} - Sending AppendResponse{status=OK, term=1, succeeded=true, lastLogIndex=1}
04:56:21.953 [raft-server-raft-partition-2] TRACE i.a.p.raft.roles.LeaderAppender - RaftServer{raft-partition-2} - Received AppendResponse{status=OK, term=1, succeeded=true, lastLogIndex=1} from 2
04:56:21.953 [raft-server-raft-partition-2] TRACE i.a.p.raft.roles.LeaderAppender - RaftServer{raft-partition-2} - Received AppendResponse{status=OK, term=1, succeeded=true, lastLogIndex=1} from 1
04:56:21.985 [raft-server-raft-partition-1] TRACE i.a.p.raft.roles.LeaderAppender - RaftServer{raft-partition-1} - Sending AppendRequest{term=1, leader=2, prevLogIndex=1, prevLogTerm=1, entries=0, commitIndex=1} to 3
04:56:21.985 [raft-server-raft-partition-1] TRACE i.a.p.raft.roles.LeaderAppender - RaftServer{raft-partition-1} - Sending AppendRequest{term=1, leader=2, prevLogIndex=1, prevLogTerm=1, entries=0, commitIndex=1} to 1
04:56:21.985 [raft-server-raft-partition-1] TRACE i.a.p.raft.roles.FollowerRole - RaftServer{raft-partition-1}{role=FOLLOWER} - Received AppendRequest{term=1, leader=2, prevLogIndex=1, prevLogTerm=1, entries=0, commitIndex=1}
04:56:21.985 [raft-server-raft-partition-1] TRACE i.a.p.raft.roles.FollowerRole - RaftServer{raft-partition-1}{role=FOLLOWER} - Received AppendRequest{term=1, leader=2, prevLogIndex=1, prevLogTerm=1, entries=0, commitIndex=1}
04:56:21.985 [raft-server-raft-partition-1] TRACE i.a.p.raft.roles.FollowerRole - RaftServer{raft-partition-1}{role=FOLLOWER} - Sending AppendResponse{status=OK, term=1, succeeded=true, lastLogIndex=1}
04:56:21.985 [raft-server-raft-partition-1] TRACE i.a.p.raft.roles.FollowerRole - RaftServer{raft-partition-1}{role=FOLLOWER} - Sending AppendResponse{status=OK, term=1, succeeded=true, lastLogIndex=1}
04:56:21.985 [raft-server-raft-partition-1] TRACE i.a.p.raft.roles.LeaderAppender - RaftServer{raft-partition-1} - Received AppendResponse{status=OK, term=1, succeeded=true, lastLogIndex=1} from 1
04:56:21.985 [raft-server-raft-partition-1] TRACE i.a.p.raft.roles.LeaderAppender - RaftServer{raft-partition-1} - Sending AppendRequest{term=1, leader=2, prevLogIndex=1, prevLogTerm=1, entries=0, commitIndex=1} to 1
04:56:21.985 [raft-server-raft-partition-1] TRACE i.a.p.raft.roles.LeaderAppender - RaftServer{raft-partition-1} - Received AppendResponse{status=OK, term=1, succeeded=true, lastLogIndex=1} from 3
04:56:21.985 [raft-server-raft-partition-1] TRACE i.a.p.raft.roles.LeaderAppender - RaftServer{raft-partition-1} - Sending AppendRequest{term=1, leader=2, prevLogIndex=1, prevLogTerm=1, entries=0, commitIndex=1} to 3
04:56:21.985 [raft-server-raft-partition-1] TRACE i.a.p.raft.roles.FollowerRole - RaftServer{raft-partition-1}{role=FOLLOWER} - Received AppendRequest{term=1, leader=2, prevLogIndex=1, prevLogTerm=1, entries=0, commitIndex=1}
04:56:21.985 [raft-server-raft-partition-1] TRACE i.a.p.raft.roles.FollowerRole - RaftServer{raft-partition-1}{role=FOLLOWER} - Sending AppendResponse{status=OK, term=1, succeeded=true, lastLogIndex=1}
04:56:21.985 [raft-server-raft-partition-1] TRACE i.a.p.raft.roles.FollowerRole - RaftServer{raft-partition-1}{role=FOLLOWER} - Received AppendRequest{term=1, leader=2, prevLogIndex=1, prevLogTerm=1, entries=0, commitIndex=1}
04:56:21.986 [raft-server-raft-partition-1] TRACE i.a.p.raft.roles.FollowerRole - RaftServer{raft-partition-1}{role=FOLLOWER} - Sending AppendResponse{status=OK, term=1, succeeded=true, lastLogIndex=1}
04:56:21.986 [raft-server-raft-partition-1] TRACE i.a.p.raft.roles.LeaderAppender - RaftServer{raft-partition-1} - Received AppendResponse{status=OK, term=1, succeeded=true, lastLogIndex=1} from 1
04:56:21.986 [raft-server-raft-partition-1] TRACE i.a.p.raft.roles.LeaderAppender - RaftServer{raft-partition-1} - Sending AppendRequest{term=1, leader=2, prevLogIndex=1, prevLogTerm=1, entries=0, commitIndex=1} to 1
04:56:21.986 [raft-server-raft-partition-1] TRACE i.a.p.raft.roles.LeaderAppender - RaftServer{raft-partition-1} - Received AppendResponse{status=OK, term=1, succeeded=true, lastLogIndex=1} from 3
04:56:21.986 [raft-server-raft-partition-1] TRACE i.a.p.raft.roles.LeaderAppender - RaftServer{raft-partition-1} - Sending AppendRequest{term=1, leader=2, prevLogIndex=1, prevLogTerm=1, entries=0, commitIndex=1} to 3
04:56:21.986 [raft-server-raft-partition-1] TRACE i.a.p.raft.roles.FollowerRole - RaftServer{raft-partition-1}{role=FOLLOWER} - Received AppendRequest{term=1, leader=2, prevLogIndex=1, prevLogTerm=1, entries=0, commitIndex=1}
04:56:21.986 [raft-server-raft-partition-1] TRACE i.a.p.raft.roles.FollowerRole - RaftServer{raft-partition-1}{role=FOLLOWER} - Sending AppendResponse{status=OK, term=1, succeeded=true, lastLogIndex=1}
04:56:21.986 [raft-server-raft-partition-1] TRACE i.a.p.raft.roles.FollowerRole - RaftServer{raft-partition-1}{role=FOLLOWER} - Received AppendRequest{term=1, leader=2, prevLogIndex=1, prevLogTerm=1, entries=0, commitIndex=1}
04:56:21.986 [raft-server-raft-partition-1] TRACE i.a.p.raft.roles.FollowerRole - RaftServer{raft-partition-1}{role=FOLLOWER} - Sending AppendResponse{status=OK, term=1, succeeded=true, lastLogIndex=1}
04:56:21.986 [raft-server-raft-partition-1] TRACE i.a.p.raft.roles.LeaderAppender - RaftServer{raft-partition-1} - Received AppendResponse{status=OK, term=1, succeeded=true, lastLogIndex=1} from 1
04:56:21.986 [raft-server-raft-partition-1] TRACE i.a.p.raft.roles.LeaderAppender - RaftServer{raft-partition-1} - Received AppendResponse{status=OK, term=1, succeeded=true, lastLogIndex=1} from 3
04:56:22.048 [atomix-data-5] TRACE i.a.p.backup.roles.PrimaryRole - PrimaryRole{data-partition-6}{role=PRIMARY} - Sending BackupRequest{primary=3, term=1, index=1, primitive=PrimitiveDescriptor{name=f16d45ee-6e42-4247-9492-0d1926e98d7c, type=document-tree, backups=2, replication=ASYNCHRONOUS}, operations=[HeartbeatOperation{index=2, timestamp=1528512982047}]} to 2
04:56:22.048 [atomix-data-5] TRACE i.a.p.backup.roles.PrimaryRole - PrimaryRole{data-partition-6}{role=PRIMARY} - Sending BackupRequest{primary=3, term=1, index=1, primitive=PrimitiveDescriptor{name=f16d45ee-6e42-4247-9492-0d1926e98d7c, type=document-tree, backups=2, replication=ASYNCHRONOUS}, operations=[HeartbeatOperation{index=2, timestamp=1528512982047}]} to 1
04:56:22.048 [atomix-data-6] TRACE i.a.p.backup.roles.BackupRole - BackupRole{data-partition-6}{role=BACKUP} - Received BackupRequest{primary=3, term=1, index=1, primitive=PrimitiveDescriptor{name=f16d45ee-6e42-4247-9492-0d1926e98d7c, type=document-tree, backups=2, replication=ASYNCHRONOUS}, operations=[HeartbeatOperation{index=2, timestamp=1528512982047}]}
04:56:22.048 [atomix-data-0] TRACE i.a.p.backup.roles.BackupRole - BackupRole{data-partition-6}{role=BACKUP} - Received BackupRequest{primary=3, term=1, index=1, primitive=PrimitiveDescriptor{name=f16d45ee-6e42-4247-9492-0d1926e98d7c, type=document-tree, backups=2, replication=ASYNCHRONOUS}, operations=[HeartbeatOperation{index=2, timestamp=1528512982047}]}
04:56:22.048 [atomix-data-6] TRACE i.a.p.backup.roles.BackupRole - BackupRole{data-partition-6}{role=BACKUP} - Sending BackupResponse{status=OK}
04:56:22.048 [atomix-data-0] TRACE i.a.p.backup.roles.BackupRole - BackupRole{data-partition-6}{role=BACKUP} - Sending BackupResponse{status=OK}
04:56:22.060 [raft-server-system-partition-1] TRACE i.a.p.raft.roles.LeaderAppender - RaftServer{system-partition-1} - Sending AppendRequest{term=1, leader=3, prevLogIndex=133, prevLogTerm=1, entries=0, commitIndex=133} to 1
04:56:22.060 [raft-server-system-partition-1] TRACE i.a.p.raft.roles.LeaderAppender - RaftServer{system-partition-1} - Sending AppendRequest{term=1, leader=3, prevLogIndex=133, prevLogTerm=1, entries=0, commitIndex=133} to 2
04:56:22.060 [raft-server-system-partition-1] TRACE i.a.p.raft.roles.FollowerRole - RaftServer{system-partition-1}{role=FOLLOWER} - Received AppendRequest{term=1, leader=3, prevLogIndex=133, prevLogTerm=1, entries=0, commitIndex=133}
04:56:22.060 [raft-server-system-partition-1] TRACE i.a.p.raft.roles.FollowerRole - RaftServer{system-partition-1}{role=FOLLOWER} - Received AppendRequest{term=1, leader=3, prevLogIndex=133, prevLogTerm=1, entries=0, commitIndex=133}
04:56:22.075 [raft-server-system-partition-1] TRACE i.a.p.raft.roles.FollowerRole - RaftServer{system-partition-1}{role=FOLLOWER} - Committed entries up to index 133
04:56:22.075 [raft-server-system-partition-1] TRACE i.a.p.raft.roles.FollowerRole - RaftServer{system-partition-1}{role=FOLLOWER} - Sending AppendResponse{status=OK, term=1, succeeded=true, lastLogIndex=133}
04:56:22.075 [raft-server-system-partition-1-state] TRACE i.a.p.raft.impl.RaftServiceManager - RaftServer{system-partition-1} - Applying Indexed{index=133, entry=CloseSessionEntry{term=1, timestamp=2018-06-09 04:56:21,856, session=128, expired=false}}
04:56:22.075 [raft-server-system-partition-1-state] DEBUG i.a.p.r.service.RaftServiceContext - PrimitiveService{35}{type=ConsistentMapType{name=consistent-map}, name=primitives} - Closing session 128
04:56:22.075 [raft-server-system-partition-1-state] DEBUG i.a.p.raft.session.RaftSession - Session{128}{type=ConsistentMapType{name=consistent-map}, name=primitives} - State changed: CLOSED
04:56:22.075 [raft-server-system-partition-1] TRACE i.a.p.raft.roles.LeaderAppender - RaftServer{system-partition-1} - Received AppendResponse{status=OK, term=1, succeeded=true, lastLogIndex=133} from 1
04:56:22.075 [raft-server-system-partition-1] TRACE i.a.p.raft.roles.LeaderAppender - RaftServer{system-partition-1} - Sending AppendRequest{term=1, leader=3, prevLogIndex=133, prevLogTerm=1, entries=0, commitIndex=133} to 1
04:56:22.075 [raft-server-system-partition-1] TRACE i.a.p.raft.roles.FollowerRole - RaftServer{system-partition-1}{role=FOLLOWER} - Received AppendRequest{term=1, leader=3, prevLogIndex=133, prevLogTerm=1, entries=0, commitIndex=133}
04:56:22.075 [raft-server-system-partition-1] TRACE i.a.p.raft.roles.FollowerRole - RaftServer{system-partition-1}{role=FOLLOWER} - Sending AppendResponse{status=OK, term=1, succeeded=true, lastLogIndex=133}
04:56:22.076 [raft-server-system-partition-1] TRACE i.a.p.raft.roles.LeaderAppender - RaftServer{system-partition-1} - Received AppendResponse{status=OK, term=1, succeeded=true, lastLogIndex=133} from 1
04:56:22.080 [Time-limited test] WARN  i.a.c.m.impl.NettyMessagingService - Disabling TLS for intra-cluster messaging; Could not load cluster key store: ../config/atomix.jks (No such file or directory)
04:56:22.082 [netty-messaging-event-epoll-server-0] INFO  i.a.c.m.impl.NettyMessagingService - localhost/127.0.0.1 accepting incoming connections on port 5010
04:56:22.082 [netty-messaging-event-epoll-server-0] INFO  i.a.c.m.impl.NettyMessagingService - Started
04:56:22.083 [atomix-cluster-0] INFO  i.a.c.i.DefaultClusterMembershipService - 10 - Member activated: StatefulMember{id=10, address=localhost:5010, metadata={}}
04:56:22.083 [atomix-cluster-0] INFO  i.a.c.i.DefaultClusterMembershipService - 10 - Member activated: StatefulMember{id=1, address=localhost:5001, metadata={}}
04:56:22.083 [atomix-cluster-0] INFO  i.a.c.i.DefaultClusterMembershipService - 10 - Member activated: StatefulMember{id=2, address=localhost:5002, metadata={}}
04:56:22.083 [atomix-cluster-0] INFO  i.a.c.i.DefaultClusterMembershipService - 10 - Member activated: StatefulMember{id=3, address=localhost:5003, metadata={}}
04:56:22.084 [netty-messaging-event-epoll-client-2] INFO  i.a.c.i.DefaultClusterMembershipService - Started
04:56:22.084 [atomix-cluster-0] INFO  i.a.c.m.i.DefaultClusterCommunicationService - Started
04:56:22.084 [atomix-cluster-0] INFO  i.a.c.m.i.DefaultClusterEventService - Started
04:56:22.091 [raft-server-system-partition-1] TRACE i.a.p.raft.roles.FollowerRole - RaftServer{system-partition-1}{role=FOLLOWER} - Committed entries up to index 133
04:56:22.091 [raft-server-system-partition-1] TRACE i.a.p.raft.roles.FollowerRole - RaftServer{system-partition-1}{role=FOLLOWER} - Sending AppendResponse{status=OK, term=1, succeeded=true, lastLogIndex=133}
04:56:22.091 [raft-server-system-partition-1-state] TRACE i.a.p.raft.impl.RaftServiceManager - RaftServer{system-partition-1} - Applying Indexed{index=133, entry=CloseSessionEntry{term=1, timestamp=2018-06-09 04:56:21,856, session=128, expired=false}}
04:56:22.092 [raft-server-system-partition-1-state] DEBUG i.a.p.r.service.RaftServiceContext - PrimitiveService{35}{type=ConsistentMapType{name=consistent-map}, name=primitives} - Closing session 128
04:56:22.092 [raft-server-system-partition-1] TRACE i.a.p.raft.roles.LeaderAppender - RaftServer{system-partition-1} - Received AppendResponse{status=OK, term=1, succeeded=true, lastLogIndex=133} from 2
04:56:22.092 [raft-server-system-partition-1-state] DEBUG i.a.p.raft.session.RaftSession - Session{128}{type=ConsistentMapType{name=consistent-map}, name=primitives} - State changed: CLOSED
04:56:22.092 [atomix-partition-group-membership-service-0] INFO  i.a.p.p.i.DefaultPartitionGroupMembershipService - Started
04:56:22.092 [atomix-partition-group-membership-service-0] INFO  i.a.p.p.i.HashBasedPrimaryElectionService - Started
04:56:22.092 [raft-client-system-partition-1-0] INFO  i.a.p.r.p.impl.RaftPartitionClient - Successfully started client for partition PartitionId{id=1, group=system}
04:56:22.093 [raft-client-system-partition-1-0] INFO  i.a.p.r.partition.RaftPartitionGroup - Started
04:56:22.093 [raft-client-system-partition-1-0] DEBUG i.a.p.r.proxy.impl.RaftProxyManager - RaftClient{system-partition-1} - Opening session; name: atomix-primary-elector, type: PrimaryElectorType{name=PRIMARY_ELECTOR}
04:56:22.094 [raft-client-system-partition-1-0] TRACE i.a.p.r.p.impl.RaftProxyConnection - RaftClient{system-partition-1} - Sending OpenSessionRequest{node=10, serviceName=atomix-primary-elector, serviceType=PRIMARY_ELECTOR, readConsistency=SEQUENTIAL, minTimeout=250, maxTimeout=30000} to 3
04:56:22.094 [raft-server-system-partition-1] TRACE i.a.protocols.raft.roles.LeaderRole - RaftServer{system-partition-1}{role=LEADER} - Received OpenSessionRequest{node=10, serviceName=atomix-primary-elector, serviceType=PRIMARY_ELECTOR, readConsistency=SEQUENTIAL, minTimeout=250, maxTimeout=30000}
04:56:22.095 [raft-server-system-partition-1] TRACE i.a.protocols.raft.roles.LeaderRole - RaftServer{system-partition-1}{role=LEADER} - Appended Indexed{index=134, entry=OpenSessionEntry{term=1, timestamp=2018-06-09 04:56:22,094, node=10, serviceName=atomix-primary-elector, serviceType=PRIMARY_ELECTOR, serviceConfig=byte[]{length=2, hash=2636}, readConsistency=SEQUENTIAL, minTimeout=250, maxTimeout=30000}}
04:56:22.095 [raft-server-system-partition-1] TRACE i.a.p.raft.roles.LeaderAppender - RaftServer{system-partition-1} - Sending AppendRequest{term=1, leader=3, prevLogIndex=133, prevLogTerm=1, entries=1, commitIndex=133} to 1
04:56:22.095 [raft-server-system-partition-1] TRACE i.a.p.raft.roles.LeaderAppender - RaftServer{system-partition-1} - Sending AppendRequest{term=1, leader=3, prevLogIndex=133, prevLogTerm=1, entries=1, commitIndex=133} to 2
04:56:22.095 [raft-server-system-partition-1] TRACE i.a.p.raft.roles.FollowerRole - RaftServer{system-partition-1}{role=FOLLOWER} - Received AppendRequest{term=1, leader=3, prevLogIndex=133, prevLogTerm=1, entries=1, commitIndex=133}
04:56:22.095 [raft-server-system-partition-1] TRACE i.a.p.raft.roles.FollowerRole - RaftServer{system-partition-1}{role=FOLLOWER} - Received AppendRequest{term=1, leader=3, prevLogIndex=133, prevLogTerm=1, entries=1, commitIndex=133}
04:56:22.095 [raft-server-system-partition-1] TRACE i.a.p.raft.roles.FollowerRole - RaftServer{system-partition-1}{role=FOLLOWER} - Appended Indexed{index=134, entry=OpenSessionEntry{term=1, timestamp=2018-06-09 04:56:22,094, node=10, serviceName=atomix-primary-elector, serviceType=PRIMARY_ELECTOR, serviceConfig=byte[]{length=2, hash=2636}, readConsistency=SEQUENTIAL, minTimeout=250, maxTimeout=30000}}
04:56:22.095 [raft-server-system-partition-1] TRACE i.a.p.raft.roles.FollowerRole - RaftServer{system-partition-1}{role=FOLLOWER} - Sending AppendResponse{status=OK, term=1, succeeded=true, lastLogIndex=134}
04:56:22.095 [raft-server-system-partition-1] TRACE i.a.p.raft.roles.FollowerRole - RaftServer{system-partition-1}{role=FOLLOWER} - Appended Indexed{index=134, entry=OpenSessionEntry{term=1, timestamp=2018-06-09 04:56:22,094, node=10, serviceName=atomix-primary-elector, serviceType=PRIMARY_ELECTOR, serviceConfig=byte[]{length=2, hash=2636}, readConsistency=SEQUENTIAL, minTimeout=250, maxTimeout=30000}}
04:56:22.095 [raft-server-system-partition-1] TRACE i.a.p.raft.roles.FollowerRole - RaftServer{system-partition-1}{role=FOLLOWER} - Sending AppendResponse{status=OK, term=1, succeeded=true, lastLogIndex=134}
04:56:22.095 [raft-server-system-partition-1] TRACE i.a.p.raft.roles.LeaderAppender - RaftServer{system-partition-1} - Received AppendResponse{status=OK, term=1, succeeded=true, lastLogIndex=134} from 1
04:56:22.095 [raft-server-system-partition-1] TRACE i.a.p.raft.roles.LeaderAppender - RaftServer{system-partition-1} - Committed entries up to 134
04:56:22.125 [raft-server-system-partition-1] TRACE i.a.p.raft.roles.LeaderAppender - RaftServer{system-partition-1} - Received AppendResponse{status=OK, term=1, succeeded=true, lastLogIndex=134} from 2
04:56:22.125 [raft-server-system-partition-1-state] TRACE i.a.p.raft.impl.RaftServiceManager - RaftServer{system-partition-1} - Applying Indexed{index=134, entry=OpenSessionEntry{term=1, timestamp=2018-06-09 04:56:22,094, node=10, serviceName=atomix-primary-elector, serviceType=PRIMARY_ELECTOR, serviceConfig=byte[]{length=2, hash=2636}, readConsistency=SEQUENTIAL, minTimeout=250, maxTimeout=30000}}
04:56:22.125 [raft-server-system-partition-1-state] DEBUG i.a.p.r.service.RaftServiceContext - PrimitiveService{2}{type=PrimaryElectorType{name=PRIMARY_ELECTOR}, name=atomix-primary-elector} - Opening session 134
04:56:22.125 [raft-server-system-partition-1-state] DEBUG i.a.p.raft.session.RaftSession - Session{134}{type=PrimaryElectorType{name=PRIMARY_ELECTOR}, name=atomix-primary-elector} - State changed: OPEN
04:56:22.125 [raft-server-system-partition-1-state] TRACE i.a.protocols.raft.roles.LeaderRole - RaftServer{system-partition-1}{role=LEADER} - Sending OpenSessionResponse{status=OK, session=134, timeout=30000}
04:56:22.126 [raft-client-system-partition-1-1] TRACE i.a.p.r.p.impl.RaftProxyConnection - RaftClient{system-partition-1} - Received OpenSessionResponse{status=OK, session=134, timeout=30000} from 3
04:56:22.126 [raft-server-raft-partition-3] TRACE i.a.p.raft.roles.LeaderAppender - RaftServer{raft-partition-3} - Sending AppendRequest{term=1, leader=1, prevLogIndex=1, prevLogTerm=1, entries=0, commitIndex=1} to 3
04:56:22.126 [raft-server-raft-partition-3] TRACE i.a.p.raft.roles.LeaderAppender - RaftServer{raft-partition-3} - Sending AppendRequest{term=1, leader=1, prevLogIndex=1, prevLogTerm=1, entries=0, commitIndex=1} to 2
04:56:22.126 [raft-client-system-partition-1-0] TRACE i.a.p.r.proxy.impl.RaftProxyManager - RaftClient{system-partition-1} - Keeping 1 sessions alive
04:56:22.126 [raft-server-raft-partition-3] TRACE i.a.p.raft.roles.FollowerRole - RaftServer{raft-partition-3}{role=FOLLOWER} - Received AppendRequest{term=1, leader=1, prevLogIndex=1, prevLogTerm=1, entries=0, commitIndex=1}
04:56:22.126 [raft-server-raft-partition-3] TRACE i.a.p.raft.roles.FollowerRole - RaftServer{raft-partition-3}{role=FOLLOWER} - Sending AppendResponse{status=OK, term=1, succeeded=true, lastLogIndex=1}
04:56:22.126 [raft-server-raft-partition-3] TRACE i.a.p.raft.roles.FollowerRole - RaftServer{raft-partition-3}{role=FOLLOWER} - Received AppendRequest{term=1, leader=1, prevLogIndex=1, prevLogTerm=1, entries=0, commitIndex=1}
04:56:22.126 [raft-server-raft-partition-3] TRACE i.a.p.raft.roles.FollowerRole - RaftServer{raft-partition-3}{role=FOLLOWER} - Sending AppendResponse{status=OK, term=1, succeeded=true, lastLogIndex=1}
04:56:22.126 [raft-server-raft-partition-3] TRACE i.a.p.raft.roles.LeaderAppender - RaftServer{raft-partition-3} - Received AppendResponse{status=OK, term=1, succeeded=true, lastLogIndex=1} from 3
04:56:22.126 [raft-server-raft-partition-3] TRACE i.a.p.raft.roles.LeaderAppender - RaftServer{raft-partition-3} - Sending AppendRequest{term=1, leader=1, prevLogIndex=1, prevLogTerm=1, entries=0, commitIndex=1} to 3
04:56:22.126 [raft-client-system-partition-1-2] TRACE i.a.p.r.p.impl.RaftProxyConnection - RaftClient{system-partition-1} - Sending KeepAliveRequest{sessionIds=long[]{length=1, hash=165}, commandSequences=long[]{length=1, hash=31}, eventIndexes=long[]{length=1, hash=165}} to 3
04:56:22.126 [raft-server-raft-partition-3] TRACE i.a.p.raft.roles.LeaderAppender - RaftServer{raft-partition-3} - Received AppendResponse{status=OK, term=1, succeeded=true, lastLogIndex=1} from 2
04:56:22.126 [raft-server-raft-partition-3] TRACE i.a.p.raft.roles.LeaderAppender - RaftServer{raft-partition-3} - Sending AppendRequest{term=1, leader=1, prevLogIndex=1, prevLogTerm=1, entries=0, commitIndex=1} to 2
04:56:22.127 [raft-server-raft-partition-3] TRACE i.a.p.raft.roles.FollowerRole - RaftServer{raft-partition-3}{role=FOLLOWER} - Received AppendRequest{term=1, leader=1, prevLogIndex=1, prevLogTerm=1, entries=0, commitIndex=1}
04:56:22.127 [raft-server-raft-partition-3] TRACE i.a.p.raft.roles.FollowerRole - RaftServer{raft-partition-3}{role=FOLLOWER} - Received AppendRequest{term=1, leader=1, prevLogIndex=1, prevLogTerm=1, entries=0, commitIndex=1}
04:56:22.127 [raft-server-raft-partition-3] TRACE i.a.p.raft.roles.FollowerRole - RaftServer{raft-partition-3}{role=FOLLOWER} - Sending AppendResponse{status=OK, term=1, succeeded=true, lastLogIndex=1}
04:56:22.127 [raft-server-raft-partition-3] TRACE i.a.p.raft.roles.FollowerRole - RaftServer{raft-partition-3}{role=FOLLOWER} - Sending AppendResponse{status=OK, term=1, succeeded=true, lastLogIndex=1}
04:56:22.127 [raft-client-system-partition-1-1] DEBUG i.a.p.r.proxy.impl.RaftProxyManager - RaftClient{system-partition-1} - Opening session; name: session-id, type: SessionIdGeneratorType{name=SESSION_ID_GENERATOR}
04:56:22.127 [raft-server-raft-partition-3] TRACE i.a.p.raft.roles.LeaderAppender - RaftServer{raft-partition-3} - Received AppendResponse{status=OK, term=1, succeeded=true, lastLogIndex=1} from 2
04:56:22.127 [raft-server-raft-partition-3] TRACE i.a.p.raft.roles.LeaderAppender - RaftServer{raft-partition-3} - Sending AppendRequest{term=1, leader=1, prevLogIndex=1, prevLogTerm=1, entries=0, commitIndex=1} to 2
04:56:22.127 [raft-server-raft-partition-3] TRACE i.a.p.raft.roles.LeaderAppender - RaftServer{raft-partition-3} - Received AppendResponse{status=OK, term=1, succeeded=true, lastLogIndex=1} from 3
04:56:22.127 [raft-server-raft-partition-3] TRACE i.a.p.raft.roles.LeaderAppender - RaftServer{raft-partition-3} - Sending AppendRequest{term=1, leader=1, prevLogIndex=1, prevLogTerm=1, entries=0, commitIndex=1} to 3
04:56:22.127 [raft-server-raft-partition-3] TRACE i.a.p.raft.roles.FollowerRole - RaftServer{raft-partition-3}{role=FOLLOWER} - Received AppendRequest{term=1, leader=1, prevLogIndex=1, prevLogTerm=1, entries=0, commitIndex=1}
04:56:22.127 [raft-server-system-partition-1] TRACE i.a.protocols.raft.roles.LeaderRole - RaftServer{system-partition-1}{role=LEADER} - Received KeepAliveRequest{sessionIds=long[]{length=1, hash=165}, commandSequences=long[]{length=1, hash=31}, eventIndexes=long[]{length=1, hash=165}}
04:56:22.127 [raft-server-raft-partition-3] TRACE i.a.p.raft.roles.FollowerRole - RaftServer{raft-partition-3}{role=FOLLOWER} - Received AppendRequest{term=1, leader=1, prevLogIndex=1, prevLogTerm=1, entries=0, commitIndex=1}
04:56:22.127 [raft-server-raft-partition-3] TRACE i.a.p.raft.roles.FollowerRole - RaftServer{raft-partition-3}{role=FOLLOWER} - Sending AppendResponse{status=OK, term=1, succeeded=true, lastLogIndex=1}
04:56:22.127 [raft-server-raft-partition-3] TRACE i.a.p.raft.roles.FollowerRole - RaftServer{raft-partition-3}{role=FOLLOWER} - Sending AppendResponse{status=OK, term=1, succeeded=true, lastLogIndex=1}
04:56:22.127 [raft-server-system-partition-1] TRACE i.a.protocols.raft.roles.LeaderRole - RaftServer{system-partition-1}{role=LEADER} - Appended Indexed{index=135, entry=KeepAliveEntry{term=1, timestamp=2018-06-09 04:56:22,127, sessionIds=long[]{length=1, hash=165}, commandSequences=long[]{length=1, hash=31}, eventIndexes=long[]{length=1, hash=165}}}
04:56:22.128 [raft-server-raft-partition-3] TRACE i.a.p.raft.roles.LeaderAppender - RaftServer{raft-partition-3} - Received AppendResponse{status=OK, term=1, succeeded=true, lastLogIndex=1} from 2
04:56:22.128 [raft-server-system-partition-1] TRACE i.a.p.raft.roles.LeaderAppender - RaftServer{system-partition-1} - Sending AppendRequest{term=1, leader=3, prevLogIndex=134, prevLogTerm=1, entries=1, commitIndex=134} to 1
04:56:22.128 [raft-server-raft-partition-3] TRACE i.a.p.raft.roles.LeaderAppender - RaftServer{raft-partition-3} - Received AppendResponse{status=OK, term=1, succeeded=true, lastLogIndex=1} from 3
04:56:22.128 [raft-server-system-partition-1] TRACE i.a.p.raft.roles.LeaderAppender - RaftServer{system-partition-1} - Sending AppendRequest{term=1, leader=3, prevLogIndex=134, prevLogTerm=1, entries=1, commitIndex=134} to 2
04:56:22.128 [raft-server-system-partition-1] TRACE i.a.p.raft.roles.FollowerRole - RaftServer{system-partition-1}{role=FOLLOWER} - Received AppendRequest{term=1, leader=3, prevLogIndex=134, prevLogTerm=1, entries=1, commitIndex=134}
04:56:22.128 [raft-client-system-partition-1-4] TRACE i.a.p.r.p.impl.RaftProxyConnection - RaftClient{system-partition-1} - Sending OpenSessionRequest{node=10, serviceName=session-id, serviceType=SESSION_ID_GENERATOR, readConsistency=SEQUENTIAL, minTimeout=250, maxTimeout=30000} to 3
04:56:22.128 [raft-server-system-partition-1] TRACE i.a.p.raft.roles.FollowerRole - RaftServer{system-partition-1}{role=FOLLOWER} - Received AppendRequest{term=1, leader=3, prevLogIndex=134, prevLogTerm=1, entries=1, commitIndex=134}
04:56:22.128 [raft-server-system-partition-1] TRACE i.a.p.raft.roles.FollowerRole - RaftServer{system-partition-1}{role=FOLLOWER} - Appended Indexed{index=135, entry=KeepAliveEntry{term=1, timestamp=2018-06-09 04:56:22,127, sessionIds=long[]{length=1, hash=165}, commandSequences=long[]{length=1, hash=31}, eventIndexes=long[]{length=1, hash=165}}}
04:56:22.128 [raft-server-system-partition-1] TRACE i.a.p.raft.roles.FollowerRole - RaftServer{system-partition-1}{role=FOLLOWER} - Appended Indexed{index=135, entry=KeepAliveEntry{term=1, timestamp=2018-06-09 04:56:22,127, sessionIds=long[]{length=1, hash=165}, commandSequences=long[]{length=1, hash=31}, eventIndexes=long[]{length=1, hash=165}}}
04:56:22.128 [raft-server-system-partition-1] TRACE i.a.protocols.raft.roles.LeaderRole - RaftServer{system-partition-1}{role=LEADER} - Received OpenSessionRequest{node=10, serviceName=session-id, serviceType=SESSION_ID_GENERATOR, readConsistency=SEQUENTIAL, minTimeout=250, maxTimeout=30000}
04:56:22.129 [raft-server-system-partition-1] TRACE i.a.protocols.raft.roles.LeaderRole - RaftServer{system-partition-1}{role=LEADER} - Appended Indexed{index=136, entry=OpenSessionEntry{term=1, timestamp=2018-06-09 04:56:22,128, node=10, serviceName=session-id, serviceType=SESSION_ID_GENERATOR, serviceConfig=byte[]{length=2, hash=2636}, readConsistency=SEQUENTIAL, minTimeout=250, maxTimeout=30000}}
04:56:22.158 [raft-server-system-partition-1] TRACE i.a.p.raft.roles.FollowerRole - RaftServer{system-partition-1}{role=FOLLOWER} - Committed entries up to index 134
04:56:22.158 [raft-server-system-partition-1] TRACE i.a.p.raft.roles.FollowerRole - RaftServer{system-partition-1}{role=FOLLOWER} - Sending AppendResponse{status=OK, term=1, succeeded=true, lastLogIndex=135}
04:56:22.158 [raft-server-system-partition-1-state] TRACE i.a.p.raft.impl.RaftServiceManager - RaftServer{system-partition-1} - Applying Indexed{index=134, entry=OpenSessionEntry{term=1, timestamp=2018-06-09 04:56:22,094, node=10, serviceName=atomix-primary-elector, serviceType=PRIMARY_ELECTOR, serviceConfig=byte[]{length=2, hash=2636}, readConsistency=SEQUENTIAL, minTimeout=250, maxTimeout=30000}}
04:56:22.158 [raft-server-system-partition-1-state] DEBUG i.a.p.r.service.RaftServiceContext - PrimitiveService{2}{type=PrimaryElectorType{name=PRIMARY_ELECTOR}, name=atomix-primary-elector} - Opening session 134
04:56:22.158 [raft-server-system-partition-1] TRACE i.a.p.raft.roles.LeaderAppender - RaftServer{system-partition-1} - Received AppendResponse{status=OK, term=1, succeeded=true, lastLogIndex=135} from 1
04:56:22.158 [raft-server-system-partition-1-state] DEBUG i.a.p.raft.session.RaftSession - Session{134}{type=PrimaryElectorType{name=PRIMARY_ELECTOR}, name=atomix-primary-elector} - State changed: OPEN
04:56:22.158 [raft-server-system-partition-1] TRACE i.a.p.raft.roles.LeaderAppender - RaftServer{system-partition-1} - Committed entries up to 135
04:56:22.180 [raft-server-system-partition-1] TRACE i.a.p.raft.roles.FollowerRole - RaftServer{system-partition-1}{role=FOLLOWER} - Committed entries up to index 134
04:56:22.180 [raft-server-system-partition-1] TRACE i.a.p.raft.roles.FollowerRole - RaftServer{system-partition-1}{role=FOLLOWER} - Sending AppendResponse{status=OK, term=1, succeeded=true, lastLogIndex=135}
04:56:22.180 [raft-server-system-partition-1-state] TRACE i.a.p.raft.impl.RaftServiceManager - RaftServer{system-partition-1} - Applying Indexed{index=134, entry=OpenSessionEntry{term=1, timestamp=2018-06-09 04:56:22,094, node=10, serviceName=atomix-primary-elector, serviceType=PRIMARY_ELECTOR, serviceConfig=byte[]{length=2, hash=2636}, readConsistency=SEQUENTIAL, minTimeout=250, maxTimeout=30000}}
04:56:22.180 [raft-server-system-partition-1-state] DEBUG i.a.p.r.service.RaftServiceContext - PrimitiveService{2}{type=PrimaryElectorType{name=PRIMARY_ELECTOR}, name=atomix-primary-elector} - Opening session 134
04:56:22.180 [raft-server-system-partition-1-state] DEBUG i.a.p.raft.session.RaftSession - Session{134}{type=PrimaryElectorType{name=PRIMARY_ELECTOR}, name=atomix-primary-elector} - State changed: OPEN
04:56:22.191 [raft-server-system-partition-1] TRACE i.a.p.raft.roles.LeaderAppender - RaftServer{system-partition-1} - Sending AppendRequest{term=1, leader=3, prevLogIndex=135, prevLogTerm=1, entries=1, commitIndex=135} to 1
04:56:22.191 [raft-server-system-partition-1] TRACE i.a.p.raft.roles.LeaderAppender - RaftServer{system-partition-1} - Received AppendResponse{status=OK, term=1, succeeded=true, lastLogIndex=135} from 2
04:56:22.192 [raft-server-system-partition-1] TRACE i.a.p.raft.roles.LeaderAppender - RaftServer{system-partition-1} - Sending AppendRequest{term=1, leader=3, prevLogIndex=135, prevLogTerm=1, entries=1, commitIndex=135} to 2
04:56:22.192 [raft-server-system-partition-1-state] TRACE i.a.p.raft.impl.RaftServiceManager - RaftServer{system-partition-1} - Applying Indexed{index=135, entry=KeepAliveEntry{term=1, timestamp=2018-06-09 04:56:22,127, sessionIds=long[]{length=1, hash=165}, commandSequences=long[]{length=1, hash=31}, eventIndexes=long[]{length=1, hash=165}}}
04:56:22.192 [raft-server-system-partition-1] TRACE i.a.p.raft.roles.FollowerRole - RaftServer{system-partition-1}{role=FOLLOWER} - Received AppendRequest{term=1, leader=3, prevLogIndex=135, prevLogTerm=1, entries=1, commitIndex=135}
04:56:22.192 [raft-server-system-partition-1] TRACE i.a.p.raft.roles.FollowerRole - RaftServer{system-partition-1}{role=FOLLOWER} - Received AppendRequest{term=1, leader=3, prevLogIndex=135, prevLogTerm=1, entries=1, commitIndex=135}
04:56:22.192 [raft-server-system-partition-1] TRACE i.a.protocols.raft.roles.LeaderRole - RaftServer{system-partition-1}{role=LEADER} - Sending KeepAliveResponse{status=OK, leader=3, members=[3, 1, 2], sessionIds=long[]{length=1, hash=165}}
04:56:22.192 [raft-server-system-partition-1] TRACE i.a.p.raft.roles.FollowerRole - RaftServer{system-partition-1}{role=FOLLOWER} - Appended Indexed{index=136, entry=OpenSessionEntry{term=1, timestamp=2018-06-09 04:56:22,128, node=10, serviceName=session-id, serviceType=SESSION_ID_GENERATOR, serviceConfig=byte[]{length=2, hash=2636}, readConsistency=SEQUENTIAL, minTimeout=250, maxTimeout=30000}}
04:56:22.192 [raft-server-system-partition-1] TRACE i.a.p.raft.roles.FollowerRole - RaftServer{system-partition-1}{role=FOLLOWER} - Appended Indexed{index=136, entry=OpenSessionEntry{term=1, timestamp=2018-06-09 04:56:22,128, node=10, serviceName=session-id, serviceType=SESSION_ID_GENERATOR, serviceConfig=byte[]{length=2, hash=2636}, readConsistency=SEQUENTIAL, minTimeout=250, maxTimeout=30000}}
04:56:22.192 [raft-client-system-partition-1-0] TRACE i.a.p.r.p.impl.RaftProxyConnection - RaftClient{system-partition-1} - Received KeepAliveResponse{status=OK, leader=3, members=[3, 1, 2], sessionIds=long[]{length=1, hash=165}} from 3
04:56:22.201 [raft-server-raft-partition-2] TRACE i.a.p.raft.roles.LeaderAppender - RaftServer{raft-partition-2} - Sending AppendRequest{term=1, leader=3, prevLogIndex=1, prevLogTerm=1, entries=0, commitIndex=1} to 1
04:56:22.201 [raft-server-raft-partition-2] TRACE i.a.p.raft.roles.LeaderAppender - RaftServer{raft-partition-2} - Sending AppendRequest{term=1, leader=3, prevLogIndex=1, prevLogTerm=1, entries=0, commitIndex=1} to 2
04:56:22.202 [raft-server-raft-partition-2] TRACE i.a.p.raft.roles.FollowerRole - RaftServer{raft-partition-2}{role=FOLLOWER} - Received AppendRequest{term=1, leader=3, prevLogIndex=1, prevLogTerm=1, entries=0, commitIndex=1}
04:56:22.202 [raft-server-raft-partition-2] TRACE i.a.p.raft.roles.FollowerRole - RaftServer{raft-partition-2}{role=FOLLOWER} - Received AppendRequest{term=1, leader=3, prevLogIndex=1, prevLogTerm=1, entries=0, commitIndex=1}
04:56:22.202 [raft-server-raft-partition-2] TRACE i.a.p.raft.roles.FollowerRole - RaftServer{raft-partition-2}{role=FOLLOWER} - Sending AppendResponse{status=OK, term=1, succeeded=true, lastLogIndex=1}
04:56:22.202 [raft-server-raft-partition-2] TRACE i.a.p.raft.roles.FollowerRole - RaftServer{raft-partition-2}{role=FOLLOWER} - Sending AppendResponse{status=OK, term=1, succeeded=true, lastLogIndex=1}
04:56:22.202 [raft-server-raft-partition-2] TRACE i.a.p.raft.roles.LeaderAppender - RaftServer{raft-partition-2} - Received AppendResponse{status=OK, term=1, succeeded=true, lastLogIndex=1} from 1
04:56:22.202 [raft-server-raft-partition-2] TRACE i.a.p.raft.roles.LeaderAppender - RaftServer{raft-partition-2} - Sending AppendRequest{term=1, leader=3, prevLogIndex=1, prevLogTerm=1, entries=0, commitIndex=1} to 1
04:56:22.202 [raft-server-raft-partition-2] TRACE i.a.p.raft.roles.LeaderAppender - RaftServer{raft-partition-2} - Received AppendResponse{status=OK, term=1, succeeded=true, lastLogIndex=1} from 2
04:56:22.202 [raft-server-raft-partition-2] TRACE i.a.p.raft.roles.LeaderAppender - RaftServer{raft-partition-2} - Sending AppendRequest{term=1, leader=3, prevLogIndex=1, prevLogTerm=1, entries=0, commitIndex=1} to 2
04:56:22.202 [raft-server-raft-partition-2] TRACE i.a.p.raft.roles.FollowerRole - RaftServer{raft-partition-2}{role=FOLLOWER} - Received AppendRequest{term=1, leader=3, prevLogIndex=1, prevLogTerm=1, entries=0, commitIndex=1}
04:56:22.202 [raft-server-raft-partition-2] TRACE i.a.p.raft.roles.FollowerRole - RaftServer{raft-partition-2}{role=FOLLOWER} - Sending AppendResponse{status=OK, term=1, succeeded=true, lastLogIndex=1}
04:56:22.202 [raft-server-raft-partition-2] TRACE i.a.p.raft.roles.FollowerRole - RaftServer{raft-partition-2}{role=FOLLOWER} - Received AppendRequest{term=1, leader=3, prevLogIndex=1, prevLogTerm=1, entries=0, commitIndex=1}
04:56:22.202 [raft-server-raft-partition-2] TRACE i.a.p.raft.roles.FollowerRole - RaftServer{raft-partition-2}{role=FOLLOWER} - Sending AppendResponse{status=OK, term=1, succeeded=true, lastLogIndex=1}
04:56:22.202 [raft-server-raft-partition-2] TRACE i.a.p.raft.roles.LeaderAppender - RaftServer{raft-partition-2} - Received AppendResponse{status=OK, term=1, succeeded=true, lastLogIndex=1} from 1
04:56:22.203 [raft-server-raft-partition-2] TRACE i.a.p.raft.roles.LeaderAppender - RaftServer{raft-partition-2} - Received AppendResponse{status=OK, term=1, succeeded=true, lastLogIndex=1} from 2
04:56:22.225 [raft-server-system-partition-1] TRACE i.a.p.raft.roles.FollowerRole - RaftServer{system-partition-1}{role=FOLLOWER} - Committed entries up to index 135
04:56:22.225 [raft-server-system-partition-1] TRACE i.a.p.raft.roles.FollowerRole - RaftServer{system-partition-1}{role=FOLLOWER} - Sending AppendResponse{status=OK, term=1, succeeded=true, lastLogIndex=136}
04:56:22.225 [raft-server-system-partition-1-state] TRACE i.a.p.raft.impl.RaftServiceManager - RaftServer{system-partition-1} - Applying Indexed{index=135, entry=KeepAliveEntry{term=1, timestamp=2018-06-09 04:56:22,127, sessionIds=long[]{length=1, hash=165}, commandSequences=long[]{length=1, hash=31}, eventIndexes=long[]{length=1, hash=165}}}
04:56:22.225 [raft-server-system-partition-1] TRACE i.a.p.raft.roles.LeaderAppender - RaftServer{system-partition-1} - Received AppendResponse{status=OK, term=1, succeeded=true, lastLogIndex=136} from 1
04:56:22.225 [raft-server-system-partition-1] TRACE i.a.p.raft.roles.LeaderAppender - RaftServer{system-partition-1} - Committed entries up to 136
04:56:22.230 [atomix-data-1] TRACE i.a.p.backup.roles.PrimaryRole - PrimaryRole{data-partition-7}{role=PRIMARY} - Sending BackupRequest{primary=3, term=1, index=3, primitive=PrimitiveDescriptor{name=237911e7-090b-4262-b491-dbd90a131139, type=document-tree, backups=2, replication=ASYNCHRONOUS}, operations=[HeartbeatOperation{index=9, timestamp=1528512982230}]} to 2
04:56:22.230 [atomix-data-1] TRACE i.a.p.backup.roles.PrimaryRole - PrimaryRole{data-partition-7}{role=PRIMARY} - Sending BackupRequest{primary=3, term=1, index=3, primitive=PrimitiveDescriptor{name=237911e7-090b-4262-b491-dbd90a131139, type=document-tree, backups=2, replication=ASYNCHRONOUS}, operations=[HeartbeatOperation{index=9, timestamp=1528512982230}]} to 1
04:56:22.230 [atomix-data-0] TRACE i.a.p.backup.roles.BackupRole - BackupRole{data-partition-7}{role=BACKUP} - Received BackupRequest{primary=3, term=1, index=3, primitive=PrimitiveDescriptor{name=237911e7-090b-4262-b491-dbd90a131139, type=document-tree, backups=2, replication=ASYNCHRONOUS}, operations=[HeartbeatOperation{index=9, timestamp=1528512982230}]}
04:56:22.230 [atomix-data-0] TRACE i.a.p.backup.roles.BackupRole - BackupRole{data-partition-7}{role=BACKUP} - Sending BackupResponse{status=OK}
04:56:22.230 [atomix-data-1] TRACE i.a.p.backup.roles.BackupRole - BackupRole{data-partition-7}{role=BACKUP} - Received BackupRequest{primary=3, term=1, index=3, primitive=PrimitiveDescriptor{name=237911e7-090b-4262-b491-dbd90a131139, type=document-tree, backups=2, replication=ASYNCHRONOUS}, operations=[HeartbeatOperation{index=9, timestamp=1528512982230}]}
04:56:22.230 [atomix-data-1] TRACE i.a.p.backup.roles.BackupRole - BackupRole{data-partition-7}{role=BACKUP} - Sending BackupResponse{status=OK}
04:56:22.235 [raft-server-raft-partition-1] TRACE i.a.p.raft.roles.LeaderAppender - RaftServer{raft-partition-1} - Sending AppendRequest{term=1, leader=2, prevLogIndex=1, prevLogTerm=1, entries=0, commitIndex=1} to 3
04:56:22.235 [raft-server-raft-partition-1] TRACE i.a.p.raft.roles.LeaderAppender - RaftServer{raft-partition-1} - Sending AppendRequest{term=1, leader=2, prevLogIndex=1, prevLogTerm=1, entries=0, commitIndex=1} to 1
04:56:22.235 [raft-server-raft-partition-1] TRACE i.a.p.raft.roles.FollowerRole - RaftServer{raft-partition-1}{role=FOLLOWER} - Received AppendRequest{term=1, leader=2, prevLogIndex=1, prevLogTerm=1, entries=0, commitIndex=1}
04:56:22.235 [raft-server-raft-partition-1] TRACE i.a.p.raft.roles.FollowerRole - RaftServer{raft-partition-1}{role=FOLLOWER} - Received AppendRequest{term=1, leader=2, prevLogIndex=1, prevLogTerm=1, entries=0, commitIndex=1}
04:56:22.235 [raft-server-raft-partition-1] TRACE i.a.p.raft.roles.FollowerRole - RaftServer{raft-partition-1}{role=FOLLOWER} - Sending AppendResponse{status=OK, term=1, succeeded=true, lastLogIndex=1}
04:56:22.235 [raft-server-raft-partition-1] TRACE i.a.p.raft.roles.FollowerRole - RaftServer{raft-partition-1}{role=FOLLOWER} - Sending AppendResponse{status=OK, term=1, succeeded=true, lastLogIndex=1}
04:56:22.235 [raft-server-raft-partition-1] TRACE i.a.p.raft.roles.LeaderAppender - RaftServer{raft-partition-1} - Received AppendResponse{status=OK, term=1, succeeded=true, lastLogIndex=1} from 3
04:56:22.235 [raft-server-raft-partition-1] TRACE i.a.p.raft.roles.LeaderAppender - RaftServer{raft-partition-1} - Sending AppendRequest{term=1, leader=2, prevLogIndex=1, prevLogTerm=1, entries=0, commitIndex=1} to 3
04:56:22.235 [raft-server-raft-partition-1] TRACE i.a.p.raft.roles.LeaderAppender - RaftServer{raft-partition-1} - Received AppendResponse{status=OK, term=1, succeeded=true, lastLogIndex=1} from 1
04:56:22.235 [raft-server-raft-partition-1] TRACE i.a.p.raft.roles.LeaderAppender - RaftServer{raft-partition-1} - Sending AppendRequest{term=1, leader=2, prevLogIndex=1, prevLogTerm=1, entries=0, commitIndex=1} to 1
04:56:22.236 [raft-server-raft-partition-1] TRACE i.a.p.raft.roles.FollowerRole - RaftServer{raft-partition-1}{role=FOLLOWER} - Received AppendRequest{term=1, leader=2, prevLogIndex=1, prevLogTerm=1, entries=0, commitIndex=1}
04:56:22.236 [raft-server-raft-partition-1] TRACE i.a.p.raft.roles.FollowerRole - RaftServer{raft-partition-1}{role=FOLLOWER} - Sending AppendResponse{status=OK, term=1, succeeded=true, lastLogIndex=1}
04:56:22.236 [raft-server-raft-partition-1] TRACE i.a.p.raft.roles.FollowerRole - RaftServer{raft-partition-1}{role=FOLLOWER} - Received AppendRequest{term=1, leader=2, prevLogIndex=1, prevLogTerm=1, entries=0, commitIndex=1}
04:56:22.236 [raft-server-raft-partition-1] TRACE i.a.p.raft.roles.FollowerRole - RaftServer{raft-partition-1}{role=FOLLOWER} - Sending AppendResponse{status=OK, term=1, succeeded=true, lastLogIndex=1}
04:56:22.236 [raft-server-raft-partition-1] TRACE i.a.p.raft.roles.LeaderAppender - RaftServer{raft-partition-1} - Received AppendResponse{status=OK, term=1, succeeded=true, lastLogIndex=1} from 3
04:56:22.236 [raft-server-raft-partition-1] TRACE i.a.p.raft.roles.LeaderAppender - RaftServer{raft-partition-1} - Sending AppendRequest{term=1, leader=2, prevLogIndex=1, prevLogTerm=1, entries=0, commitIndex=1} to 3
04:56:22.236 [raft-server-raft-partition-1] TRACE i.a.p.raft.roles.LeaderAppender - RaftServer{raft-partition-1} - Received AppendResponse{status=OK, term=1, succeeded=true, lastLogIndex=1} from 1
04:56:22.236 [raft-server-raft-partition-1] TRACE i.a.p.raft.roles.LeaderAppender - RaftServer{raft-partition-1} - Sending AppendRequest{term=1, leader=2, prevLogIndex=1, prevLogTerm=1, entries=0, commitIndex=1} to 1
04:56:22.236 [raft-server-raft-partition-1] TRACE i.a.p.raft.roles.FollowerRole - RaftServer{raft-partition-1}{role=FOLLOWER} - Received AppendRequest{term=1, leader=2, prevLogIndex=1, prevLogTerm=1, entries=0, commitIndex=1}
04:56:22.236 [raft-server-raft-partition-1] TRACE i.a.p.raft.roles.FollowerRole - RaftServer{raft-partition-1}{role=FOLLOWER} - Sending AppendResponse{status=OK, term=1, succeeded=true, lastLogIndex=1}
04:56:22.236 [raft-server-raft-partition-1] TRACE i.a.p.raft.roles.FollowerRole - RaftServer{raft-partition-1}{role=FOLLOWER} - Received AppendRequest{term=1, leader=2, prevLogIndex=1, prevLogTerm=1, entries=0, commitIndex=1}
04:56:22.236 [raft-server-raft-partition-1] TRACE i.a.p.raft.roles.FollowerRole - RaftServer{raft-partition-1}{role=FOLLOWER} - Sending AppendResponse{status=OK, term=1, succeeded=true, lastLogIndex=1}
04:56:22.236 [raft-server-raft-partition-1] TRACE i.a.p.raft.roles.LeaderAppender - RaftServer{raft-partition-1} - Received AppendResponse{status=OK, term=1, succeeded=true, lastLogIndex=1} from 3
04:56:22.236 [raft-server-raft-partition-1] TRACE i.a.p.raft.roles.LeaderAppender - RaftServer{raft-partition-1} - Received AppendResponse{status=OK, term=1, succeeded=true, lastLogIndex=1} from 1
04:56:22.241 [raft-server-system-partition-1] TRACE i.a.p.raft.roles.FollowerRole - RaftServer{system-partition-1}{role=FOLLOWER} - Committed entries up to index 135
04:56:22.241 [raft-server-system-partition-1] TRACE i.a.p.raft.roles.FollowerRole - RaftServer{system-partition-1}{role=FOLLOWER} - Sending AppendResponse{status=OK, term=1, succeeded=true, lastLogIndex=136}
04:56:22.241 [raft-server-system-partition-1-state] TRACE i.a.p.raft.impl.RaftServiceManager - RaftServer{system-partition-1} - Applying Indexed{index=135, entry=KeepAliveEntry{term=1, timestamp=2018-06-09 04:56:22,127, sessionIds=long[]{length=1, hash=165}, commandSequences=long[]{length=1, hash=31}, eventIndexes=long[]{length=1, hash=165}}}
04:56:22.258 [raft-server-system-partition-1] TRACE i.a.p.raft.roles.LeaderAppender - RaftServer{system-partition-1} - Received AppendResponse{status=OK, term=1, succeeded=true, lastLogIndex=136} from 2
04:56:22.258 [raft-server-system-partition-1-state] TRACE i.a.p.raft.impl.RaftServiceManager - RaftServer{system-partition-1} - Applying Indexed{index=136, entry=OpenSessionEntry{term=1, timestamp=2018-06-09 04:56:22,128, node=10, serviceName=session-id, serviceType=SESSION_ID_GENERATOR, serviceConfig=byte[]{length=2, hash=2636}, readConsistency=SEQUENTIAL, minTimeout=250, maxTimeout=30000}}
04:56:22.258 [raft-server-system-partition-1-state] DEBUG i.a.p.r.service.RaftServiceContext - PrimitiveService{4}{type=SessionIdGeneratorType{name=SESSION_ID_GENERATOR}, name=session-id} - Opening session 136
04:56:22.258 [raft-server-system-partition-1-state] DEBUG i.a.p.raft.session.RaftSession - Session{136}{type=SessionIdGeneratorType{name=SESSION_ID_GENERATOR}, name=session-id} - State changed: OPEN
04:56:22.258 [raft-server-system-partition-1-state] TRACE i.a.protocols.raft.roles.LeaderRole - RaftServer{system-partition-1}{role=LEADER} - Sending OpenSessionResponse{status=OK, session=136, timeout=30000}
04:56:22.258 [raft-client-system-partition-1-6] TRACE i.a.p.r.p.impl.RaftProxyConnection - RaftClient{system-partition-1} - Received OpenSessionResponse{status=OK, session=136, timeout=30000} from 3
04:56:22.259 [raft-client-system-partition-1-6] TRACE i.a.p.r.proxy.impl.RaftProxyManager - RaftClient{system-partition-1} - Keeping 2 sessions alive
04:56:22.259 [raft-client-system-partition-1-1] TRACE i.a.p.r.p.impl.RaftProxyConnection - RaftClient{system-partition-1} - Sending KeepAliveRequest{sessionIds=long[]{length=2, hash=5251}, commandSequences=long[]{length=2, hash=961}, eventIndexes=long[]{length=2, hash=5251}} to 3
04:56:22.259 [raft-client-system-partition-1-6] INFO  i.a.p.b.p.i.PrimaryBackupPartitionClient - Successfully started client for PartitionId{id=1, group=data}
04:56:22.259 [raft-server-system-partition-1] TRACE i.a.protocols.raft.roles.LeaderRole - RaftServer{system-partition-1}{role=LEADER} - Received KeepAliveRequest{sessionIds=long[]{length=2, hash=5251}, commandSequences=long[]{length=2, hash=961}, eventIndexes=long[]{length=2, hash=5251}}
04:56:22.259 [raft-client-system-partition-1-6] INFO  i.a.p.b.p.i.PrimaryBackupPartitionClient - Successfully started client for PartitionId{id=3, group=data}
04:56:22.259 [raft-server-system-partition-1] TRACE i.a.protocols.raft.roles.LeaderRole - RaftServer{system-partition-1}{role=LEADER} - Appended Indexed{index=137, entry=KeepAliveEntry{term=1, timestamp=2018-06-09 04:56:22,259, sessionIds=long[]{length=2, hash=5251}, commandSequences=long[]{length=2, hash=961}, eventIndexes=long[]{length=2, hash=5251}}}
04:56:22.259 [raft-client-system-partition-1-6] INFO  i.a.p.b.p.i.PrimaryBackupPartitionClient - Successfully started client for PartitionId{id=2, group=data}
04:56:22.259 [raft-server-system-partition-1] TRACE i.a.p.raft.roles.LeaderAppender - RaftServer{system-partition-1} - Sending AppendRequest{term=1, leader=3, prevLogIndex=136, prevLogTerm=1, entries=1, commitIndex=136} to 1
04:56:22.259 [raft-client-system-partition-1-6] INFO  i.a.p.b.p.i.PrimaryBackupPartitionClient - Successfully started client for PartitionId{id=5, group=data}
04:56:22.259 [raft-server-system-partition-1] TRACE i.a.p.raft.roles.LeaderAppender - RaftServer{system-partition-1} - Sending AppendRequest{term=1, leader=3, prevLogIndex=136, prevLogTerm=1, entries=1, commitIndex=136} to 2
04:56:22.259 [raft-client-system-partition-1-6] INFO  i.a.p.b.p.i.PrimaryBackupPartitionClient - Successfully started client for PartitionId{id=4, group=data}
04:56:22.259 [raft-client-system-partition-1-6] INFO  i.a.p.b.p.i.PrimaryBackupPartitionClient - Successfully started client for PartitionId{id=7, group=data}
04:56:22.259 [raft-client-system-partition-1-6] INFO  i.a.p.b.p.i.PrimaryBackupPartitionClient - Successfully started client for PartitionId{id=6, group=data}
04:56:22.259 [raft-server-system-partition-1] TRACE i.a.p.raft.roles.FollowerRole - RaftServer{system-partition-1}{role=FOLLOWER} - Received AppendRequest{term=1, leader=3, prevLogIndex=136, prevLogTerm=1, entries=1, commitIndex=136}
04:56:22.259 [raft-client-system-partition-1-6] INFO  i.a.p.b.p.PrimaryBackupPartitionGroup - Started
04:56:22.259 [raft-server-system-partition-1] TRACE i.a.p.raft.roles.FollowerRole - RaftServer{system-partition-1}{role=FOLLOWER} - Appended Indexed{index=137, entry=KeepAliveEntry{term=1, timestamp=2018-06-09 04:56:22,259, sessionIds=long[]{length=2, hash=5251}, commandSequences=long[]{length=2, hash=961}, eventIndexes=long[]{length=2, hash=5251}}}
04:56:22.260 [raft-server-system-partition-1] TRACE i.a.p.raft.roles.FollowerRole - RaftServer{system-partition-1}{role=FOLLOWER} - Received AppendRequest{term=1, leader=3, prevLogIndex=136, prevLogTerm=1, entries=1, commitIndex=136}
04:56:22.260 [raft-server-system-partition-1] TRACE i.a.p.raft.roles.FollowerRole - RaftServer{system-partition-1}{role=FOLLOWER} - Appended Indexed{index=137, entry=KeepAliveEntry{term=1, timestamp=2018-06-09 04:56:22,259, sessionIds=long[]{length=2, hash=5251}, commandSequences=long[]{length=2, hash=961}, eventIndexes=long[]{length=2, hash=5251}}}
04:56:22.260 [raft-client-raft-partition-1-0] INFO  i.a.p.r.p.impl.RaftPartitionClient - Successfully started client for partition PartitionId{id=1, group=raft}
04:56:22.260 [raft-client-raft-partition-2-0] INFO  i.a.p.r.p.impl.RaftPartitionClient - Successfully started client for partition PartitionId{id=2, group=raft}
04:56:22.261 [raft-client-raft-partition-3-0] INFO  i.a.p.r.p.impl.RaftPartitionClient - Successfully started client for partition PartitionId{id=3, group=raft}
04:56:22.261 [raft-client-raft-partition-3-0] INFO  i.a.p.r.partition.RaftPartitionGroup - Started
04:56:22.261 [raft-client-raft-partition-3-0] INFO  i.a.p.p.impl.DefaultPartitionService - Started
04:56:22.262 [atomix-0] DEBUG i.a.p.r.proxy.impl.RaftProxyManager - RaftClient{system-partition-1} - Opening session; name: primitives, type: ConsistentMapType{name=consistent-map}
04:56:22.264 [atomix-data-10] TRACE i.a.p.backup.roles.PrimaryRole - PrimaryRole{data-partition-2}{role=PRIMARY} - Sending BackupRequest{primary=2, term=2, index=6, primitive=PrimitiveDescriptor{name=0b270163-a3f8-42c4-827a-6a2ad5b70ff9, type=document-tree, backups=2, replication=ASYNCHRONOUS}, operations=[HeartbeatOperation{index=9, timestamp=1528512982263}]} to 1
04:56:22.264 [atomix-data-9] TRACE i.a.p.backup.roles.BackupRole - BackupRole{data-partition-2}{role=BACKUP} - Received BackupRequest{primary=2, term=2, index=6, primitive=PrimitiveDescriptor{name=0b270163-a3f8-42c4-827a-6a2ad5b70ff9, type=document-tree, backups=2, replication=ASYNCHRONOUS}, operations=[HeartbeatOperation{index=9, timestamp=1528512982263}]}
04:56:22.264 [atomix-data-9] TRACE i.a.p.backup.roles.BackupRole - BackupRole{data-partition-2}{role=BACKUP} - Sending BackupResponse{status=OK}
04:56:22.264 [raft-client-system-partition-1-2] TRACE i.a.p.r.p.impl.RaftProxyConnection - RaftClient{system-partition-1} - Sending OpenSessionRequest{node=10, serviceName=primitives, serviceType=consistent-map, readConsistency=SEQUENTIAL, minTimeout=250, maxTimeout=30000} to 3
04:56:22.265 [raft-server-system-partition-1] TRACE i.a.protocols.raft.roles.LeaderRole - RaftServer{system-partition-1}{role=LEADER} - Received OpenSessionRequest{node=10, serviceName=primitives, serviceType=consistent-map, readConsistency=SEQUENTIAL, minTimeout=250, maxTimeout=30000}
04:56:22.265 [raft-server-system-partition-1] TRACE i.a.protocols.raft.roles.LeaderRole - RaftServer{system-partition-1}{role=LEADER} - Appended Indexed{index=138, entry=OpenSessionEntry{term=1, timestamp=2018-06-09 04:56:22,265, node=10, serviceName=primitives, serviceType=consistent-map, serviceConfig=byte[]{length=2, hash=2636}, readConsistency=SEQUENTIAL, minTimeout=250, maxTimeout=30000}}
04:56:22.291 [raft-server-system-partition-1] TRACE i.a.p.raft.roles.FollowerRole - RaftServer{system-partition-1}{role=FOLLOWER} - Committed entries up to index 136
04:56:22.291 [raft-server-system-partition-1] TRACE i.a.p.raft.roles.FollowerRole - RaftServer{system-partition-1}{role=FOLLOWER} - Sending AppendResponse{status=OK, term=1, succeeded=true, lastLogIndex=137}
04:56:22.291 [raft-server-system-partition-1-state] TRACE i.a.p.raft.impl.RaftServiceManager - RaftServer{system-partition-1} - Applying Indexed{index=136, entry=OpenSessionEntry{term=1, timestamp=2018-06-09 04:56:22,128, node=10, serviceName=session-id, serviceType=SESSION_ID_GENERATOR, serviceConfig=byte[]{length=2, hash=2636}, readConsistency=SEQUENTIAL, minTimeout=250, maxTimeout=30000}}
04:56:22.292 [raft-server-system-partition-1-state] DEBUG i.a.p.r.service.RaftServiceContext - PrimitiveService{4}{type=SessionIdGeneratorType{name=SESSION_ID_GENERATOR}, name=session-id} - Opening session 136
04:56:22.292 [raft-server-system-partition-1-state] DEBUG i.a.p.raft.session.RaftSession - Session{136}{type=SessionIdGeneratorType{name=SESSION_ID_GENERATOR}, name=session-id} - State changed: OPEN
04:56:22.292 [raft-server-system-partition-1] TRACE i.a.p.raft.roles.LeaderAppender - RaftServer{system-partition-1} - Received AppendResponse{status=OK, term=1, succeeded=true, lastLogIndex=137} from 1
04:56:22.292 [raft-server-system-partition-1] TRACE i.a.p.raft.roles.LeaderAppender - RaftServer{system-partition-1} - Committed entries up to 137
04:56:22.297 [atomix-data-9] TRACE i.a.p.backup.roles.PrimaryRole - PrimaryRole{data-partition-7}{role=PRIMARY} - Sending BackupRequest{primary=3, term=1, index=1, primitive=PrimitiveDescriptor{name=c19abd22-09a4-4d0a-94a7-a275eaadb0d7, type=document-tree, backups=2, replication=ASYNCHRONOUS}, operations=[HeartbeatOperation{index=3, timestamp=1528512982297}]} to 2
04:56:22.297 [atomix-data-9] TRACE i.a.p.backup.roles.PrimaryRole - PrimaryRole{data-partition-7}{role=PRIMARY} - Sending BackupRequest{primary=3, term=1, index=1, primitive=PrimitiveDescriptor{name=c19abd22-09a4-4d0a-94a7-a275eaadb0d7, type=document-tree, backups=2, replication=ASYNCHRONOUS}, operations=[HeartbeatOperation{index=3, timestamp=1528512982297}]} to 1
04:56:22.298 [atomix-data-2] TRACE i.a.p.backup.roles.BackupRole - BackupRole{data-partition-7}{role=BACKUP} - Received BackupRequest{primary=3, term=1, index=1, primitive=PrimitiveDescriptor{name=c19abd22-09a4-4d0a-94a7-a275eaadb0d7, type=document-tree, backups=2, replication=ASYNCHRONOUS}, operations=[HeartbeatOperation{index=3, timestamp=1528512982297}]}
04:56:22.298 [atomix-data-3] TRACE i.a.p.backup.roles.BackupRole - BackupRole{data-partition-7}{role=BACKUP} - Received BackupRequest{primary=3, term=1, index=1, primitive=PrimitiveDescriptor{name=c19abd22-09a4-4d0a-94a7-a275eaadb0d7, type=document-tree, backups=2, replication=ASYNCHRONOUS}, operations=[HeartbeatOperation{index=3, timestamp=1528512982297}]}
04:56:22.298 [atomix-data-2] TRACE i.a.p.backup.roles.BackupRole - BackupRole{data-partition-7}{role=BACKUP} - Sending BackupResponse{status=OK}
04:56:22.298 [atomix-data-3] TRACE i.a.p.backup.roles.BackupRole - BackupRole{data-partition-7}{role=BACKUP} - Sending BackupResponse{status=OK}
04:56:22.319 [raft-server-system-partition-1] TRACE i.a.p.raft.roles.FollowerRole - RaftServer{system-partition-1}{role=FOLLOWER} - Committed entries up to index 136
04:56:22.319 [raft-server-system-partition-1] TRACE i.a.p.raft.roles.FollowerRole - RaftServer{system-partition-1}{role=FOLLOWER} - Sending AppendResponse{status=OK, term=1, succeeded=true, lastLogIndex=137}
04:56:22.319 [raft-server-system-partition-1-state] TRACE i.a.p.raft.impl.RaftServiceManager - RaftServer{system-partition-1} - Applying Indexed{index=136, entry=OpenSessionEntry{term=1, timestamp=2018-06-09 04:56:22,128, node=10, serviceName=session-id, serviceType=SESSION_ID_GENERATOR, serviceConfig=byte[]{length=2, hash=2636}, readConsistency=SEQUENTIAL, minTimeout=250, maxTimeout=30000}}
04:56:22.319 [raft-server-system-partition-1-state] DEBUG i.a.p.r.service.RaftServiceContext - PrimitiveService{4}{type=SessionIdGeneratorType{name=SESSION_ID_GENERATOR}, name=session-id} - Opening session 136
04:56:22.319 [raft-server-system-partition-1-state] DEBUG i.a.p.raft.session.RaftSession - Session{136}{type=SessionIdGeneratorType{name=SESSION_ID_GENERATOR}, name=session-id} - State changed: OPEN
04:56:22.341 [raft-server-system-partition-1] TRACE i.a.p.raft.roles.LeaderAppender - RaftServer{system-partition-1} - Sending AppendRequest{term=1, leader=3, prevLogIndex=137, prevLogTerm=1, entries=1, commitIndex=137} to 1
04:56:22.341 [raft-server-system-partition-1] TRACE i.a.p.raft.roles.LeaderAppender - RaftServer{system-partition-1} - Sending AppendRequest{term=1, leader=3, prevLogIndex=137, prevLogTerm=1, entries=1, commitIndex=137} to 2
04:56:22.342 [raft-server-system-partition-1] TRACE i.a.p.raft.roles.LeaderAppender - RaftServer{system-partition-1} - Received AppendResponse{status=OK, term=1, succeeded=true, lastLogIndex=137} from 2
04:56:22.342 [raft-server-system-partition-1] TRACE i.a.p.raft.roles.FollowerRole - RaftServer{system-partition-1}{role=FOLLOWER} - Received AppendRequest{term=1, leader=3, prevLogIndex=137, prevLogTerm=1, entries=1, commitIndex=137}
04:56:22.342 [raft-server-system-partition-1-state] TRACE i.a.p.raft.impl.RaftServiceManager - RaftServer{system-partition-1} - Applying Indexed{index=137, entry=KeepAliveEntry{term=1, timestamp=2018-06-09 04:56:22,259, sessionIds=long[]{length=2, hash=5251}, commandSequences=long[]{length=2, hash=961}, eventIndexes=long[]{length=2, hash=5251}}}
04:56:22.342 [raft-server-system-partition-1] TRACE i.a.p.raft.roles.FollowerRole - RaftServer{system-partition-1}{role=FOLLOWER} - Appended Indexed{index=138, entry=OpenSessionEntry{term=1, timestamp=2018-06-09 04:56:22,265, node=10, serviceName=primitives, serviceType=consistent-map, serviceConfig=byte[]{length=2, hash=2636}, readConsistency=SEQUENTIAL, minTimeout=250, maxTimeout=30000}}
04:56:22.342 [raft-server-system-partition-1] TRACE i.a.p.raft.roles.FollowerRole - RaftServer{system-partition-1}{role=FOLLOWER} - Received AppendRequest{term=1, leader=3, prevLogIndex=137, prevLogTerm=1, entries=1, commitIndex=137}
04:56:22.342 [raft-server-system-partition-1] TRACE i.a.protocols.raft.roles.LeaderRole - RaftServer{system-partition-1}{role=LEADER} - Sending KeepAliveResponse{status=OK, leader=3, members=[3, 1, 2], sessionIds=long[]{length=2, hash=5251}}
04:56:22.342 [raft-server-system-partition-1] TRACE i.a.p.raft.roles.FollowerRole - RaftServer{system-partition-1}{role=FOLLOWER} - Appended Indexed{index=138, entry=OpenSessionEntry{term=1, timestamp=2018-06-09 04:56:22,265, node=10, serviceName=primitives, serviceType=consistent-map, serviceConfig=byte[]{length=2, hash=2636}, readConsistency=SEQUENTIAL, minTimeout=250, maxTimeout=30000}}
04:56:22.342 [raft-client-system-partition-1-4] TRACE i.a.p.r.p.impl.RaftProxyConnection - RaftClient{system-partition-1} - Received KeepAliveResponse{status=OK, leader=3, members=[3, 1, 2], sessionIds=long[]{length=2, hash=5251}} from 3
04:56:22.375 [raft-server-system-partition-1] TRACE i.a.p.raft.roles.FollowerRole - RaftServer{system-partition-1}{role=FOLLOWER} - Committed entries up to index 137
04:56:22.375 [raft-server-system-partition-1] TRACE i.a.p.raft.roles.FollowerRole - RaftServer{system-partition-1}{role=FOLLOWER} - Sending AppendResponse{status=OK, term=1, succeeded=true, lastLogIndex=138}
04:56:22.375 [raft-server-system-partition-1-state] TRACE i.a.p.raft.impl.RaftServiceManager - RaftServer{system-partition-1} - Applying Indexed{index=137, entry=KeepAliveEntry{term=1, timestamp=2018-06-09 04:56:22,259, sessionIds=long[]{length=2, hash=5251}, commandSequences=long[]{length=2, hash=961}, eventIndexes=long[]{length=2, hash=5251}}}
04:56:22.375 [raft-server-system-partition-1] TRACE i.a.p.raft.roles.LeaderAppender - RaftServer{system-partition-1} - Received AppendResponse{status=OK, term=1, succeeded=true, lastLogIndex=138} from 1
04:56:22.375 [raft-server-system-partition-1] TRACE i.a.p.raft.roles.LeaderAppender - RaftServer{system-partition-1} - Committed entries up to 138
04:56:22.376 [raft-server-raft-partition-3] TRACE i.a.p.raft.roles.LeaderAppender - RaftServer{raft-partition-3} - Sending AppendRequest{term=1, leader=1, prevLogIndex=1, prevLogTerm=1, entries=0, commitIndex=1} to 3
04:56:22.376 [raft-server-raft-partition-3] TRACE i.a.p.raft.roles.LeaderAppender - RaftServer{raft-partition-3} - Sending AppendRequest{term=1, leader=1, prevLogIndex=1, prevLogTerm=1, entries=0, commitIndex=1} to 2
04:56:22.376 [raft-server-raft-partition-3] TRACE i.a.p.raft.roles.FollowerRole - RaftServer{raft-partition-3}{role=FOLLOWER} - Received AppendRequest{term=1, leader=1, prevLogIndex=1, prevLogTerm=1, entries=0, commitIndex=1}
04:56:22.376 [raft-server-raft-partition-3] TRACE i.a.p.raft.roles.FollowerRole - RaftServer{raft-partition-3}{role=FOLLOWER} - Sending AppendResponse{status=OK, term=1, succeeded=true, lastLogIndex=1}
04:56:22.376 [raft-server-raft-partition-3] TRACE i.a.p.raft.roles.FollowerRole - RaftServer{raft-partition-3}{role=FOLLOWER} - Received AppendRequest{term=1, leader=1, prevLogIndex=1, prevLogTerm=1, entries=0, commitIndex=1}
04:56:22.376 [raft-server-raft-partition-3] TRACE i.a.p.raft.roles.FollowerRole - RaftServer{raft-partition-3}{role=FOLLOWER} - Sending AppendResponse{status=OK, term=1, succeeded=true, lastLogIndex=1}
04:56:22.376 [raft-server-raft-partition-3] TRACE i.a.p.raft.roles.LeaderAppender - RaftServer{raft-partition-3} - Received AppendResponse{status=OK, term=1, succeeded=true, lastLogIndex=1} from 3
04:56:22.376 [raft-server-raft-partition-3] TRACE i.a.p.raft.roles.LeaderAppender - RaftServer{raft-partition-3} - Sending AppendRequest{term=1, leader=1, prevLogIndex=1, prevLogTerm=1, entries=0, commitIndex=1} to 3
04:56:22.376 [raft-server-raft-partition-3] TRACE i.a.p.raft.roles.LeaderAppender - RaftServer{raft-partition-3} - Received AppendResponse{status=OK, term=1, succeeded=true, lastLogIndex=1} from 2
04:56:22.377 [raft-server-raft-partition-3] TRACE i.a.p.raft.roles.LeaderAppender - RaftServer{raft-partition-3} - Sending AppendRequest{term=1, leader=1, prevLogIndex=1, prevLogTerm=1, entries=0, commitIndex=1} to 2
04:56:22.377 [raft-server-raft-partition-3] TRACE i.a.p.raft.roles.FollowerRole - RaftServer{raft-partition-3}{role=FOLLOWER} - Received AppendRequest{term=1, leader=1, prevLogIndex=1, prevLogTerm=1, entries=0, commitIndex=1}
04:56:22.377 [raft-server-raft-partition-3] TRACE i.a.p.raft.roles.FollowerRole - RaftServer{raft-partition-3}{role=FOLLOWER} - Sending AppendResponse{status=OK, term=1, succeeded=true, lastLogIndex=1}
04:56:22.377 [raft-server-raft-partition-3] TRACE i.a.p.raft.roles.FollowerRole - RaftServer{raft-partition-3}{role=FOLLOWER} - Received AppendRequest{term=1, leader=1, prevLogIndex=1, prevLogTerm=1, entries=0, commitIndex=1}
04:56:22.377 [raft-server-raft-partition-3] TRACE i.a.p.raft.roles.LeaderAppender - RaftServer{raft-partition-3} - Received AppendResponse{status=OK, term=1, succeeded=true, lastLogIndex=1} from 3
04:56:22.377 [raft-server-raft-partition-3] TRACE i.a.p.raft.roles.FollowerRole - RaftServer{raft-partition-3}{role=FOLLOWER} - Sending AppendResponse{status=OK, term=1, succeeded=true, lastLogIndex=1}
04:56:22.377 [raft-server-raft-partition-3] TRACE i.a.p.raft.roles.LeaderAppender - RaftServer{raft-partition-3} - Sending AppendRequest{term=1, leader=1, prevLogIndex=1, prevLogTerm=1, entries=0, commitIndex=1} to 3
04:56:22.377 [raft-server-raft-partition-3] TRACE i.a.p.raft.roles.LeaderAppender - RaftServer{raft-partition-3} - Received AppendResponse{status=OK, term=1, succeeded=true, lastLogIndex=1} from 2
04:56:22.377 [raft-server-raft-partition-3] TRACE i.a.p.raft.roles.FollowerRole - RaftServer{raft-partition-3}{role=FOLLOWER} - Received AppendRequest{term=1, leader=1, prevLogIndex=1, prevLogTerm=1, entries=0, commitIndex=1}
04:56:22.377 [raft-server-raft-partition-3] TRACE i.a.p.raft.roles.FollowerRole - RaftServer{raft-partition-3}{role=FOLLOWER} - Sending AppendResponse{status=OK, term=1, succeeded=true, lastLogIndex=1}
04:56:22.377 [raft-server-raft-partition-3] TRACE i.a.p.raft.roles.LeaderAppender - RaftServer{raft-partition-3} - Received AppendResponse{status=OK, term=1, succeeded=true, lastLogIndex=1} from 3
04:56:22.379 [atomix-data-14] TRACE i.a.p.backup.roles.PrimaryRole - PrimaryRole{data-partition-4}{role=PRIMARY} - Sending BackupRequest{primary=3, term=1, index=7, primitive=PrimitiveDescriptor{name=bf21330d-3d21-4e4f-a99d-d51f6a5ef46f, type=document-tree, backups=2, replication=ASYNCHRONOUS}, operations=[HeartbeatOperation{index=14, timestamp=1528512982376}]} to 2
04:56:22.379 [atomix-data-14] TRACE i.a.p.backup.roles.PrimaryRole - PrimaryRole{data-partition-4}{role=PRIMARY} - Sending BackupRequest{primary=3, term=1, index=7, primitive=PrimitiveDescriptor{name=bf21330d-3d21-4e4f-a99d-d51f6a5ef46f, type=document-tree, backups=2, replication=ASYNCHRONOUS}, operations=[HeartbeatOperation{index=14, timestamp=1528512982376}]} to 1
04:56:22.379 [atomix-data-10] TRACE i.a.p.backup.roles.BackupRole - BackupRole{data-partition-4}{role=BACKUP} - Received BackupRequest{primary=3, term=1, index=7, primitive=PrimitiveDescriptor{name=bf21330d-3d21-4e4f-a99d-d51f6a5ef46f, type=document-tree, backups=2, replication=ASYNCHRONOUS}, operations=[HeartbeatOperation{index=14, timestamp=1528512982376}]}
04:56:22.379 [atomix-data-10] TRACE i.a.p.backup.roles.BackupRole - BackupRole{data-partition-4}{role=BACKUP} - Sending BackupResponse{status=OK}
04:56:22.379 [atomix-data-13] TRACE i.a.p.backup.roles.BackupRole - BackupRole{data-partition-4}{role=BACKUP} - Received BackupRequest{primary=3, term=1, index=7, primitive=PrimitiveDescriptor{name=bf21330d-3d21-4e4f-a99d-d51f6a5ef46f, type=document-tree, backups=2, replication=ASYNCHRONOUS}, operations=[HeartbeatOperation{index=14, timestamp=1528512982376}]}
04:56:22.379 [atomix-data-13] TRACE i.a.p.backup.roles.BackupRole - BackupRole{data-partition-4}{role=BACKUP} - Sending BackupResponse{status=OK}
04:56:22.391 [raft-server-system-partition-1] TRACE i.a.p.raft.roles.FollowerRole - RaftServer{system-partition-1}{role=FOLLOWER} - Committed entries up to index 137
04:56:22.391 [raft-server-system-partition-1] TRACE i.a.p.raft.roles.FollowerRole - RaftServer{system-partition-1}{role=FOLLOWER} - Sending AppendResponse{status=OK, term=1, succeeded=true, lastLogIndex=138}
04:56:22.391 [raft-server-system-partition-1-state] TRACE i.a.p.raft.impl.RaftServiceManager - RaftServer{system-partition-1} - Applying Indexed{index=137, entry=KeepAliveEntry{term=1, timestamp=2018-06-09 04:56:22,259, sessionIds=long[]{length=2, hash=5251}, commandSequences=long[]{length=2, hash=961}, eventIndexes=long[]{length=2, hash=5251}}}
04:56:22.408 [raft-server-system-partition-1] TRACE i.a.p.raft.roles.LeaderAppender - RaftServer{system-partition-1} - Sending AppendRequest{term=1, leader=3, prevLogIndex=138, prevLogTerm=1, entries=0, commitIndex=138} to 1
04:56:22.408 [raft-server-system-partition-1] TRACE i.a.p.raft.roles.LeaderAppender - RaftServer{system-partition-1} - Received AppendResponse{status=OK, term=1, succeeded=true, lastLogIndex=138} from 2
04:56:22.408 [raft-server-system-partition-1] TRACE i.a.p.raft.roles.LeaderAppender - RaftServer{system-partition-1} - Sending AppendRequest{term=1, leader=3, prevLogIndex=138, prevLogTerm=1, entries=0, commitIndex=138} to 2
04:56:22.408 [raft-server-system-partition-1] TRACE i.a.p.raft.roles.FollowerRole - RaftServer{system-partition-1}{role=FOLLOWER} - Received AppendRequest{term=1, leader=3, prevLogIndex=138, prevLogTerm=1, entries=0, commitIndex=138}
04:56:22.408 [raft-server-system-partition-1-state] TRACE i.a.p.raft.impl.RaftServiceManager - RaftServer{system-partition-1} - Applying Indexed{index=138, entry=OpenSessionEntry{term=1, timestamp=2018-06-09 04:56:22,265, node=10, serviceName=primitives, serviceType=consistent-map, serviceConfig=byte[]{length=2, hash=2636}, readConsistency=SEQUENTIAL, minTimeout=250, maxTimeout=30000}}
04:56:22.408 [raft-server-system-partition-1-state] DEBUG i.a.p.r.service.RaftServiceContext - PrimitiveService{35}{type=ConsistentMapType{name=consistent-map}, name=primitives} - Opening session 138
04:56:22.408 [raft-server-system-partition-1] TRACE i.a.p.raft.roles.FollowerRole - RaftServer{system-partition-1}{role=FOLLOWER} - Received AppendRequest{term=1, leader=3, prevLogIndex=138, prevLogTerm=1, entries=0, commitIndex=138}
04:56:22.408 [raft-server-system-partition-1-state] DEBUG i.a.p.raft.session.RaftSession - Session{138}{type=ConsistentMapType{name=consistent-map}, name=primitives} - State changed: OPEN
04:56:22.409 [raft-server-system-partition-1-state] TRACE i.a.protocols.raft.roles.LeaderRole - RaftServer{system-partition-1}{role=LEADER} - Sending OpenSessionResponse{status=OK, session=138, timeout=30000}
04:56:22.409 [raft-server-system-partition-1] TRACE i.a.p.raft.roles.FollowerRole - RaftServer{system-partition-1}{role=FOLLOWER} - Committed entries up to index 138
04:56:22.409 [raft-client-system-partition-1-1] TRACE i.a.p.r.p.impl.RaftProxyConnection - RaftClient{system-partition-1} - Received OpenSessionResponse{status=OK, session=138, timeout=30000} from 3
04:56:22.409 [raft-server-system-partition-1] TRACE i.a.p.raft.roles.FollowerRole - RaftServer{system-partition-1}{role=FOLLOWER} - Sending AppendResponse{status=OK, term=1, succeeded=true, lastLogIndex=138}
04:56:22.409 [raft-server-system-partition-1] TRACE i.a.p.raft.roles.FollowerRole - RaftServer{system-partition-1}{role=FOLLOWER} - Committed entries up to index 138
04:56:22.409 [raft-client-system-partition-1-1] TRACE i.a.p.r.proxy.impl.RaftProxyManager - RaftClient{system-partition-1} - Keeping 3 sessions alive
04:56:22.409 [raft-server-system-partition-1] TRACE i.a.p.raft.roles.FollowerRole - RaftServer{system-partition-1}{role=FOLLOWER} - Sending AppendResponse{status=OK, term=1, succeeded=true, lastLogIndex=138}
04:56:22.409 [raft-server-system-partition-1-state] TRACE i.a.p.raft.impl.RaftServiceManager - RaftServer{system-partition-1} - Applying Indexed{index=138, entry=OpenSessionEntry{term=1, timestamp=2018-06-09 04:56:22,265, node=10, serviceName=primitives, serviceType=consistent-map, serviceConfig=byte[]{length=2, hash=2636}, readConsistency=SEQUENTIAL, minTimeout=250, maxTimeout=30000}}
04:56:22.409 [raft-client-system-partition-1-7] TRACE i.a.p.r.p.impl.RaftProxyConnection - RaftClient{system-partition-1} - Sending KeepAliveRequest{sessionIds=long[]{length=3, hash=162919}, commandSequences=long[]{length=3, hash=29791}, eventIndexes=long[]{length=3, hash=162919}} to 3
04:56:22.409 [raft-server-system-partition-1-state] DEBUG i.a.p.r.service.RaftServiceContext - PrimitiveService{35}{type=ConsistentMapType{name=consistent-map}, name=primitives} - Opening session 138
04:56:22.409 [raft-server-system-partition-1-state] TRACE i.a.p.raft.impl.RaftServiceManager - RaftServer{system-partition-1} - Applying Indexed{index=138, entry=OpenSessionEntry{term=1, timestamp=2018-06-09 04:56:22,265, node=10, serviceName=primitives, serviceType=consistent-map, serviceConfig=byte[]{length=2, hash=2636}, readConsistency=SEQUENTIAL, minTimeout=250, maxTimeout=30000}}
04:56:22.409 [raft-server-system-partition-1] TRACE i.a.p.raft.roles.LeaderAppender - RaftServer{system-partition-1} - Received AppendResponse{status=OK, term=1, succeeded=true, lastLogIndex=138} from 1
04:56:22.409 [raft-server-system-partition-1-state] DEBUG i.a.p.raft.session.RaftSession - Session{138}{type=ConsistentMapType{name=consistent-map}, name=primitives} - State changed: OPEN
04:56:22.410 [raft-server-system-partition-1-state] DEBUG i.a.p.r.service.RaftServiceContext - PrimitiveService{35}{type=ConsistentMapType{name=consistent-map}, name=primitives} - Opening session 138
04:56:22.410 [raft-server-system-partition-1] TRACE i.a.p.raft.roles.LeaderAppender - RaftServer{system-partition-1} - Received AppendResponse{status=OK, term=1, succeeded=true, lastLogIndex=138} from 2
04:56:22.410 [raft-server-system-partition-1-state] DEBUG i.a.p.raft.session.RaftSession - Session{138}{type=ConsistentMapType{name=consistent-map}, name=primitives} - State changed: OPEN
04:56:22.410 [raft-server-system-partition-1] TRACE i.a.protocols.raft.roles.LeaderRole - RaftServer{system-partition-1}{role=LEADER} - Received KeepAliveRequest{sessionIds=long[]{length=3, hash=162919}, commandSequences=long[]{length=3, hash=29791}, eventIndexes=long[]{length=3, hash=162919}}
04:56:22.410 [raft-server-system-partition-1] TRACE i.a.protocols.raft.roles.LeaderRole - RaftServer{system-partition-1}{role=LEADER} - Appended Indexed{index=139, entry=KeepAliveEntry{term=1, timestamp=2018-06-09 04:56:22,410, sessionIds=long[]{length=3, hash=162919}, commandSequences=long[]{length=3, hash=29791}, eventIndexes=long[]{length=3, hash=162919}}}
04:56:22.410 [raft-server-system-partition-1] TRACE i.a.p.raft.roles.LeaderAppender - RaftServer{system-partition-1} - Sending AppendRequest{term=1, leader=3, prevLogIndex=138, prevLogTerm=1, entries=1, commitIndex=138} to 1
04:56:22.410 [raft-server-system-partition-1] TRACE i.a.p.raft.roles.LeaderAppender - RaftServer{system-partition-1} - Sending AppendRequest{term=1, leader=3, prevLogIndex=138, prevLogTerm=1, entries=1, commitIndex=138} to 2
04:56:22.411 [raft-server-system-partition-1] TRACE i.a.p.raft.roles.FollowerRole - RaftServer{system-partition-1}{role=FOLLOWER} - Received AppendRequest{term=1, leader=3, prevLogIndex=138, prevLogTerm=1, entries=1, commitIndex=138}
04:56:22.411 [raft-server-system-partition-1] TRACE i.a.p.raft.roles.FollowerRole - RaftServer{system-partition-1}{role=FOLLOWER} - Received AppendRequest{term=1, leader=3, prevLogIndex=138, prevLogTerm=1, entries=1, commitIndex=138}
04:56:22.411 [raft-server-system-partition-1] TRACE i.a.p.raft.roles.FollowerRole - RaftServer{system-partition-1}{role=FOLLOWER} - Appended Indexed{index=139, entry=KeepAliveEntry{term=1, timestamp=2018-06-09 04:56:22,410, sessionIds=long[]{length=3, hash=162919}, commandSequences=long[]{length=3, hash=29791}, eventIndexes=long[]{length=3, hash=162919}}}
04:56:22.411 [raft-server-system-partition-1] TRACE i.a.p.raft.roles.FollowerRole - RaftServer{system-partition-1}{role=FOLLOWER} - Sending AppendResponse{status=OK, term=1, succeeded=true, lastLogIndex=139}
04:56:22.411 [raft-server-system-partition-1] TRACE i.a.p.raft.roles.FollowerRole - RaftServer{system-partition-1}{role=FOLLOWER} - Appended Indexed{index=139, entry=KeepAliveEntry{term=1, timestamp=2018-06-09 04:56:22,410, sessionIds=long[]{length=3, hash=162919}, commandSequences=long[]{length=3, hash=29791}, eventIndexes=long[]{length=3, hash=162919}}}
04:56:22.411 [raft-server-system-partition-1] TRACE i.a.p.raft.roles.FollowerRole - RaftServer{system-partition-1}{role=FOLLOWER} - Sending AppendResponse{status=OK, term=1, succeeded=true, lastLogIndex=139}
04:56:22.411 [raft-server-system-partition-1] TRACE i.a.p.raft.roles.LeaderAppender - RaftServer{system-partition-1} - Received AppendResponse{status=OK, term=1, succeeded=true, lastLogIndex=139} from 1
04:56:22.411 [raft-server-system-partition-1] TRACE i.a.p.raft.roles.LeaderAppender - RaftServer{system-partition-1} - Committed entries up to 139
04:56:22.412 [raft-client-system-partition-1-1] TRACE i.a.p.r.p.impl.RaftProxyConnection - SessionClient{138}{type=ConsistentMapType{name=consistent-map}, name=primitives} - Sending CommandRequest{session=138, sequence=1, operation=PrimitiveOperation{id=DefaultOperationId{id=putIfAbsentWithTtl, type=COMMAND}, value=byte[]{length=45, hash=-655357269}}} to 3
04:56:22.441 [raft-server-system-partition-1] TRACE i.a.p.raft.roles.LeaderAppender - RaftServer{system-partition-1} - Received AppendResponse{status=OK, term=1, succeeded=true, lastLogIndex=139} from 2
04:56:22.441 [raft-server-system-partition-1] TRACE i.a.protocols.raft.roles.LeaderRole - RaftServer{system-partition-1}{role=LEADER} - Received CommandRequest{session=138, sequence=1, operation=PrimitiveOperation{id=DefaultOperationId{id=putIfAbsentWithTtl, type=COMMAND}, value=byte[]{length=45, hash=-655357269}}}
04:56:22.442 [raft-server-system-partition-1] TRACE i.a.protocols.raft.roles.LeaderRole - RaftServer{system-partition-1}{role=LEADER} - Appended Indexed{index=140, entry=CommandEntry{term=1, timestamp=2018-06-09 04:56:22,441, session=138, sequence=1, operation=PrimitiveOperation{id=DefaultOperationId{id=putIfAbsentWithTtl, type=COMMAND}, value=byte[]{length=45, hash=-655357269}}}}
04:56:22.442 [raft-server-system-partition-1] TRACE i.a.p.raft.roles.LeaderAppender - RaftServer{system-partition-1} - Sending AppendRequest{term=1, leader=3, prevLogIndex=139, prevLogTerm=1, entries=1, commitIndex=139} to 1
04:56:22.442 [raft-server-system-partition-1-state] TRACE i.a.p.raft.impl.RaftServiceManager - RaftServer{system-partition-1} - Applying Indexed{index=139, entry=KeepAliveEntry{term=1, timestamp=2018-06-09 04:56:22,410, sessionIds=long[]{length=3, hash=162919}, commandSequences=long[]{length=3, hash=29791}, eventIndexes=long[]{length=3, hash=162919}}}
04:56:22.442 [raft-server-system-partition-1] TRACE i.a.p.raft.roles.LeaderAppender - RaftServer{system-partition-1} - Sending AppendRequest{term=1, leader=3, prevLogIndex=139, prevLogTerm=1, entries=1, commitIndex=139} to 2
04:56:22.442 [raft-server-system-partition-1] TRACE i.a.protocols.raft.roles.LeaderRole - RaftServer{system-partition-1}{role=LEADER} - Sending KeepAliveResponse{status=OK, leader=3, members=[3, 1, 2], sessionIds=long[]{length=3, hash=162919}}
04:56:22.442 [raft-server-system-partition-1] TRACE i.a.p.raft.roles.FollowerRole - RaftServer{system-partition-1}{role=FOLLOWER} - Received AppendRequest{term=1, leader=3, prevLogIndex=139, prevLogTerm=1, entries=1, commitIndex=139}
04:56:22.442 [raft-server-system-partition-1] TRACE i.a.p.raft.roles.FollowerRole - RaftServer{system-partition-1}{role=FOLLOWER} - Received AppendRequest{term=1, leader=3, prevLogIndex=139, prevLogTerm=1, entries=1, commitIndex=139}
04:56:22.442 [raft-server-system-partition-1] TRACE i.a.p.raft.roles.FollowerRole - RaftServer{system-partition-1}{role=FOLLOWER} - Appended Indexed{index=140, entry=CommandEntry{term=1, timestamp=2018-06-09 04:56:22,441, session=138, sequence=1, operation=PrimitiveOperation{id=DefaultOperationId{id=putIfAbsentWithTtl, type=COMMAND}, value=byte[]{length=45, hash=-655357269}}}}
04:56:22.442 [raft-server-system-partition-1] TRACE i.a.p.raft.roles.FollowerRole - RaftServer{system-partition-1}{role=FOLLOWER} - Appended Indexed{index=140, entry=CommandEntry{term=1, timestamp=2018-06-09 04:56:22,441, session=138, sequence=1, operation=PrimitiveOperation{id=DefaultOperationId{id=putIfAbsentWithTtl, type=COMMAND}, value=byte[]{length=45, hash=-655357269}}}}
04:56:22.442 [raft-client-system-partition-1-0] TRACE i.a.p.r.p.impl.RaftProxyConnection - RaftClient{system-partition-1} - Received KeepAliveResponse{status=OK, leader=3, members=[3, 1, 2], sessionIds=long[]{length=3, hash=162919}} from 3
04:56:22.451 [raft-server-raft-partition-2] TRACE i.a.p.raft.roles.LeaderAppender - RaftServer{raft-partition-2} - Sending AppendRequest{term=1, leader=3, prevLogIndex=1, prevLogTerm=1, entries=0, commitIndex=1} to 1
04:56:22.451 [raft-server-raft-partition-2] TRACE i.a.p.raft.roles.LeaderAppender - RaftServer{raft-partition-2} - Sending AppendRequest{term=1, leader=3, prevLogIndex=1, prevLogTerm=1, entries=0, commitIndex=1} to 2
04:56:22.451 [raft-server-raft-partition-2] TRACE i.a.p.raft.roles.FollowerRole - RaftServer{raft-partition-2}{role=FOLLOWER} - Received AppendRequest{term=1, leader=3, prevLogIndex=1, prevLogTerm=1, entries=0, commitIndex=1}
04:56:22.452 [raft-server-raft-partition-2] TRACE i.a.p.raft.roles.FollowerRole - RaftServer{raft-partition-2}{role=FOLLOWER} - Received AppendRequest{term=1, leader=3, prevLogIndex=1, prevLogTerm=1, entries=0, commitIndex=1}
04:56:22.452 [raft-server-raft-partition-2] TRACE i.a.p.raft.roles.FollowerRole - RaftServer{raft-partition-2}{role=FOLLOWER} - Sending AppendResponse{status=OK, term=1, succeeded=true, lastLogIndex=1}
04:56:22.452 [raft-server-raft-partition-2] TRACE i.a.p.raft.roles.FollowerRole - RaftServer{raft-partition-2}{role=FOLLOWER} - Sending AppendResponse{status=OK, term=1, succeeded=true, lastLogIndex=1}
04:56:22.452 [raft-server-raft-partition-2] TRACE i.a.p.raft.roles.LeaderAppender - RaftServer{raft-partition-2} - Received AppendResponse{status=OK, term=1, succeeded=true, lastLogIndex=1} from 1
04:56:22.452 [raft-server-raft-partition-2] TRACE i.a.p.raft.roles.LeaderAppender - RaftServer{raft-partition-2} - Sending AppendRequest{term=1, leader=3, prevLogIndex=1, prevLogTerm=1, entries=0, commitIndex=1} to 1
04:56:22.452 [raft-server-raft-partition-2] TRACE i.a.p.raft.roles.LeaderAppender - RaftServer{raft-partition-2} - Received AppendResponse{status=OK, term=1, succeeded=true, lastLogIndex=1} from 2
04:56:22.452 [raft-server-raft-partition-2] TRACE i.a.p.raft.roles.LeaderAppender - RaftServer{raft-partition-2} - Sending AppendRequest{term=1, leader=3, prevLogIndex=1, prevLogTerm=1, entries=0, commitIndex=1} to 2
04:56:22.452 [raft-server-raft-partition-2] TRACE i.a.p.raft.roles.FollowerRole - RaftServer{raft-partition-2}{role=FOLLOWER} - Received AppendRequest{term=1, leader=3, prevLogIndex=1, prevLogTerm=1, entries=0, commitIndex=1}
04:56:22.452 [raft-server-raft-partition-2] TRACE i.a.p.raft.roles.FollowerRole - RaftServer{raft-partition-2}{role=FOLLOWER} - Sending AppendResponse{status=OK, term=1, succeeded=true, lastLogIndex=1}
04:56:22.452 [raft-server-raft-partition-2] TRACE i.a.p.raft.roles.FollowerRole - RaftServer{raft-partition-2}{role=FOLLOWER} - Received AppendRequest{term=1, leader=3, prevLogIndex=1, prevLogTerm=1, entries=0, commitIndex=1}
04:56:22.452 [raft-server-raft-partition-2] TRACE i.a.p.raft.roles.FollowerRole - RaftServer{raft-partition-2}{role=FOLLOWER} - Sending AppendResponse{status=OK, term=1, succeeded=true, lastLogIndex=1}
04:56:22.452 [raft-server-raft-partition-2] TRACE i.a.p.raft.roles.LeaderAppender - RaftServer{raft-partition-2} - Received AppendResponse{status=OK, term=1, succeeded=true, lastLogIndex=1} from 1
04:56:22.452 [raft-server-raft-partition-2] TRACE i.a.p.raft.roles.LeaderAppender - RaftServer{raft-partition-2} - Received AppendResponse{status=OK, term=1, succeeded=true, lastLogIndex=1} from 2
04:56:22.475 [raft-server-system-partition-1] TRACE i.a.p.raft.roles.FollowerRole - RaftServer{system-partition-1}{role=FOLLOWER} - Committed entries up to index 139
04:56:22.475 [raft-server-system-partition-1] TRACE i.a.p.raft.roles.FollowerRole - RaftServer{system-partition-1}{role=FOLLOWER} - Sending AppendResponse{status=OK, term=1, succeeded=true, lastLogIndex=140}
04:56:22.475 [raft-server-system-partition-1-state] TRACE i.a.p.raft.impl.RaftServiceManager - RaftServer{system-partition-1} - Applying Indexed{index=139, entry=KeepAliveEntry{term=1, timestamp=2018-06-09 04:56:22,410, sessionIds=long[]{length=3, hash=162919}, commandSequences=long[]{length=3, hash=29791}, eventIndexes=long[]{length=3, hash=162919}}}
04:56:22.475 [raft-server-system-partition-1] TRACE i.a.p.raft.roles.LeaderAppender - RaftServer{system-partition-1} - Received AppendResponse{status=OK, term=1, succeeded=true, lastLogIndex=140} from 1
04:56:22.475 [raft-server-system-partition-1] TRACE i.a.p.raft.roles.LeaderAppender - RaftServer{system-partition-1} - Committed entries up to 140
04:56:22.485 [raft-server-raft-partition-1] TRACE i.a.p.raft.roles.LeaderAppender - RaftServer{raft-partition-1} - Sending AppendRequest{term=1, leader=2, prevLogIndex=1, prevLogTerm=1, entries=0, commitIndex=1} to 3
04:56:22.485 [raft-server-raft-partition-1] TRACE i.a.p.raft.roles.LeaderAppender - RaftServer{raft-partition-1} - Sending AppendRequest{term=1, leader=2, prevLogIndex=1, prevLogTerm=1, entries=0, commitIndex=1} to 1
04:56:22.485 [raft-server-raft-partition-1] TRACE i.a.p.raft.roles.FollowerRole - RaftServer{raft-partition-1}{role=FOLLOWER} - Received AppendRequest{term=1, leader=2, prevLogIndex=1, prevLogTerm=1, entries=0, commitIndex=1}
04:56:22.485 [raft-server-raft-partition-1] TRACE i.a.p.raft.roles.FollowerRole - RaftServer{raft-partition-1}{role=FOLLOWER} - Received AppendRequest{term=1, leader=2, prevLogIndex=1, prevLogTerm=1, entries=0, commitIndex=1}
04:56:22.485 [raft-server-raft-partition-1] TRACE i.a.p.raft.roles.FollowerRole - RaftServer{raft-partition-1}{role=FOLLOWER} - Sending AppendResponse{status=OK, term=1, succeeded=true, lastLogIndex=1}
04:56:22.485 [raft-server-raft-partition-1] TRACE i.a.p.raft.roles.FollowerRole - RaftServer{raft-partition-1}{role=FOLLOWER} - Sending AppendResponse{status=OK, term=1, succeeded=true, lastLogIndex=1}
04:56:22.485 [raft-server-raft-partition-1] TRACE i.a.p.raft.roles.LeaderAppender - RaftServer{raft-partition-1} - Received AppendResponse{status=OK, term=1, succeeded=true, lastLogIndex=1} from 1
04:56:22.485 [raft-server-raft-partition-1] TRACE i.a.p.raft.roles.LeaderAppender - RaftServer{raft-partition-1} - Sending AppendRequest{term=1, leader=2, prevLogIndex=1, prevLogTerm=1, entries=0, commitIndex=1} to 1
04:56:22.485 [raft-server-raft-partition-1] TRACE i.a.p.raft.roles.LeaderAppender - RaftServer{raft-partition-1} - Received AppendResponse{status=OK, term=1, succeeded=true, lastLogIndex=1} from 3
04:56:22.485 [raft-server-raft-partition-1] TRACE i.a.p.raft.roles.LeaderAppender - RaftServer{raft-partition-1} - Sending AppendRequest{term=1, leader=2, prevLogIndex=1, prevLogTerm=1, entries=0, commitIndex=1} to 3
04:56:22.485 [raft-server-raft-partition-1] TRACE i.a.p.raft.roles.FollowerRole - RaftServer{raft-partition-1}{role=FOLLOWER} - Received AppendRequest{term=1, leader=2, prevLogIndex=1, prevLogTerm=1, entries=0, commitIndex=1}
04:56:22.486 [raft-server-raft-partition-1] TRACE i.a.p.raft.roles.FollowerRole - RaftServer{raft-partition-1}{role=FOLLOWER} - Sending AppendResponse{status=OK, term=1, succeeded=true, lastLogIndex=1}
04:56:22.486 [raft-server-raft-partition-1] TRACE i.a.p.raft.roles.FollowerRole - RaftServer{raft-partition-1}{role=FOLLOWER} - Received AppendRequest{term=1, leader=2, prevLogIndex=1, prevLogTerm=1, entries=0, commitIndex=1}
04:56:22.486 [raft-server-raft-partition-1] TRACE i.a.p.raft.roles.FollowerRole - RaftServer{raft-partition-1}{role=FOLLOWER} - Sending AppendResponse{status=OK, term=1, succeeded=true, lastLogIndex=1}
04:56:22.486 [raft-server-raft-partition-1] TRACE i.a.p.raft.roles.LeaderAppender - RaftServer{raft-partition-1} - Received AppendResponse{status=OK, term=1, succeeded=true, lastLogIndex=1} from 1
04:56:22.486 [raft-server-raft-partition-1] TRACE i.a.p.raft.roles.LeaderAppender - RaftServer{raft-partition-1} - Sending AppendRequest{term=1, leader=2, prevLogIndex=1, prevLogTerm=1, entries=0, commitIndex=1} to 1
04:56:22.486 [raft-server-raft-partition-1] TRACE i.a.p.raft.roles.LeaderAppender - RaftServer{raft-partition-1} - Received AppendResponse{status=OK, term=1, succeeded=true, lastLogIndex=1} from 3
04:56:22.486 [raft-server-raft-partition-1] TRACE i.a.p.raft.roles.LeaderAppender - RaftServer{raft-partition-1} - Sending AppendRequest{term=1, leader=2, prevLogIndex=1, prevLogTerm=1, entries=0, commitIndex=1} to 3
04:56:22.486 [raft-server-raft-partition-1] TRACE i.a.p.raft.roles.FollowerRole - RaftServer{raft-partition-1}{role=FOLLOWER} - Received AppendRequest{term=1, leader=2, prevLogIndex=1, prevLogTerm=1, entries=0, commitIndex=1}
04:56:22.486 [raft-server-raft-partition-1] TRACE i.a.p.raft.roles.FollowerRole - RaftServer{raft-partition-1}{role=FOLLOWER} - Sending AppendResponse{status=OK, term=1, succeeded=true, lastLogIndex=1}
04:56:22.486 [raft-server-raft-partition-1] TRACE i.a.p.raft.roles.FollowerRole - RaftServer{raft-partition-1}{role=FOLLOWER} - Received AppendRequest{term=1, leader=2, prevLogIndex=1, prevLogTerm=1, entries=0, commitIndex=1}
04:56:22.486 [raft-server-raft-partition-1] TRACE i.a.p.raft.roles.FollowerRole - RaftServer{raft-partition-1}{role=FOLLOWER} - Sending AppendResponse{status=OK, term=1, succeeded=true, lastLogIndex=1}
04:56:22.486 [raft-server-raft-partition-1] TRACE i.a.p.raft.roles.LeaderAppender - RaftServer{raft-partition-1} - Received AppendResponse{status=OK, term=1, succeeded=true, lastLogIndex=1} from 1
04:56:22.486 [raft-server-raft-partition-1] TRACE i.a.p.raft.roles.LeaderAppender - RaftServer{raft-partition-1} - Received AppendResponse{status=OK, term=1, succeeded=true, lastLogIndex=1} from 3
04:56:22.499 [raft-server-system-partition-1] TRACE i.a.p.raft.roles.FollowerRole - RaftServer{system-partition-1}{role=FOLLOWER} - Committed entries up to index 139
04:56:22.499 [raft-server-system-partition-1] TRACE i.a.p.raft.roles.FollowerRole - RaftServer{system-partition-1}{role=FOLLOWER} - Sending AppendResponse{status=OK, term=1, succeeded=true, lastLogIndex=140}
04:56:22.499 [raft-server-system-partition-1-state] TRACE i.a.p.raft.impl.RaftServiceManager - RaftServer{system-partition-1} - Applying Indexed{index=139, entry=KeepAliveEntry{term=1, timestamp=2018-06-09 04:56:22,410, sessionIds=long[]{length=3, hash=162919}, commandSequences=long[]{length=3, hash=29791}, eventIndexes=long[]{length=3, hash=162919}}}
04:56:22.505 [atomix-data-3] TRACE i.a.p.backup.roles.PrimaryRole - PrimaryRole{data-partition-2}{role=PRIMARY} - Sending BackupRequest{primary=2, term=2, index=1, primitive=PrimitiveDescriptor{name=0715174f-7877-4ee9-8937-17ba73550a47, type=document-tree, backups=2, replication=ASYNCHRONOUS}, operations=[HeartbeatOperation{index=5, timestamp=1528512982504}]} to 1
04:56:22.505 [atomix-data-15] TRACE i.a.p.backup.roles.BackupRole - BackupRole{data-partition-2}{role=BACKUP} - Received BackupRequest{primary=2, term=2, index=1, primitive=PrimitiveDescriptor{name=0715174f-7877-4ee9-8937-17ba73550a47, type=document-tree, backups=2, replication=ASYNCHRONOUS}, operations=[HeartbeatOperation{index=5, timestamp=1528512982504}]}
04:56:22.505 [atomix-data-15] TRACE i.a.p.backup.roles.BackupRole - BackupRole{data-partition-2}{role=BACKUP} - Sending BackupResponse{status=OK}
04:56:22.516 [raft-server-system-partition-1] TRACE i.a.p.raft.roles.LeaderAppender - RaftServer{system-partition-1} - Received AppendResponse{status=OK, term=1, succeeded=true, lastLogIndex=140} from 2
04:56:22.517 [raft-server-system-partition-1-state] TRACE i.a.p.raft.impl.RaftServiceManager - RaftServer{system-partition-1} - Applying Indexed{index=140, entry=CommandEntry{term=1, timestamp=2018-06-09 04:56:22,441, session=138, sequence=1, operation=PrimitiveOperation{id=DefaultOperationId{id=putIfAbsentWithTtl, type=COMMAND}, value=byte[]{length=45, hash=-655357269}}}}
04:56:22.517 [raft-server-system-partition-1-state] TRACE i.a.protocols.raft.roles.LeaderRole - RaftServer{system-partition-1}{role=LEADER} - Sending CommandResponse{status=OK, index=140, eventIndex=138, result=byte[]{length=57, hash=-1081119984}}
04:56:22.517 [raft-client-system-partition-1-7] TRACE i.a.p.r.p.impl.RaftProxyConnection - SessionClient{138}{type=ConsistentMapType{name=consistent-map}, name=primitives} - Received CommandResponse{status=OK, index=140, eventIndex=138, result=byte[]{length=57, hash=-1081119984}} from 3
04:56:22.517 [raft-client-system-partition-1-7] TRACE i.a.p.r.p.impl.RaftProxySequencer - SessionClient{138}{type=ConsistentMapType{name=consistent-map}, name=primitives} - Completing response CommandResponse{status=OK, index=140, eventIndex=138, result=byte[]{length=57, hash=-1081119984}}
04:56:22.519 [raft-client-system-partition-1-7] INFO  i.a.core.impl.CoreTransactionService - Started
04:56:22.519 [raft-client-system-partition-1-7] INFO  i.a.core.impl.CorePrimitivesService - Started
04:56:22.519 [atomix-cluster-0] INFO  io.atomix.cluster.AtomixCluster - Started
04:56:22.533 [raft-client-system-partition-1-1] TRACE i.a.p.r.p.impl.RaftProxyConnection - SessionClient{138}{type=ConsistentMapType{name=consistent-map}, name=primitives} - Sending CommandRequest{session=138, sequence=2, operation=PrimitiveOperation{id=DefaultOperationId{id=putIfAbsentWithTtl, type=COMMAND}, value=byte[]{length=61, hash=-178706657}}} to 3
04:56:22.533 [raft-server-system-partition-1] TRACE i.a.protocols.raft.roles.LeaderRole - RaftServer{system-partition-1}{role=LEADER} - Received CommandRequest{session=138, sequence=2, operation=PrimitiveOperation{id=DefaultOperationId{id=putIfAbsentWithTtl, type=COMMAND}, value=byte[]{length=61, hash=-178706657}}}
04:56:22.533 [raft-server-system-partition-1] TRACE i.a.protocols.raft.roles.LeaderRole - RaftServer{system-partition-1}{role=LEADER} - Appended Indexed{index=141, entry=CommandEntry{term=1, timestamp=2018-06-09 04:56:22,533, session=138, sequence=2, operation=PrimitiveOperation{id=DefaultOperationId{id=putIfAbsentWithTtl, type=COMMAND}, value=byte[]{length=61, hash=-178706657}}}}
04:56:22.534 [raft-server-system-partition-1] TRACE i.a.p.raft.roles.LeaderAppender - RaftServer{system-partition-1} - Sending AppendRequest{term=1, leader=3, prevLogIndex=140, prevLogTerm=1, entries=1, commitIndex=140} to 1
04:56:22.534 [raft-server-system-partition-1] TRACE i.a.p.raft.roles.LeaderAppender - RaftServer{system-partition-1} - Sending AppendRequest{term=1, leader=3, prevLogIndex=140, prevLogTerm=1, entries=1, commitIndex=140} to 2
04:56:22.534 [raft-server-system-partition-1] TRACE i.a.p.raft.roles.FollowerRole - RaftServer{system-partition-1}{role=FOLLOWER} - Received AppendRequest{term=1, leader=3, prevLogIndex=140, prevLogTerm=1, entries=1, commitIndex=140}
04:56:22.534 [raft-server-system-partition-1] TRACE i.a.p.raft.roles.FollowerRole - RaftServer{system-partition-1}{role=FOLLOWER} - Received AppendRequest{term=1, leader=3, prevLogIndex=140, prevLogTerm=1, entries=1, commitIndex=140}
04:56:22.534 [raft-server-system-partition-1] TRACE i.a.p.raft.roles.FollowerRole - RaftServer{system-partition-1}{role=FOLLOWER} - Appended Indexed{index=141, entry=CommandEntry{term=1, timestamp=2018-06-09 04:56:22,533, session=138, sequence=2, operation=PrimitiveOperation{id=DefaultOperationId{id=putIfAbsentWithTtl, type=COMMAND}, value=byte[]{length=61, hash=-178706657}}}}
04:56:22.534 [raft-server-system-partition-1] TRACE i.a.p.raft.roles.FollowerRole - RaftServer{system-partition-1}{role=FOLLOWER} - Appended Indexed{index=141, entry=CommandEntry{term=1, timestamp=2018-06-09 04:56:22,533, session=138, sequence=2, operation=PrimitiveOperation{id=DefaultOperationId{id=putIfAbsentWithTtl, type=COMMAND}, value=byte[]{length=61, hash=-178706657}}}}
04:56:22.566 [raft-server-system-partition-1] TRACE i.a.p.raft.roles.FollowerRole - RaftServer{system-partition-1}{role=FOLLOWER} - Committed entries up to index 140
04:56:22.566 [raft-server-system-partition-1] TRACE i.a.p.raft.roles.FollowerRole - RaftServer{system-partition-1}{role=FOLLOWER} - Sending AppendResponse{status=OK, term=1, succeeded=true, lastLogIndex=141}
04:56:22.567 [raft-server-system-partition-1-state] TRACE i.a.p.raft.impl.RaftServiceManager - RaftServer{system-partition-1} - Applying Indexed{index=140, entry=CommandEntry{term=1, timestamp=2018-06-09 04:56:22,441, session=138, sequence=1, operation=PrimitiveOperation{id=DefaultOperationId{id=putIfAbsentWithTtl, type=COMMAND}, value=byte[]{length=45, hash=-655357269}}}}
04:56:22.567 [raft-server-system-partition-1] TRACE i.a.p.raft.roles.LeaderAppender - RaftServer{system-partition-1} - Received AppendResponse{status=OK, term=1, succeeded=true, lastLogIndex=141} from 2
04:56:22.567 [raft-server-system-partition-1] TRACE i.a.p.raft.roles.LeaderAppender - RaftServer{system-partition-1} - Committed entries up to 141
04:56:22.583 [raft-server-system-partition-1] TRACE i.a.p.raft.roles.FollowerRole - RaftServer{system-partition-1}{role=FOLLOWER} - Committed entries up to index 140
04:56:22.583 [raft-server-system-partition-1] TRACE i.a.p.raft.roles.FollowerRole - RaftServer{system-partition-1}{role=FOLLOWER} - Sending AppendResponse{status=OK, term=1, succeeded=true, lastLogIndex=141}
04:56:22.583 [raft-server-system-partition-1-state] TRACE i.a.p.raft.impl.RaftServiceManager - RaftServer{system-partition-1} - Applying Indexed{index=140, entry=CommandEntry{term=1, timestamp=2018-06-09 04:56:22,441, session=138, sequence=1, operation=PrimitiveOperation{id=DefaultOperationId{id=putIfAbsentWithTtl, type=COMMAND}, value=byte[]{length=45, hash=-655357269}}}}
04:56:22.600 [raft-server-system-partition-1] TRACE i.a.p.raft.roles.LeaderAppender - RaftServer{system-partition-1} - Sending AppendRequest{term=1, leader=3, prevLogIndex=141, prevLogTerm=1, entries=0, commitIndex=141} to 2
04:56:22.600 [raft-server-system-partition-1] TRACE i.a.p.raft.roles.LeaderAppender - RaftServer{system-partition-1} - Received AppendResponse{status=OK, term=1, succeeded=true, lastLogIndex=141} from 1
04:56:22.600 [raft-server-system-partition-1] TRACE i.a.p.raft.roles.LeaderAppender - RaftServer{system-partition-1} - Sending AppendRequest{term=1, leader=3, prevLogIndex=141, prevLogTerm=1, entries=0, commitIndex=141} to 1
04:56:22.600 [raft-server-system-partition-1-state] TRACE i.a.p.raft.impl.RaftServiceManager - RaftServer{system-partition-1} - Applying Indexed{index=141, entry=CommandEntry{term=1, timestamp=2018-06-09 04:56:22,533, session=138, sequence=2, operation=PrimitiveOperation{id=DefaultOperationId{id=putIfAbsentWithTtl, type=COMMAND}, value=byte[]{length=61, hash=-178706657}}}}
04:56:22.600 [raft-server-system-partition-1] TRACE i.a.p.raft.roles.FollowerRole - RaftServer{system-partition-1}{role=FOLLOWER} - Received AppendRequest{term=1, leader=3, prevLogIndex=141, prevLogTerm=1, entries=0, commitIndex=141}
04:56:22.600 [raft-server-system-partition-1-state] TRACE i.a.protocols.raft.roles.LeaderRole - RaftServer{system-partition-1}{role=LEADER} - Sending CommandResponse{status=OK, index=141, eventIndex=138, result=byte[]{length=46, hash=2126533518}}
04:56:22.600 [raft-server-system-partition-1] TRACE i.a.p.raft.roles.FollowerRole - RaftServer{system-partition-1}{role=FOLLOWER} - Committed entries up to index 141
04:56:22.600 [raft-server-system-partition-1] TRACE i.a.p.raft.roles.FollowerRole - RaftServer{system-partition-1}{role=FOLLOWER} - Received AppendRequest{term=1, leader=3, prevLogIndex=141, prevLogTerm=1, entries=0, commitIndex=141}
04:56:22.600 [raft-server-system-partition-1] TRACE i.a.p.raft.roles.FollowerRole - RaftServer{system-partition-1}{role=FOLLOWER} - Sending AppendResponse{status=OK, term=1, succeeded=true, lastLogIndex=141}
04:56:22.600 [raft-server-system-partition-1] TRACE i.a.p.raft.roles.FollowerRole - RaftServer{system-partition-1}{role=FOLLOWER} - Committed entries up to index 141
04:56:22.600 [raft-client-system-partition-1-4] TRACE i.a.p.r.p.impl.RaftProxyConnection - SessionClient{138}{type=ConsistentMapType{name=consistent-map}, name=primitives} - Received CommandResponse{status=OK, index=141, eventIndex=138, result=byte[]{length=46, hash=2126533518}} from 3
04:56:22.600 [raft-server-system-partition-1] TRACE i.a.p.raft.roles.FollowerRole - RaftServer{system-partition-1}{role=FOLLOWER} - Sending AppendResponse{status=OK, term=1, succeeded=true, lastLogIndex=141}
04:56:22.600 [raft-server-system-partition-1-state] TRACE i.a.p.raft.impl.RaftServiceManager - RaftServer{system-partition-1} - Applying Indexed{index=141, entry=CommandEntry{term=1, timestamp=2018-06-09 04:56:22,533, session=138, sequence=2, operation=PrimitiveOperation{id=DefaultOperationId{id=putIfAbsentWithTtl, type=COMMAND}, value=byte[]{length=61, hash=-178706657}}}}
04:56:22.600 [raft-client-system-partition-1-4] TRACE i.a.p.r.p.impl.RaftProxySequencer - SessionClient{138}{type=ConsistentMapType{name=consistent-map}, name=primitives} - Completing response CommandResponse{status=OK, index=141, eventIndex=138, result=byte[]{length=46, hash=2126533518}}
04:56:22.600 [raft-server-system-partition-1] TRACE i.a.p.raft.roles.LeaderAppender - RaftServer{system-partition-1} - Received AppendResponse{status=OK, term=1, succeeded=true, lastLogIndex=141} from 1
04:56:22.601 [raft-server-system-partition-1-state] TRACE i.a.p.raft.impl.RaftServiceManager - RaftServer{system-partition-1} - Applying Indexed{index=141, entry=CommandEntry{term=1, timestamp=2018-06-09 04:56:22,533, session=138, sequence=2, operation=PrimitiveOperation{id=DefaultOperationId{id=putIfAbsentWithTtl, type=COMMAND}, value=byte[]{length=61, hash=-178706657}}}}
04:56:22.601 [raft-server-system-partition-1] TRACE i.a.p.raft.roles.LeaderAppender - RaftServer{system-partition-1} - Received AppendResponse{status=OK, term=1, succeeded=true, lastLogIndex=141} from 2
04:56:22.626 [raft-server-raft-partition-3] TRACE i.a.p.raft.roles.LeaderAppender - RaftServer{raft-partition-3} - Sending AppendRequest{term=1, leader=1, prevLogIndex=1, prevLogTerm=1, entries=0, commitIndex=1} to 3
04:56:22.626 [raft-server-raft-partition-3] TRACE i.a.p.raft.roles.LeaderAppender - RaftServer{raft-partition-3} - Sending AppendRequest{term=1, leader=1, prevLogIndex=1, prevLogTerm=1, entries=0, commitIndex=1} to 2
04:56:22.626 [raft-server-raft-partition-3] TRACE i.a.p.raft.roles.FollowerRole - RaftServer{raft-partition-3}{role=FOLLOWER} - Received AppendRequest{term=1, leader=1, prevLogIndex=1, prevLogTerm=1, entries=0, commitIndex=1}
04:56:22.626 [raft-server-raft-partition-3] TRACE i.a.p.raft.roles.FollowerRole - RaftServer{raft-partition-3}{role=FOLLOWER} - Received AppendRequest{term=1, leader=1, prevLogIndex=1, prevLogTerm=1, entries=0, commitIndex=1}
04:56:22.626 [raft-server-raft-partition-3] TRACE i.a.p.raft.roles.FollowerRole - RaftServer{raft-partition-3}{role=FOLLOWER} - Sending AppendResponse{status=OK, term=1, succeeded=true, lastLogIndex=1}
04:56:22.626 [raft-server-raft-partition-3] TRACE i.a.p.raft.roles.FollowerRole - RaftServer{raft-partition-3}{role=FOLLOWER} - Sending AppendResponse{status=OK, term=1, succeeded=true, lastLogIndex=1}
04:56:22.627 [raft-server-raft-partition-3] TRACE i.a.p.raft.roles.LeaderAppender - RaftServer{raft-partition-3} - Received AppendResponse{status=OK, term=1, succeeded=true, lastLogIndex=1} from 2
04:56:22.627 [raft-server-raft-partition-3] TRACE i.a.p.raft.roles.LeaderAppender - RaftServer{raft-partition-3} - Sending AppendRequest{term=1, leader=1, prevLogIndex=1, prevLogTerm=1, entries=0, commitIndex=1} to 2
04:56:22.627 [raft-server-raft-partition-3] TRACE i.a.p.raft.roles.LeaderAppender - RaftServer{raft-partition-3} - Received AppendResponse{status=OK, term=1, succeeded=true, lastLogIndex=1} from 3
04:56:22.627 [raft-server-raft-partition-3] TRACE i.a.p.raft.roles.LeaderAppender - RaftServer{raft-partition-3} - Sending AppendRequest{term=1, leader=1, prevLogIndex=1, prevLogTerm=1, entries=0, commitIndex=1} to 3
04:56:22.627 [raft-server-raft-partition-3] TRACE i.a.p.raft.roles.FollowerRole - RaftServer{raft-partition-3}{role=FOLLOWER} - Received AppendRequest{term=1, leader=1, prevLogIndex=1, prevLogTerm=1, entries=0, commitIndex=1}
04:56:22.627 [raft-server-raft-partition-3] TRACE i.a.p.raft.roles.FollowerRole - RaftServer{raft-partition-3}{role=FOLLOWER} - Sending AppendResponse{status=OK, term=1, succeeded=true, lastLogIndex=1}
04:56:22.627 [raft-server-raft-partition-3] TRACE i.a.p.raft.roles.LeaderAppender - RaftServer{raft-partition-3} - Received AppendResponse{status=OK, term=1, succeeded=true, lastLogIndex=1} from 2
04:56:22.627 [raft-server-raft-partition-3] TRACE i.a.p.raft.roles.FollowerRole - RaftServer{raft-partition-3}{role=FOLLOWER} - Received AppendRequest{term=1, leader=1, prevLogIndex=1, prevLogTerm=1, entries=0, commitIndex=1}
04:56:22.627 [raft-server-raft-partition-3] TRACE i.a.p.raft.roles.FollowerRole - RaftServer{raft-partition-3}{role=FOLLOWER} - Sending AppendResponse{status=OK, term=1, succeeded=true, lastLogIndex=1}
04:56:22.628 [raft-server-raft-partition-3] TRACE i.a.p.raft.roles.LeaderAppender - RaftServer{raft-partition-3} - Received AppendResponse{status=OK, term=1, succeeded=true, lastLogIndex=1} from 3
04:56:22.701 [raft-server-raft-partition-2] TRACE i.a.p.raft.roles.LeaderAppender - RaftServer{raft-partition-2} - Sending AppendRequest{term=1, leader=3, prevLogIndex=1, prevLogTerm=1, entries=0, commitIndex=1} to 1
04:56:22.701 [raft-server-raft-partition-2] TRACE i.a.p.raft.roles.LeaderAppender - RaftServer{raft-partition-2} - Sending AppendRequest{term=1, leader=3, prevLogIndex=1, prevLogTerm=1, entries=0, commitIndex=1} to 2
04:56:22.701 [raft-server-raft-partition-2] TRACE i.a.p.raft.roles.FollowerRole - RaftServer{raft-partition-2}{role=FOLLOWER} - Received AppendRequest{term=1, leader=3, prevLogIndex=1, prevLogTerm=1, entries=0, commitIndex=1}
04:56:22.702 [raft-server-raft-partition-2] TRACE i.a.p.raft.roles.FollowerRole - RaftServer{raft-partition-2}{role=FOLLOWER} - Sending AppendResponse{status=OK, term=1, succeeded=true, lastLogIndex=1}
04:56:22.702 [raft-server-raft-partition-2] TRACE i.a.p.raft.roles.FollowerRole - RaftServer{raft-partition-2}{role=FOLLOWER} - Received AppendRequest{term=1, leader=3, prevLogIndex=1, prevLogTerm=1, entries=0, commitIndex=1}
04:56:22.702 [raft-server-raft-partition-2] TRACE i.a.p.raft.roles.FollowerRole - RaftServer{raft-partition-2}{role=FOLLOWER} - Sending AppendResponse{status=OK, term=1, succeeded=true, lastLogIndex=1}
04:56:22.702 [raft-server-raft-partition-2] TRACE i.a.p.raft.roles.LeaderAppender - RaftServer{raft-partition-2} - Received AppendResponse{status=OK, term=1, succeeded=true, lastLogIndex=1} from 2
04:56:22.702 [raft-server-raft-partition-2] TRACE i.a.p.raft.roles.LeaderAppender - RaftServer{raft-partition-2} - Sending AppendRequest{term=1, leader=3, prevLogIndex=1, prevLogTerm=1, entries=0, commitIndex=1} to 2
04:56:22.702 [raft-server-raft-partition-2] TRACE i.a.p.raft.roles.LeaderAppender - RaftServer{raft-partition-2} - Received AppendResponse{status=OK, term=1, succeeded=true, lastLogIndex=1} from 1
04:56:22.702 [raft-server-raft-partition-2] TRACE i.a.p.raft.roles.LeaderAppender - RaftServer{raft-partition-2} - Sending AppendRequest{term=1, leader=3, prevLogIndex=1, prevLogTerm=1, entries=0, commitIndex=1} to 1
04:56:22.702 [raft-server-raft-partition-2] TRACE i.a.p.raft.roles.FollowerRole - RaftServer{raft-partition-2}{role=FOLLOWER} - Received AppendRequest{term=1, leader=3, prevLogIndex=1, prevLogTerm=1, entries=0, commitIndex=1}
04:56:22.702 [raft-server-raft-partition-2] TRACE i.a.p.raft.roles.FollowerRole - RaftServer{raft-partition-2}{role=FOLLOWER} - Sending AppendResponse{status=OK, term=1, succeeded=true, lastLogIndex=1}
04:56:22.702 [raft-server-raft-partition-2] TRACE i.a.p.raft.roles.FollowerRole - RaftServer{raft-partition-2}{role=FOLLOWER} - Received AppendRequest{term=1, leader=3, prevLogIndex=1, prevLogTerm=1, entries=0, commitIndex=1}
04:56:22.702 [raft-server-raft-partition-2] TRACE i.a.p.raft.roles.FollowerRole - RaftServer{raft-partition-2}{role=FOLLOWER} - Sending AppendResponse{status=OK, term=1, succeeded=true, lastLogIndex=1}
04:56:22.702 [raft-server-raft-partition-2] TRACE i.a.p.raft.roles.LeaderAppender - RaftServer{raft-partition-2} - Received AppendResponse{status=OK, term=1, succeeded=true, lastLogIndex=1} from 2
04:56:22.702 [raft-server-raft-partition-2] TRACE i.a.p.raft.roles.LeaderAppender - RaftServer{raft-partition-2} - Received AppendResponse{status=OK, term=1, succeeded=true, lastLogIndex=1} from 1
04:56:22.735 [raft-server-raft-partition-1] TRACE i.a.p.raft.roles.LeaderAppender - RaftServer{raft-partition-1} - Sending AppendRequest{term=1, leader=2, prevLogIndex=1, prevLogTerm=1, entries=0, commitIndex=1} to 3
04:56:22.735 [raft-server-raft-partition-1] TRACE i.a.p.raft.roles.LeaderAppender - RaftServer{raft-partition-1} - Sending AppendRequest{term=1, leader=2, prevLogIndex=1, prevLogTerm=1, entries=0, commitIndex=1} to 1
04:56:22.735 [raft-server-raft-partition-1] TRACE i.a.p.raft.roles.FollowerRole - RaftServer{raft-partition-1}{role=FOLLOWER} - Received AppendRequest{term=1, leader=2, prevLogIndex=1, prevLogTerm=1, entries=0, commitIndex=1}
04:56:22.735 [raft-server-raft-partition-1] TRACE i.a.p.raft.roles.FollowerRole - RaftServer{raft-partition-1}{role=FOLLOWER} - Received AppendRequest{term=1, leader=2, prevLogIndex=1, prevLogTerm=1, entries=0, commitIndex=1}
04:56:22.735 [raft-server-raft-partition-1] TRACE i.a.p.raft.roles.FollowerRole - RaftServer{raft-partition-1}{role=FOLLOWER} - Sending AppendResponse{status=OK, term=1, succeeded=true, lastLogIndex=1}
04:56:22.735 [raft-server-raft-partition-1] TRACE i.a.p.raft.roles.FollowerRole - RaftServer{raft-partition-1}{role=FOLLOWER} - Sending AppendResponse{status=OK, term=1, succeeded=true, lastLogIndex=1}
04:56:22.735 [raft-server-raft-partition-1] TRACE i.a.p.raft.roles.LeaderAppender - RaftServer{raft-partition-1} - Received AppendResponse{status=OK, term=1, succeeded=true, lastLogIndex=1} from 3
04:56:22.735 [raft-server-raft-partition-1] TRACE i.a.p.raft.roles.LeaderAppender - RaftServer{raft-partition-1} - Sending AppendRequest{term=1, leader=2, prevLogIndex=1, prevLogTerm=1, entries=0, commitIndex=1} to 3
04:56:22.735 [raft-server-raft-partition-1] TRACE i.a.p.raft.roles.LeaderAppender - RaftServer{raft-partition-1} - Received AppendResponse{status=OK, term=1, succeeded=true, lastLogIndex=1} from 1
04:56:22.735 [raft-server-raft-partition-1] TRACE i.a.p.raft.roles.LeaderAppender - RaftServer{raft-partition-1} - Sending AppendRequest{term=1, leader=2, prevLogIndex=1, prevLogTerm=1, entries=0, commitIndex=1} to 1
04:56:22.735 [raft-server-raft-partition-1] TRACE i.a.p.raft.roles.FollowerRole - RaftServer{raft-partition-1}{role=FOLLOWER} - Received AppendRequest{term=1, leader=2, prevLogIndex=1, prevLogTerm=1, entries=0, commitIndex=1}
04:56:22.735 [raft-server-raft-partition-1] TRACE i.a.p.raft.roles.FollowerRole - RaftServer{raft-partition-1}{role=FOLLOWER} - Sending AppendResponse{status=OK, term=1, succeeded=true, lastLogIndex=1}
04:56:22.736 [raft-server-raft-partition-1] TRACE i.a.p.raft.roles.FollowerRole - RaftServer{raft-partition-1}{role=FOLLOWER} - Received AppendRequest{term=1, leader=2, prevLogIndex=1, prevLogTerm=1, entries=0, commitIndex=1}
04:56:22.736 [raft-server-raft-partition-1] TRACE i.a.p.raft.roles.FollowerRole - RaftServer{raft-partition-1}{role=FOLLOWER} - Sending AppendResponse{status=OK, term=1, succeeded=true, lastLogIndex=1}
04:56:22.736 [raft-server-raft-partition-1] TRACE i.a.p.raft.roles.LeaderAppender - RaftServer{raft-partition-1} - Received AppendResponse{status=OK, term=1, succeeded=true, lastLogIndex=1} from 3
04:56:22.736 [raft-server-raft-partition-1] TRACE i.a.p.raft.roles.LeaderAppender - RaftServer{raft-partition-1} - Sending AppendRequest{term=1, leader=2, prevLogIndex=1, prevLogTerm=1, entries=0, commitIndex=1} to 3
04:56:22.736 [raft-server-raft-partition-1] TRACE i.a.p.raft.roles.LeaderAppender - RaftServer{raft-partition-1} - Received AppendResponse{status=OK, term=1, succeeded=true, lastLogIndex=1} from 1
04:56:22.736 [raft-server-raft-partition-1] TRACE i.a.p.raft.roles.LeaderAppender - RaftServer{raft-partition-1} - Sending AppendRequest{term=1, leader=2, prevLogIndex=1, prevLogTerm=1, entries=0, commitIndex=1} to 1
04:56:22.736 [raft-server-raft-partition-1] TRACE i.a.p.raft.roles.FollowerRole - RaftServer{raft-partition-1}{role=FOLLOWER} - Received AppendRequest{term=1, leader=2, prevLogIndex=1, prevLogTerm=1, entries=0, commitIndex=1}
04:56:22.736 [raft-server-raft-partition-1] TRACE i.a.p.raft.roles.FollowerRole - RaftServer{raft-partition-1}{role=FOLLOWER} - Sending AppendResponse{status=OK, term=1, succeeded=true, lastLogIndex=1}
04:56:22.736 [raft-server-raft-partition-1] TRACE i.a.p.raft.roles.FollowerRole - RaftServer{raft-partition-1}{role=FOLLOWER} - Received AppendRequest{term=1, leader=2, prevLogIndex=1, prevLogTerm=1, entries=0, commitIndex=1}
04:56:22.736 [raft-server-raft-partition-1] TRACE i.a.p.raft.roles.FollowerRole - RaftServer{raft-partition-1}{role=FOLLOWER} - Sending AppendResponse{status=OK, term=1, succeeded=true, lastLogIndex=1}
04:56:22.736 [raft-server-raft-partition-1] TRACE i.a.p.raft.roles.LeaderAppender - RaftServer{raft-partition-1} - Received AppendResponse{status=OK, term=1, succeeded=true, lastLogIndex=1} from 1
04:56:22.736 [raft-server-raft-partition-1] TRACE i.a.p.raft.roles.LeaderAppender - RaftServer{raft-partition-1} - Received AppendResponse{status=OK, term=1, succeeded=true, lastLogIndex=1} from 3
04:56:22.807 [Time-limited test] WARN  i.a.c.m.impl.NettyMessagingService - Disabling TLS for intra-cluster messaging; Could not load cluster key store: ../config/atomix.jks (No such file or directory)
04:56:22.809 [netty-messaging-event-epoll-server-0] INFO  i.a.c.m.impl.NettyMessagingService - localhost/127.0.0.1 accepting incoming connections on port 5011
04:56:22.810 [netty-messaging-event-epoll-server-0] INFO  i.a.c.m.impl.NettyMessagingService - Started
04:56:22.810 [raft-server-system-partition-1] TRACE i.a.p.raft.roles.LeaderAppender - RaftServer{system-partition-1} - Sending AppendRequest{term=1, leader=3, prevLogIndex=141, prevLogTerm=1, entries=0, commitIndex=141} to 1
04:56:22.810 [raft-server-system-partition-1] TRACE i.a.p.raft.roles.LeaderAppender - RaftServer{system-partition-1} - Sending AppendRequest{term=1, leader=3, prevLogIndex=141, prevLogTerm=1, entries=0, commitIndex=141} to 2
04:56:22.810 [atomix-cluster-0] INFO  i.a.c.i.DefaultClusterMembershipService - 11 - Member activated: StatefulMember{id=11, address=localhost:5011, metadata={}}
04:56:22.810 [raft-server-system-partition-1] TRACE i.a.p.raft.roles.FollowerRole - RaftServer{system-partition-1}{role=FOLLOWER} - Received AppendRequest{term=1, leader=3, prevLogIndex=141, prevLogTerm=1, entries=0, commitIndex=141}
04:56:22.810 [raft-server-system-partition-1] TRACE i.a.p.raft.roles.FollowerRole - RaftServer{system-partition-1}{role=FOLLOWER} - Sending AppendResponse{status=OK, term=1, succeeded=true, lastLogIndex=141}
04:56:22.810 [raft-server-system-partition-1] TRACE i.a.p.raft.roles.FollowerRole - RaftServer{system-partition-1}{role=FOLLOWER} - Received AppendRequest{term=1, leader=3, prevLogIndex=141, prevLogTerm=1, entries=0, commitIndex=141}
04:56:22.810 [raft-server-system-partition-1] TRACE i.a.p.raft.roles.FollowerRole - RaftServer{system-partition-1}{role=FOLLOWER} - Sending AppendResponse{status=OK, term=1, succeeded=true, lastLogIndex=141}
04:56:22.810 [atomix-cluster-0] INFO  i.a.c.i.DefaultClusterMembershipService - 11 - Member activated: StatefulMember{id=1, address=localhost:5001, metadata={}}
04:56:22.810 [raft-server-system-partition-1] TRACE i.a.p.raft.roles.LeaderAppender - RaftServer{system-partition-1} - Received AppendResponse{status=OK, term=1, succeeded=true, lastLogIndex=141} from 1
04:56:22.810 [raft-server-system-partition-1] TRACE i.a.p.raft.roles.LeaderAppender - RaftServer{system-partition-1} - Sending AppendRequest{term=1, leader=3, prevLogIndex=141, prevLogTerm=1, entries=0, commitIndex=141} to 1
04:56:22.810 [raft-server-system-partition-1] TRACE i.a.p.raft.roles.LeaderAppender - RaftServer{system-partition-1} - Received AppendResponse{status=OK, term=1, succeeded=true, lastLogIndex=141} from 2
04:56:22.810 [raft-server-system-partition-1] TRACE i.a.p.raft.roles.LeaderAppender - RaftServer{system-partition-1} - Sending AppendRequest{term=1, leader=3, prevLogIndex=141, prevLogTerm=1, entries=0, commitIndex=141} to 2
04:56:22.811 [raft-server-system-partition-1] TRACE i.a.p.raft.roles.FollowerRole - RaftServer{system-partition-1}{role=FOLLOWER} - Received AppendRequest{term=1, leader=3, prevLogIndex=141, prevLogTerm=1, entries=0, commitIndex=141}
04:56:22.811 [raft-server-system-partition-1] TRACE i.a.p.raft.roles.FollowerRole - RaftServer{system-partition-1}{role=FOLLOWER} - Sending AppendResponse{status=OK, term=1, succeeded=true, lastLogIndex=141}
04:56:22.811 [raft-server-system-partition-1] TRACE i.a.p.raft.roles.FollowerRole - RaftServer{system-partition-1}{role=FOLLOWER} - Received AppendRequest{term=1, leader=3, prevLogIndex=141, prevLogTerm=1, entries=0, commitIndex=141}
04:56:22.811 [raft-server-system-partition-1] TRACE i.a.p.raft.roles.FollowerRole - RaftServer{system-partition-1}{role=FOLLOWER} - Sending AppendResponse{status=OK, term=1, succeeded=true, lastLogIndex=141}
04:56:22.811 [atomix-cluster-heartbeat-receiver] INFO  i.a.c.i.DefaultClusterMembershipService - 1 - Member activated: StatefulMember{id=11, address=localhost:5011, metadata={}}
04:56:22.811 [atomix-cluster-0] INFO  i.a.c.i.DefaultClusterMembershipService - 11 - Member activated: StatefulMember{id=2, address=localhost:5002, metadata={}}
04:56:22.811 [atomix-cluster-0] INFO  i.a.c.i.DefaultClusterMembershipService - 11 - Member activated: StatefulMember{id=3, address=localhost:5003, metadata={}}
04:56:22.811 [raft-server-system-partition-1] TRACE i.a.p.raft.roles.LeaderAppender - RaftServer{system-partition-1} - Received AppendResponse{status=OK, term=1, succeeded=true, lastLogIndex=141} from 1
04:56:22.811 [raft-server-system-partition-1] TRACE i.a.p.raft.roles.LeaderAppender - RaftServer{system-partition-1} - Sending AppendRequest{term=1, leader=3, prevLogIndex=141, prevLogTerm=1, entries=0, commitIndex=141} to 1
04:56:22.811 [atomix-cluster-heartbeat-receiver] INFO  i.a.c.i.DefaultClusterMembershipService - 2 - Member activated: StatefulMember{id=11, address=localhost:5011, metadata={}}
04:56:22.811 [raft-server-system-partition-1] TRACE i.a.p.raft.roles.LeaderAppender - RaftServer{system-partition-1} - Received AppendResponse{status=OK, term=1, succeeded=true, lastLogIndex=141} from 2
04:56:22.811 [raft-server-system-partition-1] TRACE i.a.p.raft.roles.LeaderAppender - RaftServer{system-partition-1} - Sending AppendRequest{term=1, leader=3, prevLogIndex=141, prevLogTerm=1, entries=0, commitIndex=141} to 2
04:56:22.812 [raft-server-system-partition-1] TRACE i.a.p.raft.roles.FollowerRole - RaftServer{system-partition-1}{role=FOLLOWER} - Received AppendRequest{term=1, leader=3, prevLogIndex=141, prevLogTerm=1, entries=0, commitIndex=141}
04:56:22.812 [atomix-cluster-heartbeat-receiver] INFO  i.a.c.i.DefaultClusterMembershipService - 3 - Member activated: StatefulMember{id=11, address=localhost:5011, metadata={}}
04:56:22.812 [raft-server-system-partition-1] TRACE i.a.p.raft.roles.FollowerRole - RaftServer{system-partition-1}{role=FOLLOWER} - Sending AppendResponse{status=OK, term=1, succeeded=true, lastLogIndex=141}
04:56:22.812 [raft-server-system-partition-1] TRACE i.a.p.raft.roles.FollowerRole - RaftServer{system-partition-1}{role=FOLLOWER} - Received AppendRequest{term=1, leader=3, prevLogIndex=141, prevLogTerm=1, entries=0, commitIndex=141}
04:56:22.812 [raft-server-system-partition-1] TRACE i.a.p.raft.roles.FollowerRole - RaftServer{system-partition-1}{role=FOLLOWER} - Sending AppendResponse{status=OK, term=1, succeeded=true, lastLogIndex=141}
04:56:22.812 [netty-messaging-event-epoll-client-0] INFO  i.a.c.i.DefaultClusterMembershipService - 11 - Member activated: StatefulMember{id=10, address=127.0.0.1:5010, metadata={}}
04:56:22.812 [raft-server-system-partition-1] TRACE i.a.p.raft.roles.LeaderAppender - RaftServer{system-partition-1} - Received AppendResponse{status=OK, term=1, succeeded=true, lastLogIndex=141} from 2
04:56:22.813 [netty-messaging-event-epoll-client-1] INFO  i.a.c.i.DefaultClusterMembershipService - Started
04:56:22.814 [raft-server-system-partition-1] TRACE i.a.p.raft.roles.LeaderAppender - RaftServer{system-partition-1} - Received AppendResponse{status=OK, term=1, succeeded=true, lastLogIndex=141} from 1
04:56:22.814 [atomix-cluster-0] INFO  i.a.c.m.i.DefaultClusterCommunicationService - Started
04:56:22.815 [atomix-cluster-0] INFO  i.a.c.m.i.DefaultClusterEventService - Started
04:56:22.815 [atomix-cluster-heartbeat-receiver] INFO  i.a.c.i.DefaultClusterMembershipService - 10 - Member activated: StatefulMember{id=11, address=localhost:5011, metadata={}}
04:56:22.825 [atomix-partition-group-membership-service-0] INFO  i.a.p.p.i.DefaultPartitionGroupMembershipService - Started
04:56:22.826 [atomix-partition-group-membership-service-0] INFO  i.a.p.p.i.HashBasedPrimaryElectionService - Started
04:56:22.826 [raft-client-system-partition-1-0] INFO  i.a.p.r.p.impl.RaftPartitionClient - Successfully started client for partition PartitionId{id=1, group=system}
04:56:22.826 [raft-client-system-partition-1-0] INFO  i.a.p.r.partition.RaftPartitionGroup - Started
04:56:22.826 [raft-client-system-partition-1-0] DEBUG i.a.p.r.proxy.impl.RaftProxyManager - RaftClient{system-partition-1} - Opening session; name: atomix-primary-elector, type: PrimaryElectorType{name=PRIMARY_ELECTOR}
04:56:22.827 [raft-client-system-partition-1-0] TRACE i.a.p.r.p.impl.RaftProxyConnection - RaftClient{system-partition-1} - Sending OpenSessionRequest{node=11, serviceName=atomix-primary-elector, serviceType=PRIMARY_ELECTOR, readConsistency=SEQUENTIAL, minTimeout=250, maxTimeout=30000} to 2
04:56:22.828 [raft-server-system-partition-1] TRACE i.a.p.raft.roles.FollowerRole - RaftServer{system-partition-1}{role=FOLLOWER} - Received OpenSessionRequest{node=11, serviceName=atomix-primary-elector, serviceType=PRIMARY_ELECTOR, readConsistency=SEQUENTIAL, minTimeout=250, maxTimeout=30000}
04:56:22.828 [raft-server-system-partition-1] TRACE i.a.protocols.raft.roles.LeaderRole - RaftServer{system-partition-1}{role=LEADER} - Received OpenSessionRequest{node=11, serviceName=atomix-primary-elector, serviceType=PRIMARY_ELECTOR, readConsistency=SEQUENTIAL, minTimeout=250, maxTimeout=30000}
04:56:22.828 [raft-server-system-partition-1] TRACE i.a.protocols.raft.roles.LeaderRole - RaftServer{system-partition-1}{role=LEADER} - Appended Indexed{index=142, entry=OpenSessionEntry{term=1, timestamp=2018-06-09 04:56:22,828, node=11, serviceName=atomix-primary-elector, serviceType=PRIMARY_ELECTOR, serviceConfig=byte[]{length=2, hash=2636}, readConsistency=SEQUENTIAL, minTimeout=250, maxTimeout=30000}}
04:56:22.828 [raft-server-system-partition-1] TRACE i.a.p.raft.roles.LeaderAppender - RaftServer{system-partition-1} - Sending AppendRequest{term=1, leader=3, prevLogIndex=141, prevLogTerm=1, entries=1, commitIndex=141} to 1
04:56:22.828 [raft-server-system-partition-1] TRACE i.a.p.raft.roles.LeaderAppender - RaftServer{system-partition-1} - Sending AppendRequest{term=1, leader=3, prevLogIndex=141, prevLogTerm=1, entries=1, commitIndex=141} to 2
04:56:22.828 [raft-server-system-partition-1] TRACE i.a.p.raft.roles.FollowerRole - RaftServer{system-partition-1}{role=FOLLOWER} - Received AppendRequest{term=1, leader=3, prevLogIndex=141, prevLogTerm=1, entries=1, commitIndex=141}
04:56:22.828 [raft-server-system-partition-1] TRACE i.a.p.raft.roles.FollowerRole - RaftServer{system-partition-1}{role=FOLLOWER} - Received AppendRequest{term=1, leader=3, prevLogIndex=141, prevLogTerm=1, entries=1, commitIndex=141}
04:56:22.828 [raft-server-system-partition-1] TRACE i.a.p.raft.roles.FollowerRole - RaftServer{system-partition-1}{role=FOLLOWER} - Appended Indexed{index=142, entry=OpenSessionEntry{term=1, timestamp=2018-06-09 04:56:22,828, node=11, serviceName=atomix-primary-elector, serviceType=PRIMARY_ELECTOR, serviceConfig=byte[]{length=2, hash=2636}, readConsistency=SEQUENTIAL, minTimeout=250, maxTimeout=30000}}
04:56:22.828 [raft-server-system-partition-1] TRACE i.a.p.raft.roles.FollowerRole - RaftServer{system-partition-1}{role=FOLLOWER} - Appended Indexed{index=142, entry=OpenSessionEntry{term=1, timestamp=2018-06-09 04:56:22,828, node=11, serviceName=atomix-primary-elector, serviceType=PRIMARY_ELECTOR, serviceConfig=byte[]{length=2, hash=2636}, readConsistency=SEQUENTIAL, minTimeout=250, maxTimeout=30000}}
04:56:22.829 [raft-server-system-partition-1] TRACE i.a.p.raft.roles.FollowerRole - RaftServer{system-partition-1}{role=FOLLOWER} - Sending AppendResponse{status=OK, term=1, succeeded=true, lastLogIndex=142}
04:56:22.829 [raft-server-system-partition-1] TRACE i.a.p.raft.roles.FollowerRole - RaftServer{system-partition-1}{role=FOLLOWER} - Sending AppendResponse{status=OK, term=1, succeeded=true, lastLogIndex=142}
04:56:22.829 [raft-server-system-partition-1] TRACE i.a.p.raft.roles.LeaderAppender - RaftServer{system-partition-1} - Received AppendResponse{status=OK, term=1, succeeded=true, lastLogIndex=142} from 1
04:56:22.829 [raft-server-system-partition-1] TRACE i.a.p.raft.roles.LeaderAppender - RaftServer{system-partition-1} - Committed entries up to 142
04:56:22.839 [atomix-data-6] TRACE i.a.p.backup.roles.PrimaryRole - PrimaryRole{data-partition-5}{role=PRIMARY} - Sending BackupRequest{primary=1, term=2, index=4, primitive=PrimitiveDescriptor{name=578de6e2-6341-4088-9f06-899bcc29f8d0, type=document-tree, backups=2, replication=ASYNCHRONOUS}, operations=[HeartbeatOperation{index=5, timestamp=1528512982839}]} to 2
04:56:22.839 [atomix-data-13] TRACE i.a.p.backup.roles.BackupRole - BackupRole{data-partition-5}{role=BACKUP} - Received BackupRequest{primary=1, term=2, index=4, primitive=PrimitiveDescriptor{name=578de6e2-6341-4088-9f06-899bcc29f8d0, type=document-tree, backups=2, replication=ASYNCHRONOUS}, operations=[HeartbeatOperation{index=5, timestamp=1528512982839}]}
04:56:22.840 [atomix-data-13] TRACE i.a.p.backup.roles.BackupRole - BackupRole{data-partition-5}{role=BACKUP} - Sending BackupResponse{status=OK}
04:56:22.858 [raft-server-system-partition-1] TRACE i.a.p.raft.roles.LeaderAppender - RaftServer{system-partition-1} - Received AppendResponse{status=OK, term=1, succeeded=true, lastLogIndex=142} from 2
04:56:22.858 [raft-server-system-partition-1-state] TRACE i.a.p.raft.impl.RaftServiceManager - RaftServer{system-partition-1} - Applying Indexed{index=142, entry=OpenSessionEntry{term=1, timestamp=2018-06-09 04:56:22,828, node=11, serviceName=atomix-primary-elector, serviceType=PRIMARY_ELECTOR, serviceConfig=byte[]{length=2, hash=2636}, readConsistency=SEQUENTIAL, minTimeout=250, maxTimeout=30000}}
04:56:22.858 [raft-server-system-partition-1-state] DEBUG i.a.p.r.service.RaftServiceContext - PrimitiveService{2}{type=PrimaryElectorType{name=PRIMARY_ELECTOR}, name=atomix-primary-elector} - Opening session 142
04:56:22.858 [raft-server-system-partition-1-state] DEBUG i.a.p.raft.session.RaftSession - Session{142}{type=PrimaryElectorType{name=PRIMARY_ELECTOR}, name=atomix-primary-elector} - State changed: OPEN
04:56:22.858 [raft-server-system-partition-1-state] TRACE i.a.protocols.raft.roles.LeaderRole - RaftServer{system-partition-1}{role=LEADER} - Sending OpenSessionResponse{status=OK, session=142, timeout=30000}
04:56:22.859 [raft-server-system-partition-1] TRACE i.a.p.raft.roles.FollowerRole - RaftServer{system-partition-1}{role=FOLLOWER} - Sending OpenSessionResponse{status=OK, session=142, timeout=30000}
04:56:22.859 [raft-client-system-partition-1-1] TRACE i.a.p.r.p.impl.RaftProxyConnection - RaftClient{system-partition-1} - Received OpenSessionResponse{status=OK, session=142, timeout=30000} from 2
04:56:22.860 [raft-client-system-partition-1-0] TRACE i.a.p.r.proxy.impl.RaftProxyManager - RaftClient{system-partition-1} - Keeping 1 sessions alive
04:56:22.860 [raft-client-system-partition-1-2] TRACE i.a.p.r.p.impl.RaftProxyConnection - RaftClient{system-partition-1} - Sending KeepAliveRequest{sessionIds=long[]{length=1, hash=173}, commandSequences=long[]{length=1, hash=31}, eventIndexes=long[]{length=1, hash=173}} to 2
04:56:22.861 [raft-client-system-partition-1-1] DEBUG i.a.p.r.proxy.impl.RaftProxyManager - RaftClient{system-partition-1} - Opening session; name: session-id, type: SessionIdGeneratorType{name=SESSION_ID_GENERATOR}
04:56:22.861 [raft-server-system-partition-1] TRACE i.a.p.raft.roles.FollowerRole - RaftServer{system-partition-1}{role=FOLLOWER} - Received KeepAliveRequest{sessionIds=long[]{length=1, hash=173}, commandSequences=long[]{length=1, hash=31}, eventIndexes=long[]{length=1, hash=173}}
04:56:22.861 [raft-server-system-partition-1] TRACE i.a.protocols.raft.roles.LeaderRole - RaftServer{system-partition-1}{role=LEADER} - Received KeepAliveRequest{sessionIds=long[]{length=1, hash=173}, commandSequences=long[]{length=1, hash=31}, eventIndexes=long[]{length=1, hash=173}}
04:56:22.861 [raft-server-system-partition-1] TRACE i.a.protocols.raft.roles.LeaderRole - RaftServer{system-partition-1}{role=LEADER} - Appended Indexed{index=143, entry=KeepAliveEntry{term=1, timestamp=2018-06-09 04:56:22,861, sessionIds=long[]{length=1, hash=173}, commandSequences=long[]{length=1, hash=31}, eventIndexes=long[]{length=1, hash=173}}}
04:56:22.861 [raft-server-system-partition-1] TRACE i.a.p.raft.roles.LeaderAppender - RaftServer{system-partition-1} - Sending AppendRequest{term=1, leader=3, prevLogIndex=142, prevLogTerm=1, entries=1, commitIndex=142} to 1
04:56:22.861 [raft-server-system-partition-1] TRACE i.a.p.raft.roles.LeaderAppender - RaftServer{system-partition-1} - Sending AppendRequest{term=1, leader=3, prevLogIndex=142, prevLogTerm=1, entries=1, commitIndex=142} to 2
04:56:22.861 [raft-server-system-partition-1] TRACE i.a.p.raft.roles.FollowerRole - RaftServer{system-partition-1}{role=FOLLOWER} - Received AppendRequest{term=1, leader=3, prevLogIndex=142, prevLogTerm=1, entries=1, commitIndex=142}
04:56:22.861 [raft-server-system-partition-1] TRACE i.a.p.raft.roles.FollowerRole - RaftServer{system-partition-1}{role=FOLLOWER} - Received AppendRequest{term=1, leader=3, prevLogIndex=142, prevLogTerm=1, entries=1, commitIndex=142}
04:56:22.861 [raft-server-system-partition-1] TRACE i.a.p.raft.roles.FollowerRole - RaftServer{system-partition-1}{role=FOLLOWER} - Appended Indexed{index=143, entry=KeepAliveEntry{term=1, timestamp=2018-06-09 04:56:22,861, sessionIds=long[]{length=1, hash=173}, commandSequences=long[]{length=1, hash=31}, eventIndexes=long[]{length=1, hash=173}}}
04:56:22.861 [raft-server-system-partition-1] TRACE i.a.p.raft.roles.FollowerRole - RaftServer{system-partition-1}{role=FOLLOWER} - Appended Indexed{index=143, entry=KeepAliveEntry{term=1, timestamp=2018-06-09 04:56:22,861, sessionIds=long[]{length=1, hash=173}, commandSequences=long[]{length=1, hash=31}, eventIndexes=long[]{length=1, hash=173}}}
04:56:22.862 [raft-client-system-partition-1-4] TRACE i.a.p.r.p.impl.RaftProxyConnection - RaftClient{system-partition-1} - Sending OpenSessionRequest{node=11, serviceName=session-id, serviceType=SESSION_ID_GENERATOR, readConsistency=SEQUENTIAL, minTimeout=250, maxTimeout=30000} to 2
04:56:22.876 [raft-server-raft-partition-3] TRACE i.a.p.raft.roles.LeaderAppender - RaftServer{raft-partition-3} - Sending AppendRequest{term=1, leader=1, prevLogIndex=1, prevLogTerm=1, entries=0, commitIndex=1} to 3
04:56:22.876 [raft-server-raft-partition-3] TRACE i.a.p.raft.roles.LeaderAppender - RaftServer{raft-partition-3} - Sending AppendRequest{term=1, leader=1, prevLogIndex=1, prevLogTerm=1, entries=0, commitIndex=1} to 2
04:56:22.876 [raft-server-raft-partition-3] TRACE i.a.p.raft.roles.FollowerRole - RaftServer{raft-partition-3}{role=FOLLOWER} - Received AppendRequest{term=1, leader=1, prevLogIndex=1, prevLogTerm=1, entries=0, commitIndex=1}
04:56:22.876 [raft-server-raft-partition-3] TRACE i.a.p.raft.roles.FollowerRole - RaftServer{raft-partition-3}{role=FOLLOWER} - Sending AppendResponse{status=OK, term=1, succeeded=true, lastLogIndex=1}
04:56:22.876 [raft-server-raft-partition-3] TRACE i.a.p.raft.roles.FollowerRole - RaftServer{raft-partition-3}{role=FOLLOWER} - Received AppendRequest{term=1, leader=1, prevLogIndex=1, prevLogTerm=1, entries=0, commitIndex=1}
04:56:22.876 [raft-server-raft-partition-3] TRACE i.a.p.raft.roles.FollowerRole - RaftServer{raft-partition-3}{role=FOLLOWER} - Sending AppendResponse{status=OK, term=1, succeeded=true, lastLogIndex=1}
04:56:22.876 [raft-server-raft-partition-3] TRACE i.a.p.raft.roles.LeaderAppender - RaftServer{raft-partition-3} - Received AppendResponse{status=OK, term=1, succeeded=true, lastLogIndex=1} from 3
04:56:22.876 [raft-server-raft-partition-3] TRACE i.a.p.raft.roles.LeaderAppender - RaftServer{raft-partition-3} - Sending AppendRequest{term=1, leader=1, prevLogIndex=1, prevLogTerm=1, entries=0, commitIndex=1} to 3
04:56:22.876 [raft-server-raft-partition-3] TRACE i.a.p.raft.roles.LeaderAppender - RaftServer{raft-partition-3} - Received AppendResponse{status=OK, term=1, succeeded=true, lastLogIndex=1} from 2
04:56:22.876 [raft-server-raft-partition-3] TRACE i.a.p.raft.roles.LeaderAppender - RaftServer{raft-partition-3} - Sending AppendRequest{term=1, leader=1, prevLogIndex=1, prevLogTerm=1, entries=0, commitIndex=1} to 2
04:56:22.877 [raft-server-raft-partition-3] TRACE i.a.p.raft.roles.FollowerRole - RaftServer{raft-partition-3}{role=FOLLOWER} - Received AppendRequest{term=1, leader=1, prevLogIndex=1, prevLogTerm=1, entries=0, commitIndex=1}
04:56:22.877 [raft-server-raft-partition-3] TRACE i.a.p.raft.roles.FollowerRole - RaftServer{raft-partition-3}{role=FOLLOWER} - Sending AppendResponse{status=OK, term=1, succeeded=true, lastLogIndex=1}
04:56:22.877 [raft-server-raft-partition-3] TRACE i.a.p.raft.roles.FollowerRole - RaftServer{raft-partition-3}{role=FOLLOWER} - Received AppendRequest{term=1, leader=1, prevLogIndex=1, prevLogTerm=1, entries=0, commitIndex=1}
04:56:22.877 [raft-server-raft-partition-3] TRACE i.a.p.raft.roles.FollowerRole - RaftServer{raft-partition-3}{role=FOLLOWER} - Sending AppendResponse{status=OK, term=1, succeeded=true, lastLogIndex=1}
04:56:22.877 [raft-server-raft-partition-3] TRACE i.a.p.raft.roles.LeaderAppender - RaftServer{raft-partition-3} - Received AppendResponse{status=OK, term=1, succeeded=true, lastLogIndex=1} from 3
04:56:22.877 [raft-server-raft-partition-3] TRACE i.a.p.raft.roles.LeaderAppender - RaftServer{raft-partition-3} - Sending AppendRequest{term=1, leader=1, prevLogIndex=1, prevLogTerm=1, entries=0, commitIndex=1} to 3
04:56:22.877 [raft-server-raft-partition-3] TRACE i.a.p.raft.roles.LeaderAppender - RaftServer{raft-partition-3} - Received AppendResponse{status=OK, term=1, succeeded=true, lastLogIndex=1} from 2
04:56:22.877 [raft-server-raft-partition-3] TRACE i.a.p.raft.roles.LeaderAppender - RaftServer{raft-partition-3} - Sending AppendRequest{term=1, leader=1, prevLogIndex=1, prevLogTerm=1, entries=0, commitIndex=1} to 2
04:56:22.877 [raft-server-raft-partition-3] TRACE i.a.p.raft.roles.FollowerRole - RaftServer{raft-partition-3}{role=FOLLOWER} - Received AppendRequest{term=1, leader=1, prevLogIndex=1, prevLogTerm=1, entries=0, commitIndex=1}
04:56:22.877 [raft-server-raft-partition-3] TRACE i.a.p.raft.roles.FollowerRole - RaftServer{raft-partition-3}{role=FOLLOWER} - Sending AppendResponse{status=OK, term=1, succeeded=true, lastLogIndex=1}
04:56:22.877 [raft-server-raft-partition-3] TRACE i.a.p.raft.roles.FollowerRole - RaftServer{raft-partition-3}{role=FOLLOWER} - Received AppendRequest{term=1, leader=1, prevLogIndex=1, prevLogTerm=1, entries=0, commitIndex=1}
04:56:22.877 [raft-server-raft-partition-3] TRACE i.a.p.raft.roles.FollowerRole - RaftServer{raft-partition-3}{role=FOLLOWER} - Sending AppendResponse{status=OK, term=1, succeeded=true, lastLogIndex=1}
04:56:22.877 [raft-server-raft-partition-3] TRACE i.a.p.raft.roles.LeaderAppender - RaftServer{raft-partition-3} - Received AppendResponse{status=OK, term=1, succeeded=true, lastLogIndex=1} from 3
04:56:22.877 [raft-server-raft-partition-3] TRACE i.a.p.raft.roles.LeaderAppender - RaftServer{raft-partition-3} - Received AppendResponse{status=OK, term=1, succeeded=true, lastLogIndex=1} from 2
04:56:22.891 [raft-server-system-partition-1] TRACE i.a.p.raft.roles.FollowerRole - RaftServer{system-partition-1}{role=FOLLOWER} - Committed entries up to index 142
04:56:22.891 [raft-server-system-partition-1] TRACE i.a.p.raft.roles.FollowerRole - RaftServer{system-partition-1}{role=FOLLOWER} - Sending AppendResponse{status=OK, term=1, succeeded=true, lastLogIndex=143}
04:56:22.892 [raft-server-system-partition-1-state] TRACE i.a.p.raft.impl.RaftServiceManager - RaftServer{system-partition-1} - Applying Indexed{index=142, entry=OpenSessionEntry{term=1, timestamp=2018-06-09 04:56:22,828, node=11, serviceName=atomix-primary-elector, serviceType=PRIMARY_ELECTOR, serviceConfig=byte[]{length=2, hash=2636}, readConsistency=SEQUENTIAL, minTimeout=250, maxTimeout=30000}}
04:56:22.892 [raft-server-system-partition-1-state] DEBUG i.a.p.r.service.RaftServiceContext - PrimitiveService{2}{type=PrimaryElectorType{name=PRIMARY_ELECTOR}, name=atomix-primary-elector} - Opening session 142
04:56:22.892 [raft-server-system-partition-1] TRACE i.a.p.raft.roles.LeaderAppender - RaftServer{system-partition-1} - Received AppendResponse{status=OK, term=1, succeeded=true, lastLogIndex=143} from 1
04:56:22.892 [raft-server-system-partition-1-state] DEBUG i.a.p.raft.session.RaftSession - Session{142}{type=PrimaryElectorType{name=PRIMARY_ELECTOR}, name=atomix-primary-elector} - State changed: OPEN
04:56:22.892 [raft-server-system-partition-1] TRACE i.a.p.raft.roles.LeaderAppender - RaftServer{system-partition-1} - Committed entries up to 143
04:56:22.892 [raft-server-system-partition-1-state] TRACE i.a.p.raft.impl.RaftServiceManager - RaftServer{system-partition-1} - Applying Indexed{index=143, entry=KeepAliveEntry{term=1, timestamp=2018-06-09 04:56:22,861, sessionIds=long[]{length=1, hash=173}, commandSequences=long[]{length=1, hash=31}, eventIndexes=long[]{length=1, hash=173}}}
04:56:22.892 [raft-server-system-partition-1] TRACE i.a.protocols.raft.roles.LeaderRole - RaftServer{system-partition-1}{role=LEADER} - Sending KeepAliveResponse{status=OK, leader=3, members=[3, 1, 2], sessionIds=long[]{length=1, hash=173}}
04:56:22.908 [raft-server-system-partition-1] TRACE i.a.p.raft.roles.FollowerRole - RaftServer{system-partition-1}{role=FOLLOWER} - Committed entries up to index 142
04:56:22.908 [raft-server-system-partition-1] TRACE i.a.p.raft.roles.FollowerRole - RaftServer{system-partition-1}{role=FOLLOWER} - Sending AppendResponse{status=OK, term=1, succeeded=true, lastLogIndex=143}
04:56:22.908 [raft-server-system-partition-1] TRACE i.a.p.raft.roles.FollowerRole - RaftServer{system-partition-1}{role=FOLLOWER} - Received OpenSessionRequest{node=11, serviceName=session-id, serviceType=SESSION_ID_GENERATOR, readConsistency=SEQUENTIAL, minTimeout=250, maxTimeout=30000}
04:56:22.908 [raft-server-system-partition-1] TRACE i.a.p.raft.roles.FollowerRole - RaftServer{system-partition-1}{role=FOLLOWER} - Sending KeepAliveResponse{status=OK, leader=3, members=[3, 1, 2], sessionIds=long[]{length=1, hash=173}}
04:56:22.908 [raft-server-system-partition-1-state] TRACE i.a.p.raft.impl.RaftServiceManager - RaftServer{system-partition-1} - Applying Indexed{index=142, entry=OpenSessionEntry{term=1, timestamp=2018-06-09 04:56:22,828, node=11, serviceName=atomix-primary-elector, serviceType=PRIMARY_ELECTOR, serviceConfig=byte[]{length=2, hash=2636}, readConsistency=SEQUENTIAL, minTimeout=250, maxTimeout=30000}}
04:56:22.908 [raft-server-system-partition-1] TRACE i.a.p.raft.roles.LeaderAppender - RaftServer{system-partition-1} - Received AppendResponse{status=OK, term=1, succeeded=true, lastLogIndex=143} from 2
04:56:22.908 [raft-server-system-partition-1-state] DEBUG i.a.p.r.service.RaftServiceContext - PrimitiveService{2}{type=PrimaryElectorType{name=PRIMARY_ELECTOR}, name=atomix-primary-elector} - Opening session 142
04:56:22.909 [raft-server-system-partition-1] TRACE i.a.protocols.raft.roles.LeaderRole - RaftServer{system-partition-1}{role=LEADER} - Received OpenSessionRequest{node=11, serviceName=session-id, serviceType=SESSION_ID_GENERATOR, readConsistency=SEQUENTIAL, minTimeout=250, maxTimeout=30000}
04:56:22.909 [raft-client-system-partition-1-2] TRACE i.a.p.r.p.impl.RaftProxyConnection - RaftClient{system-partition-1} - Received KeepAliveResponse{status=OK, leader=3, members=[3, 1, 2], sessionIds=long[]{length=1, hash=173}} from 2
04:56:22.909 [raft-server-system-partition-1-state] DEBUG i.a.p.raft.session.RaftSession - Session{142}{type=PrimaryElectorType{name=PRIMARY_ELECTOR}, name=atomix-primary-elector} - State changed: OPEN
04:56:22.909 [raft-server-system-partition-1] TRACE i.a.protocols.raft.roles.LeaderRole - RaftServer{system-partition-1}{role=LEADER} - Appended Indexed{index=144, entry=OpenSessionEntry{term=1, timestamp=2018-06-09 04:56:22,909, node=11, serviceName=session-id, serviceType=SESSION_ID_GENERATOR, serviceConfig=byte[]{length=2, hash=2636}, readConsistency=SEQUENTIAL, minTimeout=250, maxTimeout=30000}}
04:56:22.909 [raft-server-system-partition-1] TRACE i.a.p.raft.roles.LeaderAppender - RaftServer{system-partition-1} - Sending AppendRequest{term=1, leader=3, prevLogIndex=143, prevLogTerm=1, entries=1, commitIndex=143} to 1
04:56:22.909 [raft-server-system-partition-1] TRACE i.a.p.raft.roles.LeaderAppender - RaftServer{system-partition-1} - Sending AppendRequest{term=1, leader=3, prevLogIndex=143, prevLogTerm=1, entries=1, commitIndex=143} to 2
04:56:22.909 [raft-server-system-partition-1] TRACE i.a.p.raft.roles.FollowerRole - RaftServer{system-partition-1}{role=FOLLOWER} - Received AppendRequest{term=1, leader=3, prevLogIndex=143, prevLogTerm=1, entries=1, commitIndex=143}
04:56:22.909 [raft-server-system-partition-1] TRACE i.a.p.raft.roles.FollowerRole - RaftServer{system-partition-1}{role=FOLLOWER} - Received AppendRequest{term=1, leader=3, prevLogIndex=143, prevLogTerm=1, entries=1, commitIndex=143}
04:56:22.909 [raft-server-system-partition-1] TRACE i.a.p.raft.roles.FollowerRole - RaftServer{system-partition-1}{role=FOLLOWER} - Appended Indexed{index=144, entry=OpenSessionEntry{term=1, timestamp=2018-06-09 04:56:22,909, node=11, serviceName=session-id, serviceType=SESSION_ID_GENERATOR, serviceConfig=byte[]{length=2, hash=2636}, readConsistency=SEQUENTIAL, minTimeout=250, maxTimeout=30000}}
04:56:22.909 [raft-server-system-partition-1] TRACE i.a.p.raft.roles.FollowerRole - RaftServer{system-partition-1}{role=FOLLOWER} - Appended Indexed{index=144, entry=OpenSessionEntry{term=1, timestamp=2018-06-09 04:56:22,909, node=11, serviceName=session-id, serviceType=SESSION_ID_GENERATOR, serviceConfig=byte[]{length=2, hash=2636}, readConsistency=SEQUENTIAL, minTimeout=250, maxTimeout=30000}}
04:56:22.933 [raft-server-system-partition-1] TRACE i.a.p.raft.roles.FollowerRole - RaftServer{system-partition-1}{role=FOLLOWER} - Committed entries up to index 143
04:56:22.933 [raft-server-system-partition-1] TRACE i.a.p.raft.roles.FollowerRole - RaftServer{system-partition-1}{role=FOLLOWER} - Sending AppendResponse{status=OK, term=1, succeeded=true, lastLogIndex=144}
04:56:22.933 [raft-server-system-partition-1-state] TRACE i.a.p.raft.impl.RaftServiceManager - RaftServer{system-partition-1} - Applying Indexed{index=143, entry=KeepAliveEntry{term=1, timestamp=2018-06-09 04:56:22,861, sessionIds=long[]{length=1, hash=173}, commandSequences=long[]{length=1, hash=31}, eventIndexes=long[]{length=1, hash=173}}}
04:56:22.933 [raft-server-system-partition-1] TRACE i.a.p.raft.roles.LeaderAppender - RaftServer{system-partition-1} - Received AppendResponse{status=OK, term=1, succeeded=true, lastLogIndex=144} from 1
04:56:22.933 [raft-server-system-partition-1] TRACE i.a.p.raft.roles.LeaderAppender - RaftServer{system-partition-1} - Committed entries up to 144
04:56:22.933 [raft-server-system-partition-1-state] TRACE i.a.p.raft.impl.RaftServiceManager - RaftServer{system-partition-1} - Applying Indexed{index=144, entry=OpenSessionEntry{term=1, timestamp=2018-06-09 04:56:22,909, node=11, serviceName=session-id, serviceType=SESSION_ID_GENERATOR, serviceConfig=byte[]{length=2, hash=2636}, readConsistency=SEQUENTIAL, minTimeout=250, maxTimeout=30000}}
04:56:22.934 [raft-server-system-partition-1-state] DEBUG i.a.p.r.service.RaftServiceContext - PrimitiveService{4}{type=SessionIdGeneratorType{name=SESSION_ID_GENERATOR}, name=session-id} - Opening session 144
04:56:22.934 [raft-server-system-partition-1-state] DEBUG i.a.p.raft.session.RaftSession - Session{144}{type=SessionIdGeneratorType{name=SESSION_ID_GENERATOR}, name=session-id} - State changed: OPEN
04:56:22.934 [raft-server-system-partition-1-state] TRACE i.a.protocols.raft.roles.LeaderRole - RaftServer{system-partition-1}{role=LEADER} - Sending OpenSessionResponse{status=OK, session=144, timeout=30000}
04:56:22.940 [atomix-data-6] TRACE i.a.p.backup.roles.PrimaryRole - PrimaryRole{data-partition-4}{role=PRIMARY} - Sending BackupRequest{primary=3, term=1, index=4, primitive=PrimitiveDescriptor{name=62c03df9-5d5d-4ddc-92c9-a8a069509deb, type=document-tree, backups=2, replication=ASYNCHRONOUS}, operations=[HeartbeatOperation{index=10, timestamp=1528512982940}]} to 2
04:56:22.940 [atomix-data-6] TRACE i.a.p.backup.roles.PrimaryRole - PrimaryRole{data-partition-4}{role=PRIMARY} - Sending BackupRequest{primary=3, term=1, index=4, primitive=PrimitiveDescriptor{name=62c03df9-5d5d-4ddc-92c9-a8a069509deb, type=document-tree, backups=2, replication=ASYNCHRONOUS}, operations=[HeartbeatOperation{index=10, timestamp=1528512982940}]} to 1
04:56:22.941 [atomix-data-4] TRACE i.a.p.backup.roles.BackupRole - BackupRole{data-partition-4}{role=BACKUP} - Received BackupRequest{primary=3, term=1, index=4, primitive=PrimitiveDescriptor{name=62c03df9-5d5d-4ddc-92c9-a8a069509deb, type=document-tree, backups=2, replication=ASYNCHRONOUS}, operations=[HeartbeatOperation{index=10, timestamp=1528512982940}]}
04:56:22.941 [atomix-data-14] TRACE i.a.p.backup.roles.BackupRole - BackupRole{data-partition-4}{role=BACKUP} - Received BackupRequest{primary=3, term=1, index=4, primitive=PrimitiveDescriptor{name=62c03df9-5d5d-4ddc-92c9-a8a069509deb, type=document-tree, backups=2, replication=ASYNCHRONOUS}, operations=[HeartbeatOperation{index=10, timestamp=1528512982940}]}
04:56:22.941 [atomix-data-4] TRACE i.a.p.backup.roles.BackupRole - BackupRole{data-partition-4}{role=BACKUP} - Sending BackupResponse{status=OK}
04:56:22.941 [atomix-data-14] TRACE i.a.p.backup.roles.BackupRole - BackupRole{data-partition-4}{role=BACKUP} - Sending BackupResponse{status=OK}
04:56:22.950 [raft-server-system-partition-1] TRACE i.a.p.raft.roles.FollowerRole - RaftServer{system-partition-1}{role=FOLLOWER} - Committed entries up to index 143
04:56:22.950 [raft-server-system-partition-1] TRACE i.a.p.raft.roles.FollowerRole - RaftServer{system-partition-1}{role=FOLLOWER} - Sending AppendResponse{status=OK, term=1, succeeded=true, lastLogIndex=144}
04:56:22.950 [raft-server-system-partition-1] TRACE i.a.p.raft.roles.FollowerRole - RaftServer{system-partition-1}{role=FOLLOWER} - Sending OpenSessionResponse{status=OK, session=144, timeout=30000}
04:56:22.950 [raft-server-system-partition-1-state] TRACE i.a.p.raft.impl.RaftServiceManager - RaftServer{system-partition-1} - Applying Indexed{index=143, entry=KeepAliveEntry{term=1, timestamp=2018-06-09 04:56:22,861, sessionIds=long[]{length=1, hash=173}, commandSequences=long[]{length=1, hash=31}, eventIndexes=long[]{length=1, hash=173}}}
04:56:22.950 [raft-server-system-partition-1] TRACE i.a.p.raft.roles.LeaderAppender - RaftServer{system-partition-1} - Received AppendResponse{status=OK, term=1, succeeded=true, lastLogIndex=144} from 2
04:56:22.950 [raft-client-system-partition-1-5] TRACE i.a.p.r.p.impl.RaftProxyConnection - RaftClient{system-partition-1} - Received OpenSessionResponse{status=OK, session=144, timeout=30000} from 2
04:56:22.950 [raft-client-system-partition-1-5] TRACE i.a.p.r.proxy.impl.RaftProxyManager - RaftClient{system-partition-1} - Keeping 2 sessions alive
04:56:22.950 [raft-client-system-partition-1-7] TRACE i.a.p.r.p.impl.RaftProxyConnection - RaftClient{system-partition-1} - Sending KeepAliveRequest{sessionIds=long[]{length=2, hash=5567}, commandSequences=long[]{length=2, hash=961}, eventIndexes=long[]{length=2, hash=5567}} to 2
04:56:22.950 [raft-client-system-partition-1-5] INFO  i.a.p.b.p.i.PrimaryBackupPartitionClient - Successfully started client for PartitionId{id=1, group=data}
04:56:22.950 [raft-server-system-partition-1] TRACE i.a.p.raft.roles.FollowerRole - RaftServer{system-partition-1}{role=FOLLOWER} - Received KeepAliveRequest{sessionIds=long[]{length=2, hash=5567}, commandSequences=long[]{length=2, hash=961}, eventIndexes=long[]{length=2, hash=5567}}
04:56:22.950 [raft-client-system-partition-1-5] INFO  i.a.p.b.p.i.PrimaryBackupPartitionClient - Successfully started client for PartitionId{id=3, group=data}
04:56:22.951 [raft-client-system-partition-1-5] INFO  i.a.p.b.p.i.PrimaryBackupPartitionClient - Successfully started client for PartitionId{id=2, group=data}
04:56:22.951 [raft-client-system-partition-1-5] INFO  i.a.p.b.p.i.PrimaryBackupPartitionClient - Successfully started client for PartitionId{id=5, group=data}
04:56:22.951 [raft-server-system-partition-1] TRACE i.a.protocols.raft.roles.LeaderRole - RaftServer{system-partition-1}{role=LEADER} - Received KeepAliveRequest{sessionIds=long[]{length=2, hash=5567}, commandSequences=long[]{length=2, hash=961}, eventIndexes=long[]{length=2, hash=5567}}
04:56:22.951 [raft-client-system-partition-1-5] INFO  i.a.p.b.p.i.PrimaryBackupPartitionClient - Successfully started client for PartitionId{id=4, group=data}
04:56:22.951 [raft-client-system-partition-1-5] INFO  i.a.p.b.p.i.PrimaryBackupPartitionClient - Successfully started client for PartitionId{id=7, group=data}
04:56:22.951 [raft-server-system-partition-1] TRACE i.a.protocols.raft.roles.LeaderRole - RaftServer{system-partition-1}{role=LEADER} - Appended Indexed{index=145, entry=KeepAliveEntry{term=1, timestamp=2018-06-09 04:56:22,951, sessionIds=long[]{length=2, hash=5567}, commandSequences=long[]{length=2, hash=961}, eventIndexes=long[]{length=2, hash=5567}}}
04:56:22.951 [raft-client-system-partition-1-5] INFO  i.a.p.b.p.i.PrimaryBackupPartitionClient - Successfully started client for PartitionId{id=6, group=data}
04:56:22.951 [raft-server-system-partition-1] TRACE i.a.p.raft.roles.LeaderAppender - RaftServer{system-partition-1} - Sending AppendRequest{term=1, leader=3, prevLogIndex=144, prevLogTerm=1, entries=1, commitIndex=144} to 1
04:56:22.951 [raft-client-system-partition-1-5] INFO  i.a.p.b.p.PrimaryBackupPartitionGroup - Started
04:56:22.951 [raft-server-system-partition-1] TRACE i.a.p.raft.roles.LeaderAppender - RaftServer{system-partition-1} - Sending AppendRequest{term=1, leader=3, prevLogIndex=144, prevLogTerm=1, entries=1, commitIndex=144} to 2
04:56:22.951 [raft-server-raft-partition-2] TRACE i.a.p.raft.roles.LeaderAppender - RaftServer{raft-partition-2} - Sending AppendRequest{term=1, leader=3, prevLogIndex=1, prevLogTerm=1, entries=0, commitIndex=1} to 1
04:56:22.951 [raft-server-system-partition-1] TRACE i.a.p.raft.roles.FollowerRole - RaftServer{system-partition-1}{role=FOLLOWER} - Received AppendRequest{term=1, leader=3, prevLogIndex=144, prevLogTerm=1, entries=1, commitIndex=144}
04:56:22.951 [raft-server-raft-partition-2] TRACE i.a.p.raft.roles.LeaderAppender - RaftServer{raft-partition-2} - Sending AppendRequest{term=1, leader=3, prevLogIndex=1, prevLogTerm=1, entries=0, commitIndex=1} to 2
04:56:22.951 [raft-server-system-partition-1] TRACE i.a.p.raft.roles.FollowerRole - RaftServer{system-partition-1}{role=FOLLOWER} - Appended Indexed{index=145, entry=KeepAliveEntry{term=1, timestamp=2018-06-09 04:56:22,951, sessionIds=long[]{length=2, hash=5567}, commandSequences=long[]{length=2, hash=961}, eventIndexes=long[]{length=2, hash=5567}}}
04:56:22.951 [raft-server-system-partition-1] TRACE i.a.p.raft.roles.FollowerRole - RaftServer{system-partition-1}{role=FOLLOWER} - Received AppendRequest{term=1, leader=3, prevLogIndex=144, prevLogTerm=1, entries=1, commitIndex=144}
04:56:22.951 [raft-server-raft-partition-2] TRACE i.a.p.raft.roles.FollowerRole - RaftServer{raft-partition-2}{role=FOLLOWER} - Received AppendRequest{term=1, leader=3, prevLogIndex=1, prevLogTerm=1, entries=0, commitIndex=1}
04:56:22.951 [raft-server-raft-partition-2] TRACE i.a.p.raft.roles.FollowerRole - RaftServer{raft-partition-2}{role=FOLLOWER} - Received AppendRequest{term=1, leader=3, prevLogIndex=1, prevLogTerm=1, entries=0, commitIndex=1}
04:56:22.951 [raft-server-raft-partition-2] TRACE i.a.p.raft.roles.FollowerRole - RaftServer{raft-partition-2}{role=FOLLOWER} - Sending AppendResponse{status=OK, term=1, succeeded=true, lastLogIndex=1}
04:56:22.951 [raft-server-raft-partition-2] TRACE i.a.p.raft.roles.FollowerRole - RaftServer{raft-partition-2}{role=FOLLOWER} - Sending AppendResponse{status=OK, term=1, succeeded=true, lastLogIndex=1}
04:56:22.952 [raft-server-system-partition-1] TRACE i.a.p.raft.roles.FollowerRole - RaftServer{system-partition-1}{role=FOLLOWER} - Appended Indexed{index=145, entry=KeepAliveEntry{term=1, timestamp=2018-06-09 04:56:22,951, sessionIds=long[]{length=2, hash=5567}, commandSequences=long[]{length=2, hash=961}, eventIndexes=long[]{length=2, hash=5567}}}
04:56:22.952 [raft-server-raft-partition-2] TRACE i.a.p.raft.roles.LeaderAppender - RaftServer{raft-partition-2} - Received AppendResponse{status=OK, term=1, succeeded=true, lastLogIndex=1} from 1
04:56:22.952 [raft-server-raft-partition-2] TRACE i.a.p.raft.roles.LeaderAppender - RaftServer{raft-partition-2} - Sending AppendRequest{term=1, leader=3, prevLogIndex=1, prevLogTerm=1, entries=0, commitIndex=1} to 1
04:56:22.952 [raft-server-raft-partition-2] TRACE i.a.p.raft.roles.LeaderAppender - RaftServer{raft-partition-2} - Received AppendResponse{status=OK, term=1, succeeded=true, lastLogIndex=1} from 2
04:56:22.952 [raft-client-raft-partition-1-0] INFO  i.a.p.r.p.impl.RaftPartitionClient - Successfully started client for partition PartitionId{id=1, group=raft}
04:56:22.952 [raft-server-raft-partition-2] TRACE i.a.p.raft.roles.LeaderAppender - RaftServer{raft-partition-2} - Sending AppendRequest{term=1, leader=3, prevLogIndex=1, prevLogTerm=1, entries=0, commitIndex=1} to 2
04:56:22.952 [raft-server-raft-partition-2] TRACE i.a.p.raft.roles.FollowerRole - RaftServer{raft-partition-2}{role=FOLLOWER} - Received AppendRequest{term=1, leader=3, prevLogIndex=1, prevLogTerm=1, entries=0, commitIndex=1}
04:56:22.952 [raft-client-raft-partition-2-0] INFO  i.a.p.r.p.impl.RaftPartitionClient - Successfully started client for partition PartitionId{id=2, group=raft}
04:56:22.952 [raft-server-raft-partition-2] TRACE i.a.p.raft.roles.FollowerRole - RaftServer{raft-partition-2}{role=FOLLOWER} - Received AppendRequest{term=1, leader=3, prevLogIndex=1, prevLogTerm=1, entries=0, commitIndex=1}
04:56:22.952 [raft-server-raft-partition-2] TRACE i.a.p.raft.roles.FollowerRole - RaftServer{raft-partition-2}{role=FOLLOWER} - Sending AppendResponse{status=OK, term=1, succeeded=true, lastLogIndex=1}
04:56:22.952 [raft-client-raft-partition-3-0] INFO  i.a.p.r.p.impl.RaftPartitionClient - Successfully started client for partition PartitionId{id=3, group=raft}
04:56:22.953 [raft-server-raft-partition-2] TRACE i.a.p.raft.roles.FollowerRole - RaftServer{raft-partition-2}{role=FOLLOWER} - Sending AppendResponse{status=OK, term=1, succeeded=true, lastLogIndex=1}
04:56:22.953 [raft-client-raft-partition-3-0] INFO  i.a.p.r.partition.RaftPartitionGroup - Started
04:56:22.953 [raft-client-raft-partition-3-0] INFO  i.a.p.p.impl.DefaultPartitionService - Started
04:56:22.953 [raft-server-raft-partition-2] TRACE i.a.p.raft.roles.LeaderAppender - RaftServer{raft-partition-2} - Received AppendResponse{status=OK, term=1, succeeded=true, lastLogIndex=1} from 1
04:56:22.953 [raft-server-raft-partition-2] TRACE i.a.p.raft.roles.LeaderAppender - RaftServer{raft-partition-2} - Received AppendResponse{status=OK, term=1, succeeded=true, lastLogIndex=1} from 2
04:56:22.954 [atomix-0] DEBUG i.a.p.r.proxy.impl.RaftProxyManager - RaftClient{system-partition-1} - Opening session; name: primitives, type: ConsistentMapType{name=consistent-map}
04:56:22.956 [raft-client-system-partition-1-6] TRACE i.a.p.r.p.impl.RaftProxyConnection - RaftClient{system-partition-1} - Sending OpenSessionRequest{node=11, serviceName=primitives, serviceType=consistent-map, readConsistency=SEQUENTIAL, minTimeout=250, maxTimeout=30000} to 2
04:56:22.975 [raft-server-system-partition-1] TRACE i.a.p.raft.roles.FollowerRole - RaftServer{system-partition-1}{role=FOLLOWER} - Committed entries up to index 144
04:56:22.975 [raft-server-system-partition-1] TRACE i.a.p.raft.roles.FollowerRole - RaftServer{system-partition-1}{role=FOLLOWER} - Sending AppendResponse{status=OK, term=1, succeeded=true, lastLogIndex=145}
04:56:22.975 [raft-server-system-partition-1-state] TRACE i.a.p.raft.impl.RaftServiceManager - RaftServer{system-partition-1} - Applying Indexed{index=144, entry=OpenSessionEntry{term=1, timestamp=2018-06-09 04:56:22,909, node=11, serviceName=session-id, serviceType=SESSION_ID_GENERATOR, serviceConfig=byte[]{length=2, hash=2636}, readConsistency=SEQUENTIAL, minTimeout=250, maxTimeout=30000}}
04:56:22.975 [raft-server-system-partition-1-state] DEBUG i.a.p.r.service.RaftServiceContext - PrimitiveService{4}{type=SessionIdGeneratorType{name=SESSION_ID_GENERATOR}, name=session-id} - Opening session 144
04:56:22.975 [raft-server-system-partition-1-state] DEBUG i.a.p.raft.session.RaftSession - Session{144}{type=SessionIdGeneratorType{name=SESSION_ID_GENERATOR}, name=session-id} - State changed: OPEN
04:56:22.975 [raft-server-system-partition-1] TRACE i.a.p.raft.roles.LeaderAppender - RaftServer{system-partition-1} - Received AppendResponse{status=OK, term=1, succeeded=true, lastLogIndex=145} from 1
04:56:22.975 [raft-server-system-partition-1] TRACE i.a.p.raft.roles.LeaderAppender - RaftServer{system-partition-1} - Committed entries up to 145
04:56:22.985 [raft-server-raft-partition-1] TRACE i.a.p.raft.roles.LeaderAppender - RaftServer{raft-partition-1} - Sending AppendRequest{term=1, leader=2, prevLogIndex=1, prevLogTerm=1, entries=0, commitIndex=1} to 3
04:56:22.985 [raft-server-raft-partition-1] TRACE i.a.p.raft.roles.LeaderAppender - RaftServer{raft-partition-1} - Sending AppendRequest{term=1, leader=2, prevLogIndex=1, prevLogTerm=1, entries=0, commitIndex=1} to 1
04:56:22.985 [raft-server-raft-partition-1] TRACE i.a.p.raft.roles.FollowerRole - RaftServer{raft-partition-1}{role=FOLLOWER} - Received AppendRequest{term=1, leader=2, prevLogIndex=1, prevLogTerm=1, entries=0, commitIndex=1}
04:56:22.985 [raft-server-raft-partition-1] TRACE i.a.p.raft.roles.FollowerRole - RaftServer{raft-partition-1}{role=FOLLOWER} - Sending AppendResponse{status=OK, term=1, succeeded=true, lastLogIndex=1}
04:56:22.985 [raft-server-raft-partition-1] TRACE i.a.p.raft.roles.FollowerRole - RaftServer{raft-partition-1}{role=FOLLOWER} - Received AppendRequest{term=1, leader=2, prevLogIndex=1, prevLogTerm=1, entries=0, commitIndex=1}
04:56:22.985 [raft-server-raft-partition-1] TRACE i.a.p.raft.roles.FollowerRole - RaftServer{raft-partition-1}{role=FOLLOWER} - Sending AppendResponse{status=OK, term=1, succeeded=true, lastLogIndex=1}
04:56:22.985 [raft-server-raft-partition-1] TRACE i.a.p.raft.roles.LeaderAppender - RaftServer{raft-partition-1} - Received AppendResponse{status=OK, term=1, succeeded=true, lastLogIndex=1} from 3
04:56:22.985 [raft-server-raft-partition-1] TRACE i.a.p.raft.roles.LeaderAppender - RaftServer{raft-partition-1} - Sending AppendRequest{term=1, leader=2, prevLogIndex=1, prevLogTerm=1, entries=0, commitIndex=1} to 3
04:56:22.985 [raft-server-raft-partition-1] TRACE i.a.p.raft.roles.LeaderAppender - RaftServer{raft-partition-1} - Received AppendResponse{status=OK, term=1, succeeded=true, lastLogIndex=1} from 1
04:56:22.985 [raft-server-raft-partition-1] TRACE i.a.p.raft.roles.LeaderAppender - RaftServer{raft-partition-1} - Sending AppendRequest{term=1, leader=2, prevLogIndex=1, prevLogTerm=1, entries=0, commitIndex=1} to 1
04:56:22.985 [raft-server-raft-partition-1] TRACE i.a.p.raft.roles.FollowerRole - RaftServer{raft-partition-1}{role=FOLLOWER} - Received AppendRequest{term=1, leader=2, prevLogIndex=1, prevLogTerm=1, entries=0, commitIndex=1}
04:56:22.985 [raft-server-raft-partition-1] TRACE i.a.p.raft.roles.FollowerRole - RaftServer{raft-partition-1}{role=FOLLOWER} - Sending AppendResponse{status=OK, term=1, succeeded=true, lastLogIndex=1}
04:56:22.985 [raft-server-raft-partition-1] TRACE i.a.p.raft.roles.FollowerRole - RaftServer{raft-partition-1}{role=FOLLOWER} - Received AppendRequest{term=1, leader=2, prevLogIndex=1, prevLogTerm=1, entries=0, commitIndex=1}
04:56:22.986 [raft-server-raft-partition-1] TRACE i.a.p.raft.roles.FollowerRole - RaftServer{raft-partition-1}{role=FOLLOWER} - Sending AppendResponse{status=OK, term=1, succeeded=true, lastLogIndex=1}
04:56:22.986 [raft-server-raft-partition-1] TRACE i.a.p.raft.roles.LeaderAppender - RaftServer{raft-partition-1} - Received AppendResponse{status=OK, term=1, succeeded=true, lastLogIndex=1} from 3
04:56:22.986 [raft-server-raft-partition-1] TRACE i.a.p.raft.roles.LeaderAppender - RaftServer{raft-partition-1} - Sending AppendRequest{term=1, leader=2, prevLogIndex=1, prevLogTerm=1, entries=0, commitIndex=1} to 3
04:56:22.986 [raft-server-raft-partition-1] TRACE i.a.p.raft.roles.LeaderAppender - RaftServer{raft-partition-1} - Received AppendResponse{status=OK, term=1, succeeded=true, lastLogIndex=1} from 1
04:56:22.986 [raft-server-raft-partition-1] TRACE i.a.p.raft.roles.LeaderAppender - RaftServer{raft-partition-1} - Sending AppendRequest{term=1, leader=2, prevLogIndex=1, prevLogTerm=1, entries=0, commitIndex=1} to 1
04:56:22.986 [raft-server-raft-partition-1] TRACE i.a.p.raft.roles.FollowerRole - RaftServer{raft-partition-1}{role=FOLLOWER} - Received AppendRequest{term=1, leader=2, prevLogIndex=1, prevLogTerm=1, entries=0, commitIndex=1}
04:56:22.986 [raft-server-raft-partition-1] TRACE i.a.p.raft.roles.FollowerRole - RaftServer{raft-partition-1}{role=FOLLOWER} - Sending AppendResponse{status=OK, term=1, succeeded=true, lastLogIndex=1}
04:56:22.986 [raft-server-raft-partition-1] TRACE i.a.p.raft.roles.FollowerRole - RaftServer{raft-partition-1}{role=FOLLOWER} - Received AppendRequest{term=1, leader=2, prevLogIndex=1, prevLogTerm=1, entries=0, commitIndex=1}
04:56:22.986 [raft-server-raft-partition-1] TRACE i.a.p.raft.roles.FollowerRole - RaftServer{raft-partition-1}{role=FOLLOWER} - Sending AppendResponse{status=OK, term=1, succeeded=true, lastLogIndex=1}
04:56:22.986 [raft-server-raft-partition-1] TRACE i.a.p.raft.roles.LeaderAppender - RaftServer{raft-partition-1} - Received AppendResponse{status=OK, term=1, succeeded=true, lastLogIndex=1} from 1
04:56:22.986 [raft-server-raft-partition-1] TRACE i.a.p.raft.roles.LeaderAppender - RaftServer{raft-partition-1} - Received AppendResponse{status=OK, term=1, succeeded=true, lastLogIndex=1} from 3
04:56:22.991 [raft-server-system-partition-1] TRACE i.a.p.raft.roles.FollowerRole - RaftServer{system-partition-1}{role=FOLLOWER} - Committed entries up to index 144
04:56:22.991 [raft-server-system-partition-1] TRACE i.a.p.raft.roles.FollowerRole - RaftServer{system-partition-1}{role=FOLLOWER} - Sending AppendResponse{status=OK, term=1, succeeded=true, lastLogIndex=145}
04:56:22.991 [raft-server-system-partition-1] TRACE i.a.p.raft.roles.FollowerRole - RaftServer{system-partition-1}{role=FOLLOWER} - Received OpenSessionRequest{node=11, serviceName=primitives, serviceType=consistent-map, readConsistency=SEQUENTIAL, minTimeout=250, maxTimeout=30000}
04:56:22.992 [raft-server-system-partition-1-state] TRACE i.a.p.raft.impl.RaftServiceManager - RaftServer{system-partition-1} - Applying Indexed{index=144, entry=OpenSessionEntry{term=1, timestamp=2018-06-09 04:56:22,909, node=11, serviceName=session-id, serviceType=SESSION_ID_GENERATOR, serviceConfig=byte[]{length=2, hash=2636}, readConsistency=SEQUENTIAL, minTimeout=250, maxTimeout=30000}}
04:56:22.992 [raft-server-system-partition-1-state] DEBUG i.a.p.r.service.RaftServiceContext - PrimitiveService{4}{type=SessionIdGeneratorType{name=SESSION_ID_GENERATOR}, name=session-id} - Opening session 144
04:56:22.992 [raft-server-system-partition-1-state] DEBUG i.a.p.raft.session.RaftSession - Session{144}{type=SessionIdGeneratorType{name=SESSION_ID_GENERATOR}, name=session-id} - State changed: OPEN
04:56:23.008 [raft-server-system-partition-1] TRACE i.a.p.raft.roles.LeaderAppender - RaftServer{system-partition-1} - Received AppendResponse{status=OK, term=1, succeeded=true, lastLogIndex=145} from 2
04:56:23.008 [raft-server-system-partition-1] TRACE i.a.protocols.raft.roles.LeaderRole - RaftServer{system-partition-1}{role=LEADER} - Received OpenSessionRequest{node=11, serviceName=primitives, serviceType=consistent-map, readConsistency=SEQUENTIAL, minTimeout=250, maxTimeout=30000}
04:56:23.008 [raft-server-system-partition-1] TRACE i.a.protocols.raft.roles.LeaderRole - RaftServer{system-partition-1}{role=LEADER} - Appended Indexed{index=146, entry=OpenSessionEntry{term=1, timestamp=2018-06-09 04:56:23,008, node=11, serviceName=primitives, serviceType=consistent-map, serviceConfig=byte[]{length=2, hash=2636}, readConsistency=SEQUENTIAL, minTimeout=250, maxTimeout=30000}}
04:56:23.008 [raft-server-system-partition-1] TRACE i.a.p.raft.roles.LeaderAppender - RaftServer{system-partition-1} - Sending AppendRequest{term=1, leader=3, prevLogIndex=145, prevLogTerm=1, entries=1, commitIndex=145} to 1
04:56:23.008 [raft-server-system-partition-1-state] TRACE i.a.p.raft.impl.RaftServiceManager - RaftServer{system-partition-1} - Applying Indexed{index=145, entry=KeepAliveEntry{term=1, timestamp=2018-06-09 04:56:22,951, sessionIds=long[]{length=2, hash=5567}, commandSequences=long[]{length=2, hash=961}, eventIndexes=long[]{length=2, hash=5567}}}
04:56:23.008 [raft-server-system-partition-1] TRACE i.a.p.raft.roles.LeaderAppender - RaftServer{system-partition-1} - Sending AppendRequest{term=1, leader=3, prevLogIndex=145, prevLogTerm=1, entries=1, commitIndex=145} to 2
04:56:23.008 [raft-server-system-partition-1] TRACE i.a.protocols.raft.roles.LeaderRole - RaftServer{system-partition-1}{role=LEADER} - Sending KeepAliveResponse{status=OK, leader=3, members=[3, 1, 2], sessionIds=long[]{length=2, hash=5567}}
04:56:23.009 [raft-server-system-partition-1] TRACE i.a.p.raft.roles.FollowerRole - RaftServer{system-partition-1}{role=FOLLOWER} - Received AppendRequest{term=1, leader=3, prevLogIndex=145, prevLogTerm=1, entries=1, commitIndex=145}
04:56:23.009 [raft-server-system-partition-1] TRACE i.a.p.raft.roles.FollowerRole - RaftServer{system-partition-1}{role=FOLLOWER} - Appended Indexed{index=146, entry=OpenSessionEntry{term=1, timestamp=2018-06-09 04:56:23,008, node=11, serviceName=primitives, serviceType=consistent-map, serviceConfig=byte[]{length=2, hash=2636}, readConsistency=SEQUENTIAL, minTimeout=250, maxTimeout=30000}}
04:56:23.009 [raft-server-system-partition-1] TRACE i.a.p.raft.roles.FollowerRole - RaftServer{system-partition-1}{role=FOLLOWER} - Sending KeepAliveResponse{status=OK, leader=3, members=[3, 1, 2], sessionIds=long[]{length=2, hash=5567}}
04:56:23.009 [raft-server-system-partition-1] TRACE i.a.p.raft.roles.FollowerRole - RaftServer{system-partition-1}{role=FOLLOWER} - Received AppendRequest{term=1, leader=3, prevLogIndex=145, prevLogTerm=1, entries=1, commitIndex=145}
04:56:23.009 [raft-client-system-partition-1-4] TRACE i.a.p.r.p.impl.RaftProxyConnection - RaftClient{system-partition-1} - Received KeepAliveResponse{status=OK, leader=3, members=[3, 1, 2], sessionIds=long[]{length=2, hash=5567}} from 2
04:56:23.009 [raft-server-system-partition-1] TRACE i.a.p.raft.roles.FollowerRole - RaftServer{system-partition-1}{role=FOLLOWER} - Appended Indexed{index=146, entry=OpenSessionEntry{term=1, timestamp=2018-06-09 04:56:23,008, node=11, serviceName=primitives, serviceType=consistent-map, serviceConfig=byte[]{length=2, hash=2636}, readConsistency=SEQUENTIAL, minTimeout=250, maxTimeout=30000}}
04:56:23.033 [raft-server-system-partition-1] TRACE i.a.p.raft.roles.FollowerRole - RaftServer{system-partition-1}{role=FOLLOWER} - Committed entries up to index 145
04:56:23.033 [raft-server-system-partition-1] TRACE i.a.p.raft.roles.FollowerRole - RaftServer{system-partition-1}{role=FOLLOWER} - Sending AppendResponse{status=OK, term=1, succeeded=true, lastLogIndex=146}
04:56:23.033 [raft-server-system-partition-1-state] TRACE i.a.p.raft.impl.RaftServiceManager - RaftServer{system-partition-1} - Applying Indexed{index=145, entry=KeepAliveEntry{term=1, timestamp=2018-06-09 04:56:22,951, sessionIds=long[]{length=2, hash=5567}, commandSequences=long[]{length=2, hash=961}, eventIndexes=long[]{length=2, hash=5567}}}
04:56:23.033 [raft-server-system-partition-1] TRACE i.a.p.raft.roles.LeaderAppender - RaftServer{system-partition-1} - Received AppendResponse{status=OK, term=1, succeeded=true, lastLogIndex=146} from 1
04:56:23.033 [raft-server-system-partition-1] TRACE i.a.p.raft.roles.LeaderAppender - RaftServer{system-partition-1} - Committed entries up to 146
04:56:23.048 [atomix-data-14] TRACE i.a.p.backup.roles.PrimaryRole - PrimaryRole{data-partition-6}{role=PRIMARY} - Sending BackupRequest{primary=3, term=1, index=1, primitive=PrimitiveDescriptor{name=f16d45ee-6e42-4247-9492-0d1926e98d7c, type=document-tree, backups=2, replication=ASYNCHRONOUS}, operations=[HeartbeatOperation{index=3, timestamp=1528512983047}]} to 2
04:56:23.048 [atomix-data-14] TRACE i.a.p.backup.roles.PrimaryRole - PrimaryRole{data-partition-6}{role=PRIMARY} - Sending BackupRequest{primary=3, term=1, index=1, primitive=PrimitiveDescriptor{name=f16d45ee-6e42-4247-9492-0d1926e98d7c, type=document-tree, backups=2, replication=ASYNCHRONOUS}, operations=[HeartbeatOperation{index=3, timestamp=1528512983047}]} to 1
04:56:23.048 [atomix-data-2] TRACE i.a.p.backup.roles.BackupRole - BackupRole{data-partition-6}{role=BACKUP} - Received BackupRequest{primary=3, term=1, index=1, primitive=PrimitiveDescriptor{name=f16d45ee-6e42-4247-9492-0d1926e98d7c, type=document-tree, backups=2, replication=ASYNCHRONOUS}, operations=[HeartbeatOperation{index=3, timestamp=1528512983047}]}
04:56:23.048 [atomix-data-2] TRACE i.a.p.backup.roles.BackupRole - BackupRole{data-partition-6}{role=BACKUP} - Sending BackupResponse{status=OK}
04:56:23.048 [atomix-data-3] TRACE i.a.p.backup.roles.BackupRole - BackupRole{data-partition-6}{role=BACKUP} - Received BackupRequest{primary=3, term=1, index=1, primitive=PrimitiveDescriptor{name=f16d45ee-6e42-4247-9492-0d1926e98d7c, type=document-tree, backups=2, replication=ASYNCHRONOUS}, operations=[HeartbeatOperation{index=3, timestamp=1528512983047}]}
04:56:23.049 [atomix-data-3] TRACE i.a.p.backup.roles.BackupRole - BackupRole{data-partition-6}{role=BACKUP} - Sending BackupResponse{status=OK}
04:56:23.050 [raft-server-system-partition-1] TRACE i.a.p.raft.roles.FollowerRole - RaftServer{system-partition-1}{role=FOLLOWER} - Committed entries up to index 145
04:56:23.050 [raft-server-system-partition-1] TRACE i.a.p.raft.roles.FollowerRole - RaftServer{system-partition-1}{role=FOLLOWER} - Sending AppendResponse{status=OK, term=1, succeeded=true, lastLogIndex=146}
04:56:23.050 [raft-server-system-partition-1-state] TRACE i.a.p.raft.impl.RaftServiceManager - RaftServer{system-partition-1} - Applying Indexed{index=145, entry=KeepAliveEntry{term=1, timestamp=2018-06-09 04:56:22,951, sessionIds=long[]{length=2, hash=5567}, commandSequences=long[]{length=2, hash=961}, eventIndexes=long[]{length=2, hash=5567}}}
04:56:23.066 [raft-server-system-partition-1] TRACE i.a.p.raft.roles.LeaderAppender - RaftServer{system-partition-1} - Received AppendResponse{status=OK, term=1, succeeded=true, lastLogIndex=146} from 2
04:56:23.066 [raft-server-system-partition-1] TRACE i.a.p.raft.roles.LeaderAppender - RaftServer{system-partition-1} - Sending AppendRequest{term=1, leader=3, prevLogIndex=146, prevLogTerm=1, entries=0, commitIndex=146} to 1
04:56:23.066 [raft-server-system-partition-1] TRACE i.a.p.raft.roles.LeaderAppender - RaftServer{system-partition-1} - Sending AppendRequest{term=1, leader=3, prevLogIndex=146, prevLogTerm=1, entries=0, commitIndex=146} to 2
04:56:23.067 [raft-server-system-partition-1-state] TRACE i.a.p.raft.impl.RaftServiceManager - RaftServer{system-partition-1} - Applying Indexed{index=146, entry=OpenSessionEntry{term=1, timestamp=2018-06-09 04:56:23,008, node=11, serviceName=primitives, serviceType=consistent-map, serviceConfig=byte[]{length=2, hash=2636}, readConsistency=SEQUENTIAL, minTimeout=250, maxTimeout=30000}}
04:56:23.067 [raft-server-system-partition-1] TRACE i.a.p.raft.roles.FollowerRole - RaftServer{system-partition-1}{role=FOLLOWER} - Received AppendRequest{term=1, leader=3, prevLogIndex=146, prevLogTerm=1, entries=0, commitIndex=146}
04:56:23.067 [raft-server-system-partition-1-state] DEBUG i.a.p.r.service.RaftServiceContext - PrimitiveService{35}{type=ConsistentMapType{name=consistent-map}, name=primitives} - Opening session 146
04:56:23.067 [raft-server-system-partition-1] TRACE i.a.p.raft.roles.FollowerRole - RaftServer{system-partition-1}{role=FOLLOWER} - Received AppendRequest{term=1, leader=3, prevLogIndex=146, prevLogTerm=1, entries=0, commitIndex=146}
04:56:23.067 [raft-server-system-partition-1] TRACE i.a.p.raft.roles.FollowerRole - RaftServer{system-partition-1}{role=FOLLOWER} - Committed entries up to index 146
04:56:23.067 [raft-server-system-partition-1-state] DEBUG i.a.p.raft.session.RaftSession - Session{146}{type=ConsistentMapType{name=consistent-map}, name=primitives} - State changed: OPEN
04:56:23.067 [raft-server-system-partition-1] TRACE i.a.p.raft.roles.FollowerRole - RaftServer{system-partition-1}{role=FOLLOWER} - Committed entries up to index 146
04:56:23.067 [raft-server-system-partition-1] TRACE i.a.p.raft.roles.FollowerRole - RaftServer{system-partition-1}{role=FOLLOWER} - Sending AppendResponse{status=OK, term=1, succeeded=true, lastLogIndex=146}
04:56:23.067 [raft-server-system-partition-1] TRACE i.a.p.raft.roles.FollowerRole - RaftServer{system-partition-1}{role=FOLLOWER} - Sending AppendResponse{status=OK, term=1, succeeded=true, lastLogIndex=146}
04:56:23.067 [raft-server-system-partition-1-state] TRACE i.a.protocols.raft.roles.LeaderRole - RaftServer{system-partition-1}{role=LEADER} - Sending OpenSessionResponse{status=OK, session=146, timeout=30000}
04:56:23.067 [raft-server-system-partition-1-state] TRACE i.a.p.raft.impl.RaftServiceManager - RaftServer{system-partition-1} - Applying Indexed{index=146, entry=OpenSessionEntry{term=1, timestamp=2018-06-09 04:56:23,008, node=11, serviceName=primitives, serviceType=consistent-map, serviceConfig=byte[]{length=2, hash=2636}, readConsistency=SEQUENTIAL, minTimeout=250, maxTimeout=30000}}
04:56:23.067 [raft-server-system-partition-1-state] TRACE i.a.p.raft.impl.RaftServiceManager - RaftServer{system-partition-1} - Applying Indexed{index=146, entry=OpenSessionEntry{term=1, timestamp=2018-06-09 04:56:23,008, node=11, serviceName=primitives, serviceType=consistent-map, serviceConfig=byte[]{length=2, hash=2636}, readConsistency=SEQUENTIAL, minTimeout=250, maxTimeout=30000}}
04:56:23.067 [raft-server-system-partition-1-state] DEBUG i.a.p.r.service.RaftServiceContext - PrimitiveService{35}{type=ConsistentMapType{name=consistent-map}, name=primitives} - Opening session 146
04:56:23.067 [raft-server-system-partition-1] TRACE i.a.p.raft.roles.LeaderAppender - RaftServer{system-partition-1} - Received AppendResponse{status=OK, term=1, succeeded=true, lastLogIndex=146} from 1
04:56:23.067 [raft-server-system-partition-1-state] DEBUG i.a.p.r.service.RaftServiceContext - PrimitiveService{35}{type=ConsistentMapType{name=consistent-map}, name=primitives} - Opening session 146
04:56:23.067 [raft-server-system-partition-1] TRACE i.a.p.raft.roles.FollowerRole - RaftServer{system-partition-1}{role=FOLLOWER} - Sending OpenSessionResponse{status=OK, session=146, timeout=30000}
04:56:23.067 [raft-server-system-partition-1-state] DEBUG i.a.p.raft.session.RaftSession - Session{146}{type=ConsistentMapType{name=consistent-map}, name=primitives} - State changed: OPEN
04:56:23.067 [raft-server-system-partition-1] TRACE i.a.p.raft.roles.LeaderAppender - RaftServer{system-partition-1} - Sending AppendRequest{term=1, leader=3, prevLogIndex=146, prevLogTerm=1, entries=0, commitIndex=146} to 1
04:56:23.068 [raft-server-system-partition-1-state] DEBUG i.a.p.raft.session.RaftSession - Session{146}{type=ConsistentMapType{name=consistent-map}, name=primitives} - State changed: OPEN
04:56:23.068 [raft-server-system-partition-1] TRACE i.a.p.raft.roles.LeaderAppender - RaftServer{system-partition-1} - Received AppendResponse{status=OK, term=1, succeeded=true, lastLogIndex=146} from 2
04:56:23.068 [raft-server-system-partition-1] TRACE i.a.p.raft.roles.LeaderAppender - RaftServer{system-partition-1} - Sending AppendRequest{term=1, leader=3, prevLogIndex=146, prevLogTerm=1, entries=0, commitIndex=146} to 2
04:56:23.068 [raft-server-system-partition-1] TRACE i.a.p.raft.roles.FollowerRole - RaftServer{system-partition-1}{role=FOLLOWER} - Received AppendRequest{term=1, leader=3, prevLogIndex=146, prevLogTerm=1, entries=0, commitIndex=146}
04:56:23.068 [raft-client-system-partition-1-0] TRACE i.a.p.r.p.impl.RaftProxyConnection - RaftClient{system-partition-1} - Received OpenSessionResponse{status=OK, session=146, timeout=30000} from 2
04:56:23.068 [raft-server-system-partition-1] TRACE i.a.p.raft.roles.FollowerRole - RaftServer{system-partition-1}{role=FOLLOWER} - Sending AppendResponse{status=OK, term=1, succeeded=true, lastLogIndex=146}
04:56:23.068 [raft-client-system-partition-1-0] TRACE i.a.p.r.proxy.impl.RaftProxyManager - RaftClient{system-partition-1} - Keeping 3 sessions alive
04:56:23.068 [raft-server-system-partition-1] TRACE i.a.p.raft.roles.FollowerRole - RaftServer{system-partition-1}{role=FOLLOWER} - Received AppendRequest{term=1, leader=3, prevLogIndex=146, prevLogTerm=1, entries=0, commitIndex=146}
04:56:23.068 [raft-server-system-partition-1] TRACE i.a.p.raft.roles.FollowerRole - RaftServer{system-partition-1}{role=FOLLOWER} - Sending AppendResponse{status=OK, term=1, succeeded=true, lastLogIndex=146}
04:56:23.068 [raft-client-system-partition-1-3] TRACE i.a.p.r.p.impl.RaftProxyConnection - RaftClient{system-partition-1} - Sending KeepAliveRequest{sessionIds=long[]{length=3, hash=172843}, commandSequences=long[]{length=3, hash=29791}, eventIndexes=long[]{length=3, hash=172843}} to 2
04:56:23.068 [raft-server-system-partition-1] TRACE i.a.p.raft.roles.LeaderAppender - RaftServer{system-partition-1} - Received AppendResponse{status=OK, term=1, succeeded=true, lastLogIndex=146} from 2
04:56:23.068 [raft-server-system-partition-1] TRACE i.a.p.raft.roles.LeaderAppender - RaftServer{system-partition-1} - Received AppendResponse{status=OK, term=1, succeeded=true, lastLogIndex=146} from 1
04:56:23.068 [raft-server-system-partition-1] TRACE i.a.p.raft.roles.FollowerRole - RaftServer{system-partition-1}{role=FOLLOWER} - Received KeepAliveRequest{sessionIds=long[]{length=3, hash=172843}, commandSequences=long[]{length=3, hash=29791}, eventIndexes=long[]{length=3, hash=172843}}
04:56:23.069 [raft-server-system-partition-1] TRACE i.a.protocols.raft.roles.LeaderRole - RaftServer{system-partition-1}{role=LEADER} - Received KeepAliveRequest{sessionIds=long[]{length=3, hash=172843}, commandSequences=long[]{length=3, hash=29791}, eventIndexes=long[]{length=3, hash=172843}}
04:56:23.069 [raft-server-system-partition-1] TRACE i.a.protocols.raft.roles.LeaderRole - RaftServer{system-partition-1}{role=LEADER} - Appended Indexed{index=147, entry=KeepAliveEntry{term=1, timestamp=2018-06-09 04:56:23,069, sessionIds=long[]{length=3, hash=172843}, commandSequences=long[]{length=3, hash=29791}, eventIndexes=long[]{length=3, hash=172843}}}
04:56:23.069 [raft-server-system-partition-1] TRACE i.a.p.raft.roles.LeaderAppender - RaftServer{system-partition-1} - Sending AppendRequest{term=1, leader=3, prevLogIndex=146, prevLogTerm=1, entries=1, commitIndex=146} to 1
04:56:23.069 [raft-server-system-partition-1] TRACE i.a.p.raft.roles.LeaderAppender - RaftServer{system-partition-1} - Sending AppendRequest{term=1, leader=3, prevLogIndex=146, prevLogTerm=1, entries=1, commitIndex=146} to 2
04:56:23.069 [raft-server-system-partition-1] TRACE i.a.p.raft.roles.FollowerRole - RaftServer{system-partition-1}{role=FOLLOWER} - Received AppendRequest{term=1, leader=3, prevLogIndex=146, prevLogTerm=1, entries=1, commitIndex=146}
04:56:23.069 [raft-server-system-partition-1] TRACE i.a.p.raft.roles.FollowerRole - RaftServer{system-partition-1}{role=FOLLOWER} - Received AppendRequest{term=1, leader=3, prevLogIndex=146, prevLogTerm=1, entries=1, commitIndex=146}
04:56:23.069 [raft-server-system-partition-1] TRACE i.a.p.raft.roles.FollowerRole - RaftServer{system-partition-1}{role=FOLLOWER} - Appended Indexed{index=147, entry=KeepAliveEntry{term=1, timestamp=2018-06-09 04:56:23,069, sessionIds=long[]{length=3, hash=172843}, commandSequences=long[]{length=3, hash=29791}, eventIndexes=long[]{length=3, hash=172843}}}
04:56:23.069 [raft-server-system-partition-1] TRACE i.a.p.raft.roles.FollowerRole - RaftServer{system-partition-1}{role=FOLLOWER} - Appended Indexed{index=147, entry=KeepAliveEntry{term=1, timestamp=2018-06-09 04:56:23,069, sessionIds=long[]{length=3, hash=172843}, commandSequences=long[]{length=3, hash=29791}, eventIndexes=long[]{length=3, hash=172843}}}
04:56:23.069 [raft-server-system-partition-1] TRACE i.a.p.raft.roles.FollowerRole - RaftServer{system-partition-1}{role=FOLLOWER} - Sending AppendResponse{status=OK, term=1, succeeded=true, lastLogIndex=147}
04:56:23.069 [raft-server-system-partition-1] TRACE i.a.p.raft.roles.FollowerRole - RaftServer{system-partition-1}{role=FOLLOWER} - Sending AppendResponse{status=OK, term=1, succeeded=true, lastLogIndex=147}
04:56:23.069 [raft-server-system-partition-1] TRACE i.a.p.raft.roles.LeaderAppender - RaftServer{system-partition-1} - Received AppendResponse{status=OK, term=1, succeeded=true, lastLogIndex=147} from 1
04:56:23.070 [raft-server-system-partition-1] TRACE i.a.p.raft.roles.LeaderAppender - RaftServer{system-partition-1} - Committed entries up to 147
04:56:23.071 [raft-client-system-partition-1-0] TRACE i.a.p.r.p.impl.RaftProxyConnection - SessionClient{146}{type=ConsistentMapType{name=consistent-map}, name=primitives} - Sending CommandRequest{session=146, sequence=1, operation=PrimitiveOperation{id=DefaultOperationId{id=putIfAbsentWithTtl, type=COMMAND}, value=byte[]{length=45, hash=-655357269}}} to 3
04:56:23.091 [raft-server-system-partition-1] TRACE i.a.p.raft.roles.LeaderAppender - RaftServer{system-partition-1} - Received AppendResponse{status=OK, term=1, succeeded=true, lastLogIndex=147} from 2
04:56:23.091 [raft-server-system-partition-1] TRACE i.a.protocols.raft.roles.LeaderRole - RaftServer{system-partition-1}{role=LEADER} - Received CommandRequest{session=146, sequence=1, operation=PrimitiveOperation{id=DefaultOperationId{id=putIfAbsentWithTtl, type=COMMAND}, value=byte[]{length=45, hash=-655357269}}}
04:56:23.091 [raft-server-system-partition-1] TRACE i.a.protocols.raft.roles.LeaderRole - RaftServer{system-partition-1}{role=LEADER} - Appended Indexed{index=148, entry=CommandEntry{term=1, timestamp=2018-06-09 04:56:23,091, session=146, sequence=1, operation=PrimitiveOperation{id=DefaultOperationId{id=putIfAbsentWithTtl, type=COMMAND}, value=byte[]{length=45, hash=-655357269}}}}
04:56:23.092 [raft-server-system-partition-1] TRACE i.a.p.raft.roles.LeaderAppender - RaftServer{system-partition-1} - Sending AppendRequest{term=1, leader=3, prevLogIndex=147, prevLogTerm=1, entries=1, commitIndex=147} to 1
04:56:23.092 [raft-server-system-partition-1-state] TRACE i.a.p.raft.impl.RaftServiceManager - RaftServer{system-partition-1} - Applying Indexed{index=147, entry=KeepAliveEntry{term=1, timestamp=2018-06-09 04:56:23,069, sessionIds=long[]{length=3, hash=172843}, commandSequences=long[]{length=3, hash=29791}, eventIndexes=long[]{length=3, hash=172843}}}
04:56:23.092 [raft-server-system-partition-1] TRACE i.a.p.raft.roles.LeaderAppender - RaftServer{system-partition-1} - Sending AppendRequest{term=1, leader=3, prevLogIndex=147, prevLogTerm=1, entries=1, commitIndex=147} to 2
04:56:23.092 [raft-server-system-partition-1] TRACE i.a.protocols.raft.roles.LeaderRole - RaftServer{system-partition-1}{role=LEADER} - Sending KeepAliveResponse{status=OK, leader=3, members=[3, 1, 2], sessionIds=long[]{length=3, hash=172843}}
04:56:23.092 [raft-server-system-partition-1] TRACE i.a.p.raft.roles.FollowerRole - RaftServer{system-partition-1}{role=FOLLOWER} - Received AppendRequest{term=1, leader=3, prevLogIndex=147, prevLogTerm=1, entries=1, commitIndex=147}
04:56:23.092 [raft-server-system-partition-1] TRACE i.a.p.raft.roles.FollowerRole - RaftServer{system-partition-1}{role=FOLLOWER} - Received AppendRequest{term=1, leader=3, prevLogIndex=147, prevLogTerm=1, entries=1, commitIndex=147}
04:56:23.092 [raft-server-system-partition-1] TRACE i.a.p.raft.roles.FollowerRole - RaftServer{system-partition-1}{role=FOLLOWER} - Appended Indexed{index=148, entry=CommandEntry{term=1, timestamp=2018-06-09 04:56:23,091, session=146, sequence=1, operation=PrimitiveOperation{id=DefaultOperationId{id=putIfAbsentWithTtl, type=COMMAND}, value=byte[]{length=45, hash=-655357269}}}}
04:56:23.092 [raft-server-system-partition-1] TRACE i.a.p.raft.roles.FollowerRole - RaftServer{system-partition-1}{role=FOLLOWER} - Appended Indexed{index=148, entry=CommandEntry{term=1, timestamp=2018-06-09 04:56:23,091, session=146, sequence=1, operation=PrimitiveOperation{id=DefaultOperationId{id=putIfAbsentWithTtl, type=COMMAND}, value=byte[]{length=45, hash=-655357269}}}}
04:56:23.125 [raft-server-system-partition-1] TRACE i.a.p.raft.roles.FollowerRole - RaftServer{system-partition-1}{role=FOLLOWER} - Committed entries up to index 147
04:56:23.125 [raft-server-system-partition-1] TRACE i.a.p.raft.roles.FollowerRole - RaftServer{system-partition-1}{role=FOLLOWER} - Sending AppendResponse{status=OK, term=1, succeeded=true, lastLogIndex=148}
04:56:23.125 [raft-server-system-partition-1-state] TRACE i.a.p.raft.impl.RaftServiceManager - RaftServer{system-partition-1} - Applying Indexed{index=147, entry=KeepAliveEntry{term=1, timestamp=2018-06-09 04:56:23,069, sessionIds=long[]{length=3, hash=172843}, commandSequences=long[]{length=3, hash=29791}, eventIndexes=long[]{length=3, hash=172843}}}
04:56:23.125 [raft-server-system-partition-1] TRACE i.a.p.raft.roles.LeaderAppender - RaftServer{system-partition-1} - Received AppendResponse{status=OK, term=1, succeeded=true, lastLogIndex=148} from 1
04:56:23.125 [raft-server-system-partition-1] TRACE i.a.p.raft.roles.LeaderAppender - RaftServer{system-partition-1} - Committed entries up to 148
04:56:23.126 [raft-server-raft-partition-3] TRACE i.a.p.raft.roles.LeaderAppender - RaftServer{raft-partition-3} - Sending AppendRequest{term=1, leader=1, prevLogIndex=1, prevLogTerm=1, entries=0, commitIndex=1} to 3
04:56:23.126 [raft-server-raft-partition-3] TRACE i.a.p.raft.roles.LeaderAppender - RaftServer{raft-partition-3} - Sending AppendRequest{term=1, leader=1, prevLogIndex=1, prevLogTerm=1, entries=0, commitIndex=1} to 2
04:56:23.126 [raft-server-raft-partition-3] TRACE i.a.p.raft.roles.FollowerRole - RaftServer{raft-partition-3}{role=FOLLOWER} - Received AppendRequest{term=1, leader=1, prevLogIndex=1, prevLogTerm=1, entries=0, commitIndex=1}
04:56:23.126 [raft-server-raft-partition-3] TRACE i.a.p.raft.roles.FollowerRole - RaftServer{raft-partition-3}{role=FOLLOWER} - Sending AppendResponse{status=OK, term=1, succeeded=true, lastLogIndex=1}
04:56:23.126 [raft-server-raft-partition-3] TRACE i.a.p.raft.roles.FollowerRole - RaftServer{raft-partition-3}{role=FOLLOWER} - Received AppendRequest{term=1, leader=1, prevLogIndex=1, prevLogTerm=1, entries=0, commitIndex=1}
04:56:23.126 [raft-server-raft-partition-3] TRACE i.a.p.raft.roles.FollowerRole - RaftServer{raft-partition-3}{role=FOLLOWER} - Sending AppendResponse{status=OK, term=1, succeeded=true, lastLogIndex=1}
04:56:23.127 [raft-server-raft-partition-3] TRACE i.a.p.raft.roles.LeaderAppender - RaftServer{raft-partition-3} - Received AppendResponse{status=OK, term=1, succeeded=true, lastLogIndex=1} from 2
04:56:23.127 [raft-server-raft-partition-3] TRACE i.a.p.raft.roles.LeaderAppender - RaftServer{raft-partition-3} - Sending AppendRequest{term=1, leader=1, prevLogIndex=1, prevLogTerm=1, entries=0, commitIndex=1} to 2
04:56:23.127 [raft-server-raft-partition-3] TRACE i.a.p.raft.roles.LeaderAppender - RaftServer{raft-partition-3} - Received AppendResponse{status=OK, term=1, succeeded=true, lastLogIndex=1} from 3
04:56:23.127 [raft-server-raft-partition-3] TRACE i.a.p.raft.roles.LeaderAppender - RaftServer{raft-partition-3} - Sending AppendRequest{term=1, leader=1, prevLogIndex=1, prevLogTerm=1, entries=0, commitIndex=1} to 3
04:56:23.127 [raft-server-raft-partition-3] TRACE i.a.p.raft.roles.FollowerRole - RaftServer{raft-partition-3}{role=FOLLOWER} - Received AppendRequest{term=1, leader=1, prevLogIndex=1, prevLogTerm=1, entries=0, commitIndex=1}
04:56:23.127 [raft-server-raft-partition-3] TRACE i.a.p.raft.roles.FollowerRole - RaftServer{raft-partition-3}{role=FOLLOWER} - Received AppendRequest{term=1, leader=1, prevLogIndex=1, prevLogTerm=1, entries=0, commitIndex=1}
04:56:23.127 [raft-server-raft-partition-3] TRACE i.a.p.raft.roles.FollowerRole - RaftServer{raft-partition-3}{role=FOLLOWER} - Sending AppendResponse{status=OK, term=1, succeeded=true, lastLogIndex=1}
04:56:23.127 [raft-server-raft-partition-3] TRACE i.a.p.raft.roles.FollowerRole - RaftServer{raft-partition-3}{role=FOLLOWER} - Sending AppendResponse{status=OK, term=1, succeeded=true, lastLogIndex=1}
04:56:23.127 [raft-server-raft-partition-3] TRACE i.a.p.raft.roles.LeaderAppender - RaftServer{raft-partition-3} - Received AppendResponse{status=OK, term=1, succeeded=true, lastLogIndex=1} from 2
04:56:23.127 [raft-server-raft-partition-3] TRACE i.a.p.raft.roles.LeaderAppender - RaftServer{raft-partition-3} - Received AppendResponse{status=OK, term=1, succeeded=true, lastLogIndex=1} from 3
04:56:23.141 [raft-server-system-partition-1] TRACE i.a.p.raft.roles.FollowerRole - RaftServer{system-partition-1}{role=FOLLOWER} - Committed entries up to index 147
04:56:23.141 [raft-server-system-partition-1] TRACE i.a.p.raft.roles.FollowerRole - RaftServer{system-partition-1}{role=FOLLOWER} - Sending AppendResponse{status=OK, term=1, succeeded=true, lastLogIndex=148}
04:56:23.141 [raft-server-system-partition-1] TRACE i.a.p.raft.roles.FollowerRole - RaftServer{system-partition-1}{role=FOLLOWER} - Sending KeepAliveResponse{status=OK, leader=3, members=[3, 1, 2], sessionIds=long[]{length=3, hash=172843}}
04:56:23.142 [raft-server-system-partition-1-state] TRACE i.a.p.raft.impl.RaftServiceManager - RaftServer{system-partition-1} - Applying Indexed{index=147, entry=KeepAliveEntry{term=1, timestamp=2018-06-09 04:56:23,069, sessionIds=long[]{length=3, hash=172843}, commandSequences=long[]{length=3, hash=29791}, eventIndexes=long[]{length=3, hash=172843}}}
04:56:23.142 [raft-client-system-partition-1-6] TRACE i.a.p.r.p.impl.RaftProxyConnection - RaftClient{system-partition-1} - Received KeepAliveResponse{status=OK, leader=3, members=[3, 1, 2], sessionIds=long[]{length=3, hash=172843}} from 2
04:56:23.158 [raft-server-system-partition-1] TRACE i.a.p.raft.roles.LeaderAppender - RaftServer{system-partition-1} - Received AppendResponse{status=OK, term=1, succeeded=true, lastLogIndex=148} from 2
04:56:23.158 [raft-server-system-partition-1-state] TRACE i.a.p.raft.impl.RaftServiceManager - RaftServer{system-partition-1} - Applying Indexed{index=148, entry=CommandEntry{term=1, timestamp=2018-06-09 04:56:23,091, session=146, sequence=1, operation=PrimitiveOperation{id=DefaultOperationId{id=putIfAbsentWithTtl, type=COMMAND}, value=byte[]{length=45, hash=-655357269}}}}
04:56:23.158 [raft-server-system-partition-1-state] TRACE i.a.protocols.raft.roles.LeaderRole - RaftServer{system-partition-1}{role=LEADER} - Sending CommandResponse{status=OK, index=148, eventIndex=146, result=byte[]{length=57, hash=1577562440}}
04:56:23.159 [raft-client-system-partition-1-4] TRACE i.a.p.r.p.impl.RaftProxyConnection - SessionClient{146}{type=ConsistentMapType{name=consistent-map}, name=primitives} - Received CommandResponse{status=OK, index=148, eventIndex=146, result=byte[]{length=57, hash=1577562440}} from 3
04:56:23.159 [raft-client-system-partition-1-4] TRACE i.a.p.r.p.impl.RaftProxySequencer - SessionClient{146}{type=ConsistentMapType{name=consistent-map}, name=primitives} - Completing response CommandResponse{status=OK, index=148, eventIndex=146, result=byte[]{length=57, hash=1577562440}}
04:56:23.161 [raft-client-system-partition-1-4] INFO  i.a.core.impl.CoreTransactionService - Started
04:56:23.161 [raft-client-system-partition-1-4] INFO  i.a.core.impl.CorePrimitivesService - Started
04:56:23.161 [atomix-cluster-0] INFO  io.atomix.cluster.AtomixCluster - Started
04:56:23.175 [raft-client-system-partition-1-1] TRACE i.a.p.r.p.impl.RaftProxyConnection - SessionClient{146}{type=ConsistentMapType{name=consistent-map}, name=primitives} - Sending CommandRequest{session=146, sequence=2, operation=PrimitiveOperation{id=DefaultOperationId{id=putIfAbsentWithTtl, type=COMMAND}, value=byte[]{length=61, hash=-178706657}}} to 3
04:56:23.175 [raft-server-system-partition-1] TRACE i.a.protocols.raft.roles.LeaderRole - RaftServer{system-partition-1}{role=LEADER} - Received CommandRequest{session=146, sequence=2, operation=PrimitiveOperation{id=DefaultOperationId{id=putIfAbsentWithTtl, type=COMMAND}, value=byte[]{length=61, hash=-178706657}}}
04:56:23.175 [raft-server-system-partition-1] TRACE i.a.protocols.raft.roles.LeaderRole - RaftServer{system-partition-1}{role=LEADER} - Appended Indexed{index=149, entry=CommandEntry{term=1, timestamp=2018-06-09 04:56:23,175, session=146, sequence=2, operation=PrimitiveOperation{id=DefaultOperationId{id=putIfAbsentWithTtl, type=COMMAND}, value=byte[]{length=61, hash=-178706657}}}}
04:56:23.175 [raft-server-system-partition-1] TRACE i.a.p.raft.roles.LeaderAppender - RaftServer{system-partition-1} - Sending AppendRequest{term=1, leader=3, prevLogIndex=148, prevLogTerm=1, entries=1, commitIndex=148} to 1
04:56:23.176 [raft-server-system-partition-1] TRACE i.a.p.raft.roles.LeaderAppender - RaftServer{system-partition-1} - Sending AppendRequest{term=1, leader=3, prevLogIndex=148, prevLogTerm=1, entries=1, commitIndex=148} to 2
04:56:23.176 [raft-server-system-partition-1] TRACE i.a.p.raft.roles.FollowerRole - RaftServer{system-partition-1}{role=FOLLOWER} - Received AppendRequest{term=1, leader=3, prevLogIndex=148, prevLogTerm=1, entries=1, commitIndex=148}
04:56:23.176 [raft-server-system-partition-1] TRACE i.a.p.raft.roles.FollowerRole - RaftServer{system-partition-1}{role=FOLLOWER} - Appended Indexed{index=149, entry=CommandEntry{term=1, timestamp=2018-06-09 04:56:23,175, session=146, sequence=2, operation=PrimitiveOperation{id=DefaultOperationId{id=putIfAbsentWithTtl, type=COMMAND}, value=byte[]{length=61, hash=-178706657}}}}
04:56:23.176 [raft-server-system-partition-1] TRACE i.a.p.raft.roles.FollowerRole - RaftServer{system-partition-1}{role=FOLLOWER} - Received AppendRequest{term=1, leader=3, prevLogIndex=148, prevLogTerm=1, entries=1, commitIndex=148}
04:56:23.176 [raft-server-system-partition-1] TRACE i.a.p.raft.roles.FollowerRole - RaftServer{system-partition-1}{role=FOLLOWER} - Appended Indexed{index=149, entry=CommandEntry{term=1, timestamp=2018-06-09 04:56:23,175, session=146, sequence=2, operation=PrimitiveOperation{id=DefaultOperationId{id=putIfAbsentWithTtl, type=COMMAND}, value=byte[]{length=61, hash=-178706657}}}}
04:56:23.200 [raft-server-system-partition-1] TRACE i.a.p.raft.roles.FollowerRole - RaftServer{system-partition-1}{role=FOLLOWER} - Committed entries up to index 148
04:56:23.200 [raft-server-system-partition-1] TRACE i.a.p.raft.roles.FollowerRole - RaftServer{system-partition-1}{role=FOLLOWER} - Sending AppendResponse{status=OK, term=1, succeeded=true, lastLogIndex=149}
04:56:23.200 [raft-server-system-partition-1-state] TRACE i.a.p.raft.impl.RaftServiceManager - RaftServer{system-partition-1} - Applying Indexed{index=148, entry=CommandEntry{term=1, timestamp=2018-06-09 04:56:23,091, session=146, sequence=1, operation=PrimitiveOperation{id=DefaultOperationId{id=putIfAbsentWithTtl, type=COMMAND}, value=byte[]{length=45, hash=-655357269}}}}
04:56:23.200 [raft-server-system-partition-1] TRACE i.a.p.raft.roles.LeaderAppender - RaftServer{system-partition-1} - Received AppendResponse{status=OK, term=1, succeeded=true, lastLogIndex=149} from 1
04:56:23.200 [raft-server-system-partition-1] TRACE i.a.p.raft.roles.LeaderAppender - RaftServer{system-partition-1} - Committed entries up to 149
04:56:23.201 [raft-server-raft-partition-2] TRACE i.a.p.raft.roles.LeaderAppender - RaftServer{raft-partition-2} - Sending AppendRequest{term=1, leader=3, prevLogIndex=1, prevLogTerm=1, entries=0, commitIndex=1} to 1
04:56:23.201 [raft-server-raft-partition-2] TRACE i.a.p.raft.roles.LeaderAppender - RaftServer{raft-partition-2} - Sending AppendRequest{term=1, leader=3, prevLogIndex=1, prevLogTerm=1, entries=0, commitIndex=1} to 2
04:56:23.201 [raft-server-raft-partition-2] TRACE i.a.p.raft.roles.FollowerRole - RaftServer{raft-partition-2}{role=FOLLOWER} - Received AppendRequest{term=1, leader=3, prevLogIndex=1, prevLogTerm=1, entries=0, commitIndex=1}
04:56:23.201 [raft-server-raft-partition-2] TRACE i.a.p.raft.roles.FollowerRole - RaftServer{raft-partition-2}{role=FOLLOWER} - Received AppendRequest{term=1, leader=3, prevLogIndex=1, prevLogTerm=1, entries=0, commitIndex=1}
04:56:23.201 [raft-server-raft-partition-2] TRACE i.a.p.raft.roles.FollowerRole - RaftServer{raft-partition-2}{role=FOLLOWER} - Sending AppendResponse{status=OK, term=1, succeeded=true, lastLogIndex=1}
04:56:23.202 [raft-server-raft-partition-2] TRACE i.a.p.raft.roles.FollowerRole - RaftServer{raft-partition-2}{role=FOLLOWER} - Sending AppendResponse{status=OK, term=1, succeeded=true, lastLogIndex=1}
04:56:23.202 [raft-server-raft-partition-2] TRACE i.a.p.raft.roles.LeaderAppender - RaftServer{raft-partition-2} - Received AppendResponse{status=OK, term=1, succeeded=true, lastLogIndex=1} from 2
04:56:23.202 [raft-server-raft-partition-2] TRACE i.a.p.raft.roles.LeaderAppender - RaftServer{raft-partition-2} - Sending AppendRequest{term=1, leader=3, prevLogIndex=1, prevLogTerm=1, entries=0, commitIndex=1} to 2
04:56:23.202 [raft-server-raft-partition-2] TRACE i.a.p.raft.roles.LeaderAppender - RaftServer{raft-partition-2} - Received AppendResponse{status=OK, term=1, succeeded=true, lastLogIndex=1} from 1
04:56:23.202 [raft-server-raft-partition-2] TRACE i.a.p.raft.roles.LeaderAppender - RaftServer{raft-partition-2} - Sending AppendRequest{term=1, leader=3, prevLogIndex=1, prevLogTerm=1, entries=0, commitIndex=1} to 1
04:56:23.202 [raft-server-raft-partition-2] TRACE i.a.p.raft.roles.FollowerRole - RaftServer{raft-partition-2}{role=FOLLOWER} - Received AppendRequest{term=1, leader=3, prevLogIndex=1, prevLogTerm=1, entries=0, commitIndex=1}
04:56:23.202 [raft-server-raft-partition-2] TRACE i.a.p.raft.roles.FollowerRole - RaftServer{raft-partition-2}{role=FOLLOWER} - Sending AppendResponse{status=OK, term=1, succeeded=true, lastLogIndex=1}
04:56:23.202 [raft-server-raft-partition-2] TRACE i.a.p.raft.roles.FollowerRole - RaftServer{raft-partition-2}{role=FOLLOWER} - Received AppendRequest{term=1, leader=3, prevLogIndex=1, prevLogTerm=1, entries=0, commitIndex=1}
04:56:23.202 [raft-server-raft-partition-2] TRACE i.a.p.raft.roles.FollowerRole - RaftServer{raft-partition-2}{role=FOLLOWER} - Sending AppendResponse{status=OK, term=1, succeeded=true, lastLogIndex=1}
04:56:23.202 [raft-server-raft-partition-2] TRACE i.a.p.raft.roles.LeaderAppender - RaftServer{raft-partition-2} - Received AppendResponse{status=OK, term=1, succeeded=true, lastLogIndex=1} from 2
04:56:23.203 [raft-server-raft-partition-2] TRACE i.a.p.raft.roles.LeaderAppender - RaftServer{raft-partition-2} - Received AppendResponse{status=OK, term=1, succeeded=true, lastLogIndex=1} from 1
04:56:23.216 [raft-server-system-partition-1] TRACE i.a.p.raft.roles.FollowerRole - RaftServer{system-partition-1}{role=FOLLOWER} - Committed entries up to index 148
04:56:23.216 [raft-server-system-partition-1] TRACE i.a.p.raft.roles.FollowerRole - RaftServer{system-partition-1}{role=FOLLOWER} - Sending AppendResponse{status=OK, term=1, succeeded=true, lastLogIndex=149}
04:56:23.217 [raft-server-system-partition-1-state] TRACE i.a.p.raft.impl.RaftServiceManager - RaftServer{system-partition-1} - Applying Indexed{index=148, entry=CommandEntry{term=1, timestamp=2018-06-09 04:56:23,091, session=146, sequence=1, operation=PrimitiveOperation{id=DefaultOperationId{id=putIfAbsentWithTtl, type=COMMAND}, value=byte[]{length=45, hash=-655357269}}}}
04:56:23.230 [atomix-data-13] TRACE i.a.p.backup.roles.PrimaryRole - PrimaryRole{data-partition-7}{role=PRIMARY} - Sending BackupRequest{primary=3, term=1, index=3, primitive=PrimitiveDescriptor{name=237911e7-090b-4262-b491-dbd90a131139, type=document-tree, backups=2, replication=ASYNCHRONOUS}, operations=[HeartbeatOperation{index=10, timestamp=1528512983230}]} to 2
04:56:23.230 [atomix-data-13] TRACE i.a.p.backup.roles.PrimaryRole - PrimaryRole{data-partition-7}{role=PRIMARY} - Sending BackupRequest{primary=3, term=1, index=3, primitive=PrimitiveDescriptor{name=237911e7-090b-4262-b491-dbd90a131139, type=document-tree, backups=2, replication=ASYNCHRONOUS}, operations=[HeartbeatOperation{index=10, timestamp=1528512983230}]} to 1
04:56:23.230 [atomix-data-11] TRACE i.a.p.backup.roles.BackupRole - BackupRole{data-partition-7}{role=BACKUP} - Received BackupRequest{primary=3, term=1, index=3, primitive=PrimitiveDescriptor{name=237911e7-090b-4262-b491-dbd90a131139, type=document-tree, backups=2, replication=ASYNCHRONOUS}, operations=[HeartbeatOperation{index=10, timestamp=1528512983230}]}
04:56:23.230 [atomix-data-1] TRACE i.a.p.backup.roles.BackupRole - BackupRole{data-partition-7}{role=BACKUP} - Received BackupRequest{primary=3, term=1, index=3, primitive=PrimitiveDescriptor{name=237911e7-090b-4262-b491-dbd90a131139, type=document-tree, backups=2, replication=ASYNCHRONOUS}, operations=[HeartbeatOperation{index=10, timestamp=1528512983230}]}
04:56:23.230 [atomix-data-11] TRACE i.a.p.backup.roles.BackupRole - BackupRole{data-partition-7}{role=BACKUP} - Sending BackupResponse{status=OK}
04:56:23.230 [atomix-data-1] TRACE i.a.p.backup.roles.BackupRole - BackupRole{data-partition-7}{role=BACKUP} - Sending BackupResponse{status=OK}
04:56:23.233 [raft-server-system-partition-1] TRACE i.a.p.raft.roles.LeaderAppender - RaftServer{system-partition-1} - Received AppendResponse{status=OK, term=1, succeeded=true, lastLogIndex=149} from 2
04:56:23.233 [raft-server-system-partition-1-state] TRACE i.a.p.raft.impl.RaftServiceManager - RaftServer{system-partition-1} - Applying Indexed{index=149, entry=CommandEntry{term=1, timestamp=2018-06-09 04:56:23,175, session=146, sequence=2, operation=PrimitiveOperation{id=DefaultOperationId{id=putIfAbsentWithTtl, type=COMMAND}, value=byte[]{length=61, hash=-178706657}}}}
04:56:23.233 [raft-server-system-partition-1-state] TRACE i.a.protocols.raft.roles.LeaderRole - RaftServer{system-partition-1}{role=LEADER} - Sending CommandResponse{status=OK, index=149, eventIndex=146, result=byte[]{length=74, hash=259896818}}
04:56:23.234 [raft-client-system-partition-1-2] TRACE i.a.p.r.p.impl.RaftProxyConnection - SessionClient{146}{type=ConsistentMapType{name=consistent-map}, name=primitives} - Received CommandResponse{status=OK, index=149, eventIndex=146, result=byte[]{length=74, hash=259896818}} from 3
04:56:23.234 [raft-client-system-partition-1-2] TRACE i.a.p.r.p.impl.RaftProxySequencer - SessionClient{146}{type=ConsistentMapType{name=consistent-map}, name=primitives} - Completing response CommandResponse{status=OK, index=149, eventIndex=146, result=byte[]{length=74, hash=259896818}}
04:56:23.234 [raft-client-system-partition-1-6] TRACE i.a.p.r.p.impl.RaftProxyConnection - SessionClient{136}{type=SessionIdGeneratorType{name=SESSION_ID_GENERATOR}, name=session-id} - Sending CommandRequest{session=136, sequence=1, operation=PrimitiveOperation{id=DefaultOperationId{id=NEXT, type=COMMAND}, value=null}} to 3
04:56:23.234 [raft-server-system-partition-1] TRACE i.a.protocols.raft.roles.LeaderRole - RaftServer{system-partition-1}{role=LEADER} - Received CommandRequest{session=136, sequence=1, operation=PrimitiveOperation{id=DefaultOperationId{id=NEXT, type=COMMAND}, value=null}}
04:56:23.235 [raft-server-raft-partition-1] TRACE i.a.p.raft.roles.LeaderAppender - RaftServer{raft-partition-1} - Sending AppendRequest{term=1, leader=2, prevLogIndex=1, prevLogTerm=1, entries=0, commitIndex=1} to 3
04:56:23.235 [raft-server-system-partition-1] TRACE i.a.protocols.raft.roles.LeaderRole - RaftServer{system-partition-1}{role=LEADER} - Appended Indexed{index=150, entry=CommandEntry{term=1, timestamp=2018-06-09 04:56:23,235, session=136, sequence=1, operation=PrimitiveOperation{id=DefaultOperationId{id=NEXT, type=COMMAND}, value=null}}}
04:56:23.235 [raft-server-raft-partition-1] TRACE i.a.p.raft.roles.LeaderAppender - RaftServer{raft-partition-1} - Sending AppendRequest{term=1, leader=2, prevLogIndex=1, prevLogTerm=1, entries=0, commitIndex=1} to 1
04:56:23.235 [raft-server-system-partition-1] TRACE i.a.p.raft.roles.LeaderAppender - RaftServer{system-partition-1} - Sending AppendRequest{term=1, leader=3, prevLogIndex=149, prevLogTerm=1, entries=1, commitIndex=149} to 1
04:56:23.235 [raft-server-raft-partition-1] TRACE i.a.p.raft.roles.FollowerRole - RaftServer{raft-partition-1}{role=FOLLOWER} - Received AppendRequest{term=1, leader=2, prevLogIndex=1, prevLogTerm=1, entries=0, commitIndex=1}
04:56:23.235 [raft-server-system-partition-1] TRACE i.a.p.raft.roles.LeaderAppender - RaftServer{system-partition-1} - Sending AppendRequest{term=1, leader=3, prevLogIndex=149, prevLogTerm=1, entries=1, commitIndex=149} to 2
04:56:23.235 [raft-server-raft-partition-1] TRACE i.a.p.raft.roles.FollowerRole - RaftServer{raft-partition-1}{role=FOLLOWER} - Sending AppendResponse{status=OK, term=1, succeeded=true, lastLogIndex=1}
04:56:23.235 [raft-server-raft-partition-1] TRACE i.a.p.raft.roles.FollowerRole - RaftServer{raft-partition-1}{role=FOLLOWER} - Received AppendRequest{term=1, leader=2, prevLogIndex=1, prevLogTerm=1, entries=0, commitIndex=1}
04:56:23.235 [raft-server-system-partition-1] TRACE i.a.p.raft.roles.FollowerRole - RaftServer{system-partition-1}{role=FOLLOWER} - Received AppendRequest{term=1, leader=3, prevLogIndex=149, prevLogTerm=1, entries=1, commitIndex=149}
04:56:23.235 [raft-server-raft-partition-1] TRACE i.a.p.raft.roles.FollowerRole - RaftServer{raft-partition-1}{role=FOLLOWER} - Sending AppendResponse{status=OK, term=1, succeeded=true, lastLogIndex=1}
04:56:23.235 [raft-server-system-partition-1] TRACE i.a.p.raft.roles.FollowerRole - RaftServer{system-partition-1}{role=FOLLOWER} - Appended Indexed{index=150, entry=CommandEntry{term=1, timestamp=2018-06-09 04:56:23,235, session=136, sequence=1, operation=PrimitiveOperation{id=DefaultOperationId{id=NEXT, type=COMMAND}, value=null}}}
04:56:23.235 [raft-server-system-partition-1] TRACE i.a.p.raft.roles.FollowerRole - RaftServer{system-partition-1}{role=FOLLOWER} - Received AppendRequest{term=1, leader=3, prevLogIndex=149, prevLogTerm=1, entries=1, commitIndex=149}
04:56:23.235 [raft-server-raft-partition-1] TRACE i.a.p.raft.roles.LeaderAppender - RaftServer{raft-partition-1} - Received AppendResponse{status=OK, term=1, succeeded=true, lastLogIndex=1} from 3
04:56:23.235 [raft-server-raft-partition-1] TRACE i.a.p.raft.roles.LeaderAppender - RaftServer{raft-partition-1} - Sending AppendRequest{term=1, leader=2, prevLogIndex=1, prevLogTerm=1, entries=0, commitIndex=1} to 3
04:56:23.235 [raft-server-raft-partition-1] TRACE i.a.p.raft.roles.LeaderAppender - RaftServer{raft-partition-1} - Received AppendResponse{status=OK, term=1, succeeded=true, lastLogIndex=1} from 1
04:56:23.235 [raft-server-raft-partition-1] TRACE i.a.p.raft.roles.LeaderAppender - RaftServer{raft-partition-1} - Sending AppendRequest{term=1, leader=2, prevLogIndex=1, prevLogTerm=1, entries=0, commitIndex=1} to 1
04:56:23.236 [raft-server-raft-partition-1] TRACE i.a.p.raft.roles.FollowerRole - RaftServer{raft-partition-1}{role=FOLLOWER} - Received AppendRequest{term=1, leader=2, prevLogIndex=1, prevLogTerm=1, entries=0, commitIndex=1}
04:56:23.236 [raft-server-system-partition-1] TRACE i.a.p.raft.roles.FollowerRole - RaftServer{system-partition-1}{role=FOLLOWER} - Appended Indexed{index=150, entry=CommandEntry{term=1, timestamp=2018-06-09 04:56:23,235, session=136, sequence=1, operation=PrimitiveOperation{id=DefaultOperationId{id=NEXT, type=COMMAND}, value=null}}}
04:56:23.236 [raft-server-raft-partition-1] TRACE i.a.p.raft.roles.FollowerRole - RaftServer{raft-partition-1}{role=FOLLOWER} - Sending AppendResponse{status=OK, term=1, succeeded=true, lastLogIndex=1}
04:56:23.236 [raft-server-raft-partition-1] TRACE i.a.p.raft.roles.FollowerRole - RaftServer{raft-partition-1}{role=FOLLOWER} - Received AppendRequest{term=1, leader=2, prevLogIndex=1, prevLogTerm=1, entries=0, commitIndex=1}
04:56:23.236 [raft-server-raft-partition-1] TRACE i.a.p.raft.roles.FollowerRole - RaftServer{raft-partition-1}{role=FOLLOWER} - Sending AppendResponse{status=OK, term=1, succeeded=true, lastLogIndex=1}
04:56:23.236 [raft-server-raft-partition-1] TRACE i.a.p.raft.roles.LeaderAppender - RaftServer{raft-partition-1} - Received AppendResponse{status=OK, term=1, succeeded=true, lastLogIndex=1} from 3
04:56:23.236 [raft-server-raft-partition-1] TRACE i.a.p.raft.roles.LeaderAppender - RaftServer{raft-partition-1} - Sending AppendRequest{term=1, leader=2, prevLogIndex=1, prevLogTerm=1, entries=0, commitIndex=1} to 3
04:56:23.236 [raft-server-raft-partition-1] TRACE i.a.p.raft.roles.LeaderAppender - RaftServer{raft-partition-1} - Received AppendResponse{status=OK, term=1, succeeded=true, lastLogIndex=1} from 1
04:56:23.236 [raft-server-raft-partition-1] TRACE i.a.p.raft.roles.LeaderAppender - RaftServer{raft-partition-1} - Sending AppendRequest{term=1, leader=2, prevLogIndex=1, prevLogTerm=1, entries=0, commitIndex=1} to 1
04:56:23.236 [raft-server-raft-partition-1] TRACE i.a.p.raft.roles.FollowerRole - RaftServer{raft-partition-1}{role=FOLLOWER} - Received AppendRequest{term=1, leader=2, prevLogIndex=1, prevLogTerm=1, entries=0, commitIndex=1}
04:56:23.236 [raft-server-raft-partition-1] TRACE i.a.p.raft.roles.FollowerRole - RaftServer{raft-partition-1}{role=FOLLOWER} - Sending AppendResponse{status=OK, term=1, succeeded=true, lastLogIndex=1}
04:56:23.236 [raft-server-raft-partition-1] TRACE i.a.p.raft.roles.FollowerRole - RaftServer{raft-partition-1}{role=FOLLOWER} - Received AppendRequest{term=1, leader=2, prevLogIndex=1, prevLogTerm=1, entries=0, commitIndex=1}
04:56:23.236 [raft-server-raft-partition-1] TRACE i.a.p.raft.roles.FollowerRole - RaftServer{raft-partition-1}{role=FOLLOWER} - Sending AppendResponse{status=OK, term=1, succeeded=true, lastLogIndex=1}
04:56:23.236 [raft-server-raft-partition-1] TRACE i.a.p.raft.roles.LeaderAppender - RaftServer{raft-partition-1} - Received AppendResponse{status=OK, term=1, succeeded=true, lastLogIndex=1} from 1
04:56:23.236 [raft-server-raft-partition-1] TRACE i.a.p.raft.roles.LeaderAppender - RaftServer{raft-partition-1} - Received AppendResponse{status=OK, term=1, succeeded=true, lastLogIndex=1} from 3
04:56:23.264 [atomix-data-13] TRACE i.a.p.backup.roles.PrimaryRole - PrimaryRole{data-partition-2}{role=PRIMARY} - Sending BackupRequest{primary=2, term=2, index=6, primitive=PrimitiveDescriptor{name=0b270163-a3f8-42c4-827a-6a2ad5b70ff9, type=document-tree, backups=2, replication=ASYNCHRONOUS}, operations=[HeartbeatOperation{index=10, timestamp=1528512983263}]} to 1
04:56:23.264 [atomix-data-13] TRACE i.a.p.backup.roles.BackupRole - BackupRole{data-partition-2}{role=BACKUP} - Received BackupRequest{primary=2, term=2, index=6, primitive=PrimitiveDescriptor{name=0b270163-a3f8-42c4-827a-6a2ad5b70ff9, type=document-tree, backups=2, replication=ASYNCHRONOUS}, operations=[HeartbeatOperation{index=10, timestamp=1528512983263}]}
04:56:23.264 [atomix-data-13] TRACE i.a.p.backup.roles.BackupRole - BackupRole{data-partition-2}{role=BACKUP} - Sending BackupResponse{status=OK}
04:56:23.266 [raft-server-system-partition-1] TRACE i.a.p.raft.roles.FollowerRole - RaftServer{system-partition-1}{role=FOLLOWER} - Committed entries up to index 149
04:56:23.266 [raft-server-system-partition-1] TRACE i.a.p.raft.roles.FollowerRole - RaftServer{system-partition-1}{role=FOLLOWER} - Sending AppendResponse{status=OK, term=1, succeeded=true, lastLogIndex=150}
04:56:23.266 [raft-server-system-partition-1-state] TRACE i.a.p.raft.impl.RaftServiceManager - RaftServer{system-partition-1} - Applying Indexed{index=149, entry=CommandEntry{term=1, timestamp=2018-06-09 04:56:23,175, session=146, sequence=2, operation=PrimitiveOperation{id=DefaultOperationId{id=putIfAbsentWithTtl, type=COMMAND}, value=byte[]{length=61, hash=-178706657}}}}
04:56:23.267 [raft-server-system-partition-1] TRACE i.a.p.raft.roles.LeaderAppender - RaftServer{system-partition-1} - Received AppendResponse{status=OK, term=1, succeeded=true, lastLogIndex=150} from 1
04:56:23.267 [raft-server-system-partition-1] TRACE i.a.p.raft.roles.LeaderAppender - RaftServer{system-partition-1} - Committed entries up to 150
04:56:23.283 [raft-server-system-partition-1] TRACE i.a.p.raft.roles.FollowerRole - RaftServer{system-partition-1}{role=FOLLOWER} - Committed entries up to index 149
04:56:23.283 [raft-server-system-partition-1] TRACE i.a.p.raft.roles.FollowerRole - RaftServer{system-partition-1}{role=FOLLOWER} - Sending AppendResponse{status=OK, term=1, succeeded=true, lastLogIndex=150}
04:56:23.283 [raft-server-system-partition-1-state] TRACE i.a.p.raft.impl.RaftServiceManager - RaftServer{system-partition-1} - Applying Indexed{index=149, entry=CommandEntry{term=1, timestamp=2018-06-09 04:56:23,175, session=146, sequence=2, operation=PrimitiveOperation{id=DefaultOperationId{id=putIfAbsentWithTtl, type=COMMAND}, value=byte[]{length=61, hash=-178706657}}}}
04:56:23.297 [atomix-data-12] TRACE i.a.p.backup.roles.PrimaryRole - PrimaryRole{data-partition-7}{role=PRIMARY} - Sending BackupRequest{primary=3, term=1, index=1, primitive=PrimitiveDescriptor{name=c19abd22-09a4-4d0a-94a7-a275eaadb0d7, type=document-tree, backups=2, replication=ASYNCHRONOUS}, operations=[HeartbeatOperation{index=4, timestamp=1528512983297}]} to 2
04:56:23.297 [atomix-data-12] TRACE i.a.p.backup.roles.PrimaryRole - PrimaryRole{data-partition-7}{role=PRIMARY} - Sending BackupRequest{primary=3, term=1, index=1, primitive=PrimitiveDescriptor{name=c19abd22-09a4-4d0a-94a7-a275eaadb0d7, type=document-tree, backups=2, replication=ASYNCHRONOUS}, operations=[HeartbeatOperation{index=4, timestamp=1528512983297}]} to 1
04:56:23.298 [atomix-data-10] TRACE i.a.p.backup.roles.BackupRole - BackupRole{data-partition-7}{role=BACKUP} - Received BackupRequest{primary=3, term=1, index=1, primitive=PrimitiveDescriptor{name=c19abd22-09a4-4d0a-94a7-a275eaadb0d7, type=document-tree, backups=2, replication=ASYNCHRONOUS}, operations=[HeartbeatOperation{index=4, timestamp=1528512983297}]}
04:56:23.298 [atomix-data-10] TRACE i.a.p.backup.roles.BackupRole - BackupRole{data-partition-7}{role=BACKUP} - Sending BackupResponse{status=OK}
04:56:23.298 [atomix-data-2] TRACE i.a.p.backup.roles.BackupRole - BackupRole{data-partition-7}{role=BACKUP} - Received BackupRequest{primary=3, term=1, index=1, primitive=PrimitiveDescriptor{name=c19abd22-09a4-4d0a-94a7-a275eaadb0d7, type=document-tree, backups=2, replication=ASYNCHRONOUS}, operations=[HeartbeatOperation{index=4, timestamp=1528512983297}]}
04:56:23.298 [atomix-data-2] TRACE i.a.p.backup.roles.BackupRole - BackupRole{data-partition-7}{role=BACKUP} - Sending BackupResponse{status=OK}
04:56:23.300 [raft-server-system-partition-1] TRACE i.a.p.raft.roles.LeaderAppender - RaftServer{system-partition-1} - Received AppendResponse{status=OK, term=1, succeeded=true, lastLogIndex=150} from 2
04:56:23.300 [raft-server-system-partition-1-state] TRACE i.a.p.raft.impl.RaftServiceManager - RaftServer{system-partition-1} - Applying Indexed{index=150, entry=CommandEntry{term=1, timestamp=2018-06-09 04:56:23,235, session=136, sequence=1, operation=PrimitiveOperation{id=DefaultOperationId{id=NEXT, type=COMMAND}, value=null}}}
04:56:23.300 [raft-server-system-partition-1-state] TRACE i.a.protocols.raft.roles.LeaderRole - RaftServer{system-partition-1}{role=LEADER} - Sending CommandResponse{status=OK, index=150, eventIndex=136, result=byte[]{length=2, hash=1260}}
04:56:23.300 [raft-client-system-partition-1-2] TRACE i.a.p.r.p.impl.RaftProxyConnection - SessionClient{136}{type=SessionIdGeneratorType{name=SESSION_ID_GENERATOR}, name=session-id} - Received CommandResponse{status=OK, index=150, eventIndex=136, result=byte[]{length=2, hash=1260}} from 3
04:56:23.300 [raft-client-system-partition-1-2] TRACE i.a.p.r.p.impl.RaftProxySequencer - SessionClient{136}{type=SessionIdGeneratorType{name=SESSION_ID_GENERATOR}, name=session-id} - Completing response CommandResponse{status=OK, index=150, eventIndex=136, result=byte[]{length=2, hash=1260}}
04:56:23.301 [raft-client-system-partition-1-5] TRACE i.a.p.r.p.impl.RaftProxyConnection - SessionClient{134}{type=PrimaryElectorType{name=PRIMARY_ELECTOR}, name=atomix-primary-elector} - Sending QueryRequest{session=134, sequence=0, operation=PrimitiveOperation{id=DefaultOperationId{id=GET_TERM, type=QUERY}, value=byte[]{length=13, hash=1675292561}}, index=134} to 3
04:56:23.302 [raft-server-system-partition-1] TRACE i.a.protocols.raft.roles.LeaderRole - RaftServer{system-partition-1}{role=LEADER} - Received QueryRequest{session=134, sequence=0, operation=PrimitiveOperation{id=DefaultOperationId{id=GET_TERM, type=QUERY}, value=byte[]{length=13, hash=1675292561}}, index=134}
04:56:23.302 [raft-server-system-partition-1-state] TRACE i.a.p.raft.impl.RaftServiceManager - RaftServer{system-partition-1} - Applying Indexed{index=134, entry=QueryEntry{term=1, timestamp=2018-06-09 04:56:23,302, session=134, sequence=0, operation=PrimitiveOperation{id=DefaultOperationId{id=GET_TERM, type=QUERY}, value=byte[]{length=13, hash=1675292561}}}}
04:56:23.302 [raft-server-system-partition-1-state] TRACE i.a.protocols.raft.roles.LeaderRole - RaftServer{system-partition-1}{role=LEADER} - Sending QueryResponse{status=OK, index=147, eventIndex=134, result=byte[]{length=53, hash=1968433469}}
04:56:23.302 [raft-client-system-partition-1-7] TRACE i.a.p.r.p.impl.RaftProxyConnection - SessionClient{134}{type=PrimaryElectorType{name=PRIMARY_ELECTOR}, name=atomix-primary-elector} - Received QueryResponse{status=OK, index=147, eventIndex=134, result=byte[]{length=53, hash=1968433469}} from 3
04:56:23.303 [raft-client-system-partition-1-7] TRACE i.a.p.r.p.impl.RaftProxySequencer - SessionClient{134}{type=PrimaryElectorType{name=PRIMARY_ELECTOR}, name=atomix-primary-elector} - Completing response QueryResponse{status=OK, index=147, eventIndex=134, result=byte[]{length=53, hash=1968433469}}
04:56:23.304 [atomix-data-0] TRACE i.a.p.b.p.PrimaryBackupSessionClient - SessionClient{data-partition-7}{type=document-tree, name=5cc0206f-b03a-4cd8-a4ff-1ebf5db7327a} - Sending ExecuteRequest{session=10, node=10, primitive=PrimitiveDescriptor{name=5cc0206f-b03a-4cd8-a4ff-1ebf5db7327a, type=document-tree, backups=2, replication=ASYNCHRONOUS}, operation=PrimitiveOperation{id=DefaultOperationId{id=listen, type=COMMAND}, value=byte[]{length=19, hash=-1536599724}}} to GroupMember{memberId=3, groupId=3}
04:56:23.310 [raft-server-system-partition-1] TRACE i.a.p.raft.roles.LeaderAppender - RaftServer{system-partition-1} - Sending AppendRequest{term=1, leader=3, prevLogIndex=150, prevLogTerm=1, entries=0, commitIndex=150} to 1
04:56:23.310 [raft-server-system-partition-1] TRACE i.a.p.raft.roles.LeaderAppender - RaftServer{system-partition-1} - Sending AppendRequest{term=1, leader=3, prevLogIndex=150, prevLogTerm=1, entries=0, commitIndex=150} to 2
04:56:23.310 [raft-server-system-partition-1] TRACE i.a.p.raft.roles.FollowerRole - RaftServer{system-partition-1}{role=FOLLOWER} - Received AppendRequest{term=1, leader=3, prevLogIndex=150, prevLogTerm=1, entries=0, commitIndex=150}
04:56:23.310 [raft-server-system-partition-1] TRACE i.a.p.raft.roles.FollowerRole - RaftServer{system-partition-1}{role=FOLLOWER} - Committed entries up to index 150
04:56:23.310 [raft-server-system-partition-1] TRACE i.a.p.raft.roles.FollowerRole - RaftServer{system-partition-1}{role=FOLLOWER} - Sending AppendResponse{status=OK, term=1, succeeded=true, lastLogIndex=150}
04:56:23.310 [raft-server-system-partition-1] TRACE i.a.p.raft.roles.FollowerRole - RaftServer{system-partition-1}{role=FOLLOWER} - Received AppendRequest{term=1, leader=3, prevLogIndex=150, prevLogTerm=1, entries=0, commitIndex=150}
04:56:23.310 [raft-server-system-partition-1-state] TRACE i.a.p.raft.impl.RaftServiceManager - RaftServer{system-partition-1} - Applying Indexed{index=150, entry=CommandEntry{term=1, timestamp=2018-06-09 04:56:23,235, session=136, sequence=1, operation=PrimitiveOperation{id=DefaultOperationId{id=NEXT, type=COMMAND}, value=null}}}
04:56:23.310 [raft-server-system-partition-1] TRACE i.a.p.raft.roles.FollowerRole - RaftServer{system-partition-1}{role=FOLLOWER} - Committed entries up to index 150
04:56:23.310 [raft-server-system-partition-1] TRACE i.a.p.raft.roles.LeaderAppender - RaftServer{system-partition-1} - Received AppendResponse{status=OK, term=1, succeeded=true, lastLogIndex=150} from 1
04:56:23.310 [raft-server-system-partition-1] TRACE i.a.p.raft.roles.FollowerRole - RaftServer{system-partition-1}{role=FOLLOWER} - Sending AppendResponse{status=OK, term=1, succeeded=true, lastLogIndex=150}
04:56:23.310 [raft-server-system-partition-1] TRACE i.a.p.raft.roles.LeaderAppender - RaftServer{system-partition-1} - Sending AppendRequest{term=1, leader=3, prevLogIndex=150, prevLogTerm=1, entries=0, commitIndex=150} to 1
04:56:23.311 [raft-server-system-partition-1-state] TRACE i.a.p.raft.impl.RaftServiceManager - RaftServer{system-partition-1} - Applying Indexed{index=150, entry=CommandEntry{term=1, timestamp=2018-06-09 04:56:23,235, session=136, sequence=1, operation=PrimitiveOperation{id=DefaultOperationId{id=NEXT, type=COMMAND}, value=null}}}
04:56:23.311 [raft-server-system-partition-1] TRACE i.a.p.raft.roles.LeaderAppender - RaftServer{system-partition-1} - Received AppendResponse{status=OK, term=1, succeeded=true, lastLogIndex=150} from 2
04:56:23.311 [raft-server-system-partition-1] TRACE i.a.p.raft.roles.LeaderAppender - RaftServer{system-partition-1} - Sending AppendRequest{term=1, leader=3, prevLogIndex=150, prevLogTerm=1, entries=0, commitIndex=150} to 2
04:56:23.311 [raft-server-system-partition-1] TRACE i.a.p.raft.roles.FollowerRole - RaftServer{system-partition-1}{role=FOLLOWER} - Received AppendRequest{term=1, leader=3, prevLogIndex=150, prevLogTerm=1, entries=0, commitIndex=150}
04:56:23.311 [raft-server-system-partition-1] TRACE i.a.p.raft.roles.FollowerRole - RaftServer{system-partition-1}{role=FOLLOWER} - Sending AppendResponse{status=OK, term=1, succeeded=true, lastLogIndex=150}
04:56:23.311 [raft-server-system-partition-1] TRACE i.a.p.raft.roles.FollowerRole - RaftServer{system-partition-1}{role=FOLLOWER} - Received AppendRequest{term=1, leader=3, prevLogIndex=150, prevLogTerm=1, entries=0, commitIndex=150}
04:56:23.311 [raft-server-system-partition-1] TRACE i.a.p.raft.roles.FollowerRole - RaftServer{system-partition-1}{role=FOLLOWER} - Sending AppendResponse{status=OK, term=1, succeeded=true, lastLogIndex=150}
04:56:23.311 [raft-server-system-partition-1] TRACE i.a.p.raft.roles.LeaderAppender - RaftServer{system-partition-1} - Received AppendResponse{status=OK, term=1, succeeded=true, lastLogIndex=150} from 1
04:56:23.311 [raft-server-system-partition-1] TRACE i.a.p.raft.roles.LeaderAppender - RaftServer{system-partition-1} - Sending AppendRequest{term=1, leader=3, prevLogIndex=150, prevLogTerm=1, entries=0, commitIndex=150} to 1
04:56:23.311 [raft-server-system-partition-1] TRACE i.a.p.raft.roles.LeaderAppender - RaftServer{system-partition-1} - Received AppendResponse{status=OK, term=1, succeeded=true, lastLogIndex=150} from 2
04:56:23.311 [raft-server-system-partition-1] TRACE i.a.p.raft.roles.FollowerRole - RaftServer{system-partition-1}{role=FOLLOWER} - Received AppendRequest{term=1, leader=3, prevLogIndex=150, prevLogTerm=1, entries=0, commitIndex=150}
04:56:23.311 [raft-server-system-partition-1] TRACE i.a.p.raft.roles.FollowerRole - RaftServer{system-partition-1}{role=FOLLOWER} - Sending AppendResponse{status=OK, term=1, succeeded=true, lastLogIndex=150}
04:56:23.311 [raft-server-system-partition-1] TRACE i.a.p.raft.roles.LeaderAppender - RaftServer{system-partition-1} - Received AppendResponse{status=OK, term=1, succeeded=true, lastLogIndex=150} from 1
04:56:23.312 [raft-client-system-partition-1-4] TRACE i.a.p.r.p.impl.RaftProxyConnection - SessionClient{2}{type=PrimaryElectorType{name=PRIMARY_ELECTOR}, name=atomix-primary-elector} - Sending QueryRequest{session=2, sequence=7, operation=PrimitiveOperation{id=DefaultOperationId{id=GET_TERM, type=QUERY}, value=byte[]{length=13, hash=1675292561}}, index=119} to 3
04:56:23.312 [raft-server-system-partition-1] TRACE i.a.protocols.raft.roles.LeaderRole - RaftServer{system-partition-1}{role=LEADER} - Received QueryRequest{session=2, sequence=7, operation=PrimitiveOperation{id=DefaultOperationId{id=GET_TERM, type=QUERY}, value=byte[]{length=13, hash=1675292561}}, index=119}
04:56:23.312 [raft-server-system-partition-1-state] TRACE i.a.p.raft.impl.RaftServiceManager - RaftServer{system-partition-1} - Applying Indexed{index=119, entry=QueryEntry{term=1, timestamp=2018-06-09 04:56:23,312, session=2, sequence=7, operation=PrimitiveOperation{id=DefaultOperationId{id=GET_TERM, type=QUERY}, value=byte[]{length=13, hash=1675292561}}}}
04:56:23.312 [raft-server-system-partition-1-state] TRACE i.a.protocols.raft.roles.LeaderRole - RaftServer{system-partition-1}{role=LEADER} - Sending QueryResponse{status=OK, index=147, eventIndex=33, result=byte[]{length=53, hash=1968433469}}
04:56:23.312 [raft-client-system-partition-1-1] TRACE i.a.p.r.p.impl.RaftProxyConnection - SessionClient{2}{type=PrimaryElectorType{name=PRIMARY_ELECTOR}, name=atomix-primary-elector} - Received QueryResponse{status=OK, index=147, eventIndex=33, result=byte[]{length=53, hash=1968433469}} from 3
04:56:23.312 [raft-client-system-partition-1-1] TRACE i.a.p.r.p.impl.RaftProxySequencer - SessionClient{2}{type=PrimaryElectorType{name=PRIMARY_ELECTOR}, name=atomix-primary-elector} - Completing response QueryResponse{status=OK, index=147, eventIndex=33, result=byte[]{length=53, hash=1968433469}}
04:56:23.313 [raft-client-system-partition-1-1] DEBUG i.a.p.b.s.i.PrimaryBackupServiceContext - PrimitiveService{data-partition-7}{type=document-tree, name=5cc0206f-b03a-4cd8-a4ff-1ebf5db7327a} - Term changed: PrimaryTerm{term=1, primary=GroupMember{memberId=3, groupId=3}, candidates=[GroupMember{memberId=3, groupId=3}, GroupMember{memberId=2, groupId=2}, GroupMember{memberId=1, groupId=1}]}
04:56:23.313 [raft-client-system-partition-1-1] DEBUG i.a.p.b.s.i.PrimaryBackupServiceContext - PrimitiveService{data-partition-7}{type=document-tree, name=5cc0206f-b03a-4cd8-a4ff-1ebf5db7327a} - 3 transitioning to PRIMARY
04:56:23.313 [atomix-data-13] TRACE i.a.p.backup.roles.PrimaryRole - PrimaryRole{data-partition-7}{role=PRIMARY} - Received ExecuteRequest{session=10, node=10, primitive=PrimitiveDescriptor{name=5cc0206f-b03a-4cd8-a4ff-1ebf5db7327a, type=document-tree, backups=2, replication=ASYNCHRONOUS}, operation=PrimitiveOperation{id=DefaultOperationId{id=listen, type=COMMAND}, value=byte[]{length=19, hash=-1536599724}}}
04:56:23.314 [atomix-data-13] TRACE i.a.p.backup.roles.PrimaryRole - PrimaryRole{data-partition-7}{role=PRIMARY} - Sending ExecuteResponse{status=OK, result=null}
04:56:23.315 [atomix-data-2] TRACE i.a.p.b.p.PrimaryBackupSessionClient - SessionClient{data-partition-7}{type=document-tree, name=5cc0206f-b03a-4cd8-a4ff-1ebf5db7327a} - Received ExecuteResponse{status=OK, result=null}
04:56:23.316 [atomix-data-3] TRACE i.a.p.b.p.PrimaryBackupSessionClient - SessionClient{data-partition-7}{type=document-tree, name=5cc0206f-b03a-4cd8-a4ff-1ebf5db7327a} - Sending ExecuteRequest{session=10, node=10, primitive=PrimitiveDescriptor{name=5cc0206f-b03a-4cd8-a4ff-1ebf5db7327a, type=document-tree, backups=2, replication=ASYNCHRONOUS}, operation=PrimitiveOperation{id=DefaultOperationId{id=listen, type=COMMAND}, value=byte[]{length=23, hash=-1936634989}}} to GroupMember{memberId=3, groupId=3}
04:56:23.316 [atomix-data-15] TRACE i.a.p.backup.roles.PrimaryRole - PrimaryRole{data-partition-7}{role=PRIMARY} - Received ExecuteRequest{session=10, node=10, primitive=PrimitiveDescriptor{name=5cc0206f-b03a-4cd8-a4ff-1ebf5db7327a, type=document-tree, backups=2, replication=ASYNCHRONOUS}, operation=PrimitiveOperation{id=DefaultOperationId{id=listen, type=COMMAND}, value=byte[]{length=23, hash=-1936634989}}}
04:56:23.317 [atomix-data-15] TRACE i.a.p.backup.roles.PrimaryRole - PrimaryRole{data-partition-7}{role=PRIMARY} - Sending ExecuteResponse{status=OK, result=null}
04:56:23.317 [atomix-data-0] TRACE i.a.p.b.p.PrimaryBackupSessionClient - SessionClient{data-partition-7}{type=document-tree, name=5cc0206f-b03a-4cd8-a4ff-1ebf5db7327a} - Received ExecuteResponse{status=OK, result=null}
04:56:23.318 [raft-client-system-partition-1-5] TRACE i.a.p.r.p.impl.RaftProxyConnection - SessionClient{144}{type=SessionIdGeneratorType{name=SESSION_ID_GENERATOR}, name=session-id} - Sending CommandRequest{session=144, sequence=1, operation=PrimitiveOperation{id=DefaultOperationId{id=NEXT, type=COMMAND}, value=null}} to 3
04:56:23.318 [raft-server-system-partition-1] TRACE i.a.protocols.raft.roles.LeaderRole - RaftServer{system-partition-1}{role=LEADER} - Received CommandRequest{session=144, sequence=1, operation=PrimitiveOperation{id=DefaultOperationId{id=NEXT, type=COMMAND}, value=null}}
04:56:23.318 [raft-server-system-partition-1] TRACE i.a.protocols.raft.roles.LeaderRole - RaftServer{system-partition-1}{role=LEADER} - Appended Indexed{index=151, entry=CommandEntry{term=1, timestamp=2018-06-09 04:56:23,318, session=144, sequence=1, operation=PrimitiveOperation{id=DefaultOperationId{id=NEXT, type=COMMAND}, value=null}}}
04:56:23.318 [raft-server-system-partition-1] TRACE i.a.p.raft.roles.LeaderAppender - RaftServer{system-partition-1} - Sending AppendRequest{term=1, leader=3, prevLogIndex=150, prevLogTerm=1, entries=1, commitIndex=150} to 1
04:56:23.318 [raft-server-system-partition-1] TRACE i.a.p.raft.roles.LeaderAppender - RaftServer{system-partition-1} - Sending AppendRequest{term=1, leader=3, prevLogIndex=150, prevLogTerm=1, entries=1, commitIndex=150} to 2
04:56:23.319 [raft-server-system-partition-1] TRACE i.a.p.raft.roles.FollowerRole - RaftServer{system-partition-1}{role=FOLLOWER} - Received AppendRequest{term=1, leader=3, prevLogIndex=150, prevLogTerm=1, entries=1, commitIndex=150}
04:56:23.319 [raft-server-system-partition-1] TRACE i.a.p.raft.roles.FollowerRole - RaftServer{system-partition-1}{role=FOLLOWER} - Received AppendRequest{term=1, leader=3, prevLogIndex=150, prevLogTerm=1, entries=1, commitIndex=150}
04:56:23.319 [raft-server-system-partition-1] TRACE i.a.p.raft.roles.FollowerRole - RaftServer{system-partition-1}{role=FOLLOWER} - Appended Indexed{index=151, entry=CommandEntry{term=1, timestamp=2018-06-09 04:56:23,318, session=144, sequence=1, operation=PrimitiveOperation{id=DefaultOperationId{id=NEXT, type=COMMAND}, value=null}}}
04:56:23.319 [raft-server-system-partition-1] TRACE i.a.p.raft.roles.FollowerRole - RaftServer{system-partition-1}{role=FOLLOWER} - Sending AppendResponse{status=OK, term=1, succeeded=true, lastLogIndex=151}
04:56:23.319 [raft-server-system-partition-1] TRACE i.a.p.raft.roles.FollowerRole - RaftServer{system-partition-1}{role=FOLLOWER} - Appended Indexed{index=151, entry=CommandEntry{term=1, timestamp=2018-06-09 04:56:23,318, session=144, sequence=1, operation=PrimitiveOperation{id=DefaultOperationId{id=NEXT, type=COMMAND}, value=null}}}
04:56:23.319 [raft-server-system-partition-1] TRACE i.a.p.raft.roles.FollowerRole - RaftServer{system-partition-1}{role=FOLLOWER} - Sending AppendResponse{status=OK, term=1, succeeded=true, lastLogIndex=151}
04:56:23.319 [raft-server-system-partition-1] TRACE i.a.p.raft.roles.LeaderAppender - RaftServer{system-partition-1} - Received AppendResponse{status=OK, term=1, succeeded=true, lastLogIndex=151} from 1
04:56:23.319 [raft-server-system-partition-1] TRACE i.a.p.raft.roles.LeaderAppender - RaftServer{system-partition-1} - Committed entries up to 151
04:56:23.350 [raft-server-system-partition-1] TRACE i.a.p.raft.roles.LeaderAppender - RaftServer{system-partition-1} - Received AppendResponse{status=OK, term=1, succeeded=true, lastLogIndex=151} from 2
04:56:23.350 [raft-server-system-partition-1-state] TRACE i.a.p.raft.impl.RaftServiceManager - RaftServer{system-partition-1} - Applying Indexed{index=151, entry=CommandEntry{term=1, timestamp=2018-06-09 04:56:23,318, session=144, sequence=1, operation=PrimitiveOperation{id=DefaultOperationId{id=NEXT, type=COMMAND}, value=null}}}
04:56:23.350 [raft-server-system-partition-1-state] TRACE i.a.protocols.raft.roles.LeaderRole - RaftServer{system-partition-1}{role=LEADER} - Sending CommandResponse{status=OK, index=151, eventIndex=144, result=byte[]{length=2, hash=1262}}
04:56:23.350 [raft-client-system-partition-1-0] TRACE i.a.p.r.p.impl.RaftProxyConnection - SessionClient{144}{type=SessionIdGeneratorType{name=SESSION_ID_GENERATOR}, name=session-id} - Received CommandResponse{status=OK, index=151, eventIndex=144, result=byte[]{length=2, hash=1262}} from 3
04:56:23.350 [raft-client-system-partition-1-0] TRACE i.a.p.r.p.impl.RaftProxySequencer - SessionClient{144}{type=SessionIdGeneratorType{name=SESSION_ID_GENERATOR}, name=session-id} - Completing response CommandResponse{status=OK, index=151, eventIndex=144, result=byte[]{length=2, hash=1262}}
04:56:23.351 [raft-client-system-partition-1-3] TRACE i.a.p.r.p.impl.RaftProxyConnection - SessionClient{142}{type=PrimaryElectorType{name=PRIMARY_ELECTOR}, name=atomix-primary-elector} - Sending QueryRequest{session=142, sequence=0, operation=PrimitiveOperation{id=DefaultOperationId{id=GET_TERM, type=QUERY}, value=byte[]{length=13, hash=1675292561}}, index=142} to 3
04:56:23.352 [raft-server-system-partition-1] TRACE i.a.protocols.raft.roles.LeaderRole - RaftServer{system-partition-1}{role=LEADER} - Received QueryRequest{session=142, sequence=0, operation=PrimitiveOperation{id=DefaultOperationId{id=GET_TERM, type=QUERY}, value=byte[]{length=13, hash=1675292561}}, index=142}
04:56:23.352 [raft-server-system-partition-1-state] TRACE i.a.p.raft.impl.RaftServiceManager - RaftServer{system-partition-1} - Applying Indexed{index=142, entry=QueryEntry{term=1, timestamp=2018-06-09 04:56:23,352, session=142, sequence=0, operation=PrimitiveOperation{id=DefaultOperationId{id=GET_TERM, type=QUERY}, value=byte[]{length=13, hash=1675292561}}}}
04:56:23.352 [raft-server-system-partition-1-state] TRACE i.a.protocols.raft.roles.LeaderRole - RaftServer{system-partition-1}{role=LEADER} - Sending QueryResponse{status=OK, index=147, eventIndex=142, result=byte[]{length=53, hash=1968433469}}
04:56:23.353 [raft-client-system-partition-1-4] TRACE i.a.p.r.p.impl.RaftProxyConnection - SessionClient{142}{type=PrimaryElectorType{name=PRIMARY_ELECTOR}, name=atomix-primary-elector} - Received QueryResponse{status=OK, index=147, eventIndex=142, result=byte[]{length=53, hash=1968433469}} from 3
04:56:23.353 [raft-client-system-partition-1-4] TRACE i.a.p.r.p.impl.RaftProxySequencer - SessionClient{142}{type=PrimaryElectorType{name=PRIMARY_ELECTOR}, name=atomix-primary-elector} - Completing response QueryResponse{status=OK, index=147, eventIndex=142, result=byte[]{length=53, hash=1968433469}}
04:56:23.354 [atomix-data-0] TRACE i.a.p.b.p.PrimaryBackupSessionClient - SessionClient{data-partition-7}{type=document-tree, name=5cc0206f-b03a-4cd8-a4ff-1ebf5db7327a} - Sending ExecuteRequest{session=11, node=11, primitive=PrimitiveDescriptor{name=5cc0206f-b03a-4cd8-a4ff-1ebf5db7327a, type=document-tree, backups=2, replication=ASYNCHRONOUS}, operation=PrimitiveOperation{id=DefaultOperationId{id=listen, type=COMMAND}, value=byte[]{length=27, hash=-759759405}}} to GroupMember{memberId=3, groupId=3}
04:56:23.354 [atomix-data-0] TRACE i.a.p.backup.roles.PrimaryRole - PrimaryRole{data-partition-7}{role=PRIMARY} - Received ExecuteRequest{session=11, node=11, primitive=PrimitiveDescriptor{name=5cc0206f-b03a-4cd8-a4ff-1ebf5db7327a, type=document-tree, backups=2, replication=ASYNCHRONOUS}, operation=PrimitiveOperation{id=DefaultOperationId{id=listen, type=COMMAND}, value=byte[]{length=27, hash=-759759405}}}
04:56:23.355 [atomix-data-0] TRACE i.a.p.backup.roles.PrimaryRole - PrimaryRole{data-partition-7}{role=PRIMARY} - Sending ExecuteResponse{status=OK, result=null}
04:56:23.355 [atomix-data-2] TRACE i.a.p.b.p.PrimaryBackupSessionClient - SessionClient{data-partition-7}{type=document-tree, name=5cc0206f-b03a-4cd8-a4ff-1ebf5db7327a} - Received ExecuteResponse{status=OK, result=null}
04:56:23.356 [atomix-data-2] TRACE i.a.p.b.p.PrimaryBackupSessionClient - SessionClient{data-partition-7}{type=document-tree, name=5cc0206f-b03a-4cd8-a4ff-1ebf5db7327a} - Sending ExecuteRequest{session=10, node=10, primitive=PrimitiveDescriptor{name=5cc0206f-b03a-4cd8-a4ff-1ebf5db7327a, type=document-tree, backups=2, replication=ASYNCHRONOUS}, operation=PrimitiveOperation{id=DefaultOperationId{id=createRecursive, type=COMMAND}, value=byte[]{length=35, hash=-1647452095}}} to GroupMember{memberId=3, groupId=3}
04:56:23.356 [atomix-data-5] TRACE i.a.p.backup.roles.PrimaryRole - PrimaryRole{data-partition-7}{role=PRIMARY} - Received ExecuteRequest{session=10, node=10, primitive=PrimitiveDescriptor{name=5cc0206f-b03a-4cd8-a4ff-1ebf5db7327a, type=document-tree, backups=2, replication=ASYNCHRONOUS}, operation=PrimitiveOperation{id=DefaultOperationId{id=createRecursive, type=COMMAND}, value=byte[]{length=35, hash=-1647452095}}}
04:56:23.357 [atomix-data-5] TRACE i.a.p.backup.roles.PrimaryRole - PrimaryRole{data-partition-7}{role=PRIMARY} - Sending ExecuteResponse{status=OK, result=byte[]{length=6, hash=1550292707}}
04:56:23.357 [atomix-data-5] TRACE i.a.p.b.impl.PrimaryBackupSession - PrimaryBackupSession{data-partition-7}{session=10} - Sending PrimitiveEvent{type=change, value=byte[]{length=38, hash=747443981}} to 10
04:56:23.357 [atomix-data-5] TRACE i.a.p.b.impl.PrimaryBackupSession - PrimaryBackupSession{data-partition-7}{session=10} - Sending PrimitiveEvent{type=change, value=byte[]{length=42, hash=-1088611570}} to 10
04:56:23.357 [atomix-data-5] TRACE i.a.p.b.impl.PrimaryBackupSession - PrimaryBackupSession{data-partition-7}{session=10} - Sending PrimitiveEvent{type=change, value=byte[]{length=53, hash=662676813}} to 10
04:56:23.357 [atomix-data-5] TRACE i.a.p.b.impl.PrimaryBackupSession - PrimaryBackupSession{data-partition-7}{session=11} - Sending PrimitiveEvent{type=change, value=byte[]{length=53, hash=662676813}} to 11
04:56:23.357 [atomix-data-1] TRACE i.a.p.b.p.PrimaryBackupSessionClient - SessionClient{data-partition-7}{type=document-tree, name=5cc0206f-b03a-4cd8-a4ff-1ebf5db7327a} - Received ExecuteResponse{status=OK, result=byte[]{length=6, hash=1550292707}}
04:56:23.358 [atomix-data-1] TRACE i.a.p.b.p.PrimaryBackupSessionClient - SessionClient{data-partition-7}{type=document-tree, name=5cc0206f-b03a-4cd8-a4ff-1ebf5db7327a} - Received PrimitiveEvent{type=change, value=byte[]{length=53, hash=662676813}}
04:56:23.358 [atomix-data-1] TRACE i.a.p.b.p.PrimaryBackupSessionClient - SessionClient{data-partition-7}{type=document-tree, name=5cc0206f-b03a-4cd8-a4ff-1ebf5db7327a} - Received PrimitiveEvent{type=change, value=byte[]{length=42, hash=-1088611570}}
04:56:23.358 [atomix-data-1] TRACE i.a.p.b.p.PrimaryBackupSessionClient - SessionClient{data-partition-7}{type=document-tree, name=5cc0206f-b03a-4cd8-a4ff-1ebf5db7327a} - Received PrimitiveEvent{type=change, value=byte[]{length=38, hash=747443981}}
04:56:23.358 [atomix-data-3] TRACE i.a.p.b.p.PrimaryBackupSessionClient - SessionClient{data-partition-7}{type=document-tree, name=5cc0206f-b03a-4cd8-a4ff-1ebf5db7327a} - Received PrimitiveEvent{type=change, value=byte[]{length=53, hash=662676813}}
04:56:23.363 [atomix-data-14] TRACE i.a.p.backup.roles.PrimaryRole - PrimaryRole{data-partition-7}{role=PRIMARY} - Sending BackupRequest{primary=3, term=1, index=4, primitive=PrimitiveDescriptor{name=5cc0206f-b03a-4cd8-a4ff-1ebf5db7327a, type=document-tree, backups=2, replication=ASYNCHRONOUS}, operations=[ExecuteOperation{index=1, timestamp=1528512983313, session=10, node=10, operation=PrimitiveOperation{id=DefaultOperationId{id=listen, type=COMMAND}, value=byte[]{length=19, hash=-1536599724}}}, ExecuteOperation{index=2, timestamp=1528512983316, session=10, node=10, operation=PrimitiveOperation{id=DefaultOperationId{id=listen, type=COMMAND}, value=byte[]{length=23, hash=-1936634989}}}, ExecuteOperation{index=3, timestamp=1528512983355, session=11, node=11, operation=PrimitiveOperation{id=DefaultOperationId{id=listen, type=COMMAND}, value=byte[]{length=27, hash=-759759405}}}, ExecuteOperation{index=4, timestamp=1528512983356, session=10, node=10, operation=PrimitiveOperation{id=DefaultOperationId{id=createRecursive, type=COMMAND}, value=byte[]{length=35, hash=-1647452095}}}]} to 2
04:56:23.364 [main] INFO  i.a.p.r.proxy.impl.RaftProxyManager - RaftClient{system-partition-1} - Closing session 138
04:56:23.364 [atomix-data-14] TRACE i.a.p.backup.roles.PrimaryRole - PrimaryRole{data-partition-7}{role=PRIMARY} - Sending BackupRequest{primary=3, term=1, index=4, primitive=PrimitiveDescriptor{name=5cc0206f-b03a-4cd8-a4ff-1ebf5db7327a, type=document-tree, backups=2, replication=ASYNCHRONOUS}, operations=[ExecuteOperation{index=1, timestamp=1528512983313, session=10, node=10, operation=PrimitiveOperation{id=DefaultOperationId{id=listen, type=COMMAND}, value=byte[]{length=19, hash=-1536599724}}}, ExecuteOperation{index=2, timestamp=1528512983316, session=10, node=10, operation=PrimitiveOperation{id=DefaultOperationId{id=listen, type=COMMAND}, value=byte[]{length=23, hash=-1936634989}}}, ExecuteOperation{index=3, timestamp=1528512983355, session=11, node=11, operation=PrimitiveOperation{id=DefaultOperationId{id=listen, type=COMMAND}, value=byte[]{length=27, hash=-759759405}}}, ExecuteOperation{index=4, timestamp=1528512983356, session=10, node=10, operation=PrimitiveOperation{id=DefaultOperationId{id=createRecursive, type=COMMAND}, value=byte[]{length=35, hash=-1647452095}}}]} to 1
04:56:23.364 [main] INFO  i.a.core.impl.CorePrimitivesService - Stopped
04:56:23.364 [raft-client-system-partition-1-3] TRACE i.a.p.r.p.impl.RaftProxyConnection - RaftClient{system-partition-1} - Sending CloseSessionRequest{session=138} to 3
04:56:23.366 [raft-server-system-partition-1] TRACE i.a.protocols.raft.roles.LeaderRole - RaftServer{system-partition-1}{role=LEADER} - Received CloseSessionRequest{session=138}
04:56:23.366 [raft-server-system-partition-1] TRACE i.a.protocols.raft.roles.LeaderRole - RaftServer{system-partition-1}{role=LEADER} - Appended Indexed{index=152, entry=CloseSessionEntry{term=1, timestamp=2018-06-09 04:56:23,366, session=138, expired=false}}
04:56:23.366 [raft-server-system-partition-1] TRACE i.a.p.raft.roles.LeaderAppender - RaftServer{system-partition-1} - Sending AppendRequest{term=1, leader=3, prevLogIndex=151, prevLogTerm=1, entries=1, commitIndex=151} to 1
04:56:23.366 [raft-server-system-partition-1] TRACE i.a.p.raft.roles.LeaderAppender - RaftServer{system-partition-1} - Sending AppendRequest{term=1, leader=3, prevLogIndex=151, prevLogTerm=1, entries=1, commitIndex=151} to 2
04:56:23.366 [ForkJoinPool.commonPool-worker-0] INFO  i.a.p.r.partition.RaftPartitionGroup - Stopped
04:56:23.367 [main] INFO  i.a.p.r.proxy.impl.RaftProxyManager - RaftClient{system-partition-1} - Closing session 146
04:56:23.367 [main] INFO  i.a.core.impl.CorePrimitivesService - Stopped
04:56:23.367 [raft-client-system-partition-1-0] TRACE i.a.p.r.p.impl.RaftProxyConnection - RaftClient{system-partition-1} - Sending CloseSessionRequest{session=146} to 2
04:56:23.367 [raft-server-system-partition-1] TRACE i.a.p.raft.roles.FollowerRole - RaftServer{system-partition-1}{role=FOLLOWER} - Received AppendRequest{term=1, leader=3, prevLogIndex=151, prevLogTerm=1, entries=1, commitIndex=151}
04:56:23.367 [raft-server-system-partition-1] TRACE i.a.p.raft.roles.FollowerRole - RaftServer{system-partition-1}{role=FOLLOWER} - Appended Indexed{index=152, entry=CloseSessionEntry{term=1, timestamp=2018-06-09 04:56:23,366, session=138, expired=false}}
04:56:23.367 [raft-server-system-partition-1] TRACE i.a.p.raft.roles.FollowerRole - RaftServer{system-partition-1}{role=FOLLOWER} - Received AppendRequest{term=1, leader=3, prevLogIndex=151, prevLogTerm=1, entries=1, commitIndex=151}
04:56:23.368 [raft-server-system-partition-1] TRACE i.a.p.raft.roles.FollowerRole - RaftServer{system-partition-1}{role=FOLLOWER} - Appended Indexed{index=152, entry=CloseSessionEntry{term=1, timestamp=2018-06-09 04:56:23,366, session=138, expired=false}}
04:56:23.368 [atomix-0] INFO  i.a.p.b.p.PrimaryBackupPartitionGroup - Stopped
04:56:23.370 [ForkJoinPool.commonPool-worker-3] INFO  i.a.p.r.partition.RaftPartitionGroup - Stopped
04:56:23.370 [ForkJoinPool.commonPool-worker-0] INFO  i.a.p.r.partition.RaftPartitionGroup - Stopped
04:56:23.370 [ForkJoinPool.commonPool-worker-0] INFO  i.a.p.p.i.DefaultPartitionGroupMembershipService - Stopped
04:56:23.371 [ForkJoinPool.commonPool-worker-0] INFO  i.a.p.p.impl.DefaultPartitionService - Stopped
04:56:23.371 [atomix-0] INFO  i.a.c.m.i.DefaultClusterCommunicationService - Stopped
04:56:23.371 [atomix-cluster-0] INFO  i.a.c.m.i.DefaultClusterEventService - Stopped
04:56:23.371 [atomix-cluster-0] INFO  i.a.c.i.DefaultClusterMembershipService - 11 - Member deactivated: StatefulMember{id=11, address=localhost:5011, metadata={}}
04:56:23.371 [atomix-cluster-0] INFO  i.a.c.i.DefaultClusterMembershipService - Stopped
04:56:23.371 [atomix-0] INFO  i.a.p.b.p.PrimaryBackupPartitionGroup - Stopped
04:56:23.375 [ForkJoinPool.commonPool-worker-0] INFO  i.a.p.r.partition.RaftPartitionGroup - Stopped
04:56:23.375 [ForkJoinPool.commonPool-worker-0] INFO  i.a.p.p.i.DefaultPartitionGroupMembershipService - Stopped
04:56:23.375 [ForkJoinPool.commonPool-worker-0] INFO  i.a.p.p.impl.DefaultPartitionService - Stopped
04:56:23.375 [netty-messaging-event-epoll-server-0] INFO  i.a.c.m.impl.NettyMessagingService - Stopped
04:56:23.376 [atomix-cluster-0] INFO  io.atomix.cluster.AtomixCluster - Stopped
04:56:23.376 [atomix-0] INFO  i.a.c.m.i.DefaultClusterCommunicationService - Stopped
04:56:23.376 [atomix-cluster-0] INFO  i.a.c.m.i.DefaultClusterEventService - Stopped
04:56:23.376 [atomix-cluster-0] INFO  i.a.c.i.DefaultClusterMembershipService - 10 - Member deactivated: StatefulMember{id=10, address=localhost:5010, metadata={}}
04:56:23.376 [atomix-cluster-0] INFO  i.a.c.i.DefaultClusterMembershipService - Stopped
04:56:23.376 [raft-server-raft-partition-3] TRACE i.a.p.raft.roles.LeaderAppender - RaftServer{raft-partition-3} - Sending AppendRequest{term=1, leader=1, prevLogIndex=1, prevLogTerm=1, entries=0, commitIndex=1} to 3
04:56:23.376 [raft-server-raft-partition-3] TRACE i.a.p.raft.roles.LeaderAppender - RaftServer{raft-partition-3} - Sending AppendRequest{term=1, leader=1, prevLogIndex=1, prevLogTerm=1, entries=0, commitIndex=1} to 2
04:56:23.377 [raft-server-raft-partition-3] TRACE i.a.p.raft.roles.FollowerRole - RaftServer{raft-partition-3}{role=FOLLOWER} - Received AppendRequest{term=1, leader=1, prevLogIndex=1, prevLogTerm=1, entries=0, commitIndex=1}
04:56:23.377 [raft-server-raft-partition-3] TRACE i.a.p.raft.roles.FollowerRole - RaftServer{raft-partition-3}{role=FOLLOWER} - Sending AppendResponse{status=OK, term=1, succeeded=true, lastLogIndex=1}
04:56:23.377 [raft-server-raft-partition-3] TRACE i.a.p.raft.roles.FollowerRole - RaftServer{raft-partition-3}{role=FOLLOWER} - Received AppendRequest{term=1, leader=1, prevLogIndex=1, prevLogTerm=1, entries=0, commitIndex=1}
04:56:23.377 [raft-server-raft-partition-3] TRACE i.a.p.raft.roles.FollowerRole - RaftServer{raft-partition-3}{role=FOLLOWER} - Sending AppendResponse{status=OK, term=1, succeeded=true, lastLogIndex=1}
04:56:23.377 [raft-server-raft-partition-3] TRACE i.a.p.raft.roles.LeaderAppender - RaftServer{raft-partition-3} - Received AppendResponse{status=OK, term=1, succeeded=true, lastLogIndex=1} from 2
04:56:23.377 [raft-server-raft-partition-3] TRACE i.a.p.raft.roles.LeaderAppender - RaftServer{raft-partition-3} - Sending AppendRequest{term=1, leader=1, prevLogIndex=1, prevLogTerm=1, entries=0, commitIndex=1} to 2
04:56:23.377 [raft-server-raft-partition-3] TRACE i.a.p.raft.roles.LeaderAppender - RaftServer{raft-partition-3} - Received AppendResponse{status=OK, term=1, succeeded=true, lastLogIndex=1} from 3
04:56:23.377 [raft-server-raft-partition-3] TRACE i.a.p.raft.roles.LeaderAppender - RaftServer{raft-partition-3} - Sending AppendRequest{term=1, leader=1, prevLogIndex=1, prevLogTerm=1, entries=0, commitIndex=1} to 3
04:56:23.377 [raft-server-raft-partition-3] TRACE i.a.p.raft.roles.FollowerRole - RaftServer{raft-partition-3}{role=FOLLOWER} - Received AppendRequest{term=1, leader=1, prevLogIndex=1, prevLogTerm=1, entries=0, commitIndex=1}
04:56:23.378 [raft-server-raft-partition-3] TRACE i.a.p.raft.roles.FollowerRole - RaftServer{raft-partition-3}{role=FOLLOWER} - Received AppendRequest{term=1, leader=1, prevLogIndex=1, prevLogTerm=1, entries=0, commitIndex=1}
04:56:23.378 [raft-server-raft-partition-3] TRACE i.a.p.raft.roles.FollowerRole - RaftServer{raft-partition-3}{role=FOLLOWER} - Sending AppendResponse{status=OK, term=1, succeeded=true, lastLogIndex=1}
04:56:23.378 [raft-client-system-partition-1-4] TRACE i.a.p.r.p.impl.RaftProxyConnection - SessionClient{14}{type=PrimaryElectorType{name=PRIMARY_ELECTOR}, name=atomix-primary-elector} - Sending QueryRequest{session=14, sequence=7, operation=PrimitiveOperation{id=DefaultOperationId{id=GET_TERM, type=QUERY}, value=byte[]{length=13, hash=1675292561}}, index=129} to 3
04:56:23.377 [raft-server-raft-partition-3] TRACE i.a.p.raft.roles.FollowerRole - RaftServer{raft-partition-3}{role=FOLLOWER} - Sending AppendResponse{status=OK, term=1, succeeded=true, lastLogIndex=1}
04:56:23.378 [raft-server-raft-partition-3] TRACE i.a.p.raft.roles.LeaderAppender - RaftServer{raft-partition-3} - Received AppendResponse{status=OK, term=1, succeeded=true, lastLogIndex=1} from 2
04:56:23.378 [raft-server-system-partition-1] TRACE i.a.protocols.raft.roles.LeaderRole - RaftServer{system-partition-1}{role=LEADER} - Received QueryRequest{session=14, sequence=7, operation=PrimitiveOperation{id=DefaultOperationId{id=GET_TERM, type=QUERY}, value=byte[]{length=13, hash=1675292561}}, index=129}
04:56:23.378 [raft-server-raft-partition-3] TRACE i.a.p.raft.roles.LeaderAppender - RaftServer{raft-partition-3} - Received AppendResponse{status=OK, term=1, succeeded=true, lastLogIndex=1} from 3
04:56:23.378 [raft-server-system-partition-1-state] TRACE i.a.p.raft.impl.RaftServiceManager - RaftServer{system-partition-1} - Applying Indexed{index=129, entry=QueryEntry{term=1, timestamp=2018-06-09 04:56:23,378, session=14, sequence=7, operation=PrimitiveOperation{id=DefaultOperationId{id=GET_TERM, type=QUERY}, value=byte[]{length=13, hash=1675292561}}}}
04:56:23.378 [raft-server-system-partition-1-state] TRACE i.a.protocols.raft.roles.LeaderRole - RaftServer{system-partition-1}{role=LEADER} - Sending QueryResponse{status=OK, index=147, eventIndex=33, result=byte[]{length=53, hash=1968433469}}
04:56:23.379 [atomix-data-6] TRACE i.a.p.backup.roles.PrimaryRole - PrimaryRole{data-partition-4}{role=PRIMARY} - Sending BackupRequest{primary=3, term=1, index=7, primitive=PrimitiveDescriptor{name=bf21330d-3d21-4e4f-a99d-d51f6a5ef46f, type=document-tree, backups=2, replication=ASYNCHRONOUS}, operations=[HeartbeatOperation{index=15, timestamp=1528512983377}]} to 2
04:56:23.379 [raft-client-system-partition-1-7] TRACE i.a.p.r.p.impl.RaftProxyConnection - SessionClient{14}{type=PrimaryElectorType{name=PRIMARY_ELECTOR}, name=atomix-primary-elector} - Received QueryResponse{status=OK, index=147, eventIndex=33, result=byte[]{length=53, hash=1968433469}} from 3
04:56:23.379 [raft-client-system-partition-1-5] TRACE i.a.p.r.p.impl.RaftProxyConnection - SessionClient{13}{type=PrimaryElectorType{name=PRIMARY_ELECTOR}, name=atomix-primary-elector} - Sending QueryRequest{session=13, sequence=7, operation=PrimitiveOperation{id=DefaultOperationId{id=GET_TERM, type=QUERY}, value=byte[]{length=13, hash=1675292561}}, index=129} to 3
04:56:23.379 [raft-client-system-partition-1-7] TRACE i.a.p.r.p.impl.RaftProxySequencer - SessionClient{14}{type=PrimaryElectorType{name=PRIMARY_ELECTOR}, name=atomix-primary-elector} - Completing response QueryResponse{status=OK, index=147, eventIndex=33, result=byte[]{length=53, hash=1968433469}}
04:56:23.379 [atomix-data-6] TRACE i.a.p.backup.roles.PrimaryRole - PrimaryRole{data-partition-4}{role=PRIMARY} - Sending BackupRequest{primary=3, term=1, index=7, primitive=PrimitiveDescriptor{name=bf21330d-3d21-4e4f-a99d-d51f6a5ef46f, type=document-tree, backups=2, replication=ASYNCHRONOUS}, operations=[HeartbeatOperation{index=15, timestamp=1528512983377}]} to 1
04:56:23.379 [raft-client-system-partition-1-7] DEBUG i.a.p.b.s.i.PrimaryBackupServiceContext - PrimitiveService{data-partition-7}{type=document-tree, name=5cc0206f-b03a-4cd8-a4ff-1ebf5db7327a} - Term changed: PrimaryTerm{term=1, primary=GroupMember{memberId=3, groupId=3}, candidates=[GroupMember{memberId=3, groupId=3}, GroupMember{memberId=2, groupId=2}, GroupMember{memberId=1, groupId=1}]}
04:56:23.379 [atomix-data-3] TRACE i.a.p.backup.roles.BackupRole - BackupRole{data-partition-4}{role=BACKUP} - Received BackupRequest{primary=3, term=1, index=7, primitive=PrimitiveDescriptor{name=bf21330d-3d21-4e4f-a99d-d51f6a5ef46f, type=document-tree, backups=2, replication=ASYNCHRONOUS}, operations=[HeartbeatOperation{index=15, timestamp=1528512983377}]}
04:56:23.379 [raft-client-system-partition-1-7] DEBUG i.a.p.b.s.i.PrimaryBackupServiceContext - PrimitiveService{data-partition-7}{type=document-tree, name=5cc0206f-b03a-4cd8-a4ff-1ebf5db7327a} - 2 transitioning to BACKUP
04:56:23.379 [atomix-data-3] TRACE i.a.p.backup.roles.BackupRole - BackupRole{data-partition-4}{role=BACKUP} - Sending BackupResponse{status=OK}
04:56:23.379 [atomix-data-1] TRACE i.a.p.backup.roles.BackupRole - BackupRole{data-partition-4}{role=BACKUP} - Received BackupRequest{primary=3, term=1, index=7, primitive=PrimitiveDescriptor{name=bf21330d-3d21-4e4f-a99d-d51f6a5ef46f, type=document-tree, backups=2, replication=ASYNCHRONOUS}, operations=[HeartbeatOperation{index=15, timestamp=1528512983377}]}
04:56:23.379 [raft-server-system-partition-1] TRACE i.a.protocols.raft.roles.LeaderRole - RaftServer{system-partition-1}{role=LEADER} - Received QueryRequest{session=13, sequence=7, operation=PrimitiveOperation{id=DefaultOperationId{id=GET_TERM, type=QUERY}, value=byte[]{length=13, hash=1675292561}}, index=129}
04:56:23.379 [atomix-data-1] TRACE i.a.p.backup.roles.BackupRole - BackupRole{data-partition-4}{role=BACKUP} - Sending BackupResponse{status=OK}
04:56:23.379 [atomix-data-9] TRACE i.a.p.backup.roles.BackupRole - BackupRole{data-partition-7}{role=BACKUP} - Received BackupRequest{primary=3, term=1, index=4, primitive=PrimitiveDescriptor{name=5cc0206f-b03a-4cd8-a4ff-1ebf5db7327a, type=document-tree, backups=2, replication=ASYNCHRONOUS}, operations=[ExecuteOperation{index=1, timestamp=1528512983313, session=10, node=10, operation=PrimitiveOperation{id=DefaultOperationId{id=listen, type=COMMAND}, value=byte[]{length=19, hash=-1536599724}}}, ExecuteOperation{index=2, timestamp=1528512983316, session=10, node=10, operation=PrimitiveOperation{id=DefaultOperationId{id=listen, type=COMMAND}, value=byte[]{length=23, hash=-1936634989}}}, ExecuteOperation{index=3, timestamp=1528512983355, session=11, node=11, operation=PrimitiveOperation{id=DefaultOperationId{id=listen, type=COMMAND}, value=byte[]{length=27, hash=-759759405}}}, ExecuteOperation{index=4, timestamp=1528512983356, session=10, node=10, operation=PrimitiveOperation{id=DefaultOperationId{id=createRecursive, type=COMMAND}, value=byte[]{length=35, hash=-1647452095}}}]}
04:56:23.379 [raft-server-system-partition-1-state] TRACE i.a.p.raft.impl.RaftServiceManager - RaftServer{system-partition-1} - Applying Indexed{index=129, entry=QueryEntry{term=1, timestamp=2018-06-09 04:56:23,379, session=13, sequence=7, operation=PrimitiveOperation{id=DefaultOperationId{id=GET_TERM, type=QUERY}, value=byte[]{length=13, hash=1675292561}}}}
04:56:23.380 [atomix-data-9] TRACE i.a.p.backup.roles.BackupRole - BackupRole{data-partition-7}{role=BACKUP} - Sending BackupResponse{status=OK}
04:56:23.380 [raft-server-system-partition-1-state] TRACE i.a.protocols.raft.roles.LeaderRole - RaftServer{system-partition-1}{role=LEADER} - Sending QueryResponse{status=OK, index=147, eventIndex=33, result=byte[]{length=53, hash=1968433469}}
04:56:23.380 [raft-client-system-partition-1-6] TRACE i.a.p.r.p.impl.RaftProxyConnection - SessionClient{13}{type=PrimaryElectorType{name=PRIMARY_ELECTOR}, name=atomix-primary-elector} - Received QueryResponse{status=OK, index=147, eventIndex=33, result=byte[]{length=53, hash=1968433469}} from 3
04:56:23.380 [raft-client-system-partition-1-6] TRACE i.a.p.r.p.impl.RaftProxySequencer - SessionClient{13}{type=PrimaryElectorType{name=PRIMARY_ELECTOR}, name=atomix-primary-elector} - Completing response QueryResponse{status=OK, index=147, eventIndex=33, result=byte[]{length=53, hash=1968433469}}
04:56:23.380 [netty-messaging-event-epoll-server-0] INFO  i.a.c.m.impl.NettyMessagingService - Stopped
04:56:23.380 [raft-client-system-partition-1-6] DEBUG i.a.p.b.s.i.PrimaryBackupServiceContext - PrimitiveService{data-partition-7}{type=document-tree, name=5cc0206f-b03a-4cd8-a4ff-1ebf5db7327a} - Term changed: PrimaryTerm{term=1, primary=GroupMember{memberId=3, groupId=3}, candidates=[GroupMember{memberId=3, groupId=3}, GroupMember{memberId=2, groupId=2}, GroupMember{memberId=1, groupId=1}]}
04:56:23.380 [raft-client-system-partition-1-6] DEBUG i.a.p.b.s.i.PrimaryBackupServiceContext - PrimitiveService{data-partition-7}{type=document-tree, name=5cc0206f-b03a-4cd8-a4ff-1ebf5db7327a} - 1 transitioning to BACKUP
04:56:23.380 [atomix-cluster-0] INFO  io.atomix.cluster.AtomixCluster - Stopped
04:56:23.380 [atomix-data-10] TRACE i.a.p.backup.roles.BackupRole - BackupRole{data-partition-7}{role=BACKUP} - Received BackupRequest{primary=3, term=1, index=4, primitive=PrimitiveDescriptor{name=5cc0206f-b03a-4cd8-a4ff-1ebf5db7327a, type=document-tree, backups=2, replication=ASYNCHRONOUS}, operations=[ExecuteOperation{index=1, timestamp=1528512983313, session=10, node=10, operation=PrimitiveOperation{id=DefaultOperationId{id=listen, type=COMMAND}, value=byte[]{length=19, hash=-1536599724}}}, ExecuteOperation{index=2, timestamp=1528512983316, session=10, node=10, operation=PrimitiveOperation{id=DefaultOperationId{id=listen, type=COMMAND}, value=byte[]{length=23, hash=-1936634989}}}, ExecuteOperation{index=3, timestamp=1528512983355, session=11, node=11, operation=PrimitiveOperation{id=DefaultOperationId{id=listen, type=COMMAND}, value=byte[]{length=27, hash=-759759405}}}, ExecuteOperation{index=4, timestamp=1528512983356, session=10, node=10, operation=PrimitiveOperation{id=DefaultOperationId{id=createRecursive, type=COMMAND}, value=byte[]{length=35, hash=-1647452095}}}]}
04:56:23.381 [atomix-data-10] TRACE i.a.p.backup.roles.BackupRole - BackupRole{data-partition-7}{role=BACKUP} - Sending BackupResponse{status=OK}
</system-out>
  </testcase>
  <testcase name="testReplaceValue" classname="io.atomix.core.tree.impl.PrimaryBackupDocumentTreeTest" time="0.806"/>
  <testcase name="testRemove" classname="io.atomix.core.tree.impl.PrimaryBackupDocumentTreeTest" time="0.895"/>
  <testcase name="testSetFailures" classname="io.atomix.core.tree.impl.PrimaryBackupDocumentTreeTest" time="0.78"/>
  <testcase name="testRemoveFailures" classname="io.atomix.core.tree.impl.PrimaryBackupDocumentTreeTest" time="0.717"/>
</testsuite>