<?xml version="1.0" encoding="UTF-8"?>
<testsuite xmlns:xsi="http://www.w3.org/2001/XMLSchema-instance" xsi:noNamespaceSchemaLocation="https://maven.apache.org/surefire/maven-surefire-plugin/xsd/surefire-test-report.xsd" name="org.apache.calcite.test.CalciteSqlOperatorTest" time="31.047" tests="215" errors="0" skipped="1" failures="0">
  <properties>
    <property name="awt.toolkit" value="sun.awt.X11.XToolkit"/>
    <property name="hsqldb.reconfig_logging" value="false"/>
    <property name="file.encoding.pkg" value="sun.io"/>
    <property name="java.specification.version" value="1.8"/>
    <property name="sun.cpu.isalist" value=""/>
    <property name="sun.jnu.encoding" value="UTF-8"/>
    <property name="java.class.path" value="/root/workspace/apache/calcite/385998534/core/target/test-classes:/root/workspace/apache/calcite/385998534/core/target/classes:/root/./workspace/apache/calcite/385998534/.m2/org/apache/calcite/avatica/avatica-core/1.11.0/avatica-core-1.11.0.jar:/root/./workspace/apache/calcite/385998534/.m2/org/apache/calcite/avatica/avatica-metrics/1.11.0/avatica-metrics-1.11.0.jar:/root/./workspace/apache/calcite/385998534/.m2/com/google/protobuf/protobuf-java/3.3.0/protobuf-java-3.3.0.jar:/root/./workspace/apache/calcite/385998534/.m2/org/apache/httpcomponents/httpclient/4.5.2/httpclient-4.5.2.jar:/root/./workspace/apache/calcite/385998534/.m2/commons-codec/commons-codec/1.9/commons-codec-1.9.jar:/root/./workspace/apache/calcite/385998534/.m2/org/apache/httpcomponents/httpcore/4.4.4/httpcore-4.4.4.jar:/root/workspace/apache/calcite/385998534/linq4j/target/classes:/root/./workspace/apache/calcite/385998534/.m2/org/apache/calcite/avatica/avatica-server/1.11.0/avatica-server-1.11.0.jar:/root/./workspace/apache/calcite/385998534/.m2/javax/servlet/javax.servlet-api/3.0.1/javax.servlet-api-3.0.1.jar:/root/./workspace/apache/calcite/385998534/.m2/org/eclipse/jetty/jetty-http/9.2.19.v20160908/jetty-http-9.2.19.v20160908.jar:/root/./workspace/apache/calcite/385998534/.m2/org/eclipse/jetty/jetty-security/9.2.19.v20160908/jetty-security-9.2.19.v20160908.jar:/root/./workspace/apache/calcite/385998534/.m2/org/eclipse/jetty/jetty-server/9.2.19.v20160908/jetty-server-9.2.19.v20160908.jar:/root/./workspace/apache/calcite/385998534/.m2/org/eclipse/jetty/jetty-io/9.2.19.v20160908/jetty-io-9.2.19.v20160908.jar:/root/./workspace/apache/calcite/385998534/.m2/org/eclipse/jetty/jetty-util/9.2.19.v20160908/jetty-util-9.2.19.v20160908.jar:/root/./workspace/apache/calcite/385998534/.m2/commons-dbcp/commons-dbcp/1.4/commons-dbcp-1.4.jar:/root/./workspace/apache/calcite/385998534/.m2/commons-pool/commons-pool/1.5.4/commons-pool-1.5.4.jar:/root/./workspace/apache/calcite/385998534/.m2/org/apache/commons/commons-lang3/3.2/commons-lang3-3.2.jar:/root/./workspace/apache/calcite/385998534/.m2/com/esri/geometry/esri-geometry-api/2.0.0/esri-geometry-api-2.0.0.jar:/root/./workspace/apache/calcite/385998534/.m2/com/fasterxml/jackson/core/jackson-core/2.9.4/jackson-core-2.9.4.jar:/root/./workspace/apache/calcite/385998534/.m2/com/fasterxml/jackson/core/jackson-annotations/2.9.4/jackson-annotations-2.9.4.jar:/root/./workspace/apache/calcite/385998534/.m2/com/fasterxml/jackson/core/jackson-databind/2.9.4/jackson-databind-2.9.4.jar:/root/./workspace/apache/calcite/385998534/.m2/com/google/code/findbugs/jsr305/3.0.1/jsr305-3.0.1.jar:/root/./workspace/apache/calcite/385998534/.m2/com/google/guava/guava/19.0/guava-19.0.jar:/root/./workspace/apache/calcite/385998534/.m2/com/h2database/h2/1.4.185/h2-1.4.185.jar:/root/./workspace/apache/calcite/385998534/.m2/com/yahoo/datasketches/sketches-core/0.9.0/sketches-core-0.9.0.jar:/root/./workspace/apache/calcite/385998534/.m2/com/yahoo/datasketches/memory/0.9.0/memory-0.9.0.jar:/root/./workspace/apache/calcite/385998534/.m2/junit/junit/4.12/junit-4.12.jar:/root/./workspace/apache/calcite/385998534/.m2/mysql/mysql-connector-java/5.1.20/mysql-connector-java-5.1.20.jar:/root/./workspace/apache/calcite/385998534/.m2/net/hydromatic/aggdesigner-algorithm/6.0/aggdesigner-algorithm-6.0.jar:/root/./workspace/apache/calcite/385998534/.m2/commons-lang/commons-lang/2.4/commons-lang-2.4.jar:/root/./workspace/apache/calcite/385998534/.m2/commons-logging/commons-logging/1.1.3/commons-logging-1.1.3.jar:/root/./workspace/apache/calcite/385998534/.m2/net/hydromatic/foodmart-data-hsqldb/0.3/foodmart-data-hsqldb-0.3.jar:/root/./workspace/apache/calcite/385998534/.m2/net/hydromatic/foodmart-queries/0.4.1/foodmart-queries-0.4.1.jar:/root/./workspace/apache/calcite/385998534/.m2/net/hydromatic/quidem/0.8/quidem-0.8.jar:/root/./workspace/apache/calcite/385998534/.m2/net/hydromatic/scott-data-hsqldb/0.1/scott-data-hsqldb-0.1.jar:/root/./workspace/apache/calcite/385998534/.m2/org/codehaus/janino/janino/2.7.6/janino-2.7.6.jar:/root/./workspace/apache/calcite/385998534/.m2/org/codehaus/janino/commons-compiler/2.7.6/commons-compiler-2.7.6.jar:/root/./workspace/apache/calcite/385998534/.m2/org/hsqldb/hsqldb/2.4.0/hsqldb-2.4.0.jar:/root/./workspace/apache/calcite/385998534/.m2/org/incava/java-diff/1.1.1/java-diff-1.1.1.jar:/root/./workspace/apache/calcite/385998534/.m2/org/hamcrest/hamcrest-core/1.3/hamcrest-core-1.3.jar:/root/./workspace/apache/calcite/385998534/.m2/org/postgresql/postgresql/9.3-1102-jdbc3/postgresql-9.3-1102-jdbc3.jar:/root/./workspace/apache/calcite/385998534/.m2/org/slf4j/slf4j-api/1.7.13/slf4j-api-1.7.13.jar:/root/./workspace/apache/calcite/385998534/.m2/org/slf4j/slf4j-log4j12/1.7.13/slf4j-log4j12-1.7.13.jar:/root/./workspace/apache/calcite/385998534/.m2/log4j/log4j/1.2.17/log4j-1.2.17.jar:/root/./workspace/apache/calcite/385998534/.m2/sqlline/sqlline/1.3.0/sqlline-1.3.0.jar:/root/./workspace/apache/calcite/385998534/.m2/jline/jline/2.14.3/jline-2.14.3.jar:"/>
    <property name="java.vm.vendor" value="Oracle Corporation"/>
    <property name="skip.bower" value="true"/>
    <property name="sun.arch.data.model" value="64"/>
    <property name="java.vendor.url" value="http://java.oracle.com/"/>
    <property name="user.timezone" value="Europe/Paris"/>
    <property name="java.vm.specification.version" value="1.8"/>
    <property name="os.name" value="Linux"/>
    <property name="rat.skip" value="true"/>
    <property name="gpg.skip" value="true"/>
    <property name="sun.java.launcher" value="SUN_STANDARD"/>
    <property name="sun.boot.library.path" value="/usr/lib/jvm/java-8-openjdk-amd64/jre/lib/amd64"/>
    <property name="skip.gulp" value="true"/>
    <property name="sun.java.command" value="/root/workspace/apache/calcite/385998534/core/target/surefire/surefirebooter8085058230610638855.jar /root/workspace/apache/calcite/385998534/core/target/surefire 2018-05-31T05-37-05_201-jvmRun1 surefire3914265692641625548tmp surefire_12838777247905987394tmp"/>
    <property name="dependency-check.skip" value="true"/>
    <property name="surefire.test.class.path" value="/root/workspace/apache/calcite/385998534/core/target/test-classes:/root/workspace/apache/calcite/385998534/core/target/classes:/root/./workspace/apache/calcite/385998534/.m2/org/apache/calcite/avatica/avatica-core/1.11.0/avatica-core-1.11.0.jar:/root/./workspace/apache/calcite/385998534/.m2/org/apache/calcite/avatica/avatica-metrics/1.11.0/avatica-metrics-1.11.0.jar:/root/./workspace/apache/calcite/385998534/.m2/com/google/protobuf/protobuf-java/3.3.0/protobuf-java-3.3.0.jar:/root/./workspace/apache/calcite/385998534/.m2/org/apache/httpcomponents/httpclient/4.5.2/httpclient-4.5.2.jar:/root/./workspace/apache/calcite/385998534/.m2/commons-codec/commons-codec/1.9/commons-codec-1.9.jar:/root/./workspace/apache/calcite/385998534/.m2/org/apache/httpcomponents/httpcore/4.4.4/httpcore-4.4.4.jar:/root/workspace/apache/calcite/385998534/linq4j/target/classes:/root/./workspace/apache/calcite/385998534/.m2/org/apache/calcite/avatica/avatica-server/1.11.0/avatica-server-1.11.0.jar:/root/./workspace/apache/calcite/385998534/.m2/javax/servlet/javax.servlet-api/3.0.1/javax.servlet-api-3.0.1.jar:/root/./workspace/apache/calcite/385998534/.m2/org/eclipse/jetty/jetty-http/9.2.19.v20160908/jetty-http-9.2.19.v20160908.jar:/root/./workspace/apache/calcite/385998534/.m2/org/eclipse/jetty/jetty-security/9.2.19.v20160908/jetty-security-9.2.19.v20160908.jar:/root/./workspace/apache/calcite/385998534/.m2/org/eclipse/jetty/jetty-server/9.2.19.v20160908/jetty-server-9.2.19.v20160908.jar:/root/./workspace/apache/calcite/385998534/.m2/org/eclipse/jetty/jetty-io/9.2.19.v20160908/jetty-io-9.2.19.v20160908.jar:/root/./workspace/apache/calcite/385998534/.m2/org/eclipse/jetty/jetty-util/9.2.19.v20160908/jetty-util-9.2.19.v20160908.jar:/root/./workspace/apache/calcite/385998534/.m2/commons-dbcp/commons-dbcp/1.4/commons-dbcp-1.4.jar:/root/./workspace/apache/calcite/385998534/.m2/commons-pool/commons-pool/1.5.4/commons-pool-1.5.4.jar:/root/./workspace/apache/calcite/385998534/.m2/org/apache/commons/commons-lang3/3.2/commons-lang3-3.2.jar:/root/./workspace/apache/calcite/385998534/.m2/com/esri/geometry/esri-geometry-api/2.0.0/esri-geometry-api-2.0.0.jar:/root/./workspace/apache/calcite/385998534/.m2/com/fasterxml/jackson/core/jackson-core/2.9.4/jackson-core-2.9.4.jar:/root/./workspace/apache/calcite/385998534/.m2/com/fasterxml/jackson/core/jackson-annotations/2.9.4/jackson-annotations-2.9.4.jar:/root/./workspace/apache/calcite/385998534/.m2/com/fasterxml/jackson/core/jackson-databind/2.9.4/jackson-databind-2.9.4.jar:/root/./workspace/apache/calcite/385998534/.m2/com/google/code/findbugs/jsr305/3.0.1/jsr305-3.0.1.jar:/root/./workspace/apache/calcite/385998534/.m2/com/google/guava/guava/19.0/guava-19.0.jar:/root/./workspace/apache/calcite/385998534/.m2/com/h2database/h2/1.4.185/h2-1.4.185.jar:/root/./workspace/apache/calcite/385998534/.m2/com/yahoo/datasketches/sketches-core/0.9.0/sketches-core-0.9.0.jar:/root/./workspace/apache/calcite/385998534/.m2/com/yahoo/datasketches/memory/0.9.0/memory-0.9.0.jar:/root/./workspace/apache/calcite/385998534/.m2/junit/junit/4.12/junit-4.12.jar:/root/./workspace/apache/calcite/385998534/.m2/mysql/mysql-connector-java/5.1.20/mysql-connector-java-5.1.20.jar:/root/./workspace/apache/calcite/385998534/.m2/net/hydromatic/aggdesigner-algorithm/6.0/aggdesigner-algorithm-6.0.jar:/root/./workspace/apache/calcite/385998534/.m2/commons-lang/commons-lang/2.4/commons-lang-2.4.jar:/root/./workspace/apache/calcite/385998534/.m2/commons-logging/commons-logging/1.1.3/commons-logging-1.1.3.jar:/root/./workspace/apache/calcite/385998534/.m2/net/hydromatic/foodmart-data-hsqldb/0.3/foodmart-data-hsqldb-0.3.jar:/root/./workspace/apache/calcite/385998534/.m2/net/hydromatic/foodmart-queries/0.4.1/foodmart-queries-0.4.1.jar:/root/./workspace/apache/calcite/385998534/.m2/net/hydromatic/quidem/0.8/quidem-0.8.jar:/root/./workspace/apache/calcite/385998534/.m2/net/hydromatic/scott-data-hsqldb/0.1/scott-data-hsqldb-0.1.jar:/root/./workspace/apache/calcite/385998534/.m2/org/codehaus/janino/janino/2.7.6/janino-2.7.6.jar:/root/./workspace/apache/calcite/385998534/.m2/org/codehaus/janino/commons-compiler/2.7.6/commons-compiler-2.7.6.jar:/root/./workspace/apache/calcite/385998534/.m2/org/hsqldb/hsqldb/2.4.0/hsqldb-2.4.0.jar:/root/./workspace/apache/calcite/385998534/.m2/org/incava/java-diff/1.1.1/java-diff-1.1.1.jar:/root/./workspace/apache/calcite/385998534/.m2/org/hamcrest/hamcrest-core/1.3/hamcrest-core-1.3.jar:/root/./workspace/apache/calcite/385998534/.m2/org/postgresql/postgresql/9.3-1102-jdbc3/postgresql-9.3-1102-jdbc3.jar:/root/./workspace/apache/calcite/385998534/.m2/org/slf4j/slf4j-api/1.7.13/slf4j-api-1.7.13.jar:/root/./workspace/apache/calcite/385998534/.m2/org/slf4j/slf4j-log4j12/1.7.13/slf4j-log4j12-1.7.13.jar:/root/./workspace/apache/calcite/385998534/.m2/log4j/log4j/1.2.17/log4j-1.2.17.jar:/root/./workspace/apache/calcite/385998534/.m2/sqlline/sqlline/1.3.0/sqlline-1.3.0.jar:/root/./workspace/apache/calcite/385998534/.m2/jline/jline/2.14.3/jline-2.14.3.jar:"/>
    <property name="sun.cpu.endian" value="little"/>
    <property name="user.home" value="/root"/>
    <property name="user.language" value="en"/>
    <property name="java.specification.vendor" value="Oracle Corporation"/>
    <property name="java.home" value="/usr/lib/jvm/java-8-openjdk-amd64/jre"/>
    <property name="basedir" value="/root/workspace/apache/calcite/385998534/core"/>
    <property name="file.separator" value="/"/>
    <property name="checkstyle.skip" value="true"/>
    <property name="line.separator" value="&#10;"/>
    <property name="skip.npm" value="true"/>
    <property name="java.vm.specification.vendor" value="Oracle Corporation"/>
    <property name="java.specification.name" value="Java Platform API Specification"/>
    <property name="java.awt.graphicsenv" value="sun.awt.X11GraphicsEnvironment"/>
    <property name="skipITs" value="true"/>
    <property name="surefire.real.class.path" value="/root/workspace/apache/calcite/385998534/core/target/surefire/surefirebooter8085058230610638855.jar"/>
    <property name="cobertura.skip" value="true"/>
    <property name="sun.boot.class.path" value="/usr/lib/jvm/java-8-openjdk-amd64/jre/lib/resources.jar:/usr/lib/jvm/java-8-openjdk-amd64/jre/lib/rt.jar:/usr/lib/jvm/java-8-openjdk-amd64/jre/lib/sunrsasign.jar:/usr/lib/jvm/java-8-openjdk-amd64/jre/lib/jsse.jar:/usr/lib/jvm/java-8-openjdk-amd64/jre/lib/jce.jar:/usr/lib/jvm/java-8-openjdk-amd64/jre/lib/charsets.jar:/usr/lib/jvm/java-8-openjdk-amd64/jre/lib/jfr.jar:/usr/lib/jvm/java-8-openjdk-amd64/jre/classes"/>
    <property name="sun.management.compiler" value="HotSpot 64-Bit Tiered Compilers"/>
    <property name="java.runtime.version" value="1.8.0_121-8u121-b13-1~bpo8+1-b13"/>
    <property name="user.name" value="root"/>
    <property name="findbugs.skip" value="true"/>
    <property name="path.separator" value=":"/>
    <property name="os.version" value="3.10.0-862.3.2.el7.x86_64"/>
    <property name="java.endorsed.dirs" value="/usr/lib/jvm/java-8-openjdk-amd64/jre/lib/endorsed"/>
    <property name="java.runtime.name" value="OpenJDK Runtime Environment"/>
    <property name="file.encoding" value="UTF-8"/>
    <property name="java.vm.name" value="OpenJDK 64-Bit Server VM"/>
    <property name="localRepository" value="/root/./workspace/apache/calcite/385998534/.m2"/>
    <property name="java.vendor.url.bug" value="http://bugreport.sun.com/bugreport/"/>
    <property name="java.io.tmpdir" value="/tmp"/>
    <property name="java.version" value="1.8.0_121"/>
    <property name="user.dir" value="/root/workspace/apache/calcite/385998534/core"/>
    <property name="os.arch" value="amd64"/>
    <property name="license.skip" value="true"/>
    <property name="java.vm.specification.name" value="Java Virtual Machine Specification"/>
    <property name="java.awt.printerjob" value="sun.print.PSPrinterJob"/>
    <property name="sun.os.patch.level" value="unknown"/>
    <property name="java.library.path" value="/usr/java/packages/lib/amd64:/usr/lib/x86_64-linux-gnu/jni:/lib/x86_64-linux-gnu:/usr/lib/x86_64-linux-gnu:/usr/lib/jni:/lib:/usr/lib"/>
    <property name="java.vm.info" value="mixed mode"/>
    <property name="java.vendor" value="Oracle Corporation"/>
    <property name="java.vm.version" value="25.121-b13"/>
    <property name="java.ext.dirs" value="/usr/lib/jvm/java-8-openjdk-amd64/jre/lib/ext:/usr/java/packages/lib/ext"/>
    <property name="sun.io.unicode.encoding" value="UnicodeLittle"/>
    <property name="maven.repo.local" value="/root/./workspace/apache/calcite/385998534/.m2"/>
    <property name="enforcer.skip" value="true"/>
    <property name="java.class.version" value="52.0"/>
  </properties>
  <testcase name="testIsNotDistinctFromOperator" classname="org.apache.calcite.test.CalciteSqlOperatorTest" time="0.366"/>
  <testcase name="testGreaterThanOperatorIntervals" classname="org.apache.calcite.test.CalciteSqlOperatorTest" time="0.461"/>
  <testcase name="testCastInvalid" classname="org.apache.calcite.test.CalciteSqlOperatorTest" time="0.049"/>
  <testcase name="testCastToExactNumeric" classname="org.apache.calcite.test.CalciteSqlOperatorTest" time="0.819"/>
  <testcase name="testTrimFunc" classname="org.apache.calcite.test.CalciteSqlOperatorTest" time="0.28"/>
  <testcase name="testLeastFunc" classname="org.apache.calcite.test.CalciteSqlOperatorTest" time="0.261"/>
  <testcase name="testRtrimFunc" classname="org.apache.calcite.test.CalciteSqlOperatorTest" time="0.132"/>
  <testcase name="testVarSampFunc" classname="org.apache.calcite.test.CalciteSqlOperatorTest" time="0.006"/>
  <testcase name="testPercentRankFunc" classname="org.apache.calcite.test.CalciteSqlOperatorTest" time="0"/>
  <testcase name="testTanFunc" classname="org.apache.calcite.test.CalciteSqlOperatorTest" time="0.186"/>
  <testcase name="testCharacterLengthFunc" classname="org.apache.calcite.test.CalciteSqlOperatorTest" time="0.094"/>
  <testcase name="testDecodeFunc" classname="org.apache.calcite.test.CalciteSqlOperatorTest" time="0.341"/>
  <testcase name="testPrefixPlusOperatorIntervals" classname="org.apache.calcite.test.CalciteSqlOperatorTest" time="0.151"/>
  <testcase name="testDayOfMonth" classname="org.apache.calcite.test.CalciteSqlOperatorTest" time="0.071"/>
  <testcase name="testMultiplyOperator" classname="org.apache.calcite.test.CalciteSqlOperatorTest" time="0.469"/>
  <testcase name="testPrefixMinusOperator" classname="org.apache.calcite.test.CalciteSqlOperatorTest" time="0.127"/>
  <testcase name="testPlusOperator" classname="org.apache.calcite.test.CalciteSqlOperatorTest" time="0.394"/>
  <testcase name="testRowNumberFunc" classname="org.apache.calcite.test.CalciteSqlOperatorTest" time="0.001"/>
  <testcase name="testIsNotFalseOperator" classname="org.apache.calcite.test.CalciteSqlOperatorTest" time="0.071"/>
  <testcase name="testPeriodOperators" classname="org.apache.calcite.test.CalciteSqlOperatorTest" time="18.66"/>
  <testcase name="testCeilFuncDateTime" classname="org.apache.calcite.test.CalciteSqlOperatorTest" time="0.405"/>
  <testcase name="testConvertFunc" classname="org.apache.calcite.test.CalciteSqlOperatorTest" time="0"/>
  <testcase name="testEqualsOperator" classname="org.apache.calcite.test.CalciteSqlOperatorTest" time="1.004"/>
  <testcase name="testTranslateFunc" classname="org.apache.calcite.test.CalciteSqlOperatorTest" time="0"/>
  <testcase name="testExpFunc" classname="org.apache.calcite.test.CalciteSqlOperatorTest" time="0.178"/>
  <testcase name="testExtractFuncFromDateTime" classname="org.apache.calcite.test.CalciteSqlOperatorTest" time="0.487"/>
  <testcase name="testStddevSampFunc" classname="org.apache.calcite.test.CalciteSqlOperatorTest" time="0.152"/>
  <testcase name="testTimestampAdd" classname="org.apache.calcite.test.CalciteSqlOperatorTest" time="0.777"/>
  <testcase name="testCastStringToDecimal" classname="org.apache.calcite.test.CalciteSqlOperatorTest" time="0"/>
  <testcase name="testRandIntegerFunc" classname="org.apache.calcite.test.CalciteSqlOperatorTest" time="5.078"/>
  <testcase name="testLocalTimeFunc" classname="org.apache.calcite.test.CalciteSqlOperatorTest" time="0.176"/>
  <testcase name="testEscapeOperator" classname="org.apache.calcite.test.CalciteSqlOperatorTest" time="0"/>
  <testcase name="testGreaterThanOrEqualOperator" classname="org.apache.calcite.test.CalciteSqlOperatorTest" time="1.631"/>
  <testcase name="testAbsFunc" classname="org.apache.calcite.test.CalciteSqlOperatorTest" time="0.415"/>
  <testcase name="testExplicitTableOperator" classname="org.apache.calcite.test.CalciteSqlOperatorTest" time="0"/>
  <testcase name="testInOperator" classname="org.apache.calcite.test.CalciteSqlOperatorTest" time="0.291"/>
  <testcase name="testCastApproxNumericLimits" classname="org.apache.calcite.test.CalciteSqlOperatorTest" time="0"/>
  <testcase name="testGreaterThanOrEqualOperatorIntervals" classname="org.apache.calcite.test.CalciteSqlOperatorTest" time="0.585"/>
  <testcase name="testRow" classname="org.apache.calcite.test.CalciteSqlOperatorTest" time="0"/>
  <testcase name="testOrOperator" classname="org.apache.calcite.test.CalciteSqlOperatorTest" time="0.186"/>
  <testcase name="testSessionUserFunc" classname="org.apache.calcite.test.CalciteSqlOperatorTest" time="0.048"/>
  <testcase name="testStddevFunc" classname="org.apache.calcite.test.CalciteSqlOperatorTest" time="0.179"/>
  <testcase name="testCovarSampFunc" classname="org.apache.calcite.test.CalciteSqlOperatorTest" time="0.011"/>
  <testcase name="testDummy" classname="org.apache.calcite.test.CalciteSqlOperatorTest" time="0"/>
  <testcase name="testMonth" classname="org.apache.calcite.test.CalciteSqlOperatorTest" time="0.128"/>
  <testcase name="testIsNotUnknownOperator" classname="org.apache.calcite.test.CalciteSqlOperatorTest" time="0.205"/>
  <testcase name="testCastIntervalToNumeric" classname="org.apache.calcite.test.CalciteSqlOperatorTest" time="0.365"/>
  <testcase name="testLocalTimestampFunc" classname="org.apache.calcite.test.CalciteSqlOperatorTest" time="0.248"/>
  <testcase name="testCase" classname="org.apache.calcite.test.CalciteSqlOperatorTest" time="0.742"/>
  <testcase name="testHour" classname="org.apache.calcite.test.CalciteSqlOperatorTest" time="0.09"/>
  <testcase name="testWeek" classname="org.apache.calcite.test.CalciteSqlOperatorTest" time="0.006"/>
  <testcase name="testYear" classname="org.apache.calcite.test.CalciteSqlOperatorTest" time="0.068"/>
  <testcase name="testAcosFunc" classname="org.apache.calcite.test.CalciteSqlOperatorTest" time="0.14"/>
  <testcase name="testOverlayFunc" classname="org.apache.calcite.test.CalciteSqlOperatorTest" time="0.445"/>
  <testcase name="testFloorFunc" classname="org.apache.calcite.test.CalciteSqlOperatorTest" time="0.278"/>
  <testcase name="testNullIfOperatorIntervals" classname="org.apache.calcite.test.CalciteSqlOperatorTest" time="0.184"/>
  <testcase name="testAvgFunc" classname="org.apache.calcite.test.CalciteSqlOperatorTest" time="0.01"/>
  <testcase name="testLessThanOrEqualOperatorInterval" classname="org.apache.calcite.test.CalciteSqlOperatorTest" time="0.405"/>
  <testcase name="testFloorFuncDateTime" classname="org.apache.calcite.test.CalciteSqlOperatorTest" time="0.229"/>
  <testcase name="testCurrentPathFunc" classname="org.apache.calcite.test.CalciteSqlOperatorTest" time="0.026"/>
  <testcase name="testLiteralBeyondLimit" classname="org.apache.calcite.test.CalciteSqlOperatorTest" time="0.02"/>
  <testcase name="testLiteralChain" classname="org.apache.calcite.test.CalciteSqlOperatorTest" time="0.173"/>
  <testcase name="testRandIntegerSeedFunc" classname="org.apache.calcite.test.CalciteSqlOperatorTest" time="0.111"/>
  <testcase name="testCastWithRoundingToScalar" classname="org.apache.calcite.test.CalciteSqlOperatorTest" time="0.132"/>
  <testcase name="testFirstValueFunc" classname="org.apache.calcite.test.CalciteSqlOperatorTest" time="0"/>
  <testcase name="testNotOperator" classname="org.apache.calcite.test.CalciteSqlOperatorTest" time="0.243"/>
  <testcase name="testExtractIntervalDayTime" classname="org.apache.calcite.test.CalciteSqlOperatorTest" time="0.141"/>
  <testcase name="testLastValueFunc" classname="org.apache.calcite.test.CalciteSqlOperatorTest" time="0"/>
  <testcase name="testAbsFuncIntervals" classname="org.apache.calcite.test.CalciteSqlOperatorTest" time="0.19"/>
  <testcase name="testCumeDistFunc" classname="org.apache.calcite.test.CalciteSqlOperatorTest" time="0"/>
  <testcase name="testLikeEscape2" classname="org.apache.calcite.test.CalciteSqlOperatorTest" time="0">
    <skipped message="[CALCITE-525] Exception-handling in built-in functions"/>
  </testcase>
  <testcase name="testBetween" classname="org.apache.calcite.test.CalciteSqlOperatorTest" time="1.118"/>
  <testcase name="testExistsOperator" classname="org.apache.calcite.test.CalciteSqlOperatorTest" time="0"/>
  <testcase name="testMinusDateOperator" classname="org.apache.calcite.test.CalciteSqlOperatorTest" time="0.533"/>
  <testcase name="testDegreesFunc" classname="org.apache.calcite.test.CalciteSqlOperatorTest" time="0.096"/>
  <testcase name="testOrOperatorLazy" classname="org.apache.calcite.test.CalciteSqlOperatorTest" time="0.113"/>
  <testcase name="testModOperatorDivByZero" classname="org.apache.calcite.test.CalciteSqlOperatorTest" time="0.005"/>
  <testcase name="testInitcapFunc" classname="org.apache.calcite.test.CalciteSqlOperatorTest" time="0.32"/>
  <testcase name="testCurrentDateFunc" classname="org.apache.calcite.test.CalciteSqlOperatorTest" time="0.683"/>
  <testcase name="testCharLengthFunc" classname="org.apache.calcite.test.CalciteSqlOperatorTest" time="0.12"/>
  <testcase name="testTimestampDiff" classname="org.apache.calcite.test.CalciteSqlOperatorTest" time="0.811"/>
  <testcase name="testGreatestFunc" classname="org.apache.calcite.test.CalciteSqlOperatorTest" time="0.3"/>
  <testcase name="testCeilFunc" classname="org.apache.calcite.test.CalciteSqlOperatorTest" time="0.281"/>
  <testcase name="testDenseRankFunc" classname="org.apache.calcite.test.CalciteSqlOperatorTest" time="0"/>
  <testcase name="testNullOperand" classname="org.apache.calcite.test.CalciteSqlOperatorTest" time="1.628"/>
  <testcase name="testCastToInterval" classname="org.apache.calcite.test.CalciteSqlOperatorTest" time="0.476"/>
  <testcase name="testReplaceFunc" classname="org.apache.calcite.test.CalciteSqlOperatorTest" time="0.181"/>
  <testcase name="testLikeDot" classname="org.apache.calcite.test.CalciteSqlOperatorTest" time="0.108"/>
  <testcase name="testVarFunc" classname="org.apache.calcite.test.CalciteSqlOperatorTest" time="0.008"/>
  <testcase name="testSqrtFunc" classname="org.apache.calcite.test.CalciteSqlOperatorTest" time="0.135"/>
  <testcase name="testLessThanOrEqualOperator" classname="org.apache.calcite.test.CalciteSqlOperatorTest" time="0.899"/>
  <testcase name="testModOperator" classname="org.apache.calcite.test.CalciteSqlOperatorTest" time="0.291"/>
  <testcase name="testCastExactNumericLimits" classname="org.apache.calcite.test.CalciteSqlOperatorTest" time="6.631"/>
  <testcase name="testDatePlusInterval" classname="org.apache.calcite.test.CalciteSqlOperatorTest" time="0.072"/>
  <testcase name="testDayOfWeek" classname="org.apache.calcite.test.CalciteSqlOperatorTest" time="0.002"/>
  <testcase name="testDayOfYear" classname="org.apache.calcite.test.CalciteSqlOperatorTest" time="0.001"/>
  <testcase name="testCastDateTime" classname="org.apache.calcite.test.CalciteSqlOperatorTest" time="0.725"/>
  <testcase name="testLogFunc" classname="org.apache.calcite.test.CalciteSqlOperatorTest" time="0.278"/>
  <testcase name="testModPrecedence" classname="org.apache.calcite.test.CalciteSqlOperatorTest" time="0.12"/>
  <testcase name="testNotInOperator" classname="org.apache.calcite.test.CalciteSqlOperatorTest" time="0.103"/>
  <testcase name="testCurrentTimeFunc" classname="org.apache.calcite.test.CalciteSqlOperatorTest" time="0.237"/>
  <testcase name="testConcatOperator" classname="org.apache.calcite.test.CalciteSqlOperatorTest" time="0.372"/>
  <testcase name="testElementFunc" classname="org.apache.calcite.test.CalciteSqlOperatorTest" time="0"/>
  <testcase name="testCastTruncates" classname="org.apache.calcite.test.CalciteSqlOperatorTest" time="0.34"/>
  <testcase name="testModFuncDivByZero" classname="org.apache.calcite.test.CalciteSqlOperatorTest" time="0.001"/>
  <testcase name="testAsinFunc" classname="org.apache.calcite.test.CalciteSqlOperatorTest" time="0.236"/>
  <testcase name="testLowerFunc" classname="org.apache.calcite.test.CalciteSqlOperatorTest" time="0.263"/>
  <testcase name="testRadiansFunc" classname="org.apache.calcite.test.CalciteSqlOperatorTest" time="0.183"/>
  <testcase name="testAndOperator" classname="org.apache.calcite.test.CalciteSqlOperatorTest" time="0.267"/>
  <testcase name="testCardinalityFunc" classname="org.apache.calcite.test.CalciteSqlOperatorTest" time="0"/>
  <testcase name="testLikeOperator" classname="org.apache.calcite.test.CalciteSqlOperatorTest" time="1.248"/>
  <testcase name="testFusionFunc" classname="org.apache.calcite.test.CalciteSqlOperatorTest" time="0"/>
  <testcase name="testLessThanOperatorInterval" classname="org.apache.calcite.test.CalciteSqlOperatorTest" time="0"/>
  <testcase name="testLtrimFunc" classname="org.apache.calcite.test.CalciteSqlOperatorTest" time="0.14"/>
  <testcase name="testQuarter" classname="org.apache.calcite.test.CalciteSqlOperatorTest" time="1.004"/>
  <testcase name="testLiteralAtLimit" classname="org.apache.calcite.test.CalciteSqlOperatorTest" time="0"/>
  <testcase name="testSqlOperatorOverloading" classname="org.apache.calcite.test.CalciteSqlOperatorTest" time="0.001"/>
  <testcase name="testCastDecimalToDoubleToInteger" classname="org.apache.calcite.test.CalciteSqlOperatorTest" time="0.091"/>
  <testcase name="testExtractTimestamp" classname="org.apache.calcite.test.CalciteSqlOperatorTest" time="1.155"/>
  <testcase name="testUserFunc" classname="org.apache.calcite.test.CalciteSqlOperatorTest" time="0.057"/>
  <testcase name="testMaxFunc" classname="org.apache.calcite.test.CalciteSqlOperatorTest" time="0.03"/>
  <testcase name="testCovarPopFunc" classname="org.apache.calcite.test.CalciteSqlOperatorTest" time="0.005"/>
  <testcase name="testApproxCountDistinctFunc" classname="org.apache.calcite.test.CalciteSqlOperatorTest" time="0.655"/>
  <testcase name="testMapValueConstructor" classname="org.apache.calcite.test.CalciteSqlOperatorTest" time="0.08"/>
  <testcase name="testPrefixPlusOperator" classname="org.apache.calcite.test.CalciteSqlOperatorTest" time="0.237"/>
  <testcase name="testCosFunc" classname="org.apache.calcite.test.CalciteSqlOperatorTest" time="0.311"/>
  <testcase name="testCotFunc" classname="org.apache.calcite.test.CalciteSqlOperatorTest" time="0.27"/>
  <testcase name="testIsNotTrueOperator" classname="org.apache.calcite.test.CalciteSqlOperatorTest" time="0.181"/>
  <testcase name="testRoundFunc" classname="org.apache.calcite.test.CalciteSqlOperatorTest" time="0.949"/>
  <testcase name="testPrefixMinusOperatorIntervals" classname="org.apache.calcite.test.CalciteSqlOperatorTest" time="0.335"/>
  <testcase name="testCastToString" classname="org.apache.calcite.test.CalciteSqlOperatorTest" time="8.063"/>
  <testcase name="testMinFunc" classname="org.apache.calcite.test.CalciteSqlOperatorTest" time="0.028"/>
  <testcase name="testLessThanOperator" classname="org.apache.calcite.test.CalciteSqlOperatorTest" time="0.976"/>
  <testcase name="testAtanFunc" classname="org.apache.calcite.test.CalciteSqlOperatorTest" time="0.217"/>
  <testcase name="testVarPopFunc" classname="org.apache.calcite.test.CalciteSqlOperatorTest" time="0.003"/>
  <testcase name="testCaseNull" classname="org.apache.calcite.test.CalciteSqlOperatorTest" time="0.138"/>
  <testcase name="testCaseType" classname="org.apache.calcite.test.CalciteSqlOperatorTest" time="0.011"/>
  <testcase name="testCastNull" classname="org.apache.calcite.test.CalciteSqlOperatorTest" time="0.411"/>
  <testcase name="testIsNotNullOperator" classname="org.apache.calcite.test.CalciteSqlOperatorTest" time="0.077"/>
  <testcase name="testNotSimilarToOperator" classname="org.apache.calcite.test.CalciteSqlOperatorTest" time="0.421"/>
  <testcase name="testIsASetOperator" classname="org.apache.calcite.test.CalciteSqlOperatorTest" time="0"/>
  <testcase name="testCurrentCatalogFunc" classname="org.apache.calcite.test.CalciteSqlOperatorTest" time="0.022"/>
  <testcase name="testSubstringFunction" classname="org.apache.calcite.test.CalciteSqlOperatorTest" time="0.216"/>
  <testcase name="testNotEqualsOperatorIntervals" classname="org.apache.calcite.test.CalciteSqlOperatorTest" time="0.286"/>
  <testcase name="testModFunc" classname="org.apache.calcite.test.CalciteSqlOperatorTest" time="0.377"/>
  <testcase name="testAtan2Func" classname="org.apache.calcite.test.CalciteSqlOperatorTest" time="0.281"/>
  <testcase name="testDivideOperator" classname="org.apache.calcite.test.CalciteSqlOperatorTest" time="0.597"/>
  <testcase name="testUpperFunc" classname="org.apache.calcite.test.CalciteSqlOperatorTest" time="0.38"/>
  <testcase name="testRandSeedFunc" classname="org.apache.calcite.test.CalciteSqlOperatorTest" time="0.15"/>
  <testcase name="testMultiplyIntervals" classname="org.apache.calcite.test.CalciteSqlOperatorTest" time="0.28"/>
  <testcase name="testRandFunc" classname="org.apache.calcite.test.CalciteSqlOperatorTest" time="5.75"/>
  <testcase name="testRankFunc" classname="org.apache.calcite.test.CalciteSqlOperatorTest" time="0"/>
  <testcase name="testArgumentBounds" classname="org.apache.calcite.test.CalciteSqlOperatorTest" time="0"/>
  <testcase name="testCastToApproxNumeric" classname="org.apache.calcite.test.CalciteSqlOperatorTest" time="0.415"/>
  <testcase name="testSignFunc" classname="org.apache.calcite.test.CalciteSqlOperatorTest" time="0.28"/>
  <testcase name="testAndOperatorLazy" classname="org.apache.calcite.test.CalciteSqlOperatorTest" time="0.013"/>
  <testcase name="testPositionFunc" classname="org.apache.calcite.test.CalciteSqlOperatorTest" time="0.829"/>
  <testcase name="testDivideOperatorIntervals" classname="org.apache.calcite.test.CalciteSqlOperatorTest" time="0.274"/>
  <testcase name="testCastIntervalToInterval" classname="org.apache.calcite.test.CalciteSqlOperatorTest" time="0.186"/>
  <testcase name="testCastToBoolean" classname="org.apache.calcite.test.CalciteSqlOperatorTest" time="0.248"/>
  <testcase name="testExtractDate" classname="org.apache.calcite.test.CalciteSqlOperatorTest" time="2.156"/>
  <testcase name="testExtractFunc" classname="org.apache.calcite.test.CalciteSqlOperatorTest" time="0.27"/>
  <testcase name="testPlusIntervalOperator" classname="org.apache.calcite.test.CalciteSqlOperatorTest" time="1.9"/>
  <testcase name="testCollectFunc" classname="org.apache.calcite.test.CalciteSqlOperatorTest" time="0.075"/>
  <testcase name="testMinusOperator" classname="org.apache.calcite.test.CalciteSqlOperatorTest" time="0.663"/>
  <testcase name="testCurrentTimestampFunc" classname="org.apache.calcite.test.CalciteSqlOperatorTest" time="0.156"/>
  <testcase name="testSystemUserFunc" classname="org.apache.calcite.test.CalciteSqlOperatorTest" time="0.072"/>
  <testcase name="testMinusIntervalOperator" classname="org.apache.calcite.test.CalciteSqlOperatorTest" time="1.038"/>
  <testcase name="testNotEqualsOperator" classname="org.apache.calcite.test.CalciteSqlOperatorTest" time="0.45"/>
  <testcase name="testCeilFuncInterval" classname="org.apache.calcite.test.CalciteSqlOperatorTest" time="0"/>
  <testcase name="testSimilarToOperator" classname="org.apache.calcite.test.CalciteSqlOperatorTest" time="4.591"/>
  <testcase name="testEqualsOperatorInterval" classname="org.apache.calcite.test.CalciteSqlOperatorTest" time="0.199"/>
  <testcase name="testCoalesceFunc" classname="org.apache.calcite.test.CalciteSqlOperatorTest" time="0.111"/>
  <testcase name="testArrayValueConstructor" classname="org.apache.calcite.test.CalciteSqlOperatorTest" time="0.116"/>
  <testcase name="testStddevPopFunc" classname="org.apache.calcite.test.CalciteSqlOperatorTest" time="0.118"/>
  <testcase name="testItemOp" classname="org.apache.calcite.test.CalciteSqlOperatorTest" time="0.509"/>
  <testcase name="testModOperatorNull" classname="org.apache.calcite.test.CalciteSqlOperatorTest" time="0.082"/>
  <testcase name="testJdbcFn" classname="org.apache.calcite.test.CalciteSqlOperatorTest" time="2.763"/>
  <testcase name="testOverlapsOperator" classname="org.apache.calcite.test.CalciteSqlOperatorTest" time="0.881"/>
  <testcase name="testCastStringToDateTime" classname="org.apache.calcite.test.CalciteSqlOperatorTest" time="2.199"/>
  <testcase name="testPowerFunc" classname="org.apache.calcite.test.CalciteSqlOperatorTest" time="0.224"/>
  <testcase name="testLnFunc" classname="org.apache.calcite.test.CalciteSqlOperatorTest" time="0.175"/>
  <testcase name="testIsFalseOperator" classname="org.apache.calcite.test.CalciteSqlOperatorTest" time="0.185"/>
  <testcase name="testMinute" classname="org.apache.calcite.test.CalciteSqlOperatorTest" time="0.153"/>
  <testcase name="testIsTrueOperator" classname="org.apache.calcite.test.CalciteSqlOperatorTest" time="0.085"/>
  <testcase name="testValuesOperator" classname="org.apache.calcite.test.CalciteSqlOperatorTest" time="0.018"/>
  <testcase name="testPiFunc" classname="org.apache.calcite.test.CalciteSqlOperatorTest" time="0.033"/>
  <testcase name="testIsNullOperator" classname="org.apache.calcite.test.CalciteSqlOperatorTest" time="0.068"/>
  <testcase name="testSinFunc" classname="org.apache.calcite.test.CalciteSqlOperatorTest" time="0.16"/>
  <testcase name="testTruncateFunc" classname="org.apache.calcite.test.CalciteSqlOperatorTest" time="0.603"/>
  <testcase name="testSecond" classname="org.apache.calcite.test.CalciteSqlOperatorTest" time="0.103"/>
  <testcase name="testSelect" classname="org.apache.calcite.test.CalciteSqlOperatorTest" time="0.019"/>
  <testcase name="testGreaterThanOperator" classname="org.apache.calcite.test.CalciteSqlOperatorTest" time="1.056"/>
  <testcase name="testAndOperator2" classname="org.apache.calcite.test.CalciteSqlOperatorTest" time="0.151"/>
  <testcase name="testModFuncNull" classname="org.apache.calcite.test.CalciteSqlOperatorTest" time="0.091"/>
  <testcase name="testRegrSxxFunc" classname="org.apache.calcite.test.CalciteSqlOperatorTest" time="0.015"/>
  <testcase name="testCurrentRoleFunc" classname="org.apache.calcite.test.CalciteSqlOperatorTest" time="0.04"/>
  <testcase name="testCurrentUserFunc" classname="org.apache.calcite.test.CalciteSqlOperatorTest" time="0.033"/>
  <testcase name="testMemberOfOperator" classname="org.apache.calcite.test.CalciteSqlOperatorTest" time="0"/>
  <testcase name="testWindow" classname="org.apache.calcite.test.CalciteSqlOperatorTest" time="0"/>
  <testcase name="testRegrSyyFunc" classname="org.apache.calcite.test.CalciteSqlOperatorTest" time="0.003"/>
  <testcase name="testNullifFunc" classname="org.apache.calcite.test.CalciteSqlOperatorTest" time="0.782"/>
  <testcase name="testNotLikeOperator" classname="org.apache.calcite.test.CalciteSqlOperatorTest" time="0.299"/>
  <testcase name="testExtractIntervalYearMonth" classname="org.apache.calcite.test.CalciteSqlOperatorTest" time="0.293"/>
  <testcase name="testPlusOperatorAny" classname="org.apache.calcite.test.CalciteSqlOperatorTest" time="0.028"/>
  <testcase name="testNvlFunc" classname="org.apache.calcite.test.CalciteSqlOperatorTest" time="0.315"/>
  <testcase name="testTranslate3Func" classname="org.apache.calcite.test.CalciteSqlOperatorTest" time="0.386"/>
  <testcase name="testCountFunc" classname="org.apache.calcite.test.CalciteSqlOperatorTest" time="0.44"/>
  <testcase name="testSumFunc" classname="org.apache.calcite.test.CalciteSqlOperatorTest" time="0.082"/>
  <testcase name="testIsDistinctFromOperator" classname="org.apache.calcite.test.CalciteSqlOperatorTest" time="0.409"/>
  <testcase name="testLikeEscape" classname="org.apache.calcite.test.CalciteSqlOperatorTest" time="0.363"/>
  <testcase name="testDescendingOperator" classname="org.apache.calcite.test.CalciteSqlOperatorTest" time="0"/>
  <testcase name="testFloorFuncInterval" classname="org.apache.calcite.test.CalciteSqlOperatorTest" time="0"/>
  <testcase name="testIsUnknownOperator" classname="org.apache.calcite.test.CalciteSqlOperatorTest" time="0.157"/>
  <testcase name="testNotBetween" classname="org.apache.calcite.test.CalciteSqlOperatorTest" time="0.498"/>
</testsuite>