<?xml version="1.0" encoding="UTF-8"?>
<testsuite xmlns:xsi="http://www.w3.org/2001/XMLSchema-instance" xsi:schemaLocation="https://maven.apache.org/surefire/maven-surefire-plugin/xsd/surefire-test-report.xsd" name="com.google.errorprone.bugpatterns.apidiff.ApiDiffCheckerTest" time="1.871" tests="5" errors="0" skipped="0" failures="3">
  <properties>
    <property name="java.vendor" value="Oracle Corporation"/>
    <property name="sun.java.launcher" value="SUN_STANDARD"/>
    <property name="sun.management.compiler" value="HotSpot 64-Bit Tiered Compilers"/>
    <property name="os.name" value="Linux"/>
    <property name="sun.boot.class.path" value="/usr/lib/jvm/java-8-openjdk-amd64/jre/lib/resources.jar:/usr/lib/jvm/java-8-openjdk-amd64/jre/lib/rt.jar:/usr/lib/jvm/java-8-openjdk-amd64/jre/lib/sunrsasign.jar:/usr/lib/jvm/java-8-openjdk-amd64/jre/lib/jsse.jar:/usr/lib/jvm/java-8-openjdk-amd64/jre/lib/jce.jar:/usr/lib/jvm/java-8-openjdk-amd64/jre/lib/charsets.jar:/usr/lib/jvm/java-8-openjdk-amd64/jre/lib/jfr.jar:/usr/lib/jvm/java-8-openjdk-amd64/jre/classes"/>
    <property name="cobertura.skip" value="true"/>
    <property name="findbugs.skip" value="true"/>
    <property name="java.vm.specification.vendor" value="Oracle Corporation"/>
    <property name="java.runtime.version" value="1.8.0_121-8u121-b13-1~bpo8+1-b13"/>
    <property name="user.name" value="root"/>
    <property name="guice.disable.misplaced.annotation.check" value="true"/>
    <property name="maven.repo.local" value="/root/./workspace/google/error-prone/389479487/.m2"/>
    <property name="user.language" value="en"/>
    <property name="sun.boot.library.path" value="/usr/lib/jvm/java-8-openjdk-amd64/jre/lib/amd64"/>
    <property name="classworlds.conf" value="/usr/share/maven/bin/m2.conf"/>
    <property name="java.version" value="1.8.0_121"/>
    <property name="user.timezone" value="Europe/Paris"/>
    <property name="rat.skip" value="true"/>
    <property name="sun.arch.data.model" value="64"/>
    <property name="java.endorsed.dirs" value="/usr/lib/jvm/java-8-openjdk-amd64/jre/lib/endorsed"/>
    <property name="sun.cpu.isalist" value=""/>
    <property name="sun.jnu.encoding" value="UTF-8"/>
    <property name="file.encoding.pkg" value="sun.io"/>
    <property name="file.separator" value="/"/>
    <property name="java.specification.name" value="Java Platform API Specification"/>
    <property name="java.class.version" value="52.0"/>
    <property name="checkstyle.skip" value="true"/>
    <property name="securerandom.source" value="file:/dev/./urandom"/>
    <property name="java.home" value="/usr/lib/jvm/java-8-openjdk-amd64/jre"/>
    <property name="java.vm.info" value="mixed mode"/>
    <property name="os.version" value="3.10.0-862.3.2.el7.x86_64"/>
    <property name="path.separator" value=":"/>
    <property name="java.vm.version" value="25.121-b13"/>
    <property name="gpg.skip" value="true"/>
    <property name="java.awt.printerjob" value="sun.print.PSPrinterJob"/>
    <property name="sun.io.unicode.encoding" value="UnicodeLittle"/>
    <property name="awt.toolkit" value="sun.awt.X11.XToolkit"/>
    <property name="os.detected.release" value="debian"/>
    <property name="user.home" value="/root"/>
    <property name="java.specification.vendor" value="Oracle Corporation"/>
    <property name="java.library.path" value="/usr/java/packages/lib/amd64:/usr/lib/x86_64-linux-gnu/jni:/lib/x86_64-linux-gnu:/usr/lib/x86_64-linux-gnu:/usr/lib/jni:/lib:/usr/lib"/>
    <property name="java.vendor.url" value="http://java.oracle.com/"/>
    <property name="java.vm.vendor" value="Oracle Corporation"/>
    <property name="os.detected.release.like.debian" value="true"/>
    <property name="dependency-check.skip" value="true"/>
    <property name="maven.home" value="/usr/share/maven"/>
    <property name="java.runtime.name" value="OpenJDK Runtime Environment"/>
    <property name="sun.java.command" value="org.codehaus.plexus.classworlds.launcher.Launcher -B -D enforcer.skip=true -D dependency-check.skip=true -D skipITs=true -D cobertura.skip=true -D maven.repo.local=/root/./workspace/google/error-prone/389479487/.m2 -D rat.skip=true -D findbugs.skip=true -D skip.bower=true -D gpg.skip=true -D checkstyle.skip=true -D skip.gulp=true -D license.skip=true -D skip.npm=true test"/>
    <property name="java.class.path" value="/usr/share/maven/boot/plexus-classworlds-2.5.2.jar"/>
    <property name="os.detected.arch" value="x86_64"/>
    <property name="java.vm.specification.name" value="Java Virtual Machine Specification"/>
    <property name="java.vm.specification.version" value="1.8"/>
    <property name="sun.cpu.endian" value="little"/>
    <property name="sun.os.patch.level" value="unknown"/>
    <property name="os.detected.classifier" value="linux-x86_64"/>
    <property name="java.io.tmpdir" value="/tmp"/>
    <property name="java.vendor.url.bug" value="http://bugreport.sun.com/bugreport/"/>
    <property name="maven.multiModuleProjectDirectory" value="/root/workspace/google/error-prone/389479487"/>
    <property name="os.arch" value="amd64"/>
    <property name="java.awt.graphicsenv" value="sun.awt.X11GraphicsEnvironment"/>
    <property name="java.ext.dirs" value="/usr/lib/jvm/java-8-openjdk-amd64/jre/lib/ext:/usr/java/packages/lib/ext"/>
    <property name="os.detected.release.version" value="8"/>
    <property name="user.dir" value="/root/workspace/google/error-prone/389479487"/>
    <property name="skipITs" value="true"/>
    <property name="line.separator" value="&#10;"/>
    <property name="java.vm.name" value="OpenJDK 64-Bit Server VM"/>
    <property name="enforcer.skip" value="true"/>
    <property name="skip.gulp" value="true"/>
    <property name="skip.bower" value="true"/>
    <property name="skip.npm" value="true"/>
    <property name="file.encoding" value="UTF-8"/>
    <property name="os.detected.name" value="linux"/>
    <property name="license.skip" value="true"/>
    <property name="java.specification.version" value="1.8"/>
  </properties>
  <testcase name="subType" classname="com.google.errorprone.bugpatterns.apidiff.ApiDiffCheckerTest" time="1.071">
    <failure message="Compilation failed unexpectedly: [parsing started SimpleFileObject[/tmp/junit1353298591191151741/junit2895589187541425623/Test.java]]&#10;[parsing completed 1ms]&#10;[search path for source files: ]&#10;[search path for class files: /root/./workspace/google/error-prone/389479487/.m2/com/google/errorprone/javac/9+181-r4173-1/javac-9+181-r4173-1.jar,/usr/lib/jvm/java-8-openjdk-amd64/jre/lib/resources.jar,/usr/lib/jvm/java-8-openjdk-amd64/jre/lib/rt.jar,/usr/lib/jvm/java-8-openjdk-amd64/jre/lib/sunrsasign.jar,/usr/lib/jvm/java-8-openjdk-amd64/jre/lib/jsse.jar,/usr/lib/jvm/java-8-openjdk-amd64/jre/lib/jce.jar,/usr/lib/jvm/java-8-openjdk-amd64/jre/lib/charsets.jar,/usr/lib/jvm/java-8-openjdk-amd64/jre/lib/jfr.jar,/usr/lib/jvm/java-8-openjdk-amd64/jre/classes,/usr/lib/jvm/java-8-openjdk-amd64/jre/lib/ext/cldrdata.jar,/usr/lib/jvm/java-8-openjdk-amd64/jre/lib/ext/dnsns.jar,/usr/lib/jvm/java-8-openjdk-amd64/jre/lib/ext/icedtea-sound.jar,/usr/lib/jvm/java-8-openjdk-amd64/jre/lib/ext/jaccess.jar,/usr/lib/jvm/java-8-openjdk-amd64/jre/lib/ext/java-atk-wrapper.jar,/usr/lib/jvm/java-8-openjdk-amd64/jre/lib/ext/localedata.jar,/usr/lib/jvm/java-8-openjdk-amd64/jre/lib/ext/nashorn.jar,/usr/lib/jvm/java-8-openjdk-amd64/jre/lib/ext/sunec.jar,/usr/lib/jvm/java-8-openjdk-amd64/jre/lib/ext/sunjce_provider.jar,/usr/lib/jvm/java-8-openjdk-amd64/jre/lib/ext/sunpkcs11.jar,/usr/lib/jvm/java-8-openjdk-amd64/jre/lib/ext/zipfs.jar,/tmp/junit1353298591191151741/junit230121710849775952/output.jar]&#10;[loading /tmp/junit1353298591191151741/junit230121710849775952/output.jar(/lib/A.class)]&#10;[loading /usr/lib/jvm/java-8-openjdk-amd64/jre/lib/rt.jar(/java/lang/Object.class)]&#10;[checking Test]&#10;[loading /usr/lib/jvm/java-8-openjdk-amd64/jre/lib/rt.jar(/java/io/Serializable.class)]&#10;[loading /usr/lib/jvm/java-8-openjdk-amd64/jre/lib/rt.jar(/java/lang/AutoCloseable.class)]&#10;[loading /usr/lib/jvm/java-8-openjdk-amd64/jre/lib/rt.jar(/javax/annotation/Generated.class)]&#10;[loading /usr/lib/jvm/java-8-openjdk-amd64/jre/lib/rt.jar(/java/lang/annotation/Retention.class)]&#10;[loading /usr/lib/jvm/java-8-openjdk-amd64/jre/lib/rt.jar(/java/lang/annotation/RetentionPolicy.class)]&#10;[loading /usr/lib/jvm/java-8-openjdk-amd64/jre/lib/rt.jar(/java/lang/annotation/Target.class)]&#10;[loading /usr/lib/jvm/java-8-openjdk-amd64/jre/lib/rt.jar(/java/lang/annotation/ElementType.class)]&#10;[loading /root/./workspace/google/error-prone/389479487/.m2/com/google/errorprone/javac/9+181-r4173-1/javac-9+181-r4173-1.jar(/javax/annotation/processing/Generated.class)]&#10;[total 107ms]&#10;: /tmp/junit1353298591191151741/junit2895589187541425623/Test.java:4: error: [SampleChecker] lib.A#f() is not available in &lt;anonymous Test$1&gt;&#10;    new A() {}.f();&#10;              ^&#10;    (see https://errorprone.info/bugpattern/SampleChecker.md) (&lt;false&gt;) was expected to be true, but was false" type="java.lang.AssertionError"><![CDATA[java.lang.AssertionError: 
Compilation failed unexpectedly: [parsing started SimpleFileObject[/tmp/junit1353298591191151741/junit2895589187541425623/Test.java]]
[parsing completed 1ms]
[search path for source files: ]
[search path for class files: /root/./workspace/google/error-prone/389479487/.m2/com/google/errorprone/javac/9+181-r4173-1/javac-9+181-r4173-1.jar,/usr/lib/jvm/java-8-openjdk-amd64/jre/lib/resources.jar,/usr/lib/jvm/java-8-openjdk-amd64/jre/lib/rt.jar,/usr/lib/jvm/java-8-openjdk-amd64/jre/lib/sunrsasign.jar,/usr/lib/jvm/java-8-openjdk-amd64/jre/lib/jsse.jar,/usr/lib/jvm/java-8-openjdk-amd64/jre/lib/jce.jar,/usr/lib/jvm/java-8-openjdk-amd64/jre/lib/charsets.jar,/usr/lib/jvm/java-8-openjdk-amd64/jre/lib/jfr.jar,/usr/lib/jvm/java-8-openjdk-amd64/jre/classes,/usr/lib/jvm/java-8-openjdk-amd64/jre/lib/ext/cldrdata.jar,/usr/lib/jvm/java-8-openjdk-amd64/jre/lib/ext/dnsns.jar,/usr/lib/jvm/java-8-openjdk-amd64/jre/lib/ext/icedtea-sound.jar,/usr/lib/jvm/java-8-openjdk-amd64/jre/lib/ext/jaccess.jar,/usr/lib/jvm/java-8-openjdk-amd64/jre/lib/ext/java-atk-wrapper.jar,/usr/lib/jvm/java-8-openjdk-amd64/jre/lib/ext/localedata.jar,/usr/lib/jvm/java-8-openjdk-amd64/jre/lib/ext/nashorn.jar,/usr/lib/jvm/java-8-openjdk-amd64/jre/lib/ext/sunec.jar,/usr/lib/jvm/java-8-openjdk-amd64/jre/lib/ext/sunjce_provider.jar,/usr/lib/jvm/java-8-openjdk-amd64/jre/lib/ext/sunpkcs11.jar,/usr/lib/jvm/java-8-openjdk-amd64/jre/lib/ext/zipfs.jar,/tmp/junit1353298591191151741/junit230121710849775952/output.jar]
[loading /tmp/junit1353298591191151741/junit230121710849775952/output.jar(/lib/A.class)]
[loading /usr/lib/jvm/java-8-openjdk-amd64/jre/lib/rt.jar(/java/lang/Object.class)]
[checking Test]
[loading /usr/lib/jvm/java-8-openjdk-amd64/jre/lib/rt.jar(/java/io/Serializable.class)]
[loading /usr/lib/jvm/java-8-openjdk-amd64/jre/lib/rt.jar(/java/lang/AutoCloseable.class)]
[loading /usr/lib/jvm/java-8-openjdk-amd64/jre/lib/rt.jar(/javax/annotation/Generated.class)]
[loading /usr/lib/jvm/java-8-openjdk-amd64/jre/lib/rt.jar(/java/lang/annotation/Retention.class)]
[loading /usr/lib/jvm/java-8-openjdk-amd64/jre/lib/rt.jar(/java/lang/annotation/RetentionPolicy.class)]
[loading /usr/lib/jvm/java-8-openjdk-amd64/jre/lib/rt.jar(/java/lang/annotation/Target.class)]
[loading /usr/lib/jvm/java-8-openjdk-amd64/jre/lib/rt.jar(/java/lang/annotation/ElementType.class)]
[loading /root/./workspace/google/error-prone/389479487/.m2/com/google/errorprone/javac/9+181-r4173-1/javac-9+181-r4173-1.jar(/javax/annotation/processing/Generated.class)]
[total 107ms]
: /tmp/junit1353298591191151741/junit2895589187541425623/Test.java:4: error: [SampleChecker] lib.A#f() is not available in <anonymous Test$1>
    new A() {}.f();
              ^
    (see https://errorprone.info/bugpattern/SampleChecker.md) (<false>) was expected to be true, but was false
	at com.google.errorprone.bugpatterns.apidiff.ApiDiffCheckerTest.subType(ApiDiffCheckerTest.java:385)
]]></failure>
    <system-err><![CDATA[[B@61ca2dfa
]]></system-err>
  </testcase>
  <testcase name="newDerivedMethod" classname="com.google.errorprone.bugpatterns.apidiff.ApiDiffCheckerTest" time="0.218">
    <failure message="Compilation failed unexpectedly: [parsing started SimpleFileObject[/tmp/junit5904977822488283507/junit5788539035307312352/Test.java]]&#10;[parsing completed 1ms]&#10;[search path for source files: ]&#10;[search path for class files: /root/./workspace/google/error-prone/389479487/.m2/com/google/errorprone/javac/9+181-r4173-1/javac-9+181-r4173-1.jar,/usr/lib/jvm/java-8-openjdk-amd64/jre/lib/resources.jar,/usr/lib/jvm/java-8-openjdk-amd64/jre/lib/rt.jar,/usr/lib/jvm/java-8-openjdk-amd64/jre/lib/sunrsasign.jar,/usr/lib/jvm/java-8-openjdk-amd64/jre/lib/jsse.jar,/usr/lib/jvm/java-8-openjdk-amd64/jre/lib/jce.jar,/usr/lib/jvm/java-8-openjdk-amd64/jre/lib/charsets.jar,/usr/lib/jvm/java-8-openjdk-amd64/jre/lib/jfr.jar,/usr/lib/jvm/java-8-openjdk-amd64/jre/classes,/usr/lib/jvm/java-8-openjdk-amd64/jre/lib/ext/cldrdata.jar,/usr/lib/jvm/java-8-openjdk-amd64/jre/lib/ext/dnsns.jar,/usr/lib/jvm/java-8-openjdk-amd64/jre/lib/ext/icedtea-sound.jar,/usr/lib/jvm/java-8-openjdk-amd64/jre/lib/ext/jaccess.jar,/usr/lib/jvm/java-8-openjdk-amd64/jre/lib/ext/java-atk-wrapper.jar,/usr/lib/jvm/java-8-openjdk-amd64/jre/lib/ext/localedata.jar,/usr/lib/jvm/java-8-openjdk-amd64/jre/lib/ext/nashorn.jar,/usr/lib/jvm/java-8-openjdk-amd64/jre/lib/ext/sunec.jar,/usr/lib/jvm/java-8-openjdk-amd64/jre/lib/ext/sunjce_provider.jar,/usr/lib/jvm/java-8-openjdk-amd64/jre/lib/ext/sunpkcs11.jar,/usr/lib/jvm/java-8-openjdk-amd64/jre/lib/ext/zipfs.jar,/tmp/junit5904977822488283507/junit391038007558070692/output.jar,/tmp/junit5904977822488283507/junit7980360250626082911/output.jar]&#10;[loading /usr/lib/jvm/java-8-openjdk-amd64/jre/lib/rt.jar(/java/lang/Object.class)]&#10;[checking Test]&#10;[loading /usr/lib/jvm/java-8-openjdk-amd64/jre/lib/rt.jar(/java/io/Serializable.class)]&#10;[loading /usr/lib/jvm/java-8-openjdk-amd64/jre/lib/rt.jar(/java/lang/AutoCloseable.class)]&#10;[loading /tmp/junit5904977822488283507/junit391038007558070692/output.jar(/lib/Derived.class)]&#10;[loading /tmp/junit5904977822488283507/junit7980360250626082911/output.jar(/lib/Base.class)]&#10;[loading /usr/lib/jvm/java-8-openjdk-amd64/jre/lib/rt.jar(/javax/annotation/Generated.class)]&#10;[loading /usr/lib/jvm/java-8-openjdk-amd64/jre/lib/rt.jar(/java/lang/annotation/Retention.class)]&#10;[loading /usr/lib/jvm/java-8-openjdk-amd64/jre/lib/rt.jar(/java/lang/annotation/RetentionPolicy.class)]&#10;[loading /usr/lib/jvm/java-8-openjdk-amd64/jre/lib/rt.jar(/java/lang/annotation/Target.class)]&#10;[loading /usr/lib/jvm/java-8-openjdk-amd64/jre/lib/rt.jar(/java/lang/annotation/ElementType.class)]&#10;[loading /root/./workspace/google/error-prone/389479487/.m2/com/google/errorprone/javac/9+181-r4173-1/javac-9+181-r4173-1.jar(/javax/annotation/processing/Generated.class)]&#10;[total 26ms]&#10;: /tmp/junit5904977822488283507/junit5788539035307312352/Test.java:5: error: [SampleChecker] lib.Derived#g() is not available in lib.Derived&#10;    new Derived().g();&#10;                 ^&#10;    (see https://errorprone.info/bugpattern/SampleChecker.md) (&lt;false&gt;) was expected to be true, but was false" type="java.lang.AssertionError"><![CDATA[java.lang.AssertionError: 
Compilation failed unexpectedly: [parsing started SimpleFileObject[/tmp/junit5904977822488283507/junit5788539035307312352/Test.java]]
[parsing completed 1ms]
[search path for source files: ]
[search path for class files: /root/./workspace/google/error-prone/389479487/.m2/com/google/errorprone/javac/9+181-r4173-1/javac-9+181-r4173-1.jar,/usr/lib/jvm/java-8-openjdk-amd64/jre/lib/resources.jar,/usr/lib/jvm/java-8-openjdk-amd64/jre/lib/rt.jar,/usr/lib/jvm/java-8-openjdk-amd64/jre/lib/sunrsasign.jar,/usr/lib/jvm/java-8-openjdk-amd64/jre/lib/jsse.jar,/usr/lib/jvm/java-8-openjdk-amd64/jre/lib/jce.jar,/usr/lib/jvm/java-8-openjdk-amd64/jre/lib/charsets.jar,/usr/lib/jvm/java-8-openjdk-amd64/jre/lib/jfr.jar,/usr/lib/jvm/java-8-openjdk-amd64/jre/classes,/usr/lib/jvm/java-8-openjdk-amd64/jre/lib/ext/cldrdata.jar,/usr/lib/jvm/java-8-openjdk-amd64/jre/lib/ext/dnsns.jar,/usr/lib/jvm/java-8-openjdk-amd64/jre/lib/ext/icedtea-sound.jar,/usr/lib/jvm/java-8-openjdk-amd64/jre/lib/ext/jaccess.jar,/usr/lib/jvm/java-8-openjdk-amd64/jre/lib/ext/java-atk-wrapper.jar,/usr/lib/jvm/java-8-openjdk-amd64/jre/lib/ext/localedata.jar,/usr/lib/jvm/java-8-openjdk-amd64/jre/lib/ext/nashorn.jar,/usr/lib/jvm/java-8-openjdk-amd64/jre/lib/ext/sunec.jar,/usr/lib/jvm/java-8-openjdk-amd64/jre/lib/ext/sunjce_provider.jar,/usr/lib/jvm/java-8-openjdk-amd64/jre/lib/ext/sunpkcs11.jar,/usr/lib/jvm/java-8-openjdk-amd64/jre/lib/ext/zipfs.jar,/tmp/junit5904977822488283507/junit391038007558070692/output.jar,/tmp/junit5904977822488283507/junit7980360250626082911/output.jar]
[loading /usr/lib/jvm/java-8-openjdk-amd64/jre/lib/rt.jar(/java/lang/Object.class)]
[checking Test]
[loading /usr/lib/jvm/java-8-openjdk-amd64/jre/lib/rt.jar(/java/io/Serializable.class)]
[loading /usr/lib/jvm/java-8-openjdk-amd64/jre/lib/rt.jar(/java/lang/AutoCloseable.class)]
[loading /tmp/junit5904977822488283507/junit391038007558070692/output.jar(/lib/Derived.class)]
[loading /tmp/junit5904977822488283507/junit7980360250626082911/output.jar(/lib/Base.class)]
[loading /usr/lib/jvm/java-8-openjdk-amd64/jre/lib/rt.jar(/javax/annotation/Generated.class)]
[loading /usr/lib/jvm/java-8-openjdk-amd64/jre/lib/rt.jar(/java/lang/annotation/Retention.class)]
[loading /usr/lib/jvm/java-8-openjdk-amd64/jre/lib/rt.jar(/java/lang/annotation/RetentionPolicy.class)]
[loading /usr/lib/jvm/java-8-openjdk-amd64/jre/lib/rt.jar(/java/lang/annotation/Target.class)]
[loading /usr/lib/jvm/java-8-openjdk-amd64/jre/lib/rt.jar(/java/lang/annotation/ElementType.class)]
[loading /root/./workspace/google/error-prone/389479487/.m2/com/google/errorprone/javac/9+181-r4173-1/javac-9+181-r4173-1.jar(/javax/annotation/processing/Generated.class)]
[total 26ms]
: /tmp/junit5904977822488283507/junit5788539035307312352/Test.java:5: error: [SampleChecker] lib.Derived#g() is not available in lib.Derived
    new Derived().g();
                 ^
    (see https://errorprone.info/bugpattern/SampleChecker.md) (<false>) was expected to be true, but was false
	at com.google.errorprone.bugpatterns.apidiff.ApiDiffCheckerTest.newDerivedMethod(ApiDiffCheckerTest.java:134)
]]></failure>
    <system-err><![CDATA[[B@4b5a5ed1
]]></system-err>
  </testcase>
  <testcase name="movedToSuperMethodFromMiddle" classname="com.google.errorprone.bugpatterns.apidiff.ApiDiffCheckerTest" time="0.189">
    <failure message="Compilation failed unexpectedly: [parsing started SimpleFileObject[/tmp/junit7120268782747268653/junit3346224424731120933/Test.java]]&#10;[parsing completed 1ms]&#10;[search path for source files: ]&#10;[search path for class files: /root/./workspace/google/error-prone/389479487/.m2/com/google/errorprone/javac/9+181-r4173-1/javac-9+181-r4173-1.jar,/usr/lib/jvm/java-8-openjdk-amd64/jre/lib/resources.jar,/usr/lib/jvm/java-8-openjdk-amd64/jre/lib/rt.jar,/usr/lib/jvm/java-8-openjdk-amd64/jre/lib/sunrsasign.jar,/usr/lib/jvm/java-8-openjdk-amd64/jre/lib/jsse.jar,/usr/lib/jvm/java-8-openjdk-amd64/jre/lib/jce.jar,/usr/lib/jvm/java-8-openjdk-amd64/jre/lib/charsets.jar,/usr/lib/jvm/java-8-openjdk-amd64/jre/lib/jfr.jar,/usr/lib/jvm/java-8-openjdk-amd64/jre/classes,/usr/lib/jvm/java-8-openjdk-amd64/jre/lib/ext/cldrdata.jar,/usr/lib/jvm/java-8-openjdk-amd64/jre/lib/ext/dnsns.jar,/usr/lib/jvm/java-8-openjdk-amd64/jre/lib/ext/icedtea-sound.jar,/usr/lib/jvm/java-8-openjdk-amd64/jre/lib/ext/jaccess.jar,/usr/lib/jvm/java-8-openjdk-amd64/jre/lib/ext/java-atk-wrapper.jar,/usr/lib/jvm/java-8-openjdk-amd64/jre/lib/ext/localedata.jar,/usr/lib/jvm/java-8-openjdk-amd64/jre/lib/ext/nashorn.jar,/usr/lib/jvm/java-8-openjdk-amd64/jre/lib/ext/sunec.jar,/usr/lib/jvm/java-8-openjdk-amd64/jre/lib/ext/sunjce_provider.jar,/usr/lib/jvm/java-8-openjdk-amd64/jre/lib/ext/sunpkcs11.jar,/usr/lib/jvm/java-8-openjdk-amd64/jre/lib/ext/zipfs.jar,/tmp/junit7120268782747268653/junit2998783110672328968/output.jar]&#10;[loading /usr/lib/jvm/java-8-openjdk-amd64/jre/lib/rt.jar(/java/lang/Object.class)]&#10;[loading /tmp/junit7120268782747268653/junit2998783110672328968/output.jar(/lib/C.class)]&#10;[checking Test]&#10;[loading /usr/lib/jvm/java-8-openjdk-amd64/jre/lib/rt.jar(/java/io/Serializable.class)]&#10;[loading /usr/lib/jvm/java-8-openjdk-amd64/jre/lib/rt.jar(/java/lang/AutoCloseable.class)]&#10;[loading /usr/lib/jvm/java-8-openjdk-amd64/jre/lib/rt.jar(/java/lang/Deprecated.class)]&#10;[loading /usr/lib/jvm/java-8-openjdk-amd64/jre/lib/rt.jar(/java/lang/annotation/Retention.class)]&#10;[loading /usr/lib/jvm/java-8-openjdk-amd64/jre/lib/rt.jar(/java/lang/annotation/RetentionPolicy.class)]&#10;[loading /usr/lib/jvm/java-8-openjdk-amd64/jre/lib/rt.jar(/java/lang/annotation/Target.class)]&#10;[loading /usr/lib/jvm/java-8-openjdk-amd64/jre/lib/rt.jar(/java/lang/annotation/ElementType.class)]&#10;[loading /tmp/junit7120268782747268653/junit2998783110672328968/output.jar(/lib/B.class)]&#10;[loading /tmp/junit7120268782747268653/junit2998783110672328968/output.jar(/lib/A.class)]&#10;[loading /usr/lib/jvm/java-8-openjdk-amd64/jre/lib/rt.jar(/javax/annotation/Generated.class)]&#10;[loading /root/./workspace/google/error-prone/389479487/.m2/com/google/errorprone/javac/9+181-r4173-1/javac-9+181-r4173-1.jar(/javax/annotation/processing/Generated.class)]&#10;[total 17ms]&#10;: /tmp/junit7120268782747268653/junit3346224424731120933/Test.java:4: error: [SampleChecker] lib.A#f() is not available in lib.C&#10;    c.f();&#10;     ^&#10;    (see https://errorprone.info/bugpattern/SampleChecker.md) (&lt;false&gt;) was expected to be true, but was false" type="java.lang.AssertionError"><![CDATA[java.lang.AssertionError: 
Compilation failed unexpectedly: [parsing started SimpleFileObject[/tmp/junit7120268782747268653/junit3346224424731120933/Test.java]]
[parsing completed 1ms]
[search path for source files: ]
[search path for class files: /root/./workspace/google/error-prone/389479487/.m2/com/google/errorprone/javac/9+181-r4173-1/javac-9+181-r4173-1.jar,/usr/lib/jvm/java-8-openjdk-amd64/jre/lib/resources.jar,/usr/lib/jvm/java-8-openjdk-amd64/jre/lib/rt.jar,/usr/lib/jvm/java-8-openjdk-amd64/jre/lib/sunrsasign.jar,/usr/lib/jvm/java-8-openjdk-amd64/jre/lib/jsse.jar,/usr/lib/jvm/java-8-openjdk-amd64/jre/lib/jce.jar,/usr/lib/jvm/java-8-openjdk-amd64/jre/lib/charsets.jar,/usr/lib/jvm/java-8-openjdk-amd64/jre/lib/jfr.jar,/usr/lib/jvm/java-8-openjdk-amd64/jre/classes,/usr/lib/jvm/java-8-openjdk-amd64/jre/lib/ext/cldrdata.jar,/usr/lib/jvm/java-8-openjdk-amd64/jre/lib/ext/dnsns.jar,/usr/lib/jvm/java-8-openjdk-amd64/jre/lib/ext/icedtea-sound.jar,/usr/lib/jvm/java-8-openjdk-amd64/jre/lib/ext/jaccess.jar,/usr/lib/jvm/java-8-openjdk-amd64/jre/lib/ext/java-atk-wrapper.jar,/usr/lib/jvm/java-8-openjdk-amd64/jre/lib/ext/localedata.jar,/usr/lib/jvm/java-8-openjdk-amd64/jre/lib/ext/nashorn.jar,/usr/lib/jvm/java-8-openjdk-amd64/jre/lib/ext/sunec.jar,/usr/lib/jvm/java-8-openjdk-amd64/jre/lib/ext/sunjce_provider.jar,/usr/lib/jvm/java-8-openjdk-amd64/jre/lib/ext/sunpkcs11.jar,/usr/lib/jvm/java-8-openjdk-amd64/jre/lib/ext/zipfs.jar,/tmp/junit7120268782747268653/junit2998783110672328968/output.jar]
[loading /usr/lib/jvm/java-8-openjdk-amd64/jre/lib/rt.jar(/java/lang/Object.class)]
[loading /tmp/junit7120268782747268653/junit2998783110672328968/output.jar(/lib/C.class)]
[checking Test]
[loading /usr/lib/jvm/java-8-openjdk-amd64/jre/lib/rt.jar(/java/io/Serializable.class)]
[loading /usr/lib/jvm/java-8-openjdk-amd64/jre/lib/rt.jar(/java/lang/AutoCloseable.class)]
[loading /usr/lib/jvm/java-8-openjdk-amd64/jre/lib/rt.jar(/java/lang/Deprecated.class)]
[loading /usr/lib/jvm/java-8-openjdk-amd64/jre/lib/rt.jar(/java/lang/annotation/Retention.class)]
[loading /usr/lib/jvm/java-8-openjdk-amd64/jre/lib/rt.jar(/java/lang/annotation/RetentionPolicy.class)]
[loading /usr/lib/jvm/java-8-openjdk-amd64/jre/lib/rt.jar(/java/lang/annotation/Target.class)]
[loading /usr/lib/jvm/java-8-openjdk-amd64/jre/lib/rt.jar(/java/lang/annotation/ElementType.class)]
[loading /tmp/junit7120268782747268653/junit2998783110672328968/output.jar(/lib/B.class)]
[loading /tmp/junit7120268782747268653/junit2998783110672328968/output.jar(/lib/A.class)]
[loading /usr/lib/jvm/java-8-openjdk-amd64/jre/lib/rt.jar(/javax/annotation/Generated.class)]
[loading /root/./workspace/google/error-prone/389479487/.m2/com/google/errorprone/javac/9+181-r4173-1/javac-9+181-r4173-1.jar(/javax/annotation/processing/Generated.class)]
[total 17ms]
: /tmp/junit7120268782747268653/junit3346224424731120933/Test.java:4: error: [SampleChecker] lib.A#f() is not available in lib.C
    c.f();
     ^
    (see https://errorprone.info/bugpattern/SampleChecker.md) (<false>) was expected to be true, but was false
	at com.google.errorprone.bugpatterns.apidiff.ApiDiffCheckerTest.movedToSuperMethodFromMiddle(ApiDiffCheckerTest.java:328)
]]></failure>
    <system-err><![CDATA[[B@79924b
]]></system-err>
  </testcase>
  <testcase name="addedSuperAndMethod" classname="com.google.errorprone.bugpatterns.apidiff.ApiDiffCheckerTest" time="0.185"/>
  <testcase name="movedMethodToNewSuper" classname="com.google.errorprone.bugpatterns.apidiff.ApiDiffCheckerTest" time="0.128"/>
</testsuite>