<?xml version="1.0" encoding="UTF-8"?>
<testsuite name="io.atomix.core.queue.impl.PrimaryBackupWorkQueueTest" time="0.826" tests="1" errors="1" skipped="0" failures="0">
  <properties>
    <property name="java.runtime.name" value="OpenJDK Runtime Environment"/>
    <property name="sun.boot.library.path" value="/usr/lib/jvm/java-8-openjdk-amd64/jre/lib/amd64"/>
    <property name="java.vm.version" value="25.121-b13"/>
    <property name="java.vm.vendor" value="Oracle Corporation"/>
    <property name="maven.multiModuleProjectDirectory" value="/root/workspace/atomix/atomix/390624982"/>
    <property name="java.vendor.url" value="http://java.oracle.com/"/>
    <property name="path.separator" value=":"/>
    <property name="guice.disable.misplaced.annotation.check" value="true"/>
    <property name="skip.gulp" value="true"/>
    <property name="java.vm.name" value="OpenJDK 64-Bit Server VM"/>
    <property name="file.encoding.pkg" value="sun.io"/>
    <property name="sun.java.launcher" value="SUN_STANDARD"/>
    <property name="sun.os.patch.level" value="unknown"/>
    <property name="findbugs.skip" value="true"/>
    <property name="java.vm.specification.name" value="Java Virtual Machine Specification"/>
    <property name="user.dir" value="/root/workspace/atomix/atomix/390624982"/>
    <property name="checkstyle.skip" value="true"/>
    <property name="java.runtime.version" value="1.8.0_121-8u121-b13-1~bpo8+1-b13"/>
    <property name="java.awt.graphicsenv" value="sun.awt.X11GraphicsEnvironment"/>
    <property name="skip.npm" value="true"/>
    <property name="java.endorsed.dirs" value="/usr/lib/jvm/java-8-openjdk-amd64/jre/lib/endorsed"/>
    <property name="os.arch" value="amd64"/>
    <property name="java.io.tmpdir" value="/tmp"/>
    <property name="gpg.skip" value="true"/>
    <property name="line.separator" value="&#10;"/>
    <property name="java.vm.specification.vendor" value="Oracle Corporation"/>
    <property name="cobertura.skip" value="true"/>
    <property name="os.name" value="Linux"/>
    <property name="classworlds.conf" value="/usr/share/maven/bin/m2.conf"/>
    <property name="sun.jnu.encoding" value="UTF-8"/>
    <property name="java.library.path" value="/usr/java/packages/lib/amd64:/usr/lib/x86_64-linux-gnu/jni:/lib/x86_64-linux-gnu:/usr/lib/x86_64-linux-gnu:/usr/lib/jni:/lib:/usr/lib"/>
    <property name="license.skip" value="true"/>
    <property name="java.specification.name" value="Java Platform API Specification"/>
    <property name="java.class.version" value="52.0"/>
    <property name="sun.management.compiler" value="HotSpot 64-Bit Tiered Compilers"/>
    <property name="skip.bower" value="true"/>
    <property name="maven.repo.local" value="/root/./workspace/atomix/atomix/390624982/.m2"/>
    <property name="os.version" value="3.10.0-862.3.2.el7.x86_64"/>
    <property name="user.home" value="/root"/>
    <property name="user.timezone" value="Europe/Paris"/>
    <property name="java.awt.printerjob" value="sun.print.PSPrinterJob"/>
    <property name="java.specification.version" value="1.8"/>
    <property name="file.encoding" value="UTF-8"/>
    <property name="user.name" value="root"/>
    <property name="java.class.path" value="/usr/share/maven/boot/plexus-classworlds-2.5.2.jar"/>
    <property name="skipITs" value="true"/>
    <property name="java.vm.specification.version" value="1.8"/>
    <property name="sun.arch.data.model" value="64"/>
    <property name="java.home" value="/usr/lib/jvm/java-8-openjdk-amd64/jre"/>
    <property name="sun.java.command" value="org.codehaus.plexus.classworlds.launcher.Launcher -B -D enforcer.skip=true -D dependency-check.skip=true -D skipITs=true -D cobertura.skip=true -D maven.repo.local=/root/./workspace/atomix/atomix/390624982/.m2 -D rat.skip=true -D findbugs.skip=true -D skip.bower=true -D gpg.skip=true -D checkstyle.skip=true -D skip.gulp=true -D license.skip=true -D skip.npm=true test"/>
    <property name="java.specification.vendor" value="Oracle Corporation"/>
    <property name="user.language" value="en"/>
    <property name="awt.toolkit" value="sun.awt.X11.XToolkit"/>
    <property name="dependency-check.skip" value="true"/>
    <property name="java.vm.info" value="mixed mode"/>
    <property name="java.version" value="1.8.0_121"/>
    <property name="java.ext.dirs" value="/usr/lib/jvm/java-8-openjdk-amd64/jre/lib/ext:/usr/java/packages/lib/ext"/>
    <property name="securerandom.source" value="file:/dev/./urandom"/>
    <property name="sun.boot.class.path" value="/usr/lib/jvm/java-8-openjdk-amd64/jre/lib/resources.jar:/usr/lib/jvm/java-8-openjdk-amd64/jre/lib/rt.jar:/usr/lib/jvm/java-8-openjdk-amd64/jre/lib/sunrsasign.jar:/usr/lib/jvm/java-8-openjdk-amd64/jre/lib/jsse.jar:/usr/lib/jvm/java-8-openjdk-amd64/jre/lib/jce.jar:/usr/lib/jvm/java-8-openjdk-amd64/jre/lib/charsets.jar:/usr/lib/jvm/java-8-openjdk-amd64/jre/lib/jfr.jar:/usr/lib/jvm/java-8-openjdk-amd64/jre/classes"/>
    <property name="java.vendor" value="Oracle Corporation"/>
    <property name="enforcer.skip" value="true"/>
    <property name="rat.skip" value="true"/>
    <property name="maven.home" value="/usr/share/maven"/>
    <property name="file.separator" value="/"/>
    <property name="java.vendor.url.bug" value="http://bugreport.sun.com/bugreport/"/>
    <property name="sun.cpu.endian" value="little"/>
    <property name="sun.io.unicode.encoding" value="UnicodeLittle"/>
    <property name="sun.cpu.isalist" value=""/>
  </properties>
  <testcase name="io.atomix.core.queue.impl.PrimaryBackupWorkQueueTest" classname="io.atomix.core.queue.impl.PrimaryBackupWorkQueueTest" time="0.826">
    <error message="io.netty.channel.unix.Errors$NativeIoException: bind(..) failed: Address already in use" type="java.util.concurrent.ExecutionException">java.util.concurrent.ExecutionException: io.netty.channel.unix.Errors$NativeIoException: bind(..) failed: Address already in use
	at io.netty.channel.unix.Errors.newIOException(Errors.java:122)
	at io.netty.channel.unix.Socket.bind(Socket.java:287)
	at io.netty.channel.epoll.AbstractEpollChannel.doBind(AbstractEpollChannel.java:688)
	at io.netty.channel.epoll.EpollServerSocketChannel.doBind(EpollServerSocketChannel.java:70)
	at io.netty.channel.AbstractChannel$AbstractUnsafe.bind(AbstractChannel.java:558)
	at io.netty.channel.DefaultChannelPipeline$HeadContext.bind(DefaultChannelPipeline.java:1358)
	at io.netty.channel.AbstractChannelHandlerContext.invokeBind(AbstractChannelHandlerContext.java:501)
	at io.netty.channel.AbstractChannelHandlerContext.bind(AbstractChannelHandlerContext.java:486)
	at io.netty.channel.DefaultChannelPipeline.bind(DefaultChannelPipeline.java:1019)
	at io.netty.channel.AbstractChannel.bind(AbstractChannel.java:254)
	at io.netty.bootstrap.AbstractBootstrap$2.run(AbstractBootstrap.java:366)
	at io.netty.util.concurrent.AbstractEventExecutor.safeExecute(AbstractEventExecutor.java:163)
	at io.netty.util.concurrent.SingleThreadEventExecutor.runAllTasks(SingleThreadEventExecutor.java:404)
	at io.netty.channel.epoll.EpollEventLoop.run(EpollEventLoop.java:309)
	at io.netty.util.concurrent.SingleThreadEventExecutor$5.run(SingleThreadEventExecutor.java:884)
	at java.lang.Thread.run(Thread.java:745)
</error>
    <system-out>09:44:46.950 [main] WARN  i.a.c.m.impl.NettyMessagingService - Disabling TLS for intra-cluster messaging; Could not load cluster key store: ../config/atomix.jks (No such file or directory)
09:44:46.952 [main] WARN  i.a.c.m.impl.NettyMessagingService - Disabling TLS for intra-cluster messaging; Could not load cluster key store: ../config/atomix.jks (No such file or directory)
09:44:46.953 [netty-messaging-event-epoll-server-0] WARN  i.a.c.m.impl.NettyMessagingService - localhost/127.0.0.1 failed to bind to port 5001 due to {}
io.netty.channel.unix.Errors$NativeIoException: bind(..) failed: Address already in use
	at io.netty.channel.unix.Errors.newIOException(Errors.java:122) ~[netty-transport-native-unix-common-4.1.24.Final.jar:4.1.24.Final]
	at io.netty.channel.unix.Socket.bind(Socket.java:287) ~[netty-transport-native-unix-common-4.1.24.Final.jar:4.1.24.Final]
	at io.netty.channel.epoll.AbstractEpollChannel.doBind(AbstractEpollChannel.java:688) ~[netty-transport-native-epoll-4.1.24.Final-linux-x86_64.jar:4.1.24.Final]
	at io.netty.channel.epoll.EpollServerSocketChannel.doBind(EpollServerSocketChannel.java:70) ~[netty-transport-native-epoll-4.1.24.Final-linux-x86_64.jar:4.1.24.Final]
	at io.netty.channel.AbstractChannel$AbstractUnsafe.bind(AbstractChannel.java:558) ~[netty-transport-4.1.24.Final.jar:4.1.24.Final]
	at io.netty.channel.DefaultChannelPipeline$HeadContext.bind(DefaultChannelPipeline.java:1358) ~[netty-transport-4.1.24.Final.jar:4.1.24.Final]
	at io.netty.channel.AbstractChannelHandlerContext.invokeBind(AbstractChannelHandlerContext.java:501) ~[netty-transport-4.1.24.Final.jar:4.1.24.Final]
	at io.netty.channel.AbstractChannelHandlerContext.bind(AbstractChannelHandlerContext.java:486) ~[netty-transport-4.1.24.Final.jar:4.1.24.Final]
	at io.netty.channel.DefaultChannelPipeline.bind(DefaultChannelPipeline.java:1019) ~[netty-transport-4.1.24.Final.jar:4.1.24.Final]
	at io.netty.channel.AbstractChannel.bind(AbstractChannel.java:254) ~[netty-transport-4.1.24.Final.jar:4.1.24.Final]
	at io.netty.bootstrap.AbstractBootstrap$2.run(AbstractBootstrap.java:366) ~[netty-transport-4.1.24.Final.jar:4.1.24.Final]
	at io.netty.util.concurrent.AbstractEventExecutor.safeExecute(AbstractEventExecutor.java:163) ~[netty-common-4.1.24.Final.jar:4.1.24.Final]
	at io.netty.util.concurrent.SingleThreadEventExecutor.runAllTasks(SingleThreadEventExecutor.java:404) ~[netty-common-4.1.24.Final.jar:4.1.24.Final]
	at io.netty.channel.epoll.EpollEventLoop.run(EpollEventLoop.java:309) ~[netty-transport-native-epoll-4.1.24.Final-linux-x86_64.jar:4.1.24.Final]
	at io.netty.util.concurrent.SingleThreadEventExecutor$5.run(SingleThreadEventExecutor.java:884) ~[netty-common-4.1.24.Final.jar:4.1.24.Final]
	at java.lang.Thread.run(Thread.java:745) ~[na:1.8.0_121]
09:44:46.955 [main] WARN  i.a.c.m.impl.NettyMessagingService - Disabling TLS for intra-cluster messaging; Could not load cluster key store: ../config/atomix.jks (No such file or directory)
09:44:46.956 [netty-messaging-event-epoll-server-0] WARN  i.a.c.m.impl.NettyMessagingService - localhost/127.0.0.1 failed to bind to port 5002 due to {}
io.netty.channel.unix.Errors$NativeIoException: bind(..) failed: Address already in use
	at io.netty.channel.unix.Errors.newIOException(Errors.java:122) ~[netty-transport-native-unix-common-4.1.24.Final.jar:4.1.24.Final]
	at io.netty.channel.unix.Socket.bind(Socket.java:287) ~[netty-transport-native-unix-common-4.1.24.Final.jar:4.1.24.Final]
	at io.netty.channel.epoll.AbstractEpollChannel.doBind(AbstractEpollChannel.java:688) ~[netty-transport-native-epoll-4.1.24.Final-linux-x86_64.jar:4.1.24.Final]
	at io.netty.channel.epoll.EpollServerSocketChannel.doBind(EpollServerSocketChannel.java:70) ~[netty-transport-native-epoll-4.1.24.Final-linux-x86_64.jar:4.1.24.Final]
	at io.netty.channel.AbstractChannel$AbstractUnsafe.bind(AbstractChannel.java:558) ~[netty-transport-4.1.24.Final.jar:4.1.24.Final]
	at io.netty.channel.DefaultChannelPipeline$HeadContext.bind(DefaultChannelPipeline.java:1358) ~[netty-transport-4.1.24.Final.jar:4.1.24.Final]
	at io.netty.channel.AbstractChannelHandlerContext.invokeBind(AbstractChannelHandlerContext.java:501) ~[netty-transport-4.1.24.Final.jar:4.1.24.Final]
	at io.netty.channel.AbstractChannelHandlerContext.bind(AbstractChannelHandlerContext.java:486) ~[netty-transport-4.1.24.Final.jar:4.1.24.Final]
	at io.netty.channel.DefaultChannelPipeline.bind(DefaultChannelPipeline.java:1019) ~[netty-transport-4.1.24.Final.jar:4.1.24.Final]
	at io.netty.channel.AbstractChannel.bind(AbstractChannel.java:254) ~[netty-transport-4.1.24.Final.jar:4.1.24.Final]
	at io.netty.bootstrap.AbstractBootstrap$2.run(AbstractBootstrap.java:366) ~[netty-transport-4.1.24.Final.jar:4.1.24.Final]
	at io.netty.util.concurrent.AbstractEventExecutor.safeExecute(AbstractEventExecutor.java:163) ~[netty-common-4.1.24.Final.jar:4.1.24.Final]
	at io.netty.util.concurrent.SingleThreadEventExecutor.runAllTasks(SingleThreadEventExecutor.java:404) ~[netty-common-4.1.24.Final.jar:4.1.24.Final]
	at io.netty.channel.epoll.EpollEventLoop.run(EpollEventLoop.java:309) ~[netty-transport-native-epoll-4.1.24.Final-linux-x86_64.jar:4.1.24.Final]
	at io.netty.util.concurrent.SingleThreadEventExecutor$5.run(SingleThreadEventExecutor.java:884) ~[netty-common-4.1.24.Final.jar:4.1.24.Final]
	at java.lang.Thread.run(Thread.java:745) ~[na:1.8.0_121]
09:44:46.958 [netty-messaging-event-epoll-server-0] WARN  i.a.c.m.impl.NettyMessagingService - localhost/127.0.0.1 failed to bind to port 5003 due to {}
io.netty.channel.unix.Errors$NativeIoException: bind(..) failed: Address already in use
	at io.netty.channel.unix.Errors.newIOException(Errors.java:122) ~[netty-transport-native-unix-common-4.1.24.Final.jar:4.1.24.Final]
	at io.netty.channel.unix.Socket.bind(Socket.java:287) ~[netty-transport-native-unix-common-4.1.24.Final.jar:4.1.24.Final]
	at io.netty.channel.epoll.AbstractEpollChannel.doBind(AbstractEpollChannel.java:688) ~[netty-transport-native-epoll-4.1.24.Final-linux-x86_64.jar:4.1.24.Final]
	at io.netty.channel.epoll.EpollServerSocketChannel.doBind(EpollServerSocketChannel.java:70) ~[netty-transport-native-epoll-4.1.24.Final-linux-x86_64.jar:4.1.24.Final]
	at io.netty.channel.AbstractChannel$AbstractUnsafe.bind(AbstractChannel.java:558) ~[netty-transport-4.1.24.Final.jar:4.1.24.Final]
	at io.netty.channel.DefaultChannelPipeline$HeadContext.bind(DefaultChannelPipeline.java:1358) ~[netty-transport-4.1.24.Final.jar:4.1.24.Final]
	at io.netty.channel.AbstractChannelHandlerContext.invokeBind(AbstractChannelHandlerContext.java:501) ~[netty-transport-4.1.24.Final.jar:4.1.24.Final]
	at io.netty.channel.AbstractChannelHandlerContext.bind(AbstractChannelHandlerContext.java:486) ~[netty-transport-4.1.24.Final.jar:4.1.24.Final]
	at io.netty.channel.DefaultChannelPipeline.bind(DefaultChannelPipeline.java:1019) ~[netty-transport-4.1.24.Final.jar:4.1.24.Final]
	at io.netty.channel.AbstractChannel.bind(AbstractChannel.java:254) ~[netty-transport-4.1.24.Final.jar:4.1.24.Final]
	at io.netty.bootstrap.AbstractBootstrap$2.run(AbstractBootstrap.java:366) ~[netty-transport-4.1.24.Final.jar:4.1.24.Final]
	at io.netty.util.concurrent.AbstractEventExecutor.safeExecute(AbstractEventExecutor.java:163) ~[netty-common-4.1.24.Final.jar:4.1.24.Final]
	at io.netty.util.concurrent.SingleThreadEventExecutor.runAllTasks(SingleThreadEventExecutor.java:404) ~[netty-common-4.1.24.Final.jar:4.1.24.Final]
	at io.netty.channel.epoll.EpollEventLoop.run(EpollEventLoop.java:309) ~[netty-transport-native-epoll-4.1.24.Final-linux-x86_64.jar:4.1.24.Final]
	at io.netty.util.concurrent.SingleThreadEventExecutor$5.run(SingleThreadEventExecutor.java:884) ~[netty-common-4.1.24.Final.jar:4.1.24.Final]
	at java.lang.Thread.run(Thread.java:745) ~[na:1.8.0_121]
09:44:46.959 [main] INFO  i.a.core.impl.CorePrimitivesService - Stopped
09:44:46.959 [main] INFO  i.a.core.impl.CorePrimitivesService - Stopped
09:44:46.959 [atomix-0] WARN  i.a.utils.event.ListenerRegistry - Listener io.atomix.primitive.partition.impl.DefaultPartitionService$$Lambda$30/168366@2a1da195 not registered
09:44:46.959 [atomix-0] WARN  i.a.utils.event.ListenerRegistry - Listener io.atomix.primitive.partition.impl.DefaultPartitionService$$Lambda$30/168366@36c8d17f not registered
09:44:46.959 [atomix-0] INFO  i.a.p.r.partition.RaftPartitionGroup - Stopped
09:44:46.959 [atomix-0] INFO  i.a.p.r.partition.RaftPartitionGroup - Stopped
09:44:46.959 [atomix-0] INFO  i.a.p.b.p.PrimaryBackupPartitionGroup - Stopped
09:44:46.959 [main] INFO  i.a.core.impl.CorePrimitivesService - Stopped
09:44:46.959 [atomix-0] INFO  i.a.p.b.p.PrimaryBackupPartitionGroup - Stopped
09:44:46.959 [atomix-0] INFO  i.a.p.r.partition.RaftPartitionGroup - Stopped
09:44:46.959 [atomix-0] INFO  i.a.p.r.partition.RaftPartitionGroup - Stopped
09:44:46.960 [atomix-0] WARN  i.a.utils.event.ListenerRegistry - Listener io.atomix.primitive.partition.impl.DefaultPartitionService$$Lambda$30/168366@34f2daba not registered
09:44:46.960 [atomix-0] WARN  i.a.utils.event.ListenerRegistry - Listener io.atomix.primitive.partition.impl.DefaultPartitionGroupMembershipService$$Lambda$31/49752459@380f39d6 not registered
09:44:46.960 [atomix-0] WARN  i.a.utils.event.ListenerRegistry - Listener io.atomix.primitive.partition.impl.DefaultPartitionGroupMembershipService$$Lambda$31/49752459@24da4aa6 not registered
09:44:46.961 [atomix-0] INFO  i.a.p.r.partition.RaftPartitionGroup - Stopped
09:44:46.961 [atomix-0] INFO  i.a.p.p.i.DefaultPartitionGroupMembershipService - Stopped
09:44:46.961 [atomix-0] INFO  i.a.p.p.i.DefaultPartitionGroupMembershipService - Stopped
09:44:46.961 [atomix-0] INFO  i.a.p.p.impl.DefaultPartitionService - Stopped
09:44:46.961 [atomix-0] INFO  i.a.p.p.impl.DefaultPartitionService - Stopped
09:44:46.961 [atomix-0] INFO  i.a.p.b.p.PrimaryBackupPartitionGroup - Stopped
09:44:46.961 [atomix-0] INFO  i.a.p.r.partition.RaftPartitionGroup - Stopped
09:44:46.961 [atomix-cluster-0] INFO  io.atomix.cluster.AtomixCluster - Stopped
09:44:46.961 [atomix-cluster-0] INFO  io.atomix.cluster.AtomixCluster - Stopped
09:44:46.961 [atomix-0] WARN  i.a.utils.event.ListenerRegistry - Listener io.atomix.primitive.partition.impl.DefaultPartitionGroupMembershipService$$Lambda$31/49752459@3a353254 not registered
09:44:46.961 [atomix-0] INFO  i.a.p.p.i.DefaultPartitionGroupMembershipService - Stopped
09:44:46.961 [atomix-0] INFO  i.a.p.p.impl.DefaultPartitionService - Stopped
09:44:46.961 [atomix-cluster-0] INFO  io.atomix.cluster.AtomixCluster - Stopped
</system-out>
  </testcase>
</testsuite>