<?xml version="1.0" encoding="UTF-8"?>
<!-- Generated by org.testng.reporters.JUnitReportReporter -->
<testsuite skipped="0" hostname="cyclone1" name="org.chocosolver.util.ESatTest" tests="1" failures="0" timestamp="26 May 2018 19:10:34 GMT" time="0.001" errors="0">
  <testcase name="testESat" time="0.001" classname="org.chocosolver.util.ESatTest"/>
</testsuite> <!-- org.chocosolver.util.ESatTest -->
