<?xml version="1.0" encoding="UTF-8"?>
<!-- Generated by org.testng.reporters.JUnitReportReporter -->
<testsuite skipped="0" hostname="cyclone1" name="org.chocosolver.solver.constraints.nary.BoolsIntChannelingTest" tests="32" failures="0" timestamp="26 May 2018 19:10:34 GMT" time="0.017" errors="0">
  <testcase name="testTwoTrue" time="0.001" classname="org.chocosolver.solver.constraints.nary.BoolsIntChannelingTest"/>
  <testcase name="testTwoTrue" time="0.000" classname="org.chocosolver.solver.constraints.nary.BoolsIntChannelingTest"/>
  <testcase name="testDifferentDomains" time="0.000" classname="org.chocosolver.solver.constraints.nary.BoolsIntChannelingTest"/>
  <testcase name="testAllFalse" time="0.001" classname="org.chocosolver.solver.constraints.nary.BoolsIntChannelingTest"/>
  <testcase name="testEmptyArray" time="0.000" classname="org.chocosolver.solver.constraints.nary.BoolsIntChannelingTest"/>
  <testcase name="testEmptyArray" time="0.001" classname="org.chocosolver.solver.constraints.nary.BoolsIntChannelingTest"/>
  <testcase name="testDifferentDomains" time="0.001" classname="org.chocosolver.solver.constraints.nary.BoolsIntChannelingTest"/>
  <testcase name="testOutOfBoundsOK" time="0.000" classname="org.chocosolver.solver.constraints.nary.BoolsIntChannelingTest"/>
  <testcase name="testInstantiatedIndex" time="0.000" classname="org.chocosolver.solver.constraints.nary.BoolsIntChannelingTest"/>
  <testcase name="testInstantiatedIndex" time="0.000" classname="org.chocosolver.solver.constraints.nary.BoolsIntChannelingTest"/>
  <testcase name="testOutOfBoundsKO" time="0.000" classname="org.chocosolver.solver.constraints.nary.BoolsIntChannelingTest"/>
  <testcase name="testAllFalse" time="0.000" classname="org.chocosolver.solver.constraints.nary.BoolsIntChannelingTest"/>
  <testcase name="testNominal" time="0.001" classname="org.chocosolver.solver.constraints.nary.BoolsIntChannelingTest"/>
  <testcase name="testEmptyArray" time="0.000" classname="org.chocosolver.solver.constraints.nary.BoolsIntChannelingTest"/>
  <testcase name="testOutOfBoundsOK" time="0.001" classname="org.chocosolver.solver.constraints.nary.BoolsIntChannelingTest"/>
  <testcase name="testInstantiatedIndex" time="0.001" classname="org.chocosolver.solver.constraints.nary.BoolsIntChannelingTest"/>
  <testcase name="testNominal" time="0.001" classname="org.chocosolver.solver.constraints.nary.BoolsIntChannelingTest"/>
  <testcase name="testOutOfBoundsKO" time="0.001" classname="org.chocosolver.solver.constraints.nary.BoolsIntChannelingTest"/>
  <testcase name="testInstantiatedIndex" time="0.001" classname="org.chocosolver.solver.constraints.nary.BoolsIntChannelingTest"/>
  <testcase name="testAllFalse" time="0.001" classname="org.chocosolver.solver.constraints.nary.BoolsIntChannelingTest"/>
  <testcase name="testOutOfBoundsKO" time="0.001" classname="org.chocosolver.solver.constraints.nary.BoolsIntChannelingTest"/>
  <testcase name="testTwoTrue" time="0.000" classname="org.chocosolver.solver.constraints.nary.BoolsIntChannelingTest"/>
  <testcase name="testEmptyArray" time="0.001" classname="org.chocosolver.solver.constraints.nary.BoolsIntChannelingTest"/>
  <testcase name="testAllFalse" time="0.001" classname="org.chocosolver.solver.constraints.nary.BoolsIntChannelingTest"/>
  <testcase name="testDifferentDomains" time="0.000" classname="org.chocosolver.solver.constraints.nary.BoolsIntChannelingTest"/>
  <testcase name="testOutOfBoundsOK" time="0.001" classname="org.chocosolver.solver.constraints.nary.BoolsIntChannelingTest"/>
  <testcase name="testOutOfBoundsKO" time="0.000" classname="org.chocosolver.solver.constraints.nary.BoolsIntChannelingTest"/>
  <testcase name="testDifferentDomains" time="0.001" classname="org.chocosolver.solver.constraints.nary.BoolsIntChannelingTest"/>
  <testcase name="testOutOfBoundsOK" time="0.001" classname="org.chocosolver.solver.constraints.nary.BoolsIntChannelingTest"/>
  <testcase name="testTwoTrue" time="0.000" classname="org.chocosolver.solver.constraints.nary.BoolsIntChannelingTest"/>
  <testcase name="testNominal" time="0.000" classname="org.chocosolver.solver.constraints.nary.BoolsIntChannelingTest"/>
  <testcase name="testNominal" time="0.000" classname="org.chocosolver.solver.constraints.nary.BoolsIntChannelingTest"/>
</testsuite> <!-- org.chocosolver.solver.constraints.nary.BoolsIntChannelingTest -->
