<?xml version="1.0" encoding="UTF-8"?>
<!-- Generated by org.testng.reporters.JUnitReportReporter -->
<testsuite skipped="0" hostname="cyclone1" name="org.chocosolver.solver.search.strategy.strategy.ConflictOrderingSearchTest" tests="7" failures="0" timestamp="26 May 2018 19:10:34 GMT" time="0.209" errors="0">
  <testcase name="testStampIt1" time="0.001" classname="org.chocosolver.solver.search.strategy.strategy.ConflictOrderingSearchTest"/>
  <testcase name="testM2" time="0.001" classname="org.chocosolver.solver.search.strategy.strategy.ConflictOrderingSearchTest"/>
  <testcase name="testM1" time="0.002" classname="org.chocosolver.solver.search.strategy.strategy.ConflictOrderingSearchTest"/>
  <testcase name="testStampIt2" time="0.000" classname="org.chocosolver.solver.search.strategy.strategy.ConflictOrderingSearchTest"/>
  <testcase name="testStampIt3" time="0.093" classname="org.chocosolver.solver.search.strategy.strategy.ConflictOrderingSearchTest"/>
  <testcase name="cosTest" time="0.111" classname="org.chocosolver.solver.search.strategy.strategy.ConflictOrderingSearchTest"/>
  <testcase name="testfirstNotInst" time="0.001" classname="org.chocosolver.solver.search.strategy.strategy.ConflictOrderingSearchTest"/>
</testsuite> <!-- org.chocosolver.solver.search.strategy.strategy.ConflictOrderingSearchTest -->
