<?xml version="1.0" encoding="UTF-8"?>
<!-- Generated by org.testng.reporters.JUnitReportReporter -->
<testsuite skipped="0" hostname="cyclone1" name="org.chocosolver.util.objects.setDataStructures.nonbacktrackable.IntervalSetTest" tests="6" failures="0" timestamp="26 May 2018 19:10:34 GMT" time="0.004" errors="0">
  <testcase name="testIterator" time="0.001" classname="org.chocosolver.util.objects.setDataStructures.nonbacktrackable.IntervalSetTest"/>
  <testcase name="testSize" time="0.001" classname="org.chocosolver.util.objects.setDataStructures.nonbacktrackable.IntervalSetTest"/>
  <testcase name="testAdd" time="0.001" classname="org.chocosolver.util.objects.setDataStructures.nonbacktrackable.IntervalSetTest"/>
  <testcase name="testClear" time="0.000" classname="org.chocosolver.util.objects.setDataStructures.nonbacktrackable.IntervalSetTest"/>
  <testcase name="testAddFalse" time="0.000" classname="org.chocosolver.util.objects.setDataStructures.nonbacktrackable.IntervalSetTest"/>
  <testcase name="testRemove" time="0.001" classname="org.chocosolver.util.objects.setDataStructures.nonbacktrackable.IntervalSetTest"/>
</testsuite> <!-- org.chocosolver.util.objects.setDataStructures.nonbacktrackable.IntervalSetTest -->
