<?xml version="1.0" encoding="UTF-8"?>
<!-- Generated by org.testng.reporters.JUnitReportReporter -->
<testsuite skipped="0" hostname="cyclone1" name="org.chocosolver.solver.constraints.nary.ScalarTest" tests="8" failures="0" timestamp="26 May 2018 19:10:34 GMT" time="0.181" errors="0">
  <testcase name="testNominal" time="0.001" classname="org.chocosolver.solver.constraints.nary.ScalarTest"/>
  <testcase name="testNominalBoundedWithNegatives" time="0.033" classname="org.chocosolver.solver.constraints.nary.ScalarTest"/>
  <testcase name="testNominalBounded" time="0.001" classname="org.chocosolver.solver.constraints.nary.ScalarTest"/>
  <testcase name="testSameVariableSolution" time="0.000" classname="org.chocosolver.solver.constraints.nary.ScalarTest"/>
  <testcase name="testWithSumVariable" time="0.003" classname="org.chocosolver.solver.constraints.nary.ScalarTest"/>
  <testcase name="testSameVariableNoSolution" time="0.000" classname="org.chocosolver.solver.constraints.nary.ScalarTest"/>
  <testcase name="testCoeffAtZeroNoSolutions" time="0.000" classname="org.chocosolver.solver.constraints.nary.ScalarTest"/>
  <testcase name="testCoeffAtZeroSolutions" time="0.143" classname="org.chocosolver.solver.constraints.nary.ScalarTest"/>
</testsuite> <!-- org.chocosolver.solver.constraints.nary.ScalarTest -->
