<?xml version="1.0" encoding="UTF-8"?>
<!-- Generated by org.testng.reporters.JUnitReportReporter -->
<testsuite skipped="0" hostname="cyclone1" name="org.chocosolver.solver.search.loop.LNSTest" tests="9" failures="0" timestamp="26 May 2018 19:10:34 GMT" time="11.055" errors="0">
  <testcase name="test1" time="0.901" classname="org.chocosolver.solver.search.loop.LNSTest"/>
  <testcase name="test1" time="0.900" classname="org.chocosolver.solver.search.loop.LNSTest"/>
  <testcase name="testTOTO" time="0.101" classname="org.chocosolver.solver.search.loop.LNSTest"/>
  <testcase name="testPN1" time="5.538" classname="org.chocosolver.solver.search.loop.LNSTest"/>
  <testcase name="test1" time="0.903" classname="org.chocosolver.solver.search.loop.LNSTest"/>
  <testcase name="test1" time="0.902" classname="org.chocosolver.solver.search.loop.LNSTest"/>
  <testcase name="test1" time="0.904" classname="org.chocosolver.solver.search.loop.LNSTest"/>
  <testcase name="test1" time="0.004" classname="org.chocosolver.solver.search.loop.LNSTest"/>
  <testcase name="test1" time="0.902" classname="org.chocosolver.solver.search.loop.LNSTest"/>
</testsuite> <!-- org.chocosolver.solver.search.loop.LNSTest -->
