<?xml version="1.0" encoding="UTF-8"?>
<!-- Generated by org.testng.reporters.JUnitReportReporter -->
<testsuite skipped="0" hostname="cyclone1" name="org.chocosolver.solver.constraints.set.AtMost1EmptyTest" tests="4" failures="0" timestamp="26 May 2018 19:10:34 GMT" time="0.604" errors="0">
  <testcase name="testNoEmptySet" time="0.196" classname="org.chocosolver.solver.constraints.set.AtMost1EmptyTest"/>
  <testcase name="twoEmptySets" time="0.001" classname="org.chocosolver.solver.constraints.set.AtMost1EmptyTest"/>
  <testcase name="testOneEmptySet" time="0.180" classname="org.chocosolver.solver.constraints.set.AtMost1EmptyTest"/>
  <testcase name="testNominal" time="0.227" classname="org.chocosolver.solver.constraints.set.AtMost1EmptyTest"/>
</testsuite> <!-- org.chocosolver.solver.constraints.set.AtMost1EmptyTest -->
