<?xml version="1.0" encoding="UTF-8"?>
<!-- Generated by org.testng.reporters.JUnitReportReporter -->
<testsuite skipped="0" hostname="cyclone1" name="org.chocosolver.solver.constraints.nary.InverseChannelingTest" tests="17" failures="0" timestamp="26 May 2018 19:10:34 GMT" time="0.078" errors="0">
  <testcase name="testNominal" time="0.014" classname="org.chocosolver.solver.constraints.nary.InverseChannelingTest"/>
  <testcase name="testNoSolution" time="0.000" classname="org.chocosolver.solver.constraints.nary.InverseChannelingTest"/>
  <testcase name="testLengthsDiffer" time="0.000" classname="org.chocosolver.solver.constraints.nary.InverseChannelingTest"/>
  <testcase name="test00" time="0.003" classname="org.chocosolver.solver.constraints.nary.InverseChannelingTest"/>
  <testcase name="testNoSolution" time="0.001" classname="org.chocosolver.solver.constraints.nary.InverseChannelingTest"/>
  <testcase name="testNominal" time="0.007" classname="org.chocosolver.solver.constraints.nary.InverseChannelingTest"/>
  <testcase name="testDomainsFiltering" time="0.002" classname="org.chocosolver.solver.constraints.nary.InverseChannelingTest"/>
  <testcase name="testNominal" time="0.012" classname="org.chocosolver.solver.constraints.nary.InverseChannelingTest"/>
  <testcase name="testDomainsFiltering" time="0.002" classname="org.chocosolver.solver.constraints.nary.InverseChannelingTest"/>
  <testcase name="testNoSolution" time="0.000" classname="org.chocosolver.solver.constraints.nary.InverseChannelingTest"/>
  <testcase name="testLengthsDiffer" time="0.001" classname="org.chocosolver.solver.constraints.nary.InverseChannelingTest"/>
  <testcase name="testDomainsFiltering" time="0.000" classname="org.chocosolver.solver.constraints.nary.InverseChannelingTest"/>
  <testcase name="testNominal" time="0.032" classname="org.chocosolver.solver.constraints.nary.InverseChannelingTest"/>
  <testcase name="testLengthsDiffer" time="0.001" classname="org.chocosolver.solver.constraints.nary.InverseChannelingTest"/>
  <testcase name="testLengthsDiffer" time="0.001" classname="org.chocosolver.solver.constraints.nary.InverseChannelingTest"/>
  <testcase name="testNoSolution" time="0.001" classname="org.chocosolver.solver.constraints.nary.InverseChannelingTest"/>
  <testcase name="testDomainsFiltering" time="0.001" classname="org.chocosolver.solver.constraints.nary.InverseChannelingTest"/>
</testsuite> <!-- org.chocosolver.solver.constraints.nary.InverseChannelingTest -->
