<?xml version="1.0" encoding="UTF-8"?>
<!-- Generated by org.testng.reporters.JUnitReportReporter -->
<testsuite skipped="0" hostname="cyclone1" name="org.chocosolver.solver.search.loop.monitors.CPProfilerTest" tests="3" failures="0" timestamp="26 May 2018 19:10:34 GMT" time="32.407" errors="0">
  <testcase name="test3" time="32.298" classname="org.chocosolver.solver.search.loop.monitors.CPProfilerTest"/>
  <testcase name="test2" time="0.050" classname="org.chocosolver.solver.search.loop.monitors.CPProfilerTest"/>
  <testcase name="test1" time="0.059" classname="org.chocosolver.solver.search.loop.monitors.CPProfilerTest"/>
</testsuite> <!-- org.chocosolver.solver.search.loop.monitors.CPProfilerTest -->
