<?xml version="1.0" encoding="UTF-8"?>
<!-- Generated by org.testng.reporters.JUnitReportReporter -->
<testsuite skipped="0" hostname="cyclone1" name="org.chocosolver.solver.constraints.set.ElementTest" tests="2" failures="0" timestamp="26 May 2018 19:10:34 GMT" time="0.015" errors="0">
  <testcase name="testNominal" time="0.012" classname="org.chocosolver.solver.constraints.set.ElementTest"/>
  <testcase name="testFixedValues" time="0.003" classname="org.chocosolver.solver.constraints.set.ElementTest"/>
</testsuite> <!-- org.chocosolver.solver.constraints.set.ElementTest -->
