<?xml version="1.0" encoding="UTF-8"?>
<!-- Generated by org.testng.reporters.JUnitReportReporter -->
<testsuite skipped="0" hostname="cyclone1" name="org.chocosolver.solver.LimitsTest" tests="6" failures="0" timestamp="26 May 2018 19:10:34 GMT" time="0.592" errors="0">
  <testcase name="testNode" time="0.003" classname="org.chocosolver.solver.LimitsTest"/>
  <testcase name="durationTest" time="0.001" classname="org.chocosolver.solver.LimitsTest"/>
  <testcase name="testTime" time="0.501" classname="org.chocosolver.solver.LimitsTest"/>
  <testcase name="testFail" time="0.003" classname="org.chocosolver.solver.LimitsTest"/>
  <testcase name="testSolution" time="0.042" classname="org.chocosolver.solver.LimitsTest"/>
  <testcase name="testBacktrack" time="0.042" classname="org.chocosolver.solver.LimitsTest"/>
</testsuite> <!-- org.chocosolver.solver.LimitsTest -->
