<?xml version="1.0" encoding="UTF-8"?>
<!-- Generated by org.testng.reporters.JUnitReportReporter -->
<testsuite skipped="0" hostname="cyclone1" name="org.chocosolver.solver.constraints.ternary.DistanceGETest" tests="2" failures="0" timestamp="26 May 2018 19:10:34 GMT" time="1.831" errors="0">
  <testcase name="test1" time="1.830" classname="org.chocosolver.solver.constraints.ternary.DistanceGETest"/>
  <testcase name="test2" time="0.001" classname="org.chocosolver.solver.constraints.ternary.DistanceGETest"/>
</testsuite> <!-- org.chocosolver.solver.constraints.ternary.DistanceGETest -->
