<?xml version="1.0" encoding="UTF-8"?>
<!-- Generated by org.testng.reporters.JUnitReportReporter -->
<testsuite skipped="0" hostname="cyclone1" name="org.chocosolver.solver.constraints.nary.BitsIntChannelingTest" tests="8" failures="0" timestamp="26 May 2018 19:10:34 GMT" time="0.024" errors="0">
  <testcase name="testOneUnknownBit" time="0.001" classname="org.chocosolver.solver.constraints.nary.BitsIntChannelingTest"/>
  <testcase name="testNotEnoughDigits" time="0.001" classname="org.chocosolver.solver.constraints.nary.BitsIntChannelingTest"/>
  <testcase name="testNominalReverse" time="0.001" classname="org.chocosolver.solver.constraints.nary.BitsIntChannelingTest"/>
  <testcase name="testTooSmallBound" time="0.000" classname="org.chocosolver.solver.constraints.nary.BitsIntChannelingTest"/>
  <testcase name="testEmptyArray" time="0.002" classname="org.chocosolver.solver.constraints.nary.BitsIntChannelingTest"/>
  <testcase name="testFree" time="0.017" classname="org.chocosolver.solver.constraints.nary.BitsIntChannelingTest"/>
  <testcase name="testNominal" time="0.001" classname="org.chocosolver.solver.constraints.nary.BitsIntChannelingTest"/>
  <testcase name="testNegativeValue" time="0.001" classname="org.chocosolver.solver.constraints.nary.BitsIntChannelingTest"/>
</testsuite> <!-- org.chocosolver.solver.constraints.nary.BitsIntChannelingTest -->
