<?xml version="1.0" encoding="UTF-8"?>
<!-- Generated by org.testng.reporters.JUnitReportReporter -->
<testsuite skipped="0" hostname="cyclone1" name="org.chocosolver.solver.constraints.nary.PathTest" tests="8" failures="0" timestamp="26 May 2018 19:10:34 GMT" time="0.013" errors="0">
  <testcase name="test4" time="0.001" classname="org.chocosolver.solver.constraints.nary.PathTest"/>
  <testcase name="test2" time="0.003" classname="org.chocosolver.solver.constraints.nary.PathTest"/>
  <testcase name="test4sub2" time="0.001" classname="org.chocosolver.solver.constraints.nary.PathTest"/>
  <testcase name="test3" time="0.001" classname="org.chocosolver.solver.constraints.nary.PathTest"/>
  <testcase name="test1" time="0.005" classname="org.chocosolver.solver.constraints.nary.PathTest"/>
  <testcase name="test5" time="0.000" classname="org.chocosolver.solver.constraints.nary.PathTest"/>
  <testcase name="test4sub" time="0.001" classname="org.chocosolver.solver.constraints.nary.PathTest"/>
  <testcase name="test2wrong" time="0.001" classname="org.chocosolver.solver.constraints.nary.PathTest"/>
</testsuite> <!-- org.chocosolver.solver.constraints.nary.PathTest -->
