<?xml version="1.0" encoding="UTF-8"?>
<!-- Generated by org.testng.reporters.JUnitReportReporter -->
<testsuite skipped="0" hostname="cyclone1" name="org.chocosolver.solver.constraints.nary.AmongTest" tests="5" failures="0" timestamp="26 May 2018 19:10:34 GMT" time="28.891" errors="0">
  <testcase name="test4" time="0.002" classname="org.chocosolver.solver.constraints.nary.AmongTest"/>
  <testcase name="testRandomProblems2" time="23.988" classname="org.chocosolver.solver.constraints.nary.AmongTest"/>
  <testcase name="test3" time="0.031" classname="org.chocosolver.solver.constraints.nary.AmongTest"/>
  <testcase name="testRandomProblems" time="4.807" classname="org.chocosolver.solver.constraints.nary.AmongTest"/>
  <testcase name="test2" time="0.063" classname="org.chocosolver.solver.constraints.nary.AmongTest"/>
</testsuite> <!-- org.chocosolver.solver.constraints.nary.AmongTest -->
