<?xml version="1.0" encoding="UTF-8"?>
<!-- Generated by org.testng.reporters.JUnitReportReporter -->
<testsuite skipped="0" hostname="cyclone1" name="org.chocosolver.solver.constraints.nary.ClauseChannelingTest" tests="4" failures="0" timestamp="26 May 2018 19:10:34 GMT" time="31.195" errors="0">
  <testcase name="test2E" time="6.304" classname="org.chocosolver.solver.constraints.nary.ClauseChannelingTest"/>
  <testcase name="test2B" time="5.170" classname="org.chocosolver.solver.constraints.nary.ClauseChannelingTest"/>
  <testcase name="test1B" time="12.748" classname="org.chocosolver.solver.constraints.nary.ClauseChannelingTest"/>
  <testcase name="test1E" time="6.973" classname="org.chocosolver.solver.constraints.nary.ClauseChannelingTest"/>
</testsuite> <!-- org.chocosolver.solver.constraints.nary.ClauseChannelingTest -->
