<?xml version="1.0" encoding="UTF-8"?>
<!-- Generated by org.testng.reporters.JUnitReportReporter -->
<testsuite skipped="0" hostname="cyclone1" name="org.chocosolver.solver.constraints.set.IntChannelTest" tests="3" failures="0" timestamp="26 May 2018 19:10:34 GMT" time="0.064" errors="0">
  <testcase name="testNominal" time="0.037" classname="org.chocosolver.solver.constraints.set.IntChannelTest"/>
  <testcase name="testNominalMZN" time="0.023" classname="org.chocosolver.solver.constraints.set.IntChannelTest"/>
  <testcase name="testNoChannelingPossible" time="0.004" classname="org.chocosolver.solver.constraints.set.IntChannelTest"/>
</testsuite> <!-- org.chocosolver.solver.constraints.set.IntChannelTest -->
