<?xml version="1.0" encoding="UTF-8"?>
<!-- Generated by org.testng.reporters.JUnitReportReporter -->
<testsuite skipped="0" hostname="cyclone1" name="org.chocosolver.util.tools.MathUtilsTest" tests="6" failures="0" timestamp="26 May 2018 19:10:34 GMT" time="0.001" errors="0">
  <testcase name="testSafeMultiply" time="0.001" classname="org.chocosolver.util.tools.MathUtilsTest"/>
  <testcase name="testSafeSubstract" time="0.000" classname="org.chocosolver.util.tools.MathUtilsTest"/>
  <testcase name="testSafeAdd" time="0.000" classname="org.chocosolver.util.tools.MathUtilsTest"/>
  <testcase name="testDivFloor" time="0.000" classname="org.chocosolver.util.tools.MathUtilsTest"/>
  <testcase name="testDivCeil" time="0.000" classname="org.chocosolver.util.tools.MathUtilsTest"/>
  <testcase name="testMinMax" time="0.000" classname="org.chocosolver.util.tools.MathUtilsTest"/>
</testsuite> <!-- org.chocosolver.util.tools.MathUtilsTest -->
