<?xml version="1.0" encoding="UTF-8"?>
<!-- Generated by org.testng.reporters.JUnitReportReporter -->
<testsuite skipped="0" hostname="cyclone1" name="org.chocosolver.solver.constraints.nary.CryptoTest" tests="9" failures="0" timestamp="26 May 2018 19:10:34 GMT" time="4.898" errors="0">
  <testcase name="testCS71234" time="1.079" classname="org.chocosolver.solver.constraints.nary.CryptoTest"/>
  <testcase name="testCS71234" time="0.765" classname="org.chocosolver.solver.constraints.nary.CryptoTest"/>
  <testcase name="testCS71234" time="0.710" classname="org.chocosolver.solver.constraints.nary.CryptoTest"/>
  <testcase name="testCS71234" time="0.327" classname="org.chocosolver.solver.constraints.nary.CryptoTest"/>
  <testcase name="testCS71234" time="0.417" classname="org.chocosolver.solver.constraints.nary.CryptoTest"/>
  <testcase name="testCS71234" time="0.424" classname="org.chocosolver.solver.constraints.nary.CryptoTest"/>
  <testcase name="testCS71234" time="0.268" classname="org.chocosolver.solver.constraints.nary.CryptoTest"/>
  <testcase name="testCS71234" time="0.351" classname="org.chocosolver.solver.constraints.nary.CryptoTest"/>
  <testcase name="testCS71234" time="0.557" classname="org.chocosolver.solver.constraints.nary.CryptoTest"/>
</testsuite> <!-- org.chocosolver.solver.constraints.nary.CryptoTest -->
