<?xml version="1.0" encoding="UTF-8"?>
<!-- Generated by org.testng.reporters.JUnitReportReporter -->
<testsuite skipped="0" hostname="cyclone1" name="org.chocosolver.solver.constraints.nary.CountTest" tests="6" failures="0" timestamp="26 May 2018 19:10:34 GMT" time="5.400" errors="0">
  <testcase name="test2VE" time="0.005" classname="org.chocosolver.solver.constraints.nary.CountTest"/>
  <testcase name="testMS8" time="0.001" classname="org.chocosolver.solver.constraints.nary.CountTest"/>
  <testcase name="testMS4" time="0.001" classname="org.chocosolver.solver.constraints.nary.CountTest"/>
  <testcase name="test2VB" time="0.007" classname="org.chocosolver.solver.constraints.nary.CountTest"/>
  <testcase name="testRandomProblems" time="5.346" classname="org.chocosolver.solver.constraints.nary.CountTest"/>
  <testcase name="test2" time="0.040" classname="org.chocosolver.solver.constraints.nary.CountTest"/>
</testsuite> <!-- org.chocosolver.solver.constraints.nary.CountTest -->
