<?xml version="1.0" encoding="UTF-8"?>
<!-- Generated by org.testng.reporters.JUnitReportReporter -->
<testsuite skipped="0" hostname="cyclone1" name="org.chocosolver.solver.expression.discrete.ExpressionTest" tests="94" failures="0" timestamp="26 May 2018 19:10:34 GMT" time="6.603" errors="0">
  <testcase name="test22" time="0.001" classname="org.chocosolver.solver.expression.discrete.ExpressionTest"/>
  <testcase name="test" time="0.009" classname="org.chocosolver.solver.expression.discrete.ExpressionTest"/>
  <testcase name="test10" time="0.000" classname="org.chocosolver.solver.expression.discrete.ExpressionTest"/>
  <testcase name="testLongExpression" time="0.004" classname="org.chocosolver.solver.expression.discrete.ExpressionTest"/>
  <testcase name="test44" time="0.002" classname="org.chocosolver.solver.expression.discrete.ExpressionTest"/>
  <testcase name="test1" time="0.001" classname="org.chocosolver.solver.expression.discrete.ExpressionTest"/>
  <testcase name="test19" time="0.004" classname="org.chocosolver.solver.expression.discrete.ExpressionTest"/>
  <testcase name="test36" time="0.001" classname="org.chocosolver.solver.expression.discrete.ExpressionTest"/>
  <testcase name="test38" time="0.004" classname="org.chocosolver.solver.expression.discrete.ExpressionTest"/>
  <testcase name="test7" time="0.001" classname="org.chocosolver.solver.expression.discrete.ExpressionTest"/>
  <testcase name="test32" time="0.000" classname="org.chocosolver.solver.expression.discrete.ExpressionTest"/>
  <testcase name="test41" time="0.003" classname="org.chocosolver.solver.expression.discrete.ExpressionTest"/>
  <testcase name="test24" time="0.001" classname="org.chocosolver.solver.expression.discrete.ExpressionTest"/>
  <testcase name="test35" time="0.002" classname="org.chocosolver.solver.expression.discrete.ExpressionTest"/>
  <testcase name="test42" time="0.001" classname="org.chocosolver.solver.expression.discrete.ExpressionTest"/>
  <testcase name="test16" time="0.001" classname="org.chocosolver.solver.expression.discrete.ExpressionTest"/>
  <testcase name="test38" time="0.001" classname="org.chocosolver.solver.expression.discrete.ExpressionTest"/>
  <testcase name="test3" time="0.000" classname="org.chocosolver.solver.expression.discrete.ExpressionTest"/>
  <testcase name="test21" time="0.002" classname="org.chocosolver.solver.expression.discrete.ExpressionTest"/>
  <testcase name="test5" time="0.001" classname="org.chocosolver.solver.expression.discrete.ExpressionTest"/>
  <testcase name="test42" time="0.001" classname="org.chocosolver.solver.expression.discrete.ExpressionTest"/>
  <testcase name="test13" time="0.001" classname="org.chocosolver.solver.expression.discrete.ExpressionTest"/>
  <testcase name="test12" time="0.001" classname="org.chocosolver.solver.expression.discrete.ExpressionTest"/>
  <testcase name="test20" time="0.001" classname="org.chocosolver.solver.expression.discrete.ExpressionTest"/>
  <testcase name="test15" time="0.001" classname="org.chocosolver.solver.expression.discrete.ExpressionTest"/>
  <testcase name="test34" time="0.001" classname="org.chocosolver.solver.expression.discrete.ExpressionTest"/>
  <testcase name="testLongExpression" time="6.432" classname="org.chocosolver.solver.expression.discrete.ExpressionTest"/>
  <testcase name="test19" time="0.003" classname="org.chocosolver.solver.expression.discrete.ExpressionTest"/>
  <testcase name="test45" time="0.001" classname="org.chocosolver.solver.expression.discrete.ExpressionTest"/>
  <testcase name="test37" time="0.002" classname="org.chocosolver.solver.expression.discrete.ExpressionTest"/>
  <testcase name="test17" time="0.001" classname="org.chocosolver.solver.expression.discrete.ExpressionTest"/>
  <testcase name="test1" time="0.001" classname="org.chocosolver.solver.expression.discrete.ExpressionTest"/>
  <testcase name="test35" time="0.001" classname="org.chocosolver.solver.expression.discrete.ExpressionTest"/>
  <testcase name="test14" time="0.003" classname="org.chocosolver.solver.expression.discrete.ExpressionTest"/>
  <testcase name="test11" time="0.001" classname="org.chocosolver.solver.expression.discrete.ExpressionTest"/>
  <testcase name="test15" time="0.001" classname="org.chocosolver.solver.expression.discrete.ExpressionTest"/>
  <testcase name="test" time="0.001" classname="org.chocosolver.solver.expression.discrete.ExpressionTest"/>
  <testcase name="test112" time="0.005" classname="org.chocosolver.solver.expression.discrete.ExpressionTest"/>
  <testcase name="test23" time="0.000" classname="org.chocosolver.solver.expression.discrete.ExpressionTest"/>
  <testcase name="test9" time="0.001" classname="org.chocosolver.solver.expression.discrete.ExpressionTest"/>
  <testcase name="test12" time="0.001" classname="org.chocosolver.solver.expression.discrete.ExpressionTest"/>
  <testcase name="test39" time="0.002" classname="org.chocosolver.solver.expression.discrete.ExpressionTest"/>
  <testcase name="test22" time="0.001" classname="org.chocosolver.solver.expression.discrete.ExpressionTest"/>
  <testcase name="test18" time="0.003" classname="org.chocosolver.solver.expression.discrete.ExpressionTest"/>
  <testcase name="test25" time="0.001" classname="org.chocosolver.solver.expression.discrete.ExpressionTest"/>
  <testcase name="test37" time="0.010" classname="org.chocosolver.solver.expression.discrete.ExpressionTest"/>
  <testcase name="test8" time="0.001" classname="org.chocosolver.solver.expression.discrete.ExpressionTest"/>
  <testcase name="test5" time="0.001" classname="org.chocosolver.solver.expression.discrete.ExpressionTest"/>
  <testcase name="test14" time="0.001" classname="org.chocosolver.solver.expression.discrete.ExpressionTest"/>
  <testcase name="test8" time="0.001" classname="org.chocosolver.solver.expression.discrete.ExpressionTest"/>
  <testcase name="test7" time="0.001" classname="org.chocosolver.solver.expression.discrete.ExpressionTest"/>
  <testcase name="test31" time="0.001" classname="org.chocosolver.solver.expression.discrete.ExpressionTest"/>
  <testcase name="test31" time="0.001" classname="org.chocosolver.solver.expression.discrete.ExpressionTest"/>
  <testcase name="test28" time="0.000" classname="org.chocosolver.solver.expression.discrete.ExpressionTest"/>
  <testcase name="test26" time="0.001" classname="org.chocosolver.solver.expression.discrete.ExpressionTest"/>
  <testcase name="test43" time="0.001" classname="org.chocosolver.solver.expression.discrete.ExpressionTest"/>
  <testcase name="test24" time="0.000" classname="org.chocosolver.solver.expression.discrete.ExpressionTest"/>
  <testcase name="test3" time="0.000" classname="org.chocosolver.solver.expression.discrete.ExpressionTest"/>
  <testcase name="test39" time="0.001" classname="org.chocosolver.solver.expression.discrete.ExpressionTest"/>
  <testcase name="test27" time="0.002" classname="org.chocosolver.solver.expression.discrete.ExpressionTest"/>
  <testcase name="test112" time="0.005" classname="org.chocosolver.solver.expression.discrete.ExpressionTest"/>
  <testcase name="test33" time="0.001" classname="org.chocosolver.solver.expression.discrete.ExpressionTest"/>
  <testcase name="test4" time="0.001" classname="org.chocosolver.solver.expression.discrete.ExpressionTest"/>
  <testcase name="test17" time="0.003" classname="org.chocosolver.solver.expression.discrete.ExpressionTest"/>
  <testcase name="test13" time="0.001" classname="org.chocosolver.solver.expression.discrete.ExpressionTest"/>
  <testcase name="test27" time="0.035" classname="org.chocosolver.solver.expression.discrete.ExpressionTest"/>
  <testcase name="test10" time="0.001" classname="org.chocosolver.solver.expression.discrete.ExpressionTest"/>
  <testcase name="test40" time="0.001" classname="org.chocosolver.solver.expression.discrete.ExpressionTest"/>
  <testcase name="test25" time="0.001" classname="org.chocosolver.solver.expression.discrete.ExpressionTest"/>
  <testcase name="test6" time="0.000" classname="org.chocosolver.solver.expression.discrete.ExpressionTest"/>
  <testcase name="test43" time="0.001" classname="org.chocosolver.solver.expression.discrete.ExpressionTest"/>
  <testcase name="test41" time="0.002" classname="org.chocosolver.solver.expression.discrete.ExpressionTest"/>
  <testcase name="test29" time="0.000" classname="org.chocosolver.solver.expression.discrete.ExpressionTest"/>
  <testcase name="test44" time="0.001" classname="org.chocosolver.solver.expression.discrete.ExpressionTest"/>
  <testcase name="test4" time="0.001" classname="org.chocosolver.solver.expression.discrete.ExpressionTest"/>
  <testcase name="test23" time="0.000" classname="org.chocosolver.solver.expression.discrete.ExpressionTest"/>
  <testcase name="test34" time="0.001" classname="org.chocosolver.solver.expression.discrete.ExpressionTest"/>
  <testcase name="test40" time="0.001" classname="org.chocosolver.solver.expression.discrete.ExpressionTest"/>
  <testcase name="test45" time="0.001" classname="org.chocosolver.solver.expression.discrete.ExpressionTest"/>
  <testcase name="test9" time="0.001" classname="org.chocosolver.solver.expression.discrete.ExpressionTest"/>
  <testcase name="test28" time="0.001" classname="org.chocosolver.solver.expression.discrete.ExpressionTest"/>
  <testcase name="test6" time="0.000" classname="org.chocosolver.solver.expression.discrete.ExpressionTest"/>
  <testcase name="test29" time="0.000" classname="org.chocosolver.solver.expression.discrete.ExpressionTest"/>
  <testcase name="test16" time="0.001" classname="org.chocosolver.solver.expression.discrete.ExpressionTest"/>
  <testcase name="test20" time="0.003" classname="org.chocosolver.solver.expression.discrete.ExpressionTest"/>
  <testcase name="test30" time="0.001" classname="org.chocosolver.solver.expression.discrete.ExpressionTest"/>
  <testcase name="test30" time="0.001" classname="org.chocosolver.solver.expression.discrete.ExpressionTest"/>
  <testcase name="test26" time="0.001" classname="org.chocosolver.solver.expression.discrete.ExpressionTest"/>
  <testcase name="test32" time="0.001" classname="org.chocosolver.solver.expression.discrete.ExpressionTest"/>
  <testcase name="test18" time="0.004" classname="org.chocosolver.solver.expression.discrete.ExpressionTest"/>
  <testcase name="test11" time="0.001" classname="org.chocosolver.solver.expression.discrete.ExpressionTest"/>
  <testcase name="test21" time="0.001" classname="org.chocosolver.solver.expression.discrete.ExpressionTest"/>
  <testcase name="test36" time="0.001" classname="org.chocosolver.solver.expression.discrete.ExpressionTest"/>
  <testcase name="test33" time="0.001" classname="org.chocosolver.solver.expression.discrete.ExpressionTest"/>
</testsuite> <!-- org.chocosolver.solver.expression.discrete.ExpressionTest -->
