<?xml version="1.0" encoding="UTF-8"?>
<!-- Generated by org.testng.reporters.JUnitReportReporter -->
<testsuite skipped="0" hostname="cyclone1" name="org.chocosolver.solver.search.ActivityTest" tests="1" failures="0" timestamp="26 May 2018 19:10:34 GMT" time="2.608" errors="0">
  <testcase name="testCostas" time="2.608" classname="org.chocosolver.solver.search.ActivityTest"/>
</testsuite> <!-- org.chocosolver.solver.search.ActivityTest -->
