<?xml version="1.0" encoding="UTF-8"?>
<!-- Generated by org.testng.reporters.JUnitReportReporter -->
<testsuite skipped="0" hostname="cyclone1" name="org.chocosolver.solver.constraints.set.IntersectionTest" tests="9" failures="0" timestamp="26 May 2018 19:10:34 GMT" time="3.374" errors="0">
  <testcase name="testNominalBoundConsistent" time="1.438" classname="org.chocosolver.solver.constraints.set.IntersectionTest"/>
  <testcase name="testNominal" time="1.726" classname="org.chocosolver.solver.constraints.set.IntersectionTest"/>
  <testcase name="testVarsToIntersectBoundConsistent" time="0.028" classname="org.chocosolver.solver.constraints.set.IntersectionTest"/>
  <testcase name="testVarsToIntersect" time="0.036" classname="org.chocosolver.solver.constraints.set.IntersectionTest"/>
  <testcase name="testIntersectToVarsBoundConsistent" time="0.000" classname="org.chocosolver.solver.constraints.set.IntersectionTest"/>
  <testcase name="testFuzzIdempotent" time="0.050" classname="org.chocosolver.solver.constraints.set.IntersectionTest"/>
  <testcase name="testDifferentDomains" time="0.001" classname="org.chocosolver.solver.constraints.set.IntersectionTest"/>
  <testcase name="testIntersectToVars" time="0.001" classname="org.chocosolver.solver.constraints.set.IntersectionTest"/>
  <testcase name="testFuzzIdempotentAndBoundConsistent" time="0.094" classname="org.chocosolver.solver.constraints.set.IntersectionTest"/>
</testsuite> <!-- org.chocosolver.solver.constraints.set.IntersectionTest -->
