<?xml version="1.0" encoding="UTF-8"?>
<!-- Generated by org.testng.reporters.JUnitReportReporter -->
<testsuite skipped="0" hostname="cyclone1" name="org.chocosolver.solver.constraints.checker.correctness.TestCorrectness" tests="27" failures="0" timestamp="26 May 2018 19:10:34 GMT" time="151.501" errors="0">
  <testcase name="testTIMES" time="2.464" classname="org.chocosolver.solver.constraints.checker.correctness.TestCorrectness"/>
  <testcase name="testINVERSECHANNELING" time="10.585" classname="org.chocosolver.solver.constraints.checker.correctness.TestCorrectness"/>
  <testcase name="testELEMENT" time="2.743" classname="org.chocosolver.solver.constraints.checker.correctness.TestCorrectness"/>
  <testcase name="testCumulative" time="6.042" classname="org.chocosolver.solver.constraints.checker.correctness.TestCorrectness"/>
  <testcase name="testTree" time="6.361" classname="org.chocosolver.solver.constraints.checker.correctness.TestCorrectness"/>
  <testcase name="testLEX" time="3.597" classname="org.chocosolver.solver.constraints.checker.correctness.TestCorrectness"/>
  <testcase name="testABSOLUTE" time="2.108" classname="org.chocosolver.solver.constraints.checker.correctness.TestCorrectness"/>
  <testcase name="testPLUSAC" time="8.566" classname="org.chocosolver.solver.constraints.checker.correctness.TestCorrectness"/>
  <testcase name="testDiffn" time="8.566" classname="org.chocosolver.solver.constraints.checker.correctness.TestCorrectness"/>
  <testcase name="testCOUNT" time="4.939" classname="org.chocosolver.solver.constraints.checker.correctness.TestCorrectness"/>
  <testcase name="testCircuit" time="0.975" classname="org.chocosolver.solver.constraints.checker.correctness.TestCorrectness"/>
  <testcase name="testGCC" time="11.007" classname="org.chocosolver.solver.constraints.checker.correctness.TestCorrectness"/>
  <testcase name="testLEXCH" time="3.174" classname="org.chocosolver.solver.constraints.checker.correctness.TestCorrectness"/>
  <testcase name="testMIN" time="10.106" classname="org.chocosolver.solver.constraints.checker.correctness.TestCorrectness"/>
  <testcase name="testNVALUES" time="7.850" classname="org.chocosolver.solver.constraints.checker.correctness.TestCorrectness"/>
  <testcase name="testSORT" time="10.063" classname="org.chocosolver.solver.constraints.checker.correctness.TestCorrectness"/>
  <testcase name="testIntValuePrecedeChain" time="9.512" classname="org.chocosolver.solver.constraints.checker.correctness.TestCorrectness"/>
  <testcase name="testIncrementalCumulative" time="6.274" classname="org.chocosolver.solver.constraints.checker.correctness.TestCorrectness"/>
  <testcase name="testPLUSBC" time="0.652" classname="org.chocosolver.solver.constraints.checker.correctness.TestCorrectness"/>
  <testcase name="testALLDIFFERENT" time="4.985" classname="org.chocosolver.solver.constraints.checker.correctness.TestCorrectness"/>
  <testcase name="testPath" time="1.744" classname="org.chocosolver.solver.constraints.checker.correctness.TestCorrectness"/>
  <testcase name="testAMONG" time="5.124" classname="org.chocosolver.solver.constraints.checker.correctness.TestCorrectness"/>
  <testcase name="testNEQ" time="0.460" classname="org.chocosolver.solver.constraints.checker.correctness.TestCorrectness"/>
  <testcase name="testMDD" time="8.913" classname="org.chocosolver.solver.constraints.checker.correctness.TestCorrectness"/>
  <testcase name="testEQ" time="1.479" classname="org.chocosolver.solver.constraints.checker.correctness.TestCorrectness"/>
  <testcase name="testMAX" time="12.772" classname="org.chocosolver.solver.constraints.checker.correctness.TestCorrectness"/>
  <testcase name="testSubcircuit" time="0.440" classname="org.chocosolver.solver.constraints.checker.correctness.TestCorrectness"/>
</testsuite> <!-- org.chocosolver.solver.constraints.checker.correctness.TestCorrectness -->
