<?xml version="1.0" encoding="UTF-8"?>
<!-- Generated by org.testng.reporters.JUnitReportReporter -->
<testsuite skipped="0" hostname="cyclone1" name="org.chocosolver.solver.constraints.nary.BottleneckTest" tests="2" failures="0" timestamp="26 May 2018 19:10:34 GMT" time="6.308" errors="0">
  <testcase name="testStynes1" time="5.072" classname="org.chocosolver.solver.constraints.nary.BottleneckTest"/>
  <testcase name="testStynes2" time="1.236" classname="org.chocosolver.solver.constraints.nary.BottleneckTest"/>
</testsuite> <!-- org.chocosolver.solver.constraints.nary.BottleneckTest -->
