<?xml version="1.0" encoding="UTF-8"?>
<!-- Generated by org.testng.reporters.JUnitReportReporter -->
<testsuite skipped="0" hostname="cyclone1" name="org.chocosolver.util.objects.queues.CircularQueueTest" tests="13" failures="0" timestamp="26 May 2018 19:10:34 GMT" time="0.016" errors="0">
  <testcase name="testNominal" time="0.000" classname="org.chocosolver.util.objects.queues.CircularQueueTest"/>
  <testcase name="testRemove" time="0.000" classname="org.chocosolver.util.objects.queues.CircularQueueTest"/>
  <testcase name="testIndexOf" time="0.001" classname="org.chocosolver.util.objects.queues.CircularQueueTest"/>
  <testcase name="testEquals" time="0.001" classname="org.chocosolver.util.objects.queues.CircularQueueTest"/>
  <testcase name="testRemoveElement" time="0.001" classname="org.chocosolver.util.objects.queues.CircularQueueTest"/>
  <testcase name="testNoElement" time="0.001" classname="org.chocosolver.util.objects.queues.CircularQueueTest"/>
  <testcase name="testSameElement" time="0.002" classname="org.chocosolver.util.objects.queues.CircularQueueTest"/>
  <testcase name="testSeveralIterationsMultipleElements" time="0.005" classname="org.chocosolver.util.objects.queues.CircularQueueTest"/>
  <testcase name="testClear" time="0.001" classname="org.chocosolver.util.objects.queues.CircularQueueTest"/>
  <testcase name="testGet" time="0.000" classname="org.chocosolver.util.objects.queues.CircularQueueTest"/>
  <testcase name="testRemoveNoSuchElement" time="0.001" classname="org.chocosolver.util.objects.queues.CircularQueueTest"/>
  <testcase name="testSeveralIterationsOneElement" time="0.002" classname="org.chocosolver.util.objects.queues.CircularQueueTest"/>
  <testcase name="testCover" time="0.001" classname="org.chocosolver.util.objects.queues.CircularQueueTest"/>
</testsuite> <!-- org.chocosolver.util.objects.queues.CircularQueueTest -->
