<?xml version="1.0" encoding="UTF-8"?>
<!-- Generated by org.testng.reporters.JUnitReportReporter -->
<testsuite skipped="0" hostname="cyclone1" name="org.chocosolver.solver.constraints.nary.CostRegularTest" tests="10" failures="0" timestamp="26 May 2018 19:10:34 GMT" time="13.723" errors="0">
  <testcase name="isCorrect2WithCostAutomaton" time="1.861" classname="org.chocosolver.solver.constraints.nary.CostRegularTest"/>
  <testcase name="compareVersionSpeedNew" time="1.500" classname="org.chocosolver.solver.constraints.nary.CostRegularTest"/>
  <testcase name="isCorrect2" time="1.878" classname="org.chocosolver.solver.constraints.nary.CostRegularTest"/>
  <testcase name="testSimpleAuto" time="0.109" classname="org.chocosolver.solver.constraints.nary.CostRegularTest"/>
  <testcase name="ccostregular2WithCostAutomaton" time="3.223" classname="org.chocosolver.solver.constraints.nary.CostRegularTest"/>
  <testcase name="ccostregular2" time="3.254" classname="org.chocosolver.solver.constraints.nary.CostRegularTest"/>
  <testcase name="testJM1" time="0.001" classname="org.chocosolver.solver.constraints.nary.CostRegularTest"/>
  <testcase name="testSimpleAutoCostAutomaton" time="0.113" classname="org.chocosolver.solver.constraints.nary.CostRegularTest"/>
  <testcase name="isCorrect" time="1.027" classname="org.chocosolver.solver.constraints.nary.CostRegularTest"/>
  <testcase name="isCorrectWithCostAutomaton" time="0.757" classname="org.chocosolver.solver.constraints.nary.CostRegularTest"/>
</testsuite> <!-- org.chocosolver.solver.constraints.nary.CostRegularTest -->
