<?xml version="1.0" encoding="UTF-8"?>
<!-- Generated by org.testng.reporters.JUnitReportReporter -->
<testsuite skipped="0" hostname="cyclone1" name="org.chocosolver.solver.variables.TaskTest" tests="9" failures="0" timestamp="26 May 2018 19:10:34 GMT" time="1.680" errors="0">
  <testcase name="testBadDomainFilteringKO" time="0.001" classname="org.chocosolver.solver.variables.TaskTest"/>
  <testcase name="testBadDomainFilteringOK" time="0.001" classname="org.chocosolver.solver.variables.TaskTest"/>
  <testcase name="testDecreaseDuration" time="0.001" classname="org.chocosolver.solver.variables.TaskTest"/>
  <testcase name="testCumulativeConstraintKO" time="0.001" classname="org.chocosolver.solver.variables.TaskTest"/>
  <testcase name="testUpdateStart" time="0.001" classname="org.chocosolver.solver.variables.TaskTest"/>
  <testcase name="testRemoveValueSameVariable" time="0.001" classname="org.chocosolver.solver.variables.TaskTest"/>
  <testcase name="testNegativeDuration" time="0.001" classname="org.chocosolver.solver.variables.TaskTest"/>
  <testcase name="testIncreaseDuration" time="0.000" classname="org.chocosolver.solver.variables.TaskTest"/>
  <testcase name="testCumulativeConstraint" time="1.673" classname="org.chocosolver.solver.variables.TaskTest"/>
</testsuite> <!-- org.chocosolver.solver.variables.TaskTest -->
