<?xml version="1.0" encoding="UTF-8"?>
<!-- Generated by org.testng.reporters.JUnitReportReporter -->
<testsuite skipped="0" hostname="cyclone1" name="org.chocosolver.solver.constraints.nary.MinMaxTest" tests="44" failures="0" timestamp="26 May 2018 19:10:34 GMT" time="32.110" errors="0">
  <testcase name="testNoSolution" time="0.000" classname="org.chocosolver.solver.constraints.nary.MinMaxTest"/>
  <testcase name="testMax1" time="0.002" classname="org.chocosolver.solver.constraints.nary.MinMaxTest"/>
  <testcase name="testZeroElements" time="0.001" classname="org.chocosolver.solver.constraints.nary.MinMaxTest"/>
  <testcase name="testMin1" time="0.001" classname="org.chocosolver.solver.constraints.nary.MinMaxTest"/>
  <testcase name="testSameVariableSolution" time="0.000" classname="org.chocosolver.solver.constraints.nary.MinMaxTest"/>
  <testcase name="testMax2" time="0.077" classname="org.chocosolver.solver.constraints.nary.MinMaxTest"/>
  <testcase name="testNominal" time="0.007" classname="org.chocosolver.solver.constraints.nary.MinMaxTest"/>
  <testcase name="testNoSolution" time="0.001" classname="org.chocosolver.solver.constraints.nary.MinMaxTest"/>
  <testcase name="testSameVariableNoSolution" time="0.001" classname="org.chocosolver.solver.constraints.nary.MinMaxTest"/>
  <testcase name="testZero" time="0.000" classname="org.chocosolver.solver.constraints.nary.MinMaxTest"/>
  <testcase name="testMin30" time="15.421" classname="org.chocosolver.solver.constraints.nary.MinMaxTest"/>
  <testcase name="testSameVariableSolution" time="0.000" classname="org.chocosolver.solver.constraints.nary.MinMaxTest"/>
  <testcase name="testNoSolution2" time="0.001" classname="org.chocosolver.solver.constraints.nary.MinMaxTest"/>
  <testcase name="testZero" time="0.000" classname="org.chocosolver.solver.constraints.nary.MinMaxTest"/>
  <testcase name="testBools" time="0.015" classname="org.chocosolver.solver.constraints.nary.MinMaxTest"/>
  <testcase name="testZeroElements" time="0.001" classname="org.chocosolver.solver.constraints.nary.MinMaxTest"/>
  <testcase name="testBools" time="0.006" classname="org.chocosolver.solver.constraints.nary.MinMaxTest"/>
  <testcase name="testSameVariableSolution" time="0.001" classname="org.chocosolver.solver.constraints.nary.MinMaxTest"/>
  <testcase name="testBoolsGG" time="0.001" classname="org.chocosolver.solver.constraints.nary.MinMaxTest"/>
  <testcase name="testMax30" time="16.502" classname="org.chocosolver.solver.constraints.nary.MinMaxTest"/>
  <testcase name="testMin3" time="0.000" classname="org.chocosolver.solver.constraints.nary.MinMaxTest"/>
  <testcase name="testNoSolution" time="0.001" classname="org.chocosolver.solver.constraints.nary.MinMaxTest"/>
  <testcase name="testBoolsGG" time="0.001" classname="org.chocosolver.solver.constraints.nary.MinMaxTest"/>
  <testcase name="testBools" time="0.003" classname="org.chocosolver.solver.constraints.nary.MinMaxTest"/>
  <testcase name="testNoSolution" time="0.001" classname="org.chocosolver.solver.constraints.nary.MinMaxTest"/>
  <testcase name="testZero" time="0.001" classname="org.chocosolver.solver.constraints.nary.MinMaxTest"/>
  <testcase name="testSameVariableNoSolution" time="0.000" classname="org.chocosolver.solver.constraints.nary.MinMaxTest"/>
  <testcase name="testNoSolution2" time="0.000" classname="org.chocosolver.solver.constraints.nary.MinMaxTest"/>
  <testcase name="testNominal" time="0.009" classname="org.chocosolver.solver.constraints.nary.MinMaxTest"/>
  <testcase name="testBoolsGG" time="0.001" classname="org.chocosolver.solver.constraints.nary.MinMaxTest"/>
  <testcase name="testNoSolution2" time="0.001" classname="org.chocosolver.solver.constraints.nary.MinMaxTest"/>
  <testcase name="testBools" time="0.001" classname="org.chocosolver.solver.constraints.nary.MinMaxTest"/>
  <testcase name="testZeroElements" time="0.000" classname="org.chocosolver.solver.constraints.nary.MinMaxTest"/>
  <testcase name="testSameVariableSolution" time="0.001" classname="org.chocosolver.solver.constraints.nary.MinMaxTest"/>
  <testcase name="testZeroElements" time="0.001" classname="org.chocosolver.solver.constraints.nary.MinMaxTest"/>
  <testcase name="testZero" time="0.000" classname="org.chocosolver.solver.constraints.nary.MinMaxTest"/>
  <testcase name="testNominal" time="0.004" classname="org.chocosolver.solver.constraints.nary.MinMaxTest"/>
  <testcase name="testMin2" time="0.039" classname="org.chocosolver.solver.constraints.nary.MinMaxTest"/>
  <testcase name="testMax3" time="0.002" classname="org.chocosolver.solver.constraints.nary.MinMaxTest"/>
  <testcase name="testNoSolution2" time="0.000" classname="org.chocosolver.solver.constraints.nary.MinMaxTest"/>
  <testcase name="testSameVariableNoSolution" time="0.000" classname="org.chocosolver.solver.constraints.nary.MinMaxTest"/>
  <testcase name="testBoolsGG" time="0.002" classname="org.chocosolver.solver.constraints.nary.MinMaxTest"/>
  <testcase name="testSameVariableNoSolution" time="0.001" classname="org.chocosolver.solver.constraints.nary.MinMaxTest"/>
  <testcase name="testNominal" time="0.003" classname="org.chocosolver.solver.constraints.nary.MinMaxTest"/>
</testsuite> <!-- org.chocosolver.solver.constraints.nary.MinMaxTest -->
