<?xml version="1.0" encoding="UTF-8"?>
<!-- Generated by org.testng.reporters.JUnitReportReporter -->
<testsuite skipped="0" hostname="cyclone1" name="org.chocosolver.util.objects.setDataStructures.iterable.IntIterableRangeSetTest" tests="25" failures="0" timestamp="26 May 2018 19:10:34 GMT" time="8.579" errors="0">
  <testcase name="testNextValue3" time="0.000" classname="org.chocosolver.util.objects.setDataStructures.iterable.IntIterableRangeSetTest"/>
  <testcase name="testMinus" time="3.936" classname="org.chocosolver.util.objects.setDataStructures.iterable.IntIterableRangeSetTest"/>
  <testcase name="testrangeOf1" time="0.001" classname="org.chocosolver.util.objects.setDataStructures.iterable.IntIterableRangeSetTest"/>
  <testcase name="testRemoveBetween1" time="0.000" classname="org.chocosolver.util.objects.setDataStructures.iterable.IntIterableRangeSetTest"/>
  <testcase name="testRemoveBetween3" time="0.001" classname="org.chocosolver.util.objects.setDataStructures.iterable.IntIterableRangeSetTest"/>
  <testcase name="testAdd" time="0.000" classname="org.chocosolver.util.objects.setDataStructures.iterable.IntIterableRangeSetTest"/>
  <testcase name="testUnion2" time="0.151" classname="org.chocosolver.util.objects.setDataStructures.iterable.IntIterableRangeSetTest"/>
  <testcase name="testNextValue" time="0.001" classname="org.chocosolver.util.objects.setDataStructures.iterable.IntIterableRangeSetTest"/>
  <testcase name="testPrevValue3" time="0.001" classname="org.chocosolver.util.objects.setDataStructures.iterable.IntIterableRangeSetTest"/>
  <testcase name="testMin" time="0.000" classname="org.chocosolver.util.objects.setDataStructures.iterable.IntIterableRangeSetTest"/>
  <testcase name="testRemoveBetween4" time="0.000" classname="org.chocosolver.util.objects.setDataStructures.iterable.IntIterableRangeSetTest"/>
  <testcase name="testMax" time="0.001" classname="org.chocosolver.util.objects.setDataStructures.iterable.IntIterableRangeSetTest"/>
  <testcase name="testRemove" time="0.000" classname="org.chocosolver.util.objects.setDataStructures.iterable.IntIterableRangeSetTest"/>
  <testcase name="testIntersect2" time="0.105" classname="org.chocosolver.util.objects.setDataStructures.iterable.IntIterableRangeSetTest"/>
  <testcase name="testComplement" time="0.000" classname="org.chocosolver.util.objects.setDataStructures.iterable.IntIterableRangeSetTest"/>
  <testcase name="testUnion" time="0.237" classname="org.chocosolver.util.objects.setDataStructures.iterable.IntIterableRangeSetTest"/>
  <testcase name="testPrevValue2" time="0.000" classname="org.chocosolver.util.objects.setDataStructures.iterable.IntIterableRangeSetTest"/>
  <testcase name="testIntersect" time="0.104" classname="org.chocosolver.util.objects.setDataStructures.iterable.IntIterableRangeSetTest"/>
  <testcase name="testrangeOf2" time="0.000" classname="org.chocosolver.util.objects.setDataStructures.iterable.IntIterableRangeSetTest"/>
  <testcase name="testRemove2" time="0.001" classname="org.chocosolver.util.objects.setDataStructures.iterable.IntIterableRangeSetTest"/>
  <testcase name="testAdd2" time="0.001" classname="org.chocosolver.util.objects.setDataStructures.iterable.IntIterableRangeSetTest"/>
  <testcase name="testPrevValue" time="0.000" classname="org.chocosolver.util.objects.setDataStructures.iterable.IntIterableRangeSetTest"/>
  <testcase name="testRemoveBetween2" time="0.000" classname="org.chocosolver.util.objects.setDataStructures.iterable.IntIterableRangeSetTest"/>
  <testcase name="testPlus" time="4.038" classname="org.chocosolver.util.objects.setDataStructures.iterable.IntIterableRangeSetTest"/>
  <testcase name="testNextValue2" time="0.001" classname="org.chocosolver.util.objects.setDataStructures.iterable.IntIterableRangeSetTest"/>
</testsuite> <!-- org.chocosolver.util.objects.setDataStructures.iterable.IntIterableRangeSetTest -->
