<?xml version="1.0" encoding="UTF-8"?>
<!-- Generated by org.testng.reporters.JUnitReportReporter -->
<testsuite skipped="0" hostname="cyclone1" name="org.chocosolver.solver.constraints.ternary.DistanceEQTest" tests="2" failures="0" timestamp="26 May 2018 19:10:34 GMT" time="0.475" errors="0">
  <testcase name="test1" time="0.474" classname="org.chocosolver.solver.constraints.ternary.DistanceEQTest"/>
  <testcase name="test2" time="0.001" classname="org.chocosolver.solver.constraints.ternary.DistanceEQTest"/>
</testsuite> <!-- org.chocosolver.solver.constraints.ternary.DistanceEQTest -->
