<?xml version="1.0" encoding="UTF-8"?>
<!-- Generated by org.testng.reporters.JUnitReportReporter -->
<testsuite skipped="0" hostname="cyclone1" name="org.chocosolver.solver.propagation.DeltaTest" tests="6" failures="0" timestamp="26 May 2018 19:10:34 GMT" time="0.024" errors="0">
  <testcase name="testEq" time="0.001" classname="org.chocosolver.solver.propagation.DeltaTest"/>
  <testcase name="testJL3" time="0.005" classname="org.chocosolver.solver.propagation.DeltaTest"/>
  <testcase name="testJL2" time="0.016" classname="org.chocosolver.solver.propagation.DeltaTest"/>
  <testcase name="testAdd" time="0.001" classname="org.chocosolver.solver.propagation.DeltaTest"/>
  <testcase name="testJL4" time="0.001" classname="org.chocosolver.solver.propagation.DeltaTest"/>
  <testcase name="testJL" time="0.000" classname="org.chocosolver.solver.propagation.DeltaTest"/>
</testsuite> <!-- org.chocosolver.solver.propagation.DeltaTest -->
