<?xml version="1.0" encoding="UTF-8"?>
<!-- Generated by org.testng.reporters.JUnitReportReporter -->
<testsuite skipped="0" hostname="cyclone1" name="org.chocosolver.solver.explanations.RuleStoreTest" tests="13" failures="0" timestamp="26 May 2018 19:10:34 GMT" time="0.008" errors="0">
  <testcase name="testEnumFullDom" time="0.000" classname="org.chocosolver.solver.explanations.RuleStoreTest"/>
  <testcase name="testBoundUpp" time="0.001" classname="org.chocosolver.solver.explanations.RuleStoreTest"/>
  <testcase name="testEnumBound" time="0.001" classname="org.chocosolver.solver.explanations.RuleStoreTest"/>
  <testcase name="testBoolFullDom" time="0.001" classname="org.chocosolver.solver.explanations.RuleStoreTest"/>
  <testcase name="testDecRefutation" time="0.000" classname="org.chocosolver.solver.explanations.RuleStoreTest"/>
  <testcase name="testEnumLow" time="0.001" classname="org.chocosolver.solver.explanations.RuleStoreTest"/>
  <testcase name="testEnumRem" time="0.000" classname="org.chocosolver.solver.explanations.RuleStoreTest"/>
  <testcase name="testBoundRem" time="0.000" classname="org.chocosolver.solver.explanations.RuleStoreTest"/>
  <testcase name="testBoundBound" time="0.001" classname="org.chocosolver.solver.explanations.RuleStoreTest"/>
  <testcase name="testBoundRem2" time="0.001" classname="org.chocosolver.solver.explanations.RuleStoreTest"/>
  <testcase name="testBoundFullDom" time="0.000" classname="org.chocosolver.solver.explanations.RuleStoreTest"/>
  <testcase name="testEnumUpp" time="0.001" classname="org.chocosolver.solver.explanations.RuleStoreTest"/>
  <testcase name="testBoundLow" time="0.001" classname="org.chocosolver.solver.explanations.RuleStoreTest"/>
</testsuite> <!-- org.chocosolver.solver.explanations.RuleStoreTest -->
