<?xml version="1.0" encoding="UTF-8"?>
<!-- Generated by org.testng.reporters.JUnitReportReporter -->
<testsuite skipped="0" hostname="cyclone1" name="org.chocosolver.solver.variables.BoolNotViewTest" tests="3" failures="0" timestamp="26 May 2018 19:10:34 GMT" time="0.117" errors="0">
  <testcase name="test1" time="0.116" classname="org.chocosolver.solver.variables.BoolNotViewTest"/>
  <testcase name="testPrevNext" time="0.000" classname="org.chocosolver.solver.variables.BoolNotViewTest"/>
  <testcase name="testIt" time="0.001" classname="org.chocosolver.solver.variables.BoolNotViewTest"/>
</testsuite> <!-- org.chocosolver.solver.variables.BoolNotViewTest -->
