<?xml version="1.0" encoding="UTF-8"?>
<!-- Generated by org.testng.reporters.JUnitReportReporter -->
<testsuite skipped="0" hostname="cyclone1" name="org.chocosolver.solver.constraints.nary.PropCondAllDiffTest" tests="13" failures="0" timestamp="26 May 2018 19:10:34 GMT" time="0.110" errors="0">
  <testcase name="testImpossible" time="0.002" classname="org.chocosolver.solver.constraints.nary.PropCondAllDiffTest"/>
  <testcase name="testTrivialTrue" time="0.001" classname="org.chocosolver.solver.constraints.nary.PropCondAllDiffTest"/>
  <testcase name="testPropagation" time="0.002" classname="org.chocosolver.solver.constraints.nary.PropCondAllDiffTest"/>
  <testcase name="noVariable" time="0.023" classname="org.chocosolver.solver.constraints.nary.PropCondAllDiffTest"/>
  <testcase name="testTrueCondition" time="0.003" classname="org.chocosolver.solver.constraints.nary.PropCondAllDiffTest"/>
  <testcase name="testNominal" time="0.002" classname="org.chocosolver.solver.constraints.nary.PropCondAllDiffTest"/>
  <testcase name="testExceptZero" time="0.002" classname="org.chocosolver.solver.constraints.nary.PropCondAllDiffTest"/>
  <testcase name="testEnumeratedValues" time="0.016" classname="org.chocosolver.solver.constraints.nary.PropCondAllDiffTest"/>
  <testcase name="testDynamicCondition" time="0.002" classname="org.chocosolver.solver.constraints.nary.PropCondAllDiffTest"/>
  <testcase name="singleVariable" time="0.020" classname="org.chocosolver.solver.constraints.nary.PropCondAllDiffTest"/>
  <testcase name="testFreeVariables" time="0.033" classname="org.chocosolver.solver.constraints.nary.PropCondAllDiffTest"/>
  <testcase name="testTrivialFalse" time="0.001" classname="org.chocosolver.solver.constraints.nary.PropCondAllDiffTest"/>
  <testcase name="testNominalNegative" time="0.003" classname="org.chocosolver.solver.constraints.nary.PropCondAllDiffTest"/>
</testsuite> <!-- org.chocosolver.solver.constraints.nary.PropCondAllDiffTest -->
