<?xml version="1.0" encoding="UTF-8"?>
<!-- Generated by org.testng.reporters.JUnitReportReporter -->
<testsuite skipped="0" hostname="cyclone1" name="org.chocosolver.solver.constraints.set.CardinalityTest" tests="5" failures="0" timestamp="26 May 2018 19:10:34 GMT" time="0.005" errors="0">
  <testcase name="testTwoVariables" time="0.001" classname="org.chocosolver.solver.constraints.set.CardinalityTest"/>
  <testcase name="testEmpty" time="0.001" classname="org.chocosolver.solver.constraints.set.CardinalityTest"/>
  <testcase name="testUnfeasibleUB" time="0.000" classname="org.chocosolver.solver.constraints.set.CardinalityTest"/>
  <testcase name="testNominal" time="0.002" classname="org.chocosolver.solver.constraints.set.CardinalityTest"/>
  <testcase name="testUnfeasibleLB" time="0.001" classname="org.chocosolver.solver.constraints.set.CardinalityTest"/>
</testsuite> <!-- org.chocosolver.solver.constraints.set.CardinalityTest -->
