<?xml version="1.0" encoding="UTF-8"?>
<!-- Generated by org.testng.reporters.JUnitReportReporter -->
<testsuite skipped="0" hostname="cyclone1" name="org.chocosolver.solver.constraints.set.OffsetTest" tests="7" failures="0" timestamp="26 May 2018 19:10:34 GMT" time="0.007" errors="0">
  <testcase name="testNominalInverse" time="0.001" classname="org.chocosolver.solver.constraints.set.OffsetTest"/>
  <testcase name="testEqualityFalse" time="0.004" classname="org.chocosolver.solver.constraints.set.OffsetTest"/>
  <testcase name="testNominal" time="0.000" classname="org.chocosolver.solver.constraints.set.OffsetTest"/>
  <testcase name="wrongUpperBound" time="0.001" classname="org.chocosolver.solver.constraints.set.OffsetTest"/>
  <testcase name="wrongLowerBound" time="0.000" classname="org.chocosolver.solver.constraints.set.OffsetTest"/>
  <testcase name="testEqualityTrue" time="0.000" classname="org.chocosolver.solver.constraints.set.OffsetTest"/>
  <testcase name="testNominalNegative" time="0.001" classname="org.chocosolver.solver.constraints.set.OffsetTest"/>
</testsuite> <!-- org.chocosolver.solver.constraints.set.OffsetTest -->
