<?xml version="1.0" encoding="UTF-8"?>
<!-- Generated by org.testng.reporters.JUnitReportReporter -->
<testsuite skipped="0" hostname="cyclone1" name="org.chocosolver.solver.search.MeasuresTest" tests="5" failures="0" timestamp="26 May 2018 19:10:34 GMT" time="0.477" errors="0">
  <testcase name="measExceptionTest" time="0.001" classname="org.chocosolver.solver.search.MeasuresTest"/>
  <testcase name="testReading" time="0.156" classname="org.chocosolver.solver.search.MeasuresTest"/>
  <testcase name="measSerializeTest" time="0.017" classname="org.chocosolver.solver.search.MeasuresTest"/>
  <testcase name="measuresTest" time="0.001" classname="org.chocosolver.solver.search.MeasuresTest"/>
  <testcase name="measRecTest" time="0.302" classname="org.chocosolver.solver.search.MeasuresTest"/>
</testsuite> <!-- org.chocosolver.solver.search.MeasuresTest -->
