<?xml version="1.0" encoding="UTF-8"?>
<!-- Generated by org.testng.reporters.JUnitReportReporter -->
<testsuite skipped="0" hostname="cyclone1" name="org.chocosolver.solver.variables.OffsetViewTest" tests="7" failures="0" timestamp="26 May 2018 19:10:34 GMT" time="13.324" errors="0">
  <testcase name="testIt1" time="0.008" classname="org.chocosolver.solver.variables.OffsetViewTest"/>
  <testcase name="testRandom2" time="0.132" classname="org.chocosolver.solver.variables.OffsetViewTest"/>
  <testcase name="test1" time="0.001" classname="org.chocosolver.solver.variables.OffsetViewTest"/>
  <testcase name="testIt2" time="0.009" classname="org.chocosolver.solver.variables.OffsetViewTest"/>
  <testcase name="testRandom1" time="1.285" classname="org.chocosolver.solver.variables.OffsetViewTest"/>
  <testcase name="test2" time="0.000" classname="org.chocosolver.solver.variables.OffsetViewTest"/>
  <testcase name="testRandom3" time="11.889" classname="org.chocosolver.solver.variables.OffsetViewTest"/>
</testsuite> <!-- org.chocosolver.solver.variables.OffsetViewTest -->
