<?xml version="1.0" encoding="UTF-8"?>
<!-- Generated by org.testng.reporters.JUnitReportReporter -->
<testsuite skipped="0" hostname="cyclone1" name="org.chocosolver.solver.constraints.reification.PropConDisTest" tests="4" failures="0" timestamp="26 May 2018 19:10:34 GMT" time="7.568" errors="0">
  <testcase name="test3" time="7.060" classname="org.chocosolver.solver.constraints.reification.PropConDisTest"/>
  <testcase name="test4" time="0.507" classname="org.chocosolver.solver.constraints.reification.PropConDisTest"/>
  <testcase name="testCD1" time="0.001" classname="org.chocosolver.solver.constraints.reification.PropConDisTest"/>
  <testcase name="testCD2" time="0.000" classname="org.chocosolver.solver.constraints.reification.PropConDisTest"/>
</testsuite> <!-- org.chocosolver.solver.constraints.reification.PropConDisTest -->
