<?xml version="1.0" encoding="UTF-8"?>
<!-- Generated by org.testng.reporters.JUnitReportReporter -->
<testsuite skipped="0" hostname="cyclone1" name="org.chocosolver.solver.constraints.nary.MultiCostRegularTest" tests="5" failures="0" timestamp="26 May 2018 19:10:34 GMT" time="2.078" errors="0">
  <testcase name="test3" time="0.525" classname="org.chocosolver.solver.constraints.nary.MultiCostRegularTest"/>
  <testcase name="test0" time="0.976" classname="org.chocosolver.solver.constraints.nary.MultiCostRegularTest"/>
  <testcase name="test2" time="0.188" classname="org.chocosolver.solver.constraints.nary.MultiCostRegularTest"/>
  <testcase name="test1" time="0.092" classname="org.chocosolver.solver.constraints.nary.MultiCostRegularTest"/>
  <testcase name="test4" time="0.297" classname="org.chocosolver.solver.constraints.nary.MultiCostRegularTest"/>
</testsuite> <!-- org.chocosolver.solver.constraints.nary.MultiCostRegularTest -->
