<?xml version="1.0" encoding="UTF-8"?>
<!-- Generated by org.testng.reporters.JUnitReportReporter -->
<testsuite skipped="0" hostname="cyclone1" name="org.chocosolver.solver.constraints.nary.BoundGlobalCardinalityTest" tests="3" failures="0" timestamp="26 May 2018 19:10:34 GMT" time="5.807" errors="0">
  <testcase name="testRandom2" time="2.702" classname="org.chocosolver.solver.constraints.nary.BoundGlobalCardinalityTest"/>
  <testcase name="test0" time="0.002" classname="org.chocosolver.solver.constraints.nary.BoundGlobalCardinalityTest"/>
  <testcase name="testRandom" time="3.103" classname="org.chocosolver.solver.constraints.nary.BoundGlobalCardinalityTest"/>
</testsuite> <!-- org.chocosolver.solver.constraints.nary.BoundGlobalCardinalityTest -->
