<?xml version="1.0" encoding="UTF-8"?>
<!-- Generated by org.testng.reporters.JUnitReportReporter -->
<testsuite skipped="0" hostname="cyclone1" name="org.chocosolver.solver.TestSolveur" tests="8" failures="0" timestamp="26 May 2018 19:10:34 GMT" time="135.266" errors="0">
  <testcase name="testCycleLt" time="0.002" classname="org.chocosolver.solver.TestSolveur"/>
  <testcase name="testBinaryCliqueNeq" time="0.290" classname="org.chocosolver.solver.TestSolveur"/>
  <testcase name="fakePigeonHolesTest" time="0.001" classname="org.chocosolver.solver.TestSolveur"/>
  <testcase name="testOneAllDiff" time="0.056" classname="org.chocosolver.solver.TestSolveur"/>
  <testcase name="testD3to6" time="1.301" classname="org.chocosolver.solver.TestSolveur"/>
  <testcase name="testDO3to6" time="1.307" classname="org.chocosolver.solver.TestSolveur"/>
  <testcase name="testCN9" time="126.826" classname="org.chocosolver.solver.TestSolveur"/>
  <testcase name="testCN3to8" time="5.483" classname="org.chocosolver.solver.TestSolveur"/>
</testsuite> <!-- org.chocosolver.solver.TestSolveur -->
