<?xml version="1.0" encoding="UTF-8"?>
<!-- Generated by org.testng.reporters.JUnitReportReporter -->
<testsuite skipped="0" hostname="cyclone1" name="org.chocosolver.sat.PropNogoodsTest" tests="19" failures="0" timestamp="26 May 2018 19:10:34 GMT" time="0.187" errors="0">
  <testcase name="testWhy" time="0.001" classname="org.chocosolver.sat.PropNogoodsTest"/>
  <testcase name="testIseq" time="0.176" classname="org.chocosolver.sat.PropNogoodsTest"/>
  <testcase name="testIsEntailed1" time="0.000" classname="org.chocosolver.sat.PropNogoodsTest"/>
  <testcase name="testIvalue" time="0.001" classname="org.chocosolver.sat.PropNogoodsTest"/>
  <testcase name="testPropagate1" time="0.001" classname="org.chocosolver.sat.PropNogoodsTest"/>
  <testcase name="testLiteral1" time="0.000" classname="org.chocosolver.sat.PropNogoodsTest"/>
  <testcase name="testIsEntailed2" time="0.000" classname="org.chocosolver.sat.PropNogoodsTest"/>
  <testcase name="testVariableBound4" time="0.000" classname="org.chocosolver.sat.PropNogoodsTest"/>
  <testcase name="testDoReduce3" time="0.000" classname="org.chocosolver.sat.PropNogoodsTest"/>
  <testcase name="testLiteral2" time="0.002" classname="org.chocosolver.sat.PropNogoodsTest"/>
  <testcase name="testDoReduce1" time="0.000" classname="org.chocosolver.sat.PropNogoodsTest"/>
  <testcase name="testVariableBound2" time="0.002" classname="org.chocosolver.sat.PropNogoodsTest"/>
  <testcase name="testPropagate" time="0.000" classname="org.chocosolver.sat.PropNogoodsTest"/>
  <testcase name="testVariableBound1" time="0.000" classname="org.chocosolver.sat.PropNogoodsTest"/>
  <testcase name="testVariableBound3" time="0.001" classname="org.chocosolver.sat.PropNogoodsTest"/>
  <testcase name="testDoReduce4" time="0.000" classname="org.chocosolver.sat.PropNogoodsTest"/>
  <testcase name="testDoReduce2" time="0.001" classname="org.chocosolver.sat.PropNogoodsTest"/>
  <testcase name="testDeclareDomainNogood" time="0.001" classname="org.chocosolver.sat.PropNogoodsTest"/>
  <testcase name="testApplyEarlyDeductions" time="0.001" classname="org.chocosolver.sat.PropNogoodsTest"/>
</testsuite> <!-- org.chocosolver.sat.PropNogoodsTest -->
