<?xml version="1.0" encoding="UTF-8"?>
<!-- Generated by org.testng.reporters.JUnitReportReporter -->
<testsuite skipped="0" hostname="cyclone1" name="org.chocosolver.solver.constraints.ternary.TimesTest" tests="8" failures="0" timestamp="26 May 2018 19:10:34 GMT" time="5.992" errors="0">
  <testcase name="testJL" time="0.001" classname="org.chocosolver.solver.constraints.ternary.TimesTest"/>
  <testcase name="testJL2" time="4.423" classname="org.chocosolver.solver.constraints.ternary.TimesTest"/>
  <testcase name="testJL3" time="0.006" classname="org.chocosolver.solver.constraints.ternary.TimesTest"/>
  <testcase name="test1" time="0.411" classname="org.chocosolver.solver.constraints.ternary.TimesTest"/>
  <testcase name="testJL4" time="0.825" classname="org.chocosolver.solver.constraints.ternary.TimesTest"/>
  <testcase name="testJL7" time="0.000" classname="org.chocosolver.solver.constraints.ternary.TimesTest"/>
  <testcase name="testJL6" time="0.000" classname="org.chocosolver.solver.constraints.ternary.TimesTest"/>
  <testcase name="testJL5" time="0.326" classname="org.chocosolver.solver.constraints.ternary.TimesTest"/>
</testsuite> <!-- org.chocosolver.solver.constraints.ternary.TimesTest -->
