<?xml version="1.0" encoding="UTF-8"?>
<!-- Generated by org.testng.reporters.JUnitReportReporter -->
<testsuite skipped="0" hostname="cyclone1" name="org.chocosolver.solver.constraints.nary.LexChainTest" tests="5" failures="0" timestamp="26 May 2018 19:10:34 GMT" time="8.162" errors="0">
  <testcase name="testB" time="2.228" classname="org.chocosolver.solver.constraints.nary.LexChainTest"/>
  <testcase name="lexChainTest1" time="3.853" classname="org.chocosolver.solver.constraints.nary.LexChainTest"/>
  <testcase name="testE" time="2.079" classname="org.chocosolver.solver.constraints.nary.LexChainTest"/>
  <testcase name="testB2" time="0.000" classname="org.chocosolver.solver.constraints.nary.LexChainTest"/>
  <testcase name="testB1" time="0.002" classname="org.chocosolver.solver.constraints.nary.LexChainTest"/>
</testsuite> <!-- org.chocosolver.solver.constraints.nary.LexChainTest -->
