<?xml version="1.0" encoding="UTF-8"?>
<!-- Generated by org.testng.reporters.JUnitReportReporter -->
<testsuite skipped="0" hostname="cyclone1" name="org.chocosolver.util.objects.setDataStructures.backtrackable.LinkedListTest" tests="36" failures="0" timestamp="26 May 2018 19:10:34 GMT" time="1.310" errors="0">
  <testcase name="testClear" time="0.001" classname="org.chocosolver.util.objects.setDataStructures.backtrackable.LinkedListTest"/>
  <testcase name="testIteratorLength" time="0.000" classname="org.chocosolver.util.objects.setDataStructures.backtrackable.LinkedListTest"/>
  <testcase name="testEquals" time="0.001" classname="org.chocosolver.util.objects.setDataStructures.backtrackable.LinkedListTest"/>
  <testcase name="testTwoSets" time="0.000" classname="org.chocosolver.util.objects.setDataStructures.backtrackable.LinkedListTest"/>
  <testcase name="testPopUntilZero" time="0.001" classname="org.chocosolver.util.objects.setDataStructures.backtrackable.LinkedListTest"/>
  <testcase name="testAddRemoveReturnValue" time="0.000" classname="org.chocosolver.util.objects.setDataStructures.backtrackable.LinkedListTest"/>
  <testcase name="testVoidPushes" time="0.001" classname="org.chocosolver.util.objects.setDataStructures.backtrackable.LinkedListTest"/>
  <testcase name="testAddNominal2" time="0.001" classname="org.chocosolver.util.objects.setDataStructures.backtrackable.LinkedListTest"/>
  <testcase name="testEmptyMax" time="0.000" classname="org.chocosolver.util.objects.setDataStructures.backtrackable.LinkedListTest"/>
  <testcase name="testNewIterator" time="0.000" classname="org.chocosolver.util.objects.setDataStructures.backtrackable.LinkedListTest"/>
  <testcase name="testReadOnlySet" time="0.002" classname="org.chocosolver.util.objects.setDataStructures.backtrackable.LinkedListTest"/>
  <testcase name="testMinMax" time="0.000" classname="org.chocosolver.util.objects.setDataStructures.backtrackable.LinkedListTest"/>
  <testcase name="testAddRemoveReturnValue" time="0.001" classname="org.chocosolver.util.objects.setDataStructures.backtrackable.LinkedListTest"/>
  <testcase name="testNominal" time="0.000" classname="org.chocosolver.util.objects.setDataStructures.backtrackable.LinkedListTest"/>
  <testcase name="testPopUntilZero" time="0.002" classname="org.chocosolver.util.objects.setDataStructures.backtrackable.LinkedListTest"/>
  <testcase name="testNominal" time="0.001" classname="org.chocosolver.util.objects.setDataStructures.backtrackable.LinkedListTest"/>
  <testcase name="testSeveralPushes" time="0.454" classname="org.chocosolver.util.objects.setDataStructures.backtrackable.LinkedListTest"/>
  <testcase name="testTwoPushes" time="0.001" classname="org.chocosolver.util.objects.setDataStructures.backtrackable.LinkedListTest"/>
  <testcase name="testRemoveInLoop" time="0.001" classname="org.chocosolver.util.objects.setDataStructures.backtrackable.LinkedListTest"/>
  <testcase name="testIterator" time="0.000" classname="org.chocosolver.util.objects.setDataStructures.backtrackable.LinkedListTest"/>
  <testcase name="testRemoveInLoop" time="0.001" classname="org.chocosolver.util.objects.setDataStructures.backtrackable.LinkedListTest"/>
  <testcase name="testAddMaxValue" time="0.001" classname="org.chocosolver.util.objects.setDataStructures.backtrackable.LinkedListTest"/>
  <testcase name="testAddNominal" time="0.000" classname="org.chocosolver.util.objects.setDataStructures.backtrackable.LinkedListTest"/>
  <testcase name="testMultipleLoops" time="0.000" classname="org.chocosolver.util.objects.setDataStructures.backtrackable.LinkedListTest"/>
  <testcase name="testTwoPushes" time="0.000" classname="org.chocosolver.util.objects.setDataStructures.backtrackable.LinkedListTest"/>
  <testcase name="memoryCrashTest" time="0.338" classname="org.chocosolver.util.objects.setDataStructures.backtrackable.LinkedListTest"/>
  <testcase name="testAddRemoveReturnValueNB" time="0.000" classname="org.chocosolver.util.objects.setDataStructures.backtrackable.LinkedListTest"/>
  <testcase name="testVoidPushes" time="0.000" classname="org.chocosolver.util.objects.setDataStructures.backtrackable.LinkedListTest"/>
  <testcase name="testRemoveInLoop" time="0.001" classname="org.chocosolver.util.objects.setDataStructures.backtrackable.LinkedListTest"/>
  <testcase name="testTwoSets" time="0.000" classname="org.chocosolver.util.objects.setDataStructures.backtrackable.LinkedListTest"/>
  <testcase name="testSeveralPushes" time="0.501" classname="org.chocosolver.util.objects.setDataStructures.backtrackable.LinkedListTest"/>
  <testcase name="testAddNegativeKO" time="0.000" classname="org.chocosolver.util.objects.setDataStructures.backtrackable.LinkedListTest"/>
  <testcase name="testAddAlreadyExists" time="0.000" classname="org.chocosolver.util.objects.setDataStructures.backtrackable.LinkedListTest"/>
  <testcase name="testEmptyMin" time="0.000" classname="org.chocosolver.util.objects.setDataStructures.backtrackable.LinkedListTest"/>
  <testcase name="testAddNegativeOK" time="0.000" classname="org.chocosolver.util.objects.setDataStructures.backtrackable.LinkedListTest"/>
  <testcase name="testRemove" time="0.001" classname="org.chocosolver.util.objects.setDataStructures.backtrackable.LinkedListTest"/>
</testsuite> <!-- org.chocosolver.util.objects.setDataStructures.backtrackable.LinkedListTest -->
