<?xml version="1.0" encoding="UTF-8"?>
<!-- Generated by org.testng.reporters.JUnitReportReporter -->
<testsuite skipped="0" hostname="cyclone1" name="org.chocosolver.solver.EnvironmentTest" tests="5" failures="0" timestamp="26 May 2018 19:10:34 GMT" time="0.413" errors="0">
  <testcase name="testJL01" time="0.003" classname="org.chocosolver.solver.EnvironmentTest"/>
  <testcase name="testSize" time="0.191" classname="org.chocosolver.solver.EnvironmentTest"/>
  <testcase name="testSize" time="0.215" classname="org.chocosolver.solver.EnvironmentTest"/>
  <testcase name="testJL02" time="0.003" classname="org.chocosolver.solver.EnvironmentTest"/>
  <testcase name="testBuilder" time="0.001" classname="org.chocosolver.solver.EnvironmentTest"/>
</testsuite> <!-- org.chocosolver.solver.EnvironmentTest -->
