<?xml version="1.0" encoding="UTF-8"?>
<!-- Generated by org.testng.reporters.JUnitReportReporter -->
<testsuite skipped="0" hostname="cyclone1" name="org.chocosolver.memory.PopTest" tests="4" failures="0" timestamp="26 May 2018 19:10:34 GMT" time="0.002" errors="0">
  <testcase name="testEnvPushPop" time="0.001" classname="org.chocosolver.memory.PopTest"/>
  <testcase name="testEnvTPop" time="0.000" classname="org.chocosolver.memory.PopTest"/>
  <testcase name="testEnvTPop" time="0.000" classname="org.chocosolver.memory.PopTest"/>
  <testcase name="testEnvPushPop" time="0.001" classname="org.chocosolver.memory.PopTest"/>
</testsuite> <!-- org.chocosolver.memory.PopTest -->
