<?xml version="1.0" encoding="UTF-8"?>
<!-- Generated by org.testng.reporters.JUnitReportReporter -->
<testsuite skipped="0" hostname="cyclone1" name="org.chocosolver.solver.variables.IteratorTest" tests="37" failures="0" timestamp="26 May 2018 19:10:34 GMT" time="0.018" errors="0">
  <testcase name="testScale1" time="0.000" classname="org.chocosolver.solver.variables.IteratorTest"/>
  <testcase name="testMax4" time="0.000" classname="org.chocosolver.solver.variables.IteratorTest"/>
  <testcase name="testMinus2" time="0.001" classname="org.chocosolver.solver.variables.IteratorTest"/>
  <testcase name="testCste4" time="0.000" classname="org.chocosolver.solver.variables.IteratorTest"/>
  <testcase name="testMinus3" time="0.001" classname="org.chocosolver.solver.variables.IteratorTest"/>
  <testcase name="testMinus4" time="0.000" classname="org.chocosolver.solver.variables.IteratorTest"/>
  <testcase name="testEnum3" time="0.000" classname="org.chocosolver.solver.variables.IteratorTest"/>
  <testcase name="testOffset2" time="0.000" classname="org.chocosolver.solver.variables.IteratorTest"/>
  <testcase name="testAbs1" time="0.000" classname="org.chocosolver.solver.variables.IteratorTest"/>
  <testcase name="testBound1" time="0.000" classname="org.chocosolver.solver.variables.IteratorTest"/>
  <testcase name="testCste2" time="0.000" classname="org.chocosolver.solver.variables.IteratorTest"/>
  <testcase name="testAbs2" time="0.003" classname="org.chocosolver.solver.variables.IteratorTest"/>
  <testcase name="testBound3" time="0.000" classname="org.chocosolver.solver.variables.IteratorTest"/>
  <testcase name="testBool1" time="0.000" classname="org.chocosolver.solver.variables.IteratorTest"/>
  <testcase name="testMax1" time="0.002" classname="org.chocosolver.solver.variables.IteratorTest"/>
  <testcase name="testOffset3" time="0.000" classname="org.chocosolver.solver.variables.IteratorTest"/>
  <testcase name="testBool2" time="0.000" classname="org.chocosolver.solver.variables.IteratorTest"/>
  <testcase name="testAbs4" time="0.001" classname="org.chocosolver.solver.variables.IteratorTest"/>
  <testcase name="testOffset1" time="0.001" classname="org.chocosolver.solver.variables.IteratorTest"/>
  <testcase name="testScale3" time="0.001" classname="org.chocosolver.solver.variables.IteratorTest"/>
  <testcase name="testBound2" time="0.001" classname="org.chocosolver.solver.variables.IteratorTest"/>
  <testcase name="testCste1" time="0.000" classname="org.chocosolver.solver.variables.IteratorTest"/>
  <testcase name="testScale2" time="0.000" classname="org.chocosolver.solver.variables.IteratorTest"/>
  <testcase name="testEnum4" time="0.000" classname="org.chocosolver.solver.variables.IteratorTest"/>
  <testcase name="testAbs3" time="0.001" classname="org.chocosolver.solver.variables.IteratorTest"/>
  <testcase name="testBound4" time="0.001" classname="org.chocosolver.solver.variables.IteratorTest"/>
  <testcase name="testMinus1" time="0.000" classname="org.chocosolver.solver.variables.IteratorTest"/>
  <testcase name="testOffset4" time="0.001" classname="org.chocosolver.solver.variables.IteratorTest"/>
  <testcase name="testMax2" time="0.000" classname="org.chocosolver.solver.variables.IteratorTest"/>
  <testcase name="testEnum2" time="0.001" classname="org.chocosolver.solver.variables.IteratorTest"/>
  <testcase name="testMax3" time="0.001" classname="org.chocosolver.solver.variables.IteratorTest"/>
  <testcase name="testEnum1" time="0.000" classname="org.chocosolver.solver.variables.IteratorTest"/>
  <testcase name="testScale4" time="0.000" classname="org.chocosolver.solver.variables.IteratorTest"/>
  <testcase name="JLiangWaterlooTest" time="0.000" classname="org.chocosolver.solver.variables.IteratorTest"/>
  <testcase name="testBool4" time="0.000" classname="org.chocosolver.solver.variables.IteratorTest"/>
  <testcase name="testCste3" time="0.001" classname="org.chocosolver.solver.variables.IteratorTest"/>
  <testcase name="testBool3" time="0.001" classname="org.chocosolver.solver.variables.IteratorTest"/>
</testsuite> <!-- org.chocosolver.solver.variables.IteratorTest -->
