<?xml version="1.0" encoding="UTF-8"?>
<!-- Generated by org.testng.reporters.JUnitReportReporter -->
<testsuite skipped="0" hostname="cyclone1" name="org.chocosolver.solver.constraints.set.IntCstMemberTest" tests="3" failures="0" timestamp="26 May 2018 19:10:34 GMT" time="0.007" errors="0">
  <testcase name="testFalse" time="0.001" classname="org.chocosolver.solver.constraints.set.IntCstMemberTest"/>
  <testcase name="testTrue" time="0.003" classname="org.chocosolver.solver.constraints.set.IntCstMemberTest"/>
  <testcase name="testNominal" time="0.003" classname="org.chocosolver.solver.constraints.set.IntCstMemberTest"/>
</testsuite> <!-- org.chocosolver.solver.constraints.set.IntCstMemberTest -->
