<?xml version="1.0" encoding="UTF-8"?>
<!-- Generated by org.testng.reporters.JUnitReportReporter -->
<testsuite skipped="0" hostname="cyclone1" name="org.chocosolver.util.tools.VariableUtilsTest" tests="4" failures="0" timestamp="26 May 2018 19:10:34 GMT" time="1.188" errors="0">
  <testcase name="testBoundsForDivision" time="0.358" classname="org.chocosolver.util.tools.VariableUtilsTest"/>
  <testcase name="testBoundsForAddition" time="0.206" classname="org.chocosolver.util.tools.VariableUtilsTest"/>
  <testcase name="testBoundsForSubstraction" time="0.199" classname="org.chocosolver.util.tools.VariableUtilsTest"/>
  <testcase name="testBoundsForMultiplication" time="0.425" classname="org.chocosolver.util.tools.VariableUtilsTest"/>
</testsuite> <!-- org.chocosolver.util.tools.VariableUtilsTest -->
