<?xml version="1.0" encoding="UTF-8"?>
<!-- Generated by org.testng.reporters.JUnitReportReporter -->
<testsuite skipped="0" hostname="cyclone1" name="org.chocosolver.solver.variables.ViewSumXYTest" tests="3" failures="0" timestamp="26 May 2018 19:10:34 GMT" time="1.079" errors="0">
  <testcase name="test1" time="0.001" classname="org.chocosolver.solver.variables.ViewSumXYTest"/>
  <testcase name="test2" time="0.559" classname="org.chocosolver.solver.variables.ViewSumXYTest"/>
  <testcase name="test3" time="0.519" classname="org.chocosolver.solver.variables.ViewSumXYTest"/>
</testsuite> <!-- org.chocosolver.solver.variables.ViewSumXYTest -->
