<?xml version="1.0" encoding="UTF-8"?>
<!-- Generated by org.testng.reporters.JUnitReportReporter -->
<testsuite skipped="0" hostname="cyclone1" name="org.chocosolver.solver.variables.impl.EnumIntVarTest" tests="21" failures="0" timestamp="26 May 2018 19:10:34 GMT" time="0.009" errors="0">
  <testcase name="testRemoveValuesEmptyDomain" time="0.000" classname="org.chocosolver.solver.variables.impl.EnumIntVarTest"/>
  <testcase name="testRemoveValueEmptyDomain" time="0.001" classname="org.chocosolver.solver.variables.impl.EnumIntVarTest"/>
  <testcase name="testRemoveValuesCoverBound" time="0.000" classname="org.chocosolver.solver.variables.impl.EnumIntVarTest"/>
  <testcase name="testRemoveValuesOK" time="0.000" classname="org.chocosolver.solver.variables.impl.EnumIntVarTest"/>
  <testcase name="testRemoveValuesWrongDomain" time="0.001" classname="org.chocosolver.solver.variables.impl.EnumIntVarTest"/>
  <testcase name="removeAllValuesButCoverBound" time="0.000" classname="org.chocosolver.solver.variables.impl.EnumIntVarTest"/>
  <testcase name="testRemoveIntervalEmptyDomain" time="0.000" classname="org.chocosolver.solver.variables.impl.EnumIntVarTest"/>
  <testcase name="testRemoveValuesTwoSides" time="0.000" classname="org.chocosolver.solver.variables.impl.EnumIntVarTest"/>
  <testcase name="testRemoveValueWrongDomain" time="0.000" classname="org.chocosolver.solver.variables.impl.EnumIntVarTest"/>
  <testcase name="testRemoveValuesButInner" time="0.001" classname="org.chocosolver.solver.variables.impl.EnumIntVarTest"/>
  <testcase name="removeAllValuesButWrongDomain" time="0.002" classname="org.chocosolver.solver.variables.impl.EnumIntVarTest"/>
  <testcase name="testRemoveIntervalWrongDomain" time="0.001" classname="org.chocosolver.solver.variables.impl.EnumIntVarTest"/>
  <testcase name="testRemoveValueOK" time="0.001" classname="org.chocosolver.solver.variables.impl.EnumIntVarTest"/>
  <testcase name="testRemoveIntervalCoverBound" time="0.000" classname="org.chocosolver.solver.variables.impl.EnumIntVarTest"/>
  <testcase name="testRemoveIntervalCoverDomain" time="0.000" classname="org.chocosolver.solver.variables.impl.EnumIntVarTest"/>
  <testcase name="testRemoveValueInner" time="0.000" classname="org.chocosolver.solver.variables.impl.EnumIntVarTest"/>
  <testcase name="testRemoveIntervalOK" time="0.000" classname="org.chocosolver.solver.variables.impl.EnumIntVarTest"/>
  <testcase name="testRemoveAllValuesButCoverDomain" time="0.000" classname="org.chocosolver.solver.variables.impl.EnumIntVarTest"/>
  <testcase name="testRemoveValuesButOK" time="0.001" classname="org.chocosolver.solver.variables.impl.EnumIntVarTest"/>
  <testcase name="testRemoveIntervalInner" time="0.000" classname="org.chocosolver.solver.variables.impl.EnumIntVarTest"/>
  <testcase name="testRemoveValuesInner" time="0.001" classname="org.chocosolver.solver.variables.impl.EnumIntVarTest"/>
</testsuite> <!-- org.chocosolver.solver.variables.impl.EnumIntVarTest -->
