<?xml version="1.0" encoding="UTF-8"?>
<!-- Generated by org.testng.reporters.JUnitReportReporter -->
<testsuite skipped="0" hostname="cyclone1" name="org.chocosolver.solver.constraints.nary.SortTest" tests="4" failures="0" timestamp="26 May 2018 19:10:34 GMT" time="0.025" errors="0">
  <testcase name="test4" time="0.001" classname="org.chocosolver.solver.constraints.nary.SortTest"/>
  <testcase name="test2" time="0.001" classname="org.chocosolver.solver.constraints.nary.SortTest"/>
  <testcase name="test1" time="0.023" classname="org.chocosolver.solver.constraints.nary.SortTest"/>
  <testcase name="test3" time="0.000" classname="org.chocosolver.solver.constraints.nary.SortTest"/>
</testsuite> <!-- org.chocosolver.solver.constraints.nary.SortTest -->
