<?xml version="1.0" encoding="UTF-8"?>
<!-- Generated by org.testng.reporters.JUnitReportReporter -->
<testsuite skipped="0" hostname="cyclone1" name="org.chocosolver.solver.explanations.ExplanationEngineTest" tests="204" failures="0" timestamp="26 May 2018 19:10:34 GMT" time="54.272" errors="0">
  <testcase name="testsmallLN" time="0.050" classname="org.chocosolver.solver.explanations.ExplanationEngineTest"/>
  <testcase name="test3" time="0.003" classname="org.chocosolver.solver.explanations.ExplanationEngineTest"/>
  <testcase name="testLSsmall" time="0.330" classname="org.chocosolver.solver.explanations.ExplanationEngineTest"/>
  <testcase name="testMSsmall" time="0.017" classname="org.chocosolver.solver.explanations.ExplanationEngineTest"/>
  <testcase name="test3" time="0.000" classname="org.chocosolver.solver.explanations.ExplanationEngineTest"/>
  <testcase name="testsmallCA" time="3.175" classname="org.chocosolver.solver.explanations.ExplanationEngineTest"/>
  <testcase name="testPAsmall" time="0.009" classname="org.chocosolver.solver.explanations.ExplanationEngineTest"/>
  <testcase name="testReif3" time="0.002" classname="org.chocosolver.solver.explanations.ExplanationEngineTest"/>
  <testcase name="testsmallLN" time="0.057" classname="org.chocosolver.solver.explanations.ExplanationEngineTest"/>
  <testcase name="testLSsmall" time="0.001" classname="org.chocosolver.solver.explanations.ExplanationEngineTest"/>
  <testcase name="testsmallCA" time="0.048" classname="org.chocosolver.solver.explanations.ExplanationEngineTest"/>
  <testcase name="testsmallCA" time="0.235" classname="org.chocosolver.solver.explanations.ExplanationEngineTest"/>
  <testcase name="testsmallGR" time="0.023" classname="org.chocosolver.solver.explanations.ExplanationEngineTest"/>
  <testcase name="testLSsmall" time="0.004" classname="org.chocosolver.solver.explanations.ExplanationEngineTest"/>
  <testcase name="test3" time="0.001" classname="org.chocosolver.solver.explanations.ExplanationEngineTest"/>
  <testcase name="testsmallGR" time="1.663" classname="org.chocosolver.solver.explanations.ExplanationEngineTest"/>
  <testcase name="testLSsmall" time="0.002" classname="org.chocosolver.solver.explanations.ExplanationEngineTest"/>
  <testcase name="testsmallCA" time="0.042" classname="org.chocosolver.solver.explanations.ExplanationEngineTest"/>
  <testcase name="testLSsmall" time="0.027" classname="org.chocosolver.solver.explanations.ExplanationEngineTest"/>
  <testcase name="testLSsmall" time="0.014" classname="org.chocosolver.solver.explanations.ExplanationEngineTest"/>
  <testcase name="testsmallGR" time="0.089" classname="org.chocosolver.solver.explanations.ExplanationEngineTest"/>
  <testcase name="testsmallGR" time="0.004" classname="org.chocosolver.solver.explanations.ExplanationEngineTest"/>
  <testcase name="testLSsmall" time="0.001" classname="org.chocosolver.solver.explanations.ExplanationEngineTest"/>
  <testcase name="testsmallCA" time="0.002" classname="org.chocosolver.solver.explanations.ExplanationEngineTest"/>
  <testcase name="testLSsmall" time="0.002" classname="org.chocosolver.solver.explanations.ExplanationEngineTest"/>
  <testcase name="testsmallGR" time="0.112" classname="org.chocosolver.solver.explanations.ExplanationEngineTest"/>
  <testcase name="testClauses4" time="0.002" classname="org.chocosolver.solver.explanations.ExplanationEngineTest"/>
  <testcase name="testsmallLN" time="0.041" classname="org.chocosolver.solver.explanations.ExplanationEngineTest"/>
  <testcase name="testLSsmall" time="5.394" classname="org.chocosolver.solver.explanations.ExplanationEngineTest"/>
  <testcase name="testMSsmall" time="0.173" classname="org.chocosolver.solver.explanations.ExplanationEngineTest"/>
  <testcase name="testLSsmall" time="0.001" classname="org.chocosolver.solver.explanations.ExplanationEngineTest"/>
  <testcase name="testMSsmall" time="0.005" classname="org.chocosolver.solver.explanations.ExplanationEngineTest"/>
  <testcase name="testPAsmall" time="0.006" classname="org.chocosolver.solver.explanations.ExplanationEngineTest"/>
  <testcase name="testsmallCA" time="0.005" classname="org.chocosolver.solver.explanations.ExplanationEngineTest"/>
  <testcase name="testsmallCA" time="0.106" classname="org.chocosolver.solver.explanations.ExplanationEngineTest"/>
  <testcase name="testLSsmall" time="0.002" classname="org.chocosolver.solver.explanations.ExplanationEngineTest"/>
  <testcase name="testsmallCA" time="0.006" classname="org.chocosolver.solver.explanations.ExplanationEngineTest"/>
  <testcase name="testLSsmall" time="0.001" classname="org.chocosolver.solver.explanations.ExplanationEngineTest"/>
  <testcase name="testPAsmall" time="0.051" classname="org.chocosolver.solver.explanations.ExplanationEngineTest"/>
  <testcase name="testsmallLN" time="0.001" classname="org.chocosolver.solver.explanations.ExplanationEngineTest"/>
  <testcase name="testPAsmall" time="0.004" classname="org.chocosolver.solver.explanations.ExplanationEngineTest"/>
  <testcase name="aTest" time="0.003" classname="org.chocosolver.solver.explanations.ExplanationEngineTest"/>
  <testcase name="testLSsmall" time="0.001" classname="org.chocosolver.solver.explanations.ExplanationEngineTest"/>
  <testcase name="testMSsmall" time="0.433" classname="org.chocosolver.solver.explanations.ExplanationEngineTest"/>
  <testcase name="testLSsmall" time="0.046" classname="org.chocosolver.solver.explanations.ExplanationEngineTest"/>
  <testcase name="testLSsmall" time="0.001" classname="org.chocosolver.solver.explanations.ExplanationEngineTest"/>
  <testcase name="testsmallLN" time="0.001" classname="org.chocosolver.solver.explanations.ExplanationEngineTest"/>
  <testcase name="testLSsmall" time="0.046" classname="org.chocosolver.solver.explanations.ExplanationEngineTest"/>
  <testcase name="testLSsmall" time="0.000" classname="org.chocosolver.solver.explanations.ExplanationEngineTest"/>
  <testcase name="testLSsmall" time="0.002" classname="org.chocosolver.solver.explanations.ExplanationEngineTest"/>
  <testcase name="testsmallCA" time="0.236" classname="org.chocosolver.solver.explanations.ExplanationEngineTest"/>
  <testcase name="testLSsmall" time="0.002" classname="org.chocosolver.solver.explanations.ExplanationEngineTest"/>
  <testcase name="testsmallLN" time="0.001" classname="org.chocosolver.solver.explanations.ExplanationEngineTest"/>
  <testcase name="testsmallCA" time="0.005" classname="org.chocosolver.solver.explanations.ExplanationEngineTest"/>
  <testcase name="testPAsmall" time="0.030" classname="org.chocosolver.solver.explanations.ExplanationEngineTest"/>
  <testcase name="testNosol0E" time="1.930" classname="org.chocosolver.solver.explanations.ExplanationEngineTest"/>
  <testcase name="testsmallCA" time="0.006" classname="org.chocosolver.solver.explanations.ExplanationEngineTest"/>
  <testcase name="testsmallLN" time="0.000" classname="org.chocosolver.solver.explanations.ExplanationEngineTest"/>
  <testcase name="testMSsmall" time="0.015" classname="org.chocosolver.solver.explanations.ExplanationEngineTest"/>
  <testcase name="testNosol1B" time="0.053" classname="org.chocosolver.solver.explanations.ExplanationEngineTest"/>
  <testcase name="testPAsmall" time="0.005" classname="org.chocosolver.solver.explanations.ExplanationEngineTest"/>
  <testcase name="testsmallCA" time="0.047" classname="org.chocosolver.solver.explanations.ExplanationEngineTest"/>
  <testcase name="testNosol0B" time="0.756" classname="org.chocosolver.solver.explanations.ExplanationEngineTest"/>
  <testcase name="testsmallGR" time="0.689" classname="org.chocosolver.solver.explanations.ExplanationEngineTest"/>
  <testcase name="testPAsmall" time="0.005" classname="org.chocosolver.solver.explanations.ExplanationEngineTest"/>
  <testcase name="testPAsmall" time="0.052" classname="org.chocosolver.solver.explanations.ExplanationEngineTest"/>
  <testcase name="test2" time="0.028" classname="org.chocosolver.solver.explanations.ExplanationEngineTest"/>
  <testcase name="testsmallCA" time="4.130" classname="org.chocosolver.solver.explanations.ExplanationEngineTest"/>
  <testcase name="testPAsmall" time="0.007" classname="org.chocosolver.solver.explanations.ExplanationEngineTest"/>
  <testcase name="testClauses2" time="0.001" classname="org.chocosolver.solver.explanations.ExplanationEngineTest"/>
  <testcase name="testLSsmall" time="0.004" classname="org.chocosolver.solver.explanations.ExplanationEngineTest"/>
  <testcase name="testsmallGR" time="1.060" classname="org.chocosolver.solver.explanations.ExplanationEngineTest"/>
  <testcase name="testsmallGR" time="0.005" classname="org.chocosolver.solver.explanations.ExplanationEngineTest"/>
  <testcase name="testLSsmall" time="0.001" classname="org.chocosolver.solver.explanations.ExplanationEngineTest"/>
  <testcase name="testsmallCA" time="0.003" classname="org.chocosolver.solver.explanations.ExplanationEngineTest"/>
  <testcase name="testsmallCA" time="0.095" classname="org.chocosolver.solver.explanations.ExplanationEngineTest"/>
  <testcase name="testsmallCA" time="0.003" classname="org.chocosolver.solver.explanations.ExplanationEngineTest"/>
  <testcase name="test111" time="0.001" classname="org.chocosolver.solver.explanations.ExplanationEngineTest"/>
  <testcase name="testsmallCA" time="0.002" classname="org.chocosolver.solver.explanations.ExplanationEngineTest"/>
  <testcase name="testsmallLN" time="4.515" classname="org.chocosolver.solver.explanations.ExplanationEngineTest"/>
  <testcase name="testsmallCA" time="0.092" classname="org.chocosolver.solver.explanations.ExplanationEngineTest"/>
  <testcase name="testMSsmall" time="0.027" classname="org.chocosolver.solver.explanations.ExplanationEngineTest"/>
  <testcase name="testsmallLN" time="0.001" classname="org.chocosolver.solver.explanations.ExplanationEngineTest"/>
  <testcase name="testsmallCA" time="0.006" classname="org.chocosolver.solver.explanations.ExplanationEngineTest"/>
  <testcase name="testLSsmall" time="0.026" classname="org.chocosolver.solver.explanations.ExplanationEngineTest"/>
  <testcase name="test3" time="0.001" classname="org.chocosolver.solver.explanations.ExplanationEngineTest"/>
  <testcase name="testPAsmall" time="0.008" classname="org.chocosolver.solver.explanations.ExplanationEngineTest"/>
  <testcase name="testsmallGR" time="0.896" classname="org.chocosolver.solver.explanations.ExplanationEngineTest"/>
  <testcase name="testLSsmall" time="0.006" classname="org.chocosolver.solver.explanations.ExplanationEngineTest"/>
  <testcase name="testLSsmall" time="0.001" classname="org.chocosolver.solver.explanations.ExplanationEngineTest"/>
  <testcase name="testLSsmall" time="0.009" classname="org.chocosolver.solver.explanations.ExplanationEngineTest"/>
  <testcase name="testsmallCA" time="1.464" classname="org.chocosolver.solver.explanations.ExplanationEngineTest"/>
  <testcase name="testsmallCA" time="0.072" classname="org.chocosolver.solver.explanations.ExplanationEngineTest"/>
  <testcase name="testLSsmall" time="0.047" classname="org.chocosolver.solver.explanations.ExplanationEngineTest"/>
  <testcase name="testLSsmall" time="0.001" classname="org.chocosolver.solver.explanations.ExplanationEngineTest"/>
  <testcase name="testLSsmall" time="0.003" classname="org.chocosolver.solver.explanations.ExplanationEngineTest"/>
  <testcase name="test3" time="0.000" classname="org.chocosolver.solver.explanations.ExplanationEngineTest"/>
  <testcase name="testsmallCA" time="0.004" classname="org.chocosolver.solver.explanations.ExplanationEngineTest"/>
  <testcase name="testsmallLN" time="0.029" classname="org.chocosolver.solver.explanations.ExplanationEngineTest"/>
  <testcase name="testNosol1E" time="0.173" classname="org.chocosolver.solver.explanations.ExplanationEngineTest"/>
  <testcase name="testReif2" time="0.002" classname="org.chocosolver.solver.explanations.ExplanationEngineTest"/>
  <testcase name="testPAsmall" time="0.099" classname="org.chocosolver.solver.explanations.ExplanationEngineTest"/>
  <testcase name="testsmallCA" time="0.013" classname="org.chocosolver.solver.explanations.ExplanationEngineTest"/>
  <testcase name="testLSsmall" time="0.001" classname="org.chocosolver.solver.explanations.ExplanationEngineTest"/>
  <testcase name="testsmallCA" time="2.258" classname="org.chocosolver.solver.explanations.ExplanationEngineTest"/>
  <testcase name="testLSsmall" time="0.006" classname="org.chocosolver.solver.explanations.ExplanationEngineTest"/>
  <testcase name="testPAsmall" time="0.074" classname="org.chocosolver.solver.explanations.ExplanationEngineTest"/>
  <testcase name="test1" time="0.015" classname="org.chocosolver.solver.explanations.ExplanationEngineTest"/>
  <testcase name="testLSsmall" time="1.268" classname="org.chocosolver.solver.explanations.ExplanationEngineTest"/>
  <testcase name="testsmallGR" time="0.017" classname="org.chocosolver.solver.explanations.ExplanationEngineTest"/>
  <testcase name="testsmallGR" time="0.191" classname="org.chocosolver.solver.explanations.ExplanationEngineTest"/>
  <testcase name="testLSsmall" time="0.014" classname="org.chocosolver.solver.explanations.ExplanationEngineTest"/>
  <testcase name="testLSsmall" time="0.002" classname="org.chocosolver.solver.explanations.ExplanationEngineTest"/>
  <testcase name="testsmallGR" time="0.225" classname="org.chocosolver.solver.explanations.ExplanationEngineTest"/>
  <testcase name="testPAsmall" time="0.006" classname="org.chocosolver.solver.explanations.ExplanationEngineTest"/>
  <testcase name="testsmallCA" time="0.038" classname="org.chocosolver.solver.explanations.ExplanationEngineTest"/>
  <testcase name="testsmallCA" time="0.004" classname="org.chocosolver.solver.explanations.ExplanationEngineTest"/>
  <testcase name="testMSsmall" time="2.167" classname="org.chocosolver.solver.explanations.ExplanationEngineTest"/>
  <testcase name="testsmallCA" time="0.005" classname="org.chocosolver.solver.explanations.ExplanationEngineTest"/>
  <testcase name="testsmallGR" time="0.003" classname="org.chocosolver.solver.explanations.ExplanationEngineTest"/>
  <testcase name="testLSsmall" time="0.001" classname="org.chocosolver.solver.explanations.ExplanationEngineTest"/>
  <testcase name="testLSsmall" time="0.003" classname="org.chocosolver.solver.explanations.ExplanationEngineTest"/>
  <testcase name="testsmallLN" time="0.036" classname="org.chocosolver.solver.explanations.ExplanationEngineTest"/>
  <testcase name="test3" time="0.001" classname="org.chocosolver.solver.explanations.ExplanationEngineTest"/>
  <testcase name="testsmallGR" time="1.654" classname="org.chocosolver.solver.explanations.ExplanationEngineTest"/>
  <testcase name="testReif" time="0.003" classname="org.chocosolver.solver.explanations.ExplanationEngineTest"/>
  <testcase name="testClauses" time="0.000" classname="org.chocosolver.solver.explanations.ExplanationEngineTest"/>
  <testcase name="test3" time="0.047" classname="org.chocosolver.solver.explanations.ExplanationEngineTest"/>
  <testcase name="testsmallCA" time="0.015" classname="org.chocosolver.solver.explanations.ExplanationEngineTest"/>
  <testcase name="test3" time="0.001" classname="org.chocosolver.solver.explanations.ExplanationEngineTest"/>
  <testcase name="test3" time="0.001" classname="org.chocosolver.solver.explanations.ExplanationEngineTest"/>
  <testcase name="testOnce1" time="0.003" classname="org.chocosolver.solver.explanations.ExplanationEngineTest"/>
  <testcase name="testLSsmall" time="0.003" classname="org.chocosolver.solver.explanations.ExplanationEngineTest"/>
  <testcase name="testsmallLN" time="0.001" classname="org.chocosolver.solver.explanations.ExplanationEngineTest"/>
  <testcase name="testsmallCA" time="0.073" classname="org.chocosolver.solver.explanations.ExplanationEngineTest"/>
  <testcase name="testLSsmall" time="0.002" classname="org.chocosolver.solver.explanations.ExplanationEngineTest"/>
  <testcase name="test01" time="0.013" classname="org.chocosolver.solver.explanations.ExplanationEngineTest"/>
  <testcase name="testsmallLN" time="2.053" classname="org.chocosolver.solver.explanations.ExplanationEngineTest"/>
  <testcase name="testMSsmall" time="0.009" classname="org.chocosolver.solver.explanations.ExplanationEngineTest"/>
  <testcase name="testsmallLN" time="1.541" classname="org.chocosolver.solver.explanations.ExplanationEngineTest"/>
  <testcase name="testsmallGR" time="0.004" classname="org.chocosolver.solver.explanations.ExplanationEngineTest"/>
  <testcase name="testPAsmall" time="0.039" classname="org.chocosolver.solver.explanations.ExplanationEngineTest"/>
  <testcase name="testsmallGR" time="0.015" classname="org.chocosolver.solver.explanations.ExplanationEngineTest"/>
  <testcase name="testsmallLN" time="0.001" classname="org.chocosolver.solver.explanations.ExplanationEngineTest"/>
  <testcase name="testsmallCA" time="0.005" classname="org.chocosolver.solver.explanations.ExplanationEngineTest"/>
  <testcase name="testLSsmall" time="0.172" classname="org.chocosolver.solver.explanations.ExplanationEngineTest"/>
  <testcase name="testLSsmall" time="0.029" classname="org.chocosolver.solver.explanations.ExplanationEngineTest"/>
  <testcase name="testsmallCA" time="0.004" classname="org.chocosolver.solver.explanations.ExplanationEngineTest"/>
  <testcase name="testLSsmall" time="0.006" classname="org.chocosolver.solver.explanations.ExplanationEngineTest"/>
  <testcase name="testsmallGR" time="0.004" classname="org.chocosolver.solver.explanations.ExplanationEngineTest"/>
  <testcase name="testsmallGR" time="0.011" classname="org.chocosolver.solver.explanations.ExplanationEngineTest"/>
  <testcase name="testLSsmall" time="0.001" classname="org.chocosolver.solver.explanations.ExplanationEngineTest"/>
  <testcase name="test3" time="0.007" classname="org.chocosolver.solver.explanations.ExplanationEngineTest"/>
  <testcase name="test4" time="0.001" classname="org.chocosolver.solver.explanations.ExplanationEngineTest"/>
  <testcase name="test3" time="0.016" classname="org.chocosolver.solver.explanations.ExplanationEngineTest"/>
  <testcase name="testsmallCA" time="0.005" classname="org.chocosolver.solver.explanations.ExplanationEngineTest"/>
  <testcase name="testLSsmall" time="0.012" classname="org.chocosolver.solver.explanations.ExplanationEngineTest"/>
  <testcase name="testsmallLN" time="0.923" classname="org.chocosolver.solver.explanations.ExplanationEngineTest"/>
  <testcase name="testPAsmall" time="0.088" classname="org.chocosolver.solver.explanations.ExplanationEngineTest"/>
  <testcase name="test3" time="0.029" classname="org.chocosolver.solver.explanations.ExplanationEngineTest"/>
  <testcase name="testMSsmall" time="0.281" classname="org.chocosolver.solver.explanations.ExplanationEngineTest"/>
  <testcase name="test3" time="0.001" classname="org.chocosolver.solver.explanations.ExplanationEngineTest"/>
  <testcase name="testLSsmall" time="0.001" classname="org.chocosolver.solver.explanations.ExplanationEngineTest"/>
  <testcase name="testLSsmall" time="0.003" classname="org.chocosolver.solver.explanations.ExplanationEngineTest"/>
  <testcase name="testPAsmall" time="0.076" classname="org.chocosolver.solver.explanations.ExplanationEngineTest"/>
  <testcase name="testsmallCA" time="0.007" classname="org.chocosolver.solver.explanations.ExplanationEngineTest"/>
  <testcase name="testLSsmall" time="0.006" classname="org.chocosolver.solver.explanations.ExplanationEngineTest"/>
  <testcase name="testMSsmall" time="2.180" classname="org.chocosolver.solver.explanations.ExplanationEngineTest"/>
  <testcase name="testsmallLN" time="0.001" classname="org.chocosolver.solver.explanations.ExplanationEngineTest"/>
  <testcase name="testLSsmall" time="0.001" classname="org.chocosolver.solver.explanations.ExplanationEngineTest"/>
  <testcase name="testsmallCA" time="0.001" classname="org.chocosolver.solver.explanations.ExplanationEngineTest"/>
  <testcase name="testLSsmall" time="0.003" classname="org.chocosolver.solver.explanations.ExplanationEngineTest"/>
  <testcase name="testsmallCA" time="4.110" classname="org.chocosolver.solver.explanations.ExplanationEngineTest"/>
  <testcase name="testsmallCA" time="0.012" classname="org.chocosolver.solver.explanations.ExplanationEngineTest"/>
  <testcase name="testsmallLN" time="4.545" classname="org.chocosolver.solver.explanations.ExplanationEngineTest"/>
  <testcase name="testsmallCA" time="0.026" classname="org.chocosolver.solver.explanations.ExplanationEngineTest"/>
  <testcase name="testLSsmall" time="0.018" classname="org.chocosolver.solver.explanations.ExplanationEngineTest"/>
  <testcase name="testsmallLN" time="0.001" classname="org.chocosolver.solver.explanations.ExplanationEngineTest"/>
  <testcase name="testLSsmall" time="0.181" classname="org.chocosolver.solver.explanations.ExplanationEngineTest"/>
  <testcase name="testLSsmall" time="0.009" classname="org.chocosolver.solver.explanations.ExplanationEngineTest"/>
  <testcase name="test3" time="0.003" classname="org.chocosolver.solver.explanations.ExplanationEngineTest"/>
  <testcase name="test3" time="0.000" classname="org.chocosolver.solver.explanations.ExplanationEngineTest"/>
  <testcase name="testPAsmall" time="0.045" classname="org.chocosolver.solver.explanations.ExplanationEngineTest"/>
  <testcase name="testLSsmall" time="0.001" classname="org.chocosolver.solver.explanations.ExplanationEngineTest"/>
  <testcase name="testsmallCA" time="0.007" classname="org.chocosolver.solver.explanations.ExplanationEngineTest"/>
  <testcase name="testClauses3" time="0.001" classname="org.chocosolver.solver.explanations.ExplanationEngineTest"/>
  <testcase name="testsmallCA" time="0.004" classname="org.chocosolver.solver.explanations.ExplanationEngineTest"/>
  <testcase name="testLSsmall" time="0.014" classname="org.chocosolver.solver.explanations.ExplanationEngineTest"/>
  <testcase name="testsmallGR" time="0.129" classname="org.chocosolver.solver.explanations.ExplanationEngineTest"/>
  <testcase name="testsmallCA" time="0.016" classname="org.chocosolver.solver.explanations.ExplanationEngineTest"/>
  <testcase name="testLSsmall" time="0.000" classname="org.chocosolver.solver.explanations.ExplanationEngineTest"/>
  <testcase name="testsmallCA" time="0.153" classname="org.chocosolver.solver.explanations.ExplanationEngineTest"/>
  <testcase name="testPAsmall" time="0.005" classname="org.chocosolver.solver.explanations.ExplanationEngineTest"/>
  <testcase name="testsmallCA" time="0.185" classname="org.chocosolver.solver.explanations.ExplanationEngineTest"/>
  <testcase name="testLSsmall" time="0.001" classname="org.chocosolver.solver.explanations.ExplanationEngineTest"/>
  <testcase name="testsmallGR" time="0.022" classname="org.chocosolver.solver.explanations.ExplanationEngineTest"/>
  <testcase name="testLSsmall" time="0.086" classname="org.chocosolver.solver.explanations.ExplanationEngineTest"/>
  <testcase name="testIntSat" time="0.000" classname="org.chocosolver.solver.explanations.ExplanationEngineTest"/>
  <testcase name="testsmallLN" time="0.000" classname="org.chocosolver.solver.explanations.ExplanationEngineTest"/>
  <testcase name="testsmallCA" time="0.007" classname="org.chocosolver.solver.explanations.ExplanationEngineTest"/>
  <testcase name="testsmallCA" time="0.003" classname="org.chocosolver.solver.explanations.ExplanationEngineTest"/>
  <testcase name="testPAsmall" time="0.010" classname="org.chocosolver.solver.explanations.ExplanationEngineTest"/>
  <testcase name="testPAsmall" time="0.042" classname="org.chocosolver.solver.explanations.ExplanationEngineTest"/>
  <testcase name="testsmallCA" time="0.038" classname="org.chocosolver.solver.explanations.ExplanationEngineTest"/>
</testsuite> <!-- org.chocosolver.solver.explanations.ExplanationEngineTest -->
