<?xml version="1.0" encoding="UTF-8"?>
<!-- Generated by org.testng.reporters.JUnitReportReporter -->
<testsuite skipped="0" hostname="cyclone1" name="org.chocosolver.solver.constraints.ClauseTest" tests="145" failures="0" timestamp="26 May 2018 19:10:34 GMT" time="4.931" errors="0">
  <testcase name="test1" time="0.027" classname="org.chocosolver.solver.constraints.ClauseTest"/>
  <testcase name="test1" time="0.001" classname="org.chocosolver.solver.constraints.ClauseTest"/>
  <testcase name="test1" time="0.105" classname="org.chocosolver.solver.constraints.ClauseTest"/>
  <testcase name="test1" time="0.000" classname="org.chocosolver.solver.constraints.ClauseTest"/>
  <testcase name="test1" time="0.022" classname="org.chocosolver.solver.constraints.ClauseTest"/>
  <testcase name="test1" time="0.004" classname="org.chocosolver.solver.constraints.ClauseTest"/>
  <testcase name="test1" time="0.001" classname="org.chocosolver.solver.constraints.ClauseTest"/>
  <testcase name="test1" time="0.043" classname="org.chocosolver.solver.constraints.ClauseTest"/>
  <testcase name="test1" time="0.041" classname="org.chocosolver.solver.constraints.ClauseTest"/>
  <testcase name="test1" time="0.100" classname="org.chocosolver.solver.constraints.ClauseTest"/>
  <testcase name="test1" time="0.054" classname="org.chocosolver.solver.constraints.ClauseTest"/>
  <testcase name="test1" time="0.053" classname="org.chocosolver.solver.constraints.ClauseTest"/>
  <testcase name="test1" time="0.001" classname="org.chocosolver.solver.constraints.ClauseTest"/>
  <testcase name="test1" time="0.008" classname="org.chocosolver.solver.constraints.ClauseTest"/>
  <testcase name="test1" time="0.001" classname="org.chocosolver.solver.constraints.ClauseTest"/>
  <testcase name="test1" time="0.061" classname="org.chocosolver.solver.constraints.ClauseTest"/>
  <testcase name="test1" time="0.001" classname="org.chocosolver.solver.constraints.ClauseTest"/>
  <testcase name="test1" time="0.108" classname="org.chocosolver.solver.constraints.ClauseTest"/>
  <testcase name="test1" time="0.004" classname="org.chocosolver.solver.constraints.ClauseTest"/>
  <testcase name="test1" time="0.025" classname="org.chocosolver.solver.constraints.ClauseTest"/>
  <testcase name="test1" time="0.022" classname="org.chocosolver.solver.constraints.ClauseTest"/>
  <testcase name="test1" time="0.001" classname="org.chocosolver.solver.constraints.ClauseTest"/>
  <testcase name="test1" time="0.001" classname="org.chocosolver.solver.constraints.ClauseTest"/>
  <testcase name="test1" time="0.001" classname="org.chocosolver.solver.constraints.ClauseTest"/>
  <testcase name="test1" time="0.004" classname="org.chocosolver.solver.constraints.ClauseTest"/>
  <testcase name="test1" time="0.007" classname="org.chocosolver.solver.constraints.ClauseTest"/>
  <testcase name="test1" time="0.004" classname="org.chocosolver.solver.constraints.ClauseTest"/>
  <testcase name="test1" time="0.028" classname="org.chocosolver.solver.constraints.ClauseTest"/>
  <testcase name="test1" time="0.002" classname="org.chocosolver.solver.constraints.ClauseTest"/>
  <testcase name="test1" time="0.008" classname="org.chocosolver.solver.constraints.ClauseTest"/>
  <testcase name="test1" time="0.102" classname="org.chocosolver.solver.constraints.ClauseTest"/>
  <testcase name="test1" time="0.004" classname="org.chocosolver.solver.constraints.ClauseTest"/>
  <testcase name="test1" time="0.001" classname="org.chocosolver.solver.constraints.ClauseTest"/>
  <testcase name="test1" time="0.001" classname="org.chocosolver.solver.constraints.ClauseTest"/>
  <testcase name="test1" time="0.008" classname="org.chocosolver.solver.constraints.ClauseTest"/>
  <testcase name="test1" time="0.001" classname="org.chocosolver.solver.constraints.ClauseTest"/>
  <testcase name="test1" time="0.054" classname="org.chocosolver.solver.constraints.ClauseTest"/>
  <testcase name="test1" time="0.027" classname="org.chocosolver.solver.constraints.ClauseTest"/>
  <testcase name="test1" time="0.105" classname="org.chocosolver.solver.constraints.ClauseTest"/>
  <testcase name="test1" time="0.001" classname="org.chocosolver.solver.constraints.ClauseTest"/>
  <testcase name="test1" time="0.000" classname="org.chocosolver.solver.constraints.ClauseTest"/>
  <testcase name="test1" time="0.003" classname="org.chocosolver.solver.constraints.ClauseTest"/>
  <testcase name="test1" time="0.000" classname="org.chocosolver.solver.constraints.ClauseTest"/>
  <testcase name="test1" time="0.002" classname="org.chocosolver.solver.constraints.ClauseTest"/>
  <testcase name="test1" time="0.001" classname="org.chocosolver.solver.constraints.ClauseTest"/>
  <testcase name="test1" time="0.004" classname="org.chocosolver.solver.constraints.ClauseTest"/>
  <testcase name="test1" time="0.008" classname="org.chocosolver.solver.constraints.ClauseTest"/>
  <testcase name="test1" time="0.026" classname="org.chocosolver.solver.constraints.ClauseTest"/>
  <testcase name="test2" time="0.001" classname="org.chocosolver.solver.constraints.ClauseTest"/>
  <testcase name="test1" time="0.001" classname="org.chocosolver.solver.constraints.ClauseTest"/>
  <testcase name="test1" time="0.000" classname="org.chocosolver.solver.constraints.ClauseTest"/>
  <testcase name="test1" time="0.002" classname="org.chocosolver.solver.constraints.ClauseTest"/>
  <testcase name="test1" time="0.054" classname="org.chocosolver.solver.constraints.ClauseTest"/>
  <testcase name="test1" time="0.027" classname="org.chocosolver.solver.constraints.ClauseTest"/>
  <testcase name="test1" time="0.012" classname="org.chocosolver.solver.constraints.ClauseTest"/>
  <testcase name="test1" time="0.119" classname="org.chocosolver.solver.constraints.ClauseTest"/>
  <testcase name="test1" time="0.001" classname="org.chocosolver.solver.constraints.ClauseTest"/>
  <testcase name="test1" time="0.002" classname="org.chocosolver.solver.constraints.ClauseTest"/>
  <testcase name="test1" time="0.008" classname="org.chocosolver.solver.constraints.ClauseTest"/>
  <testcase name="test1" time="0.004" classname="org.chocosolver.solver.constraints.ClauseTest"/>
  <testcase name="test1" time="0.000" classname="org.chocosolver.solver.constraints.ClauseTest"/>
  <testcase name="test1" time="0.000" classname="org.chocosolver.solver.constraints.ClauseTest"/>
  <testcase name="test1" time="0.034" classname="org.chocosolver.solver.constraints.ClauseTest"/>
  <testcase name="test1" time="0.001" classname="org.chocosolver.solver.constraints.ClauseTest"/>
  <testcase name="test1" time="0.008" classname="org.chocosolver.solver.constraints.ClauseTest"/>
  <testcase name="test1" time="0.011" classname="org.chocosolver.solver.constraints.ClauseTest"/>
  <testcase name="test1" time="0.002" classname="org.chocosolver.solver.constraints.ClauseTest"/>
  <testcase name="test1" time="0.020" classname="org.chocosolver.solver.constraints.ClauseTest"/>
  <testcase name="test1" time="0.004" classname="org.chocosolver.solver.constraints.ClauseTest"/>
  <testcase name="test1" time="0.013" classname="org.chocosolver.solver.constraints.ClauseTest"/>
  <testcase name="test1" time="0.014" classname="org.chocosolver.solver.constraints.ClauseTest"/>
  <testcase name="test1" time="0.027" classname="org.chocosolver.solver.constraints.ClauseTest"/>
  <testcase name="test1" time="0.028" classname="org.chocosolver.solver.constraints.ClauseTest"/>
  <testcase name="testBothAnd" time="0.001" classname="org.chocosolver.solver.constraints.ClauseTest"/>
  <testcase name="test1" time="0.014" classname="org.chocosolver.solver.constraints.ClauseTest"/>
  <testcase name="test1" time="0.002" classname="org.chocosolver.solver.constraints.ClauseTest"/>
  <testcase name="test1" time="0.001" classname="org.chocosolver.solver.constraints.ClauseTest"/>
  <testcase name="test1" time="0.002" classname="org.chocosolver.solver.constraints.ClauseTest"/>
  <testcase name="test1" time="0.054" classname="org.chocosolver.solver.constraints.ClauseTest"/>
  <testcase name="test1" time="0.001" classname="org.chocosolver.solver.constraints.ClauseTest"/>
  <testcase name="test1" time="0.109" classname="org.chocosolver.solver.constraints.ClauseTest"/>
  <testcase name="test1" time="0.001" classname="org.chocosolver.solver.constraints.ClauseTest"/>
  <testcase name="test1" time="0.028" classname="org.chocosolver.solver.constraints.ClauseTest"/>
  <testcase name="test1" time="0.002" classname="org.chocosolver.solver.constraints.ClauseTest"/>
  <testcase name="test1" time="0.008" classname="org.chocosolver.solver.constraints.ClauseTest"/>
  <testcase name="test1" time="0.054" classname="org.chocosolver.solver.constraints.ClauseTest"/>
  <testcase name="test1" time="0.107" classname="org.chocosolver.solver.constraints.ClauseTest"/>
  <testcase name="test31" time="0.000" classname="org.chocosolver.solver.constraints.ClauseTest"/>
  <testcase name="test5" time="1.243" classname="org.chocosolver.solver.constraints.ClauseTest"/>
  <testcase name="test1" time="0.108" classname="org.chocosolver.solver.constraints.ClauseTest"/>
  <testcase name="test1" time="0.014" classname="org.chocosolver.solver.constraints.ClauseTest"/>
  <testcase name="test1" time="0.000" classname="org.chocosolver.solver.constraints.ClauseTest"/>
  <testcase name="test1" time="0.000" classname="org.chocosolver.solver.constraints.ClauseTest"/>
  <testcase name="test1" time="0.001" classname="org.chocosolver.solver.constraints.ClauseTest"/>
  <testcase name="test1" time="0.000" classname="org.chocosolver.solver.constraints.ClauseTest"/>
  <testcase name="test1" time="0.002" classname="org.chocosolver.solver.constraints.ClauseTest"/>
  <testcase name="test1" time="0.001" classname="org.chocosolver.solver.constraints.ClauseTest"/>
  <testcase name="test1" time="0.002" classname="org.chocosolver.solver.constraints.ClauseTest"/>
  <testcase name="test1" time="0.008" classname="org.chocosolver.solver.constraints.ClauseTest"/>
  <testcase name="test33" time="0.000" classname="org.chocosolver.solver.constraints.ClauseTest"/>
  <testcase name="test1" time="0.025" classname="org.chocosolver.solver.constraints.ClauseTest"/>
  <testcase name="test1" time="0.026" classname="org.chocosolver.solver.constraints.ClauseTest"/>
  <testcase name="test1" time="0.028" classname="org.chocosolver.solver.constraints.ClauseTest"/>
  <testcase name="test6" time="0.002" classname="org.chocosolver.solver.constraints.ClauseTest"/>
  <testcase name="test1" time="0.001" classname="org.chocosolver.solver.constraints.ClauseTest"/>
  <testcase name="test1" time="0.055" classname="org.chocosolver.solver.constraints.ClauseTest"/>
  <testcase name="test1" time="0.108" classname="org.chocosolver.solver.constraints.ClauseTest"/>
  <testcase name="test1" time="0.013" classname="org.chocosolver.solver.constraints.ClauseTest"/>
  <testcase name="test1" time="0.001" classname="org.chocosolver.solver.constraints.ClauseTest"/>
  <testcase name="testBothOr" time="0.001" classname="org.chocosolver.solver.constraints.ClauseTest"/>
  <testcase name="test1" time="0.013" classname="org.chocosolver.solver.constraints.ClauseTest"/>
  <testcase name="test1" time="0.053" classname="org.chocosolver.solver.constraints.ClauseTest"/>
  <testcase name="test1" time="0.001" classname="org.chocosolver.solver.constraints.ClauseTest"/>
  <testcase name="test1" time="0.054" classname="org.chocosolver.solver.constraints.ClauseTest"/>
  <testcase name="test1" time="0.001" classname="org.chocosolver.solver.constraints.ClauseTest"/>
  <testcase name="test1" time="0.107" classname="org.chocosolver.solver.constraints.ClauseTest"/>
  <testcase name="test1" time="0.004" classname="org.chocosolver.solver.constraints.ClauseTest"/>
  <testcase name="test1" time="0.107" classname="org.chocosolver.solver.constraints.ClauseTest"/>
  <testcase name="test1" time="0.008" classname="org.chocosolver.solver.constraints.ClauseTest"/>
  <testcase name="test1" time="0.003" classname="org.chocosolver.solver.constraints.ClauseTest"/>
  <testcase name="test1" time="0.000" classname="org.chocosolver.solver.constraints.ClauseTest"/>
  <testcase name="test4" time="0.340" classname="org.chocosolver.solver.constraints.ClauseTest"/>
  <testcase name="test1" time="0.003" classname="org.chocosolver.solver.constraints.ClauseTest"/>
  <testcase name="test1" time="0.052" classname="org.chocosolver.solver.constraints.ClauseTest"/>
  <testcase name="test30" time="0.000" classname="org.chocosolver.solver.constraints.ClauseTest"/>
  <testcase name="test1" time="0.050" classname="org.chocosolver.solver.constraints.ClauseTest"/>
  <testcase name="test1" time="0.008" classname="org.chocosolver.solver.constraints.ClauseTest"/>
  <testcase name="test32" time="0.001" classname="org.chocosolver.solver.constraints.ClauseTest"/>
  <testcase name="test1" time="0.001" classname="org.chocosolver.solver.constraints.ClauseTest"/>
  <testcase name="test1" time="0.001" classname="org.chocosolver.solver.constraints.ClauseTest"/>
  <testcase name="test1" time="0.003" classname="org.chocosolver.solver.constraints.ClauseTest"/>
  <testcase name="test1" time="0.001" classname="org.chocosolver.solver.constraints.ClauseTest"/>
  <testcase name="test1" time="0.020" classname="org.chocosolver.solver.constraints.ClauseTest"/>
  <testcase name="test1" time="0.055" classname="org.chocosolver.solver.constraints.ClauseTest"/>
  <testcase name="test1" time="0.084" classname="org.chocosolver.solver.constraints.ClauseTest"/>
  <testcase name="test1" time="0.014" classname="org.chocosolver.solver.constraints.ClauseTest"/>
  <testcase name="test1" time="0.105" classname="org.chocosolver.solver.constraints.ClauseTest"/>
  <testcase name="test1" time="0.000" classname="org.chocosolver.solver.constraints.ClauseTest"/>
  <testcase name="test1" time="0.001" classname="org.chocosolver.solver.constraints.ClauseTest"/>
  <testcase name="test1" time="0.105" classname="org.chocosolver.solver.constraints.ClauseTest"/>
  <testcase name="test1" time="0.083" classname="org.chocosolver.solver.constraints.ClauseTest"/>
  <testcase name="test1" time="0.004" classname="org.chocosolver.solver.constraints.ClauseTest"/>
  <testcase name="test1" time="0.001" classname="org.chocosolver.solver.constraints.ClauseTest"/>
  <testcase name="test1" time="0.133" classname="org.chocosolver.solver.constraints.ClauseTest"/>
  <testcase name="test1" time="0.013" classname="org.chocosolver.solver.constraints.ClauseTest"/>
</testsuite> <!-- org.chocosolver.solver.constraints.ClauseTest -->
