<?xml version="1.0" encoding="UTF-8"?>
<!-- Generated by org.testng.reporters.JUnitReportReporter -->
<testsuite skipped="0" hostname="cyclone1" name="org.chocosolver.solver.constraints.nary.KnapsackTest" tests="2" failures="0" timestamp="26 May 2018 19:10:34 GMT" time="1.032" errors="0">
  <testcase name="knapsackTest" time="0.776" classname="org.chocosolver.solver.constraints.nary.KnapsackTest"/>
  <testcase name="knapsackTestBestValue" time="0.256" classname="org.chocosolver.solver.constraints.nary.KnapsackTest"/>
</testsuite> <!-- org.chocosolver.solver.constraints.nary.KnapsackTest -->
