<?xml version="1.0" encoding="UTF-8"?>
<!-- Generated by org.testng.reporters.JUnitReportReporter -->
<testsuite skipped="0" hostname="cyclone1" name="org.chocosolver.solver.constraints.checker.fmk.Test_Bools_Sets" tests="350" failures="0" timestamp="26 May 2018 19:10:34 GMT" time="198.676" errors="0">
  <testcase name="testBOOL_SUM" time="0.012" classname="org.chocosolver.solver.constraints.checker.fmk.Test_Bools_Sets"/>
  <testcase name="setDiff" time="0.020" classname="org.chocosolver.solver.constraints.checker.fmk.Test_Bools_Sets"/>
  <testcase name="setDisj" time="0.008" classname="org.chocosolver.solver.constraints.checker.fmk.Test_Bools_Sets"/>
  <testcase name="setDiff" time="0.003" classname="org.chocosolver.solver.constraints.checker.fmk.Test_Bools_Sets"/>
  <testcase name="setDiff" time="0.008" classname="org.chocosolver.solver.constraints.checker.fmk.Test_Bools_Sets"/>
  <testcase name="setUnion" time="0.007" classname="org.chocosolver.solver.constraints.checker.fmk.Test_Bools_Sets"/>
  <testcase name="setDisj" time="0.001" classname="org.chocosolver.solver.constraints.checker.fmk.Test_Bools_Sets"/>
  <testcase name="setUnion" time="0.002" classname="org.chocosolver.solver.constraints.checker.fmk.Test_Bools_Sets"/>
  <testcase name="setSubSet" time="0.025" classname="org.chocosolver.solver.constraints.checker.fmk.Test_Bools_Sets"/>
  <testcase name="setDiff" time="0.064" classname="org.chocosolver.solver.constraints.checker.fmk.Test_Bools_Sets"/>
  <testcase name="setUnion" time="0.026" classname="org.chocosolver.solver.constraints.checker.fmk.Test_Bools_Sets"/>
  <testcase name="setInter" time="0.001" classname="org.chocosolver.solver.constraints.checker.fmk.Test_Bools_Sets"/>
  <testcase name="setAllEq" time="0.001" classname="org.chocosolver.solver.constraints.checker.fmk.Test_Bools_Sets"/>
  <testcase name="setSubSet" time="0.017" classname="org.chocosolver.solver.constraints.checker.fmk.Test_Bools_Sets"/>
  <testcase name="setInter" time="3.573" classname="org.chocosolver.solver.constraints.checker.fmk.Test_Bools_Sets"/>
  <testcase name="setAllEq" time="0.002" classname="org.chocosolver.solver.constraints.checker.fmk.Test_Bools_Sets"/>
  <testcase name="setDisj" time="0.002" classname="org.chocosolver.solver.constraints.checker.fmk.Test_Bools_Sets"/>
  <testcase name="setDiff" time="0.012" classname="org.chocosolver.solver.constraints.checker.fmk.Test_Bools_Sets"/>
  <testcase name="testBOOL_SUM" time="0.024" classname="org.chocosolver.solver.constraints.checker.fmk.Test_Bools_Sets"/>
  <testcase name="setAllEq" time="6.676" classname="org.chocosolver.solver.constraints.checker.fmk.Test_Bools_Sets"/>
  <testcase name="setUnion" time="0.007" classname="org.chocosolver.solver.constraints.checker.fmk.Test_Bools_Sets"/>
  <testcase name="setDiff" time="0.086" classname="org.chocosolver.solver.constraints.checker.fmk.Test_Bools_Sets"/>
  <testcase name="setSubSet" time="7.620" classname="org.chocosolver.solver.constraints.checker.fmk.Test_Bools_Sets"/>
  <testcase name="testBOOL_SUM" time="0.002" classname="org.chocosolver.solver.constraints.checker.fmk.Test_Bools_Sets"/>
  <testcase name="setSubSet" time="0.402" classname="org.chocosolver.solver.constraints.checker.fmk.Test_Bools_Sets"/>
  <testcase name="setDisj" time="0.011" classname="org.chocosolver.solver.constraints.checker.fmk.Test_Bools_Sets"/>
  <testcase name="setDisj" time="0.053" classname="org.chocosolver.solver.constraints.checker.fmk.Test_Bools_Sets"/>
  <testcase name="testBOOL_SUM" time="0.001" classname="org.chocosolver.solver.constraints.checker.fmk.Test_Bools_Sets"/>
  <testcase name="setDiff" time="0.003" classname="org.chocosolver.solver.constraints.checker.fmk.Test_Bools_Sets"/>
  <testcase name="setDisj" time="0.003" classname="org.chocosolver.solver.constraints.checker.fmk.Test_Bools_Sets"/>
  <testcase name="testBOOL_SUM" time="0.019" classname="org.chocosolver.solver.constraints.checker.fmk.Test_Bools_Sets"/>
  <testcase name="setAllEq" time="0.023" classname="org.chocosolver.solver.constraints.checker.fmk.Test_Bools_Sets"/>
  <testcase name="testBOOL_SUM" time="0.003" classname="org.chocosolver.solver.constraints.checker.fmk.Test_Bools_Sets"/>
  <testcase name="setUnion" time="0.232" classname="org.chocosolver.solver.constraints.checker.fmk.Test_Bools_Sets"/>
  <testcase name="setAllEq" time="0.002" classname="org.chocosolver.solver.constraints.checker.fmk.Test_Bools_Sets"/>
  <testcase name="setDisj" time="0.010" classname="org.chocosolver.solver.constraints.checker.fmk.Test_Bools_Sets"/>
  <testcase name="setUnion" time="0.206" classname="org.chocosolver.solver.constraints.checker.fmk.Test_Bools_Sets"/>
  <testcase name="setInter" time="3.111" classname="org.chocosolver.solver.constraints.checker.fmk.Test_Bools_Sets"/>
  <testcase name="setInter" time="0.003" classname="org.chocosolver.solver.constraints.checker.fmk.Test_Bools_Sets"/>
  <testcase name="setDiff" time="0.019" classname="org.chocosolver.solver.constraints.checker.fmk.Test_Bools_Sets"/>
  <testcase name="setAllEq" time="7.658" classname="org.chocosolver.solver.constraints.checker.fmk.Test_Bools_Sets"/>
  <testcase name="setDiff" time="0.006" classname="org.chocosolver.solver.constraints.checker.fmk.Test_Bools_Sets"/>
  <testcase name="setInter" time="0.192" classname="org.chocosolver.solver.constraints.checker.fmk.Test_Bools_Sets"/>
  <testcase name="setDiff" time="0.002" classname="org.chocosolver.solver.constraints.checker.fmk.Test_Bools_Sets"/>
  <testcase name="setDiff" time="0.001" classname="org.chocosolver.solver.constraints.checker.fmk.Test_Bools_Sets"/>
  <testcase name="setDiff" time="0.002" classname="org.chocosolver.solver.constraints.checker.fmk.Test_Bools_Sets"/>
  <testcase name="testBOOL_SUM" time="0.006" classname="org.chocosolver.solver.constraints.checker.fmk.Test_Bools_Sets"/>
  <testcase name="setInter" time="3.240" classname="org.chocosolver.solver.constraints.checker.fmk.Test_Bools_Sets"/>
  <testcase name="setUnion" time="0.038" classname="org.chocosolver.solver.constraints.checker.fmk.Test_Bools_Sets"/>
  <testcase name="setUnion" time="0.024" classname="org.chocosolver.solver.constraints.checker.fmk.Test_Bools_Sets"/>
  <testcase name="setUnion" time="0.007" classname="org.chocosolver.solver.constraints.checker.fmk.Test_Bools_Sets"/>
  <testcase name="setDiff" time="0.002" classname="org.chocosolver.solver.constraints.checker.fmk.Test_Bools_Sets"/>
  <testcase name="setAllEq" time="0.320" classname="org.chocosolver.solver.constraints.checker.fmk.Test_Bools_Sets"/>
  <testcase name="setUnion" time="0.001" classname="org.chocosolver.solver.constraints.checker.fmk.Test_Bools_Sets"/>
  <testcase name="setUnion" time="0.003" classname="org.chocosolver.solver.constraints.checker.fmk.Test_Bools_Sets"/>
  <testcase name="setSubSet" time="0.007" classname="org.chocosolver.solver.constraints.checker.fmk.Test_Bools_Sets"/>
  <testcase name="setUnion" time="0.213" classname="org.chocosolver.solver.constraints.checker.fmk.Test_Bools_Sets"/>
  <testcase name="testBOOL_SUM" time="0.001" classname="org.chocosolver.solver.constraints.checker.fmk.Test_Bools_Sets"/>
  <testcase name="setAllEq" time="0.005" classname="org.chocosolver.solver.constraints.checker.fmk.Test_Bools_Sets"/>
  <testcase name="setDisj" time="0.008" classname="org.chocosolver.solver.constraints.checker.fmk.Test_Bools_Sets"/>
  <testcase name="setSubSet" time="0.002" classname="org.chocosolver.solver.constraints.checker.fmk.Test_Bools_Sets"/>
  <testcase name="setInter" time="0.002" classname="org.chocosolver.solver.constraints.checker.fmk.Test_Bools_Sets"/>
  <testcase name="testBOOL_SUM" time="0.002" classname="org.chocosolver.solver.constraints.checker.fmk.Test_Bools_Sets"/>
  <testcase name="setDiff" time="0.004" classname="org.chocosolver.solver.constraints.checker.fmk.Test_Bools_Sets"/>
  <testcase name="setUnion" time="0.028" classname="org.chocosolver.solver.constraints.checker.fmk.Test_Bools_Sets"/>
  <testcase name="setDiff" time="0.001" classname="org.chocosolver.solver.constraints.checker.fmk.Test_Bools_Sets"/>
  <testcase name="setSubSet" time="0.001" classname="org.chocosolver.solver.constraints.checker.fmk.Test_Bools_Sets"/>
  <testcase name="setUnion" time="0.009" classname="org.chocosolver.solver.constraints.checker.fmk.Test_Bools_Sets"/>
  <testcase name="setUnion" time="0.003" classname="org.chocosolver.solver.constraints.checker.fmk.Test_Bools_Sets"/>
  <testcase name="setSubSet" time="7.721" classname="org.chocosolver.solver.constraints.checker.fmk.Test_Bools_Sets"/>
  <testcase name="setInter" time="0.002" classname="org.chocosolver.solver.constraints.checker.fmk.Test_Bools_Sets"/>
  <testcase name="testBOOL_SUM" time="0.018" classname="org.chocosolver.solver.constraints.checker.fmk.Test_Bools_Sets"/>
  <testcase name="setDiff" time="0.002" classname="org.chocosolver.solver.constraints.checker.fmk.Test_Bools_Sets"/>
  <testcase name="setDiff" time="0.006" classname="org.chocosolver.solver.constraints.checker.fmk.Test_Bools_Sets"/>
  <testcase name="testBOOL_SUM" time="0.014" classname="org.chocosolver.solver.constraints.checker.fmk.Test_Bools_Sets"/>
  <testcase name="setAllEq" time="6.891" classname="org.chocosolver.solver.constraints.checker.fmk.Test_Bools_Sets"/>
  <testcase name="setSubSet" time="0.001" classname="org.chocosolver.solver.constraints.checker.fmk.Test_Bools_Sets"/>
  <testcase name="setInter" time="0.009" classname="org.chocosolver.solver.constraints.checker.fmk.Test_Bools_Sets"/>
  <testcase name="setInter" time="0.001" classname="org.chocosolver.solver.constraints.checker.fmk.Test_Bools_Sets"/>
  <testcase name="setUnion" time="0.006" classname="org.chocosolver.solver.constraints.checker.fmk.Test_Bools_Sets"/>
  <testcase name="setDisj" time="0.048" classname="org.chocosolver.solver.constraints.checker.fmk.Test_Bools_Sets"/>
  <testcase name="setDiff" time="0.004" classname="org.chocosolver.solver.constraints.checker.fmk.Test_Bools_Sets"/>
  <testcase name="setSubSet" time="0.005" classname="org.chocosolver.solver.constraints.checker.fmk.Test_Bools_Sets"/>
  <testcase name="setUnion" time="0.001" classname="org.chocosolver.solver.constraints.checker.fmk.Test_Bools_Sets"/>
  <testcase name="setSubSet" time="0.002" classname="org.chocosolver.solver.constraints.checker.fmk.Test_Bools_Sets"/>
  <testcase name="setInter" time="3.727" classname="org.chocosolver.solver.constraints.checker.fmk.Test_Bools_Sets"/>
  <testcase name="setDiff" time="0.001" classname="org.chocosolver.solver.constraints.checker.fmk.Test_Bools_Sets"/>
  <testcase name="setDiff" time="0.004" classname="org.chocosolver.solver.constraints.checker.fmk.Test_Bools_Sets"/>
  <testcase name="setAllEq" time="0.452" classname="org.chocosolver.solver.constraints.checker.fmk.Test_Bools_Sets"/>
  <testcase name="setSubSet" time="0.018" classname="org.chocosolver.solver.constraints.checker.fmk.Test_Bools_Sets"/>
  <testcase name="testBOOL_SUM" time="0.005" classname="org.chocosolver.solver.constraints.checker.fmk.Test_Bools_Sets"/>
  <testcase name="setSubSet" time="0.005" classname="org.chocosolver.solver.constraints.checker.fmk.Test_Bools_Sets"/>
  <testcase name="setInter" time="0.167" classname="org.chocosolver.solver.constraints.checker.fmk.Test_Bools_Sets"/>
  <testcase name="setDisj" time="0.002" classname="org.chocosolver.solver.constraints.checker.fmk.Test_Bools_Sets"/>
  <testcase name="setDiff" time="0.001" classname="org.chocosolver.solver.constraints.checker.fmk.Test_Bools_Sets"/>
  <testcase name="setUnion" time="0.002" classname="org.chocosolver.solver.constraints.checker.fmk.Test_Bools_Sets"/>
  <testcase name="setDisj" time="0.001" classname="org.chocosolver.solver.constraints.checker.fmk.Test_Bools_Sets"/>
  <testcase name="setDisj" time="0.003" classname="org.chocosolver.solver.constraints.checker.fmk.Test_Bools_Sets"/>
  <testcase name="setDiff" time="0.011" classname="org.chocosolver.solver.constraints.checker.fmk.Test_Bools_Sets"/>
  <testcase name="testBOOL_SUM" time="0.009" classname="org.chocosolver.solver.constraints.checker.fmk.Test_Bools_Sets"/>
  <testcase name="setAllEq" time="0.028" classname="org.chocosolver.solver.constraints.checker.fmk.Test_Bools_Sets"/>
  <testcase name="setAllEq" time="0.002" classname="org.chocosolver.solver.constraints.checker.fmk.Test_Bools_Sets"/>
  <testcase name="setSubSet" time="0.294" classname="org.chocosolver.solver.constraints.checker.fmk.Test_Bools_Sets"/>
  <testcase name="setDiff" time="0.012" classname="org.chocosolver.solver.constraints.checker.fmk.Test_Bools_Sets"/>
  <testcase name="setUnion" time="0.007" classname="org.chocosolver.solver.constraints.checker.fmk.Test_Bools_Sets"/>
  <testcase name="setAllEq" time="0.003" classname="org.chocosolver.solver.constraints.checker.fmk.Test_Bools_Sets"/>
  <testcase name="setSubSet" time="0.289" classname="org.chocosolver.solver.constraints.checker.fmk.Test_Bools_Sets"/>
  <testcase name="setDiff" time="0.001" classname="org.chocosolver.solver.constraints.checker.fmk.Test_Bools_Sets"/>
  <testcase name="setAllEq" time="0.005" classname="org.chocosolver.solver.constraints.checker.fmk.Test_Bools_Sets"/>
  <testcase name="setInter" time="0.001" classname="org.chocosolver.solver.constraints.checker.fmk.Test_Bools_Sets"/>
  <testcase name="setUnion" time="0.008" classname="org.chocosolver.solver.constraints.checker.fmk.Test_Bools_Sets"/>
  <testcase name="setInter" time="0.226" classname="org.chocosolver.solver.constraints.checker.fmk.Test_Bools_Sets"/>
  <testcase name="setAllEq" time="7.018" classname="org.chocosolver.solver.constraints.checker.fmk.Test_Bools_Sets"/>
  <testcase name="setAllEq" time="0.348" classname="org.chocosolver.solver.constraints.checker.fmk.Test_Bools_Sets"/>
  <testcase name="setAllEq" time="0.335" classname="org.chocosolver.solver.constraints.checker.fmk.Test_Bools_Sets"/>
  <testcase name="setSubSet" time="7.293" classname="org.chocosolver.solver.constraints.checker.fmk.Test_Bools_Sets"/>
  <testcase name="testBOOL_SUM" time="0.007" classname="org.chocosolver.solver.constraints.checker.fmk.Test_Bools_Sets"/>
  <testcase name="setInter" time="2.603" classname="org.chocosolver.solver.constraints.checker.fmk.Test_Bools_Sets"/>
  <testcase name="setSubSet" time="7.475" classname="org.chocosolver.solver.constraints.checker.fmk.Test_Bools_Sets"/>
  <testcase name="setUnion" time="0.034" classname="org.chocosolver.solver.constraints.checker.fmk.Test_Bools_Sets"/>
  <testcase name="testBOOL_SUM" time="0.002" classname="org.chocosolver.solver.constraints.checker.fmk.Test_Bools_Sets"/>
  <testcase name="setAllEq" time="6.764" classname="org.chocosolver.solver.constraints.checker.fmk.Test_Bools_Sets"/>
  <testcase name="setDiff" time="0.002" classname="org.chocosolver.solver.constraints.checker.fmk.Test_Bools_Sets"/>
  <testcase name="setAllEq" time="0.293" classname="org.chocosolver.solver.constraints.checker.fmk.Test_Bools_Sets"/>
  <testcase name="setAllEq" time="0.031" classname="org.chocosolver.solver.constraints.checker.fmk.Test_Bools_Sets"/>
  <testcase name="setDisj" time="0.001" classname="org.chocosolver.solver.constraints.checker.fmk.Test_Bools_Sets"/>
  <testcase name="setSubSet" time="0.007" classname="org.chocosolver.solver.constraints.checker.fmk.Test_Bools_Sets"/>
  <testcase name="setDisj" time="0.008" classname="org.chocosolver.solver.constraints.checker.fmk.Test_Bools_Sets"/>
  <testcase name="setDiff" time="0.004" classname="org.chocosolver.solver.constraints.checker.fmk.Test_Bools_Sets"/>
  <testcase name="setAllEq" time="6.924" classname="org.chocosolver.solver.constraints.checker.fmk.Test_Bools_Sets"/>
  <testcase name="setSubSet" time="0.003" classname="org.chocosolver.solver.constraints.checker.fmk.Test_Bools_Sets"/>
  <testcase name="testBOOL_SUM" time="0.013" classname="org.chocosolver.solver.constraints.checker.fmk.Test_Bools_Sets"/>
  <testcase name="setInter" time="0.003" classname="org.chocosolver.solver.constraints.checker.fmk.Test_Bools_Sets"/>
  <testcase name="setInter" time="0.002" classname="org.chocosolver.solver.constraints.checker.fmk.Test_Bools_Sets"/>
  <testcase name="setAllEq" time="0.006" classname="org.chocosolver.solver.constraints.checker.fmk.Test_Bools_Sets"/>
  <testcase name="setUnion" time="0.001" classname="org.chocosolver.solver.constraints.checker.fmk.Test_Bools_Sets"/>
  <testcase name="setAllEq" time="0.032" classname="org.chocosolver.solver.constraints.checker.fmk.Test_Bools_Sets"/>
  <testcase name="setSubSet" time="0.025" classname="org.chocosolver.solver.constraints.checker.fmk.Test_Bools_Sets"/>
  <testcase name="setDisj" time="0.001" classname="org.chocosolver.solver.constraints.checker.fmk.Test_Bools_Sets"/>
  <testcase name="setDisj" time="0.001" classname="org.chocosolver.solver.constraints.checker.fmk.Test_Bools_Sets"/>
  <testcase name="setDiff" time="0.087" classname="org.chocosolver.solver.constraints.checker.fmk.Test_Bools_Sets"/>
  <testcase name="setInter" time="0.013" classname="org.chocosolver.solver.constraints.checker.fmk.Test_Bools_Sets"/>
  <testcase name="setInter" time="0.003" classname="org.chocosolver.solver.constraints.checker.fmk.Test_Bools_Sets"/>
  <testcase name="testBOOL_SUM" time="0.009" classname="org.chocosolver.solver.constraints.checker.fmk.Test_Bools_Sets"/>
  <testcase name="testBOOL_SUM" time="0.003" classname="org.chocosolver.solver.constraints.checker.fmk.Test_Bools_Sets"/>
  <testcase name="setSubSet" time="0.022" classname="org.chocosolver.solver.constraints.checker.fmk.Test_Bools_Sets"/>
  <testcase name="setAllEq" time="7.237" classname="org.chocosolver.solver.constraints.checker.fmk.Test_Bools_Sets"/>
  <testcase name="setDisj" time="0.002" classname="org.chocosolver.solver.constraints.checker.fmk.Test_Bools_Sets"/>
  <testcase name="setSubSet" time="0.002" classname="org.chocosolver.solver.constraints.checker.fmk.Test_Bools_Sets"/>
  <testcase name="setDisj" time="0.007" classname="org.chocosolver.solver.constraints.checker.fmk.Test_Bools_Sets"/>
  <testcase name="setUnion" time="0.007" classname="org.chocosolver.solver.constraints.checker.fmk.Test_Bools_Sets"/>
  <testcase name="setSubSet" time="7.865" classname="org.chocosolver.solver.constraints.checker.fmk.Test_Bools_Sets"/>
  <testcase name="testBOOL_SUM" time="0.004" classname="org.chocosolver.solver.constraints.checker.fmk.Test_Bools_Sets"/>
  <testcase name="setDiff" time="0.018" classname="org.chocosolver.solver.constraints.checker.fmk.Test_Bools_Sets"/>
  <testcase name="setSubSet" time="0.302" classname="org.chocosolver.solver.constraints.checker.fmk.Test_Bools_Sets"/>
  <testcase name="setInter" time="3.469" classname="org.chocosolver.solver.constraints.checker.fmk.Test_Bools_Sets"/>
  <testcase name="setDisj" time="0.034" classname="org.chocosolver.solver.constraints.checker.fmk.Test_Bools_Sets"/>
  <testcase name="setDisj" time="0.002" classname="org.chocosolver.solver.constraints.checker.fmk.Test_Bools_Sets"/>
  <testcase name="setAllEq" time="0.035" classname="org.chocosolver.solver.constraints.checker.fmk.Test_Bools_Sets"/>
  <testcase name="setDisj" time="0.001" classname="org.chocosolver.solver.constraints.checker.fmk.Test_Bools_Sets"/>
  <testcase name="setUnion" time="0.255" classname="org.chocosolver.solver.constraints.checker.fmk.Test_Bools_Sets"/>
  <testcase name="setInter" time="0.011" classname="org.chocosolver.solver.constraints.checker.fmk.Test_Bools_Sets"/>
  <testcase name="setDisj" time="0.002" classname="org.chocosolver.solver.constraints.checker.fmk.Test_Bools_Sets"/>
  <testcase name="setInter" time="0.011" classname="org.chocosolver.solver.constraints.checker.fmk.Test_Bools_Sets"/>
  <testcase name="setDisj" time="0.008" classname="org.chocosolver.solver.constraints.checker.fmk.Test_Bools_Sets"/>
  <testcase name="setDisj" time="0.001" classname="org.chocosolver.solver.constraints.checker.fmk.Test_Bools_Sets"/>
  <testcase name="setDiff" time="0.003" classname="org.chocosolver.solver.constraints.checker.fmk.Test_Bools_Sets"/>
  <testcase name="setDiff" time="0.012" classname="org.chocosolver.solver.constraints.checker.fmk.Test_Bools_Sets"/>
  <testcase name="setAllEq" time="0.001" classname="org.chocosolver.solver.constraints.checker.fmk.Test_Bools_Sets"/>
  <testcase name="setUnion" time="0.008" classname="org.chocosolver.solver.constraints.checker.fmk.Test_Bools_Sets"/>
  <testcase name="setInter" time="0.234" classname="org.chocosolver.solver.constraints.checker.fmk.Test_Bools_Sets"/>
  <testcase name="setInter" time="0.001" classname="org.chocosolver.solver.constraints.checker.fmk.Test_Bools_Sets"/>
  <testcase name="setDiff" time="0.003" classname="org.chocosolver.solver.constraints.checker.fmk.Test_Bools_Sets"/>
  <testcase name="setDisj" time="0.010" classname="org.chocosolver.solver.constraints.checker.fmk.Test_Bools_Sets"/>
  <testcase name="testBOOL_SUM" time="0.010" classname="org.chocosolver.solver.constraints.checker.fmk.Test_Bools_Sets"/>
  <testcase name="setDisj" time="0.003" classname="org.chocosolver.solver.constraints.checker.fmk.Test_Bools_Sets"/>
  <testcase name="setDisj" time="0.003" classname="org.chocosolver.solver.constraints.checker.fmk.Test_Bools_Sets"/>
  <testcase name="setInter" time="0.001" classname="org.chocosolver.solver.constraints.checker.fmk.Test_Bools_Sets"/>
  <testcase name="setDiff" time="0.106" classname="org.chocosolver.solver.constraints.checker.fmk.Test_Bools_Sets"/>
  <testcase name="setUnion" time="0.028" classname="org.chocosolver.solver.constraints.checker.fmk.Test_Bools_Sets"/>
  <testcase name="testBOOL_SUM" time="0.024" classname="org.chocosolver.solver.constraints.checker.fmk.Test_Bools_Sets"/>
  <testcase name="setInter" time="4.670" classname="org.chocosolver.solver.constraints.checker.fmk.Test_Bools_Sets"/>
  <testcase name="testBOOL_SUM" time="0.008" classname="org.chocosolver.solver.constraints.checker.fmk.Test_Bools_Sets"/>
  <testcase name="setInter" time="0.003" classname="org.chocosolver.solver.constraints.checker.fmk.Test_Bools_Sets"/>
  <testcase name="setInter" time="0.146" classname="org.chocosolver.solver.constraints.checker.fmk.Test_Bools_Sets"/>
  <testcase name="setDiff" time="0.003" classname="org.chocosolver.solver.constraints.checker.fmk.Test_Bools_Sets"/>
  <testcase name="testBOOL_SUM" time="0.002" classname="org.chocosolver.solver.constraints.checker.fmk.Test_Bools_Sets"/>
  <testcase name="setDisj" time="0.004" classname="org.chocosolver.solver.constraints.checker.fmk.Test_Bools_Sets"/>
  <testcase name="testBOOL_SUM" time="0.003" classname="org.chocosolver.solver.constraints.checker.fmk.Test_Bools_Sets"/>
  <testcase name="setUnion" time="0.001" classname="org.chocosolver.solver.constraints.checker.fmk.Test_Bools_Sets"/>
  <testcase name="testBOOL_SUM" time="0.002" classname="org.chocosolver.solver.constraints.checker.fmk.Test_Bools_Sets"/>
  <testcase name="setDisj" time="0.032" classname="org.chocosolver.solver.constraints.checker.fmk.Test_Bools_Sets"/>
  <testcase name="testBOOL_SUM" time="0.010" classname="org.chocosolver.solver.constraints.checker.fmk.Test_Bools_Sets"/>
  <testcase name="setDisj" time="0.004" classname="org.chocosolver.solver.constraints.checker.fmk.Test_Bools_Sets"/>
  <testcase name="setDiff" time="0.091" classname="org.chocosolver.solver.constraints.checker.fmk.Test_Bools_Sets"/>
  <testcase name="setInter" time="0.010" classname="org.chocosolver.solver.constraints.checker.fmk.Test_Bools_Sets"/>
  <testcase name="testBOOL_SUM" time="0.007" classname="org.chocosolver.solver.constraints.checker.fmk.Test_Bools_Sets"/>
  <testcase name="setUnion" time="0.002" classname="org.chocosolver.solver.constraints.checker.fmk.Test_Bools_Sets"/>
  <testcase name="setInter" time="0.003" classname="org.chocosolver.solver.constraints.checker.fmk.Test_Bools_Sets"/>
  <testcase name="setDiff" time="0.002" classname="org.chocosolver.solver.constraints.checker.fmk.Test_Bools_Sets"/>
  <testcase name="setSubSet" time="7.670" classname="org.chocosolver.solver.constraints.checker.fmk.Test_Bools_Sets"/>
  <testcase name="setDisj" time="0.001" classname="org.chocosolver.solver.constraints.checker.fmk.Test_Bools_Sets"/>
  <testcase name="setDiff" time="0.069" classname="org.chocosolver.solver.constraints.checker.fmk.Test_Bools_Sets"/>
  <testcase name="setInter" time="0.109" classname="org.chocosolver.solver.constraints.checker.fmk.Test_Bools_Sets"/>
  <testcase name="testBOOL_SUM" time="0.026" classname="org.chocosolver.solver.constraints.checker.fmk.Test_Bools_Sets"/>
  <testcase name="setDisj" time="0.003" classname="org.chocosolver.solver.constraints.checker.fmk.Test_Bools_Sets"/>
  <testcase name="setDisj" time="0.002" classname="org.chocosolver.solver.constraints.checker.fmk.Test_Bools_Sets"/>
  <testcase name="setSubSet" time="0.004" classname="org.chocosolver.solver.constraints.checker.fmk.Test_Bools_Sets"/>
  <testcase name="setSubSet" time="0.291" classname="org.chocosolver.solver.constraints.checker.fmk.Test_Bools_Sets"/>
  <testcase name="setSubSet" time="0.020" classname="org.chocosolver.solver.constraints.checker.fmk.Test_Bools_Sets"/>
  <testcase name="setDisj" time="0.003" classname="org.chocosolver.solver.constraints.checker.fmk.Test_Bools_Sets"/>
  <testcase name="setAllEq" time="0.002" classname="org.chocosolver.solver.constraints.checker.fmk.Test_Bools_Sets"/>
  <testcase name="testBOOL_SUM" time="0.003" classname="org.chocosolver.solver.constraints.checker.fmk.Test_Bools_Sets"/>
  <testcase name="setDisj" time="0.003" classname="org.chocosolver.solver.constraints.checker.fmk.Test_Bools_Sets"/>
  <testcase name="setInter" time="0.111" classname="org.chocosolver.solver.constraints.checker.fmk.Test_Bools_Sets"/>
  <testcase name="setSubSet" time="0.020" classname="org.chocosolver.solver.constraints.checker.fmk.Test_Bools_Sets"/>
  <testcase name="setDiff" time="0.001" classname="org.chocosolver.solver.constraints.checker.fmk.Test_Bools_Sets"/>
  <testcase name="testBOOL_SUM" time="0.016" classname="org.chocosolver.solver.constraints.checker.fmk.Test_Bools_Sets"/>
  <testcase name="setUnion" time="0.001" classname="org.chocosolver.solver.constraints.checker.fmk.Test_Bools_Sets"/>
  <testcase name="setSubSet" time="0.322" classname="org.chocosolver.solver.constraints.checker.fmk.Test_Bools_Sets"/>
  <testcase name="setUnion" time="0.002" classname="org.chocosolver.solver.constraints.checker.fmk.Test_Bools_Sets"/>
  <testcase name="testBOOL_SUM" time="0.014" classname="org.chocosolver.solver.constraints.checker.fmk.Test_Bools_Sets"/>
  <testcase name="setSubSet" time="0.001" classname="org.chocosolver.solver.constraints.checker.fmk.Test_Bools_Sets"/>
  <testcase name="testBOOL_SUM" time="0.013" classname="org.chocosolver.solver.constraints.checker.fmk.Test_Bools_Sets"/>
  <testcase name="setDisj" time="0.002" classname="org.chocosolver.solver.constraints.checker.fmk.Test_Bools_Sets"/>
  <testcase name="setInter" time="0.019" classname="org.chocosolver.solver.constraints.checker.fmk.Test_Bools_Sets"/>
  <testcase name="setSubSet" time="7.834" classname="org.chocosolver.solver.constraints.checker.fmk.Test_Bools_Sets"/>
  <testcase name="setAllEq" time="0.422" classname="org.chocosolver.solver.constraints.checker.fmk.Test_Bools_Sets"/>
  <testcase name="setSubSet" time="0.360" classname="org.chocosolver.solver.constraints.checker.fmk.Test_Bools_Sets"/>
  <testcase name="setInter" time="0.146" classname="org.chocosolver.solver.constraints.checker.fmk.Test_Bools_Sets"/>
  <testcase name="setSubSet" time="0.003" classname="org.chocosolver.solver.constraints.checker.fmk.Test_Bools_Sets"/>
  <testcase name="setDiff" time="0.069" classname="org.chocosolver.solver.constraints.checker.fmk.Test_Bools_Sets"/>
  <testcase name="setAllEq" time="0.065" classname="org.chocosolver.solver.constraints.checker.fmk.Test_Bools_Sets"/>
  <testcase name="setAllEq" time="0.035" classname="org.chocosolver.solver.constraints.checker.fmk.Test_Bools_Sets"/>
  <testcase name="setDiff" time="0.014" classname="org.chocosolver.solver.constraints.checker.fmk.Test_Bools_Sets"/>
  <testcase name="setDiff" time="0.060" classname="org.chocosolver.solver.constraints.checker.fmk.Test_Bools_Sets"/>
  <testcase name="testBOOL_SUM" time="0.002" classname="org.chocosolver.solver.constraints.checker.fmk.Test_Bools_Sets"/>
  <testcase name="setAllEq" time="0.005" classname="org.chocosolver.solver.constraints.checker.fmk.Test_Bools_Sets"/>
  <testcase name="setAllEq" time="0.364" classname="org.chocosolver.solver.constraints.checker.fmk.Test_Bools_Sets"/>
  <testcase name="setInter" time="0.013" classname="org.chocosolver.solver.constraints.checker.fmk.Test_Bools_Sets"/>
  <testcase name="setSubSet" time="0.002" classname="org.chocosolver.solver.constraints.checker.fmk.Test_Bools_Sets"/>
  <testcase name="setUnion" time="0.225" classname="org.chocosolver.solver.constraints.checker.fmk.Test_Bools_Sets"/>
  <testcase name="setAllEq" time="0.026" classname="org.chocosolver.solver.constraints.checker.fmk.Test_Bools_Sets"/>
  <testcase name="setAllEq" time="0.027" classname="org.chocosolver.solver.constraints.checker.fmk.Test_Bools_Sets"/>
  <testcase name="setSubSet" time="0.004" classname="org.chocosolver.solver.constraints.checker.fmk.Test_Bools_Sets"/>
  <testcase name="testBOOL_SUM" time="0.017" classname="org.chocosolver.solver.constraints.checker.fmk.Test_Bools_Sets"/>
  <testcase name="setUnion" time="0.223" classname="org.chocosolver.solver.constraints.checker.fmk.Test_Bools_Sets"/>
  <testcase name="setSubSet" time="8.421" classname="org.chocosolver.solver.constraints.checker.fmk.Test_Bools_Sets"/>
  <testcase name="setUnion" time="0.205" classname="org.chocosolver.solver.constraints.checker.fmk.Test_Bools_Sets"/>
  <testcase name="setAllEq" time="0.004" classname="org.chocosolver.solver.constraints.checker.fmk.Test_Bools_Sets"/>
  <testcase name="testBOOL_SUM" time="0.003" classname="org.chocosolver.solver.constraints.checker.fmk.Test_Bools_Sets"/>
  <testcase name="setAllEq" time="0.007" classname="org.chocosolver.solver.constraints.checker.fmk.Test_Bools_Sets"/>
  <testcase name="testBOOL_SUM" time="0.020" classname="org.chocosolver.solver.constraints.checker.fmk.Test_Bools_Sets"/>
  <testcase name="setUnion" time="0.001" classname="org.chocosolver.solver.constraints.checker.fmk.Test_Bools_Sets"/>
  <testcase name="setInter" time="0.002" classname="org.chocosolver.solver.constraints.checker.fmk.Test_Bools_Sets"/>
  <testcase name="setInter" time="3.631" classname="org.chocosolver.solver.constraints.checker.fmk.Test_Bools_Sets"/>
  <testcase name="setDiff" time="0.014" classname="org.chocosolver.solver.constraints.checker.fmk.Test_Bools_Sets"/>
  <testcase name="setDiff" time="0.001" classname="org.chocosolver.solver.constraints.checker.fmk.Test_Bools_Sets"/>
  <testcase name="setInter" time="0.265" classname="org.chocosolver.solver.constraints.checker.fmk.Test_Bools_Sets"/>
  <testcase name="setUnion" time="0.026" classname="org.chocosolver.solver.constraints.checker.fmk.Test_Bools_Sets"/>
  <testcase name="setUnion" time="0.028" classname="org.chocosolver.solver.constraints.checker.fmk.Test_Bools_Sets"/>
  <testcase name="setAllEq" time="0.004" classname="org.chocosolver.solver.constraints.checker.fmk.Test_Bools_Sets"/>
  <testcase name="setUnion" time="0.002" classname="org.chocosolver.solver.constraints.checker.fmk.Test_Bools_Sets"/>
  <testcase name="setSubSet" time="0.001" classname="org.chocosolver.solver.constraints.checker.fmk.Test_Bools_Sets"/>
  <testcase name="setUnion" time="0.018" classname="org.chocosolver.solver.constraints.checker.fmk.Test_Bools_Sets"/>
  <testcase name="setInter" time="0.005" classname="org.chocosolver.solver.constraints.checker.fmk.Test_Bools_Sets"/>
  <testcase name="setSubSet" time="0.002" classname="org.chocosolver.solver.constraints.checker.fmk.Test_Bools_Sets"/>
  <testcase name="testBOOL_SUM" time="0.025" classname="org.chocosolver.solver.constraints.checker.fmk.Test_Bools_Sets"/>
  <testcase name="setSubSet" time="0.003" classname="org.chocosolver.solver.constraints.checker.fmk.Test_Bools_Sets"/>
  <testcase name="testBOOL_SUM" time="0.003" classname="org.chocosolver.solver.constraints.checker.fmk.Test_Bools_Sets"/>
  <testcase name="setInter" time="4.384" classname="org.chocosolver.solver.constraints.checker.fmk.Test_Bools_Sets"/>
  <testcase name="setInter" time="0.016" classname="org.chocosolver.solver.constraints.checker.fmk.Test_Bools_Sets"/>
  <testcase name="setUnion" time="0.005" classname="org.chocosolver.solver.constraints.checker.fmk.Test_Bools_Sets"/>
  <testcase name="setInter" time="0.001" classname="org.chocosolver.solver.constraints.checker.fmk.Test_Bools_Sets"/>
  <testcase name="testBOOL_SUM" time="0.018" classname="org.chocosolver.solver.constraints.checker.fmk.Test_Bools_Sets"/>
  <testcase name="setAllEq" time="7.375" classname="org.chocosolver.solver.constraints.checker.fmk.Test_Bools_Sets"/>
  <testcase name="setDisj" time="0.050" classname="org.chocosolver.solver.constraints.checker.fmk.Test_Bools_Sets"/>
  <testcase name="testBOOL_SUM" time="0.004" classname="org.chocosolver.solver.constraints.checker.fmk.Test_Bools_Sets"/>
  <testcase name="setInter" time="0.019" classname="org.chocosolver.solver.constraints.checker.fmk.Test_Bools_Sets"/>
  <testcase name="setDisj" time="0.002" classname="org.chocosolver.solver.constraints.checker.fmk.Test_Bools_Sets"/>
  <testcase name="setDisj" time="0.035" classname="org.chocosolver.solver.constraints.checker.fmk.Test_Bools_Sets"/>
  <testcase name="setAllEq" time="0.328" classname="org.chocosolver.solver.constraints.checker.fmk.Test_Bools_Sets"/>
  <testcase name="setInter" time="0.002" classname="org.chocosolver.solver.constraints.checker.fmk.Test_Bools_Sets"/>
  <testcase name="setUnion" time="0.031" classname="org.chocosolver.solver.constraints.checker.fmk.Test_Bools_Sets"/>
  <testcase name="setAllEq" time="7.038" classname="org.chocosolver.solver.constraints.checker.fmk.Test_Bools_Sets"/>
  <testcase name="setDisj" time="0.013" classname="org.chocosolver.solver.constraints.checker.fmk.Test_Bools_Sets"/>
  <testcase name="setDiff" time="0.002" classname="org.chocosolver.solver.constraints.checker.fmk.Test_Bools_Sets"/>
  <testcase name="setDisj" time="0.002" classname="org.chocosolver.solver.constraints.checker.fmk.Test_Bools_Sets"/>
  <testcase name="setSubSet" time="0.300" classname="org.chocosolver.solver.constraints.checker.fmk.Test_Bools_Sets"/>
  <testcase name="setSubSet" time="0.397" classname="org.chocosolver.solver.constraints.checker.fmk.Test_Bools_Sets"/>
  <testcase name="testBOOL_SUM" time="0.007" classname="org.chocosolver.solver.constraints.checker.fmk.Test_Bools_Sets"/>
  <testcase name="setDisj" time="0.005" classname="org.chocosolver.solver.constraints.checker.fmk.Test_Bools_Sets"/>
  <testcase name="setSubSet" time="7.836" classname="org.chocosolver.solver.constraints.checker.fmk.Test_Bools_Sets"/>
  <testcase name="setUnion" time="0.221" classname="org.chocosolver.solver.constraints.checker.fmk.Test_Bools_Sets"/>
  <testcase name="setAllEq" time="6.959" classname="org.chocosolver.solver.constraints.checker.fmk.Test_Bools_Sets"/>
  <testcase name="setInter" time="0.162" classname="org.chocosolver.solver.constraints.checker.fmk.Test_Bools_Sets"/>
  <testcase name="setAllEq" time="0.017" classname="org.chocosolver.solver.constraints.checker.fmk.Test_Bools_Sets"/>
  <testcase name="setInter" time="0.002" classname="org.chocosolver.solver.constraints.checker.fmk.Test_Bools_Sets"/>
  <testcase name="setDiff" time="0.001" classname="org.chocosolver.solver.constraints.checker.fmk.Test_Bools_Sets"/>
  <testcase name="setInter" time="0.001" classname="org.chocosolver.solver.constraints.checker.fmk.Test_Bools_Sets"/>
  <testcase name="setUnion" time="0.001" classname="org.chocosolver.solver.constraints.checker.fmk.Test_Bools_Sets"/>
  <testcase name="setInter" time="0.002" classname="org.chocosolver.solver.constraints.checker.fmk.Test_Bools_Sets"/>
  <testcase name="setInter" time="0.017" classname="org.chocosolver.solver.constraints.checker.fmk.Test_Bools_Sets"/>
  <testcase name="setDisj" time="0.002" classname="org.chocosolver.solver.constraints.checker.fmk.Test_Bools_Sets"/>
  <testcase name="setAllEq" time="0.002" classname="org.chocosolver.solver.constraints.checker.fmk.Test_Bools_Sets"/>
  <testcase name="setUnion" time="0.211" classname="org.chocosolver.solver.constraints.checker.fmk.Test_Bools_Sets"/>
  <testcase name="testBOOL_SUM" time="0.032" classname="org.chocosolver.solver.constraints.checker.fmk.Test_Bools_Sets"/>
  <testcase name="testBOOL_SUM" time="0.016" classname="org.chocosolver.solver.constraints.checker.fmk.Test_Bools_Sets"/>
  <testcase name="testBOOL_SUM" time="0.008" classname="org.chocosolver.solver.constraints.checker.fmk.Test_Bools_Sets"/>
  <testcase name="setSubSet" time="0.314" classname="org.chocosolver.solver.constraints.checker.fmk.Test_Bools_Sets"/>
  <testcase name="setUnion" time="0.006" classname="org.chocosolver.solver.constraints.checker.fmk.Test_Bools_Sets"/>
  <testcase name="testBOOL_SUM" time="0.002" classname="org.chocosolver.solver.constraints.checker.fmk.Test_Bools_Sets"/>
  <testcase name="setDisj" time="0.032" classname="org.chocosolver.solver.constraints.checker.fmk.Test_Bools_Sets"/>
  <testcase name="testBOOL_SUM" time="0.012" classname="org.chocosolver.solver.constraints.checker.fmk.Test_Bools_Sets"/>
  <testcase name="setDisj" time="0.034" classname="org.chocosolver.solver.constraints.checker.fmk.Test_Bools_Sets"/>
  <testcase name="setDiff" time="0.083" classname="org.chocosolver.solver.constraints.checker.fmk.Test_Bools_Sets"/>
  <testcase name="setAllEq" time="0.004" classname="org.chocosolver.solver.constraints.checker.fmk.Test_Bools_Sets"/>
  <testcase name="setDisj" time="0.036" classname="org.chocosolver.solver.constraints.checker.fmk.Test_Bools_Sets"/>
  <testcase name="testBOOL_SUM" time="0.013" classname="org.chocosolver.solver.constraints.checker.fmk.Test_Bools_Sets"/>
  <testcase name="setDisj" time="0.004" classname="org.chocosolver.solver.constraints.checker.fmk.Test_Bools_Sets"/>
  <testcase name="setDisj" time="0.002" classname="org.chocosolver.solver.constraints.checker.fmk.Test_Bools_Sets"/>
  <testcase name="setSubSet" time="0.001" classname="org.chocosolver.solver.constraints.checker.fmk.Test_Bools_Sets"/>
  <testcase name="setDiff" time="0.002" classname="org.chocosolver.solver.constraints.checker.fmk.Test_Bools_Sets"/>
  <testcase name="setUnion" time="0.025" classname="org.chocosolver.solver.constraints.checker.fmk.Test_Bools_Sets"/>
  <testcase name="setSubSet" time="7.956" classname="org.chocosolver.solver.constraints.checker.fmk.Test_Bools_Sets"/>
  <testcase name="setSubSet" time="0.024" classname="org.chocosolver.solver.constraints.checker.fmk.Test_Bools_Sets"/>
  <testcase name="testBOOL_SUM" time="0.003" classname="org.chocosolver.solver.constraints.checker.fmk.Test_Bools_Sets"/>
  <testcase name="setSubSet" time="0.003" classname="org.chocosolver.solver.constraints.checker.fmk.Test_Bools_Sets"/>
  <testcase name="setDisj" time="0.034" classname="org.chocosolver.solver.constraints.checker.fmk.Test_Bools_Sets"/>
  <testcase name="setAllEq" time="0.029" classname="org.chocosolver.solver.constraints.checker.fmk.Test_Bools_Sets"/>
  <testcase name="setSubSet" time="0.019" classname="org.chocosolver.solver.constraints.checker.fmk.Test_Bools_Sets"/>
  <testcase name="setDiff" time="0.019" classname="org.chocosolver.solver.constraints.checker.fmk.Test_Bools_Sets"/>
  <testcase name="setUnion" time="0.002" classname="org.chocosolver.solver.constraints.checker.fmk.Test_Bools_Sets"/>
  <testcase name="setDisj" time="0.012" classname="org.chocosolver.solver.constraints.checker.fmk.Test_Bools_Sets"/>
  <testcase name="setAllEq" time="0.005" classname="org.chocosolver.solver.constraints.checker.fmk.Test_Bools_Sets"/>
  <testcase name="setInter" time="3.712" classname="org.chocosolver.solver.constraints.checker.fmk.Test_Bools_Sets"/>
  <testcase name="setUnion" time="0.003" classname="org.chocosolver.solver.constraints.checker.fmk.Test_Bools_Sets"/>
  <testcase name="setSubSet" time="0.031" classname="org.chocosolver.solver.constraints.checker.fmk.Test_Bools_Sets"/>
  <testcase name="testBOOL_SUM" time="0.015" classname="org.chocosolver.solver.constraints.checker.fmk.Test_Bools_Sets"/>
  <testcase name="setDiff" time="0.001" classname="org.chocosolver.solver.constraints.checker.fmk.Test_Bools_Sets"/>
  <testcase name="setAllEq" time="0.311" classname="org.chocosolver.solver.constraints.checker.fmk.Test_Bools_Sets"/>
  <testcase name="setDiff" time="0.001" classname="org.chocosolver.solver.constraints.checker.fmk.Test_Bools_Sets"/>
  <testcase name="setDiff" time="0.090" classname="org.chocosolver.solver.constraints.checker.fmk.Test_Bools_Sets"/>
  <testcase name="setAllEq" time="0.002" classname="org.chocosolver.solver.constraints.checker.fmk.Test_Bools_Sets"/>
  <testcase name="setAllEq" time="0.038" classname="org.chocosolver.solver.constraints.checker.fmk.Test_Bools_Sets"/>
  <testcase name="setUnion" time="0.003" classname="org.chocosolver.solver.constraints.checker.fmk.Test_Bools_Sets"/>
  <testcase name="testBOOL_SUM" time="0.014" classname="org.chocosolver.solver.constraints.checker.fmk.Test_Bools_Sets"/>
  <testcase name="setAllEq" time="0.330" classname="org.chocosolver.solver.constraints.checker.fmk.Test_Bools_Sets"/>
  <testcase name="setUnion" time="0.385" classname="org.chocosolver.solver.constraints.checker.fmk.Test_Bools_Sets"/>
  <testcase name="setUnion" time="0.006" classname="org.chocosolver.solver.constraints.checker.fmk.Test_Bools_Sets"/>
</testsuite> <!-- org.chocosolver.solver.constraints.checker.fmk.Test_Bools_Sets -->
