<?xml version="1.0" encoding="UTF-8"?>
<!-- Generated by org.testng.reporters.JUnitReportReporter -->
<testsuite skipped="0" hostname="cyclone1" name="org.chocosolver.solver.variables.ViewMinusTest" tests="6" failures="0" timestamp="26 May 2018 19:10:34 GMT" time="0.973" errors="0">
  <testcase name="test1" time="0.001" classname="org.chocosolver.solver.variables.ViewMinusTest"/>
  <testcase name="test3" time="0.525" classname="org.chocosolver.solver.variables.ViewMinusTest"/>
  <testcase name="testIt2" time="0.007" classname="org.chocosolver.solver.variables.ViewMinusTest"/>
  <testcase name="testIt1" time="0.007" classname="org.chocosolver.solver.variables.ViewMinusTest"/>
  <testcase name="testB1" time="0.001" classname="org.chocosolver.solver.variables.ViewMinusTest"/>
  <testcase name="test2" time="0.432" classname="org.chocosolver.solver.variables.ViewMinusTest"/>
</testsuite> <!-- org.chocosolver.solver.variables.ViewMinusTest -->
