<?xml version="1.0" encoding="UTF-8"?>
<!-- Generated by org.testng.reporters.JUnitReportReporter -->
<testsuite skipped="0" hostname="cyclone1" name="org.chocosolver.util.objects.setDataStructures.backtrackable.StoredIntLinkedListTest" tests="3" failures="0" timestamp="26 May 2018 19:10:34 GMT" time="10.953" errors="0">
  <testcase name="test1" time="0.000" classname="org.chocosolver.util.objects.setDataStructures.backtrackable.StoredIntLinkedListTest"/>
  <testcase name="test2" time="0.001" classname="org.chocosolver.util.objects.setDataStructures.backtrackable.StoredIntLinkedListTest"/>
  <testcase name="test3" time="10.952" classname="org.chocosolver.util.objects.setDataStructures.backtrackable.StoredIntLinkedListTest"/>
</testsuite> <!-- org.chocosolver.util.objects.setDataStructures.backtrackable.StoredIntLinkedListTest -->
