<?xml version="1.0" encoding="UTF-8"?>
<!-- Generated by org.testng.reporters.JUnitReportReporter -->
<testsuite skipped="0" hostname="cyclone1" name="org.chocosolver.solver.constraints.set.AllDisjointTest" tests="3" failures="0" timestamp="26 May 2018 19:10:34 GMT" time="0.075" errors="0">
  <testcase name="testTrivialTrue" time="0.001" classname="org.chocosolver.solver.constraints.set.AllDisjointTest"/>
  <testcase name="testNominal" time="0.074" classname="org.chocosolver.solver.constraints.set.AllDisjointTest"/>
  <testcase name="testTrivialFalse" time="0.000" classname="org.chocosolver.solver.constraints.set.AllDisjointTest"/>
</testsuite> <!-- org.chocosolver.solver.constraints.set.AllDisjointTest -->
