<?xml version="1.0" encoding="UTF-8"?>
<!-- Generated by org.testng.reporters.JUnitReportReporter -->
<testsuite skipped="0" hostname="cyclone1" name="org.chocosolver.solver.explanations.EqualXYCExplTest" tests="1" failures="0" timestamp="26 May 2018 19:10:34 GMT" time="0.015" errors="0">
  <testcase name="test1" time="0.015" classname="org.chocosolver.solver.explanations.EqualXYCExplTest"/>
</testsuite> <!-- org.chocosolver.solver.explanations.EqualXYCExplTest -->
