<?xml version="1.0" encoding="UTF-8"?>
<!-- Generated by org.testng.reporters.JUnitReportReporter -->
<testsuite skipped="0" hostname="cyclone1" name="org.chocosolver.solver.expression.continuous.ExpressionTest" tests="30" failures="0" timestamp="26 May 2018 19:10:34 GMT" time="0.086" errors="30">
  <testcase name="test6" time="0.001" classname="org.chocosolver.solver.expression.continuous.ExpressionTest">
    <error type="java.lang.NoClassDefFoundError" message="Could not initialize class org.chocosolver.solver.constraints.real.Ibex">
      <![CDATA[java.lang.NoClassDefFoundError: Could not initialize class org.chocosolver.solver.constraints.real.Ibex
	at org.chocosolver.solver.constraints.real.IbexHandler.createInstance(IbexHandler.java:297)
	at org.chocosolver.solver.constraints.real.IbexHandler.getIbexInstance(IbexHandler.java:217)
	at org.chocosolver.solver.constraints.real.IbexHandler.contract(IbexHandler.java:121)
	at org.chocosolver.solver.constraints.real.RealPropagator.propagate(RealPropagator.java:84)
	at org.chocosolver.solver.propagation.PropagationEngine.execute(PropagationEngine.java:213)
	at org.chocosolver.solver.propagation.PropagationEngine.prepropagate(PropagationEngine.java:204)
	at org.chocosolver.solver.propagation.PropagationEngine.propagate(PropagationEngine.java:157)
	at org.chocosolver.solver.search.loop.propagate.PropagateBasic.execute(PropagateBasic.java:27)
	at org.chocosolver.solver.Solver.initialize(Solver.java:346)
	at org.chocosolver.solver.Solver.solve(Solver.java:254)
	at org.chocosolver.solver.search.IResolutionHelper$1.tryAdvance(IResolutionHelper.java:186)
	at java.util.Spliterator.forEachRemaining(Spliterator.java:326)
	at java.util.stream.AbstractPipeline.copyInto(AbstractPipeline.java:481)
	at java.util.stream.AbstractPipeline.wrapAndCopyInto(AbstractPipeline.java:471)
	at java.util.stream.ReduceOps$ReduceOp.evaluateSequential(ReduceOps.java:708)
	at java.util.stream.AbstractPipeline.evaluate(AbstractPipeline.java:234)
	at java.util.stream.LongPipeline.reduce(LongPipeline.java:438)
	at java.util.stream.LongPipeline.sum(LongPipeline.java:396)
	at java.util.stream.ReferencePipeline.count(ReferencePipeline.java:526)
	at org.chocosolver.solver.expression.continuous.ExpressionTest.eval(ExpressionTest.java:40)
	at org.chocosolver.solver.expression.continuous.ExpressionTest.test6(ExpressionTest.java:76)
	at sun.reflect.NativeMethodAccessorImpl.invoke0(Native Method)
	at sun.reflect.NativeMethodAccessorImpl.invoke(NativeMethodAccessorImpl.java:62)
	at sun.reflect.DelegatingMethodAccessorImpl.invoke(DelegatingMethodAccessorImpl.java:43)
	at java.lang.reflect.Method.invoke(Method.java:498)
	at org.testng.internal.MethodInvocationHelper.invokeMethod(MethodInvocationHelper.java:108)
	at org.testng.internal.InvokeMethodRunnable.runOne(InvokeMethodRunnable.java:54)
	at org.testng.internal.InvokeMethodRunnable.run(InvokeMethodRunnable.java:44)
	at java.util.concurrent.Executors$RunnableAdapter.call(Executors.java:511)
	at java.util.concurrent.FutureTask.run(FutureTask.java:266)
	at java.util.concurrent.ThreadPoolExecutor.runWorker(ThreadPoolExecutor.java:1142)
	at java.util.concurrent.ThreadPoolExecutor$Worker.run(ThreadPoolExecutor.java:617)
	at java.lang.Thread.run(Thread.java:745)
]]>
    </error>
  </testcase> <!-- test6 -->
  <testcase name="test22" time="0.001" classname="org.chocosolver.solver.expression.continuous.ExpressionTest">
    <error type="java.lang.NoClassDefFoundError" message="Could not initialize class org.chocosolver.solver.constraints.real.Ibex">
      <![CDATA[java.lang.NoClassDefFoundError: Could not initialize class org.chocosolver.solver.constraints.real.Ibex
	at org.chocosolver.solver.constraints.real.IbexHandler.createInstance(IbexHandler.java:297)
	at org.chocosolver.solver.constraints.real.IbexHandler.getIbexInstance(IbexHandler.java:217)
	at org.chocosolver.solver.constraints.real.IbexHandler.contract(IbexHandler.java:121)
	at org.chocosolver.solver.constraints.real.RealPropagator.propagate(RealPropagator.java:84)
	at org.chocosolver.solver.propagation.PropagationEngine.execute(PropagationEngine.java:213)
	at org.chocosolver.solver.propagation.PropagationEngine.prepropagate(PropagationEngine.java:204)
	at org.chocosolver.solver.propagation.PropagationEngine.propagate(PropagationEngine.java:157)
	at org.chocosolver.solver.search.loop.propagate.PropagateBasic.execute(PropagateBasic.java:27)
	at org.chocosolver.solver.Solver.initialize(Solver.java:346)
	at org.chocosolver.solver.Solver.solve(Solver.java:254)
	at org.chocosolver.solver.search.IResolutionHelper$1.tryAdvance(IResolutionHelper.java:186)
	at java.util.Spliterator.forEachRemaining(Spliterator.java:326)
	at java.util.stream.AbstractPipeline.copyInto(AbstractPipeline.java:481)
	at java.util.stream.AbstractPipeline.wrapAndCopyInto(AbstractPipeline.java:471)
	at java.util.stream.ReduceOps$ReduceOp.evaluateSequential(ReduceOps.java:708)
	at java.util.stream.AbstractPipeline.evaluate(AbstractPipeline.java:234)
	at java.util.stream.LongPipeline.reduce(LongPipeline.java:438)
	at java.util.stream.LongPipeline.sum(LongPipeline.java:396)
	at java.util.stream.ReferencePipeline.count(ReferencePipeline.java:526)
	at org.chocosolver.solver.expression.continuous.ExpressionTest.eval(ExpressionTest.java:40)
	at org.chocosolver.solver.expression.continuous.ExpressionTest.test22(ExpressionTest.java:198)
	at sun.reflect.NativeMethodAccessorImpl.invoke0(Native Method)
	at sun.reflect.NativeMethodAccessorImpl.invoke(NativeMethodAccessorImpl.java:62)
	at sun.reflect.DelegatingMethodAccessorImpl.invoke(DelegatingMethodAccessorImpl.java:43)
	at java.lang.reflect.Method.invoke(Method.java:498)
	at org.testng.internal.MethodInvocationHelper.invokeMethod(MethodInvocationHelper.java:108)
	at org.testng.internal.InvokeMethodRunnable.runOne(InvokeMethodRunnable.java:54)
	at org.testng.internal.InvokeMethodRunnable.run(InvokeMethodRunnable.java:44)
	at java.util.concurrent.Executors$RunnableAdapter.call(Executors.java:511)
	at java.util.concurrent.FutureTask.run(FutureTask.java:266)
	at java.util.concurrent.ThreadPoolExecutor.runWorker(ThreadPoolExecutor.java:1142)
	at java.util.concurrent.ThreadPoolExecutor$Worker.run(ThreadPoolExecutor.java:617)
	at java.lang.Thread.run(Thread.java:745)
]]>
    </error>
  </testcase> <!-- test22 -->
  <testcase name="test12" time="0.002" classname="org.chocosolver.solver.expression.continuous.ExpressionTest">
    <error type="java.lang.NoClassDefFoundError" message="Could not initialize class org.chocosolver.solver.constraints.real.Ibex">
      <![CDATA[java.lang.NoClassDefFoundError: Could not initialize class org.chocosolver.solver.constraints.real.Ibex
	at org.chocosolver.solver.constraints.real.IbexHandler.createInstance(IbexHandler.java:297)
	at org.chocosolver.solver.constraints.real.IbexHandler.getIbexInstance(IbexHandler.java:217)
	at org.chocosolver.solver.constraints.real.IbexHandler.contract(IbexHandler.java:121)
	at org.chocosolver.solver.constraints.real.RealPropagator.propagate(RealPropagator.java:84)
	at org.chocosolver.solver.propagation.PropagationEngine.execute(PropagationEngine.java:213)
	at org.chocosolver.solver.propagation.PropagationEngine.prepropagate(PropagationEngine.java:204)
	at org.chocosolver.solver.propagation.PropagationEngine.propagate(PropagationEngine.java:157)
	at org.chocosolver.solver.search.loop.propagate.PropagateBasic.execute(PropagateBasic.java:27)
	at org.chocosolver.solver.Solver.initialize(Solver.java:346)
	at org.chocosolver.solver.Solver.solve(Solver.java:254)
	at org.chocosolver.solver.search.IResolutionHelper$1.tryAdvance(IResolutionHelper.java:186)
	at java.util.Spliterator.forEachRemaining(Spliterator.java:326)
	at java.util.stream.AbstractPipeline.copyInto(AbstractPipeline.java:481)
	at java.util.stream.AbstractPipeline.wrapAndCopyInto(AbstractPipeline.java:471)
	at java.util.stream.ReduceOps$ReduceOp.evaluateSequential(ReduceOps.java:708)
	at java.util.stream.AbstractPipeline.evaluate(AbstractPipeline.java:234)
	at java.util.stream.LongPipeline.reduce(LongPipeline.java:438)
	at java.util.stream.LongPipeline.sum(LongPipeline.java:396)
	at java.util.stream.ReferencePipeline.count(ReferencePipeline.java:526)
	at org.chocosolver.solver.expression.continuous.ExpressionTest.eval(ExpressionTest.java:40)
	at org.chocosolver.solver.expression.continuous.ExpressionTest.test12(ExpressionTest.java:117)
	at sun.reflect.NativeMethodAccessorImpl.invoke0(Native Method)
	at sun.reflect.NativeMethodAccessorImpl.invoke(NativeMethodAccessorImpl.java:62)
	at sun.reflect.DelegatingMethodAccessorImpl.invoke(DelegatingMethodAccessorImpl.java:43)
	at java.lang.reflect.Method.invoke(Method.java:498)
	at org.testng.internal.MethodInvocationHelper.invokeMethod(MethodInvocationHelper.java:108)
	at org.testng.internal.InvokeMethodRunnable.runOne(InvokeMethodRunnable.java:54)
	at org.testng.internal.InvokeMethodRunnable.run(InvokeMethodRunnable.java:44)
	at java.util.concurrent.Executors$RunnableAdapter.call(Executors.java:511)
	at java.util.concurrent.FutureTask.run(FutureTask.java:266)
	at java.util.concurrent.ThreadPoolExecutor.runWorker(ThreadPoolExecutor.java:1142)
	at java.util.concurrent.ThreadPoolExecutor$Worker.run(ThreadPoolExecutor.java:617)
	at java.lang.Thread.run(Thread.java:745)
]]>
    </error>
  </testcase> <!-- test12 -->
  <testcase name="test25" time="0.002" classname="org.chocosolver.solver.expression.continuous.ExpressionTest">
    <error type="java.lang.NoClassDefFoundError" message="Could not initialize class org.chocosolver.solver.constraints.real.Ibex">
      <![CDATA[java.lang.NoClassDefFoundError: Could not initialize class org.chocosolver.solver.constraints.real.Ibex
	at org.chocosolver.solver.constraints.real.IbexHandler.createInstance(IbexHandler.java:297)
	at org.chocosolver.solver.constraints.real.IbexHandler.getIbexInstance(IbexHandler.java:217)
	at org.chocosolver.solver.constraints.real.IbexHandler.contract(IbexHandler.java:121)
	at org.chocosolver.solver.constraints.real.RealPropagator.propagate(RealPropagator.java:84)
	at org.chocosolver.solver.propagation.PropagationEngine.execute(PropagationEngine.java:213)
	at org.chocosolver.solver.propagation.PropagationEngine.prepropagate(PropagationEngine.java:204)
	at org.chocosolver.solver.propagation.PropagationEngine.propagate(PropagationEngine.java:157)
	at org.chocosolver.solver.search.loop.propagate.PropagateBasic.execute(PropagateBasic.java:27)
	at org.chocosolver.solver.Solver.initialize(Solver.java:346)
	at org.chocosolver.solver.Solver.solve(Solver.java:254)
	at org.chocosolver.solver.search.IResolutionHelper$1.tryAdvance(IResolutionHelper.java:186)
	at java.util.Spliterator.forEachRemaining(Spliterator.java:326)
	at java.util.stream.AbstractPipeline.copyInto(AbstractPipeline.java:481)
	at java.util.stream.AbstractPipeline.wrapAndCopyInto(AbstractPipeline.java:471)
	at java.util.stream.ReduceOps$ReduceOp.evaluateSequential(ReduceOps.java:708)
	at java.util.stream.AbstractPipeline.evaluate(AbstractPipeline.java:234)
	at java.util.stream.LongPipeline.reduce(LongPipeline.java:438)
	at java.util.stream.LongPipeline.sum(LongPipeline.java:396)
	at java.util.stream.ReferencePipeline.count(ReferencePipeline.java:526)
	at org.chocosolver.solver.expression.continuous.ExpressionTest.eval(ExpressionTest.java:40)
	at org.chocosolver.solver.expression.continuous.ExpressionTest.test25(ExpressionTest.java:222)
	at sun.reflect.NativeMethodAccessorImpl.invoke0(Native Method)
	at sun.reflect.NativeMethodAccessorImpl.invoke(NativeMethodAccessorImpl.java:62)
	at sun.reflect.DelegatingMethodAccessorImpl.invoke(DelegatingMethodAccessorImpl.java:43)
	at java.lang.reflect.Method.invoke(Method.java:498)
	at org.testng.internal.MethodInvocationHelper.invokeMethod(MethodInvocationHelper.java:108)
	at org.testng.internal.InvokeMethodRunnable.runOne(InvokeMethodRunnable.java:54)
	at org.testng.internal.InvokeMethodRunnable.run(InvokeMethodRunnable.java:44)
	at java.util.concurrent.Executors$RunnableAdapter.call(Executors.java:511)
	at java.util.concurrent.FutureTask.run(FutureTask.java:266)
	at java.util.concurrent.ThreadPoolExecutor.runWorker(ThreadPoolExecutor.java:1142)
	at java.util.concurrent.ThreadPoolExecutor$Worker.run(ThreadPoolExecutor.java:617)
	at java.lang.Thread.run(Thread.java:745)
]]>
    </error>
  </testcase> <!-- test25 -->
  <testcase name="test14" time="0.004" classname="org.chocosolver.solver.expression.continuous.ExpressionTest">
    <error type="java.lang.NoClassDefFoundError" message="Could not initialize class org.chocosolver.solver.constraints.real.Ibex">
      <![CDATA[java.lang.NoClassDefFoundError: Could not initialize class org.chocosolver.solver.constraints.real.Ibex
	at org.chocosolver.solver.constraints.real.IbexHandler.createInstance(IbexHandler.java:297)
	at org.chocosolver.solver.constraints.real.IbexHandler.getIbexInstance(IbexHandler.java:217)
	at org.chocosolver.solver.constraints.real.IbexHandler.contract(IbexHandler.java:121)
	at org.chocosolver.solver.constraints.real.RealPropagator.propagate(RealPropagator.java:84)
	at org.chocosolver.solver.propagation.PropagationEngine.execute(PropagationEngine.java:213)
	at org.chocosolver.solver.propagation.PropagationEngine.prepropagate(PropagationEngine.java:204)
	at org.chocosolver.solver.propagation.PropagationEngine.propagate(PropagationEngine.java:157)
	at org.chocosolver.solver.search.loop.propagate.PropagateBasic.execute(PropagateBasic.java:27)
	at org.chocosolver.solver.Solver.initialize(Solver.java:346)
	at org.chocosolver.solver.Solver.solve(Solver.java:254)
	at org.chocosolver.solver.search.IResolutionHelper$1.tryAdvance(IResolutionHelper.java:186)
	at java.util.Spliterator.forEachRemaining(Spliterator.java:326)
	at java.util.stream.AbstractPipeline.copyInto(AbstractPipeline.java:481)
	at java.util.stream.AbstractPipeline.wrapAndCopyInto(AbstractPipeline.java:471)
	at java.util.stream.ReduceOps$ReduceOp.evaluateSequential(ReduceOps.java:708)
	at java.util.stream.AbstractPipeline.evaluate(AbstractPipeline.java:234)
	at java.util.stream.LongPipeline.reduce(LongPipeline.java:438)
	at java.util.stream.LongPipeline.sum(LongPipeline.java:396)
	at java.util.stream.ReferencePipeline.count(ReferencePipeline.java:526)
	at org.chocosolver.solver.expression.continuous.ExpressionTest.eval(ExpressionTest.java:40)
	at org.chocosolver.solver.expression.continuous.ExpressionTest.test14(ExpressionTest.java:133)
	at sun.reflect.NativeMethodAccessorImpl.invoke0(Native Method)
	at sun.reflect.NativeMethodAccessorImpl.invoke(NativeMethodAccessorImpl.java:62)
	at sun.reflect.DelegatingMethodAccessorImpl.invoke(DelegatingMethodAccessorImpl.java:43)
	at java.lang.reflect.Method.invoke(Method.java:498)
	at org.testng.internal.MethodInvocationHelper.invokeMethod(MethodInvocationHelper.java:108)
	at org.testng.internal.InvokeMethodRunnable.runOne(InvokeMethodRunnable.java:54)
	at org.testng.internal.InvokeMethodRunnable.run(InvokeMethodRunnable.java:44)
	at java.util.concurrent.Executors$RunnableAdapter.call(Executors.java:511)
	at java.util.concurrent.FutureTask.run(FutureTask.java:266)
	at java.util.concurrent.ThreadPoolExecutor.runWorker(ThreadPoolExecutor.java:1142)
	at java.util.concurrent.ThreadPoolExecutor$Worker.run(ThreadPoolExecutor.java:617)
	at java.lang.Thread.run(Thread.java:745)
]]>
    </error>
  </testcase> <!-- test14 -->
  <testcase name="test18" time="0.001" classname="org.chocosolver.solver.expression.continuous.ExpressionTest">
    <error type="java.lang.NoClassDefFoundError" message="Could not initialize class org.chocosolver.solver.constraints.real.Ibex">
      <![CDATA[java.lang.NoClassDefFoundError: Could not initialize class org.chocosolver.solver.constraints.real.Ibex
	at org.chocosolver.solver.constraints.real.IbexHandler.createInstance(IbexHandler.java:297)
	at org.chocosolver.solver.constraints.real.IbexHandler.getIbexInstance(IbexHandler.java:217)
	at org.chocosolver.solver.constraints.real.IbexHandler.contract(IbexHandler.java:121)
	at org.chocosolver.solver.constraints.real.RealPropagator.propagate(RealPropagator.java:84)
	at org.chocosolver.solver.propagation.PropagationEngine.execute(PropagationEngine.java:213)
	at org.chocosolver.solver.propagation.PropagationEngine.prepropagate(PropagationEngine.java:204)
	at org.chocosolver.solver.propagation.PropagationEngine.propagate(PropagationEngine.java:157)
	at org.chocosolver.solver.search.loop.propagate.PropagateBasic.execute(PropagateBasic.java:27)
	at org.chocosolver.solver.Solver.initialize(Solver.java:346)
	at org.chocosolver.solver.Solver.solve(Solver.java:254)
	at org.chocosolver.solver.search.IResolutionHelper$1.tryAdvance(IResolutionHelper.java:186)
	at java.util.Spliterator.forEachRemaining(Spliterator.java:326)
	at java.util.stream.AbstractPipeline.copyInto(AbstractPipeline.java:481)
	at java.util.stream.AbstractPipeline.wrapAndCopyInto(AbstractPipeline.java:471)
	at java.util.stream.ReduceOps$ReduceOp.evaluateSequential(ReduceOps.java:708)
	at java.util.stream.AbstractPipeline.evaluate(AbstractPipeline.java:234)
	at java.util.stream.LongPipeline.reduce(LongPipeline.java:438)
	at java.util.stream.LongPipeline.sum(LongPipeline.java:396)
	at java.util.stream.ReferencePipeline.count(ReferencePipeline.java:526)
	at org.chocosolver.solver.expression.continuous.ExpressionTest.eval(ExpressionTest.java:40)
	at org.chocosolver.solver.expression.continuous.ExpressionTest.test18(ExpressionTest.java:165)
	at sun.reflect.NativeMethodAccessorImpl.invoke0(Native Method)
	at sun.reflect.NativeMethodAccessorImpl.invoke(NativeMethodAccessorImpl.java:62)
	at sun.reflect.DelegatingMethodAccessorImpl.invoke(DelegatingMethodAccessorImpl.java:43)
	at java.lang.reflect.Method.invoke(Method.java:498)
	at org.testng.internal.MethodInvocationHelper.invokeMethod(MethodInvocationHelper.java:108)
	at org.testng.internal.InvokeMethodRunnable.runOne(InvokeMethodRunnable.java:54)
	at org.testng.internal.InvokeMethodRunnable.run(InvokeMethodRunnable.java:44)
	at java.util.concurrent.Executors$RunnableAdapter.call(Executors.java:511)
	at java.util.concurrent.FutureTask.run(FutureTask.java:266)
	at java.util.concurrent.ThreadPoolExecutor.runWorker(ThreadPoolExecutor.java:1142)
	at java.util.concurrent.ThreadPoolExecutor$Worker.run(ThreadPoolExecutor.java:617)
	at java.lang.Thread.run(Thread.java:745)
]]>
    </error>
  </testcase> <!-- test18 -->
  <testcase name="test13" time="0.001" classname="org.chocosolver.solver.expression.continuous.ExpressionTest">
    <error type="java.lang.NoClassDefFoundError" message="Could not initialize class org.chocosolver.solver.constraints.real.Ibex">
      <![CDATA[java.lang.NoClassDefFoundError: Could not initialize class org.chocosolver.solver.constraints.real.Ibex
	at org.chocosolver.solver.constraints.real.IbexHandler.createInstance(IbexHandler.java:297)
	at org.chocosolver.solver.constraints.real.IbexHandler.getIbexInstance(IbexHandler.java:217)
	at org.chocosolver.solver.constraints.real.IbexHandler.contract(IbexHandler.java:121)
	at org.chocosolver.solver.constraints.real.RealPropagator.propagate(RealPropagator.java:84)
	at org.chocosolver.solver.propagation.PropagationEngine.execute(PropagationEngine.java:213)
	at org.chocosolver.solver.propagation.PropagationEngine.prepropagate(PropagationEngine.java:204)
	at org.chocosolver.solver.propagation.PropagationEngine.propagate(PropagationEngine.java:157)
	at org.chocosolver.solver.search.loop.propagate.PropagateBasic.execute(PropagateBasic.java:27)
	at org.chocosolver.solver.Solver.initialize(Solver.java:346)
	at org.chocosolver.solver.Solver.solve(Solver.java:254)
	at org.chocosolver.solver.search.IResolutionHelper$1.tryAdvance(IResolutionHelper.java:186)
	at java.util.Spliterator.forEachRemaining(Spliterator.java:326)
	at java.util.stream.AbstractPipeline.copyInto(AbstractPipeline.java:481)
	at java.util.stream.AbstractPipeline.wrapAndCopyInto(AbstractPipeline.java:471)
	at java.util.stream.ReduceOps$ReduceOp.evaluateSequential(ReduceOps.java:708)
	at java.util.stream.AbstractPipeline.evaluate(AbstractPipeline.java:234)
	at java.util.stream.LongPipeline.reduce(LongPipeline.java:438)
	at java.util.stream.LongPipeline.sum(LongPipeline.java:396)
	at java.util.stream.ReferencePipeline.count(ReferencePipeline.java:526)
	at org.chocosolver.solver.expression.continuous.ExpressionTest.eval(ExpressionTest.java:40)
	at org.chocosolver.solver.expression.continuous.ExpressionTest.test13(ExpressionTest.java:125)
	at sun.reflect.NativeMethodAccessorImpl.invoke0(Native Method)
	at sun.reflect.NativeMethodAccessorImpl.invoke(NativeMethodAccessorImpl.java:62)
	at sun.reflect.DelegatingMethodAccessorImpl.invoke(DelegatingMethodAccessorImpl.java:43)
	at java.lang.reflect.Method.invoke(Method.java:498)
	at org.testng.internal.MethodInvocationHelper.invokeMethod(MethodInvocationHelper.java:108)
	at org.testng.internal.InvokeMethodRunnable.runOne(InvokeMethodRunnable.java:54)
	at org.testng.internal.InvokeMethodRunnable.run(InvokeMethodRunnable.java:44)
	at java.util.concurrent.Executors$RunnableAdapter.call(Executors.java:511)
	at java.util.concurrent.FutureTask.run(FutureTask.java:266)
	at java.util.concurrent.ThreadPoolExecutor.runWorker(ThreadPoolExecutor.java:1142)
	at java.util.concurrent.ThreadPoolExecutor$Worker.run(ThreadPoolExecutor.java:617)
	at java.lang.Thread.run(Thread.java:745)
]]>
    </error>
  </testcase> <!-- test13 -->
  <testcase name="test30" time="0.002" classname="org.chocosolver.solver.expression.continuous.ExpressionTest">
    <error type="java.lang.NoClassDefFoundError" message="Could not initialize class org.chocosolver.solver.constraints.real.Ibex">
      <![CDATA[java.lang.NoClassDefFoundError: Could not initialize class org.chocosolver.solver.constraints.real.Ibex
	at org.chocosolver.solver.constraints.real.IbexHandler.createInstance(IbexHandler.java:297)
	at org.chocosolver.solver.constraints.real.IbexHandler.getIbexInstance(IbexHandler.java:217)
	at org.chocosolver.solver.constraints.real.IbexHandler.contract(IbexHandler.java:121)
	at org.chocosolver.solver.constraints.real.RealPropagator.propagate(RealPropagator.java:84)
	at org.chocosolver.solver.propagation.PropagationEngine.execute(PropagationEngine.java:213)
	at org.chocosolver.solver.propagation.PropagationEngine.prepropagate(PropagationEngine.java:204)
	at org.chocosolver.solver.propagation.PropagationEngine.propagate(PropagationEngine.java:157)
	at org.chocosolver.solver.search.loop.propagate.PropagateBasic.execute(PropagateBasic.java:27)
	at org.chocosolver.solver.Solver.initialize(Solver.java:346)
	at org.chocosolver.solver.Solver.solve(Solver.java:254)
	at org.chocosolver.solver.search.IResolutionHelper$1.tryAdvance(IResolutionHelper.java:186)
	at java.util.Spliterator.forEachRemaining(Spliterator.java:326)
	at java.util.stream.AbstractPipeline.copyInto(AbstractPipeline.java:481)
	at java.util.stream.AbstractPipeline.wrapAndCopyInto(AbstractPipeline.java:471)
	at java.util.stream.ReduceOps$ReduceOp.evaluateSequential(ReduceOps.java:708)
	at java.util.stream.AbstractPipeline.evaluate(AbstractPipeline.java:234)
	at java.util.stream.LongPipeline.reduce(LongPipeline.java:438)
	at java.util.stream.LongPipeline.sum(LongPipeline.java:396)
	at java.util.stream.ReferencePipeline.count(ReferencePipeline.java:526)
	at org.chocosolver.solver.expression.continuous.ExpressionTest.eval(ExpressionTest.java:40)
	at org.chocosolver.solver.expression.continuous.ExpressionTest.test30(ExpressionTest.java:262)
	at sun.reflect.NativeMethodAccessorImpl.invoke0(Native Method)
	at sun.reflect.NativeMethodAccessorImpl.invoke(NativeMethodAccessorImpl.java:62)
	at sun.reflect.DelegatingMethodAccessorImpl.invoke(DelegatingMethodAccessorImpl.java:43)
	at java.lang.reflect.Method.invoke(Method.java:498)
	at org.testng.internal.MethodInvocationHelper.invokeMethod(MethodInvocationHelper.java:108)
	at org.testng.internal.InvokeMethodRunnable.runOne(InvokeMethodRunnable.java:54)
	at org.testng.internal.InvokeMethodRunnable.run(InvokeMethodRunnable.java:44)
	at java.util.concurrent.Executors$RunnableAdapter.call(Executors.java:511)
	at java.util.concurrent.FutureTask.run(FutureTask.java:266)
	at java.util.concurrent.ThreadPoolExecutor.runWorker(ThreadPoolExecutor.java:1142)
	at java.util.concurrent.ThreadPoolExecutor$Worker.run(ThreadPoolExecutor.java:617)
	at java.lang.Thread.run(Thread.java:745)
]]>
    </error>
  </testcase> <!-- test30 -->
  <testcase name="test26" time="0.002" classname="org.chocosolver.solver.expression.continuous.ExpressionTest">
    <error type="java.lang.NoClassDefFoundError" message="Could not initialize class org.chocosolver.solver.constraints.real.Ibex">
      <![CDATA[java.lang.NoClassDefFoundError: Could not initialize class org.chocosolver.solver.constraints.real.Ibex
	at org.chocosolver.solver.constraints.real.IbexHandler.createInstance(IbexHandler.java:297)
	at org.chocosolver.solver.constraints.real.IbexHandler.getIbexInstance(IbexHandler.java:217)
	at org.chocosolver.solver.constraints.real.IbexHandler.contract(IbexHandler.java:121)
	at org.chocosolver.solver.constraints.real.RealPropagator.propagate(RealPropagator.java:84)
	at org.chocosolver.solver.propagation.PropagationEngine.execute(PropagationEngine.java:213)
	at org.chocosolver.solver.propagation.PropagationEngine.prepropagate(PropagationEngine.java:204)
	at org.chocosolver.solver.propagation.PropagationEngine.propagate(PropagationEngine.java:157)
	at org.chocosolver.solver.search.loop.propagate.PropagateBasic.execute(PropagateBasic.java:27)
	at org.chocosolver.solver.Solver.initialize(Solver.java:346)
	at org.chocosolver.solver.Solver.solve(Solver.java:254)
	at org.chocosolver.solver.search.IResolutionHelper$1.tryAdvance(IResolutionHelper.java:186)
	at java.util.Spliterator.forEachRemaining(Spliterator.java:326)
	at java.util.stream.AbstractPipeline.copyInto(AbstractPipeline.java:481)
	at java.util.stream.AbstractPipeline.wrapAndCopyInto(AbstractPipeline.java:471)
	at java.util.stream.ReduceOps$ReduceOp.evaluateSequential(ReduceOps.java:708)
	at java.util.stream.AbstractPipeline.evaluate(AbstractPipeline.java:234)
	at java.util.stream.LongPipeline.reduce(LongPipeline.java:438)
	at java.util.stream.LongPipeline.sum(LongPipeline.java:396)
	at java.util.stream.ReferencePipeline.count(ReferencePipeline.java:526)
	at org.chocosolver.solver.expression.continuous.ExpressionTest.eval(ExpressionTest.java:40)
	at org.chocosolver.solver.expression.continuous.ExpressionTest.test26(ExpressionTest.java:230)
	at sun.reflect.NativeMethodAccessorImpl.invoke0(Native Method)
	at sun.reflect.NativeMethodAccessorImpl.invoke(NativeMethodAccessorImpl.java:62)
	at sun.reflect.DelegatingMethodAccessorImpl.invoke(DelegatingMethodAccessorImpl.java:43)
	at java.lang.reflect.Method.invoke(Method.java:498)
	at org.testng.internal.MethodInvocationHelper.invokeMethod(MethodInvocationHelper.java:108)
	at org.testng.internal.InvokeMethodRunnable.runOne(InvokeMethodRunnable.java:54)
	at org.testng.internal.InvokeMethodRunnable.run(InvokeMethodRunnable.java:44)
	at java.util.concurrent.Executors$RunnableAdapter.call(Executors.java:511)
	at java.util.concurrent.FutureTask.run(FutureTask.java:266)
	at java.util.concurrent.ThreadPoolExecutor.runWorker(ThreadPoolExecutor.java:1142)
	at java.util.concurrent.ThreadPoolExecutor$Worker.run(ThreadPoolExecutor.java:617)
	at java.lang.Thread.run(Thread.java:745)
]]>
    </error>
  </testcase> <!-- test26 -->
  <testcase name="test7" time="0.001" classname="org.chocosolver.solver.expression.continuous.ExpressionTest">
    <error type="java.lang.NoClassDefFoundError" message="Could not initialize class org.chocosolver.solver.constraints.real.Ibex">
      <![CDATA[java.lang.NoClassDefFoundError: Could not initialize class org.chocosolver.solver.constraints.real.Ibex
	at org.chocosolver.solver.constraints.real.IbexHandler.createInstance(IbexHandler.java:297)
	at org.chocosolver.solver.constraints.real.IbexHandler.getIbexInstance(IbexHandler.java:217)
	at org.chocosolver.solver.constraints.real.IbexHandler.contract(IbexHandler.java:121)
	at org.chocosolver.solver.constraints.real.RealPropagator.propagate(RealPropagator.java:84)
	at org.chocosolver.solver.propagation.PropagationEngine.execute(PropagationEngine.java:213)
	at org.chocosolver.solver.propagation.PropagationEngine.prepropagate(PropagationEngine.java:204)
	at org.chocosolver.solver.propagation.PropagationEngine.propagate(PropagationEngine.java:157)
	at org.chocosolver.solver.search.loop.propagate.PropagateBasic.execute(PropagateBasic.java:27)
	at org.chocosolver.solver.Solver.initialize(Solver.java:346)
	at org.chocosolver.solver.Solver.solve(Solver.java:254)
	at org.chocosolver.solver.search.IResolutionHelper$1.tryAdvance(IResolutionHelper.java:186)
	at java.util.Spliterator.forEachRemaining(Spliterator.java:326)
	at java.util.stream.AbstractPipeline.copyInto(AbstractPipeline.java:481)
	at java.util.stream.AbstractPipeline.wrapAndCopyInto(AbstractPipeline.java:471)
	at java.util.stream.ReduceOps$ReduceOp.evaluateSequential(ReduceOps.java:708)
	at java.util.stream.AbstractPipeline.evaluate(AbstractPipeline.java:234)
	at java.util.stream.LongPipeline.reduce(LongPipeline.java:438)
	at java.util.stream.LongPipeline.sum(LongPipeline.java:396)
	at java.util.stream.ReferencePipeline.count(ReferencePipeline.java:526)
	at org.chocosolver.solver.expression.continuous.ExpressionTest.eval(ExpressionTest.java:40)
	at org.chocosolver.solver.expression.continuous.ExpressionTest.test7(ExpressionTest.java:84)
	at sun.reflect.NativeMethodAccessorImpl.invoke0(Native Method)
	at sun.reflect.NativeMethodAccessorImpl.invoke(NativeMethodAccessorImpl.java:62)
	at sun.reflect.DelegatingMethodAccessorImpl.invoke(DelegatingMethodAccessorImpl.java:43)
	at java.lang.reflect.Method.invoke(Method.java:498)
	at org.testng.internal.MethodInvocationHelper.invokeMethod(MethodInvocationHelper.java:108)
	at org.testng.internal.InvokeMethodRunnable.runOne(InvokeMethodRunnable.java:54)
	at org.testng.internal.InvokeMethodRunnable.run(InvokeMethodRunnable.java:44)
	at java.util.concurrent.Executors$RunnableAdapter.call(Executors.java:511)
	at java.util.concurrent.FutureTask.run(FutureTask.java:266)
	at java.util.concurrent.ThreadPoolExecutor.runWorker(ThreadPoolExecutor.java:1142)
	at java.util.concurrent.ThreadPoolExecutor$Worker.run(ThreadPoolExecutor.java:617)
	at java.lang.Thread.run(Thread.java:745)
]]>
    </error>
  </testcase> <!-- test7 -->
  <testcase name="test27" time="0.002" classname="org.chocosolver.solver.expression.continuous.ExpressionTest">
    <error type="java.lang.NoClassDefFoundError" message="Could not initialize class org.chocosolver.solver.constraints.real.Ibex">
      <![CDATA[java.lang.NoClassDefFoundError: Could not initialize class org.chocosolver.solver.constraints.real.Ibex
	at org.chocosolver.solver.constraints.real.IbexHandler.createInstance(IbexHandler.java:297)
	at org.chocosolver.solver.constraints.real.IbexHandler.getIbexInstance(IbexHandler.java:217)
	at org.chocosolver.solver.constraints.real.IbexHandler.contract(IbexHandler.java:121)
	at org.chocosolver.solver.constraints.real.RealPropagator.propagate(RealPropagator.java:84)
	at org.chocosolver.solver.propagation.PropagationEngine.execute(PropagationEngine.java:213)
	at org.chocosolver.solver.propagation.PropagationEngine.prepropagate(PropagationEngine.java:204)
	at org.chocosolver.solver.propagation.PropagationEngine.propagate(PropagationEngine.java:157)
	at org.chocosolver.solver.search.loop.propagate.PropagateBasic.execute(PropagateBasic.java:27)
	at org.chocosolver.solver.Solver.initialize(Solver.java:346)
	at org.chocosolver.solver.Solver.solve(Solver.java:254)
	at org.chocosolver.solver.search.IResolutionHelper$1.tryAdvance(IResolutionHelper.java:186)
	at java.util.Spliterator.forEachRemaining(Spliterator.java:326)
	at java.util.stream.AbstractPipeline.copyInto(AbstractPipeline.java:481)
	at java.util.stream.AbstractPipeline.wrapAndCopyInto(AbstractPipeline.java:471)
	at java.util.stream.ReduceOps$ReduceOp.evaluateSequential(ReduceOps.java:708)
	at java.util.stream.AbstractPipeline.evaluate(AbstractPipeline.java:234)
	at java.util.stream.LongPipeline.reduce(LongPipeline.java:438)
	at java.util.stream.LongPipeline.sum(LongPipeline.java:396)
	at java.util.stream.ReferencePipeline.count(ReferencePipeline.java:526)
	at org.chocosolver.solver.expression.continuous.ExpressionTest.eval(ExpressionTest.java:40)
	at org.chocosolver.solver.expression.continuous.ExpressionTest.test27(ExpressionTest.java:238)
	at sun.reflect.NativeMethodAccessorImpl.invoke0(Native Method)
	at sun.reflect.NativeMethodAccessorImpl.invoke(NativeMethodAccessorImpl.java:62)
	at sun.reflect.DelegatingMethodAccessorImpl.invoke(DelegatingMethodAccessorImpl.java:43)
	at java.lang.reflect.Method.invoke(Method.java:498)
	at org.testng.internal.MethodInvocationHelper.invokeMethod(MethodInvocationHelper.java:108)
	at org.testng.internal.InvokeMethodRunnable.runOne(InvokeMethodRunnable.java:54)
	at org.testng.internal.InvokeMethodRunnable.run(InvokeMethodRunnable.java:44)
	at java.util.concurrent.Executors$RunnableAdapter.call(Executors.java:511)
	at java.util.concurrent.FutureTask.run(FutureTask.java:266)
	at java.util.concurrent.ThreadPoolExecutor.runWorker(ThreadPoolExecutor.java:1142)
	at java.util.concurrent.ThreadPoolExecutor$Worker.run(ThreadPoolExecutor.java:617)
	at java.lang.Thread.run(Thread.java:745)
]]>
    </error>
  </testcase> <!-- test27 -->
  <testcase name="test1" time="0.033" classname="org.chocosolver.solver.expression.continuous.ExpressionTest">
    <error type="java.lang.UnsatisfiedLinkError" message="no ibex-java in java.library.path">
      <![CDATA[java.lang.UnsatisfiedLinkError: no ibex-java in java.library.path
	at java.lang.ClassLoader.loadLibrary(ClassLoader.java:1867)
	at java.lang.Runtime.loadLibrary0(Runtime.java:870)
	at java.lang.System.loadLibrary(System.java:1122)
	at org.chocosolver.solver.constraints.real.Ibex.<clinit>(Ibex.java:61)
	at org.chocosolver.solver.constraints.real.IbexHandler.createInstance(IbexHandler.java:297)
	at org.chocosolver.solver.constraints.real.IbexHandler.getIbexInstance(IbexHandler.java:217)
	at org.chocosolver.solver.constraints.real.IbexHandler.contract(IbexHandler.java:121)
	at org.chocosolver.solver.constraints.real.RealPropagator.propagate(RealPropagator.java:84)
	at org.chocosolver.solver.propagation.PropagationEngine.execute(PropagationEngine.java:213)
	at org.chocosolver.solver.propagation.PropagationEngine.prepropagate(PropagationEngine.java:204)
	at org.chocosolver.solver.propagation.PropagationEngine.propagate(PropagationEngine.java:157)
	at org.chocosolver.solver.search.loop.propagate.PropagateBasic.execute(PropagateBasic.java:27)
	at org.chocosolver.solver.Solver.initialize(Solver.java:346)
	at org.chocosolver.solver.Solver.solve(Solver.java:254)
	at org.chocosolver.solver.search.IResolutionHelper$1.tryAdvance(IResolutionHelper.java:186)
	at java.util.Spliterator.forEachRemaining(Spliterator.java:326)
	at java.util.stream.AbstractPipeline.copyInto(AbstractPipeline.java:481)
	at java.util.stream.AbstractPipeline.wrapAndCopyInto(AbstractPipeline.java:471)
	at java.util.stream.ReduceOps$ReduceOp.evaluateSequential(ReduceOps.java:708)
	at java.util.stream.AbstractPipeline.evaluate(AbstractPipeline.java:234)
	at java.util.stream.LongPipeline.reduce(LongPipeline.java:438)
	at java.util.stream.LongPipeline.sum(LongPipeline.java:396)
	at java.util.stream.ReferencePipeline.count(ReferencePipeline.java:526)
	at org.chocosolver.solver.expression.continuous.ExpressionTest.eval(ExpressionTest.java:40)
	at org.chocosolver.solver.expression.continuous.ExpressionTest.test1(ExpressionTest.java:48)
	at sun.reflect.NativeMethodAccessorImpl.invoke0(Native Method)
	at sun.reflect.NativeMethodAccessorImpl.invoke(NativeMethodAccessorImpl.java:62)
	at sun.reflect.DelegatingMethodAccessorImpl.invoke(DelegatingMethodAccessorImpl.java:43)
	at java.lang.reflect.Method.invoke(Method.java:498)
	at org.testng.internal.MethodInvocationHelper.invokeMethod(MethodInvocationHelper.java:108)
	at org.testng.internal.InvokeMethodRunnable.runOne(InvokeMethodRunnable.java:54)
	at org.testng.internal.InvokeMethodRunnable.run(InvokeMethodRunnable.java:44)
	at java.util.concurrent.Executors$RunnableAdapter.call(Executors.java:511)
	at java.util.concurrent.FutureTask.run(FutureTask.java:266)
	at java.util.concurrent.ThreadPoolExecutor.runWorker(ThreadPoolExecutor.java:1142)
	at java.util.concurrent.ThreadPoolExecutor$Worker.run(ThreadPoolExecutor.java:617)
	at java.lang.Thread.run(Thread.java:745)
]]>
    </error>
  </testcase> <!-- test1 -->
  <testcase name="test3" time="0.001" classname="org.chocosolver.solver.expression.continuous.ExpressionTest">
    <error type="java.lang.NoClassDefFoundError" message="Could not initialize class org.chocosolver.solver.constraints.real.Ibex">
      <![CDATA[java.lang.NoClassDefFoundError: Could not initialize class org.chocosolver.solver.constraints.real.Ibex
	at org.chocosolver.solver.constraints.real.IbexHandler.createInstance(IbexHandler.java:297)
	at org.chocosolver.solver.constraints.real.IbexHandler.getIbexInstance(IbexHandler.java:217)
	at org.chocosolver.solver.constraints.real.IbexHandler.contract(IbexHandler.java:121)
	at org.chocosolver.solver.constraints.real.RealPropagator.propagate(RealPropagator.java:84)
	at org.chocosolver.solver.propagation.PropagationEngine.execute(PropagationEngine.java:213)
	at org.chocosolver.solver.propagation.PropagationEngine.prepropagate(PropagationEngine.java:204)
	at org.chocosolver.solver.propagation.PropagationEngine.propagate(PropagationEngine.java:157)
	at org.chocosolver.solver.search.loop.propagate.PropagateBasic.execute(PropagateBasic.java:27)
	at org.chocosolver.solver.Solver.initialize(Solver.java:346)
	at org.chocosolver.solver.Solver.solve(Solver.java:254)
	at org.chocosolver.solver.search.IResolutionHelper$1.tryAdvance(IResolutionHelper.java:186)
	at java.util.Spliterator.forEachRemaining(Spliterator.java:326)
	at java.util.stream.AbstractPipeline.copyInto(AbstractPipeline.java:481)
	at java.util.stream.AbstractPipeline.wrapAndCopyInto(AbstractPipeline.java:471)
	at java.util.stream.ReduceOps$ReduceOp.evaluateSequential(ReduceOps.java:708)
	at java.util.stream.AbstractPipeline.evaluate(AbstractPipeline.java:234)
	at java.util.stream.LongPipeline.reduce(LongPipeline.java:438)
	at java.util.stream.LongPipeline.sum(LongPipeline.java:396)
	at java.util.stream.ReferencePipeline.count(ReferencePipeline.java:526)
	at org.chocosolver.solver.expression.continuous.ExpressionTest.eval(ExpressionTest.java:40)
	at org.chocosolver.solver.expression.continuous.ExpressionTest.test3(ExpressionTest.java:55)
	at sun.reflect.NativeMethodAccessorImpl.invoke0(Native Method)
	at sun.reflect.NativeMethodAccessorImpl.invoke(NativeMethodAccessorImpl.java:62)
	at sun.reflect.DelegatingMethodAccessorImpl.invoke(DelegatingMethodAccessorImpl.java:43)
	at java.lang.reflect.Method.invoke(Method.java:498)
	at org.testng.internal.MethodInvocationHelper.invokeMethod(MethodInvocationHelper.java:108)
	at org.testng.internal.InvokeMethodRunnable.runOne(InvokeMethodRunnable.java:54)
	at org.testng.internal.InvokeMethodRunnable.run(InvokeMethodRunnable.java:44)
	at java.util.concurrent.Executors$RunnableAdapter.call(Executors.java:511)
	at java.util.concurrent.FutureTask.run(FutureTask.java:266)
	at java.util.concurrent.ThreadPoolExecutor.runWorker(ThreadPoolExecutor.java:1142)
	at java.util.concurrent.ThreadPoolExecutor$Worker.run(ThreadPoolExecutor.java:617)
	at java.lang.Thread.run(Thread.java:745)
]]>
    </error>
  </testcase> <!-- test3 -->
  <testcase name="test20" time="0.001" classname="org.chocosolver.solver.expression.continuous.ExpressionTest">
    <error type="java.lang.NoClassDefFoundError" message="Could not initialize class org.chocosolver.solver.constraints.real.Ibex">
      <![CDATA[java.lang.NoClassDefFoundError: Could not initialize class org.chocosolver.solver.constraints.real.Ibex
	at org.chocosolver.solver.constraints.real.IbexHandler.createInstance(IbexHandler.java:297)
	at org.chocosolver.solver.constraints.real.IbexHandler.getIbexInstance(IbexHandler.java:217)
	at org.chocosolver.solver.constraints.real.IbexHandler.contract(IbexHandler.java:121)
	at org.chocosolver.solver.constraints.real.RealPropagator.propagate(RealPropagator.java:84)
	at org.chocosolver.solver.propagation.PropagationEngine.execute(PropagationEngine.java:213)
	at org.chocosolver.solver.propagation.PropagationEngine.prepropagate(PropagationEngine.java:204)
	at org.chocosolver.solver.propagation.PropagationEngine.propagate(PropagationEngine.java:157)
	at org.chocosolver.solver.search.loop.propagate.PropagateBasic.execute(PropagateBasic.java:27)
	at org.chocosolver.solver.Solver.initialize(Solver.java:346)
	at org.chocosolver.solver.Solver.solve(Solver.java:254)
	at org.chocosolver.solver.search.IResolutionHelper$1.tryAdvance(IResolutionHelper.java:186)
	at java.util.Spliterator.forEachRemaining(Spliterator.java:326)
	at java.util.stream.AbstractPipeline.copyInto(AbstractPipeline.java:481)
	at java.util.stream.AbstractPipeline.wrapAndCopyInto(AbstractPipeline.java:471)
	at java.util.stream.ReduceOps$ReduceOp.evaluateSequential(ReduceOps.java:708)
	at java.util.stream.AbstractPipeline.evaluate(AbstractPipeline.java:234)
	at java.util.stream.LongPipeline.reduce(LongPipeline.java:438)
	at java.util.stream.LongPipeline.sum(LongPipeline.java:396)
	at java.util.stream.ReferencePipeline.count(ReferencePipeline.java:526)
	at org.chocosolver.solver.expression.continuous.ExpressionTest.eval(ExpressionTest.java:40)
	at org.chocosolver.solver.expression.continuous.ExpressionTest.test20(ExpressionTest.java:181)
	at sun.reflect.NativeMethodAccessorImpl.invoke0(Native Method)
	at sun.reflect.NativeMethodAccessorImpl.invoke(NativeMethodAccessorImpl.java:62)
	at sun.reflect.DelegatingMethodAccessorImpl.invoke(DelegatingMethodAccessorImpl.java:43)
	at java.lang.reflect.Method.invoke(Method.java:498)
	at org.testng.internal.MethodInvocationHelper.invokeMethod(MethodInvocationHelper.java:108)
	at org.testng.internal.InvokeMethodRunnable.runOne(InvokeMethodRunnable.java:54)
	at org.testng.internal.InvokeMethodRunnable.run(InvokeMethodRunnable.java:44)
	at java.util.concurrent.Executors$RunnableAdapter.call(Executors.java:511)
	at java.util.concurrent.FutureTask.run(FutureTask.java:266)
	at java.util.concurrent.ThreadPoolExecutor.runWorker(ThreadPoolExecutor.java:1142)
	at java.util.concurrent.ThreadPoolExecutor$Worker.run(ThreadPoolExecutor.java:617)
	at java.lang.Thread.run(Thread.java:745)
]]>
    </error>
  </testcase> <!-- test20 -->
  <testcase name="test9" time="0.001" classname="org.chocosolver.solver.expression.continuous.ExpressionTest">
    <error type="java.lang.NoClassDefFoundError" message="Could not initialize class org.chocosolver.solver.constraints.real.Ibex">
      <![CDATA[java.lang.NoClassDefFoundError: Could not initialize class org.chocosolver.solver.constraints.real.Ibex
	at org.chocosolver.solver.constraints.real.IbexHandler.createInstance(IbexHandler.java:297)
	at org.chocosolver.solver.constraints.real.IbexHandler.getIbexInstance(IbexHandler.java:217)
	at org.chocosolver.solver.constraints.real.IbexHandler.contract(IbexHandler.java:121)
	at org.chocosolver.solver.constraints.real.RealPropagator.propagate(RealPropagator.java:84)
	at org.chocosolver.solver.propagation.PropagationEngine.execute(PropagationEngine.java:213)
	at org.chocosolver.solver.propagation.PropagationEngine.prepropagate(PropagationEngine.java:204)
	at org.chocosolver.solver.propagation.PropagationEngine.propagate(PropagationEngine.java:157)
	at org.chocosolver.solver.search.loop.propagate.PropagateBasic.execute(PropagateBasic.java:27)
	at org.chocosolver.solver.Solver.initialize(Solver.java:346)
	at org.chocosolver.solver.Solver.solve(Solver.java:254)
	at org.chocosolver.solver.search.IResolutionHelper$1.tryAdvance(IResolutionHelper.java:186)
	at java.util.Spliterator.forEachRemaining(Spliterator.java:326)
	at java.util.stream.AbstractPipeline.copyInto(AbstractPipeline.java:481)
	at java.util.stream.AbstractPipeline.wrapAndCopyInto(AbstractPipeline.java:471)
	at java.util.stream.ReduceOps$ReduceOp.evaluateSequential(ReduceOps.java:708)
	at java.util.stream.AbstractPipeline.evaluate(AbstractPipeline.java:234)
	at java.util.stream.LongPipeline.reduce(LongPipeline.java:438)
	at java.util.stream.LongPipeline.sum(LongPipeline.java:396)
	at java.util.stream.ReferencePipeline.count(ReferencePipeline.java:526)
	at org.chocosolver.solver.expression.continuous.ExpressionTest.eval(ExpressionTest.java:40)
	at org.chocosolver.solver.expression.continuous.ExpressionTest.test9(ExpressionTest.java:100)
	at sun.reflect.NativeMethodAccessorImpl.invoke0(Native Method)
	at sun.reflect.NativeMethodAccessorImpl.invoke(NativeMethodAccessorImpl.java:62)
	at sun.reflect.DelegatingMethodAccessorImpl.invoke(DelegatingMethodAccessorImpl.java:43)
	at java.lang.reflect.Method.invoke(Method.java:498)
	at org.testng.internal.MethodInvocationHelper.invokeMethod(MethodInvocationHelper.java:108)
	at org.testng.internal.InvokeMethodRunnable.runOne(InvokeMethodRunnable.java:54)
	at org.testng.internal.InvokeMethodRunnable.run(InvokeMethodRunnable.java:44)
	at java.util.concurrent.Executors$RunnableAdapter.call(Executors.java:511)
	at java.util.concurrent.FutureTask.run(FutureTask.java:266)
	at java.util.concurrent.ThreadPoolExecutor.runWorker(ThreadPoolExecutor.java:1142)
	at java.util.concurrent.ThreadPoolExecutor$Worker.run(ThreadPoolExecutor.java:617)
	at java.lang.Thread.run(Thread.java:745)
]]>
    </error>
  </testcase> <!-- test9 -->
  <testcase name="test10" time="0.015" classname="org.chocosolver.solver.expression.continuous.ExpressionTest">
    <error type="java.lang.NoClassDefFoundError" message="Could not initialize class org.chocosolver.solver.constraints.real.Ibex">
      <![CDATA[java.lang.NoClassDefFoundError: Could not initialize class org.chocosolver.solver.constraints.real.Ibex
	at org.chocosolver.solver.constraints.real.IbexHandler.createInstance(IbexHandler.java:297)
	at org.chocosolver.solver.constraints.real.IbexHandler.getIbexInstance(IbexHandler.java:217)
	at org.chocosolver.solver.constraints.real.IbexHandler.contract(IbexHandler.java:121)
	at org.chocosolver.solver.constraints.real.RealPropagator.propagate(RealPropagator.java:84)
	at org.chocosolver.solver.propagation.PropagationEngine.execute(PropagationEngine.java:213)
	at org.chocosolver.solver.propagation.PropagationEngine.prepropagate(PropagationEngine.java:204)
	at org.chocosolver.solver.propagation.PropagationEngine.propagate(PropagationEngine.java:157)
	at org.chocosolver.solver.search.loop.propagate.PropagateBasic.execute(PropagateBasic.java:27)
	at org.chocosolver.solver.Solver.initialize(Solver.java:346)
	at org.chocosolver.solver.Solver.solve(Solver.java:254)
	at org.chocosolver.solver.search.IResolutionHelper$1.tryAdvance(IResolutionHelper.java:186)
	at java.util.Spliterator.forEachRemaining(Spliterator.java:326)
	at java.util.stream.AbstractPipeline.copyInto(AbstractPipeline.java:481)
	at java.util.stream.AbstractPipeline.wrapAndCopyInto(AbstractPipeline.java:471)
	at java.util.stream.ReduceOps$ReduceOp.evaluateSequential(ReduceOps.java:708)
	at java.util.stream.AbstractPipeline.evaluate(AbstractPipeline.java:234)
	at java.util.stream.LongPipeline.reduce(LongPipeline.java:438)
	at java.util.stream.LongPipeline.sum(LongPipeline.java:396)
	at java.util.stream.ReferencePipeline.count(ReferencePipeline.java:526)
	at org.chocosolver.solver.expression.continuous.ExpressionTest.eval(ExpressionTest.java:40)
	at org.chocosolver.solver.expression.continuous.ExpressionTest.test10(ExpressionTest.java:108)
	at sun.reflect.NativeMethodAccessorImpl.invoke0(Native Method)
	at sun.reflect.NativeMethodAccessorImpl.invoke(NativeMethodAccessorImpl.java:62)
	at sun.reflect.DelegatingMethodAccessorImpl.invoke(DelegatingMethodAccessorImpl.java:43)
	at java.lang.reflect.Method.invoke(Method.java:498)
	at org.testng.internal.MethodInvocationHelper.invokeMethod(MethodInvocationHelper.java:108)
	at org.testng.internal.InvokeMethodRunnable.runOne(InvokeMethodRunnable.java:54)
	at org.testng.internal.InvokeMethodRunnable.run(InvokeMethodRunnable.java:44)
	at java.util.concurrent.Executors$RunnableAdapter.call(Executors.java:511)
	at java.util.concurrent.FutureTask.run(FutureTask.java:266)
	at java.util.concurrent.ThreadPoolExecutor.runWorker(ThreadPoolExecutor.java:1142)
	at java.util.concurrent.ThreadPoolExecutor$Worker.run(ThreadPoolExecutor.java:617)
	at java.lang.Thread.run(Thread.java:745)
]]>
    </error>
  </testcase> <!-- test10 -->
  <testcase name="test28" time="0.002" classname="org.chocosolver.solver.expression.continuous.ExpressionTest">
    <error type="java.lang.NoClassDefFoundError" message="Could not initialize class org.chocosolver.solver.constraints.real.Ibex">
      <![CDATA[java.lang.NoClassDefFoundError: Could not initialize class org.chocosolver.solver.constraints.real.Ibex
	at org.chocosolver.solver.constraints.real.IbexHandler.createInstance(IbexHandler.java:297)
	at org.chocosolver.solver.constraints.real.IbexHandler.getIbexInstance(IbexHandler.java:217)
	at org.chocosolver.solver.constraints.real.IbexHandler.contract(IbexHandler.java:121)
	at org.chocosolver.solver.constraints.real.RealPropagator.propagate(RealPropagator.java:84)
	at org.chocosolver.solver.propagation.PropagationEngine.execute(PropagationEngine.java:213)
	at org.chocosolver.solver.propagation.PropagationEngine.prepropagate(PropagationEngine.java:204)
	at org.chocosolver.solver.propagation.PropagationEngine.propagate(PropagationEngine.java:157)
	at org.chocosolver.solver.search.loop.propagate.PropagateBasic.execute(PropagateBasic.java:27)
	at org.chocosolver.solver.Solver.initialize(Solver.java:346)
	at org.chocosolver.solver.Solver.solve(Solver.java:254)
	at org.chocosolver.solver.search.IResolutionHelper$1.tryAdvance(IResolutionHelper.java:186)
	at java.util.Spliterator.forEachRemaining(Spliterator.java:326)
	at java.util.stream.AbstractPipeline.copyInto(AbstractPipeline.java:481)
	at java.util.stream.AbstractPipeline.wrapAndCopyInto(AbstractPipeline.java:471)
	at java.util.stream.ReduceOps$ReduceOp.evaluateSequential(ReduceOps.java:708)
	at java.util.stream.AbstractPipeline.evaluate(AbstractPipeline.java:234)
	at java.util.stream.LongPipeline.reduce(LongPipeline.java:438)
	at java.util.stream.LongPipeline.sum(LongPipeline.java:396)
	at java.util.stream.ReferencePipeline.count(ReferencePipeline.java:526)
	at org.chocosolver.solver.expression.continuous.ExpressionTest.eval(ExpressionTest.java:40)
	at org.chocosolver.solver.expression.continuous.ExpressionTest.test28(ExpressionTest.java:246)
	at sun.reflect.NativeMethodAccessorImpl.invoke0(Native Method)
	at sun.reflect.NativeMethodAccessorImpl.invoke(NativeMethodAccessorImpl.java:62)
	at sun.reflect.DelegatingMethodAccessorImpl.invoke(DelegatingMethodAccessorImpl.java:43)
	at java.lang.reflect.Method.invoke(Method.java:498)
	at org.testng.internal.MethodInvocationHelper.invokeMethod(MethodInvocationHelper.java:108)
	at org.testng.internal.InvokeMethodRunnable.runOne(InvokeMethodRunnable.java:54)
	at org.testng.internal.InvokeMethodRunnable.run(InvokeMethodRunnable.java:44)
	at java.util.concurrent.Executors$RunnableAdapter.call(Executors.java:511)
	at java.util.concurrent.FutureTask.run(FutureTask.java:266)
	at java.util.concurrent.ThreadPoolExecutor.runWorker(ThreadPoolExecutor.java:1142)
	at java.util.concurrent.ThreadPoolExecutor$Worker.run(ThreadPoolExecutor.java:617)
	at java.lang.Thread.run(Thread.java:745)
]]>
    </error>
  </testcase> <!-- test28 -->
  <testcase name="test32" time="0.001" classname="org.chocosolver.solver.expression.continuous.ExpressionTest">
    <error type="java.lang.NoClassDefFoundError" message="Could not initialize class org.chocosolver.solver.constraints.real.Ibex">
      <![CDATA[java.lang.NoClassDefFoundError: Could not initialize class org.chocosolver.solver.constraints.real.Ibex
	at org.chocosolver.solver.constraints.real.IbexHandler.createInstance(IbexHandler.java:297)
	at org.chocosolver.solver.constraints.real.IbexHandler.getIbexInstance(IbexHandler.java:217)
	at org.chocosolver.solver.constraints.real.IbexHandler.contract(IbexHandler.java:121)
	at org.chocosolver.solver.constraints.real.RealPropagator.propagate(RealPropagator.java:84)
	at org.chocosolver.solver.propagation.PropagationEngine.execute(PropagationEngine.java:213)
	at org.chocosolver.solver.propagation.PropagationEngine.prepropagate(PropagationEngine.java:204)
	at org.chocosolver.solver.propagation.PropagationEngine.propagate(PropagationEngine.java:157)
	at org.chocosolver.solver.search.loop.propagate.PropagateBasic.execute(PropagateBasic.java:27)
	at org.chocosolver.solver.Solver.initialize(Solver.java:346)
	at org.chocosolver.solver.Solver.solve(Solver.java:254)
	at org.chocosolver.solver.search.IResolutionHelper$1.tryAdvance(IResolutionHelper.java:186)
	at java.util.Spliterator.forEachRemaining(Spliterator.java:326)
	at java.util.stream.AbstractPipeline.copyInto(AbstractPipeline.java:481)
	at java.util.stream.AbstractPipeline.wrapAndCopyInto(AbstractPipeline.java:471)
	at java.util.stream.ReduceOps$ReduceOp.evaluateSequential(ReduceOps.java:708)
	at java.util.stream.AbstractPipeline.evaluate(AbstractPipeline.java:234)
	at java.util.stream.LongPipeline.reduce(LongPipeline.java:438)
	at java.util.stream.LongPipeline.sum(LongPipeline.java:396)
	at java.util.stream.ReferencePipeline.count(ReferencePipeline.java:526)
	at org.chocosolver.solver.expression.continuous.ExpressionTest.eval(ExpressionTest.java:40)
	at org.chocosolver.solver.expression.continuous.ExpressionTest.test32(ExpressionTest.java:278)
	at sun.reflect.NativeMethodAccessorImpl.invoke0(Native Method)
	at sun.reflect.NativeMethodAccessorImpl.invoke(NativeMethodAccessorImpl.java:62)
	at sun.reflect.DelegatingMethodAccessorImpl.invoke(DelegatingMethodAccessorImpl.java:43)
	at java.lang.reflect.Method.invoke(Method.java:498)
	at org.testng.internal.MethodInvocationHelper.invokeMethod(MethodInvocationHelper.java:108)
	at org.testng.internal.InvokeMethodRunnable.runOne(InvokeMethodRunnable.java:54)
	at org.testng.internal.InvokeMethodRunnable.run(InvokeMethodRunnable.java:44)
	at java.util.concurrent.Executors$RunnableAdapter.call(Executors.java:511)
	at java.util.concurrent.FutureTask.run(FutureTask.java:266)
	at java.util.concurrent.ThreadPoolExecutor.runWorker(ThreadPoolExecutor.java:1142)
	at java.util.concurrent.ThreadPoolExecutor$Worker.run(ThreadPoolExecutor.java:617)
	at java.lang.Thread.run(Thread.java:745)
]]>
    </error>
  </testcase> <!-- test32 -->
  <testcase name="test15" time="0.001" classname="org.chocosolver.solver.expression.continuous.ExpressionTest">
    <error type="java.lang.NoClassDefFoundError" message="Could not initialize class org.chocosolver.solver.constraints.real.Ibex">
      <![CDATA[java.lang.NoClassDefFoundError: Could not initialize class org.chocosolver.solver.constraints.real.Ibex
	at org.chocosolver.solver.constraints.real.IbexHandler.createInstance(IbexHandler.java:297)
	at org.chocosolver.solver.constraints.real.IbexHandler.getIbexInstance(IbexHandler.java:217)
	at org.chocosolver.solver.constraints.real.IbexHandler.contract(IbexHandler.java:121)
	at org.chocosolver.solver.constraints.real.RealPropagator.propagate(RealPropagator.java:84)
	at org.chocosolver.solver.propagation.PropagationEngine.execute(PropagationEngine.java:213)
	at org.chocosolver.solver.propagation.PropagationEngine.prepropagate(PropagationEngine.java:204)
	at org.chocosolver.solver.propagation.PropagationEngine.propagate(PropagationEngine.java:157)
	at org.chocosolver.solver.search.loop.propagate.PropagateBasic.execute(PropagateBasic.java:27)
	at org.chocosolver.solver.Solver.initialize(Solver.java:346)
	at org.chocosolver.solver.Solver.solve(Solver.java:254)
	at org.chocosolver.solver.search.IResolutionHelper$1.tryAdvance(IResolutionHelper.java:186)
	at java.util.Spliterator.forEachRemaining(Spliterator.java:326)
	at java.util.stream.AbstractPipeline.copyInto(AbstractPipeline.java:481)
	at java.util.stream.AbstractPipeline.wrapAndCopyInto(AbstractPipeline.java:471)
	at java.util.stream.ReduceOps$ReduceOp.evaluateSequential(ReduceOps.java:708)
	at java.util.stream.AbstractPipeline.evaluate(AbstractPipeline.java:234)
	at java.util.stream.LongPipeline.reduce(LongPipeline.java:438)
	at java.util.stream.LongPipeline.sum(LongPipeline.java:396)
	at java.util.stream.ReferencePipeline.count(ReferencePipeline.java:526)
	at org.chocosolver.solver.expression.continuous.ExpressionTest.eval(ExpressionTest.java:40)
	at org.chocosolver.solver.expression.continuous.ExpressionTest.test15(ExpressionTest.java:141)
	at sun.reflect.NativeMethodAccessorImpl.invoke0(Native Method)
	at sun.reflect.NativeMethodAccessorImpl.invoke(NativeMethodAccessorImpl.java:62)
	at sun.reflect.DelegatingMethodAccessorImpl.invoke(DelegatingMethodAccessorImpl.java:43)
	at java.lang.reflect.Method.invoke(Method.java:498)
	at org.testng.internal.MethodInvocationHelper.invokeMethod(MethodInvocationHelper.java:108)
	at org.testng.internal.InvokeMethodRunnable.runOne(InvokeMethodRunnable.java:54)
	at org.testng.internal.InvokeMethodRunnable.run(InvokeMethodRunnable.java:44)
	at java.util.concurrent.Executors$RunnableAdapter.call(Executors.java:511)
	at java.util.concurrent.FutureTask.run(FutureTask.java:266)
	at java.util.concurrent.ThreadPoolExecutor.runWorker(ThreadPoolExecutor.java:1142)
	at java.util.concurrent.ThreadPoolExecutor$Worker.run(ThreadPoolExecutor.java:617)
	at java.lang.Thread.run(Thread.java:745)
]]>
    </error>
  </testcase> <!-- test15 -->
  <testcase name="test4" time="0.001" classname="org.chocosolver.solver.expression.continuous.ExpressionTest">
    <error type="java.lang.NoClassDefFoundError" message="Could not initialize class org.chocosolver.solver.constraints.real.Ibex">
      <![CDATA[java.lang.NoClassDefFoundError: Could not initialize class org.chocosolver.solver.constraints.real.Ibex
	at org.chocosolver.solver.constraints.real.IbexHandler.createInstance(IbexHandler.java:297)
	at org.chocosolver.solver.constraints.real.IbexHandler.getIbexInstance(IbexHandler.java:217)
	at org.chocosolver.solver.constraints.real.IbexHandler.contract(IbexHandler.java:121)
	at org.chocosolver.solver.constraints.real.RealPropagator.propagate(RealPropagator.java:84)
	at org.chocosolver.solver.propagation.PropagationEngine.execute(PropagationEngine.java:213)
	at org.chocosolver.solver.propagation.PropagationEngine.prepropagate(PropagationEngine.java:204)
	at org.chocosolver.solver.propagation.PropagationEngine.propagate(PropagationEngine.java:157)
	at org.chocosolver.solver.search.loop.propagate.PropagateBasic.execute(PropagateBasic.java:27)
	at org.chocosolver.solver.Solver.initialize(Solver.java:346)
	at org.chocosolver.solver.Solver.solve(Solver.java:254)
	at org.chocosolver.solver.search.IResolutionHelper$1.tryAdvance(IResolutionHelper.java:186)
	at java.util.Spliterator.forEachRemaining(Spliterator.java:326)
	at java.util.stream.AbstractPipeline.copyInto(AbstractPipeline.java:481)
	at java.util.stream.AbstractPipeline.wrapAndCopyInto(AbstractPipeline.java:471)
	at java.util.stream.ReduceOps$ReduceOp.evaluateSequential(ReduceOps.java:708)
	at java.util.stream.AbstractPipeline.evaluate(AbstractPipeline.java:234)
	at java.util.stream.LongPipeline.reduce(LongPipeline.java:438)
	at java.util.stream.LongPipeline.sum(LongPipeline.java:396)
	at java.util.stream.ReferencePipeline.count(ReferencePipeline.java:526)
	at org.chocosolver.solver.expression.continuous.ExpressionTest.eval(ExpressionTest.java:40)
	at org.chocosolver.solver.expression.continuous.ExpressionTest.test4(ExpressionTest.java:62)
	at sun.reflect.NativeMethodAccessorImpl.invoke0(Native Method)
	at sun.reflect.NativeMethodAccessorImpl.invoke(NativeMethodAccessorImpl.java:62)
	at sun.reflect.DelegatingMethodAccessorImpl.invoke(DelegatingMethodAccessorImpl.java:43)
	at java.lang.reflect.Method.invoke(Method.java:498)
	at org.testng.internal.MethodInvocationHelper.invokeMethod(MethodInvocationHelper.java:108)
	at org.testng.internal.InvokeMethodRunnable.runOne(InvokeMethodRunnable.java:54)
	at org.testng.internal.InvokeMethodRunnable.run(InvokeMethodRunnable.java:44)
	at java.util.concurrent.Executors$RunnableAdapter.call(Executors.java:511)
	at java.util.concurrent.FutureTask.run(FutureTask.java:266)
	at java.util.concurrent.ThreadPoolExecutor.runWorker(ThreadPoolExecutor.java:1142)
	at java.util.concurrent.ThreadPoolExecutor$Worker.run(ThreadPoolExecutor.java:617)
	at java.lang.Thread.run(Thread.java:745)
]]>
    </error>
  </testcase> <!-- test4 -->
  <testcase name="test29" time="0.001" classname="org.chocosolver.solver.expression.continuous.ExpressionTest">
    <error type="java.lang.NoClassDefFoundError" message="Could not initialize class org.chocosolver.solver.constraints.real.Ibex">
      <![CDATA[java.lang.NoClassDefFoundError: Could not initialize class org.chocosolver.solver.constraints.real.Ibex
	at org.chocosolver.solver.constraints.real.IbexHandler.createInstance(IbexHandler.java:297)
	at org.chocosolver.solver.constraints.real.IbexHandler.getIbexInstance(IbexHandler.java:217)
	at org.chocosolver.solver.constraints.real.IbexHandler.contract(IbexHandler.java:121)
	at org.chocosolver.solver.constraints.real.RealPropagator.propagate(RealPropagator.java:84)
	at org.chocosolver.solver.propagation.PropagationEngine.execute(PropagationEngine.java:213)
	at org.chocosolver.solver.propagation.PropagationEngine.prepropagate(PropagationEngine.java:204)
	at org.chocosolver.solver.propagation.PropagationEngine.propagate(PropagationEngine.java:157)
	at org.chocosolver.solver.search.loop.propagate.PropagateBasic.execute(PropagateBasic.java:27)
	at org.chocosolver.solver.Solver.initialize(Solver.java:346)
	at org.chocosolver.solver.Solver.solve(Solver.java:254)
	at org.chocosolver.solver.search.IResolutionHelper$1.tryAdvance(IResolutionHelper.java:186)
	at java.util.Spliterator.forEachRemaining(Spliterator.java:326)
	at java.util.stream.AbstractPipeline.copyInto(AbstractPipeline.java:481)
	at java.util.stream.AbstractPipeline.wrapAndCopyInto(AbstractPipeline.java:471)
	at java.util.stream.ReduceOps$ReduceOp.evaluateSequential(ReduceOps.java:708)
	at java.util.stream.AbstractPipeline.evaluate(AbstractPipeline.java:234)
	at java.util.stream.LongPipeline.reduce(LongPipeline.java:438)
	at java.util.stream.LongPipeline.sum(LongPipeline.java:396)
	at java.util.stream.ReferencePipeline.count(ReferencePipeline.java:526)
	at org.chocosolver.solver.expression.continuous.ExpressionTest.eval(ExpressionTest.java:40)
	at org.chocosolver.solver.expression.continuous.ExpressionTest.test29(ExpressionTest.java:254)
	at sun.reflect.NativeMethodAccessorImpl.invoke0(Native Method)
	at sun.reflect.NativeMethodAccessorImpl.invoke(NativeMethodAccessorImpl.java:62)
	at sun.reflect.DelegatingMethodAccessorImpl.invoke(DelegatingMethodAccessorImpl.java:43)
	at java.lang.reflect.Method.invoke(Method.java:498)
	at org.testng.internal.MethodInvocationHelper.invokeMethod(MethodInvocationHelper.java:108)
	at org.testng.internal.InvokeMethodRunnable.runOne(InvokeMethodRunnable.java:54)
	at org.testng.internal.InvokeMethodRunnable.run(InvokeMethodRunnable.java:44)
	at java.util.concurrent.Executors$RunnableAdapter.call(Executors.java:511)
	at java.util.concurrent.FutureTask.run(FutureTask.java:266)
	at java.util.concurrent.ThreadPoolExecutor.runWorker(ThreadPoolExecutor.java:1142)
	at java.util.concurrent.ThreadPoolExecutor$Worker.run(ThreadPoolExecutor.java:617)
	at java.lang.Thread.run(Thread.java:745)
]]>
    </error>
  </testcase> <!-- test29 -->
  <testcase name="test23" time="0.001" classname="org.chocosolver.solver.expression.continuous.ExpressionTest">
    <error type="java.lang.NoClassDefFoundError" message="Could not initialize class org.chocosolver.solver.constraints.real.Ibex">
      <![CDATA[java.lang.NoClassDefFoundError: Could not initialize class org.chocosolver.solver.constraints.real.Ibex
	at org.chocosolver.solver.constraints.real.IbexHandler.createInstance(IbexHandler.java:297)
	at org.chocosolver.solver.constraints.real.IbexHandler.getIbexInstance(IbexHandler.java:217)
	at org.chocosolver.solver.constraints.real.IbexHandler.contract(IbexHandler.java:121)
	at org.chocosolver.solver.constraints.real.RealPropagator.propagate(RealPropagator.java:84)
	at org.chocosolver.solver.propagation.PropagationEngine.execute(PropagationEngine.java:213)
	at org.chocosolver.solver.propagation.PropagationEngine.prepropagate(PropagationEngine.java:204)
	at org.chocosolver.solver.propagation.PropagationEngine.propagate(PropagationEngine.java:157)
	at org.chocosolver.solver.search.loop.propagate.PropagateBasic.execute(PropagateBasic.java:27)
	at org.chocosolver.solver.Solver.initialize(Solver.java:346)
	at org.chocosolver.solver.Solver.solve(Solver.java:254)
	at org.chocosolver.solver.search.IResolutionHelper$1.tryAdvance(IResolutionHelper.java:186)
	at java.util.Spliterator.forEachRemaining(Spliterator.java:326)
	at java.util.stream.AbstractPipeline.copyInto(AbstractPipeline.java:481)
	at java.util.stream.AbstractPipeline.wrapAndCopyInto(AbstractPipeline.java:471)
	at java.util.stream.ReduceOps$ReduceOp.evaluateSequential(ReduceOps.java:708)
	at java.util.stream.AbstractPipeline.evaluate(AbstractPipeline.java:234)
	at java.util.stream.LongPipeline.reduce(LongPipeline.java:438)
	at java.util.stream.LongPipeline.sum(LongPipeline.java:396)
	at java.util.stream.ReferencePipeline.count(ReferencePipeline.java:526)
	at org.chocosolver.solver.expression.continuous.ExpressionTest.eval(ExpressionTest.java:40)
	at org.chocosolver.solver.expression.continuous.ExpressionTest.test23(ExpressionTest.java:206)
	at sun.reflect.NativeMethodAccessorImpl.invoke0(Native Method)
	at sun.reflect.NativeMethodAccessorImpl.invoke(NativeMethodAccessorImpl.java:62)
	at sun.reflect.DelegatingMethodAccessorImpl.invoke(DelegatingMethodAccessorImpl.java:43)
	at java.lang.reflect.Method.invoke(Method.java:498)
	at org.testng.internal.MethodInvocationHelper.invokeMethod(MethodInvocationHelper.java:108)
	at org.testng.internal.InvokeMethodRunnable.runOne(InvokeMethodRunnable.java:54)
	at org.testng.internal.InvokeMethodRunnable.run(InvokeMethodRunnable.java:44)
	at java.util.concurrent.Executors$RunnableAdapter.call(Executors.java:511)
	at java.util.concurrent.FutureTask.run(FutureTask.java:266)
	at java.util.concurrent.ThreadPoolExecutor.runWorker(ThreadPoolExecutor.java:1142)
	at java.util.concurrent.ThreadPoolExecutor$Worker.run(ThreadPoolExecutor.java:617)
	at java.lang.Thread.run(Thread.java:745)
]]>
    </error>
  </testcase> <!-- test23 -->
  <testcase name="test31" time="0.001" classname="org.chocosolver.solver.expression.continuous.ExpressionTest">
    <error type="java.lang.NoClassDefFoundError" message="Could not initialize class org.chocosolver.solver.constraints.real.Ibex">
      <![CDATA[java.lang.NoClassDefFoundError: Could not initialize class org.chocosolver.solver.constraints.real.Ibex
	at org.chocosolver.solver.constraints.real.IbexHandler.createInstance(IbexHandler.java:297)
	at org.chocosolver.solver.constraints.real.IbexHandler.getIbexInstance(IbexHandler.java:217)
	at org.chocosolver.solver.constraints.real.IbexHandler.contract(IbexHandler.java:121)
	at org.chocosolver.solver.constraints.real.RealPropagator.propagate(RealPropagator.java:84)
	at org.chocosolver.solver.propagation.PropagationEngine.execute(PropagationEngine.java:213)
	at org.chocosolver.solver.propagation.PropagationEngine.prepropagate(PropagationEngine.java:204)
	at org.chocosolver.solver.propagation.PropagationEngine.propagate(PropagationEngine.java:157)
	at org.chocosolver.solver.search.loop.propagate.PropagateBasic.execute(PropagateBasic.java:27)
	at org.chocosolver.solver.Solver.initialize(Solver.java:346)
	at org.chocosolver.solver.Solver.solve(Solver.java:254)
	at org.chocosolver.solver.search.IResolutionHelper$1.tryAdvance(IResolutionHelper.java:186)
	at java.util.Spliterator.forEachRemaining(Spliterator.java:326)
	at java.util.stream.AbstractPipeline.copyInto(AbstractPipeline.java:481)
	at java.util.stream.AbstractPipeline.wrapAndCopyInto(AbstractPipeline.java:471)
	at java.util.stream.ReduceOps$ReduceOp.evaluateSequential(ReduceOps.java:708)
	at java.util.stream.AbstractPipeline.evaluate(AbstractPipeline.java:234)
	at java.util.stream.LongPipeline.reduce(LongPipeline.java:438)
	at java.util.stream.LongPipeline.sum(LongPipeline.java:396)
	at java.util.stream.ReferencePipeline.count(ReferencePipeline.java:526)
	at org.chocosolver.solver.expression.continuous.ExpressionTest.eval(ExpressionTest.java:40)
	at org.chocosolver.solver.expression.continuous.ExpressionTest.test31(ExpressionTest.java:270)
	at sun.reflect.NativeMethodAccessorImpl.invoke0(Native Method)
	at sun.reflect.NativeMethodAccessorImpl.invoke(NativeMethodAccessorImpl.java:62)
	at sun.reflect.DelegatingMethodAccessorImpl.invoke(DelegatingMethodAccessorImpl.java:43)
	at java.lang.reflect.Method.invoke(Method.java:498)
	at org.testng.internal.MethodInvocationHelper.invokeMethod(MethodInvocationHelper.java:108)
	at org.testng.internal.InvokeMethodRunnable.runOne(InvokeMethodRunnable.java:54)
	at org.testng.internal.InvokeMethodRunnable.run(InvokeMethodRunnable.java:44)
	at java.util.concurrent.Executors$RunnableAdapter.call(Executors.java:511)
	at java.util.concurrent.FutureTask.run(FutureTask.java:266)
	at java.util.concurrent.ThreadPoolExecutor.runWorker(ThreadPoolExecutor.java:1142)
	at java.util.concurrent.ThreadPoolExecutor$Worker.run(ThreadPoolExecutor.java:617)
	at java.lang.Thread.run(Thread.java:745)
]]>
    </error>
  </testcase> <!-- test31 -->
  <testcase name="test19" time="0.001" classname="org.chocosolver.solver.expression.continuous.ExpressionTest">
    <error type="java.lang.NoClassDefFoundError" message="Could not initialize class org.chocosolver.solver.constraints.real.Ibex">
      <![CDATA[java.lang.NoClassDefFoundError: Could not initialize class org.chocosolver.solver.constraints.real.Ibex
	at org.chocosolver.solver.constraints.real.IbexHandler.createInstance(IbexHandler.java:297)
	at org.chocosolver.solver.constraints.real.IbexHandler.getIbexInstance(IbexHandler.java:217)
	at org.chocosolver.solver.constraints.real.IbexHandler.contract(IbexHandler.java:121)
	at org.chocosolver.solver.constraints.real.RealPropagator.propagate(RealPropagator.java:84)
	at org.chocosolver.solver.propagation.PropagationEngine.execute(PropagationEngine.java:213)
	at org.chocosolver.solver.propagation.PropagationEngine.prepropagate(PropagationEngine.java:204)
	at org.chocosolver.solver.propagation.PropagationEngine.propagate(PropagationEngine.java:157)
	at org.chocosolver.solver.search.loop.propagate.PropagateBasic.execute(PropagateBasic.java:27)
	at org.chocosolver.solver.Solver.initialize(Solver.java:346)
	at org.chocosolver.solver.Solver.solve(Solver.java:254)
	at org.chocosolver.solver.search.IResolutionHelper$1.tryAdvance(IResolutionHelper.java:186)
	at java.util.Spliterator.forEachRemaining(Spliterator.java:326)
	at java.util.stream.AbstractPipeline.copyInto(AbstractPipeline.java:481)
	at java.util.stream.AbstractPipeline.wrapAndCopyInto(AbstractPipeline.java:471)
	at java.util.stream.ReduceOps$ReduceOp.evaluateSequential(ReduceOps.java:708)
	at java.util.stream.AbstractPipeline.evaluate(AbstractPipeline.java:234)
	at java.util.stream.LongPipeline.reduce(LongPipeline.java:438)
	at java.util.stream.LongPipeline.sum(LongPipeline.java:396)
	at java.util.stream.ReferencePipeline.count(ReferencePipeline.java:526)
	at org.chocosolver.solver.expression.continuous.ExpressionTest.eval(ExpressionTest.java:40)
	at org.chocosolver.solver.expression.continuous.ExpressionTest.test19(ExpressionTest.java:173)
	at sun.reflect.NativeMethodAccessorImpl.invoke0(Native Method)
	at sun.reflect.NativeMethodAccessorImpl.invoke(NativeMethodAccessorImpl.java:62)
	at sun.reflect.DelegatingMethodAccessorImpl.invoke(DelegatingMethodAccessorImpl.java:43)
	at java.lang.reflect.Method.invoke(Method.java:498)
	at org.testng.internal.MethodInvocationHelper.invokeMethod(MethodInvocationHelper.java:108)
	at org.testng.internal.InvokeMethodRunnable.runOne(InvokeMethodRunnable.java:54)
	at org.testng.internal.InvokeMethodRunnable.run(InvokeMethodRunnable.java:44)
	at java.util.concurrent.Executors$RunnableAdapter.call(Executors.java:511)
	at java.util.concurrent.FutureTask.run(FutureTask.java:266)
	at java.util.concurrent.ThreadPoolExecutor.runWorker(ThreadPoolExecutor.java:1142)
	at java.util.concurrent.ThreadPoolExecutor$Worker.run(ThreadPoolExecutor.java:617)
	at java.lang.Thread.run(Thread.java:745)
]]>
    </error>
  </testcase> <!-- test19 -->
  <testcase name="test21" time="0.001" classname="org.chocosolver.solver.expression.continuous.ExpressionTest">
    <error type="java.lang.NoClassDefFoundError" message="Could not initialize class org.chocosolver.solver.constraints.real.Ibex">
      <![CDATA[java.lang.NoClassDefFoundError: Could not initialize class org.chocosolver.solver.constraints.real.Ibex
	at org.chocosolver.solver.constraints.real.IbexHandler.createInstance(IbexHandler.java:297)
	at org.chocosolver.solver.constraints.real.IbexHandler.getIbexInstance(IbexHandler.java:217)
	at org.chocosolver.solver.constraints.real.IbexHandler.contract(IbexHandler.java:121)
	at org.chocosolver.solver.constraints.real.RealPropagator.propagate(RealPropagator.java:84)
	at org.chocosolver.solver.propagation.PropagationEngine.execute(PropagationEngine.java:213)
	at org.chocosolver.solver.propagation.PropagationEngine.prepropagate(PropagationEngine.java:204)
	at org.chocosolver.solver.propagation.PropagationEngine.propagate(PropagationEngine.java:157)
	at org.chocosolver.solver.search.loop.propagate.PropagateBasic.execute(PropagateBasic.java:27)
	at org.chocosolver.solver.Solver.initialize(Solver.java:346)
	at org.chocosolver.solver.Solver.solve(Solver.java:254)
	at org.chocosolver.solver.search.IResolutionHelper$1.tryAdvance(IResolutionHelper.java:186)
	at java.util.Spliterator.forEachRemaining(Spliterator.java:326)
	at java.util.stream.AbstractPipeline.copyInto(AbstractPipeline.java:481)
	at java.util.stream.AbstractPipeline.wrapAndCopyInto(AbstractPipeline.java:471)
	at java.util.stream.ReduceOps$ReduceOp.evaluateSequential(ReduceOps.java:708)
	at java.util.stream.AbstractPipeline.evaluate(AbstractPipeline.java:234)
	at java.util.stream.LongPipeline.reduce(LongPipeline.java:438)
	at java.util.stream.LongPipeline.sum(LongPipeline.java:396)
	at java.util.stream.ReferencePipeline.count(ReferencePipeline.java:526)
	at org.chocosolver.solver.expression.continuous.ExpressionTest.eval(ExpressionTest.java:40)
	at org.chocosolver.solver.expression.continuous.ExpressionTest.test21(ExpressionTest.java:190)
	at sun.reflect.NativeMethodAccessorImpl.invoke0(Native Method)
	at sun.reflect.NativeMethodAccessorImpl.invoke(NativeMethodAccessorImpl.java:62)
	at sun.reflect.DelegatingMethodAccessorImpl.invoke(DelegatingMethodAccessorImpl.java:43)
	at java.lang.reflect.Method.invoke(Method.java:498)
	at org.testng.internal.MethodInvocationHelper.invokeMethod(MethodInvocationHelper.java:108)
	at org.testng.internal.InvokeMethodRunnable.runOne(InvokeMethodRunnable.java:54)
	at org.testng.internal.InvokeMethodRunnable.run(InvokeMethodRunnable.java:44)
	at java.util.concurrent.Executors$RunnableAdapter.call(Executors.java:511)
	at java.util.concurrent.FutureTask.run(FutureTask.java:266)
	at java.util.concurrent.ThreadPoolExecutor.runWorker(ThreadPoolExecutor.java:1142)
	at java.util.concurrent.ThreadPoolExecutor$Worker.run(ThreadPoolExecutor.java:617)
	at java.lang.Thread.run(Thread.java:745)
]]>
    </error>
  </testcase> <!-- test21 -->
  <testcase name="test17" time="0.001" classname="org.chocosolver.solver.expression.continuous.ExpressionTest">
    <error type="java.lang.NoClassDefFoundError" message="Could not initialize class org.chocosolver.solver.constraints.real.Ibex">
      <![CDATA[java.lang.NoClassDefFoundError: Could not initialize class org.chocosolver.solver.constraints.real.Ibex
	at org.chocosolver.solver.constraints.real.IbexHandler.createInstance(IbexHandler.java:297)
	at org.chocosolver.solver.constraints.real.IbexHandler.getIbexInstance(IbexHandler.java:217)
	at org.chocosolver.solver.constraints.real.IbexHandler.contract(IbexHandler.java:121)
	at org.chocosolver.solver.constraints.real.RealPropagator.propagate(RealPropagator.java:84)
	at org.chocosolver.solver.propagation.PropagationEngine.execute(PropagationEngine.java:213)
	at org.chocosolver.solver.propagation.PropagationEngine.prepropagate(PropagationEngine.java:204)
	at org.chocosolver.solver.propagation.PropagationEngine.propagate(PropagationEngine.java:157)
	at org.chocosolver.solver.search.loop.propagate.PropagateBasic.execute(PropagateBasic.java:27)
	at org.chocosolver.solver.Solver.initialize(Solver.java:346)
	at org.chocosolver.solver.Solver.solve(Solver.java:254)
	at org.chocosolver.solver.search.IResolutionHelper$1.tryAdvance(IResolutionHelper.java:186)
	at java.util.Spliterator.forEachRemaining(Spliterator.java:326)
	at java.util.stream.AbstractPipeline.copyInto(AbstractPipeline.java:481)
	at java.util.stream.AbstractPipeline.wrapAndCopyInto(AbstractPipeline.java:471)
	at java.util.stream.ReduceOps$ReduceOp.evaluateSequential(ReduceOps.java:708)
	at java.util.stream.AbstractPipeline.evaluate(AbstractPipeline.java:234)
	at java.util.stream.LongPipeline.reduce(LongPipeline.java:438)
	at java.util.stream.LongPipeline.sum(LongPipeline.java:396)
	at java.util.stream.ReferencePipeline.count(ReferencePipeline.java:526)
	at org.chocosolver.solver.expression.continuous.ExpressionTest.eval(ExpressionTest.java:40)
	at org.chocosolver.solver.expression.continuous.ExpressionTest.test17(ExpressionTest.java:157)
	at sun.reflect.NativeMethodAccessorImpl.invoke0(Native Method)
	at sun.reflect.NativeMethodAccessorImpl.invoke(NativeMethodAccessorImpl.java:62)
	at sun.reflect.DelegatingMethodAccessorImpl.invoke(DelegatingMethodAccessorImpl.java:43)
	at java.lang.reflect.Method.invoke(Method.java:498)
	at org.testng.internal.MethodInvocationHelper.invokeMethod(MethodInvocationHelper.java:108)
	at org.testng.internal.InvokeMethodRunnable.runOne(InvokeMethodRunnable.java:54)
	at org.testng.internal.InvokeMethodRunnable.run(InvokeMethodRunnable.java:44)
	at java.util.concurrent.Executors$RunnableAdapter.call(Executors.java:511)
	at java.util.concurrent.FutureTask.run(FutureTask.java:266)
	at java.util.concurrent.ThreadPoolExecutor.runWorker(ThreadPoolExecutor.java:1142)
	at java.util.concurrent.ThreadPoolExecutor$Worker.run(ThreadPoolExecutor.java:617)
	at java.lang.Thread.run(Thread.java:745)
]]>
    </error>
  </testcase> <!-- test17 -->
  <testcase name="test24" time="0.001" classname="org.chocosolver.solver.expression.continuous.ExpressionTest">
    <error type="java.lang.NoClassDefFoundError" message="Could not initialize class org.chocosolver.solver.constraints.real.Ibex">
      <![CDATA[java.lang.NoClassDefFoundError: Could not initialize class org.chocosolver.solver.constraints.real.Ibex
	at org.chocosolver.solver.constraints.real.IbexHandler.createInstance(IbexHandler.java:297)
	at org.chocosolver.solver.constraints.real.IbexHandler.getIbexInstance(IbexHandler.java:217)
	at org.chocosolver.solver.constraints.real.IbexHandler.contract(IbexHandler.java:121)
	at org.chocosolver.solver.constraints.real.RealPropagator.propagate(RealPropagator.java:84)
	at org.chocosolver.solver.propagation.PropagationEngine.execute(PropagationEngine.java:213)
	at org.chocosolver.solver.propagation.PropagationEngine.prepropagate(PropagationEngine.java:204)
	at org.chocosolver.solver.propagation.PropagationEngine.propagate(PropagationEngine.java:157)
	at org.chocosolver.solver.search.loop.propagate.PropagateBasic.execute(PropagateBasic.java:27)
	at org.chocosolver.solver.Solver.initialize(Solver.java:346)
	at org.chocosolver.solver.Solver.solve(Solver.java:254)
	at org.chocosolver.solver.search.IResolutionHelper$1.tryAdvance(IResolutionHelper.java:186)
	at java.util.Spliterator.forEachRemaining(Spliterator.java:326)
	at java.util.stream.AbstractPipeline.copyInto(AbstractPipeline.java:481)
	at java.util.stream.AbstractPipeline.wrapAndCopyInto(AbstractPipeline.java:471)
	at java.util.stream.ReduceOps$ReduceOp.evaluateSequential(ReduceOps.java:708)
	at java.util.stream.AbstractPipeline.evaluate(AbstractPipeline.java:234)
	at java.util.stream.LongPipeline.reduce(LongPipeline.java:438)
	at java.util.stream.LongPipeline.sum(LongPipeline.java:396)
	at java.util.stream.ReferencePipeline.count(ReferencePipeline.java:526)
	at org.chocosolver.solver.expression.continuous.ExpressionTest.eval(ExpressionTest.java:40)
	at org.chocosolver.solver.expression.continuous.ExpressionTest.test24(ExpressionTest.java:214)
	at sun.reflect.NativeMethodAccessorImpl.invoke0(Native Method)
	at sun.reflect.NativeMethodAccessorImpl.invoke(NativeMethodAccessorImpl.java:62)
	at sun.reflect.DelegatingMethodAccessorImpl.invoke(DelegatingMethodAccessorImpl.java:43)
	at java.lang.reflect.Method.invoke(Method.java:498)
	at org.testng.internal.MethodInvocationHelper.invokeMethod(MethodInvocationHelper.java:108)
	at org.testng.internal.InvokeMethodRunnable.runOne(InvokeMethodRunnable.java:54)
	at org.testng.internal.InvokeMethodRunnable.run(InvokeMethodRunnable.java:44)
	at java.util.concurrent.Executors$RunnableAdapter.call(Executors.java:511)
	at java.util.concurrent.FutureTask.run(FutureTask.java:266)
	at java.util.concurrent.ThreadPoolExecutor.runWorker(ThreadPoolExecutor.java:1142)
	at java.util.concurrent.ThreadPoolExecutor$Worker.run(ThreadPoolExecutor.java:617)
	at java.lang.Thread.run(Thread.java:745)
]]>
    </error>
  </testcase> <!-- test24 -->
  <testcase name="test8" time="0.002" classname="org.chocosolver.solver.expression.continuous.ExpressionTest">
    <error type="java.lang.NoClassDefFoundError" message="Could not initialize class org.chocosolver.solver.constraints.real.Ibex">
      <![CDATA[java.lang.NoClassDefFoundError: Could not initialize class org.chocosolver.solver.constraints.real.Ibex
	at org.chocosolver.solver.constraints.real.IbexHandler.createInstance(IbexHandler.java:297)
	at org.chocosolver.solver.constraints.real.IbexHandler.getIbexInstance(IbexHandler.java:217)
	at org.chocosolver.solver.constraints.real.IbexHandler.contract(IbexHandler.java:121)
	at org.chocosolver.solver.constraints.real.RealPropagator.propagate(RealPropagator.java:84)
	at org.chocosolver.solver.propagation.PropagationEngine.execute(PropagationEngine.java:213)
	at org.chocosolver.solver.propagation.PropagationEngine.prepropagate(PropagationEngine.java:204)
	at org.chocosolver.solver.propagation.PropagationEngine.propagate(PropagationEngine.java:157)
	at org.chocosolver.solver.search.loop.propagate.PropagateBasic.execute(PropagateBasic.java:27)
	at org.chocosolver.solver.Solver.initialize(Solver.java:346)
	at org.chocosolver.solver.Solver.solve(Solver.java:254)
	at org.chocosolver.solver.search.IResolutionHelper$1.tryAdvance(IResolutionHelper.java:186)
	at java.util.Spliterator.forEachRemaining(Spliterator.java:326)
	at java.util.stream.AbstractPipeline.copyInto(AbstractPipeline.java:481)
	at java.util.stream.AbstractPipeline.wrapAndCopyInto(AbstractPipeline.java:471)
	at java.util.stream.ReduceOps$ReduceOp.evaluateSequential(ReduceOps.java:708)
	at java.util.stream.AbstractPipeline.evaluate(AbstractPipeline.java:234)
	at java.util.stream.LongPipeline.reduce(LongPipeline.java:438)
	at java.util.stream.LongPipeline.sum(LongPipeline.java:396)
	at java.util.stream.ReferencePipeline.count(ReferencePipeline.java:526)
	at org.chocosolver.solver.expression.continuous.ExpressionTest.eval(ExpressionTest.java:40)
	at org.chocosolver.solver.expression.continuous.ExpressionTest.test8(ExpressionTest.java:92)
	at sun.reflect.NativeMethodAccessorImpl.invoke0(Native Method)
	at sun.reflect.NativeMethodAccessorImpl.invoke(NativeMethodAccessorImpl.java:62)
	at sun.reflect.DelegatingMethodAccessorImpl.invoke(DelegatingMethodAccessorImpl.java:43)
	at java.lang.reflect.Method.invoke(Method.java:498)
	at org.testng.internal.MethodInvocationHelper.invokeMethod(MethodInvocationHelper.java:108)
	at org.testng.internal.InvokeMethodRunnable.runOne(InvokeMethodRunnable.java:54)
	at org.testng.internal.InvokeMethodRunnable.run(InvokeMethodRunnable.java:44)
	at java.util.concurrent.Executors$RunnableAdapter.call(Executors.java:511)
	at java.util.concurrent.FutureTask.run(FutureTask.java:266)
	at java.util.concurrent.ThreadPoolExecutor.runWorker(ThreadPoolExecutor.java:1142)
	at java.util.concurrent.ThreadPoolExecutor$Worker.run(ThreadPoolExecutor.java:617)
	at java.lang.Thread.run(Thread.java:745)
]]>
    </error>
  </testcase> <!-- test8 -->
  <testcase name="test16" time="0.001" classname="org.chocosolver.solver.expression.continuous.ExpressionTest">
    <error type="java.lang.NoClassDefFoundError" message="Could not initialize class org.chocosolver.solver.constraints.real.Ibex">
      <![CDATA[java.lang.NoClassDefFoundError: Could not initialize class org.chocosolver.solver.constraints.real.Ibex
	at org.chocosolver.solver.constraints.real.IbexHandler.createInstance(IbexHandler.java:297)
	at org.chocosolver.solver.constraints.real.IbexHandler.getIbexInstance(IbexHandler.java:217)
	at org.chocosolver.solver.constraints.real.IbexHandler.contract(IbexHandler.java:121)
	at org.chocosolver.solver.constraints.real.RealPropagator.propagate(RealPropagator.java:84)
	at org.chocosolver.solver.propagation.PropagationEngine.execute(PropagationEngine.java:213)
	at org.chocosolver.solver.propagation.PropagationEngine.prepropagate(PropagationEngine.java:204)
	at org.chocosolver.solver.propagation.PropagationEngine.propagate(PropagationEngine.java:157)
	at org.chocosolver.solver.search.loop.propagate.PropagateBasic.execute(PropagateBasic.java:27)
	at org.chocosolver.solver.Solver.initialize(Solver.java:346)
	at org.chocosolver.solver.Solver.solve(Solver.java:254)
	at org.chocosolver.solver.search.IResolutionHelper$1.tryAdvance(IResolutionHelper.java:186)
	at java.util.Spliterator.forEachRemaining(Spliterator.java:326)
	at java.util.stream.AbstractPipeline.copyInto(AbstractPipeline.java:481)
	at java.util.stream.AbstractPipeline.wrapAndCopyInto(AbstractPipeline.java:471)
	at java.util.stream.ReduceOps$ReduceOp.evaluateSequential(ReduceOps.java:708)
	at java.util.stream.AbstractPipeline.evaluate(AbstractPipeline.java:234)
	at java.util.stream.LongPipeline.reduce(LongPipeline.java:438)
	at java.util.stream.LongPipeline.sum(LongPipeline.java:396)
	at java.util.stream.ReferencePipeline.count(ReferencePipeline.java:526)
	at org.chocosolver.solver.expression.continuous.ExpressionTest.eval(ExpressionTest.java:40)
	at org.chocosolver.solver.expression.continuous.ExpressionTest.test16(ExpressionTest.java:149)
	at sun.reflect.NativeMethodAccessorImpl.invoke0(Native Method)
	at sun.reflect.NativeMethodAccessorImpl.invoke(NativeMethodAccessorImpl.java:62)
	at sun.reflect.DelegatingMethodAccessorImpl.invoke(DelegatingMethodAccessorImpl.java:43)
	at java.lang.reflect.Method.invoke(Method.java:498)
	at org.testng.internal.MethodInvocationHelper.invokeMethod(MethodInvocationHelper.java:108)
	at org.testng.internal.InvokeMethodRunnable.runOne(InvokeMethodRunnable.java:54)
	at org.testng.internal.InvokeMethodRunnable.run(InvokeMethodRunnable.java:44)
	at java.util.concurrent.Executors$RunnableAdapter.call(Executors.java:511)
	at java.util.concurrent.FutureTask.run(FutureTask.java:266)
	at java.util.concurrent.ThreadPoolExecutor.runWorker(ThreadPoolExecutor.java:1142)
	at java.util.concurrent.ThreadPoolExecutor$Worker.run(ThreadPoolExecutor.java:617)
	at java.lang.Thread.run(Thread.java:745)
]]>
    </error>
  </testcase> <!-- test16 -->
  <testcase name="test5" time="0.001" classname="org.chocosolver.solver.expression.continuous.ExpressionTest">
    <error type="java.lang.NoClassDefFoundError" message="Could not initialize class org.chocosolver.solver.constraints.real.Ibex">
      <![CDATA[java.lang.NoClassDefFoundError: Could not initialize class org.chocosolver.solver.constraints.real.Ibex
	at org.chocosolver.solver.constraints.real.IbexHandler.createInstance(IbexHandler.java:297)
	at org.chocosolver.solver.constraints.real.IbexHandler.getIbexInstance(IbexHandler.java:217)
	at org.chocosolver.solver.constraints.real.IbexHandler.contract(IbexHandler.java:121)
	at org.chocosolver.solver.constraints.real.RealPropagator.propagate(RealPropagator.java:84)
	at org.chocosolver.solver.propagation.PropagationEngine.execute(PropagationEngine.java:213)
	at org.chocosolver.solver.propagation.PropagationEngine.prepropagate(PropagationEngine.java:204)
	at org.chocosolver.solver.propagation.PropagationEngine.propagate(PropagationEngine.java:157)
	at org.chocosolver.solver.search.loop.propagate.PropagateBasic.execute(PropagateBasic.java:27)
	at org.chocosolver.solver.Solver.initialize(Solver.java:346)
	at org.chocosolver.solver.Solver.solve(Solver.java:254)
	at org.chocosolver.solver.search.IResolutionHelper$1.tryAdvance(IResolutionHelper.java:186)
	at java.util.Spliterator.forEachRemaining(Spliterator.java:326)
	at java.util.stream.AbstractPipeline.copyInto(AbstractPipeline.java:481)
	at java.util.stream.AbstractPipeline.wrapAndCopyInto(AbstractPipeline.java:471)
	at java.util.stream.ReduceOps$ReduceOp.evaluateSequential(ReduceOps.java:708)
	at java.util.stream.AbstractPipeline.evaluate(AbstractPipeline.java:234)
	at java.util.stream.LongPipeline.reduce(LongPipeline.java:438)
	at java.util.stream.LongPipeline.sum(LongPipeline.java:396)
	at java.util.stream.ReferencePipeline.count(ReferencePipeline.java:526)
	at org.chocosolver.solver.expression.continuous.ExpressionTest.eval(ExpressionTest.java:40)
	at org.chocosolver.solver.expression.continuous.ExpressionTest.test5(ExpressionTest.java:69)
	at sun.reflect.NativeMethodAccessorImpl.invoke0(Native Method)
	at sun.reflect.NativeMethodAccessorImpl.invoke(NativeMethodAccessorImpl.java:62)
	at sun.reflect.DelegatingMethodAccessorImpl.invoke(DelegatingMethodAccessorImpl.java:43)
	at java.lang.reflect.Method.invoke(Method.java:498)
	at org.testng.internal.MethodInvocationHelper.invokeMethod(MethodInvocationHelper.java:108)
	at org.testng.internal.InvokeMethodRunnable.runOne(InvokeMethodRunnable.java:54)
	at org.testng.internal.InvokeMethodRunnable.run(InvokeMethodRunnable.java:44)
	at java.util.concurrent.Executors$RunnableAdapter.call(Executors.java:511)
	at java.util.concurrent.FutureTask.run(FutureTask.java:266)
	at java.util.concurrent.ThreadPoolExecutor.runWorker(ThreadPoolExecutor.java:1142)
	at java.util.concurrent.ThreadPoolExecutor$Worker.run(ThreadPoolExecutor.java:617)
	at java.lang.Thread.run(Thread.java:745)
]]>
    </error>
  </testcase> <!-- test5 -->
</testsuite> <!-- org.chocosolver.solver.expression.continuous.ExpressionTest -->
