<?xml version="1.0" encoding="UTF-8"?>
<!-- Generated by org.testng.reporters.JUnitReportReporter -->
<testsuite skipped="0" hostname="cyclone1" name="org.chocosolver.util.objects.setDataStructures.backtrackable.BitSetTest" tests="36" failures="0" timestamp="26 May 2018 19:10:34 GMT" time="0.110" errors="0">
  <testcase name="testNewIterator" time="0.001" classname="org.chocosolver.util.objects.setDataStructures.backtrackable.BitSetTest"/>
  <testcase name="testIteratorLength" time="0.000" classname="org.chocosolver.util.objects.setDataStructures.backtrackable.BitSetTest"/>
  <testcase name="testRemoveInLoop" time="0.001" classname="org.chocosolver.util.objects.setDataStructures.backtrackable.BitSetTest"/>
  <testcase name="testPopUntilZero" time="0.000" classname="org.chocosolver.util.objects.setDataStructures.backtrackable.BitSetTest"/>
  <testcase name="testVoidPushes" time="0.002" classname="org.chocosolver.util.objects.setDataStructures.backtrackable.BitSetTest"/>
  <testcase name="testTwoSets" time="0.000" classname="org.chocosolver.util.objects.setDataStructures.backtrackable.BitSetTest"/>
  <testcase name="testTwoSets" time="0.000" classname="org.chocosolver.util.objects.setDataStructures.backtrackable.BitSetTest"/>
  <testcase name="testRemoveInLoop" time="0.001" classname="org.chocosolver.util.objects.setDataStructures.backtrackable.BitSetTest"/>
  <testcase name="testMinMax" time="0.000" classname="org.chocosolver.util.objects.setDataStructures.backtrackable.BitSetTest"/>
  <testcase name="testRemove" time="0.000" classname="org.chocosolver.util.objects.setDataStructures.backtrackable.BitSetTest"/>
  <testcase name="testPopUntilZero" time="0.001" classname="org.chocosolver.util.objects.setDataStructures.backtrackable.BitSetTest"/>
  <testcase name="testEquals" time="0.000" classname="org.chocosolver.util.objects.setDataStructures.backtrackable.BitSetTest"/>
  <testcase name="testSeveralPushes" time="0.009" classname="org.chocosolver.util.objects.setDataStructures.backtrackable.BitSetTest"/>
  <testcase name="testAddMaxValue" time="0.000" classname="org.chocosolver.util.objects.setDataStructures.backtrackable.BitSetTest"/>
  <testcase name="testIterator" time="0.001" classname="org.chocosolver.util.objects.setDataStructures.backtrackable.BitSetTest"/>
  <testcase name="testEmptyMin" time="0.000" classname="org.chocosolver.util.objects.setDataStructures.backtrackable.BitSetTest"/>
  <testcase name="testClear" time="0.001" classname="org.chocosolver.util.objects.setDataStructures.backtrackable.BitSetTest"/>
  <testcase name="testAddNegativeKO" time="0.000" classname="org.chocosolver.util.objects.setDataStructures.backtrackable.BitSetTest"/>
  <testcase name="testReadOnlySet" time="0.001" classname="org.chocosolver.util.objects.setDataStructures.backtrackable.BitSetTest"/>
  <testcase name="testAddRemoveReturnValue" time="0.001" classname="org.chocosolver.util.objects.setDataStructures.backtrackable.BitSetTest"/>
  <testcase name="testSeveralPushes" time="0.007" classname="org.chocosolver.util.objects.setDataStructures.backtrackable.BitSetTest"/>
  <testcase name="testEmptyMax" time="0.001" classname="org.chocosolver.util.objects.setDataStructures.backtrackable.BitSetTest"/>
  <testcase name="testAddRemoveReturnValueNB" time="0.001" classname="org.chocosolver.util.objects.setDataStructures.backtrackable.BitSetTest"/>
  <testcase name="testAddNominal2" time="0.001" classname="org.chocosolver.util.objects.setDataStructures.backtrackable.BitSetTest"/>
  <testcase name="testNominal" time="0.000" classname="org.chocosolver.util.objects.setDataStructures.backtrackable.BitSetTest"/>
  <testcase name="testAddNegativeOK" time="0.000" classname="org.chocosolver.util.objects.setDataStructures.backtrackable.BitSetTest"/>
  <testcase name="testRemoveInLoop" time="0.000" classname="org.chocosolver.util.objects.setDataStructures.backtrackable.BitSetTest"/>
  <testcase name="testAddAlreadyExists" time="0.001" classname="org.chocosolver.util.objects.setDataStructures.backtrackable.BitSetTest"/>
  <testcase name="testTwoPushes" time="0.000" classname="org.chocosolver.util.objects.setDataStructures.backtrackable.BitSetTest"/>
  <testcase name="testVoidPushes" time="0.001" classname="org.chocosolver.util.objects.setDataStructures.backtrackable.BitSetTest"/>
  <testcase name="testTwoPushes" time="0.001" classname="org.chocosolver.util.objects.setDataStructures.backtrackable.BitSetTest"/>
  <testcase name="testMultipleLoops" time="0.001" classname="org.chocosolver.util.objects.setDataStructures.backtrackable.BitSetTest"/>
  <testcase name="testNominal" time="0.001" classname="org.chocosolver.util.objects.setDataStructures.backtrackable.BitSetTest"/>
  <testcase name="memoryCrashTest" time="0.075" classname="org.chocosolver.util.objects.setDataStructures.backtrackable.BitSetTest"/>
  <testcase name="testAddRemoveReturnValue" time="0.001" classname="org.chocosolver.util.objects.setDataStructures.backtrackable.BitSetTest"/>
  <testcase name="testAddNominal" time="0.000" classname="org.chocosolver.util.objects.setDataStructures.backtrackable.BitSetTest"/>
</testsuite> <!-- org.chocosolver.util.objects.setDataStructures.backtrackable.BitSetTest -->
