<?xml version="1.0" encoding="UTF-8"?>
<!-- Generated by org.testng.reporters.JUnitReportReporter -->
<testsuite skipped="0" hostname="cyclone1" name="org.chocosolver.solver.variables.impl.IntVarOffSetViewTest" tests="17" failures="0" timestamp="26 May 2018 19:10:34 GMT" time="0.020" errors="0">
  <testcase name="testRemoveIntervalCoverBound" time="0.002" classname="org.chocosolver.solver.variables.impl.IntVarOffSetViewTest"/>
  <testcase name="testRemoveIntervalCoverDomain" time="0.001" classname="org.chocosolver.solver.variables.impl.IntVarOffSetViewTest"/>
  <testcase name="testRemoveValueWrongDomain" time="0.001" classname="org.chocosolver.solver.variables.impl.IntVarOffSetViewTest"/>
  <testcase name="testRemoveValuesCoverBound" time="0.001" classname="org.chocosolver.solver.variables.impl.IntVarOffSetViewTest"/>
  <testcase name="testRemoveIntervalOK" time="0.001" classname="org.chocosolver.solver.variables.impl.IntVarOffSetViewTest"/>
  <testcase name="removeAllValuesButWrongDomain" time="0.005" classname="org.chocosolver.solver.variables.impl.IntVarOffSetViewTest"/>
  <testcase name="removeAllValuesButCoverBound" time="0.001" classname="org.chocosolver.solver.variables.impl.IntVarOffSetViewTest"/>
  <testcase name="testRemoveAllValuesButCoverDomain" time="0.000" classname="org.chocosolver.solver.variables.impl.IntVarOffSetViewTest"/>
  <testcase name="testRemoveValueEmptyDomain" time="0.001" classname="org.chocosolver.solver.variables.impl.IntVarOffSetViewTest"/>
  <testcase name="testRemoveValuesOK" time="0.001" classname="org.chocosolver.solver.variables.impl.IntVarOffSetViewTest"/>
  <testcase name="testRemoveValuesButOK" time="0.000" classname="org.chocosolver.solver.variables.impl.IntVarOffSetViewTest"/>
  <testcase name="testRemoveValuesTwoSides" time="0.002" classname="org.chocosolver.solver.variables.impl.IntVarOffSetViewTest"/>
  <testcase name="testRemoveIntervalEmptyDomain" time="0.001" classname="org.chocosolver.solver.variables.impl.IntVarOffSetViewTest"/>
  <testcase name="testRemoveValuesEmptyDomain" time="0.001" classname="org.chocosolver.solver.variables.impl.IntVarOffSetViewTest"/>
  <testcase name="testRemoveValueOK" time="0.001" classname="org.chocosolver.solver.variables.impl.IntVarOffSetViewTest"/>
  <testcase name="testRemoveValuesWrongDomain" time="0.001" classname="org.chocosolver.solver.variables.impl.IntVarOffSetViewTest"/>
  <testcase name="testRemoveIntervalWrongDomain" time="0.000" classname="org.chocosolver.solver.variables.impl.IntVarOffSetViewTest"/>
</testsuite> <!-- org.chocosolver.solver.variables.impl.IntVarOffSetViewTest -->
