<?xml version="1.0" encoding="UTF-8"?>
<!-- Generated by org.testng.reporters.JUnitReportReporter -->
<testsuite skipped="0" hostname="cyclone1" name="org.chocosolver.solver.constraints.nary.NValueTest" tests="6" failures="0" timestamp="26 May 2018 19:10:34 GMT" time="2.031" errors="0">
  <testcase name="testAtLeastFixed" time="0.001" classname="org.chocosolver.solver.constraints.nary.NValueTest"/>
  <testcase name="testAtLeastFixed2" time="1.981" classname="org.chocosolver.solver.constraints.nary.NValueTest"/>
  <testcase name="testAtMost" time="0.023" classname="org.chocosolver.solver.constraints.nary.NValueTest"/>
  <testcase name="testAtLeast" time="0.020" classname="org.chocosolver.solver.constraints.nary.NValueTest"/>
  <testcase name="testNValuesFixed" time="0.004" classname="org.chocosolver.solver.constraints.nary.NValueTest"/>
  <testcase name="testAtMostFixed" time="0.002" classname="org.chocosolver.solver.constraints.nary.NValueTest"/>
</testsuite> <!-- org.chocosolver.solver.constraints.nary.NValueTest -->
