<?xml version="1.0" encoding="UTF-8"?>
<!-- Generated by org.testng.reporters.JUnitReportReporter -->
<testsuite skipped="0" hostname="cyclone1" name="org.chocosolver.solver.constraints.nary.CNFTest" tests="1" failures="0" timestamp="26 May 2018 19:10:34 GMT" time="0.009" errors="0">
  <testcase name="testJGF" time="0.009" classname="org.chocosolver.solver.constraints.nary.CNFTest"/>
</testsuite> <!-- org.chocosolver.solver.constraints.nary.CNFTest -->
