<?xml version="1.0" encoding="UTF-8"?>
<!-- Generated by org.testng.reporters.JUnitReportReporter -->
<testsuite skipped="0" hostname="cyclone1" name="org.chocosolver.solver.constraints.binary.BinTableTest" tests="14" failures="0" timestamp="26 May 2018 19:10:34 GMT" time="0.667" errors="0">
  <testcase name="testAbsolute" time="0.057" classname="org.chocosolver.solver.constraints.binary.BinTableTest"/>
  <testcase name="test3" time="0.004" classname="org.chocosolver.solver.constraints.binary.BinTableTest"/>
  <testcase name="test2" time="0.004" classname="org.chocosolver.solver.constraints.binary.BinTableTest"/>
  <testcase name="testArithmNQ" time="0.161" classname="org.chocosolver.solver.constraints.binary.BinTableTest"/>
  <testcase name="testArithmLT" time="0.131" classname="org.chocosolver.solver.constraints.binary.BinTableTest"/>
  <testcase name="testInfeas1" time="0.001" classname="org.chocosolver.solver.constraints.binary.BinTableTest"/>
  <testcase name="testFeas1" time="0.000" classname="org.chocosolver.solver.constraints.binary.BinTableTest"/>
  <testcase name="testAbsolute" time="0.042" classname="org.chocosolver.solver.constraints.binary.BinTableTest"/>
  <testcase name="test2" time="0.007" classname="org.chocosolver.solver.constraints.binary.BinTableTest"/>
  <testcase name="testArithmNQ" time="0.155" classname="org.chocosolver.solver.constraints.binary.BinTableTest"/>
  <testcase name="test3" time="0.005" classname="org.chocosolver.solver.constraints.binary.BinTableTest"/>
  <testcase name="testArithmLT" time="0.098" classname="org.chocosolver.solver.constraints.binary.BinTableTest"/>
  <testcase name="testInfeas1" time="0.001" classname="org.chocosolver.solver.constraints.binary.BinTableTest"/>
  <testcase name="testFeas1" time="0.001" classname="org.chocosolver.solver.constraints.binary.BinTableTest"/>
</testsuite> <!-- org.chocosolver.solver.constraints.binary.BinTableTest -->
