<?xml version="1.0" encoding="UTF-8"?>
<!-- Generated by org.testng.reporters.JUnitReportReporter -->
<testsuite skipped="0" hostname="cyclone1" name="org.chocosolver.solver.constraints.set.InverseTest" tests="4" failures="0" timestamp="26 May 2018 19:10:34 GMT" time="0.674" errors="0">
  <testcase name="testEnumerateLength1" time="0.001" classname="org.chocosolver.solver.constraints.set.InverseTest"/>
  <testcase name="testNominal" time="0.668" classname="org.chocosolver.solver.constraints.set.InverseTest"/>
  <testcase name="testBuildInverse" time="0.005" classname="org.chocosolver.solver.constraints.set.InverseTest"/>
  <testcase name="testEnumerateLength2" time="0.000" classname="org.chocosolver.solver.constraints.set.InverseTest"/>
</testsuite> <!-- org.chocosolver.solver.constraints.set.InverseTest -->
