<?xml version="1.0" encoding="UTF-8"?>
<!-- Generated by org.testng.reporters.JUnitReportReporter -->
<testsuite skipped="0" hostname="cyclone1" name="org.chocosolver.solver.constraints.set.SumOfElementsTest" tests="13" failures="0" timestamp="26 May 2018 19:10:34 GMT" time="0.008" errors="0">
  <testcase name="testEmptySetOk" time="0.000" classname="org.chocosolver.solver.constraints.set.SumOfElementsTest"/>
  <testcase name="testWrongBounds" time="0.001" classname="org.chocosolver.solver.constraints.set.SumOfElementsTest"/>
  <testcase name="testFixedSumOffset" time="0.000" classname="org.chocosolver.solver.constraints.set.SumOfElementsTest"/>
  <testcase name="testEmptySetKo3" time="0.001" classname="org.chocosolver.solver.constraints.set.SumOfElementsTest"/>
  <testcase name="testNominal" time="0.002" classname="org.chocosolver.solver.constraints.set.SumOfElementsTest"/>
  <testcase name="testFixedSumOffsetKo" time="0.001" classname="org.chocosolver.solver.constraints.set.SumOfElementsTest"/>
  <testcase name="testFixedSumOffsetKo2" time="0.000" classname="org.chocosolver.solver.constraints.set.SumOfElementsTest"/>
  <testcase name="testFixedSumNegWrong" time="0.001" classname="org.chocosolver.solver.constraints.set.SumOfElementsTest"/>
  <testcase name="testFixedSum" time="0.001" classname="org.chocosolver.solver.constraints.set.SumOfElementsTest"/>
  <testcase name="testEmptySetOk2" time="0.001" classname="org.chocosolver.solver.constraints.set.SumOfElementsTest"/>
  <testcase name="testFixedSumNeg" time="0.000" classname="org.chocosolver.solver.constraints.set.SumOfElementsTest"/>
  <testcase name="testEmptySetOk3" time="0.000" classname="org.chocosolver.solver.constraints.set.SumOfElementsTest"/>
  <testcase name="testEmptySetKo" time="0.000" classname="org.chocosolver.solver.constraints.set.SumOfElementsTest"/>
</testsuite> <!-- org.chocosolver.solver.constraints.set.SumOfElementsTest -->
