<?xml version="1.0" encoding="UTF-8"?>
<!-- Generated by org.testng.reporters.JUnitReportReporter -->
<testsuite skipped="0" hostname="cyclone1" name="org.chocosolver.solver.constraints.set.MinElementTest" tests="6" failures="0" timestamp="26 May 2018 19:10:34 GMT" time="0.006" errors="0">
  <testcase name="testNominal" time="0.002" classname="org.chocosolver.solver.constraints.set.MinElementTest"/>
  <testcase name="testEmptySetKO" time="0.002" classname="org.chocosolver.solver.constraints.set.MinElementTest"/>
  <testcase name="testTrivialTrue" time="0.001" classname="org.chocosolver.solver.constraints.set.MinElementTest"/>
  <testcase name="testImpossible" time="0.000" classname="org.chocosolver.solver.constraints.set.MinElementTest"/>
  <testcase name="testEmptySetOK" time="0.001" classname="org.chocosolver.solver.constraints.set.MinElementTest"/>
  <testcase name="testTrivialFalse" time="0.000" classname="org.chocosolver.solver.constraints.set.MinElementTest"/>
</testsuite> <!-- org.chocosolver.solver.constraints.set.MinElementTest -->
