<?xml version="1.0" encoding="UTF-8"?>
<!-- Generated by org.testng.reporters.JUnitReportReporter -->
<testsuite skipped="0" hostname="cyclone1" name="org.chocosolver.solver.constraints.nary.TableTest" tests="25" failures="0" timestamp="26 May 2018 19:10:34 GMT" time="31.834" errors="0">
  <testcase name="testPosTrue" time="0.002" classname="org.chocosolver.solver.constraints.nary.TableTest"/>
  <testcase name="testPosFalse" time="0.002" classname="org.chocosolver.solver.constraints.nary.TableTest"/>
  <testcase name="testTuplesTable2" time="0.000" classname="org.chocosolver.solver.constraints.nary.TableTest"/>
  <testcase name="testJuha1" time="0.005" classname="org.chocosolver.solver.constraints.nary.TableTest"/>
  <testcase name="testTuplesTable1" time="0.001" classname="org.chocosolver.solver.constraints.nary.TableTest"/>
  <testcase name="testPosFalse2" time="0.002" classname="org.chocosolver.solver.constraints.nary.TableTest"/>
  <testcase name="testTuplesLargeTable2" time="0.001" classname="org.chocosolver.solver.constraints.nary.TableTest"/>
  <testcase name="testTuplesLargeTable1" time="0.001" classname="org.chocosolver.solver.constraints.nary.TableTest"/>
  <testcase name="testTuplesVeryLargeTable1" time="0.001" classname="org.chocosolver.solver.constraints.nary.TableTest"/>
  <testcase name="testST1" time="0.004" classname="org.chocosolver.solver.constraints.nary.TableTest"/>
  <testcase name="test1" time="0.003" classname="org.chocosolver.solver.constraints.nary.TableTest"/>
  <testcase name="testRandom" time="7.276" classname="org.chocosolver.solver.constraints.nary.TableTest"/>
  <testcase name="testMDD2" time="0.001" classname="org.chocosolver.solver.constraints.nary.TableTest"/>
  <testcase name="testST2" time="0.014" classname="org.chocosolver.solver.constraints.nary.TableTest"/>
  <testcase name="testMDD1" time="0.001" classname="org.chocosolver.solver.constraints.nary.TableTest"/>
  <testcase name="testThierry1" time="0.014" classname="org.chocosolver.solver.constraints.nary.TableTest"/>
  <testcase name="testJuha2" time="0.008" classname="org.chocosolver.solver.constraints.nary.TableTest"/>
  <testcase name="testPosUndef" time="0.001" classname="org.chocosolver.solver.constraints.nary.TableTest"/>
  <testcase name="testAllEquals" time="12.031" classname="org.chocosolver.solver.constraints.nary.TableTest"/>
  <testcase name="testAllDifferent" time="12.426" classname="org.chocosolver.solver.constraints.nary.TableTest"/>
  <testcase name="testtpetit" time="0.017" classname="org.chocosolver.solver.constraints.nary.TableTest"/>
  <testcase name="testTuplesVeryLargeTable2" time="0.001" classname="org.chocosolver.solver.constraints.nary.TableTest"/>
  <testcase name="testTuples" time="0.005" classname="org.chocosolver.solver.constraints.nary.TableTest"/>
  <testcase name="test329" time="0.013" classname="org.chocosolver.solver.constraints.nary.TableTest"/>
  <testcase name="testPDav" time="0.004" classname="org.chocosolver.solver.constraints.nary.TableTest"/>
</testsuite> <!-- org.chocosolver.solver.constraints.nary.TableTest -->
