<?xml version="1.0" encoding="UTF-8"?>
<!-- Generated by org.testng.reporters.JUnitReportReporter -->
<testsuite skipped="0" hostname="cyclone1" name="org.chocosolver.solver.constraints.set.NbEmptyTest" tests="6" failures="0" timestamp="26 May 2018 19:10:34 GMT" time="0.366" errors="0">
  <testcase name="testNominal" time="0.001" classname="org.chocosolver.solver.constraints.set.NbEmptyTest"/>
  <testcase name="testMoreEmptyThanSetVar" time="0.000" classname="org.chocosolver.solver.constraints.set.NbEmptyTest"/>
  <testcase name="testNoEmpty" time="0.051" classname="org.chocosolver.solver.constraints.set.NbEmptyTest"/>
  <testcase name="testEmptyUnfeasible" time="0.002" classname="org.chocosolver.solver.constraints.set.NbEmptyTest"/>
  <testcase name="testNoEmptyUnfeasible" time="0.001" classname="org.chocosolver.solver.constraints.set.NbEmptyTest"/>
  <testcase name="testWithIntVar" time="0.311" classname="org.chocosolver.solver.constraints.set.NbEmptyTest"/>
</testsuite> <!-- org.chocosolver.solver.constraints.set.NbEmptyTest -->
