<?xml version="1.0" encoding="UTF-8"?>
<!-- Generated by org.testng.reporters.JUnitReportReporter -->
<testsuite skipped="0" hostname="cyclone1" name="org.chocosolver.solver.ModelTest" tests="33" failures="0" timestamp="26 May 2018 19:10:34 GMT" time="2.972" errors="0">
  <testcase name="testNextSolution" time="0.000" classname="org.chocosolver.solver.ModelTest"/>
  <testcase name="testFind" time="0.043" classname="org.chocosolver.solver.ModelTest"/>
  <testcase name="testSwapOnPassivate" time="0.998" classname="org.chocosolver.solver.ModelTest"/>
  <testcase name="testRetrieveInt" time="0.001" classname="org.chocosolver.solver.ModelTest"/>
  <testcase name="testRetrieveBool" time="0.000" classname="org.chocosolver.solver.ModelTest"/>
  <testcase name="testFH1" time="0.001" classname="org.chocosolver.solver.ModelTest"/>
  <testcase name="testFindAllSolutions3" time="0.002" classname="org.chocosolver.solver.ModelTest"/>
  <testcase name="testFindAllSolutions2" time="0.001" classname="org.chocosolver.solver.ModelTest"/>
  <testcase name="testRecord3" time="0.002" classname="org.chocosolver.solver.ModelTest"/>
  <testcase name="testRecord" time="0.002" classname="org.chocosolver.solver.ModelTest"/>
  <testcase name="testFindOptimalSolutionWithSearch" time="0.008" classname="org.chocosolver.solver.ModelTest"/>
  <testcase name="testJL1" time="0.000" classname="org.chocosolver.solver.ModelTest"/>
  <testcase name="testRight" time="0.003" classname="org.chocosolver.solver.ModelTest"/>
  <testcase name="testFindAllSolutionsAfterReset" time="0.001" classname="org.chocosolver.solver.ModelTest"/>
  <testcase name="testParBug3" time="0.106" classname="org.chocosolver.solver.ModelTest"/>
  <testcase name="testCompSearch" time="0.000" classname="org.chocosolver.solver.ModelTest"/>
  <testcase name="testJuTii1" time="0.001" classname="org.chocosolver.solver.ModelTest"/>
  <testcase name="testFindAllSolutions" time="0.001" classname="org.chocosolver.solver.ModelTest"/>
  <testcase name="testFindAllOptimalSolutions" time="0.023" classname="org.chocosolver.solver.ModelTest"/>
  <testcase name="testFH2" time="0.000" classname="org.chocosolver.solver.ModelTest"/>
  <testcase name="testMonitors" time="0.002" classname="org.chocosolver.solver.ModelTest"/>
  <testcase name="testFindSolution" time="0.001" classname="org.chocosolver.solver.ModelTest"/>
  <testcase name="testName" time="0.001" classname="org.chocosolver.solver.ModelTest"/>
  <testcase name="testFindAllOptimalSolutions2" time="0.014" classname="org.chocosolver.solver.ModelTest"/>
  <testcase name="testFindAfterReset" time="0.001" classname="org.chocosolver.solver.ModelTest"/>
  <testcase name="testRecord2" time="0.002" classname="org.chocosolver.solver.ModelTest"/>
  <testcase name="testAssociates" time="0.001" classname="org.chocosolver.solver.ModelTest"/>
  <testcase name="testFindOptimalSolution" time="1.627" classname="org.chocosolver.solver.ModelTest"/>
  <testcase name="testRestore" time="0.000" classname="org.chocosolver.solver.ModelTest"/>
  <testcase name="testHook" time="0.001" classname="org.chocosolver.solver.ModelTest"/>
  <testcase name="testJL300" time="0.001" classname="org.chocosolver.solver.ModelTest"/>
  <testcase name="testParBug2" time="0.127" classname="org.chocosolver.solver.ModelTest"/>
  <testcase name="testCriteria" time="0.001" classname="org.chocosolver.solver.ModelTest"/>
</testsuite> <!-- org.chocosolver.solver.ModelTest -->
