<?xml version="1.0" encoding="UTF-8"?>
<!-- Generated by org.testng.reporters.JUnitReportReporter -->
<testsuite skipped="0" hostname="cyclone1" name="org.chocosolver.solver.constraints.ternary.DistanceGTTest" tests="2" failures="0" timestamp="26 May 2018 19:10:34 GMT" time="1.528" errors="0">
  <testcase name="test1" time="1.528" classname="org.chocosolver.solver.constraints.ternary.DistanceGTTest"/>
  <testcase name="test2" time="0.000" classname="org.chocosolver.solver.constraints.ternary.DistanceGTTest"/>
</testsuite> <!-- org.chocosolver.solver.constraints.ternary.DistanceGTTest -->
