<?xml version="1.0" encoding="UTF-8"?>
<!-- Generated by org.testng.reporters.JUnitReportReporter -->
<testsuite skipped="0" hostname="cyclone1" name="org.chocosolver.solver.explanations.SimpleExplanationTest" tests="2" failures="0" timestamp="26 May 2018 19:10:34 GMT" time="0.002" errors="0">
  <testcase name="test2" time="0.001" classname="org.chocosolver.solver.explanations.SimpleExplanationTest"/>
  <testcase name="test1" time="0.001" classname="org.chocosolver.solver.explanations.SimpleExplanationTest"/>
</testsuite> <!-- org.chocosolver.solver.explanations.SimpleExplanationTest -->
