<?xml version="1.0" encoding="UTF-8"?>
<!-- Generated by org.testng.reporters.JUnitReportReporter -->
<testsuite skipped="0" hostname="cyclone1" name="org.chocosolver.solver.variables.impl.SetVarImplTest" tests="5" failures="0" timestamp="26 May 2018 19:10:34 GMT" time="0.050" errors="0">
  <testcase name="testPropagate2" time="0.001" classname="org.chocosolver.solver.variables.impl.SetVarImplTest"/>
  <testcase name="testPropagate" time="0.014" classname="org.chocosolver.solver.variables.impl.SetVarImplTest"/>
  <testcase name="testStructures" time="0.031" classname="org.chocosolver.solver.variables.impl.SetVarImplTest"/>
  <testcase name="testSetVarInstantiated" time="0.003" classname="org.chocosolver.solver.variables.impl.SetVarImplTest"/>
  <testcase name="testSetVarInstantiated2" time="0.001" classname="org.chocosolver.solver.variables.impl.SetVarImplTest"/>
</testsuite> <!-- org.chocosolver.solver.variables.impl.SetVarImplTest -->
