<?xml version="1.0" encoding="UTF-8"?>
<!-- Generated by org.testng.reporters.JUnitReportReporter -->
<testsuite skipped="0" hostname="cyclone1" name="org.chocosolver.solver.variables.fast.BitsetArrayIntVarImplTest" tests="69" failures="0" timestamp="26 May 2018 19:10:34 GMT" time="0.039" errors="0">
  <testcase name="testRemValsBut41" time="0.001" classname="org.chocosolver.solver.variables.fast.BitsetArrayIntVarImplTest"/>
  <testcase name="testRemVals3" time="0.001" classname="org.chocosolver.solver.variables.fast.BitsetArrayIntVarImplTest"/>
  <testcase name="testUpdateUpperBound" time="0.000" classname="org.chocosolver.solver.variables.fast.BitsetArrayIntVarImplTest"/>
  <testcase name="testJL02" time="0.001" classname="org.chocosolver.solver.variables.fast.BitsetArrayIntVarImplTest"/>
  <testcase name="testRemoveInterval" time="0.001" classname="org.chocosolver.solver.variables.fast.BitsetArrayIntVarImplTest"/>
  <testcase name="testUpdBounds7" time="0.000" classname="org.chocosolver.solver.variables.fast.BitsetArrayIntVarImplTest"/>
  <testcase name="testRemValsBut13" time="0.001" classname="org.chocosolver.solver.variables.fast.BitsetArrayIntVarImplTest"/>
  <testcase name="testRemValsBut3" time="0.000" classname="org.chocosolver.solver.variables.fast.BitsetArrayIntVarImplTest"/>
  <testcase name="testGetTypeAndKind" time="0.000" classname="org.chocosolver.solver.variables.fast.BitsetArrayIntVarImplTest"/>
  <testcase name="testRemValsBut42" time="0.001" classname="org.chocosolver.solver.variables.fast.BitsetArrayIntVarImplTest"/>
  <testcase name="testRemVals12" time="0.000" classname="org.chocosolver.solver.variables.fast.BitsetArrayIntVarImplTest"/>
  <testcase name="testRemValsBut22" time="0.000" classname="org.chocosolver.solver.variables.fast.BitsetArrayIntVarImplTest"/>
  <testcase name="testGetRangeIterator" time="0.001" classname="org.chocosolver.solver.variables.fast.BitsetArrayIntVarImplTest"/>
  <testcase name="testNextOut1" time="0.000" classname="org.chocosolver.solver.variables.fast.BitsetArrayIntVarImplTest"/>
  <testcase name="testRemValsBut8" time="0.000" classname="org.chocosolver.solver.variables.fast.BitsetArrayIntVarImplTest"/>
  <testcase name="testRemVals7" time="0.000" classname="org.chocosolver.solver.variables.fast.BitsetArrayIntVarImplTest"/>
  <testcase name="testRemVals13" time="0.001" classname="org.chocosolver.solver.variables.fast.BitsetArrayIntVarImplTest"/>
  <testcase name="testNextOut3" time="0.001" classname="org.chocosolver.solver.variables.fast.BitsetArrayIntVarImplTest"/>
  <testcase name="testUpdateLowerBound" time="0.000" classname="org.chocosolver.solver.variables.fast.BitsetArrayIntVarImplTest"/>
  <testcase name="testRemVals41" time="0.000" classname="org.chocosolver.solver.variables.fast.BitsetArrayIntVarImplTest"/>
  <testcase name="testRemVals1" time="0.001" classname="org.chocosolver.solver.variables.fast.BitsetArrayIntVarImplTest"/>
  <testcase name="testRemVals82" time="0.001" classname="org.chocosolver.solver.variables.fast.BitsetArrayIntVarImplTest"/>
  <testcase name="testUpdBounds6" time="0.001" classname="org.chocosolver.solver.variables.fast.BitsetArrayIntVarImplTest"/>
  <testcase name="testRemVals14" time="0.000" classname="org.chocosolver.solver.variables.fast.BitsetArrayIntVarImplTest"/>
  <testcase name="testPreviousOut2" time="0.000" classname="org.chocosolver.solver.variables.fast.BitsetArrayIntVarImplTest"/>
  <testcase name="testRemValsBut1" time="0.000" classname="org.chocosolver.solver.variables.fast.BitsetArrayIntVarImplTest"/>
  <testcase name="testNextValue" time="0.000" classname="org.chocosolver.solver.variables.fast.BitsetArrayIntVarImplTest"/>
  <testcase name="testUpdBounds8" time="0.000" classname="org.chocosolver.solver.variables.fast.BitsetArrayIntVarImplTest"/>
  <testcase name="testRemVals5" time="0.001" classname="org.chocosolver.solver.variables.fast.BitsetArrayIntVarImplTest"/>
  <testcase name="testJL03" time="0.001" classname="org.chocosolver.solver.variables.fast.BitsetArrayIntVarImplTest"/>
  <testcase name="testUpdBounds11" time="0.001" classname="org.chocosolver.solver.variables.fast.BitsetArrayIntVarImplTest"/>
  <testcase name="testGetDomainSize" time="0.001" classname="org.chocosolver.solver.variables.fast.BitsetArrayIntVarImplTest"/>
  <testcase name="testGetLB" time="0.000" classname="org.chocosolver.solver.variables.fast.BitsetArrayIntVarImplTest"/>
  <testcase name="testRemVals6" time="0.000" classname="org.chocosolver.solver.variables.fast.BitsetArrayIntVarImplTest"/>
  <testcase name="testRemValsBut11" time="0.001" classname="org.chocosolver.solver.variables.fast.BitsetArrayIntVarImplTest"/>
  <testcase name="testRemVals81" time="0.001" classname="org.chocosolver.solver.variables.fast.BitsetArrayIntVarImplTest"/>
  <testcase name="testPreviousValue" time="0.001" classname="org.chocosolver.solver.variables.fast.BitsetArrayIntVarImplTest"/>
  <testcase name="testRemValsBut0" time="0.000" classname="org.chocosolver.solver.variables.fast.BitsetArrayIntVarImplTest"/>
  <testcase name="testUpdBounds3" time="0.000" classname="org.chocosolver.solver.variables.fast.BitsetArrayIntVarImplTest"/>
  <testcase name="testNextOut2" time="0.000" classname="org.chocosolver.solver.variables.fast.BitsetArrayIntVarImplTest"/>
  <testcase name="testRemValsBut6" time="0.000" classname="org.chocosolver.solver.variables.fast.BitsetArrayIntVarImplTest"/>
  <testcase name="testUpdBounds9" time="0.001" classname="org.chocosolver.solver.variables.fast.BitsetArrayIntVarImplTest"/>
  <testcase name="testJL01" time="0.002" classname="org.chocosolver.solver.variables.fast.BitsetArrayIntVarImplTest"/>
  <testcase name="testRemValsBut21" time="0.001" classname="org.chocosolver.solver.variables.fast.BitsetArrayIntVarImplTest"/>
  <testcase name="testRemValsBut7" time="0.000" classname="org.chocosolver.solver.variables.fast.BitsetArrayIntVarImplTest"/>
  <testcase name="testJL04" time="0.001" classname="org.chocosolver.solver.variables.fast.BitsetArrayIntVarImplTest"/>
  <testcase name="testPreviousOut3" time="0.000" classname="org.chocosolver.solver.variables.fast.BitsetArrayIntVarImplTest"/>
  <testcase name="testUpdBounds4" time="0.001" classname="org.chocosolver.solver.variables.fast.BitsetArrayIntVarImplTest"/>
  <testcase name="testGetValueIterator" time="0.001" classname="org.chocosolver.solver.variables.fast.BitsetArrayIntVarImplTest"/>
  <testcase name="testHasEnumeratedDomain" time="0.000" classname="org.chocosolver.solver.variables.fast.BitsetArrayIntVarImplTest"/>
  <testcase name="testGetUB" time="0.000" classname="org.chocosolver.solver.variables.fast.BitsetArrayIntVarImplTest"/>
  <testcase name="testRemVals21" time="0.001" classname="org.chocosolver.solver.variables.fast.BitsetArrayIntVarImplTest"/>
  <testcase name="testRemVals22" time="0.000" classname="org.chocosolver.solver.variables.fast.BitsetArrayIntVarImplTest"/>
  <testcase name="testRemValsBut9" time="0.001" classname="org.chocosolver.solver.variables.fast.BitsetArrayIntVarImplTest"/>
  <testcase name="testRemVals15" time="0.001" classname="org.chocosolver.solver.variables.fast.BitsetArrayIntVarImplTest"/>
  <testcase name="testUpdBounds5" time="0.001" classname="org.chocosolver.solver.variables.fast.BitsetArrayIntVarImplTest"/>
  <testcase name="testUpdBounds2" time="0.001" classname="org.chocosolver.solver.variables.fast.BitsetArrayIntVarImplTest"/>
  <testcase name="testPreviousOut1" time="0.001" classname="org.chocosolver.solver.variables.fast.BitsetArrayIntVarImplTest"/>
  <testcase name="testRemValsBut14" time="0.001" classname="org.chocosolver.solver.variables.fast.BitsetArrayIntVarImplTest"/>
  <testcase name="testRemVals0" time="0.000" classname="org.chocosolver.solver.variables.fast.BitsetArrayIntVarImplTest"/>
  <testcase name="testRemValsBut12" time="0.001" classname="org.chocosolver.solver.variables.fast.BitsetArrayIntVarImplTest"/>
  <testcase name="testRemVals31" time="0.000" classname="org.chocosolver.solver.variables.fast.BitsetArrayIntVarImplTest"/>
  <testcase name="testUpdBounds1" time="0.001" classname="org.chocosolver.solver.variables.fast.BitsetArrayIntVarImplTest"/>
  <testcase name="testRemValsBut5" time="0.001" classname="org.chocosolver.solver.variables.fast.BitsetArrayIntVarImplTest"/>
  <testcase name="testUpdBounds10" time="0.001" classname="org.chocosolver.solver.variables.fast.BitsetArrayIntVarImplTest"/>
  <testcase name="testRemVals11" time="0.000" classname="org.chocosolver.solver.variables.fast.BitsetArrayIntVarImplTest"/>
  <testcase name="testRemVals42" time="0.001" classname="org.chocosolver.solver.variables.fast.BitsetArrayIntVarImplTest"/>
  <testcase name="testRemValsBut15" time="0.001" classname="org.chocosolver.solver.variables.fast.BitsetArrayIntVarImplTest"/>
  <testcase name="testRemoveValue" time="0.000" classname="org.chocosolver.solver.variables.fast.BitsetArrayIntVarImplTest"/>
</testsuite> <!-- org.chocosolver.solver.variables.fast.BitsetArrayIntVarImplTest -->
