<?xml version="1.0" encoding="UTF-8"?>
<!-- Generated by org.testng.reporters.JUnitReportReporter -->
<testsuite skipped="0" hostname="cyclone1" name="org.chocosolver.solver.constraints.checker.consistency.TestConsistency" tests="17" failures="0" timestamp="26 May 2018 19:10:34 GMT" time="105.370" errors="0">
  <testcase name="testPLUSBC" time="10.236" classname="org.chocosolver.solver.constraints.checker.consistency.TestConsistency"/>
  <testcase name="testEQ" time="1.844" classname="org.chocosolver.solver.constraints.checker.consistency.TestConsistency"/>
  <testcase name="testMDD" time="0.976" classname="org.chocosolver.solver.constraints.checker.consistency.TestConsistency"/>
  <testcase name="testALLDIFFERENTBC" time="11.382" classname="org.chocosolver.solver.constraints.checker.consistency.TestConsistency"/>
  <testcase name="testAMONG" time="1.749" classname="org.chocosolver.solver.constraints.checker.consistency.TestConsistency"/>
  <testcase name="testALLDIFFERENT" time="7.571" classname="org.chocosolver.solver.constraints.checker.consistency.TestConsistency"/>
  <testcase name="testELEMENT" time="0.463" classname="org.chocosolver.solver.constraints.checker.consistency.TestConsistency"/>
  <testcase name="testSORT" time="12.151" classname="org.chocosolver.solver.constraints.checker.consistency.TestConsistency"/>
  <testcase name="testMAX" time="2.420" classname="org.chocosolver.solver.constraints.checker.consistency.TestConsistency"/>
  <testcase name="testMIN" time="2.441" classname="org.chocosolver.solver.constraints.checker.consistency.TestConsistency"/>
  <testcase name="testNEQ" time="2.676" classname="org.chocosolver.solver.constraints.checker.consistency.TestConsistency"/>
  <testcase name="testLEX" time="11.214" classname="org.chocosolver.solver.constraints.checker.consistency.TestConsistency"/>
  <testcase name="testPLUSAC" time="8.999" classname="org.chocosolver.solver.constraints.checker.consistency.TestConsistency"/>
  <testcase name="testCOUNT" time="5.377" classname="org.chocosolver.solver.constraints.checker.consistency.TestConsistency"/>
  <testcase name="testIVPC" time="2.484" classname="org.chocosolver.solver.constraints.checker.consistency.TestConsistency"/>
  <testcase name="testLEXCHAIN" time="14.312" classname="org.chocosolver.solver.constraints.checker.consistency.TestConsistency"/>
  <testcase name="testABSOLUTE" time="9.075" classname="org.chocosolver.solver.constraints.checker.consistency.TestConsistency"/>
</testsuite> <!-- org.chocosolver.solver.constraints.checker.consistency.TestConsistency -->
