<?xml version="1.0" encoding="UTF-8"?>
<!-- Generated by org.testng.reporters.JUnitReportReporter -->
<testsuite skipped="0" hostname="cyclone1" name="org.chocosolver.solver.constraints.set.NotMemberTest" tests="7" failures="0" timestamp="26 May 2018 19:10:34 GMT" time="0.012" errors="0">
  <testcase name="testTrivialTrue" time="0.001" classname="org.chocosolver.solver.constraints.set.NotMemberTest"/>
  <testcase name="emptySet" time="0.000" classname="org.chocosolver.solver.constraints.set.NotMemberTest"/>
  <testcase name="testFixedValueSure" time="0.004" classname="org.chocosolver.solver.constraints.set.NotMemberTest"/>
  <testcase name="trivialFalse" time="0.001" classname="org.chocosolver.solver.constraints.set.NotMemberTest"/>
  <testcase name="testFixedValue" time="0.004" classname="org.chocosolver.solver.constraints.set.NotMemberTest"/>
  <testcase name="testNominal" time="0.002" classname="org.chocosolver.solver.constraints.set.NotMemberTest"/>
  <testcase name="testFixedValueWrong" time="0.000" classname="org.chocosolver.solver.constraints.set.NotMemberTest"/>
</testsuite> <!-- org.chocosolver.solver.constraints.set.NotMemberTest -->
