<?xml version="1.0" encoding="UTF-8"?>
<!-- Generated by org.testng.reporters.JUnitReportReporter -->
<testsuite skipped="0" hostname="cyclone1" name="org.chocosolver.memory.DynamicAdditionTest" tests="6" failures="0" timestamp="26 May 2018 19:10:34 GMT" time="3.186" errors="0">
  <testcase name="test1" time="0.001" classname="org.chocosolver.memory.DynamicAdditionTest"/>
  <testcase name="test3" time="3.092" classname="org.chocosolver.memory.DynamicAdditionTest"/>
  <testcase name="test1" time="0.000" classname="org.chocosolver.memory.DynamicAdditionTest"/>
  <testcase name="test2" time="0.007" classname="org.chocosolver.memory.DynamicAdditionTest"/>
  <testcase name="test3" time="0.078" classname="org.chocosolver.memory.DynamicAdditionTest"/>
  <testcase name="test2" time="0.008" classname="org.chocosolver.memory.DynamicAdditionTest"/>
</testsuite> <!-- org.chocosolver.memory.DynamicAdditionTest -->
