<?xml version="1.0" encoding="UTF-8"?>
<!-- Generated by org.testng.reporters.JUnitReportReporter -->
<testsuite skipped="0" hostname="cyclone1" name="org.chocosolver.util.objects.setDataStructures.nonbacktrackable.SmallBipartiteTest" tests="20" failures="0" timestamp="26 May 2018 19:10:34 GMT" time="0.008" errors="0">
  <testcase name="testMaxSpan" time="0.000" classname="org.chocosolver.util.objects.setDataStructures.nonbacktrackable.SmallBipartiteTest"/>
  <testcase name="testMultipleLoops" time="0.001" classname="org.chocosolver.util.objects.setDataStructures.nonbacktrackable.SmallBipartiteTest"/>
  <testcase name="testNewIterator" time="0.001" classname="org.chocosolver.util.objects.setDataStructures.nonbacktrackable.SmallBipartiteTest"/>
  <testcase name="testMinMax" time="0.000" classname="org.chocosolver.util.objects.setDataStructures.nonbacktrackable.SmallBipartiteTest"/>
  <testcase name="testAddNegativeOK" time="0.000" classname="org.chocosolver.util.objects.setDataStructures.nonbacktrackable.SmallBipartiteTest"/>
  <testcase name="testRemove" time="0.000" classname="org.chocosolver.util.objects.setDataStructures.nonbacktrackable.SmallBipartiteTest"/>
  <testcase name="testAddNegativeKO" time="0.000" classname="org.chocosolver.util.objects.setDataStructures.nonbacktrackable.SmallBipartiteTest"/>
  <testcase name="testEquals" time="0.001" classname="org.chocosolver.util.objects.setDataStructures.nonbacktrackable.SmallBipartiteTest"/>
  <testcase name="testEmptyMin" time="0.001" classname="org.chocosolver.util.objects.setDataStructures.nonbacktrackable.SmallBipartiteTest"/>
  <testcase name="testAddRemoveReturnValueNB" time="0.001" classname="org.chocosolver.util.objects.setDataStructures.nonbacktrackable.SmallBipartiteTest"/>
  <testcase name="testClear" time="0.001" classname="org.chocosolver.util.objects.setDataStructures.nonbacktrackable.SmallBipartiteTest"/>
  <testcase name="testIteratorLength" time="0.001" classname="org.chocosolver.util.objects.setDataStructures.nonbacktrackable.SmallBipartiteTest"/>
  <testcase name="testEmptyMax" time="0.001" classname="org.chocosolver.util.objects.setDataStructures.nonbacktrackable.SmallBipartiteTest"/>
  <testcase name="testAddNominal" time="0.000" classname="org.chocosolver.util.objects.setDataStructures.nonbacktrackable.SmallBipartiteTest"/>
  <testcase name="testReadOnlySet" time="0.000" classname="org.chocosolver.util.objects.setDataStructures.nonbacktrackable.SmallBipartiteTest"/>
  <testcase name="testAddNominal2" time="0.000" classname="org.chocosolver.util.objects.setDataStructures.nonbacktrackable.SmallBipartiteTest"/>
  <testcase name="testAddMaxValue" time="0.000" classname="org.chocosolver.util.objects.setDataStructures.nonbacktrackable.SmallBipartiteTest"/>
  <testcase name="testAddAlreadyExists" time="0.000" classname="org.chocosolver.util.objects.setDataStructures.nonbacktrackable.SmallBipartiteTest"/>
  <testcase name="testIterator" time="0.000" classname="org.chocosolver.util.objects.setDataStructures.nonbacktrackable.SmallBipartiteTest"/>
  <testcase name="testRemoveInLoop" time="0.000" classname="org.chocosolver.util.objects.setDataStructures.nonbacktrackable.SmallBipartiteTest"/>
</testsuite> <!-- org.chocosolver.util.objects.setDataStructures.nonbacktrackable.SmallBipartiteTest -->
