<?xml version="1.0" encoding="UTF-8"?>
<!-- Generated by org.testng.reporters.JUnitReportReporter -->
<testsuite skipped="0" hostname="cyclone1" name="org.chocosolver.solver.search.strategy.decision.DecisionPathTest" tests="9" failures="0" timestamp="26 May 2018 19:10:34 GMT" time="0.005" errors="0">
  <testcase name="testGetDecision2" time="0.002" classname="org.chocosolver.solver.search.strategy.decision.DecisionPathTest"/>
  <testcase name="testTransferInto" time="0.000" classname="org.chocosolver.solver.search.strategy.decision.DecisionPathTest"/>
  <testcase name="testGetLastDecision" time="0.000" classname="org.chocosolver.solver.search.strategy.decision.DecisionPathTest"/>
  <testcase name="testGetDecision1" time="0.001" classname="org.chocosolver.solver.search.strategy.decision.DecisionPathTest"/>
  <testcase name="testPushDecision" time="0.000" classname="org.chocosolver.solver.search.strategy.decision.DecisionPathTest"/>
  <testcase name="testGetDecision3" time="0.000" classname="org.chocosolver.solver.search.strategy.decision.DecisionPathTest"/>
  <testcase name="testApply" time="0.001" classname="org.chocosolver.solver.search.strategy.decision.DecisionPathTest"/>
  <testcase name="testSize" time="0.001" classname="org.chocosolver.solver.search.strategy.decision.DecisionPathTest"/>
  <testcase name="testRemoveLast" time="0.000" classname="org.chocosolver.solver.search.strategy.decision.DecisionPathTest"/>
</testsuite> <!-- org.chocosolver.solver.search.strategy.decision.DecisionPathTest -->
