<?xml version="1.0" encoding="UTF-8"?>
<!-- Generated by org.testng.reporters.JUnitReportReporter -->
<testsuite skipped="0" hostname="cyclone1" name="org.chocosolver.solver.constraints.nary.MixedScalarTest" tests="12" failures="0" timestamp="26 May 2018 19:10:34 GMT" time="1.946" errors="0">
  <testcase name="testCoeffAtZeroNoSolutions" time="0.010" classname="org.chocosolver.solver.constraints.nary.MixedScalarTest"/>
  <testcase name="testCoeffAtZeroSolutions" time="0.015" classname="org.chocosolver.solver.constraints.nary.MixedScalarTest"/>
  <testcase name="testSameVariableSolution2" time="0.000" classname="org.chocosolver.solver.constraints.nary.MixedScalarTest"/>
  <testcase name="testSameVariableSolution" time="0.001" classname="org.chocosolver.solver.constraints.nary.MixedScalarTest"/>
  <testcase name="testNominalBounded" time="0.002" classname="org.chocosolver.solver.constraints.nary.MixedScalarTest"/>
  <testcase name="testCoeffAtZeroSolutions2" time="0.080" classname="org.chocosolver.solver.constraints.nary.MixedScalarTest"/>
  <testcase name="testSameVariableNoSolution" time="0.001" classname="org.chocosolver.solver.constraints.nary.MixedScalarTest"/>
  <testcase name="testNominalBounded2" time="0.287" classname="org.chocosolver.solver.constraints.nary.MixedScalarTest"/>
  <testcase name="testNominal" time="0.001" classname="org.chocosolver.solver.constraints.nary.MixedScalarTest"/>
  <testcase name="testNominalBoundedWithNegatives" time="0.035" classname="org.chocosolver.solver.constraints.nary.MixedScalarTest"/>
  <testcase name="testNominalBoundedWithNegatives2" time="1.493" classname="org.chocosolver.solver.constraints.nary.MixedScalarTest"/>
  <testcase name="testNominalBounded3" time="0.021" classname="org.chocosolver.solver.constraints.nary.MixedScalarTest"/>
</testsuite> <!-- org.chocosolver.solver.constraints.nary.MixedScalarTest -->
