<?xml version="1.0" encoding="UTF-8"?>
<!-- Generated by org.testng.reporters.JUnitReportReporter -->
<testsuite skipped="0" hostname="cyclone1" name="org.chocosolver.memory.EnvironmentTest" tests="10" failures="0" timestamp="26 May 2018 19:10:34 GMT" time="0.007" errors="0">
  <testcase name="testBitset1" time="0.001" classname="org.chocosolver.memory.EnvironmentTest"/>
  <testcase name="testInt" time="0.000" classname="org.chocosolver.memory.EnvironmentTest"/>
  <testcase name="testInt" time="0.001" classname="org.chocosolver.memory.EnvironmentTest"/>
  <testcase name="testBitset1" time="0.001" classname="org.chocosolver.memory.EnvironmentTest"/>
  <testcase name="testBool" time="0.001" classname="org.chocosolver.memory.EnvironmentTest"/>
  <testcase name="testFloat" time="0.001" classname="org.chocosolver.memory.EnvironmentTest"/>
  <testcase name="testLong" time="0.000" classname="org.chocosolver.memory.EnvironmentTest"/>
  <testcase name="testBool" time="0.001" classname="org.chocosolver.memory.EnvironmentTest"/>
  <testcase name="testLong" time="0.001" classname="org.chocosolver.memory.EnvironmentTest"/>
  <testcase name="testFloat" time="0.000" classname="org.chocosolver.memory.EnvironmentTest"/>
</testsuite> <!-- org.chocosolver.memory.EnvironmentTest -->
