<?xml version="1.0" encoding="UTF-8"?>
<!-- Generated by org.testng.reporters.JUnitReportReporter -->
<testsuite skipped="0" hostname="cyclone1" name="org.chocosolver.solver.PortFolioTest" tests="10" failures="0" timestamp="26 May 2018 19:10:34 GMT" time="32.055" errors="0">
  <testcase name="testP1" time="0.282" classname="org.chocosolver.solver.PortFolioTest"/>
  <testcase name="testP4" time="2.890" classname="org.chocosolver.solver.PortFolioTest"/>
  <testcase name="testParBug" time="4.197" classname="org.chocosolver.solver.PortFolioTest"/>
  <testcase name="testP3" time="3.518" classname="org.chocosolver.solver.PortFolioTest"/>
  <testcase name="testParWait" time="0.060" classname="org.chocosolver.solver.PortFolioTest"/>
  <testcase name="testP2" time="3.778" classname="org.chocosolver.solver.PortFolioTest"/>
  <testcase name="testP3bug" time="3.746" classname="org.chocosolver.solver.PortFolioTest"/>
  <testcase name="testP3bug3" time="3.672" classname="org.chocosolver.solver.PortFolioTest"/>
  <testcase name="testP3bug2" time="6.669" classname="org.chocosolver.solver.PortFolioTest"/>
  <testcase name="testP5" time="3.243" classname="org.chocosolver.solver.PortFolioTest"/>
</testsuite> <!-- org.chocosolver.solver.PortFolioTest -->
