<?xml version="1.0" encoding="UTF-8"?>
<!-- Generated by org.testng.reporters.JUnitReportReporter -->
<testsuite skipped="0" hostname="cyclone1" name="org.chocosolver.solver.constraints.nary.SumTest" tests="12" failures="0" timestamp="26 May 2018 19:10:34 GMT" time="0.057" errors="0">
  <testcase name="justBelow" time="0.001" classname="org.chocosolver.solver.constraints.nary.SumTest"/>
  <testcase name="testZeroElements" time="0.001" classname="org.chocosolver.solver.constraints.nary.SumTest"/>
  <testcase name="testSameVariableNoSolution" time="0.000" classname="org.chocosolver.solver.constraints.nary.SumTest"/>
  <testcase name="testNominal" time="0.046" classname="org.chocosolver.solver.constraints.nary.SumTest"/>
  <testcase name="testSimpleSum" time="0.001" classname="org.chocosolver.solver.constraints.nary.SumTest"/>
  <testcase name="testZero" time="0.001" classname="org.chocosolver.solver.constraints.nary.SumTest"/>
  <testcase name="testFH01" time="0.003" classname="org.chocosolver.solver.constraints.nary.SumTest"/>
  <testcase name="testJL01" time="0.001" classname="org.chocosolver.solver.constraints.nary.SumTest"/>
  <testcase name="testJustAbove" time="0.000" classname="org.chocosolver.solver.constraints.nary.SumTest"/>
  <testcase name="testSameVariableSolution" time="0.001" classname="org.chocosolver.solver.constraints.nary.SumTest"/>
  <testcase name="testNoExactSolution" time="0.001" classname="org.chocosolver.solver.constraints.nary.SumTest"/>
  <testcase name="testNoSolution" time="0.001" classname="org.chocosolver.solver.constraints.nary.SumTest"/>
</testsuite> <!-- org.chocosolver.solver.constraints.nary.SumTest -->
