<?xml version="1.0" encoding="UTF-8"?>
<!-- Generated by org.testng.reporters.JUnitReportReporter -->
<testsuite skipped="0" hostname="cyclone1" name="org.chocosolver.SuspiciousTest" tests="2" failures="0" timestamp="26 May 2018 19:10:34 GMT" time="0.021" errors="0">
  <testcase name="testBacktrack" time="0.004" classname="org.chocosolver.SuspiciousTest"/>
  <testcase name="testGregy4" time="0.017" classname="org.chocosolver.SuspiciousTest"/>
</testsuite> <!-- org.chocosolver.SuspiciousTest -->
