<?xml version="1.0" encoding="UTF-8"?>
<!-- Generated by org.testng.reporters.JUnitReportReporter -->
<testsuite skipped="0" hostname="cyclone1" name="org.chocosolver.solver.constraints.binary.DistanceTest" tests="3" failures="0" timestamp="26 May 2018 19:10:34 GMT" time="0.164" errors="0">
  <testcase name="test3" time="0.008" classname="org.chocosolver.solver.constraints.binary.DistanceTest"/>
  <testcase name="test1" time="0.047" classname="org.chocosolver.solver.constraints.binary.DistanceTest"/>
  <testcase name="test2" time="0.109" classname="org.chocosolver.solver.constraints.binary.DistanceTest"/>
</testsuite> <!-- org.chocosolver.solver.constraints.binary.DistanceTest -->
