<?xml version="1.0" encoding="UTF-8"?>
<!-- Generated by org.testng.reporters.JUnitReportReporter -->
<testsuite skipped="0" hostname="cyclone1" name="org.chocosolver.util.tools.ArrayUtilsTest" tests="40" failures="0" timestamp="26 May 2018 19:10:34 GMT" time="0.025" errors="0">
  <testcase name="testLinspace" time="0.000" classname="org.chocosolver.util.tools.ArrayUtilsTest"/>
  <testcase name="testSort" time="0.003" classname="org.chocosolver.util.tools.ArrayUtilsTest"/>
  <testcase name="testInverseSign" time="0.000" classname="org.chocosolver.util.tools.ArrayUtilsTest"/>
  <testcase name="testOneToN2" time="0.001" classname="org.chocosolver.util.tools.ArrayUtilsTest"/>
  <testcase name="testGetColumn4" time="0.001" classname="org.chocosolver.util.tools.ArrayUtilsTest"/>
  <testcase name="testZeroToN" time="0.000" classname="org.chocosolver.util.tools.ArrayUtilsTest"/>
  <testcase name="testOneToN" time="0.001" classname="org.chocosolver.util.tools.ArrayUtilsTest"/>
  <testcase name="testAppend" time="0.001" classname="org.chocosolver.util.tools.ArrayUtilsTest"/>
  <testcase name="toArray" time="0.000" classname="org.chocosolver.util.tools.ArrayUtilsTest"/>
  <testcase name="testZeroToN2" time="0.001" classname="org.chocosolver.util.tools.ArrayUtilsTest"/>
  <testcase name="testAppend1" time="0.000" classname="org.chocosolver.util.tools.ArrayUtilsTest"/>
  <testcase name="testReverse" time="0.000" classname="org.chocosolver.util.tools.ArrayUtilsTest"/>
  <testcase name="testFlatten2" time="0.000" classname="org.chocosolver.util.tools.ArrayUtilsTest"/>
  <testcase name="testTranspose1" time="0.001" classname="org.chocosolver.util.tools.ArrayUtilsTest"/>
  <testcase name="testLinspace2" time="0.001" classname="org.chocosolver.util.tools.ArrayUtilsTest"/>
  <testcase name="testArray3" time="0.001" classname="org.chocosolver.util.tools.ArrayUtilsTest"/>
  <testcase name="testFlatten1" time="0.000" classname="org.chocosolver.util.tools.ArrayUtilsTest"/>
  <testcase name="testArray" time="0.001" classname="org.chocosolver.util.tools.ArrayUtilsTest"/>
  <testcase name="testGetColumn6" time="0.000" classname="org.chocosolver.util.tools.ArrayUtilsTest"/>
  <testcase name="testGet1" time="0.002" classname="org.chocosolver.util.tools.ArrayUtilsTest"/>
  <testcase name="testReverse1" time="0.000" classname="org.chocosolver.util.tools.ArrayUtilsTest"/>
  <testcase name="testSwallowCopy1" time="0.001" classname="org.chocosolver.util.tools.ArrayUtilsTest"/>
  <testcase name="testGetColumn5" time="0.001" classname="org.chocosolver.util.tools.ArrayUtilsTest"/>
  <testcase name="testLength" time="0.001" classname="org.chocosolver.util.tools.ArrayUtilsTest"/>
  <testcase name="testGetColumn3" time="0.000" classname="org.chocosolver.util.tools.ArrayUtilsTest"/>
  <testcase name="testTranspose" time="0.000" classname="org.chocosolver.util.tools.ArrayUtilsTest"/>
  <testcase name="testPermutation" time="0.001" classname="org.chocosolver.util.tools.ArrayUtilsTest"/>
  <testcase name="testAppend4" time="0.000" classname="org.chocosolver.util.tools.ArrayUtilsTest"/>
  <testcase name="testGet" time="0.000" classname="org.chocosolver.util.tools.ArrayUtilsTest"/>
  <testcase name="testGetColumn1" time="0.001" classname="org.chocosolver.util.tools.ArrayUtilsTest"/>
  <testcase name="testFlatten" time="0.000" classname="org.chocosolver.util.tools.ArrayUtilsTest"/>
  <testcase name="testFlattenSubMatrix" time="0.001" classname="org.chocosolver.util.tools.ArrayUtilsTest"/>
  <testcase name="testCreateNonRedundantSortedValues" time="0.000" classname="org.chocosolver.util.tools.ArrayUtilsTest"/>
  <testcase name="testBinarySearchInc1" time="0.000" classname="org.chocosolver.util.tools.ArrayUtilsTest"/>
  <testcase name="testSwallowCopy" time="0.001" classname="org.chocosolver.util.tools.ArrayUtilsTest"/>
  <testcase name="testGetColumn" time="0.000" classname="org.chocosolver.util.tools.ArrayUtilsTest"/>
  <testcase name="testContains" time="0.001" classname="org.chocosolver.util.tools.ArrayUtilsTest"/>
  <testcase name="testReverse2" time="0.001" classname="org.chocosolver.util.tools.ArrayUtilsTest"/>
  <testcase name="testAppend3" time="0.001" classname="org.chocosolver.util.tools.ArrayUtilsTest"/>
  <testcase name="testArray2" time="0.001" classname="org.chocosolver.util.tools.ArrayUtilsTest"/>
</testsuite> <!-- org.chocosolver.util.tools.ArrayUtilsTest -->
