<?xml version="1.0" encoding="UTF-8"?>
<!-- Generated by org.testng.reporters.JUnitReportReporter -->
<testsuite skipped="0" hostname="cyclone1" name="org.chocosolver.solver.search.StrategyTest" tests="26" failures="0" timestamp="26 May 2018 19:10:34 GMT" time="8.068" errors="0">
  <testcase name="testMaxDelta2" time="0.001" classname="org.chocosolver.solver.search.StrategyTest"/>
  <testcase name="testOccurrence1" time="0.001" classname="org.chocosolver.solver.search.StrategyTest"/>
  <testcase name="testLargest2" time="0.000" classname="org.chocosolver.solver.search.StrategyTest"/>
  <testcase name="testLargest1" time="0.001" classname="org.chocosolver.solver.search.StrategyTest"/>
  <testcase name="AssignmentTest2" time="0.001" classname="org.chocosolver.solver.search.StrategyTest"/>
  <testcase name="testSmallest1" time="0.001" classname="org.chocosolver.solver.search.StrategyTest"/>
  <testcase name="testAntiFirstFail2" time="0.000" classname="org.chocosolver.solver.search.StrategyTest"/>
  <testcase name="testInputOrder" time="0.001" classname="org.chocosolver.solver.search.StrategyTest"/>
  <testcase name="testOnce" time="0.000" classname="org.chocosolver.solver.search.StrategyTest"/>
  <testcase name="testBound" time="8.037" classname="org.chocosolver.solver.search.StrategyTest"/>
  <testcase name="testFH3322" time="0.004" classname="org.chocosolver.solver.search.StrategyTest"/>
  <testcase name="testMaxDelta1" time="0.001" classname="org.chocosolver.solver.search.StrategyTest"/>
  <testcase name="testAntiFirstFail1" time="0.002" classname="org.chocosolver.solver.search.StrategyTest"/>
  <testcase name="testSmallest2" time="0.000" classname="org.chocosolver.solver.search.StrategyTest"/>
  <testcase name="testMaxRegret1" time="0.001" classname="org.chocosolver.solver.search.StrategyTest"/>
  <testcase name="testFirstFail1" time="0.001" classname="org.chocosolver.solver.search.StrategyTest"/>
  <testcase name="testFH3324" time="0.003" classname="org.chocosolver.solver.search.StrategyTest"/>
  <testcase name="testMinDelta1" time="0.001" classname="org.chocosolver.solver.search.StrategyTest"/>
  <testcase name="testFH33232" time="0.003" classname="org.chocosolver.solver.search.StrategyTest"/>
  <testcase name="testFirstFail2" time="0.000" classname="org.chocosolver.solver.search.StrategyTest"/>
  <testcase name="testMinDelta2" time="0.001" classname="org.chocosolver.solver.search.StrategyTest"/>
  <testcase name="testOccurrence2" time="0.001" classname="org.chocosolver.solver.search.StrategyTest"/>
  <testcase name="testNoScope" time="0.001" classname="org.chocosolver.solver.search.StrategyTest"/>
  <testcase name="testMaxRegret2" time="0.001" classname="org.chocosolver.solver.search.StrategyTest"/>
  <testcase name="testFH3321" time="0.004" classname="org.chocosolver.solver.search.StrategyTest"/>
  <testcase name="AssignmentTest" time="0.001" classname="org.chocosolver.solver.search.StrategyTest"/>
</testsuite> <!-- org.chocosolver.solver.search.StrategyTest -->
