<?xml version="1.0" encoding="UTF-8"?>
<!-- Generated by org.testng.reporters.JUnitReportReporter -->
<testsuite skipped="0" hostname="cyclone1" name="org.chocosolver.solver.constraints.set.MemberSetTest" tests="2" failures="0" timestamp="26 May 2018 19:10:34 GMT" time="1.835" errors="0">
  <testcase name="testJL253_enum" time="1.060" classname="org.chocosolver.solver.constraints.set.MemberSetTest"/>
  <testcase name="testJL253_bound" time="0.775" classname="org.chocosolver.solver.constraints.set.MemberSetTest"/>
</testsuite> <!-- org.chocosolver.solver.constraints.set.MemberSetTest -->
