<?xml version="1.0" encoding="UTF-8"?>
<!-- Generated by org.testng.reporters.JUnitReportReporter -->
<testsuite skipped="0" hostname="cyclone1" name="org.chocosolver.util.objects.setDataStructures.backtrackable.ConstantSetsTest" tests="2" failures="0" timestamp="26 May 2018 19:10:34 GMT" time="0.006" errors="0">
  <testcase name="testCstIntervalSet" time="0.002" classname="org.chocosolver.util.objects.setDataStructures.backtrackable.ConstantSetsTest"/>
  <testcase name="testCstArraySet" time="0.004" classname="org.chocosolver.util.objects.setDataStructures.backtrackable.ConstantSetsTest"/>
</testsuite> <!-- org.chocosolver.util.objects.setDataStructures.backtrackable.ConstantSetsTest -->
