<?xml version="1.0" encoding="UTF-8"?>
<!-- Generated by org.testng.reporters.JUnitReportReporter -->
<testsuite skipped="0" hostname="cyclone1" name="org.chocosolver.solver.variables.fast.IntervalIntVarImplTest" tests="39" failures="0" timestamp="26 May 2018 19:10:34 GMT" time="0.011" errors="0">
  <testcase name="testGetLB" time="0.001" classname="org.chocosolver.solver.variables.fast.IntervalIntVarImplTest"/>
  <testcase name="testRemVals5" time="0.001" classname="org.chocosolver.solver.variables.fast.IntervalIntVarImplTest"/>
  <testcase name="testRemValsBut31" time="0.001" classname="org.chocosolver.solver.variables.fast.IntervalIntVarImplTest"/>
  <testcase name="testRemValsBut21" time="0.001" classname="org.chocosolver.solver.variables.fast.IntervalIntVarImplTest"/>
  <testcase name="testGetRangeIterator" time="0.000" classname="org.chocosolver.solver.variables.fast.IntervalIntVarImplTest"/>
  <testcase name="testRemValsBut42" time="0.000" classname="org.chocosolver.solver.variables.fast.IntervalIntVarImplTest"/>
  <testcase name="testUpdBounds2" time="0.000" classname="org.chocosolver.solver.variables.fast.IntervalIntVarImplTest"/>
  <testcase name="testRemValsBut9" time="0.000" classname="org.chocosolver.solver.variables.fast.IntervalIntVarImplTest"/>
  <testcase name="testHasEnumeratedDomain" time="0.000" classname="org.chocosolver.solver.variables.fast.IntervalIntVarImplTest"/>
  <testcase name="testRemValsBut41" time="0.000" classname="org.chocosolver.solver.variables.fast.IntervalIntVarImplTest"/>
  <testcase name="testPreviousOut1" time="0.000" classname="org.chocosolver.solver.variables.fast.IntervalIntVarImplTest"/>
  <testcase name="testRemValsBut8" time="0.000" classname="org.chocosolver.solver.variables.fast.IntervalIntVarImplTest"/>
  <testcase name="testPreviousOut2" time="0.000" classname="org.chocosolver.solver.variables.fast.IntervalIntVarImplTest"/>
  <testcase name="testRemVals3" time="0.000" classname="org.chocosolver.solver.variables.fast.IntervalIntVarImplTest"/>
  <testcase name="testRemVals42" time="0.001" classname="org.chocosolver.solver.variables.fast.IntervalIntVarImplTest"/>
  <testcase name="testGetValueIterator" time="0.000" classname="org.chocosolver.solver.variables.fast.IntervalIntVarImplTest"/>
  <testcase name="testGetDomainSize" time="0.001" classname="org.chocosolver.solver.variables.fast.IntervalIntVarImplTest"/>
  <testcase name="testRemValsBut3" time="0.000" classname="org.chocosolver.solver.variables.fast.IntervalIntVarImplTest"/>
  <testcase name="testRemoveInterval" time="0.000" classname="org.chocosolver.solver.variables.fast.IntervalIntVarImplTest"/>
  <testcase name="testGetUB" time="0.000" classname="org.chocosolver.solver.variables.fast.IntervalIntVarImplTest"/>
  <testcase name="testGetTypeAndKind" time="0.000" classname="org.chocosolver.solver.variables.fast.IntervalIntVarImplTest"/>
  <testcase name="testRemoveValue" time="0.000" classname="org.chocosolver.solver.variables.fast.IntervalIntVarImplTest"/>
  <testcase name="testUpdateUpperBound" time="0.000" classname="org.chocosolver.solver.variables.fast.IntervalIntVarImplTest"/>
  <testcase name="testRemVals31" time="0.001" classname="org.chocosolver.solver.variables.fast.IntervalIntVarImplTest"/>
  <testcase name="testNextOut1" time="0.000" classname="org.chocosolver.solver.variables.fast.IntervalIntVarImplTest"/>
  <testcase name="testUpdBounds1" time="0.001" classname="org.chocosolver.solver.variables.fast.IntervalIntVarImplTest"/>
  <testcase name="testNextValue" time="0.000" classname="org.chocosolver.solver.variables.fast.IntervalIntVarImplTest"/>
  <testcase name="testUpdateLowerBound" time="0.000" classname="org.chocosolver.solver.variables.fast.IntervalIntVarImplTest"/>
  <testcase name="testRemValsBut1" time="0.000" classname="org.chocosolver.solver.variables.fast.IntervalIntVarImplTest"/>
  <testcase name="testRemVals41" time="0.000" classname="org.chocosolver.solver.variables.fast.IntervalIntVarImplTest"/>
  <testcase name="testNextOut2" time="0.000" classname="org.chocosolver.solver.variables.fast.IntervalIntVarImplTest"/>
  <testcase name="testPreviousValue" time="0.000" classname="org.chocosolver.solver.variables.fast.IntervalIntVarImplTest"/>
  <testcase name="testUpdBounds5" time="0.001" classname="org.chocosolver.solver.variables.fast.IntervalIntVarImplTest"/>
  <testcase name="testRemVals21" time="0.000" classname="org.chocosolver.solver.variables.fast.IntervalIntVarImplTest"/>
  <testcase name="testUpdBounds4" time="0.000" classname="org.chocosolver.solver.variables.fast.IntervalIntVarImplTest"/>
  <testcase name="testRemVals1" time="0.000" classname="org.chocosolver.solver.variables.fast.IntervalIntVarImplTest"/>
  <testcase name="testRemVals22" time="0.001" classname="org.chocosolver.solver.variables.fast.IntervalIntVarImplTest"/>
  <testcase name="testUpdBounds3" time="0.001" classname="org.chocosolver.solver.variables.fast.IntervalIntVarImplTest"/>
  <testcase name="testRemValsBut22" time="0.000" classname="org.chocosolver.solver.variables.fast.IntervalIntVarImplTest"/>
</testsuite> <!-- org.chocosolver.solver.variables.fast.IntervalIntVarImplTest -->
