<?xml version="1.0" encoding="UTF-8"?>
<!-- Generated by org.testng.reporters.JUnitReportReporter -->
<testsuite skipped="0" hostname="cyclone1" name="org.chocosolver.solver.constraints.nary.KeysortingTest" tests="10" failures="0" timestamp="26 May 2018 19:10:34 GMT" time="0.030" errors="0">
  <testcase name="test5" time="0.005" classname="org.chocosolver.solver.constraints.nary.KeysortingTest"/>
  <testcase name="test03" time="0.001" classname="org.chocosolver.solver.constraints.nary.KeysortingTest"/>
  <testcase name="test1" time="0.015" classname="org.chocosolver.solver.constraints.nary.KeysortingTest"/>
  <testcase name="test04" time="0.001" classname="org.chocosolver.solver.constraints.nary.KeysortingTest"/>
  <testcase name="test2" time="0.000" classname="org.chocosolver.solver.constraints.nary.KeysortingTest"/>
  <testcase name="test3" time="0.001" classname="org.chocosolver.solver.constraints.nary.KeysortingTest"/>
  <testcase name="test01" time="0.001" classname="org.chocosolver.solver.constraints.nary.KeysortingTest"/>
  <testcase name="test4" time="0.001" classname="org.chocosolver.solver.constraints.nary.KeysortingTest"/>
  <testcase name="test02" time="0.001" classname="org.chocosolver.solver.constraints.nary.KeysortingTest"/>
  <testcase name="test6" time="0.004" classname="org.chocosolver.solver.constraints.nary.KeysortingTest"/>
</testsuite> <!-- org.chocosolver.solver.constraints.nary.KeysortingTest -->
