<?xml version="1.0" encoding="UTF-8"?>
<!-- Generated by org.testng.reporters.JUnitReportReporter -->
<testsuite skipped="0" hostname="cyclone1" name="org.chocosolver.solver.variables.ViewsTest" tests="37" failures="0" timestamp="26 May 2018 19:10:34 GMT" time="87.677" errors="0">
  <testcase name="test1d" time="0.002" classname="org.chocosolver.solver.variables.ViewsTest"/>
  <testcase name="testBoolNotNot" time="0.208" classname="org.chocosolver.solver.variables.ViewsTest"/>
  <testcase name="test1d" time="0.956" classname="org.chocosolver.solver.variables.ViewsTest"/>
  <testcase name="test1bb" time="0.748" classname="org.chocosolver.solver.variables.ViewsTest"/>
  <testcase name="testJL2" time="0.001" classname="org.chocosolver.solver.variables.ViewsTest"/>
  <testcase name="testJL1" time="0.001" classname="org.chocosolver.solver.variables.ViewsTest"/>
  <testcase name="test1a" time="1.124" classname="org.chocosolver.solver.variables.ViewsTest"/>
  <testcase name="test1d" time="0.115" classname="org.chocosolver.solver.variables.ViewsTest"/>
  <testcase name="testJL3" time="0.001" classname="org.chocosolver.solver.variables.ViewsTest"/>
  <testcase name="testTernArithmBC" time="0.000" classname="org.chocosolver.solver.variables.ViewsTest"/>
  <testcase name="test1d" time="69.585" classname="org.chocosolver.solver.variables.ViewsTest"/>
  <testcase name="testScale" time="0.004" classname="org.chocosolver.solver.variables.ViewsTest"/>
  <testcase name="test5" time="0.137" classname="org.chocosolver.solver.variables.ViewsTest"/>
  <testcase name="test6" time="1.017" classname="org.chocosolver.solver.variables.ViewsTest"/>
  <testcase name="testJG2" time="0.001" classname="org.chocosolver.solver.variables.ViewsTest"/>
  <testcase name="test1d" time="0.001" classname="org.chocosolver.solver.variables.ViewsTest"/>
  <testcase name="test4" time="0.120" classname="org.chocosolver.solver.variables.ViewsTest"/>
  <testcase name="testJL4" time="0.001" classname="org.chocosolver.solver.variables.ViewsTest"/>
  <testcase name="testvanH" time="0.001" classname="org.chocosolver.solver.variables.ViewsTest"/>
  <testcase name="test3" time="0.139" classname="org.chocosolver.solver.variables.ViewsTest"/>
  <testcase name="testCP01" time="0.032" classname="org.chocosolver.solver.variables.ViewsTest"/>
  <testcase name="test1d" time="8.106" classname="org.chocosolver.solver.variables.ViewsTest"/>
  <testcase name="testBoolNot" time="0.266" classname="org.chocosolver.solver.variables.ViewsTest"/>
  <testcase name="test2" time="1.521" classname="org.chocosolver.solver.variables.ViewsTest"/>
  <testcase name="testJG3" time="0.000" classname="org.chocosolver.solver.variables.ViewsTest"/>
  <testcase name="test1d" time="0.015" classname="org.chocosolver.solver.variables.ViewsTest"/>
  <testcase name="testJG4" time="0.000" classname="org.chocosolver.solver.variables.ViewsTest"/>
  <testcase name="test1c" time="0.457" classname="org.chocosolver.solver.variables.ViewsTest"/>
  <testcase name="testMinus" time="0.230" classname="org.chocosolver.solver.variables.ViewsTest"/>
  <testcase name="testJG" time="0.001" classname="org.chocosolver.solver.variables.ViewsTest"/>
  <testcase name="testOffset" time="0.002" classname="org.chocosolver.solver.variables.ViewsTest"/>
  <testcase name="test1" time="1.598" classname="org.chocosolver.solver.variables.ViewsTest"/>
  <testcase name="test1b" time="0.606" classname="org.chocosolver.solver.variables.ViewsTest"/>
  <testcase name="testa" time="0.011" classname="org.chocosolver.solver.variables.ViewsTest"/>
  <testcase name="testTernArithmAC" time="0.001" classname="org.chocosolver.solver.variables.ViewsTest"/>
  <testcase name="test1bbb" time="0.666" classname="org.chocosolver.solver.variables.ViewsTest"/>
  <testcase name="test1f" time="0.003" classname="org.chocosolver.solver.variables.ViewsTest"/>
</testsuite> <!-- org.chocosolver.solver.variables.ViewsTest -->
