<?xml version="1.0" encoding="UTF-8"?>
<!-- Generated by org.testng.reporters.JUnitReportReporter -->
<testsuite skipped="0" hostname="cyclone1" name="org.chocosolver.solver.search.restart.RestartTest" tests="4" failures="0" timestamp="26 May 2018 19:10:34 GMT" time="15.523" errors="0">
  <testcase name="testLubyRestart1" time="0.000" classname="org.chocosolver.solver.search.restart.RestartTest"/>
  <testcase name="testGeometricalRestart2" time="0.006" classname="org.chocosolver.solver.search.restart.RestartTest"/>
  <testcase name="test1" time="15.514" classname="org.chocosolver.solver.search.restart.RestartTest"/>
  <testcase name="testGeometricalRestart1" time="0.003" classname="org.chocosolver.solver.search.restart.RestartTest"/>
</testsuite> <!-- org.chocosolver.solver.search.restart.RestartTest -->
