<?xml version="1.0" encoding="UTF-8"?>
<!-- Generated by org.testng.reporters.JUnitReportReporter -->
<testsuite skipped="0" hostname="cyclone1" name="org.chocosolver.solver.constraints.nary.sum.IntLinCombTest" tests="88" failures="0" timestamp="26 May 2018 19:10:34 GMT" time="81.760" errors="0">
  <testcase name="testRFP3" time="0.005" classname="org.chocosolver.solver.constraints.nary.sum.IntLinCombTest"/>
  <testcase name="testLT" time="0.001" classname="org.chocosolver.solver.constraints.nary.sum.IntLinCombTest"/>
  <testcase name="testSmallSumsNE" time="0.005" classname="org.chocosolver.solver.constraints.nary.sum.IntLinCombTest"/>
  <testcase name="testDec2" time="6.028" classname="org.chocosolver.solver.constraints.nary.sum.IntLinCombTest"/>
  <testcase name="testSumvsIntLinCombTest4" time="0.154" classname="org.chocosolver.solver.constraints.nary.sum.IntLinCombTest"/>
  <testcase name="testRFP1" time="0.043" classname="org.chocosolver.solver.constraints.nary.sum.IntLinCombTest"/>
  <testcase name="testRFP2" time="0.037" classname="org.chocosolver.solver.constraints.nary.sum.IntLinCombTest"/>
  <testcase name="testJL3" time="0.000" classname="org.chocosolver.solver.constraints.nary.sum.IntLinCombTest"/>
  <testcase name="testD4" time="0.000" classname="org.chocosolver.solver.constraints.nary.sum.IntLinCombTest"/>
  <testcase name="testNeq" time="0.002" classname="org.chocosolver.solver.constraints.nary.sum.IntLinCombTest"/>
  <testcase name="testOpp1strict" time="0.000" classname="org.chocosolver.solver.constraints.nary.sum.IntLinCombTest"/>
  <testcase name="testSumvsIntLinCombTest3" time="0.037" classname="org.chocosolver.solver.constraints.nary.sum.IntLinCombTest"/>
  <testcase name="testS2_coeff_null" time="0.000" classname="org.chocosolver.solver.constraints.nary.sum.IntLinCombTest"/>
  <testcase name="testDec2" time="1.994" classname="org.chocosolver.solver.constraints.nary.sum.IntLinCombTest"/>
  <testcase name="testSmallSumsGT" time="0.001" classname="org.chocosolver.solver.constraints.nary.sum.IntLinCombTest"/>
  <testcase name="testB4" time="0.001" classname="org.chocosolver.solver.constraints.nary.sum.IntLinCombTest"/>
  <testcase name="testD5" time="0.001" classname="org.chocosolver.solver.constraints.nary.sum.IntLinCombTest"/>
  <testcase name="testSmallSumsLE" time="0.001" classname="org.chocosolver.solver.constraints.nary.sum.IntLinCombTest"/>
  <testcase name="testJL4" time="0.001" classname="org.chocosolver.solver.constraints.nary.sum.IntLinCombTest"/>
  <testcase name="testLE" time="0.001" classname="org.chocosolver.solver.constraints.nary.sum.IntLinCombTest"/>
  <testcase name="testOpp2" time="0.000" classname="org.chocosolver.solver.constraints.nary.sum.IntLinCombTest"/>
  <testcase name="testD2" time="0.000" classname="org.chocosolver.solver.constraints.nary.sum.IntLinCombTest"/>
  <testcase name="testD20" time="0.000" classname="org.chocosolver.solver.constraints.nary.sum.IntLinCombTest"/>
  <testcase name="testD9" time="0.001" classname="org.chocosolver.solver.constraints.nary.sum.IntLinCombTest"/>
  <testcase name="testDec1" time="2.503" classname="org.chocosolver.solver.constraints.nary.sum.IntLinCombTest"/>
  <testcase name="testB1" time="5.164" classname="org.chocosolver.solver.constraints.nary.sum.IntLinCombTest"/>
  <testcase name="testD13" time="0.000" classname="org.chocosolver.solver.constraints.nary.sum.IntLinCombTest"/>
  <testcase name="testB5" time="0.001" classname="org.chocosolver.solver.constraints.nary.sum.IntLinCombTest"/>
  <testcase name="testSumvsIntLinCombTest2" time="0.069" classname="org.chocosolver.solver.constraints.nary.sum.IntLinCombTest"/>
  <testcase name="testB7" time="0.000" classname="org.chocosolver.solver.constraints.nary.sum.IntLinCombTest"/>
  <testcase name="testGE" time="0.002" classname="org.chocosolver.solver.constraints.nary.sum.IntLinCombTest"/>
  <testcase name="testOpp1" time="0.001" classname="org.chocosolver.solver.constraints.nary.sum.IntLinCombTest"/>
  <testcase name="testDec1" time="1.636" classname="org.chocosolver.solver.constraints.nary.sum.IntLinCombTest"/>
  <testcase name="testB6" time="0.001" classname="org.chocosolver.solver.constraints.nary.sum.IntLinCombTest"/>
  <testcase name="testB2" time="0.000" classname="org.chocosolver.solver.constraints.nary.sum.IntLinCombTest"/>
  <testcase name="testD6" time="0.000" classname="org.chocosolver.solver.constraints.nary.sum.IntLinCombTest"/>
  <testcase name="testDec1" time="1.270" classname="org.chocosolver.solver.constraints.nary.sum.IntLinCombTest"/>
  <testcase name="testSmallSumsEQ" time="0.004" classname="org.chocosolver.solver.constraints.nary.sum.IntLinCombTest"/>
  <testcase name="testSumvsIntLinCombTest" time="21.227" classname="org.chocosolver.solver.constraints.nary.sum.IntLinCombTest"/>
  <testcase name="testJL1" time="0.000" classname="org.chocosolver.solver.constraints.nary.sum.IntLinCombTest"/>
  <testcase name="testOpp4" time="0.000" classname="org.chocosolver.solver.constraints.nary.sum.IntLinCombTest"/>
  <testcase name="testSumvsIntLinCombTest2" time="0.060" classname="org.chocosolver.solver.constraints.nary.sum.IntLinCombTest"/>
  <testcase name="testUSum1" time="0.000" classname="org.chocosolver.solver.constraints.nary.sum.IntLinCombTest"/>
  <testcase name="testExt2" time="0.001" classname="org.chocosolver.solver.constraints.nary.sum.IntLinCombTest"/>
  <testcase name="testOpp4strict" time="0.000" classname="org.chocosolver.solver.constraints.nary.sum.IntLinCombTest"/>
  <testcase name="testD3" time="0.000" classname="org.chocosolver.solver.constraints.nary.sum.IntLinCombTest"/>
  <testcase name="testDec2" time="4.120" classname="org.chocosolver.solver.constraints.nary.sum.IntLinCombTest"/>
  <testcase name="testNE" time="0.002" classname="org.chocosolver.solver.constraints.nary.sum.IntLinCombTest"/>
  <testcase name="testSmallSumsGE" time="0.001" classname="org.chocosolver.solver.constraints.nary.sum.IntLinCombTest"/>
  <testcase name="testSumvsIntLinCombTest4" time="0.125" classname="org.chocosolver.solver.constraints.nary.sum.IntLinCombTest"/>
  <testcase name="testUSum2" time="0.001" classname="org.chocosolver.solver.constraints.nary.sum.IntLinCombTest"/>
  <testcase name="testDec1" time="4.513" classname="org.chocosolver.solver.constraints.nary.sum.IntLinCombTest"/>
  <testcase name="testDec2" time="1.012" classname="org.chocosolver.solver.constraints.nary.sum.IntLinCombTest"/>
  <testcase name="testJG1" time="0.004" classname="org.chocosolver.solver.constraints.nary.sum.IntLinCombTest"/>
  <testcase name="testIss237_1" time="0.001" classname="org.chocosolver.solver.constraints.nary.sum.IntLinCombTest"/>
  <testcase name="testD15" time="0.000" classname="org.chocosolver.solver.constraints.nary.sum.IntLinCombTest"/>
  <testcase name="testB71" time="0.001" classname="org.chocosolver.solver.constraints.nary.sum.IntLinCombTest"/>
  <testcase name="testUSum1" time="0.001" classname="org.chocosolver.solver.constraints.nary.sum.IntLinCombTest"/>
  <testcase name="testD14" time="0.001" classname="org.chocosolver.solver.constraints.nary.sum.IntLinCombTest"/>
  <testcase name="testB3" time="0.000" classname="org.chocosolver.solver.constraints.nary.sum.IntLinCombTest"/>
  <testcase name="testOpp3" time="0.000" classname="org.chocosolver.solver.constraints.nary.sum.IntLinCombTest"/>
  <testcase name="testD1" time="0.000" classname="org.chocosolver.solver.constraints.nary.sum.IntLinCombTest"/>
  <testcase name="testD8" time="0.000" classname="org.chocosolver.solver.constraints.nary.sum.IntLinCombTest"/>
  <testcase name="testExt3" time="0.009" classname="org.chocosolver.solver.constraints.nary.sum.IntLinCombTest"/>
  <testcase name="testSumvsIntLinCombTest3" time="0.041" classname="org.chocosolver.solver.constraints.nary.sum.IntLinCombTest"/>
  <testcase name="testEq" time="0.003" classname="org.chocosolver.solver.constraints.nary.sum.IntLinCombTest"/>
  <testcase name="testD12" time="0.000" classname="org.chocosolver.solver.constraints.nary.sum.IntLinCombTest"/>
  <testcase name="testJG2" time="0.002" classname="org.chocosolver.solver.constraints.nary.sum.IntLinCombTest"/>
  <testcase name="testGeq" time="0.001" classname="org.chocosolver.solver.constraints.nary.sum.IntLinCombTest"/>
  <testcase name="testDec2" time="3.176" classname="org.chocosolver.solver.constraints.nary.sum.IntLinCombTest"/>
  <testcase name="testExt1" time="0.001" classname="org.chocosolver.solver.constraints.nary.sum.IntLinCombTest"/>
  <testcase name="testD7" time="0.001" classname="org.chocosolver.solver.constraints.nary.sum.IntLinCombTest"/>
  <testcase name="testD11" time="0.001" classname="org.chocosolver.solver.constraints.nary.sum.IntLinCombTest"/>
  <testcase name="testSumvsIntLinCombTest" time="21.722" classname="org.chocosolver.solver.constraints.nary.sum.IntLinCombTest"/>
  <testcase name="testJL2" time="0.000" classname="org.chocosolver.solver.constraints.nary.sum.IntLinCombTest"/>
  <testcase name="testDec2" time="2.401" classname="org.chocosolver.solver.constraints.nary.sum.IntLinCombTest"/>
  <testcase name="testUSum2" time="0.000" classname="org.chocosolver.solver.constraints.nary.sum.IntLinCombTest"/>
  <testcase name="testEQ" time="0.003" classname="org.chocosolver.solver.constraints.nary.sum.IntLinCombTest"/>
  <testcase name="testS1_coeff_null" time="0.001" classname="org.chocosolver.solver.constraints.nary.sum.IntLinCombTest"/>
  <testcase name="testD16" time="0.001" classname="org.chocosolver.solver.constraints.nary.sum.IntLinCombTest"/>
  <testcase name="testD10" time="0.000" classname="org.chocosolver.solver.constraints.nary.sum.IntLinCombTest"/>
  <testcase name="testJL082016" time="0.053" classname="org.chocosolver.solver.constraints.nary.sum.IntLinCombTest"/>
  <testcase name="testGT" time="0.001" classname="org.chocosolver.solver.constraints.nary.sum.IntLinCombTest"/>
  <testcase name="testDec1" time="1.429" classname="org.chocosolver.solver.constraints.nary.sum.IntLinCombTest"/>
  <testcase name="testB61" time="0.000" classname="org.chocosolver.solver.constraints.nary.sum.IntLinCombTest"/>
  <testcase name="testSmallSumsLT" time="0.001" classname="org.chocosolver.solver.constraints.nary.sum.IntLinCombTest"/>
  <testcase name="testDec1" time="2.879" classname="org.chocosolver.solver.constraints.nary.sum.IntLinCombTest"/>
  <testcase name="testLeq" time="0.000" classname="org.chocosolver.solver.constraints.nary.sum.IntLinCombTest"/>
</testsuite> <!-- org.chocosolver.solver.constraints.nary.sum.IntLinCombTest -->
