<?xml version="1.0" encoding="UTF-8"?>
<!-- Generated by org.testng.reporters.JUnitReportReporter -->
<testsuite skipped="0" hostname="cyclone1" name="org.chocosolver.solver.search.restart.NoGoodOnSolutionTest" tests="9" failures="0" timestamp="26 May 2018 19:10:34 GMT" time="2.674" errors="0">
  <testcase name="testANG" time="0.469" classname="org.chocosolver.solver.search.restart.NoGoodOnSolutionTest"/>
  <testcase name="testRoSNG" time="0.748" classname="org.chocosolver.solver.search.restart.NoGoodOnSolutionTest"/>
  <testcase name="testNormal" time="0.266" classname="org.chocosolver.solver.search.restart.NoGoodOnSolutionTest"/>
  <testcase name="testA" time="0.470" classname="org.chocosolver.solver.search.restart.NoGoodOnSolutionTest"/>
  <testcase name="testNQ3" time="0.003" classname="org.chocosolver.solver.search.restart.NoGoodOnSolutionTest"/>
  <testcase name="testRoS" time="0.386" classname="org.chocosolver.solver.search.restart.NoGoodOnSolutionTest"/>
  <testcase name="testNQ4" time="0.008" classname="org.chocosolver.solver.search.restart.NoGoodOnSolutionTest"/>
  <testcase name="testNQ" time="0.284" classname="org.chocosolver.solver.search.restart.NoGoodOnSolutionTest"/>
  <testcase name="testNQ2" time="0.040" classname="org.chocosolver.solver.search.restart.NoGoodOnSolutionTest"/>
</testsuite> <!-- org.chocosolver.solver.search.restart.NoGoodOnSolutionTest -->
