<?xml version="1.0" encoding="UTF-8"?>
<!-- Generated by org.testng.reporters.JUnitReportReporter -->
<testsuite skipped="0" hostname="cyclone1" name="org.chocosolver.solver.search.strategy.decision.DecisionMakerTest" tests="5" failures="0" timestamp="26 May 2018 19:10:34 GMT" time="0.019" errors="0">
  <testcase name="testMakeRealDecision" time="0.001" classname="org.chocosolver.solver.search.strategy.decision.DecisionMakerTest"/>
  <testcase name="testSerializeIntDecision" time="0.013" classname="org.chocosolver.solver.search.strategy.decision.DecisionMakerTest"/>
  <testcase name="testMakeIntDecision" time="0.001" classname="org.chocosolver.solver.search.strategy.decision.DecisionMakerTest"/>
  <testcase name="testMakeSetDecision" time="0.001" classname="org.chocosolver.solver.search.strategy.decision.DecisionMakerTest"/>
  <testcase name="testSerializeSetDecision" time="0.003" classname="org.chocosolver.solver.search.strategy.decision.DecisionMakerTest"/>
</testsuite> <!-- org.chocosolver.solver.search.strategy.decision.DecisionMakerTest -->
