<?xml version="1.0" encoding="UTF-8"?>
<!-- Generated by org.testng.reporters.JUnitReportReporter -->
<testsuite skipped="0" hostname="cyclone1" name="org.chocosolver.util.MDDTest" tests="8" failures="0" timestamp="26 May 2018 19:10:34 GMT" time="0.006" errors="0">
  <testcase name="test4" time="0.000" classname="org.chocosolver.util.MDDTest"/>
  <testcase name="test7" time="0.001" classname="org.chocosolver.util.MDDTest"/>
  <testcase name="test1" time="0.001" classname="org.chocosolver.util.MDDTest"/>
  <testcase name="test3" time="0.000" classname="org.chocosolver.util.MDDTest"/>
  <testcase name="test6" time="0.001" classname="org.chocosolver.util.MDDTest"/>
  <testcase name="test2" time="0.000" classname="org.chocosolver.util.MDDTest"/>
  <testcase name="test0" time="0.001" classname="org.chocosolver.util.MDDTest"/>
  <testcase name="test5" time="0.002" classname="org.chocosolver.util.MDDTest"/>
</testsuite> <!-- org.chocosolver.util.MDDTest -->
