<?xml version="1.0" encoding="UTF-8"?>
<!-- Generated by org.testng.reporters.JUnitReportReporter -->
<testsuite skipped="0" hostname="cyclone1" name="org.chocosolver.solver.constraints.nary.AllDifferentTest" tests="10" failures="0" timestamp="26 May 2018 19:10:34 GMT" time="9.268" errors="0">
  <testcase name="test6" time="9.231" classname="org.chocosolver.solver.constraints.nary.AllDifferentTest"/>
  <testcase name="test1" time="0.025" classname="org.chocosolver.solver.constraints.nary.AllDifferentTest"/>
  <testcase name="test3" time="0.001" classname="org.chocosolver.solver.constraints.nary.AllDifferentTest"/>
  <testcase name="testB" time="0.001" classname="org.chocosolver.solver.constraints.nary.AllDifferentTest"/>
  <testcase name="testE" time="0.001" classname="org.chocosolver.solver.constraints.nary.AllDifferentTest"/>
  <testcase name="testXXX" time="0.000" classname="org.chocosolver.solver.constraints.nary.AllDifferentTest"/>
  <testcase name="testXX" time="0.000" classname="org.chocosolver.solver.constraints.nary.AllDifferentTest"/>
  <testcase name="testB1" time="0.000" classname="org.chocosolver.solver.constraints.nary.AllDifferentTest"/>
  <testcase name="test4" time="0.001" classname="org.chocosolver.solver.constraints.nary.AllDifferentTest"/>
  <testcase name="test2" time="0.008" classname="org.chocosolver.solver.constraints.nary.AllDifferentTest"/>
</testsuite> <!-- org.chocosolver.solver.constraints.nary.AllDifferentTest -->
