<?xml version="1.0" encoding="UTF-8"?>
<!-- Generated by org.testng.reporters.JUnitReportReporter -->
<testsuite skipped="0" hostname="cyclone1" name="org.chocosolver.solver.constraints.nary.BinPackingTest" tests="5" failures="0" timestamp="26 May 2018 19:10:34 GMT" time="0.012" errors="0">
  <testcase name="test2" time="0.003" classname="org.chocosolver.solver.constraints.nary.BinPackingTest"/>
  <testcase name="testFixedLoadBackPropag" time="0.001" classname="org.chocosolver.solver.constraints.nary.BinPackingTest"/>
  <testcase name="test3" time="0.001" classname="org.chocosolver.solver.constraints.nary.BinPackingTest"/>
  <testcase name="test2" time="0.006" classname="org.chocosolver.solver.constraints.nary.BinPackingTest"/>
  <testcase name="test3" time="0.001" classname="org.chocosolver.solver.constraints.nary.BinPackingTest"/>
</testsuite> <!-- org.chocosolver.solver.constraints.nary.BinPackingTest -->
