<?xml version="1.0" encoding="UTF-8"?>
<!-- Generated by org.testng.reporters.JUnitReportReporter -->
<testsuite skipped="0" hostname="cyclone1" name="org.chocosolver.util.objects.setDataStructures.backtrackable.BipartiteSetTest" tests="36" failures="0" timestamp="26 May 2018 19:10:34 GMT" time="0.061" errors="0">
  <testcase name="testPopUntilZero" time="0.001" classname="org.chocosolver.util.objects.setDataStructures.backtrackable.BipartiteSetTest"/>
  <testcase name="testPopUntilZero" time="0.000" classname="org.chocosolver.util.objects.setDataStructures.backtrackable.BipartiteSetTest"/>
  <testcase name="testTwoSets" time="0.001" classname="org.chocosolver.util.objects.setDataStructures.backtrackable.BipartiteSetTest"/>
  <testcase name="testEquals" time="0.001" classname="org.chocosolver.util.objects.setDataStructures.backtrackable.BipartiteSetTest"/>
  <testcase name="testAddNegativeKO" time="0.001" classname="org.chocosolver.util.objects.setDataStructures.backtrackable.BipartiteSetTest"/>
  <testcase name="testVoidPushes" time="0.001" classname="org.chocosolver.util.objects.setDataStructures.backtrackable.BipartiteSetTest"/>
  <testcase name="testEmptyMin" time="0.001" classname="org.chocosolver.util.objects.setDataStructures.backtrackable.BipartiteSetTest"/>
  <testcase name="testRemoveInLoop" time="0.001" classname="org.chocosolver.util.objects.setDataStructures.backtrackable.BipartiteSetTest"/>
  <testcase name="testSeveralPushes" time="0.004" classname="org.chocosolver.util.objects.setDataStructures.backtrackable.BipartiteSetTest"/>
  <testcase name="testIteratorLength" time="0.001" classname="org.chocosolver.util.objects.setDataStructures.backtrackable.BipartiteSetTest"/>
  <testcase name="testMinMax" time="0.001" classname="org.chocosolver.util.objects.setDataStructures.backtrackable.BipartiteSetTest"/>
  <testcase name="testNewIterator" time="0.001" classname="org.chocosolver.util.objects.setDataStructures.backtrackable.BipartiteSetTest"/>
  <testcase name="testAddNominal" time="0.001" classname="org.chocosolver.util.objects.setDataStructures.backtrackable.BipartiteSetTest"/>
  <testcase name="testAddNominal2" time="0.000" classname="org.chocosolver.util.objects.setDataStructures.backtrackable.BipartiteSetTest"/>
  <testcase name="testNominal" time="0.000" classname="org.chocosolver.util.objects.setDataStructures.backtrackable.BipartiteSetTest"/>
  <testcase name="testTwoPushes" time="0.000" classname="org.chocosolver.util.objects.setDataStructures.backtrackable.BipartiteSetTest"/>
  <testcase name="testRemoveInLoop" time="0.000" classname="org.chocosolver.util.objects.setDataStructures.backtrackable.BipartiteSetTest"/>
  <testcase name="testAddRemoveReturnValue" time="0.001" classname="org.chocosolver.util.objects.setDataStructures.backtrackable.BipartiteSetTest"/>
  <testcase name="testSeveralPushes" time="0.004" classname="org.chocosolver.util.objects.setDataStructures.backtrackable.BipartiteSetTest"/>
  <testcase name="memoryCrashTest" time="0.035" classname="org.chocosolver.util.objects.setDataStructures.backtrackable.BipartiteSetTest"/>
  <testcase name="testTwoSets" time="0.000" classname="org.chocosolver.util.objects.setDataStructures.backtrackable.BipartiteSetTest"/>
  <testcase name="testEmptyMax" time="0.000" classname="org.chocosolver.util.objects.setDataStructures.backtrackable.BipartiteSetTest"/>
  <testcase name="testAddMaxValue" time="0.001" classname="org.chocosolver.util.objects.setDataStructures.backtrackable.BipartiteSetTest"/>
  <testcase name="testVoidPushes" time="0.001" classname="org.chocosolver.util.objects.setDataStructures.backtrackable.BipartiteSetTest"/>
  <testcase name="testMultipleLoops" time="0.001" classname="org.chocosolver.util.objects.setDataStructures.backtrackable.BipartiteSetTest"/>
  <testcase name="testRemove" time="0.000" classname="org.chocosolver.util.objects.setDataStructures.backtrackable.BipartiteSetTest"/>
  <testcase name="testIterator" time="0.000" classname="org.chocosolver.util.objects.setDataStructures.backtrackable.BipartiteSetTest"/>
  <testcase name="testNominal" time="0.001" classname="org.chocosolver.util.objects.setDataStructures.backtrackable.BipartiteSetTest"/>
  <testcase name="testRemoveInLoop" time="0.000" classname="org.chocosolver.util.objects.setDataStructures.backtrackable.BipartiteSetTest"/>
  <testcase name="testAddRemoveReturnValue" time="0.000" classname="org.chocosolver.util.objects.setDataStructures.backtrackable.BipartiteSetTest"/>
  <testcase name="testAddNegativeOK" time="0.001" classname="org.chocosolver.util.objects.setDataStructures.backtrackable.BipartiteSetTest"/>
  <testcase name="testClear" time="0.000" classname="org.chocosolver.util.objects.setDataStructures.backtrackable.BipartiteSetTest"/>
  <testcase name="testReadOnlySet" time="0.001" classname="org.chocosolver.util.objects.setDataStructures.backtrackable.BipartiteSetTest"/>
  <testcase name="testAddAlreadyExists" time="0.000" classname="org.chocosolver.util.objects.setDataStructures.backtrackable.BipartiteSetTest"/>
  <testcase name="testTwoPushes" time="0.000" classname="org.chocosolver.util.objects.setDataStructures.backtrackable.BipartiteSetTest"/>
  <testcase name="testAddRemoveReturnValueNB" time="0.000" classname="org.chocosolver.util.objects.setDataStructures.backtrackable.BipartiteSetTest"/>
</testsuite> <!-- org.chocosolver.util.objects.setDataStructures.backtrackable.BipartiteSetTest -->
