<?xml version="1.0" encoding="UTF-8"?>
<!-- Generated by org.testng.reporters.JUnitReportReporter -->
<testsuite skipped="0" hostname="cyclone1" name="org.chocosolver.solver.constraints.set.IntBoundedMemberTest" tests="4" failures="0" timestamp="26 May 2018 19:10:34 GMT" time="0.009" errors="0">
  <testcase name="testNominal" time="0.000" classname="org.chocosolver.solver.constraints.set.IntBoundedMemberTest"/>
  <testcase name="testIncompatibleDomains" time="0.001" classname="org.chocosolver.solver.constraints.set.IntBoundedMemberTest"/>
  <testcase name="testDifferentDomains" time="0.007" classname="org.chocosolver.solver.constraints.set.IntBoundedMemberTest"/>
  <testcase name="testEmptySet" time="0.001" classname="org.chocosolver.solver.constraints.set.IntBoundedMemberTest"/>
</testsuite> <!-- org.chocosolver.solver.constraints.set.IntBoundedMemberTest -->
