<?xml version="1.0" encoding="UTF-8"?>
<!-- Generated by org.testng.reporters.JUnitReportReporter -->
<testsuite skipped="0" hostname="cyclone1" name="org.chocosolver.solver.constraints.reification.ReifiedTest" tests="28" failures="0" timestamp="26 May 2018 19:10:34 GMT" time="6.024" errors="0">
  <testcase name="test_wellaweg1" time="0.001" classname="org.chocosolver.solver.constraints.reification.ReifiedTest"/>
  <testcase name="test_reif" time="0.000" classname="org.chocosolver.solver.constraints.reification.ReifiedTest"/>
  <testcase name="test_reif2" time="0.000" classname="org.chocosolver.solver.constraints.reification.ReifiedTest"/>
  <testcase name="test_wellaweg4" time="0.001" classname="org.chocosolver.solver.constraints.reification.ReifiedTest"/>
  <testcase name="test_wellaweg3" time="0.000" classname="org.chocosolver.solver.constraints.reification.ReifiedTest"/>
  <testcase name="test_reif" time="0.000" classname="org.chocosolver.solver.constraints.reification.ReifiedTest"/>
  <testcase name="testAllDifferentDecompSpe1" time="0.001" classname="org.chocosolver.solver.constraints.reification.ReifiedTest"/>
  <testcase name="test_reif2" time="0.001" classname="org.chocosolver.solver.constraints.reification.ReifiedTest"/>
  <testcase name="testAllDifferentDecomp" time="5.876" classname="org.chocosolver.solver.constraints.reification.ReifiedTest"/>
  <testcase name="testRandomNeq" time="0.070" classname="org.chocosolver.solver.constraints.reification.ReifiedTest"/>
  <testcase name="testRandomEq" time="0.064" classname="org.chocosolver.solver.constraints.reification.ReifiedTest"/>
  <testcase name="test_reif2" time="0.000" classname="org.chocosolver.solver.constraints.reification.ReifiedTest"/>
  <testcase name="test_reif" time="0.001" classname="org.chocosolver.solver.constraints.reification.ReifiedTest"/>
  <testcase name="test_reif2" time="0.001" classname="org.chocosolver.solver.constraints.reification.ReifiedTest"/>
  <testcase name="test_reif" time="0.001" classname="org.chocosolver.solver.constraints.reification.ReifiedTest"/>
  <testcase name="test_reif" time="0.000" classname="org.chocosolver.solver.constraints.reification.ReifiedTest"/>
  <testcase name="test_reif2" time="0.001" classname="org.chocosolver.solver.constraints.reification.ReifiedTest"/>
  <testcase name="test_reif2" time="0.001" classname="org.chocosolver.solver.constraints.reification.ReifiedTest"/>
  <testcase name="test_reif" time="0.000" classname="org.chocosolver.solver.constraints.reification.ReifiedTest"/>
  <testcase name="testBACP" time="0.001" classname="org.chocosolver.solver.constraints.reification.ReifiedTest"/>
  <testcase name="testRandomMember" time="0.001" classname="org.chocosolver.solver.constraints.reification.ReifiedTest"/>
  <testcase name="test_reif" time="0.001" classname="org.chocosolver.solver.constraints.reification.ReifiedTest"/>
  <testcase name="test_reif2" time="0.000" classname="org.chocosolver.solver.constraints.reification.ReifiedTest"/>
  <testcase name="test_wellaweg5" time="0.001" classname="org.chocosolver.solver.constraints.reification.ReifiedTest"/>
  <testcase name="test_reif2" time="0.000" classname="org.chocosolver.solver.constraints.reification.ReifiedTest"/>
  <testcase name="test_reif2" time="0.000" classname="org.chocosolver.solver.constraints.reification.ReifiedTest"/>
  <testcase name="test_reif" time="0.000" classname="org.chocosolver.solver.constraints.reification.ReifiedTest"/>
  <testcase name="test_reif" time="0.001" classname="org.chocosolver.solver.constraints.reification.ReifiedTest"/>
</testsuite> <!-- org.chocosolver.solver.constraints.reification.ReifiedTest -->
