<?xml version="1.0" encoding="UTF-8"?>
<!-- Generated by org.testng.reporters.JUnitReportReporter -->
<testsuite skipped="0" hostname="cyclone1" name="org.chocosolver.solver.search.loop.SolverTest" tests="16" failures="0" timestamp="26 May 2018 19:10:34 GMT" time="0.678" errors="0">
  <testcase name="test2DDS2" time="0.001" classname="org.chocosolver.solver.search.loop.SolverTest"/>
  <testcase name="test1DDS" time="0.005" classname="org.chocosolver.solver.search.loop.SolverTest"/>
  <testcase name="test4" time="0.018" classname="org.chocosolver.solver.search.loop.SolverTest"/>
  <testcase name="testReset" time="0.002" classname="org.chocosolver.solver.search.loop.SolverTest"/>
  <testcase name="test5" time="0.022" classname="org.chocosolver.solver.search.loop.SolverTest"/>
  <testcase name="test2LDS" time="0.004" classname="org.chocosolver.solver.search.loop.SolverTest"/>
  <testcase name="test2DDS" time="0.004" classname="org.chocosolver.solver.search.loop.SolverTest"/>
  <testcase name="test6" time="0.091" classname="org.chocosolver.solver.search.loop.SolverTest"/>
  <testcase name="test7" time="0.002" classname="org.chocosolver.solver.search.loop.SolverTest"/>
  <testcase name="test3" time="0.002" classname="org.chocosolver.solver.search.loop.SolverTest"/>
  <testcase name="test1LDS" time="0.005" classname="org.chocosolver.solver.search.loop.SolverTest"/>
  <testcase name="test8" time="0.004" classname="org.chocosolver.solver.search.loop.SolverTest"/>
  <testcase name="test1DFS" time="0.002" classname="org.chocosolver.solver.search.loop.SolverTest"/>
  <testcase name="test1HBFS" time="0.501" classname="org.chocosolver.solver.search.loop.SolverTest"/>
  <testcase name="test2DFS" time="0.011" classname="org.chocosolver.solver.search.loop.SolverTest"/>
  <testcase name="test9" time="0.004" classname="org.chocosolver.solver.search.loop.SolverTest"/>
</testsuite> <!-- org.chocosolver.solver.search.loop.SolverTest -->
