<?xml version="1.0" encoding="UTF-8"?>
<!-- Generated by org.testng.reporters.JUnitReportReporter -->
<testsuite skipped="0" hostname="cyclone1" name="org.chocosolver.solver.constraints.ConstraintTest" tests="24" failures="0" timestamp="26 May 2018 19:10:34 GMT" time="1.438" errors="0">
  <testcase name="testPostTwice2" time="0.002" classname="org.chocosolver.solver.constraints.ConstraintTest"/>
  <testcase name="testDependencyConditions" time="0.001" classname="org.chocosolver.solver.constraints.ConstraintTest"/>
  <testcase name="testOpposite3" time="0.000" classname="org.chocosolver.solver.constraints.ConstraintTest"/>
  <testcase name="testPostRemove4" time="0.001" classname="org.chocosolver.solver.constraints.ConstraintTest"/>
  <testcase name="testBooleanChannelingJL" time="0.038" classname="org.chocosolver.solver.constraints.ConstraintTest"/>
  <testcase name="testPostUnpostPost1" time="0.001" classname="org.chocosolver.solver.constraints.ConstraintTest"/>
  <testcase name="testPostTwice1" time="0.001" classname="org.chocosolver.solver.constraints.ConstraintTest"/>
  <testcase name="testAmIMeYet" time="0.006" classname="org.chocosolver.solver.constraints.ConstraintTest"/>
  <testcase name="testUnpost" time="0.001" classname="org.chocosolver.solver.constraints.ConstraintTest"/>
  <testcase name="testUnpost" time="0.001" classname="org.chocosolver.solver.constraints.ConstraintTest"/>
  <testcase name="testPostAndReif2" time="0.002" classname="org.chocosolver.solver.constraints.ConstraintTest"/>
  <testcase name="testUnlink1" time="0.001" classname="org.chocosolver.solver.constraints.ConstraintTest"/>
  <testcase name="testJitee2" time="1.327" classname="org.chocosolver.solver.constraints.ConstraintTest"/>
  <testcase name="testJiTee2" time="0.019" classname="org.chocosolver.solver.constraints.ConstraintTest"/>
  <testcase name="testOpposite2" time="0.000" classname="org.chocosolver.solver.constraints.ConstraintTest"/>
  <testcase name="testJiTee1" time="0.028" classname="org.chocosolver.solver.constraints.ConstraintTest"/>
  <testcase name="testDependencyConditions2" time="0.001" classname="org.chocosolver.solver.constraints.ConstraintTest"/>
  <testcase name="testPostRemove2" time="0.001" classname="org.chocosolver.solver.constraints.ConstraintTest"/>
  <testcase name="testOpposite1" time="0.001" classname="org.chocosolver.solver.constraints.ConstraintTest"/>
  <testcase name="testPostRemove3" time="0.000" classname="org.chocosolver.solver.constraints.ConstraintTest"/>
  <testcase name="testPostRemove1" time="0.001" classname="org.chocosolver.solver.constraints.ConstraintTest"/>
  <testcase name="testUnpost" time="0.003" classname="org.chocosolver.solver.constraints.ConstraintTest"/>
  <testcase name="testUnpost" time="0.000" classname="org.chocosolver.solver.constraints.ConstraintTest"/>
  <testcase name="testPostAndReif1" time="0.002" classname="org.chocosolver.solver.constraints.ConstraintTest"/>
</testsuite> <!-- org.chocosolver.solver.constraints.ConstraintTest -->
