<?xml version="1.0" encoding="UTF-8"?>
<!-- Generated by org.testng.reporters.JUnitReportReporter -->
<testsuite skipped="0" hostname="cyclone1" name="org.chocosolver.solver.constraints.binary.SquareTest" tests="5" failures="0" timestamp="26 May 2018 19:10:34 GMT" time="0.004" errors="0">
  <testcase name="testSimple" time="0.000" classname="org.chocosolver.solver.constraints.binary.SquareTest"/>
  <testcase name="test" time="0.003" classname="org.chocosolver.solver.constraints.binary.SquareTest"/>
  <testcase name="testCstNeg" time="0.000" classname="org.chocosolver.solver.constraints.binary.SquareTest"/>
  <testcase name="testCstFail" time="0.000" classname="org.chocosolver.solver.constraints.binary.SquareTest"/>
  <testcase name="testCst" time="0.001" classname="org.chocosolver.solver.constraints.binary.SquareTest"/>
</testsuite> <!-- org.chocosolver.solver.constraints.binary.SquareTest -->
