<?xml version="1.0" encoding="UTF-8"?>
<!-- Generated by org.testng.reporters.JUnitReportReporter -->
<testsuite skipped="0" hostname="cyclone1" name="org.chocosolver.solver.constraints.real.RealTest" tests="53" failures="0" timestamp="26 May 2018 19:10:34 GMT" time="28.401" errors="52">
  <testcase name="testJuha4" time="0.000" classname="org.chocosolver.solver.constraints.real.RealTest">
    <error type="java.lang.NoClassDefFoundError" message="Could not initialize class org.chocosolver.solver.constraints.real.Ibex">
      <![CDATA[java.lang.NoClassDefFoundError: Could not initialize class org.chocosolver.solver.constraints.real.Ibex
	at org.chocosolver.solver.constraints.real.RealTest.testJuha4(RealTest.java:684)
	at sun.reflect.NativeMethodAccessorImpl.invoke0(Native Method)
	at sun.reflect.NativeMethodAccessorImpl.invoke(NativeMethodAccessorImpl.java:62)
	at sun.reflect.DelegatingMethodAccessorImpl.invoke(DelegatingMethodAccessorImpl.java:43)
	at java.lang.reflect.Method.invoke(Method.java:498)
	at org.testng.internal.MethodInvocationHelper.invokeMethod(MethodInvocationHelper.java:108)
	at org.testng.internal.InvokeMethodRunnable.runOne(InvokeMethodRunnable.java:54)
	at org.testng.internal.InvokeMethodRunnable.run(InvokeMethodRunnable.java:44)
	at org.testng.internal.MethodInvocationHelper.invokeWithTimeoutWithNoExecutor(MethodInvocationHelper.java:257)
	at org.testng.internal.MethodInvocationHelper.invokeWithTimeout(MethodInvocationHelper.java:244)
	at org.testng.internal.Invoker.invokeMethod(Invoker.java:667)
	at org.testng.internal.Invoker.invokeTestMethod(Invoker.java:869)
	at org.testng.internal.Invoker.invokeTestMethods(Invoker.java:1193)
	at org.testng.internal.TestMethodWorker.invokeTestMethods(TestMethodWorker.java:126)
	at org.testng.internal.TestMethodWorker.run(TestMethodWorker.java:109)
	at org.testng.internal.thread.ThreadUtil$1.call(ThreadUtil.java:52)
	at java.util.concurrent.FutureTask.run(FutureTask.java:266)
	at java.util.concurrent.ThreadPoolExecutor.runWorker(ThreadPoolExecutor.java:1142)
	at java.util.concurrent.ThreadPoolExecutor$Worker.run(ThreadPoolExecutor.java:617)
	at java.lang.Thread.run(Thread.java:745)
]]>
    </error>
  </testcase> <!-- testJuha4 -->
  <testcase name="testJuha4" time="0.001" classname="org.chocosolver.solver.constraints.real.RealTest">
    <error type="java.lang.NoClassDefFoundError" message="Could not initialize class org.chocosolver.solver.constraints.real.Ibex">
      <![CDATA[java.lang.NoClassDefFoundError: Could not initialize class org.chocosolver.solver.constraints.real.Ibex
	at org.chocosolver.solver.constraints.real.RealTest.testJuha4(RealTest.java:684)
	at sun.reflect.NativeMethodAccessorImpl.invoke0(Native Method)
	at sun.reflect.NativeMethodAccessorImpl.invoke(NativeMethodAccessorImpl.java:62)
	at sun.reflect.DelegatingMethodAccessorImpl.invoke(DelegatingMethodAccessorImpl.java:43)
	at java.lang.reflect.Method.invoke(Method.java:498)
	at org.testng.internal.MethodInvocationHelper.invokeMethod(MethodInvocationHelper.java:108)
	at org.testng.internal.InvokeMethodRunnable.runOne(InvokeMethodRunnable.java:54)
	at org.testng.internal.InvokeMethodRunnable.run(InvokeMethodRunnable.java:44)
	at org.testng.internal.MethodInvocationHelper.invokeWithTimeoutWithNoExecutor(MethodInvocationHelper.java:257)
	at org.testng.internal.MethodInvocationHelper.invokeWithTimeout(MethodInvocationHelper.java:244)
	at org.testng.internal.Invoker.invokeMethod(Invoker.java:667)
	at org.testng.internal.Invoker.invokeTestMethod(Invoker.java:869)
	at org.testng.internal.Invoker.invokeTestMethods(Invoker.java:1193)
	at org.testng.internal.TestMethodWorker.invokeTestMethods(TestMethodWorker.java:126)
	at org.testng.internal.TestMethodWorker.run(TestMethodWorker.java:109)
	at org.testng.internal.thread.ThreadUtil$1.call(ThreadUtil.java:52)
	at java.util.concurrent.FutureTask.run(FutureTask.java:266)
	at java.util.concurrent.ThreadPoolExecutor.runWorker(ThreadPoolExecutor.java:1142)
	at java.util.concurrent.ThreadPoolExecutor$Worker.run(ThreadPoolExecutor.java:617)
	at java.lang.Thread.run(Thread.java:745)
]]>
    </error>
  </testcase> <!-- testJuha4 -->
  <testcase name="testMove1" time="0.002" classname="org.chocosolver.solver.constraints.real.RealTest">
    <error type="java.lang.NoClassDefFoundError" message="Could not initialize class org.chocosolver.solver.constraints.real.Ibex">
      <![CDATA[java.lang.NoClassDefFoundError: Could not initialize class org.chocosolver.solver.constraints.real.Ibex
	at org.chocosolver.solver.constraints.real.IbexHandler.createInstance(IbexHandler.java:297)
	at org.chocosolver.solver.constraints.real.IbexHandler.getIbexInstance(IbexHandler.java:217)
	at org.chocosolver.solver.constraints.real.IbexHandler.contract(IbexHandler.java:121)
	at org.chocosolver.solver.constraints.real.RealPropagator.propagate(RealPropagator.java:84)
	at org.chocosolver.solver.propagation.PropagationEngine.execute(PropagationEngine.java:213)
	at org.chocosolver.solver.propagation.PropagationEngine.prepropagate(PropagationEngine.java:204)
	at org.chocosolver.solver.propagation.PropagationEngine.propagate(PropagationEngine.java:157)
	at org.chocosolver.solver.search.loop.propagate.PropagateBasic.execute(PropagateBasic.java:27)
	at org.chocosolver.solver.Solver.initialize(Solver.java:346)
	at org.chocosolver.solver.Solver.solve(Solver.java:254)
	at org.chocosolver.solver.search.IResolutionHelper.findAllSolutions(IResolutionHelper.java:141)
	at org.chocosolver.solver.constraints.real.RealTest.testMove1(RealTest.java:545)
	at sun.reflect.NativeMethodAccessorImpl.invoke0(Native Method)
	at sun.reflect.NativeMethodAccessorImpl.invoke(NativeMethodAccessorImpl.java:62)
	at sun.reflect.DelegatingMethodAccessorImpl.invoke(DelegatingMethodAccessorImpl.java:43)
	at java.lang.reflect.Method.invoke(Method.java:498)
	at org.testng.internal.MethodInvocationHelper.invokeMethod(MethodInvocationHelper.java:108)
	at org.testng.internal.InvokeMethodRunnable.runOne(InvokeMethodRunnable.java:54)
	at org.testng.internal.InvokeMethodRunnable.run(InvokeMethodRunnable.java:44)
	at java.util.concurrent.Executors$RunnableAdapter.call(Executors.java:511)
	at java.util.concurrent.FutureTask.run(FutureTask.java:266)
	at java.util.concurrent.ThreadPoolExecutor.runWorker(ThreadPoolExecutor.java:1142)
	at java.util.concurrent.ThreadPoolExecutor$Worker.run(ThreadPoolExecutor.java:617)
	at java.lang.Thread.run(Thread.java:745)
]]>
    </error>
  </testcase> <!-- testMove1 -->
  <testcase name="testJuha3" time="0.000" classname="org.chocosolver.solver.constraints.real.RealTest">
    <error type="java.lang.NoClassDefFoundError" message="Could not initialize class org.chocosolver.solver.constraints.real.Ibex">
      <![CDATA[java.lang.NoClassDefFoundError: Could not initialize class org.chocosolver.solver.constraints.real.Ibex
	at org.chocosolver.solver.constraints.real.IbexHandler.createInstance(IbexHandler.java:297)
	at org.chocosolver.solver.constraints.real.IbexHandler.getIbexInstance(IbexHandler.java:217)
	at org.chocosolver.solver.constraints.real.IbexHandler.contract(IbexHandler.java:121)
	at org.chocosolver.solver.constraints.real.RealPropagator.propagate(RealPropagator.java:84)
	at org.chocosolver.solver.propagation.PropagationEngine.execute(PropagationEngine.java:213)
	at org.chocosolver.solver.propagation.PropagationEngine.prepropagate(PropagationEngine.java:204)
	at org.chocosolver.solver.propagation.PropagationEngine.propagate(PropagationEngine.java:157)
	at org.chocosolver.solver.search.loop.propagate.PropagateBasic.execute(PropagateBasic.java:27)
	at org.chocosolver.solver.Solver.initialize(Solver.java:346)
	at org.chocosolver.solver.Solver.solve(Solver.java:254)
	at org.chocosolver.solver.search.IResolutionHelper.findAllSolutions(IResolutionHelper.java:141)
	at org.chocosolver.solver.constraints.real.RealTest.testJuha3(RealTest.java:672)
	at sun.reflect.NativeMethodAccessorImpl.invoke0(Native Method)
	at sun.reflect.NativeMethodAccessorImpl.invoke(NativeMethodAccessorImpl.java:62)
	at sun.reflect.DelegatingMethodAccessorImpl.invoke(DelegatingMethodAccessorImpl.java:43)
	at java.lang.reflect.Method.invoke(Method.java:498)
	at org.testng.internal.MethodInvocationHelper.invokeMethod(MethodInvocationHelper.java:108)
	at org.testng.internal.InvokeMethodRunnable.runOne(InvokeMethodRunnable.java:54)
	at org.testng.internal.InvokeMethodRunnable.run(InvokeMethodRunnable.java:44)
	at org.testng.internal.MethodInvocationHelper.invokeWithTimeoutWithNoExecutor(MethodInvocationHelper.java:257)
	at org.testng.internal.MethodInvocationHelper.invokeWithTimeout(MethodInvocationHelper.java:244)
	at org.testng.internal.Invoker.invokeMethod(Invoker.java:667)
	at org.testng.internal.Invoker.invokeTestMethod(Invoker.java:869)
	at org.testng.internal.Invoker.invokeTestMethods(Invoker.java:1193)
	at org.testng.internal.TestMethodWorker.invokeTestMethods(TestMethodWorker.java:126)
	at org.testng.internal.TestMethodWorker.run(TestMethodWorker.java:109)
	at org.testng.internal.thread.ThreadUtil$1.call(ThreadUtil.java:52)
	at java.util.concurrent.FutureTask.run(FutureTask.java:266)
	at java.util.concurrent.ThreadPoolExecutor.runWorker(ThreadPoolExecutor.java:1142)
	at java.util.concurrent.ThreadPoolExecutor$Worker.run(ThreadPoolExecutor.java:617)
	at java.lang.Thread.run(Thread.java:745)
]]>
    </error>
  </testcase> <!-- testJuha3 -->
  <testcase name="testFreemajb3" time="0.001" classname="org.chocosolver.solver.constraints.real.RealTest">
    <error type="java.lang.NoClassDefFoundError" message="Could not initialize class org.chocosolver.solver.constraints.real.Ibex">
      <![CDATA[java.lang.NoClassDefFoundError: Could not initialize class org.chocosolver.solver.constraints.real.Ibex
	at org.chocosolver.solver.constraints.real.IbexHandler.createInstance(IbexHandler.java:297)
	at org.chocosolver.solver.constraints.real.IbexHandler.getIbexInstance(IbexHandler.java:217)
	at org.chocosolver.solver.constraints.real.IbexHandler.contract(IbexHandler.java:121)
	at org.chocosolver.solver.constraints.real.RealPropagator.propagate(RealPropagator.java:84)
	at org.chocosolver.solver.propagation.PropagationEngine.execute(PropagationEngine.java:213)
	at org.chocosolver.solver.propagation.PropagationEngine.prepropagate(PropagationEngine.java:204)
	at org.chocosolver.solver.propagation.PropagationEngine.propagate(PropagationEngine.java:157)
	at org.chocosolver.solver.Solver.propagate(Solver.java:561)
	at org.chocosolver.solver.constraints.real.RealTest.testFreemajb3(RealTest.java:183)
	at sun.reflect.NativeMethodAccessorImpl.invoke0(Native Method)
	at sun.reflect.NativeMethodAccessorImpl.invoke(NativeMethodAccessorImpl.java:62)
	at sun.reflect.DelegatingMethodAccessorImpl.invoke(DelegatingMethodAccessorImpl.java:43)
	at java.lang.reflect.Method.invoke(Method.java:498)
	at org.testng.internal.MethodInvocationHelper.invokeMethod(MethodInvocationHelper.java:108)
	at org.testng.internal.InvokeMethodRunnable.runOne(InvokeMethodRunnable.java:54)
	at org.testng.internal.InvokeMethodRunnable.run(InvokeMethodRunnable.java:44)
	at java.util.concurrent.Executors$RunnableAdapter.call(Executors.java:511)
	at java.util.concurrent.FutureTask.run(FutureTask.java:266)
	at java.util.concurrent.ThreadPoolExecutor.runWorker(ThreadPoolExecutor.java:1142)
	at java.util.concurrent.ThreadPoolExecutor$Worker.run(ThreadPoolExecutor.java:617)
	at java.lang.Thread.run(Thread.java:745)
]]>
    </error>
  </testcase> <!-- testFreemajb3 -->
  <testcase name="test2" time="0.001" classname="org.chocosolver.solver.constraints.real.RealTest">
    <error type="java.lang.NoClassDefFoundError" message="Could not initialize class org.chocosolver.solver.constraints.real.Ibex">
      <![CDATA[java.lang.NoClassDefFoundError: Could not initialize class org.chocosolver.solver.constraints.real.Ibex
	at org.chocosolver.solver.constraints.real.RealTest.test2(RealTest.java:76)
	at sun.reflect.NativeMethodAccessorImpl.invoke0(Native Method)
	at sun.reflect.NativeMethodAccessorImpl.invoke(NativeMethodAccessorImpl.java:62)
	at sun.reflect.DelegatingMethodAccessorImpl.invoke(DelegatingMethodAccessorImpl.java:43)
	at java.lang.reflect.Method.invoke(Method.java:498)
	at org.testng.internal.MethodInvocationHelper.invokeMethod(MethodInvocationHelper.java:108)
	at org.testng.internal.InvokeMethodRunnable.runOne(InvokeMethodRunnable.java:54)
	at org.testng.internal.InvokeMethodRunnable.run(InvokeMethodRunnable.java:44)
	at java.util.concurrent.Executors$RunnableAdapter.call(Executors.java:511)
	at java.util.concurrent.FutureTask.run(FutureTask.java:266)
	at java.util.concurrent.ThreadPoolExecutor.runWorker(ThreadPoolExecutor.java:1142)
	at java.util.concurrent.ThreadPoolExecutor$Worker.run(ThreadPoolExecutor.java:617)
	at java.lang.Thread.run(Thread.java:745)
]]>
    </error>
  </testcase> <!-- test2 -->
  <testcase name="testJJ1" time="0.001" classname="org.chocosolver.solver.constraints.real.RealTest">
    <error type="java.lang.NoClassDefFoundError" message="Could not initialize class org.chocosolver.solver.constraints.real.Ibex">
      <![CDATA[java.lang.NoClassDefFoundError: Could not initialize class org.chocosolver.solver.constraints.real.Ibex
	at org.chocosolver.solver.constraints.real.RealTest.testJJ1(RealTest.java:476)
	at sun.reflect.NativeMethodAccessorImpl.invoke0(Native Method)
	at sun.reflect.NativeMethodAccessorImpl.invoke(NativeMethodAccessorImpl.java:62)
	at sun.reflect.DelegatingMethodAccessorImpl.invoke(DelegatingMethodAccessorImpl.java:43)
	at java.lang.reflect.Method.invoke(Method.java:498)
	at org.testng.internal.MethodInvocationHelper.invokeMethod(MethodInvocationHelper.java:108)
	at org.testng.internal.InvokeMethodRunnable.runOne(InvokeMethodRunnable.java:54)
	at org.testng.internal.InvokeMethodRunnable.run(InvokeMethodRunnable.java:44)
	at java.util.concurrent.Executors$RunnableAdapter.call(Executors.java:511)
	at java.util.concurrent.FutureTask.run(FutureTask.java:266)
	at java.util.concurrent.ThreadPoolExecutor.runWorker(ThreadPoolExecutor.java:1142)
	at java.util.concurrent.ThreadPoolExecutor$Worker.run(ThreadPoolExecutor.java:617)
	at java.lang.Thread.run(Thread.java:745)
]]>
    </error>
  </testcase> <!-- testJJ1 -->
  <testcase name="testHM1" time="0.002" classname="org.chocosolver.solver.constraints.real.RealTest">
    <error type="java.lang.NoClassDefFoundError" message="Could not initialize class org.chocosolver.solver.constraints.real.Ibex">
      <![CDATA[java.lang.NoClassDefFoundError: Could not initialize class org.chocosolver.solver.constraints.real.Ibex
	at org.chocosolver.solver.constraints.real.IbexHandler.createInstance(IbexHandler.java:297)
	at org.chocosolver.solver.constraints.real.IbexHandler.getIbexInstance(IbexHandler.java:217)
	at org.chocosolver.solver.constraints.real.IbexHandler.contract(IbexHandler.java:121)
	at org.chocosolver.solver.constraints.real.RealPropagator.propagate(RealPropagator.java:84)
	at org.chocosolver.solver.propagation.PropagationEngine.execute(PropagationEngine.java:213)
	at org.chocosolver.solver.propagation.PropagationEngine.prepropagate(PropagationEngine.java:204)
	at org.chocosolver.solver.propagation.PropagationEngine.propagate(PropagationEngine.java:157)
	at org.chocosolver.solver.search.loop.propagate.PropagateBasic.execute(PropagateBasic.java:27)
	at org.chocosolver.solver.Solver.initialize(Solver.java:346)
	at org.chocosolver.solver.Solver.solve(Solver.java:254)
	at org.chocosolver.solver.constraints.real.RealTest.testHM1(RealTest.java:214)
	at sun.reflect.NativeMethodAccessorImpl.invoke0(Native Method)
	at sun.reflect.NativeMethodAccessorImpl.invoke(NativeMethodAccessorImpl.java:62)
	at sun.reflect.DelegatingMethodAccessorImpl.invoke(DelegatingMethodAccessorImpl.java:43)
	at java.lang.reflect.Method.invoke(Method.java:498)
	at org.testng.internal.MethodInvocationHelper.invokeMethod(MethodInvocationHelper.java:108)
	at org.testng.internal.InvokeMethodRunnable.runOne(InvokeMethodRunnable.java:54)
	at org.testng.internal.InvokeMethodRunnable.run(InvokeMethodRunnable.java:44)
	at java.util.concurrent.Executors$RunnableAdapter.call(Executors.java:511)
	at java.util.concurrent.FutureTask.run(FutureTask.java:266)
	at java.util.concurrent.ThreadPoolExecutor.runWorker(ThreadPoolExecutor.java:1142)
	at java.util.concurrent.ThreadPoolExecutor$Worker.run(ThreadPoolExecutor.java:617)
	at java.lang.Thread.run(Thread.java:745)
]]>
    </error>
  </testcase> <!-- testHM1 -->
  <testcase name="testJuha4" time="0.001" classname="org.chocosolver.solver.constraints.real.RealTest">
    <error type="java.lang.NoClassDefFoundError" message="Could not initialize class org.chocosolver.solver.constraints.real.Ibex">
      <![CDATA[java.lang.NoClassDefFoundError: Could not initialize class org.chocosolver.solver.constraints.real.Ibex
	at org.chocosolver.solver.constraints.real.RealTest.testJuha4(RealTest.java:684)
	at sun.reflect.NativeMethodAccessorImpl.invoke0(Native Method)
	at sun.reflect.NativeMethodAccessorImpl.invoke(NativeMethodAccessorImpl.java:62)
	at sun.reflect.DelegatingMethodAccessorImpl.invoke(DelegatingMethodAccessorImpl.java:43)
	at java.lang.reflect.Method.invoke(Method.java:498)
	at org.testng.internal.MethodInvocationHelper.invokeMethod(MethodInvocationHelper.java:108)
	at org.testng.internal.InvokeMethodRunnable.runOne(InvokeMethodRunnable.java:54)
	at org.testng.internal.InvokeMethodRunnable.run(InvokeMethodRunnable.java:44)
	at org.testng.internal.MethodInvocationHelper.invokeWithTimeoutWithNoExecutor(MethodInvocationHelper.java:257)
	at org.testng.internal.MethodInvocationHelper.invokeWithTimeout(MethodInvocationHelper.java:244)
	at org.testng.internal.Invoker.invokeMethod(Invoker.java:667)
	at org.testng.internal.Invoker.invokeTestMethod(Invoker.java:869)
	at org.testng.internal.Invoker.invokeTestMethods(Invoker.java:1193)
	at org.testng.internal.TestMethodWorker.invokeTestMethods(TestMethodWorker.java:126)
	at org.testng.internal.TestMethodWorker.run(TestMethodWorker.java:109)
	at org.testng.internal.thread.ThreadUtil$1.call(ThreadUtil.java:52)
	at java.util.concurrent.FutureTask.run(FutureTask.java:266)
	at java.util.concurrent.ThreadPoolExecutor.runWorker(ThreadPoolExecutor.java:1142)
	at java.util.concurrent.ThreadPoolExecutor$Worker.run(ThreadPoolExecutor.java:617)
	at java.lang.Thread.run(Thread.java:745)
]]>
    </error>
  </testcase> <!-- testJuha4 -->
  <testcase name="testFN2" time="0.001" classname="org.chocosolver.solver.constraints.real.RealTest">
    <error type="java.lang.NoClassDefFoundError" message="Could not initialize class org.chocosolver.solver.constraints.real.Ibex">
      <![CDATA[java.lang.NoClassDefFoundError: Could not initialize class org.chocosolver.solver.constraints.real.Ibex
	at org.chocosolver.solver.constraints.real.IbexHandler.createInstance(IbexHandler.java:297)
	at org.chocosolver.solver.constraints.real.IbexHandler.getIbexInstance(IbexHandler.java:217)
	at org.chocosolver.solver.constraints.real.IbexHandler.contract(IbexHandler.java:121)
	at org.chocosolver.solver.constraints.real.RealPropagator.propagate(RealPropagator.java:84)
	at org.chocosolver.solver.propagation.PropagationEngine.execute(PropagationEngine.java:213)
	at org.chocosolver.solver.propagation.PropagationEngine.prepropagate(PropagationEngine.java:204)
	at org.chocosolver.solver.propagation.PropagationEngine.propagate(PropagationEngine.java:157)
	at org.chocosolver.solver.search.loop.propagate.PropagateBasic.execute(PropagateBasic.java:27)
	at org.chocosolver.solver.Solver.initialize(Solver.java:346)
	at org.chocosolver.solver.Solver.solve(Solver.java:254)
	at org.chocosolver.solver.search.IResolutionHelper.findSolution(IResolutionHelper.java:91)
	at org.chocosolver.solver.constraints.real.RealTest.testFN2(RealTest.java:732)
	at sun.reflect.NativeMethodAccessorImpl.invoke0(Native Method)
	at sun.reflect.NativeMethodAccessorImpl.invoke(NativeMethodAccessorImpl.java:62)
	at sun.reflect.DelegatingMethodAccessorImpl.invoke(DelegatingMethodAccessorImpl.java:43)
	at java.lang.reflect.Method.invoke(Method.java:498)
	at org.testng.internal.MethodInvocationHelper.invokeMethod(MethodInvocationHelper.java:108)
	at org.testng.internal.InvokeMethodRunnable.runOne(InvokeMethodRunnable.java:54)
	at org.testng.internal.InvokeMethodRunnable.run(InvokeMethodRunnable.java:44)
	at java.util.concurrent.Executors$RunnableAdapter.call(Executors.java:511)
	at java.util.concurrent.FutureTask.run(FutureTask.java:266)
	at java.util.concurrent.ThreadPoolExecutor.runWorker(ThreadPoolExecutor.java:1142)
	at java.util.concurrent.ThreadPoolExecutor$Worker.run(ThreadPoolExecutor.java:617)
	at java.lang.Thread.run(Thread.java:745)
]]>
    </error>
  </testcase> <!-- testFN2 -->
  <testcase name="testJuha2" time="0.001" classname="org.chocosolver.solver.constraints.real.RealTest">
    <error type="java.lang.NoClassDefFoundError" message="Could not initialize class org.chocosolver.solver.constraints.real.Ibex">
      <![CDATA[java.lang.NoClassDefFoundError: Could not initialize class org.chocosolver.solver.constraints.real.Ibex
	at org.chocosolver.solver.constraints.real.IbexHandler.createInstance(IbexHandler.java:297)
	at org.chocosolver.solver.constraints.real.IbexHandler.getIbexInstance(IbexHandler.java:217)
	at org.chocosolver.solver.constraints.real.IbexHandler.contract(IbexHandler.java:121)
	at org.chocosolver.solver.constraints.real.RealPropagator.propagate(RealPropagator.java:84)
	at org.chocosolver.solver.propagation.PropagationEngine.execute(PropagationEngine.java:213)
	at org.chocosolver.solver.propagation.PropagationEngine.prepropagate(PropagationEngine.java:204)
	at org.chocosolver.solver.propagation.PropagationEngine.propagate(PropagationEngine.java:157)
	at org.chocosolver.solver.search.loop.propagate.PropagateBasic.execute(PropagateBasic.java:27)
	at org.chocosolver.solver.Solver.initialize(Solver.java:346)
	at org.chocosolver.solver.Solver.solve(Solver.java:254)
	at org.chocosolver.solver.search.IResolutionHelper.findAllSolutions(IResolutionHelper.java:141)
	at org.chocosolver.solver.constraints.real.RealTest.testJuha2(RealTest.java:652)
	at sun.reflect.NativeMethodAccessorImpl.invoke0(Native Method)
	at sun.reflect.NativeMethodAccessorImpl.invoke(NativeMethodAccessorImpl.java:62)
	at sun.reflect.DelegatingMethodAccessorImpl.invoke(DelegatingMethodAccessorImpl.java:43)
	at java.lang.reflect.Method.invoke(Method.java:498)
	at org.testng.internal.MethodInvocationHelper.invokeMethod(MethodInvocationHelper.java:108)
	at org.testng.internal.InvokeMethodRunnable.runOne(InvokeMethodRunnable.java:54)
	at org.testng.internal.InvokeMethodRunnable.run(InvokeMethodRunnable.java:44)
	at java.util.concurrent.Executors$RunnableAdapter.call(Executors.java:511)
	at java.util.concurrent.FutureTask.run(FutureTask.java:266)
	at java.util.concurrent.ThreadPoolExecutor.runWorker(ThreadPoolExecutor.java:1142)
	at java.util.concurrent.ThreadPoolExecutor$Worker.run(ThreadPoolExecutor.java:617)
	at java.lang.Thread.run(Thread.java:745)
]]>
    </error>
  </testcase> <!-- testJuha2 -->
  <testcase name="testJuha3" time="0.000" classname="org.chocosolver.solver.constraints.real.RealTest">
    <error type="java.lang.NoClassDefFoundError" message="Could not initialize class org.chocosolver.solver.constraints.real.Ibex">
      <![CDATA[java.lang.NoClassDefFoundError: Could not initialize class org.chocosolver.solver.constraints.real.Ibex
	at org.chocosolver.solver.constraints.real.IbexHandler.createInstance(IbexHandler.java:297)
	at org.chocosolver.solver.constraints.real.IbexHandler.getIbexInstance(IbexHandler.java:217)
	at org.chocosolver.solver.constraints.real.IbexHandler.contract(IbexHandler.java:121)
	at org.chocosolver.solver.constraints.real.RealPropagator.propagate(RealPropagator.java:84)
	at org.chocosolver.solver.propagation.PropagationEngine.execute(PropagationEngine.java:213)
	at org.chocosolver.solver.propagation.PropagationEngine.prepropagate(PropagationEngine.java:204)
	at org.chocosolver.solver.propagation.PropagationEngine.propagate(PropagationEngine.java:157)
	at org.chocosolver.solver.search.loop.propagate.PropagateBasic.execute(PropagateBasic.java:27)
	at org.chocosolver.solver.Solver.initialize(Solver.java:346)
	at org.chocosolver.solver.Solver.solve(Solver.java:254)
	at org.chocosolver.solver.search.IResolutionHelper.findAllSolutions(IResolutionHelper.java:141)
	at org.chocosolver.solver.constraints.real.RealTest.testJuha3(RealTest.java:672)
	at sun.reflect.NativeMethodAccessorImpl.invoke0(Native Method)
	at sun.reflect.NativeMethodAccessorImpl.invoke(NativeMethodAccessorImpl.java:62)
	at sun.reflect.DelegatingMethodAccessorImpl.invoke(DelegatingMethodAccessorImpl.java:43)
	at java.lang.reflect.Method.invoke(Method.java:498)
	at org.testng.internal.MethodInvocationHelper.invokeMethod(MethodInvocationHelper.java:108)
	at org.testng.internal.InvokeMethodRunnable.runOne(InvokeMethodRunnable.java:54)
	at org.testng.internal.InvokeMethodRunnable.run(InvokeMethodRunnable.java:44)
	at org.testng.internal.MethodInvocationHelper.invokeWithTimeoutWithNoExecutor(MethodInvocationHelper.java:257)
	at org.testng.internal.MethodInvocationHelper.invokeWithTimeout(MethodInvocationHelper.java:244)
	at org.testng.internal.Invoker.invokeMethod(Invoker.java:667)
	at org.testng.internal.Invoker.invokeTestMethod(Invoker.java:869)
	at org.testng.internal.Invoker.invokeTestMethods(Invoker.java:1193)
	at org.testng.internal.TestMethodWorker.invokeTestMethods(TestMethodWorker.java:126)
	at org.testng.internal.TestMethodWorker.run(TestMethodWorker.java:109)
	at org.testng.internal.thread.ThreadUtil$1.call(ThreadUtil.java:52)
	at java.util.concurrent.FutureTask.run(FutureTask.java:266)
	at java.util.concurrent.ThreadPoolExecutor.runWorker(ThreadPoolExecutor.java:1142)
	at java.util.concurrent.ThreadPoolExecutor$Worker.run(ThreadPoolExecutor.java:617)
	at java.lang.Thread.run(Thread.java:745)
]]>
    </error>
  </testcase> <!-- testJuha3 -->
  <testcase name="testHM2" time="0.001" classname="org.chocosolver.solver.constraints.real.RealTest">
    <error type="java.lang.NoClassDefFoundError" message="Could not initialize class org.chocosolver.solver.constraints.real.Ibex">
      <![CDATA[java.lang.NoClassDefFoundError: Could not initialize class org.chocosolver.solver.constraints.real.Ibex
	at org.chocosolver.solver.constraints.real.IbexHandler.createInstance(IbexHandler.java:297)
	at org.chocosolver.solver.constraints.real.IbexHandler.getIbexInstance(IbexHandler.java:217)
	at org.chocosolver.solver.constraints.real.IbexHandler.contract(IbexHandler.java:121)
	at org.chocosolver.solver.constraints.real.RealPropagator.propagate(RealPropagator.java:84)
	at org.chocosolver.solver.propagation.PropagationEngine.execute(PropagationEngine.java:213)
	at org.chocosolver.solver.propagation.PropagationEngine.prepropagate(PropagationEngine.java:204)
	at org.chocosolver.solver.propagation.PropagationEngine.propagate(PropagationEngine.java:157)
	at org.chocosolver.solver.search.loop.propagate.PropagateBasic.execute(PropagateBasic.java:27)
	at org.chocosolver.solver.Solver.initialize(Solver.java:346)
	at org.chocosolver.solver.Solver.solve(Solver.java:254)
	at org.chocosolver.solver.constraints.real.RealTest.testHM2(RealTest.java:230)
	at sun.reflect.NativeMethodAccessorImpl.invoke0(Native Method)
	at sun.reflect.NativeMethodAccessorImpl.invoke(NativeMethodAccessorImpl.java:62)
	at sun.reflect.DelegatingMethodAccessorImpl.invoke(DelegatingMethodAccessorImpl.java:43)
	at java.lang.reflect.Method.invoke(Method.java:498)
	at org.testng.internal.MethodInvocationHelper.invokeMethod(MethodInvocationHelper.java:108)
	at org.testng.internal.InvokeMethodRunnable.runOne(InvokeMethodRunnable.java:54)
	at org.testng.internal.InvokeMethodRunnable.run(InvokeMethodRunnable.java:44)
	at java.util.concurrent.Executors$RunnableAdapter.call(Executors.java:511)
	at java.util.concurrent.FutureTask.run(FutureTask.java:266)
	at java.util.concurrent.ThreadPoolExecutor.runWorker(ThreadPoolExecutor.java:1142)
	at java.util.concurrent.ThreadPoolExecutor$Worker.run(ThreadPoolExecutor.java:617)
	at java.lang.Thread.run(Thread.java:745)
]]>
    </error>
  </testcase> <!-- testHM2 -->
  <testcase name="testDetec" time="0.001" classname="org.chocosolver.solver.constraints.real.RealTest"/>
  <testcase name="testHM1" time="0.001" classname="org.chocosolver.solver.constraints.real.RealTest">
    <error type="java.lang.NoClassDefFoundError" message="Could not initialize class org.chocosolver.solver.constraints.real.Ibex">
      <![CDATA[java.lang.NoClassDefFoundError: Could not initialize class org.chocosolver.solver.constraints.real.Ibex
	at org.chocosolver.solver.constraints.real.IbexHandler.createInstance(IbexHandler.java:297)
	at org.chocosolver.solver.constraints.real.IbexHandler.getIbexInstance(IbexHandler.java:217)
	at org.chocosolver.solver.constraints.real.IbexHandler.contract(IbexHandler.java:121)
	at org.chocosolver.solver.constraints.real.RealPropagator.propagate(RealPropagator.java:84)
	at org.chocosolver.solver.propagation.PropagationEngine.execute(PropagationEngine.java:213)
	at org.chocosolver.solver.propagation.PropagationEngine.prepropagate(PropagationEngine.java:204)
	at org.chocosolver.solver.propagation.PropagationEngine.propagate(PropagationEngine.java:157)
	at org.chocosolver.solver.search.loop.propagate.PropagateBasic.execute(PropagateBasic.java:27)
	at org.chocosolver.solver.Solver.initialize(Solver.java:346)
	at org.chocosolver.solver.Solver.solve(Solver.java:254)
	at org.chocosolver.solver.constraints.real.RealTest.testHM1(RealTest.java:214)
	at sun.reflect.NativeMethodAccessorImpl.invoke0(Native Method)
	at sun.reflect.NativeMethodAccessorImpl.invoke(NativeMethodAccessorImpl.java:62)
	at sun.reflect.DelegatingMethodAccessorImpl.invoke(DelegatingMethodAccessorImpl.java:43)
	at java.lang.reflect.Method.invoke(Method.java:498)
	at org.testng.internal.MethodInvocationHelper.invokeMethod(MethodInvocationHelper.java:108)
	at org.testng.internal.InvokeMethodRunnable.runOne(InvokeMethodRunnable.java:54)
	at org.testng.internal.InvokeMethodRunnable.run(InvokeMethodRunnable.java:44)
	at java.util.concurrent.Executors$RunnableAdapter.call(Executors.java:511)
	at java.util.concurrent.FutureTask.run(FutureTask.java:266)
	at java.util.concurrent.ThreadPoolExecutor.runWorker(ThreadPoolExecutor.java:1142)
	at java.util.concurrent.ThreadPoolExecutor$Worker.run(ThreadPoolExecutor.java:617)
	at java.lang.Thread.run(Thread.java:745)
]]>
    </error>
  </testcase> <!-- testHM1 -->
  <testcase name="testJuha4" time="0.000" classname="org.chocosolver.solver.constraints.real.RealTest">
    <error type="java.lang.NoClassDefFoundError" message="Could not initialize class org.chocosolver.solver.constraints.real.Ibex">
      <![CDATA[java.lang.NoClassDefFoundError: Could not initialize class org.chocosolver.solver.constraints.real.Ibex
	at org.chocosolver.solver.constraints.real.RealTest.testJuha4(RealTest.java:684)
	at sun.reflect.NativeMethodAccessorImpl.invoke0(Native Method)
	at sun.reflect.NativeMethodAccessorImpl.invoke(NativeMethodAccessorImpl.java:62)
	at sun.reflect.DelegatingMethodAccessorImpl.invoke(DelegatingMethodAccessorImpl.java:43)
	at java.lang.reflect.Method.invoke(Method.java:498)
	at org.testng.internal.MethodInvocationHelper.invokeMethod(MethodInvocationHelper.java:108)
	at org.testng.internal.InvokeMethodRunnable.runOne(InvokeMethodRunnable.java:54)
	at org.testng.internal.InvokeMethodRunnable.run(InvokeMethodRunnable.java:44)
	at org.testng.internal.MethodInvocationHelper.invokeWithTimeoutWithNoExecutor(MethodInvocationHelper.java:257)
	at org.testng.internal.MethodInvocationHelper.invokeWithTimeout(MethodInvocationHelper.java:244)
	at org.testng.internal.Invoker.invokeMethod(Invoker.java:667)
	at org.testng.internal.Invoker.invokeTestMethod(Invoker.java:869)
	at org.testng.internal.Invoker.invokeTestMethods(Invoker.java:1193)
	at org.testng.internal.TestMethodWorker.invokeTestMethods(TestMethodWorker.java:126)
	at org.testng.internal.TestMethodWorker.run(TestMethodWorker.java:109)
	at org.testng.internal.thread.ThreadUtil$1.call(ThreadUtil.java:52)
	at java.util.concurrent.FutureTask.run(FutureTask.java:266)
	at java.util.concurrent.ThreadPoolExecutor.runWorker(ThreadPoolExecutor.java:1142)
	at java.util.concurrent.ThreadPoolExecutor$Worker.run(ThreadPoolExecutor.java:617)
	at java.lang.Thread.run(Thread.java:745)
]]>
    </error>
  </testcase> <!-- testJuha4 -->
  <testcase name="testJJ2" time="0.000" classname="org.chocosolver.solver.constraints.real.RealTest">
    <error type="java.lang.NoClassDefFoundError" message="Could not initialize class org.chocosolver.solver.constraints.real.Ibex">
      <![CDATA[java.lang.NoClassDefFoundError: Could not initialize class org.chocosolver.solver.constraints.real.Ibex
	at org.chocosolver.solver.constraints.real.RealTest.testJJ2(RealTest.java:515)
	at sun.reflect.NativeMethodAccessorImpl.invoke0(Native Method)
	at sun.reflect.NativeMethodAccessorImpl.invoke(NativeMethodAccessorImpl.java:62)
	at sun.reflect.DelegatingMethodAccessorImpl.invoke(DelegatingMethodAccessorImpl.java:43)
	at java.lang.reflect.Method.invoke(Method.java:498)
	at org.testng.internal.MethodInvocationHelper.invokeMethod(MethodInvocationHelper.java:108)
	at org.testng.internal.InvokeMethodRunnable.runOne(InvokeMethodRunnable.java:54)
	at org.testng.internal.InvokeMethodRunnable.run(InvokeMethodRunnable.java:44)
	at java.util.concurrent.Executors$RunnableAdapter.call(Executors.java:511)
	at java.util.concurrent.FutureTask.run(FutureTask.java:266)
	at java.util.concurrent.ThreadPoolExecutor.runWorker(ThreadPoolExecutor.java:1142)
	at java.util.concurrent.ThreadPoolExecutor$Worker.run(ThreadPoolExecutor.java:617)
	at java.lang.Thread.run(Thread.java:745)
]]>
    </error>
  </testcase> <!-- testJJ2 -->
  <testcase name="testRoberto4" time="0.001" classname="org.chocosolver.solver.constraints.real.RealTest">
    <error type="java.lang.NoClassDefFoundError" message="Could not initialize class org.chocosolver.solver.constraints.real.Ibex">
      <![CDATA[java.lang.NoClassDefFoundError: Could not initialize class org.chocosolver.solver.constraints.real.Ibex
	at org.chocosolver.solver.constraints.real.RealTest.testRoberto4(RealTest.java:764)
	at sun.reflect.NativeMethodAccessorImpl.invoke0(Native Method)
	at sun.reflect.NativeMethodAccessorImpl.invoke(NativeMethodAccessorImpl.java:62)
	at sun.reflect.DelegatingMethodAccessorImpl.invoke(DelegatingMethodAccessorImpl.java:43)
	at java.lang.reflect.Method.invoke(Method.java:498)
	at org.testng.internal.MethodInvocationHelper.invokeMethod(MethodInvocationHelper.java:108)
	at org.testng.internal.InvokeMethodRunnable.runOne(InvokeMethodRunnable.java:54)
	at org.testng.internal.InvokeMethodRunnable.run(InvokeMethodRunnable.java:44)
	at java.util.concurrent.Executors$RunnableAdapter.call(Executors.java:511)
	at java.util.concurrent.FutureTask.run(FutureTask.java:266)
	at java.util.concurrent.ThreadPoolExecutor.runWorker(ThreadPoolExecutor.java:1142)
	at java.util.concurrent.ThreadPoolExecutor$Worker.run(ThreadPoolExecutor.java:617)
	at java.lang.Thread.run(Thread.java:745)
]]>
    </error>
  </testcase> <!-- testRoberto4 -->
  <testcase name="testJuha3" time="0.001" classname="org.chocosolver.solver.constraints.real.RealTest">
    <error type="java.lang.NoClassDefFoundError" message="Could not initialize class org.chocosolver.solver.constraints.real.Ibex">
      <![CDATA[java.lang.NoClassDefFoundError: Could not initialize class org.chocosolver.solver.constraints.real.Ibex
	at org.chocosolver.solver.constraints.real.IbexHandler.createInstance(IbexHandler.java:297)
	at org.chocosolver.solver.constraints.real.IbexHandler.getIbexInstance(IbexHandler.java:217)
	at org.chocosolver.solver.constraints.real.IbexHandler.contract(IbexHandler.java:121)
	at org.chocosolver.solver.constraints.real.RealPropagator.propagate(RealPropagator.java:84)
	at org.chocosolver.solver.propagation.PropagationEngine.execute(PropagationEngine.java:213)
	at org.chocosolver.solver.propagation.PropagationEngine.prepropagate(PropagationEngine.java:204)
	at org.chocosolver.solver.propagation.PropagationEngine.propagate(PropagationEngine.java:157)
	at org.chocosolver.solver.search.loop.propagate.PropagateBasic.execute(PropagateBasic.java:27)
	at org.chocosolver.solver.Solver.initialize(Solver.java:346)
	at org.chocosolver.solver.Solver.solve(Solver.java:254)
	at org.chocosolver.solver.search.IResolutionHelper.findAllSolutions(IResolutionHelper.java:141)
	at org.chocosolver.solver.constraints.real.RealTest.testJuha3(RealTest.java:672)
	at sun.reflect.NativeMethodAccessorImpl.invoke0(Native Method)
	at sun.reflect.NativeMethodAccessorImpl.invoke(NativeMethodAccessorImpl.java:62)
	at sun.reflect.DelegatingMethodAccessorImpl.invoke(DelegatingMethodAccessorImpl.java:43)
	at java.lang.reflect.Method.invoke(Method.java:498)
	at org.testng.internal.MethodInvocationHelper.invokeMethod(MethodInvocationHelper.java:108)
	at org.testng.internal.InvokeMethodRunnable.runOne(InvokeMethodRunnable.java:54)
	at org.testng.internal.InvokeMethodRunnable.run(InvokeMethodRunnable.java:44)
	at org.testng.internal.MethodInvocationHelper.invokeWithTimeoutWithNoExecutor(MethodInvocationHelper.java:257)
	at org.testng.internal.MethodInvocationHelper.invokeWithTimeout(MethodInvocationHelper.java:244)
	at org.testng.internal.Invoker.invokeMethod(Invoker.java:667)
	at org.testng.internal.Invoker.invokeTestMethod(Invoker.java:869)
	at org.testng.internal.Invoker.invokeTestMethods(Invoker.java:1193)
	at org.testng.internal.TestMethodWorker.invokeTestMethods(TestMethodWorker.java:126)
	at org.testng.internal.TestMethodWorker.run(TestMethodWorker.java:109)
	at org.testng.internal.thread.ThreadUtil$1.call(ThreadUtil.java:52)
	at java.util.concurrent.FutureTask.run(FutureTask.java:266)
	at java.util.concurrent.ThreadPoolExecutor.runWorker(ThreadPoolExecutor.java:1142)
	at java.util.concurrent.ThreadPoolExecutor$Worker.run(ThreadPoolExecutor.java:617)
	at java.lang.Thread.run(Thread.java:745)
]]>
    </error>
  </testcase> <!-- testJuha3 -->
  <testcase name="testJuha3" time="0.000" classname="org.chocosolver.solver.constraints.real.RealTest">
    <error type="java.lang.NoClassDefFoundError" message="Could not initialize class org.chocosolver.solver.constraints.real.Ibex">
      <![CDATA[java.lang.NoClassDefFoundError: Could not initialize class org.chocosolver.solver.constraints.real.Ibex
	at org.chocosolver.solver.constraints.real.IbexHandler.createInstance(IbexHandler.java:297)
	at org.chocosolver.solver.constraints.real.IbexHandler.getIbexInstance(IbexHandler.java:217)
	at org.chocosolver.solver.constraints.real.IbexHandler.contract(IbexHandler.java:121)
	at org.chocosolver.solver.constraints.real.RealPropagator.propagate(RealPropagator.java:84)
	at org.chocosolver.solver.propagation.PropagationEngine.execute(PropagationEngine.java:213)
	at org.chocosolver.solver.propagation.PropagationEngine.prepropagate(PropagationEngine.java:204)
	at org.chocosolver.solver.propagation.PropagationEngine.propagate(PropagationEngine.java:157)
	at org.chocosolver.solver.search.loop.propagate.PropagateBasic.execute(PropagateBasic.java:27)
	at org.chocosolver.solver.Solver.initialize(Solver.java:346)
	at org.chocosolver.solver.Solver.solve(Solver.java:254)
	at org.chocosolver.solver.search.IResolutionHelper.findAllSolutions(IResolutionHelper.java:141)
	at org.chocosolver.solver.constraints.real.RealTest.testJuha3(RealTest.java:672)
	at sun.reflect.NativeMethodAccessorImpl.invoke0(Native Method)
	at sun.reflect.NativeMethodAccessorImpl.invoke(NativeMethodAccessorImpl.java:62)
	at sun.reflect.DelegatingMethodAccessorImpl.invoke(DelegatingMethodAccessorImpl.java:43)
	at java.lang.reflect.Method.invoke(Method.java:498)
	at org.testng.internal.MethodInvocationHelper.invokeMethod(MethodInvocationHelper.java:108)
	at org.testng.internal.InvokeMethodRunnable.runOne(InvokeMethodRunnable.java:54)
	at org.testng.internal.InvokeMethodRunnable.run(InvokeMethodRunnable.java:44)
	at org.testng.internal.MethodInvocationHelper.invokeWithTimeoutWithNoExecutor(MethodInvocationHelper.java:257)
	at org.testng.internal.MethodInvocationHelper.invokeWithTimeout(MethodInvocationHelper.java:244)
	at org.testng.internal.Invoker.invokeMethod(Invoker.java:667)
	at org.testng.internal.Invoker.invokeTestMethod(Invoker.java:869)
	at org.testng.internal.Invoker.invokeTestMethods(Invoker.java:1193)
	at org.testng.internal.TestMethodWorker.invokeTestMethods(TestMethodWorker.java:126)
	at org.testng.internal.TestMethodWorker.run(TestMethodWorker.java:109)
	at org.testng.internal.thread.ThreadUtil$1.call(ThreadUtil.java:52)
	at java.util.concurrent.FutureTask.run(FutureTask.java:266)
	at java.util.concurrent.ThreadPoolExecutor.runWorker(ThreadPoolExecutor.java:1142)
	at java.util.concurrent.ThreadPoolExecutor$Worker.run(ThreadPoolExecutor.java:617)
	at java.lang.Thread.run(Thread.java:745)
]]>
    </error>
  </testcase> <!-- testJuha3 -->
  <testcase name="testJuha3" time="0.000" classname="org.chocosolver.solver.constraints.real.RealTest">
    <error type="java.lang.NoClassDefFoundError" message="Could not initialize class org.chocosolver.solver.constraints.real.Ibex">
      <![CDATA[java.lang.NoClassDefFoundError: Could not initialize class org.chocosolver.solver.constraints.real.Ibex
	at org.chocosolver.solver.constraints.real.IbexHandler.createInstance(IbexHandler.java:297)
	at org.chocosolver.solver.constraints.real.IbexHandler.getIbexInstance(IbexHandler.java:217)
	at org.chocosolver.solver.constraints.real.IbexHandler.contract(IbexHandler.java:121)
	at org.chocosolver.solver.constraints.real.RealPropagator.propagate(RealPropagator.java:84)
	at org.chocosolver.solver.propagation.PropagationEngine.execute(PropagationEngine.java:213)
	at org.chocosolver.solver.propagation.PropagationEngine.prepropagate(PropagationEngine.java:204)
	at org.chocosolver.solver.propagation.PropagationEngine.propagate(PropagationEngine.java:157)
	at org.chocosolver.solver.search.loop.propagate.PropagateBasic.execute(PropagateBasic.java:27)
	at org.chocosolver.solver.Solver.initialize(Solver.java:346)
	at org.chocosolver.solver.Solver.solve(Solver.java:254)
	at org.chocosolver.solver.search.IResolutionHelper.findAllSolutions(IResolutionHelper.java:141)
	at org.chocosolver.solver.constraints.real.RealTest.testJuha3(RealTest.java:672)
	at sun.reflect.NativeMethodAccessorImpl.invoke0(Native Method)
	at sun.reflect.NativeMethodAccessorImpl.invoke(NativeMethodAccessorImpl.java:62)
	at sun.reflect.DelegatingMethodAccessorImpl.invoke(DelegatingMethodAccessorImpl.java:43)
	at java.lang.reflect.Method.invoke(Method.java:498)
	at org.testng.internal.MethodInvocationHelper.invokeMethod(MethodInvocationHelper.java:108)
	at org.testng.internal.InvokeMethodRunnable.runOne(InvokeMethodRunnable.java:54)
	at org.testng.internal.InvokeMethodRunnable.run(InvokeMethodRunnable.java:44)
	at org.testng.internal.MethodInvocationHelper.invokeWithTimeoutWithNoExecutor(MethodInvocationHelper.java:257)
	at org.testng.internal.MethodInvocationHelper.invokeWithTimeout(MethodInvocationHelper.java:244)
	at org.testng.internal.Invoker.invokeMethod(Invoker.java:667)
	at org.testng.internal.Invoker.invokeTestMethod(Invoker.java:869)
	at org.testng.internal.Invoker.invokeTestMethods(Invoker.java:1193)
	at org.testng.internal.TestMethodWorker.invokeTestMethods(TestMethodWorker.java:126)
	at org.testng.internal.TestMethodWorker.run(TestMethodWorker.java:109)
	at org.testng.internal.thread.ThreadUtil$1.call(ThreadUtil.java:52)
	at java.util.concurrent.FutureTask.run(FutureTask.java:266)
	at java.util.concurrent.ThreadPoolExecutor.runWorker(ThreadPoolExecutor.java:1142)
	at java.util.concurrent.ThreadPoolExecutor$Worker.run(ThreadPoolExecutor.java:617)
	at java.lang.Thread.run(Thread.java:745)
]]>
    </error>
  </testcase> <!-- testJuha3 -->
  <testcase name="testJuha3" time="0.000" classname="org.chocosolver.solver.constraints.real.RealTest">
    <error type="java.lang.NoClassDefFoundError" message="Could not initialize class org.chocosolver.solver.constraints.real.Ibex">
      <![CDATA[java.lang.NoClassDefFoundError: Could not initialize class org.chocosolver.solver.constraints.real.Ibex
	at org.chocosolver.solver.constraints.real.IbexHandler.createInstance(IbexHandler.java:297)
	at org.chocosolver.solver.constraints.real.IbexHandler.getIbexInstance(IbexHandler.java:217)
	at org.chocosolver.solver.constraints.real.IbexHandler.contract(IbexHandler.java:121)
	at org.chocosolver.solver.constraints.real.RealPropagator.propagate(RealPropagator.java:84)
	at org.chocosolver.solver.propagation.PropagationEngine.execute(PropagationEngine.java:213)
	at org.chocosolver.solver.propagation.PropagationEngine.prepropagate(PropagationEngine.java:204)
	at org.chocosolver.solver.propagation.PropagationEngine.propagate(PropagationEngine.java:157)
	at org.chocosolver.solver.search.loop.propagate.PropagateBasic.execute(PropagateBasic.java:27)
	at org.chocosolver.solver.Solver.initialize(Solver.java:346)
	at org.chocosolver.solver.Solver.solve(Solver.java:254)
	at org.chocosolver.solver.search.IResolutionHelper.findAllSolutions(IResolutionHelper.java:141)
	at org.chocosolver.solver.constraints.real.RealTest.testJuha3(RealTest.java:672)
	at sun.reflect.NativeMethodAccessorImpl.invoke0(Native Method)
	at sun.reflect.NativeMethodAccessorImpl.invoke(NativeMethodAccessorImpl.java:62)
	at sun.reflect.DelegatingMethodAccessorImpl.invoke(DelegatingMethodAccessorImpl.java:43)
	at java.lang.reflect.Method.invoke(Method.java:498)
	at org.testng.internal.MethodInvocationHelper.invokeMethod(MethodInvocationHelper.java:108)
	at org.testng.internal.InvokeMethodRunnable.runOne(InvokeMethodRunnable.java:54)
	at org.testng.internal.InvokeMethodRunnable.run(InvokeMethodRunnable.java:44)
	at org.testng.internal.MethodInvocationHelper.invokeWithTimeoutWithNoExecutor(MethodInvocationHelper.java:257)
	at org.testng.internal.MethodInvocationHelper.invokeWithTimeout(MethodInvocationHelper.java:244)
	at org.testng.internal.Invoker.invokeMethod(Invoker.java:667)
	at org.testng.internal.Invoker.invokeTestMethod(Invoker.java:869)
	at org.testng.internal.Invoker.invokeTestMethods(Invoker.java:1193)
	at org.testng.internal.TestMethodWorker.invokeTestMethods(TestMethodWorker.java:126)
	at org.testng.internal.TestMethodWorker.run(TestMethodWorker.java:109)
	at org.testng.internal.thread.ThreadUtil$1.call(ThreadUtil.java:52)
	at java.util.concurrent.FutureTask.run(FutureTask.java:266)
	at java.util.concurrent.ThreadPoolExecutor.runWorker(ThreadPoolExecutor.java:1142)
	at java.util.concurrent.ThreadPoolExecutor$Worker.run(ThreadPoolExecutor.java:617)
	at java.lang.Thread.run(Thread.java:745)
]]>
    </error>
  </testcase> <!-- testJuha3 -->
  <testcase name="testFreemajb1" time="0.001" classname="org.chocosolver.solver.constraints.real.RealTest">
    <error type="java.lang.NoClassDefFoundError" message="Could not initialize class org.chocosolver.solver.constraints.real.Ibex">
      <![CDATA[java.lang.NoClassDefFoundError: Could not initialize class org.chocosolver.solver.constraints.real.Ibex
	at org.chocosolver.solver.constraints.real.IbexHandler.createInstance(IbexHandler.java:297)
	at org.chocosolver.solver.constraints.real.IbexHandler.getIbexInstance(IbexHandler.java:217)
	at org.chocosolver.solver.constraints.real.IbexHandler.contract(IbexHandler.java:121)
	at org.chocosolver.solver.constraints.real.RealPropagator.propagate(RealPropagator.java:84)
	at org.chocosolver.solver.propagation.PropagationEngine.execute(PropagationEngine.java:213)
	at org.chocosolver.solver.propagation.PropagationEngine.prepropagate(PropagationEngine.java:204)
	at org.chocosolver.solver.propagation.PropagationEngine.propagate(PropagationEngine.java:157)
	at org.chocosolver.solver.search.loop.propagate.PropagateBasic.execute(PropagateBasic.java:27)
	at org.chocosolver.solver.Solver.initialize(Solver.java:346)
	at org.chocosolver.solver.Solver.solve(Solver.java:254)
	at org.chocosolver.solver.constraints.real.RealTest.testFreemajb1(RealTest.java:148)
	at sun.reflect.NativeMethodAccessorImpl.invoke0(Native Method)
	at sun.reflect.NativeMethodAccessorImpl.invoke(NativeMethodAccessorImpl.java:62)
	at sun.reflect.DelegatingMethodAccessorImpl.invoke(DelegatingMethodAccessorImpl.java:43)
	at java.lang.reflect.Method.invoke(Method.java:498)
	at org.testng.internal.MethodInvocationHelper.invokeMethod(MethodInvocationHelper.java:108)
	at org.testng.internal.InvokeMethodRunnable.runOne(InvokeMethodRunnable.java:54)
	at org.testng.internal.InvokeMethodRunnable.run(InvokeMethodRunnable.java:44)
	at java.util.concurrent.Executors$RunnableAdapter.call(Executors.java:511)
	at java.util.concurrent.FutureTask.run(FutureTask.java:266)
	at java.util.concurrent.ThreadPoolExecutor.runWorker(ThreadPoolExecutor.java:1142)
	at java.util.concurrent.ThreadPoolExecutor$Worker.run(ThreadPoolExecutor.java:617)
	at java.lang.Thread.run(Thread.java:745)
]]>
    </error>
  </testcase> <!-- testFreemajb1 -->
  <testcase name="testPG1" time="0.000" classname="org.chocosolver.solver.constraints.real.RealTest">
    <error type="java.lang.NoClassDefFoundError" message="Could not initialize class org.chocosolver.solver.constraints.real.Ibex">
      <![CDATA[java.lang.NoClassDefFoundError: Could not initialize class org.chocosolver.solver.constraints.real.Ibex
	at org.chocosolver.solver.constraints.real.IbexHandler.createInstance(IbexHandler.java:297)
	at org.chocosolver.solver.constraints.real.IbexHandler.getIbexInstance(IbexHandler.java:217)
	at org.chocosolver.solver.constraints.real.IbexHandler.contract(IbexHandler.java:121)
	at org.chocosolver.solver.constraints.real.RealPropagator.propagate(RealPropagator.java:84)
	at org.chocosolver.solver.propagation.PropagationEngine.execute(PropagationEngine.java:213)
	at org.chocosolver.solver.propagation.PropagationEngine.prepropagate(PropagationEngine.java:204)
	at org.chocosolver.solver.propagation.PropagationEngine.propagate(PropagationEngine.java:157)
	at org.chocosolver.solver.search.loop.propagate.PropagateBasic.execute(PropagateBasic.java:27)
	at org.chocosolver.solver.Solver.initialize(Solver.java:346)
	at org.chocosolver.solver.Solver.solve(Solver.java:254)
	at org.chocosolver.solver.constraints.real.RealTest.testPG1(RealTest.java:254)
	at sun.reflect.NativeMethodAccessorImpl.invoke0(Native Method)
	at sun.reflect.NativeMethodAccessorImpl.invoke(NativeMethodAccessorImpl.java:62)
	at sun.reflect.DelegatingMethodAccessorImpl.invoke(DelegatingMethodAccessorImpl.java:43)
	at java.lang.reflect.Method.invoke(Method.java:498)
	at org.testng.internal.MethodInvocationHelper.invokeMethod(MethodInvocationHelper.java:108)
	at org.testng.internal.Invoker.invokeMethod(Invoker.java:661)
	at org.testng.internal.Invoker.invokeTestMethod(Invoker.java:869)
	at org.testng.internal.Invoker.invokeTestMethods(Invoker.java:1193)
	at org.testng.internal.TestMethodWorker.invokeTestMethods(TestMethodWorker.java:126)
	at org.testng.internal.TestMethodWorker.run(TestMethodWorker.java:109)
	at org.testng.TestRunner.privateRun(TestRunner.java:744)
	at org.testng.TestRunner.run(TestRunner.java:602)
	at org.testng.SuiteRunner.runTest(SuiteRunner.java:380)
	at org.testng.SuiteRunner.runSequentially(SuiteRunner.java:375)
	at org.testng.SuiteRunner.privateRun(SuiteRunner.java:340)
	at org.testng.SuiteRunner.run(SuiteRunner.java:289)
	at org.testng.SuiteRunnerWorker.runSuite(SuiteRunnerWorker.java:52)
	at org.testng.SuiteRunnerWorker.run(SuiteRunnerWorker.java:86)
	at org.testng.TestNG.runSuitesSequentially(TestNG.java:1301)
	at org.testng.TestNG.runSuitesLocally(TestNG.java:1226)
	at org.testng.TestNG.runSuites(TestNG.java:1144)
	at org.testng.TestNG.run(TestNG.java:1115)
	at org.apache.maven.surefire.testng.TestNGExecutor.run(TestNGExecutor.java:132)
	at org.apache.maven.surefire.testng.TestNGDirectoryTestSuite.executeMulti(TestNGDirectoryTestSuite.java:193)
	at org.apache.maven.surefire.testng.TestNGDirectoryTestSuite.execute(TestNGDirectoryTestSuite.java:94)
	at org.apache.maven.surefire.testng.TestNGProvider.invoke(TestNGProvider.java:147)
	at org.apache.maven.surefire.booter.ForkedBooter.invokeProviderInSameClassLoader(ForkedBooter.java:290)
	at org.apache.maven.surefire.booter.ForkedBooter.runSuitesInProcess(ForkedBooter.java:242)
	at org.apache.maven.surefire.booter.ForkedBooter.main(ForkedBooter.java:121)
]]>
    </error>
  </testcase> <!-- testPG1 -->
  <testcase name="testJJ3" time="0.000" classname="org.chocosolver.solver.constraints.real.RealTest">
    <error type="java.lang.NoClassDefFoundError" message="Could not initialize class org.chocosolver.solver.constraints.real.Ibex">
      <![CDATA[java.lang.NoClassDefFoundError: Could not initialize class org.chocosolver.solver.constraints.real.Ibex
	at org.chocosolver.solver.constraints.real.RealTest.testJJ3(RealTest.java:526)
	at sun.reflect.NativeMethodAccessorImpl.invoke0(Native Method)
	at sun.reflect.NativeMethodAccessorImpl.invoke(NativeMethodAccessorImpl.java:62)
	at sun.reflect.DelegatingMethodAccessorImpl.invoke(DelegatingMethodAccessorImpl.java:43)
	at java.lang.reflect.Method.invoke(Method.java:498)
	at org.testng.internal.MethodInvocationHelper.invokeMethod(MethodInvocationHelper.java:108)
	at org.testng.internal.InvokeMethodRunnable.runOne(InvokeMethodRunnable.java:54)
	at org.testng.internal.InvokeMethodRunnable.run(InvokeMethodRunnable.java:44)
	at java.util.concurrent.Executors$RunnableAdapter.call(Executors.java:511)
	at java.util.concurrent.FutureTask.run(FutureTask.java:266)
	at java.util.concurrent.ThreadPoolExecutor.runWorker(ThreadPoolExecutor.java:1142)
	at java.util.concurrent.ThreadPoolExecutor$Worker.run(ThreadPoolExecutor.java:617)
	at java.lang.Thread.run(Thread.java:745)
]]>
    </error>
  </testcase> <!-- testJJ3 -->
  <testcase name="testJuha4" time="0.001" classname="org.chocosolver.solver.constraints.real.RealTest">
    <error type="java.lang.NoClassDefFoundError" message="Could not initialize class org.chocosolver.solver.constraints.real.Ibex">
      <![CDATA[java.lang.NoClassDefFoundError: Could not initialize class org.chocosolver.solver.constraints.real.Ibex
	at org.chocosolver.solver.constraints.real.RealTest.testJuha4(RealTest.java:684)
	at sun.reflect.NativeMethodAccessorImpl.invoke0(Native Method)
	at sun.reflect.NativeMethodAccessorImpl.invoke(NativeMethodAccessorImpl.java:62)
	at sun.reflect.DelegatingMethodAccessorImpl.invoke(DelegatingMethodAccessorImpl.java:43)
	at java.lang.reflect.Method.invoke(Method.java:498)
	at org.testng.internal.MethodInvocationHelper.invokeMethod(MethodInvocationHelper.java:108)
	at org.testng.internal.InvokeMethodRunnable.runOne(InvokeMethodRunnable.java:54)
	at org.testng.internal.InvokeMethodRunnable.run(InvokeMethodRunnable.java:44)
	at org.testng.internal.MethodInvocationHelper.invokeWithTimeoutWithNoExecutor(MethodInvocationHelper.java:257)
	at org.testng.internal.MethodInvocationHelper.invokeWithTimeout(MethodInvocationHelper.java:244)
	at org.testng.internal.Invoker.invokeMethod(Invoker.java:667)
	at org.testng.internal.Invoker.invokeTestMethod(Invoker.java:869)
	at org.testng.internal.Invoker.invokeTestMethods(Invoker.java:1193)
	at org.testng.internal.TestMethodWorker.invokeTestMethods(TestMethodWorker.java:126)
	at org.testng.internal.TestMethodWorker.run(TestMethodWorker.java:109)
	at org.testng.internal.thread.ThreadUtil$1.call(ThreadUtil.java:52)
	at java.util.concurrent.FutureTask.run(FutureTask.java:266)
	at java.util.concurrent.ThreadPoolExecutor.runWorker(ThreadPoolExecutor.java:1142)
	at java.util.concurrent.ThreadPoolExecutor$Worker.run(ThreadPoolExecutor.java:617)
	at java.lang.Thread.run(Thread.java:745)
]]>
    </error>
  </testcase> <!-- testJuha4 -->
  <testcase name="testJuha3" time="0.000" classname="org.chocosolver.solver.constraints.real.RealTest">
    <error type="java.lang.NoClassDefFoundError" message="Could not initialize class org.chocosolver.solver.constraints.real.Ibex">
      <![CDATA[java.lang.NoClassDefFoundError: Could not initialize class org.chocosolver.solver.constraints.real.Ibex
	at org.chocosolver.solver.constraints.real.IbexHandler.createInstance(IbexHandler.java:297)
	at org.chocosolver.solver.constraints.real.IbexHandler.getIbexInstance(IbexHandler.java:217)
	at org.chocosolver.solver.constraints.real.IbexHandler.contract(IbexHandler.java:121)
	at org.chocosolver.solver.constraints.real.RealPropagator.propagate(RealPropagator.java:84)
	at org.chocosolver.solver.propagation.PropagationEngine.execute(PropagationEngine.java:213)
	at org.chocosolver.solver.propagation.PropagationEngine.prepropagate(PropagationEngine.java:204)
	at org.chocosolver.solver.propagation.PropagationEngine.propagate(PropagationEngine.java:157)
	at org.chocosolver.solver.search.loop.propagate.PropagateBasic.execute(PropagateBasic.java:27)
	at org.chocosolver.solver.Solver.initialize(Solver.java:346)
	at org.chocosolver.solver.Solver.solve(Solver.java:254)
	at org.chocosolver.solver.search.IResolutionHelper.findAllSolutions(IResolutionHelper.java:141)
	at org.chocosolver.solver.constraints.real.RealTest.testJuha3(RealTest.java:672)
	at sun.reflect.NativeMethodAccessorImpl.invoke0(Native Method)
	at sun.reflect.NativeMethodAccessorImpl.invoke(NativeMethodAccessorImpl.java:62)
	at sun.reflect.DelegatingMethodAccessorImpl.invoke(DelegatingMethodAccessorImpl.java:43)
	at java.lang.reflect.Method.invoke(Method.java:498)
	at org.testng.internal.MethodInvocationHelper.invokeMethod(MethodInvocationHelper.java:108)
	at org.testng.internal.InvokeMethodRunnable.runOne(InvokeMethodRunnable.java:54)
	at org.testng.internal.InvokeMethodRunnable.run(InvokeMethodRunnable.java:44)
	at org.testng.internal.MethodInvocationHelper.invokeWithTimeoutWithNoExecutor(MethodInvocationHelper.java:257)
	at org.testng.internal.MethodInvocationHelper.invokeWithTimeout(MethodInvocationHelper.java:244)
	at org.testng.internal.Invoker.invokeMethod(Invoker.java:667)
	at org.testng.internal.Invoker.invokeTestMethod(Invoker.java:869)
	at org.testng.internal.Invoker.invokeTestMethods(Invoker.java:1193)
	at org.testng.internal.TestMethodWorker.invokeTestMethods(TestMethodWorker.java:126)
	at org.testng.internal.TestMethodWorker.run(TestMethodWorker.java:109)
	at org.testng.internal.thread.ThreadUtil$1.call(ThreadUtil.java:52)
	at java.util.concurrent.FutureTask.run(FutureTask.java:266)
	at java.util.concurrent.ThreadPoolExecutor.runWorker(ThreadPoolExecutor.java:1142)
	at java.util.concurrent.ThreadPoolExecutor$Worker.run(ThreadPoolExecutor.java:617)
	at java.lang.Thread.run(Thread.java:745)
]]>
    </error>
  </testcase> <!-- testJuha3 -->
  <testcase name="testJuha4" time="0.001" classname="org.chocosolver.solver.constraints.real.RealTest">
    <error type="java.lang.NoClassDefFoundError" message="Could not initialize class org.chocosolver.solver.constraints.real.Ibex">
      <![CDATA[java.lang.NoClassDefFoundError: Could not initialize class org.chocosolver.solver.constraints.real.Ibex
	at org.chocosolver.solver.constraints.real.RealTest.testJuha4(RealTest.java:684)
	at sun.reflect.NativeMethodAccessorImpl.invoke0(Native Method)
	at sun.reflect.NativeMethodAccessorImpl.invoke(NativeMethodAccessorImpl.java:62)
	at sun.reflect.DelegatingMethodAccessorImpl.invoke(DelegatingMethodAccessorImpl.java:43)
	at java.lang.reflect.Method.invoke(Method.java:498)
	at org.testng.internal.MethodInvocationHelper.invokeMethod(MethodInvocationHelper.java:108)
	at org.testng.internal.InvokeMethodRunnable.runOne(InvokeMethodRunnable.java:54)
	at org.testng.internal.InvokeMethodRunnable.run(InvokeMethodRunnable.java:44)
	at org.testng.internal.MethodInvocationHelper.invokeWithTimeoutWithNoExecutor(MethodInvocationHelper.java:257)
	at org.testng.internal.MethodInvocationHelper.invokeWithTimeout(MethodInvocationHelper.java:244)
	at org.testng.internal.Invoker.invokeMethod(Invoker.java:667)
	at org.testng.internal.Invoker.invokeTestMethod(Invoker.java:869)
	at org.testng.internal.Invoker.invokeTestMethods(Invoker.java:1193)
	at org.testng.internal.TestMethodWorker.invokeTestMethods(TestMethodWorker.java:126)
	at org.testng.internal.TestMethodWorker.run(TestMethodWorker.java:109)
	at org.testng.internal.thread.ThreadUtil$1.call(ThreadUtil.java:52)
	at java.util.concurrent.FutureTask.run(FutureTask.java:266)
	at java.util.concurrent.ThreadPoolExecutor.runWorker(ThreadPoolExecutor.java:1142)
	at java.util.concurrent.ThreadPoolExecutor$Worker.run(ThreadPoolExecutor.java:617)
	at java.lang.Thread.run(Thread.java:745)
]]>
    </error>
  </testcase> <!-- testJuha4 -->
  <testcase name="testMove5" time="0.000" classname="org.chocosolver.solver.constraints.real.RealTest">
    <error type="java.lang.NoClassDefFoundError" message="Could not initialize class org.chocosolver.solver.constraints.real.Ibex">
      <![CDATA[java.lang.NoClassDefFoundError: Could not initialize class org.chocosolver.solver.constraints.real.Ibex
	at org.chocosolver.solver.constraints.real.IbexHandler.createInstance(IbexHandler.java:297)
	at org.chocosolver.solver.constraints.real.IbexHandler.getIbexInstance(IbexHandler.java:217)
	at org.chocosolver.solver.constraints.real.IbexHandler.contract(IbexHandler.java:121)
	at org.chocosolver.solver.constraints.real.RealPropagator.propagate(RealPropagator.java:84)
	at org.chocosolver.solver.propagation.PropagationEngine.execute(PropagationEngine.java:213)
	at org.chocosolver.solver.propagation.PropagationEngine.prepropagate(PropagationEngine.java:204)
	at org.chocosolver.solver.propagation.PropagationEngine.propagate(PropagationEngine.java:157)
	at org.chocosolver.solver.search.loop.propagate.PropagateBasic.execute(PropagateBasic.java:27)
	at org.chocosolver.solver.Solver.initialize(Solver.java:346)
	at org.chocosolver.solver.Solver.solve(Solver.java:254)
	at org.chocosolver.solver.search.IResolutionHelper.findAllSolutions(IResolutionHelper.java:141)
	at org.chocosolver.solver.constraints.real.RealTest.testMove5(RealTest.java:623)
	at sun.reflect.NativeMethodAccessorImpl.invoke0(Native Method)
	at sun.reflect.NativeMethodAccessorImpl.invoke(NativeMethodAccessorImpl.java:62)
	at sun.reflect.DelegatingMethodAccessorImpl.invoke(DelegatingMethodAccessorImpl.java:43)
	at java.lang.reflect.Method.invoke(Method.java:498)
	at org.testng.internal.MethodInvocationHelper.invokeMethod(MethodInvocationHelper.java:108)
	at org.testng.internal.InvokeMethodRunnable.runOne(InvokeMethodRunnable.java:54)
	at org.testng.internal.InvokeMethodRunnable.run(InvokeMethodRunnable.java:44)
	at java.util.concurrent.Executors$RunnableAdapter.call(Executors.java:511)
	at java.util.concurrent.FutureTask.run(FutureTask.java:266)
	at java.util.concurrent.ThreadPoolExecutor.runWorker(ThreadPoolExecutor.java:1142)
	at java.util.concurrent.ThreadPoolExecutor$Worker.run(ThreadPoolExecutor.java:617)
	at java.lang.Thread.run(Thread.java:745)
]]>
    </error>
  </testcase> <!-- testMove5 -->
  <testcase name="testPostUnpost" time="0.001" classname="org.chocosolver.solver.constraints.real.RealTest">
    <error type="java.lang.NoClassDefFoundError" message="Could not initialize class org.chocosolver.solver.constraints.real.Ibex">
      <![CDATA[java.lang.NoClassDefFoundError: Could not initialize class org.chocosolver.solver.constraints.real.Ibex
	at org.chocosolver.solver.constraints.real.IbexHandler.createInstance(IbexHandler.java:297)
	at org.chocosolver.solver.constraints.real.IbexHandler.getIbexInstance(IbexHandler.java:217)
	at org.chocosolver.solver.constraints.real.IbexHandler.contract(IbexHandler.java:121)
	at org.chocosolver.solver.constraints.real.RealPropagator.propagate(RealPropagator.java:84)
	at org.chocosolver.solver.propagation.PropagationEngine.execute(PropagationEngine.java:213)
	at org.chocosolver.solver.propagation.PropagationEngine.prepropagate(PropagationEngine.java:204)
	at org.chocosolver.solver.propagation.PropagationEngine.propagate(PropagationEngine.java:157)
	at org.chocosolver.solver.search.loop.propagate.PropagateBasic.execute(PropagateBasic.java:27)
	at org.chocosolver.solver.Solver.initialize(Solver.java:346)
	at org.chocosolver.solver.Solver.solve(Solver.java:254)
	at org.chocosolver.solver.constraints.real.RealTest.testPostUnpost(RealTest.java:436)
	at sun.reflect.NativeMethodAccessorImpl.invoke0(Native Method)
	at sun.reflect.NativeMethodAccessorImpl.invoke(NativeMethodAccessorImpl.java:62)
	at sun.reflect.DelegatingMethodAccessorImpl.invoke(DelegatingMethodAccessorImpl.java:43)
	at java.lang.reflect.Method.invoke(Method.java:498)
	at org.testng.internal.MethodInvocationHelper.invokeMethod(MethodInvocationHelper.java:108)
	at org.testng.internal.InvokeMethodRunnable.runOne(InvokeMethodRunnable.java:54)
	at org.testng.internal.InvokeMethodRunnable.run(InvokeMethodRunnable.java:44)
	at java.util.concurrent.Executors$RunnableAdapter.call(Executors.java:511)
	at java.util.concurrent.FutureTask.run(FutureTask.java:266)
	at java.util.concurrent.ThreadPoolExecutor.runWorker(ThreadPoolExecutor.java:1142)
	at java.util.concurrent.ThreadPoolExecutor$Worker.run(ThreadPoolExecutor.java:617)
	at java.lang.Thread.run(Thread.java:745)
]]>
    </error>
  </testcase> <!-- testPostUnpost -->
  <testcase name="testHM21" time="0.001" classname="org.chocosolver.solver.constraints.real.RealTest">
    <error type="java.lang.NoClassDefFoundError" message="Could not initialize class org.chocosolver.solver.constraints.real.Ibex">
      <![CDATA[java.lang.NoClassDefFoundError: Could not initialize class org.chocosolver.solver.constraints.real.Ibex
	at org.chocosolver.solver.constraints.real.RealTest.testHM21(RealTest.java:235)
	at sun.reflect.NativeMethodAccessorImpl.invoke0(Native Method)
	at sun.reflect.NativeMethodAccessorImpl.invoke(NativeMethodAccessorImpl.java:62)
	at sun.reflect.DelegatingMethodAccessorImpl.invoke(DelegatingMethodAccessorImpl.java:43)
	at java.lang.reflect.Method.invoke(Method.java:498)
	at org.testng.internal.MethodInvocationHelper.invokeMethod(MethodInvocationHelper.java:108)
	at org.testng.internal.InvokeMethodRunnable.runOne(InvokeMethodRunnable.java:54)
	at org.testng.internal.InvokeMethodRunnable.run(InvokeMethodRunnable.java:44)
	at java.util.concurrent.Executors$RunnableAdapter.call(Executors.java:511)
	at java.util.concurrent.FutureTask.run(FutureTask.java:266)
	at java.util.concurrent.ThreadPoolExecutor.runWorker(ThreadPoolExecutor.java:1142)
	at java.util.concurrent.ThreadPoolExecutor$Worker.run(ThreadPoolExecutor.java:617)
	at java.lang.Thread.run(Thread.java:745)
]]>
    </error>
  </testcase> <!-- testHM21 -->
  <testcase name="testJuha4" time="0.000" classname="org.chocosolver.solver.constraints.real.RealTest">
    <error type="java.lang.NoClassDefFoundError" message="Could not initialize class org.chocosolver.solver.constraints.real.Ibex">
      <![CDATA[java.lang.NoClassDefFoundError: Could not initialize class org.chocosolver.solver.constraints.real.Ibex
	at org.chocosolver.solver.constraints.real.RealTest.testJuha4(RealTest.java:684)
	at sun.reflect.NativeMethodAccessorImpl.invoke0(Native Method)
	at sun.reflect.NativeMethodAccessorImpl.invoke(NativeMethodAccessorImpl.java:62)
	at sun.reflect.DelegatingMethodAccessorImpl.invoke(DelegatingMethodAccessorImpl.java:43)
	at java.lang.reflect.Method.invoke(Method.java:498)
	at org.testng.internal.MethodInvocationHelper.invokeMethod(MethodInvocationHelper.java:108)
	at org.testng.internal.InvokeMethodRunnable.runOne(InvokeMethodRunnable.java:54)
	at org.testng.internal.InvokeMethodRunnable.run(InvokeMethodRunnable.java:44)
	at org.testng.internal.MethodInvocationHelper.invokeWithTimeoutWithNoExecutor(MethodInvocationHelper.java:257)
	at org.testng.internal.MethodInvocationHelper.invokeWithTimeout(MethodInvocationHelper.java:244)
	at org.testng.internal.Invoker.invokeMethod(Invoker.java:667)
	at org.testng.internal.Invoker.invokeTestMethod(Invoker.java:869)
	at org.testng.internal.Invoker.invokeTestMethods(Invoker.java:1193)
	at org.testng.internal.TestMethodWorker.invokeTestMethods(TestMethodWorker.java:126)
	at org.testng.internal.TestMethodWorker.run(TestMethodWorker.java:109)
	at org.testng.internal.thread.ThreadUtil$1.call(ThreadUtil.java:52)
	at java.util.concurrent.FutureTask.run(FutureTask.java:266)
	at java.util.concurrent.ThreadPoolExecutor.runWorker(ThreadPoolExecutor.java:1142)
	at java.util.concurrent.ThreadPoolExecutor$Worker.run(ThreadPoolExecutor.java:617)
	at java.lang.Thread.run(Thread.java:745)
]]>
    </error>
  </testcase> <!-- testJuha4 -->
  <testcase name="testMove2" time="0.000" classname="org.chocosolver.solver.constraints.real.RealTest">
    <error type="java.lang.NoClassDefFoundError" message="Could not initialize class org.chocosolver.solver.constraints.real.Ibex">
      <![CDATA[java.lang.NoClassDefFoundError: Could not initialize class org.chocosolver.solver.constraints.real.Ibex
	at org.chocosolver.solver.constraints.real.IbexHandler.createInstance(IbexHandler.java:297)
	at org.chocosolver.solver.constraints.real.IbexHandler.getIbexInstance(IbexHandler.java:217)
	at org.chocosolver.solver.constraints.real.IbexHandler.contract(IbexHandler.java:121)
	at org.chocosolver.solver.constraints.real.RealPropagator.propagate(RealPropagator.java:84)
	at org.chocosolver.solver.propagation.PropagationEngine.execute(PropagationEngine.java:213)
	at org.chocosolver.solver.propagation.PropagationEngine.prepropagate(PropagationEngine.java:204)
	at org.chocosolver.solver.propagation.PropagationEngine.propagate(PropagationEngine.java:157)
	at org.chocosolver.solver.search.loop.propagate.PropagateBasic.execute(PropagateBasic.java:27)
	at org.chocosolver.solver.Solver.initialize(Solver.java:346)
	at org.chocosolver.solver.Solver.solve(Solver.java:254)
	at org.chocosolver.solver.search.IResolutionHelper.findAllSolutions(IResolutionHelper.java:141)
	at org.chocosolver.solver.constraints.real.RealTest.testMove2(RealTest.java:566)
	at sun.reflect.NativeMethodAccessorImpl.invoke0(Native Method)
	at sun.reflect.NativeMethodAccessorImpl.invoke(NativeMethodAccessorImpl.java:62)
	at sun.reflect.DelegatingMethodAccessorImpl.invoke(DelegatingMethodAccessorImpl.java:43)
	at java.lang.reflect.Method.invoke(Method.java:498)
	at org.testng.internal.MethodInvocationHelper.invokeMethod(MethodInvocationHelper.java:108)
	at org.testng.internal.InvokeMethodRunnable.runOne(InvokeMethodRunnable.java:54)
	at org.testng.internal.InvokeMethodRunnable.run(InvokeMethodRunnable.java:44)
	at java.util.concurrent.Executors$RunnableAdapter.call(Executors.java:511)
	at java.util.concurrent.FutureTask.run(FutureTask.java:266)
	at java.util.concurrent.ThreadPoolExecutor.runWorker(ThreadPoolExecutor.java:1142)
	at java.util.concurrent.ThreadPoolExecutor$Worker.run(ThreadPoolExecutor.java:617)
	at java.lang.Thread.run(Thread.java:745)
]]>
    </error>
  </testcase> <!-- testMove2 -->
  <testcase name="testFreemajb2" time="0.001" classname="org.chocosolver.solver.constraints.real.RealTest">
    <error type="java.lang.NoClassDefFoundError" message="Could not initialize class org.chocosolver.solver.constraints.real.Ibex">
      <![CDATA[java.lang.NoClassDefFoundError: Could not initialize class org.chocosolver.solver.constraints.real.Ibex
	at org.chocosolver.solver.constraints.real.IbexHandler.createInstance(IbexHandler.java:297)
	at org.chocosolver.solver.constraints.real.IbexHandler.getIbexInstance(IbexHandler.java:217)
	at org.chocosolver.solver.constraints.real.IbexHandler.contract(IbexHandler.java:121)
	at org.chocosolver.solver.constraints.real.RealPropagator.propagate(RealPropagator.java:84)
	at org.chocosolver.solver.propagation.PropagationEngine.execute(PropagationEngine.java:213)
	at org.chocosolver.solver.propagation.PropagationEngine.prepropagate(PropagationEngine.java:204)
	at org.chocosolver.solver.propagation.PropagationEngine.propagate(PropagationEngine.java:157)
	at org.chocosolver.solver.Solver.propagate(Solver.java:561)
	at org.chocosolver.solver.constraints.real.RealTest.testFreemajb2(RealTest.java:165)
	at sun.reflect.NativeMethodAccessorImpl.invoke0(Native Method)
	at sun.reflect.NativeMethodAccessorImpl.invoke(NativeMethodAccessorImpl.java:62)
	at sun.reflect.DelegatingMethodAccessorImpl.invoke(DelegatingMethodAccessorImpl.java:43)
	at java.lang.reflect.Method.invoke(Method.java:498)
	at org.testng.internal.MethodInvocationHelper.invokeMethod(MethodInvocationHelper.java:108)
	at org.testng.internal.InvokeMethodRunnable.runOne(InvokeMethodRunnable.java:54)
	at org.testng.internal.InvokeMethodRunnable.run(InvokeMethodRunnable.java:44)
	at java.util.concurrent.Executors$RunnableAdapter.call(Executors.java:511)
	at java.util.concurrent.FutureTask.run(FutureTask.java:266)
	at java.util.concurrent.ThreadPoolExecutor.runWorker(ThreadPoolExecutor.java:1142)
	at java.util.concurrent.ThreadPoolExecutor$Worker.run(ThreadPoolExecutor.java:617)
	at java.lang.Thread.run(Thread.java:745)
]]>
    </error>
  </testcase> <!-- testFreemajb2 -->
  <testcase name="testMove3" time="0.001" classname="org.chocosolver.solver.constraints.real.RealTest">
    <error type="java.lang.NoClassDefFoundError" message="Could not initialize class org.chocosolver.solver.constraints.real.Ibex">
      <![CDATA[java.lang.NoClassDefFoundError: Could not initialize class org.chocosolver.solver.constraints.real.Ibex
	at org.chocosolver.solver.constraints.real.IbexHandler.createInstance(IbexHandler.java:297)
	at org.chocosolver.solver.constraints.real.IbexHandler.getIbexInstance(IbexHandler.java:217)
	at org.chocosolver.solver.constraints.real.IbexHandler.contract(IbexHandler.java:121)
	at org.chocosolver.solver.constraints.real.RealPropagator.propagate(RealPropagator.java:84)
	at org.chocosolver.solver.propagation.PropagationEngine.execute(PropagationEngine.java:213)
	at org.chocosolver.solver.propagation.PropagationEngine.prepropagate(PropagationEngine.java:204)
	at org.chocosolver.solver.propagation.PropagationEngine.propagate(PropagationEngine.java:157)
	at org.chocosolver.solver.search.loop.propagate.PropagateBasic.execute(PropagateBasic.java:27)
	at org.chocosolver.solver.Solver.initialize(Solver.java:346)
	at org.chocosolver.solver.Solver.solve(Solver.java:254)
	at org.chocosolver.solver.search.IResolutionHelper.findAllSolutions(IResolutionHelper.java:141)
	at org.chocosolver.solver.constraints.real.RealTest.testMove3(RealTest.java:592)
	at sun.reflect.NativeMethodAccessorImpl.invoke0(Native Method)
	at sun.reflect.NativeMethodAccessorImpl.invoke(NativeMethodAccessorImpl.java:62)
	at sun.reflect.DelegatingMethodAccessorImpl.invoke(DelegatingMethodAccessorImpl.java:43)
	at java.lang.reflect.Method.invoke(Method.java:498)
	at org.testng.internal.MethodInvocationHelper.invokeMethod(MethodInvocationHelper.java:108)
	at org.testng.internal.InvokeMethodRunnable.runOne(InvokeMethodRunnable.java:54)
	at org.testng.internal.InvokeMethodRunnable.run(InvokeMethodRunnable.java:44)
	at java.util.concurrent.Executors$RunnableAdapter.call(Executors.java:511)
	at java.util.concurrent.FutureTask.run(FutureTask.java:266)
	at java.util.concurrent.ThreadPoolExecutor.runWorker(ThreadPoolExecutor.java:1142)
	at java.util.concurrent.ThreadPoolExecutor$Worker.run(ThreadPoolExecutor.java:617)
	at java.lang.Thread.run(Thread.java:745)
]]>
    </error>
  </testcase> <!-- testMove3 -->
  <testcase name="testJJ34" time="0.000" classname="org.chocosolver.solver.constraints.real.RealTest">
    <error type="java.lang.NoClassDefFoundError" message="Could not initialize class org.chocosolver.solver.constraints.real.Ibex">
      <![CDATA[java.lang.NoClassDefFoundError: Could not initialize class org.chocosolver.solver.constraints.real.Ibex
	at org.chocosolver.solver.constraints.real.RealTest.testJJ34(RealTest.java:572)
	at sun.reflect.NativeMethodAccessorImpl.invoke0(Native Method)
	at sun.reflect.NativeMethodAccessorImpl.invoke(NativeMethodAccessorImpl.java:62)
	at sun.reflect.DelegatingMethodAccessorImpl.invoke(DelegatingMethodAccessorImpl.java:43)
	at java.lang.reflect.Method.invoke(Method.java:498)
	at org.testng.internal.MethodInvocationHelper.invokeMethod(MethodInvocationHelper.java:108)
	at org.testng.internal.InvokeMethodRunnable.runOne(InvokeMethodRunnable.java:54)
	at org.testng.internal.InvokeMethodRunnable.run(InvokeMethodRunnable.java:44)
	at java.util.concurrent.Executors$RunnableAdapter.call(Executors.java:511)
	at java.util.concurrent.FutureTask.run(FutureTask.java:266)
	at java.util.concurrent.ThreadPoolExecutor.runWorker(ThreadPoolExecutor.java:1142)
	at java.util.concurrent.ThreadPoolExecutor$Worker.run(ThreadPoolExecutor.java:617)
	at java.lang.Thread.run(Thread.java:745)
]]>
    </error>
  </testcase> <!-- testJJ34 -->
  <testcase name="testJiiTee1" time="0.000" classname="org.chocosolver.solver.constraints.real.RealTest">
    <error type="java.lang.NoClassDefFoundError" message="Could not initialize class org.chocosolver.solver.constraints.real.Ibex">
      <![CDATA[java.lang.NoClassDefFoundError: Could not initialize class org.chocosolver.solver.constraints.real.Ibex
	at org.chocosolver.solver.constraints.real.IbexHandler.createInstance(IbexHandler.java:297)
	at org.chocosolver.solver.constraints.real.IbexHandler.getIbexInstance(IbexHandler.java:217)
	at org.chocosolver.solver.constraints.real.IbexHandler.contract(IbexHandler.java:121)
	at org.chocosolver.solver.constraints.real.RealPropagator.propagate(RealPropagator.java:84)
	at org.chocosolver.solver.propagation.PropagationEngine.execute(PropagationEngine.java:213)
	at org.chocosolver.solver.propagation.PropagationEngine.prepropagate(PropagationEngine.java:204)
	at org.chocosolver.solver.propagation.PropagationEngine.propagate(PropagationEngine.java:157)
	at org.chocosolver.solver.search.loop.propagate.PropagateBasic.execute(PropagateBasic.java:27)
	at org.chocosolver.solver.Solver.initialize(Solver.java:346)
	at org.chocosolver.solver.Solver.solve(Solver.java:254)
	at org.chocosolver.solver.constraints.real.RealTest.testJiiTee1(RealTest.java:307)
	at sun.reflect.NativeMethodAccessorImpl.invoke0(Native Method)
	at sun.reflect.NativeMethodAccessorImpl.invoke(NativeMethodAccessorImpl.java:62)
	at sun.reflect.DelegatingMethodAccessorImpl.invoke(DelegatingMethodAccessorImpl.java:43)
	at java.lang.reflect.Method.invoke(Method.java:498)
	at org.testng.internal.MethodInvocationHelper.invokeMethod(MethodInvocationHelper.java:108)
	at org.testng.internal.Invoker.invokeMethod(Invoker.java:661)
	at org.testng.internal.Invoker.invokeTestMethod(Invoker.java:869)
	at org.testng.internal.Invoker.invokeTestMethods(Invoker.java:1193)
	at org.testng.internal.TestMethodWorker.invokeTestMethods(TestMethodWorker.java:126)
	at org.testng.internal.TestMethodWorker.run(TestMethodWorker.java:109)
	at org.testng.TestRunner.privateRun(TestRunner.java:744)
	at org.testng.TestRunner.run(TestRunner.java:602)
	at org.testng.SuiteRunner.runTest(SuiteRunner.java:380)
	at org.testng.SuiteRunner.runSequentially(SuiteRunner.java:375)
	at org.testng.SuiteRunner.privateRun(SuiteRunner.java:340)
	at org.testng.SuiteRunner.run(SuiteRunner.java:289)
	at org.testng.SuiteRunnerWorker.runSuite(SuiteRunnerWorker.java:52)
	at org.testng.SuiteRunnerWorker.run(SuiteRunnerWorker.java:86)
	at org.testng.TestNG.runSuitesSequentially(TestNG.java:1301)
	at org.testng.TestNG.runSuitesLocally(TestNG.java:1226)
	at org.testng.TestNG.runSuites(TestNG.java:1144)
	at org.testng.TestNG.run(TestNG.java:1115)
	at org.apache.maven.surefire.testng.TestNGExecutor.run(TestNGExecutor.java:132)
	at org.apache.maven.surefire.testng.TestNGDirectoryTestSuite.executeMulti(TestNGDirectoryTestSuite.java:193)
	at org.apache.maven.surefire.testng.TestNGDirectoryTestSuite.execute(TestNGDirectoryTestSuite.java:94)
	at org.apache.maven.surefire.testng.TestNGProvider.invoke(TestNGProvider.java:147)
	at org.apache.maven.surefire.booter.ForkedBooter.invokeProviderInSameClassLoader(ForkedBooter.java:290)
	at org.apache.maven.surefire.booter.ForkedBooter.runSuitesInProcess(ForkedBooter.java:242)
	at org.apache.maven.surefire.booter.ForkedBooter.main(ForkedBooter.java:121)
]]>
    </error>
  </testcase> <!-- testJiiTee1 -->
  <testcase name="testJJ35" time="0.001" classname="org.chocosolver.solver.constraints.real.RealTest">
    <error type="java.lang.NoClassDefFoundError" message="Could not initialize class org.chocosolver.solver.constraints.real.Ibex">
      <![CDATA[java.lang.NoClassDefFoundError: Could not initialize class org.chocosolver.solver.constraints.real.Ibex
	at org.chocosolver.solver.constraints.real.RealTest.testJJ35(RealTest.java:261)
	at sun.reflect.NativeMethodAccessorImpl.invoke0(Native Method)
	at sun.reflect.NativeMethodAccessorImpl.invoke(NativeMethodAccessorImpl.java:62)
	at sun.reflect.DelegatingMethodAccessorImpl.invoke(DelegatingMethodAccessorImpl.java:43)
	at java.lang.reflect.Method.invoke(Method.java:498)
	at org.testng.internal.MethodInvocationHelper.invokeMethod(MethodInvocationHelper.java:108)
	at org.testng.internal.InvokeMethodRunnable.runOne(InvokeMethodRunnable.java:54)
	at org.testng.internal.InvokeMethodRunnable.run(InvokeMethodRunnable.java:44)
	at java.util.concurrent.Executors$RunnableAdapter.call(Executors.java:511)
	at java.util.concurrent.FutureTask.run(FutureTask.java:266)
	at java.util.concurrent.ThreadPoolExecutor.runWorker(ThreadPoolExecutor.java:1142)
	at java.util.concurrent.ThreadPoolExecutor$Worker.run(ThreadPoolExecutor.java:617)
	at java.lang.Thread.run(Thread.java:745)
]]>
    </error>
  </testcase> <!-- testJJ35 -->
  <testcase name="testRoberto1" time="0.001" classname="org.chocosolver.solver.constraints.real.RealTest">
    <error type="java.lang.NoClassDefFoundError" message="Could not initialize class org.chocosolver.solver.constraints.real.Ibex">
      <![CDATA[java.lang.NoClassDefFoundError: Could not initialize class org.chocosolver.solver.constraints.real.Ibex
	at org.chocosolver.solver.constraints.real.IbexHandler.createInstance(IbexHandler.java:297)
	at org.chocosolver.solver.constraints.real.IbexHandler.getIbexInstance(IbexHandler.java:217)
	at org.chocosolver.solver.constraints.real.IbexHandler.contract(IbexHandler.java:121)
	at org.chocosolver.solver.constraints.real.RealPropagator.propagate(RealPropagator.java:84)
	at org.chocosolver.solver.propagation.PropagationEngine.execute(PropagationEngine.java:213)
	at org.chocosolver.solver.propagation.PropagationEngine.prepropagate(PropagationEngine.java:204)
	at org.chocosolver.solver.propagation.PropagationEngine.propagate(PropagationEngine.java:157)
	at org.chocosolver.solver.search.loop.propagate.PropagateBasic.execute(PropagateBasic.java:27)
	at org.chocosolver.solver.Solver.initialize(Solver.java:346)
	at org.chocosolver.solver.Solver.solve(Solver.java:254)
	at org.chocosolver.solver.constraints.real.RealTest.testRoberto1(RealTest.java:749)
	at sun.reflect.NativeMethodAccessorImpl.invoke0(Native Method)
	at sun.reflect.NativeMethodAccessorImpl.invoke(NativeMethodAccessorImpl.java:62)
	at sun.reflect.DelegatingMethodAccessorImpl.invoke(DelegatingMethodAccessorImpl.java:43)
	at java.lang.reflect.Method.invoke(Method.java:498)
	at org.testng.internal.MethodInvocationHelper.invokeMethod(MethodInvocationHelper.java:108)
	at org.testng.internal.InvokeMethodRunnable.runOne(InvokeMethodRunnable.java:54)
	at org.testng.internal.InvokeMethodRunnable.run(InvokeMethodRunnable.java:44)
	at java.util.concurrent.Executors$RunnableAdapter.call(Executors.java:511)
	at java.util.concurrent.FutureTask.run(FutureTask.java:266)
	at java.util.concurrent.ThreadPoolExecutor.runWorker(ThreadPoolExecutor.java:1142)
	at java.util.concurrent.ThreadPoolExecutor$Worker.run(ThreadPoolExecutor.java:617)
	at java.lang.Thread.run(Thread.java:745)
]]>
    </error>
  </testcase> <!-- testRoberto1 -->
  <testcase name="testJuha4" time="0.001" classname="org.chocosolver.solver.constraints.real.RealTest">
    <error type="java.lang.NoClassDefFoundError" message="Could not initialize class org.chocosolver.solver.constraints.real.Ibex">
      <![CDATA[java.lang.NoClassDefFoundError: Could not initialize class org.chocosolver.solver.constraints.real.Ibex
	at org.chocosolver.solver.constraints.real.RealTest.testJuha4(RealTest.java:684)
	at sun.reflect.NativeMethodAccessorImpl.invoke0(Native Method)
	at sun.reflect.NativeMethodAccessorImpl.invoke(NativeMethodAccessorImpl.java:62)
	at sun.reflect.DelegatingMethodAccessorImpl.invoke(DelegatingMethodAccessorImpl.java:43)
	at java.lang.reflect.Method.invoke(Method.java:498)
	at org.testng.internal.MethodInvocationHelper.invokeMethod(MethodInvocationHelper.java:108)
	at org.testng.internal.InvokeMethodRunnable.runOne(InvokeMethodRunnable.java:54)
	at org.testng.internal.InvokeMethodRunnable.run(InvokeMethodRunnable.java:44)
	at org.testng.internal.MethodInvocationHelper.invokeWithTimeoutWithNoExecutor(MethodInvocationHelper.java:257)
	at org.testng.internal.MethodInvocationHelper.invokeWithTimeout(MethodInvocationHelper.java:244)
	at org.testng.internal.Invoker.invokeMethod(Invoker.java:667)
	at org.testng.internal.Invoker.invokeTestMethod(Invoker.java:869)
	at org.testng.internal.Invoker.invokeTestMethods(Invoker.java:1193)
	at org.testng.internal.TestMethodWorker.invokeTestMethods(TestMethodWorker.java:126)
	at org.testng.internal.TestMethodWorker.run(TestMethodWorker.java:109)
	at org.testng.internal.thread.ThreadUtil$1.call(ThreadUtil.java:52)
	at java.util.concurrent.FutureTask.run(FutureTask.java:266)
	at java.util.concurrent.ThreadPoolExecutor.runWorker(ThreadPoolExecutor.java:1142)
	at java.util.concurrent.ThreadPoolExecutor$Worker.run(ThreadPoolExecutor.java:617)
	at java.lang.Thread.run(Thread.java:745)
]]>
    </error>
  </testcase> <!-- testJuha4 -->
  <testcase name="testJuha3" time="0.000" classname="org.chocosolver.solver.constraints.real.RealTest">
    <error type="java.lang.NoClassDefFoundError" message="Could not initialize class org.chocosolver.solver.constraints.real.Ibex">
      <![CDATA[java.lang.NoClassDefFoundError: Could not initialize class org.chocosolver.solver.constraints.real.Ibex
	at org.chocosolver.solver.constraints.real.IbexHandler.createInstance(IbexHandler.java:297)
	at org.chocosolver.solver.constraints.real.IbexHandler.getIbexInstance(IbexHandler.java:217)
	at org.chocosolver.solver.constraints.real.IbexHandler.contract(IbexHandler.java:121)
	at org.chocosolver.solver.constraints.real.RealPropagator.propagate(RealPropagator.java:84)
	at org.chocosolver.solver.propagation.PropagationEngine.execute(PropagationEngine.java:213)
	at org.chocosolver.solver.propagation.PropagationEngine.prepropagate(PropagationEngine.java:204)
	at org.chocosolver.solver.propagation.PropagationEngine.propagate(PropagationEngine.java:157)
	at org.chocosolver.solver.search.loop.propagate.PropagateBasic.execute(PropagateBasic.java:27)
	at org.chocosolver.solver.Solver.initialize(Solver.java:346)
	at org.chocosolver.solver.Solver.solve(Solver.java:254)
	at org.chocosolver.solver.search.IResolutionHelper.findAllSolutions(IResolutionHelper.java:141)
	at org.chocosolver.solver.constraints.real.RealTest.testJuha3(RealTest.java:672)
	at sun.reflect.NativeMethodAccessorImpl.invoke0(Native Method)
	at sun.reflect.NativeMethodAccessorImpl.invoke(NativeMethodAccessorImpl.java:62)
	at sun.reflect.DelegatingMethodAccessorImpl.invoke(DelegatingMethodAccessorImpl.java:43)
	at java.lang.reflect.Method.invoke(Method.java:498)
	at org.testng.internal.MethodInvocationHelper.invokeMethod(MethodInvocationHelper.java:108)
	at org.testng.internal.InvokeMethodRunnable.runOne(InvokeMethodRunnable.java:54)
	at org.testng.internal.InvokeMethodRunnable.run(InvokeMethodRunnable.java:44)
	at org.testng.internal.MethodInvocationHelper.invokeWithTimeoutWithNoExecutor(MethodInvocationHelper.java:257)
	at org.testng.internal.MethodInvocationHelper.invokeWithTimeout(MethodInvocationHelper.java:244)
	at org.testng.internal.Invoker.invokeMethod(Invoker.java:667)
	at org.testng.internal.Invoker.invokeTestMethod(Invoker.java:869)
	at org.testng.internal.Invoker.invokeTestMethods(Invoker.java:1193)
	at org.testng.internal.TestMethodWorker.invokeTestMethods(TestMethodWorker.java:126)
	at org.testng.internal.TestMethodWorker.run(TestMethodWorker.java:109)
	at org.testng.internal.thread.ThreadUtil$1.call(ThreadUtil.java:52)
	at java.util.concurrent.FutureTask.run(FutureTask.java:266)
	at java.util.concurrent.ThreadPoolExecutor.runWorker(ThreadPoolExecutor.java:1142)
	at java.util.concurrent.ThreadPoolExecutor$Worker.run(ThreadPoolExecutor.java:617)
	at java.lang.Thread.run(Thread.java:745)
]]>
    </error>
  </testcase> <!-- testJuha3 -->
  <testcase name="testMove4" time="0.000" classname="org.chocosolver.solver.constraints.real.RealTest">
    <error type="java.lang.NoClassDefFoundError" message="Could not initialize class org.chocosolver.solver.constraints.real.Ibex">
      <![CDATA[java.lang.NoClassDefFoundError: Could not initialize class org.chocosolver.solver.constraints.real.Ibex
	at org.chocosolver.solver.constraints.real.IbexHandler.createInstance(IbexHandler.java:297)
	at org.chocosolver.solver.constraints.real.IbexHandler.getIbexInstance(IbexHandler.java:217)
	at org.chocosolver.solver.constraints.real.IbexHandler.contract(IbexHandler.java:121)
	at org.chocosolver.solver.constraints.real.RealPropagator.propagate(RealPropagator.java:84)
	at org.chocosolver.solver.propagation.PropagationEngine.execute(PropagationEngine.java:213)
	at org.chocosolver.solver.propagation.PropagationEngine.prepropagate(PropagationEngine.java:204)
	at org.chocosolver.solver.propagation.PropagationEngine.propagate(PropagationEngine.java:157)
	at org.chocosolver.solver.search.loop.propagate.PropagateBasic.execute(PropagateBasic.java:27)
	at org.chocosolver.solver.Solver.initialize(Solver.java:346)
	at org.chocosolver.solver.Solver.solve(Solver.java:254)
	at org.chocosolver.solver.search.IResolutionHelper.findAllSolutions(IResolutionHelper.java:141)
	at org.chocosolver.solver.constraints.real.RealTest.testMove4(RealTest.java:607)
	at sun.reflect.NativeMethodAccessorImpl.invoke0(Native Method)
	at sun.reflect.NativeMethodAccessorImpl.invoke(NativeMethodAccessorImpl.java:62)
	at sun.reflect.DelegatingMethodAccessorImpl.invoke(DelegatingMethodAccessorImpl.java:43)
	at java.lang.reflect.Method.invoke(Method.java:498)
	at org.testng.internal.MethodInvocationHelper.invokeMethod(MethodInvocationHelper.java:108)
	at org.testng.internal.Invoker.invokeMethod(Invoker.java:661)
	at org.testng.internal.Invoker.invokeTestMethod(Invoker.java:869)
	at org.testng.internal.Invoker.invokeTestMethods(Invoker.java:1193)
	at org.testng.internal.TestMethodWorker.invokeTestMethods(TestMethodWorker.java:126)
	at org.testng.internal.TestMethodWorker.run(TestMethodWorker.java:109)
	at org.testng.TestRunner.privateRun(TestRunner.java:744)
	at org.testng.TestRunner.run(TestRunner.java:602)
	at org.testng.SuiteRunner.runTest(SuiteRunner.java:380)
	at org.testng.SuiteRunner.runSequentially(SuiteRunner.java:375)
	at org.testng.SuiteRunner.privateRun(SuiteRunner.java:340)
	at org.testng.SuiteRunner.run(SuiteRunner.java:289)
	at org.testng.SuiteRunnerWorker.runSuite(SuiteRunnerWorker.java:52)
	at org.testng.SuiteRunnerWorker.run(SuiteRunnerWorker.java:86)
	at org.testng.TestNG.runSuitesSequentially(TestNG.java:1301)
	at org.testng.TestNG.runSuitesLocally(TestNG.java:1226)
	at org.testng.TestNG.runSuites(TestNG.java:1144)
	at org.testng.TestNG.run(TestNG.java:1115)
	at org.apache.maven.surefire.testng.TestNGExecutor.run(TestNGExecutor.java:132)
	at org.apache.maven.surefire.testng.TestNGDirectoryTestSuite.executeMulti(TestNGDirectoryTestSuite.java:193)
	at org.apache.maven.surefire.testng.TestNGDirectoryTestSuite.execute(TestNGDirectoryTestSuite.java:94)
	at org.apache.maven.surefire.testng.TestNGProvider.invoke(TestNGProvider.java:147)
	at org.apache.maven.surefire.booter.ForkedBooter.invokeProviderInSameClassLoader(ForkedBooter.java:290)
	at org.apache.maven.surefire.booter.ForkedBooter.runSuitesInProcess(ForkedBooter.java:242)
	at org.apache.maven.surefire.booter.ForkedBooter.main(ForkedBooter.java:121)
]]>
    </error>
  </testcase> <!-- testMove4 -->
  <testcase name="testJiTee1" time="28.365" classname="org.chocosolver.solver.constraints.real.RealTest">
    <error type="java.lang.NoClassDefFoundError" message="Could not initialize class org.chocosolver.solver.constraints.real.Ibex">
      <![CDATA[java.lang.NoClassDefFoundError: Could not initialize class org.chocosolver.solver.constraints.real.Ibex
	at org.chocosolver.solver.constraints.real.IbexHandler.createInstance(IbexHandler.java:297)
	at org.chocosolver.solver.constraints.real.IbexHandler.getIbexInstance(IbexHandler.java:217)
	at org.chocosolver.solver.constraints.real.IbexHandler.contract(IbexHandler.java:121)
	at org.chocosolver.solver.constraints.real.RealPropagator.propagate(RealPropagator.java:84)
	at org.chocosolver.solver.propagation.PropagationEngine.execute(PropagationEngine.java:213)
	at org.chocosolver.solver.propagation.PropagationEngine.prepropagate(PropagationEngine.java:204)
	at org.chocosolver.solver.propagation.PropagationEngine.propagate(PropagationEngine.java:157)
	at org.chocosolver.solver.search.loop.propagate.PropagateBasic.execute(PropagateBasic.java:27)
	at org.chocosolver.solver.Solver.initialize(Solver.java:346)
	at org.chocosolver.solver.Solver.solve(Solver.java:254)
	at org.chocosolver.solver.search.IResolutionHelper.findSolution(IResolutionHelper.java:91)
	at org.chocosolver.solver.constraints.real.RealTest.testJiTee1(RealTest.java:364)
	at sun.reflect.NativeMethodAccessorImpl.invoke0(Native Method)
	at sun.reflect.NativeMethodAccessorImpl.invoke(NativeMethodAccessorImpl.java:62)
	at sun.reflect.DelegatingMethodAccessorImpl.invoke(DelegatingMethodAccessorImpl.java:43)
	at java.lang.reflect.Method.invoke(Method.java:498)
	at org.testng.internal.MethodInvocationHelper.invokeMethod(MethodInvocationHelper.java:108)
	at org.testng.internal.InvokeMethodRunnable.runOne(InvokeMethodRunnable.java:54)
	at org.testng.internal.InvokeMethodRunnable.run(InvokeMethodRunnable.java:44)
	at java.util.concurrent.Executors$RunnableAdapter.call(Executors.java:511)
	at java.util.concurrent.FutureTask.run(FutureTask.java:266)
	at java.util.concurrent.ThreadPoolExecutor.runWorker(ThreadPoolExecutor.java:1142)
	at java.util.concurrent.ThreadPoolExecutor$Worker.run(ThreadPoolExecutor.java:617)
	at java.lang.Thread.run(Thread.java:745)
]]>
    </error>
  </testcase> <!-- testJiTee1 -->
  <testcase name="testJuha3" time="0.000" classname="org.chocosolver.solver.constraints.real.RealTest">
    <error type="java.lang.NoClassDefFoundError" message="Could not initialize class org.chocosolver.solver.constraints.real.Ibex">
      <![CDATA[java.lang.NoClassDefFoundError: Could not initialize class org.chocosolver.solver.constraints.real.Ibex
	at org.chocosolver.solver.constraints.real.IbexHandler.createInstance(IbexHandler.java:297)
	at org.chocosolver.solver.constraints.real.IbexHandler.getIbexInstance(IbexHandler.java:217)
	at org.chocosolver.solver.constraints.real.IbexHandler.contract(IbexHandler.java:121)
	at org.chocosolver.solver.constraints.real.RealPropagator.propagate(RealPropagator.java:84)
	at org.chocosolver.solver.propagation.PropagationEngine.execute(PropagationEngine.java:213)
	at org.chocosolver.solver.propagation.PropagationEngine.prepropagate(PropagationEngine.java:204)
	at org.chocosolver.solver.propagation.PropagationEngine.propagate(PropagationEngine.java:157)
	at org.chocosolver.solver.search.loop.propagate.PropagateBasic.execute(PropagateBasic.java:27)
	at org.chocosolver.solver.Solver.initialize(Solver.java:346)
	at org.chocosolver.solver.Solver.solve(Solver.java:254)
	at org.chocosolver.solver.search.IResolutionHelper.findAllSolutions(IResolutionHelper.java:141)
	at org.chocosolver.solver.constraints.real.RealTest.testJuha3(RealTest.java:672)
	at sun.reflect.NativeMethodAccessorImpl.invoke0(Native Method)
	at sun.reflect.NativeMethodAccessorImpl.invoke(NativeMethodAccessorImpl.java:62)
	at sun.reflect.DelegatingMethodAccessorImpl.invoke(DelegatingMethodAccessorImpl.java:43)
	at java.lang.reflect.Method.invoke(Method.java:498)
	at org.testng.internal.MethodInvocationHelper.invokeMethod(MethodInvocationHelper.java:108)
	at org.testng.internal.InvokeMethodRunnable.runOne(InvokeMethodRunnable.java:54)
	at org.testng.internal.InvokeMethodRunnable.run(InvokeMethodRunnable.java:44)
	at org.testng.internal.MethodInvocationHelper.invokeWithTimeoutWithNoExecutor(MethodInvocationHelper.java:257)
	at org.testng.internal.MethodInvocationHelper.invokeWithTimeout(MethodInvocationHelper.java:244)
	at org.testng.internal.Invoker.invokeMethod(Invoker.java:667)
	at org.testng.internal.Invoker.invokeTestMethod(Invoker.java:869)
	at org.testng.internal.Invoker.invokeTestMethods(Invoker.java:1193)
	at org.testng.internal.TestMethodWorker.invokeTestMethods(TestMethodWorker.java:126)
	at org.testng.internal.TestMethodWorker.run(TestMethodWorker.java:109)
	at org.testng.internal.thread.ThreadUtil$1.call(ThreadUtil.java:52)
	at java.util.concurrent.FutureTask.run(FutureTask.java:266)
	at java.util.concurrent.ThreadPoolExecutor.runWorker(ThreadPoolExecutor.java:1142)
	at java.util.concurrent.ThreadPoolExecutor$Worker.run(ThreadPoolExecutor.java:617)
	at java.lang.Thread.run(Thread.java:745)
]]>
    </error>
  </testcase> <!-- testJuha3 -->
  <testcase name="test4" time="0.001" classname="org.chocosolver.solver.constraints.real.RealTest">
    <error type="java.lang.NoClassDefFoundError" message="Could not initialize class org.chocosolver.solver.constraints.real.Ibex">
      <![CDATA[java.lang.NoClassDefFoundError: Could not initialize class org.chocosolver.solver.constraints.real.Ibex
	at org.chocosolver.solver.constraints.real.IbexHandler.createInstance(IbexHandler.java:297)
	at org.chocosolver.solver.constraints.real.IbexHandler.getIbexInstance(IbexHandler.java:217)
	at org.chocosolver.solver.constraints.real.IbexHandler.contract(IbexHandler.java:121)
	at org.chocosolver.solver.constraints.real.RealPropagator.propagate(RealPropagator.java:84)
	at org.chocosolver.solver.propagation.PropagationEngine.execute(PropagationEngine.java:213)
	at org.chocosolver.solver.propagation.PropagationEngine.prepropagate(PropagationEngine.java:204)
	at org.chocosolver.solver.propagation.PropagationEngine.propagate(PropagationEngine.java:157)
	at org.chocosolver.solver.search.loop.propagate.PropagateBasic.execute(PropagateBasic.java:27)
	at org.chocosolver.solver.Solver.initialize(Solver.java:346)
	at org.chocosolver.solver.Solver.solve(Solver.java:254)
	at org.chocosolver.solver.search.IResolutionHelper.findAllSolutions(IResolutionHelper.java:141)
	at org.chocosolver.solver.constraints.real.RealTest.test4(RealTest.java:127)
	at sun.reflect.NativeMethodAccessorImpl.invoke0(Native Method)
	at sun.reflect.NativeMethodAccessorImpl.invoke(NativeMethodAccessorImpl.java:62)
	at sun.reflect.DelegatingMethodAccessorImpl.invoke(DelegatingMethodAccessorImpl.java:43)
	at java.lang.reflect.Method.invoke(Method.java:498)
	at org.testng.internal.MethodInvocationHelper.invokeMethod(MethodInvocationHelper.java:108)
	at org.testng.internal.Invoker.invokeMethod(Invoker.java:661)
	at org.testng.internal.Invoker.invokeTestMethod(Invoker.java:869)
	at org.testng.internal.Invoker.invokeTestMethods(Invoker.java:1193)
	at org.testng.internal.TestMethodWorker.invokeTestMethods(TestMethodWorker.java:126)
	at org.testng.internal.TestMethodWorker.run(TestMethodWorker.java:109)
	at org.testng.TestRunner.privateRun(TestRunner.java:744)
	at org.testng.TestRunner.run(TestRunner.java:602)
	at org.testng.SuiteRunner.runTest(SuiteRunner.java:380)
	at org.testng.SuiteRunner.runSequentially(SuiteRunner.java:375)
	at org.testng.SuiteRunner.privateRun(SuiteRunner.java:340)
	at org.testng.SuiteRunner.run(SuiteRunner.java:289)
	at org.testng.SuiteRunnerWorker.runSuite(SuiteRunnerWorker.java:52)
	at org.testng.SuiteRunnerWorker.run(SuiteRunnerWorker.java:86)
	at org.testng.TestNG.runSuitesSequentially(TestNG.java:1301)
	at org.testng.TestNG.runSuitesLocally(TestNG.java:1226)
	at org.testng.TestNG.runSuites(TestNG.java:1144)
	at org.testng.TestNG.run(TestNG.java:1115)
	at org.apache.maven.surefire.testng.TestNGExecutor.run(TestNGExecutor.java:132)
	at org.apache.maven.surefire.testng.TestNGDirectoryTestSuite.executeMulti(TestNGDirectoryTestSuite.java:193)
	at org.apache.maven.surefire.testng.TestNGDirectoryTestSuite.execute(TestNGDirectoryTestSuite.java:94)
	at org.apache.maven.surefire.testng.TestNGProvider.invoke(TestNGProvider.java:147)
	at org.apache.maven.surefire.booter.ForkedBooter.invokeProviderInSameClassLoader(ForkedBooter.java:290)
	at org.apache.maven.surefire.booter.ForkedBooter.runSuitesInProcess(ForkedBooter.java:242)
	at org.apache.maven.surefire.booter.ForkedBooter.main(ForkedBooter.java:121)
]]>
    </error>
  </testcase> <!-- test4 -->
  <testcase name="testFN1" time="0.001" classname="org.chocosolver.solver.constraints.real.RealTest">
    <error type="java.lang.NoClassDefFoundError" message="Could not initialize class org.chocosolver.solver.constraints.real.Ibex">
      <![CDATA[java.lang.NoClassDefFoundError: Could not initialize class org.chocosolver.solver.constraints.real.Ibex
	at org.chocosolver.solver.constraints.real.IbexHandler.createInstance(IbexHandler.java:297)
	at org.chocosolver.solver.constraints.real.IbexHandler.getIbexInstance(IbexHandler.java:217)
	at org.chocosolver.solver.constraints.real.IbexHandler.contract(IbexHandler.java:121)
	at org.chocosolver.solver.constraints.real.RealPropagator.propagate(RealPropagator.java:84)
	at org.chocosolver.solver.propagation.PropagationEngine.execute(PropagationEngine.java:213)
	at org.chocosolver.solver.propagation.PropagationEngine.prepropagate(PropagationEngine.java:204)
	at org.chocosolver.solver.propagation.PropagationEngine.propagate(PropagationEngine.java:157)
	at org.chocosolver.solver.search.loop.propagate.PropagateBasic.execute(PropagateBasic.java:27)
	at org.chocosolver.solver.Solver.initialize(Solver.java:346)
	at org.chocosolver.solver.Solver.solve(Solver.java:254)
	at org.chocosolver.solver.search.IResolutionHelper.findSolution(IResolutionHelper.java:91)
	at org.chocosolver.solver.constraints.real.RealTest.testFN1(RealTest.java:722)
	at sun.reflect.NativeMethodAccessorImpl.invoke0(Native Method)
	at sun.reflect.NativeMethodAccessorImpl.invoke(NativeMethodAccessorImpl.java:62)
	at sun.reflect.DelegatingMethodAccessorImpl.invoke(DelegatingMethodAccessorImpl.java:43)
	at java.lang.reflect.Method.invoke(Method.java:498)
	at org.testng.internal.MethodInvocationHelper.invokeMethod(MethodInvocationHelper.java:108)
	at org.testng.internal.InvokeMethodRunnable.runOne(InvokeMethodRunnable.java:54)
	at org.testng.internal.InvokeMethodRunnable.run(InvokeMethodRunnable.java:44)
	at java.util.concurrent.Executors$RunnableAdapter.call(Executors.java:511)
	at java.util.concurrent.FutureTask.run(FutureTask.java:266)
	at java.util.concurrent.ThreadPoolExecutor.runWorker(ThreadPoolExecutor.java:1142)
	at java.util.concurrent.ThreadPoolExecutor$Worker.run(ThreadPoolExecutor.java:617)
	at java.lang.Thread.run(Thread.java:745)
]]>
    </error>
  </testcase> <!-- testFN1 -->
  <testcase name="testRoberto3" time="0.001" classname="org.chocosolver.solver.constraints.real.RealTest">
    <error type="java.lang.NoClassDefFoundError" message="Could not initialize class org.chocosolver.solver.constraints.real.Ibex">
      <![CDATA[java.lang.NoClassDefFoundError: Could not initialize class org.chocosolver.solver.constraints.real.Ibex
	at org.chocosolver.solver.constraints.real.RealTest.testRoberto3(RealTest.java:754)
	at sun.reflect.NativeMethodAccessorImpl.invoke0(Native Method)
	at sun.reflect.NativeMethodAccessorImpl.invoke(NativeMethodAccessorImpl.java:62)
	at sun.reflect.DelegatingMethodAccessorImpl.invoke(DelegatingMethodAccessorImpl.java:43)
	at java.lang.reflect.Method.invoke(Method.java:498)
	at org.testng.internal.MethodInvocationHelper.invokeMethod(MethodInvocationHelper.java:108)
	at org.testng.internal.InvokeMethodRunnable.runOne(InvokeMethodRunnable.java:54)
	at org.testng.internal.InvokeMethodRunnable.run(InvokeMethodRunnable.java:44)
	at java.util.concurrent.Executors$RunnableAdapter.call(Executors.java:511)
	at java.util.concurrent.FutureTask.run(FutureTask.java:266)
	at java.util.concurrent.ThreadPoolExecutor.runWorker(ThreadPoolExecutor.java:1142)
	at java.util.concurrent.ThreadPoolExecutor$Worker.run(ThreadPoolExecutor.java:617)
	at java.lang.Thread.run(Thread.java:745)
]]>
    </error>
  </testcase> <!-- testRoberto3 -->
  <testcase name="test1" time="0.001" classname="org.chocosolver.solver.constraints.real.RealTest">
    <error type="java.lang.NoClassDefFoundError" message="Could not initialize class org.chocosolver.solver.constraints.real.Ibex">
      <![CDATA[java.lang.NoClassDefFoundError: Could not initialize class org.chocosolver.solver.constraints.real.Ibex
	at org.chocosolver.solver.constraints.real.RealTest.test1(RealTest.java:51)
	at sun.reflect.NativeMethodAccessorImpl.invoke0(Native Method)
	at sun.reflect.NativeMethodAccessorImpl.invoke(NativeMethodAccessorImpl.java:62)
	at sun.reflect.DelegatingMethodAccessorImpl.invoke(DelegatingMethodAccessorImpl.java:43)
	at java.lang.reflect.Method.invoke(Method.java:498)
	at org.testng.internal.MethodInvocationHelper.invokeMethod(MethodInvocationHelper.java:108)
	at org.testng.internal.InvokeMethodRunnable.runOne(InvokeMethodRunnable.java:54)
	at org.testng.internal.InvokeMethodRunnable.run(InvokeMethodRunnable.java:44)
	at java.util.concurrent.Executors$RunnableAdapter.call(Executors.java:511)
	at java.util.concurrent.FutureTask.run(FutureTask.java:266)
	at java.util.concurrent.ThreadPoolExecutor.runWorker(ThreadPoolExecutor.java:1142)
	at java.util.concurrent.ThreadPoolExecutor$Worker.run(ThreadPoolExecutor.java:617)
	at java.lang.Thread.run(Thread.java:745)
]]>
    </error>
  </testcase> <!-- test1 -->
  <testcase name="testJuha1" time="0.002" classname="org.chocosolver.solver.constraints.real.RealTest">
    <error type="java.lang.NoClassDefFoundError" message="Could not initialize class org.chocosolver.solver.constraints.real.Ibex">
      <![CDATA[java.lang.NoClassDefFoundError: Could not initialize class org.chocosolver.solver.constraints.real.Ibex
	at org.chocosolver.solver.constraints.real.IbexHandler.createInstance(IbexHandler.java:297)
	at org.chocosolver.solver.constraints.real.IbexHandler.getIbexInstance(IbexHandler.java:217)
	at org.chocosolver.solver.constraints.real.IbexHandler.contract(IbexHandler.java:121)
	at org.chocosolver.solver.constraints.real.RealPropagator.propagate(RealPropagator.java:84)
	at org.chocosolver.solver.propagation.PropagationEngine.execute(PropagationEngine.java:213)
	at org.chocosolver.solver.propagation.PropagationEngine.prepropagate(PropagationEngine.java:204)
	at org.chocosolver.solver.propagation.PropagationEngine.propagate(PropagationEngine.java:157)
	at org.chocosolver.solver.search.loop.propagate.PropagateBasic.execute(PropagateBasic.java:27)
	at org.chocosolver.solver.Solver.initialize(Solver.java:346)
	at org.chocosolver.solver.Solver.solve(Solver.java:254)
	at org.chocosolver.solver.search.IResolutionHelper.findAllSolutions(IResolutionHelper.java:141)
	at org.chocosolver.solver.constraints.real.RealTest.testJuha1(RealTest.java:638)
	at sun.reflect.NativeMethodAccessorImpl.invoke0(Native Method)
	at sun.reflect.NativeMethodAccessorImpl.invoke(NativeMethodAccessorImpl.java:62)
	at sun.reflect.DelegatingMethodAccessorImpl.invoke(DelegatingMethodAccessorImpl.java:43)
	at java.lang.reflect.Method.invoke(Method.java:498)
	at org.testng.internal.MethodInvocationHelper.invokeMethod(MethodInvocationHelper.java:108)
	at org.testng.internal.InvokeMethodRunnable.runOne(InvokeMethodRunnable.java:54)
	at org.testng.internal.InvokeMethodRunnable.run(InvokeMethodRunnable.java:44)
	at java.util.concurrent.Executors$RunnableAdapter.call(Executors.java:511)
	at java.util.concurrent.FutureTask.run(FutureTask.java:266)
	at java.util.concurrent.ThreadPoolExecutor.runWorker(ThreadPoolExecutor.java:1142)
	at java.util.concurrent.ThreadPoolExecutor$Worker.run(ThreadPoolExecutor.java:617)
	at java.lang.Thread.run(Thread.java:745)
]]>
    </error>
  </testcase> <!-- testJuha1 -->
  <testcase name="testJuha3" time="0.000" classname="org.chocosolver.solver.constraints.real.RealTest">
    <error type="java.lang.NoClassDefFoundError" message="Could not initialize class org.chocosolver.solver.constraints.real.Ibex">
      <![CDATA[java.lang.NoClassDefFoundError: Could not initialize class org.chocosolver.solver.constraints.real.Ibex
	at org.chocosolver.solver.constraints.real.IbexHandler.createInstance(IbexHandler.java:297)
	at org.chocosolver.solver.constraints.real.IbexHandler.getIbexInstance(IbexHandler.java:217)
	at org.chocosolver.solver.constraints.real.IbexHandler.contract(IbexHandler.java:121)
	at org.chocosolver.solver.constraints.real.RealPropagator.propagate(RealPropagator.java:84)
	at org.chocosolver.solver.propagation.PropagationEngine.execute(PropagationEngine.java:213)
	at org.chocosolver.solver.propagation.PropagationEngine.prepropagate(PropagationEngine.java:204)
	at org.chocosolver.solver.propagation.PropagationEngine.propagate(PropagationEngine.java:157)
	at org.chocosolver.solver.search.loop.propagate.PropagateBasic.execute(PropagateBasic.java:27)
	at org.chocosolver.solver.Solver.initialize(Solver.java:346)
	at org.chocosolver.solver.Solver.solve(Solver.java:254)
	at org.chocosolver.solver.search.IResolutionHelper.findAllSolutions(IResolutionHelper.java:141)
	at org.chocosolver.solver.constraints.real.RealTest.testJuha3(RealTest.java:672)
	at sun.reflect.NativeMethodAccessorImpl.invoke0(Native Method)
	at sun.reflect.NativeMethodAccessorImpl.invoke(NativeMethodAccessorImpl.java:62)
	at sun.reflect.DelegatingMethodAccessorImpl.invoke(DelegatingMethodAccessorImpl.java:43)
	at java.lang.reflect.Method.invoke(Method.java:498)
	at org.testng.internal.MethodInvocationHelper.invokeMethod(MethodInvocationHelper.java:108)
	at org.testng.internal.InvokeMethodRunnable.runOne(InvokeMethodRunnable.java:54)
	at org.testng.internal.InvokeMethodRunnable.run(InvokeMethodRunnable.java:44)
	at org.testng.internal.MethodInvocationHelper.invokeWithTimeoutWithNoExecutor(MethodInvocationHelper.java:257)
	at org.testng.internal.MethodInvocationHelper.invokeWithTimeout(MethodInvocationHelper.java:244)
	at org.testng.internal.Invoker.invokeMethod(Invoker.java:667)
	at org.testng.internal.Invoker.invokeTestMethod(Invoker.java:869)
	at org.testng.internal.Invoker.invokeTestMethods(Invoker.java:1193)
	at org.testng.internal.TestMethodWorker.invokeTestMethods(TestMethodWorker.java:126)
	at org.testng.internal.TestMethodWorker.run(TestMethodWorker.java:109)
	at org.testng.internal.thread.ThreadUtil$1.call(ThreadUtil.java:52)
	at java.util.concurrent.FutureTask.run(FutureTask.java:266)
	at java.util.concurrent.ThreadPoolExecutor.runWorker(ThreadPoolExecutor.java:1142)
	at java.util.concurrent.ThreadPoolExecutor$Worker.run(ThreadPoolExecutor.java:617)
	at java.lang.Thread.run(Thread.java:745)
]]>
    </error>
  </testcase> <!-- testJuha3 -->
  <testcase name="testJuha4" time="0.000" classname="org.chocosolver.solver.constraints.real.RealTest">
    <error type="java.lang.NoClassDefFoundError" message="Could not initialize class org.chocosolver.solver.constraints.real.Ibex">
      <![CDATA[java.lang.NoClassDefFoundError: Could not initialize class org.chocosolver.solver.constraints.real.Ibex
	at org.chocosolver.solver.constraints.real.RealTest.testJuha4(RealTest.java:684)
	at sun.reflect.NativeMethodAccessorImpl.invoke0(Native Method)
	at sun.reflect.NativeMethodAccessorImpl.invoke(NativeMethodAccessorImpl.java:62)
	at sun.reflect.DelegatingMethodAccessorImpl.invoke(DelegatingMethodAccessorImpl.java:43)
	at java.lang.reflect.Method.invoke(Method.java:498)
	at org.testng.internal.MethodInvocationHelper.invokeMethod(MethodInvocationHelper.java:108)
	at org.testng.internal.InvokeMethodRunnable.runOne(InvokeMethodRunnable.java:54)
	at org.testng.internal.InvokeMethodRunnable.run(InvokeMethodRunnable.java:44)
	at org.testng.internal.MethodInvocationHelper.invokeWithTimeoutWithNoExecutor(MethodInvocationHelper.java:257)
	at org.testng.internal.MethodInvocationHelper.invokeWithTimeout(MethodInvocationHelper.java:244)
	at org.testng.internal.Invoker.invokeMethod(Invoker.java:667)
	at org.testng.internal.Invoker.invokeTestMethod(Invoker.java:869)
	at org.testng.internal.Invoker.invokeTestMethods(Invoker.java:1193)
	at org.testng.internal.TestMethodWorker.invokeTestMethods(TestMethodWorker.java:126)
	at org.testng.internal.TestMethodWorker.run(TestMethodWorker.java:109)
	at org.testng.internal.thread.ThreadUtil$1.call(ThreadUtil.java:52)
	at java.util.concurrent.FutureTask.run(FutureTask.java:266)
	at java.util.concurrent.ThreadPoolExecutor.runWorker(ThreadPoolExecutor.java:1142)
	at java.util.concurrent.ThreadPoolExecutor$Worker.run(ThreadPoolExecutor.java:617)
	at java.lang.Thread.run(Thread.java:745)
]]>
    </error>
  </testcase> <!-- testJuha4 -->
  <testcase name="testPeter" time="0.003" classname="org.chocosolver.solver.constraints.real.RealTest">
    <error type="java.lang.NoClassDefFoundError" message="Could not initialize class org.chocosolver.solver.constraints.real.Ibex">
      <![CDATA[java.lang.NoClassDefFoundError: Could not initialize class org.chocosolver.solver.constraints.real.Ibex
	at org.chocosolver.solver.constraints.real.IbexHandler.createInstance(IbexHandler.java:297)
	at org.chocosolver.solver.constraints.real.IbexHandler.getIbexInstance(IbexHandler.java:217)
	at org.chocosolver.solver.constraints.real.IbexHandler.contract(IbexHandler.java:121)
	at org.chocosolver.solver.constraints.real.RealPropagator.propagate(RealPropagator.java:84)
	at org.chocosolver.solver.propagation.PropagationEngine.execute(PropagationEngine.java:213)
	at org.chocosolver.solver.propagation.PropagationEngine.prepropagate(PropagationEngine.java:204)
	at org.chocosolver.solver.propagation.PropagationEngine.propagate(PropagationEngine.java:157)
	at org.chocosolver.solver.search.loop.propagate.PropagateBasic.execute(PropagateBasic.java:27)
	at org.chocosolver.solver.Solver.initialize(Solver.java:346)
	at org.chocosolver.solver.Solver.solve(Solver.java:254)
	at org.chocosolver.solver.constraints.real.RealTest.testPeter(RealTest.java:341)
	at sun.reflect.NativeMethodAccessorImpl.invoke0(Native Method)
	at sun.reflect.NativeMethodAccessorImpl.invoke(NativeMethodAccessorImpl.java:62)
	at sun.reflect.DelegatingMethodAccessorImpl.invoke(DelegatingMethodAccessorImpl.java:43)
	at java.lang.reflect.Method.invoke(Method.java:498)
	at org.testng.internal.MethodInvocationHelper.invokeMethod(MethodInvocationHelper.java:108)
	at org.testng.internal.InvokeMethodRunnable.runOne(InvokeMethodRunnable.java:54)
	at org.testng.internal.InvokeMethodRunnable.run(InvokeMethodRunnable.java:44)
	at java.util.concurrent.Executors$RunnableAdapter.call(Executors.java:511)
	at java.util.concurrent.FutureTask.run(FutureTask.java:266)
	at java.util.concurrent.ThreadPoolExecutor.runWorker(ThreadPoolExecutor.java:1142)
	at java.util.concurrent.ThreadPoolExecutor$Worker.run(ThreadPoolExecutor.java:617)
	at java.lang.Thread.run(Thread.java:745)
]]>
    </error>
  </testcase> <!-- testPeter -->
  <testcase name="testJuha4" time="0.001" classname="org.chocosolver.solver.constraints.real.RealTest">
    <error type="java.lang.NoClassDefFoundError" message="Could not initialize class org.chocosolver.solver.constraints.real.Ibex">
      <![CDATA[java.lang.NoClassDefFoundError: Could not initialize class org.chocosolver.solver.constraints.real.Ibex
	at org.chocosolver.solver.constraints.real.RealTest.testJuha4(RealTest.java:684)
	at sun.reflect.NativeMethodAccessorImpl.invoke0(Native Method)
	at sun.reflect.NativeMethodAccessorImpl.invoke(NativeMethodAccessorImpl.java:62)
	at sun.reflect.DelegatingMethodAccessorImpl.invoke(DelegatingMethodAccessorImpl.java:43)
	at java.lang.reflect.Method.invoke(Method.java:498)
	at org.testng.internal.MethodInvocationHelper.invokeMethod(MethodInvocationHelper.java:108)
	at org.testng.internal.InvokeMethodRunnable.runOne(InvokeMethodRunnable.java:54)
	at org.testng.internal.InvokeMethodRunnable.run(InvokeMethodRunnable.java:44)
	at org.testng.internal.MethodInvocationHelper.invokeWithTimeoutWithNoExecutor(MethodInvocationHelper.java:257)
	at org.testng.internal.MethodInvocationHelper.invokeWithTimeout(MethodInvocationHelper.java:244)
	at org.testng.internal.Invoker.invokeMethod(Invoker.java:667)
	at org.testng.internal.Invoker.invokeTestMethod(Invoker.java:869)
	at org.testng.internal.Invoker.invokeTestMethods(Invoker.java:1193)
	at org.testng.internal.TestMethodWorker.invokeTestMethods(TestMethodWorker.java:126)
	at org.testng.internal.TestMethodWorker.run(TestMethodWorker.java:109)
	at org.testng.internal.thread.ThreadUtil$1.call(ThreadUtil.java:52)
	at java.util.concurrent.FutureTask.run(FutureTask.java:266)
	at java.util.concurrent.ThreadPoolExecutor.runWorker(ThreadPoolExecutor.java:1142)
	at java.util.concurrent.ThreadPoolExecutor$Worker.run(ThreadPoolExecutor.java:617)
	at java.lang.Thread.run(Thread.java:745)
]]>
    </error>
  </testcase> <!-- testJuha4 -->
</testsuite> <!-- org.chocosolver.solver.constraints.real.RealTest -->
