<?xml version="1.0" encoding="UTF-8"?>
<!-- Generated by org.testng.reporters.JUnitReportReporter -->
<testsuite skipped="0" hostname="cyclone1" name="org.chocosolver.solver.constraints.nary.CumulativeTest" tests="8" failures="0" timestamp="26 May 2018 19:10:34 GMT" time="5.483" errors="0">
  <testcase name="testMed" time="3.939" classname="org.chocosolver.solver.constraints.nary.CumulativeTest"/>
  <testcase name="test6" time="1.103" classname="org.chocosolver.solver.constraints.nary.CumulativeTest"/>
  <testcase name="testDur0" time="0.001" classname="org.chocosolver.solver.constraints.nary.CumulativeTest"/>
  <testcase name="test4" time="0.031" classname="org.chocosolver.solver.constraints.nary.CumulativeTest"/>
  <testcase name="test2" time="0.068" classname="org.chocosolver.solver.constraints.nary.CumulativeTest"/>
  <testcase name="test3" time="0.066" classname="org.chocosolver.solver.constraints.nary.CumulativeTest"/>
  <testcase name="test1" time="0.196" classname="org.chocosolver.solver.constraints.nary.CumulativeTest"/>
  <testcase name="test5" time="0.079" classname="org.chocosolver.solver.constraints.nary.CumulativeTest"/>
</testsuite> <!-- org.chocosolver.solver.constraints.nary.CumulativeTest -->
