<?xml version="1.0" encoding="UTF-8"?>
<!-- Generated by org.testng.reporters.JUnitReportReporter -->
<testsuite skipped="0" hostname="cyclone1" name="org.chocosolver.solver.constraints.nary.SubcircuitTest" tests="6" failures="0" timestamp="26 May 2018 19:10:34 GMT" time="0.034" errors="0">
  <testcase name="test1" time="0.002" classname="org.chocosolver.solver.constraints.nary.SubcircuitTest"/>
  <testcase name="test" time="0.003" classname="org.chocosolver.solver.constraints.nary.SubcircuitTest"/>
  <testcase name="test4" time="0.018" classname="org.chocosolver.solver.constraints.nary.SubcircuitTest"/>
  <testcase name="test2" time="0.001" classname="org.chocosolver.solver.constraints.nary.SubcircuitTest"/>
  <testcase name="test11" time="0.006" classname="org.chocosolver.solver.constraints.nary.SubcircuitTest"/>
  <testcase name="test3" time="0.004" classname="org.chocosolver.solver.constraints.nary.SubcircuitTest"/>
</testsuite> <!-- org.chocosolver.solver.constraints.nary.SubcircuitTest -->
