<?xml version="1.0" encoding="UTF-8"?>
<!-- Generated by org.testng.reporters.JUnitReportReporter -->
<testsuite skipped="0" hostname="cyclone1" name="org.chocosolver.solver.constraints.DynamicPostTest" tests="8" failures="0" timestamp="26 May 2018 19:10:34 GMT" time="2.019" errors="0">
  <testcase name="test2" time="0.002" classname="org.chocosolver.solver.constraints.DynamicPostTest"/>
  <testcase name="test1" time="0.007" classname="org.chocosolver.solver.constraints.DynamicPostTest"/>
  <testcase name="test3" time="0.000" classname="org.chocosolver.solver.constraints.DynamicPostTest"/>
  <testcase name="test0" time="0.000" classname="org.chocosolver.solver.constraints.DynamicPostTest"/>
  <testcase name="testCostas" time="2.005" classname="org.chocosolver.solver.constraints.DynamicPostTest"/>
  <testcase name="test4" time="0.002" classname="org.chocosolver.solver.constraints.DynamicPostTest"/>
  <testcase name="testJLpareto" time="0.002" classname="org.chocosolver.solver.constraints.DynamicPostTest"/>
  <testcase name="testIssue214" time="0.001" classname="org.chocosolver.solver.constraints.DynamicPostTest"/>
</testsuite> <!-- org.chocosolver.solver.constraints.DynamicPostTest -->
