<?xml version="1.0" encoding="UTF-8"?>
<!-- Generated by org.testng.reporters.JUnitReportReporter -->
<testsuite skipped="0" hostname="cyclone1" name="org.chocosolver.solver.constraints.nary.RegularTest" tests="21" failures="0" timestamp="26 May 2018 19:10:34 GMT" time="59.915" errors="0">
  <testcase name="testregExp5" time="0.001" classname="org.chocosolver.solver.constraints.nary.RegularTest"/>
  <testcase name="testregExp9" time="0.001" classname="org.chocosolver.solver.constraints.nary.RegularTest"/>
  <testcase name="testregExp3" time="0.006" classname="org.chocosolver.solver.constraints.nary.RegularTest"/>
  <testcase name="testSimpleAuto" time="0.319" classname="org.chocosolver.solver.constraints.nary.RegularTest"/>
  <testcase name="testregExp2" time="0.001" classname="org.chocosolver.solver.constraints.nary.RegularTest"/>
  <testcase name="testregExp8" time="0.007" classname="org.chocosolver.solver.constraints.nary.RegularTest"/>
  <testcase name="testregExp7" time="0.026" classname="org.chocosolver.solver.constraints.nary.RegularTest"/>
  <testcase name="testNeg" time="0.001" classname="org.chocosolver.solver.constraints.nary.RegularTest"/>
  <testcase name="testregExp10" time="0.045" classname="org.chocosolver.solver.constraints.nary.RegularTest"/>
  <testcase name="compareVersionSpeedNew" time="22.952" classname="org.chocosolver.solver.constraints.nary.RegularTest"/>
  <testcase name="compareVersionSpeedNew2" time="0.031" classname="org.chocosolver.solver.constraints.nary.RegularTest"/>
  <testcase name="ccostregular2" time="0.482" classname="org.chocosolver.solver.constraints.nary.RegularTest"/>
  <testcase name="isCorrect2" time="8.678" classname="org.chocosolver.solver.constraints.nary.RegularTest"/>
  <testcase name="testRG11" time="12.535" classname="org.chocosolver.solver.constraints.nary.RegularTest"/>
  <testcase name="testregExp6" time="0.001" classname="org.chocosolver.solver.constraints.nary.RegularTest"/>
  <testcase name="testregExp4" time="0.001" classname="org.chocosolver.solver.constraints.nary.RegularTest"/>
  <testcase name="isCorrect" time="2.916" classname="org.chocosolver.solver.constraints.nary.RegularTest"/>
  <testcase name="testregExp11" time="0.001" classname="org.chocosolver.solver.constraints.nary.RegularTest"/>
  <testcase name="testregExp12" time="0.018" classname="org.chocosolver.solver.constraints.nary.RegularTest"/>
  <testcase name="testregExp1" time="0.001" classname="org.chocosolver.solver.constraints.nary.RegularTest"/>
  <testcase name="testRG11" time="11.892" classname="org.chocosolver.solver.constraints.nary.RegularTest"/>
</testsuite> <!-- org.chocosolver.solver.constraints.nary.RegularTest -->
