<?xml version="1.0" encoding="UTF-8"?>
<!-- Generated by org.testng.reporters.JUnitReportReporter -->
<testsuite skipped="0" hostname="cyclone1" name="org.chocosolver.solver.variables.ScaleViewTest" tests="9" failures="0" timestamp="26 May 2018 19:10:34 GMT" time="5.590" errors="0">
  <testcase name="testDec1" time="0.001" classname="org.chocosolver.solver.variables.ScaleViewTest"/>
  <testcase name="test1" time="0.000" classname="org.chocosolver.solver.variables.ScaleViewTest"/>
  <testcase name="testCP01" time="0.001" classname="org.chocosolver.solver.variables.ScaleViewTest"/>
  <testcase name="test2" time="0.000" classname="org.chocosolver.solver.variables.ScaleViewTest"/>
  <testcase name="testIt2" time="0.006" classname="org.chocosolver.solver.variables.ScaleViewTest"/>
  <testcase name="testRandom2" time="0.538" classname="org.chocosolver.solver.variables.ScaleViewTest"/>
  <testcase name="testRandom1" time="5.035" classname="org.chocosolver.solver.variables.ScaleViewTest"/>
  <testcase name="testIt1" time="0.008" classname="org.chocosolver.solver.variables.ScaleViewTest"/>
  <testcase name="testJL01" time="0.001" classname="org.chocosolver.solver.variables.ScaleViewTest"/>
</testsuite> <!-- org.chocosolver.solver.variables.ScaleViewTest -->
