<?xml version="1.0" encoding="UTF-8"?>
<!-- Generated by org.testng.reporters.JUnitReportReporter -->
<testsuite skipped="0" hostname="cyclone1" name="org.chocosolver.solver.constraints.set.BoolChannelTest" tests="5" failures="0" timestamp="26 May 2018 19:10:34 GMT" time="0.001" errors="0">
  <testcase name="testNominalMZN" time="0.000" classname="org.chocosolver.solver.constraints.set.BoolChannelTest"/>
  <testcase name="testNominal" time="0.001" classname="org.chocosolver.solver.constraints.set.BoolChannelTest"/>
  <testcase name="testBooleansFixed" time="0.000" classname="org.chocosolver.solver.constraints.set.BoolChannelTest"/>
  <testcase name="testNoChannelingPossible" time="0.000" classname="org.chocosolver.solver.constraints.set.BoolChannelTest"/>
  <testcase name="testSetFixed" time="0.000" classname="org.chocosolver.solver.constraints.set.BoolChannelTest"/>
</testsuite> <!-- org.chocosolver.solver.constraints.set.BoolChannelTest -->
