<?xml version="1.0" encoding="UTF-8"?>
<!-- Generated by org.testng.reporters.JUnitReportReporter -->
<testsuite skipped="0" hostname="cyclone1" name="org.chocosolver.solver.explanations.ExplanationTest" tests="49" failures="0" timestamp="26 May 2018 19:10:34 GMT" time="46.390" errors="0">
  <testcase name="testXP1" time="0.000" classname="org.chocosolver.solver.explanations.ExplanationTest"/>
  <testcase name="testReif3" time="0.003" classname="org.chocosolver.solver.explanations.ExplanationTest"/>
  <testcase name="testXP1" time="0.001" classname="org.chocosolver.solver.explanations.ExplanationTest"/>
  <testcase name="testLazy" time="0.003" classname="org.chocosolver.solver.explanations.ExplanationTest"/>
  <testcase name="testXP1" time="0.001" classname="org.chocosolver.solver.explanations.ExplanationTest"/>
  <testcase name="testXP1" time="0.001" classname="org.chocosolver.solver.explanations.ExplanationTest"/>
  <testcase name="testXP1" time="0.000" classname="org.chocosolver.solver.explanations.ExplanationTest"/>
  <testcase name="testXP1" time="0.001" classname="org.chocosolver.solver.explanations.ExplanationTest"/>
  <testcase name="testXP1" time="0.001" classname="org.chocosolver.solver.explanations.ExplanationTest"/>
  <testcase name="testPigeons" time="18.322" classname="org.chocosolver.solver.explanations.ExplanationTest"/>
  <testcase name="testXP1" time="0.001" classname="org.chocosolver.solver.explanations.ExplanationTest"/>
  <testcase name="testXP1" time="0.001" classname="org.chocosolver.solver.explanations.ExplanationTest"/>
  <testcase name="testXP1" time="0.000" classname="org.chocosolver.solver.explanations.ExplanationTest"/>
  <testcase name="testXP1" time="0.001" classname="org.chocosolver.solver.explanations.ExplanationTest"/>
  <testcase name="testReif" time="0.013" classname="org.chocosolver.solver.explanations.ExplanationTest"/>
  <testcase name="testXP1" time="0.001" classname="org.chocosolver.solver.explanations.ExplanationTest"/>
  <testcase name="testXP1" time="0.001" classname="org.chocosolver.solver.explanations.ExplanationTest"/>
  <testcase name="testXP1" time="0.001" classname="org.chocosolver.solver.explanations.ExplanationTest"/>
  <testcase name="testXP1" time="0.001" classname="org.chocosolver.solver.explanations.ExplanationTest"/>
  <testcase name="testXP1" time="0.003" classname="org.chocosolver.solver.explanations.ExplanationTest"/>
  <testcase name="testXP1" time="0.000" classname="org.chocosolver.solver.explanations.ExplanationTest"/>
  <testcase name="testXP1" time="0.000" classname="org.chocosolver.solver.explanations.ExplanationTest"/>
  <testcase name="testXP1" time="0.001" classname="org.chocosolver.solver.explanations.ExplanationTest"/>
  <testcase name="testXP1" time="0.001" classname="org.chocosolver.solver.explanations.ExplanationTest"/>
  <testcase name="testNosol0" time="7.261" classname="org.chocosolver.solver.explanations.ExplanationTest"/>
  <testcase name="testXP1" time="0.000" classname="org.chocosolver.solver.explanations.ExplanationTest"/>
  <testcase name="testXP1" time="0.000" classname="org.chocosolver.solver.explanations.ExplanationTest"/>
  <testcase name="testXP1" time="0.001" classname="org.chocosolver.solver.explanations.ExplanationTest"/>
  <testcase name="testXP1" time="0.001" classname="org.chocosolver.solver.explanations.ExplanationTest"/>
  <testcase name="testXP1" time="0.000" classname="org.chocosolver.solver.explanations.ExplanationTest"/>
  <testcase name="testXP1" time="0.001" classname="org.chocosolver.solver.explanations.ExplanationTest"/>
  <testcase name="testXP1" time="0.000" classname="org.chocosolver.solver.explanations.ExplanationTest"/>
  <testcase name="testMS" time="6.863" classname="org.chocosolver.solver.explanations.ExplanationTest"/>
  <testcase name="testXP1" time="0.000" classname="org.chocosolver.solver.explanations.ExplanationTest"/>
  <testcase name="testXP1" time="0.001" classname="org.chocosolver.solver.explanations.ExplanationTest"/>
  <testcase name="testXP1" time="0.001" classname="org.chocosolver.solver.explanations.ExplanationTest"/>
  <testcase name="testXP1" time="0.000" classname="org.chocosolver.solver.explanations.ExplanationTest"/>
  <testcase name="testXP1" time="0.001" classname="org.chocosolver.solver.explanations.ExplanationTest"/>
  <testcase name="testNosolBut0" time="13.892" classname="org.chocosolver.solver.explanations.ExplanationTest"/>
  <testcase name="testXP1" time="0.000" classname="org.chocosolver.solver.explanations.ExplanationTest"/>
  <testcase name="testReif2" time="0.005" classname="org.chocosolver.solver.explanations.ExplanationTest"/>
  <testcase name="testXP1" time="0.001" classname="org.chocosolver.solver.explanations.ExplanationTest"/>
  <testcase name="testXP1" time="0.001" classname="org.chocosolver.solver.explanations.ExplanationTest"/>
  <testcase name="testXP1" time="0.000" classname="org.chocosolver.solver.explanations.ExplanationTest"/>
  <testcase name="testXP1" time="0.001" classname="org.chocosolver.solver.explanations.ExplanationTest"/>
  <testcase name="testXP1" time="0.001" classname="org.chocosolver.solver.explanations.ExplanationTest"/>
  <testcase name="testXP1" time="0.001" classname="org.chocosolver.solver.explanations.ExplanationTest"/>
  <testcase name="testXP1" time="0.000" classname="org.chocosolver.solver.explanations.ExplanationTest"/>
  <testcase name="testUserExpl" time="0.000" classname="org.chocosolver.solver.explanations.ExplanationTest"/>
</testsuite> <!-- org.chocosolver.solver.explanations.ExplanationTest -->
