<?xml version="1.0" encoding="UTF-8"?>
<!-- Generated by org.testng.reporters.JUnitReportReporter -->
<testsuite skipped="0" hostname="cyclone1" name="org.chocosolver.solver.constraints.set.SubsetEqTest" tests="4" failures="0" timestamp="26 May 2018 19:10:34 GMT" time="0.015" errors="0">
  <testcase name="testNominal" time="0.014" classname="org.chocosolver.solver.constraints.set.SubsetEqTest"/>
  <testcase name="testNoSolutionBadData" time="0.000" classname="org.chocosolver.solver.constraints.set.SubsetEqTest"/>
  <testcase name="testNoSolution" time="0.000" classname="org.chocosolver.solver.constraints.set.SubsetEqTest"/>
  <testcase name="testOneToFill" time="0.001" classname="org.chocosolver.solver.constraints.set.SubsetEqTest"/>
</testsuite> <!-- org.chocosolver.solver.constraints.set.SubsetEqTest -->
