<?xml version="1.0" encoding="UTF-8"?>
<!-- Generated by org.testng.reporters.JUnitReportReporter -->
<testsuite skipped="0" hostname="cyclone1" name="org.chocosolver.solver.search.TestMultiSequentialObjectives" tests="4" failures="0" timestamp="26 May 2018 19:10:34 GMT" time="0.382" errors="0">
  <testcase name="simpleLexTest2" time="0.009" classname="org.chocosolver.solver.search.TestMultiSequentialObjectives"/>
  <testcase name="simpleLexTest3" time="0.170" classname="org.chocosolver.solver.search.TestMultiSequentialObjectives"/>
  <testcase name="simpleLexTest4" time="0.003" classname="org.chocosolver.solver.search.TestMultiSequentialObjectives"/>
  <testcase name="simpleLexTest1" time="0.200" classname="org.chocosolver.solver.search.TestMultiSequentialObjectives"/>
</testsuite> <!-- org.chocosolver.solver.search.TestMultiSequentialObjectives -->
