<?xml version="1.0" encoding="UTF-8"?>
<!-- Generated by org.testng.reporters.JUnitReportReporter -->
<testsuite skipped="0" hostname="cyclone1" name="org.chocosolver.solver.variables.MaxViewTest" tests="2" failures="0" timestamp="26 May 2018 19:10:34 GMT" time="12.452" errors="0">
  <testcase name="testMax2" time="10.698" classname="org.chocosolver.solver.variables.MaxViewTest"/>
  <testcase name="testMax1" time="1.754" classname="org.chocosolver.solver.variables.MaxViewTest"/>
</testsuite> <!-- org.chocosolver.solver.variables.MaxViewTest -->
