<?xml version="1.0" encoding="UTF-8"?>
<!-- Generated by org.testng.reporters.JUnitReportReporter -->
<testsuite skipped="0" hostname="cyclone1" name="org.chocosolver.solver.search.ObjectiveTest" tests="15" failures="0" timestamp="26 May 2018 19:10:34 GMT" time="6.950" errors="0">
  <testcase name="test1" time="0.007" classname="org.chocosolver.solver.search.ObjectiveTest"/>
  <testcase name="testAdaptiveCut1" time="3.452" classname="org.chocosolver.solver.search.ObjectiveTest"/>
  <testcase name="testMaxRealObj" time="0.003" classname="org.chocosolver.solver.search.ObjectiveTest"/>
  <testcase name="testMinIntObjCopy" time="0.001" classname="org.chocosolver.solver.search.ObjectiveTest"/>
  <testcase name="testSerializeObjMan" time="0.006" classname="org.chocosolver.solver.search.ObjectiveTest"/>
  <testcase name="testJL1" time="0.000" classname="org.chocosolver.solver.search.ObjectiveTest"/>
  <testcase name="testMinRealObj" time="0.001" classname="org.chocosolver.solver.search.ObjectiveTest"/>
  <testcase name="testJL2" time="0.004" classname="org.chocosolver.solver.search.ObjectiveTest"/>
  <testcase name="testSatObj" time="0.001" classname="org.chocosolver.solver.search.ObjectiveTest"/>
  <testcase name="testAdaptiveCut3" time="0.101" classname="org.chocosolver.solver.search.ObjectiveTest"/>
  <testcase name="test3" time="0.002" classname="org.chocosolver.solver.search.ObjectiveTest"/>
  <testcase name="testAdaptiveCut2" time="3.369" classname="org.chocosolver.solver.search.ObjectiveTest"/>
  <testcase name="testMaxIntObj" time="0.001" classname="org.chocosolver.solver.search.ObjectiveTest"/>
  <testcase name="test4" time="0.001" classname="org.chocosolver.solver.search.ObjectiveTest"/>
  <testcase name="test2" time="0.001" classname="org.chocosolver.solver.search.ObjectiveTest"/>
</testsuite> <!-- org.chocosolver.solver.search.ObjectiveTest -->
