<?xml version="1.0" encoding="UTF-8"?>
<!-- Generated by org.testng.reporters.JUnitReportReporter -->
<testsuite skipped="0" hostname="cyclone1" name="org.chocosolver.solver.constraints.nary.LexTest" tests="9" failures="0" timestamp="26 May 2018 19:10:34 GMT" time="0.142" errors="0">
  <testcase name="testAshish" time="0.000" classname="org.chocosolver.solver.constraints.nary.LexTest"/>
  <testcase name="testBug4" time="0.002" classname="org.chocosolver.solver.constraints.nary.LexTest"/>
  <testcase name="testBug1" time="0.000" classname="org.chocosolver.solver.constraints.nary.LexTest"/>
  <testcase name="testBug3" time="0.001" classname="org.chocosolver.solver.constraints.nary.LexTest"/>
  <testcase name="testLexiSatisfied" time="0.001" classname="org.chocosolver.solver.constraints.nary.LexTest"/>
  <testcase name="testBug2" time="0.001" classname="org.chocosolver.solver.constraints.nary.LexTest"/>
  <testcase name="testLex" time="0.060" classname="org.chocosolver.solver.constraints.nary.LexTest"/>
  <testcase name="testBug5" time="0.001" classname="org.chocosolver.solver.constraints.nary.LexTest"/>
  <testcase name="testLessLexq" time="0.076" classname="org.chocosolver.solver.constraints.nary.LexTest"/>
</testsuite> <!-- org.chocosolver.solver.constraints.nary.LexTest -->
