<?xml version="1.0" encoding="UTF-8"?>
<!-- Generated by org.testng.reporters.JUnitReportReporter -->
<testsuite skipped="0" hostname="cyclone1" name="org.chocosolver.solver.variables.impl.AbstractVariableTest" tests="3" failures="0" timestamp="26 May 2018 19:10:34 GMT" time="0.000" errors="0">
  <testcase name="testSubscribe1" time="0.000" classname="org.chocosolver.solver.variables.impl.AbstractVariableTest"/>
  <testcase name="testCancel1" time="0.000" classname="org.chocosolver.solver.variables.impl.AbstractVariableTest"/>
  <testcase name="testSubscribe2" time="0.000" classname="org.chocosolver.solver.variables.impl.AbstractVariableTest"/>
</testsuite> <!-- org.chocosolver.solver.variables.impl.AbstractVariableTest -->
