<?xml version="1.0" encoding="UTF-8"?>
<!-- Generated by org.testng.reporters.JUnitReportReporter -->
<testsuite skipped="0" hostname="cyclone1" name="org.chocosolver.solver.constraints.binary.DistanceEQTest" tests="2" failures="0" timestamp="26 May 2018 19:10:34 GMT" time="0.846" errors="0">
  <testcase name="test1" time="0.308" classname="org.chocosolver.solver.constraints.binary.DistanceEQTest"/>
  <testcase name="test1" time="0.538" classname="org.chocosolver.solver.constraints.binary.DistanceEQTest"/>
</testsuite> <!-- org.chocosolver.solver.constraints.binary.DistanceEQTest -->
