<?xml version="1.0" encoding="UTF-8"?>
<!-- Generated by org.testng.reporters.JUnitReportReporter -->
<testsuite skipped="0" hostname="cyclone1" name="org.chocosolver.solver.propagation.PropEngineTest" tests="11" failures="0" timestamp="26 May 2018 19:10:34 GMT" time="3.076" errors="0">
  <testcase name="test2b" time="0.000" classname="org.chocosolver.solver.propagation.PropEngineTest"/>
  <testcase name="testJG3" time="0.001" classname="org.chocosolver.solver.propagation.PropEngineTest"/>
  <testcase name="test1" time="0.001" classname="org.chocosolver.solver.propagation.PropEngineTest"/>
  <testcase name="testJG1" time="0.000" classname="org.chocosolver.solver.propagation.PropEngineTest"/>
  <testcase name="testClone" time="0.002" classname="org.chocosolver.solver.propagation.PropEngineTest"/>
  <testcase name="test2a" time="0.000" classname="org.chocosolver.solver.propagation.PropEngineTest"/>
  <testcase name="testJG2" time="0.001" classname="org.chocosolver.solver.propagation.PropEngineTest"/>
  <testcase name="test3" time="0.011" classname="org.chocosolver.solver.propagation.PropEngineTest"/>
  <testcase name="test2c" time="0.001" classname="org.chocosolver.solver.propagation.PropEngineTest"/>
  <testcase name="testGregy41" time="0.002" classname="org.chocosolver.solver.propagation.PropEngineTest"/>
  <testcase name="test5" time="3.057" classname="org.chocosolver.solver.propagation.PropEngineTest"/>
</testsuite> <!-- org.chocosolver.solver.propagation.PropEngineTest -->
