<?xml version="1.0" encoding="UTF-8"?>
<!-- Generated by org.testng.reporters.JUnitReportReporter -->
<testsuite skipped="0" hostname="cyclone1" name="org.chocosolver.solver.constraints.binary.ElementTest" tests="35" failures="0" timestamp="26 May 2018 19:10:34 GMT" time="0.076" errors="0">
  <testcase name="test4" time="0.000" classname="org.chocosolver.solver.constraints.binary.ElementTest"/>
  <testcase name="testBUG" time="0.006" classname="org.chocosolver.solver.constraints.binary.ElementTest"/>
  <testcase name="testInc1" time="0.002" classname="org.chocosolver.solver.constraints.binary.ElementTest"/>
  <testcase name="test3" time="0.004" classname="org.chocosolver.solver.constraints.binary.ElementTest"/>
  <testcase name="testProp7" time="0.001" classname="org.chocosolver.solver.constraints.binary.ElementTest"/>
  <testcase name="testProp1" time="0.000" classname="org.chocosolver.solver.constraints.binary.ElementTest"/>
  <testcase name="test2" time="0.000" classname="org.chocosolver.solver.constraints.binary.ElementTest"/>
  <testcase name="testNeg" time="0.004" classname="org.chocosolver.solver.constraints.binary.ElementTest"/>
  <testcase name="testProp4" time="0.000" classname="org.chocosolver.solver.constraints.binary.ElementTest"/>
  <testcase name="testMemberReasoning" time="0.001" classname="org.chocosolver.solver.constraints.binary.ElementTest"/>
  <testcase name="testModelOrFull" time="0.001" classname="org.chocosolver.solver.constraints.binary.ElementTest"/>
  <testcase name="testTAR1" time="0.003" classname="org.chocosolver.solver.constraints.binary.ElementTest"/>
  <testcase name="testProp5" time="0.001" classname="org.chocosolver.solver.constraints.binary.ElementTest"/>
  <testcase name="testProp3" time="0.000" classname="org.chocosolver.solver.constraints.binary.ElementTest"/>
  <testcase name="testDec1" time="0.002" classname="org.chocosolver.solver.constraints.binary.ElementTest"/>
  <testcase name="test5" time="0.003" classname="org.chocosolver.solver.constraints.binary.ElementTest"/>
  <testcase name="testDec1" time="0.002" classname="org.chocosolver.solver.constraints.binary.ElementTest"/>
  <testcase name="testProp6" time="0.001" classname="org.chocosolver.solver.constraints.binary.ElementTest"/>
  <testcase name="test4" time="0.001" classname="org.chocosolver.solver.constraints.binary.ElementTest"/>
  <testcase name="testNeg" time="0.009" classname="org.chocosolver.solver.constraints.binary.ElementTest"/>
  <testcase name="test1" time="0.000" classname="org.chocosolver.solver.constraints.binary.ElementTest"/>
  <testcase name="testReg1" time="0.009" classname="org.chocosolver.solver.constraints.binary.ElementTest"/>
  <testcase name="testModelOrMin" time="0.001" classname="org.chocosolver.solver.constraints.binary.ElementTest"/>
  <testcase name="testBUG" time="0.003" classname="org.chocosolver.solver.constraints.binary.ElementTest"/>
  <testcase name="testModelOrFull" time="0.001" classname="org.chocosolver.solver.constraints.binary.ElementTest"/>
  <testcase name="testProp8" time="0.004" classname="org.chocosolver.solver.constraints.binary.ElementTest"/>
  <testcase name="test3" time="0.003" classname="org.chocosolver.solver.constraints.binary.ElementTest"/>
  <testcase name="testTAR1" time="0.001" classname="org.chocosolver.solver.constraints.binary.ElementTest"/>
  <testcase name="testInc1" time="0.003" classname="org.chocosolver.solver.constraints.binary.ElementTest"/>
  <testcase name="test2" time="0.001" classname="org.chocosolver.solver.constraints.binary.ElementTest"/>
  <testcase name="test5" time="0.001" classname="org.chocosolver.solver.constraints.binary.ElementTest"/>
  <testcase name="testModelOrMin" time="0.001" classname="org.chocosolver.solver.constraints.binary.ElementTest"/>
  <testcase name="test1" time="0.000" classname="org.chocosolver.solver.constraints.binary.ElementTest"/>
  <testcase name="testProp2" time="0.001" classname="org.chocosolver.solver.constraints.binary.ElementTest"/>
  <testcase name="testReg1" time="0.006" classname="org.chocosolver.solver.constraints.binary.ElementTest"/>
</testsuite> <!-- org.chocosolver.solver.constraints.binary.ElementTest -->
