<?xml version="1.0" encoding="UTF-8"?>
<!-- Generated by org.testng.reporters.JUnitReportReporter -->
<testsuite skipped="0" hostname="cyclone1" name="org.chocosolver.solver.constraints.ternary.DivTest" tests="4" failures="0" timestamp="26 May 2018 19:10:34 GMT" time="9.830" errors="0">
  <testcase name="testJL" time="0.003" classname="org.chocosolver.solver.constraints.ternary.DivTest"/>
  <testcase name="testJL2" time="9.048" classname="org.chocosolver.solver.constraints.ternary.DivTest"/>
  <testcase name="testTP1" time="0.001" classname="org.chocosolver.solver.constraints.ternary.DivTest"/>
  <testcase name="test1" time="0.778" classname="org.chocosolver.solver.constraints.ternary.DivTest"/>
</testsuite> <!-- org.chocosolver.solver.constraints.ternary.DivTest -->
