<?xml version="1.0" encoding="UTF-8"?>
<!-- Generated by org.testng.reporters.JUnitReportReporter -->
<testsuite hostname="cyclone1" name="org.wso2.carbon.identity.application.common.model.test.ProvisioningConnectorConfigTest" tests="2" failures="0" timestamp="4 Jun 2018 12:29:22 GMT" time="0.063" errors="0">
  <testcase name="shouldGenerateDifferentHashCodesForDifferentNames" time="0.044" classname="org.wso2.carbon.identity.application.common.model.test.ProvisioningConnectorConfigTest"/>
  <testcase name="shouldReturnFalseByEqualsForDifferentNames" time="0.019" classname="org.wso2.carbon.identity.application.common.model.test.ProvisioningConnectorConfigTest"/>
</testsuite> <!-- org.wso2.carbon.identity.application.common.model.test.ProvisioningConnectorConfigTest -->
