<?xml version="1.0" encoding="UTF-8"?>
<!-- Generated by org.testng.reporters.JUnitReportReporter -->
<testsuite hostname="cyclone1" name="org.molgenis.fair.controller.EntityModelWriterTest" tests="12" failures="0" timestamp="1 Jun 2018 11:52:48 GMT" time="1.056" errors="0">
  <testcase name="testCreateRfdModelIntAttribute" time="0.008" classname="org.molgenis.fair.controller.EntityModelWriterTest"/>
  <testcase name="testCreateRfdModelLONG" time="0.004" classname="org.molgenis.fair.controller.EntityModelWriterTest"/>
  <testcase name="testCreateRfdModelNullValuePlusHyperlink" time="0.004" classname="org.molgenis.fair.controller.EntityModelWriterTest"/>
  <testcase name="testCreateRfdModelDATE" time="0.848" classname="org.molgenis.fair.controller.EntityModelWriterTest"/>
  <testcase name="testAddStatementsForEntityType" time="0.021" classname="org.molgenis.fair.controller.EntityModelWriterTest"/>
  <testcase name="testCreateRfdModelDECIMAL" time="0.005" classname="org.molgenis.fair.controller.EntityModelWriterTest"/>
  <testcase name="testCreateRfdModelXREF" time="0.005" classname="org.molgenis.fair.controller.EntityModelWriterTest"/>
  <testcase name="testCreateRfdModelMREF" time="0.004" classname="org.molgenis.fair.controller.EntityModelWriterTest"/>
  <testcase name="testCreateRfdModelDATETIME" time="0.006" classname="org.molgenis.fair.controller.EntityModelWriterTest"/>
  <testcase name="testCreateRfdModelBOOL" time="0.142" classname="org.molgenis.fair.controller.EntityModelWriterTest"/>
  <testcase name="testCreateRfdModelSTRINGKeywords" time="0.005" classname="org.molgenis.fair.controller.EntityModelWriterTest"/>
  <testcase name="testCreateRfdModelStringAttribute" time="0.004" classname="org.molgenis.fair.controller.EntityModelWriterTest"/>
</testsuite> <!-- org.molgenis.fair.controller.EntityModelWriterTest -->
