<?xml version="1.0" encoding="UTF-8"?>
<!-- Generated by org.testng.reporters.JUnitReportReporter -->
<testsuite hostname="cyclone1" name="org.molgenis.fair.controller.FairControllerTest" tests="6" failures="0" timestamp="1 Jun 2018 11:52:48 GMT" time="4.274" errors="0">
  <testcase name="getCatalogTest" time="0.493" classname="org.molgenis.fair.controller.FairControllerTest"/>
  <testcase name="getDistributionTest" time="0.046" classname="org.molgenis.fair.controller.FairControllerTest"/>
  <testcase name="getMetadataTest" time="0.048" classname="org.molgenis.fair.controller.FairControllerTest"/>
  <testcase name="getDatasetTest" time="0.069" classname="org.molgenis.fair.controller.FairControllerTest"/>
  <testcase name="getCatalogTestUnknownCatalog" time="0.450" classname="org.molgenis.fair.controller.FairControllerTest"/>
  <testcase name="getCatalogTestForwarded" time="3.168" classname="org.molgenis.fair.controller.FairControllerTest"/>
</testsuite> <!-- org.molgenis.fair.controller.FairControllerTest -->
