<?xml version="1.0" encoding="UTF-8"?>
<testsuite xmlns:xsi="http://www.w3.org/2001/XMLSchema-instance" xsi:schemaLocation="https://maven.apache.org/surefire/maven-surefire-plugin/xsd/surefire-test-report.xsd" name="org.apache.servicecomb.saga.alpha.server.AlphaIntegrationWithSSLTest" time="26.552" tests="14" errors="1" skipped="0" failures="0">
  <properties>
    <property name="java.vendor" value="Oracle Corporation"/>
    <property name="sun.java.launcher" value="SUN_STANDARD"/>
    <property name="sun.management.compiler" value="HotSpot 64-Bit Tiered Compilers"/>
    <property name="os.name" value="Linux"/>
    <property name="sun.boot.class.path" value="/usr/lib/jvm/java-8-openjdk-amd64/jre/lib/resources.jar:/usr/lib/jvm/java-8-openjdk-amd64/jre/lib/rt.jar:/usr/lib/jvm/java-8-openjdk-amd64/jre/lib/sunrsasign.jar:/usr/lib/jvm/java-8-openjdk-amd64/jre/lib/jsse.jar:/usr/lib/jvm/java-8-openjdk-amd64/jre/lib/jce.jar:/usr/lib/jvm/java-8-openjdk-amd64/jre/lib/charsets.jar:/usr/lib/jvm/java-8-openjdk-amd64/jre/lib/jfr.jar:/usr/lib/jvm/java-8-openjdk-amd64/jre/classes"/>
    <property name="cobertura.skip" value="true"/>
    <property name="findbugs.skip" value="true"/>
    <property name="java.vm.specification.vendor" value="Oracle Corporation"/>
    <property name="java.runtime.version" value="1.8.0_121-8u121-b13-1~bpo8+1-b13"/>
    <property name="user.name" value="root"/>
    <property name="guice.disable.misplaced.annotation.check" value="true"/>
    <property name="maven.repo.local" value="/root/./workspace/apache/incubator-servicecomb-saga/388408298/.m2"/>
    <property name="user.language" value="en"/>
    <property name="sun.boot.library.path" value="/usr/lib/jvm/java-8-openjdk-amd64/jre/lib/amd64"/>
    <property name="classworlds.conf" value="/usr/share/maven/bin/m2.conf"/>
    <property name="java.version" value="1.8.0_121"/>
    <property name="user.timezone" value="Europe/Paris"/>
    <property name="rat.skip" value="true"/>
    <property name="sun.arch.data.model" value="64"/>
    <property name="java.endorsed.dirs" value="/usr/lib/jvm/java-8-openjdk-amd64/jre/lib/endorsed"/>
    <property name="sun.cpu.isalist" value=""/>
    <property name="sun.jnu.encoding" value="UTF-8"/>
    <property name="file.encoding.pkg" value="sun.io"/>
    <property name="file.separator" value="/"/>
    <property name="java.specification.name" value="Java Platform API Specification"/>
    <property name="java.class.version" value="52.0"/>
    <property name="checkstyle.skip" value="true"/>
    <property name="securerandom.source" value="file:/dev/./urandom"/>
    <property name="java.home" value="/usr/lib/jvm/java-8-openjdk-amd64/jre"/>
    <property name="java.vm.info" value="mixed mode"/>
    <property name="os.version" value="3.10.0-862.3.2.el7.x86_64"/>
    <property name="path.separator" value=":"/>
    <property name="java.vm.version" value="25.121-b13"/>
    <property name="gpg.skip" value="true"/>
    <property name="java.awt.printerjob" value="sun.print.PSPrinterJob"/>
    <property name="sun.io.unicode.encoding" value="UnicodeLittle"/>
    <property name="os.detected.version" value="3.10"/>
    <property name="awt.toolkit" value="sun.awt.X11.XToolkit"/>
    <property name="os.detected.release" value="debian"/>
    <property name="user.home" value="/root"/>
    <property name="java.specification.vendor" value="Oracle Corporation"/>
    <property name="java.library.path" value="/usr/java/packages/lib/amd64:/usr/lib/x86_64-linux-gnu/jni:/lib/x86_64-linux-gnu:/usr/lib/x86_64-linux-gnu:/usr/lib/jni:/lib:/usr/lib"/>
    <property name="java.vendor.url" value="http://java.oracle.com/"/>
    <property name="java.vm.vendor" value="Oracle Corporation"/>
    <property name="os.detected.release.like.debian" value="true"/>
    <property name="dependency-check.skip" value="true"/>
    <property name="maven.home" value="/usr/share/maven"/>
    <property name="java.runtime.name" value="OpenJDK Runtime Environment"/>
    <property name="sun.java.command" value="org.codehaus.plexus.classworlds.launcher.Launcher -B -D enforcer.skip=true -D dependency-check.skip=true -D skipITs=true -D cobertura.skip=true -D maven.repo.local=/root/./workspace/apache/incubator-servicecomb-saga/388408298/.m2 -D rat.skip=true -D findbugs.skip=true -D skip.bower=true -D gpg.skip=true -D checkstyle.skip=true -D skip.gulp=true -D license.skip=true -D skip.npm=true test"/>
    <property name="java.class.path" value="/usr/share/maven/boot/plexus-classworlds-2.5.2.jar"/>
    <property name="os.detected.arch" value="x86_64"/>
    <property name="java.vm.specification.name" value="Java Virtual Machine Specification"/>
    <property name="java.vm.specification.version" value="1.8"/>
    <property name="sun.cpu.endian" value="little"/>
    <property name="sun.os.patch.level" value="unknown"/>
    <property name="os.detected.classifier" value="linux-x86_64"/>
    <property name="java.io.tmpdir" value="/tmp"/>
    <property name="java.vendor.url.bug" value="http://bugreport.sun.com/bugreport/"/>
    <property name="maven.multiModuleProjectDirectory" value="/root/workspace/apache/incubator-servicecomb-saga/388408298"/>
    <property name="os.arch" value="amd64"/>
    <property name="java.awt.graphicsenv" value="sun.awt.X11GraphicsEnvironment"/>
    <property name="java.ext.dirs" value="/usr/lib/jvm/java-8-openjdk-amd64/jre/lib/ext:/usr/java/packages/lib/ext"/>
    <property name="os.detected.release.version" value="8"/>
    <property name="user.dir" value="/root/workspace/apache/incubator-servicecomb-saga/388408298"/>
    <property name="skipITs" value="true"/>
    <property name="line.separator" value="&#10;"/>
    <property name="java.vm.name" value="OpenJDK 64-Bit Server VM"/>
    <property name="enforcer.skip" value="true"/>
    <property name="skip.gulp" value="true"/>
    <property name="os.detected.version.major" value="3"/>
    <property name="skip.npm" value="true"/>
    <property name="skip.bower" value="true"/>
    <property name="file.encoding" value="UTF-8"/>
    <property name="os.detected.name" value="linux"/>
    <property name="license.skip" value="true"/>
    <property name="os.detected.version.minor" value="10"/>
    <property name="java.specification.version" value="1.8"/>
  </properties>
  <testcase name="doNotStartSubTxOnFailure" classname="org.apache.servicecomb.saga.alpha.server.AlphaIntegrationWithSSLTest" time="1.393"/>
  <testcase name="persistsEvent" classname="org.apache.servicecomb.saga.alpha.server.AlphaIntegrationWithSSLTest" time="0.16"/>
  <testcase name="abortTimeoutTxStartedEvent" classname="org.apache.servicecomb.saga.alpha.server.AlphaIntegrationWithSSLTest" time="1.562"/>
  <testcase name="closeStreamOfDisconnectedClientOnly" classname="org.apache.servicecomb.saga.alpha.server.AlphaIntegrationWithSSLTest" time="0.443"/>
  <testcase name="doNotCompensateRetryingEvents" classname="org.apache.servicecomb.saga.alpha.server.AlphaIntegrationWithSSLTest" time="0.451"/>
  <testcase name="compensateOnlyFailedGlobalTransaction" classname="org.apache.servicecomb.saga.alpha.server.AlphaIntegrationWithSSLTest" time="0.553"/>
  <testcase name="getCompensateCommandOnFailure" classname="org.apache.servicecomb.saga.alpha.server.AlphaIntegrationWithSSLTest" time="0.575"/>
  <testcase name="sagaEndedEventIsAlwaysInTheEnd" classname="org.apache.servicecomb.saga.alpha.server.AlphaIntegrationWithSSLTest" time="0.498"/>
  <testcase name="compensateOnlyCompletedTransactions" classname="org.apache.servicecomb.saga.alpha.server.AlphaIntegrationWithSSLTest" time="1.456">
    <error message="Condition with lambda expression in org.apache.servicecomb.saga.alpha.server.AlphaIntegrationTest was not fulfilled within 1 seconds." type="org.awaitility.core.ConditionTimeoutException">org.awaitility.core.ConditionTimeoutException: Condition with lambda expression in org.apache.servicecomb.saga.alpha.server.AlphaIntegrationTest was not fulfilled within 1 seconds.
</error>
    <system-out><![CDATA[2018-06-05 20:19:23.614  INFO 960 --- [pool-8-thread-1] o.a.s.saga.alpha.core.EventScanner       : Marked end of transaction with globalTxId 1d85fb68-8a7b-4817-a0fd-aec2d22deca1
2018-06-05 20:19:23.616  INFO 960 --- [ool-11-thread-1] o.a.s.saga.alpha.core.EventScanner       : Transaction with globalTxId 1d85fb68-8a7b-4817-a0fd-aec2d22deca1 and localTxId 56c7aa0f-ebad-48a5-92eb-64856a735698 was compensated
2018-06-05 20:19:23.655  INFO 960 --- [ool-11-thread-1] o.a.s.saga.alpha.core.EventScanner       : Marked end of transaction with globalTxId 1d85fb68-8a7b-4817-a0fd-aec2d22deca1
2018-06-05 20:19:23.616  INFO 960 --- [pool-6-thread-1] o.a.s.saga.alpha.core.EventScanner       : Transaction with globalTxId 1d85fb68-8a7b-4817-a0fd-aec2d22deca1 and localTxId 56c7aa0f-ebad-48a5-92eb-64856a735698 was compensated
2018-06-05 20:19:23.617  INFO 960 --- [ool-13-thread-1] o.a.s.saga.alpha.core.EventScanner       : Found compensated event TxEvent{surrogateId=46, serviceName='serviceName_3579', instanceId='instanceId_5052', creationTime=Tue Jun 05 20:19:23 CEST 2018, globalTxId='1d85fb68-8a7b-4817-a0fd-aec2d22deca1', localTxId='62610e9c-3110-400a-a662-232640ec1a84', parentTxId='c3efb2a4-dddf-49f2-b6bd-f98dd256feb0', type='TxCompensatedEvent', compensationMethod='org.apache.servicecomb.saga.alpha.server.AlphaIntegrationWithSSLTest', expiryTime=Fri Dec 31 01:00:00 CET 9999, retryMethod='', retries=0}
2018-06-05 20:19:23.644  INFO 960 --- [pool-7-thread-1] o.a.s.saga.alpha.core.EventScanner       : Transaction with globalTxId 1d85fb68-8a7b-4817-a0fd-aec2d22deca1 and localTxId 56c7aa0f-ebad-48a5-92eb-64856a735698 was compensated
2018-06-05 20:19:23.657  INFO 960 --- [ool-13-thread-1] o.a.s.saga.alpha.core.EventScanner       : Transaction with globalTxId 1d85fb68-8a7b-4817-a0fd-aec2d22deca1 and localTxId 62610e9c-3110-400a-a662-232640ec1a84 was compensated
2018-06-05 20:19:23.645  INFO 960 --- [ool-12-thread-1] o.a.s.saga.alpha.core.EventScanner       : Transaction with globalTxId 1d85fb68-8a7b-4817-a0fd-aec2d22deca1 and localTxId 56c7aa0f-ebad-48a5-92eb-64856a735698 was compensated
 globalTxId 279d10c1-e696-47e7-b79a-cb96d1f2ffc7
2018-06-05 20:19:23.675  INFO 960 --- [ool-12-thread-1] o.a.s.saga.alpha.core.EventScanner       : Marked end of transaction with globalTxId 1d85fb68-8a7b-4817-a0fd-aec2d22deca1
2018-06-05 20:19:23.675  INFO 960 --- [ool-13-thread-1] o.a.s.saga.alpha.core.EventScanner       : Marked end of transaction with globalTxId 1d85fb68-8a7b-4817-a0fd-aec2d22deca1
2018-06-05 20:19:23.676  INFO 960 --- [pool-6-thread-1] o.a.s.saga.alpha.core.EventScanner       : Marked end of transaction with globalTxId 1d85fb68-8a7b-4817-a0fd-aec2d22deca1
2018-06-05 20:19:23.678  INFO 960 --- [pool-7-thread-1] o.a.s.saga.alpha.core.EventScanner       : Marked end of transaction with globalTxId 1d85fb68-8a7b-4817-a0fd-aec2d22deca1
2018-06-05 20:19:23.908  INFO 960 --- [ool-12-thread-1] o.a.s.saga.alpha.core.EventScanner       : Found compensated event TxEvent{surrogateId=64, serviceName='serviceName_6093', instanceId='instanceId_4810', creationTime=Tue Jun 05 20:19:23 CEST 2018, globalTxId='279d10c1-e696-47e7-b79a-cb96d1f2ffc7', localTxId='e75e5b90-2917-4581-89e3-9670e89b2bdf', parentTxId='925206b1-a403-4ece-9726-292cfa8f5de8', type='TxCompensatedEvent', compensationMethod='org.apache.servicecomb.saga.alpha.server.AlphaIntegrationWithSSLTest', expiryTime=Fri Dec 31 01:00:00 CET 9999, retryMethod='', retries=0}
2018-06-05 20:19:23.906  INFO 960 --- [pool-8-thread-1] o.a.s.saga.alpha.core.EventScanner       : Found compensated event TxEvent{surrogateId=64, serviceName='serviceName_6093', instanceId='instanceId_4810', creationTime=Tue Jun 05 20:19:23 CEST 2018, globalTxId='279d10c1-e696-47e7-b79a-cb96d1f2ffc7', localTxId='e75e5b90-2917-4581-89e3-9670e89b2bdf', parentTxId='925206b1-a403-4ece-9726-292cfa8f5de8', type='TxCompensatedEvent', compensationMethod='org.apache.servicecomb.saga.alpha.server.AlphaIntegrationWithSSLTest', expiryTime=Fri Dec 31 01:00:00 CET 9999, retryMethod='', retries=0}
2018-06-05 20:19:23.912  INFO 960 --- [pool-8-thread-1] o.a.s.saga.alpha.core.EventScanner       : Transaction with globalTxId 279d10c1-e696-47e7-b79a-cb96d1f2ffc7 and localTxId e75e5b90-2917-4581-89e3-9670e89b2bdf was compensated
2018-06-05 20:19:23.907  INFO 960 --- [pool-3-thread-1] o.a.s.saga.alpha.core.EventScanner       : Found compensated event TxEvent{surrogateId=64, serviceName='serviceName_6093', instanceId='instanceId_4810', creationTime=Tue Jun 05 20:19:23 CEST 2018, globalTxId='279d10c1-e696-47e7-b79a-cb96d1f2ffc7', localTxId='e75e5b90-2917-4581-89e3-9670e89b2bdf', parentTxId='925206b1-a403-4ece-9726-292cfa8f5de8', type='TxCompensatedEvent', compensationMethod='org.apache.servicecomb.saga.alpha.server.AlphaIntegrationWithSSLTest', expiryTime=Fri Dec 31 01:00:00 CET 9999, retryMethod='', retries=0}
2018-06-05 20:19:23.916  INFO 960 --- [pool-3-thread-1] o.a.s.saga.alpha.core.EventScanner       : Transaction with globalTxId 279d10c1-e696-47e7-b79a-cb96d1f2ffc7 and localTxId e75e5b90-2917-4581-89e3-9670e89b2bdf was compensated
2018-06-05 20:19:23.917  INFO 960 --- [ool-12-thread-1] o.a.s.saga.alpha.core.EventScanner       : Transaction with globalTxId 279d10c1-e696-47e7-b79a-cb96d1f2ffc7 and localTxId e75e5b90-2917-4581-89e3-9670e89b2bdf was compensated
2018-06-05 20:19:23.920  INFO 960 --- [ool-14-thread-1] o.a.s.saga.alpha.core.EventScanner       : Found compensated event TxEvent{surrogateId=64, serviceName='serviceName_6093', instanceId='instanceId_4810', creationTime=Tue Jun 05 20:19:23 CEST 2018, globalTxId='279d10c1-e696-47e7-b79a-cb96d1f2ffc7', localTxId='e75e5b90-2917-4581-89e3-9670e89b2bdf', parentTxId='925206b1-a403-4ece-9726-292cfa8f5de8', type='TxCompensatedEvent', compensationMethod='org.apache.servicecomb.saga.alpha.server.AlphaIntegrationWithSSLTest', expiryTime=Fri Dec 31 01:00:00 CET 9999, retryMethod='', retries=0}
2018-06-05 20:19:23.921  INFO 960 --- [ool-14-thread-1] o.a.s.saga.alpha.core.EventScanner       : Transaction with globalTxId 279d10c1-e696-47e7-b79a-cb96d1f2ffc7 and localTxId e75e5b90-2917-4581-89e3-9670e89b2bdf was compensated
2018-06-05 20:19:23.937  INFO 960 --- [pool-7-thread-1] o.a.s.saga.alpha.core.EventScanner       : Found compensated event TxEvent{surrogateId=64, serviceName='serviceName_6093', instanceId='instanceId_4810', creationTime=Tue Jun 05 20:19:23 CEST 2018, globalTxId='279d10c1-e696-47e7-b79a-cb96d1f2ffc7', localTxId='e75e5b90-2917-4581-89e3-9670e89b2bdf', parentTxId='925206b1-a403-4ece-9726-292cfa8f5de8', type='TxCompensatedEvent', compensationMethod='org.apache.servicecomb.saga.alpha.server.AlphaIntegrationWithSSLTest', expiryTime=Fri Dec 31 01:00:00 CET 9999, retryMethod='', retries=0}
2018-06-05 20:19:23.938  INFO 960 --- [pool-7-thread-1] o.a.s.saga.alpha.core.EventScanner       : Transaction with globalTxId 279d10c1-e696-47e7-b79a-cb96d1f2ffc7 and localTxId e75e5b90-2917-4581-89e3-9670e89b2bdf was compensated
2018-06-05 20:19:23.923  INFO 960 --- [pool-8-thread-1] o.a.s.saga.alpha.core.EventScanner       : Marked end of transaction with globalTxId 279d10c1-e696-47e7-b79a-cb96d1f2ffc7
2018-06-05 20:19:23.924  INFO 960 --- [ool-12-thread-1] o.a.s.saga.alpha.core.EventScanner       : Marked end of transaction with globalTxId 279d10c1-e696-47e7-b79a-cb96d1f2ffc7
2018-06-05 20:19:23.925  INFO 960 --- [pool-3-thread-1] o.a.s.saga.alpha.core.EventScanner       : Marked end of transaction with globalTxId 279d10c1-e696-47e7-b79a-cb96d1f2ffc7
2018-06-05 20:19:23.928  INFO 960 --- [pool-6-thread-1] o.a.s.saga.alpha.core.EventScanner       : Found compensated event TxEvent{surrogateId=64, serviceName='serviceName_6093', instanceId='instanceId_4810', creationTime=Tue Jun 05 20:19:23 CEST 2018, globalTxId='279d10c1-e696-47e7-b79a-cb96d1f2ffc7', localTxId='e75e5b90-2917-4581-89e3-9670e89b2bdf', parentTxId='925206b1-a403-4ece-9726-292cfa8f5de8', type='TxCompensatedEvent', compensationMethod='org.apache.servicecomb.saga.alpha.server.AlphaIntegrationWithSSLTest', expiryTime=Fri Dec 31 01:00:00 CET 9999, retryMethod='', retries=0}
2018-06-05 20:19:23.945  INFO 960 --- [pool-6-thread-1] o.a.s.saga.alpha.core.EventScanner       : Transaction with globalTxId 279d10c1-e696-47e7-b79a-cb96d1f2ffc7 and localTxId e75e5b90-2917-4581-89e3-9670e89b2bdf was compensated
2018-06-05 20:19:23.930  INFO 960 --- [ool-13-thread-1] o.a.s.saga.alpha.core.EventScanner       : Found compensated event TxEvent{surrogateId=64, serviceName='serviceName_6093', instanceId='instanceId_4810', creationTime=Tue Jun 05 20:19:23 CEST 2018, globalTxId='279d10c1-e696-47e7-b79a-cb96d1f2ffc7', localTxId='e75e5b90-2917-4581-89e3-9670e89b2bdf', parentTxId='925206b1-a403-4ece-9726-292cfa8f5de8', type='TxCompensatedEvent', compensationMethod='org.apache.servicecomb.saga.alpha.server.AlphaIntegrationWithSSLTest', expiryTime=Fri Dec 31 01:00:00 CET 9999, retryMethod='', retries=0}
2018-06-05 20:19:23.932  INFO 960 --- [ool-10-thread-1] o.a.s.saga.alpha.core.EventScanner       : Found compensated event TxEvent{surrogateId=64, serviceName='serviceName_6093', instanceId='instanceId_4810', creationTime=Tue Jun 05 20:19:23 CEST 2018, globalTxId='279d10c1-e696-47e7-b79a-cb96d1f2ffc7', localTxId='e75e5b90-2917-4581-89e3-9670e89b2bdf', parentTxId='925206b1-a403-4ece-9726-292cfa8f5de8', type='TxCompensatedEvent', compensationMethod='org.apache.servicecomb.saga.alpha.server.AlphaIntegrationWithSSLTest', expiryTime=Fri Dec 31 01:00:00 CET 9999, retryMethod='', retries=0}
2018-06-05 20:19:23.936  INFO 960 --- [ool-11-thread-1] o.a.s.saga.alpha.core.EventScanner       : Found compensated event TxEvent{surrogateId=64, serviceName='serviceName_6093', instanceId='instanceId_4810', creationTime=Tue Jun 05 20:19:23 CEST 2018, globalTxId='279d10c1-e696-47e7-b79a-cb96d1f2ffc7', localTxId='e75e5b90-2917-4581-89e3-9670e89b2bdf', parentTxId='925206b1-a403-4ece-9726-292cfa8f5de8', type='TxCompensatedEvent', compensationMethod='org.apache.servicecomb.saga.alpha.server.AlphaIntegrationWithSSLTest', expiryTime=Fri Dec 31 01:00:00 CET 9999, retryMethod='', retries=0}
2018-06-05 20:19:23.957  INFO 960 --- [ool-11-thread-1] o.a.s.saga.alpha.core.EventScanner       : Transaction with globalTxId 279d10c1-e696-47e7-b79a-cb96d1f2ffc7 and localTxId e75e5b90-2917-4581-89e3-9670e89b2bdf was compensated
2018-06-05 20:19:23.938  INFO 960 --- [ool-14-thread-1] o.a.s.saga.alpha.core.EventScanner       : Marked end of transaction with globalTxId 279d10c1-e696-47e7-b79a-cb96d1f2ffc7
2018-06-05 20:19:23.956  INFO 960 --- [ool-13-thread-1] o.a.s.saga.alpha.core.EventScanner       : Transaction with globalTxId 279d10c1-e696-47e7-b79a-cb96d1f2ffc7 and localTxId e75e5b90-2917-4581-89e3-9670e89b2bdf was compensated
2018-06-05 20:19:23.956  INFO 960 --- [ool-10-thread-1] o.a.s.saga.alpha.core.EventScanner       : Transaction with globalTxId 279d10c1-e696-47e7-b79a-cb96d1f2ffc7 and localTxId e75e5b90-2917-4581-89e3-9670e89b2bdf was compensated
2018-06-05 20:19:23.967  INFO 960 --- [ool-11-thread-1] o.a.s.saga.alpha.core.EventScanner       : Marked end of transaction with globalTxId 279d10c1-e696-47e7-b79a-cb96d1f2ffc7
2018-06-05 20:19:23.968  INFO 960 --- [ool-13-thread-1] o.a.s.saga.alpha.core.EventScanner       : Marked end of transaction with globalTxId 279d10c1-e696-47e7-b79a-cb96d1f2ffc7
2018-06-05 20:19:23.969  INFO 960 --- [pool-6-thread-1] o.a.s.saga.alpha.core.EventScanner       : Marked end of transaction with globalTxId 279d10c1-e696-47e7-b79a-cb96d1f2ffc7
2018-06-05 20:19:23.972  INFO 960 --- [ool-10-thread-1] o.a.s.saga.alpha.core.EventScanner       : Marked end of transaction with globalTxId 279d10c1-e696-47e7-b79a-cb96d1f2ffc7
2018-06-05 20:19:23.999  INFO 960 --- [pool-7-thread-1] o.a.s.saga.alpha.core.EventScanner       : Marked end of transaction with globalTxId 279d10c1-e696-47e7-b79a-cb96d1f2ffc7
]]></system-out>
  </testcase>
  <testcase name="closeStreamOnDisconnected" classname="org.apache.servicecomb.saga.alpha.server.AlphaIntegrationWithSSLTest" time="0.371"/>
  <testcase name="compensateImmediatelyWhenGlobalTxAlreadyAborted" classname="org.apache.servicecomb.saga.alpha.server.AlphaIntegrationWithSSLTest" time="0.478"/>
  <testcase name="doNotCompensateDuplicateTxOnFailure" classname="org.apache.servicecomb.saga.alpha.server.AlphaIntegrationWithSSLTest" time="0.754"/>
  <testcase name="removeCallbackOnClientDown" classname="org.apache.servicecomb.saga.alpha.server.AlphaIntegrationWithSSLTest" time="0.309"/>
  <testcase name="abortTimeoutSagaStartedEvent" classname="org.apache.servicecomb.saga.alpha.server.AlphaIntegrationWithSSLTest" time="1.352"/>
</testsuite>