<?xml version="1.0" encoding="UTF-8"?>
<testsuite xmlns:xsi="http://www.w3.org/2001/XMLSchema-instance" xsi:schemaLocation="https://maven.apache.org/surefire/maven-surefire-plugin/xsd/surefire-test-report.xsd" name="org.apache.servicecomb.saga.alpha.server.AlphaIntegrationWithSSLTest" time="20.764" tests="14" errors="1" skipped="0" failures="0">
  <properties>
    <property name="java.vendor" value="Oracle Corporation"/>
    <property name="sun.java.launcher" value="SUN_STANDARD"/>
    <property name="sun.management.compiler" value="HotSpot 64-Bit Tiered Compilers"/>
    <property name="os.name" value="Linux"/>
    <property name="sun.boot.class.path" value="/usr/lib/jvm/java-8-openjdk-amd64/jre/lib/resources.jar:/usr/lib/jvm/java-8-openjdk-amd64/jre/lib/rt.jar:/usr/lib/jvm/java-8-openjdk-amd64/jre/lib/sunrsasign.jar:/usr/lib/jvm/java-8-openjdk-amd64/jre/lib/jsse.jar:/usr/lib/jvm/java-8-openjdk-amd64/jre/lib/jce.jar:/usr/lib/jvm/java-8-openjdk-amd64/jre/lib/charsets.jar:/usr/lib/jvm/java-8-openjdk-amd64/jre/lib/jfr.jar:/usr/lib/jvm/java-8-openjdk-amd64/jre/classes"/>
    <property name="cobertura.skip" value="true"/>
    <property name="findbugs.skip" value="true"/>
    <property name="java.vm.specification.vendor" value="Oracle Corporation"/>
    <property name="java.runtime.version" value="1.8.0_121-8u121-b13-1~bpo8+1-b13"/>
    <property name="user.name" value="root"/>
    <property name="guice.disable.misplaced.annotation.check" value="true"/>
    <property name="maven.repo.local" value="/root/./workspace/apache/incubator-servicecomb-saga/384036281/.m2"/>
    <property name="user.language" value="en"/>
    <property name="sun.boot.library.path" value="/usr/lib/jvm/java-8-openjdk-amd64/jre/lib/amd64"/>
    <property name="classworlds.conf" value="/usr/share/maven/bin/m2.conf"/>
    <property name="java.version" value="1.8.0_121"/>
    <property name="user.timezone" value="Europe/Paris"/>
    <property name="rat.skip" value="true"/>
    <property name="sun.arch.data.model" value="64"/>
    <property name="java.endorsed.dirs" value="/usr/lib/jvm/java-8-openjdk-amd64/jre/lib/endorsed"/>
    <property name="sun.cpu.isalist" value=""/>
    <property name="sun.jnu.encoding" value="UTF-8"/>
    <property name="file.encoding.pkg" value="sun.io"/>
    <property name="file.separator" value="/"/>
    <property name="java.specification.name" value="Java Platform API Specification"/>
    <property name="java.class.version" value="52.0"/>
    <property name="checkstyle.skip" value="true"/>
    <property name="securerandom.source" value="file:/dev/./urandom"/>
    <property name="java.home" value="/usr/lib/jvm/java-8-openjdk-amd64/jre"/>
    <property name="java.vm.info" value="mixed mode"/>
    <property name="os.version" value="3.10.0-862.3.2.el7.x86_64"/>
    <property name="path.separator" value=":"/>
    <property name="java.vm.version" value="25.121-b13"/>
    <property name="gpg.skip" value="true"/>
    <property name="java.awt.printerjob" value="sun.print.PSPrinterJob"/>
    <property name="sun.io.unicode.encoding" value="UnicodeLittle"/>
    <property name="os.detected.version" value="3.10"/>
    <property name="awt.toolkit" value="sun.awt.X11.XToolkit"/>
    <property name="os.detected.release" value="debian"/>
    <property name="user.home" value="/root"/>
    <property name="java.specification.vendor" value="Oracle Corporation"/>
    <property name="java.library.path" value="/usr/java/packages/lib/amd64:/usr/lib/x86_64-linux-gnu/jni:/lib/x86_64-linux-gnu:/usr/lib/x86_64-linux-gnu:/usr/lib/jni:/lib:/usr/lib"/>
    <property name="java.vendor.url" value="http://java.oracle.com/"/>
    <property name="java.vm.vendor" value="Oracle Corporation"/>
    <property name="os.detected.release.like.debian" value="true"/>
    <property name="dependency-check.skip" value="true"/>
    <property name="maven.home" value="/usr/share/maven"/>
    <property name="java.runtime.name" value="OpenJDK Runtime Environment"/>
    <property name="sun.java.command" value="org.codehaus.plexus.classworlds.launcher.Launcher -B -D enforcer.skip=true -D dependency-check.skip=true -D skipITs=true -D cobertura.skip=true -D maven.repo.local=/root/./workspace/apache/incubator-servicecomb-saga/384036281/.m2 -D rat.skip=true -D findbugs.skip=true -D skip.bower=true -D gpg.skip=true -D checkstyle.skip=true -D skip.gulp=true -D license.skip=true -D skip.npm=true test"/>
    <property name="java.class.path" value="/usr/share/maven/boot/plexus-classworlds-2.5.2.jar"/>
    <property name="os.detected.arch" value="x86_64"/>
    <property name="java.vm.specification.name" value="Java Virtual Machine Specification"/>
    <property name="java.vm.specification.version" value="1.8"/>
    <property name="sun.cpu.endian" value="little"/>
    <property name="sun.os.patch.level" value="unknown"/>
    <property name="os.detected.classifier" value="linux-x86_64"/>
    <property name="java.io.tmpdir" value="/tmp"/>
    <property name="java.vendor.url.bug" value="http://bugreport.sun.com/bugreport/"/>
    <property name="maven.multiModuleProjectDirectory" value="/root/workspace/apache/incubator-servicecomb-saga/384036281"/>
    <property name="os.arch" value="amd64"/>
    <property name="java.awt.graphicsenv" value="sun.awt.X11GraphicsEnvironment"/>
    <property name="java.ext.dirs" value="/usr/lib/jvm/java-8-openjdk-amd64/jre/lib/ext:/usr/java/packages/lib/ext"/>
    <property name="os.detected.release.version" value="8"/>
    <property name="user.dir" value="/root/workspace/apache/incubator-servicecomb-saga/384036281"/>
    <property name="skipITs" value="true"/>
    <property name="line.separator" value="&#10;"/>
    <property name="java.vm.name" value="OpenJDK 64-Bit Server VM"/>
    <property name="enforcer.skip" value="true"/>
    <property name="skip.gulp" value="true"/>
    <property name="os.detected.version.major" value="3"/>
    <property name="skip.npm" value="true"/>
    <property name="skip.bower" value="true"/>
    <property name="file.encoding" value="UTF-8"/>
    <property name="os.detected.name" value="linux"/>
    <property name="license.skip" value="true"/>
    <property name="os.detected.version.minor" value="10"/>
    <property name="java.specification.version" value="1.8"/>
  </properties>
  <testcase name="doNotStartSubTxOnFailure" classname="org.apache.servicecomb.saga.alpha.server.AlphaIntegrationWithSSLTest" time="1.704"/>
  <testcase name="persistsEvent" classname="org.apache.servicecomb.saga.alpha.server.AlphaIntegrationWithSSLTest" time="0.212"/>
  <testcase name="abortTimeoutTxStartedEvent" classname="org.apache.servicecomb.saga.alpha.server.AlphaIntegrationWithSSLTest" time="1.387"/>
  <testcase name="closeStreamOfDisconnectedClientOnly" classname="org.apache.servicecomb.saga.alpha.server.AlphaIntegrationWithSSLTest" time="0.29"/>
  <testcase name="doNotCompensateRetryingEvents" classname="org.apache.servicecomb.saga.alpha.server.AlphaIntegrationWithSSLTest" time="0.267"/>
  <testcase name="compensateOnlyFailedGlobalTransaction" classname="org.apache.servicecomb.saga.alpha.server.AlphaIntegrationWithSSLTest" time="0.395"/>
  <testcase name="getCompensateCommandOnFailure" classname="org.apache.servicecomb.saga.alpha.server.AlphaIntegrationWithSSLTest" time="0.322"/>
  <testcase name="sagaEndedEventIsAlwaysInTheEnd" classname="org.apache.servicecomb.saga.alpha.server.AlphaIntegrationWithSSLTest" time="0.229"/>
  <testcase name="compensateOnlyCompletedTransactions" classname="org.apache.servicecomb.saga.alpha.server.AlphaIntegrationWithSSLTest" time="1.201">
    <error message="Condition with lambda expression in org.apache.servicecomb.saga.alpha.server.AlphaIntegrationTest was not fulfilled within 1 seconds." type="org.awaitility.core.ConditionTimeoutException">org.awaitility.core.ConditionTimeoutException: Condition with lambda expression in org.apache.servicecomb.saga.alpha.server.AlphaIntegrationTest was not fulfilled within 1 seconds.
</error>
    <system-out><![CDATA[ globalTxId 038e08bc-58d0-4f07-b500-7d052d61c297
2018-05-26 11:30:38.648  INFO 861 --- [ool-10-thread-1] o.a.s.saga.alpha.core.EventScanner       : Marked end of transaction with globalTxId 529e91f9-e67c-4b49-9b20-3539c783d8ad
2018-05-26 11:30:38.651  INFO 861 --- [pool-3-thread-1] o.a.s.saga.alpha.core.EventScanner       : Marked end of transaction with globalTxId 529e91f9-e67c-4b49-9b20-3539c783d8ad
2018-05-26 11:30:38.735  INFO 861 --- [ool-13-thread-1] o.a.s.saga.alpha.core.EventScanner       : Found compensated event TxEvent{surrogateId=65, serviceName='serviceName_9341', instanceId='instanceId_6062', creationTime=Sat May 26 11:30:38 CEST 2018, globalTxId='038e08bc-58d0-4f07-b500-7d052d61c297', localTxId='177811c8-1959-4d64-a09e-a839447418bf', parentTxId='513f1594-4533-4967-8c63-58235f8360fd', type='TxCompensatedEvent', compensationMethod='org.apache.servicecomb.saga.alpha.server.AlphaIntegrationWithSSLTest', expiryTime=Fri Dec 31 01:00:00 CET 9999, retryMethod='', retries=0}
2018-05-26 11:30:38.736  INFO 861 --- [ool-13-thread-1] o.a.s.saga.alpha.core.EventScanner       : Transaction with globalTxId 038e08bc-58d0-4f07-b500-7d052d61c297 and localTxId 177811c8-1959-4d64-a09e-a839447418bf was compensated
2018-05-26 11:30:38.746  INFO 861 --- [pool-3-thread-1] o.a.s.saga.alpha.core.EventScanner       : Found compensated event TxEvent{surrogateId=65, serviceName='serviceName_9341', instanceId='instanceId_6062', creationTime=Sat May 26 11:30:38 CEST 2018, globalTxId='038e08bc-58d0-4f07-b500-7d052d61c297', localTxId='177811c8-1959-4d64-a09e-a839447418bf', parentTxId='513f1594-4533-4967-8c63-58235f8360fd', type='TxCompensatedEvent', compensationMethod='org.apache.servicecomb.saga.alpha.server.AlphaIntegrationWithSSLTest', expiryTime=Fri Dec 31 01:00:00 CET 9999, retryMethod='', retries=0}
2018-05-26 11:30:38.747  INFO 861 --- [pool-3-thread-1] o.a.s.saga.alpha.core.EventScanner       : Transaction with globalTxId 038e08bc-58d0-4f07-b500-7d052d61c297 and localTxId 177811c8-1959-4d64-a09e-a839447418bf was compensated
2018-05-26 11:30:38.759  INFO 861 --- [pool-3-thread-1] o.a.s.saga.alpha.core.EventScanner       : Marked end of transaction with globalTxId 038e08bc-58d0-4f07-b500-7d052d61c297
2018-05-26 11:30:38.763  INFO 861 --- [ool-13-thread-1] o.a.s.saga.alpha.core.EventScanner       : Marked end of transaction with globalTxId 038e08bc-58d0-4f07-b500-7d052d61c297
2018-05-26 11:30:38.764  INFO 861 --- [ool-11-thread-1] o.a.s.saga.alpha.core.EventScanner       : Found compensated event TxEvent{surrogateId=65, serviceName='serviceName_9341', instanceId='instanceId_6062', creationTime=Sat May 26 11:30:38 CEST 2018, globalTxId='038e08bc-58d0-4f07-b500-7d052d61c297', localTxId='177811c8-1959-4d64-a09e-a839447418bf', parentTxId='513f1594-4533-4967-8c63-58235f8360fd', type='TxCompensatedEvent', compensationMethod='org.apache.servicecomb.saga.alpha.server.AlphaIntegrationWithSSLTest', expiryTime=Fri Dec 31 01:00:00 CET 9999, retryMethod='', retries=0}
2018-05-26 11:30:38.764  INFO 861 --- [ool-10-thread-1] o.a.s.saga.alpha.core.EventScanner       : Found compensated event TxEvent{surrogateId=65, serviceName='serviceName_9341', instanceId='instanceId_6062', creationTime=Sat May 26 11:30:38 CEST 2018, globalTxId='038e08bc-58d0-4f07-b500-7d052d61c297', localTxId='177811c8-1959-4d64-a09e-a839447418bf', parentTxId='513f1594-4533-4967-8c63-58235f8360fd', type='TxCompensatedEvent', compensationMethod='org.apache.servicecomb.saga.alpha.server.AlphaIntegrationWithSSLTest', expiryTime=Fri Dec 31 01:00:00 CET 9999, retryMethod='', retries=0}
2018-05-26 11:30:38.765  INFO 861 --- [ool-11-thread-1] o.a.s.saga.alpha.core.EventScanner       : Transaction with globalTxId 038e08bc-58d0-4f07-b500-7d052d61c297 and localTxId 177811c8-1959-4d64-a09e-a839447418bf was compensated
2018-05-26 11:30:38.766  INFO 861 --- [pool-6-thread-1] o.a.s.saga.alpha.core.EventScanner       : Found compensated event TxEvent{surrogateId=65, serviceName='serviceName_9341', instanceId='instanceId_6062', creationTime=Sat May 26 11:30:38 CEST 2018, globalTxId='038e08bc-58d0-4f07-b500-7d052d61c297', localTxId='177811c8-1959-4d64-a09e-a839447418bf', parentTxId='513f1594-4533-4967-8c63-58235f8360fd', type='TxCompensatedEvent', compensationMethod='org.apache.servicecomb.saga.alpha.server.AlphaIntegrationWithSSLTest', expiryTime=Fri Dec 31 01:00:00 CET 9999, retryMethod='', retries=0}
2018-05-26 11:30:38.767  INFO 861 --- [pool-6-thread-1] o.a.s.saga.alpha.core.EventScanner       : Transaction with globalTxId 038e08bc-58d0-4f07-b500-7d052d61c297 and localTxId 177811c8-1959-4d64-a09e-a839447418bf was compensated
2018-05-26 11:30:38.769  INFO 861 --- [ool-10-thread-1] o.a.s.saga.alpha.core.EventScanner       : Transaction with globalTxId 038e08bc-58d0-4f07-b500-7d052d61c297 and localTxId 177811c8-1959-4d64-a09e-a839447418bf was compensated
2018-05-26 11:30:38.769  INFO 861 --- [ool-11-thread-1] o.a.s.saga.alpha.core.EventScanner       : Marked end of transaction with globalTxId 038e08bc-58d0-4f07-b500-7d052d61c297
2018-05-26 11:30:38.770  INFO 861 --- [pool-6-thread-1] o.a.s.saga.alpha.core.EventScanner       : Marked end of transaction with globalTxId 038e08bc-58d0-4f07-b500-7d052d61c297
2018-05-26 11:30:38.771  INFO 861 --- [pool-8-thread-1] o.a.s.saga.alpha.core.EventScanner       : Found compensated event TxEvent{surrogateId=65, serviceName='serviceName_9341', instanceId='instanceId_6062', creationTime=Sat May 26 11:30:38 CEST 2018, globalTxId='038e08bc-58d0-4f07-b500-7d052d61c297', localTxId='177811c8-1959-4d64-a09e-a839447418bf', parentTxId='513f1594-4533-4967-8c63-58235f8360fd', type='TxCompensatedEvent', compensationMethod='org.apache.servicecomb.saga.alpha.server.AlphaIntegrationWithSSLTest', expiryTime=Fri Dec 31 01:00:00 CET 9999, retryMethod='', retries=0}
2018-05-26 11:30:38.771  INFO 861 --- [pool-9-thread-1] o.a.s.saga.alpha.core.EventScanner       : Found compensated event TxEvent{surrogateId=65, serviceName='serviceName_9341', instanceId='instanceId_6062', creationTime=Sat May 26 11:30:38 CEST 2018, globalTxId='038e08bc-58d0-4f07-b500-7d052d61c297', localTxId='177811c8-1959-4d64-a09e-a839447418bf', parentTxId='513f1594-4533-4967-8c63-58235f8360fd', type='TxCompensatedEvent', compensationMethod='org.apache.servicecomb.saga.alpha.server.AlphaIntegrationWithSSLTest', expiryTime=Fri Dec 31 01:00:00 CET 9999, retryMethod='', retries=0}
2018-05-26 11:30:38.772  INFO 861 --- [pool-8-thread-1] o.a.s.saga.alpha.core.EventScanner       : Transaction with globalTxId 038e08bc-58d0-4f07-b500-7d052d61c297 and localTxId 177811c8-1959-4d64-a09e-a839447418bf was compensated
2018-05-26 11:30:38.772  INFO 861 --- [pool-9-thread-1] o.a.s.saga.alpha.core.EventScanner       : Transaction with globalTxId 038e08bc-58d0-4f07-b500-7d052d61c297 and localTxId 177811c8-1959-4d64-a09e-a839447418bf was compensated
2018-05-26 11:30:38.774  INFO 861 --- [ool-10-thread-1] o.a.s.saga.alpha.core.EventScanner       : Marked end of transaction with globalTxId 038e08bc-58d0-4f07-b500-7d052d61c297
2018-05-26 11:30:38.779  INFO 861 --- [pool-8-thread-1] o.a.s.saga.alpha.core.EventScanner       : Marked end of transaction with globalTxId 038e08bc-58d0-4f07-b500-7d052d61c297
2018-05-26 11:30:38.780  INFO 861 --- [pool-9-thread-1] o.a.s.saga.alpha.core.EventScanner       : Marked end of transaction with globalTxId 038e08bc-58d0-4f07-b500-7d052d61c297
2018-05-26 11:30:38.788  INFO 861 --- [ool-14-thread-1] o.a.s.saga.alpha.core.EventScanner       : Found compensated event TxEvent{surrogateId=65, serviceName='serviceName_9341', instanceId='instanceId_6062', creationTime=Sat May 26 11:30:38 CEST 2018, globalTxId='038e08bc-58d0-4f07-b500-7d052d61c297', localTxId='177811c8-1959-4d64-a09e-a839447418bf', parentTxId='513f1594-4533-4967-8c63-58235f8360fd', type='TxCompensatedEvent', compensationMethod='org.apache.servicecomb.saga.alpha.server.AlphaIntegrationWithSSLTest', expiryTime=Fri Dec 31 01:00:00 CET 9999, retryMethod='', retries=0}
2018-05-26 11:30:38.789  INFO 861 --- [ool-14-thread-1] o.a.s.saga.alpha.core.EventScanner       : Transaction with globalTxId 038e08bc-58d0-4f07-b500-7d052d61c297 and localTxId 177811c8-1959-4d64-a09e-a839447418bf was compensated
2018-05-26 11:30:38.804  INFO 861 --- [ool-14-thread-1] o.a.s.saga.alpha.core.EventScanner       : Marked end of transaction with globalTxId 038e08bc-58d0-4f07-b500-7d052d61c297
]]></system-out>
  </testcase>
  <testcase name="closeStreamOnDisconnected" classname="org.apache.servicecomb.saga.alpha.server.AlphaIntegrationWithSSLTest" time="0.275"/>
  <testcase name="compensateImmediatelyWhenGlobalTxAlreadyAborted" classname="org.apache.servicecomb.saga.alpha.server.AlphaIntegrationWithSSLTest" time="0.269"/>
  <testcase name="doNotCompensateDuplicateTxOnFailure" classname="org.apache.servicecomb.saga.alpha.server.AlphaIntegrationWithSSLTest" time="0.311"/>
  <testcase name="removeCallbackOnClientDown" classname="org.apache.servicecomb.saga.alpha.server.AlphaIntegrationWithSSLTest" time="0.174"/>
  <testcase name="abortTimeoutSagaStartedEvent" classname="org.apache.servicecomb.saga.alpha.server.AlphaIntegrationWithSSLTest" time="1.264"/>
</testsuite>