<?xml version="1.0" encoding="UTF-8"?>
<!-- Generated by org.testng.reporters.JUnitReportReporter -->
<testsuite hostname="cyclone1" name="org.wso2.carbon.user.mgt.UserRealmProxyTest" tests="12" failures="0" timestamp="4 Jun 2018 12:29:35 GMT" time="0.306" errors="0">
  <testcase name="testListUsers" time="0.001" classname="org.wso2.carbon.user.mgt.UserRealmProxyTest"/>
  <testcase name="testDeleteUser" time="0.027" classname="org.wso2.carbon.user.mgt.UserRealmProxyTest"/>
  <testcase name="testListUsers1" time="0.002" classname="org.wso2.carbon.user.mgt.UserRealmProxyTest"/>
  <testcase name="testChangePasswordSameUserNoOldPasword" time="0.007" classname="org.wso2.carbon.user.mgt.UserRealmProxyTest"/>
  <testcase name="testGetAllSharedRoleNames" time="0.003" classname="org.wso2.carbon.user.mgt.UserRealmProxyTest"/>
  <testcase name="testGetRolesOfUser" time="0.003" classname="org.wso2.carbon.user.mgt.UserRealmProxyTest"/>
  <testcase name="testGetRolesOfUser" time="0.002" classname="org.wso2.carbon.user.mgt.UserRealmProxyTest"/>
  <testcase name="testChangePassword" time="0.002" classname="org.wso2.carbon.user.mgt.UserRealmProxyTest"/>
  <testcase name="testAddUser" time="0.165" classname="org.wso2.carbon.user.mgt.UserRealmProxyTest"/>
  <testcase name="testUpdateUsersOfRole" time="0.003" classname="org.wso2.carbon.user.mgt.UserRealmProxyTest"/>
  <testcase name="testGetUserRealmInfo" time="0.038" classname="org.wso2.carbon.user.mgt.UserRealmProxyTest"/>
  <testcase name="testGetAllRolesNames" time="0.053" classname="org.wso2.carbon.user.mgt.UserRealmProxyTest"/>
</testsuite> <!-- org.wso2.carbon.user.mgt.UserRealmProxyTest -->
