<?xml version="1.0" encoding="UTF-8"?>
<!-- Generated by org.testng.reporters.JUnitReportReporter -->
<testsuite hostname="cyclone1" name="org.wso2.carbon.user.mgt.bulkImport.JsonConverterTest" tests="2" failures="0" timestamp="4 Jun 2018 12:29:35 GMT" time="0.710" errors="0">
  <testcase name="testConvertXLSToJSON" time="0.634" classname="org.wso2.carbon.user.mgt.bulkImport.JsonConverterTest"/>
  <testcase name="testConvertCSVToJSON" time="0.076" classname="org.wso2.carbon.user.mgt.bulkImport.JsonConverterTest"/>
</testsuite> <!-- org.wso2.carbon.user.mgt.bulkImport.JsonConverterTest -->
