<?xml version="1.0" encoding="UTF-8"?>
<!-- Generated by org.testng.reporters.JUnitReportReporter -->
<testsuite hostname="cyclone1" name="org.wso2.carbon.user.mgt.listeners.UserMgtFailureAuditLoggerTest" tests="17" failures="0" timestamp="4 Jun 2018 12:29:35 GMT" time="0.165" errors="0">
  <testcase name="testOnAddRoleFailure" time="0.106" classname="org.wso2.carbon.user.mgt.listeners.UserMgtFailureAuditLoggerTest"/>
  <testcase name="testOnUpdateRoleListOfUserFailure" time="0.001" classname="org.wso2.carbon.user.mgt.listeners.UserMgtFailureAuditLoggerTest"/>
  <testcase name="testOnDeleteUserClaimValuesFailure" time="0.003" classname="org.wso2.carbon.user.mgt.listeners.UserMgtFailureAuditLoggerTest"/>
  <testcase name="testOnUpdateRoleNameFailure" time="0.002" classname="org.wso2.carbon.user.mgt.listeners.UserMgtFailureAuditLoggerTest"/>
  <testcase name="testOnDeleteUserFailure" time="0.003" classname="org.wso2.carbon.user.mgt.listeners.UserMgtFailureAuditLoggerTest"/>
  <testcase name="testOnUpdateCredentialFailure" time="0.002" classname="org.wso2.carbon.user.mgt.listeners.UserMgtFailureAuditLoggerTest"/>
  <testcase name="testOnDeleteRoleFailure" time="0.002" classname="org.wso2.carbon.user.mgt.listeners.UserMgtFailureAuditLoggerTest"/>
  <testcase name="testOnAddUserFailure" time="0.001" classname="org.wso2.carbon.user.mgt.listeners.UserMgtFailureAuditLoggerTest"/>
  <testcase name="testOnDeleteUserClaimValueFailure" time="0.002" classname="org.wso2.carbon.user.mgt.listeners.UserMgtFailureAuditLoggerTest"/>
  <testcase name="testOnSetUserClaimValueFailure" time="0.002" classname="org.wso2.carbon.user.mgt.listeners.UserMgtFailureAuditLoggerTest"/>
  <testcase name="testOnSetUserClaimValuesFailure" time="0.002" classname="org.wso2.carbon.user.mgt.listeners.UserMgtFailureAuditLoggerTest"/>
  <testcase name="testOnUpdateUserListOfRoleFailure" time="0.002" classname="org.wso2.carbon.user.mgt.listeners.UserMgtFailureAuditLoggerTest"/>
  <testcase name="testOnUpdateCredentialByAdminFailure" time="0.002" classname="org.wso2.carbon.user.mgt.listeners.UserMgtFailureAuditLoggerTest"/>
  <testcase name="testOnGetUserListFailure" time="0.003" classname="org.wso2.carbon.user.mgt.listeners.UserMgtFailureAuditLoggerTest"/>
  <testcase name="testOnGetUserClaimValuesFailure" time="0.002" classname="org.wso2.carbon.user.mgt.listeners.UserMgtFailureAuditLoggerTest"/>
  <testcase name="testOnGetUserClaimValueFailure" time="0.002" classname="org.wso2.carbon.user.mgt.listeners.UserMgtFailureAuditLoggerTest"/>
  <testcase name="listenerDisabledTestCase" time="0.028" classname="org.wso2.carbon.user.mgt.listeners.UserMgtFailureAuditLoggerTest"/>
</testsuite> <!-- org.wso2.carbon.user.mgt.listeners.UserMgtFailureAuditLoggerTest -->
