<?xml version="1.0" encoding="UTF-8"?>
<testsuite xmlns:xsi="http://www.w3.org/2001/XMLSchema-instance" xsi:noNamespaceSchemaLocation="https://maven.apache.org/surefire/maven-surefire-plugin/xsd/surefire-test-report.xsd" name="TestSuite" time="3.157" tests="1351" errors="0" skipped="0" failures="0">
  <properties>
    <property name="awt.toolkit" value="sun.awt.X11.XToolkit"/>
    <property name="file.encoding.pkg" value="sun.io"/>
    <property name="java.specification.version" value="1.8"/>
    <property name="sun.cpu.isalist" value=""/>
    <property name="sun.jnu.encoding" value="UTF-8"/>
    <property name="java.class.path" value="/root/workspace/OpenGamma/Strata/386145139/modules/collect/target/test-classes:/root/workspace/OpenGamma/Strata/386145139/modules/collect/target/classes:/root/./workspace/OpenGamma/Strata/386145139/.m2/com/google/guava/guava/25.1-jre/guava-25.1-jre.jar:/root/./workspace/OpenGamma/Strata/386145139/.m2/org/joda/joda-beans/2.2.1/joda-beans-2.2.1.jar:/root/./workspace/OpenGamma/Strata/386145139/.m2/org/joda/joda-convert/2.0.2/joda-convert-2.0.2.jar:/root/./workspace/OpenGamma/Strata/386145139/.m2/org/testng/testng/6.14.2/testng-6.14.2.jar:/root/./workspace/OpenGamma/Strata/386145139/.m2/com/beust/jcommander/1.72/jcommander-1.72.jar:/root/./workspace/OpenGamma/Strata/386145139/.m2/org/assertj/assertj-core/3.10.0/assertj-core-3.10.0.jar:/root/./workspace/OpenGamma/Strata/386145139/.m2/org/apache/maven/surefire/surefire-testng-utils/2.20.1/surefire-testng-utils-2.20.1.jar:/root/./workspace/OpenGamma/Strata/386145139/.m2/org/apache/maven/surefire/surefire-grouper/2.20.1/surefire-grouper-2.20.1.jar:"/>
    <property name="java.vm.vendor" value="Oracle Corporation"/>
    <property name="skip.bower" value="true"/>
    <property name="sun.arch.data.model" value="64"/>
    <property name="java.vendor.url" value="http://java.oracle.com/"/>
    <property name="user.timezone" value=""/>
    <property name="java.vm.specification.version" value="1.8"/>
    <property name="os.name" value="Linux"/>
    <property name="rat.skip" value="true"/>
    <property name="gpg.skip" value="true"/>
    <property name="sun.java.launcher" value="SUN_STANDARD"/>
    <property name="sun.boot.library.path" value="/usr/lib/jvm/java-8-openjdk-amd64/jre/lib/amd64"/>
    <property name="skip.gulp" value="true"/>
    <property name="sun.java.command" value="/root/workspace/OpenGamma/Strata/386145139/modules/collect/target/surefire/surefirebooter5900332789523582820.jar /root/workspace/OpenGamma/Strata/386145139/modules/collect/target/surefire 2018-05-31T14-00-37_964-jvmRun1 surefire2765058972918620971tmp surefire_02552192905249596937tmp"/>
    <property name="dependency-check.skip" value="true"/>
    <property name="surefire.test.class.path" value="/root/workspace/OpenGamma/Strata/386145139/modules/collect/target/test-classes:/root/workspace/OpenGamma/Strata/386145139/modules/collect/target/classes:/root/./workspace/OpenGamma/Strata/386145139/.m2/com/google/guava/guava/25.1-jre/guava-25.1-jre.jar:/root/./workspace/OpenGamma/Strata/386145139/.m2/org/joda/joda-beans/2.2.1/joda-beans-2.2.1.jar:/root/./workspace/OpenGamma/Strata/386145139/.m2/org/joda/joda-convert/2.0.2/joda-convert-2.0.2.jar:/root/./workspace/OpenGamma/Strata/386145139/.m2/org/testng/testng/6.14.2/testng-6.14.2.jar:/root/./workspace/OpenGamma/Strata/386145139/.m2/com/beust/jcommander/1.72/jcommander-1.72.jar:/root/./workspace/OpenGamma/Strata/386145139/.m2/org/assertj/assertj-core/3.10.0/assertj-core-3.10.0.jar:/root/./workspace/OpenGamma/Strata/386145139/.m2/org/apache/maven/surefire/surefire-testng-utils/2.20.1/surefire-testng-utils-2.20.1.jar:/root/./workspace/OpenGamma/Strata/386145139/.m2/org/apache/maven/surefire/surefire-grouper/2.20.1/surefire-grouper-2.20.1.jar:"/>
    <property name="sun.cpu.endian" value="little"/>
    <property name="user.home" value="/root"/>
    <property name="user.language" value="en"/>
    <property name="java.specification.vendor" value="Oracle Corporation"/>
    <property name="java.home" value="/usr/lib/jvm/java-8-openjdk-amd64/jre"/>
    <property name="basedir" value="/root/workspace/OpenGamma/Strata/386145139/modules/collect"/>
    <property name="file.separator" value="/"/>
    <property name="checkstyle.skip" value="true"/>
    <property name="line.separator" value="&#10;"/>
    <property name="skip.npm" value="true"/>
    <property name="java.vm.specification.vendor" value="Oracle Corporation"/>
    <property name="java.specification.name" value="Java Platform API Specification"/>
    <property name="java.awt.graphicsenv" value="sun.awt.X11GraphicsEnvironment"/>
    <property name="skipITs" value="true"/>
    <property name="surefire.real.class.path" value="/root/workspace/OpenGamma/Strata/386145139/modules/collect/target/surefire/surefirebooter5900332789523582820.jar"/>
    <property name="cobertura.skip" value="true"/>
    <property name="sun.boot.class.path" value="/usr/lib/jvm/java-8-openjdk-amd64/jre/lib/resources.jar:/usr/lib/jvm/java-8-openjdk-amd64/jre/lib/rt.jar:/usr/lib/jvm/java-8-openjdk-amd64/jre/lib/sunrsasign.jar:/usr/lib/jvm/java-8-openjdk-amd64/jre/lib/jsse.jar:/usr/lib/jvm/java-8-openjdk-amd64/jre/lib/jce.jar:/usr/lib/jvm/java-8-openjdk-amd64/jre/lib/charsets.jar:/usr/lib/jvm/java-8-openjdk-amd64/jre/lib/jfr.jar:/usr/lib/jvm/java-8-openjdk-amd64/jre/classes"/>
    <property name="sun.management.compiler" value="HotSpot 64-Bit Tiered Compilers"/>
    <property name="java.runtime.version" value="1.8.0_121-8u121-b13-1~bpo8+1-b13"/>
    <property name="user.name" value="root"/>
    <property name="findbugs.skip" value="true"/>
    <property name="path.separator" value=":"/>
    <property name="os.version" value="3.10.0-862.3.2.el7.x86_64"/>
    <property name="java.endorsed.dirs" value="/usr/lib/jvm/java-8-openjdk-amd64/jre/lib/endorsed"/>
    <property name="java.runtime.name" value="OpenJDK Runtime Environment"/>
    <property name="file.encoding" value="UTF-8"/>
    <property name="java.vm.name" value="OpenJDK 64-Bit Server VM"/>
    <property name="localRepository" value="/root/./workspace/OpenGamma/Strata/386145139/.m2"/>
    <property name="java.vendor.url.bug" value="http://bugreport.sun.com/bugreport/"/>
    <property name="java.io.tmpdir" value="/tmp"/>
    <property name="java.version" value="1.8.0_121"/>
    <property name="user.dir" value="/root/workspace/OpenGamma/Strata/386145139/modules/collect"/>
    <property name="os.arch" value="amd64"/>
    <property name="license.skip" value="true"/>
    <property name="java.vm.specification.name" value="Java Virtual Machine Specification"/>
    <property name="java.awt.printerjob" value="sun.print.PSPrinterJob"/>
    <property name="sun.os.patch.level" value="unknown"/>
    <property name="java.library.path" value="/usr/java/packages/lib/amd64:/usr/lib/x86_64-linux-gnu/jni:/lib/x86_64-linux-gnu:/usr/lib/x86_64-linux-gnu:/usr/lib/jni:/lib:/usr/lib"/>
    <property name="java.vm.info" value="mixed mode"/>
    <property name="java.vendor" value="Oracle Corporation"/>
    <property name="java.vm.version" value="25.121-b13"/>
    <property name="java.ext.dirs" value="/usr/lib/jvm/java-8-openjdk-amd64/jre/lib/ext:/usr/java/packages/lib/ext"/>
    <property name="sun.io.unicode.encoding" value="UnicodeLittle"/>
    <property name="maven.repo.local" value="/root/./workspace/OpenGamma/Strata/386145139/.m2"/>
    <property name="enforcer.skip" value="true"/>
    <property name="java.class.version" value="52.0"/>
  </properties>
  <testcase name="testNotEmptyLongArray" classname="com.opengamma.strata.collect.ArgCheckerTest" time="0.006"/>
  <testcase name="test_EMPTY" classname="com.opengamma.strata.collect.io.ArrayByteSourceTest" time="0.001"/>
  <testcase name="test_double_inRange" classname="com.opengamma.strata.collect.ArgCheckerTest" time="0.001"/>
  <testcase name="test_copyOf" classname="com.opengamma.strata.collect.io.ArrayByteSourceTest" time="0"/>
  <testcase name="test_double_inRange_outOfRange" classname="com.opengamma.strata.collect.ArgCheckerTest" time="0.011"/>
  <testcase name="test_inOrderNotEqual_false_equal" classname="com.opengamma.strata.collect.ArgCheckerTest" time="0"/>
  <testcase name="test_inOrderNotEqual_false_invalidOrder" classname="com.opengamma.strata.collect.ArgCheckerTest" time="0.003"/>
  <testcase name="test_inOrderNotEqual_true" classname="com.opengamma.strata.collect.ArgCheckerTest" time="0.001"/>
  <testcase name="test_inOrderOrEqual_false" classname="com.opengamma.strata.collect.ArgCheckerTest" time="0.001"/>
  <testcase name="test_copyOf_from" classname="com.opengamma.strata.collect.io.ArrayByteSourceTest" time="0"/>
  <testcase name="test_inOrderOrEqual_true" classname="com.opengamma.strata.collect.ArgCheckerTest" time="0.001"/>
  <testcase name="test_copyOf_fromTo" classname="com.opengamma.strata.collect.io.ArrayByteSourceTest" time="0"/>
  <testcase name="test_int_inRange" classname="com.opengamma.strata.collect.ArgCheckerTest" time="0"/>
  <testcase name="testOfContentByteArray" classname="com.opengamma.strata.collect.io.CharSourcesTest" time="0"/>
  <testcase name="testOfContentByteArrayWithCharset" classname="com.opengamma.strata.collect.io.CharSourcesTest" time="0.001"/>
  <testcase name="testOfContentString" classname="com.opengamma.strata.collect.io.CharSourcesTest" time="0"/>
  <testcase name="test_generate_padData" classname="com.opengamma.strata.collect.io.AsciiTableTest" time="0.001"/>
  <testcase name="test_generate_padHeader" classname="com.opengamma.strata.collect.io.AsciiTableTest" time="0"/>
  <testcase name="test_int_inRange_outOfRange" classname="com.opengamma.strata.collect.ArgCheckerTest" time="0.001"/>
  <testcase name="test_isFalse_ok" classname="com.opengamma.strata.collect.ArgCheckerTest" time="0"/>
  <testcase name="test_isFalse_ok_args" classname="com.opengamma.strata.collect.ArgCheckerTest" time="0"/>
  <testcase name="test_isFalse_ok_args_true" classname="com.opengamma.strata.collect.ArgCheckerTest" time="0"/>
  <testcase name="test_copyOf_fromTo_bad" classname="com.opengamma.strata.collect.io.ArrayByteSourceTest" time="0"/>
  <testcase name="test_copyOf_fromTo_empty" classname="com.opengamma.strata.collect.io.ArrayByteSourceTest" time="0"/>
  <testcase name="test_isFalse_true" classname="com.opengamma.strata.collect.ArgCheckerTest" time="0"/>
  <testcase name="test_isTrue_false" classname="com.opengamma.strata.collect.ArgCheckerTest" time="0"/>
  <testcase name="test_isTrue_false_args" classname="com.opengamma.strata.collect.ArgCheckerTest" time="0"/>
  <testcase name="test_isTrue_false_doubleArg" classname="com.opengamma.strata.collect.ArgCheckerTest" time="0"/>
  <testcase name="testOfFile" classname="com.opengamma.strata.collect.io.CharSourcesTest" time="0.002"/>
  <testcase name="test_isTrue_false_longArg" classname="com.opengamma.strata.collect.ArgCheckerTest" time="0"/>
  <testcase name="test_isTrue_ok" classname="com.opengamma.strata.collect.ArgCheckerTest" time="0"/>
  <testcase name="testOfFileName" classname="com.opengamma.strata.collect.io.CharSourcesTest" time="0"/>
  <testcase name="testOfFileNameWithCharset" classname="com.opengamma.strata.collect.io.CharSourcesTest" time="0.001"/>
  <testcase name="testOfFileWithCharset" classname="com.opengamma.strata.collect.io.CharSourcesTest" time="0"/>
  <testcase name="test_isTrue_ok_args" classname="com.opengamma.strata.collect.ArgCheckerTest" time="0"/>
  <testcase name="test_isTrue_ok_doubleArg" classname="com.opengamma.strata.collect.ArgCheckerTest" time="0"/>
  <testcase name="test_from_ByteSource" classname="com.opengamma.strata.collect.io.ArrayByteSourceTest" time="0"/>
  <testcase name="test_isTrue_ok_longArg" classname="com.opengamma.strata.collect.ArgCheckerTest" time="0.001"/>
  <testcase name="test_isTrue_simple_false" classname="com.opengamma.strata.collect.ArgCheckerTest" time="0"/>
  <testcase name="test_isTrue_simple_ok" classname="com.opengamma.strata.collect.ArgCheckerTest" time="0.001"/>
  <testcase name="test_from_ByteSource_alreadyArrayByteSource" classname="com.opengamma.strata.collect.io.ArrayByteSourceTest" time="0"/>
  <testcase name="test_equalsHashCodeToString" classname="com.opengamma.strata.collect.io.CsvFileTest" time="0"/>
  <testcase name="test_of_blank_row" classname="com.opengamma.strata.collect.io.CsvFileTest" time="0.004"/>
  <testcase name="test_of_comment_blank_no_header" classname="com.opengamma.strata.collect.io.CsvFileTest" time="0"/>
  <testcase name="test_matches_CharMatcher_String_noMatch" classname="com.opengamma.strata.collect.ArgCheckerTest" time="0.001"/>
  <testcase name="test_of_comment_blank_with_header" classname="com.opengamma.strata.collect.io.CsvFileTest" time="0"/>
  <testcase name="test_matches_CharMatcher_String_nullMatcher" classname="com.opengamma.strata.collect.ArgCheckerTest" time="0"/>
  <testcase name="test_matches_CharMatcher_String_nullString" classname="com.opengamma.strata.collect.ArgCheckerTest" time="0"/>
  <testcase name="test_matches_CharMatcher_String_ok" classname="com.opengamma.strata.collect.ArgCheckerTest" time="0.001"/>
  <testcase name="test_from_Supplier" classname="com.opengamma.strata.collect.io.ArrayByteSourceTest" time="0"/>
  <testcase name="test_of_duplicate_headers" classname="com.opengamma.strata.collect.io.CsvFileTest" time="0"/>
  <testcase name="test_of_empty_no_header" classname="com.opengamma.strata.collect.io.CsvFileTest" time="0"/>
  <testcase name="test_matches_CharMatcher_String_tooLong" classname="com.opengamma.strata.collect.ArgCheckerTest" time="0"/>
  <testcase name="test_of_empty_no_header_reader" classname="com.opengamma.strata.collect.io.CsvFileTest" time="0.003"/>
  <testcase name="test_from_SupplierExceptionOnCreate" classname="com.opengamma.strata.collect.io.ArrayByteSourceTest" time="0"/>
  <testcase name="test_of_empty_with_header" classname="com.opengamma.strata.collect.io.CsvFileTest" time="0"/>
  <testcase name="test_of_headerComment" classname="com.opengamma.strata.collect.io.CsvFileTest" time="0"/>
  <testcase name="test_matches_CharMatcher_String_tooShort" classname="com.opengamma.strata.collect.ArgCheckerTest" time="0.001"/>
  <testcase name="test_matches_String_empty" classname="com.opengamma.strata.collect.ArgCheckerTest" time="0"/>
  <testcase name="test_matches_String_noMatch" classname="com.opengamma.strata.collect.ArgCheckerTest" time="0.001"/>
  <testcase name="test_matches_String_nullPattern" classname="com.opengamma.strata.collect.ArgCheckerTest" time="0"/>
  <testcase name="test_matches_String_nullString" classname="com.opengamma.strata.collect.ArgCheckerTest" time="0"/>
  <testcase name="test_matches_String_ok" classname="com.opengamma.strata.collect.ArgCheckerTest" time="0"/>
  <testcase name="test_noNulls_Array_null" classname="com.opengamma.strata.collect.ArgCheckerTest" time="0"/>
  <testcase name="testOfPath" classname="com.opengamma.strata.collect.io.CharSourcesTest" time="0"/>
  <testcase name="testOfPathWithCharset" classname="com.opengamma.strata.collect.io.CharSourcesTest" time="0.001"/>
  <testcase name="test_noNulls_Array_nullElement" classname="com.opengamma.strata.collect.ArgCheckerTest" time="0.001"/>
  <testcase name="test_noNulls_Array_ok" classname="com.opengamma.strata.collect.ArgCheckerTest" time="0.001"/>
  <testcase name="test_noNulls_Array_ok_empty" classname="com.opengamma.strata.collect.ArgCheckerTest" time="0.001"/>
  <testcase name="test_noNulls_Iterable_null" classname="com.opengamma.strata.collect.ArgCheckerTest" time="0"/>
  <testcase name="testOfUrl" classname="com.opengamma.strata.collect.io.CharSourcesTest" time="0.003"/>
  <testcase name="test_noNulls_Iterable_nullElement" classname="com.opengamma.strata.collect.ArgCheckerTest" time="0"/>
  <testcase name="test_noNulls_Iterable_ok" classname="com.opengamma.strata.collect.ArgCheckerTest" time="0"/>
  <testcase name="testOfUrlWithCharset" classname="com.opengamma.strata.collect.io.CharSourcesTest" time="0"/>
  <testcase name="test_noNulls_Iterable_ok_empty" classname="com.opengamma.strata.collect.ArgCheckerTest" time="0.001"/>
  <testcase name="test_noNulls_Map_null" classname="com.opengamma.strata.collect.ArgCheckerTest" time="0.006"/>
  <testcase name="test_noNulls_Map_nullKey" classname="com.opengamma.strata.collect.ArgCheckerTest" time="0"/>
  <testcase name="test_noNulls_Map_nullValue" classname="com.opengamma.strata.collect.ArgCheckerTest" time="0"/>
  <testcase name="testPrivateConstructor" classname="com.opengamma.strata.collect.io.CharSourcesTest" time="0"/>
  <testcase name="test_of_ioException" classname="com.opengamma.strata.collect.io.CsvFileTest" time="0.009"/>
  <testcase name="nextBatch_predicate" classname="com.opengamma.strata.collect.io.CsvIteratorTest" time="0.01"/>
  <testcase name="test_noNulls_Map_ok" classname="com.opengamma.strata.collect.ArgCheckerTest" time="0.004"/>
  <testcase name="test_of_lists_header" classname="com.opengamma.strata.collect.io.CsvFileTest" time="0.006"/>
  <testcase name="test_from_SupplierExceptionOnRead" classname="com.opengamma.strata.collect.io.ArrayByteSourceTest" time="0"/>
  <testcase name="test_noNulls_Map_ok_empty" classname="com.opengamma.strata.collect.ArgCheckerTest" time="0"/>
  <testcase name="test_of_lists_noHeader" classname="com.opengamma.strata.collect.io.CsvFileTest" time="0"/>
  <testcase name="test_of_lists_noHeaderNoRows" classname="com.opengamma.strata.collect.io.CsvFileTest" time="0"/>
  <testcase name="test_notBlank_String_empty" classname="com.opengamma.strata.collect.ArgCheckerTest" time="0.001"/>
  <testcase name="test_notBlank_String_null" classname="com.opengamma.strata.collect.ArgCheckerTest" time="0"/>
  <testcase name="test_notBlank_String_ok" classname="com.opengamma.strata.collect.ArgCheckerTest" time="0"/>
  <testcase name="test_methods" classname="com.opengamma.strata.collect.io.ArrayByteSourceTest" time="0"/>
  <testcase name="test_of_lists_sizeMismatch" classname="com.opengamma.strata.collect.io.CsvFileTest" time="0.004"/>
  <testcase name="test_notBlank_String_ok_notTrimmed" classname="com.opengamma.strata.collect.ArgCheckerTest" time="0.004"/>
  <testcase name="test_notBlank_String_spaces" classname="com.opengamma.strata.collect.ArgCheckerTest" time="0"/>
  <testcase name="test_notEmpty_2DArray_empty" classname="com.opengamma.strata.collect.ArgCheckerTest" time="0.001"/>
  <testcase name="test_asStream_empty_no_header" classname="com.opengamma.strata.collect.io.CsvIteratorTest" time="0.001"/>
  <testcase name="test_notEmpty_2DArray_null" classname="com.opengamma.strata.collect.ArgCheckerTest" time="0"/>
  <testcase name="test_notEmpty_Array_empty" classname="com.opengamma.strata.collect.ArgCheckerTest" time="0.001"/>
  <testcase name="test_notEmpty_Array_null" classname="com.opengamma.strata.collect.ArgCheckerTest" time="0.001"/>
  <testcase name="test_notEmpty_Array_ok" classname="com.opengamma.strata.collect.ArgCheckerTest" time="0"/>
  <testcase name="test_notEmpty_Collection_empty" classname="com.opengamma.strata.collect.ArgCheckerTest" time="0.001"/>
  <testcase name="test_notEmpty_Collection_null" classname="com.opengamma.strata.collect.ArgCheckerTest" time="0"/>
  <testcase name="test_notEmpty_Collection_ok" classname="com.opengamma.strata.collect.ArgCheckerTest" time="0.002"/>
  <testcase name="test_notEmpty_Iterable_empty" classname="com.opengamma.strata.collect.ArgCheckerTest" time="0"/>
  <testcase name="test_notEmpty_Iterable_null" classname="com.opengamma.strata.collect.ArgCheckerTest" time="0.001"/>
  <testcase name="test_notEmpty_Iterable_ok" classname="com.opengamma.strata.collect.ArgCheckerTest" time="0"/>
  <testcase name="test_notEmpty_Map_empty" classname="com.opengamma.strata.collect.ArgCheckerTest" time="0.001"/>
  <testcase name="test_notEmpty_Map_null" classname="com.opengamma.strata.collect.ArgCheckerTest" time="0"/>
  <testcase name="test_notEmpty_Map_ok" classname="com.opengamma.strata.collect.ArgCheckerTest" time="0"/>
  <testcase name="test_notEmpty_String_empty" classname="com.opengamma.strata.collect.ArgCheckerTest" time="0"/>
  <testcase name="test_notEmpty_String_null" classname="com.opengamma.strata.collect.ArgCheckerTest" time="0.001"/>
  <testcase name="test_notEmpty_String_ok" classname="com.opengamma.strata.collect.ArgCheckerTest" time="0"/>
  <testcase name="test_notEmpty_doubleArray_empty" classname="com.opengamma.strata.collect.ArgCheckerTest" time="0.001"/>
  <testcase name="test_notEmpty_doubleArray_null" classname="com.opengamma.strata.collect.ArgCheckerTest" time="0"/>
  <testcase name="test_notEmpty_doubleArray_ok" classname="com.opengamma.strata.collect.ArgCheckerTest" time="0.001"/>
  <testcase name="test_asStream_simple_no_header" classname="com.opengamma.strata.collect.io.CsvIteratorTest" time="0.003"/>
  <testcase name="test_asStream_simple_with_header" classname="com.opengamma.strata.collect.io.CsvIteratorTest" time="0.001"/>
  <testcase name="test_notEmpty_intArray_empty" classname="com.opengamma.strata.collect.ArgCheckerTest" time="0"/>
  <testcase name="test_of_quoting" classname="com.opengamma.strata.collect.io.CsvFileTest" time="0"/>
  <testcase name="test_notEmpty_intArray_null" classname="com.opengamma.strata.collect.ArgCheckerTest" time="0"/>
  <testcase name="test_notEmpty_intArray_ok" classname="com.opengamma.strata.collect.ArgCheckerTest" time="0"/>
  <testcase name="test_ofUnsafe" classname="com.opengamma.strata.collect.io.ArrayByteSourceTest" time="0"/>
  <testcase name="test_read" classname="com.opengamma.strata.collect.io.ArrayByteSourceTest" time="0.001"/>
  <testcase name="test_of_quotingWithEquals" classname="com.opengamma.strata.collect.io.CsvFileTest" time="0.001"/>
  <testcase name="test_readUnsafe" classname="com.opengamma.strata.collect.io.ArrayByteSourceTest" time="0"/>
  <testcase name="test_nextBatch1" classname="com.opengamma.strata.collect.io.CsvIteratorTest" time="0"/>
  <testcase name="test_nextBatch2" classname="com.opengamma.strata.collect.io.CsvIteratorTest" time="0.003"/>
  <testcase name="test_of_blank_row" classname="com.opengamma.strata.collect.io.CsvIteratorTest" time="0"/>
  <testcase name="test_notEmpty_longArray_empty" classname="com.opengamma.strata.collect.ArgCheckerTest" time="0"/>
  <testcase name="test_notEmpty_longArray_null" classname="com.opengamma.strata.collect.ArgCheckerTest" time="0"/>
  <testcase name="test_of_quoting_mismatched" classname="com.opengamma.strata.collect.io.CsvFileTest" time="0.001"/>
  <testcase name="test_notEmpty_longArray_ok" classname="com.opengamma.strata.collect.ArgCheckerTest" time="0"/>
  <testcase name="test_notNegativeOrZero_double_eps_negative" classname="com.opengamma.strata.collect.ArgCheckerTest" time="0.001"/>
  <testcase name="test_notNegativeOrZero_double_eps_ok" classname="com.opengamma.strata.collect.ArgCheckerTest" time="0"/>
  <testcase name="test_notNegativeOrZero_double_eps_zero" classname="com.opengamma.strata.collect.ArgCheckerTest" time="0"/>
  <testcase name="test_notNegativeOrZero_double_negative" classname="com.opengamma.strata.collect.ArgCheckerTest" time="0.003"/>
  <testcase name="test_of_short_data_row" classname="com.opengamma.strata.collect.io.CsvFileTest" time="0.002"/>
  <testcase name="test_notNegativeOrZero_double_ok" classname="com.opengamma.strata.collect.ArgCheckerTest" time="0"/>
  <testcase name="test_notNegativeOrZero_double_zero" classname="com.opengamma.strata.collect.ArgCheckerTest" time="0"/>
  <testcase name="test_of_simple_no_header" classname="com.opengamma.strata.collect.io.CsvFileTest" time="0"/>
  <testcase name="test_of_simple_no_header_access_by_field" classname="com.opengamma.strata.collect.io.CsvFileTest" time="0.001"/>
  <testcase name="test_of_simple_no_header_tabs" classname="com.opengamma.strata.collect.io.CsvFileTest" time="0.001"/>
  <testcase name="test_of_comment_blank_no_header" classname="com.opengamma.strata.collect.io.CsvIteratorTest" time="0.001"/>
  <testcase name="test_of_comment_blank_with_header" classname="com.opengamma.strata.collect.io.CsvIteratorTest" time="0"/>
  <testcase name="test_notNegativeOrZero_int_negative" classname="com.opengamma.strata.collect.ArgCheckerTest" time="0"/>
  <testcase name="test_notNegativeOrZero_int_ok" classname="com.opengamma.strata.collect.ArgCheckerTest" time="0"/>
  <testcase name="test_notNegativeOrZero_int_zero" classname="com.opengamma.strata.collect.ArgCheckerTest" time="0"/>
  <testcase name="test_notNegativeOrZero_long_negative" classname="com.opengamma.strata.collect.ArgCheckerTest" time="0.001"/>
  <testcase name="test_of_empty_no_header" classname="com.opengamma.strata.collect.io.CsvIteratorTest" time="0.002"/>
  <testcase name="test_of_empty_no_header_reader" classname="com.opengamma.strata.collect.io.CsvIteratorTest" time="0.001"/>
  <testcase name="test_safe_expressionPrefix" classname="com.opengamma.strata.collect.io.CsvOutputTest" time="0"/>
  <testcase name="test_of_empty_with_header" classname="com.opengamma.strata.collect.io.CsvIteratorTest" time="0"/>
  <testcase name="test_safe_expressionPrefixNumbers" classname="com.opengamma.strata.collect.io.CsvOutputTest" time="0.001"/>
  <testcase name="test_of_headerComment" classname="com.opengamma.strata.collect.io.CsvIteratorTest" time="0.001"/>
  <testcase name="test_of_ioException" classname="com.opengamma.strata.collect.io.CsvIteratorTest" time="0"/>
  <testcase name="test_of_simple_no_header" classname="com.opengamma.strata.collect.io.CsvIteratorTest" time="0.003"/>
  <testcase name="test_safe_writeLines_systemNewLine" classname="com.opengamma.strata.collect.io.CsvOutputTest" time="0"/>
  <testcase name="test_standard_expressionPrefix" classname="com.opengamma.strata.collect.io.CsvOutputTest" time="0"/>
  <testcase name="test_standard_expressionPrefixNumbers" classname="com.opengamma.strata.collect.io.CsvOutputTest" time="0.001"/>
  <testcase name="test_notNegativeOrZero_long_ok" classname="com.opengamma.strata.collect.ArgCheckerTest" time="0.001"/>
  <testcase name="test_standard_writeLine_selectiveQuote" classname="com.opengamma.strata.collect.io.CsvOutputTest" time="0"/>
  <testcase name="test_notNegativeOrZero_long_zero" classname="com.opengamma.strata.collect.ArgCheckerTest" time="0"/>
  <testcase name="test_notNegative_double_negative" classname="com.opengamma.strata.collect.ArgCheckerTest" time="0.001"/>
  <testcase name="test_notNegative_double_ok" classname="com.opengamma.strata.collect.ArgCheckerTest" time="0"/>
  <testcase name="test_notNegative_int_negative" classname="com.opengamma.strata.collect.ArgCheckerTest" time="0.001"/>
  <testcase name="test_notNegative_int_ok" classname="com.opengamma.strata.collect.ArgCheckerTest" time="0"/>
  <testcase name="test_notNegative_long_negative" classname="com.opengamma.strata.collect.ArgCheckerTest" time="0.001"/>
  <testcase name="test_notNegative_long_ok" classname="com.opengamma.strata.collect.ArgCheckerTest" time="0"/>
  <testcase name="test_notNullItem_noText_null" classname="com.opengamma.strata.collect.ArgCheckerTest" time="0"/>
  <testcase name="test_notNullItem_noText_ok" classname="com.opengamma.strata.collect.ArgCheckerTest" time="0"/>
  <testcase name="test_standard_writeLines_alwaysQuote" classname="com.opengamma.strata.collect.io.CsvOutputTest" time="0"/>
  <testcase name="test_notNull_null" classname="com.opengamma.strata.collect.ArgCheckerTest" time="0"/>
  <testcase name="test_notNull_ok" classname="com.opengamma.strata.collect.ArgCheckerTest" time="0"/>
  <testcase name="test_standard_writeLines_selectiveQuote_commaAndQuote" classname="com.opengamma.strata.collect.io.CsvOutputTest" time="0"/>
  <testcase name="test_notZero_double_negative" classname="com.opengamma.strata.collect.ArgCheckerTest" time="0"/>
  <testcase name="test_notZero_double_ok" classname="com.opengamma.strata.collect.ArgCheckerTest" time="0"/>
  <testcase name="test_standard_writeLines_selectiveQuote_trimmable" classname="com.opengamma.strata.collect.io.CsvOutputTest" time="0"/>
  <testcase name="test_notZero_double_zero" classname="com.opengamma.strata.collect.ArgCheckerTest" time="0"/>
  <testcase name="test_validUtilityClass" classname="com.opengamma.strata.collect.ArgCheckerTest" time="0.001"/>
  <testcase name="test_of_simple_no_header_tabs" classname="com.opengamma.strata.collect.io.CsvIteratorTest" time="0.001"/>
  <testcase name="test_standard_writeLines_systemNewLine" classname="com.opengamma.strata.collect.io.CsvOutputTest" time="0.001"/>
  <testcase name="test_standard_writeLines_tab_separated" classname="com.opengamma.strata.collect.io.CsvOutputTest" time="0.007"/>
  <testcase name="test_of_simple_with_header" classname="com.opengamma.strata.collect.io.CsvFileTest" time="0.006"/>
  <testcase name="test_of_simple_with_header_access_by_invalid_field" classname="com.opengamma.strata.collect.io.CsvFileTest" time="0.003"/>
  <testcase name="test_of_simple_with_header" classname="com.opengamma.strata.collect.io.CsvIteratorTest" time="0.003"/>
  <testcase name="test_toString" classname="com.opengamma.strata.collect.io.CsvIteratorTest" time="0"/>
  <testcase name="coverage" classname="com.opengamma.strata.collect.DoubleArrayMathTest" time="0.003"/>
  <testcase name="coverage" classname="com.opengamma.strata.collect.array.DoubleArrayTest" time="0.159"/>
  <testcase name="test_EMPTY" classname="com.opengamma.strata.collect.array.DoubleArrayTest" time="0"/>
  <testcase name="test_combine" classname="com.opengamma.strata.collect.array.DoubleArrayTest" time="0.012"/>
  <testcase name="test_combineReduce" classname="com.opengamma.strata.collect.array.DoubleArrayTest" time="0.004"/>
  <testcase name="test_concat_object" classname="com.opengamma.strata.collect.array.DoubleArrayTest" time="0"/>
  <testcase name="test_concat_varargs" classname="com.opengamma.strata.collect.array.DoubleArrayTest" time="0"/>
  <testcase name="test_contains" classname="com.opengamma.strata.collect.array.DoubleArrayTest" time="0"/>
  <testcase name="coverage" classname="com.opengamma.strata.collect.array.DoubleMatrixTest" time="0"/>
  <testcase name="test_copyInto" classname="com.opengamma.strata.collect.array.DoubleArrayTest" time="0.014"/>
  <testcase name="testTransposeMatrix" classname="com.opengamma.strata.collect.array.DoubleMatrixTest" time="0.014"/>
  <testcase name="test_EMPTY" classname="com.opengamma.strata.collect.array.DoubleMatrixTest" time="0"/>
  <testcase name="test_copyOf_List" classname="com.opengamma.strata.collect.array.DoubleArrayTest" time="0"/>
  <testcase name="test_copyOf_array" classname="com.opengamma.strata.collect.array.DoubleArrayTest" time="0"/>
  <testcase name="test_column" classname="com.opengamma.strata.collect.array.DoubleMatrixTest" time="0"/>
  <testcase name="test_copyOf_array_fromIndex" classname="com.opengamma.strata.collect.array.DoubleArrayTest" time="0"/>
  <testcase name="test_columnArray" classname="com.opengamma.strata.collect.array.DoubleMatrixTest" time="0"/>
  <testcase name="test_copyOf_array_fromToIndex" classname="com.opengamma.strata.collect.array.DoubleArrayTest" time="0.001"/>
  <testcase name="test_dividedBy" classname="com.opengamma.strata.collect.array.DoubleArrayTest" time="0"/>
  <testcase name="test_combine" classname="com.opengamma.strata.collect.array.DoubleMatrixTest" time="0.001"/>
  <testcase name="test_dividedBy_array" classname="com.opengamma.strata.collect.array.DoubleArrayTest" time="0.001"/>
  <testcase name="test_equalWithTolerance" classname="com.opengamma.strata.collect.array.DoubleArrayTest" time="0"/>
  <testcase name="test_equalZeroWithTolerance" classname="com.opengamma.strata.collect.array.DoubleArrayTest" time="0"/>
  <testcase name="test_equalsHashCode" classname="com.opengamma.strata.collect.array.DoubleArrayTest" time="0"/>
  <testcase name="test_filled" classname="com.opengamma.strata.collect.array.DoubleArrayTest" time="0.001"/>
  <testcase name="test_filled_withValue" classname="com.opengamma.strata.collect.array.DoubleArrayTest" time="0"/>
  <testcase name="test_forEach" classname="com.opengamma.strata.collect.array.DoubleArrayTest" time="0.001"/>
  <testcase name="test_get" classname="com.opengamma.strata.collect.array.DoubleArrayTest" time="0.001"/>
  <testcase name="checkOffsetsIncludeWeekends" classname="com.opengamma.strata.collect.timeseries.DenseLocalDateDoubleTimeSeriesTest" time="0.006"/>
  <testcase name="test_indexOf" classname="com.opengamma.strata.collect.array.DoubleArrayTest" time="0"/>
  <testcase name="test_lastIndexOf" classname="com.opengamma.strata.collect.array.DoubleArrayTest" time="0"/>
  <testcase name="test_map" classname="com.opengamma.strata.collect.array.DoubleArrayTest" time="0.002"/>
  <testcase name="test_copyOf_array" classname="com.opengamma.strata.collect.array.DoubleMatrixTest" time="0"/>
  <testcase name="test_diagonal" classname="com.opengamma.strata.collect.array.DoubleMatrixTest" time="0.001"/>
  <testcase name="test_equalsHashCode" classname="com.opengamma.strata.collect.array.DoubleMatrixTest" time="0.001"/>
  <testcase name="test_mapWithIndex" classname="com.opengamma.strata.collect.array.DoubleArrayTest" time="0"/>
  <testcase name="test_filled" classname="com.opengamma.strata.collect.array.DoubleMatrixTest" time="0"/>
  <testcase name="checkOffsetsSkipWeekends" classname="com.opengamma.strata.collect.timeseries.DenseLocalDateDoubleTimeSeriesTest" time="0"/>
  <testcase name="test_filled_withValue" classname="com.opengamma.strata.collect.array.DoubleMatrixTest" time="0.001"/>
  <testcase name="test_forEach" classname="com.opengamma.strata.collect.array.DoubleMatrixTest" time="0.001"/>
  <testcase name="test_get" classname="com.opengamma.strata.collect.array.DoubleMatrixTest" time="0.008"/>
  <testcase name="test_identity" classname="com.opengamma.strata.collect.array.DoubleMatrixTest" time="0"/>
  <testcase name="test_map" classname="com.opengamma.strata.collect.array.DoubleMatrixTest" time="0.001"/>
  <testcase name="test_max" classname="com.opengamma.strata.collect.array.DoubleArrayTest" time="0"/>
  <testcase name="test_mapWithIndex" classname="com.opengamma.strata.collect.array.DoubleMatrixTest" time="0"/>
  <testcase name="test_minus" classname="com.opengamma.strata.collect.array.DoubleMatrixTest" time="0"/>
  <testcase name="test_multipliedBy" classname="com.opengamma.strata.collect.array.DoubleMatrixTest" time="0"/>
  <testcase name="test_of" classname="com.opengamma.strata.collect.array.DoubleMatrixTest" time="0"/>
  <testcase name="test_min" classname="com.opengamma.strata.collect.array.DoubleArrayTest" time="0"/>
  <testcase name="test_EMPTY_DOUBLE_ARRAY" classname="com.opengamma.strata.collect.DoubleArrayMathTest" time="0"/>
  <testcase name="test_minus" classname="com.opengamma.strata.collect.array.DoubleArrayTest" time="0"/>
  <testcase name="test_minus_array" classname="com.opengamma.strata.collect.array.DoubleArrayTest" time="0"/>
  <testcase name="test_multipliedBy" classname="com.opengamma.strata.collect.array.DoubleArrayTest" time="0"/>
  <testcase name="partitionByValueEmptySeries" classname="com.opengamma.strata.collect.timeseries.DenseLocalDateDoubleTimeSeriesTest" time="0.006"/>
  <testcase name="test_multipliedBy_array" classname="com.opengamma.strata.collect.array.DoubleArrayTest" time="0"/>
  <testcase name="test_of" classname="com.opengamma.strata.collect.array.DoubleArrayTest" time="0"/>
  <testcase name="test_ofUnsafe" classname="com.opengamma.strata.collect.array.DoubleArrayTest" time="0"/>
  <testcase name="test_ofArrayObjects" classname="com.opengamma.strata.collect.array.DoubleMatrixTest" time="0.002"/>
  <testcase name="test_of_lambda" classname="com.opengamma.strata.collect.array.DoubleArrayTest" time="0"/>
  <testcase name="test_ofArrays" classname="com.opengamma.strata.collect.array.DoubleMatrixTest" time="0.001"/>
  <testcase name="test_EMPTY_DOUBLE_OBJECT_ARRAY" classname="com.opengamma.strata.collect.DoubleArrayMathTest" time="0.002"/>
  <testcase name="test_ofUnsafe" classname="com.opengamma.strata.collect.array.DoubleMatrixTest" time="0"/>
  <testcase name="partitionByValueSeries" classname="com.opengamma.strata.collect.timeseries.DenseLocalDateDoubleTimeSeriesTest" time="0"/>
  <testcase name="test_apply" classname="com.opengamma.strata.collect.DoubleArrayMathTest" time="0"/>
  <testcase name="partitionEmptySeries" classname="com.opengamma.strata.collect.timeseries.DenseLocalDateDoubleTimeSeriesTest" time="0.001"/>
  <testcase name="partitionSeries" classname="com.opengamma.strata.collect.timeseries.DenseLocalDateDoubleTimeSeriesTest" time="0.001"/>
  <testcase name="test_applyAddition" classname="com.opengamma.strata.collect.DoubleArrayMathTest" time="0"/>
  <testcase name="test_applyMultiplication" classname="com.opengamma.strata.collect.DoubleArrayMathTest" time="0"/>
  <testcase name="test_of_stream" classname="com.opengamma.strata.collect.array.DoubleArrayTest" time="0"/>
  <testcase name="test_plus" classname="com.opengamma.strata.collect.array.DoubleArrayTest" time="0.001"/>
  <testcase name="test_plus_array" classname="com.opengamma.strata.collect.array.DoubleArrayTest" time="0"/>
  <testcase name="test_reduce" classname="com.opengamma.strata.collect.array.DoubleArrayTest" time="0.001"/>
  <testcase name="test_of_intintlambda" classname="com.opengamma.strata.collect.array.DoubleMatrixTest" time="0.001"/>
  <testcase name="test_combine" classname="com.opengamma.strata.collect.DoubleArrayMathTest" time="0.003"/>
  <testcase name="test_sorted" classname="com.opengamma.strata.collect.array.DoubleArrayTest" time="0.001"/>
  <testcase name="test_of_values" classname="com.opengamma.strata.collect.array.DoubleMatrixTest" time="0.001"/>
  <testcase name="test_stream" classname="com.opengamma.strata.collect.array.DoubleArrayTest" time="0.001"/>
  <testcase name="test_plus" classname="com.opengamma.strata.collect.array.DoubleMatrixTest" time="0.001"/>
  <testcase name="test_combineByAddition" classname="com.opengamma.strata.collect.DoubleArrayMathTest" time="0"/>
  <testcase name="test_reduce" classname="com.opengamma.strata.collect.array.DoubleMatrixTest" time="0"/>
  <testcase name="test_combineByMultiplication" classname="com.opengamma.strata.collect.DoubleArrayMathTest" time="0.001"/>
  <testcase name="test_subArray_from" classname="com.opengamma.strata.collect.array.DoubleArrayTest" time="0"/>
  <testcase name="test_combineLenient" classname="com.opengamma.strata.collect.DoubleArrayMathTest" time="0"/>
  <testcase name="test_row" classname="com.opengamma.strata.collect.array.DoubleMatrixTest" time="0"/>
  <testcase name="test_fuzzyEquals" classname="com.opengamma.strata.collect.DoubleArrayMathTest" time="0.001"/>
  <testcase name="test_subArray_fromTo" classname="com.opengamma.strata.collect.array.DoubleArrayTest" time="0.001"/>
  <testcase name="test_rowArray" classname="com.opengamma.strata.collect.array.DoubleMatrixTest" time="0.001"/>
  <testcase name="test_sum" classname="com.opengamma.strata.collect.array.DoubleArrayTest" time="0"/>
  <testcase name="test_fuzzyEqualsZero" classname="com.opengamma.strata.collect.DoubleArrayMathTest" time="0"/>
  <testcase name="roundTrip" classname="com.opengamma.strata.collect.timeseries.DenseLocalDateDoubleTimeSeriesTest" time="0"/>
  <testcase name="test_mutate" classname="com.opengamma.strata.collect.DoubleArrayMathTest" time="0.001"/>
  <testcase name="test_toList" classname="com.opengamma.strata.collect.array.DoubleArrayTest" time="0.001"/>
  <testcase name="test_mutateByAddition_byArray" classname="com.opengamma.strata.collect.DoubleArrayMathTest" time="0"/>
  <testcase name="test_mutateByAddition_byArray_sizeDifferent" classname="com.opengamma.strata.collect.DoubleArrayMathTest" time="0.001"/>
  <testcase name="test_toList_iterator" classname="com.opengamma.strata.collect.array.DoubleArrayTest" time="0.001"/>
  <testcase name="test_mutateByAddition_byConstant" classname="com.opengamma.strata.collect.DoubleArrayMathTest" time="0"/>
  <testcase name="test_toString" classname="com.opengamma.strata.collect.array.DoubleMatrixTest" time="0.002"/>
  <testcase name="test_mutateByMultiplication_byArray" classname="com.opengamma.strata.collect.DoubleArrayMathTest" time="0.005"/>
  <testcase name="test_total" classname="com.opengamma.strata.collect.array.DoubleMatrixTest" time="0.005"/>
  <testcase name="test_mutateByMultiplication_byArray_sizeDifferent" classname="com.opengamma.strata.collect.DoubleArrayMathTest" time="0.009"/>
  <testcase name="test_toList_listIterator" classname="com.opengamma.strata.collect.array.DoubleArrayTest" time="0.009"/>
  <testcase name="test_toString" classname="com.opengamma.strata.collect.array.DoubleArrayTest" time="0"/>
  <testcase name="test_mutateByMultiplication_byConstant" classname="com.opengamma.strata.collect.DoubleArrayMathTest" time="0"/>
  <testcase name="test_sortPairs_doubleObject_1" classname="com.opengamma.strata.collect.DoubleArrayMathTest" time="0"/>
  <testcase name="test_with" classname="com.opengamma.strata.collect.array.DoubleArrayTest" time="0"/>
  <testcase name="test_NaN_is_not_allowed" classname="com.opengamma.strata.collect.timeseries.DenseLocalDateDoubleTimeSeriesTest" time="0"/>
  <testcase name="test_sortPairs_doubleObject_2" classname="com.opengamma.strata.collect.DoubleArrayMathTest" time="0"/>
  <testcase name="test_sortPairs_doubleObject_sizeDifferent" classname="com.opengamma.strata.collect.DoubleArrayMathTest" time="0"/>
  <testcase name="test_sortPairs_doubledouble_1" classname="com.opengamma.strata.collect.DoubleArrayMathTest" time="0"/>
  <testcase name="test_sortPairs_doubledouble_2" classname="com.opengamma.strata.collect.DoubleArrayMathTest" time="0"/>
  <testcase name="test_sortPairs_doubledouble_sizeDifferent" classname="com.opengamma.strata.collect.DoubleArrayMathTest" time="0"/>
  <testcase name="coverage" classname="com.opengamma.strata.collect.tuple.DoublesPairTest" time="0"/>
  <testcase name="test_compareTo" classname="com.opengamma.strata.collect.tuple.DoublesPairTest" time="0"/>
  <testcase name="test_equals" classname="com.opengamma.strata.collect.tuple.DoublesPairTest" time="0"/>
  <testcase name="test_with" classname="com.opengamma.strata.collect.array.DoubleMatrixTest" time="0.001"/>
  <testcase name="test_sum" classname="com.opengamma.strata.collect.DoubleArrayMathTest" time="0.001"/>
  <testcase name="toObject" classname="com.opengamma.strata.collect.DoubleArrayMathTest" time="0"/>
  <testcase name="test_format" classname="com.opengamma.strata.collect.named.EnumNamesTest" time="0"/>
  <testcase name="toPrimitive" classname="com.opengamma.strata.collect.DoubleArrayMathTest" time="0"/>
  <testcase name="test_parse_fooBar" classname="com.opengamma.strata.collect.named.EnumNamesTest" time="0"/>
  <testcase name="test_parse_one" classname="com.opengamma.strata.collect.named.EnumNamesTest" time="0"/>
  <testcase name="test_parse_twentyOne" classname="com.opengamma.strata.collect.named.EnumNamesTest" time="0"/>
  <testcase name="test_parse_wooBarWaa" classname="com.opengamma.strata.collect.named.EnumNamesTest" time="0"/>
  <testcase name="test_coverage" classname="com.opengamma.strata.collect.timeseries.DenseLocalDateDoubleTimeSeriesTest" time="0"/>
  <testcase name="test_dateStream" classname="com.opengamma.strata.collect.timeseries.DenseLocalDateDoubleTimeSeriesTest" time="0.001"/>
  <testcase name="test_equals_bad" classname="com.opengamma.strata.collect.tuple.DoublesPairTest" time="0.001"/>
  <testcase name="test_hashCode" classname="com.opengamma.strata.collect.tuple.DoublesPairTest" time="0"/>
  <testcase name="test_earliestLatest" classname="com.opengamma.strata.collect.timeseries.DenseLocalDateDoubleTimeSeriesTest" time="0"/>
  <testcase name="test_constructor_failure" classname="com.opengamma.strata.collect.result.FailureExceptionTest" time="0.002"/>
  <testcase name="test_earliestLatest_whenEmpty" classname="com.opengamma.strata.collect.timeseries.DenseLocalDateDoubleTimeSeriesTest" time="0.011"/>
  <testcase name="test_of_reasonException" classname="com.opengamma.strata.collect.result.FailureItemTest" time="0.011"/>
  <testcase name="test_of_reasonMessage" classname="com.opengamma.strata.collect.result.FailureItemTest" time="0"/>
  <testcase name="test_of_reasonMessageException" classname="com.opengamma.strata.collect.result.FailureItemTest" time="0.001"/>
  <testcase name="test_of_reasonMessageExceptionNestedException" classname="com.opengamma.strata.collect.result.FailureItemTest" time="0.002"/>
  <testcase name="test_of_reasonMessageExceptionNestedExceptionWithAttributes" classname="com.opengamma.strata.collect.result.FailureItemTest" time="0.001"/>
  <testcase name="test_of_reasonMessageShortStackTrace" classname="com.opengamma.strata.collect.result.FailureItemTest" time="0.001"/>
  <testcase name="test_of_reasonMessageWithAttributes" classname="com.opengamma.strata.collect.result.FailureItemTest" time="0.001"/>
  <testcase name="test_withAttributes" classname="com.opengamma.strata.collect.result.FailureItemTest" time="0"/>
  <testcase name="test_earliest_with_subseries" classname="com.opengamma.strata.collect.timeseries.DenseLocalDateDoubleTimeSeriesTest" time="0.002"/>
  <testcase name="test_equals_bad" classname="com.opengamma.strata.collect.timeseries.DenseLocalDateDoubleTimeSeriesTest" time="0"/>
  <testcase name="test_equals_notEqual" classname="com.opengamma.strata.collect.timeseries.DenseLocalDateDoubleTimeSeriesTest" time="0.001"/>
  <testcase name="test_equals_similarSeriesAreEqual" classname="com.opengamma.strata.collect.timeseries.DenseLocalDateDoubleTimeSeriesTest" time="0.001"/>
  <testcase name="coverage" classname="com.opengamma.strata.collect.result.FailureItemsTest" time="0.001"/>
  <testcase name="test_jodaConvert" classname="com.opengamma.strata.collect.tuple.DoublesPairTest" time="0.001"/>
  <testcase name="test_filter_byDate" classname="com.opengamma.strata.collect.timeseries.DenseLocalDateDoubleTimeSeriesTest" time="0.001"/>
  <testcase name="test_filter_byDateAndValue" classname="com.opengamma.strata.collect.timeseries.DenseLocalDateDoubleTimeSeriesTest" time="0.001"/>
  <testcase name="test_filter_byValue" classname="com.opengamma.strata.collect.timeseries.DenseLocalDateDoubleTimeSeriesTest" time="0.009"/>
  <testcase name="test_EMPTY" classname="com.opengamma.strata.collect.result.FailureItemsTest" time="0.009"/>
  <testcase name="test_ofPair" classname="com.opengamma.strata.collect.tuple.DoublesPairTest" time="0"/>
  <testcase name="test_ofPair" classname="com.opengamma.strata.collect.tuple.DoublesPairTest" time="0.001"/>
  <testcase name="test_ofPair" classname="com.opengamma.strata.collect.tuple.DoublesPairTest" time="0"/>
  <testcase name="test_ofPair" classname="com.opengamma.strata.collect.tuple.DoublesPairTest" time="0"/>
  <testcase name="test_builder_add" classname="com.opengamma.strata.collect.result.FailureItemsTest" time="0"/>
  <testcase name="test_of_getters" classname="com.opengamma.strata.collect.tuple.DoublesPairTest" time="0"/>
  <testcase name="test_of_getters" classname="com.opengamma.strata.collect.tuple.DoublesPairTest" time="0"/>
  <testcase name="test_of_getters" classname="com.opengamma.strata.collect.tuple.DoublesPairTest" time="0"/>
  <testcase name="test_of_getters" classname="com.opengamma.strata.collect.tuple.DoublesPairTest" time="0.001"/>
  <testcase name="test_builder_addAll" classname="com.opengamma.strata.collect.result.FailureItemsTest" time="0.001"/>
  <testcase name="test_parse_bad" classname="com.opengamma.strata.collect.tuple.DoublesPairTest" time="0"/>
  <testcase name="test_parse_bad" classname="com.opengamma.strata.collect.tuple.DoublesPairTest" time="0"/>
  <testcase name="test_parse_bad" classname="com.opengamma.strata.collect.tuple.DoublesPairTest" time="0"/>
  <testcase name="test_parse_bad" classname="com.opengamma.strata.collect.tuple.DoublesPairTest" time="0"/>
  <testcase name="test_parse_bad" classname="com.opengamma.strata.collect.tuple.DoublesPairTest" time="0"/>
  <testcase name="test_parse_bad" classname="com.opengamma.strata.collect.tuple.DoublesPairTest" time="0"/>
  <testcase name="test_parse_bad" classname="com.opengamma.strata.collect.tuple.DoublesPairTest" time="0.001"/>
  <testcase name="test_parse_bad" classname="com.opengamma.strata.collect.tuple.DoublesPairTest" time="0"/>
  <testcase name="test_parse_good" classname="com.opengamma.strata.collect.tuple.DoublesPairTest" time="0"/>
  <testcase name="test_parse_good" classname="com.opengamma.strata.collect.tuple.DoublesPairTest" time="0.001"/>
  <testcase name="test_parse_good" classname="com.opengamma.strata.collect.tuple.DoublesPairTest" time="0"/>
  <testcase name="test_parse_good" classname="com.opengamma.strata.collect.tuple.DoublesPairTest" time="0"/>
  <testcase name="test_parse_good" classname="com.opengamma.strata.collect.tuple.DoublesPairTest" time="0"/>
  <testcase name="test_parse_good" classname="com.opengamma.strata.collect.tuple.DoublesPairTest" time="0"/>
  <testcase name="test_forEach" classname="com.opengamma.strata.collect.timeseries.DenseLocalDateDoubleTimeSeriesTest" time="0"/>
  <testcase name="test_of_array" classname="com.opengamma.strata.collect.result.FailureItemsTest" time="0"/>
  <testcase name="test_headSeries" classname="com.opengamma.strata.collect.timeseries.DenseLocalDateDoubleTimeSeriesTest" time="0"/>
  <testcase name="test_headSeries" classname="com.opengamma.strata.collect.timeseries.DenseLocalDateDoubleTimeSeriesTest" time="0.01"/>
  <testcase name="test_headSeries" classname="com.opengamma.strata.collect.timeseries.DenseLocalDateDoubleTimeSeriesTest" time="0.001"/>
  <testcase name="test_headSeries" classname="com.opengamma.strata.collect.timeseries.DenseLocalDateDoubleTimeSeriesTest" time="0"/>
  <testcase name="test_headSeries" classname="com.opengamma.strata.collect.timeseries.DenseLocalDateDoubleTimeSeriesTest" time="0"/>
  <testcase name="test_headSeries" classname="com.opengamma.strata.collect.timeseries.DenseLocalDateDoubleTimeSeriesTest" time="0.001"/>
  <testcase name="test_headSeries" classname="com.opengamma.strata.collect.timeseries.DenseLocalDateDoubleTimeSeriesTest" time="0.007"/>
  <testcase name="test_of_list" classname="com.opengamma.strata.collect.result.FailureItemsTest" time="0.001"/>
  <testcase name="test_enum_SampleNamed" classname="com.opengamma.strata.collect.named.ExtendedEnumTest" time="0.001"/>
  <testcase name="test_headSeries_emptySeries" classname="com.opengamma.strata.collect.timeseries.DenseLocalDateDoubleTimeSeriesTest" time="0"/>
  <testcase name="test_headSeries_emptySeries" classname="com.opengamma.strata.collect.timeseries.DenseLocalDateDoubleTimeSeriesTest" time="0"/>
  <testcase name="test_headSeries_emptySeries" classname="com.opengamma.strata.collect.timeseries.DenseLocalDateDoubleTimeSeriesTest" time="0"/>
  <testcase name="test_headSeries_emptySeries" classname="com.opengamma.strata.collect.timeseries.DenseLocalDateDoubleTimeSeriesTest" time="0"/>
  <testcase name="test_headSeries_emptySeries" classname="com.opengamma.strata.collect.timeseries.DenseLocalDateDoubleTimeSeriesTest" time="0"/>
  <testcase name="test_headSeries_emptySeries" classname="com.opengamma.strata.collect.timeseries.DenseLocalDateDoubleTimeSeriesTest" time="0.001"/>
  <testcase name="test_headSeries_emptySeries" classname="com.opengamma.strata.collect.timeseries.DenseLocalDateDoubleTimeSeriesTest" time="0"/>
  <testcase name="test_serialization" classname="com.opengamma.strata.collect.tuple.DoublesPairTest" time="0"/>
  <testcase name="test_headSeries_negative" classname="com.opengamma.strata.collect.timeseries.DenseLocalDateDoubleTimeSeriesTest" time="0.001"/>
  <testcase name="test_immutableValuesViaBeanGet" classname="com.opengamma.strata.collect.timeseries.DenseLocalDateDoubleTimeSeriesTest" time="0.002"/>
  <testcase name="test_sizeElements" classname="com.opengamma.strata.collect.tuple.DoublesPairTest" time="0"/>
  <testcase name="test_sizeElements" classname="com.opengamma.strata.collect.tuple.DoublesPairTest" time="0.001"/>
  <testcase name="test_sizeElements" classname="com.opengamma.strata.collect.tuple.DoublesPairTest" time="0"/>
  <testcase name="test_sizeElements" classname="com.opengamma.strata.collect.tuple.DoublesPairTest" time="0.001"/>
  <testcase name="test_toPair" classname="com.opengamma.strata.collect.tuple.DoublesPairTest" time="0"/>
  <testcase name="test_toPair" classname="com.opengamma.strata.collect.tuple.DoublesPairTest" time="0.005"/>
  <testcase name="test_toPair" classname="com.opengamma.strata.collect.tuple.DoublesPairTest" time="0"/>
  <testcase name="test_toPair" classname="com.opengamma.strata.collect.tuple.DoublesPairTest" time="0"/>
  <testcase name="test_immutableViaBeanBuilder" classname="com.opengamma.strata.collect.timeseries.DenseLocalDateDoubleTimeSeriesTest" time="0"/>
  <testcase name="test_serialization" classname="com.opengamma.strata.collect.result.FailureItemsTest" time="0.001"/>
  <testcase name="test_intersection_withAllMatchingElements" classname="com.opengamma.strata.collect.timeseries.DenseLocalDateDoubleTimeSeriesTest" time="0.005"/>
  <testcase name="test_toString" classname="com.opengamma.strata.collect.tuple.DoublesPairTest" time="0"/>
  <testcase name="test_toString" classname="com.opengamma.strata.collect.tuple.DoublesPairTest" time="0"/>
  <testcase name="test_toString" classname="com.opengamma.strata.collect.tuple.DoublesPairTest" time="0"/>
  <testcase name="test_toString" classname="com.opengamma.strata.collect.tuple.DoublesPairTest" time="0"/>
  <testcase name="test_enum_SampleNamed_externals" classname="com.opengamma.strata.collect.named.ExtendedEnumTest" time="0"/>
  <testcase name="test_intersection_withNoMatchingElements" classname="com.opengamma.strata.collect.timeseries.DenseLocalDateDoubleTimeSeriesTest" time="0"/>
  <testcase name="test_intersection_withSomeMatchingElements" classname="com.opengamma.strata.collect.timeseries.DenseLocalDateDoubleTimeSeriesTest" time="0.001"/>
  <testcase name="test_intersection_withSomeMatchingElements2" classname="com.opengamma.strata.collect.timeseries.DenseLocalDateDoubleTimeSeriesTest" time="0.001"/>
  <testcase name="coverage" classname="com.opengamma.strata.collect.result.FailureReasonTest" time="0.001"/>
  <testcase name="test_jodaConvert" classname="com.opengamma.strata.collect.result.FailureReasonTest" time="0.006"/>
  <testcase name="test_of_lookup" classname="com.opengamma.strata.collect.result.FailureReasonTest" time="0.001"/>
  <testcase name="test_of_lookup" classname="com.opengamma.strata.collect.result.FailureReasonTest" time="0"/>
  <testcase name="test_of_lookup" classname="com.opengamma.strata.collect.result.FailureReasonTest" time="0.001"/>
  <testcase name="test_of_lookup" classname="com.opengamma.strata.collect.result.FailureReasonTest" time="0"/>
  <testcase name="test_of_lookup" classname="com.opengamma.strata.collect.result.FailureReasonTest" time="0"/>
  <testcase name="test_of_lookup" classname="com.opengamma.strata.collect.result.FailureReasonTest" time="0.001"/>
  <testcase name="test_of_lookup" classname="com.opengamma.strata.collect.result.FailureReasonTest" time="0"/>
  <testcase name="test_of_lookup" classname="com.opengamma.strata.collect.result.FailureReasonTest" time="0.001"/>
  <testcase name="test_of_lookup" classname="com.opengamma.strata.collect.result.FailureReasonTest" time="0"/>
  <testcase name="test_of_lookup" classname="com.opengamma.strata.collect.result.FailureReasonTest" time="0.001"/>
  <testcase name="test_enum_SampleOther" classname="com.opengamma.strata.collect.named.ExtendedEnumTest" time="0"/>
  <testcase name="test_of_lookupLowerCase" classname="com.opengamma.strata.collect.result.FailureReasonTest" time="0.001"/>
  <testcase name="test_of_lookupLowerCase" classname="com.opengamma.strata.collect.result.FailureReasonTest" time="0"/>
  <testcase name="test_of_lookupLowerCase" classname="com.opengamma.strata.collect.result.FailureReasonTest" time="0.001"/>
  <testcase name="test_of_lookupLowerCase" classname="com.opengamma.strata.collect.result.FailureReasonTest" time="0"/>
  <testcase name="test_of_lookupLowerCase" classname="com.opengamma.strata.collect.result.FailureReasonTest" time="0.001"/>
  <testcase name="test_of_lookupLowerCase" classname="com.opengamma.strata.collect.result.FailureReasonTest" time="0"/>
  <testcase name="test_of_lookupLowerCase" classname="com.opengamma.strata.collect.result.FailureReasonTest" time="0"/>
  <testcase name="test_of_lookupLowerCase" classname="com.opengamma.strata.collect.result.FailureReasonTest" time="0.002"/>
  <testcase name="test_of_lookupLowerCase" classname="com.opengamma.strata.collect.result.FailureReasonTest" time="0.002"/>
  <testcase name="test_of_lookupLowerCase" classname="com.opengamma.strata.collect.result.FailureReasonTest" time="0.002"/>
  <testcase name="test_mapDates" classname="com.opengamma.strata.collect.timeseries.DenseLocalDateDoubleTimeSeriesTest" time="0.003"/>
  <testcase name="test_mapDates_notAscending" classname="com.opengamma.strata.collect.timeseries.DenseLocalDateDoubleTimeSeriesTest" time="0.002"/>
  <testcase name="test_mapValues_addConstantToSeries" classname="com.opengamma.strata.collect.timeseries.DenseLocalDateDoubleTimeSeriesTest" time="0.001"/>
  <testcase name="test_mapValues_invertSeries" classname="com.opengamma.strata.collect.timeseries.DenseLocalDateDoubleTimeSeriesTest" time="0.002"/>
  <testcase name="test_mapValues_multiplySeries" classname="com.opengamma.strata.collect.timeseries.DenseLocalDateDoubleTimeSeriesTest" time="0.002"/>
  <testcase name="test_of_lookupUpperCase" classname="com.opengamma.strata.collect.result.FailureReasonTest" time="0.001"/>
  <testcase name="test_of_lookupUpperCase" classname="com.opengamma.strata.collect.result.FailureReasonTest" time="0"/>
  <testcase name="test_of_lookupUpperCase" classname="com.opengamma.strata.collect.result.FailureReasonTest" time="0"/>
  <testcase name="test_of_lookupUpperCase" classname="com.opengamma.strata.collect.result.FailureReasonTest" time="0"/>
  <testcase name="test_of_lookupUpperCase" classname="com.opengamma.strata.collect.result.FailureReasonTest" time="0"/>
  <testcase name="test_of_lookupUpperCase" classname="com.opengamma.strata.collect.result.FailureReasonTest" time="0"/>
  <testcase name="test_of_lookupUpperCase" classname="com.opengamma.strata.collect.result.FailureReasonTest" time="0"/>
  <testcase name="test_of_lookupUpperCase" classname="com.opengamma.strata.collect.result.FailureReasonTest" time="0"/>
  <testcase name="test_of_lookupUpperCase" classname="com.opengamma.strata.collect.result.FailureReasonTest" time="0"/>
  <testcase name="test_of_lookupUpperCase" classname="com.opengamma.strata.collect.result.FailureReasonTest" time="0"/>
  <testcase name="test_of_collection" classname="com.opengamma.strata.collect.timeseries.DenseLocalDateDoubleTimeSeriesTest" time="0"/>
  <testcase name="test_of_collectionCollection" classname="com.opengamma.strata.collect.timeseries.DenseLocalDateDoubleTimeSeriesTest" time="0"/>
  <testcase name="test_combineFuturesAsList" classname="com.opengamma.strata.collect.GuavateTest" time="0"/>
  <testcase name="test_of_collectionCollection_collectionsOfDifferentSize" classname="com.opengamma.strata.collect.timeseries.DenseLocalDateDoubleTimeSeriesTest" time="0"/>
  <testcase name="test_of_collectionCollection_dateCollectionNull" classname="com.opengamma.strata.collect.timeseries.DenseLocalDateDoubleTimeSeriesTest" time="0"/>
  <testcase name="test_of_collectionCollection_dateCollectionWithNull" classname="com.opengamma.strata.collect.timeseries.DenseLocalDateDoubleTimeSeriesTest" time="0.001"/>
  <testcase name="test_of_collectionCollection_datesUnordered" classname="com.opengamma.strata.collect.timeseries.DenseLocalDateDoubleTimeSeriesTest" time="0"/>
  <testcase name="test_of_collectionCollection_valueCollectionNull" classname="com.opengamma.strata.collect.timeseries.DenseLocalDateDoubleTimeSeriesTest" time="0.001"/>
  <testcase name="test_of_collectionCollection_valueCollectionWithNull" classname="com.opengamma.strata.collect.timeseries.DenseLocalDateDoubleTimeSeriesTest" time="0"/>
  <testcase name="test_combineFuturesAsList_exception" classname="com.opengamma.strata.collect.GuavateTest" time="0"/>
  <testcase name="test_of_lookup_notFound" classname="com.opengamma.strata.collect.result.FailureReasonTest" time="0"/>
  <testcase name="test_of_collection_collectionNull" classname="com.opengamma.strata.collect.timeseries.DenseLocalDateDoubleTimeSeriesTest" time="0"/>
  <testcase name="test_of_lookup_null" classname="com.opengamma.strata.collect.result.FailureReasonTest" time="0"/>
  <testcase name="test_of_collection_collectionWithNull" classname="com.opengamma.strata.collect.timeseries.DenseLocalDateDoubleTimeSeriesTest" time="0"/>
  <testcase name="test_of_collection_empty" classname="com.opengamma.strata.collect.timeseries.DenseLocalDateDoubleTimeSeriesTest" time="0"/>
  <testcase name="test_serialization" classname="com.opengamma.strata.collect.result.FailureReasonTest" time="0"/>
  <testcase name="test_toString" classname="com.opengamma.strata.collect.result.FailureReasonTest" time="0"/>
  <testcase name="test_toString" classname="com.opengamma.strata.collect.result.FailureReasonTest" time="0"/>
  <testcase name="test_toString" classname="com.opengamma.strata.collect.result.FailureReasonTest" time="0"/>
  <testcase name="test_toString" classname="com.opengamma.strata.collect.result.FailureReasonTest" time="0"/>
  <testcase name="test_toString" classname="com.opengamma.strata.collect.result.FailureReasonTest" time="0"/>
  <testcase name="test_toString" classname="com.opengamma.strata.collect.result.FailureReasonTest" time="0"/>
  <testcase name="test_toString" classname="com.opengamma.strata.collect.result.FailureReasonTest" time="0"/>
  <testcase name="test_toString" classname="com.opengamma.strata.collect.result.FailureReasonTest" time="0"/>
  <testcase name="test_toString" classname="com.opengamma.strata.collect.result.FailureReasonTest" time="0.001"/>
  <testcase name="test_toString" classname="com.opengamma.strata.collect.result.FailureReasonTest" time="0"/>
  <testcase name="test_of_map" classname="com.opengamma.strata.collect.timeseries.DenseLocalDateDoubleTimeSeriesTest" time="0"/>
  <testcase name="test_of_map_dateNull" classname="com.opengamma.strata.collect.timeseries.DenseLocalDateDoubleTimeSeriesTest" time="0"/>
  <testcase name="test_of_map_empty" classname="com.opengamma.strata.collect.timeseries.DenseLocalDateDoubleTimeSeriesTest" time="0.001"/>
  <testcase name="test_of_map_null" classname="com.opengamma.strata.collect.timeseries.DenseLocalDateDoubleTimeSeriesTest" time="0.002"/>
  <testcase name="test_of_map_valueNull" classname="com.opengamma.strata.collect.timeseries.DenseLocalDateDoubleTimeSeriesTest" time="0"/>
  <testcase name="test_combineFuturesAsMap" classname="com.opengamma.strata.collect.GuavateTest" time="0.002"/>
  <testcase name="test_combineFuturesAsMap_exception" classname="com.opengamma.strata.collect.GuavateTest" time="0.001"/>
  <testcase name="test_of_singleton" classname="com.opengamma.strata.collect.timeseries.DenseLocalDateDoubleTimeSeriesTest" time="0.004"/>
  <testcase name="test_of_singleton_nullDateDisallowed" classname="com.opengamma.strata.collect.timeseries.DenseLocalDateDoubleTimeSeriesTest" time="0"/>
  <testcase name="test_stream" classname="com.opengamma.strata.collect.timeseries.DenseLocalDateDoubleTimeSeriesTest" time="0.001"/>
  <testcase name="test_stream_withCollector" classname="com.opengamma.strata.collect.timeseries.DenseLocalDateDoubleTimeSeriesTest" time="0.001"/>
  <testcase name="test_subSeries" classname="com.opengamma.strata.collect.timeseries.DenseLocalDateDoubleTimeSeriesTest" time="0"/>
  <testcase name="test_subSeries" classname="com.opengamma.strata.collect.timeseries.DenseLocalDateDoubleTimeSeriesTest" time="0.004"/>
  <testcase name="test_subSeries" classname="com.opengamma.strata.collect.timeseries.DenseLocalDateDoubleTimeSeriesTest" time="0"/>
  <testcase name="test_subSeries" classname="com.opengamma.strata.collect.timeseries.DenseLocalDateDoubleTimeSeriesTest" time="0"/>
  <testcase name="test_subSeries" classname="com.opengamma.strata.collect.timeseries.DenseLocalDateDoubleTimeSeriesTest" time="0.002"/>
  <testcase name="test_subSeries" classname="com.opengamma.strata.collect.timeseries.DenseLocalDateDoubleTimeSeriesTest" time="0"/>
  <testcase name="test_concatToList" classname="com.opengamma.strata.collect.GuavateTest" time="0.004"/>
  <testcase name="test_ensureOnlyOne" classname="com.opengamma.strata.collect.GuavateTest" time="0"/>
  <testcase name="test_firstNonEmpty_optionalMatch1" classname="com.opengamma.strata.collect.GuavateTest" time="0"/>
  <testcase name="test_firstNonEmpty_optionalMatch2" classname="com.opengamma.strata.collect.GuavateTest" time="0"/>
  <testcase name="test_firstNonEmpty_optionalMatchNone" classname="com.opengamma.strata.collect.GuavateTest" time="0"/>
  <testcase name="test_firstNonEmpty_supplierMatch1" classname="com.opengamma.strata.collect.GuavateTest" time="0.004"/>
  <testcase name="test_subSeries_emptySeries" classname="com.opengamma.strata.collect.timeseries.DenseLocalDateDoubleTimeSeriesTest" time="0"/>
  <testcase name="test_subSeries_emptySeries" classname="com.opengamma.strata.collect.timeseries.DenseLocalDateDoubleTimeSeriesTest" time="0"/>
  <testcase name="test_subSeries_emptySeries" classname="com.opengamma.strata.collect.timeseries.DenseLocalDateDoubleTimeSeriesTest" time="0"/>
  <testcase name="test_subSeries_emptySeries" classname="com.opengamma.strata.collect.timeseries.DenseLocalDateDoubleTimeSeriesTest" time="0"/>
  <testcase name="test_subSeries_emptySeries" classname="com.opengamma.strata.collect.timeseries.DenseLocalDateDoubleTimeSeriesTest" time="0.001"/>
  <testcase name="test_subSeries_emptySeries" classname="com.opengamma.strata.collect.timeseries.DenseLocalDateDoubleTimeSeriesTest" time="0.001"/>
  <testcase name="test_firstNonEmpty_supplierMatch2" classname="com.opengamma.strata.collect.GuavateTest" time="0"/>
  <testcase name="test_equalsHashCode" classname="com.opengamma.strata.collect.io.IniFileTest" time="0.004"/>
  <testcase name="test_equalsHashCode_section" classname="com.opengamma.strata.collect.io.IniFileTest" time="0.001"/>
  <testcase name="test_firstNonEmpty_supplierMatchNone" classname="com.opengamma.strata.collect.GuavateTest" time="0.001"/>
  <testcase name="test_mapEntriesToImmutableMap" classname="com.opengamma.strata.collect.GuavateTest" time="0.003"/>
  <testcase name="test_not_Predicate" classname="com.opengamma.strata.collect.GuavateTest" time="0.001"/>
  <testcase name="test_of_escaping" classname="com.opengamma.strata.collect.io.IniFileTest" time="0.006"/>
  <testcase name="test_enum_invalid" classname="com.opengamma.strata.collect.named.ExtendedEnumTest" time="0.006"/>
  <testcase name="test_subSeries_picks_valid_dates" classname="com.opengamma.strata.collect.timeseries.DenseLocalDateDoubleTimeSeriesTest" time="0.006"/>
  <testcase name="test_of_invalid_badSection" classname="com.opengamma.strata.collect.io.IniFileTest" time="0.001"/>
  <testcase name="test_of_invalid_duplicateSection" classname="com.opengamma.strata.collect.io.IniFileTest" time="0"/>
  <testcase name="test_subSeries_startAfterEnd" classname="com.opengamma.strata.collect.timeseries.DenseLocalDateDoubleTimeSeriesTest" time="0"/>
  <testcase name="test_tailSeries" classname="com.opengamma.strata.collect.timeseries.DenseLocalDateDoubleTimeSeriesTest" time="0"/>
  <testcase name="test_tailSeries" classname="com.opengamma.strata.collect.timeseries.DenseLocalDateDoubleTimeSeriesTest" time="0.003"/>
  <testcase name="test_tailSeries" classname="com.opengamma.strata.collect.timeseries.DenseLocalDateDoubleTimeSeriesTest" time="0"/>
  <testcase name="test_tailSeries" classname="com.opengamma.strata.collect.timeseries.DenseLocalDateDoubleTimeSeriesTest" time="0"/>
  <testcase name="test_tailSeries" classname="com.opengamma.strata.collect.timeseries.DenseLocalDateDoubleTimeSeriesTest" time="0.002"/>
  <testcase name="test_tailSeries" classname="com.opengamma.strata.collect.timeseries.DenseLocalDateDoubleTimeSeriesTest" time="0.001"/>
  <testcase name="test_tailSeries" classname="com.opengamma.strata.collect.timeseries.DenseLocalDateDoubleTimeSeriesTest" time="0"/>
  <testcase name="test_of_invalid_emptyKey" classname="com.opengamma.strata.collect.io.IniFileTest" time="0"/>
  <testcase name="test_of_invalid_propertyAtStart" classname="com.opengamma.strata.collect.io.IniFileTest" time="0"/>
  <testcase name="test_of_ioException" classname="com.opengamma.strata.collect.io.IniFileTest" time="0"/>
  <testcase name="test_pairsToImmutableMap" classname="com.opengamma.strata.collect.GuavateTest" time="0.001"/>
  <testcase name="test_of_list" classname="com.opengamma.strata.collect.io.IniFileTest" time="0.002"/>
  <testcase name="test_enum_lenient" classname="com.opengamma.strata.collect.named.ExtendedEnumTest" time="0.002"/>
  <testcase name="test_of_noLists" classname="com.opengamma.strata.collect.io.IniFileTest" time="0"/>
  <testcase name="test_of_propertyNoEquals" classname="com.opengamma.strata.collect.io.IniFileTest" time="0"/>
  <testcase name="test_tailSeries_emptySeries" classname="com.opengamma.strata.collect.timeseries.DenseLocalDateDoubleTimeSeriesTest" time="0"/>
  <testcase name="test_tailSeries_emptySeries" classname="com.opengamma.strata.collect.timeseries.DenseLocalDateDoubleTimeSeriesTest" time="0"/>
  <testcase name="test_tailSeries_emptySeries" classname="com.opengamma.strata.collect.timeseries.DenseLocalDateDoubleTimeSeriesTest" time="0.001"/>
  <testcase name="test_tailSeries_emptySeries" classname="com.opengamma.strata.collect.timeseries.DenseLocalDateDoubleTimeSeriesTest" time="0"/>
  <testcase name="test_tailSeries_emptySeries" classname="com.opengamma.strata.collect.timeseries.DenseLocalDateDoubleTimeSeriesTest" time="0"/>
  <testcase name="test_tailSeries_emptySeries" classname="com.opengamma.strata.collect.timeseries.DenseLocalDateDoubleTimeSeriesTest" time="0"/>
  <testcase name="test_tailSeries_emptySeries" classname="com.opengamma.strata.collect.timeseries.DenseLocalDateDoubleTimeSeriesTest" time="0"/>
  <testcase name="coverage" classname="com.opengamma.strata.collect.tuple.IntDoublePairTest" time="0.005"/>
  <testcase name="test_compareTo" classname="com.opengamma.strata.collect.tuple.IntDoublePairTest" time="0"/>
  <testcase name="test_equals" classname="com.opengamma.strata.collect.tuple.IntDoublePairTest" time="0"/>
  <testcase name="test_equals_bad" classname="com.opengamma.strata.collect.tuple.IntDoublePairTest" time="0.005"/>
  <testcase name="coverage" classname="com.opengamma.strata.collect.array.IntArrayTest" time="0.005"/>
  <testcase name="test_EMPTY" classname="com.opengamma.strata.collect.array.IntArrayTest" time="0"/>
  <testcase name="test_combine" classname="com.opengamma.strata.collect.array.IntArrayTest" time="0.002"/>
  <testcase name="test_combineReduce" classname="com.opengamma.strata.collect.array.IntArrayTest" time="0.002"/>
  <testcase name="test_concat_object" classname="com.opengamma.strata.collect.array.IntArrayTest" time="0"/>
  <testcase name="test_concat_varargs" classname="com.opengamma.strata.collect.array.IntArrayTest" time="0.001"/>
  <testcase name="test_tailSeries_negative" classname="com.opengamma.strata.collect.timeseries.DenseLocalDateDoubleTimeSeriesTest" time="0"/>
  <testcase name="test_hashCode" classname="com.opengamma.strata.collect.tuple.IntDoublePairTest" time="0"/>
  <testcase name="test_union_withMatchingElements" classname="com.opengamma.strata.collect.timeseries.DenseLocalDateDoubleTimeSeriesTest" time="0.003"/>
  <testcase name="test_union_withNoMatchingElements" classname="com.opengamma.strata.collect.timeseries.DenseLocalDateDoubleTimeSeriesTest" time="0.001"/>
  <testcase name="test_valueStream" classname="com.opengamma.strata.collect.timeseries.DenseLocalDateDoubleTimeSeriesTest" time="0"/>
  <testcase name="underOneWeekNoWeekend" classname="com.opengamma.strata.collect.timeseries.DenseLocalDateDoubleTimeSeriesTest" time="0.001"/>
  <testcase name="underOneWeekWithWeekend" classname="com.opengamma.strata.collect.timeseries.DenseLocalDateDoubleTimeSeriesTest" time="0.001"/>
  <testcase name="test_contains" classname="com.opengamma.strata.collect.array.IntArrayTest" time="0"/>
  <testcase name="test_copyInto" classname="com.opengamma.strata.collect.array.IntArrayTest" time="0.002"/>
  <testcase name="test_jodaConvert" classname="com.opengamma.strata.collect.tuple.IntDoublePairTest" time="0.001"/>
  <testcase name="test_ofPair" classname="com.opengamma.strata.collect.tuple.IntDoublePairTest" time="0.001"/>
  <testcase name="test_ofPair" classname="com.opengamma.strata.collect.tuple.IntDoublePairTest" time="0"/>
  <testcase name="test_ofPair" classname="com.opengamma.strata.collect.tuple.IntDoublePairTest" time="0"/>
  <testcase name="test_ofPair" classname="com.opengamma.strata.collect.tuple.IntDoublePairTest" time="0"/>
  <testcase name="test_of_getters" classname="com.opengamma.strata.collect.tuple.IntDoublePairTest" time="0"/>
  <testcase name="test_of_getters" classname="com.opengamma.strata.collect.tuple.IntDoublePairTest" time="0"/>
  <testcase name="test_of_getters" classname="com.opengamma.strata.collect.tuple.IntDoublePairTest" time="0"/>
  <testcase name="test_of_getters" classname="com.opengamma.strata.collect.tuple.IntDoublePairTest" time="0"/>
  <testcase name="test_copyOf_List" classname="com.opengamma.strata.collect.array.IntArrayTest" time="0"/>
  <testcase name="test_copyOf_array" classname="com.opengamma.strata.collect.array.IntArrayTest" time="0"/>
  <testcase name="test_copyOf_array_fromIndex" classname="com.opengamma.strata.collect.array.IntArrayTest" time="0.002"/>
  <testcase name="test_compareTo" classname="com.opengamma.strata.collect.timeseries.LocalDateDoublePointTest" time="0"/>
  <testcase name="test_equalsBad" classname="com.opengamma.strata.collect.timeseries.LocalDateDoublePointTest" time="0"/>
  <testcase name="test_equalsHashCode_differentDates" classname="com.opengamma.strata.collect.timeseries.LocalDateDoublePointTest" time="0.001"/>
  <testcase name="test_equalsHashCode_differentValues" classname="com.opengamma.strata.collect.timeseries.LocalDateDoublePointTest" time="0"/>
  <testcase name="test_of" classname="com.opengamma.strata.collect.timeseries.LocalDateDoublePointTest" time="0"/>
  <testcase name="test_parse_bad" classname="com.opengamma.strata.collect.tuple.IntDoublePairTest" time="0"/>
  <testcase name="test_parse_bad" classname="com.opengamma.strata.collect.tuple.IntDoublePairTest" time="0"/>
  <testcase name="test_parse_bad" classname="com.opengamma.strata.collect.tuple.IntDoublePairTest" time="0.001"/>
  <testcase name="test_parse_bad" classname="com.opengamma.strata.collect.tuple.IntDoublePairTest" time="0"/>
  <testcase name="test_parse_bad" classname="com.opengamma.strata.collect.tuple.IntDoublePairTest" time="0"/>
  <testcase name="test_parse_bad" classname="com.opengamma.strata.collect.tuple.IntDoublePairTest" time="0"/>
  <testcase name="test_parse_bad" classname="com.opengamma.strata.collect.tuple.IntDoublePairTest" time="0"/>
  <testcase name="test_parse_bad" classname="com.opengamma.strata.collect.tuple.IntDoublePairTest" time="0"/>
  <testcase name="test_copyOf_array_fromToIndex" classname="com.opengamma.strata.collect.array.IntArrayTest" time="0"/>
  <testcase name="test_dividedBy" classname="com.opengamma.strata.collect.array.IntArrayTest" time="0"/>
  <testcase name="test_dividedBy_array" classname="com.opengamma.strata.collect.array.IntArrayTest" time="0.001"/>
  <testcase name="test_of_nullDate" classname="com.opengamma.strata.collect.timeseries.LocalDateDoublePointTest" time="0.001"/>
  <testcase name="test_parse_good" classname="com.opengamma.strata.collect.tuple.IntDoublePairTest" time="0"/>
  <testcase name="test_parse_good" classname="com.opengamma.strata.collect.tuple.IntDoublePairTest" time="0"/>
  <testcase name="test_parse_good" classname="com.opengamma.strata.collect.tuple.IntDoublePairTest" time="0.001"/>
  <testcase name="test_parse_good" classname="com.opengamma.strata.collect.tuple.IntDoublePairTest" time="0"/>
  <testcase name="test_parse_good" classname="com.opengamma.strata.collect.tuple.IntDoublePairTest" time="0"/>
  <testcase name="test_parse_good" classname="com.opengamma.strata.collect.tuple.IntDoublePairTest" time="0.001"/>
  <testcase name="test_toString" classname="com.opengamma.strata.collect.timeseries.LocalDateDoublePointTest" time="0"/>
  <testcase name="test_withDate" classname="com.opengamma.strata.collect.timeseries.LocalDateDoublePointTest" time="0.001"/>
  <testcase name="test_equalsHashCode" classname="com.opengamma.strata.collect.array.IntArrayTest" time="0.001"/>
  <testcase name="test_filled" classname="com.opengamma.strata.collect.array.IntArrayTest" time="0"/>
  <testcase name="test_filled_withValue" classname="com.opengamma.strata.collect.array.IntArrayTest" time="0"/>
  <testcase name="test_withDate_nullDate" classname="com.opengamma.strata.collect.timeseries.LocalDateDoublePointTest" time="0.001"/>
  <testcase name="test_withValue" classname="com.opengamma.strata.collect.timeseries.LocalDateDoublePointTest" time="0"/>
  <testcase name="densityChoosesImplementation" classname="com.opengamma.strata.collect.timeseries.LocalDateDoubleTimeSeriesBuilderTest" time="0.001"/>
  <testcase name="test_buildEmptySeries" classname="com.opengamma.strata.collect.timeseries.LocalDateDoubleTimeSeriesBuilderTest" time="0"/>
  <testcase name="test_duplicatesGetOverwritten" classname="com.opengamma.strata.collect.timeseries.LocalDateDoubleTimeSeriesBuilderTest" time="0.001"/>
  <testcase name="test_get" classname="com.opengamma.strata.collect.timeseries.LocalDateDoubleTimeSeriesBuilderTest" time="0.001"/>
  <testcase name="test_serialization" classname="com.opengamma.strata.collect.tuple.IntDoublePairTest" time="0.001"/>
  <testcase name="test_sizeElements" classname="com.opengamma.strata.collect.tuple.IntDoublePairTest" time="0"/>
  <testcase name="test_sizeElements" classname="com.opengamma.strata.collect.tuple.IntDoublePairTest" time="0"/>
  <testcase name="test_sizeElements" classname="com.opengamma.strata.collect.tuple.IntDoublePairTest" time="0"/>
  <testcase name="test_sizeElements" classname="com.opengamma.strata.collect.tuple.IntDoublePairTest" time="0"/>
  <testcase name="test_toPair" classname="com.opengamma.strata.collect.tuple.IntDoublePairTest" time="0.002"/>
  <testcase name="test_toPair" classname="com.opengamma.strata.collect.tuple.IntDoublePairTest" time="0"/>
  <testcase name="test_toPair" classname="com.opengamma.strata.collect.tuple.IntDoublePairTest" time="0"/>
  <testcase name="test_toPair" classname="com.opengamma.strata.collect.tuple.IntDoublePairTest" time="0"/>
  <testcase name="test_toString" classname="com.opengamma.strata.collect.tuple.IntDoublePairTest" time="0"/>
  <testcase name="test_toString" classname="com.opengamma.strata.collect.tuple.IntDoublePairTest" time="0"/>
  <testcase name="test_toString" classname="com.opengamma.strata.collect.tuple.IntDoublePairTest" time="0.001"/>
  <testcase name="test_toString" classname="com.opengamma.strata.collect.tuple.IntDoublePairTest" time="0"/>
  <testcase name="test_forEach" classname="com.opengamma.strata.collect.array.IntArrayTest" time="0"/>
  <testcase name="test_get" classname="com.opengamma.strata.collect.array.IntArrayTest" time="0.001"/>
  <testcase name="test_indexOf" classname="com.opengamma.strata.collect.array.IntArrayTest" time="0"/>
  <testcase name="test_lastIndexOf" classname="com.opengamma.strata.collect.array.IntArrayTest" time="0"/>
  <testcase name="test_map" classname="com.opengamma.strata.collect.array.IntArrayTest" time="0.001"/>
  <testcase name="test_merge_dateValue" classname="com.opengamma.strata.collect.timeseries.LocalDateDoubleTimeSeriesBuilderTest" time="0"/>
  <testcase name="test_merge_point" classname="com.opengamma.strata.collect.timeseries.LocalDateDoubleTimeSeriesBuilderTest" time="0.001"/>
  <testcase name="test_putAll_collection_array" classname="com.opengamma.strata.collect.timeseries.LocalDateDoubleTimeSeriesBuilderTest" time="0"/>
  <testcase name="test_putAll_collections" classname="com.opengamma.strata.collect.timeseries.LocalDateDoubleTimeSeriesBuilderTest" time="0.001"/>
  <testcase name="test_putAll_collectionsMismatch" classname="com.opengamma.strata.collect.timeseries.LocalDateDoubleTimeSeriesBuilderTest" time="0.001"/>
  <testcase name="test_putAll_stream" classname="com.opengamma.strata.collect.timeseries.LocalDateDoubleTimeSeriesBuilderTest" time="0.001"/>
  <testcase name="test_putAll_toBuilder" classname="com.opengamma.strata.collect.timeseries.LocalDateDoubleTimeSeriesBuilderTest" time="0.001"/>
  <testcase name="coverage" classname="com.opengamma.strata.collect.tuple.LongDoublePairTest" time="0.005"/>
  <testcase name="test_mapWithIndex" classname="com.opengamma.strata.collect.array.IntArrayTest" time="0.005"/>
  <testcase name="test_max" classname="com.opengamma.strata.collect.array.IntArrayTest" time="0.001"/>
  <testcase name="test_min" classname="com.opengamma.strata.collect.array.IntArrayTest" time="0.001"/>
  <testcase name="test_minus" classname="com.opengamma.strata.collect.array.IntArrayTest" time="0.001"/>
  <testcase name="test_minus_array" classname="com.opengamma.strata.collect.array.IntArrayTest" time="0.001"/>
  <testcase name="test_seriesGetsSorted" classname="com.opengamma.strata.collect.timeseries.LocalDateDoubleTimeSeriesBuilderTest" time="0.001"/>
  <testcase name="test_useBuilderToAlterSeries" classname="com.opengamma.strata.collect.timeseries.LocalDateDoubleTimeSeriesBuilderTest" time="0"/>
  <testcase name="test_multipliedBy" classname="com.opengamma.strata.collect.array.IntArrayTest" time="0"/>
  <testcase name="test_multipliedBy_array" classname="com.opengamma.strata.collect.array.IntArrayTest" time="0.001"/>
  <testcase name="test_of" classname="com.opengamma.strata.collect.array.IntArrayTest" time="0.001"/>
  <testcase name="test_ofUnsafe" classname="com.opengamma.strata.collect.array.IntArrayTest" time="0"/>
  <testcase name="test_compareTo" classname="com.opengamma.strata.collect.tuple.LongDoublePairTest" time="0"/>
  <testcase name="test_equals" classname="com.opengamma.strata.collect.tuple.LongDoublePairTest" time="0"/>
  <testcase name="test_equals_bad" classname="com.opengamma.strata.collect.tuple.LongDoublePairTest" time="0.001"/>
  <testcase name="test_hashCode" classname="com.opengamma.strata.collect.tuple.LongDoublePairTest" time="0"/>
  <testcase name="test_of_lambda" classname="com.opengamma.strata.collect.array.IntArrayTest" time="0.02"/>
  <testcase name="test_of_stream" classname="com.opengamma.strata.collect.array.IntArrayTest" time="0.004"/>
  <testcase name="test_plus" classname="com.opengamma.strata.collect.array.IntArrayTest" time="0.001"/>
  <testcase name="test_plus_array" classname="com.opengamma.strata.collect.array.IntArrayTest" time="0"/>
  <testcase name="test_reduce" classname="com.opengamma.strata.collect.array.IntArrayTest" time="0.001"/>
  <testcase name="test_sorted" classname="com.opengamma.strata.collect.array.IntArrayTest" time="0"/>
  <testcase name="test_stream" classname="com.opengamma.strata.collect.array.IntArrayTest" time="0"/>
  <testcase name="test_subArray_from" classname="com.opengamma.strata.collect.array.IntArrayTest" time="0.001"/>
  <testcase name="test_subArray_fromTo" classname="com.opengamma.strata.collect.array.IntArrayTest" time="0.001"/>
  <testcase name="test_sum" classname="com.opengamma.strata.collect.array.IntArrayTest" time="0"/>
  <testcase name="test_jodaConvert" classname="com.opengamma.strata.collect.tuple.LongDoublePairTest" time="0.008"/>
  <testcase name="test_ofPair" classname="com.opengamma.strata.collect.tuple.LongDoublePairTest" time="0"/>
  <testcase name="test_ofPair" classname="com.opengamma.strata.collect.tuple.LongDoublePairTest" time="0"/>
  <testcase name="test_ofPair" classname="com.opengamma.strata.collect.tuple.LongDoublePairTest" time="0"/>
  <testcase name="test_ofPair" classname="com.opengamma.strata.collect.tuple.LongDoublePairTest" time="0.006"/>
  <testcase name="test_of_getters" classname="com.opengamma.strata.collect.tuple.LongDoublePairTest" time="0"/>
  <testcase name="test_of_getters" classname="com.opengamma.strata.collect.tuple.LongDoublePairTest" time="0"/>
  <testcase name="test_of_getters" classname="com.opengamma.strata.collect.tuple.LongDoublePairTest" time="0"/>
  <testcase name="test_of_getters" classname="com.opengamma.strata.collect.tuple.LongDoublePairTest" time="0"/>
  <testcase name="test_parse_bad" classname="com.opengamma.strata.collect.tuple.LongDoublePairTest" time="0"/>
  <testcase name="test_parse_bad" classname="com.opengamma.strata.collect.tuple.LongDoublePairTest" time="0"/>
  <testcase name="test_parse_bad" classname="com.opengamma.strata.collect.tuple.LongDoublePairTest" time="0"/>
  <testcase name="test_parse_bad" classname="com.opengamma.strata.collect.tuple.LongDoublePairTest" time="0"/>
  <testcase name="test_parse_bad" classname="com.opengamma.strata.collect.tuple.LongDoublePairTest" time="0"/>
  <testcase name="test_parse_bad" classname="com.opengamma.strata.collect.tuple.LongDoublePairTest" time="0"/>
  <testcase name="test_parse_bad" classname="com.opengamma.strata.collect.tuple.LongDoublePairTest" time="0.001"/>
  <testcase name="test_parse_bad" classname="com.opengamma.strata.collect.tuple.LongDoublePairTest" time="0.001"/>
  <testcase name="coverage" classname="com.opengamma.strata.collect.MapStreamTest" time="0"/>
  <testcase name="test_parse_good" classname="com.opengamma.strata.collect.tuple.LongDoublePairTest" time="0"/>
  <testcase name="test_parse_good" classname="com.opengamma.strata.collect.tuple.LongDoublePairTest" time="0"/>
  <testcase name="test_parse_good" classname="com.opengamma.strata.collect.tuple.LongDoublePairTest" time="0"/>
  <testcase name="test_parse_good" classname="com.opengamma.strata.collect.tuple.LongDoublePairTest" time="0"/>
  <testcase name="test_parse_good" classname="com.opengamma.strata.collect.tuple.LongDoublePairTest" time="0"/>
  <testcase name="test_parse_good" classname="com.opengamma.strata.collect.tuple.LongDoublePairTest" time="0"/>
  <testcase name="test_serialization" classname="com.opengamma.strata.collect.tuple.LongDoublePairTest" time="0.001"/>
  <testcase name="filter" classname="com.opengamma.strata.collect.MapStreamTest" time="0.002"/>
  <testcase name="test_sizeElements" classname="com.opengamma.strata.collect.tuple.LongDoublePairTest" time="0"/>
  <testcase name="test_sizeElements" classname="com.opengamma.strata.collect.tuple.LongDoublePairTest" time="0"/>
  <testcase name="test_sizeElements" classname="com.opengamma.strata.collect.tuple.LongDoublePairTest" time="0"/>
  <testcase name="test_sizeElements" classname="com.opengamma.strata.collect.tuple.LongDoublePairTest" time="0"/>
  <testcase name="test_toList" classname="com.opengamma.strata.collect.array.IntArrayTest" time="0.002"/>
  <testcase name="filterKeys" classname="com.opengamma.strata.collect.MapStreamTest" time="0.002"/>
  <testcase name="test_poll" classname="com.opengamma.strata.collect.GuavateTest" time="0.001"/>
  <testcase name="test_toPair" classname="com.opengamma.strata.collect.tuple.LongDoublePairTest" time="0"/>
  <testcase name="test_toPair" classname="com.opengamma.strata.collect.tuple.LongDoublePairTest" time="0.001"/>
  <testcase name="test_toPair" classname="com.opengamma.strata.collect.tuple.LongDoublePairTest" time="0"/>
  <testcase name="test_toPair" classname="com.opengamma.strata.collect.tuple.LongDoublePairTest" time="0"/>
  <testcase name="filterValues" classname="com.opengamma.strata.collect.MapStreamTest" time="0"/>
  <testcase name="test_toString" classname="com.opengamma.strata.collect.tuple.LongDoublePairTest" time="0"/>
  <testcase name="test_toString" classname="com.opengamma.strata.collect.tuple.LongDoublePairTest" time="0"/>
  <testcase name="test_toString" classname="com.opengamma.strata.collect.tuple.LongDoublePairTest" time="0"/>
  <testcase name="test_toString" classname="com.opengamma.strata.collect.tuple.LongDoublePairTest" time="0"/>
  <testcase name="test_toList_iterator" classname="com.opengamma.strata.collect.array.IntArrayTest" time="0"/>
  <testcase name="forEach" classname="com.opengamma.strata.collect.MapStreamTest" time="0"/>
  <testcase name="test_formatMessage" classname="com.opengamma.strata.collect.MessagesTest" time="0"/>
  <testcase name="test_formatMessage" classname="com.opengamma.strata.collect.MessagesTest" time="0"/>
  <testcase name="test_formatMessage" classname="com.opengamma.strata.collect.MessagesTest" time="0"/>
  <testcase name="test_formatMessage" classname="com.opengamma.strata.collect.MessagesTest" time="0"/>
  <testcase name="test_formatMessage" classname="com.opengamma.strata.collect.MessagesTest" time="0"/>
  <testcase name="test_formatMessage" classname="com.opengamma.strata.collect.MessagesTest" time="0"/>
  <testcase name="test_formatMessage" classname="com.opengamma.strata.collect.MessagesTest" time="0"/>
  <testcase name="test_formatMessage" classname="com.opengamma.strata.collect.MessagesTest" time="0"/>
  <testcase name="test_formatMessage" classname="com.opengamma.strata.collect.MessagesTest" time="0"/>
  <testcase name="test_formatMessage" classname="com.opengamma.strata.collect.MessagesTest" time="0"/>
  <testcase name="test_formatMessage" classname="com.opengamma.strata.collect.MessagesTest" time="0.001"/>
  <testcase name="test_formatMessage" classname="com.opengamma.strata.collect.MessagesTest" time="0"/>
  <testcase name="test_formatMessage" classname="com.opengamma.strata.collect.MessagesTest" time="0"/>
  <testcase name="test_formatMessage" classname="com.opengamma.strata.collect.MessagesTest" time="0"/>
  <testcase name="test_formatMessage" classname="com.opengamma.strata.collect.MessagesTest" time="0.001"/>
  <testcase name="test_formatMessage" classname="com.opengamma.strata.collect.MessagesTest" time="0.017"/>
  <testcase name="test_formatMessage" classname="com.opengamma.strata.collect.MessagesTest" time="0"/>
  <testcase name="test_formatMessage" classname="com.opengamma.strata.collect.MessagesTest" time="0"/>
  <testcase name="test_formatMessage" classname="com.opengamma.strata.collect.MessagesTest" time="0"/>
  <testcase name="test_formatMessage" classname="com.opengamma.strata.collect.MessagesTest" time="0"/>
  <testcase name="test_formatMessage" classname="com.opengamma.strata.collect.MessagesTest" time="0"/>
  <testcase name="test_formatMessage" classname="com.opengamma.strata.collect.MessagesTest" time="0.001"/>
  <testcase name="test_formatMessage" classname="com.opengamma.strata.collect.MessagesTest" time="0"/>
  <testcase name="test_formatMessage" classname="com.opengamma.strata.collect.MessagesTest" time="0.001"/>
  <testcase name="test_formatMessage" classname="com.opengamma.strata.collect.MessagesTest" time="0"/>
  <testcase name="test_formatMessage" classname="com.opengamma.strata.collect.MessagesTest" time="0.001"/>
  <testcase name="test_formatMessage" classname="com.opengamma.strata.collect.MessagesTest" time="0"/>
  <testcase name="test_formatMessage" classname="com.opengamma.strata.collect.MessagesTest" time="0"/>
  <testcase name="test_formatMessage" classname="com.opengamma.strata.collect.MessagesTest" time="0"/>
  <testcase name="test_formatMessage" classname="com.opengamma.strata.collect.MessagesTest" time="0"/>
  <testcase name="test_formatMessage" classname="com.opengamma.strata.collect.MessagesTest" time="0"/>
  <testcase name="test_formatMessage" classname="com.opengamma.strata.collect.MessagesTest" time="0"/>
  <testcase name="test_formatMessage" classname="com.opengamma.strata.collect.MessagesTest" time="0"/>
  <testcase name="test_formatMessage" classname="com.opengamma.strata.collect.MessagesTest" time="0"/>
  <testcase name="test_formatMessage" classname="com.opengamma.strata.collect.MessagesTest" time="0"/>
  <testcase name="test_formatMessage" classname="com.opengamma.strata.collect.MessagesTest" time="0"/>
  <testcase name="test_formatMessage" classname="com.opengamma.strata.collect.MessagesTest" time="0"/>
  <testcase name="test_formatMessage" classname="com.opengamma.strata.collect.MessagesTest" time="0.001"/>
  <testcase name="test_formatMessage" classname="com.opengamma.strata.collect.MessagesTest" time="0"/>
  <testcase name="test_formatMessage" classname="com.opengamma.strata.collect.MessagesTest" time="0"/>
  <testcase name="test_formatMessage" classname="com.opengamma.strata.collect.MessagesTest" time="0"/>
  <testcase name="test_toList_listIterator" classname="com.opengamma.strata.collect.array.IntArrayTest" time="0"/>
  <testcase name="test_toString" classname="com.opengamma.strata.collect.array.IntArrayTest" time="0"/>
  <testcase name="test_with" classname="com.opengamma.strata.collect.array.IntArrayTest" time="0"/>
  <testcase name="test_of" classname="com.opengamma.strata.collect.named.NamedTest" time="0"/>
  <testcase name="map" classname="com.opengamma.strata.collect.MapStreamTest" time="0.001"/>
  <testcase name="test_andThen" classname="com.opengamma.strata.collect.function.ObjDoubleFunctionTest" time="0.001"/>
  <testcase name="test_andThen_null" classname="com.opengamma.strata.collect.function.ObjDoubleFunctionTest" time="0.001"/>
  <testcase name="mapKeysAndValuesToKeys" classname="com.opengamma.strata.collect.MapStreamTest" time="0"/>
  <testcase name="mapKeysAndValuesToValues" classname="com.opengamma.strata.collect.MapStreamTest" time="0"/>
  <testcase name="test_formatMessageSingle" classname="com.opengamma.strata.collect.MessagesTest" time="0"/>
  <testcase name="test_formatMessageSingle" classname="com.opengamma.strata.collect.MessagesTest" time="0"/>
  <testcase name="test_formatMessageSingle" classname="com.opengamma.strata.collect.MessagesTest" time="0"/>
  <testcase name="test_formatMessageSingle" classname="com.opengamma.strata.collect.MessagesTest" time="0"/>
  <testcase name="test_formatMessageSingle" classname="com.opengamma.strata.collect.MessagesTest" time="0.001"/>
  <testcase name="test_formatMessageSingle" classname="com.opengamma.strata.collect.MessagesTest" time="0"/>
  <testcase name="test_formatMessageSingle" classname="com.opengamma.strata.collect.MessagesTest" time="0"/>
  <testcase name="test_formatMessageSingle" classname="com.opengamma.strata.collect.MessagesTest" time="0"/>
  <testcase name="test_formatMessageSingle" classname="com.opengamma.strata.collect.MessagesTest" time="0"/>
  <testcase name="test_formatMessageSingle" classname="com.opengamma.strata.collect.MessagesTest" time="0"/>
  <testcase name="test_formatMessageSingle" classname="com.opengamma.strata.collect.MessagesTest" time="0"/>
  <testcase name="test_formatMessageSingle" classname="com.opengamma.strata.collect.MessagesTest" time="0"/>
  <testcase name="test_formatMessageSingle" classname="com.opengamma.strata.collect.MessagesTest" time="0.002"/>
  <testcase name="mapKeysToKeys" classname="com.opengamma.strata.collect.MapStreamTest" time="0"/>
  <testcase name="coverage" classname="com.opengamma.strata.collect.tuple.ObjDoublePairTest" time="0.001"/>
  <testcase name="mapValuesToValues" classname="com.opengamma.strata.collect.MapStreamTest" time="0"/>
  <testcase name="test_compareTo" classname="com.opengamma.strata.collect.tuple.ObjDoublePairTest" time="0"/>
  <testcase name="test_compareTo_notComparable" classname="com.opengamma.strata.collect.tuple.ObjDoublePairTest" time="0.001"/>
  <testcase name="test_equals" classname="com.opengamma.strata.collect.tuple.ObjDoublePairTest" time="0.001"/>
  <testcase name="test_equals_bad" classname="com.opengamma.strata.collect.tuple.ObjDoublePairTest" time="0"/>
  <testcase name="test_hashCode" classname="com.opengamma.strata.collect.tuple.ObjDoublePairTest" time="0"/>
  <testcase name="test_ofPair" classname="com.opengamma.strata.collect.tuple.ObjDoublePairTest" time="0"/>
  <testcase name="test_ofPair" classname="com.opengamma.strata.collect.tuple.ObjDoublePairTest" time="0"/>
  <testcase name="test_ofPair" classname="com.opengamma.strata.collect.tuple.ObjDoublePairTest" time="0"/>
  <testcase name="test_ofPair" classname="com.opengamma.strata.collect.tuple.ObjDoublePairTest" time="0.001"/>
  <testcase name="test_of_getters" classname="com.opengamma.strata.collect.tuple.ObjDoublePairTest" time="0"/>
  <testcase name="test_of_getters" classname="com.opengamma.strata.collect.tuple.ObjDoublePairTest" time="0"/>
  <testcase name="test_of_getters" classname="com.opengamma.strata.collect.tuple.ObjDoublePairTest" time="0.001"/>
  <testcase name="test_of_getters" classname="com.opengamma.strata.collect.tuple.ObjDoublePairTest" time="0"/>
  <testcase name="ofCollection" classname="com.opengamma.strata.collect.MapStreamTest" time="0"/>
  <testcase name="test_sizeElements" classname="com.opengamma.strata.collect.tuple.ObjDoublePairTest" time="0"/>
  <testcase name="test_sizeElements" classname="com.opengamma.strata.collect.tuple.ObjDoublePairTest" time="0"/>
  <testcase name="test_sizeElements" classname="com.opengamma.strata.collect.tuple.ObjDoublePairTest" time="0"/>
  <testcase name="test_sizeElements" classname="com.opengamma.strata.collect.tuple.ObjDoublePairTest" time="0"/>
  <testcase name="test_toPair" classname="com.opengamma.strata.collect.tuple.ObjDoublePairTest" time="0"/>
  <testcase name="test_toPair" classname="com.opengamma.strata.collect.tuple.ObjDoublePairTest" time="0"/>
  <testcase name="test_toPair" classname="com.opengamma.strata.collect.tuple.ObjDoublePairTest" time="0"/>
  <testcase name="test_toPair" classname="com.opengamma.strata.collect.tuple.ObjDoublePairTest" time="0"/>
  <testcase name="test_toString" classname="com.opengamma.strata.collect.tuple.ObjDoublePairTest" time="0.001"/>
  <testcase name="test_toString" classname="com.opengamma.strata.collect.tuple.ObjDoublePairTest" time="0"/>
  <testcase name="test_toString" classname="com.opengamma.strata.collect.tuple.ObjDoublePairTest" time="0"/>
  <testcase name="test_toString" classname="com.opengamma.strata.collect.tuple.ObjDoublePairTest" time="0.001"/>
  <testcase name="ofCollection_2arg" classname="com.opengamma.strata.collect.MapStreamTest" time="0"/>
  <testcase name="ofStream" classname="com.opengamma.strata.collect.MapStreamTest" time="0.001"/>
  <testcase name="ofStream_2arg" classname="com.opengamma.strata.collect.MapStreamTest" time="0.001"/>
  <testcase name="test_and" classname="com.opengamma.strata.collect.function.ObjDoublePredicateTest" time="0"/>
  <testcase name="test_formatMessageSingle_prefix" classname="com.opengamma.strata.collect.MessagesTest" time="0"/>
  <testcase name="test_formatMessageSingle_prefix" classname="com.opengamma.strata.collect.MessagesTest" time="0"/>
  <testcase name="test_formatMessageSingle_prefix" classname="com.opengamma.strata.collect.MessagesTest" time="0"/>
  <testcase name="test_formatMessageSingle_prefix" classname="com.opengamma.strata.collect.MessagesTest" time="0"/>
  <testcase name="test_formatMessageSingle_prefix" classname="com.opengamma.strata.collect.MessagesTest" time="0"/>
  <testcase name="test_formatMessageSingle_prefix" classname="com.opengamma.strata.collect.MessagesTest" time="0"/>
  <testcase name="test_formatMessageSingle_prefix" classname="com.opengamma.strata.collect.MessagesTest" time="0"/>
  <testcase name="test_formatMessageSingle_prefix" classname="com.opengamma.strata.collect.MessagesTest" time="0"/>
  <testcase name="test_formatMessageSingle_prefix" classname="com.opengamma.strata.collect.MessagesTest" time="0"/>
  <testcase name="test_formatMessageSingle_prefix" classname="com.opengamma.strata.collect.MessagesTest" time="0"/>
  <testcase name="test_formatMessageSingle_prefix" classname="com.opengamma.strata.collect.MessagesTest" time="0"/>
  <testcase name="test_formatMessageSingle_prefix" classname="com.opengamma.strata.collect.MessagesTest" time="0"/>
  <testcase name="test_formatMessageSingle_prefix" classname="com.opengamma.strata.collect.MessagesTest" time="0"/>
  <testcase name="toMapDuplicateKeys" classname="com.opengamma.strata.collect.MapStreamTest" time="0.001"/>
  <testcase name="test_formatMessageSingle_prefixSuffix" classname="com.opengamma.strata.collect.MessagesTest" time="0"/>
  <testcase name="test_formatMessageSingle_prefixSuffix" classname="com.opengamma.strata.collect.MessagesTest" time="0"/>
  <testcase name="test_formatMessageSingle_prefixSuffix" classname="com.opengamma.strata.collect.MessagesTest" time="0"/>
  <testcase name="test_formatMessageSingle_prefixSuffix" classname="com.opengamma.strata.collect.MessagesTest" time="0"/>
  <testcase name="test_formatMessageSingle_prefixSuffix" classname="com.opengamma.strata.collect.MessagesTest" time="0"/>
  <testcase name="test_formatMessageSingle_prefixSuffix" classname="com.opengamma.strata.collect.MessagesTest" time="0"/>
  <testcase name="test_formatMessageSingle_prefixSuffix" classname="com.opengamma.strata.collect.MessagesTest" time="0.002"/>
  <testcase name="test_formatMessageSingle_prefixSuffix" classname="com.opengamma.strata.collect.MessagesTest" time="0.001"/>
  <testcase name="test_formatMessageSingle_prefixSuffix" classname="com.opengamma.strata.collect.MessagesTest" time="0"/>
  <testcase name="test_formatMessageSingle_prefixSuffix" classname="com.opengamma.strata.collect.MessagesTest" time="0.005"/>
  <testcase name="test_formatMessageSingle_prefixSuffix" classname="com.opengamma.strata.collect.MessagesTest" time="0"/>
  <testcase name="test_formatMessageSingle_prefixSuffix" classname="com.opengamma.strata.collect.MessagesTest" time="0"/>
  <testcase name="test_formatMessageSingle_prefixSuffix" classname="com.opengamma.strata.collect.MessagesTest" time="0"/>
  <testcase name="toMapWithMerge" classname="com.opengamma.strata.collect.MapStreamTest" time="0.001"/>
  <testcase name="test_andThen" classname="com.opengamma.strata.collect.function.ObjIntFunctionTest" time="0.002"/>
  <testcase name="test_andThen_null" classname="com.opengamma.strata.collect.function.ObjIntFunctionTest" time="0.001"/>
  <testcase name="test_and_null" classname="com.opengamma.strata.collect.function.ObjDoublePredicateTest" time="0.001"/>
  <testcase name="test_negate" classname="com.opengamma.strata.collect.function.ObjDoublePredicateTest" time="0.002"/>
  <testcase name="test_or" classname="com.opengamma.strata.collect.function.ObjDoublePredicateTest" time="0.002"/>
  <testcase name="test_or_null" classname="com.opengamma.strata.collect.function.ObjDoublePredicateTest" time="0.001"/>
  <testcase name="coverage" classname="com.opengamma.strata.collect.tuple.ObjIntPairTest" time="0.001"/>
  <testcase name="test_and" classname="com.opengamma.strata.collect.function.ObjIntPredicateTest" time="0.001"/>
  <testcase name="test_compareTo" classname="com.opengamma.strata.collect.tuple.ObjIntPairTest" time="0.001"/>
  <testcase name="test_compareTo_notComparable" classname="com.opengamma.strata.collect.tuple.ObjIntPairTest" time="0"/>
  <testcase name="test_and_null" classname="com.opengamma.strata.collect.function.ObjIntPredicateTest" time="0.002"/>
  <testcase name="test_formatMessageSingle_suffix" classname="com.opengamma.strata.collect.MessagesTest" time="0"/>
  <testcase name="test_formatMessageSingle_suffix" classname="com.opengamma.strata.collect.MessagesTest" time="0"/>
  <testcase name="test_formatMessageSingle_suffix" classname="com.opengamma.strata.collect.MessagesTest" time="0"/>
  <testcase name="test_formatMessageSingle_suffix" classname="com.opengamma.strata.collect.MessagesTest" time="0"/>
  <testcase name="test_formatMessageSingle_suffix" classname="com.opengamma.strata.collect.MessagesTest" time="0"/>
  <testcase name="test_formatMessageSingle_suffix" classname="com.opengamma.strata.collect.MessagesTest" time="0"/>
  <testcase name="test_formatMessageSingle_suffix" classname="com.opengamma.strata.collect.MessagesTest" time="0"/>
  <testcase name="test_formatMessageSingle_suffix" classname="com.opengamma.strata.collect.MessagesTest" time="0"/>
  <testcase name="test_formatMessageSingle_suffix" classname="com.opengamma.strata.collect.MessagesTest" time="0"/>
  <testcase name="test_formatMessageSingle_suffix" classname="com.opengamma.strata.collect.MessagesTest" time="0"/>
  <testcase name="test_formatMessageSingle_suffix" classname="com.opengamma.strata.collect.MessagesTest" time="0"/>
  <testcase name="test_formatMessageSingle_suffix" classname="com.opengamma.strata.collect.MessagesTest" time="0"/>
  <testcase name="test_formatMessageSingle_suffix" classname="com.opengamma.strata.collect.MessagesTest" time="0"/>
  <testcase name="test_equals" classname="com.opengamma.strata.collect.tuple.ObjIntPairTest" time="0"/>
  <testcase name="test_equals_bad" classname="com.opengamma.strata.collect.tuple.ObjIntPairTest" time="0"/>
  <testcase name="test_formatMessageWithAttributes" classname="com.opengamma.strata.collect.MessagesTest" time="0"/>
  <testcase name="test_formatMessageWithAttributes" classname="com.opengamma.strata.collect.MessagesTest" time="0"/>
  <testcase name="test_formatMessageWithAttributes" classname="com.opengamma.strata.collect.MessagesTest" time="0"/>
  <testcase name="test_formatMessageWithAttributes" classname="com.opengamma.strata.collect.MessagesTest" time="0"/>
  <testcase name="test_formatMessageWithAttributes" classname="com.opengamma.strata.collect.MessagesTest" time="0"/>
  <testcase name="test_formatMessageWithAttributes" classname="com.opengamma.strata.collect.MessagesTest" time="0"/>
  <testcase name="test_formatMessageWithAttributes" classname="com.opengamma.strata.collect.MessagesTest" time="0"/>
  <testcase name="test_formatMessageWithAttributes" classname="com.opengamma.strata.collect.MessagesTest" time="0.001"/>
  <testcase name="test_formatMessageWithAttributes" classname="com.opengamma.strata.collect.MessagesTest" time="0"/>
  <testcase name="test_formatMessageWithAttributes" classname="com.opengamma.strata.collect.MessagesTest" time="0.001"/>
  <testcase name="test_formatMessageWithAttributes" classname="com.opengamma.strata.collect.MessagesTest" time="0"/>
  <testcase name="test_formatMessageWithAttributes" classname="com.opengamma.strata.collect.MessagesTest" time="0.001"/>
  <testcase name="test_formatMessageWithAttributes" classname="com.opengamma.strata.collect.MessagesTest" time="0"/>
  <testcase name="test_formatMessageWithAttributes" classname="com.opengamma.strata.collect.MessagesTest" time="0"/>
  <testcase name="test_formatMessage_prefix" classname="com.opengamma.strata.collect.MessagesTest" time="0"/>
  <testcase name="test_formatMessage_prefix" classname="com.opengamma.strata.collect.MessagesTest" time="0"/>
  <testcase name="test_formatMessage_prefix" classname="com.opengamma.strata.collect.MessagesTest" time="0"/>
  <testcase name="test_formatMessage_prefix" classname="com.opengamma.strata.collect.MessagesTest" time="0"/>
  <testcase name="test_formatMessage_prefix" classname="com.opengamma.strata.collect.MessagesTest" time="0"/>
  <testcase name="test_formatMessage_prefix" classname="com.opengamma.strata.collect.MessagesTest" time="0"/>
  <testcase name="test_formatMessage_prefix" classname="com.opengamma.strata.collect.MessagesTest" time="0"/>
  <testcase name="test_formatMessage_prefix" classname="com.opengamma.strata.collect.MessagesTest" time="0"/>
  <testcase name="test_formatMessage_prefix" classname="com.opengamma.strata.collect.MessagesTest" time="0"/>
  <testcase name="test_formatMessage_prefix" classname="com.opengamma.strata.collect.MessagesTest" time="0"/>
  <testcase name="test_formatMessage_prefix" classname="com.opengamma.strata.collect.MessagesTest" time="0"/>
  <testcase name="test_formatMessage_prefix" classname="com.opengamma.strata.collect.MessagesTest" time="0"/>
  <testcase name="test_formatMessage_prefix" classname="com.opengamma.strata.collect.MessagesTest" time="0"/>
  <testcase name="test_formatMessage_prefix" classname="com.opengamma.strata.collect.MessagesTest" time="0"/>
  <testcase name="test_formatMessage_prefix" classname="com.opengamma.strata.collect.MessagesTest" time="0"/>
  <testcase name="test_formatMessage_prefix" classname="com.opengamma.strata.collect.MessagesTest" time="0.003"/>
  <testcase name="test_formatMessage_prefix" classname="com.opengamma.strata.collect.MessagesTest" time="0"/>
  <testcase name="test_formatMessage_prefix" classname="com.opengamma.strata.collect.MessagesTest" time="0"/>
  <testcase name="test_formatMessage_prefix" classname="com.opengamma.strata.collect.MessagesTest" time="0"/>
  <testcase name="test_formatMessage_prefix" classname="com.opengamma.strata.collect.MessagesTest" time="0"/>
  <testcase name="test_formatMessage_prefix" classname="com.opengamma.strata.collect.MessagesTest" time="0"/>
  <testcase name="test_formatMessage_prefix" classname="com.opengamma.strata.collect.MessagesTest" time="0"/>
  <testcase name="test_formatMessage_prefix" classname="com.opengamma.strata.collect.MessagesTest" time="0"/>
  <testcase name="test_formatMessage_prefix" classname="com.opengamma.strata.collect.MessagesTest" time="0"/>
  <testcase name="test_formatMessage_prefix" classname="com.opengamma.strata.collect.MessagesTest" time="0"/>
  <testcase name="test_formatMessage_prefix" classname="com.opengamma.strata.collect.MessagesTest" time="0"/>
  <testcase name="test_formatMessage_prefix" classname="com.opengamma.strata.collect.MessagesTest" time="0"/>
  <testcase name="test_formatMessage_prefix" classname="com.opengamma.strata.collect.MessagesTest" time="0.001"/>
  <testcase name="test_formatMessage_prefix" classname="com.opengamma.strata.collect.MessagesTest" time="0"/>
  <testcase name="test_formatMessage_prefix" classname="com.opengamma.strata.collect.MessagesTest" time="0.001"/>
  <testcase name="test_formatMessage_prefix" classname="com.opengamma.strata.collect.MessagesTest" time="0"/>
  <testcase name="test_formatMessage_prefix" classname="com.opengamma.strata.collect.MessagesTest" time="0"/>
  <testcase name="test_formatMessage_prefix" classname="com.opengamma.strata.collect.MessagesTest" time="0"/>
  <testcase name="test_formatMessage_prefix" classname="com.opengamma.strata.collect.MessagesTest" time="0"/>
  <testcase name="test_formatMessage_prefix" classname="com.opengamma.strata.collect.MessagesTest" time="0"/>
  <testcase name="test_formatMessage_prefix" classname="com.opengamma.strata.collect.MessagesTest" time="0"/>
  <testcase name="test_formatMessage_prefix" classname="com.opengamma.strata.collect.MessagesTest" time="0"/>
  <testcase name="test_formatMessage_prefix" classname="com.opengamma.strata.collect.MessagesTest" time="0"/>
  <testcase name="test_formatMessage_prefix" classname="com.opengamma.strata.collect.MessagesTest" time="0"/>
  <testcase name="test_formatMessage_prefix" classname="com.opengamma.strata.collect.MessagesTest" time="0"/>
  <testcase name="test_formatMessage_prefix" classname="com.opengamma.strata.collect.MessagesTest" time="0"/>
  <testcase name="test_hashCode" classname="com.opengamma.strata.collect.tuple.ObjIntPairTest" time="0.004"/>
  <testcase name="test_ofPair" classname="com.opengamma.strata.collect.tuple.ObjIntPairTest" time="0"/>
  <testcase name="test_ofPair" classname="com.opengamma.strata.collect.tuple.ObjIntPairTest" time="0"/>
  <testcase name="test_ofPair" classname="com.opengamma.strata.collect.tuple.ObjIntPairTest" time="0"/>
  <testcase name="test_ofPair" classname="com.opengamma.strata.collect.tuple.ObjIntPairTest" time="0"/>
  <testcase name="test_negate" classname="com.opengamma.strata.collect.function.ObjIntPredicateTest" time="0"/>
  <testcase name="test_of_getters" classname="com.opengamma.strata.collect.tuple.ObjIntPairTest" time="0"/>
  <testcase name="test_of_getters" classname="com.opengamma.strata.collect.tuple.ObjIntPairTest" time="0"/>
  <testcase name="test_of_getters" classname="com.opengamma.strata.collect.tuple.ObjIntPairTest" time="0"/>
  <testcase name="test_of_getters" classname="com.opengamma.strata.collect.tuple.ObjIntPairTest" time="0"/>
  <testcase name="test_sizeElements" classname="com.opengamma.strata.collect.tuple.ObjIntPairTest" time="0"/>
  <testcase name="test_sizeElements" classname="com.opengamma.strata.collect.tuple.ObjIntPairTest" time="0"/>
  <testcase name="test_sizeElements" classname="com.opengamma.strata.collect.tuple.ObjIntPairTest" time="0"/>
  <testcase name="test_sizeElements" classname="com.opengamma.strata.collect.tuple.ObjIntPairTest" time="0"/>
  <testcase name="test_or" classname="com.opengamma.strata.collect.function.ObjIntPredicateTest" time="0"/>
  <testcase name="test_or_null" classname="com.opengamma.strata.collect.function.ObjIntPredicateTest" time="0"/>
  <testcase name="test_toPair" classname="com.opengamma.strata.collect.tuple.ObjIntPairTest" time="0.001"/>
  <testcase name="test_toPair" classname="com.opengamma.strata.collect.tuple.ObjIntPairTest" time="0"/>
  <testcase name="test_toPair" classname="com.opengamma.strata.collect.tuple.ObjIntPairTest" time="0"/>
  <testcase name="test_toPair" classname="com.opengamma.strata.collect.tuple.ObjIntPairTest" time="0"/>
  <testcase name="test_toString" classname="com.opengamma.strata.collect.tuple.ObjIntPairTest" time="0"/>
  <testcase name="test_toString" classname="com.opengamma.strata.collect.tuple.ObjIntPairTest" time="0.001"/>
  <testcase name="test_toString" classname="com.opengamma.strata.collect.tuple.ObjIntPairTest" time="0"/>
  <testcase name="test_toString" classname="com.opengamma.strata.collect.tuple.ObjIntPairTest" time="0"/>
  <testcase name="test_andThen" classname="com.opengamma.strata.collect.function.ObjLongFunctionTest" time="0.001"/>
  <testcase name="test_and" classname="com.opengamma.strata.collect.function.ObjLongPredicateTest" time="0.001"/>
  <testcase name="test_and_null" classname="com.opengamma.strata.collect.function.ObjLongPredicateTest" time="0"/>
  <testcase name="test_andThen_null" classname="com.opengamma.strata.collect.function.ObjLongFunctionTest" time="0.001"/>
  <testcase name="test_negate" classname="com.opengamma.strata.collect.function.ObjLongPredicateTest" time="0.002"/>
  <testcase name="test_or" classname="com.opengamma.strata.collect.function.ObjLongPredicateTest" time="0.002"/>
  <testcase name="coverage" classname="com.opengamma.strata.collect.tuple.PairTest" time="0"/>
  <testcase name="test_or_null" classname="com.opengamma.strata.collect.function.ObjLongPredicateTest" time="0.001"/>
  <testcase name="test_compareTo" classname="com.opengamma.strata.collect.tuple.PairTest" time="0.001"/>
  <testcase name="test_compareTo_notComparable" classname="com.opengamma.strata.collect.tuple.PairTest" time="0.001"/>
  <testcase name="test_equalsHashCode" classname="com.opengamma.strata.collect.io.PropertiesFileTest" time="0"/>
  <testcase name="test_formatMessage_prefixSuffix" classname="com.opengamma.strata.collect.MessagesTest" time="0.001"/>
  <testcase name="test_formatMessage_prefixSuffix" classname="com.opengamma.strata.collect.MessagesTest" time="0"/>
  <testcase name="test_formatMessage_prefixSuffix" classname="com.opengamma.strata.collect.MessagesTest" time="0.001"/>
  <testcase name="test_formatMessage_prefixSuffix" classname="com.opengamma.strata.collect.MessagesTest" time="0"/>
  <testcase name="test_formatMessage_prefixSuffix" classname="com.opengamma.strata.collect.MessagesTest" time="0"/>
  <testcase name="test_formatMessage_prefixSuffix" classname="com.opengamma.strata.collect.MessagesTest" time="0"/>
  <testcase name="test_formatMessage_prefixSuffix" classname="com.opengamma.strata.collect.MessagesTest" time="0.006"/>
  <testcase name="test_formatMessage_prefixSuffix" classname="com.opengamma.strata.collect.MessagesTest" time="0"/>
  <testcase name="test_formatMessage_prefixSuffix" classname="com.opengamma.strata.collect.MessagesTest" time="0"/>
  <testcase name="test_formatMessage_prefixSuffix" classname="com.opengamma.strata.collect.MessagesTest" time="0"/>
  <testcase name="test_formatMessage_prefixSuffix" classname="com.opengamma.strata.collect.MessagesTest" time="0"/>
  <testcase name="test_formatMessage_prefixSuffix" classname="com.opengamma.strata.collect.MessagesTest" time="0"/>
  <testcase name="test_formatMessage_prefixSuffix" classname="com.opengamma.strata.collect.MessagesTest" time="0"/>
  <testcase name="test_formatMessage_prefixSuffix" classname="com.opengamma.strata.collect.MessagesTest" time="0"/>
  <testcase name="test_formatMessage_prefixSuffix" classname="com.opengamma.strata.collect.MessagesTest" time="0"/>
  <testcase name="test_formatMessage_prefixSuffix" classname="com.opengamma.strata.collect.MessagesTest" time="0"/>
  <testcase name="test_formatMessage_prefixSuffix" classname="com.opengamma.strata.collect.MessagesTest" time="0"/>
  <testcase name="test_formatMessage_prefixSuffix" classname="com.opengamma.strata.collect.MessagesTest" time="0.001"/>
  <testcase name="test_formatMessage_prefixSuffix" classname="com.opengamma.strata.collect.MessagesTest" time="0"/>
  <testcase name="test_formatMessage_prefixSuffix" classname="com.opengamma.strata.collect.MessagesTest" time="0"/>
  <testcase name="test_formatMessage_prefixSuffix" classname="com.opengamma.strata.collect.MessagesTest" time="0"/>
  <testcase name="test_formatMessage_prefixSuffix" classname="com.opengamma.strata.collect.MessagesTest" time="0"/>
  <testcase name="test_formatMessage_prefixSuffix" classname="com.opengamma.strata.collect.MessagesTest" time="0"/>
  <testcase name="test_formatMessage_prefixSuffix" classname="com.opengamma.strata.collect.MessagesTest" time="0"/>
  <testcase name="test_formatMessage_prefixSuffix" classname="com.opengamma.strata.collect.MessagesTest" time="0"/>
  <testcase name="test_formatMessage_prefixSuffix" classname="com.opengamma.strata.collect.MessagesTest" time="0"/>
  <testcase name="test_formatMessage_prefixSuffix" classname="com.opengamma.strata.collect.MessagesTest" time="0"/>
  <testcase name="test_formatMessage_prefixSuffix" classname="com.opengamma.strata.collect.MessagesTest" time="0"/>
  <testcase name="test_formatMessage_prefixSuffix" classname="com.opengamma.strata.collect.MessagesTest" time="0"/>
  <testcase name="test_formatMessage_prefixSuffix" classname="com.opengamma.strata.collect.MessagesTest" time="0"/>
  <testcase name="test_formatMessage_prefixSuffix" classname="com.opengamma.strata.collect.MessagesTest" time="0"/>
  <testcase name="test_formatMessage_prefixSuffix" classname="com.opengamma.strata.collect.MessagesTest" time="0"/>
  <testcase name="test_formatMessage_prefixSuffix" classname="com.opengamma.strata.collect.MessagesTest" time="0"/>
  <testcase name="test_formatMessage_prefixSuffix" classname="com.opengamma.strata.collect.MessagesTest" time="0"/>
  <testcase name="test_formatMessage_prefixSuffix" classname="com.opengamma.strata.collect.MessagesTest" time="0"/>
  <testcase name="test_formatMessage_prefixSuffix" classname="com.opengamma.strata.collect.MessagesTest" time="0"/>
  <testcase name="test_formatMessage_prefixSuffix" classname="com.opengamma.strata.collect.MessagesTest" time="0"/>
  <testcase name="test_formatMessage_prefixSuffix" classname="com.opengamma.strata.collect.MessagesTest" time="0"/>
  <testcase name="test_formatMessage_prefixSuffix" classname="com.opengamma.strata.collect.MessagesTest" time="0"/>
  <testcase name="test_formatMessage_prefixSuffix" classname="com.opengamma.strata.collect.MessagesTest" time="0"/>
  <testcase name="test_formatMessage_prefixSuffix" classname="com.opengamma.strata.collect.MessagesTest" time="0"/>
  <testcase name="test_equals" classname="com.opengamma.strata.collect.tuple.PairTest" time="0.004"/>
  <testcase name="test_of_escaping" classname="com.opengamma.strata.collect.io.PropertiesFileTest" time="0.004"/>
  <testcase name="test_equals_bad" classname="com.opengamma.strata.collect.tuple.PairTest" time="0"/>
  <testcase name="test_of_invalid_emptyKey" classname="com.opengamma.strata.collect.io.PropertiesFileTest" time="0"/>
  <testcase name="test_hashCode" classname="com.opengamma.strata.collect.tuple.PairTest" time="0"/>
  <testcase name="test_of_getters" classname="com.opengamma.strata.collect.tuple.PairTest" time="0"/>
  <testcase name="test_of_getters" classname="com.opengamma.strata.collect.tuple.PairTest" time="0.001"/>
  <testcase name="test_of_null" classname="com.opengamma.strata.collect.tuple.PairTest" time="0"/>
  <testcase name="test_of_null" classname="com.opengamma.strata.collect.tuple.PairTest" time="0"/>
  <testcase name="test_of_null" classname="com.opengamma.strata.collect.tuple.PairTest" time="0"/>
  <testcase name="test_sizeElements" classname="com.opengamma.strata.collect.tuple.PairTest" time="0"/>
  <testcase name="test_sizeElements" classname="com.opengamma.strata.collect.tuple.PairTest" time="0"/>
  <testcase name="test_toString" classname="com.opengamma.strata.collect.tuple.PairTest" time="0.001"/>
  <testcase name="test_toString" classname="com.opengamma.strata.collect.tuple.PairTest" time="0"/>
  <testcase name="test_toString" classname="com.opengamma.strata.collect.tuple.PairTest" time="0"/>
  <testcase name="test_combinedWith" classname="com.opengamma.strata.collect.io.PropertySetTest" time="0.001"/>
  <testcase name="test_combinedWith_emptyBase" classname="com.opengamma.strata.collect.io.PropertySetTest" time="0.001"/>
  <testcase name="test_combinedWith_emptyOther" classname="com.opengamma.strata.collect.io.PropertySetTest" time="0.001"/>
  <testcase name="test_poll_exception" classname="com.opengamma.strata.collect.GuavateTest" time="0.003"/>
  <testcase name="test_stream_Iterable" classname="com.opengamma.strata.collect.GuavateTest" time="0"/>
  <testcase name="test_stream_Optional" classname="com.opengamma.strata.collect.GuavateTest" time="0"/>
  <testcase name="test_formatMessage_suffix" classname="com.opengamma.strata.collect.MessagesTest" time="0"/>
  <testcase name="test_formatMessage_suffix" classname="com.opengamma.strata.collect.MessagesTest" time="0"/>
  <testcase name="test_formatMessage_suffix" classname="com.opengamma.strata.collect.MessagesTest" time="0"/>
  <testcase name="test_formatMessage_suffix" classname="com.opengamma.strata.collect.MessagesTest" time="0"/>
  <testcase name="test_formatMessage_suffix" classname="com.opengamma.strata.collect.MessagesTest" time="0"/>
  <testcase name="test_formatMessage_suffix" classname="com.opengamma.strata.collect.MessagesTest" time="0"/>
  <testcase name="test_formatMessage_suffix" classname="com.opengamma.strata.collect.MessagesTest" time="0"/>
  <testcase name="test_formatMessage_suffix" classname="com.opengamma.strata.collect.MessagesTest" time="0"/>
  <testcase name="test_formatMessage_suffix" classname="com.opengamma.strata.collect.MessagesTest" time="0"/>
  <testcase name="test_formatMessage_suffix" classname="com.opengamma.strata.collect.MessagesTest" time="0"/>
  <testcase name="test_formatMessage_suffix" classname="com.opengamma.strata.collect.MessagesTest" time="0"/>
  <testcase name="test_formatMessage_suffix" classname="com.opengamma.strata.collect.MessagesTest" time="0.001"/>
  <testcase name="test_formatMessage_suffix" classname="com.opengamma.strata.collect.MessagesTest" time="0"/>
  <testcase name="test_formatMessage_suffix" classname="com.opengamma.strata.collect.MessagesTest" time="0"/>
  <testcase name="test_formatMessage_suffix" classname="com.opengamma.strata.collect.MessagesTest" time="0"/>
  <testcase name="test_formatMessage_suffix" classname="com.opengamma.strata.collect.MessagesTest" time="0"/>
  <testcase name="test_formatMessage_suffix" classname="com.opengamma.strata.collect.MessagesTest" time="0.003"/>
  <testcase name="test_formatMessage_suffix" classname="com.opengamma.strata.collect.MessagesTest" time="0"/>
  <testcase name="test_formatMessage_suffix" classname="com.opengamma.strata.collect.MessagesTest" time="0"/>
  <testcase name="test_formatMessage_suffix" classname="com.opengamma.strata.collect.MessagesTest" time="0"/>
  <testcase name="test_formatMessage_suffix" classname="com.opengamma.strata.collect.MessagesTest" time="0"/>
  <testcase name="test_formatMessage_suffix" classname="com.opengamma.strata.collect.MessagesTest" time="0"/>
  <testcase name="test_formatMessage_suffix" classname="com.opengamma.strata.collect.MessagesTest" time="0"/>
  <testcase name="test_formatMessage_suffix" classname="com.opengamma.strata.collect.MessagesTest" time="0"/>
  <testcase name="test_formatMessage_suffix" classname="com.opengamma.strata.collect.MessagesTest" time="0"/>
  <testcase name="test_formatMessage_suffix" classname="com.opengamma.strata.collect.MessagesTest" time="0"/>
  <testcase name="test_formatMessage_suffix" classname="com.opengamma.strata.collect.MessagesTest" time="0"/>
  <testcase name="test_formatMessage_suffix" classname="com.opengamma.strata.collect.MessagesTest" time="0"/>
  <testcase name="test_formatMessage_suffix" classname="com.opengamma.strata.collect.MessagesTest" time="0"/>
  <testcase name="test_formatMessage_suffix" classname="com.opengamma.strata.collect.MessagesTest" time="0"/>
  <testcase name="test_formatMessage_suffix" classname="com.opengamma.strata.collect.MessagesTest" time="0"/>
  <testcase name="test_formatMessage_suffix" classname="com.opengamma.strata.collect.MessagesTest" time="0"/>
  <testcase name="test_formatMessage_suffix" classname="com.opengamma.strata.collect.MessagesTest" time="0.001"/>
  <testcase name="test_formatMessage_suffix" classname="com.opengamma.strata.collect.MessagesTest" time="0"/>
  <testcase name="test_formatMessage_suffix" classname="com.opengamma.strata.collect.MessagesTest" time="0"/>
  <testcase name="test_formatMessage_suffix" classname="com.opengamma.strata.collect.MessagesTest" time="0"/>
  <testcase name="test_formatMessage_suffix" classname="com.opengamma.strata.collect.MessagesTest" time="0"/>
  <testcase name="test_formatMessage_suffix" classname="com.opengamma.strata.collect.MessagesTest" time="0"/>
  <testcase name="test_formatMessage_suffix" classname="com.opengamma.strata.collect.MessagesTest" time="0"/>
  <testcase name="test_formatMessage_suffix" classname="com.opengamma.strata.collect.MessagesTest" time="0"/>
  <testcase name="test_formatMessage_suffix" classname="com.opengamma.strata.collect.MessagesTest" time="0"/>
  <testcase name="test_of_ioException" classname="com.opengamma.strata.collect.io.PropertiesFileTest" time="0"/>
  <testcase name="test_of_list" classname="com.opengamma.strata.collect.io.PropertiesFileTest" time="0"/>
  <testcase name="test_of_noLists" classname="com.opengamma.strata.collect.io.PropertiesFileTest" time="0.001"/>
  <testcase name="test_of_propertyNoEquals" classname="com.opengamma.strata.collect.io.PropertiesFileTest" time="0"/>
  <testcase name="test_of_set" classname="com.opengamma.strata.collect.io.PropertiesFileTest" time="0"/>
  <testcase name="test_toCombinedFuture" classname="com.opengamma.strata.collect.GuavateTest" time="0.001"/>
  <testcase name="coverage" classname="com.opengamma.strata.collect.io.ResourceConfigTest" time="0"/>
  <testcase name="test_toCombinedFutureMap" classname="com.opengamma.strata.collect.GuavateTest" time="0.006"/>
  <testcase name="test_empty" classname="com.opengamma.strata.collect.io.PropertySetTest" time="0.007"/>
  <testcase name="test_toImmutableList" classname="com.opengamma.strata.collect.GuavateTest" time="0"/>
  <testcase name="test_equalsHashCode" classname="com.opengamma.strata.collect.io.PropertySetTest" time="0"/>
  <testcase name="test_of_map" classname="com.opengamma.strata.collect.io.PropertySetTest" time="0"/>
  <testcase name="test_toImmutableListMultimap_key" classname="com.opengamma.strata.collect.GuavateTest" time="0.046"/>
  <testcase name="test_of_multimap" classname="com.opengamma.strata.collect.io.PropertySetTest" time="0.046"/>
  <testcase name="test_overrideWith" classname="com.opengamma.strata.collect.io.PropertySetTest" time="0"/>
  <testcase name="test_overrideWith_emptyBase" classname="com.opengamma.strata.collect.io.PropertySetTest" time="0"/>
  <testcase name="test_overrideWith_emptyOther" classname="com.opengamma.strata.collect.io.PropertySetTest" time="0"/>
  <testcase name="test_toImmutableListMultimap_keyValue" classname="com.opengamma.strata.collect.GuavateTest" time="0"/>
  <testcase name="test_equalsHashCode" classname="com.opengamma.strata.collect.io.ResourceLocatorTest" time="0"/>
  <testcase name="test_toImmutableMap_key" classname="com.opengamma.strata.collect.GuavateTest" time="0"/>
  <testcase name="test_toImmutableMap_keyValue" classname="com.opengamma.strata.collect.GuavateTest" time="0"/>
  <testcase name="test_ofClasspath" classname="com.opengamma.strata.collect.io.ResourceLocatorTest" time="0"/>
  <testcase name="test_ofChained_autoChain" classname="com.opengamma.strata.collect.io.ResourceConfigTest" time="0"/>
  <testcase name="test_toImmutableMap_keyValue_duplicateKeys" classname="com.opengamma.strata.collect.GuavateTest" time="0.001"/>
  <testcase name="test_ofClasspathUrl" classname="com.opengamma.strata.collect.io.ResourceLocatorTest" time="0"/>
  <testcase name="test_toImmutableMap_key_duplicateKeys" classname="com.opengamma.strata.collect.GuavateTest" time="0.001"/>
  <testcase name="test_ofClasspath_relative" classname="com.opengamma.strata.collect.io.ResourceLocatorTest" time="0"/>
  <testcase name="test_toImmutableMap_mergeFn" classname="com.opengamma.strata.collect.GuavateTest" time="0.002"/>
  <testcase name="test_ofChained_chainNextFileFalse" classname="com.opengamma.strata.collect.io.ResourceConfigTest" time="0.001"/>
  <testcase name="test_ofFile" classname="com.opengamma.strata.collect.io.ResourceLocatorTest" time="0"/>
  <testcase name="test_ofPath" classname="com.opengamma.strata.collect.io.ResourceLocatorTest" time="0"/>
  <testcase name="test_validUtilityClass" classname="com.opengamma.strata.collect.MessagesTest" time="0"/>
  <testcase name="test_ofChained_chainNextFileTrue" classname="com.opengamma.strata.collect.io.ResourceConfigTest" time="0.003"/>
  <testcase name="allSuccess_collection" classname="com.opengamma.strata.collect.result.ResultTest" time="0.011"/>
  <testcase name="allSuccess_varargs" classname="com.opengamma.strata.collect.result.ResultTest" time="0.002"/>
  <testcase name="test_ofChained_chainRemoveSections" classname="com.opengamma.strata.collect.io.ResourceConfigTest" time="0.011"/>
  <testcase name="test_ofChained_chainToNowhere" classname="com.opengamma.strata.collect.io.ResourceConfigTest" time="0.004"/>
  <testcase name="test_orderedResources" classname="com.opengamma.strata.collect.io.ResourceConfigTest" time="0.004"/>
  <testcase name="anyFailures_collection" classname="com.opengamma.strata.collect.result.ResultTest" time="0.015"/>
  <testcase name="anyFailures_varargs" classname="com.opengamma.strata.collect.result.ResultTest" time="0"/>
  <testcase name="assert_failure" classname="com.opengamma.strata.collect.result.ResultTest" time="0"/>
  <testcase name="assert_success" classname="com.opengamma.strata.collect.result.ResultTest" time="0"/>
  <testcase name="test_toImmutableMultiset" classname="com.opengamma.strata.collect.GuavateTest" time="0"/>
  <testcase name="assert_success_combineWith_failure" classname="com.opengamma.strata.collect.result.ResultTest" time="0.003"/>
  <testcase name="assert_success_combineWith_success" classname="com.opengamma.strata.collect.result.ResultTest" time="0"/>
  <testcase name="assert_success_flatMap" classname="com.opengamma.strata.collect.result.ResultTest" time="0"/>
  <testcase name="test_toImmutableSet" classname="com.opengamma.strata.collect.GuavateTest" time="0"/>
  <testcase name="test_toImmutableSetMultimap_key" classname="com.opengamma.strata.collect.GuavateTest" time="0.007"/>
  <testcase name="test_toImmutableSetMultimap_keyValue" classname="com.opengamma.strata.collect.GuavateTest" time="0.011"/>
  <testcase name="test_orderedResources_notFound" classname="com.opengamma.strata.collect.io.ResourceConfigTest" time="0"/>
  <testcase name="assert_success_getFailure" classname="com.opengamma.strata.collect.result.ResultTest" time="0.002"/>
  <testcase name="test_ofPath_fileInZipFile" classname="com.opengamma.strata.collect.io.ResourceLocatorTest" time="0.002"/>
  <testcase name="assert_success_map" classname="com.opengamma.strata.collect.result.ResultTest" time="0"/>
  <testcase name="test_ofPath_zipFile" classname="com.opengamma.strata.collect.io.ResourceLocatorTest" time="0"/>
  <testcase name="test_ofUrl" classname="com.opengamma.strata.collect.io.ResourceLocatorTest" time="0.001"/>
  <testcase name="combine_iterableWithFailures" classname="com.opengamma.strata.collect.result.ResultTest" time="0.003"/>
  <testcase name="test_of_classpath" classname="com.opengamma.strata.collect.io.ResourceLocatorTest" time="0.001"/>
  <testcase name="test_of_fileNoPrefix" classname="com.opengamma.strata.collect.io.ResourceLocatorTest" time="0.001"/>
  <testcase name="test_toImmutableSortedMap_key" classname="com.opengamma.strata.collect.GuavateTest" time="0.001"/>
  <testcase name="test_toImmutableSortedMap_keyValue" classname="com.opengamma.strata.collect.GuavateTest" time="0.001"/>
  <testcase name="combine_iterableWithSuccesses" classname="com.opengamma.strata.collect.result.ResultTest" time="0"/>
  <testcase name="test_toImmutableSortedMap_keyValue_duplicateKeys" classname="com.opengamma.strata.collect.GuavateTest" time="0.001"/>
  <testcase name="combine_iterableWithSuccesses_throws" classname="com.opengamma.strata.collect.result.ResultTest" time="0"/>
  <testcase name="test_of_filePrefixed" classname="com.opengamma.strata.collect.io.ResourceLocatorTest" time="0.001"/>
  <testcase name="test_toImmutableSortedMap_key_duplicateKeys" classname="com.opengamma.strata.collect.GuavateTest" time="0.001"/>
  <testcase name="countFailures_collection" classname="com.opengamma.strata.collect.result.ResultTest" time="0.002"/>
  <testcase name="test_of_invalid" classname="com.opengamma.strata.collect.io.ResourceLocatorTest" time="0.002"/>
  <testcase name="countFailures_varargs" classname="com.opengamma.strata.collect.result.ResultTest" time="0.001"/>
  <testcase name="coverage" classname="com.opengamma.strata.collect.tuple.TripleTest" time="0.004"/>
  <testcase name="test_compareTo" classname="com.opengamma.strata.collect.tuple.TripleTest" time="0"/>
  <testcase name="test_compareTo_notComparable" classname="com.opengamma.strata.collect.tuple.TripleTest" time="0.001"/>
  <testcase name="coverage" classname="com.opengamma.strata.collect.timeseries.SparseLocalDateDoubleTimeSeriesTest" time="0.001"/>
  <testcase name="test_toImmutableSortedSet" classname="com.opengamma.strata.collect.GuavateTest" time="0.001"/>
  <testcase name="test_toImmutableSortedSet_comparator" classname="com.opengamma.strata.collect.GuavateTest" time="0.001"/>
  <testcase name="test_validUtilityClass" classname="com.opengamma.strata.collect.GuavateTest" time="0"/>
  <testcase name="partition" classname="com.opengamma.strata.collect.timeseries.SparseLocalDateDoubleTimeSeriesTest" time="0"/>
  <testcase name="test_equals" classname="com.opengamma.strata.collect.tuple.TripleTest" time="0"/>
  <testcase name="test_equals_bad" classname="com.opengamma.strata.collect.tuple.TripleTest" time="0"/>
  <testcase name="test_hashCode" classname="com.opengamma.strata.collect.tuple.TripleTest" time="0.001"/>
  <testcase name="partitionByValue" classname="com.opengamma.strata.collect.timeseries.SparseLocalDateDoubleTimeSeriesTest" time="0.001"/>
  <testcase name="test_of_getters" classname="com.opengamma.strata.collect.tuple.TripleTest" time="0.001"/>
  <testcase name="test_of_getters" classname="com.opengamma.strata.collect.tuple.TripleTest" time="0"/>
  <testcase name="test_of_null" classname="com.opengamma.strata.collect.tuple.TripleTest" time="0"/>
  <testcase name="test_of_null" classname="com.opengamma.strata.collect.tuple.TripleTest" time="0"/>
  <testcase name="test_of_null" classname="com.opengamma.strata.collect.tuple.TripleTest" time="0"/>
  <testcase name="test_of_null" classname="com.opengamma.strata.collect.tuple.TripleTest" time="0"/>
  <testcase name="test_combineWith_intersectionWithAllMatchingElements" classname="com.opengamma.strata.collect.timeseries.SparseLocalDateDoubleTimeSeriesTest" time="0"/>
  <testcase name="test_combineWith_intersectionWithNoMatchingElements" classname="com.opengamma.strata.collect.timeseries.SparseLocalDateDoubleTimeSeriesTest" time="0"/>
  <testcase name="test_combineWith_intersectionWithSomeMatchingElements" classname="com.opengamma.strata.collect.timeseries.SparseLocalDateDoubleTimeSeriesTest" time="0.001"/>
  <testcase name="test_combineWith_intersectionWithSomeMatchingElements2" classname="com.opengamma.strata.collect.timeseries.SparseLocalDateDoubleTimeSeriesTest" time="0.001"/>
  <testcase name="test_dateStream" classname="com.opengamma.strata.collect.timeseries.SparseLocalDateDoubleTimeSeriesTest" time="0.001"/>
  <testcase name="test_zip" classname="com.opengamma.strata.collect.GuavateTest" time="0.002"/>
  <testcase name="test_sizeElements" classname="com.opengamma.strata.collect.tuple.TripleTest" time="0.002"/>
  <testcase name="test_sizeElements" classname="com.opengamma.strata.collect.tuple.TripleTest" time="0"/>
  <testcase name="test_earliestLatest" classname="com.opengamma.strata.collect.timeseries.SparseLocalDateDoubleTimeSeriesTest" time="0"/>
  <testcase name="test_toString" classname="com.opengamma.strata.collect.tuple.TripleTest" time="0"/>
  <testcase name="test_toString" classname="com.opengamma.strata.collect.tuple.TripleTest" time="0.001"/>
  <testcase name="test_toString" classname="com.opengamma.strata.collect.tuple.TripleTest" time="0"/>
  <testcase name="test_zipWithIndex" classname="com.opengamma.strata.collect.GuavateTest" time="0.001"/>
  <testcase name="test_zipWithIndex_empty" classname="com.opengamma.strata.collect.GuavateTest" time="0"/>
  <testcase name="test_zip_empty" classname="com.opengamma.strata.collect.GuavateTest" time="0"/>
  <testcase name="test_zip_firstLonger" classname="com.opengamma.strata.collect.GuavateTest" time="0.001"/>
  <testcase name="test_compareTo" classname="com.opengamma.strata.collect.TypedStringTest" time="0.001"/>
  <testcase name="test_equalsHashCode" classname="com.opengamma.strata.collect.TypedStringTest" time="0"/>
  <testcase name="test_earliestLatest_whenEmpty" classname="com.opengamma.strata.collect.timeseries.SparseLocalDateDoubleTimeSeriesTest" time="0"/>
  <testcase name="test_zip_secondLonger" classname="com.opengamma.strata.collect.GuavateTest" time="0"/>
  <testcase name="coverage" classname="com.opengamma.strata.collect.result.ResultTest" time="0.001"/>
  <testcase name="createByBuilder_bothValueAndFailure" classname="com.opengamma.strata.collect.result.ResultTest" time="0.002"/>
  <testcase name="createByBuilder_neitherValueNorFailure" classname="com.opengamma.strata.collect.result.ResultTest" time="0"/>
  <testcase name="test_emptySeries" classname="com.opengamma.strata.collect.timeseries.SparseLocalDateDoubleTimeSeriesTest" time="0"/>
  <testcase name="equalsHashCode" classname="com.opengamma.strata.collect.result.ResultTest" time="0.001"/>
  <testcase name="test_biConsumer_fail1" classname="com.opengamma.strata.collect.UncheckedTest" time="0"/>
  <testcase name="test_jodaConvert" classname="com.opengamma.strata.collect.TypedStringTest" time="0"/>
  <testcase name="test_of" classname="com.opengamma.strata.collect.TypedStringTest" time="0"/>
  <testcase name="test_equals_bad" classname="com.opengamma.strata.collect.timeseries.SparseLocalDateDoubleTimeSeriesTest" time="0"/>
  <testcase name="test_biConsumer_fail2" classname="com.opengamma.strata.collect.UncheckedTest" time="0"/>
  <testcase name="test_equals_notEqual" classname="com.opengamma.strata.collect.timeseries.SparseLocalDateDoubleTimeSeriesTest" time="0"/>
  <testcase name="failure" classname="com.opengamma.strata.collect.result.ResultTest" time="0.001"/>
  <testcase name="test_biConsumer_success" classname="com.opengamma.strata.collect.UncheckedTest" time="0"/>
  <testcase name="failureDeduplicateFailure" classname="com.opengamma.strata.collect.result.ResultTest" time="0"/>
  <testcase name="test_of_invalid" classname="com.opengamma.strata.collect.TypedStringTest" time="0.001"/>
  <testcase name="test_equals_similarSeriesAreEqual" classname="com.opengamma.strata.collect.timeseries.SparseLocalDateDoubleTimeSeriesTest" time="0"/>
  <testcase name="failureDifferentTypes" classname="com.opengamma.strata.collect.result.ResultTest" time="0.001"/>
  <testcase name="test_filter_byDate" classname="com.opengamma.strata.collect.timeseries.SparseLocalDateDoubleTimeSeriesTest" time="0.001"/>
  <testcase name="test_of_validated" classname="com.opengamma.strata.collect.TypedStringTest" time="0"/>
  <testcase name="test_biFunction_fail1" classname="com.opengamma.strata.collect.UncheckedTest" time="0"/>
  <testcase name="failureSameType" classname="com.opengamma.strata.collect.result.ResultTest" time="0"/>
  <testcase name="test_filter_byDateAndValue" classname="com.opengamma.strata.collect.timeseries.SparseLocalDateDoubleTimeSeriesTest" time="0"/>
  <testcase name="test_filter_byValue" classname="com.opengamma.strata.collect.timeseries.SparseLocalDateDoubleTimeSeriesTest" time="0"/>
  <testcase name="test_biFunction_fail2" classname="com.opengamma.strata.collect.UncheckedTest" time="0.001"/>
  <testcase name="test_biFunction_success" classname="com.opengamma.strata.collect.UncheckedTest" time="0"/>
  <testcase name="test_forEach" classname="com.opengamma.strata.collect.timeseries.SparseLocalDateDoubleTimeSeriesTest" time="0"/>
  <testcase name="test_biPredicate_fail1" classname="com.opengamma.strata.collect.UncheckedTest" time="0.002"/>
  <testcase name="test_of_validated_invalid" classname="com.opengamma.strata.collect.TypedStringTest" time="0.005"/>
  <testcase name="test_serialization" classname="com.opengamma.strata.collect.TypedStringTest" time="0.002"/>
  <testcase name="failure_combineWith_failure" classname="com.opengamma.strata.collect.result.ResultTest" time="0"/>
  <testcase name="failure_combineWith_success" classname="com.opengamma.strata.collect.result.ResultTest" time="0.001"/>
  <testcase name="failure_flatMap_throwing" classname="com.opengamma.strata.collect.result.ResultTest" time="0.001"/>
  <testcase name="failure_fromFailure" classname="com.opengamma.strata.collect.result.ResultTest" time="0"/>
  <testcase name="failure_fromResult_failure" classname="com.opengamma.strata.collect.result.ResultTest" time="0.001"/>
  <testcase name="failure_fromResult_success" classname="com.opengamma.strata.collect.result.ResultTest" time="0"/>
  <testcase name="test_biPredicate_fail2" classname="com.opengamma.strata.collect.UncheckedTest" time="0.001"/>
  <testcase name="test_headSeries" classname="com.opengamma.strata.collect.timeseries.SparseLocalDateDoubleTimeSeriesTest" time="0.001"/>
  <testcase name="test_headSeries" classname="com.opengamma.strata.collect.timeseries.SparseLocalDateDoubleTimeSeriesTest" time="0"/>
  <testcase name="test_headSeries" classname="com.opengamma.strata.collect.timeseries.SparseLocalDateDoubleTimeSeriesTest" time="0"/>
  <testcase name="test_headSeries" classname="com.opengamma.strata.collect.timeseries.SparseLocalDateDoubleTimeSeriesTest" time="0"/>
  <testcase name="test_headSeries" classname="com.opengamma.strata.collect.timeseries.SparseLocalDateDoubleTimeSeriesTest" time="0"/>
  <testcase name="test_headSeries" classname="com.opengamma.strata.collect.timeseries.SparseLocalDateDoubleTimeSeriesTest" time="0"/>
  <testcase name="test_headSeries" classname="com.opengamma.strata.collect.timeseries.SparseLocalDateDoubleTimeSeriesTest" time="0"/>
  <testcase name="failure_fromResults_collection" classname="com.opengamma.strata.collect.result.ResultTest" time="0"/>
  <testcase name="failure_fromResults_collection_allSuccess" classname="com.opengamma.strata.collect.result.ResultTest" time="0"/>
  <testcase name="failure_fromResults_varargs1" classname="com.opengamma.strata.collect.result.ResultTest" time="0"/>
  <testcase name="test_headSeries_emptySeries" classname="com.opengamma.strata.collect.timeseries.SparseLocalDateDoubleTimeSeriesTest" time="0"/>
  <testcase name="test_headSeries_emptySeries" classname="com.opengamma.strata.collect.timeseries.SparseLocalDateDoubleTimeSeriesTest" time="0"/>
  <testcase name="test_headSeries_emptySeries" classname="com.opengamma.strata.collect.timeseries.SparseLocalDateDoubleTimeSeriesTest" time="0"/>
  <testcase name="test_headSeries_emptySeries" classname="com.opengamma.strata.collect.timeseries.SparseLocalDateDoubleTimeSeriesTest" time="0"/>
  <testcase name="test_headSeries_emptySeries" classname="com.opengamma.strata.collect.timeseries.SparseLocalDateDoubleTimeSeriesTest" time="0"/>
  <testcase name="test_headSeries_emptySeries" classname="com.opengamma.strata.collect.timeseries.SparseLocalDateDoubleTimeSeriesTest" time="0"/>
  <testcase name="test_headSeries_emptySeries" classname="com.opengamma.strata.collect.timeseries.SparseLocalDateDoubleTimeSeriesTest" time="0"/>
  <testcase name="failure_fromResults_varargs2" classname="com.opengamma.strata.collect.result.ResultTest" time="0"/>
  <testcase name="failure_fromResults_varargs_allSuccess" classname="com.opengamma.strata.collect.result.ResultTest" time="0"/>
  <testcase name="test_headSeries_negative" classname="com.opengamma.strata.collect.timeseries.SparseLocalDateDoubleTimeSeriesTest" time="0"/>
  <testcase name="test_immutableDatesViaBeanGet" classname="com.opengamma.strata.collect.timeseries.SparseLocalDateDoubleTimeSeriesTest" time="0"/>
  <testcase name="test_immutableValuesViaBeanGet" classname="com.opengamma.strata.collect.timeseries.SparseLocalDateDoubleTimeSeriesTest" time="0"/>
  <testcase name="test_immutableViaBeanBuilder" classname="com.opengamma.strata.collect.timeseries.SparseLocalDateDoubleTimeSeriesTest" time="0"/>
  <testcase name="test_toCharSource_noBomUtf8" classname="com.opengamma.strata.collect.io.UnicodeBomTest" time="0.005"/>
  <testcase name="failure_fromStatusMessageArgs_placeholdersExceedArgs" classname="com.opengamma.strata.collect.result.ResultTest" time="0"/>
  <testcase name="test_biPredicate_success" classname="com.opengamma.strata.collect.UncheckedTest" time="0"/>
  <testcase name="failure_fromStatusMessageArgs_placeholdersLessThanArgs1" classname="com.opengamma.strata.collect.result.ResultTest" time="0"/>
  <testcase name="test_toReader_almostBomUtf16BE" classname="com.opengamma.strata.collect.io.UnicodeBomTest" time="0"/>
  <testcase name="failure_fromStatusMessageArgs_placeholdersLessThanArgs2" classname="com.opengamma.strata.collect.result.ResultTest" time="0"/>
  <testcase name="test_toReader_almostBomUtf16LE" classname="com.opengamma.strata.collect.io.UnicodeBomTest" time="0"/>
  <testcase name="failure_fromStatusMessageArgs_placeholdersLessThanArgs3" classname="com.opengamma.strata.collect.result.ResultTest" time="0"/>
  <testcase name="test_toReader_bomUtf16BE" classname="com.opengamma.strata.collect.io.UnicodeBomTest" time="0"/>
  <testcase name="failure_fromStatusMessageArgs_placeholdersMatchArgs1" classname="com.opengamma.strata.collect.result.ResultTest" time="0"/>
  <testcase name="test_toReader_bomUtf16BE_short" classname="com.opengamma.strata.collect.io.UnicodeBomTest" time="0"/>
  <testcase name="test_toReader_bomUtf16LE" classname="com.opengamma.strata.collect.io.UnicodeBomTest" time="0"/>
  <testcase name="failure_fromStatusMessageArgs_placeholdersMatchArgs2" classname="com.opengamma.strata.collect.result.ResultTest" time="0"/>
  <testcase name="test_toReader_bomUtf16LE_short" classname="com.opengamma.strata.collect.io.UnicodeBomTest" time="0"/>
  <testcase name="test_binaryOperator_fail1" classname="com.opengamma.strata.collect.UncheckedTest" time="0"/>
  <testcase name="test_toReader_bomUtf8" classname="com.opengamma.strata.collect.io.UnicodeBomTest" time="0"/>
  <testcase name="failure_getValue" classname="com.opengamma.strata.collect.result.ResultTest" time="0"/>
  <testcase name="test_toReader_noBomUtf8" classname="com.opengamma.strata.collect.io.UnicodeBomTest" time="0"/>
  <testcase name="test_toReader_notBomUtf16LE" classname="com.opengamma.strata.collect.io.UnicodeBomTest" time="0"/>
  <testcase name="test_binaryOperator_fail2" classname="com.opengamma.strata.collect.UncheckedTest" time="0"/>
  <testcase name="failure_map_flatMap_ifSuccess" classname="com.opengamma.strata.collect.result.ResultTest" time="0"/>
  <testcase name="test_toString_bomUtf16BE" classname="com.opengamma.strata.collect.io.UnicodeBomTest" time="0"/>
  <testcase name="test_toString_bomUtf16LE" classname="com.opengamma.strata.collect.io.UnicodeBomTest" time="0"/>
  <testcase name="test_binaryOperator_success" classname="com.opengamma.strata.collect.UncheckedTest" time="0"/>
  <testcase name="test_toString_bomUtf8" classname="com.opengamma.strata.collect.io.UnicodeBomTest" time="0"/>
  <testcase name="test_toString_noBomUtf8" classname="com.opengamma.strata.collect.io.UnicodeBomTest" time="0"/>
  <testcase name="failure_map_throwing" classname="com.opengamma.strata.collect.result.ResultTest" time="0"/>
  <testcase name="test_validUtilityClass" classname="com.opengamma.strata.collect.io.UnicodeBomTest" time="0"/>
  <testcase name="failure_stream" classname="com.opengamma.strata.collect.result.ResultTest" time="0"/>
  <testcase name="test_consumer_fail1" classname="com.opengamma.strata.collect.UncheckedTest" time="0"/>
  <testcase name="flatCombine_iterableWithFailures" classname="com.opengamma.strata.collect.result.ResultTest" time="0"/>
  <testcase name="test_consumer_fail2" classname="com.opengamma.strata.collect.UncheckedTest" time="0"/>
  <testcase name="flatCombine_iterableWithSuccesses_combineFails" classname="com.opengamma.strata.collect.result.ResultTest" time="0"/>
  <testcase name="test_consumer_success" classname="com.opengamma.strata.collect.UncheckedTest" time="0"/>
  <testcase name="coverage" classname="com.opengamma.strata.collect.result.ValueWithFailuresTest" time="0"/>
  <testcase name="test_function_fail1" classname="com.opengamma.strata.collect.UncheckedTest" time="0"/>
  <testcase name="test_function_fail2" classname="com.opengamma.strata.collect.UncheckedTest" time="0"/>
  <testcase name="test_function_success" classname="com.opengamma.strata.collect.UncheckedTest" time="0.001"/>
  <testcase name="test_mapDates" classname="com.opengamma.strata.collect.timeseries.SparseLocalDateDoubleTimeSeriesTest" time="0.001"/>
  <testcase name="test_mapDates_notAscending" classname="com.opengamma.strata.collect.timeseries.SparseLocalDateDoubleTimeSeriesTest" time="0.001"/>
  <testcase name="test_mapValues_addConstantToSeries" classname="com.opengamma.strata.collect.timeseries.SparseLocalDateDoubleTimeSeriesTest" time="0"/>
  <testcase name="flatCombine_iterableWithSuccesses_combineSucceeds" classname="com.opengamma.strata.collect.result.ResultTest" time="0.001"/>
  <testcase name="test_mapValues_invertSeries" classname="com.opengamma.strata.collect.timeseries.SparseLocalDateDoubleTimeSeriesTest" time="0.001"/>
  <testcase name="flatCombine_iterableWithSuccesses_combineThrows" classname="com.opengamma.strata.collect.result.ResultTest" time="0.001"/>
  <testcase name="generateFailureFromException" classname="com.opengamma.strata.collect.result.ResultTest" time="0"/>
  <testcase name="generateFailureFromExceptionWithCustomStatus" classname="com.opengamma.strata.collect.result.ResultTest" time="0"/>
  <testcase name="test_combinedWith" classname="com.opengamma.strata.collect.result.ValueWithFailuresTest" time="0.001"/>
  <testcase name="generateFailureFromExceptionWithCustomStatusAndMessage" classname="com.opengamma.strata.collect.result.ResultTest" time="0.001"/>
  <testcase name="test_predicate_fail1" classname="com.opengamma.strata.collect.UncheckedTest" time="0.001"/>
  <testcase name="generateFailureFromExceptionWithMessage" classname="com.opengamma.strata.collect.result.ResultTest" time="0"/>
  <testcase name="generatedStackTrace" classname="com.opengamma.strata.collect.result.ResultTest" time="0"/>
  <testcase name="generatedStackTrace_Failure" classname="com.opengamma.strata.collect.result.ResultTest" time="0"/>
  <testcase name="ofNullable_nonNull" classname="com.opengamma.strata.collect.result.ResultTest" time="0"/>
  <testcase name="test_combinedWith_differentTypes" classname="com.opengamma.strata.collect.result.ValueWithFailuresTest" time="0"/>
  <testcase name="ofNullable_null" classname="com.opengamma.strata.collect.result.ResultTest" time="0"/>
  <testcase name="of_with_exception" classname="com.opengamma.strata.collect.result.ResultTest" time="0.001"/>
  <testcase name="test_flatMap" classname="com.opengamma.strata.collect.result.ValueWithFailuresTest" time="0.001"/>
  <testcase name="test_map" classname="com.opengamma.strata.collect.result.ValueWithFailuresTest" time="0.001"/>
  <testcase name="test_of_array" classname="com.opengamma.strata.collect.result.ValueWithFailuresTest" time="0.001"/>
  <testcase name="test_of_array_noFailures" classname="com.opengamma.strata.collect.result.ValueWithFailuresTest" time="0"/>
  <testcase name="test_of_list" classname="com.opengamma.strata.collect.result.ValueWithFailuresTest" time="0"/>
  <testcase name="of_with_success" classname="com.opengamma.strata.collect.result.ResultTest" time="0.004"/>
  <testcase name="test_predicate_fail2" classname="com.opengamma.strata.collect.UncheckedTest" time="0"/>
  <testcase name="test_predicate_success" classname="com.opengamma.strata.collect.UncheckedTest" time="0"/>
  <testcase name="success" classname="com.opengamma.strata.collect.result.ResultTest" time="0"/>
  <testcase name="test_propagate" classname="com.opengamma.strata.collect.UncheckedTest" time="0"/>
  <testcase name="success_combineWith_failure" classname="com.opengamma.strata.collect.result.ResultTest" time="0"/>
  <testcase name="success_combineWith_success" classname="com.opengamma.strata.collect.result.ResultTest" time="0"/>
  <testcase name="test_runnable_fail1" classname="com.opengamma.strata.collect.UncheckedTest" time="0"/>
  <testcase name="test_mapValues_multiplySeries" classname="com.opengamma.strata.collect.timeseries.SparseLocalDateDoubleTimeSeriesTest" time="0.001"/>
  <testcase name="success_combineWith_success_throws" classname="com.opengamma.strata.collect.result.ResultTest" time="0"/>
  <testcase name="success_flatMap" classname="com.opengamma.strata.collect.result.ResultTest" time="0"/>
  <testcase name="test_serialization" classname="com.opengamma.strata.collect.result.ValueWithFailuresTest" time="0"/>
  <testcase name="test_of_collection" classname="com.opengamma.strata.collect.timeseries.SparseLocalDateDoubleTimeSeriesTest" time="0.001"/>
  <testcase name="test_of_collectionCollection" classname="com.opengamma.strata.collect.timeseries.SparseLocalDateDoubleTimeSeriesTest" time="0"/>
  <testcase name="success_flatMap_throwing" classname="com.opengamma.strata.collect.result.ResultTest" time="0"/>
  <testcase name="success_getFailure" classname="com.opengamma.strata.collect.result.ResultTest" time="0.001"/>
  <testcase name="success_map" classname="com.opengamma.strata.collect.result.ResultTest" time="0"/>
  <testcase name="test_of_collectionCollection_collectionsOfDifferentSize" classname="com.opengamma.strata.collect.timeseries.SparseLocalDateDoubleTimeSeriesTest" time="0"/>
  <testcase name="test_of_collectionCollection_dateCollectionNull" classname="com.opengamma.strata.collect.timeseries.SparseLocalDateDoubleTimeSeriesTest" time="0"/>
  <testcase name="success_map_throwing" classname="com.opengamma.strata.collect.result.ResultTest" time="0"/>
  <testcase name="test_of_collectionCollection_dateCollectionWithNull" classname="com.opengamma.strata.collect.timeseries.SparseLocalDateDoubleTimeSeriesTest" time="0"/>
  <testcase name="success_stream" classname="com.opengamma.strata.collect.result.ResultTest" time="0"/>
  <testcase name="test_toValueWithFailures" classname="com.opengamma.strata.collect.result.ValueWithFailuresTest" time="0.002"/>
  <testcase name="test_runnable_fail2" classname="com.opengamma.strata.collect.UncheckedTest" time="0.002"/>
  <testcase name="test_of_collectionCollection_sparse_differentSize" classname="com.opengamma.strata.collect.timeseries.SparseLocalDateDoubleTimeSeriesTest" time="0"/>
  <testcase name="test_version" classname="com.opengamma.strata.collect.VersionTest" time="0"/>
  <testcase name="wrap_with_exception" classname="com.opengamma.strata.collect.result.ResultTest" time="0.001"/>
  <testcase name="wrap_with_failure" classname="com.opengamma.strata.collect.result.ResultTest" time="0.001"/>
  <testcase name="wrap_with_success" classname="com.opengamma.strata.collect.result.ResultTest" time="0.001"/>
  <testcase name="test_supplier_fail1" classname="com.opengamma.strata.collect.UncheckedTest" time="0.003"/>
  <testcase name="test_of_collectionCollection_valueCollectionNull" classname="com.opengamma.strata.collect.timeseries.SparseLocalDateDoubleTimeSeriesTest" time="0"/>
  <testcase name="test_of_collectionCollection_valueCollectionWithNull" classname="com.opengamma.strata.collect.timeseries.SparseLocalDateDoubleTimeSeriesTest" time="0.004"/>
  <testcase name="test_supplier_fail2" classname="com.opengamma.strata.collect.UncheckedTest" time="0.006"/>
  <testcase name="test_supplier_success" classname="com.opengamma.strata.collect.UncheckedTest" time="0"/>
  <testcase name="test_unaryOperator_fail1" classname="com.opengamma.strata.collect.UncheckedTest" time="0.001"/>
  <testcase name="test_unaryOperator_fail2" classname="com.opengamma.strata.collect.UncheckedTest" time="0.001"/>
  <testcase name="test_unaryOperator_success" classname="com.opengamma.strata.collect.UncheckedTest" time="0.001"/>
  <testcase name="test_of_collection_collectionNull" classname="com.opengamma.strata.collect.timeseries.SparseLocalDateDoubleTimeSeriesTest" time="0"/>
  <testcase name="test_validUtilityClass" classname="com.opengamma.strata.collect.UncheckedTest" time="0"/>
  <testcase name="test_of_collection_collectionWithNull" classname="com.opengamma.strata.collect.timeseries.SparseLocalDateDoubleTimeSeriesTest" time="0"/>
  <testcase name="test_wrap_runnable1" classname="com.opengamma.strata.collect.UncheckedTest" time="0"/>
  <testcase name="test_of_map" classname="com.opengamma.strata.collect.timeseries.SparseLocalDateDoubleTimeSeriesTest" time="0"/>
  <testcase name="test_of_map_dateNull" classname="com.opengamma.strata.collect.timeseries.SparseLocalDateDoubleTimeSeriesTest" time="0.001"/>
  <testcase name="test_wrap_runnable2" classname="com.opengamma.strata.collect.UncheckedTest" time="0.001"/>
  <testcase name="test_of_map_null" classname="com.opengamma.strata.collect.timeseries.SparseLocalDateDoubleTimeSeriesTest" time="0"/>
  <testcase name="test_wrap_supplier" classname="com.opengamma.strata.collect.UncheckedTest" time="0.001"/>
  <testcase name="test_wrap_supplier2" classname="com.opengamma.strata.collect.UncheckedTest" time="0"/>
  <testcase name="coverage" classname="com.opengamma.strata.collect.io.XmlElementTest" time="0.001"/>
  <testcase name="test_ofChildren_empty" classname="com.opengamma.strata.collect.io.XmlElementTest" time="0.003"/>
  <testcase name="test_ofChildren_multi" classname="com.opengamma.strata.collect.io.XmlElementTest" time="0.002"/>
  <testcase name="test_ofChildren_one" classname="com.opengamma.strata.collect.io.XmlElementTest" time="0"/>
  <testcase name="test_of_map_valueNull" classname="com.opengamma.strata.collect.timeseries.SparseLocalDateDoubleTimeSeriesTest" time="0.002"/>
  <testcase name="test_of_singleton" classname="com.opengamma.strata.collect.timeseries.SparseLocalDateDoubleTimeSeriesTest" time="0"/>
  <testcase name="test_ofContent" classname="com.opengamma.strata.collect.io.XmlElementTest" time="0.003"/>
  <testcase name="test_ofContent_empty" classname="com.opengamma.strata.collect.io.XmlElementTest" time="0.001"/>
  <testcase name="test_of_singleton_nullDateDisallowed" classname="com.opengamma.strata.collect.timeseries.SparseLocalDateDoubleTimeSeriesTest" time="0.002"/>
  <testcase name="test_stream" classname="com.opengamma.strata.collect.timeseries.SparseLocalDateDoubleTimeSeriesTest" time="0"/>
  <testcase name="test_stream_withCollector" classname="com.opengamma.strata.collect.timeseries.SparseLocalDateDoubleTimeSeriesTest" time="0"/>
  <testcase name="test_subSeries" classname="com.opengamma.strata.collect.timeseries.SparseLocalDateDoubleTimeSeriesTest" time="0"/>
  <testcase name="test_subSeries" classname="com.opengamma.strata.collect.timeseries.SparseLocalDateDoubleTimeSeriesTest" time="0"/>
  <testcase name="test_subSeries" classname="com.opengamma.strata.collect.timeseries.SparseLocalDateDoubleTimeSeriesTest" time="0"/>
  <testcase name="test_subSeries" classname="com.opengamma.strata.collect.timeseries.SparseLocalDateDoubleTimeSeriesTest" time="0"/>
  <testcase name="test_subSeries" classname="com.opengamma.strata.collect.timeseries.SparseLocalDateDoubleTimeSeriesTest" time="0"/>
  <testcase name="test_subSeries" classname="com.opengamma.strata.collect.timeseries.SparseLocalDateDoubleTimeSeriesTest" time="0.001"/>
  <testcase name="test_subSeries" classname="com.opengamma.strata.collect.timeseries.SparseLocalDateDoubleTimeSeriesTest" time="0"/>
  <testcase name="test_subSeries_emptySeries" classname="com.opengamma.strata.collect.timeseries.SparseLocalDateDoubleTimeSeriesTest" time="0"/>
  <testcase name="test_subSeries_emptySeries" classname="com.opengamma.strata.collect.timeseries.SparseLocalDateDoubleTimeSeriesTest" time="0"/>
  <testcase name="test_subSeries_emptySeries" classname="com.opengamma.strata.collect.timeseries.SparseLocalDateDoubleTimeSeriesTest" time="0"/>
  <testcase name="test_subSeries_emptySeries" classname="com.opengamma.strata.collect.timeseries.SparseLocalDateDoubleTimeSeriesTest" time="0"/>
  <testcase name="test_subSeries_emptySeries" classname="com.opengamma.strata.collect.timeseries.SparseLocalDateDoubleTimeSeriesTest" time="0"/>
  <testcase name="test_subSeries_emptySeries" classname="com.opengamma.strata.collect.timeseries.SparseLocalDateDoubleTimeSeriesTest" time="0"/>
  <testcase name="test_subSeries_emptySeries" classname="com.opengamma.strata.collect.timeseries.SparseLocalDateDoubleTimeSeriesTest" time="0"/>
  <testcase name="test_subSeries_startAfterEnd" classname="com.opengamma.strata.collect.timeseries.SparseLocalDateDoubleTimeSeriesTest" time="0"/>
  <testcase name="test_tailSeries" classname="com.opengamma.strata.collect.timeseries.SparseLocalDateDoubleTimeSeriesTest" time="0"/>
  <testcase name="test_tailSeries" classname="com.opengamma.strata.collect.timeseries.SparseLocalDateDoubleTimeSeriesTest" time="0"/>
  <testcase name="test_tailSeries" classname="com.opengamma.strata.collect.timeseries.SparseLocalDateDoubleTimeSeriesTest" time="0"/>
  <testcase name="test_tailSeries" classname="com.opengamma.strata.collect.timeseries.SparseLocalDateDoubleTimeSeriesTest" time="0"/>
  <testcase name="test_tailSeries" classname="com.opengamma.strata.collect.timeseries.SparseLocalDateDoubleTimeSeriesTest" time="0.001"/>
  <testcase name="test_tailSeries" classname="com.opengamma.strata.collect.timeseries.SparseLocalDateDoubleTimeSeriesTest" time="0.001"/>
  <testcase name="test_tailSeries" classname="com.opengamma.strata.collect.timeseries.SparseLocalDateDoubleTimeSeriesTest" time="0.001"/>
  <testcase name="test_tailSeries_emptySeries" classname="com.opengamma.strata.collect.timeseries.SparseLocalDateDoubleTimeSeriesTest" time="0"/>
  <testcase name="test_tailSeries_emptySeries" classname="com.opengamma.strata.collect.timeseries.SparseLocalDateDoubleTimeSeriesTest" time="0"/>
  <testcase name="test_tailSeries_emptySeries" classname="com.opengamma.strata.collect.timeseries.SparseLocalDateDoubleTimeSeriesTest" time="0"/>
  <testcase name="test_tailSeries_emptySeries" classname="com.opengamma.strata.collect.timeseries.SparseLocalDateDoubleTimeSeriesTest" time="0"/>
  <testcase name="test_tailSeries_emptySeries" classname="com.opengamma.strata.collect.timeseries.SparseLocalDateDoubleTimeSeriesTest" time="0.001"/>
  <testcase name="test_tailSeries_emptySeries" classname="com.opengamma.strata.collect.timeseries.SparseLocalDateDoubleTimeSeriesTest" time="0"/>
  <testcase name="test_tailSeries_emptySeries" classname="com.opengamma.strata.collect.timeseries.SparseLocalDateDoubleTimeSeriesTest" time="0.001"/>
  <testcase name="test_tailSeries_negative" classname="com.opengamma.strata.collect.timeseries.SparseLocalDateDoubleTimeSeriesTest" time="0.009"/>
  <testcase name="test_valueStream" classname="com.opengamma.strata.collect.timeseries.SparseLocalDateDoubleTimeSeriesTest" time="0"/>
  <testcase name="test_equalsHashCodeToString" classname="com.opengamma.strata.collect.io.XmlFileTest" time="0.006"/>
  <testcase name="test_of_ByteSource" classname="com.opengamma.strata.collect.io.XmlFileTest" time="0.002"/>
  <testcase name="test_of_ByteSource_badEnd" classname="com.opengamma.strata.collect.io.XmlFileTest" time="0.009"/>
  <testcase name="test_of_ByteSource_ioException" classname="com.opengamma.strata.collect.io.XmlFileTest" time="0.001"/>
  <testcase name="test_of_ByteSource_mismatchedTags" classname="com.opengamma.strata.collect.io.XmlFileTest" time="0.002"/>
  <testcase name="test_of_ByteSource_namespace" classname="com.opengamma.strata.collect.io.XmlFileTest" time="0.002"/>
  <testcase name="test_of_ByteSource_parsedReferences" classname="com.opengamma.strata.collect.io.XmlFileTest" time="0.005"/>
  <testcase name="test_of_ByteSource_parsedReferences_ioException" classname="com.opengamma.strata.collect.io.XmlFileTest" time="0.001"/>
</testsuite>