<?xml version="1.0" encoding="UTF-8"?>
<!-- Generated by org.testng.reporters.JUnitReportReporter -->
<testsuite hostname="cyclone1" name="org.molgenis.data.importer.ImportRunServiceTest" tests="1" failures="0" timestamp="6 Jun 2018 08:45:52 GMT" time="0.165" errors="0">
  <testcase name="testCreateEnglishMailText" time="0.165" classname="org.molgenis.data.importer.ImportRunServiceTest"/>
</testsuite> <!-- org.molgenis.data.importer.ImportRunServiceTest -->
