<?xml version="1.0" encoding="UTF-8"?>
<!-- Generated by org.testng.reporters.JUnitReportReporter -->
<testsuite hostname="cyclone1" name="org.molgenis.data.importer.DataPersisterImplTest" tests="9" failures="0" timestamp="1 Jun 2018 11:34:32 GMT" time="1.042" errors="0">
  <testcase name="testPersistMetaUpdateDataAdd" time="0.133" classname="org.molgenis.data.importer.DataPersisterImplTest"/>
  <testcase name="testPersistMetaNoneDataAdd" time="0.647" classname="org.molgenis.data.importer.DataPersisterImplTest"/>
  <testcase name="testPersistMetaAddDataAddMappedByAttributes" time="0.013" classname="org.molgenis.data.importer.DataPersisterImplTest"/>
  <testcase name="testPersistMetaUpsertDataAdd" time="0.010" classname="org.molgenis.data.importer.DataPersisterImplTest"/>
  <testcase name="testPersistMetaNoneDataUpsert" time="0.165" classname="org.molgenis.data.importer.DataPersisterImplTest"/>
  <testcase name="testPersistMetaNoneDataAddAbstractEntityType" time="0.006" classname="org.molgenis.data.importer.DataPersisterImplTest"/>
  <testcase name="testGenericDataPersisterImpl" time="0.005" classname="org.molgenis.data.importer.DataPersisterImplTest"/>
  <testcase name="testPersistMetaAddDataAdd" time="0.055" classname="org.molgenis.data.importer.DataPersisterImplTest"/>
  <testcase name="testPersistMetaNoneDataUpdate" time="0.008" classname="org.molgenis.data.importer.DataPersisterImplTest"/>
</testsuite> <!-- org.molgenis.data.importer.DataPersisterImplTest -->
