<?xml version="1.0" encoding="UTF-8"?>
<!-- Generated by org.testng.reporters.JUnitReportReporter -->
<testsuite hostname="cyclone1" name="org.molgenis.data.importer.ImportRunTest" tests="2" failures="0" timestamp="6 Jun 2018 21:43:17 GMT" time="0.014" errors="0">
  <testcase name="testSetNotify" time="0.004" classname="org.molgenis.data.importer.ImportRunTest"/>
  <testcase name="testGetNotifyDefaultFalse" time="0.010" classname="org.molgenis.data.importer.ImportRunTest"/>
</testsuite> <!-- org.molgenis.data.importer.ImportRunTest -->
