<?xml version="1.0" encoding="UTF-8"?>
<!-- Generated by org.testng.reporters.JUnitReportReporter -->
<testsuite hostname="cyclone1" name="org.molgenis.data.importer.DataPersisterImplTest" tests="9" failures="0" timestamp="6 Jun 2018 21:43:17 GMT" time="0.430" errors="0">
  <testcase name="testPersistMetaUpdateDataAdd" time="0.148" classname="org.molgenis.data.importer.DataPersisterImplTest"/>
  <testcase name="testPersistMetaAddDataAddMappedByAttributes" time="0.014" classname="org.molgenis.data.importer.DataPersisterImplTest"/>
  <testcase name="testPersistMetaNoneDataAddAbstractEntityType" time="0.129" classname="org.molgenis.data.importer.DataPersisterImplTest"/>
  <testcase name="testGenericDataPersisterImpl" time="0.004" classname="org.molgenis.data.importer.DataPersisterImplTest"/>
  <testcase name="testPersistMetaUpsertDataAdd" time="0.056" classname="org.molgenis.data.importer.DataPersisterImplTest"/>
  <testcase name="testPersistMetaNoneDataUpsert" time="0.023" classname="org.molgenis.data.importer.DataPersisterImplTest"/>
  <testcase name="testPersistMetaAddDataAdd" time="0.039" classname="org.molgenis.data.importer.DataPersisterImplTest"/>
  <testcase name="testPersistMetaNoneDataAdd" time="0.010" classname="org.molgenis.data.importer.DataPersisterImplTest"/>
  <testcase name="testPersistMetaNoneDataUpdate" time="0.007" classname="org.molgenis.data.importer.DataPersisterImplTest"/>
</testsuite> <!-- org.molgenis.data.importer.DataPersisterImplTest -->
