<?xml version="1.0" encoding="UTF-8"?>
<!-- Generated by org.testng.reporters.JUnitReportReporter -->
<testsuite hostname="cyclone1" name="org.molgenis.data.importer.emx.IntermediateParseResultsTest" tests="1" failures="0" timestamp="6 Jun 2018 14:18:28 GMT" time="1.973" errors="0">
  <testcase name="testAddEntityType" time="1.973" classname="org.molgenis.data.importer.emx.IntermediateParseResultsTest"/>
</testsuite> <!-- org.molgenis.data.importer.emx.IntermediateParseResultsTest -->
