<?xml version="1.0" encoding="UTF-8"?>
<!-- Generated by org.testng.reporters.JUnitReportReporter -->
<testsuite hostname="cyclone1" name="org.molgenis.data.importer.ImportRunTest" tests="2" failures="0" timestamp="1 Jun 2018 11:34:32 GMT" time="0.029" errors="0">
  <testcase name="testGetNotifyDefaultFalse" time="0.022" classname="org.molgenis.data.importer.ImportRunTest"/>
  <testcase name="testSetNotify" time="0.007" classname="org.molgenis.data.importer.ImportRunTest"/>
</testsuite> <!-- org.molgenis.data.importer.ImportRunTest -->
