<?xml version="1.0" encoding="UTF-8"?>
<!-- Generated by org.testng.reporters.JUnitReportReporter -->
<testsuite hostname="cyclone1" name="org.molgenis.data.importer.ImportRunTest" tests="2" failures="0" timestamp="30 May 2018 12:51:17 GMT" time="0.003" errors="0">
  <testcase name="testGetNotifyDefaultFalse" time="0.000" classname="org.molgenis.data.importer.ImportRunTest"/>
  <testcase name="testSetNotify" time="0.003" classname="org.molgenis.data.importer.ImportRunTest"/>
</testsuite> <!-- org.molgenis.data.importer.ImportRunTest -->
