<?xml version="1.0" encoding="UTF-8"?>
<!-- Generated by org.testng.reporters.JUnitReportReporter -->
<testsuite hostname="cyclone1" name="org.molgenis.data.importer.DataPersisterImplTest" tests="9" failures="0" timestamp="7 Jun 2018 14:47:27 GMT" time="0.591" errors="0">
  <testcase name="testPersistMetaNoneDataUpdate" time="0.234" classname="org.molgenis.data.importer.DataPersisterImplTest"/>
  <testcase name="testPersistMetaAddDataAddMappedByAttributes" time="0.018" classname="org.molgenis.data.importer.DataPersisterImplTest"/>
  <testcase name="testPersistMetaUpsertDataAdd" time="0.013" classname="org.molgenis.data.importer.DataPersisterImplTest"/>
  <testcase name="testPersistMetaUpdateDataAdd" time="0.226" classname="org.molgenis.data.importer.DataPersisterImplTest"/>
  <testcase name="testPersistMetaNoneDataAdd" time="0.008" classname="org.molgenis.data.importer.DataPersisterImplTest"/>
  <testcase name="testPersistMetaNoneDataAddAbstractEntityType" time="0.008" classname="org.molgenis.data.importer.DataPersisterImplTest"/>
  <testcase name="testPersistMetaAddDataAdd" time="0.054" classname="org.molgenis.data.importer.DataPersisterImplTest"/>
  <testcase name="testGenericDataPersisterImpl" time="0.005" classname="org.molgenis.data.importer.DataPersisterImplTest"/>
  <testcase name="testPersistMetaNoneDataUpsert" time="0.025" classname="org.molgenis.data.importer.DataPersisterImplTest"/>
</testsuite> <!-- org.molgenis.data.importer.DataPersisterImplTest -->
