<?xml version="1.0" encoding="UTF-8"?>
<!-- Generated by org.testng.reporters.JUnitReportReporter -->
<testsuite hostname="cyclone1" name="org.molgenis.data.importer.ImportRunTest" tests="2" failures="0" timestamp="7 Jun 2018 14:47:27 GMT" time="0.018" errors="0">
  <testcase name="testSetNotify" time="0.007" classname="org.molgenis.data.importer.ImportRunTest"/>
  <testcase name="testGetNotifyDefaultFalse" time="0.011" classname="org.molgenis.data.importer.ImportRunTest"/>
</testsuite> <!-- org.molgenis.data.importer.ImportRunTest -->
