<?xml version="1.0" encoding="UTF-8"?>
<!-- Generated by org.testng.reporters.JUnitReportReporter -->
<testsuite hostname="cyclone1" name="org.molgenis.data.importer.emx.EmxDataProviderTest" tests="9" failures="0" timestamp="1 Jun 2018 11:34:32 GMT" time="0.173" errors="0">
  <testcase name="testHasEntitiesFalse" time="0.003" classname="org.molgenis.data.importer.emx.EmxDataProviderTest"/>
  <testcase name="testGetEntitiesAlternativeEntityTypeIdUnknownRepository" time="0.006" classname="org.molgenis.data.importer.emx.EmxDataProviderTest"/>
  <testcase name="testHasEntitiesTrue" time="0.001" classname="org.molgenis.data.importer.emx.EmxDataProviderTest"/>
  <testcase name="testHasEntitiesAlternativeEntityTypeIdFalse" time="0.001" classname="org.molgenis.data.importer.emx.EmxDataProviderTest"/>
  <testcase name="testGetEntitiesAlternativeEntityTypeId" time="0.002" classname="org.molgenis.data.importer.emx.EmxDataProviderTest"/>
  <testcase name="testGetEntitiesUnknownRepository" time="0.002" classname="org.molgenis.data.importer.emx.EmxDataProviderTest"/>
  <testcase name="testGetEntityTypes" time="0.118" classname="org.molgenis.data.importer.emx.EmxDataProviderTest"/>
  <testcase name="testGetEntities" time="0.038" classname="org.molgenis.data.importer.emx.EmxDataProviderTest"/>
  <testcase name="testHasEntitiesAlternativeEntityTypeIdTrue" time="0.002" classname="org.molgenis.data.importer.emx.EmxDataProviderTest"/>
</testsuite> <!-- org.molgenis.data.importer.emx.EmxDataProviderTest -->
