<?xml version="1.0" encoding="UTF-8"?>
<!-- Generated by org.testng.reporters.JUnitReportReporter -->
<testsuite hostname="cyclone1" name="org.molgenis.data.importer.DataPersisterImplTest" tests="9" failures="0" timestamp="4 Jun 2018 11:13:53 GMT" time="0.378" errors="0">
  <testcase name="testGenericDataPersisterImpl" time="0.005" classname="org.molgenis.data.importer.DataPersisterImplTest"/>
  <testcase name="testPersistMetaNoneDataUpdate" time="0.017" classname="org.molgenis.data.importer.DataPersisterImplTest"/>
  <testcase name="testPersistMetaAddDataAddMappedByAttributes" time="0.122" classname="org.molgenis.data.importer.DataPersisterImplTest"/>
  <testcase name="testPersistMetaNoneDataAdd" time="0.006" classname="org.molgenis.data.importer.DataPersisterImplTest"/>
  <testcase name="testPersistMetaNoneDataUpsert" time="0.022" classname="org.molgenis.data.importer.DataPersisterImplTest"/>
  <testcase name="testPersistMetaUpdateDataAdd" time="0.100" classname="org.molgenis.data.importer.DataPersisterImplTest"/>
  <testcase name="testPersistMetaNoneDataAddAbstractEntityType" time="0.006" classname="org.molgenis.data.importer.DataPersisterImplTest"/>
  <testcase name="testPersistMetaUpsertDataAdd" time="0.062" classname="org.molgenis.data.importer.DataPersisterImplTest"/>
  <testcase name="testPersistMetaAddDataAdd" time="0.038" classname="org.molgenis.data.importer.DataPersisterImplTest"/>
</testsuite> <!-- org.molgenis.data.importer.DataPersisterImplTest -->
