<?xml version="1.0" encoding="UTF-8"?>
<testsuite xmlns:xsi="http://www.w3.org/2001/XMLSchema-instance" xsi:noNamespaceSchemaLocation="https://maven.apache.org/surefire/maven-surefire-plugin/xsd/surefire-test-report.xsd" name="org.zalando.riptide.failsafe.RetryAfterDelayFunctionTest" time="3.372" tests="5" errors="2" skipped="0" failures="0">
  <properties>
    <property name="awt.toolkit" value="sun.awt.X11.XToolkit"/>
    <property name="file.encoding.pkg" value="sun.io"/>
    <property name="java.specification.version" value="1.8"/>
    <property name="sun.cpu.isalist" value=""/>
    <property name="sun.jnu.encoding" value="UTF-8"/>
    <property name="java.class.path" value="/root/workspace/zalando/riptide/385013978/riptide-failsafe/target/test-classes:/root/workspace/zalando/riptide/385013978/riptide-failsafe/target/classes:/root/workspace/zalando/riptide/385013978/riptide-core/target/classes:/root/./workspace/zalando/riptide/385013978/.m2/org/springframework/spring-web/4.3.14.RELEASE/spring-web-4.3.14.RELEASE.jar:/root/./workspace/zalando/riptide/385013978/.m2/org/springframework/spring-aop/4.3.15.RELEASE/spring-aop-4.3.15.RELEASE.jar:/root/./workspace/zalando/riptide/385013978/.m2/org/springframework/spring-beans/4.3.15.RELEASE/spring-beans-4.3.15.RELEASE.jar:/root/./workspace/zalando/riptide/385013978/.m2/org/springframework/spring-context/4.3.15.RELEASE/spring-context-4.3.15.RELEASE.jar:/root/./workspace/zalando/riptide/385013978/.m2/org/springframework/spring-expression/4.3.15.RELEASE/spring-expression-4.3.15.RELEASE.jar:/root/./workspace/zalando/riptide/385013978/.m2/net/jodah/failsafe/1.1.0/failsafe-1.1.0.jar:/root/./workspace/zalando/riptide/385013978/.m2/org/springframework/spring-test/4.3.14.RELEASE/spring-test-4.3.14.RELEASE.jar:/root/./workspace/zalando/riptide/385013978/.m2/org/springframework/spring-core/4.3.15.RELEASE/spring-core-4.3.15.RELEASE.jar:/root/./workspace/zalando/riptide/385013978/.m2/com/github/rest-driver/rest-client-driver/2.0.0/rest-client-driver-2.0.0.jar:/root/./workspace/zalando/riptide/385013978/.m2/com/github/rest-driver/rest-driver-shared/2.0.0/rest-driver-shared-2.0.0.jar:/root/./workspace/zalando/riptide/385013978/.m2/com/jayway/jsonpath/json-path/2.2.0/json-path-2.2.0.jar:/root/./workspace/zalando/riptide/385013978/.m2/net/minidev/json-smart/2.2.1/json-smart-2.2.1.jar:/root/./workspace/zalando/riptide/385013978/.m2/net/minidev/accessors-smart/1.1/accessors-smart-1.1.jar:/root/./workspace/zalando/riptide/385013978/.m2/org/ow2/asm/asm/5.0.3/asm-5.0.3.jar:/root/./workspace/zalando/riptide/385013978/.m2/xmlunit/xmlunit/1.4/xmlunit-1.4.jar:/root/./workspace/zalando/riptide/385013978/.m2/commons-codec/commons-codec/1.10/commons-codec-1.10.jar:/root/./workspace/zalando/riptide/385013978/.m2/commons-io/commons-io/2.4/commons-io-2.4.jar:/root/./workspace/zalando/riptide/385013978/.m2/commons-lang/commons-lang/2.6/commons-lang-2.6.jar:/root/./workspace/zalando/riptide/385013978/.m2/org/eclipse/jetty/jetty-server/9.4.9.v20180320/jetty-server-9.4.9.v20180320.jar:/root/./workspace/zalando/riptide/385013978/.m2/javax/servlet/javax.servlet-api/3.1.0/javax.servlet-api-3.1.0.jar:/root/./workspace/zalando/riptide/385013978/.m2/org/eclipse/jetty/jetty-http/9.4.9.v20180320/jetty-http-9.4.9.v20180320.jar:/root/./workspace/zalando/riptide/385013978/.m2/org/eclipse/jetty/jetty-util/9.4.9.v20180320/jetty-util-9.4.9.v20180320.jar:/root/./workspace/zalando/riptide/385013978/.m2/org/eclipse/jetty/jetty-io/9.4.9.v20180320/jetty-io-9.4.9.v20180320.jar:/root/workspace/zalando/riptide/385013978/riptide-httpclient/target/classes:/root/./workspace/zalando/riptide/385013978/.m2/org/apache/httpcomponents/httpclient/4.5.5/httpclient-4.5.5.jar:/root/./workspace/zalando/riptide/385013978/.m2/org/apache/httpcomponents/httpcore/4.4.9/httpcore-4.4.9.jar:/root/./workspace/zalando/riptide/385013978/.m2/org/apiguardian/apiguardian-api/1.0.0/apiguardian-api-1.0.0.jar:/root/./workspace/zalando/riptide/385013978/.m2/org/zalando/faux-pas/0.7.0/faux-pas-0.7.0.jar:/root/./workspace/zalando/riptide/385013978/.m2/com/google/code/findbugs/jsr305/3.0.2/jsr305-3.0.2.jar:/root/./workspace/zalando/riptide/385013978/.m2/com/google/gag/gag/1.0.1/gag-1.0.1.jar:/root/./workspace/zalando/riptide/385013978/.m2/com/google/guava/guava/25.1-jre/guava-25.1-jre.jar:/root/./workspace/zalando/riptide/385013978/.m2/org/checkerframework/checker-qual/2.0.0/checker-qual-2.0.0.jar:/root/./workspace/zalando/riptide/385013978/.m2/com/google/errorprone/error_prone_annotations/2.1.3/error_prone_annotations-2.1.3.jar:/root/./workspace/zalando/riptide/385013978/.m2/com/google/j2objc/j2objc-annotations/1.1/j2objc-annotations-1.1.jar:/root/./workspace/zalando/riptide/385013978/.m2/org/codehaus/mojo/animal-sniffer-annotations/1.14/animal-sniffer-annotations-1.14.jar:/root/./workspace/zalando/riptide/385013978/.m2/org/projectlombok/lombok/1.16.22/lombok-1.16.22.jar:/root/./workspace/zalando/riptide/385013978/.m2/org/slf4j/slf4j-api/1.7.25/slf4j-api-1.7.25.jar:/root/./workspace/zalando/riptide/385013978/.m2/org/slf4j/jcl-over-slf4j/1.7.25/jcl-over-slf4j-1.7.25.jar:/root/./workspace/zalando/riptide/385013978/.m2/org/slf4j/slf4j-simple/1.7.25/slf4j-simple-1.7.25.jar:/root/./workspace/zalando/riptide/385013978/.m2/junit/junit/4.12/junit-4.12.jar:/root/./workspace/zalando/riptide/385013978/.m2/org/hamcrest/hamcrest-junit/2.0.0.0/hamcrest-junit-2.0.0.0.jar:/root/./workspace/zalando/riptide/385013978/.m2/org/hamcrest/java-hamcrest/2.0.0.0/java-hamcrest-2.0.0.0.jar:/root/./workspace/zalando/riptide/385013978/.m2/org/hobsoft/hamcrest/hamcrest-compose/0.4.0/hamcrest-compose-0.4.0.jar:/root/./workspace/zalando/riptide/385013978/.m2/org/mockito/mockito-core/2.18.3/mockito-core-2.18.3.jar:/root/./workspace/zalando/riptide/385013978/.m2/net/bytebuddy/byte-buddy/1.8.5/byte-buddy-1.8.5.jar:/root/./workspace/zalando/riptide/385013978/.m2/net/bytebuddy/byte-buddy-agent/1.8.5/byte-buddy-agent-1.8.5.jar:/root/./workspace/zalando/riptide/385013978/.m2/org/objenesis/objenesis/2.6/objenesis-2.6.jar:/root/./workspace/zalando/riptide/385013978/.m2/com/fasterxml/jackson/core/jackson-databind/2.9.5/jackson-databind-2.9.5.jar:/root/./workspace/zalando/riptide/385013978/.m2/com/fasterxml/jackson/core/jackson-annotations/2.9.5/jackson-annotations-2.9.5.jar:/root/./workspace/zalando/riptide/385013978/.m2/com/fasterxml/jackson/core/jackson-core/2.9.5/jackson-core-2.9.5.jar:/root/./workspace/zalando/riptide/385013978/.m2/com/fasterxml/jackson/module/jackson-module-parameter-names/2.9.5/jackson-module-parameter-names-2.9.5.jar:/root/./workspace/zalando/riptide/385013978/.m2/com/fasterxml/jackson/datatype/jackson-datatype-jdk8/2.9.5/jackson-datatype-jdk8-2.9.5.jar:/root/./workspace/zalando/riptide/385013978/.m2/org/zalando/jackson-datatype-problem/0.20.3/jackson-datatype-problem-0.20.3.jar:/root/./workspace/zalando/riptide/385013978/.m2/org/zalando/problem/0.20.3/problem-0.20.3.jar:"/>
    <property name="java.vm.vendor" value="Oracle Corporation"/>
    <property name="skip.bower" value="true"/>
    <property name="sun.arch.data.model" value="64"/>
    <property name="rest.driver.version" value="2.0.0"/>
    <property name="java.vendor.url" value="http://java.oracle.com/"/>
    <property name="user.timezone" value="Europe/Paris"/>
    <property name="java.vm.specification.version" value="1.8"/>
    <property name="os.name" value="Linux"/>
    <property name="rat.skip" value="true"/>
    <property name="gpg.skip" value="true"/>
    <property name="sun.java.launcher" value="SUN_STANDARD"/>
    <property name="sun.boot.library.path" value="/usr/lib/jvm/java-8-openjdk-amd64/jre/lib/amd64"/>
    <property name="skip.gulp" value="true"/>
    <property name="sun.java.command" value="/root/workspace/zalando/riptide/385013978/riptide-failsafe/target/surefire/surefirebooter793801593059464114.jar /root/workspace/zalando/riptide/385013978/riptide-failsafe/target/surefire 2018-05-29T06-44-57_309-jvmRun1 surefire7069659921416501066tmp surefire_47469250505583373451tmp"/>
    <property name="dependency-check.skip" value="true"/>
    <property name="surefire.test.class.path" value="/root/workspace/zalando/riptide/385013978/riptide-failsafe/target/test-classes:/root/workspace/zalando/riptide/385013978/riptide-failsafe/target/classes:/root/workspace/zalando/riptide/385013978/riptide-core/target/classes:/root/./workspace/zalando/riptide/385013978/.m2/org/springframework/spring-web/4.3.14.RELEASE/spring-web-4.3.14.RELEASE.jar:/root/./workspace/zalando/riptide/385013978/.m2/org/springframework/spring-aop/4.3.15.RELEASE/spring-aop-4.3.15.RELEASE.jar:/root/./workspace/zalando/riptide/385013978/.m2/org/springframework/spring-beans/4.3.15.RELEASE/spring-beans-4.3.15.RELEASE.jar:/root/./workspace/zalando/riptide/385013978/.m2/org/springframework/spring-context/4.3.15.RELEASE/spring-context-4.3.15.RELEASE.jar:/root/./workspace/zalando/riptide/385013978/.m2/org/springframework/spring-expression/4.3.15.RELEASE/spring-expression-4.3.15.RELEASE.jar:/root/./workspace/zalando/riptide/385013978/.m2/net/jodah/failsafe/1.1.0/failsafe-1.1.0.jar:/root/./workspace/zalando/riptide/385013978/.m2/org/springframework/spring-test/4.3.14.RELEASE/spring-test-4.3.14.RELEASE.jar:/root/./workspace/zalando/riptide/385013978/.m2/org/springframework/spring-core/4.3.15.RELEASE/spring-core-4.3.15.RELEASE.jar:/root/./workspace/zalando/riptide/385013978/.m2/com/github/rest-driver/rest-client-driver/2.0.0/rest-client-driver-2.0.0.jar:/root/./workspace/zalando/riptide/385013978/.m2/com/github/rest-driver/rest-driver-shared/2.0.0/rest-driver-shared-2.0.0.jar:/root/./workspace/zalando/riptide/385013978/.m2/com/jayway/jsonpath/json-path/2.2.0/json-path-2.2.0.jar:/root/./workspace/zalando/riptide/385013978/.m2/net/minidev/json-smart/2.2.1/json-smart-2.2.1.jar:/root/./workspace/zalando/riptide/385013978/.m2/net/minidev/accessors-smart/1.1/accessors-smart-1.1.jar:/root/./workspace/zalando/riptide/385013978/.m2/org/ow2/asm/asm/5.0.3/asm-5.0.3.jar:/root/./workspace/zalando/riptide/385013978/.m2/xmlunit/xmlunit/1.4/xmlunit-1.4.jar:/root/./workspace/zalando/riptide/385013978/.m2/commons-codec/commons-codec/1.10/commons-codec-1.10.jar:/root/./workspace/zalando/riptide/385013978/.m2/commons-io/commons-io/2.4/commons-io-2.4.jar:/root/./workspace/zalando/riptide/385013978/.m2/commons-lang/commons-lang/2.6/commons-lang-2.6.jar:/root/./workspace/zalando/riptide/385013978/.m2/org/eclipse/jetty/jetty-server/9.4.9.v20180320/jetty-server-9.4.9.v20180320.jar:/root/./workspace/zalando/riptide/385013978/.m2/javax/servlet/javax.servlet-api/3.1.0/javax.servlet-api-3.1.0.jar:/root/./workspace/zalando/riptide/385013978/.m2/org/eclipse/jetty/jetty-http/9.4.9.v20180320/jetty-http-9.4.9.v20180320.jar:/root/./workspace/zalando/riptide/385013978/.m2/org/eclipse/jetty/jetty-util/9.4.9.v20180320/jetty-util-9.4.9.v20180320.jar:/root/./workspace/zalando/riptide/385013978/.m2/org/eclipse/jetty/jetty-io/9.4.9.v20180320/jetty-io-9.4.9.v20180320.jar:/root/workspace/zalando/riptide/385013978/riptide-httpclient/target/classes:/root/./workspace/zalando/riptide/385013978/.m2/org/apache/httpcomponents/httpclient/4.5.5/httpclient-4.5.5.jar:/root/./workspace/zalando/riptide/385013978/.m2/org/apache/httpcomponents/httpcore/4.4.9/httpcore-4.4.9.jar:/root/./workspace/zalando/riptide/385013978/.m2/org/apiguardian/apiguardian-api/1.0.0/apiguardian-api-1.0.0.jar:/root/./workspace/zalando/riptide/385013978/.m2/org/zalando/faux-pas/0.7.0/faux-pas-0.7.0.jar:/root/./workspace/zalando/riptide/385013978/.m2/com/google/code/findbugs/jsr305/3.0.2/jsr305-3.0.2.jar:/root/./workspace/zalando/riptide/385013978/.m2/com/google/gag/gag/1.0.1/gag-1.0.1.jar:/root/./workspace/zalando/riptide/385013978/.m2/com/google/guava/guava/25.1-jre/guava-25.1-jre.jar:/root/./workspace/zalando/riptide/385013978/.m2/org/checkerframework/checker-qual/2.0.0/checker-qual-2.0.0.jar:/root/./workspace/zalando/riptide/385013978/.m2/com/google/errorprone/error_prone_annotations/2.1.3/error_prone_annotations-2.1.3.jar:/root/./workspace/zalando/riptide/385013978/.m2/com/google/j2objc/j2objc-annotations/1.1/j2objc-annotations-1.1.jar:/root/./workspace/zalando/riptide/385013978/.m2/org/codehaus/mojo/animal-sniffer-annotations/1.14/animal-sniffer-annotations-1.14.jar:/root/./workspace/zalando/riptide/385013978/.m2/org/projectlombok/lombok/1.16.22/lombok-1.16.22.jar:/root/./workspace/zalando/riptide/385013978/.m2/org/slf4j/slf4j-api/1.7.25/slf4j-api-1.7.25.jar:/root/./workspace/zalando/riptide/385013978/.m2/org/slf4j/jcl-over-slf4j/1.7.25/jcl-over-slf4j-1.7.25.jar:/root/./workspace/zalando/riptide/385013978/.m2/org/slf4j/slf4j-simple/1.7.25/slf4j-simple-1.7.25.jar:/root/./workspace/zalando/riptide/385013978/.m2/junit/junit/4.12/junit-4.12.jar:/root/./workspace/zalando/riptide/385013978/.m2/org/hamcrest/hamcrest-junit/2.0.0.0/hamcrest-junit-2.0.0.0.jar:/root/./workspace/zalando/riptide/385013978/.m2/org/hamcrest/java-hamcrest/2.0.0.0/java-hamcrest-2.0.0.0.jar:/root/./workspace/zalando/riptide/385013978/.m2/org/hobsoft/hamcrest/hamcrest-compose/0.4.0/hamcrest-compose-0.4.0.jar:/root/./workspace/zalando/riptide/385013978/.m2/org/mockito/mockito-core/2.18.3/mockito-core-2.18.3.jar:/root/./workspace/zalando/riptide/385013978/.m2/net/bytebuddy/byte-buddy/1.8.5/byte-buddy-1.8.5.jar:/root/./workspace/zalando/riptide/385013978/.m2/net/bytebuddy/byte-buddy-agent/1.8.5/byte-buddy-agent-1.8.5.jar:/root/./workspace/zalando/riptide/385013978/.m2/org/objenesis/objenesis/2.6/objenesis-2.6.jar:/root/./workspace/zalando/riptide/385013978/.m2/com/fasterxml/jackson/core/jackson-databind/2.9.5/jackson-databind-2.9.5.jar:/root/./workspace/zalando/riptide/385013978/.m2/com/fasterxml/jackson/core/jackson-annotations/2.9.5/jackson-annotations-2.9.5.jar:/root/./workspace/zalando/riptide/385013978/.m2/com/fasterxml/jackson/core/jackson-core/2.9.5/jackson-core-2.9.5.jar:/root/./workspace/zalando/riptide/385013978/.m2/com/fasterxml/jackson/module/jackson-module-parameter-names/2.9.5/jackson-module-parameter-names-2.9.5.jar:/root/./workspace/zalando/riptide/385013978/.m2/com/fasterxml/jackson/datatype/jackson-datatype-jdk8/2.9.5/jackson-datatype-jdk8-2.9.5.jar:/root/./workspace/zalando/riptide/385013978/.m2/org/zalando/jackson-datatype-problem/0.20.3/jackson-datatype-problem-0.20.3.jar:/root/./workspace/zalando/riptide/385013978/.m2/org/zalando/problem/0.20.3/problem-0.20.3.jar:"/>
    <property name="sun.cpu.endian" value="little"/>
    <property name="user.home" value="/root"/>
    <property name="user.language" value="en"/>
    <property name="java.specification.vendor" value="Oracle Corporation"/>
    <property name="java.home" value="/usr/lib/jvm/java-8-openjdk-amd64/jre"/>
    <property name="basedir" value="/root/workspace/zalando/riptide/385013978/riptide-failsafe"/>
    <property name="file.separator" value="/"/>
    <property name="checkstyle.skip" value="true"/>
    <property name="line.separator" value="&#10;"/>
    <property name="skip.npm" value="true"/>
    <property name="java.vm.specification.vendor" value="Oracle Corporation"/>
    <property name="java.specification.name" value="Java Platform API Specification"/>
    <property name="java.awt.graphicsenv" value="sun.awt.X11GraphicsEnvironment"/>
    <property name="skipITs" value="true"/>
    <property name="surefire.real.class.path" value="/root/workspace/zalando/riptide/385013978/riptide-failsafe/target/surefire/surefirebooter793801593059464114.jar:/root/./workspace/zalando/riptide/385013978/.m2/org/jacoco/org.jacoco.agent/0.8.1/org.jacoco.agent-0.8.1-runtime.jar"/>
    <property name="cobertura.skip" value="true"/>
    <property name="sun.boot.class.path" value="/usr/lib/jvm/java-8-openjdk-amd64/jre/lib/resources.jar:/usr/lib/jvm/java-8-openjdk-amd64/jre/lib/rt.jar:/usr/lib/jvm/java-8-openjdk-amd64/jre/lib/sunrsasign.jar:/usr/lib/jvm/java-8-openjdk-amd64/jre/lib/jsse.jar:/usr/lib/jvm/java-8-openjdk-amd64/jre/lib/jce.jar:/usr/lib/jvm/java-8-openjdk-amd64/jre/lib/charsets.jar:/usr/lib/jvm/java-8-openjdk-amd64/jre/lib/jfr.jar:/usr/lib/jvm/java-8-openjdk-amd64/jre/classes"/>
    <property name="sun.management.compiler" value="HotSpot 64-Bit Tiered Compilers"/>
    <property name="java.runtime.version" value="1.8.0_121-8u121-b13-1~bpo8+1-b13"/>
    <property name="user.name" value="root"/>
    <property name="findbugs.skip" value="true"/>
    <property name="path.separator" value=":"/>
    <property name="os.version" value="3.10.0-862.3.2.el7.x86_64"/>
    <property name="java.endorsed.dirs" value="/usr/lib/jvm/java-8-openjdk-amd64/jre/lib/endorsed"/>
    <property name="java.runtime.name" value="OpenJDK Runtime Environment"/>
    <property name="file.encoding" value="UTF-8"/>
    <property name="java.vm.name" value="OpenJDK 64-Bit Server VM"/>
    <property name="localRepository" value="/root/./workspace/zalando/riptide/385013978/.m2"/>
    <property name="java.vendor.url.bug" value="http://bugreport.sun.com/bugreport/"/>
    <property name="jetty.git.hash" value="1f8159b1e4a42d3f79997021ea1609f2fbac6de5"/>
    <property name="java.io.tmpdir" value="/tmp"/>
    <property name="java.version" value="1.8.0_121"/>
    <property name="user.dir" value="/root/workspace/zalando/riptide/385013978/riptide-failsafe"/>
    <property name="os.arch" value="amd64"/>
    <property name="license.skip" value="true"/>
    <property name="java.vm.specification.name" value="Java Virtual Machine Specification"/>
    <property name="java.awt.printerjob" value="sun.print.PSPrinterJob"/>
    <property name="sun.os.patch.level" value="unknown"/>
    <property name="java.library.path" value="/usr/java/packages/lib/amd64:/usr/lib/x86_64-linux-gnu/jni:/lib/x86_64-linux-gnu:/usr/lib/x86_64-linux-gnu:/usr/lib/jni:/lib:/usr/lib"/>
    <property name="java.vm.info" value="mixed mode"/>
    <property name="java.vendor" value="Oracle Corporation"/>
    <property name="java.vm.version" value="25.121-b13"/>
    <property name="java.ext.dirs" value="/usr/lib/jvm/java-8-openjdk-amd64/jre/lib/ext:/usr/java/packages/lib/ext"/>
    <property name="sun.io.unicode.encoding" value="UnicodeLittle"/>
    <property name="maven.repo.local" value="/root/./workspace/zalando/riptide/385013978/.m2"/>
    <property name="enforcer.skip" value="true"/>
    <property name="java.class.version" value="52.0"/>
  </properties>
  <testcase name="shouldRetryWithDynamicDelay" classname="org.zalando.riptide.failsafe.RetryAfterDelayFunctionTest" time="1.512">
    <error message="test timed out after 1500 milliseconds" type="org.junit.runners.model.TestTimedOutException">org.junit.runners.model.TestTimedOutException: test timed out after 1500 milliseconds
	at sun.misc.Unsafe.park(Native Method)
	at java.util.concurrent.locks.LockSupport.park(LockSupport.java:175)
	at java.util.concurrent.CompletableFuture$Signaller.block(CompletableFuture.java:1693)
	at java.util.concurrent.ForkJoinPool.managedBlock(ForkJoinPool.java:3323)
	at java.util.concurrent.CompletableFuture.waitingGet(CompletableFuture.java:1729)
	at java.util.concurrent.CompletableFuture.join(CompletableFuture.java:1934)
	at org.zalando.riptide.failsafe.RetryAfterDelayFunctionTest.shouldRetryWithDynamicDelay(RetryAfterDelayFunctionTest.java:134)
	at sun.reflect.NativeMethodAccessorImpl.invoke0(Native Method)
	at sun.reflect.NativeMethodAccessorImpl.invoke(NativeMethodAccessorImpl.java:62)
	at sun.reflect.DelegatingMethodAccessorImpl.invoke(DelegatingMethodAccessorImpl.java:43)
	at java.lang.reflect.Method.invoke(Method.java:498)
	at org.junit.runners.model.FrameworkMethod$1.runReflectiveCall(FrameworkMethod.java:50)
	at org.junit.internal.runners.model.ReflectiveCallable.run(ReflectiveCallable.java:12)
	at org.junit.runners.model.FrameworkMethod.invokeExplosively(FrameworkMethod.java:47)
	at org.junit.internal.runners.statements.InvokeMethod.evaluate(InvokeMethod.java:17)
	at org.junit.internal.runners.statements.FailOnTimeout$CallableStatement.call(FailOnTimeout.java:298)
	at org.junit.internal.runners.statements.FailOnTimeout$CallableStatement.call(FailOnTimeout.java:292)
	at java.util.concurrent.FutureTask.run(FutureTask.java:266)
	at java.lang.Thread.run(Thread.java:745)
</error>
    <system-out><![CDATA[[pool-1-thread-3] INFO org.eclipse.jetty.util.log - Logging initialized @936ms to org.eclipse.jetty.util.log.Slf4jLog
[pool-1-thread-3] INFO org.eclipse.jetty.server.Server - jetty-9.4.9.v20180320; built: 2018-03-20T13:21:10+01:00; git: 1f8159b1e4a42d3f79997021ea1609f2fbac6de5; jvm 1.8.0_121-8u121-b13-1~bpo8+1-b13
[pool-1-thread-4] INFO org.eclipse.jetty.server.Server - jetty-9.4.9.v20180320; built: 2018-03-20T13:21:10+01:00; git: 1f8159b1e4a42d3f79997021ea1609f2fbac6de5; jvm 1.8.0_121-8u121-b13-1~bpo8+1-b13
[pool-1-thread-8] INFO org.eclipse.jetty.server.Server - jetty-9.4.9.v20180320; built: 2018-03-20T13:21:10+01:00; git: 1f8159b1e4a42d3f79997021ea1609f2fbac6de5; jvm 1.8.0_121-8u121-b13-1~bpo8+1-b13
[pool-1-thread-6] INFO org.eclipse.jetty.server.Server - jetty-9.4.9.v20180320; built: 2018-03-20T13:21:10+01:00; git: 1f8159b1e4a42d3f79997021ea1609f2fbac6de5; jvm 1.8.0_121-8u121-b13-1~bpo8+1-b13
[pool-1-thread-5] INFO org.eclipse.jetty.server.Server - jetty-9.4.9.v20180320; built: 2018-03-20T13:21:10+01:00; git: 1f8159b1e4a42d3f79997021ea1609f2fbac6de5; jvm 1.8.0_121-8u121-b13-1~bpo8+1-b13
[pool-1-thread-7] INFO org.eclipse.jetty.server.Server - jetty-9.4.9.v20180320; built: 2018-03-20T13:21:10+01:00; git: 1f8159b1e4a42d3f79997021ea1609f2fbac6de5; jvm 1.8.0_121-8u121-b13-1~bpo8+1-b13
[pool-1-thread-8] INFO org.eclipse.jetty.server.AbstractConnector - Started ServerConnector@6fcb2bd{HTTP/1.1,[http/1.1]}{0.0.0.0:38111}
[pool-1-thread-8] INFO org.eclipse.jetty.server.Server - Started @1203ms
[pool-1-thread-5] INFO org.eclipse.jetty.server.AbstractConnector - Started ServerConnector@16924db8{HTTP/1.1,[http/1.1]}{0.0.0.0:34315}
[pool-1-thread-5] INFO org.eclipse.jetty.server.Server - Started @1203ms
[pool-1-thread-3] INFO org.eclipse.jetty.server.AbstractConnector - Started ServerConnector@651a0464{HTTP/1.1,[http/1.1]}{0.0.0.0:36828}
[pool-1-thread-3] INFO org.eclipse.jetty.server.Server - Started @1203ms
[pool-1-thread-4] INFO org.eclipse.jetty.server.AbstractConnector - Started ServerConnector@6047d920{HTTP/1.1,[http/1.1]}{0.0.0.0:37211}
[pool-1-thread-4] INFO org.eclipse.jetty.server.Server - Started @1204ms
[pool-1-thread-7] INFO org.eclipse.jetty.server.AbstractConnector - Started ServerConnector@fa14e5d{HTTP/1.1,[http/1.1]}{0.0.0.0:38728}
[pool-1-thread-6] INFO org.eclipse.jetty.server.AbstractConnector - Started ServerConnector@3fd522c2{HTTP/1.1,[http/1.1]}{0.0.0.0:36214}
[pool-1-thread-7] INFO org.eclipse.jetty.server.Server - Started @1204ms
[pool-1-thread-6] INFO org.eclipse.jetty.server.Server - Started @1204ms
[qtp1030615916-67] INFO com.github.restdriver.clientdriver.jetty.DefaultClientDriverJettyHandler - Handling: GET /foo
[qtp603133696-40] INFO com.github.restdriver.clientdriver.jetty.DefaultClientDriverJettyHandler - Handling: GET /baz
[qtp1687676303-69] INFO com.github.restdriver.clientdriver.jetty.DefaultClientDriverJettyHandler - Handling: GET /baz
[qtp1157819472-53] INFO com.github.restdriver.clientdriver.jetty.DefaultClientDriverJettyHandler - Handling: GET /baz
[qtp1053213155-62] INFO com.github.restdriver.clientdriver.jetty.DefaultClientDriverJettyHandler - Handling: GET /baz
[qtp1945481554-59] INFO com.github.restdriver.clientdriver.jetty.DefaultClientDriverJettyHandler - Handling: GET /bar
[qtp1157819472-41] INFO com.github.restdriver.clientdriver.jetty.DefaultClientDriverJettyHandler - Handling: GET /baz
[pool-1-thread-6] INFO org.eclipse.jetty.server.Server - jetty-9.4.9.v20180320; built: 2018-03-20T13:21:10+01:00; git: 1f8159b1e4a42d3f79997021ea1609f2fbac6de5; jvm 1.8.0_121-8u121-b13-1~bpo8+1-b13
[pool-1-thread-6] INFO org.eclipse.jetty.server.AbstractConnector - Started ServerConnector@7c46dd7c{HTTP/1.1,[http/1.1]}{0.0.0.0:33485}
[pool-1-thread-6] INFO org.eclipse.jetty.server.Server - Started @3324ms
[qtp818563553-97] INFO com.github.restdriver.clientdriver.jetty.DefaultClientDriverJettyHandler - Handling: GET /baz
[qtp1945481554-43] INFO com.github.restdriver.clientdriver.jetty.DefaultClientDriverJettyHandler - Handling: GET /bar
[qtp1030615916-45] INFO com.github.restdriver.clientdriver.jetty.DefaultClientDriverJettyHandler - Handling: GET /foo
[pool-1-thread-3] INFO org.eclipse.jetty.server.Server - jetty-9.4.9.v20180320; built: 2018-03-20T13:21:10+01:00; git: 1f8159b1e4a42d3f79997021ea1609f2fbac6de5; jvm 1.8.0_121-8u121-b13-1~bpo8+1-b13
[pool-1-thread-3] INFO org.eclipse.jetty.server.AbstractConnector - Started ServerConnector@34ad6829{HTTP/1.1,[http/1.1]}{0.0.0.0:38673}
[pool-1-thread-3] INFO org.eclipse.jetty.server.Server - Started @3595ms
[qtp85115458-109] INFO com.github.restdriver.clientdriver.jetty.DefaultClientDriverJettyHandler - Handling: GET /baz
[qtp818563553-91] INFO com.github.restdriver.clientdriver.jetty.DefaultClientDriverJettyHandler - Handling: GET /baz
[qtp1945481554-48] INFO com.github.restdriver.clientdriver.jetty.DefaultClientDriverJettyHandler - Handling: GET /bar
[qtp1053213155-28] INFO com.github.restdriver.clientdriver.jetty.DefaultClientDriverJettyHandler - Handling: GET /baz
[qtp1945481554-25] INFO com.github.restdriver.clientdriver.jetty.DefaultClientDriverJettyHandler - Handling: GET /bar
[qtp85115458-103] INFO com.github.restdriver.clientdriver.jetty.DefaultClientDriverJettyHandler - Handling: GET /baz
[qtp1945481554-31] INFO com.github.restdriver.clientdriver.jetty.DefaultClientDriverJettyHandler - Handling: GET /bar
]]></system-out>
    <system-err><![CDATA[[Time-limited test] INFO com.github.restdriver.clientdriver.ClientDriverRequest - addExpectation: GET "/baz"
[Time-limited test] INFO com.github.restdriver.clientdriver.ClientDriverRequest - addExpectation: GET "/baz"
[pool-1-thread-8] INFO org.eclipse.jetty.server.AbstractConnector - Stopped ServerConnector@6fcb2bd{HTTP/1.1,[http/1.1]}{0.0.0.0:0}
]]></system-err>
  </testcase>
  <testcase name="shouldRetryWithDynamicDelayDate" classname="org.zalando.riptide.failsafe.RetryAfterDelayFunctionTest" time="1.512">
    <error message="test timed out after 1500 milliseconds" type="org.junit.runners.model.TestTimedOutException">org.junit.runners.model.TestTimedOutException: test timed out after 1500 milliseconds
	at sun.misc.Unsafe.park(Native Method)
	at java.util.concurrent.locks.LockSupport.park(LockSupport.java:175)
	at java.util.concurrent.CompletableFuture$Signaller.block(CompletableFuture.java:1693)
	at java.util.concurrent.ForkJoinPool.managedBlock(ForkJoinPool.java:3323)
	at java.util.concurrent.CompletableFuture.waitingGet(CompletableFuture.java:1729)
	at java.util.concurrent.CompletableFuture.join(CompletableFuture.java:1934)
	at org.zalando.riptide.failsafe.RetryAfterDelayFunctionTest.shouldRetryWithDynamicDelayDate(RetryAfterDelayFunctionTest.java:146)
	at sun.reflect.NativeMethodAccessorImpl.invoke0(Native Method)
	at sun.reflect.NativeMethodAccessorImpl.invoke(NativeMethodAccessorImpl.java:62)
	at sun.reflect.DelegatingMethodAccessorImpl.invoke(DelegatingMethodAccessorImpl.java:43)
	at java.lang.reflect.Method.invoke(Method.java:498)
	at org.junit.runners.model.FrameworkMethod$1.runReflectiveCall(FrameworkMethod.java:50)
	at org.junit.internal.runners.model.ReflectiveCallable.run(ReflectiveCallable.java:12)
	at org.junit.runners.model.FrameworkMethod.invokeExplosively(FrameworkMethod.java:47)
	at org.junit.internal.runners.statements.InvokeMethod.evaluate(InvokeMethod.java:17)
	at org.junit.internal.runners.statements.FailOnTimeout$CallableStatement.call(FailOnTimeout.java:298)
	at org.junit.internal.runners.statements.FailOnTimeout$CallableStatement.call(FailOnTimeout.java:292)
	at java.util.concurrent.FutureTask.run(FutureTask.java:266)
	at java.lang.Thread.run(Thread.java:745)
</error>
    <system-err><![CDATA[[Time-limited test] INFO com.github.restdriver.clientdriver.ClientDriverRequest - addExpectation: GET "/baz"
[Time-limited test] INFO com.github.restdriver.clientdriver.ClientDriverRequest - addExpectation: GET "/baz"
[pool-1-thread-7] INFO org.eclipse.jetty.server.AbstractConnector - Stopped ServerConnector@fa14e5d{HTTP/1.1,[http/1.1]}{0.0.0.0:0}
]]></system-err>
  </testcase>
  <testcase name="shouldIgnoreDynamicDelayOnInvalidFormat" classname="org.zalando.riptide.failsafe.RetryAfterDelayFunctionTest" time="2.558"/>
  <testcase name="shouldRetryOnDemandWithDynamicDelay" classname="org.zalando.riptide.failsafe.RetryAfterDelayFunctionTest" time="1.013"/>
  <testcase name="shouldRetryWithoutDynamicDelay" classname="org.zalando.riptide.failsafe.RetryAfterDelayFunctionTest" time="2.017"/>
</testsuite>