<?xml version="1.0" encoding="UTF-8"?>
<testsuite xmlns:xsi="http://www.w3.org/2001/XMLSchema-instance" xsi:schemaLocation="https://maven.apache.org/surefire/maven-surefire-plugin/xsd/surefire-test-report.xsd" name="org.roaringbitmap.TestRoaringBitmap" time="32.926" tests="139" errors="0" skipped="0" failures="1">
  <properties>
    <property name="java.runtime.name" value="OpenJDK Runtime Environment"/>
    <property name="sun.boot.library.path" value="/usr/lib/jvm/java-8-openjdk-amd64/jre/lib/amd64"/>
    <property name="java.vm.version" value="25.121-b13"/>
    <property name="java.vm.vendor" value="Oracle Corporation"/>
    <property name="maven.multiModuleProjectDirectory" value="/root/workspace/RoaringBitmap/RoaringBitmap/388075634"/>
    <property name="java.vendor.url" value="http://java.oracle.com/"/>
    <property name="path.separator" value=":"/>
    <property name="guice.disable.misplaced.annotation.check" value="true"/>
    <property name="skip.gulp" value="true"/>
    <property name="java.vm.name" value="OpenJDK 64-Bit Server VM"/>
    <property name="file.encoding.pkg" value="sun.io"/>
    <property name="sun.java.launcher" value="SUN_STANDARD"/>
    <property name="sun.os.patch.level" value="unknown"/>
    <property name="findbugs.skip" value="true"/>
    <property name="java.vm.specification.name" value="Java Virtual Machine Specification"/>
    <property name="user.dir" value="/root/workspace/RoaringBitmap/RoaringBitmap/388075634"/>
    <property name="checkstyle.skip" value="true"/>
    <property name="java.runtime.version" value="1.8.0_121-8u121-b13-1~bpo8+1-b13"/>
    <property name="java.awt.graphicsenv" value="sun.awt.X11GraphicsEnvironment"/>
    <property name="skip.npm" value="true"/>
    <property name="java.endorsed.dirs" value="/usr/lib/jvm/java-8-openjdk-amd64/jre/lib/endorsed"/>
    <property name="os.arch" value="amd64"/>
    <property name="java.io.tmpdir" value="/tmp"/>
    <property name="gpg.skip" value="true"/>
    <property name="line.separator" value="&#10;"/>
    <property name="java.vm.specification.vendor" value="Oracle Corporation"/>
    <property name="cobertura.skip" value="true"/>
    <property name="os.name" value="Linux"/>
    <property name="classworlds.conf" value="/usr/share/maven/bin/m2.conf"/>
    <property name="sun.jnu.encoding" value="UTF-8"/>
    <property name="java.library.path" value="/usr/java/packages/lib/amd64:/usr/lib/x86_64-linux-gnu/jni:/lib/x86_64-linux-gnu:/usr/lib/x86_64-linux-gnu:/usr/lib/jni:/lib:/usr/lib"/>
    <property name="license.skip" value="true"/>
    <property name="java.specification.name" value="Java Platform API Specification"/>
    <property name="java.class.version" value="52.0"/>
    <property name="sun.management.compiler" value="HotSpot 64-Bit Tiered Compilers"/>
    <property name="skip.bower" value="true"/>
    <property name="maven.repo.local" value="/root/./workspace/RoaringBitmap/RoaringBitmap/388075634/.m2"/>
    <property name="os.version" value="3.10.0-862.3.2.el7.x86_64"/>
    <property name="user.home" value="/root"/>
    <property name="user.timezone" value="Europe/Paris"/>
    <property name="java.awt.printerjob" value="sun.print.PSPrinterJob"/>
    <property name="java.specification.version" value="1.8"/>
    <property name="file.encoding" value="UTF-8"/>
    <property name="user.name" value="root"/>
    <property name="java.class.path" value="/usr/share/maven/boot/plexus-classworlds-2.5.2.jar"/>
    <property name="skipITs" value="true"/>
    <property name="java.vm.specification.version" value="1.8"/>
    <property name="sun.arch.data.model" value="64"/>
    <property name="java.home" value="/usr/lib/jvm/java-8-openjdk-amd64/jre"/>
    <property name="sun.java.command" value="org.codehaus.plexus.classworlds.launcher.Launcher -B -D enforcer.skip=true -D dependency-check.skip=true -D skipITs=true -D cobertura.skip=true -D maven.repo.local=/root/./workspace/RoaringBitmap/RoaringBitmap/388075634/.m2 -D rat.skip=true -D findbugs.skip=true -D skip.bower=true -D gpg.skip=true -D checkstyle.skip=true -D skip.gulp=true -D license.skip=true -D skip.npm=true test"/>
    <property name="java.specification.vendor" value="Oracle Corporation"/>
    <property name="user.language" value="en"/>
    <property name="awt.toolkit" value="sun.awt.X11.XToolkit"/>
    <property name="dependency-check.skip" value="true"/>
    <property name="java.vm.info" value="mixed mode"/>
    <property name="java.version" value="1.8.0_121"/>
    <property name="java.ext.dirs" value="/usr/lib/jvm/java-8-openjdk-amd64/jre/lib/ext:/usr/java/packages/lib/ext"/>
    <property name="securerandom.source" value="file:/dev/./urandom"/>
    <property name="sun.boot.class.path" value="/usr/lib/jvm/java-8-openjdk-amd64/jre/lib/resources.jar:/usr/lib/jvm/java-8-openjdk-amd64/jre/lib/rt.jar:/usr/lib/jvm/java-8-openjdk-amd64/jre/lib/sunrsasign.jar:/usr/lib/jvm/java-8-openjdk-amd64/jre/lib/jsse.jar:/usr/lib/jvm/java-8-openjdk-amd64/jre/lib/jce.jar:/usr/lib/jvm/java-8-openjdk-amd64/jre/lib/charsets.jar:/usr/lib/jvm/java-8-openjdk-amd64/jre/lib/jfr.jar:/usr/lib/jvm/java-8-openjdk-amd64/jre/classes"/>
    <property name="java.vendor" value="Oracle Corporation"/>
    <property name="enforcer.skip" value="true"/>
    <property name="rat.skip" value="true"/>
    <property name="maven.home" value="/usr/share/maven"/>
    <property name="file.separator" value="/"/>
    <property name="java.vendor.url.bug" value="http://bugreport.sun.com/bugreport/"/>
    <property name="sun.cpu.endian" value="little"/>
    <property name="sun.io.unicode.encoding" value="UnicodeLittle"/>
    <property name="sun.cpu.isalist" value=""/>
  </properties>
  <testcase name="testContainsRange_ContiguousBitmap" classname="org.roaringbitmap.TestRoaringBitmap" time="0.062"/>
  <testcase name="BitmapContainerCardinalityTest" classname="org.roaringbitmap.TestRoaringBitmap" time="0.001"/>
  <testcase name="testContainsRange_DirtyBitmap" classname="org.roaringbitmap.TestRoaringBitmap" time="0.094"/>
  <testcase name="ORtest" classname="org.roaringbitmap.TestRoaringBitmap" time="0.031"/>
  <testcase name="testHorizontalOrCardinalityBigInts" classname="org.roaringbitmap.TestRoaringBitmap" time="0.005"/>
  <testcase name="testFlipOnEmpty" classname="org.roaringbitmap.TestRoaringBitmap" time="0.001"/>
  <testcase name="testMassiveXOrBigInts" classname="org.roaringbitmap.TestRoaringBitmap" time="0.335"/>
  <testcase name="testEmptyFirst" classname="org.roaringbitmap.TestRoaringBitmap" time="0.001"/>
  <testcase name="testSelectBigInts" classname="org.roaringbitmap.TestRoaringBitmap" time="0.148"/>
  <testcase name="testStringer" classname="org.roaringbitmap.TestRoaringBitmap" time="0.003"/>
  <testcase name="bitmaptest" classname="org.roaringbitmap.TestRoaringBitmap" time="0.002"/>
  <testcase name="basictest" classname="org.roaringbitmap.TestRoaringBitmap" time="0.001"/>
  <testcase name="andcounttest" classname="org.roaringbitmap.TestRoaringBitmap" time="0.001"/>
  <testcase name="testSerialization" classname="org.roaringbitmap.TestRoaringBitmap" time="0.015"/>
  <testcase name="flipTestBigInt" classname="org.roaringbitmap.TestRoaringBitmap" time="0.001"/>
  <testcase name="arraytest" classname="org.roaringbitmap.TestRoaringBitmap" time="0.002"/>
  <testcase name="andNot" classname="org.roaringbitmap.TestRoaringBitmap" time="0"/>
  <testcase name="andnottest4" classname="org.roaringbitmap.TestRoaringBitmap" time="0.006"/>
  <testcase name="testRangedOrBigInts" classname="org.roaringbitmap.TestRoaringBitmap" time="0.134"/>
  <testcase name="testRandomLists" classname="org.roaringbitmap.TestRoaringBitmap" time="0"/>
  <testcase name="pointerContainerTest" classname="org.roaringbitmap.TestRoaringBitmap" time="0.009"/>
  <testcase name="flipTestBigA" classname="org.roaringbitmap.TestRoaringBitmap" time="0.182"/>
  <testcase name="andNotBigIntsTest" classname="org.roaringbitmap.TestRoaringBitmap" time="0.076"/>
  <testcase name="flipTestBig" classname="org.roaringbitmap.TestRoaringBitmap" time="0.183"/>
  <testcase name="testIteratorBigInts" classname="org.roaringbitmap.TestRoaringBitmap" time="0.011"/>
  <testcase name="clearTest" classname="org.roaringbitmap.TestRoaringBitmap" time="0.028"/>
  <testcase name="testCheckedAdd" classname="org.roaringbitmap.TestRoaringBitmap" time="0.048"/>
  <testcase name="orcount" classname="org.roaringbitmap.TestRoaringBitmap" time="0.003"/>
  <testcase name="testEqual" classname="org.roaringbitmap.TestRoaringBitmap" time="0"/>
  <testcase name="testLimit" classname="org.roaringbitmap.TestRoaringBitmap" time="0.068"/>
  <testcase name="testOr001" classname="org.roaringbitmap.TestRoaringBitmap" time="0.008"/>
  <testcase name="ortest2" classname="org.roaringbitmap.TestRoaringBitmap" time="0.003"/>
  <testcase name="ortest3" classname="org.roaringbitmap.TestRoaringBitmap" time="9.481"/>
  <testcase name="ortest4" classname="org.roaringbitmap.TestRoaringBitmap" time="0.015"/>
  <testcase name="XORtest" classname="org.roaringbitmap.TestRoaringBitmap" time="0.008"/>
  <testcase name="testFlip" classname="org.roaringbitmap.TestRoaringBitmap" time="0.314"/>
  <testcase name="testHash" classname="org.roaringbitmap.TestRoaringBitmap" time="0"/>
  <testcase name="testRank" classname="org.roaringbitmap.TestRoaringBitmap" time="0.124"/>
  <testcase name="testOrWithIterator" classname="org.roaringbitmap.TestRoaringBitmap" time="0"/>
  <testcase name="ortest" classname="org.roaringbitmap.TestRoaringBitmap" time="0.006"/>
  <testcase name="testHighBits" classname="org.roaringbitmap.TestRoaringBitmap" time="2.599"/>
  <testcase name="ArrayContainerCardinalityTest" classname="org.roaringbitmap.TestRoaringBitmap" time="0"/>
  <testcase name="andtest2" classname="org.roaringbitmap.TestRoaringBitmap" time="0"/>
  <testcase name="andtest3" classname="org.roaringbitmap.TestRoaringBitmap" time="0.009"/>
  <testcase name="andtest4" classname="org.roaringbitmap.TestRoaringBitmap" time="0.017"/>
  <testcase name="testOr" classname="org.roaringbitmap.TestRoaringBitmap" time="0"/>
  <testcase name="andtest" classname="org.roaringbitmap.TestRoaringBitmap" time="0"/>
  <testcase name="testRangedAndNot" classname="org.roaringbitmap.TestRoaringBitmap" time="0.049"/>
  <testcase name="testLimitBigInts" classname="org.roaringbitmap.TestRoaringBitmap" time="0.018"/>
  <testcase name="testFirstLast_AfterLazyMutation1" classname="org.roaringbitmap.TestRoaringBitmap" time="0"/>
  <testcase name="testFirstLast_AfterLazyMutation2" classname="org.roaringbitmap.TestRoaringBitmap" time="0.097"/>
  <testcase name="testEmptyLast" classname="org.roaringbitmap.TestRoaringBitmap" time="0"/>
  <testcase name="testFlipBigInts" classname="org.roaringbitmap.TestRoaringBitmap" time="0.248"/>
  <testcase name="report128_fly" classname="org.roaringbitmap.TestRoaringBitmap" time="0.003"/>
  <testcase name="sparseAnd" classname="org.roaringbitmap.TestRoaringBitmap" time="0"/>
  <testcase name="sparseXor" classname="org.roaringbitmap.TestRoaringBitmap" time="0"/>
  <testcase name="bitmapOfTest" classname="org.roaringbitmap.TestRoaringBitmap" time="0"/>
  <testcase name="testMassiveAndBigInts" classname="org.roaringbitmap.TestRoaringBitmap" time="0.436"/>
  <testcase name="testOrWithIteratorOfExtendedRoaringBitmaps" classname="org.roaringbitmap.TestRoaringBitmap" time="0.001"/>
  <testcase name="testNegativeAdd" classname="org.roaringbitmap.TestRoaringBitmap" time="0.001"/>
  <testcase name="report128" classname="org.roaringbitmap.TestRoaringBitmap" time="0"/>
  <testcase name="testRangedAndNotBigInts" classname="org.roaringbitmap.TestRoaringBitmap" time="0.047"/>
  <testcase name="ContainerFactory" classname="org.roaringbitmap.TestRoaringBitmap" time="0.008"/>
  <testcase name="ANDtest" classname="org.roaringbitmap.TestRoaringBitmap" time="0.012"/>
  <testcase name="testMultipleAdd" classname="org.roaringbitmap.TestRoaringBitmap" time="0"/>
  <testcase name="testRangedAnd" classname="org.roaringbitmap.TestRoaringBitmap" time="0.066"/>
  <testcase name="testRangedXor" classname="org.roaringbitmap.TestRoaringBitmap" time="0.073"/>
  <testcase name="testMassiveOrBigInts" classname="org.roaringbitmap.TestRoaringBitmap" time="0.32"/>
  <testcase name="testFirstLast_CreateSparseContainersAfterRun" classname="org.roaringbitmap.TestRoaringBitmap" time="0"/>
  <testcase name="testSerializationBigInts" classname="org.roaringbitmap.TestRoaringBitmap" time="0.01"/>
  <testcase name="testXorCardinality" classname="org.roaringbitmap.TestRoaringBitmap" time="0.002"/>
  <testcase name="randomTest" classname="org.roaringbitmap.TestRoaringBitmap" time="1.746"/>
  <testcase name="testContains" classname="org.roaringbitmap.TestRoaringBitmap" time="0.008"/>
  <testcase name="testSetUtilIntersection" classname="org.roaringbitmap.TestRoaringBitmap" time="0"/>
  <testcase name="andCounttest3" classname="org.roaringbitmap.TestRoaringBitmap" time="0.012"/>
  <testcase name="testAstesana" classname="org.roaringbitmap.TestRoaringBitmap" time="0"/>
  <testcase name="cardinalityTest" classname="org.roaringbitmap.TestRoaringBitmap" time="0.707"/>
  <testcase name="xorBigIntsTest" classname="org.roaringbitmap.TestRoaringBitmap" time="0.057"/>
  <testcase name="testRangedAndBigInts" classname="org.roaringbitmap.TestRoaringBitmap" time="0.06"/>
  <testcase name="testIsHammingSimilar_AtEnd" classname="org.roaringbitmap.TestRoaringBitmap" time="0.006"/>
  <testcase name="testHorizontalOrCardinality" classname="org.roaringbitmap.TestRoaringBitmap" time="0"/>
  <testcase name="testIsHammingSimilar_AtStart" classname="org.roaringbitmap.TestRoaringBitmap" time="0"/>
  <testcase name="testRankOverflow" classname="org.roaringbitmap.TestRoaringBitmap" time="0"/>
  <testcase name="sparseAndNot" classname="org.roaringbitmap.TestRoaringBitmap" time="0"/>
  <testcase name="testMassiveAnd" classname="org.roaringbitmap.TestRoaringBitmap" time="0.514"/>
  <testcase name="testMassiveXOr" classname="org.roaringbitmap.TestRoaringBitmap" time="0.176"/>
  <testcase name="addoffset" classname="org.roaringbitmap.TestRoaringBitmap" time="1.351"/>
  <testcase name="testFirstLast" classname="org.roaringbitmap.TestRoaringBitmap" time="0.009"/>
  <testcase name="testMassiveOr" classname="org.roaringbitmap.TestRoaringBitmap" time="0.155"/>
  <testcase name="testRankBigInts" classname="org.roaringbitmap.TestRoaringBitmap" time="0.127"/>
  <testcase name="testCheckedRemove" classname="org.roaringbitmap.TestRoaringBitmap" time="0.076"/>
  <testcase name="flipTest1A" classname="org.roaringbitmap.TestRoaringBitmap" time="0.01"/>
  <testcase name="flipTest2A" classname="org.roaringbitmap.TestRoaringBitmap" time="0"/>
  <testcase name="flipTest3A" classname="org.roaringbitmap.TestRoaringBitmap" time="0.001"/>
  <testcase name="flipTest4A" classname="org.roaringbitmap.TestRoaringBitmap" time="0.01"/>
  <testcase name="flipTest5A" classname="org.roaringbitmap.TestRoaringBitmap" time="0.006"/>
  <testcase name="flipTest6A" classname="org.roaringbitmap.TestRoaringBitmap" time="0"/>
  <testcase name="flipTest7A" classname="org.roaringbitmap.TestRoaringBitmap" time="0.011"/>
  <testcase name="testRangedOr" classname="org.roaringbitmap.TestRoaringBitmap" time="0.111"/>
  <testcase name="intersecttest" classname="org.roaringbitmap.TestRoaringBitmap" time="0.019"/>
  <testcase name="orBigIntsTest" classname="org.roaringbitmap.TestRoaringBitmap" time="0.13"/>
  <testcase name="testXORSimple" classname="org.roaringbitmap.TestRoaringBitmap" time="0"/>
  <testcase name="testAndNot" classname="org.roaringbitmap.TestRoaringBitmap" time="0"/>
  <testcase name="testContainsRange_SmallBitmap" classname="org.roaringbitmap.TestRoaringBitmap" time="0"/>
  <testcase name="testNegative_last" classname="org.roaringbitmap.TestRoaringBitmap" time="0"/>
  <testcase name="testFirstLast_CreateSparseContainers" classname="org.roaringbitmap.TestRoaringBitmap" time="0.002"/>
  <testcase name="trimArrayContainerCardinalityTest" classname="org.roaringbitmap.TestRoaringBitmap" time="0"/>
  <testcase name="fliptest_Karpenske" classname="org.roaringbitmap.TestRoaringBitmap" time="0"/>
  <testcase name="simplecardinalityTest" classname="org.roaringbitmap.TestRoaringBitmap" time="0.004"/>
  <testcase name="testRangedXorBigInts" classname="org.roaringbitmap.TestRoaringBitmap" time="0.113"/>
  <testcase name="trimTest" classname="org.roaringbitmap.TestRoaringBitmap" time="0.005"/>
  <testcase name="testLazyOr" classname="org.roaringbitmap.TestRoaringBitmap" time="0"/>
  <testcase name="testHammingSimilarity_Shifted" classname="org.roaringbitmap.TestRoaringBitmap" time="0"/>
  <testcase name="containerSharingWithXor" classname="org.roaringbitmap.TestRoaringBitmap" time="0"/>
  <testcase name="flipTest1" classname="org.roaringbitmap.TestRoaringBitmap" time="0.009"/>
  <testcase name="flipTest2" classname="org.roaringbitmap.TestRoaringBitmap" time="0"/>
  <testcase name="flipTest3" classname="org.roaringbitmap.TestRoaringBitmap" time="0"/>
  <testcase name="flipTest4" classname="org.roaringbitmap.TestRoaringBitmap" time="0.011"/>
  <testcase name="flipTest5" classname="org.roaringbitmap.TestRoaringBitmap" time="0.006"/>
  <testcase name="flipTest6" classname="org.roaringbitmap.TestRoaringBitmap" time="0.001"/>
  <testcase name="flipTest7" classname="org.roaringbitmap.TestRoaringBitmap" time="0.013"/>
  <testcase name="flipTest8" classname="org.roaringbitmap.TestRoaringBitmap" time="0.001"/>
  <testcase name="testAndCardinality" classname="org.roaringbitmap.TestRoaringBitmap" time="0"/>
  <testcase name="testAndNotCardinality" classname="org.roaringbitmap.TestRoaringBitmap" time="0.002"/>
  <testcase name="testSerialization2" classname="org.roaringbitmap.TestRoaringBitmap" time="0"/>
  <testcase name="testSerialization3" classname="org.roaringbitmap.TestRoaringBitmap" time="0.014"/>
  <testcase name="testSerialization4" classname="org.roaringbitmap.TestRoaringBitmap" time="0.124"/>
  <testcase name="testSelect" classname="org.roaringbitmap.TestRoaringBitmap" time="0.138"/>
  <testcase name="limitBug2" classname="org.roaringbitmap.TestRoaringBitmap" time="0.142"/>
  <testcase name="limitTest" classname="org.roaringbitmap.TestRoaringBitmap" time="0"/>
  <testcase name="testHammingSimilarity_BigVsSmall" classname="org.roaringbitmap.TestRoaringBitmap" time="0.081"/>
  <testcase name="xortest1" classname="org.roaringbitmap.TestRoaringBitmap" time="11.162"/>
  <testcase name="xortest4" classname="org.roaringbitmap.TestRoaringBitmap" time="0.013"/>
  <testcase name="testNextValue" classname="org.roaringbitmap.TestRoaringBitmap" time="0.083">
    <failure message="expected:&lt;-1&gt; but was:&lt;14&gt;" type="java.lang.AssertionError"><![CDATA[java.lang.AssertionError: expected:<-1> but was:<14>
	at org.roaringbitmap.TestRoaringBitmap.testNextValue(TestRoaringBitmap.java:4712)
]]></failure>
  </testcase>
  <testcase name="testIterator" classname="org.roaringbitmap.TestRoaringBitmap" time="0.004"/>
  <testcase name="ANDNOTtest" classname="org.roaringbitmap.TestRoaringBitmap" time="0.014"/>
  <testcase name="sillytestHighBits" classname="org.roaringbitmap.TestRoaringBitmap" time="0"/>
  <testcase name="andBigIntsTest" classname="org.roaringbitmap.TestRoaringBitmap" time="0.036"/>
  <testcase name="sparseOr" classname="org.roaringbitmap.TestRoaringBitmap" time="0.001"/>
</testsuite>