<?xml version="1.0" encoding="UTF-8"?>
<testsuite xmlns:xsi="http://www.w3.org/2001/XMLSchema-instance" xsi:schemaLocation="https://maven.apache.org/surefire/maven-surefire-plugin/xsd/surefire-test-report.xsd" name="org.roaringbitmap.TestBitmapContainer" time="7.486" tests="75" errors="0" skipped="0" failures="0">
  <properties>
    <property name="java.runtime.name" value="OpenJDK Runtime Environment"/>
    <property name="sun.boot.library.path" value="/usr/lib/jvm/java-8-openjdk-amd64/jre/lib/amd64"/>
    <property name="java.vm.version" value="25.121-b13"/>
    <property name="java.vm.vendor" value="Oracle Corporation"/>
    <property name="maven.multiModuleProjectDirectory" value="/root/workspace/RoaringBitmap/RoaringBitmap/388075634"/>
    <property name="java.vendor.url" value="http://java.oracle.com/"/>
    <property name="path.separator" value=":"/>
    <property name="guice.disable.misplaced.annotation.check" value="true"/>
    <property name="skip.gulp" value="true"/>
    <property name="java.vm.name" value="OpenJDK 64-Bit Server VM"/>
    <property name="file.encoding.pkg" value="sun.io"/>
    <property name="sun.java.launcher" value="SUN_STANDARD"/>
    <property name="sun.os.patch.level" value="unknown"/>
    <property name="findbugs.skip" value="true"/>
    <property name="java.vm.specification.name" value="Java Virtual Machine Specification"/>
    <property name="user.dir" value="/root/workspace/RoaringBitmap/RoaringBitmap/388075634"/>
    <property name="checkstyle.skip" value="true"/>
    <property name="java.runtime.version" value="1.8.0_121-8u121-b13-1~bpo8+1-b13"/>
    <property name="java.awt.graphicsenv" value="sun.awt.X11GraphicsEnvironment"/>
    <property name="skip.npm" value="true"/>
    <property name="java.endorsed.dirs" value="/usr/lib/jvm/java-8-openjdk-amd64/jre/lib/endorsed"/>
    <property name="os.arch" value="amd64"/>
    <property name="java.io.tmpdir" value="/tmp"/>
    <property name="gpg.skip" value="true"/>
    <property name="line.separator" value="&#10;"/>
    <property name="java.vm.specification.vendor" value="Oracle Corporation"/>
    <property name="cobertura.skip" value="true"/>
    <property name="os.name" value="Linux"/>
    <property name="classworlds.conf" value="/usr/share/maven/bin/m2.conf"/>
    <property name="sun.jnu.encoding" value="UTF-8"/>
    <property name="java.library.path" value="/usr/java/packages/lib/amd64:/usr/lib/x86_64-linux-gnu/jni:/lib/x86_64-linux-gnu:/usr/lib/x86_64-linux-gnu:/usr/lib/jni:/lib:/usr/lib"/>
    <property name="license.skip" value="true"/>
    <property name="java.specification.name" value="Java Platform API Specification"/>
    <property name="java.class.version" value="52.0"/>
    <property name="sun.management.compiler" value="HotSpot 64-Bit Tiered Compilers"/>
    <property name="skip.bower" value="true"/>
    <property name="maven.repo.local" value="/root/./workspace/RoaringBitmap/RoaringBitmap/388075634/.m2"/>
    <property name="os.version" value="3.10.0-862.3.2.el7.x86_64"/>
    <property name="user.home" value="/root"/>
    <property name="user.timezone" value="Europe/Paris"/>
    <property name="java.awt.printerjob" value="sun.print.PSPrinterJob"/>
    <property name="java.specification.version" value="1.8"/>
    <property name="file.encoding" value="UTF-8"/>
    <property name="user.name" value="root"/>
    <property name="java.class.path" value="/usr/share/maven/boot/plexus-classworlds-2.5.2.jar"/>
    <property name="skipITs" value="true"/>
    <property name="java.vm.specification.version" value="1.8"/>
    <property name="sun.arch.data.model" value="64"/>
    <property name="java.home" value="/usr/lib/jvm/java-8-openjdk-amd64/jre"/>
    <property name="sun.java.command" value="org.codehaus.plexus.classworlds.launcher.Launcher -B -D enforcer.skip=true -D dependency-check.skip=true -D skipITs=true -D cobertura.skip=true -D maven.repo.local=/root/./workspace/RoaringBitmap/RoaringBitmap/388075634/.m2 -D rat.skip=true -D findbugs.skip=true -D skip.bower=true -D gpg.skip=true -D checkstyle.skip=true -D skip.gulp=true -D license.skip=true -D skip.npm=true test"/>
    <property name="java.specification.vendor" value="Oracle Corporation"/>
    <property name="user.language" value="en"/>
    <property name="awt.toolkit" value="sun.awt.X11.XToolkit"/>
    <property name="dependency-check.skip" value="true"/>
    <property name="java.vm.info" value="mixed mode"/>
    <property name="java.version" value="1.8.0_121"/>
    <property name="java.ext.dirs" value="/usr/lib/jvm/java-8-openjdk-amd64/jre/lib/ext:/usr/java/packages/lib/ext"/>
    <property name="securerandom.source" value="file:/dev/./urandom"/>
    <property name="sun.boot.class.path" value="/usr/lib/jvm/java-8-openjdk-amd64/jre/lib/resources.jar:/usr/lib/jvm/java-8-openjdk-amd64/jre/lib/rt.jar:/usr/lib/jvm/java-8-openjdk-amd64/jre/lib/sunrsasign.jar:/usr/lib/jvm/java-8-openjdk-amd64/jre/lib/jsse.jar:/usr/lib/jvm/java-8-openjdk-amd64/jre/lib/jce.jar:/usr/lib/jvm/java-8-openjdk-amd64/jre/lib/charsets.jar:/usr/lib/jvm/java-8-openjdk-amd64/jre/lib/jfr.jar:/usr/lib/jvm/java-8-openjdk-amd64/jre/classes"/>
    <property name="java.vendor" value="Oracle Corporation"/>
    <property name="enforcer.skip" value="true"/>
    <property name="rat.skip" value="true"/>
    <property name="maven.home" value="/usr/share/maven"/>
    <property name="file.separator" value="/"/>
    <property name="java.vendor.url.bug" value="http://bugreport.sun.com/bugreport/"/>
    <property name="sun.cpu.endian" value="little"/>
    <property name="sun.io.unicode.encoding" value="UnicodeLittle"/>
    <property name="sun.cpu.isalist" value=""/>
  </properties>
  <testcase name="testContainsBitmapContainer_IncludeSelf" classname="org.roaringbitmap.TestBitmapContainer" time="0.037"/>
  <testcase name="ixorRun" classname="org.roaringbitmap.TestBitmapContainer" time="0.036"/>
  <testcase name="testNextSetBit" classname="org.roaringbitmap.TestBitmapContainer" time="0"/>
  <testcase name="runConstructorForBitmap" classname="org.roaringbitmap.TestBitmapContainer" time="0.038"/>
  <testcase name="testContainsRunContainer_ExcludeDisJointSet" classname="org.roaringbitmap.TestBitmapContainer" time="0"/>
  <testcase name="testContainsRangeMultiWord" classname="org.roaringbitmap.TestBitmapContainer" time="0"/>
  <testcase name="testRangeCardinality2" classname="org.roaringbitmap.TestBitmapContainer" time="0.001"/>
  <testcase name="testRangeCardinality3" classname="org.roaringbitmap.TestBitmapContainer" time="0.001"/>
  <testcase name="testRangeCardinality4" classname="org.roaringbitmap.TestBitmapContainer" time="0.002"/>
  <testcase name="testRangeCardinality5" classname="org.roaringbitmap.TestBitmapContainer" time="0.001"/>
  <testcase name="testRangeCardinality6" classname="org.roaringbitmap.TestBitmapContainer" time="0.002"/>
  <testcase name="testRangeCardinality7" classname="org.roaringbitmap.TestBitmapContainer" time="0.001"/>
  <testcase name="testContainsArrayContainer_IncludeProperSubset" classname="org.roaringbitmap.TestBitmapContainer" time="0.001"/>
  <testcase name="addInvalidRange" classname="org.roaringbitmap.TestBitmapContainer" time="0"/>
  <testcase name="testAND" classname="org.roaringbitmap.TestBitmapContainer" time="0.002"/>
  <testcase name="testXOR" classname="org.roaringbitmap.TestBitmapContainer" time="0.001"/>
  <testcase name="testFirst_Empty" classname="org.roaringbitmap.TestBitmapContainer" time="0"/>
  <testcase name="orFullToRunContainer2" classname="org.roaringbitmap.TestBitmapContainer" time="0.018"/>
  <testcase name="orFullToRunContainer3" classname="org.roaringbitmap.TestBitmapContainer" time="0.001"/>
  <testcase name="orFullToRunContainer4" classname="org.roaringbitmap.TestBitmapContainer" time="0"/>
  <testcase name="testContainsArrayContainer_IncludeProperSubsetDifferentStart" classname="org.roaringbitmap.TestBitmapContainer" time="0"/>
  <testcase name="iorRun" classname="org.roaringbitmap.TestBitmapContainer" time="0.001"/>
  <testcase name="testContainsRunContainer_IncludeProperSubsetDifferentStart" classname="org.roaringbitmap.TestBitmapContainer" time="0"/>
  <testcase name="removeInvalidRange" classname="org.roaringbitmap.TestBitmapContainer" time="0"/>
  <testcase name="testToString" classname="org.roaringbitmap.TestBitmapContainer" time="0.003"/>
  <testcase name="testNextTooLarge" classname="org.roaringbitmap.TestBitmapContainer" time="0.001"/>
  <testcase name="testNextTooSmall" classname="org.roaringbitmap.TestBitmapContainer" time="0"/>
  <testcase name="testContainsArrayContainer_EmptyContainsEmpty" classname="org.roaringbitmap.TestBitmapContainer" time="0"/>
  <testcase name="remove" classname="org.roaringbitmap.TestBitmapContainer" time="0.003"/>
  <testcase name="testContainsArrayContainer_ExcludeShiftedSet" classname="org.roaringbitmap.TestBitmapContainer" time="0"/>
  <testcase name="testOR" classname="org.roaringbitmap.TestBitmapContainer" time="0.002"/>
  <testcase name="testContainsBitmapContainer_ExcludeShiftedSet" classname="org.roaringbitmap.TestBitmapContainer" time="0"/>
  <testcase name="numberOfRunsLowerBound1" classname="org.roaringbitmap.TestBitmapContainer" time="0.061"/>
  <testcase name="testNextSetBitBeforeStart" classname="org.roaringbitmap.TestBitmapContainer" time="0"/>
  <testcase name="iremove2" classname="org.roaringbitmap.TestBitmapContainer" time="0.001"/>
  <testcase name="testLazyORFull2" classname="org.roaringbitmap.TestBitmapContainer" time="0.001"/>
  <testcase name="testLazyORFull3" classname="org.roaringbitmap.TestBitmapContainer" time="0.001"/>
  <testcase name="testContainsArrayContainer_ExcludeSuperSet" classname="org.roaringbitmap.TestBitmapContainer" time="0"/>
  <testcase name="testIntersectsWithRangeUnsigned" classname="org.roaringbitmap.TestBitmapContainer" time="0"/>
  <testcase name="testRangeCardinality" classname="org.roaringbitmap.TestBitmapContainer" time="0.001"/>
  <testcase name="testContainsArrayContainer_ExcludeDisJointSet" classname="org.roaringbitmap.TestBitmapContainer" time="0"/>
  <testcase name="roundtrip" classname="org.roaringbitmap.TestBitmapContainer" time="0.091"/>
  <testcase name="testContainsBitmapContainer_IncludeProperSubset" classname="org.roaringbitmap.TestBitmapContainer" time="0"/>
  <testcase name="testContainsRunContainer_ExcludeSuperSet" classname="org.roaringbitmap.TestBitmapContainer" time="0"/>
  <testcase name="iremoveEmptyRange" classname="org.roaringbitmap.TestBitmapContainer" time="0"/>
  <testcase name="testIntersectsAtEndWord2" classname="org.roaringbitmap.TestBitmapContainer" time="0"/>
  <testcase name="orFullToRunContainer" classname="org.roaringbitmap.TestBitmapContainer" time="0.001"/>
  <testcase name="iremoveInvalidRange" classname="org.roaringbitmap.TestBitmapContainer" time="0"/>
  <testcase name="iaddInvalidRange" classname="org.roaringbitmap.TestBitmapContainer" time="0"/>
  <testcase name="testLazyORFull" classname="org.roaringbitmap.TestBitmapContainer" time="0.001"/>
  <testcase name="testContainsRunContainer_IncludeProperSubset" classname="org.roaringbitmap.TestBitmapContainer" time="0"/>
  <testcase name="ixorRun2" classname="org.roaringbitmap.TestBitmapContainer" time="0.001"/>
  <testcase name="testNextSetBitAfterEnd" classname="org.roaringbitmap.TestBitmapContainer" time="0"/>
  <testcase name="runConstructorForBitmap2" classname="org.roaringbitmap.TestBitmapContainer" time="6.932"/>
  <testcase name="testIntersectsWithRangeHitScan" classname="org.roaringbitmap.TestBitmapContainer" time="0.001"/>
  <testcase name="testFirstLast" classname="org.roaringbitmap.TestBitmapContainer" time="0"/>
  <testcase name="testPreviousTooLarge" classname="org.roaringbitmap.TestBitmapContainer" time="0"/>
  <testcase name="testPreviousTooSmall" classname="org.roaringbitmap.TestBitmapContainer" time="0.001"/>
  <testcase name="testContainsBitmapContainer_EmptyContainsEmpty" classname="org.roaringbitmap.TestBitmapContainer" time="0"/>
  <testcase name="testANDNOT" classname="org.roaringbitmap.TestBitmapContainer" time="0.002"/>
  <testcase name="testContainsRangeSingleWord" classname="org.roaringbitmap.TestBitmapContainer" time="0"/>
  <testcase name="testContainsBitmapContainer_IncludeProperSubsetDifferentStart" classname="org.roaringbitmap.TestBitmapContainer" time="0"/>
  <testcase name="testContainsRunContainer_IncludeSelf" classname="org.roaringbitmap.TestBitmapContainer" time="0"/>
  <testcase name="testContainsBitmapContainer_ExcludeSuperSet" classname="org.roaringbitmap.TestBitmapContainer" time="0"/>
  <testcase name="testLast_Empty" classname="org.roaringbitmap.TestBitmapContainer" time="0"/>
  <testcase name="testContainsRunContainer_EmptyContainsEmpty" classname="org.roaringbitmap.TestBitmapContainer" time="0.001"/>
  <testcase name="iandRun" classname="org.roaringbitmap.TestBitmapContainer" time="0"/>
  <testcase name="testContainsRangeSubWord" classname="org.roaringbitmap.TestBitmapContainer" time="0"/>
  <testcase name="testIntersectsWithRange" classname="org.roaringbitmap.TestBitmapContainer" time="0"/>
  <testcase name="testContainsArrayContainer_IncludeSelf" classname="org.roaringbitmap.TestBitmapContainer" time="0.001"/>
  <testcase name="selectInvalidPosition" classname="org.roaringbitmap.TestBitmapContainer" time="0"/>
  <testcase name="testContainsRunContainer_ExcludeShiftedSet" classname="org.roaringbitmap.TestBitmapContainer" time="0"/>
  <testcase name="testContainsBitmapContainer_ExcludeDisJointSet" classname="org.roaringbitmap.TestBitmapContainer" time="0"/>
  <testcase name="testIntersectsAtEndWord" classname="org.roaringbitmap.TestBitmapContainer" time="0"/>
  <testcase name="iremove" classname="org.roaringbitmap.TestBitmapContainer" time="0"/>
</testsuite>