<?xml version="1.0" encoding="UTF-8"?>
<testsuite xmlns:xsi="http://www.w3.org/2001/XMLSchema-instance" xsi:schemaLocation="https://maven.apache.org/surefire/maven-surefire-plugin/xsd/surefire-test-report.xsd" name="org.roaringbitmap.buffer.TestRoaringBitmap" time="33.264" tests="112" errors="0" skipped="0" failures="0">
  <properties>
    <property name="java.runtime.name" value="OpenJDK Runtime Environment"/>
    <property name="sun.boot.library.path" value="/usr/lib/jvm/java-8-openjdk-amd64/jre/lib/amd64"/>
    <property name="java.vm.version" value="25.121-b13"/>
    <property name="java.vm.vendor" value="Oracle Corporation"/>
    <property name="maven.multiModuleProjectDirectory" value="/root/workspace/RoaringBitmap/RoaringBitmap/388075634"/>
    <property name="java.vendor.url" value="http://java.oracle.com/"/>
    <property name="path.separator" value=":"/>
    <property name="guice.disable.misplaced.annotation.check" value="true"/>
    <property name="skip.gulp" value="true"/>
    <property name="java.vm.name" value="OpenJDK 64-Bit Server VM"/>
    <property name="file.encoding.pkg" value="sun.io"/>
    <property name="sun.java.launcher" value="SUN_STANDARD"/>
    <property name="sun.os.patch.level" value="unknown"/>
    <property name="findbugs.skip" value="true"/>
    <property name="java.vm.specification.name" value="Java Virtual Machine Specification"/>
    <property name="user.dir" value="/root/workspace/RoaringBitmap/RoaringBitmap/388075634"/>
    <property name="checkstyle.skip" value="true"/>
    <property name="java.runtime.version" value="1.8.0_121-8u121-b13-1~bpo8+1-b13"/>
    <property name="java.awt.graphicsenv" value="sun.awt.X11GraphicsEnvironment"/>
    <property name="skip.npm" value="true"/>
    <property name="java.endorsed.dirs" value="/usr/lib/jvm/java-8-openjdk-amd64/jre/lib/endorsed"/>
    <property name="os.arch" value="amd64"/>
    <property name="java.io.tmpdir" value="/tmp"/>
    <property name="gpg.skip" value="true"/>
    <property name="line.separator" value="&#10;"/>
    <property name="java.vm.specification.vendor" value="Oracle Corporation"/>
    <property name="cobertura.skip" value="true"/>
    <property name="os.name" value="Linux"/>
    <property name="classworlds.conf" value="/usr/share/maven/bin/m2.conf"/>
    <property name="sun.jnu.encoding" value="UTF-8"/>
    <property name="java.library.path" value="/usr/java/packages/lib/amd64:/usr/lib/x86_64-linux-gnu/jni:/lib/x86_64-linux-gnu:/usr/lib/x86_64-linux-gnu:/usr/lib/jni:/lib:/usr/lib"/>
    <property name="license.skip" value="true"/>
    <property name="java.specification.name" value="Java Platform API Specification"/>
    <property name="java.class.version" value="52.0"/>
    <property name="sun.management.compiler" value="HotSpot 64-Bit Tiered Compilers"/>
    <property name="skip.bower" value="true"/>
    <property name="maven.repo.local" value="/root/./workspace/RoaringBitmap/RoaringBitmap/388075634/.m2"/>
    <property name="os.version" value="3.10.0-862.3.2.el7.x86_64"/>
    <property name="user.home" value="/root"/>
    <property name="user.timezone" value="Europe/Paris"/>
    <property name="java.awt.printerjob" value="sun.print.PSPrinterJob"/>
    <property name="java.specification.version" value="1.8"/>
    <property name="file.encoding" value="UTF-8"/>
    <property name="user.name" value="root"/>
    <property name="java.class.path" value="/usr/share/maven/boot/plexus-classworlds-2.5.2.jar"/>
    <property name="skipITs" value="true"/>
    <property name="java.vm.specification.version" value="1.8"/>
    <property name="sun.arch.data.model" value="64"/>
    <property name="java.home" value="/usr/lib/jvm/java-8-openjdk-amd64/jre"/>
    <property name="sun.java.command" value="org.codehaus.plexus.classworlds.launcher.Launcher -B -D enforcer.skip=true -D dependency-check.skip=true -D skipITs=true -D cobertura.skip=true -D maven.repo.local=/root/./workspace/RoaringBitmap/RoaringBitmap/388075634/.m2 -D rat.skip=true -D findbugs.skip=true -D skip.bower=true -D gpg.skip=true -D checkstyle.skip=true -D skip.gulp=true -D license.skip=true -D skip.npm=true test"/>
    <property name="java.specification.vendor" value="Oracle Corporation"/>
    <property name="user.language" value="en"/>
    <property name="awt.toolkit" value="sun.awt.X11.XToolkit"/>
    <property name="dependency-check.skip" value="true"/>
    <property name="java.vm.info" value="mixed mode"/>
    <property name="java.version" value="1.8.0_121"/>
    <property name="java.ext.dirs" value="/usr/lib/jvm/java-8-openjdk-amd64/jre/lib/ext:/usr/java/packages/lib/ext"/>
    <property name="securerandom.source" value="file:/dev/./urandom"/>
    <property name="sun.boot.class.path" value="/usr/lib/jvm/java-8-openjdk-amd64/jre/lib/resources.jar:/usr/lib/jvm/java-8-openjdk-amd64/jre/lib/rt.jar:/usr/lib/jvm/java-8-openjdk-amd64/jre/lib/sunrsasign.jar:/usr/lib/jvm/java-8-openjdk-amd64/jre/lib/jsse.jar:/usr/lib/jvm/java-8-openjdk-amd64/jre/lib/jce.jar:/usr/lib/jvm/java-8-openjdk-amd64/jre/lib/charsets.jar:/usr/lib/jvm/java-8-openjdk-amd64/jre/lib/jfr.jar:/usr/lib/jvm/java-8-openjdk-amd64/jre/classes"/>
    <property name="java.vendor" value="Oracle Corporation"/>
    <property name="enforcer.skip" value="true"/>
    <property name="rat.skip" value="true"/>
    <property name="maven.home" value="/usr/share/maven"/>
    <property name="file.separator" value="/"/>
    <property name="java.vendor.url.bug" value="http://bugreport.sun.com/bugreport/"/>
    <property name="sun.cpu.endian" value="little"/>
    <property name="sun.io.unicode.encoding" value="UnicodeLittle"/>
    <property name="sun.cpu.isalist" value=""/>
  </properties>
  <testcase name="BitmapContainerCardinalityTest" classname="org.roaringbitmap.buffer.TestRoaringBitmap" time="0.048"/>
  <testcase name="ORtest" classname="org.roaringbitmap.buffer.TestRoaringBitmap" time="0.092"/>
  <testcase name="testHorizontalOrCardinalityBigInts" classname="org.roaringbitmap.buffer.TestRoaringBitmap" time="0.008"/>
  <testcase name="testFlipOnEmpty" classname="org.roaringbitmap.buffer.TestRoaringBitmap" time="0.019"/>
  <testcase name="testMassiveXOrBigInts" classname="org.roaringbitmap.buffer.TestRoaringBitmap" time="0.446"/>
  <testcase name="testEmptyFirst" classname="org.roaringbitmap.buffer.TestRoaringBitmap" time="0"/>
  <testcase name="testSelectBigInts" classname="org.roaringbitmap.buffer.TestRoaringBitmap" time="0.161"/>
  <testcase name="testStringer" classname="org.roaringbitmap.buffer.TestRoaringBitmap" time="0.003"/>
  <testcase name="bitmaptest" classname="org.roaringbitmap.buffer.TestRoaringBitmap" time="0.004"/>
  <testcase name="basictest" classname="org.roaringbitmap.buffer.TestRoaringBitmap" time="0.001"/>
  <testcase name="andcounttest" classname="org.roaringbitmap.buffer.TestRoaringBitmap" time="0.005"/>
  <testcase name="testIteratorMapped" classname="org.roaringbitmap.buffer.TestRoaringBitmap" time="0.029"/>
  <testcase name="testSerialization" classname="org.roaringbitmap.buffer.TestRoaringBitmap" time="0.074"/>
  <testcase name="flipTestBigInt" classname="org.roaringbitmap.buffer.TestRoaringBitmap" time="0"/>
  <testcase name="simpleTest" classname="org.roaringbitmap.buffer.TestRoaringBitmap" time="0.001"/>
  <testcase name="arraytest" classname="org.roaringbitmap.buffer.TestRoaringBitmap" time="0.001"/>
  <testcase name="andnottest4" classname="org.roaringbitmap.buffer.TestRoaringBitmap" time="0.006"/>
  <testcase name="testRandomLists" classname="org.roaringbitmap.buffer.TestRoaringBitmap" time="0.034"/>
  <testcase name="pointerContainerTest" classname="org.roaringbitmap.buffer.TestRoaringBitmap" time="0.009"/>
  <testcase name="flipTestBigA" classname="org.roaringbitmap.buffer.TestRoaringBitmap" time="0.239"/>
  <testcase name="flipTestBig" classname="org.roaringbitmap.buffer.TestRoaringBitmap" time="0.197"/>
  <testcase name="testIteratorBigInts" classname="org.roaringbitmap.buffer.TestRoaringBitmap" time="0.007"/>
  <testcase name="clearTest" classname="org.roaringbitmap.buffer.TestRoaringBitmap" time="0.034"/>
  <testcase name="testCheckedAdd" classname="org.roaringbitmap.buffer.TestRoaringBitmap" time="0.042"/>
  <testcase name="orcount" classname="org.roaringbitmap.buffer.TestRoaringBitmap" time="0.003"/>
  <testcase name="testEqual" classname="org.roaringbitmap.buffer.TestRoaringBitmap" time="0"/>
  <testcase name="testLimit" classname="org.roaringbitmap.buffer.TestRoaringBitmap" time="0.081"/>
  <testcase name="testOr001" classname="org.roaringbitmap.buffer.TestRoaringBitmap" time="0.01"/>
  <testcase name="ortest2" classname="org.roaringbitmap.buffer.TestRoaringBitmap" time="0.003"/>
  <testcase name="ortest3" classname="org.roaringbitmap.buffer.TestRoaringBitmap" time="8.883"/>
  <testcase name="ortest4" classname="org.roaringbitmap.buffer.TestRoaringBitmap" time="0.017"/>
  <testcase name="XORtest" classname="org.roaringbitmap.buffer.TestRoaringBitmap" time="0.017"/>
  <testcase name="testFlip" classname="org.roaringbitmap.buffer.TestRoaringBitmap" time="0.407"/>
  <testcase name="testHash" classname="org.roaringbitmap.buffer.TestRoaringBitmap" time="0"/>
  <testcase name="testRank" classname="org.roaringbitmap.buffer.TestRoaringBitmap" time="0.132"/>
  <testcase name="ortest" classname="org.roaringbitmap.buffer.TestRoaringBitmap" time="0.003"/>
  <testcase name="testHighBits" classname="org.roaringbitmap.buffer.TestRoaringBitmap" time="5.429"/>
  <testcase name="ArrayContainerCardinalityTest" classname="org.roaringbitmap.buffer.TestRoaringBitmap" time="0"/>
  <testcase name="andtest2" classname="org.roaringbitmap.buffer.TestRoaringBitmap" time="0.001"/>
  <testcase name="andtest3" classname="org.roaringbitmap.buffer.TestRoaringBitmap" time="0.009"/>
  <testcase name="andtest4" classname="org.roaringbitmap.buffer.TestRoaringBitmap" time="0.019"/>
  <testcase name="binaryTest" classname="org.roaringbitmap.buffer.TestRoaringBitmap" time="0.886"/>
  <testcase name="andtest" classname="org.roaringbitmap.buffer.TestRoaringBitmap" time="0"/>
  <testcase name="testLimitBitInts" classname="org.roaringbitmap.buffer.TestRoaringBitmap" time="0.02"/>
  <testcase name="testEmptyLast" classname="org.roaringbitmap.buffer.TestRoaringBitmap" time="0"/>
  <testcase name="testFlipBigInts" classname="org.roaringbitmap.buffer.TestRoaringBitmap" time="0.283"/>
  <testcase name="report128_fly" classname="org.roaringbitmap.buffer.TestRoaringBitmap" time="0.002"/>
  <testcase name="sparseAnd" classname="org.roaringbitmap.buffer.TestRoaringBitmap" time="0"/>
  <testcase name="sparseXor" classname="org.roaringbitmap.buffer.TestRoaringBitmap" time="0.001"/>
  <testcase name="bitmapOfTest" classname="org.roaringbitmap.buffer.TestRoaringBitmap" time="0.002"/>
  <testcase name="testMassiveAndBigInts" classname="org.roaringbitmap.buffer.TestRoaringBitmap" time="0.499"/>
  <testcase name="report128" classname="org.roaringbitmap.buffer.TestRoaringBitmap" time="0.001"/>
  <testcase name="ContainerFactory" classname="org.roaringbitmap.buffer.TestRoaringBitmap" time="0.007"/>
  <testcase name="ANDtest" classname="org.roaringbitmap.buffer.TestRoaringBitmap" time="0.011"/>
  <testcase name="testMultipleAdd" classname="org.roaringbitmap.buffer.TestRoaringBitmap" time="0"/>
  <testcase name="testMassiveOrBigInts" classname="org.roaringbitmap.buffer.TestRoaringBitmap" time="0.226"/>
  <testcase name="testFirstLast_CreateSparseContainersAfterRun" classname="org.roaringbitmap.buffer.TestRoaringBitmap" time="0"/>
  <testcase name="testSerializationBigInts" classname="org.roaringbitmap.buffer.TestRoaringBitmap" time="0.007"/>
  <testcase name="randomTest" classname="org.roaringbitmap.buffer.TestRoaringBitmap" time="1.527"/>
  <testcase name="testContains" classname="org.roaringbitmap.buffer.TestRoaringBitmap" time="0.03"/>
  <testcase name="testSetUtilIntersection" classname="org.roaringbitmap.buffer.TestRoaringBitmap" time="0"/>
  <testcase name="andCounttest3" classname="org.roaringbitmap.buffer.TestRoaringBitmap" time="0.012"/>
  <testcase name="testAstesana" classname="org.roaringbitmap.buffer.TestRoaringBitmap" time="0"/>
  <testcase name="cardinalityTest" classname="org.roaringbitmap.buffer.TestRoaringBitmap" time="0.873"/>
  <testcase name="testHorizontalOrCardinality" classname="org.roaringbitmap.buffer.TestRoaringBitmap" time="0.001"/>
  <testcase name="pointerImmutableContainerTest" classname="org.roaringbitmap.buffer.TestRoaringBitmap" time="0.01"/>
  <testcase name="sparseAndNot" classname="org.roaringbitmap.buffer.TestRoaringBitmap" time="0.001"/>
  <testcase name="testMassiveAnd" classname="org.roaringbitmap.buffer.TestRoaringBitmap" time="0.306"/>
  <testcase name="testMassiveXOr" classname="org.roaringbitmap.buffer.TestRoaringBitmap" time="0.142"/>
  <testcase name="addoffset" classname="org.roaringbitmap.buffer.TestRoaringBitmap" time="1.077"/>
  <testcase name="testFirstLast" classname="org.roaringbitmap.buffer.TestRoaringBitmap" time="0.006"/>
  <testcase name="testMassiveOr" classname="org.roaringbitmap.buffer.TestRoaringBitmap" time="0.13"/>
  <testcase name="testRankBigInts" classname="org.roaringbitmap.buffer.TestRoaringBitmap" time="0.072"/>
  <testcase name="testCheckedRemove" classname="org.roaringbitmap.buffer.TestRoaringBitmap" time="0.069"/>
  <testcase name="flipTest1A" classname="org.roaringbitmap.buffer.TestRoaringBitmap" time="0.009"/>
  <testcase name="flipTest2A" classname="org.roaringbitmap.buffer.TestRoaringBitmap" time="0"/>
  <testcase name="flipTest3A" classname="org.roaringbitmap.buffer.TestRoaringBitmap" time="0"/>
  <testcase name="flipTest4A" classname="org.roaringbitmap.buffer.TestRoaringBitmap" time="0.007"/>
  <testcase name="flipTest5A" classname="org.roaringbitmap.buffer.TestRoaringBitmap" time="0.004"/>
  <testcase name="flipTest6A" classname="org.roaringbitmap.buffer.TestRoaringBitmap" time="0"/>
  <testcase name="flipTest7A" classname="org.roaringbitmap.buffer.TestRoaringBitmap" time="0.008"/>
  <testcase name="intersecttest" classname="org.roaringbitmap.buffer.TestRoaringBitmap" time="0.012"/>
  <testcase name="conversionTest" classname="org.roaringbitmap.buffer.TestRoaringBitmap" time="0.043"/>
  <testcase name="testXORSimple" classname="org.roaringbitmap.buffer.TestRoaringBitmap" time="0.001"/>
  <testcase name="testIteratorMappedBigInts" classname="org.roaringbitmap.buffer.TestRoaringBitmap" time="0.01"/>
  <testcase name="testAndNot" classname="org.roaringbitmap.buffer.TestRoaringBitmap" time="0"/>
  <testcase name="trimArrayContainerCardinalityTest" classname="org.roaringbitmap.buffer.TestRoaringBitmap" time="0.001"/>
  <testcase name="fliptest_Karpenske" classname="org.roaringbitmap.buffer.TestRoaringBitmap" time="0"/>
  <testcase name="simplecardinalityTest" classname="org.roaringbitmap.buffer.TestRoaringBitmap" time="0.001"/>
  <testcase name="trimTest" classname="org.roaringbitmap.buffer.TestRoaringBitmap" time="0.006"/>
  <testcase name="testLazyOr" classname="org.roaringbitmap.buffer.TestRoaringBitmap" time="0"/>
  <testcase name="containerSharingWithXor" classname="org.roaringbitmap.buffer.TestRoaringBitmap" time="0"/>
  <testcase name="flipTest1" classname="org.roaringbitmap.buffer.TestRoaringBitmap" time="0.01"/>
  <testcase name="flipTest2" classname="org.roaringbitmap.buffer.TestRoaringBitmap" time="0"/>
  <testcase name="flipTest3" classname="org.roaringbitmap.buffer.TestRoaringBitmap" time="0"/>
  <testcase name="flipTest4" classname="org.roaringbitmap.buffer.TestRoaringBitmap" time="0.011"/>
  <testcase name="flipTest5" classname="org.roaringbitmap.buffer.TestRoaringBitmap" time="0.006"/>
  <testcase name="flipTest6" classname="org.roaringbitmap.buffer.TestRoaringBitmap" time="0"/>
  <testcase name="flipTest7" classname="org.roaringbitmap.buffer.TestRoaringBitmap" time="0.011"/>
  <testcase name="testAndCardinality" classname="org.roaringbitmap.buffer.TestRoaringBitmap" time="0.001"/>
  <testcase name="testSerialization2" classname="org.roaringbitmap.buffer.TestRoaringBitmap" time="0"/>
  <testcase name="testSerialization3" classname="org.roaringbitmap.buffer.TestRoaringBitmap" time="0.008"/>
  <testcase name="testSerialization4" classname="org.roaringbitmap.buffer.TestRoaringBitmap" time="0.079"/>
  <testcase name="testSelect" classname="org.roaringbitmap.buffer.TestRoaringBitmap" time="0.146"/>
  <testcase name="limitBug2" classname="org.roaringbitmap.buffer.TestRoaringBitmap" time="0.126"/>
  <testcase name="limitTest" classname="org.roaringbitmap.buffer.TestRoaringBitmap" time="0.001"/>
  <testcase name="xortest1" classname="org.roaringbitmap.buffer.TestRoaringBitmap" time="9.813"/>
  <testcase name="xortest4" classname="org.roaringbitmap.buffer.TestRoaringBitmap" time="0.013"/>
  <testcase name="testIterator" classname="org.roaringbitmap.buffer.TestRoaringBitmap" time="0.004"/>
  <testcase name="ANDNOTtest" classname="org.roaringbitmap.buffer.TestRoaringBitmap" time="0.008"/>
  <testcase name="emptySerialization" classname="org.roaringbitmap.buffer.TestRoaringBitmap" time="0"/>
  <testcase name="sparseOr" classname="org.roaringbitmap.buffer.TestRoaringBitmap" time="0"/>
</testsuite>