<?xml version="1.0" encoding="UTF-8"?>
<testsuite xmlns:xsi="http://www.w3.org/2001/XMLSchema-instance" xsi:schemaLocation="https://maven.apache.org/surefire/maven-surefire-plugin/xsd/surefire-test-report.xsd" name="org.roaringbitmap.buffer.TestRunContainer" time="12.506" tests="166" errors="0" skipped="0" failures="0">
  <properties>
    <property name="java.runtime.name" value="OpenJDK Runtime Environment"/>
    <property name="sun.boot.library.path" value="/usr/lib/jvm/java-8-openjdk-amd64/jre/lib/amd64"/>
    <property name="java.vm.version" value="25.121-b13"/>
    <property name="java.vm.vendor" value="Oracle Corporation"/>
    <property name="maven.multiModuleProjectDirectory" value="/root/workspace/RoaringBitmap/RoaringBitmap/388075634"/>
    <property name="java.vendor.url" value="http://java.oracle.com/"/>
    <property name="path.separator" value=":"/>
    <property name="guice.disable.misplaced.annotation.check" value="true"/>
    <property name="skip.gulp" value="true"/>
    <property name="java.vm.name" value="OpenJDK 64-Bit Server VM"/>
    <property name="file.encoding.pkg" value="sun.io"/>
    <property name="sun.java.launcher" value="SUN_STANDARD"/>
    <property name="sun.os.patch.level" value="unknown"/>
    <property name="findbugs.skip" value="true"/>
    <property name="java.vm.specification.name" value="Java Virtual Machine Specification"/>
    <property name="user.dir" value="/root/workspace/RoaringBitmap/RoaringBitmap/388075634"/>
    <property name="checkstyle.skip" value="true"/>
    <property name="java.runtime.version" value="1.8.0_121-8u121-b13-1~bpo8+1-b13"/>
    <property name="java.awt.graphicsenv" value="sun.awt.X11GraphicsEnvironment"/>
    <property name="skip.npm" value="true"/>
    <property name="java.endorsed.dirs" value="/usr/lib/jvm/java-8-openjdk-amd64/jre/lib/endorsed"/>
    <property name="os.arch" value="amd64"/>
    <property name="java.io.tmpdir" value="/tmp"/>
    <property name="gpg.skip" value="true"/>
    <property name="line.separator" value="&#10;"/>
    <property name="java.vm.specification.vendor" value="Oracle Corporation"/>
    <property name="cobertura.skip" value="true"/>
    <property name="os.name" value="Linux"/>
    <property name="classworlds.conf" value="/usr/share/maven/bin/m2.conf"/>
    <property name="sun.jnu.encoding" value="UTF-8"/>
    <property name="java.library.path" value="/usr/java/packages/lib/amd64:/usr/lib/x86_64-linux-gnu/jni:/lib/x86_64-linux-gnu:/usr/lib/x86_64-linux-gnu:/usr/lib/jni:/lib:/usr/lib"/>
    <property name="license.skip" value="true"/>
    <property name="java.specification.name" value="Java Platform API Specification"/>
    <property name="java.class.version" value="52.0"/>
    <property name="sun.management.compiler" value="HotSpot 64-Bit Tiered Compilers"/>
    <property name="skip.bower" value="true"/>
    <property name="maven.repo.local" value="/root/./workspace/RoaringBitmap/RoaringBitmap/388075634/.m2"/>
    <property name="os.version" value="3.10.0-862.3.2.el7.x86_64"/>
    <property name="user.home" value="/root"/>
    <property name="user.timezone" value="Europe/Paris"/>
    <property name="java.awt.printerjob" value="sun.print.PSPrinterJob"/>
    <property name="java.specification.version" value="1.8"/>
    <property name="file.encoding" value="UTF-8"/>
    <property name="user.name" value="root"/>
    <property name="java.class.path" value="/usr/share/maven/boot/plexus-classworlds-2.5.2.jar"/>
    <property name="skipITs" value="true"/>
    <property name="java.vm.specification.version" value="1.8"/>
    <property name="sun.arch.data.model" value="64"/>
    <property name="java.home" value="/usr/lib/jvm/java-8-openjdk-amd64/jre"/>
    <property name="sun.java.command" value="org.codehaus.plexus.classworlds.launcher.Launcher -B -D enforcer.skip=true -D dependency-check.skip=true -D skipITs=true -D cobertura.skip=true -D maven.repo.local=/root/./workspace/RoaringBitmap/RoaringBitmap/388075634/.m2 -D rat.skip=true -D findbugs.skip=true -D skip.bower=true -D gpg.skip=true -D checkstyle.skip=true -D skip.gulp=true -D license.skip=true -D skip.npm=true test"/>
    <property name="java.specification.vendor" value="Oracle Corporation"/>
    <property name="user.language" value="en"/>
    <property name="awt.toolkit" value="sun.awt.X11.XToolkit"/>
    <property name="dependency-check.skip" value="true"/>
    <property name="java.vm.info" value="mixed mode"/>
    <property name="java.version" value="1.8.0_121"/>
    <property name="java.ext.dirs" value="/usr/lib/jvm/java-8-openjdk-amd64/jre/lib/ext:/usr/java/packages/lib/ext"/>
    <property name="securerandom.source" value="file:/dev/./urandom"/>
    <property name="sun.boot.class.path" value="/usr/lib/jvm/java-8-openjdk-amd64/jre/lib/resources.jar:/usr/lib/jvm/java-8-openjdk-amd64/jre/lib/rt.jar:/usr/lib/jvm/java-8-openjdk-amd64/jre/lib/sunrsasign.jar:/usr/lib/jvm/java-8-openjdk-amd64/jre/lib/jsse.jar:/usr/lib/jvm/java-8-openjdk-amd64/jre/lib/jce.jar:/usr/lib/jvm/java-8-openjdk-amd64/jre/lib/charsets.jar:/usr/lib/jvm/java-8-openjdk-amd64/jre/lib/jfr.jar:/usr/lib/jvm/java-8-openjdk-amd64/jre/classes"/>
    <property name="java.vendor" value="Oracle Corporation"/>
    <property name="enforcer.skip" value="true"/>
    <property name="rat.skip" value="true"/>
    <property name="maven.home" value="/usr/share/maven"/>
    <property name="file.separator" value="/"/>
    <property name="java.vendor.url.bug" value="http://bugreport.sun.com/bugreport/"/>
    <property name="sun.cpu.endian" value="little"/>
    <property name="sun.io.unicode.encoding" value="UnicodeLittle"/>
    <property name="sun.cpu.isalist" value=""/>
  </properties>
  <testcase name="addRangeWithinSetBounds" classname="org.roaringbitmap.buffer.TestRunContainer" time="0.044"/>
  <testcase name="iaddRange" classname="org.roaringbitmap.buffer.TestRunContainer" time="3.718"/>
  <testcase name="testRoaringWithoutOptimize" classname="org.roaringbitmap.buffer.TestRunContainer" time="0.042"/>
  <testcase name="longsimpleIterator" classname="org.roaringbitmap.buffer.TestRunContainer" time="0.019"/>
  <testcase name="testContainsMappeableArrayContainer_ExcludeDisJointSet" classname="org.roaringbitmap.buffer.TestRunContainer" time="0"/>
  <testcase name="testSimpleCardinality" classname="org.roaringbitmap.buffer.TestRunContainer" time="0"/>
  <testcase name="simpleIterator" classname="org.roaringbitmap.buffer.TestRunContainer" time="0"/>
  <testcase name="addRangeAndFuseWithPreviousValueLength" classname="org.roaringbitmap.buffer.TestRunContainer" time="0"/>
  <testcase name="testContainsRange2" classname="org.roaringbitmap.buffer.TestRunContainer" time="0"/>
  <testcase name="testContainsRange3" classname="org.roaringbitmap.buffer.TestRunContainer" time="0"/>
  <testcase name="testContainsMappeableArrayContainer_IncludeProperSubset" classname="org.roaringbitmap.buffer.TestRunContainer" time="0.001"/>
  <testcase name="testContainsMappeableBitmapContainer_IncludeSelf" classname="org.roaringbitmap.buffer.TestRunContainer" time="0.012"/>
  <testcase name="longbacksimpleIterator" classname="org.roaringbitmap.buffer.TestRunContainer" time="0.019"/>
  <testcase name="andNot" classname="org.roaringbitmap.buffer.TestRunContainer" time="0.035"/>
  <testcase name="basic2" classname="org.roaringbitmap.buffer.TestRunContainer" time="0.09"/>
  <testcase name="andNotTest1" classname="org.roaringbitmap.buffer.TestRunContainer" time="0.001"/>
  <testcase name="andNotTest2" classname="org.roaringbitmap.buffer.TestRunContainer" time="0.003"/>
  <testcase name="iremove10" classname="org.roaringbitmap.buffer.TestRunContainer" time="0.001"/>
  <testcase name="iremove11" classname="org.roaringbitmap.buffer.TestRunContainer" time="0"/>
  <testcase name="iremove12" classname="org.roaringbitmap.buffer.TestRunContainer" time="0"/>
  <testcase name="iremove13" classname="org.roaringbitmap.buffer.TestRunContainer" time="0"/>
  <testcase name="iremove14" classname="org.roaringbitmap.buffer.TestRunContainer" time="0"/>
  <testcase name="iremove15" classname="org.roaringbitmap.buffer.TestRunContainer" time="0"/>
  <testcase name="iremove16" classname="org.roaringbitmap.buffer.TestRunContainer" time="0"/>
  <testcase name="iremove17" classname="org.roaringbitmap.buffer.TestRunContainer" time="0"/>
  <testcase name="testContainsMappeableRunContainer_IncludeProperSubsetDifferentStart" classname="org.roaringbitmap.buffer.TestRunContainer" time="0"/>
  <testcase name="addRange" classname="org.roaringbitmap.buffer.TestRunContainer" time="3.231"/>
  <testcase name="longcsimpleIterator" classname="org.roaringbitmap.buffer.TestRunContainer" time="0.015"/>
  <testcase name="testEqualsMappeableArrayContainer_NotEqual_ArrayLarger" classname="org.roaringbitmap.buffer.TestRunContainer" time="0"/>
  <testcase name="iorRun" classname="org.roaringbitmap.buffer.TestRunContainer" time="0.001"/>
  <testcase name="iremoveInvalidRange1" classname="org.roaringbitmap.buffer.TestRunContainer" time="0"/>
  <testcase name="iremoveInvalidRange2" classname="org.roaringbitmap.buffer.TestRunContainer" time="0.001"/>
  <testcase name="addRangeAndFuseWithNextValueLength" classname="org.roaringbitmap.buffer.TestRunContainer" time="0"/>
  <testcase name="testContainsFull" classname="org.roaringbitmap.buffer.TestRunContainer" time="0"/>
  <testcase name="iaddRange10" classname="org.roaringbitmap.buffer.TestRunContainer" time="0.001"/>
  <testcase name="iaddRange11" classname="org.roaringbitmap.buffer.TestRunContainer" time="0"/>
  <testcase name="iaddRange12" classname="org.roaringbitmap.buffer.TestRunContainer" time="0"/>
  <testcase name="testToString" classname="org.roaringbitmap.buffer.TestRunContainer" time="0"/>
  <testcase name="xor_array" classname="org.roaringbitmap.buffer.TestRunContainer" time="0.028"/>
  <testcase name="not12A" classname="org.roaringbitmap.buffer.TestRunContainer" time="0"/>
  <testcase name="addOutOfOrder" classname="org.roaringbitmap.buffer.TestRunContainer" time="0"/>
  <testcase name="remove" classname="org.roaringbitmap.buffer.TestRunContainer" time="0"/>
  <testcase name="iaddInvalidRange1" classname="org.roaringbitmap.buffer.TestRunContainer" time="0.001"/>
  <testcase name="iaddInvalidRange2" classname="org.roaringbitmap.buffer.TestRunContainer" time="0"/>
  <testcase name="safeor" classname="org.roaringbitmap.buffer.TestRunContainer" time="0.001"/>
  <testcase name="select" classname="org.roaringbitmap.buffer.TestRunContainer" time="0"/>
  <testcase name="testContainsMappeableRunContainer_IncludeProperSubset" classname="org.roaringbitmap.buffer.TestRunContainer" time="0.001"/>
  <testcase name="andNot1" classname="org.roaringbitmap.buffer.TestRunContainer" time="0"/>
  <testcase name="andNot2" classname="org.roaringbitmap.buffer.TestRunContainer" time="0"/>
  <testcase name="union2" classname="org.roaringbitmap.buffer.TestRunContainer" time="0.001"/>
  <testcase name="randomFun" classname="org.roaringbitmap.buffer.TestRunContainer" time="0.128"/>
  <testcase name="MappeableRunContainerVSMappeableRunContainerAND" classname="org.roaringbitmap.buffer.TestRunContainer" time="0.233"/>
  <testcase name="MappeableRunContainerVSMappeableRunContainerXOR" classname="org.roaringbitmap.buffer.TestRunContainer" time="0.218"/>
  <testcase name="iremove1" classname="org.roaringbitmap.buffer.TestRunContainer" time="0"/>
  <testcase name="iremove2" classname="org.roaringbitmap.buffer.TestRunContainer" time="0"/>
  <testcase name="iremove3" classname="org.roaringbitmap.buffer.TestRunContainer" time="0"/>
  <testcase name="iremove4" classname="org.roaringbitmap.buffer.TestRunContainer" time="0"/>
  <testcase name="iremove5" classname="org.roaringbitmap.buffer.TestRunContainer" time="0"/>
  <testcase name="iremove6" classname="org.roaringbitmap.buffer.TestRunContainer" time="0"/>
  <testcase name="iremove7" classname="org.roaringbitmap.buffer.TestRunContainer" time="0"/>
  <testcase name="iremove8" classname="org.roaringbitmap.buffer.TestRunContainer" time="0"/>
  <testcase name="iremove9" classname="org.roaringbitmap.buffer.TestRunContainer" time="0"/>
  <testcase name="testFirstUnsigned" classname="org.roaringbitmap.buffer.TestRunContainer" time="0"/>
  <testcase name="iorBitmap" classname="org.roaringbitmap.buffer.TestRunContainer" time="0"/>
  <testcase name="testFullConstructor" classname="org.roaringbitmap.buffer.TestRunContainer" time="0"/>
  <testcase name="testIntersectsWithRangeUnsigned" classname="org.roaringbitmap.buffer.TestRunContainer" time="0"/>
  <testcase name="iaddRangeWithinSetBounds" classname="org.roaringbitmap.buffer.TestRunContainer" time="0"/>
  <testcase name="testContainsMappeableBitmapContainer_IncludeProperSubset" classname="org.roaringbitmap.buffer.TestRunContainer" time="0"/>
  <testcase name="testContainsMappeableRunContainer_ExcludeShiftedSet" classname="org.roaringbitmap.buffer.TestRunContainer" time="0"/>
  <testcase name="testEqualsMappeableArrayContainer_NotEqual_ArrayShifted" classname="org.roaringbitmap.buffer.TestRunContainer" time="0"/>
  <testcase name="testRoaringWithOptimize" classname="org.roaringbitmap.buffer.TestRunContainer" time="0.006"/>
  <testcase name="FullRunContainerArg_ArrayANDNOT2" classname="org.roaringbitmap.buffer.TestRunContainer" time="0.001"/>
  <testcase name="testIntersectsWithRangeManyRuns" classname="org.roaringbitmap.buffer.TestRunContainer" time="0"/>
  <testcase name="testEqualsMappeableArrayContainer_NotEqual_ArraySmaller" classname="org.roaringbitmap.buffer.TestRunContainer" time="0"/>
  <testcase name="fillLeastSignificantBits" classname="org.roaringbitmap.buffer.TestRunContainer" time="0"/>
  <testcase name="shortRangeRank" classname="org.roaringbitmap.buffer.TestRunContainer" time="0.009"/>
  <testcase name="testContainsRange" classname="org.roaringbitmap.buffer.TestRunContainer" time="0"/>
  <testcase name="ior" classname="org.roaringbitmap.buffer.TestRunContainer" time="0"/>
  <testcase name="xor" classname="org.roaringbitmap.buffer.TestRunContainer" time="0.022"/>
  <testcase name="flip" classname="org.roaringbitmap.buffer.TestRunContainer" time="0.001"/>
  <testcase name="not1" classname="org.roaringbitmap.buffer.TestRunContainer" time="0"/>
  <testcase name="not2" classname="org.roaringbitmap.buffer.TestRunContainer" time="0"/>
  <testcase name="not3" classname="org.roaringbitmap.buffer.TestRunContainer" time="0"/>
  <testcase name="not4" classname="org.roaringbitmap.buffer.TestRunContainer" time="0"/>
  <testcase name="not5" classname="org.roaringbitmap.buffer.TestRunContainer" time="0"/>
  <testcase name="not6" classname="org.roaringbitmap.buffer.TestRunContainer" time="0"/>
  <testcase name="not7" classname="org.roaringbitmap.buffer.TestRunContainer" time="0"/>
  <testcase name="not8" classname="org.roaringbitmap.buffer.TestRunContainer" time="0.001"/>
  <testcase name="not9" classname="org.roaringbitmap.buffer.TestRunContainer" time="0"/>
  <testcase name="rank" classname="org.roaringbitmap.buffer.TestRunContainer" time="0"/>
  <testcase name="xor1" classname="org.roaringbitmap.buffer.TestRunContainer" time="0"/>
  <testcase name="xor2" classname="org.roaringbitmap.buffer.TestRunContainer" time="0.001"/>
  <testcase name="xor3" classname="org.roaringbitmap.buffer.TestRunContainer" time="0"/>
  <testcase name="xor4" classname="org.roaringbitmap.buffer.TestRunContainer" time="0"/>
  <testcase name="iaddRangeAndFuseWithPreviousValueLength" classname="org.roaringbitmap.buffer.TestRunContainer" time="0"/>
  <testcase name="safeSerialization" classname="org.roaringbitmap.buffer.TestRunContainer" time="0"/>
  <testcase name="testRangeConstructor2" classname="org.roaringbitmap.buffer.TestRunContainer" time="0.001"/>
  <testcase name="testRangeConstructor3" classname="org.roaringbitmap.buffer.TestRunContainer" time="0"/>
  <testcase name="testRangeConstructor4" classname="org.roaringbitmap.buffer.TestRunContainer" time="0"/>
  <testcase name="clear" classname="org.roaringbitmap.buffer.TestRunContainer" time="0"/>
  <testcase name="limit" classname="org.roaringbitmap.buffer.TestRunContainer" time="0"/>
  <testcase name="not10" classname="org.roaringbitmap.buffer.TestRunContainer" time="0"/>
  <testcase name="not11" classname="org.roaringbitmap.buffer.TestRunContainer" time="0"/>
  <testcase name="not12" classname="org.roaringbitmap.buffer.TestRunContainer" time="0"/>
  <testcase name="not13" classname="org.roaringbitmap.buffer.TestRunContainer" time="0"/>
  <testcase name="not15" classname="org.roaringbitmap.buffer.TestRunContainer" time="0.004"/>
  <testcase name="union" classname="org.roaringbitmap.buffer.TestRunContainer" time="0"/>
  <testcase name="xor1a" classname="org.roaringbitmap.buffer.TestRunContainer" time="0"/>
  <testcase name="xor2a" classname="org.roaringbitmap.buffer.TestRunContainer" time="0"/>
  <testcase name="xor3a" classname="org.roaringbitmap.buffer.TestRunContainer" time="0"/>
  <testcase name="testContainsMappeableArrayContainer_IncludeSelf" classname="org.roaringbitmap.buffer.TestRunContainer" time="0.001"/>
  <testcase name="addRangeOnNonEmptyContainerAndFuse" classname="org.roaringbitmap.buffer.TestRunContainer" time="0"/>
  <testcase name="testContainsMappeableBitmapContainer_ExcludeSuperSet" classname="org.roaringbitmap.buffer.TestRunContainer" time="0"/>
  <testcase name="equalTest1" classname="org.roaringbitmap.buffer.TestRunContainer" time="0"/>
  <testcase name="equalTest2" classname="org.roaringbitmap.buffer.TestRunContainer" time="0.004"/>
  <testcase name="iremoveRange" classname="org.roaringbitmap.buffer.TestRunContainer" time="2.605"/>
  <testcase name="testContainsMappeableRunContainer_EmptyContainsEmpty" classname="org.roaringbitmap.buffer.TestRunContainer" time="0"/>
  <testcase name="iaddRange1" classname="org.roaringbitmap.buffer.TestRunContainer" time="0.001"/>
  <testcase name="iaddRange2" classname="org.roaringbitmap.buffer.TestRunContainer" time="0"/>
  <testcase name="iaddRange3" classname="org.roaringbitmap.buffer.TestRunContainer" time="0"/>
  <testcase name="iaddRange4" classname="org.roaringbitmap.buffer.TestRunContainer" time="0.001"/>
  <testcase name="iaddRange5" classname="org.roaringbitmap.buffer.TestRunContainer" time="0"/>
  <testcase name="iaddRange6" classname="org.roaringbitmap.buffer.TestRunContainer" time="0"/>
  <testcase name="iaddRange7" classname="org.roaringbitmap.buffer.TestRunContainer" time="0"/>
  <testcase name="iaddRange8" classname="org.roaringbitmap.buffer.TestRunContainer" time="0"/>
  <testcase name="testFirstLast" classname="org.roaringbitmap.buffer.TestRunContainer" time="0.001"/>
  <testcase name="addRangeOnNonEmptyContainer" classname="org.roaringbitmap.buffer.TestRunContainer" time="0"/>
  <testcase name="intersectionTest1" classname="org.roaringbitmap.buffer.TestRunContainer" time="0"/>
  <testcase name="intersectionTest2" classname="org.roaringbitmap.buffer.TestRunContainer" time="0.003"/>
  <testcase name="intersectionTest3" classname="org.roaringbitmap.buffer.TestRunContainer" time="0"/>
  <testcase name="intersectionTest4" classname="org.roaringbitmap.buffer.TestRunContainer" time="0"/>
  <testcase name="addRangeWithinSetBoundsAndFuse" classname="org.roaringbitmap.buffer.TestRunContainer" time="0"/>
  <testcase name="testContainsMappeableRunContainer_ExcludeSuperSet" classname="org.roaringbitmap.buffer.TestRunContainer" time="0.001"/>
  <testcase name="MappeableRunContainerArg_ArrayAND" classname="org.roaringbitmap.buffer.TestRunContainer" time="0.14"/>
  <testcase name="MappeableRunContainerArg_ArrayXOR" classname="org.roaringbitmap.buffer.TestRunContainer" time="0.172"/>
  <testcase name="MappeableRunContainerVSMappeableRunContainerANDNOT" classname="org.roaringbitmap.buffer.TestRunContainer" time="0.169"/>
  <testcase name="MappeableRunContainerArg_ArrayANDNOT" classname="org.roaringbitmap.buffer.TestRunContainer" time="0.157"/>
  <testcase name="intersectsRun" classname="org.roaringbitmap.buffer.TestRunContainer" time="0"/>
  <testcase name="iaddRangeOnNonEmptyContainerAndFuse" classname="org.roaringbitmap.buffer.TestRunContainer" time="0"/>
  <testcase name="testContainsMappeableBitmapContainer_EmptyContainsEmpty" classname="org.roaringbitmap.buffer.TestRunContainer" time="0.001"/>
  <testcase name="MappeableRunContainerArg_ArrayOR" classname="org.roaringbitmap.buffer.TestRunContainer" time="0.181"/>
  <testcase name="testRunOpti" classname="org.roaringbitmap.buffer.TestRunContainer" time="0.379"/>
  <testcase name="iterator" classname="org.roaringbitmap.buffer.TestRunContainer" time="0.01"/>
  <testcase name="testAndNot" classname="org.roaringbitmap.buffer.TestRunContainer" time="0.001"/>
  <testcase name="testEqualsMappeableArrayContainer_Equal" classname="org.roaringbitmap.buffer.TestRunContainer" time="0"/>
  <testcase name="testContainsMappeableRunContainer_ExcludeDisJointSet" classname="org.roaringbitmap.buffer.TestRunContainer" time="0"/>
  <testcase name="iorArray" classname="org.roaringbitmap.buffer.TestRunContainer" time="0"/>
  <testcase name="addAndCompress" classname="org.roaringbitmap.buffer.TestRunContainer" time="0"/>
  <testcase name="testRangeConstructor" classname="org.roaringbitmap.buffer.TestRunContainer" time="0"/>
  <testcase name="testContainsMappeableArrayContainer_ExcludeSuperSet" classname="org.roaringbitmap.buffer.TestRunContainer" time="0"/>
  <testcase name="testContainsMappeableArrayContainer_IncludeProperSubsetDifferentStart" classname="org.roaringbitmap.buffer.TestRunContainer" time="0"/>
  <testcase name="testContainsMappeableArrayContainer_EmptyContainsEmpty" classname="org.roaringbitmap.buffer.TestRunContainer" time="0"/>
  <testcase name="toBitmapOrArrayContainer" classname="org.roaringbitmap.buffer.TestRunContainer" time="0.005"/>
  <testcase name="testContainsMappeableRunContainer_IncludeSelf" classname="org.roaringbitmap.buffer.TestRunContainer" time="0"/>
  <testcase name="testContainsMappeableBitmapContainer_ExcludeShiftedSet" classname="org.roaringbitmap.buffer.TestRunContainer" time="0"/>
  <testcase name="testIntersectsWithRange" classname="org.roaringbitmap.buffer.TestRunContainer" time="0.001"/>
  <testcase name="testContainsMappeableBitmapContainer_IncludeProperSubsetDifferentStart" classname="org.roaringbitmap.buffer.TestRunContainer" time="0"/>
  <testcase name="RunContainerArg_ArrayANDNOT2" classname="org.roaringbitmap.buffer.TestRunContainer" time="0"/>
  <testcase name="RunContainerArg_ArrayANDNOT3" classname="org.roaringbitmap.buffer.TestRunContainer" time="0"/>
  <testcase name="addRangeOnEmptyContainer" classname="org.roaringbitmap.buffer.TestRunContainer" time="0.001"/>
  <testcase name="MappeableRunContainerVSMappeableRunContainerOR" classname="org.roaringbitmap.buffer.TestRunContainer" time="0.323"/>
  <testcase name="testContainsMappeableArrayContainer_ExcludeShiftedSet" classname="org.roaringbitmap.buffer.TestRunContainer" time="0"/>
  <testcase name="testContainsMappeableBitmapContainer_ExcludeDisJointSet" classname="org.roaringbitmap.buffer.TestRunContainer" time="0"/>
  <testcase name="testEqualsMappeableArrayContainer_NotEqual_ArrayDiscontiguous" classname="org.roaringbitmap.buffer.TestRunContainer" time="0"/>
  <testcase name="testEquals_FullRunContainerWithArrayContainer" classname="org.roaringbitmap.buffer.TestRunContainer" time="0"/>
  <testcase name="intersectsArray" classname="org.roaringbitmap.buffer.TestRunContainer" time="0"/>
</testsuite>