<?xml version="1.0" encoding="UTF-8"?>
<testsuite xmlns:xsi="http://www.w3.org/2001/XMLSchema-instance" xsi:schemaLocation="https://maven.apache.org/surefire/maven-surefire-plugin/xsd/surefire-test-report.xsd" name="org.roaringbitmap.RoaringBitmapSubsetTest" time="0.772" tests="23" errors="0" skipped="0" failures="0">
  <properties>
    <property name="java.runtime.name" value="OpenJDK Runtime Environment"/>
    <property name="sun.boot.library.path" value="/usr/lib/jvm/java-8-openjdk-amd64/jre/lib/amd64"/>
    <property name="java.vm.version" value="25.121-b13"/>
    <property name="java.vm.vendor" value="Oracle Corporation"/>
    <property name="maven.multiModuleProjectDirectory" value="/root/workspace/RoaringBitmap/RoaringBitmap/388075634"/>
    <property name="java.vendor.url" value="http://java.oracle.com/"/>
    <property name="path.separator" value=":"/>
    <property name="guice.disable.misplaced.annotation.check" value="true"/>
    <property name="skip.gulp" value="true"/>
    <property name="java.vm.name" value="OpenJDK 64-Bit Server VM"/>
    <property name="file.encoding.pkg" value="sun.io"/>
    <property name="sun.java.launcher" value="SUN_STANDARD"/>
    <property name="sun.os.patch.level" value="unknown"/>
    <property name="findbugs.skip" value="true"/>
    <property name="java.vm.specification.name" value="Java Virtual Machine Specification"/>
    <property name="user.dir" value="/root/workspace/RoaringBitmap/RoaringBitmap/388075634"/>
    <property name="checkstyle.skip" value="true"/>
    <property name="java.runtime.version" value="1.8.0_121-8u121-b13-1~bpo8+1-b13"/>
    <property name="java.awt.graphicsenv" value="sun.awt.X11GraphicsEnvironment"/>
    <property name="skip.npm" value="true"/>
    <property name="java.endorsed.dirs" value="/usr/lib/jvm/java-8-openjdk-amd64/jre/lib/endorsed"/>
    <property name="os.arch" value="amd64"/>
    <property name="java.io.tmpdir" value="/tmp"/>
    <property name="gpg.skip" value="true"/>
    <property name="line.separator" value="&#10;"/>
    <property name="java.vm.specification.vendor" value="Oracle Corporation"/>
    <property name="cobertura.skip" value="true"/>
    <property name="os.name" value="Linux"/>
    <property name="classworlds.conf" value="/usr/share/maven/bin/m2.conf"/>
    <property name="sun.jnu.encoding" value="UTF-8"/>
    <property name="java.library.path" value="/usr/java/packages/lib/amd64:/usr/lib/x86_64-linux-gnu/jni:/lib/x86_64-linux-gnu:/usr/lib/x86_64-linux-gnu:/usr/lib/jni:/lib:/usr/lib"/>
    <property name="license.skip" value="true"/>
    <property name="java.specification.name" value="Java Platform API Specification"/>
    <property name="java.class.version" value="52.0"/>
    <property name="sun.management.compiler" value="HotSpot 64-Bit Tiered Compilers"/>
    <property name="skip.bower" value="true"/>
    <property name="maven.repo.local" value="/root/./workspace/RoaringBitmap/RoaringBitmap/388075634/.m2"/>
    <property name="os.version" value="3.10.0-862.3.2.el7.x86_64"/>
    <property name="user.home" value="/root"/>
    <property name="user.timezone" value="Europe/Paris"/>
    <property name="java.awt.printerjob" value="sun.print.PSPrinterJob"/>
    <property name="java.specification.version" value="1.8"/>
    <property name="file.encoding" value="UTF-8"/>
    <property name="user.name" value="root"/>
    <property name="java.class.path" value="/usr/share/maven/boot/plexus-classworlds-2.5.2.jar"/>
    <property name="skipITs" value="true"/>
    <property name="java.vm.specification.version" value="1.8"/>
    <property name="sun.arch.data.model" value="64"/>
    <property name="java.home" value="/usr/lib/jvm/java-8-openjdk-amd64/jre"/>
    <property name="sun.java.command" value="org.codehaus.plexus.classworlds.launcher.Launcher -B -D enforcer.skip=true -D dependency-check.skip=true -D skipITs=true -D cobertura.skip=true -D maven.repo.local=/root/./workspace/RoaringBitmap/RoaringBitmap/388075634/.m2 -D rat.skip=true -D findbugs.skip=true -D skip.bower=true -D gpg.skip=true -D checkstyle.skip=true -D skip.gulp=true -D license.skip=true -D skip.npm=true test"/>
    <property name="java.specification.vendor" value="Oracle Corporation"/>
    <property name="user.language" value="en"/>
    <property name="awt.toolkit" value="sun.awt.X11.XToolkit"/>
    <property name="dependency-check.skip" value="true"/>
    <property name="java.vm.info" value="mixed mode"/>
    <property name="java.version" value="1.8.0_121"/>
    <property name="java.ext.dirs" value="/usr/lib/jvm/java-8-openjdk-amd64/jre/lib/ext:/usr/java/packages/lib/ext"/>
    <property name="securerandom.source" value="file:/dev/./urandom"/>
    <property name="sun.boot.class.path" value="/usr/lib/jvm/java-8-openjdk-amd64/jre/lib/resources.jar:/usr/lib/jvm/java-8-openjdk-amd64/jre/lib/rt.jar:/usr/lib/jvm/java-8-openjdk-amd64/jre/lib/sunrsasign.jar:/usr/lib/jvm/java-8-openjdk-amd64/jre/lib/jsse.jar:/usr/lib/jvm/java-8-openjdk-amd64/jre/lib/jce.jar:/usr/lib/jvm/java-8-openjdk-amd64/jre/lib/charsets.jar:/usr/lib/jvm/java-8-openjdk-amd64/jre/lib/jfr.jar:/usr/lib/jvm/java-8-openjdk-amd64/jre/classes"/>
    <property name="java.vendor" value="Oracle Corporation"/>
    <property name="enforcer.skip" value="true"/>
    <property name="rat.skip" value="true"/>
    <property name="maven.home" value="/usr/share/maven"/>
    <property name="file.separator" value="/"/>
    <property name="java.vendor.url.bug" value="http://bugreport.sun.com/bugreport/"/>
    <property name="sun.cpu.endian" value="little"/>
    <property name="sun.io.unicode.encoding" value="UnicodeLittle"/>
    <property name="sun.cpu.isalist" value=""/>
  </properties>
  <testcase name="testProperSubset[assert that [2, 3] is subset of [1, 2, 3, 4]]" classname="org.roaringbitmap.RoaringBitmapSubsetTest" time="0.045"/>
  <testcase name="testProperSubset[assert that [] is subset of [1, 2, 3, 4]]" classname="org.roaringbitmap.RoaringBitmapSubsetTest" time="0.001"/>
  <testcase name="testProperSubset[assert that [1, 2, 3, 4] is subset of [1, 2, 3, 4]]" classname="org.roaringbitmap.RoaringBitmapSubsetTest" time="0"/>
  <testcase name="testProperSubset[assert that [1, 2, 3, 4] is subset of [10, 12, 14, 15]]" classname="org.roaringbitmap.RoaringBitmapSubsetTest" time="0.001"/>
  <testcase name="testProperSubset[assert that [1, 2, 3, 4] is subset of [10, 12, 14]]" classname="org.roaringbitmap.RoaringBitmapSubsetTest" time="0"/>
  <testcase name="testProperSubset[assert that [1, 2, 3, 4] is subset of [1..256]]" classname="org.roaringbitmap.RoaringBitmapSubsetTest" time="0.021"/>
  <testcase name="testProperSubset[assert that [1, 2, 3, 4] is subset of [1..65536]]" classname="org.roaringbitmap.RoaringBitmapSubsetTest" time="0"/>
  <testcase name="testProperSubset[assert that [] is subset of [1..65536]]" classname="org.roaringbitmap.RoaringBitmapSubsetTest" time="0"/>
  <testcase name="testProperSubset[assert that [1..65536] is subset of [1..65536]]" classname="org.roaringbitmap.RoaringBitmapSubsetTest" time="0.029"/>
  <testcase name="testProperSubset[assert that [1..1048576] is subset of [1..1048576]]" classname="org.roaringbitmap.RoaringBitmapSubsetTest" time="0.077"/>
  <testcase name="testProperSubset[assert that [65537, 65538, 65539, 65540] is subset of [1..65536]]" classname="org.roaringbitmap.RoaringBitmapSubsetTest" time="0"/>
  <testcase name="testProperSubset[assert that [1, 2] is subset of [3..65536]]" classname="org.roaringbitmap.RoaringBitmapSubsetTest" time="0"/>
  <testcase name="testProperSubset[assert that [16..4096] is subset of [1..256]]" classname="org.roaringbitmap.RoaringBitmapSubsetTest" time="0.001"/>
  <testcase name="testProperSubset[assert that [1, 256] is subset of [1..1048576]]" classname="org.roaringbitmap.RoaringBitmapSubsetTest" time="0"/>
  <testcase name="testProperSubset[assert that [64, 67108864] is subset of [1..1048576]]" classname="org.roaringbitmap.RoaringBitmapSubsetTest" time="0"/>
  <testcase name="testProperSubset[assert that [0..1048576] is subset of [1, 65536]]" classname="org.roaringbitmap.RoaringBitmapSubsetTest" time="0.001"/>
  <testcase name="testProperSubset[assert that [4, 8] is subset of [4, 8, 12, 16, 20, 24, 28, 32, 36, 40, 44, 48, 52, 56, 60, 64, 68, 72, 76, 80, 84, 88, 92, 96, 100, 104, 108, 112, 116, 120, 124, 128, 132, 136, 140, 144, 148, 152, 156, 160, 164, 168, 172, 176, 180, 184, 188, 192, 196, 200, 204, 208, 212, 216, 220, 224, 228, 232, 236, 240, 244, 248, 252, 256, 260, 264, 268, 272, 276, 280, 284, 288, 292, 296, 300, 304, 308, 312, 316, 320, 324, 328, 332, 336, 340, 344, 348, 352, 356, 360, 364, 368, 372, 376, 380, 384, 388, 392, 396, 400, 404, 408, 412, 416, 420, 424, 428, 432, 436, 440, 444, 448, 452, 456, 460, 464, 468, 472, 476, 480, 484, 488, 492, 496, 500, 504, 508, 512, 516, 520, 524, 528, 532, 536, 540, 544, 548, 552, 556, 560, 564, 568, 572, 576, 580, 584, 588, 592, 596, 600, 604, 608, 612, 616, 620, 624, 628, 632, 636, 640, 644, 648, 652, 656, 660, 664, 668, 672, 676, 680, 684, 688, 692, 696, 700, 704, 708, 712, 716, 720, 724, 728, 732, 736, 740, 744, 748, 752, 756, 760, 764, 768, 772, 776, 780, 784, 788, 792, 796, 800, 804, 808, 812, 816, 820, 824, 828, 832, 836, 840, 844, 848, 852, 856, 860, 864, 868, 872, 876, 880, 884, 888, 892, 896, 900, 904, 908, 912, 916, 920, 924, 928, 932, 936, 940, 944, 948, 952, 956, 960, 964, 968, 972, 976, 980, 984, 988, 992, 996, 1000, 1004, 1008, 1012, 1016, 1020, 1024, 1028, 1032, 1036, 1040, 1044, 1048, 1052, 1056, 1060, 1064, 1068, 1072, 1076, 1080, 1084, 1088, 1092, 1096, 1100, 1104, 1108, 1112, 1116, 1120, 1124, 1128, 1132, 1136, 1140, 1144, 1148, 1152, 1156, 1160, 1164, 1168, 1172, 1176, 1180, 1184, 1188, 1192, 1196, 1200, 1204, 1208, 1212, 1216, 1220, 1224, 1228, 1232, 1236, 1240, 1244, 1248, 1252, 1256, 1260, 1264, 1268, 1272, 1276, 1280, 1284, 1288, 1292, 1296, 1300, 1304, 1308, 1312, 1316, 1320, 1324, 1328, 1332, 1336, 1340, 1344, 1348, 1352, 1356, 1360, 1364, 1368, 1372, 1376, 1380, 1384, 1388, 1392, 1396, 1400, 1404, 1408, 1412, 1416, 1420, 1424, 1428, 1432, 1436, 1440, 1444, 1448, 1452, 1456, 1460, 1464, 1468, 1472, 1476, 1480, 1484, 1488, 1492, 1496, 1500, 1504, 1508, 1512, 1516, 1520, 1524, 1528, 1532, 1536, 1540, 1544, 1548, 1552, 1556, 1560, 1564, 1568, 1572, 1576, 1580, 1584, 1588, 1592, 1596, 1600, 1604, 1608, 1612, 1616, 1620, 1624, 1628, 1632, 1636, 1640, 1644, 1648, 1652, 1656, 1660, 1664, 1668, 1672, 1676, 1680, 1684, 1688, 1692, 1696, 1700, 1704, 1708, 1712, 1716, 1720, 1724, 1728, 1732, 1736, 1740, 1744, 1748, 1752, 1756, 1760, 1764, 1768, 1772, 1776, 1780, 1784, 1788, 1792, 1796, 1800, 1804, 1808, 1812, 1816, 1820, 1824, 1828, 1832, 1836, 1840, 1844, 1848, 1852, 1856, 1860, 1864, 1868, 1872, 1876, 1880, 1884, 1888, 1892, 1896, 1900, 1904, 1908, 1912, 1916, 1920, 1924, 1928, 1932, 1936, 1940, 1944, 1948, 1952, 1956, 1960, 1964, 1968, 1972, 1976, 1980, 1984, 1988, 1992, 1996, 2000, 2004, 2008, 2012, 2016, 2020, 2024, 2028, 2032, 2036, 2040, 2044, 2048, 2052, 2056, 2060, 2064, 2068, 2072, 2076, 2080, 2084, 2088, 2092, 2096, 2100, 2104, 2108, 2112, 2116, 2120, 2124, 2128, 2132, 2136, 2140, 2144, 2148, 2152, 2156, 2160, 2164, 2168, 2172, 2176, 2180, 2184, 2188, 2192, 2196, 2200, 2204, 2208, 2212, 2216, 2220, 2224, 2228, 2232, 2236, 2240, 2244, 2248, 2252, 2256, 2260, 2264, 2268, 2272, 2276, 2280, 2284, 2288, 2292, 2296, 2300, 2304, 2308, 2312, 2316, 2320, 2324, 2328, 2332, 2336, 2340, 2344, 2348, 2352, 2356, 2360, 2364, 2368, 2372, 2376, 2380, 2384, 2388, 2392, 2396, 2400, 2404, 2408, 2412, 2416, 2420, 2424, 2428, 2432, 2436, 2440, 2444, 2448, 2452, 2456, 2460, 2464, 2468, 2472, 2476, 2480, 2484, 2488, 2492, 2496, 2500, 2504, 2508, 2512, 2516, 2520, 2524, 2528, 2532, 2536, 2540, 2544, 2548, 2552, 2556, 2560, 2564, 2568, 2572, 2576, 2580, 2584, 2588, 2592, 2596, 2600, 2604, 2608, 2612, 2616, 2620, 2624, 2628, 2632, 2636, 2640, 2644, 2648, 2652, 2656, 2660, 2664, 2668, 2672, 2676, 2680, 2684, 2688, 2692, 2696, 2700, 2704, 2708, 2712, 2716, 2720, 2724, 2728, 2732, 2736, 2740, 2744, 2748, 2752, 2756, 2760, 2764, 2768, 2772, 2776, 2780, 2784, 2788, 2792, 2796, 2800, 2804, 2808, 2812, 2816, 2820, 2824, 2828, 2832, 2836, 2840, 2844, 2848, 2852, 2856, 2860, 2864, 2868, 2872, 2876, 2880, 2884, 2888, 2892, 2896, 2900, 2904, 2908, 2912, 2916, 2920, 2924, 2928, 2932, 2936, 2940, 2944, 2948, 2952, 2956, 2960, 2964, 2968, 2972, 2976, 2980, 2984, 2988, 2992, 2996, 3000, 3004, 3008, 3012, 3016, 3020, 3024, 3028, 3032, 3036, 3040, 3044, 3048, 3052, 3056, 3060, 3064, 3068, 3072, 3076, 3080, 3084, 3088, 3092, 3096, 3100, 3104, 3108, 3112, 3116, 3120, 3124, 3128, 3132, 3136, 3140, 3144, 3148, 3152, 3156, 3160, 3164, 3168, 3172, 3176, 3180, 3184, 3188, 3192, 3196, 3200, 3204, 3208, 3212, 3216, 3220, 3224, 3228, 3232, 3236, 3240, 3244, 3248, 3252, 3256, 3260, 3264, 3268, 3272, 3276, 3280, 3284, 3288, 3292, 3296, 3300, 3304, 3308, 3312, 3316, 3320, 3324, 3328, 3332, 3336, 3340, 3344, 3348, 3352, 3356, 3360, 3364, 3368, 3372, 3376, 3380, 3384, 3388, 3392, 3396, 3400, 3404, 3408, 3412, 3416, 3420, 3424, 3428, 3432, 3436, 3440, 3444, 3448, 3452, 3456, 3460, 3464, 3468, 3472, 3476, 3480, 3484, 3488, 3492, 3496, 3500, 3504, 3508, 3512, 3516, 3520, 3524, 3528, 3532, 3536, 3540, 3544, 3548, 3552, 3556, 3560, 3564, 3568, 3572, 3576, 3580, 3584, 3588, 3592, 3596, 3600, 3604, 3608, 3612, 3616, 3620, 3624, 3628, 3632, 3636, 3640, 3644, 3648, 3652, 3656, 3660, 3664, 3668, 3672, 3676, 3680, 3684, 3688, 3692, 3696, 3700, 3704, 3708, 3712, 3716, 3720, 3724, 3728, 3732, 3736, 3740, 3744, 3748, 3752, 3756, 3760, 3764, 3768, 3772, 3776, 3780, 3784, 3788, 3792, 3796, 3800, 3804, 3808, 3812, 3816, 3820, 3824, 3828, 3832, 3836, 3840, 3844, 3848, 3852, 3856, 3860, 3864, 3868, 3872, 3876, 3880, 3884, 3888, 3892, 3896, 3900, 3904, 3908, 3912, 3916, 3920, 3924, 3928, 3932, 3936, 3940, 3944, 3948, 3952, 3956, 3960, 3964, 3968, 3972, 3976, 3980, 3984, 3988, 3992, 3996, 4000, 4004, 4008, 4012, 4016, 4020, 4024, 4028, 4032, 4036, 4040, 4044, 4048, 4052, 4056, 4060, 4064, 4068, 4072, 4076, 4080, 4084, 4088, 4092, 4096, 4100, 4104, 4108, 4112, 4116, 4120, 4124, 4128, 4132, 4136, 4140, 4144, 4148, 4152, 4156, 4160, 4164, 4168, 4172, 4176, 4180, 4184, 4188, 4192, 4196, 4200, 4204, 4208, 4212, 4216, 4220, 4224, 4228, 4232, 4236, 4240, 4244, 4248, 4252, 4256, 4260, 4264, 4268, 4272, 4276, 4280, 4284, 4288, 4292, 4296, 4300, 4304, 4308, 4312, 4316, 4320, 4324, 4328, 4332, 4336, 4340, 4344, 4348, 4352, 4356, 4360, 4364, 4368, 4372, 4376, 4380, 4384, 4388, 4392, 4396, 4400, 4404, 4408, 4412, 4416, 4420, 4424, 4428, 4432, 4436, 4440, 4444, 4448, 4452, 4456, 4460, 4464, 4468, 4472, 4476, 4480, 4484, 4488, 4492, 4496, 4500, 4504, 4508, 4512, 4516, 4520, 4524, 4528, 4532, 4536, 4540, 4544, 4548, 4552, 4556, 4560, 4564, 4568, 4572, 4576, 4580, 4584, 4588, 4592, 4596, 4600, 4604, 4608, 4612, 4616, 4620, 4624, 4628, 4632, 4636, 4640, 4644, 4648, 4652, 4656, 4660, 4664, 4668, 4672, 4676, 4680, 4684, 4688, 4692, 4696, 4700, 4704, 4708, 4712, 4716, 4720, 4724, 4728, 4732, 4736, 4740, 4744, 4748, 4752, 4756, 4760, 4764, 4768, 4772, 4776, 4780, 4784, 4788, 4792, 4796, 4800, 4804, 4808, 4812, 4816, 4820, 4824, 4828, 4832, 4836, 4840, 4844, 4848, 4852, 4856, 4860, 4864, 4868, 4872, 4876, 4880, 4884, 4888, 4892, 4896, 4900, 4904, 4908, 4912, 4916, 4920, 4924, 4928, 4932, 4936, 4940, 4944, 4948, 4952, 4956, 4960, 4964, 4968, 4972, 4976, 4980, 4984, 4988, 4992, 4996, 5000, 5004, 5008, 5012, 5016, 5020, 5024, 5028, 5032, 5036, 5040, 5044, 5048, 5052, 5056, 5060, 5064, 5068, 5072, 5076, 5080, 5084, 5088, 5092, 5096, 5100, 5104, 5108, 5112, 5116, 5120, 5124, 5128, 5132, 5136, 5140, 5144, 5148, 5152, 5156, 5160, 5164, 5168, 5172, 5176, 5180, 5184, 5188, 5192, 5196, 5200, 5204, 5208, 5212, 5216, 5220, 5224, 5228, 5232, 5236, 5240, 5244, 5248, 5252, 5256, 5260, 5264, 5268, 5272, 5276, 5280, 5284, 5288, 5292, 5296, 5300, 5304, 5308, 5312, 5316, 5320, 5324, 5328, 5332, 5336, 5340, 5344, 5348, 5352, 5356, 5360, 5364, 5368, 5372, 5376, 5380, 5384, 5388, 5392, 5396, 5400, 5404, 5408, 5412, 5416, 5420, 5424, 5428, 5432, 5436, 5440, 5444, 5448, 5452, 5456, 5460, 5464, 5468, 5472, 5476, 5480, 5484, 5488, 5492, 5496, 5500, 5504, 5508, 5512, 5516, 5520, 5524, 5528, 5532, 5536, 5540, 5544, 5548, 5552, 5556, 5560, 5564, 5568, 5572, 5576, 5580, 5584, 5588, 5592, 5596, 5600, 5604, 5608, 5612, 5616, 5620, 5624, 5628, 5632, 5636, 5640, 5644, 5648, 5652, 5656, 5660, 5664, 5668, 5672, 5676, 5680, 5684, 5688, 5692, 5696, 5700, 5704, 5708, 5712, 5716, 5720, 5724, 5728, 5732, 5736, 5740, 5744, 5748, 5752, 5756, 5760, 5764, 5768, 5772, 5776, 5780, 5784, 5788, 5792, 5796, 5800, 5804, 5808, 5812, 5816, 5820, 5824, 5828, 5832, 5836, 5840, 5844, 5848, 5852, 5856, 5860, 5864, 5868, 5872, 5876, 5880, 5884, 5888, 5892, 5896, 5900, 5904, 5908, 5912, 5916, 5920, 5924, 5928, 5932, 5936, 5940, 5944, 5948, 5952, 5956, 5960, 5964, 5968, 5972, 5976, 5980, 5984, 5988, 5992, 5996, 6000, 6004, 6008, 6012, 6016, 6020, 6024, 6028, 6032, 6036, 6040, 6044, 6048, 6052, 6056, 6060, 6064, 6068, 6072, 6076, 6080, 6084, 6088, 6092, 6096, 6100, 6104, 6108, 6112, 6116, 6120, 6124, 6128, 6132, 6136, 6140, 6144, 6148, 6152, 6156, 6160, 6164, 6168, 6172, 6176, 6180, 6184, 6188, 6192, 6196, 6200, 6204, 6208, 6212, 6216, 6220, 6224, 6228, 6232, 6236, 6240, 6244, 6248, 6252, 6256, 6260, 6264, 6268, 6272, 6276, 6280, 6284, 6288, 6292, 6296, 6300, 6304, 6308, 6312, 6316, 6320, 6324, 6328, 6332, 6336, 6340, 6344, 6348, 6352, 6356, 6360, 6364, 6368, 6372, 6376, 6380, 6384, 6388, 6392, 6396, 6400, 6404, 6408, 6412, 6416, 6420, 6424, 6428, 6432, 6436, 6440, 6444, 6448, 6452, 6456, 6460, 6464, 6468, 6472, 6476, 6480, 6484, 6488, 6492, 6496, 6500, 6504, 6508, 6512, 6516, 6520, 6524, 6528, 6532, 6536, 6540, 6544, 6548, 6552, 6556, 6560, 6564, 6568, 6572, 6576, 6580, 6584, 6588, 6592, 6596, 6600, 6604, 6608, 6612, 6616, 6620, 6624, 6628, 6632, 6636, 6640, 6644, 6648, 6652, 6656, 6660, 6664, 6668, 6672, 6676, 6680, 6684, 6688, 6692, 6696, 6700, 6704, 6708, 6712, 6716, 6720, 6724, 6728, 6732, 6736, 6740, 6744, 6748, 6752, 6756, 6760, 6764, 6768, 6772, 6776, 6780, 6784, 6788, 6792, 6796, 6800, 6804, 6808, 6812, 6816, 6820, 6824, 6828, 6832, 6836, 6840, 6844, 6848, 6852, 6856, 6860, 6864, 6868, 6872, 6876, 6880, 6884, 6888, 6892, 6896, 6900, 6904, 6908, 6912, 6916, 6920, 6924, 6928, 6932, 6936, 6940, 6944, 6948, 6952, 6956, 6960, 6964, 6968, 6972, 6976, 6980, 6984, 6988, 6992, 6996, 7000, 7004, 7008, 7012, 7016, 7020, 7024, 7028, 7032, 7036, 7040, 7044, 7048, 7052, 7056, 7060, 7064, 7068, 7072, 7076, 7080, 7084, 7088, 7092, 7096, 7100, 7104, 7108, 7112, 7116, 7120, 7124, 7128, 7132, 7136, 7140, 7144, 7148, 7152, 7156, 7160, 7164, 7168, 7172, 7176, 7180, 7184, 7188, 7192, 7196, 7200, 7204, 7208, 7212, 7216, 7220, 7224, 7228, 7232, 7236, 7240, 7244, 7248, 7252, 7256, 7260, 7264, 7268, 7272, 7276, 7280, 7284, 7288, 7292, 7296, 7300, 7304, 7308, 7312, 7316, 7320, 7324, 7328, 7332, 7336, 7340, 7344, 7348, 7352, 7356, 7360, 7364, 7368, 7372, 7376, 7380, 7384, 7388, 7392, 7396, 7400, 7404, 7408, 7412, 7416, 7420, 7424, 7428, 7432, 7436, 7440, 7444, 7448, 7452, 7456, 7460, 7464, 7468, 7472, 7476, 7480, 7484, 7488, 7492, 7496, 7500, 7504, 7508, 7512, 7516, 7520, 7524, 7528, 7532, 7536, 7540, 7544, 7548, 7552, 7556, 7560, 7564, 7568, 7572, 7576, 7580, 7584, 7588, 7592, 7596, 7600, 7604, 7608, 7612, 7616, 7620, 7624, 7628, 7632, 7636, 7640, 7644, 7648, 7652, 7656, 7660, 7664, 7668, 7672, 7676, 7680, 7684, 7688, 7692, 7696, 7700, 7704, 7708, 7712, 7716, 7720, 7724, 7728, 7732, 7736, 7740, 7744, 7748, 7752, 7756, 7760, 7764, 7768, 7772, 7776, 7780, 7784, 7788, 7792, 7796, 7800, 7804, 7808, 7812, 7816, 7820, 7824, 7828, 7832, 7836, 7840, 7844, 7848, 7852, 7856, 7860, 7864, 7868, 7872, 7876, 7880, 7884, 7888, 7892, 7896, 7900, 7904, 7908, 7912, 7916, 7920, 7924, 7928, 7932, 7936, 7940, 7944, 7948, 7952, 7956, 7960, 7964, 7968, 7972, 7976, 7980, 7984, 7988, 7992, 7996, 8000, 8004, 8008, 8012, 8016, 8020, 8024, 8028, 8032, 8036, 8040, 8044, 8048, 8052, 8056, 8060, 8064, 8068, 8072, 8076, 8080, 8084, 8088, 8092, 8096, 8100, 8104, 8108, 8112, 8116, 8120, 8124, 8128, 8132, 8136, 8140, 8144, 8148, 8152, 8156, 8160, 8164, 8168, 8172, 8176, 8180, 8184, 8188, 8192, 8196, 8200, 8204, 8208, 8212, 8216, 8220, 8224, 8228, 8232, 8236, 8240, 8244, 8248, 8252, 8256, 8260, 8264, 8268, 8272, 8276, 8280, 8284, 8288, 8292, 8296, 8300, 8304, 8308, 8312, 8316, 8320, 8324, 8328, 8332, 8336, 8340, 8344, 8348, 8352, 8356, 8360, 8364, 8368, 8372, 8376, 8380, 8384, 8388, 8392, 8396, 8400, 8404, 8408, 8412, 8416, 8420, 8424, 8428, 8432, 8436, 8440, 8444, 8448, 8452, 8456, 8460, 8464, 8468, 8472, 8476, 8480, 8484, 8488, 8492, 8496, 8500, 8504, 8508, 8512, 8516, 8520, 8524, 8528, 8532, 8536, 8540, 8544, 8548, 8552, 8556, 8560, 8564, 8568, 8572, 8576, 8580, 8584, 8588, 8592, 8596, 8600, 8604, 8608, 8612, 8616, 8620, 8624, 8628, 8632, 8636, 8640, 8644, 8648, 8652, 8656, 8660, 8664, 8668, 8672, 8676, 8680, 8684, 8688, 8692, 8696, 8700, 8704, 8708, 8712, 8716, 8720, 8724, 8728, 8732, 8736, 8740, 8744, 8748, 8752, 8756, 8760, 8764, 8768, 8772, 8776, 8780, 8784, 8788, 8792, 8796, 8800, 8804, 8808, 8812, 8816, 8820, 8824, 8828, 8832, 8836, 8840, 8844, 8848, 8852, 8856, 8860, 8864, 8868, 8872, 8876, 8880, 8884, 8888, 8892, 8896, 8900, 8904, 8908, 8912, 8916, 8920, 8924, 8928, 8932, 8936, 8940, 8944, 8948, 8952, 8956, 8960, 8964, 8968, 8972, 8976, 8980, 8984, 8988, 8992, 8996, 9000, 9004, 9008, 9012, 9016, 9020, 9024, 9028, 9032, 9036, 9040, 9044, 9048, 9052, 9056, 9060, 9064, 9068, 9072, 9076, 9080, 9084, 9088, 9092, 9096, 9100, 9104, 9108, 9112, 9116, 9120, 9124, 9128, 9132, 9136, 9140, 9144, 9148, 9152, 9156, 9160, 9164, 9168, 9172, 9176, 9180, 9184, 9188, 9192, 9196, 9200, 9204, 9208, 9212, 9216, 9220, 9224, 9228, 9232, 9236, 9240, 9244, 9248, 9252, 9256, 9260, 9264, 9268, 9272, 9276, 9280, 9284, 9288, 9292, 9296, 9300, 9304, 9308, 9312, 9316, 9320, 9324, 9328, 9332, 9336, 9340, 9344, 9348, 9352, 9356, 9360, 9364, 9368, 9372, 9376, 9380, 9384, 9388, 9392, 9396, 9400, 9404, 9408, 9412, 9416, 9420, 9424, 9428, 9432, 9436, 9440, 9444, 9448, 9452, 9456, 9460, 9464, 9468, 9472, 9476, 9480, 9484, 9488, 9492, 9496, 9500, 9504, 9508, 9512, 9516, 9520, 9524, 9528, 9532, 9536, 9540, 9544, 9548, 9552, 9556, 9560, 9564, 9568, 9572, 9576, 9580, 9584, 9588, 9592, 9596, 9600, 9604, 9608, 9612, 9616, 9620, 9624, 9628, 9632, 9636, 9640, 9644, 9648, 9652, 9656, 9660, 9664, 9668, 9672, 9676, 9680, 9684, 9688, 9692, 9696, 9700, 9704, 9708, 9712, 9716, 9720, 9724, 9728, 9732, 9736, 9740, 9744, 9748, 9752, 9756, 9760, 9764, 9768, 9772, 9776, 9780, 9784, 9788, 9792, 9796, 9800, 9804, 9808, 9812, 9816, 9820, 9824, 9828, 9832, 9836, 9840, 9844, 9848, 9852, 9856, 9860, 9864, 9868, 9872, 9876, 9880, 9884, 9888, 9892, 9896, 9900, 9904, 9908, 9912, 9916, 9920, 9924, 9928, 9932, 9936, 9940, 9944, 9948, 9952, 9956, 9960, 9964, 9968, 9972, 9976, 9980, 9984, 9988, 9992, 9996, 10000, 10004, 10008, 10012, 10016, 10020, 10024, 10028, 10032, 10036, 10040, 10044, 10048, 10052, 10056, 10060, 10064, 10068, 10072, 10076, 10080, 10084, 10088, 10092, 10096, 10100, 10104, 10108, 10112, 10116, 10120, 10124, 10128, 10132, 10136, 10140, 10144, 10148, 10152, 10156, 10160, 10164, 10168, 10172, 10176, 10180, 10184, 10188, 10192, 10196, 10200, 10204, 10208, 10212, 10216, 10220, 10224, 10228, 10232, 10236, 10240, 10244, 10248, 10252, 10256, 10260, 10264, 10268, 10272, 10276, 10280, 10284, 10288, 10292, 10296, 10300, 10304, 10308, 10312, 10316, 10320, 10324, 10328, 10332, 10336, 10340, 10344, 10348, 10352, 10356, 10360, 10364, 10368, 10372, 10376, 10380, 10384, 10388, 10392, 10396, 10400, 10404, 10408, 10412, 10416, 10420, 10424, 10428, 10432, 10436, 10440, 10444, 10448, 10452, 10456, 10460, 10464, 10468, 10472, 10476, 10480, 10484, 10488, 10492, 10496, 10500, 10504, 10508, 10512, 10516, 10520, 10524, 10528, 10532, 10536, 10540, 10544, 10548, 10552, 10556, 10560, 10564, 10568, 10572, 10576, 10580, 10584, 10588, 10592, 10596, 10600, 10604, 10608, 10612, 10616, 10620, 10624, 10628, 10632, 10636, 10640, 10644, 10648, 10652, 10656, 10660, 10664, 10668, 10672, 10676, 10680, 10684, 10688, 10692, 10696, 10700, 10704, 10708, 10712, 10716, 10720, 10724, 10728, 10732, 10736, 10740, 10744, 10748, 10752, 10756, 10760, 10764, 10768, 10772, 10776, 10780, 10784, 10788, 10792, 10796, 10800, 10804, 10808, 10812, 10816, 10820, 10824, 10828, 10832, 10836, 10840, 10844, 10848, 10852, 10856, 10860, 10864, 10868, 10872, 10876, 10880, 10884, 10888, 10892, 10896, 10900, 10904, 10908, 10912, 10916, 10920, 10924, 10928, 10932, 10936, 10940, 10944, 10948, 10952, 10956, 10960, 10964, 10968, 10972, 10976, 10980, 10984, 10988, 10992, 10996, 11000, 11004, 11008, 11012, 11016, 11020, 11024, 11028, 11032, 11036, 11040, 11044, 11048, 11052, 11056, 11060, 11064, 11068, 11072, 11076, 11080, 11084, 11088, 11092, 11096, 11100, 11104, 11108, 11112, 11116, 11120, 11124, 11128, 11132, 11136, 11140, 11144, 11148, 11152, 11156, 11160, 11164, 11168, 11172, 11176, 11180, 11184, 11188, 11192, 11196, 11200, 11204, 11208, 11212, 11216, 11220, 11224, 11228, 11232, 11236, 11240, 11244, 11248, 11252, 11256, 11260, 11264, 11268, 11272, 11276, 11280, 11284, 11288, 11292, 11296, 11300, 11304, 11308, 11312, 11316, 11320, 11324, 11328, 11332, 11336, 11340, 11344, 11348, 11352, 11356, 11360, 11364, 11368, 11372, 11376, 11380, 11384, 11388, 11392, 11396, 11400, 11404, 11408, 11412, 11416, 11420, 11424, 11428, 11432, 11436, 11440, 11444, 11448, 11452, 11456, 11460, 11464, 11468, 11472, 11476, 11480, 11484, 11488, 11492, 11496, 11500, 11504, 11508, 11512, 11516, 11520, 11524, 11528, 11532, 11536, 11540, 11544, 11548, 11552, 11556, 11560, 11564, 11568, 11572, 11576, 11580, 11584, 11588, 11592, 11596, 11600, 11604, 11608, 11612, 11616, 11620, 11624, 11628, 11632, 11636, 11640, 11644, 11648, 11652, 11656, 11660, 11664, 11668, 11672, 11676, 11680, 11684, 11688, 11692, 11696, 11700, 11704, 11708, 11712, 11716, 11720, 11724, 11728, 11732, 11736, 11740, 11744, 11748, 11752, 11756, 11760, 11764, 11768, 11772, 11776, 11780, 11784, 11788, 11792, 11796, 11800, 11804, 11808, 11812, 11816, 11820, 11824, 11828, 11832, 11836, 11840, 11844, 11848, 11852, 11856, 11860, 11864, 11868, 11872, 11876, 11880, 11884, 11888, 11892, 11896, 11900, 11904, 11908, 11912, 11916, 11920, 11924, 11928, 11932, 11936, 11940, 11944, 11948, 11952, 11956, 11960, 11964, 11968, 11972, 11976, 11980, 11984, 11988, 11992, 11996, 12000, 12004, 12008, 12012, 12016, 12020, 12024, 12028, 12032, 12036, 12040, 12044, 12048, 12052, 12056, 12060, 12064, 12068, 12072, 12076, 12080, 12084, 12088, 12092, 12096, 12100, 12104, 12108, 12112, 12116, 12120, 12124, 12128, 12132, 12136, 12140, 12144, 12148, 12152, 12156, 12160, 12164, 12168, 12172, 12176, 12180, 12184, 12188, 12192, 12196, 12200, 12204, 12208, 12212, 12216, 12220, 12224, 12228, 12232, 12236, 12240, 12244, 12248, 12252, 12256, 12260, 12264, 12268, 12272, 12276, 12280, 12284, 12288, 12292, 12296, 12300, 12304, 12308, 12312, 12316, 12320, 12324, 12328, 12332, 12336, 12340, 12344, 12348, 12352, 12356, 12360, 12364, 12368, 12372, 12376, 12380, 12384, 12388, 12392, 12396, 12400, 12404, 12408, 12412, 12416, 12420, 12424, 12428, 12432, 12436, 12440, 12444, 12448, 12452, 12456, 12460, 12464, 12468, 12472, 12476, 12480, 12484, 12488, 12492, 12496, 12500, 12504, 12508, 12512, 12516, 12520, 12524, 12528, 12532, 12536, 12540, 12544, 12548, 12552, 12556, 12560, 12564, 12568, 12572, 12576, 12580, 12584, 12588, 12592, 12596, 12600, 12604, 12608, 12612, 12616, 12620, 12624, 12628, 12632, 12636, 12640, 12644, 12648, 12652, 12656, 12660, 12664, 12668, 12672, 12676, 12680, 12684, 12688, 12692, 12696, 12700, 12704, 12708, 12712, 12716, 12720, 12724, 12728, 12732, 12736, 12740, 12744, 12748, 12752, 12756, 12760, 12764, 12768, 12772, 12776, 12780, 12784, 12788, 12792, 12796, 12800, 12804, 12808, 12812, 12816, 12820, 12824, 12828, 12832, 12836, 12840, 12844, 12848, 12852, 12856, 12860, 12864, 12868, 12872, 12876, 12880, 12884, 12888, 12892, 12896, 12900, 12904, 12908, 12912, 12916, 12920, 12924, 12928, 12932, 12936, 12940, 12944, 12948, 12952, 12956, 12960, 12964, 12968, 12972, 12976, 12980, 12984, 12988, 12992, 12996, 13000, 13004, 13008, 13012, 13016, 13020, 13024, 13028, 13032, 13036, 13040, 13044, 13048, 13052, 13056, 13060, 13064, 13068, 13072, 13076, 13080, 13084, 13088, 13092, 13096, 13100, 13104, 13108, 13112, 13116, 13120, 13124, 13128, 13132, 13136, 13140, 13144, 13148, 13152, 13156, 13160, 13164, 13168, 13172, 13176, 13180, 13184, 13188, 13192, 13196, 13200, 13204, 13208, 13212, 13216, 13220, 13224, 13228, 13232, 13236, 13240, 13244, 13248, 13252, 13256, 13260, 13264, 13268, 13272, 13276, 13280, 13284, 13288, 13292, 13296, 13300, 13304, 13308, 13312, 13316, 13320, 13324, 13328, 13332, 13336, 13340, 13344, 13348, 13352, 13356, 13360, 13364, 13368, 13372, 13376, 13380, 13384, 13388, 13392, 13396, 13400, 13404, 13408, 13412, 13416, 13420, 13424, 13428, 13432, 13436, 13440, 13444, 13448, 13452, 13456, 13460, 13464, 13468, 13472, 13476, 13480, 13484, 13488, 13492, 13496, 13500, 13504, 13508, 13512, 13516, 13520, 13524, 13528, 13532, 13536, 13540, 13544, 13548, 13552, 13556, 13560, 13564, 13568, 13572, 13576, 13580, 13584, 13588, 13592, 13596, 13600, 13604, 13608, 13612, 13616, 13620, 13624, 13628, 13632, 13636, 13640, 13644, 13648, 13652, 13656, 13660, 13664, 13668, 13672, 13676, 13680, 13684, 13688, 13692, 13696, 13700, 13704, 13708, 13712, 13716, 13720, 13724, 13728, 13732, 13736, 13740, 13744, 13748, 13752, 13756, 13760, 13764, 13768, 13772, 13776, 13780, 13784, 13788, 13792, 13796, 13800, 13804, 13808, 13812, 13816, 13820, 13824, 13828, 13832, 13836, 13840, 13844, 13848, 13852, 13856, 13860, 13864, 13868, 13872, 13876, 13880, 13884, 13888, 13892, 13896, 13900, 13904, 13908, 13912, 13916, 13920, 13924, 13928, 13932, 13936, 13940, 13944, 13948, 13952, 13956, 13960, 13964, 13968, 13972, 13976, 13980, 13984, 13988, 13992, 13996, 14000, 14004, 14008, 14012, 14016, 14020, 14024, 14028, 14032, 14036, 14040, 14044, 14048, 14052, 14056, 14060, 14064, 14068, 14072, 14076, 14080, 14084, 14088, 14092, 14096, 14100, 14104, 14108, 14112, 14116, 14120, 14124, 14128, 14132, 14136, 14140, 14144, 14148, 14152, 14156, 14160, 14164, 14168, 14172, 14176, 14180, 14184, 14188, 14192, 14196, 14200, 14204, 14208, 14212, 14216, 14220, 14224, 14228, 14232, 14236, 14240, 14244, 14248, 14252, 14256, 14260, 14264, 14268, 14272, 14276, 14280, 14284, 14288, 14292, 14296, 14300, 14304, 14308, 14312, 14316, 14320, 14324, 14328, 14332, 14336, 14340, 14344, 14348, 14352, 14356, 14360, 14364, 14368, 14372, 14376, 14380, 14384, 14388, 14392, 14396, 14400, 14404, 14408, 14412, 14416, 14420, 14424, 14428, 14432, 14436, 14440, 14444, 14448, 14452, 14456, 14460, 14464, 14468, 14472, 14476, 14480, 14484, 14488, 14492, 14496, 14500, 14504, 14508, 14512, 14516, 14520, 14524, 14528, 14532, 14536, 14540, 14544, 14548, 14552, 14556, 14560, 14564, 14568, 14572, 14576, 14580, 14584, 14588, 14592, 14596, 14600, 14604, 14608, 14612, 14616, 14620, 14624, 14628, 14632, 14636, 14640, 14644, 14648, 14652, 14656, 14660, 14664, 14668, 14672, 14676, 14680, 14684, 14688, 14692, 14696, 14700, 14704, 14708, 14712, 14716, 14720, 14724, 14728, 14732, 14736, 14740, 14744, 14748, 14752, 14756, 14760, 14764, 14768, 14772, 14776, 14780, 14784, 14788, 14792, 14796, 14800, 14804, 14808, 14812, 14816, 14820, 14824, 14828, 14832, 14836, 14840, 14844, 14848, 14852, 14856, 14860, 14864, 14868, 14872, 14876, 14880, 14884, 14888, 14892, 14896, 14900, 14904, 14908, 14912, 14916, 14920, 14924, 14928, 14932, 14936, 14940, 14944, 14948, 14952, 14956, 14960, 14964, 14968, 14972, 14976, 14980, 14984, 14988, 14992, 14996, 15000, 15004, 15008, 15012, 15016, 15020, 15024, 15028, 15032, 15036, 15040, 15044, 15048, 15052, 15056, 15060, 15064, 15068, 15072, 15076, 15080, 15084, 15088, 15092, 15096, 15100, 15104, 15108, 15112, 15116, 15120, 15124, 15128, 15132, 15136, 15140, 15144, 15148, 15152, 15156, 15160, 15164, 15168, 15172, 15176, 15180, 15184, 15188, 15192, 15196, 15200, 15204, 15208, 15212, 15216, 15220, 15224, 15228, 15232, 15236, 15240, 15244, 15248, 15252, 15256, 15260, 15264, 15268, 15272, 15276, 15280, 15284, 15288, 15292, 15296, 15300, 15304, 15308, 15312, 15316, 15320, 15324, 15328, 15332, 15336, 15340, 15344, 15348, 15352, 15356, 15360, 15364, 15368, 15372, 15376, 15380, 15384, 15388, 15392, 15396, 15400, 15404, 15408, 15412, 15416, 15420, 15424, 15428, 15432, 15436, 15440, 15444, 15448, 15452, 15456, 15460, 15464, 15468, 15472, 15476, 15480, 15484, 15488, 15492, 15496, 15500, 15504, 15508, 15512, 15516, 15520, 15524, 15528, 15532, 15536, 15540, 15544, 15548, 15552, 15556, 15560, 15564, 15568, 15572, 15576, 15580, 15584, 15588, 15592, 15596, 15600, 15604, 15608, 15612, 15616, 15620, 15624, 15628, 15632, 15636, 15640, 15644, 15648, 15652, 15656, 15660, 15664, 15668, 15672, 15676, 15680, 15684, 15688, 15692, 15696, 15700, 15704, 15708, 15712, 15716, 15720, 15724, 15728, 15732, 15736, 15740, 15744, 15748, 15752, 15756, 15760, 15764, 15768, 15772, 15776, 15780, 15784, 15788, 15792, 15796, 15800, 15804, 15808, 15812, 15816, 15820, 15824, 15828, 15832, 15836, 15840, 15844, 15848, 15852, 15856, 15860, 15864, 15868, 15872, 15876, 15880, 15884, 15888, 15892, 15896, 15900, 15904, 15908, 15912, 15916, 15920, 15924, 15928, 15932, 15936, 15940, 15944, 15948, 15952, 15956, 15960, 15964, 15968, 15972, 15976, 15980, 15984, 15988, 15992, 15996, 16000, 16004, 16008, 16012, 16016, 16020, 16024, 16028, 16032, 16036, 16040, 16044, 16048, 16052, 16056, 16060, 16064, 16068, 16072, 16076, 16080, 16084, 16088, 16092, 16096, 16100, 16104, 16108, 16112, 16116, 16120, 16124, 16128, 16132, 16136, 16140, 16144, 16148, 16152, 16156, 16160, 16164, 16168, 16172, 16176, 16180, 16184, 16188, 16192, 16196, 16200, 16204, 16208, 16212, 16216, 16220, 16224, 16228, 16232, 16236, 16240, 16244, 16248, 16252, 16256, 16260, 16264, 16268, 16272, 16276, 16280, 16284, 16288, 16292, 16296, 16300, 16304, 16308, 16312, 16316, 16320, 16324, 16328, 16332, 16336, 16340, 16344, 16348, 16352, 16356, 16360, 16364, 16368, 16372, 16376, 16380, 16384, 16388, 16392, 16396, 16400, 16404, 16408, 16412, 16416, 16420, 16424, 16428, 16432, 16436, 16440, 16444, 16448, 16452, 16456, 16460, 16464, 16468, 16472, 16476, 16480, 16484, 16488, 16492, 16496, 16500, 16504, 16508, 16512, 16516, 16520, 16524, 16528, 16532, 16536, 16540, 16544, 16548, 16552, 16556, 16560, 16564, 16568, 16572, 16576, 16580, 16584, 16588, 16592, 16596, 16600, 16604, 16608, 16612, 16616, 16620, 16624, 16628, 16632, 16636, 16640, 16644, 16648, 16652, 16656, 16660, 16664, 16668, 16672, 16676, 16680, 16684, 16688, 16692, 16696, 16700, 16704, 16708, 16712, 16716, 16720, 16724, 16728, 16732, 16736, 16740, 16744, 16748, 16752, 16756, 16760, 16764, 16768, 16772, 16776, 16780, 16784, 16788, 16792, 16796, 16800, 16804, 16808, 16812, 16816, 16820, 16824, 16828, 16832, 16836, 16840, 16844, 16848, 16852, 16856, 16860, 16864, 16868, 16872, 16876, 16880, 16884, 16888, 16892, 16896, 16900, 16904, 16908, 16912, 16916, 16920, 16924, 16928, 16932, 16936, 16940, 16944, 16948, 16952, 16956, 16960, 16964, 16968, 16972, 16976, 16980, 16984, 16988, 16992, 16996, 17000, 17004, 17008, 17012, 17016, 17020, 17024, 17028, 17032, 17036, 17040, 17044, 17048, 17052, 17056, 17060, 17064, 17068, 17072, 17076, 17080, 17084, 17088, 17092, 17096, 17100, 17104, 17108, 17112, 17116, 17120, 17124, 17128, 17132, 17136, 17140, 17144, 17148, 17152, 17156, 17160, 17164, 17168, 17172, 17176, 17180, 17184, 17188, 17192, 17196, 17200, 17204, 17208, 17212, 17216, 17220, 17224, 17228, 17232, 17236, 17240, 17244, 17248, 17252, 17256, 17260, 17264, 17268, 17272, 17276, 17280, 17284, 17288, 17292, 17296, 17300, 17304, 17308, 17312, 17316, 17320, 17324, 17328, 17332, 17336, 17340, 17344, 17348, 17352, 17356, 17360, 17364, 17368, 17372, 17376, 17380, 17384, 17388, 17392, 17396, 17400, 17404, 17408, 17412, 17416, 17420, 17424, 17428, 17432, 17436, 17440, 17444, 17448, 17452, 17456, 17460, 17464, 17468, 17472, 17476, 17480, 17484, 17488, 17492, 17496, 17500, 17504, 17508, 17512, 17516, 17520, 17524, 17528, 17532, 17536, 17540, 17544, 17548, 17552, 17556, 17560, 17564, 17568, 17572, 17576, 17580, 17584, 17588, 17592, 17596, 17600, 17604, 17608, 17612, 17616, 17620, 17624, 17628, 17632, 17636, 17640, 17644, 17648, 17652, 17656, 17660, 17664, 17668, 17672, 17676, 17680, 17684, 17688, 17692, 17696, 17700, 17704, 17708, 17712, 17716, 17720, 17724, 17728, 17732, 17736, 17740, 17744, 17748, 17752, 17756, 17760, 17764, 17768, 17772, 17776, 17780, 17784, 17788, 17792, 17796, 17800, 17804, 17808, 17812, 17816, 17820, 17824, 17828, 17832, 17836, 17840, 17844, 17848, 17852, 17856, 17860, 17864, 17868, 17872, 17876, 17880, 17884, 17888, 17892, 17896, 17900, 17904, 17908, 17912, 17916, 17920, 17924, 17928, 17932, 17936, 17940, 17944, 17948, 17952, 17956, 17960, 17964, 17968, 17972, 17976, 17980, 17984, 17988, 17992, 17996, 18000, 18004, 18008, 18012, 18016, 18020, 18024, 18028, 18032, 18036, 18040, 18044, 18048, 18052, 18056, 18060, 18064, 18068, 18072, 18076, 18080, 18084, 18088, 18092, 18096, 18100, 18104, 18108, 18112, 18116, 18120, 18124, 18128, 18132, 18136, 18140, 18144, 18148, 18152, 18156, 18160, 18164, 18168, 18172, 18176, 18180, 18184, 18188, 18192, 18196, 18200, 18204, 18208, 18212, 18216, 18220, 18224, 18228, 18232, 18236, 18240, 18244, 18248, 18252, 18256, 18260, 18264, 18268, 18272, 18276, 18280, 18284, 18288, 18292, 18296, 18300, 18304, 18308, 18312, 18316, 18320, 18324, 18328, 18332, 18336, 18340, 18344, 18348, 18352, 18356, 18360, 18364, 18368, 18372, 18376, 18380, 18384, 18388, 18392, 18396, 18400, 18404, 18408, 18412, 18416, 18420, 18424, 18428, 18432, 18436, 18440, 18444, 18448, 18452, 18456, 18460, 18464, 18468, 18472, 18476, 18480, 18484, 18488, 18492, 18496, 18500, 18504, 18508, 18512, 18516, 18520, 18524, 18528, 18532, 18536, 18540, 18544, 18548, 18552, 18556, 18560, 18564, 18568, 18572, 18576, 18580, 18584, 18588, 18592, 18596, 18600, 18604, 18608, 18612, 18616, 18620, 18624, 18628, 18632, 18636, 18640, 18644, 18648, 18652, 18656, 18660, 18664, 18668, 18672, 18676, 18680, 18684, 18688, 18692, 18696, 18700, 18704, 18708, 18712, 18716, 18720, 18724, 18728, 18732, 18736, 18740, 18744, 18748, 18752, 18756, 18760, 18764, 18768, 18772, 18776, 18780, 18784, 18788, 18792, 18796, 18800, 18804, 18808, 18812, 18816, 18820, 18824, 18828, 18832, 18836, 18840, 18844, 18848, 18852, 18856, 18860, 18864, 18868, 18872, 18876, 18880, 18884, 18888, 18892, 18896, 18900, 18904, 18908, 18912, 18916, 18920, 18924, 18928, 18932, 18936, 18940, 18944, 18948, 18952, 18956, 18960, 18964, 18968, 18972, 18976, 18980, 18984, 18988, 18992, 18996, 19000, 19004, 19008, 19012, 19016, 19020, 19024, 19028, 19032, 19036, 19040, 19044, 19048, 19052, 19056, 19060, 19064, 19068, 19072, 19076, 19080, 19084, 19088, 19092, 19096, 19100, 19104, 19108, 19112, 19116, 19120, 19124, 19128, 19132, 19136, 19140, 19144, 19148, 19152, 19156, 19160, 19164, 19168, 19172, 19176, 19180, 19184, 19188, 19192, 19196, 19200, 19204, 19208, 19212, 19216, 19220, 19224, 19228, 19232, 19236, 19240, 19244, 19248, 19252, 19256, 19260, 19264, 19268, 19272, 19276, 19280, 19284, 19288, 19292, 19296, 19300, 19304, 19308, 19312, 19316, 19320, 19324, 19328, 19332, 19336, 19340, 19344, 19348, 19352, 19356, 19360, 19364, 19368, 19372, 19376, 19380, 19384, 19388, 19392, 19396, 19400, 19404, 19408, 19412, 19416, 19420, 19424, 19428, 19432, 19436, 19440, 19444, 19448, 19452, 19456, 19460, 19464, 19468, 19472, 19476, 19480, 19484, 19488, 19492, 19496, 19500, 19504, 19508, 19512, 19516, 19520, 19524, 19528, 19532, 19536, 19540, 19544, 19548, 19552, 19556, 19560, 19564, 19568, 19572, 19576, 19580, 19584, 19588, 19592, 19596, 19600, 19604, 19608, 19612, 19616, 19620, 19624, 19628, 19632, 19636, 19640, 19644, 19648, 19652, 19656, 19660, 19664, 19668, 19672, 19676, 19680, 19684, 19688, 19692, 19696, 19700, 19704, 19708, 19712, 19716, 19720, 19724, 19728, 19732, 19736, 19740, 19744, 19748, 19752, 19756, 19760, 19764, 19768, 19772, 19776, 19780, 19784, 19788, 19792, 19796, 19800, 19804, 19808, 19812, 19816, 19820, 19824, 19828, 19832, 19836, 19840, 19844, 19848, 19852, 19856, 19860, 19864, 19868, 19872, 19876, 19880, 19884, 19888, 19892, 19896, 19900, 19904, 19908, 19912, 19916, 19920, 19924, 19928, 19932, 19936, 19940, 19944, 19948, 19952, 19956, 19960, 19964, 19968, 19972, 19976, 19980, 19984, 19988, 19992, 19996, 20000, 20004, 20008, 20012, 20016, 20020, 20024, 20028, 20032, 20036, 20040, 20044, 20048, 20052, 20056, 20060, 20064, 20068, 20072, 20076, 20080, 20084, 20088, 20092, 20096, 20100, 20104, 20108, 20112, 20116, 20120, 20124, 20128, 20132, 20136, 20140, 20144, 20148, 20152, 20156, 20160, 20164, 20168, 20172, 20176, 20180, 20184, 20188, 20192, 20196, 20200, 20204, 20208, 20212, 20216, 20220, 20224, 20228, 20232, 20236, 20240, 20244, 20248, 20252, 20256, 20260, 20264, 20268, 20272, 20276, 20280, 20284, 20288, 20292, 20296, 20300, 20304, 20308, 20312, 20316, 20320, 20324, 20328, 20332, 20336, 20340, 20344, 20348, 20352, 20356, 20360, 20364, 20368, 20372, 20376, 20380, 20384, 20388, 20392, 20396, 20400, 20404, 20408, 20412, 20416, 20420, 20424, 20428, 20432, 20436, 20440, 20444, 20448, 20452, 20456, 20460, 20464, 20468, 20472, 20476, 20480, 20484, 20488, 20492, 20496, 20500, 20504, 20508, 20512, 20516, 20520, 20524, 20528, 20532, 20536, 20540, 20544, 20548, 20552, 20556, 20560, 20564, 20568, 20572, 20576, 20580, 20584, 20588, 20592, 20596, 20600, 20604, 20608, 20612, 20616, 20620, 20624, 20628, 20632, 20636, 20640, 20644, 20648, 20652, 20656, 20660, 20664, 20668, 20672, 20676, 20680, 20684, 20688, 20692, 20696, 20700, 20704, 20708, 20712, 20716, 20720, 20724, 20728, 20732, 20736, 20740, 20744, 20748, 20752, 20756, 20760, 20764, 20768, 20772, 20776, 20780, 20784, 20788, 20792, 20796, 20800, 20804, 20808, 20812, 20816, 20820, 20824, 20828, 20832, 20836, 20840, 20844, 20848, 20852, 20856, 20860, 20864, 20868, 20872, 20876, 20880, 20884, 20888, 20892, 20896, 20900, 20904, 20908, 20912, 20916, 20920, 20924, 20928, 20932, 20936, 20940, 20944, 20948, 20952, 20956, 20960, 20964, 20968, 20972, 20976, 20980, 20984, 20988, 20992, 20996, 21000, 21004, 21008, 21012, 21016, 21020, 21024, 21028, 21032, 21036, 21040, 21044, 21048, 21052, 21056, 21060, 21064, 21068, 21072, 21076, 21080, 21084, 21088, 21092, 21096, 21100, 21104, 21108, 21112, 21116, 21120, 21124, 21128, 21132, 21136, 21140, 21144, 21148, 21152, 21156, 21160, 21164, 21168, 21172, 21176, 21180, 21184, 21188, 21192, 21196, 21200, 21204, 21208, 21212, 21216, 21220, 21224, 21228, 21232, 21236, 21240, 21244, 21248, 21252, 21256, 21260, 21264, 21268, 21272, 21276, 21280, 21284, 21288, 21292, 21296, 21300, 21304, 21308, 21312, 21316, 21320, 21324, 21328, 21332, 21336, 21340, 21344, 21348, 21352, 21356, 21360, 21364, 21368, 21372, 21376, 21380, 21384, 21388, 21392, 21396, 21400, 21404, 21408, 21412, 21416, 21420, 21424, 21428, 21432, 21436, 21440, 21444, 21448, 21452, 21456, 21460, 21464, 21468, 21472, 21476, 21480, 21484, 21488, 21492, 21496, 21500, 21504, 21508, 21512, 21516, 21520, 21524, 21528, 21532, 21536, 21540, 21544, 21548, 21552, 21556, 21560, 21564, 21568, 21572, 21576, 21580, 21584, 21588, 21592, 21596, 21600, 21604, 21608, 21612, 21616, 21620, 21624, 21628, 21632, 21636, 21640, 21644, 21648, 21652, 21656, 21660, 21664, 21668, 21672, 21676, 21680, 21684, 21688, 21692, 21696, 21700, 21704, 21708, 21712, 21716, 21720, 21724, 21728, 21732, 21736, 21740, 21744, 21748, 21752, 21756, 21760, 21764, 21768, 21772, 21776, 21780, 21784, 21788, 21792, 21796, 21800, 21804, 21808, 21812, 21816, 21820, 21824, 21828, 21832, 21836, 21840, 21844, 21848, 21852, 21856, 21860, 21864, 21868, 21872, 21876, 21880, 21884, 21888, 21892, 21896, 21900, 21904, 21908, 21912, 21916, 21920, 21924, 21928, 21932, 21936, 21940, 21944, 21948, 21952, 21956, 21960, 21964, 21968, 21972, 21976, 21980, 21984, 21988, 21992, 21996, 22000, 22004, 22008, 22012, 22016, 22020, 22024, 22028, 22032, 22036, 22040, 22044, 22048, 22052, 22056, 22060, 22064, 22068, 22072, 22076, 22080, 22084, 22088, 22092, 22096, 22100, 22104, 22108, 22112, 22116, 22120, 22124, 22128, 22132, 22136, 22140, 22144, 22148, 22152, 22156, 22160, 22164, 22168, 22172, 22176, 22180, 22184, 22188, 22192, 22196, 22200, 22204, 22208, 22212, 22216, 22220, 22224, 22228, 22232, 22236, 22240, 22244, 22248, 22252, 22256, 22260, 22264, 22268, 22272, 22276, 22280, 22284, 22288, 22292, 22296, 22300, 22304, 22308, 22312, 22316, 22320, 22324, 22328, 22332, 22336, 22340, 22344, 22348, 22352, 22356, 22360, 22364, 22368, 22372, 22376, 22380, 22384, 22388, 22392, 22396, 22400, 22404, 22408, 22412, 22416, 22420, 22424, 22428, 22432, 22436, 22440, 22444, 22448, 22452, 22456, 22460, 22464, 22468, 22472, 22476, 22480, 22484, 22488, 22492, 22496, 22500, 22504, 22508, 22512, 22516, 22520, 22524, 22528, 22532, 22536, 22540, 22544, 22548, 22552, 22556, 22560, 22564, 22568, 22572, 22576, 22580, 22584, 22588, 22592, 22596, 22600, 22604, 22608, 22612, 22616, 22620, 22624, 22628, 22632, 22636, 22640, 22644, 22648, 22652, 22656, 22660, 22664, 22668, 22672, 22676, 22680, 22684, 22688, 22692, 22696, 22700, 22704, 22708, 22712, 22716, 22720, 22724, 22728, 22732, 22736, 22740, 22744, 22748, 22752, 22756, 22760, 22764, 22768, 22772, 22776, 22780, 22784, 22788, 22792, 22796, 22800, 22804, 22808, 22812, 22816, 22820, 22824, 22828, 22832, 22836, 22840, 22844, 22848, 22852, 22856, 22860, 22864, 22868, 22872, 22876, 22880, 22884, 22888, 22892, 22896, 22900, 22904, 22908, 22912, 22916, 22920, 22924, 22928, 22932, 22936, 22940, 22944, 22948, 22952, 22956, 22960, 22964, 22968, 22972, 22976, 22980, 22984, 22988, 22992, 22996, 23000, 23004, 23008, 23012, 23016, 23020, 23024, 23028, 23032, 23036, 23040, 23044, 23048, 23052, 23056, 23060, 23064, 23068, 23072, 23076, 23080, 23084, 23088, 23092, 23096, 23100, 23104, 23108, 23112, 23116, 23120, 23124, 23128, 23132, 23136, 23140, 23144, 23148, 23152, 23156, 23160, 23164, 23168, 23172, 23176, 23180, 23184, 23188, 23192, 23196, 23200, 23204, 23208, 23212, 23216, 23220, 23224, 23228, 23232, 23236, 23240, 23244, 23248, 23252, 23256, 23260, 23264, 23268, 23272, 23276, 23280, 23284, 23288, 23292, 23296, 23300, 23304, 23308, 23312, 23316, 23320, 23324, 23328, 23332, 23336, 23340, 23344, 23348, 23352, 23356, 23360, 23364, 23368, 23372, 23376, 23380, 23384, 23388, 23392, 23396, 23400, 23404, 23408, 23412, 23416, 23420, 23424, 23428, 23432, 23436, 23440, 23444, 23448, 23452, 23456, 23460, 23464, 23468, 23472, 23476, 23480, 23484, 23488, 23492, 23496, 23500, 23504, 23508, 23512, 23516, 23520, 23524, 23528, 23532, 23536, 23540, 23544, 23548, 23552, 23556, 23560, 23564, 23568, 23572, 23576, 23580, 23584, 23588, 23592, 23596, 23600, 23604, 23608, 23612, 23616, 23620, 23624, 23628, 23632, 23636, 23640, 23644, 23648, 23652, 23656, 23660, 23664, 23668, 23672, 23676, 23680, 23684, 23688, 23692, 23696, 23700, 23704, 23708, 23712, 23716, 23720, 23724, 23728, 23732, 23736, 23740, 23744, 23748, 23752, 23756, 23760, 23764, 23768, 23772, 23776, 23780, 23784, 23788, 23792, 23796, 23800, 23804, 23808, 23812, 23816, 23820, 23824, 23828, 23832, 23836, 23840, 23844, 23848, 23852, 23856, 23860, 23864, 23868, 23872, 23876, 23880, 23884, 23888, 23892, 23896, 23900, 23904, 23908, 23912, 23916, 23920, 23924, 23928, 23932, 23936, 23940, 23944, 23948, 23952, 23956, 23960, 23964, 23968, 23972, 23976, 23980, 23984, 23988, 23992, 23996, 24000, 24004, 24008, 24012, 24016, 24020, 24024, 24028, 24032, 24036, 24040, 24044, 24048, 24052, 24056, 24060, 24064, 24068, 24072, 24076, 24080, 24084, 24088, 24092, 24096, 24100, 24104, 24108, 24112, 24116, 24120, 24124, 24128, 24132, 24136, 24140, 24144, 24148, 24152, 24156, 24160, 24164, 24168, 24172, 24176, 24180, 24184, 24188, 24192, 24196, 24200, 24204, 24208, 24212, 24216, 24220, 24224, 24228, 24232, 24236, 24240, 24244, 24248, 24252, 24256, 24260, 24264, 24268, 24272, 24276, 24280, 24284, 24288, 24292, 24296, 24300, 24304, 24308, 24312, 24316, 24320, 24324, 24328, 24332, 24336, 24340, 24344, 24348, 24352, 24356, 24360, 24364, 24368, 24372, 24376, 24380, 24384, 24388, 24392, 24396, 24400, 24404, 24408, 24412, 24416, 24420, 24424, 24428, 24432, 24436, 24440, 24444, 24448, 24452, 24456, 24460, 24464, 24468, 24472, 24476, 24480, 24484, 24488, 24492, 24496, 24500, 24504, 24508, 24512, 24516, 24520, 24524, 24528, 24532, 24536, 24540, 24544, 24548, 24552, 24556, 24560, 24564, 24568, 24572, 24576, 24580, 24584, 24588, 24592, 24596, 24600, 24604, 24608, 24612, 24616, 24620, 24624, 24628, 24632, 24636, 24640, 24644, 24648, 24652, 24656, 24660, 24664, 24668, 24672, 24676, 24680, 24684, 24688, 24692, 24696, 24700, 24704, 24708, 24712, 24716, 24720, 24724, 24728, 24732, 24736, 24740, 24744, 24748, 24752, 24756, 24760, 24764, 24768, 24772, 24776, 24780, 24784, 24788, 24792, 24796, 24800, 24804, 24808, 24812, 24816, 24820, 24824, 24828, 24832, 24836, 24840, 24844, 24848, 24852, 24856, 24860, 24864, 24868, 24872, 24876, 24880, 24884, 24888, 24892, 24896, 24900, 24904, 24908, 24912, 24916, 24920, 24924, 24928, 24932, 24936, 24940, 24944, 24948, 24952, 24956, 24960, 24964, 24968, 24972, 24976, 24980, 24984, 24988, 24992, 24996, 25000, 25004, 25008, 25012, 25016, 25020, 25024, 25028, 25032, 25036, 25040, 25044, 25048, 25052, 25056, 25060, 25064, 25068, 25072, 25076, 25080, 25084, 25088, 25092, 25096, 25100, 25104, 25108, 25112, 25116, 25120, 25124, 25128, 25132, 25136, 25140, 25144, 25148, 25152, 25156, 25160, 25164, 25168, 25172, 25176, 25180, 25184, 25188, 25192, 25196, 25200, 25204, 25208, 25212, 25216, 25220, 25224, 25228, 25232, 25236, 25240, 25244, 25248, 25252, 25256, 25260, 25264, 25268, 25272, 25276, 25280, 25284, 25288, 25292, 25296, 25300, 25304, 25308, 25312, 25316, 25320, 25324, 25328, 25332, 25336, 25340, 25344, 25348, 25352, 25356, 25360, 25364, 25368, 25372, 25376, 25380, 25384, 25388, 25392, 25396, 25400, 25404, 25408, 25412, 25416, 25420, 25424, 25428, 25432, 25436, 25440, 25444, 25448, 25452, 25456, 25460, 25464, 25468, 25472, 25476, 25480, 25484, 25488, 25492, 25496, 25500, 25504, 25508, 25512, 25516, 25520, 25524, 25528, 25532, 25536, 25540, 25544, 25548, 25552, 25556, 25560, 25564, 25568, 25572, 25576, 25580, 25584, 25588, 25592, 25596, 25600, 25604, 25608, 25612, 25616, 25620, 25624, 25628, 25632, 25636, 25640, 25644, 25648, 25652, 25656, 25660, 25664, 25668, 25672, 25676, 25680, 25684, 25688, 25692, 25696, 25700, 25704, 25708, 25712, 25716, 25720, 25724, 25728, 25732, 25736, 25740, 25744, 25748, 25752, 25756, 25760, 25764, 25768, 25772, 25776, 25780, 25784, 25788, 25792, 25796, 25800, 25804, 25808, 25812, 25816, 25820, 25824, 25828, 25832, 25836, 25840, 25844, 25848, 25852, 25856, 25860, 25864, 25868, 25872, 25876, 25880, 25884, 25888, 25892, 25896, 25900, 25904, 25908, 25912, 25916, 25920, 25924, 25928, 25932, 25936, 25940, 25944, 25948, 25952, 25956, 25960, 25964, 25968, 25972, 25976, 25980, 25984, 25988, 25992, 25996, 26000, 26004, 26008, 26012, 26016, 26020, 26024, 26028, 26032, 26036, 26040, 26044, 26048, 26052, 26056, 26060, 26064, 26068, 26072, 26076, 26080, 26084, 26088, 26092, 26096, 26100, 26104, 26108, 26112, 26116, 26120, 26124, 26128, 26132, 26136, 26140, 26144, 26148, 26152, 26156, 26160, 26164, 26168, 26172, 26176, 26180, 26184, 26188, 26192, 26196, 26200, 26204, 26208, 26212, 26216, 26220, 26224, 26228, 26232, 26236, 26240, 26244, 26248, 26252, 26256, 26260, 26264, 26268, 26272, 26276, 26280, 26284, 26288, 26292, 26296, 26300, 26304, 26308, 26312, 26316, 26320, 26324, 26328, 26332, 26336, 26340, 26344, 26348, 26352, 26356, 26360, 26364, 26368, 26372, 26376, 26380, 26384, 26388, 26392, 26396, 26400, 26404, 26408, 26412, 26416, 26420, 26424, 26428, 26432, 26436, 26440, 26444, 26448, 26452, 26456, 26460, 26464, 26468, 26472, 26476, 26480, 26484, 26488, 26492, 26496, 26500, 26504, 26508, 26512, 26516, 26520, 26524, 26528, 26532, 26536, 26540, 26544, 26548, 26552, 26556, 26560, 26564, 26568, 26572, 26576, 26580, 26584, 26588, 26592, 26596, 26600, 26604, 26608, 26612, 26616, 26620, 26624, 26628, 26632, 26636, 26640, 26644, 26648, 26652, 26656, 26660, 26664, 26668, 26672, 26676, 26680, 26684, 26688, 26692, 26696, 26700, 26704, 26708, 26712, 26716, 26720, 26724, 26728, 26732, 26736, 26740, 26744, 26748, 26752, 26756, 26760, 26764, 26768, 26772, 26776, 26780, 26784, 26788, 26792, 26796, 26800, 26804, 26808, 26812, 26816, 26820, 26824, 26828, 26832, 26836, 26840, 26844, 26848, 26852, 26856, 26860, 26864, 26868, 26872, 26876, 26880, 26884, 26888, 26892, 26896, 26900, 26904, 26908, 26912, 26916, 26920, 26924, 26928, 26932, 26936, 26940, 26944, 26948, 26952, 26956, 26960, 26964, 26968, 26972, 26976, 26980, 26984, 26988, 26992, 26996, 27000, 27004, 27008, 27012, 27016, 27020, 27024, 27028, 27032, 27036, 27040, 27044, 27048, 27052, 27056, 27060, 27064, 27068, 27072, 27076, 27080, 27084, 27088, 27092, 27096, 27100, 27104, 27108, 27112, 27116, 27120, 27124, 27128, 27132, 27136, 27140, 27144, 27148, 27152, 27156, 27160, 27164, 27168, 27172, 27176, 27180, 27184, 27188, 27192, 27196, 27200, 27204, 27208, 27212, 27216, 27220, 27224, 27228, 27232, 27236, 27240, 27244, 27248, 27252, 27256, 27260, 27264, 27268, 27272, 27276, 27280, 27284, 27288, 27292, 27296, 27300, 27304, 27308, 27312, 27316, 27320, 27324, 27328, 27332, 27336, 27340, 27344, 27348, 27352, 27356, 27360, 27364, 27368, 27372, 27376, 27380, 27384, 27388, 27392, 27396, 27400, 27404, 27408, 27412, 27416, 27420, 27424, 27428, 27432, 27436, 27440, 27444, 27448, 27452, 27456, 27460, 27464, 27468, 27472, 27476, 27480, 27484, 27488, 27492, 27496, 27500, 27504, 27508, 27512, 27516, 27520, 27524, 27528, 27532, 27536, 27540, 27544, 27548, 27552, 27556, 27560, 27564, 27568, 27572, 27576, 27580, 27584, 27588, 27592, 27596, 27600, 27604, 27608, 27612, 27616, 27620, 27624, 27628, 27632, 27636, 27640, 27644, 27648, 27652, 27656, 27660, 27664, 27668, 27672, 27676, 27680, 27684, 27688, 27692, 27696, 27700, 27704, 27708, 27712, 27716, 27720, 27724, 27728, 27732, 27736, 27740, 27744, 27748, 27752, 27756, 27760, 27764, 27768, 27772, 27776, 27780, 27784, 27788, 27792, 27796, 27800, 27804, 27808, 27812, 27816, 27820, 27824, 27828, 27832, 27836, 27840, 27844, 27848, 27852, 27856, 27860, 27864, 27868, 27872, 27876, 27880, 27884, 27888, 27892, 27896, 27900, 27904, 27908, 27912, 27916, 27920, 27924, 27928, 27932, 27936, 27940, 27944, 27948, 27952, 27956, 27960, 27964, 27968, 27972, 27976, 27980, 27984, 27988, 27992, 27996, 28000, 28004, 28008, 28012, 28016, 28020, 28024, 28028, 28032, 28036, 28040, 28044, 28048, 28052, 28056, 28060, 28064, 28068, 28072, 28076, 28080, 28084, 28088, 28092, 28096, 28100, 28104, 28108, 28112, 28116, 28120, 28124, 28128, 28132, 28136, 28140, 28144, 28148, 28152, 28156, 28160, 28164, 28168, 28172, 28176, 28180, 28184, 28188, 28192, 28196, 28200, 28204, 28208, 28212, 28216, 28220, 28224, 28228, 28232, 28236, 28240, 28244, 28248, 28252, 28256, 28260, 28264, 28268, 28272, 28276, 28280, 28284, 28288, 28292, 28296, 28300, 28304, 28308, 28312, 28316, 28320, 28324, 28328, 28332, 28336, 28340, 28344, 28348, 28352, 28356, 28360, 28364, 28368, 28372, 28376, 28380, 28384, 28388, 28392, 28396, 28400, 28404, 28408, 28412, 28416, 28420, 28424, 28428, 28432, 28436, 28440, 28444, 28448, 28452, 28456, 28460, 28464, 28468, 28472, 28476, 28480, 28484, 28488, 28492, 28496, 28500, 28504, 28508, 28512, 28516, 28520, 28524, 28528, 28532, 28536, 28540, 28544, 28548, 28552, 28556, 28560, 28564, 28568, 28572, 28576, 28580, 28584, 28588, 28592, 28596, 28600, 28604, 28608, 28612, 28616, 28620, 28624, 28628, 28632, 28636, 28640, 28644, 28648, 28652, 28656, 28660, 28664, 28668, 28672, 28676, 28680, 28684, 28688, 28692, 28696, 28700, 28704, 28708, 28712, 28716, 28720, 28724, 28728, 28732, 28736, 28740, 28744, 28748, 28752, 28756, 28760, 28764, 28768, 28772, 28776, 28780, 28784, 28788, 28792, 28796, 28800, 28804, 28808, 28812, 28816, 28820, 28824, 28828, 28832, 28836, 28840, 28844, 28848, 28852, 28856, 28860, 28864, 28868, 28872, 28876, 28880, 28884, 28888, 28892, 28896, 28900, 28904, 28908, 28912, 28916, 28920, 28924, 28928, 28932, 28936, 28940, 28944, 28948, 28952, 28956, 28960, 28964, 28968, 28972, 28976, 28980, 28984, 28988, 28992, 28996, 29000, 29004, 29008, 29012, 29016, 29020, 29024, 29028, 29032, 29036, 29040, 29044, 29048, 29052, 29056, 29060, 29064, 29068, 29072, 29076, 29080, 29084, 29088, 29092, 29096, 29100, 29104, 29108, 29112, 29116, 29120, 29124, 29128, 29132, 29136, 29140, 29144, 29148, 29152, 29156, 29160, 29164, 29168, 29172, 29176, 29180, 29184, 29188, 29192, 29196, 29200, 29204, 29208, 29212, 29216, 29220, 29224, 29228, 29232, 29236, 29240, 29244, 29248, 29252, 29256, 29260, 29264, 29268, 29272, 29276, 29280, 29284, 29288, 29292, 29296, 29300, 29304, 29308, 29312, 29316, 29320, 29324, 29328, 29332, 29336, 29340, 29344, 29348, 29352, 29356, 29360, 29364, 29368, 29372, 29376, 29380, 29384, 29388, 29392, 29396, 29400, 29404, 29408, 29412, 29416, 29420, 29424, 29428, 29432, 29436, 29440, 29444, 29448, 29452, 29456, 29460, 29464, 29468, 29472, 29476, 29480, 29484, 29488, 29492, 29496, 29500, 29504, 29508, 29512, 29516, 29520, 29524, 29528, 29532, 29536, 29540, 29544, 29548, 29552, 29556, 29560, 29564, 29568, 29572, 29576, 29580, 29584, 29588, 29592, 29596, 29600, 29604, 29608, 29612, 29616, 29620, 29624, 29628, 29632, 29636, 29640, 29644, 29648, 29652, 29656, 29660, 29664, 29668, 29672, 29676, 29680, 29684, 29688, 29692, 29696, 29700, 29704, 29708, 29712, 29716, 29720, 29724, 29728, 29732, 29736, 29740, 29744, 29748, 29752, 29756, 29760, 29764, 29768, 29772, 29776, 29780, 29784, 29788, 29792, 29796, 29800, 29804, 29808, 29812, 29816, 29820, 29824, 29828, 29832, 29836, 29840, 29844, 29848, 29852, 29856, 29860, 29864, 29868, 29872, 29876, 29880, 29884, 29888, 29892, 29896, 29900, 29904, 29908, 29912, 29916, 29920, 29924, 29928, 29932, 29936, 29940, 29944, 29948, 29952, 29956, 29960, 29964, 29968, 29972, 29976, 29980, 29984, 29988, 29992, 29996, 30000, 30004, 30008, 30012, 30016, 30020, 30024, 30028, 30032, 30036, 30040, 30044, 30048, 30052, 30056, 30060, 30064, 30068, 30072, 30076, 30080, 30084, 30088, 30092, 30096, 30100, 30104, 30108, 30112, 30116, 30120, 30124, 30128, 30132, 30136, 30140, 30144, 30148, 30152, 30156, 30160, 30164, 30168, 30172, 30176, 30180, 30184, 30188, 30192, 30196, 30200, 30204, 30208, 30212, 30216, 30220, 30224, 30228, 30232, 30236, 30240, 30244, 30248, 30252, 30256, 30260, 30264, 30268, 30272, 30276, 30280, 30284, 30288, 30292, 30296, 30300, 30304, 30308, 30312, 30316, 30320, 30324, 30328, 30332, 30336, 30340, 30344, 30348, 30352, 30356, 30360, 30364, 30368, 30372, 30376, 30380, 30384, 30388, 30392, 30396, 30400, 30404, 30408, 30412, 30416, 30420, 30424, 30428, 30432, 30436, 30440, 30444, 30448, 30452, 30456, 30460, 30464, 30468, 30472, 30476, 30480, 30484, 30488, 30492, 30496, 30500, 30504, 30508, 30512, 30516, 30520, 30524, 30528, 30532, 30536, 30540, 30544, 30548, 30552, 30556, 30560, 30564, 30568, 30572, 30576, 30580, 30584, 30588, 30592, 30596, 30600, 30604, 30608, 30612, 30616, 30620, 30624, 30628, 30632, 30636, 30640, 30644, 30648, 30652, 30656, 30660, 30664, 30668, 30672, 30676, 30680, 30684, 30688, 30692, 30696, 30700, 30704, 30708, 30712, 30716, 30720, 30724, 30728, 30732, 30736, 30740, 30744, 30748, 30752, 30756, 30760, 30764, 30768, 30772, 30776, 30780, 30784, 30788, 30792, 30796, 30800, 30804, 30808, 30812, 30816, 30820, 30824, 30828, 30832, 30836, 30840, 30844, 30848, 30852, 30856, 30860, 30864, 30868, 30872, 30876, 30880, 30884, 30888, 30892, 30896, 30900, 30904, 30908, 30912, 30916, 30920, 30924, 30928, 30932, 30936, 30940, 30944, 30948, 30952, 30956, 30960, 30964, 30968, 30972, 30976, 30980, 30984, 30988, 30992, 30996, 31000, 31004, 31008, 31012, 31016, 31020, 31024, 31028, 31032, 31036, 31040, 31044, 31048, 31052, 31056, 31060, 31064, 31068, 31072, 31076, 31080, 31084, 31088, 31092, 31096, 31100, 31104, 31108, 31112, 31116, 31120, 31124, 31128, 31132, 31136, 31140, 31144, 31148, 31152, 31156, 31160, 31164, 31168, 31172, 31176, 31180, 31184, 31188, 31192, 31196, 31200, 31204, 31208, 31212, 31216, 31220, 31224, 31228, 31232, 31236, 31240, 31244, 31248, 31252, 31256, 31260, 31264, 31268, 31272, 31276, 31280, 31284, 31288, 31292, 31296, 31300, 31304, 31308, 31312, 31316, 31320, 31324, 31328, 31332, 31336, 31340, 31344, 31348, 31352, 31356, 31360, 31364, 31368, 31372, 31376, 31380, 31384, 31388, 31392, 31396, 31400, 31404, 31408, 31412, 31416, 31420, 31424, 31428, 31432, 31436, 31440, 31444, 31448, 31452, 31456, 31460, 31464, 31468, 31472, 31476, 31480, 31484, 31488, 31492, 31496, 31500, 31504, 31508, 31512, 31516, 31520, 31524, 31528, 31532, 31536, 31540, 31544, 31548, 31552, 31556, 31560, 31564, 31568, 31572, 31576, 31580, 31584, 31588, 31592, 31596, 31600, 31604, 31608, 31612, 31616, 31620, 31624, 31628, 31632, 31636, 31640, 31644, 31648, 31652, 31656, 31660, 31664, 31668, 31672, 31676, 31680, 31684, 31688, 31692, 31696, 31700, 31704, 31708, 31712, 31716, 31720, 31724, 31728, 31732, 31736, 31740, 31744, 31748, 31752, 31756, 31760, 31764, 31768, 31772, 31776, 31780, 31784, 31788, 31792, 31796, 31800, 31804, 31808, 31812, 31816, 31820, 31824, 31828, 31832, 31836, 31840, 31844, 31848, 31852, 31856, 31860, 31864, 31868, 31872, 31876, 31880, 31884, 31888, 31892, 31896, 31900, 31904, 31908, 31912, 31916, 31920, 31924, 31928, 31932, 31936, 31940, 31944, 31948, 31952, 31956, 31960, 31964, 31968, 31972, 31976, 31980, 31984, 31988, 31992, 31996, 32000, 32004, 32008, 32012, 32016, 32020, 32024, 32028, 32032, 32036, 32040, 32044, 32048, 32052, 32056, 32060, 32064, 32068, 32072, 32076, 32080, 32084, 32088, 32092, 32096, 32100, 32104, 32108, 32112, 32116, 32120, 32124, 32128, 32132, 32136, 32140, 32144, 32148, 32152, 32156, 32160, 32164, 32168, 32172, 32176, 32180, 32184, 32188, 32192, 32196, 32200, 32204, 32208, 32212, 32216, 32220, 32224, 32228, 32232, 32236, 32240, 32244, 32248, 32252, 32256, 32260, 32264, 32268, 32272, 32276, 32280, 32284, 32288, 32292, 32296, 32300, 32304, 32308, 32312, 32316, 32320, 32324, 32328, 32332, 32336, 32340, 32344, 32348, 32352, 32356, 32360, 32364, 32368, 32372, 32376, 32380, 32384, 32388, 32392, 32396, 32400, 32404, 32408, 32412, 32416, 32420, 32424, 32428, 32432, 32436, 32440, 32444, 32448, 32452, 32456, 32460, 32464, 32468, 32472, 32476, 32480, 32484, 32488, 32492, 32496, 32500, 32504, 32508, 32512, 32516, 32520, 32524, 32528, 32532, 32536, 32540, 32544, 32548, 32552, 32556, 32560, 32564, 32568, 32572, 32576, 32580, 32584, 32588, 32592, 32596, 32600, 32604, 32608, 32612, 32616, 32620, 32624, 32628, 32632, 32636, 32640, 32644, 32648, 32652, 32656, 32660, 32664, 32668, 32672, 32676, 32680, 32684, 32688, 32692, 32696, 32700, 32704, 32708, 32712, 32716, 32720, 32724, 32728, 32732, 32736, 32740, 32744, 32748, 32752, 32756, 32760, 32764, 32768]]" classname="org.roaringbitmap.RoaringBitmapSubsetTest" time="0.021"/>
  <testcase name="testProperSubset[assert that [4, 8, 12, 16, 20, 24, 28, 32, 36, 40, 44, 48, 52, 56, 60, 64, 68, 72, 76, 80, 84, 88, 92, 96, 100, 104, 108, 112, 116, 120, 124, 128, 132, 136, 140, 144, 148, 152, 156, 160, 164, 168, 172, 176, 180, 184, 188, 192, 196, 200, 204, 208, 212, 216, 220, 224, 228, 232, 236, 240, 244, 248, 252, 256, 260, 264, 268, 272, 276, 280, 284, 288, 292, 296, 300, 304, 308, 312, 316, 320, 324, 328, 332, 336, 340, 344, 348, 352, 356, 360, 364, 368, 372, 376, 380, 384, 388, 392, 396, 400, 404, 408, 412, 416, 420, 424, 428, 432, 436, 440, 444, 448, 452, 456, 460, 464, 468, 472, 476, 480, 484, 488, 492, 496, 500, 504, 508, 512, 516, 520, 524, 528, 532, 536, 540, 544, 548, 552, 556, 560, 564, 568, 572, 576, 580, 584, 588, 592, 596, 600, 604, 608, 612, 616, 620, 624, 628, 632, 636, 640, 644, 648, 652, 656, 660, 664, 668, 672, 676, 680, 684, 688, 692, 696, 700, 704, 708, 712, 716, 720, 724, 728, 732, 736, 740, 744, 748, 752, 756, 760, 764, 768, 772, 776, 780, 784, 788, 792, 796, 800, 804, 808, 812, 816, 820, 824, 828, 832, 836, 840, 844, 848, 852, 856, 860, 864, 868, 872, 876, 880, 884, 888, 892, 896, 900, 904, 908, 912, 916, 920, 924, 928, 932, 936, 940, 944, 948, 952, 956, 960, 964, 968, 972, 976, 980, 984, 988, 992, 996, 1000, 1004, 1008, 1012, 1016, 1020, 1024, 1028, 1032, 1036, 1040, 1044, 1048, 1052, 1056, 1060, 1064, 1068, 1072, 1076, 1080, 1084, 1088, 1092, 1096, 1100, 1104, 1108, 1112, 1116, 1120, 1124, 1128, 1132, 1136, 1140, 1144, 1148, 1152, 1156, 1160, 1164, 1168, 1172, 1176, 1180, 1184, 1188, 1192, 1196, 1200, 1204, 1208, 1212, 1216, 1220, 1224, 1228, 1232, 1236, 1240, 1244, 1248, 1252, 1256, 1260, 1264, 1268, 1272, 1276, 1280, 1284, 1288, 1292, 1296, 1300, 1304, 1308, 1312, 1316, 1320, 1324, 1328, 1332, 1336, 1340, 1344, 1348, 1352, 1356, 1360, 1364, 1368, 1372, 1376, 1380, 1384, 1388, 1392, 1396, 1400, 1404, 1408, 1412, 1416, 1420, 1424, 1428, 1432, 1436, 1440, 1444, 1448, 1452, 1456, 1460, 1464, 1468, 1472, 1476, 1480, 1484, 1488, 1492, 1496, 1500, 1504, 1508, 1512, 1516, 1520, 1524, 1528, 1532, 1536, 1540, 1544, 1548, 1552, 1556, 1560, 1564, 1568, 1572, 1576, 1580, 1584, 1588, 1592, 1596, 1600, 1604, 1608, 1612, 1616, 1620, 1624, 1628, 1632, 1636, 1640, 1644, 1648, 1652, 1656, 1660, 1664, 1668, 1672, 1676, 1680, 1684, 1688, 1692, 1696, 1700, 1704, 1708, 1712, 1716, 1720, 1724, 1728, 1732, 1736, 1740, 1744, 1748, 1752, 1756, 1760, 1764, 1768, 1772, 1776, 1780, 1784, 1788, 1792, 1796, 1800, 1804, 1808, 1812, 1816, 1820, 1824, 1828, 1832, 1836, 1840, 1844, 1848, 1852, 1856, 1860, 1864, 1868, 1872, 1876, 1880, 1884, 1888, 1892, 1896, 1900, 1904, 1908, 1912, 1916, 1920, 1924, 1928, 1932, 1936, 1940, 1944, 1948, 1952, 1956, 1960, 1964, 1968, 1972, 1976, 1980, 1984, 1988, 1992, 1996, 2000, 2004, 2008, 2012, 2016, 2020, 2024, 2028, 2032, 2036, 2040, 2044, 2048, 2052, 2056, 2060, 2064, 2068, 2072, 2076, 2080, 2084, 2088, 2092, 2096, 2100, 2104, 2108, 2112, 2116, 2120, 2124, 2128, 2132, 2136, 2140, 2144, 2148, 2152, 2156, 2160, 2164, 2168, 2172, 2176, 2180, 2184, 2188, 2192, 2196, 2200, 2204, 2208, 2212, 2216, 2220, 2224, 2228, 2232, 2236, 2240, 2244, 2248, 2252, 2256, 2260, 2264, 2268, 2272, 2276, 2280, 2284, 2288, 2292, 2296, 2300, 2304, 2308, 2312, 2316, 2320, 2324, 2328, 2332, 2336, 2340, 2344, 2348, 2352, 2356, 2360, 2364, 2368, 2372, 2376, 2380, 2384, 2388, 2392, 2396, 2400, 2404, 2408, 2412, 2416, 2420, 2424, 2428, 2432, 2436, 2440, 2444, 2448, 2452, 2456, 2460, 2464, 2468, 2472, 2476, 2480, 2484, 2488, 2492, 2496, 2500, 2504, 2508, 2512, 2516, 2520, 2524, 2528, 2532, 2536, 2540, 2544, 2548, 2552, 2556, 2560, 2564, 2568, 2572, 2576, 2580, 2584, 2588, 2592, 2596, 2600, 2604, 2608, 2612, 2616, 2620, 2624, 2628, 2632, 2636, 2640, 2644, 2648, 2652, 2656, 2660, 2664, 2668, 2672, 2676, 2680, 2684, 2688, 2692, 2696, 2700, 2704, 2708, 2712, 2716, 2720, 2724, 2728, 2732, 2736, 2740, 2744, 2748, 2752, 2756, 2760, 2764, 2768, 2772, 2776, 2780, 2784, 2788, 2792, 2796, 2800, 2804, 2808, 2812, 2816, 2820, 2824, 2828, 2832, 2836, 2840, 2844, 2848, 2852, 2856, 2860, 2864, 2868, 2872, 2876, 2880, 2884, 2888, 2892, 2896, 2900, 2904, 2908, 2912, 2916, 2920, 2924, 2928, 2932, 2936, 2940, 2944, 2948, 2952, 2956, 2960, 2964, 2968, 2972, 2976, 2980, 2984, 2988, 2992, 2996, 3000, 3004, 3008, 3012, 3016, 3020, 3024, 3028, 3032, 3036, 3040, 3044, 3048, 3052, 3056, 3060, 3064, 3068, 3072, 3076, 3080, 3084, 3088, 3092, 3096, 3100, 3104, 3108, 3112, 3116, 3120, 3124, 3128, 3132, 3136, 3140, 3144, 3148, 3152, 3156, 3160, 3164, 3168, 3172, 3176, 3180, 3184, 3188, 3192, 3196, 3200, 3204, 3208, 3212, 3216, 3220, 3224, 3228, 3232, 3236, 3240, 3244, 3248, 3252, 3256, 3260, 3264, 3268, 3272, 3276, 3280, 3284, 3288, 3292, 3296, 3300, 3304, 3308, 3312, 3316, 3320, 3324, 3328, 3332, 3336, 3340, 3344, 3348, 3352, 3356, 3360, 3364, 3368, 3372, 3376, 3380, 3384, 3388, 3392, 3396, 3400, 3404, 3408, 3412, 3416, 3420, 3424, 3428, 3432, 3436, 3440, 3444, 3448, 3452, 3456, 3460, 3464, 3468, 3472, 3476, 3480, 3484, 3488, 3492, 3496, 3500, 3504, 3508, 3512, 3516, 3520, 3524, 3528, 3532, 3536, 3540, 3544, 3548, 3552, 3556, 3560, 3564, 3568, 3572, 3576, 3580, 3584, 3588, 3592, 3596, 3600, 3604, 3608, 3612, 3616, 3620, 3624, 3628, 3632, 3636, 3640, 3644, 3648, 3652, 3656, 3660, 3664, 3668, 3672, 3676, 3680, 3684, 3688, 3692, 3696, 3700, 3704, 3708, 3712, 3716, 3720, 3724, 3728, 3732, 3736, 3740, 3744, 3748, 3752, 3756, 3760, 3764, 3768, 3772, 3776, 3780, 3784, 3788, 3792, 3796, 3800, 3804, 3808, 3812, 3816, 3820, 3824, 3828, 3832, 3836, 3840, 3844, 3848, 3852, 3856, 3860, 3864, 3868, 3872, 3876, 3880, 3884, 3888, 3892, 3896, 3900, 3904, 3908, 3912, 3916, 3920, 3924, 3928, 3932, 3936, 3940, 3944, 3948, 3952, 3956, 3960, 3964, 3968, 3972, 3976, 3980, 3984, 3988, 3992, 3996, 4000, 4004, 4008, 4012, 4016, 4020, 4024, 4028, 4032, 4036, 4040, 4044, 4048, 4052, 4056, 4060, 4064, 4068, 4072, 4076, 4080, 4084, 4088, 4092, 4096, 4100, 4104, 4108, 4112, 4116, 4120, 4124, 4128, 4132, 4136, 4140, 4144, 4148, 4152, 4156, 4160, 4164, 4168, 4172, 4176, 4180, 4184, 4188, 4192, 4196, 4200, 4204, 4208, 4212, 4216, 4220, 4224, 4228, 4232, 4236, 4240, 4244, 4248, 4252, 4256, 4260, 4264, 4268, 4272, 4276, 4280, 4284, 4288, 4292, 4296, 4300, 4304, 4308, 4312, 4316, 4320, 4324, 4328, 4332, 4336, 4340, 4344, 4348, 4352, 4356, 4360, 4364, 4368, 4372, 4376, 4380, 4384, 4388, 4392, 4396, 4400, 4404, 4408, 4412, 4416, 4420, 4424, 4428, 4432, 4436, 4440, 4444, 4448, 4452, 4456, 4460, 4464, 4468, 4472, 4476, 4480, 4484, 4488, 4492, 4496, 4500, 4504, 4508, 4512, 4516, 4520, 4524, 4528, 4532, 4536, 4540, 4544, 4548, 4552, 4556, 4560, 4564, 4568, 4572, 4576, 4580, 4584, 4588, 4592, 4596, 4600, 4604, 4608, 4612, 4616, 4620, 4624, 4628, 4632, 4636, 4640, 4644, 4648, 4652, 4656, 4660, 4664, 4668, 4672, 4676, 4680, 4684, 4688, 4692, 4696, 4700, 4704, 4708, 4712, 4716, 4720, 4724, 4728, 4732, 4736, 4740, 4744, 4748, 4752, 4756, 4760, 4764, 4768, 4772, 4776, 4780, 4784, 4788, 4792, 4796, 4800, 4804, 4808, 4812, 4816, 4820, 4824, 4828, 4832, 4836, 4840, 4844, 4848, 4852, 4856, 4860, 4864, 4868, 4872, 4876, 4880, 4884, 4888, 4892, 4896, 4900, 4904, 4908, 4912, 4916, 4920, 4924, 4928, 4932, 4936, 4940, 4944, 4948, 4952, 4956, 4960, 4964, 4968, 4972, 4976, 4980, 4984, 4988, 4992, 4996, 5000, 5004, 5008, 5012, 5016, 5020, 5024, 5028, 5032, 5036, 5040, 5044, 5048, 5052, 5056, 5060, 5064, 5068, 5072, 5076, 5080, 5084, 5088, 5092, 5096, 5100, 5104, 5108, 5112, 5116, 5120, 5124, 5128, 5132, 5136, 5140, 5144, 5148, 5152, 5156, 5160, 5164, 5168, 5172, 5176, 5180, 5184, 5188, 5192, 5196, 5200, 5204, 5208, 5212, 5216, 5220, 5224, 5228, 5232, 5236, 5240, 5244, 5248, 5252, 5256, 5260, 5264, 5268, 5272, 5276, 5280, 5284, 5288, 5292, 5296, 5300, 5304, 5308, 5312, 5316, 5320, 5324, 5328, 5332, 5336, 5340, 5344, 5348, 5352, 5356, 5360, 5364, 5368, 5372, 5376, 5380, 5384, 5388, 5392, 5396, 5400, 5404, 5408, 5412, 5416, 5420, 5424, 5428, 5432, 5436, 5440, 5444, 5448, 5452, 5456, 5460, 5464, 5468, 5472, 5476, 5480, 5484, 5488, 5492, 5496, 5500, 5504, 5508, 5512, 5516, 5520, 5524, 5528, 5532, 5536, 5540, 5544, 5548, 5552, 5556, 5560, 5564, 5568, 5572, 5576, 5580, 5584, 5588, 5592, 5596, 5600, 5604, 5608, 5612, 5616, 5620, 5624, 5628, 5632, 5636, 5640, 5644, 5648, 5652, 5656, 5660, 5664, 5668, 5672, 5676, 5680, 5684, 5688, 5692, 5696, 5700, 5704, 5708, 5712, 5716, 5720, 5724, 5728, 5732, 5736, 5740, 5744, 5748, 5752, 5756, 5760, 5764, 5768, 5772, 5776, 5780, 5784, 5788, 5792, 5796, 5800, 5804, 5808, 5812, 5816, 5820, 5824, 5828, 5832, 5836, 5840, 5844, 5848, 5852, 5856, 5860, 5864, 5868, 5872, 5876, 5880, 5884, 5888, 5892, 5896, 5900, 5904, 5908, 5912, 5916, 5920, 5924, 5928, 5932, 5936, 5940, 5944, 5948, 5952, 5956, 5960, 5964, 5968, 5972, 5976, 5980, 5984, 5988, 5992, 5996, 6000, 6004, 6008, 6012, 6016, 6020, 6024, 6028, 6032, 6036, 6040, 6044, 6048, 6052, 6056, 6060, 6064, 6068, 6072, 6076, 6080, 6084, 6088, 6092, 6096, 6100, 6104, 6108, 6112, 6116, 6120, 6124, 6128, 6132, 6136, 6140, 6144, 6148, 6152, 6156, 6160, 6164, 6168, 6172, 6176, 6180, 6184, 6188, 6192, 6196, 6200, 6204, 6208, 6212, 6216, 6220, 6224, 6228, 6232, 6236, 6240, 6244, 6248, 6252, 6256, 6260, 6264, 6268, 6272, 6276, 6280, 6284, 6288, 6292, 6296, 6300, 6304, 6308, 6312, 6316, 6320, 6324, 6328, 6332, 6336, 6340, 6344, 6348, 6352, 6356, 6360, 6364, 6368, 6372, 6376, 6380, 6384, 6388, 6392, 6396, 6400, 6404, 6408, 6412, 6416, 6420, 6424, 6428, 6432, 6436, 6440, 6444, 6448, 6452, 6456, 6460, 6464, 6468, 6472, 6476, 6480, 6484, 6488, 6492, 6496, 6500, 6504, 6508, 6512, 6516, 6520, 6524, 6528, 6532, 6536, 6540, 6544, 6548, 6552, 6556, 6560, 6564, 6568, 6572, 6576, 6580, 6584, 6588, 6592, 6596, 6600, 6604, 6608, 6612, 6616, 6620, 6624, 6628, 6632, 6636, 6640, 6644, 6648, 6652, 6656, 6660, 6664, 6668, 6672, 6676, 6680, 6684, 6688, 6692, 6696, 6700, 6704, 6708, 6712, 6716, 6720, 6724, 6728, 6732, 6736, 6740, 6744, 6748, 6752, 6756, 6760, 6764, 6768, 6772, 6776, 6780, 6784, 6788, 6792, 6796, 6800, 6804, 6808, 6812, 6816, 6820, 6824, 6828, 6832, 6836, 6840, 6844, 6848, 6852, 6856, 6860, 6864, 6868, 6872, 6876, 6880, 6884, 6888, 6892, 6896, 6900, 6904, 6908, 6912, 6916, 6920, 6924, 6928, 6932, 6936, 6940, 6944, 6948, 6952, 6956, 6960, 6964, 6968, 6972, 6976, 6980, 6984, 6988, 6992, 6996, 7000, 7004, 7008, 7012, 7016, 7020, 7024, 7028, 7032, 7036, 7040, 7044, 7048, 7052, 7056, 7060, 7064, 7068, 7072, 7076, 7080, 7084, 7088, 7092, 7096, 7100, 7104, 7108, 7112, 7116, 7120, 7124, 7128, 7132, 7136, 7140, 7144, 7148, 7152, 7156, 7160, 7164, 7168, 7172, 7176, 7180, 7184, 7188, 7192, 7196, 7200, 7204, 7208, 7212, 7216, 7220, 7224, 7228, 7232, 7236, 7240, 7244, 7248, 7252, 7256, 7260, 7264, 7268, 7272, 7276, 7280, 7284, 7288, 7292, 7296, 7300, 7304, 7308, 7312, 7316, 7320, 7324, 7328, 7332, 7336, 7340, 7344, 7348, 7352, 7356, 7360, 7364, 7368, 7372, 7376, 7380, 7384, 7388, 7392, 7396, 7400, 7404, 7408, 7412, 7416, 7420, 7424, 7428, 7432, 7436, 7440, 7444, 7448, 7452, 7456, 7460, 7464, 7468, 7472, 7476, 7480, 7484, 7488, 7492, 7496, 7500, 7504, 7508, 7512, 7516, 7520, 7524, 7528, 7532, 7536, 7540, 7544, 7548, 7552, 7556, 7560, 7564, 7568, 7572, 7576, 7580, 7584, 7588, 7592, 7596, 7600, 7604, 7608, 7612, 7616, 7620, 7624, 7628, 7632, 7636, 7640, 7644, 7648, 7652, 7656, 7660, 7664, 7668, 7672, 7676, 7680, 7684, 7688, 7692, 7696, 7700, 7704, 7708, 7712, 7716, 7720, 7724, 7728, 7732, 7736, 7740, 7744, 7748, 7752, 7756, 7760, 7764, 7768, 7772, 7776, 7780, 7784, 7788, 7792, 7796, 7800, 7804, 7808, 7812, 7816, 7820, 7824, 7828, 7832, 7836, 7840, 7844, 7848, 7852, 7856, 7860, 7864, 7868, 7872, 7876, 7880, 7884, 7888, 7892, 7896, 7900, 7904, 7908, 7912, 7916, 7920, 7924, 7928, 7932, 7936, 7940, 7944, 7948, 7952, 7956, 7960, 7964, 7968, 7972, 7976, 7980, 7984, 7988, 7992, 7996, 8000, 8004, 8008, 8012, 8016, 8020, 8024, 8028, 8032, 8036, 8040, 8044, 8048, 8052, 8056, 8060, 8064, 8068, 8072, 8076, 8080, 8084, 8088, 8092, 8096, 8100, 8104, 8108, 8112, 8116, 8120, 8124, 8128, 8132, 8136, 8140, 8144, 8148, 8152, 8156, 8160, 8164, 8168, 8172, 8176, 8180, 8184, 8188, 8192, 8196, 8200, 8204, 8208, 8212, 8216, 8220, 8224, 8228, 8232, 8236, 8240, 8244, 8248, 8252, 8256, 8260, 8264, 8268, 8272, 8276, 8280, 8284, 8288, 8292, 8296, 8300, 8304, 8308, 8312, 8316, 8320, 8324, 8328, 8332, 8336, 8340, 8344, 8348, 8352, 8356, 8360, 8364, 8368, 8372, 8376, 8380, 8384, 8388, 8392, 8396, 8400, 8404, 8408, 8412, 8416, 8420, 8424, 8428, 8432, 8436, 8440, 8444, 8448, 8452, 8456, 8460, 8464, 8468, 8472, 8476, 8480, 8484, 8488, 8492, 8496, 8500, 8504, 8508, 8512, 8516, 8520, 8524, 8528, 8532, 8536, 8540, 8544, 8548, 8552, 8556, 8560, 8564, 8568, 8572, 8576, 8580, 8584, 8588, 8592, 8596, 8600, 8604, 8608, 8612, 8616, 8620, 8624, 8628, 8632, 8636, 8640, 8644, 8648, 8652, 8656, 8660, 8664, 8668, 8672, 8676, 8680, 8684, 8688, 8692, 8696, 8700, 8704, 8708, 8712, 8716, 8720, 8724, 8728, 8732, 8736, 8740, 8744, 8748, 8752, 8756, 8760, 8764, 8768, 8772, 8776, 8780, 8784, 8788, 8792, 8796, 8800, 8804, 8808, 8812, 8816, 8820, 8824, 8828, 8832, 8836, 8840, 8844, 8848, 8852, 8856, 8860, 8864, 8868, 8872, 8876, 8880, 8884, 8888, 8892, 8896, 8900, 8904, 8908, 8912, 8916, 8920, 8924, 8928, 8932, 8936, 8940, 8944, 8948, 8952, 8956, 8960, 8964, 8968, 8972, 8976, 8980, 8984, 8988, 8992, 8996, 9000, 9004, 9008, 9012, 9016, 9020, 9024, 9028, 9032, 9036, 9040, 9044, 9048, 9052, 9056, 9060, 9064, 9068, 9072, 9076, 9080, 9084, 9088, 9092, 9096, 9100, 9104, 9108, 9112, 9116, 9120, 9124, 9128, 9132, 9136, 9140, 9144, 9148, 9152, 9156, 9160, 9164, 9168, 9172, 9176, 9180, 9184, 9188, 9192, 9196, 9200, 9204, 9208, 9212, 9216, 9220, 9224, 9228, 9232, 9236, 9240, 9244, 9248, 9252, 9256, 9260, 9264, 9268, 9272, 9276, 9280, 9284, 9288, 9292, 9296, 9300, 9304, 9308, 9312, 9316, 9320, 9324, 9328, 9332, 9336, 9340, 9344, 9348, 9352, 9356, 9360, 9364, 9368, 9372, 9376, 9380, 9384, 9388, 9392, 9396, 9400, 9404, 9408, 9412, 9416, 9420, 9424, 9428, 9432, 9436, 9440, 9444, 9448, 9452, 9456, 9460, 9464, 9468, 9472, 9476, 9480, 9484, 9488, 9492, 9496, 9500, 9504, 9508, 9512, 9516, 9520, 9524, 9528, 9532, 9536, 9540, 9544, 9548, 9552, 9556, 9560, 9564, 9568, 9572, 9576, 9580, 9584, 9588, 9592, 9596, 9600, 9604, 9608, 9612, 9616, 9620, 9624, 9628, 9632, 9636, 9640, 9644, 9648, 9652, 9656, 9660, 9664, 9668, 9672, 9676, 9680, 9684, 9688, 9692, 9696, 9700, 9704, 9708, 9712, 9716, 9720, 9724, 9728, 9732, 9736, 9740, 9744, 9748, 9752, 9756, 9760, 9764, 9768, 9772, 9776, 9780, 9784, 9788, 9792, 9796, 9800, 9804, 9808, 9812, 9816, 9820, 9824, 9828, 9832, 9836, 9840, 9844, 9848, 9852, 9856, 9860, 9864, 9868, 9872, 9876, 9880, 9884, 9888, 9892, 9896, 9900, 9904, 9908, 9912, 9916, 9920, 9924, 9928, 9932, 9936, 9940, 9944, 9948, 9952, 9956, 9960, 9964, 9968, 9972, 9976, 9980, 9984, 9988, 9992, 9996, 10000, 10004, 10008, 10012, 10016, 10020, 10024, 10028, 10032, 10036, 10040, 10044, 10048, 10052, 10056, 10060, 10064, 10068, 10072, 10076, 10080, 10084, 10088, 10092, 10096, 10100, 10104, 10108, 10112, 10116, 10120, 10124, 10128, 10132, 10136, 10140, 10144, 10148, 10152, 10156, 10160, 10164, 10168, 10172, 10176, 10180, 10184, 10188, 10192, 10196, 10200, 10204, 10208, 10212, 10216, 10220, 10224, 10228, 10232, 10236, 10240, 10244, 10248, 10252, 10256, 10260, 10264, 10268, 10272, 10276, 10280, 10284, 10288, 10292, 10296, 10300, 10304, 10308, 10312, 10316, 10320, 10324, 10328, 10332, 10336, 10340, 10344, 10348, 10352, 10356, 10360, 10364, 10368, 10372, 10376, 10380, 10384, 10388, 10392, 10396, 10400, 10404, 10408, 10412, 10416, 10420, 10424, 10428, 10432, 10436, 10440, 10444, 10448, 10452, 10456, 10460, 10464, 10468, 10472, 10476, 10480, 10484, 10488, 10492, 10496, 10500, 10504, 10508, 10512, 10516, 10520, 10524, 10528, 10532, 10536, 10540, 10544, 10548, 10552, 10556, 10560, 10564, 10568, 10572, 10576, 10580, 10584, 10588, 10592, 10596, 10600, 10604, 10608, 10612, 10616, 10620, 10624, 10628, 10632, 10636, 10640, 10644, 10648, 10652, 10656, 10660, 10664, 10668, 10672, 10676, 10680, 10684, 10688, 10692, 10696, 10700, 10704, 10708, 10712, 10716, 10720, 10724, 10728, 10732, 10736, 10740, 10744, 10748, 10752, 10756, 10760, 10764, 10768, 10772, 10776, 10780, 10784, 10788, 10792, 10796, 10800, 10804, 10808, 10812, 10816, 10820, 10824, 10828, 10832, 10836, 10840, 10844, 10848, 10852, 10856, 10860, 10864, 10868, 10872, 10876, 10880, 10884, 10888, 10892, 10896, 10900, 10904, 10908, 10912, 10916, 10920, 10924, 10928, 10932, 10936, 10940, 10944, 10948, 10952, 10956, 10960, 10964, 10968, 10972, 10976, 10980, 10984, 10988, 10992, 10996, 11000, 11004, 11008, 11012, 11016, 11020, 11024, 11028, 11032, 11036, 11040, 11044, 11048, 11052, 11056, 11060, 11064, 11068, 11072, 11076, 11080, 11084, 11088, 11092, 11096, 11100, 11104, 11108, 11112, 11116, 11120, 11124, 11128, 11132, 11136, 11140, 11144, 11148, 11152, 11156, 11160, 11164, 11168, 11172, 11176, 11180, 11184, 11188, 11192, 11196, 11200, 11204, 11208, 11212, 11216, 11220, 11224, 11228, 11232, 11236, 11240, 11244, 11248, 11252, 11256, 11260, 11264, 11268, 11272, 11276, 11280, 11284, 11288, 11292, 11296, 11300, 11304, 11308, 11312, 11316, 11320, 11324, 11328, 11332, 11336, 11340, 11344, 11348, 11352, 11356, 11360, 11364, 11368, 11372, 11376, 11380, 11384, 11388, 11392, 11396, 11400, 11404, 11408, 11412, 11416, 11420, 11424, 11428, 11432, 11436, 11440, 11444, 11448, 11452, 11456, 11460, 11464, 11468, 11472, 11476, 11480, 11484, 11488, 11492, 11496, 11500, 11504, 11508, 11512, 11516, 11520, 11524, 11528, 11532, 11536, 11540, 11544, 11548, 11552, 11556, 11560, 11564, 11568, 11572, 11576, 11580, 11584, 11588, 11592, 11596, 11600, 11604, 11608, 11612, 11616, 11620, 11624, 11628, 11632, 11636, 11640, 11644, 11648, 11652, 11656, 11660, 11664, 11668, 11672, 11676, 11680, 11684, 11688, 11692, 11696, 11700, 11704, 11708, 11712, 11716, 11720, 11724, 11728, 11732, 11736, 11740, 11744, 11748, 11752, 11756, 11760, 11764, 11768, 11772, 11776, 11780, 11784, 11788, 11792, 11796, 11800, 11804, 11808, 11812, 11816, 11820, 11824, 11828, 11832, 11836, 11840, 11844, 11848, 11852, 11856, 11860, 11864, 11868, 11872, 11876, 11880, 11884, 11888, 11892, 11896, 11900, 11904, 11908, 11912, 11916, 11920, 11924, 11928, 11932, 11936, 11940, 11944, 11948, 11952, 11956, 11960, 11964, 11968, 11972, 11976, 11980, 11984, 11988, 11992, 11996, 12000, 12004, 12008, 12012, 12016, 12020, 12024, 12028, 12032, 12036, 12040, 12044, 12048, 12052, 12056, 12060, 12064, 12068, 12072, 12076, 12080, 12084, 12088, 12092, 12096, 12100, 12104, 12108, 12112, 12116, 12120, 12124, 12128, 12132, 12136, 12140, 12144, 12148, 12152, 12156, 12160, 12164, 12168, 12172, 12176, 12180, 12184, 12188, 12192, 12196, 12200, 12204, 12208, 12212, 12216, 12220, 12224, 12228, 12232, 12236, 12240, 12244, 12248, 12252, 12256, 12260, 12264, 12268, 12272, 12276, 12280, 12284, 12288, 12292, 12296, 12300, 12304, 12308, 12312, 12316, 12320, 12324, 12328, 12332, 12336, 12340, 12344, 12348, 12352, 12356, 12360, 12364, 12368, 12372, 12376, 12380, 12384, 12388, 12392, 12396, 12400, 12404, 12408, 12412, 12416, 12420, 12424, 12428, 12432, 12436, 12440, 12444, 12448, 12452, 12456, 12460, 12464, 12468, 12472, 12476, 12480, 12484, 12488, 12492, 12496, 12500, 12504, 12508, 12512, 12516, 12520, 12524, 12528, 12532, 12536, 12540, 12544, 12548, 12552, 12556, 12560, 12564, 12568, 12572, 12576, 12580, 12584, 12588, 12592, 12596, 12600, 12604, 12608, 12612, 12616, 12620, 12624, 12628, 12632, 12636, 12640, 12644, 12648, 12652, 12656, 12660, 12664, 12668, 12672, 12676, 12680, 12684, 12688, 12692, 12696, 12700, 12704, 12708, 12712, 12716, 12720, 12724, 12728, 12732, 12736, 12740, 12744, 12748, 12752, 12756, 12760, 12764, 12768, 12772, 12776, 12780, 12784, 12788, 12792, 12796, 12800, 12804, 12808, 12812, 12816, 12820, 12824, 12828, 12832, 12836, 12840, 12844, 12848, 12852, 12856, 12860, 12864, 12868, 12872, 12876, 12880, 12884, 12888, 12892, 12896, 12900, 12904, 12908, 12912, 12916, 12920, 12924, 12928, 12932, 12936, 12940, 12944, 12948, 12952, 12956, 12960, 12964, 12968, 12972, 12976, 12980, 12984, 12988, 12992, 12996, 13000, 13004, 13008, 13012, 13016, 13020, 13024, 13028, 13032, 13036, 13040, 13044, 13048, 13052, 13056, 13060, 13064, 13068, 13072, 13076, 13080, 13084, 13088, 13092, 13096, 13100, 13104, 13108, 13112, 13116, 13120, 13124, 13128, 13132, 13136, 13140, 13144, 13148, 13152, 13156, 13160, 13164, 13168, 13172, 13176, 13180, 13184, 13188, 13192, 13196, 13200, 13204, 13208, 13212, 13216, 13220, 13224, 13228, 13232, 13236, 13240, 13244, 13248, 13252, 13256, 13260, 13264, 13268, 13272, 13276, 13280, 13284, 13288, 13292, 13296, 13300, 13304, 13308, 13312, 13316, 13320, 13324, 13328, 13332, 13336, 13340, 13344, 13348, 13352, 13356, 13360, 13364, 13368, 13372, 13376, 13380, 13384, 13388, 13392, 13396, 13400, 13404, 13408, 13412, 13416, 13420, 13424, 13428, 13432, 13436, 13440, 13444, 13448, 13452, 13456, 13460, 13464, 13468, 13472, 13476, 13480, 13484, 13488, 13492, 13496, 13500, 13504, 13508, 13512, 13516, 13520, 13524, 13528, 13532, 13536, 13540, 13544, 13548, 13552, 13556, 13560, 13564, 13568, 13572, 13576, 13580, 13584, 13588, 13592, 13596, 13600, 13604, 13608, 13612, 13616, 13620, 13624, 13628, 13632, 13636, 13640, 13644, 13648, 13652, 13656, 13660, 13664, 13668, 13672, 13676, 13680, 13684, 13688, 13692, 13696, 13700, 13704, 13708, 13712, 13716, 13720, 13724, 13728, 13732, 13736, 13740, 13744, 13748, 13752, 13756, 13760, 13764, 13768, 13772, 13776, 13780, 13784, 13788, 13792, 13796, 13800, 13804, 13808, 13812, 13816, 13820, 13824, 13828, 13832, 13836, 13840, 13844, 13848, 13852, 13856, 13860, 13864, 13868, 13872, 13876, 13880, 13884, 13888, 13892, 13896, 13900, 13904, 13908, 13912, 13916, 13920, 13924, 13928, 13932, 13936, 13940, 13944, 13948, 13952, 13956, 13960, 13964, 13968, 13972, 13976, 13980, 13984, 13988, 13992, 13996, 14000, 14004, 14008, 14012, 14016, 14020, 14024, 14028, 14032, 14036, 14040, 14044, 14048, 14052, 14056, 14060, 14064, 14068, 14072, 14076, 14080, 14084, 14088, 14092, 14096, 14100, 14104, 14108, 14112, 14116, 14120, 14124, 14128, 14132, 14136, 14140, 14144, 14148, 14152, 14156, 14160, 14164, 14168, 14172, 14176, 14180, 14184, 14188, 14192, 14196, 14200, 14204, 14208, 14212, 14216, 14220, 14224, 14228, 14232, 14236, 14240, 14244, 14248, 14252, 14256, 14260, 14264, 14268, 14272, 14276, 14280, 14284, 14288, 14292, 14296, 14300, 14304, 14308, 14312, 14316, 14320, 14324, 14328, 14332, 14336, 14340, 14344, 14348, 14352, 14356, 14360, 14364, 14368, 14372, 14376, 14380, 14384, 14388, 14392, 14396, 14400, 14404, 14408, 14412, 14416, 14420, 14424, 14428, 14432, 14436, 14440, 14444, 14448, 14452, 14456, 14460, 14464, 14468, 14472, 14476, 14480, 14484, 14488, 14492, 14496, 14500, 14504, 14508, 14512, 14516, 14520, 14524, 14528, 14532, 14536, 14540, 14544, 14548, 14552, 14556, 14560, 14564, 14568, 14572, 14576, 14580, 14584, 14588, 14592, 14596, 14600, 14604, 14608, 14612, 14616, 14620, 14624, 14628, 14632, 14636, 14640, 14644, 14648, 14652, 14656, 14660, 14664, 14668, 14672, 14676, 14680, 14684, 14688, 14692, 14696, 14700, 14704, 14708, 14712, 14716, 14720, 14724, 14728, 14732, 14736, 14740, 14744, 14748, 14752, 14756, 14760, 14764, 14768, 14772, 14776, 14780, 14784, 14788, 14792, 14796, 14800, 14804, 14808, 14812, 14816, 14820, 14824, 14828, 14832, 14836, 14840, 14844, 14848, 14852, 14856, 14860, 14864, 14868, 14872, 14876, 14880, 14884, 14888, 14892, 14896, 14900, 14904, 14908, 14912, 14916, 14920, 14924, 14928, 14932, 14936, 14940, 14944, 14948, 14952, 14956, 14960, 14964, 14968, 14972, 14976, 14980, 14984, 14988, 14992, 14996, 15000, 15004, 15008, 15012, 15016, 15020, 15024, 15028, 15032, 15036, 15040, 15044, 15048, 15052, 15056, 15060, 15064, 15068, 15072, 15076, 15080, 15084, 15088, 15092, 15096, 15100, 15104, 15108, 15112, 15116, 15120, 15124, 15128, 15132, 15136, 15140, 15144, 15148, 15152, 15156, 15160, 15164, 15168, 15172, 15176, 15180, 15184, 15188, 15192, 15196, 15200, 15204, 15208, 15212, 15216, 15220, 15224, 15228, 15232, 15236, 15240, 15244, 15248, 15252, 15256, 15260, 15264, 15268, 15272, 15276, 15280, 15284, 15288, 15292, 15296, 15300, 15304, 15308, 15312, 15316, 15320, 15324, 15328, 15332, 15336, 15340, 15344, 15348, 15352, 15356, 15360, 15364, 15368, 15372, 15376, 15380, 15384, 15388, 15392, 15396, 15400, 15404, 15408, 15412, 15416, 15420, 15424, 15428, 15432, 15436, 15440, 15444, 15448, 15452, 15456, 15460, 15464, 15468, 15472, 15476, 15480, 15484, 15488, 15492, 15496, 15500, 15504, 15508, 15512, 15516, 15520, 15524, 15528, 15532, 15536, 15540, 15544, 15548, 15552, 15556, 15560, 15564, 15568, 15572, 15576, 15580, 15584, 15588, 15592, 15596, 15600, 15604, 15608, 15612, 15616, 15620, 15624, 15628, 15632, 15636, 15640, 15644, 15648, 15652, 15656, 15660, 15664, 15668, 15672, 15676, 15680, 15684, 15688, 15692, 15696, 15700, 15704, 15708, 15712, 15716, 15720, 15724, 15728, 15732, 15736, 15740, 15744, 15748, 15752, 15756, 15760, 15764, 15768, 15772, 15776, 15780, 15784, 15788, 15792, 15796, 15800, 15804, 15808, 15812, 15816, 15820, 15824, 15828, 15832, 15836, 15840, 15844, 15848, 15852, 15856, 15860, 15864, 15868, 15872, 15876, 15880, 15884, 15888, 15892, 15896, 15900, 15904, 15908, 15912, 15916, 15920, 15924, 15928, 15932, 15936, 15940, 15944, 15948, 15952, 15956, 15960, 15964, 15968, 15972, 15976, 15980, 15984, 15988, 15992, 15996, 16000, 16004, 16008, 16012, 16016, 16020, 16024, 16028, 16032, 16036, 16040, 16044, 16048, 16052, 16056, 16060, 16064, 16068, 16072, 16076, 16080, 16084, 16088, 16092, 16096, 16100, 16104, 16108, 16112, 16116, 16120, 16124, 16128, 16132, 16136, 16140, 16144, 16148, 16152, 16156, 16160, 16164, 16168, 16172, 16176, 16180, 16184, 16188, 16192, 16196, 16200, 16204, 16208, 16212, 16216, 16220, 16224, 16228, 16232, 16236, 16240, 16244, 16248, 16252, 16256, 16260, 16264, 16268, 16272, 16276, 16280, 16284, 16288, 16292, 16296, 16300, 16304, 16308, 16312, 16316, 16320, 16324, 16328, 16332, 16336, 16340, 16344, 16348, 16352, 16356, 16360, 16364, 16368, 16372, 16376, 16380, 16384, 16388, 16392, 16396, 16400, 16404, 16408, 16412, 16416, 16420, 16424, 16428, 16432, 16436, 16440, 16444, 16448, 16452, 16456, 16460, 16464, 16468, 16472, 16476, 16480, 16484, 16488, 16492, 16496, 16500, 16504, 16508, 16512, 16516, 16520, 16524, 16528, 16532, 16536, 16540, 16544, 16548, 16552, 16556, 16560, 16564, 16568, 16572, 16576, 16580, 16584, 16588, 16592, 16596, 16600, 16604, 16608, 16612, 16616, 16620, 16624, 16628, 16632, 16636, 16640, 16644, 16648, 16652, 16656, 16660, 16664, 16668, 16672, 16676, 16680, 16684, 16688, 16692, 16696, 16700, 16704, 16708, 16712, 16716, 16720, 16724, 16728, 16732, 16736, 16740, 16744, 16748, 16752, 16756, 16760, 16764, 16768, 16772, 16776, 16780, 16784, 16788, 16792, 16796, 16800, 16804, 16808, 16812, 16816, 16820, 16824, 16828, 16832, 16836, 16840, 16844, 16848, 16852, 16856, 16860, 16864, 16868, 16872, 16876, 16880, 16884, 16888, 16892, 16896, 16900, 16904, 16908, 16912, 16916, 16920, 16924, 16928, 16932, 16936, 16940, 16944, 16948, 16952, 16956, 16960, 16964, 16968, 16972, 16976, 16980, 16984, 16988, 16992, 16996, 17000, 17004, 17008, 17012, 17016, 17020, 17024, 17028, 17032, 17036, 17040, 17044, 17048, 17052, 17056, 17060, 17064, 17068, 17072, 17076, 17080, 17084, 17088, 17092, 17096, 17100, 17104, 17108, 17112, 17116, 17120, 17124, 17128, 17132, 17136, 17140, 17144, 17148, 17152, 17156, 17160, 17164, 17168, 17172, 17176, 17180, 17184, 17188, 17192, 17196, 17200, 17204, 17208, 17212, 17216, 17220, 17224, 17228, 17232, 17236, 17240, 17244, 17248, 17252, 17256, 17260, 17264, 17268, 17272, 17276, 17280, 17284, 17288, 17292, 17296, 17300, 17304, 17308, 17312, 17316, 17320, 17324, 17328, 17332, 17336, 17340, 17344, 17348, 17352, 17356, 17360, 17364, 17368, 17372, 17376, 17380, 17384, 17388, 17392, 17396, 17400, 17404, 17408, 17412, 17416, 17420, 17424, 17428, 17432, 17436, 17440, 17444, 17448, 17452, 17456, 17460, 17464, 17468, 17472, 17476, 17480, 17484, 17488, 17492, 17496, 17500, 17504, 17508, 17512, 17516, 17520, 17524, 17528, 17532, 17536, 17540, 17544, 17548, 17552, 17556, 17560, 17564, 17568, 17572, 17576, 17580, 17584, 17588, 17592, 17596, 17600, 17604, 17608, 17612, 17616, 17620, 17624, 17628, 17632, 17636, 17640, 17644, 17648, 17652, 17656, 17660, 17664, 17668, 17672, 17676, 17680, 17684, 17688, 17692, 17696, 17700, 17704, 17708, 17712, 17716, 17720, 17724, 17728, 17732, 17736, 17740, 17744, 17748, 17752, 17756, 17760, 17764, 17768, 17772, 17776, 17780, 17784, 17788, 17792, 17796, 17800, 17804, 17808, 17812, 17816, 17820, 17824, 17828, 17832, 17836, 17840, 17844, 17848, 17852, 17856, 17860, 17864, 17868, 17872, 17876, 17880, 17884, 17888, 17892, 17896, 17900, 17904, 17908, 17912, 17916, 17920, 17924, 17928, 17932, 17936, 17940, 17944, 17948, 17952, 17956, 17960, 17964, 17968, 17972, 17976, 17980, 17984, 17988, 17992, 17996, 18000, 18004, 18008, 18012, 18016, 18020, 18024, 18028, 18032, 18036, 18040, 18044, 18048, 18052, 18056, 18060, 18064, 18068, 18072, 18076, 18080, 18084, 18088, 18092, 18096, 18100, 18104, 18108, 18112, 18116, 18120, 18124, 18128, 18132, 18136, 18140, 18144, 18148, 18152, 18156, 18160, 18164, 18168, 18172, 18176, 18180, 18184, 18188, 18192, 18196, 18200, 18204, 18208, 18212, 18216, 18220, 18224, 18228, 18232, 18236, 18240, 18244, 18248, 18252, 18256, 18260, 18264, 18268, 18272, 18276, 18280, 18284, 18288, 18292, 18296, 18300, 18304, 18308, 18312, 18316, 18320, 18324, 18328, 18332, 18336, 18340, 18344, 18348, 18352, 18356, 18360, 18364, 18368, 18372, 18376, 18380, 18384, 18388, 18392, 18396, 18400, 18404, 18408, 18412, 18416, 18420, 18424, 18428, 18432, 18436, 18440, 18444, 18448, 18452, 18456, 18460, 18464, 18468, 18472, 18476, 18480, 18484, 18488, 18492, 18496, 18500, 18504, 18508, 18512, 18516, 18520, 18524, 18528, 18532, 18536, 18540, 18544, 18548, 18552, 18556, 18560, 18564, 18568, 18572, 18576, 18580, 18584, 18588, 18592, 18596, 18600, 18604, 18608, 18612, 18616, 18620, 18624, 18628, 18632, 18636, 18640, 18644, 18648, 18652, 18656, 18660, 18664, 18668, 18672, 18676, 18680, 18684, 18688, 18692, 18696, 18700, 18704, 18708, 18712, 18716, 18720, 18724, 18728, 18732, 18736, 18740, 18744, 18748, 18752, 18756, 18760, 18764, 18768, 18772, 18776, 18780, 18784, 18788, 18792, 18796, 18800, 18804, 18808, 18812, 18816, 18820, 18824, 18828, 18832, 18836, 18840, 18844, 18848, 18852, 18856, 18860, 18864, 18868, 18872, 18876, 18880, 18884, 18888, 18892, 18896, 18900, 18904, 18908, 18912, 18916, 18920, 18924, 18928, 18932, 18936, 18940, 18944, 18948, 18952, 18956, 18960, 18964, 18968, 18972, 18976, 18980, 18984, 18988, 18992, 18996, 19000, 19004, 19008, 19012, 19016, 19020, 19024, 19028, 19032, 19036, 19040, 19044, 19048, 19052, 19056, 19060, 19064, 19068, 19072, 19076, 19080, 19084, 19088, 19092, 19096, 19100, 19104, 19108, 19112, 19116, 19120, 19124, 19128, 19132, 19136, 19140, 19144, 19148, 19152, 19156, 19160, 19164, 19168, 19172, 19176, 19180, 19184, 19188, 19192, 19196, 19200, 19204, 19208, 19212, 19216, 19220, 19224, 19228, 19232, 19236, 19240, 19244, 19248, 19252, 19256, 19260, 19264, 19268, 19272, 19276, 19280, 19284, 19288, 19292, 19296, 19300, 19304, 19308, 19312, 19316, 19320, 19324, 19328, 19332, 19336, 19340, 19344, 19348, 19352, 19356, 19360, 19364, 19368, 19372, 19376, 19380, 19384, 19388, 19392, 19396, 19400, 19404, 19408, 19412, 19416, 19420, 19424, 19428, 19432, 19436, 19440, 19444, 19448, 19452, 19456, 19460, 19464, 19468, 19472, 19476, 19480, 19484, 19488, 19492, 19496, 19500, 19504, 19508, 19512, 19516, 19520, 19524, 19528, 19532, 19536, 19540, 19544, 19548, 19552, 19556, 19560, 19564, 19568, 19572, 19576, 19580, 19584, 19588, 19592, 19596, 19600, 19604, 19608, 19612, 19616, 19620, 19624, 19628, 19632, 19636, 19640, 19644, 19648, 19652, 19656, 19660, 19664, 19668, 19672, 19676, 19680, 19684, 19688, 19692, 19696, 19700, 19704, 19708, 19712, 19716, 19720, 19724, 19728, 19732, 19736, 19740, 19744, 19748, 19752, 19756, 19760, 19764, 19768, 19772, 19776, 19780, 19784, 19788, 19792, 19796, 19800, 19804, 19808, 19812, 19816, 19820, 19824, 19828, 19832, 19836, 19840, 19844, 19848, 19852, 19856, 19860, 19864, 19868, 19872, 19876, 19880, 19884, 19888, 19892, 19896, 19900, 19904, 19908, 19912, 19916, 19920, 19924, 19928, 19932, 19936, 19940, 19944, 19948, 19952, 19956, 19960, 19964, 19968, 19972, 19976, 19980, 19984, 19988, 19992, 19996, 20000, 20004, 20008, 20012, 20016, 20020, 20024, 20028, 20032, 20036, 20040, 20044, 20048, 20052, 20056, 20060, 20064, 20068, 20072, 20076, 20080, 20084, 20088, 20092, 20096, 20100, 20104, 20108, 20112, 20116, 20120, 20124, 20128, 20132, 20136, 20140, 20144, 20148, 20152, 20156, 20160, 20164, 20168, 20172, 20176, 20180, 20184, 20188, 20192, 20196, 20200, 20204, 20208, 20212, 20216, 20220, 20224, 20228, 20232, 20236, 20240, 20244, 20248, 20252, 20256, 20260, 20264, 20268, 20272, 20276, 20280, 20284, 20288, 20292, 20296, 20300, 20304, 20308, 20312, 20316, 20320, 20324, 20328, 20332, 20336, 20340, 20344, 20348, 20352, 20356, 20360, 20364, 20368, 20372, 20376, 20380, 20384, 20388, 20392, 20396, 20400, 20404, 20408, 20412, 20416, 20420, 20424, 20428, 20432, 20436, 20440, 20444, 20448, 20452, 20456, 20460, 20464, 20468, 20472, 20476, 20480, 20484, 20488, 20492, 20496, 20500, 20504, 20508, 20512, 20516, 20520, 20524, 20528, 20532, 20536, 20540, 20544, 20548, 20552, 20556, 20560, 20564, 20568, 20572, 20576, 20580, 20584, 20588, 20592, 20596, 20600, 20604, 20608, 20612, 20616, 20620, 20624, 20628, 20632, 20636, 20640, 20644, 20648, 20652, 20656, 20660, 20664, 20668, 20672, 20676, 20680, 20684, 20688, 20692, 20696, 20700, 20704, 20708, 20712, 20716, 20720, 20724, 20728, 20732, 20736, 20740, 20744, 20748, 20752, 20756, 20760, 20764, 20768, 20772, 20776, 20780, 20784, 20788, 20792, 20796, 20800, 20804, 20808, 20812, 20816, 20820, 20824, 20828, 20832, 20836, 20840, 20844, 20848, 20852, 20856, 20860, 20864, 20868, 20872, 20876, 20880, 20884, 20888, 20892, 20896, 20900, 20904, 20908, 20912, 20916, 20920, 20924, 20928, 20932, 20936, 20940, 20944, 20948, 20952, 20956, 20960, 20964, 20968, 20972, 20976, 20980, 20984, 20988, 20992, 20996, 21000, 21004, 21008, 21012, 21016, 21020, 21024, 21028, 21032, 21036, 21040, 21044, 21048, 21052, 21056, 21060, 21064, 21068, 21072, 21076, 21080, 21084, 21088, 21092, 21096, 21100, 21104, 21108, 21112, 21116, 21120, 21124, 21128, 21132, 21136, 21140, 21144, 21148, 21152, 21156, 21160, 21164, 21168, 21172, 21176, 21180, 21184, 21188, 21192, 21196, 21200, 21204, 21208, 21212, 21216, 21220, 21224, 21228, 21232, 21236, 21240, 21244, 21248, 21252, 21256, 21260, 21264, 21268, 21272, 21276, 21280, 21284, 21288, 21292, 21296, 21300, 21304, 21308, 21312, 21316, 21320, 21324, 21328, 21332, 21336, 21340, 21344, 21348, 21352, 21356, 21360, 21364, 21368, 21372, 21376, 21380, 21384, 21388, 21392, 21396, 21400, 21404, 21408, 21412, 21416, 21420, 21424, 21428, 21432, 21436, 21440, 21444, 21448, 21452, 21456, 21460, 21464, 21468, 21472, 21476, 21480, 21484, 21488, 21492, 21496, 21500, 21504, 21508, 21512, 21516, 21520, 21524, 21528, 21532, 21536, 21540, 21544, 21548, 21552, 21556, 21560, 21564, 21568, 21572, 21576, 21580, 21584, 21588, 21592, 21596, 21600, 21604, 21608, 21612, 21616, 21620, 21624, 21628, 21632, 21636, 21640, 21644, 21648, 21652, 21656, 21660, 21664, 21668, 21672, 21676, 21680, 21684, 21688, 21692, 21696, 21700, 21704, 21708, 21712, 21716, 21720, 21724, 21728, 21732, 21736, 21740, 21744, 21748, 21752, 21756, 21760, 21764, 21768, 21772, 21776, 21780, 21784, 21788, 21792, 21796, 21800, 21804, 21808, 21812, 21816, 21820, 21824, 21828, 21832, 21836, 21840, 21844, 21848, 21852, 21856, 21860, 21864, 21868, 21872, 21876, 21880, 21884, 21888, 21892, 21896, 21900, 21904, 21908, 21912, 21916, 21920, 21924, 21928, 21932, 21936, 21940, 21944, 21948, 21952, 21956, 21960, 21964, 21968, 21972, 21976, 21980, 21984, 21988, 21992, 21996, 22000, 22004, 22008, 22012, 22016, 22020, 22024, 22028, 22032, 22036, 22040, 22044, 22048, 22052, 22056, 22060, 22064, 22068, 22072, 22076, 22080, 22084, 22088, 22092, 22096, 22100, 22104, 22108, 22112, 22116, 22120, 22124, 22128, 22132, 22136, 22140, 22144, 22148, 22152, 22156, 22160, 22164, 22168, 22172, 22176, 22180, 22184, 22188, 22192, 22196, 22200, 22204, 22208, 22212, 22216, 22220, 22224, 22228, 22232, 22236, 22240, 22244, 22248, 22252, 22256, 22260, 22264, 22268, 22272, 22276, 22280, 22284, 22288, 22292, 22296, 22300, 22304, 22308, 22312, 22316, 22320, 22324, 22328, 22332, 22336, 22340, 22344, 22348, 22352, 22356, 22360, 22364, 22368, 22372, 22376, 22380, 22384, 22388, 22392, 22396, 22400, 22404, 22408, 22412, 22416, 22420, 22424, 22428, 22432, 22436, 22440, 22444, 22448, 22452, 22456, 22460, 22464, 22468, 22472, 22476, 22480, 22484, 22488, 22492, 22496, 22500, 22504, 22508, 22512, 22516, 22520, 22524, 22528, 22532, 22536, 22540, 22544, 22548, 22552, 22556, 22560, 22564, 22568, 22572, 22576, 22580, 22584, 22588, 22592, 22596, 22600, 22604, 22608, 22612, 22616, 22620, 22624, 22628, 22632, 22636, 22640, 22644, 22648, 22652, 22656, 22660, 22664, 22668, 22672, 22676, 22680, 22684, 22688, 22692, 22696, 22700, 22704, 22708, 22712, 22716, 22720, 22724, 22728, 22732, 22736, 22740, 22744, 22748, 22752, 22756, 22760, 22764, 22768, 22772, 22776, 22780, 22784, 22788, 22792, 22796, 22800, 22804, 22808, 22812, 22816, 22820, 22824, 22828, 22832, 22836, 22840, 22844, 22848, 22852, 22856, 22860, 22864, 22868, 22872, 22876, 22880, 22884, 22888, 22892, 22896, 22900, 22904, 22908, 22912, 22916, 22920, 22924, 22928, 22932, 22936, 22940, 22944, 22948, 22952, 22956, 22960, 22964, 22968, 22972, 22976, 22980, 22984, 22988, 22992, 22996, 23000, 23004, 23008, 23012, 23016, 23020, 23024, 23028, 23032, 23036, 23040, 23044, 23048, 23052, 23056, 23060, 23064, 23068, 23072, 23076, 23080, 23084, 23088, 23092, 23096, 23100, 23104, 23108, 23112, 23116, 23120, 23124, 23128, 23132, 23136, 23140, 23144, 23148, 23152, 23156, 23160, 23164, 23168, 23172, 23176, 23180, 23184, 23188, 23192, 23196, 23200, 23204, 23208, 23212, 23216, 23220, 23224, 23228, 23232, 23236, 23240, 23244, 23248, 23252, 23256, 23260, 23264, 23268, 23272, 23276, 23280, 23284, 23288, 23292, 23296, 23300, 23304, 23308, 23312, 23316, 23320, 23324, 23328, 23332, 23336, 23340, 23344, 23348, 23352, 23356, 23360, 23364, 23368, 23372, 23376, 23380, 23384, 23388, 23392, 23396, 23400, 23404, 23408, 23412, 23416, 23420, 23424, 23428, 23432, 23436, 23440, 23444, 23448, 23452, 23456, 23460, 23464, 23468, 23472, 23476, 23480, 23484, 23488, 23492, 23496, 23500, 23504, 23508, 23512, 23516, 23520, 23524, 23528, 23532, 23536, 23540, 23544, 23548, 23552, 23556, 23560, 23564, 23568, 23572, 23576, 23580, 23584, 23588, 23592, 23596, 23600, 23604, 23608, 23612, 23616, 23620, 23624, 23628, 23632, 23636, 23640, 23644, 23648, 23652, 23656, 23660, 23664, 23668, 23672, 23676, 23680, 23684, 23688, 23692, 23696, 23700, 23704, 23708, 23712, 23716, 23720, 23724, 23728, 23732, 23736, 23740, 23744, 23748, 23752, 23756, 23760, 23764, 23768, 23772, 23776, 23780, 23784, 23788, 23792, 23796, 23800, 23804, 23808, 23812, 23816, 23820, 23824, 23828, 23832, 23836, 23840, 23844, 23848, 23852, 23856, 23860, 23864, 23868, 23872, 23876, 23880, 23884, 23888, 23892, 23896, 23900, 23904, 23908, 23912, 23916, 23920, 23924, 23928, 23932, 23936, 23940, 23944, 23948, 23952, 23956, 23960, 23964, 23968, 23972, 23976, 23980, 23984, 23988, 23992, 23996, 24000, 24004, 24008, 24012, 24016, 24020, 24024, 24028, 24032, 24036, 24040, 24044, 24048, 24052, 24056, 24060, 24064, 24068, 24072, 24076, 24080, 24084, 24088, 24092, 24096, 24100, 24104, 24108, 24112, 24116, 24120, 24124, 24128, 24132, 24136, 24140, 24144, 24148, 24152, 24156, 24160, 24164, 24168, 24172, 24176, 24180, 24184, 24188, 24192, 24196, 24200, 24204, 24208, 24212, 24216, 24220, 24224, 24228, 24232, 24236, 24240, 24244, 24248, 24252, 24256, 24260, 24264, 24268, 24272, 24276, 24280, 24284, 24288, 24292, 24296, 24300, 24304, 24308, 24312, 24316, 24320, 24324, 24328, 24332, 24336, 24340, 24344, 24348, 24352, 24356, 24360, 24364, 24368, 24372, 24376, 24380, 24384, 24388, 24392, 24396, 24400, 24404, 24408, 24412, 24416, 24420, 24424, 24428, 24432, 24436, 24440, 24444, 24448, 24452, 24456, 24460, 24464, 24468, 24472, 24476, 24480, 24484, 24488, 24492, 24496, 24500, 24504, 24508, 24512, 24516, 24520, 24524, 24528, 24532, 24536, 24540, 24544, 24548, 24552, 24556, 24560, 24564, 24568, 24572, 24576, 24580, 24584, 24588, 24592, 24596, 24600, 24604, 24608, 24612, 24616, 24620, 24624, 24628, 24632, 24636, 24640, 24644, 24648, 24652, 24656, 24660, 24664, 24668, 24672, 24676, 24680, 24684, 24688, 24692, 24696, 24700, 24704, 24708, 24712, 24716, 24720, 24724, 24728, 24732, 24736, 24740, 24744, 24748, 24752, 24756, 24760, 24764, 24768, 24772, 24776, 24780, 24784, 24788, 24792, 24796, 24800, 24804, 24808, 24812, 24816, 24820, 24824, 24828, 24832, 24836, 24840, 24844, 24848, 24852, 24856, 24860, 24864, 24868, 24872, 24876, 24880, 24884, 24888, 24892, 24896, 24900, 24904, 24908, 24912, 24916, 24920, 24924, 24928, 24932, 24936, 24940, 24944, 24948, 24952, 24956, 24960, 24964, 24968, 24972, 24976, 24980, 24984, 24988, 24992, 24996, 25000, 25004, 25008, 25012, 25016, 25020, 25024, 25028, 25032, 25036, 25040, 25044, 25048, 25052, 25056, 25060, 25064, 25068, 25072, 25076, 25080, 25084, 25088, 25092, 25096, 25100, 25104, 25108, 25112, 25116, 25120, 25124, 25128, 25132, 25136, 25140, 25144, 25148, 25152, 25156, 25160, 25164, 25168, 25172, 25176, 25180, 25184, 25188, 25192, 25196, 25200, 25204, 25208, 25212, 25216, 25220, 25224, 25228, 25232, 25236, 25240, 25244, 25248, 25252, 25256, 25260, 25264, 25268, 25272, 25276, 25280, 25284, 25288, 25292, 25296, 25300, 25304, 25308, 25312, 25316, 25320, 25324, 25328, 25332, 25336, 25340, 25344, 25348, 25352, 25356, 25360, 25364, 25368, 25372, 25376, 25380, 25384, 25388, 25392, 25396, 25400, 25404, 25408, 25412, 25416, 25420, 25424, 25428, 25432, 25436, 25440, 25444, 25448, 25452, 25456, 25460, 25464, 25468, 25472, 25476, 25480, 25484, 25488, 25492, 25496, 25500, 25504, 25508, 25512, 25516, 25520, 25524, 25528, 25532, 25536, 25540, 25544, 25548, 25552, 25556, 25560, 25564, 25568, 25572, 25576, 25580, 25584, 25588, 25592, 25596, 25600, 25604, 25608, 25612, 25616, 25620, 25624, 25628, 25632, 25636, 25640, 25644, 25648, 25652, 25656, 25660, 25664, 25668, 25672, 25676, 25680, 25684, 25688, 25692, 25696, 25700, 25704, 25708, 25712, 25716, 25720, 25724, 25728, 25732, 25736, 25740, 25744, 25748, 25752, 25756, 25760, 25764, 25768, 25772, 25776, 25780, 25784, 25788, 25792, 25796, 25800, 25804, 25808, 25812, 25816, 25820, 25824, 25828, 25832, 25836, 25840, 25844, 25848, 25852, 25856, 25860, 25864, 25868, 25872, 25876, 25880, 25884, 25888, 25892, 25896, 25900, 25904, 25908, 25912, 25916, 25920, 25924, 25928, 25932, 25936, 25940, 25944, 25948, 25952, 25956, 25960, 25964, 25968, 25972, 25976, 25980, 25984, 25988, 25992, 25996, 26000, 26004, 26008, 26012, 26016, 26020, 26024, 26028, 26032, 26036, 26040, 26044, 26048, 26052, 26056, 26060, 26064, 26068, 26072, 26076, 26080, 26084, 26088, 26092, 26096, 26100, 26104, 26108, 26112, 26116, 26120, 26124, 26128, 26132, 26136, 26140, 26144, 26148, 26152, 26156, 26160, 26164, 26168, 26172, 26176, 26180, 26184, 26188, 26192, 26196, 26200, 26204, 26208, 26212, 26216, 26220, 26224, 26228, 26232, 26236, 26240, 26244, 26248, 26252, 26256, 26260, 26264, 26268, 26272, 26276, 26280, 26284, 26288, 26292, 26296, 26300, 26304, 26308, 26312, 26316, 26320, 26324, 26328, 26332, 26336, 26340, 26344, 26348, 26352, 26356, 26360, 26364, 26368, 26372, 26376, 26380, 26384, 26388, 26392, 26396, 26400, 26404, 26408, 26412, 26416, 26420, 26424, 26428, 26432, 26436, 26440, 26444, 26448, 26452, 26456, 26460, 26464, 26468, 26472, 26476, 26480, 26484, 26488, 26492, 26496, 26500, 26504, 26508, 26512, 26516, 26520, 26524, 26528, 26532, 26536, 26540, 26544, 26548, 26552, 26556, 26560, 26564, 26568, 26572, 26576, 26580, 26584, 26588, 26592, 26596, 26600, 26604, 26608, 26612, 26616, 26620, 26624, 26628, 26632, 26636, 26640, 26644, 26648, 26652, 26656, 26660, 26664, 26668, 26672, 26676, 26680, 26684, 26688, 26692, 26696, 26700, 26704, 26708, 26712, 26716, 26720, 26724, 26728, 26732, 26736, 26740, 26744, 26748, 26752, 26756, 26760, 26764, 26768, 26772, 26776, 26780, 26784, 26788, 26792, 26796, 26800, 26804, 26808, 26812, 26816, 26820, 26824, 26828, 26832, 26836, 26840, 26844, 26848, 26852, 26856, 26860, 26864, 26868, 26872, 26876, 26880, 26884, 26888, 26892, 26896, 26900, 26904, 26908, 26912, 26916, 26920, 26924, 26928, 26932, 26936, 26940, 26944, 26948, 26952, 26956, 26960, 26964, 26968, 26972, 26976, 26980, 26984, 26988, 26992, 26996, 27000, 27004, 27008, 27012, 27016, 27020, 27024, 27028, 27032, 27036, 27040, 27044, 27048, 27052, 27056, 27060, 27064, 27068, 27072, 27076, 27080, 27084, 27088, 27092, 27096, 27100, 27104, 27108, 27112, 27116, 27120, 27124, 27128, 27132, 27136, 27140, 27144, 27148, 27152, 27156, 27160, 27164, 27168, 27172, 27176, 27180, 27184, 27188, 27192, 27196, 27200, 27204, 27208, 27212, 27216, 27220, 27224, 27228, 27232, 27236, 27240, 27244, 27248, 27252, 27256, 27260, 27264, 27268, 27272, 27276, 27280, 27284, 27288, 27292, 27296, 27300, 27304, 27308, 27312, 27316, 27320, 27324, 27328, 27332, 27336, 27340, 27344, 27348, 27352, 27356, 27360, 27364, 27368, 27372, 27376, 27380, 27384, 27388, 27392, 27396, 27400, 27404, 27408, 27412, 27416, 27420, 27424, 27428, 27432, 27436, 27440, 27444, 27448, 27452, 27456, 27460, 27464, 27468, 27472, 27476, 27480, 27484, 27488, 27492, 27496, 27500, 27504, 27508, 27512, 27516, 27520, 27524, 27528, 27532, 27536, 27540, 27544, 27548, 27552, 27556, 27560, 27564, 27568, 27572, 27576, 27580, 27584, 27588, 27592, 27596, 27600, 27604, 27608, 27612, 27616, 27620, 27624, 27628, 27632, 27636, 27640, 27644, 27648, 27652, 27656, 27660, 27664, 27668, 27672, 27676, 27680, 27684, 27688, 27692, 27696, 27700, 27704, 27708, 27712, 27716, 27720, 27724, 27728, 27732, 27736, 27740, 27744, 27748, 27752, 27756, 27760, 27764, 27768, 27772, 27776, 27780, 27784, 27788, 27792, 27796, 27800, 27804, 27808, 27812, 27816, 27820, 27824, 27828, 27832, 27836, 27840, 27844, 27848, 27852, 27856, 27860, 27864, 27868, 27872, 27876, 27880, 27884, 27888, 27892, 27896, 27900, 27904, 27908, 27912, 27916, 27920, 27924, 27928, 27932, 27936, 27940, 27944, 27948, 27952, 27956, 27960, 27964, 27968, 27972, 27976, 27980, 27984, 27988, 27992, 27996, 28000, 28004, 28008, 28012, 28016, 28020, 28024, 28028, 28032, 28036, 28040, 28044, 28048, 28052, 28056, 28060, 28064, 28068, 28072, 28076, 28080, 28084, 28088, 28092, 28096, 28100, 28104, 28108, 28112, 28116, 28120, 28124, 28128, 28132, 28136, 28140, 28144, 28148, 28152, 28156, 28160, 28164, 28168, 28172, 28176, 28180, 28184, 28188, 28192, 28196, 28200, 28204, 28208, 28212, 28216, 28220, 28224, 28228, 28232, 28236, 28240, 28244, 28248, 28252, 28256, 28260, 28264, 28268, 28272, 28276, 28280, 28284, 28288, 28292, 28296, 28300, 28304, 28308, 28312, 28316, 28320, 28324, 28328, 28332, 28336, 28340, 28344, 28348, 28352, 28356, 28360, 28364, 28368, 28372, 28376, 28380, 28384, 28388, 28392, 28396, 28400, 28404, 28408, 28412, 28416, 28420, 28424, 28428, 28432, 28436, 28440, 28444, 28448, 28452, 28456, 28460, 28464, 28468, 28472, 28476, 28480, 28484, 28488, 28492, 28496, 28500, 28504, 28508, 28512, 28516, 28520, 28524, 28528, 28532, 28536, 28540, 28544, 28548, 28552, 28556, 28560, 28564, 28568, 28572, 28576, 28580, 28584, 28588, 28592, 28596, 28600, 28604, 28608, 28612, 28616, 28620, 28624, 28628, 28632, 28636, 28640, 28644, 28648, 28652, 28656, 28660, 28664, 28668, 28672, 28676, 28680, 28684, 28688, 28692, 28696, 28700, 28704, 28708, 28712, 28716, 28720, 28724, 28728, 28732, 28736, 28740, 28744, 28748, 28752, 28756, 28760, 28764, 28768, 28772, 28776, 28780, 28784, 28788, 28792, 28796, 28800, 28804, 28808, 28812, 28816, 28820, 28824, 28828, 28832, 28836, 28840, 28844, 28848, 28852, 28856, 28860, 28864, 28868, 28872, 28876, 28880, 28884, 28888, 28892, 28896, 28900, 28904, 28908, 28912, 28916, 28920, 28924, 28928, 28932, 28936, 28940, 28944, 28948, 28952, 28956, 28960, 28964, 28968, 28972, 28976, 28980, 28984, 28988, 28992, 28996, 29000, 29004, 29008, 29012, 29016, 29020, 29024, 29028, 29032, 29036, 29040, 29044, 29048, 29052, 29056, 29060, 29064, 29068, 29072, 29076, 29080, 29084, 29088, 29092, 29096, 29100, 29104, 29108, 29112, 29116, 29120, 29124, 29128, 29132, 29136, 29140, 29144, 29148, 29152, 29156, 29160, 29164, 29168, 29172, 29176, 29180, 29184, 29188, 29192, 29196, 29200, 29204, 29208, 29212, 29216, 29220, 29224, 29228, 29232, 29236, 29240, 29244, 29248, 29252, 29256, 29260, 29264, 29268, 29272, 29276, 29280, 29284, 29288, 29292, 29296, 29300, 29304, 29308, 29312, 29316, 29320, 29324, 29328, 29332, 29336, 29340, 29344, 29348, 29352, 29356, 29360, 29364, 29368, 29372, 29376, 29380, 29384, 29388, 29392, 29396, 29400, 29404, 29408, 29412, 29416, 29420, 29424, 29428, 29432, 29436, 29440, 29444, 29448, 29452, 29456, 29460, 29464, 29468, 29472, 29476, 29480, 29484, 29488, 29492, 29496, 29500, 29504, 29508, 29512, 29516, 29520, 29524, 29528, 29532, 29536, 29540, 29544, 29548, 29552, 29556, 29560, 29564, 29568, 29572, 29576, 29580, 29584, 29588, 29592, 29596, 29600, 29604, 29608, 29612, 29616, 29620, 29624, 29628, 29632, 29636, 29640, 29644, 29648, 29652, 29656, 29660, 29664, 29668, 29672, 29676, 29680, 29684, 29688, 29692, 29696, 29700, 29704, 29708, 29712, 29716, 29720, 29724, 29728, 29732, 29736, 29740, 29744, 29748, 29752, 29756, 29760, 29764, 29768, 29772, 29776, 29780, 29784, 29788, 29792, 29796, 29800, 29804, 29808, 29812, 29816, 29820, 29824, 29828, 29832, 29836, 29840, 29844, 29848, 29852, 29856, 29860, 29864, 29868, 29872, 29876, 29880, 29884, 29888, 29892, 29896, 29900, 29904, 29908, 29912, 29916, 29920, 29924, 29928, 29932, 29936, 29940, 29944, 29948, 29952, 29956, 29960, 29964, 29968, 29972, 29976, 29980, 29984, 29988, 29992, 29996, 30000, 30004, 30008, 30012, 30016, 30020, 30024, 30028, 30032, 30036, 30040, 30044, 30048, 30052, 30056, 30060, 30064, 30068, 30072, 30076, 30080, 30084, 30088, 30092, 30096, 30100, 30104, 30108, 30112, 30116, 30120, 30124, 30128, 30132, 30136, 30140, 30144, 30148, 30152, 30156, 30160, 30164, 30168, 30172, 30176, 30180, 30184, 30188, 30192, 30196, 30200, 30204, 30208, 30212, 30216, 30220, 30224, 30228, 30232, 30236, 30240, 30244, 30248, 30252, 30256, 30260, 30264, 30268, 30272, 30276, 30280, 30284, 30288, 30292, 30296, 30300, 30304, 30308, 30312, 30316, 30320, 30324, 30328, 30332, 30336, 30340, 30344, 30348, 30352, 30356, 30360, 30364, 30368, 30372, 30376, 30380, 30384, 30388, 30392, 30396, 30400, 30404, 30408, 30412, 30416, 30420, 30424, 30428, 30432, 30436, 30440, 30444, 30448, 30452, 30456, 30460, 30464, 30468, 30472, 30476, 30480, 30484, 30488, 30492, 30496, 30500, 30504, 30508, 30512, 30516, 30520, 30524, 30528, 30532, 30536, 30540, 30544, 30548, 30552, 30556, 30560, 30564, 30568, 30572, 30576, 30580, 30584, 30588, 30592, 30596, 30600, 30604, 30608, 30612, 30616, 30620, 30624, 30628, 30632, 30636, 30640, 30644, 30648, 30652, 30656, 30660, 30664, 30668, 30672, 30676, 30680, 30684, 30688, 30692, 30696, 30700, 30704, 30708, 30712, 30716, 30720, 30724, 30728, 30732, 30736, 30740, 30744, 30748, 30752, 30756, 30760, 30764, 30768, 30772, 30776, 30780, 30784, 30788, 30792, 30796, 30800, 30804, 30808, 30812, 30816, 30820, 30824, 30828, 30832, 30836, 30840, 30844, 30848, 30852, 30856, 30860, 30864, 30868, 30872, 30876, 30880, 30884, 30888, 30892, 30896, 30900, 30904, 30908, 30912, 30916, 30920, 30924, 30928, 30932, 30936, 30940, 30944, 30948, 30952, 30956, 30960, 30964, 30968, 30972, 30976, 30980, 30984, 30988, 30992, 30996, 31000, 31004, 31008, 31012, 31016, 31020, 31024, 31028, 31032, 31036, 31040, 31044, 31048, 31052, 31056, 31060, 31064, 31068, 31072, 31076, 31080, 31084, 31088, 31092, 31096, 31100, 31104, 31108, 31112, 31116, 31120, 31124, 31128, 31132, 31136, 31140, 31144, 31148, 31152, 31156, 31160, 31164, 31168, 31172, 31176, 31180, 31184, 31188, 31192, 31196, 31200, 31204, 31208, 31212, 31216, 31220, 31224, 31228, 31232, 31236, 31240, 31244, 31248, 31252, 31256, 31260, 31264, 31268, 31272, 31276, 31280, 31284, 31288, 31292, 31296, 31300, 31304, 31308, 31312, 31316, 31320, 31324, 31328, 31332, 31336, 31340, 31344, 31348, 31352, 31356, 31360, 31364, 31368, 31372, 31376, 31380, 31384, 31388, 31392, 31396, 31400, 31404, 31408, 31412, 31416, 31420, 31424, 31428, 31432, 31436, 31440, 31444, 31448, 31452, 31456, 31460, 31464, 31468, 31472, 31476, 31480, 31484, 31488, 31492, 31496, 31500, 31504, 31508, 31512, 31516, 31520, 31524, 31528, 31532, 31536, 31540, 31544, 31548, 31552, 31556, 31560, 31564, 31568, 31572, 31576, 31580, 31584, 31588, 31592, 31596, 31600, 31604, 31608, 31612, 31616, 31620, 31624, 31628, 31632, 31636, 31640, 31644, 31648, 31652, 31656, 31660, 31664, 31668, 31672, 31676, 31680, 31684, 31688, 31692, 31696, 31700, 31704, 31708, 31712, 31716, 31720, 31724, 31728, 31732, 31736, 31740, 31744, 31748, 31752, 31756, 31760, 31764, 31768, 31772, 31776, 31780, 31784, 31788, 31792, 31796, 31800, 31804, 31808, 31812, 31816, 31820, 31824, 31828, 31832, 31836, 31840, 31844, 31848, 31852, 31856, 31860, 31864, 31868, 31872, 31876, 31880, 31884, 31888, 31892, 31896, 31900, 31904, 31908, 31912, 31916, 31920, 31924, 31928, 31932, 31936, 31940, 31944, 31948, 31952, 31956, 31960, 31964, 31968, 31972, 31976, 31980, 31984, 31988, 31992, 31996, 32000, 32004, 32008, 32012, 32016, 32020, 32024, 32028, 32032, 32036, 32040, 32044, 32048, 32052, 32056, 32060, 32064, 32068, 32072, 32076, 32080, 32084, 32088, 32092, 32096, 32100, 32104, 32108, 32112, 32116, 32120, 32124, 32128, 32132, 32136, 32140, 32144, 32148, 32152, 32156, 32160, 32164, 32168, 32172, 32176, 32180, 32184, 32188, 32192, 32196, 32200, 32204, 32208, 32212, 32216, 32220, 32224, 32228, 32232, 32236, 32240, 32244, 32248, 32252, 32256, 32260, 32264, 32268, 32272, 32276, 32280, 32284, 32288, 32292, 32296, 32300, 32304, 32308, 32312, 32316, 32320, 32324, 32328, 32332, 32336, 32340, 32344, 32348, 32352, 32356, 32360, 32364, 32368, 32372, 32376, 32380, 32384, 32388, 32392, 32396, 32400, 32404, 32408, 32412, 32416, 32420, 32424, 32428, 32432, 32436, 32440, 32444, 32448, 32452, 32456, 32460, 32464, 32468, 32472, 32476, 32480, 32484, 32488, 32492, 32496, 32500, 32504, 32508, 32512, 32516, 32520, 32524, 32528, 32532, 32536, 32540, 32544, 32548, 32552, 32556, 32560, 32564, 32568, 32572, 32576, 32580, 32584, 32588, 32592, 32596, 32600, 32604, 32608, 32612, 32616, 32620, 32624, 32628, 32632, 32636, 32640, 32644, 32648, 32652, 32656, 32660, 32664, 32668, 32672, 32676, 32680, 32684, 32688, 32692, 32696, 32700, 32704, 32708, 32712, 32716, 32720, 32724, 32728, 32732, 32736, 32740, 32744, 32748, 32752, 32756, 32760, 32764, 32768] is subset of [4, 8, 12, 16, 20, 24, 28, 32, 36, 40, 44, 48, 52, 56, 60, 64, 68, 72, 76, 80, 84, 88, 92, 96, 100, 104, 108, 112, 116, 120, 124, 128, 132, 136, 140, 144, 148, 152, 156, 160, 164, 168, 172, 176, 180, 184, 188, 192, 196, 200, 204, 208, 212, 216, 220, 224, 228, 232, 236, 240, 244, 248, 252, 256, 260, 264, 268, 272, 276, 280, 284, 288, 292, 296, 300, 304, 308, 312, 316, 320, 324, 328, 332, 336, 340, 344, 348, 352, 356, 360, 364, 368, 372, 376, 380, 384, 388, 392, 396, 400, 404, 408, 412, 416, 420, 424, 428, 432, 436, 440, 444, 448, 452, 456, 460, 464, 468, 472, 476, 480, 484, 488, 492, 496, 500, 504, 508, 512, 516, 520, 524, 528, 532, 536, 540, 544, 548, 552, 556, 560, 564, 568, 572, 576, 580, 584, 588, 592, 596, 600, 604, 608, 612, 616, 620, 624, 628, 632, 636, 640, 644, 648, 652, 656, 660, 664, 668, 672, 676, 680, 684, 688, 692, 696, 700, 704, 708, 712, 716, 720, 724, 728, 732, 736, 740, 744, 748, 752, 756, 760, 764, 768, 772, 776, 780, 784, 788, 792, 796, 800, 804, 808, 812, 816, 820, 824, 828, 832, 836, 840, 844, 848, 852, 856, 860, 864, 868, 872, 876, 880, 884, 888, 892, 896, 900, 904, 908, 912, 916, 920, 924, 928, 932, 936, 940, 944, 948, 952, 956, 960, 964, 968, 972, 976, 980, 984, 988, 992, 996, 1000, 1004, 1008, 1012, 1016, 1020, 1024, 1028, 1032, 1036, 1040, 1044, 1048, 1052, 1056, 1060, 1064, 1068, 1072, 1076, 1080, 1084, 1088, 1092, 1096, 1100, 1104, 1108, 1112, 1116, 1120, 1124, 1128, 1132, 1136, 1140, 1144, 1148, 1152, 1156, 1160, 1164, 1168, 1172, 1176, 1180, 1184, 1188, 1192, 1196, 1200, 1204, 1208, 1212, 1216, 1220, 1224, 1228, 1232, 1236, 1240, 1244, 1248, 1252, 1256, 1260, 1264, 1268, 1272, 1276, 1280, 1284, 1288, 1292, 1296, 1300, 1304, 1308, 1312, 1316, 1320, 1324, 1328, 1332, 1336, 1340, 1344, 1348, 1352, 1356, 1360, 1364, 1368, 1372, 1376, 1380, 1384, 1388, 1392, 1396, 1400, 1404, 1408, 1412, 1416, 1420, 1424, 1428, 1432, 1436, 1440, 1444, 1448, 1452, 1456, 1460, 1464, 1468, 1472, 1476, 1480, 1484, 1488, 1492, 1496, 1500, 1504, 1508, 1512, 1516, 1520, 1524, 1528, 1532, 1536, 1540, 1544, 1548, 1552, 1556, 1560, 1564, 1568, 1572, 1576, 1580, 1584, 1588, 1592, 1596, 1600, 1604, 1608, 1612, 1616, 1620, 1624, 1628, 1632, 1636, 1640, 1644, 1648, 1652, 1656, 1660, 1664, 1668, 1672, 1676, 1680, 1684, 1688, 1692, 1696, 1700, 1704, 1708, 1712, 1716, 1720, 1724, 1728, 1732, 1736, 1740, 1744, 1748, 1752, 1756, 1760, 1764, 1768, 1772, 1776, 1780, 1784, 1788, 1792, 1796, 1800, 1804, 1808, 1812, 1816, 1820, 1824, 1828, 1832, 1836, 1840, 1844, 1848, 1852, 1856, 1860, 1864, 1868, 1872, 1876, 1880, 1884, 1888, 1892, 1896, 1900, 1904, 1908, 1912, 1916, 1920, 1924, 1928, 1932, 1936, 1940, 1944, 1948, 1952, 1956, 1960, 1964, 1968, 1972, 1976, 1980, 1984, 1988, 1992, 1996, 2000, 2004, 2008, 2012, 2016, 2020, 2024, 2028, 2032, 2036, 2040, 2044, 2048, 2052, 2056, 2060, 2064, 2068, 2072, 2076, 2080, 2084, 2088, 2092, 2096, 2100, 2104, 2108, 2112, 2116, 2120, 2124, 2128, 2132, 2136, 2140, 2144, 2148, 2152, 2156, 2160, 2164, 2168, 2172, 2176, 2180, 2184, 2188, 2192, 2196, 2200, 2204, 2208, 2212, 2216, 2220, 2224, 2228, 2232, 2236, 2240, 2244, 2248, 2252, 2256, 2260, 2264, 2268, 2272, 2276, 2280, 2284, 2288, 2292, 2296, 2300, 2304, 2308, 2312, 2316, 2320, 2324, 2328, 2332, 2336, 2340, 2344, 2348, 2352, 2356, 2360, 2364, 2368, 2372, 2376, 2380, 2384, 2388, 2392, 2396, 2400, 2404, 2408, 2412, 2416, 2420, 2424, 2428, 2432, 2436, 2440, 2444, 2448, 2452, 2456, 2460, 2464, 2468, 2472, 2476, 2480, 2484, 2488, 2492, 2496, 2500, 2504, 2508, 2512, 2516, 2520, 2524, 2528, 2532, 2536, 2540, 2544, 2548, 2552, 2556, 2560, 2564, 2568, 2572, 2576, 2580, 2584, 2588, 2592, 2596, 2600, 2604, 2608, 2612, 2616, 2620, 2624, 2628, 2632, 2636, 2640, 2644, 2648, 2652, 2656, 2660, 2664, 2668, 2672, 2676, 2680, 2684, 2688, 2692, 2696, 2700, 2704, 2708, 2712, 2716, 2720, 2724, 2728, 2732, 2736, 2740, 2744, 2748, 2752, 2756, 2760, 2764, 2768, 2772, 2776, 2780, 2784, 2788, 2792, 2796, 2800, 2804, 2808, 2812, 2816, 2820, 2824, 2828, 2832, 2836, 2840, 2844, 2848, 2852, 2856, 2860, 2864, 2868, 2872, 2876, 2880, 2884, 2888, 2892, 2896, 2900, 2904, 2908, 2912, 2916, 2920, 2924, 2928, 2932, 2936, 2940, 2944, 2948, 2952, 2956, 2960, 2964, 2968, 2972, 2976, 2980, 2984, 2988, 2992, 2996, 3000, 3004, 3008, 3012, 3016, 3020, 3024, 3028, 3032, 3036, 3040, 3044, 3048, 3052, 3056, 3060, 3064, 3068, 3072, 3076, 3080, 3084, 3088, 3092, 3096, 3100, 3104, 3108, 3112, 3116, 3120, 3124, 3128, 3132, 3136, 3140, 3144, 3148, 3152, 3156, 3160, 3164, 3168, 3172, 3176, 3180, 3184, 3188, 3192, 3196, 3200, 3204, 3208, 3212, 3216, 3220, 3224, 3228, 3232, 3236, 3240, 3244, 3248, 3252, 3256, 3260, 3264, 3268, 3272, 3276, 3280, 3284, 3288, 3292, 3296, 3300, 3304, 3308, 3312, 3316, 3320, 3324, 3328, 3332, 3336, 3340, 3344, 3348, 3352, 3356, 3360, 3364, 3368, 3372, 3376, 3380, 3384, 3388, 3392, 3396, 3400, 3404, 3408, 3412, 3416, 3420, 3424, 3428, 3432, 3436, 3440, 3444, 3448, 3452, 3456, 3460, 3464, 3468, 3472, 3476, 3480, 3484, 3488, 3492, 3496, 3500, 3504, 3508, 3512, 3516, 3520, 3524, 3528, 3532, 3536, 3540, 3544, 3548, 3552, 3556, 3560, 3564, 3568, 3572, 3576, 3580, 3584, 3588, 3592, 3596, 3600, 3604, 3608, 3612, 3616, 3620, 3624, 3628, 3632, 3636, 3640, 3644, 3648, 3652, 3656, 3660, 3664, 3668, 3672, 3676, 3680, 3684, 3688, 3692, 3696, 3700, 3704, 3708, 3712, 3716, 3720, 3724, 3728, 3732, 3736, 3740, 3744, 3748, 3752, 3756, 3760, 3764, 3768, 3772, 3776, 3780, 3784, 3788, 3792, 3796, 3800, 3804, 3808, 3812, 3816, 3820, 3824, 3828, 3832, 3836, 3840, 3844, 3848, 3852, 3856, 3860, 3864, 3868, 3872, 3876, 3880, 3884, 3888, 3892, 3896, 3900, 3904, 3908, 3912, 3916, 3920, 3924, 3928, 3932, 3936, 3940, 3944, 3948, 3952, 3956, 3960, 3964, 3968, 3972, 3976, 3980, 3984, 3988, 3992, 3996, 4000, 4004, 4008, 4012, 4016, 4020, 4024, 4028, 4032, 4036, 4040, 4044, 4048, 4052, 4056, 4060, 4064, 4068, 4072, 4076, 4080, 4084, 4088, 4092, 4096, 4100, 4104, 4108, 4112, 4116, 4120, 4124, 4128, 4132, 4136, 4140, 4144, 4148, 4152, 4156, 4160, 4164, 4168, 4172, 4176, 4180, 4184, 4188, 4192, 4196, 4200, 4204, 4208, 4212, 4216, 4220, 4224, 4228, 4232, 4236, 4240, 4244, 4248, 4252, 4256, 4260, 4264, 4268, 4272, 4276, 4280, 4284, 4288, 4292, 4296, 4300, 4304, 4308, 4312, 4316, 4320, 4324, 4328, 4332, 4336, 4340, 4344, 4348, 4352, 4356, 4360, 4364, 4368, 4372, 4376, 4380, 4384, 4388, 4392, 4396, 4400, 4404, 4408, 4412, 4416, 4420, 4424, 4428, 4432, 4436, 4440, 4444, 4448, 4452, 4456, 4460, 4464, 4468, 4472, 4476, 4480, 4484, 4488, 4492, 4496, 4500, 4504, 4508, 4512, 4516, 4520, 4524, 4528, 4532, 4536, 4540, 4544, 4548, 4552, 4556, 4560, 4564, 4568, 4572, 4576, 4580, 4584, 4588, 4592, 4596, 4600, 4604, 4608, 4612, 4616, 4620, 4624, 4628, 4632, 4636, 4640, 4644, 4648, 4652, 4656, 4660, 4664, 4668, 4672, 4676, 4680, 4684, 4688, 4692, 4696, 4700, 4704, 4708, 4712, 4716, 4720, 4724, 4728, 4732, 4736, 4740, 4744, 4748, 4752, 4756, 4760, 4764, 4768, 4772, 4776, 4780, 4784, 4788, 4792, 4796, 4800, 4804, 4808, 4812, 4816, 4820, 4824, 4828, 4832, 4836, 4840, 4844, 4848, 4852, 4856, 4860, 4864, 4868, 4872, 4876, 4880, 4884, 4888, 4892, 4896, 4900, 4904, 4908, 4912, 4916, 4920, 4924, 4928, 4932, 4936, 4940, 4944, 4948, 4952, 4956, 4960, 4964, 4968, 4972, 4976, 4980, 4984, 4988, 4992, 4996, 5000, 5004, 5008, 5012, 5016, 5020, 5024, 5028, 5032, 5036, 5040, 5044, 5048, 5052, 5056, 5060, 5064, 5068, 5072, 5076, 5080, 5084, 5088, 5092, 5096, 5100, 5104, 5108, 5112, 5116, 5120, 5124, 5128, 5132, 5136, 5140, 5144, 5148, 5152, 5156, 5160, 5164, 5168, 5172, 5176, 5180, 5184, 5188, 5192, 5196, 5200, 5204, 5208, 5212, 5216, 5220, 5224, 5228, 5232, 5236, 5240, 5244, 5248, 5252, 5256, 5260, 5264, 5268, 5272, 5276, 5280, 5284, 5288, 5292, 5296, 5300, 5304, 5308, 5312, 5316, 5320, 5324, 5328, 5332, 5336, 5340, 5344, 5348, 5352, 5356, 5360, 5364, 5368, 5372, 5376, 5380, 5384, 5388, 5392, 5396, 5400, 5404, 5408, 5412, 5416, 5420, 5424, 5428, 5432, 5436, 5440, 5444, 5448, 5452, 5456, 5460, 5464, 5468, 5472, 5476, 5480, 5484, 5488, 5492, 5496, 5500, 5504, 5508, 5512, 5516, 5520, 5524, 5528, 5532, 5536, 5540, 5544, 5548, 5552, 5556, 5560, 5564, 5568, 5572, 5576, 5580, 5584, 5588, 5592, 5596, 5600, 5604, 5608, 5612, 5616, 5620, 5624, 5628, 5632, 5636, 5640, 5644, 5648, 5652, 5656, 5660, 5664, 5668, 5672, 5676, 5680, 5684, 5688, 5692, 5696, 5700, 5704, 5708, 5712, 5716, 5720, 5724, 5728, 5732, 5736, 5740, 5744, 5748, 5752, 5756, 5760, 5764, 5768, 5772, 5776, 5780, 5784, 5788, 5792, 5796, 5800, 5804, 5808, 5812, 5816, 5820, 5824, 5828, 5832, 5836, 5840, 5844, 5848, 5852, 5856, 5860, 5864, 5868, 5872, 5876, 5880, 5884, 5888, 5892, 5896, 5900, 5904, 5908, 5912, 5916, 5920, 5924, 5928, 5932, 5936, 5940, 5944, 5948, 5952, 5956, 5960, 5964, 5968, 5972, 5976, 5980, 5984, 5988, 5992, 5996, 6000, 6004, 6008, 6012, 6016, 6020, 6024, 6028, 6032, 6036, 6040, 6044, 6048, 6052, 6056, 6060, 6064, 6068, 6072, 6076, 6080, 6084, 6088, 6092, 6096, 6100, 6104, 6108, 6112, 6116, 6120, 6124, 6128, 6132, 6136, 6140, 6144, 6148, 6152, 6156, 6160, 6164, 6168, 6172, 6176, 6180, 6184, 6188, 6192, 6196, 6200, 6204, 6208, 6212, 6216, 6220, 6224, 6228, 6232, 6236, 6240, 6244, 6248, 6252, 6256, 6260, 6264, 6268, 6272, 6276, 6280, 6284, 6288, 6292, 6296, 6300, 6304, 6308, 6312, 6316, 6320, 6324, 6328, 6332, 6336, 6340, 6344, 6348, 6352, 6356, 6360, 6364, 6368, 6372, 6376, 6380, 6384, 6388, 6392, 6396, 6400, 6404, 6408, 6412, 6416, 6420, 6424, 6428, 6432, 6436, 6440, 6444, 6448, 6452, 6456, 6460, 6464, 6468, 6472, 6476, 6480, 6484, 6488, 6492, 6496, 6500, 6504, 6508, 6512, 6516, 6520, 6524, 6528, 6532, 6536, 6540, 6544, 6548, 6552, 6556, 6560, 6564, 6568, 6572, 6576, 6580, 6584, 6588, 6592, 6596, 6600, 6604, 6608, 6612, 6616, 6620, 6624, 6628, 6632, 6636, 6640, 6644, 6648, 6652, 6656, 6660, 6664, 6668, 6672, 6676, 6680, 6684, 6688, 6692, 6696, 6700, 6704, 6708, 6712, 6716, 6720, 6724, 6728, 6732, 6736, 6740, 6744, 6748, 6752, 6756, 6760, 6764, 6768, 6772, 6776, 6780, 6784, 6788, 6792, 6796, 6800, 6804, 6808, 6812, 6816, 6820, 6824, 6828, 6832, 6836, 6840, 6844, 6848, 6852, 6856, 6860, 6864, 6868, 6872, 6876, 6880, 6884, 6888, 6892, 6896, 6900, 6904, 6908, 6912, 6916, 6920, 6924, 6928, 6932, 6936, 6940, 6944, 6948, 6952, 6956, 6960, 6964, 6968, 6972, 6976, 6980, 6984, 6988, 6992, 6996, 7000, 7004, 7008, 7012, 7016, 7020, 7024, 7028, 7032, 7036, 7040, 7044, 7048, 7052, 7056, 7060, 7064, 7068, 7072, 7076, 7080, 7084, 7088, 7092, 7096, 7100, 7104, 7108, 7112, 7116, 7120, 7124, 7128, 7132, 7136, 7140, 7144, 7148, 7152, 7156, 7160, 7164, 7168, 7172, 7176, 7180, 7184, 7188, 7192, 7196, 7200, 7204, 7208, 7212, 7216, 7220, 7224, 7228, 7232, 7236, 7240, 7244, 7248, 7252, 7256, 7260, 7264, 7268, 7272, 7276, 7280, 7284, 7288, 7292, 7296, 7300, 7304, 7308, 7312, 7316, 7320, 7324, 7328, 7332, 7336, 7340, 7344, 7348, 7352, 7356, 7360, 7364, 7368, 7372, 7376, 7380, 7384, 7388, 7392, 7396, 7400, 7404, 7408, 7412, 7416, 7420, 7424, 7428, 7432, 7436, 7440, 7444, 7448, 7452, 7456, 7460, 7464, 7468, 7472, 7476, 7480, 7484, 7488, 7492, 7496, 7500, 7504, 7508, 7512, 7516, 7520, 7524, 7528, 7532, 7536, 7540, 7544, 7548, 7552, 7556, 7560, 7564, 7568, 7572, 7576, 7580, 7584, 7588, 7592, 7596, 7600, 7604, 7608, 7612, 7616, 7620, 7624, 7628, 7632, 7636, 7640, 7644, 7648, 7652, 7656, 7660, 7664, 7668, 7672, 7676, 7680, 7684, 7688, 7692, 7696, 7700, 7704, 7708, 7712, 7716, 7720, 7724, 7728, 7732, 7736, 7740, 7744, 7748, 7752, 7756, 7760, 7764, 7768, 7772, 7776, 7780, 7784, 7788, 7792, 7796, 7800, 7804, 7808, 7812, 7816, 7820, 7824, 7828, 7832, 7836, 7840, 7844, 7848, 7852, 7856, 7860, 7864, 7868, 7872, 7876, 7880, 7884, 7888, 7892, 7896, 7900, 7904, 7908, 7912, 7916, 7920, 7924, 7928, 7932, 7936, 7940, 7944, 7948, 7952, 7956, 7960, 7964, 7968, 7972, 7976, 7980, 7984, 7988, 7992, 7996, 8000, 8004, 8008, 8012, 8016, 8020, 8024, 8028, 8032, 8036, 8040, 8044, 8048, 8052, 8056, 8060, 8064, 8068, 8072, 8076, 8080, 8084, 8088, 8092, 8096, 8100, 8104, 8108, 8112, 8116, 8120, 8124, 8128, 8132, 8136, 8140, 8144, 8148, 8152, 8156, 8160, 8164, 8168, 8172, 8176, 8180, 8184, 8188, 8192, 8196, 8200, 8204, 8208, 8212, 8216, 8220, 8224, 8228, 8232, 8236, 8240, 8244, 8248, 8252, 8256, 8260, 8264, 8268, 8272, 8276, 8280, 8284, 8288, 8292, 8296, 8300, 8304, 8308, 8312, 8316, 8320, 8324, 8328, 8332, 8336, 8340, 8344, 8348, 8352, 8356, 8360, 8364, 8368, 8372, 8376, 8380, 8384, 8388, 8392, 8396, 8400, 8404, 8408, 8412, 8416, 8420, 8424, 8428, 8432, 8436, 8440, 8444, 8448, 8452, 8456, 8460, 8464, 8468, 8472, 8476, 8480, 8484, 8488, 8492, 8496, 8500, 8504, 8508, 8512, 8516, 8520, 8524, 8528, 8532, 8536, 8540, 8544, 8548, 8552, 8556, 8560, 8564, 8568, 8572, 8576, 8580, 8584, 8588, 8592, 8596, 8600, 8604, 8608, 8612, 8616, 8620, 8624, 8628, 8632, 8636, 8640, 8644, 8648, 8652, 8656, 8660, 8664, 8668, 8672, 8676, 8680, 8684, 8688, 8692, 8696, 8700, 8704, 8708, 8712, 8716, 8720, 8724, 8728, 8732, 8736, 8740, 8744, 8748, 8752, 8756, 8760, 8764, 8768, 8772, 8776, 8780, 8784, 8788, 8792, 8796, 8800, 8804, 8808, 8812, 8816, 8820, 8824, 8828, 8832, 8836, 8840, 8844, 8848, 8852, 8856, 8860, 8864, 8868, 8872, 8876, 8880, 8884, 8888, 8892, 8896, 8900, 8904, 8908, 8912, 8916, 8920, 8924, 8928, 8932, 8936, 8940, 8944, 8948, 8952, 8956, 8960, 8964, 8968, 8972, 8976, 8980, 8984, 8988, 8992, 8996, 9000, 9004, 9008, 9012, 9016, 9020, 9024, 9028, 9032, 9036, 9040, 9044, 9048, 9052, 9056, 9060, 9064, 9068, 9072, 9076, 9080, 9084, 9088, 9092, 9096, 9100, 9104, 9108, 9112, 9116, 9120, 9124, 9128, 9132, 9136, 9140, 9144, 9148, 9152, 9156, 9160, 9164, 9168, 9172, 9176, 9180, 9184, 9188, 9192, 9196, 9200, 9204, 9208, 9212, 9216, 9220, 9224, 9228, 9232, 9236, 9240, 9244, 9248, 9252, 9256, 9260, 9264, 9268, 9272, 9276, 9280, 9284, 9288, 9292, 9296, 9300, 9304, 9308, 9312, 9316, 9320, 9324, 9328, 9332, 9336, 9340, 9344, 9348, 9352, 9356, 9360, 9364, 9368, 9372, 9376, 9380, 9384, 9388, 9392, 9396, 9400, 9404, 9408, 9412, 9416, 9420, 9424, 9428, 9432, 9436, 9440, 9444, 9448, 9452, 9456, 9460, 9464, 9468, 9472, 9476, 9480, 9484, 9488, 9492, 9496, 9500, 9504, 9508, 9512, 9516, 9520, 9524, 9528, 9532, 9536, 9540, 9544, 9548, 9552, 9556, 9560, 9564, 9568, 9572, 9576, 9580, 9584, 9588, 9592, 9596, 9600, 9604, 9608, 9612, 9616, 9620, 9624, 9628, 9632, 9636, 9640, 9644, 9648, 9652, 9656, 9660, 9664, 9668, 9672, 9676, 9680, 9684, 9688, 9692, 9696, 9700, 9704, 9708, 9712, 9716, 9720, 9724, 9728, 9732, 9736, 9740, 9744, 9748, 9752, 9756, 9760, 9764, 9768, 9772, 9776, 9780, 9784, 9788, 9792, 9796, 9800, 9804, 9808, 9812, 9816, 9820, 9824, 9828, 9832, 9836, 9840, 9844, 9848, 9852, 9856, 9860, 9864, 9868, 9872, 9876, 9880, 9884, 9888, 9892, 9896, 9900, 9904, 9908, 9912, 9916, 9920, 9924, 9928, 9932, 9936, 9940, 9944, 9948, 9952, 9956, 9960, 9964, 9968, 9972, 9976, 9980, 9984, 9988, 9992, 9996, 10000, 10004, 10008, 10012, 10016, 10020, 10024, 10028, 10032, 10036, 10040, 10044, 10048, 10052, 10056, 10060, 10064, 10068, 10072, 10076, 10080, 10084, 10088, 10092, 10096, 10100, 10104, 10108, 10112, 10116, 10120, 10124, 10128, 10132, 10136, 10140, 10144, 10148, 10152, 10156, 10160, 10164, 10168, 10172, 10176, 10180, 10184, 10188, 10192, 10196, 10200, 10204, 10208, 10212, 10216, 10220, 10224, 10228, 10232, 10236, 10240, 10244, 10248, 10252, 10256, 10260, 10264, 10268, 10272, 10276, 10280, 10284, 10288, 10292, 10296, 10300, 10304, 10308, 10312, 10316, 10320, 10324, 10328, 10332, 10336, 10340, 10344, 10348, 10352, 10356, 10360, 10364, 10368, 10372, 10376, 10380, 10384, 10388, 10392, 10396, 10400, 10404, 10408, 10412, 10416, 10420, 10424, 10428, 10432, 10436, 10440, 10444, 10448, 10452, 10456, 10460, 10464, 10468, 10472, 10476, 10480, 10484, 10488, 10492, 10496, 10500, 10504, 10508, 10512, 10516, 10520, 10524, 10528, 10532, 10536, 10540, 10544, 10548, 10552, 10556, 10560, 10564, 10568, 10572, 10576, 10580, 10584, 10588, 10592, 10596, 10600, 10604, 10608, 10612, 10616, 10620, 10624, 10628, 10632, 10636, 10640, 10644, 10648, 10652, 10656, 10660, 10664, 10668, 10672, 10676, 10680, 10684, 10688, 10692, 10696, 10700, 10704, 10708, 10712, 10716, 10720, 10724, 10728, 10732, 10736, 10740, 10744, 10748, 10752, 10756, 10760, 10764, 10768, 10772, 10776, 10780, 10784, 10788, 10792, 10796, 10800, 10804, 10808, 10812, 10816, 10820, 10824, 10828, 10832, 10836, 10840, 10844, 10848, 10852, 10856, 10860, 10864, 10868, 10872, 10876, 10880, 10884, 10888, 10892, 10896, 10900, 10904, 10908, 10912, 10916, 10920, 10924, 10928, 10932, 10936, 10940, 10944, 10948, 10952, 10956, 10960, 10964, 10968, 10972, 10976, 10980, 10984, 10988, 10992, 10996, 11000, 11004, 11008, 11012, 11016, 11020, 11024, 11028, 11032, 11036, 11040, 11044, 11048, 11052, 11056, 11060, 11064, 11068, 11072, 11076, 11080, 11084, 11088, 11092, 11096, 11100, 11104, 11108, 11112, 11116, 11120, 11124, 11128, 11132, 11136, 11140, 11144, 11148, 11152, 11156, 11160, 11164, 11168, 11172, 11176, 11180, 11184, 11188, 11192, 11196, 11200, 11204, 11208, 11212, 11216, 11220, 11224, 11228, 11232, 11236, 11240, 11244, 11248, 11252, 11256, 11260, 11264, 11268, 11272, 11276, 11280, 11284, 11288, 11292, 11296, 11300, 11304, 11308, 11312, 11316, 11320, 11324, 11328, 11332, 11336, 11340, 11344, 11348, 11352, 11356, 11360, 11364, 11368, 11372, 11376, 11380, 11384, 11388, 11392, 11396, 11400, 11404, 11408, 11412, 11416, 11420, 11424, 11428, 11432, 11436, 11440, 11444, 11448, 11452, 11456, 11460, 11464, 11468, 11472, 11476, 11480, 11484, 11488, 11492, 11496, 11500, 11504, 11508, 11512, 11516, 11520, 11524, 11528, 11532, 11536, 11540, 11544, 11548, 11552, 11556, 11560, 11564, 11568, 11572, 11576, 11580, 11584, 11588, 11592, 11596, 11600, 11604, 11608, 11612, 11616, 11620, 11624, 11628, 11632, 11636, 11640, 11644, 11648, 11652, 11656, 11660, 11664, 11668, 11672, 11676, 11680, 11684, 11688, 11692, 11696, 11700, 11704, 11708, 11712, 11716, 11720, 11724, 11728, 11732, 11736, 11740, 11744, 11748, 11752, 11756, 11760, 11764, 11768, 11772, 11776, 11780, 11784, 11788, 11792, 11796, 11800, 11804, 11808, 11812, 11816, 11820, 11824, 11828, 11832, 11836, 11840, 11844, 11848, 11852, 11856, 11860, 11864, 11868, 11872, 11876, 11880, 11884, 11888, 11892, 11896, 11900, 11904, 11908, 11912, 11916, 11920, 11924, 11928, 11932, 11936, 11940, 11944, 11948, 11952, 11956, 11960, 11964, 11968, 11972, 11976, 11980, 11984, 11988, 11992, 11996, 12000, 12004, 12008, 12012, 12016, 12020, 12024, 12028, 12032, 12036, 12040, 12044, 12048, 12052, 12056, 12060, 12064, 12068, 12072, 12076, 12080, 12084, 12088, 12092, 12096, 12100, 12104, 12108, 12112, 12116, 12120, 12124, 12128, 12132, 12136, 12140, 12144, 12148, 12152, 12156, 12160, 12164, 12168, 12172, 12176, 12180, 12184, 12188, 12192, 12196, 12200, 12204, 12208, 12212, 12216, 12220, 12224, 12228, 12232, 12236, 12240, 12244, 12248, 12252, 12256, 12260, 12264, 12268, 12272, 12276, 12280, 12284, 12288, 12292, 12296, 12300, 12304, 12308, 12312, 12316, 12320, 12324, 12328, 12332, 12336, 12340, 12344, 12348, 12352, 12356, 12360, 12364, 12368, 12372, 12376, 12380, 12384, 12388, 12392, 12396, 12400, 12404, 12408, 12412, 12416, 12420, 12424, 12428, 12432, 12436, 12440, 12444, 12448, 12452, 12456, 12460, 12464, 12468, 12472, 12476, 12480, 12484, 12488, 12492, 12496, 12500, 12504, 12508, 12512, 12516, 12520, 12524, 12528, 12532, 12536, 12540, 12544, 12548, 12552, 12556, 12560, 12564, 12568, 12572, 12576, 12580, 12584, 12588, 12592, 12596, 12600, 12604, 12608, 12612, 12616, 12620, 12624, 12628, 12632, 12636, 12640, 12644, 12648, 12652, 12656, 12660, 12664, 12668, 12672, 12676, 12680, 12684, 12688, 12692, 12696, 12700, 12704, 12708, 12712, 12716, 12720, 12724, 12728, 12732, 12736, 12740, 12744, 12748, 12752, 12756, 12760, 12764, 12768, 12772, 12776, 12780, 12784, 12788, 12792, 12796, 12800, 12804, 12808, 12812, 12816, 12820, 12824, 12828, 12832, 12836, 12840, 12844, 12848, 12852, 12856, 12860, 12864, 12868, 12872, 12876, 12880, 12884, 12888, 12892, 12896, 12900, 12904, 12908, 12912, 12916, 12920, 12924, 12928, 12932, 12936, 12940, 12944, 12948, 12952, 12956, 12960, 12964, 12968, 12972, 12976, 12980, 12984, 12988, 12992, 12996, 13000, 13004, 13008, 13012, 13016, 13020, 13024, 13028, 13032, 13036, 13040, 13044, 13048, 13052, 13056, 13060, 13064, 13068, 13072, 13076, 13080, 13084, 13088, 13092, 13096, 13100, 13104, 13108, 13112, 13116, 13120, 13124, 13128, 13132, 13136, 13140, 13144, 13148, 13152, 13156, 13160, 13164, 13168, 13172, 13176, 13180, 13184, 13188, 13192, 13196, 13200, 13204, 13208, 13212, 13216, 13220, 13224, 13228, 13232, 13236, 13240, 13244, 13248, 13252, 13256, 13260, 13264, 13268, 13272, 13276, 13280, 13284, 13288, 13292, 13296, 13300, 13304, 13308, 13312, 13316, 13320, 13324, 13328, 13332, 13336, 13340, 13344, 13348, 13352, 13356, 13360, 13364, 13368, 13372, 13376, 13380, 13384, 13388, 13392, 13396, 13400, 13404, 13408, 13412, 13416, 13420, 13424, 13428, 13432, 13436, 13440, 13444, 13448, 13452, 13456, 13460, 13464, 13468, 13472, 13476, 13480, 13484, 13488, 13492, 13496, 13500, 13504, 13508, 13512, 13516, 13520, 13524, 13528, 13532, 13536, 13540, 13544, 13548, 13552, 13556, 13560, 13564, 13568, 13572, 13576, 13580, 13584, 13588, 13592, 13596, 13600, 13604, 13608, 13612, 13616, 13620, 13624, 13628, 13632, 13636, 13640, 13644, 13648, 13652, 13656, 13660, 13664, 13668, 13672, 13676, 13680, 13684, 13688, 13692, 13696, 13700, 13704, 13708, 13712, 13716, 13720, 13724, 13728, 13732, 13736, 13740, 13744, 13748, 13752, 13756, 13760, 13764, 13768, 13772, 13776, 13780, 13784, 13788, 13792, 13796, 13800, 13804, 13808, 13812, 13816, 13820, 13824, 13828, 13832, 13836, 13840, 13844, 13848, 13852, 13856, 13860, 13864, 13868, 13872, 13876, 13880, 13884, 13888, 13892, 13896, 13900, 13904, 13908, 13912, 13916, 13920, 13924, 13928, 13932, 13936, 13940, 13944, 13948, 13952, 13956, 13960, 13964, 13968, 13972, 13976, 13980, 13984, 13988, 13992, 13996, 14000, 14004, 14008, 14012, 14016, 14020, 14024, 14028, 14032, 14036, 14040, 14044, 14048, 14052, 14056, 14060, 14064, 14068, 14072, 14076, 14080, 14084, 14088, 14092, 14096, 14100, 14104, 14108, 14112, 14116, 14120, 14124, 14128, 14132, 14136, 14140, 14144, 14148, 14152, 14156, 14160, 14164, 14168, 14172, 14176, 14180, 14184, 14188, 14192, 14196, 14200, 14204, 14208, 14212, 14216, 14220, 14224, 14228, 14232, 14236, 14240, 14244, 14248, 14252, 14256, 14260, 14264, 14268, 14272, 14276, 14280, 14284, 14288, 14292, 14296, 14300, 14304, 14308, 14312, 14316, 14320, 14324, 14328, 14332, 14336, 14340, 14344, 14348, 14352, 14356, 14360, 14364, 14368, 14372, 14376, 14380, 14384, 14388, 14392, 14396, 14400, 14404, 14408, 14412, 14416, 14420, 14424, 14428, 14432, 14436, 14440, 14444, 14448, 14452, 14456, 14460, 14464, 14468, 14472, 14476, 14480, 14484, 14488, 14492, 14496, 14500, 14504, 14508, 14512, 14516, 14520, 14524, 14528, 14532, 14536, 14540, 14544, 14548, 14552, 14556, 14560, 14564, 14568, 14572, 14576, 14580, 14584, 14588, 14592, 14596, 14600, 14604, 14608, 14612, 14616, 14620, 14624, 14628, 14632, 14636, 14640, 14644, 14648, 14652, 14656, 14660, 14664, 14668, 14672, 14676, 14680, 14684, 14688, 14692, 14696, 14700, 14704, 14708, 14712, 14716, 14720, 14724, 14728, 14732, 14736, 14740, 14744, 14748, 14752, 14756, 14760, 14764, 14768, 14772, 14776, 14780, 14784, 14788, 14792, 14796, 14800, 14804, 14808, 14812, 14816, 14820, 14824, 14828, 14832, 14836, 14840, 14844, 14848, 14852, 14856, 14860, 14864, 14868, 14872, 14876, 14880, 14884, 14888, 14892, 14896, 14900, 14904, 14908, 14912, 14916, 14920, 14924, 14928, 14932, 14936, 14940, 14944, 14948, 14952, 14956, 14960, 14964, 14968, 14972, 14976, 14980, 14984, 14988, 14992, 14996, 15000, 15004, 15008, 15012, 15016, 15020, 15024, 15028, 15032, 15036, 15040, 15044, 15048, 15052, 15056, 15060, 15064, 15068, 15072, 15076, 15080, 15084, 15088, 15092, 15096, 15100, 15104, 15108, 15112, 15116, 15120, 15124, 15128, 15132, 15136, 15140, 15144, 15148, 15152, 15156, 15160, 15164, 15168, 15172, 15176, 15180, 15184, 15188, 15192, 15196, 15200, 15204, 15208, 15212, 15216, 15220, 15224, 15228, 15232, 15236, 15240, 15244, 15248, 15252, 15256, 15260, 15264, 15268, 15272, 15276, 15280, 15284, 15288, 15292, 15296, 15300, 15304, 15308, 15312, 15316, 15320, 15324, 15328, 15332, 15336, 15340, 15344, 15348, 15352, 15356, 15360, 15364, 15368, 15372, 15376, 15380, 15384, 15388, 15392, 15396, 15400, 15404, 15408, 15412, 15416, 15420, 15424, 15428, 15432, 15436, 15440, 15444, 15448, 15452, 15456, 15460, 15464, 15468, 15472, 15476, 15480, 15484, 15488, 15492, 15496, 15500, 15504, 15508, 15512, 15516, 15520, 15524, 15528, 15532, 15536, 15540, 15544, 15548, 15552, 15556, 15560, 15564, 15568, 15572, 15576, 15580, 15584, 15588, 15592, 15596, 15600, 15604, 15608, 15612, 15616, 15620, 15624, 15628, 15632, 15636, 15640, 15644, 15648, 15652, 15656, 15660, 15664, 15668, 15672, 15676, 15680, 15684, 15688, 15692, 15696, 15700, 15704, 15708, 15712, 15716, 15720, 15724, 15728, 15732, 15736, 15740, 15744, 15748, 15752, 15756, 15760, 15764, 15768, 15772, 15776, 15780, 15784, 15788, 15792, 15796, 15800, 15804, 15808, 15812, 15816, 15820, 15824, 15828, 15832, 15836, 15840, 15844, 15848, 15852, 15856, 15860, 15864, 15868, 15872, 15876, 15880, 15884, 15888, 15892, 15896, 15900, 15904, 15908, 15912, 15916, 15920, 15924, 15928, 15932, 15936, 15940, 15944, 15948, 15952, 15956, 15960, 15964, 15968, 15972, 15976, 15980, 15984, 15988, 15992, 15996, 16000, 16004, 16008, 16012, 16016, 16020, 16024, 16028, 16032, 16036, 16040, 16044, 16048, 16052, 16056, 16060, 16064, 16068, 16072, 16076, 16080, 16084, 16088, 16092, 16096, 16100, 16104, 16108, 16112, 16116, 16120, 16124, 16128, 16132, 16136, 16140, 16144, 16148, 16152, 16156, 16160, 16164, 16168, 16172, 16176, 16180, 16184, 16188, 16192, 16196, 16200, 16204, 16208, 16212, 16216, 16220, 16224, 16228, 16232, 16236, 16240, 16244, 16248, 16252, 16256, 16260, 16264, 16268, 16272, 16276, 16280, 16284, 16288, 16292, 16296, 16300, 16304, 16308, 16312, 16316, 16320, 16324, 16328, 16332, 16336, 16340, 16344, 16348, 16352, 16356, 16360, 16364, 16368, 16372, 16376, 16380, 16384, 16388, 16392, 16396, 16400, 16404, 16408, 16412, 16416, 16420, 16424, 16428, 16432, 16436, 16440, 16444, 16448, 16452, 16456, 16460, 16464, 16468, 16472, 16476, 16480, 16484, 16488, 16492, 16496, 16500, 16504, 16508, 16512, 16516, 16520, 16524, 16528, 16532, 16536, 16540, 16544, 16548, 16552, 16556, 16560, 16564, 16568, 16572, 16576, 16580, 16584, 16588, 16592, 16596, 16600, 16604, 16608, 16612, 16616, 16620, 16624, 16628, 16632, 16636, 16640, 16644, 16648, 16652, 16656, 16660, 16664, 16668, 16672, 16676, 16680, 16684, 16688, 16692, 16696, 16700, 16704, 16708, 16712, 16716, 16720, 16724, 16728, 16732, 16736, 16740, 16744, 16748, 16752, 16756, 16760, 16764, 16768, 16772, 16776, 16780, 16784, 16788, 16792, 16796, 16800, 16804, 16808, 16812, 16816, 16820, 16824, 16828, 16832, 16836, 16840, 16844, 16848, 16852, 16856, 16860, 16864, 16868, 16872, 16876, 16880, 16884, 16888, 16892, 16896, 16900, 16904, 16908, 16912, 16916, 16920, 16924, 16928, 16932, 16936, 16940, 16944, 16948, 16952, 16956, 16960, 16964, 16968, 16972, 16976, 16980, 16984, 16988, 16992, 16996, 17000, 17004, 17008, 17012, 17016, 17020, 17024, 17028, 17032, 17036, 17040, 17044, 17048, 17052, 17056, 17060, 17064, 17068, 17072, 17076, 17080, 17084, 17088, 17092, 17096, 17100, 17104, 17108, 17112, 17116, 17120, 17124, 17128, 17132, 17136, 17140, 17144, 17148, 17152, 17156, 17160, 17164, 17168, 17172, 17176, 17180, 17184, 17188, 17192, 17196, 17200, 17204, 17208, 17212, 17216, 17220, 17224, 17228, 17232, 17236, 17240, 17244, 17248, 17252, 17256, 17260, 17264, 17268, 17272, 17276, 17280, 17284, 17288, 17292, 17296, 17300, 17304, 17308, 17312, 17316, 17320, 17324, 17328, 17332, 17336, 17340, 17344, 17348, 17352, 17356, 17360, 17364, 17368, 17372, 17376, 17380, 17384, 17388, 17392, 17396, 17400, 17404, 17408, 17412, 17416, 17420, 17424, 17428, 17432, 17436, 17440, 17444, 17448, 17452, 17456, 17460, 17464, 17468, 17472, 17476, 17480, 17484, 17488, 17492, 17496, 17500, 17504, 17508, 17512, 17516, 17520, 17524, 17528, 17532, 17536, 17540, 17544, 17548, 17552, 17556, 17560, 17564, 17568, 17572, 17576, 17580, 17584, 17588, 17592, 17596, 17600, 17604, 17608, 17612, 17616, 17620, 17624, 17628, 17632, 17636, 17640, 17644, 17648, 17652, 17656, 17660, 17664, 17668, 17672, 17676, 17680, 17684, 17688, 17692, 17696, 17700, 17704, 17708, 17712, 17716, 17720, 17724, 17728, 17732, 17736, 17740, 17744, 17748, 17752, 17756, 17760, 17764, 17768, 17772, 17776, 17780, 17784, 17788, 17792, 17796, 17800, 17804, 17808, 17812, 17816, 17820, 17824, 17828, 17832, 17836, 17840, 17844, 17848, 17852, 17856, 17860, 17864, 17868, 17872, 17876, 17880, 17884, 17888, 17892, 17896, 17900, 17904, 17908, 17912, 17916, 17920, 17924, 17928, 17932, 17936, 17940, 17944, 17948, 17952, 17956, 17960, 17964, 17968, 17972, 17976, 17980, 17984, 17988, 17992, 17996, 18000, 18004, 18008, 18012, 18016, 18020, 18024, 18028, 18032, 18036, 18040, 18044, 18048, 18052, 18056, 18060, 18064, 18068, 18072, 18076, 18080, 18084, 18088, 18092, 18096, 18100, 18104, 18108, 18112, 18116, 18120, 18124, 18128, 18132, 18136, 18140, 18144, 18148, 18152, 18156, 18160, 18164, 18168, 18172, 18176, 18180, 18184, 18188, 18192, 18196, 18200, 18204, 18208, 18212, 18216, 18220, 18224, 18228, 18232, 18236, 18240, 18244, 18248, 18252, 18256, 18260, 18264, 18268, 18272, 18276, 18280, 18284, 18288, 18292, 18296, 18300, 18304, 18308, 18312, 18316, 18320, 18324, 18328, 18332, 18336, 18340, 18344, 18348, 18352, 18356, 18360, 18364, 18368, 18372, 18376, 18380, 18384, 18388, 18392, 18396, 18400, 18404, 18408, 18412, 18416, 18420, 18424, 18428, 18432, 18436, 18440, 18444, 18448, 18452, 18456, 18460, 18464, 18468, 18472, 18476, 18480, 18484, 18488, 18492, 18496, 18500, 18504, 18508, 18512, 18516, 18520, 18524, 18528, 18532, 18536, 18540, 18544, 18548, 18552, 18556, 18560, 18564, 18568, 18572, 18576, 18580, 18584, 18588, 18592, 18596, 18600, 18604, 18608, 18612, 18616, 18620, 18624, 18628, 18632, 18636, 18640, 18644, 18648, 18652, 18656, 18660, 18664, 18668, 18672, 18676, 18680, 18684, 18688, 18692, 18696, 18700, 18704, 18708, 18712, 18716, 18720, 18724, 18728, 18732, 18736, 18740, 18744, 18748, 18752, 18756, 18760, 18764, 18768, 18772, 18776, 18780, 18784, 18788, 18792, 18796, 18800, 18804, 18808, 18812, 18816, 18820, 18824, 18828, 18832, 18836, 18840, 18844, 18848, 18852, 18856, 18860, 18864, 18868, 18872, 18876, 18880, 18884, 18888, 18892, 18896, 18900, 18904, 18908, 18912, 18916, 18920, 18924, 18928, 18932, 18936, 18940, 18944, 18948, 18952, 18956, 18960, 18964, 18968, 18972, 18976, 18980, 18984, 18988, 18992, 18996, 19000, 19004, 19008, 19012, 19016, 19020, 19024, 19028, 19032, 19036, 19040, 19044, 19048, 19052, 19056, 19060, 19064, 19068, 19072, 19076, 19080, 19084, 19088, 19092, 19096, 19100, 19104, 19108, 19112, 19116, 19120, 19124, 19128, 19132, 19136, 19140, 19144, 19148, 19152, 19156, 19160, 19164, 19168, 19172, 19176, 19180, 19184, 19188, 19192, 19196, 19200, 19204, 19208, 19212, 19216, 19220, 19224, 19228, 19232, 19236, 19240, 19244, 19248, 19252, 19256, 19260, 19264, 19268, 19272, 19276, 19280, 19284, 19288, 19292, 19296, 19300, 19304, 19308, 19312, 19316, 19320, 19324, 19328, 19332, 19336, 19340, 19344, 19348, 19352, 19356, 19360, 19364, 19368, 19372, 19376, 19380, 19384, 19388, 19392, 19396, 19400, 19404, 19408, 19412, 19416, 19420, 19424, 19428, 19432, 19436, 19440, 19444, 19448, 19452, 19456, 19460, 19464, 19468, 19472, 19476, 19480, 19484, 19488, 19492, 19496, 19500, 19504, 19508, 19512, 19516, 19520, 19524, 19528, 19532, 19536, 19540, 19544, 19548, 19552, 19556, 19560, 19564, 19568, 19572, 19576, 19580, 19584, 19588, 19592, 19596, 19600, 19604, 19608, 19612, 19616, 19620, 19624, 19628, 19632, 19636, 19640, 19644, 19648, 19652, 19656, 19660, 19664, 19668, 19672, 19676, 19680, 19684, 19688, 19692, 19696, 19700, 19704, 19708, 19712, 19716, 19720, 19724, 19728, 19732, 19736, 19740, 19744, 19748, 19752, 19756, 19760, 19764, 19768, 19772, 19776, 19780, 19784, 19788, 19792, 19796, 19800, 19804, 19808, 19812, 19816, 19820, 19824, 19828, 19832, 19836, 19840, 19844, 19848, 19852, 19856, 19860, 19864, 19868, 19872, 19876, 19880, 19884, 19888, 19892, 19896, 19900, 19904, 19908, 19912, 19916, 19920, 19924, 19928, 19932, 19936, 19940, 19944, 19948, 19952, 19956, 19960, 19964, 19968, 19972, 19976, 19980, 19984, 19988, 19992, 19996, 20000, 20004, 20008, 20012, 20016, 20020, 20024, 20028, 20032, 20036, 20040, 20044, 20048, 20052, 20056, 20060, 20064, 20068, 20072, 20076, 20080, 20084, 20088, 20092, 20096, 20100, 20104, 20108, 20112, 20116, 20120, 20124, 20128, 20132, 20136, 20140, 20144, 20148, 20152, 20156, 20160, 20164, 20168, 20172, 20176, 20180, 20184, 20188, 20192, 20196, 20200, 20204, 20208, 20212, 20216, 20220, 20224, 20228, 20232, 20236, 20240, 20244, 20248, 20252, 20256, 20260, 20264, 20268, 20272, 20276, 20280, 20284, 20288, 20292, 20296, 20300, 20304, 20308, 20312, 20316, 20320, 20324, 20328, 20332, 20336, 20340, 20344, 20348, 20352, 20356, 20360, 20364, 20368, 20372, 20376, 20380, 20384, 20388, 20392, 20396, 20400, 20404, 20408, 20412, 20416, 20420, 20424, 20428, 20432, 20436, 20440, 20444, 20448, 20452, 20456, 20460, 20464, 20468, 20472, 20476, 20480, 20484, 20488, 20492, 20496, 20500, 20504, 20508, 20512, 20516, 20520, 20524, 20528, 20532, 20536, 20540, 20544, 20548, 20552, 20556, 20560, 20564, 20568, 20572, 20576, 20580, 20584, 20588, 20592, 20596, 20600, 20604, 20608, 20612, 20616, 20620, 20624, 20628, 20632, 20636, 20640, 20644, 20648, 20652, 20656, 20660, 20664, 20668, 20672, 20676, 20680, 20684, 20688, 20692, 20696, 20700, 20704, 20708, 20712, 20716, 20720, 20724, 20728, 20732, 20736, 20740, 20744, 20748, 20752, 20756, 20760, 20764, 20768, 20772, 20776, 20780, 20784, 20788, 20792, 20796, 20800, 20804, 20808, 20812, 20816, 20820, 20824, 20828, 20832, 20836, 20840, 20844, 20848, 20852, 20856, 20860, 20864, 20868, 20872, 20876, 20880, 20884, 20888, 20892, 20896, 20900, 20904, 20908, 20912, 20916, 20920, 20924, 20928, 20932, 20936, 20940, 20944, 20948, 20952, 20956, 20960, 20964, 20968, 20972, 20976, 20980, 20984, 20988, 20992, 20996, 21000, 21004, 21008, 21012, 21016, 21020, 21024, 21028, 21032, 21036, 21040, 21044, 21048, 21052, 21056, 21060, 21064, 21068, 21072, 21076, 21080, 21084, 21088, 21092, 21096, 21100, 21104, 21108, 21112, 21116, 21120, 21124, 21128, 21132, 21136, 21140, 21144, 21148, 21152, 21156, 21160, 21164, 21168, 21172, 21176, 21180, 21184, 21188, 21192, 21196, 21200, 21204, 21208, 21212, 21216, 21220, 21224, 21228, 21232, 21236, 21240, 21244, 21248, 21252, 21256, 21260, 21264, 21268, 21272, 21276, 21280, 21284, 21288, 21292, 21296, 21300, 21304, 21308, 21312, 21316, 21320, 21324, 21328, 21332, 21336, 21340, 21344, 21348, 21352, 21356, 21360, 21364, 21368, 21372, 21376, 21380, 21384, 21388, 21392, 21396, 21400, 21404, 21408, 21412, 21416, 21420, 21424, 21428, 21432, 21436, 21440, 21444, 21448, 21452, 21456, 21460, 21464, 21468, 21472, 21476, 21480, 21484, 21488, 21492, 21496, 21500, 21504, 21508, 21512, 21516, 21520, 21524, 21528, 21532, 21536, 21540, 21544, 21548, 21552, 21556, 21560, 21564, 21568, 21572, 21576, 21580, 21584, 21588, 21592, 21596, 21600, 21604, 21608, 21612, 21616, 21620, 21624, 21628, 21632, 21636, 21640, 21644, 21648, 21652, 21656, 21660, 21664, 21668, 21672, 21676, 21680, 21684, 21688, 21692, 21696, 21700, 21704, 21708, 21712, 21716, 21720, 21724, 21728, 21732, 21736, 21740, 21744, 21748, 21752, 21756, 21760, 21764, 21768, 21772, 21776, 21780, 21784, 21788, 21792, 21796, 21800, 21804, 21808, 21812, 21816, 21820, 21824, 21828, 21832, 21836, 21840, 21844, 21848, 21852, 21856, 21860, 21864, 21868, 21872, 21876, 21880, 21884, 21888, 21892, 21896, 21900, 21904, 21908, 21912, 21916, 21920, 21924, 21928, 21932, 21936, 21940, 21944, 21948, 21952, 21956, 21960, 21964, 21968, 21972, 21976, 21980, 21984, 21988, 21992, 21996, 22000, 22004, 22008, 22012, 22016, 22020, 22024, 22028, 22032, 22036, 22040, 22044, 22048, 22052, 22056, 22060, 22064, 22068, 22072, 22076, 22080, 22084, 22088, 22092, 22096, 22100, 22104, 22108, 22112, 22116, 22120, 22124, 22128, 22132, 22136, 22140, 22144, 22148, 22152, 22156, 22160, 22164, 22168, 22172, 22176, 22180, 22184, 22188, 22192, 22196, 22200, 22204, 22208, 22212, 22216, 22220, 22224, 22228, 22232, 22236, 22240, 22244, 22248, 22252, 22256, 22260, 22264, 22268, 22272, 22276, 22280, 22284, 22288, 22292, 22296, 22300, 22304, 22308, 22312, 22316, 22320, 22324, 22328, 22332, 22336, 22340, 22344, 22348, 22352, 22356, 22360, 22364, 22368, 22372, 22376, 22380, 22384, 22388, 22392, 22396, 22400, 22404, 22408, 22412, 22416, 22420, 22424, 22428, 22432, 22436, 22440, 22444, 22448, 22452, 22456, 22460, 22464, 22468, 22472, 22476, 22480, 22484, 22488, 22492, 22496, 22500, 22504, 22508, 22512, 22516, 22520, 22524, 22528, 22532, 22536, 22540, 22544, 22548, 22552, 22556, 22560, 22564, 22568, 22572, 22576, 22580, 22584, 22588, 22592, 22596, 22600, 22604, 22608, 22612, 22616, 22620, 22624, 22628, 22632, 22636, 22640, 22644, 22648, 22652, 22656, 22660, 22664, 22668, 22672, 22676, 22680, 22684, 22688, 22692, 22696, 22700, 22704, 22708, 22712, 22716, 22720, 22724, 22728, 22732, 22736, 22740, 22744, 22748, 22752, 22756, 22760, 22764, 22768, 22772, 22776, 22780, 22784, 22788, 22792, 22796, 22800, 22804, 22808, 22812, 22816, 22820, 22824, 22828, 22832, 22836, 22840, 22844, 22848, 22852, 22856, 22860, 22864, 22868, 22872, 22876, 22880, 22884, 22888, 22892, 22896, 22900, 22904, 22908, 22912, 22916, 22920, 22924, 22928, 22932, 22936, 22940, 22944, 22948, 22952, 22956, 22960, 22964, 22968, 22972, 22976, 22980, 22984, 22988, 22992, 22996, 23000, 23004, 23008, 23012, 23016, 23020, 23024, 23028, 23032, 23036, 23040, 23044, 23048, 23052, 23056, 23060, 23064, 23068, 23072, 23076, 23080, 23084, 23088, 23092, 23096, 23100, 23104, 23108, 23112, 23116, 23120, 23124, 23128, 23132, 23136, 23140, 23144, 23148, 23152, 23156, 23160, 23164, 23168, 23172, 23176, 23180, 23184, 23188, 23192, 23196, 23200, 23204, 23208, 23212, 23216, 23220, 23224, 23228, 23232, 23236, 23240, 23244, 23248, 23252, 23256, 23260, 23264, 23268, 23272, 23276, 23280, 23284, 23288, 23292, 23296, 23300, 23304, 23308, 23312, 23316, 23320, 23324, 23328, 23332, 23336, 23340, 23344, 23348, 23352, 23356, 23360, 23364, 23368, 23372, 23376, 23380, 23384, 23388, 23392, 23396, 23400, 23404, 23408, 23412, 23416, 23420, 23424, 23428, 23432, 23436, 23440, 23444, 23448, 23452, 23456, 23460, 23464, 23468, 23472, 23476, 23480, 23484, 23488, 23492, 23496, 23500, 23504, 23508, 23512, 23516, 23520, 23524, 23528, 23532, 23536, 23540, 23544, 23548, 23552, 23556, 23560, 23564, 23568, 23572, 23576, 23580, 23584, 23588, 23592, 23596, 23600, 23604, 23608, 23612, 23616, 23620, 23624, 23628, 23632, 23636, 23640, 23644, 23648, 23652, 23656, 23660, 23664, 23668, 23672, 23676, 23680, 23684, 23688, 23692, 23696, 23700, 23704, 23708, 23712, 23716, 23720, 23724, 23728, 23732, 23736, 23740, 23744, 23748, 23752, 23756, 23760, 23764, 23768, 23772, 23776, 23780, 23784, 23788, 23792, 23796, 23800, 23804, 23808, 23812, 23816, 23820, 23824, 23828, 23832, 23836, 23840, 23844, 23848, 23852, 23856, 23860, 23864, 23868, 23872, 23876, 23880, 23884, 23888, 23892, 23896, 23900, 23904, 23908, 23912, 23916, 23920, 23924, 23928, 23932, 23936, 23940, 23944, 23948, 23952, 23956, 23960, 23964, 23968, 23972, 23976, 23980, 23984, 23988, 23992, 23996, 24000, 24004, 24008, 24012, 24016, 24020, 24024, 24028, 24032, 24036, 24040, 24044, 24048, 24052, 24056, 24060, 24064, 24068, 24072, 24076, 24080, 24084, 24088, 24092, 24096, 24100, 24104, 24108, 24112, 24116, 24120, 24124, 24128, 24132, 24136, 24140, 24144, 24148, 24152, 24156, 24160, 24164, 24168, 24172, 24176, 24180, 24184, 24188, 24192, 24196, 24200, 24204, 24208, 24212, 24216, 24220, 24224, 24228, 24232, 24236, 24240, 24244, 24248, 24252, 24256, 24260, 24264, 24268, 24272, 24276, 24280, 24284, 24288, 24292, 24296, 24300, 24304, 24308, 24312, 24316, 24320, 24324, 24328, 24332, 24336, 24340, 24344, 24348, 24352, 24356, 24360, 24364, 24368, 24372, 24376, 24380, 24384, 24388, 24392, 24396, 24400, 24404, 24408, 24412, 24416, 24420, 24424, 24428, 24432, 24436, 24440, 24444, 24448, 24452, 24456, 24460, 24464, 24468, 24472, 24476, 24480, 24484, 24488, 24492, 24496, 24500, 24504, 24508, 24512, 24516, 24520, 24524, 24528, 24532, 24536, 24540, 24544, 24548, 24552, 24556, 24560, 24564, 24568, 24572, 24576, 24580, 24584, 24588, 24592, 24596, 24600, 24604, 24608, 24612, 24616, 24620, 24624, 24628, 24632, 24636, 24640, 24644, 24648, 24652, 24656, 24660, 24664, 24668, 24672, 24676, 24680, 24684, 24688, 24692, 24696, 24700, 24704, 24708, 24712, 24716, 24720, 24724, 24728, 24732, 24736, 24740, 24744, 24748, 24752, 24756, 24760, 24764, 24768, 24772, 24776, 24780, 24784, 24788, 24792, 24796, 24800, 24804, 24808, 24812, 24816, 24820, 24824, 24828, 24832, 24836, 24840, 24844, 24848, 24852, 24856, 24860, 24864, 24868, 24872, 24876, 24880, 24884, 24888, 24892, 24896, 24900, 24904, 24908, 24912, 24916, 24920, 24924, 24928, 24932, 24936, 24940, 24944, 24948, 24952, 24956, 24960, 24964, 24968, 24972, 24976, 24980, 24984, 24988, 24992, 24996, 25000, 25004, 25008, 25012, 25016, 25020, 25024, 25028, 25032, 25036, 25040, 25044, 25048, 25052, 25056, 25060, 25064, 25068, 25072, 25076, 25080, 25084, 25088, 25092, 25096, 25100, 25104, 25108, 25112, 25116, 25120, 25124, 25128, 25132, 25136, 25140, 25144, 25148, 25152, 25156, 25160, 25164, 25168, 25172, 25176, 25180, 25184, 25188, 25192, 25196, 25200, 25204, 25208, 25212, 25216, 25220, 25224, 25228, 25232, 25236, 25240, 25244, 25248, 25252, 25256, 25260, 25264, 25268, 25272, 25276, 25280, 25284, 25288, 25292, 25296, 25300, 25304, 25308, 25312, 25316, 25320, 25324, 25328, 25332, 25336, 25340, 25344, 25348, 25352, 25356, 25360, 25364, 25368, 25372, 25376, 25380, 25384, 25388, 25392, 25396, 25400, 25404, 25408, 25412, 25416, 25420, 25424, 25428, 25432, 25436, 25440, 25444, 25448, 25452, 25456, 25460, 25464, 25468, 25472, 25476, 25480, 25484, 25488, 25492, 25496, 25500, 25504, 25508, 25512, 25516, 25520, 25524, 25528, 25532, 25536, 25540, 25544, 25548, 25552, 25556, 25560, 25564, 25568, 25572, 25576, 25580, 25584, 25588, 25592, 25596, 25600, 25604, 25608, 25612, 25616, 25620, 25624, 25628, 25632, 25636, 25640, 25644, 25648, 25652, 25656, 25660, 25664, 25668, 25672, 25676, 25680, 25684, 25688, 25692, 25696, 25700, 25704, 25708, 25712, 25716, 25720, 25724, 25728, 25732, 25736, 25740, 25744, 25748, 25752, 25756, 25760, 25764, 25768, 25772, 25776, 25780, 25784, 25788, 25792, 25796, 25800, 25804, 25808, 25812, 25816, 25820, 25824, 25828, 25832, 25836, 25840, 25844, 25848, 25852, 25856, 25860, 25864, 25868, 25872, 25876, 25880, 25884, 25888, 25892, 25896, 25900, 25904, 25908, 25912, 25916, 25920, 25924, 25928, 25932, 25936, 25940, 25944, 25948, 25952, 25956, 25960, 25964, 25968, 25972, 25976, 25980, 25984, 25988, 25992, 25996, 26000, 26004, 26008, 26012, 26016, 26020, 26024, 26028, 26032, 26036, 26040, 26044, 26048, 26052, 26056, 26060, 26064, 26068, 26072, 26076, 26080, 26084, 26088, 26092, 26096, 26100, 26104, 26108, 26112, 26116, 26120, 26124, 26128, 26132, 26136, 26140, 26144, 26148, 26152, 26156, 26160, 26164, 26168, 26172, 26176, 26180, 26184, 26188, 26192, 26196, 26200, 26204, 26208, 26212, 26216, 26220, 26224, 26228, 26232, 26236, 26240, 26244, 26248, 26252, 26256, 26260, 26264, 26268, 26272, 26276, 26280, 26284, 26288, 26292, 26296, 26300, 26304, 26308, 26312, 26316, 26320, 26324, 26328, 26332, 26336, 26340, 26344, 26348, 26352, 26356, 26360, 26364, 26368, 26372, 26376, 26380, 26384, 26388, 26392, 26396, 26400, 26404, 26408, 26412, 26416, 26420, 26424, 26428, 26432, 26436, 26440, 26444, 26448, 26452, 26456, 26460, 26464, 26468, 26472, 26476, 26480, 26484, 26488, 26492, 26496, 26500, 26504, 26508, 26512, 26516, 26520, 26524, 26528, 26532, 26536, 26540, 26544, 26548, 26552, 26556, 26560, 26564, 26568, 26572, 26576, 26580, 26584, 26588, 26592, 26596, 26600, 26604, 26608, 26612, 26616, 26620, 26624, 26628, 26632, 26636, 26640, 26644, 26648, 26652, 26656, 26660, 26664, 26668, 26672, 26676, 26680, 26684, 26688, 26692, 26696, 26700, 26704, 26708, 26712, 26716, 26720, 26724, 26728, 26732, 26736, 26740, 26744, 26748, 26752, 26756, 26760, 26764, 26768, 26772, 26776, 26780, 26784, 26788, 26792, 26796, 26800, 26804, 26808, 26812, 26816, 26820, 26824, 26828, 26832, 26836, 26840, 26844, 26848, 26852, 26856, 26860, 26864, 26868, 26872, 26876, 26880, 26884, 26888, 26892, 26896, 26900, 26904, 26908, 26912, 26916, 26920, 26924, 26928, 26932, 26936, 26940, 26944, 26948, 26952, 26956, 26960, 26964, 26968, 26972, 26976, 26980, 26984, 26988, 26992, 26996, 27000, 27004, 27008, 27012, 27016, 27020, 27024, 27028, 27032, 27036, 27040, 27044, 27048, 27052, 27056, 27060, 27064, 27068, 27072, 27076, 27080, 27084, 27088, 27092, 27096, 27100, 27104, 27108, 27112, 27116, 27120, 27124, 27128, 27132, 27136, 27140, 27144, 27148, 27152, 27156, 27160, 27164, 27168, 27172, 27176, 27180, 27184, 27188, 27192, 27196, 27200, 27204, 27208, 27212, 27216, 27220, 27224, 27228, 27232, 27236, 27240, 27244, 27248, 27252, 27256, 27260, 27264, 27268, 27272, 27276, 27280, 27284, 27288, 27292, 27296, 27300, 27304, 27308, 27312, 27316, 27320, 27324, 27328, 27332, 27336, 27340, 27344, 27348, 27352, 27356, 27360, 27364, 27368, 27372, 27376, 27380, 27384, 27388, 27392, 27396, 27400, 27404, 27408, 27412, 27416, 27420, 27424, 27428, 27432, 27436, 27440, 27444, 27448, 27452, 27456, 27460, 27464, 27468, 27472, 27476, 27480, 27484, 27488, 27492, 27496, 27500, 27504, 27508, 27512, 27516, 27520, 27524, 27528, 27532, 27536, 27540, 27544, 27548, 27552, 27556, 27560, 27564, 27568, 27572, 27576, 27580, 27584, 27588, 27592, 27596, 27600, 27604, 27608, 27612, 27616, 27620, 27624, 27628, 27632, 27636, 27640, 27644, 27648, 27652, 27656, 27660, 27664, 27668, 27672, 27676, 27680, 27684, 27688, 27692, 27696, 27700, 27704, 27708, 27712, 27716, 27720, 27724, 27728, 27732, 27736, 27740, 27744, 27748, 27752, 27756, 27760, 27764, 27768, 27772, 27776, 27780, 27784, 27788, 27792, 27796, 27800, 27804, 27808, 27812, 27816, 27820, 27824, 27828, 27832, 27836, 27840, 27844, 27848, 27852, 27856, 27860, 27864, 27868, 27872, 27876, 27880, 27884, 27888, 27892, 27896, 27900, 27904, 27908, 27912, 27916, 27920, 27924, 27928, 27932, 27936, 27940, 27944, 27948, 27952, 27956, 27960, 27964, 27968, 27972, 27976, 27980, 27984, 27988, 27992, 27996, 28000, 28004, 28008, 28012, 28016, 28020, 28024, 28028, 28032, 28036, 28040, 28044, 28048, 28052, 28056, 28060, 28064, 28068, 28072, 28076, 28080, 28084, 28088, 28092, 28096, 28100, 28104, 28108, 28112, 28116, 28120, 28124, 28128, 28132, 28136, 28140, 28144, 28148, 28152, 28156, 28160, 28164, 28168, 28172, 28176, 28180, 28184, 28188, 28192, 28196, 28200, 28204, 28208, 28212, 28216, 28220, 28224, 28228, 28232, 28236, 28240, 28244, 28248, 28252, 28256, 28260, 28264, 28268, 28272, 28276, 28280, 28284, 28288, 28292, 28296, 28300, 28304, 28308, 28312, 28316, 28320, 28324, 28328, 28332, 28336, 28340, 28344, 28348, 28352, 28356, 28360, 28364, 28368, 28372, 28376, 28380, 28384, 28388, 28392, 28396, 28400, 28404, 28408, 28412, 28416, 28420, 28424, 28428, 28432, 28436, 28440, 28444, 28448, 28452, 28456, 28460, 28464, 28468, 28472, 28476, 28480, 28484, 28488, 28492, 28496, 28500, 28504, 28508, 28512, 28516, 28520, 28524, 28528, 28532, 28536, 28540, 28544, 28548, 28552, 28556, 28560, 28564, 28568, 28572, 28576, 28580, 28584, 28588, 28592, 28596, 28600, 28604, 28608, 28612, 28616, 28620, 28624, 28628, 28632, 28636, 28640, 28644, 28648, 28652, 28656, 28660, 28664, 28668, 28672, 28676, 28680, 28684, 28688, 28692, 28696, 28700, 28704, 28708, 28712, 28716, 28720, 28724, 28728, 28732, 28736, 28740, 28744, 28748, 28752, 28756, 28760, 28764, 28768, 28772, 28776, 28780, 28784, 28788, 28792, 28796, 28800, 28804, 28808, 28812, 28816, 28820, 28824, 28828, 28832, 28836, 28840, 28844, 28848, 28852, 28856, 28860, 28864, 28868, 28872, 28876, 28880, 28884, 28888, 28892, 28896, 28900, 28904, 28908, 28912, 28916, 28920, 28924, 28928, 28932, 28936, 28940, 28944, 28948, 28952, 28956, 28960, 28964, 28968, 28972, 28976, 28980, 28984, 28988, 28992, 28996, 29000, 29004, 29008, 29012, 29016, 29020, 29024, 29028, 29032, 29036, 29040, 29044, 29048, 29052, 29056, 29060, 29064, 29068, 29072, 29076, 29080, 29084, 29088, 29092, 29096, 29100, 29104, 29108, 29112, 29116, 29120, 29124, 29128, 29132, 29136, 29140, 29144, 29148, 29152, 29156, 29160, 29164, 29168, 29172, 29176, 29180, 29184, 29188, 29192, 29196, 29200, 29204, 29208, 29212, 29216, 29220, 29224, 29228, 29232, 29236, 29240, 29244, 29248, 29252, 29256, 29260, 29264, 29268, 29272, 29276, 29280, 29284, 29288, 29292, 29296, 29300, 29304, 29308, 29312, 29316, 29320, 29324, 29328, 29332, 29336, 29340, 29344, 29348, 29352, 29356, 29360, 29364, 29368, 29372, 29376, 29380, 29384, 29388, 29392, 29396, 29400, 29404, 29408, 29412, 29416, 29420, 29424, 29428, 29432, 29436, 29440, 29444, 29448, 29452, 29456, 29460, 29464, 29468, 29472, 29476, 29480, 29484, 29488, 29492, 29496, 29500, 29504, 29508, 29512, 29516, 29520, 29524, 29528, 29532, 29536, 29540, 29544, 29548, 29552, 29556, 29560, 29564, 29568, 29572, 29576, 29580, 29584, 29588, 29592, 29596, 29600, 29604, 29608, 29612, 29616, 29620, 29624, 29628, 29632, 29636, 29640, 29644, 29648, 29652, 29656, 29660, 29664, 29668, 29672, 29676, 29680, 29684, 29688, 29692, 29696, 29700, 29704, 29708, 29712, 29716, 29720, 29724, 29728, 29732, 29736, 29740, 29744, 29748, 29752, 29756, 29760, 29764, 29768, 29772, 29776, 29780, 29784, 29788, 29792, 29796, 29800, 29804, 29808, 29812, 29816, 29820, 29824, 29828, 29832, 29836, 29840, 29844, 29848, 29852, 29856, 29860, 29864, 29868, 29872, 29876, 29880, 29884, 29888, 29892, 29896, 29900, 29904, 29908, 29912, 29916, 29920, 29924, 29928, 29932, 29936, 29940, 29944, 29948, 29952, 29956, 29960, 29964, 29968, 29972, 29976, 29980, 29984, 29988, 29992, 29996, 30000, 30004, 30008, 30012, 30016, 30020, 30024, 30028, 30032, 30036, 30040, 30044, 30048, 30052, 30056, 30060, 30064, 30068, 30072, 30076, 30080, 30084, 30088, 30092, 30096, 30100, 30104, 30108, 30112, 30116, 30120, 30124, 30128, 30132, 30136, 30140, 30144, 30148, 30152, 30156, 30160, 30164, 30168, 30172, 30176, 30180, 30184, 30188, 30192, 30196, 30200, 30204, 30208, 30212, 30216, 30220, 30224, 30228, 30232, 30236, 30240, 30244, 30248, 30252, 30256, 30260, 30264, 30268, 30272, 30276, 30280, 30284, 30288, 30292, 30296, 30300, 30304, 30308, 30312, 30316, 30320, 30324, 30328, 30332, 30336, 30340, 30344, 30348, 30352, 30356, 30360, 30364, 30368, 30372, 30376, 30380, 30384, 30388, 30392, 30396, 30400, 30404, 30408, 30412, 30416, 30420, 30424, 30428, 30432, 30436, 30440, 30444, 30448, 30452, 30456, 30460, 30464, 30468, 30472, 30476, 30480, 30484, 30488, 30492, 30496, 30500, 30504, 30508, 30512, 30516, 30520, 30524, 30528, 30532, 30536, 30540, 30544, 30548, 30552, 30556, 30560, 30564, 30568, 30572, 30576, 30580, 30584, 30588, 30592, 30596, 30600, 30604, 30608, 30612, 30616, 30620, 30624, 30628, 30632, 30636, 30640, 30644, 30648, 30652, 30656, 30660, 30664, 30668, 30672, 30676, 30680, 30684, 30688, 30692, 30696, 30700, 30704, 30708, 30712, 30716, 30720, 30724, 30728, 30732, 30736, 30740, 30744, 30748, 30752, 30756, 30760, 30764, 30768, 30772, 30776, 30780, 30784, 30788, 30792, 30796, 30800, 30804, 30808, 30812, 30816, 30820, 30824, 30828, 30832, 30836, 30840, 30844, 30848, 30852, 30856, 30860, 30864, 30868, 30872, 30876, 30880, 30884, 30888, 30892, 30896, 30900, 30904, 30908, 30912, 30916, 30920, 30924, 30928, 30932, 30936, 30940, 30944, 30948, 30952, 30956, 30960, 30964, 30968, 30972, 30976, 30980, 30984, 30988, 30992, 30996, 31000, 31004, 31008, 31012, 31016, 31020, 31024, 31028, 31032, 31036, 31040, 31044, 31048, 31052, 31056, 31060, 31064, 31068, 31072, 31076, 31080, 31084, 31088, 31092, 31096, 31100, 31104, 31108, 31112, 31116, 31120, 31124, 31128, 31132, 31136, 31140, 31144, 31148, 31152, 31156, 31160, 31164, 31168, 31172, 31176, 31180, 31184, 31188, 31192, 31196, 31200, 31204, 31208, 31212, 31216, 31220, 31224, 31228, 31232, 31236, 31240, 31244, 31248, 31252, 31256, 31260, 31264, 31268, 31272, 31276, 31280, 31284, 31288, 31292, 31296, 31300, 31304, 31308, 31312, 31316, 31320, 31324, 31328, 31332, 31336, 31340, 31344, 31348, 31352, 31356, 31360, 31364, 31368, 31372, 31376, 31380, 31384, 31388, 31392, 31396, 31400, 31404, 31408, 31412, 31416, 31420, 31424, 31428, 31432, 31436, 31440, 31444, 31448, 31452, 31456, 31460, 31464, 31468, 31472, 31476, 31480, 31484, 31488, 31492, 31496, 31500, 31504, 31508, 31512, 31516, 31520, 31524, 31528, 31532, 31536, 31540, 31544, 31548, 31552, 31556, 31560, 31564, 31568, 31572, 31576, 31580, 31584, 31588, 31592, 31596, 31600, 31604, 31608, 31612, 31616, 31620, 31624, 31628, 31632, 31636, 31640, 31644, 31648, 31652, 31656, 31660, 31664, 31668, 31672, 31676, 31680, 31684, 31688, 31692, 31696, 31700, 31704, 31708, 31712, 31716, 31720, 31724, 31728, 31732, 31736, 31740, 31744, 31748, 31752, 31756, 31760, 31764, 31768, 31772, 31776, 31780, 31784, 31788, 31792, 31796, 31800, 31804, 31808, 31812, 31816, 31820, 31824, 31828, 31832, 31836, 31840, 31844, 31848, 31852, 31856, 31860, 31864, 31868, 31872, 31876, 31880, 31884, 31888, 31892, 31896, 31900, 31904, 31908, 31912, 31916, 31920, 31924, 31928, 31932, 31936, 31940, 31944, 31948, 31952, 31956, 31960, 31964, 31968, 31972, 31976, 31980, 31984, 31988, 31992, 31996, 32000, 32004, 32008, 32012, 32016, 32020, 32024, 32028, 32032, 32036, 32040, 32044, 32048, 32052, 32056, 32060, 32064, 32068, 32072, 32076, 32080, 32084, 32088, 32092, 32096, 32100, 32104, 32108, 32112, 32116, 32120, 32124, 32128, 32132, 32136, 32140, 32144, 32148, 32152, 32156, 32160, 32164, 32168, 32172, 32176, 32180, 32184, 32188, 32192, 32196, 32200, 32204, 32208, 32212, 32216, 32220, 32224, 32228, 32232, 32236, 32240, 32244, 32248, 32252, 32256, 32260, 32264, 32268, 32272, 32276, 32280, 32284, 32288, 32292, 32296, 32300, 32304, 32308, 32312, 32316, 32320, 32324, 32328, 32332, 32336, 32340, 32344, 32348, 32352, 32356, 32360, 32364, 32368, 32372, 32376, 32380, 32384, 32388, 32392, 32396, 32400, 32404, 32408, 32412, 32416, 32420, 32424, 32428, 32432, 32436, 32440, 32444, 32448, 32452, 32456, 32460, 32464, 32468, 32472, 32476, 32480, 32484, 32488, 32492, 32496, 32500, 32504, 32508, 32512, 32516, 32520, 32524, 32528, 32532, 32536, 32540, 32544, 32548, 32552, 32556, 32560, 32564, 32568, 32572, 32576, 32580, 32584, 32588, 32592, 32596, 32600, 32604, 32608, 32612, 32616, 32620, 32624, 32628, 32632, 32636, 32640, 32644, 32648, 32652, 32656, 32660, 32664, 32668, 32672, 32676, 32680, 32684, 32688, 32692, 32696, 32700, 32704, 32708, 32712, 32716, 32720, 32724, 32728, 32732, 32736, 32740, 32744, 32748, 32752, 32756, 32760, 32764, 32768, 32772, 32776, 32780, 32784, 32788, 32792, 32796, 32800, 32804, 32808, 32812, 32816, 32820, 32824, 32828, 32832, 32836, 32840, 32844, 32848, 32852, 32856, 32860, 32864, 32868, 32872, 32876, 32880, 32884, 32888, 32892, 32896, 32900, 32904, 32908, 32912, 32916, 32920, 32924, 32928, 32932, 32936, 32940, 32944, 32948, 32952, 32956, 32960, 32964, 32968, 32972, 32976, 32980, 32984, 32988, 32992, 32996, 33000, 33004, 33008, 33012, 33016, 33020, 33024, 33028, 33032, 33036, 33040, 33044, 33048, 33052, 33056, 33060, 33064, 33068, 33072, 33076, 33080, 33084, 33088, 33092, 33096, 33100, 33104, 33108, 33112, 33116, 33120, 33124, 33128, 33132, 33136, 33140, 33144, 33148, 33152, 33156, 33160, 33164, 33168, 33172, 33176, 33180, 33184, 33188, 33192, 33196, 33200, 33204, 33208, 33212, 33216, 33220, 33224, 33228, 33232, 33236, 33240, 33244, 33248, 33252, 33256, 33260, 33264, 33268, 33272, 33276, 33280, 33284, 33288, 33292, 33296, 33300, 33304, 33308, 33312, 33316, 33320, 33324, 33328, 33332, 33336, 33340, 33344, 33348, 33352, 33356, 33360, 33364, 33368, 33372, 33376, 33380, 33384, 33388, 33392, 33396, 33400, 33404, 33408, 33412, 33416, 33420, 33424, 33428, 33432, 33436, 33440, 33444, 33448, 33452, 33456, 33460, 33464, 33468, 33472, 33476, 33480, 33484, 33488, 33492, 33496, 33500, 33504, 33508, 33512, 33516, 33520, 33524, 33528, 33532, 33536, 33540, 33544, 33548, 33552, 33556, 33560, 33564, 33568, 33572, 33576, 33580, 33584, 33588, 33592, 33596, 33600, 33604, 33608, 33612, 33616, 33620, 33624, 33628, 33632, 33636, 33640, 33644, 33648, 33652, 33656, 33660, 33664, 33668, 33672, 33676, 33680, 33684, 33688, 33692, 33696, 33700, 33704, 33708, 33712, 33716, 33720, 33724, 33728, 33732, 33736, 33740, 33744, 33748, 33752, 33756, 33760, 33764, 33768, 33772, 33776, 33780, 33784, 33788, 33792, 33796, 33800, 33804, 33808, 33812, 33816, 33820, 33824, 33828, 33832, 33836, 33840, 33844, 33848, 33852, 33856, 33860, 33864, 33868, 33872, 33876, 33880, 33884, 33888, 33892, 33896, 33900, 33904, 33908, 33912, 33916, 33920, 33924, 33928, 33932, 33936, 33940, 33944, 33948, 33952, 33956, 33960, 33964, 33968, 33972, 33976, 33980, 33984, 33988, 33992, 33996, 34000, 34004, 34008, 34012, 34016, 34020, 34024, 34028, 34032, 34036, 34040, 34044, 34048, 34052, 34056, 34060, 34064, 34068, 34072, 34076, 34080, 34084, 34088, 34092, 34096, 34100, 34104, 34108, 34112, 34116, 34120, 34124, 34128, 34132, 34136, 34140, 34144, 34148, 34152, 34156, 34160, 34164, 34168, 34172, 34176, 34180, 34184, 34188, 34192, 34196, 34200, 34204, 34208, 34212, 34216, 34220, 34224, 34228, 34232, 34236, 34240, 34244, 34248, 34252, 34256, 34260, 34264, 34268, 34272, 34276, 34280, 34284, 34288, 34292, 34296, 34300, 34304, 34308, 34312, 34316, 34320, 34324, 34328, 34332, 34336, 34340, 34344, 34348, 34352, 34356, 34360, 34364, 34368, 34372, 34376, 34380, 34384, 34388, 34392, 34396, 34400, 34404, 34408, 34412, 34416, 34420, 34424, 34428, 34432, 34436, 34440, 34444, 34448, 34452, 34456, 34460, 34464, 34468, 34472, 34476, 34480, 34484, 34488, 34492, 34496, 34500, 34504, 34508, 34512, 34516, 34520, 34524, 34528, 34532, 34536, 34540, 34544, 34548, 34552, 34556, 34560, 34564, 34568, 34572, 34576, 34580, 34584, 34588, 34592, 34596, 34600, 34604, 34608, 34612, 34616, 34620, 34624, 34628, 34632, 34636, 34640, 34644, 34648, 34652, 34656, 34660, 34664, 34668, 34672, 34676, 34680, 34684, 34688, 34692, 34696, 34700, 34704, 34708, 34712, 34716, 34720, 34724, 34728, 34732, 34736, 34740, 34744, 34748, 34752, 34756, 34760, 34764, 34768, 34772, 34776, 34780, 34784, 34788, 34792, 34796, 34800, 34804, 34808, 34812, 34816, 34820, 34824, 34828, 34832, 34836, 34840, 34844, 34848, 34852, 34856, 34860, 34864, 34868, 34872, 34876, 34880, 34884, 34888, 34892, 34896, 34900, 34904, 34908, 34912, 34916, 34920, 34924, 34928, 34932, 34936, 34940, 34944, 34948, 34952, 34956, 34960, 34964, 34968, 34972, 34976, 34980, 34984, 34988, 34992, 34996, 35000, 35004, 35008, 35012, 35016, 35020, 35024, 35028, 35032, 35036, 35040, 35044, 35048, 35052, 35056, 35060, 35064, 35068, 35072, 35076, 35080, 35084, 35088, 35092, 35096, 35100, 35104, 35108, 35112, 35116, 35120, 35124, 35128, 35132, 35136, 35140, 35144, 35148, 35152, 35156, 35160, 35164, 35168, 35172, 35176, 35180, 35184, 35188, 35192, 35196, 35200, 35204, 35208, 35212, 35216, 35220, 35224, 35228, 35232, 35236, 35240, 35244, 35248, 35252, 35256, 35260, 35264, 35268, 35272, 35276, 35280, 35284, 35288, 35292, 35296, 35300, 35304, 35308, 35312, 35316, 35320, 35324, 35328, 35332, 35336, 35340, 35344, 35348, 35352, 35356, 35360, 35364, 35368, 35372, 35376, 35380, 35384, 35388, 35392, 35396, 35400, 35404, 35408, 35412, 35416, 35420, 35424, 35428, 35432, 35436, 35440, 35444, 35448, 35452, 35456, 35460, 35464, 35468, 35472, 35476, 35480, 35484, 35488, 35492, 35496, 35500, 35504, 35508, 35512, 35516, 35520, 35524, 35528, 35532, 35536, 35540, 35544, 35548, 35552, 35556, 35560, 35564, 35568, 35572, 35576, 35580, 35584, 35588, 35592, 35596, 35600, 35604, 35608, 35612, 35616, 35620, 35624, 35628, 35632, 35636, 35640, 35644, 35648, 35652, 35656, 35660, 35664, 35668, 35672, 35676, 35680, 35684, 35688, 35692, 35696, 35700, 35704, 35708, 35712, 35716, 35720, 35724, 35728, 35732, 35736, 35740, 35744, 35748, 35752, 35756, 35760, 35764, 35768, 35772, 35776, 35780, 35784, 35788, 35792, 35796, 35800, 35804, 35808, 35812, 35816, 35820, 35824, 35828, 35832, 35836, 35840, 35844, 35848, 35852, 35856, 35860, 35864, 35868, 35872, 35876, 35880, 35884, 35888, 35892, 35896, 35900, 35904, 35908, 35912, 35916, 35920, 35924, 35928, 35932, 35936, 35940, 35944, 35948, 35952, 35956, 35960, 35964, 35968, 35972, 35976, 35980, 35984, 35988, 35992, 35996, 36000, 36004, 36008, 36012, 36016, 36020, 36024, 36028, 36032, 36036, 36040, 36044, 36048, 36052, 36056, 36060, 36064, 36068, 36072, 36076, 36080, 36084, 36088, 36092, 36096, 36100, 36104, 36108, 36112, 36116, 36120, 36124, 36128, 36132, 36136, 36140, 36144, 36148, 36152, 36156, 36160, 36164, 36168, 36172, 36176, 36180, 36184, 36188, 36192, 36196, 36200, 36204, 36208, 36212, 36216, 36220, 36224, 36228, 36232, 36236, 36240, 36244, 36248, 36252, 36256, 36260, 36264, 36268, 36272, 36276, 36280, 36284, 36288, 36292, 36296, 36300, 36304, 36308, 36312, 36316, 36320, 36324, 36328, 36332, 36336, 36340, 36344, 36348, 36352, 36356, 36360, 36364, 36368, 36372, 36376, 36380, 36384, 36388, 36392, 36396, 36400, 36404, 36408, 36412, 36416, 36420, 36424, 36428, 36432, 36436, 36440, 36444, 36448, 36452, 36456, 36460, 36464, 36468, 36472, 36476, 36480, 36484, 36488, 36492, 36496, 36500, 36504, 36508, 36512, 36516, 36520, 36524, 36528, 36532, 36536, 36540, 36544, 36548, 36552, 36556, 36560, 36564, 36568, 36572, 36576, 36580, 36584, 36588, 36592, 36596, 36600, 36604, 36608, 36612, 36616, 36620, 36624, 36628, 36632, 36636, 36640, 36644, 36648, 36652, 36656, 36660, 36664, 36668, 36672, 36676, 36680, 36684, 36688, 36692, 36696, 36700, 36704, 36708, 36712, 36716, 36720, 36724, 36728, 36732, 36736, 36740, 36744, 36748, 36752, 36756, 36760, 36764, 36768, 36772, 36776, 36780, 36784, 36788, 36792, 36796, 36800, 36804, 36808, 36812, 36816, 36820, 36824, 36828, 36832, 36836, 36840, 36844, 36848, 36852, 36856, 36860, 36864, 36868, 36872, 36876, 36880, 36884, 36888, 36892, 36896, 36900, 36904, 36908, 36912, 36916, 36920, 36924, 36928, 36932, 36936, 36940, 36944, 36948, 36952, 36956, 36960, 36964, 36968, 36972, 36976, 36980, 36984, 36988, 36992, 36996, 37000, 37004, 37008, 37012, 37016, 37020, 37024, 37028, 37032, 37036, 37040, 37044, 37048, 37052, 37056, 37060, 37064, 37068, 37072, 37076, 37080, 37084, 37088, 37092, 37096, 37100, 37104, 37108, 37112, 37116, 37120, 37124, 37128, 37132, 37136, 37140, 37144, 37148, 37152, 37156, 37160, 37164, 37168, 37172, 37176, 37180, 37184, 37188, 37192, 37196, 37200, 37204, 37208, 37212, 37216, 37220, 37224, 37228, 37232, 37236, 37240, 37244, 37248, 37252, 37256, 37260, 37264, 37268, 37272, 37276, 37280, 37284, 37288, 37292, 37296, 37300, 37304, 37308, 37312, 37316, 37320, 37324, 37328, 37332, 37336, 37340, 37344, 37348, 37352, 37356, 37360, 37364, 37368, 37372, 37376, 37380, 37384, 37388, 37392, 37396, 37400, 37404, 37408, 37412, 37416, 37420, 37424, 37428, 37432, 37436, 37440, 37444, 37448, 37452, 37456, 37460, 37464, 37468, 37472, 37476, 37480, 37484, 37488, 37492, 37496, 37500, 37504, 37508, 37512, 37516, 37520, 37524, 37528, 37532, 37536, 37540, 37544, 37548, 37552, 37556, 37560, 37564, 37568, 37572, 37576, 37580, 37584, 37588, 37592, 37596, 37600, 37604, 37608, 37612, 37616, 37620, 37624, 37628, 37632, 37636, 37640, 37644, 37648, 37652, 37656, 37660, 37664, 37668, 37672, 37676, 37680, 37684, 37688, 37692, 37696, 37700, 37704, 37708, 37712, 37716, 37720, 37724, 37728, 37732, 37736, 37740, 37744, 37748, 37752, 37756, 37760, 37764, 37768, 37772, 37776, 37780, 37784, 37788, 37792, 37796, 37800, 37804, 37808, 37812, 37816, 37820, 37824, 37828, 37832, 37836, 37840, 37844, 37848, 37852, 37856, 37860, 37864, 37868, 37872, 37876, 37880, 37884, 37888, 37892, 37896, 37900, 37904, 37908, 37912, 37916, 37920, 37924, 37928, 37932, 37936, 37940, 37944, 37948, 37952, 37956, 37960, 37964, 37968, 37972, 37976, 37980, 37984, 37988, 37992, 37996, 38000, 38004, 38008, 38012, 38016, 38020, 38024, 38028, 38032, 38036, 38040, 38044, 38048, 38052, 38056, 38060, 38064, 38068, 38072, 38076, 38080, 38084, 38088, 38092, 38096, 38100, 38104, 38108, 38112, 38116, 38120, 38124, 38128, 38132, 38136, 38140, 38144, 38148, 38152, 38156, 38160, 38164, 38168, 38172, 38176, 38180, 38184, 38188, 38192, 38196, 38200, 38204, 38208, 38212, 38216, 38220, 38224, 38228, 38232, 38236, 38240, 38244, 38248, 38252, 38256, 38260, 38264, 38268, 38272, 38276, 38280, 38284, 38288, 38292, 38296, 38300, 38304, 38308, 38312, 38316, 38320, 38324, 38328, 38332, 38336, 38340, 38344, 38348, 38352, 38356, 38360, 38364, 38368, 38372, 38376, 38380, 38384, 38388, 38392, 38396, 38400, 38404, 38408, 38412, 38416, 38420, 38424, 38428, 38432, 38436, 38440, 38444, 38448, 38452, 38456, 38460, 38464, 38468, 38472, 38476, 38480, 38484, 38488, 38492, 38496, 38500, 38504, 38508, 38512, 38516, 38520, 38524, 38528, 38532, 38536, 38540, 38544, 38548, 38552, 38556, 38560, 38564, 38568, 38572, 38576, 38580, 38584, 38588, 38592, 38596, 38600, 38604, 38608, 38612, 38616, 38620, 38624, 38628, 38632, 38636, 38640, 38644, 38648, 38652, 38656, 38660, 38664, 38668, 38672, 38676, 38680, 38684, 38688, 38692, 38696, 38700, 38704, 38708, 38712, 38716, 38720, 38724, 38728, 38732, 38736, 38740, 38744, 38748, 38752, 38756, 38760, 38764, 38768, 38772, 38776, 38780, 38784, 38788, 38792, 38796, 38800, 38804, 38808, 38812, 38816, 38820, 38824, 38828, 38832, 38836, 38840, 38844, 38848, 38852, 38856, 38860, 38864, 38868, 38872, 38876, 38880, 38884, 38888, 38892, 38896, 38900, 38904, 38908, 38912, 38916, 38920, 38924, 38928, 38932, 38936, 38940, 38944, 38948, 38952, 38956, 38960, 38964, 38968, 38972, 38976, 38980, 38984, 38988, 38992, 38996, 39000, 39004, 39008, 39012, 39016, 39020, 39024, 39028, 39032, 39036, 39040, 39044, 39048, 39052, 39056, 39060, 39064, 39068, 39072, 39076, 39080, 39084, 39088, 39092, 39096, 39100, 39104, 39108, 39112, 39116, 39120, 39124, 39128, 39132, 39136, 39140, 39144, 39148, 39152, 39156, 39160, 39164, 39168, 39172, 39176, 39180, 39184, 39188, 39192, 39196, 39200, 39204, 39208, 39212, 39216, 39220, 39224, 39228, 39232, 39236, 39240, 39244, 39248, 39252, 39256, 39260, 39264, 39268, 39272, 39276, 39280, 39284, 39288, 39292, 39296, 39300, 39304, 39308, 39312, 39316, 39320, 39324, 39328, 39332, 39336, 39340, 39344, 39348, 39352, 39356, 39360, 39364, 39368, 39372, 39376, 39380, 39384, 39388, 39392, 39396, 39400, 39404, 39408, 39412, 39416, 39420, 39424, 39428, 39432, 39436, 39440, 39444, 39448, 39452, 39456, 39460, 39464, 39468, 39472, 39476, 39480, 39484, 39488, 39492, 39496, 39500, 39504, 39508, 39512, 39516, 39520, 39524, 39528, 39532, 39536, 39540, 39544, 39548, 39552, 39556, 39560, 39564, 39568, 39572, 39576, 39580, 39584, 39588, 39592, 39596, 39600, 39604, 39608, 39612, 39616, 39620, 39624, 39628, 39632, 39636, 39640, 39644, 39648, 39652, 39656, 39660, 39664, 39668, 39672, 39676, 39680, 39684, 39688, 39692, 39696, 39700, 39704, 39708, 39712, 39716, 39720, 39724, 39728, 39732, 39736, 39740, 39744, 39748, 39752, 39756, 39760, 39764, 39768, 39772, 39776, 39780, 39784, 39788, 39792, 39796, 39800, 39804, 39808, 39812, 39816, 39820, 39824, 39828, 39832, 39836, 39840, 39844, 39848, 39852, 39856, 39860, 39864, 39868, 39872, 39876, 39880, 39884, 39888, 39892, 39896, 39900, 39904, 39908, 39912, 39916, 39920, 39924, 39928, 39932, 39936, 39940, 39944, 39948, 39952, 39956, 39960, 39964, 39968, 39972, 39976, 39980, 39984, 39988, 39992, 39996, 40000, 40004, 40008, 40012, 40016, 40020, 40024, 40028, 40032, 40036, 40040, 40044, 40048, 40052, 40056, 40060, 40064, 40068, 40072, 40076, 40080, 40084, 40088, 40092, 40096, 40100, 40104, 40108, 40112, 40116, 40120, 40124, 40128, 40132, 40136, 40140, 40144, 40148, 40152, 40156, 40160, 40164, 40168, 40172, 40176, 40180, 40184, 40188, 40192, 40196, 40200, 40204, 40208, 40212, 40216, 40220, 40224, 40228, 40232, 40236, 40240, 40244, 40248, 40252, 40256, 40260, 40264, 40268, 40272, 40276, 40280, 40284, 40288, 40292, 40296, 40300, 40304, 40308, 40312, 40316, 40320, 40324, 40328, 40332, 40336, 40340, 40344, 40348, 40352, 40356, 40360, 40364, 40368, 40372, 40376, 40380, 40384, 40388, 40392, 40396, 40400, 40404, 40408, 40412, 40416, 40420, 40424, 40428, 40432, 40436, 40440, 40444, 40448, 40452, 40456, 40460, 40464, 40468, 40472, 40476, 40480, 40484, 40488, 40492, 40496, 40500, 40504, 40508, 40512, 40516, 40520, 40524, 40528, 40532, 40536, 40540, 40544, 40548, 40552, 40556, 40560, 40564, 40568, 40572, 40576, 40580, 40584, 40588, 40592, 40596, 40600, 40604, 40608, 40612, 40616, 40620, 40624, 40628, 40632, 40636, 40640, 40644, 40648, 40652, 40656, 40660, 40664, 40668, 40672, 40676, 40680, 40684, 40688, 40692, 40696, 40700, 40704, 40708, 40712, 40716, 40720, 40724, 40728, 40732, 40736, 40740, 40744, 40748, 40752, 40756, 40760, 40764, 40768, 40772, 40776, 40780, 40784, 40788, 40792, 40796, 40800, 40804, 40808, 40812, 40816, 40820, 40824, 40828, 40832, 40836, 40840, 40844, 40848, 40852, 40856, 40860, 40864, 40868, 40872, 40876, 40880, 40884, 40888, 40892, 40896, 40900, 40904, 40908, 40912, 40916, 40920, 40924, 40928, 40932, 40936, 40940, 40944, 40948, 40952, 40956, 40960, 40964, 40968, 40972, 40976, 40980, 40984, 40988, 40992, 40996, 41000, 41004, 41008, 41012, 41016, 41020, 41024, 41028, 41032, 41036, 41040, 41044, 41048, 41052, 41056, 41060, 41064, 41068, 41072, 41076, 41080, 41084, 41088, 41092, 41096, 41100, 41104, 41108, 41112, 41116, 41120, 41124, 41128, 41132, 41136, 41140, 41144, 41148, 41152, 41156, 41160, 41164, 41168, 41172, 41176, 41180, 41184, 41188, 41192, 41196, 41200, 41204, 41208, 41212, 41216, 41220, 41224, 41228, 41232, 41236, 41240, 41244, 41248, 41252, 41256, 41260, 41264, 41268, 41272, 41276, 41280, 41284, 41288, 41292, 41296, 41300, 41304, 41308, 41312, 41316, 41320, 41324, 41328, 41332, 41336, 41340, 41344, 41348, 41352, 41356, 41360, 41364, 41368, 41372, 41376, 41380, 41384, 41388, 41392, 41396, 41400, 41404, 41408, 41412, 41416, 41420, 41424, 41428, 41432, 41436, 41440, 41444, 41448, 41452, 41456, 41460, 41464, 41468, 41472, 41476, 41480, 41484, 41488, 41492, 41496, 41500, 41504, 41508, 41512, 41516, 41520, 41524, 41528, 41532, 41536, 41540, 41544, 41548, 41552, 41556, 41560, 41564, 41568, 41572, 41576, 41580, 41584, 41588, 41592, 41596, 41600, 41604, 41608, 41612, 41616, 41620, 41624, 41628, 41632, 41636, 41640, 41644, 41648, 41652, 41656, 41660, 41664, 41668, 41672, 41676, 41680, 41684, 41688, 41692, 41696, 41700, 41704, 41708, 41712, 41716, 41720, 41724, 41728, 41732, 41736, 41740, 41744, 41748, 41752, 41756, 41760, 41764, 41768, 41772, 41776, 41780, 41784, 41788, 41792, 41796, 41800, 41804, 41808, 41812, 41816, 41820, 41824, 41828, 41832, 41836, 41840, 41844, 41848, 41852, 41856, 41860, 41864, 41868, 41872, 41876, 41880, 41884, 41888, 41892, 41896, 41900, 41904, 41908, 41912, 41916, 41920, 41924, 41928, 41932, 41936, 41940, 41944, 41948, 41952, 41956, 41960, 41964, 41968, 41972, 41976, 41980, 41984, 41988, 41992, 41996, 42000, 42004, 42008, 42012, 42016, 42020, 42024, 42028, 42032, 42036, 42040, 42044, 42048, 42052, 42056, 42060, 42064, 42068, 42072, 42076, 42080, 42084, 42088, 42092, 42096, 42100, 42104, 42108, 42112, 42116, 42120, 42124, 42128, 42132, 42136, 42140, 42144, 42148, 42152, 42156, 42160, 42164, 42168, 42172, 42176, 42180, 42184, 42188, 42192, 42196, 42200, 42204, 42208, 42212, 42216, 42220, 42224, 42228, 42232, 42236, 42240, 42244, 42248, 42252, 42256, 42260, 42264, 42268, 42272, 42276, 42280, 42284, 42288, 42292, 42296, 42300, 42304, 42308, 42312, 42316, 42320, 42324, 42328, 42332, 42336, 42340, 42344, 42348, 42352, 42356, 42360, 42364, 42368, 42372, 42376, 42380, 42384, 42388, 42392, 42396, 42400, 42404, 42408, 42412, 42416, 42420, 42424, 42428, 42432, 42436, 42440, 42444, 42448, 42452, 42456, 42460, 42464, 42468, 42472, 42476, 42480, 42484, 42488, 42492, 42496, 42500, 42504, 42508, 42512, 42516, 42520, 42524, 42528, 42532, 42536, 42540, 42544, 42548, 42552, 42556, 42560, 42564, 42568, 42572, 42576, 42580, 42584, 42588, 42592, 42596, 42600, 42604, 42608, 42612, 42616, 42620, 42624, 42628, 42632, 42636, 42640, 42644, 42648, 42652, 42656, 42660, 42664, 42668, 42672, 42676, 42680, 42684, 42688, 42692, 42696, 42700, 42704, 42708, 42712, 42716, 42720, 42724, 42728, 42732, 42736, 42740, 42744, 42748, 42752, 42756, 42760, 42764, 42768, 42772, 42776, 42780, 42784, 42788, 42792, 42796, 42800, 42804, 42808, 42812, 42816, 42820, 42824, 42828, 42832, 42836, 42840, 42844, 42848, 42852, 42856, 42860, 42864, 42868, 42872, 42876, 42880, 42884, 42888, 42892, 42896, 42900, 42904, 42908, 42912, 42916, 42920, 42924, 42928, 42932, 42936, 42940, 42944, 42948, 42952, 42956, 42960, 42964, 42968, 42972, 42976, 42980, 42984, 42988, 42992, 42996, 43000, 43004, 43008, 43012, 43016, 43020, 43024, 43028, 43032, 43036, 43040, 43044, 43048, 43052, 43056, 43060, 43064, 43068, 43072, 43076, 43080, 43084, 43088, 43092, 43096, 43100, 43104, 43108, 43112, 43116, 43120, 43124, 43128, 43132, 43136, 43140, 43144, 43148, 43152, 43156, 43160, 43164, 43168, 43172, 43176, 43180, 43184, 43188, 43192, 43196, 43200, 43204, 43208, 43212, 43216, 43220, 43224, 43228, 43232, 43236, 43240, 43244, 43248, 43252, 43256, 43260, 43264, 43268, 43272, 43276, 43280, 43284, 43288, 43292, 43296, 43300, 43304, 43308, 43312, 43316, 43320, 43324, 43328, 43332, 43336, 43340, 43344, 43348, 43352, 43356, 43360, 43364, 43368, 43372, 43376, 43380, 43384, 43388, 43392, 43396, 43400, 43404, 43408, 43412, 43416, 43420, 43424, 43428, 43432, 43436, 43440, 43444, 43448, 43452, 43456, 43460, 43464, 43468, 43472, 43476, 43480, 43484, 43488, 43492, 43496, 43500, 43504, 43508, 43512, 43516, 43520, 43524, 43528, 43532, 43536, 43540, 43544, 43548, 43552, 43556, 43560, 43564, 43568, 43572, 43576, 43580, 43584, 43588, 43592, 43596, 43600, 43604, 43608, 43612, 43616, 43620, 43624, 43628, 43632, 43636, 43640, 43644, 43648, 43652, 43656, 43660, 43664, 43668, 43672, 43676, 43680, 43684, 43688, 43692, 43696, 43700, 43704, 43708, 43712, 43716, 43720, 43724, 43728, 43732, 43736, 43740, 43744, 43748, 43752, 43756, 43760, 43764, 43768, 43772, 43776, 43780, 43784, 43788, 43792, 43796, 43800, 43804, 43808, 43812, 43816, 43820, 43824, 43828, 43832, 43836, 43840, 43844, 43848, 43852, 43856, 43860, 43864, 43868, 43872, 43876, 43880, 43884, 43888, 43892, 43896, 43900, 43904, 43908, 43912, 43916, 43920, 43924, 43928, 43932, 43936, 43940, 43944, 43948, 43952, 43956, 43960, 43964, 43968, 43972, 43976, 43980, 43984, 43988, 43992, 43996, 44000, 44004, 44008, 44012, 44016, 44020, 44024, 44028, 44032, 44036, 44040, 44044, 44048, 44052, 44056, 44060, 44064, 44068, 44072, 44076, 44080, 44084, 44088, 44092, 44096, 44100, 44104, 44108, 44112, 44116, 44120, 44124, 44128, 44132, 44136, 44140, 44144, 44148, 44152, 44156, 44160, 44164, 44168, 44172, 44176, 44180, 44184, 44188, 44192, 44196, 44200, 44204, 44208, 44212, 44216, 44220, 44224, 44228, 44232, 44236, 44240, 44244, 44248, 44252, 44256, 44260, 44264, 44268, 44272, 44276, 44280, 44284, 44288, 44292, 44296, 44300, 44304, 44308, 44312, 44316, 44320, 44324, 44328, 44332, 44336, 44340, 44344, 44348, 44352, 44356, 44360, 44364, 44368, 44372, 44376, 44380, 44384, 44388, 44392, 44396, 44400, 44404, 44408, 44412, 44416, 44420, 44424, 44428, 44432, 44436, 44440, 44444, 44448, 44452, 44456, 44460, 44464, 44468, 44472, 44476, 44480, 44484, 44488, 44492, 44496, 44500, 44504, 44508, 44512, 44516, 44520, 44524, 44528, 44532, 44536, 44540, 44544, 44548, 44552, 44556, 44560, 44564, 44568, 44572, 44576, 44580, 44584, 44588, 44592, 44596, 44600, 44604, 44608, 44612, 44616, 44620, 44624, 44628, 44632, 44636, 44640, 44644, 44648, 44652, 44656, 44660, 44664, 44668, 44672, 44676, 44680, 44684, 44688, 44692, 44696, 44700, 44704, 44708, 44712, 44716, 44720, 44724, 44728, 44732, 44736, 44740, 44744, 44748, 44752, 44756, 44760, 44764, 44768, 44772, 44776, 44780, 44784, 44788, 44792, 44796, 44800, 44804, 44808, 44812, 44816, 44820, 44824, 44828, 44832, 44836, 44840, 44844, 44848, 44852, 44856, 44860, 44864, 44868, 44872, 44876, 44880, 44884, 44888, 44892, 44896, 44900, 44904, 44908, 44912, 44916, 44920, 44924, 44928, 44932, 44936, 44940, 44944, 44948, 44952, 44956, 44960, 44964, 44968, 44972, 44976, 44980, 44984, 44988, 44992, 44996, 45000, 45004, 45008, 45012, 45016, 45020, 45024, 45028, 45032, 45036, 45040, 45044, 45048, 45052, 45056, 45060, 45064, 45068, 45072, 45076, 45080, 45084, 45088, 45092, 45096, 45100, 45104, 45108, 45112, 45116, 45120, 45124, 45128, 45132, 45136, 45140, 45144, 45148, 45152, 45156, 45160, 45164, 45168, 45172, 45176, 45180, 45184, 45188, 45192, 45196, 45200, 45204, 45208, 45212, 45216, 45220, 45224, 45228, 45232, 45236, 45240, 45244, 45248, 45252, 45256, 45260, 45264, 45268, 45272, 45276, 45280, 45284, 45288, 45292, 45296, 45300, 45304, 45308, 45312, 45316, 45320, 45324, 45328, 45332, 45336, 45340, 45344, 45348, 45352, 45356, 45360, 45364, 45368, 45372, 45376, 45380, 45384, 45388, 45392, 45396, 45400, 45404, 45408, 45412, 45416, 45420, 45424, 45428, 45432, 45436, 45440, 45444, 45448, 45452, 45456, 45460, 45464, 45468, 45472, 45476, 45480, 45484, 45488, 45492, 45496, 45500, 45504, 45508, 45512, 45516, 45520, 45524, 45528, 45532, 45536, 45540, 45544, 45548, 45552, 45556, 45560, 45564, 45568, 45572, 45576, 45580, 45584, 45588, 45592, 45596, 45600, 45604, 45608, 45612, 45616, 45620, 45624, 45628, 45632, 45636, 45640, 45644, 45648, 45652, 45656, 45660, 45664, 45668, 45672, 45676, 45680, 45684, 45688, 45692, 45696, 45700, 45704, 45708, 45712, 45716, 45720, 45724, 45728, 45732, 45736, 45740, 45744, 45748, 45752, 45756, 45760, 45764, 45768, 45772, 45776, 45780, 45784, 45788, 45792, 45796, 45800, 45804, 45808, 45812, 45816, 45820, 45824, 45828, 45832, 45836, 45840, 45844, 45848, 45852, 45856, 45860, 45864, 45868, 45872, 45876, 45880, 45884, 45888, 45892, 45896, 45900, 45904, 45908, 45912, 45916, 45920, 45924, 45928, 45932, 45936, 45940, 45944, 45948, 45952, 45956, 45960, 45964, 45968, 45972, 45976, 45980, 45984, 45988, 45992, 45996, 46000, 46004, 46008, 46012, 46016, 46020, 46024, 46028, 46032, 46036, 46040, 46044, 46048, 46052, 46056, 46060, 46064, 46068, 46072, 46076, 46080, 46084, 46088, 46092, 46096, 46100, 46104, 46108, 46112, 46116, 46120, 46124, 46128, 46132, 46136, 46140, 46144, 46148, 46152, 46156, 46160, 46164, 46168, 46172, 46176, 46180, 46184, 46188, 46192, 46196, 46200, 46204, 46208, 46212, 46216, 46220, 46224, 46228, 46232, 46236, 46240, 46244, 46248, 46252, 46256, 46260, 46264, 46268, 46272, 46276, 46280, 46284, 46288, 46292, 46296, 46300, 46304, 46308, 46312, 46316, 46320, 46324, 46328, 46332, 46336, 46340, 46344, 46348, 46352, 46356, 46360, 46364, 46368, 46372, 46376, 46380, 46384, 46388, 46392, 46396, 46400, 46404, 46408, 46412, 46416, 46420, 46424, 46428, 46432, 46436, 46440, 46444, 46448, 46452, 46456, 46460, 46464, 46468, 46472, 46476, 46480, 46484, 46488, 46492, 46496, 46500, 46504, 46508, 46512, 46516, 46520, 46524, 46528, 46532, 46536, 46540, 46544, 46548, 46552, 46556, 46560, 46564, 46568, 46572, 46576, 46580, 46584, 46588, 46592, 46596, 46600, 46604, 46608, 46612, 46616, 46620, 46624, 46628, 46632, 46636, 46640, 46644, 46648, 46652, 46656, 46660, 46664, 46668, 46672, 46676, 46680, 46684, 46688, 46692, 46696, 46700, 46704, 46708, 46712, 46716, 46720, 46724, 46728, 46732, 46736, 46740, 46744, 46748, 46752, 46756, 46760, 46764, 46768, 46772, 46776, 46780, 46784, 46788, 46792, 46796, 46800, 46804, 46808, 46812, 46816, 46820, 46824, 46828, 46832, 46836, 46840, 46844, 46848, 46852, 46856, 46860, 46864, 46868, 46872, 46876, 46880, 46884, 46888, 46892, 46896, 46900, 46904, 46908, 46912, 46916, 46920, 46924, 46928, 46932, 46936, 46940, 46944, 46948, 46952, 46956, 46960, 46964, 46968, 46972, 46976, 46980, 46984, 46988, 46992, 46996, 47000, 47004, 47008, 47012, 47016, 47020, 47024, 47028, 47032, 47036, 47040, 47044, 47048, 47052, 47056, 47060, 47064, 47068, 47072, 47076, 47080, 47084, 47088, 47092, 47096, 47100, 47104, 47108, 47112, 47116, 47120, 47124, 47128, 47132, 47136, 47140, 47144, 47148, 47152, 47156, 47160, 47164, 47168, 47172, 47176, 47180, 47184, 47188, 47192, 47196, 47200, 47204, 47208, 47212, 47216, 47220, 47224, 47228, 47232, 47236, 47240, 47244, 47248, 47252, 47256, 47260, 47264, 47268, 47272, 47276, 47280, 47284, 47288, 47292, 47296, 47300, 47304, 47308, 47312, 47316, 47320, 47324, 47328, 47332, 47336, 47340, 47344, 47348, 47352, 47356, 47360, 47364, 47368, 47372, 47376, 47380, 47384, 47388, 47392, 47396, 47400, 47404, 47408, 47412, 47416, 47420, 47424, 47428, 47432, 47436, 47440, 47444, 47448, 47452, 47456, 47460, 47464, 47468, 47472, 47476, 47480, 47484, 47488, 47492, 47496, 47500, 47504, 47508, 47512, 47516, 47520, 47524, 47528, 47532, 47536, 47540, 47544, 47548, 47552, 47556, 47560, 47564, 47568, 47572, 47576, 47580, 47584, 47588, 47592, 47596, 47600, 47604, 47608, 47612, 47616, 47620, 47624, 47628, 47632, 47636, 47640, 47644, 47648, 47652, 47656, 47660, 47664, 47668, 47672, 47676, 47680, 47684, 47688, 47692, 47696, 47700, 47704, 47708, 47712, 47716, 47720, 47724, 47728, 47732, 47736, 47740, 47744, 47748, 47752, 47756, 47760, 47764, 47768, 47772, 47776, 47780, 47784, 47788, 47792, 47796, 47800, 47804, 47808, 47812, 47816, 47820, 47824, 47828, 47832, 47836, 47840, 47844, 47848, 47852, 47856, 47860, 47864, 47868, 47872, 47876, 47880, 47884, 47888, 47892, 47896, 47900, 47904, 47908, 47912, 47916, 47920, 47924, 47928, 47932, 47936, 47940, 47944, 47948, 47952, 47956, 47960, 47964, 47968, 47972, 47976, 47980, 47984, 47988, 47992, 47996, 48000, 48004, 48008, 48012, 48016, 48020, 48024, 48028, 48032, 48036, 48040, 48044, 48048, 48052, 48056, 48060, 48064, 48068, 48072, 48076, 48080, 48084, 48088, 48092, 48096, 48100, 48104, 48108, 48112, 48116, 48120, 48124, 48128, 48132, 48136, 48140, 48144, 48148, 48152, 48156, 48160, 48164, 48168, 48172, 48176, 48180, 48184, 48188, 48192, 48196, 48200, 48204, 48208, 48212, 48216, 48220, 48224, 48228, 48232, 48236, 48240, 48244, 48248, 48252, 48256, 48260, 48264, 48268, 48272, 48276, 48280, 48284, 48288, 48292, 48296, 48300, 48304, 48308, 48312, 48316, 48320, 48324, 48328, 48332, 48336, 48340, 48344, 48348, 48352, 48356, 48360, 48364, 48368, 48372, 48376, 48380, 48384, 48388, 48392, 48396, 48400, 48404, 48408, 48412, 48416, 48420, 48424, 48428, 48432, 48436, 48440, 48444, 48448, 48452, 48456, 48460, 48464, 48468, 48472, 48476, 48480, 48484, 48488, 48492, 48496, 48500, 48504, 48508, 48512, 48516, 48520, 48524, 48528, 48532, 48536, 48540, 48544, 48548, 48552, 48556, 48560, 48564, 48568, 48572, 48576, 48580, 48584, 48588, 48592, 48596, 48600, 48604, 48608, 48612, 48616, 48620, 48624, 48628, 48632, 48636, 48640, 48644, 48648, 48652, 48656, 48660, 48664, 48668, 48672, 48676, 48680, 48684, 48688, 48692, 48696, 48700, 48704, 48708, 48712, 48716, 48720, 48724, 48728, 48732, 48736, 48740, 48744, 48748, 48752, 48756, 48760, 48764, 48768, 48772, 48776, 48780, 48784, 48788, 48792, 48796, 48800, 48804, 48808, 48812, 48816, 48820, 48824, 48828, 48832, 48836, 48840, 48844, 48848, 48852, 48856, 48860, 48864, 48868, 48872, 48876, 48880, 48884, 48888, 48892, 48896, 48900, 48904, 48908, 48912, 48916, 48920, 48924, 48928, 48932, 48936, 48940, 48944, 48948, 48952, 48956, 48960, 48964, 48968, 48972, 48976, 48980, 48984, 48988, 48992, 48996, 49000, 49004, 49008, 49012, 49016, 49020, 49024, 49028, 49032, 49036, 49040, 49044, 49048, 49052, 49056, 49060, 49064, 49068, 49072, 49076, 49080, 49084, 49088, 49092, 49096, 49100, 49104, 49108, 49112, 49116, 49120, 49124, 49128, 49132, 49136, 49140, 49144, 49148, 49152, 49156, 49160, 49164, 49168, 49172, 49176, 49180, 49184, 49188, 49192, 49196, 49200, 49204, 49208, 49212, 49216, 49220, 49224, 49228, 49232, 49236, 49240, 49244, 49248, 49252, 49256, 49260, 49264, 49268, 49272, 49276, 49280, 49284, 49288, 49292, 49296, 49300, 49304, 49308, 49312, 49316, 49320, 49324, 49328, 49332, 49336, 49340, 49344, 49348, 49352, 49356, 49360, 49364, 49368, 49372, 49376, 49380, 49384, 49388, 49392, 49396, 49400, 49404, 49408, 49412, 49416, 49420, 49424, 49428, 49432, 49436, 49440, 49444, 49448, 49452, 49456, 49460, 49464, 49468, 49472, 49476, 49480, 49484, 49488, 49492, 49496, 49500, 49504, 49508, 49512, 49516, 49520, 49524, 49528, 49532, 49536, 49540, 49544, 49548, 49552, 49556, 49560, 49564, 49568, 49572, 49576, 49580, 49584, 49588, 49592, 49596, 49600, 49604, 49608, 49612, 49616, 49620, 49624, 49628, 49632, 49636, 49640, 49644, 49648, 49652, 49656, 49660, 49664, 49668, 49672, 49676, 49680, 49684, 49688, 49692, 49696, 49700, 49704, 49708, 49712, 49716, 49720, 49724, 49728, 49732, 49736, 49740, 49744, 49748, 49752, 49756, 49760, 49764, 49768, 49772, 49776, 49780, 49784, 49788, 49792, 49796, 49800, 49804, 49808, 49812, 49816, 49820, 49824, 49828, 49832, 49836, 49840, 49844, 49848, 49852, 49856, 49860, 49864, 49868, 49872, 49876, 49880, 49884, 49888, 49892, 49896, 49900, 49904, 49908, 49912, 49916, 49920, 49924, 49928, 49932, 49936, 49940, 49944, 49948, 49952, 49956, 49960, 49964, 49968, 49972, 49976, 49980, 49984, 49988, 49992, 49996, 50000, 50004, 50008, 50012, 50016, 50020, 50024, 50028, 50032, 50036, 50040, 50044, 50048, 50052, 50056, 50060, 50064, 50068, 50072, 50076, 50080, 50084, 50088, 50092, 50096, 50100, 50104, 50108, 50112, 50116, 50120, 50124, 50128, 50132, 50136, 50140, 50144, 50148, 50152, 50156, 50160, 50164, 50168, 50172, 50176, 50180, 50184, 50188, 50192, 50196, 50200, 50204, 50208, 50212, 50216, 50220, 50224, 50228, 50232, 50236, 50240, 50244, 50248, 50252, 50256, 50260, 50264, 50268, 50272, 50276, 50280, 50284, 50288, 50292, 50296, 50300, 50304, 50308, 50312, 50316, 50320, 50324, 50328, 50332, 50336, 50340, 50344, 50348, 50352, 50356, 50360, 50364, 50368, 50372, 50376, 50380, 50384, 50388, 50392, 50396, 50400, 50404, 50408, 50412, 50416, 50420, 50424, 50428, 50432, 50436, 50440, 50444, 50448, 50452, 50456, 50460, 50464, 50468, 50472, 50476, 50480, 50484, 50488, 50492, 50496, 50500, 50504, 50508, 50512, 50516, 50520, 50524, 50528, 50532, 50536, 50540, 50544, 50548, 50552, 50556, 50560, 50564, 50568, 50572, 50576, 50580, 50584, 50588, 50592, 50596, 50600, 50604, 50608, 50612, 50616, 50620, 50624, 50628, 50632, 50636, 50640, 50644, 50648, 50652, 50656, 50660, 50664, 50668, 50672, 50676, 50680, 50684, 50688, 50692, 50696, 50700, 50704, 50708, 50712, 50716, 50720, 50724, 50728, 50732, 50736, 50740, 50744, 50748, 50752, 50756, 50760, 50764, 50768, 50772, 50776, 50780, 50784, 50788, 50792, 50796, 50800, 50804, 50808, 50812, 50816, 50820, 50824, 50828, 50832, 50836, 50840, 50844, 50848, 50852, 50856, 50860, 50864, 50868, 50872, 50876, 50880, 50884, 50888, 50892, 50896, 50900, 50904, 50908, 50912, 50916, 50920, 50924, 50928, 50932, 50936, 50940, 50944, 50948, 50952, 50956, 50960, 50964, 50968, 50972, 50976, 50980, 50984, 50988, 50992, 50996, 51000, 51004, 51008, 51012, 51016, 51020, 51024, 51028, 51032, 51036, 51040, 51044, 51048, 51052, 51056, 51060, 51064, 51068, 51072, 51076, 51080, 51084, 51088, 51092, 51096, 51100, 51104, 51108, 51112, 51116, 51120, 51124, 51128, 51132, 51136, 51140, 51144, 51148, 51152, 51156, 51160, 51164, 51168, 51172, 51176, 51180, 51184, 51188, 51192, 51196, 51200, 51204, 51208, 51212, 51216, 51220, 51224, 51228, 51232, 51236, 51240, 51244, 51248, 51252, 51256, 51260, 51264, 51268, 51272, 51276, 51280, 51284, 51288, 51292, 51296, 51300, 51304, 51308, 51312, 51316, 51320, 51324, 51328, 51332, 51336, 51340, 51344, 51348, 51352, 51356, 51360, 51364, 51368, 51372, 51376, 51380, 51384, 51388, 51392, 51396, 51400, 51404, 51408, 51412, 51416, 51420, 51424, 51428, 51432, 51436, 51440, 51444, 51448, 51452, 51456, 51460, 51464, 51468, 51472, 51476, 51480, 51484, 51488, 51492, 51496, 51500, 51504, 51508, 51512, 51516, 51520, 51524, 51528, 51532, 51536, 51540, 51544, 51548, 51552, 51556, 51560, 51564, 51568, 51572, 51576, 51580, 51584, 51588, 51592, 51596, 51600, 51604, 51608, 51612, 51616, 51620, 51624, 51628, 51632, 51636, 51640, 51644, 51648, 51652, 51656, 51660, 51664, 51668, 51672, 51676, 51680, 51684, 51688, 51692, 51696, 51700, 51704, 51708, 51712, 51716, 51720, 51724, 51728, 51732, 51736, 51740, 51744, 51748, 51752, 51756, 51760, 51764, 51768, 51772, 51776, 51780, 51784, 51788, 51792, 51796, 51800, 51804, 51808, 51812, 51816, 51820, 51824, 51828, 51832, 51836, 51840, 51844, 51848, 51852, 51856, 51860, 51864, 51868, 51872, 51876, 51880, 51884, 51888, 51892, 51896, 51900, 51904, 51908, 51912, 51916, 51920, 51924, 51928, 51932, 51936, 51940, 51944, 51948, 51952, 51956, 51960, 51964, 51968, 51972, 51976, 51980, 51984, 51988, 51992, 51996, 52000, 52004, 52008, 52012, 52016, 52020, 52024, 52028, 52032, 52036, 52040, 52044, 52048, 52052, 52056, 52060, 52064, 52068, 52072, 52076, 52080, 52084, 52088, 52092, 52096, 52100, 52104, 52108, 52112, 52116, 52120, 52124, 52128, 52132, 52136, 52140, 52144, 52148, 52152, 52156, 52160, 52164, 52168, 52172, 52176, 52180, 52184, 52188, 52192, 52196, 52200, 52204, 52208, 52212, 52216, 52220, 52224, 52228, 52232, 52236, 52240, 52244, 52248, 52252, 52256, 52260, 52264, 52268, 52272, 52276, 52280, 52284, 52288, 52292, 52296, 52300, 52304, 52308, 52312, 52316, 52320, 52324, 52328, 52332, 52336, 52340, 52344, 52348, 52352, 52356, 52360, 52364, 52368, 52372, 52376, 52380, 52384, 52388, 52392, 52396, 52400, 52404, 52408, 52412, 52416, 52420, 52424, 52428, 52432, 52436, 52440, 52444, 52448, 52452, 52456, 52460, 52464, 52468, 52472, 52476, 52480, 52484, 52488, 52492, 52496, 52500, 52504, 52508, 52512, 52516, 52520, 52524, 52528, 52532, 52536, 52540, 52544, 52548, 52552, 52556, 52560, 52564, 52568, 52572, 52576, 52580, 52584, 52588, 52592, 52596, 52600, 52604, 52608, 52612, 52616, 52620, 52624, 52628, 52632, 52636, 52640, 52644, 52648, 52652, 52656, 52660, 52664, 52668, 52672, 52676, 52680, 52684, 52688, 52692, 52696, 52700, 52704, 52708, 52712, 52716, 52720, 52724, 52728, 52732, 52736, 52740, 52744, 52748, 52752, 52756, 52760, 52764, 52768, 52772, 52776, 52780, 52784, 52788, 52792, 52796, 52800, 52804, 52808, 52812, 52816, 52820, 52824, 52828, 52832, 52836, 52840, 52844, 52848, 52852, 52856, 52860, 52864, 52868, 52872, 52876, 52880, 52884, 52888, 52892, 52896, 52900, 52904, 52908, 52912, 52916, 52920, 52924, 52928, 52932, 52936, 52940, 52944, 52948, 52952, 52956, 52960, 52964, 52968, 52972, 52976, 52980, 52984, 52988, 52992, 52996, 53000, 53004, 53008, 53012, 53016, 53020, 53024, 53028, 53032, 53036, 53040, 53044, 53048, 53052, 53056, 53060, 53064, 53068, 53072, 53076, 53080, 53084, 53088, 53092, 53096, 53100, 53104, 53108, 53112, 53116, 53120, 53124, 53128, 53132, 53136, 53140, 53144, 53148, 53152, 53156, 53160, 53164, 53168, 53172, 53176, 53180, 53184, 53188, 53192, 53196, 53200, 53204, 53208, 53212, 53216, 53220, 53224, 53228, 53232, 53236, 53240, 53244, 53248, 53252, 53256, 53260, 53264, 53268, 53272, 53276, 53280, 53284, 53288, 53292, 53296, 53300, 53304, 53308, 53312, 53316, 53320, 53324, 53328, 53332, 53336, 53340, 53344, 53348, 53352, 53356, 53360, 53364, 53368, 53372, 53376, 53380, 53384, 53388, 53392, 53396, 53400, 53404, 53408, 53412, 53416, 53420, 53424, 53428, 53432, 53436, 53440, 53444, 53448, 53452, 53456, 53460, 53464, 53468, 53472, 53476, 53480, 53484, 53488, 53492, 53496, 53500, 53504, 53508, 53512, 53516, 53520, 53524, 53528, 53532, 53536, 53540, 53544, 53548, 53552, 53556, 53560, 53564, 53568, 53572, 53576, 53580, 53584, 53588, 53592, 53596, 53600, 53604, 53608, 53612, 53616, 53620, 53624, 53628, 53632, 53636, 53640, 53644, 53648, 53652, 53656, 53660, 53664, 53668, 53672, 53676, 53680, 53684, 53688, 53692, 53696, 53700, 53704, 53708, 53712, 53716, 53720, 53724, 53728, 53732, 53736, 53740, 53744, 53748, 53752, 53756, 53760, 53764, 53768, 53772, 53776, 53780, 53784, 53788, 53792, 53796, 53800, 53804, 53808, 53812, 53816, 53820, 53824, 53828, 53832, 53836, 53840, 53844, 53848, 53852, 53856, 53860, 53864, 53868, 53872, 53876, 53880, 53884, 53888, 53892, 53896, 53900, 53904, 53908, 53912, 53916, 53920, 53924, 53928, 53932, 53936, 53940, 53944, 53948, 53952, 53956, 53960, 53964, 53968, 53972, 53976, 53980, 53984, 53988, 53992, 53996, 54000, 54004, 54008, 54012, 54016, 54020, 54024, 54028, 54032, 54036, 54040, 54044, 54048, 54052, 54056, 54060, 54064, 54068, 54072, 54076, 54080, 54084, 54088, 54092, 54096, 54100, 54104, 54108, 54112, 54116, 54120, 54124, 54128, 54132, 54136, 54140, 54144, 54148, 54152, 54156, 54160, 54164, 54168, 54172, 54176, 54180, 54184, 54188, 54192, 54196, 54200, 54204, 54208, 54212, 54216, 54220, 54224, 54228, 54232, 54236, 54240, 54244, 54248, 54252, 54256, 54260, 54264, 54268, 54272, 54276, 54280, 54284, 54288, 54292, 54296, 54300, 54304, 54308, 54312, 54316, 54320, 54324, 54328, 54332, 54336, 54340, 54344, 54348, 54352, 54356, 54360, 54364, 54368, 54372, 54376, 54380, 54384, 54388, 54392, 54396, 54400, 54404, 54408, 54412, 54416, 54420, 54424, 54428, 54432, 54436, 54440, 54444, 54448, 54452, 54456, 54460, 54464, 54468, 54472, 54476, 54480, 54484, 54488, 54492, 54496, 54500, 54504, 54508, 54512, 54516, 54520, 54524, 54528, 54532, 54536, 54540, 54544, 54548, 54552, 54556, 54560, 54564, 54568, 54572, 54576, 54580, 54584, 54588, 54592, 54596, 54600, 54604, 54608, 54612, 54616, 54620, 54624, 54628, 54632, 54636, 54640, 54644, 54648, 54652, 54656, 54660, 54664, 54668, 54672, 54676, 54680, 54684, 54688, 54692, 54696, 54700, 54704, 54708, 54712, 54716, 54720, 54724, 54728, 54732, 54736, 54740, 54744, 54748, 54752, 54756, 54760, 54764, 54768, 54772, 54776, 54780, 54784, 54788, 54792, 54796, 54800, 54804, 54808, 54812, 54816, 54820, 54824, 54828, 54832, 54836, 54840, 54844, 54848, 54852, 54856, 54860, 54864, 54868, 54872, 54876, 54880, 54884, 54888, 54892, 54896, 54900, 54904, 54908, 54912, 54916, 54920, 54924, 54928, 54932, 54936, 54940, 54944, 54948, 54952, 54956, 54960, 54964, 54968, 54972, 54976, 54980, 54984, 54988, 54992, 54996, 55000, 55004, 55008, 55012, 55016, 55020, 55024, 55028, 55032, 55036, 55040, 55044, 55048, 55052, 55056, 55060, 55064, 55068, 55072, 55076, 55080, 55084, 55088, 55092, 55096, 55100, 55104, 55108, 55112, 55116, 55120, 55124, 55128, 55132, 55136, 55140, 55144, 55148, 55152, 55156, 55160, 55164, 55168, 55172, 55176, 55180, 55184, 55188, 55192, 55196, 55200, 55204, 55208, 55212, 55216, 55220, 55224, 55228, 55232, 55236, 55240, 55244, 55248, 55252, 55256, 55260, 55264, 55268, 55272, 55276, 55280, 55284, 55288, 55292, 55296, 55300, 55304, 55308, 55312, 55316, 55320, 55324, 55328, 55332, 55336, 55340, 55344, 55348, 55352, 55356, 55360, 55364, 55368, 55372, 55376, 55380, 55384, 55388, 55392, 55396, 55400, 55404, 55408, 55412, 55416, 55420, 55424, 55428, 55432, 55436, 55440, 55444, 55448, 55452, 55456, 55460, 55464, 55468, 55472, 55476, 55480, 55484, 55488, 55492, 55496, 55500, 55504, 55508, 55512, 55516, 55520, 55524, 55528, 55532, 55536, 55540, 55544, 55548, 55552, 55556, 55560, 55564, 55568, 55572, 55576, 55580, 55584, 55588, 55592, 55596, 55600, 55604, 55608, 55612, 55616, 55620, 55624, 55628, 55632, 55636, 55640, 55644, 55648, 55652, 55656, 55660, 55664, 55668, 55672, 55676, 55680, 55684, 55688, 55692, 55696, 55700, 55704, 55708, 55712, 55716, 55720, 55724, 55728, 55732, 55736, 55740, 55744, 55748, 55752, 55756, 55760, 55764, 55768, 55772, 55776, 55780, 55784, 55788, 55792, 55796, 55800, 55804, 55808, 55812, 55816, 55820, 55824, 55828, 55832, 55836, 55840, 55844, 55848, 55852, 55856, 55860, 55864, 55868, 55872, 55876, 55880, 55884, 55888, 55892, 55896, 55900, 55904, 55908, 55912, 55916, 55920, 55924, 55928, 55932, 55936, 55940, 55944, 55948, 55952, 55956, 55960, 55964, 55968, 55972, 55976, 55980, 55984, 55988, 55992, 55996, 56000, 56004, 56008, 56012, 56016, 56020, 56024, 56028, 56032, 56036, 56040, 56044, 56048, 56052, 56056, 56060, 56064, 56068, 56072, 56076, 56080, 56084, 56088, 56092, 56096, 56100, 56104, 56108, 56112, 56116, 56120, 56124, 56128, 56132, 56136, 56140, 56144, 56148, 56152, 56156, 56160, 56164, 56168, 56172, 56176, 56180, 56184, 56188, 56192, 56196, 56200, 56204, 56208, 56212, 56216, 56220, 56224, 56228, 56232, 56236, 56240, 56244, 56248, 56252, 56256, 56260, 56264, 56268, 56272, 56276, 56280, 56284, 56288, 56292, 56296, 56300, 56304, 56308, 56312, 56316, 56320, 56324, 56328, 56332, 56336, 56340, 56344, 56348, 56352, 56356, 56360, 56364, 56368, 56372, 56376, 56380, 56384, 56388, 56392, 56396, 56400, 56404, 56408, 56412, 56416, 56420, 56424, 56428, 56432, 56436, 56440, 56444, 56448, 56452, 56456, 56460, 56464, 56468, 56472, 56476, 56480, 56484, 56488, 56492, 56496, 56500, 56504, 56508, 56512, 56516, 56520, 56524, 56528, 56532, 56536, 56540, 56544, 56548, 56552, 56556, 56560, 56564, 56568, 56572, 56576, 56580, 56584, 56588, 56592, 56596, 56600, 56604, 56608, 56612, 56616, 56620, 56624, 56628, 56632, 56636, 56640, 56644, 56648, 56652, 56656, 56660, 56664, 56668, 56672, 56676, 56680, 56684, 56688, 56692, 56696, 56700, 56704, 56708, 56712, 56716, 56720, 56724, 56728, 56732, 56736, 56740, 56744, 56748, 56752, 56756, 56760, 56764, 56768, 56772, 56776, 56780, 56784, 56788, 56792, 56796, 56800, 56804, 56808, 56812, 56816, 56820, 56824, 56828, 56832, 56836, 56840, 56844, 56848, 56852, 56856, 56860, 56864, 56868, 56872, 56876, 56880, 56884, 56888, 56892, 56896, 56900, 56904, 56908, 56912, 56916, 56920, 56924, 56928, 56932, 56936, 56940, 56944, 56948, 56952, 56956, 56960, 56964, 56968, 56972, 56976, 56980, 56984, 56988, 56992, 56996, 57000, 57004, 57008, 57012, 57016, 57020, 57024, 57028, 57032, 57036, 57040, 57044, 57048, 57052, 57056, 57060, 57064, 57068, 57072, 57076, 57080, 57084, 57088, 57092, 57096, 57100, 57104, 57108, 57112, 57116, 57120, 57124, 57128, 57132, 57136, 57140, 57144, 57148, 57152, 57156, 57160, 57164, 57168, 57172, 57176, 57180, 57184, 57188, 57192, 57196, 57200, 57204, 57208, 57212, 57216, 57220, 57224, 57228, 57232, 57236, 57240, 57244, 57248, 57252, 57256, 57260, 57264, 57268, 57272, 57276, 57280, 57284, 57288, 57292, 57296, 57300, 57304, 57308, 57312, 57316, 57320, 57324, 57328, 57332, 57336, 57340, 57344, 57348, 57352, 57356, 57360, 57364, 57368, 57372, 57376, 57380, 57384, 57388, 57392, 57396, 57400, 57404, 57408, 57412, 57416, 57420, 57424, 57428, 57432, 57436, 57440, 57444, 57448, 57452, 57456, 57460, 57464, 57468, 57472, 57476, 57480, 57484, 57488, 57492, 57496, 57500, 57504, 57508, 57512, 57516, 57520, 57524, 57528, 57532, 57536, 57540, 57544, 57548, 57552, 57556, 57560, 57564, 57568, 57572, 57576, 57580, 57584, 57588, 57592, 57596, 57600, 57604, 57608, 57612, 57616, 57620, 57624, 57628, 57632, 57636, 57640, 57644, 57648, 57652, 57656, 57660, 57664, 57668, 57672, 57676, 57680, 57684, 57688, 57692, 57696, 57700, 57704, 57708, 57712, 57716, 57720, 57724, 57728, 57732, 57736, 57740, 57744, 57748, 57752, 57756, 57760, 57764, 57768, 57772, 57776, 57780, 57784, 57788, 57792, 57796, 57800, 57804, 57808, 57812, 57816, 57820, 57824, 57828, 57832, 57836, 57840, 57844, 57848, 57852, 57856, 57860, 57864, 57868, 57872, 57876, 57880, 57884, 57888, 57892, 57896, 57900, 57904, 57908, 57912, 57916, 57920, 57924, 57928, 57932, 57936, 57940, 57944, 57948, 57952, 57956, 57960, 57964, 57968, 57972, 57976, 57980, 57984, 57988, 57992, 57996, 58000, 58004, 58008, 58012, 58016, 58020, 58024, 58028, 58032, 58036, 58040, 58044, 58048, 58052, 58056, 58060, 58064, 58068, 58072, 58076, 58080, 58084, 58088, 58092, 58096, 58100, 58104, 58108, 58112, 58116, 58120, 58124, 58128, 58132, 58136, 58140, 58144, 58148, 58152, 58156, 58160, 58164, 58168, 58172, 58176, 58180, 58184, 58188, 58192, 58196, 58200, 58204, 58208, 58212, 58216, 58220, 58224, 58228, 58232, 58236, 58240, 58244, 58248, 58252, 58256, 58260, 58264, 58268, 58272, 58276, 58280, 58284, 58288, 58292, 58296, 58300, 58304, 58308, 58312, 58316, 58320, 58324, 58328, 58332, 58336, 58340, 58344, 58348, 58352, 58356, 58360, 58364, 58368, 58372, 58376, 58380, 58384, 58388, 58392, 58396, 58400, 58404, 58408, 58412, 58416, 58420, 58424, 58428, 58432, 58436, 58440, 58444, 58448, 58452, 58456, 58460, 58464, 58468, 58472, 58476, 58480, 58484, 58488, 58492, 58496, 58500, 58504, 58508, 58512, 58516, 58520, 58524, 58528, 58532, 58536, 58540, 58544, 58548, 58552, 58556, 58560, 58564, 58568, 58572, 58576, 58580, 58584, 58588, 58592, 58596, 58600, 58604, 58608, 58612, 58616, 58620, 58624, 58628, 58632, 58636, 58640, 58644, 58648, 58652, 58656, 58660, 58664, 58668, 58672, 58676, 58680, 58684, 58688, 58692, 58696, 58700, 58704, 58708, 58712, 58716, 58720, 58724, 58728, 58732, 58736, 58740, 58744, 58748, 58752, 58756, 58760, 58764, 58768, 58772, 58776, 58780, 58784, 58788, 58792, 58796, 58800, 58804, 58808, 58812, 58816, 58820, 58824, 58828, 58832, 58836, 58840, 58844, 58848, 58852, 58856, 58860, 58864, 58868, 58872, 58876, 58880, 58884, 58888, 58892, 58896, 58900, 58904, 58908, 58912, 58916, 58920, 58924, 58928, 58932, 58936, 58940, 58944, 58948, 58952, 58956, 58960, 58964, 58968, 58972, 58976, 58980, 58984, 58988, 58992, 58996, 59000, 59004, 59008, 59012, 59016, 59020, 59024, 59028, 59032, 59036, 59040, 59044, 59048, 59052, 59056, 59060, 59064, 59068, 59072, 59076, 59080, 59084, 59088, 59092, 59096, 59100, 59104, 59108, 59112, 59116, 59120, 59124, 59128, 59132, 59136, 59140, 59144, 59148, 59152, 59156, 59160, 59164, 59168, 59172, 59176, 59180, 59184, 59188, 59192, 59196, 59200, 59204, 59208, 59212, 59216, 59220, 59224, 59228, 59232, 59236, 59240, 59244, 59248, 59252, 59256, 59260, 59264, 59268, 59272, 59276, 59280, 59284, 59288, 59292, 59296, 59300, 59304, 59308, 59312, 59316, 59320, 59324, 59328, 59332, 59336, 59340, 59344, 59348, 59352, 59356, 59360, 59364, 59368, 59372, 59376, 59380, 59384, 59388, 59392, 59396, 59400, 59404, 59408, 59412, 59416, 59420, 59424, 59428, 59432, 59436, 59440, 59444, 59448, 59452, 59456, 59460, 59464, 59468, 59472, 59476, 59480, 59484, 59488, 59492, 59496, 59500, 59504, 59508, 59512, 59516, 59520, 59524, 59528, 59532, 59536, 59540, 59544, 59548, 59552, 59556, 59560, 59564, 59568, 59572, 59576, 59580, 59584, 59588, 59592, 59596, 59600, 59604, 59608, 59612, 59616, 59620, 59624, 59628, 59632, 59636, 59640, 59644, 59648, 59652, 59656, 59660, 59664, 59668, 59672, 59676, 59680, 59684, 59688, 59692, 59696, 59700, 59704, 59708, 59712, 59716, 59720, 59724, 59728, 59732, 59736, 59740, 59744, 59748, 59752, 59756, 59760, 59764, 59768, 59772, 59776, 59780, 59784, 59788, 59792, 59796, 59800, 59804, 59808, 59812, 59816, 59820, 59824, 59828, 59832, 59836, 59840, 59844, 59848, 59852, 59856, 59860, 59864, 59868, 59872, 59876, 59880, 59884, 59888, 59892, 59896, 59900, 59904, 59908, 59912, 59916, 59920, 59924, 59928, 59932, 59936, 59940, 59944, 59948, 59952, 59956, 59960, 59964, 59968, 59972, 59976, 59980, 59984, 59988, 59992, 59996, 60000, 60004, 60008, 60012, 60016, 60020, 60024, 60028, 60032, 60036, 60040, 60044, 60048, 60052, 60056, 60060, 60064, 60068, 60072, 60076, 60080, 60084, 60088, 60092, 60096, 60100, 60104, 60108, 60112, 60116, 60120, 60124, 60128, 60132, 60136, 60140, 60144, 60148, 60152, 60156, 60160, 60164, 60168, 60172, 60176, 60180, 60184, 60188, 60192, 60196, 60200, 60204, 60208, 60212, 60216, 60220, 60224, 60228, 60232, 60236, 60240, 60244, 60248, 60252, 60256, 60260, 60264, 60268, 60272, 60276, 60280, 60284, 60288, 60292, 60296, 60300, 60304, 60308, 60312, 60316, 60320, 60324, 60328, 60332, 60336, 60340, 60344, 60348, 60352, 60356, 60360, 60364, 60368, 60372, 60376, 60380, 60384, 60388, 60392, 60396, 60400, 60404, 60408, 60412, 60416, 60420, 60424, 60428, 60432, 60436, 60440, 60444, 60448, 60452, 60456, 60460, 60464, 60468, 60472, 60476, 60480, 60484, 60488, 60492, 60496, 60500, 60504, 60508, 60512, 60516, 60520, 60524, 60528, 60532, 60536, 60540, 60544, 60548, 60552, 60556, 60560, 60564, 60568, 60572, 60576, 60580, 60584, 60588, 60592, 60596, 60600, 60604, 60608, 60612, 60616, 60620, 60624, 60628, 60632, 60636, 60640, 60644, 60648, 60652, 60656, 60660, 60664, 60668, 60672, 60676, 60680, 60684, 60688, 60692, 60696, 60700, 60704, 60708, 60712, 60716, 60720, 60724, 60728, 60732, 60736, 60740, 60744, 60748, 60752, 60756, 60760, 60764, 60768, 60772, 60776, 60780, 60784, 60788, 60792, 60796, 60800, 60804, 60808, 60812, 60816, 60820, 60824, 60828, 60832, 60836, 60840, 60844, 60848, 60852, 60856, 60860, 60864, 60868, 60872, 60876, 60880, 60884, 60888, 60892, 60896, 60900, 60904, 60908, 60912, 60916, 60920, 60924, 60928, 60932, 60936, 60940, 60944, 60948, 60952, 60956, 60960, 60964, 60968, 60972, 60976, 60980, 60984, 60988, 60992, 60996, 61000, 61004, 61008, 61012, 61016, 61020, 61024, 61028, 61032, 61036, 61040, 61044, 61048, 61052, 61056, 61060, 61064, 61068, 61072, 61076, 61080, 61084, 61088, 61092, 61096, 61100, 61104, 61108, 61112, 61116, 61120, 61124, 61128, 61132, 61136, 61140, 61144, 61148, 61152, 61156, 61160, 61164, 61168, 61172, 61176, 61180, 61184, 61188, 61192, 61196, 61200, 61204, 61208, 61212, 61216, 61220, 61224, 61228, 61232, 61236, 61240, 61244, 61248, 61252, 61256, 61260, 61264, 61268, 61272, 61276, 61280, 61284, 61288, 61292, 61296, 61300, 61304, 61308, 61312, 61316, 61320, 61324, 61328, 61332, 61336, 61340, 61344, 61348, 61352, 61356, 61360, 61364, 61368, 61372, 61376, 61380, 61384, 61388, 61392, 61396, 61400, 61404, 61408, 61412, 61416, 61420, 61424, 61428, 61432, 61436, 61440, 61444, 61448, 61452, 61456, 61460, 61464, 61468, 61472, 61476, 61480, 61484, 61488, 61492, 61496, 61500, 61504, 61508, 61512, 61516, 61520, 61524, 61528, 61532, 61536, 61540, 61544, 61548, 61552, 61556, 61560, 61564, 61568, 61572, 61576, 61580, 61584, 61588, 61592, 61596, 61600, 61604, 61608, 61612, 61616, 61620, 61624, 61628, 61632, 61636, 61640, 61644, 61648, 61652, 61656, 61660, 61664, 61668, 61672, 61676, 61680, 61684, 61688, 61692, 61696, 61700, 61704, 61708, 61712, 61716, 61720, 61724, 61728, 61732, 61736, 61740, 61744, 61748, 61752, 61756, 61760, 61764, 61768, 61772, 61776, 61780, 61784, 61788, 61792, 61796, 61800, 61804, 61808, 61812, 61816, 61820, 61824, 61828, 61832, 61836, 61840, 61844, 61848, 61852, 61856, 61860, 61864, 61868, 61872, 61876, 61880, 61884, 61888, 61892, 61896, 61900, 61904, 61908, 61912, 61916, 61920, 61924, 61928, 61932, 61936, 61940, 61944, 61948, 61952, 61956, 61960, 61964, 61968, 61972, 61976, 61980, 61984, 61988, 61992, 61996, 62000, 62004, 62008, 62012, 62016, 62020, 62024, 62028, 62032, 62036, 62040, 62044, 62048, 62052, 62056, 62060, 62064, 62068, 62072, 62076, 62080, 62084, 62088, 62092, 62096, 62100, 62104, 62108, 62112, 62116, 62120, 62124, 62128, 62132, 62136, 62140, 62144, 62148, 62152, 62156, 62160, 62164, 62168, 62172, 62176, 62180, 62184, 62188, 62192, 62196, 62200, 62204, 62208, 62212, 62216, 62220, 62224, 62228, 62232, 62236, 62240, 62244, 62248, 62252, 62256, 62260, 62264, 62268, 62272, 62276, 62280, 62284, 62288, 62292, 62296, 62300, 62304, 62308, 62312, 62316, 62320, 62324, 62328, 62332, 62336, 62340, 62344, 62348, 62352, 62356, 62360, 62364, 62368, 62372, 62376, 62380, 62384, 62388, 62392, 62396, 62400, 62404, 62408, 62412, 62416, 62420, 62424, 62428, 62432, 62436, 62440, 62444, 62448, 62452, 62456, 62460, 62464, 62468, 62472, 62476, 62480, 62484, 62488, 62492, 62496, 62500, 62504, 62508, 62512, 62516, 62520, 62524, 62528, 62532, 62536, 62540, 62544, 62548, 62552, 62556, 62560, 62564, 62568, 62572, 62576, 62580, 62584, 62588, 62592, 62596, 62600, 62604, 62608, 62612, 62616, 62620, 62624, 62628, 62632, 62636, 62640, 62644, 62648, 62652, 62656, 62660, 62664, 62668, 62672, 62676, 62680, 62684, 62688, 62692, 62696, 62700, 62704, 62708, 62712, 62716, 62720, 62724, 62728, 62732, 62736, 62740, 62744, 62748, 62752, 62756, 62760, 62764, 62768, 62772, 62776, 62780, 62784, 62788, 62792, 62796, 62800, 62804, 62808, 62812, 62816, 62820, 62824, 62828, 62832, 62836, 62840, 62844, 62848, 62852, 62856, 62860, 62864, 62868, 62872, 62876, 62880, 62884, 62888, 62892, 62896, 62900, 62904, 62908, 62912, 62916, 62920, 62924, 62928, 62932, 62936, 62940, 62944, 62948, 62952, 62956, 62960, 62964, 62968, 62972, 62976, 62980, 62984, 62988, 62992, 62996, 63000, 63004, 63008, 63012, 63016, 63020, 63024, 63028, 63032, 63036, 63040, 63044, 63048, 63052, 63056, 63060, 63064, 63068, 63072, 63076, 63080, 63084, 63088, 63092, 63096, 63100, 63104, 63108, 63112, 63116, 63120, 63124, 63128, 63132, 63136, 63140, 63144, 63148, 63152, 63156, 63160, 63164, 63168, 63172, 63176, 63180, 63184, 63188, 63192, 63196, 63200, 63204, 63208, 63212, 63216, 63220, 63224, 63228, 63232, 63236, 63240, 63244, 63248, 63252, 63256, 63260, 63264, 63268, 63272, 63276, 63280, 63284, 63288, 63292, 63296, 63300, 63304, 63308, 63312, 63316, 63320, 63324, 63328, 63332, 63336, 63340, 63344, 63348, 63352, 63356, 63360, 63364, 63368, 63372, 63376, 63380, 63384, 63388, 63392, 63396, 63400, 63404, 63408, 63412, 63416, 63420, 63424, 63428, 63432, 63436, 63440, 63444, 63448, 63452, 63456, 63460, 63464, 63468, 63472, 63476, 63480, 63484, 63488, 63492, 63496, 63500, 63504, 63508, 63512, 63516, 63520, 63524, 63528, 63532, 63536, 63540, 63544, 63548, 63552, 63556, 63560, 63564, 63568, 63572, 63576, 63580, 63584, 63588, 63592, 63596, 63600, 63604, 63608, 63612, 63616, 63620, 63624, 63628, 63632, 63636, 63640, 63644, 63648, 63652, 63656, 63660, 63664, 63668, 63672, 63676, 63680, 63684, 63688, 63692, 63696, 63700, 63704, 63708, 63712, 63716, 63720, 63724, 63728, 63732, 63736, 63740, 63744, 63748, 63752, 63756, 63760, 63764, 63768, 63772, 63776, 63780, 63784, 63788, 63792, 63796, 63800, 63804, 63808, 63812, 63816, 63820, 63824, 63828, 63832, 63836, 63840, 63844, 63848, 63852, 63856, 63860, 63864, 63868, 63872, 63876, 63880, 63884, 63888, 63892, 63896, 63900, 63904, 63908, 63912, 63916, 63920, 63924, 63928, 63932, 63936, 63940, 63944, 63948, 63952, 63956, 63960, 63964, 63968, 63972, 63976, 63980, 63984, 63988, 63992, 63996, 64000, 64004, 64008, 64012, 64016, 64020, 64024, 64028, 64032, 64036, 64040, 64044, 64048, 64052, 64056, 64060, 64064, 64068, 64072, 64076, 64080, 64084, 64088, 64092, 64096, 64100, 64104, 64108, 64112, 64116, 64120, 64124, 64128, 64132, 64136, 64140, 64144, 64148, 64152, 64156, 64160, 64164, 64168, 64172, 64176, 64180, 64184, 64188, 64192, 64196, 64200, 64204, 64208, 64212, 64216, 64220, 64224, 64228, 64232, 64236, 64240, 64244, 64248, 64252, 64256, 64260, 64264, 64268, 64272, 64276, 64280, 64284, 64288, 64292, 64296, 64300, 64304, 64308, 64312, 64316, 64320, 64324, 64328, 64332, 64336, 64340, 64344, 64348, 64352, 64356, 64360, 64364, 64368, 64372, 64376, 64380, 64384, 64388, 64392, 64396, 64400, 64404, 64408, 64412, 64416, 64420, 64424, 64428, 64432, 64436, 64440, 64444, 64448, 64452, 64456, 64460, 64464, 64468, 64472, 64476, 64480, 64484, 64488, 64492, 64496, 64500, 64504, 64508, 64512, 64516, 64520, 64524, 64528, 64532, 64536, 64540, 64544, 64548, 64552, 64556, 64560, 64564, 64568, 64572, 64576, 64580, 64584, 64588, 64592, 64596, 64600, 64604, 64608, 64612, 64616, 64620, 64624, 64628, 64632, 64636, 64640, 64644, 64648, 64652, 64656, 64660, 64664, 64668, 64672, 64676, 64680, 64684, 64688, 64692, 64696, 64700, 64704, 64708, 64712, 64716, 64720, 64724, 64728, 64732, 64736, 64740, 64744, 64748, 64752, 64756, 64760, 64764, 64768, 64772, 64776, 64780, 64784, 64788, 64792, 64796, 64800, 64804, 64808, 64812, 64816, 64820, 64824, 64828, 64832, 64836, 64840, 64844, 64848, 64852, 64856, 64860, 64864, 64868, 64872, 64876, 64880, 64884, 64888, 64892, 64896, 64900, 64904, 64908, 64912, 64916, 64920, 64924, 64928, 64932, 64936, 64940, 64944, 64948, 64952, 64956, 64960, 64964, 64968, 64972, 64976, 64980, 64984, 64988, 64992, 64996, 65000, 65004, 65008, 65012, 65016, 65020, 65024, 65028, 65032, 65036, 65040, 65044, 65048, 65052, 65056, 65060, 65064, 65068, 65072, 65076, 65080, 65084, 65088, 65092, 65096, 65100, 65104, 65108, 65112, 65116, 65120, 65124, 65128, 65132, 65136, 65140, 65144, 65148, 65152, 65156, 65160, 65164, 65168, 65172, 65176, 65180, 65184, 65188, 65192, 65196, 65200, 65204, 65208, 65212, 65216, 65220, 65224, 65228, 65232, 65236, 65240, 65244, 65248, 65252, 65256, 65260, 65264, 65268, 65272, 65276, 65280, 65284, 65288, 65292, 65296, 65300, 65304, 65308, 65312, 65316, 65320, 65324, 65328, 65332, 65336, 65340, 65344, 65348, 65352, 65356, 65360, 65364, 65368, 65372, 65376, 65380, 65384, 65388, 65392, 65396, 65400, 65404, 65408, 65412, 65416, 65420, 65424, 65428, 65432, 65436, 65440, 65444, 65448, 65452, 65456, 65460, 65464, 65468, 65472, 65476, 65480, 65484, 65488, 65492, 65496, 65500, 65504, 65508, 65512, 65516, 65520, 65524, 65528, 65532, 65536]]" classname="org.roaringbitmap.RoaringBitmapSubsetTest" time="0.037"/>
  <testcase name="testProperSubset[assert that [] is subset of [4, 8, 12, 16, 20, 24, 28, 32, 36, 40, 44, 48, 52, 56, 60, 64, 68, 72, 76, 80, 84, 88, 92, 96, 100, 104, 108, 112, 116, 120, 124, 128, 132, 136, 140, 144, 148, 152, 156, 160, 164, 168, 172, 176, 180, 184, 188, 192, 196, 200, 204, 208, 212, 216, 220, 224, 228, 232, 236, 240, 244, 248, 252, 256, 260, 264, 268, 272, 276, 280, 284, 288, 292, 296, 300, 304, 308, 312, 316, 320, 324, 328, 332, 336, 340, 344, 348, 352, 356, 360, 364, 368, 372, 376, 380, 384, 388, 392, 396, 400, 404, 408, 412, 416, 420, 424, 428, 432, 436, 440, 444, 448, 452, 456, 460, 464, 468, 472, 476, 480, 484, 488, 492, 496, 500, 504, 508, 512, 516, 520, 524, 528, 532, 536, 540, 544, 548, 552, 556, 560, 564, 568, 572, 576, 580, 584, 588, 592, 596, 600, 604, 608, 612, 616, 620, 624, 628, 632, 636, 640, 644, 648, 652, 656, 660, 664, 668, 672, 676, 680, 684, 688, 692, 696, 700, 704, 708, 712, 716, 720, 724, 728, 732, 736, 740, 744, 748, 752, 756, 760, 764, 768, 772, 776, 780, 784, 788, 792, 796, 800, 804, 808, 812, 816, 820, 824, 828, 832, 836, 840, 844, 848, 852, 856, 860, 864, 868, 872, 876, 880, 884, 888, 892, 896, 900, 904, 908, 912, 916, 920, 924, 928, 932, 936, 940, 944, 948, 952, 956, 960, 964, 968, 972, 976, 980, 984, 988, 992, 996, 1000, 1004, 1008, 1012, 1016, 1020, 1024, 1028, 1032, 1036, 1040, 1044, 1048, 1052, 1056, 1060, 1064, 1068, 1072, 1076, 1080, 1084, 1088, 1092, 1096, 1100, 1104, 1108, 1112, 1116, 1120, 1124, 1128, 1132, 1136, 1140, 1144, 1148, 1152, 1156, 1160, 1164, 1168, 1172, 1176, 1180, 1184, 1188, 1192, 1196, 1200, 1204, 1208, 1212, 1216, 1220, 1224, 1228, 1232, 1236, 1240, 1244, 1248, 1252, 1256, 1260, 1264, 1268, 1272, 1276, 1280, 1284, 1288, 1292, 1296, 1300, 1304, 1308, 1312, 1316, 1320, 1324, 1328, 1332, 1336, 1340, 1344, 1348, 1352, 1356, 1360, 1364, 1368, 1372, 1376, 1380, 1384, 1388, 1392, 1396, 1400, 1404, 1408, 1412, 1416, 1420, 1424, 1428, 1432, 1436, 1440, 1444, 1448, 1452, 1456, 1460, 1464, 1468, 1472, 1476, 1480, 1484, 1488, 1492, 1496, 1500, 1504, 1508, 1512, 1516, 1520, 1524, 1528, 1532, 1536, 1540, 1544, 1548, 1552, 1556, 1560, 1564, 1568, 1572, 1576, 1580, 1584, 1588, 1592, 1596, 1600, 1604, 1608, 1612, 1616, 1620, 1624, 1628, 1632, 1636, 1640, 1644, 1648, 1652, 1656, 1660, 1664, 1668, 1672, 1676, 1680, 1684, 1688, 1692, 1696, 1700, 1704, 1708, 1712, 1716, 1720, 1724, 1728, 1732, 1736, 1740, 1744, 1748, 1752, 1756, 1760, 1764, 1768, 1772, 1776, 1780, 1784, 1788, 1792, 1796, 1800, 1804, 1808, 1812, 1816, 1820, 1824, 1828, 1832, 1836, 1840, 1844, 1848, 1852, 1856, 1860, 1864, 1868, 1872, 1876, 1880, 1884, 1888, 1892, 1896, 1900, 1904, 1908, 1912, 1916, 1920, 1924, 1928, 1932, 1936, 1940, 1944, 1948, 1952, 1956, 1960, 1964, 1968, 1972, 1976, 1980, 1984, 1988, 1992, 1996, 2000, 2004, 2008, 2012, 2016, 2020, 2024, 2028, 2032, 2036, 2040, 2044, 2048, 2052, 2056, 2060, 2064, 2068, 2072, 2076, 2080, 2084, 2088, 2092, 2096, 2100, 2104, 2108, 2112, 2116, 2120, 2124, 2128, 2132, 2136, 2140, 2144, 2148, 2152, 2156, 2160, 2164, 2168, 2172, 2176, 2180, 2184, 2188, 2192, 2196, 2200, 2204, 2208, 2212, 2216, 2220, 2224, 2228, 2232, 2236, 2240, 2244, 2248, 2252, 2256, 2260, 2264, 2268, 2272, 2276, 2280, 2284, 2288, 2292, 2296, 2300, 2304, 2308, 2312, 2316, 2320, 2324, 2328, 2332, 2336, 2340, 2344, 2348, 2352, 2356, 2360, 2364, 2368, 2372, 2376, 2380, 2384, 2388, 2392, 2396, 2400, 2404, 2408, 2412, 2416, 2420, 2424, 2428, 2432, 2436, 2440, 2444, 2448, 2452, 2456, 2460, 2464, 2468, 2472, 2476, 2480, 2484, 2488, 2492, 2496, 2500, 2504, 2508, 2512, 2516, 2520, 2524, 2528, 2532, 2536, 2540, 2544, 2548, 2552, 2556, 2560, 2564, 2568, 2572, 2576, 2580, 2584, 2588, 2592, 2596, 2600, 2604, 2608, 2612, 2616, 2620, 2624, 2628, 2632, 2636, 2640, 2644, 2648, 2652, 2656, 2660, 2664, 2668, 2672, 2676, 2680, 2684, 2688, 2692, 2696, 2700, 2704, 2708, 2712, 2716, 2720, 2724, 2728, 2732, 2736, 2740, 2744, 2748, 2752, 2756, 2760, 2764, 2768, 2772, 2776, 2780, 2784, 2788, 2792, 2796, 2800, 2804, 2808, 2812, 2816, 2820, 2824, 2828, 2832, 2836, 2840, 2844, 2848, 2852, 2856, 2860, 2864, 2868, 2872, 2876, 2880, 2884, 2888, 2892, 2896, 2900, 2904, 2908, 2912, 2916, 2920, 2924, 2928, 2932, 2936, 2940, 2944, 2948, 2952, 2956, 2960, 2964, 2968, 2972, 2976, 2980, 2984, 2988, 2992, 2996, 3000, 3004, 3008, 3012, 3016, 3020, 3024, 3028, 3032, 3036, 3040, 3044, 3048, 3052, 3056, 3060, 3064, 3068, 3072, 3076, 3080, 3084, 3088, 3092, 3096, 3100, 3104, 3108, 3112, 3116, 3120, 3124, 3128, 3132, 3136, 3140, 3144, 3148, 3152, 3156, 3160, 3164, 3168, 3172, 3176, 3180, 3184, 3188, 3192, 3196, 3200, 3204, 3208, 3212, 3216, 3220, 3224, 3228, 3232, 3236, 3240, 3244, 3248, 3252, 3256, 3260, 3264, 3268, 3272, 3276, 3280, 3284, 3288, 3292, 3296, 3300, 3304, 3308, 3312, 3316, 3320, 3324, 3328, 3332, 3336, 3340, 3344, 3348, 3352, 3356, 3360, 3364, 3368, 3372, 3376, 3380, 3384, 3388, 3392, 3396, 3400, 3404, 3408, 3412, 3416, 3420, 3424, 3428, 3432, 3436, 3440, 3444, 3448, 3452, 3456, 3460, 3464, 3468, 3472, 3476, 3480, 3484, 3488, 3492, 3496, 3500, 3504, 3508, 3512, 3516, 3520, 3524, 3528, 3532, 3536, 3540, 3544, 3548, 3552, 3556, 3560, 3564, 3568, 3572, 3576, 3580, 3584, 3588, 3592, 3596, 3600, 3604, 3608, 3612, 3616, 3620, 3624, 3628, 3632, 3636, 3640, 3644, 3648, 3652, 3656, 3660, 3664, 3668, 3672, 3676, 3680, 3684, 3688, 3692, 3696, 3700, 3704, 3708, 3712, 3716, 3720, 3724, 3728, 3732, 3736, 3740, 3744, 3748, 3752, 3756, 3760, 3764, 3768, 3772, 3776, 3780, 3784, 3788, 3792, 3796, 3800, 3804, 3808, 3812, 3816, 3820, 3824, 3828, 3832, 3836, 3840, 3844, 3848, 3852, 3856, 3860, 3864, 3868, 3872, 3876, 3880, 3884, 3888, 3892, 3896, 3900, 3904, 3908, 3912, 3916, 3920, 3924, 3928, 3932, 3936, 3940, 3944, 3948, 3952, 3956, 3960, 3964, 3968, 3972, 3976, 3980, 3984, 3988, 3992, 3996, 4000, 4004, 4008, 4012, 4016, 4020, 4024, 4028, 4032, 4036, 4040, 4044, 4048, 4052, 4056, 4060, 4064, 4068, 4072, 4076, 4080, 4084, 4088, 4092, 4096, 4100, 4104, 4108, 4112, 4116, 4120, 4124, 4128, 4132, 4136, 4140, 4144, 4148, 4152, 4156, 4160, 4164, 4168, 4172, 4176, 4180, 4184, 4188, 4192, 4196, 4200, 4204, 4208, 4212, 4216, 4220, 4224, 4228, 4232, 4236, 4240, 4244, 4248, 4252, 4256, 4260, 4264, 4268, 4272, 4276, 4280, 4284, 4288, 4292, 4296, 4300, 4304, 4308, 4312, 4316, 4320, 4324, 4328, 4332, 4336, 4340, 4344, 4348, 4352, 4356, 4360, 4364, 4368, 4372, 4376, 4380, 4384, 4388, 4392, 4396, 4400, 4404, 4408, 4412, 4416, 4420, 4424, 4428, 4432, 4436, 4440, 4444, 4448, 4452, 4456, 4460, 4464, 4468, 4472, 4476, 4480, 4484, 4488, 4492, 4496, 4500, 4504, 4508, 4512, 4516, 4520, 4524, 4528, 4532, 4536, 4540, 4544, 4548, 4552, 4556, 4560, 4564, 4568, 4572, 4576, 4580, 4584, 4588, 4592, 4596, 4600, 4604, 4608, 4612, 4616, 4620, 4624, 4628, 4632, 4636, 4640, 4644, 4648, 4652, 4656, 4660, 4664, 4668, 4672, 4676, 4680, 4684, 4688, 4692, 4696, 4700, 4704, 4708, 4712, 4716, 4720, 4724, 4728, 4732, 4736, 4740, 4744, 4748, 4752, 4756, 4760, 4764, 4768, 4772, 4776, 4780, 4784, 4788, 4792, 4796, 4800, 4804, 4808, 4812, 4816, 4820, 4824, 4828, 4832, 4836, 4840, 4844, 4848, 4852, 4856, 4860, 4864, 4868, 4872, 4876, 4880, 4884, 4888, 4892, 4896, 4900, 4904, 4908, 4912, 4916, 4920, 4924, 4928, 4932, 4936, 4940, 4944, 4948, 4952, 4956, 4960, 4964, 4968, 4972, 4976, 4980, 4984, 4988, 4992, 4996, 5000, 5004, 5008, 5012, 5016, 5020, 5024, 5028, 5032, 5036, 5040, 5044, 5048, 5052, 5056, 5060, 5064, 5068, 5072, 5076, 5080, 5084, 5088, 5092, 5096, 5100, 5104, 5108, 5112, 5116, 5120, 5124, 5128, 5132, 5136, 5140, 5144, 5148, 5152, 5156, 5160, 5164, 5168, 5172, 5176, 5180, 5184, 5188, 5192, 5196, 5200, 5204, 5208, 5212, 5216, 5220, 5224, 5228, 5232, 5236, 5240, 5244, 5248, 5252, 5256, 5260, 5264, 5268, 5272, 5276, 5280, 5284, 5288, 5292, 5296, 5300, 5304, 5308, 5312, 5316, 5320, 5324, 5328, 5332, 5336, 5340, 5344, 5348, 5352, 5356, 5360, 5364, 5368, 5372, 5376, 5380, 5384, 5388, 5392, 5396, 5400, 5404, 5408, 5412, 5416, 5420, 5424, 5428, 5432, 5436, 5440, 5444, 5448, 5452, 5456, 5460, 5464, 5468, 5472, 5476, 5480, 5484, 5488, 5492, 5496, 5500, 5504, 5508, 5512, 5516, 5520, 5524, 5528, 5532, 5536, 5540, 5544, 5548, 5552, 5556, 5560, 5564, 5568, 5572, 5576, 5580, 5584, 5588, 5592, 5596, 5600, 5604, 5608, 5612, 5616, 5620, 5624, 5628, 5632, 5636, 5640, 5644, 5648, 5652, 5656, 5660, 5664, 5668, 5672, 5676, 5680, 5684, 5688, 5692, 5696, 5700, 5704, 5708, 5712, 5716, 5720, 5724, 5728, 5732, 5736, 5740, 5744, 5748, 5752, 5756, 5760, 5764, 5768, 5772, 5776, 5780, 5784, 5788, 5792, 5796, 5800, 5804, 5808, 5812, 5816, 5820, 5824, 5828, 5832, 5836, 5840, 5844, 5848, 5852, 5856, 5860, 5864, 5868, 5872, 5876, 5880, 5884, 5888, 5892, 5896, 5900, 5904, 5908, 5912, 5916, 5920, 5924, 5928, 5932, 5936, 5940, 5944, 5948, 5952, 5956, 5960, 5964, 5968, 5972, 5976, 5980, 5984, 5988, 5992, 5996, 6000, 6004, 6008, 6012, 6016, 6020, 6024, 6028, 6032, 6036, 6040, 6044, 6048, 6052, 6056, 6060, 6064, 6068, 6072, 6076, 6080, 6084, 6088, 6092, 6096, 6100, 6104, 6108, 6112, 6116, 6120, 6124, 6128, 6132, 6136, 6140, 6144, 6148, 6152, 6156, 6160, 6164, 6168, 6172, 6176, 6180, 6184, 6188, 6192, 6196, 6200, 6204, 6208, 6212, 6216, 6220, 6224, 6228, 6232, 6236, 6240, 6244, 6248, 6252, 6256, 6260, 6264, 6268, 6272, 6276, 6280, 6284, 6288, 6292, 6296, 6300, 6304, 6308, 6312, 6316, 6320, 6324, 6328, 6332, 6336, 6340, 6344, 6348, 6352, 6356, 6360, 6364, 6368, 6372, 6376, 6380, 6384, 6388, 6392, 6396, 6400, 6404, 6408, 6412, 6416, 6420, 6424, 6428, 6432, 6436, 6440, 6444, 6448, 6452, 6456, 6460, 6464, 6468, 6472, 6476, 6480, 6484, 6488, 6492, 6496, 6500, 6504, 6508, 6512, 6516, 6520, 6524, 6528, 6532, 6536, 6540, 6544, 6548, 6552, 6556, 6560, 6564, 6568, 6572, 6576, 6580, 6584, 6588, 6592, 6596, 6600, 6604, 6608, 6612, 6616, 6620, 6624, 6628, 6632, 6636, 6640, 6644, 6648, 6652, 6656, 6660, 6664, 6668, 6672, 6676, 6680, 6684, 6688, 6692, 6696, 6700, 6704, 6708, 6712, 6716, 6720, 6724, 6728, 6732, 6736, 6740, 6744, 6748, 6752, 6756, 6760, 6764, 6768, 6772, 6776, 6780, 6784, 6788, 6792, 6796, 6800, 6804, 6808, 6812, 6816, 6820, 6824, 6828, 6832, 6836, 6840, 6844, 6848, 6852, 6856, 6860, 6864, 6868, 6872, 6876, 6880, 6884, 6888, 6892, 6896, 6900, 6904, 6908, 6912, 6916, 6920, 6924, 6928, 6932, 6936, 6940, 6944, 6948, 6952, 6956, 6960, 6964, 6968, 6972, 6976, 6980, 6984, 6988, 6992, 6996, 7000, 7004, 7008, 7012, 7016, 7020, 7024, 7028, 7032, 7036, 7040, 7044, 7048, 7052, 7056, 7060, 7064, 7068, 7072, 7076, 7080, 7084, 7088, 7092, 7096, 7100, 7104, 7108, 7112, 7116, 7120, 7124, 7128, 7132, 7136, 7140, 7144, 7148, 7152, 7156, 7160, 7164, 7168, 7172, 7176, 7180, 7184, 7188, 7192, 7196, 7200, 7204, 7208, 7212, 7216, 7220, 7224, 7228, 7232, 7236, 7240, 7244, 7248, 7252, 7256, 7260, 7264, 7268, 7272, 7276, 7280, 7284, 7288, 7292, 7296, 7300, 7304, 7308, 7312, 7316, 7320, 7324, 7328, 7332, 7336, 7340, 7344, 7348, 7352, 7356, 7360, 7364, 7368, 7372, 7376, 7380, 7384, 7388, 7392, 7396, 7400, 7404, 7408, 7412, 7416, 7420, 7424, 7428, 7432, 7436, 7440, 7444, 7448, 7452, 7456, 7460, 7464, 7468, 7472, 7476, 7480, 7484, 7488, 7492, 7496, 7500, 7504, 7508, 7512, 7516, 7520, 7524, 7528, 7532, 7536, 7540, 7544, 7548, 7552, 7556, 7560, 7564, 7568, 7572, 7576, 7580, 7584, 7588, 7592, 7596, 7600, 7604, 7608, 7612, 7616, 7620, 7624, 7628, 7632, 7636, 7640, 7644, 7648, 7652, 7656, 7660, 7664, 7668, 7672, 7676, 7680, 7684, 7688, 7692, 7696, 7700, 7704, 7708, 7712, 7716, 7720, 7724, 7728, 7732, 7736, 7740, 7744, 7748, 7752, 7756, 7760, 7764, 7768, 7772, 7776, 7780, 7784, 7788, 7792, 7796, 7800, 7804, 7808, 7812, 7816, 7820, 7824, 7828, 7832, 7836, 7840, 7844, 7848, 7852, 7856, 7860, 7864, 7868, 7872, 7876, 7880, 7884, 7888, 7892, 7896, 7900, 7904, 7908, 7912, 7916, 7920, 7924, 7928, 7932, 7936, 7940, 7944, 7948, 7952, 7956, 7960, 7964, 7968, 7972, 7976, 7980, 7984, 7988, 7992, 7996, 8000, 8004, 8008, 8012, 8016, 8020, 8024, 8028, 8032, 8036, 8040, 8044, 8048, 8052, 8056, 8060, 8064, 8068, 8072, 8076, 8080, 8084, 8088, 8092, 8096, 8100, 8104, 8108, 8112, 8116, 8120, 8124, 8128, 8132, 8136, 8140, 8144, 8148, 8152, 8156, 8160, 8164, 8168, 8172, 8176, 8180, 8184, 8188, 8192, 8196, 8200, 8204, 8208, 8212, 8216, 8220, 8224, 8228, 8232, 8236, 8240, 8244, 8248, 8252, 8256, 8260, 8264, 8268, 8272, 8276, 8280, 8284, 8288, 8292, 8296, 8300, 8304, 8308, 8312, 8316, 8320, 8324, 8328, 8332, 8336, 8340, 8344, 8348, 8352, 8356, 8360, 8364, 8368, 8372, 8376, 8380, 8384, 8388, 8392, 8396, 8400, 8404, 8408, 8412, 8416, 8420, 8424, 8428, 8432, 8436, 8440, 8444, 8448, 8452, 8456, 8460, 8464, 8468, 8472, 8476, 8480, 8484, 8488, 8492, 8496, 8500, 8504, 8508, 8512, 8516, 8520, 8524, 8528, 8532, 8536, 8540, 8544, 8548, 8552, 8556, 8560, 8564, 8568, 8572, 8576, 8580, 8584, 8588, 8592, 8596, 8600, 8604, 8608, 8612, 8616, 8620, 8624, 8628, 8632, 8636, 8640, 8644, 8648, 8652, 8656, 8660, 8664, 8668, 8672, 8676, 8680, 8684, 8688, 8692, 8696, 8700, 8704, 8708, 8712, 8716, 8720, 8724, 8728, 8732, 8736, 8740, 8744, 8748, 8752, 8756, 8760, 8764, 8768, 8772, 8776, 8780, 8784, 8788, 8792, 8796, 8800, 8804, 8808, 8812, 8816, 8820, 8824, 8828, 8832, 8836, 8840, 8844, 8848, 8852, 8856, 8860, 8864, 8868, 8872, 8876, 8880, 8884, 8888, 8892, 8896, 8900, 8904, 8908, 8912, 8916, 8920, 8924, 8928, 8932, 8936, 8940, 8944, 8948, 8952, 8956, 8960, 8964, 8968, 8972, 8976, 8980, 8984, 8988, 8992, 8996, 9000, 9004, 9008, 9012, 9016, 9020, 9024, 9028, 9032, 9036, 9040, 9044, 9048, 9052, 9056, 9060, 9064, 9068, 9072, 9076, 9080, 9084, 9088, 9092, 9096, 9100, 9104, 9108, 9112, 9116, 9120, 9124, 9128, 9132, 9136, 9140, 9144, 9148, 9152, 9156, 9160, 9164, 9168, 9172, 9176, 9180, 9184, 9188, 9192, 9196, 9200, 9204, 9208, 9212, 9216, 9220, 9224, 9228, 9232, 9236, 9240, 9244, 9248, 9252, 9256, 9260, 9264, 9268, 9272, 9276, 9280, 9284, 9288, 9292, 9296, 9300, 9304, 9308, 9312, 9316, 9320, 9324, 9328, 9332, 9336, 9340, 9344, 9348, 9352, 9356, 9360, 9364, 9368, 9372, 9376, 9380, 9384, 9388, 9392, 9396, 9400, 9404, 9408, 9412, 9416, 9420, 9424, 9428, 9432, 9436, 9440, 9444, 9448, 9452, 9456, 9460, 9464, 9468, 9472, 9476, 9480, 9484, 9488, 9492, 9496, 9500, 9504, 9508, 9512, 9516, 9520, 9524, 9528, 9532, 9536, 9540, 9544, 9548, 9552, 9556, 9560, 9564, 9568, 9572, 9576, 9580, 9584, 9588, 9592, 9596, 9600, 9604, 9608, 9612, 9616, 9620, 9624, 9628, 9632, 9636, 9640, 9644, 9648, 9652, 9656, 9660, 9664, 9668, 9672, 9676, 9680, 9684, 9688, 9692, 9696, 9700, 9704, 9708, 9712, 9716, 9720, 9724, 9728, 9732, 9736, 9740, 9744, 9748, 9752, 9756, 9760, 9764, 9768, 9772, 9776, 9780, 9784, 9788, 9792, 9796, 9800, 9804, 9808, 9812, 9816, 9820, 9824, 9828, 9832, 9836, 9840, 9844, 9848, 9852, 9856, 9860, 9864, 9868, 9872, 9876, 9880, 9884, 9888, 9892, 9896, 9900, 9904, 9908, 9912, 9916, 9920, 9924, 9928, 9932, 9936, 9940, 9944, 9948, 9952, 9956, 9960, 9964, 9968, 9972, 9976, 9980, 9984, 9988, 9992, 9996, 10000, 10004, 10008, 10012, 10016, 10020, 10024, 10028, 10032, 10036, 10040, 10044, 10048, 10052, 10056, 10060, 10064, 10068, 10072, 10076, 10080, 10084, 10088, 10092, 10096, 10100, 10104, 10108, 10112, 10116, 10120, 10124, 10128, 10132, 10136, 10140, 10144, 10148, 10152, 10156, 10160, 10164, 10168, 10172, 10176, 10180, 10184, 10188, 10192, 10196, 10200, 10204, 10208, 10212, 10216, 10220, 10224, 10228, 10232, 10236, 10240, 10244, 10248, 10252, 10256, 10260, 10264, 10268, 10272, 10276, 10280, 10284, 10288, 10292, 10296, 10300, 10304, 10308, 10312, 10316, 10320, 10324, 10328, 10332, 10336, 10340, 10344, 10348, 10352, 10356, 10360, 10364, 10368, 10372, 10376, 10380, 10384, 10388, 10392, 10396, 10400, 10404, 10408, 10412, 10416, 10420, 10424, 10428, 10432, 10436, 10440, 10444, 10448, 10452, 10456, 10460, 10464, 10468, 10472, 10476, 10480, 10484, 10488, 10492, 10496, 10500, 10504, 10508, 10512, 10516, 10520, 10524, 10528, 10532, 10536, 10540, 10544, 10548, 10552, 10556, 10560, 10564, 10568, 10572, 10576, 10580, 10584, 10588, 10592, 10596, 10600, 10604, 10608, 10612, 10616, 10620, 10624, 10628, 10632, 10636, 10640, 10644, 10648, 10652, 10656, 10660, 10664, 10668, 10672, 10676, 10680, 10684, 10688, 10692, 10696, 10700, 10704, 10708, 10712, 10716, 10720, 10724, 10728, 10732, 10736, 10740, 10744, 10748, 10752, 10756, 10760, 10764, 10768, 10772, 10776, 10780, 10784, 10788, 10792, 10796, 10800, 10804, 10808, 10812, 10816, 10820, 10824, 10828, 10832, 10836, 10840, 10844, 10848, 10852, 10856, 10860, 10864, 10868, 10872, 10876, 10880, 10884, 10888, 10892, 10896, 10900, 10904, 10908, 10912, 10916, 10920, 10924, 10928, 10932, 10936, 10940, 10944, 10948, 10952, 10956, 10960, 10964, 10968, 10972, 10976, 10980, 10984, 10988, 10992, 10996, 11000, 11004, 11008, 11012, 11016, 11020, 11024, 11028, 11032, 11036, 11040, 11044, 11048, 11052, 11056, 11060, 11064, 11068, 11072, 11076, 11080, 11084, 11088, 11092, 11096, 11100, 11104, 11108, 11112, 11116, 11120, 11124, 11128, 11132, 11136, 11140, 11144, 11148, 11152, 11156, 11160, 11164, 11168, 11172, 11176, 11180, 11184, 11188, 11192, 11196, 11200, 11204, 11208, 11212, 11216, 11220, 11224, 11228, 11232, 11236, 11240, 11244, 11248, 11252, 11256, 11260, 11264, 11268, 11272, 11276, 11280, 11284, 11288, 11292, 11296, 11300, 11304, 11308, 11312, 11316, 11320, 11324, 11328, 11332, 11336, 11340, 11344, 11348, 11352, 11356, 11360, 11364, 11368, 11372, 11376, 11380, 11384, 11388, 11392, 11396, 11400, 11404, 11408, 11412, 11416, 11420, 11424, 11428, 11432, 11436, 11440, 11444, 11448, 11452, 11456, 11460, 11464, 11468, 11472, 11476, 11480, 11484, 11488, 11492, 11496, 11500, 11504, 11508, 11512, 11516, 11520, 11524, 11528, 11532, 11536, 11540, 11544, 11548, 11552, 11556, 11560, 11564, 11568, 11572, 11576, 11580, 11584, 11588, 11592, 11596, 11600, 11604, 11608, 11612, 11616, 11620, 11624, 11628, 11632, 11636, 11640, 11644, 11648, 11652, 11656, 11660, 11664, 11668, 11672, 11676, 11680, 11684, 11688, 11692, 11696, 11700, 11704, 11708, 11712, 11716, 11720, 11724, 11728, 11732, 11736, 11740, 11744, 11748, 11752, 11756, 11760, 11764, 11768, 11772, 11776, 11780, 11784, 11788, 11792, 11796, 11800, 11804, 11808, 11812, 11816, 11820, 11824, 11828, 11832, 11836, 11840, 11844, 11848, 11852, 11856, 11860, 11864, 11868, 11872, 11876, 11880, 11884, 11888, 11892, 11896, 11900, 11904, 11908, 11912, 11916, 11920, 11924, 11928, 11932, 11936, 11940, 11944, 11948, 11952, 11956, 11960, 11964, 11968, 11972, 11976, 11980, 11984, 11988, 11992, 11996, 12000, 12004, 12008, 12012, 12016, 12020, 12024, 12028, 12032, 12036, 12040, 12044, 12048, 12052, 12056, 12060, 12064, 12068, 12072, 12076, 12080, 12084, 12088, 12092, 12096, 12100, 12104, 12108, 12112, 12116, 12120, 12124, 12128, 12132, 12136, 12140, 12144, 12148, 12152, 12156, 12160, 12164, 12168, 12172, 12176, 12180, 12184, 12188, 12192, 12196, 12200, 12204, 12208, 12212, 12216, 12220, 12224, 12228, 12232, 12236, 12240, 12244, 12248, 12252, 12256, 12260, 12264, 12268, 12272, 12276, 12280, 12284, 12288, 12292, 12296, 12300, 12304, 12308, 12312, 12316, 12320, 12324, 12328, 12332, 12336, 12340, 12344, 12348, 12352, 12356, 12360, 12364, 12368, 12372, 12376, 12380, 12384, 12388, 12392, 12396, 12400, 12404, 12408, 12412, 12416, 12420, 12424, 12428, 12432, 12436, 12440, 12444, 12448, 12452, 12456, 12460, 12464, 12468, 12472, 12476, 12480, 12484, 12488, 12492, 12496, 12500, 12504, 12508, 12512, 12516, 12520, 12524, 12528, 12532, 12536, 12540, 12544, 12548, 12552, 12556, 12560, 12564, 12568, 12572, 12576, 12580, 12584, 12588, 12592, 12596, 12600, 12604, 12608, 12612, 12616, 12620, 12624, 12628, 12632, 12636, 12640, 12644, 12648, 12652, 12656, 12660, 12664, 12668, 12672, 12676, 12680, 12684, 12688, 12692, 12696, 12700, 12704, 12708, 12712, 12716, 12720, 12724, 12728, 12732, 12736, 12740, 12744, 12748, 12752, 12756, 12760, 12764, 12768, 12772, 12776, 12780, 12784, 12788, 12792, 12796, 12800, 12804, 12808, 12812, 12816, 12820, 12824, 12828, 12832, 12836, 12840, 12844, 12848, 12852, 12856, 12860, 12864, 12868, 12872, 12876, 12880, 12884, 12888, 12892, 12896, 12900, 12904, 12908, 12912, 12916, 12920, 12924, 12928, 12932, 12936, 12940, 12944, 12948, 12952, 12956, 12960, 12964, 12968, 12972, 12976, 12980, 12984, 12988, 12992, 12996, 13000, 13004, 13008, 13012, 13016, 13020, 13024, 13028, 13032, 13036, 13040, 13044, 13048, 13052, 13056, 13060, 13064, 13068, 13072, 13076, 13080, 13084, 13088, 13092, 13096, 13100, 13104, 13108, 13112, 13116, 13120, 13124, 13128, 13132, 13136, 13140, 13144, 13148, 13152, 13156, 13160, 13164, 13168, 13172, 13176, 13180, 13184, 13188, 13192, 13196, 13200, 13204, 13208, 13212, 13216, 13220, 13224, 13228, 13232, 13236, 13240, 13244, 13248, 13252, 13256, 13260, 13264, 13268, 13272, 13276, 13280, 13284, 13288, 13292, 13296, 13300, 13304, 13308, 13312, 13316, 13320, 13324, 13328, 13332, 13336, 13340, 13344, 13348, 13352, 13356, 13360, 13364, 13368, 13372, 13376, 13380, 13384, 13388, 13392, 13396, 13400, 13404, 13408, 13412, 13416, 13420, 13424, 13428, 13432, 13436, 13440, 13444, 13448, 13452, 13456, 13460, 13464, 13468, 13472, 13476, 13480, 13484, 13488, 13492, 13496, 13500, 13504, 13508, 13512, 13516, 13520, 13524, 13528, 13532, 13536, 13540, 13544, 13548, 13552, 13556, 13560, 13564, 13568, 13572, 13576, 13580, 13584, 13588, 13592, 13596, 13600, 13604, 13608, 13612, 13616, 13620, 13624, 13628, 13632, 13636, 13640, 13644, 13648, 13652, 13656, 13660, 13664, 13668, 13672, 13676, 13680, 13684, 13688, 13692, 13696, 13700, 13704, 13708, 13712, 13716, 13720, 13724, 13728, 13732, 13736, 13740, 13744, 13748, 13752, 13756, 13760, 13764, 13768, 13772, 13776, 13780, 13784, 13788, 13792, 13796, 13800, 13804, 13808, 13812, 13816, 13820, 13824, 13828, 13832, 13836, 13840, 13844, 13848, 13852, 13856, 13860, 13864, 13868, 13872, 13876, 13880, 13884, 13888, 13892, 13896, 13900, 13904, 13908, 13912, 13916, 13920, 13924, 13928, 13932, 13936, 13940, 13944, 13948, 13952, 13956, 13960, 13964, 13968, 13972, 13976, 13980, 13984, 13988, 13992, 13996, 14000, 14004, 14008, 14012, 14016, 14020, 14024, 14028, 14032, 14036, 14040, 14044, 14048, 14052, 14056, 14060, 14064, 14068, 14072, 14076, 14080, 14084, 14088, 14092, 14096, 14100, 14104, 14108, 14112, 14116, 14120, 14124, 14128, 14132, 14136, 14140, 14144, 14148, 14152, 14156, 14160, 14164, 14168, 14172, 14176, 14180, 14184, 14188, 14192, 14196, 14200, 14204, 14208, 14212, 14216, 14220, 14224, 14228, 14232, 14236, 14240, 14244, 14248, 14252, 14256, 14260, 14264, 14268, 14272, 14276, 14280, 14284, 14288, 14292, 14296, 14300, 14304, 14308, 14312, 14316, 14320, 14324, 14328, 14332, 14336, 14340, 14344, 14348, 14352, 14356, 14360, 14364, 14368, 14372, 14376, 14380, 14384, 14388, 14392, 14396, 14400, 14404, 14408, 14412, 14416, 14420, 14424, 14428, 14432, 14436, 14440, 14444, 14448, 14452, 14456, 14460, 14464, 14468, 14472, 14476, 14480, 14484, 14488, 14492, 14496, 14500, 14504, 14508, 14512, 14516, 14520, 14524, 14528, 14532, 14536, 14540, 14544, 14548, 14552, 14556, 14560, 14564, 14568, 14572, 14576, 14580, 14584, 14588, 14592, 14596, 14600, 14604, 14608, 14612, 14616, 14620, 14624, 14628, 14632, 14636, 14640, 14644, 14648, 14652, 14656, 14660, 14664, 14668, 14672, 14676, 14680, 14684, 14688, 14692, 14696, 14700, 14704, 14708, 14712, 14716, 14720, 14724, 14728, 14732, 14736, 14740, 14744, 14748, 14752, 14756, 14760, 14764, 14768, 14772, 14776, 14780, 14784, 14788, 14792, 14796, 14800, 14804, 14808, 14812, 14816, 14820, 14824, 14828, 14832, 14836, 14840, 14844, 14848, 14852, 14856, 14860, 14864, 14868, 14872, 14876, 14880, 14884, 14888, 14892, 14896, 14900, 14904, 14908, 14912, 14916, 14920, 14924, 14928, 14932, 14936, 14940, 14944, 14948, 14952, 14956, 14960, 14964, 14968, 14972, 14976, 14980, 14984, 14988, 14992, 14996, 15000, 15004, 15008, 15012, 15016, 15020, 15024, 15028, 15032, 15036, 15040, 15044, 15048, 15052, 15056, 15060, 15064, 15068, 15072, 15076, 15080, 15084, 15088, 15092, 15096, 15100, 15104, 15108, 15112, 15116, 15120, 15124, 15128, 15132, 15136, 15140, 15144, 15148, 15152, 15156, 15160, 15164, 15168, 15172, 15176, 15180, 15184, 15188, 15192, 15196, 15200, 15204, 15208, 15212, 15216, 15220, 15224, 15228, 15232, 15236, 15240, 15244, 15248, 15252, 15256, 15260, 15264, 15268, 15272, 15276, 15280, 15284, 15288, 15292, 15296, 15300, 15304, 15308, 15312, 15316, 15320, 15324, 15328, 15332, 15336, 15340, 15344, 15348, 15352, 15356, 15360, 15364, 15368, 15372, 15376, 15380, 15384, 15388, 15392, 15396, 15400, 15404, 15408, 15412, 15416, 15420, 15424, 15428, 15432, 15436, 15440, 15444, 15448, 15452, 15456, 15460, 15464, 15468, 15472, 15476, 15480, 15484, 15488, 15492, 15496, 15500, 15504, 15508, 15512, 15516, 15520, 15524, 15528, 15532, 15536, 15540, 15544, 15548, 15552, 15556, 15560, 15564, 15568, 15572, 15576, 15580, 15584, 15588, 15592, 15596, 15600, 15604, 15608, 15612, 15616, 15620, 15624, 15628, 15632, 15636, 15640, 15644, 15648, 15652, 15656, 15660, 15664, 15668, 15672, 15676, 15680, 15684, 15688, 15692, 15696, 15700, 15704, 15708, 15712, 15716, 15720, 15724, 15728, 15732, 15736, 15740, 15744, 15748, 15752, 15756, 15760, 15764, 15768, 15772, 15776, 15780, 15784, 15788, 15792, 15796, 15800, 15804, 15808, 15812, 15816, 15820, 15824, 15828, 15832, 15836, 15840, 15844, 15848, 15852, 15856, 15860, 15864, 15868, 15872, 15876, 15880, 15884, 15888, 15892, 15896, 15900, 15904, 15908, 15912, 15916, 15920, 15924, 15928, 15932, 15936, 15940, 15944, 15948, 15952, 15956, 15960, 15964, 15968, 15972, 15976, 15980, 15984, 15988, 15992, 15996, 16000, 16004, 16008, 16012, 16016, 16020, 16024, 16028, 16032, 16036, 16040, 16044, 16048, 16052, 16056, 16060, 16064, 16068, 16072, 16076, 16080, 16084, 16088, 16092, 16096, 16100, 16104, 16108, 16112, 16116, 16120, 16124, 16128, 16132, 16136, 16140, 16144, 16148, 16152, 16156, 16160, 16164, 16168, 16172, 16176, 16180, 16184, 16188, 16192, 16196, 16200, 16204, 16208, 16212, 16216, 16220, 16224, 16228, 16232, 16236, 16240, 16244, 16248, 16252, 16256, 16260, 16264, 16268, 16272, 16276, 16280, 16284, 16288, 16292, 16296, 16300, 16304, 16308, 16312, 16316, 16320, 16324, 16328, 16332, 16336, 16340, 16344, 16348, 16352, 16356, 16360, 16364, 16368, 16372, 16376, 16380, 16384, 16388, 16392, 16396, 16400, 16404, 16408, 16412, 16416, 16420, 16424, 16428, 16432, 16436, 16440, 16444, 16448, 16452, 16456, 16460, 16464, 16468, 16472, 16476, 16480, 16484, 16488, 16492, 16496, 16500, 16504, 16508, 16512, 16516, 16520, 16524, 16528, 16532, 16536, 16540, 16544, 16548, 16552, 16556, 16560, 16564, 16568, 16572, 16576, 16580, 16584, 16588, 16592, 16596, 16600, 16604, 16608, 16612, 16616, 16620, 16624, 16628, 16632, 16636, 16640, 16644, 16648, 16652, 16656, 16660, 16664, 16668, 16672, 16676, 16680, 16684, 16688, 16692, 16696, 16700, 16704, 16708, 16712, 16716, 16720, 16724, 16728, 16732, 16736, 16740, 16744, 16748, 16752, 16756, 16760, 16764, 16768, 16772, 16776, 16780, 16784, 16788, 16792, 16796, 16800, 16804, 16808, 16812, 16816, 16820, 16824, 16828, 16832, 16836, 16840, 16844, 16848, 16852, 16856, 16860, 16864, 16868, 16872, 16876, 16880, 16884, 16888, 16892, 16896, 16900, 16904, 16908, 16912, 16916, 16920, 16924, 16928, 16932, 16936, 16940, 16944, 16948, 16952, 16956, 16960, 16964, 16968, 16972, 16976, 16980, 16984, 16988, 16992, 16996, 17000, 17004, 17008, 17012, 17016, 17020, 17024, 17028, 17032, 17036, 17040, 17044, 17048, 17052, 17056, 17060, 17064, 17068, 17072, 17076, 17080, 17084, 17088, 17092, 17096, 17100, 17104, 17108, 17112, 17116, 17120, 17124, 17128, 17132, 17136, 17140, 17144, 17148, 17152, 17156, 17160, 17164, 17168, 17172, 17176, 17180, 17184, 17188, 17192, 17196, 17200, 17204, 17208, 17212, 17216, 17220, 17224, 17228, 17232, 17236, 17240, 17244, 17248, 17252, 17256, 17260, 17264, 17268, 17272, 17276, 17280, 17284, 17288, 17292, 17296, 17300, 17304, 17308, 17312, 17316, 17320, 17324, 17328, 17332, 17336, 17340, 17344, 17348, 17352, 17356, 17360, 17364, 17368, 17372, 17376, 17380, 17384, 17388, 17392, 17396, 17400, 17404, 17408, 17412, 17416, 17420, 17424, 17428, 17432, 17436, 17440, 17444, 17448, 17452, 17456, 17460, 17464, 17468, 17472, 17476, 17480, 17484, 17488, 17492, 17496, 17500, 17504, 17508, 17512, 17516, 17520, 17524, 17528, 17532, 17536, 17540, 17544, 17548, 17552, 17556, 17560, 17564, 17568, 17572, 17576, 17580, 17584, 17588, 17592, 17596, 17600, 17604, 17608, 17612, 17616, 17620, 17624, 17628, 17632, 17636, 17640, 17644, 17648, 17652, 17656, 17660, 17664, 17668, 17672, 17676, 17680, 17684, 17688, 17692, 17696, 17700, 17704, 17708, 17712, 17716, 17720, 17724, 17728, 17732, 17736, 17740, 17744, 17748, 17752, 17756, 17760, 17764, 17768, 17772, 17776, 17780, 17784, 17788, 17792, 17796, 17800, 17804, 17808, 17812, 17816, 17820, 17824, 17828, 17832, 17836, 17840, 17844, 17848, 17852, 17856, 17860, 17864, 17868, 17872, 17876, 17880, 17884, 17888, 17892, 17896, 17900, 17904, 17908, 17912, 17916, 17920, 17924, 17928, 17932, 17936, 17940, 17944, 17948, 17952, 17956, 17960, 17964, 17968, 17972, 17976, 17980, 17984, 17988, 17992, 17996, 18000, 18004, 18008, 18012, 18016, 18020, 18024, 18028, 18032, 18036, 18040, 18044, 18048, 18052, 18056, 18060, 18064, 18068, 18072, 18076, 18080, 18084, 18088, 18092, 18096, 18100, 18104, 18108, 18112, 18116, 18120, 18124, 18128, 18132, 18136, 18140, 18144, 18148, 18152, 18156, 18160, 18164, 18168, 18172, 18176, 18180, 18184, 18188, 18192, 18196, 18200, 18204, 18208, 18212, 18216, 18220, 18224, 18228, 18232, 18236, 18240, 18244, 18248, 18252, 18256, 18260, 18264, 18268, 18272, 18276, 18280, 18284, 18288, 18292, 18296, 18300, 18304, 18308, 18312, 18316, 18320, 18324, 18328, 18332, 18336, 18340, 18344, 18348, 18352, 18356, 18360, 18364, 18368, 18372, 18376, 18380, 18384, 18388, 18392, 18396, 18400, 18404, 18408, 18412, 18416, 18420, 18424, 18428, 18432, 18436, 18440, 18444, 18448, 18452, 18456, 18460, 18464, 18468, 18472, 18476, 18480, 18484, 18488, 18492, 18496, 18500, 18504, 18508, 18512, 18516, 18520, 18524, 18528, 18532, 18536, 18540, 18544, 18548, 18552, 18556, 18560, 18564, 18568, 18572, 18576, 18580, 18584, 18588, 18592, 18596, 18600, 18604, 18608, 18612, 18616, 18620, 18624, 18628, 18632, 18636, 18640, 18644, 18648, 18652, 18656, 18660, 18664, 18668, 18672, 18676, 18680, 18684, 18688, 18692, 18696, 18700, 18704, 18708, 18712, 18716, 18720, 18724, 18728, 18732, 18736, 18740, 18744, 18748, 18752, 18756, 18760, 18764, 18768, 18772, 18776, 18780, 18784, 18788, 18792, 18796, 18800, 18804, 18808, 18812, 18816, 18820, 18824, 18828, 18832, 18836, 18840, 18844, 18848, 18852, 18856, 18860, 18864, 18868, 18872, 18876, 18880, 18884, 18888, 18892, 18896, 18900, 18904, 18908, 18912, 18916, 18920, 18924, 18928, 18932, 18936, 18940, 18944, 18948, 18952, 18956, 18960, 18964, 18968, 18972, 18976, 18980, 18984, 18988, 18992, 18996, 19000, 19004, 19008, 19012, 19016, 19020, 19024, 19028, 19032, 19036, 19040, 19044, 19048, 19052, 19056, 19060, 19064, 19068, 19072, 19076, 19080, 19084, 19088, 19092, 19096, 19100, 19104, 19108, 19112, 19116, 19120, 19124, 19128, 19132, 19136, 19140, 19144, 19148, 19152, 19156, 19160, 19164, 19168, 19172, 19176, 19180, 19184, 19188, 19192, 19196, 19200, 19204, 19208, 19212, 19216, 19220, 19224, 19228, 19232, 19236, 19240, 19244, 19248, 19252, 19256, 19260, 19264, 19268, 19272, 19276, 19280, 19284, 19288, 19292, 19296, 19300, 19304, 19308, 19312, 19316, 19320, 19324, 19328, 19332, 19336, 19340, 19344, 19348, 19352, 19356, 19360, 19364, 19368, 19372, 19376, 19380, 19384, 19388, 19392, 19396, 19400, 19404, 19408, 19412, 19416, 19420, 19424, 19428, 19432, 19436, 19440, 19444, 19448, 19452, 19456, 19460, 19464, 19468, 19472, 19476, 19480, 19484, 19488, 19492, 19496, 19500, 19504, 19508, 19512, 19516, 19520, 19524, 19528, 19532, 19536, 19540, 19544, 19548, 19552, 19556, 19560, 19564, 19568, 19572, 19576, 19580, 19584, 19588, 19592, 19596, 19600, 19604, 19608, 19612, 19616, 19620, 19624, 19628, 19632, 19636, 19640, 19644, 19648, 19652, 19656, 19660, 19664, 19668, 19672, 19676, 19680, 19684, 19688, 19692, 19696, 19700, 19704, 19708, 19712, 19716, 19720, 19724, 19728, 19732, 19736, 19740, 19744, 19748, 19752, 19756, 19760, 19764, 19768, 19772, 19776, 19780, 19784, 19788, 19792, 19796, 19800, 19804, 19808, 19812, 19816, 19820, 19824, 19828, 19832, 19836, 19840, 19844, 19848, 19852, 19856, 19860, 19864, 19868, 19872, 19876, 19880, 19884, 19888, 19892, 19896, 19900, 19904, 19908, 19912, 19916, 19920, 19924, 19928, 19932, 19936, 19940, 19944, 19948, 19952, 19956, 19960, 19964, 19968, 19972, 19976, 19980, 19984, 19988, 19992, 19996, 20000, 20004, 20008, 20012, 20016, 20020, 20024, 20028, 20032, 20036, 20040, 20044, 20048, 20052, 20056, 20060, 20064, 20068, 20072, 20076, 20080, 20084, 20088, 20092, 20096, 20100, 20104, 20108, 20112, 20116, 20120, 20124, 20128, 20132, 20136, 20140, 20144, 20148, 20152, 20156, 20160, 20164, 20168, 20172, 20176, 20180, 20184, 20188, 20192, 20196, 20200, 20204, 20208, 20212, 20216, 20220, 20224, 20228, 20232, 20236, 20240, 20244, 20248, 20252, 20256, 20260, 20264, 20268, 20272, 20276, 20280, 20284, 20288, 20292, 20296, 20300, 20304, 20308, 20312, 20316, 20320, 20324, 20328, 20332, 20336, 20340, 20344, 20348, 20352, 20356, 20360, 20364, 20368, 20372, 20376, 20380, 20384, 20388, 20392, 20396, 20400, 20404, 20408, 20412, 20416, 20420, 20424, 20428, 20432, 20436, 20440, 20444, 20448, 20452, 20456, 20460, 20464, 20468, 20472, 20476, 20480, 20484, 20488, 20492, 20496, 20500, 20504, 20508, 20512, 20516, 20520, 20524, 20528, 20532, 20536, 20540, 20544, 20548, 20552, 20556, 20560, 20564, 20568, 20572, 20576, 20580, 20584, 20588, 20592, 20596, 20600, 20604, 20608, 20612, 20616, 20620, 20624, 20628, 20632, 20636, 20640, 20644, 20648, 20652, 20656, 20660, 20664, 20668, 20672, 20676, 20680, 20684, 20688, 20692, 20696, 20700, 20704, 20708, 20712, 20716, 20720, 20724, 20728, 20732, 20736, 20740, 20744, 20748, 20752, 20756, 20760, 20764, 20768, 20772, 20776, 20780, 20784, 20788, 20792, 20796, 20800, 20804, 20808, 20812, 20816, 20820, 20824, 20828, 20832, 20836, 20840, 20844, 20848, 20852, 20856, 20860, 20864, 20868, 20872, 20876, 20880, 20884, 20888, 20892, 20896, 20900, 20904, 20908, 20912, 20916, 20920, 20924, 20928, 20932, 20936, 20940, 20944, 20948, 20952, 20956, 20960, 20964, 20968, 20972, 20976, 20980, 20984, 20988, 20992, 20996, 21000, 21004, 21008, 21012, 21016, 21020, 21024, 21028, 21032, 21036, 21040, 21044, 21048, 21052, 21056, 21060, 21064, 21068, 21072, 21076, 21080, 21084, 21088, 21092, 21096, 21100, 21104, 21108, 21112, 21116, 21120, 21124, 21128, 21132, 21136, 21140, 21144, 21148, 21152, 21156, 21160, 21164, 21168, 21172, 21176, 21180, 21184, 21188, 21192, 21196, 21200, 21204, 21208, 21212, 21216, 21220, 21224, 21228, 21232, 21236, 21240, 21244, 21248, 21252, 21256, 21260, 21264, 21268, 21272, 21276, 21280, 21284, 21288, 21292, 21296, 21300, 21304, 21308, 21312, 21316, 21320, 21324, 21328, 21332, 21336, 21340, 21344, 21348, 21352, 21356, 21360, 21364, 21368, 21372, 21376, 21380, 21384, 21388, 21392, 21396, 21400, 21404, 21408, 21412, 21416, 21420, 21424, 21428, 21432, 21436, 21440, 21444, 21448, 21452, 21456, 21460, 21464, 21468, 21472, 21476, 21480, 21484, 21488, 21492, 21496, 21500, 21504, 21508, 21512, 21516, 21520, 21524, 21528, 21532, 21536, 21540, 21544, 21548, 21552, 21556, 21560, 21564, 21568, 21572, 21576, 21580, 21584, 21588, 21592, 21596, 21600, 21604, 21608, 21612, 21616, 21620, 21624, 21628, 21632, 21636, 21640, 21644, 21648, 21652, 21656, 21660, 21664, 21668, 21672, 21676, 21680, 21684, 21688, 21692, 21696, 21700, 21704, 21708, 21712, 21716, 21720, 21724, 21728, 21732, 21736, 21740, 21744, 21748, 21752, 21756, 21760, 21764, 21768, 21772, 21776, 21780, 21784, 21788, 21792, 21796, 21800, 21804, 21808, 21812, 21816, 21820, 21824, 21828, 21832, 21836, 21840, 21844, 21848, 21852, 21856, 21860, 21864, 21868, 21872, 21876, 21880, 21884, 21888, 21892, 21896, 21900, 21904, 21908, 21912, 21916, 21920, 21924, 21928, 21932, 21936, 21940, 21944, 21948, 21952, 21956, 21960, 21964, 21968, 21972, 21976, 21980, 21984, 21988, 21992, 21996, 22000, 22004, 22008, 22012, 22016, 22020, 22024, 22028, 22032, 22036, 22040, 22044, 22048, 22052, 22056, 22060, 22064, 22068, 22072, 22076, 22080, 22084, 22088, 22092, 22096, 22100, 22104, 22108, 22112, 22116, 22120, 22124, 22128, 22132, 22136, 22140, 22144, 22148, 22152, 22156, 22160, 22164, 22168, 22172, 22176, 22180, 22184, 22188, 22192, 22196, 22200, 22204, 22208, 22212, 22216, 22220, 22224, 22228, 22232, 22236, 22240, 22244, 22248, 22252, 22256, 22260, 22264, 22268, 22272, 22276, 22280, 22284, 22288, 22292, 22296, 22300, 22304, 22308, 22312, 22316, 22320, 22324, 22328, 22332, 22336, 22340, 22344, 22348, 22352, 22356, 22360, 22364, 22368, 22372, 22376, 22380, 22384, 22388, 22392, 22396, 22400, 22404, 22408, 22412, 22416, 22420, 22424, 22428, 22432, 22436, 22440, 22444, 22448, 22452, 22456, 22460, 22464, 22468, 22472, 22476, 22480, 22484, 22488, 22492, 22496, 22500, 22504, 22508, 22512, 22516, 22520, 22524, 22528, 22532, 22536, 22540, 22544, 22548, 22552, 22556, 22560, 22564, 22568, 22572, 22576, 22580, 22584, 22588, 22592, 22596, 22600, 22604, 22608, 22612, 22616, 22620, 22624, 22628, 22632, 22636, 22640, 22644, 22648, 22652, 22656, 22660, 22664, 22668, 22672, 22676, 22680, 22684, 22688, 22692, 22696, 22700, 22704, 22708, 22712, 22716, 22720, 22724, 22728, 22732, 22736, 22740, 22744, 22748, 22752, 22756, 22760, 22764, 22768, 22772, 22776, 22780, 22784, 22788, 22792, 22796, 22800, 22804, 22808, 22812, 22816, 22820, 22824, 22828, 22832, 22836, 22840, 22844, 22848, 22852, 22856, 22860, 22864, 22868, 22872, 22876, 22880, 22884, 22888, 22892, 22896, 22900, 22904, 22908, 22912, 22916, 22920, 22924, 22928, 22932, 22936, 22940, 22944, 22948, 22952, 22956, 22960, 22964, 22968, 22972, 22976, 22980, 22984, 22988, 22992, 22996, 23000, 23004, 23008, 23012, 23016, 23020, 23024, 23028, 23032, 23036, 23040, 23044, 23048, 23052, 23056, 23060, 23064, 23068, 23072, 23076, 23080, 23084, 23088, 23092, 23096, 23100, 23104, 23108, 23112, 23116, 23120, 23124, 23128, 23132, 23136, 23140, 23144, 23148, 23152, 23156, 23160, 23164, 23168, 23172, 23176, 23180, 23184, 23188, 23192, 23196, 23200, 23204, 23208, 23212, 23216, 23220, 23224, 23228, 23232, 23236, 23240, 23244, 23248, 23252, 23256, 23260, 23264, 23268, 23272, 23276, 23280, 23284, 23288, 23292, 23296, 23300, 23304, 23308, 23312, 23316, 23320, 23324, 23328, 23332, 23336, 23340, 23344, 23348, 23352, 23356, 23360, 23364, 23368, 23372, 23376, 23380, 23384, 23388, 23392, 23396, 23400, 23404, 23408, 23412, 23416, 23420, 23424, 23428, 23432, 23436, 23440, 23444, 23448, 23452, 23456, 23460, 23464, 23468, 23472, 23476, 23480, 23484, 23488, 23492, 23496, 23500, 23504, 23508, 23512, 23516, 23520, 23524, 23528, 23532, 23536, 23540, 23544, 23548, 23552, 23556, 23560, 23564, 23568, 23572, 23576, 23580, 23584, 23588, 23592, 23596, 23600, 23604, 23608, 23612, 23616, 23620, 23624, 23628, 23632, 23636, 23640, 23644, 23648, 23652, 23656, 23660, 23664, 23668, 23672, 23676, 23680, 23684, 23688, 23692, 23696, 23700, 23704, 23708, 23712, 23716, 23720, 23724, 23728, 23732, 23736, 23740, 23744, 23748, 23752, 23756, 23760, 23764, 23768, 23772, 23776, 23780, 23784, 23788, 23792, 23796, 23800, 23804, 23808, 23812, 23816, 23820, 23824, 23828, 23832, 23836, 23840, 23844, 23848, 23852, 23856, 23860, 23864, 23868, 23872, 23876, 23880, 23884, 23888, 23892, 23896, 23900, 23904, 23908, 23912, 23916, 23920, 23924, 23928, 23932, 23936, 23940, 23944, 23948, 23952, 23956, 23960, 23964, 23968, 23972, 23976, 23980, 23984, 23988, 23992, 23996, 24000, 24004, 24008, 24012, 24016, 24020, 24024, 24028, 24032, 24036, 24040, 24044, 24048, 24052, 24056, 24060, 24064, 24068, 24072, 24076, 24080, 24084, 24088, 24092, 24096, 24100, 24104, 24108, 24112, 24116, 24120, 24124, 24128, 24132, 24136, 24140, 24144, 24148, 24152, 24156, 24160, 24164, 24168, 24172, 24176, 24180, 24184, 24188, 24192, 24196, 24200, 24204, 24208, 24212, 24216, 24220, 24224, 24228, 24232, 24236, 24240, 24244, 24248, 24252, 24256, 24260, 24264, 24268, 24272, 24276, 24280, 24284, 24288, 24292, 24296, 24300, 24304, 24308, 24312, 24316, 24320, 24324, 24328, 24332, 24336, 24340, 24344, 24348, 24352, 24356, 24360, 24364, 24368, 24372, 24376, 24380, 24384, 24388, 24392, 24396, 24400, 24404, 24408, 24412, 24416, 24420, 24424, 24428, 24432, 24436, 24440, 24444, 24448, 24452, 24456, 24460, 24464, 24468, 24472, 24476, 24480, 24484, 24488, 24492, 24496, 24500, 24504, 24508, 24512, 24516, 24520, 24524, 24528, 24532, 24536, 24540, 24544, 24548, 24552, 24556, 24560, 24564, 24568, 24572, 24576, 24580, 24584, 24588, 24592, 24596, 24600, 24604, 24608, 24612, 24616, 24620, 24624, 24628, 24632, 24636, 24640, 24644, 24648, 24652, 24656, 24660, 24664, 24668, 24672, 24676, 24680, 24684, 24688, 24692, 24696, 24700, 24704, 24708, 24712, 24716, 24720, 24724, 24728, 24732, 24736, 24740, 24744, 24748, 24752, 24756, 24760, 24764, 24768, 24772, 24776, 24780, 24784, 24788, 24792, 24796, 24800, 24804, 24808, 24812, 24816, 24820, 24824, 24828, 24832, 24836, 24840, 24844, 24848, 24852, 24856, 24860, 24864, 24868, 24872, 24876, 24880, 24884, 24888, 24892, 24896, 24900, 24904, 24908, 24912, 24916, 24920, 24924, 24928, 24932, 24936, 24940, 24944, 24948, 24952, 24956, 24960, 24964, 24968, 24972, 24976, 24980, 24984, 24988, 24992, 24996, 25000, 25004, 25008, 25012, 25016, 25020, 25024, 25028, 25032, 25036, 25040, 25044, 25048, 25052, 25056, 25060, 25064, 25068, 25072, 25076, 25080, 25084, 25088, 25092, 25096, 25100, 25104, 25108, 25112, 25116, 25120, 25124, 25128, 25132, 25136, 25140, 25144, 25148, 25152, 25156, 25160, 25164, 25168, 25172, 25176, 25180, 25184, 25188, 25192, 25196, 25200, 25204, 25208, 25212, 25216, 25220, 25224, 25228, 25232, 25236, 25240, 25244, 25248, 25252, 25256, 25260, 25264, 25268, 25272, 25276, 25280, 25284, 25288, 25292, 25296, 25300, 25304, 25308, 25312, 25316, 25320, 25324, 25328, 25332, 25336, 25340, 25344, 25348, 25352, 25356, 25360, 25364, 25368, 25372, 25376, 25380, 25384, 25388, 25392, 25396, 25400, 25404, 25408, 25412, 25416, 25420, 25424, 25428, 25432, 25436, 25440, 25444, 25448, 25452, 25456, 25460, 25464, 25468, 25472, 25476, 25480, 25484, 25488, 25492, 25496, 25500, 25504, 25508, 25512, 25516, 25520, 25524, 25528, 25532, 25536, 25540, 25544, 25548, 25552, 25556, 25560, 25564, 25568, 25572, 25576, 25580, 25584, 25588, 25592, 25596, 25600, 25604, 25608, 25612, 25616, 25620, 25624, 25628, 25632, 25636, 25640, 25644, 25648, 25652, 25656, 25660, 25664, 25668, 25672, 25676, 25680, 25684, 25688, 25692, 25696, 25700, 25704, 25708, 25712, 25716, 25720, 25724, 25728, 25732, 25736, 25740, 25744, 25748, 25752, 25756, 25760, 25764, 25768, 25772, 25776, 25780, 25784, 25788, 25792, 25796, 25800, 25804, 25808, 25812, 25816, 25820, 25824, 25828, 25832, 25836, 25840, 25844, 25848, 25852, 25856, 25860, 25864, 25868, 25872, 25876, 25880, 25884, 25888, 25892, 25896, 25900, 25904, 25908, 25912, 25916, 25920, 25924, 25928, 25932, 25936, 25940, 25944, 25948, 25952, 25956, 25960, 25964, 25968, 25972, 25976, 25980, 25984, 25988, 25992, 25996, 26000, 26004, 26008, 26012, 26016, 26020, 26024, 26028, 26032, 26036, 26040, 26044, 26048, 26052, 26056, 26060, 26064, 26068, 26072, 26076, 26080, 26084, 26088, 26092, 26096, 26100, 26104, 26108, 26112, 26116, 26120, 26124, 26128, 26132, 26136, 26140, 26144, 26148, 26152, 26156, 26160, 26164, 26168, 26172, 26176, 26180, 26184, 26188, 26192, 26196, 26200, 26204, 26208, 26212, 26216, 26220, 26224, 26228, 26232, 26236, 26240, 26244, 26248, 26252, 26256, 26260, 26264, 26268, 26272, 26276, 26280, 26284, 26288, 26292, 26296, 26300, 26304, 26308, 26312, 26316, 26320, 26324, 26328, 26332, 26336, 26340, 26344, 26348, 26352, 26356, 26360, 26364, 26368, 26372, 26376, 26380, 26384, 26388, 26392, 26396, 26400, 26404, 26408, 26412, 26416, 26420, 26424, 26428, 26432, 26436, 26440, 26444, 26448, 26452, 26456, 26460, 26464, 26468, 26472, 26476, 26480, 26484, 26488, 26492, 26496, 26500, 26504, 26508, 26512, 26516, 26520, 26524, 26528, 26532, 26536, 26540, 26544, 26548, 26552, 26556, 26560, 26564, 26568, 26572, 26576, 26580, 26584, 26588, 26592, 26596, 26600, 26604, 26608, 26612, 26616, 26620, 26624, 26628, 26632, 26636, 26640, 26644, 26648, 26652, 26656, 26660, 26664, 26668, 26672, 26676, 26680, 26684, 26688, 26692, 26696, 26700, 26704, 26708, 26712, 26716, 26720, 26724, 26728, 26732, 26736, 26740, 26744, 26748, 26752, 26756, 26760, 26764, 26768, 26772, 26776, 26780, 26784, 26788, 26792, 26796, 26800, 26804, 26808, 26812, 26816, 26820, 26824, 26828, 26832, 26836, 26840, 26844, 26848, 26852, 26856, 26860, 26864, 26868, 26872, 26876, 26880, 26884, 26888, 26892, 26896, 26900, 26904, 26908, 26912, 26916, 26920, 26924, 26928, 26932, 26936, 26940, 26944, 26948, 26952, 26956, 26960, 26964, 26968, 26972, 26976, 26980, 26984, 26988, 26992, 26996, 27000, 27004, 27008, 27012, 27016, 27020, 27024, 27028, 27032, 27036, 27040, 27044, 27048, 27052, 27056, 27060, 27064, 27068, 27072, 27076, 27080, 27084, 27088, 27092, 27096, 27100, 27104, 27108, 27112, 27116, 27120, 27124, 27128, 27132, 27136, 27140, 27144, 27148, 27152, 27156, 27160, 27164, 27168, 27172, 27176, 27180, 27184, 27188, 27192, 27196, 27200, 27204, 27208, 27212, 27216, 27220, 27224, 27228, 27232, 27236, 27240, 27244, 27248, 27252, 27256, 27260, 27264, 27268, 27272, 27276, 27280, 27284, 27288, 27292, 27296, 27300, 27304, 27308, 27312, 27316, 27320, 27324, 27328, 27332, 27336, 27340, 27344, 27348, 27352, 27356, 27360, 27364, 27368, 27372, 27376, 27380, 27384, 27388, 27392, 27396, 27400, 27404, 27408, 27412, 27416, 27420, 27424, 27428, 27432, 27436, 27440, 27444, 27448, 27452, 27456, 27460, 27464, 27468, 27472, 27476, 27480, 27484, 27488, 27492, 27496, 27500, 27504, 27508, 27512, 27516, 27520, 27524, 27528, 27532, 27536, 27540, 27544, 27548, 27552, 27556, 27560, 27564, 27568, 27572, 27576, 27580, 27584, 27588, 27592, 27596, 27600, 27604, 27608, 27612, 27616, 27620, 27624, 27628, 27632, 27636, 27640, 27644, 27648, 27652, 27656, 27660, 27664, 27668, 27672, 27676, 27680, 27684, 27688, 27692, 27696, 27700, 27704, 27708, 27712, 27716, 27720, 27724, 27728, 27732, 27736, 27740, 27744, 27748, 27752, 27756, 27760, 27764, 27768, 27772, 27776, 27780, 27784, 27788, 27792, 27796, 27800, 27804, 27808, 27812, 27816, 27820, 27824, 27828, 27832, 27836, 27840, 27844, 27848, 27852, 27856, 27860, 27864, 27868, 27872, 27876, 27880, 27884, 27888, 27892, 27896, 27900, 27904, 27908, 27912, 27916, 27920, 27924, 27928, 27932, 27936, 27940, 27944, 27948, 27952, 27956, 27960, 27964, 27968, 27972, 27976, 27980, 27984, 27988, 27992, 27996, 28000, 28004, 28008, 28012, 28016, 28020, 28024, 28028, 28032, 28036, 28040, 28044, 28048, 28052, 28056, 28060, 28064, 28068, 28072, 28076, 28080, 28084, 28088, 28092, 28096, 28100, 28104, 28108, 28112, 28116, 28120, 28124, 28128, 28132, 28136, 28140, 28144, 28148, 28152, 28156, 28160, 28164, 28168, 28172, 28176, 28180, 28184, 28188, 28192, 28196, 28200, 28204, 28208, 28212, 28216, 28220, 28224, 28228, 28232, 28236, 28240, 28244, 28248, 28252, 28256, 28260, 28264, 28268, 28272, 28276, 28280, 28284, 28288, 28292, 28296, 28300, 28304, 28308, 28312, 28316, 28320, 28324, 28328, 28332, 28336, 28340, 28344, 28348, 28352, 28356, 28360, 28364, 28368, 28372, 28376, 28380, 28384, 28388, 28392, 28396, 28400, 28404, 28408, 28412, 28416, 28420, 28424, 28428, 28432, 28436, 28440, 28444, 28448, 28452, 28456, 28460, 28464, 28468, 28472, 28476, 28480, 28484, 28488, 28492, 28496, 28500, 28504, 28508, 28512, 28516, 28520, 28524, 28528, 28532, 28536, 28540, 28544, 28548, 28552, 28556, 28560, 28564, 28568, 28572, 28576, 28580, 28584, 28588, 28592, 28596, 28600, 28604, 28608, 28612, 28616, 28620, 28624, 28628, 28632, 28636, 28640, 28644, 28648, 28652, 28656, 28660, 28664, 28668, 28672, 28676, 28680, 28684, 28688, 28692, 28696, 28700, 28704, 28708, 28712, 28716, 28720, 28724, 28728, 28732, 28736, 28740, 28744, 28748, 28752, 28756, 28760, 28764, 28768, 28772, 28776, 28780, 28784, 28788, 28792, 28796, 28800, 28804, 28808, 28812, 28816, 28820, 28824, 28828, 28832, 28836, 28840, 28844, 28848, 28852, 28856, 28860, 28864, 28868, 28872, 28876, 28880, 28884, 28888, 28892, 28896, 28900, 28904, 28908, 28912, 28916, 28920, 28924, 28928, 28932, 28936, 28940, 28944, 28948, 28952, 28956, 28960, 28964, 28968, 28972, 28976, 28980, 28984, 28988, 28992, 28996, 29000, 29004, 29008, 29012, 29016, 29020, 29024, 29028, 29032, 29036, 29040, 29044, 29048, 29052, 29056, 29060, 29064, 29068, 29072, 29076, 29080, 29084, 29088, 29092, 29096, 29100, 29104, 29108, 29112, 29116, 29120, 29124, 29128, 29132, 29136, 29140, 29144, 29148, 29152, 29156, 29160, 29164, 29168, 29172, 29176, 29180, 29184, 29188, 29192, 29196, 29200, 29204, 29208, 29212, 29216, 29220, 29224, 29228, 29232, 29236, 29240, 29244, 29248, 29252, 29256, 29260, 29264, 29268, 29272, 29276, 29280, 29284, 29288, 29292, 29296, 29300, 29304, 29308, 29312, 29316, 29320, 29324, 29328, 29332, 29336, 29340, 29344, 29348, 29352, 29356, 29360, 29364, 29368, 29372, 29376, 29380, 29384, 29388, 29392, 29396, 29400, 29404, 29408, 29412, 29416, 29420, 29424, 29428, 29432, 29436, 29440, 29444, 29448, 29452, 29456, 29460, 29464, 29468, 29472, 29476, 29480, 29484, 29488, 29492, 29496, 29500, 29504, 29508, 29512, 29516, 29520, 29524, 29528, 29532, 29536, 29540, 29544, 29548, 29552, 29556, 29560, 29564, 29568, 29572, 29576, 29580, 29584, 29588, 29592, 29596, 29600, 29604, 29608, 29612, 29616, 29620, 29624, 29628, 29632, 29636, 29640, 29644, 29648, 29652, 29656, 29660, 29664, 29668, 29672, 29676, 29680, 29684, 29688, 29692, 29696, 29700, 29704, 29708, 29712, 29716, 29720, 29724, 29728, 29732, 29736, 29740, 29744, 29748, 29752, 29756, 29760, 29764, 29768, 29772, 29776, 29780, 29784, 29788, 29792, 29796, 29800, 29804, 29808, 29812, 29816, 29820, 29824, 29828, 29832, 29836, 29840, 29844, 29848, 29852, 29856, 29860, 29864, 29868, 29872, 29876, 29880, 29884, 29888, 29892, 29896, 29900, 29904, 29908, 29912, 29916, 29920, 29924, 29928, 29932, 29936, 29940, 29944, 29948, 29952, 29956, 29960, 29964, 29968, 29972, 29976, 29980, 29984, 29988, 29992, 29996, 30000, 30004, 30008, 30012, 30016, 30020, 30024, 30028, 30032, 30036, 30040, 30044, 30048, 30052, 30056, 30060, 30064, 30068, 30072, 30076, 30080, 30084, 30088, 30092, 30096, 30100, 30104, 30108, 30112, 30116, 30120, 30124, 30128, 30132, 30136, 30140, 30144, 30148, 30152, 30156, 30160, 30164, 30168, 30172, 30176, 30180, 30184, 30188, 30192, 30196, 30200, 30204, 30208, 30212, 30216, 30220, 30224, 30228, 30232, 30236, 30240, 30244, 30248, 30252, 30256, 30260, 30264, 30268, 30272, 30276, 30280, 30284, 30288, 30292, 30296, 30300, 30304, 30308, 30312, 30316, 30320, 30324, 30328, 30332, 30336, 30340, 30344, 30348, 30352, 30356, 30360, 30364, 30368, 30372, 30376, 30380, 30384, 30388, 30392, 30396, 30400, 30404, 30408, 30412, 30416, 30420, 30424, 30428, 30432, 30436, 30440, 30444, 30448, 30452, 30456, 30460, 30464, 30468, 30472, 30476, 30480, 30484, 30488, 30492, 30496, 30500, 30504, 30508, 30512, 30516, 30520, 30524, 30528, 30532, 30536, 30540, 30544, 30548, 30552, 30556, 30560, 30564, 30568, 30572, 30576, 30580, 30584, 30588, 30592, 30596, 30600, 30604, 30608, 30612, 30616, 30620, 30624, 30628, 30632, 30636, 30640, 30644, 30648, 30652, 30656, 30660, 30664, 30668, 30672, 30676, 30680, 30684, 30688, 30692, 30696, 30700, 30704, 30708, 30712, 30716, 30720, 30724, 30728, 30732, 30736, 30740, 30744, 30748, 30752, 30756, 30760, 30764, 30768, 30772, 30776, 30780, 30784, 30788, 30792, 30796, 30800, 30804, 30808, 30812, 30816, 30820, 30824, 30828, 30832, 30836, 30840, 30844, 30848, 30852, 30856, 30860, 30864, 30868, 30872, 30876, 30880, 30884, 30888, 30892, 30896, 30900, 30904, 30908, 30912, 30916, 30920, 30924, 30928, 30932, 30936, 30940, 30944, 30948, 30952, 30956, 30960, 30964, 30968, 30972, 30976, 30980, 30984, 30988, 30992, 30996, 31000, 31004, 31008, 31012, 31016, 31020, 31024, 31028, 31032, 31036, 31040, 31044, 31048, 31052, 31056, 31060, 31064, 31068, 31072, 31076, 31080, 31084, 31088, 31092, 31096, 31100, 31104, 31108, 31112, 31116, 31120, 31124, 31128, 31132, 31136, 31140, 31144, 31148, 31152, 31156, 31160, 31164, 31168, 31172, 31176, 31180, 31184, 31188, 31192, 31196, 31200, 31204, 31208, 31212, 31216, 31220, 31224, 31228, 31232, 31236, 31240, 31244, 31248, 31252, 31256, 31260, 31264, 31268, 31272, 31276, 31280, 31284, 31288, 31292, 31296, 31300, 31304, 31308, 31312, 31316, 31320, 31324, 31328, 31332, 31336, 31340, 31344, 31348, 31352, 31356, 31360, 31364, 31368, 31372, 31376, 31380, 31384, 31388, 31392, 31396, 31400, 31404, 31408, 31412, 31416, 31420, 31424, 31428, 31432, 31436, 31440, 31444, 31448, 31452, 31456, 31460, 31464, 31468, 31472, 31476, 31480, 31484, 31488, 31492, 31496, 31500, 31504, 31508, 31512, 31516, 31520, 31524, 31528, 31532, 31536, 31540, 31544, 31548, 31552, 31556, 31560, 31564, 31568, 31572, 31576, 31580, 31584, 31588, 31592, 31596, 31600, 31604, 31608, 31612, 31616, 31620, 31624, 31628, 31632, 31636, 31640, 31644, 31648, 31652, 31656, 31660, 31664, 31668, 31672, 31676, 31680, 31684, 31688, 31692, 31696, 31700, 31704, 31708, 31712, 31716, 31720, 31724, 31728, 31732, 31736, 31740, 31744, 31748, 31752, 31756, 31760, 31764, 31768, 31772, 31776, 31780, 31784, 31788, 31792, 31796, 31800, 31804, 31808, 31812, 31816, 31820, 31824, 31828, 31832, 31836, 31840, 31844, 31848, 31852, 31856, 31860, 31864, 31868, 31872, 31876, 31880, 31884, 31888, 31892, 31896, 31900, 31904, 31908, 31912, 31916, 31920, 31924, 31928, 31932, 31936, 31940, 31944, 31948, 31952, 31956, 31960, 31964, 31968, 31972, 31976, 31980, 31984, 31988, 31992, 31996, 32000, 32004, 32008, 32012, 32016, 32020, 32024, 32028, 32032, 32036, 32040, 32044, 32048, 32052, 32056, 32060, 32064, 32068, 32072, 32076, 32080, 32084, 32088, 32092, 32096, 32100, 32104, 32108, 32112, 32116, 32120, 32124, 32128, 32132, 32136, 32140, 32144, 32148, 32152, 32156, 32160, 32164, 32168, 32172, 32176, 32180, 32184, 32188, 32192, 32196, 32200, 32204, 32208, 32212, 32216, 32220, 32224, 32228, 32232, 32236, 32240, 32244, 32248, 32252, 32256, 32260, 32264, 32268, 32272, 32276, 32280, 32284, 32288, 32292, 32296, 32300, 32304, 32308, 32312, 32316, 32320, 32324, 32328, 32332, 32336, 32340, 32344, 32348, 32352, 32356, 32360, 32364, 32368, 32372, 32376, 32380, 32384, 32388, 32392, 32396, 32400, 32404, 32408, 32412, 32416, 32420, 32424, 32428, 32432, 32436, 32440, 32444, 32448, 32452, 32456, 32460, 32464, 32468, 32472, 32476, 32480, 32484, 32488, 32492, 32496, 32500, 32504, 32508, 32512, 32516, 32520, 32524, 32528, 32532, 32536, 32540, 32544, 32548, 32552, 32556, 32560, 32564, 32568, 32572, 32576, 32580, 32584, 32588, 32592, 32596, 32600, 32604, 32608, 32612, 32616, 32620, 32624, 32628, 32632, 32636, 32640, 32644, 32648, 32652, 32656, 32660, 32664, 32668, 32672, 32676, 32680, 32684, 32688, 32692, 32696, 32700, 32704, 32708, 32712, 32716, 32720, 32724, 32728, 32732, 32736, 32740, 32744, 32748, 32752, 32756, 32760, 32764, 32768]]" classname="org.roaringbitmap.RoaringBitmapSubsetTest" time="0.004"/>
  <testcase name="testProperSubset[assert that [4, 8, 12, 16, 20, 24, 28, 32, 36, 40, 44, 48, 52, 56, 60, 64, 68, 72, 76, 80, 84, 88, 92, 96, 100, 104, 108, 112, 116, 120, 124, 128, 132, 136, 140, 144, 148, 152, 156, 160, 164, 168, 172, 176, 180, 184, 188, 192, 196, 200, 204, 208, 212, 216, 220, 224, 228, 232, 236, 240, 244, 248, 252, 256, 260, 264, 268, 272, 276, 280, 284, 288, 292, 296, 300, 304, 308, 312, 316, 320, 324, 328, 332, 336, 340, 344, 348, 352, 356, 360, 364, 368, 372, 376, 380, 384, 388, 392, 396, 400, 404, 408, 412, 416, 420, 424, 428, 432, 436, 440, 444, 448, 452, 456, 460, 464, 468, 472, 476, 480, 484, 488, 492, 496, 500, 504, 508, 512, 516, 520, 524, 528, 532, 536, 540, 544, 548, 552, 556, 560, 564, 568, 572, 576, 580, 584, 588, 592, 596, 600, 604, 608, 612, 616, 620, 624, 628, 632, 636, 640, 644, 648, 652, 656, 660, 664, 668, 672, 676, 680, 684, 688, 692, 696, 700, 704, 708, 712, 716, 720, 724, 728, 732, 736, 740, 744, 748, 752, 756, 760, 764, 768, 772, 776, 780, 784, 788, 792, 796, 800, 804, 808, 812, 816, 820, 824, 828, 832, 836, 840, 844, 848, 852, 856, 860, 864, 868, 872, 876, 880, 884, 888, 892, 896, 900, 904, 908, 912, 916, 920, 924, 928, 932, 936, 940, 944, 948, 952, 956, 960, 964, 968, 972, 976, 980, 984, 988, 992, 996, 1000, 1004, 1008, 1012, 1016, 1020, 1024, 1028, 1032, 1036, 1040, 1044, 1048, 1052, 1056, 1060, 1064, 1068, 1072, 1076, 1080, 1084, 1088, 1092, 1096, 1100, 1104, 1108, 1112, 1116, 1120, 1124, 1128, 1132, 1136, 1140, 1144, 1148, 1152, 1156, 1160, 1164, 1168, 1172, 1176, 1180, 1184, 1188, 1192, 1196, 1200, 1204, 1208, 1212, 1216, 1220, 1224, 1228, 1232, 1236, 1240, 1244, 1248, 1252, 1256, 1260, 1264, 1268, 1272, 1276, 1280, 1284, 1288, 1292, 1296, 1300, 1304, 1308, 1312, 1316, 1320, 1324, 1328, 1332, 1336, 1340, 1344, 1348, 1352, 1356, 1360, 1364, 1368, 1372, 1376, 1380, 1384, 1388, 1392, 1396, 1400, 1404, 1408, 1412, 1416, 1420, 1424, 1428, 1432, 1436, 1440, 1444, 1448, 1452, 1456, 1460, 1464, 1468, 1472, 1476, 1480, 1484, 1488, 1492, 1496, 1500, 1504, 1508, 1512, 1516, 1520, 1524, 1528, 1532, 1536, 1540, 1544, 1548, 1552, 1556, 1560, 1564, 1568, 1572, 1576, 1580, 1584, 1588, 1592, 1596, 1600, 1604, 1608, 1612, 1616, 1620, 1624, 1628, 1632, 1636, 1640, 1644, 1648, 1652, 1656, 1660, 1664, 1668, 1672, 1676, 1680, 1684, 1688, 1692, 1696, 1700, 1704, 1708, 1712, 1716, 1720, 1724, 1728, 1732, 1736, 1740, 1744, 1748, 1752, 1756, 1760, 1764, 1768, 1772, 1776, 1780, 1784, 1788, 1792, 1796, 1800, 1804, 1808, 1812, 1816, 1820, 1824, 1828, 1832, 1836, 1840, 1844, 1848, 1852, 1856, 1860, 1864, 1868, 1872, 1876, 1880, 1884, 1888, 1892, 1896, 1900, 1904, 1908, 1912, 1916, 1920, 1924, 1928, 1932, 1936, 1940, 1944, 1948, 1952, 1956, 1960, 1964, 1968, 1972, 1976, 1980, 1984, 1988, 1992, 1996, 2000, 2004, 2008, 2012, 2016, 2020, 2024, 2028, 2032, 2036, 2040, 2044, 2048, 2052, 2056, 2060, 2064, 2068, 2072, 2076, 2080, 2084, 2088, 2092, 2096, 2100, 2104, 2108, 2112, 2116, 2120, 2124, 2128, 2132, 2136, 2140, 2144, 2148, 2152, 2156, 2160, 2164, 2168, 2172, 2176, 2180, 2184, 2188, 2192, 2196, 2200, 2204, 2208, 2212, 2216, 2220, 2224, 2228, 2232, 2236, 2240, 2244, 2248, 2252, 2256, 2260, 2264, 2268, 2272, 2276, 2280, 2284, 2288, 2292, 2296, 2300, 2304, 2308, 2312, 2316, 2320, 2324, 2328, 2332, 2336, 2340, 2344, 2348, 2352, 2356, 2360, 2364, 2368, 2372, 2376, 2380, 2384, 2388, 2392, 2396, 2400, 2404, 2408, 2412, 2416, 2420, 2424, 2428, 2432, 2436, 2440, 2444, 2448, 2452, 2456, 2460, 2464, 2468, 2472, 2476, 2480, 2484, 2488, 2492, 2496, 2500, 2504, 2508, 2512, 2516, 2520, 2524, 2528, 2532, 2536, 2540, 2544, 2548, 2552, 2556, 2560, 2564, 2568, 2572, 2576, 2580, 2584, 2588, 2592, 2596, 2600, 2604, 2608, 2612, 2616, 2620, 2624, 2628, 2632, 2636, 2640, 2644, 2648, 2652, 2656, 2660, 2664, 2668, 2672, 2676, 2680, 2684, 2688, 2692, 2696, 2700, 2704, 2708, 2712, 2716, 2720, 2724, 2728, 2732, 2736, 2740, 2744, 2748, 2752, 2756, 2760, 2764, 2768, 2772, 2776, 2780, 2784, 2788, 2792, 2796, 2800, 2804, 2808, 2812, 2816, 2820, 2824, 2828, 2832, 2836, 2840, 2844, 2848, 2852, 2856, 2860, 2864, 2868, 2872, 2876, 2880, 2884, 2888, 2892, 2896, 2900, 2904, 2908, 2912, 2916, 2920, 2924, 2928, 2932, 2936, 2940, 2944, 2948, 2952, 2956, 2960, 2964, 2968, 2972, 2976, 2980, 2984, 2988, 2992, 2996, 3000, 3004, 3008, 3012, 3016, 3020, 3024, 3028, 3032, 3036, 3040, 3044, 3048, 3052, 3056, 3060, 3064, 3068, 3072, 3076, 3080, 3084, 3088, 3092, 3096, 3100, 3104, 3108, 3112, 3116, 3120, 3124, 3128, 3132, 3136, 3140, 3144, 3148, 3152, 3156, 3160, 3164, 3168, 3172, 3176, 3180, 3184, 3188, 3192, 3196, 3200, 3204, 3208, 3212, 3216, 3220, 3224, 3228, 3232, 3236, 3240, 3244, 3248, 3252, 3256, 3260, 3264, 3268, 3272, 3276, 3280, 3284, 3288, 3292, 3296, 3300, 3304, 3308, 3312, 3316, 3320, 3324, 3328, 3332, 3336, 3340, 3344, 3348, 3352, 3356, 3360, 3364, 3368, 3372, 3376, 3380, 3384, 3388, 3392, 3396, 3400, 3404, 3408, 3412, 3416, 3420, 3424, 3428, 3432, 3436, 3440, 3444, 3448, 3452, 3456, 3460, 3464, 3468, 3472, 3476, 3480, 3484, 3488, 3492, 3496, 3500, 3504, 3508, 3512, 3516, 3520, 3524, 3528, 3532, 3536, 3540, 3544, 3548, 3552, 3556, 3560, 3564, 3568, 3572, 3576, 3580, 3584, 3588, 3592, 3596, 3600, 3604, 3608, 3612, 3616, 3620, 3624, 3628, 3632, 3636, 3640, 3644, 3648, 3652, 3656, 3660, 3664, 3668, 3672, 3676, 3680, 3684, 3688, 3692, 3696, 3700, 3704, 3708, 3712, 3716, 3720, 3724, 3728, 3732, 3736, 3740, 3744, 3748, 3752, 3756, 3760, 3764, 3768, 3772, 3776, 3780, 3784, 3788, 3792, 3796, 3800, 3804, 3808, 3812, 3816, 3820, 3824, 3828, 3832, 3836, 3840, 3844, 3848, 3852, 3856, 3860, 3864, 3868, 3872, 3876, 3880, 3884, 3888, 3892, 3896, 3900, 3904, 3908, 3912, 3916, 3920, 3924, 3928, 3932, 3936, 3940, 3944, 3948, 3952, 3956, 3960, 3964, 3968, 3972, 3976, 3980, 3984, 3988, 3992, 3996, 4000, 4004, 4008, 4012, 4016, 4020, 4024, 4028, 4032, 4036, 4040, 4044, 4048, 4052, 4056, 4060, 4064, 4068, 4072, 4076, 4080, 4084, 4088, 4092, 4096, 4100, 4104, 4108, 4112, 4116, 4120, 4124, 4128, 4132, 4136, 4140, 4144, 4148, 4152, 4156, 4160, 4164, 4168, 4172, 4176, 4180, 4184, 4188, 4192, 4196, 4200, 4204, 4208, 4212, 4216, 4220, 4224, 4228, 4232, 4236, 4240, 4244, 4248, 4252, 4256, 4260, 4264, 4268, 4272, 4276, 4280, 4284, 4288, 4292, 4296, 4300, 4304, 4308, 4312, 4316, 4320, 4324, 4328, 4332, 4336, 4340, 4344, 4348, 4352, 4356, 4360, 4364, 4368, 4372, 4376, 4380, 4384, 4388, 4392, 4396, 4400, 4404, 4408, 4412, 4416, 4420, 4424, 4428, 4432, 4436, 4440, 4444, 4448, 4452, 4456, 4460, 4464, 4468, 4472, 4476, 4480, 4484, 4488, 4492, 4496, 4500, 4504, 4508, 4512, 4516, 4520, 4524, 4528, 4532, 4536, 4540, 4544, 4548, 4552, 4556, 4560, 4564, 4568, 4572, 4576, 4580, 4584, 4588, 4592, 4596, 4600, 4604, 4608, 4612, 4616, 4620, 4624, 4628, 4632, 4636, 4640, 4644, 4648, 4652, 4656, 4660, 4664, 4668, 4672, 4676, 4680, 4684, 4688, 4692, 4696, 4700, 4704, 4708, 4712, 4716, 4720, 4724, 4728, 4732, 4736, 4740, 4744, 4748, 4752, 4756, 4760, 4764, 4768, 4772, 4776, 4780, 4784, 4788, 4792, 4796, 4800, 4804, 4808, 4812, 4816, 4820, 4824, 4828, 4832, 4836, 4840, 4844, 4848, 4852, 4856, 4860, 4864, 4868, 4872, 4876, 4880, 4884, 4888, 4892, 4896, 4900, 4904, 4908, 4912, 4916, 4920, 4924, 4928, 4932, 4936, 4940, 4944, 4948, 4952, 4956, 4960, 4964, 4968, 4972, 4976, 4980, 4984, 4988, 4992, 4996, 5000, 5004, 5008, 5012, 5016, 5020, 5024, 5028, 5032, 5036, 5040, 5044, 5048, 5052, 5056, 5060, 5064, 5068, 5072, 5076, 5080, 5084, 5088, 5092, 5096, 5100, 5104, 5108, 5112, 5116, 5120, 5124, 5128, 5132, 5136, 5140, 5144, 5148, 5152, 5156, 5160, 5164, 5168, 5172, 5176, 5180, 5184, 5188, 5192, 5196, 5200, 5204, 5208, 5212, 5216, 5220, 5224, 5228, 5232, 5236, 5240, 5244, 5248, 5252, 5256, 5260, 5264, 5268, 5272, 5276, 5280, 5284, 5288, 5292, 5296, 5300, 5304, 5308, 5312, 5316, 5320, 5324, 5328, 5332, 5336, 5340, 5344, 5348, 5352, 5356, 5360, 5364, 5368, 5372, 5376, 5380, 5384, 5388, 5392, 5396, 5400, 5404, 5408, 5412, 5416, 5420, 5424, 5428, 5432, 5436, 5440, 5444, 5448, 5452, 5456, 5460, 5464, 5468, 5472, 5476, 5480, 5484, 5488, 5492, 5496, 5500, 5504, 5508, 5512, 5516, 5520, 5524, 5528, 5532, 5536, 5540, 5544, 5548, 5552, 5556, 5560, 5564, 5568, 5572, 5576, 5580, 5584, 5588, 5592, 5596, 5600, 5604, 5608, 5612, 5616, 5620, 5624, 5628, 5632, 5636, 5640, 5644, 5648, 5652, 5656, 5660, 5664, 5668, 5672, 5676, 5680, 5684, 5688, 5692, 5696, 5700, 5704, 5708, 5712, 5716, 5720, 5724, 5728, 5732, 5736, 5740, 5744, 5748, 5752, 5756, 5760, 5764, 5768, 5772, 5776, 5780, 5784, 5788, 5792, 5796, 5800, 5804, 5808, 5812, 5816, 5820, 5824, 5828, 5832, 5836, 5840, 5844, 5848, 5852, 5856, 5860, 5864, 5868, 5872, 5876, 5880, 5884, 5888, 5892, 5896, 5900, 5904, 5908, 5912, 5916, 5920, 5924, 5928, 5932, 5936, 5940, 5944, 5948, 5952, 5956, 5960, 5964, 5968, 5972, 5976, 5980, 5984, 5988, 5992, 5996, 6000, 6004, 6008, 6012, 6016, 6020, 6024, 6028, 6032, 6036, 6040, 6044, 6048, 6052, 6056, 6060, 6064, 6068, 6072, 6076, 6080, 6084, 6088, 6092, 6096, 6100, 6104, 6108, 6112, 6116, 6120, 6124, 6128, 6132, 6136, 6140, 6144, 6148, 6152, 6156, 6160, 6164, 6168, 6172, 6176, 6180, 6184, 6188, 6192, 6196, 6200, 6204, 6208, 6212, 6216, 6220, 6224, 6228, 6232, 6236, 6240, 6244, 6248, 6252, 6256, 6260, 6264, 6268, 6272, 6276, 6280, 6284, 6288, 6292, 6296, 6300, 6304, 6308, 6312, 6316, 6320, 6324, 6328, 6332, 6336, 6340, 6344, 6348, 6352, 6356, 6360, 6364, 6368, 6372, 6376, 6380, 6384, 6388, 6392, 6396, 6400, 6404, 6408, 6412, 6416, 6420, 6424, 6428, 6432, 6436, 6440, 6444, 6448, 6452, 6456, 6460, 6464, 6468, 6472, 6476, 6480, 6484, 6488, 6492, 6496, 6500, 6504, 6508, 6512, 6516, 6520, 6524, 6528, 6532, 6536, 6540, 6544, 6548, 6552, 6556, 6560, 6564, 6568, 6572, 6576, 6580, 6584, 6588, 6592, 6596, 6600, 6604, 6608, 6612, 6616, 6620, 6624, 6628, 6632, 6636, 6640, 6644, 6648, 6652, 6656, 6660, 6664, 6668, 6672, 6676, 6680, 6684, 6688, 6692, 6696, 6700, 6704, 6708, 6712, 6716, 6720, 6724, 6728, 6732, 6736, 6740, 6744, 6748, 6752, 6756, 6760, 6764, 6768, 6772, 6776, 6780, 6784, 6788, 6792, 6796, 6800, 6804, 6808, 6812, 6816, 6820, 6824, 6828, 6832, 6836, 6840, 6844, 6848, 6852, 6856, 6860, 6864, 6868, 6872, 6876, 6880, 6884, 6888, 6892, 6896, 6900, 6904, 6908, 6912, 6916, 6920, 6924, 6928, 6932, 6936, 6940, 6944, 6948, 6952, 6956, 6960, 6964, 6968, 6972, 6976, 6980, 6984, 6988, 6992, 6996, 7000, 7004, 7008, 7012, 7016, 7020, 7024, 7028, 7032, 7036, 7040, 7044, 7048, 7052, 7056, 7060, 7064, 7068, 7072, 7076, 7080, 7084, 7088, 7092, 7096, 7100, 7104, 7108, 7112, 7116, 7120, 7124, 7128, 7132, 7136, 7140, 7144, 7148, 7152, 7156, 7160, 7164, 7168, 7172, 7176, 7180, 7184, 7188, 7192, 7196, 7200, 7204, 7208, 7212, 7216, 7220, 7224, 7228, 7232, 7236, 7240, 7244, 7248, 7252, 7256, 7260, 7264, 7268, 7272, 7276, 7280, 7284, 7288, 7292, 7296, 7300, 7304, 7308, 7312, 7316, 7320, 7324, 7328, 7332, 7336, 7340, 7344, 7348, 7352, 7356, 7360, 7364, 7368, 7372, 7376, 7380, 7384, 7388, 7392, 7396, 7400, 7404, 7408, 7412, 7416, 7420, 7424, 7428, 7432, 7436, 7440, 7444, 7448, 7452, 7456, 7460, 7464, 7468, 7472, 7476, 7480, 7484, 7488, 7492, 7496, 7500, 7504, 7508, 7512, 7516, 7520, 7524, 7528, 7532, 7536, 7540, 7544, 7548, 7552, 7556, 7560, 7564, 7568, 7572, 7576, 7580, 7584, 7588, 7592, 7596, 7600, 7604, 7608, 7612, 7616, 7620, 7624, 7628, 7632, 7636, 7640, 7644, 7648, 7652, 7656, 7660, 7664, 7668, 7672, 7676, 7680, 7684, 7688, 7692, 7696, 7700, 7704, 7708, 7712, 7716, 7720, 7724, 7728, 7732, 7736, 7740, 7744, 7748, 7752, 7756, 7760, 7764, 7768, 7772, 7776, 7780, 7784, 7788, 7792, 7796, 7800, 7804, 7808, 7812, 7816, 7820, 7824, 7828, 7832, 7836, 7840, 7844, 7848, 7852, 7856, 7860, 7864, 7868, 7872, 7876, 7880, 7884, 7888, 7892, 7896, 7900, 7904, 7908, 7912, 7916, 7920, 7924, 7928, 7932, 7936, 7940, 7944, 7948, 7952, 7956, 7960, 7964, 7968, 7972, 7976, 7980, 7984, 7988, 7992, 7996, 8000, 8004, 8008, 8012, 8016, 8020, 8024, 8028, 8032, 8036, 8040, 8044, 8048, 8052, 8056, 8060, 8064, 8068, 8072, 8076, 8080, 8084, 8088, 8092, 8096, 8100, 8104, 8108, 8112, 8116, 8120, 8124, 8128, 8132, 8136, 8140, 8144, 8148, 8152, 8156, 8160, 8164, 8168, 8172, 8176, 8180, 8184, 8188, 8192, 8196, 8200, 8204, 8208, 8212, 8216, 8220, 8224, 8228, 8232, 8236, 8240, 8244, 8248, 8252, 8256, 8260, 8264, 8268, 8272, 8276, 8280, 8284, 8288, 8292, 8296, 8300, 8304, 8308, 8312, 8316, 8320, 8324, 8328, 8332, 8336, 8340, 8344, 8348, 8352, 8356, 8360, 8364, 8368, 8372, 8376, 8380, 8384, 8388, 8392, 8396, 8400, 8404, 8408, 8412, 8416, 8420, 8424, 8428, 8432, 8436, 8440, 8444, 8448, 8452, 8456, 8460, 8464, 8468, 8472, 8476, 8480, 8484, 8488, 8492, 8496, 8500, 8504, 8508, 8512, 8516, 8520, 8524, 8528, 8532, 8536, 8540, 8544, 8548, 8552, 8556, 8560, 8564, 8568, 8572, 8576, 8580, 8584, 8588, 8592, 8596, 8600, 8604, 8608, 8612, 8616, 8620, 8624, 8628, 8632, 8636, 8640, 8644, 8648, 8652, 8656, 8660, 8664, 8668, 8672, 8676, 8680, 8684, 8688, 8692, 8696, 8700, 8704, 8708, 8712, 8716, 8720, 8724, 8728, 8732, 8736, 8740, 8744, 8748, 8752, 8756, 8760, 8764, 8768, 8772, 8776, 8780, 8784, 8788, 8792, 8796, 8800, 8804, 8808, 8812, 8816, 8820, 8824, 8828, 8832, 8836, 8840, 8844, 8848, 8852, 8856, 8860, 8864, 8868, 8872, 8876, 8880, 8884, 8888, 8892, 8896, 8900, 8904, 8908, 8912, 8916, 8920, 8924, 8928, 8932, 8936, 8940, 8944, 8948, 8952, 8956, 8960, 8964, 8968, 8972, 8976, 8980, 8984, 8988, 8992, 8996, 9000, 9004, 9008, 9012, 9016, 9020, 9024, 9028, 9032, 9036, 9040, 9044, 9048, 9052, 9056, 9060, 9064, 9068, 9072, 9076, 9080, 9084, 9088, 9092, 9096, 9100, 9104, 9108, 9112, 9116, 9120, 9124, 9128, 9132, 9136, 9140, 9144, 9148, 9152, 9156, 9160, 9164, 9168, 9172, 9176, 9180, 9184, 9188, 9192, 9196, 9200, 9204, 9208, 9212, 9216, 9220, 9224, 9228, 9232, 9236, 9240, 9244, 9248, 9252, 9256, 9260, 9264, 9268, 9272, 9276, 9280, 9284, 9288, 9292, 9296, 9300, 9304, 9308, 9312, 9316, 9320, 9324, 9328, 9332, 9336, 9340, 9344, 9348, 9352, 9356, 9360, 9364, 9368, 9372, 9376, 9380, 9384, 9388, 9392, 9396, 9400, 9404, 9408, 9412, 9416, 9420, 9424, 9428, 9432, 9436, 9440, 9444, 9448, 9452, 9456, 9460, 9464, 9468, 9472, 9476, 9480, 9484, 9488, 9492, 9496, 9500, 9504, 9508, 9512, 9516, 9520, 9524, 9528, 9532, 9536, 9540, 9544, 9548, 9552, 9556, 9560, 9564, 9568, 9572, 9576, 9580, 9584, 9588, 9592, 9596, 9600, 9604, 9608, 9612, 9616, 9620, 9624, 9628, 9632, 9636, 9640, 9644, 9648, 9652, 9656, 9660, 9664, 9668, 9672, 9676, 9680, 9684, 9688, 9692, 9696, 9700, 9704, 9708, 9712, 9716, 9720, 9724, 9728, 9732, 9736, 9740, 9744, 9748, 9752, 9756, 9760, 9764, 9768, 9772, 9776, 9780, 9784, 9788, 9792, 9796, 9800, 9804, 9808, 9812, 9816, 9820, 9824, 9828, 9832, 9836, 9840, 9844, 9848, 9852, 9856, 9860, 9864, 9868, 9872, 9876, 9880, 9884, 9888, 9892, 9896, 9900, 9904, 9908, 9912, 9916, 9920, 9924, 9928, 9932, 9936, 9940, 9944, 9948, 9952, 9956, 9960, 9964, 9968, 9972, 9976, 9980, 9984, 9988, 9992, 9996, 10000, 10004, 10008, 10012, 10016, 10020, 10024, 10028, 10032, 10036, 10040, 10044, 10048, 10052, 10056, 10060, 10064, 10068, 10072, 10076, 10080, 10084, 10088, 10092, 10096, 10100, 10104, 10108, 10112, 10116, 10120, 10124, 10128, 10132, 10136, 10140, 10144, 10148, 10152, 10156, 10160, 10164, 10168, 10172, 10176, 10180, 10184, 10188, 10192, 10196, 10200, 10204, 10208, 10212, 10216, 10220, 10224, 10228, 10232, 10236, 10240, 10244, 10248, 10252, 10256, 10260, 10264, 10268, 10272, 10276, 10280, 10284, 10288, 10292, 10296, 10300, 10304, 10308, 10312, 10316, 10320, 10324, 10328, 10332, 10336, 10340, 10344, 10348, 10352, 10356, 10360, 10364, 10368, 10372, 10376, 10380, 10384, 10388, 10392, 10396, 10400, 10404, 10408, 10412, 10416, 10420, 10424, 10428, 10432, 10436, 10440, 10444, 10448, 10452, 10456, 10460, 10464, 10468, 10472, 10476, 10480, 10484, 10488, 10492, 10496, 10500, 10504, 10508, 10512, 10516, 10520, 10524, 10528, 10532, 10536, 10540, 10544, 10548, 10552, 10556, 10560, 10564, 10568, 10572, 10576, 10580, 10584, 10588, 10592, 10596, 10600, 10604, 10608, 10612, 10616, 10620, 10624, 10628, 10632, 10636, 10640, 10644, 10648, 10652, 10656, 10660, 10664, 10668, 10672, 10676, 10680, 10684, 10688, 10692, 10696, 10700, 10704, 10708, 10712, 10716, 10720, 10724, 10728, 10732, 10736, 10740, 10744, 10748, 10752, 10756, 10760, 10764, 10768, 10772, 10776, 10780, 10784, 10788, 10792, 10796, 10800, 10804, 10808, 10812, 10816, 10820, 10824, 10828, 10832, 10836, 10840, 10844, 10848, 10852, 10856, 10860, 10864, 10868, 10872, 10876, 10880, 10884, 10888, 10892, 10896, 10900, 10904, 10908, 10912, 10916, 10920, 10924, 10928, 10932, 10936, 10940, 10944, 10948, 10952, 10956, 10960, 10964, 10968, 10972, 10976, 10980, 10984, 10988, 10992, 10996, 11000, 11004, 11008, 11012, 11016, 11020, 11024, 11028, 11032, 11036, 11040, 11044, 11048, 11052, 11056, 11060, 11064, 11068, 11072, 11076, 11080, 11084, 11088, 11092, 11096, 11100, 11104, 11108, 11112, 11116, 11120, 11124, 11128, 11132, 11136, 11140, 11144, 11148, 11152, 11156, 11160, 11164, 11168, 11172, 11176, 11180, 11184, 11188, 11192, 11196, 11200, 11204, 11208, 11212, 11216, 11220, 11224, 11228, 11232, 11236, 11240, 11244, 11248, 11252, 11256, 11260, 11264, 11268, 11272, 11276, 11280, 11284, 11288, 11292, 11296, 11300, 11304, 11308, 11312, 11316, 11320, 11324, 11328, 11332, 11336, 11340, 11344, 11348, 11352, 11356, 11360, 11364, 11368, 11372, 11376, 11380, 11384, 11388, 11392, 11396, 11400, 11404, 11408, 11412, 11416, 11420, 11424, 11428, 11432, 11436, 11440, 11444, 11448, 11452, 11456, 11460, 11464, 11468, 11472, 11476, 11480, 11484, 11488, 11492, 11496, 11500, 11504, 11508, 11512, 11516, 11520, 11524, 11528, 11532, 11536, 11540, 11544, 11548, 11552, 11556, 11560, 11564, 11568, 11572, 11576, 11580, 11584, 11588, 11592, 11596, 11600, 11604, 11608, 11612, 11616, 11620, 11624, 11628, 11632, 11636, 11640, 11644, 11648, 11652, 11656, 11660, 11664, 11668, 11672, 11676, 11680, 11684, 11688, 11692, 11696, 11700, 11704, 11708, 11712, 11716, 11720, 11724, 11728, 11732, 11736, 11740, 11744, 11748, 11752, 11756, 11760, 11764, 11768, 11772, 11776, 11780, 11784, 11788, 11792, 11796, 11800, 11804, 11808, 11812, 11816, 11820, 11824, 11828, 11832, 11836, 11840, 11844, 11848, 11852, 11856, 11860, 11864, 11868, 11872, 11876, 11880, 11884, 11888, 11892, 11896, 11900, 11904, 11908, 11912, 11916, 11920, 11924, 11928, 11932, 11936, 11940, 11944, 11948, 11952, 11956, 11960, 11964, 11968, 11972, 11976, 11980, 11984, 11988, 11992, 11996, 12000, 12004, 12008, 12012, 12016, 12020, 12024, 12028, 12032, 12036, 12040, 12044, 12048, 12052, 12056, 12060, 12064, 12068, 12072, 12076, 12080, 12084, 12088, 12092, 12096, 12100, 12104, 12108, 12112, 12116, 12120, 12124, 12128, 12132, 12136, 12140, 12144, 12148, 12152, 12156, 12160, 12164, 12168, 12172, 12176, 12180, 12184, 12188, 12192, 12196, 12200, 12204, 12208, 12212, 12216, 12220, 12224, 12228, 12232, 12236, 12240, 12244, 12248, 12252, 12256, 12260, 12264, 12268, 12272, 12276, 12280, 12284, 12288, 12292, 12296, 12300, 12304, 12308, 12312, 12316, 12320, 12324, 12328, 12332, 12336, 12340, 12344, 12348, 12352, 12356, 12360, 12364, 12368, 12372, 12376, 12380, 12384, 12388, 12392, 12396, 12400, 12404, 12408, 12412, 12416, 12420, 12424, 12428, 12432, 12436, 12440, 12444, 12448, 12452, 12456, 12460, 12464, 12468, 12472, 12476, 12480, 12484, 12488, 12492, 12496, 12500, 12504, 12508, 12512, 12516, 12520, 12524, 12528, 12532, 12536, 12540, 12544, 12548, 12552, 12556, 12560, 12564, 12568, 12572, 12576, 12580, 12584, 12588, 12592, 12596, 12600, 12604, 12608, 12612, 12616, 12620, 12624, 12628, 12632, 12636, 12640, 12644, 12648, 12652, 12656, 12660, 12664, 12668, 12672, 12676, 12680, 12684, 12688, 12692, 12696, 12700, 12704, 12708, 12712, 12716, 12720, 12724, 12728, 12732, 12736, 12740, 12744, 12748, 12752, 12756, 12760, 12764, 12768, 12772, 12776, 12780, 12784, 12788, 12792, 12796, 12800, 12804, 12808, 12812, 12816, 12820, 12824, 12828, 12832, 12836, 12840, 12844, 12848, 12852, 12856, 12860, 12864, 12868, 12872, 12876, 12880, 12884, 12888, 12892, 12896, 12900, 12904, 12908, 12912, 12916, 12920, 12924, 12928, 12932, 12936, 12940, 12944, 12948, 12952, 12956, 12960, 12964, 12968, 12972, 12976, 12980, 12984, 12988, 12992, 12996, 13000, 13004, 13008, 13012, 13016, 13020, 13024, 13028, 13032, 13036, 13040, 13044, 13048, 13052, 13056, 13060, 13064, 13068, 13072, 13076, 13080, 13084, 13088, 13092, 13096, 13100, 13104, 13108, 13112, 13116, 13120, 13124, 13128, 13132, 13136, 13140, 13144, 13148, 13152, 13156, 13160, 13164, 13168, 13172, 13176, 13180, 13184, 13188, 13192, 13196, 13200, 13204, 13208, 13212, 13216, 13220, 13224, 13228, 13232, 13236, 13240, 13244, 13248, 13252, 13256, 13260, 13264, 13268, 13272, 13276, 13280, 13284, 13288, 13292, 13296, 13300, 13304, 13308, 13312, 13316, 13320, 13324, 13328, 13332, 13336, 13340, 13344, 13348, 13352, 13356, 13360, 13364, 13368, 13372, 13376, 13380, 13384, 13388, 13392, 13396, 13400, 13404, 13408, 13412, 13416, 13420, 13424, 13428, 13432, 13436, 13440, 13444, 13448, 13452, 13456, 13460, 13464, 13468, 13472, 13476, 13480, 13484, 13488, 13492, 13496, 13500, 13504, 13508, 13512, 13516, 13520, 13524, 13528, 13532, 13536, 13540, 13544, 13548, 13552, 13556, 13560, 13564, 13568, 13572, 13576, 13580, 13584, 13588, 13592, 13596, 13600, 13604, 13608, 13612, 13616, 13620, 13624, 13628, 13632, 13636, 13640, 13644, 13648, 13652, 13656, 13660, 13664, 13668, 13672, 13676, 13680, 13684, 13688, 13692, 13696, 13700, 13704, 13708, 13712, 13716, 13720, 13724, 13728, 13732, 13736, 13740, 13744, 13748, 13752, 13756, 13760, 13764, 13768, 13772, 13776, 13780, 13784, 13788, 13792, 13796, 13800, 13804, 13808, 13812, 13816, 13820, 13824, 13828, 13832, 13836, 13840, 13844, 13848, 13852, 13856, 13860, 13864, 13868, 13872, 13876, 13880, 13884, 13888, 13892, 13896, 13900, 13904, 13908, 13912, 13916, 13920, 13924, 13928, 13932, 13936, 13940, 13944, 13948, 13952, 13956, 13960, 13964, 13968, 13972, 13976, 13980, 13984, 13988, 13992, 13996, 14000, 14004, 14008, 14012, 14016, 14020, 14024, 14028, 14032, 14036, 14040, 14044, 14048, 14052, 14056, 14060, 14064, 14068, 14072, 14076, 14080, 14084, 14088, 14092, 14096, 14100, 14104, 14108, 14112, 14116, 14120, 14124, 14128, 14132, 14136, 14140, 14144, 14148, 14152, 14156, 14160, 14164, 14168, 14172, 14176, 14180, 14184, 14188, 14192, 14196, 14200, 14204, 14208, 14212, 14216, 14220, 14224, 14228, 14232, 14236, 14240, 14244, 14248, 14252, 14256, 14260, 14264, 14268, 14272, 14276, 14280, 14284, 14288, 14292, 14296, 14300, 14304, 14308, 14312, 14316, 14320, 14324, 14328, 14332, 14336, 14340, 14344, 14348, 14352, 14356, 14360, 14364, 14368, 14372, 14376, 14380, 14384, 14388, 14392, 14396, 14400, 14404, 14408, 14412, 14416, 14420, 14424, 14428, 14432, 14436, 14440, 14444, 14448, 14452, 14456, 14460, 14464, 14468, 14472, 14476, 14480, 14484, 14488, 14492, 14496, 14500, 14504, 14508, 14512, 14516, 14520, 14524, 14528, 14532, 14536, 14540, 14544, 14548, 14552, 14556, 14560, 14564, 14568, 14572, 14576, 14580, 14584, 14588, 14592, 14596, 14600, 14604, 14608, 14612, 14616, 14620, 14624, 14628, 14632, 14636, 14640, 14644, 14648, 14652, 14656, 14660, 14664, 14668, 14672, 14676, 14680, 14684, 14688, 14692, 14696, 14700, 14704, 14708, 14712, 14716, 14720, 14724, 14728, 14732, 14736, 14740, 14744, 14748, 14752, 14756, 14760, 14764, 14768, 14772, 14776, 14780, 14784, 14788, 14792, 14796, 14800, 14804, 14808, 14812, 14816, 14820, 14824, 14828, 14832, 14836, 14840, 14844, 14848, 14852, 14856, 14860, 14864, 14868, 14872, 14876, 14880, 14884, 14888, 14892, 14896, 14900, 14904, 14908, 14912, 14916, 14920, 14924, 14928, 14932, 14936, 14940, 14944, 14948, 14952, 14956, 14960, 14964, 14968, 14972, 14976, 14980, 14984, 14988, 14992, 14996, 15000, 15004, 15008, 15012, 15016, 15020, 15024, 15028, 15032, 15036, 15040, 15044, 15048, 15052, 15056, 15060, 15064, 15068, 15072, 15076, 15080, 15084, 15088, 15092, 15096, 15100, 15104, 15108, 15112, 15116, 15120, 15124, 15128, 15132, 15136, 15140, 15144, 15148, 15152, 15156, 15160, 15164, 15168, 15172, 15176, 15180, 15184, 15188, 15192, 15196, 15200, 15204, 15208, 15212, 15216, 15220, 15224, 15228, 15232, 15236, 15240, 15244, 15248, 15252, 15256, 15260, 15264, 15268, 15272, 15276, 15280, 15284, 15288, 15292, 15296, 15300, 15304, 15308, 15312, 15316, 15320, 15324, 15328, 15332, 15336, 15340, 15344, 15348, 15352, 15356, 15360, 15364, 15368, 15372, 15376, 15380, 15384, 15388, 15392, 15396, 15400, 15404, 15408, 15412, 15416, 15420, 15424, 15428, 15432, 15436, 15440, 15444, 15448, 15452, 15456, 15460, 15464, 15468, 15472, 15476, 15480, 15484, 15488, 15492, 15496, 15500, 15504, 15508, 15512, 15516, 15520, 15524, 15528, 15532, 15536, 15540, 15544, 15548, 15552, 15556, 15560, 15564, 15568, 15572, 15576, 15580, 15584, 15588, 15592, 15596, 15600, 15604, 15608, 15612, 15616, 15620, 15624, 15628, 15632, 15636, 15640, 15644, 15648, 15652, 15656, 15660, 15664, 15668, 15672, 15676, 15680, 15684, 15688, 15692, 15696, 15700, 15704, 15708, 15712, 15716, 15720, 15724, 15728, 15732, 15736, 15740, 15744, 15748, 15752, 15756, 15760, 15764, 15768, 15772, 15776, 15780, 15784, 15788, 15792, 15796, 15800, 15804, 15808, 15812, 15816, 15820, 15824, 15828, 15832, 15836, 15840, 15844, 15848, 15852, 15856, 15860, 15864, 15868, 15872, 15876, 15880, 15884, 15888, 15892, 15896, 15900, 15904, 15908, 15912, 15916, 15920, 15924, 15928, 15932, 15936, 15940, 15944, 15948, 15952, 15956, 15960, 15964, 15968, 15972, 15976, 15980, 15984, 15988, 15992, 15996, 16000, 16004, 16008, 16012, 16016, 16020, 16024, 16028, 16032, 16036, 16040, 16044, 16048, 16052, 16056, 16060, 16064, 16068, 16072, 16076, 16080, 16084, 16088, 16092, 16096, 16100, 16104, 16108, 16112, 16116, 16120, 16124, 16128, 16132, 16136, 16140, 16144, 16148, 16152, 16156, 16160, 16164, 16168, 16172, 16176, 16180, 16184, 16188, 16192, 16196, 16200, 16204, 16208, 16212, 16216, 16220, 16224, 16228, 16232, 16236, 16240, 16244, 16248, 16252, 16256, 16260, 16264, 16268, 16272, 16276, 16280, 16284, 16288, 16292, 16296, 16300, 16304, 16308, 16312, 16316, 16320, 16324, 16328, 16332, 16336, 16340, 16344, 16348, 16352, 16356, 16360, 16364, 16368, 16372, 16376, 16380, 16384, 16388, 16392, 16396, 16400, 16404, 16408, 16412, 16416, 16420, 16424, 16428, 16432, 16436, 16440, 16444, 16448, 16452, 16456, 16460, 16464, 16468, 16472, 16476, 16480, 16484, 16488, 16492, 16496, 16500, 16504, 16508, 16512, 16516, 16520, 16524, 16528, 16532, 16536, 16540, 16544, 16548, 16552, 16556, 16560, 16564, 16568, 16572, 16576, 16580, 16584, 16588, 16592, 16596, 16600, 16604, 16608, 16612, 16616, 16620, 16624, 16628, 16632, 16636, 16640, 16644, 16648, 16652, 16656, 16660, 16664, 16668, 16672, 16676, 16680, 16684, 16688, 16692, 16696, 16700, 16704, 16708, 16712, 16716, 16720, 16724, 16728, 16732, 16736, 16740, 16744, 16748, 16752, 16756, 16760, 16764, 16768, 16772, 16776, 16780, 16784, 16788, 16792, 16796, 16800, 16804, 16808, 16812, 16816, 16820, 16824, 16828, 16832, 16836, 16840, 16844, 16848, 16852, 16856, 16860, 16864, 16868, 16872, 16876, 16880, 16884, 16888, 16892, 16896, 16900, 16904, 16908, 16912, 16916, 16920, 16924, 16928, 16932, 16936, 16940, 16944, 16948, 16952, 16956, 16960, 16964, 16968, 16972, 16976, 16980, 16984, 16988, 16992, 16996, 17000, 17004, 17008, 17012, 17016, 17020, 17024, 17028, 17032, 17036, 17040, 17044, 17048, 17052, 17056, 17060, 17064, 17068, 17072, 17076, 17080, 17084, 17088, 17092, 17096, 17100, 17104, 17108, 17112, 17116, 17120, 17124, 17128, 17132, 17136, 17140, 17144, 17148, 17152, 17156, 17160, 17164, 17168, 17172, 17176, 17180, 17184, 17188, 17192, 17196, 17200, 17204, 17208, 17212, 17216, 17220, 17224, 17228, 17232, 17236, 17240, 17244, 17248, 17252, 17256, 17260, 17264, 17268, 17272, 17276, 17280, 17284, 17288, 17292, 17296, 17300, 17304, 17308, 17312, 17316, 17320, 17324, 17328, 17332, 17336, 17340, 17344, 17348, 17352, 17356, 17360, 17364, 17368, 17372, 17376, 17380, 17384, 17388, 17392, 17396, 17400, 17404, 17408, 17412, 17416, 17420, 17424, 17428, 17432, 17436, 17440, 17444, 17448, 17452, 17456, 17460, 17464, 17468, 17472, 17476, 17480, 17484, 17488, 17492, 17496, 17500, 17504, 17508, 17512, 17516, 17520, 17524, 17528, 17532, 17536, 17540, 17544, 17548, 17552, 17556, 17560, 17564, 17568, 17572, 17576, 17580, 17584, 17588, 17592, 17596, 17600, 17604, 17608, 17612, 17616, 17620, 17624, 17628, 17632, 17636, 17640, 17644, 17648, 17652, 17656, 17660, 17664, 17668, 17672, 17676, 17680, 17684, 17688, 17692, 17696, 17700, 17704, 17708, 17712, 17716, 17720, 17724, 17728, 17732, 17736, 17740, 17744, 17748, 17752, 17756, 17760, 17764, 17768, 17772, 17776, 17780, 17784, 17788, 17792, 17796, 17800, 17804, 17808, 17812, 17816, 17820, 17824, 17828, 17832, 17836, 17840, 17844, 17848, 17852, 17856, 17860, 17864, 17868, 17872, 17876, 17880, 17884, 17888, 17892, 17896, 17900, 17904, 17908, 17912, 17916, 17920, 17924, 17928, 17932, 17936, 17940, 17944, 17948, 17952, 17956, 17960, 17964, 17968, 17972, 17976, 17980, 17984, 17988, 17992, 17996, 18000, 18004, 18008, 18012, 18016, 18020, 18024, 18028, 18032, 18036, 18040, 18044, 18048, 18052, 18056, 18060, 18064, 18068, 18072, 18076, 18080, 18084, 18088, 18092, 18096, 18100, 18104, 18108, 18112, 18116, 18120, 18124, 18128, 18132, 18136, 18140, 18144, 18148, 18152, 18156, 18160, 18164, 18168, 18172, 18176, 18180, 18184, 18188, 18192, 18196, 18200, 18204, 18208, 18212, 18216, 18220, 18224, 18228, 18232, 18236, 18240, 18244, 18248, 18252, 18256, 18260, 18264, 18268, 18272, 18276, 18280, 18284, 18288, 18292, 18296, 18300, 18304, 18308, 18312, 18316, 18320, 18324, 18328, 18332, 18336, 18340, 18344, 18348, 18352, 18356, 18360, 18364, 18368, 18372, 18376, 18380, 18384, 18388, 18392, 18396, 18400, 18404, 18408, 18412, 18416, 18420, 18424, 18428, 18432, 18436, 18440, 18444, 18448, 18452, 18456, 18460, 18464, 18468, 18472, 18476, 18480, 18484, 18488, 18492, 18496, 18500, 18504, 18508, 18512, 18516, 18520, 18524, 18528, 18532, 18536, 18540, 18544, 18548, 18552, 18556, 18560, 18564, 18568, 18572, 18576, 18580, 18584, 18588, 18592, 18596, 18600, 18604, 18608, 18612, 18616, 18620, 18624, 18628, 18632, 18636, 18640, 18644, 18648, 18652, 18656, 18660, 18664, 18668, 18672, 18676, 18680, 18684, 18688, 18692, 18696, 18700, 18704, 18708, 18712, 18716, 18720, 18724, 18728, 18732, 18736, 18740, 18744, 18748, 18752, 18756, 18760, 18764, 18768, 18772, 18776, 18780, 18784, 18788, 18792, 18796, 18800, 18804, 18808, 18812, 18816, 18820, 18824, 18828, 18832, 18836, 18840, 18844, 18848, 18852, 18856, 18860, 18864, 18868, 18872, 18876, 18880, 18884, 18888, 18892, 18896, 18900, 18904, 18908, 18912, 18916, 18920, 18924, 18928, 18932, 18936, 18940, 18944, 18948, 18952, 18956, 18960, 18964, 18968, 18972, 18976, 18980, 18984, 18988, 18992, 18996, 19000, 19004, 19008, 19012, 19016, 19020, 19024, 19028, 19032, 19036, 19040, 19044, 19048, 19052, 19056, 19060, 19064, 19068, 19072, 19076, 19080, 19084, 19088, 19092, 19096, 19100, 19104, 19108, 19112, 19116, 19120, 19124, 19128, 19132, 19136, 19140, 19144, 19148, 19152, 19156, 19160, 19164, 19168, 19172, 19176, 19180, 19184, 19188, 19192, 19196, 19200, 19204, 19208, 19212, 19216, 19220, 19224, 19228, 19232, 19236, 19240, 19244, 19248, 19252, 19256, 19260, 19264, 19268, 19272, 19276, 19280, 19284, 19288, 19292, 19296, 19300, 19304, 19308, 19312, 19316, 19320, 19324, 19328, 19332, 19336, 19340, 19344, 19348, 19352, 19356, 19360, 19364, 19368, 19372, 19376, 19380, 19384, 19388, 19392, 19396, 19400, 19404, 19408, 19412, 19416, 19420, 19424, 19428, 19432, 19436, 19440, 19444, 19448, 19452, 19456, 19460, 19464, 19468, 19472, 19476, 19480, 19484, 19488, 19492, 19496, 19500, 19504, 19508, 19512, 19516, 19520, 19524, 19528, 19532, 19536, 19540, 19544, 19548, 19552, 19556, 19560, 19564, 19568, 19572, 19576, 19580, 19584, 19588, 19592, 19596, 19600, 19604, 19608, 19612, 19616, 19620, 19624, 19628, 19632, 19636, 19640, 19644, 19648, 19652, 19656, 19660, 19664, 19668, 19672, 19676, 19680, 19684, 19688, 19692, 19696, 19700, 19704, 19708, 19712, 19716, 19720, 19724, 19728, 19732, 19736, 19740, 19744, 19748, 19752, 19756, 19760, 19764, 19768, 19772, 19776, 19780, 19784, 19788, 19792, 19796, 19800, 19804, 19808, 19812, 19816, 19820, 19824, 19828, 19832, 19836, 19840, 19844, 19848, 19852, 19856, 19860, 19864, 19868, 19872, 19876, 19880, 19884, 19888, 19892, 19896, 19900, 19904, 19908, 19912, 19916, 19920, 19924, 19928, 19932, 19936, 19940, 19944, 19948, 19952, 19956, 19960, 19964, 19968, 19972, 19976, 19980, 19984, 19988, 19992, 19996, 20000, 20004, 20008, 20012, 20016, 20020, 20024, 20028, 20032, 20036, 20040, 20044, 20048, 20052, 20056, 20060, 20064, 20068, 20072, 20076, 20080, 20084, 20088, 20092, 20096, 20100, 20104, 20108, 20112, 20116, 20120, 20124, 20128, 20132, 20136, 20140, 20144, 20148, 20152, 20156, 20160, 20164, 20168, 20172, 20176, 20180, 20184, 20188, 20192, 20196, 20200, 20204, 20208, 20212, 20216, 20220, 20224, 20228, 20232, 20236, 20240, 20244, 20248, 20252, 20256, 20260, 20264, 20268, 20272, 20276, 20280, 20284, 20288, 20292, 20296, 20300, 20304, 20308, 20312, 20316, 20320, 20324, 20328, 20332, 20336, 20340, 20344, 20348, 20352, 20356, 20360, 20364, 20368, 20372, 20376, 20380, 20384, 20388, 20392, 20396, 20400, 20404, 20408, 20412, 20416, 20420, 20424, 20428, 20432, 20436, 20440, 20444, 20448, 20452, 20456, 20460, 20464, 20468, 20472, 20476, 20480, 20484, 20488, 20492, 20496, 20500, 20504, 20508, 20512, 20516, 20520, 20524, 20528, 20532, 20536, 20540, 20544, 20548, 20552, 20556, 20560, 20564, 20568, 20572, 20576, 20580, 20584, 20588, 20592, 20596, 20600, 20604, 20608, 20612, 20616, 20620, 20624, 20628, 20632, 20636, 20640, 20644, 20648, 20652, 20656, 20660, 20664, 20668, 20672, 20676, 20680, 20684, 20688, 20692, 20696, 20700, 20704, 20708, 20712, 20716, 20720, 20724, 20728, 20732, 20736, 20740, 20744, 20748, 20752, 20756, 20760, 20764, 20768, 20772, 20776, 20780, 20784, 20788, 20792, 20796, 20800, 20804, 20808, 20812, 20816, 20820, 20824, 20828, 20832, 20836, 20840, 20844, 20848, 20852, 20856, 20860, 20864, 20868, 20872, 20876, 20880, 20884, 20888, 20892, 20896, 20900, 20904, 20908, 20912, 20916, 20920, 20924, 20928, 20932, 20936, 20940, 20944, 20948, 20952, 20956, 20960, 20964, 20968, 20972, 20976, 20980, 20984, 20988, 20992, 20996, 21000, 21004, 21008, 21012, 21016, 21020, 21024, 21028, 21032, 21036, 21040, 21044, 21048, 21052, 21056, 21060, 21064, 21068, 21072, 21076, 21080, 21084, 21088, 21092, 21096, 21100, 21104, 21108, 21112, 21116, 21120, 21124, 21128, 21132, 21136, 21140, 21144, 21148, 21152, 21156, 21160, 21164, 21168, 21172, 21176, 21180, 21184, 21188, 21192, 21196, 21200, 21204, 21208, 21212, 21216, 21220, 21224, 21228, 21232, 21236, 21240, 21244, 21248, 21252, 21256, 21260, 21264, 21268, 21272, 21276, 21280, 21284, 21288, 21292, 21296, 21300, 21304, 21308, 21312, 21316, 21320, 21324, 21328, 21332, 21336, 21340, 21344, 21348, 21352, 21356, 21360, 21364, 21368, 21372, 21376, 21380, 21384, 21388, 21392, 21396, 21400, 21404, 21408, 21412, 21416, 21420, 21424, 21428, 21432, 21436, 21440, 21444, 21448, 21452, 21456, 21460, 21464, 21468, 21472, 21476, 21480, 21484, 21488, 21492, 21496, 21500, 21504, 21508, 21512, 21516, 21520, 21524, 21528, 21532, 21536, 21540, 21544, 21548, 21552, 21556, 21560, 21564, 21568, 21572, 21576, 21580, 21584, 21588, 21592, 21596, 21600, 21604, 21608, 21612, 21616, 21620, 21624, 21628, 21632, 21636, 21640, 21644, 21648, 21652, 21656, 21660, 21664, 21668, 21672, 21676, 21680, 21684, 21688, 21692, 21696, 21700, 21704, 21708, 21712, 21716, 21720, 21724, 21728, 21732, 21736, 21740, 21744, 21748, 21752, 21756, 21760, 21764, 21768, 21772, 21776, 21780, 21784, 21788, 21792, 21796, 21800, 21804, 21808, 21812, 21816, 21820, 21824, 21828, 21832, 21836, 21840, 21844, 21848, 21852, 21856, 21860, 21864, 21868, 21872, 21876, 21880, 21884, 21888, 21892, 21896, 21900, 21904, 21908, 21912, 21916, 21920, 21924, 21928, 21932, 21936, 21940, 21944, 21948, 21952, 21956, 21960, 21964, 21968, 21972, 21976, 21980, 21984, 21988, 21992, 21996, 22000, 22004, 22008, 22012, 22016, 22020, 22024, 22028, 22032, 22036, 22040, 22044, 22048, 22052, 22056, 22060, 22064, 22068, 22072, 22076, 22080, 22084, 22088, 22092, 22096, 22100, 22104, 22108, 22112, 22116, 22120, 22124, 22128, 22132, 22136, 22140, 22144, 22148, 22152, 22156, 22160, 22164, 22168, 22172, 22176, 22180, 22184, 22188, 22192, 22196, 22200, 22204, 22208, 22212, 22216, 22220, 22224, 22228, 22232, 22236, 22240, 22244, 22248, 22252, 22256, 22260, 22264, 22268, 22272, 22276, 22280, 22284, 22288, 22292, 22296, 22300, 22304, 22308, 22312, 22316, 22320, 22324, 22328, 22332, 22336, 22340, 22344, 22348, 22352, 22356, 22360, 22364, 22368, 22372, 22376, 22380, 22384, 22388, 22392, 22396, 22400, 22404, 22408, 22412, 22416, 22420, 22424, 22428, 22432, 22436, 22440, 22444, 22448, 22452, 22456, 22460, 22464, 22468, 22472, 22476, 22480, 22484, 22488, 22492, 22496, 22500, 22504, 22508, 22512, 22516, 22520, 22524, 22528, 22532, 22536, 22540, 22544, 22548, 22552, 22556, 22560, 22564, 22568, 22572, 22576, 22580, 22584, 22588, 22592, 22596, 22600, 22604, 22608, 22612, 22616, 22620, 22624, 22628, 22632, 22636, 22640, 22644, 22648, 22652, 22656, 22660, 22664, 22668, 22672, 22676, 22680, 22684, 22688, 22692, 22696, 22700, 22704, 22708, 22712, 22716, 22720, 22724, 22728, 22732, 22736, 22740, 22744, 22748, 22752, 22756, 22760, 22764, 22768, 22772, 22776, 22780, 22784, 22788, 22792, 22796, 22800, 22804, 22808, 22812, 22816, 22820, 22824, 22828, 22832, 22836, 22840, 22844, 22848, 22852, 22856, 22860, 22864, 22868, 22872, 22876, 22880, 22884, 22888, 22892, 22896, 22900, 22904, 22908, 22912, 22916, 22920, 22924, 22928, 22932, 22936, 22940, 22944, 22948, 22952, 22956, 22960, 22964, 22968, 22972, 22976, 22980, 22984, 22988, 22992, 22996, 23000, 23004, 23008, 23012, 23016, 23020, 23024, 23028, 23032, 23036, 23040, 23044, 23048, 23052, 23056, 23060, 23064, 23068, 23072, 23076, 23080, 23084, 23088, 23092, 23096, 23100, 23104, 23108, 23112, 23116, 23120, 23124, 23128, 23132, 23136, 23140, 23144, 23148, 23152, 23156, 23160, 23164, 23168, 23172, 23176, 23180, 23184, 23188, 23192, 23196, 23200, 23204, 23208, 23212, 23216, 23220, 23224, 23228, 23232, 23236, 23240, 23244, 23248, 23252, 23256, 23260, 23264, 23268, 23272, 23276, 23280, 23284, 23288, 23292, 23296, 23300, 23304, 23308, 23312, 23316, 23320, 23324, 23328, 23332, 23336, 23340, 23344, 23348, 23352, 23356, 23360, 23364, 23368, 23372, 23376, 23380, 23384, 23388, 23392, 23396, 23400, 23404, 23408, 23412, 23416, 23420, 23424, 23428, 23432, 23436, 23440, 23444, 23448, 23452, 23456, 23460, 23464, 23468, 23472, 23476, 23480, 23484, 23488, 23492, 23496, 23500, 23504, 23508, 23512, 23516, 23520, 23524, 23528, 23532, 23536, 23540, 23544, 23548, 23552, 23556, 23560, 23564, 23568, 23572, 23576, 23580, 23584, 23588, 23592, 23596, 23600, 23604, 23608, 23612, 23616, 23620, 23624, 23628, 23632, 23636, 23640, 23644, 23648, 23652, 23656, 23660, 23664, 23668, 23672, 23676, 23680, 23684, 23688, 23692, 23696, 23700, 23704, 23708, 23712, 23716, 23720, 23724, 23728, 23732, 23736, 23740, 23744, 23748, 23752, 23756, 23760, 23764, 23768, 23772, 23776, 23780, 23784, 23788, 23792, 23796, 23800, 23804, 23808, 23812, 23816, 23820, 23824, 23828, 23832, 23836, 23840, 23844, 23848, 23852, 23856, 23860, 23864, 23868, 23872, 23876, 23880, 23884, 23888, 23892, 23896, 23900, 23904, 23908, 23912, 23916, 23920, 23924, 23928, 23932, 23936, 23940, 23944, 23948, 23952, 23956, 23960, 23964, 23968, 23972, 23976, 23980, 23984, 23988, 23992, 23996, 24000, 24004, 24008, 24012, 24016, 24020, 24024, 24028, 24032, 24036, 24040, 24044, 24048, 24052, 24056, 24060, 24064, 24068, 24072, 24076, 24080, 24084, 24088, 24092, 24096, 24100, 24104, 24108, 24112, 24116, 24120, 24124, 24128, 24132, 24136, 24140, 24144, 24148, 24152, 24156, 24160, 24164, 24168, 24172, 24176, 24180, 24184, 24188, 24192, 24196, 24200, 24204, 24208, 24212, 24216, 24220, 24224, 24228, 24232, 24236, 24240, 24244, 24248, 24252, 24256, 24260, 24264, 24268, 24272, 24276, 24280, 24284, 24288, 24292, 24296, 24300, 24304, 24308, 24312, 24316, 24320, 24324, 24328, 24332, 24336, 24340, 24344, 24348, 24352, 24356, 24360, 24364, 24368, 24372, 24376, 24380, 24384, 24388, 24392, 24396, 24400, 24404, 24408, 24412, 24416, 24420, 24424, 24428, 24432, 24436, 24440, 24444, 24448, 24452, 24456, 24460, 24464, 24468, 24472, 24476, 24480, 24484, 24488, 24492, 24496, 24500, 24504, 24508, 24512, 24516, 24520, 24524, 24528, 24532, 24536, 24540, 24544, 24548, 24552, 24556, 24560, 24564, 24568, 24572, 24576, 24580, 24584, 24588, 24592, 24596, 24600, 24604, 24608, 24612, 24616, 24620, 24624, 24628, 24632, 24636, 24640, 24644, 24648, 24652, 24656, 24660, 24664, 24668, 24672, 24676, 24680, 24684, 24688, 24692, 24696, 24700, 24704, 24708, 24712, 24716, 24720, 24724, 24728, 24732, 24736, 24740, 24744, 24748, 24752, 24756, 24760, 24764, 24768, 24772, 24776, 24780, 24784, 24788, 24792, 24796, 24800, 24804, 24808, 24812, 24816, 24820, 24824, 24828, 24832, 24836, 24840, 24844, 24848, 24852, 24856, 24860, 24864, 24868, 24872, 24876, 24880, 24884, 24888, 24892, 24896, 24900, 24904, 24908, 24912, 24916, 24920, 24924, 24928, 24932, 24936, 24940, 24944, 24948, 24952, 24956, 24960, 24964, 24968, 24972, 24976, 24980, 24984, 24988, 24992, 24996, 25000, 25004, 25008, 25012, 25016, 25020, 25024, 25028, 25032, 25036, 25040, 25044, 25048, 25052, 25056, 25060, 25064, 25068, 25072, 25076, 25080, 25084, 25088, 25092, 25096, 25100, 25104, 25108, 25112, 25116, 25120, 25124, 25128, 25132, 25136, 25140, 25144, 25148, 25152, 25156, 25160, 25164, 25168, 25172, 25176, 25180, 25184, 25188, 25192, 25196, 25200, 25204, 25208, 25212, 25216, 25220, 25224, 25228, 25232, 25236, 25240, 25244, 25248, 25252, 25256, 25260, 25264, 25268, 25272, 25276, 25280, 25284, 25288, 25292, 25296, 25300, 25304, 25308, 25312, 25316, 25320, 25324, 25328, 25332, 25336, 25340, 25344, 25348, 25352, 25356, 25360, 25364, 25368, 25372, 25376, 25380, 25384, 25388, 25392, 25396, 25400, 25404, 25408, 25412, 25416, 25420, 25424, 25428, 25432, 25436, 25440, 25444, 25448, 25452, 25456, 25460, 25464, 25468, 25472, 25476, 25480, 25484, 25488, 25492, 25496, 25500, 25504, 25508, 25512, 25516, 25520, 25524, 25528, 25532, 25536, 25540, 25544, 25548, 25552, 25556, 25560, 25564, 25568, 25572, 25576, 25580, 25584, 25588, 25592, 25596, 25600, 25604, 25608, 25612, 25616, 25620, 25624, 25628, 25632, 25636, 25640, 25644, 25648, 25652, 25656, 25660, 25664, 25668, 25672, 25676, 25680, 25684, 25688, 25692, 25696, 25700, 25704, 25708, 25712, 25716, 25720, 25724, 25728, 25732, 25736, 25740, 25744, 25748, 25752, 25756, 25760, 25764, 25768, 25772, 25776, 25780, 25784, 25788, 25792, 25796, 25800, 25804, 25808, 25812, 25816, 25820, 25824, 25828, 25832, 25836, 25840, 25844, 25848, 25852, 25856, 25860, 25864, 25868, 25872, 25876, 25880, 25884, 25888, 25892, 25896, 25900, 25904, 25908, 25912, 25916, 25920, 25924, 25928, 25932, 25936, 25940, 25944, 25948, 25952, 25956, 25960, 25964, 25968, 25972, 25976, 25980, 25984, 25988, 25992, 25996, 26000, 26004, 26008, 26012, 26016, 26020, 26024, 26028, 26032, 26036, 26040, 26044, 26048, 26052, 26056, 26060, 26064, 26068, 26072, 26076, 26080, 26084, 26088, 26092, 26096, 26100, 26104, 26108, 26112, 26116, 26120, 26124, 26128, 26132, 26136, 26140, 26144, 26148, 26152, 26156, 26160, 26164, 26168, 26172, 26176, 26180, 26184, 26188, 26192, 26196, 26200, 26204, 26208, 26212, 26216, 26220, 26224, 26228, 26232, 26236, 26240, 26244, 26248, 26252, 26256, 26260, 26264, 26268, 26272, 26276, 26280, 26284, 26288, 26292, 26296, 26300, 26304, 26308, 26312, 26316, 26320, 26324, 26328, 26332, 26336, 26340, 26344, 26348, 26352, 26356, 26360, 26364, 26368, 26372, 26376, 26380, 26384, 26388, 26392, 26396, 26400, 26404, 26408, 26412, 26416, 26420, 26424, 26428, 26432, 26436, 26440, 26444, 26448, 26452, 26456, 26460, 26464, 26468, 26472, 26476, 26480, 26484, 26488, 26492, 26496, 26500, 26504, 26508, 26512, 26516, 26520, 26524, 26528, 26532, 26536, 26540, 26544, 26548, 26552, 26556, 26560, 26564, 26568, 26572, 26576, 26580, 26584, 26588, 26592, 26596, 26600, 26604, 26608, 26612, 26616, 26620, 26624, 26628, 26632, 26636, 26640, 26644, 26648, 26652, 26656, 26660, 26664, 26668, 26672, 26676, 26680, 26684, 26688, 26692, 26696, 26700, 26704, 26708, 26712, 26716, 26720, 26724, 26728, 26732, 26736, 26740, 26744, 26748, 26752, 26756, 26760, 26764, 26768, 26772, 26776, 26780, 26784, 26788, 26792, 26796, 26800, 26804, 26808, 26812, 26816, 26820, 26824, 26828, 26832, 26836, 26840, 26844, 26848, 26852, 26856, 26860, 26864, 26868, 26872, 26876, 26880, 26884, 26888, 26892, 26896, 26900, 26904, 26908, 26912, 26916, 26920, 26924, 26928, 26932, 26936, 26940, 26944, 26948, 26952, 26956, 26960, 26964, 26968, 26972, 26976, 26980, 26984, 26988, 26992, 26996, 27000, 27004, 27008, 27012, 27016, 27020, 27024, 27028, 27032, 27036, 27040, 27044, 27048, 27052, 27056, 27060, 27064, 27068, 27072, 27076, 27080, 27084, 27088, 27092, 27096, 27100, 27104, 27108, 27112, 27116, 27120, 27124, 27128, 27132, 27136, 27140, 27144, 27148, 27152, 27156, 27160, 27164, 27168, 27172, 27176, 27180, 27184, 27188, 27192, 27196, 27200, 27204, 27208, 27212, 27216, 27220, 27224, 27228, 27232, 27236, 27240, 27244, 27248, 27252, 27256, 27260, 27264, 27268, 27272, 27276, 27280, 27284, 27288, 27292, 27296, 27300, 27304, 27308, 27312, 27316, 27320, 27324, 27328, 27332, 27336, 27340, 27344, 27348, 27352, 27356, 27360, 27364, 27368, 27372, 27376, 27380, 27384, 27388, 27392, 27396, 27400, 27404, 27408, 27412, 27416, 27420, 27424, 27428, 27432, 27436, 27440, 27444, 27448, 27452, 27456, 27460, 27464, 27468, 27472, 27476, 27480, 27484, 27488, 27492, 27496, 27500, 27504, 27508, 27512, 27516, 27520, 27524, 27528, 27532, 27536, 27540, 27544, 27548, 27552, 27556, 27560, 27564, 27568, 27572, 27576, 27580, 27584, 27588, 27592, 27596, 27600, 27604, 27608, 27612, 27616, 27620, 27624, 27628, 27632, 27636, 27640, 27644, 27648, 27652, 27656, 27660, 27664, 27668, 27672, 27676, 27680, 27684, 27688, 27692, 27696, 27700, 27704, 27708, 27712, 27716, 27720, 27724, 27728, 27732, 27736, 27740, 27744, 27748, 27752, 27756, 27760, 27764, 27768, 27772, 27776, 27780, 27784, 27788, 27792, 27796, 27800, 27804, 27808, 27812, 27816, 27820, 27824, 27828, 27832, 27836, 27840, 27844, 27848, 27852, 27856, 27860, 27864, 27868, 27872, 27876, 27880, 27884, 27888, 27892, 27896, 27900, 27904, 27908, 27912, 27916, 27920, 27924, 27928, 27932, 27936, 27940, 27944, 27948, 27952, 27956, 27960, 27964, 27968, 27972, 27976, 27980, 27984, 27988, 27992, 27996, 28000, 28004, 28008, 28012, 28016, 28020, 28024, 28028, 28032, 28036, 28040, 28044, 28048, 28052, 28056, 28060, 28064, 28068, 28072, 28076, 28080, 28084, 28088, 28092, 28096, 28100, 28104, 28108, 28112, 28116, 28120, 28124, 28128, 28132, 28136, 28140, 28144, 28148, 28152, 28156, 28160, 28164, 28168, 28172, 28176, 28180, 28184, 28188, 28192, 28196, 28200, 28204, 28208, 28212, 28216, 28220, 28224, 28228, 28232, 28236, 28240, 28244, 28248, 28252, 28256, 28260, 28264, 28268, 28272, 28276, 28280, 28284, 28288, 28292, 28296, 28300, 28304, 28308, 28312, 28316, 28320, 28324, 28328, 28332, 28336, 28340, 28344, 28348, 28352, 28356, 28360, 28364, 28368, 28372, 28376, 28380, 28384, 28388, 28392, 28396, 28400, 28404, 28408, 28412, 28416, 28420, 28424, 28428, 28432, 28436, 28440, 28444, 28448, 28452, 28456, 28460, 28464, 28468, 28472, 28476, 28480, 28484, 28488, 28492, 28496, 28500, 28504, 28508, 28512, 28516, 28520, 28524, 28528, 28532, 28536, 28540, 28544, 28548, 28552, 28556, 28560, 28564, 28568, 28572, 28576, 28580, 28584, 28588, 28592, 28596, 28600, 28604, 28608, 28612, 28616, 28620, 28624, 28628, 28632, 28636, 28640, 28644, 28648, 28652, 28656, 28660, 28664, 28668, 28672, 28676, 28680, 28684, 28688, 28692, 28696, 28700, 28704, 28708, 28712, 28716, 28720, 28724, 28728, 28732, 28736, 28740, 28744, 28748, 28752, 28756, 28760, 28764, 28768, 28772, 28776, 28780, 28784, 28788, 28792, 28796, 28800, 28804, 28808, 28812, 28816, 28820, 28824, 28828, 28832, 28836, 28840, 28844, 28848, 28852, 28856, 28860, 28864, 28868, 28872, 28876, 28880, 28884, 28888, 28892, 28896, 28900, 28904, 28908, 28912, 28916, 28920, 28924, 28928, 28932, 28936, 28940, 28944, 28948, 28952, 28956, 28960, 28964, 28968, 28972, 28976, 28980, 28984, 28988, 28992, 28996, 29000, 29004, 29008, 29012, 29016, 29020, 29024, 29028, 29032, 29036, 29040, 29044, 29048, 29052, 29056, 29060, 29064, 29068, 29072, 29076, 29080, 29084, 29088, 29092, 29096, 29100, 29104, 29108, 29112, 29116, 29120, 29124, 29128, 29132, 29136, 29140, 29144, 29148, 29152, 29156, 29160, 29164, 29168, 29172, 29176, 29180, 29184, 29188, 29192, 29196, 29200, 29204, 29208, 29212, 29216, 29220, 29224, 29228, 29232, 29236, 29240, 29244, 29248, 29252, 29256, 29260, 29264, 29268, 29272, 29276, 29280, 29284, 29288, 29292, 29296, 29300, 29304, 29308, 29312, 29316, 29320, 29324, 29328, 29332, 29336, 29340, 29344, 29348, 29352, 29356, 29360, 29364, 29368, 29372, 29376, 29380, 29384, 29388, 29392, 29396, 29400, 29404, 29408, 29412, 29416, 29420, 29424, 29428, 29432, 29436, 29440, 29444, 29448, 29452, 29456, 29460, 29464, 29468, 29472, 29476, 29480, 29484, 29488, 29492, 29496, 29500, 29504, 29508, 29512, 29516, 29520, 29524, 29528, 29532, 29536, 29540, 29544, 29548, 29552, 29556, 29560, 29564, 29568, 29572, 29576, 29580, 29584, 29588, 29592, 29596, 29600, 29604, 29608, 29612, 29616, 29620, 29624, 29628, 29632, 29636, 29640, 29644, 29648, 29652, 29656, 29660, 29664, 29668, 29672, 29676, 29680, 29684, 29688, 29692, 29696, 29700, 29704, 29708, 29712, 29716, 29720, 29724, 29728, 29732, 29736, 29740, 29744, 29748, 29752, 29756, 29760, 29764, 29768, 29772, 29776, 29780, 29784, 29788, 29792, 29796, 29800, 29804, 29808, 29812, 29816, 29820, 29824, 29828, 29832, 29836, 29840, 29844, 29848, 29852, 29856, 29860, 29864, 29868, 29872, 29876, 29880, 29884, 29888, 29892, 29896, 29900, 29904, 29908, 29912, 29916, 29920, 29924, 29928, 29932, 29936, 29940, 29944, 29948, 29952, 29956, 29960, 29964, 29968, 29972, 29976, 29980, 29984, 29988, 29992, 29996, 30000, 30004, 30008, 30012, 30016, 30020, 30024, 30028, 30032, 30036, 30040, 30044, 30048, 30052, 30056, 30060, 30064, 30068, 30072, 30076, 30080, 30084, 30088, 30092, 30096, 30100, 30104, 30108, 30112, 30116, 30120, 30124, 30128, 30132, 30136, 30140, 30144, 30148, 30152, 30156, 30160, 30164, 30168, 30172, 30176, 30180, 30184, 30188, 30192, 30196, 30200, 30204, 30208, 30212, 30216, 30220, 30224, 30228, 30232, 30236, 30240, 30244, 30248, 30252, 30256, 30260, 30264, 30268, 30272, 30276, 30280, 30284, 30288, 30292, 30296, 30300, 30304, 30308, 30312, 30316, 30320, 30324, 30328, 30332, 30336, 30340, 30344, 30348, 30352, 30356, 30360, 30364, 30368, 30372, 30376, 30380, 30384, 30388, 30392, 30396, 30400, 30404, 30408, 30412, 30416, 30420, 30424, 30428, 30432, 30436, 30440, 30444, 30448, 30452, 30456, 30460, 30464, 30468, 30472, 30476, 30480, 30484, 30488, 30492, 30496, 30500, 30504, 30508, 30512, 30516, 30520, 30524, 30528, 30532, 30536, 30540, 30544, 30548, 30552, 30556, 30560, 30564, 30568, 30572, 30576, 30580, 30584, 30588, 30592, 30596, 30600, 30604, 30608, 30612, 30616, 30620, 30624, 30628, 30632, 30636, 30640, 30644, 30648, 30652, 30656, 30660, 30664, 30668, 30672, 30676, 30680, 30684, 30688, 30692, 30696, 30700, 30704, 30708, 30712, 30716, 30720, 30724, 30728, 30732, 30736, 30740, 30744, 30748, 30752, 30756, 30760, 30764, 30768, 30772, 30776, 30780, 30784, 30788, 30792, 30796, 30800, 30804, 30808, 30812, 30816, 30820, 30824, 30828, 30832, 30836, 30840, 30844, 30848, 30852, 30856, 30860, 30864, 30868, 30872, 30876, 30880, 30884, 30888, 30892, 30896, 30900, 30904, 30908, 30912, 30916, 30920, 30924, 30928, 30932, 30936, 30940, 30944, 30948, 30952, 30956, 30960, 30964, 30968, 30972, 30976, 30980, 30984, 30988, 30992, 30996, 31000, 31004, 31008, 31012, 31016, 31020, 31024, 31028, 31032, 31036, 31040, 31044, 31048, 31052, 31056, 31060, 31064, 31068, 31072, 31076, 31080, 31084, 31088, 31092, 31096, 31100, 31104, 31108, 31112, 31116, 31120, 31124, 31128, 31132, 31136, 31140, 31144, 31148, 31152, 31156, 31160, 31164, 31168, 31172, 31176, 31180, 31184, 31188, 31192, 31196, 31200, 31204, 31208, 31212, 31216, 31220, 31224, 31228, 31232, 31236, 31240, 31244, 31248, 31252, 31256, 31260, 31264, 31268, 31272, 31276, 31280, 31284, 31288, 31292, 31296, 31300, 31304, 31308, 31312, 31316, 31320, 31324, 31328, 31332, 31336, 31340, 31344, 31348, 31352, 31356, 31360, 31364, 31368, 31372, 31376, 31380, 31384, 31388, 31392, 31396, 31400, 31404, 31408, 31412, 31416, 31420, 31424, 31428, 31432, 31436, 31440, 31444, 31448, 31452, 31456, 31460, 31464, 31468, 31472, 31476, 31480, 31484, 31488, 31492, 31496, 31500, 31504, 31508, 31512, 31516, 31520, 31524, 31528, 31532, 31536, 31540, 31544, 31548, 31552, 31556, 31560, 31564, 31568, 31572, 31576, 31580, 31584, 31588, 31592, 31596, 31600, 31604, 31608, 31612, 31616, 31620, 31624, 31628, 31632, 31636, 31640, 31644, 31648, 31652, 31656, 31660, 31664, 31668, 31672, 31676, 31680, 31684, 31688, 31692, 31696, 31700, 31704, 31708, 31712, 31716, 31720, 31724, 31728, 31732, 31736, 31740, 31744, 31748, 31752, 31756, 31760, 31764, 31768, 31772, 31776, 31780, 31784, 31788, 31792, 31796, 31800, 31804, 31808, 31812, 31816, 31820, 31824, 31828, 31832, 31836, 31840, 31844, 31848, 31852, 31856, 31860, 31864, 31868, 31872, 31876, 31880, 31884, 31888, 31892, 31896, 31900, 31904, 31908, 31912, 31916, 31920, 31924, 31928, 31932, 31936, 31940, 31944, 31948, 31952, 31956, 31960, 31964, 31968, 31972, 31976, 31980, 31984, 31988, 31992, 31996, 32000, 32004, 32008, 32012, 32016, 32020, 32024, 32028, 32032, 32036, 32040, 32044, 32048, 32052, 32056, 32060, 32064, 32068, 32072, 32076, 32080, 32084, 32088, 32092, 32096, 32100, 32104, 32108, 32112, 32116, 32120, 32124, 32128, 32132, 32136, 32140, 32144, 32148, 32152, 32156, 32160, 32164, 32168, 32172, 32176, 32180, 32184, 32188, 32192, 32196, 32200, 32204, 32208, 32212, 32216, 32220, 32224, 32228, 32232, 32236, 32240, 32244, 32248, 32252, 32256, 32260, 32264, 32268, 32272, 32276, 32280, 32284, 32288, 32292, 32296, 32300, 32304, 32308, 32312, 32316, 32320, 32324, 32328, 32332, 32336, 32340, 32344, 32348, 32352, 32356, 32360, 32364, 32368, 32372, 32376, 32380, 32384, 32388, 32392, 32396, 32400, 32404, 32408, 32412, 32416, 32420, 32424, 32428, 32432, 32436, 32440, 32444, 32448, 32452, 32456, 32460, 32464, 32468, 32472, 32476, 32480, 32484, 32488, 32492, 32496, 32500, 32504, 32508, 32512, 32516, 32520, 32524, 32528, 32532, 32536, 32540, 32544, 32548, 32552, 32556, 32560, 32564, 32568, 32572, 32576, 32580, 32584, 32588, 32592, 32596, 32600, 32604, 32608, 32612, 32616, 32620, 32624, 32628, 32632, 32636, 32640, 32644, 32648, 32652, 32656, 32660, 32664, 32668, 32672, 32676, 32680, 32684, 32688, 32692, 32696, 32700, 32704, 32708, 32712, 32716, 32720, 32724, 32728, 32732, 32736, 32740, 32744, 32748, 32752, 32756, 32760, 32764, 32768] is subset of [4, 8, 12, 16, 20, 24, 28, 32, 36, 40, 44, 48, 52, 56, 60, 64, 68, 72, 76, 80, 84, 88, 92, 96, 100, 104, 108, 112, 116, 120, 124, 128, 132, 136, 140, 144, 148, 152, 156, 160, 164, 168, 172, 176, 180, 184, 188, 192, 196, 200, 204, 208, 212, 216, 220, 224, 228, 232, 236, 240, 244, 248, 252, 256, 260, 264, 268, 272, 276, 280, 284, 288, 292, 296, 300, 304, 308, 312, 316, 320, 324, 328, 332, 336, 340, 344, 348, 352, 356, 360, 364, 368, 372, 376, 380, 384, 388, 392, 396, 400, 404, 408, 412, 416, 420, 424, 428, 432, 436, 440, 444, 448, 452, 456, 460, 464, 468, 472, 476, 480, 484, 488, 492, 496, 500, 504, 508, 512, 516, 520, 524, 528, 532, 536, 540, 544, 548, 552, 556, 560, 564, 568, 572, 576, 580, 584, 588, 592, 596, 600, 604, 608, 612, 616, 620, 624, 628, 632, 636, 640, 644, 648, 652, 656, 660, 664, 668, 672, 676, 680, 684, 688, 692, 696, 700, 704, 708, 712, 716, 720, 724, 728, 732, 736, 740, 744, 748, 752, 756, 760, 764, 768, 772, 776, 780, 784, 788, 792, 796, 800, 804, 808, 812, 816, 820, 824, 828, 832, 836, 840, 844, 848, 852, 856, 860, 864, 868, 872, 876, 880, 884, 888, 892, 896, 900, 904, 908, 912, 916, 920, 924, 928, 932, 936, 940, 944, 948, 952, 956, 960, 964, 968, 972, 976, 980, 984, 988, 992, 996, 1000, 1004, 1008, 1012, 1016, 1020, 1024, 1028, 1032, 1036, 1040, 1044, 1048, 1052, 1056, 1060, 1064, 1068, 1072, 1076, 1080, 1084, 1088, 1092, 1096, 1100, 1104, 1108, 1112, 1116, 1120, 1124, 1128, 1132, 1136, 1140, 1144, 1148, 1152, 1156, 1160, 1164, 1168, 1172, 1176, 1180, 1184, 1188, 1192, 1196, 1200, 1204, 1208, 1212, 1216, 1220, 1224, 1228, 1232, 1236, 1240, 1244, 1248, 1252, 1256, 1260, 1264, 1268, 1272, 1276, 1280, 1284, 1288, 1292, 1296, 1300, 1304, 1308, 1312, 1316, 1320, 1324, 1328, 1332, 1336, 1340, 1344, 1348, 1352, 1356, 1360, 1364, 1368, 1372, 1376, 1380, 1384, 1388, 1392, 1396, 1400, 1404, 1408, 1412, 1416, 1420, 1424, 1428, 1432, 1436, 1440, 1444, 1448, 1452, 1456, 1460, 1464, 1468, 1472, 1476, 1480, 1484, 1488, 1492, 1496, 1500, 1504, 1508, 1512, 1516, 1520, 1524, 1528, 1532, 1536, 1540, 1544, 1548, 1552, 1556, 1560, 1564, 1568, 1572, 1576, 1580, 1584, 1588, 1592, 1596, 1600, 1604, 1608, 1612, 1616, 1620, 1624, 1628, 1632, 1636, 1640, 1644, 1648, 1652, 1656, 1660, 1664, 1668, 1672, 1676, 1680, 1684, 1688, 1692, 1696, 1700, 1704, 1708, 1712, 1716, 1720, 1724, 1728, 1732, 1736, 1740, 1744, 1748, 1752, 1756, 1760, 1764, 1768, 1772, 1776, 1780, 1784, 1788, 1792, 1796, 1800, 1804, 1808, 1812, 1816, 1820, 1824, 1828, 1832, 1836, 1840, 1844, 1848, 1852, 1856, 1860, 1864, 1868, 1872, 1876, 1880, 1884, 1888, 1892, 1896, 1900, 1904, 1908, 1912, 1916, 1920, 1924, 1928, 1932, 1936, 1940, 1944, 1948, 1952, 1956, 1960, 1964, 1968, 1972, 1976, 1980, 1984, 1988, 1992, 1996, 2000, 2004, 2008, 2012, 2016, 2020, 2024, 2028, 2032, 2036, 2040, 2044, 2048, 2052, 2056, 2060, 2064, 2068, 2072, 2076, 2080, 2084, 2088, 2092, 2096, 2100, 2104, 2108, 2112, 2116, 2120, 2124, 2128, 2132, 2136, 2140, 2144, 2148, 2152, 2156, 2160, 2164, 2168, 2172, 2176, 2180, 2184, 2188, 2192, 2196, 2200, 2204, 2208, 2212, 2216, 2220, 2224, 2228, 2232, 2236, 2240, 2244, 2248, 2252, 2256, 2260, 2264, 2268, 2272, 2276, 2280, 2284, 2288, 2292, 2296, 2300, 2304, 2308, 2312, 2316, 2320, 2324, 2328, 2332, 2336, 2340, 2344, 2348, 2352, 2356, 2360, 2364, 2368, 2372, 2376, 2380, 2384, 2388, 2392, 2396, 2400, 2404, 2408, 2412, 2416, 2420, 2424, 2428, 2432, 2436, 2440, 2444, 2448, 2452, 2456, 2460, 2464, 2468, 2472, 2476, 2480, 2484, 2488, 2492, 2496, 2500, 2504, 2508, 2512, 2516, 2520, 2524, 2528, 2532, 2536, 2540, 2544, 2548, 2552, 2556, 2560, 2564, 2568, 2572, 2576, 2580, 2584, 2588, 2592, 2596, 2600, 2604, 2608, 2612, 2616, 2620, 2624, 2628, 2632, 2636, 2640, 2644, 2648, 2652, 2656, 2660, 2664, 2668, 2672, 2676, 2680, 2684, 2688, 2692, 2696, 2700, 2704, 2708, 2712, 2716, 2720, 2724, 2728, 2732, 2736, 2740, 2744, 2748, 2752, 2756, 2760, 2764, 2768, 2772, 2776, 2780, 2784, 2788, 2792, 2796, 2800, 2804, 2808, 2812, 2816, 2820, 2824, 2828, 2832, 2836, 2840, 2844, 2848, 2852, 2856, 2860, 2864, 2868, 2872, 2876, 2880, 2884, 2888, 2892, 2896, 2900, 2904, 2908, 2912, 2916, 2920, 2924, 2928, 2932, 2936, 2940, 2944, 2948, 2952, 2956, 2960, 2964, 2968, 2972, 2976, 2980, 2984, 2988, 2992, 2996, 3000, 3004, 3008, 3012, 3016, 3020, 3024, 3028, 3032, 3036, 3040, 3044, 3048, 3052, 3056, 3060, 3064, 3068, 3072, 3076, 3080, 3084, 3088, 3092, 3096, 3100, 3104, 3108, 3112, 3116, 3120, 3124, 3128, 3132, 3136, 3140, 3144, 3148, 3152, 3156, 3160, 3164, 3168, 3172, 3176, 3180, 3184, 3188, 3192, 3196, 3200, 3204, 3208, 3212, 3216, 3220, 3224, 3228, 3232, 3236, 3240, 3244, 3248, 3252, 3256, 3260, 3264, 3268, 3272, 3276, 3280, 3284, 3288, 3292, 3296, 3300, 3304, 3308, 3312, 3316, 3320, 3324, 3328, 3332, 3336, 3340, 3344, 3348, 3352, 3356, 3360, 3364, 3368, 3372, 3376, 3380, 3384, 3388, 3392, 3396, 3400, 3404, 3408, 3412, 3416, 3420, 3424, 3428, 3432, 3436, 3440, 3444, 3448, 3452, 3456, 3460, 3464, 3468, 3472, 3476, 3480, 3484, 3488, 3492, 3496, 3500, 3504, 3508, 3512, 3516, 3520, 3524, 3528, 3532, 3536, 3540, 3544, 3548, 3552, 3556, 3560, 3564, 3568, 3572, 3576, 3580, 3584, 3588, 3592, 3596, 3600, 3604, 3608, 3612, 3616, 3620, 3624, 3628, 3632, 3636, 3640, 3644, 3648, 3652, 3656, 3660, 3664, 3668, 3672, 3676, 3680, 3684, 3688, 3692, 3696, 3700, 3704, 3708, 3712, 3716, 3720, 3724, 3728, 3732, 3736, 3740, 3744, 3748, 3752, 3756, 3760, 3764, 3768, 3772, 3776, 3780, 3784, 3788, 3792, 3796, 3800, 3804, 3808, 3812, 3816, 3820, 3824, 3828, 3832, 3836, 3840, 3844, 3848, 3852, 3856, 3860, 3864, 3868, 3872, 3876, 3880, 3884, 3888, 3892, 3896, 3900, 3904, 3908, 3912, 3916, 3920, 3924, 3928, 3932, 3936, 3940, 3944, 3948, 3952, 3956, 3960, 3964, 3968, 3972, 3976, 3980, 3984, 3988, 3992, 3996, 4000, 4004, 4008, 4012, 4016, 4020, 4024, 4028, 4032, 4036, 4040, 4044, 4048, 4052, 4056, 4060, 4064, 4068, 4072, 4076, 4080, 4084, 4088, 4092, 4096, 4100, 4104, 4108, 4112, 4116, 4120, 4124, 4128, 4132, 4136, 4140, 4144, 4148, 4152, 4156, 4160, 4164, 4168, 4172, 4176, 4180, 4184, 4188, 4192, 4196, 4200, 4204, 4208, 4212, 4216, 4220, 4224, 4228, 4232, 4236, 4240, 4244, 4248, 4252, 4256, 4260, 4264, 4268, 4272, 4276, 4280, 4284, 4288, 4292, 4296, 4300, 4304, 4308, 4312, 4316, 4320, 4324, 4328, 4332, 4336, 4340, 4344, 4348, 4352, 4356, 4360, 4364, 4368, 4372, 4376, 4380, 4384, 4388, 4392, 4396, 4400, 4404, 4408, 4412, 4416, 4420, 4424, 4428, 4432, 4436, 4440, 4444, 4448, 4452, 4456, 4460, 4464, 4468, 4472, 4476, 4480, 4484, 4488, 4492, 4496, 4500, 4504, 4508, 4512, 4516, 4520, 4524, 4528, 4532, 4536, 4540, 4544, 4548, 4552, 4556, 4560, 4564, 4568, 4572, 4576, 4580, 4584, 4588, 4592, 4596, 4600, 4604, 4608, 4612, 4616, 4620, 4624, 4628, 4632, 4636, 4640, 4644, 4648, 4652, 4656, 4660, 4664, 4668, 4672, 4676, 4680, 4684, 4688, 4692, 4696, 4700, 4704, 4708, 4712, 4716, 4720, 4724, 4728, 4732, 4736, 4740, 4744, 4748, 4752, 4756, 4760, 4764, 4768, 4772, 4776, 4780, 4784, 4788, 4792, 4796, 4800, 4804, 4808, 4812, 4816, 4820, 4824, 4828, 4832, 4836, 4840, 4844, 4848, 4852, 4856, 4860, 4864, 4868, 4872, 4876, 4880, 4884, 4888, 4892, 4896, 4900, 4904, 4908, 4912, 4916, 4920, 4924, 4928, 4932, 4936, 4940, 4944, 4948, 4952, 4956, 4960, 4964, 4968, 4972, 4976, 4980, 4984, 4988, 4992, 4996, 5000, 5004, 5008, 5012, 5016, 5020, 5024, 5028, 5032, 5036, 5040, 5044, 5048, 5052, 5056, 5060, 5064, 5068, 5072, 5076, 5080, 5084, 5088, 5092, 5096, 5100, 5104, 5108, 5112, 5116, 5120, 5124, 5128, 5132, 5136, 5140, 5144, 5148, 5152, 5156, 5160, 5164, 5168, 5172, 5176, 5180, 5184, 5188, 5192, 5196, 5200, 5204, 5208, 5212, 5216, 5220, 5224, 5228, 5232, 5236, 5240, 5244, 5248, 5252, 5256, 5260, 5264, 5268, 5272, 5276, 5280, 5284, 5288, 5292, 5296, 5300, 5304, 5308, 5312, 5316, 5320, 5324, 5328, 5332, 5336, 5340, 5344, 5348, 5352, 5356, 5360, 5364, 5368, 5372, 5376, 5380, 5384, 5388, 5392, 5396, 5400, 5404, 5408, 5412, 5416, 5420, 5424, 5428, 5432, 5436, 5440, 5444, 5448, 5452, 5456, 5460, 5464, 5468, 5472, 5476, 5480, 5484, 5488, 5492, 5496, 5500, 5504, 5508, 5512, 5516, 5520, 5524, 5528, 5532, 5536, 5540, 5544, 5548, 5552, 5556, 5560, 5564, 5568, 5572, 5576, 5580, 5584, 5588, 5592, 5596, 5600, 5604, 5608, 5612, 5616, 5620, 5624, 5628, 5632, 5636, 5640, 5644, 5648, 5652, 5656, 5660, 5664, 5668, 5672, 5676, 5680, 5684, 5688, 5692, 5696, 5700, 5704, 5708, 5712, 5716, 5720, 5724, 5728, 5732, 5736, 5740, 5744, 5748, 5752, 5756, 5760, 5764, 5768, 5772, 5776, 5780, 5784, 5788, 5792, 5796, 5800, 5804, 5808, 5812, 5816, 5820, 5824, 5828, 5832, 5836, 5840, 5844, 5848, 5852, 5856, 5860, 5864, 5868, 5872, 5876, 5880, 5884, 5888, 5892, 5896, 5900, 5904, 5908, 5912, 5916, 5920, 5924, 5928, 5932, 5936, 5940, 5944, 5948, 5952, 5956, 5960, 5964, 5968, 5972, 5976, 5980, 5984, 5988, 5992, 5996, 6000, 6004, 6008, 6012, 6016, 6020, 6024, 6028, 6032, 6036, 6040, 6044, 6048, 6052, 6056, 6060, 6064, 6068, 6072, 6076, 6080, 6084, 6088, 6092, 6096, 6100, 6104, 6108, 6112, 6116, 6120, 6124, 6128, 6132, 6136, 6140, 6144, 6148, 6152, 6156, 6160, 6164, 6168, 6172, 6176, 6180, 6184, 6188, 6192, 6196, 6200, 6204, 6208, 6212, 6216, 6220, 6224, 6228, 6232, 6236, 6240, 6244, 6248, 6252, 6256, 6260, 6264, 6268, 6272, 6276, 6280, 6284, 6288, 6292, 6296, 6300, 6304, 6308, 6312, 6316, 6320, 6324, 6328, 6332, 6336, 6340, 6344, 6348, 6352, 6356, 6360, 6364, 6368, 6372, 6376, 6380, 6384, 6388, 6392, 6396, 6400, 6404, 6408, 6412, 6416, 6420, 6424, 6428, 6432, 6436, 6440, 6444, 6448, 6452, 6456, 6460, 6464, 6468, 6472, 6476, 6480, 6484, 6488, 6492, 6496, 6500, 6504, 6508, 6512, 6516, 6520, 6524, 6528, 6532, 6536, 6540, 6544, 6548, 6552, 6556, 6560, 6564, 6568, 6572, 6576, 6580, 6584, 6588, 6592, 6596, 6600, 6604, 6608, 6612, 6616, 6620, 6624, 6628, 6632, 6636, 6640, 6644, 6648, 6652, 6656, 6660, 6664, 6668, 6672, 6676, 6680, 6684, 6688, 6692, 6696, 6700, 6704, 6708, 6712, 6716, 6720, 6724, 6728, 6732, 6736, 6740, 6744, 6748, 6752, 6756, 6760, 6764, 6768, 6772, 6776, 6780, 6784, 6788, 6792, 6796, 6800, 6804, 6808, 6812, 6816, 6820, 6824, 6828, 6832, 6836, 6840, 6844, 6848, 6852, 6856, 6860, 6864, 6868, 6872, 6876, 6880, 6884, 6888, 6892, 6896, 6900, 6904, 6908, 6912, 6916, 6920, 6924, 6928, 6932, 6936, 6940, 6944, 6948, 6952, 6956, 6960, 6964, 6968, 6972, 6976, 6980, 6984, 6988, 6992, 6996, 7000, 7004, 7008, 7012, 7016, 7020, 7024, 7028, 7032, 7036, 7040, 7044, 7048, 7052, 7056, 7060, 7064, 7068, 7072, 7076, 7080, 7084, 7088, 7092, 7096, 7100, 7104, 7108, 7112, 7116, 7120, 7124, 7128, 7132, 7136, 7140, 7144, 7148, 7152, 7156, 7160, 7164, 7168, 7172, 7176, 7180, 7184, 7188, 7192, 7196, 7200, 7204, 7208, 7212, 7216, 7220, 7224, 7228, 7232, 7236, 7240, 7244, 7248, 7252, 7256, 7260, 7264, 7268, 7272, 7276, 7280, 7284, 7288, 7292, 7296, 7300, 7304, 7308, 7312, 7316, 7320, 7324, 7328, 7332, 7336, 7340, 7344, 7348, 7352, 7356, 7360, 7364, 7368, 7372, 7376, 7380, 7384, 7388, 7392, 7396, 7400, 7404, 7408, 7412, 7416, 7420, 7424, 7428, 7432, 7436, 7440, 7444, 7448, 7452, 7456, 7460, 7464, 7468, 7472, 7476, 7480, 7484, 7488, 7492, 7496, 7500, 7504, 7508, 7512, 7516, 7520, 7524, 7528, 7532, 7536, 7540, 7544, 7548, 7552, 7556, 7560, 7564, 7568, 7572, 7576, 7580, 7584, 7588, 7592, 7596, 7600, 7604, 7608, 7612, 7616, 7620, 7624, 7628, 7632, 7636, 7640, 7644, 7648, 7652, 7656, 7660, 7664, 7668, 7672, 7676, 7680, 7684, 7688, 7692, 7696, 7700, 7704, 7708, 7712, 7716, 7720, 7724, 7728, 7732, 7736, 7740, 7744, 7748, 7752, 7756, 7760, 7764, 7768, 7772, 7776, 7780, 7784, 7788, 7792, 7796, 7800, 7804, 7808, 7812, 7816, 7820, 7824, 7828, 7832, 7836, 7840, 7844, 7848, 7852, 7856, 7860, 7864, 7868, 7872, 7876, 7880, 7884, 7888, 7892, 7896, 7900, 7904, 7908, 7912, 7916, 7920, 7924, 7928, 7932, 7936, 7940, 7944, 7948, 7952, 7956, 7960, 7964, 7968, 7972, 7976, 7980, 7984, 7988, 7992, 7996, 8000, 8004, 8008, 8012, 8016, 8020, 8024, 8028, 8032, 8036, 8040, 8044, 8048, 8052, 8056, 8060, 8064, 8068, 8072, 8076, 8080, 8084, 8088, 8092, 8096, 8100, 8104, 8108, 8112, 8116, 8120, 8124, 8128, 8132, 8136, 8140, 8144, 8148, 8152, 8156, 8160, 8164, 8168, 8172, 8176, 8180, 8184, 8188, 8192, 8196, 8200, 8204, 8208, 8212, 8216, 8220, 8224, 8228, 8232, 8236, 8240, 8244, 8248, 8252, 8256, 8260, 8264, 8268, 8272, 8276, 8280, 8284, 8288, 8292, 8296, 8300, 8304, 8308, 8312, 8316, 8320, 8324, 8328, 8332, 8336, 8340, 8344, 8348, 8352, 8356, 8360, 8364, 8368, 8372, 8376, 8380, 8384, 8388, 8392, 8396, 8400, 8404, 8408, 8412, 8416, 8420, 8424, 8428, 8432, 8436, 8440, 8444, 8448, 8452, 8456, 8460, 8464, 8468, 8472, 8476, 8480, 8484, 8488, 8492, 8496, 8500, 8504, 8508, 8512, 8516, 8520, 8524, 8528, 8532, 8536, 8540, 8544, 8548, 8552, 8556, 8560, 8564, 8568, 8572, 8576, 8580, 8584, 8588, 8592, 8596, 8600, 8604, 8608, 8612, 8616, 8620, 8624, 8628, 8632, 8636, 8640, 8644, 8648, 8652, 8656, 8660, 8664, 8668, 8672, 8676, 8680, 8684, 8688, 8692, 8696, 8700, 8704, 8708, 8712, 8716, 8720, 8724, 8728, 8732, 8736, 8740, 8744, 8748, 8752, 8756, 8760, 8764, 8768, 8772, 8776, 8780, 8784, 8788, 8792, 8796, 8800, 8804, 8808, 8812, 8816, 8820, 8824, 8828, 8832, 8836, 8840, 8844, 8848, 8852, 8856, 8860, 8864, 8868, 8872, 8876, 8880, 8884, 8888, 8892, 8896, 8900, 8904, 8908, 8912, 8916, 8920, 8924, 8928, 8932, 8936, 8940, 8944, 8948, 8952, 8956, 8960, 8964, 8968, 8972, 8976, 8980, 8984, 8988, 8992, 8996, 9000, 9004, 9008, 9012, 9016, 9020, 9024, 9028, 9032, 9036, 9040, 9044, 9048, 9052, 9056, 9060, 9064, 9068, 9072, 9076, 9080, 9084, 9088, 9092, 9096, 9100, 9104, 9108, 9112, 9116, 9120, 9124, 9128, 9132, 9136, 9140, 9144, 9148, 9152, 9156, 9160, 9164, 9168, 9172, 9176, 9180, 9184, 9188, 9192, 9196, 9200, 9204, 9208, 9212, 9216, 9220, 9224, 9228, 9232, 9236, 9240, 9244, 9248, 9252, 9256, 9260, 9264, 9268, 9272, 9276, 9280, 9284, 9288, 9292, 9296, 9300, 9304, 9308, 9312, 9316, 9320, 9324, 9328, 9332, 9336, 9340, 9344, 9348, 9352, 9356, 9360, 9364, 9368, 9372, 9376, 9380, 9384, 9388, 9392, 9396, 9400, 9404, 9408, 9412, 9416, 9420, 9424, 9428, 9432, 9436, 9440, 9444, 9448, 9452, 9456, 9460, 9464, 9468, 9472, 9476, 9480, 9484, 9488, 9492, 9496, 9500, 9504, 9508, 9512, 9516, 9520, 9524, 9528, 9532, 9536, 9540, 9544, 9548, 9552, 9556, 9560, 9564, 9568, 9572, 9576, 9580, 9584, 9588, 9592, 9596, 9600, 9604, 9608, 9612, 9616, 9620, 9624, 9628, 9632, 9636, 9640, 9644, 9648, 9652, 9656, 9660, 9664, 9668, 9672, 9676, 9680, 9684, 9688, 9692, 9696, 9700, 9704, 9708, 9712, 9716, 9720, 9724, 9728, 9732, 9736, 9740, 9744, 9748, 9752, 9756, 9760, 9764, 9768, 9772, 9776, 9780, 9784, 9788, 9792, 9796, 9800, 9804, 9808, 9812, 9816, 9820, 9824, 9828, 9832, 9836, 9840, 9844, 9848, 9852, 9856, 9860, 9864, 9868, 9872, 9876, 9880, 9884, 9888, 9892, 9896, 9900, 9904, 9908, 9912, 9916, 9920, 9924, 9928, 9932, 9936, 9940, 9944, 9948, 9952, 9956, 9960, 9964, 9968, 9972, 9976, 9980, 9984, 9988, 9992, 9996, 10000, 10004, 10008, 10012, 10016, 10020, 10024, 10028, 10032, 10036, 10040, 10044, 10048, 10052, 10056, 10060, 10064, 10068, 10072, 10076, 10080, 10084, 10088, 10092, 10096, 10100, 10104, 10108, 10112, 10116, 10120, 10124, 10128, 10132, 10136, 10140, 10144, 10148, 10152, 10156, 10160, 10164, 10168, 10172, 10176, 10180, 10184, 10188, 10192, 10196, 10200, 10204, 10208, 10212, 10216, 10220, 10224, 10228, 10232, 10236, 10240, 10244, 10248, 10252, 10256, 10260, 10264, 10268, 10272, 10276, 10280, 10284, 10288, 10292, 10296, 10300, 10304, 10308, 10312, 10316, 10320, 10324, 10328, 10332, 10336, 10340, 10344, 10348, 10352, 10356, 10360, 10364, 10368, 10372, 10376, 10380, 10384, 10388, 10392, 10396, 10400, 10404, 10408, 10412, 10416, 10420, 10424, 10428, 10432, 10436, 10440, 10444, 10448, 10452, 10456, 10460, 10464, 10468, 10472, 10476, 10480, 10484, 10488, 10492, 10496, 10500, 10504, 10508, 10512, 10516, 10520, 10524, 10528, 10532, 10536, 10540, 10544, 10548, 10552, 10556, 10560, 10564, 10568, 10572, 10576, 10580, 10584, 10588, 10592, 10596, 10600, 10604, 10608, 10612, 10616, 10620, 10624, 10628, 10632, 10636, 10640, 10644, 10648, 10652, 10656, 10660, 10664, 10668, 10672, 10676, 10680, 10684, 10688, 10692, 10696, 10700, 10704, 10708, 10712, 10716, 10720, 10724, 10728, 10732, 10736, 10740, 10744, 10748, 10752, 10756, 10760, 10764, 10768, 10772, 10776, 10780, 10784, 10788, 10792, 10796, 10800, 10804, 10808, 10812, 10816, 10820, 10824, 10828, 10832, 10836, 10840, 10844, 10848, 10852, 10856, 10860, 10864, 10868, 10872, 10876, 10880, 10884, 10888, 10892, 10896, 10900, 10904, 10908, 10912, 10916, 10920, 10924, 10928, 10932, 10936, 10940, 10944, 10948, 10952, 10956, 10960, 10964, 10968, 10972, 10976, 10980, 10984, 10988, 10992, 10996, 11000, 11004, 11008, 11012, 11016, 11020, 11024, 11028, 11032, 11036, 11040, 11044, 11048, 11052, 11056, 11060, 11064, 11068, 11072, 11076, 11080, 11084, 11088, 11092, 11096, 11100, 11104, 11108, 11112, 11116, 11120, 11124, 11128, 11132, 11136, 11140, 11144, 11148, 11152, 11156, 11160, 11164, 11168, 11172, 11176, 11180, 11184, 11188, 11192, 11196, 11200, 11204, 11208, 11212, 11216, 11220, 11224, 11228, 11232, 11236, 11240, 11244, 11248, 11252, 11256, 11260, 11264, 11268, 11272, 11276, 11280, 11284, 11288, 11292, 11296, 11300, 11304, 11308, 11312, 11316, 11320, 11324, 11328, 11332, 11336, 11340, 11344, 11348, 11352, 11356, 11360, 11364, 11368, 11372, 11376, 11380, 11384, 11388, 11392, 11396, 11400, 11404, 11408, 11412, 11416, 11420, 11424, 11428, 11432, 11436, 11440, 11444, 11448, 11452, 11456, 11460, 11464, 11468, 11472, 11476, 11480, 11484, 11488, 11492, 11496, 11500, 11504, 11508, 11512, 11516, 11520, 11524, 11528, 11532, 11536, 11540, 11544, 11548, 11552, 11556, 11560, 11564, 11568, 11572, 11576, 11580, 11584, 11588, 11592, 11596, 11600, 11604, 11608, 11612, 11616, 11620, 11624, 11628, 11632, 11636, 11640, 11644, 11648, 11652, 11656, 11660, 11664, 11668, 11672, 11676, 11680, 11684, 11688, 11692, 11696, 11700, 11704, 11708, 11712, 11716, 11720, 11724, 11728, 11732, 11736, 11740, 11744, 11748, 11752, 11756, 11760, 11764, 11768, 11772, 11776, 11780, 11784, 11788, 11792, 11796, 11800, 11804, 11808, 11812, 11816, 11820, 11824, 11828, 11832, 11836, 11840, 11844, 11848, 11852, 11856, 11860, 11864, 11868, 11872, 11876, 11880, 11884, 11888, 11892, 11896, 11900, 11904, 11908, 11912, 11916, 11920, 11924, 11928, 11932, 11936, 11940, 11944, 11948, 11952, 11956, 11960, 11964, 11968, 11972, 11976, 11980, 11984, 11988, 11992, 11996, 12000, 12004, 12008, 12012, 12016, 12020, 12024, 12028, 12032, 12036, 12040, 12044, 12048, 12052, 12056, 12060, 12064, 12068, 12072, 12076, 12080, 12084, 12088, 12092, 12096, 12100, 12104, 12108, 12112, 12116, 12120, 12124, 12128, 12132, 12136, 12140, 12144, 12148, 12152, 12156, 12160, 12164, 12168, 12172, 12176, 12180, 12184, 12188, 12192, 12196, 12200, 12204, 12208, 12212, 12216, 12220, 12224, 12228, 12232, 12236, 12240, 12244, 12248, 12252, 12256, 12260, 12264, 12268, 12272, 12276, 12280, 12284, 12288, 12292, 12296, 12300, 12304, 12308, 12312, 12316, 12320, 12324, 12328, 12332, 12336, 12340, 12344, 12348, 12352, 12356, 12360, 12364, 12368, 12372, 12376, 12380, 12384, 12388, 12392, 12396, 12400, 12404, 12408, 12412, 12416, 12420, 12424, 12428, 12432, 12436, 12440, 12444, 12448, 12452, 12456, 12460, 12464, 12468, 12472, 12476, 12480, 12484, 12488, 12492, 12496, 12500, 12504, 12508, 12512, 12516, 12520, 12524, 12528, 12532, 12536, 12540, 12544, 12548, 12552, 12556, 12560, 12564, 12568, 12572, 12576, 12580, 12584, 12588, 12592, 12596, 12600, 12604, 12608, 12612, 12616, 12620, 12624, 12628, 12632, 12636, 12640, 12644, 12648, 12652, 12656, 12660, 12664, 12668, 12672, 12676, 12680, 12684, 12688, 12692, 12696, 12700, 12704, 12708, 12712, 12716, 12720, 12724, 12728, 12732, 12736, 12740, 12744, 12748, 12752, 12756, 12760, 12764, 12768, 12772, 12776, 12780, 12784, 12788, 12792, 12796, 12800, 12804, 12808, 12812, 12816, 12820, 12824, 12828, 12832, 12836, 12840, 12844, 12848, 12852, 12856, 12860, 12864, 12868, 12872, 12876, 12880, 12884, 12888, 12892, 12896, 12900, 12904, 12908, 12912, 12916, 12920, 12924, 12928, 12932, 12936, 12940, 12944, 12948, 12952, 12956, 12960, 12964, 12968, 12972, 12976, 12980, 12984, 12988, 12992, 12996, 13000, 13004, 13008, 13012, 13016, 13020, 13024, 13028, 13032, 13036, 13040, 13044, 13048, 13052, 13056, 13060, 13064, 13068, 13072, 13076, 13080, 13084, 13088, 13092, 13096, 13100, 13104, 13108, 13112, 13116, 13120, 13124, 13128, 13132, 13136, 13140, 13144, 13148, 13152, 13156, 13160, 13164, 13168, 13172, 13176, 13180, 13184, 13188, 13192, 13196, 13200, 13204, 13208, 13212, 13216, 13220, 13224, 13228, 13232, 13236, 13240, 13244, 13248, 13252, 13256, 13260, 13264, 13268, 13272, 13276, 13280, 13284, 13288, 13292, 13296, 13300, 13304, 13308, 13312, 13316, 13320, 13324, 13328, 13332, 13336, 13340, 13344, 13348, 13352, 13356, 13360, 13364, 13368, 13372, 13376, 13380, 13384, 13388, 13392, 13396, 13400, 13404, 13408, 13412, 13416, 13420, 13424, 13428, 13432, 13436, 13440, 13444, 13448, 13452, 13456, 13460, 13464, 13468, 13472, 13476, 13480, 13484, 13488, 13492, 13496, 13500, 13504, 13508, 13512, 13516, 13520, 13524, 13528, 13532, 13536, 13540, 13544, 13548, 13552, 13556, 13560, 13564, 13568, 13572, 13576, 13580, 13584, 13588, 13592, 13596, 13600, 13604, 13608, 13612, 13616, 13620, 13624, 13628, 13632, 13636, 13640, 13644, 13648, 13652, 13656, 13660, 13664, 13668, 13672, 13676, 13680, 13684, 13688, 13692, 13696, 13700, 13704, 13708, 13712, 13716, 13720, 13724, 13728, 13732, 13736, 13740, 13744, 13748, 13752, 13756, 13760, 13764, 13768, 13772, 13776, 13780, 13784, 13788, 13792, 13796, 13800, 13804, 13808, 13812, 13816, 13820, 13824, 13828, 13832, 13836, 13840, 13844, 13848, 13852, 13856, 13860, 13864, 13868, 13872, 13876, 13880, 13884, 13888, 13892, 13896, 13900, 13904, 13908, 13912, 13916, 13920, 13924, 13928, 13932, 13936, 13940, 13944, 13948, 13952, 13956, 13960, 13964, 13968, 13972, 13976, 13980, 13984, 13988, 13992, 13996, 14000, 14004, 14008, 14012, 14016, 14020, 14024, 14028, 14032, 14036, 14040, 14044, 14048, 14052, 14056, 14060, 14064, 14068, 14072, 14076, 14080, 14084, 14088, 14092, 14096, 14100, 14104, 14108, 14112, 14116, 14120, 14124, 14128, 14132, 14136, 14140, 14144, 14148, 14152, 14156, 14160, 14164, 14168, 14172, 14176, 14180, 14184, 14188, 14192, 14196, 14200, 14204, 14208, 14212, 14216, 14220, 14224, 14228, 14232, 14236, 14240, 14244, 14248, 14252, 14256, 14260, 14264, 14268, 14272, 14276, 14280, 14284, 14288, 14292, 14296, 14300, 14304, 14308, 14312, 14316, 14320, 14324, 14328, 14332, 14336, 14340, 14344, 14348, 14352, 14356, 14360, 14364, 14368, 14372, 14376, 14380, 14384, 14388, 14392, 14396, 14400, 14404, 14408, 14412, 14416, 14420, 14424, 14428, 14432, 14436, 14440, 14444, 14448, 14452, 14456, 14460, 14464, 14468, 14472, 14476, 14480, 14484, 14488, 14492, 14496, 14500, 14504, 14508, 14512, 14516, 14520, 14524, 14528, 14532, 14536, 14540, 14544, 14548, 14552, 14556, 14560, 14564, 14568, 14572, 14576, 14580, 14584, 14588, 14592, 14596, 14600, 14604, 14608, 14612, 14616, 14620, 14624, 14628, 14632, 14636, 14640, 14644, 14648, 14652, 14656, 14660, 14664, 14668, 14672, 14676, 14680, 14684, 14688, 14692, 14696, 14700, 14704, 14708, 14712, 14716, 14720, 14724, 14728, 14732, 14736, 14740, 14744, 14748, 14752, 14756, 14760, 14764, 14768, 14772, 14776, 14780, 14784, 14788, 14792, 14796, 14800, 14804, 14808, 14812, 14816, 14820, 14824, 14828, 14832, 14836, 14840, 14844, 14848, 14852, 14856, 14860, 14864, 14868, 14872, 14876, 14880, 14884, 14888, 14892, 14896, 14900, 14904, 14908, 14912, 14916, 14920, 14924, 14928, 14932, 14936, 14940, 14944, 14948, 14952, 14956, 14960, 14964, 14968, 14972, 14976, 14980, 14984, 14988, 14992, 14996, 15000, 15004, 15008, 15012, 15016, 15020, 15024, 15028, 15032, 15036, 15040, 15044, 15048, 15052, 15056, 15060, 15064, 15068, 15072, 15076, 15080, 15084, 15088, 15092, 15096, 15100, 15104, 15108, 15112, 15116, 15120, 15124, 15128, 15132, 15136, 15140, 15144, 15148, 15152, 15156, 15160, 15164, 15168, 15172, 15176, 15180, 15184, 15188, 15192, 15196, 15200, 15204, 15208, 15212, 15216, 15220, 15224, 15228, 15232, 15236, 15240, 15244, 15248, 15252, 15256, 15260, 15264, 15268, 15272, 15276, 15280, 15284, 15288, 15292, 15296, 15300, 15304, 15308, 15312, 15316, 15320, 15324, 15328, 15332, 15336, 15340, 15344, 15348, 15352, 15356, 15360, 15364, 15368, 15372, 15376, 15380, 15384, 15388, 15392, 15396, 15400, 15404, 15408, 15412, 15416, 15420, 15424, 15428, 15432, 15436, 15440, 15444, 15448, 15452, 15456, 15460, 15464, 15468, 15472, 15476, 15480, 15484, 15488, 15492, 15496, 15500, 15504, 15508, 15512, 15516, 15520, 15524, 15528, 15532, 15536, 15540, 15544, 15548, 15552, 15556, 15560, 15564, 15568, 15572, 15576, 15580, 15584, 15588, 15592, 15596, 15600, 15604, 15608, 15612, 15616, 15620, 15624, 15628, 15632, 15636, 15640, 15644, 15648, 15652, 15656, 15660, 15664, 15668, 15672, 15676, 15680, 15684, 15688, 15692, 15696, 15700, 15704, 15708, 15712, 15716, 15720, 15724, 15728, 15732, 15736, 15740, 15744, 15748, 15752, 15756, 15760, 15764, 15768, 15772, 15776, 15780, 15784, 15788, 15792, 15796, 15800, 15804, 15808, 15812, 15816, 15820, 15824, 15828, 15832, 15836, 15840, 15844, 15848, 15852, 15856, 15860, 15864, 15868, 15872, 15876, 15880, 15884, 15888, 15892, 15896, 15900, 15904, 15908, 15912, 15916, 15920, 15924, 15928, 15932, 15936, 15940, 15944, 15948, 15952, 15956, 15960, 15964, 15968, 15972, 15976, 15980, 15984, 15988, 15992, 15996, 16000, 16004, 16008, 16012, 16016, 16020, 16024, 16028, 16032, 16036, 16040, 16044, 16048, 16052, 16056, 16060, 16064, 16068, 16072, 16076, 16080, 16084, 16088, 16092, 16096, 16100, 16104, 16108, 16112, 16116, 16120, 16124, 16128, 16132, 16136, 16140, 16144, 16148, 16152, 16156, 16160, 16164, 16168, 16172, 16176, 16180, 16184, 16188, 16192, 16196, 16200, 16204, 16208, 16212, 16216, 16220, 16224, 16228, 16232, 16236, 16240, 16244, 16248, 16252, 16256, 16260, 16264, 16268, 16272, 16276, 16280, 16284, 16288, 16292, 16296, 16300, 16304, 16308, 16312, 16316, 16320, 16324, 16328, 16332, 16336, 16340, 16344, 16348, 16352, 16356, 16360, 16364, 16368, 16372, 16376, 16380, 16384, 16388, 16392, 16396, 16400, 16404, 16408, 16412, 16416, 16420, 16424, 16428, 16432, 16436, 16440, 16444, 16448, 16452, 16456, 16460, 16464, 16468, 16472, 16476, 16480, 16484, 16488, 16492, 16496, 16500, 16504, 16508, 16512, 16516, 16520, 16524, 16528, 16532, 16536, 16540, 16544, 16548, 16552, 16556, 16560, 16564, 16568, 16572, 16576, 16580, 16584, 16588, 16592, 16596, 16600, 16604, 16608, 16612, 16616, 16620, 16624, 16628, 16632, 16636, 16640, 16644, 16648, 16652, 16656, 16660, 16664, 16668, 16672, 16676, 16680, 16684, 16688, 16692, 16696, 16700, 16704, 16708, 16712, 16716, 16720, 16724, 16728, 16732, 16736, 16740, 16744, 16748, 16752, 16756, 16760, 16764, 16768, 16772, 16776, 16780, 16784, 16788, 16792, 16796, 16800, 16804, 16808, 16812, 16816, 16820, 16824, 16828, 16832, 16836, 16840, 16844, 16848, 16852, 16856, 16860, 16864, 16868, 16872, 16876, 16880, 16884, 16888, 16892, 16896, 16900, 16904, 16908, 16912, 16916, 16920, 16924, 16928, 16932, 16936, 16940, 16944, 16948, 16952, 16956, 16960, 16964, 16968, 16972, 16976, 16980, 16984, 16988, 16992, 16996, 17000, 17004, 17008, 17012, 17016, 17020, 17024, 17028, 17032, 17036, 17040, 17044, 17048, 17052, 17056, 17060, 17064, 17068, 17072, 17076, 17080, 17084, 17088, 17092, 17096, 17100, 17104, 17108, 17112, 17116, 17120, 17124, 17128, 17132, 17136, 17140, 17144, 17148, 17152, 17156, 17160, 17164, 17168, 17172, 17176, 17180, 17184, 17188, 17192, 17196, 17200, 17204, 17208, 17212, 17216, 17220, 17224, 17228, 17232, 17236, 17240, 17244, 17248, 17252, 17256, 17260, 17264, 17268, 17272, 17276, 17280, 17284, 17288, 17292, 17296, 17300, 17304, 17308, 17312, 17316, 17320, 17324, 17328, 17332, 17336, 17340, 17344, 17348, 17352, 17356, 17360, 17364, 17368, 17372, 17376, 17380, 17384, 17388, 17392, 17396, 17400, 17404, 17408, 17412, 17416, 17420, 17424, 17428, 17432, 17436, 17440, 17444, 17448, 17452, 17456, 17460, 17464, 17468, 17472, 17476, 17480, 17484, 17488, 17492, 17496, 17500, 17504, 17508, 17512, 17516, 17520, 17524, 17528, 17532, 17536, 17540, 17544, 17548, 17552, 17556, 17560, 17564, 17568, 17572, 17576, 17580, 17584, 17588, 17592, 17596, 17600, 17604, 17608, 17612, 17616, 17620, 17624, 17628, 17632, 17636, 17640, 17644, 17648, 17652, 17656, 17660, 17664, 17668, 17672, 17676, 17680, 17684, 17688, 17692, 17696, 17700, 17704, 17708, 17712, 17716, 17720, 17724, 17728, 17732, 17736, 17740, 17744, 17748, 17752, 17756, 17760, 17764, 17768, 17772, 17776, 17780, 17784, 17788, 17792, 17796, 17800, 17804, 17808, 17812, 17816, 17820, 17824, 17828, 17832, 17836, 17840, 17844, 17848, 17852, 17856, 17860, 17864, 17868, 17872, 17876, 17880, 17884, 17888, 17892, 17896, 17900, 17904, 17908, 17912, 17916, 17920, 17924, 17928, 17932, 17936, 17940, 17944, 17948, 17952, 17956, 17960, 17964, 17968, 17972, 17976, 17980, 17984, 17988, 17992, 17996, 18000, 18004, 18008, 18012, 18016, 18020, 18024, 18028, 18032, 18036, 18040, 18044, 18048, 18052, 18056, 18060, 18064, 18068, 18072, 18076, 18080, 18084, 18088, 18092, 18096, 18100, 18104, 18108, 18112, 18116, 18120, 18124, 18128, 18132, 18136, 18140, 18144, 18148, 18152, 18156, 18160, 18164, 18168, 18172, 18176, 18180, 18184, 18188, 18192, 18196, 18200, 18204, 18208, 18212, 18216, 18220, 18224, 18228, 18232, 18236, 18240, 18244, 18248, 18252, 18256, 18260, 18264, 18268, 18272, 18276, 18280, 18284, 18288, 18292, 18296, 18300, 18304, 18308, 18312, 18316, 18320, 18324, 18328, 18332, 18336, 18340, 18344, 18348, 18352, 18356, 18360, 18364, 18368, 18372, 18376, 18380, 18384, 18388, 18392, 18396, 18400, 18404, 18408, 18412, 18416, 18420, 18424, 18428, 18432, 18436, 18440, 18444, 18448, 18452, 18456, 18460, 18464, 18468, 18472, 18476, 18480, 18484, 18488, 18492, 18496, 18500, 18504, 18508, 18512, 18516, 18520, 18524, 18528, 18532, 18536, 18540, 18544, 18548, 18552, 18556, 18560, 18564, 18568, 18572, 18576, 18580, 18584, 18588, 18592, 18596, 18600, 18604, 18608, 18612, 18616, 18620, 18624, 18628, 18632, 18636, 18640, 18644, 18648, 18652, 18656, 18660, 18664, 18668, 18672, 18676, 18680, 18684, 18688, 18692, 18696, 18700, 18704, 18708, 18712, 18716, 18720, 18724, 18728, 18732, 18736, 18740, 18744, 18748, 18752, 18756, 18760, 18764, 18768, 18772, 18776, 18780, 18784, 18788, 18792, 18796, 18800, 18804, 18808, 18812, 18816, 18820, 18824, 18828, 18832, 18836, 18840, 18844, 18848, 18852, 18856, 18860, 18864, 18868, 18872, 18876, 18880, 18884, 18888, 18892, 18896, 18900, 18904, 18908, 18912, 18916, 18920, 18924, 18928, 18932, 18936, 18940, 18944, 18948, 18952, 18956, 18960, 18964, 18968, 18972, 18976, 18980, 18984, 18988, 18992, 18996, 19000, 19004, 19008, 19012, 19016, 19020, 19024, 19028, 19032, 19036, 19040, 19044, 19048, 19052, 19056, 19060, 19064, 19068, 19072, 19076, 19080, 19084, 19088, 19092, 19096, 19100, 19104, 19108, 19112, 19116, 19120, 19124, 19128, 19132, 19136, 19140, 19144, 19148, 19152, 19156, 19160, 19164, 19168, 19172, 19176, 19180, 19184, 19188, 19192, 19196, 19200, 19204, 19208, 19212, 19216, 19220, 19224, 19228, 19232, 19236, 19240, 19244, 19248, 19252, 19256, 19260, 19264, 19268, 19272, 19276, 19280, 19284, 19288, 19292, 19296, 19300, 19304, 19308, 19312, 19316, 19320, 19324, 19328, 19332, 19336, 19340, 19344, 19348, 19352, 19356, 19360, 19364, 19368, 19372, 19376, 19380, 19384, 19388, 19392, 19396, 19400, 19404, 19408, 19412, 19416, 19420, 19424, 19428, 19432, 19436, 19440, 19444, 19448, 19452, 19456, 19460, 19464, 19468, 19472, 19476, 19480, 19484, 19488, 19492, 19496, 19500, 19504, 19508, 19512, 19516, 19520, 19524, 19528, 19532, 19536, 19540, 19544, 19548, 19552, 19556, 19560, 19564, 19568, 19572, 19576, 19580, 19584, 19588, 19592, 19596, 19600, 19604, 19608, 19612, 19616, 19620, 19624, 19628, 19632, 19636, 19640, 19644, 19648, 19652, 19656, 19660, 19664, 19668, 19672, 19676, 19680, 19684, 19688, 19692, 19696, 19700, 19704, 19708, 19712, 19716, 19720, 19724, 19728, 19732, 19736, 19740, 19744, 19748, 19752, 19756, 19760, 19764, 19768, 19772, 19776, 19780, 19784, 19788, 19792, 19796, 19800, 19804, 19808, 19812, 19816, 19820, 19824, 19828, 19832, 19836, 19840, 19844, 19848, 19852, 19856, 19860, 19864, 19868, 19872, 19876, 19880, 19884, 19888, 19892, 19896, 19900, 19904, 19908, 19912, 19916, 19920, 19924, 19928, 19932, 19936, 19940, 19944, 19948, 19952, 19956, 19960, 19964, 19968, 19972, 19976, 19980, 19984, 19988, 19992, 19996, 20000, 20004, 20008, 20012, 20016, 20020, 20024, 20028, 20032, 20036, 20040, 20044, 20048, 20052, 20056, 20060, 20064, 20068, 20072, 20076, 20080, 20084, 20088, 20092, 20096, 20100, 20104, 20108, 20112, 20116, 20120, 20124, 20128, 20132, 20136, 20140, 20144, 20148, 20152, 20156, 20160, 20164, 20168, 20172, 20176, 20180, 20184, 20188, 20192, 20196, 20200, 20204, 20208, 20212, 20216, 20220, 20224, 20228, 20232, 20236, 20240, 20244, 20248, 20252, 20256, 20260, 20264, 20268, 20272, 20276, 20280, 20284, 20288, 20292, 20296, 20300, 20304, 20308, 20312, 20316, 20320, 20324, 20328, 20332, 20336, 20340, 20344, 20348, 20352, 20356, 20360, 20364, 20368, 20372, 20376, 20380, 20384, 20388, 20392, 20396, 20400, 20404, 20408, 20412, 20416, 20420, 20424, 20428, 20432, 20436, 20440, 20444, 20448, 20452, 20456, 20460, 20464, 20468, 20472, 20476, 20480, 20484, 20488, 20492, 20496, 20500, 20504, 20508, 20512, 20516, 20520, 20524, 20528, 20532, 20536, 20540, 20544, 20548, 20552, 20556, 20560, 20564, 20568, 20572, 20576, 20580, 20584, 20588, 20592, 20596, 20600, 20604, 20608, 20612, 20616, 20620, 20624, 20628, 20632, 20636, 20640, 20644, 20648, 20652, 20656, 20660, 20664, 20668, 20672, 20676, 20680, 20684, 20688, 20692, 20696, 20700, 20704, 20708, 20712, 20716, 20720, 20724, 20728, 20732, 20736, 20740, 20744, 20748, 20752, 20756, 20760, 20764, 20768, 20772, 20776, 20780, 20784, 20788, 20792, 20796, 20800, 20804, 20808, 20812, 20816, 20820, 20824, 20828, 20832, 20836, 20840, 20844, 20848, 20852, 20856, 20860, 20864, 20868, 20872, 20876, 20880, 20884, 20888, 20892, 20896, 20900, 20904, 20908, 20912, 20916, 20920, 20924, 20928, 20932, 20936, 20940, 20944, 20948, 20952, 20956, 20960, 20964, 20968, 20972, 20976, 20980, 20984, 20988, 20992, 20996, 21000, 21004, 21008, 21012, 21016, 21020, 21024, 21028, 21032, 21036, 21040, 21044, 21048, 21052, 21056, 21060, 21064, 21068, 21072, 21076, 21080, 21084, 21088, 21092, 21096, 21100, 21104, 21108, 21112, 21116, 21120, 21124, 21128, 21132, 21136, 21140, 21144, 21148, 21152, 21156, 21160, 21164, 21168, 21172, 21176, 21180, 21184, 21188, 21192, 21196, 21200, 21204, 21208, 21212, 21216, 21220, 21224, 21228, 21232, 21236, 21240, 21244, 21248, 21252, 21256, 21260, 21264, 21268, 21272, 21276, 21280, 21284, 21288, 21292, 21296, 21300, 21304, 21308, 21312, 21316, 21320, 21324, 21328, 21332, 21336, 21340, 21344, 21348, 21352, 21356, 21360, 21364, 21368, 21372, 21376, 21380, 21384, 21388, 21392, 21396, 21400, 21404, 21408, 21412, 21416, 21420, 21424, 21428, 21432, 21436, 21440, 21444, 21448, 21452, 21456, 21460, 21464, 21468, 21472, 21476, 21480, 21484, 21488, 21492, 21496, 21500, 21504, 21508, 21512, 21516, 21520, 21524, 21528, 21532, 21536, 21540, 21544, 21548, 21552, 21556, 21560, 21564, 21568, 21572, 21576, 21580, 21584, 21588, 21592, 21596, 21600, 21604, 21608, 21612, 21616, 21620, 21624, 21628, 21632, 21636, 21640, 21644, 21648, 21652, 21656, 21660, 21664, 21668, 21672, 21676, 21680, 21684, 21688, 21692, 21696, 21700, 21704, 21708, 21712, 21716, 21720, 21724, 21728, 21732, 21736, 21740, 21744, 21748, 21752, 21756, 21760, 21764, 21768, 21772, 21776, 21780, 21784, 21788, 21792, 21796, 21800, 21804, 21808, 21812, 21816, 21820, 21824, 21828, 21832, 21836, 21840, 21844, 21848, 21852, 21856, 21860, 21864, 21868, 21872, 21876, 21880, 21884, 21888, 21892, 21896, 21900, 21904, 21908, 21912, 21916, 21920, 21924, 21928, 21932, 21936, 21940, 21944, 21948, 21952, 21956, 21960, 21964, 21968, 21972, 21976, 21980, 21984, 21988, 21992, 21996, 22000, 22004, 22008, 22012, 22016, 22020, 22024, 22028, 22032, 22036, 22040, 22044, 22048, 22052, 22056, 22060, 22064, 22068, 22072, 22076, 22080, 22084, 22088, 22092, 22096, 22100, 22104, 22108, 22112, 22116, 22120, 22124, 22128, 22132, 22136, 22140, 22144, 22148, 22152, 22156, 22160, 22164, 22168, 22172, 22176, 22180, 22184, 22188, 22192, 22196, 22200, 22204, 22208, 22212, 22216, 22220, 22224, 22228, 22232, 22236, 22240, 22244, 22248, 22252, 22256, 22260, 22264, 22268, 22272, 22276, 22280, 22284, 22288, 22292, 22296, 22300, 22304, 22308, 22312, 22316, 22320, 22324, 22328, 22332, 22336, 22340, 22344, 22348, 22352, 22356, 22360, 22364, 22368, 22372, 22376, 22380, 22384, 22388, 22392, 22396, 22400, 22404, 22408, 22412, 22416, 22420, 22424, 22428, 22432, 22436, 22440, 22444, 22448, 22452, 22456, 22460, 22464, 22468, 22472, 22476, 22480, 22484, 22488, 22492, 22496, 22500, 22504, 22508, 22512, 22516, 22520, 22524, 22528, 22532, 22536, 22540, 22544, 22548, 22552, 22556, 22560, 22564, 22568, 22572, 22576, 22580, 22584, 22588, 22592, 22596, 22600, 22604, 22608, 22612, 22616, 22620, 22624, 22628, 22632, 22636, 22640, 22644, 22648, 22652, 22656, 22660, 22664, 22668, 22672, 22676, 22680, 22684, 22688, 22692, 22696, 22700, 22704, 22708, 22712, 22716, 22720, 22724, 22728, 22732, 22736, 22740, 22744, 22748, 22752, 22756, 22760, 22764, 22768, 22772, 22776, 22780, 22784, 22788, 22792, 22796, 22800, 22804, 22808, 22812, 22816, 22820, 22824, 22828, 22832, 22836, 22840, 22844, 22848, 22852, 22856, 22860, 22864, 22868, 22872, 22876, 22880, 22884, 22888, 22892, 22896, 22900, 22904, 22908, 22912, 22916, 22920, 22924, 22928, 22932, 22936, 22940, 22944, 22948, 22952, 22956, 22960, 22964, 22968, 22972, 22976, 22980, 22984, 22988, 22992, 22996, 23000, 23004, 23008, 23012, 23016, 23020, 23024, 23028, 23032, 23036, 23040, 23044, 23048, 23052, 23056, 23060, 23064, 23068, 23072, 23076, 23080, 23084, 23088, 23092, 23096, 23100, 23104, 23108, 23112, 23116, 23120, 23124, 23128, 23132, 23136, 23140, 23144, 23148, 23152, 23156, 23160, 23164, 23168, 23172, 23176, 23180, 23184, 23188, 23192, 23196, 23200, 23204, 23208, 23212, 23216, 23220, 23224, 23228, 23232, 23236, 23240, 23244, 23248, 23252, 23256, 23260, 23264, 23268, 23272, 23276, 23280, 23284, 23288, 23292, 23296, 23300, 23304, 23308, 23312, 23316, 23320, 23324, 23328, 23332, 23336, 23340, 23344, 23348, 23352, 23356, 23360, 23364, 23368, 23372, 23376, 23380, 23384, 23388, 23392, 23396, 23400, 23404, 23408, 23412, 23416, 23420, 23424, 23428, 23432, 23436, 23440, 23444, 23448, 23452, 23456, 23460, 23464, 23468, 23472, 23476, 23480, 23484, 23488, 23492, 23496, 23500, 23504, 23508, 23512, 23516, 23520, 23524, 23528, 23532, 23536, 23540, 23544, 23548, 23552, 23556, 23560, 23564, 23568, 23572, 23576, 23580, 23584, 23588, 23592, 23596, 23600, 23604, 23608, 23612, 23616, 23620, 23624, 23628, 23632, 23636, 23640, 23644, 23648, 23652, 23656, 23660, 23664, 23668, 23672, 23676, 23680, 23684, 23688, 23692, 23696, 23700, 23704, 23708, 23712, 23716, 23720, 23724, 23728, 23732, 23736, 23740, 23744, 23748, 23752, 23756, 23760, 23764, 23768, 23772, 23776, 23780, 23784, 23788, 23792, 23796, 23800, 23804, 23808, 23812, 23816, 23820, 23824, 23828, 23832, 23836, 23840, 23844, 23848, 23852, 23856, 23860, 23864, 23868, 23872, 23876, 23880, 23884, 23888, 23892, 23896, 23900, 23904, 23908, 23912, 23916, 23920, 23924, 23928, 23932, 23936, 23940, 23944, 23948, 23952, 23956, 23960, 23964, 23968, 23972, 23976, 23980, 23984, 23988, 23992, 23996, 24000, 24004, 24008, 24012, 24016, 24020, 24024, 24028, 24032, 24036, 24040, 24044, 24048, 24052, 24056, 24060, 24064, 24068, 24072, 24076, 24080, 24084, 24088, 24092, 24096, 24100, 24104, 24108, 24112, 24116, 24120, 24124, 24128, 24132, 24136, 24140, 24144, 24148, 24152, 24156, 24160, 24164, 24168, 24172, 24176, 24180, 24184, 24188, 24192, 24196, 24200, 24204, 24208, 24212, 24216, 24220, 24224, 24228, 24232, 24236, 24240, 24244, 24248, 24252, 24256, 24260, 24264, 24268, 24272, 24276, 24280, 24284, 24288, 24292, 24296, 24300, 24304, 24308, 24312, 24316, 24320, 24324, 24328, 24332, 24336, 24340, 24344, 24348, 24352, 24356, 24360, 24364, 24368, 24372, 24376, 24380, 24384, 24388, 24392, 24396, 24400, 24404, 24408, 24412, 24416, 24420, 24424, 24428, 24432, 24436, 24440, 24444, 24448, 24452, 24456, 24460, 24464, 24468, 24472, 24476, 24480, 24484, 24488, 24492, 24496, 24500, 24504, 24508, 24512, 24516, 24520, 24524, 24528, 24532, 24536, 24540, 24544, 24548, 24552, 24556, 24560, 24564, 24568, 24572, 24576, 24580, 24584, 24588, 24592, 24596, 24600, 24604, 24608, 24612, 24616, 24620, 24624, 24628, 24632, 24636, 24640, 24644, 24648, 24652, 24656, 24660, 24664, 24668, 24672, 24676, 24680, 24684, 24688, 24692, 24696, 24700, 24704, 24708, 24712, 24716, 24720, 24724, 24728, 24732, 24736, 24740, 24744, 24748, 24752, 24756, 24760, 24764, 24768, 24772, 24776, 24780, 24784, 24788, 24792, 24796, 24800, 24804, 24808, 24812, 24816, 24820, 24824, 24828, 24832, 24836, 24840, 24844, 24848, 24852, 24856, 24860, 24864, 24868, 24872, 24876, 24880, 24884, 24888, 24892, 24896, 24900, 24904, 24908, 24912, 24916, 24920, 24924, 24928, 24932, 24936, 24940, 24944, 24948, 24952, 24956, 24960, 24964, 24968, 24972, 24976, 24980, 24984, 24988, 24992, 24996, 25000, 25004, 25008, 25012, 25016, 25020, 25024, 25028, 25032, 25036, 25040, 25044, 25048, 25052, 25056, 25060, 25064, 25068, 25072, 25076, 25080, 25084, 25088, 25092, 25096, 25100, 25104, 25108, 25112, 25116, 25120, 25124, 25128, 25132, 25136, 25140, 25144, 25148, 25152, 25156, 25160, 25164, 25168, 25172, 25176, 25180, 25184, 25188, 25192, 25196, 25200, 25204, 25208, 25212, 25216, 25220, 25224, 25228, 25232, 25236, 25240, 25244, 25248, 25252, 25256, 25260, 25264, 25268, 25272, 25276, 25280, 25284, 25288, 25292, 25296, 25300, 25304, 25308, 25312, 25316, 25320, 25324, 25328, 25332, 25336, 25340, 25344, 25348, 25352, 25356, 25360, 25364, 25368, 25372, 25376, 25380, 25384, 25388, 25392, 25396, 25400, 25404, 25408, 25412, 25416, 25420, 25424, 25428, 25432, 25436, 25440, 25444, 25448, 25452, 25456, 25460, 25464, 25468, 25472, 25476, 25480, 25484, 25488, 25492, 25496, 25500, 25504, 25508, 25512, 25516, 25520, 25524, 25528, 25532, 25536, 25540, 25544, 25548, 25552, 25556, 25560, 25564, 25568, 25572, 25576, 25580, 25584, 25588, 25592, 25596, 25600, 25604, 25608, 25612, 25616, 25620, 25624, 25628, 25632, 25636, 25640, 25644, 25648, 25652, 25656, 25660, 25664, 25668, 25672, 25676, 25680, 25684, 25688, 25692, 25696, 25700, 25704, 25708, 25712, 25716, 25720, 25724, 25728, 25732, 25736, 25740, 25744, 25748, 25752, 25756, 25760, 25764, 25768, 25772, 25776, 25780, 25784, 25788, 25792, 25796, 25800, 25804, 25808, 25812, 25816, 25820, 25824, 25828, 25832, 25836, 25840, 25844, 25848, 25852, 25856, 25860, 25864, 25868, 25872, 25876, 25880, 25884, 25888, 25892, 25896, 25900, 25904, 25908, 25912, 25916, 25920, 25924, 25928, 25932, 25936, 25940, 25944, 25948, 25952, 25956, 25960, 25964, 25968, 25972, 25976, 25980, 25984, 25988, 25992, 25996, 26000, 26004, 26008, 26012, 26016, 26020, 26024, 26028, 26032, 26036, 26040, 26044, 26048, 26052, 26056, 26060, 26064, 26068, 26072, 26076, 26080, 26084, 26088, 26092, 26096, 26100, 26104, 26108, 26112, 26116, 26120, 26124, 26128, 26132, 26136, 26140, 26144, 26148, 26152, 26156, 26160, 26164, 26168, 26172, 26176, 26180, 26184, 26188, 26192, 26196, 26200, 26204, 26208, 26212, 26216, 26220, 26224, 26228, 26232, 26236, 26240, 26244, 26248, 26252, 26256, 26260, 26264, 26268, 26272, 26276, 26280, 26284, 26288, 26292, 26296, 26300, 26304, 26308, 26312, 26316, 26320, 26324, 26328, 26332, 26336, 26340, 26344, 26348, 26352, 26356, 26360, 26364, 26368, 26372, 26376, 26380, 26384, 26388, 26392, 26396, 26400, 26404, 26408, 26412, 26416, 26420, 26424, 26428, 26432, 26436, 26440, 26444, 26448, 26452, 26456, 26460, 26464, 26468, 26472, 26476, 26480, 26484, 26488, 26492, 26496, 26500, 26504, 26508, 26512, 26516, 26520, 26524, 26528, 26532, 26536, 26540, 26544, 26548, 26552, 26556, 26560, 26564, 26568, 26572, 26576, 26580, 26584, 26588, 26592, 26596, 26600, 26604, 26608, 26612, 26616, 26620, 26624, 26628, 26632, 26636, 26640, 26644, 26648, 26652, 26656, 26660, 26664, 26668, 26672, 26676, 26680, 26684, 26688, 26692, 26696, 26700, 26704, 26708, 26712, 26716, 26720, 26724, 26728, 26732, 26736, 26740, 26744, 26748, 26752, 26756, 26760, 26764, 26768, 26772, 26776, 26780, 26784, 26788, 26792, 26796, 26800, 26804, 26808, 26812, 26816, 26820, 26824, 26828, 26832, 26836, 26840, 26844, 26848, 26852, 26856, 26860, 26864, 26868, 26872, 26876, 26880, 26884, 26888, 26892, 26896, 26900, 26904, 26908, 26912, 26916, 26920, 26924, 26928, 26932, 26936, 26940, 26944, 26948, 26952, 26956, 26960, 26964, 26968, 26972, 26976, 26980, 26984, 26988, 26992, 26996, 27000, 27004, 27008, 27012, 27016, 27020, 27024, 27028, 27032, 27036, 27040, 27044, 27048, 27052, 27056, 27060, 27064, 27068, 27072, 27076, 27080, 27084, 27088, 27092, 27096, 27100, 27104, 27108, 27112, 27116, 27120, 27124, 27128, 27132, 27136, 27140, 27144, 27148, 27152, 27156, 27160, 27164, 27168, 27172, 27176, 27180, 27184, 27188, 27192, 27196, 27200, 27204, 27208, 27212, 27216, 27220, 27224, 27228, 27232, 27236, 27240, 27244, 27248, 27252, 27256, 27260, 27264, 27268, 27272, 27276, 27280, 27284, 27288, 27292, 27296, 27300, 27304, 27308, 27312, 27316, 27320, 27324, 27328, 27332, 27336, 27340, 27344, 27348, 27352, 27356, 27360, 27364, 27368, 27372, 27376, 27380, 27384, 27388, 27392, 27396, 27400, 27404, 27408, 27412, 27416, 27420, 27424, 27428, 27432, 27436, 27440, 27444, 27448, 27452, 27456, 27460, 27464, 27468, 27472, 27476, 27480, 27484, 27488, 27492, 27496, 27500, 27504, 27508, 27512, 27516, 27520, 27524, 27528, 27532, 27536, 27540, 27544, 27548, 27552, 27556, 27560, 27564, 27568, 27572, 27576, 27580, 27584, 27588, 27592, 27596, 27600, 27604, 27608, 27612, 27616, 27620, 27624, 27628, 27632, 27636, 27640, 27644, 27648, 27652, 27656, 27660, 27664, 27668, 27672, 27676, 27680, 27684, 27688, 27692, 27696, 27700, 27704, 27708, 27712, 27716, 27720, 27724, 27728, 27732, 27736, 27740, 27744, 27748, 27752, 27756, 27760, 27764, 27768, 27772, 27776, 27780, 27784, 27788, 27792, 27796, 27800, 27804, 27808, 27812, 27816, 27820, 27824, 27828, 27832, 27836, 27840, 27844, 27848, 27852, 27856, 27860, 27864, 27868, 27872, 27876, 27880, 27884, 27888, 27892, 27896, 27900, 27904, 27908, 27912, 27916, 27920, 27924, 27928, 27932, 27936, 27940, 27944, 27948, 27952, 27956, 27960, 27964, 27968, 27972, 27976, 27980, 27984, 27988, 27992, 27996, 28000, 28004, 28008, 28012, 28016, 28020, 28024, 28028, 28032, 28036, 28040, 28044, 28048, 28052, 28056, 28060, 28064, 28068, 28072, 28076, 28080, 28084, 28088, 28092, 28096, 28100, 28104, 28108, 28112, 28116, 28120, 28124, 28128, 28132, 28136, 28140, 28144, 28148, 28152, 28156, 28160, 28164, 28168, 28172, 28176, 28180, 28184, 28188, 28192, 28196, 28200, 28204, 28208, 28212, 28216, 28220, 28224, 28228, 28232, 28236, 28240, 28244, 28248, 28252, 28256, 28260, 28264, 28268, 28272, 28276, 28280, 28284, 28288, 28292, 28296, 28300, 28304, 28308, 28312, 28316, 28320, 28324, 28328, 28332, 28336, 28340, 28344, 28348, 28352, 28356, 28360, 28364, 28368, 28372, 28376, 28380, 28384, 28388, 28392, 28396, 28400, 28404, 28408, 28412, 28416, 28420, 28424, 28428, 28432, 28436, 28440, 28444, 28448, 28452, 28456, 28460, 28464, 28468, 28472, 28476, 28480, 28484, 28488, 28492, 28496, 28500, 28504, 28508, 28512, 28516, 28520, 28524, 28528, 28532, 28536, 28540, 28544, 28548, 28552, 28556, 28560, 28564, 28568, 28572, 28576, 28580, 28584, 28588, 28592, 28596, 28600, 28604, 28608, 28612, 28616, 28620, 28624, 28628, 28632, 28636, 28640, 28644, 28648, 28652, 28656, 28660, 28664, 28668, 28672, 28676, 28680, 28684, 28688, 28692, 28696, 28700, 28704, 28708, 28712, 28716, 28720, 28724, 28728, 28732, 28736, 28740, 28744, 28748, 28752, 28756, 28760, 28764, 28768, 28772, 28776, 28780, 28784, 28788, 28792, 28796, 28800, 28804, 28808, 28812, 28816, 28820, 28824, 28828, 28832, 28836, 28840, 28844, 28848, 28852, 28856, 28860, 28864, 28868, 28872, 28876, 28880, 28884, 28888, 28892, 28896, 28900, 28904, 28908, 28912, 28916, 28920, 28924, 28928, 28932, 28936, 28940, 28944, 28948, 28952, 28956, 28960, 28964, 28968, 28972, 28976, 28980, 28984, 28988, 28992, 28996, 29000, 29004, 29008, 29012, 29016, 29020, 29024, 29028, 29032, 29036, 29040, 29044, 29048, 29052, 29056, 29060, 29064, 29068, 29072, 29076, 29080, 29084, 29088, 29092, 29096, 29100, 29104, 29108, 29112, 29116, 29120, 29124, 29128, 29132, 29136, 29140, 29144, 29148, 29152, 29156, 29160, 29164, 29168, 29172, 29176, 29180, 29184, 29188, 29192, 29196, 29200, 29204, 29208, 29212, 29216, 29220, 29224, 29228, 29232, 29236, 29240, 29244, 29248, 29252, 29256, 29260, 29264, 29268, 29272, 29276, 29280, 29284, 29288, 29292, 29296, 29300, 29304, 29308, 29312, 29316, 29320, 29324, 29328, 29332, 29336, 29340, 29344, 29348, 29352, 29356, 29360, 29364, 29368, 29372, 29376, 29380, 29384, 29388, 29392, 29396, 29400, 29404, 29408, 29412, 29416, 29420, 29424, 29428, 29432, 29436, 29440, 29444, 29448, 29452, 29456, 29460, 29464, 29468, 29472, 29476, 29480, 29484, 29488, 29492, 29496, 29500, 29504, 29508, 29512, 29516, 29520, 29524, 29528, 29532, 29536, 29540, 29544, 29548, 29552, 29556, 29560, 29564, 29568, 29572, 29576, 29580, 29584, 29588, 29592, 29596, 29600, 29604, 29608, 29612, 29616, 29620, 29624, 29628, 29632, 29636, 29640, 29644, 29648, 29652, 29656, 29660, 29664, 29668, 29672, 29676, 29680, 29684, 29688, 29692, 29696, 29700, 29704, 29708, 29712, 29716, 29720, 29724, 29728, 29732, 29736, 29740, 29744, 29748, 29752, 29756, 29760, 29764, 29768, 29772, 29776, 29780, 29784, 29788, 29792, 29796, 29800, 29804, 29808, 29812, 29816, 29820, 29824, 29828, 29832, 29836, 29840, 29844, 29848, 29852, 29856, 29860, 29864, 29868, 29872, 29876, 29880, 29884, 29888, 29892, 29896, 29900, 29904, 29908, 29912, 29916, 29920, 29924, 29928, 29932, 29936, 29940, 29944, 29948, 29952, 29956, 29960, 29964, 29968, 29972, 29976, 29980, 29984, 29988, 29992, 29996, 30000, 30004, 30008, 30012, 30016, 30020, 30024, 30028, 30032, 30036, 30040, 30044, 30048, 30052, 30056, 30060, 30064, 30068, 30072, 30076, 30080, 30084, 30088, 30092, 30096, 30100, 30104, 30108, 30112, 30116, 30120, 30124, 30128, 30132, 30136, 30140, 30144, 30148, 30152, 30156, 30160, 30164, 30168, 30172, 30176, 30180, 30184, 30188, 30192, 30196, 30200, 30204, 30208, 30212, 30216, 30220, 30224, 30228, 30232, 30236, 30240, 30244, 30248, 30252, 30256, 30260, 30264, 30268, 30272, 30276, 30280, 30284, 30288, 30292, 30296, 30300, 30304, 30308, 30312, 30316, 30320, 30324, 30328, 30332, 30336, 30340, 30344, 30348, 30352, 30356, 30360, 30364, 30368, 30372, 30376, 30380, 30384, 30388, 30392, 30396, 30400, 30404, 30408, 30412, 30416, 30420, 30424, 30428, 30432, 30436, 30440, 30444, 30448, 30452, 30456, 30460, 30464, 30468, 30472, 30476, 30480, 30484, 30488, 30492, 30496, 30500, 30504, 30508, 30512, 30516, 30520, 30524, 30528, 30532, 30536, 30540, 30544, 30548, 30552, 30556, 30560, 30564, 30568, 30572, 30576, 30580, 30584, 30588, 30592, 30596, 30600, 30604, 30608, 30612, 30616, 30620, 30624, 30628, 30632, 30636, 30640, 30644, 30648, 30652, 30656, 30660, 30664, 30668, 30672, 30676, 30680, 30684, 30688, 30692, 30696, 30700, 30704, 30708, 30712, 30716, 30720, 30724, 30728, 30732, 30736, 30740, 30744, 30748, 30752, 30756, 30760, 30764, 30768, 30772, 30776, 30780, 30784, 30788, 30792, 30796, 30800, 30804, 30808, 30812, 30816, 30820, 30824, 30828, 30832, 30836, 30840, 30844, 30848, 30852, 30856, 30860, 30864, 30868, 30872, 30876, 30880, 30884, 30888, 30892, 30896, 30900, 30904, 30908, 30912, 30916, 30920, 30924, 30928, 30932, 30936, 30940, 30944, 30948, 30952, 30956, 30960, 30964, 30968, 30972, 30976, 30980, 30984, 30988, 30992, 30996, 31000, 31004, 31008, 31012, 31016, 31020, 31024, 31028, 31032, 31036, 31040, 31044, 31048, 31052, 31056, 31060, 31064, 31068, 31072, 31076, 31080, 31084, 31088, 31092, 31096, 31100, 31104, 31108, 31112, 31116, 31120, 31124, 31128, 31132, 31136, 31140, 31144, 31148, 31152, 31156, 31160, 31164, 31168, 31172, 31176, 31180, 31184, 31188, 31192, 31196, 31200, 31204, 31208, 31212, 31216, 31220, 31224, 31228, 31232, 31236, 31240, 31244, 31248, 31252, 31256, 31260, 31264, 31268, 31272, 31276, 31280, 31284, 31288, 31292, 31296, 31300, 31304, 31308, 31312, 31316, 31320, 31324, 31328, 31332, 31336, 31340, 31344, 31348, 31352, 31356, 31360, 31364, 31368, 31372, 31376, 31380, 31384, 31388, 31392, 31396, 31400, 31404, 31408, 31412, 31416, 31420, 31424, 31428, 31432, 31436, 31440, 31444, 31448, 31452, 31456, 31460, 31464, 31468, 31472, 31476, 31480, 31484, 31488, 31492, 31496, 31500, 31504, 31508, 31512, 31516, 31520, 31524, 31528, 31532, 31536, 31540, 31544, 31548, 31552, 31556, 31560, 31564, 31568, 31572, 31576, 31580, 31584, 31588, 31592, 31596, 31600, 31604, 31608, 31612, 31616, 31620, 31624, 31628, 31632, 31636, 31640, 31644, 31648, 31652, 31656, 31660, 31664, 31668, 31672, 31676, 31680, 31684, 31688, 31692, 31696, 31700, 31704, 31708, 31712, 31716, 31720, 31724, 31728, 31732, 31736, 31740, 31744, 31748, 31752, 31756, 31760, 31764, 31768, 31772, 31776, 31780, 31784, 31788, 31792, 31796, 31800, 31804, 31808, 31812, 31816, 31820, 31824, 31828, 31832, 31836, 31840, 31844, 31848, 31852, 31856, 31860, 31864, 31868, 31872, 31876, 31880, 31884, 31888, 31892, 31896, 31900, 31904, 31908, 31912, 31916, 31920, 31924, 31928, 31932, 31936, 31940, 31944, 31948, 31952, 31956, 31960, 31964, 31968, 31972, 31976, 31980, 31984, 31988, 31992, 31996, 32000, 32004, 32008, 32012, 32016, 32020, 32024, 32028, 32032, 32036, 32040, 32044, 32048, 32052, 32056, 32060, 32064, 32068, 32072, 32076, 32080, 32084, 32088, 32092, 32096, 32100, 32104, 32108, 32112, 32116, 32120, 32124, 32128, 32132, 32136, 32140, 32144, 32148, 32152, 32156, 32160, 32164, 32168, 32172, 32176, 32180, 32184, 32188, 32192, 32196, 32200, 32204, 32208, 32212, 32216, 32220, 32224, 32228, 32232, 32236, 32240, 32244, 32248, 32252, 32256, 32260, 32264, 32268, 32272, 32276, 32280, 32284, 32288, 32292, 32296, 32300, 32304, 32308, 32312, 32316, 32320, 32324, 32328, 32332, 32336, 32340, 32344, 32348, 32352, 32356, 32360, 32364, 32368, 32372, 32376, 32380, 32384, 32388, 32392, 32396, 32400, 32404, 32408, 32412, 32416, 32420, 32424, 32428, 32432, 32436, 32440, 32444, 32448, 32452, 32456, 32460, 32464, 32468, 32472, 32476, 32480, 32484, 32488, 32492, 32496, 32500, 32504, 32508, 32512, 32516, 32520, 32524, 32528, 32532, 32536, 32540, 32544, 32548, 32552, 32556, 32560, 32564, 32568, 32572, 32576, 32580, 32584, 32588, 32592, 32596, 32600, 32604, 32608, 32612, 32616, 32620, 32624, 32628, 32632, 32636, 32640, 32644, 32648, 32652, 32656, 32660, 32664, 32668, 32672, 32676, 32680, 32684, 32688, 32692, 32696, 32700, 32704, 32708, 32712, 32716, 32720, 32724, 32728, 32732, 32736, 32740, 32744, 32748, 32752, 32756, 32760, 32764, 32768]]" classname="org.roaringbitmap.RoaringBitmapSubsetTest" time="0.012"/>
  <testcase name="testProperSubset[assert that [4, 8, 12, 16, 20, 24, 28, 32, 36, 40, 44, 48, 52, 56, 60, 64, 68, 72, 76, 80, 84, 88, 92, 96, 100, 104, 108, 112, 116, 120, 124, 128, 132, 136, 140, 144, 148, 152, 156, 160, 164, 168, 172, 176, 180, 184, 188, 192, 196, 200, 204, 208, 212, 216, 220, 224, 228, 232, 236, 240, 244, 248, 252, 256, 260, 264, 268, 272, 276, 280, 284, 288, 292, 296, 300, 304, 308, 312, 316, 320, 324, 328, 332, 336, 340, 344, 348, 352, 356, 360, 364, 368, 372, 376, 380, 384, 388, 392, 396, 400, 404, 408, 412, 416, 420, 424, 428, 432, 436, 440, 444, 448, 452, 456, 460, 464, 468, 472, 476, 480, 484, 488, 492, 496, 500, 504, 508, 512, 516, 520, 524, 528, 532, 536, 540, 544, 548, 552, 556, 560, 564, 568, 572, 576, 580, 584, 588, 592, 596, 600, 604, 608, 612, 616, 620, 624, 628, 632, 636, 640, 644, 648, 652, 656, 660, 664, 668, 672, 676, 680, 684, 688, 692, 696, 700, 704, 708, 712, 716, 720, 724, 728, 732, 736, 740, 744, 748, 752, 756, 760, 764, 768, 772, 776, 780, 784, 788, 792, 796, 800, 804, 808, 812, 816, 820, 824, 828, 832, 836, 840, 844, 848, 852, 856, 860, 864, 868, 872, 876, 880, 884, 888, 892, 896, 900, 904, 908, 912, 916, 920, 924, 928, 932, 936, 940, 944, 948, 952, 956, 960, 964, 968, 972, 976, 980, 984, 988, 992, 996, 1000, 1004, 1008, 1012, 1016, 1020, 1024, 1028, 1032, 1036, 1040, 1044, 1048, 1052, 1056, 1060, 1064, 1068, 1072, 1076, 1080, 1084, 1088, 1092, 1096, 1100, 1104, 1108, 1112, 1116, 1120, 1124, 1128, 1132, 1136, 1140, 1144, 1148, 1152, 1156, 1160, 1164, 1168, 1172, 1176, 1180, 1184, 1188, 1192, 1196, 1200, 1204, 1208, 1212, 1216, 1220, 1224, 1228, 1232, 1236, 1240, 1244, 1248, 1252, 1256, 1260, 1264, 1268, 1272, 1276, 1280, 1284, 1288, 1292, 1296, 1300, 1304, 1308, 1312, 1316, 1320, 1324, 1328, 1332, 1336, 1340, 1344, 1348, 1352, 1356, 1360, 1364, 1368, 1372, 1376, 1380, 1384, 1388, 1392, 1396, 1400, 1404, 1408, 1412, 1416, 1420, 1424, 1428, 1432, 1436, 1440, 1444, 1448, 1452, 1456, 1460, 1464, 1468, 1472, 1476, 1480, 1484, 1488, 1492, 1496, 1500, 1504, 1508, 1512, 1516, 1520, 1524, 1528, 1532, 1536, 1540, 1544, 1548, 1552, 1556, 1560, 1564, 1568, 1572, 1576, 1580, 1584, 1588, 1592, 1596, 1600, 1604, 1608, 1612, 1616, 1620, 1624, 1628, 1632, 1636, 1640, 1644, 1648, 1652, 1656, 1660, 1664, 1668, 1672, 1676, 1680, 1684, 1688, 1692, 1696, 1700, 1704, 1708, 1712, 1716, 1720, 1724, 1728, 1732, 1736, 1740, 1744, 1748, 1752, 1756, 1760, 1764, 1768, 1772, 1776, 1780, 1784, 1788, 1792, 1796, 1800, 1804, 1808, 1812, 1816, 1820, 1824, 1828, 1832, 1836, 1840, 1844, 1848, 1852, 1856, 1860, 1864, 1868, 1872, 1876, 1880, 1884, 1888, 1892, 1896, 1900, 1904, 1908, 1912, 1916, 1920, 1924, 1928, 1932, 1936, 1940, 1944, 1948, 1952, 1956, 1960, 1964, 1968, 1972, 1976, 1980, 1984, 1988, 1992, 1996, 2000, 2004, 2008, 2012, 2016, 2020, 2024, 2028, 2032, 2036, 2040, 2044, 2048, 2052, 2056, 2060, 2064, 2068, 2072, 2076, 2080, 2084, 2088, 2092, 2096, 2100, 2104, 2108, 2112, 2116, 2120, 2124, 2128, 2132, 2136, 2140, 2144, 2148, 2152, 2156, 2160, 2164, 2168, 2172, 2176, 2180, 2184, 2188, 2192, 2196, 2200, 2204, 2208, 2212, 2216, 2220, 2224, 2228, 2232, 2236, 2240, 2244, 2248, 2252, 2256, 2260, 2264, 2268, 2272, 2276, 2280, 2284, 2288, 2292, 2296, 2300, 2304, 2308, 2312, 2316, 2320, 2324, 2328, 2332, 2336, 2340, 2344, 2348, 2352, 2356, 2360, 2364, 2368, 2372, 2376, 2380, 2384, 2388, 2392, 2396, 2400, 2404, 2408, 2412, 2416, 2420, 2424, 2428, 2432, 2436, 2440, 2444, 2448, 2452, 2456, 2460, 2464, 2468, 2472, 2476, 2480, 2484, 2488, 2492, 2496, 2500, 2504, 2508, 2512, 2516, 2520, 2524, 2528, 2532, 2536, 2540, 2544, 2548, 2552, 2556, 2560, 2564, 2568, 2572, 2576, 2580, 2584, 2588, 2592, 2596, 2600, 2604, 2608, 2612, 2616, 2620, 2624, 2628, 2632, 2636, 2640, 2644, 2648, 2652, 2656, 2660, 2664, 2668, 2672, 2676, 2680, 2684, 2688, 2692, 2696, 2700, 2704, 2708, 2712, 2716, 2720, 2724, 2728, 2732, 2736, 2740, 2744, 2748, 2752, 2756, 2760, 2764, 2768, 2772, 2776, 2780, 2784, 2788, 2792, 2796, 2800, 2804, 2808, 2812, 2816, 2820, 2824, 2828, 2832, 2836, 2840, 2844, 2848, 2852, 2856, 2860, 2864, 2868, 2872, 2876, 2880, 2884, 2888, 2892, 2896, 2900, 2904, 2908, 2912, 2916, 2920, 2924, 2928, 2932, 2936, 2940, 2944, 2948, 2952, 2956, 2960, 2964, 2968, 2972, 2976, 2980, 2984, 2988, 2992, 2996, 3000, 3004, 3008, 3012, 3016, 3020, 3024, 3028, 3032, 3036, 3040, 3044, 3048, 3052, 3056, 3060, 3064, 3068, 3072, 3076, 3080, 3084, 3088, 3092, 3096, 3100, 3104, 3108, 3112, 3116, 3120, 3124, 3128, 3132, 3136, 3140, 3144, 3148, 3152, 3156, 3160, 3164, 3168, 3172, 3176, 3180, 3184, 3188, 3192, 3196, 3200, 3204, 3208, 3212, 3216, 3220, 3224, 3228, 3232, 3236, 3240, 3244, 3248, 3252, 3256, 3260, 3264, 3268, 3272, 3276, 3280, 3284, 3288, 3292, 3296, 3300, 3304, 3308, 3312, 3316, 3320, 3324, 3328, 3332, 3336, 3340, 3344, 3348, 3352, 3356, 3360, 3364, 3368, 3372, 3376, 3380, 3384, 3388, 3392, 3396, 3400, 3404, 3408, 3412, 3416, 3420, 3424, 3428, 3432, 3436, 3440, 3444, 3448, 3452, 3456, 3460, 3464, 3468, 3472, 3476, 3480, 3484, 3488, 3492, 3496, 3500, 3504, 3508, 3512, 3516, 3520, 3524, 3528, 3532, 3536, 3540, 3544, 3548, 3552, 3556, 3560, 3564, 3568, 3572, 3576, 3580, 3584, 3588, 3592, 3596, 3600, 3604, 3608, 3612, 3616, 3620, 3624, 3628, 3632, 3636, 3640, 3644, 3648, 3652, 3656, 3660, 3664, 3668, 3672, 3676, 3680, 3684, 3688, 3692, 3696, 3700, 3704, 3708, 3712, 3716, 3720, 3724, 3728, 3732, 3736, 3740, 3744, 3748, 3752, 3756, 3760, 3764, 3768, 3772, 3776, 3780, 3784, 3788, 3792, 3796, 3800, 3804, 3808, 3812, 3816, 3820, 3824, 3828, 3832, 3836, 3840, 3844, 3848, 3852, 3856, 3860, 3864, 3868, 3872, 3876, 3880, 3884, 3888, 3892, 3896, 3900, 3904, 3908, 3912, 3916, 3920, 3924, 3928, 3932, 3936, 3940, 3944, 3948, 3952, 3956, 3960, 3964, 3968, 3972, 3976, 3980, 3984, 3988, 3992, 3996, 4000, 4004, 4008, 4012, 4016, 4020, 4024, 4028, 4032, 4036, 4040, 4044, 4048, 4052, 4056, 4060, 4064, 4068, 4072, 4076, 4080, 4084, 4088, 4092, 4096, 4100, 4104, 4108, 4112, 4116, 4120, 4124, 4128, 4132, 4136, 4140, 4144, 4148, 4152, 4156, 4160, 4164, 4168, 4172, 4176, 4180, 4184, 4188, 4192, 4196, 4200, 4204, 4208, 4212, 4216, 4220, 4224, 4228, 4232, 4236, 4240, 4244, 4248, 4252, 4256, 4260, 4264, 4268, 4272, 4276, 4280, 4284, 4288, 4292, 4296, 4300, 4304, 4308, 4312, 4316, 4320, 4324, 4328, 4332, 4336, 4340, 4344, 4348, 4352, 4356, 4360, 4364, 4368, 4372, 4376, 4380, 4384, 4388, 4392, 4396, 4400, 4404, 4408, 4412, 4416, 4420, 4424, 4428, 4432, 4436, 4440, 4444, 4448, 4452, 4456, 4460, 4464, 4468, 4472, 4476, 4480, 4484, 4488, 4492, 4496, 4500, 4504, 4508, 4512, 4516, 4520, 4524, 4528, 4532, 4536, 4540, 4544, 4548, 4552, 4556, 4560, 4564, 4568, 4572, 4576, 4580, 4584, 4588, 4592, 4596, 4600, 4604, 4608, 4612, 4616, 4620, 4624, 4628, 4632, 4636, 4640, 4644, 4648, 4652, 4656, 4660, 4664, 4668, 4672, 4676, 4680, 4684, 4688, 4692, 4696, 4700, 4704, 4708, 4712, 4716, 4720, 4724, 4728, 4732, 4736, 4740, 4744, 4748, 4752, 4756, 4760, 4764, 4768, 4772, 4776, 4780, 4784, 4788, 4792, 4796, 4800, 4804, 4808, 4812, 4816, 4820, 4824, 4828, 4832, 4836, 4840, 4844, 4848, 4852, 4856, 4860, 4864, 4868, 4872, 4876, 4880, 4884, 4888, 4892, 4896, 4900, 4904, 4908, 4912, 4916, 4920, 4924, 4928, 4932, 4936, 4940, 4944, 4948, 4952, 4956, 4960, 4964, 4968, 4972, 4976, 4980, 4984, 4988, 4992, 4996, 5000, 5004, 5008, 5012, 5016, 5020, 5024, 5028, 5032, 5036, 5040, 5044, 5048, 5052, 5056, 5060, 5064, 5068, 5072, 5076, 5080, 5084, 5088, 5092, 5096, 5100, 5104, 5108, 5112, 5116, 5120, 5124, 5128, 5132, 5136, 5140, 5144, 5148, 5152, 5156, 5160, 5164, 5168, 5172, 5176, 5180, 5184, 5188, 5192, 5196, 5200, 5204, 5208, 5212, 5216, 5220, 5224, 5228, 5232, 5236, 5240, 5244, 5248, 5252, 5256, 5260, 5264, 5268, 5272, 5276, 5280, 5284, 5288, 5292, 5296, 5300, 5304, 5308, 5312, 5316, 5320, 5324, 5328, 5332, 5336, 5340, 5344, 5348, 5352, 5356, 5360, 5364, 5368, 5372, 5376, 5380, 5384, 5388, 5392, 5396, 5400, 5404, 5408, 5412, 5416, 5420, 5424, 5428, 5432, 5436, 5440, 5444, 5448, 5452, 5456, 5460, 5464, 5468, 5472, 5476, 5480, 5484, 5488, 5492, 5496, 5500, 5504, 5508, 5512, 5516, 5520, 5524, 5528, 5532, 5536, 5540, 5544, 5548, 5552, 5556, 5560, 5564, 5568, 5572, 5576, 5580, 5584, 5588, 5592, 5596, 5600, 5604, 5608, 5612, 5616, 5620, 5624, 5628, 5632, 5636, 5640, 5644, 5648, 5652, 5656, 5660, 5664, 5668, 5672, 5676, 5680, 5684, 5688, 5692, 5696, 5700, 5704, 5708, 5712, 5716, 5720, 5724, 5728, 5732, 5736, 5740, 5744, 5748, 5752, 5756, 5760, 5764, 5768, 5772, 5776, 5780, 5784, 5788, 5792, 5796, 5800, 5804, 5808, 5812, 5816, 5820, 5824, 5828, 5832, 5836, 5840, 5844, 5848, 5852, 5856, 5860, 5864, 5868, 5872, 5876, 5880, 5884, 5888, 5892, 5896, 5900, 5904, 5908, 5912, 5916, 5920, 5924, 5928, 5932, 5936, 5940, 5944, 5948, 5952, 5956, 5960, 5964, 5968, 5972, 5976, 5980, 5984, 5988, 5992, 5996, 6000, 6004, 6008, 6012, 6016, 6020, 6024, 6028, 6032, 6036, 6040, 6044, 6048, 6052, 6056, 6060, 6064, 6068, 6072, 6076, 6080, 6084, 6088, 6092, 6096, 6100, 6104, 6108, 6112, 6116, 6120, 6124, 6128, 6132, 6136, 6140, 6144, 6148, 6152, 6156, 6160, 6164, 6168, 6172, 6176, 6180, 6184, 6188, 6192, 6196, 6200, 6204, 6208, 6212, 6216, 6220, 6224, 6228, 6232, 6236, 6240, 6244, 6248, 6252, 6256, 6260, 6264, 6268, 6272, 6276, 6280, 6284, 6288, 6292, 6296, 6300, 6304, 6308, 6312, 6316, 6320, 6324, 6328, 6332, 6336, 6340, 6344, 6348, 6352, 6356, 6360, 6364, 6368, 6372, 6376, 6380, 6384, 6388, 6392, 6396, 6400, 6404, 6408, 6412, 6416, 6420, 6424, 6428, 6432, 6436, 6440, 6444, 6448, 6452, 6456, 6460, 6464, 6468, 6472, 6476, 6480, 6484, 6488, 6492, 6496, 6500, 6504, 6508, 6512, 6516, 6520, 6524, 6528, 6532, 6536, 6540, 6544, 6548, 6552, 6556, 6560, 6564, 6568, 6572, 6576, 6580, 6584, 6588, 6592, 6596, 6600, 6604, 6608, 6612, 6616, 6620, 6624, 6628, 6632, 6636, 6640, 6644, 6648, 6652, 6656, 6660, 6664, 6668, 6672, 6676, 6680, 6684, 6688, 6692, 6696, 6700, 6704, 6708, 6712, 6716, 6720, 6724, 6728, 6732, 6736, 6740, 6744, 6748, 6752, 6756, 6760, 6764, 6768, 6772, 6776, 6780, 6784, 6788, 6792, 6796, 6800, 6804, 6808, 6812, 6816, 6820, 6824, 6828, 6832, 6836, 6840, 6844, 6848, 6852, 6856, 6860, 6864, 6868, 6872, 6876, 6880, 6884, 6888, 6892, 6896, 6900, 6904, 6908, 6912, 6916, 6920, 6924, 6928, 6932, 6936, 6940, 6944, 6948, 6952, 6956, 6960, 6964, 6968, 6972, 6976, 6980, 6984, 6988, 6992, 6996, 7000, 7004, 7008, 7012, 7016, 7020, 7024, 7028, 7032, 7036, 7040, 7044, 7048, 7052, 7056, 7060, 7064, 7068, 7072, 7076, 7080, 7084, 7088, 7092, 7096, 7100, 7104, 7108, 7112, 7116, 7120, 7124, 7128, 7132, 7136, 7140, 7144, 7148, 7152, 7156, 7160, 7164, 7168, 7172, 7176, 7180, 7184, 7188, 7192, 7196, 7200, 7204, 7208, 7212, 7216, 7220, 7224, 7228, 7232, 7236, 7240, 7244, 7248, 7252, 7256, 7260, 7264, 7268, 7272, 7276, 7280, 7284, 7288, 7292, 7296, 7300, 7304, 7308, 7312, 7316, 7320, 7324, 7328, 7332, 7336, 7340, 7344, 7348, 7352, 7356, 7360, 7364, 7368, 7372, 7376, 7380, 7384, 7388, 7392, 7396, 7400, 7404, 7408, 7412, 7416, 7420, 7424, 7428, 7432, 7436, 7440, 7444, 7448, 7452, 7456, 7460, 7464, 7468, 7472, 7476, 7480, 7484, 7488, 7492, 7496, 7500, 7504, 7508, 7512, 7516, 7520, 7524, 7528, 7532, 7536, 7540, 7544, 7548, 7552, 7556, 7560, 7564, 7568, 7572, 7576, 7580, 7584, 7588, 7592, 7596, 7600, 7604, 7608, 7612, 7616, 7620, 7624, 7628, 7632, 7636, 7640, 7644, 7648, 7652, 7656, 7660, 7664, 7668, 7672, 7676, 7680, 7684, 7688, 7692, 7696, 7700, 7704, 7708, 7712, 7716, 7720, 7724, 7728, 7732, 7736, 7740, 7744, 7748, 7752, 7756, 7760, 7764, 7768, 7772, 7776, 7780, 7784, 7788, 7792, 7796, 7800, 7804, 7808, 7812, 7816, 7820, 7824, 7828, 7832, 7836, 7840, 7844, 7848, 7852, 7856, 7860, 7864, 7868, 7872, 7876, 7880, 7884, 7888, 7892, 7896, 7900, 7904, 7908, 7912, 7916, 7920, 7924, 7928, 7932, 7936, 7940, 7944, 7948, 7952, 7956, 7960, 7964, 7968, 7972, 7976, 7980, 7984, 7988, 7992, 7996, 8000, 8004, 8008, 8012, 8016, 8020, 8024, 8028, 8032, 8036, 8040, 8044, 8048, 8052, 8056, 8060, 8064, 8068, 8072, 8076, 8080, 8084, 8088, 8092, 8096, 8100, 8104, 8108, 8112, 8116, 8120, 8124, 8128, 8132, 8136, 8140, 8144, 8148, 8152, 8156, 8160, 8164, 8168, 8172, 8176, 8180, 8184, 8188, 8192, 8196, 8200, 8204, 8208, 8212, 8216, 8220, 8224, 8228, 8232, 8236, 8240, 8244, 8248, 8252, 8256, 8260, 8264, 8268, 8272, 8276, 8280, 8284, 8288, 8292, 8296, 8300, 8304, 8308, 8312, 8316, 8320, 8324, 8328, 8332, 8336, 8340, 8344, 8348, 8352, 8356, 8360, 8364, 8368, 8372, 8376, 8380, 8384, 8388, 8392, 8396, 8400, 8404, 8408, 8412, 8416, 8420, 8424, 8428, 8432, 8436, 8440, 8444, 8448, 8452, 8456, 8460, 8464, 8468, 8472, 8476, 8480, 8484, 8488, 8492, 8496, 8500, 8504, 8508, 8512, 8516, 8520, 8524, 8528, 8532, 8536, 8540, 8544, 8548, 8552, 8556, 8560, 8564, 8568, 8572, 8576, 8580, 8584, 8588, 8592, 8596, 8600, 8604, 8608, 8612, 8616, 8620, 8624, 8628, 8632, 8636, 8640, 8644, 8648, 8652, 8656, 8660, 8664, 8668, 8672, 8676, 8680, 8684, 8688, 8692, 8696, 8700, 8704, 8708, 8712, 8716, 8720, 8724, 8728, 8732, 8736, 8740, 8744, 8748, 8752, 8756, 8760, 8764, 8768, 8772, 8776, 8780, 8784, 8788, 8792, 8796, 8800, 8804, 8808, 8812, 8816, 8820, 8824, 8828, 8832, 8836, 8840, 8844, 8848, 8852, 8856, 8860, 8864, 8868, 8872, 8876, 8880, 8884, 8888, 8892, 8896, 8900, 8904, 8908, 8912, 8916, 8920, 8924, 8928, 8932, 8936, 8940, 8944, 8948, 8952, 8956, 8960, 8964, 8968, 8972, 8976, 8980, 8984, 8988, 8992, 8996, 9000, 9004, 9008, 9012, 9016, 9020, 9024, 9028, 9032, 9036, 9040, 9044, 9048, 9052, 9056, 9060, 9064, 9068, 9072, 9076, 9080, 9084, 9088, 9092, 9096, 9100, 9104, 9108, 9112, 9116, 9120, 9124, 9128, 9132, 9136, 9140, 9144, 9148, 9152, 9156, 9160, 9164, 9168, 9172, 9176, 9180, 9184, 9188, 9192, 9196, 9200, 9204, 9208, 9212, 9216, 9220, 9224, 9228, 9232, 9236, 9240, 9244, 9248, 9252, 9256, 9260, 9264, 9268, 9272, 9276, 9280, 9284, 9288, 9292, 9296, 9300, 9304, 9308, 9312, 9316, 9320, 9324, 9328, 9332, 9336, 9340, 9344, 9348, 9352, 9356, 9360, 9364, 9368, 9372, 9376, 9380, 9384, 9388, 9392, 9396, 9400, 9404, 9408, 9412, 9416, 9420, 9424, 9428, 9432, 9436, 9440, 9444, 9448, 9452, 9456, 9460, 9464, 9468, 9472, 9476, 9480, 9484, 9488, 9492, 9496, 9500, 9504, 9508, 9512, 9516, 9520, 9524, 9528, 9532, 9536, 9540, 9544, 9548, 9552, 9556, 9560, 9564, 9568, 9572, 9576, 9580, 9584, 9588, 9592, 9596, 9600, 9604, 9608, 9612, 9616, 9620, 9624, 9628, 9632, 9636, 9640, 9644, 9648, 9652, 9656, 9660, 9664, 9668, 9672, 9676, 9680, 9684, 9688, 9692, 9696, 9700, 9704, 9708, 9712, 9716, 9720, 9724, 9728, 9732, 9736, 9740, 9744, 9748, 9752, 9756, 9760, 9764, 9768, 9772, 9776, 9780, 9784, 9788, 9792, 9796, 9800, 9804, 9808, 9812, 9816, 9820, 9824, 9828, 9832, 9836, 9840, 9844, 9848, 9852, 9856, 9860, 9864, 9868, 9872, 9876, 9880, 9884, 9888, 9892, 9896, 9900, 9904, 9908, 9912, 9916, 9920, 9924, 9928, 9932, 9936, 9940, 9944, 9948, 9952, 9956, 9960, 9964, 9968, 9972, 9976, 9980, 9984, 9988, 9992, 9996, 10000, 10004, 10008, 10012, 10016, 10020, 10024, 10028, 10032, 10036, 10040, 10044, 10048, 10052, 10056, 10060, 10064, 10068, 10072, 10076, 10080, 10084, 10088, 10092, 10096, 10100, 10104, 10108, 10112, 10116, 10120, 10124, 10128, 10132, 10136, 10140, 10144, 10148, 10152, 10156, 10160, 10164, 10168, 10172, 10176, 10180, 10184, 10188, 10192, 10196, 10200, 10204, 10208, 10212, 10216, 10220, 10224, 10228, 10232, 10236, 10240, 10244, 10248, 10252, 10256, 10260, 10264, 10268, 10272, 10276, 10280, 10284, 10288, 10292, 10296, 10300, 10304, 10308, 10312, 10316, 10320, 10324, 10328, 10332, 10336, 10340, 10344, 10348, 10352, 10356, 10360, 10364, 10368, 10372, 10376, 10380, 10384, 10388, 10392, 10396, 10400, 10404, 10408, 10412, 10416, 10420, 10424, 10428, 10432, 10436, 10440, 10444, 10448, 10452, 10456, 10460, 10464, 10468, 10472, 10476, 10480, 10484, 10488, 10492, 10496, 10500, 10504, 10508, 10512, 10516, 10520, 10524, 10528, 10532, 10536, 10540, 10544, 10548, 10552, 10556, 10560, 10564, 10568, 10572, 10576, 10580, 10584, 10588, 10592, 10596, 10600, 10604, 10608, 10612, 10616, 10620, 10624, 10628, 10632, 10636, 10640, 10644, 10648, 10652, 10656, 10660, 10664, 10668, 10672, 10676, 10680, 10684, 10688, 10692, 10696, 10700, 10704, 10708, 10712, 10716, 10720, 10724, 10728, 10732, 10736, 10740, 10744, 10748, 10752, 10756, 10760, 10764, 10768, 10772, 10776, 10780, 10784, 10788, 10792, 10796, 10800, 10804, 10808, 10812, 10816, 10820, 10824, 10828, 10832, 10836, 10840, 10844, 10848, 10852, 10856, 10860, 10864, 10868, 10872, 10876, 10880, 10884, 10888, 10892, 10896, 10900, 10904, 10908, 10912, 10916, 10920, 10924, 10928, 10932, 10936, 10940, 10944, 10948, 10952, 10956, 10960, 10964, 10968, 10972, 10976, 10980, 10984, 10988, 10992, 10996, 11000, 11004, 11008, 11012, 11016, 11020, 11024, 11028, 11032, 11036, 11040, 11044, 11048, 11052, 11056, 11060, 11064, 11068, 11072, 11076, 11080, 11084, 11088, 11092, 11096, 11100, 11104, 11108, 11112, 11116, 11120, 11124, 11128, 11132, 11136, 11140, 11144, 11148, 11152, 11156, 11160, 11164, 11168, 11172, 11176, 11180, 11184, 11188, 11192, 11196, 11200, 11204, 11208, 11212, 11216, 11220, 11224, 11228, 11232, 11236, 11240, 11244, 11248, 11252, 11256, 11260, 11264, 11268, 11272, 11276, 11280, 11284, 11288, 11292, 11296, 11300, 11304, 11308, 11312, 11316, 11320, 11324, 11328, 11332, 11336, 11340, 11344, 11348, 11352, 11356, 11360, 11364, 11368, 11372, 11376, 11380, 11384, 11388, 11392, 11396, 11400, 11404, 11408, 11412, 11416, 11420, 11424, 11428, 11432, 11436, 11440, 11444, 11448, 11452, 11456, 11460, 11464, 11468, 11472, 11476, 11480, 11484, 11488, 11492, 11496, 11500, 11504, 11508, 11512, 11516, 11520, 11524, 11528, 11532, 11536, 11540, 11544, 11548, 11552, 11556, 11560, 11564, 11568, 11572, 11576, 11580, 11584, 11588, 11592, 11596, 11600, 11604, 11608, 11612, 11616, 11620, 11624, 11628, 11632, 11636, 11640, 11644, 11648, 11652, 11656, 11660, 11664, 11668, 11672, 11676, 11680, 11684, 11688, 11692, 11696, 11700, 11704, 11708, 11712, 11716, 11720, 11724, 11728, 11732, 11736, 11740, 11744, 11748, 11752, 11756, 11760, 11764, 11768, 11772, 11776, 11780, 11784, 11788, 11792, 11796, 11800, 11804, 11808, 11812, 11816, 11820, 11824, 11828, 11832, 11836, 11840, 11844, 11848, 11852, 11856, 11860, 11864, 11868, 11872, 11876, 11880, 11884, 11888, 11892, 11896, 11900, 11904, 11908, 11912, 11916, 11920, 11924, 11928, 11932, 11936, 11940, 11944, 11948, 11952, 11956, 11960, 11964, 11968, 11972, 11976, 11980, 11984, 11988, 11992, 11996, 12000, 12004, 12008, 12012, 12016, 12020, 12024, 12028, 12032, 12036, 12040, 12044, 12048, 12052, 12056, 12060, 12064, 12068, 12072, 12076, 12080, 12084, 12088, 12092, 12096, 12100, 12104, 12108, 12112, 12116, 12120, 12124, 12128, 12132, 12136, 12140, 12144, 12148, 12152, 12156, 12160, 12164, 12168, 12172, 12176, 12180, 12184, 12188, 12192, 12196, 12200, 12204, 12208, 12212, 12216, 12220, 12224, 12228, 12232, 12236, 12240, 12244, 12248, 12252, 12256, 12260, 12264, 12268, 12272, 12276, 12280, 12284, 12288, 12292, 12296, 12300, 12304, 12308, 12312, 12316, 12320, 12324, 12328, 12332, 12336, 12340, 12344, 12348, 12352, 12356, 12360, 12364, 12368, 12372, 12376, 12380, 12384, 12388, 12392, 12396, 12400, 12404, 12408, 12412, 12416, 12420, 12424, 12428, 12432, 12436, 12440, 12444, 12448, 12452, 12456, 12460, 12464, 12468, 12472, 12476, 12480, 12484, 12488, 12492, 12496, 12500, 12504, 12508, 12512, 12516, 12520, 12524, 12528, 12532, 12536, 12540, 12544, 12548, 12552, 12556, 12560, 12564, 12568, 12572, 12576, 12580, 12584, 12588, 12592, 12596, 12600, 12604, 12608, 12612, 12616, 12620, 12624, 12628, 12632, 12636, 12640, 12644, 12648, 12652, 12656, 12660, 12664, 12668, 12672, 12676, 12680, 12684, 12688, 12692, 12696, 12700, 12704, 12708, 12712, 12716, 12720, 12724, 12728, 12732, 12736, 12740, 12744, 12748, 12752, 12756, 12760, 12764, 12768, 12772, 12776, 12780, 12784, 12788, 12792, 12796, 12800, 12804, 12808, 12812, 12816, 12820, 12824, 12828, 12832, 12836, 12840, 12844, 12848, 12852, 12856, 12860, 12864, 12868, 12872, 12876, 12880, 12884, 12888, 12892, 12896, 12900, 12904, 12908, 12912, 12916, 12920, 12924, 12928, 12932, 12936, 12940, 12944, 12948, 12952, 12956, 12960, 12964, 12968, 12972, 12976, 12980, 12984, 12988, 12992, 12996, 13000, 13004, 13008, 13012, 13016, 13020, 13024, 13028, 13032, 13036, 13040, 13044, 13048, 13052, 13056, 13060, 13064, 13068, 13072, 13076, 13080, 13084, 13088, 13092, 13096, 13100, 13104, 13108, 13112, 13116, 13120, 13124, 13128, 13132, 13136, 13140, 13144, 13148, 13152, 13156, 13160, 13164, 13168, 13172, 13176, 13180, 13184, 13188, 13192, 13196, 13200, 13204, 13208, 13212, 13216, 13220, 13224, 13228, 13232, 13236, 13240, 13244, 13248, 13252, 13256, 13260, 13264, 13268, 13272, 13276, 13280, 13284, 13288, 13292, 13296, 13300, 13304, 13308, 13312, 13316, 13320, 13324, 13328, 13332, 13336, 13340, 13344, 13348, 13352, 13356, 13360, 13364, 13368, 13372, 13376, 13380, 13384, 13388, 13392, 13396, 13400, 13404, 13408, 13412, 13416, 13420, 13424, 13428, 13432, 13436, 13440, 13444, 13448, 13452, 13456, 13460, 13464, 13468, 13472, 13476, 13480, 13484, 13488, 13492, 13496, 13500, 13504, 13508, 13512, 13516, 13520, 13524, 13528, 13532, 13536, 13540, 13544, 13548, 13552, 13556, 13560, 13564, 13568, 13572, 13576, 13580, 13584, 13588, 13592, 13596, 13600, 13604, 13608, 13612, 13616, 13620, 13624, 13628, 13632, 13636, 13640, 13644, 13648, 13652, 13656, 13660, 13664, 13668, 13672, 13676, 13680, 13684, 13688, 13692, 13696, 13700, 13704, 13708, 13712, 13716, 13720, 13724, 13728, 13732, 13736, 13740, 13744, 13748, 13752, 13756, 13760, 13764, 13768, 13772, 13776, 13780, 13784, 13788, 13792, 13796, 13800, 13804, 13808, 13812, 13816, 13820, 13824, 13828, 13832, 13836, 13840, 13844, 13848, 13852, 13856, 13860, 13864, 13868, 13872, 13876, 13880, 13884, 13888, 13892, 13896, 13900, 13904, 13908, 13912, 13916, 13920, 13924, 13928, 13932, 13936, 13940, 13944, 13948, 13952, 13956, 13960, 13964, 13968, 13972, 13976, 13980, 13984, 13988, 13992, 13996, 14000, 14004, 14008, 14012, 14016, 14020, 14024, 14028, 14032, 14036, 14040, 14044, 14048, 14052, 14056, 14060, 14064, 14068, 14072, 14076, 14080, 14084, 14088, 14092, 14096, 14100, 14104, 14108, 14112, 14116, 14120, 14124, 14128, 14132, 14136, 14140, 14144, 14148, 14152, 14156, 14160, 14164, 14168, 14172, 14176, 14180, 14184, 14188, 14192, 14196, 14200, 14204, 14208, 14212, 14216, 14220, 14224, 14228, 14232, 14236, 14240, 14244, 14248, 14252, 14256, 14260, 14264, 14268, 14272, 14276, 14280, 14284, 14288, 14292, 14296, 14300, 14304, 14308, 14312, 14316, 14320, 14324, 14328, 14332, 14336, 14340, 14344, 14348, 14352, 14356, 14360, 14364, 14368, 14372, 14376, 14380, 14384, 14388, 14392, 14396, 14400, 14404, 14408, 14412, 14416, 14420, 14424, 14428, 14432, 14436, 14440, 14444, 14448, 14452, 14456, 14460, 14464, 14468, 14472, 14476, 14480, 14484, 14488, 14492, 14496, 14500, 14504, 14508, 14512, 14516, 14520, 14524, 14528, 14532, 14536, 14540, 14544, 14548, 14552, 14556, 14560, 14564, 14568, 14572, 14576, 14580, 14584, 14588, 14592, 14596, 14600, 14604, 14608, 14612, 14616, 14620, 14624, 14628, 14632, 14636, 14640, 14644, 14648, 14652, 14656, 14660, 14664, 14668, 14672, 14676, 14680, 14684, 14688, 14692, 14696, 14700, 14704, 14708, 14712, 14716, 14720, 14724, 14728, 14732, 14736, 14740, 14744, 14748, 14752, 14756, 14760, 14764, 14768, 14772, 14776, 14780, 14784, 14788, 14792, 14796, 14800, 14804, 14808, 14812, 14816, 14820, 14824, 14828, 14832, 14836, 14840, 14844, 14848, 14852, 14856, 14860, 14864, 14868, 14872, 14876, 14880, 14884, 14888, 14892, 14896, 14900, 14904, 14908, 14912, 14916, 14920, 14924, 14928, 14932, 14936, 14940, 14944, 14948, 14952, 14956, 14960, 14964, 14968, 14972, 14976, 14980, 14984, 14988, 14992, 14996, 15000, 15004, 15008, 15012, 15016, 15020, 15024, 15028, 15032, 15036, 15040, 15044, 15048, 15052, 15056, 15060, 15064, 15068, 15072, 15076, 15080, 15084, 15088, 15092, 15096, 15100, 15104, 15108, 15112, 15116, 15120, 15124, 15128, 15132, 15136, 15140, 15144, 15148, 15152, 15156, 15160, 15164, 15168, 15172, 15176, 15180, 15184, 15188, 15192, 15196, 15200, 15204, 15208, 15212, 15216, 15220, 15224, 15228, 15232, 15236, 15240, 15244, 15248, 15252, 15256, 15260, 15264, 15268, 15272, 15276, 15280, 15284, 15288, 15292, 15296, 15300, 15304, 15308, 15312, 15316, 15320, 15324, 15328, 15332, 15336, 15340, 15344, 15348, 15352, 15356, 15360, 15364, 15368, 15372, 15376, 15380, 15384, 15388, 15392, 15396, 15400, 15404, 15408, 15412, 15416, 15420, 15424, 15428, 15432, 15436, 15440, 15444, 15448, 15452, 15456, 15460, 15464, 15468, 15472, 15476, 15480, 15484, 15488, 15492, 15496, 15500, 15504, 15508, 15512, 15516, 15520, 15524, 15528, 15532, 15536, 15540, 15544, 15548, 15552, 15556, 15560, 15564, 15568, 15572, 15576, 15580, 15584, 15588, 15592, 15596, 15600, 15604, 15608, 15612, 15616, 15620, 15624, 15628, 15632, 15636, 15640, 15644, 15648, 15652, 15656, 15660, 15664, 15668, 15672, 15676, 15680, 15684, 15688, 15692, 15696, 15700, 15704, 15708, 15712, 15716, 15720, 15724, 15728, 15732, 15736, 15740, 15744, 15748, 15752, 15756, 15760, 15764, 15768, 15772, 15776, 15780, 15784, 15788, 15792, 15796, 15800, 15804, 15808, 15812, 15816, 15820, 15824, 15828, 15832, 15836, 15840, 15844, 15848, 15852, 15856, 15860, 15864, 15868, 15872, 15876, 15880, 15884, 15888, 15892, 15896, 15900, 15904, 15908, 15912, 15916, 15920, 15924, 15928, 15932, 15936, 15940, 15944, 15948, 15952, 15956, 15960, 15964, 15968, 15972, 15976, 15980, 15984, 15988, 15992, 15996, 16000, 16004, 16008, 16012, 16016, 16020, 16024, 16028, 16032, 16036, 16040, 16044, 16048, 16052, 16056, 16060, 16064, 16068, 16072, 16076, 16080, 16084, 16088, 16092, 16096, 16100, 16104, 16108, 16112, 16116, 16120, 16124, 16128, 16132, 16136, 16140, 16144, 16148, 16152, 16156, 16160, 16164, 16168, 16172, 16176, 16180, 16184, 16188, 16192, 16196, 16200, 16204, 16208, 16212, 16216, 16220, 16224, 16228, 16232, 16236, 16240, 16244, 16248, 16252, 16256, 16260, 16264, 16268, 16272, 16276, 16280, 16284, 16288, 16292, 16296, 16300, 16304, 16308, 16312, 16316, 16320, 16324, 16328, 16332, 16336, 16340, 16344, 16348, 16352, 16356, 16360, 16364, 16368, 16372, 16376, 16380, 16384, 16388, 16392, 16396, 16400, 16404, 16408, 16412, 16416, 16420, 16424, 16428, 16432, 16436, 16440, 16444, 16448, 16452, 16456, 16460, 16464, 16468, 16472, 16476, 16480, 16484, 16488, 16492, 16496, 16500, 16504, 16508, 16512, 16516, 16520, 16524, 16528, 16532, 16536, 16540, 16544, 16548, 16552, 16556, 16560, 16564, 16568, 16572, 16576, 16580, 16584, 16588, 16592, 16596, 16600, 16604, 16608, 16612, 16616, 16620, 16624, 16628, 16632, 16636, 16640, 16644, 16648, 16652, 16656, 16660, 16664, 16668, 16672, 16676, 16680, 16684, 16688, 16692, 16696, 16700, 16704, 16708, 16712, 16716, 16720, 16724, 16728, 16732, 16736, 16740, 16744, 16748, 16752, 16756, 16760, 16764, 16768, 16772, 16776, 16780, 16784, 16788, 16792, 16796, 16800, 16804, 16808, 16812, 16816, 16820, 16824, 16828, 16832, 16836, 16840, 16844, 16848, 16852, 16856, 16860, 16864, 16868, 16872, 16876, 16880, 16884, 16888, 16892, 16896, 16900, 16904, 16908, 16912, 16916, 16920, 16924, 16928, 16932, 16936, 16940, 16944, 16948, 16952, 16956, 16960, 16964, 16968, 16972, 16976, 16980, 16984, 16988, 16992, 16996, 17000, 17004, 17008, 17012, 17016, 17020, 17024, 17028, 17032, 17036, 17040, 17044, 17048, 17052, 17056, 17060, 17064, 17068, 17072, 17076, 17080, 17084, 17088, 17092, 17096, 17100, 17104, 17108, 17112, 17116, 17120, 17124, 17128, 17132, 17136, 17140, 17144, 17148, 17152, 17156, 17160, 17164, 17168, 17172, 17176, 17180, 17184, 17188, 17192, 17196, 17200, 17204, 17208, 17212, 17216, 17220, 17224, 17228, 17232, 17236, 17240, 17244, 17248, 17252, 17256, 17260, 17264, 17268, 17272, 17276, 17280, 17284, 17288, 17292, 17296, 17300, 17304, 17308, 17312, 17316, 17320, 17324, 17328, 17332, 17336, 17340, 17344, 17348, 17352, 17356, 17360, 17364, 17368, 17372, 17376, 17380, 17384, 17388, 17392, 17396, 17400, 17404, 17408, 17412, 17416, 17420, 17424, 17428, 17432, 17436, 17440, 17444, 17448, 17452, 17456, 17460, 17464, 17468, 17472, 17476, 17480, 17484, 17488, 17492, 17496, 17500, 17504, 17508, 17512, 17516, 17520, 17524, 17528, 17532, 17536, 17540, 17544, 17548, 17552, 17556, 17560, 17564, 17568, 17572, 17576, 17580, 17584, 17588, 17592, 17596, 17600, 17604, 17608, 17612, 17616, 17620, 17624, 17628, 17632, 17636, 17640, 17644, 17648, 17652, 17656, 17660, 17664, 17668, 17672, 17676, 17680, 17684, 17688, 17692, 17696, 17700, 17704, 17708, 17712, 17716, 17720, 17724, 17728, 17732, 17736, 17740, 17744, 17748, 17752, 17756, 17760, 17764, 17768, 17772, 17776, 17780, 17784, 17788, 17792, 17796, 17800, 17804, 17808, 17812, 17816, 17820, 17824, 17828, 17832, 17836, 17840, 17844, 17848, 17852, 17856, 17860, 17864, 17868, 17872, 17876, 17880, 17884, 17888, 17892, 17896, 17900, 17904, 17908, 17912, 17916, 17920, 17924, 17928, 17932, 17936, 17940, 17944, 17948, 17952, 17956, 17960, 17964, 17968, 17972, 17976, 17980, 17984, 17988, 17992, 17996, 18000, 18004, 18008, 18012, 18016, 18020, 18024, 18028, 18032, 18036, 18040, 18044, 18048, 18052, 18056, 18060, 18064, 18068, 18072, 18076, 18080, 18084, 18088, 18092, 18096, 18100, 18104, 18108, 18112, 18116, 18120, 18124, 18128, 18132, 18136, 18140, 18144, 18148, 18152, 18156, 18160, 18164, 18168, 18172, 18176, 18180, 18184, 18188, 18192, 18196, 18200, 18204, 18208, 18212, 18216, 18220, 18224, 18228, 18232, 18236, 18240, 18244, 18248, 18252, 18256, 18260, 18264, 18268, 18272, 18276, 18280, 18284, 18288, 18292, 18296, 18300, 18304, 18308, 18312, 18316, 18320, 18324, 18328, 18332, 18336, 18340, 18344, 18348, 18352, 18356, 18360, 18364, 18368, 18372, 18376, 18380, 18384, 18388, 18392, 18396, 18400, 18404, 18408, 18412, 18416, 18420, 18424, 18428, 18432, 18436, 18440, 18444, 18448, 18452, 18456, 18460, 18464, 18468, 18472, 18476, 18480, 18484, 18488, 18492, 18496, 18500, 18504, 18508, 18512, 18516, 18520, 18524, 18528, 18532, 18536, 18540, 18544, 18548, 18552, 18556, 18560, 18564, 18568, 18572, 18576, 18580, 18584, 18588, 18592, 18596, 18600, 18604, 18608, 18612, 18616, 18620, 18624, 18628, 18632, 18636, 18640, 18644, 18648, 18652, 18656, 18660, 18664, 18668, 18672, 18676, 18680, 18684, 18688, 18692, 18696, 18700, 18704, 18708, 18712, 18716, 18720, 18724, 18728, 18732, 18736, 18740, 18744, 18748, 18752, 18756, 18760, 18764, 18768, 18772, 18776, 18780, 18784, 18788, 18792, 18796, 18800, 18804, 18808, 18812, 18816, 18820, 18824, 18828, 18832, 18836, 18840, 18844, 18848, 18852, 18856, 18860, 18864, 18868, 18872, 18876, 18880, 18884, 18888, 18892, 18896, 18900, 18904, 18908, 18912, 18916, 18920, 18924, 18928, 18932, 18936, 18940, 18944, 18948, 18952, 18956, 18960, 18964, 18968, 18972, 18976, 18980, 18984, 18988, 18992, 18996, 19000, 19004, 19008, 19012, 19016, 19020, 19024, 19028, 19032, 19036, 19040, 19044, 19048, 19052, 19056, 19060, 19064, 19068, 19072, 19076, 19080, 19084, 19088, 19092, 19096, 19100, 19104, 19108, 19112, 19116, 19120, 19124, 19128, 19132, 19136, 19140, 19144, 19148, 19152, 19156, 19160, 19164, 19168, 19172, 19176, 19180, 19184, 19188, 19192, 19196, 19200, 19204, 19208, 19212, 19216, 19220, 19224, 19228, 19232, 19236, 19240, 19244, 19248, 19252, 19256, 19260, 19264, 19268, 19272, 19276, 19280, 19284, 19288, 19292, 19296, 19300, 19304, 19308, 19312, 19316, 19320, 19324, 19328, 19332, 19336, 19340, 19344, 19348, 19352, 19356, 19360, 19364, 19368, 19372, 19376, 19380, 19384, 19388, 19392, 19396, 19400, 19404, 19408, 19412, 19416, 19420, 19424, 19428, 19432, 19436, 19440, 19444, 19448, 19452, 19456, 19460, 19464, 19468, 19472, 19476, 19480, 19484, 19488, 19492, 19496, 19500, 19504, 19508, 19512, 19516, 19520, 19524, 19528, 19532, 19536, 19540, 19544, 19548, 19552, 19556, 19560, 19564, 19568, 19572, 19576, 19580, 19584, 19588, 19592, 19596, 19600, 19604, 19608, 19612, 19616, 19620, 19624, 19628, 19632, 19636, 19640, 19644, 19648, 19652, 19656, 19660, 19664, 19668, 19672, 19676, 19680, 19684, 19688, 19692, 19696, 19700, 19704, 19708, 19712, 19716, 19720, 19724, 19728, 19732, 19736, 19740, 19744, 19748, 19752, 19756, 19760, 19764, 19768, 19772, 19776, 19780, 19784, 19788, 19792, 19796, 19800, 19804, 19808, 19812, 19816, 19820, 19824, 19828, 19832, 19836, 19840, 19844, 19848, 19852, 19856, 19860, 19864, 19868, 19872, 19876, 19880, 19884, 19888, 19892, 19896, 19900, 19904, 19908, 19912, 19916, 19920, 19924, 19928, 19932, 19936, 19940, 19944, 19948, 19952, 19956, 19960, 19964, 19968, 19972, 19976, 19980, 19984, 19988, 19992, 19996, 20000, 20004, 20008, 20012, 20016, 20020, 20024, 20028, 20032, 20036, 20040, 20044, 20048, 20052, 20056, 20060, 20064, 20068, 20072, 20076, 20080, 20084, 20088, 20092, 20096, 20100, 20104, 20108, 20112, 20116, 20120, 20124, 20128, 20132, 20136, 20140, 20144, 20148, 20152, 20156, 20160, 20164, 20168, 20172, 20176, 20180, 20184, 20188, 20192, 20196, 20200, 20204, 20208, 20212, 20216, 20220, 20224, 20228, 20232, 20236, 20240, 20244, 20248, 20252, 20256, 20260, 20264, 20268, 20272, 20276, 20280, 20284, 20288, 20292, 20296, 20300, 20304, 20308, 20312, 20316, 20320, 20324, 20328, 20332, 20336, 20340, 20344, 20348, 20352, 20356, 20360, 20364, 20368, 20372, 20376, 20380, 20384, 20388, 20392, 20396, 20400, 20404, 20408, 20412, 20416, 20420, 20424, 20428, 20432, 20436, 20440, 20444, 20448, 20452, 20456, 20460, 20464, 20468, 20472, 20476, 20480, 20484, 20488, 20492, 20496, 20500, 20504, 20508, 20512, 20516, 20520, 20524, 20528, 20532, 20536, 20540, 20544, 20548, 20552, 20556, 20560, 20564, 20568, 20572, 20576, 20580, 20584, 20588, 20592, 20596, 20600, 20604, 20608, 20612, 20616, 20620, 20624, 20628, 20632, 20636, 20640, 20644, 20648, 20652, 20656, 20660, 20664, 20668, 20672, 20676, 20680, 20684, 20688, 20692, 20696, 20700, 20704, 20708, 20712, 20716, 20720, 20724, 20728, 20732, 20736, 20740, 20744, 20748, 20752, 20756, 20760, 20764, 20768, 20772, 20776, 20780, 20784, 20788, 20792, 20796, 20800, 20804, 20808, 20812, 20816, 20820, 20824, 20828, 20832, 20836, 20840, 20844, 20848, 20852, 20856, 20860, 20864, 20868, 20872, 20876, 20880, 20884, 20888, 20892, 20896, 20900, 20904, 20908, 20912, 20916, 20920, 20924, 20928, 20932, 20936, 20940, 20944, 20948, 20952, 20956, 20960, 20964, 20968, 20972, 20976, 20980, 20984, 20988, 20992, 20996, 21000, 21004, 21008, 21012, 21016, 21020, 21024, 21028, 21032, 21036, 21040, 21044, 21048, 21052, 21056, 21060, 21064, 21068, 21072, 21076, 21080, 21084, 21088, 21092, 21096, 21100, 21104, 21108, 21112, 21116, 21120, 21124, 21128, 21132, 21136, 21140, 21144, 21148, 21152, 21156, 21160, 21164, 21168, 21172, 21176, 21180, 21184, 21188, 21192, 21196, 21200, 21204, 21208, 21212, 21216, 21220, 21224, 21228, 21232, 21236, 21240, 21244, 21248, 21252, 21256, 21260, 21264, 21268, 21272, 21276, 21280, 21284, 21288, 21292, 21296, 21300, 21304, 21308, 21312, 21316, 21320, 21324, 21328, 21332, 21336, 21340, 21344, 21348, 21352, 21356, 21360, 21364, 21368, 21372, 21376, 21380, 21384, 21388, 21392, 21396, 21400, 21404, 21408, 21412, 21416, 21420, 21424, 21428, 21432, 21436, 21440, 21444, 21448, 21452, 21456, 21460, 21464, 21468, 21472, 21476, 21480, 21484, 21488, 21492, 21496, 21500, 21504, 21508, 21512, 21516, 21520, 21524, 21528, 21532, 21536, 21540, 21544, 21548, 21552, 21556, 21560, 21564, 21568, 21572, 21576, 21580, 21584, 21588, 21592, 21596, 21600, 21604, 21608, 21612, 21616, 21620, 21624, 21628, 21632, 21636, 21640, 21644, 21648, 21652, 21656, 21660, 21664, 21668, 21672, 21676, 21680, 21684, 21688, 21692, 21696, 21700, 21704, 21708, 21712, 21716, 21720, 21724, 21728, 21732, 21736, 21740, 21744, 21748, 21752, 21756, 21760, 21764, 21768, 21772, 21776, 21780, 21784, 21788, 21792, 21796, 21800, 21804, 21808, 21812, 21816, 21820, 21824, 21828, 21832, 21836, 21840, 21844, 21848, 21852, 21856, 21860, 21864, 21868, 21872, 21876, 21880, 21884, 21888, 21892, 21896, 21900, 21904, 21908, 21912, 21916, 21920, 21924, 21928, 21932, 21936, 21940, 21944, 21948, 21952, 21956, 21960, 21964, 21968, 21972, 21976, 21980, 21984, 21988, 21992, 21996, 22000, 22004, 22008, 22012, 22016, 22020, 22024, 22028, 22032, 22036, 22040, 22044, 22048, 22052, 22056, 22060, 22064, 22068, 22072, 22076, 22080, 22084, 22088, 22092, 22096, 22100, 22104, 22108, 22112, 22116, 22120, 22124, 22128, 22132, 22136, 22140, 22144, 22148, 22152, 22156, 22160, 22164, 22168, 22172, 22176, 22180, 22184, 22188, 22192, 22196, 22200, 22204, 22208, 22212, 22216, 22220, 22224, 22228, 22232, 22236, 22240, 22244, 22248, 22252, 22256, 22260, 22264, 22268, 22272, 22276, 22280, 22284, 22288, 22292, 22296, 22300, 22304, 22308, 22312, 22316, 22320, 22324, 22328, 22332, 22336, 22340, 22344, 22348, 22352, 22356, 22360, 22364, 22368, 22372, 22376, 22380, 22384, 22388, 22392, 22396, 22400, 22404, 22408, 22412, 22416, 22420, 22424, 22428, 22432, 22436, 22440, 22444, 22448, 22452, 22456, 22460, 22464, 22468, 22472, 22476, 22480, 22484, 22488, 22492, 22496, 22500, 22504, 22508, 22512, 22516, 22520, 22524, 22528, 22532, 22536, 22540, 22544, 22548, 22552, 22556, 22560, 22564, 22568, 22572, 22576, 22580, 22584, 22588, 22592, 22596, 22600, 22604, 22608, 22612, 22616, 22620, 22624, 22628, 22632, 22636, 22640, 22644, 22648, 22652, 22656, 22660, 22664, 22668, 22672, 22676, 22680, 22684, 22688, 22692, 22696, 22700, 22704, 22708, 22712, 22716, 22720, 22724, 22728, 22732, 22736, 22740, 22744, 22748, 22752, 22756, 22760, 22764, 22768, 22772, 22776, 22780, 22784, 22788, 22792, 22796, 22800, 22804, 22808, 22812, 22816, 22820, 22824, 22828, 22832, 22836, 22840, 22844, 22848, 22852, 22856, 22860, 22864, 22868, 22872, 22876, 22880, 22884, 22888, 22892, 22896, 22900, 22904, 22908, 22912, 22916, 22920, 22924, 22928, 22932, 22936, 22940, 22944, 22948, 22952, 22956, 22960, 22964, 22968, 22972, 22976, 22980, 22984, 22988, 22992, 22996, 23000, 23004, 23008, 23012, 23016, 23020, 23024, 23028, 23032, 23036, 23040, 23044, 23048, 23052, 23056, 23060, 23064, 23068, 23072, 23076, 23080, 23084, 23088, 23092, 23096, 23100, 23104, 23108, 23112, 23116, 23120, 23124, 23128, 23132, 23136, 23140, 23144, 23148, 23152, 23156, 23160, 23164, 23168, 23172, 23176, 23180, 23184, 23188, 23192, 23196, 23200, 23204, 23208, 23212, 23216, 23220, 23224, 23228, 23232, 23236, 23240, 23244, 23248, 23252, 23256, 23260, 23264, 23268, 23272, 23276, 23280, 23284, 23288, 23292, 23296, 23300, 23304, 23308, 23312, 23316, 23320, 23324, 23328, 23332, 23336, 23340, 23344, 23348, 23352, 23356, 23360, 23364, 23368, 23372, 23376, 23380, 23384, 23388, 23392, 23396, 23400, 23404, 23408, 23412, 23416, 23420, 23424, 23428, 23432, 23436, 23440, 23444, 23448, 23452, 23456, 23460, 23464, 23468, 23472, 23476, 23480, 23484, 23488, 23492, 23496, 23500, 23504, 23508, 23512, 23516, 23520, 23524, 23528, 23532, 23536, 23540, 23544, 23548, 23552, 23556, 23560, 23564, 23568, 23572, 23576, 23580, 23584, 23588, 23592, 23596, 23600, 23604, 23608, 23612, 23616, 23620, 23624, 23628, 23632, 23636, 23640, 23644, 23648, 23652, 23656, 23660, 23664, 23668, 23672, 23676, 23680, 23684, 23688, 23692, 23696, 23700, 23704, 23708, 23712, 23716, 23720, 23724, 23728, 23732, 23736, 23740, 23744, 23748, 23752, 23756, 23760, 23764, 23768, 23772, 23776, 23780, 23784, 23788, 23792, 23796, 23800, 23804, 23808, 23812, 23816, 23820, 23824, 23828, 23832, 23836, 23840, 23844, 23848, 23852, 23856, 23860, 23864, 23868, 23872, 23876, 23880, 23884, 23888, 23892, 23896, 23900, 23904, 23908, 23912, 23916, 23920, 23924, 23928, 23932, 23936, 23940, 23944, 23948, 23952, 23956, 23960, 23964, 23968, 23972, 23976, 23980, 23984, 23988, 23992, 23996, 24000, 24004, 24008, 24012, 24016, 24020, 24024, 24028, 24032, 24036, 24040, 24044, 24048, 24052, 24056, 24060, 24064, 24068, 24072, 24076, 24080, 24084, 24088, 24092, 24096, 24100, 24104, 24108, 24112, 24116, 24120, 24124, 24128, 24132, 24136, 24140, 24144, 24148, 24152, 24156, 24160, 24164, 24168, 24172, 24176, 24180, 24184, 24188, 24192, 24196, 24200, 24204, 24208, 24212, 24216, 24220, 24224, 24228, 24232, 24236, 24240, 24244, 24248, 24252, 24256, 24260, 24264, 24268, 24272, 24276, 24280, 24284, 24288, 24292, 24296, 24300, 24304, 24308, 24312, 24316, 24320, 24324, 24328, 24332, 24336, 24340, 24344, 24348, 24352, 24356, 24360, 24364, 24368, 24372, 24376, 24380, 24384, 24388, 24392, 24396, 24400, 24404, 24408, 24412, 24416, 24420, 24424, 24428, 24432, 24436, 24440, 24444, 24448, 24452, 24456, 24460, 24464, 24468, 24472, 24476, 24480, 24484, 24488, 24492, 24496, 24500, 24504, 24508, 24512, 24516, 24520, 24524, 24528, 24532, 24536, 24540, 24544, 24548, 24552, 24556, 24560, 24564, 24568, 24572, 24576, 24580, 24584, 24588, 24592, 24596, 24600, 24604, 24608, 24612, 24616, 24620, 24624, 24628, 24632, 24636, 24640, 24644, 24648, 24652, 24656, 24660, 24664, 24668, 24672, 24676, 24680, 24684, 24688, 24692, 24696, 24700, 24704, 24708, 24712, 24716, 24720, 24724, 24728, 24732, 24736, 24740, 24744, 24748, 24752, 24756, 24760, 24764, 24768, 24772, 24776, 24780, 24784, 24788, 24792, 24796, 24800, 24804, 24808, 24812, 24816, 24820, 24824, 24828, 24832, 24836, 24840, 24844, 24848, 24852, 24856, 24860, 24864, 24868, 24872, 24876, 24880, 24884, 24888, 24892, 24896, 24900, 24904, 24908, 24912, 24916, 24920, 24924, 24928, 24932, 24936, 24940, 24944, 24948, 24952, 24956, 24960, 24964, 24968, 24972, 24976, 24980, 24984, 24988, 24992, 24996, 25000, 25004, 25008, 25012, 25016, 25020, 25024, 25028, 25032, 25036, 25040, 25044, 25048, 25052, 25056, 25060, 25064, 25068, 25072, 25076, 25080, 25084, 25088, 25092, 25096, 25100, 25104, 25108, 25112, 25116, 25120, 25124, 25128, 25132, 25136, 25140, 25144, 25148, 25152, 25156, 25160, 25164, 25168, 25172, 25176, 25180, 25184, 25188, 25192, 25196, 25200, 25204, 25208, 25212, 25216, 25220, 25224, 25228, 25232, 25236, 25240, 25244, 25248, 25252, 25256, 25260, 25264, 25268, 25272, 25276, 25280, 25284, 25288, 25292, 25296, 25300, 25304, 25308, 25312, 25316, 25320, 25324, 25328, 25332, 25336, 25340, 25344, 25348, 25352, 25356, 25360, 25364, 25368, 25372, 25376, 25380, 25384, 25388, 25392, 25396, 25400, 25404, 25408, 25412, 25416, 25420, 25424, 25428, 25432, 25436, 25440, 25444, 25448, 25452, 25456, 25460, 25464, 25468, 25472, 25476, 25480, 25484, 25488, 25492, 25496, 25500, 25504, 25508, 25512, 25516, 25520, 25524, 25528, 25532, 25536, 25540, 25544, 25548, 25552, 25556, 25560, 25564, 25568, 25572, 25576, 25580, 25584, 25588, 25592, 25596, 25600, 25604, 25608, 25612, 25616, 25620, 25624, 25628, 25632, 25636, 25640, 25644, 25648, 25652, 25656, 25660, 25664, 25668, 25672, 25676, 25680, 25684, 25688, 25692, 25696, 25700, 25704, 25708, 25712, 25716, 25720, 25724, 25728, 25732, 25736, 25740, 25744, 25748, 25752, 25756, 25760, 25764, 25768, 25772, 25776, 25780, 25784, 25788, 25792, 25796, 25800, 25804, 25808, 25812, 25816, 25820, 25824, 25828, 25832, 25836, 25840, 25844, 25848, 25852, 25856, 25860, 25864, 25868, 25872, 25876, 25880, 25884, 25888, 25892, 25896, 25900, 25904, 25908, 25912, 25916, 25920, 25924, 25928, 25932, 25936, 25940, 25944, 25948, 25952, 25956, 25960, 25964, 25968, 25972, 25976, 25980, 25984, 25988, 25992, 25996, 26000, 26004, 26008, 26012, 26016, 26020, 26024, 26028, 26032, 26036, 26040, 26044, 26048, 26052, 26056, 26060, 26064, 26068, 26072, 26076, 26080, 26084, 26088, 26092, 26096, 26100, 26104, 26108, 26112, 26116, 26120, 26124, 26128, 26132, 26136, 26140, 26144, 26148, 26152, 26156, 26160, 26164, 26168, 26172, 26176, 26180, 26184, 26188, 26192, 26196, 26200, 26204, 26208, 26212, 26216, 26220, 26224, 26228, 26232, 26236, 26240, 26244, 26248, 26252, 26256, 26260, 26264, 26268, 26272, 26276, 26280, 26284, 26288, 26292, 26296, 26300, 26304, 26308, 26312, 26316, 26320, 26324, 26328, 26332, 26336, 26340, 26344, 26348, 26352, 26356, 26360, 26364, 26368, 26372, 26376, 26380, 26384, 26388, 26392, 26396, 26400, 26404, 26408, 26412, 26416, 26420, 26424, 26428, 26432, 26436, 26440, 26444, 26448, 26452, 26456, 26460, 26464, 26468, 26472, 26476, 26480, 26484, 26488, 26492, 26496, 26500, 26504, 26508, 26512, 26516, 26520, 26524, 26528, 26532, 26536, 26540, 26544, 26548, 26552, 26556, 26560, 26564, 26568, 26572, 26576, 26580, 26584, 26588, 26592, 26596, 26600, 26604, 26608, 26612, 26616, 26620, 26624, 26628, 26632, 26636, 26640, 26644, 26648, 26652, 26656, 26660, 26664, 26668, 26672, 26676, 26680, 26684, 26688, 26692, 26696, 26700, 26704, 26708, 26712, 26716, 26720, 26724, 26728, 26732, 26736, 26740, 26744, 26748, 26752, 26756, 26760, 26764, 26768, 26772, 26776, 26780, 26784, 26788, 26792, 26796, 26800, 26804, 26808, 26812, 26816, 26820, 26824, 26828, 26832, 26836, 26840, 26844, 26848, 26852, 26856, 26860, 26864, 26868, 26872, 26876, 26880, 26884, 26888, 26892, 26896, 26900, 26904, 26908, 26912, 26916, 26920, 26924, 26928, 26932, 26936, 26940, 26944, 26948, 26952, 26956, 26960, 26964, 26968, 26972, 26976, 26980, 26984, 26988, 26992, 26996, 27000, 27004, 27008, 27012, 27016, 27020, 27024, 27028, 27032, 27036, 27040, 27044, 27048, 27052, 27056, 27060, 27064, 27068, 27072, 27076, 27080, 27084, 27088, 27092, 27096, 27100, 27104, 27108, 27112, 27116, 27120, 27124, 27128, 27132, 27136, 27140, 27144, 27148, 27152, 27156, 27160, 27164, 27168, 27172, 27176, 27180, 27184, 27188, 27192, 27196, 27200, 27204, 27208, 27212, 27216, 27220, 27224, 27228, 27232, 27236, 27240, 27244, 27248, 27252, 27256, 27260, 27264, 27268, 27272, 27276, 27280, 27284, 27288, 27292, 27296, 27300, 27304, 27308, 27312, 27316, 27320, 27324, 27328, 27332, 27336, 27340, 27344, 27348, 27352, 27356, 27360, 27364, 27368, 27372, 27376, 27380, 27384, 27388, 27392, 27396, 27400, 27404, 27408, 27412, 27416, 27420, 27424, 27428, 27432, 27436, 27440, 27444, 27448, 27452, 27456, 27460, 27464, 27468, 27472, 27476, 27480, 27484, 27488, 27492, 27496, 27500, 27504, 27508, 27512, 27516, 27520, 27524, 27528, 27532, 27536, 27540, 27544, 27548, 27552, 27556, 27560, 27564, 27568, 27572, 27576, 27580, 27584, 27588, 27592, 27596, 27600, 27604, 27608, 27612, 27616, 27620, 27624, 27628, 27632, 27636, 27640, 27644, 27648, 27652, 27656, 27660, 27664, 27668, 27672, 27676, 27680, 27684, 27688, 27692, 27696, 27700, 27704, 27708, 27712, 27716, 27720, 27724, 27728, 27732, 27736, 27740, 27744, 27748, 27752, 27756, 27760, 27764, 27768, 27772, 27776, 27780, 27784, 27788, 27792, 27796, 27800, 27804, 27808, 27812, 27816, 27820, 27824, 27828, 27832, 27836, 27840, 27844, 27848, 27852, 27856, 27860, 27864, 27868, 27872, 27876, 27880, 27884, 27888, 27892, 27896, 27900, 27904, 27908, 27912, 27916, 27920, 27924, 27928, 27932, 27936, 27940, 27944, 27948, 27952, 27956, 27960, 27964, 27968, 27972, 27976, 27980, 27984, 27988, 27992, 27996, 28000, 28004, 28008, 28012, 28016, 28020, 28024, 28028, 28032, 28036, 28040, 28044, 28048, 28052, 28056, 28060, 28064, 28068, 28072, 28076, 28080, 28084, 28088, 28092, 28096, 28100, 28104, 28108, 28112, 28116, 28120, 28124, 28128, 28132, 28136, 28140, 28144, 28148, 28152, 28156, 28160, 28164, 28168, 28172, 28176, 28180, 28184, 28188, 28192, 28196, 28200, 28204, 28208, 28212, 28216, 28220, 28224, 28228, 28232, 28236, 28240, 28244, 28248, 28252, 28256, 28260, 28264, 28268, 28272, 28276, 28280, 28284, 28288, 28292, 28296, 28300, 28304, 28308, 28312, 28316, 28320, 28324, 28328, 28332, 28336, 28340, 28344, 28348, 28352, 28356, 28360, 28364, 28368, 28372, 28376, 28380, 28384, 28388, 28392, 28396, 28400, 28404, 28408, 28412, 28416, 28420, 28424, 28428, 28432, 28436, 28440, 28444, 28448, 28452, 28456, 28460, 28464, 28468, 28472, 28476, 28480, 28484, 28488, 28492, 28496, 28500, 28504, 28508, 28512, 28516, 28520, 28524, 28528, 28532, 28536, 28540, 28544, 28548, 28552, 28556, 28560, 28564, 28568, 28572, 28576, 28580, 28584, 28588, 28592, 28596, 28600, 28604, 28608, 28612, 28616, 28620, 28624, 28628, 28632, 28636, 28640, 28644, 28648, 28652, 28656, 28660, 28664, 28668, 28672, 28676, 28680, 28684, 28688, 28692, 28696, 28700, 28704, 28708, 28712, 28716, 28720, 28724, 28728, 28732, 28736, 28740, 28744, 28748, 28752, 28756, 28760, 28764, 28768, 28772, 28776, 28780, 28784, 28788, 28792, 28796, 28800, 28804, 28808, 28812, 28816, 28820, 28824, 28828, 28832, 28836, 28840, 28844, 28848, 28852, 28856, 28860, 28864, 28868, 28872, 28876, 28880, 28884, 28888, 28892, 28896, 28900, 28904, 28908, 28912, 28916, 28920, 28924, 28928, 28932, 28936, 28940, 28944, 28948, 28952, 28956, 28960, 28964, 28968, 28972, 28976, 28980, 28984, 28988, 28992, 28996, 29000, 29004, 29008, 29012, 29016, 29020, 29024, 29028, 29032, 29036, 29040, 29044, 29048, 29052, 29056, 29060, 29064, 29068, 29072, 29076, 29080, 29084, 29088, 29092, 29096, 29100, 29104, 29108, 29112, 29116, 29120, 29124, 29128, 29132, 29136, 29140, 29144, 29148, 29152, 29156, 29160, 29164, 29168, 29172, 29176, 29180, 29184, 29188, 29192, 29196, 29200, 29204, 29208, 29212, 29216, 29220, 29224, 29228, 29232, 29236, 29240, 29244, 29248, 29252, 29256, 29260, 29264, 29268, 29272, 29276, 29280, 29284, 29288, 29292, 29296, 29300, 29304, 29308, 29312, 29316, 29320, 29324, 29328, 29332, 29336, 29340, 29344, 29348, 29352, 29356, 29360, 29364, 29368, 29372, 29376, 29380, 29384, 29388, 29392, 29396, 29400, 29404, 29408, 29412, 29416, 29420, 29424, 29428, 29432, 29436, 29440, 29444, 29448, 29452, 29456, 29460, 29464, 29468, 29472, 29476, 29480, 29484, 29488, 29492, 29496, 29500, 29504, 29508, 29512, 29516, 29520, 29524, 29528, 29532, 29536, 29540, 29544, 29548, 29552, 29556, 29560, 29564, 29568, 29572, 29576, 29580, 29584, 29588, 29592, 29596, 29600, 29604, 29608, 29612, 29616, 29620, 29624, 29628, 29632, 29636, 29640, 29644, 29648, 29652, 29656, 29660, 29664, 29668, 29672, 29676, 29680, 29684, 29688, 29692, 29696, 29700, 29704, 29708, 29712, 29716, 29720, 29724, 29728, 29732, 29736, 29740, 29744, 29748, 29752, 29756, 29760, 29764, 29768, 29772, 29776, 29780, 29784, 29788, 29792, 29796, 29800, 29804, 29808, 29812, 29816, 29820, 29824, 29828, 29832, 29836, 29840, 29844, 29848, 29852, 29856, 29860, 29864, 29868, 29872, 29876, 29880, 29884, 29888, 29892, 29896, 29900, 29904, 29908, 29912, 29916, 29920, 29924, 29928, 29932, 29936, 29940, 29944, 29948, 29952, 29956, 29960, 29964, 29968, 29972, 29976, 29980, 29984, 29988, 29992, 29996, 30000, 30004, 30008, 30012, 30016, 30020, 30024, 30028, 30032, 30036, 30040, 30044, 30048, 30052, 30056, 30060, 30064, 30068, 30072, 30076, 30080, 30084, 30088, 30092, 30096, 30100, 30104, 30108, 30112, 30116, 30120, 30124, 30128, 30132, 30136, 30140, 30144, 30148, 30152, 30156, 30160, 30164, 30168, 30172, 30176, 30180, 30184, 30188, 30192, 30196, 30200, 30204, 30208, 30212, 30216, 30220, 30224, 30228, 30232, 30236, 30240, 30244, 30248, 30252, 30256, 30260, 30264, 30268, 30272, 30276, 30280, 30284, 30288, 30292, 30296, 30300, 30304, 30308, 30312, 30316, 30320, 30324, 30328, 30332, 30336, 30340, 30344, 30348, 30352, 30356, 30360, 30364, 30368, 30372, 30376, 30380, 30384, 30388, 30392, 30396, 30400, 30404, 30408, 30412, 30416, 30420, 30424, 30428, 30432, 30436, 30440, 30444, 30448, 30452, 30456, 30460, 30464, 30468, 30472, 30476, 30480, 30484, 30488, 30492, 30496, 30500, 30504, 30508, 30512, 30516, 30520, 30524, 30528, 30532, 30536, 30540, 30544, 30548, 30552, 30556, 30560, 30564, 30568, 30572, 30576, 30580, 30584, 30588, 30592, 30596, 30600, 30604, 30608, 30612, 30616, 30620, 30624, 30628, 30632, 30636, 30640, 30644, 30648, 30652, 30656, 30660, 30664, 30668, 30672, 30676, 30680, 30684, 30688, 30692, 30696, 30700, 30704, 30708, 30712, 30716, 30720, 30724, 30728, 30732, 30736, 30740, 30744, 30748, 30752, 30756, 30760, 30764, 30768, 30772, 30776, 30780, 30784, 30788, 30792, 30796, 30800, 30804, 30808, 30812, 30816, 30820, 30824, 30828, 30832, 30836, 30840, 30844, 30848, 30852, 30856, 30860, 30864, 30868, 30872, 30876, 30880, 30884, 30888, 30892, 30896, 30900, 30904, 30908, 30912, 30916, 30920, 30924, 30928, 30932, 30936, 30940, 30944, 30948, 30952, 30956, 30960, 30964, 30968, 30972, 30976, 30980, 30984, 30988, 30992, 30996, 31000, 31004, 31008, 31012, 31016, 31020, 31024, 31028, 31032, 31036, 31040, 31044, 31048, 31052, 31056, 31060, 31064, 31068, 31072, 31076, 31080, 31084, 31088, 31092, 31096, 31100, 31104, 31108, 31112, 31116, 31120, 31124, 31128, 31132, 31136, 31140, 31144, 31148, 31152, 31156, 31160, 31164, 31168, 31172, 31176, 31180, 31184, 31188, 31192, 31196, 31200, 31204, 31208, 31212, 31216, 31220, 31224, 31228, 31232, 31236, 31240, 31244, 31248, 31252, 31256, 31260, 31264, 31268, 31272, 31276, 31280, 31284, 31288, 31292, 31296, 31300, 31304, 31308, 31312, 31316, 31320, 31324, 31328, 31332, 31336, 31340, 31344, 31348, 31352, 31356, 31360, 31364, 31368, 31372, 31376, 31380, 31384, 31388, 31392, 31396, 31400, 31404, 31408, 31412, 31416, 31420, 31424, 31428, 31432, 31436, 31440, 31444, 31448, 31452, 31456, 31460, 31464, 31468, 31472, 31476, 31480, 31484, 31488, 31492, 31496, 31500, 31504, 31508, 31512, 31516, 31520, 31524, 31528, 31532, 31536, 31540, 31544, 31548, 31552, 31556, 31560, 31564, 31568, 31572, 31576, 31580, 31584, 31588, 31592, 31596, 31600, 31604, 31608, 31612, 31616, 31620, 31624, 31628, 31632, 31636, 31640, 31644, 31648, 31652, 31656, 31660, 31664, 31668, 31672, 31676, 31680, 31684, 31688, 31692, 31696, 31700, 31704, 31708, 31712, 31716, 31720, 31724, 31728, 31732, 31736, 31740, 31744, 31748, 31752, 31756, 31760, 31764, 31768, 31772, 31776, 31780, 31784, 31788, 31792, 31796, 31800, 31804, 31808, 31812, 31816, 31820, 31824, 31828, 31832, 31836, 31840, 31844, 31848, 31852, 31856, 31860, 31864, 31868, 31872, 31876, 31880, 31884, 31888, 31892, 31896, 31900, 31904, 31908, 31912, 31916, 31920, 31924, 31928, 31932, 31936, 31940, 31944, 31948, 31952, 31956, 31960, 31964, 31968, 31972, 31976, 31980, 31984, 31988, 31992, 31996, 32000, 32004, 32008, 32012, 32016, 32020, 32024, 32028, 32032, 32036, 32040, 32044, 32048, 32052, 32056, 32060, 32064, 32068, 32072, 32076, 32080, 32084, 32088, 32092, 32096, 32100, 32104, 32108, 32112, 32116, 32120, 32124, 32128, 32132, 32136, 32140, 32144, 32148, 32152, 32156, 32160, 32164, 32168, 32172, 32176, 32180, 32184, 32188, 32192, 32196, 32200, 32204, 32208, 32212, 32216, 32220, 32224, 32228, 32232, 32236, 32240, 32244, 32248, 32252, 32256, 32260, 32264, 32268, 32272, 32276, 32280, 32284, 32288, 32292, 32296, 32300, 32304, 32308, 32312, 32316, 32320, 32324, 32328, 32332, 32336, 32340, 32344, 32348, 32352, 32356, 32360, 32364, 32368, 32372, 32376, 32380, 32384, 32388, 32392, 32396, 32400, 32404, 32408, 32412, 32416, 32420, 32424, 32428, 32432, 32436, 32440, 32444, 32448, 32452, 32456, 32460, 32464, 32468, 32472, 32476, 32480, 32484, 32488, 32492, 32496, 32500, 32504, 32508, 32512, 32516, 32520, 32524, 32528, 32532, 32536, 32540, 32544, 32548, 32552, 32556, 32560, 32564, 32568, 32572, 32576, 32580, 32584, 32588, 32592, 32596, 32600, 32604, 32608, 32612, 32616, 32620, 32624, 32628, 32632, 32636, 32640, 32644, 32648, 32652, 32656, 32660, 32664, 32668, 32672, 32676, 32680, 32684, 32688, 32692, 32696, 32700, 32704, 32708, 32712, 32716, 32720, 32724, 32728, 32732, 32736, 32740, 32744, 32748, 32752, 32756, 32760, 32764, 32768] is subset of [3, 7]]" classname="org.roaringbitmap.RoaringBitmapSubsetTest" time="0.005"/>
  <testcase name="testProperSubset[assert that [4, 8, 12, 16, 20, 24, 28, 32, 36, 40, 44, 48, 52, 56, 60, 64, 68, 72, 76, 80, 84, 88, 92, 96, 100, 104, 108, 112, 116, 120, 124, 128, 132, 136, 140, 144, 148, 152, 156, 160, 164, 168, 172, 176, 180, 184, 188, 192, 196, 200, 204, 208, 212, 216, 220, 224, 228, 232, 236, 240, 244, 248, 252, 256, 260, 264, 268, 272, 276, 280, 284, 288, 292, 296, 300, 304, 308, 312, 316, 320, 324, 328, 332, 336, 340, 344, 348, 352, 356, 360, 364, 368, 372, 376, 380, 384, 388, 392, 396, 400, 404, 408, 412, 416, 420, 424, 428, 432, 436, 440, 444, 448, 452, 456, 460, 464, 468, 472, 476, 480, 484, 488, 492, 496, 500, 504, 508, 512, 516, 520, 524, 528, 532, 536, 540, 544, 548, 552, 556, 560, 564, 568, 572, 576, 580, 584, 588, 592, 596, 600, 604, 608, 612, 616, 620, 624, 628, 632, 636, 640, 644, 648, 652, 656, 660, 664, 668, 672, 676, 680, 684, 688, 692, 696, 700, 704, 708, 712, 716, 720, 724, 728, 732, 736, 740, 744, 748, 752, 756, 760, 764, 768, 772, 776, 780, 784, 788, 792, 796, 800, 804, 808, 812, 816, 820, 824, 828, 832, 836, 840, 844, 848, 852, 856, 860, 864, 868, 872, 876, 880, 884, 888, 892, 896, 900, 904, 908, 912, 916, 920, 924, 928, 932, 936, 940, 944, 948, 952, 956, 960, 964, 968, 972, 976, 980, 984, 988, 992, 996, 1000, 1004, 1008, 1012, 1016, 1020, 1024, 1028, 1032, 1036, 1040, 1044, 1048, 1052, 1056, 1060, 1064, 1068, 1072, 1076, 1080, 1084, 1088, 1092, 1096, 1100, 1104, 1108, 1112, 1116, 1120, 1124, 1128, 1132, 1136, 1140, 1144, 1148, 1152, 1156, 1160, 1164, 1168, 1172, 1176, 1180, 1184, 1188, 1192, 1196, 1200, 1204, 1208, 1212, 1216, 1220, 1224, 1228, 1232, 1236, 1240, 1244, 1248, 1252, 1256, 1260, 1264, 1268, 1272, 1276, 1280, 1284, 1288, 1292, 1296, 1300, 1304, 1308, 1312, 1316, 1320, 1324, 1328, 1332, 1336, 1340, 1344, 1348, 1352, 1356, 1360, 1364, 1368, 1372, 1376, 1380, 1384, 1388, 1392, 1396, 1400, 1404, 1408, 1412, 1416, 1420, 1424, 1428, 1432, 1436, 1440, 1444, 1448, 1452, 1456, 1460, 1464, 1468, 1472, 1476, 1480, 1484, 1488, 1492, 1496, 1500, 1504, 1508, 1512, 1516, 1520, 1524, 1528, 1532, 1536, 1540, 1544, 1548, 1552, 1556, 1560, 1564, 1568, 1572, 1576, 1580, 1584, 1588, 1592, 1596, 1600, 1604, 1608, 1612, 1616, 1620, 1624, 1628, 1632, 1636, 1640, 1644, 1648, 1652, 1656, 1660, 1664, 1668, 1672, 1676, 1680, 1684, 1688, 1692, 1696, 1700, 1704, 1708, 1712, 1716, 1720, 1724, 1728, 1732, 1736, 1740, 1744, 1748, 1752, 1756, 1760, 1764, 1768, 1772, 1776, 1780, 1784, 1788, 1792, 1796, 1800, 1804, 1808, 1812, 1816, 1820, 1824, 1828, 1832, 1836, 1840, 1844, 1848, 1852, 1856, 1860, 1864, 1868, 1872, 1876, 1880, 1884, 1888, 1892, 1896, 1900, 1904, 1908, 1912, 1916, 1920, 1924, 1928, 1932, 1936, 1940, 1944, 1948, 1952, 1956, 1960, 1964, 1968, 1972, 1976, 1980, 1984, 1988, 1992, 1996, 2000, 2004, 2008, 2012, 2016, 2020, 2024, 2028, 2032, 2036, 2040, 2044, 2048, 2052, 2056, 2060, 2064, 2068, 2072, 2076, 2080, 2084, 2088, 2092, 2096, 2100, 2104, 2108, 2112, 2116, 2120, 2124, 2128, 2132, 2136, 2140, 2144, 2148, 2152, 2156, 2160, 2164, 2168, 2172, 2176, 2180, 2184, 2188, 2192, 2196, 2200, 2204, 2208, 2212, 2216, 2220, 2224, 2228, 2232, 2236, 2240, 2244, 2248, 2252, 2256, 2260, 2264, 2268, 2272, 2276, 2280, 2284, 2288, 2292, 2296, 2300, 2304, 2308, 2312, 2316, 2320, 2324, 2328, 2332, 2336, 2340, 2344, 2348, 2352, 2356, 2360, 2364, 2368, 2372, 2376, 2380, 2384, 2388, 2392, 2396, 2400, 2404, 2408, 2412, 2416, 2420, 2424, 2428, 2432, 2436, 2440, 2444, 2448, 2452, 2456, 2460, 2464, 2468, 2472, 2476, 2480, 2484, 2488, 2492, 2496, 2500, 2504, 2508, 2512, 2516, 2520, 2524, 2528, 2532, 2536, 2540, 2544, 2548, 2552, 2556, 2560, 2564, 2568, 2572, 2576, 2580, 2584, 2588, 2592, 2596, 2600, 2604, 2608, 2612, 2616, 2620, 2624, 2628, 2632, 2636, 2640, 2644, 2648, 2652, 2656, 2660, 2664, 2668, 2672, 2676, 2680, 2684, 2688, 2692, 2696, 2700, 2704, 2708, 2712, 2716, 2720, 2724, 2728, 2732, 2736, 2740, 2744, 2748, 2752, 2756, 2760, 2764, 2768, 2772, 2776, 2780, 2784, 2788, 2792, 2796, 2800, 2804, 2808, 2812, 2816, 2820, 2824, 2828, 2832, 2836, 2840, 2844, 2848, 2852, 2856, 2860, 2864, 2868, 2872, 2876, 2880, 2884, 2888, 2892, 2896, 2900, 2904, 2908, 2912, 2916, 2920, 2924, 2928, 2932, 2936, 2940, 2944, 2948, 2952, 2956, 2960, 2964, 2968, 2972, 2976, 2980, 2984, 2988, 2992, 2996, 3000, 3004, 3008, 3012, 3016, 3020, 3024, 3028, 3032, 3036, 3040, 3044, 3048, 3052, 3056, 3060, 3064, 3068, 3072, 3076, 3080, 3084, 3088, 3092, 3096, 3100, 3104, 3108, 3112, 3116, 3120, 3124, 3128, 3132, 3136, 3140, 3144, 3148, 3152, 3156, 3160, 3164, 3168, 3172, 3176, 3180, 3184, 3188, 3192, 3196, 3200, 3204, 3208, 3212, 3216, 3220, 3224, 3228, 3232, 3236, 3240, 3244, 3248, 3252, 3256, 3260, 3264, 3268, 3272, 3276, 3280, 3284, 3288, 3292, 3296, 3300, 3304, 3308, 3312, 3316, 3320, 3324, 3328, 3332, 3336, 3340, 3344, 3348, 3352, 3356, 3360, 3364, 3368, 3372, 3376, 3380, 3384, 3388, 3392, 3396, 3400, 3404, 3408, 3412, 3416, 3420, 3424, 3428, 3432, 3436, 3440, 3444, 3448, 3452, 3456, 3460, 3464, 3468, 3472, 3476, 3480, 3484, 3488, 3492, 3496, 3500, 3504, 3508, 3512, 3516, 3520, 3524, 3528, 3532, 3536, 3540, 3544, 3548, 3552, 3556, 3560, 3564, 3568, 3572, 3576, 3580, 3584, 3588, 3592, 3596, 3600, 3604, 3608, 3612, 3616, 3620, 3624, 3628, 3632, 3636, 3640, 3644, 3648, 3652, 3656, 3660, 3664, 3668, 3672, 3676, 3680, 3684, 3688, 3692, 3696, 3700, 3704, 3708, 3712, 3716, 3720, 3724, 3728, 3732, 3736, 3740, 3744, 3748, 3752, 3756, 3760, 3764, 3768, 3772, 3776, 3780, 3784, 3788, 3792, 3796, 3800, 3804, 3808, 3812, 3816, 3820, 3824, 3828, 3832, 3836, 3840, 3844, 3848, 3852, 3856, 3860, 3864, 3868, 3872, 3876, 3880, 3884, 3888, 3892, 3896, 3900, 3904, 3908, 3912, 3916, 3920, 3924, 3928, 3932, 3936, 3940, 3944, 3948, 3952, 3956, 3960, 3964, 3968, 3972, 3976, 3980, 3984, 3988, 3992, 3996, 4000, 4004, 4008, 4012, 4016, 4020, 4024, 4028, 4032, 4036, 4040, 4044, 4048, 4052, 4056, 4060, 4064, 4068, 4072, 4076, 4080, 4084, 4088, 4092, 4096, 4100, 4104, 4108, 4112, 4116, 4120, 4124, 4128, 4132, 4136, 4140, 4144, 4148, 4152, 4156, 4160, 4164, 4168, 4172, 4176, 4180, 4184, 4188, 4192, 4196, 4200, 4204, 4208, 4212, 4216, 4220, 4224, 4228, 4232, 4236, 4240, 4244, 4248, 4252, 4256, 4260, 4264, 4268, 4272, 4276, 4280, 4284, 4288, 4292, 4296, 4300, 4304, 4308, 4312, 4316, 4320, 4324, 4328, 4332, 4336, 4340, 4344, 4348, 4352, 4356, 4360, 4364, 4368, 4372, 4376, 4380, 4384, 4388, 4392, 4396, 4400, 4404, 4408, 4412, 4416, 4420, 4424, 4428, 4432, 4436, 4440, 4444, 4448, 4452, 4456, 4460, 4464, 4468, 4472, 4476, 4480, 4484, 4488, 4492, 4496, 4500, 4504, 4508, 4512, 4516, 4520, 4524, 4528, 4532, 4536, 4540, 4544, 4548, 4552, 4556, 4560, 4564, 4568, 4572, 4576, 4580, 4584, 4588, 4592, 4596, 4600, 4604, 4608, 4612, 4616, 4620, 4624, 4628, 4632, 4636, 4640, 4644, 4648, 4652, 4656, 4660, 4664, 4668, 4672, 4676, 4680, 4684, 4688, 4692, 4696, 4700, 4704, 4708, 4712, 4716, 4720, 4724, 4728, 4732, 4736, 4740, 4744, 4748, 4752, 4756, 4760, 4764, 4768, 4772, 4776, 4780, 4784, 4788, 4792, 4796, 4800, 4804, 4808, 4812, 4816, 4820, 4824, 4828, 4832, 4836, 4840, 4844, 4848, 4852, 4856, 4860, 4864, 4868, 4872, 4876, 4880, 4884, 4888, 4892, 4896, 4900, 4904, 4908, 4912, 4916, 4920, 4924, 4928, 4932, 4936, 4940, 4944, 4948, 4952, 4956, 4960, 4964, 4968, 4972, 4976, 4980, 4984, 4988, 4992, 4996, 5000, 5004, 5008, 5012, 5016, 5020, 5024, 5028, 5032, 5036, 5040, 5044, 5048, 5052, 5056, 5060, 5064, 5068, 5072, 5076, 5080, 5084, 5088, 5092, 5096, 5100, 5104, 5108, 5112, 5116, 5120, 5124, 5128, 5132, 5136, 5140, 5144, 5148, 5152, 5156, 5160, 5164, 5168, 5172, 5176, 5180, 5184, 5188, 5192, 5196, 5200, 5204, 5208, 5212, 5216, 5220, 5224, 5228, 5232, 5236, 5240, 5244, 5248, 5252, 5256, 5260, 5264, 5268, 5272, 5276, 5280, 5284, 5288, 5292, 5296, 5300, 5304, 5308, 5312, 5316, 5320, 5324, 5328, 5332, 5336, 5340, 5344, 5348, 5352, 5356, 5360, 5364, 5368, 5372, 5376, 5380, 5384, 5388, 5392, 5396, 5400, 5404, 5408, 5412, 5416, 5420, 5424, 5428, 5432, 5436, 5440, 5444, 5448, 5452, 5456, 5460, 5464, 5468, 5472, 5476, 5480, 5484, 5488, 5492, 5496, 5500, 5504, 5508, 5512, 5516, 5520, 5524, 5528, 5532, 5536, 5540, 5544, 5548, 5552, 5556, 5560, 5564, 5568, 5572, 5576, 5580, 5584, 5588, 5592, 5596, 5600, 5604, 5608, 5612, 5616, 5620, 5624, 5628, 5632, 5636, 5640, 5644, 5648, 5652, 5656, 5660, 5664, 5668, 5672, 5676, 5680, 5684, 5688, 5692, 5696, 5700, 5704, 5708, 5712, 5716, 5720, 5724, 5728, 5732, 5736, 5740, 5744, 5748, 5752, 5756, 5760, 5764, 5768, 5772, 5776, 5780, 5784, 5788, 5792, 5796, 5800, 5804, 5808, 5812, 5816, 5820, 5824, 5828, 5832, 5836, 5840, 5844, 5848, 5852, 5856, 5860, 5864, 5868, 5872, 5876, 5880, 5884, 5888, 5892, 5896, 5900, 5904, 5908, 5912, 5916, 5920, 5924, 5928, 5932, 5936, 5940, 5944, 5948, 5952, 5956, 5960, 5964, 5968, 5972, 5976, 5980, 5984, 5988, 5992, 5996, 6000, 6004, 6008, 6012, 6016, 6020, 6024, 6028, 6032, 6036, 6040, 6044, 6048, 6052, 6056, 6060, 6064, 6068, 6072, 6076, 6080, 6084, 6088, 6092, 6096, 6100, 6104, 6108, 6112, 6116, 6120, 6124, 6128, 6132, 6136, 6140, 6144, 6148, 6152, 6156, 6160, 6164, 6168, 6172, 6176, 6180, 6184, 6188, 6192, 6196, 6200, 6204, 6208, 6212, 6216, 6220, 6224, 6228, 6232, 6236, 6240, 6244, 6248, 6252, 6256, 6260, 6264, 6268, 6272, 6276, 6280, 6284, 6288, 6292, 6296, 6300, 6304, 6308, 6312, 6316, 6320, 6324, 6328, 6332, 6336, 6340, 6344, 6348, 6352, 6356, 6360, 6364, 6368, 6372, 6376, 6380, 6384, 6388, 6392, 6396, 6400, 6404, 6408, 6412, 6416, 6420, 6424, 6428, 6432, 6436, 6440, 6444, 6448, 6452, 6456, 6460, 6464, 6468, 6472, 6476, 6480, 6484, 6488, 6492, 6496, 6500, 6504, 6508, 6512, 6516, 6520, 6524, 6528, 6532, 6536, 6540, 6544, 6548, 6552, 6556, 6560, 6564, 6568, 6572, 6576, 6580, 6584, 6588, 6592, 6596, 6600, 6604, 6608, 6612, 6616, 6620, 6624, 6628, 6632, 6636, 6640, 6644, 6648, 6652, 6656, 6660, 6664, 6668, 6672, 6676, 6680, 6684, 6688, 6692, 6696, 6700, 6704, 6708, 6712, 6716, 6720, 6724, 6728, 6732, 6736, 6740, 6744, 6748, 6752, 6756, 6760, 6764, 6768, 6772, 6776, 6780, 6784, 6788, 6792, 6796, 6800, 6804, 6808, 6812, 6816, 6820, 6824, 6828, 6832, 6836, 6840, 6844, 6848, 6852, 6856, 6860, 6864, 6868, 6872, 6876, 6880, 6884, 6888, 6892, 6896, 6900, 6904, 6908, 6912, 6916, 6920, 6924, 6928, 6932, 6936, 6940, 6944, 6948, 6952, 6956, 6960, 6964, 6968, 6972, 6976, 6980, 6984, 6988, 6992, 6996, 7000, 7004, 7008, 7012, 7016, 7020, 7024, 7028, 7032, 7036, 7040, 7044, 7048, 7052, 7056, 7060, 7064, 7068, 7072, 7076, 7080, 7084, 7088, 7092, 7096, 7100, 7104, 7108, 7112, 7116, 7120, 7124, 7128, 7132, 7136, 7140, 7144, 7148, 7152, 7156, 7160, 7164, 7168, 7172, 7176, 7180, 7184, 7188, 7192, 7196, 7200, 7204, 7208, 7212, 7216, 7220, 7224, 7228, 7232, 7236, 7240, 7244, 7248, 7252, 7256, 7260, 7264, 7268, 7272, 7276, 7280, 7284, 7288, 7292, 7296, 7300, 7304, 7308, 7312, 7316, 7320, 7324, 7328, 7332, 7336, 7340, 7344, 7348, 7352, 7356, 7360, 7364, 7368, 7372, 7376, 7380, 7384, 7388, 7392, 7396, 7400, 7404, 7408, 7412, 7416, 7420, 7424, 7428, 7432, 7436, 7440, 7444, 7448, 7452, 7456, 7460, 7464, 7468, 7472, 7476, 7480, 7484, 7488, 7492, 7496, 7500, 7504, 7508, 7512, 7516, 7520, 7524, 7528, 7532, 7536, 7540, 7544, 7548, 7552, 7556, 7560, 7564, 7568, 7572, 7576, 7580, 7584, 7588, 7592, 7596, 7600, 7604, 7608, 7612, 7616, 7620, 7624, 7628, 7632, 7636, 7640, 7644, 7648, 7652, 7656, 7660, 7664, 7668, 7672, 7676, 7680, 7684, 7688, 7692, 7696, 7700, 7704, 7708, 7712, 7716, 7720, 7724, 7728, 7732, 7736, 7740, 7744, 7748, 7752, 7756, 7760, 7764, 7768, 7772, 7776, 7780, 7784, 7788, 7792, 7796, 7800, 7804, 7808, 7812, 7816, 7820, 7824, 7828, 7832, 7836, 7840, 7844, 7848, 7852, 7856, 7860, 7864, 7868, 7872, 7876, 7880, 7884, 7888, 7892, 7896, 7900, 7904, 7908, 7912, 7916, 7920, 7924, 7928, 7932, 7936, 7940, 7944, 7948, 7952, 7956, 7960, 7964, 7968, 7972, 7976, 7980, 7984, 7988, 7992, 7996, 8000, 8004, 8008, 8012, 8016, 8020, 8024, 8028, 8032, 8036, 8040, 8044, 8048, 8052, 8056, 8060, 8064, 8068, 8072, 8076, 8080, 8084, 8088, 8092, 8096, 8100, 8104, 8108, 8112, 8116, 8120, 8124, 8128, 8132, 8136, 8140, 8144, 8148, 8152, 8156, 8160, 8164, 8168, 8172, 8176, 8180, 8184, 8188, 8192, 8196, 8200, 8204, 8208, 8212, 8216, 8220, 8224, 8228, 8232, 8236, 8240, 8244, 8248, 8252, 8256, 8260, 8264, 8268, 8272, 8276, 8280, 8284, 8288, 8292, 8296, 8300, 8304, 8308, 8312, 8316, 8320, 8324, 8328, 8332, 8336, 8340, 8344, 8348, 8352, 8356, 8360, 8364, 8368, 8372, 8376, 8380, 8384, 8388, 8392, 8396, 8400, 8404, 8408, 8412, 8416, 8420, 8424, 8428, 8432, 8436, 8440, 8444, 8448, 8452, 8456, 8460, 8464, 8468, 8472, 8476, 8480, 8484, 8488, 8492, 8496, 8500, 8504, 8508, 8512, 8516, 8520, 8524, 8528, 8532, 8536, 8540, 8544, 8548, 8552, 8556, 8560, 8564, 8568, 8572, 8576, 8580, 8584, 8588, 8592, 8596, 8600, 8604, 8608, 8612, 8616, 8620, 8624, 8628, 8632, 8636, 8640, 8644, 8648, 8652, 8656, 8660, 8664, 8668, 8672, 8676, 8680, 8684, 8688, 8692, 8696, 8700, 8704, 8708, 8712, 8716, 8720, 8724, 8728, 8732, 8736, 8740, 8744, 8748, 8752, 8756, 8760, 8764, 8768, 8772, 8776, 8780, 8784, 8788, 8792, 8796, 8800, 8804, 8808, 8812, 8816, 8820, 8824, 8828, 8832, 8836, 8840, 8844, 8848, 8852, 8856, 8860, 8864, 8868, 8872, 8876, 8880, 8884, 8888, 8892, 8896, 8900, 8904, 8908, 8912, 8916, 8920, 8924, 8928, 8932, 8936, 8940, 8944, 8948, 8952, 8956, 8960, 8964, 8968, 8972, 8976, 8980, 8984, 8988, 8992, 8996, 9000, 9004, 9008, 9012, 9016, 9020, 9024, 9028, 9032, 9036, 9040, 9044, 9048, 9052, 9056, 9060, 9064, 9068, 9072, 9076, 9080, 9084, 9088, 9092, 9096, 9100, 9104, 9108, 9112, 9116, 9120, 9124, 9128, 9132, 9136, 9140, 9144, 9148, 9152, 9156, 9160, 9164, 9168, 9172, 9176, 9180, 9184, 9188, 9192, 9196, 9200, 9204, 9208, 9212, 9216, 9220, 9224, 9228, 9232, 9236, 9240, 9244, 9248, 9252, 9256, 9260, 9264, 9268, 9272, 9276, 9280, 9284, 9288, 9292, 9296, 9300, 9304, 9308, 9312, 9316, 9320, 9324, 9328, 9332, 9336, 9340, 9344, 9348, 9352, 9356, 9360, 9364, 9368, 9372, 9376, 9380, 9384, 9388, 9392, 9396, 9400, 9404, 9408, 9412, 9416, 9420, 9424, 9428, 9432, 9436, 9440, 9444, 9448, 9452, 9456, 9460, 9464, 9468, 9472, 9476, 9480, 9484, 9488, 9492, 9496, 9500, 9504, 9508, 9512, 9516, 9520, 9524, 9528, 9532, 9536, 9540, 9544, 9548, 9552, 9556, 9560, 9564, 9568, 9572, 9576, 9580, 9584, 9588, 9592, 9596, 9600, 9604, 9608, 9612, 9616, 9620, 9624, 9628, 9632, 9636, 9640, 9644, 9648, 9652, 9656, 9660, 9664, 9668, 9672, 9676, 9680, 9684, 9688, 9692, 9696, 9700, 9704, 9708, 9712, 9716, 9720, 9724, 9728, 9732, 9736, 9740, 9744, 9748, 9752, 9756, 9760, 9764, 9768, 9772, 9776, 9780, 9784, 9788, 9792, 9796, 9800, 9804, 9808, 9812, 9816, 9820, 9824, 9828, 9832, 9836, 9840, 9844, 9848, 9852, 9856, 9860, 9864, 9868, 9872, 9876, 9880, 9884, 9888, 9892, 9896, 9900, 9904, 9908, 9912, 9916, 9920, 9924, 9928, 9932, 9936, 9940, 9944, 9948, 9952, 9956, 9960, 9964, 9968, 9972, 9976, 9980, 9984, 9988, 9992, 9996, 10000, 10004, 10008, 10012, 10016, 10020, 10024, 10028, 10032, 10036, 10040, 10044, 10048, 10052, 10056, 10060, 10064, 10068, 10072, 10076, 10080, 10084, 10088, 10092, 10096, 10100, 10104, 10108, 10112, 10116, 10120, 10124, 10128, 10132, 10136, 10140, 10144, 10148, 10152, 10156, 10160, 10164, 10168, 10172, 10176, 10180, 10184, 10188, 10192, 10196, 10200, 10204, 10208, 10212, 10216, 10220, 10224, 10228, 10232, 10236, 10240, 10244, 10248, 10252, 10256, 10260, 10264, 10268, 10272, 10276, 10280, 10284, 10288, 10292, 10296, 10300, 10304, 10308, 10312, 10316, 10320, 10324, 10328, 10332, 10336, 10340, 10344, 10348, 10352, 10356, 10360, 10364, 10368, 10372, 10376, 10380, 10384, 10388, 10392, 10396, 10400, 10404, 10408, 10412, 10416, 10420, 10424, 10428, 10432, 10436, 10440, 10444, 10448, 10452, 10456, 10460, 10464, 10468, 10472, 10476, 10480, 10484, 10488, 10492, 10496, 10500, 10504, 10508, 10512, 10516, 10520, 10524, 10528, 10532, 10536, 10540, 10544, 10548, 10552, 10556, 10560, 10564, 10568, 10572, 10576, 10580, 10584, 10588, 10592, 10596, 10600, 10604, 10608, 10612, 10616, 10620, 10624, 10628, 10632, 10636, 10640, 10644, 10648, 10652, 10656, 10660, 10664, 10668, 10672, 10676, 10680, 10684, 10688, 10692, 10696, 10700, 10704, 10708, 10712, 10716, 10720, 10724, 10728, 10732, 10736, 10740, 10744, 10748, 10752, 10756, 10760, 10764, 10768, 10772, 10776, 10780, 10784, 10788, 10792, 10796, 10800, 10804, 10808, 10812, 10816, 10820, 10824, 10828, 10832, 10836, 10840, 10844, 10848, 10852, 10856, 10860, 10864, 10868, 10872, 10876, 10880, 10884, 10888, 10892, 10896, 10900, 10904, 10908, 10912, 10916, 10920, 10924, 10928, 10932, 10936, 10940, 10944, 10948, 10952, 10956, 10960, 10964, 10968, 10972, 10976, 10980, 10984, 10988, 10992, 10996, 11000, 11004, 11008, 11012, 11016, 11020, 11024, 11028, 11032, 11036, 11040, 11044, 11048, 11052, 11056, 11060, 11064, 11068, 11072, 11076, 11080, 11084, 11088, 11092, 11096, 11100, 11104, 11108, 11112, 11116, 11120, 11124, 11128, 11132, 11136, 11140, 11144, 11148, 11152, 11156, 11160, 11164, 11168, 11172, 11176, 11180, 11184, 11188, 11192, 11196, 11200, 11204, 11208, 11212, 11216, 11220, 11224, 11228, 11232, 11236, 11240, 11244, 11248, 11252, 11256, 11260, 11264, 11268, 11272, 11276, 11280, 11284, 11288, 11292, 11296, 11300, 11304, 11308, 11312, 11316, 11320, 11324, 11328, 11332, 11336, 11340, 11344, 11348, 11352, 11356, 11360, 11364, 11368, 11372, 11376, 11380, 11384, 11388, 11392, 11396, 11400, 11404, 11408, 11412, 11416, 11420, 11424, 11428, 11432, 11436, 11440, 11444, 11448, 11452, 11456, 11460, 11464, 11468, 11472, 11476, 11480, 11484, 11488, 11492, 11496, 11500, 11504, 11508, 11512, 11516, 11520, 11524, 11528, 11532, 11536, 11540, 11544, 11548, 11552, 11556, 11560, 11564, 11568, 11572, 11576, 11580, 11584, 11588, 11592, 11596, 11600, 11604, 11608, 11612, 11616, 11620, 11624, 11628, 11632, 11636, 11640, 11644, 11648, 11652, 11656, 11660, 11664, 11668, 11672, 11676, 11680, 11684, 11688, 11692, 11696, 11700, 11704, 11708, 11712, 11716, 11720, 11724, 11728, 11732, 11736, 11740, 11744, 11748, 11752, 11756, 11760, 11764, 11768, 11772, 11776, 11780, 11784, 11788, 11792, 11796, 11800, 11804, 11808, 11812, 11816, 11820, 11824, 11828, 11832, 11836, 11840, 11844, 11848, 11852, 11856, 11860, 11864, 11868, 11872, 11876, 11880, 11884, 11888, 11892, 11896, 11900, 11904, 11908, 11912, 11916, 11920, 11924, 11928, 11932, 11936, 11940, 11944, 11948, 11952, 11956, 11960, 11964, 11968, 11972, 11976, 11980, 11984, 11988, 11992, 11996, 12000, 12004, 12008, 12012, 12016, 12020, 12024, 12028, 12032, 12036, 12040, 12044, 12048, 12052, 12056, 12060, 12064, 12068, 12072, 12076, 12080, 12084, 12088, 12092, 12096, 12100, 12104, 12108, 12112, 12116, 12120, 12124, 12128, 12132, 12136, 12140, 12144, 12148, 12152, 12156, 12160, 12164, 12168, 12172, 12176, 12180, 12184, 12188, 12192, 12196, 12200, 12204, 12208, 12212, 12216, 12220, 12224, 12228, 12232, 12236, 12240, 12244, 12248, 12252, 12256, 12260, 12264, 12268, 12272, 12276, 12280, 12284, 12288, 12292, 12296, 12300, 12304, 12308, 12312, 12316, 12320, 12324, 12328, 12332, 12336, 12340, 12344, 12348, 12352, 12356, 12360, 12364, 12368, 12372, 12376, 12380, 12384, 12388, 12392, 12396, 12400, 12404, 12408, 12412, 12416, 12420, 12424, 12428, 12432, 12436, 12440, 12444, 12448, 12452, 12456, 12460, 12464, 12468, 12472, 12476, 12480, 12484, 12488, 12492, 12496, 12500, 12504, 12508, 12512, 12516, 12520, 12524, 12528, 12532, 12536, 12540, 12544, 12548, 12552, 12556, 12560, 12564, 12568, 12572, 12576, 12580, 12584, 12588, 12592, 12596, 12600, 12604, 12608, 12612, 12616, 12620, 12624, 12628, 12632, 12636, 12640, 12644, 12648, 12652, 12656, 12660, 12664, 12668, 12672, 12676, 12680, 12684, 12688, 12692, 12696, 12700, 12704, 12708, 12712, 12716, 12720, 12724, 12728, 12732, 12736, 12740, 12744, 12748, 12752, 12756, 12760, 12764, 12768, 12772, 12776, 12780, 12784, 12788, 12792, 12796, 12800, 12804, 12808, 12812, 12816, 12820, 12824, 12828, 12832, 12836, 12840, 12844, 12848, 12852, 12856, 12860, 12864, 12868, 12872, 12876, 12880, 12884, 12888, 12892, 12896, 12900, 12904, 12908, 12912, 12916, 12920, 12924, 12928, 12932, 12936, 12940, 12944, 12948, 12952, 12956, 12960, 12964, 12968, 12972, 12976, 12980, 12984, 12988, 12992, 12996, 13000, 13004, 13008, 13012, 13016, 13020, 13024, 13028, 13032, 13036, 13040, 13044, 13048, 13052, 13056, 13060, 13064, 13068, 13072, 13076, 13080, 13084, 13088, 13092, 13096, 13100, 13104, 13108, 13112, 13116, 13120, 13124, 13128, 13132, 13136, 13140, 13144, 13148, 13152, 13156, 13160, 13164, 13168, 13172, 13176, 13180, 13184, 13188, 13192, 13196, 13200, 13204, 13208, 13212, 13216, 13220, 13224, 13228, 13232, 13236, 13240, 13244, 13248, 13252, 13256, 13260, 13264, 13268, 13272, 13276, 13280, 13284, 13288, 13292, 13296, 13300, 13304, 13308, 13312, 13316, 13320, 13324, 13328, 13332, 13336, 13340, 13344, 13348, 13352, 13356, 13360, 13364, 13368, 13372, 13376, 13380, 13384, 13388, 13392, 13396, 13400, 13404, 13408, 13412, 13416, 13420, 13424, 13428, 13432, 13436, 13440, 13444, 13448, 13452, 13456, 13460, 13464, 13468, 13472, 13476, 13480, 13484, 13488, 13492, 13496, 13500, 13504, 13508, 13512, 13516, 13520, 13524, 13528, 13532, 13536, 13540, 13544, 13548, 13552, 13556, 13560, 13564, 13568, 13572, 13576, 13580, 13584, 13588, 13592, 13596, 13600, 13604, 13608, 13612, 13616, 13620, 13624, 13628, 13632, 13636, 13640, 13644, 13648, 13652, 13656, 13660, 13664, 13668, 13672, 13676, 13680, 13684, 13688, 13692, 13696, 13700, 13704, 13708, 13712, 13716, 13720, 13724, 13728, 13732, 13736, 13740, 13744, 13748, 13752, 13756, 13760, 13764, 13768, 13772, 13776, 13780, 13784, 13788, 13792, 13796, 13800, 13804, 13808, 13812, 13816, 13820, 13824, 13828, 13832, 13836, 13840, 13844, 13848, 13852, 13856, 13860, 13864, 13868, 13872, 13876, 13880, 13884, 13888, 13892, 13896, 13900, 13904, 13908, 13912, 13916, 13920, 13924, 13928, 13932, 13936, 13940, 13944, 13948, 13952, 13956, 13960, 13964, 13968, 13972, 13976, 13980, 13984, 13988, 13992, 13996, 14000, 14004, 14008, 14012, 14016, 14020, 14024, 14028, 14032, 14036, 14040, 14044, 14048, 14052, 14056, 14060, 14064, 14068, 14072, 14076, 14080, 14084, 14088, 14092, 14096, 14100, 14104, 14108, 14112, 14116, 14120, 14124, 14128, 14132, 14136, 14140, 14144, 14148, 14152, 14156, 14160, 14164, 14168, 14172, 14176, 14180, 14184, 14188, 14192, 14196, 14200, 14204, 14208, 14212, 14216, 14220, 14224, 14228, 14232, 14236, 14240, 14244, 14248, 14252, 14256, 14260, 14264, 14268, 14272, 14276, 14280, 14284, 14288, 14292, 14296, 14300, 14304, 14308, 14312, 14316, 14320, 14324, 14328, 14332, 14336, 14340, 14344, 14348, 14352, 14356, 14360, 14364, 14368, 14372, 14376, 14380, 14384, 14388, 14392, 14396, 14400, 14404, 14408, 14412, 14416, 14420, 14424, 14428, 14432, 14436, 14440, 14444, 14448, 14452, 14456, 14460, 14464, 14468, 14472, 14476, 14480, 14484, 14488, 14492, 14496, 14500, 14504, 14508, 14512, 14516, 14520, 14524, 14528, 14532, 14536, 14540, 14544, 14548, 14552, 14556, 14560, 14564, 14568, 14572, 14576, 14580, 14584, 14588, 14592, 14596, 14600, 14604, 14608, 14612, 14616, 14620, 14624, 14628, 14632, 14636, 14640, 14644, 14648, 14652, 14656, 14660, 14664, 14668, 14672, 14676, 14680, 14684, 14688, 14692, 14696, 14700, 14704, 14708, 14712, 14716, 14720, 14724, 14728, 14732, 14736, 14740, 14744, 14748, 14752, 14756, 14760, 14764, 14768, 14772, 14776, 14780, 14784, 14788, 14792, 14796, 14800, 14804, 14808, 14812, 14816, 14820, 14824, 14828, 14832, 14836, 14840, 14844, 14848, 14852, 14856, 14860, 14864, 14868, 14872, 14876, 14880, 14884, 14888, 14892, 14896, 14900, 14904, 14908, 14912, 14916, 14920, 14924, 14928, 14932, 14936, 14940, 14944, 14948, 14952, 14956, 14960, 14964, 14968, 14972, 14976, 14980, 14984, 14988, 14992, 14996, 15000, 15004, 15008, 15012, 15016, 15020, 15024, 15028, 15032, 15036, 15040, 15044, 15048, 15052, 15056, 15060, 15064, 15068, 15072, 15076, 15080, 15084, 15088, 15092, 15096, 15100, 15104, 15108, 15112, 15116, 15120, 15124, 15128, 15132, 15136, 15140, 15144, 15148, 15152, 15156, 15160, 15164, 15168, 15172, 15176, 15180, 15184, 15188, 15192, 15196, 15200, 15204, 15208, 15212, 15216, 15220, 15224, 15228, 15232, 15236, 15240, 15244, 15248, 15252, 15256, 15260, 15264, 15268, 15272, 15276, 15280, 15284, 15288, 15292, 15296, 15300, 15304, 15308, 15312, 15316, 15320, 15324, 15328, 15332, 15336, 15340, 15344, 15348, 15352, 15356, 15360, 15364, 15368, 15372, 15376, 15380, 15384, 15388, 15392, 15396, 15400, 15404, 15408, 15412, 15416, 15420, 15424, 15428, 15432, 15436, 15440, 15444, 15448, 15452, 15456, 15460, 15464, 15468, 15472, 15476, 15480, 15484, 15488, 15492, 15496, 15500, 15504, 15508, 15512, 15516, 15520, 15524, 15528, 15532, 15536, 15540, 15544, 15548, 15552, 15556, 15560, 15564, 15568, 15572, 15576, 15580, 15584, 15588, 15592, 15596, 15600, 15604, 15608, 15612, 15616, 15620, 15624, 15628, 15632, 15636, 15640, 15644, 15648, 15652, 15656, 15660, 15664, 15668, 15672, 15676, 15680, 15684, 15688, 15692, 15696, 15700, 15704, 15708, 15712, 15716, 15720, 15724, 15728, 15732, 15736, 15740, 15744, 15748, 15752, 15756, 15760, 15764, 15768, 15772, 15776, 15780, 15784, 15788, 15792, 15796, 15800, 15804, 15808, 15812, 15816, 15820, 15824, 15828, 15832, 15836, 15840, 15844, 15848, 15852, 15856, 15860, 15864, 15868, 15872, 15876, 15880, 15884, 15888, 15892, 15896, 15900, 15904, 15908, 15912, 15916, 15920, 15924, 15928, 15932, 15936, 15940, 15944, 15948, 15952, 15956, 15960, 15964, 15968, 15972, 15976, 15980, 15984, 15988, 15992, 15996, 16000, 16004, 16008, 16012, 16016, 16020, 16024, 16028, 16032, 16036, 16040, 16044, 16048, 16052, 16056, 16060, 16064, 16068, 16072, 16076, 16080, 16084, 16088, 16092, 16096, 16100, 16104, 16108, 16112, 16116, 16120, 16124, 16128, 16132, 16136, 16140, 16144, 16148, 16152, 16156, 16160, 16164, 16168, 16172, 16176, 16180, 16184, 16188, 16192, 16196, 16200, 16204, 16208, 16212, 16216, 16220, 16224, 16228, 16232, 16236, 16240, 16244, 16248, 16252, 16256, 16260, 16264, 16268, 16272, 16276, 16280, 16284, 16288, 16292, 16296, 16300, 16304, 16308, 16312, 16316, 16320, 16324, 16328, 16332, 16336, 16340, 16344, 16348, 16352, 16356, 16360, 16364, 16368, 16372, 16376, 16380, 16384, 16388, 16392, 16396, 16400, 16404, 16408, 16412, 16416, 16420, 16424, 16428, 16432, 16436, 16440, 16444, 16448, 16452, 16456, 16460, 16464, 16468, 16472, 16476, 16480, 16484, 16488, 16492, 16496, 16500, 16504, 16508, 16512, 16516, 16520, 16524, 16528, 16532, 16536, 16540, 16544, 16548, 16552, 16556, 16560, 16564, 16568, 16572, 16576, 16580, 16584, 16588, 16592, 16596, 16600, 16604, 16608, 16612, 16616, 16620, 16624, 16628, 16632, 16636, 16640, 16644, 16648, 16652, 16656, 16660, 16664, 16668, 16672, 16676, 16680, 16684, 16688, 16692, 16696, 16700, 16704, 16708, 16712, 16716, 16720, 16724, 16728, 16732, 16736, 16740, 16744, 16748, 16752, 16756, 16760, 16764, 16768, 16772, 16776, 16780, 16784, 16788, 16792, 16796, 16800, 16804, 16808, 16812, 16816, 16820, 16824, 16828, 16832, 16836, 16840, 16844, 16848, 16852, 16856, 16860, 16864, 16868, 16872, 16876, 16880, 16884, 16888, 16892, 16896, 16900, 16904, 16908, 16912, 16916, 16920, 16924, 16928, 16932, 16936, 16940, 16944, 16948, 16952, 16956, 16960, 16964, 16968, 16972, 16976, 16980, 16984, 16988, 16992, 16996, 17000, 17004, 17008, 17012, 17016, 17020, 17024, 17028, 17032, 17036, 17040, 17044, 17048, 17052, 17056, 17060, 17064, 17068, 17072, 17076, 17080, 17084, 17088, 17092, 17096, 17100, 17104, 17108, 17112, 17116, 17120, 17124, 17128, 17132, 17136, 17140, 17144, 17148, 17152, 17156, 17160, 17164, 17168, 17172, 17176, 17180, 17184, 17188, 17192, 17196, 17200, 17204, 17208, 17212, 17216, 17220, 17224, 17228, 17232, 17236, 17240, 17244, 17248, 17252, 17256, 17260, 17264, 17268, 17272, 17276, 17280, 17284, 17288, 17292, 17296, 17300, 17304, 17308, 17312, 17316, 17320, 17324, 17328, 17332, 17336, 17340, 17344, 17348, 17352, 17356, 17360, 17364, 17368, 17372, 17376, 17380, 17384, 17388, 17392, 17396, 17400, 17404, 17408, 17412, 17416, 17420, 17424, 17428, 17432, 17436, 17440, 17444, 17448, 17452, 17456, 17460, 17464, 17468, 17472, 17476, 17480, 17484, 17488, 17492, 17496, 17500, 17504, 17508, 17512, 17516, 17520, 17524, 17528, 17532, 17536, 17540, 17544, 17548, 17552, 17556, 17560, 17564, 17568, 17572, 17576, 17580, 17584, 17588, 17592, 17596, 17600, 17604, 17608, 17612, 17616, 17620, 17624, 17628, 17632, 17636, 17640, 17644, 17648, 17652, 17656, 17660, 17664, 17668, 17672, 17676, 17680, 17684, 17688, 17692, 17696, 17700, 17704, 17708, 17712, 17716, 17720, 17724, 17728, 17732, 17736, 17740, 17744, 17748, 17752, 17756, 17760, 17764, 17768, 17772, 17776, 17780, 17784, 17788, 17792, 17796, 17800, 17804, 17808, 17812, 17816, 17820, 17824, 17828, 17832, 17836, 17840, 17844, 17848, 17852, 17856, 17860, 17864, 17868, 17872, 17876, 17880, 17884, 17888, 17892, 17896, 17900, 17904, 17908, 17912, 17916, 17920, 17924, 17928, 17932, 17936, 17940, 17944, 17948, 17952, 17956, 17960, 17964, 17968, 17972, 17976, 17980, 17984, 17988, 17992, 17996, 18000, 18004, 18008, 18012, 18016, 18020, 18024, 18028, 18032, 18036, 18040, 18044, 18048, 18052, 18056, 18060, 18064, 18068, 18072, 18076, 18080, 18084, 18088, 18092, 18096, 18100, 18104, 18108, 18112, 18116, 18120, 18124, 18128, 18132, 18136, 18140, 18144, 18148, 18152, 18156, 18160, 18164, 18168, 18172, 18176, 18180, 18184, 18188, 18192, 18196, 18200, 18204, 18208, 18212, 18216, 18220, 18224, 18228, 18232, 18236, 18240, 18244, 18248, 18252, 18256, 18260, 18264, 18268, 18272, 18276, 18280, 18284, 18288, 18292, 18296, 18300, 18304, 18308, 18312, 18316, 18320, 18324, 18328, 18332, 18336, 18340, 18344, 18348, 18352, 18356, 18360, 18364, 18368, 18372, 18376, 18380, 18384, 18388, 18392, 18396, 18400, 18404, 18408, 18412, 18416, 18420, 18424, 18428, 18432, 18436, 18440, 18444, 18448, 18452, 18456, 18460, 18464, 18468, 18472, 18476, 18480, 18484, 18488, 18492, 18496, 18500, 18504, 18508, 18512, 18516, 18520, 18524, 18528, 18532, 18536, 18540, 18544, 18548, 18552, 18556, 18560, 18564, 18568, 18572, 18576, 18580, 18584, 18588, 18592, 18596, 18600, 18604, 18608, 18612, 18616, 18620, 18624, 18628, 18632, 18636, 18640, 18644, 18648, 18652, 18656, 18660, 18664, 18668, 18672, 18676, 18680, 18684, 18688, 18692, 18696, 18700, 18704, 18708, 18712, 18716, 18720, 18724, 18728, 18732, 18736, 18740, 18744, 18748, 18752, 18756, 18760, 18764, 18768, 18772, 18776, 18780, 18784, 18788, 18792, 18796, 18800, 18804, 18808, 18812, 18816, 18820, 18824, 18828, 18832, 18836, 18840, 18844, 18848, 18852, 18856, 18860, 18864, 18868, 18872, 18876, 18880, 18884, 18888, 18892, 18896, 18900, 18904, 18908, 18912, 18916, 18920, 18924, 18928, 18932, 18936, 18940, 18944, 18948, 18952, 18956, 18960, 18964, 18968, 18972, 18976, 18980, 18984, 18988, 18992, 18996, 19000, 19004, 19008, 19012, 19016, 19020, 19024, 19028, 19032, 19036, 19040, 19044, 19048, 19052, 19056, 19060, 19064, 19068, 19072, 19076, 19080, 19084, 19088, 19092, 19096, 19100, 19104, 19108, 19112, 19116, 19120, 19124, 19128, 19132, 19136, 19140, 19144, 19148, 19152, 19156, 19160, 19164, 19168, 19172, 19176, 19180, 19184, 19188, 19192, 19196, 19200, 19204, 19208, 19212, 19216, 19220, 19224, 19228, 19232, 19236, 19240, 19244, 19248, 19252, 19256, 19260, 19264, 19268, 19272, 19276, 19280, 19284, 19288, 19292, 19296, 19300, 19304, 19308, 19312, 19316, 19320, 19324, 19328, 19332, 19336, 19340, 19344, 19348, 19352, 19356, 19360, 19364, 19368, 19372, 19376, 19380, 19384, 19388, 19392, 19396, 19400, 19404, 19408, 19412, 19416, 19420, 19424, 19428, 19432, 19436, 19440, 19444, 19448, 19452, 19456, 19460, 19464, 19468, 19472, 19476, 19480, 19484, 19488, 19492, 19496, 19500, 19504, 19508, 19512, 19516, 19520, 19524, 19528, 19532, 19536, 19540, 19544, 19548, 19552, 19556, 19560, 19564, 19568, 19572, 19576, 19580, 19584, 19588, 19592, 19596, 19600, 19604, 19608, 19612, 19616, 19620, 19624, 19628, 19632, 19636, 19640, 19644, 19648, 19652, 19656, 19660, 19664, 19668, 19672, 19676, 19680, 19684, 19688, 19692, 19696, 19700, 19704, 19708, 19712, 19716, 19720, 19724, 19728, 19732, 19736, 19740, 19744, 19748, 19752, 19756, 19760, 19764, 19768, 19772, 19776, 19780, 19784, 19788, 19792, 19796, 19800, 19804, 19808, 19812, 19816, 19820, 19824, 19828, 19832, 19836, 19840, 19844, 19848, 19852, 19856, 19860, 19864, 19868, 19872, 19876, 19880, 19884, 19888, 19892, 19896, 19900, 19904, 19908, 19912, 19916, 19920, 19924, 19928, 19932, 19936, 19940, 19944, 19948, 19952, 19956, 19960, 19964, 19968, 19972, 19976, 19980, 19984, 19988, 19992, 19996, 20000, 20004, 20008, 20012, 20016, 20020, 20024, 20028, 20032, 20036, 20040, 20044, 20048, 20052, 20056, 20060, 20064, 20068, 20072, 20076, 20080, 20084, 20088, 20092, 20096, 20100, 20104, 20108, 20112, 20116, 20120, 20124, 20128, 20132, 20136, 20140, 20144, 20148, 20152, 20156, 20160, 20164, 20168, 20172, 20176, 20180, 20184, 20188, 20192, 20196, 20200, 20204, 20208, 20212, 20216, 20220, 20224, 20228, 20232, 20236, 20240, 20244, 20248, 20252, 20256, 20260, 20264, 20268, 20272, 20276, 20280, 20284, 20288, 20292, 20296, 20300, 20304, 20308, 20312, 20316, 20320, 20324, 20328, 20332, 20336, 20340, 20344, 20348, 20352, 20356, 20360, 20364, 20368, 20372, 20376, 20380, 20384, 20388, 20392, 20396, 20400, 20404, 20408, 20412, 20416, 20420, 20424, 20428, 20432, 20436, 20440, 20444, 20448, 20452, 20456, 20460, 20464, 20468, 20472, 20476, 20480, 20484, 20488, 20492, 20496, 20500, 20504, 20508, 20512, 20516, 20520, 20524, 20528, 20532, 20536, 20540, 20544, 20548, 20552, 20556, 20560, 20564, 20568, 20572, 20576, 20580, 20584, 20588, 20592, 20596, 20600, 20604, 20608, 20612, 20616, 20620, 20624, 20628, 20632, 20636, 20640, 20644, 20648, 20652, 20656, 20660, 20664, 20668, 20672, 20676, 20680, 20684, 20688, 20692, 20696, 20700, 20704, 20708, 20712, 20716, 20720, 20724, 20728, 20732, 20736, 20740, 20744, 20748, 20752, 20756, 20760, 20764, 20768, 20772, 20776, 20780, 20784, 20788, 20792, 20796, 20800, 20804, 20808, 20812, 20816, 20820, 20824, 20828, 20832, 20836, 20840, 20844, 20848, 20852, 20856, 20860, 20864, 20868, 20872, 20876, 20880, 20884, 20888, 20892, 20896, 20900, 20904, 20908, 20912, 20916, 20920, 20924, 20928, 20932, 20936, 20940, 20944, 20948, 20952, 20956, 20960, 20964, 20968, 20972, 20976, 20980, 20984, 20988, 20992, 20996, 21000, 21004, 21008, 21012, 21016, 21020, 21024, 21028, 21032, 21036, 21040, 21044, 21048, 21052, 21056, 21060, 21064, 21068, 21072, 21076, 21080, 21084, 21088, 21092, 21096, 21100, 21104, 21108, 21112, 21116, 21120, 21124, 21128, 21132, 21136, 21140, 21144, 21148, 21152, 21156, 21160, 21164, 21168, 21172, 21176, 21180, 21184, 21188, 21192, 21196, 21200, 21204, 21208, 21212, 21216, 21220, 21224, 21228, 21232, 21236, 21240, 21244, 21248, 21252, 21256, 21260, 21264, 21268, 21272, 21276, 21280, 21284, 21288, 21292, 21296, 21300, 21304, 21308, 21312, 21316, 21320, 21324, 21328, 21332, 21336, 21340, 21344, 21348, 21352, 21356, 21360, 21364, 21368, 21372, 21376, 21380, 21384, 21388, 21392, 21396, 21400, 21404, 21408, 21412, 21416, 21420, 21424, 21428, 21432, 21436, 21440, 21444, 21448, 21452, 21456, 21460, 21464, 21468, 21472, 21476, 21480, 21484, 21488, 21492, 21496, 21500, 21504, 21508, 21512, 21516, 21520, 21524, 21528, 21532, 21536, 21540, 21544, 21548, 21552, 21556, 21560, 21564, 21568, 21572, 21576, 21580, 21584, 21588, 21592, 21596, 21600, 21604, 21608, 21612, 21616, 21620, 21624, 21628, 21632, 21636, 21640, 21644, 21648, 21652, 21656, 21660, 21664, 21668, 21672, 21676, 21680, 21684, 21688, 21692, 21696, 21700, 21704, 21708, 21712, 21716, 21720, 21724, 21728, 21732, 21736, 21740, 21744, 21748, 21752, 21756, 21760, 21764, 21768, 21772, 21776, 21780, 21784, 21788, 21792, 21796, 21800, 21804, 21808, 21812, 21816, 21820, 21824, 21828, 21832, 21836, 21840, 21844, 21848, 21852, 21856, 21860, 21864, 21868, 21872, 21876, 21880, 21884, 21888, 21892, 21896, 21900, 21904, 21908, 21912, 21916, 21920, 21924, 21928, 21932, 21936, 21940, 21944, 21948, 21952, 21956, 21960, 21964, 21968, 21972, 21976, 21980, 21984, 21988, 21992, 21996, 22000, 22004, 22008, 22012, 22016, 22020, 22024, 22028, 22032, 22036, 22040, 22044, 22048, 22052, 22056, 22060, 22064, 22068, 22072, 22076, 22080, 22084, 22088, 22092, 22096, 22100, 22104, 22108, 22112, 22116, 22120, 22124, 22128, 22132, 22136, 22140, 22144, 22148, 22152, 22156, 22160, 22164, 22168, 22172, 22176, 22180, 22184, 22188, 22192, 22196, 22200, 22204, 22208, 22212, 22216, 22220, 22224, 22228, 22232, 22236, 22240, 22244, 22248, 22252, 22256, 22260, 22264, 22268, 22272, 22276, 22280, 22284, 22288, 22292, 22296, 22300, 22304, 22308, 22312, 22316, 22320, 22324, 22328, 22332, 22336, 22340, 22344, 22348, 22352, 22356, 22360, 22364, 22368, 22372, 22376, 22380, 22384, 22388, 22392, 22396, 22400, 22404, 22408, 22412, 22416, 22420, 22424, 22428, 22432, 22436, 22440, 22444, 22448, 22452, 22456, 22460, 22464, 22468, 22472, 22476, 22480, 22484, 22488, 22492, 22496, 22500, 22504, 22508, 22512, 22516, 22520, 22524, 22528, 22532, 22536, 22540, 22544, 22548, 22552, 22556, 22560, 22564, 22568, 22572, 22576, 22580, 22584, 22588, 22592, 22596, 22600, 22604, 22608, 22612, 22616, 22620, 22624, 22628, 22632, 22636, 22640, 22644, 22648, 22652, 22656, 22660, 22664, 22668, 22672, 22676, 22680, 22684, 22688, 22692, 22696, 22700, 22704, 22708, 22712, 22716, 22720, 22724, 22728, 22732, 22736, 22740, 22744, 22748, 22752, 22756, 22760, 22764, 22768, 22772, 22776, 22780, 22784, 22788, 22792, 22796, 22800, 22804, 22808, 22812, 22816, 22820, 22824, 22828, 22832, 22836, 22840, 22844, 22848, 22852, 22856, 22860, 22864, 22868, 22872, 22876, 22880, 22884, 22888, 22892, 22896, 22900, 22904, 22908, 22912, 22916, 22920, 22924, 22928, 22932, 22936, 22940, 22944, 22948, 22952, 22956, 22960, 22964, 22968, 22972, 22976, 22980, 22984, 22988, 22992, 22996, 23000, 23004, 23008, 23012, 23016, 23020, 23024, 23028, 23032, 23036, 23040, 23044, 23048, 23052, 23056, 23060, 23064, 23068, 23072, 23076, 23080, 23084, 23088, 23092, 23096, 23100, 23104, 23108, 23112, 23116, 23120, 23124, 23128, 23132, 23136, 23140, 23144, 23148, 23152, 23156, 23160, 23164, 23168, 23172, 23176, 23180, 23184, 23188, 23192, 23196, 23200, 23204, 23208, 23212, 23216, 23220, 23224, 23228, 23232, 23236, 23240, 23244, 23248, 23252, 23256, 23260, 23264, 23268, 23272, 23276, 23280, 23284, 23288, 23292, 23296, 23300, 23304, 23308, 23312, 23316, 23320, 23324, 23328, 23332, 23336, 23340, 23344, 23348, 23352, 23356, 23360, 23364, 23368, 23372, 23376, 23380, 23384, 23388, 23392, 23396, 23400, 23404, 23408, 23412, 23416, 23420, 23424, 23428, 23432, 23436, 23440, 23444, 23448, 23452, 23456, 23460, 23464, 23468, 23472, 23476, 23480, 23484, 23488, 23492, 23496, 23500, 23504, 23508, 23512, 23516, 23520, 23524, 23528, 23532, 23536, 23540, 23544, 23548, 23552, 23556, 23560, 23564, 23568, 23572, 23576, 23580, 23584, 23588, 23592, 23596, 23600, 23604, 23608, 23612, 23616, 23620, 23624, 23628, 23632, 23636, 23640, 23644, 23648, 23652, 23656, 23660, 23664, 23668, 23672, 23676, 23680, 23684, 23688, 23692, 23696, 23700, 23704, 23708, 23712, 23716, 23720, 23724, 23728, 23732, 23736, 23740, 23744, 23748, 23752, 23756, 23760, 23764, 23768, 23772, 23776, 23780, 23784, 23788, 23792, 23796, 23800, 23804, 23808, 23812, 23816, 23820, 23824, 23828, 23832, 23836, 23840, 23844, 23848, 23852, 23856, 23860, 23864, 23868, 23872, 23876, 23880, 23884, 23888, 23892, 23896, 23900, 23904, 23908, 23912, 23916, 23920, 23924, 23928, 23932, 23936, 23940, 23944, 23948, 23952, 23956, 23960, 23964, 23968, 23972, 23976, 23980, 23984, 23988, 23992, 23996, 24000, 24004, 24008, 24012, 24016, 24020, 24024, 24028, 24032, 24036, 24040, 24044, 24048, 24052, 24056, 24060, 24064, 24068, 24072, 24076, 24080, 24084, 24088, 24092, 24096, 24100, 24104, 24108, 24112, 24116, 24120, 24124, 24128, 24132, 24136, 24140, 24144, 24148, 24152, 24156, 24160, 24164, 24168, 24172, 24176, 24180, 24184, 24188, 24192, 24196, 24200, 24204, 24208, 24212, 24216, 24220, 24224, 24228, 24232, 24236, 24240, 24244, 24248, 24252, 24256, 24260, 24264, 24268, 24272, 24276, 24280, 24284, 24288, 24292, 24296, 24300, 24304, 24308, 24312, 24316, 24320, 24324, 24328, 24332, 24336, 24340, 24344, 24348, 24352, 24356, 24360, 24364, 24368, 24372, 24376, 24380, 24384, 24388, 24392, 24396, 24400, 24404, 24408, 24412, 24416, 24420, 24424, 24428, 24432, 24436, 24440, 24444, 24448, 24452, 24456, 24460, 24464, 24468, 24472, 24476, 24480, 24484, 24488, 24492, 24496, 24500, 24504, 24508, 24512, 24516, 24520, 24524, 24528, 24532, 24536, 24540, 24544, 24548, 24552, 24556, 24560, 24564, 24568, 24572, 24576, 24580, 24584, 24588, 24592, 24596, 24600, 24604, 24608, 24612, 24616, 24620, 24624, 24628, 24632, 24636, 24640, 24644, 24648, 24652, 24656, 24660, 24664, 24668, 24672, 24676, 24680, 24684, 24688, 24692, 24696, 24700, 24704, 24708, 24712, 24716, 24720, 24724, 24728, 24732, 24736, 24740, 24744, 24748, 24752, 24756, 24760, 24764, 24768, 24772, 24776, 24780, 24784, 24788, 24792, 24796, 24800, 24804, 24808, 24812, 24816, 24820, 24824, 24828, 24832, 24836, 24840, 24844, 24848, 24852, 24856, 24860, 24864, 24868, 24872, 24876, 24880, 24884, 24888, 24892, 24896, 24900, 24904, 24908, 24912, 24916, 24920, 24924, 24928, 24932, 24936, 24940, 24944, 24948, 24952, 24956, 24960, 24964, 24968, 24972, 24976, 24980, 24984, 24988, 24992, 24996, 25000, 25004, 25008, 25012, 25016, 25020, 25024, 25028, 25032, 25036, 25040, 25044, 25048, 25052, 25056, 25060, 25064, 25068, 25072, 25076, 25080, 25084, 25088, 25092, 25096, 25100, 25104, 25108, 25112, 25116, 25120, 25124, 25128, 25132, 25136, 25140, 25144, 25148, 25152, 25156, 25160, 25164, 25168, 25172, 25176, 25180, 25184, 25188, 25192, 25196, 25200, 25204, 25208, 25212, 25216, 25220, 25224, 25228, 25232, 25236, 25240, 25244, 25248, 25252, 25256, 25260, 25264, 25268, 25272, 25276, 25280, 25284, 25288, 25292, 25296, 25300, 25304, 25308, 25312, 25316, 25320, 25324, 25328, 25332, 25336, 25340, 25344, 25348, 25352, 25356, 25360, 25364, 25368, 25372, 25376, 25380, 25384, 25388, 25392, 25396, 25400, 25404, 25408, 25412, 25416, 25420, 25424, 25428, 25432, 25436, 25440, 25444, 25448, 25452, 25456, 25460, 25464, 25468, 25472, 25476, 25480, 25484, 25488, 25492, 25496, 25500, 25504, 25508, 25512, 25516, 25520, 25524, 25528, 25532, 25536, 25540, 25544, 25548, 25552, 25556, 25560, 25564, 25568, 25572, 25576, 25580, 25584, 25588, 25592, 25596, 25600, 25604, 25608, 25612, 25616, 25620, 25624, 25628, 25632, 25636, 25640, 25644, 25648, 25652, 25656, 25660, 25664, 25668, 25672, 25676, 25680, 25684, 25688, 25692, 25696, 25700, 25704, 25708, 25712, 25716, 25720, 25724, 25728, 25732, 25736, 25740, 25744, 25748, 25752, 25756, 25760, 25764, 25768, 25772, 25776, 25780, 25784, 25788, 25792, 25796, 25800, 25804, 25808, 25812, 25816, 25820, 25824, 25828, 25832, 25836, 25840, 25844, 25848, 25852, 25856, 25860, 25864, 25868, 25872, 25876, 25880, 25884, 25888, 25892, 25896, 25900, 25904, 25908, 25912, 25916, 25920, 25924, 25928, 25932, 25936, 25940, 25944, 25948, 25952, 25956, 25960, 25964, 25968, 25972, 25976, 25980, 25984, 25988, 25992, 25996, 26000, 26004, 26008, 26012, 26016, 26020, 26024, 26028, 26032, 26036, 26040, 26044, 26048, 26052, 26056, 26060, 26064, 26068, 26072, 26076, 26080, 26084, 26088, 26092, 26096, 26100, 26104, 26108, 26112, 26116, 26120, 26124, 26128, 26132, 26136, 26140, 26144, 26148, 26152, 26156, 26160, 26164, 26168, 26172, 26176, 26180, 26184, 26188, 26192, 26196, 26200, 26204, 26208, 26212, 26216, 26220, 26224, 26228, 26232, 26236, 26240, 26244, 26248, 26252, 26256, 26260, 26264, 26268, 26272, 26276, 26280, 26284, 26288, 26292, 26296, 26300, 26304, 26308, 26312, 26316, 26320, 26324, 26328, 26332, 26336, 26340, 26344, 26348, 26352, 26356, 26360, 26364, 26368, 26372, 26376, 26380, 26384, 26388, 26392, 26396, 26400, 26404, 26408, 26412, 26416, 26420, 26424, 26428, 26432, 26436, 26440, 26444, 26448, 26452, 26456, 26460, 26464, 26468, 26472, 26476, 26480, 26484, 26488, 26492, 26496, 26500, 26504, 26508, 26512, 26516, 26520, 26524, 26528, 26532, 26536, 26540, 26544, 26548, 26552, 26556, 26560, 26564, 26568, 26572, 26576, 26580, 26584, 26588, 26592, 26596, 26600, 26604, 26608, 26612, 26616, 26620, 26624, 26628, 26632, 26636, 26640, 26644, 26648, 26652, 26656, 26660, 26664, 26668, 26672, 26676, 26680, 26684, 26688, 26692, 26696, 26700, 26704, 26708, 26712, 26716, 26720, 26724, 26728, 26732, 26736, 26740, 26744, 26748, 26752, 26756, 26760, 26764, 26768, 26772, 26776, 26780, 26784, 26788, 26792, 26796, 26800, 26804, 26808, 26812, 26816, 26820, 26824, 26828, 26832, 26836, 26840, 26844, 26848, 26852, 26856, 26860, 26864, 26868, 26872, 26876, 26880, 26884, 26888, 26892, 26896, 26900, 26904, 26908, 26912, 26916, 26920, 26924, 26928, 26932, 26936, 26940, 26944, 26948, 26952, 26956, 26960, 26964, 26968, 26972, 26976, 26980, 26984, 26988, 26992, 26996, 27000, 27004, 27008, 27012, 27016, 27020, 27024, 27028, 27032, 27036, 27040, 27044, 27048, 27052, 27056, 27060, 27064, 27068, 27072, 27076, 27080, 27084, 27088, 27092, 27096, 27100, 27104, 27108, 27112, 27116, 27120, 27124, 27128, 27132, 27136, 27140, 27144, 27148, 27152, 27156, 27160, 27164, 27168, 27172, 27176, 27180, 27184, 27188, 27192, 27196, 27200, 27204, 27208, 27212, 27216, 27220, 27224, 27228, 27232, 27236, 27240, 27244, 27248, 27252, 27256, 27260, 27264, 27268, 27272, 27276, 27280, 27284, 27288, 27292, 27296, 27300, 27304, 27308, 27312, 27316, 27320, 27324, 27328, 27332, 27336, 27340, 27344, 27348, 27352, 27356, 27360, 27364, 27368, 27372, 27376, 27380, 27384, 27388, 27392, 27396, 27400, 27404, 27408, 27412, 27416, 27420, 27424, 27428, 27432, 27436, 27440, 27444, 27448, 27452, 27456, 27460, 27464, 27468, 27472, 27476, 27480, 27484, 27488, 27492, 27496, 27500, 27504, 27508, 27512, 27516, 27520, 27524, 27528, 27532, 27536, 27540, 27544, 27548, 27552, 27556, 27560, 27564, 27568, 27572, 27576, 27580, 27584, 27588, 27592, 27596, 27600, 27604, 27608, 27612, 27616, 27620, 27624, 27628, 27632, 27636, 27640, 27644, 27648, 27652, 27656, 27660, 27664, 27668, 27672, 27676, 27680, 27684, 27688, 27692, 27696, 27700, 27704, 27708, 27712, 27716, 27720, 27724, 27728, 27732, 27736, 27740, 27744, 27748, 27752, 27756, 27760, 27764, 27768, 27772, 27776, 27780, 27784, 27788, 27792, 27796, 27800, 27804, 27808, 27812, 27816, 27820, 27824, 27828, 27832, 27836, 27840, 27844, 27848, 27852, 27856, 27860, 27864, 27868, 27872, 27876, 27880, 27884, 27888, 27892, 27896, 27900, 27904, 27908, 27912, 27916, 27920, 27924, 27928, 27932, 27936, 27940, 27944, 27948, 27952, 27956, 27960, 27964, 27968, 27972, 27976, 27980, 27984, 27988, 27992, 27996, 28000, 28004, 28008, 28012, 28016, 28020, 28024, 28028, 28032, 28036, 28040, 28044, 28048, 28052, 28056, 28060, 28064, 28068, 28072, 28076, 28080, 28084, 28088, 28092, 28096, 28100, 28104, 28108, 28112, 28116, 28120, 28124, 28128, 28132, 28136, 28140, 28144, 28148, 28152, 28156, 28160, 28164, 28168, 28172, 28176, 28180, 28184, 28188, 28192, 28196, 28200, 28204, 28208, 28212, 28216, 28220, 28224, 28228, 28232, 28236, 28240, 28244, 28248, 28252, 28256, 28260, 28264, 28268, 28272, 28276, 28280, 28284, 28288, 28292, 28296, 28300, 28304, 28308, 28312, 28316, 28320, 28324, 28328, 28332, 28336, 28340, 28344, 28348, 28352, 28356, 28360, 28364, 28368, 28372, 28376, 28380, 28384, 28388, 28392, 28396, 28400, 28404, 28408, 28412, 28416, 28420, 28424, 28428, 28432, 28436, 28440, 28444, 28448, 28452, 28456, 28460, 28464, 28468, 28472, 28476, 28480, 28484, 28488, 28492, 28496, 28500, 28504, 28508, 28512, 28516, 28520, 28524, 28528, 28532, 28536, 28540, 28544, 28548, 28552, 28556, 28560, 28564, 28568, 28572, 28576, 28580, 28584, 28588, 28592, 28596, 28600, 28604, 28608, 28612, 28616, 28620, 28624, 28628, 28632, 28636, 28640, 28644, 28648, 28652, 28656, 28660, 28664, 28668, 28672, 28676, 28680, 28684, 28688, 28692, 28696, 28700, 28704, 28708, 28712, 28716, 28720, 28724, 28728, 28732, 28736, 28740, 28744, 28748, 28752, 28756, 28760, 28764, 28768, 28772, 28776, 28780, 28784, 28788, 28792, 28796, 28800, 28804, 28808, 28812, 28816, 28820, 28824, 28828, 28832, 28836, 28840, 28844, 28848, 28852, 28856, 28860, 28864, 28868, 28872, 28876, 28880, 28884, 28888, 28892, 28896, 28900, 28904, 28908, 28912, 28916, 28920, 28924, 28928, 28932, 28936, 28940, 28944, 28948, 28952, 28956, 28960, 28964, 28968, 28972, 28976, 28980, 28984, 28988, 28992, 28996, 29000, 29004, 29008, 29012, 29016, 29020, 29024, 29028, 29032, 29036, 29040, 29044, 29048, 29052, 29056, 29060, 29064, 29068, 29072, 29076, 29080, 29084, 29088, 29092, 29096, 29100, 29104, 29108, 29112, 29116, 29120, 29124, 29128, 29132, 29136, 29140, 29144, 29148, 29152, 29156, 29160, 29164, 29168, 29172, 29176, 29180, 29184, 29188, 29192, 29196, 29200, 29204, 29208, 29212, 29216, 29220, 29224, 29228, 29232, 29236, 29240, 29244, 29248, 29252, 29256, 29260, 29264, 29268, 29272, 29276, 29280, 29284, 29288, 29292, 29296, 29300, 29304, 29308, 29312, 29316, 29320, 29324, 29328, 29332, 29336, 29340, 29344, 29348, 29352, 29356, 29360, 29364, 29368, 29372, 29376, 29380, 29384, 29388, 29392, 29396, 29400, 29404, 29408, 29412, 29416, 29420, 29424, 29428, 29432, 29436, 29440, 29444, 29448, 29452, 29456, 29460, 29464, 29468, 29472, 29476, 29480, 29484, 29488, 29492, 29496, 29500, 29504, 29508, 29512, 29516, 29520, 29524, 29528, 29532, 29536, 29540, 29544, 29548, 29552, 29556, 29560, 29564, 29568, 29572, 29576, 29580, 29584, 29588, 29592, 29596, 29600, 29604, 29608, 29612, 29616, 29620, 29624, 29628, 29632, 29636, 29640, 29644, 29648, 29652, 29656, 29660, 29664, 29668, 29672, 29676, 29680, 29684, 29688, 29692, 29696, 29700, 29704, 29708, 29712, 29716, 29720, 29724, 29728, 29732, 29736, 29740, 29744, 29748, 29752, 29756, 29760, 29764, 29768, 29772, 29776, 29780, 29784, 29788, 29792, 29796, 29800, 29804, 29808, 29812, 29816, 29820, 29824, 29828, 29832, 29836, 29840, 29844, 29848, 29852, 29856, 29860, 29864, 29868, 29872, 29876, 29880, 29884, 29888, 29892, 29896, 29900, 29904, 29908, 29912, 29916, 29920, 29924, 29928, 29932, 29936, 29940, 29944, 29948, 29952, 29956, 29960, 29964, 29968, 29972, 29976, 29980, 29984, 29988, 29992, 29996, 30000, 30004, 30008, 30012, 30016, 30020, 30024, 30028, 30032, 30036, 30040, 30044, 30048, 30052, 30056, 30060, 30064, 30068, 30072, 30076, 30080, 30084, 30088, 30092, 30096, 30100, 30104, 30108, 30112, 30116, 30120, 30124, 30128, 30132, 30136, 30140, 30144, 30148, 30152, 30156, 30160, 30164, 30168, 30172, 30176, 30180, 30184, 30188, 30192, 30196, 30200, 30204, 30208, 30212, 30216, 30220, 30224, 30228, 30232, 30236, 30240, 30244, 30248, 30252, 30256, 30260, 30264, 30268, 30272, 30276, 30280, 30284, 30288, 30292, 30296, 30300, 30304, 30308, 30312, 30316, 30320, 30324, 30328, 30332, 30336, 30340, 30344, 30348, 30352, 30356, 30360, 30364, 30368, 30372, 30376, 30380, 30384, 30388, 30392, 30396, 30400, 30404, 30408, 30412, 30416, 30420, 30424, 30428, 30432, 30436, 30440, 30444, 30448, 30452, 30456, 30460, 30464, 30468, 30472, 30476, 30480, 30484, 30488, 30492, 30496, 30500, 30504, 30508, 30512, 30516, 30520, 30524, 30528, 30532, 30536, 30540, 30544, 30548, 30552, 30556, 30560, 30564, 30568, 30572, 30576, 30580, 30584, 30588, 30592, 30596, 30600, 30604, 30608, 30612, 30616, 30620, 30624, 30628, 30632, 30636, 30640, 30644, 30648, 30652, 30656, 30660, 30664, 30668, 30672, 30676, 30680, 30684, 30688, 30692, 30696, 30700, 30704, 30708, 30712, 30716, 30720, 30724, 30728, 30732, 30736, 30740, 30744, 30748, 30752, 30756, 30760, 30764, 30768, 30772, 30776, 30780, 30784, 30788, 30792, 30796, 30800, 30804, 30808, 30812, 30816, 30820, 30824, 30828, 30832, 30836, 30840, 30844, 30848, 30852, 30856, 30860, 30864, 30868, 30872, 30876, 30880, 30884, 30888, 30892, 30896, 30900, 30904, 30908, 30912, 30916, 30920, 30924, 30928, 30932, 30936, 30940, 30944, 30948, 30952, 30956, 30960, 30964, 30968, 30972, 30976, 30980, 30984, 30988, 30992, 30996, 31000, 31004, 31008, 31012, 31016, 31020, 31024, 31028, 31032, 31036, 31040, 31044, 31048, 31052, 31056, 31060, 31064, 31068, 31072, 31076, 31080, 31084, 31088, 31092, 31096, 31100, 31104, 31108, 31112, 31116, 31120, 31124, 31128, 31132, 31136, 31140, 31144, 31148, 31152, 31156, 31160, 31164, 31168, 31172, 31176, 31180, 31184, 31188, 31192, 31196, 31200, 31204, 31208, 31212, 31216, 31220, 31224, 31228, 31232, 31236, 31240, 31244, 31248, 31252, 31256, 31260, 31264, 31268, 31272, 31276, 31280, 31284, 31288, 31292, 31296, 31300, 31304, 31308, 31312, 31316, 31320, 31324, 31328, 31332, 31336, 31340, 31344, 31348, 31352, 31356, 31360, 31364, 31368, 31372, 31376, 31380, 31384, 31388, 31392, 31396, 31400, 31404, 31408, 31412, 31416, 31420, 31424, 31428, 31432, 31436, 31440, 31444, 31448, 31452, 31456, 31460, 31464, 31468, 31472, 31476, 31480, 31484, 31488, 31492, 31496, 31500, 31504, 31508, 31512, 31516, 31520, 31524, 31528, 31532, 31536, 31540, 31544, 31548, 31552, 31556, 31560, 31564, 31568, 31572, 31576, 31580, 31584, 31588, 31592, 31596, 31600, 31604, 31608, 31612, 31616, 31620, 31624, 31628, 31632, 31636, 31640, 31644, 31648, 31652, 31656, 31660, 31664, 31668, 31672, 31676, 31680, 31684, 31688, 31692, 31696, 31700, 31704, 31708, 31712, 31716, 31720, 31724, 31728, 31732, 31736, 31740, 31744, 31748, 31752, 31756, 31760, 31764, 31768, 31772, 31776, 31780, 31784, 31788, 31792, 31796, 31800, 31804, 31808, 31812, 31816, 31820, 31824, 31828, 31832, 31836, 31840, 31844, 31848, 31852, 31856, 31860, 31864, 31868, 31872, 31876, 31880, 31884, 31888, 31892, 31896, 31900, 31904, 31908, 31912, 31916, 31920, 31924, 31928, 31932, 31936, 31940, 31944, 31948, 31952, 31956, 31960, 31964, 31968, 31972, 31976, 31980, 31984, 31988, 31992, 31996, 32000, 32004, 32008, 32012, 32016, 32020, 32024, 32028, 32032, 32036, 32040, 32044, 32048, 32052, 32056, 32060, 32064, 32068, 32072, 32076, 32080, 32084, 32088, 32092, 32096, 32100, 32104, 32108, 32112, 32116, 32120, 32124, 32128, 32132, 32136, 32140, 32144, 32148, 32152, 32156, 32160, 32164, 32168, 32172, 32176, 32180, 32184, 32188, 32192, 32196, 32200, 32204, 32208, 32212, 32216, 32220, 32224, 32228, 32232, 32236, 32240, 32244, 32248, 32252, 32256, 32260, 32264, 32268, 32272, 32276, 32280, 32284, 32288, 32292, 32296, 32300, 32304, 32308, 32312, 32316, 32320, 32324, 32328, 32332, 32336, 32340, 32344, 32348, 32352, 32356, 32360, 32364, 32368, 32372, 32376, 32380, 32384, 32388, 32392, 32396, 32400, 32404, 32408, 32412, 32416, 32420, 32424, 32428, 32432, 32436, 32440, 32444, 32448, 32452, 32456, 32460, 32464, 32468, 32472, 32476, 32480, 32484, 32488, 32492, 32496, 32500, 32504, 32508, 32512, 32516, 32520, 32524, 32528, 32532, 32536, 32540, 32544, 32548, 32552, 32556, 32560, 32564, 32568, 32572, 32576, 32580, 32584, 32588, 32592, 32596, 32600, 32604, 32608, 32612, 32616, 32620, 32624, 32628, 32632, 32636, 32640, 32644, 32648, 32652, 32656, 32660, 32664, 32668, 32672, 32676, 32680, 32684, 32688, 32692, 32696, 32700, 32704, 32708, 32712, 32716, 32720, 32724, 32728, 32732, 32736, 32740, 32744, 32748, 32752, 32756, 32760, 32764, 32768] is subset of [3, 6, 9, 12, 15, 18, 21, 24, 27, 30, 33, 36, 39, 42, 45, 48, 51, 54, 57, 60, 63, 66, 69, 72, 75, 78, 81, 84, 87, 90, 93, 96, 99, 102, 105, 108, 111, 114, 117, 120, 123, 126, 129, 132, 135, 138, 141, 144, 147, 150, 153, 156, 159, 162, 165, 168, 171, 174, 177, 180, 183, 186, 189, 192, 195, 198, 201, 204, 207, 210, 213, 216, 219, 222, 225, 228, 231, 234, 237, 240, 243, 246, 249, 252, 255, 258, 261, 264, 267, 270, 273, 276, 279, 282, 285, 288, 291, 294, 297, 300, 303, 306, 309, 312, 315, 318, 321, 324, 327, 330, 333, 336, 339, 342, 345, 348, 351, 354, 357, 360, 363, 366, 369, 372, 375, 378, 381, 384, 387, 390, 393, 396, 399, 402, 405, 408, 411, 414, 417, 420, 423, 426, 429, 432, 435, 438, 441, 444, 447, 450, 453, 456, 459, 462, 465, 468, 471, 474, 477, 480, 483, 486, 489, 492, 495, 498, 501, 504, 507, 510, 513, 516, 519, 522, 525, 528, 531, 534, 537, 540, 543, 546, 549, 552, 555, 558, 561, 564, 567, 570, 573, 576, 579, 582, 585, 588, 591, 594, 597, 600, 603, 606, 609, 612, 615, 618, 621, 624, 627, 630, 633, 636, 639, 642, 645, 648, 651, 654, 657, 660, 663, 666, 669, 672, 675, 678, 681, 684, 687, 690, 693, 696, 699, 702, 705, 708, 711, 714, 717, 720, 723, 726, 729, 732, 735, 738, 741, 744, 747, 750, 753, 756, 759, 762, 765, 768, 771, 774, 777, 780, 783, 786, 789, 792, 795, 798, 801, 804, 807, 810, 813, 816, 819, 822, 825, 828, 831, 834, 837, 840, 843, 846, 849, 852, 855, 858, 861, 864, 867, 870, 873, 876, 879, 882, 885, 888, 891, 894, 897, 900, 903, 906, 909, 912, 915, 918, 921, 924, 927, 930, 933, 936, 939, 942, 945, 948, 951, 954, 957, 960, 963, 966, 969, 972, 975, 978, 981, 984, 987, 990, 993, 996, 999, 1002, 1005, 1008, 1011, 1014, 1017, 1020, 1023, 1026, 1029, 1032, 1035, 1038, 1041, 1044, 1047, 1050, 1053, 1056, 1059, 1062, 1065, 1068, 1071, 1074, 1077, 1080, 1083, 1086, 1089, 1092, 1095, 1098, 1101, 1104, 1107, 1110, 1113, 1116, 1119, 1122, 1125, 1128, 1131, 1134, 1137, 1140, 1143, 1146, 1149, 1152, 1155, 1158, 1161, 1164, 1167, 1170, 1173, 1176, 1179, 1182, 1185, 1188, 1191, 1194, 1197, 1200, 1203, 1206, 1209, 1212, 1215, 1218, 1221, 1224, 1227, 1230, 1233, 1236, 1239, 1242, 1245, 1248, 1251, 1254, 1257, 1260, 1263, 1266, 1269, 1272, 1275, 1278, 1281, 1284, 1287, 1290, 1293, 1296, 1299, 1302, 1305, 1308, 1311, 1314, 1317, 1320, 1323, 1326, 1329, 1332, 1335, 1338, 1341, 1344, 1347, 1350, 1353, 1356, 1359, 1362, 1365, 1368, 1371, 1374, 1377, 1380, 1383, 1386, 1389, 1392, 1395, 1398, 1401, 1404, 1407, 1410, 1413, 1416, 1419, 1422, 1425, 1428, 1431, 1434, 1437, 1440, 1443, 1446, 1449, 1452, 1455, 1458, 1461, 1464, 1467, 1470, 1473, 1476, 1479, 1482, 1485, 1488, 1491, 1494, 1497, 1500, 1503, 1506, 1509, 1512, 1515, 1518, 1521, 1524, 1527, 1530, 1533, 1536, 1539, 1542, 1545, 1548, 1551, 1554, 1557, 1560, 1563, 1566, 1569, 1572, 1575, 1578, 1581, 1584, 1587, 1590, 1593, 1596, 1599, 1602, 1605, 1608, 1611, 1614, 1617, 1620, 1623, 1626, 1629, 1632, 1635, 1638, 1641, 1644, 1647, 1650, 1653, 1656, 1659, 1662, 1665, 1668, 1671, 1674, 1677, 1680, 1683, 1686, 1689, 1692, 1695, 1698, 1701, 1704, 1707, 1710, 1713, 1716, 1719, 1722, 1725, 1728, 1731, 1734, 1737, 1740, 1743, 1746, 1749, 1752, 1755, 1758, 1761, 1764, 1767, 1770, 1773, 1776, 1779, 1782, 1785, 1788, 1791, 1794, 1797, 1800, 1803, 1806, 1809, 1812, 1815, 1818, 1821, 1824, 1827, 1830, 1833, 1836, 1839, 1842, 1845, 1848, 1851, 1854, 1857, 1860, 1863, 1866, 1869, 1872, 1875, 1878, 1881, 1884, 1887, 1890, 1893, 1896, 1899, 1902, 1905, 1908, 1911, 1914, 1917, 1920, 1923, 1926, 1929, 1932, 1935, 1938, 1941, 1944, 1947, 1950, 1953, 1956, 1959, 1962, 1965, 1968, 1971, 1974, 1977, 1980, 1983, 1986, 1989, 1992, 1995, 1998, 2001, 2004, 2007, 2010, 2013, 2016, 2019, 2022, 2025, 2028, 2031, 2034, 2037, 2040, 2043, 2046, 2049, 2052, 2055, 2058, 2061, 2064, 2067, 2070, 2073, 2076, 2079, 2082, 2085, 2088, 2091, 2094, 2097, 2100, 2103, 2106, 2109, 2112, 2115, 2118, 2121, 2124, 2127, 2130, 2133, 2136, 2139, 2142, 2145, 2148, 2151, 2154, 2157, 2160, 2163, 2166, 2169, 2172, 2175, 2178, 2181, 2184, 2187, 2190, 2193, 2196, 2199, 2202, 2205, 2208, 2211, 2214, 2217, 2220, 2223, 2226, 2229, 2232, 2235, 2238, 2241, 2244, 2247, 2250, 2253, 2256, 2259, 2262, 2265, 2268, 2271, 2274, 2277, 2280, 2283, 2286, 2289, 2292, 2295, 2298, 2301, 2304, 2307, 2310, 2313, 2316, 2319, 2322, 2325, 2328, 2331, 2334, 2337, 2340, 2343, 2346, 2349, 2352, 2355, 2358, 2361, 2364, 2367, 2370, 2373, 2376, 2379, 2382, 2385, 2388, 2391, 2394, 2397, 2400, 2403, 2406, 2409, 2412, 2415, 2418, 2421, 2424, 2427, 2430, 2433, 2436, 2439, 2442, 2445, 2448, 2451, 2454, 2457, 2460, 2463, 2466, 2469, 2472, 2475, 2478, 2481, 2484, 2487, 2490, 2493, 2496, 2499, 2502, 2505, 2508, 2511, 2514, 2517, 2520, 2523, 2526, 2529, 2532, 2535, 2538, 2541, 2544, 2547, 2550, 2553, 2556, 2559, 2562, 2565, 2568, 2571, 2574, 2577, 2580, 2583, 2586, 2589, 2592, 2595, 2598, 2601, 2604, 2607, 2610, 2613, 2616, 2619, 2622, 2625, 2628, 2631, 2634, 2637, 2640, 2643, 2646, 2649, 2652, 2655, 2658, 2661, 2664, 2667, 2670, 2673, 2676, 2679, 2682, 2685, 2688, 2691, 2694, 2697, 2700, 2703, 2706, 2709, 2712, 2715, 2718, 2721, 2724, 2727, 2730, 2733, 2736, 2739, 2742, 2745, 2748, 2751, 2754, 2757, 2760, 2763, 2766, 2769, 2772, 2775, 2778, 2781, 2784, 2787, 2790, 2793, 2796, 2799, 2802, 2805, 2808, 2811, 2814, 2817, 2820, 2823, 2826, 2829, 2832, 2835, 2838, 2841, 2844, 2847, 2850, 2853, 2856, 2859, 2862, 2865, 2868, 2871, 2874, 2877, 2880, 2883, 2886, 2889, 2892, 2895, 2898, 2901, 2904, 2907, 2910, 2913, 2916, 2919, 2922, 2925, 2928, 2931, 2934, 2937, 2940, 2943, 2946, 2949, 2952, 2955, 2958, 2961, 2964, 2967, 2970, 2973, 2976, 2979, 2982, 2985, 2988, 2991, 2994, 2997, 3000, 3003, 3006, 3009, 3012, 3015, 3018, 3021, 3024, 3027, 3030, 3033, 3036, 3039, 3042, 3045, 3048, 3051, 3054, 3057, 3060, 3063, 3066, 3069, 3072, 3075, 3078, 3081, 3084, 3087, 3090, 3093, 3096, 3099, 3102, 3105, 3108, 3111, 3114, 3117, 3120, 3123, 3126, 3129, 3132, 3135, 3138, 3141, 3144, 3147, 3150, 3153, 3156, 3159, 3162, 3165, 3168, 3171, 3174, 3177, 3180, 3183, 3186, 3189, 3192, 3195, 3198, 3201, 3204, 3207, 3210, 3213, 3216, 3219, 3222, 3225, 3228, 3231, 3234, 3237, 3240, 3243, 3246, 3249, 3252, 3255, 3258, 3261, 3264, 3267, 3270, 3273, 3276, 3279, 3282, 3285, 3288, 3291, 3294, 3297, 3300, 3303, 3306, 3309, 3312, 3315, 3318, 3321, 3324, 3327, 3330, 3333, 3336, 3339, 3342, 3345, 3348, 3351, 3354, 3357, 3360, 3363, 3366, 3369, 3372, 3375, 3378, 3381, 3384, 3387, 3390, 3393, 3396, 3399, 3402, 3405, 3408, 3411, 3414, 3417, 3420, 3423, 3426, 3429, 3432, 3435, 3438, 3441, 3444, 3447, 3450, 3453, 3456, 3459, 3462, 3465, 3468, 3471, 3474, 3477, 3480, 3483, 3486, 3489, 3492, 3495, 3498, 3501, 3504, 3507, 3510, 3513, 3516, 3519, 3522, 3525, 3528, 3531, 3534, 3537, 3540, 3543, 3546, 3549, 3552, 3555, 3558, 3561, 3564, 3567, 3570, 3573, 3576, 3579, 3582, 3585, 3588, 3591, 3594, 3597, 3600, 3603, 3606, 3609, 3612, 3615, 3618, 3621, 3624, 3627, 3630, 3633, 3636, 3639, 3642, 3645, 3648, 3651, 3654, 3657, 3660, 3663, 3666, 3669, 3672, 3675, 3678, 3681, 3684, 3687, 3690, 3693, 3696, 3699, 3702, 3705, 3708, 3711, 3714, 3717, 3720, 3723, 3726, 3729, 3732, 3735, 3738, 3741, 3744, 3747, 3750, 3753, 3756, 3759, 3762, 3765, 3768, 3771, 3774, 3777, 3780, 3783, 3786, 3789, 3792, 3795, 3798, 3801, 3804, 3807, 3810, 3813, 3816, 3819, 3822, 3825, 3828, 3831, 3834, 3837, 3840, 3843, 3846, 3849, 3852, 3855, 3858, 3861, 3864, 3867, 3870, 3873, 3876, 3879, 3882, 3885, 3888, 3891, 3894, 3897, 3900, 3903, 3906, 3909, 3912, 3915, 3918, 3921, 3924, 3927, 3930, 3933, 3936, 3939, 3942, 3945, 3948, 3951, 3954, 3957, 3960, 3963, 3966, 3969, 3972, 3975, 3978, 3981, 3984, 3987, 3990, 3993, 3996, 3999, 4002, 4005, 4008, 4011, 4014, 4017, 4020, 4023, 4026, 4029, 4032, 4035, 4038, 4041, 4044, 4047, 4050, 4053, 4056, 4059, 4062, 4065, 4068, 4071, 4074, 4077, 4080, 4083, 4086, 4089, 4092, 4095, 4098, 4101, 4104, 4107, 4110, 4113, 4116, 4119, 4122, 4125, 4128, 4131, 4134, 4137, 4140, 4143, 4146, 4149, 4152, 4155, 4158, 4161, 4164, 4167, 4170, 4173, 4176, 4179, 4182, 4185, 4188, 4191, 4194, 4197, 4200, 4203, 4206, 4209, 4212, 4215, 4218, 4221, 4224, 4227, 4230, 4233, 4236, 4239, 4242, 4245, 4248, 4251, 4254, 4257, 4260, 4263, 4266, 4269, 4272, 4275, 4278, 4281, 4284, 4287, 4290, 4293, 4296, 4299, 4302, 4305, 4308, 4311, 4314, 4317, 4320, 4323, 4326, 4329, 4332, 4335, 4338, 4341, 4344, 4347, 4350, 4353, 4356, 4359, 4362, 4365, 4368, 4371, 4374, 4377, 4380, 4383, 4386, 4389, 4392, 4395, 4398, 4401, 4404, 4407, 4410, 4413, 4416, 4419, 4422, 4425, 4428, 4431, 4434, 4437, 4440, 4443, 4446, 4449, 4452, 4455, 4458, 4461, 4464, 4467, 4470, 4473, 4476, 4479, 4482, 4485, 4488, 4491, 4494, 4497, 4500, 4503, 4506, 4509, 4512, 4515, 4518, 4521, 4524, 4527, 4530, 4533, 4536, 4539, 4542, 4545, 4548, 4551, 4554, 4557, 4560, 4563, 4566, 4569, 4572, 4575, 4578, 4581, 4584, 4587, 4590, 4593, 4596, 4599, 4602, 4605, 4608, 4611, 4614, 4617, 4620, 4623, 4626, 4629, 4632, 4635, 4638, 4641, 4644, 4647, 4650, 4653, 4656, 4659, 4662, 4665, 4668, 4671, 4674, 4677, 4680, 4683, 4686, 4689, 4692, 4695, 4698, 4701, 4704, 4707, 4710, 4713, 4716, 4719, 4722, 4725, 4728, 4731, 4734, 4737, 4740, 4743, 4746, 4749, 4752, 4755, 4758, 4761, 4764, 4767, 4770, 4773, 4776, 4779, 4782, 4785, 4788, 4791, 4794, 4797, 4800, 4803, 4806, 4809, 4812, 4815, 4818, 4821, 4824, 4827, 4830, 4833, 4836, 4839, 4842, 4845, 4848, 4851, 4854, 4857, 4860, 4863, 4866, 4869, 4872, 4875, 4878, 4881, 4884, 4887, 4890, 4893, 4896, 4899, 4902, 4905, 4908, 4911, 4914, 4917, 4920, 4923, 4926, 4929, 4932, 4935, 4938, 4941, 4944, 4947, 4950, 4953, 4956, 4959, 4962, 4965, 4968, 4971, 4974, 4977, 4980, 4983, 4986, 4989, 4992, 4995, 4998, 5001, 5004, 5007, 5010, 5013, 5016, 5019, 5022, 5025, 5028, 5031, 5034, 5037, 5040, 5043, 5046, 5049, 5052, 5055, 5058, 5061, 5064, 5067, 5070, 5073, 5076, 5079, 5082, 5085, 5088, 5091, 5094, 5097, 5100, 5103, 5106, 5109, 5112, 5115, 5118, 5121, 5124, 5127, 5130, 5133, 5136, 5139, 5142, 5145, 5148, 5151, 5154, 5157, 5160, 5163, 5166, 5169, 5172, 5175, 5178, 5181, 5184, 5187, 5190, 5193, 5196, 5199, 5202, 5205, 5208, 5211, 5214, 5217, 5220, 5223, 5226, 5229, 5232, 5235, 5238, 5241, 5244, 5247, 5250, 5253, 5256, 5259, 5262, 5265, 5268, 5271, 5274, 5277, 5280, 5283, 5286, 5289, 5292, 5295, 5298, 5301, 5304, 5307, 5310, 5313, 5316, 5319, 5322, 5325, 5328, 5331, 5334, 5337, 5340, 5343, 5346, 5349, 5352, 5355, 5358, 5361, 5364, 5367, 5370, 5373, 5376, 5379, 5382, 5385, 5388, 5391, 5394, 5397, 5400, 5403, 5406, 5409, 5412, 5415, 5418, 5421, 5424, 5427, 5430, 5433, 5436, 5439, 5442, 5445, 5448, 5451, 5454, 5457, 5460, 5463, 5466, 5469, 5472, 5475, 5478, 5481, 5484, 5487, 5490, 5493, 5496, 5499, 5502, 5505, 5508, 5511, 5514, 5517, 5520, 5523, 5526, 5529, 5532, 5535, 5538, 5541, 5544, 5547, 5550, 5553, 5556, 5559, 5562, 5565, 5568, 5571, 5574, 5577, 5580, 5583, 5586, 5589, 5592, 5595, 5598, 5601, 5604, 5607, 5610, 5613, 5616, 5619, 5622, 5625, 5628, 5631, 5634, 5637, 5640, 5643, 5646, 5649, 5652, 5655, 5658, 5661, 5664, 5667, 5670, 5673, 5676, 5679, 5682, 5685, 5688, 5691, 5694, 5697, 5700, 5703, 5706, 5709, 5712, 5715, 5718, 5721, 5724, 5727, 5730, 5733, 5736, 5739, 5742, 5745, 5748, 5751, 5754, 5757, 5760, 5763, 5766, 5769, 5772, 5775, 5778, 5781, 5784, 5787, 5790, 5793, 5796, 5799, 5802, 5805, 5808, 5811, 5814, 5817, 5820, 5823, 5826, 5829, 5832, 5835, 5838, 5841, 5844, 5847, 5850, 5853, 5856, 5859, 5862, 5865, 5868, 5871, 5874, 5877, 5880, 5883, 5886, 5889, 5892, 5895, 5898, 5901, 5904, 5907, 5910, 5913, 5916, 5919, 5922, 5925, 5928, 5931, 5934, 5937, 5940, 5943, 5946, 5949, 5952, 5955, 5958, 5961, 5964, 5967, 5970, 5973, 5976, 5979, 5982, 5985, 5988, 5991, 5994, 5997, 6000, 6003, 6006, 6009, 6012, 6015, 6018, 6021, 6024, 6027, 6030, 6033, 6036, 6039, 6042, 6045, 6048, 6051, 6054, 6057, 6060, 6063, 6066, 6069, 6072, 6075, 6078, 6081, 6084, 6087, 6090, 6093, 6096, 6099, 6102, 6105, 6108, 6111, 6114, 6117, 6120, 6123, 6126, 6129, 6132, 6135, 6138, 6141, 6144, 6147, 6150, 6153, 6156, 6159, 6162, 6165, 6168, 6171, 6174, 6177, 6180, 6183, 6186, 6189, 6192, 6195, 6198, 6201, 6204, 6207, 6210, 6213, 6216, 6219, 6222, 6225, 6228, 6231, 6234, 6237, 6240, 6243, 6246, 6249, 6252, 6255, 6258, 6261, 6264, 6267, 6270, 6273, 6276, 6279, 6282, 6285, 6288, 6291, 6294, 6297, 6300, 6303, 6306, 6309, 6312, 6315, 6318, 6321, 6324, 6327, 6330, 6333, 6336, 6339, 6342, 6345, 6348, 6351, 6354, 6357, 6360, 6363, 6366, 6369, 6372, 6375, 6378, 6381, 6384, 6387, 6390, 6393, 6396, 6399, 6402, 6405, 6408, 6411, 6414, 6417, 6420, 6423, 6426, 6429, 6432, 6435, 6438, 6441, 6444, 6447, 6450, 6453, 6456, 6459, 6462, 6465, 6468, 6471, 6474, 6477, 6480, 6483, 6486, 6489, 6492, 6495, 6498, 6501, 6504, 6507, 6510, 6513, 6516, 6519, 6522, 6525, 6528, 6531, 6534, 6537, 6540, 6543, 6546, 6549, 6552, 6555, 6558, 6561, 6564, 6567, 6570, 6573, 6576, 6579, 6582, 6585, 6588, 6591, 6594, 6597, 6600, 6603, 6606, 6609, 6612, 6615, 6618, 6621, 6624, 6627, 6630, 6633, 6636, 6639, 6642, 6645, 6648, 6651, 6654, 6657, 6660, 6663, 6666, 6669, 6672, 6675, 6678, 6681, 6684, 6687, 6690, 6693, 6696, 6699, 6702, 6705, 6708, 6711, 6714, 6717, 6720, 6723, 6726, 6729, 6732, 6735, 6738, 6741, 6744, 6747, 6750, 6753, 6756, 6759, 6762, 6765, 6768, 6771, 6774, 6777, 6780, 6783, 6786, 6789, 6792, 6795, 6798, 6801, 6804, 6807, 6810, 6813, 6816, 6819, 6822, 6825, 6828, 6831, 6834, 6837, 6840, 6843, 6846, 6849, 6852, 6855, 6858, 6861, 6864, 6867, 6870, 6873, 6876, 6879, 6882, 6885, 6888, 6891, 6894, 6897, 6900, 6903, 6906, 6909, 6912, 6915, 6918, 6921, 6924, 6927, 6930, 6933, 6936, 6939, 6942, 6945, 6948, 6951, 6954, 6957, 6960, 6963, 6966, 6969, 6972, 6975, 6978, 6981, 6984, 6987, 6990, 6993, 6996, 6999, 7002, 7005, 7008, 7011, 7014, 7017, 7020, 7023, 7026, 7029, 7032, 7035, 7038, 7041, 7044, 7047, 7050, 7053, 7056, 7059, 7062, 7065, 7068, 7071, 7074, 7077, 7080, 7083, 7086, 7089, 7092, 7095, 7098, 7101, 7104, 7107, 7110, 7113, 7116, 7119, 7122, 7125, 7128, 7131, 7134, 7137, 7140, 7143, 7146, 7149, 7152, 7155, 7158, 7161, 7164, 7167, 7170, 7173, 7176, 7179, 7182, 7185, 7188, 7191, 7194, 7197, 7200, 7203, 7206, 7209, 7212, 7215, 7218, 7221, 7224, 7227, 7230, 7233, 7236, 7239, 7242, 7245, 7248, 7251, 7254, 7257, 7260, 7263, 7266, 7269, 7272, 7275, 7278, 7281, 7284, 7287, 7290, 7293, 7296, 7299, 7302, 7305, 7308, 7311, 7314, 7317, 7320, 7323, 7326, 7329, 7332, 7335, 7338, 7341, 7344, 7347, 7350, 7353, 7356, 7359, 7362, 7365, 7368, 7371, 7374, 7377, 7380, 7383, 7386, 7389, 7392, 7395, 7398, 7401, 7404, 7407, 7410, 7413, 7416, 7419, 7422, 7425, 7428, 7431, 7434, 7437, 7440, 7443, 7446, 7449, 7452, 7455, 7458, 7461, 7464, 7467, 7470, 7473, 7476, 7479, 7482, 7485, 7488, 7491, 7494, 7497, 7500, 7503, 7506, 7509, 7512, 7515, 7518, 7521, 7524, 7527, 7530, 7533, 7536, 7539, 7542, 7545, 7548, 7551, 7554, 7557, 7560, 7563, 7566, 7569, 7572, 7575, 7578, 7581, 7584, 7587, 7590, 7593, 7596, 7599, 7602, 7605, 7608, 7611, 7614, 7617, 7620, 7623, 7626, 7629, 7632, 7635, 7638, 7641, 7644, 7647, 7650, 7653, 7656, 7659, 7662, 7665, 7668, 7671, 7674, 7677, 7680, 7683, 7686, 7689, 7692, 7695, 7698, 7701, 7704, 7707, 7710, 7713, 7716, 7719, 7722, 7725, 7728, 7731, 7734, 7737, 7740, 7743, 7746, 7749, 7752, 7755, 7758, 7761, 7764, 7767, 7770, 7773, 7776, 7779, 7782, 7785, 7788, 7791, 7794, 7797, 7800, 7803, 7806, 7809, 7812, 7815, 7818, 7821, 7824, 7827, 7830, 7833, 7836, 7839, 7842, 7845, 7848, 7851, 7854, 7857, 7860, 7863, 7866, 7869, 7872, 7875, 7878, 7881, 7884, 7887, 7890, 7893, 7896, 7899, 7902, 7905, 7908, 7911, 7914, 7917, 7920, 7923, 7926, 7929, 7932, 7935, 7938, 7941, 7944, 7947, 7950, 7953, 7956, 7959, 7962, 7965, 7968, 7971, 7974, 7977, 7980, 7983, 7986, 7989, 7992, 7995, 7998, 8001, 8004, 8007, 8010, 8013, 8016, 8019, 8022, 8025, 8028, 8031, 8034, 8037, 8040, 8043, 8046, 8049, 8052, 8055, 8058, 8061, 8064, 8067, 8070, 8073, 8076, 8079, 8082, 8085, 8088, 8091, 8094, 8097, 8100, 8103, 8106, 8109, 8112, 8115, 8118, 8121, 8124, 8127, 8130, 8133, 8136, 8139, 8142, 8145, 8148, 8151, 8154, 8157, 8160, 8163, 8166, 8169, 8172, 8175, 8178, 8181, 8184, 8187, 8190, 8193, 8196, 8199, 8202, 8205, 8208, 8211, 8214, 8217, 8220, 8223, 8226, 8229, 8232, 8235, 8238, 8241, 8244, 8247, 8250, 8253, 8256, 8259, 8262, 8265, 8268, 8271, 8274, 8277, 8280, 8283, 8286, 8289, 8292, 8295, 8298, 8301, 8304, 8307, 8310, 8313, 8316, 8319, 8322, 8325, 8328, 8331, 8334, 8337, 8340, 8343, 8346, 8349, 8352, 8355, 8358, 8361, 8364, 8367, 8370, 8373, 8376, 8379, 8382, 8385, 8388, 8391, 8394, 8397, 8400, 8403, 8406, 8409, 8412, 8415, 8418, 8421, 8424, 8427, 8430, 8433, 8436, 8439, 8442, 8445, 8448, 8451, 8454, 8457, 8460, 8463, 8466, 8469, 8472, 8475, 8478, 8481, 8484, 8487, 8490, 8493, 8496, 8499, 8502, 8505, 8508, 8511, 8514, 8517, 8520, 8523, 8526, 8529, 8532, 8535, 8538, 8541, 8544, 8547, 8550, 8553, 8556, 8559, 8562, 8565, 8568, 8571, 8574, 8577, 8580, 8583, 8586, 8589, 8592, 8595, 8598, 8601, 8604, 8607, 8610, 8613, 8616, 8619, 8622, 8625, 8628, 8631, 8634, 8637, 8640, 8643, 8646, 8649, 8652, 8655, 8658, 8661, 8664, 8667, 8670, 8673, 8676, 8679, 8682, 8685, 8688, 8691, 8694, 8697, 8700, 8703, 8706, 8709, 8712, 8715, 8718, 8721, 8724, 8727, 8730, 8733, 8736, 8739, 8742, 8745, 8748, 8751, 8754, 8757, 8760, 8763, 8766, 8769, 8772, 8775, 8778, 8781, 8784, 8787, 8790, 8793, 8796, 8799, 8802, 8805, 8808, 8811, 8814, 8817, 8820, 8823, 8826, 8829, 8832, 8835, 8838, 8841, 8844, 8847, 8850, 8853, 8856, 8859, 8862, 8865, 8868, 8871, 8874, 8877, 8880, 8883, 8886, 8889, 8892, 8895, 8898, 8901, 8904, 8907, 8910, 8913, 8916, 8919, 8922, 8925, 8928, 8931, 8934, 8937, 8940, 8943, 8946, 8949, 8952, 8955, 8958, 8961, 8964, 8967, 8970, 8973, 8976, 8979, 8982, 8985, 8988, 8991, 8994, 8997, 9000, 9003, 9006, 9009, 9012, 9015, 9018, 9021, 9024, 9027, 9030, 9033, 9036, 9039, 9042, 9045, 9048, 9051, 9054, 9057, 9060, 9063, 9066, 9069, 9072, 9075, 9078, 9081, 9084, 9087, 9090, 9093, 9096, 9099, 9102, 9105, 9108, 9111, 9114, 9117, 9120, 9123, 9126, 9129, 9132, 9135, 9138, 9141, 9144, 9147, 9150, 9153, 9156, 9159, 9162, 9165, 9168, 9171, 9174, 9177, 9180, 9183, 9186, 9189, 9192, 9195, 9198, 9201, 9204, 9207, 9210, 9213, 9216, 9219, 9222, 9225, 9228, 9231, 9234, 9237, 9240, 9243, 9246, 9249, 9252, 9255, 9258, 9261, 9264, 9267, 9270, 9273, 9276, 9279, 9282, 9285, 9288, 9291, 9294, 9297, 9300, 9303, 9306, 9309, 9312, 9315, 9318, 9321, 9324, 9327, 9330, 9333, 9336, 9339, 9342, 9345, 9348, 9351, 9354, 9357, 9360, 9363, 9366, 9369, 9372, 9375, 9378, 9381, 9384, 9387, 9390, 9393, 9396, 9399, 9402, 9405, 9408, 9411, 9414, 9417, 9420, 9423, 9426, 9429, 9432, 9435, 9438, 9441, 9444, 9447, 9450, 9453, 9456, 9459, 9462, 9465, 9468, 9471, 9474, 9477, 9480, 9483, 9486, 9489, 9492, 9495, 9498, 9501, 9504, 9507, 9510, 9513, 9516, 9519, 9522, 9525, 9528, 9531, 9534, 9537, 9540, 9543, 9546, 9549, 9552, 9555, 9558, 9561, 9564, 9567, 9570, 9573, 9576, 9579, 9582, 9585, 9588, 9591, 9594, 9597, 9600, 9603, 9606, 9609, 9612, 9615, 9618, 9621, 9624, 9627, 9630, 9633, 9636, 9639, 9642, 9645, 9648, 9651, 9654, 9657, 9660, 9663, 9666, 9669, 9672, 9675, 9678, 9681, 9684, 9687, 9690, 9693, 9696, 9699, 9702, 9705, 9708, 9711, 9714, 9717, 9720, 9723, 9726, 9729, 9732, 9735, 9738, 9741, 9744, 9747, 9750, 9753, 9756, 9759, 9762, 9765, 9768, 9771, 9774, 9777, 9780, 9783, 9786, 9789, 9792, 9795, 9798, 9801, 9804, 9807, 9810, 9813, 9816, 9819, 9822, 9825, 9828, 9831, 9834, 9837, 9840, 9843, 9846, 9849, 9852, 9855, 9858, 9861, 9864, 9867, 9870, 9873, 9876, 9879, 9882, 9885, 9888, 9891, 9894, 9897, 9900, 9903, 9906, 9909, 9912, 9915, 9918, 9921, 9924, 9927, 9930, 9933, 9936, 9939, 9942, 9945, 9948, 9951, 9954, 9957, 9960, 9963, 9966, 9969, 9972, 9975, 9978, 9981, 9984, 9987, 9990, 9993, 9996, 9999, 10002, 10005, 10008, 10011, 10014, 10017, 10020, 10023, 10026, 10029, 10032, 10035, 10038, 10041, 10044, 10047, 10050, 10053, 10056, 10059, 10062, 10065, 10068, 10071, 10074, 10077, 10080, 10083, 10086, 10089, 10092, 10095, 10098, 10101, 10104, 10107, 10110, 10113, 10116, 10119, 10122, 10125, 10128, 10131, 10134, 10137, 10140, 10143, 10146, 10149, 10152, 10155, 10158, 10161, 10164, 10167, 10170, 10173, 10176, 10179, 10182, 10185, 10188, 10191, 10194, 10197, 10200, 10203, 10206, 10209, 10212, 10215, 10218, 10221, 10224, 10227, 10230, 10233, 10236, 10239, 10242, 10245, 10248, 10251, 10254, 10257, 10260, 10263, 10266, 10269, 10272, 10275, 10278, 10281, 10284, 10287, 10290, 10293, 10296, 10299, 10302, 10305, 10308, 10311, 10314, 10317, 10320, 10323, 10326, 10329, 10332, 10335, 10338, 10341, 10344, 10347, 10350, 10353, 10356, 10359, 10362, 10365, 10368, 10371, 10374, 10377, 10380, 10383, 10386, 10389, 10392, 10395, 10398, 10401, 10404, 10407, 10410, 10413, 10416, 10419, 10422, 10425, 10428, 10431, 10434, 10437, 10440, 10443, 10446, 10449, 10452, 10455, 10458, 10461, 10464, 10467, 10470, 10473, 10476, 10479, 10482, 10485, 10488, 10491, 10494, 10497, 10500, 10503, 10506, 10509, 10512, 10515, 10518, 10521, 10524, 10527, 10530, 10533, 10536, 10539, 10542, 10545, 10548, 10551, 10554, 10557, 10560, 10563, 10566, 10569, 10572, 10575, 10578, 10581, 10584, 10587, 10590, 10593, 10596, 10599, 10602, 10605, 10608, 10611, 10614, 10617, 10620, 10623, 10626, 10629, 10632, 10635, 10638, 10641, 10644, 10647, 10650, 10653, 10656, 10659, 10662, 10665, 10668, 10671, 10674, 10677, 10680, 10683, 10686, 10689, 10692, 10695, 10698, 10701, 10704, 10707, 10710, 10713, 10716, 10719, 10722, 10725, 10728, 10731, 10734, 10737, 10740, 10743, 10746, 10749, 10752, 10755, 10758, 10761, 10764, 10767, 10770, 10773, 10776, 10779, 10782, 10785, 10788, 10791, 10794, 10797, 10800, 10803, 10806, 10809, 10812, 10815, 10818, 10821, 10824, 10827, 10830, 10833, 10836, 10839, 10842, 10845, 10848, 10851, 10854, 10857, 10860, 10863, 10866, 10869, 10872, 10875, 10878, 10881, 10884, 10887, 10890, 10893, 10896, 10899, 10902, 10905, 10908, 10911, 10914, 10917, 10920, 10923, 10926, 10929, 10932, 10935, 10938, 10941, 10944, 10947, 10950, 10953, 10956, 10959, 10962, 10965, 10968, 10971, 10974, 10977, 10980, 10983, 10986, 10989, 10992, 10995, 10998, 11001, 11004, 11007, 11010, 11013, 11016, 11019, 11022, 11025, 11028, 11031, 11034, 11037, 11040, 11043, 11046, 11049, 11052, 11055, 11058, 11061, 11064, 11067, 11070, 11073, 11076, 11079, 11082, 11085, 11088, 11091, 11094, 11097, 11100, 11103, 11106, 11109, 11112, 11115, 11118, 11121, 11124, 11127, 11130, 11133, 11136, 11139, 11142, 11145, 11148, 11151, 11154, 11157, 11160, 11163, 11166, 11169, 11172, 11175, 11178, 11181, 11184, 11187, 11190, 11193, 11196, 11199, 11202, 11205, 11208, 11211, 11214, 11217, 11220, 11223, 11226, 11229, 11232, 11235, 11238, 11241, 11244, 11247, 11250, 11253, 11256, 11259, 11262, 11265, 11268, 11271, 11274, 11277, 11280, 11283, 11286, 11289, 11292, 11295, 11298, 11301, 11304, 11307, 11310, 11313, 11316, 11319, 11322, 11325, 11328, 11331, 11334, 11337, 11340, 11343, 11346, 11349, 11352, 11355, 11358, 11361, 11364, 11367, 11370, 11373, 11376, 11379, 11382, 11385, 11388, 11391, 11394, 11397, 11400, 11403, 11406, 11409, 11412, 11415, 11418, 11421, 11424, 11427, 11430, 11433, 11436, 11439, 11442, 11445, 11448, 11451, 11454, 11457, 11460, 11463, 11466, 11469, 11472, 11475, 11478, 11481, 11484, 11487, 11490, 11493, 11496, 11499, 11502, 11505, 11508, 11511, 11514, 11517, 11520, 11523, 11526, 11529, 11532, 11535, 11538, 11541, 11544, 11547, 11550, 11553, 11556, 11559, 11562, 11565, 11568, 11571, 11574, 11577, 11580, 11583, 11586, 11589, 11592, 11595, 11598, 11601, 11604, 11607, 11610, 11613, 11616, 11619, 11622, 11625, 11628, 11631, 11634, 11637, 11640, 11643, 11646, 11649, 11652, 11655, 11658, 11661, 11664, 11667, 11670, 11673, 11676, 11679, 11682, 11685, 11688, 11691, 11694, 11697, 11700, 11703, 11706, 11709, 11712, 11715, 11718, 11721, 11724, 11727, 11730, 11733, 11736, 11739, 11742, 11745, 11748, 11751, 11754, 11757, 11760, 11763, 11766, 11769, 11772, 11775, 11778, 11781, 11784, 11787, 11790, 11793, 11796, 11799, 11802, 11805, 11808, 11811, 11814, 11817, 11820, 11823, 11826, 11829, 11832, 11835, 11838, 11841, 11844, 11847, 11850, 11853, 11856, 11859, 11862, 11865, 11868, 11871, 11874, 11877, 11880, 11883, 11886, 11889, 11892, 11895, 11898, 11901, 11904, 11907, 11910, 11913, 11916, 11919, 11922, 11925, 11928, 11931, 11934, 11937, 11940, 11943, 11946, 11949, 11952, 11955, 11958, 11961, 11964, 11967, 11970, 11973, 11976, 11979, 11982, 11985, 11988, 11991, 11994, 11997, 12000, 12003, 12006, 12009, 12012, 12015, 12018, 12021, 12024, 12027, 12030, 12033, 12036, 12039, 12042, 12045, 12048, 12051, 12054, 12057, 12060, 12063, 12066, 12069, 12072, 12075, 12078, 12081, 12084, 12087, 12090, 12093, 12096, 12099, 12102, 12105, 12108, 12111, 12114, 12117, 12120, 12123, 12126, 12129, 12132, 12135, 12138, 12141, 12144, 12147, 12150, 12153, 12156, 12159, 12162, 12165, 12168, 12171, 12174, 12177, 12180, 12183, 12186, 12189, 12192, 12195, 12198, 12201, 12204, 12207, 12210, 12213, 12216, 12219, 12222, 12225, 12228, 12231, 12234, 12237, 12240, 12243, 12246, 12249, 12252, 12255, 12258, 12261, 12264, 12267, 12270, 12273, 12276, 12279, 12282, 12285, 12288, 12291, 12294, 12297, 12300, 12303, 12306, 12309, 12312, 12315, 12318, 12321, 12324, 12327, 12330, 12333, 12336, 12339, 12342, 12345, 12348, 12351, 12354, 12357, 12360, 12363, 12366, 12369, 12372, 12375, 12378, 12381, 12384, 12387, 12390, 12393, 12396, 12399, 12402, 12405, 12408, 12411, 12414, 12417, 12420, 12423, 12426, 12429, 12432, 12435, 12438, 12441, 12444, 12447, 12450, 12453, 12456, 12459, 12462, 12465, 12468, 12471, 12474, 12477, 12480, 12483, 12486, 12489, 12492, 12495, 12498, 12501, 12504, 12507, 12510, 12513, 12516, 12519, 12522, 12525, 12528, 12531, 12534, 12537, 12540, 12543, 12546, 12549, 12552, 12555, 12558, 12561, 12564, 12567, 12570, 12573, 12576, 12579, 12582, 12585, 12588, 12591, 12594, 12597, 12600, 12603, 12606, 12609, 12612, 12615, 12618, 12621, 12624, 12627, 12630, 12633, 12636, 12639, 12642, 12645, 12648, 12651, 12654, 12657, 12660, 12663, 12666, 12669, 12672, 12675, 12678, 12681, 12684, 12687, 12690, 12693, 12696, 12699, 12702, 12705, 12708, 12711, 12714, 12717, 12720, 12723, 12726, 12729, 12732, 12735, 12738, 12741, 12744, 12747, 12750, 12753, 12756, 12759, 12762, 12765, 12768, 12771, 12774, 12777, 12780, 12783, 12786, 12789, 12792, 12795, 12798, 12801, 12804, 12807, 12810, 12813, 12816, 12819, 12822, 12825, 12828, 12831, 12834, 12837, 12840, 12843, 12846, 12849, 12852, 12855, 12858, 12861, 12864, 12867, 12870, 12873, 12876, 12879, 12882, 12885, 12888, 12891, 12894, 12897, 12900, 12903, 12906, 12909, 12912, 12915, 12918, 12921, 12924, 12927, 12930, 12933, 12936, 12939, 12942, 12945, 12948, 12951, 12954, 12957, 12960, 12963, 12966, 12969, 12972, 12975, 12978, 12981, 12984, 12987, 12990, 12993, 12996, 12999, 13002, 13005, 13008, 13011, 13014, 13017, 13020, 13023, 13026, 13029, 13032, 13035, 13038, 13041, 13044, 13047, 13050, 13053, 13056, 13059, 13062, 13065, 13068, 13071, 13074, 13077, 13080, 13083, 13086, 13089, 13092, 13095, 13098, 13101, 13104, 13107, 13110, 13113, 13116, 13119, 13122, 13125, 13128, 13131, 13134, 13137, 13140, 13143, 13146, 13149, 13152, 13155, 13158, 13161, 13164, 13167, 13170, 13173, 13176, 13179, 13182, 13185, 13188, 13191, 13194, 13197, 13200, 13203, 13206, 13209, 13212, 13215, 13218, 13221, 13224, 13227, 13230, 13233, 13236, 13239, 13242, 13245, 13248, 13251, 13254, 13257, 13260, 13263, 13266, 13269, 13272, 13275, 13278, 13281, 13284, 13287, 13290, 13293, 13296, 13299, 13302, 13305, 13308, 13311, 13314, 13317, 13320, 13323, 13326, 13329, 13332, 13335, 13338, 13341, 13344, 13347, 13350, 13353, 13356, 13359, 13362, 13365, 13368, 13371, 13374, 13377, 13380, 13383, 13386, 13389, 13392, 13395, 13398, 13401, 13404, 13407, 13410, 13413, 13416, 13419, 13422, 13425, 13428, 13431, 13434, 13437, 13440, 13443, 13446, 13449, 13452, 13455, 13458, 13461, 13464, 13467, 13470, 13473, 13476, 13479, 13482, 13485, 13488, 13491, 13494, 13497, 13500, 13503, 13506, 13509, 13512, 13515, 13518, 13521, 13524, 13527, 13530, 13533, 13536, 13539, 13542, 13545, 13548, 13551, 13554, 13557, 13560, 13563, 13566, 13569, 13572, 13575, 13578, 13581, 13584, 13587, 13590, 13593, 13596, 13599, 13602, 13605, 13608, 13611, 13614, 13617, 13620, 13623, 13626, 13629, 13632, 13635, 13638, 13641, 13644, 13647, 13650, 13653, 13656, 13659, 13662, 13665, 13668, 13671, 13674, 13677, 13680, 13683, 13686, 13689, 13692, 13695, 13698, 13701, 13704, 13707, 13710, 13713, 13716, 13719, 13722, 13725, 13728, 13731, 13734, 13737, 13740, 13743, 13746, 13749, 13752, 13755, 13758, 13761, 13764, 13767, 13770, 13773, 13776, 13779, 13782, 13785, 13788, 13791, 13794, 13797, 13800, 13803, 13806, 13809, 13812, 13815, 13818, 13821, 13824, 13827, 13830, 13833, 13836, 13839, 13842, 13845, 13848, 13851, 13854, 13857, 13860, 13863, 13866, 13869, 13872, 13875, 13878, 13881, 13884, 13887, 13890, 13893, 13896, 13899, 13902, 13905, 13908, 13911, 13914, 13917, 13920, 13923, 13926, 13929, 13932, 13935, 13938, 13941, 13944, 13947, 13950, 13953, 13956, 13959, 13962, 13965, 13968, 13971, 13974, 13977, 13980, 13983, 13986, 13989, 13992, 13995, 13998, 14001, 14004, 14007, 14010, 14013, 14016, 14019, 14022, 14025, 14028, 14031, 14034, 14037, 14040, 14043, 14046, 14049, 14052, 14055, 14058, 14061, 14064, 14067, 14070, 14073, 14076, 14079, 14082, 14085, 14088, 14091, 14094, 14097, 14100, 14103, 14106, 14109, 14112, 14115, 14118, 14121, 14124, 14127, 14130, 14133, 14136, 14139, 14142, 14145, 14148, 14151, 14154, 14157, 14160, 14163, 14166, 14169, 14172, 14175, 14178, 14181, 14184, 14187, 14190, 14193, 14196, 14199, 14202, 14205, 14208, 14211, 14214, 14217, 14220, 14223, 14226, 14229, 14232, 14235, 14238, 14241, 14244, 14247, 14250, 14253, 14256, 14259, 14262, 14265, 14268, 14271, 14274, 14277, 14280, 14283, 14286, 14289, 14292, 14295, 14298, 14301, 14304, 14307, 14310, 14313, 14316, 14319, 14322, 14325, 14328, 14331, 14334, 14337, 14340, 14343, 14346, 14349, 14352, 14355, 14358, 14361, 14364, 14367, 14370, 14373, 14376, 14379, 14382, 14385, 14388, 14391, 14394, 14397, 14400, 14403, 14406, 14409, 14412, 14415, 14418, 14421, 14424, 14427, 14430, 14433, 14436, 14439, 14442, 14445, 14448, 14451, 14454, 14457, 14460, 14463, 14466, 14469, 14472, 14475, 14478, 14481, 14484, 14487, 14490, 14493, 14496, 14499, 14502, 14505, 14508, 14511, 14514, 14517, 14520, 14523, 14526, 14529, 14532, 14535, 14538, 14541, 14544, 14547, 14550, 14553, 14556, 14559, 14562, 14565, 14568, 14571, 14574, 14577, 14580, 14583, 14586, 14589, 14592, 14595, 14598, 14601, 14604, 14607, 14610, 14613, 14616, 14619, 14622, 14625, 14628, 14631, 14634, 14637, 14640, 14643, 14646, 14649, 14652, 14655, 14658, 14661, 14664, 14667, 14670, 14673, 14676, 14679, 14682, 14685, 14688, 14691, 14694, 14697, 14700, 14703, 14706, 14709, 14712, 14715, 14718, 14721, 14724, 14727, 14730, 14733, 14736, 14739, 14742, 14745, 14748, 14751, 14754, 14757, 14760, 14763, 14766, 14769, 14772, 14775, 14778, 14781, 14784, 14787, 14790, 14793, 14796, 14799, 14802, 14805, 14808, 14811, 14814, 14817, 14820, 14823, 14826, 14829, 14832, 14835, 14838, 14841, 14844, 14847, 14850, 14853, 14856, 14859, 14862, 14865, 14868, 14871, 14874, 14877, 14880, 14883, 14886, 14889, 14892, 14895, 14898, 14901, 14904, 14907, 14910, 14913, 14916, 14919, 14922, 14925, 14928, 14931, 14934, 14937, 14940, 14943, 14946, 14949, 14952, 14955, 14958, 14961, 14964, 14967, 14970, 14973, 14976, 14979, 14982, 14985, 14988, 14991, 14994, 14997, 15000, 15003, 15006, 15009, 15012, 15015, 15018, 15021, 15024, 15027, 15030, 15033, 15036, 15039, 15042, 15045, 15048, 15051, 15054, 15057, 15060, 15063, 15066, 15069, 15072, 15075, 15078, 15081, 15084, 15087, 15090, 15093, 15096, 15099, 15102, 15105, 15108, 15111, 15114, 15117, 15120, 15123, 15126, 15129, 15132, 15135, 15138, 15141, 15144, 15147, 15150, 15153, 15156, 15159, 15162, 15165, 15168, 15171, 15174, 15177, 15180, 15183, 15186, 15189, 15192, 15195, 15198, 15201, 15204, 15207, 15210, 15213, 15216, 15219, 15222, 15225, 15228, 15231, 15234, 15237, 15240, 15243, 15246, 15249, 15252, 15255, 15258, 15261, 15264, 15267, 15270, 15273, 15276, 15279, 15282, 15285, 15288, 15291, 15294, 15297, 15300, 15303, 15306, 15309, 15312, 15315, 15318, 15321, 15324, 15327, 15330, 15333, 15336, 15339, 15342, 15345, 15348, 15351, 15354, 15357, 15360, 15363, 15366, 15369, 15372, 15375, 15378, 15381, 15384, 15387, 15390, 15393, 15396, 15399, 15402, 15405, 15408, 15411, 15414, 15417, 15420, 15423, 15426, 15429, 15432, 15435, 15438, 15441, 15444, 15447, 15450, 15453, 15456, 15459, 15462, 15465, 15468, 15471, 15474, 15477, 15480, 15483, 15486, 15489, 15492, 15495, 15498, 15501, 15504, 15507, 15510, 15513, 15516, 15519, 15522, 15525, 15528, 15531, 15534, 15537, 15540, 15543, 15546, 15549, 15552, 15555, 15558, 15561, 15564, 15567, 15570, 15573, 15576, 15579, 15582, 15585, 15588, 15591, 15594, 15597, 15600, 15603, 15606, 15609, 15612, 15615, 15618, 15621, 15624, 15627, 15630, 15633, 15636, 15639, 15642, 15645, 15648, 15651, 15654, 15657, 15660, 15663, 15666, 15669, 15672, 15675, 15678, 15681, 15684, 15687, 15690, 15693, 15696, 15699, 15702, 15705, 15708, 15711, 15714, 15717, 15720, 15723, 15726, 15729, 15732, 15735, 15738, 15741, 15744, 15747, 15750, 15753, 15756, 15759, 15762, 15765, 15768, 15771, 15774, 15777, 15780, 15783, 15786, 15789, 15792, 15795, 15798, 15801, 15804, 15807, 15810, 15813, 15816, 15819, 15822, 15825, 15828, 15831, 15834, 15837, 15840, 15843, 15846, 15849, 15852, 15855, 15858, 15861, 15864, 15867, 15870, 15873, 15876, 15879, 15882, 15885, 15888, 15891, 15894, 15897, 15900, 15903, 15906, 15909, 15912, 15915, 15918, 15921, 15924, 15927, 15930, 15933, 15936, 15939, 15942, 15945, 15948, 15951, 15954, 15957, 15960, 15963, 15966, 15969, 15972, 15975, 15978, 15981, 15984, 15987, 15990, 15993, 15996, 15999, 16002, 16005, 16008, 16011, 16014, 16017, 16020, 16023, 16026, 16029, 16032, 16035, 16038, 16041, 16044, 16047, 16050, 16053, 16056, 16059, 16062, 16065, 16068, 16071, 16074, 16077, 16080, 16083, 16086, 16089, 16092, 16095, 16098, 16101, 16104, 16107, 16110, 16113, 16116, 16119, 16122, 16125, 16128, 16131, 16134, 16137, 16140, 16143, 16146, 16149, 16152, 16155, 16158, 16161, 16164, 16167, 16170, 16173, 16176, 16179, 16182, 16185, 16188, 16191, 16194, 16197, 16200, 16203, 16206, 16209, 16212, 16215, 16218, 16221, 16224, 16227, 16230, 16233, 16236, 16239, 16242, 16245, 16248, 16251, 16254, 16257, 16260, 16263, 16266, 16269, 16272, 16275, 16278, 16281, 16284, 16287, 16290, 16293, 16296, 16299, 16302, 16305, 16308, 16311, 16314, 16317, 16320, 16323, 16326, 16329, 16332, 16335, 16338, 16341, 16344, 16347, 16350, 16353, 16356, 16359, 16362, 16365, 16368, 16371, 16374, 16377, 16380, 16383, 16386, 16389, 16392, 16395, 16398, 16401, 16404, 16407, 16410, 16413, 16416, 16419, 16422, 16425, 16428, 16431, 16434, 16437, 16440, 16443, 16446, 16449, 16452, 16455, 16458, 16461, 16464, 16467, 16470, 16473, 16476, 16479, 16482, 16485, 16488, 16491, 16494, 16497, 16500, 16503, 16506, 16509, 16512, 16515, 16518, 16521, 16524, 16527, 16530, 16533, 16536, 16539, 16542, 16545, 16548, 16551, 16554, 16557, 16560, 16563, 16566, 16569, 16572, 16575, 16578, 16581, 16584, 16587, 16590, 16593, 16596, 16599, 16602, 16605, 16608, 16611, 16614, 16617, 16620, 16623, 16626, 16629, 16632, 16635, 16638, 16641, 16644, 16647, 16650, 16653, 16656, 16659, 16662, 16665, 16668, 16671, 16674, 16677, 16680, 16683, 16686, 16689, 16692, 16695, 16698, 16701, 16704, 16707, 16710, 16713, 16716, 16719, 16722, 16725, 16728, 16731, 16734, 16737, 16740, 16743, 16746, 16749, 16752, 16755, 16758, 16761, 16764, 16767, 16770, 16773, 16776, 16779, 16782, 16785, 16788, 16791, 16794, 16797, 16800, 16803, 16806, 16809, 16812, 16815, 16818, 16821, 16824, 16827, 16830, 16833, 16836, 16839, 16842, 16845, 16848, 16851, 16854, 16857, 16860, 16863, 16866, 16869, 16872, 16875, 16878, 16881, 16884, 16887, 16890, 16893, 16896, 16899, 16902, 16905, 16908, 16911, 16914, 16917, 16920, 16923, 16926, 16929, 16932, 16935, 16938, 16941, 16944, 16947, 16950, 16953, 16956, 16959, 16962, 16965, 16968, 16971, 16974, 16977, 16980, 16983, 16986, 16989, 16992, 16995, 16998, 17001, 17004, 17007, 17010, 17013, 17016, 17019, 17022, 17025, 17028, 17031, 17034, 17037, 17040, 17043, 17046, 17049, 17052, 17055, 17058, 17061, 17064, 17067, 17070, 17073, 17076, 17079, 17082, 17085, 17088, 17091, 17094, 17097, 17100, 17103, 17106, 17109, 17112, 17115, 17118, 17121, 17124, 17127, 17130, 17133, 17136, 17139, 17142, 17145, 17148, 17151, 17154, 17157, 17160, 17163, 17166, 17169, 17172, 17175, 17178, 17181, 17184, 17187, 17190, 17193, 17196, 17199, 17202, 17205, 17208, 17211, 17214, 17217, 17220, 17223, 17226, 17229, 17232, 17235, 17238, 17241, 17244, 17247, 17250, 17253, 17256, 17259, 17262, 17265, 17268, 17271, 17274, 17277, 17280, 17283, 17286, 17289, 17292, 17295, 17298, 17301, 17304, 17307, 17310, 17313, 17316, 17319, 17322, 17325, 17328, 17331, 17334, 17337, 17340, 17343, 17346, 17349, 17352, 17355, 17358, 17361, 17364, 17367, 17370, 17373, 17376, 17379, 17382, 17385, 17388, 17391, 17394, 17397, 17400, 17403, 17406, 17409, 17412, 17415, 17418, 17421, 17424, 17427, 17430, 17433, 17436, 17439, 17442, 17445, 17448, 17451, 17454, 17457, 17460, 17463, 17466, 17469, 17472, 17475, 17478, 17481, 17484, 17487, 17490, 17493, 17496, 17499, 17502, 17505, 17508, 17511, 17514, 17517, 17520, 17523, 17526, 17529, 17532, 17535, 17538, 17541, 17544, 17547, 17550, 17553, 17556, 17559, 17562, 17565, 17568, 17571, 17574, 17577, 17580, 17583, 17586, 17589, 17592, 17595, 17598, 17601, 17604, 17607, 17610, 17613, 17616, 17619, 17622, 17625, 17628, 17631, 17634, 17637, 17640, 17643, 17646, 17649, 17652, 17655, 17658, 17661, 17664, 17667, 17670, 17673, 17676, 17679, 17682, 17685, 17688, 17691, 17694, 17697, 17700, 17703, 17706, 17709, 17712, 17715, 17718, 17721, 17724, 17727, 17730, 17733, 17736, 17739, 17742, 17745, 17748, 17751, 17754, 17757, 17760, 17763, 17766, 17769, 17772, 17775, 17778, 17781, 17784, 17787, 17790, 17793, 17796, 17799, 17802, 17805, 17808, 17811, 17814, 17817, 17820, 17823, 17826, 17829, 17832, 17835, 17838, 17841, 17844, 17847, 17850, 17853, 17856, 17859, 17862, 17865, 17868, 17871, 17874, 17877, 17880, 17883, 17886, 17889, 17892, 17895, 17898, 17901, 17904, 17907, 17910, 17913, 17916, 17919, 17922, 17925, 17928, 17931, 17934, 17937, 17940, 17943, 17946, 17949, 17952, 17955, 17958, 17961, 17964, 17967, 17970, 17973, 17976, 17979, 17982, 17985, 17988, 17991, 17994, 17997, 18000, 18003, 18006, 18009, 18012, 18015, 18018, 18021, 18024, 18027, 18030, 18033, 18036, 18039, 18042, 18045, 18048, 18051, 18054, 18057, 18060, 18063, 18066, 18069, 18072, 18075, 18078, 18081, 18084, 18087, 18090, 18093, 18096, 18099, 18102, 18105, 18108, 18111, 18114, 18117, 18120, 18123, 18126, 18129, 18132, 18135, 18138, 18141, 18144, 18147, 18150, 18153, 18156, 18159, 18162, 18165, 18168, 18171, 18174, 18177, 18180, 18183, 18186, 18189, 18192, 18195, 18198, 18201, 18204, 18207, 18210, 18213, 18216, 18219, 18222, 18225, 18228, 18231, 18234, 18237, 18240, 18243, 18246, 18249, 18252, 18255, 18258, 18261, 18264, 18267, 18270, 18273, 18276, 18279, 18282, 18285, 18288, 18291, 18294, 18297, 18300, 18303, 18306, 18309, 18312, 18315, 18318, 18321, 18324, 18327, 18330, 18333, 18336, 18339, 18342, 18345, 18348, 18351, 18354, 18357, 18360, 18363, 18366, 18369, 18372, 18375, 18378, 18381, 18384, 18387, 18390, 18393, 18396, 18399, 18402, 18405, 18408, 18411, 18414, 18417, 18420, 18423, 18426, 18429, 18432, 18435, 18438, 18441, 18444, 18447, 18450, 18453, 18456, 18459, 18462, 18465, 18468, 18471, 18474, 18477, 18480, 18483, 18486, 18489, 18492, 18495, 18498, 18501, 18504, 18507, 18510, 18513, 18516, 18519, 18522, 18525, 18528, 18531, 18534, 18537, 18540, 18543, 18546, 18549, 18552, 18555, 18558, 18561, 18564, 18567, 18570, 18573, 18576, 18579, 18582, 18585, 18588, 18591, 18594, 18597, 18600, 18603, 18606, 18609, 18612, 18615, 18618, 18621, 18624, 18627, 18630, 18633, 18636, 18639, 18642, 18645, 18648, 18651, 18654, 18657, 18660, 18663, 18666, 18669, 18672, 18675, 18678, 18681, 18684, 18687, 18690, 18693, 18696, 18699, 18702, 18705, 18708, 18711, 18714, 18717, 18720, 18723, 18726, 18729, 18732, 18735, 18738, 18741, 18744, 18747, 18750, 18753, 18756, 18759, 18762, 18765, 18768, 18771, 18774, 18777, 18780, 18783, 18786, 18789, 18792, 18795, 18798, 18801, 18804, 18807, 18810, 18813, 18816, 18819, 18822, 18825, 18828, 18831, 18834, 18837, 18840, 18843, 18846, 18849, 18852, 18855, 18858, 18861, 18864, 18867, 18870, 18873, 18876, 18879, 18882, 18885, 18888, 18891, 18894, 18897, 18900, 18903, 18906, 18909, 18912, 18915, 18918, 18921, 18924, 18927, 18930, 18933, 18936, 18939, 18942, 18945, 18948, 18951, 18954, 18957, 18960, 18963, 18966, 18969, 18972, 18975, 18978, 18981, 18984, 18987, 18990, 18993, 18996, 18999, 19002, 19005, 19008, 19011, 19014, 19017, 19020, 19023, 19026, 19029, 19032, 19035, 19038, 19041, 19044, 19047, 19050, 19053, 19056, 19059, 19062, 19065, 19068, 19071, 19074, 19077, 19080, 19083, 19086, 19089, 19092, 19095, 19098, 19101, 19104, 19107, 19110, 19113, 19116, 19119, 19122, 19125, 19128, 19131, 19134, 19137, 19140, 19143, 19146, 19149, 19152, 19155, 19158, 19161, 19164, 19167, 19170, 19173, 19176, 19179, 19182, 19185, 19188, 19191, 19194, 19197, 19200, 19203, 19206, 19209, 19212, 19215, 19218, 19221, 19224, 19227, 19230, 19233, 19236, 19239, 19242, 19245, 19248, 19251, 19254, 19257, 19260, 19263, 19266, 19269, 19272, 19275, 19278, 19281, 19284, 19287, 19290, 19293, 19296, 19299, 19302, 19305, 19308, 19311, 19314, 19317, 19320, 19323, 19326, 19329, 19332, 19335, 19338, 19341, 19344, 19347, 19350, 19353, 19356, 19359, 19362, 19365, 19368, 19371, 19374, 19377, 19380, 19383, 19386, 19389, 19392, 19395, 19398, 19401, 19404, 19407, 19410, 19413, 19416, 19419, 19422, 19425, 19428, 19431, 19434, 19437, 19440, 19443, 19446, 19449, 19452, 19455, 19458, 19461, 19464, 19467, 19470, 19473, 19476, 19479, 19482, 19485, 19488, 19491, 19494, 19497, 19500, 19503, 19506, 19509, 19512, 19515, 19518, 19521, 19524, 19527, 19530, 19533, 19536, 19539, 19542, 19545, 19548, 19551, 19554, 19557, 19560, 19563, 19566, 19569, 19572, 19575, 19578, 19581, 19584, 19587, 19590, 19593, 19596, 19599, 19602, 19605, 19608, 19611, 19614, 19617, 19620, 19623, 19626, 19629, 19632, 19635, 19638, 19641, 19644, 19647, 19650, 19653, 19656, 19659, 19662, 19665, 19668, 19671, 19674, 19677, 19680, 19683, 19686, 19689, 19692, 19695, 19698, 19701, 19704, 19707, 19710, 19713, 19716, 19719, 19722, 19725, 19728, 19731, 19734, 19737, 19740, 19743, 19746, 19749, 19752, 19755, 19758, 19761, 19764, 19767, 19770, 19773, 19776, 19779, 19782, 19785, 19788, 19791, 19794, 19797, 19800, 19803, 19806, 19809, 19812, 19815, 19818, 19821, 19824, 19827, 19830, 19833, 19836, 19839, 19842, 19845, 19848, 19851, 19854, 19857, 19860, 19863, 19866, 19869, 19872, 19875, 19878, 19881, 19884, 19887, 19890, 19893, 19896, 19899, 19902, 19905, 19908, 19911, 19914, 19917, 19920, 19923, 19926, 19929, 19932, 19935, 19938, 19941, 19944, 19947, 19950, 19953, 19956, 19959, 19962, 19965, 19968, 19971, 19974, 19977, 19980, 19983, 19986, 19989, 19992, 19995, 19998, 20001, 20004, 20007, 20010, 20013, 20016, 20019, 20022, 20025, 20028, 20031, 20034, 20037, 20040, 20043, 20046, 20049, 20052, 20055, 20058, 20061, 20064, 20067, 20070, 20073, 20076, 20079, 20082, 20085, 20088, 20091, 20094, 20097, 20100, 20103, 20106, 20109, 20112, 20115, 20118, 20121, 20124, 20127, 20130, 20133, 20136, 20139, 20142, 20145, 20148, 20151, 20154, 20157, 20160, 20163, 20166, 20169, 20172, 20175, 20178, 20181, 20184, 20187, 20190, 20193, 20196, 20199, 20202, 20205, 20208, 20211, 20214, 20217, 20220, 20223, 20226, 20229, 20232, 20235, 20238, 20241, 20244, 20247, 20250, 20253, 20256, 20259, 20262, 20265, 20268, 20271, 20274, 20277, 20280, 20283, 20286, 20289, 20292, 20295, 20298, 20301, 20304, 20307, 20310, 20313, 20316, 20319, 20322, 20325, 20328, 20331, 20334, 20337, 20340, 20343, 20346, 20349, 20352, 20355, 20358, 20361, 20364, 20367, 20370, 20373, 20376, 20379, 20382, 20385, 20388, 20391, 20394, 20397, 20400, 20403, 20406, 20409, 20412, 20415, 20418, 20421, 20424, 20427, 20430, 20433, 20436, 20439, 20442, 20445, 20448, 20451, 20454, 20457, 20460, 20463, 20466, 20469, 20472, 20475, 20478, 20481, 20484, 20487, 20490, 20493, 20496, 20499, 20502, 20505, 20508, 20511, 20514, 20517, 20520, 20523, 20526, 20529, 20532, 20535, 20538, 20541, 20544, 20547, 20550, 20553, 20556, 20559, 20562, 20565, 20568, 20571, 20574, 20577, 20580, 20583, 20586, 20589, 20592, 20595, 20598, 20601, 20604, 20607, 20610, 20613, 20616, 20619, 20622, 20625, 20628, 20631, 20634, 20637, 20640, 20643, 20646, 20649, 20652, 20655, 20658, 20661, 20664, 20667, 20670, 20673, 20676, 20679, 20682, 20685, 20688, 20691, 20694, 20697, 20700, 20703, 20706, 20709, 20712, 20715, 20718, 20721, 20724, 20727, 20730, 20733, 20736, 20739, 20742, 20745, 20748, 20751, 20754, 20757, 20760, 20763, 20766, 20769, 20772, 20775, 20778, 20781, 20784, 20787, 20790, 20793, 20796, 20799, 20802, 20805, 20808, 20811, 20814, 20817, 20820, 20823, 20826, 20829, 20832, 20835, 20838, 20841, 20844, 20847, 20850, 20853, 20856, 20859, 20862, 20865, 20868, 20871, 20874, 20877, 20880, 20883, 20886, 20889, 20892, 20895, 20898, 20901, 20904, 20907, 20910, 20913, 20916, 20919, 20922, 20925, 20928, 20931, 20934, 20937, 20940, 20943, 20946, 20949, 20952, 20955, 20958, 20961, 20964, 20967, 20970, 20973, 20976, 20979, 20982, 20985, 20988, 20991, 20994, 20997, 21000, 21003, 21006, 21009, 21012, 21015, 21018, 21021, 21024, 21027, 21030, 21033, 21036, 21039, 21042, 21045, 21048, 21051, 21054, 21057, 21060, 21063, 21066, 21069, 21072, 21075, 21078, 21081, 21084, 21087, 21090, 21093, 21096, 21099, 21102, 21105, 21108, 21111, 21114, 21117, 21120, 21123, 21126, 21129, 21132, 21135, 21138, 21141, 21144, 21147, 21150, 21153, 21156, 21159, 21162, 21165, 21168, 21171, 21174, 21177, 21180, 21183, 21186, 21189, 21192, 21195, 21198, 21201, 21204, 21207, 21210, 21213, 21216, 21219, 21222, 21225, 21228, 21231, 21234, 21237, 21240, 21243, 21246, 21249, 21252, 21255, 21258, 21261, 21264, 21267, 21270, 21273, 21276, 21279, 21282, 21285, 21288, 21291, 21294, 21297, 21300, 21303, 21306, 21309, 21312, 21315, 21318, 21321, 21324, 21327, 21330, 21333, 21336, 21339, 21342, 21345, 21348, 21351, 21354, 21357, 21360, 21363, 21366, 21369, 21372, 21375, 21378, 21381, 21384, 21387, 21390, 21393, 21396, 21399, 21402, 21405, 21408, 21411, 21414, 21417, 21420, 21423, 21426, 21429, 21432, 21435, 21438, 21441, 21444, 21447, 21450, 21453, 21456, 21459, 21462, 21465, 21468, 21471, 21474, 21477, 21480, 21483, 21486, 21489, 21492, 21495, 21498, 21501, 21504, 21507, 21510, 21513, 21516, 21519, 21522, 21525, 21528, 21531, 21534, 21537, 21540, 21543, 21546, 21549, 21552, 21555, 21558, 21561, 21564, 21567, 21570, 21573, 21576, 21579, 21582, 21585, 21588, 21591, 21594, 21597, 21600, 21603, 21606, 21609, 21612, 21615, 21618, 21621, 21624, 21627, 21630, 21633, 21636, 21639, 21642, 21645, 21648, 21651, 21654, 21657, 21660, 21663, 21666, 21669, 21672, 21675, 21678, 21681, 21684, 21687, 21690, 21693, 21696, 21699, 21702, 21705, 21708, 21711, 21714, 21717, 21720, 21723, 21726, 21729, 21732, 21735, 21738, 21741, 21744, 21747, 21750, 21753, 21756, 21759, 21762, 21765, 21768, 21771, 21774, 21777, 21780, 21783, 21786, 21789, 21792, 21795, 21798, 21801, 21804, 21807, 21810, 21813, 21816, 21819, 21822, 21825, 21828, 21831, 21834, 21837, 21840, 21843, 21846, 21849, 21852, 21855, 21858, 21861, 21864, 21867, 21870, 21873, 21876, 21879, 21882, 21885, 21888, 21891, 21894, 21897, 21900, 21903, 21906, 21909, 21912, 21915, 21918, 21921, 21924, 21927, 21930, 21933, 21936, 21939, 21942, 21945, 21948, 21951, 21954, 21957, 21960, 21963, 21966, 21969, 21972, 21975, 21978, 21981, 21984, 21987, 21990, 21993, 21996, 21999, 22002, 22005, 22008, 22011, 22014, 22017, 22020, 22023, 22026, 22029, 22032, 22035, 22038, 22041, 22044, 22047, 22050, 22053, 22056, 22059, 22062, 22065, 22068, 22071, 22074, 22077, 22080, 22083, 22086, 22089, 22092, 22095, 22098, 22101, 22104, 22107, 22110, 22113, 22116, 22119, 22122, 22125, 22128, 22131, 22134, 22137, 22140, 22143, 22146, 22149, 22152, 22155, 22158, 22161, 22164, 22167, 22170, 22173, 22176, 22179, 22182, 22185, 22188, 22191, 22194, 22197, 22200, 22203, 22206, 22209, 22212, 22215, 22218, 22221, 22224, 22227, 22230, 22233, 22236, 22239, 22242, 22245, 22248, 22251, 22254, 22257, 22260, 22263, 22266, 22269, 22272, 22275, 22278, 22281, 22284, 22287, 22290, 22293, 22296, 22299, 22302, 22305, 22308, 22311, 22314, 22317, 22320, 22323, 22326, 22329, 22332, 22335, 22338, 22341, 22344, 22347, 22350, 22353, 22356, 22359, 22362, 22365, 22368, 22371, 22374, 22377, 22380, 22383, 22386, 22389, 22392, 22395, 22398, 22401, 22404, 22407, 22410, 22413, 22416, 22419, 22422, 22425, 22428, 22431, 22434, 22437, 22440, 22443, 22446, 22449, 22452, 22455, 22458, 22461, 22464, 22467, 22470, 22473, 22476, 22479, 22482, 22485, 22488, 22491, 22494, 22497, 22500, 22503, 22506, 22509, 22512, 22515, 22518, 22521, 22524, 22527, 22530, 22533, 22536, 22539, 22542, 22545, 22548, 22551, 22554, 22557, 22560, 22563, 22566, 22569, 22572, 22575, 22578, 22581, 22584, 22587, 22590, 22593, 22596, 22599, 22602, 22605, 22608, 22611, 22614, 22617, 22620, 22623, 22626, 22629, 22632, 22635, 22638, 22641, 22644, 22647, 22650, 22653, 22656, 22659, 22662, 22665, 22668, 22671, 22674, 22677, 22680, 22683, 22686, 22689, 22692, 22695, 22698, 22701, 22704, 22707, 22710, 22713, 22716, 22719, 22722, 22725, 22728, 22731, 22734, 22737, 22740, 22743, 22746, 22749, 22752, 22755, 22758, 22761, 22764, 22767, 22770, 22773, 22776, 22779, 22782, 22785, 22788, 22791, 22794, 22797, 22800, 22803, 22806, 22809, 22812, 22815, 22818, 22821, 22824, 22827, 22830, 22833, 22836, 22839, 22842, 22845, 22848, 22851, 22854, 22857, 22860, 22863, 22866, 22869, 22872, 22875, 22878, 22881, 22884, 22887, 22890, 22893, 22896, 22899, 22902, 22905, 22908, 22911, 22914, 22917, 22920, 22923, 22926, 22929, 22932, 22935, 22938, 22941, 22944, 22947, 22950, 22953, 22956, 22959, 22962, 22965, 22968, 22971, 22974, 22977, 22980, 22983, 22986, 22989, 22992, 22995, 22998, 23001, 23004, 23007, 23010, 23013, 23016, 23019, 23022, 23025, 23028, 23031, 23034, 23037, 23040, 23043, 23046, 23049, 23052, 23055, 23058, 23061, 23064, 23067, 23070, 23073, 23076, 23079, 23082, 23085, 23088, 23091, 23094, 23097, 23100, 23103, 23106, 23109, 23112, 23115, 23118, 23121, 23124, 23127, 23130, 23133, 23136, 23139, 23142, 23145, 23148, 23151, 23154, 23157, 23160, 23163, 23166, 23169, 23172, 23175, 23178, 23181, 23184, 23187, 23190, 23193, 23196, 23199, 23202, 23205, 23208, 23211, 23214, 23217, 23220, 23223, 23226, 23229, 23232, 23235, 23238, 23241, 23244, 23247, 23250, 23253, 23256, 23259, 23262, 23265, 23268, 23271, 23274, 23277, 23280, 23283, 23286, 23289, 23292, 23295, 23298, 23301, 23304, 23307, 23310, 23313, 23316, 23319, 23322, 23325, 23328, 23331, 23334, 23337, 23340, 23343, 23346, 23349, 23352, 23355, 23358, 23361, 23364, 23367, 23370, 23373, 23376, 23379, 23382, 23385, 23388, 23391, 23394, 23397, 23400, 23403, 23406, 23409, 23412, 23415, 23418, 23421, 23424, 23427, 23430, 23433, 23436, 23439, 23442, 23445, 23448, 23451, 23454, 23457, 23460, 23463, 23466, 23469, 23472, 23475, 23478, 23481, 23484, 23487, 23490, 23493, 23496, 23499, 23502, 23505, 23508, 23511, 23514, 23517, 23520, 23523, 23526, 23529, 23532, 23535, 23538, 23541, 23544, 23547, 23550, 23553, 23556, 23559, 23562, 23565, 23568, 23571, 23574, 23577, 23580, 23583, 23586, 23589, 23592, 23595, 23598, 23601, 23604, 23607, 23610, 23613, 23616, 23619, 23622, 23625, 23628, 23631, 23634, 23637, 23640, 23643, 23646, 23649, 23652, 23655, 23658, 23661, 23664, 23667, 23670, 23673, 23676, 23679, 23682, 23685, 23688, 23691, 23694, 23697, 23700, 23703, 23706, 23709, 23712, 23715, 23718, 23721, 23724, 23727, 23730, 23733, 23736, 23739, 23742, 23745, 23748, 23751, 23754, 23757, 23760, 23763, 23766, 23769, 23772, 23775, 23778, 23781, 23784, 23787, 23790, 23793, 23796, 23799, 23802, 23805, 23808, 23811, 23814, 23817, 23820, 23823, 23826, 23829, 23832, 23835, 23838, 23841, 23844, 23847, 23850, 23853, 23856, 23859, 23862, 23865, 23868, 23871, 23874, 23877, 23880, 23883, 23886, 23889, 23892, 23895, 23898, 23901, 23904, 23907, 23910, 23913, 23916, 23919, 23922, 23925, 23928, 23931, 23934, 23937, 23940, 23943, 23946, 23949, 23952, 23955, 23958, 23961, 23964, 23967, 23970, 23973, 23976, 23979, 23982, 23985, 23988, 23991, 23994, 23997, 24000, 24003, 24006, 24009, 24012, 24015, 24018, 24021, 24024, 24027, 24030, 24033, 24036, 24039, 24042, 24045, 24048, 24051, 24054, 24057, 24060, 24063, 24066, 24069, 24072, 24075, 24078, 24081, 24084, 24087, 24090, 24093, 24096, 24099, 24102, 24105, 24108, 24111, 24114, 24117, 24120, 24123, 24126, 24129, 24132, 24135, 24138, 24141, 24144, 24147, 24150, 24153, 24156, 24159, 24162, 24165, 24168, 24171, 24174, 24177, 24180, 24183, 24186, 24189, 24192, 24195, 24198, 24201, 24204, 24207, 24210, 24213, 24216, 24219, 24222, 24225, 24228, 24231, 24234, 24237, 24240, 24243, 24246, 24249, 24252, 24255, 24258, 24261, 24264, 24267, 24270, 24273, 24276, 24279, 24282, 24285, 24288, 24291, 24294, 24297, 24300, 24303, 24306, 24309, 24312, 24315, 24318, 24321, 24324, 24327, 24330, 24333, 24336, 24339, 24342, 24345, 24348, 24351, 24354, 24357, 24360, 24363, 24366, 24369, 24372, 24375, 24378, 24381, 24384, 24387, 24390, 24393, 24396, 24399, 24402, 24405, 24408, 24411, 24414, 24417, 24420, 24423, 24426, 24429, 24432, 24435, 24438, 24441, 24444, 24447, 24450, 24453, 24456, 24459, 24462, 24465, 24468, 24471, 24474, 24477, 24480, 24483, 24486, 24489, 24492, 24495, 24498, 24501, 24504, 24507, 24510, 24513, 24516, 24519, 24522, 24525, 24528, 24531, 24534, 24537, 24540, 24543, 24546, 24549, 24552, 24555, 24558, 24561, 24564, 24567, 24570, 24573, 24576, 24579, 24582, 24585, 24588, 24591, 24594, 24597, 24600, 24603, 24606, 24609, 24612, 24615, 24618, 24621, 24624, 24627, 24630, 24633, 24636, 24639, 24642, 24645, 24648, 24651, 24654, 24657, 24660, 24663, 24666, 24669, 24672, 24675, 24678, 24681, 24684, 24687, 24690, 24693, 24696, 24699, 24702, 24705, 24708, 24711, 24714, 24717, 24720, 24723, 24726, 24729, 24732, 24735, 24738, 24741, 24744, 24747, 24750, 24753, 24756, 24759, 24762, 24765, 24768, 24771, 24774, 24777, 24780, 24783, 24786, 24789, 24792, 24795, 24798, 24801, 24804, 24807, 24810, 24813, 24816, 24819, 24822, 24825, 24828, 24831, 24834, 24837, 24840, 24843, 24846, 24849, 24852, 24855, 24858, 24861, 24864, 24867, 24870, 24873, 24876, 24879, 24882, 24885, 24888, 24891, 24894, 24897, 24900, 24903, 24906, 24909, 24912, 24915, 24918, 24921, 24924, 24927, 24930, 24933, 24936, 24939, 24942, 24945, 24948, 24951, 24954, 24957, 24960, 24963, 24966, 24969, 24972, 24975, 24978, 24981, 24984, 24987, 24990, 24993, 24996, 24999, 25002, 25005, 25008, 25011, 25014, 25017, 25020, 25023, 25026, 25029, 25032, 25035, 25038, 25041, 25044, 25047, 25050, 25053, 25056, 25059, 25062, 25065, 25068, 25071, 25074, 25077, 25080, 25083, 25086, 25089, 25092, 25095, 25098, 25101, 25104, 25107, 25110, 25113, 25116, 25119, 25122, 25125, 25128, 25131, 25134, 25137, 25140, 25143, 25146, 25149, 25152, 25155, 25158, 25161, 25164, 25167, 25170, 25173, 25176, 25179, 25182, 25185, 25188, 25191, 25194, 25197, 25200, 25203, 25206, 25209, 25212, 25215, 25218, 25221, 25224, 25227, 25230, 25233, 25236, 25239, 25242, 25245, 25248, 25251, 25254, 25257, 25260, 25263, 25266, 25269, 25272, 25275, 25278, 25281, 25284, 25287, 25290, 25293, 25296, 25299, 25302, 25305, 25308, 25311, 25314, 25317, 25320, 25323, 25326, 25329, 25332, 25335, 25338, 25341, 25344, 25347, 25350, 25353, 25356, 25359, 25362, 25365, 25368, 25371, 25374, 25377, 25380, 25383, 25386, 25389, 25392, 25395, 25398, 25401, 25404, 25407, 25410, 25413, 25416, 25419, 25422, 25425, 25428, 25431, 25434, 25437, 25440, 25443, 25446, 25449, 25452, 25455, 25458, 25461, 25464, 25467, 25470, 25473, 25476, 25479, 25482, 25485, 25488, 25491, 25494, 25497, 25500, 25503, 25506, 25509, 25512, 25515, 25518, 25521, 25524, 25527, 25530, 25533, 25536, 25539, 25542, 25545, 25548, 25551, 25554, 25557, 25560, 25563, 25566, 25569, 25572, 25575, 25578, 25581, 25584, 25587, 25590, 25593, 25596, 25599, 25602, 25605, 25608, 25611, 25614, 25617, 25620, 25623, 25626, 25629, 25632, 25635, 25638, 25641, 25644, 25647, 25650, 25653, 25656, 25659, 25662, 25665, 25668, 25671, 25674, 25677, 25680, 25683, 25686, 25689, 25692, 25695, 25698, 25701, 25704, 25707, 25710, 25713, 25716, 25719, 25722, 25725, 25728, 25731, 25734, 25737, 25740, 25743, 25746, 25749, 25752, 25755, 25758, 25761, 25764, 25767, 25770, 25773, 25776, 25779, 25782, 25785, 25788, 25791, 25794, 25797, 25800, 25803, 25806, 25809, 25812, 25815, 25818, 25821, 25824, 25827, 25830, 25833, 25836, 25839, 25842, 25845, 25848, 25851, 25854, 25857, 25860, 25863, 25866, 25869, 25872, 25875, 25878, 25881, 25884, 25887, 25890, 25893, 25896, 25899, 25902, 25905, 25908, 25911, 25914, 25917, 25920, 25923, 25926, 25929, 25932, 25935, 25938, 25941, 25944, 25947, 25950, 25953, 25956, 25959, 25962, 25965, 25968, 25971, 25974, 25977, 25980, 25983, 25986, 25989, 25992, 25995, 25998, 26001, 26004, 26007, 26010, 26013, 26016, 26019, 26022, 26025, 26028, 26031, 26034, 26037, 26040, 26043, 26046, 26049, 26052, 26055, 26058, 26061, 26064, 26067, 26070, 26073, 26076, 26079, 26082, 26085, 26088, 26091, 26094, 26097, 26100, 26103, 26106, 26109, 26112, 26115, 26118, 26121, 26124, 26127, 26130, 26133, 26136, 26139, 26142, 26145, 26148, 26151, 26154, 26157, 26160, 26163, 26166, 26169, 26172, 26175, 26178, 26181, 26184, 26187, 26190, 26193, 26196, 26199, 26202, 26205, 26208, 26211, 26214, 26217, 26220, 26223, 26226, 26229, 26232, 26235, 26238, 26241, 26244, 26247, 26250, 26253, 26256, 26259, 26262, 26265, 26268, 26271, 26274, 26277, 26280, 26283, 26286, 26289, 26292, 26295, 26298, 26301, 26304, 26307, 26310, 26313, 26316, 26319, 26322, 26325, 26328, 26331, 26334, 26337, 26340, 26343, 26346, 26349, 26352, 26355, 26358, 26361, 26364, 26367, 26370, 26373, 26376, 26379, 26382, 26385, 26388, 26391, 26394, 26397, 26400, 26403, 26406, 26409, 26412, 26415, 26418, 26421, 26424, 26427, 26430, 26433, 26436, 26439, 26442, 26445, 26448, 26451, 26454, 26457, 26460, 26463, 26466, 26469, 26472, 26475, 26478, 26481, 26484, 26487, 26490, 26493, 26496, 26499, 26502, 26505, 26508, 26511, 26514, 26517, 26520, 26523, 26526, 26529, 26532, 26535, 26538, 26541, 26544, 26547, 26550, 26553, 26556, 26559, 26562, 26565, 26568, 26571, 26574, 26577, 26580, 26583, 26586, 26589, 26592, 26595, 26598, 26601, 26604, 26607, 26610, 26613, 26616, 26619, 26622, 26625, 26628, 26631, 26634, 26637, 26640, 26643, 26646, 26649, 26652, 26655, 26658, 26661, 26664, 26667, 26670, 26673, 26676, 26679, 26682, 26685, 26688, 26691, 26694, 26697, 26700, 26703, 26706, 26709, 26712, 26715, 26718, 26721, 26724, 26727, 26730, 26733, 26736, 26739, 26742, 26745, 26748, 26751, 26754, 26757, 26760, 26763, 26766, 26769, 26772, 26775, 26778, 26781, 26784, 26787, 26790, 26793, 26796, 26799, 26802, 26805, 26808, 26811, 26814, 26817, 26820, 26823, 26826, 26829, 26832, 26835, 26838, 26841, 26844, 26847, 26850, 26853, 26856, 26859, 26862, 26865, 26868, 26871, 26874, 26877, 26880, 26883, 26886, 26889, 26892, 26895, 26898, 26901, 26904, 26907, 26910, 26913, 26916, 26919, 26922, 26925, 26928, 26931, 26934, 26937, 26940, 26943, 26946, 26949, 26952, 26955, 26958, 26961, 26964, 26967, 26970, 26973, 26976, 26979, 26982, 26985, 26988, 26991, 26994, 26997, 27000, 27003, 27006, 27009, 27012, 27015, 27018, 27021, 27024, 27027, 27030, 27033, 27036, 27039, 27042, 27045, 27048, 27051, 27054, 27057, 27060, 27063, 27066, 27069, 27072, 27075, 27078, 27081, 27084, 27087, 27090, 27093, 27096, 27099, 27102, 27105, 27108, 27111, 27114, 27117, 27120, 27123, 27126, 27129, 27132, 27135, 27138, 27141, 27144, 27147, 27150, 27153, 27156, 27159, 27162, 27165, 27168, 27171, 27174, 27177, 27180, 27183, 27186, 27189, 27192, 27195, 27198, 27201, 27204, 27207, 27210, 27213, 27216, 27219, 27222, 27225, 27228, 27231, 27234, 27237, 27240, 27243, 27246, 27249, 27252, 27255, 27258, 27261, 27264, 27267, 27270, 27273, 27276, 27279, 27282, 27285, 27288, 27291, 27294, 27297, 27300, 27303, 27306, 27309, 27312, 27315, 27318, 27321, 27324, 27327, 27330, 27333, 27336, 27339, 27342, 27345, 27348, 27351, 27354, 27357, 27360, 27363, 27366, 27369, 27372, 27375, 27378, 27381, 27384, 27387, 27390, 27393, 27396, 27399, 27402, 27405, 27408, 27411, 27414, 27417, 27420, 27423, 27426, 27429, 27432, 27435, 27438, 27441, 27444, 27447, 27450, 27453, 27456, 27459, 27462, 27465, 27468, 27471, 27474, 27477, 27480, 27483, 27486, 27489, 27492, 27495, 27498, 27501, 27504, 27507, 27510, 27513, 27516, 27519, 27522, 27525, 27528, 27531, 27534, 27537, 27540, 27543, 27546, 27549, 27552, 27555, 27558, 27561, 27564, 27567, 27570, 27573, 27576, 27579, 27582, 27585, 27588, 27591, 27594, 27597, 27600, 27603, 27606, 27609, 27612, 27615, 27618, 27621, 27624, 27627, 27630, 27633, 27636, 27639, 27642, 27645, 27648, 27651, 27654, 27657, 27660, 27663, 27666, 27669, 27672, 27675, 27678, 27681, 27684, 27687, 27690, 27693, 27696, 27699, 27702, 27705, 27708, 27711, 27714, 27717, 27720, 27723, 27726, 27729, 27732, 27735, 27738, 27741, 27744, 27747, 27750, 27753, 27756, 27759, 27762, 27765, 27768, 27771, 27774, 27777, 27780, 27783, 27786, 27789, 27792, 27795, 27798, 27801, 27804, 27807, 27810, 27813, 27816, 27819, 27822, 27825, 27828, 27831, 27834, 27837, 27840, 27843, 27846, 27849, 27852, 27855, 27858, 27861, 27864, 27867, 27870, 27873, 27876, 27879, 27882, 27885, 27888, 27891, 27894, 27897, 27900, 27903, 27906, 27909, 27912, 27915, 27918, 27921, 27924, 27927, 27930, 27933, 27936, 27939, 27942, 27945, 27948, 27951, 27954, 27957, 27960, 27963, 27966, 27969, 27972, 27975, 27978, 27981, 27984, 27987, 27990, 27993, 27996, 27999, 28002, 28005, 28008, 28011, 28014, 28017, 28020, 28023, 28026, 28029, 28032, 28035, 28038, 28041, 28044, 28047, 28050, 28053, 28056, 28059, 28062, 28065, 28068, 28071, 28074, 28077, 28080, 28083, 28086, 28089, 28092, 28095, 28098, 28101, 28104, 28107, 28110, 28113, 28116, 28119, 28122, 28125, 28128, 28131, 28134, 28137, 28140, 28143, 28146, 28149, 28152, 28155, 28158, 28161, 28164, 28167, 28170, 28173, 28176, 28179, 28182, 28185, 28188, 28191, 28194, 28197, 28200, 28203, 28206, 28209, 28212, 28215, 28218, 28221, 28224, 28227, 28230, 28233, 28236, 28239, 28242, 28245, 28248, 28251, 28254, 28257, 28260, 28263, 28266, 28269, 28272, 28275, 28278, 28281, 28284, 28287, 28290, 28293, 28296, 28299, 28302, 28305, 28308, 28311, 28314, 28317, 28320, 28323, 28326, 28329, 28332, 28335, 28338, 28341, 28344, 28347, 28350, 28353, 28356, 28359, 28362, 28365, 28368, 28371, 28374, 28377, 28380, 28383, 28386, 28389, 28392, 28395, 28398, 28401, 28404, 28407, 28410, 28413, 28416, 28419, 28422, 28425, 28428, 28431, 28434, 28437, 28440, 28443, 28446, 28449, 28452, 28455, 28458, 28461, 28464, 28467, 28470, 28473, 28476, 28479, 28482, 28485, 28488, 28491, 28494, 28497, 28500, 28503, 28506, 28509, 28512, 28515, 28518, 28521, 28524, 28527, 28530, 28533, 28536, 28539, 28542, 28545, 28548, 28551, 28554, 28557, 28560, 28563, 28566, 28569, 28572, 28575, 28578, 28581, 28584, 28587, 28590, 28593, 28596, 28599, 28602, 28605, 28608, 28611, 28614, 28617, 28620, 28623, 28626, 28629, 28632, 28635, 28638, 28641, 28644, 28647, 28650, 28653, 28656, 28659, 28662, 28665, 28668, 28671, 28674, 28677, 28680, 28683, 28686, 28689, 28692, 28695, 28698, 28701, 28704, 28707, 28710, 28713, 28716, 28719, 28722, 28725, 28728, 28731, 28734, 28737, 28740, 28743, 28746, 28749, 28752, 28755, 28758, 28761, 28764, 28767, 28770, 28773, 28776, 28779, 28782, 28785, 28788, 28791, 28794, 28797, 28800, 28803, 28806, 28809, 28812, 28815, 28818, 28821, 28824, 28827, 28830, 28833, 28836, 28839, 28842, 28845, 28848, 28851, 28854, 28857, 28860, 28863, 28866, 28869, 28872, 28875, 28878, 28881, 28884, 28887, 28890, 28893, 28896, 28899, 28902, 28905, 28908, 28911, 28914, 28917, 28920, 28923, 28926, 28929, 28932, 28935, 28938, 28941, 28944, 28947, 28950, 28953, 28956, 28959, 28962, 28965, 28968, 28971, 28974, 28977, 28980, 28983, 28986, 28989, 28992, 28995, 28998, 29001, 29004, 29007, 29010, 29013, 29016, 29019, 29022, 29025, 29028, 29031, 29034, 29037, 29040, 29043, 29046, 29049, 29052, 29055, 29058, 29061, 29064, 29067, 29070, 29073, 29076, 29079, 29082, 29085, 29088, 29091, 29094, 29097, 29100, 29103, 29106, 29109, 29112, 29115, 29118, 29121, 29124, 29127, 29130, 29133, 29136, 29139, 29142, 29145, 29148, 29151, 29154, 29157, 29160, 29163, 29166, 29169, 29172, 29175, 29178, 29181, 29184, 29187, 29190, 29193, 29196, 29199, 29202, 29205, 29208, 29211, 29214, 29217, 29220, 29223, 29226, 29229, 29232, 29235, 29238, 29241, 29244, 29247, 29250, 29253, 29256, 29259, 29262, 29265, 29268, 29271, 29274, 29277, 29280, 29283, 29286, 29289, 29292, 29295, 29298, 29301, 29304, 29307, 29310, 29313, 29316, 29319, 29322, 29325, 29328, 29331, 29334, 29337, 29340, 29343, 29346, 29349, 29352, 29355, 29358, 29361, 29364, 29367, 29370, 29373, 29376, 29379, 29382, 29385, 29388, 29391, 29394, 29397, 29400, 29403, 29406, 29409, 29412, 29415, 29418, 29421, 29424, 29427, 29430, 29433, 29436, 29439, 29442, 29445, 29448, 29451, 29454, 29457, 29460, 29463, 29466, 29469, 29472, 29475, 29478, 29481, 29484, 29487, 29490, 29493, 29496, 29499, 29502, 29505, 29508, 29511, 29514, 29517, 29520, 29523, 29526, 29529, 29532, 29535, 29538, 29541, 29544, 29547, 29550, 29553, 29556, 29559, 29562, 29565, 29568, 29571, 29574, 29577, 29580, 29583, 29586, 29589, 29592, 29595, 29598, 29601, 29604, 29607, 29610, 29613, 29616, 29619, 29622, 29625, 29628, 29631, 29634, 29637, 29640, 29643, 29646, 29649, 29652, 29655, 29658, 29661, 29664, 29667, 29670, 29673, 29676, 29679, 29682, 29685, 29688, 29691, 29694, 29697, 29700, 29703, 29706, 29709, 29712, 29715, 29718, 29721, 29724, 29727, 29730, 29733, 29736, 29739, 29742, 29745, 29748, 29751, 29754, 29757, 29760, 29763, 29766, 29769, 29772, 29775, 29778, 29781, 29784, 29787, 29790, 29793, 29796, 29799, 29802, 29805, 29808, 29811, 29814, 29817, 29820, 29823, 29826, 29829, 29832, 29835, 29838, 29841, 29844, 29847, 29850, 29853, 29856, 29859, 29862, 29865, 29868, 29871, 29874, 29877, 29880, 29883, 29886, 29889, 29892, 29895, 29898, 29901, 29904, 29907, 29910, 29913, 29916, 29919, 29922, 29925, 29928, 29931, 29934, 29937, 29940, 29943, 29946, 29949, 29952, 29955, 29958, 29961, 29964, 29967, 29970, 29973, 29976, 29979, 29982, 29985, 29988, 29991, 29994, 29997, 30000, 30003, 30006, 30009, 30012, 30015, 30018, 30021, 30024, 30027, 30030, 30033, 30036, 30039, 30042, 30045, 30048, 30051, 30054, 30057, 30060, 30063, 30066, 30069, 30072, 30075, 30078, 30081, 30084, 30087, 30090, 30093, 30096, 30099, 30102, 30105, 30108, 30111, 30114, 30117, 30120, 30123, 30126, 30129, 30132, 30135, 30138, 30141, 30144, 30147, 30150, 30153, 30156, 30159, 30162, 30165, 30168, 30171, 30174, 30177, 30180, 30183, 30186, 30189, 30192, 30195, 30198, 30201, 30204, 30207, 30210, 30213, 30216, 30219, 30222, 30225, 30228, 30231, 30234, 30237, 30240, 30243, 30246, 30249, 30252, 30255, 30258, 30261, 30264, 30267, 30270, 30273, 30276, 30279, 30282, 30285, 30288, 30291, 30294, 30297, 30300, 30303, 30306, 30309, 30312, 30315, 30318, 30321, 30324, 30327, 30330, 30333, 30336, 30339, 30342, 30345, 30348, 30351, 30354, 30357, 30360, 30363, 30366, 30369, 30372, 30375, 30378, 30381, 30384, 30387, 30390, 30393, 30396, 30399, 30402, 30405, 30408, 30411, 30414, 30417, 30420, 30423, 30426, 30429, 30432, 30435, 30438, 30441, 30444, 30447, 30450, 30453, 30456, 30459, 30462, 30465, 30468, 30471, 30474, 30477, 30480, 30483, 30486, 30489, 30492, 30495, 30498, 30501, 30504, 30507, 30510, 30513, 30516, 30519, 30522, 30525, 30528, 30531, 30534, 30537, 30540, 30543, 30546, 30549, 30552, 30555, 30558, 30561, 30564, 30567, 30570, 30573, 30576, 30579, 30582, 30585, 30588, 30591, 30594, 30597, 30600, 30603, 30606, 30609, 30612, 30615, 30618, 30621, 30624, 30627, 30630, 30633, 30636, 30639, 30642, 30645, 30648, 30651, 30654, 30657, 30660, 30663, 30666, 30669, 30672, 30675, 30678, 30681, 30684, 30687, 30690, 30693, 30696, 30699, 30702, 30705, 30708, 30711, 30714, 30717, 30720, 30723, 30726, 30729, 30732, 30735, 30738, 30741, 30744, 30747, 30750, 30753, 30756, 30759, 30762, 30765, 30768, 30771, 30774, 30777, 30780, 30783, 30786, 30789, 30792, 30795, 30798, 30801, 30804, 30807, 30810, 30813, 30816, 30819, 30822, 30825, 30828, 30831, 30834, 30837, 30840, 30843, 30846, 30849, 30852, 30855, 30858, 30861, 30864, 30867, 30870, 30873, 30876, 30879, 30882, 30885, 30888, 30891, 30894, 30897, 30900, 30903, 30906, 30909, 30912, 30915, 30918, 30921, 30924, 30927, 30930, 30933, 30936, 30939, 30942, 30945, 30948, 30951, 30954, 30957, 30960, 30963, 30966, 30969, 30972, 30975, 30978, 30981, 30984, 30987, 30990, 30993, 30996, 30999, 31002, 31005, 31008, 31011, 31014, 31017, 31020, 31023, 31026, 31029, 31032, 31035, 31038, 31041, 31044, 31047, 31050, 31053, 31056, 31059, 31062, 31065, 31068, 31071, 31074, 31077, 31080, 31083, 31086, 31089, 31092, 31095, 31098, 31101, 31104, 31107, 31110, 31113, 31116, 31119, 31122, 31125, 31128, 31131, 31134, 31137, 31140, 31143, 31146, 31149, 31152, 31155, 31158, 31161, 31164, 31167, 31170, 31173, 31176, 31179, 31182, 31185, 31188, 31191, 31194, 31197, 31200, 31203, 31206, 31209, 31212, 31215, 31218, 31221, 31224, 31227, 31230, 31233, 31236, 31239, 31242, 31245, 31248, 31251, 31254, 31257, 31260, 31263, 31266, 31269, 31272, 31275, 31278, 31281, 31284, 31287, 31290, 31293, 31296, 31299, 31302, 31305, 31308, 31311, 31314, 31317, 31320, 31323, 31326, 31329, 31332, 31335, 31338, 31341, 31344, 31347, 31350, 31353, 31356, 31359, 31362, 31365, 31368, 31371, 31374, 31377, 31380, 31383, 31386, 31389, 31392, 31395, 31398, 31401, 31404, 31407, 31410, 31413, 31416, 31419, 31422, 31425, 31428, 31431, 31434, 31437, 31440, 31443, 31446, 31449, 31452, 31455, 31458, 31461, 31464, 31467, 31470, 31473, 31476, 31479, 31482, 31485, 31488, 31491, 31494, 31497, 31500, 31503, 31506, 31509, 31512, 31515, 31518, 31521, 31524, 31527, 31530, 31533, 31536, 31539, 31542, 31545, 31548, 31551, 31554, 31557, 31560, 31563, 31566, 31569, 31572, 31575, 31578, 31581, 31584, 31587, 31590, 31593, 31596, 31599, 31602, 31605, 31608, 31611, 31614, 31617, 31620, 31623, 31626, 31629, 31632, 31635, 31638, 31641, 31644, 31647, 31650, 31653, 31656, 31659, 31662, 31665, 31668, 31671, 31674, 31677, 31680, 31683, 31686, 31689, 31692, 31695, 31698, 31701, 31704, 31707, 31710, 31713, 31716, 31719, 31722, 31725, 31728, 31731, 31734, 31737, 31740, 31743, 31746, 31749, 31752, 31755, 31758, 31761, 31764, 31767, 31770, 31773, 31776, 31779, 31782, 31785, 31788, 31791, 31794, 31797, 31800, 31803, 31806, 31809, 31812, 31815, 31818, 31821, 31824, 31827, 31830, 31833, 31836, 31839, 31842, 31845, 31848, 31851, 31854, 31857, 31860, 31863, 31866, 31869, 31872, 31875, 31878, 31881, 31884, 31887, 31890, 31893, 31896, 31899, 31902, 31905, 31908, 31911, 31914, 31917, 31920, 31923, 31926, 31929, 31932, 31935, 31938, 31941, 31944, 31947, 31950, 31953, 31956, 31959, 31962, 31965, 31968, 31971, 31974, 31977, 31980, 31983, 31986, 31989, 31992, 31995, 31998, 32001, 32004, 32007, 32010, 32013, 32016, 32019, 32022, 32025, 32028, 32031, 32034, 32037, 32040, 32043, 32046, 32049, 32052, 32055, 32058, 32061, 32064, 32067, 32070, 32073, 32076, 32079, 32082, 32085, 32088, 32091, 32094, 32097, 32100, 32103, 32106, 32109, 32112, 32115, 32118, 32121, 32124, 32127, 32130, 32133, 32136, 32139, 32142, 32145, 32148, 32151, 32154, 32157, 32160, 32163, 32166, 32169, 32172, 32175, 32178, 32181, 32184, 32187, 32190, 32193, 32196, 32199, 32202, 32205, 32208, 32211, 32214, 32217, 32220, 32223, 32226, 32229, 32232, 32235, 32238, 32241, 32244, 32247, 32250, 32253, 32256, 32259, 32262, 32265, 32268, 32271, 32274, 32277, 32280, 32283, 32286, 32289, 32292, 32295, 32298, 32301, 32304, 32307, 32310, 32313, 32316, 32319, 32322, 32325, 32328, 32331, 32334, 32337, 32340, 32343, 32346, 32349, 32352, 32355, 32358, 32361, 32364, 32367, 32370, 32373, 32376, 32379, 32382, 32385, 32388, 32391, 32394, 32397, 32400, 32403, 32406, 32409, 32412, 32415, 32418, 32421, 32424, 32427, 32430, 32433, 32436, 32439, 32442, 32445, 32448, 32451, 32454, 32457, 32460, 32463, 32466, 32469, 32472, 32475, 32478, 32481, 32484, 32487, 32490, 32493, 32496, 32499, 32502, 32505, 32508, 32511, 32514, 32517, 32520, 32523, 32526, 32529, 32532, 32535, 32538, 32541, 32544, 32547, 32550, 32553, 32556, 32559, 32562, 32565, 32568, 32571, 32574, 32577, 32580, 32583, 32586, 32589, 32592, 32595, 32598, 32601, 32604, 32607, 32610, 32613, 32616, 32619, 32622, 32625, 32628, 32631, 32634, 32637, 32640, 32643, 32646, 32649, 32652, 32655, 32658, 32661, 32664, 32667, 32670, 32673, 32676, 32679, 32682, 32685, 32688, 32691, 32694, 32697, 32700, 32703, 32706, 32709, 32712, 32715, 32718, 32721, 32724, 32727, 32730, 32733, 32736, 32739, 32742, 32745, 32748, 32751, 32754, 32757, 32760, 32763, 32766]]" classname="org.roaringbitmap.RoaringBitmapSubsetTest" time="0.008"/>
  <testcase name="testProperSubset[assert that [-2138570738, -2138570711] is subset of [-1089929187, -1089928855]]" classname="org.roaringbitmap.RoaringBitmapSubsetTest" time="0"/>
</testsuite>