<?xml version="1.0" encoding="UTF-8"?>
<testsuite xmlns:xsi="http://www.w3.org/2001/XMLSchema-instance" xsi:schemaLocation="https://maven.apache.org/surefire/maven-surefire-plugin/xsd/surefire-test-report.xsd" name="org.roaringbitmap.buffer.BufferContainerBatchIteratorTest" time="5.046" tests="483" errors="0" skipped="0" failures="0">
  <properties>
    <property name="java.runtime.name" value="OpenJDK Runtime Environment"/>
    <property name="sun.boot.library.path" value="/usr/lib/jvm/java-8-openjdk-amd64/jre/lib/amd64"/>
    <property name="java.vm.version" value="25.121-b13"/>
    <property name="java.vm.vendor" value="Oracle Corporation"/>
    <property name="maven.multiModuleProjectDirectory" value="/root/workspace/RoaringBitmap/RoaringBitmap/388075634"/>
    <property name="java.vendor.url" value="http://java.oracle.com/"/>
    <property name="path.separator" value=":"/>
    <property name="guice.disable.misplaced.annotation.check" value="true"/>
    <property name="skip.gulp" value="true"/>
    <property name="java.vm.name" value="OpenJDK 64-Bit Server VM"/>
    <property name="file.encoding.pkg" value="sun.io"/>
    <property name="sun.java.launcher" value="SUN_STANDARD"/>
    <property name="sun.os.patch.level" value="unknown"/>
    <property name="findbugs.skip" value="true"/>
    <property name="java.vm.specification.name" value="Java Virtual Machine Specification"/>
    <property name="user.dir" value="/root/workspace/RoaringBitmap/RoaringBitmap/388075634"/>
    <property name="checkstyle.skip" value="true"/>
    <property name="java.runtime.version" value="1.8.0_121-8u121-b13-1~bpo8+1-b13"/>
    <property name="java.awt.graphicsenv" value="sun.awt.X11GraphicsEnvironment"/>
    <property name="skip.npm" value="true"/>
    <property name="java.endorsed.dirs" value="/usr/lib/jvm/java-8-openjdk-amd64/jre/lib/endorsed"/>
    <property name="os.arch" value="amd64"/>
    <property name="java.io.tmpdir" value="/tmp"/>
    <property name="gpg.skip" value="true"/>
    <property name="line.separator" value="&#10;"/>
    <property name="java.vm.specification.vendor" value="Oracle Corporation"/>
    <property name="cobertura.skip" value="true"/>
    <property name="os.name" value="Linux"/>
    <property name="classworlds.conf" value="/usr/share/maven/bin/m2.conf"/>
    <property name="sun.jnu.encoding" value="UTF-8"/>
    <property name="java.library.path" value="/usr/java/packages/lib/amd64:/usr/lib/x86_64-linux-gnu/jni:/lib/x86_64-linux-gnu:/usr/lib/x86_64-linux-gnu:/usr/lib/jni:/lib:/usr/lib"/>
    <property name="license.skip" value="true"/>
    <property name="java.specification.name" value="Java Platform API Specification"/>
    <property name="java.class.version" value="52.0"/>
    <property name="sun.management.compiler" value="HotSpot 64-Bit Tiered Compilers"/>
    <property name="skip.bower" value="true"/>
    <property name="maven.repo.local" value="/root/./workspace/RoaringBitmap/RoaringBitmap/388075634/.m2"/>
    <property name="os.version" value="3.10.0-862.3.2.el7.x86_64"/>
    <property name="user.home" value="/root"/>
    <property name="user.timezone" value="Europe/Paris"/>
    <property name="java.awt.printerjob" value="sun.print.PSPrinterJob"/>
    <property name="java.specification.version" value="1.8"/>
    <property name="file.encoding" value="UTF-8"/>
    <property name="user.name" value="root"/>
    <property name="java.class.path" value="/usr/share/maven/boot/plexus-classworlds-2.5.2.jar"/>
    <property name="skipITs" value="true"/>
    <property name="java.vm.specification.version" value="1.8"/>
    <property name="sun.arch.data.model" value="64"/>
    <property name="java.home" value="/usr/lib/jvm/java-8-openjdk-amd64/jre"/>
    <property name="sun.java.command" value="org.codehaus.plexus.classworlds.launcher.Launcher -B -D enforcer.skip=true -D dependency-check.skip=true -D skipITs=true -D cobertura.skip=true -D maven.repo.local=/root/./workspace/RoaringBitmap/RoaringBitmap/388075634/.m2 -D rat.skip=true -D findbugs.skip=true -D skip.bower=true -D gpg.skip=true -D checkstyle.skip=true -D skip.gulp=true -D license.skip=true -D skip.npm=true test"/>
    <property name="java.specification.vendor" value="Oracle Corporation"/>
    <property name="user.language" value="en"/>
    <property name="awt.toolkit" value="sun.awt.X11.XToolkit"/>
    <property name="dependency-check.skip" value="true"/>
    <property name="java.vm.info" value="mixed mode"/>
    <property name="java.version" value="1.8.0_121"/>
    <property name="java.ext.dirs" value="/usr/lib/jvm/java-8-openjdk-amd64/jre/lib/ext:/usr/java/packages/lib/ext"/>
    <property name="securerandom.source" value="file:/dev/./urandom"/>
    <property name="sun.boot.class.path" value="/usr/lib/jvm/java-8-openjdk-amd64/jre/lib/resources.jar:/usr/lib/jvm/java-8-openjdk-amd64/jre/lib/rt.jar:/usr/lib/jvm/java-8-openjdk-amd64/jre/lib/sunrsasign.jar:/usr/lib/jvm/java-8-openjdk-amd64/jre/lib/jsse.jar:/usr/lib/jvm/java-8-openjdk-amd64/jre/lib/jce.jar:/usr/lib/jvm/java-8-openjdk-amd64/jre/lib/charsets.jar:/usr/lib/jvm/java-8-openjdk-amd64/jre/lib/jfr.jar:/usr/lib/jvm/java-8-openjdk-amd64/jre/classes"/>
    <property name="java.vendor" value="Oracle Corporation"/>
    <property name="enforcer.skip" value="true"/>
    <property name="rat.skip" value="true"/>
    <property name="maven.home" value="/usr/share/maven"/>
    <property name="file.separator" value="/"/>
    <property name="java.vendor.url.bug" value="http://bugreport.sun.com/bugreport/"/>
    <property name="sun.cpu.endian" value="little"/>
    <property name="sun.io.unicode.encoding" value="UnicodeLittle"/>
    <property name="sun.cpu.isalist" value=""/>
  </properties>
  <testcase name="shouldRecoverValues1024[0]" classname="org.roaringbitmap.buffer.BufferContainerBatchIteratorTest" time="0.135"/>
  <testcase name="shouldRecoverValues2048[0]" classname="org.roaringbitmap.buffer.BufferContainerBatchIteratorTest" time="0.008"/>
  <testcase name="shouldRecoverValues4096[0]" classname="org.roaringbitmap.buffer.BufferContainerBatchIteratorTest" time="0.009"/>
  <testcase name="shouldRecoverValues8192[0]" classname="org.roaringbitmap.buffer.BufferContainerBatchIteratorTest" time="0.011"/>
  <testcase name="shouldRecoverValuesRandomBatchSizes[0]" classname="org.roaringbitmap.buffer.BufferContainerBatchIteratorTest" time="0.167"/>
  <testcase name="shouldRecoverValues512[0]" classname="org.roaringbitmap.buffer.BufferContainerBatchIteratorTest" time="0"/>
  <testcase name="shouldRecoverValues65536[0]" classname="org.roaringbitmap.buffer.BufferContainerBatchIteratorTest" time="0.002"/>
  <testcase name="shouldRecoverValues1024[1]" classname="org.roaringbitmap.buffer.BufferContainerBatchIteratorTest" time="0.001"/>
  <testcase name="shouldRecoverValues2048[1]" classname="org.roaringbitmap.buffer.BufferContainerBatchIteratorTest" time="0.001"/>
  <testcase name="shouldRecoverValues4096[1]" classname="org.roaringbitmap.buffer.BufferContainerBatchIteratorTest" time="0.002"/>
  <testcase name="shouldRecoverValues8192[1]" classname="org.roaringbitmap.buffer.BufferContainerBatchIteratorTest" time="0.002"/>
  <testcase name="shouldRecoverValuesRandomBatchSizes[1]" classname="org.roaringbitmap.buffer.BufferContainerBatchIteratorTest" time="0.185"/>
  <testcase name="shouldRecoverValues512[1]" classname="org.roaringbitmap.buffer.BufferContainerBatchIteratorTest" time="0.002"/>
  <testcase name="shouldRecoverValues65536[1]" classname="org.roaringbitmap.buffer.BufferContainerBatchIteratorTest" time="0.002"/>
  <testcase name="shouldRecoverValues1024[2]" classname="org.roaringbitmap.buffer.BufferContainerBatchIteratorTest" time="0.002"/>
  <testcase name="shouldRecoverValues2048[2]" classname="org.roaringbitmap.buffer.BufferContainerBatchIteratorTest" time="0.015"/>
  <testcase name="shouldRecoverValues4096[2]" classname="org.roaringbitmap.buffer.BufferContainerBatchIteratorTest" time="0.002"/>
  <testcase name="shouldRecoverValues8192[2]" classname="org.roaringbitmap.buffer.BufferContainerBatchIteratorTest" time="0.003"/>
  <testcase name="shouldRecoverValuesRandomBatchSizes[2]" classname="org.roaringbitmap.buffer.BufferContainerBatchIteratorTest" time="0.168"/>
  <testcase name="shouldRecoverValues512[2]" classname="org.roaringbitmap.buffer.BufferContainerBatchIteratorTest" time="0.001"/>
  <testcase name="shouldRecoverValues65536[2]" classname="org.roaringbitmap.buffer.BufferContainerBatchIteratorTest" time="0.001"/>
  <testcase name="shouldRecoverValues1024[3]" classname="org.roaringbitmap.buffer.BufferContainerBatchIteratorTest" time="0.001"/>
  <testcase name="shouldRecoverValues2048[3]" classname="org.roaringbitmap.buffer.BufferContainerBatchIteratorTest" time="0.001"/>
  <testcase name="shouldRecoverValues4096[3]" classname="org.roaringbitmap.buffer.BufferContainerBatchIteratorTest" time="0.001"/>
  <testcase name="shouldRecoverValues8192[3]" classname="org.roaringbitmap.buffer.BufferContainerBatchIteratorTest" time="0.001"/>
  <testcase name="shouldRecoverValuesRandomBatchSizes[3]" classname="org.roaringbitmap.buffer.BufferContainerBatchIteratorTest" time="0.08"/>
  <testcase name="shouldRecoverValues512[3]" classname="org.roaringbitmap.buffer.BufferContainerBatchIteratorTest" time="0.001"/>
  <testcase name="shouldRecoverValues65536[3]" classname="org.roaringbitmap.buffer.BufferContainerBatchIteratorTest" time="0.001"/>
  <testcase name="shouldRecoverValues1024[4]" classname="org.roaringbitmap.buffer.BufferContainerBatchIteratorTest" time="0.001"/>
  <testcase name="shouldRecoverValues2048[4]" classname="org.roaringbitmap.buffer.BufferContainerBatchIteratorTest" time="0.002"/>
  <testcase name="shouldRecoverValues4096[4]" classname="org.roaringbitmap.buffer.BufferContainerBatchIteratorTest" time="0"/>
  <testcase name="shouldRecoverValues8192[4]" classname="org.roaringbitmap.buffer.BufferContainerBatchIteratorTest" time="0"/>
  <testcase name="shouldRecoverValuesRandomBatchSizes[4]" classname="org.roaringbitmap.buffer.BufferContainerBatchIteratorTest" time="0.051"/>
  <testcase name="shouldRecoverValues512[4]" classname="org.roaringbitmap.buffer.BufferContainerBatchIteratorTest" time="0"/>
  <testcase name="shouldRecoverValues65536[4]" classname="org.roaringbitmap.buffer.BufferContainerBatchIteratorTest" time="0"/>
  <testcase name="shouldRecoverValues1024[5]" classname="org.roaringbitmap.buffer.BufferContainerBatchIteratorTest" time="0.001"/>
  <testcase name="shouldRecoverValues2048[5]" classname="org.roaringbitmap.buffer.BufferContainerBatchIteratorTest" time="0.001"/>
  <testcase name="shouldRecoverValues4096[5]" classname="org.roaringbitmap.buffer.BufferContainerBatchIteratorTest" time="0"/>
  <testcase name="shouldRecoverValues8192[5]" classname="org.roaringbitmap.buffer.BufferContainerBatchIteratorTest" time="0"/>
  <testcase name="shouldRecoverValuesRandomBatchSizes[5]" classname="org.roaringbitmap.buffer.BufferContainerBatchIteratorTest" time="0.08"/>
  <testcase name="shouldRecoverValues512[5]" classname="org.roaringbitmap.buffer.BufferContainerBatchIteratorTest" time="0.001"/>
  <testcase name="shouldRecoverValues65536[5]" classname="org.roaringbitmap.buffer.BufferContainerBatchIteratorTest" time="0.001"/>
  <testcase name="shouldRecoverValues1024[6]" classname="org.roaringbitmap.buffer.BufferContainerBatchIteratorTest" time="0.001"/>
  <testcase name="shouldRecoverValues2048[6]" classname="org.roaringbitmap.buffer.BufferContainerBatchIteratorTest" time="0.001"/>
  <testcase name="shouldRecoverValues4096[6]" classname="org.roaringbitmap.buffer.BufferContainerBatchIteratorTest" time="0.001"/>
  <testcase name="shouldRecoverValues8192[6]" classname="org.roaringbitmap.buffer.BufferContainerBatchIteratorTest" time="0.001"/>
  <testcase name="shouldRecoverValuesRandomBatchSizes[6]" classname="org.roaringbitmap.buffer.BufferContainerBatchIteratorTest" time="0.078"/>
  <testcase name="shouldRecoverValues512[6]" classname="org.roaringbitmap.buffer.BufferContainerBatchIteratorTest" time="0.001"/>
  <testcase name="shouldRecoverValues65536[6]" classname="org.roaringbitmap.buffer.BufferContainerBatchIteratorTest" time="0.001"/>
  <testcase name="shouldRecoverValues1024[7]" classname="org.roaringbitmap.buffer.BufferContainerBatchIteratorTest" time="0.001"/>
  <testcase name="shouldRecoverValues2048[7]" classname="org.roaringbitmap.buffer.BufferContainerBatchIteratorTest" time="0.001"/>
  <testcase name="shouldRecoverValues4096[7]" classname="org.roaringbitmap.buffer.BufferContainerBatchIteratorTest" time="0.001"/>
  <testcase name="shouldRecoverValues8192[7]" classname="org.roaringbitmap.buffer.BufferContainerBatchIteratorTest" time="0"/>
  <testcase name="shouldRecoverValuesRandomBatchSizes[7]" classname="org.roaringbitmap.buffer.BufferContainerBatchIteratorTest" time="0.071"/>
  <testcase name="shouldRecoverValues512[7]" classname="org.roaringbitmap.buffer.BufferContainerBatchIteratorTest" time="0.001"/>
  <testcase name="shouldRecoverValues65536[7]" classname="org.roaringbitmap.buffer.BufferContainerBatchIteratorTest" time="0.001"/>
  <testcase name="shouldRecoverValues1024[8]" classname="org.roaringbitmap.buffer.BufferContainerBatchIteratorTest" time="0.001"/>
  <testcase name="shouldRecoverValues2048[8]" classname="org.roaringbitmap.buffer.BufferContainerBatchIteratorTest" time="0.002"/>
  <testcase name="shouldRecoverValues4096[8]" classname="org.roaringbitmap.buffer.BufferContainerBatchIteratorTest" time="0.001"/>
  <testcase name="shouldRecoverValues8192[8]" classname="org.roaringbitmap.buffer.BufferContainerBatchIteratorTest" time="0.001"/>
  <testcase name="shouldRecoverValuesRandomBatchSizes[8]" classname="org.roaringbitmap.buffer.BufferContainerBatchIteratorTest" time="0.072"/>
  <testcase name="shouldRecoverValues512[8]" classname="org.roaringbitmap.buffer.BufferContainerBatchIteratorTest" time="0"/>
  <testcase name="shouldRecoverValues65536[8]" classname="org.roaringbitmap.buffer.BufferContainerBatchIteratorTest" time="0.001"/>
  <testcase name="shouldRecoverValues1024[9]" classname="org.roaringbitmap.buffer.BufferContainerBatchIteratorTest" time="0.01"/>
  <testcase name="shouldRecoverValues2048[9]" classname="org.roaringbitmap.buffer.BufferContainerBatchIteratorTest" time="0"/>
  <testcase name="shouldRecoverValues4096[9]" classname="org.roaringbitmap.buffer.BufferContainerBatchIteratorTest" time="0"/>
  <testcase name="shouldRecoverValues8192[9]" classname="org.roaringbitmap.buffer.BufferContainerBatchIteratorTest" time="0.001"/>
  <testcase name="shouldRecoverValuesRandomBatchSizes[9]" classname="org.roaringbitmap.buffer.BufferContainerBatchIteratorTest" time="0.059"/>
  <testcase name="shouldRecoverValues512[9]" classname="org.roaringbitmap.buffer.BufferContainerBatchIteratorTest" time="0.001"/>
  <testcase name="shouldRecoverValues65536[9]" classname="org.roaringbitmap.buffer.BufferContainerBatchIteratorTest" time="0.001"/>
  <testcase name="shouldRecoverValues1024[10]" classname="org.roaringbitmap.buffer.BufferContainerBatchIteratorTest" time="0.001"/>
  <testcase name="shouldRecoverValues2048[10]" classname="org.roaringbitmap.buffer.BufferContainerBatchIteratorTest" time="0.001"/>
  <testcase name="shouldRecoverValues4096[10]" classname="org.roaringbitmap.buffer.BufferContainerBatchIteratorTest" time="0"/>
  <testcase name="shouldRecoverValues8192[10]" classname="org.roaringbitmap.buffer.BufferContainerBatchIteratorTest" time="0"/>
  <testcase name="shouldRecoverValuesRandomBatchSizes[10]" classname="org.roaringbitmap.buffer.BufferContainerBatchIteratorTest" time="0.066"/>
  <testcase name="shouldRecoverValues512[10]" classname="org.roaringbitmap.buffer.BufferContainerBatchIteratorTest" time="0.001"/>
  <testcase name="shouldRecoverValues65536[10]" classname="org.roaringbitmap.buffer.BufferContainerBatchIteratorTest" time="0.001"/>
  <testcase name="shouldRecoverValues1024[11]" classname="org.roaringbitmap.buffer.BufferContainerBatchIteratorTest" time="0.008"/>
  <testcase name="shouldRecoverValues2048[11]" classname="org.roaringbitmap.buffer.BufferContainerBatchIteratorTest" time="0.006"/>
  <testcase name="shouldRecoverValues4096[11]" classname="org.roaringbitmap.buffer.BufferContainerBatchIteratorTest" time="0.002"/>
  <testcase name="shouldRecoverValues8192[11]" classname="org.roaringbitmap.buffer.BufferContainerBatchIteratorTest" time="0.002"/>
  <testcase name="shouldRecoverValuesRandomBatchSizes[11]" classname="org.roaringbitmap.buffer.BufferContainerBatchIteratorTest" time="0.075"/>
  <testcase name="shouldRecoverValues512[11]" classname="org.roaringbitmap.buffer.BufferContainerBatchIteratorTest" time="0.005"/>
  <testcase name="shouldRecoverValues65536[11]" classname="org.roaringbitmap.buffer.BufferContainerBatchIteratorTest" time="0"/>
  <testcase name="shouldRecoverValues1024[12]" classname="org.roaringbitmap.buffer.BufferContainerBatchIteratorTest" time="0"/>
  <testcase name="shouldRecoverValues2048[12]" classname="org.roaringbitmap.buffer.BufferContainerBatchIteratorTest" time="0"/>
  <testcase name="shouldRecoverValues4096[12]" classname="org.roaringbitmap.buffer.BufferContainerBatchIteratorTest" time="0.001"/>
  <testcase name="shouldRecoverValues8192[12]" classname="org.roaringbitmap.buffer.BufferContainerBatchIteratorTest" time="0.001"/>
  <testcase name="shouldRecoverValuesRandomBatchSizes[12]" classname="org.roaringbitmap.buffer.BufferContainerBatchIteratorTest" time="0.079"/>
  <testcase name="shouldRecoverValues512[12]" classname="org.roaringbitmap.buffer.BufferContainerBatchIteratorTest" time="0.001"/>
  <testcase name="shouldRecoverValues65536[12]" classname="org.roaringbitmap.buffer.BufferContainerBatchIteratorTest" time="0.001"/>
  <testcase name="shouldRecoverValues1024[13]" classname="org.roaringbitmap.buffer.BufferContainerBatchIteratorTest" time="0.001"/>
  <testcase name="shouldRecoverValues2048[13]" classname="org.roaringbitmap.buffer.BufferContainerBatchIteratorTest" time="0.001"/>
  <testcase name="shouldRecoverValues4096[13]" classname="org.roaringbitmap.buffer.BufferContainerBatchIteratorTest" time="0.001"/>
  <testcase name="shouldRecoverValues8192[13]" classname="org.roaringbitmap.buffer.BufferContainerBatchIteratorTest" time="0.001"/>
  <testcase name="shouldRecoverValuesRandomBatchSizes[13]" classname="org.roaringbitmap.buffer.BufferContainerBatchIteratorTest" time="0.106"/>
  <testcase name="shouldRecoverValues512[13]" classname="org.roaringbitmap.buffer.BufferContainerBatchIteratorTest" time="0.002"/>
  <testcase name="shouldRecoverValues65536[13]" classname="org.roaringbitmap.buffer.BufferContainerBatchIteratorTest" time="0.001"/>
  <testcase name="shouldRecoverValues1024[14]" classname="org.roaringbitmap.buffer.BufferContainerBatchIteratorTest" time="0.001"/>
  <testcase name="shouldRecoverValues2048[14]" classname="org.roaringbitmap.buffer.BufferContainerBatchIteratorTest" time="0.001"/>
  <testcase name="shouldRecoverValues4096[14]" classname="org.roaringbitmap.buffer.BufferContainerBatchIteratorTest" time="0.001"/>
  <testcase name="shouldRecoverValues8192[14]" classname="org.roaringbitmap.buffer.BufferContainerBatchIteratorTest" time="0.001"/>
  <testcase name="shouldRecoverValuesRandomBatchSizes[14]" classname="org.roaringbitmap.buffer.BufferContainerBatchIteratorTest" time="0.076"/>
  <testcase name="shouldRecoverValues512[14]" classname="org.roaringbitmap.buffer.BufferContainerBatchIteratorTest" time="0.001"/>
  <testcase name="shouldRecoverValues65536[14]" classname="org.roaringbitmap.buffer.BufferContainerBatchIteratorTest" time="0.001"/>
  <testcase name="shouldRecoverValues1024[15]" classname="org.roaringbitmap.buffer.BufferContainerBatchIteratorTest" time="0.001"/>
  <testcase name="shouldRecoverValues2048[15]" classname="org.roaringbitmap.buffer.BufferContainerBatchIteratorTest" time="0.001"/>
  <testcase name="shouldRecoverValues4096[15]" classname="org.roaringbitmap.buffer.BufferContainerBatchIteratorTest" time="0.002"/>
  <testcase name="shouldRecoverValues8192[15]" classname="org.roaringbitmap.buffer.BufferContainerBatchIteratorTest" time="0.001"/>
  <testcase name="shouldRecoverValuesRandomBatchSizes[15]" classname="org.roaringbitmap.buffer.BufferContainerBatchIteratorTest" time="0.052"/>
  <testcase name="shouldRecoverValues512[15]" classname="org.roaringbitmap.buffer.BufferContainerBatchIteratorTest" time="0.001"/>
  <testcase name="shouldRecoverValues65536[15]" classname="org.roaringbitmap.buffer.BufferContainerBatchIteratorTest" time="0.001"/>
  <testcase name="shouldRecoverValues1024[16]" classname="org.roaringbitmap.buffer.BufferContainerBatchIteratorTest" time="0.001"/>
  <testcase name="shouldRecoverValues2048[16]" classname="org.roaringbitmap.buffer.BufferContainerBatchIteratorTest" time="0"/>
  <testcase name="shouldRecoverValues4096[16]" classname="org.roaringbitmap.buffer.BufferContainerBatchIteratorTest" time="0"/>
  <testcase name="shouldRecoverValues8192[16]" classname="org.roaringbitmap.buffer.BufferContainerBatchIteratorTest" time="0.001"/>
  <testcase name="shouldRecoverValuesRandomBatchSizes[16]" classname="org.roaringbitmap.buffer.BufferContainerBatchIteratorTest" time="0.051"/>
  <testcase name="shouldRecoverValues512[16]" classname="org.roaringbitmap.buffer.BufferContainerBatchIteratorTest" time="0"/>
  <testcase name="shouldRecoverValues65536[16]" classname="org.roaringbitmap.buffer.BufferContainerBatchIteratorTest" time="0.001"/>
  <testcase name="shouldRecoverValues1024[17]" classname="org.roaringbitmap.buffer.BufferContainerBatchIteratorTest" time="0.001"/>
  <testcase name="shouldRecoverValues2048[17]" classname="org.roaringbitmap.buffer.BufferContainerBatchIteratorTest" time="0"/>
  <testcase name="shouldRecoverValues4096[17]" classname="org.roaringbitmap.buffer.BufferContainerBatchIteratorTest" time="0.001"/>
  <testcase name="shouldRecoverValues8192[17]" classname="org.roaringbitmap.buffer.BufferContainerBatchIteratorTest" time="0"/>
  <testcase name="shouldRecoverValuesRandomBatchSizes[17]" classname="org.roaringbitmap.buffer.BufferContainerBatchIteratorTest" time="0.039"/>
  <testcase name="shouldRecoverValues512[17]" classname="org.roaringbitmap.buffer.BufferContainerBatchIteratorTest" time="0.001"/>
  <testcase name="shouldRecoverValues65536[17]" classname="org.roaringbitmap.buffer.BufferContainerBatchIteratorTest" time="0"/>
  <testcase name="shouldRecoverValues1024[18]" classname="org.roaringbitmap.buffer.BufferContainerBatchIteratorTest" time="0.001"/>
  <testcase name="shouldRecoverValues2048[18]" classname="org.roaringbitmap.buffer.BufferContainerBatchIteratorTest" time="0"/>
  <testcase name="shouldRecoverValues4096[18]" classname="org.roaringbitmap.buffer.BufferContainerBatchIteratorTest" time="0.001"/>
  <testcase name="shouldRecoverValues8192[18]" classname="org.roaringbitmap.buffer.BufferContainerBatchIteratorTest" time="0"/>
  <testcase name="shouldRecoverValuesRandomBatchSizes[18]" classname="org.roaringbitmap.buffer.BufferContainerBatchIteratorTest" time="0.027"/>
  <testcase name="shouldRecoverValues512[18]" classname="org.roaringbitmap.buffer.BufferContainerBatchIteratorTest" time="0.001"/>
  <testcase name="shouldRecoverValues65536[18]" classname="org.roaringbitmap.buffer.BufferContainerBatchIteratorTest" time="0"/>
  <testcase name="shouldRecoverValues1024[19]" classname="org.roaringbitmap.buffer.BufferContainerBatchIteratorTest" time="0.001"/>
  <testcase name="shouldRecoverValues2048[19]" classname="org.roaringbitmap.buffer.BufferContainerBatchIteratorTest" time="0"/>
  <testcase name="shouldRecoverValues4096[19]" classname="org.roaringbitmap.buffer.BufferContainerBatchIteratorTest" time="0"/>
  <testcase name="shouldRecoverValues8192[19]" classname="org.roaringbitmap.buffer.BufferContainerBatchIteratorTest" time="0.001"/>
  <testcase name="shouldRecoverValuesRandomBatchSizes[19]" classname="org.roaringbitmap.buffer.BufferContainerBatchIteratorTest" time="0.021"/>
  <testcase name="shouldRecoverValues512[19]" classname="org.roaringbitmap.buffer.BufferContainerBatchIteratorTest" time="0"/>
  <testcase name="shouldRecoverValues65536[19]" classname="org.roaringbitmap.buffer.BufferContainerBatchIteratorTest" time="0"/>
  <testcase name="shouldRecoverValues1024[20]" classname="org.roaringbitmap.buffer.BufferContainerBatchIteratorTest" time="0.001"/>
  <testcase name="shouldRecoverValues2048[20]" classname="org.roaringbitmap.buffer.BufferContainerBatchIteratorTest" time="0"/>
  <testcase name="shouldRecoverValues4096[20]" classname="org.roaringbitmap.buffer.BufferContainerBatchIteratorTest" time="0"/>
  <testcase name="shouldRecoverValues8192[20]" classname="org.roaringbitmap.buffer.BufferContainerBatchIteratorTest" time="0"/>
  <testcase name="shouldRecoverValuesRandomBatchSizes[20]" classname="org.roaringbitmap.buffer.BufferContainerBatchIteratorTest" time="0.022"/>
  <testcase name="shouldRecoverValues512[20]" classname="org.roaringbitmap.buffer.BufferContainerBatchIteratorTest" time="0.001"/>
  <testcase name="shouldRecoverValues65536[20]" classname="org.roaringbitmap.buffer.BufferContainerBatchIteratorTest" time="0.001"/>
  <testcase name="shouldRecoverValues1024[21]" classname="org.roaringbitmap.buffer.BufferContainerBatchIteratorTest" time="0.001"/>
  <testcase name="shouldRecoverValues2048[21]" classname="org.roaringbitmap.buffer.BufferContainerBatchIteratorTest" time="0.001"/>
  <testcase name="shouldRecoverValues4096[21]" classname="org.roaringbitmap.buffer.BufferContainerBatchIteratorTest" time="0"/>
  <testcase name="shouldRecoverValues8192[21]" classname="org.roaringbitmap.buffer.BufferContainerBatchIteratorTest" time="0"/>
  <testcase name="shouldRecoverValuesRandomBatchSizes[21]" classname="org.roaringbitmap.buffer.BufferContainerBatchIteratorTest" time="0.013"/>
  <testcase name="shouldRecoverValues512[21]" classname="org.roaringbitmap.buffer.BufferContainerBatchIteratorTest" time="0.001"/>
  <testcase name="shouldRecoverValues65536[21]" classname="org.roaringbitmap.buffer.BufferContainerBatchIteratorTest" time="0"/>
  <testcase name="shouldRecoverValues1024[22]" classname="org.roaringbitmap.buffer.BufferContainerBatchIteratorTest" time="0"/>
  <testcase name="shouldRecoverValues2048[22]" classname="org.roaringbitmap.buffer.BufferContainerBatchIteratorTest" time="0"/>
  <testcase name="shouldRecoverValues4096[22]" classname="org.roaringbitmap.buffer.BufferContainerBatchIteratorTest" time="0"/>
  <testcase name="shouldRecoverValues8192[22]" classname="org.roaringbitmap.buffer.BufferContainerBatchIteratorTest" time="0"/>
  <testcase name="shouldRecoverValuesRandomBatchSizes[22]" classname="org.roaringbitmap.buffer.BufferContainerBatchIteratorTest" time="0.004"/>
  <testcase name="shouldRecoverValues512[22]" classname="org.roaringbitmap.buffer.BufferContainerBatchIteratorTest" time="0.001"/>
  <testcase name="shouldRecoverValues65536[22]" classname="org.roaringbitmap.buffer.BufferContainerBatchIteratorTest" time="0"/>
  <testcase name="shouldRecoverValues1024[23]" classname="org.roaringbitmap.buffer.BufferContainerBatchIteratorTest" time="0"/>
  <testcase name="shouldRecoverValues2048[23]" classname="org.roaringbitmap.buffer.BufferContainerBatchIteratorTest" time="0"/>
  <testcase name="shouldRecoverValues4096[23]" classname="org.roaringbitmap.buffer.BufferContainerBatchIteratorTest" time="0"/>
  <testcase name="shouldRecoverValues8192[23]" classname="org.roaringbitmap.buffer.BufferContainerBatchIteratorTest" time="0"/>
  <testcase name="shouldRecoverValuesRandomBatchSizes[23]" classname="org.roaringbitmap.buffer.BufferContainerBatchIteratorTest" time="0.007"/>
  <testcase name="shouldRecoverValues512[23]" classname="org.roaringbitmap.buffer.BufferContainerBatchIteratorTest" time="0"/>
  <testcase name="shouldRecoverValues65536[23]" classname="org.roaringbitmap.buffer.BufferContainerBatchIteratorTest" time="0"/>
  <testcase name="shouldRecoverValues1024[24]" classname="org.roaringbitmap.buffer.BufferContainerBatchIteratorTest" time="0.001"/>
  <testcase name="shouldRecoverValues2048[24]" classname="org.roaringbitmap.buffer.BufferContainerBatchIteratorTest" time="0"/>
  <testcase name="shouldRecoverValues4096[24]" classname="org.roaringbitmap.buffer.BufferContainerBatchIteratorTest" time="0.001"/>
  <testcase name="shouldRecoverValues8192[24]" classname="org.roaringbitmap.buffer.BufferContainerBatchIteratorTest" time="0.001"/>
  <testcase name="shouldRecoverValuesRandomBatchSizes[24]" classname="org.roaringbitmap.buffer.BufferContainerBatchIteratorTest" time="0.02"/>
  <testcase name="shouldRecoverValues512[24]" classname="org.roaringbitmap.buffer.BufferContainerBatchIteratorTest" time="0.001"/>
  <testcase name="shouldRecoverValues65536[24]" classname="org.roaringbitmap.buffer.BufferContainerBatchIteratorTest" time="0"/>
  <testcase name="shouldRecoverValues1024[25]" classname="org.roaringbitmap.buffer.BufferContainerBatchIteratorTest" time="0"/>
  <testcase name="shouldRecoverValues2048[25]" classname="org.roaringbitmap.buffer.BufferContainerBatchIteratorTest" time="0.001"/>
  <testcase name="shouldRecoverValues4096[25]" classname="org.roaringbitmap.buffer.BufferContainerBatchIteratorTest" time="0"/>
  <testcase name="shouldRecoverValues8192[25]" classname="org.roaringbitmap.buffer.BufferContainerBatchIteratorTest" time="0.001"/>
  <testcase name="shouldRecoverValuesRandomBatchSizes[25]" classname="org.roaringbitmap.buffer.BufferContainerBatchIteratorTest" time="0.028"/>
  <testcase name="shouldRecoverValues512[25]" classname="org.roaringbitmap.buffer.BufferContainerBatchIteratorTest" time="0"/>
  <testcase name="shouldRecoverValues65536[25]" classname="org.roaringbitmap.buffer.BufferContainerBatchIteratorTest" time="0.001"/>
  <testcase name="shouldRecoverValues1024[26]" classname="org.roaringbitmap.buffer.BufferContainerBatchIteratorTest" time="0.001"/>
  <testcase name="shouldRecoverValues2048[26]" classname="org.roaringbitmap.buffer.BufferContainerBatchIteratorTest" time="0"/>
  <testcase name="shouldRecoverValues4096[26]" classname="org.roaringbitmap.buffer.BufferContainerBatchIteratorTest" time="0.001"/>
  <testcase name="shouldRecoverValues8192[26]" classname="org.roaringbitmap.buffer.BufferContainerBatchIteratorTest" time="0"/>
  <testcase name="shouldRecoverValuesRandomBatchSizes[26]" classname="org.roaringbitmap.buffer.BufferContainerBatchIteratorTest" time="0.015"/>
  <testcase name="shouldRecoverValues512[26]" classname="org.roaringbitmap.buffer.BufferContainerBatchIteratorTest" time="0"/>
  <testcase name="shouldRecoverValues65536[26]" classname="org.roaringbitmap.buffer.BufferContainerBatchIteratorTest" time="0.001"/>
  <testcase name="shouldRecoverValues1024[27]" classname="org.roaringbitmap.buffer.BufferContainerBatchIteratorTest" time="0"/>
  <testcase name="shouldRecoverValues2048[27]" classname="org.roaringbitmap.buffer.BufferContainerBatchIteratorTest" time="0"/>
  <testcase name="shouldRecoverValues4096[27]" classname="org.roaringbitmap.buffer.BufferContainerBatchIteratorTest" time="0"/>
  <testcase name="shouldRecoverValues8192[27]" classname="org.roaringbitmap.buffer.BufferContainerBatchIteratorTest" time="0.001"/>
  <testcase name="shouldRecoverValuesRandomBatchSizes[27]" classname="org.roaringbitmap.buffer.BufferContainerBatchIteratorTest" time="0.006"/>
  <testcase name="shouldRecoverValues512[27]" classname="org.roaringbitmap.buffer.BufferContainerBatchIteratorTest" time="0"/>
  <testcase name="shouldRecoverValues65536[27]" classname="org.roaringbitmap.buffer.BufferContainerBatchIteratorTest" time="0.001"/>
  <testcase name="shouldRecoverValues1024[28]" classname="org.roaringbitmap.buffer.BufferContainerBatchIteratorTest" time="0"/>
  <testcase name="shouldRecoverValues2048[28]" classname="org.roaringbitmap.buffer.BufferContainerBatchIteratorTest" time="0"/>
  <testcase name="shouldRecoverValues4096[28]" classname="org.roaringbitmap.buffer.BufferContainerBatchIteratorTest" time="0"/>
  <testcase name="shouldRecoverValues8192[28]" classname="org.roaringbitmap.buffer.BufferContainerBatchIteratorTest" time="0.001"/>
  <testcase name="shouldRecoverValuesRandomBatchSizes[28]" classname="org.roaringbitmap.buffer.BufferContainerBatchIteratorTest" time="0.01"/>
  <testcase name="shouldRecoverValues512[28]" classname="org.roaringbitmap.buffer.BufferContainerBatchIteratorTest" time="0.001"/>
  <testcase name="shouldRecoverValues65536[28]" classname="org.roaringbitmap.buffer.BufferContainerBatchIteratorTest" time="0"/>
  <testcase name="shouldRecoverValues1024[29]" classname="org.roaringbitmap.buffer.BufferContainerBatchIteratorTest" time="0"/>
  <testcase name="shouldRecoverValues2048[29]" classname="org.roaringbitmap.buffer.BufferContainerBatchIteratorTest" time="0"/>
  <testcase name="shouldRecoverValues4096[29]" classname="org.roaringbitmap.buffer.BufferContainerBatchIteratorTest" time="0"/>
  <testcase name="shouldRecoverValues8192[29]" classname="org.roaringbitmap.buffer.BufferContainerBatchIteratorTest" time="0"/>
  <testcase name="shouldRecoverValuesRandomBatchSizes[29]" classname="org.roaringbitmap.buffer.BufferContainerBatchIteratorTest" time="0.011"/>
  <testcase name="shouldRecoverValues512[29]" classname="org.roaringbitmap.buffer.BufferContainerBatchIteratorTest" time="0"/>
  <testcase name="shouldRecoverValues65536[29]" classname="org.roaringbitmap.buffer.BufferContainerBatchIteratorTest" time="0"/>
  <testcase name="shouldRecoverValues1024[30]" classname="org.roaringbitmap.buffer.BufferContainerBatchIteratorTest" time="0"/>
  <testcase name="shouldRecoverValues2048[30]" classname="org.roaringbitmap.buffer.BufferContainerBatchIteratorTest" time="0.001"/>
  <testcase name="shouldRecoverValues4096[30]" classname="org.roaringbitmap.buffer.BufferContainerBatchIteratorTest" time="0"/>
  <testcase name="shouldRecoverValues8192[30]" classname="org.roaringbitmap.buffer.BufferContainerBatchIteratorTest" time="0"/>
  <testcase name="shouldRecoverValuesRandomBatchSizes[30]" classname="org.roaringbitmap.buffer.BufferContainerBatchIteratorTest" time="0.018"/>
  <testcase name="shouldRecoverValues512[30]" classname="org.roaringbitmap.buffer.BufferContainerBatchIteratorTest" time="0"/>
  <testcase name="shouldRecoverValues65536[30]" classname="org.roaringbitmap.buffer.BufferContainerBatchIteratorTest" time="0.001"/>
  <testcase name="shouldRecoverValues1024[31]" classname="org.roaringbitmap.buffer.BufferContainerBatchIteratorTest" time="0"/>
  <testcase name="shouldRecoverValues2048[31]" classname="org.roaringbitmap.buffer.BufferContainerBatchIteratorTest" time="0.001"/>
  <testcase name="shouldRecoverValues4096[31]" classname="org.roaringbitmap.buffer.BufferContainerBatchIteratorTest" time="0"/>
  <testcase name="shouldRecoverValues8192[31]" classname="org.roaringbitmap.buffer.BufferContainerBatchIteratorTest" time="0"/>
  <testcase name="shouldRecoverValuesRandomBatchSizes[31]" classname="org.roaringbitmap.buffer.BufferContainerBatchIteratorTest" time="0.015"/>
  <testcase name="shouldRecoverValues512[31]" classname="org.roaringbitmap.buffer.BufferContainerBatchIteratorTest" time="0"/>
  <testcase name="shouldRecoverValues65536[31]" classname="org.roaringbitmap.buffer.BufferContainerBatchIteratorTest" time="0"/>
  <testcase name="shouldRecoverValues1024[32]" classname="org.roaringbitmap.buffer.BufferContainerBatchIteratorTest" time="0.001"/>
  <testcase name="shouldRecoverValues2048[32]" classname="org.roaringbitmap.buffer.BufferContainerBatchIteratorTest" time="0"/>
  <testcase name="shouldRecoverValues4096[32]" classname="org.roaringbitmap.buffer.BufferContainerBatchIteratorTest" time="0"/>
  <testcase name="shouldRecoverValues8192[32]" classname="org.roaringbitmap.buffer.BufferContainerBatchIteratorTest" time="0.001"/>
  <testcase name="shouldRecoverValuesRandomBatchSizes[32]" classname="org.roaringbitmap.buffer.BufferContainerBatchIteratorTest" time="0.018"/>
  <testcase name="shouldRecoverValues512[32]" classname="org.roaringbitmap.buffer.BufferContainerBatchIteratorTest" time="0.001"/>
  <testcase name="shouldRecoverValues65536[32]" classname="org.roaringbitmap.buffer.BufferContainerBatchIteratorTest" time="0"/>
  <testcase name="shouldRecoverValues1024[33]" classname="org.roaringbitmap.buffer.BufferContainerBatchIteratorTest" time="0"/>
  <testcase name="shouldRecoverValues2048[33]" classname="org.roaringbitmap.buffer.BufferContainerBatchIteratorTest" time="0"/>
  <testcase name="shouldRecoverValues4096[33]" classname="org.roaringbitmap.buffer.BufferContainerBatchIteratorTest" time="0"/>
  <testcase name="shouldRecoverValues8192[33]" classname="org.roaringbitmap.buffer.BufferContainerBatchIteratorTest" time="0"/>
  <testcase name="shouldRecoverValuesRandomBatchSizes[33]" classname="org.roaringbitmap.buffer.BufferContainerBatchIteratorTest" time="0.003"/>
  <testcase name="shouldRecoverValues512[33]" classname="org.roaringbitmap.buffer.BufferContainerBatchIteratorTest" time="0"/>
  <testcase name="shouldRecoverValues65536[33]" classname="org.roaringbitmap.buffer.BufferContainerBatchIteratorTest" time="0"/>
  <testcase name="shouldRecoverValues1024[34]" classname="org.roaringbitmap.buffer.BufferContainerBatchIteratorTest" time="0"/>
  <testcase name="shouldRecoverValues2048[34]" classname="org.roaringbitmap.buffer.BufferContainerBatchIteratorTest" time="0"/>
  <testcase name="shouldRecoverValues4096[34]" classname="org.roaringbitmap.buffer.BufferContainerBatchIteratorTest" time="0"/>
  <testcase name="shouldRecoverValues8192[34]" classname="org.roaringbitmap.buffer.BufferContainerBatchIteratorTest" time="0"/>
  <testcase name="shouldRecoverValuesRandomBatchSizes[34]" classname="org.roaringbitmap.buffer.BufferContainerBatchIteratorTest" time="0.007"/>
  <testcase name="shouldRecoverValues512[34]" classname="org.roaringbitmap.buffer.BufferContainerBatchIteratorTest" time="0"/>
  <testcase name="shouldRecoverValues65536[34]" classname="org.roaringbitmap.buffer.BufferContainerBatchIteratorTest" time="0.001"/>
  <testcase name="shouldRecoverValues1024[35]" classname="org.roaringbitmap.buffer.BufferContainerBatchIteratorTest" time="0"/>
  <testcase name="shouldRecoverValues2048[35]" classname="org.roaringbitmap.buffer.BufferContainerBatchIteratorTest" time="0"/>
  <testcase name="shouldRecoverValues4096[35]" classname="org.roaringbitmap.buffer.BufferContainerBatchIteratorTest" time="0.001"/>
  <testcase name="shouldRecoverValues8192[35]" classname="org.roaringbitmap.buffer.BufferContainerBatchIteratorTest" time="0"/>
  <testcase name="shouldRecoverValuesRandomBatchSizes[35]" classname="org.roaringbitmap.buffer.BufferContainerBatchIteratorTest" time="0.01"/>
  <testcase name="shouldRecoverValues512[35]" classname="org.roaringbitmap.buffer.BufferContainerBatchIteratorTest" time="0"/>
  <testcase name="shouldRecoverValues65536[35]" classname="org.roaringbitmap.buffer.BufferContainerBatchIteratorTest" time="0.001"/>
  <testcase name="shouldRecoverValues1024[36]" classname="org.roaringbitmap.buffer.BufferContainerBatchIteratorTest" time="0"/>
  <testcase name="shouldRecoverValues2048[36]" classname="org.roaringbitmap.buffer.BufferContainerBatchIteratorTest" time="0"/>
  <testcase name="shouldRecoverValues4096[36]" classname="org.roaringbitmap.buffer.BufferContainerBatchIteratorTest" time="0.001"/>
  <testcase name="shouldRecoverValues8192[36]" classname="org.roaringbitmap.buffer.BufferContainerBatchIteratorTest" time="0"/>
  <testcase name="shouldRecoverValuesRandomBatchSizes[36]" classname="org.roaringbitmap.buffer.BufferContainerBatchIteratorTest" time="0.013"/>
  <testcase name="shouldRecoverValues512[36]" classname="org.roaringbitmap.buffer.BufferContainerBatchIteratorTest" time="0"/>
  <testcase name="shouldRecoverValues65536[36]" classname="org.roaringbitmap.buffer.BufferContainerBatchIteratorTest" time="0"/>
  <testcase name="shouldRecoverValues1024[37]" classname="org.roaringbitmap.buffer.BufferContainerBatchIteratorTest" time="0"/>
  <testcase name="shouldRecoverValues2048[37]" classname="org.roaringbitmap.buffer.BufferContainerBatchIteratorTest" time="0.001"/>
  <testcase name="shouldRecoverValues4096[37]" classname="org.roaringbitmap.buffer.BufferContainerBatchIteratorTest" time="0"/>
  <testcase name="shouldRecoverValues8192[37]" classname="org.roaringbitmap.buffer.BufferContainerBatchIteratorTest" time="0"/>
  <testcase name="shouldRecoverValuesRandomBatchSizes[37]" classname="org.roaringbitmap.buffer.BufferContainerBatchIteratorTest" time="0.013"/>
  <testcase name="shouldRecoverValues512[37]" classname="org.roaringbitmap.buffer.BufferContainerBatchIteratorTest" time="0"/>
  <testcase name="shouldRecoverValues65536[37]" classname="org.roaringbitmap.buffer.BufferContainerBatchIteratorTest" time="0.001"/>
  <testcase name="shouldRecoverValues1024[38]" classname="org.roaringbitmap.buffer.BufferContainerBatchIteratorTest" time="0"/>
  <testcase name="shouldRecoverValues2048[38]" classname="org.roaringbitmap.buffer.BufferContainerBatchIteratorTest" time="0"/>
  <testcase name="shouldRecoverValues4096[38]" classname="org.roaringbitmap.buffer.BufferContainerBatchIteratorTest" time="0"/>
  <testcase name="shouldRecoverValues8192[38]" classname="org.roaringbitmap.buffer.BufferContainerBatchIteratorTest" time="0"/>
  <testcase name="shouldRecoverValuesRandomBatchSizes[38]" classname="org.roaringbitmap.buffer.BufferContainerBatchIteratorTest" time="0.005"/>
  <testcase name="shouldRecoverValues512[38]" classname="org.roaringbitmap.buffer.BufferContainerBatchIteratorTest" time="0"/>
  <testcase name="shouldRecoverValues65536[38]" classname="org.roaringbitmap.buffer.BufferContainerBatchIteratorTest" time="0"/>
  <testcase name="shouldRecoverValues1024[39]" classname="org.roaringbitmap.buffer.BufferContainerBatchIteratorTest" time="0.001"/>
  <testcase name="shouldRecoverValues2048[39]" classname="org.roaringbitmap.buffer.BufferContainerBatchIteratorTest" time="0.001"/>
  <testcase name="shouldRecoverValues4096[39]" classname="org.roaringbitmap.buffer.BufferContainerBatchIteratorTest" time="0"/>
  <testcase name="shouldRecoverValues8192[39]" classname="org.roaringbitmap.buffer.BufferContainerBatchIteratorTest" time="0.001"/>
  <testcase name="shouldRecoverValuesRandomBatchSizes[39]" classname="org.roaringbitmap.buffer.BufferContainerBatchIteratorTest" time="0.046"/>
  <testcase name="shouldRecoverValues512[39]" classname="org.roaringbitmap.buffer.BufferContainerBatchIteratorTest" time="0.001"/>
  <testcase name="shouldRecoverValues65536[39]" classname="org.roaringbitmap.buffer.BufferContainerBatchIteratorTest" time="0.001"/>
  <testcase name="shouldRecoverValues1024[40]" classname="org.roaringbitmap.buffer.BufferContainerBatchIteratorTest" time="0.001"/>
  <testcase name="shouldRecoverValues2048[40]" classname="org.roaringbitmap.buffer.BufferContainerBatchIteratorTest" time="0.001"/>
  <testcase name="shouldRecoverValues4096[40]" classname="org.roaringbitmap.buffer.BufferContainerBatchIteratorTest" time="0.001"/>
  <testcase name="shouldRecoverValues8192[40]" classname="org.roaringbitmap.buffer.BufferContainerBatchIteratorTest" time="0.001"/>
  <testcase name="shouldRecoverValuesRandomBatchSizes[40]" classname="org.roaringbitmap.buffer.BufferContainerBatchIteratorTest" time="0.099"/>
  <testcase name="shouldRecoverValues512[40]" classname="org.roaringbitmap.buffer.BufferContainerBatchIteratorTest" time="0.001"/>
  <testcase name="shouldRecoverValues65536[40]" classname="org.roaringbitmap.buffer.BufferContainerBatchIteratorTest" time="0.001"/>
  <testcase name="shouldRecoverValues1024[41]" classname="org.roaringbitmap.buffer.BufferContainerBatchIteratorTest" time="0.001"/>
  <testcase name="shouldRecoverValues2048[41]" classname="org.roaringbitmap.buffer.BufferContainerBatchIteratorTest" time="0"/>
  <testcase name="shouldRecoverValues4096[41]" classname="org.roaringbitmap.buffer.BufferContainerBatchIteratorTest" time="0.001"/>
  <testcase name="shouldRecoverValues8192[41]" classname="org.roaringbitmap.buffer.BufferContainerBatchIteratorTest" time="0"/>
  <testcase name="shouldRecoverValuesRandomBatchSizes[41]" classname="org.roaringbitmap.buffer.BufferContainerBatchIteratorTest" time="0.042"/>
  <testcase name="shouldRecoverValues512[41]" classname="org.roaringbitmap.buffer.BufferContainerBatchIteratorTest" time="0.001"/>
  <testcase name="shouldRecoverValues65536[41]" classname="org.roaringbitmap.buffer.BufferContainerBatchIteratorTest" time="0"/>
  <testcase name="shouldRecoverValues1024[42]" classname="org.roaringbitmap.buffer.BufferContainerBatchIteratorTest" time="0.001"/>
  <testcase name="shouldRecoverValues2048[42]" classname="org.roaringbitmap.buffer.BufferContainerBatchIteratorTest" time="0.001"/>
  <testcase name="shouldRecoverValues4096[42]" classname="org.roaringbitmap.buffer.BufferContainerBatchIteratorTest" time="0.001"/>
  <testcase name="shouldRecoverValues8192[42]" classname="org.roaringbitmap.buffer.BufferContainerBatchIteratorTest" time="0.001"/>
  <testcase name="shouldRecoverValuesRandomBatchSizes[42]" classname="org.roaringbitmap.buffer.BufferContainerBatchIteratorTest" time="0.074"/>
  <testcase name="shouldRecoverValues512[42]" classname="org.roaringbitmap.buffer.BufferContainerBatchIteratorTest" time="0.001"/>
  <testcase name="shouldRecoverValues65536[42]" classname="org.roaringbitmap.buffer.BufferContainerBatchIteratorTest" time="0.001"/>
  <testcase name="shouldRecoverValues1024[43]" classname="org.roaringbitmap.buffer.BufferContainerBatchIteratorTest" time="0.001"/>
  <testcase name="shouldRecoverValues2048[43]" classname="org.roaringbitmap.buffer.BufferContainerBatchIteratorTest" time="0.001"/>
  <testcase name="shouldRecoverValues4096[43]" classname="org.roaringbitmap.buffer.BufferContainerBatchIteratorTest" time="0.001"/>
  <testcase name="shouldRecoverValues8192[43]" classname="org.roaringbitmap.buffer.BufferContainerBatchIteratorTest" time="0.001"/>
  <testcase name="shouldRecoverValuesRandomBatchSizes[43]" classname="org.roaringbitmap.buffer.BufferContainerBatchIteratorTest" time="0.091"/>
  <testcase name="shouldRecoverValues512[43]" classname="org.roaringbitmap.buffer.BufferContainerBatchIteratorTest" time="0.002"/>
  <testcase name="shouldRecoverValues65536[43]" classname="org.roaringbitmap.buffer.BufferContainerBatchIteratorTest" time="0.001"/>
  <testcase name="shouldRecoverValues1024[44]" classname="org.roaringbitmap.buffer.BufferContainerBatchIteratorTest" time="0.001"/>
  <testcase name="shouldRecoverValues2048[44]" classname="org.roaringbitmap.buffer.BufferContainerBatchIteratorTest" time="0"/>
  <testcase name="shouldRecoverValues4096[44]" classname="org.roaringbitmap.buffer.BufferContainerBatchIteratorTest" time="0.001"/>
  <testcase name="shouldRecoverValues8192[44]" classname="org.roaringbitmap.buffer.BufferContainerBatchIteratorTest" time="0"/>
  <testcase name="shouldRecoverValuesRandomBatchSizes[44]" classname="org.roaringbitmap.buffer.BufferContainerBatchIteratorTest" time="0.036"/>
  <testcase name="shouldRecoverValues512[44]" classname="org.roaringbitmap.buffer.BufferContainerBatchIteratorTest" time="0"/>
  <testcase name="shouldRecoverValues65536[44]" classname="org.roaringbitmap.buffer.BufferContainerBatchIteratorTest" time="0.001"/>
  <testcase name="shouldRecoverValues1024[45]" classname="org.roaringbitmap.buffer.BufferContainerBatchIteratorTest" time="0"/>
  <testcase name="shouldRecoverValues2048[45]" classname="org.roaringbitmap.buffer.BufferContainerBatchIteratorTest" time="0.001"/>
  <testcase name="shouldRecoverValues4096[45]" classname="org.roaringbitmap.buffer.BufferContainerBatchIteratorTest" time="0.001"/>
  <testcase name="shouldRecoverValues8192[45]" classname="org.roaringbitmap.buffer.BufferContainerBatchIteratorTest" time="0"/>
  <testcase name="shouldRecoverValuesRandomBatchSizes[45]" classname="org.roaringbitmap.buffer.BufferContainerBatchIteratorTest" time="0.069"/>
  <testcase name="shouldRecoverValues512[45]" classname="org.roaringbitmap.buffer.BufferContainerBatchIteratorTest" time="0"/>
  <testcase name="shouldRecoverValues65536[45]" classname="org.roaringbitmap.buffer.BufferContainerBatchIteratorTest" time="0.001"/>
  <testcase name="shouldRecoverValues1024[46]" classname="org.roaringbitmap.buffer.BufferContainerBatchIteratorTest" time="0.002"/>
  <testcase name="shouldRecoverValues2048[46]" classname="org.roaringbitmap.buffer.BufferContainerBatchIteratorTest" time="0.001"/>
  <testcase name="shouldRecoverValues4096[46]" classname="org.roaringbitmap.buffer.BufferContainerBatchIteratorTest" time="0.001"/>
  <testcase name="shouldRecoverValues8192[46]" classname="org.roaringbitmap.buffer.BufferContainerBatchIteratorTest" time="0.002"/>
  <testcase name="shouldRecoverValuesRandomBatchSizes[46]" classname="org.roaringbitmap.buffer.BufferContainerBatchIteratorTest" time="0.082"/>
  <testcase name="shouldRecoverValues512[46]" classname="org.roaringbitmap.buffer.BufferContainerBatchIteratorTest" time="0"/>
  <testcase name="shouldRecoverValues65536[46]" classname="org.roaringbitmap.buffer.BufferContainerBatchIteratorTest" time="0"/>
  <testcase name="shouldRecoverValues1024[47]" classname="org.roaringbitmap.buffer.BufferContainerBatchIteratorTest" time="0.001"/>
  <testcase name="shouldRecoverValues2048[47]" classname="org.roaringbitmap.buffer.BufferContainerBatchIteratorTest" time="0.001"/>
  <testcase name="shouldRecoverValues4096[47]" classname="org.roaringbitmap.buffer.BufferContainerBatchIteratorTest" time="0.001"/>
  <testcase name="shouldRecoverValues8192[47]" classname="org.roaringbitmap.buffer.BufferContainerBatchIteratorTest" time="0.001"/>
  <testcase name="shouldRecoverValuesRandomBatchSizes[47]" classname="org.roaringbitmap.buffer.BufferContainerBatchIteratorTest" time="0.072"/>
  <testcase name="shouldRecoverValues512[47]" classname="org.roaringbitmap.buffer.BufferContainerBatchIteratorTest" time="0.001"/>
  <testcase name="shouldRecoverValues65536[47]" classname="org.roaringbitmap.buffer.BufferContainerBatchIteratorTest" time="0.001"/>
  <testcase name="shouldRecoverValues1024[48]" classname="org.roaringbitmap.buffer.BufferContainerBatchIteratorTest" time="0.001"/>
  <testcase name="shouldRecoverValues2048[48]" classname="org.roaringbitmap.buffer.BufferContainerBatchIteratorTest" time="0"/>
  <testcase name="shouldRecoverValues4096[48]" classname="org.roaringbitmap.buffer.BufferContainerBatchIteratorTest" time="0.001"/>
  <testcase name="shouldRecoverValues8192[48]" classname="org.roaringbitmap.buffer.BufferContainerBatchIteratorTest" time="0.001"/>
  <testcase name="shouldRecoverValuesRandomBatchSizes[48]" classname="org.roaringbitmap.buffer.BufferContainerBatchIteratorTest" time="0.044"/>
  <testcase name="shouldRecoverValues512[48]" classname="org.roaringbitmap.buffer.BufferContainerBatchIteratorTest" time="0.001"/>
  <testcase name="shouldRecoverValues65536[48]" classname="org.roaringbitmap.buffer.BufferContainerBatchIteratorTest" time="0"/>
  <testcase name="shouldRecoverValues1024[49]" classname="org.roaringbitmap.buffer.BufferContainerBatchIteratorTest" time="0.001"/>
  <testcase name="shouldRecoverValues2048[49]" classname="org.roaringbitmap.buffer.BufferContainerBatchIteratorTest" time="0.001"/>
  <testcase name="shouldRecoverValues4096[49]" classname="org.roaringbitmap.buffer.BufferContainerBatchIteratorTest" time="0.001"/>
  <testcase name="shouldRecoverValues8192[49]" classname="org.roaringbitmap.buffer.BufferContainerBatchIteratorTest" time="0.001"/>
  <testcase name="shouldRecoverValuesRandomBatchSizes[49]" classname="org.roaringbitmap.buffer.BufferContainerBatchIteratorTest" time="0.11"/>
  <testcase name="shouldRecoverValues512[49]" classname="org.roaringbitmap.buffer.BufferContainerBatchIteratorTest" time="0"/>
  <testcase name="shouldRecoverValues65536[49]" classname="org.roaringbitmap.buffer.BufferContainerBatchIteratorTest" time="0"/>
  <testcase name="shouldRecoverValues1024[50]" classname="org.roaringbitmap.buffer.BufferContainerBatchIteratorTest" time="0"/>
  <testcase name="shouldRecoverValues2048[50]" classname="org.roaringbitmap.buffer.BufferContainerBatchIteratorTest" time="0"/>
  <testcase name="shouldRecoverValues4096[50]" classname="org.roaringbitmap.buffer.BufferContainerBatchIteratorTest" time="0"/>
  <testcase name="shouldRecoverValues8192[50]" classname="org.roaringbitmap.buffer.BufferContainerBatchIteratorTest" time="0"/>
  <testcase name="shouldRecoverValuesRandomBatchSizes[50]" classname="org.roaringbitmap.buffer.BufferContainerBatchIteratorTest" time="0.08"/>
  <testcase name="shouldRecoverValues512[50]" classname="org.roaringbitmap.buffer.BufferContainerBatchIteratorTest" time="0.001"/>
  <testcase name="shouldRecoverValues65536[50]" classname="org.roaringbitmap.buffer.BufferContainerBatchIteratorTest" time="0.001"/>
  <testcase name="shouldRecoverValues1024[51]" classname="org.roaringbitmap.buffer.BufferContainerBatchIteratorTest" time="0.001"/>
  <testcase name="shouldRecoverValues2048[51]" classname="org.roaringbitmap.buffer.BufferContainerBatchIteratorTest" time="0.001"/>
  <testcase name="shouldRecoverValues4096[51]" classname="org.roaringbitmap.buffer.BufferContainerBatchIteratorTest" time="0.001"/>
  <testcase name="shouldRecoverValues8192[51]" classname="org.roaringbitmap.buffer.BufferContainerBatchIteratorTest" time="0.001"/>
  <testcase name="shouldRecoverValuesRandomBatchSizes[51]" classname="org.roaringbitmap.buffer.BufferContainerBatchIteratorTest" time="0.105"/>
  <testcase name="shouldRecoverValues512[51]" classname="org.roaringbitmap.buffer.BufferContainerBatchIteratorTest" time="0.002"/>
  <testcase name="shouldRecoverValues65536[51]" classname="org.roaringbitmap.buffer.BufferContainerBatchIteratorTest" time="0.001"/>
  <testcase name="shouldRecoverValues1024[52]" classname="org.roaringbitmap.buffer.BufferContainerBatchIteratorTest" time="0.001"/>
  <testcase name="shouldRecoverValues2048[52]" classname="org.roaringbitmap.buffer.BufferContainerBatchIteratorTest" time="0.001"/>
  <testcase name="shouldRecoverValues4096[52]" classname="org.roaringbitmap.buffer.BufferContainerBatchIteratorTest" time="0.001"/>
  <testcase name="shouldRecoverValues8192[52]" classname="org.roaringbitmap.buffer.BufferContainerBatchIteratorTest" time="0.001"/>
  <testcase name="shouldRecoverValuesRandomBatchSizes[52]" classname="org.roaringbitmap.buffer.BufferContainerBatchIteratorTest" time="0.114"/>
  <testcase name="shouldRecoverValues512[52]" classname="org.roaringbitmap.buffer.BufferContainerBatchIteratorTest" time="0.001"/>
  <testcase name="shouldRecoverValues65536[52]" classname="org.roaringbitmap.buffer.BufferContainerBatchIteratorTest" time="0.001"/>
  <testcase name="shouldRecoverValues1024[53]" classname="org.roaringbitmap.buffer.BufferContainerBatchIteratorTest" time="0.001"/>
  <testcase name="shouldRecoverValues2048[53]" classname="org.roaringbitmap.buffer.BufferContainerBatchIteratorTest" time="0.001"/>
  <testcase name="shouldRecoverValues4096[53]" classname="org.roaringbitmap.buffer.BufferContainerBatchIteratorTest" time="0"/>
  <testcase name="shouldRecoverValues8192[53]" classname="org.roaringbitmap.buffer.BufferContainerBatchIteratorTest" time="0.001"/>
  <testcase name="shouldRecoverValuesRandomBatchSizes[53]" classname="org.roaringbitmap.buffer.BufferContainerBatchIteratorTest" time="0.067"/>
  <testcase name="shouldRecoverValues512[53]" classname="org.roaringbitmap.buffer.BufferContainerBatchIteratorTest" time="0"/>
  <testcase name="shouldRecoverValues65536[53]" classname="org.roaringbitmap.buffer.BufferContainerBatchIteratorTest" time="0.001"/>
  <testcase name="shouldRecoverValues1024[54]" classname="org.roaringbitmap.buffer.BufferContainerBatchIteratorTest" time="0.001"/>
  <testcase name="shouldRecoverValues2048[54]" classname="org.roaringbitmap.buffer.BufferContainerBatchIteratorTest" time="0.001"/>
  <testcase name="shouldRecoverValues4096[54]" classname="org.roaringbitmap.buffer.BufferContainerBatchIteratorTest" time="0"/>
  <testcase name="shouldRecoverValues8192[54]" classname="org.roaringbitmap.buffer.BufferContainerBatchIteratorTest" time="0.001"/>
  <testcase name="shouldRecoverValuesRandomBatchSizes[54]" classname="org.roaringbitmap.buffer.BufferContainerBatchIteratorTest" time="0.058"/>
  <testcase name="shouldRecoverValues512[54]" classname="org.roaringbitmap.buffer.BufferContainerBatchIteratorTest" time="0.001"/>
  <testcase name="shouldRecoverValues65536[54]" classname="org.roaringbitmap.buffer.BufferContainerBatchIteratorTest" time="0.001"/>
  <testcase name="shouldRecoverValues1024[55]" classname="org.roaringbitmap.buffer.BufferContainerBatchIteratorTest" time="0"/>
  <testcase name="shouldRecoverValues2048[55]" classname="org.roaringbitmap.buffer.BufferContainerBatchIteratorTest" time="0.001"/>
  <testcase name="shouldRecoverValues4096[55]" classname="org.roaringbitmap.buffer.BufferContainerBatchIteratorTest" time="0.001"/>
  <testcase name="shouldRecoverValues8192[55]" classname="org.roaringbitmap.buffer.BufferContainerBatchIteratorTest" time="0"/>
  <testcase name="shouldRecoverValuesRandomBatchSizes[55]" classname="org.roaringbitmap.buffer.BufferContainerBatchIteratorTest" time="0.063"/>
  <testcase name="shouldRecoverValues512[55]" classname="org.roaringbitmap.buffer.BufferContainerBatchIteratorTest" time="0.001"/>
  <testcase name="shouldRecoverValues65536[55]" classname="org.roaringbitmap.buffer.BufferContainerBatchIteratorTest" time="0"/>
  <testcase name="shouldRecoverValues1024[56]" classname="org.roaringbitmap.buffer.BufferContainerBatchIteratorTest" time="0.001"/>
  <testcase name="shouldRecoverValues2048[56]" classname="org.roaringbitmap.buffer.BufferContainerBatchIteratorTest" time="0.001"/>
  <testcase name="shouldRecoverValues4096[56]" classname="org.roaringbitmap.buffer.BufferContainerBatchIteratorTest" time="0.001"/>
  <testcase name="shouldRecoverValues8192[56]" classname="org.roaringbitmap.buffer.BufferContainerBatchIteratorTest" time="0"/>
  <testcase name="shouldRecoverValuesRandomBatchSizes[56]" classname="org.roaringbitmap.buffer.BufferContainerBatchIteratorTest" time="0.06"/>
  <testcase name="shouldRecoverValues512[56]" classname="org.roaringbitmap.buffer.BufferContainerBatchIteratorTest" time="0.001"/>
  <testcase name="shouldRecoverValues65536[56]" classname="org.roaringbitmap.buffer.BufferContainerBatchIteratorTest" time="0.001"/>
  <testcase name="shouldRecoverValues1024[57]" classname="org.roaringbitmap.buffer.BufferContainerBatchIteratorTest" time="0"/>
  <testcase name="shouldRecoverValues2048[57]" classname="org.roaringbitmap.buffer.BufferContainerBatchIteratorTest" time="0.001"/>
  <testcase name="shouldRecoverValues4096[57]" classname="org.roaringbitmap.buffer.BufferContainerBatchIteratorTest" time="0.001"/>
  <testcase name="shouldRecoverValues8192[57]" classname="org.roaringbitmap.buffer.BufferContainerBatchIteratorTest" time="0"/>
  <testcase name="shouldRecoverValuesRandomBatchSizes[57]" classname="org.roaringbitmap.buffer.BufferContainerBatchIteratorTest" time="0.06"/>
  <testcase name="shouldRecoverValues512[57]" classname="org.roaringbitmap.buffer.BufferContainerBatchIteratorTest" time="0.001"/>
  <testcase name="shouldRecoverValues65536[57]" classname="org.roaringbitmap.buffer.BufferContainerBatchIteratorTest" time="0.001"/>
  <testcase name="shouldRecoverValues1024[58]" classname="org.roaringbitmap.buffer.BufferContainerBatchIteratorTest" time="0"/>
  <testcase name="shouldRecoverValues2048[58]" classname="org.roaringbitmap.buffer.BufferContainerBatchIteratorTest" time="0.001"/>
  <testcase name="shouldRecoverValues4096[58]" classname="org.roaringbitmap.buffer.BufferContainerBatchIteratorTest" time="0"/>
  <testcase name="shouldRecoverValues8192[58]" classname="org.roaringbitmap.buffer.BufferContainerBatchIteratorTest" time="0.001"/>
  <testcase name="shouldRecoverValuesRandomBatchSizes[58]" classname="org.roaringbitmap.buffer.BufferContainerBatchIteratorTest" time="0.055"/>
  <testcase name="shouldRecoverValues512[58]" classname="org.roaringbitmap.buffer.BufferContainerBatchIteratorTest" time="0.001"/>
  <testcase name="shouldRecoverValues65536[58]" classname="org.roaringbitmap.buffer.BufferContainerBatchIteratorTest" time="0.001"/>
  <testcase name="shouldRecoverValues1024[59]" classname="org.roaringbitmap.buffer.BufferContainerBatchIteratorTest" time="0"/>
  <testcase name="shouldRecoverValues2048[59]" classname="org.roaringbitmap.buffer.BufferContainerBatchIteratorTest" time="0.001"/>
  <testcase name="shouldRecoverValues4096[59]" classname="org.roaringbitmap.buffer.BufferContainerBatchIteratorTest" time="0.001"/>
  <testcase name="shouldRecoverValues8192[59]" classname="org.roaringbitmap.buffer.BufferContainerBatchIteratorTest" time="0"/>
  <testcase name="shouldRecoverValuesRandomBatchSizes[59]" classname="org.roaringbitmap.buffer.BufferContainerBatchIteratorTest" time="0.058"/>
  <testcase name="shouldRecoverValues512[59]" classname="org.roaringbitmap.buffer.BufferContainerBatchIteratorTest" time="0"/>
  <testcase name="shouldRecoverValues65536[59]" classname="org.roaringbitmap.buffer.BufferContainerBatchIteratorTest" time="0.001"/>
  <testcase name="shouldRecoverValues1024[60]" classname="org.roaringbitmap.buffer.BufferContainerBatchIteratorTest" time="0.001"/>
  <testcase name="shouldRecoverValues2048[60]" classname="org.roaringbitmap.buffer.BufferContainerBatchIteratorTest" time="0"/>
  <testcase name="shouldRecoverValues4096[60]" classname="org.roaringbitmap.buffer.BufferContainerBatchIteratorTest" time="0.001"/>
  <testcase name="shouldRecoverValues8192[60]" classname="org.roaringbitmap.buffer.BufferContainerBatchIteratorTest" time="0.001"/>
  <testcase name="shouldRecoverValuesRandomBatchSizes[60]" classname="org.roaringbitmap.buffer.BufferContainerBatchIteratorTest" time="0.055"/>
  <testcase name="shouldRecoverValues512[60]" classname="org.roaringbitmap.buffer.BufferContainerBatchIteratorTest" time="0.001"/>
  <testcase name="shouldRecoverValues65536[60]" classname="org.roaringbitmap.buffer.BufferContainerBatchIteratorTest" time="0.001"/>
  <testcase name="shouldRecoverValues1024[61]" classname="org.roaringbitmap.buffer.BufferContainerBatchIteratorTest" time="0"/>
  <testcase name="shouldRecoverValues2048[61]" classname="org.roaringbitmap.buffer.BufferContainerBatchIteratorTest" time="0.001"/>
  <testcase name="shouldRecoverValues4096[61]" classname="org.roaringbitmap.buffer.BufferContainerBatchIteratorTest" time="0.001"/>
  <testcase name="shouldRecoverValues8192[61]" classname="org.roaringbitmap.buffer.BufferContainerBatchIteratorTest" time="0"/>
  <testcase name="shouldRecoverValuesRandomBatchSizes[61]" classname="org.roaringbitmap.buffer.BufferContainerBatchIteratorTest" time="0.087"/>
  <testcase name="shouldRecoverValues512[61]" classname="org.roaringbitmap.buffer.BufferContainerBatchIteratorTest" time="0.001"/>
  <testcase name="shouldRecoverValues65536[61]" classname="org.roaringbitmap.buffer.BufferContainerBatchIteratorTest" time="0"/>
  <testcase name="shouldRecoverValues1024[62]" classname="org.roaringbitmap.buffer.BufferContainerBatchIteratorTest" time="0.001"/>
  <testcase name="shouldRecoverValues2048[62]" classname="org.roaringbitmap.buffer.BufferContainerBatchIteratorTest" time="0.001"/>
  <testcase name="shouldRecoverValues4096[62]" classname="org.roaringbitmap.buffer.BufferContainerBatchIteratorTest" time="0.001"/>
  <testcase name="shouldRecoverValues8192[62]" classname="org.roaringbitmap.buffer.BufferContainerBatchIteratorTest" time="0"/>
  <testcase name="shouldRecoverValuesRandomBatchSizes[62]" classname="org.roaringbitmap.buffer.BufferContainerBatchIteratorTest" time="0.064"/>
  <testcase name="shouldRecoverValues512[62]" classname="org.roaringbitmap.buffer.BufferContainerBatchIteratorTest" time="0.001"/>
  <testcase name="shouldRecoverValues65536[62]" classname="org.roaringbitmap.buffer.BufferContainerBatchIteratorTest" time="0"/>
  <testcase name="shouldRecoverValues1024[63]" classname="org.roaringbitmap.buffer.BufferContainerBatchIteratorTest" time="0.001"/>
  <testcase name="shouldRecoverValues2048[63]" classname="org.roaringbitmap.buffer.BufferContainerBatchIteratorTest" time="0.001"/>
  <testcase name="shouldRecoverValues4096[63]" classname="org.roaringbitmap.buffer.BufferContainerBatchIteratorTest" time="0"/>
  <testcase name="shouldRecoverValues8192[63]" classname="org.roaringbitmap.buffer.BufferContainerBatchIteratorTest" time="0"/>
  <testcase name="shouldRecoverValuesRandomBatchSizes[63]" classname="org.roaringbitmap.buffer.BufferContainerBatchIteratorTest" time="0.055"/>
  <testcase name="shouldRecoverValues512[63]" classname="org.roaringbitmap.buffer.BufferContainerBatchIteratorTest" time="0"/>
  <testcase name="shouldRecoverValues65536[63]" classname="org.roaringbitmap.buffer.BufferContainerBatchIteratorTest" time="0.001"/>
  <testcase name="shouldRecoverValues1024[64]" classname="org.roaringbitmap.buffer.BufferContainerBatchIteratorTest" time="0.001"/>
  <testcase name="shouldRecoverValues2048[64]" classname="org.roaringbitmap.buffer.BufferContainerBatchIteratorTest" time="0"/>
  <testcase name="shouldRecoverValues4096[64]" classname="org.roaringbitmap.buffer.BufferContainerBatchIteratorTest" time="0.001"/>
  <testcase name="shouldRecoverValues8192[64]" classname="org.roaringbitmap.buffer.BufferContainerBatchIteratorTest" time="0.001"/>
  <testcase name="shouldRecoverValuesRandomBatchSizes[64]" classname="org.roaringbitmap.buffer.BufferContainerBatchIteratorTest" time="0.056"/>
  <testcase name="shouldRecoverValues512[64]" classname="org.roaringbitmap.buffer.BufferContainerBatchIteratorTest" time="0.001"/>
  <testcase name="shouldRecoverValues65536[64]" classname="org.roaringbitmap.buffer.BufferContainerBatchIteratorTest" time="0"/>
  <testcase name="shouldRecoverValues1024[65]" classname="org.roaringbitmap.buffer.BufferContainerBatchIteratorTest" time="0.001"/>
  <testcase name="shouldRecoverValues2048[65]" classname="org.roaringbitmap.buffer.BufferContainerBatchIteratorTest" time="0.001"/>
  <testcase name="shouldRecoverValues4096[65]" classname="org.roaringbitmap.buffer.BufferContainerBatchIteratorTest" time="0.001"/>
  <testcase name="shouldRecoverValues8192[65]" classname="org.roaringbitmap.buffer.BufferContainerBatchIteratorTest" time="0"/>
  <testcase name="shouldRecoverValuesRandomBatchSizes[65]" classname="org.roaringbitmap.buffer.BufferContainerBatchIteratorTest" time="0.065"/>
  <testcase name="shouldRecoverValues512[65]" classname="org.roaringbitmap.buffer.BufferContainerBatchIteratorTest" time="0.001"/>
  <testcase name="shouldRecoverValues65536[65]" classname="org.roaringbitmap.buffer.BufferContainerBatchIteratorTest" time="0.001"/>
  <testcase name="shouldRecoverValues1024[66]" classname="org.roaringbitmap.buffer.BufferContainerBatchIteratorTest" time="0.001"/>
  <testcase name="shouldRecoverValues2048[66]" classname="org.roaringbitmap.buffer.BufferContainerBatchIteratorTest" time="0.001"/>
  <testcase name="shouldRecoverValues4096[66]" classname="org.roaringbitmap.buffer.BufferContainerBatchIteratorTest" time="0.001"/>
  <testcase name="shouldRecoverValues8192[66]" classname="org.roaringbitmap.buffer.BufferContainerBatchIteratorTest" time="0.001"/>
  <testcase name="shouldRecoverValuesRandomBatchSizes[66]" classname="org.roaringbitmap.buffer.BufferContainerBatchIteratorTest" time="0.081"/>
  <testcase name="shouldRecoverValues512[66]" classname="org.roaringbitmap.buffer.BufferContainerBatchIteratorTest" time="0.001"/>
  <testcase name="shouldRecoverValues65536[66]" classname="org.roaringbitmap.buffer.BufferContainerBatchIteratorTest" time="0.001"/>
  <testcase name="shouldRecoverValues1024[67]" classname="org.roaringbitmap.buffer.BufferContainerBatchIteratorTest" time="0.001"/>
  <testcase name="shouldRecoverValues2048[67]" classname="org.roaringbitmap.buffer.BufferContainerBatchIteratorTest" time="0.001"/>
  <testcase name="shouldRecoverValues4096[67]" classname="org.roaringbitmap.buffer.BufferContainerBatchIteratorTest" time="0.001"/>
  <testcase name="shouldRecoverValues8192[67]" classname="org.roaringbitmap.buffer.BufferContainerBatchIteratorTest" time="0.001"/>
  <testcase name="shouldRecoverValuesRandomBatchSizes[67]" classname="org.roaringbitmap.buffer.BufferContainerBatchIteratorTest" time="0.081"/>
  <testcase name="shouldRecoverValues512[67]" classname="org.roaringbitmap.buffer.BufferContainerBatchIteratorTest" time="0.001"/>
  <testcase name="shouldRecoverValues65536[67]" classname="org.roaringbitmap.buffer.BufferContainerBatchIteratorTest" time="0.001"/>
  <testcase name="shouldRecoverValues1024[68]" classname="org.roaringbitmap.buffer.BufferContainerBatchIteratorTest" time="0.001"/>
  <testcase name="shouldRecoverValues2048[68]" classname="org.roaringbitmap.buffer.BufferContainerBatchIteratorTest" time="0.001"/>
  <testcase name="shouldRecoverValues4096[68]" classname="org.roaringbitmap.buffer.BufferContainerBatchIteratorTest" time="0.001"/>
  <testcase name="shouldRecoverValues8192[68]" classname="org.roaringbitmap.buffer.BufferContainerBatchIteratorTest" time="0.001"/>
  <testcase name="shouldRecoverValuesRandomBatchSizes[68]" classname="org.roaringbitmap.buffer.BufferContainerBatchIteratorTest" time="0.089"/>
  <testcase name="shouldRecoverValues512[68]" classname="org.roaringbitmap.buffer.BufferContainerBatchIteratorTest" time="0"/>
  <testcase name="shouldRecoverValues65536[68]" classname="org.roaringbitmap.buffer.BufferContainerBatchIteratorTest" time="0.001"/>
</testsuite>