<?xml version="1.0" encoding="UTF-8"?>
<!-- Generated by org.testng.reporters.JUnitReportReporter -->
<testsuite hostname="cyclone1" name="org.molgenis.ontology.core.repository.OntologyRepositoryTest" tests="2" failures="0" timestamp="1 Jun 2018 11:47:43 GMT" time="0.005" errors="0">
  <testcase name="testGetOntologies" time="0.004" classname="org.molgenis.ontology.core.repository.OntologyRepositoryTest"/>
  <testcase name="testGetOntology" time="0.001" classname="org.molgenis.ontology.core.repository.OntologyRepositoryTest"/>
</testsuite> <!-- org.molgenis.ontology.core.repository.OntologyRepositoryTest -->
