<?xml version="1.0" encoding="UTF-8"?>
<!-- Generated by org.testng.reporters.JUnitReportReporter -->
<testsuite hostname="cyclone1" name="org.molgenis.ontology.core.ic.PubMedTermFrequencyServiceTest" tests="1" failures="0" timestamp="1 Jun 2018 11:47:43 GMT" time="0.001" errors="0">
  <testcase name="testRegexPattern" time="0.001" classname="org.molgenis.ontology.core.ic.PubMedTermFrequencyServiceTest"/>
</testsuite> <!-- org.molgenis.ontology.core.ic.PubMedTermFrequencyServiceTest -->
