<?xml version="1.0" encoding="UTF-8"?>
<!-- Generated by org.testng.reporters.JUnitReportReporter -->
<testsuite hostname="cyclone1" name="org.molgenis.ontology.core.repository.model.OntologyTermTest" tests="1" failures="0" timestamp="1 Jun 2018 11:47:43 GMT" time="0.005" errors="0">
  <testcase name="testAnd" time="0.005" classname="org.molgenis.ontology.core.repository.model.OntologyTermTest"/>
</testsuite> <!-- org.molgenis.ontology.core.repository.model.OntologyTermTest -->
