<?xml version="1.0" encoding="UTF-8"?>
<!-- Generated by org.testng.reporters.JUnitReportReporter -->
<testsuite hostname="cyclone1" name="org.molgenis.ontology.core.repository.OntologyTermRepositoryTest" tests="5" failures="0" timestamp="1 Jun 2018 11:47:43 GMT" time="0.127" errors="0">
  <testcase name="testFindExcatOntologyTerms" time="0.060" classname="org.molgenis.ontology.core.repository.OntologyTermRepositoryTest"/>
  <testcase name="testFindOntologyTerms" time="0.006" classname="org.molgenis.ontology.core.repository.OntologyTermRepositoryTest"/>
  <testcase name="testCalculateNodePathDistance" time="0.013" classname="org.molgenis.ontology.core.repository.OntologyTermRepositoryTest"/>
  <testcase name="testGetOntologyTerm" time="0.025" classname="org.molgenis.ontology.core.repository.OntologyTermRepositoryTest"/>
  <testcase name="testGetChildOntologyTermsByNodePath" time="0.023" classname="org.molgenis.ontology.core.repository.OntologyTermRepositoryTest"/>
</testsuite> <!-- org.molgenis.ontology.core.repository.OntologyTermRepositoryTest -->
