<?xml version="1.0" encoding="UTF-8"?>
<!-- Generated by org.testng.reporters.JUnitReportReporter -->
<testsuite skipped="0" hostname="cyclone1" name="io.axway.iron.spi.aws.s3.AwsS3SnapshotStoreTest" tests="1" failures="0" timestamp="11 Jun 2018 09:47:44 GMT" time="0.103" errors="0">
  <testcase name="shouldCreateS3Bucket" time="0.103" classname="io.axway.iron.spi.aws.s3.AwsS3SnapshotStoreTest"/>
</testsuite> <!-- io.axway.iron.spi.aws.s3.AwsS3SnapshotStoreTest -->
