<?xml version="1.0" encoding="UTF-8"?>
<!-- Generated by org.testng.reporters.JUnitReportReporter -->
<testsuite skipped="0" hostname="cyclone1" name="io.axway.iron.spi.aws.s3.AwsS3UtilsTest" tests="3" failures="0" timestamp="11 Jun 2018 09:47:44 GMT" time="0.171" errors="0">
  <testcase name="shouldFindNoS3Bucket" time="0.011" classname="io.axway.iron.spi.aws.s3.AwsS3UtilsTest"/>
  <testcase name="shouldThrowAnExceptionWhenNoS3BucketFound" time="0.008" classname="io.axway.iron.spi.aws.s3.AwsS3UtilsTest"/>
  <testcase name="shouldFindAS3Bucket" time="0.152" classname="io.axway.iron.spi.aws.s3.AwsS3UtilsTest"/>
</testsuite> <!-- io.axway.iron.spi.aws.s3.AwsS3UtilsTest -->
