<?xml version="1.0" encoding="UTF-8"?>
<testsuite xmlns:xsi="http://www.w3.org/2001/XMLSchema-instance" xsi:noNamespaceSchemaLocation="https://maven.apache.org/surefire/maven-surefire-plugin/xsd/surefire-test-report.xsd" name="rsb.data.r2dbc.basics.CustomerRepositoryTest" time="0.344" tests="1" errors="0" skipped="0" failures="1">
  <properties>
    <property name="awt.toolkit" value="sun.awt.X11.XToolkit"/>
    <property name="file.encoding.pkg" value="sun.io"/>
    <property name="java.specification.version" value="1.8"/>
    <property name="sun.cpu.isalist" value=""/>
    <property name="sun.jnu.encoding" value="UTF-8"/>
    <property name="java.class.path" value="/root/workspace/reactive-spring-book/data/435187138/r2dbc/target/test-classes:/root/workspace/reactive-spring-book/data/435187138/r2dbc/target/classes:/root/./workspace/reactive-spring-book/data/435187138/.m2/io/projectreactor/addons/reactor-extra/3.2.0.RELEASE/reactor-extra-3.2.0.RELEASE.jar:/root/./workspace/reactive-spring-book/data/435187138/.m2/org/springframework/data/spring-data-jdbc/1.0.0.r2dbc-SNAPSHOT/spring-data-jdbc-1.0.0.r2dbc-SNAPSHOT.jar:/root/./workspace/reactive-spring-book/data/435187138/.m2/org/springframework/data/spring-data-commons/2.1.0.RELEASE/spring-data-commons-2.1.0.RELEASE.jar:/root/./workspace/reactive-spring-book/data/435187138/.m2/org/springframework/spring-tx/5.1.0.RELEASE/spring-tx-5.1.0.RELEASE.jar:/root/./workspace/reactive-spring-book/data/435187138/.m2/org/springframework/spring-context/5.1.0.RELEASE/spring-context-5.1.0.RELEASE.jar:/root/./workspace/reactive-spring-book/data/435187138/.m2/org/springframework/spring-aop/5.1.0.RELEASE/spring-aop-5.1.0.RELEASE.jar:/root/./workspace/reactive-spring-book/data/435187138/.m2/org/springframework/spring-expression/5.1.0.RELEASE/spring-expression-5.1.0.RELEASE.jar:/root/./workspace/reactive-spring-book/data/435187138/.m2/org/springframework/spring-beans/5.1.0.RELEASE/spring-beans-5.1.0.RELEASE.jar:/root/./workspace/reactive-spring-book/data/435187138/.m2/org/springframework/spring-jdbc/5.1.0.RELEASE/spring-jdbc-5.1.0.RELEASE.jar:/root/./workspace/reactive-spring-book/data/435187138/.m2/org/springframework/spring-core/5.1.0.RELEASE/spring-core-5.1.0.RELEASE.jar:/root/./workspace/reactive-spring-book/data/435187138/.m2/org/springframework/spring-jcl/5.1.0.RELEASE/spring-jcl-5.1.0.RELEASE.jar:/root/./workspace/reactive-spring-book/data/435187138/.m2/org/slf4j/slf4j-api/1.7.25/slf4j-api-1.7.25.jar:/root/./workspace/reactive-spring-book/data/435187138/.m2/io/r2dbc/r2dbc-spi/1.0.0.M5/r2dbc-spi-1.0.0.M5.jar:/root/./workspace/reactive-spring-book/data/435187138/.m2/org/reactivestreams/reactive-streams/1.0.2/reactive-streams-1.0.2.jar:/root/./workspace/reactive-spring-book/data/435187138/.m2/io/r2dbc/r2dbc-postgresql/1.0.0.M5/r2dbc-postgresql-1.0.0.M5.jar:/root/./workspace/reactive-spring-book/data/435187138/.m2/io/projectreactor/netty/reactor-netty/0.8.0.RELEASE/reactor-netty-0.8.0.RELEASE.jar:/root/./workspace/reactive-spring-book/data/435187138/.m2/io/netty/netty-codec-http/4.1.29.Final/netty-codec-http-4.1.29.Final.jar:/root/./workspace/reactive-spring-book/data/435187138/.m2/io/netty/netty-codec/4.1.29.Final/netty-codec-4.1.29.Final.jar:/root/./workspace/reactive-spring-book/data/435187138/.m2/io/netty/netty-codec-http2/4.1.29.Final/netty-codec-http2-4.1.29.Final.jar:/root/./workspace/reactive-spring-book/data/435187138/.m2/io/netty/netty-handler/4.1.29.Final/netty-handler-4.1.29.Final.jar:/root/./workspace/reactive-spring-book/data/435187138/.m2/io/netty/netty-buffer/4.1.29.Final/netty-buffer-4.1.29.Final.jar:/root/./workspace/reactive-spring-book/data/435187138/.m2/io/netty/netty-transport/4.1.29.Final/netty-transport-4.1.29.Final.jar:/root/./workspace/reactive-spring-book/data/435187138/.m2/io/netty/netty-resolver/4.1.29.Final/netty-resolver-4.1.29.Final.jar:/root/./workspace/reactive-spring-book/data/435187138/.m2/io/netty/netty-handler-proxy/4.1.29.Final/netty-handler-proxy-4.1.29.Final.jar:/root/./workspace/reactive-spring-book/data/435187138/.m2/io/netty/netty-codec-socks/4.1.29.Final/netty-codec-socks-4.1.29.Final.jar:/root/./workspace/reactive-spring-book/data/435187138/.m2/io/netty/netty-transport-native-epoll/4.1.29.Final/netty-transport-native-epoll-4.1.29.Final-linux-x86_64.jar:/root/./workspace/reactive-spring-book/data/435187138/.m2/io/netty/netty-common/4.1.29.Final/netty-common-4.1.29.Final.jar:/root/./workspace/reactive-spring-book/data/435187138/.m2/io/netty/netty-transport-native-unix-common/4.1.29.Final/netty-transport-native-unix-common-4.1.29.Final.jar:/root/./workspace/reactive-spring-book/data/435187138/.m2/org/springframework/boot/spring-boot-starter/2.1.0.M4/spring-boot-starter-2.1.0.M4.jar:/root/./workspace/reactive-spring-book/data/435187138/.m2/org/springframework/boot/spring-boot/2.1.0.M4/spring-boot-2.1.0.M4.jar:/root/./workspace/reactive-spring-book/data/435187138/.m2/org/springframework/boot/spring-boot-autoconfigure/2.1.0.M4/spring-boot-autoconfigure-2.1.0.M4.jar:/root/./workspace/reactive-spring-book/data/435187138/.m2/org/springframework/boot/spring-boot-starter-logging/2.1.0.M4/spring-boot-starter-logging-2.1.0.M4.jar:/root/./workspace/reactive-spring-book/data/435187138/.m2/ch/qos/logback/logback-classic/1.2.3/logback-classic-1.2.3.jar:/root/./workspace/reactive-spring-book/data/435187138/.m2/ch/qos/logback/logback-core/1.2.3/logback-core-1.2.3.jar:/root/./workspace/reactive-spring-book/data/435187138/.m2/org/apache/logging/log4j/log4j-to-slf4j/2.11.1/log4j-to-slf4j-2.11.1.jar:/root/./workspace/reactive-spring-book/data/435187138/.m2/org/apache/logging/log4j/log4j-api/2.11.1/log4j-api-2.11.1.jar:/root/./workspace/reactive-spring-book/data/435187138/.m2/org/slf4j/jul-to-slf4j/1.7.25/jul-to-slf4j-1.7.25.jar:/root/./workspace/reactive-spring-book/data/435187138/.m2/javax/annotation/javax.annotation-api/1.3.2/javax.annotation-api-1.3.2.jar:/root/./workspace/reactive-spring-book/data/435187138/.m2/org/yaml/snakeyaml/1.23/snakeyaml-1.23.jar:/root/./workspace/reactive-spring-book/data/435187138/.m2/io/projectreactor/reactor-core/3.2.0.RELEASE/reactor-core-3.2.0.RELEASE.jar:/root/./workspace/reactive-spring-book/data/435187138/.m2/org/projectlombok/lombok/1.18.2/lombok-1.18.2.jar:/root/./workspace/reactive-spring-book/data/435187138/.m2/org/springframework/boot/spring-boot-starter-test/2.1.0.M4/spring-boot-starter-test-2.1.0.M4.jar:/root/./workspace/reactive-spring-book/data/435187138/.m2/org/springframework/boot/spring-boot-test/2.1.0.M4/spring-boot-test-2.1.0.M4.jar:/root/./workspace/reactive-spring-book/data/435187138/.m2/org/springframework/boot/spring-boot-test-autoconfigure/2.1.0.M4/spring-boot-test-autoconfigure-2.1.0.M4.jar:/root/./workspace/reactive-spring-book/data/435187138/.m2/com/jayway/jsonpath/json-path/2.4.0/json-path-2.4.0.jar:/root/./workspace/reactive-spring-book/data/435187138/.m2/net/minidev/json-smart/2.3/json-smart-2.3.jar:/root/./workspace/reactive-spring-book/data/435187138/.m2/net/minidev/accessors-smart/1.2/accessors-smart-1.2.jar:/root/./workspace/reactive-spring-book/data/435187138/.m2/org/ow2/asm/asm/5.0.4/asm-5.0.4.jar:/root/./workspace/reactive-spring-book/data/435187138/.m2/junit/junit/4.12/junit-4.12.jar:/root/./workspace/reactive-spring-book/data/435187138/.m2/org/assertj/assertj-core/3.11.1/assertj-core-3.11.1.jar:/root/./workspace/reactive-spring-book/data/435187138/.m2/org/mockito/mockito-core/2.22.0/mockito-core-2.22.0.jar:/root/./workspace/reactive-spring-book/data/435187138/.m2/net/bytebuddy/byte-buddy/1.8.22/byte-buddy-1.8.22.jar:/root/./workspace/reactive-spring-book/data/435187138/.m2/net/bytebuddy/byte-buddy-agent/1.8.22/byte-buddy-agent-1.8.22.jar:/root/./workspace/reactive-spring-book/data/435187138/.m2/org/objenesis/objenesis/2.6/objenesis-2.6.jar:/root/./workspace/reactive-spring-book/data/435187138/.m2/org/hamcrest/hamcrest-core/1.3/hamcrest-core-1.3.jar:/root/./workspace/reactive-spring-book/data/435187138/.m2/org/hamcrest/hamcrest-library/1.3/hamcrest-library-1.3.jar:/root/./workspace/reactive-spring-book/data/435187138/.m2/org/skyscreamer/jsonassert/1.5.0/jsonassert-1.5.0.jar:/root/./workspace/reactive-spring-book/data/435187138/.m2/com/vaadin/external/google/android-json/0.0.20131108.vaadin1/android-json-0.0.20131108.vaadin1.jar:/root/./workspace/reactive-spring-book/data/435187138/.m2/org/springframework/spring-test/5.1.0.RELEASE/spring-test-5.1.0.RELEASE.jar:/root/./workspace/reactive-spring-book/data/435187138/.m2/org/xmlunit/xmlunit-core/2.6.2/xmlunit-core-2.6.2.jar:/root/./workspace/reactive-spring-book/data/435187138/.m2/io/projectreactor/reactor-test/3.2.0.RELEASE/reactor-test-3.2.0.RELEASE.jar:"/>
    <property name="java.vm.vendor" value="Oracle Corporation"/>
    <property name="skip.bower" value="true"/>
    <property name="sun.arch.data.model" value="64"/>
    <property name="java.vendor.url" value="http://java.oracle.com/"/>
    <property name="user.timezone" value=""/>
    <property name="java.vm.specification.version" value="1.8"/>
    <property name="os.name" value="Linux"/>
    <property name="rat.skip" value="true"/>
    <property name="gpg.skip" value="true"/>
    <property name="sun.java.launcher" value="SUN_STANDARD"/>
    <property name="sun.boot.library.path" value="/usr/lib/jvm/java-8-openjdk-amd64/jre/lib/amd64"/>
    <property name="skip.gulp" value="true"/>
    <property name="sun.java.command" value="/root/workspace/reactive-spring-book/data/435187138/r2dbc/target/surefire/surefirebooter3157989807352236774.jar /root/workspace/reactive-spring-book/data/435187138/r2dbc/target/surefire 2018-09-30T10-06-24_059-jvmRun1 surefire2901313260293128474tmp surefire_0323395185129065802tmp"/>
    <property name="dependency-check.skip" value="true"/>
    <property name="surefire.test.class.path" value="/root/workspace/reactive-spring-book/data/435187138/r2dbc/target/test-classes:/root/workspace/reactive-spring-book/data/435187138/r2dbc/target/classes:/root/./workspace/reactive-spring-book/data/435187138/.m2/io/projectreactor/addons/reactor-extra/3.2.0.RELEASE/reactor-extra-3.2.0.RELEASE.jar:/root/./workspace/reactive-spring-book/data/435187138/.m2/org/springframework/data/spring-data-jdbc/1.0.0.r2dbc-SNAPSHOT/spring-data-jdbc-1.0.0.r2dbc-SNAPSHOT.jar:/root/./workspace/reactive-spring-book/data/435187138/.m2/org/springframework/data/spring-data-commons/2.1.0.RELEASE/spring-data-commons-2.1.0.RELEASE.jar:/root/./workspace/reactive-spring-book/data/435187138/.m2/org/springframework/spring-tx/5.1.0.RELEASE/spring-tx-5.1.0.RELEASE.jar:/root/./workspace/reactive-spring-book/data/435187138/.m2/org/springframework/spring-context/5.1.0.RELEASE/spring-context-5.1.0.RELEASE.jar:/root/./workspace/reactive-spring-book/data/435187138/.m2/org/springframework/spring-aop/5.1.0.RELEASE/spring-aop-5.1.0.RELEASE.jar:/root/./workspace/reactive-spring-book/data/435187138/.m2/org/springframework/spring-expression/5.1.0.RELEASE/spring-expression-5.1.0.RELEASE.jar:/root/./workspace/reactive-spring-book/data/435187138/.m2/org/springframework/spring-beans/5.1.0.RELEASE/spring-beans-5.1.0.RELEASE.jar:/root/./workspace/reactive-spring-book/data/435187138/.m2/org/springframework/spring-jdbc/5.1.0.RELEASE/spring-jdbc-5.1.0.RELEASE.jar:/root/./workspace/reactive-spring-book/data/435187138/.m2/org/springframework/spring-core/5.1.0.RELEASE/spring-core-5.1.0.RELEASE.jar:/root/./workspace/reactive-spring-book/data/435187138/.m2/org/springframework/spring-jcl/5.1.0.RELEASE/spring-jcl-5.1.0.RELEASE.jar:/root/./workspace/reactive-spring-book/data/435187138/.m2/org/slf4j/slf4j-api/1.7.25/slf4j-api-1.7.25.jar:/root/./workspace/reactive-spring-book/data/435187138/.m2/io/r2dbc/r2dbc-spi/1.0.0.M5/r2dbc-spi-1.0.0.M5.jar:/root/./workspace/reactive-spring-book/data/435187138/.m2/org/reactivestreams/reactive-streams/1.0.2/reactive-streams-1.0.2.jar:/root/./workspace/reactive-spring-book/data/435187138/.m2/io/r2dbc/r2dbc-postgresql/1.0.0.M5/r2dbc-postgresql-1.0.0.M5.jar:/root/./workspace/reactive-spring-book/data/435187138/.m2/io/projectreactor/netty/reactor-netty/0.8.0.RELEASE/reactor-netty-0.8.0.RELEASE.jar:/root/./workspace/reactive-spring-book/data/435187138/.m2/io/netty/netty-codec-http/4.1.29.Final/netty-codec-http-4.1.29.Final.jar:/root/./workspace/reactive-spring-book/data/435187138/.m2/io/netty/netty-codec/4.1.29.Final/netty-codec-4.1.29.Final.jar:/root/./workspace/reactive-spring-book/data/435187138/.m2/io/netty/netty-codec-http2/4.1.29.Final/netty-codec-http2-4.1.29.Final.jar:/root/./workspace/reactive-spring-book/data/435187138/.m2/io/netty/netty-handler/4.1.29.Final/netty-handler-4.1.29.Final.jar:/root/./workspace/reactive-spring-book/data/435187138/.m2/io/netty/netty-buffer/4.1.29.Final/netty-buffer-4.1.29.Final.jar:/root/./workspace/reactive-spring-book/data/435187138/.m2/io/netty/netty-transport/4.1.29.Final/netty-transport-4.1.29.Final.jar:/root/./workspace/reactive-spring-book/data/435187138/.m2/io/netty/netty-resolver/4.1.29.Final/netty-resolver-4.1.29.Final.jar:/root/./workspace/reactive-spring-book/data/435187138/.m2/io/netty/netty-handler-proxy/4.1.29.Final/netty-handler-proxy-4.1.29.Final.jar:/root/./workspace/reactive-spring-book/data/435187138/.m2/io/netty/netty-codec-socks/4.1.29.Final/netty-codec-socks-4.1.29.Final.jar:/root/./workspace/reactive-spring-book/data/435187138/.m2/io/netty/netty-transport-native-epoll/4.1.29.Final/netty-transport-native-epoll-4.1.29.Final-linux-x86_64.jar:/root/./workspace/reactive-spring-book/data/435187138/.m2/io/netty/netty-common/4.1.29.Final/netty-common-4.1.29.Final.jar:/root/./workspace/reactive-spring-book/data/435187138/.m2/io/netty/netty-transport-native-unix-common/4.1.29.Final/netty-transport-native-unix-common-4.1.29.Final.jar:/root/./workspace/reactive-spring-book/data/435187138/.m2/org/springframework/boot/spring-boot-starter/2.1.0.M4/spring-boot-starter-2.1.0.M4.jar:/root/./workspace/reactive-spring-book/data/435187138/.m2/org/springframework/boot/spring-boot/2.1.0.M4/spring-boot-2.1.0.M4.jar:/root/./workspace/reactive-spring-book/data/435187138/.m2/org/springframework/boot/spring-boot-autoconfigure/2.1.0.M4/spring-boot-autoconfigure-2.1.0.M4.jar:/root/./workspace/reactive-spring-book/data/435187138/.m2/org/springframework/boot/spring-boot-starter-logging/2.1.0.M4/spring-boot-starter-logging-2.1.0.M4.jar:/root/./workspace/reactive-spring-book/data/435187138/.m2/ch/qos/logback/logback-classic/1.2.3/logback-classic-1.2.3.jar:/root/./workspace/reactive-spring-book/data/435187138/.m2/ch/qos/logback/logback-core/1.2.3/logback-core-1.2.3.jar:/root/./workspace/reactive-spring-book/data/435187138/.m2/org/apache/logging/log4j/log4j-to-slf4j/2.11.1/log4j-to-slf4j-2.11.1.jar:/root/./workspace/reactive-spring-book/data/435187138/.m2/org/apache/logging/log4j/log4j-api/2.11.1/log4j-api-2.11.1.jar:/root/./workspace/reactive-spring-book/data/435187138/.m2/org/slf4j/jul-to-slf4j/1.7.25/jul-to-slf4j-1.7.25.jar:/root/./workspace/reactive-spring-book/data/435187138/.m2/javax/annotation/javax.annotation-api/1.3.2/javax.annotation-api-1.3.2.jar:/root/./workspace/reactive-spring-book/data/435187138/.m2/org/yaml/snakeyaml/1.23/snakeyaml-1.23.jar:/root/./workspace/reactive-spring-book/data/435187138/.m2/io/projectreactor/reactor-core/3.2.0.RELEASE/reactor-core-3.2.0.RELEASE.jar:/root/./workspace/reactive-spring-book/data/435187138/.m2/org/projectlombok/lombok/1.18.2/lombok-1.18.2.jar:/root/./workspace/reactive-spring-book/data/435187138/.m2/org/springframework/boot/spring-boot-starter-test/2.1.0.M4/spring-boot-starter-test-2.1.0.M4.jar:/root/./workspace/reactive-spring-book/data/435187138/.m2/org/springframework/boot/spring-boot-test/2.1.0.M4/spring-boot-test-2.1.0.M4.jar:/root/./workspace/reactive-spring-book/data/435187138/.m2/org/springframework/boot/spring-boot-test-autoconfigure/2.1.0.M4/spring-boot-test-autoconfigure-2.1.0.M4.jar:/root/./workspace/reactive-spring-book/data/435187138/.m2/com/jayway/jsonpath/json-path/2.4.0/json-path-2.4.0.jar:/root/./workspace/reactive-spring-book/data/435187138/.m2/net/minidev/json-smart/2.3/json-smart-2.3.jar:/root/./workspace/reactive-spring-book/data/435187138/.m2/net/minidev/accessors-smart/1.2/accessors-smart-1.2.jar:/root/./workspace/reactive-spring-book/data/435187138/.m2/org/ow2/asm/asm/5.0.4/asm-5.0.4.jar:/root/./workspace/reactive-spring-book/data/435187138/.m2/junit/junit/4.12/junit-4.12.jar:/root/./workspace/reactive-spring-book/data/435187138/.m2/org/assertj/assertj-core/3.11.1/assertj-core-3.11.1.jar:/root/./workspace/reactive-spring-book/data/435187138/.m2/org/mockito/mockito-core/2.22.0/mockito-core-2.22.0.jar:/root/./workspace/reactive-spring-book/data/435187138/.m2/net/bytebuddy/byte-buddy/1.8.22/byte-buddy-1.8.22.jar:/root/./workspace/reactive-spring-book/data/435187138/.m2/net/bytebuddy/byte-buddy-agent/1.8.22/byte-buddy-agent-1.8.22.jar:/root/./workspace/reactive-spring-book/data/435187138/.m2/org/objenesis/objenesis/2.6/objenesis-2.6.jar:/root/./workspace/reactive-spring-book/data/435187138/.m2/org/hamcrest/hamcrest-core/1.3/hamcrest-core-1.3.jar:/root/./workspace/reactive-spring-book/data/435187138/.m2/org/hamcrest/hamcrest-library/1.3/hamcrest-library-1.3.jar:/root/./workspace/reactive-spring-book/data/435187138/.m2/org/skyscreamer/jsonassert/1.5.0/jsonassert-1.5.0.jar:/root/./workspace/reactive-spring-book/data/435187138/.m2/com/vaadin/external/google/android-json/0.0.20131108.vaadin1/android-json-0.0.20131108.vaadin1.jar:/root/./workspace/reactive-spring-book/data/435187138/.m2/org/springframework/spring-test/5.1.0.RELEASE/spring-test-5.1.0.RELEASE.jar:/root/./workspace/reactive-spring-book/data/435187138/.m2/org/xmlunit/xmlunit-core/2.6.2/xmlunit-core-2.6.2.jar:/root/./workspace/reactive-spring-book/data/435187138/.m2/io/projectreactor/reactor-test/3.2.0.RELEASE/reactor-test-3.2.0.RELEASE.jar:"/>
    <property name="sun.cpu.endian" value="little"/>
    <property name="user.home" value="/root"/>
    <property name="user.language" value="en"/>
    <property name="java.specification.vendor" value="Oracle Corporation"/>
    <property name="java.home" value="/usr/lib/jvm/java-8-openjdk-amd64/jre"/>
    <property name="basedir" value="/root/workspace/reactive-spring-book/data/435187138/r2dbc"/>
    <property name="file.separator" value="/"/>
    <property name="checkstyle.skip" value="true"/>
    <property name="line.separator" value="&#10;"/>
    <property name="skip.npm" value="true"/>
    <property name="java.vm.specification.vendor" value="Oracle Corporation"/>
    <property name="java.specification.name" value="Java Platform API Specification"/>
    <property name="java.awt.graphicsenv" value="sun.awt.X11GraphicsEnvironment"/>
    <property name="skipITs" value="true"/>
    <property name="surefire.real.class.path" value="/root/workspace/reactive-spring-book/data/435187138/r2dbc/target/surefire/surefirebooter3157989807352236774.jar"/>
    <property name="cobertura.skip" value="true"/>
    <property name="sun.boot.class.path" value="/usr/lib/jvm/java-8-openjdk-amd64/jre/lib/resources.jar:/usr/lib/jvm/java-8-openjdk-amd64/jre/lib/rt.jar:/usr/lib/jvm/java-8-openjdk-amd64/jre/lib/sunrsasign.jar:/usr/lib/jvm/java-8-openjdk-amd64/jre/lib/jsse.jar:/usr/lib/jvm/java-8-openjdk-amd64/jre/lib/jce.jar:/usr/lib/jvm/java-8-openjdk-amd64/jre/lib/charsets.jar:/usr/lib/jvm/java-8-openjdk-amd64/jre/lib/jfr.jar:/usr/lib/jvm/java-8-openjdk-amd64/jre/classes"/>
    <property name="sun.management.compiler" value="HotSpot 64-Bit Tiered Compilers"/>
    <property name="java.runtime.version" value="1.8.0_121-8u121-b13-1~bpo8+1-b13"/>
    <property name="user.name" value="root"/>
    <property name="findbugs.skip" value="true"/>
    <property name="path.separator" value=":"/>
    <property name="os.version" value="3.10.0-862.3.2.el7.x86_64"/>
    <property name="java.endorsed.dirs" value="/usr/lib/jvm/java-8-openjdk-amd64/jre/lib/endorsed"/>
    <property name="java.runtime.name" value="OpenJDK Runtime Environment"/>
    <property name="file.encoding" value="UTF-8"/>
    <property name="java.vm.name" value="OpenJDK 64-Bit Server VM"/>
    <property name="localRepository" value="/root/./workspace/reactive-spring-book/data/435187138/.m2"/>
    <property name="java.vendor.url.bug" value="http://bugreport.sun.com/bugreport/"/>
    <property name="java.io.tmpdir" value="/tmp"/>
    <property name="java.version" value="1.8.0_121"/>
    <property name="user.dir" value="/root/workspace/reactive-spring-book/data/435187138/r2dbc"/>
    <property name="os.arch" value="amd64"/>
    <property name="license.skip" value="true"/>
    <property name="java.vm.specification.name" value="Java Virtual Machine Specification"/>
    <property name="java.awt.printerjob" value="sun.print.PSPrinterJob"/>
    <property name="sun.os.patch.level" value="unknown"/>
    <property name="java.library.path" value="/usr/java/packages/lib/amd64:/usr/lib/x86_64-linux-gnu/jni:/lib/x86_64-linux-gnu:/usr/lib/x86_64-linux-gnu:/usr/lib/jni:/lib:/usr/lib"/>
    <property name="java.vm.info" value="mixed mode"/>
    <property name="java.vendor" value="Oracle Corporation"/>
    <property name="java.vm.version" value="25.121-b13"/>
    <property name="java.ext.dirs" value="/usr/lib/jvm/java-8-openjdk-amd64/jre/lib/ext:/usr/java/packages/lib/ext"/>
    <property name="sun.io.unicode.encoding" value="UnicodeLittle"/>
    <property name="maven.repo.local" value="/root/./workspace/reactive-spring-book/data/435187138/.m2"/>
    <property name="enforcer.skip" value="true"/>
    <property name="maven.deploy.skip" value="true"/>
    <property name="java.class.version" value="52.0"/>
  </properties>
  <testcase name="all" classname="rsb.data.r2dbc.basics.CustomerRepositoryTest" time="0.007">
    <failure message="expectation &quot;expectComplete&quot; failed (expected: onComplete(); actual: onError(io.netty.channel.AbstractChannel$AnnotatedConnectException: syscall:getsockopt(..) failed: Connection refused: localhost/127.0.0.1:5432))" type="java.lang.AssertionError">java.lang.AssertionError: expectation "expectComplete" failed (expected: onComplete(); actual: onError(io.netty.channel.AbstractChannel$AnnotatedConnectException: syscall:getsockopt(..) failed: Connection refused: localhost/127.0.0.1:5432))
</failure>
    <system-out><![CDATA[2018-09-30 10:06:29.325  INFO 178 --- [           main] .b.t.c.SpringBootTestContextBootstrapper : Neither @ContextConfiguration nor @ContextHierarchy found for test class [rsb.data.r2dbc.basics.CustomerRepositoryTest], using SpringBootContextLoader
2018-09-30 10:06:29.326  INFO 178 --- [           main] o.s.t.c.support.AbstractContextLoader    : Could not detect default resource locations for test class [rsb.data.r2dbc.basics.CustomerRepositoryTest]: no resource found for suffixes {-context.xml, Context.groovy}.
2018-09-30 10:06:29.326  INFO 178 --- [           main] t.c.s.AnnotationConfigContextLoaderUtils : Could not detect default configuration classes for test class [rsb.data.r2dbc.basics.CustomerRepositoryTest]: CustomerRepositoryTest does not declare any static, non-private, non-final, nested classes annotated with @Configuration.
2018-09-30 10:06:29.337  INFO 178 --- [           main] .b.t.c.SpringBootTestContextBootstrapper : Found @SpringBootConfiguration rsb.data.r2dbc.basics.R2dbcBasicsApplication for test class rsb.data.r2dbc.basics.CustomerRepositoryTest
2018-09-30 10:06:29.340  INFO 178 --- [           main] .b.t.c.SpringBootTestContextBootstrapper : Loaded default TestExecutionListener class names from location [META-INF/spring.factories]: [org.springframework.boot.test.mock.mockito.MockitoTestExecutionListener, org.springframework.boot.test.mock.mockito.ResetMocksTestExecutionListener, org.springframework.boot.test.autoconfigure.restdocs.RestDocsTestExecutionListener, org.springframework.boot.test.autoconfigure.web.client.MockRestServiceServerResetTestExecutionListener, org.springframework.boot.test.autoconfigure.web.servlet.MockMvcPrintOnlyOnFailureTestExecutionListener, org.springframework.boot.test.autoconfigure.web.servlet.WebDriverTestExecutionListener, org.springframework.test.context.web.ServletTestExecutionListener, org.springframework.test.context.support.DirtiesContextBeforeModesTestExecutionListener, org.springframework.test.context.support.DependencyInjectionTestExecutionListener, org.springframework.test.context.support.DirtiesContextTestExecutionListener, org.springframework.test.context.transaction.TransactionalTestExecutionListener, org.springframework.test.context.jdbc.SqlScriptsTestExecutionListener]
2018-09-30 10:06:29.341  INFO 178 --- [           main] .b.t.c.SpringBootTestContextBootstrapper : Using TestExecutionListeners: [org.springframework.test.context.support.DirtiesContextBeforeModesTestExecutionListener@167279d1, org.springframework.boot.test.mock.mockito.MockitoTestExecutionListener@138caeca, org.springframework.boot.test.autoconfigure.SpringBootDependencyInjectionTestExecutionListener@4d96250, org.springframework.test.context.support.DirtiesContextTestExecutionListener@9a6fbc0, org.springframework.test.context.transaction.TransactionalTestExecutionListener@c1fa7d4, org.springframework.test.context.jdbc.SqlScriptsTestExecutionListener@7a93b263, org.springframework.boot.test.mock.mockito.ResetMocksTestExecutionListener@35178483, org.springframework.boot.test.autoconfigure.restdocs.RestDocsTestExecutionListener@bd1111a, org.springframework.boot.test.autoconfigure.web.client.MockRestServiceServerResetTestExecutionListener@7a8136b3, org.springframework.boot.test.autoconfigure.web.servlet.MockMvcPrintOnlyOnFailureTestExecutionListener@1de6932a, org.springframework.boot.test.autoconfigure.web.servlet.WebDriverTestExecutionListener@14dc3f89]

  .   ____          _            __ _ _
 /\\ / ___'_ __ _ _(_)_ __  __ _ \ \ \ \
( ( )\___ | '_ | '_| | '_ \/ _` | \ \ \ \
 \\/  ___)| |_)| | | | | || (_| |  ) ) ) )
  '  |____| .__|_| |_|_| |_\__, | / / / /
 =========|_|==============|___/=/_/_/_/
 :: Spring Boot ::             (v2.1.0.M4)

2018-09-30 10:06:29.384  INFO 178 --- [           main] r.d.r2dbc.basics.CustomerRepositoryTest  : Starting CustomerRepositoryTest on cyclone1 with PID 178 (started by root in /root/workspace/reactive-spring-book/data/435187138/r2dbc)
2018-09-30 10:06:29.385  INFO 178 --- [           main] r.d.r2dbc.basics.CustomerRepositoryTest  : No active profile set, falling back to default profiles: default
2018-09-30 10:06:29.683  INFO 178 --- [           main] o.s.s.concurrent.ThreadPoolTaskExecutor  : Initializing ExecutorService 'applicationTaskExecutor'
2018-09-30 10:06:29.713  INFO 178 --- [           main] r.d.r2dbc.basics.CustomerRepositoryTest  : Started CustomerRepositoryTest in 0.368 seconds (JVM running for 3.487)
]]></system-out>
  </testcase>
</testsuite>