<?xml version="1.0" encoding="UTF-8"?>
<!-- Generated by org.testng.reporters.JUnitReportReporter -->
<testsuite hostname="cyclone1" name="org.molgenis.apps.model.AppRepositoryDecoratorTest" tests="16" failures="0" timestamp="30 May 2018 12:54:21 GMT" time="0.447" errors="0">
  <testcase name="testUpdateDeactivatedResourceToDeactivatedValidResource" time="0.147" classname="org.molgenis.apps.model.AppRepositoryDecoratorTest"/>
  <testcase name="testAddInactiveNoResourceZip" time="0.003" classname="org.molgenis.apps.model.AppRepositoryDecoratorTest"/>
  <testcase name="testDeleteActive" time="0.003" classname="org.molgenis.apps.model.AppRepositoryDecoratorTest"/>
  <testcase name="testAddActiveNoResourceZip" time="0.003" classname="org.molgenis.apps.model.AppRepositoryDecoratorTest"/>
  <testcase name="testUpdateNoResourceToDeactivatedInvalidResource" time="0.002" classname="org.molgenis.apps.model.AppRepositoryDecoratorTest"/>
  <testcase name="testAddActiveValidResourceZip" time="0.192" classname="org.molgenis.apps.model.AppRepositoryDecoratorTest"/>
  <testcase name="testUpdateDeactivatedResourceToDeactivatedInvalidResource" time="0.004" classname="org.molgenis.apps.model.AppRepositoryDecoratorTest"/>
  <testcase name="testAddInvalidResourceZip" time="0.038" classname="org.molgenis.apps.model.AppRepositoryDecoratorTest"/>
  <testcase name="testDeleteStream" time="0.006" classname="org.molgenis.apps.model.AppRepositoryDecoratorTest"/>
  <testcase name="testDeleteInactive" time="0.003" classname="org.molgenis.apps.model.AppRepositoryDecoratorTest"/>
  <testcase name="testAddStream" time="0.021" classname="org.molgenis.apps.model.AppRepositoryDecoratorTest"/>
  <testcase name="testAddInactiveValidResourceZip" time="0.008" classname="org.molgenis.apps.model.AppRepositoryDecoratorTest"/>
  <testcase name="testAppRepositoryDecorator" time="0.001" classname="org.molgenis.apps.model.AppRepositoryDecoratorTest"/>
  <testcase name="testUpdateStream" time="0.008" classname="org.molgenis.apps.model.AppRepositoryDecoratorTest"/>
  <testcase name="testDeleteById" time="0.002" classname="org.molgenis.apps.model.AppRepositoryDecoratorTest"/>
  <testcase name="testUpdateActivatedResourceToActivatedValidResource" time="0.006" classname="org.molgenis.apps.model.AppRepositoryDecoratorTest"/>
</testsuite> <!-- org.molgenis.apps.model.AppRepositoryDecoratorTest -->
