<?xml version="1.0" encoding="UTF-8"?>
<!-- Generated by org.testng.reporters.JUnitReportReporter -->
<testsuite hostname="cyclone1" name="org.molgenis.apps.AppsControllerTest" tests="13" failures="0" timestamp="30 May 2018 12:54:21 GMT" time="5.048" errors="0">
  <testcase name="testViewAppDeactivatedApp" time="0.075" classname="org.molgenis.apps.AppsControllerTest"/>
  <testcase name="testViewAppWithFreeMarkerTemplate" time="0.276" classname="org.molgenis.apps.AppsControllerTest"/>
  <testcase name="testDeactivateApp" time="0.051" classname="org.molgenis.apps.AppsControllerTest"/>
  <testcase name="AppsController" time="0.060" classname="org.molgenis.apps.AppsControllerTest"/>
  <testcase name="testViewAppWithIndexInAppResultsInRedirect" time="0.053" classname="org.molgenis.apps.AppsControllerTest"/>
  <testcase name="testDeactivateAppUnknownApp" time="0.057" classname="org.molgenis.apps.AppsControllerTest"/>
  <testcase name="testActivateApp" time="0.481" classname="org.molgenis.apps.AppsControllerTest"/>
  <testcase name="testDeActivateAppAlreadyDeactivated" time="1.986" classname="org.molgenis.apps.AppsControllerTest"/>
  <testcase name="testActivateAppAlreadyActivated" time="0.126" classname="org.molgenis.apps.AppsControllerTest"/>
  <testcase name="testViewAppUnknownApp" time="0.057" classname="org.molgenis.apps.AppsControllerTest"/>
  <testcase name="testActivateAppUnknownApp" time="0.039" classname="org.molgenis.apps.AppsControllerTest"/>
  <testcase name="testInit" time="1.728" classname="org.molgenis.apps.AppsControllerTest"/>
  <testcase name="testInit" time="0.059" classname="org.molgenis.apps.AppsControllerTest"/>
</testsuite> <!-- org.molgenis.apps.AppsControllerTest -->
