<?xml version="1.0" encoding="UTF-8"?>
<!-- Generated by org.testng.reporters.JUnitReportReporter -->
<testsuite hostname="cyclone1" name="org.molgenis.amazon.bucket.AmazonBucketIngesterTest" tests="1" failures="0" timestamp="30 May 2018 12:52:46 GMT" time="1.567" errors="0">
  <testcase name="ingest" time="1.567" classname="org.molgenis.amazon.bucket.AmazonBucketIngesterTest"/>
</testsuite> <!-- org.molgenis.amazon.bucket.AmazonBucketIngesterTest -->
