<?xml version="1.0" encoding="UTF-8"?>
<!-- Generated by org.testng.reporters.JUnitReportReporter -->
<testsuite hostname="cyclone1" name="org.molgenis.amazon.bucket.AmazonBucketIngesterTest" tests="1" failures="0" timestamp="6 Jun 2018 08:46:58 GMT" time="1.521" errors="0">
  <testcase name="ingest" time="1.521" classname="org.molgenis.amazon.bucket.AmazonBucketIngesterTest"/>
</testsuite> <!-- org.molgenis.amazon.bucket.AmazonBucketIngesterTest -->
