<?xml version="1.0" encoding="UTF-8"?>
<!-- Generated by org.testng.reporters.JUnitReportReporter -->
<testsuite hostname="cyclone1" name="org.molgenis.amazon.bucket.util.AmazonBucketClientImplTest" tests="2" failures="0" timestamp="6 Jun 2018 14:19:47 GMT" time="0.215" errors="0">
  <testcase name="downloadFileExpression" time="0.123" classname="org.molgenis.amazon.bucket.util.AmazonBucketClientImplTest"/>
  <testcase name="downloadFileExactTest" time="0.092" classname="org.molgenis.amazon.bucket.util.AmazonBucketClientImplTest"/>
</testsuite> <!-- org.molgenis.amazon.bucket.util.AmazonBucketClientImplTest -->
