<?xml version="1.0" encoding="UTF-8"?>
<!-- Generated by org.testng.reporters.JUnitReportReporter -->
<testsuite hostname="cyclone1" name="org.molgenis.amazon.bucket.util.AmazonBucketClientImplTest" tests="2" failures="0" timestamp="4 Jun 2018 11:15:03 GMT" time="0.107" errors="0">
  <testcase name="downloadFileExactTest" time="0.010" classname="org.molgenis.amazon.bucket.util.AmazonBucketClientImplTest"/>
  <testcase name="downloadFileExpression" time="0.097" classname="org.molgenis.amazon.bucket.util.AmazonBucketClientImplTest"/>
</testsuite> <!-- org.molgenis.amazon.bucket.util.AmazonBucketClientImplTest -->
