<?xml version="1.0" encoding="UTF-8"?>
<!-- Generated by org.testng.reporters.JUnitReportReporter -->
<testsuite hostname="cyclone1" name="org.molgenis.amazon.bucket.util.AmazonBucketClientImplTest" tests="2" failures="0" timestamp="1 Jun 2018 11:36:03 GMT" time="0.114" errors="0">
  <testcase name="downloadFileExactTest" time="0.011" classname="org.molgenis.amazon.bucket.util.AmazonBucketClientImplTest"/>
  <testcase name="downloadFileExpression" time="0.103" classname="org.molgenis.amazon.bucket.util.AmazonBucketClientImplTest"/>
</testsuite> <!-- org.molgenis.amazon.bucket.util.AmazonBucketClientImplTest -->
