<?xml version="1.0" encoding="UTF-8"?>
<!-- Generated by org.testng.reporters.JUnitReportReporter -->
<testsuite hostname="cyclone1" name="org.molgenis.data.file.FileStoreTest" tests="4" failures="0" timestamp="4 Jun 2018 11:13:12 GMT" time="0.036" errors="0">
  <testcase name="store" time="0.021" classname="org.molgenis.data.file.FileStoreTest"/>
  <testcase name="FileStore" time="0.000" classname="org.molgenis.data.file.FileStoreTest"/>
  <testcase name="createDirectory" time="0.000" classname="org.molgenis.data.file.FileStoreTest"/>
  <testcase name="getFile" time="0.015" classname="org.molgenis.data.file.FileStoreTest"/>
</testsuite> <!-- org.molgenis.data.file.FileStoreTest -->
