<?xml version="1.0" encoding="UTF-8"?>
<!-- Generated by org.testng.reporters.JUnitReportReporter -->
<testsuite hostname="cyclone1" name="org.molgenis.data.file.UnzipExceptionTest" tests="1" failures="0" timestamp="6 Jun 2018 21:42:34 GMT" time="0.200" errors="0">
  <testcase name="testGetLocalizedMessage" time="0.200" classname="org.molgenis.data.file.UnzipExceptionTest"/>
</testsuite> <!-- org.molgenis.data.file.UnzipExceptionTest -->
