<?xml version="1.0" encoding="UTF-8"?>
<!-- Generated by org.testng.reporters.JUnitReportReporter -->
<testsuite hostname="cyclone1" name="org.molgenis.data.file.processor.MissingValueProcessorTest" tests="7" failures="0" timestamp="6 Jun 2018 21:42:34 GMT" time="0.022" errors="0">
  <testcase name="equals" time="0.021" classname="org.molgenis.data.file.processor.MissingValueProcessorTest"/>
  <testcase name="processEmpty_processEmpty" time="0.000" classname="org.molgenis.data.file.processor.MissingValueProcessorTest"/>
  <testcase name="processEmpty" time="0.000" classname="org.molgenis.data.file.processor.MissingValueProcessorTest"/>
  <testcase name="process_processEmpty" time="0.000" classname="org.molgenis.data.file.processor.MissingValueProcessorTest"/>
  <testcase name="processNull_processEmpty" time="0.001" classname="org.molgenis.data.file.processor.MissingValueProcessorTest"/>
  <testcase name="process" time="0.000" classname="org.molgenis.data.file.processor.MissingValueProcessorTest"/>
  <testcase name="processNull" time="0.000" classname="org.molgenis.data.file.processor.MissingValueProcessorTest"/>
</testsuite> <!-- org.molgenis.data.file.processor.MissingValueProcessorTest -->
