<?xml version="1.0" encoding="UTF-8"?>
<!-- Generated by org.testng.reporters.JUnitReportReporter -->
<testsuite hostname="cyclone1" name="org.molgenis.data.file.FileMetaRepositoryDecoratorTest" tests="7" failures="0" timestamp="6 Jun 2018 08:45:13 GMT" time="1.743" errors="0">
  <testcase name="testDelete" time="0.617" classname="org.molgenis.data.file.FileMetaRepositoryDecoratorTest"/>
  <testcase name="testDeleteAllStream" time="0.013" classname="org.molgenis.data.file.FileMetaRepositoryDecoratorTest"/>
  <testcase name="testDeleteByIdUnknownId" time="0.844" classname="org.molgenis.data.file.FileMetaRepositoryDecoratorTest"/>
  <testcase name="testAppRepositoryDecorator" time="0.000" classname="org.molgenis.data.file.FileMetaRepositoryDecoratorTest"/>
  <testcase name="testDeleteStream" time="0.005" classname="org.molgenis.data.file.FileMetaRepositoryDecoratorTest"/>
  <testcase name="testDeleteAll" time="0.261" classname="org.molgenis.data.file.FileMetaRepositoryDecoratorTest"/>
  <testcase name="testDeleteById" time="0.003" classname="org.molgenis.data.file.FileMetaRepositoryDecoratorTest"/>
</testsuite> <!-- org.molgenis.data.file.FileMetaRepositoryDecoratorTest -->
