<?xml version="1.0" encoding="UTF-8"?>
<!-- Generated by org.testng.reporters.JUnitReportReporter -->
<testsuite hostname="cyclone1" name="org.molgenis.data.file.processor.TrimProcessorTest" tests="2" failures="0" timestamp="6 Jun 2018 14:17:46 GMT" time="0.024" errors="0">
  <testcase name="process" time="0.024" classname="org.molgenis.data.file.processor.TrimProcessorTest"/>
  <testcase name="processNull" time="0.000" classname="org.molgenis.data.file.processor.TrimProcessorTest"/>
</testsuite> <!-- org.molgenis.data.file.processor.TrimProcessorTest -->
