<?xml version="1.0" encoding="UTF-8"?>
<!-- Generated by org.testng.reporters.JUnitReportReporter -->
<testsuite hostname="cyclone1" name="org.molgenis.data.file.processor.TrimProcessorTest" tests="2" failures="0" timestamp="30 May 2018 15:22:22 GMT" time="0.002" errors="0">
  <testcase name="processNull" time="0.000" classname="org.molgenis.data.file.processor.TrimProcessorTest"/>
  <testcase name="process" time="0.002" classname="org.molgenis.data.file.processor.TrimProcessorTest"/>
</testsuite> <!-- org.molgenis.data.file.processor.TrimProcessorTest -->
