<?xml version="1.0" encoding="UTF-8"?>
<!-- Generated by org.testng.reporters.JUnitReportReporter -->
<testsuite hostname="cyclone1" name="org.molgenis.data.file.processor.LowerCaseProcessorTest" tests="2" failures="0" timestamp="30 May 2018 12:50:31 GMT" time="0.002" errors="0">
  <testcase name="processNull" time="0.001" classname="org.molgenis.data.file.processor.LowerCaseProcessorTest"/>
  <testcase name="process" time="0.001" classname="org.molgenis.data.file.processor.LowerCaseProcessorTest"/>
</testsuite> <!-- org.molgenis.data.file.processor.LowerCaseProcessorTest -->
