<?xml version="1.0" encoding="UTF-8"?>
<!-- Generated by org.testng.reporters.JUnitReportReporter -->
<testsuite hostname="cyclone1" name="org.molgenis.data.file.FileStoreTest" tests="4" failures="0" timestamp="29 May 2018 11:49:28 GMT" time="0.132" errors="0">
  <testcase name="store" time="0.105" classname="org.molgenis.data.file.FileStoreTest"/>
  <testcase name="getFile" time="0.019" classname="org.molgenis.data.file.FileStoreTest"/>
  <testcase name="createDirectory" time="0.006" classname="org.molgenis.data.file.FileStoreTest"/>
  <testcase name="FileStore" time="0.002" classname="org.molgenis.data.file.FileStoreTest"/>
</testsuite> <!-- org.molgenis.data.file.FileStoreTest -->
