<?xml version="1.0" encoding="UTF-8"?>
<!-- Generated by org.testng.reporters.JUnitReportReporter -->
<testsuite hostname="cyclone1" name="org.molgenis.data.file.FileMetaRepositoryDecoratorTest" tests="7" failures="0" timestamp="30 May 2018 15:22:22 GMT" time="1.742" errors="0">
  <testcase name="testDeleteStream" time="0.016" classname="org.molgenis.data.file.FileMetaRepositoryDecoratorTest"/>
  <testcase name="testDeleteAll" time="0.033" classname="org.molgenis.data.file.FileMetaRepositoryDecoratorTest"/>
  <testcase name="testDeleteByIdUnknownId" time="0.878" classname="org.molgenis.data.file.FileMetaRepositoryDecoratorTest"/>
  <testcase name="testAppRepositoryDecorator" time="0.003" classname="org.molgenis.data.file.FileMetaRepositoryDecoratorTest"/>
  <testcase name="testDelete" time="0.305" classname="org.molgenis.data.file.FileMetaRepositoryDecoratorTest"/>
  <testcase name="testDeleteAllStream" time="0.038" classname="org.molgenis.data.file.FileMetaRepositoryDecoratorTest"/>
  <testcase name="testDeleteById" time="0.469" classname="org.molgenis.data.file.FileMetaRepositoryDecoratorTest"/>
</testsuite> <!-- org.molgenis.data.file.FileMetaRepositoryDecoratorTest -->
