<?xml version="1.0" encoding="UTF-8"?>
<!-- Generated by org.testng.reporters.JUnitReportReporter -->
<testsuite hostname="cyclone1" name="org.molgenis.data.file.FileStoreTest" tests="4" failures="0" timestamp="30 May 2018 12:50:31 GMT" time="0.028" errors="0">
  <testcase name="FileStore" time="0.001" classname="org.molgenis.data.file.FileStoreTest"/>
  <testcase name="createDirectory" time="0.000" classname="org.molgenis.data.file.FileStoreTest"/>
  <testcase name="getFile" time="0.011" classname="org.molgenis.data.file.FileStoreTest"/>
  <testcase name="store" time="0.016" classname="org.molgenis.data.file.FileStoreTest"/>
</testsuite> <!-- org.molgenis.data.file.FileStoreTest -->
