<?xml version="1.0" encoding="UTF-8"?>
<!-- Generated by org.testng.reporters.JUnitReportReporter -->
<testsuite hostname="cyclone1" name="org.molgenis.data.file.FileStoreTest" tests="14" failures="0" timestamp="6 Jun 2018 21:42:34 GMT" time="0.471" errors="0">
  <testcase name="testMoveSubLevelDir" time="0.001" classname="org.molgenis.data.file.FileStoreTest"/>
  <testcase name="testMoveTopLevelDir" time="0.002" classname="org.molgenis.data.file.FileStoreTest"/>
  <testcase name="testStore" time="0.001" classname="org.molgenis.data.file.FileStoreTest"/>
  <testcase name="testDeleteDirectoryPath" time="0.045" classname="org.molgenis.data.file.FileStoreTest"/>
  <testcase name="testResolveOutside" time="0.000" classname="org.molgenis.data.file.FileStoreTest"/>
  <testcase name="testStreamFileContent" time="0.015" classname="org.molgenis.data.file.FileStoreTest"/>
  <testcase name="testGetFile" time="0.000" classname="org.molgenis.data.file.FileStoreTest"/>
  <testcase name="testUnpack" time="0.340" classname="org.molgenis.data.file.FileStoreTest"/>
  <testcase name="testUnpackInvalidZip" time="0.004" classname="org.molgenis.data.file.FileStoreTest"/>
  <testcase name="testMove" time="0.043" classname="org.molgenis.data.file.FileStoreTest"/>
  <testcase name="testResolveAbsolute" time="0.002" classname="org.molgenis.data.file.FileStoreTest"/>
  <testcase name="testCreateDirectory" time="0.002" classname="org.molgenis.data.file.FileStoreTest"/>
  <testcase name="testConstructor" time="0.002" classname="org.molgenis.data.file.FileStoreTest"/>
  <testcase name="testDeletePath" time="0.014" classname="org.molgenis.data.file.FileStoreTest"/>
</testsuite> <!-- org.molgenis.data.file.FileStoreTest -->
