<?xml version="1.0" encoding="UTF-8"?>
<!-- Generated by org.testng.reporters.JUnitReportReporter -->
<testsuite hostname="cyclone1" name="org.molgenis.data.file.FileStoreTest" tests="4" failures="0" timestamp="1 Jun 2018 11:33:36 GMT" time="0.033" errors="0">
  <testcase name="store" time="0.015" classname="org.molgenis.data.file.FileStoreTest"/>
  <testcase name="getFile" time="0.012" classname="org.molgenis.data.file.FileStoreTest"/>
  <testcase name="FileStore" time="0.001" classname="org.molgenis.data.file.FileStoreTest"/>
  <testcase name="createDirectory" time="0.005" classname="org.molgenis.data.file.FileStoreTest"/>
</testsuite> <!-- org.molgenis.data.file.FileStoreTest -->
