<?xml version="1.0" encoding="UTF-8"?>
<!-- Generated by org.testng.reporters.JUnitReportReporter -->
<testsuite hostname="cyclone1" name="org.molgenis.data.file.processor.AbstractCellProcessorTest" tests="3" failures="0" timestamp="29 May 2018 11:49:28 GMT" time="2.277" errors="0">
  <testcase name="processCell_header" time="0.003" classname="org.molgenis.data.file.processor.AbstractCellProcessorTest"/>
  <testcase name="processCell_null" time="2.217" classname="org.molgenis.data.file.processor.AbstractCellProcessorTest"/>
  <testcase name="processCell_data" time="0.057" classname="org.molgenis.data.file.processor.AbstractCellProcessorTest"/>
</testsuite> <!-- org.molgenis.data.file.processor.AbstractCellProcessorTest -->
