<?xml version="1.0" encoding="UTF-8"?>
<!-- Generated by org.testng.reporters.JUnitReportReporter -->
<testsuite hostname="cyclone1" name="org.molgenis.data.file.FileMetaRepositoryDecoratorTest" tests="7" failures="0" timestamp="7 Jun 2018 14:46:41 GMT" time="1.642" errors="0">
  <testcase name="testDeleteAllStream" time="0.023" classname="org.molgenis.data.file.FileMetaRepositoryDecoratorTest"/>
  <testcase name="testAppRepositoryDecorator" time="0.295" classname="org.molgenis.data.file.FileMetaRepositoryDecoratorTest"/>
  <testcase name="testDelete" time="0.245" classname="org.molgenis.data.file.FileMetaRepositoryDecoratorTest"/>
  <testcase name="testDeleteStream" time="0.005" classname="org.molgenis.data.file.FileMetaRepositoryDecoratorTest"/>
  <testcase name="testDeleteById" time="0.004" classname="org.molgenis.data.file.FileMetaRepositoryDecoratorTest"/>
  <testcase name="testDeleteAll" time="0.013" classname="org.molgenis.data.file.FileMetaRepositoryDecoratorTest"/>
  <testcase name="testDeleteByIdUnknownId" time="1.057" classname="org.molgenis.data.file.FileMetaRepositoryDecoratorTest"/>
</testsuite> <!-- org.molgenis.data.file.FileMetaRepositoryDecoratorTest -->
