<?xml version="1.0" encoding="UTF-8"?>
<!-- Generated by org.testng.reporters.JUnitReportReporter -->
<testsuite hostname="cyclone1" name="org.molgenis.data.file.FileStoreTest" tests="6" failures="0" timestamp="6 Jun 2018 08:45:13 GMT" time="0.052" errors="0">
  <testcase name="testCreateDirectory" time="0.019" classname="org.molgenis.data.file.FileStoreTest"/>
  <testcase name="testStore" time="0.000" classname="org.molgenis.data.file.FileStoreTest"/>
  <testcase name="testMoveSubLevelDir" time="0.020" classname="org.molgenis.data.file.FileStoreTest"/>
  <testcase name="testMoveTopLevelDir" time="0.001" classname="org.molgenis.data.file.FileStoreTest"/>
  <testcase name="testConstructor" time="0.001" classname="org.molgenis.data.file.FileStoreTest"/>
  <testcase name="testGetFile" time="0.011" classname="org.molgenis.data.file.FileStoreTest"/>
</testsuite> <!-- org.molgenis.data.file.FileStoreTest -->
