<?xml version="1.0" encoding="UTF-8"?>
<!-- Generated by org.testng.reporters.JUnitReportReporter -->
<testsuite hostname="cyclone1" name="org.molgenis.data.file.processor.AbstractCellProcessorTest" tests="3" failures="0" timestamp="4 Jun 2018 11:13:12 GMT" time="1.010" errors="0">
  <testcase name="processCell_data" time="0.026" classname="org.molgenis.data.file.processor.AbstractCellProcessorTest"/>
  <testcase name="processCell_null" time="0.982" classname="org.molgenis.data.file.processor.AbstractCellProcessorTest"/>
  <testcase name="processCell_header" time="0.002" classname="org.molgenis.data.file.processor.AbstractCellProcessorTest"/>
</testsuite> <!-- org.molgenis.data.file.processor.AbstractCellProcessorTest -->
